<?xml version="1.0" encoding="UTF-8"?>
<testsuite xmlns:xsi="http://www.w3.org/2001/XMLSchema-instance" xsi:noNamespaceSchemaLocation="https://maven.apache.org/surefire/maven-surefire-plugin/xsd/surefire-test-report.xsd" version="3.0.2" name="org.apache.hadoop.ozone.client.rpc.TestContainerStateMachineFailures" time="119.822" tests="6" errors="0" skipped="0" failures="1">
  <properties>
    <property name="java.specification.version" value="21"/>
    <property name="sun.jnu.encoding" value="UTF-8"/>
    <property name="java.class.path" value="/home/runner/work/ozone/ozone/hadoop-ozone/integration-test/target/test-classes:/home/runner/work/ozone/ozone/hadoop-ozone/integration-test/target/classes:/home/runner/.m2/repository/ch/qos/reload4j/reload4j/1.2.26/reload4j-1.2.26.jar:/home/runner/.m2/repository/com/fasterxml/jackson/core/jackson-core/2.16.2/jackson-core-2.16.2.jar:/home/runner/.m2/repository/com/fasterxml/jackson/core/jackson-databind/2.16.2/jackson-databind-2.16.2.jar:/home/runner/.m2/repository/com/fasterxml/jackson/core/jackson-annotations/2.16.2/jackson-annotations-2.16.2.jar:/home/runner/.m2/repository/com/github/stephenc/jcip/jcip-annotations/1.0-1/jcip-annotations-1.0-1.jar:/home/runner/.m2/repository/com/google/guava/guava/32.1.3-jre/guava-32.1.3-jre.jar:/home/runner/.m2/repository/com/google/guava/failureaccess/1.0.1/failureaccess-1.0.1.jar:/home/runner/.m2/repository/com/google/guava/listenablefuture/9999.0-empty-to-avoid-conflict-with-guava/listenablefuture-9999.0-empty-to-avoid-conflict-with-guava.jar:/home/runner/.m2/repository/org/checkerframework/checker-qual/3.37.0/checker-qual-3.37.0.jar:/home/runner/.m2/repository/com/google/errorprone/error_prone_annotations/2.29.2/error_prone_annotations-2.29.2.jar:/home/runner/.m2/repository/com/google/j2objc/j2objc-annotations/2.8/j2objc-annotations-2.8.jar:/home/runner/.m2/repository/com/google/protobuf/protobuf-java/2.5.0/protobuf-java-2.5.0.jar:/home/runner/.m2/repository/com/squareup/okhttp3/okhttp/4.12.0/okhttp-4.12.0.jar:/home/runner/.m2/repository/com/squareup/okio/okio/3.6.0/okio-3.6.0.jar:/home/runner/.m2/repository/com/squareup/okio/okio-jvm/3.6.0/okio-jvm-3.6.0.jar:/home/runner/.m2/repository/org/jetbrains/kotlin/kotlin-stdlib-common/1.9.25/kotlin-stdlib-common-1.9.25.jar:/home/runner/.m2/repository/org/jetbrains/kotlin/kotlin-stdlib-jdk8/1.9.25/kotlin-stdlib-jdk8-1.9.25.jar:/home/runner/.m2/repository/org/jetbrains/kotlin/kotlin-stdlib/1.9.25/kotlin-stdlib-1.9.25.jar:/home/runner/.m2/repository/org/jetbrains/annotations/13.0/annotations-13.0.jar:/home/runner/.m2/repository/org/jetbrains/kotlin/kotlin-stdlib-jdk7/1.9.25/kotlin-stdlib-jdk7-1.9.25.jar:/home/runner/.m2/repository/commons-codec/commons-codec/1.18.0/commons-codec-1.18.0.jar:/home/runner/.m2/repository/commons-io/commons-io/2.18.0/commons-io-2.18.0.jar:/home/runner/.m2/repository/commons-validator/commons-validator/1.6/commons-validator-1.6.jar:/home/runner/.m2/repository/commons-beanutils/commons-beanutils/1.11.0/commons-beanutils-1.11.0.jar:/home/runner/.m2/repository/commons-digester/commons-digester/1.8.1/commons-digester-1.8.1.jar:/home/runner/.m2/repository/commons-collections/commons-collections/3.2.2/commons-collections-3.2.2.jar:/home/runner/.m2/repository/info/picocli/picocli/4.7.7/picocli-4.7.7.jar:/home/runner/.m2/repository/jakarta/annotation/jakarta.annotation-api/2.1.1/jakarta.annotation-api-2.1.1.jar:/home/runner/.m2/repository/jakarta/xml/bind/jakarta.xml.bind-api/2.3.3/jakarta.xml.bind-api-2.3.3.jar:/home/runner/.m2/repository/jakarta/activation/jakarta.activation-api/1.2.2/jakarta.activation-api-1.2.2.jar:/home/runner/.m2/repository/javax/servlet/javax.servlet-api/3.1.0/javax.servlet-api-3.1.0.jar:/home/runner/.m2/repository/javax/ws/rs/jsr311-api/1.1.1/jsr311-api-1.1.1.jar:/home/runner/.m2/repository/org/apache/commons/commons-compress/1.27.1/commons-compress-1.27.1.jar:/home/runner/.m2/repository/org/apache/commons/commons-lang3/3.17.0/commons-lang3-3.17.0.jar:/home/runner/.m2/repository/org/apache/commons/commons-text/1.13.1/commons-text-1.13.1.jar:/home/runner/.m2/repository/org/apache/hadoop/hadoop-auth/3.4.1/hadoop-auth-3.4.1.jar:/home/runner/.m2/repository/com/nimbusds/nimbus-jose-jwt/9.40/nimbus-jose-jwt-9.40.jar:/home/runner/.m2/repository/io/dropwizard/metrics/metrics-core/3.2.6/metrics-core-3.2.6.jar:/home/runner/.m2/repository/org/apache/kerby/kerb-core/1.0.1/kerb-core-1.0.1.jar:/home/runner/.m2/repository/org/apache/kerby/kerby-pkix/1.0.1/kerby-pkix-1.0.1.jar:/home/runner/.m2/repository/org/apache/kerby/kerby-asn1/1.0.1/kerby-asn1-1.0.1.jar:/home/runner/.m2/repository/org/apache/kerby/kerb-util/1.0.1/kerb-util-1.0.1.jar:/home/runner/.m2/repository/org/apache/kerby/kerby-config/1.0.1/kerby-config-1.0.1.jar:/home/runner/.m2/repository/org/apache/kerby/kerb-crypto/1.0.1/kerb-crypto-1.0.1.jar:/home/runner/.m2/repository/org/apache/hadoop/thirdparty/hadoop-shaded-guava/1.3.0/hadoop-shaded-guava-1.3.0.jar:/home/runner/.m2/repository/org/apache/hadoop/hadoop-common/3.4.1/hadoop-common-3.4.1.jar:/home/runner/.m2/repository/org/apache/hadoop/thirdparty/hadoop-shaded-protobuf_3_25/1.4.0/hadoop-shaded-protobuf_3_25-1.4.0.jar:/home/runner/.m2/repository/org/apache/hadoop/hadoop-annotations/3.4.1/hadoop-annotations-3.4.1.jar:/home/runner/.m2/repository/commons-cli/commons-cli/1.8.0/commons-cli-1.8.0.jar:/home/runner/.m2/repository/commons-net/commons-net/3.11.1/commons-net-3.11.1.jar:/home/runner/.m2/repository/org/eclipse/jetty/jetty-server/9.4.57.v20241219/jetty-server-9.4.57.v20241219.jar:/home/runner/.m2/repository/org/eclipse/jetty/jetty-io/9.4.57.v20241219/jetty-io-9.4.57.v20241219.jar:/home/runner/.m2/repository/org/eclipse/jetty/jetty-util/9.4.57.v20241219/jetty-util-9.4.57.v20241219.jar:/home/runner/.m2/repository/org/eclipse/jetty/jetty-servlet/9.4.57.v20241219/jetty-servlet-9.4.57.v20241219.jar:/home/runner/.m2/repository/org/eclipse/jetty/jetty-security/9.4.57.v20241219/jetty-security-9.4.57.v20241219.jar:/home/runner/.m2/repository/org/eclipse/jetty/jetty-webapp/9.4.57.v20241219/jetty-webapp-9.4.57.v20241219.jar:/home/runner/.m2/repository/org/eclipse/jetty/jetty-xml/9.4.57.v20241219/jetty-xml-9.4.57.v20241219.jar:/home/runner/.m2/repository/javax/servlet/jsp/jsp-api/2.1/jsp-api-2.1.jar:/home/runner/.m2/repository/org/codehaus/jettison/jettison/1.5.4/jettison-1.5.4.jar:/home/runner/.m2/repository/org/apache/commons/commons-configuration2/2.12.0/commons-configuration2-2.12.0.jar:/home/runner/.m2/repository/com/google/re2j/re2j/1.7/re2j-1.7.jar:/home/runner/.m2/repository/com/google/code/gson/gson/2.10.1/gson-2.10.1.jar:/home/runner/.m2/repository/com/jcraft/jsch/0.1.55/jsch-0.1.55.jar:/home/runner/.m2/repository/io/netty/netty-handler/4.1.119.Final/netty-handler-4.1.119.Final.jar:/home/runner/.m2/repository/io/netty/netty-resolver/4.1.119.Final/netty-resolver-4.1.119.Final.jar:/home/runner/.m2/repository/io/netty/netty-transport-native-epoll/4.1.119.Final/netty-transport-native-epoll-4.1.119.Final.jar:/home/runner/.m2/repository/org/bouncycastle/bcprov-jdk18on/1.81/bcprov-jdk18on-1.81.jar:/home/runner/.m2/repository/org/codehaus/woodstox/stax2-api/4.2.1/stax2-api-4.2.1.jar:/home/runner/.m2/repository/com/fasterxml/woodstox/woodstox-core/5.4.0/woodstox-core-5.4.0.jar:/home/runner/.m2/repository/dnsjava/dnsjava/3.6.1/dnsjava-3.6.1.jar:/home/runner/.m2/repository/org/apache/hadoop/hadoop-common/3.4.1/hadoop-common-3.4.1-tests.jar:/home/runner/.m2/repository/org/apache/commons/commons-math3/3.6.1/commons-math3-3.6.1.jar:/home/runner/.m2/repository/com/sun/jersey/jersey-core/1.19.4/jersey-core-1.19.4.jar:/home/runner/.m2/repository/com/sun/jersey/jersey-servlet/1.19.4/jersey-servlet-1.19.4.jar:/home/runner/.m2/repository/com/github/pjfanning/jersey-json/1.22.0/jersey-json-1.22.0.jar:/home/runner/.m2/repository/com/sun/xml/bind/jaxb-impl/2.2.3-1/jaxb-impl-2.2.3-1.jar:/home/runner/.m2/repository/com/sun/jersey/jersey-server/1.19.4/jersey-server-1.19.4.jar:/home/runner/.m2/repository/org/slf4j/slf4j-reload4j/2.0.17/slf4j-reload4j-2.0.17.jar:/home/runner/.m2/repository/org/apache/avro/avro/1.9.2/avro-1.9.2.jar:/home/runner/.m2/repository/org/apache/curator/curator-client/4.2.0/curator-client-4.2.0.jar:/home/runner/.m2/repository/org/apache/curator/curator-recipes/5.2.0/curator-recipes-5.2.0.jar:/home/runner/.m2/repository/org/apache/curator/curator-framework/4.2.0/curator-framework-4.2.0.jar:/home/runner/.m2/repository/com/google/code/findbugs/jsr305/3.0.2/jsr305-3.0.2.jar:/home/runner/.m2/repository/org/apache/zookeeper/zookeeper/3.8.4/zookeeper-3.8.4.jar:/home/runner/.m2/repository/org/apache/zookeeper/zookeeper-jute/3.8.4/zookeeper-jute-3.8.4.jar:/home/runner/.m2/repository/org/apache/yetus/audience-annotations/0.12.0/audience-annotations-0.12.0.jar:/home/runner/.m2/repository/org/xerial/snappy/snappy-java/1.1.10.7/snappy-java-1.1.10.7.jar:/home/runner/.m2/repository/org/apache/hadoop/hadoop-distcp/3.4.1/hadoop-distcp-3.4.1.jar:/home/runner/.m2/repository/org/apache/hadoop/hadoop-distcp/3.4.1/hadoop-distcp-3.4.1-tests.jar:/home/runner/.m2/repository/org/apache/hadoop/hadoop-hdfs/3.4.1/hadoop-hdfs-3.4.1.jar:/home/runner/.m2/repository/org/eclipse/jetty/jetty-util-ajax/9.4.57.v20241219/jetty-util-ajax-9.4.57.v20241219.jar:/home/runner/.m2/repository/commons-daemon/commons-daemon/1.4.0/commons-daemon-1.4.0.jar:/home/runner/.m2/repository/org/apache/hadoop/hadoop-hdfs/3.4.1/hadoop-hdfs-3.4.1-tests.jar:/home/runner/.m2/repository/io/netty/netty-all/4.1.119.Final/netty-all-4.1.119.Final.jar:/home/runner/.m2/repository/io/netty/netty-codec-dns/4.1.119.Final/netty-codec-dns-4.1.119.Final.jar:/home/runner/.m2/repository/io/netty/netty-codec-haproxy/4.1.119.Final/netty-codec-haproxy-4.1.119.Final.jar:/home/runner/.m2/repository/io/netty/netty-codec-http/4.1.119.Final/netty-codec-http-4.1.119.Final.jar:/home/runner/.m2/repository/io/netty/netty-codec-memcache/4.1.119.Final/netty-codec-memcache-4.1.119.Final.jar:/home/runner/.m2/repository/io/netty/netty-codec-mqtt/4.1.119.Final/netty-codec-mqtt-4.1.119.Final.jar:/home/runner/.m2/repository/io/netty/netty-codec-redis/4.1.119.Final/netty-codec-redis-4.1.119.Final.jar:/home/runner/.m2/repository/io/netty/netty-codec-smtp/4.1.119.Final/netty-codec-smtp-4.1.119.Final.jar:/home/runner/.m2/repository/io/netty/netty-codec-socks/4.1.119.Final/netty-codec-socks-4.1.119.Final.jar:/home/runner/.m2/repository/io/netty/netty-codec-stomp/4.1.119.Final/netty-codec-stomp-4.1.119.Final.jar:/home/runner/.m2/repository/io/netty/netty-codec-xml/4.1.119.Final/netty-codec-xml-4.1.119.Final.jar:/home/runner/.m2/repository/io/netty/netty-handler-ssl-ocsp/4.1.119.Final/netty-handler-ssl-ocsp-4.1.119.Final.jar:/home/runner/.m2/repository/io/netty/netty-resolver-dns/4.1.119.Final/netty-resolver-dns-4.1.119.Final.jar:/home/runner/.m2/repository/io/netty/netty-transport-rxtx/4.1.119.Final/netty-transport-rxtx-4.1.119.Final.jar:/home/runner/.m2/repository/io/netty/netty-transport-sctp/4.1.119.Final/netty-transport-sctp-4.1.119.Final.jar:/home/runner/.m2/repository/io/netty/netty-transport-udt/4.1.119.Final/netty-transport-udt-4.1.119.Final.jar:/home/runner/.m2/repository/io/netty/netty-transport-classes-kqueue/4.1.119.Final/netty-transport-classes-kqueue-4.1.119.Final.jar:/home/runner/.m2/repository/io/netty/netty-resolver-dns-classes-macos/4.1.119.Final/netty-resolver-dns-classes-macos-4.1.119.Final.jar:/home/runner/.m2/repository/io/netty/netty-transport-native-epoll/4.1.119.Final/netty-transport-native-epoll-4.1.119.Final-linux-aarch_64.jar:/home/runner/.m2/repository/io/netty/netty-transport-native-epoll/4.1.119.Final/netty-transport-native-epoll-4.1.119.Final-linux-riscv64.jar:/home/runner/.m2/repository/io/netty/netty-transport-native-kqueue/4.1.119.Final/netty-transport-native-kqueue-4.1.119.Final-osx-x86_64.jar:/home/runner/.m2/repository/io/netty/netty-transport-native-kqueue/4.1.119.Final/netty-transport-native-kqueue-4.1.119.Final-osx-aarch_64.jar:/home/runner/.m2/repository/io/netty/netty-resolver-dns-native-macos/4.1.119.Final/netty-resolver-dns-native-macos-4.1.119.Final-osx-x86_64.jar:/home/runner/.m2/repository/io/netty/netty-resolver-dns-native-macos/4.1.119.Final/netty-resolver-dns-native-macos-4.1.119.Final-osx-aarch_64.jar:/home/runner/.m2/repository/org/fusesource/leveldbjni/leveldbjni-all/1.8/leveldbjni-all-1.8.jar:/home/runner/.m2/repository/org/apache/hadoop/hadoop-hdfs-client/3.4.1/hadoop-hdfs-client-3.4.1.jar:/home/runner/.m2/repository/org/apache/hadoop/hadoop-kms/3.4.1/hadoop-kms-3.4.1.jar:/home/runner/.m2/repository/org/apache/hadoop/hadoop-kms/3.4.1/hadoop-kms-3.4.1-tests.jar:/home/runner/.m2/repository/org/apache/hadoop/hadoop-mapreduce-client-core/3.4.1/hadoop-mapreduce-client-core-3.4.1.jar:/home/runner/.m2/repository/org/apache/hadoop/hadoop-yarn-client/3.4.1/hadoop-yarn-client-3.4.1.jar:/home/runner/.m2/repository/org/eclipse/jetty/websocket/websocket-client/9.4.53.v20231009/websocket-client-9.4.53.v20231009.jar:/home/runner/.m2/repository/org/eclipse/jetty/jetty-client/9.4.57.v20241219/jetty-client-9.4.57.v20241219.jar:/home/runner/.m2/repository/org/eclipse/jetty/websocket/websocket-common/9.4.53.v20231009/websocket-common-9.4.53.v20231009.jar:/home/runner/.m2/repository/org/eclipse/jetty/websocket/websocket-api/9.4.53.v20231009/websocket-api-9.4.53.v20231009.jar:/home/runner/.m2/repository/org/apache/hadoop/hadoop-yarn-api/3.4.1/hadoop-yarn-api-3.4.1.jar:/home/runner/.m2/repository/org/apache/hadoop/hadoop-yarn-common/3.4.1/hadoop-yarn-common-3.4.1.jar:/home/runner/.m2/repository/javax/xml/bind/jaxb-api/2.2.11/jaxb-api-2.2.11.jar:/home/runner/.m2/repository/com/sun/jersey/contribs/jersey-guice/1.19.4/jersey-guice-1.19.4.jar:/home/runner/.m2/repository/com/fasterxml/jackson/module/jackson-module-jaxb-annotations/2.16.2/jackson-module-jaxb-annotations-2.16.2.jar:/home/runner/.m2/repository/com/fasterxml/jackson/jaxrs/jackson-jaxrs-json-provider/2.16.2/jackson-jaxrs-json-provider-2.16.2.jar:/home/runner/.m2/repository/com/google/inject/extensions/guice-servlet/6.0.0/guice-servlet-6.0.0.jar:/home/runner/.m2/repository/org/apache/hadoop/hadoop-mapreduce-client-jobclient/3.4.1/hadoop-mapreduce-client-jobclient-3.4.1.jar:/home/runner/.m2/repository/org/apache/hadoop/hadoop-mapreduce-client-common/3.4.1/hadoop-mapreduce-client-common-3.4.1.jar:/home/runner/.m2/repository/org/apache/hadoop/hadoop-minikdc/3.4.1/hadoop-minikdc-3.4.1.jar:/home/runner/.m2/repository/org/apache/kerby/kerb-simplekdc/2.0.3/kerb-simplekdc-2.0.3.jar:/home/runner/.m2/repository/org/apache/kerby/kerb-client/2.0.3/kerb-client-2.0.3.jar:/home/runner/.m2/repository/org/apache/kerby/kerb-common/2.0.3/kerb-common-2.0.3.jar:/home/runner/.m2/repository/org/apache/kerby/token-provider/2.0.3/token-provider-2.0.3.jar:/home/runner/.m2/repository/org/apache/kerby/kerb-admin/2.0.3/kerb-admin-2.0.3.jar:/home/runner/.m2/repository/org/apache/kerby/kerb-server/2.0.3/kerb-server-2.0.3.jar:/home/runner/.m2/repository/org/apache/kerby/kerb-identity/2.0.3/kerb-identity-2.0.3.jar:/home/runner/.m2/repository/org/apache/kerby/kerby-xdr/2.0.3/kerby-xdr-2.0.3.jar:/home/runner/.m2/repository/junit/junit/4.13.2/junit-4.13.2.jar:/home/runner/.m2/repository/org/hamcrest/hamcrest-core/1.3/hamcrest-core-1.3.jar:/home/runner/.m2/repository/org/apache/httpcomponents/httpclient/4.5.14/httpclient-4.5.14.jar:/home/runner/.m2/repository/org/apache/httpcomponents/httpcore/4.4.16/httpcore-4.4.16.jar:/home/runner/.m2/repository/org/apache/kerby/kerby-util/1.0.1/kerby-util-1.0.1.jar:/home/runner/work/ozone/ozone/hadoop-hdds/client/target/hdds-client-2.1.0-SNAPSHOT.jar:/home/runner/.m2/repository/io/opentracing/opentracing-api/0.33.0/opentracing-api-0.33.0.jar:/home/runner/.m2/repository/io/opentracing/opentracing-util/0.33.0/opentracing-util-0.33.0.jar:/home/runner/.m2/repository/io/opentracing/opentracing-noop/0.33.0/opentracing-noop-0.33.0.jar:/home/runner/work/ozone/ozone/hadoop-hdds/erasurecode/target/hdds-erasurecode-2.1.0-SNAPSHOT.jar:/home/runner/work/ozone/ozone/hadoop-hdds/common/target/hdds-common-2.1.0-SNAPSHOT.jar:/home/runner/.m2/repository/com/fasterxml/jackson/datatype/jackson-datatype-jsr310/2.16.2/jackson-datatype-jsr310-2.16.2.jar:/home/runner/.m2/repository/io/jaegertracing/jaeger-core/1.8.1/jaeger-core-1.8.1.jar:/home/runner/.m2/repository/org/apache/ratis/ratis-netty/3.2.0/ratis-netty-3.2.0.jar:/home/runner/.m2/repository/org/yaml/snakeyaml/2.0/snakeyaml-2.0.jar:/home/runner/.m2/repository/io/jaegertracing/jaeger-client/1.8.1/jaeger-client-1.8.1.jar:/home/runner/.m2/repository/io/jaegertracing/jaeger-thrift/1.8.1/jaeger-thrift-1.8.1.jar:/home/runner/.m2/repository/org/apache/thrift/libthrift/0.15.0/libthrift-0.15.0.jar:/home/runner/.m2/repository/io/jaegertracing/jaeger-tracerresolver/1.8.1/jaeger-tracerresolver-1.8.1.jar:/home/runner/.m2/repository/io/opentracing/contrib/opentracing-tracerresolver/0.1.8/opentracing-tracerresolver-0.1.8.jar:/home/runner/.m2/repository/org/apache/ratis/ratis-metrics-dropwizard3/3.2.0/ratis-metrics-dropwizard3-3.2.0.jar:/home/runner/.m2/repository/org/slf4j/jcl-over-slf4j/2.0.17/jcl-over-slf4j-2.0.17.jar:/home/runner/work/ozone/ozone/hadoop-hdds/common/target/hdds-common-2.1.0-SNAPSHOT-tests.jar:/home/runner/work/ozone/ozone/hadoop-hdds/config/target/hdds-config-2.1.0-SNAPSHOT.jar:/home/runner/work/ozone/ozone/hadoop-hdds/container-service/target/hdds-container-service-2.1.0-SNAPSHOT.jar:/home/runner/.m2/repository/io/netty/netty-buffer/4.1.119.Final/netty-buffer-4.1.119.Final.jar:/home/runner/.m2/repository/io/netty/netty-codec/4.1.119.Final/netty-codec-4.1.119.Final.jar:/home/runner/.m2/repository/io/netty/netty-common/4.1.119.Final/netty-common-4.1.119.Final.jar:/home/runner/.m2/repository/io/netty/netty-transport/4.1.119.Final/netty-transport-4.1.119.Final.jar:/home/runner/.m2/repository/org/apache/logging/log4j/log4j-api/2.25.0/log4j-api-2.25.0.jar:/home/runner/.m2/repository/com/github/luben/zstd-jni/1.5.7-3/zstd-jni-1.5.7-3.jar:/home/runner/.m2/repository/log4j/apache-log4j-extras/1.2.17/apache-log4j-extras-1.2.17.jar:/home/runner/.m2/repository/org/glassfish/jaxb/jaxb-runtime/2.3.9/jaxb-runtime-2.3.9.jar:/home/runner/.m2/repository/org/glassfish/jaxb/txw2/2.3.9/txw2-2.3.9.jar:/home/runner/.m2/repository/com/sun/istack/istack-commons-runtime/3.0.12/istack-commons-runtime-3.0.12.jar:/home/runner/.m2/repository/com/sun/activation/jakarta.activation/1.2.2/jakarta.activation-1.2.2.jar:/home/runner/work/ozone/ozone/hadoop-hdds/container-service/target/hdds-container-service-2.1.0-SNAPSHOT-tests.jar:/home/runner/work/ozone/ozone/hadoop-hdds/interface-admin/target/hdds-interface-admin-2.1.0-SNAPSHOT.jar:/home/runner/work/ozone/ozone/hadoop-hdds/interface-client/target/hdds-interface-client-2.1.0-SNAPSHOT.jar:/home/runner/work/ozone/ozone/hadoop-hdds/interface-server/target/hdds-interface-server-2.1.0-SNAPSHOT.jar:/home/runner/work/ozone/ozone/hadoop-hdds/managed-rocksdb/target/hdds-managed-rocksdb-2.1.0-SNAPSHOT.jar:/home/runner/work/ozone/ozone/hadoop-hdds/rocks-native/target/hdds-rocks-native-2.1.0-SNAPSHOT.jar:/home/runner/work/ozone/ozone/hadoop-hdds/framework/target/hdds-server-framework-2.1.0-SNAPSHOT.jar:/home/runner/.m2/repository/com/github/jnr/jnr-constants/0.10.4/jnr-constants-0.10.4.jar:/home/runner/.m2/repository/com/github/jnr/jnr-posix/3.1.20/jnr-posix-3.1.20.jar:/home/runner/.m2/repository/com/github/jnr/jnr-ffi/2.2.17/jnr-ffi-2.2.17.jar:/home/runner/.m2/repository/com/github/jnr/jffi/1.3.13/jffi-1.3.13.jar:/home/runner/.m2/repository/com/github/jnr/jffi/1.3.13/jffi-1.3.13-native.jar:/home/runner/.m2/repository/org/ow2/asm/asm/9.7.1/asm-9.7.1.jar:/home/runner/.m2/repository/org/ow2/asm/asm-commons/9.7.1/asm-commons-9.7.1.jar:/home/runner/.m2/repository/org/ow2/asm/asm-analysis/9.7.1/asm-analysis-9.7.1.jar:/home/runner/.m2/repository/org/ow2/asm/asm-tree/9.7.1/asm-tree-9.7.1.jar:/home/runner/.m2/repository/org/ow2/asm/asm-util/9.7.1/asm-util-9.7.1.jar:/home/runner/.m2/repository/com/github/jnr/jnr-a64asm/1.0.0/jnr-a64asm-1.0.0.jar:/home/runner/.m2/repository/com/github/jnr/jnr-x86asm/1.0.2/jnr-x86asm-1.0.2.jar:/home/runner/.m2/repository/commons-fileupload/commons-fileupload/1.5/commons-fileupload-1.5.jar:/home/runner/.m2/repository/io/grpc/grpc-api/1.71.0/grpc-api-1.71.0.jar:/home/runner/.m2/repository/io/prometheus/simpleclient/0.16.0/simpleclient-0.16.0.jar:/home/runner/.m2/repository/io/prometheus/simpleclient_common/0.16.0/simpleclient_common-0.16.0.jar:/home/runner/.m2/repository/io/prometheus/simpleclient_dropwizard/0.16.0/simpleclient_dropwizard-0.16.0.jar:/home/runner/.m2/repository/jakarta/ws/rs/jakarta.ws.rs-api/2.1.6/jakarta.ws.rs-api-2.1.6.jar:/home/runner/.m2/repository/org/eclipse/jetty/jetty-http/9.4.57.v20241219/jetty-http-9.4.57.v20241219.jar:/home/runner/.m2/repository/org/glassfish/jersey/containers/jersey-container-servlet-core/2.47/jersey-container-servlet-core-2.47.jar:/home/runner/.m2/repository/org/glassfish/jersey/core/jersey-server/2.47/jersey-server-2.47.jar:/home/runner/.m2/repository/org/glassfish/jersey/core/jersey-client/2.47/jersey-client-2.47.jar:/home/runner/.m2/repository/com/lmax/disruptor/3.4.4/disruptor-3.4.4.jar:/home/runner/.m2/repository/org/apache/logging/log4j/log4j-core/2.25.0/log4j-core-2.25.0.jar:/home/runner/work/ozone/ozone/hadoop-hdds/framework/target/hdds-server-framework-2.1.0-SNAPSHOT-tests.jar:/home/runner/work/ozone/ozone/hadoop-hdds/server-scm/target/hdds-server-scm-2.1.0-SNAPSHOT.jar:/home/runner/work/ozone/ozone/hadoop-hdds/server-scm/target/hdds-server-scm-2.1.0-SNAPSHOT-tests.jar:/home/runner/work/ozone/ozone/hadoop-hdds/test-utils/target/hdds-test-utils-2.1.0-SNAPSHOT-tests.jar:/home/runner/work/ozone/ozone/hadoop-ozone/cli-admin/target/ozone-cli-admin-2.1.0-SNAPSHOT.jar:/home/runner/work/ozone/ozone/hadoop-ozone/cli-shell/target/ozone-cli-shell-2.1.0-SNAPSHOT.jar:/home/runner/.m2/repository/info/picocli/picocli-shell-jline3/4.7.7/picocli-shell-jline3-4.7.7.jar:/home/runner/.m2/repository/org/jline/jline/3.30.4/jline-3.30.4.jar:/home/runner/work/ozone/ozone/hadoop-ozone/client/target/ozone-client-2.1.0-SNAPSHOT.jar:/home/runner/work/ozone/ozone/hadoop-ozone/common/target/ozone-common-2.1.0-SNAPSHOT.jar:/home/runner/.m2/repository/io/grpc/grpc-netty/1.71.0/grpc-netty-1.71.0.jar:/home/runner/.m2/repository/org/codehaus/mojo/animal-sniffer-annotations/1.24/animal-sniffer-annotations-1.24.jar:/home/runner/.m2/repository/io/grpc/grpc-core/1.71.0/grpc-core-1.71.0.jar:/home/runner/.m2/repository/com/google/android/annotations/4.1.1.4/annotations-4.1.1.4.jar:/home/runner/.m2/repository/io/grpc/grpc-context/1.71.0/grpc-context-1.71.0.jar:/home/runner/.m2/repository/io/perfmark/perfmark-api/0.27.0/perfmark-api-0.27.0.jar:/home/runner/.m2/repository/io/grpc/grpc-util/1.71.0/grpc-util-1.71.0.jar:/home/runner/.m2/repository/io/netty/netty-codec-http2/4.1.119.Final/netty-codec-http2-4.1.119.Final.jar:/home/runner/.m2/repository/io/netty/netty-handler-proxy/4.1.119.Final/netty-handler-proxy-4.1.119.Final.jar:/home/runner/.m2/repository/io/netty/netty-tcnative-boringssl-static/2.0.70.Final/netty-tcnative-boringssl-static-2.0.70.Final.jar:/home/runner/.m2/repository/io/netty/netty-tcnative-classes/2.0.70.Final/netty-tcnative-classes-2.0.70.Final.jar:/home/runner/.m2/repository/io/netty/netty-tcnative-boringssl-static/2.0.70.Final/netty-tcnative-boringssl-static-2.0.70.Final-linux-x86_64.jar:/home/runner/.m2/repository/io/netty/netty-tcnative-boringssl-static/2.0.70.Final/netty-tcnative-boringssl-static-2.0.70.Final-linux-aarch_64.jar:/home/runner/.m2/repository/io/netty/netty-tcnative-boringssl-static/2.0.70.Final/netty-tcnative-boringssl-static-2.0.70.Final-osx-x86_64.jar:/home/runner/.m2/repository/io/netty/netty-tcnative-boringssl-static/2.0.70.Final/netty-tcnative-boringssl-static-2.0.70.Final-osx-aarch_64.jar:/home/runner/.m2/repository/io/netty/netty-tcnative-boringssl-static/2.0.70.Final/netty-tcnative-boringssl-static-2.0.70.Final-windows-x86_64.jar:/home/runner/work/ozone/ozone/hadoop-ozone/csi/target/ozone-csi-2.1.0-SNAPSHOT.jar:/home/runner/.m2/repository/io/grpc/grpc-protobuf/1.71.0/grpc-protobuf-1.71.0.jar:/home/runner/.m2/repository/com/google/api/grpc/proto-google-common-protos/2.51.0/proto-google-common-protos-2.51.0.jar:/home/runner/.m2/repository/io/grpc/grpc-protobuf-lite/1.71.0/grpc-protobuf-lite-1.71.0.jar:/home/runner/.m2/repository/io/grpc/grpc-stub/1.71.0/grpc-stub-1.71.0.jar:/home/runner/.m2/repository/io/netty/netty-transport-classes-epoll/4.1.119.Final/netty-transport-classes-epoll-4.1.119.Final.jar:/home/runner/.m2/repository/io/netty/netty-transport-native-unix-common/4.1.119.Final/netty-transport-native-unix-common-4.1.119.Final.jar:/home/runner/.m2/repository/io/netty/netty-transport-native-epoll/4.1.119.Final/netty-transport-native-epoll-4.1.119.Final-linux-x86_64.jar:/home/runner/work/ozone/ozone/hadoop-ozone/ozonefs/target/ozone-filesystem-2.1.0-SNAPSHOT.jar:/home/runner/work/ozone/ozone/hadoop-ozone/ozonefs-common/target/ozone-filesystem-common-2.1.0-SNAPSHOT.jar:/home/runner/work/ozone/ozone/hadoop-ozone/freon/target/ozone-freon-2.1.0-SNAPSHOT.jar:/home/runner/.m2/repository/com/amazonaws/aws-java-sdk-core/1.12.661/aws-java-sdk-core-1.12.661.jar:/home/runner/.m2/repository/com/fasterxml/jackson/dataformat/jackson-dataformat-cbor/2.16.2/jackson-dataformat-cbor-2.16.2.jar:/home/runner/.m2/repository/joda-time/joda-time/2.12.7/joda-time-2.12.7.jar:/home/runner/.m2/repository/com/amazonaws/aws-java-sdk-s3/1.12.661/aws-java-sdk-s3-1.12.661.jar:/home/runner/.m2/repository/com/amazonaws/aws-java-sdk-kms/1.12.661/aws-java-sdk-kms-1.12.661.jar:/home/runner/.m2/repository/com/amazonaws/jmespath-java/1.12.661/jmespath-java-1.12.661.jar:/home/runner/work/ozone/ozone/hadoop-ozone/interface-client/target/ozone-interface-client-2.1.0-SNAPSHOT.jar:/home/runner/work/ozone/ozone/hadoop-ozone/interface-storage/target/ozone-interface-storage-2.1.0-SNAPSHOT.jar:/home/runner/work/ozone/ozone/hadoop-ozone/ozone-manager/target/ozone-manager-2.1.0-SNAPSHOT.jar:/home/runner/.m2/repository/com/sun/jersey/jersey-client/1.19.4/jersey-client-1.19.4.jar:/home/runner/.m2/repository/org/apache/ranger/ranger-plugins-common/2.6.0/ranger-plugins-common-2.6.0.jar:/home/runner/.m2/repository/com/fasterxml/jackson/jaxrs/jackson-jaxrs-base/2.16.2/jackson-jaxrs-base-2.16.2.jar:/home/runner/.m2/repository/com/kstruct/gethostname4j/1.0.0/gethostname4j-1.0.0.jar:/home/runner/.m2/repository/commons-lang/commons-lang/2.6/commons-lang-2.6.jar:/home/runner/.m2/repository/net/java/dev/jna/jna/5.2.0/jna-5.2.0.jar:/home/runner/.m2/repository/net/java/dev/jna/jna-platform/5.2.0/jna-platform-5.2.0.jar:/home/runner/.m2/repository/org/apache/ranger/ranger-plugin-classloader/2.6.0/ranger-plugin-classloader-2.6.0.jar:/home/runner/.m2/repository/org/apache/ranger/ranger-plugins-audit/2.6.0/ranger-plugins-audit-2.6.0.jar:/home/runner/.m2/repository/com/amazonaws/aws-java-sdk-logs/1.12.765/aws-java-sdk-logs-1.12.765.jar:/home/runner/.m2/repository/com/carrotsearch/hppc/0.8.0/hppc-0.8.0.jar:/home/runner/.m2/repository/io/airlift/aircompressor/0.27/aircompressor-0.27.jar:/home/runner/.m2/repository/org/apache/httpcomponents/httpasyncclient/4.1.4/httpasyncclient-4.1.4.jar:/home/runner/.m2/repository/org/apache/httpcomponents/httpcore-nio/4.4.16/httpcore-nio-4.4.16.jar:/home/runner/.m2/repository/org/apache/httpcomponents/httpmime/4.5.13/httpmime-4.5.13.jar:/home/runner/.m2/repository/org/apache/orc/orc-core/1.5.8/orc-core-1.5.8.jar:/home/runner/.m2/repository/org/apache/orc/orc-shims/1.5.8/orc-shims-1.5.8.jar:/home/runner/.m2/repository/org/apache/ranger/ranger-plugins-cred/2.6.0/ranger-plugins-cred-2.6.0.jar:/home/runner/.m2/repository/org/aspectj/aspectjrt/1.9.7/aspectjrt-1.9.7.jar:/home/runner/work/ozone/ozone/hadoop-ozone/ozone-manager/target/ozone-manager-2.1.0-SNAPSHOT-tests.jar:/home/runner/work/ozone/ozone/hadoop-ozone/mini-cluster/target/ozone-mini-cluster-2.1.0-SNAPSHOT.jar:/home/runner/work/ozone/ozone/hadoop-ozone/recon/target/ozone-recon-2.1.0-SNAPSHOT.jar:/home/runner/.m2/repository/aopalliance/aopalliance/1.0/aopalliance-1.0.jar:/home/runner/.m2/repository/com/google/inject/guice/6.0.0/guice-6.0.0.jar:/home/runner/.m2/repository/jakarta/inject/jakarta.inject-api/2.0.1/jakarta.inject-api-2.0.1.jar:/home/runner/.m2/repository/com/jolbox/bonecp/0.8.0.RELEASE/bonecp-0.8.0.RELEASE.jar:/home/runner/.m2/repository/jakarta/validation/jakarta.validation-api/2.0.2/jakarta.validation-api-2.0.2.jar:/home/runner/.m2/repository/javax/annotation/javax.annotation-api/1.3.2/javax.annotation-api-1.3.2.jar:/home/runner/.m2/repository/javax/inject/javax.inject/1/javax.inject-1.jar:/home/runner/.m2/repository/org/apache/derby/derby/10.14.2.0/derby-10.14.2.0.jar:/home/runner/.m2/repository/org/glassfish/hk2/guice-bridge/2.6.1/guice-bridge-2.6.1.jar:/home/runner/.m2/repository/org/glassfish/hk2/hk2-api/2.6.1/hk2-api-2.6.1.jar:/home/runner/.m2/repository/org/glassfish/hk2/hk2-utils/2.6.1/hk2-utils-2.6.1.jar:/home/runner/.m2/repository/org/glassfish/hk2/external/aopalliance-repackaged/2.6.1/aopalliance-repackaged-2.6.1.jar:/home/runner/.m2/repository/org/glassfish/jersey/core/jersey-common/2.47/jersey-common-2.47.jar:/home/runner/.m2/repository/org/glassfish/hk2/osgi-resource-locator/1.0.3/osgi-resource-locator-1.0.3.jar:/home/runner/.m2/repository/org/jooq/jooq/3.11.10/jooq-3.11.10.jar:/home/runner/.m2/repository/org/springframework/spring-core/5.3.39/spring-core-5.3.39.jar:/home/runner/.m2/repository/org/springframework/spring-jdbc/5.3.39/spring-jdbc-5.3.39.jar:/home/runner/.m2/repository/org/springframework/spring-beans/5.3.39/spring-beans-5.3.39.jar:/home/runner/.m2/repository/org/springframework/spring-tx/5.3.39/spring-tx-5.3.39.jar:/home/runner/.m2/repository/org/xerial/sqlite-jdbc/3.50.1.0/sqlite-jdbc-3.50.1.0.jar:/home/runner/.m2/repository/com/google/inject/extensions/guice-assistedinject/6.0.0/guice-assistedinject-6.0.0.jar:/home/runner/.m2/repository/org/glassfish/hk2/external/jakarta.inject/2.6.1/jakarta.inject-2.6.1.jar:/home/runner/.m2/repository/org/glassfish/jersey/inject/jersey-hk2/2.47/jersey-hk2-2.47.jar:/home/runner/.m2/repository/org/glassfish/hk2/hk2-locator/2.6.1/hk2-locator-2.6.1.jar:/home/runner/.m2/repository/org/glassfish/jersey/media/jersey-media-jaxb/2.47/jersey-media-jaxb-2.47.jar:/home/runner/.m2/repository/org/glassfish/jersey/media/jersey-media-json-jackson/2.47/jersey-media-json-jackson-2.47.jar:/home/runner/.m2/repository/org/glassfish/jersey/ext/jersey-entity-filtering/2.47/jersey-entity-filtering-2.47.jar:/home/runner/work/ozone/ozone/hadoop-ozone/recon-codegen/target/ozone-reconcodegen-2.1.0-SNAPSHOT.jar:/home/runner/.m2/repository/org/jooq/jooq-codegen/3.11.10/jooq-codegen-3.11.10.jar:/home/runner/.m2/repository/org/jooq/jooq-meta/3.11.10/jooq-meta-3.11.10.jar:/home/runner/work/ozone/ozone/hadoop-ozone/s3gateway/target/ozone-s3gateway-2.1.0-SNAPSHOT.jar:/home/runner/work/ozone/ozone/hadoop-ozone/tools/target/ozone-tools-2.1.0-SNAPSHOT.jar:/home/runner/.m2/repository/com/github/vlsi/mxgraph/jgraphx/3.9.12/jgraphx-3.9.12.jar:/home/runner/.m2/repository/org/apache/ratis/ratis-shell/3.2.0/ratis-shell-3.2.0.jar:/home/runner/.m2/repository/org/apache/ratis/ratis-tools/3.2.0/ratis-tools-3.2.0.jar:/home/runner/.m2/repository/org/jgrapht/jgrapht-core/1.4.0/jgrapht-core-1.4.0.jar:/home/runner/.m2/repository/org/jheaps/jheaps/0.11/jheaps-0.11.jar:/home/runner/.m2/repository/org/jgrapht/jgrapht-ext/1.4.0/jgrapht-ext-1.4.0.jar:/home/runner/work/ozone/ozone/hadoop-hdds/rocksdb-checkpoint-differ/target/rocksdb-checkpoint-differ-2.1.0-SNAPSHOT.jar:/home/runner/.m2/repository/org/apache/ranger/ranger-intg/2.6.0/ranger-intg-2.6.0.jar:/home/runner/.m2/repository/org/apache/ratis/ratis-client/3.2.0/ratis-client-3.2.0.jar:/home/runner/.m2/repository/org/apache/ratis/ratis-common/3.2.0/ratis-common-3.2.0.jar:/home/runner/.m2/repository/org/apache/ratis/ratis-grpc/3.2.0/ratis-grpc-3.2.0.jar:/home/runner/.m2/repository/org/apache/ratis/ratis-metrics-api/3.2.0/ratis-metrics-api-3.2.0.jar:/home/runner/.m2/repository/org/apache/ratis/ratis-proto/3.2.0/ratis-proto-3.2.0.jar:/home/runner/.m2/repository/org/apache/ratis/ratis-server/3.2.0/ratis-server-3.2.0.jar:/home/runner/.m2/repository/org/apache/ratis/ratis-server-api/3.2.0/ratis-server-api-3.2.0.jar:/home/runner/.m2/repository/org/apache/ratis/ratis-thirdparty-misc/1.0.9/ratis-thirdparty-misc-1.0.9.jar:/home/runner/.m2/repository/org/bouncycastle/bcpkix-jdk18on/1.81/bcpkix-jdk18on-1.81.jar:/home/runner/.m2/repository/org/bouncycastle/bcutil-jdk18on/1.81/bcutil-jdk18on-1.81.jar:/home/runner/.m2/repository/org/hamcrest/hamcrest/2.2/hamcrest-2.2.jar:/home/runner/.m2/repository/org/reflections/reflections/0.10.2/reflections-0.10.2.jar:/home/runner/.m2/repository/org/javassist/javassist/3.30.2-GA/javassist-3.30.2-GA.jar:/home/runner/.m2/repository/org/rocksdb/rocksdbjni/7.7.3/rocksdbjni-7.7.3.jar:/home/runner/.m2/repository/org/slf4j/jul-to-slf4j/2.0.17/jul-to-slf4j-2.0.17.jar:/home/runner/.m2/repository/org/slf4j/slf4j-api/2.0.17/slf4j-api-2.0.17.jar:/home/runner/.m2/repository/org/assertj/assertj-core/3.27.3/assertj-core-3.27.3.jar:/home/runner/.m2/repository/net/bytebuddy/byte-buddy/1.15.11/byte-buddy-1.15.11.jar:/home/runner/.m2/repository/org/junit/jupiter/junit-jupiter-api/5.13.2/junit-jupiter-api-5.13.2.jar:/home/runner/.m2/repository/org/opentest4j/opentest4j/1.3.0/opentest4j-1.3.0.jar:/home/runner/.m2/repository/org/junit/platform/junit-platform-commons/1.13.2/junit-platform-commons-1.13.2.jar:/home/runner/.m2/repository/org/apiguardian/apiguardian-api/1.1.2/apiguardian-api-1.1.2.jar:/home/runner/.m2/repository/org/junit/jupiter/junit-jupiter-params/5.13.2/junit-jupiter-params-5.13.2.jar:/home/runner/.m2/repository/org/mockito/mockito-core/4.11.0/mockito-core-4.11.0.jar:/home/runner/.m2/repository/net/bytebuddy/byte-buddy-agent/1.12.19/byte-buddy-agent-1.12.19.jar:/home/runner/.m2/repository/org/objenesis/objenesis/3.3/objenesis-3.3.jar:/home/runner/.m2/repository/org/mockito/mockito-inline/4.11.0/mockito-inline-4.11.0.jar:/home/runner/.m2/repository/org/mockito/mockito-junit-jupiter/4.11.0/mockito-junit-jupiter-4.11.0.jar:/home/runner/work/ozone/ozone/hadoop-ozone/integration-test/target/gradle-enterprise/test-listeners.jar:"/>
    <property name="java.vm.vendor" value="Eclipse Adoptium"/>
    <property name="sun.arch.data.model" value="64"/>
    <property name="test.build.dir" value="/home/runner/work/ozone/ozone/hadoop-ozone/integration-test/target/test-dir"/>
    <property name="test.cache.data" value=""/>
    <property name="java.vendor.url" value="https://adoptium.net/"/>
    <property name="user.timezone" value="Etc/UTC"/>
    <property name="maven-surefire-plugin.argLineAccessArgs" value=" --add-opens java.management/com.sun.jmx.mbeanserver=ALL-UNNAMED --add-exports java.management/com.sun.jmx.mbeanserver=ALL-UNNAMED --add-opens java.base/java.nio=ALL-UNNAMED --add-opens java.base/java.lang=ALL-UNNAMED --add-opens java.base/java.lang.reflect=ALL-UNNAMED"/>
    <property name="os.name" value="Linux"/>
    <property name="java.vm.specification.version" value="21"/>
    <property name="test.build.data" value="/home/runner/work/ozone/ozone/hadoop-ozone/integration-test/target/test-dir"/>
    <property name="sun.java.launcher" value="SUN_STANDARD"/>
    <property name="sun.boot.library.path" value="/usr/lib/jvm/temurin-21-jdk-amd64/lib"/>
    <property name="sun.java.command" value="/home/runner/work/ozone/ozone/hadoop-ozone/integration-test/target/surefire/surefirebooter-20250702183313531_541.jar /home/runner/work/ozone/ozone/hadoop-ozone/integration-test/target/surefire 2025-07-02T18-29-12_522-jvmRun1 surefire-20250702183313531_539tmp surefire_27-20250702183313531_540tmp"/>
    <property name="jdk.debug" value="release"/>
    <property name="native.lib.tmp.dir" value="/tmp"/>
    <property name="surefire.test.class.path" value="/home/runner/work/ozone/ozone/hadoop-ozone/integration-test/target/test-classes:/home/runner/work/ozone/ozone/hadoop-ozone/integration-test/target/classes:/home/runner/.m2/repository/ch/qos/reload4j/reload4j/1.2.26/reload4j-1.2.26.jar:/home/runner/.m2/repository/com/fasterxml/jackson/core/jackson-core/2.16.2/jackson-core-2.16.2.jar:/home/runner/.m2/repository/com/fasterxml/jackson/core/jackson-databind/2.16.2/jackson-databind-2.16.2.jar:/home/runner/.m2/repository/com/fasterxml/jackson/core/jackson-annotations/2.16.2/jackson-annotations-2.16.2.jar:/home/runner/.m2/repository/com/github/stephenc/jcip/jcip-annotations/1.0-1/jcip-annotations-1.0-1.jar:/home/runner/.m2/repository/com/google/guava/guava/32.1.3-jre/guava-32.1.3-jre.jar:/home/runner/.m2/repository/com/google/guava/failureaccess/1.0.1/failureaccess-1.0.1.jar:/home/runner/.m2/repository/com/google/guava/listenablefuture/9999.0-empty-to-avoid-conflict-with-guava/listenablefuture-9999.0-empty-to-avoid-conflict-with-guava.jar:/home/runner/.m2/repository/org/checkerframework/checker-qual/3.37.0/checker-qual-3.37.0.jar:/home/runner/.m2/repository/com/google/errorprone/error_prone_annotations/2.29.2/error_prone_annotations-2.29.2.jar:/home/runner/.m2/repository/com/google/j2objc/j2objc-annotations/2.8/j2objc-annotations-2.8.jar:/home/runner/.m2/repository/com/google/protobuf/protobuf-java/2.5.0/protobuf-java-2.5.0.jar:/home/runner/.m2/repository/com/squareup/okhttp3/okhttp/4.12.0/okhttp-4.12.0.jar:/home/runner/.m2/repository/com/squareup/okio/okio/3.6.0/okio-3.6.0.jar:/home/runner/.m2/repository/com/squareup/okio/okio-jvm/3.6.0/okio-jvm-3.6.0.jar:/home/runner/.m2/repository/org/jetbrains/kotlin/kotlin-stdlib-common/1.9.25/kotlin-stdlib-common-1.9.25.jar:/home/runner/.m2/repository/org/jetbrains/kotlin/kotlin-stdlib-jdk8/1.9.25/kotlin-stdlib-jdk8-1.9.25.jar:/home/runner/.m2/repository/org/jetbrains/kotlin/kotlin-stdlib/1.9.25/kotlin-stdlib-1.9.25.jar:/home/runner/.m2/repository/org/jetbrains/annotations/13.0/annotations-13.0.jar:/home/runner/.m2/repository/org/jetbrains/kotlin/kotlin-stdlib-jdk7/1.9.25/kotlin-stdlib-jdk7-1.9.25.jar:/home/runner/.m2/repository/commons-codec/commons-codec/1.18.0/commons-codec-1.18.0.jar:/home/runner/.m2/repository/commons-io/commons-io/2.18.0/commons-io-2.18.0.jar:/home/runner/.m2/repository/commons-validator/commons-validator/1.6/commons-validator-1.6.jar:/home/runner/.m2/repository/commons-beanutils/commons-beanutils/1.11.0/commons-beanutils-1.11.0.jar:/home/runner/.m2/repository/commons-digester/commons-digester/1.8.1/commons-digester-1.8.1.jar:/home/runner/.m2/repository/commons-collections/commons-collections/3.2.2/commons-collections-3.2.2.jar:/home/runner/.m2/repository/info/picocli/picocli/4.7.7/picocli-4.7.7.jar:/home/runner/.m2/repository/jakarta/annotation/jakarta.annotation-api/2.1.1/jakarta.annotation-api-2.1.1.jar:/home/runner/.m2/repository/jakarta/xml/bind/jakarta.xml.bind-api/2.3.3/jakarta.xml.bind-api-2.3.3.jar:/home/runner/.m2/repository/jakarta/activation/jakarta.activation-api/1.2.2/jakarta.activation-api-1.2.2.jar:/home/runner/.m2/repository/javax/servlet/javax.servlet-api/3.1.0/javax.servlet-api-3.1.0.jar:/home/runner/.m2/repository/javax/ws/rs/jsr311-api/1.1.1/jsr311-api-1.1.1.jar:/home/runner/.m2/repository/org/apache/commons/commons-compress/1.27.1/commons-compress-1.27.1.jar:/home/runner/.m2/repository/org/apache/commons/commons-lang3/3.17.0/commons-lang3-3.17.0.jar:/home/runner/.m2/repository/org/apache/commons/commons-text/1.13.1/commons-text-1.13.1.jar:/home/runner/.m2/repository/org/apache/hadoop/hadoop-auth/3.4.1/hadoop-auth-3.4.1.jar:/home/runner/.m2/repository/com/nimbusds/nimbus-jose-jwt/9.40/nimbus-jose-jwt-9.40.jar:/home/runner/.m2/repository/io/dropwizard/metrics/metrics-core/3.2.6/metrics-core-3.2.6.jar:/home/runner/.m2/repository/org/apache/kerby/kerb-core/1.0.1/kerb-core-1.0.1.jar:/home/runner/.m2/repository/org/apache/kerby/kerby-pkix/1.0.1/kerby-pkix-1.0.1.jar:/home/runner/.m2/repository/org/apache/kerby/kerby-asn1/1.0.1/kerby-asn1-1.0.1.jar:/home/runner/.m2/repository/org/apache/kerby/kerb-util/1.0.1/kerb-util-1.0.1.jar:/home/runner/.m2/repository/org/apache/kerby/kerby-config/1.0.1/kerby-config-1.0.1.jar:/home/runner/.m2/repository/org/apache/kerby/kerb-crypto/1.0.1/kerb-crypto-1.0.1.jar:/home/runner/.m2/repository/org/apache/hadoop/thirdparty/hadoop-shaded-guava/1.3.0/hadoop-shaded-guava-1.3.0.jar:/home/runner/.m2/repository/org/apache/hadoop/hadoop-common/3.4.1/hadoop-common-3.4.1.jar:/home/runner/.m2/repository/org/apache/hadoop/thirdparty/hadoop-shaded-protobuf_3_25/1.4.0/hadoop-shaded-protobuf_3_25-1.4.0.jar:/home/runner/.m2/repository/org/apache/hadoop/hadoop-annotations/3.4.1/hadoop-annotations-3.4.1.jar:/home/runner/.m2/repository/commons-cli/commons-cli/1.8.0/commons-cli-1.8.0.jar:/home/runner/.m2/repository/commons-net/commons-net/3.11.1/commons-net-3.11.1.jar:/home/runner/.m2/repository/org/eclipse/jetty/jetty-server/9.4.57.v20241219/jetty-server-9.4.57.v20241219.jar:/home/runner/.m2/repository/org/eclipse/jetty/jetty-io/9.4.57.v20241219/jetty-io-9.4.57.v20241219.jar:/home/runner/.m2/repository/org/eclipse/jetty/jetty-util/9.4.57.v20241219/jetty-util-9.4.57.v20241219.jar:/home/runner/.m2/repository/org/eclipse/jetty/jetty-servlet/9.4.57.v20241219/jetty-servlet-9.4.57.v20241219.jar:/home/runner/.m2/repository/org/eclipse/jetty/jetty-security/9.4.57.v20241219/jetty-security-9.4.57.v20241219.jar:/home/runner/.m2/repository/org/eclipse/jetty/jetty-webapp/9.4.57.v20241219/jetty-webapp-9.4.57.v20241219.jar:/home/runner/.m2/repository/org/eclipse/jetty/jetty-xml/9.4.57.v20241219/jetty-xml-9.4.57.v20241219.jar:/home/runner/.m2/repository/javax/servlet/jsp/jsp-api/2.1/jsp-api-2.1.jar:/home/runner/.m2/repository/org/codehaus/jettison/jettison/1.5.4/jettison-1.5.4.jar:/home/runner/.m2/repository/org/apache/commons/commons-configuration2/2.12.0/commons-configuration2-2.12.0.jar:/home/runner/.m2/repository/com/google/re2j/re2j/1.7/re2j-1.7.jar:/home/runner/.m2/repository/com/google/code/gson/gson/2.10.1/gson-2.10.1.jar:/home/runner/.m2/repository/com/jcraft/jsch/0.1.55/jsch-0.1.55.jar:/home/runner/.m2/repository/io/netty/netty-handler/4.1.119.Final/netty-handler-4.1.119.Final.jar:/home/runner/.m2/repository/io/netty/netty-resolver/4.1.119.Final/netty-resolver-4.1.119.Final.jar:/home/runner/.m2/repository/io/netty/netty-transport-native-epoll/4.1.119.Final/netty-transport-native-epoll-4.1.119.Final.jar:/home/runner/.m2/repository/org/bouncycastle/bcprov-jdk18on/1.81/bcprov-jdk18on-1.81.jar:/home/runner/.m2/repository/org/codehaus/woodstox/stax2-api/4.2.1/stax2-api-4.2.1.jar:/home/runner/.m2/repository/com/fasterxml/woodstox/woodstox-core/5.4.0/woodstox-core-5.4.0.jar:/home/runner/.m2/repository/dnsjava/dnsjava/3.6.1/dnsjava-3.6.1.jar:/home/runner/.m2/repository/org/apache/hadoop/hadoop-common/3.4.1/hadoop-common-3.4.1-tests.jar:/home/runner/.m2/repository/org/apache/commons/commons-math3/3.6.1/commons-math3-3.6.1.jar:/home/runner/.m2/repository/com/sun/jersey/jersey-core/1.19.4/jersey-core-1.19.4.jar:/home/runner/.m2/repository/com/sun/jersey/jersey-servlet/1.19.4/jersey-servlet-1.19.4.jar:/home/runner/.m2/repository/com/github/pjfanning/jersey-json/1.22.0/jersey-json-1.22.0.jar:/home/runner/.m2/repository/com/sun/xml/bind/jaxb-impl/2.2.3-1/jaxb-impl-2.2.3-1.jar:/home/runner/.m2/repository/com/sun/jersey/jersey-server/1.19.4/jersey-server-1.19.4.jar:/home/runner/.m2/repository/org/slf4j/slf4j-reload4j/2.0.17/slf4j-reload4j-2.0.17.jar:/home/runner/.m2/repository/org/apache/avro/avro/1.9.2/avro-1.9.2.jar:/home/runner/.m2/repository/org/apache/curator/curator-client/4.2.0/curator-client-4.2.0.jar:/home/runner/.m2/repository/org/apache/curator/curator-recipes/5.2.0/curator-recipes-5.2.0.jar:/home/runner/.m2/repository/org/apache/curator/curator-framework/4.2.0/curator-framework-4.2.0.jar:/home/runner/.m2/repository/com/google/code/findbugs/jsr305/3.0.2/jsr305-3.0.2.jar:/home/runner/.m2/repository/org/apache/zookeeper/zookeeper/3.8.4/zookeeper-3.8.4.jar:/home/runner/.m2/repository/org/apache/zookeeper/zookeeper-jute/3.8.4/zookeeper-jute-3.8.4.jar:/home/runner/.m2/repository/org/apache/yetus/audience-annotations/0.12.0/audience-annotations-0.12.0.jar:/home/runner/.m2/repository/org/xerial/snappy/snappy-java/1.1.10.7/snappy-java-1.1.10.7.jar:/home/runner/.m2/repository/org/apache/hadoop/hadoop-distcp/3.4.1/hadoop-distcp-3.4.1.jar:/home/runner/.m2/repository/org/apache/hadoop/hadoop-distcp/3.4.1/hadoop-distcp-3.4.1-tests.jar:/home/runner/.m2/repository/org/apache/hadoop/hadoop-hdfs/3.4.1/hadoop-hdfs-3.4.1.jar:/home/runner/.m2/repository/org/eclipse/jetty/jetty-util-ajax/9.4.57.v20241219/jetty-util-ajax-9.4.57.v20241219.jar:/home/runner/.m2/repository/commons-daemon/commons-daemon/1.4.0/commons-daemon-1.4.0.jar:/home/runner/.m2/repository/org/apache/hadoop/hadoop-hdfs/3.4.1/hadoop-hdfs-3.4.1-tests.jar:/home/runner/.m2/repository/io/netty/netty-all/4.1.119.Final/netty-all-4.1.119.Final.jar:/home/runner/.m2/repository/io/netty/netty-codec-dns/4.1.119.Final/netty-codec-dns-4.1.119.Final.jar:/home/runner/.m2/repository/io/netty/netty-codec-haproxy/4.1.119.Final/netty-codec-haproxy-4.1.119.Final.jar:/home/runner/.m2/repository/io/netty/netty-codec-http/4.1.119.Final/netty-codec-http-4.1.119.Final.jar:/home/runner/.m2/repository/io/netty/netty-codec-memcache/4.1.119.Final/netty-codec-memcache-4.1.119.Final.jar:/home/runner/.m2/repository/io/netty/netty-codec-mqtt/4.1.119.Final/netty-codec-mqtt-4.1.119.Final.jar:/home/runner/.m2/repository/io/netty/netty-codec-redis/4.1.119.Final/netty-codec-redis-4.1.119.Final.jar:/home/runner/.m2/repository/io/netty/netty-codec-smtp/4.1.119.Final/netty-codec-smtp-4.1.119.Final.jar:/home/runner/.m2/repository/io/netty/netty-codec-socks/4.1.119.Final/netty-codec-socks-4.1.119.Final.jar:/home/runner/.m2/repository/io/netty/netty-codec-stomp/4.1.119.Final/netty-codec-stomp-4.1.119.Final.jar:/home/runner/.m2/repository/io/netty/netty-codec-xml/4.1.119.Final/netty-codec-xml-4.1.119.Final.jar:/home/runner/.m2/repository/io/netty/netty-handler-ssl-ocsp/4.1.119.Final/netty-handler-ssl-ocsp-4.1.119.Final.jar:/home/runner/.m2/repository/io/netty/netty-resolver-dns/4.1.119.Final/netty-resolver-dns-4.1.119.Final.jar:/home/runner/.m2/repository/io/netty/netty-transport-rxtx/4.1.119.Final/netty-transport-rxtx-4.1.119.Final.jar:/home/runner/.m2/repository/io/netty/netty-transport-sctp/4.1.119.Final/netty-transport-sctp-4.1.119.Final.jar:/home/runner/.m2/repository/io/netty/netty-transport-udt/4.1.119.Final/netty-transport-udt-4.1.119.Final.jar:/home/runner/.m2/repository/io/netty/netty-transport-classes-kqueue/4.1.119.Final/netty-transport-classes-kqueue-4.1.119.Final.jar:/home/runner/.m2/repository/io/netty/netty-resolver-dns-classes-macos/4.1.119.Final/netty-resolver-dns-classes-macos-4.1.119.Final.jar:/home/runner/.m2/repository/io/netty/netty-transport-native-epoll/4.1.119.Final/netty-transport-native-epoll-4.1.119.Final-linux-aarch_64.jar:/home/runner/.m2/repository/io/netty/netty-transport-native-epoll/4.1.119.Final/netty-transport-native-epoll-4.1.119.Final-linux-riscv64.jar:/home/runner/.m2/repository/io/netty/netty-transport-native-kqueue/4.1.119.Final/netty-transport-native-kqueue-4.1.119.Final-osx-x86_64.jar:/home/runner/.m2/repository/io/netty/netty-transport-native-kqueue/4.1.119.Final/netty-transport-native-kqueue-4.1.119.Final-osx-aarch_64.jar:/home/runner/.m2/repository/io/netty/netty-resolver-dns-native-macos/4.1.119.Final/netty-resolver-dns-native-macos-4.1.119.Final-osx-x86_64.jar:/home/runner/.m2/repository/io/netty/netty-resolver-dns-native-macos/4.1.119.Final/netty-resolver-dns-native-macos-4.1.119.Final-osx-aarch_64.jar:/home/runner/.m2/repository/org/fusesource/leveldbjni/leveldbjni-all/1.8/leveldbjni-all-1.8.jar:/home/runner/.m2/repository/org/apache/hadoop/hadoop-hdfs-client/3.4.1/hadoop-hdfs-client-3.4.1.jar:/home/runner/.m2/repository/org/apache/hadoop/hadoop-kms/3.4.1/hadoop-kms-3.4.1.jar:/home/runner/.m2/repository/org/apache/hadoop/hadoop-kms/3.4.1/hadoop-kms-3.4.1-tests.jar:/home/runner/.m2/repository/org/apache/hadoop/hadoop-mapreduce-client-core/3.4.1/hadoop-mapreduce-client-core-3.4.1.jar:/home/runner/.m2/repository/org/apache/hadoop/hadoop-yarn-client/3.4.1/hadoop-yarn-client-3.4.1.jar:/home/runner/.m2/repository/org/eclipse/jetty/websocket/websocket-client/9.4.53.v20231009/websocket-client-9.4.53.v20231009.jar:/home/runner/.m2/repository/org/eclipse/jetty/jetty-client/9.4.57.v20241219/jetty-client-9.4.57.v20241219.jar:/home/runner/.m2/repository/org/eclipse/jetty/websocket/websocket-common/9.4.53.v20231009/websocket-common-9.4.53.v20231009.jar:/home/runner/.m2/repository/org/eclipse/jetty/websocket/websocket-api/9.4.53.v20231009/websocket-api-9.4.53.v20231009.jar:/home/runner/.m2/repository/org/apache/hadoop/hadoop-yarn-api/3.4.1/hadoop-yarn-api-3.4.1.jar:/home/runner/.m2/repository/org/apache/hadoop/hadoop-yarn-common/3.4.1/hadoop-yarn-common-3.4.1.jar:/home/runner/.m2/repository/javax/xml/bind/jaxb-api/2.2.11/jaxb-api-2.2.11.jar:/home/runner/.m2/repository/com/sun/jersey/contribs/jersey-guice/1.19.4/jersey-guice-1.19.4.jar:/home/runner/.m2/repository/com/fasterxml/jackson/module/jackson-module-jaxb-annotations/2.16.2/jackson-module-jaxb-annotations-2.16.2.jar:/home/runner/.m2/repository/com/fasterxml/jackson/jaxrs/jackson-jaxrs-json-provider/2.16.2/jackson-jaxrs-json-provider-2.16.2.jar:/home/runner/.m2/repository/com/google/inject/extensions/guice-servlet/6.0.0/guice-servlet-6.0.0.jar:/home/runner/.m2/repository/org/apache/hadoop/hadoop-mapreduce-client-jobclient/3.4.1/hadoop-mapreduce-client-jobclient-3.4.1.jar:/home/runner/.m2/repository/org/apache/hadoop/hadoop-mapreduce-client-common/3.4.1/hadoop-mapreduce-client-common-3.4.1.jar:/home/runner/.m2/repository/org/apache/hadoop/hadoop-minikdc/3.4.1/hadoop-minikdc-3.4.1.jar:/home/runner/.m2/repository/org/apache/kerby/kerb-simplekdc/2.0.3/kerb-simplekdc-2.0.3.jar:/home/runner/.m2/repository/org/apache/kerby/kerb-client/2.0.3/kerb-client-2.0.3.jar:/home/runner/.m2/repository/org/apache/kerby/kerb-common/2.0.3/kerb-common-2.0.3.jar:/home/runner/.m2/repository/org/apache/kerby/token-provider/2.0.3/token-provider-2.0.3.jar:/home/runner/.m2/repository/org/apache/kerby/kerb-admin/2.0.3/kerb-admin-2.0.3.jar:/home/runner/.m2/repository/org/apache/kerby/kerb-server/2.0.3/kerb-server-2.0.3.jar:/home/runner/.m2/repository/org/apache/kerby/kerb-identity/2.0.3/kerb-identity-2.0.3.jar:/home/runner/.m2/repository/org/apache/kerby/kerby-xdr/2.0.3/kerby-xdr-2.0.3.jar:/home/runner/.m2/repository/junit/junit/4.13.2/junit-4.13.2.jar:/home/runner/.m2/repository/org/hamcrest/hamcrest-core/1.3/hamcrest-core-1.3.jar:/home/runner/.m2/repository/org/apache/httpcomponents/httpclient/4.5.14/httpclient-4.5.14.jar:/home/runner/.m2/repository/org/apache/httpcomponents/httpcore/4.4.16/httpcore-4.4.16.jar:/home/runner/.m2/repository/org/apache/kerby/kerby-util/1.0.1/kerby-util-1.0.1.jar:/home/runner/work/ozone/ozone/hadoop-hdds/client/target/hdds-client-2.1.0-SNAPSHOT.jar:/home/runner/.m2/repository/io/opentracing/opentracing-api/0.33.0/opentracing-api-0.33.0.jar:/home/runner/.m2/repository/io/opentracing/opentracing-util/0.33.0/opentracing-util-0.33.0.jar:/home/runner/.m2/repository/io/opentracing/opentracing-noop/0.33.0/opentracing-noop-0.33.0.jar:/home/runner/work/ozone/ozone/hadoop-hdds/erasurecode/target/hdds-erasurecode-2.1.0-SNAPSHOT.jar:/home/runner/work/ozone/ozone/hadoop-hdds/common/target/hdds-common-2.1.0-SNAPSHOT.jar:/home/runner/.m2/repository/com/fasterxml/jackson/datatype/jackson-datatype-jsr310/2.16.2/jackson-datatype-jsr310-2.16.2.jar:/home/runner/.m2/repository/io/jaegertracing/jaeger-core/1.8.1/jaeger-core-1.8.1.jar:/home/runner/.m2/repository/org/apache/ratis/ratis-netty/3.2.0/ratis-netty-3.2.0.jar:/home/runner/.m2/repository/org/yaml/snakeyaml/2.0/snakeyaml-2.0.jar:/home/runner/.m2/repository/io/jaegertracing/jaeger-client/1.8.1/jaeger-client-1.8.1.jar:/home/runner/.m2/repository/io/jaegertracing/jaeger-thrift/1.8.1/jaeger-thrift-1.8.1.jar:/home/runner/.m2/repository/org/apache/thrift/libthrift/0.15.0/libthrift-0.15.0.jar:/home/runner/.m2/repository/io/jaegertracing/jaeger-tracerresolver/1.8.1/jaeger-tracerresolver-1.8.1.jar:/home/runner/.m2/repository/io/opentracing/contrib/opentracing-tracerresolver/0.1.8/opentracing-tracerresolver-0.1.8.jar:/home/runner/.m2/repository/org/apache/ratis/ratis-metrics-dropwizard3/3.2.0/ratis-metrics-dropwizard3-3.2.0.jar:/home/runner/.m2/repository/org/slf4j/jcl-over-slf4j/2.0.17/jcl-over-slf4j-2.0.17.jar:/home/runner/work/ozone/ozone/hadoop-hdds/common/target/hdds-common-2.1.0-SNAPSHOT-tests.jar:/home/runner/work/ozone/ozone/hadoop-hdds/config/target/hdds-config-2.1.0-SNAPSHOT.jar:/home/runner/work/ozone/ozone/hadoop-hdds/container-service/target/hdds-container-service-2.1.0-SNAPSHOT.jar:/home/runner/.m2/repository/io/netty/netty-buffer/4.1.119.Final/netty-buffer-4.1.119.Final.jar:/home/runner/.m2/repository/io/netty/netty-codec/4.1.119.Final/netty-codec-4.1.119.Final.jar:/home/runner/.m2/repository/io/netty/netty-common/4.1.119.Final/netty-common-4.1.119.Final.jar:/home/runner/.m2/repository/io/netty/netty-transport/4.1.119.Final/netty-transport-4.1.119.Final.jar:/home/runner/.m2/repository/org/apache/logging/log4j/log4j-api/2.25.0/log4j-api-2.25.0.jar:/home/runner/.m2/repository/com/github/luben/zstd-jni/1.5.7-3/zstd-jni-1.5.7-3.jar:/home/runner/.m2/repository/log4j/apache-log4j-extras/1.2.17/apache-log4j-extras-1.2.17.jar:/home/runner/.m2/repository/org/glassfish/jaxb/jaxb-runtime/2.3.9/jaxb-runtime-2.3.9.jar:/home/runner/.m2/repository/org/glassfish/jaxb/txw2/2.3.9/txw2-2.3.9.jar:/home/runner/.m2/repository/com/sun/istack/istack-commons-runtime/3.0.12/istack-commons-runtime-3.0.12.jar:/home/runner/.m2/repository/com/sun/activation/jakarta.activation/1.2.2/jakarta.activation-1.2.2.jar:/home/runner/work/ozone/ozone/hadoop-hdds/container-service/target/hdds-container-service-2.1.0-SNAPSHOT-tests.jar:/home/runner/work/ozone/ozone/hadoop-hdds/interface-admin/target/hdds-interface-admin-2.1.0-SNAPSHOT.jar:/home/runner/work/ozone/ozone/hadoop-hdds/interface-client/target/hdds-interface-client-2.1.0-SNAPSHOT.jar:/home/runner/work/ozone/ozone/hadoop-hdds/interface-server/target/hdds-interface-server-2.1.0-SNAPSHOT.jar:/home/runner/work/ozone/ozone/hadoop-hdds/managed-rocksdb/target/hdds-managed-rocksdb-2.1.0-SNAPSHOT.jar:/home/runner/work/ozone/ozone/hadoop-hdds/rocks-native/target/hdds-rocks-native-2.1.0-SNAPSHOT.jar:/home/runner/work/ozone/ozone/hadoop-hdds/framework/target/hdds-server-framework-2.1.0-SNAPSHOT.jar:/home/runner/.m2/repository/com/github/jnr/jnr-constants/0.10.4/jnr-constants-0.10.4.jar:/home/runner/.m2/repository/com/github/jnr/jnr-posix/3.1.20/jnr-posix-3.1.20.jar:/home/runner/.m2/repository/com/github/jnr/jnr-ffi/2.2.17/jnr-ffi-2.2.17.jar:/home/runner/.m2/repository/com/github/jnr/jffi/1.3.13/jffi-1.3.13.jar:/home/runner/.m2/repository/com/github/jnr/jffi/1.3.13/jffi-1.3.13-native.jar:/home/runner/.m2/repository/org/ow2/asm/asm/9.7.1/asm-9.7.1.jar:/home/runner/.m2/repository/org/ow2/asm/asm-commons/9.7.1/asm-commons-9.7.1.jar:/home/runner/.m2/repository/org/ow2/asm/asm-analysis/9.7.1/asm-analysis-9.7.1.jar:/home/runner/.m2/repository/org/ow2/asm/asm-tree/9.7.1/asm-tree-9.7.1.jar:/home/runner/.m2/repository/org/ow2/asm/asm-util/9.7.1/asm-util-9.7.1.jar:/home/runner/.m2/repository/com/github/jnr/jnr-a64asm/1.0.0/jnr-a64asm-1.0.0.jar:/home/runner/.m2/repository/com/github/jnr/jnr-x86asm/1.0.2/jnr-x86asm-1.0.2.jar:/home/runner/.m2/repository/commons-fileupload/commons-fileupload/1.5/commons-fileupload-1.5.jar:/home/runner/.m2/repository/io/grpc/grpc-api/1.71.0/grpc-api-1.71.0.jar:/home/runner/.m2/repository/io/prometheus/simpleclient/0.16.0/simpleclient-0.16.0.jar:/home/runner/.m2/repository/io/prometheus/simpleclient_common/0.16.0/simpleclient_common-0.16.0.jar:/home/runner/.m2/repository/io/prometheus/simpleclient_dropwizard/0.16.0/simpleclient_dropwizard-0.16.0.jar:/home/runner/.m2/repository/jakarta/ws/rs/jakarta.ws.rs-api/2.1.6/jakarta.ws.rs-api-2.1.6.jar:/home/runner/.m2/repository/org/eclipse/jetty/jetty-http/9.4.57.v20241219/jetty-http-9.4.57.v20241219.jar:/home/runner/.m2/repository/org/glassfish/jersey/containers/jersey-container-servlet-core/2.47/jersey-container-servlet-core-2.47.jar:/home/runner/.m2/repository/org/glassfish/jersey/core/jersey-server/2.47/jersey-server-2.47.jar:/home/runner/.m2/repository/org/glassfish/jersey/core/jersey-client/2.47/jersey-client-2.47.jar:/home/runner/.m2/repository/com/lmax/disruptor/3.4.4/disruptor-3.4.4.jar:/home/runner/.m2/repository/org/apache/logging/log4j/log4j-core/2.25.0/log4j-core-2.25.0.jar:/home/runner/work/ozone/ozone/hadoop-hdds/framework/target/hdds-server-framework-2.1.0-SNAPSHOT-tests.jar:/home/runner/work/ozone/ozone/hadoop-hdds/server-scm/target/hdds-server-scm-2.1.0-SNAPSHOT.jar:/home/runner/work/ozone/ozone/hadoop-hdds/server-scm/target/hdds-server-scm-2.1.0-SNAPSHOT-tests.jar:/home/runner/work/ozone/ozone/hadoop-hdds/test-utils/target/hdds-test-utils-2.1.0-SNAPSHOT-tests.jar:/home/runner/work/ozone/ozone/hadoop-ozone/cli-admin/target/ozone-cli-admin-2.1.0-SNAPSHOT.jar:/home/runner/work/ozone/ozone/hadoop-ozone/cli-shell/target/ozone-cli-shell-2.1.0-SNAPSHOT.jar:/home/runner/.m2/repository/info/picocli/picocli-shell-jline3/4.7.7/picocli-shell-jline3-4.7.7.jar:/home/runner/.m2/repository/org/jline/jline/3.30.4/jline-3.30.4.jar:/home/runner/work/ozone/ozone/hadoop-ozone/client/target/ozone-client-2.1.0-SNAPSHOT.jar:/home/runner/work/ozone/ozone/hadoop-ozone/common/target/ozone-common-2.1.0-SNAPSHOT.jar:/home/runner/.m2/repository/io/grpc/grpc-netty/1.71.0/grpc-netty-1.71.0.jar:/home/runner/.m2/repository/org/codehaus/mojo/animal-sniffer-annotations/1.24/animal-sniffer-annotations-1.24.jar:/home/runner/.m2/repository/io/grpc/grpc-core/1.71.0/grpc-core-1.71.0.jar:/home/runner/.m2/repository/com/google/android/annotations/4.1.1.4/annotations-4.1.1.4.jar:/home/runner/.m2/repository/io/grpc/grpc-context/1.71.0/grpc-context-1.71.0.jar:/home/runner/.m2/repository/io/perfmark/perfmark-api/0.27.0/perfmark-api-0.27.0.jar:/home/runner/.m2/repository/io/grpc/grpc-util/1.71.0/grpc-util-1.71.0.jar:/home/runner/.m2/repository/io/netty/netty-codec-http2/4.1.119.Final/netty-codec-http2-4.1.119.Final.jar:/home/runner/.m2/repository/io/netty/netty-handler-proxy/4.1.119.Final/netty-handler-proxy-4.1.119.Final.jar:/home/runner/.m2/repository/io/netty/netty-tcnative-boringssl-static/2.0.70.Final/netty-tcnative-boringssl-static-2.0.70.Final.jar:/home/runner/.m2/repository/io/netty/netty-tcnative-classes/2.0.70.Final/netty-tcnative-classes-2.0.70.Final.jar:/home/runner/.m2/repository/io/netty/netty-tcnative-boringssl-static/2.0.70.Final/netty-tcnative-boringssl-static-2.0.70.Final-linux-x86_64.jar:/home/runner/.m2/repository/io/netty/netty-tcnative-boringssl-static/2.0.70.Final/netty-tcnative-boringssl-static-2.0.70.Final-linux-aarch_64.jar:/home/runner/.m2/repository/io/netty/netty-tcnative-boringssl-static/2.0.70.Final/netty-tcnative-boringssl-static-2.0.70.Final-osx-x86_64.jar:/home/runner/.m2/repository/io/netty/netty-tcnative-boringssl-static/2.0.70.Final/netty-tcnative-boringssl-static-2.0.70.Final-osx-aarch_64.jar:/home/runner/.m2/repository/io/netty/netty-tcnative-boringssl-static/2.0.70.Final/netty-tcnative-boringssl-static-2.0.70.Final-windows-x86_64.jar:/home/runner/work/ozone/ozone/hadoop-ozone/csi/target/ozone-csi-2.1.0-SNAPSHOT.jar:/home/runner/.m2/repository/io/grpc/grpc-protobuf/1.71.0/grpc-protobuf-1.71.0.jar:/home/runner/.m2/repository/com/google/api/grpc/proto-google-common-protos/2.51.0/proto-google-common-protos-2.51.0.jar:/home/runner/.m2/repository/io/grpc/grpc-protobuf-lite/1.71.0/grpc-protobuf-lite-1.71.0.jar:/home/runner/.m2/repository/io/grpc/grpc-stub/1.71.0/grpc-stub-1.71.0.jar:/home/runner/.m2/repository/io/netty/netty-transport-classes-epoll/4.1.119.Final/netty-transport-classes-epoll-4.1.119.Final.jar:/home/runner/.m2/repository/io/netty/netty-transport-native-unix-common/4.1.119.Final/netty-transport-native-unix-common-4.1.119.Final.jar:/home/runner/.m2/repository/io/netty/netty-transport-native-epoll/4.1.119.Final/netty-transport-native-epoll-4.1.119.Final-linux-x86_64.jar:/home/runner/work/ozone/ozone/hadoop-ozone/ozonefs/target/ozone-filesystem-2.1.0-SNAPSHOT.jar:/home/runner/work/ozone/ozone/hadoop-ozone/ozonefs-common/target/ozone-filesystem-common-2.1.0-SNAPSHOT.jar:/home/runner/work/ozone/ozone/hadoop-ozone/freon/target/ozone-freon-2.1.0-SNAPSHOT.jar:/home/runner/.m2/repository/com/amazonaws/aws-java-sdk-core/1.12.661/aws-java-sdk-core-1.12.661.jar:/home/runner/.m2/repository/com/fasterxml/jackson/dataformat/jackson-dataformat-cbor/2.16.2/jackson-dataformat-cbor-2.16.2.jar:/home/runner/.m2/repository/joda-time/joda-time/2.12.7/joda-time-2.12.7.jar:/home/runner/.m2/repository/com/amazonaws/aws-java-sdk-s3/1.12.661/aws-java-sdk-s3-1.12.661.jar:/home/runner/.m2/repository/com/amazonaws/aws-java-sdk-kms/1.12.661/aws-java-sdk-kms-1.12.661.jar:/home/runner/.m2/repository/com/amazonaws/jmespath-java/1.12.661/jmespath-java-1.12.661.jar:/home/runner/work/ozone/ozone/hadoop-ozone/interface-client/target/ozone-interface-client-2.1.0-SNAPSHOT.jar:/home/runner/work/ozone/ozone/hadoop-ozone/interface-storage/target/ozone-interface-storage-2.1.0-SNAPSHOT.jar:/home/runner/work/ozone/ozone/hadoop-ozone/ozone-manager/target/ozone-manager-2.1.0-SNAPSHOT.jar:/home/runner/.m2/repository/com/sun/jersey/jersey-client/1.19.4/jersey-client-1.19.4.jar:/home/runner/.m2/repository/org/apache/ranger/ranger-plugins-common/2.6.0/ranger-plugins-common-2.6.0.jar:/home/runner/.m2/repository/com/fasterxml/jackson/jaxrs/jackson-jaxrs-base/2.16.2/jackson-jaxrs-base-2.16.2.jar:/home/runner/.m2/repository/com/kstruct/gethostname4j/1.0.0/gethostname4j-1.0.0.jar:/home/runner/.m2/repository/commons-lang/commons-lang/2.6/commons-lang-2.6.jar:/home/runner/.m2/repository/net/java/dev/jna/jna/5.2.0/jna-5.2.0.jar:/home/runner/.m2/repository/net/java/dev/jna/jna-platform/5.2.0/jna-platform-5.2.0.jar:/home/runner/.m2/repository/org/apache/ranger/ranger-plugin-classloader/2.6.0/ranger-plugin-classloader-2.6.0.jar:/home/runner/.m2/repository/org/apache/ranger/ranger-plugins-audit/2.6.0/ranger-plugins-audit-2.6.0.jar:/home/runner/.m2/repository/com/amazonaws/aws-java-sdk-logs/1.12.765/aws-java-sdk-logs-1.12.765.jar:/home/runner/.m2/repository/com/carrotsearch/hppc/0.8.0/hppc-0.8.0.jar:/home/runner/.m2/repository/io/airlift/aircompressor/0.27/aircompressor-0.27.jar:/home/runner/.m2/repository/org/apache/httpcomponents/httpasyncclient/4.1.4/httpasyncclient-4.1.4.jar:/home/runner/.m2/repository/org/apache/httpcomponents/httpcore-nio/4.4.16/httpcore-nio-4.4.16.jar:/home/runner/.m2/repository/org/apache/httpcomponents/httpmime/4.5.13/httpmime-4.5.13.jar:/home/runner/.m2/repository/org/apache/orc/orc-core/1.5.8/orc-core-1.5.8.jar:/home/runner/.m2/repository/org/apache/orc/orc-shims/1.5.8/orc-shims-1.5.8.jar:/home/runner/.m2/repository/org/apache/ranger/ranger-plugins-cred/2.6.0/ranger-plugins-cred-2.6.0.jar:/home/runner/.m2/repository/org/aspectj/aspectjrt/1.9.7/aspectjrt-1.9.7.jar:/home/runner/work/ozone/ozone/hadoop-ozone/ozone-manager/target/ozone-manager-2.1.0-SNAPSHOT-tests.jar:/home/runner/work/ozone/ozone/hadoop-ozone/mini-cluster/target/ozone-mini-cluster-2.1.0-SNAPSHOT.jar:/home/runner/work/ozone/ozone/hadoop-ozone/recon/target/ozone-recon-2.1.0-SNAPSHOT.jar:/home/runner/.m2/repository/aopalliance/aopalliance/1.0/aopalliance-1.0.jar:/home/runner/.m2/repository/com/google/inject/guice/6.0.0/guice-6.0.0.jar:/home/runner/.m2/repository/jakarta/inject/jakarta.inject-api/2.0.1/jakarta.inject-api-2.0.1.jar:/home/runner/.m2/repository/com/jolbox/bonecp/0.8.0.RELEASE/bonecp-0.8.0.RELEASE.jar:/home/runner/.m2/repository/jakarta/validation/jakarta.validation-api/2.0.2/jakarta.validation-api-2.0.2.jar:/home/runner/.m2/repository/javax/annotation/javax.annotation-api/1.3.2/javax.annotation-api-1.3.2.jar:/home/runner/.m2/repository/javax/inject/javax.inject/1/javax.inject-1.jar:/home/runner/.m2/repository/org/apache/derby/derby/10.14.2.0/derby-10.14.2.0.jar:/home/runner/.m2/repository/org/glassfish/hk2/guice-bridge/2.6.1/guice-bridge-2.6.1.jar:/home/runner/.m2/repository/org/glassfish/hk2/hk2-api/2.6.1/hk2-api-2.6.1.jar:/home/runner/.m2/repository/org/glassfish/hk2/hk2-utils/2.6.1/hk2-utils-2.6.1.jar:/home/runner/.m2/repository/org/glassfish/hk2/external/aopalliance-repackaged/2.6.1/aopalliance-repackaged-2.6.1.jar:/home/runner/.m2/repository/org/glassfish/jersey/core/jersey-common/2.47/jersey-common-2.47.jar:/home/runner/.m2/repository/org/glassfish/hk2/osgi-resource-locator/1.0.3/osgi-resource-locator-1.0.3.jar:/home/runner/.m2/repository/org/jooq/jooq/3.11.10/jooq-3.11.10.jar:/home/runner/.m2/repository/org/springframework/spring-core/5.3.39/spring-core-5.3.39.jar:/home/runner/.m2/repository/org/springframework/spring-jdbc/5.3.39/spring-jdbc-5.3.39.jar:/home/runner/.m2/repository/org/springframework/spring-beans/5.3.39/spring-beans-5.3.39.jar:/home/runner/.m2/repository/org/springframework/spring-tx/5.3.39/spring-tx-5.3.39.jar:/home/runner/.m2/repository/org/xerial/sqlite-jdbc/3.50.1.0/sqlite-jdbc-3.50.1.0.jar:/home/runner/.m2/repository/com/google/inject/extensions/guice-assistedinject/6.0.0/guice-assistedinject-6.0.0.jar:/home/runner/.m2/repository/org/glassfish/hk2/external/jakarta.inject/2.6.1/jakarta.inject-2.6.1.jar:/home/runner/.m2/repository/org/glassfish/jersey/inject/jersey-hk2/2.47/jersey-hk2-2.47.jar:/home/runner/.m2/repository/org/glassfish/hk2/hk2-locator/2.6.1/hk2-locator-2.6.1.jar:/home/runner/.m2/repository/org/glassfish/jersey/media/jersey-media-jaxb/2.47/jersey-media-jaxb-2.47.jar:/home/runner/.m2/repository/org/glassfish/jersey/media/jersey-media-json-jackson/2.47/jersey-media-json-jackson-2.47.jar:/home/runner/.m2/repository/org/glassfish/jersey/ext/jersey-entity-filtering/2.47/jersey-entity-filtering-2.47.jar:/home/runner/work/ozone/ozone/hadoop-ozone/recon-codegen/target/ozone-reconcodegen-2.1.0-SNAPSHOT.jar:/home/runner/.m2/repository/org/jooq/jooq-codegen/3.11.10/jooq-codegen-3.11.10.jar:/home/runner/.m2/repository/org/jooq/jooq-meta/3.11.10/jooq-meta-3.11.10.jar:/home/runner/work/ozone/ozone/hadoop-ozone/s3gateway/target/ozone-s3gateway-2.1.0-SNAPSHOT.jar:/home/runner/work/ozone/ozone/hadoop-ozone/tools/target/ozone-tools-2.1.0-SNAPSHOT.jar:/home/runner/.m2/repository/com/github/vlsi/mxgraph/jgraphx/3.9.12/jgraphx-3.9.12.jar:/home/runner/.m2/repository/org/apache/ratis/ratis-shell/3.2.0/ratis-shell-3.2.0.jar:/home/runner/.m2/repository/org/apache/ratis/ratis-tools/3.2.0/ratis-tools-3.2.0.jar:/home/runner/.m2/repository/org/jgrapht/jgrapht-core/1.4.0/jgrapht-core-1.4.0.jar:/home/runner/.m2/repository/org/jheaps/jheaps/0.11/jheaps-0.11.jar:/home/runner/.m2/repository/org/jgrapht/jgrapht-ext/1.4.0/jgrapht-ext-1.4.0.jar:/home/runner/work/ozone/ozone/hadoop-hdds/rocksdb-checkpoint-differ/target/rocksdb-checkpoint-differ-2.1.0-SNAPSHOT.jar:/home/runner/.m2/repository/org/apache/ranger/ranger-intg/2.6.0/ranger-intg-2.6.0.jar:/home/runner/.m2/repository/org/apache/ratis/ratis-client/3.2.0/ratis-client-3.2.0.jar:/home/runner/.m2/repository/org/apache/ratis/ratis-common/3.2.0/ratis-common-3.2.0.jar:/home/runner/.m2/repository/org/apache/ratis/ratis-grpc/3.2.0/ratis-grpc-3.2.0.jar:/home/runner/.m2/repository/org/apache/ratis/ratis-metrics-api/3.2.0/ratis-metrics-api-3.2.0.jar:/home/runner/.m2/repository/org/apache/ratis/ratis-proto/3.2.0/ratis-proto-3.2.0.jar:/home/runner/.m2/repository/org/apache/ratis/ratis-server/3.2.0/ratis-server-3.2.0.jar:/home/runner/.m2/repository/org/apache/ratis/ratis-server-api/3.2.0/ratis-server-api-3.2.0.jar:/home/runner/.m2/repository/org/apache/ratis/ratis-thirdparty-misc/1.0.9/ratis-thirdparty-misc-1.0.9.jar:/home/runner/.m2/repository/org/bouncycastle/bcpkix-jdk18on/1.81/bcpkix-jdk18on-1.81.jar:/home/runner/.m2/repository/org/bouncycastle/bcutil-jdk18on/1.81/bcutil-jdk18on-1.81.jar:/home/runner/.m2/repository/org/hamcrest/hamcrest/2.2/hamcrest-2.2.jar:/home/runner/.m2/repository/org/reflections/reflections/0.10.2/reflections-0.10.2.jar:/home/runner/.m2/repository/org/javassist/javassist/3.30.2-GA/javassist-3.30.2-GA.jar:/home/runner/.m2/repository/org/rocksdb/rocksdbjni/7.7.3/rocksdbjni-7.7.3.jar:/home/runner/.m2/repository/org/slf4j/jul-to-slf4j/2.0.17/jul-to-slf4j-2.0.17.jar:/home/runner/.m2/repository/org/slf4j/slf4j-api/2.0.17/slf4j-api-2.0.17.jar:/home/runner/.m2/repository/org/assertj/assertj-core/3.27.3/assertj-core-3.27.3.jar:/home/runner/.m2/repository/net/bytebuddy/byte-buddy/1.15.11/byte-buddy-1.15.11.jar:/home/runner/.m2/repository/org/junit/jupiter/junit-jupiter-api/5.13.2/junit-jupiter-api-5.13.2.jar:/home/runner/.m2/repository/org/opentest4j/opentest4j/1.3.0/opentest4j-1.3.0.jar:/home/runner/.m2/repository/org/junit/platform/junit-platform-commons/1.13.2/junit-platform-commons-1.13.2.jar:/home/runner/.m2/repository/org/apiguardian/apiguardian-api/1.1.2/apiguardian-api-1.1.2.jar:/home/runner/.m2/repository/org/junit/jupiter/junit-jupiter-params/5.13.2/junit-jupiter-params-5.13.2.jar:/home/runner/.m2/repository/org/mockito/mockito-core/4.11.0/mockito-core-4.11.0.jar:/home/runner/.m2/repository/net/bytebuddy/byte-buddy-agent/1.12.19/byte-buddy-agent-1.12.19.jar:/home/runner/.m2/repository/org/objenesis/objenesis/3.3/objenesis-3.3.jar:/home/runner/.m2/repository/org/mockito/mockito-inline/4.11.0/mockito-inline-4.11.0.jar:/home/runner/.m2/repository/org/mockito/mockito-junit-jupiter/4.11.0/mockito-junit-jupiter-4.11.0.jar:/home/runner/work/ozone/ozone/hadoop-ozone/integration-test/target/gradle-enterprise/test-listeners.jar:"/>
    <property name="sun.cpu.endian" value="little"/>
    <property name="user.home" value="/home/runner"/>
    <property name="user.language" value="en"/>
    <property name="java.specification.vendor" value="Oracle Corporation"/>
    <property name="skipRecon" value="true"/>
    <property name="java.version.date" value="2025-04-15"/>
    <property name="java.home" value="/usr/lib/jvm/temurin-21-jdk-amd64"/>
    <property name="java.security.krb5.conf" value="/home/runner/work/ozone/ozone/hadoop-ozone/integration-test/target/test-classes/krb5.conf"/>
    <property name="file.separator" value="/"/>
    <property name="basedir" value="/home/runner/work/ozone/ozone/hadoop-ozone/integration-test"/>
    <property name="java.vm.compressedOopsMode" value="Zero based"/>
    <property name="line.separator" value="&#10;"/>
    <property name="java.vm.specification.vendor" value="Oracle Corporation"/>
    <property name="java.specification.name" value="Java Platform API Specification"/>
    <property name="surefire.real.class.path" value="/home/runner/work/ozone/ozone/hadoop-ozone/integration-test/target/surefire/surefirebooter-20250702183313531_541.jar"/>
    <property name="hadoop.log.dir" value="/home/runner/work/ozone/ozone/hadoop-ozone/integration-test/target/log"/>
    <property name="sun.management.compiler" value="HotSpot 64-Bit Tiered Compilers"/>
    <property name="skipShade" value="true"/>
    <property name="java.runtime.version" value="21.0.7+6-LTS"/>
    <property name="user.name" value="runner"/>
    <property name="java.net.preferIPv4Stack" value="true"/>
    <property name="stdout.encoding" value="UTF-8"/>
    <property name="path.separator" value=":"/>
    <property name="java.security.egd" value="file:///dev/urandom"/>
    <property name="os.version" value="6.11.0-1015-azure"/>
    <property name="java.runtime.name" value="OpenJDK Runtime Environment"/>
    <property name="com.gradle.maven.scan.extension.test.listener.junitplatform.NestedExecutionSafeDelegatingTestExecutionListener" value="be68757"/>
    <property name="file.encoding" value="UTF-8"/>
    <property name="java.vm.name" value="OpenJDK 64-Bit Server VM"/>
    <property name="rocks_tools_native" value="true"/>
    <property name="java.vendor.version" value="Temurin-21.0.7+6"/>
    <property name="test.build.webapps" value=""/>
    <property name="develocity.listener.surefire.forkId" value="1"/>
    <property name="localRepository" value="/home/runner/.m2/repository"/>
    <property name="java.vendor.url.bug" value="https://github.com/adoptium/adoptium-support/issues"/>
    <property name="jetty.git.hash" value="df524e6b29271c2e09ba9aea83c18dc9db464a31"/>
    <property name="java.io.tmpdir" value="/tmp"/>
    <property name="require.test.libhadoop" value=""/>
    <property name="java.version" value="21.0.7"/>
    <property name="user.dir" value="/home/runner/work/ozone/ozone/hadoop-ozone/integration-test"/>
    <property name="os.arch" value="amd64"/>
    <property name="java.vm.specification.name" value="Java Virtual Machine Specification"/>
    <property name="test.build.classes" value="/home/runner/work/ozone/ozone/hadoop-ozone/integration-test/target/test-classes"/>
    <property name="org.apache.ratis.thirdparty.io.netty.allocator.useCacheForAllThreads" value="false"/>
    <property name="native.encoding" value="UTF-8"/>
    <property name="hadoop.tmp.dir" value="/home/runner/work/ozone/ozone/hadoop-ozone/integration-test/target/tmp"/>
    <property name="java.library.path" value="/usr/java/packages/lib:/usr/lib64:/lib64:/lib:/usr/lib"/>
    <property name="java.vm.info" value="mixed mode, sharing"/>
    <property name="stderr.encoding" value="UTF-8"/>
    <property name="java.vendor" value="Eclipse Adoptium"/>
    <property name="java.vm.version" value="21.0.7+6-LTS"/>
    <property name="sun.io.unicode.encoding" value="UnicodeLittle"/>
    <property name="develocity.listener.port" value="37487"/>
    <property name="java.class.version" value="65.0"/>
  </properties>
  <testcase name="testContainerStateMachineCloseOnMissingPipeline" classname="org.apache.hadoop.ozone.client.rpc.TestContainerStateMachineFailures" time="1.509">
    <system-out><![CDATA[2025-07-02 18:45:06,291 [main] WARN  server.ServerUtils (ServerUtils.java:getScmDbDir(138)) - ozone.scm.db.dirs is not configured. We recommend adding this setting. Falling back to ozone.metadata.dirs instead.
2025-07-02 18:45:06,488 [main] INFO  reflections.Reflections (Reflections.java:scan(219)) - Reflections took 169 ms to scan 7 urls, producing 167 keys and 373 values
2025-07-02 18:45:06,621 [main] INFO  ha.SCMHANodeDetails (SCMHANodeDetails.java:loadSCMHAConfig(162)) - ServiceID for StorageContainerManager is null
2025-07-02 18:45:06,621 [main] INFO  ha.SCMHANodeDetails (SCMHANodeDetails.java:loadSCMHAConfig(166)) - ozone.scm.default.service.id is not defined, falling back to ozone.scm.service.ids to find serviceID for StorageContainerManager if it is HA enabled cluster
2025-07-02 18:45:06,793 [main] INFO  server.RaftServerConfigKeys (ConfUtils.java:logGet(62)) - raft.server.log.appender.buffer.byte-limit = 4194304 (custom)
2025-07-02 18:45:06,819 [main] INFO  server.RaftServer (ConfUtils.java:logGet(62)) - raft.rpc.type = GRPC (default)
2025-07-02 18:45:06,891 [main] INFO  grpc.GrpcConfigKeys (ConfUtils.java:logFallback(69)) - raft.grpc.admin.host = null (fallback to raft.grpc.server.host)
2025-07-02 18:45:06,892 [main] INFO  grpc.GrpcConfigKeys (ConfUtils.java:logFallback(69)) - raft.grpc.admin.port = 15004 (fallback to raft.grpc.server.port)
2025-07-02 18:45:06,892 [main] INFO  grpc.GrpcConfigKeys (ConfUtils.java:logFallback(69)) - raft.grpc.client.host = null (fallback to raft.grpc.server.host)
2025-07-02 18:45:06,893 [main] INFO  grpc.GrpcConfigKeys (ConfUtils.java:logFallback(69)) - raft.grpc.client.port = 15004 (fallback to raft.grpc.server.port)
2025-07-02 18:45:06,893 [main] INFO  grpc.GrpcConfigKeys (ConfUtils.java:logGet(62)) - raft.grpc.server.port = 15004 (custom)
2025-07-02 18:45:06,894 [main] INFO  server.GrpcServicesImpl (ConfUtils.java:logGet(62)) - raft.grpc.message.size.max = 5242880 (custom)
2025-07-02 18:45:06,895 [main] INFO  server.GrpcServicesImpl (ConfUtils.java:logGet(62)) - raft.grpc.flow.control.window = 1MB (=1048576) (default)
2025-07-02 18:45:06,896 [main] INFO  server.RaftServerConfigKeys (ConfUtils.java:logGet(62)) - raft.server.rpc.request.timeout = 30000ms (custom)
2025-07-02 18:45:06,901 [main] INFO  grpc.GrpcConfigKeys (ConfUtils.java:logGet(62)) - raft.grpc.server.heartbeat.channel = true (default)
2025-07-02 18:45:06,901 [main] INFO  server.RaftServerConfigKeys (ConfUtils.java:logGet(62)) - raft.server.log.appender.buffer.byte-limit = 4194304 (custom)
2025-07-02 18:45:06,904 [main] INFO  grpc.GrpcConfigKeys (ConfUtils.java:logGet(62)) - raft.grpc.server.async.request.thread.pool.cached = true (default)
2025-07-02 18:45:06,905 [main] INFO  grpc.GrpcConfigKeys (ConfUtils.java:logGet(62)) - raft.grpc.server.async.request.thread.pool.size = 32 (default)
2025-07-02 18:45:07,073 [main] INFO  impl.DataStreamServerImpl (ConfUtils.java:logGet(62)) - raft.datastream.type = DISABLED (default)
2025-07-02 18:45:07,075 [main] INFO  server.RaftServerConfigKeys (ConfUtils.java:logGet(62)) - raft.server.sleep.deviation.threshold = 300ms (default)
2025-07-02 18:45:07,076 [main] INFO  server.RaftServerConfigKeys (ConfUtils.java:logGet(62)) - raft.server.close.threshold = 60s (default)
2025-07-02 18:45:07,076 [main] INFO  server.RaftServerConfigKeys (ConfUtils.java:logGet(62)) - raft.server.leaderelection.leader.step-down.wait-time = 10s (default)
2025-07-02 18:45:07,079 [main] INFO  server.RaftServerConfigKeys (ConfUtils.java:logGet(62)) - raft.server.storage.dir = [/home/runner/work/ozone/ozone/hadoop-ozone/integration-test/target/test-dir/MiniOzoneClusterImpl-b7e00dfa-d3b8-45cf-9d3a-2bd5fdfebf54/ozone-meta/scm-ha] (custom)
2025-07-02 18:45:07,081 [main] INFO  server.RaftServerConfigKeys (ConfUtils.java:logGet(62)) - raft.server.threadpool.proxy.cached = true (default)
2025-07-02 18:45:07,081 [main] INFO  server.RaftServerConfigKeys (ConfUtils.java:logGet(62)) - raft.server.threadpool.proxy.size = 0 (default)
2025-07-02 18:45:07,087 [main] INFO  server.RaftServer (RaftServerProxy.java:addNew(105)) - 0fee975d-e734-400e-bdb4-ee8e3ebebca6: addNew group-2BD5FDFEBF54:[0fee975d-e734-400e-bdb4-ee8e3ebebca6|localhost:15004] returns group-2BD5FDFEBF54:java.util.concurrent.CompletableFuture@6749fe50[Not completed]
2025-07-02 18:45:07,104 [0fee975d-e734-400e-bdb4-ee8e3ebebca6-groupManagement] INFO  server.RaftServer$Division (RaftServerImpl.java:<init>(268)) - 0fee975d-e734-400e-bdb4-ee8e3ebebca6: new RaftServerImpl for group-2BD5FDFEBF54:[0fee975d-e734-400e-bdb4-ee8e3ebebca6|localhost:15004] with SCMStateMachine:uninitialized
2025-07-02 18:45:07,105 [0fee975d-e734-400e-bdb4-ee8e3ebebca6-groupManagement] INFO  server.RaftServerConfigKeys (ConfUtils.java:logGet(62)) - raft.server.rpc.timeout.min = 5000ms (custom)
2025-07-02 18:45:07,106 [0fee975d-e734-400e-bdb4-ee8e3ebebca6-groupManagement] INFO  server.RaftServerConfigKeys (ConfUtils.java:logGet(62)) - raft.server.rpc.timeout.max = 5200ms (custom)
2025-07-02 18:45:07,106 [0fee975d-e734-400e-bdb4-ee8e3ebebca6-groupManagement] INFO  server.RaftServerConfigKeys (ConfUtils.java:logGet(62)) - raft.server.rpc.sleep.time = 25ms (default)
2025-07-02 18:45:07,106 [0fee975d-e734-400e-bdb4-ee8e3ebebca6-groupManagement] INFO  server.RaftServerConfigKeys (ConfUtils.java:logGet(62)) - raft.server.rpc.slowness.timeout = 120000ms (custom)
2025-07-02 18:45:07,106 [0fee975d-e734-400e-bdb4-ee8e3ebebca6-groupManagement] INFO  server.RaftServerConfigKeys (ConfUtils.java:logGet(62)) - raft.server.leaderelection.member.majority-add = false (default)
2025-07-02 18:45:07,111 [0fee975d-e734-400e-bdb4-ee8e3ebebca6-groupManagement] INFO  server.RaftServer$Division (ServerState.java:<init>(114)) - 0fee975d-e734-400e-bdb4-ee8e3ebebca6@group-2BD5FDFEBF54: ConfigurationManager, init=conf: {index: -1, cur=peers:[0fee975d-e734-400e-bdb4-ee8e3ebebca6|localhost:15004]|listeners:[], old=null}, confs=<EMPTY_MAP>
2025-07-02 18:45:07,115 [0fee975d-e734-400e-bdb4-ee8e3ebebca6-groupManagement] INFO  server.RaftServerConfigKeys (ConfUtils.java:logGet(62)) - raft.server.notification.no-leader.timeout = 60s (default)
2025-07-02 18:45:07,118 [0fee975d-e734-400e-bdb4-ee8e3ebebca6-groupManagement] INFO  server.RaftServerConfigKeys (ConfUtils.java:logGet(62)) - raft.server.read.timeout = 10s (default)
2025-07-02 18:45:07,121 [0fee975d-e734-400e-bdb4-ee8e3ebebca6-groupManagement] INFO  server.RaftServerConfigKeys (ConfUtils.java:logGet(62)) - raft.server.retrycache.expirytime = 60000ms (default)
2025-07-02 18:45:07,121 [0fee975d-e734-400e-bdb4-ee8e3ebebca6-groupManagement] INFO  server.RaftServerConfigKeys (ConfUtils.java:logGet(62)) - raft.server.retrycache.statistics.expirytime = 100ms (default)
2025-07-02 18:45:07,135 [0fee975d-e734-400e-bdb4-ee8e3ebebca6-groupManagement] INFO  server.RaftServerConfigKeys (ConfUtils.java:logGet(62)) - raft.server.read.option = DEFAULT (default)
2025-07-02 18:45:07,136 [0fee975d-e734-400e-bdb4-ee8e3ebebca6-groupManagement] INFO  server.RaftServerConfigKeys (ConfUtils.java:logGet(62)) - raft.server.read.read-after-write-consistent.write-index-cache.expiry-time = 60s (default)
2025-07-02 18:45:07,259 [0fee975d-e734-400e-bdb4-ee8e3ebebca6-groupManagement] INFO  server.RaftServerConfigKeys (ConfUtils.java:logGet(62)) - raft.server.log.appender.install.snapshot.enabled = false (custom)
2025-07-02 18:45:07,259 [0fee975d-e734-400e-bdb4-ee8e3ebebca6-groupManagement] INFO  server.RaftServerConfigKeys (ConfUtils.java:logGet(62)) - raft.server.threadpool.server.cached = true (default)
2025-07-02 18:45:07,260 [0fee975d-e734-400e-bdb4-ee8e3ebebca6-groupManagement] INFO  server.RaftServerConfigKeys (ConfUtils.java:logGet(62)) - raft.server.threadpool.server.size = 0 (default)
2025-07-02 18:45:07,260 [0fee975d-e734-400e-bdb4-ee8e3ebebca6-groupManagement] INFO  server.RaftServerConfigKeys (ConfUtils.java:logGet(62)) - raft.server.threadpool.client.cached = true (default)
2025-07-02 18:45:07,261 [0fee975d-e734-400e-bdb4-ee8e3ebebca6-groupManagement] INFO  server.RaftServerConfigKeys (ConfUtils.java:logGet(62)) - raft.server.threadpool.client.size = 0 (default)
2025-07-02 18:45:07,262 [0fee975d-e734-400e-bdb4-ee8e3ebebca6-impl-thread1] INFO  server.RaftServerConfigKeys (ConfUtils.java:logGet(62)) - raft.server.storage.free-space.min = 0MB (=0) (default)
2025-07-02 18:45:07,262 [0fee975d-e734-400e-bdb4-ee8e3ebebca6-impl-thread1] INFO  server.RaftServerConfigKeys (ConfUtils.java:logGet(62)) - raft.server.log.corruption.policy = EXCEPTION (default)
2025-07-02 18:45:07,268 [0fee975d-e734-400e-bdb4-ee8e3ebebca6-impl-thread1] INFO  storage.RaftStorageDirectory (RaftStorageDirectoryImpl.java:analyzeStorage(138)) - The storage directory /home/runner/work/ozone/ozone/hadoop-ozone/integration-test/target/test-dir/MiniOzoneClusterImpl-b7e00dfa-d3b8-45cf-9d3a-2bd5fdfebf54/ozone-meta/scm-ha/b7e00dfa-d3b8-45cf-9d3a-2bd5fdfebf54 does not exist. Creating ...
2025-07-02 18:45:07,271 [0fee975d-e734-400e-bdb4-ee8e3ebebca6-impl-thread1] INFO  storage.RaftStorageDirectory (RaftStorageDirectoryImpl.java:tryLock(229)) - Lock on /home/runner/work/ozone/ozone/hadoop-ozone/integration-test/target/test-dir/MiniOzoneClusterImpl-b7e00dfa-d3b8-45cf-9d3a-2bd5fdfebf54/ozone-meta/scm-ha/b7e00dfa-d3b8-45cf-9d3a-2bd5fdfebf54/in_use.lock acquired by nodename 44808@localhost
2025-07-02 18:45:07,275 [0fee975d-e734-400e-bdb4-ee8e3ebebca6-impl-thread1] INFO  storage.RaftStorage (RaftStorageImpl.java:format(98)) - Storage directory /home/runner/work/ozone/ozone/hadoop-ozone/integration-test/target/test-dir/MiniOzoneClusterImpl-b7e00dfa-d3b8-45cf-9d3a-2bd5fdfebf54/ozone-meta/scm-ha/b7e00dfa-d3b8-45cf-9d3a-2bd5fdfebf54 has been successfully formatted.
2025-07-02 18:45:07,276 [0fee975d-e734-400e-bdb4-ee8e3ebebca6-impl-thread1] INFO  ha.SCMStateMachine (SCMStateMachine.java:lambda$initialize$0(135)) - 0fee975d-e734-400e-bdb4-ee8e3ebebca6: initialize group-2BD5FDFEBF54
2025-07-02 18:45:07,277 [0fee975d-e734-400e-bdb4-ee8e3ebebca6-impl-thread1] INFO  server.RaftServerConfigKeys (ConfUtils.java:logGet(62)) - raft.server.log.use.memory = false (default)
2025-07-02 18:45:07,282 [0fee975d-e734-400e-bdb4-ee8e3ebebca6-impl-thread1] INFO  server.RaftServerConfigKeys (ConfUtils.java:logGet(62)) - raft.server.log.purge.gap = 1000000 (custom)
2025-07-02 18:45:07,282 [0fee975d-e734-400e-bdb4-ee8e3ebebca6-impl-thread1] INFO  server.RaftServerConfigKeys (ConfUtils.java:logGet(62)) - raft.server.log.appender.buffer.byte-limit = 4194304 (custom)
2025-07-02 18:45:07,283 [0fee975d-e734-400e-bdb4-ee8e3ebebca6-impl-thread1] INFO  server.RaftServerConfigKeys (ConfUtils.java:logGet(62)) - raft.server.log.statemachine.data.read.timeout = 1000ms (default)
2025-07-02 18:45:07,284 [0fee975d-e734-400e-bdb4-ee8e3ebebca6-impl-thread1] INFO  server.RaftServerConfigKeys (ConfUtils.java:logGet(62)) - raft.server.log.purge.preservation.log.num = 0 (default)
2025-07-02 18:45:07,287 [0fee975d-e734-400e-bdb4-ee8e3ebebca6-impl-thread1] INFO  server.RaftServerConfigKeys (ConfUtils.java:logGet(62)) - raft.server.log.segment.size.max = 4194304 (custom)
2025-07-02 18:45:07,290 [0fee975d-e734-400e-bdb4-ee8e3ebebca6-impl-thread1] INFO  server.RaftServerConfigKeys (ConfUtils.java:logGet(62)) - raft.server.log.segment.cache.num.max = 2 (custom)
2025-07-02 18:45:07,291 [0fee975d-e734-400e-bdb4-ee8e3ebebca6-impl-thread1] INFO  server.RaftServerConfigKeys (ConfUtils.java:logGet(62)) - raft.server.log.segment.cache.size.max = 200MB (=209715200) (default)
2025-07-02 18:45:07,291 [0fee975d-e734-400e-bdb4-ee8e3ebebca6-impl-thread1] INFO  server.RaftServerConfigKeys (ConfUtils.java:logGet(62)) - raft.server.log.appender.buffer.byte-limit = 4194304 (custom)
2025-07-02 18:45:07,293 [0fee975d-e734-400e-bdb4-ee8e3ebebca6-impl-thread1] INFO  util.AwaitToRun (AwaitToRun.java:start(81)) - Thread[#39,0fee975d-e734-400e-bdb4-ee8e3ebebca6@group-2BD5FDFEBF54-cacheEviction-AwaitToRun,5,main] started
2025-07-02 18:45:07,297 [0fee975d-e734-400e-bdb4-ee8e3ebebca6-impl-thread1] INFO  segmented.SegmentedRaftLogWorker (SegmentedRaftLogWorker.java:<init>(190)) - new 0fee975d-e734-400e-bdb4-ee8e3ebebca6@group-2BD5FDFEBF54-SegmentedRaftLogWorker for RaftStorageImpl:Storage Directory /home/runner/work/ozone/ozone/hadoop-ozone/integration-test/target/test-dir/MiniOzoneClusterImpl-b7e00dfa-d3b8-45cf-9d3a-2bd5fdfebf54/ozone-meta/scm-ha/b7e00dfa-d3b8-45cf-9d3a-2bd5fdfebf54
2025-07-02 18:45:07,300 [0fee975d-e734-400e-bdb4-ee8e3ebebca6-impl-thread1] INFO  server.RaftServerConfigKeys (ConfUtils.java:logGet(62)) - raft.server.log.queue.byte-limit = 64MB (=67108864) (default)
2025-07-02 18:45:07,300 [0fee975d-e734-400e-bdb4-ee8e3ebebca6-impl-thread1] INFO  server.RaftServerConfigKeys (ConfUtils.java:logGet(62)) - raft.server.log.queue.element-limit = 4096 (default)
2025-07-02 18:45:07,302 [0fee975d-e734-400e-bdb4-ee8e3ebebca6-impl-thread1] INFO  server.RaftServerConfigKeys (ConfUtils.java:logGet(62)) - raft.server.log.segment.size.max = 4194304 (custom)
2025-07-02 18:45:07,302 [0fee975d-e734-400e-bdb4-ee8e3ebebca6-impl-thread1] INFO  server.RaftServerConfigKeys (ConfUtils.java:logGet(62)) - raft.server.log.preallocated.size = 4194304 (custom)
2025-07-02 18:45:07,302 [0fee975d-e734-400e-bdb4-ee8e3ebebca6-impl-thread1] INFO  server.RaftServerConfigKeys (ConfUtils.java:logGet(62)) - raft.server.log.force.sync.num = 128 (default)
2025-07-02 18:45:07,303 [0fee975d-e734-400e-bdb4-ee8e3ebebca6-impl-thread1] INFO  server.RaftServerConfigKeys (ConfUtils.java:logGet(62)) - raft.server.log.statemachine.data.sync = true (default)
2025-07-02 18:45:07,303 [0fee975d-e734-400e-bdb4-ee8e3ebebca6-impl-thread1] INFO  server.RaftServerConfigKeys (ConfUtils.java:logGet(62)) - raft.server.log.statemachine.data.sync.timeout = 10s (default)
2025-07-02 18:45:07,303 [0fee975d-e734-400e-bdb4-ee8e3ebebca6-impl-thread1] INFO  server.RaftServerConfigKeys (ConfUtils.java:logGet(62)) - raft.server.log.statemachine.data.sync.timeout.retry = -1 (default)
2025-07-02 18:45:07,305 [0fee975d-e734-400e-bdb4-ee8e3ebebca6-impl-thread1] INFO  server.RaftServerConfigKeys (ConfUtils.java:logGet(62)) - raft.server.log.write.buffer.size = 4194312 (custom)
2025-07-02 18:45:07,307 [0fee975d-e734-400e-bdb4-ee8e3ebebca6-impl-thread1] INFO  server.RaftServerConfigKeys (ConfUtils.java:logGet(62)) - raft.server.log.appender.buffer.byte-limit = 4194304 (custom)
2025-07-02 18:45:07,308 [0fee975d-e734-400e-bdb4-ee8e3ebebca6-impl-thread1] INFO  server.RaftServerConfigKeys (ConfUtils.java:logGet(62)) - raft.server.log.unsafe-flush.enabled = false (default)
2025-07-02 18:45:07,308 [0fee975d-e734-400e-bdb4-ee8e3ebebca6-impl-thread1] INFO  server.RaftServerConfigKeys (ConfUtils.java:logGet(62)) - raft.server.log.async-flush.enabled = false (default)
2025-07-02 18:45:07,308 [0fee975d-e734-400e-bdb4-ee8e3ebebca6-impl-thread1] INFO  server.RaftServerConfigKeys (ConfUtils.java:logGet(62)) - raft.server.log.statemachine.data.caching.enabled = false (default)
2025-07-02 18:45:07,314 [0fee975d-e734-400e-bdb4-ee8e3ebebca6-impl-thread1] INFO  segmented.SegmentedRaftLogWorker (SegmentedRaftLogWorker.java:lambda$new$0(141)) - 0fee975d-e734-400e-bdb4-ee8e3ebebca6@group-2BD5FDFEBF54-SegmentedRaftLogWorker: flushIndex: setUnconditionally 0 -> -1
2025-07-02 18:45:07,314 [0fee975d-e734-400e-bdb4-ee8e3ebebca6-impl-thread1] INFO  segmented.SegmentedRaftLogWorker (SegmentedRaftLogWorker.java:lambda$new$0(141)) - 0fee975d-e734-400e-bdb4-ee8e3ebebca6@group-2BD5FDFEBF54-SegmentedRaftLogWorker: safeCacheEvictIndex: setUnconditionally 0 -> -1
2025-07-02 18:45:07,316 [0fee975d-e734-400e-bdb4-ee8e3ebebca6-impl-thread1] INFO  server.RaftServer$Division (RaftServerImpl.java:start(405)) - 0fee975d-e734-400e-bdb4-ee8e3ebebca6@group-2BD5FDFEBF54: start as a follower, conf=conf: {index: -1, cur=peers:[0fee975d-e734-400e-bdb4-ee8e3ebebca6|localhost:15004]|listeners:[], old=null}
2025-07-02 18:45:07,316 [0fee975d-e734-400e-bdb4-ee8e3ebebca6-impl-thread1] INFO  server.RaftServer$Division (RaftServerImpl.java:setRole(392)) - 0fee975d-e734-400e-bdb4-ee8e3ebebca6@group-2BD5FDFEBF54: changes role from      null to FOLLOWER at term 0 for startAsFollower
2025-07-02 18:45:07,317 [0fee975d-e734-400e-bdb4-ee8e3ebebca6-impl-thread1] INFO  impl.RoleInfo (RoleInfo.java:updateAndGet(148)) - 0fee975d-e734-400e-bdb4-ee8e3ebebca6: start 0fee975d-e734-400e-bdb4-ee8e3ebebca6@group-2BD5FDFEBF54-FollowerState
2025-07-02 18:45:07,318 [0fee975d-e734-400e-bdb4-ee8e3ebebca6@group-2BD5FDFEBF54-FollowerState] INFO  server.RaftServerConfigKeys (ConfUtils.java:logGet(62)) - raft.server.rpc.first-election.timeout.min = 1000ms (custom)
2025-07-02 18:45:07,319 [0fee975d-e734-400e-bdb4-ee8e3ebebca6@group-2BD5FDFEBF54-FollowerState] INFO  server.RaftServerConfigKeys (ConfUtils.java:logGet(62)) - raft.server.rpc.first-election.timeout.max = 1200ms (custom)
2025-07-02 18:45:07,319 [0fee975d-e734-400e-bdb4-ee8e3ebebca6-impl-thread1] INFO  util.JmxRegister (JmxRegister.java:tryRegister(44)) - Successfully registered JMX Bean with object name Ratis:service=RaftServer,group=group-2BD5FDFEBF54,id=0fee975d-e734-400e-bdb4-ee8e3ebebca6
2025-07-02 18:45:07,320 [0fee975d-e734-400e-bdb4-ee8e3ebebca6-impl-thread1] INFO  util.JmxRegister (JmxRegister.java:register(58)) - register mxBean class org.apache.ratis.server.impl.RaftServerJmxAdapter as Ratis:service=RaftServer,group=group-2BD5FDFEBF54,id=0fee975d-e734-400e-bdb4-ee8e3ebebca6
2025-07-02 18:45:07,321 [0fee975d-e734-400e-bdb4-ee8e3ebebca6-impl-thread1] INFO  server.RaftServerConfigKeys (ConfUtils.java:logGet(62)) - raft.server.snapshot.trigger-when-stop.enabled = true (default)
2025-07-02 18:45:07,322 [0fee975d-e734-400e-bdb4-ee8e3ebebca6-impl-thread1] INFO  server.RaftServerConfigKeys (ConfUtils.java:logGet(62)) - raft.server.snapshot.trigger-when-remove.enabled = true (default)
2025-07-02 18:45:07,322 [0fee975d-e734-400e-bdb4-ee8e3ebebca6-impl-thread1] INFO  server.RaftServerConfigKeys (ConfUtils.java:logGet(62)) - raft.server.snapshot.auto.trigger.enabled = true (custom)
2025-07-02 18:45:07,322 [0fee975d-e734-400e-bdb4-ee8e3ebebca6-impl-thread1] INFO  server.RaftServerConfigKeys (ConfUtils.java:logGet(62)) - raft.server.snapshot.auto.trigger.threshold = 1000 (custom)
2025-07-02 18:45:07,323 [0fee975d-e734-400e-bdb4-ee8e3ebebca6-impl-thread1] INFO  server.RaftServerConfigKeys (ConfUtils.java:logGet(62)) - raft.server.snapshot.retention.file.num = -1 (default)
2025-07-02 18:45:07,323 [0fee975d-e734-400e-bdb4-ee8e3ebebca6-impl-thread1] INFO  server.RaftServerConfigKeys (ConfUtils.java:logGet(62)) - raft.server.log.purge.upto.snapshot.index = false (default)
2025-07-02 18:45:07,326 [0fee975d-e734-400e-bdb4-ee8e3ebebca6-impl-thread1] INFO  server.RaftServer$Division (RaftServerImpl.java:start(419)) - 0fee975d-e734-400e-bdb4-ee8e3ebebca6@group-2BD5FDFEBF54: Successfully started.
2025-07-02 18:45:07,326 [main] INFO  server.RaftServer (RaftServerProxy.java:startImpl(412)) - 0fee975d-e734-400e-bdb4-ee8e3ebebca6: start RPC server
2025-07-02 18:45:07,356 [main] INFO  server.GrpcServicesImpl (GrpcServicesImpl.java:startImpl(346)) - 0fee975d-e734-400e-bdb4-ee8e3ebebca6: GrpcServicesImpl started, listening on 15004
2025-07-02 18:45:07,357 [JvmPauseMonitor0] INFO  util.JvmPauseMonitor (JvmPauseMonitor.java:run(146)) - JvmPauseMonitor-0fee975d-e734-400e-bdb4-ee8e3ebebca6: Started
2025-07-02 18:45:08,497 [0fee975d-e734-400e-bdb4-ee8e3ebebca6@group-2BD5FDFEBF54-FollowerState] INFO  impl.FollowerState (FollowerState.java:runImpl(161)) - 0fee975d-e734-400e-bdb4-ee8e3ebebca6@group-2BD5FDFEBF54-FollowerState: change to CANDIDATE, lastRpcElapsedTime:1179850203ns, electionTimeout:1177ms
2025-07-02 18:45:08,497 [0fee975d-e734-400e-bdb4-ee8e3ebebca6@group-2BD5FDFEBF54-FollowerState] INFO  impl.RoleInfo (RoleInfo.java:shutdownFollowerState(121)) - 0fee975d-e734-400e-bdb4-ee8e3ebebca6: shutdown 0fee975d-e734-400e-bdb4-ee8e3ebebca6@group-2BD5FDFEBF54-FollowerState
2025-07-02 18:45:08,498 [0fee975d-e734-400e-bdb4-ee8e3ebebca6@group-2BD5FDFEBF54-FollowerState] INFO  server.RaftServer$Division (RaftServerImpl.java:setRole(392)) - 0fee975d-e734-400e-bdb4-ee8e3ebebca6@group-2BD5FDFEBF54: changes role from  FOLLOWER to CANDIDATE at term 0 for changeToCandidate
2025-07-02 18:45:08,500 [0fee975d-e734-400e-bdb4-ee8e3ebebca6@group-2BD5FDFEBF54-FollowerState] INFO  server.RaftServerConfigKeys (ConfUtils.java:logGet(62)) - raft.server.leaderelection.pre-vote = true (default)
2025-07-02 18:45:08,500 [0fee975d-e734-400e-bdb4-ee8e3ebebca6@group-2BD5FDFEBF54-FollowerState] INFO  impl.RoleInfo (RoleInfo.java:updateAndGet(148)) - 0fee975d-e734-400e-bdb4-ee8e3ebebca6: start 0fee975d-e734-400e-bdb4-ee8e3ebebca6@group-2BD5FDFEBF54-LeaderElection1
2025-07-02 18:45:08,503 [0fee975d-e734-400e-bdb4-ee8e3ebebca6@group-2BD5FDFEBF54-LeaderElection1] INFO  impl.LeaderElection (LeaderElection.java:askForVotes(448)) - 0fee975d-e734-400e-bdb4-ee8e3ebebca6@group-2BD5FDFEBF54-LeaderElection1 PRE_VOTE round 0: submit vote requests at term 0 for conf: {index: -1, cur=peers:[0fee975d-e734-400e-bdb4-ee8e3ebebca6|localhost:15004]|listeners:[], old=null}
2025-07-02 18:45:08,503 [0fee975d-e734-400e-bdb4-ee8e3ebebca6@group-2BD5FDFEBF54-LeaderElection1] INFO  impl.LeaderElection (LeaderElection.java:askForVotes(450)) - 0fee975d-e734-400e-bdb4-ee8e3ebebca6@group-2BD5FDFEBF54-LeaderElection1 PRE_VOTE round 0: result PASSED (term=0)
2025-07-02 18:45:08,506 [0fee975d-e734-400e-bdb4-ee8e3ebebca6@group-2BD5FDFEBF54-LeaderElection1] INFO  impl.LeaderElection (LeaderElection.java:askForVotes(448)) - 0fee975d-e734-400e-bdb4-ee8e3ebebca6@group-2BD5FDFEBF54-LeaderElection1 ELECTION round 0: submit vote requests at term 1 for conf: {index: -1, cur=peers:[0fee975d-e734-400e-bdb4-ee8e3ebebca6|localhost:15004]|listeners:[], old=null}
2025-07-02 18:45:08,506 [0fee975d-e734-400e-bdb4-ee8e3ebebca6@group-2BD5FDFEBF54-LeaderElection1] INFO  impl.LeaderElection (LeaderElection.java:askForVotes(450)) - 0fee975d-e734-400e-bdb4-ee8e3ebebca6@group-2BD5FDFEBF54-LeaderElection1 ELECTION round 0: result PASSED (term=1)
2025-07-02 18:45:08,506 [0fee975d-e734-400e-bdb4-ee8e3ebebca6@group-2BD5FDFEBF54-LeaderElection1] INFO  impl.RoleInfo (RoleInfo.java:shutdownLeaderElection(141)) - 0fee975d-e734-400e-bdb4-ee8e3ebebca6: shutdown 0fee975d-e734-400e-bdb4-ee8e3ebebca6@group-2BD5FDFEBF54-LeaderElection1
2025-07-02 18:45:08,507 [0fee975d-e734-400e-bdb4-ee8e3ebebca6@group-2BD5FDFEBF54-LeaderElection1] INFO  server.RaftServer$Division (RaftServerImpl.java:setRole(392)) - 0fee975d-e734-400e-bdb4-ee8e3ebebca6@group-2BD5FDFEBF54: changes role from CANDIDATE to LEADER at term 1 for changeToLeader
2025-07-02 18:45:08,510 [0fee975d-e734-400e-bdb4-ee8e3ebebca6@group-2BD5FDFEBF54-LeaderElection1] INFO  server.RaftServerConfigKeys (ConfUtils.java:logGet(62)) - raft.server.staging.catchup.gap = 1000 (default)
2025-07-02 18:45:08,511 [0fee975d-e734-400e-bdb4-ee8e3ebebca6@group-2BD5FDFEBF54-LeaderElection1] INFO  server.RaftServerConfigKeys (ConfUtils.java:logFallback(69)) - raft.server.staging.timeout = 15600ms (fallback to raft.server.rpc.timeout.max)
2025-07-02 18:45:08,513 [0fee975d-e734-400e-bdb4-ee8e3ebebca6@group-2BD5FDFEBF54-LeaderElection1] INFO  server.RaftServerConfigKeys (ConfUtils.java:logGet(62)) - raft.server.write.element-limit = 4096 (default)
2025-07-02 18:45:08,513 [0fee975d-e734-400e-bdb4-ee8e3ebebca6@group-2BD5FDFEBF54-LeaderElection1] INFO  server.RaftServerConfigKeys (ConfUtils.java:logGet(62)) - raft.server.write.byte-limit = 64MB (=67108864) (default)
2025-07-02 18:45:08,515 [0fee975d-e734-400e-bdb4-ee8e3ebebca6@group-2BD5FDFEBF54-LeaderElection1] INFO  server.RaftServerConfigKeys (ConfUtils.java:logGet(62)) - raft.server.watch.timeout = 10s (default)
2025-07-02 18:45:08,516 [0fee975d-e734-400e-bdb4-ee8e3ebebca6@group-2BD5FDFEBF54-LeaderElection1] INFO  server.RaftServerConfigKeys (ConfUtils.java:logGet(62)) - raft.server.watch.timeout.denomination = 1s (default)
2025-07-02 18:45:08,516 [0fee975d-e734-400e-bdb4-ee8e3ebebca6@group-2BD5FDFEBF54-LeaderElection1] INFO  server.RaftServerConfigKeys (ConfUtils.java:logGet(62)) - raft.server.watch.element-limit = 65536 (default)
2025-07-02 18:45:08,521 [0fee975d-e734-400e-bdb4-ee8e3ebebca6@group-2BD5FDFEBF54-LeaderElection1] INFO  server.RaftServerConfigKeys (ConfUtils.java:logGet(62)) - raft.server.read.leader.lease.enabled = false (default)
2025-07-02 18:45:08,522 [0fee975d-e734-400e-bdb4-ee8e3ebebca6@group-2BD5FDFEBF54-LeaderElection1] INFO  server.RaftServerConfigKeys (ConfUtils.java:logGet(62)) - raft.server.read.leader.lease.timeout.ratio = 0.9 (default)
2025-07-02 18:45:08,522 [0fee975d-e734-400e-bdb4-ee8e3ebebca6@group-2BD5FDFEBF54-LeaderElection1] INFO  server.RaftServerConfigKeys (ConfUtils.java:logGet(62)) - raft.server.log.log-metadata.enabled = false (custom)
2025-07-02 18:45:08,523 [0fee975d-e734-400e-bdb4-ee8e3ebebca6@group-2BD5FDFEBF54-LeaderElection1] INFO  server.RaftServerConfigKeys (ConfUtils.java:logGet(62)) - raft.server.write.follower.gap.ratio.max = -1.0 (default)
2025-07-02 18:45:08,524 [0fee975d-e734-400e-bdb4-ee8e3ebebca6@group-2BD5FDFEBF54-LeaderElection1] INFO  impl.RoleInfo (RoleInfo.java:updateAndGet(148)) - 0fee975d-e734-400e-bdb4-ee8e3ebebca6: start 0fee975d-e734-400e-bdb4-ee8e3ebebca6@group-2BD5FDFEBF54-LeaderStateImpl
2025-07-02 18:45:08,524 [0fee975d-e734-400e-bdb4-ee8e3ebebca6@group-2BD5FDFEBF54-LeaderElection1] INFO  server.RaftServer$Division (RaftServerImpl.java:setFirstElection(576)) - 0fee975d-e734-400e-bdb4-ee8e3ebebca6@group-2BD5FDFEBF54: set firstElectionSinceStartup to false for becomeLeader
2025-07-02 18:45:08,524 [0fee975d-e734-400e-bdb4-ee8e3ebebca6@group-2BD5FDFEBF54-LeaderElection1] INFO  server.RaftServer$Division (ServerState.java:setLeader(272)) - 0fee975d-e734-400e-bdb4-ee8e3ebebca6@group-2BD5FDFEBF54: change Leader from null to 0fee975d-e734-400e-bdb4-ee8e3ebebca6 at term 1 for becomeLeader, leader elected after 1408ms
2025-07-02 18:45:08,536 [0fee975d-e734-400e-bdb4-ee8e3ebebca6@group-2BD5FDFEBF54-LeaderElection1] INFO  segmented.SegmentedRaftLogWorker (SegmentedRaftLogWorker.java:startLogSegment(440)) - 0fee975d-e734-400e-bdb4-ee8e3ebebca6@group-2BD5FDFEBF54-SegmentedRaftLogWorker: Starting segment from index:0
2025-07-02 18:45:08,551 [0fee975d-e734-400e-bdb4-ee8e3ebebca6@group-2BD5FDFEBF54-LeaderElection1] INFO  server.RaftServer$Division (ServerState.java:setRaftConf(386)) - 0fee975d-e734-400e-bdb4-ee8e3ebebca6@group-2BD5FDFEBF54: set configuration conf: {index: 0, cur=peers:[0fee975d-e734-400e-bdb4-ee8e3ebebca6|localhost:15004]|listeners:[], old=null}
2025-07-02 18:45:08,560 [0fee975d-e734-400e-bdb4-ee8e3ebebca6@group-2BD5FDFEBF54-SegmentedRaftLogWorker] INFO  segmented.BufferedWriteChannel (BufferedWriteChannel.java:open(61)) - open log_inprogress_0 at position 0
2025-07-02 18:45:08,571 [0fee975d-e734-400e-bdb4-ee8e3ebebca6@group-2BD5FDFEBF54-SegmentedRaftLogWorker] INFO  segmented.SegmentedRaftLogWorker (SegmentedRaftLogWorker.java:execute(647)) - 0fee975d-e734-400e-bdb4-ee8e3ebebca6@group-2BD5FDFEBF54-SegmentedRaftLogWorker: created new log segment /home/runner/work/ozone/ozone/hadoop-ozone/integration-test/target/test-dir/MiniOzoneClusterImpl-b7e00dfa-d3b8-45cf-9d3a-2bd5fdfebf54/ozone-meta/scm-ha/b7e00dfa-d3b8-45cf-9d3a-2bd5fdfebf54/current/log_inprogress_0
2025-07-02 18:45:08,579 [0fee975d-e734-400e-bdb4-ee8e3ebebca6@group-2BD5FDFEBF54-StateMachineUpdater] INFO  server.RaftServer$Division (LeaderStateImpl.java:checkStartIndex(309)) - Leader 0fee975d-e734-400e-bdb4-ee8e3ebebca6@group-2BD5FDFEBF54-LeaderStateImpl is ready since appliedIndex == startIndex == 0
2025-07-02 18:45:09,358 [main] INFO  server.RaftServer (RaftServerProxy.java:lambda$close$9(422)) - 0fee975d-e734-400e-bdb4-ee8e3ebebca6: close
2025-07-02 18:45:09,359 [0fee975d-e734-400e-bdb4-ee8e3ebebca6-impl-thread1] INFO  server.RaftServer$Division (RaftServerImpl.java:lambda$close$1(527)) - 0fee975d-e734-400e-bdb4-ee8e3ebebca6@group-2BD5FDFEBF54: shutdown
2025-07-02 18:45:09,359 [main] INFO  server.GrpcServicesImpl (GrpcServicesImpl.java:closeImpl(355)) - 0fee975d-e734-400e-bdb4-ee8e3ebebca6: shutdown server GrpcServerProtocolService now
2025-07-02 18:45:09,360 [0fee975d-e734-400e-bdb4-ee8e3ebebca6-impl-thread1] INFO  util.JmxRegister (JmxRegister.java:unregister(74)) - Successfully un-registered JMX Bean with object name Ratis:service=RaftServer,group=group-2BD5FDFEBF54,id=0fee975d-e734-400e-bdb4-ee8e3ebebca6
2025-07-02 18:45:09,360 [0fee975d-e734-400e-bdb4-ee8e3ebebca6-impl-thread1] INFO  impl.RoleInfo (RoleInfo.java:shutdownLeaderState(103)) - 0fee975d-e734-400e-bdb4-ee8e3ebebca6: shutdown 0fee975d-e734-400e-bdb4-ee8e3ebebca6@group-2BD5FDFEBF54-LeaderStateImpl
2025-07-02 18:45:09,364 [0fee975d-e734-400e-bdb4-ee8e3ebebca6-impl-thread1] INFO  impl.PendingRequests (PendingRequests.java:sendNotLeaderResponses(287)) - 0fee975d-e734-400e-bdb4-ee8e3ebebca6@group-2BD5FDFEBF54-PendingRequests: sendNotLeaderResponses
2025-07-02 18:45:09,366 [main] INFO  server.GrpcServicesImpl (GrpcServicesImpl.java:closeImpl(364)) - 0fee975d-e734-400e-bdb4-ee8e3ebebca6: shutdown server GrpcServerProtocolService successfully
2025-07-02 18:45:09,367 [0fee975d-e734-400e-bdb4-ee8e3ebebca6-impl-thread1] INFO  impl.StateMachineUpdater (StateMachineUpdater.java:stopAndJoin(163)) - 0fee975d-e734-400e-bdb4-ee8e3ebebca6@group-2BD5FDFEBF54-StateMachineUpdater: set stopIndex = 0
2025-07-02 18:45:09,368 [0fee975d-e734-400e-bdb4-ee8e3ebebca6@group-2BD5FDFEBF54-StateMachineUpdater] INFO  impl.StateMachineUpdater (StateMachineUpdater.java:takeSnapshot(307)) - 0fee975d-e734-400e-bdb4-ee8e3ebebca6@group-2BD5FDFEBF54-StateMachineUpdater: Took a snapshot at index 0
2025-07-02 18:45:09,368 [0fee975d-e734-400e-bdb4-ee8e3ebebca6@group-2BD5FDFEBF54-StateMachineUpdater] INFO  impl.StateMachineUpdater (StateMachineUpdater.java:lambda$new$0(101)) - 0fee975d-e734-400e-bdb4-ee8e3ebebca6@group-2BD5FDFEBF54-StateMachineUpdater: snapshotIndex: updateIncreasingly -1 -> 0
2025-07-02 18:45:09,369 [0fee975d-e734-400e-bdb4-ee8e3ebebca6@group-2BD5FDFEBF54-StateMachineUpdater] INFO  impl.StateMachineUpdater (StateMachineUpdater.java:stop(140)) - 0fee975d-e734-400e-bdb4-ee8e3ebebca6@group-2BD5FDFEBF54-StateMachineUpdater: closing SCMStateMachine, lastApplied=(t:1, i:0)
2025-07-02 18:45:09,370 [0fee975d-e734-400e-bdb4-ee8e3ebebca6@group-2BD5FDFEBF54-cacheEviction-AwaitToRun] INFO  util.AwaitToRun (AwaitToRun.java:run(49)) - 0fee975d-e734-400e-bdb4-ee8e3ebebca6@group-2BD5FDFEBF54-cacheEviction-AwaitToRun-AwaitForSignal is interrupted
2025-07-02 18:45:09,576 [0fee975d-e734-400e-bdb4-ee8e3ebebca6-impl-thread1] INFO  segmented.SegmentedRaftLogWorker (SegmentedRaftLogWorker.java:close(254)) - 0fee975d-e734-400e-bdb4-ee8e3ebebca6@group-2BD5FDFEBF54-SegmentedRaftLogWorker close()
2025-07-02 18:45:09,581 [JvmPauseMonitor0] INFO  util.JvmPauseMonitor (JvmPauseMonitor.java:run(152)) - JvmPauseMonitor-0fee975d-e734-400e-bdb4-ee8e3ebebca6: Stopped
2025-07-02 18:45:09,612 [main] WARN  server.ServerUtils (ServerUtils.java:getScmDbDir(138)) - ozone.scm.db.dirs is not configured. We recommend adding this setting. Falling back to ozone.metadata.dirs instead.
2025-07-02 18:45:09,614 [main] INFO  ha.SCMHANodeDetails (SCMHANodeDetails.java:loadSCMHAConfig(162)) - ServiceID for StorageContainerManager is null
2025-07-02 18:45:09,614 [main] INFO  ha.SCMHANodeDetails (SCMHANodeDetails.java:loadSCMHAConfig(166)) - ozone.scm.default.service.id is not defined, falling back to ozone.scm.service.ids to find serviceID for StorageContainerManager if it is HA enabled cluster
2025-07-02 18:45:09,965 [main] WARN  utils.HAUtils (HAUtils.java:getMetaDir(311)) - ozone.scm.db.dirs is not configured. We recommend adding this setting. Falling back to ozone.metadata.dirs instead.
2025-07-02 18:45:10,062 [main] WARN  db.DBStoreBuilder (DBStoreBuilder.java:getDBDirPath(159)) - ozone.scm.db.dirs is not configured. We recommend adding this setting. Falling back to ozone.metadata.dirs instead.
2025-07-02 18:45:10,244 [main] INFO  net.NodeSchemaLoader (NodeSchemaLoader.java:loadSchemaFromFile(128)) - Loading schema from [jar:file:/home/runner/work/ozone/ozone/hadoop-hdds/common/target/hdds-common-2.1.0-SNAPSHOT.jar!/network-topology-default.xml]
2025-07-02 18:45:10,245 [main] INFO  net.NodeSchemaLoader (NodeSchemaLoader.java:loadSchema(175)) - Loading network topology layer schema file
2025-07-02 18:45:10,350 [main] INFO  ha.SCMRatisServerImpl (SCMRatisServerImpl.java:<init>(100)) - starting Raft server for scm:0fee975d-e734-400e-bdb4-ee8e3ebebca6
2025-07-02 18:45:10,353 [main] INFO  server.RaftServerConfigKeys (ConfUtils.java:logGet(62)) - raft.server.log.appender.buffer.byte-limit = 4194304 (custom)
2025-07-02 18:45:10,356 [main] INFO  grpc.GrpcConfigKeys (ConfUtils.java:logFallback(69)) - raft.grpc.admin.host = null (fallback to raft.grpc.server.host)
2025-07-02 18:45:10,356 [main] INFO  grpc.GrpcConfigKeys (ConfUtils.java:logFallback(69)) - raft.grpc.admin.port = 15004 (fallback to raft.grpc.server.port)
2025-07-02 18:45:10,356 [main] INFO  grpc.GrpcConfigKeys (ConfUtils.java:logFallback(69)) - raft.grpc.client.host = null (fallback to raft.grpc.server.host)
2025-07-02 18:45:10,356 [main] INFO  grpc.GrpcConfigKeys (ConfUtils.java:logFallback(69)) - raft.grpc.client.port = 15004 (fallback to raft.grpc.server.port)
2025-07-02 18:45:10,356 [main] INFO  server.GrpcServicesImpl (ConfUtils.java:logGet(62)) - raft.grpc.message.size.max = 5242880 (custom)
2025-07-02 18:45:10,357 [main] INFO  server.RaftServerConfigKeys (ConfUtils.java:logGet(62)) - raft.server.log.appender.buffer.byte-limit = 4194304 (custom)
2025-07-02 18:45:10,359 [0fee975d-e734-400e-bdb4-ee8e3ebebca6-impl-thread1] INFO  server.RaftServer (RaftServerProxy.java:initGroupDir(270)) - 0fee975d-e734-400e-bdb4-ee8e3ebebca6: found a subdirectory /home/runner/work/ozone/ozone/hadoop-ozone/integration-test/target/test-dir/MiniOzoneClusterImpl-b7e00dfa-d3b8-45cf-9d3a-2bd5fdfebf54/ozone-meta/scm-ha/b7e00dfa-d3b8-45cf-9d3a-2bd5fdfebf54
2025-07-02 18:45:10,360 [main] INFO  server.RaftServer (RaftServerProxy.java:addNew(105)) - 0fee975d-e734-400e-bdb4-ee8e3ebebca6: addNew group-2BD5FDFEBF54:[] returns group-2BD5FDFEBF54:java.util.concurrent.CompletableFuture@5da57a64[Not completed]
2025-07-02 18:45:10,362 [0fee975d-e734-400e-bdb4-ee8e3ebebca6-groupManagement] INFO  server.RaftServer$Division (RaftServerImpl.java:<init>(268)) - 0fee975d-e734-400e-bdb4-ee8e3ebebca6: new RaftServerImpl for group-2BD5FDFEBF54:[] with SCMStateMachine:uninitialized
2025-07-02 18:45:10,363 [0fee975d-e734-400e-bdb4-ee8e3ebebca6-groupManagement] INFO  server.RaftServer$Division (ServerState.java:<init>(114)) - 0fee975d-e734-400e-bdb4-ee8e3ebebca6@group-2BD5FDFEBF54: ConfigurationManager, init=conf: {index: -1, cur=peers:[]|listeners:[], old=null}, confs=<EMPTY_MAP>
2025-07-02 18:45:10,372 [main] INFO  ha.SCMSnapshotProvider (SCMSnapshotProvider.java:<init>(61)) - Initializing SCM Snapshot Provider
2025-07-02 18:45:10,372 [main] WARN  server.ServerUtils (ServerUtils.java:getDefaultRatisDirectory(304)) - Storage directory for Ratis is not configured. It is a good idea to map this to an SSD disk. Falling back to ozone.metadata.dirs
2025-07-02 18:45:10,373 [main] WARN  ha.SCMHAUtils (SCMHAUtils.java:getSCMRatisSnapshotDirectory(120)) - SCM snapshot dir is not configured. Falling back to ozone.metadata.dirs config
2025-07-02 18:45:10,399 [main] INFO  upgrade.AbstractLayoutVersionManager (AbstractLayoutVersionManager.java:init(80)) - Initializing Layout version manager with metadata layout = HBASE_SUPPORT (version = 8), software layout = HBASE_SUPPORT (version = 8)
2025-07-02 18:45:10,427 [main] INFO  ha.SequenceIdGenerator (SequenceIdGenerator.java:upgradeToSequenceId(353)) - upgrade localId to 115816896921600000
2025-07-02 18:45:10,428 [main] INFO  ha.SequenceIdGenerator (SequenceIdGenerator.java:upgradeToSequenceId(363)) - upgrade delTxnId to 0
2025-07-02 18:45:10,435 [main] INFO  ha.SequenceIdGenerator (SequenceIdGenerator.java:upgradeToSequenceId(379)) - upgrade containerId to 0
2025-07-02 18:45:10,438 [main] INFO  ha.SequenceIdGenerator (SequenceIdGenerator.java:upgradeToCertificateSequenceId(414)) - upgrade CertificateId to 2
2025-07-02 18:45:10,440 [main] INFO  ha.SequenceIdGenerator (SequenceIdGenerator.java:<init>(231)) - Init the HA SequenceIdGenerator.
2025-07-02 18:45:10,496 [main] INFO  node.SCMNodeManager (SCMNodeManager.java:<init>(180)) - Entering startup safe mode.
2025-07-02 18:45:10,510 [main] INFO  algorithms.ContainerPlacementPolicyFactory (ContainerPlacementPolicyFactory.java:getPolicyInternal(83)) - Create container placement policy of type org.apache.hadoop.hdds.scm.container.placement.algorithms.SCMContainerPlacementRackAware
2025-07-02 18:45:10,515 [main] INFO  algorithms.ContainerPlacementPolicyFactory (ContainerPlacementPolicyFactory.java:getPolicyInternal(83)) - Create container placement policy of type org.apache.hadoop.hdds.scm.container.placement.algorithms.SCMContainerPlacementRackScatter
2025-07-02 18:45:10,524 [main] INFO  pipeline.PipelineStateManagerImpl (PipelineStateManagerImpl.java:initialize(75)) - No pipeline exists in current db
2025-07-02 18:45:10,538 [main] INFO  algorithms.LeaderChoosePolicyFactory (LeaderChoosePolicyFactory.java:getPolicy(55)) - Create leader choose policy of type org.apache.hadoop.hdds.scm.pipeline.leader.choose.algorithms.MinLeaderCountChoosePolicy
2025-07-02 18:45:10,539 [main] INFO  algorithms.ContainerPlacementPolicyFactory (ContainerPlacementPolicyFactory.java:getPolicyInternal(83)) - Create container placement policy of type org.apache.hadoop.hdds.scm.container.placement.algorithms.SCMContainerPlacementRackScatter
2025-07-02 18:45:10,547 [main] INFO  ha.SCMServiceManager (SCMServiceManager.java:register(42)) - Registering service BackgroundPipelineCreator.
2025-07-02 18:45:10,547 [main] INFO  pipeline.BackgroundPipelineCreator (BackgroundPipelineCreator.java:start(126)) - Starting RatisPipelineUtilsThread.
2025-07-02 18:45:10,550 [main] INFO  BackgroundPipelineScrubber (BackgroundSCMService.java:start(64)) - Starting BackgroundPipelineScrubber Service.
2025-07-02 18:45:10,550 [main] INFO  ha.SCMServiceManager (SCMServiceManager.java:register(42)) - Registering service BackgroundPipelineScrubber.
2025-07-02 18:45:10,556 [main] INFO  ExpiredContainerReplicaOpScrubber (BackgroundSCMService.java:start(64)) - Starting ExpiredContainerReplicaOpScrubber Service.
2025-07-02 18:45:10,556 [main] INFO  ha.SCMServiceManager (SCMServiceManager.java:register(42)) - Registering service ExpiredContainerReplicaOpScrubber.
2025-07-02 18:45:10,586 [main] INFO  algorithms.PipelineChoosePolicyFactory (PipelineChoosePolicyFactory.java:createPipelineChoosePolicyFromClass(78)) - Create pipeline choose policy of type org.apache.hadoop.hdds.scm.pipeline.choose.algorithms.RandomPipelineChoosePolicy
2025-07-02 18:45:10,586 [main] INFO  algorithms.PipelineChoosePolicyFactory (PipelineChoosePolicyFactory.java:createPipelineChoosePolicyFromClass(78)) - Create pipeline choose policy of type org.apache.hadoop.hdds.scm.pipeline.choose.algorithms.RandomPipelineChoosePolicy
2025-07-02 18:45:10,622 [main] WARN  statemachine.DatanodeConfiguration (DatanodeConfiguration.java:validateMinFreeSpace(751)) - hdds.datanode.volume.min.free.space.percent = -1.0 is invalid, should be between 0 and 1
2025-07-02 18:45:10,622 [main] INFO  ha.SCMServiceManager (SCMServiceManager.java:register(42)) - Registering service SCMBlockDeletingService.
2025-07-02 18:45:10,676 [main] INFO  replication.ReplicationManager (ReplicationManager.java:start(285)) - Starting Replication Monitor Thread.
2025-07-02 18:45:10,677 [main] INFO  ha.SCMServiceManager (SCMServiceManager.java:register(42)) - Registering service ReplicationManager.
2025-07-02 18:45:10,687 [main] INFO  safemode.RatisContainerSafeModeRule (RatisContainerSafeModeRule.java:initializeRule(160)) - Refreshed Containers with one replica threshold count 0.
2025-07-02 18:45:10,688 [main] INFO  safemode.ECContainerSafeModeRule (ECContainerSafeModeRule.java:initializeRule(205)) - Refreshed Containers with ec n replica threshold count 0.
2025-07-02 18:45:10,693 [main] INFO  safemode.HealthyPipelineSafeModeRule (HealthyPipelineSafeModeRule.java:initializeRule(232)) - Total pipeline count is 0, healthy pipeline threshold count is 1
2025-07-02 18:45:10,695 [main] INFO  safemode.OneReplicaPipelineSafeModeRule (OneReplicaPipelineSafeModeRule.java:initializeRule(190)) - Total pipeline count is 0, pipeline's with at least one datanode reported threshold count is 0
2025-07-02 18:45:10,751 [main] INFO  server.StorageContainerManager (StorageContainerManager.java:<init>(433)) - SCM start with adminUsers: [admin, runner]
2025-07-02 18:45:10,935 [main] INFO  audit.AuditLogger (AuditLogger.java:refreshDebugCmdSet(133)) - Refresh DebugCmdSet for SCMAudit to [].
2025-07-02 18:45:10,954 [main] INFO  ipc.CallQueueManager (CallQueueManager.java:<init>(93)) - Using callQueue: class java.util.concurrent.LinkedBlockingQueue, queueCapacity: 10000, scheduler: class org.apache.hadoop.ipc.DefaultRpcScheduler, ipcBackoff: false, ipcFailOver: false.
2025-07-02 18:45:10,972 [main] INFO  ipc.Server (Server.java:<init>(1438)) - Listener at 0.0.0.0:15002
2025-07-02 18:45:10,973 [Socket Reader #1 for port 15002] INFO  ipc.Server (Server.java:run(1474)) - Starting Socket Reader #1 for port 15002
2025-07-02 18:45:10,974 [Socket Reader #2 for port 15002] INFO  ipc.Server (Server.java:run(1474)) - Starting Socket Reader #2 for port 15002
2025-07-02 18:45:10,975 [Socket Reader #3 for port 15002] INFO  ipc.Server (Server.java:run(1474)) - Starting Socket Reader #3 for port 15002
2025-07-02 18:45:10,976 [Socket Reader #4 for port 15002] INFO  ipc.Server (Server.java:run(1474)) - Starting Socket Reader #4 for port 15002
2025-07-02 18:45:10,976 [Socket Reader #5 for port 15002] INFO  ipc.Server (Server.java:run(1474)) - Starting Socket Reader #5 for port 15002
2025-07-02 18:45:10,977 [Socket Reader #7 for port 15002] INFO  ipc.Server (Server.java:run(1474)) - Starting Socket Reader #7 for port 15002
2025-07-02 18:45:10,977 [Socket Reader #6 for port 15002] INFO  ipc.Server (Server.java:run(1474)) - Starting Socket Reader #6 for port 15002
2025-07-02 18:45:10,978 [Socket Reader #8 for port 15002] INFO  ipc.Server (Server.java:run(1474)) - Starting Socket Reader #8 for port 15002
2025-07-02 18:45:10,979 [Socket Reader #9 for port 15002] INFO  ipc.Server (Server.java:run(1474)) - Starting Socket Reader #9 for port 15002
2025-07-02 18:45:10,979 [Socket Reader #10 for port 15002] INFO  ipc.Server (Server.java:run(1474)) - Starting Socket Reader #10 for port 15002
2025-07-02 18:45:11,021 [main] INFO  audit.AuditLogger (AuditLogger.java:refreshDebugCmdSet(133)) - Refresh DebugCmdSet for SCMAudit to [].
2025-07-02 18:45:11,026 [main] INFO  ipc.CallQueueManager (CallQueueManager.java:<init>(93)) - Using callQueue: class java.util.concurrent.LinkedBlockingQueue, queueCapacity: 10000, scheduler: class org.apache.hadoop.ipc.DefaultRpcScheduler, ipcBackoff: false, ipcFailOver: false.
2025-07-02 18:45:11,027 [main] INFO  ipc.Server (Server.java:<init>(1438)) - Listener at 0.0.0.0:15001
2025-07-02 18:45:11,027 [Socket Reader #1 for port 15001] INFO  ipc.Server (Server.java:run(1474)) - Starting Socket Reader #1 for port 15001
2025-07-02 18:45:11,028 [Socket Reader #2 for port 15001] INFO  ipc.Server (Server.java:run(1474)) - Starting Socket Reader #2 for port 15001
2025-07-02 18:45:11,028 [Socket Reader #4 for port 15001] INFO  ipc.Server (Server.java:run(1474)) - Starting Socket Reader #4 for port 15001
2025-07-02 18:45:11,028 [Socket Reader #3 for port 15001] INFO  ipc.Server (Server.java:run(1474)) - Starting Socket Reader #3 for port 15001
2025-07-02 18:45:11,029 [Socket Reader #5 for port 15001] INFO  ipc.Server (Server.java:run(1474)) - Starting Socket Reader #5 for port 15001
2025-07-02 18:45:11,029 [Socket Reader #6 for port 15001] INFO  ipc.Server (Server.java:run(1474)) - Starting Socket Reader #6 for port 15001
2025-07-02 18:45:11,029 [Socket Reader #7 for port 15001] INFO  ipc.Server (Server.java:run(1474)) - Starting Socket Reader #7 for port 15001
2025-07-02 18:45:11,030 [Socket Reader #8 for port 15001] INFO  ipc.Server (Server.java:run(1474)) - Starting Socket Reader #8 for port 15001
2025-07-02 18:45:11,030 [Socket Reader #9 for port 15001] INFO  ipc.Server (Server.java:run(1474)) - Starting Socket Reader #9 for port 15001
2025-07-02 18:45:11,030 [Socket Reader #10 for port 15001] INFO  ipc.Server (Server.java:run(1474)) - Starting Socket Reader #10 for port 15001
2025-07-02 18:45:11,065 [main] INFO  audit.AuditLogger (AuditLogger.java:refreshDebugCmdSet(133)) - Refresh DebugCmdSet for SCMAudit to [].
2025-07-02 18:45:11,076 [main] INFO  ipc.CallQueueManager (CallQueueManager.java:<init>(93)) - Using callQueue: class java.util.concurrent.LinkedBlockingQueue, queueCapacity: 10000, scheduler: class org.apache.hadoop.ipc.DefaultRpcScheduler, ipcBackoff: false, ipcFailOver: false.
2025-07-02 18:45:11,076 [main] INFO  ipc.Server (Server.java:<init>(1438)) - Listener at 0.0.0.0:15000
2025-07-02 18:45:11,077 [Socket Reader #1 for port 15000] INFO  ipc.Server (Server.java:run(1474)) - Starting Socket Reader #1 for port 15000
2025-07-02 18:45:11,077 [Socket Reader #2 for port 15000] INFO  ipc.Server (Server.java:run(1474)) - Starting Socket Reader #2 for port 15000
2025-07-02 18:45:11,077 [Socket Reader #3 for port 15000] INFO  ipc.Server (Server.java:run(1474)) - Starting Socket Reader #3 for port 15000
2025-07-02 18:45:11,078 [Socket Reader #4 for port 15000] INFO  ipc.Server (Server.java:run(1474)) - Starting Socket Reader #4 for port 15000
2025-07-02 18:45:11,078 [Socket Reader #5 for port 15000] INFO  ipc.Server (Server.java:run(1474)) - Starting Socket Reader #5 for port 15000
2025-07-02 18:45:11,078 [Socket Reader #6 for port 15000] INFO  ipc.Server (Server.java:run(1474)) - Starting Socket Reader #6 for port 15000
2025-07-02 18:45:11,079 [Socket Reader #7 for port 15000] INFO  ipc.Server (Server.java:run(1474)) - Starting Socket Reader #7 for port 15000
2025-07-02 18:45:11,079 [Socket Reader #8 for port 15000] INFO  ipc.Server (Server.java:run(1474)) - Starting Socket Reader #8 for port 15000
2025-07-02 18:45:11,080 [Socket Reader #9 for port 15000] INFO  ipc.Server (Server.java:run(1474)) - Starting Socket Reader #9 for port 15000
2025-07-02 18:45:11,080 [Socket Reader #10 for port 15000] INFO  ipc.Server (Server.java:run(1474)) - Starting Socket Reader #10 for port 15000
2025-07-02 18:45:11,129 [main] INFO  ha.SCMServiceManager (SCMServiceManager.java:register(42)) - Registering service ContainerBalancer.
2025-07-02 18:45:11,130 [main] INFO  ha.SCMContext (SCMContext.java:updateSafeModeStatus(224)) - Update SafeModeStatus from SafeModeStatus{safeModeStatus=true, preCheckPassed=false} to SafeModeStatus{safeModeStatus=true, preCheckPassed=false}.
2025-07-02 18:45:11,139 [main] INFO  server.StorageContainerManager (StorageContainerManager.java:start(1514)) - StorageContainerLocationProtocol RPC server is listening at /0.0.0.0:15000
2025-07-02 18:45:11,140 [main] INFO  ha.SCMRatisServerImpl (SCMRatisServerImpl.java:start(203)) - starting ratis server 0.0.0.0:15004
2025-07-02 18:45:11,153 [0fee975d-e734-400e-bdb4-ee8e3ebebca6-impl-thread1] INFO  storage.RaftStorageDirectory (RaftStorageDirectoryImpl.java:tryLock(229)) - Lock on /home/runner/work/ozone/ozone/hadoop-ozone/integration-test/target/test-dir/MiniOzoneClusterImpl-b7e00dfa-d3b8-45cf-9d3a-2bd5fdfebf54/ozone-meta/scm-ha/b7e00dfa-d3b8-45cf-9d3a-2bd5fdfebf54/in_use.lock acquired by nodename 44808@localhost
2025-07-02 18:45:11,155 [0fee975d-e734-400e-bdb4-ee8e3ebebca6-impl-thread1] INFO  storage.RaftStorage (RaftStorageImpl.java:analyzeAndRecoverStorage(118)) - Read RaftStorageMetadata{term=1, votedFor=0fee975d-e734-400e-bdb4-ee8e3ebebca6} from /home/runner/work/ozone/ozone/hadoop-ozone/integration-test/target/test-dir/MiniOzoneClusterImpl-b7e00dfa-d3b8-45cf-9d3a-2bd5fdfebf54/ozone-meta/scm-ha/b7e00dfa-d3b8-45cf-9d3a-2bd5fdfebf54/current/raft-meta
2025-07-02 18:45:11,157 [0fee975d-e734-400e-bdb4-ee8e3ebebca6-impl-thread1] INFO  server.RaftServer$Division (ServerState.java:setRaftConf(386)) - 0fee975d-e734-400e-bdb4-ee8e3ebebca6@group-2BD5FDFEBF54: set configuration conf: {index: 0, cur=peers:[0fee975d-e734-400e-bdb4-ee8e3ebebca6|localhost:15004]|listeners:[], old=null}
2025-07-02 18:45:11,158 [0fee975d-e734-400e-bdb4-ee8e3ebebca6-impl-thread1] INFO  ha.SCMStateMachine (SCMStateMachine.java:lambda$initialize$0(135)) - 0fee975d-e734-400e-bdb4-ee8e3ebebca6: initialize group-2BD5FDFEBF54
2025-07-02 18:45:11,158 [0fee975d-e734-400e-bdb4-ee8e3ebebca6-impl-thread1] INFO  server.RaftServerConfigKeys (ConfUtils.java:logGet(62)) - raft.server.log.appender.buffer.byte-limit = 4194304 (custom)
2025-07-02 18:45:11,160 [0fee975d-e734-400e-bdb4-ee8e3ebebca6-impl-thread1] INFO  server.RaftServerConfigKeys (ConfUtils.java:logGet(62)) - raft.server.log.segment.size.max = 4194304 (custom)
2025-07-02 18:45:11,161 [0fee975d-e734-400e-bdb4-ee8e3ebebca6-impl-thread1] INFO  server.RaftServerConfigKeys (ConfUtils.java:logGet(62)) - raft.server.log.appender.buffer.byte-limit = 4194304 (custom)
2025-07-02 18:45:11,161 [0fee975d-e734-400e-bdb4-ee8e3ebebca6-impl-thread1] INFO  util.AwaitToRun (AwaitToRun.java:start(81)) - Thread[#112,0fee975d-e734-400e-bdb4-ee8e3ebebca6@group-2BD5FDFEBF54-cacheEviction-AwaitToRun,5,main] started
2025-07-02 18:45:11,161 [0fee975d-e734-400e-bdb4-ee8e3ebebca6-impl-thread1] INFO  segmented.SegmentedRaftLogWorker (SegmentedRaftLogWorker.java:<init>(190)) - new 0fee975d-e734-400e-bdb4-ee8e3ebebca6@group-2BD5FDFEBF54-SegmentedRaftLogWorker for RaftStorageImpl:Storage Directory /home/runner/work/ozone/ozone/hadoop-ozone/integration-test/target/test-dir/MiniOzoneClusterImpl-b7e00dfa-d3b8-45cf-9d3a-2bd5fdfebf54/ozone-meta/scm-ha/b7e00dfa-d3b8-45cf-9d3a-2bd5fdfebf54
2025-07-02 18:45:11,161 [0fee975d-e734-400e-bdb4-ee8e3ebebca6-impl-thread1] INFO  server.RaftServerConfigKeys (ConfUtils.java:logGet(62)) - raft.server.log.segment.size.max = 4194304 (custom)
2025-07-02 18:45:11,162 [0fee975d-e734-400e-bdb4-ee8e3ebebca6-impl-thread1] INFO  server.RaftServerConfigKeys (ConfUtils.java:logGet(62)) - raft.server.log.preallocated.size = 4194304 (custom)
2025-07-02 18:45:11,162 [0fee975d-e734-400e-bdb4-ee8e3ebebca6-impl-thread1] INFO  server.RaftServerConfigKeys (ConfUtils.java:logGet(62)) - raft.server.log.write.buffer.size = 4194312 (custom)
2025-07-02 18:45:11,164 [0fee975d-e734-400e-bdb4-ee8e3ebebca6-impl-thread1] INFO  server.RaftServerConfigKeys (ConfUtils.java:logGet(62)) - raft.server.log.appender.buffer.byte-limit = 4194304 (custom)
2025-07-02 18:45:11,169 [0fee975d-e734-400e-bdb4-ee8e3ebebca6-impl-thread1] INFO  server.RaftServer$Division (ServerState.java:setRaftConf(386)) - 0fee975d-e734-400e-bdb4-ee8e3ebebca6@group-2BD5FDFEBF54: set configuration conf: {index: 0, cur=peers:[0fee975d-e734-400e-bdb4-ee8e3ebebca6|localhost:15004]|listeners:[], old=null}
2025-07-02 18:45:11,169 [0fee975d-e734-400e-bdb4-ee8e3ebebca6-impl-thread1] INFO  segmented.LogSegment (LogSegment.java:loadSegment(171)) - Successfully read 1 entries from segment file /home/runner/work/ozone/ozone/hadoop-ozone/integration-test/target/test-dir/MiniOzoneClusterImpl-b7e00dfa-d3b8-45cf-9d3a-2bd5fdfebf54/ozone-meta/scm-ha/b7e00dfa-d3b8-45cf-9d3a-2bd5fdfebf54/current/log_inprogress_0
2025-07-02 18:45:11,170 [0fee975d-e734-400e-bdb4-ee8e3ebebca6-impl-thread1] INFO  segmented.SegmentedRaftLogWorker (SegmentedRaftLogWorker.java:lambda$new$0(141)) - 0fee975d-e734-400e-bdb4-ee8e3ebebca6@group-2BD5FDFEBF54-SegmentedRaftLogWorker: safeCacheEvictIndex: setUnconditionally 0 -> -1
2025-07-02 18:45:11,170 [0fee975d-e734-400e-bdb4-ee8e3ebebca6-impl-thread1] INFO  segmented.BufferedWriteChannel (BufferedWriteChannel.java:open(61)) - open log_inprogress_0 (append) at position 76
2025-07-02 18:45:11,170 [0fee975d-e734-400e-bdb4-ee8e3ebebca6-impl-thread1] INFO  server.RaftServer$Division (RaftServerImpl.java:start(405)) - 0fee975d-e734-400e-bdb4-ee8e3ebebca6@group-2BD5FDFEBF54: start as a follower, conf=conf: {index: 0, cur=peers:[0fee975d-e734-400e-bdb4-ee8e3ebebca6|localhost:15004]|listeners:[], old=null}
2025-07-02 18:45:11,171 [0fee975d-e734-400e-bdb4-ee8e3ebebca6-impl-thread1] INFO  server.RaftServer$Division (RaftServerImpl.java:setRole(392)) - 0fee975d-e734-400e-bdb4-ee8e3ebebca6@group-2BD5FDFEBF54: changes role from      null to FOLLOWER at term 1 for startAsFollower
2025-07-02 18:45:11,171 [0fee975d-e734-400e-bdb4-ee8e3ebebca6-impl-thread1] INFO  impl.RoleInfo (RoleInfo.java:updateAndGet(148)) - 0fee975d-e734-400e-bdb4-ee8e3ebebca6: start 0fee975d-e734-400e-bdb4-ee8e3ebebca6@group-2BD5FDFEBF54-FollowerState
2025-07-02 18:45:11,172 [0fee975d-e734-400e-bdb4-ee8e3ebebca6-impl-thread1] INFO  util.JmxRegister (JmxRegister.java:tryRegister(44)) - Successfully registered JMX Bean with object name Ratis:service=RaftServer,group=group-2BD5FDFEBF54,id=0fee975d-e734-400e-bdb4-ee8e3ebebca6
2025-07-02 18:45:11,172 [0fee975d-e734-400e-bdb4-ee8e3ebebca6-impl-thread1] INFO  util.JmxRegister (JmxRegister.java:register(58)) - register mxBean class org.apache.ratis.server.impl.RaftServerJmxAdapter as Ratis:service=RaftServer,group=group-2BD5FDFEBF54,id=0fee975d-e734-400e-bdb4-ee8e3ebebca6
2025-07-02 18:45:11,173 [0fee975d-e734-400e-bdb4-ee8e3ebebca6-impl-thread1] INFO  server.RaftServer$Division (RaftServerImpl.java:start(419)) - 0fee975d-e734-400e-bdb4-ee8e3ebebca6@group-2BD5FDFEBF54: Successfully started.
2025-07-02 18:45:11,173 [main] INFO  server.RaftServer (RaftServerProxy.java:startImpl(412)) - 0fee975d-e734-400e-bdb4-ee8e3ebebca6: start RPC server
2025-07-02 18:45:11,175 [main] INFO  server.GrpcServicesImpl (GrpcServicesImpl.java:startImpl(346)) - 0fee975d-e734-400e-bdb4-ee8e3ebebca6: GrpcServicesImpl started, listening on 15004
2025-07-02 18:45:11,176 [JvmPauseMonitor1] INFO  util.JvmPauseMonitor (JvmPauseMonitor.java:run(146)) - JvmPauseMonitor-0fee975d-e734-400e-bdb4-ee8e3ebebca6: Started
2025-07-02 18:45:11,184 [main] INFO  ha.SCMHAManagerImpl (SCMHAManagerImpl.java:start(131)) -  scm role is FOLLOWER peers [0fee975d-e734-400e-bdb4-ee8e3ebebca6|localhost:15004]
2025-07-02 18:45:11,184 [main] INFO  ha.InterSCMGrpcService (InterSCMGrpcProtocolService.java:start(98)) - Starting SCM Grpc Service at port 15005
2025-07-02 18:45:11,185 [main] INFO  SCMHATransactionMonitor (BackgroundSCMService.java:start(64)) - Starting SCMHATransactionMonitor Service.
2025-07-02 18:45:11,185 [main] INFO  ha.SCMServiceManager (SCMServiceManager.java:register(42)) - Registering service SCMHATransactionMonitor.
2025-07-02 18:45:11,186 [main] INFO  SCMHATransactionMonitor (BackgroundSCMService.java:start(61)) - SCMHATransactionMonitor Service is already running, skip start.
2025-07-02 18:45:11,225 [main] WARN  impl.MetricsConfig (MetricsConfig.java:loadFirst(138)) - Cannot locate configuration: tried hadoop-metrics2-storagecontainermanager.properties,hadoop-metrics2.properties
2025-07-02 18:45:11,233 [main] INFO  impl.MetricsSystemImpl (MetricsSystemImpl.java:startTimer(378)) - Scheduled Metric snapshot period at 10 second(s).
2025-07-02 18:45:11,234 [main] INFO  impl.MetricsSystemImpl (MetricsSystemImpl.java:start(191)) - StorageContainerManager metrics system started
2025-07-02 18:45:11,369 [main] INFO  server.SCMClientProtocolServer (SCMClientProtocolServer.java:start(209)) - RPC server for Client  is listening at /0.0.0.0:15000
2025-07-02 18:45:11,370 [IPC Server Responder] INFO  ipc.Server (Server.java:run(1713)) - IPC Server Responder: starting
2025-07-02 18:45:11,370 [IPC Server listener on 15000] INFO  ipc.Server (Server.java:run(1553)) - IPC Server listener on 15000: starting
2025-07-02 18:45:11,388 [main] INFO  server.StorageContainerManager (StorageContainerManager.java:start(1527)) - ScmBlockLocationProtocol RPC server is listening at /0.0.0.0:15001
2025-07-02 18:45:11,389 [main] INFO  server.SCMBlockProtocolServer (SCMBlockProtocolServer.java:start(166)) - RPC server for Block Protocol is listening at /0.0.0.0:15001
2025-07-02 18:45:11,390 [IPC Server Responder] INFO  ipc.Server (Server.java:run(1713)) - IPC Server Responder: starting
2025-07-02 18:45:11,390 [IPC Server listener on 15001] INFO  ipc.Server (Server.java:run(1553)) - IPC Server listener on 15001: starting
2025-07-02 18:45:11,406 [main] INFO  utils.BackgroundService (BackgroundService.java:start(118)) - Starting service SCMBlockDeletingService with interval 60000 milliseconds
2025-07-02 18:45:11,416 [main] INFO  http.BaseHttpServer (BaseHttpServer.java:newHttpServer2BuilderForOzone(229)) - Starting Web-server for scm at: http://0.0.0.0:15003
2025-07-02 18:45:11,416 [main] INFO  http.BaseHttpServer (BaseHttpServer.java:<init>(107)) - Hadoop Security Enabled: false Ozone Security Enabled: false Ozone HTTP Security Enabled: false 
2025-07-02 18:45:11,432 [main] INFO  util.log (Log.java:initialized(170)) - Logging initialized @6373ms to org.eclipse.jetty.util.log.Slf4jLog
2025-07-02 18:45:11,487 [main] WARN  server.AuthenticationFilter (AuthenticationFilter.java:constructSecretProvider(240)) - Unable to initialize FileSignerSecretProvider, falling back to use random secrets. Reason: Could not read signature secret file: /home/runner/hadoop-http-auth-signature-secret
2025-07-02 18:45:11,513 [main] INFO  http.HttpServer2 (HttpServer2.java:addGlobalFilter(1042)) - Added global filter 'safety' (class=org.apache.hadoop.hdds.server.http.HttpServer2$QuotingInputFilter)
2025-07-02 18:45:11,515 [main] INFO  http.HttpServer2 (HttpServer2.java:addFilter(1018)) - Added filter static_user_filter (class=org.apache.hadoop.http.lib.StaticUserWebFilter$StaticUserFilter) to context scm
2025-07-02 18:45:11,515 [main] INFO  http.HttpServer2 (HttpServer2.java:addFilter(1026)) - Added filter static_user_filter (class=org.apache.hadoop.http.lib.StaticUserWebFilter$StaticUserFilter) to context static
2025-07-02 18:45:11,516 [main] INFO  http.HttpServer2 (HttpServer2.java:addFilter(1026)) - Added filter static_user_filter (class=org.apache.hadoop.http.lib.StaticUserWebFilter$StaticUserFilter) to context logs
2025-07-02 18:45:11,543 [main] INFO  http.BaseHttpServer (BaseHttpServer.java:<init>(195)) - HTTP server of scm uses base directory /home/runner/work/ozone/ozone/hadoop-ozone/integration-test/target/test-dir/MiniOzoneClusterImpl-b7e00dfa-d3b8-45cf-9d3a-2bd5fdfebf54/ozone-meta/webserver
2025-07-02 18:45:11,544 [main] INFO  http.HttpServer2 (HttpServer2.java:bindListener(1242)) - Jetty bound to port 15003
2025-07-02 18:45:11,545 [main] INFO  server.Server (Server.java:doStart(375)) - jetty-9.4.57.v20241219; built: 2025-01-08T21:24:30.412Z; git: df524e6b29271c2e09ba9aea83c18dc9db464a31; jvm 21.0.7+6-LTS
2025-07-02 18:45:11,567 [main] INFO  server.session (DefaultSessionIdManager.java:doStart(334)) - DefaultSessionIdManager workerName=node0
2025-07-02 18:45:11,567 [main] INFO  server.session (DefaultSessionIdManager.java:doStart(339)) - No SessionScavenger set, using defaults
2025-07-02 18:45:11,568 [main] INFO  server.session (HouseKeeper.java:startScavenging(132)) - node0 Scavenging every 660000ms
2025-07-02 18:45:11,577 [main] INFO  handler.ContextHandler (ContextHandler.java:doStart(921)) - Started o.e.j.s.ServletContextHandler@ef59aee{logs,/logs,file:///home/runner/work/ozone/ozone/hadoop-ozone/integration-test/target/log,AVAILABLE}
2025-07-02 18:45:11,578 [main] INFO  handler.ContextHandler (ContextHandler.java:doStart(921)) - Started o.e.j.s.ServletContextHandler@402d76c7{static,/static,file:///home/runner/work/ozone/ozone/hadoop-ozone/integration-test/target/test-classes/webapps/static,AVAILABLE}
2025-07-02 18:45:11,620 [main] INFO  handler.ContextHandler (ContextHandler.java:doStart(921)) - Started o.e.j.w.WebAppContext@7a3f3bc4{scm,/,file:///home/runner/work/ozone/ozone/hadoop-ozone/integration-test/target/test-classes/webapps/scm/,AVAILABLE}{file:/home/runner/work/ozone/ozone/hadoop-ozone/integration-test/target/test-classes/webapps/scm}
2025-07-02 18:45:11,626 [main] INFO  server.AbstractConnector (AbstractConnector.java:doStart(333)) - Started ServerConnector@f31b991{HTTP/1.1, (http/1.1)}{0.0.0.0:15003}
2025-07-02 18:45:11,626 [main] INFO  server.Server (Server.java:doStart(415)) - Started @6568ms
2025-07-02 18:45:11,627 [main] INFO  impl.MetricsSinkAdapter (MetricsSinkAdapter.java:start(204)) - Sink prometheus started
2025-07-02 18:45:11,628 [main] INFO  impl.MetricsSystemImpl (MetricsSystemImpl.java:registerSink(305)) - Registered sink prometheus
2025-07-02 18:45:11,628 [main] INFO  http.BaseHttpServer (BaseHttpServer.java:updateConnectorAddress(359)) - HTTP server of scm listening at http://localhost:15003
2025-07-02 18:45:11,636 [main] WARN  server.ServerUtils (ServerUtils.java:getDBPath(292)) - ozone.om.db.dirs is not configured. We recommend adding this setting. Falling back to ozone.metadata.dirs instead.
2025-07-02 18:45:11,716 [main] INFO  audit.AuditLogger (AuditLogger.java:refreshDebugCmdSet(133)) - Refresh DebugCmdSet for OMAudit to [].
2025-07-02 18:45:11,736 [main] INFO  audit.AuditLogger (AuditLogger.java:refreshDebugCmdSet(133)) - Refresh DebugCmdSet for OMSystemAudit to [].
2025-07-02 18:45:11,783 [main] INFO  ha.OMHANodeDetails (OMHANodeDetails.java:loadOMHAConfig(113)) - ozone.om.internal.service.id is not defined, falling back to ozone.om.service.ids to find serviceID for OzoneManager if it is HA enabled cluster
2025-07-02 18:45:11,787 [main] INFO  ha.OMHANodeDetails (OMHANodeDetails.java:loadOMHAConfig(224)) - Configuration does not have ozone.om.address set. Falling back to the default OM address /127.0.0.1:15006
2025-07-02 18:45:11,787 [main] INFO  ha.OMHANodeDetails (OMHANodeDetails.java:getOMNodeDetailsForNonHA(252)) - OM Service ID is not set. Setting it to the default ID: omServiceIdDefault
2025-07-02 18:45:11,788 [main] INFO  ha.OMHANodeDetails (OMHANodeDetails.java:getOMNodeDetailsForNonHA(259)) - OM Node ID is not set. Setting it to the default ID: om1
2025-07-02 18:45:11,791 [main] WARN  server.ServerUtils (ServerUtils.java:getDBPath(292)) - ozone.om.db.dirs is not configured. We recommend adding this setting. Falling back to ozone.metadata.dirs instead.
2025-07-02 18:45:11,796 [main] INFO  upgrade.AbstractLayoutVersionManager (AbstractLayoutVersionManager.java:init(80)) - Initializing Layout version manager with metadata layout = DELEGATION_TOKEN_SYMMETRIC_SIGN (version = 8), software layout = DELEGATION_TOKEN_SYMMETRIC_SIGN (version = 8)
2025-07-02 18:45:11,932 [main] INFO  reflections.Reflections (Reflections.java:scan(219)) - Reflections took 134 ms to scan 2 urls, producing 208 keys and 621 values
2025-07-02 18:45:11,937 [main] INFO  upgrade.OMLayoutVersionManager (OMLayoutVersionManager.java:lambda$0(110)) - Skipping Upgrade Action QuotaRepairUpgradeAction since it has been finalized.
2025-07-02 18:45:11,938 [main] INFO  upgrade.OMLayoutVersionManager (OMLayoutVersionManager.java:lambda$0(110)) - Skipping Upgrade Action MockOmUpgradeAction since it has been finalized.
2025-07-02 18:45:11,940 [main] WARN  server.ServerUtils (ServerUtils.java:getDBPath(292)) - ozone.om.db.dirs is not configured. We recommend adding this setting. Falling back to ozone.metadata.dirs instead.
2025-07-02 18:45:11,946 [main] INFO  om.OzoneManager (OzoneManager.java:setReplicationFromConfig(4619)) - Set default replication in OM: RATIS/3 -> RATIS/THREE
2025-07-02 18:45:11,952 [main] INFO  proxy.SCMContainerLocationFailoverProxyProvider (SCMFailoverProxyProviderBase.java:<init>(120)) - Created fail-over proxy for protocol StorageContainerLocationProtocolPB with 1 nodes: [nodeId=scmNodeId,nodeAddress=/0.0.0.0:15000]
2025-07-02 18:45:11,992 [main] INFO  proxy.SCMBlockLocationFailoverProxyProvider (SCMFailoverProxyProviderBase.java:<init>(120)) - Created fail-over proxy for protocol ScmBlockLocationProtocolPB with 1 nodes: [nodeId=scmNodeId,nodeAddress=/0.0.0.0:15001]
2025-07-02 18:45:12,015 [main] INFO  proxy.SCMBlockLocationFailoverProxyProvider (SCMFailoverProxyProviderBase.java:<init>(120)) - Created fail-over proxy for protocol ScmBlockLocationProtocolPB with 1 nodes: [nodeId=scmNodeId,nodeAddress=/0.0.0.0:15001]
2025-07-02 18:45:12,307 [0fee975d-e734-400e-bdb4-ee8e3ebebca6@group-2BD5FDFEBF54-FollowerState] INFO  impl.FollowerState (FollowerState.java:runImpl(161)) - 0fee975d-e734-400e-bdb4-ee8e3ebebca6@group-2BD5FDFEBF54-FollowerState: change to CANDIDATE, lastRpcElapsedTime:1136058966ns, electionTimeout:1134ms
2025-07-02 18:45:12,307 [0fee975d-e734-400e-bdb4-ee8e3ebebca6@group-2BD5FDFEBF54-FollowerState] INFO  impl.RoleInfo (RoleInfo.java:shutdownFollowerState(121)) - 0fee975d-e734-400e-bdb4-ee8e3ebebca6: shutdown 0fee975d-e734-400e-bdb4-ee8e3ebebca6@group-2BD5FDFEBF54-FollowerState
2025-07-02 18:45:12,307 [0fee975d-e734-400e-bdb4-ee8e3ebebca6@group-2BD5FDFEBF54-FollowerState] INFO  server.RaftServer$Division (RaftServerImpl.java:setRole(392)) - 0fee975d-e734-400e-bdb4-ee8e3ebebca6@group-2BD5FDFEBF54: changes role from  FOLLOWER to CANDIDATE at term 1 for changeToCandidate
2025-07-02 18:45:12,308 [0fee975d-e734-400e-bdb4-ee8e3ebebca6@group-2BD5FDFEBF54-FollowerState] INFO  impl.RoleInfo (RoleInfo.java:updateAndGet(148)) - 0fee975d-e734-400e-bdb4-ee8e3ebebca6: start 0fee975d-e734-400e-bdb4-ee8e3ebebca6@group-2BD5FDFEBF54-LeaderElection2
2025-07-02 18:45:12,308 [0fee975d-e734-400e-bdb4-ee8e3ebebca6@group-2BD5FDFEBF54-LeaderElection2] INFO  impl.LeaderElection (LeaderElection.java:askForVotes(448)) - 0fee975d-e734-400e-bdb4-ee8e3ebebca6@group-2BD5FDFEBF54-LeaderElection2 PRE_VOTE round 0: submit vote requests at term 1 for conf: {index: 0, cur=peers:[0fee975d-e734-400e-bdb4-ee8e3ebebca6|localhost:15004]|listeners:[], old=null}
2025-07-02 18:45:12,308 [0fee975d-e734-400e-bdb4-ee8e3ebebca6@group-2BD5FDFEBF54-LeaderElection2] INFO  impl.LeaderElection (LeaderElection.java:askForVotes(450)) - 0fee975d-e734-400e-bdb4-ee8e3ebebca6@group-2BD5FDFEBF54-LeaderElection2 PRE_VOTE round 0: result PASSED (term=1)
2025-07-02 18:45:12,311 [0fee975d-e734-400e-bdb4-ee8e3ebebca6@group-2BD5FDFEBF54-LeaderElection2] INFO  impl.LeaderElection (LeaderElection.java:askForVotes(448)) - 0fee975d-e734-400e-bdb4-ee8e3ebebca6@group-2BD5FDFEBF54-LeaderElection2 ELECTION round 0: submit vote requests at term 2 for conf: {index: 0, cur=peers:[0fee975d-e734-400e-bdb4-ee8e3ebebca6|localhost:15004]|listeners:[], old=null}
2025-07-02 18:45:12,311 [0fee975d-e734-400e-bdb4-ee8e3ebebca6@group-2BD5FDFEBF54-LeaderElection2] INFO  impl.LeaderElection (LeaderElection.java:askForVotes(450)) - 0fee975d-e734-400e-bdb4-ee8e3ebebca6@group-2BD5FDFEBF54-LeaderElection2 ELECTION round 0: result PASSED (term=2)
2025-07-02 18:45:12,311 [0fee975d-e734-400e-bdb4-ee8e3ebebca6@group-2BD5FDFEBF54-LeaderElection2] INFO  impl.RoleInfo (RoleInfo.java:shutdownLeaderElection(141)) - 0fee975d-e734-400e-bdb4-ee8e3ebebca6: shutdown 0fee975d-e734-400e-bdb4-ee8e3ebebca6@group-2BD5FDFEBF54-LeaderElection2
2025-07-02 18:45:12,312 [0fee975d-e734-400e-bdb4-ee8e3ebebca6@group-2BD5FDFEBF54-LeaderElection2] INFO  server.RaftServer$Division (RaftServerImpl.java:setRole(392)) - 0fee975d-e734-400e-bdb4-ee8e3ebebca6@group-2BD5FDFEBF54: changes role from CANDIDATE to LEADER at term 2 for changeToLeader
2025-07-02 18:45:12,312 [0fee975d-e734-400e-bdb4-ee8e3ebebca6@group-2BD5FDFEBF54-LeaderElection2] INFO  server.RaftServerConfigKeys (ConfUtils.java:logFallback(69)) - raft.server.staging.timeout = 15600ms (fallback to raft.server.rpc.timeout.max)
2025-07-02 18:45:12,314 [0fee975d-e734-400e-bdb4-ee8e3ebebca6@group-2BD5FDFEBF54-LeaderElection2] INFO  impl.RoleInfo (RoleInfo.java:updateAndGet(148)) - 0fee975d-e734-400e-bdb4-ee8e3ebebca6: start 0fee975d-e734-400e-bdb4-ee8e3ebebca6@group-2BD5FDFEBF54-LeaderStateImpl
2025-07-02 18:45:12,314 [0fee975d-e734-400e-bdb4-ee8e3ebebca6@group-2BD5FDFEBF54-LeaderElection2] INFO  server.RaftServer$Division (RaftServerImpl.java:setFirstElection(576)) - 0fee975d-e734-400e-bdb4-ee8e3ebebca6@group-2BD5FDFEBF54: set firstElectionSinceStartup to false for becomeLeader
2025-07-02 18:45:12,314 [0fee975d-e734-400e-bdb4-ee8e3ebebca6@group-2BD5FDFEBF54-LeaderElection2] INFO  ha.SCMStateMachine (SCMStateMachine.java:notifyLeaderChanged(293)) - current SCM becomes leader of term 2.
2025-07-02 18:45:12,315 [0fee975d-e734-400e-bdb4-ee8e3ebebca6@group-2BD5FDFEBF54-LeaderElection2] INFO  ha.SCMContext (SCMContext.java:updateLeaderAndTerm(95)) - update <isLeader,term> from <false,0> to <true,2>
2025-07-02 18:45:12,317 [0fee975d-e734-400e-bdb4-ee8e3ebebca6@group-2BD5FDFEBF54-LeaderElection2] INFO  server.RaftServer$Division (ServerState.java:setLeader(272)) - 0fee975d-e734-400e-bdb4-ee8e3ebebca6@group-2BD5FDFEBF54: change Leader from null to 0fee975d-e734-400e-bdb4-ee8e3ebebca6 at term 2 for becomeLeader, leader elected after 1951ms
2025-07-02 18:45:12,318 [0fee975d-e734-400e-bdb4-ee8e3ebebca6@group-2BD5FDFEBF54-LeaderElection2] INFO  segmented.SegmentedRaftLogWorker (SegmentedRaftLogWorker.java:rollLogSegment(445)) - 0fee975d-e734-400e-bdb4-ee8e3ebebca6@group-2BD5FDFEBF54-SegmentedRaftLogWorker: Rolling segment log-0_0 to index:0
2025-07-02 18:45:12,319 [0fee975d-e734-400e-bdb4-ee8e3ebebca6@group-2BD5FDFEBF54-LeaderElection2] INFO  server.RaftServer$Division (ServerState.java:setRaftConf(386)) - 0fee975d-e734-400e-bdb4-ee8e3ebebca6@group-2BD5FDFEBF54: set configuration conf: {index: 1, cur=peers:[0fee975d-e734-400e-bdb4-ee8e3ebebca6|localhost:15004]|listeners:[], old=null}
2025-07-02 18:45:12,319 [0fee975d-e734-400e-bdb4-ee8e3ebebca6@group-2BD5FDFEBF54-SegmentedRaftLogWorker] INFO  segmented.SegmentedRaftLogWorker (SegmentedRaftLogWorker.java:execute(604)) - 0fee975d-e734-400e-bdb4-ee8e3ebebca6@group-2BD5FDFEBF54-SegmentedRaftLogWorker: Rolled log segment from /home/runner/work/ozone/ozone/hadoop-ozone/integration-test/target/test-dir/MiniOzoneClusterImpl-b7e00dfa-d3b8-45cf-9d3a-2bd5fdfebf54/ozone-meta/scm-ha/b7e00dfa-d3b8-45cf-9d3a-2bd5fdfebf54/current/log_inprogress_0 to /home/runner/work/ozone/ozone/hadoop-ozone/integration-test/target/test-dir/MiniOzoneClusterImpl-b7e00dfa-d3b8-45cf-9d3a-2bd5fdfebf54/ozone-meta/scm-ha/b7e00dfa-d3b8-45cf-9d3a-2bd5fdfebf54/current/log_0-0
2025-07-02 18:45:12,321 [0fee975d-e734-400e-bdb4-ee8e3ebebca6@group-2BD5FDFEBF54-SegmentedRaftLogWorker] INFO  segmented.BufferedWriteChannel (BufferedWriteChannel.java:open(61)) - open log_inprogress_1 at position 0
2025-07-02 18:45:12,332 [0fee975d-e734-400e-bdb4-ee8e3ebebca6@group-2BD5FDFEBF54-SegmentedRaftLogWorker] INFO  segmented.SegmentedRaftLogWorker (SegmentedRaftLogWorker.java:execute(647)) - 0fee975d-e734-400e-bdb4-ee8e3ebebca6@group-2BD5FDFEBF54-SegmentedRaftLogWorker: created new log segment /home/runner/work/ozone/ozone/hadoop-ozone/integration-test/target/test-dir/MiniOzoneClusterImpl-b7e00dfa-d3b8-45cf-9d3a-2bd5fdfebf54/ozone-meta/scm-ha/b7e00dfa-d3b8-45cf-9d3a-2bd5fdfebf54/current/log_inprogress_1
2025-07-02 18:45:12,335 [0fee975d-e734-400e-bdb4-ee8e3ebebca6@group-2BD5FDFEBF54-StateMachineUpdater] INFO  server.RaftServer$Division (LeaderStateImpl.java:checkStartIndex(309)) - Leader 0fee975d-e734-400e-bdb4-ee8e3ebebca6@group-2BD5FDFEBF54-LeaderStateImpl is ready since appliedIndex == startIndex == 1
2025-07-02 18:45:12,335 [0fee975d-e734-400e-bdb4-ee8e3ebebca6@group-2BD5FDFEBF54-StateMachineUpdater] INFO  ha.SCMContext (SCMContext.java:setLeaderReady(122)) - update <isLeaderReady> from <false> to <true>
2025-07-02 18:45:12,336 [0fee975d-e734-400e-bdb4-ee8e3ebebca6@group-2BD5FDFEBF54-StateMachineUpdater] INFO  pipeline.BackgroundPipelineCreator (BackgroundPipelineCreator.java:notifyStatusChanged(268)) - Service BackgroundPipelineCreator transitions to RUNNING.
2025-07-02 18:45:12,337 [0fee975d-e734-400e-bdb4-ee8e3ebebca6@group-2BD5FDFEBF54-StateMachineUpdater] INFO  safemode.RatisContainerSafeModeRule (RatisContainerSafeModeRule.java:initializeRule(160)) - Refreshed Containers with one replica threshold count 0.
2025-07-02 18:45:12,338 [0fee975d-e734-400e-bdb4-ee8e3ebebca6@group-2BD5FDFEBF54-StateMachineUpdater] INFO  safemode.HealthyPipelineSafeModeRule (HealthyPipelineSafeModeRule.java:initializeRule(228)) - Refreshed total pipeline count is 0, healthy pipeline threshold count is 1
2025-07-02 18:45:12,338 [0fee975d-e734-400e-bdb4-ee8e3ebebca6@group-2BD5FDFEBF54-StateMachineUpdater] INFO  safemode.ECContainerSafeModeRule (ECContainerSafeModeRule.java:initializeRule(205)) - Refreshed Containers with ec n replica threshold count 0.
2025-07-02 18:45:12,338 [0fee975d-e734-400e-bdb4-ee8e3ebebca6@group-2BD5FDFEBF54-StateMachineUpdater] INFO  safemode.OneReplicaPipelineSafeModeRule (OneReplicaPipelineSafeModeRule.java:initializeRule(186)) - Refreshed Total pipeline count is 0, pipeline's with at least one datanode reported threshold count is 0
2025-07-02 18:45:12,338 [0fee975d-e734-400e-bdb4-ee8e3ebebca6@group-2BD5FDFEBF54-StateMachineUpdater] INFO  server.SCMDatanodeProtocolServer (SCMDatanodeProtocolServer.java:start(195)) - ScmDatanodeProtocol RPC server for DataNodes is listening at /0.0.0.0:15002
2025-07-02 18:45:12,339 [IPC Server Responder] INFO  ipc.Server (Server.java:run(1713)) - IPC Server Responder: starting
2025-07-02 18:45:12,339 [IPC Server listener on 15002] INFO  ipc.Server (Server.java:run(1553)) - IPC Server listener on 15002: starting
2025-07-02 18:45:14,212 [main] INFO  om.OzoneManager (OzoneManager.java:<init>(679)) - OM start with adminUsers: [admin, runner]
2025-07-02 18:45:14,245 [main] WARN  server.ServerUtils (ServerUtils.java:getDBPath(292)) - ozone.om.db.dirs is not configured. We recommend adding this setting. Falling back to ozone.metadata.dirs instead.
2025-07-02 18:45:14,378 [main] INFO  utils.NativeLibraryLoader (NativeLibraryLoader.java:loadLibrary(120)) - Loading Library: ozone_rocksdb_tools
2025-07-02 18:45:14,681 [main] INFO  om.OzoneManager (OzoneManager.java:instantiateServices(923)) - S3 Multi-Tenancy is disabled
2025-07-02 18:45:14,705 [main] INFO  om.OmSnapshotManager (OmSnapshotManager.java:<init>(189)) - Ozone filesystem snapshot feature is enabled.
2025-07-02 18:45:14,714 [main] WARN  server.ServerUtils (ServerUtils.java:getDBPath(292)) - ozone.om.snapshot.diff.db.dir is not configured. We recommend adding this setting. Falling back to ozone.metadata.dirs instead.
2025-07-02 18:45:14,748 [main] INFO  utils.BackgroundService (BackgroundService.java:start(118)) - Starting service SnapshotDiffCleanupService with interval 60000 milliseconds
2025-07-02 18:45:14,795 [main] INFO  om.OzoneManager (OzoneManager.java:addS3GVolumeToDB(4677)) - Created Volume s3v With Owner runner required for S3Gateway operations.
2025-07-02 18:45:14,863 [main] WARN  server.ServerUtils (ServerUtils.java:getDefaultRatisDirectory(304)) - Storage directory for Ratis is not configured. It is a good idea to map this to an SSD disk. Falling back to ozone.metadata.dirs
2025-07-02 18:45:14,863 [main] WARN  utils.OzoneManagerRatisUtils (OzoneManagerRatisUtils.java:getOMRatisSnapshotDirectory(488)) - ozone.om.ratis.snapshot.dir is not configured. Falling back to ozone.metadata.dirs config
2025-07-02 18:45:14,867 [main] WARN  dropwizard3.Dm3MetricRegistriesImpl (Dm3MetricRegistriesImpl.java:addReporterRegistration(114)) - New reporters are added after registries were created. Some metrics will be missing from the reporter. Please add reporter before adding any new registry.
2025-07-02 18:45:14,867 [main] WARN  dropwizard3.Dm3MetricRegistriesImpl (Dm3MetricRegistriesImpl.java:addReporterRegistration(114)) - New reporters are added after registries were created. Some metrics will be missing from the reporter. Please add reporter before adding any new registry.
2025-07-02 18:45:14,867 [main] WARN  server.ServerUtils (ServerUtils.java:getDefaultRatisDirectory(304)) - Storage directory for Ratis is not configured. It is a good idea to map this to an SSD disk. Falling back to ozone.metadata.dirs
2025-07-02 18:45:14,868 [main] INFO  server.RaftServerConfigKeys (ConfUtils.java:logGet(62)) - raft.server.log.appender.buffer.byte-limit = 4194304 (custom)
2025-07-02 18:45:14,870 [main] INFO  ratis.OzoneManagerRatisServer (OzoneManagerRatisServer.java:<init>(167)) - Instantiating OM Ratis server with groupID: omServiceIdDefault and peers: localhost:15009
2025-07-02 18:45:14,874 [main] INFO  ratis.OzoneManagerStateMachine (OzoneManagerStateMachine.java:loadSnapshotInfoFromDB(618)) - TransactionInfo not found in OM DB.
2025-07-02 18:45:14,906 [main] INFO  grpc.GrpcConfigKeys (ConfUtils.java:logFallback(69)) - raft.grpc.admin.host = null (fallback to raft.grpc.server.host)
2025-07-02 18:45:14,906 [main] INFO  grpc.GrpcConfigKeys (ConfUtils.java:logFallback(69)) - raft.grpc.admin.port = 15009 (fallback to raft.grpc.server.port)
2025-07-02 18:45:14,906 [main] INFO  grpc.GrpcConfigKeys (ConfUtils.java:logFallback(69)) - raft.grpc.client.host = null (fallback to raft.grpc.server.host)
2025-07-02 18:45:14,906 [main] INFO  grpc.GrpcConfigKeys (ConfUtils.java:logFallback(69)) - raft.grpc.client.port = 15009 (fallback to raft.grpc.server.port)
2025-07-02 18:45:14,907 [main] INFO  grpc.GrpcConfigKeys (ConfUtils.java:logGet(62)) - raft.grpc.server.port = 15009 (custom)
2025-07-02 18:45:14,907 [main] INFO  server.GrpcServicesImpl (ConfUtils.java:logGet(62)) - raft.grpc.message.size.max = 5242880 (custom)
2025-07-02 18:45:14,907 [main] INFO  server.RaftServerConfigKeys (ConfUtils.java:logGet(62)) - raft.server.rpc.request.timeout = 3000ms (default)
2025-07-02 18:45:14,907 [main] INFO  server.RaftServerConfigKeys (ConfUtils.java:logGet(62)) - raft.server.log.appender.buffer.byte-limit = 4194304 (custom)
2025-07-02 18:45:14,908 [main] INFO  server.RaftServerConfigKeys (ConfUtils.java:logGet(62)) - raft.server.storage.dir = [/home/runner/work/ozone/ozone/hadoop-ozone/integration-test/target/test-dir/MiniOzoneClusterImpl-b7e00dfa-d3b8-45cf-9d3a-2bd5fdfebf54/ozone-meta/ratis] (custom)
2025-07-02 18:45:14,909 [main] INFO  server.RaftServer (RaftServerProxy.java:addNew(105)) - om1: addNew group-C5BA1605619E:[om1|localhost:15009] returns group-C5BA1605619E:java.util.concurrent.CompletableFuture@2b33553b[Not completed]
2025-07-02 18:45:14,910 [main] INFO  om.OzoneManager (OzoneManager.java:initializeRatisServer(2307)) - OzoneManager Ratis server initialized at port 15009
2025-07-02 18:45:14,909 [om1-groupManagement] INFO  server.RaftServer$Division (RaftServerImpl.java:<init>(268)) - om1: new RaftServerImpl for group-C5BA1605619E:[om1|localhost:15009] with OzoneManagerStateMachine:uninitialized
2025-07-02 18:45:14,911 [om1-groupManagement] INFO  server.RaftServerConfigKeys (ConfUtils.java:logGet(62)) - raft.server.rpc.timeout.min = 1s (custom)
2025-07-02 18:45:14,911 [om1-groupManagement] INFO  server.RaftServerConfigKeys (ConfUtils.java:logGet(62)) - raft.server.rpc.timeout.max = 1200ms (custom)
2025-07-02 18:45:14,911 [om1-groupManagement] INFO  server.RaftServer$Division (ServerState.java:<init>(114)) - om1@group-C5BA1605619E: ConfigurationManager, init=conf: {index: -1, cur=peers:[om1|localhost:15009]|listeners:[], old=null}, confs=<EMPTY_MAP>
2025-07-02 18:45:14,911 [om1-groupManagement] INFO  server.RaftServerConfigKeys (ConfUtils.java:logGet(62)) - raft.server.notification.no-leader.timeout = 120s (custom)
2025-07-02 18:45:14,911 [om1-groupManagement] INFO  server.RaftServerConfigKeys (ConfUtils.java:logGet(62)) - raft.server.retrycache.expirytime = 300s (custom)
2025-07-02 18:45:14,918 [main] INFO  om.OzoneManager (OzoneManager.java:getRpcServer(1359)) - Creating RPC Server
2025-07-02 18:45:15,879 [main] INFO  reflections.Reflections (Reflections.java:scan(219)) - Reflections took 931 ms to scan 24 urls, producing 60 keys and 7724 values
2025-07-02 18:45:16,017 [main] INFO  ipc.CallQueueManager (CallQueueManager.java:<init>(93)) - Using callQueue: class java.util.concurrent.LinkedBlockingQueue, queueCapacity: 2000, scheduler: class org.apache.hadoop.ipc.DefaultRpcScheduler, ipcBackoff: false, ipcFailOver: false.
2025-07-02 18:45:16,018 [main] INFO  ipc.Server (Server.java:<init>(1438)) - Listener at 127.0.0.1:15006
2025-07-02 18:45:16,019 [Socket Reader #1 for port 15006] INFO  ipc.Server (Server.java:run(1474)) - Starting Socket Reader #1 for port 15006
2025-07-02 18:45:16,020 [Socket Reader #2 for port 15006] INFO  ipc.Server (Server.java:run(1474)) - Starting Socket Reader #2 for port 15006
2025-07-02 18:45:16,021 [Socket Reader #3 for port 15006] INFO  ipc.Server (Server.java:run(1474)) - Starting Socket Reader #3 for port 15006
2025-07-02 18:45:16,021 [Socket Reader #4 for port 15006] INFO  ipc.Server (Server.java:run(1474)) - Starting Socket Reader #4 for port 15006
2025-07-02 18:45:16,022 [Socket Reader #5 for port 15006] INFO  ipc.Server (Server.java:run(1474)) - Starting Socket Reader #5 for port 15006
2025-07-02 18:45:16,022 [Socket Reader #6 for port 15006] INFO  ipc.Server (Server.java:run(1474)) - Starting Socket Reader #6 for port 15006
2025-07-02 18:45:16,022 [Socket Reader #7 for port 15006] INFO  ipc.Server (Server.java:run(1474)) - Starting Socket Reader #7 for port 15006
2025-07-02 18:45:16,023 [Socket Reader #8 for port 15006] INFO  ipc.Server (Server.java:run(1474)) - Starting Socket Reader #8 for port 15006
2025-07-02 18:45:16,023 [Socket Reader #9 for port 15006] INFO  ipc.Server (Server.java:run(1474)) - Starting Socket Reader #9 for port 15006
2025-07-02 18:45:16,024 [Socket Reader #10 for port 15006] INFO  ipc.Server (Server.java:run(1474)) - Starting Socket Reader #10 for port 15006
2025-07-02 18:45:16,052 [main] INFO  impl.MetricsSystemImpl (MetricsSystemImpl.java:init(158)) - OzoneManager metrics system started (again)
2025-07-02 18:45:16,068 [main] INFO  om.OzoneManager (OzoneManager.java:start(1791)) - OzoneManager RPC server is listening at localhost/127.0.0.1:15006
2025-07-02 18:45:16,069 [main] INFO  ratis.OzoneManagerRatisServer (OzoneManagerRatisServer.java:start(628)) - Starting OzoneManagerRatisServer om1 at port 15009
2025-07-02 18:45:16,069 [om1-impl-thread1] INFO  storage.RaftStorageDirectory (RaftStorageDirectoryImpl.java:analyzeStorage(138)) - The storage directory /home/runner/work/ozone/ozone/hadoop-ozone/integration-test/target/test-dir/MiniOzoneClusterImpl-b7e00dfa-d3b8-45cf-9d3a-2bd5fdfebf54/ozone-meta/ratis/bf265839-605b-3f16-9796-c5ba1605619e does not exist. Creating ...
2025-07-02 18:45:16,071 [om1-impl-thread1] INFO  storage.RaftStorageDirectory (RaftStorageDirectoryImpl.java:tryLock(229)) - Lock on /home/runner/work/ozone/ozone/hadoop-ozone/integration-test/target/test-dir/MiniOzoneClusterImpl-b7e00dfa-d3b8-45cf-9d3a-2bd5fdfebf54/ozone-meta/ratis/bf265839-605b-3f16-9796-c5ba1605619e/in_use.lock acquired by nodename 44808@localhost
2025-07-02 18:45:16,072 [om1-impl-thread1] INFO  storage.RaftStorage (RaftStorageImpl.java:format(98)) - Storage directory /home/runner/work/ozone/ozone/hadoop-ozone/integration-test/target/test-dir/MiniOzoneClusterImpl-b7e00dfa-d3b8-45cf-9d3a-2bd5fdfebf54/ozone-meta/ratis/bf265839-605b-3f16-9796-c5ba1605619e has been successfully formatted.
2025-07-02 18:45:16,073 [om1-impl-thread1] INFO  ratis.OzoneManagerStateMachine (OzoneManagerStateMachine.java:lambda$0(138)) - om1: initialize group-C5BA1605619E with <INITIAL_VALUE>
2025-07-02 18:45:16,073 [om1-impl-thread1] INFO  server.RaftServerConfigKeys (ConfUtils.java:logGet(62)) - raft.server.log.appender.buffer.byte-limit = 4194304 (custom)
2025-07-02 18:45:16,075 [om1-impl-thread1] INFO  server.RaftServerConfigKeys (ConfUtils.java:logGet(62)) - raft.server.log.segment.size.max = 4194304 (custom)
2025-07-02 18:45:16,076 [om1-impl-thread1] INFO  server.RaftServerConfigKeys (ConfUtils.java:logGet(62)) - raft.server.log.appender.buffer.byte-limit = 4194304 (custom)
2025-07-02 18:45:16,077 [om1-impl-thread1] INFO  util.AwaitToRun (AwaitToRun.java:start(81)) - Thread[#462,om1@group-C5BA1605619E-cacheEviction-AwaitToRun,5,main] started
2025-07-02 18:45:16,077 [om1-impl-thread1] INFO  segmented.SegmentedRaftLogWorker (SegmentedRaftLogWorker.java:<init>(190)) - new om1@group-C5BA1605619E-SegmentedRaftLogWorker for RaftStorageImpl:Storage Directory /home/runner/work/ozone/ozone/hadoop-ozone/integration-test/target/test-dir/MiniOzoneClusterImpl-b7e00dfa-d3b8-45cf-9d3a-2bd5fdfebf54/ozone-meta/ratis/bf265839-605b-3f16-9796-c5ba1605619e
2025-07-02 18:45:16,078 [om1-impl-thread1] INFO  server.RaftServerConfigKeys (ConfUtils.java:logGet(62)) - raft.server.log.segment.size.max = 4194304 (custom)
2025-07-02 18:45:16,078 [om1-impl-thread1] INFO  server.RaftServerConfigKeys (ConfUtils.java:logGet(62)) - raft.server.log.preallocated.size = 4194304 (custom)
2025-07-02 18:45:16,079 [om1-impl-thread1] INFO  server.RaftServerConfigKeys (ConfUtils.java:logGet(62)) - raft.server.log.write.buffer.size = 4194312 (custom)
2025-07-02 18:45:16,082 [om1-impl-thread1] INFO  server.RaftServerConfigKeys (ConfUtils.java:logGet(62)) - raft.server.log.appender.buffer.byte-limit = 4194304 (custom)
2025-07-02 18:45:16,082 [om1-impl-thread1] INFO  segmented.SegmentedRaftLogWorker (SegmentedRaftLogWorker.java:lambda$new$0(141)) - om1@group-C5BA1605619E-SegmentedRaftLogWorker: flushIndex: setUnconditionally 0 -> -1
2025-07-02 18:45:16,083 [om1-impl-thread1] INFO  segmented.SegmentedRaftLogWorker (SegmentedRaftLogWorker.java:lambda$new$0(141)) - om1@group-C5BA1605619E-SegmentedRaftLogWorker: safeCacheEvictIndex: setUnconditionally 0 -> -1
2025-07-02 18:45:16,084 [om1-impl-thread1] INFO  server.RaftServer$Division (RaftServerImpl.java:start(405)) - om1@group-C5BA1605619E: start as a follower, conf=conf: {index: -1, cur=peers:[om1|localhost:15009]|listeners:[], old=null}
2025-07-02 18:45:16,084 [om1-impl-thread1] INFO  server.RaftServer$Division (RaftServerImpl.java:setRole(392)) - om1@group-C5BA1605619E: changes role from      null to FOLLOWER at term 0 for startAsFollower
2025-07-02 18:45:16,084 [om1-impl-thread1] INFO  impl.RoleInfo (RoleInfo.java:updateAndGet(148)) - om1: start om1@group-C5BA1605619E-FollowerState
2025-07-02 18:45:16,086 [om1@group-C5BA1605619E-FollowerState] INFO  server.RaftServerConfigKeys (ConfUtils.java:logFallback(69)) - raft.server.rpc.first-election.timeout.min = 1s (fallback to raft.server.rpc.timeout.min)
2025-07-02 18:45:16,086 [om1@group-C5BA1605619E-FollowerState] INFO  server.RaftServerConfigKeys (ConfUtils.java:logFallback(69)) - raft.server.rpc.first-election.timeout.max = 1200ms (fallback to raft.server.rpc.timeout.max)
2025-07-02 18:45:16,086 [om1-impl-thread1] INFO  util.JmxRegister (JmxRegister.java:tryRegister(44)) - Successfully registered JMX Bean with object name Ratis:service=RaftServer,group=group-C5BA1605619E,id=om1
2025-07-02 18:45:16,086 [om1-impl-thread1] INFO  util.JmxRegister (JmxRegister.java:register(58)) - register mxBean class org.apache.ratis.server.impl.RaftServerJmxAdapter as Ratis:service=RaftServer,group=group-C5BA1605619E,id=om1
2025-07-02 18:45:16,086 [om1-impl-thread1] INFO  server.RaftServerConfigKeys (ConfUtils.java:logGet(62)) - raft.server.snapshot.auto.trigger.threshold = 400000 (default)
2025-07-02 18:45:16,087 [om1-impl-thread1] INFO  server.RaftServerConfigKeys (ConfUtils.java:logGet(62)) - raft.server.log.purge.upto.snapshot.index = true (custom)
2025-07-02 18:45:16,087 [om1-impl-thread1] INFO  server.RaftServer$Division (RaftServerImpl.java:start(419)) - om1@group-C5BA1605619E: Successfully started.
2025-07-02 18:45:16,088 [main] INFO  server.RaftServer (RaftServerProxy.java:startImpl(412)) - om1: start RPC server
2025-07-02 18:45:16,088 [main] INFO  server.GrpcServicesImpl (GrpcServicesImpl.java:startImpl(346)) - om1: GrpcServicesImpl started, listening on 15009
2025-07-02 18:45:16,089 [JvmPauseMonitor2] INFO  util.JvmPauseMonitor (JvmPauseMonitor.java:run(146)) - JvmPauseMonitor-om1: Started
2025-07-02 18:45:16,090 [main] INFO  om.OzoneManager (OzoneManager.java:start(1806)) - Version File has different layout version (8) than OM DB (null). That is expected if this OM has never been finalized to a newer layout version.
2025-07-02 18:45:16,105 [main] INFO  client.ScmTopologyClient (ScmTopologyClient.java:start(70)) - Initial network topology fetched from SCM: /.
2025-07-02 18:45:16,106 [main] INFO  net.NodeSchemaLoader (NodeSchemaLoader.java:loadSchemaFromFile(128)) - Loading schema from [jar:file:/home/runner/work/ozone/ozone/hadoop-hdds/common/target/hdds-common-2.1.0-SNAPSHOT.jar!/network-topology-default.xml]
2025-07-02 18:45:16,106 [main] INFO  net.NodeSchemaLoader (NodeSchemaLoader.java:loadSchema(175)) - Loading network topology layer schema file
2025-07-02 18:45:16,114 [main] INFO  utils.BackgroundService (BackgroundService.java:start(118)) - Starting service KeyDeletingService with interval 60000 milliseconds
2025-07-02 18:45:16,118 [main] INFO  utils.BackgroundService (BackgroundService.java:start(118)) - Starting service DirectoryDeletingService with interval 120000 milliseconds
2025-07-02 18:45:16,119 [main] INFO  utils.BackgroundService (BackgroundService.java:start(118)) - Starting service OpenKeyCleanupService with interval 86400000 milliseconds
2025-07-02 18:45:16,121 [main] INFO  utils.BackgroundService (BackgroundService.java:start(118)) - Starting service SstFilteringService with interval 60000 milliseconds
2025-07-02 18:45:16,125 [main] INFO  utils.BackgroundService (BackgroundService.java:start(118)) - Starting service SnapshotDeletingService with interval 30000 milliseconds
2025-07-02 18:45:16,125 [main] INFO  utils.BackgroundService (BackgroundService.java:start(118)) - Starting service MultipartUploadCleanupService with interval 86400000 milliseconds
2025-07-02 18:45:16,128 [main] INFO  http.BaseHttpServer (BaseHttpServer.java:newHttpServer2BuilderForOzone(229)) - Starting Web-server for ozoneManager at: http://0.0.0.0:15007
2025-07-02 18:45:16,128 [main] INFO  http.BaseHttpServer (BaseHttpServer.java:<init>(107)) - Hadoop Security Enabled: false Ozone Security Enabled: false Ozone HTTP Security Enabled: false 
2025-07-02 18:45:16,130 [main] WARN  server.AuthenticationFilter (AuthenticationFilter.java:constructSecretProvider(240)) - Unable to initialize FileSignerSecretProvider, falling back to use random secrets. Reason: Could not read signature secret file: /home/runner/hadoop-http-auth-signature-secret
2025-07-02 18:45:16,134 [main] INFO  http.HttpServer2 (HttpServer2.java:addGlobalFilter(1042)) - Added global filter 'safety' (class=org.apache.hadoop.hdds.server.http.HttpServer2$QuotingInputFilter)
2025-07-02 18:45:16,135 [main] INFO  http.HttpServer2 (HttpServer2.java:addFilter(1018)) - Added filter static_user_filter (class=org.apache.hadoop.http.lib.StaticUserWebFilter$StaticUserFilter) to context ozoneManager
2025-07-02 18:45:16,136 [main] INFO  http.HttpServer2 (HttpServer2.java:addFilter(1026)) - Added filter static_user_filter (class=org.apache.hadoop.http.lib.StaticUserWebFilter$StaticUserFilter) to context logs
2025-07-02 18:45:16,136 [main] INFO  http.HttpServer2 (HttpServer2.java:addFilter(1026)) - Added filter static_user_filter (class=org.apache.hadoop.http.lib.StaticUserWebFilter$StaticUserFilter) to context static
2025-07-02 18:45:16,137 [main] INFO  http.BaseHttpServer (BaseHttpServer.java:<init>(195)) - HTTP server of ozoneManager uses base directory /home/runner/work/ozone/ozone/hadoop-ozone/integration-test/target/test-dir/MiniOzoneClusterImpl-b7e00dfa-d3b8-45cf-9d3a-2bd5fdfebf54/ozone-meta/webserver
2025-07-02 18:45:16,146 [main] INFO  http.HttpServer2 (HttpServer2.java:bindListener(1242)) - Jetty bound to port 15007
2025-07-02 18:45:16,147 [main] INFO  server.Server (Server.java:doStart(375)) - jetty-9.4.57.v20241219; built: 2025-01-08T21:24:30.412Z; git: df524e6b29271c2e09ba9aea83c18dc9db464a31; jvm 21.0.7+6-LTS
2025-07-02 18:45:16,149 [main] INFO  server.session (DefaultSessionIdManager.java:doStart(334)) - DefaultSessionIdManager workerName=node0
2025-07-02 18:45:16,149 [main] INFO  server.session (DefaultSessionIdManager.java:doStart(339)) - No SessionScavenger set, using defaults
2025-07-02 18:45:16,149 [main] INFO  server.session (HouseKeeper.java:startScavenging(132)) - node0 Scavenging every 600000ms
2025-07-02 18:45:16,150 [main] INFO  handler.ContextHandler (ContextHandler.java:doStart(921)) - Started o.e.j.s.ServletContextHandler@4975af1{logs,/logs,file:///home/runner/work/ozone/ozone/hadoop-ozone/integration-test/target/log,AVAILABLE}
2025-07-02 18:45:16,150 [main] INFO  handler.ContextHandler (ContextHandler.java:doStart(921)) - Started o.e.j.s.ServletContextHandler@4b6c0937{static,/static,file:///home/runner/work/ozone/ozone/hadoop-ozone/integration-test/target/test-classes/webapps/static,AVAILABLE}
2025-07-02 18:45:16,159 [main] INFO  handler.ContextHandler (ContextHandler.java:doStart(921)) - Started o.e.j.w.WebAppContext@17b59bc{ozoneManager,/,file:///home/runner/work/ozone/ozone/hadoop-ozone/integration-test/target/test-classes/webapps/ozoneManager/,AVAILABLE}{file:/home/runner/work/ozone/ozone/hadoop-ozone/integration-test/target/test-classes/webapps/ozoneManager}
2025-07-02 18:45:16,160 [main] INFO  server.AbstractConnector (AbstractConnector.java:doStart(333)) - Started ServerConnector@2afac2f7{HTTP/1.1, (http/1.1)}{0.0.0.0:15007}
2025-07-02 18:45:16,160 [main] INFO  server.Server (Server.java:doStart(415)) - Started @11102ms
2025-07-02 18:45:16,160 [main] WARN  impl.MetricsSystemImpl (MetricsSystemImpl.java:register(279)) - Sink prometheus already exists!
2025-07-02 18:45:16,160 [main] INFO  http.BaseHttpServer (BaseHttpServer.java:updateConnectorAddress(359)) - HTTP server of ozoneManager listening at http://localhost:15007
2025-07-02 18:45:16,161 [IPC Server Responder] INFO  ipc.Server (Server.java:run(1713)) - IPC Server Responder: starting
2025-07-02 18:45:16,161 [IPC Server listener on 15006] INFO  ipc.Server (Server.java:run(1553)) - IPC Server listener on 15006: starting
2025-07-02 18:45:16,165 [main] INFO  om.OzoneManager (OzoneManager.java:startTrashEmptier(2261)) - Trash Interval set to 0. Files deleted won't move to trash
2025-07-02 18:45:16,181 [main] INFO  db.CodecBuffer (CodecBuffer.java:set(85)) - Successfully set constructor to LeakDetector::newCodecBuffer: org.apache.hadoop.hdds.utils.db.CodecBuffer$$Lambda/0x00007f6fd07bdf00@5a2cb8e5
2025-07-02 18:45:16,278 [main] WARN  dropwizard3.Dm3MetricRegistriesImpl (Dm3MetricRegistriesImpl.java:addReporterRegistration(114)) - New reporters are added after registries were created. Some metrics will be missing from the reporter. Please add reporter before adding any new registry.
2025-07-02 18:45:16,278 [main] WARN  dropwizard3.Dm3MetricRegistriesImpl (Dm3MetricRegistriesImpl.java:addReporterRegistration(114)) - New reporters are added after registries were created. Some metrics will be missing from the reporter. Please add reporter before adding any new registry.
2025-07-02 18:45:16,278 [main] INFO  impl.MetricsSystemImpl (MetricsSystemImpl.java:init(158)) - HddsDatanode metrics system started (again)
2025-07-02 18:45:16,307 [main] INFO  protocol.DatanodeDetails (DatanodeDetails.java:validateDatanodeIpAddress(199)) - Updating IP address of datanode 75758caf-2019-48e0-9285-4ac26ec01eda(localhost/null) to 127.0.0.1
2025-07-02 18:45:16,307 [main] INFO  ozone.HddsDatanodeService (HddsDatanodeService.java:start(236)) - HddsDatanodeService 75758caf-2019-48e0-9285-4ac26ec01eda(localhost/127.0.0.1)
2025-07-02 18:45:16,312 [main] WARN  statemachine.DatanodeConfiguration (DatanodeConfiguration.java:validateMinFreeSpace(751)) - hdds.datanode.volume.min.free.space.percent = -1.0 is invalid, should be between 0 and 1
2025-07-02 18:45:16,313 [main] INFO  upgrade.AbstractLayoutVersionManager (AbstractLayoutVersionManager.java:init(80)) - Initializing Layout version manager with metadata layout = HBASE_SUPPORT (version = 8), software layout = HBASE_SUPPORT (version = 8)
2025-07-02 18:45:16,315 [main] INFO  statemachine.DatanodeStateMachine (DatanodeStateMachine.java:getEndPointTaskThreadPoolSize(305)) - Datanode State Machine Task Thread Pool size 2
2025-07-02 18:45:16,332 [main] WARN  statemachine.DatanodeConfiguration (DatanodeConfiguration.java:validateMinFreeSpace(751)) - hdds.datanode.volume.min.free.space.percent = -1.0 is invalid, should be between 0 and 1
2025-07-02 18:45:16,337 [main] WARN  statemachine.DatanodeConfiguration (DatanodeConfiguration.java:validateMinFreeSpace(751)) - hdds.datanode.volume.min.free.space.percent = -1.0 is invalid, should be between 0 and 1
2025-07-02 18:45:16,347 [main] WARN  statemachine.DatanodeConfiguration (DatanodeConfiguration.java:validateMinFreeSpace(751)) - hdds.datanode.volume.min.free.space.percent = -1.0 is invalid, should be between 0 and 1
2025-07-02 18:45:16,356 [main] WARN  statemachine.DatanodeConfiguration (DatanodeConfiguration.java:validateMinFreeSpace(751)) - hdds.datanode.volume.min.free.space.percent = -1.0 is invalid, should be between 0 and 1
2025-07-02 18:45:16,367 [main] INFO  volume.HddsVolume (HddsVolume.java:<init>(162)) - HddsVolume: { id=DS-0c2f1af9-7b3f-4f04-b3d1-8eee39d05835 dir=/home/runner/work/ozone/ozone/hadoop-ozone/integration-test/target/test-dir/MiniOzoneClusterImpl-b7e00dfa-d3b8-45cf-9d3a-2bd5fdfebf54/ozone-meta/datanode-1/data-0/hdds type=DISK capacity=9222449699674390527 used=0 available=9222449699674390527 minFree=9222450130714624 committed=0 }
2025-07-02 18:45:16,367 [main] INFO  volume.MutableVolumeSet (MutableVolumeSet.java:initializeVolumeSet(167)) - Added Volume : /home/runner/work/ozone/ozone/hadoop-ozone/integration-test/target/test-dir/MiniOzoneClusterImpl-b7e00dfa-d3b8-45cf-9d3a-2bd5fdfebf54/ozone-meta/datanode-1/data-0/hdds to VolumeSet
2025-07-02 18:45:16,368 [main] WARN  statemachine.DatanodeConfiguration (DatanodeConfiguration.java:validateMinFreeSpace(751)) - hdds.datanode.volume.min.free.space.percent = -1.0 is invalid, should be between 0 and 1
2025-07-02 18:45:16,370 [main] WARN  statemachine.DatanodeConfiguration (DatanodeConfiguration.java:validateMinFreeSpace(751)) - hdds.datanode.volume.min.free.space.percent = -1.0 is invalid, should be between 0 and 1
2025-07-02 18:45:16,371 [main] INFO  volume.MutableVolumeSet (MutableVolumeSet.java:initializeVolumeSet(167)) - Added Volume : /home/runner/work/ozone/ozone/hadoop-ozone/integration-test/target/test-dir/MiniOzoneClusterImpl-b7e00dfa-d3b8-45cf-9d3a-2bd5fdfebf54/ozone-meta/datanode-1/ratis to VolumeSet
2025-07-02 18:45:16,372 [main] WARN  statemachine.DatanodeConfiguration (DatanodeConfiguration.java:validateMinFreeSpace(751)) - hdds.datanode.volume.min.free.space.percent = -1.0 is invalid, should be between 0 and 1
2025-07-02 18:45:16,374 [main] WARN  statemachine.DatanodeConfiguration (DatanodeConfiguration.java:validateMinFreeSpace(751)) - hdds.datanode.volume.min.free.space.percent = -1.0 is invalid, should be between 0 and 1
2025-07-02 18:45:16,376 [main] INFO  ozoneimpl.OzoneContainer (HddsVolumeUtil.java:loadAllHddsVolumeDbStore(102)) - Load 1 volumes DbStore cost: 1ms
2025-07-02 18:45:16,378 [main] WARN  db.DBStoreBuilder (DBStoreBuilder.java:getDBDirPath(159)) - ozone.scm.datanode.id.dir is not configured. We recommend adding this setting. Falling back to ozone.metadata.dirs instead.
2025-07-02 18:45:16,382 [main] WARN  statemachine.DatanodeConfiguration (DatanodeConfiguration.java:validateMinFreeSpace(751)) - hdds.datanode.volume.min.free.space.percent = -1.0 is invalid, should be between 0 and 1
2025-07-02 18:45:16,384 [main] WARN  db.DBStoreBuilder (DBStoreBuilder.java:getDBDirPath(159)) - ozone.scm.datanode.id.dir is not configured. We recommend adding this setting. Falling back to ozone.metadata.dirs instead.
2025-07-02 18:45:16,409 [main] WARN  statemachine.DatanodeConfiguration (DatanodeConfiguration.java:validateMinFreeSpace(751)) - hdds.datanode.volume.min.free.space.percent = -1.0 is invalid, should be between 0 and 1
2025-07-02 18:45:16,424 [main] WARN  statemachine.DatanodeConfiguration (DatanodeConfiguration.java:validateMinFreeSpace(751)) - hdds.datanode.volume.min.free.space.percent = -1.0 is invalid, should be between 0 and 1
2025-07-02 18:45:16,429 [main] INFO  impl.FilePerChunkStrategy (FilePerChunkStrategy.java:<init>(79)) - ozone.chunk.read.mapped.buffer.max.count is load with 0
2025-07-02 18:45:16,431 [main] INFO  impl.FilePerBlockStrategy (FilePerBlockStrategy.java:<init>(88)) - ozone.chunk.read.mapped.buffer.max.count is load with 0
2025-07-02 18:45:16,432 [main] WARN  statemachine.DatanodeConfiguration (DatanodeConfiguration.java:validateMinFreeSpace(751)) - hdds.datanode.volume.min.free.space.percent = -1.0 is invalid, should be between 0 and 1
2025-07-02 18:45:16,464 [main] INFO  audit.AuditLogger (AuditLogger.java:refreshDebugCmdSet(133)) - Refresh DebugCmdSet for DNAudit to [].
2025-07-02 18:45:16,478 [main] INFO  server.RaftServerConfigKeys (ConfUtils.java:logGet(62)) - raft.server.log.appender.buffer.byte-limit = 33554432 (custom)
2025-07-02 18:45:16,501 [main] INFO  grpc.GrpcConfigKeys (ConfUtils.java:logFallback(69)) - raft.grpc.admin.host = null (fallback to raft.grpc.server.host)
2025-07-02 18:45:16,502 [main] INFO  grpc.GrpcConfigKeys (ConfUtils.java:logGet(62)) - raft.grpc.admin.port = 15014 (custom)
2025-07-02 18:45:16,502 [main] INFO  grpc.GrpcConfigKeys (ConfUtils.java:logFallback(69)) - raft.grpc.client.host = null (fallback to raft.grpc.server.host)
2025-07-02 18:45:16,502 [main] INFO  grpc.GrpcConfigKeys (ConfUtils.java:logGet(62)) - raft.grpc.client.port = 15013 (custom)
2025-07-02 18:45:16,502 [main] INFO  grpc.GrpcConfigKeys (ConfUtils.java:logGet(62)) - raft.grpc.server.port = 15015 (custom)
2025-07-02 18:45:16,504 [main] INFO  server.GrpcServicesImpl (ConfUtils.java:logGet(62)) - raft.grpc.message.size.max = 34603008 (custom)
2025-07-02 18:45:16,504 [main] INFO  server.GrpcServicesImpl (ConfUtils.java:logGet(62)) - raft.grpc.flow.control.window = 5MB (=5242880) (custom)
2025-07-02 18:45:16,504 [main] INFO  server.RaftServerConfigKeys (ConfUtils.java:logGet(62)) - raft.server.log.appender.buffer.byte-limit = 33554432 (custom)
2025-07-02 18:45:16,508 [main] INFO  impl.DataStreamServerImpl (ConfUtils.java:logGet(62)) - raft.datastream.type = NETTY (custom)
2025-07-02 18:45:16,519 [main] INFO  server.RaftServerConfigKeys (ConfUtils.java:logGet(62)) - raft.server.data-stream.async.request.thread.pool.cached = false (default)
2025-07-02 18:45:16,519 [main] INFO  server.RaftServerConfigKeys (ConfUtils.java:logGet(62)) - raft.server.data-stream.async.request.thread.pool.size = 20 (custom)
2025-07-02 18:45:16,520 [main] INFO  server.RaftServerConfigKeys (ConfUtils.java:logGet(62)) - raft.server.data-stream.async.write.thread.pool.size = 16 (default)
2025-07-02 18:45:16,521 [main] INFO  netty.NettyConfigKeys$DataStream (ConfUtils.java:logGet(62)) - raft.netty.dataStream.server.channel.inactive.grace-period = 10min (default)
2025-07-02 18:45:16,522 [main] INFO  server.RaftServerConfigKeys (ConfUtils.java:logGet(62)) - raft.server.data-stream.client.pool.size = 10 (default)
2025-07-02 18:45:16,523 [main] INFO  netty.NettyConfigKeys$DataStream (ConfUtils.java:logGet(62)) - raft.netty.dataStream.server.use-epoll = true (default)
2025-07-02 18:45:16,524 [main] INFO  netty.NettyConfigKeys$DataStream (ConfUtils.java:logGet(62)) - raft.netty.dataStream.server.boss-group.size = 0 (default)
2025-07-02 18:45:16,524 [main] INFO  netty.NettyUtils (NettyUtils.java:newEventLoopGroup(74)) - Create EpollEventLoopGroup for 75758caf-2019-48e0-9285-4ac26ec01eda-NettyServerStreamRpc-bossGroup; Thread size is 0.
2025-07-02 18:45:16,525 [main] INFO  netty.NettyConfigKeys$DataStream (ConfUtils.java:logGet(62)) - raft.netty.dataStream.server.worker-group.size = 0 (default)
2025-07-02 18:45:16,526 [main] INFO  netty.NettyUtils (NettyUtils.java:newEventLoopGroup(74)) - Create EpollEventLoopGroup for 75758caf-2019-48e0-9285-4ac26ec01eda-NettyServerStreamRpc-workerGroup; Thread size is 0.
2025-07-02 18:45:16,527 [main] INFO  netty.NettyConfigKeys$DataStream (ConfUtils.java:logGet(62)) - raft.netty.dataStream.port = 15016 (custom)
2025-07-02 18:45:16,531 [main] INFO  server.RaftServerConfigKeys (ConfUtils.java:logGet(62)) - raft.server.storage.dir = [/home/runner/work/ozone/ozone/hadoop-ozone/integration-test/target/test-dir/MiniOzoneClusterImpl-b7e00dfa-d3b8-45cf-9d3a-2bd5fdfebf54/ozone-meta/datanode-1/ratis] (custom)
2025-07-02 18:45:16,532 [75758caf-2019-48e0-9285-4ac26ec01eda-impl-thread1] INFO  server.RaftServer (RaftServerProxy.java:initGroupDir(270)) - 75758caf-2019-48e0-9285-4ac26ec01eda: found a subdirectory /home/runner/work/ozone/ozone/hadoop-ozone/integration-test/target/test-dir/MiniOzoneClusterImpl-b7e00dfa-d3b8-45cf-9d3a-2bd5fdfebf54/ozone-meta/datanode-1/ratis/tmp
2025-07-02 18:45:16,532 [75758caf-2019-48e0-9285-4ac26ec01eda-impl-thread1] INFO  server.RaftServer (RaftServerProxy.java:initGroupDir(275)) - 75758caf-2019-48e0-9285-4ac26ec01eda: The directory /home/runner/work/ozone/ozone/hadoop-ozone/integration-test/target/test-dir/MiniOzoneClusterImpl-b7e00dfa-d3b8-45cf-9d3a-2bd5fdfebf54/ozone-meta/datanode-1/ratis/tmp is not a group directory; ignoring it. 
2025-07-02 18:45:16,537 [main] INFO  replication.ReplicationServer (ReplicationServer.java:<init>(84)) - Initializing replication server with thread count = 10 queue length = 4096
2025-07-02 18:45:16,540 [75758caf-2019-48e0-9285-4ac26ec01eda-NettyServerStreamRpc-bossGroup--thread1] INFO  logging.LoggingHandler (AbstractInternalLogger.java:log(148)) - [id: 0x1ff5f7f7] REGISTERED
2025-07-02 18:45:16,541 [75758caf-2019-48e0-9285-4ac26ec01eda-NettyServerStreamRpc-bossGroup--thread1] INFO  logging.LoggingHandler (AbstractInternalLogger.java:log(148)) - [id: 0x1ff5f7f7] BIND: 0.0.0.0/0.0.0.0:15016
2025-07-02 18:45:16,541 [75758caf-2019-48e0-9285-4ac26ec01eda-NettyServerStreamRpc-bossGroup--thread1] INFO  logging.LoggingHandler (AbstractInternalLogger.java:log(148)) - [id: 0x1ff5f7f7, L:/0.0.0.0:15016] ACTIVE
2025-07-02 18:45:16,562 [main] WARN  statemachine.DatanodeConfiguration (DatanodeConfiguration.java:validateMinFreeSpace(751)) - hdds.datanode.volume.min.free.space.percent = -1.0 is invalid, should be between 0 and 1
2025-07-02 18:45:16,563 [main] INFO  server.XceiverServerGrpc (XceiverServerGrpc.java:<init>(130)) - GrpcServer channel type EpollServerSocketChannel
2025-07-02 18:45:16,581 [main] WARN  statemachine.DatanodeConfiguration (DatanodeConfiguration.java:validateMinFreeSpace(751)) - hdds.datanode.volume.min.free.space.percent = -1.0 is invalid, should be between 0 and 1
2025-07-02 18:45:16,595 [main] INFO  replication.ReplicationSupervisor (ReplicationSupervisor.java:build(169)) - Initializing replication supervisor with thread count = 10
2025-07-02 18:45:16,596 [main] INFO  replication.ReplicationSupervisor (ReplicationSupervisor.java:nodeStateUpdated(358)) - Node state updated to IN_SERVICE, scaling executor pool size to 10
2025-07-02 18:45:16,613 [main] INFO  lib.Interns (Interns.java:removeEldestEntry(50)) - Metrics intern cache overflow at 2011 for MetricsSystem={MetricsSystem=MetricsInfoImpl{name=MetricsSystem, description=MetricsSystem}, MetricsSystem record=MetricsInfoImpl{name=MetricsSystem, description=MetricsSystem record}}
2025-07-02 18:45:16,619 [main] WARN  statemachine.DatanodeConfiguration (DatanodeConfiguration.java:validateMinFreeSpace(751)) - hdds.datanode.volume.min.free.space.percent = -1.0 is invalid, should be between 0 and 1
2025-07-02 18:45:16,638 [main] INFO  http.BaseHttpServer (BaseHttpServer.java:newHttpServer2BuilderForOzone(229)) - Starting Web-server for hddsDatanode at: http://0.0.0.0:15010
2025-07-02 18:45:16,638 [main] INFO  http.BaseHttpServer (BaseHttpServer.java:<init>(107)) - Hadoop Security Enabled: false Ozone Security Enabled: false Ozone HTTP Security Enabled: false 
2025-07-02 18:45:16,640 [main] WARN  server.AuthenticationFilter (AuthenticationFilter.java:constructSecretProvider(240)) - Unable to initialize FileSignerSecretProvider, falling back to use random secrets. Reason: Could not read signature secret file: /home/runner/hadoop-http-auth-signature-secret
2025-07-02 18:45:16,642 [main] INFO  http.HttpServer2 (HttpServer2.java:addGlobalFilter(1042)) - Added global filter 'safety' (class=org.apache.hadoop.hdds.server.http.HttpServer2$QuotingInputFilter)
2025-07-02 18:45:16,644 [main] INFO  http.HttpServer2 (HttpServer2.java:addFilter(1018)) - Added filter static_user_filter (class=org.apache.hadoop.http.lib.StaticUserWebFilter$StaticUserFilter) to context hddsDatanode
2025-07-02 18:45:16,644 [main] INFO  http.HttpServer2 (HttpServer2.java:addFilter(1026)) - Added filter static_user_filter (class=org.apache.hadoop.http.lib.StaticUserWebFilter$StaticUserFilter) to context logs
2025-07-02 18:45:16,644 [main] INFO  http.HttpServer2 (HttpServer2.java:addFilter(1026)) - Added filter static_user_filter (class=org.apache.hadoop.http.lib.StaticUserWebFilter$StaticUserFilter) to context static
2025-07-02 18:45:16,645 [main] INFO  http.BaseHttpServer (BaseHttpServer.java:<init>(195)) - HTTP server of hddsDatanode uses base directory /home/runner/work/ozone/ozone/hadoop-ozone/integration-test/target/test-dir/MiniOzoneClusterImpl-b7e00dfa-d3b8-45cf-9d3a-2bd5fdfebf54/ozone-meta/datanode-1/meta/webserver
2025-07-02 18:45:16,645 [main] INFO  http.HttpServer2 (HttpServer2.java:bindListener(1242)) - Jetty bound to port 15010
2025-07-02 18:45:16,645 [main] INFO  server.Server (Server.java:doStart(375)) - jetty-9.4.57.v20241219; built: 2025-01-08T21:24:30.412Z; git: df524e6b29271c2e09ba9aea83c18dc9db464a31; jvm 21.0.7+6-LTS
2025-07-02 18:45:16,648 [main] INFO  server.session (DefaultSessionIdManager.java:doStart(334)) - DefaultSessionIdManager workerName=node0
2025-07-02 18:45:16,648 [main] INFO  server.session (DefaultSessionIdManager.java:doStart(339)) - No SessionScavenger set, using defaults
2025-07-02 18:45:16,648 [main] INFO  server.session (HouseKeeper.java:startScavenging(132)) - node0 Scavenging every 660000ms
2025-07-02 18:45:16,649 [main] INFO  handler.ContextHandler (ContextHandler.java:doStart(921)) - Started o.e.j.s.ServletContextHandler@34a836fb{logs,/logs,file:///home/runner/work/ozone/ozone/hadoop-ozone/integration-test/target/log,AVAILABLE}
2025-07-02 18:45:16,649 [main] INFO  handler.ContextHandler (ContextHandler.java:doStart(921)) - Started o.e.j.s.ServletContextHandler@44ca15d7{static,/static,jar:file:/home/runner/work/ozone/ozone/hadoop-hdds/container-service/target/hdds-container-service-2.1.0-SNAPSHOT.jar!/webapps/static,AVAILABLE}
2025-07-02 18:45:16,854 [main] INFO  handler.ContextHandler (ContextHandler.java:doStart(921)) - Started o.e.j.w.WebAppContext@7979062{hddsDatanode,/,file:///home/runner/work/ozone/ozone/hadoop-ozone/integration-test/target/test-dir/MiniOzoneClusterImpl-b7e00dfa-d3b8-45cf-9d3a-2bd5fdfebf54/ozone-meta/datanode-1/meta/webserver/jetty-0_0_0_0-15010-hdds-container-service-2_1_0-SNAPSHOT_jar-_-any-1853947070172886642/webapp/,AVAILABLE}{jar:file:/home/runner/work/ozone/ozone/hadoop-hdds/container-service/target/hdds-container-service-2.1.0-SNAPSHOT.jar!/webapps/hddsDatanode}
2025-07-02 18:45:16,855 [main] INFO  server.AbstractConnector (AbstractConnector.java:doStart(333)) - Started ServerConnector@51fb4092{HTTP/1.1, (http/1.1)}{0.0.0.0:15010}
2025-07-02 18:45:16,855 [main] INFO  server.Server (Server.java:doStart(415)) - Started @11797ms
2025-07-02 18:45:16,855 [main] WARN  impl.MetricsSystemImpl (MetricsSystemImpl.java:register(279)) - Sink prometheus already exists!
2025-07-02 18:45:16,856 [main] INFO  http.BaseHttpServer (BaseHttpServer.java:updateConnectorAddress(359)) - HTTP server of hddsDatanode listening at http://localhost:15010
2025-07-02 18:45:16,860 [main] INFO  ipc.CallQueueManager (CallQueueManager.java:<init>(93)) - Using callQueue: class java.util.concurrent.LinkedBlockingQueue, queueCapacity: 1000, scheduler: class org.apache.hadoop.ipc.DefaultRpcScheduler, ipcBackoff: false, ipcFailOver: false.
2025-07-02 18:45:16,860 [main] INFO  ipc.Server (Server.java:<init>(1438)) - Listener at 0.0.0.0:15011
2025-07-02 18:45:16,861 [Socket Reader #1 for port 15011] INFO  ipc.Server (Server.java:run(1474)) - Starting Socket Reader #1 for port 15011
2025-07-02 18:45:16,862 [Socket Reader #2 for port 15011] INFO  ipc.Server (Server.java:run(1474)) - Starting Socket Reader #2 for port 15011
2025-07-02 18:45:16,862 [Socket Reader #3 for port 15011] INFO  ipc.Server (Server.java:run(1474)) - Starting Socket Reader #3 for port 15011
2025-07-02 18:45:16,863 [Socket Reader #4 for port 15011] INFO  ipc.Server (Server.java:run(1474)) - Starting Socket Reader #4 for port 15011
2025-07-02 18:45:16,863 [Socket Reader #5 for port 15011] INFO  ipc.Server (Server.java:run(1474)) - Starting Socket Reader #5 for port 15011
2025-07-02 18:45:16,864 [Socket Reader #7 for port 15011] INFO  ipc.Server (Server.java:run(1474)) - Starting Socket Reader #7 for port 15011
2025-07-02 18:45:16,864 [Socket Reader #8 for port 15011] INFO  ipc.Server (Server.java:run(1474)) - Starting Socket Reader #8 for port 15011
2025-07-02 18:45:16,864 [Socket Reader #6 for port 15011] INFO  ipc.Server (Server.java:run(1474)) - Starting Socket Reader #6 for port 15011
2025-07-02 18:45:16,865 [Socket Reader #9 for port 15011] INFO  ipc.Server (Server.java:run(1474)) - Starting Socket Reader #9 for port 15011
2025-07-02 18:45:16,865 [Socket Reader #10 for port 15011] INFO  ipc.Server (Server.java:run(1474)) - Starting Socket Reader #10 for port 15011
2025-07-02 18:45:16,869 [main] INFO  ozone.HddsDatanodeService (HddsDatanodeService.java:start(333)) - Datanode start with admins: [admin, runner]
2025-07-02 18:45:16,869 [main] INFO  ozone.HddsDatanodeClientProtocolServer (HddsDatanodeClientProtocolServer.java:start(76)) - RPC server for Client /0.0.0.0:15011
2025-07-02 18:45:16,869 [IPC Server Responder] INFO  ipc.Server (Server.java:run(1713)) - IPC Server Responder: starting
2025-07-02 18:45:16,869 [IPC Server listener on 15011] INFO  ipc.Server (Server.java:run(1553)) - IPC Server listener on 15011: starting
2025-07-02 18:45:16,872 [main] WARN  dropwizard3.Dm3MetricRegistriesImpl (Dm3MetricRegistriesImpl.java:addReporterRegistration(114)) - New reporters are added after registries were created. Some metrics will be missing from the reporter. Please add reporter before adding any new registry.
2025-07-02 18:45:16,872 [main] WARN  dropwizard3.Dm3MetricRegistriesImpl (Dm3MetricRegistriesImpl.java:addReporterRegistration(114)) - New reporters are added after registries were created. Some metrics will be missing from the reporter. Please add reporter before adding any new registry.
2025-07-02 18:45:16,873 [main] INFO  impl.MetricsSystemImpl (MetricsSystemImpl.java:init(158)) - HddsDatanode metrics system started (again)
2025-07-02 18:45:16,875 [75758caf-2019-48e0-9285-4ac26ec01eda-DatanodeStateMachineDaemonThread] INFO  statemachine.DatanodeStateMachine (DatanodeStateMachine.java:startStateMachineThread(347)) - Ozone container server started.
2025-07-02 18:45:16,900 [main] INFO  protocol.DatanodeDetails (DatanodeDetails.java:validateDatanodeIpAddress(199)) - Updating IP address of datanode f1637480-4571-474d-8c0e-49126192dfac(localhost/null) to 127.0.0.1
2025-07-02 18:45:16,901 [main] INFO  ozone.HddsDatanodeService (HddsDatanodeService.java:start(236)) - HddsDatanodeService f1637480-4571-474d-8c0e-49126192dfac(localhost/127.0.0.1)
2025-07-02 18:45:16,904 [main] WARN  statemachine.DatanodeConfiguration (DatanodeConfiguration.java:validateMinFreeSpace(751)) - hdds.datanode.volume.min.free.space.percent = -1.0 is invalid, should be between 0 and 1
2025-07-02 18:45:16,905 [main] INFO  upgrade.AbstractLayoutVersionManager (AbstractLayoutVersionManager.java:init(80)) - Initializing Layout version manager with metadata layout = HBASE_SUPPORT (version = 8), software layout = HBASE_SUPPORT (version = 8)
2025-07-02 18:45:16,906 [main] INFO  statemachine.DatanodeStateMachine (DatanodeStateMachine.java:getEndPointTaskThreadPoolSize(305)) - Datanode State Machine Task Thread Pool size 2
2025-07-02 18:45:16,906 [main] WARN  statemachine.DatanodeConfiguration (DatanodeConfiguration.java:validateMinFreeSpace(751)) - hdds.datanode.volume.min.free.space.percent = -1.0 is invalid, should be between 0 and 1
2025-07-02 18:45:16,907 [main] WARN  statemachine.DatanodeConfiguration (DatanodeConfiguration.java:validateMinFreeSpace(751)) - hdds.datanode.volume.min.free.space.percent = -1.0 is invalid, should be between 0 and 1
2025-07-02 18:45:16,909 [main] WARN  statemachine.DatanodeConfiguration (DatanodeConfiguration.java:validateMinFreeSpace(751)) - hdds.datanode.volume.min.free.space.percent = -1.0 is invalid, should be between 0 and 1
2025-07-02 18:45:16,910 [main] WARN  statemachine.DatanodeConfiguration (DatanodeConfiguration.java:validateMinFreeSpace(751)) - hdds.datanode.volume.min.free.space.percent = -1.0 is invalid, should be between 0 and 1
2025-07-02 18:45:16,912 [main] INFO  volume.HddsVolume (HddsVolume.java:<init>(162)) - HddsVolume: { id=DS-555b54d9-e2e0-49e2-a82e-ed25116fbac2 dir=/home/runner/work/ozone/ozone/hadoop-ozone/integration-test/target/test-dir/MiniOzoneClusterImpl-b7e00dfa-d3b8-45cf-9d3a-2bd5fdfebf54/ozone-meta/datanode-2/data-0/hdds type=DISK capacity=9222449699674390527 used=0 available=9222449699674390527 minFree=9222450130714624 committed=0 }
2025-07-02 18:45:16,912 [main] INFO  volume.MutableVolumeSet (MutableVolumeSet.java:initializeVolumeSet(167)) - Added Volume : /home/runner/work/ozone/ozone/hadoop-ozone/integration-test/target/test-dir/MiniOzoneClusterImpl-b7e00dfa-d3b8-45cf-9d3a-2bd5fdfebf54/ozone-meta/datanode-2/data-0/hdds to VolumeSet
2025-07-02 18:45:16,913 [main] WARN  statemachine.DatanodeConfiguration (DatanodeConfiguration.java:validateMinFreeSpace(751)) - hdds.datanode.volume.min.free.space.percent = -1.0 is invalid, should be between 0 and 1
2025-07-02 18:45:16,914 [main] WARN  statemachine.DatanodeConfiguration (DatanodeConfiguration.java:validateMinFreeSpace(751)) - hdds.datanode.volume.min.free.space.percent = -1.0 is invalid, should be between 0 and 1
2025-07-02 18:45:16,914 [main] INFO  volume.MutableVolumeSet (MutableVolumeSet.java:initializeVolumeSet(167)) - Added Volume : /home/runner/work/ozone/ozone/hadoop-ozone/integration-test/target/test-dir/MiniOzoneClusterImpl-b7e00dfa-d3b8-45cf-9d3a-2bd5fdfebf54/ozone-meta/datanode-2/ratis to VolumeSet
2025-07-02 18:45:16,915 [main] WARN  statemachine.DatanodeConfiguration (DatanodeConfiguration.java:validateMinFreeSpace(751)) - hdds.datanode.volume.min.free.space.percent = -1.0 is invalid, should be between 0 and 1
2025-07-02 18:45:16,916 [main] WARN  statemachine.DatanodeConfiguration (DatanodeConfiguration.java:validateMinFreeSpace(751)) - hdds.datanode.volume.min.free.space.percent = -1.0 is invalid, should be between 0 and 1
2025-07-02 18:45:16,916 [main] INFO  ozoneimpl.OzoneContainer (HddsVolumeUtil.java:loadAllHddsVolumeDbStore(102)) - Load 1 volumes DbStore cost: 0ms
2025-07-02 18:45:16,917 [main] WARN  db.DBStoreBuilder (DBStoreBuilder.java:getDBDirPath(159)) - ozone.scm.datanode.id.dir is not configured. We recommend adding this setting. Falling back to ozone.metadata.dirs instead.
2025-07-02 18:45:16,919 [main] WARN  statemachine.DatanodeConfiguration (DatanodeConfiguration.java:validateMinFreeSpace(751)) - hdds.datanode.volume.min.free.space.percent = -1.0 is invalid, should be between 0 and 1
2025-07-02 18:45:16,920 [main] WARN  db.DBStoreBuilder (DBStoreBuilder.java:getDBDirPath(159)) - ozone.scm.datanode.id.dir is not configured. We recommend adding this setting. Falling back to ozone.metadata.dirs instead.
2025-07-02 18:45:16,934 [main] WARN  statemachine.DatanodeConfiguration (DatanodeConfiguration.java:validateMinFreeSpace(751)) - hdds.datanode.volume.min.free.space.percent = -1.0 is invalid, should be between 0 and 1
2025-07-02 18:45:16,936 [main] WARN  statemachine.DatanodeConfiguration (DatanodeConfiguration.java:validateMinFreeSpace(751)) - hdds.datanode.volume.min.free.space.percent = -1.0 is invalid, should be between 0 and 1
2025-07-02 18:45:16,937 [main] INFO  impl.FilePerChunkStrategy (FilePerChunkStrategy.java:<init>(79)) - ozone.chunk.read.mapped.buffer.max.count is load with 0
2025-07-02 18:45:16,937 [main] INFO  impl.FilePerBlockStrategy (FilePerBlockStrategy.java:<init>(88)) - ozone.chunk.read.mapped.buffer.max.count is load with 0
2025-07-02 18:45:16,937 [main] WARN  statemachine.DatanodeConfiguration (DatanodeConfiguration.java:validateMinFreeSpace(751)) - hdds.datanode.volume.min.free.space.percent = -1.0 is invalid, should be between 0 and 1
2025-07-02 18:45:16,939 [75758caf-2019-48e0-9285-4ac26ec01eda-DatanodeStateMachineTaskThread-0] INFO  datanode.InitDatanodeState (InitDatanodeState.java:persistContainerDatanodeDetails(139)) - DatanodeDetails is persisted to /home/runner/work/ozone/ozone/hadoop-ozone/integration-test/target/test-dir/MiniOzoneClusterImpl-b7e00dfa-d3b8-45cf-9d3a-2bd5fdfebf54/ozone-meta/datanode-1/meta/datanode.id
2025-07-02 18:45:16,939 [main] INFO  server.RaftServerConfigKeys (ConfUtils.java:logGet(62)) - raft.server.log.appender.buffer.byte-limit = 33554432 (custom)
2025-07-02 18:45:16,942 [main] INFO  grpc.GrpcConfigKeys (ConfUtils.java:logFallback(69)) - raft.grpc.admin.host = null (fallback to raft.grpc.server.host)
2025-07-02 18:45:16,942 [main] INFO  grpc.GrpcConfigKeys (ConfUtils.java:logGet(62)) - raft.grpc.admin.port = 15022 (custom)
2025-07-02 18:45:16,942 [main] INFO  grpc.GrpcConfigKeys (ConfUtils.java:logFallback(69)) - raft.grpc.client.host = null (fallback to raft.grpc.server.host)
2025-07-02 18:45:16,942 [main] INFO  grpc.GrpcConfigKeys (ConfUtils.java:logGet(62)) - raft.grpc.client.port = 15021 (custom)
2025-07-02 18:45:16,942 [main] INFO  grpc.GrpcConfigKeys (ConfUtils.java:logGet(62)) - raft.grpc.server.port = 15023 (custom)
2025-07-02 18:45:16,942 [main] INFO  server.GrpcServicesImpl (ConfUtils.java:logGet(62)) - raft.grpc.message.size.max = 34603008 (custom)
2025-07-02 18:45:16,942 [main] INFO  server.GrpcServicesImpl (ConfUtils.java:logGet(62)) - raft.grpc.flow.control.window = 5MB (=5242880) (custom)
2025-07-02 18:45:16,943 [main] INFO  server.RaftServerConfigKeys (ConfUtils.java:logGet(62)) - raft.server.log.appender.buffer.byte-limit = 33554432 (custom)
2025-07-02 18:45:16,945 [main] INFO  netty.NettyUtils (NettyUtils.java:newEventLoopGroup(74)) - Create EpollEventLoopGroup for f1637480-4571-474d-8c0e-49126192dfac-NettyServerStreamRpc-bossGroup; Thread size is 0.
2025-07-02 18:45:16,946 [main] INFO  netty.NettyUtils (NettyUtils.java:newEventLoopGroup(74)) - Create EpollEventLoopGroup for f1637480-4571-474d-8c0e-49126192dfac-NettyServerStreamRpc-workerGroup; Thread size is 0.
2025-07-02 18:45:16,947 [main] INFO  netty.NettyConfigKeys$DataStream (ConfUtils.java:logGet(62)) - raft.netty.dataStream.port = 15024 (custom)
2025-07-02 18:45:16,948 [main] INFO  server.RaftServerConfigKeys (ConfUtils.java:logGet(62)) - raft.server.storage.dir = [/home/runner/work/ozone/ozone/hadoop-ozone/integration-test/target/test-dir/MiniOzoneClusterImpl-b7e00dfa-d3b8-45cf-9d3a-2bd5fdfebf54/ozone-meta/datanode-2/ratis] (custom)
2025-07-02 18:45:16,948 [f1637480-4571-474d-8c0e-49126192dfac-NettyServerStreamRpc-bossGroup--thread1] INFO  logging.LoggingHandler (AbstractInternalLogger.java:log(148)) - [id: 0xeb9808b3] REGISTERED
2025-07-02 18:45:16,948 [f1637480-4571-474d-8c0e-49126192dfac-impl-thread1] INFO  server.RaftServer (RaftServerProxy.java:initGroupDir(270)) - f1637480-4571-474d-8c0e-49126192dfac: found a subdirectory /home/runner/work/ozone/ozone/hadoop-ozone/integration-test/target/test-dir/MiniOzoneClusterImpl-b7e00dfa-d3b8-45cf-9d3a-2bd5fdfebf54/ozone-meta/datanode-2/ratis/tmp
2025-07-02 18:45:16,949 [f1637480-4571-474d-8c0e-49126192dfac-NettyServerStreamRpc-bossGroup--thread1] INFO  logging.LoggingHandler (AbstractInternalLogger.java:log(148)) - [id: 0xeb9808b3] BIND: 0.0.0.0/0.0.0.0:15024
2025-07-02 18:45:16,949 [f1637480-4571-474d-8c0e-49126192dfac-impl-thread1] INFO  server.RaftServer (RaftServerProxy.java:initGroupDir(275)) - f1637480-4571-474d-8c0e-49126192dfac: The directory /home/runner/work/ozone/ozone/hadoop-ozone/integration-test/target/test-dir/MiniOzoneClusterImpl-b7e00dfa-d3b8-45cf-9d3a-2bd5fdfebf54/ozone-meta/datanode-2/ratis/tmp is not a group directory; ignoring it. 
2025-07-02 18:45:16,949 [main] INFO  replication.ReplicationServer (ReplicationServer.java:<init>(84)) - Initializing replication server with thread count = 10 queue length = 4096
2025-07-02 18:45:16,949 [f1637480-4571-474d-8c0e-49126192dfac-NettyServerStreamRpc-bossGroup--thread1] INFO  logging.LoggingHandler (AbstractInternalLogger.java:log(148)) - [id: 0xeb9808b3, L:/0.0.0.0:15024] ACTIVE
2025-07-02 18:45:16,950 [main] WARN  statemachine.DatanodeConfiguration (DatanodeConfiguration.java:validateMinFreeSpace(751)) - hdds.datanode.volume.min.free.space.percent = -1.0 is invalid, should be between 0 and 1
2025-07-02 18:45:16,951 [main] INFO  server.XceiverServerGrpc (XceiverServerGrpc.java:<init>(130)) - GrpcServer channel type EpollServerSocketChannel
2025-07-02 18:45:16,952 [main] WARN  statemachine.DatanodeConfiguration (DatanodeConfiguration.java:validateMinFreeSpace(751)) - hdds.datanode.volume.min.free.space.percent = -1.0 is invalid, should be between 0 and 1
2025-07-02 18:45:16,953 [main] INFO  replication.ReplicationSupervisor (ReplicationSupervisor.java:build(169)) - Initializing replication supervisor with thread count = 10
2025-07-02 18:45:16,953 [main] INFO  replication.ReplicationSupervisor (ReplicationSupervisor.java:nodeStateUpdated(358)) - Node state updated to IN_SERVICE, scaling executor pool size to 10
2025-07-02 18:45:16,955 [main] WARN  statemachine.DatanodeConfiguration (DatanodeConfiguration.java:validateMinFreeSpace(751)) - hdds.datanode.volume.min.free.space.percent = -1.0 is invalid, should be between 0 and 1
2025-07-02 18:45:16,958 [main] INFO  http.BaseHttpServer (BaseHttpServer.java:newHttpServer2BuilderForOzone(229)) - Starting Web-server for hddsDatanode at: http://0.0.0.0:15018
2025-07-02 18:45:16,958 [main] INFO  http.BaseHttpServer (BaseHttpServer.java:<init>(107)) - Hadoop Security Enabled: false Ozone Security Enabled: false Ozone HTTP Security Enabled: false 
2025-07-02 18:45:16,960 [main] WARN  server.AuthenticationFilter (AuthenticationFilter.java:constructSecretProvider(240)) - Unable to initialize FileSignerSecretProvider, falling back to use random secrets. Reason: Could not read signature secret file: /home/runner/hadoop-http-auth-signature-secret
2025-07-02 18:45:16,962 [main] INFO  http.HttpServer2 (HttpServer2.java:addGlobalFilter(1042)) - Added global filter 'safety' (class=org.apache.hadoop.hdds.server.http.HttpServer2$QuotingInputFilter)
2025-07-02 18:45:16,964 [main] INFO  http.HttpServer2 (HttpServer2.java:addFilter(1018)) - Added filter static_user_filter (class=org.apache.hadoop.http.lib.StaticUserWebFilter$StaticUserFilter) to context hddsDatanode
2025-07-02 18:45:16,964 [main] INFO  http.HttpServer2 (HttpServer2.java:addFilter(1026)) - Added filter static_user_filter (class=org.apache.hadoop.http.lib.StaticUserWebFilter$StaticUserFilter) to context logs
2025-07-02 18:45:16,964 [main] INFO  http.HttpServer2 (HttpServer2.java:addFilter(1026)) - Added filter static_user_filter (class=org.apache.hadoop.http.lib.StaticUserWebFilter$StaticUserFilter) to context static
2025-07-02 18:45:16,965 [main] INFO  http.BaseHttpServer (BaseHttpServer.java:<init>(195)) - HTTP server of hddsDatanode uses base directory /home/runner/work/ozone/ozone/hadoop-ozone/integration-test/target/test-dir/MiniOzoneClusterImpl-b7e00dfa-d3b8-45cf-9d3a-2bd5fdfebf54/ozone-meta/datanode-2/meta/webserver
2025-07-02 18:45:16,965 [main] INFO  http.HttpServer2 (HttpServer2.java:bindListener(1242)) - Jetty bound to port 15018
2025-07-02 18:45:16,965 [main] INFO  server.Server (Server.java:doStart(375)) - jetty-9.4.57.v20241219; built: 2025-01-08T21:24:30.412Z; git: df524e6b29271c2e09ba9aea83c18dc9db464a31; jvm 21.0.7+6-LTS
2025-07-02 18:45:16,967 [main] INFO  server.session (DefaultSessionIdManager.java:doStart(334)) - DefaultSessionIdManager workerName=node0
2025-07-02 18:45:16,967 [main] INFO  server.session (DefaultSessionIdManager.java:doStart(339)) - No SessionScavenger set, using defaults
2025-07-02 18:45:16,967 [main] INFO  server.session (HouseKeeper.java:startScavenging(132)) - node0 Scavenging every 600000ms
2025-07-02 18:45:16,968 [main] INFO  handler.ContextHandler (ContextHandler.java:doStart(921)) - Started o.e.j.s.ServletContextHandler@26a4b864{logs,/logs,file:///home/runner/work/ozone/ozone/hadoop-ozone/integration-test/target/log,AVAILABLE}
2025-07-02 18:45:16,969 [main] INFO  handler.ContextHandler (ContextHandler.java:doStart(921)) - Started o.e.j.s.ServletContextHandler@697c3410{static,/static,jar:file:/home/runner/work/ozone/ozone/hadoop-hdds/container-service/target/hdds-container-service-2.1.0-SNAPSHOT.jar!/webapps/static,AVAILABLE}
2025-07-02 18:45:17,114 [om1@group-C5BA1605619E-FollowerState] INFO  impl.FollowerState (FollowerState.java:runImpl(161)) - om1@group-C5BA1605619E-FollowerState: change to CANDIDATE, lastRpcElapsedTime:1029212967ns, electionTimeout:1027ms
2025-07-02 18:45:17,114 [om1@group-C5BA1605619E-FollowerState] INFO  impl.RoleInfo (RoleInfo.java:shutdownFollowerState(121)) - om1: shutdown om1@group-C5BA1605619E-FollowerState
2025-07-02 18:45:17,114 [om1@group-C5BA1605619E-FollowerState] INFO  server.RaftServer$Division (RaftServerImpl.java:setRole(392)) - om1@group-C5BA1605619E: changes role from  FOLLOWER to CANDIDATE at term 0 for changeToCandidate
2025-07-02 18:45:17,114 [om1@group-C5BA1605619E-FollowerState] INFO  impl.RoleInfo (RoleInfo.java:updateAndGet(148)) - om1: start om1@group-C5BA1605619E-LeaderElection3
2025-07-02 18:45:17,115 [om1@group-C5BA1605619E-LeaderElection3] INFO  impl.LeaderElection (LeaderElection.java:askForVotes(448)) - om1@group-C5BA1605619E-LeaderElection3 PRE_VOTE round 0: submit vote requests at term 0 for conf: {index: -1, cur=peers:[om1|localhost:15009]|listeners:[], old=null}
2025-07-02 18:45:17,116 [om1@group-C5BA1605619E-LeaderElection3] INFO  impl.LeaderElection (LeaderElection.java:askForVotes(450)) - om1@group-C5BA1605619E-LeaderElection3 PRE_VOTE round 0: result PASSED (term=0)
2025-07-02 18:45:17,116 [main] INFO  handler.ContextHandler (ContextHandler.java:doStart(921)) - Started o.e.j.w.WebAppContext@27e683b6{hddsDatanode,/,file:///home/runner/work/ozone/ozone/hadoop-ozone/integration-test/target/test-dir/MiniOzoneClusterImpl-b7e00dfa-d3b8-45cf-9d3a-2bd5fdfebf54/ozone-meta/datanode-2/meta/webserver/jetty-0_0_0_0-15018-hdds-container-service-2_1_0-SNAPSHOT_jar-_-any-2513403845246776203/webapp/,AVAILABLE}{jar:file:/home/runner/work/ozone/ozone/hadoop-hdds/container-service/target/hdds-container-service-2.1.0-SNAPSHOT.jar!/webapps/hddsDatanode}
2025-07-02 18:45:17,117 [main] INFO  server.AbstractConnector (AbstractConnector.java:doStart(333)) - Started ServerConnector@608c6eb0{HTTP/1.1, (http/1.1)}{0.0.0.0:15018}
2025-07-02 18:45:17,117 [main] INFO  server.Server (Server.java:doStart(415)) - Started @12059ms
2025-07-02 18:45:17,117 [main] WARN  impl.MetricsSystemImpl (MetricsSystemImpl.java:register(279)) - Sink prometheus already exists!
2025-07-02 18:45:17,117 [main] INFO  http.BaseHttpServer (BaseHttpServer.java:updateConnectorAddress(359)) - HTTP server of hddsDatanode listening at http://localhost:15018
2025-07-02 18:45:17,118 [main] INFO  ipc.CallQueueManager (CallQueueManager.java:<init>(93)) - Using callQueue: class java.util.concurrent.LinkedBlockingQueue, queueCapacity: 1000, scheduler: class org.apache.hadoop.ipc.DefaultRpcScheduler, ipcBackoff: false, ipcFailOver: false.
2025-07-02 18:45:17,118 [main] INFO  ipc.Server (Server.java:<init>(1438)) - Listener at 0.0.0.0:15019
2025-07-02 18:45:17,119 [Socket Reader #1 for port 15019] INFO  ipc.Server (Server.java:run(1474)) - Starting Socket Reader #1 for port 15019
2025-07-02 18:45:17,119 [om1@group-C5BA1605619E-LeaderElection3] INFO  impl.LeaderElection (LeaderElection.java:askForVotes(448)) - om1@group-C5BA1605619E-LeaderElection3 ELECTION round 0: submit vote requests at term 1 for conf: {index: -1, cur=peers:[om1|localhost:15009]|listeners:[], old=null}
2025-07-02 18:45:17,119 [Socket Reader #3 for port 15019] INFO  ipc.Server (Server.java:run(1474)) - Starting Socket Reader #3 for port 15019
2025-07-02 18:45:17,120 [Socket Reader #4 for port 15019] INFO  ipc.Server (Server.java:run(1474)) - Starting Socket Reader #4 for port 15019
2025-07-02 18:45:17,119 [Socket Reader #2 for port 15019] INFO  ipc.Server (Server.java:run(1474)) - Starting Socket Reader #2 for port 15019
2025-07-02 18:45:17,119 [om1@group-C5BA1605619E-LeaderElection3] INFO  impl.LeaderElection (LeaderElection.java:askForVotes(450)) - om1@group-C5BA1605619E-LeaderElection3 ELECTION round 0: result PASSED (term=1)
2025-07-02 18:45:17,120 [om1@group-C5BA1605619E-LeaderElection3] INFO  impl.RoleInfo (RoleInfo.java:shutdownLeaderElection(141)) - om1: shutdown om1@group-C5BA1605619E-LeaderElection3
2025-07-02 18:45:17,120 [om1@group-C5BA1605619E-LeaderElection3] INFO  server.RaftServer$Division (RaftServerImpl.java:setRole(392)) - om1@group-C5BA1605619E: changes role from CANDIDATE to LEADER at term 1 for changeToLeader
2025-07-02 18:45:17,120 [Socket Reader #5 for port 15019] INFO  ipc.Server (Server.java:run(1474)) - Starting Socket Reader #5 for port 15019
2025-07-02 18:45:17,121 [Socket Reader #7 for port 15019] INFO  ipc.Server (Server.java:run(1474)) - Starting Socket Reader #7 for port 15019
2025-07-02 18:45:17,120 [om1@group-C5BA1605619E-LeaderElection3] INFO  server.RaftServerConfigKeys (ConfUtils.java:logFallback(69)) - raft.server.staging.timeout = 3600ms (fallback to raft.server.rpc.timeout.max)
2025-07-02 18:45:17,120 [Socket Reader #6 for port 15019] INFO  ipc.Server (Server.java:run(1474)) - Starting Socket Reader #6 for port 15019
2025-07-02 18:45:17,122 [Socket Reader #8 for port 15019] INFO  ipc.Server (Server.java:run(1474)) - Starting Socket Reader #8 for port 15019
2025-07-02 18:45:17,122 [om1@group-C5BA1605619E-LeaderElection3] INFO  impl.RoleInfo (RoleInfo.java:updateAndGet(148)) - om1: start om1@group-C5BA1605619E-LeaderStateImpl
2025-07-02 18:45:17,123 [om1@group-C5BA1605619E-LeaderElection3] INFO  server.RaftServer$Division (RaftServerImpl.java:setFirstElection(576)) - om1@group-C5BA1605619E: set firstElectionSinceStartup to false for becomeLeader
2025-07-02 18:45:17,124 [Socket Reader #9 for port 15019] INFO  ipc.Server (Server.java:run(1474)) - Starting Socket Reader #9 for port 15019
2025-07-02 18:45:17,125 [Socket Reader #10 for port 15019] INFO  ipc.Server (Server.java:run(1474)) - Starting Socket Reader #10 for port 15019
2025-07-02 18:45:17,126 [om1@group-C5BA1605619E-LeaderElection3] INFO  ratis.OzoneManagerStateMachine (OzoneManagerStateMachine.java:notifyLeaderChanged(174)) - om1@group-C5BA1605619E: leader changed to om1
2025-07-02 18:45:17,126 [om1@group-C5BA1605619E-LeaderElection3] INFO  server.RaftServer$Division (ServerState.java:setLeader(272)) - om1@group-C5BA1605619E: change Leader from null to om1 at term 1 for becomeLeader, leader elected after 2211ms
2025-07-02 18:45:17,126 [om1@group-C5BA1605619E-LeaderElection3] INFO  segmented.SegmentedRaftLogWorker (SegmentedRaftLogWorker.java:startLogSegment(440)) - om1@group-C5BA1605619E-SegmentedRaftLogWorker: Starting segment from index:0
2025-07-02 18:45:17,127 [om1@group-C5BA1605619E-LeaderElection3] INFO  server.RaftServer$Division (ServerState.java:setRaftConf(386)) - om1@group-C5BA1605619E: set configuration conf: {index: 0, cur=peers:[om1|localhost:15009]|listeners:[], old=null}
2025-07-02 18:45:17,128 [om1@group-C5BA1605619E-SegmentedRaftLogWorker] INFO  segmented.BufferedWriteChannel (BufferedWriteChannel.java:open(61)) - open log_inprogress_0 at position 0
2025-07-02 18:45:17,130 [main] INFO  ozone.HddsDatanodeService (HddsDatanodeService.java:start(333)) - Datanode start with admins: [admin, runner]
2025-07-02 18:45:17,131 [main] INFO  ozone.HddsDatanodeClientProtocolServer (HddsDatanodeClientProtocolServer.java:start(76)) - RPC server for Client /0.0.0.0:15019
2025-07-02 18:45:17,132 [IPC Server Responder] INFO  ipc.Server (Server.java:run(1713)) - IPC Server Responder: starting
2025-07-02 18:45:17,132 [IPC Server listener on 15019] INFO  ipc.Server (Server.java:run(1553)) - IPC Server listener on 15019: starting
2025-07-02 18:45:17,134 [main] WARN  dropwizard3.Dm3MetricRegistriesImpl (Dm3MetricRegistriesImpl.java:addReporterRegistration(114)) - New reporters are added after registries were created. Some metrics will be missing from the reporter. Please add reporter before adding any new registry.
2025-07-02 18:45:17,134 [main] WARN  dropwizard3.Dm3MetricRegistriesImpl (Dm3MetricRegistriesImpl.java:addReporterRegistration(114)) - New reporters are added after registries were created. Some metrics will be missing from the reporter. Please add reporter before adding any new registry.
2025-07-02 18:45:17,135 [main] INFO  impl.MetricsSystemImpl (MetricsSystemImpl.java:init(158)) - HddsDatanode metrics system started (again)
2025-07-02 18:45:17,136 [f1637480-4571-474d-8c0e-49126192dfac-DatanodeStateMachineDaemonThread] INFO  statemachine.DatanodeStateMachine (DatanodeStateMachine.java:startStateMachineThread(347)) - Ozone container server started.
2025-07-02 18:45:17,139 [om1@group-C5BA1605619E-SegmentedRaftLogWorker] INFO  segmented.SegmentedRaftLogWorker (SegmentedRaftLogWorker.java:execute(647)) - om1@group-C5BA1605619E-SegmentedRaftLogWorker: created new log segment /home/runner/work/ozone/ozone/hadoop-ozone/integration-test/target/test-dir/MiniOzoneClusterImpl-b7e00dfa-d3b8-45cf-9d3a-2bd5fdfebf54/ozone-meta/ratis/bf265839-605b-3f16-9796-c5ba1605619e/current/log_inprogress_0
2025-07-02 18:45:17,142 [f1637480-4571-474d-8c0e-49126192dfac-DatanodeStateMachineTaskThread-0] INFO  datanode.InitDatanodeState (InitDatanodeState.java:persistContainerDatanodeDetails(139)) - DatanodeDetails is persisted to /home/runner/work/ozone/ozone/hadoop-ozone/integration-test/target/test-dir/MiniOzoneClusterImpl-b7e00dfa-d3b8-45cf-9d3a-2bd5fdfebf54/ozone-meta/datanode-2/meta/datanode.id
2025-07-02 18:45:17,142 [om1@group-C5BA1605619E-StateMachineUpdater] INFO  ratis.OzoneManagerStateMachine (OzoneManagerStateMachine.java:notifyConfigurationChanged(236)) - notifyConfigurationChanged from Ratis: term=1, index=0, New Peer list: om1(localhost:15009)
2025-07-02 18:45:17,142 [om1@group-C5BA1605619E-StateMachineUpdater] INFO  server.RaftServer$Division (LeaderStateImpl.java:checkStartIndex(309)) - Leader om1@group-C5BA1605619E-LeaderStateImpl is ready since appliedIndex == startIndex == 0
2025-07-02 18:45:17,154 [main] INFO  protocol.DatanodeDetails (DatanodeDetails.java:validateDatanodeIpAddress(199)) - Updating IP address of datanode baa12041-7cca-45c7-810c-7ea11519444b(localhost/null) to 127.0.0.1
2025-07-02 18:45:17,154 [main] INFO  ozone.HddsDatanodeService (HddsDatanodeService.java:start(236)) - HddsDatanodeService baa12041-7cca-45c7-810c-7ea11519444b(localhost/127.0.0.1)
2025-07-02 18:45:17,156 [main] WARN  statemachine.DatanodeConfiguration (DatanodeConfiguration.java:validateMinFreeSpace(751)) - hdds.datanode.volume.min.free.space.percent = -1.0 is invalid, should be between 0 and 1
2025-07-02 18:45:17,156 [main] INFO  upgrade.AbstractLayoutVersionManager (AbstractLayoutVersionManager.java:init(80)) - Initializing Layout version manager with metadata layout = HBASE_SUPPORT (version = 8), software layout = HBASE_SUPPORT (version = 8)
2025-07-02 18:45:17,157 [main] INFO  statemachine.DatanodeStateMachine (DatanodeStateMachine.java:getEndPointTaskThreadPoolSize(305)) - Datanode State Machine Task Thread Pool size 2
2025-07-02 18:45:17,158 [main] WARN  statemachine.DatanodeConfiguration (DatanodeConfiguration.java:validateMinFreeSpace(751)) - hdds.datanode.volume.min.free.space.percent = -1.0 is invalid, should be between 0 and 1
2025-07-02 18:45:17,159 [main] WARN  statemachine.DatanodeConfiguration (DatanodeConfiguration.java:validateMinFreeSpace(751)) - hdds.datanode.volume.min.free.space.percent = -1.0 is invalid, should be between 0 and 1
2025-07-02 18:45:17,160 [main] WARN  statemachine.DatanodeConfiguration (DatanodeConfiguration.java:validateMinFreeSpace(751)) - hdds.datanode.volume.min.free.space.percent = -1.0 is invalid, should be between 0 and 1
2025-07-02 18:45:17,161 [main] WARN  statemachine.DatanodeConfiguration (DatanodeConfiguration.java:validateMinFreeSpace(751)) - hdds.datanode.volume.min.free.space.percent = -1.0 is invalid, should be between 0 and 1
2025-07-02 18:45:17,162 [main] INFO  volume.HddsVolume (HddsVolume.java:<init>(162)) - HddsVolume: { id=DS-a8e28987-02e7-4b55-9db5-0b4d8eaa682b dir=/home/runner/work/ozone/ozone/hadoop-ozone/integration-test/target/test-dir/MiniOzoneClusterImpl-b7e00dfa-d3b8-45cf-9d3a-2bd5fdfebf54/ozone-meta/datanode-3/data-0/hdds type=DISK capacity=9222449699674390527 used=0 available=9222449699674390527 minFree=9222450130714624 committed=0 }
2025-07-02 18:45:17,163 [main] INFO  volume.MutableVolumeSet (MutableVolumeSet.java:initializeVolumeSet(167)) - Added Volume : /home/runner/work/ozone/ozone/hadoop-ozone/integration-test/target/test-dir/MiniOzoneClusterImpl-b7e00dfa-d3b8-45cf-9d3a-2bd5fdfebf54/ozone-meta/datanode-3/data-0/hdds to VolumeSet
2025-07-02 18:45:17,163 [main] WARN  statemachine.DatanodeConfiguration (DatanodeConfiguration.java:validateMinFreeSpace(751)) - hdds.datanode.volume.min.free.space.percent = -1.0 is invalid, should be between 0 and 1
2025-07-02 18:45:17,164 [main] WARN  statemachine.DatanodeConfiguration (DatanodeConfiguration.java:validateMinFreeSpace(751)) - hdds.datanode.volume.min.free.space.percent = -1.0 is invalid, should be between 0 and 1
2025-07-02 18:45:17,165 [main] INFO  volume.MutableVolumeSet (MutableVolumeSet.java:initializeVolumeSet(167)) - Added Volume : /home/runner/work/ozone/ozone/hadoop-ozone/integration-test/target/test-dir/MiniOzoneClusterImpl-b7e00dfa-d3b8-45cf-9d3a-2bd5fdfebf54/ozone-meta/datanode-3/ratis to VolumeSet
2025-07-02 18:45:17,166 [main] WARN  statemachine.DatanodeConfiguration (DatanodeConfiguration.java:validateMinFreeSpace(751)) - hdds.datanode.volume.min.free.space.percent = -1.0 is invalid, should be between 0 and 1
2025-07-02 18:45:17,166 [main] WARN  statemachine.DatanodeConfiguration (DatanodeConfiguration.java:validateMinFreeSpace(751)) - hdds.datanode.volume.min.free.space.percent = -1.0 is invalid, should be between 0 and 1
2025-07-02 18:45:17,167 [main] INFO  ozoneimpl.OzoneContainer (HddsVolumeUtil.java:loadAllHddsVolumeDbStore(102)) - Load 1 volumes DbStore cost: 1ms
2025-07-02 18:45:17,167 [main] WARN  db.DBStoreBuilder (DBStoreBuilder.java:getDBDirPath(159)) - ozone.scm.datanode.id.dir is not configured. We recommend adding this setting. Falling back to ozone.metadata.dirs instead.
2025-07-02 18:45:17,168 [main] WARN  statemachine.DatanodeConfiguration (DatanodeConfiguration.java:validateMinFreeSpace(751)) - hdds.datanode.volume.min.free.space.percent = -1.0 is invalid, should be between 0 and 1
2025-07-02 18:45:17,168 [main] WARN  db.DBStoreBuilder (DBStoreBuilder.java:getDBDirPath(159)) - ozone.scm.datanode.id.dir is not configured. We recommend adding this setting. Falling back to ozone.metadata.dirs instead.
2025-07-02 18:45:17,182 [main] WARN  statemachine.DatanodeConfiguration (DatanodeConfiguration.java:validateMinFreeSpace(751)) - hdds.datanode.volume.min.free.space.percent = -1.0 is invalid, should be between 0 and 1
2025-07-02 18:45:17,184 [main] WARN  statemachine.DatanodeConfiguration (DatanodeConfiguration.java:validateMinFreeSpace(751)) - hdds.datanode.volume.min.free.space.percent = -1.0 is invalid, should be between 0 and 1
2025-07-02 18:45:17,184 [main] INFO  impl.FilePerChunkStrategy (FilePerChunkStrategy.java:<init>(79)) - ozone.chunk.read.mapped.buffer.max.count is load with 0
2025-07-02 18:45:17,184 [main] INFO  impl.FilePerBlockStrategy (FilePerBlockStrategy.java:<init>(88)) - ozone.chunk.read.mapped.buffer.max.count is load with 0
2025-07-02 18:45:17,185 [main] WARN  statemachine.DatanodeConfiguration (DatanodeConfiguration.java:validateMinFreeSpace(751)) - hdds.datanode.volume.min.free.space.percent = -1.0 is invalid, should be between 0 and 1
2025-07-02 18:45:17,186 [main] INFO  server.RaftServerConfigKeys (ConfUtils.java:logGet(62)) - raft.server.log.appender.buffer.byte-limit = 33554432 (custom)
2025-07-02 18:45:17,188 [main] INFO  grpc.GrpcConfigKeys (ConfUtils.java:logFallback(69)) - raft.grpc.admin.host = null (fallback to raft.grpc.server.host)
2025-07-02 18:45:17,188 [main] INFO  grpc.GrpcConfigKeys (ConfUtils.java:logGet(62)) - raft.grpc.admin.port = 15030 (custom)
2025-07-02 18:45:17,188 [main] INFO  grpc.GrpcConfigKeys (ConfUtils.java:logFallback(69)) - raft.grpc.client.host = null (fallback to raft.grpc.server.host)
2025-07-02 18:45:17,188 [main] INFO  grpc.GrpcConfigKeys (ConfUtils.java:logGet(62)) - raft.grpc.client.port = 15029 (custom)
2025-07-02 18:45:17,188 [main] INFO  grpc.GrpcConfigKeys (ConfUtils.java:logGet(62)) - raft.grpc.server.port = 15031 (custom)
2025-07-02 18:45:17,189 [main] INFO  server.GrpcServicesImpl (ConfUtils.java:logGet(62)) - raft.grpc.message.size.max = 34603008 (custom)
2025-07-02 18:45:17,189 [main] INFO  server.GrpcServicesImpl (ConfUtils.java:logGet(62)) - raft.grpc.flow.control.window = 5MB (=5242880) (custom)
2025-07-02 18:45:17,189 [main] INFO  server.RaftServerConfigKeys (ConfUtils.java:logGet(62)) - raft.server.log.appender.buffer.byte-limit = 33554432 (custom)
2025-07-02 18:45:17,192 [main] INFO  netty.NettyUtils (NettyUtils.java:newEventLoopGroup(74)) - Create EpollEventLoopGroup for baa12041-7cca-45c7-810c-7ea11519444b-NettyServerStreamRpc-bossGroup; Thread size is 0.
2025-07-02 18:45:17,192 [main] INFO  netty.NettyUtils (NettyUtils.java:newEventLoopGroup(74)) - Create EpollEventLoopGroup for baa12041-7cca-45c7-810c-7ea11519444b-NettyServerStreamRpc-workerGroup; Thread size is 0.
2025-07-02 18:45:17,193 [main] INFO  netty.NettyConfigKeys$DataStream (ConfUtils.java:logGet(62)) - raft.netty.dataStream.port = 15032 (custom)
2025-07-02 18:45:17,194 [baa12041-7cca-45c7-810c-7ea11519444b-NettyServerStreamRpc-bossGroup--thread1] INFO  logging.LoggingHandler (AbstractInternalLogger.java:log(148)) - [id: 0xb750f6c0] REGISTERED
2025-07-02 18:45:17,194 [main] INFO  server.RaftServerConfigKeys (ConfUtils.java:logGet(62)) - raft.server.storage.dir = [/home/runner/work/ozone/ozone/hadoop-ozone/integration-test/target/test-dir/MiniOzoneClusterImpl-b7e00dfa-d3b8-45cf-9d3a-2bd5fdfebf54/ozone-meta/datanode-3/ratis] (custom)
2025-07-02 18:45:17,195 [baa12041-7cca-45c7-810c-7ea11519444b-NettyServerStreamRpc-bossGroup--thread1] INFO  logging.LoggingHandler (AbstractInternalLogger.java:log(148)) - [id: 0xb750f6c0] BIND: 0.0.0.0/0.0.0.0:15032
2025-07-02 18:45:17,195 [baa12041-7cca-45c7-810c-7ea11519444b-NettyServerStreamRpc-bossGroup--thread1] INFO  logging.LoggingHandler (AbstractInternalLogger.java:log(148)) - [id: 0xb750f6c0, L:/0.0.0.0:15032] ACTIVE
2025-07-02 18:45:17,195 [baa12041-7cca-45c7-810c-7ea11519444b-impl-thread1] INFO  server.RaftServer (RaftServerProxy.java:initGroupDir(270)) - baa12041-7cca-45c7-810c-7ea11519444b: found a subdirectory /home/runner/work/ozone/ozone/hadoop-ozone/integration-test/target/test-dir/MiniOzoneClusterImpl-b7e00dfa-d3b8-45cf-9d3a-2bd5fdfebf54/ozone-meta/datanode-3/ratis/tmp
2025-07-02 18:45:17,196 [baa12041-7cca-45c7-810c-7ea11519444b-impl-thread1] INFO  server.RaftServer (RaftServerProxy.java:initGroupDir(275)) - baa12041-7cca-45c7-810c-7ea11519444b: The directory /home/runner/work/ozone/ozone/hadoop-ozone/integration-test/target/test-dir/MiniOzoneClusterImpl-b7e00dfa-d3b8-45cf-9d3a-2bd5fdfebf54/ozone-meta/datanode-3/ratis/tmp is not a group directory; ignoring it. 
2025-07-02 18:45:17,197 [main] INFO  replication.ReplicationServer (ReplicationServer.java:<init>(84)) - Initializing replication server with thread count = 10 queue length = 4096
2025-07-02 18:45:17,198 [main] WARN  statemachine.DatanodeConfiguration (DatanodeConfiguration.java:validateMinFreeSpace(751)) - hdds.datanode.volume.min.free.space.percent = -1.0 is invalid, should be between 0 and 1
2025-07-02 18:45:17,198 [main] INFO  server.XceiverServerGrpc (XceiverServerGrpc.java:<init>(130)) - GrpcServer channel type EpollServerSocketChannel
2025-07-02 18:45:17,202 [main] WARN  statemachine.DatanodeConfiguration (DatanodeConfiguration.java:validateMinFreeSpace(751)) - hdds.datanode.volume.min.free.space.percent = -1.0 is invalid, should be between 0 and 1
2025-07-02 18:45:17,203 [main] INFO  replication.ReplicationSupervisor (ReplicationSupervisor.java:build(169)) - Initializing replication supervisor with thread count = 10
2025-07-02 18:45:17,203 [main] INFO  replication.ReplicationSupervisor (ReplicationSupervisor.java:nodeStateUpdated(358)) - Node state updated to IN_SERVICE, scaling executor pool size to 10
2025-07-02 18:45:17,206 [main] WARN  statemachine.DatanodeConfiguration (DatanodeConfiguration.java:validateMinFreeSpace(751)) - hdds.datanode.volume.min.free.space.percent = -1.0 is invalid, should be between 0 and 1
2025-07-02 18:45:17,209 [main] INFO  http.BaseHttpServer (BaseHttpServer.java:newHttpServer2BuilderForOzone(229)) - Starting Web-server for hddsDatanode at: http://0.0.0.0:15026
2025-07-02 18:45:17,210 [main] INFO  http.BaseHttpServer (BaseHttpServer.java:<init>(107)) - Hadoop Security Enabled: false Ozone Security Enabled: false Ozone HTTP Security Enabled: false 
2025-07-02 18:45:17,212 [main] WARN  server.AuthenticationFilter (AuthenticationFilter.java:constructSecretProvider(240)) - Unable to initialize FileSignerSecretProvider, falling back to use random secrets. Reason: Could not read signature secret file: /home/runner/hadoop-http-auth-signature-secret
2025-07-02 18:45:17,214 [main] INFO  http.HttpServer2 (HttpServer2.java:addGlobalFilter(1042)) - Added global filter 'safety' (class=org.apache.hadoop.hdds.server.http.HttpServer2$QuotingInputFilter)
2025-07-02 18:45:17,216 [main] INFO  http.HttpServer2 (HttpServer2.java:addFilter(1018)) - Added filter static_user_filter (class=org.apache.hadoop.http.lib.StaticUserWebFilter$StaticUserFilter) to context hddsDatanode
2025-07-02 18:45:17,216 [main] INFO  http.HttpServer2 (HttpServer2.java:addFilter(1026)) - Added filter static_user_filter (class=org.apache.hadoop.http.lib.StaticUserWebFilter$StaticUserFilter) to context logs
2025-07-02 18:45:17,216 [main] INFO  http.HttpServer2 (HttpServer2.java:addFilter(1026)) - Added filter static_user_filter (class=org.apache.hadoop.http.lib.StaticUserWebFilter$StaticUserFilter) to context static
2025-07-02 18:45:17,217 [main] INFO  http.BaseHttpServer (BaseHttpServer.java:<init>(195)) - HTTP server of hddsDatanode uses base directory /home/runner/work/ozone/ozone/hadoop-ozone/integration-test/target/test-dir/MiniOzoneClusterImpl-b7e00dfa-d3b8-45cf-9d3a-2bd5fdfebf54/ozone-meta/datanode-3/meta/webserver
2025-07-02 18:45:17,217 [main] INFO  http.HttpServer2 (HttpServer2.java:bindListener(1242)) - Jetty bound to port 15026
2025-07-02 18:45:17,218 [main] INFO  server.Server (Server.java:doStart(375)) - jetty-9.4.57.v20241219; built: 2025-01-08T21:24:30.412Z; git: df524e6b29271c2e09ba9aea83c18dc9db464a31; jvm 21.0.7+6-LTS
2025-07-02 18:45:17,220 [main] INFO  server.session (DefaultSessionIdManager.java:doStart(334)) - DefaultSessionIdManager workerName=node0
2025-07-02 18:45:17,220 [main] INFO  server.session (DefaultSessionIdManager.java:doStart(339)) - No SessionScavenger set, using defaults
2025-07-02 18:45:17,220 [main] INFO  server.session (HouseKeeper.java:startScavenging(132)) - node0 Scavenging every 660000ms
2025-07-02 18:45:17,221 [main] INFO  handler.ContextHandler (ContextHandler.java:doStart(921)) - Started o.e.j.s.ServletContextHandler@57a79923{logs,/logs,file:///home/runner/work/ozone/ozone/hadoop-ozone/integration-test/target/log,AVAILABLE}
2025-07-02 18:45:17,222 [main] INFO  handler.ContextHandler (ContextHandler.java:doStart(921)) - Started o.e.j.s.ServletContextHandler@67303bc6{static,/static,jar:file:/home/runner/work/ozone/ozone/hadoop-hdds/container-service/target/hdds-container-service-2.1.0-SNAPSHOT.jar!/webapps/static,AVAILABLE}
2025-07-02 18:45:17,375 [main] INFO  handler.ContextHandler (ContextHandler.java:doStart(921)) - Started o.e.j.w.WebAppContext@7ac71b01{hddsDatanode,/,file:///home/runner/work/ozone/ozone/hadoop-ozone/integration-test/target/test-dir/MiniOzoneClusterImpl-b7e00dfa-d3b8-45cf-9d3a-2bd5fdfebf54/ozone-meta/datanode-3/meta/webserver/jetty-0_0_0_0-15026-hdds-container-service-2_1_0-SNAPSHOT_jar-_-any-7395472292825746710/webapp/,AVAILABLE}{jar:file:/home/runner/work/ozone/ozone/hadoop-hdds/container-service/target/hdds-container-service-2.1.0-SNAPSHOT.jar!/webapps/hddsDatanode}
2025-07-02 18:45:17,376 [main] INFO  server.AbstractConnector (AbstractConnector.java:doStart(333)) - Started ServerConnector@36f59005{HTTP/1.1, (http/1.1)}{0.0.0.0:15026}
2025-07-02 18:45:17,376 [main] INFO  server.Server (Server.java:doStart(415)) - Started @12318ms
2025-07-02 18:45:17,376 [main] WARN  impl.MetricsSystemImpl (MetricsSystemImpl.java:register(279)) - Sink prometheus already exists!
2025-07-02 18:45:17,376 [main] INFO  http.BaseHttpServer (BaseHttpServer.java:updateConnectorAddress(359)) - HTTP server of hddsDatanode listening at http://localhost:15026
2025-07-02 18:45:17,377 [main] INFO  ipc.CallQueueManager (CallQueueManager.java:<init>(93)) - Using callQueue: class java.util.concurrent.LinkedBlockingQueue, queueCapacity: 1000, scheduler: class org.apache.hadoop.ipc.DefaultRpcScheduler, ipcBackoff: false, ipcFailOver: false.
2025-07-02 18:45:17,377 [main] INFO  ipc.Server (Server.java:<init>(1438)) - Listener at 0.0.0.0:15027
2025-07-02 18:45:17,377 [Socket Reader #1 for port 15027] INFO  ipc.Server (Server.java:run(1474)) - Starting Socket Reader #1 for port 15027
2025-07-02 18:45:17,378 [Socket Reader #2 for port 15027] INFO  ipc.Server (Server.java:run(1474)) - Starting Socket Reader #2 for port 15027
2025-07-02 18:45:17,378 [Socket Reader #3 for port 15027] INFO  ipc.Server (Server.java:run(1474)) - Starting Socket Reader #3 for port 15027
2025-07-02 18:45:17,379 [Socket Reader #4 for port 15027] INFO  ipc.Server (Server.java:run(1474)) - Starting Socket Reader #4 for port 15027
2025-07-02 18:45:17,379 [Socket Reader #5 for port 15027] INFO  ipc.Server (Server.java:run(1474)) - Starting Socket Reader #5 for port 15027
2025-07-02 18:45:17,380 [Socket Reader #6 for port 15027] INFO  ipc.Server (Server.java:run(1474)) - Starting Socket Reader #6 for port 15027
2025-07-02 18:45:17,380 [Socket Reader #7 for port 15027] INFO  ipc.Server (Server.java:run(1474)) - Starting Socket Reader #7 for port 15027
2025-07-02 18:45:17,380 [Socket Reader #8 for port 15027] INFO  ipc.Server (Server.java:run(1474)) - Starting Socket Reader #8 for port 15027
2025-07-02 18:45:17,381 [Socket Reader #9 for port 15027] INFO  ipc.Server (Server.java:run(1474)) - Starting Socket Reader #9 for port 15027
2025-07-02 18:45:17,381 [Socket Reader #10 for port 15027] INFO  ipc.Server (Server.java:run(1474)) - Starting Socket Reader #10 for port 15027
2025-07-02 18:45:17,385 [main] INFO  ozone.HddsDatanodeService (HddsDatanodeService.java:start(333)) - Datanode start with admins: [admin, runner]
2025-07-02 18:45:17,385 [main] INFO  ozone.HddsDatanodeClientProtocolServer (HddsDatanodeClientProtocolServer.java:start(76)) - RPC server for Client /0.0.0.0:15027
2025-07-02 18:45:17,385 [IPC Server Responder] INFO  ipc.Server (Server.java:run(1713)) - IPC Server Responder: starting
2025-07-02 18:45:17,386 [IPC Server listener on 15027] INFO  ipc.Server (Server.java:run(1553)) - IPC Server listener on 15027: starting
2025-07-02 18:45:17,388 [main] WARN  dropwizard3.Dm3MetricRegistriesImpl (Dm3MetricRegistriesImpl.java:addReporterRegistration(114)) - New reporters are added after registries were created. Some metrics will be missing from the reporter. Please add reporter before adding any new registry.
2025-07-02 18:45:17,388 [main] WARN  dropwizard3.Dm3MetricRegistriesImpl (Dm3MetricRegistriesImpl.java:addReporterRegistration(114)) - New reporters are added after registries were created. Some metrics will be missing from the reporter. Please add reporter before adding any new registry.
2025-07-02 18:45:17,388 [main] INFO  impl.MetricsSystemImpl (MetricsSystemImpl.java:init(158)) - HddsDatanode metrics system started (again)
2025-07-02 18:45:17,396 [baa12041-7cca-45c7-810c-7ea11519444b-DatanodeStateMachineDaemonThread] INFO  statemachine.DatanodeStateMachine (DatanodeStateMachine.java:startStateMachineThread(347)) - Ozone container server started.
2025-07-02 18:45:17,409 [baa12041-7cca-45c7-810c-7ea11519444b-DatanodeStateMachineTaskThread-0] INFO  datanode.InitDatanodeState (InitDatanodeState.java:persistContainerDatanodeDetails(139)) - DatanodeDetails is persisted to /home/runner/work/ozone/ozone/hadoop-ozone/integration-test/target/test-dir/MiniOzoneClusterImpl-b7e00dfa-d3b8-45cf-9d3a-2bd5fdfebf54/ozone-meta/datanode-3/meta/datanode.id
2025-07-02 18:45:17,420 [main] INFO  protocol.DatanodeDetails (DatanodeDetails.java:validateDatanodeIpAddress(199)) - Updating IP address of datanode 95ee4113-9599-4433-8033-e07ec30d3bee(localhost/null) to 127.0.0.1
2025-07-02 18:45:17,420 [main] INFO  ozone.HddsDatanodeService (HddsDatanodeService.java:start(236)) - HddsDatanodeService 95ee4113-9599-4433-8033-e07ec30d3bee(localhost/127.0.0.1)
2025-07-02 18:45:17,424 [main] WARN  statemachine.DatanodeConfiguration (DatanodeConfiguration.java:validateMinFreeSpace(751)) - hdds.datanode.volume.min.free.space.percent = -1.0 is invalid, should be between 0 and 1
2025-07-02 18:45:17,425 [main] INFO  upgrade.AbstractLayoutVersionManager (AbstractLayoutVersionManager.java:init(80)) - Initializing Layout version manager with metadata layout = HBASE_SUPPORT (version = 8), software layout = HBASE_SUPPORT (version = 8)
2025-07-02 18:45:17,426 [main] INFO  statemachine.DatanodeStateMachine (DatanodeStateMachine.java:getEndPointTaskThreadPoolSize(305)) - Datanode State Machine Task Thread Pool size 2
2025-07-02 18:45:17,428 [main] WARN  statemachine.DatanodeConfiguration (DatanodeConfiguration.java:validateMinFreeSpace(751)) - hdds.datanode.volume.min.free.space.percent = -1.0 is invalid, should be between 0 and 1
2025-07-02 18:45:17,429 [main] WARN  statemachine.DatanodeConfiguration (DatanodeConfiguration.java:validateMinFreeSpace(751)) - hdds.datanode.volume.min.free.space.percent = -1.0 is invalid, should be between 0 and 1
2025-07-02 18:45:17,432 [main] WARN  statemachine.DatanodeConfiguration (DatanodeConfiguration.java:validateMinFreeSpace(751)) - hdds.datanode.volume.min.free.space.percent = -1.0 is invalid, should be between 0 and 1
2025-07-02 18:45:17,433 [main] WARN  statemachine.DatanodeConfiguration (DatanodeConfiguration.java:validateMinFreeSpace(751)) - hdds.datanode.volume.min.free.space.percent = -1.0 is invalid, should be between 0 and 1
2025-07-02 18:45:17,447 [main] INFO  volume.HddsVolume (HddsVolume.java:<init>(162)) - HddsVolume: { id=DS-9037cd08-66aa-4de0-85ec-cbb7c3355b30 dir=/home/runner/work/ozone/ozone/hadoop-ozone/integration-test/target/test-dir/MiniOzoneClusterImpl-b7e00dfa-d3b8-45cf-9d3a-2bd5fdfebf54/ozone-meta/datanode-4/data-0/hdds type=DISK capacity=9222449699674390527 used=0 available=9222449699674390527 minFree=9222450130714624 committed=0 }
2025-07-02 18:45:17,447 [main] INFO  volume.MutableVolumeSet (MutableVolumeSet.java:initializeVolumeSet(167)) - Added Volume : /home/runner/work/ozone/ozone/hadoop-ozone/integration-test/target/test-dir/MiniOzoneClusterImpl-b7e00dfa-d3b8-45cf-9d3a-2bd5fdfebf54/ozone-meta/datanode-4/data-0/hdds to VolumeSet
2025-07-02 18:45:17,449 [main] WARN  statemachine.DatanodeConfiguration (DatanodeConfiguration.java:validateMinFreeSpace(751)) - hdds.datanode.volume.min.free.space.percent = -1.0 is invalid, should be between 0 and 1
2025-07-02 18:45:17,450 [main] WARN  statemachine.DatanodeConfiguration (DatanodeConfiguration.java:validateMinFreeSpace(751)) - hdds.datanode.volume.min.free.space.percent = -1.0 is invalid, should be between 0 and 1
2025-07-02 18:45:17,452 [main] INFO  volume.MutableVolumeSet (MutableVolumeSet.java:initializeVolumeSet(167)) - Added Volume : /home/runner/work/ozone/ozone/hadoop-ozone/integration-test/target/test-dir/MiniOzoneClusterImpl-b7e00dfa-d3b8-45cf-9d3a-2bd5fdfebf54/ozone-meta/datanode-4/ratis to VolumeSet
2025-07-02 18:45:17,452 [main] WARN  statemachine.DatanodeConfiguration (DatanodeConfiguration.java:validateMinFreeSpace(751)) - hdds.datanode.volume.min.free.space.percent = -1.0 is invalid, should be between 0 and 1
2025-07-02 18:45:17,454 [main] WARN  statemachine.DatanodeConfiguration (DatanodeConfiguration.java:validateMinFreeSpace(751)) - hdds.datanode.volume.min.free.space.percent = -1.0 is invalid, should be between 0 and 1
2025-07-02 18:45:17,455 [main] INFO  ozoneimpl.OzoneContainer (HddsVolumeUtil.java:loadAllHddsVolumeDbStore(102)) - Load 1 volumes DbStore cost: 0ms
2025-07-02 18:45:17,455 [main] WARN  db.DBStoreBuilder (DBStoreBuilder.java:getDBDirPath(159)) - ozone.scm.datanode.id.dir is not configured. We recommend adding this setting. Falling back to ozone.metadata.dirs instead.
2025-07-02 18:45:17,457 [main] WARN  statemachine.DatanodeConfiguration (DatanodeConfiguration.java:validateMinFreeSpace(751)) - hdds.datanode.volume.min.free.space.percent = -1.0 is invalid, should be between 0 and 1
2025-07-02 18:45:17,458 [main] WARN  db.DBStoreBuilder (DBStoreBuilder.java:getDBDirPath(159)) - ozone.scm.datanode.id.dir is not configured. We recommend adding this setting. Falling back to ozone.metadata.dirs instead.
2025-07-02 18:45:17,472 [75758caf-2019-48e0-9285-4ac26ec01eda-EndpointStateMachineTaskThread-/0.0.0.0:15002-0 ] WARN  statemachine.DatanodeConfiguration (DatanodeConfiguration.java:validateMinFreeSpace(751)) - hdds.datanode.volume.min.free.space.percent = -1.0 is invalid, should be between 0 and 1
2025-07-02 18:45:17,475 [75758caf-2019-48e0-9285-4ac26ec01eda-EndpointStateMachineTaskThread-/0.0.0.0:15002-0 ] WARN  statemachine.DatanodeConfiguration (DatanodeConfiguration.java:validateMinFreeSpace(751)) - hdds.datanode.volume.min.free.space.percent = -1.0 is invalid, should be between 0 and 1
2025-07-02 18:45:17,477 [75758caf-2019-48e0-9285-4ac26ec01eda-EndpointStateMachineTaskThread-/0.0.0.0:15002-0 ] WARN  statemachine.DatanodeConfiguration (DatanodeConfiguration.java:validateMinFreeSpace(751)) - hdds.datanode.volume.min.free.space.percent = -1.0 is invalid, should be between 0 and 1
2025-07-02 18:45:17,479 [main] WARN  statemachine.DatanodeConfiguration (DatanodeConfiguration.java:validateMinFreeSpace(751)) - hdds.datanode.volume.min.free.space.percent = -1.0 is invalid, should be between 0 and 1
2025-07-02 18:45:17,480 [main] WARN  statemachine.DatanodeConfiguration (DatanodeConfiguration.java:validateMinFreeSpace(751)) - hdds.datanode.volume.min.free.space.percent = -1.0 is invalid, should be between 0 and 1
2025-07-02 18:45:17,481 [main] INFO  impl.FilePerChunkStrategy (FilePerChunkStrategy.java:<init>(79)) - ozone.chunk.read.mapped.buffer.max.count is load with 0
2025-07-02 18:45:17,481 [main] INFO  impl.FilePerBlockStrategy (FilePerBlockStrategy.java:<init>(88)) - ozone.chunk.read.mapped.buffer.max.count is load with 0
2025-07-02 18:45:17,483 [main] WARN  statemachine.DatanodeConfiguration (DatanodeConfiguration.java:validateMinFreeSpace(751)) - hdds.datanode.volume.min.free.space.percent = -1.0 is invalid, should be between 0 and 1
2025-07-02 18:45:17,486 [main] INFO  server.RaftServerConfigKeys (ConfUtils.java:logGet(62)) - raft.server.log.appender.buffer.byte-limit = 33554432 (custom)
2025-07-02 18:45:17,489 [main] INFO  grpc.GrpcConfigKeys (ConfUtils.java:logFallback(69)) - raft.grpc.admin.host = null (fallback to raft.grpc.server.host)
2025-07-02 18:45:17,490 [main] INFO  grpc.GrpcConfigKeys (ConfUtils.java:logGet(62)) - raft.grpc.admin.port = 15038 (custom)
2025-07-02 18:45:17,490 [main] INFO  grpc.GrpcConfigKeys (ConfUtils.java:logFallback(69)) - raft.grpc.client.host = null (fallback to raft.grpc.server.host)
2025-07-02 18:45:17,490 [main] INFO  grpc.GrpcConfigKeys (ConfUtils.java:logGet(62)) - raft.grpc.client.port = 15037 (custom)
2025-07-02 18:45:17,490 [main] INFO  grpc.GrpcConfigKeys (ConfUtils.java:logGet(62)) - raft.grpc.server.port = 15039 (custom)
2025-07-02 18:45:17,490 [main] INFO  server.GrpcServicesImpl (ConfUtils.java:logGet(62)) - raft.grpc.message.size.max = 34603008 (custom)
2025-07-02 18:45:17,490 [main] INFO  server.GrpcServicesImpl (ConfUtils.java:logGet(62)) - raft.grpc.flow.control.window = 5MB (=5242880) (custom)
2025-07-02 18:45:17,490 [main] INFO  server.RaftServerConfigKeys (ConfUtils.java:logGet(62)) - raft.server.log.appender.buffer.byte-limit = 33554432 (custom)
2025-07-02 18:45:17,493 [main] INFO  netty.NettyUtils (NettyUtils.java:newEventLoopGroup(74)) - Create EpollEventLoopGroup for 95ee4113-9599-4433-8033-e07ec30d3bee-NettyServerStreamRpc-bossGroup; Thread size is 0.
2025-07-02 18:45:17,494 [main] INFO  netty.NettyUtils (NettyUtils.java:newEventLoopGroup(74)) - Create EpollEventLoopGroup for 95ee4113-9599-4433-8033-e07ec30d3bee-NettyServerStreamRpc-workerGroup; Thread size is 0.
2025-07-02 18:45:17,496 [main] INFO  netty.NettyConfigKeys$DataStream (ConfUtils.java:logGet(62)) - raft.netty.dataStream.port = 15040 (custom)
2025-07-02 18:45:17,499 [main] INFO  server.RaftServerConfigKeys (ConfUtils.java:logGet(62)) - raft.server.storage.dir = [/home/runner/work/ozone/ozone/hadoop-ozone/integration-test/target/test-dir/MiniOzoneClusterImpl-b7e00dfa-d3b8-45cf-9d3a-2bd5fdfebf54/ozone-meta/datanode-4/ratis] (custom)
2025-07-02 18:45:17,499 [95ee4113-9599-4433-8033-e07ec30d3bee-NettyServerStreamRpc-bossGroup--thread1] INFO  logging.LoggingHandler (AbstractInternalLogger.java:log(148)) - [id: 0xa5415db7] REGISTERED
2025-07-02 18:45:17,499 [95ee4113-9599-4433-8033-e07ec30d3bee-NettyServerStreamRpc-bossGroup--thread1] INFO  logging.LoggingHandler (AbstractInternalLogger.java:log(148)) - [id: 0xa5415db7] BIND: 0.0.0.0/0.0.0.0:15040
2025-07-02 18:45:17,499 [95ee4113-9599-4433-8033-e07ec30d3bee-NettyServerStreamRpc-bossGroup--thread1] INFO  logging.LoggingHandler (AbstractInternalLogger.java:log(148)) - [id: 0xa5415db7, L:/0.0.0.0:15040] ACTIVE
2025-07-02 18:45:17,500 [95ee4113-9599-4433-8033-e07ec30d3bee-impl-thread1] INFO  server.RaftServer (RaftServerProxy.java:initGroupDir(270)) - 95ee4113-9599-4433-8033-e07ec30d3bee: found a subdirectory /home/runner/work/ozone/ozone/hadoop-ozone/integration-test/target/test-dir/MiniOzoneClusterImpl-b7e00dfa-d3b8-45cf-9d3a-2bd5fdfebf54/ozone-meta/datanode-4/ratis/tmp
2025-07-02 18:45:17,500 [95ee4113-9599-4433-8033-e07ec30d3bee-impl-thread1] INFO  server.RaftServer (RaftServerProxy.java:initGroupDir(275)) - 95ee4113-9599-4433-8033-e07ec30d3bee: The directory /home/runner/work/ozone/ozone/hadoop-ozone/integration-test/target/test-dir/MiniOzoneClusterImpl-b7e00dfa-d3b8-45cf-9d3a-2bd5fdfebf54/ozone-meta/datanode-4/ratis/tmp is not a group directory; ignoring it. 
2025-07-02 18:45:17,500 [main] INFO  replication.ReplicationServer (ReplicationServer.java:<init>(84)) - Initializing replication server with thread count = 10 queue length = 4096
2025-07-02 18:45:17,501 [main] WARN  statemachine.DatanodeConfiguration (DatanodeConfiguration.java:validateMinFreeSpace(751)) - hdds.datanode.volume.min.free.space.percent = -1.0 is invalid, should be between 0 and 1
2025-07-02 18:45:17,501 [main] INFO  server.XceiverServerGrpc (XceiverServerGrpc.java:<init>(130)) - GrpcServer channel type EpollServerSocketChannel
2025-07-02 18:45:17,504 [main] WARN  statemachine.DatanodeConfiguration (DatanodeConfiguration.java:validateMinFreeSpace(751)) - hdds.datanode.volume.min.free.space.percent = -1.0 is invalid, should be between 0 and 1
2025-07-02 18:45:17,506 [main] INFO  replication.ReplicationSupervisor (ReplicationSupervisor.java:build(169)) - Initializing replication supervisor with thread count = 10
2025-07-02 18:45:17,506 [main] INFO  replication.ReplicationSupervisor (ReplicationSupervisor.java:nodeStateUpdated(358)) - Node state updated to IN_SERVICE, scaling executor pool size to 10
2025-07-02 18:45:17,510 [main] WARN  statemachine.DatanodeConfiguration (DatanodeConfiguration.java:validateMinFreeSpace(751)) - hdds.datanode.volume.min.free.space.percent = -1.0 is invalid, should be between 0 and 1
2025-07-02 18:45:17,514 [main] INFO  http.BaseHttpServer (BaseHttpServer.java:newHttpServer2BuilderForOzone(229)) - Starting Web-server for hddsDatanode at: http://0.0.0.0:15034
2025-07-02 18:45:17,514 [main] INFO  http.BaseHttpServer (BaseHttpServer.java:<init>(107)) - Hadoop Security Enabled: false Ozone Security Enabled: false Ozone HTTP Security Enabled: false 
2025-07-02 18:45:17,516 [main] WARN  server.AuthenticationFilter (AuthenticationFilter.java:constructSecretProvider(240)) - Unable to initialize FileSignerSecretProvider, falling back to use random secrets. Reason: Could not read signature secret file: /home/runner/hadoop-http-auth-signature-secret
2025-07-02 18:45:17,520 [main] INFO  http.HttpServer2 (HttpServer2.java:addGlobalFilter(1042)) - Added global filter 'safety' (class=org.apache.hadoop.hdds.server.http.HttpServer2$QuotingInputFilter)
2025-07-02 18:45:17,522 [main] INFO  http.HttpServer2 (HttpServer2.java:addFilter(1018)) - Added filter static_user_filter (class=org.apache.hadoop.http.lib.StaticUserWebFilter$StaticUserFilter) to context hddsDatanode
2025-07-02 18:45:17,522 [main] INFO  http.HttpServer2 (HttpServer2.java:addFilter(1026)) - Added filter static_user_filter (class=org.apache.hadoop.http.lib.StaticUserWebFilter$StaticUserFilter) to context logs
2025-07-02 18:45:17,522 [main] INFO  http.HttpServer2 (HttpServer2.java:addFilter(1026)) - Added filter static_user_filter (class=org.apache.hadoop.http.lib.StaticUserWebFilter$StaticUserFilter) to context static
2025-07-02 18:45:17,523 [main] INFO  http.BaseHttpServer (BaseHttpServer.java:<init>(195)) - HTTP server of hddsDatanode uses base directory /home/runner/work/ozone/ozone/hadoop-ozone/integration-test/target/test-dir/MiniOzoneClusterImpl-b7e00dfa-d3b8-45cf-9d3a-2bd5fdfebf54/ozone-meta/datanode-4/meta/webserver
2025-07-02 18:45:17,523 [main] INFO  http.HttpServer2 (HttpServer2.java:bindListener(1242)) - Jetty bound to port 15034
2025-07-02 18:45:17,523 [main] INFO  server.Server (Server.java:doStart(375)) - jetty-9.4.57.v20241219; built: 2025-01-08T21:24:30.412Z; git: df524e6b29271c2e09ba9aea83c18dc9db464a31; jvm 21.0.7+6-LTS
2025-07-02 18:45:17,526 [main] INFO  server.session (DefaultSessionIdManager.java:doStart(334)) - DefaultSessionIdManager workerName=node0
2025-07-02 18:45:17,526 [main] INFO  server.session (DefaultSessionIdManager.java:doStart(339)) - No SessionScavenger set, using defaults
2025-07-02 18:45:17,526 [main] INFO  server.session (HouseKeeper.java:startScavenging(132)) - node0 Scavenging every 660000ms
2025-07-02 18:45:17,528 [main] INFO  handler.ContextHandler (ContextHandler.java:doStart(921)) - Started o.e.j.s.ServletContextHandler@2cbad233{logs,/logs,file:///home/runner/work/ozone/ozone/hadoop-ozone/integration-test/target/log,AVAILABLE}
2025-07-02 18:45:17,528 [main] INFO  handler.ContextHandler (ContextHandler.java:doStart(921)) - Started o.e.j.s.ServletContextHandler@69596a73{static,/static,jar:file:/home/runner/work/ozone/ozone/hadoop-hdds/container-service/target/hdds-container-service-2.1.0-SNAPSHOT.jar!/webapps/static,AVAILABLE}
2025-07-02 18:45:17,537 [75758caf-2019-48e0-9285-4ac26ec01eda-EndpointStateMachineTaskThread-/0.0.0.0:15002-0 ] INFO  utils.DatanodeStoreCache (DatanodeStoreCache.java:addDB(70)) - Added db /home/runner/work/ozone/ozone/hadoop-ozone/integration-test/target/test-dir/MiniOzoneClusterImpl-b7e00dfa-d3b8-45cf-9d3a-2bd5fdfebf54/ozone-meta/datanode-1/data-0/hdds/b7e00dfa-d3b8-45cf-9d3a-2bd5fdfebf54/DS-e2c32d70-2cdf-4633-a40b-fef7d174f9be/container.db to cache
2025-07-02 18:45:17,537 [75758caf-2019-48e0-9285-4ac26ec01eda-EndpointStateMachineTaskThread-/0.0.0.0:15002-0 ] INFO  volume.HddsVolume (HddsVolume.java:createDbStore(575)) - SchemaV3 db is created and loaded at /home/runner/work/ozone/ozone/hadoop-ozone/integration-test/target/test-dir/MiniOzoneClusterImpl-b7e00dfa-d3b8-45cf-9d3a-2bd5fdfebf54/ozone-meta/datanode-1/data-0/hdds/b7e00dfa-d3b8-45cf-9d3a-2bd5fdfebf54/DS-e2c32d70-2cdf-4633-a40b-fef7d174f9be/container.db for volume DS-e2c32d70-2cdf-4633-a40b-fef7d174f9be
2025-07-02 18:45:17,537 [75758caf-2019-48e0-9285-4ac26ec01eda-EndpointStateMachineTaskThread-/0.0.0.0:15002-0 ] WARN  statemachine.DatanodeConfiguration (DatanodeConfiguration.java:validateMinFreeSpace(751)) - hdds.datanode.volume.min.free.space.percent = -1.0 is invalid, should be between 0 and 1
2025-07-02 18:45:17,545 [75758caf-2019-48e0-9285-4ac26ec01eda-ContainerReader-0] INFO  ozoneimpl.ContainerReader (ContainerReader.java:readVolume(144)) - Start to verify containers on volume /home/runner/work/ozone/ozone/hadoop-ozone/integration-test/target/test-dir/MiniOzoneClusterImpl-b7e00dfa-d3b8-45cf-9d3a-2bd5fdfebf54/ozone-meta/datanode-1/data-0/hdds
2025-07-02 18:45:17,546 [75758caf-2019-48e0-9285-4ac26ec01eda-ContainerReader-0] INFO  ozoneimpl.ContainerReader (ContainerReader.java:readVolume(174)) - Finish verifying containers on volume /home/runner/work/ozone/ozone/hadoop-ozone/integration-test/target/test-dir/MiniOzoneClusterImpl-b7e00dfa-d3b8-45cf-9d3a-2bd5fdfebf54/ozone-meta/datanode-1/data-0/hdds
2025-07-02 18:45:17,547 [75758caf-2019-48e0-9285-4ac26ec01eda-EndpointStateMachineTaskThread-/0.0.0.0:15002-0 ] INFO  ozoneimpl.OzoneContainer (OzoneContainer.java:buildContainerSet(370)) - Build ContainerSet costs 0s
2025-07-02 18:45:17,547 [75758caf-2019-48e0-9285-4ac26ec01eda-EndpointStateMachineTaskThread-/0.0.0.0:15002-0 ] INFO  volume.ThrottledAsyncChecker (ThrottledAsyncChecker.java:schedule(138)) - Scheduling a check for /home/runner/work/ozone/ozone/hadoop-ozone/integration-test/target/test-dir/MiniOzoneClusterImpl-b7e00dfa-d3b8-45cf-9d3a-2bd5fdfebf54/ozone-meta/datanode-1/data-0/hdds
2025-07-02 18:45:17,555 [75758caf-2019-48e0-9285-4ac26ec01eda-EndpointStateMachineTaskThread-/0.0.0.0:15002-0 ] INFO  volume.StorageVolumeChecker (StorageVolumeChecker.java:checkAllVolumes(215)) - Scheduled health check for volume /home/runner/work/ozone/ozone/hadoop-ozone/integration-test/target/test-dir/MiniOzoneClusterImpl-b7e00dfa-d3b8-45cf-9d3a-2bd5fdfebf54/ozone-meta/datanode-1/data-0/hdds
2025-07-02 18:45:17,565 [75758caf-2019-48e0-9285-4ac26ec01eda-EndpointStateMachineTaskThread-/0.0.0.0:15002-0 ] INFO  volume.ThrottledAsyncChecker (ThrottledAsyncChecker.java:schedule(138)) - Scheduling a check for /home/runner/work/ozone/ozone/hadoop-ozone/integration-test/target/test-dir/MiniOzoneClusterImpl-b7e00dfa-d3b8-45cf-9d3a-2bd5fdfebf54/ozone-meta/datanode-1/ratis
2025-07-02 18:45:17,565 [75758caf-2019-48e0-9285-4ac26ec01eda-EndpointStateMachineTaskThread-/0.0.0.0:15002-0 ] INFO  volume.StorageVolumeChecker (StorageVolumeChecker.java:checkAllVolumes(215)) - Scheduled health check for volume /home/runner/work/ozone/ozone/hadoop-ozone/integration-test/target/test-dir/MiniOzoneClusterImpl-b7e00dfa-d3b8-45cf-9d3a-2bd5fdfebf54/ozone-meta/datanode-1/ratis
2025-07-02 18:45:17,566 [75758caf-2019-48e0-9285-4ac26ec01eda-EndpointStateMachineTaskThread-/0.0.0.0:15002-0 ] INFO  ozoneimpl.OzoneContainer (OzoneContainer.java:start(520)) - Attempting to start container services.
2025-07-02 18:45:17,572 [ContainerMetadataScanner] INFO  ozoneimpl.AbstractBackgroundContainerScanner (AbstractBackgroundContainerScanner.java:runIteration(89)) - Completed an iteration in 0 minutes. Number of iterations (since the data-node restart) : 1, Number of containers scanned in this iteration : 0, Number of unhealthy containers found in this iteration : 0
2025-07-02 18:45:17,576 [ContainerDataScanner(/home/runner/work/ozone/ozone/hadoop-ozone/integration-test/target/test-dir/MiniOzoneClusterImpl-b7e00dfa-d3b8-45cf-9d3a-2bd5fdfebf54/ozone-meta/datanode-1/data-0/hdds)] INFO  ozoneimpl.AbstractBackgroundContainerScanner (AbstractBackgroundContainerScanner.java:runIteration(89)) - Completed an iteration in 0 minutes. Number of iterations (since the data-node restart) : 1, Number of containers scanned in this iteration : 0, Number of unhealthy containers found in this iteration : 0
2025-07-02 18:45:17,578 [75758caf-2019-48e0-9285-4ac26ec01eda-EndpointStateMachineTaskThread-/0.0.0.0:15002-0 ] INFO  replication.ReplicationServer (ReplicationServer.java:start(137)) - ReplicationServer is started using port 15017
2025-07-02 18:45:17,578 [75758caf-2019-48e0-9285-4ac26ec01eda-EndpointStateMachineTaskThread-/0.0.0.0:15002-0 ] INFO  ratis.XceiverServerRatis (XceiverServerRatis.java:start(559)) - Starting XceiverServerRatis(75758caf-2019-48e0-9285-4ac26ec01eda)
2025-07-02 18:45:17,580 [75758caf-2019-48e0-9285-4ac26ec01eda-EndpointStateMachineTaskThread-/0.0.0.0:15002-0 ] INFO  server.RaftServer (RaftServerProxy.java:startImpl(412)) - 75758caf-2019-48e0-9285-4ac26ec01eda: start RPC server
2025-07-02 18:45:17,581 [75758caf-2019-48e0-9285-4ac26ec01eda-EndpointStateMachineTaskThread-/0.0.0.0:15002-0 ] INFO  server.GrpcServicesImpl (GrpcServicesImpl.java:startImpl(346)) - 75758caf-2019-48e0-9285-4ac26ec01eda: GrpcServicesImpl started, listening on 15013
2025-07-02 18:45:17,582 [75758caf-2019-48e0-9285-4ac26ec01eda-EndpointStateMachineTaskThread-/0.0.0.0:15002-0 ] INFO  server.GrpcServicesImpl (GrpcServicesImpl.java:startImpl(346)) - 75758caf-2019-48e0-9285-4ac26ec01eda: GrpcServicesImpl started, listening on 15015
2025-07-02 18:45:17,583 [75758caf-2019-48e0-9285-4ac26ec01eda-EndpointStateMachineTaskThread-/0.0.0.0:15002-0 ] INFO  server.GrpcServicesImpl (GrpcServicesImpl.java:startImpl(346)) - 75758caf-2019-48e0-9285-4ac26ec01eda: GrpcServicesImpl started, listening on 15014
2025-07-02 18:45:17,583 [75758caf-2019-48e0-9285-4ac26ec01eda-EndpointStateMachineTaskThread-/0.0.0.0:15002-0 ] INFO  ratis.XceiverServerRatis (XceiverServerRatis.java:getRealPort(586)) - XceiverServerRatis(75758caf-2019-48e0-9285-4ac26ec01eda) is started using port RATIS=15013
2025-07-02 18:45:17,583 [75758caf-2019-48e0-9285-4ac26ec01eda-EndpointStateMachineTaskThread-/0.0.0.0:15002-0 ] INFO  ratis.XceiverServerRatis (XceiverServerRatis.java:getRealPort(586)) - XceiverServerRatis(75758caf-2019-48e0-9285-4ac26ec01eda) is started using port RATIS_ADMIN=15014
2025-07-02 18:45:17,584 [75758caf-2019-48e0-9285-4ac26ec01eda-EndpointStateMachineTaskThread-/0.0.0.0:15002-0 ] INFO  ratis.XceiverServerRatis (XceiverServerRatis.java:getRealPort(586)) - XceiverServerRatis(75758caf-2019-48e0-9285-4ac26ec01eda) is started using port RATIS_SERVER=15015
2025-07-02 18:45:17,584 [75758caf-2019-48e0-9285-4ac26ec01eda-EndpointStateMachineTaskThread-/0.0.0.0:15002-0 ] INFO  ratis.XceiverServerRatis (XceiverServerRatis.java:getRealPort(586)) - XceiverServerRatis(75758caf-2019-48e0-9285-4ac26ec01eda) is started using port RATIS_DATASTREAM=15016
2025-07-02 18:45:17,585 [75758caf-2019-48e0-9285-4ac26ec01eda-EndpointStateMachineTaskThread-/0.0.0.0:15002-0 ] INFO  utils.BackgroundService (BackgroundService.java:start(118)) - Starting service BlockDeletingService with interval 60000 milliseconds
2025-07-02 18:45:17,586 [JvmPauseMonitor3] INFO  util.JvmPauseMonitor (JvmPauseMonitor.java:run(146)) - JvmPauseMonitor-75758caf-2019-48e0-9285-4ac26ec01eda: Started
2025-07-02 18:45:17,587 [75758caf-2019-48e0-9285-4ac26ec01eda-EndpointStateMachineTaskThread-/0.0.0.0:15002-0 ] INFO  utils.BackgroundService (BackgroundService.java:start(118)) - Starting service StaleRecoveringContainerScrubbingService with interval 60000 milliseconds
2025-07-02 18:45:17,641 [f1637480-4571-474d-8c0e-49126192dfac-EndpointStateMachineTaskThread-/0.0.0.0:15002-0 ] WARN  statemachine.DatanodeConfiguration (DatanodeConfiguration.java:validateMinFreeSpace(751)) - hdds.datanode.volume.min.free.space.percent = -1.0 is invalid, should be between 0 and 1
2025-07-02 18:45:17,642 [f1637480-4571-474d-8c0e-49126192dfac-EndpointStateMachineTaskThread-/0.0.0.0:15002-0 ] WARN  statemachine.DatanodeConfiguration (DatanodeConfiguration.java:validateMinFreeSpace(751)) - hdds.datanode.volume.min.free.space.percent = -1.0 is invalid, should be between 0 and 1
2025-07-02 18:45:17,642 [f1637480-4571-474d-8c0e-49126192dfac-EndpointStateMachineTaskThread-/0.0.0.0:15002-0 ] WARN  statemachine.DatanodeConfiguration (DatanodeConfiguration.java:validateMinFreeSpace(751)) - hdds.datanode.volume.min.free.space.percent = -1.0 is invalid, should be between 0 and 1
2025-07-02 18:45:17,669 [f1637480-4571-474d-8c0e-49126192dfac-EndpointStateMachineTaskThread-/0.0.0.0:15002-0 ] INFO  utils.DatanodeStoreCache (DatanodeStoreCache.java:addDB(70)) - Added db /home/runner/work/ozone/ozone/hadoop-ozone/integration-test/target/test-dir/MiniOzoneClusterImpl-b7e00dfa-d3b8-45cf-9d3a-2bd5fdfebf54/ozone-meta/datanode-2/data-0/hdds/b7e00dfa-d3b8-45cf-9d3a-2bd5fdfebf54/DS-7c0aa8ff-198f-45c6-b297-e9897332fa50/container.db to cache
2025-07-02 18:45:17,669 [f1637480-4571-474d-8c0e-49126192dfac-EndpointStateMachineTaskThread-/0.0.0.0:15002-0 ] INFO  volume.HddsVolume (HddsVolume.java:createDbStore(575)) - SchemaV3 db is created and loaded at /home/runner/work/ozone/ozone/hadoop-ozone/integration-test/target/test-dir/MiniOzoneClusterImpl-b7e00dfa-d3b8-45cf-9d3a-2bd5fdfebf54/ozone-meta/datanode-2/data-0/hdds/b7e00dfa-d3b8-45cf-9d3a-2bd5fdfebf54/DS-7c0aa8ff-198f-45c6-b297-e9897332fa50/container.db for volume DS-7c0aa8ff-198f-45c6-b297-e9897332fa50
2025-07-02 18:45:17,670 [f1637480-4571-474d-8c0e-49126192dfac-EndpointStateMachineTaskThread-/0.0.0.0:15002-0 ] WARN  statemachine.DatanodeConfiguration (DatanodeConfiguration.java:validateMinFreeSpace(751)) - hdds.datanode.volume.min.free.space.percent = -1.0 is invalid, should be between 0 and 1
2025-07-02 18:45:17,672 [f1637480-4571-474d-8c0e-49126192dfac-ContainerReader-0] INFO  ozoneimpl.ContainerReader (ContainerReader.java:readVolume(144)) - Start to verify containers on volume /home/runner/work/ozone/ozone/hadoop-ozone/integration-test/target/test-dir/MiniOzoneClusterImpl-b7e00dfa-d3b8-45cf-9d3a-2bd5fdfebf54/ozone-meta/datanode-2/data-0/hdds
2025-07-02 18:45:17,672 [f1637480-4571-474d-8c0e-49126192dfac-ContainerReader-0] INFO  ozoneimpl.ContainerReader (ContainerReader.java:readVolume(174)) - Finish verifying containers on volume /home/runner/work/ozone/ozone/hadoop-ozone/integration-test/target/test-dir/MiniOzoneClusterImpl-b7e00dfa-d3b8-45cf-9d3a-2bd5fdfebf54/ozone-meta/datanode-2/data-0/hdds
2025-07-02 18:45:17,673 [f1637480-4571-474d-8c0e-49126192dfac-EndpointStateMachineTaskThread-/0.0.0.0:15002-0 ] INFO  ozoneimpl.OzoneContainer (OzoneContainer.java:buildContainerSet(370)) - Build ContainerSet costs 0s
2025-07-02 18:45:17,673 [f1637480-4571-474d-8c0e-49126192dfac-EndpointStateMachineTaskThread-/0.0.0.0:15002-0 ] INFO  volume.ThrottledAsyncChecker (ThrottledAsyncChecker.java:schedule(138)) - Scheduling a check for /home/runner/work/ozone/ozone/hadoop-ozone/integration-test/target/test-dir/MiniOzoneClusterImpl-b7e00dfa-d3b8-45cf-9d3a-2bd5fdfebf54/ozone-meta/datanode-2/data-0/hdds
2025-07-02 18:45:17,674 [f1637480-4571-474d-8c0e-49126192dfac-EndpointStateMachineTaskThread-/0.0.0.0:15002-0 ] INFO  volume.StorageVolumeChecker (StorageVolumeChecker.java:checkAllVolumes(215)) - Scheduled health check for volume /home/runner/work/ozone/ozone/hadoop-ozone/integration-test/target/test-dir/MiniOzoneClusterImpl-b7e00dfa-d3b8-45cf-9d3a-2bd5fdfebf54/ozone-meta/datanode-2/data-0/hdds
2025-07-02 18:45:17,679 [f1637480-4571-474d-8c0e-49126192dfac-EndpointStateMachineTaskThread-/0.0.0.0:15002-0 ] INFO  volume.ThrottledAsyncChecker (ThrottledAsyncChecker.java:schedule(138)) - Scheduling a check for /home/runner/work/ozone/ozone/hadoop-ozone/integration-test/target/test-dir/MiniOzoneClusterImpl-b7e00dfa-d3b8-45cf-9d3a-2bd5fdfebf54/ozone-meta/datanode-2/ratis
2025-07-02 18:45:17,679 [f1637480-4571-474d-8c0e-49126192dfac-EndpointStateMachineTaskThread-/0.0.0.0:15002-0 ] INFO  volume.StorageVolumeChecker (StorageVolumeChecker.java:checkAllVolumes(215)) - Scheduled health check for volume /home/runner/work/ozone/ozone/hadoop-ozone/integration-test/target/test-dir/MiniOzoneClusterImpl-b7e00dfa-d3b8-45cf-9d3a-2bd5fdfebf54/ozone-meta/datanode-2/ratis
2025-07-02 18:45:17,680 [f1637480-4571-474d-8c0e-49126192dfac-EndpointStateMachineTaskThread-/0.0.0.0:15002-0 ] INFO  ozoneimpl.OzoneContainer (OzoneContainer.java:start(520)) - Attempting to start container services.
2025-07-02 18:45:17,682 [ContainerMetadataScanner] INFO  ozoneimpl.AbstractBackgroundContainerScanner (AbstractBackgroundContainerScanner.java:runIteration(89)) - Completed an iteration in 0 minutes. Number of iterations (since the data-node restart) : 1, Number of containers scanned in this iteration : 0, Number of unhealthy containers found in this iteration : 0
2025-07-02 18:45:17,682 [ContainerDataScanner(/home/runner/work/ozone/ozone/hadoop-ozone/integration-test/target/test-dir/MiniOzoneClusterImpl-b7e00dfa-d3b8-45cf-9d3a-2bd5fdfebf54/ozone-meta/datanode-2/data-0/hdds)] INFO  ozoneimpl.AbstractBackgroundContainerScanner (AbstractBackgroundContainerScanner.java:runIteration(89)) - Completed an iteration in 0 minutes. Number of iterations (since the data-node restart) : 1, Number of containers scanned in this iteration : 0, Number of unhealthy containers found in this iteration : 0
2025-07-02 18:45:17,683 [f1637480-4571-474d-8c0e-49126192dfac-EndpointStateMachineTaskThread-/0.0.0.0:15002-0 ] INFO  replication.ReplicationServer (ReplicationServer.java:start(137)) - ReplicationServer is started using port 15025
2025-07-02 18:45:17,683 [f1637480-4571-474d-8c0e-49126192dfac-EndpointStateMachineTaskThread-/0.0.0.0:15002-0 ] INFO  ratis.XceiverServerRatis (XceiverServerRatis.java:start(559)) - Starting XceiverServerRatis(f1637480-4571-474d-8c0e-49126192dfac)
2025-07-02 18:45:17,684 [f1637480-4571-474d-8c0e-49126192dfac-EndpointStateMachineTaskThread-/0.0.0.0:15002-0 ] INFO  server.RaftServer (RaftServerProxy.java:startImpl(412)) - f1637480-4571-474d-8c0e-49126192dfac: start RPC server
2025-07-02 18:45:17,685 [f1637480-4571-474d-8c0e-49126192dfac-EndpointStateMachineTaskThread-/0.0.0.0:15002-0 ] INFO  server.GrpcServicesImpl (GrpcServicesImpl.java:startImpl(346)) - f1637480-4571-474d-8c0e-49126192dfac: GrpcServicesImpl started, listening on 15021
2025-07-02 18:45:17,685 [f1637480-4571-474d-8c0e-49126192dfac-EndpointStateMachineTaskThread-/0.0.0.0:15002-0 ] INFO  server.GrpcServicesImpl (GrpcServicesImpl.java:startImpl(346)) - f1637480-4571-474d-8c0e-49126192dfac: GrpcServicesImpl started, listening on 15023
2025-07-02 18:45:17,686 [f1637480-4571-474d-8c0e-49126192dfac-EndpointStateMachineTaskThread-/0.0.0.0:15002-0 ] INFO  server.GrpcServicesImpl (GrpcServicesImpl.java:startImpl(346)) - f1637480-4571-474d-8c0e-49126192dfac: GrpcServicesImpl started, listening on 15022
2025-07-02 18:45:17,686 [f1637480-4571-474d-8c0e-49126192dfac-EndpointStateMachineTaskThread-/0.0.0.0:15002-0 ] INFO  ratis.XceiverServerRatis (XceiverServerRatis.java:getRealPort(586)) - XceiverServerRatis(f1637480-4571-474d-8c0e-49126192dfac) is started using port RATIS=15021
2025-07-02 18:45:17,686 [f1637480-4571-474d-8c0e-49126192dfac-EndpointStateMachineTaskThread-/0.0.0.0:15002-0 ] INFO  ratis.XceiverServerRatis (XceiverServerRatis.java:getRealPort(586)) - XceiverServerRatis(f1637480-4571-474d-8c0e-49126192dfac) is started using port RATIS_ADMIN=15022
2025-07-02 18:45:17,687 [f1637480-4571-474d-8c0e-49126192dfac-EndpointStateMachineTaskThread-/0.0.0.0:15002-0 ] INFO  ratis.XceiverServerRatis (XceiverServerRatis.java:getRealPort(586)) - XceiverServerRatis(f1637480-4571-474d-8c0e-49126192dfac) is started using port RATIS_SERVER=15023
2025-07-02 18:45:17,687 [f1637480-4571-474d-8c0e-49126192dfac-EndpointStateMachineTaskThread-/0.0.0.0:15002-0 ] INFO  ratis.XceiverServerRatis (XceiverServerRatis.java:getRealPort(586)) - XceiverServerRatis(f1637480-4571-474d-8c0e-49126192dfac) is started using port RATIS_DATASTREAM=15024
2025-07-02 18:45:17,688 [f1637480-4571-474d-8c0e-49126192dfac-EndpointStateMachineTaskThread-/0.0.0.0:15002-0 ] INFO  utils.BackgroundService (BackgroundService.java:start(118)) - Starting service BlockDeletingService with interval 60000 milliseconds
2025-07-02 18:45:17,688 [f1637480-4571-474d-8c0e-49126192dfac-EndpointStateMachineTaskThread-/0.0.0.0:15002-0 ] INFO  utils.BackgroundService (BackgroundService.java:start(118)) - Starting service StaleRecoveringContainerScrubbingService with interval 60000 milliseconds
2025-07-02 18:45:17,688 [JvmPauseMonitor4] INFO  util.JvmPauseMonitor (JvmPauseMonitor.java:run(146)) - JvmPauseMonitor-f1637480-4571-474d-8c0e-49126192dfac: Started
2025-07-02 18:45:17,696 [main] INFO  handler.ContextHandler (ContextHandler.java:doStart(921)) - Started o.e.j.w.WebAppContext@50de1fe5{hddsDatanode,/,file:///home/runner/work/ozone/ozone/hadoop-ozone/integration-test/target/test-dir/MiniOzoneClusterImpl-b7e00dfa-d3b8-45cf-9d3a-2bd5fdfebf54/ozone-meta/datanode-4/meta/webserver/jetty-0_0_0_0-15034-hdds-container-service-2_1_0-SNAPSHOT_jar-_-any-13235469573685908135/webapp/,AVAILABLE}{jar:file:/home/runner/work/ozone/ozone/hadoop-hdds/container-service/target/hdds-container-service-2.1.0-SNAPSHOT.jar!/webapps/hddsDatanode}
2025-07-02 18:45:17,697 [main] INFO  server.AbstractConnector (AbstractConnector.java:doStart(333)) - Started ServerConnector@363843e{HTTP/1.1, (http/1.1)}{0.0.0.0:15034}
2025-07-02 18:45:17,697 [main] INFO  server.Server (Server.java:doStart(415)) - Started @12639ms
2025-07-02 18:45:17,697 [main] WARN  impl.MetricsSystemImpl (MetricsSystemImpl.java:register(279)) - Sink prometheus already exists!
2025-07-02 18:45:17,697 [main] INFO  http.BaseHttpServer (BaseHttpServer.java:updateConnectorAddress(359)) - HTTP server of hddsDatanode listening at http://localhost:15034
2025-07-02 18:45:17,698 [main] INFO  ipc.CallQueueManager (CallQueueManager.java:<init>(93)) - Using callQueue: class java.util.concurrent.LinkedBlockingQueue, queueCapacity: 1000, scheduler: class org.apache.hadoop.ipc.DefaultRpcScheduler, ipcBackoff: false, ipcFailOver: false.
2025-07-02 18:45:17,698 [main] INFO  ipc.Server (Server.java:<init>(1438)) - Listener at 0.0.0.0:15035
2025-07-02 18:45:17,698 [Socket Reader #1 for port 15035] INFO  ipc.Server (Server.java:run(1474)) - Starting Socket Reader #1 for port 15035
2025-07-02 18:45:17,698 [Socket Reader #2 for port 15035] INFO  ipc.Server (Server.java:run(1474)) - Starting Socket Reader #2 for port 15035
2025-07-02 18:45:17,699 [Socket Reader #3 for port 15035] INFO  ipc.Server (Server.java:run(1474)) - Starting Socket Reader #3 for port 15035
2025-07-02 18:45:17,699 [Socket Reader #4 for port 15035] INFO  ipc.Server (Server.java:run(1474)) - Starting Socket Reader #4 for port 15035
2025-07-02 18:45:17,699 [Socket Reader #5 for port 15035] INFO  ipc.Server (Server.java:run(1474)) - Starting Socket Reader #5 for port 15035
2025-07-02 18:45:17,699 [Socket Reader #6 for port 15035] INFO  ipc.Server (Server.java:run(1474)) - Starting Socket Reader #6 for port 15035
2025-07-02 18:45:17,699 [Socket Reader #7 for port 15035] INFO  ipc.Server (Server.java:run(1474)) - Starting Socket Reader #7 for port 15035
2025-07-02 18:45:17,700 [Socket Reader #8 for port 15035] INFO  ipc.Server (Server.java:run(1474)) - Starting Socket Reader #8 for port 15035
2025-07-02 18:45:17,700 [Socket Reader #9 for port 15035] INFO  ipc.Server (Server.java:run(1474)) - Starting Socket Reader #9 for port 15035
2025-07-02 18:45:17,700 [Socket Reader #10 for port 15035] INFO  ipc.Server (Server.java:run(1474)) - Starting Socket Reader #10 for port 15035
2025-07-02 18:45:17,702 [main] INFO  ozone.HddsDatanodeService (HddsDatanodeService.java:start(333)) - Datanode start with admins: [admin, runner]
2025-07-02 18:45:17,702 [main] INFO  ozone.HddsDatanodeClientProtocolServer (HddsDatanodeClientProtocolServer.java:start(76)) - RPC server for Client /0.0.0.0:15035
2025-07-02 18:45:17,702 [IPC Server Responder] INFO  ipc.Server (Server.java:run(1713)) - IPC Server Responder: starting
2025-07-02 18:45:17,702 [IPC Server listener on 15035] INFO  ipc.Server (Server.java:run(1553)) - IPC Server listener on 15035: starting
2025-07-02 18:45:17,703 [main] WARN  dropwizard3.Dm3MetricRegistriesImpl (Dm3MetricRegistriesImpl.java:addReporterRegistration(114)) - New reporters are added after registries were created. Some metrics will be missing from the reporter. Please add reporter before adding any new registry.
2025-07-02 18:45:17,704 [main] WARN  dropwizard3.Dm3MetricRegistriesImpl (Dm3MetricRegistriesImpl.java:addReporterRegistration(114)) - New reporters are added after registries were created. Some metrics will be missing from the reporter. Please add reporter before adding any new registry.
2025-07-02 18:45:17,704 [main] INFO  impl.MetricsSystemImpl (MetricsSystemImpl.java:init(158)) - HddsDatanode metrics system started (again)
2025-07-02 18:45:17,704 [95ee4113-9599-4433-8033-e07ec30d3bee-DatanodeStateMachineDaemonThread] INFO  statemachine.DatanodeStateMachine (DatanodeStateMachine.java:startStateMachineThread(347)) - Ozone container server started.
2025-07-02 18:45:17,709 [95ee4113-9599-4433-8033-e07ec30d3bee-DatanodeStateMachineTaskThread-0] INFO  datanode.InitDatanodeState (InitDatanodeState.java:persistContainerDatanodeDetails(139)) - DatanodeDetails is persisted to /home/runner/work/ozone/ozone/hadoop-ozone/integration-test/target/test-dir/MiniOzoneClusterImpl-b7e00dfa-d3b8-45cf-9d3a-2bd5fdfebf54/ozone-meta/datanode-4/meta/datanode.id
2025-07-02 18:45:17,722 [main] INFO  protocol.DatanodeDetails (DatanodeDetails.java:validateDatanodeIpAddress(199)) - Updating IP address of datanode c6c1c004-cb80-4a23-8b53-68ef0e0db17b(localhost/null) to 127.0.0.1
2025-07-02 18:45:17,722 [main] INFO  ozone.HddsDatanodeService (HddsDatanodeService.java:start(236)) - HddsDatanodeService c6c1c004-cb80-4a23-8b53-68ef0e0db17b(localhost/127.0.0.1)
2025-07-02 18:45:17,724 [main] WARN  statemachine.DatanodeConfiguration (DatanodeConfiguration.java:validateMinFreeSpace(751)) - hdds.datanode.volume.min.free.space.percent = -1.0 is invalid, should be between 0 and 1
2025-07-02 18:45:17,724 [main] INFO  upgrade.AbstractLayoutVersionManager (AbstractLayoutVersionManager.java:init(80)) - Initializing Layout version manager with metadata layout = HBASE_SUPPORT (version = 8), software layout = HBASE_SUPPORT (version = 8)
2025-07-02 18:45:17,724 [main] INFO  statemachine.DatanodeStateMachine (DatanodeStateMachine.java:getEndPointTaskThreadPoolSize(305)) - Datanode State Machine Task Thread Pool size 2
2025-07-02 18:45:17,725 [main] WARN  statemachine.DatanodeConfiguration (DatanodeConfiguration.java:validateMinFreeSpace(751)) - hdds.datanode.volume.min.free.space.percent = -1.0 is invalid, should be between 0 and 1
2025-07-02 18:45:17,725 [main] WARN  statemachine.DatanodeConfiguration (DatanodeConfiguration.java:validateMinFreeSpace(751)) - hdds.datanode.volume.min.free.space.percent = -1.0 is invalid, should be between 0 and 1
2025-07-02 18:45:17,726 [main] WARN  statemachine.DatanodeConfiguration (DatanodeConfiguration.java:validateMinFreeSpace(751)) - hdds.datanode.volume.min.free.space.percent = -1.0 is invalid, should be between 0 and 1
2025-07-02 18:45:17,726 [main] WARN  statemachine.DatanodeConfiguration (DatanodeConfiguration.java:validateMinFreeSpace(751)) - hdds.datanode.volume.min.free.space.percent = -1.0 is invalid, should be between 0 and 1
2025-07-02 18:45:17,728 [main] INFO  volume.HddsVolume (HddsVolume.java:<init>(162)) - HddsVolume: { id=DS-b7461c8b-656d-4f23-a8c6-e0cc97fc1308 dir=/home/runner/work/ozone/ozone/hadoop-ozone/integration-test/target/test-dir/MiniOzoneClusterImpl-b7e00dfa-d3b8-45cf-9d3a-2bd5fdfebf54/ozone-meta/datanode-5/data-0/hdds type=DISK capacity=9222449699674390527 used=0 available=9222449699674390527 minFree=9222450130714624 committed=0 }
2025-07-02 18:45:17,728 [main] INFO  volume.MutableVolumeSet (MutableVolumeSet.java:initializeVolumeSet(167)) - Added Volume : /home/runner/work/ozone/ozone/hadoop-ozone/integration-test/target/test-dir/MiniOzoneClusterImpl-b7e00dfa-d3b8-45cf-9d3a-2bd5fdfebf54/ozone-meta/datanode-5/data-0/hdds to VolumeSet
2025-07-02 18:45:17,728 [main] WARN  statemachine.DatanodeConfiguration (DatanodeConfiguration.java:validateMinFreeSpace(751)) - hdds.datanode.volume.min.free.space.percent = -1.0 is invalid, should be between 0 and 1
2025-07-02 18:45:17,729 [main] WARN  statemachine.DatanodeConfiguration (DatanodeConfiguration.java:validateMinFreeSpace(751)) - hdds.datanode.volume.min.free.space.percent = -1.0 is invalid, should be between 0 and 1
2025-07-02 18:45:17,730 [main] INFO  volume.MutableVolumeSet (MutableVolumeSet.java:initializeVolumeSet(167)) - Added Volume : /home/runner/work/ozone/ozone/hadoop-ozone/integration-test/target/test-dir/MiniOzoneClusterImpl-b7e00dfa-d3b8-45cf-9d3a-2bd5fdfebf54/ozone-meta/datanode-5/ratis to VolumeSet
2025-07-02 18:45:17,730 [main] WARN  statemachine.DatanodeConfiguration (DatanodeConfiguration.java:validateMinFreeSpace(751)) - hdds.datanode.volume.min.free.space.percent = -1.0 is invalid, should be between 0 and 1
2025-07-02 18:45:17,730 [main] WARN  statemachine.DatanodeConfiguration (DatanodeConfiguration.java:validateMinFreeSpace(751)) - hdds.datanode.volume.min.free.space.percent = -1.0 is invalid, should be between 0 and 1
2025-07-02 18:45:17,731 [main] INFO  ozoneimpl.OzoneContainer (HddsVolumeUtil.java:loadAllHddsVolumeDbStore(102)) - Load 1 volumes DbStore cost: 0ms
2025-07-02 18:45:17,731 [main] WARN  db.DBStoreBuilder (DBStoreBuilder.java:getDBDirPath(159)) - ozone.scm.datanode.id.dir is not configured. We recommend adding this setting. Falling back to ozone.metadata.dirs instead.
2025-07-02 18:45:17,732 [main] WARN  statemachine.DatanodeConfiguration (DatanodeConfiguration.java:validateMinFreeSpace(751)) - hdds.datanode.volume.min.free.space.percent = -1.0 is invalid, should be between 0 and 1
2025-07-02 18:45:17,734 [main] WARN  db.DBStoreBuilder (DBStoreBuilder.java:getDBDirPath(159)) - ozone.scm.datanode.id.dir is not configured. We recommend adding this setting. Falling back to ozone.metadata.dirs instead.
2025-07-02 18:45:17,748 [main] WARN  statemachine.DatanodeConfiguration (DatanodeConfiguration.java:validateMinFreeSpace(751)) - hdds.datanode.volume.min.free.space.percent = -1.0 is invalid, should be between 0 and 1
2025-07-02 18:45:17,748 [main] WARN  statemachine.DatanodeConfiguration (DatanodeConfiguration.java:validateMinFreeSpace(751)) - hdds.datanode.volume.min.free.space.percent = -1.0 is invalid, should be between 0 and 1
2025-07-02 18:45:17,749 [main] INFO  impl.FilePerChunkStrategy (FilePerChunkStrategy.java:<init>(79)) - ozone.chunk.read.mapped.buffer.max.count is load with 0
2025-07-02 18:45:17,749 [main] INFO  impl.FilePerBlockStrategy (FilePerBlockStrategy.java:<init>(88)) - ozone.chunk.read.mapped.buffer.max.count is load with 0
2025-07-02 18:45:17,749 [main] WARN  statemachine.DatanodeConfiguration (DatanodeConfiguration.java:validateMinFreeSpace(751)) - hdds.datanode.volume.min.free.space.percent = -1.0 is invalid, should be between 0 and 1
2025-07-02 18:45:17,750 [main] INFO  server.RaftServerConfigKeys (ConfUtils.java:logGet(62)) - raft.server.log.appender.buffer.byte-limit = 33554432 (custom)
2025-07-02 18:45:17,752 [main] INFO  grpc.GrpcConfigKeys (ConfUtils.java:logFallback(69)) - raft.grpc.admin.host = null (fallback to raft.grpc.server.host)
2025-07-02 18:45:17,752 [main] INFO  grpc.GrpcConfigKeys (ConfUtils.java:logGet(62)) - raft.grpc.admin.port = 15046 (custom)
2025-07-02 18:45:17,752 [main] INFO  grpc.GrpcConfigKeys (ConfUtils.java:logFallback(69)) - raft.grpc.client.host = null (fallback to raft.grpc.server.host)
2025-07-02 18:45:17,752 [main] INFO  grpc.GrpcConfigKeys (ConfUtils.java:logGet(62)) - raft.grpc.client.port = 15045 (custom)
2025-07-02 18:45:17,753 [main] INFO  grpc.GrpcConfigKeys (ConfUtils.java:logGet(62)) - raft.grpc.server.port = 15047 (custom)
2025-07-02 18:45:17,753 [main] INFO  server.GrpcServicesImpl (ConfUtils.java:logGet(62)) - raft.grpc.message.size.max = 34603008 (custom)
2025-07-02 18:45:17,753 [main] INFO  server.GrpcServicesImpl (ConfUtils.java:logGet(62)) - raft.grpc.flow.control.window = 5MB (=5242880) (custom)
2025-07-02 18:45:17,753 [main] INFO  server.RaftServerConfigKeys (ConfUtils.java:logGet(62)) - raft.server.log.appender.buffer.byte-limit = 33554432 (custom)
2025-07-02 18:45:17,755 [main] INFO  netty.NettyUtils (NettyUtils.java:newEventLoopGroup(74)) - Create EpollEventLoopGroup for c6c1c004-cb80-4a23-8b53-68ef0e0db17b-NettyServerStreamRpc-bossGroup; Thread size is 0.
2025-07-02 18:45:17,755 [main] INFO  netty.NettyUtils (NettyUtils.java:newEventLoopGroup(74)) - Create EpollEventLoopGroup for c6c1c004-cb80-4a23-8b53-68ef0e0db17b-NettyServerStreamRpc-workerGroup; Thread size is 0.
2025-07-02 18:45:17,756 [main] INFO  netty.NettyConfigKeys$DataStream (ConfUtils.java:logGet(62)) - raft.netty.dataStream.port = 15048 (custom)
2025-07-02 18:45:17,757 [main] INFO  server.RaftServerConfigKeys (ConfUtils.java:logGet(62)) - raft.server.storage.dir = [/home/runner/work/ozone/ozone/hadoop-ozone/integration-test/target/test-dir/MiniOzoneClusterImpl-b7e00dfa-d3b8-45cf-9d3a-2bd5fdfebf54/ozone-meta/datanode-5/ratis] (custom)
2025-07-02 18:45:17,757 [c6c1c004-cb80-4a23-8b53-68ef0e0db17b-NettyServerStreamRpc-bossGroup--thread1] INFO  logging.LoggingHandler (AbstractInternalLogger.java:log(148)) - [id: 0xbf89d974] REGISTERED
2025-07-02 18:45:17,757 [c6c1c004-cb80-4a23-8b53-68ef0e0db17b-impl-thread1] INFO  server.RaftServer (RaftServerProxy.java:initGroupDir(270)) - c6c1c004-cb80-4a23-8b53-68ef0e0db17b: found a subdirectory /home/runner/work/ozone/ozone/hadoop-ozone/integration-test/target/test-dir/MiniOzoneClusterImpl-b7e00dfa-d3b8-45cf-9d3a-2bd5fdfebf54/ozone-meta/datanode-5/ratis/tmp
2025-07-02 18:45:17,757 [c6c1c004-cb80-4a23-8b53-68ef0e0db17b-NettyServerStreamRpc-bossGroup--thread1] INFO  logging.LoggingHandler (AbstractInternalLogger.java:log(148)) - [id: 0xbf89d974] BIND: 0.0.0.0/0.0.0.0:15048
2025-07-02 18:45:17,757 [c6c1c004-cb80-4a23-8b53-68ef0e0db17b-impl-thread1] INFO  server.RaftServer (RaftServerProxy.java:initGroupDir(275)) - c6c1c004-cb80-4a23-8b53-68ef0e0db17b: The directory /home/runner/work/ozone/ozone/hadoop-ozone/integration-test/target/test-dir/MiniOzoneClusterImpl-b7e00dfa-d3b8-45cf-9d3a-2bd5fdfebf54/ozone-meta/datanode-5/ratis/tmp is not a group directory; ignoring it. 
2025-07-02 18:45:17,758 [main] INFO  replication.ReplicationServer (ReplicationServer.java:<init>(84)) - Initializing replication server with thread count = 10 queue length = 4096
2025-07-02 18:45:17,758 [c6c1c004-cb80-4a23-8b53-68ef0e0db17b-NettyServerStreamRpc-bossGroup--thread1] INFO  logging.LoggingHandler (AbstractInternalLogger.java:log(148)) - [id: 0xbf89d974, L:/0.0.0.0:15048] ACTIVE
2025-07-02 18:45:17,759 [main] WARN  statemachine.DatanodeConfiguration (DatanodeConfiguration.java:validateMinFreeSpace(751)) - hdds.datanode.volume.min.free.space.percent = -1.0 is invalid, should be between 0 and 1
2025-07-02 18:45:17,759 [main] INFO  server.XceiverServerGrpc (XceiverServerGrpc.java:<init>(130)) - GrpcServer channel type EpollServerSocketChannel
2025-07-02 18:45:17,760 [main] WARN  statemachine.DatanodeConfiguration (DatanodeConfiguration.java:validateMinFreeSpace(751)) - hdds.datanode.volume.min.free.space.percent = -1.0 is invalid, should be between 0 and 1
2025-07-02 18:45:17,761 [main] INFO  replication.ReplicationSupervisor (ReplicationSupervisor.java:build(169)) - Initializing replication supervisor with thread count = 10
2025-07-02 18:45:17,761 [main] INFO  replication.ReplicationSupervisor (ReplicationSupervisor.java:nodeStateUpdated(358)) - Node state updated to IN_SERVICE, scaling executor pool size to 10
2025-07-02 18:45:17,762 [main] WARN  statemachine.DatanodeConfiguration (DatanodeConfiguration.java:validateMinFreeSpace(751)) - hdds.datanode.volume.min.free.space.percent = -1.0 is invalid, should be between 0 and 1
2025-07-02 18:45:17,764 [main] INFO  http.BaseHttpServer (BaseHttpServer.java:newHttpServer2BuilderForOzone(229)) - Starting Web-server for hddsDatanode at: http://0.0.0.0:15042
2025-07-02 18:45:17,764 [main] INFO  http.BaseHttpServer (BaseHttpServer.java:<init>(107)) - Hadoop Security Enabled: false Ozone Security Enabled: false Ozone HTTP Security Enabled: false 
2025-07-02 18:45:17,766 [main] WARN  server.AuthenticationFilter (AuthenticationFilter.java:constructSecretProvider(240)) - Unable to initialize FileSignerSecretProvider, falling back to use random secrets. Reason: Could not read signature secret file: /home/runner/hadoop-http-auth-signature-secret
2025-07-02 18:45:17,768 [main] INFO  http.HttpServer2 (HttpServer2.java:addGlobalFilter(1042)) - Added global filter 'safety' (class=org.apache.hadoop.hdds.server.http.HttpServer2$QuotingInputFilter)
2025-07-02 18:45:17,769 [main] INFO  http.HttpServer2 (HttpServer2.java:addFilter(1018)) - Added filter static_user_filter (class=org.apache.hadoop.http.lib.StaticUserWebFilter$StaticUserFilter) to context hddsDatanode
2025-07-02 18:45:17,769 [main] INFO  http.HttpServer2 (HttpServer2.java:addFilter(1026)) - Added filter static_user_filter (class=org.apache.hadoop.http.lib.StaticUserWebFilter$StaticUserFilter) to context static
2025-07-02 18:45:17,770 [main] INFO  http.HttpServer2 (HttpServer2.java:addFilter(1026)) - Added filter static_user_filter (class=org.apache.hadoop.http.lib.StaticUserWebFilter$StaticUserFilter) to context logs
2025-07-02 18:45:17,770 [main] INFO  http.BaseHttpServer (BaseHttpServer.java:<init>(195)) - HTTP server of hddsDatanode uses base directory /home/runner/work/ozone/ozone/hadoop-ozone/integration-test/target/test-dir/MiniOzoneClusterImpl-b7e00dfa-d3b8-45cf-9d3a-2bd5fdfebf54/ozone-meta/datanode-5/meta/webserver
2025-07-02 18:45:17,771 [main] INFO  http.HttpServer2 (HttpServer2.java:bindListener(1242)) - Jetty bound to port 15042
2025-07-02 18:45:17,771 [main] INFO  server.Server (Server.java:doStart(375)) - jetty-9.4.57.v20241219; built: 2025-01-08T21:24:30.412Z; git: df524e6b29271c2e09ba9aea83c18dc9db464a31; jvm 21.0.7+6-LTS
2025-07-02 18:45:17,772 [main] INFO  server.session (DefaultSessionIdManager.java:doStart(334)) - DefaultSessionIdManager workerName=node0
2025-07-02 18:45:17,772 [main] INFO  server.session (DefaultSessionIdManager.java:doStart(339)) - No SessionScavenger set, using defaults
2025-07-02 18:45:17,772 [main] INFO  server.session (HouseKeeper.java:startScavenging(132)) - node0 Scavenging every 660000ms
2025-07-02 18:45:17,773 [main] INFO  handler.ContextHandler (ContextHandler.java:doStart(921)) - Started o.e.j.s.ServletContextHandler@3e159f12{logs,/logs,file:///home/runner/work/ozone/ozone/hadoop-ozone/integration-test/target/log,AVAILABLE}
2025-07-02 18:45:17,774 [main] INFO  handler.ContextHandler (ContextHandler.java:doStart(921)) - Started o.e.j.s.ServletContextHandler@6b542f10{static,/static,jar:file:/home/runner/work/ozone/ozone/hadoop-hdds/container-service/target/hdds-container-service-2.1.0-SNAPSHOT.jar!/webapps/static,AVAILABLE}
2025-07-02 18:45:17,902 [baa12041-7cca-45c7-810c-7ea11519444b-EndpointStateMachineTaskThread-/0.0.0.0:15002-0 ] WARN  statemachine.DatanodeConfiguration (DatanodeConfiguration.java:validateMinFreeSpace(751)) - hdds.datanode.volume.min.free.space.percent = -1.0 is invalid, should be between 0 and 1
2025-07-02 18:45:17,905 [baa12041-7cca-45c7-810c-7ea11519444b-EndpointStateMachineTaskThread-/0.0.0.0:15002-0 ] WARN  statemachine.DatanodeConfiguration (DatanodeConfiguration.java:validateMinFreeSpace(751)) - hdds.datanode.volume.min.free.space.percent = -1.0 is invalid, should be between 0 and 1
2025-07-02 18:45:17,905 [baa12041-7cca-45c7-810c-7ea11519444b-EndpointStateMachineTaskThread-/0.0.0.0:15002-0 ] WARN  statemachine.DatanodeConfiguration (DatanodeConfiguration.java:validateMinFreeSpace(751)) - hdds.datanode.volume.min.free.space.percent = -1.0 is invalid, should be between 0 and 1
2025-07-02 18:45:17,907 [IPC Server handler 9 on default port 15002] INFO  net.NetworkTopologyImpl (NetworkTopologyImpl.java:add(133)) - Added a new node: /default-rack/75758caf-2019-48e0-9285-4ac26ec01eda
2025-07-02 18:45:17,909 [IPC Server handler 9 on default port 15002] INFO  node.SCMNodeManager (SCMNodeManager.java:register(423)) - Registered datanode: 75758caf-2019-48e0-9285-4ac26ec01eda{ip: 127.0.0.1, host: localhost, ports: [HTTP=15010, CLIENT_RPC=15011, REPLICATION=15017, RATIS=15013, RATIS_ADMIN=15014, RATIS_SERVER=15015, RATIS_DATASTREAM=15016, STANDALONE=15012], networkLocation: /default-rack, certSerialId: null, persistedOpState: null, persistedOpStateExpiryEpochSec: 0}
2025-07-02 18:45:17,912 [EventQueue-NewNodeForNewNodeHandler] INFO  pipeline.BackgroundPipelineCreator (BackgroundPipelineCreator.java:notifyEventTriggered(290)) - trigger a one-shot run on RatisPipelineUtilsThread.
2025-07-02 18:45:17,916 [EventQueue-ContainerRegistrationReportForRatisContainerSafeModeRule] INFO  safemode.SCMSafeModeManager (SCMSafeModeManager.java:validateSafeModeExitRules(139)) - RatisContainerSafeModeRule rule is successfully validated
2025-07-02 18:45:17,916 [EventQueue-ContainerRegistrationReportForECContainerSafeModeRule] INFO  safemode.SCMSafeModeManager (SCMSafeModeManager.java:validateSafeModeExitRules(139)) - ECContainerSafeModeRule rule is successfully validated
2025-07-02 18:45:17,917 [EventQueue-NodeRegistrationContainerReportForDataNodeSafeModeRule] INFO  safemode.SCMSafeModeManager (DataNodeSafeModeRule.java:process(80)) - SCM in safe mode. 1 DataNodes registered, 3 required.
2025-07-02 18:45:17,918 [EventQueue-PipelineReportForOneReplicaPipelineSafeModeRule] INFO  safemode.SCMSafeModeManager (SCMSafeModeManager.java:validateSafeModeExitRules(139)) - AtleastOneDatanodeReportedRule rule is successfully validated
2025-07-02 18:45:17,920 [RatisPipelineUtilsThread-0] INFO  pipeline.RatisPipelineProvider (RatisPipelineProvider.java:lambda$create$0(208)) - Sending CreatePipelineCommand for pipeline:Pipeline-906d62e7-90da-4d4c-b26f-16fa12a0797f to datanode:75758caf-2019-48e0-9285-4ac26ec01eda(localhost/127.0.0.1)
2025-07-02 18:45:17,932 [main] INFO  handler.ContextHandler (ContextHandler.java:doStart(921)) - Started o.e.j.w.WebAppContext@739a1850{hddsDatanode,/,file:///home/runner/work/ozone/ozone/hadoop-ozone/integration-test/target/test-dir/MiniOzoneClusterImpl-b7e00dfa-d3b8-45cf-9d3a-2bd5fdfebf54/ozone-meta/datanode-5/meta/webserver/jetty-0_0_0_0-15042-hdds-container-service-2_1_0-SNAPSHOT_jar-_-any-10805483128917657854/webapp/,AVAILABLE}{jar:file:/home/runner/work/ozone/ozone/hadoop-hdds/container-service/target/hdds-container-service-2.1.0-SNAPSHOT.jar!/webapps/hddsDatanode}
2025-07-02 18:45:17,933 [main] INFO  server.AbstractConnector (AbstractConnector.java:doStart(333)) - Started ServerConnector@fdc872e{HTTP/1.1, (http/1.1)}{0.0.0.0:15042}
2025-07-02 18:45:17,933 [main] INFO  server.Server (Server.java:doStart(415)) - Started @12875ms
2025-07-02 18:45:17,933 [main] WARN  impl.MetricsSystemImpl (MetricsSystemImpl.java:register(279)) - Sink prometheus already exists!
2025-07-02 18:45:17,933 [main] INFO  http.BaseHttpServer (BaseHttpServer.java:updateConnectorAddress(359)) - HTTP server of hddsDatanode listening at http://localhost:15042
2025-07-02 18:45:17,935 [main] INFO  ipc.CallQueueManager (CallQueueManager.java:<init>(93)) - Using callQueue: class java.util.concurrent.LinkedBlockingQueue, queueCapacity: 1000, scheduler: class org.apache.hadoop.ipc.DefaultRpcScheduler, ipcBackoff: false, ipcFailOver: false.
2025-07-02 18:45:17,936 [main] INFO  ipc.Server (Server.java:<init>(1438)) - Listener at 0.0.0.0:15043
2025-07-02 18:45:17,937 [Socket Reader #1 for port 15043] INFO  ipc.Server (Server.java:run(1474)) - Starting Socket Reader #1 for port 15043
2025-07-02 18:45:17,938 [Socket Reader #2 for port 15043] INFO  ipc.Server (Server.java:run(1474)) - Starting Socket Reader #2 for port 15043
2025-07-02 18:45:17,939 [Socket Reader #3 for port 15043] INFO  ipc.Server (Server.java:run(1474)) - Starting Socket Reader #3 for port 15043
2025-07-02 18:45:17,940 [Socket Reader #4 for port 15043] INFO  ipc.Server (Server.java:run(1474)) - Starting Socket Reader #4 for port 15043
2025-07-02 18:45:17,941 [Socket Reader #5 for port 15043] INFO  ipc.Server (Server.java:run(1474)) - Starting Socket Reader #5 for port 15043
2025-07-02 18:45:17,941 [Socket Reader #6 for port 15043] INFO  ipc.Server (Server.java:run(1474)) - Starting Socket Reader #6 for port 15043
2025-07-02 18:45:17,942 [Socket Reader #7 for port 15043] INFO  ipc.Server (Server.java:run(1474)) - Starting Socket Reader #7 for port 15043
2025-07-02 18:45:17,942 [Socket Reader #8 for port 15043] INFO  ipc.Server (Server.java:run(1474)) - Starting Socket Reader #8 for port 15043
2025-07-02 18:45:17,944 [Socket Reader #9 for port 15043] INFO  ipc.Server (Server.java:run(1474)) - Starting Socket Reader #9 for port 15043
2025-07-02 18:45:17,945 [Socket Reader #10 for port 15043] INFO  ipc.Server (Server.java:run(1474)) - Starting Socket Reader #10 for port 15043
2025-07-02 18:45:17,952 [main] INFO  ozone.HddsDatanodeService (HddsDatanodeService.java:start(333)) - Datanode start with admins: [admin, runner]
2025-07-02 18:45:17,953 [main] INFO  ozone.HddsDatanodeClientProtocolServer (HddsDatanodeClientProtocolServer.java:start(76)) - RPC server for Client /0.0.0.0:15043
2025-07-02 18:45:17,954 [IPC Server Responder] INFO  ipc.Server (Server.java:run(1713)) - IPC Server Responder: starting
2025-07-02 18:45:17,957 [IPC Server listener on 15043] INFO  ipc.Server (Server.java:run(1553)) - IPC Server listener on 15043: starting
2025-07-02 18:45:17,959 [main] WARN  dropwizard3.Dm3MetricRegistriesImpl (Dm3MetricRegistriesImpl.java:addReporterRegistration(114)) - New reporters are added after registries were created. Some metrics will be missing from the reporter. Please add reporter before adding any new registry.
2025-07-02 18:45:17,959 [main] WARN  dropwizard3.Dm3MetricRegistriesImpl (Dm3MetricRegistriesImpl.java:addReporterRegistration(114)) - New reporters are added after registries were created. Some metrics will be missing from the reporter. Please add reporter before adding any new registry.
2025-07-02 18:45:17,959 [main] INFO  impl.MetricsSystemImpl (MetricsSystemImpl.java:init(158)) - HddsDatanode metrics system started (again)
2025-07-02 18:45:17,962 [c6c1c004-cb80-4a23-8b53-68ef0e0db17b-DatanodeStateMachineDaemonThread] INFO  statemachine.DatanodeStateMachine (DatanodeStateMachine.java:startStateMachineThread(347)) - Ozone container server started.
2025-07-02 18:45:17,974 [c6c1c004-cb80-4a23-8b53-68ef0e0db17b-DatanodeStateMachineTaskThread-0] INFO  datanode.InitDatanodeState (InitDatanodeState.java:persistContainerDatanodeDetails(139)) - DatanodeDetails is persisted to /home/runner/work/ozone/ozone/hadoop-ozone/integration-test/target/test-dir/MiniOzoneClusterImpl-b7e00dfa-d3b8-45cf-9d3a-2bd5fdfebf54/ozone-meta/datanode-5/meta/datanode.id
2025-07-02 18:45:17,976 [baa12041-7cca-45c7-810c-7ea11519444b-EndpointStateMachineTaskThread-/0.0.0.0:15002-0 ] INFO  utils.DatanodeStoreCache (DatanodeStoreCache.java:addDB(70)) - Added db /home/runner/work/ozone/ozone/hadoop-ozone/integration-test/target/test-dir/MiniOzoneClusterImpl-b7e00dfa-d3b8-45cf-9d3a-2bd5fdfebf54/ozone-meta/datanode-3/data-0/hdds/b7e00dfa-d3b8-45cf-9d3a-2bd5fdfebf54/DS-78a5dd7a-63f4-4204-8fa5-c1acee087d2c/container.db to cache
2025-07-02 18:45:17,976 [baa12041-7cca-45c7-810c-7ea11519444b-EndpointStateMachineTaskThread-/0.0.0.0:15002-0 ] INFO  volume.HddsVolume (HddsVolume.java:createDbStore(575)) - SchemaV3 db is created and loaded at /home/runner/work/ozone/ozone/hadoop-ozone/integration-test/target/test-dir/MiniOzoneClusterImpl-b7e00dfa-d3b8-45cf-9d3a-2bd5fdfebf54/ozone-meta/datanode-3/data-0/hdds/b7e00dfa-d3b8-45cf-9d3a-2bd5fdfebf54/DS-78a5dd7a-63f4-4204-8fa5-c1acee087d2c/container.db for volume DS-78a5dd7a-63f4-4204-8fa5-c1acee087d2c
2025-07-02 18:45:17,977 [baa12041-7cca-45c7-810c-7ea11519444b-EndpointStateMachineTaskThread-/0.0.0.0:15002-0 ] WARN  statemachine.DatanodeConfiguration (DatanodeConfiguration.java:validateMinFreeSpace(751)) - hdds.datanode.volume.min.free.space.percent = -1.0 is invalid, should be between 0 and 1
2025-07-02 18:45:17,980 [baa12041-7cca-45c7-810c-7ea11519444b-ContainerReader-0] INFO  ozoneimpl.ContainerReader (ContainerReader.java:readVolume(144)) - Start to verify containers on volume /home/runner/work/ozone/ozone/hadoop-ozone/integration-test/target/test-dir/MiniOzoneClusterImpl-b7e00dfa-d3b8-45cf-9d3a-2bd5fdfebf54/ozone-meta/datanode-3/data-0/hdds
2025-07-02 18:45:17,980 [baa12041-7cca-45c7-810c-7ea11519444b-ContainerReader-0] INFO  ozoneimpl.ContainerReader (ContainerReader.java:readVolume(174)) - Finish verifying containers on volume /home/runner/work/ozone/ozone/hadoop-ozone/integration-test/target/test-dir/MiniOzoneClusterImpl-b7e00dfa-d3b8-45cf-9d3a-2bd5fdfebf54/ozone-meta/datanode-3/data-0/hdds
2025-07-02 18:45:17,981 [baa12041-7cca-45c7-810c-7ea11519444b-EndpointStateMachineTaskThread-/0.0.0.0:15002-0 ] INFO  ozoneimpl.OzoneContainer (OzoneContainer.java:buildContainerSet(370)) - Build ContainerSet costs 0s
2025-07-02 18:45:17,981 [baa12041-7cca-45c7-810c-7ea11519444b-EndpointStateMachineTaskThread-/0.0.0.0:15002-0 ] INFO  volume.ThrottledAsyncChecker (ThrottledAsyncChecker.java:schedule(138)) - Scheduling a check for /home/runner/work/ozone/ozone/hadoop-ozone/integration-test/target/test-dir/MiniOzoneClusterImpl-b7e00dfa-d3b8-45cf-9d3a-2bd5fdfebf54/ozone-meta/datanode-3/data-0/hdds
2025-07-02 18:45:17,982 [baa12041-7cca-45c7-810c-7ea11519444b-EndpointStateMachineTaskThread-/0.0.0.0:15002-0 ] INFO  volume.StorageVolumeChecker (StorageVolumeChecker.java:checkAllVolumes(215)) - Scheduled health check for volume /home/runner/work/ozone/ozone/hadoop-ozone/integration-test/target/test-dir/MiniOzoneClusterImpl-b7e00dfa-d3b8-45cf-9d3a-2bd5fdfebf54/ozone-meta/datanode-3/data-0/hdds
2025-07-02 18:45:17,982 [main] INFO  protocol.DatanodeDetails (DatanodeDetails.java:validateDatanodeIpAddress(199)) - Updating IP address of datanode 4114dace-2331-46e8-9bd0-01e36750a673(localhost/null) to 127.0.0.1
2025-07-02 18:45:17,982 [main] INFO  ozone.HddsDatanodeService (HddsDatanodeService.java:start(236)) - HddsDatanodeService 4114dace-2331-46e8-9bd0-01e36750a673(localhost/127.0.0.1)
2025-07-02 18:45:17,985 [main] WARN  statemachine.DatanodeConfiguration (DatanodeConfiguration.java:validateMinFreeSpace(751)) - hdds.datanode.volume.min.free.space.percent = -1.0 is invalid, should be between 0 and 1
2025-07-02 18:45:17,985 [main] INFO  upgrade.AbstractLayoutVersionManager (AbstractLayoutVersionManager.java:init(80)) - Initializing Layout version manager with metadata layout = HBASE_SUPPORT (version = 8), software layout = HBASE_SUPPORT (version = 8)
2025-07-02 18:45:17,986 [main] INFO  statemachine.DatanodeStateMachine (DatanodeStateMachine.java:getEndPointTaskThreadPoolSize(305)) - Datanode State Machine Task Thread Pool size 2
2025-07-02 18:45:17,986 [main] WARN  statemachine.DatanodeConfiguration (DatanodeConfiguration.java:validateMinFreeSpace(751)) - hdds.datanode.volume.min.free.space.percent = -1.0 is invalid, should be between 0 and 1
2025-07-02 18:45:17,987 [main] WARN  statemachine.DatanodeConfiguration (DatanodeConfiguration.java:validateMinFreeSpace(751)) - hdds.datanode.volume.min.free.space.percent = -1.0 is invalid, should be between 0 and 1
2025-07-02 18:45:17,987 [baa12041-7cca-45c7-810c-7ea11519444b-EndpointStateMachineTaskThread-/0.0.0.0:15002-0 ] INFO  volume.ThrottledAsyncChecker (ThrottledAsyncChecker.java:schedule(138)) - Scheduling a check for /home/runner/work/ozone/ozone/hadoop-ozone/integration-test/target/test-dir/MiniOzoneClusterImpl-b7e00dfa-d3b8-45cf-9d3a-2bd5fdfebf54/ozone-meta/datanode-3/ratis
2025-07-02 18:45:17,988 [main] WARN  statemachine.DatanodeConfiguration (DatanodeConfiguration.java:validateMinFreeSpace(751)) - hdds.datanode.volume.min.free.space.percent = -1.0 is invalid, should be between 0 and 1
2025-07-02 18:45:17,989 [baa12041-7cca-45c7-810c-7ea11519444b-EndpointStateMachineTaskThread-/0.0.0.0:15002-0 ] INFO  volume.StorageVolumeChecker (StorageVolumeChecker.java:checkAllVolumes(215)) - Scheduled health check for volume /home/runner/work/ozone/ozone/hadoop-ozone/integration-test/target/test-dir/MiniOzoneClusterImpl-b7e00dfa-d3b8-45cf-9d3a-2bd5fdfebf54/ozone-meta/datanode-3/ratis
2025-07-02 18:45:17,989 [main] WARN  statemachine.DatanodeConfiguration (DatanodeConfiguration.java:validateMinFreeSpace(751)) - hdds.datanode.volume.min.free.space.percent = -1.0 is invalid, should be between 0 and 1
2025-07-02 18:45:17,991 [main] INFO  volume.HddsVolume (HddsVolume.java:<init>(162)) - HddsVolume: { id=DS-84d41b2d-fc12-44d6-964e-422f67674344 dir=/home/runner/work/ozone/ozone/hadoop-ozone/integration-test/target/test-dir/MiniOzoneClusterImpl-b7e00dfa-d3b8-45cf-9d3a-2bd5fdfebf54/ozone-meta/datanode-6/data-0/hdds type=DISK capacity=9222449699674390527 used=0 available=9222449699674390527 minFree=9222450130714624 committed=0 }
2025-07-02 18:45:17,991 [main] INFO  volume.MutableVolumeSet (MutableVolumeSet.java:initializeVolumeSet(167)) - Added Volume : /home/runner/work/ozone/ozone/hadoop-ozone/integration-test/target/test-dir/MiniOzoneClusterImpl-b7e00dfa-d3b8-45cf-9d3a-2bd5fdfebf54/ozone-meta/datanode-6/data-0/hdds to VolumeSet
2025-07-02 18:45:17,991 [baa12041-7cca-45c7-810c-7ea11519444b-EndpointStateMachineTaskThread-/0.0.0.0:15002-0 ] INFO  ozoneimpl.OzoneContainer (OzoneContainer.java:start(520)) - Attempting to start container services.
2025-07-02 18:45:17,991 [main] WARN  statemachine.DatanodeConfiguration (DatanodeConfiguration.java:validateMinFreeSpace(751)) - hdds.datanode.volume.min.free.space.percent = -1.0 is invalid, should be between 0 and 1
2025-07-02 18:45:17,992 [ContainerMetadataScanner] INFO  ozoneimpl.AbstractBackgroundContainerScanner (AbstractBackgroundContainerScanner.java:runIteration(89)) - Completed an iteration in 0 minutes. Number of iterations (since the data-node restart) : 1, Number of containers scanned in this iteration : 0, Number of unhealthy containers found in this iteration : 0
2025-07-02 18:45:17,992 [main] WARN  statemachine.DatanodeConfiguration (DatanodeConfiguration.java:validateMinFreeSpace(751)) - hdds.datanode.volume.min.free.space.percent = -1.0 is invalid, should be between 0 and 1
2025-07-02 18:45:17,993 [main] INFO  volume.MutableVolumeSet (MutableVolumeSet.java:initializeVolumeSet(167)) - Added Volume : /home/runner/work/ozone/ozone/hadoop-ozone/integration-test/target/test-dir/MiniOzoneClusterImpl-b7e00dfa-d3b8-45cf-9d3a-2bd5fdfebf54/ozone-meta/datanode-6/ratis to VolumeSet
2025-07-02 18:45:17,993 [ContainerDataScanner(/home/runner/work/ozone/ozone/hadoop-ozone/integration-test/target/test-dir/MiniOzoneClusterImpl-b7e00dfa-d3b8-45cf-9d3a-2bd5fdfebf54/ozone-meta/datanode-3/data-0/hdds)] INFO  ozoneimpl.AbstractBackgroundContainerScanner (AbstractBackgroundContainerScanner.java:runIteration(89)) - Completed an iteration in 0 minutes. Number of iterations (since the data-node restart) : 1, Number of containers scanned in this iteration : 0, Number of unhealthy containers found in this iteration : 0
2025-07-02 18:45:17,993 [main] WARN  statemachine.DatanodeConfiguration (DatanodeConfiguration.java:validateMinFreeSpace(751)) - hdds.datanode.volume.min.free.space.percent = -1.0 is invalid, should be between 0 and 1
2025-07-02 18:45:17,993 [main] WARN  statemachine.DatanodeConfiguration (DatanodeConfiguration.java:validateMinFreeSpace(751)) - hdds.datanode.volume.min.free.space.percent = -1.0 is invalid, should be between 0 and 1
2025-07-02 18:45:17,994 [main] INFO  ozoneimpl.OzoneContainer (HddsVolumeUtil.java:loadAllHddsVolumeDbStore(102)) - Load 1 volumes DbStore cost: 0ms
2025-07-02 18:45:17,994 [main] WARN  db.DBStoreBuilder (DBStoreBuilder.java:getDBDirPath(159)) - ozone.scm.datanode.id.dir is not configured. We recommend adding this setting. Falling back to ozone.metadata.dirs instead.
2025-07-02 18:45:17,994 [baa12041-7cca-45c7-810c-7ea11519444b-EndpointStateMachineTaskThread-/0.0.0.0:15002-0 ] INFO  replication.ReplicationServer (ReplicationServer.java:start(137)) - ReplicationServer is started using port 15033
2025-07-02 18:45:17,995 [baa12041-7cca-45c7-810c-7ea11519444b-EndpointStateMachineTaskThread-/0.0.0.0:15002-0 ] INFO  ratis.XceiverServerRatis (XceiverServerRatis.java:start(559)) - Starting XceiverServerRatis(baa12041-7cca-45c7-810c-7ea11519444b)
2025-07-02 18:45:17,996 [main] WARN  statemachine.DatanodeConfiguration (DatanodeConfiguration.java:validateMinFreeSpace(751)) - hdds.datanode.volume.min.free.space.percent = -1.0 is invalid, should be between 0 and 1
2025-07-02 18:45:17,997 [main] WARN  db.DBStoreBuilder (DBStoreBuilder.java:getDBDirPath(159)) - ozone.scm.datanode.id.dir is not configured. We recommend adding this setting. Falling back to ozone.metadata.dirs instead.
2025-07-02 18:45:17,997 [baa12041-7cca-45c7-810c-7ea11519444b-EndpointStateMachineTaskThread-/0.0.0.0:15002-0 ] INFO  server.RaftServer (RaftServerProxy.java:startImpl(412)) - baa12041-7cca-45c7-810c-7ea11519444b: start RPC server
2025-07-02 18:45:17,999 [baa12041-7cca-45c7-810c-7ea11519444b-EndpointStateMachineTaskThread-/0.0.0.0:15002-0 ] INFO  server.GrpcServicesImpl (GrpcServicesImpl.java:startImpl(346)) - baa12041-7cca-45c7-810c-7ea11519444b: GrpcServicesImpl started, listening on 15029
2025-07-02 18:45:17,999 [baa12041-7cca-45c7-810c-7ea11519444b-EndpointStateMachineTaskThread-/0.0.0.0:15002-0 ] INFO  server.GrpcServicesImpl (GrpcServicesImpl.java:startImpl(346)) - baa12041-7cca-45c7-810c-7ea11519444b: GrpcServicesImpl started, listening on 15031
2025-07-02 18:45:17,999 [baa12041-7cca-45c7-810c-7ea11519444b-EndpointStateMachineTaskThread-/0.0.0.0:15002-0 ] INFO  server.GrpcServicesImpl (GrpcServicesImpl.java:startImpl(346)) - baa12041-7cca-45c7-810c-7ea11519444b: GrpcServicesImpl started, listening on 15030
2025-07-02 18:45:18,000 [baa12041-7cca-45c7-810c-7ea11519444b-EndpointStateMachineTaskThread-/0.0.0.0:15002-0 ] INFO  ratis.XceiverServerRatis (XceiverServerRatis.java:getRealPort(586)) - XceiverServerRatis(baa12041-7cca-45c7-810c-7ea11519444b) is started using port RATIS=15029
2025-07-02 18:45:18,001 [baa12041-7cca-45c7-810c-7ea11519444b-EndpointStateMachineTaskThread-/0.0.0.0:15002-0 ] INFO  ratis.XceiverServerRatis (XceiverServerRatis.java:getRealPort(586)) - XceiverServerRatis(baa12041-7cca-45c7-810c-7ea11519444b) is started using port RATIS_ADMIN=15030
2025-07-02 18:45:18,000 [JvmPauseMonitor5] INFO  util.JvmPauseMonitor (JvmPauseMonitor.java:run(146)) - JvmPauseMonitor-baa12041-7cca-45c7-810c-7ea11519444b: Started
2025-07-02 18:45:18,001 [baa12041-7cca-45c7-810c-7ea11519444b-EndpointStateMachineTaskThread-/0.0.0.0:15002-0 ] INFO  ratis.XceiverServerRatis (XceiverServerRatis.java:getRealPort(586)) - XceiverServerRatis(baa12041-7cca-45c7-810c-7ea11519444b) is started using port RATIS_SERVER=15031
2025-07-02 18:45:18,001 [baa12041-7cca-45c7-810c-7ea11519444b-EndpointStateMachineTaskThread-/0.0.0.0:15002-0 ] INFO  ratis.XceiverServerRatis (XceiverServerRatis.java:getRealPort(586)) - XceiverServerRatis(baa12041-7cca-45c7-810c-7ea11519444b) is started using port RATIS_DATASTREAM=15032
2025-07-02 18:45:18,002 [baa12041-7cca-45c7-810c-7ea11519444b-EndpointStateMachineTaskThread-/0.0.0.0:15002-0 ] INFO  utils.BackgroundService (BackgroundService.java:start(118)) - Starting service BlockDeletingService with interval 60000 milliseconds
2025-07-02 18:45:18,003 [0fee975d-e734-400e-bdb4-ee8e3ebebca6@group-2BD5FDFEBF54-StateMachineUpdater] INFO  safemode.SCMSafeModeManager (SCMSafeModeManager.java:validateSafeModeExitRules(139)) - RatisContainerSafeModeRule rule is successfully validated
2025-07-02 18:45:18,003 [baa12041-7cca-45c7-810c-7ea11519444b-EndpointStateMachineTaskThread-/0.0.0.0:15002-0 ] INFO  utils.BackgroundService (BackgroundService.java:start(118)) - Starting service StaleRecoveringContainerScrubbingService with interval 60000 milliseconds
2025-07-02 18:45:18,003 [0fee975d-e734-400e-bdb4-ee8e3ebebca6@group-2BD5FDFEBF54-StateMachineUpdater] INFO  safemode.HealthyPipelineSafeModeRule (HealthyPipelineSafeModeRule.java:initializeRule(228)) - Refreshed total pipeline count is 0, healthy pipeline threshold count is 1
2025-07-02 18:45:18,003 [0fee975d-e734-400e-bdb4-ee8e3ebebca6@group-2BD5FDFEBF54-StateMachineUpdater] INFO  safemode.SCMSafeModeManager (SCMSafeModeManager.java:validateSafeModeExitRules(139)) - ECContainerSafeModeRule rule is successfully validated
2025-07-02 18:45:18,003 [0fee975d-e734-400e-bdb4-ee8e3ebebca6@group-2BD5FDFEBF54-StateMachineUpdater] INFO  safemode.SCMSafeModeManager (SCMSafeModeManager.java:validateSafeModeExitRules(139)) - AtleastOneDatanodeReportedRule rule is successfully validated
2025-07-02 18:45:18,007 [RatisPipelineUtilsThread-0] INFO  pipeline.BackgroundPipelineCreator (BackgroundPipelineCreator.java:createPipelines(246)) - Created new pipeline Pipeline{ Id: 906d62e7-90da-4d4c-b26f-16fa12a0797f, Nodes: [ {75758caf-2019-48e0-9285-4ac26ec01eda(localhost/127.0.0.1), ReplicaIndex: 0},], ReplicationConfig: RATIS/ONE, State:ALLOCATED, leaderId:, CreationTimestamp2025-07-02T18:45:17.920063991Z[Etc/UTC]}
2025-07-02 18:45:18,014 [main] WARN  statemachine.DatanodeConfiguration (DatanodeConfiguration.java:validateMinFreeSpace(751)) - hdds.datanode.volume.min.free.space.percent = -1.0 is invalid, should be between 0 and 1
2025-07-02 18:45:18,014 [main] WARN  statemachine.DatanodeConfiguration (DatanodeConfiguration.java:validateMinFreeSpace(751)) - hdds.datanode.volume.min.free.space.percent = -1.0 is invalid, should be between 0 and 1
2025-07-02 18:45:18,015 [main] INFO  impl.FilePerChunkStrategy (FilePerChunkStrategy.java:<init>(79)) - ozone.chunk.read.mapped.buffer.max.count is load with 0
2025-07-02 18:45:18,015 [main] INFO  impl.FilePerBlockStrategy (FilePerBlockStrategy.java:<init>(88)) - ozone.chunk.read.mapped.buffer.max.count is load with 0
2025-07-02 18:45:18,015 [main] WARN  statemachine.DatanodeConfiguration (DatanodeConfiguration.java:validateMinFreeSpace(751)) - hdds.datanode.volume.min.free.space.percent = -1.0 is invalid, should be between 0 and 1
2025-07-02 18:45:18,016 [main] INFO  server.RaftServerConfigKeys (ConfUtils.java:logGet(62)) - raft.server.log.appender.buffer.byte-limit = 33554432 (custom)
2025-07-02 18:45:18,018 [main] INFO  grpc.GrpcConfigKeys (ConfUtils.java:logFallback(69)) - raft.grpc.admin.host = null (fallback to raft.grpc.server.host)
2025-07-02 18:45:18,018 [main] INFO  grpc.GrpcConfigKeys (ConfUtils.java:logGet(62)) - raft.grpc.admin.port = 15054 (custom)
2025-07-02 18:45:18,018 [main] INFO  grpc.GrpcConfigKeys (ConfUtils.java:logFallback(69)) - raft.grpc.client.host = null (fallback to raft.grpc.server.host)
2025-07-02 18:45:18,018 [main] INFO  grpc.GrpcConfigKeys (ConfUtils.java:logGet(62)) - raft.grpc.client.port = 15053 (custom)
2025-07-02 18:45:18,018 [main] INFO  grpc.GrpcConfigKeys (ConfUtils.java:logGet(62)) - raft.grpc.server.port = 15055 (custom)
2025-07-02 18:45:18,018 [main] INFO  server.GrpcServicesImpl (ConfUtils.java:logGet(62)) - raft.grpc.message.size.max = 34603008 (custom)
2025-07-02 18:45:18,018 [main] INFO  server.GrpcServicesImpl (ConfUtils.java:logGet(62)) - raft.grpc.flow.control.window = 5MB (=5242880) (custom)
2025-07-02 18:45:18,019 [main] INFO  server.RaftServerConfigKeys (ConfUtils.java:logGet(62)) - raft.server.log.appender.buffer.byte-limit = 33554432 (custom)
2025-07-02 18:45:18,021 [main] INFO  netty.NettyUtils (NettyUtils.java:newEventLoopGroup(74)) - Create EpollEventLoopGroup for 4114dace-2331-46e8-9bd0-01e36750a673-NettyServerStreamRpc-bossGroup; Thread size is 0.
2025-07-02 18:45:18,021 [main] INFO  netty.NettyUtils (NettyUtils.java:newEventLoopGroup(74)) - Create EpollEventLoopGroup for 4114dace-2331-46e8-9bd0-01e36750a673-NettyServerStreamRpc-workerGroup; Thread size is 0.
2025-07-02 18:45:18,022 [main] INFO  netty.NettyConfigKeys$DataStream (ConfUtils.java:logGet(62)) - raft.netty.dataStream.port = 15056 (custom)
2025-07-02 18:45:18,023 [main] INFO  server.RaftServerConfigKeys (ConfUtils.java:logGet(62)) - raft.server.storage.dir = [/home/runner/work/ozone/ozone/hadoop-ozone/integration-test/target/test-dir/MiniOzoneClusterImpl-b7e00dfa-d3b8-45cf-9d3a-2bd5fdfebf54/ozone-meta/datanode-6/ratis] (custom)
2025-07-02 18:45:18,023 [4114dace-2331-46e8-9bd0-01e36750a673-NettyServerStreamRpc-bossGroup--thread1] INFO  logging.LoggingHandler (AbstractInternalLogger.java:log(148)) - [id: 0x1ec52830] REGISTERED
2025-07-02 18:45:18,023 [4114dace-2331-46e8-9bd0-01e36750a673-NettyServerStreamRpc-bossGroup--thread1] INFO  logging.LoggingHandler (AbstractInternalLogger.java:log(148)) - [id: 0x1ec52830] BIND: 0.0.0.0/0.0.0.0:15056
2025-07-02 18:45:18,023 [4114dace-2331-46e8-9bd0-01e36750a673-NettyServerStreamRpc-bossGroup--thread1] INFO  logging.LoggingHandler (AbstractInternalLogger.java:log(148)) - [id: 0x1ec52830, L:/0.0.0.0:15056] ACTIVE
2025-07-02 18:45:18,023 [4114dace-2331-46e8-9bd0-01e36750a673-impl-thread1] INFO  server.RaftServer (RaftServerProxy.java:initGroupDir(270)) - 4114dace-2331-46e8-9bd0-01e36750a673: found a subdirectory /home/runner/work/ozone/ozone/hadoop-ozone/integration-test/target/test-dir/MiniOzoneClusterImpl-b7e00dfa-d3b8-45cf-9d3a-2bd5fdfebf54/ozone-meta/datanode-6/ratis/tmp
2025-07-02 18:45:18,024 [4114dace-2331-46e8-9bd0-01e36750a673-impl-thread1] INFO  server.RaftServer (RaftServerProxy.java:initGroupDir(275)) - 4114dace-2331-46e8-9bd0-01e36750a673: The directory /home/runner/work/ozone/ozone/hadoop-ozone/integration-test/target/test-dir/MiniOzoneClusterImpl-b7e00dfa-d3b8-45cf-9d3a-2bd5fdfebf54/ozone-meta/datanode-6/ratis/tmp is not a group directory; ignoring it. 
2025-07-02 18:45:18,024 [main] INFO  replication.ReplicationServer (ReplicationServer.java:<init>(84)) - Initializing replication server with thread count = 10 queue length = 4096
2025-07-02 18:45:18,025 [main] WARN  statemachine.DatanodeConfiguration (DatanodeConfiguration.java:validateMinFreeSpace(751)) - hdds.datanode.volume.min.free.space.percent = -1.0 is invalid, should be between 0 and 1
2025-07-02 18:45:18,026 [main] INFO  server.XceiverServerGrpc (XceiverServerGrpc.java:<init>(130)) - GrpcServer channel type EpollServerSocketChannel
2025-07-02 18:45:18,027 [main] WARN  statemachine.DatanodeConfiguration (DatanodeConfiguration.java:validateMinFreeSpace(751)) - hdds.datanode.volume.min.free.space.percent = -1.0 is invalid, should be between 0 and 1
2025-07-02 18:45:18,027 [main] INFO  replication.ReplicationSupervisor (ReplicationSupervisor.java:build(169)) - Initializing replication supervisor with thread count = 10
2025-07-02 18:45:18,028 [main] INFO  replication.ReplicationSupervisor (ReplicationSupervisor.java:nodeStateUpdated(358)) - Node state updated to IN_SERVICE, scaling executor pool size to 10
2025-07-02 18:45:18,029 [main] WARN  statemachine.DatanodeConfiguration (DatanodeConfiguration.java:validateMinFreeSpace(751)) - hdds.datanode.volume.min.free.space.percent = -1.0 is invalid, should be between 0 and 1
2025-07-02 18:45:18,031 [main] INFO  http.BaseHttpServer (BaseHttpServer.java:newHttpServer2BuilderForOzone(229)) - Starting Web-server for hddsDatanode at: http://0.0.0.0:15050
2025-07-02 18:45:18,031 [main] INFO  http.BaseHttpServer (BaseHttpServer.java:<init>(107)) - Hadoop Security Enabled: false Ozone Security Enabled: false Ozone HTTP Security Enabled: false 
2025-07-02 18:45:18,033 [main] WARN  server.AuthenticationFilter (AuthenticationFilter.java:constructSecretProvider(240)) - Unable to initialize FileSignerSecretProvider, falling back to use random secrets. Reason: Could not read signature secret file: /home/runner/hadoop-http-auth-signature-secret
2025-07-02 18:45:18,036 [main] INFO  http.HttpServer2 (HttpServer2.java:addGlobalFilter(1042)) - Added global filter 'safety' (class=org.apache.hadoop.hdds.server.http.HttpServer2$QuotingInputFilter)
2025-07-02 18:45:18,037 [main] INFO  http.HttpServer2 (HttpServer2.java:addFilter(1018)) - Added filter static_user_filter (class=org.apache.hadoop.http.lib.StaticUserWebFilter$StaticUserFilter) to context hddsDatanode
2025-07-02 18:45:18,037 [main] INFO  http.HttpServer2 (HttpServer2.java:addFilter(1026)) - Added filter static_user_filter (class=org.apache.hadoop.http.lib.StaticUserWebFilter$StaticUserFilter) to context static
2025-07-02 18:45:18,037 [main] INFO  http.HttpServer2 (HttpServer2.java:addFilter(1026)) - Added filter static_user_filter (class=org.apache.hadoop.http.lib.StaticUserWebFilter$StaticUserFilter) to context logs
2025-07-02 18:45:18,038 [main] INFO  http.BaseHttpServer (BaseHttpServer.java:<init>(195)) - HTTP server of hddsDatanode uses base directory /home/runner/work/ozone/ozone/hadoop-ozone/integration-test/target/test-dir/MiniOzoneClusterImpl-b7e00dfa-d3b8-45cf-9d3a-2bd5fdfebf54/ozone-meta/datanode-6/meta/webserver
2025-07-02 18:45:18,038 [main] INFO  http.HttpServer2 (HttpServer2.java:bindListener(1242)) - Jetty bound to port 15050
2025-07-02 18:45:18,039 [main] INFO  server.Server (Server.java:doStart(375)) - jetty-9.4.57.v20241219; built: 2025-01-08T21:24:30.412Z; git: df524e6b29271c2e09ba9aea83c18dc9db464a31; jvm 21.0.7+6-LTS
2025-07-02 18:45:18,040 [main] INFO  server.session (DefaultSessionIdManager.java:doStart(334)) - DefaultSessionIdManager workerName=node0
2025-07-02 18:45:18,040 [main] INFO  server.session (DefaultSessionIdManager.java:doStart(339)) - No SessionScavenger set, using defaults
2025-07-02 18:45:18,040 [main] INFO  server.session (HouseKeeper.java:startScavenging(132)) - node0 Scavenging every 660000ms
2025-07-02 18:45:18,041 [main] INFO  handler.ContextHandler (ContextHandler.java:doStart(921)) - Started o.e.j.s.ServletContextHandler@590dab83{logs,/logs,file:///home/runner/work/ozone/ozone/hadoop-ozone/integration-test/target/log,AVAILABLE}
2025-07-02 18:45:18,042 [main] INFO  handler.ContextHandler (ContextHandler.java:doStart(921)) - Started o.e.j.s.ServletContextHandler@4a5dbec{static,/static,jar:file:/home/runner/work/ozone/ozone/hadoop-hdds/container-service/target/hdds-container-service-2.1.0-SNAPSHOT.jar!/webapps/static,AVAILABLE}
2025-07-02 18:45:18,140 [IPC Server handler 3 on default port 15002] INFO  net.NetworkTopologyImpl (NetworkTopologyImpl.java:add(133)) - Added a new node: /default-rack/f1637480-4571-474d-8c0e-49126192dfac
2025-07-02 18:45:18,140 [IPC Server handler 3 on default port 15002] INFO  node.SCMNodeManager (SCMNodeManager.java:register(423)) - Registered datanode: f1637480-4571-474d-8c0e-49126192dfac{ip: 127.0.0.1, host: localhost, ports: [HTTP=15018, CLIENT_RPC=15019, REPLICATION=15025, RATIS=15021, RATIS_ADMIN=15022, RATIS_SERVER=15023, RATIS_DATASTREAM=15024, STANDALONE=15020], networkLocation: /default-rack, certSerialId: null, persistedOpState: null, persistedOpStateExpiryEpochSec: 0}
2025-07-02 18:45:18,140 [EventQueue-NodeRegistrationContainerReportForDataNodeSafeModeRule] INFO  safemode.SCMSafeModeManager (DataNodeSafeModeRule.java:process(80)) - SCM in safe mode. 2 DataNodes registered, 3 required.
2025-07-02 18:45:18,141 [EventQueue-NewNodeForNewNodeHandler] INFO  pipeline.BackgroundPipelineCreator (BackgroundPipelineCreator.java:notifyEventTriggered(290)) - trigger a one-shot run on RatisPipelineUtilsThread.
2025-07-02 18:45:18,141 [EventQueue-ContainerRegistrationReportForRatisContainerSafeModeRule] INFO  safemode.SCMSafeModeManager (SCMSafeModeManager.java:validateSafeModeExitRules(139)) - RatisContainerSafeModeRule rule is successfully validated
2025-07-02 18:45:18,141 [EventQueue-PipelineReportForOneReplicaPipelineSafeModeRule] INFO  safemode.SCMSafeModeManager (SCMSafeModeManager.java:validateSafeModeExitRules(139)) - AtleastOneDatanodeReportedRule rule is successfully validated
2025-07-02 18:45:18,141 [EventQueue-ContainerRegistrationReportForECContainerSafeModeRule] INFO  safemode.SCMSafeModeManager (SCMSafeModeManager.java:validateSafeModeExitRules(139)) - ECContainerSafeModeRule rule is successfully validated
2025-07-02 18:45:18,142 [RatisPipelineUtilsThread-0] INFO  pipeline.RatisPipelineProvider (RatisPipelineProvider.java:lambda$create$0(208)) - Sending CreatePipelineCommand for pipeline:Pipeline-6a7ad97f-a890-4ebb-93c9-8d2a7823d64a to datanode:f1637480-4571-474d-8c0e-49126192dfac(localhost/127.0.0.1)
2025-07-02 18:45:18,144 [0fee975d-e734-400e-bdb4-ee8e3ebebca6@group-2BD5FDFEBF54-StateMachineUpdater] INFO  safemode.SCMSafeModeManager (SCMSafeModeManager.java:validateSafeModeExitRules(139)) - RatisContainerSafeModeRule rule is successfully validated
2025-07-02 18:45:18,145 [0fee975d-e734-400e-bdb4-ee8e3ebebca6@group-2BD5FDFEBF54-StateMachineUpdater] INFO  safemode.HealthyPipelineSafeModeRule (HealthyPipelineSafeModeRule.java:initializeRule(228)) - Refreshed total pipeline count is 0, healthy pipeline threshold count is 1
2025-07-02 18:45:18,145 [0fee975d-e734-400e-bdb4-ee8e3ebebca6@group-2BD5FDFEBF54-StateMachineUpdater] INFO  safemode.SCMSafeModeManager (SCMSafeModeManager.java:validateSafeModeExitRules(139)) - ECContainerSafeModeRule rule is successfully validated
2025-07-02 18:45:18,145 [0fee975d-e734-400e-bdb4-ee8e3ebebca6@group-2BD5FDFEBF54-StateMachineUpdater] INFO  safemode.SCMSafeModeManager (SCMSafeModeManager.java:validateSafeModeExitRules(139)) - AtleastOneDatanodeReportedRule rule is successfully validated
2025-07-02 18:45:18,145 [RatisPipelineUtilsThread-0] INFO  pipeline.BackgroundPipelineCreator (BackgroundPipelineCreator.java:createPipelines(246)) - Created new pipeline Pipeline{ Id: 6a7ad97f-a890-4ebb-93c9-8d2a7823d64a, Nodes: [ {f1637480-4571-474d-8c0e-49126192dfac(localhost/127.0.0.1), ReplicaIndex: 0},], ReplicationConfig: RATIS/ONE, State:ALLOCATED, leaderId:, CreationTimestamp2025-07-02T18:45:18.141984284Z[Etc/UTC]}
2025-07-02 18:45:18,194 [main] INFO  handler.ContextHandler (ContextHandler.java:doStart(921)) - Started o.e.j.w.WebAppContext@45c721b8{hddsDatanode,/,file:///home/runner/work/ozone/ozone/hadoop-ozone/integration-test/target/test-dir/MiniOzoneClusterImpl-b7e00dfa-d3b8-45cf-9d3a-2bd5fdfebf54/ozone-meta/datanode-6/meta/webserver/jetty-0_0_0_0-15050-hdds-container-service-2_1_0-SNAPSHOT_jar-_-any-17093640331230581260/webapp/,AVAILABLE}{jar:file:/home/runner/work/ozone/ozone/hadoop-hdds/container-service/target/hdds-container-service-2.1.0-SNAPSHOT.jar!/webapps/hddsDatanode}
2025-07-02 18:45:18,194 [main] INFO  server.AbstractConnector (AbstractConnector.java:doStart(333)) - Started ServerConnector@3695deb0{HTTP/1.1, (http/1.1)}{0.0.0.0:15050}
2025-07-02 18:45:18,194 [main] INFO  server.Server (Server.java:doStart(415)) - Started @13136ms
2025-07-02 18:45:18,195 [main] WARN  impl.MetricsSystemImpl (MetricsSystemImpl.java:register(279)) - Sink prometheus already exists!
2025-07-02 18:45:18,195 [main] INFO  http.BaseHttpServer (BaseHttpServer.java:updateConnectorAddress(359)) - HTTP server of hddsDatanode listening at http://localhost:15050
2025-07-02 18:45:18,195 [main] INFO  ipc.CallQueueManager (CallQueueManager.java:<init>(93)) - Using callQueue: class java.util.concurrent.LinkedBlockingQueue, queueCapacity: 1000, scheduler: class org.apache.hadoop.ipc.DefaultRpcScheduler, ipcBackoff: false, ipcFailOver: false.
2025-07-02 18:45:18,195 [main] INFO  ipc.Server (Server.java:<init>(1438)) - Listener at 0.0.0.0:15051
2025-07-02 18:45:18,196 [Socket Reader #1 for port 15051] INFO  ipc.Server (Server.java:run(1474)) - Starting Socket Reader #1 for port 15051
2025-07-02 18:45:18,196 [Socket Reader #2 for port 15051] INFO  ipc.Server (Server.java:run(1474)) - Starting Socket Reader #2 for port 15051
2025-07-02 18:45:18,196 [Socket Reader #3 for port 15051] INFO  ipc.Server (Server.java:run(1474)) - Starting Socket Reader #3 for port 15051
2025-07-02 18:45:18,196 [Socket Reader #4 for port 15051] INFO  ipc.Server (Server.java:run(1474)) - Starting Socket Reader #4 for port 15051
2025-07-02 18:45:18,197 [Socket Reader #5 for port 15051] INFO  ipc.Server (Server.java:run(1474)) - Starting Socket Reader #5 for port 15051
2025-07-02 18:45:18,197 [Socket Reader #6 for port 15051] INFO  ipc.Server (Server.java:run(1474)) - Starting Socket Reader #6 for port 15051
2025-07-02 18:45:18,197 [Socket Reader #7 for port 15051] INFO  ipc.Server (Server.java:run(1474)) - Starting Socket Reader #7 for port 15051
2025-07-02 18:45:18,198 [Socket Reader #8 for port 15051] INFO  ipc.Server (Server.java:run(1474)) - Starting Socket Reader #8 for port 15051
2025-07-02 18:45:18,198 [Socket Reader #9 for port 15051] INFO  ipc.Server (Server.java:run(1474)) - Starting Socket Reader #9 for port 15051
2025-07-02 18:45:18,198 [Socket Reader #10 for port 15051] INFO  ipc.Server (Server.java:run(1474)) - Starting Socket Reader #10 for port 15051
2025-07-02 18:45:18,200 [main] INFO  ozone.HddsDatanodeService (HddsDatanodeService.java:start(333)) - Datanode start with admins: [admin, runner]
2025-07-02 18:45:18,200 [main] INFO  ozone.HddsDatanodeClientProtocolServer (HddsDatanodeClientProtocolServer.java:start(76)) - RPC server for Client /0.0.0.0:15051
2025-07-02 18:45:18,200 [IPC Server Responder] INFO  ipc.Server (Server.java:run(1713)) - IPC Server Responder: starting
2025-07-02 18:45:18,200 [IPC Server listener on 15051] INFO  ipc.Server (Server.java:run(1553)) - IPC Server listener on 15051: starting
2025-07-02 18:45:18,202 [main] WARN  dropwizard3.Dm3MetricRegistriesImpl (Dm3MetricRegistriesImpl.java:addReporterRegistration(114)) - New reporters are added after registries were created. Some metrics will be missing from the reporter. Please add reporter before adding any new registry.
2025-07-02 18:45:18,202 [main] WARN  dropwizard3.Dm3MetricRegistriesImpl (Dm3MetricRegistriesImpl.java:addReporterRegistration(114)) - New reporters are added after registries were created. Some metrics will be missing from the reporter. Please add reporter before adding any new registry.
2025-07-02 18:45:18,202 [main] INFO  impl.MetricsSystemImpl (MetricsSystemImpl.java:init(158)) - HddsDatanode metrics system started (again)
2025-07-02 18:45:18,203 [4114dace-2331-46e8-9bd0-01e36750a673-DatanodeStateMachineDaemonThread] INFO  statemachine.DatanodeStateMachine (DatanodeStateMachine.java:startStateMachineThread(347)) - Ozone container server started.
2025-07-02 18:45:18,208 [4114dace-2331-46e8-9bd0-01e36750a673-DatanodeStateMachineTaskThread-0] INFO  datanode.InitDatanodeState (InitDatanodeState.java:persistContainerDatanodeDetails(139)) - DatanodeDetails is persisted to /home/runner/work/ozone/ozone/hadoop-ozone/integration-test/target/test-dir/MiniOzoneClusterImpl-b7e00dfa-d3b8-45cf-9d3a-2bd5fdfebf54/ozone-meta/datanode-6/meta/datanode.id
2025-07-02 18:45:18,212 [95ee4113-9599-4433-8033-e07ec30d3bee-EndpointStateMachineTaskThread-/0.0.0.0:15002-0 ] WARN  statemachine.DatanodeConfiguration (DatanodeConfiguration.java:validateMinFreeSpace(751)) - hdds.datanode.volume.min.free.space.percent = -1.0 is invalid, should be between 0 and 1
2025-07-02 18:45:18,213 [95ee4113-9599-4433-8033-e07ec30d3bee-EndpointStateMachineTaskThread-/0.0.0.0:15002-0 ] WARN  statemachine.DatanodeConfiguration (DatanodeConfiguration.java:validateMinFreeSpace(751)) - hdds.datanode.volume.min.free.space.percent = -1.0 is invalid, should be between 0 and 1
2025-07-02 18:45:18,214 [95ee4113-9599-4433-8033-e07ec30d3bee-EndpointStateMachineTaskThread-/0.0.0.0:15002-0 ] WARN  statemachine.DatanodeConfiguration (DatanodeConfiguration.java:validateMinFreeSpace(751)) - hdds.datanode.volume.min.free.space.percent = -1.0 is invalid, should be between 0 and 1
2025-07-02 18:45:18,225 [main] INFO  protocol.DatanodeDetails (DatanodeDetails.java:validateDatanodeIpAddress(199)) - Updating IP address of datanode 92aeff0d-b8ac-4e9e-9ba6-1724c63a8401(localhost/null) to 127.0.0.1
2025-07-02 18:45:18,226 [main] INFO  ozone.HddsDatanodeService (HddsDatanodeService.java:start(236)) - HddsDatanodeService 92aeff0d-b8ac-4e9e-9ba6-1724c63a8401(localhost/127.0.0.1)
2025-07-02 18:45:18,227 [main] WARN  statemachine.DatanodeConfiguration (DatanodeConfiguration.java:validateMinFreeSpace(751)) - hdds.datanode.volume.min.free.space.percent = -1.0 is invalid, should be between 0 and 1
2025-07-02 18:45:18,228 [main] INFO  upgrade.AbstractLayoutVersionManager (AbstractLayoutVersionManager.java:init(80)) - Initializing Layout version manager with metadata layout = HBASE_SUPPORT (version = 8), software layout = HBASE_SUPPORT (version = 8)
2025-07-02 18:45:18,228 [main] INFO  statemachine.DatanodeStateMachine (DatanodeStateMachine.java:getEndPointTaskThreadPoolSize(305)) - Datanode State Machine Task Thread Pool size 2
2025-07-02 18:45:18,229 [main] WARN  statemachine.DatanodeConfiguration (DatanodeConfiguration.java:validateMinFreeSpace(751)) - hdds.datanode.volume.min.free.space.percent = -1.0 is invalid, should be between 0 and 1
2025-07-02 18:45:18,229 [main] WARN  statemachine.DatanodeConfiguration (DatanodeConfiguration.java:validateMinFreeSpace(751)) - hdds.datanode.volume.min.free.space.percent = -1.0 is invalid, should be between 0 and 1
2025-07-02 18:45:18,230 [main] WARN  statemachine.DatanodeConfiguration (DatanodeConfiguration.java:validateMinFreeSpace(751)) - hdds.datanode.volume.min.free.space.percent = -1.0 is invalid, should be between 0 and 1
2025-07-02 18:45:18,231 [main] WARN  statemachine.DatanodeConfiguration (DatanodeConfiguration.java:validateMinFreeSpace(751)) - hdds.datanode.volume.min.free.space.percent = -1.0 is invalid, should be between 0 and 1
2025-07-02 18:45:18,232 [main] INFO  volume.HddsVolume (HddsVolume.java:<init>(162)) - HddsVolume: { id=DS-efb1f230-4c82-425c-bd45-59f7c3da023c dir=/home/runner/work/ozone/ozone/hadoop-ozone/integration-test/target/test-dir/MiniOzoneClusterImpl-b7e00dfa-d3b8-45cf-9d3a-2bd5fdfebf54/ozone-meta/datanode-7/data-0/hdds type=DISK capacity=9222449699674390527 used=0 available=9222449699674390527 minFree=9222450130714624 committed=0 }
2025-07-02 18:45:18,232 [main] INFO  volume.MutableVolumeSet (MutableVolumeSet.java:initializeVolumeSet(167)) - Added Volume : /home/runner/work/ozone/ozone/hadoop-ozone/integration-test/target/test-dir/MiniOzoneClusterImpl-b7e00dfa-d3b8-45cf-9d3a-2bd5fdfebf54/ozone-meta/datanode-7/data-0/hdds to VolumeSet
2025-07-02 18:45:18,232 [main] WARN  statemachine.DatanodeConfiguration (DatanodeConfiguration.java:validateMinFreeSpace(751)) - hdds.datanode.volume.min.free.space.percent = -1.0 is invalid, should be between 0 and 1
2025-07-02 18:45:18,233 [main] WARN  statemachine.DatanodeConfiguration (DatanodeConfiguration.java:validateMinFreeSpace(751)) - hdds.datanode.volume.min.free.space.percent = -1.0 is invalid, should be between 0 and 1
2025-07-02 18:45:18,234 [main] INFO  volume.MutableVolumeSet (MutableVolumeSet.java:initializeVolumeSet(167)) - Added Volume : /home/runner/work/ozone/ozone/hadoop-ozone/integration-test/target/test-dir/MiniOzoneClusterImpl-b7e00dfa-d3b8-45cf-9d3a-2bd5fdfebf54/ozone-meta/datanode-7/ratis to VolumeSet
2025-07-02 18:45:18,235 [main] WARN  statemachine.DatanodeConfiguration (DatanodeConfiguration.java:validateMinFreeSpace(751)) - hdds.datanode.volume.min.free.space.percent = -1.0 is invalid, should be between 0 and 1
2025-07-02 18:45:18,235 [main] WARN  statemachine.DatanodeConfiguration (DatanodeConfiguration.java:validateMinFreeSpace(751)) - hdds.datanode.volume.min.free.space.percent = -1.0 is invalid, should be between 0 and 1
2025-07-02 18:45:18,236 [main] INFO  ozoneimpl.OzoneContainer (HddsVolumeUtil.java:loadAllHddsVolumeDbStore(102)) - Load 1 volumes DbStore cost: 0ms
2025-07-02 18:45:18,236 [main] WARN  db.DBStoreBuilder (DBStoreBuilder.java:getDBDirPath(159)) - ozone.scm.datanode.id.dir is not configured. We recommend adding this setting. Falling back to ozone.metadata.dirs instead.
2025-07-02 18:45:18,237 [main] WARN  statemachine.DatanodeConfiguration (DatanodeConfiguration.java:validateMinFreeSpace(751)) - hdds.datanode.volume.min.free.space.percent = -1.0 is invalid, should be between 0 and 1
2025-07-02 18:45:18,237 [main] WARN  db.DBStoreBuilder (DBStoreBuilder.java:getDBDirPath(159)) - ozone.scm.datanode.id.dir is not configured. We recommend adding this setting. Falling back to ozone.metadata.dirs instead.
2025-07-02 18:45:18,250 [95ee4113-9599-4433-8033-e07ec30d3bee-EndpointStateMachineTaskThread-/0.0.0.0:15002-0 ] INFO  utils.DatanodeStoreCache (DatanodeStoreCache.java:addDB(70)) - Added db /home/runner/work/ozone/ozone/hadoop-ozone/integration-test/target/test-dir/MiniOzoneClusterImpl-b7e00dfa-d3b8-45cf-9d3a-2bd5fdfebf54/ozone-meta/datanode-4/data-0/hdds/b7e00dfa-d3b8-45cf-9d3a-2bd5fdfebf54/DS-4197b06b-1e37-4aa9-bbc8-54a2a4e84032/container.db to cache
2025-07-02 18:45:18,250 [95ee4113-9599-4433-8033-e07ec30d3bee-EndpointStateMachineTaskThread-/0.0.0.0:15002-0 ] INFO  volume.HddsVolume (HddsVolume.java:createDbStore(575)) - SchemaV3 db is created and loaded at /home/runner/work/ozone/ozone/hadoop-ozone/integration-test/target/test-dir/MiniOzoneClusterImpl-b7e00dfa-d3b8-45cf-9d3a-2bd5fdfebf54/ozone-meta/datanode-4/data-0/hdds/b7e00dfa-d3b8-45cf-9d3a-2bd5fdfebf54/DS-4197b06b-1e37-4aa9-bbc8-54a2a4e84032/container.db for volume DS-4197b06b-1e37-4aa9-bbc8-54a2a4e84032
2025-07-02 18:45:18,250 [95ee4113-9599-4433-8033-e07ec30d3bee-EndpointStateMachineTaskThread-/0.0.0.0:15002-0 ] WARN  statemachine.DatanodeConfiguration (DatanodeConfiguration.java:validateMinFreeSpace(751)) - hdds.datanode.volume.min.free.space.percent = -1.0 is invalid, should be between 0 and 1
2025-07-02 18:45:18,251 [main] WARN  statemachine.DatanodeConfiguration (DatanodeConfiguration.java:validateMinFreeSpace(751)) - hdds.datanode.volume.min.free.space.percent = -1.0 is invalid, should be between 0 and 1
2025-07-02 18:45:18,252 [main] WARN  statemachine.DatanodeConfiguration (DatanodeConfiguration.java:validateMinFreeSpace(751)) - hdds.datanode.volume.min.free.space.percent = -1.0 is invalid, should be between 0 and 1
2025-07-02 18:45:18,252 [main] INFO  impl.FilePerChunkStrategy (FilePerChunkStrategy.java:<init>(79)) - ozone.chunk.read.mapped.buffer.max.count is load with 0
2025-07-02 18:45:18,252 [95ee4113-9599-4433-8033-e07ec30d3bee-ContainerReader-0] INFO  ozoneimpl.ContainerReader (ContainerReader.java:readVolume(144)) - Start to verify containers on volume /home/runner/work/ozone/ozone/hadoop-ozone/integration-test/target/test-dir/MiniOzoneClusterImpl-b7e00dfa-d3b8-45cf-9d3a-2bd5fdfebf54/ozone-meta/datanode-4/data-0/hdds
2025-07-02 18:45:18,252 [main] INFO  impl.FilePerBlockStrategy (FilePerBlockStrategy.java:<init>(88)) - ozone.chunk.read.mapped.buffer.max.count is load with 0
2025-07-02 18:45:18,252 [95ee4113-9599-4433-8033-e07ec30d3bee-ContainerReader-0] INFO  ozoneimpl.ContainerReader (ContainerReader.java:readVolume(174)) - Finish verifying containers on volume /home/runner/work/ozone/ozone/hadoop-ozone/integration-test/target/test-dir/MiniOzoneClusterImpl-b7e00dfa-d3b8-45cf-9d3a-2bd5fdfebf54/ozone-meta/datanode-4/data-0/hdds
2025-07-02 18:45:18,253 [main] WARN  statemachine.DatanodeConfiguration (DatanodeConfiguration.java:validateMinFreeSpace(751)) - hdds.datanode.volume.min.free.space.percent = -1.0 is invalid, should be between 0 and 1
2025-07-02 18:45:18,253 [95ee4113-9599-4433-8033-e07ec30d3bee-EndpointStateMachineTaskThread-/0.0.0.0:15002-0 ] INFO  ozoneimpl.OzoneContainer (OzoneContainer.java:buildContainerSet(370)) - Build ContainerSet costs 0s
2025-07-02 18:45:18,253 [95ee4113-9599-4433-8033-e07ec30d3bee-EndpointStateMachineTaskThread-/0.0.0.0:15002-0 ] INFO  volume.ThrottledAsyncChecker (ThrottledAsyncChecker.java:schedule(138)) - Scheduling a check for /home/runner/work/ozone/ozone/hadoop-ozone/integration-test/target/test-dir/MiniOzoneClusterImpl-b7e00dfa-d3b8-45cf-9d3a-2bd5fdfebf54/ozone-meta/datanode-4/data-0/hdds
2025-07-02 18:45:18,253 [main] INFO  server.RaftServerConfigKeys (ConfUtils.java:logGet(62)) - raft.server.log.appender.buffer.byte-limit = 33554432 (custom)
2025-07-02 18:45:18,254 [95ee4113-9599-4433-8033-e07ec30d3bee-EndpointStateMachineTaskThread-/0.0.0.0:15002-0 ] INFO  volume.StorageVolumeChecker (StorageVolumeChecker.java:checkAllVolumes(215)) - Scheduled health check for volume /home/runner/work/ozone/ozone/hadoop-ozone/integration-test/target/test-dir/MiniOzoneClusterImpl-b7e00dfa-d3b8-45cf-9d3a-2bd5fdfebf54/ozone-meta/datanode-4/data-0/hdds
2025-07-02 18:45:18,255 [main] INFO  grpc.GrpcConfigKeys (ConfUtils.java:logFallback(69)) - raft.grpc.admin.host = null (fallback to raft.grpc.server.host)
2025-07-02 18:45:18,256 [main] INFO  grpc.GrpcConfigKeys (ConfUtils.java:logGet(62)) - raft.grpc.admin.port = 15062 (custom)
2025-07-02 18:45:18,256 [main] INFO  grpc.GrpcConfigKeys (ConfUtils.java:logFallback(69)) - raft.grpc.client.host = null (fallback to raft.grpc.server.host)
2025-07-02 18:45:18,256 [main] INFO  grpc.GrpcConfigKeys (ConfUtils.java:logGet(62)) - raft.grpc.client.port = 15061 (custom)
2025-07-02 18:45:18,256 [main] INFO  grpc.GrpcConfigKeys (ConfUtils.java:logGet(62)) - raft.grpc.server.port = 15063 (custom)
2025-07-02 18:45:18,256 [main] INFO  server.GrpcServicesImpl (ConfUtils.java:logGet(62)) - raft.grpc.message.size.max = 34603008 (custom)
2025-07-02 18:45:18,256 [main] INFO  server.GrpcServicesImpl (ConfUtils.java:logGet(62)) - raft.grpc.flow.control.window = 5MB (=5242880) (custom)
2025-07-02 18:45:18,256 [main] INFO  server.RaftServerConfigKeys (ConfUtils.java:logGet(62)) - raft.server.log.appender.buffer.byte-limit = 33554432 (custom)
2025-07-02 18:45:18,258 [95ee4113-9599-4433-8033-e07ec30d3bee-EndpointStateMachineTaskThread-/0.0.0.0:15002-0 ] INFO  volume.ThrottledAsyncChecker (ThrottledAsyncChecker.java:schedule(138)) - Scheduling a check for /home/runner/work/ozone/ozone/hadoop-ozone/integration-test/target/test-dir/MiniOzoneClusterImpl-b7e00dfa-d3b8-45cf-9d3a-2bd5fdfebf54/ozone-meta/datanode-4/ratis
2025-07-02 18:45:18,258 [95ee4113-9599-4433-8033-e07ec30d3bee-EndpointStateMachineTaskThread-/0.0.0.0:15002-0 ] INFO  volume.StorageVolumeChecker (StorageVolumeChecker.java:checkAllVolumes(215)) - Scheduled health check for volume /home/runner/work/ozone/ozone/hadoop-ozone/integration-test/target/test-dir/MiniOzoneClusterImpl-b7e00dfa-d3b8-45cf-9d3a-2bd5fdfebf54/ozone-meta/datanode-4/ratis
2025-07-02 18:45:18,258 [main] INFO  netty.NettyUtils (NettyUtils.java:newEventLoopGroup(74)) - Create EpollEventLoopGroup for 92aeff0d-b8ac-4e9e-9ba6-1724c63a8401-NettyServerStreamRpc-bossGroup; Thread size is 0.
2025-07-02 18:45:18,259 [main] INFO  netty.NettyUtils (NettyUtils.java:newEventLoopGroup(74)) - Create EpollEventLoopGroup for 92aeff0d-b8ac-4e9e-9ba6-1724c63a8401-NettyServerStreamRpc-workerGroup; Thread size is 0.
2025-07-02 18:45:18,259 [95ee4113-9599-4433-8033-e07ec30d3bee-EndpointStateMachineTaskThread-/0.0.0.0:15002-0 ] INFO  ozoneimpl.OzoneContainer (OzoneContainer.java:start(520)) - Attempting to start container services.
2025-07-02 18:45:18,260 [main] INFO  netty.NettyConfigKeys$DataStream (ConfUtils.java:logGet(62)) - raft.netty.dataStream.port = 15064 (custom)
2025-07-02 18:45:18,260 [ContainerMetadataScanner] INFO  ozoneimpl.AbstractBackgroundContainerScanner (AbstractBackgroundContainerScanner.java:runIteration(89)) - Completed an iteration in 0 minutes. Number of iterations (since the data-node restart) : 1, Number of containers scanned in this iteration : 0, Number of unhealthy containers found in this iteration : 0
2025-07-02 18:45:18,260 [main] INFO  server.RaftServerConfigKeys (ConfUtils.java:logGet(62)) - raft.server.storage.dir = [/home/runner/work/ozone/ozone/hadoop-ozone/integration-test/target/test-dir/MiniOzoneClusterImpl-b7e00dfa-d3b8-45cf-9d3a-2bd5fdfebf54/ozone-meta/datanode-7/ratis] (custom)
2025-07-02 18:45:18,260 [92aeff0d-b8ac-4e9e-9ba6-1724c63a8401-NettyServerStreamRpc-bossGroup--thread1] INFO  logging.LoggingHandler (AbstractInternalLogger.java:log(148)) - [id: 0x772982f7] REGISTERED
2025-07-02 18:45:18,261 [92aeff0d-b8ac-4e9e-9ba6-1724c63a8401-NettyServerStreamRpc-bossGroup--thread1] INFO  logging.LoggingHandler (AbstractInternalLogger.java:log(148)) - [id: 0x772982f7] BIND: 0.0.0.0/0.0.0.0:15064
2025-07-02 18:45:18,261 [92aeff0d-b8ac-4e9e-9ba6-1724c63a8401-NettyServerStreamRpc-bossGroup--thread1] INFO  logging.LoggingHandler (AbstractInternalLogger.java:log(148)) - [id: 0x772982f7, L:/0.0.0.0:15064] ACTIVE
2025-07-02 18:45:18,261 [92aeff0d-b8ac-4e9e-9ba6-1724c63a8401-impl-thread1] INFO  server.RaftServer (RaftServerProxy.java:initGroupDir(270)) - 92aeff0d-b8ac-4e9e-9ba6-1724c63a8401: found a subdirectory /home/runner/work/ozone/ozone/hadoop-ozone/integration-test/target/test-dir/MiniOzoneClusterImpl-b7e00dfa-d3b8-45cf-9d3a-2bd5fdfebf54/ozone-meta/datanode-7/ratis/tmp
2025-07-02 18:45:18,261 [92aeff0d-b8ac-4e9e-9ba6-1724c63a8401-impl-thread1] INFO  server.RaftServer (RaftServerProxy.java:initGroupDir(275)) - 92aeff0d-b8ac-4e9e-9ba6-1724c63a8401: The directory /home/runner/work/ozone/ozone/hadoop-ozone/integration-test/target/test-dir/MiniOzoneClusterImpl-b7e00dfa-d3b8-45cf-9d3a-2bd5fdfebf54/ozone-meta/datanode-7/ratis/tmp is not a group directory; ignoring it. 
2025-07-02 18:45:18,262 [main] INFO  replication.ReplicationServer (ReplicationServer.java:<init>(84)) - Initializing replication server with thread count = 10 queue length = 4096
2025-07-02 18:45:18,262 [ContainerDataScanner(/home/runner/work/ozone/ozone/hadoop-ozone/integration-test/target/test-dir/MiniOzoneClusterImpl-b7e00dfa-d3b8-45cf-9d3a-2bd5fdfebf54/ozone-meta/datanode-4/data-0/hdds)] INFO  ozoneimpl.AbstractBackgroundContainerScanner (AbstractBackgroundContainerScanner.java:runIteration(89)) - Completed an iteration in 0 minutes. Number of iterations (since the data-node restart) : 1, Number of containers scanned in this iteration : 0, Number of unhealthy containers found in this iteration : 0
2025-07-02 18:45:18,263 [95ee4113-9599-4433-8033-e07ec30d3bee-EndpointStateMachineTaskThread-/0.0.0.0:15002-0 ] INFO  replication.ReplicationServer (ReplicationServer.java:start(137)) - ReplicationServer is started using port 15041
2025-07-02 18:45:18,263 [main] WARN  statemachine.DatanodeConfiguration (DatanodeConfiguration.java:validateMinFreeSpace(751)) - hdds.datanode.volume.min.free.space.percent = -1.0 is invalid, should be between 0 and 1
2025-07-02 18:45:18,263 [main] INFO  server.XceiverServerGrpc (XceiverServerGrpc.java:<init>(130)) - GrpcServer channel type EpollServerSocketChannel
2025-07-02 18:45:18,263 [95ee4113-9599-4433-8033-e07ec30d3bee-EndpointStateMachineTaskThread-/0.0.0.0:15002-0 ] INFO  ratis.XceiverServerRatis (XceiverServerRatis.java:start(559)) - Starting XceiverServerRatis(95ee4113-9599-4433-8033-e07ec30d3bee)
2025-07-02 18:45:18,265 [95ee4113-9599-4433-8033-e07ec30d3bee-EndpointStateMachineTaskThread-/0.0.0.0:15002-0 ] INFO  server.RaftServer (RaftServerProxy.java:startImpl(412)) - 95ee4113-9599-4433-8033-e07ec30d3bee: start RPC server
2025-07-02 18:45:18,267 [95ee4113-9599-4433-8033-e07ec30d3bee-EndpointStateMachineTaskThread-/0.0.0.0:15002-0 ] INFO  server.GrpcServicesImpl (GrpcServicesImpl.java:startImpl(346)) - 95ee4113-9599-4433-8033-e07ec30d3bee: GrpcServicesImpl started, listening on 15037
2025-07-02 18:45:18,269 [95ee4113-9599-4433-8033-e07ec30d3bee-EndpointStateMachineTaskThread-/0.0.0.0:15002-0 ] INFO  server.GrpcServicesImpl (GrpcServicesImpl.java:startImpl(346)) - 95ee4113-9599-4433-8033-e07ec30d3bee: GrpcServicesImpl started, listening on 15039
2025-07-02 18:45:18,269 [95ee4113-9599-4433-8033-e07ec30d3bee-EndpointStateMachineTaskThread-/0.0.0.0:15002-0 ] INFO  server.GrpcServicesImpl (GrpcServicesImpl.java:startImpl(346)) - 95ee4113-9599-4433-8033-e07ec30d3bee: GrpcServicesImpl started, listening on 15038
2025-07-02 18:45:18,270 [95ee4113-9599-4433-8033-e07ec30d3bee-EndpointStateMachineTaskThread-/0.0.0.0:15002-0 ] INFO  ratis.XceiverServerRatis (XceiverServerRatis.java:getRealPort(586)) - XceiverServerRatis(95ee4113-9599-4433-8033-e07ec30d3bee) is started using port RATIS=15037
2025-07-02 18:45:18,270 [JvmPauseMonitor6] INFO  util.JvmPauseMonitor (JvmPauseMonitor.java:run(146)) - JvmPauseMonitor-95ee4113-9599-4433-8033-e07ec30d3bee: Started
2025-07-02 18:45:18,271 [95ee4113-9599-4433-8033-e07ec30d3bee-EndpointStateMachineTaskThread-/0.0.0.0:15002-0 ] INFO  ratis.XceiverServerRatis (XceiverServerRatis.java:getRealPort(586)) - XceiverServerRatis(95ee4113-9599-4433-8033-e07ec30d3bee) is started using port RATIS_ADMIN=15038
2025-07-02 18:45:18,271 [main] WARN  statemachine.DatanodeConfiguration (DatanodeConfiguration.java:validateMinFreeSpace(751)) - hdds.datanode.volume.min.free.space.percent = -1.0 is invalid, should be between 0 and 1
2025-07-02 18:45:18,271 [95ee4113-9599-4433-8033-e07ec30d3bee-EndpointStateMachineTaskThread-/0.0.0.0:15002-0 ] INFO  ratis.XceiverServerRatis (XceiverServerRatis.java:getRealPort(586)) - XceiverServerRatis(95ee4113-9599-4433-8033-e07ec30d3bee) is started using port RATIS_SERVER=15039
2025-07-02 18:45:18,272 [95ee4113-9599-4433-8033-e07ec30d3bee-EndpointStateMachineTaskThread-/0.0.0.0:15002-0 ] INFO  ratis.XceiverServerRatis (XceiverServerRatis.java:getRealPort(586)) - XceiverServerRatis(95ee4113-9599-4433-8033-e07ec30d3bee) is started using port RATIS_DATASTREAM=15040
2025-07-02 18:45:18,272 [main] INFO  replication.ReplicationSupervisor (ReplicationSupervisor.java:build(169)) - Initializing replication supervisor with thread count = 10
2025-07-02 18:45:18,272 [main] INFO  replication.ReplicationSupervisor (ReplicationSupervisor.java:nodeStateUpdated(358)) - Node state updated to IN_SERVICE, scaling executor pool size to 10
2025-07-02 18:45:18,273 [95ee4113-9599-4433-8033-e07ec30d3bee-EndpointStateMachineTaskThread-/0.0.0.0:15002-0 ] INFO  utils.BackgroundService (BackgroundService.java:start(118)) - Starting service BlockDeletingService with interval 60000 milliseconds
2025-07-02 18:45:18,274 [95ee4113-9599-4433-8033-e07ec30d3bee-EndpointStateMachineTaskThread-/0.0.0.0:15002-0 ] INFO  utils.BackgroundService (BackgroundService.java:start(118)) - Starting service StaleRecoveringContainerScrubbingService with interval 60000 milliseconds
2025-07-02 18:45:18,275 [main] WARN  statemachine.DatanodeConfiguration (DatanodeConfiguration.java:validateMinFreeSpace(751)) - hdds.datanode.volume.min.free.space.percent = -1.0 is invalid, should be between 0 and 1
2025-07-02 18:45:18,277 [main] INFO  http.BaseHttpServer (BaseHttpServer.java:newHttpServer2BuilderForOzone(229)) - Starting Web-server for hddsDatanode at: http://0.0.0.0:15058
2025-07-02 18:45:18,277 [main] INFO  http.BaseHttpServer (BaseHttpServer.java:<init>(107)) - Hadoop Security Enabled: false Ozone Security Enabled: false Ozone HTTP Security Enabled: false 
2025-07-02 18:45:18,280 [main] WARN  server.AuthenticationFilter (AuthenticationFilter.java:constructSecretProvider(240)) - Unable to initialize FileSignerSecretProvider, falling back to use random secrets. Reason: Could not read signature secret file: /home/runner/hadoop-http-auth-signature-secret
2025-07-02 18:45:18,283 [main] INFO  http.HttpServer2 (HttpServer2.java:addGlobalFilter(1042)) - Added global filter 'safety' (class=org.apache.hadoop.hdds.server.http.HttpServer2$QuotingInputFilter)
2025-07-02 18:45:18,284 [main] INFO  http.HttpServer2 (HttpServer2.java:addFilter(1018)) - Added filter static_user_filter (class=org.apache.hadoop.http.lib.StaticUserWebFilter$StaticUserFilter) to context hddsDatanode
2025-07-02 18:45:18,284 [main] INFO  http.HttpServer2 (HttpServer2.java:addFilter(1026)) - Added filter static_user_filter (class=org.apache.hadoop.http.lib.StaticUserWebFilter$StaticUserFilter) to context logs
2025-07-02 18:45:18,284 [main] INFO  http.HttpServer2 (HttpServer2.java:addFilter(1026)) - Added filter static_user_filter (class=org.apache.hadoop.http.lib.StaticUserWebFilter$StaticUserFilter) to context static
2025-07-02 18:45:18,285 [main] INFO  http.BaseHttpServer (BaseHttpServer.java:<init>(195)) - HTTP server of hddsDatanode uses base directory /home/runner/work/ozone/ozone/hadoop-ozone/integration-test/target/test-dir/MiniOzoneClusterImpl-b7e00dfa-d3b8-45cf-9d3a-2bd5fdfebf54/ozone-meta/datanode-7/meta/webserver
2025-07-02 18:45:18,285 [main] INFO  http.HttpServer2 (HttpServer2.java:bindListener(1242)) - Jetty bound to port 15058
2025-07-02 18:45:18,285 [main] INFO  server.Server (Server.java:doStart(375)) - jetty-9.4.57.v20241219; built: 2025-01-08T21:24:30.412Z; git: df524e6b29271c2e09ba9aea83c18dc9db464a31; jvm 21.0.7+6-LTS
2025-07-02 18:45:18,287 [main] INFO  server.session (DefaultSessionIdManager.java:doStart(334)) - DefaultSessionIdManager workerName=node0
2025-07-02 18:45:18,287 [main] INFO  server.session (DefaultSessionIdManager.java:doStart(339)) - No SessionScavenger set, using defaults
2025-07-02 18:45:18,287 [main] INFO  server.session (HouseKeeper.java:startScavenging(132)) - node0 Scavenging every 600000ms
2025-07-02 18:45:18,288 [main] INFO  handler.ContextHandler (ContextHandler.java:doStart(921)) - Started o.e.j.s.ServletContextHandler@1e77dac0{logs,/logs,file:///home/runner/work/ozone/ozone/hadoop-ozone/integration-test/target/log,AVAILABLE}
2025-07-02 18:45:18,288 [main] INFO  handler.ContextHandler (ContextHandler.java:doStart(921)) - Started o.e.j.s.ServletContextHandler@af47f1b{static,/static,jar:file:/home/runner/work/ozone/ozone/hadoop-hdds/container-service/target/hdds-container-service-2.1.0-SNAPSHOT.jar!/webapps/static,AVAILABLE}
2025-07-02 18:45:18,397 [EventQueue-PipelineReportForOneReplicaPipelineSafeModeRule] INFO  safemode.SCMSafeModeManager (SCMSafeModeManager.java:validateSafeModeExitRules(139)) - AtleastOneDatanodeReportedRule rule is successfully validated
2025-07-02 18:45:18,400 [IPC Server handler 11 on default port 15002] INFO  net.NetworkTopologyImpl (NetworkTopologyImpl.java:add(133)) - Added a new node: /default-rack/baa12041-7cca-45c7-810c-7ea11519444b
2025-07-02 18:45:18,400 [IPC Server handler 11 on default port 15002] INFO  node.SCMNodeManager (SCMNodeManager.java:register(423)) - Registered datanode: baa12041-7cca-45c7-810c-7ea11519444b{ip: 127.0.0.1, host: localhost, ports: [HTTP=15026, CLIENT_RPC=15027, REPLICATION=15033, RATIS=15029, RATIS_ADMIN=15030, RATIS_SERVER=15031, RATIS_DATASTREAM=15032, STANDALONE=15028], networkLocation: /default-rack, certSerialId: null, persistedOpState: null, persistedOpStateExpiryEpochSec: 0}
2025-07-02 18:45:18,400 [EventQueue-ContainerRegistrationReportForRatisContainerSafeModeRule] INFO  safemode.SCMSafeModeManager (SCMSafeModeManager.java:validateSafeModeExitRules(139)) - RatisContainerSafeModeRule rule is successfully validated
2025-07-02 18:45:18,400 [EventQueue-ContainerRegistrationReportForECContainerSafeModeRule] INFO  safemode.SCMSafeModeManager (SCMSafeModeManager.java:validateSafeModeExitRules(139)) - ECContainerSafeModeRule rule is successfully validated
2025-07-02 18:45:18,401 [EventQueue-NodeRegistrationContainerReportForDataNodeSafeModeRule] INFO  safemode.SCMSafeModeManager (DataNodeSafeModeRule.java:process(80)) - SCM in safe mode. 3 DataNodes registered, 3 required.
2025-07-02 18:45:18,401 [EventQueue-NodeRegistrationContainerReportForDataNodeSafeModeRule] INFO  safemode.SCMSafeModeManager (SCMSafeModeManager.java:validateSafeModeExitRules(139)) - DataNodeSafeModeRule rule is successfully validated
2025-07-02 18:45:18,401 [EventQueue-NodeRegistrationContainerReportForDataNodeSafeModeRule] INFO  safemode.SCMSafeModeManager (SCMSafeModeManager.java:completePreCheck(166)) - All SCM safe mode pre check rules have passed
2025-07-02 18:45:18,401 [EventQueue-NodeRegistrationContainerReportForDataNodeSafeModeRule] INFO  ha.SCMContext (SCMContext.java:updateSafeModeStatus(224)) - Update SafeModeStatus from SafeModeStatus{safeModeStatus=true, preCheckPassed=false} to SafeModeStatus{safeModeStatus=true, preCheckPassed=true}.
2025-07-02 18:45:18,402 [EventQueue-NodeRegistrationContainerReportForDataNodeSafeModeRule] INFO  pipeline.BackgroundPipelineCreator (BackgroundPipelineCreator.java:notifyEventTriggered(290)) - trigger a one-shot run on RatisPipelineUtilsThread.
2025-07-02 18:45:18,402 [EventQueue-PipelineReportForOneReplicaPipelineSafeModeRule] INFO  safemode.SCMSafeModeManager (SCMSafeModeManager.java:validateSafeModeExitRules(139)) - AtleastOneDatanodeReportedRule rule is successfully validated
2025-07-02 18:45:18,402 [EventQueue-NewNodeForNewNodeHandler] INFO  pipeline.BackgroundPipelineCreator (BackgroundPipelineCreator.java:notifyEventTriggered(290)) - trigger a one-shot run on RatisPipelineUtilsThread.
2025-07-02 18:45:18,403 [RatisPipelineUtilsThread-0] INFO  pipeline.RatisPipelineProvider (RatisPipelineProvider.java:lambda$create$0(208)) - Sending CreatePipelineCommand for pipeline:Pipeline-5e45ba48-5edd-440d-8eb2-f1559d221247 to datanode:baa12041-7cca-45c7-810c-7ea11519444b(localhost/127.0.0.1)
2025-07-02 18:45:18,409 [0fee975d-e734-400e-bdb4-ee8e3ebebca6@group-2BD5FDFEBF54-StateMachineUpdater] INFO  safemode.SCMSafeModeManager (SCMSafeModeManager.java:validateSafeModeExitRules(139)) - DataNodeSafeModeRule rule is successfully validated
2025-07-02 18:45:18,409 [0fee975d-e734-400e-bdb4-ee8e3ebebca6@group-2BD5FDFEBF54-StateMachineUpdater] INFO  safemode.SCMSafeModeManager (SCMSafeModeManager.java:validateSafeModeExitRules(139)) - RatisContainerSafeModeRule rule is successfully validated
2025-07-02 18:45:18,409 [0fee975d-e734-400e-bdb4-ee8e3ebebca6@group-2BD5FDFEBF54-StateMachineUpdater] INFO  safemode.HealthyPipelineSafeModeRule (HealthyPipelineSafeModeRule.java:initializeRule(228)) - Refreshed total pipeline count is 0, healthy pipeline threshold count is 1
2025-07-02 18:45:18,410 [0fee975d-e734-400e-bdb4-ee8e3ebebca6@group-2BD5FDFEBF54-StateMachineUpdater] INFO  safemode.SCMSafeModeManager (SCMSafeModeManager.java:validateSafeModeExitRules(139)) - ECContainerSafeModeRule rule is successfully validated
2025-07-02 18:45:18,410 [0fee975d-e734-400e-bdb4-ee8e3ebebca6@group-2BD5FDFEBF54-StateMachineUpdater] INFO  safemode.SCMSafeModeManager (SCMSafeModeManager.java:validateSafeModeExitRules(139)) - AtleastOneDatanodeReportedRule rule is successfully validated
2025-07-02 18:45:18,411 [RatisPipelineUtilsThread-0] INFO  pipeline.BackgroundPipelineCreator (BackgroundPipelineCreator.java:createPipelines(246)) - Created new pipeline Pipeline{ Id: 5e45ba48-5edd-440d-8eb2-f1559d221247, Nodes: [ {baa12041-7cca-45c7-810c-7ea11519444b(localhost/127.0.0.1), ReplicaIndex: 0},], ReplicationConfig: RATIS/ONE, State:ALLOCATED, leaderId:, CreationTimestamp2025-07-02T18:45:18.403080270Z[Etc/UTC]}
2025-07-02 18:45:18,415 [RatisPipelineUtilsThread-0] INFO  pipeline.RatisPipelineProvider (RatisPipelineProvider.java:lambda$create$0(208)) - Sending CreatePipelineCommand for pipeline:Pipeline-04a1f7f9-abb2-42e3-9b76-b92a147de22b to datanode:f1637480-4571-474d-8c0e-49126192dfac(localhost/127.0.0.1)
2025-07-02 18:45:18,416 [RatisPipelineUtilsThread-0] INFO  pipeline.RatisPipelineProvider (RatisPipelineProvider.java:lambda$create$0(208)) - Sending CreatePipelineCommand for pipeline:Pipeline-04a1f7f9-abb2-42e3-9b76-b92a147de22b to datanode:baa12041-7cca-45c7-810c-7ea11519444b(localhost/127.0.0.1)
2025-07-02 18:45:18,416 [RatisPipelineUtilsThread-0] INFO  pipeline.RatisPipelineProvider (RatisPipelineProvider.java:lambda$create$0(208)) - Sending CreatePipelineCommand for pipeline:Pipeline-04a1f7f9-abb2-42e3-9b76-b92a147de22b to datanode:75758caf-2019-48e0-9285-4ac26ec01eda(localhost/127.0.0.1)
2025-07-02 18:45:18,420 [0fee975d-e734-400e-bdb4-ee8e3ebebca6@group-2BD5FDFEBF54-StateMachineUpdater] INFO  safemode.SCMSafeModeManager (SCMSafeModeManager.java:validateSafeModeExitRules(139)) - DataNodeSafeModeRule rule is successfully validated
2025-07-02 18:45:18,420 [0fee975d-e734-400e-bdb4-ee8e3ebebca6@group-2BD5FDFEBF54-StateMachineUpdater] INFO  safemode.SCMSafeModeManager (SCMSafeModeManager.java:validateSafeModeExitRules(139)) - RatisContainerSafeModeRule rule is successfully validated
2025-07-02 18:45:18,420 [0fee975d-e734-400e-bdb4-ee8e3ebebca6@group-2BD5FDFEBF54-StateMachineUpdater] INFO  safemode.HealthyPipelineSafeModeRule (HealthyPipelineSafeModeRule.java:initializeRule(228)) - Refreshed total pipeline count is 0, healthy pipeline threshold count is 1
2025-07-02 18:45:18,421 [0fee975d-e734-400e-bdb4-ee8e3ebebca6@group-2BD5FDFEBF54-StateMachineUpdater] INFO  safemode.SCMSafeModeManager (SCMSafeModeManager.java:validateSafeModeExitRules(139)) - ECContainerSafeModeRule rule is successfully validated
2025-07-02 18:45:18,421 [0fee975d-e734-400e-bdb4-ee8e3ebebca6@group-2BD5FDFEBF54-StateMachineUpdater] INFO  safemode.SCMSafeModeManager (SCMSafeModeManager.java:validateSafeModeExitRules(139)) - AtleastOneDatanodeReportedRule rule is successfully validated
2025-07-02 18:45:18,421 [RatisPipelineUtilsThread-0] INFO  pipeline.BackgroundPipelineCreator (BackgroundPipelineCreator.java:createPipelines(246)) - Created new pipeline Pipeline{ Id: 04a1f7f9-abb2-42e3-9b76-b92a147de22b, Nodes: [ {f1637480-4571-474d-8c0e-49126192dfac(localhost/127.0.0.1), ReplicaIndex: 0}, {baa12041-7cca-45c7-810c-7ea11519444b(localhost/127.0.0.1), ReplicaIndex: 0}, {75758caf-2019-48e0-9285-4ac26ec01eda(localhost/127.0.0.1), ReplicaIndex: 0},], ReplicationConfig: RATIS/THREE, State:ALLOCATED, leaderId:, CreationTimestamp2025-07-02T18:45:18.415577574Z[Etc/UTC]}
2025-07-02 18:45:18,423 [RatisPipelineUtilsThread-0] INFO  pipeline.RatisPipelineProvider (RatisPipelineProvider.java:lambda$create$0(208)) - Sending CreatePipelineCommand for pipeline:Pipeline-2bc36170-bfb4-426e-aff1-84d2fc177fb5 to datanode:75758caf-2019-48e0-9285-4ac26ec01eda(localhost/127.0.0.1)
2025-07-02 18:45:18,423 [RatisPipelineUtilsThread-0] INFO  pipeline.RatisPipelineProvider (RatisPipelineProvider.java:lambda$create$0(208)) - Sending CreatePipelineCommand for pipeline:Pipeline-2bc36170-bfb4-426e-aff1-84d2fc177fb5 to datanode:baa12041-7cca-45c7-810c-7ea11519444b(localhost/127.0.0.1)
2025-07-02 18:45:18,423 [RatisPipelineUtilsThread-0] INFO  pipeline.RatisPipelineProvider (RatisPipelineProvider.java:lambda$create$0(208)) - Sending CreatePipelineCommand for pipeline:Pipeline-2bc36170-bfb4-426e-aff1-84d2fc177fb5 to datanode:f1637480-4571-474d-8c0e-49126192dfac(localhost/127.0.0.1)
2025-07-02 18:45:18,426 [0fee975d-e734-400e-bdb4-ee8e3ebebca6@group-2BD5FDFEBF54-StateMachineUpdater] INFO  safemode.SCMSafeModeManager (SCMSafeModeManager.java:validateSafeModeExitRules(139)) - DataNodeSafeModeRule rule is successfully validated
2025-07-02 18:45:18,427 [0fee975d-e734-400e-bdb4-ee8e3ebebca6@group-2BD5FDFEBF54-StateMachineUpdater] INFO  safemode.SCMSafeModeManager (SCMSafeModeManager.java:validateSafeModeExitRules(139)) - RatisContainerSafeModeRule rule is successfully validated
2025-07-02 18:45:18,427 [0fee975d-e734-400e-bdb4-ee8e3ebebca6@group-2BD5FDFEBF54-StateMachineUpdater] INFO  safemode.HealthyPipelineSafeModeRule (HealthyPipelineSafeModeRule.java:initializeRule(228)) - Refreshed total pipeline count is 0, healthy pipeline threshold count is 1
2025-07-02 18:45:18,427 [0fee975d-e734-400e-bdb4-ee8e3ebebca6@group-2BD5FDFEBF54-StateMachineUpdater] INFO  safemode.SCMSafeModeManager (SCMSafeModeManager.java:validateSafeModeExitRules(139)) - ECContainerSafeModeRule rule is successfully validated
2025-07-02 18:45:18,427 [0fee975d-e734-400e-bdb4-ee8e3ebebca6@group-2BD5FDFEBF54-StateMachineUpdater] INFO  safemode.SCMSafeModeManager (SCMSafeModeManager.java:validateSafeModeExitRules(139)) - AtleastOneDatanodeReportedRule rule is successfully validated
2025-07-02 18:45:18,428 [RatisPipelineUtilsThread-0] INFO  pipeline.PipelineManagerImpl (PipelineManagerImpl.java:recordMetricsForPipeline(922)) - Pipeline-2bc36170-bfb4-426e-aff1-84d2fc177fb5 and Pipeline-04a1f7f9-abb2-42e3-9b76-b92a147de22b have exactly the same set of datanodes: [75758caf-2019-48e0-9285-4ac26ec01eda(localhost/127.0.0.1), baa12041-7cca-45c7-810c-7ea11519444b(localhost/127.0.0.1), f1637480-4571-474d-8c0e-49126192dfac(localhost/127.0.0.1)]
2025-07-02 18:45:18,428 [RatisPipelineUtilsThread-0] INFO  pipeline.BackgroundPipelineCreator (BackgroundPipelineCreator.java:createPipelines(246)) - Created new pipeline Pipeline{ Id: 2bc36170-bfb4-426e-aff1-84d2fc177fb5, Nodes: [ {75758caf-2019-48e0-9285-4ac26ec01eda(localhost/127.0.0.1), ReplicaIndex: 0}, {baa12041-7cca-45c7-810c-7ea11519444b(localhost/127.0.0.1), ReplicaIndex: 0}, {f1637480-4571-474d-8c0e-49126192dfac(localhost/127.0.0.1), ReplicaIndex: 0},], ReplicationConfig: RATIS/THREE, State:ALLOCATED, leaderId:, CreationTimestamp2025-07-02T18:45:18.423139105Z[Etc/UTC]}
2025-07-02 18:45:18,442 [main] INFO  handler.ContextHandler (ContextHandler.java:doStart(921)) - Started o.e.j.w.WebAppContext@6e0ae02d{hddsDatanode,/,file:///home/runner/work/ozone/ozone/hadoop-ozone/integration-test/target/test-dir/MiniOzoneClusterImpl-b7e00dfa-d3b8-45cf-9d3a-2bd5fdfebf54/ozone-meta/datanode-7/meta/webserver/jetty-0_0_0_0-15058-hdds-container-service-2_1_0-SNAPSHOT_jar-_-any-5232777855122180512/webapp/,AVAILABLE}{jar:file:/home/runner/work/ozone/ozone/hadoop-hdds/container-service/target/hdds-container-service-2.1.0-SNAPSHOT.jar!/webapps/hddsDatanode}
2025-07-02 18:45:18,443 [main] INFO  server.AbstractConnector (AbstractConnector.java:doStart(333)) - Started ServerConnector@6834f33a{HTTP/1.1, (http/1.1)}{0.0.0.0:15058}
2025-07-02 18:45:18,443 [main] INFO  server.Server (Server.java:doStart(415)) - Started @13385ms
2025-07-02 18:45:18,444 [main] WARN  impl.MetricsSystemImpl (MetricsSystemImpl.java:register(279)) - Sink prometheus already exists!
2025-07-02 18:45:18,444 [main] INFO  http.BaseHttpServer (BaseHttpServer.java:updateConnectorAddress(359)) - HTTP server of hddsDatanode listening at http://localhost:15058
2025-07-02 18:45:18,444 [main] INFO  ipc.CallQueueManager (CallQueueManager.java:<init>(93)) - Using callQueue: class java.util.concurrent.LinkedBlockingQueue, queueCapacity: 1000, scheduler: class org.apache.hadoop.ipc.DefaultRpcScheduler, ipcBackoff: false, ipcFailOver: false.
2025-07-02 18:45:18,445 [main] INFO  ipc.Server (Server.java:<init>(1438)) - Listener at 0.0.0.0:15059
2025-07-02 18:45:18,445 [Socket Reader #1 for port 15059] INFO  ipc.Server (Server.java:run(1474)) - Starting Socket Reader #1 for port 15059
2025-07-02 18:45:18,445 [Socket Reader #2 for port 15059] INFO  ipc.Server (Server.java:run(1474)) - Starting Socket Reader #2 for port 15059
2025-07-02 18:45:18,446 [Socket Reader #3 for port 15059] INFO  ipc.Server (Server.java:run(1474)) - Starting Socket Reader #3 for port 15059
2025-07-02 18:45:18,446 [Socket Reader #4 for port 15059] INFO  ipc.Server (Server.java:run(1474)) - Starting Socket Reader #4 for port 15059
2025-07-02 18:45:18,447 [Socket Reader #5 for port 15059] INFO  ipc.Server (Server.java:run(1474)) - Starting Socket Reader #5 for port 15059
2025-07-02 18:45:18,447 [Socket Reader #6 for port 15059] INFO  ipc.Server (Server.java:run(1474)) - Starting Socket Reader #6 for port 15059
2025-07-02 18:45:18,447 [Socket Reader #7 for port 15059] INFO  ipc.Server (Server.java:run(1474)) - Starting Socket Reader #7 for port 15059
2025-07-02 18:45:18,448 [Socket Reader #8 for port 15059] INFO  ipc.Server (Server.java:run(1474)) - Starting Socket Reader #8 for port 15059
2025-07-02 18:45:18,448 [Socket Reader #9 for port 15059] INFO  ipc.Server (Server.java:run(1474)) - Starting Socket Reader #9 for port 15059
2025-07-02 18:45:18,448 [Socket Reader #10 for port 15059] INFO  ipc.Server (Server.java:run(1474)) - Starting Socket Reader #10 for port 15059
2025-07-02 18:45:18,451 [main] INFO  ozone.HddsDatanodeService (HddsDatanodeService.java:start(333)) - Datanode start with admins: [admin, runner]
2025-07-02 18:45:18,451 [main] INFO  ozone.HddsDatanodeClientProtocolServer (HddsDatanodeClientProtocolServer.java:start(76)) - RPC server for Client /0.0.0.0:15059
2025-07-02 18:45:18,451 [IPC Server Responder] INFO  ipc.Server (Server.java:run(1713)) - IPC Server Responder: starting
2025-07-02 18:45:18,452 [IPC Server listener on 15059] INFO  ipc.Server (Server.java:run(1553)) - IPC Server listener on 15059: starting
2025-07-02 18:45:18,454 [main] WARN  dropwizard3.Dm3MetricRegistriesImpl (Dm3MetricRegistriesImpl.java:addReporterRegistration(114)) - New reporters are added after registries were created. Some metrics will be missing from the reporter. Please add reporter before adding any new registry.
2025-07-02 18:45:18,455 [main] WARN  dropwizard3.Dm3MetricRegistriesImpl (Dm3MetricRegistriesImpl.java:addReporterRegistration(114)) - New reporters are added after registries were created. Some metrics will be missing from the reporter. Please add reporter before adding any new registry.
2025-07-02 18:45:18,455 [main] INFO  impl.MetricsSystemImpl (MetricsSystemImpl.java:init(158)) - HddsDatanode metrics system started (again)
2025-07-02 18:45:18,461 [92aeff0d-b8ac-4e9e-9ba6-1724c63a8401-DatanodeStateMachineDaemonThread] INFO  statemachine.DatanodeStateMachine (DatanodeStateMachine.java:startStateMachineThread(347)) - Ozone container server started.
2025-07-02 18:45:18,477 [92aeff0d-b8ac-4e9e-9ba6-1724c63a8401-DatanodeStateMachineTaskThread-0] INFO  datanode.InitDatanodeState (InitDatanodeState.java:persistContainerDatanodeDetails(139)) - DatanodeDetails is persisted to /home/runner/work/ozone/ozone/hadoop-ozone/integration-test/target/test-dir/MiniOzoneClusterImpl-b7e00dfa-d3b8-45cf-9d3a-2bd5fdfebf54/ozone-meta/datanode-7/meta/datanode.id
2025-07-02 18:45:18,478 [main] INFO  protocol.DatanodeDetails (DatanodeDetails.java:validateDatanodeIpAddress(199)) - Updating IP address of datanode 71a26ef2-e834-411c-97c5-a30c78105e8f(localhost/null) to 127.0.0.1
2025-07-02 18:45:18,478 [main] INFO  ozone.HddsDatanodeService (HddsDatanodeService.java:start(236)) - HddsDatanodeService 71a26ef2-e834-411c-97c5-a30c78105e8f(localhost/127.0.0.1)
2025-07-02 18:45:18,482 [main] WARN  statemachine.DatanodeConfiguration (DatanodeConfiguration.java:validateMinFreeSpace(751)) - hdds.datanode.volume.min.free.space.percent = -1.0 is invalid, should be between 0 and 1
2025-07-02 18:45:18,482 [main] INFO  upgrade.AbstractLayoutVersionManager (AbstractLayoutVersionManager.java:init(80)) - Initializing Layout version manager with metadata layout = HBASE_SUPPORT (version = 8), software layout = HBASE_SUPPORT (version = 8)
2025-07-02 18:45:18,483 [main] INFO  statemachine.DatanodeStateMachine (DatanodeStateMachine.java:getEndPointTaskThreadPoolSize(305)) - Datanode State Machine Task Thread Pool size 2
2025-07-02 18:45:18,483 [main] WARN  statemachine.DatanodeConfiguration (DatanodeConfiguration.java:validateMinFreeSpace(751)) - hdds.datanode.volume.min.free.space.percent = -1.0 is invalid, should be between 0 and 1
2025-07-02 18:45:18,484 [main] WARN  statemachine.DatanodeConfiguration (DatanodeConfiguration.java:validateMinFreeSpace(751)) - hdds.datanode.volume.min.free.space.percent = -1.0 is invalid, should be between 0 and 1
2025-07-02 18:45:18,484 [main] WARN  statemachine.DatanodeConfiguration (DatanodeConfiguration.java:validateMinFreeSpace(751)) - hdds.datanode.volume.min.free.space.percent = -1.0 is invalid, should be between 0 and 1
2025-07-02 18:45:18,482 [c6c1c004-cb80-4a23-8b53-68ef0e0db17b-EndpointStateMachineTaskThread-/0.0.0.0:15002-0 ] WARN  statemachine.DatanodeConfiguration (DatanodeConfiguration.java:validateMinFreeSpace(751)) - hdds.datanode.volume.min.free.space.percent = -1.0 is invalid, should be between 0 and 1
2025-07-02 18:45:18,485 [main] WARN  statemachine.DatanodeConfiguration (DatanodeConfiguration.java:validateMinFreeSpace(751)) - hdds.datanode.volume.min.free.space.percent = -1.0 is invalid, should be between 0 and 1
2025-07-02 18:45:18,485 [c6c1c004-cb80-4a23-8b53-68ef0e0db17b-EndpointStateMachineTaskThread-/0.0.0.0:15002-0 ] WARN  statemachine.DatanodeConfiguration (DatanodeConfiguration.java:validateMinFreeSpace(751)) - hdds.datanode.volume.min.free.space.percent = -1.0 is invalid, should be between 0 and 1
2025-07-02 18:45:18,486 [c6c1c004-cb80-4a23-8b53-68ef0e0db17b-EndpointStateMachineTaskThread-/0.0.0.0:15002-0 ] WARN  statemachine.DatanodeConfiguration (DatanodeConfiguration.java:validateMinFreeSpace(751)) - hdds.datanode.volume.min.free.space.percent = -1.0 is invalid, should be between 0 and 1
2025-07-02 18:45:18,487 [main] INFO  volume.HddsVolume (HddsVolume.java:<init>(162)) - HddsVolume: { id=DS-0b9df688-eafc-4850-85b0-51faa65a58f0 dir=/home/runner/work/ozone/ozone/hadoop-ozone/integration-test/target/test-dir/MiniOzoneClusterImpl-b7e00dfa-d3b8-45cf-9d3a-2bd5fdfebf54/ozone-meta/datanode-8/data-0/hdds type=DISK capacity=9222449699674390527 used=0 available=9222449699674390527 minFree=9222450130714624 committed=0 }
2025-07-02 18:45:18,487 [main] INFO  volume.MutableVolumeSet (MutableVolumeSet.java:initializeVolumeSet(167)) - Added Volume : /home/runner/work/ozone/ozone/hadoop-ozone/integration-test/target/test-dir/MiniOzoneClusterImpl-b7e00dfa-d3b8-45cf-9d3a-2bd5fdfebf54/ozone-meta/datanode-8/data-0/hdds to VolumeSet
2025-07-02 18:45:18,487 [main] WARN  statemachine.DatanodeConfiguration (DatanodeConfiguration.java:validateMinFreeSpace(751)) - hdds.datanode.volume.min.free.space.percent = -1.0 is invalid, should be between 0 and 1
2025-07-02 18:45:18,488 [main] WARN  statemachine.DatanodeConfiguration (DatanodeConfiguration.java:validateMinFreeSpace(751)) - hdds.datanode.volume.min.free.space.percent = -1.0 is invalid, should be between 0 and 1
2025-07-02 18:45:18,488 [main] INFO  volume.MutableVolumeSet (MutableVolumeSet.java:initializeVolumeSet(167)) - Added Volume : /home/runner/work/ozone/ozone/hadoop-ozone/integration-test/target/test-dir/MiniOzoneClusterImpl-b7e00dfa-d3b8-45cf-9d3a-2bd5fdfebf54/ozone-meta/datanode-8/ratis to VolumeSet
2025-07-02 18:45:18,489 [main] WARN  statemachine.DatanodeConfiguration (DatanodeConfiguration.java:validateMinFreeSpace(751)) - hdds.datanode.volume.min.free.space.percent = -1.0 is invalid, should be between 0 and 1
2025-07-02 18:45:18,489 [main] WARN  statemachine.DatanodeConfiguration (DatanodeConfiguration.java:validateMinFreeSpace(751)) - hdds.datanode.volume.min.free.space.percent = -1.0 is invalid, should be between 0 and 1
2025-07-02 18:45:18,489 [main] INFO  ozoneimpl.OzoneContainer (HddsVolumeUtil.java:loadAllHddsVolumeDbStore(102)) - Load 1 volumes DbStore cost: 0ms
2025-07-02 18:45:18,491 [main] WARN  db.DBStoreBuilder (DBStoreBuilder.java:getDBDirPath(159)) - ozone.scm.datanode.id.dir is not configured. We recommend adding this setting. Falling back to ozone.metadata.dirs instead.
2025-07-02 18:45:18,491 [main] WARN  statemachine.DatanodeConfiguration (DatanodeConfiguration.java:validateMinFreeSpace(751)) - hdds.datanode.volume.min.free.space.percent = -1.0 is invalid, should be between 0 and 1
2025-07-02 18:45:18,491 [main] WARN  db.DBStoreBuilder (DBStoreBuilder.java:getDBDirPath(159)) - ozone.scm.datanode.id.dir is not configured. We recommend adding this setting. Falling back to ozone.metadata.dirs instead.
2025-07-02 18:45:18,513 [main] WARN  statemachine.DatanodeConfiguration (DatanodeConfiguration.java:validateMinFreeSpace(751)) - hdds.datanode.volume.min.free.space.percent = -1.0 is invalid, should be between 0 and 1
2025-07-02 18:45:18,513 [main] WARN  statemachine.DatanodeConfiguration (DatanodeConfiguration.java:validateMinFreeSpace(751)) - hdds.datanode.volume.min.free.space.percent = -1.0 is invalid, should be between 0 and 1
2025-07-02 18:45:18,514 [main] INFO  impl.FilePerChunkStrategy (FilePerChunkStrategy.java:<init>(79)) - ozone.chunk.read.mapped.buffer.max.count is load with 0
2025-07-02 18:45:18,514 [main] INFO  impl.FilePerBlockStrategy (FilePerBlockStrategy.java:<init>(88)) - ozone.chunk.read.mapped.buffer.max.count is load with 0
2025-07-02 18:45:18,514 [main] WARN  statemachine.DatanodeConfiguration (DatanodeConfiguration.java:validateMinFreeSpace(751)) - hdds.datanode.volume.min.free.space.percent = -1.0 is invalid, should be between 0 and 1
2025-07-02 18:45:18,516 [main] INFO  server.RaftServerConfigKeys (ConfUtils.java:logGet(62)) - raft.server.log.appender.buffer.byte-limit = 33554432 (custom)
2025-07-02 18:45:18,518 [main] INFO  grpc.GrpcConfigKeys (ConfUtils.java:logFallback(69)) - raft.grpc.admin.host = null (fallback to raft.grpc.server.host)
2025-07-02 18:45:18,518 [main] INFO  grpc.GrpcConfigKeys (ConfUtils.java:logGet(62)) - raft.grpc.admin.port = 15070 (custom)
2025-07-02 18:45:18,518 [main] INFO  grpc.GrpcConfigKeys (ConfUtils.java:logFallback(69)) - raft.grpc.client.host = null (fallback to raft.grpc.server.host)
2025-07-02 18:45:18,519 [main] INFO  grpc.GrpcConfigKeys (ConfUtils.java:logGet(62)) - raft.grpc.client.port = 15069 (custom)
2025-07-02 18:45:18,519 [main] INFO  grpc.GrpcConfigKeys (ConfUtils.java:logGet(62)) - raft.grpc.server.port = 15071 (custom)
2025-07-02 18:45:18,519 [main] INFO  server.GrpcServicesImpl (ConfUtils.java:logGet(62)) - raft.grpc.message.size.max = 34603008 (custom)
2025-07-02 18:45:18,519 [main] INFO  server.GrpcServicesImpl (ConfUtils.java:logGet(62)) - raft.grpc.flow.control.window = 5MB (=5242880) (custom)
2025-07-02 18:45:18,520 [main] INFO  server.RaftServerConfigKeys (ConfUtils.java:logGet(62)) - raft.server.log.appender.buffer.byte-limit = 33554432 (custom)
2025-07-02 18:45:18,523 [main] INFO  netty.NettyUtils (NettyUtils.java:newEventLoopGroup(74)) - Create EpollEventLoopGroup for 71a26ef2-e834-411c-97c5-a30c78105e8f-NettyServerStreamRpc-bossGroup; Thread size is 0.
2025-07-02 18:45:18,524 [main] INFO  netty.NettyUtils (NettyUtils.java:newEventLoopGroup(74)) - Create EpollEventLoopGroup for 71a26ef2-e834-411c-97c5-a30c78105e8f-NettyServerStreamRpc-workerGroup; Thread size is 0.
2025-07-02 18:45:18,525 [main] INFO  netty.NettyConfigKeys$DataStream (ConfUtils.java:logGet(62)) - raft.netty.dataStream.port = 15072 (custom)
2025-07-02 18:45:18,526 [main] INFO  server.RaftServerConfigKeys (ConfUtils.java:logGet(62)) - raft.server.storage.dir = [/home/runner/work/ozone/ozone/hadoop-ozone/integration-test/target/test-dir/MiniOzoneClusterImpl-b7e00dfa-d3b8-45cf-9d3a-2bd5fdfebf54/ozone-meta/datanode-8/ratis] (custom)
2025-07-02 18:45:18,526 [71a26ef2-e834-411c-97c5-a30c78105e8f-NettyServerStreamRpc-bossGroup--thread1] INFO  logging.LoggingHandler (AbstractInternalLogger.java:log(148)) - [id: 0xfbd37cc1] REGISTERED
2025-07-02 18:45:18,527 [71a26ef2-e834-411c-97c5-a30c78105e8f-NettyServerStreamRpc-bossGroup--thread1] INFO  logging.LoggingHandler (AbstractInternalLogger.java:log(148)) - [id: 0xfbd37cc1] BIND: 0.0.0.0/0.0.0.0:15072
2025-07-02 18:45:18,527 [71a26ef2-e834-411c-97c5-a30c78105e8f-NettyServerStreamRpc-bossGroup--thread1] INFO  logging.LoggingHandler (AbstractInternalLogger.java:log(148)) - [id: 0xfbd37cc1, L:/0.0.0.0:15072] ACTIVE
2025-07-02 18:45:18,530 [71a26ef2-e834-411c-97c5-a30c78105e8f-impl-thread1] INFO  server.RaftServer (RaftServerProxy.java:initGroupDir(270)) - 71a26ef2-e834-411c-97c5-a30c78105e8f: found a subdirectory /home/runner/work/ozone/ozone/hadoop-ozone/integration-test/target/test-dir/MiniOzoneClusterImpl-b7e00dfa-d3b8-45cf-9d3a-2bd5fdfebf54/ozone-meta/datanode-8/ratis/tmp
2025-07-02 18:45:18,530 [71a26ef2-e834-411c-97c5-a30c78105e8f-impl-thread1] INFO  server.RaftServer (RaftServerProxy.java:initGroupDir(275)) - 71a26ef2-e834-411c-97c5-a30c78105e8f: The directory /home/runner/work/ozone/ozone/hadoop-ozone/integration-test/target/test-dir/MiniOzoneClusterImpl-b7e00dfa-d3b8-45cf-9d3a-2bd5fdfebf54/ozone-meta/datanode-8/ratis/tmp is not a group directory; ignoring it. 
2025-07-02 18:45:18,530 [main] INFO  replication.ReplicationServer (ReplicationServer.java:<init>(84)) - Initializing replication server with thread count = 10 queue length = 4096
2025-07-02 18:45:18,532 [c6c1c004-cb80-4a23-8b53-68ef0e0db17b-EndpointStateMachineTaskThread-/0.0.0.0:15002-0 ] INFO  utils.DatanodeStoreCache (DatanodeStoreCache.java:addDB(70)) - Added db /home/runner/work/ozone/ozone/hadoop-ozone/integration-test/target/test-dir/MiniOzoneClusterImpl-b7e00dfa-d3b8-45cf-9d3a-2bd5fdfebf54/ozone-meta/datanode-5/data-0/hdds/b7e00dfa-d3b8-45cf-9d3a-2bd5fdfebf54/DS-eac1b723-94d4-444b-b7ac-e4cbc3e30135/container.db to cache
2025-07-02 18:45:18,532 [c6c1c004-cb80-4a23-8b53-68ef0e0db17b-EndpointStateMachineTaskThread-/0.0.0.0:15002-0 ] INFO  volume.HddsVolume (HddsVolume.java:createDbStore(575)) - SchemaV3 db is created and loaded at /home/runner/work/ozone/ozone/hadoop-ozone/integration-test/target/test-dir/MiniOzoneClusterImpl-b7e00dfa-d3b8-45cf-9d3a-2bd5fdfebf54/ozone-meta/datanode-5/data-0/hdds/b7e00dfa-d3b8-45cf-9d3a-2bd5fdfebf54/DS-eac1b723-94d4-444b-b7ac-e4cbc3e30135/container.db for volume DS-eac1b723-94d4-444b-b7ac-e4cbc3e30135
2025-07-02 18:45:18,533 [main] WARN  statemachine.DatanodeConfiguration (DatanodeConfiguration.java:validateMinFreeSpace(751)) - hdds.datanode.volume.min.free.space.percent = -1.0 is invalid, should be between 0 and 1
2025-07-02 18:45:18,533 [main] INFO  server.XceiverServerGrpc (XceiverServerGrpc.java:<init>(130)) - GrpcServer channel type EpollServerSocketChannel
2025-07-02 18:45:18,533 [c6c1c004-cb80-4a23-8b53-68ef0e0db17b-EndpointStateMachineTaskThread-/0.0.0.0:15002-0 ] WARN  statemachine.DatanodeConfiguration (DatanodeConfiguration.java:validateMinFreeSpace(751)) - hdds.datanode.volume.min.free.space.percent = -1.0 is invalid, should be between 0 and 1
2025-07-02 18:45:18,534 [main] WARN  statemachine.DatanodeConfiguration (DatanodeConfiguration.java:validateMinFreeSpace(751)) - hdds.datanode.volume.min.free.space.percent = -1.0 is invalid, should be between 0 and 1
2025-07-02 18:45:18,535 [main] INFO  replication.ReplicationSupervisor (ReplicationSupervisor.java:build(169)) - Initializing replication supervisor with thread count = 10
2025-07-02 18:45:18,535 [main] INFO  replication.ReplicationSupervisor (ReplicationSupervisor.java:nodeStateUpdated(358)) - Node state updated to IN_SERVICE, scaling executor pool size to 10
2025-07-02 18:45:18,536 [c6c1c004-cb80-4a23-8b53-68ef0e0db17b-ContainerReader-0] INFO  ozoneimpl.ContainerReader (ContainerReader.java:readVolume(144)) - Start to verify containers on volume /home/runner/work/ozone/ozone/hadoop-ozone/integration-test/target/test-dir/MiniOzoneClusterImpl-b7e00dfa-d3b8-45cf-9d3a-2bd5fdfebf54/ozone-meta/datanode-5/data-0/hdds
2025-07-02 18:45:18,536 [c6c1c004-cb80-4a23-8b53-68ef0e0db17b-ContainerReader-0] INFO  ozoneimpl.ContainerReader (ContainerReader.java:readVolume(174)) - Finish verifying containers on volume /home/runner/work/ozone/ozone/hadoop-ozone/integration-test/target/test-dir/MiniOzoneClusterImpl-b7e00dfa-d3b8-45cf-9d3a-2bd5fdfebf54/ozone-meta/datanode-5/data-0/hdds
2025-07-02 18:45:18,536 [c6c1c004-cb80-4a23-8b53-68ef0e0db17b-EndpointStateMachineTaskThread-/0.0.0.0:15002-0 ] INFO  ozoneimpl.OzoneContainer (OzoneContainer.java:buildContainerSet(370)) - Build ContainerSet costs 0s
2025-07-02 18:45:18,537 [main] WARN  statemachine.DatanodeConfiguration (DatanodeConfiguration.java:validateMinFreeSpace(751)) - hdds.datanode.volume.min.free.space.percent = -1.0 is invalid, should be between 0 and 1
2025-07-02 18:45:18,537 [c6c1c004-cb80-4a23-8b53-68ef0e0db17b-EndpointStateMachineTaskThread-/0.0.0.0:15002-0 ] INFO  volume.ThrottledAsyncChecker (ThrottledAsyncChecker.java:schedule(138)) - Scheduling a check for /home/runner/work/ozone/ozone/hadoop-ozone/integration-test/target/test-dir/MiniOzoneClusterImpl-b7e00dfa-d3b8-45cf-9d3a-2bd5fdfebf54/ozone-meta/datanode-5/data-0/hdds
2025-07-02 18:45:18,539 [c6c1c004-cb80-4a23-8b53-68ef0e0db17b-EndpointStateMachineTaskThread-/0.0.0.0:15002-0 ] INFO  volume.StorageVolumeChecker (StorageVolumeChecker.java:checkAllVolumes(215)) - Scheduled health check for volume /home/runner/work/ozone/ozone/hadoop-ozone/integration-test/target/test-dir/MiniOzoneClusterImpl-b7e00dfa-d3b8-45cf-9d3a-2bd5fdfebf54/ozone-meta/datanode-5/data-0/hdds
2025-07-02 18:45:18,539 [main] INFO  http.BaseHttpServer (BaseHttpServer.java:newHttpServer2BuilderForOzone(229)) - Starting Web-server for hddsDatanode at: http://0.0.0.0:15066
2025-07-02 18:45:18,539 [main] INFO  http.BaseHttpServer (BaseHttpServer.java:<init>(107)) - Hadoop Security Enabled: false Ozone Security Enabled: false Ozone HTTP Security Enabled: false 
2025-07-02 18:45:18,541 [main] WARN  server.AuthenticationFilter (AuthenticationFilter.java:constructSecretProvider(240)) - Unable to initialize FileSignerSecretProvider, falling back to use random secrets. Reason: Could not read signature secret file: /home/runner/hadoop-http-auth-signature-secret
2025-07-02 18:45:18,544 [c6c1c004-cb80-4a23-8b53-68ef0e0db17b-EndpointStateMachineTaskThread-/0.0.0.0:15002-0 ] INFO  volume.ThrottledAsyncChecker (ThrottledAsyncChecker.java:schedule(138)) - Scheduling a check for /home/runner/work/ozone/ozone/hadoop-ozone/integration-test/target/test-dir/MiniOzoneClusterImpl-b7e00dfa-d3b8-45cf-9d3a-2bd5fdfebf54/ozone-meta/datanode-5/ratis
2025-07-02 18:45:18,545 [c6c1c004-cb80-4a23-8b53-68ef0e0db17b-EndpointStateMachineTaskThread-/0.0.0.0:15002-0 ] INFO  volume.StorageVolumeChecker (StorageVolumeChecker.java:checkAllVolumes(215)) - Scheduled health check for volume /home/runner/work/ozone/ozone/hadoop-ozone/integration-test/target/test-dir/MiniOzoneClusterImpl-b7e00dfa-d3b8-45cf-9d3a-2bd5fdfebf54/ozone-meta/datanode-5/ratis
2025-07-02 18:45:18,546 [main] INFO  http.HttpServer2 (HttpServer2.java:addGlobalFilter(1042)) - Added global filter 'safety' (class=org.apache.hadoop.hdds.server.http.HttpServer2$QuotingInputFilter)
2025-07-02 18:45:18,547 [main] INFO  http.HttpServer2 (HttpServer2.java:addFilter(1018)) - Added filter static_user_filter (class=org.apache.hadoop.http.lib.StaticUserWebFilter$StaticUserFilter) to context hddsDatanode
2025-07-02 18:45:18,547 [c6c1c004-cb80-4a23-8b53-68ef0e0db17b-EndpointStateMachineTaskThread-/0.0.0.0:15002-0 ] INFO  ozoneimpl.OzoneContainer (OzoneContainer.java:start(520)) - Attempting to start container services.
2025-07-02 18:45:18,547 [main] INFO  http.HttpServer2 (HttpServer2.java:addFilter(1026)) - Added filter static_user_filter (class=org.apache.hadoop.http.lib.StaticUserWebFilter$StaticUserFilter) to context static
2025-07-02 18:45:18,547 [main] INFO  http.HttpServer2 (HttpServer2.java:addFilter(1026)) - Added filter static_user_filter (class=org.apache.hadoop.http.lib.StaticUserWebFilter$StaticUserFilter) to context logs
2025-07-02 18:45:18,549 [main] INFO  http.BaseHttpServer (BaseHttpServer.java:<init>(195)) - HTTP server of hddsDatanode uses base directory /home/runner/work/ozone/ozone/hadoop-ozone/integration-test/target/test-dir/MiniOzoneClusterImpl-b7e00dfa-d3b8-45cf-9d3a-2bd5fdfebf54/ozone-meta/datanode-8/meta/webserver
2025-07-02 18:45:18,549 [main] INFO  http.HttpServer2 (HttpServer2.java:bindListener(1242)) - Jetty bound to port 15066
2025-07-02 18:45:18,549 [main] INFO  server.Server (Server.java:doStart(375)) - jetty-9.4.57.v20241219; built: 2025-01-08T21:24:30.412Z; git: df524e6b29271c2e09ba9aea83c18dc9db464a31; jvm 21.0.7+6-LTS
2025-07-02 18:45:18,549 [ContainerMetadataScanner] INFO  ozoneimpl.AbstractBackgroundContainerScanner (AbstractBackgroundContainerScanner.java:runIteration(89)) - Completed an iteration in 0 minutes. Number of iterations (since the data-node restart) : 1, Number of containers scanned in this iteration : 0, Number of unhealthy containers found in this iteration : 0
2025-07-02 18:45:18,550 [ContainerDataScanner(/home/runner/work/ozone/ozone/hadoop-ozone/integration-test/target/test-dir/MiniOzoneClusterImpl-b7e00dfa-d3b8-45cf-9d3a-2bd5fdfebf54/ozone-meta/datanode-5/data-0/hdds)] INFO  ozoneimpl.AbstractBackgroundContainerScanner (AbstractBackgroundContainerScanner.java:runIteration(89)) - Completed an iteration in 0 minutes. Number of iterations (since the data-node restart) : 1, Number of containers scanned in this iteration : 0, Number of unhealthy containers found in this iteration : 0
2025-07-02 18:45:18,551 [c6c1c004-cb80-4a23-8b53-68ef0e0db17b-EndpointStateMachineTaskThread-/0.0.0.0:15002-0 ] INFO  replication.ReplicationServer (ReplicationServer.java:start(137)) - ReplicationServer is started using port 15049
2025-07-02 18:45:18,552 [c6c1c004-cb80-4a23-8b53-68ef0e0db17b-EndpointStateMachineTaskThread-/0.0.0.0:15002-0 ] INFO  ratis.XceiverServerRatis (XceiverServerRatis.java:start(559)) - Starting XceiverServerRatis(c6c1c004-cb80-4a23-8b53-68ef0e0db17b)
2025-07-02 18:45:18,553 [main] INFO  server.session (DefaultSessionIdManager.java:doStart(334)) - DefaultSessionIdManager workerName=node0
2025-07-02 18:45:18,553 [main] INFO  server.session (DefaultSessionIdManager.java:doStart(339)) - No SessionScavenger set, using defaults
2025-07-02 18:45:18,553 [main] INFO  server.session (HouseKeeper.java:startScavenging(132)) - node0 Scavenging every 600000ms
2025-07-02 18:45:18,554 [c6c1c004-cb80-4a23-8b53-68ef0e0db17b-EndpointStateMachineTaskThread-/0.0.0.0:15002-0 ] INFO  server.RaftServer (RaftServerProxy.java:startImpl(412)) - c6c1c004-cb80-4a23-8b53-68ef0e0db17b: start RPC server
2025-07-02 18:45:18,555 [c6c1c004-cb80-4a23-8b53-68ef0e0db17b-EndpointStateMachineTaskThread-/0.0.0.0:15002-0 ] INFO  server.GrpcServicesImpl (GrpcServicesImpl.java:startImpl(346)) - c6c1c004-cb80-4a23-8b53-68ef0e0db17b: GrpcServicesImpl started, listening on 15045
2025-07-02 18:45:18,555 [main] INFO  handler.ContextHandler (ContextHandler.java:doStart(921)) - Started o.e.j.s.ServletContextHandler@232fa950{logs,/logs,file:///home/runner/work/ozone/ozone/hadoop-ozone/integration-test/target/log,AVAILABLE}
2025-07-02 18:45:18,555 [c6c1c004-cb80-4a23-8b53-68ef0e0db17b-EndpointStateMachineTaskThread-/0.0.0.0:15002-0 ] INFO  server.GrpcServicesImpl (GrpcServicesImpl.java:startImpl(346)) - c6c1c004-cb80-4a23-8b53-68ef0e0db17b: GrpcServicesImpl started, listening on 15047
2025-07-02 18:45:18,556 [main] INFO  handler.ContextHandler (ContextHandler.java:doStart(921)) - Started o.e.j.s.ServletContextHandler@117aa4ba{static,/static,jar:file:/home/runner/work/ozone/ozone/hadoop-hdds/container-service/target/hdds-container-service-2.1.0-SNAPSHOT.jar!/webapps/static,AVAILABLE}
2025-07-02 18:45:18,556 [c6c1c004-cb80-4a23-8b53-68ef0e0db17b-EndpointStateMachineTaskThread-/0.0.0.0:15002-0 ] INFO  server.GrpcServicesImpl (GrpcServicesImpl.java:startImpl(346)) - c6c1c004-cb80-4a23-8b53-68ef0e0db17b: GrpcServicesImpl started, listening on 15046
2025-07-02 18:45:18,557 [c6c1c004-cb80-4a23-8b53-68ef0e0db17b-EndpointStateMachineTaskThread-/0.0.0.0:15002-0 ] INFO  ratis.XceiverServerRatis (XceiverServerRatis.java:getRealPort(586)) - XceiverServerRatis(c6c1c004-cb80-4a23-8b53-68ef0e0db17b) is started using port RATIS=15045
2025-07-02 18:45:18,557 [c6c1c004-cb80-4a23-8b53-68ef0e0db17b-EndpointStateMachineTaskThread-/0.0.0.0:15002-0 ] INFO  ratis.XceiverServerRatis (XceiverServerRatis.java:getRealPort(586)) - XceiverServerRatis(c6c1c004-cb80-4a23-8b53-68ef0e0db17b) is started using port RATIS_ADMIN=15046
2025-07-02 18:45:18,557 [c6c1c004-cb80-4a23-8b53-68ef0e0db17b-EndpointStateMachineTaskThread-/0.0.0.0:15002-0 ] INFO  ratis.XceiverServerRatis (XceiverServerRatis.java:getRealPort(586)) - XceiverServerRatis(c6c1c004-cb80-4a23-8b53-68ef0e0db17b) is started using port RATIS_SERVER=15047
2025-07-02 18:45:18,557 [c6c1c004-cb80-4a23-8b53-68ef0e0db17b-EndpointStateMachineTaskThread-/0.0.0.0:15002-0 ] INFO  ratis.XceiverServerRatis (XceiverServerRatis.java:getRealPort(586)) - XceiverServerRatis(c6c1c004-cb80-4a23-8b53-68ef0e0db17b) is started using port RATIS_DATASTREAM=15048
2025-07-02 18:45:18,557 [JvmPauseMonitor7] INFO  util.JvmPauseMonitor (JvmPauseMonitor.java:run(146)) - JvmPauseMonitor-c6c1c004-cb80-4a23-8b53-68ef0e0db17b: Started
2025-07-02 18:45:18,558 [c6c1c004-cb80-4a23-8b53-68ef0e0db17b-EndpointStateMachineTaskThread-/0.0.0.0:15002-0 ] INFO  utils.BackgroundService (BackgroundService.java:start(118)) - Starting service BlockDeletingService with interval 60000 milliseconds
2025-07-02 18:45:18,559 [c6c1c004-cb80-4a23-8b53-68ef0e0db17b-EndpointStateMachineTaskThread-/0.0.0.0:15002-0 ] INFO  utils.BackgroundService (BackgroundService.java:start(118)) - Starting service StaleRecoveringContainerScrubbingService with interval 60000 milliseconds
2025-07-02 18:45:18,579 [EventQueue-PipelineReportForOneReplicaPipelineSafeModeRule] INFO  safemode.SCMSafeModeManager (SCMSafeModeManager.java:validateSafeModeExitRules(139)) - AtleastOneDatanodeReportedRule rule is successfully validated
2025-07-02 18:45:18,639 [EventQueue-PipelineReportForOneReplicaPipelineSafeModeRule] INFO  safemode.SCMSafeModeManager (SCMSafeModeManager.java:validateSafeModeExitRules(139)) - AtleastOneDatanodeReportedRule rule is successfully validated
2025-07-02 18:45:18,709 [IPC Server handler 10 on default port 15002] INFO  net.NetworkTopologyImpl (NetworkTopologyImpl.java:add(133)) - Added a new node: /default-rack/95ee4113-9599-4433-8033-e07ec30d3bee
2025-07-02 18:45:18,710 [IPC Server handler 10 on default port 15002] INFO  node.SCMNodeManager (SCMNodeManager.java:register(423)) - Registered datanode: 95ee4113-9599-4433-8033-e07ec30d3bee{ip: 127.0.0.1, host: localhost, ports: [HTTP=15034, CLIENT_RPC=15035, REPLICATION=15041, RATIS=15037, RATIS_ADMIN=15038, RATIS_SERVER=15039, RATIS_DATASTREAM=15040, STANDALONE=15036], networkLocation: /default-rack, certSerialId: null, persistedOpState: null, persistedOpStateExpiryEpochSec: 0}
2025-07-02 18:45:18,711 [4114dace-2331-46e8-9bd0-01e36750a673-EndpointStateMachineTaskThread-/0.0.0.0:15002-0 ] WARN  statemachine.DatanodeConfiguration (DatanodeConfiguration.java:validateMinFreeSpace(751)) - hdds.datanode.volume.min.free.space.percent = -1.0 is invalid, should be between 0 and 1
2025-07-02 18:45:18,711 [EventQueue-ContainerRegistrationReportForECContainerSafeModeRule] INFO  safemode.SCMSafeModeManager (SCMSafeModeManager.java:validateSafeModeExitRules(139)) - ECContainerSafeModeRule rule is successfully validated
2025-07-02 18:45:18,712 [EventQueue-ContainerRegistrationReportForRatisContainerSafeModeRule] INFO  safemode.SCMSafeModeManager (SCMSafeModeManager.java:validateSafeModeExitRules(139)) - RatisContainerSafeModeRule rule is successfully validated
2025-07-02 18:45:18,712 [EventQueue-PipelineReportForOneReplicaPipelineSafeModeRule] INFO  safemode.SCMSafeModeManager (SCMSafeModeManager.java:validateSafeModeExitRules(139)) - AtleastOneDatanodeReportedRule rule is successfully validated
2025-07-02 18:45:18,714 [EventQueue-NewNodeForNewNodeHandler] INFO  pipeline.BackgroundPipelineCreator (BackgroundPipelineCreator.java:notifyEventTriggered(290)) - trigger a one-shot run on RatisPipelineUtilsThread.
2025-07-02 18:45:18,714 [EventQueue-NodeRegistrationContainerReportForDataNodeSafeModeRule] INFO  safemode.SCMSafeModeManager (SCMSafeModeManager.java:validateSafeModeExitRules(139)) - DataNodeSafeModeRule rule is successfully validated
2025-07-02 18:45:18,716 [4114dace-2331-46e8-9bd0-01e36750a673-EndpointStateMachineTaskThread-/0.0.0.0:15002-0 ] WARN  statemachine.DatanodeConfiguration (DatanodeConfiguration.java:validateMinFreeSpace(751)) - hdds.datanode.volume.min.free.space.percent = -1.0 is invalid, should be between 0 and 1
2025-07-02 18:45:18,716 [RatisPipelineUtilsThread-0] INFO  pipeline.RatisPipelineProvider (RatisPipelineProvider.java:lambda$create$0(208)) - Sending CreatePipelineCommand for pipeline:Pipeline-0906f09b-8f04-4eff-ad8f-5dc5f624f8eb to datanode:95ee4113-9599-4433-8033-e07ec30d3bee(localhost/127.0.0.1)
2025-07-02 18:45:18,716 [4114dace-2331-46e8-9bd0-01e36750a673-EndpointStateMachineTaskThread-/0.0.0.0:15002-0 ] WARN  statemachine.DatanodeConfiguration (DatanodeConfiguration.java:validateMinFreeSpace(751)) - hdds.datanode.volume.min.free.space.percent = -1.0 is invalid, should be between 0 and 1
2025-07-02 18:45:18,718 [main] INFO  handler.ContextHandler (ContextHandler.java:doStart(921)) - Started o.e.j.w.WebAppContext@67b3cd01{hddsDatanode,/,file:///home/runner/work/ozone/ozone/hadoop-ozone/integration-test/target/test-dir/MiniOzoneClusterImpl-b7e00dfa-d3b8-45cf-9d3a-2bd5fdfebf54/ozone-meta/datanode-8/meta/webserver/jetty-0_0_0_0-15066-hdds-container-service-2_1_0-SNAPSHOT_jar-_-any-8814285336063628233/webapp/,AVAILABLE}{jar:file:/home/runner/work/ozone/ozone/hadoop-hdds/container-service/target/hdds-container-service-2.1.0-SNAPSHOT.jar!/webapps/hddsDatanode}
2025-07-02 18:45:18,719 [main] INFO  server.AbstractConnector (AbstractConnector.java:doStart(333)) - Started ServerConnector@4f1a963b{HTTP/1.1, (http/1.1)}{0.0.0.0:15066}
2025-07-02 18:45:18,719 [main] INFO  server.Server (Server.java:doStart(415)) - Started @13661ms
2025-07-02 18:45:18,719 [main] WARN  impl.MetricsSystemImpl (MetricsSystemImpl.java:register(279)) - Sink prometheus already exists!
2025-07-02 18:45:18,720 [main] INFO  http.BaseHttpServer (BaseHttpServer.java:updateConnectorAddress(359)) - HTTP server of hddsDatanode listening at http://localhost:15066
2025-07-02 18:45:18,721 [0fee975d-e734-400e-bdb4-ee8e3ebebca6@group-2BD5FDFEBF54-StateMachineUpdater] INFO  safemode.SCMSafeModeManager (SCMSafeModeManager.java:validateSafeModeExitRules(139)) - DataNodeSafeModeRule rule is successfully validated
2025-07-02 18:45:18,721 [0fee975d-e734-400e-bdb4-ee8e3ebebca6@group-2BD5FDFEBF54-StateMachineUpdater] INFO  safemode.SCMSafeModeManager (SCMSafeModeManager.java:validateSafeModeExitRules(139)) - RatisContainerSafeModeRule rule is successfully validated
2025-07-02 18:45:18,721 [0fee975d-e734-400e-bdb4-ee8e3ebebca6@group-2BD5FDFEBF54-StateMachineUpdater] INFO  safemode.HealthyPipelineSafeModeRule (HealthyPipelineSafeModeRule.java:initializeRule(228)) - Refreshed total pipeline count is 0, healthy pipeline threshold count is 1
2025-07-02 18:45:18,721 [0fee975d-e734-400e-bdb4-ee8e3ebebca6@group-2BD5FDFEBF54-StateMachineUpdater] INFO  safemode.SCMSafeModeManager (SCMSafeModeManager.java:validateSafeModeExitRules(139)) - ECContainerSafeModeRule rule is successfully validated
2025-07-02 18:45:18,721 [0fee975d-e734-400e-bdb4-ee8e3ebebca6@group-2BD5FDFEBF54-StateMachineUpdater] INFO  safemode.SCMSafeModeManager (SCMSafeModeManager.java:validateSafeModeExitRules(139)) - AtleastOneDatanodeReportedRule rule is successfully validated
2025-07-02 18:45:18,722 [RatisPipelineUtilsThread-0] INFO  pipeline.BackgroundPipelineCreator (BackgroundPipelineCreator.java:createPipelines(246)) - Created new pipeline Pipeline{ Id: 0906f09b-8f04-4eff-ad8f-5dc5f624f8eb, Nodes: [ {95ee4113-9599-4433-8033-e07ec30d3bee(localhost/127.0.0.1), ReplicaIndex: 0},], ReplicationConfig: RATIS/ONE, State:ALLOCATED, leaderId:, CreationTimestamp2025-07-02T18:45:18.716483684Z[Etc/UTC]}
2025-07-02 18:45:18,723 [main] INFO  ipc.CallQueueManager (CallQueueManager.java:<init>(93)) - Using callQueue: class java.util.concurrent.LinkedBlockingQueue, queueCapacity: 1000, scheduler: class org.apache.hadoop.ipc.DefaultRpcScheduler, ipcBackoff: false, ipcFailOver: false.
2025-07-02 18:45:18,723 [main] INFO  ipc.Server (Server.java:<init>(1438)) - Listener at 0.0.0.0:15067
2025-07-02 18:45:18,725 [Socket Reader #1 for port 15067] INFO  ipc.Server (Server.java:run(1474)) - Starting Socket Reader #1 for port 15067
2025-07-02 18:45:18,726 [Socket Reader #2 for port 15067] INFO  ipc.Server (Server.java:run(1474)) - Starting Socket Reader #2 for port 15067
2025-07-02 18:45:18,726 [Socket Reader #3 for port 15067] INFO  ipc.Server (Server.java:run(1474)) - Starting Socket Reader #3 for port 15067
2025-07-02 18:45:18,727 [Socket Reader #4 for port 15067] INFO  ipc.Server (Server.java:run(1474)) - Starting Socket Reader #4 for port 15067
2025-07-02 18:45:18,727 [Socket Reader #5 for port 15067] INFO  ipc.Server (Server.java:run(1474)) - Starting Socket Reader #5 for port 15067
2025-07-02 18:45:18,728 [Socket Reader #6 for port 15067] INFO  ipc.Server (Server.java:run(1474)) - Starting Socket Reader #6 for port 15067
2025-07-02 18:45:18,729 [Socket Reader #7 for port 15067] INFO  ipc.Server (Server.java:run(1474)) - Starting Socket Reader #7 for port 15067
2025-07-02 18:45:18,729 [Socket Reader #8 for port 15067] INFO  ipc.Server (Server.java:run(1474)) - Starting Socket Reader #8 for port 15067
2025-07-02 18:45:18,730 [Socket Reader #9 for port 15067] INFO  ipc.Server (Server.java:run(1474)) - Starting Socket Reader #9 for port 15067
2025-07-02 18:45:18,731 [Socket Reader #10 for port 15067] INFO  ipc.Server (Server.java:run(1474)) - Starting Socket Reader #10 for port 15067
2025-07-02 18:45:18,735 [main] INFO  ozone.HddsDatanodeService (HddsDatanodeService.java:start(333)) - Datanode start with admins: [admin, runner]
2025-07-02 18:45:18,736 [main] INFO  ozone.HddsDatanodeClientProtocolServer (HddsDatanodeClientProtocolServer.java:start(76)) - RPC server for Client /0.0.0.0:15067
2025-07-02 18:45:18,736 [IPC Server Responder] INFO  ipc.Server (Server.java:run(1713)) - IPC Server Responder: starting
2025-07-02 18:45:18,737 [IPC Server listener on 15067] INFO  ipc.Server (Server.java:run(1553)) - IPC Server listener on 15067: starting
2025-07-02 18:45:18,740 [main] WARN  dropwizard3.Dm3MetricRegistriesImpl (Dm3MetricRegistriesImpl.java:addReporterRegistration(114)) - New reporters are added after registries were created. Some metrics will be missing from the reporter. Please add reporter before adding any new registry.
2025-07-02 18:45:18,740 [main] WARN  dropwizard3.Dm3MetricRegistriesImpl (Dm3MetricRegistriesImpl.java:addReporterRegistration(114)) - New reporters are added after registries were created. Some metrics will be missing from the reporter. Please add reporter before adding any new registry.
2025-07-02 18:45:18,740 [main] INFO  impl.MetricsSystemImpl (MetricsSystemImpl.java:init(158)) - HddsDatanode metrics system started (again)
2025-07-02 18:45:18,744 [71a26ef2-e834-411c-97c5-a30c78105e8f-DatanodeStateMachineDaemonThread] INFO  statemachine.DatanodeStateMachine (DatanodeStateMachine.java:startStateMachineThread(347)) - Ozone container server started.
2025-07-02 18:45:18,758 [71a26ef2-e834-411c-97c5-a30c78105e8f-DatanodeStateMachineTaskThread-0] INFO  datanode.InitDatanodeState (InitDatanodeState.java:persistContainerDatanodeDetails(139)) - DatanodeDetails is persisted to /home/runner/work/ozone/ozone/hadoop-ozone/integration-test/target/test-dir/MiniOzoneClusterImpl-b7e00dfa-d3b8-45cf-9d3a-2bd5fdfebf54/ozone-meta/datanode-8/meta/datanode.id
2025-07-02 18:45:18,771 [4114dace-2331-46e8-9bd0-01e36750a673-EndpointStateMachineTaskThread-/0.0.0.0:15002-0 ] INFO  utils.DatanodeStoreCache (DatanodeStoreCache.java:addDB(70)) - Added db /home/runner/work/ozone/ozone/hadoop-ozone/integration-test/target/test-dir/MiniOzoneClusterImpl-b7e00dfa-d3b8-45cf-9d3a-2bd5fdfebf54/ozone-meta/datanode-6/data-0/hdds/b7e00dfa-d3b8-45cf-9d3a-2bd5fdfebf54/DS-11db315b-0c05-4db1-8ada-2681f618c029/container.db to cache
2025-07-02 18:45:18,771 [4114dace-2331-46e8-9bd0-01e36750a673-EndpointStateMachineTaskThread-/0.0.0.0:15002-0 ] INFO  volume.HddsVolume (HddsVolume.java:createDbStore(575)) - SchemaV3 db is created and loaded at /home/runner/work/ozone/ozone/hadoop-ozone/integration-test/target/test-dir/MiniOzoneClusterImpl-b7e00dfa-d3b8-45cf-9d3a-2bd5fdfebf54/ozone-meta/datanode-6/data-0/hdds/b7e00dfa-d3b8-45cf-9d3a-2bd5fdfebf54/DS-11db315b-0c05-4db1-8ada-2681f618c029/container.db for volume DS-11db315b-0c05-4db1-8ada-2681f618c029
2025-07-02 18:45:18,772 [4114dace-2331-46e8-9bd0-01e36750a673-EndpointStateMachineTaskThread-/0.0.0.0:15002-0 ] WARN  statemachine.DatanodeConfiguration (DatanodeConfiguration.java:validateMinFreeSpace(751)) - hdds.datanode.volume.min.free.space.percent = -1.0 is invalid, should be between 0 and 1
2025-07-02 18:45:18,776 [main] INFO  protocol.DatanodeDetails (DatanodeDetails.java:validateDatanodeIpAddress(199)) - Updating IP address of datanode 9eb5a351-9325-4150-9d0a-de2b7d27d48d(localhost/null) to 127.0.0.1
2025-07-02 18:45:18,777 [main] INFO  ozone.HddsDatanodeService (HddsDatanodeService.java:start(236)) - HddsDatanodeService 9eb5a351-9325-4150-9d0a-de2b7d27d48d(localhost/127.0.0.1)
2025-07-02 18:45:18,777 [4114dace-2331-46e8-9bd0-01e36750a673-ContainerReader-0] INFO  ozoneimpl.ContainerReader (ContainerReader.java:readVolume(144)) - Start to verify containers on volume /home/runner/work/ozone/ozone/hadoop-ozone/integration-test/target/test-dir/MiniOzoneClusterImpl-b7e00dfa-d3b8-45cf-9d3a-2bd5fdfebf54/ozone-meta/datanode-6/data-0/hdds
2025-07-02 18:45:18,778 [4114dace-2331-46e8-9bd0-01e36750a673-ContainerReader-0] INFO  ozoneimpl.ContainerReader (ContainerReader.java:readVolume(174)) - Finish verifying containers on volume /home/runner/work/ozone/ozone/hadoop-ozone/integration-test/target/test-dir/MiniOzoneClusterImpl-b7e00dfa-d3b8-45cf-9d3a-2bd5fdfebf54/ozone-meta/datanode-6/data-0/hdds
2025-07-02 18:45:18,779 [4114dace-2331-46e8-9bd0-01e36750a673-EndpointStateMachineTaskThread-/0.0.0.0:15002-0 ] INFO  ozoneimpl.OzoneContainer (OzoneContainer.java:buildContainerSet(370)) - Build ContainerSet costs 0s
2025-07-02 18:45:18,779 [EventQueue-PipelineReportForOneReplicaPipelineSafeModeRule] INFO  safemode.SCMSafeModeManager (SCMSafeModeManager.java:validateSafeModeExitRules(139)) - AtleastOneDatanodeReportedRule rule is successfully validated
2025-07-02 18:45:18,780 [main] WARN  statemachine.DatanodeConfiguration (DatanodeConfiguration.java:validateMinFreeSpace(751)) - hdds.datanode.volume.min.free.space.percent = -1.0 is invalid, should be between 0 and 1
2025-07-02 18:45:18,781 [4114dace-2331-46e8-9bd0-01e36750a673-EndpointStateMachineTaskThread-/0.0.0.0:15002-0 ] INFO  volume.ThrottledAsyncChecker (ThrottledAsyncChecker.java:schedule(138)) - Scheduling a check for /home/runner/work/ozone/ozone/hadoop-ozone/integration-test/target/test-dir/MiniOzoneClusterImpl-b7e00dfa-d3b8-45cf-9d3a-2bd5fdfebf54/ozone-meta/datanode-6/data-0/hdds
2025-07-02 18:45:18,782 [main] INFO  upgrade.AbstractLayoutVersionManager (AbstractLayoutVersionManager.java:init(80)) - Initializing Layout version manager with metadata layout = HBASE_SUPPORT (version = 8), software layout = HBASE_SUPPORT (version = 8)
2025-07-02 18:45:18,782 [main] INFO  statemachine.DatanodeStateMachine (DatanodeStateMachine.java:getEndPointTaskThreadPoolSize(305)) - Datanode State Machine Task Thread Pool size 2
2025-07-02 18:45:18,784 [main] WARN  statemachine.DatanodeConfiguration (DatanodeConfiguration.java:validateMinFreeSpace(751)) - hdds.datanode.volume.min.free.space.percent = -1.0 is invalid, should be between 0 and 1
2025-07-02 18:45:18,784 [4114dace-2331-46e8-9bd0-01e36750a673-EndpointStateMachineTaskThread-/0.0.0.0:15002-0 ] INFO  volume.StorageVolumeChecker (StorageVolumeChecker.java:checkAllVolumes(215)) - Scheduled health check for volume /home/runner/work/ozone/ozone/hadoop-ozone/integration-test/target/test-dir/MiniOzoneClusterImpl-b7e00dfa-d3b8-45cf-9d3a-2bd5fdfebf54/ozone-meta/datanode-6/data-0/hdds
2025-07-02 18:45:18,784 [main] WARN  statemachine.DatanodeConfiguration (DatanodeConfiguration.java:validateMinFreeSpace(751)) - hdds.datanode.volume.min.free.space.percent = -1.0 is invalid, should be between 0 and 1
2025-07-02 18:45:18,785 [main] WARN  statemachine.DatanodeConfiguration (DatanodeConfiguration.java:validateMinFreeSpace(751)) - hdds.datanode.volume.min.free.space.percent = -1.0 is invalid, should be between 0 and 1
2025-07-02 18:45:18,786 [main] WARN  statemachine.DatanodeConfiguration (DatanodeConfiguration.java:validateMinFreeSpace(751)) - hdds.datanode.volume.min.free.space.percent = -1.0 is invalid, should be between 0 and 1
2025-07-02 18:45:18,787 [main] INFO  volume.HddsVolume (HddsVolume.java:<init>(162)) - HddsVolume: { id=DS-3127816c-12c0-4e92-a55e-60f90c9d4c27 dir=/home/runner/work/ozone/ozone/hadoop-ozone/integration-test/target/test-dir/MiniOzoneClusterImpl-b7e00dfa-d3b8-45cf-9d3a-2bd5fdfebf54/ozone-meta/datanode-9/data-0/hdds type=DISK capacity=9222449699674390527 used=0 available=9222449699674390527 minFree=9222450130714624 committed=0 }
2025-07-02 18:45:18,787 [main] INFO  volume.MutableVolumeSet (MutableVolumeSet.java:initializeVolumeSet(167)) - Added Volume : /home/runner/work/ozone/ozone/hadoop-ozone/integration-test/target/test-dir/MiniOzoneClusterImpl-b7e00dfa-d3b8-45cf-9d3a-2bd5fdfebf54/ozone-meta/datanode-9/data-0/hdds to VolumeSet
2025-07-02 18:45:18,788 [main] WARN  statemachine.DatanodeConfiguration (DatanodeConfiguration.java:validateMinFreeSpace(751)) - hdds.datanode.volume.min.free.space.percent = -1.0 is invalid, should be between 0 and 1
2025-07-02 18:45:18,789 [main] WARN  statemachine.DatanodeConfiguration (DatanodeConfiguration.java:validateMinFreeSpace(751)) - hdds.datanode.volume.min.free.space.percent = -1.0 is invalid, should be between 0 and 1
2025-07-02 18:45:18,789 [4114dace-2331-46e8-9bd0-01e36750a673-EndpointStateMachineTaskThread-/0.0.0.0:15002-0 ] INFO  volume.ThrottledAsyncChecker (ThrottledAsyncChecker.java:schedule(138)) - Scheduling a check for /home/runner/work/ozone/ozone/hadoop-ozone/integration-test/target/test-dir/MiniOzoneClusterImpl-b7e00dfa-d3b8-45cf-9d3a-2bd5fdfebf54/ozone-meta/datanode-6/ratis
2025-07-02 18:45:18,789 [main] INFO  volume.MutableVolumeSet (MutableVolumeSet.java:initializeVolumeSet(167)) - Added Volume : /home/runner/work/ozone/ozone/hadoop-ozone/integration-test/target/test-dir/MiniOzoneClusterImpl-b7e00dfa-d3b8-45cf-9d3a-2bd5fdfebf54/ozone-meta/datanode-9/ratis to VolumeSet
2025-07-02 18:45:18,789 [main] WARN  statemachine.DatanodeConfiguration (DatanodeConfiguration.java:validateMinFreeSpace(751)) - hdds.datanode.volume.min.free.space.percent = -1.0 is invalid, should be between 0 and 1
2025-07-02 18:45:18,790 [main] WARN  statemachine.DatanodeConfiguration (DatanodeConfiguration.java:validateMinFreeSpace(751)) - hdds.datanode.volume.min.free.space.percent = -1.0 is invalid, should be between 0 and 1
2025-07-02 18:45:18,790 [4114dace-2331-46e8-9bd0-01e36750a673-EndpointStateMachineTaskThread-/0.0.0.0:15002-0 ] INFO  volume.StorageVolumeChecker (StorageVolumeChecker.java:checkAllVolumes(215)) - Scheduled health check for volume /home/runner/work/ozone/ozone/hadoop-ozone/integration-test/target/test-dir/MiniOzoneClusterImpl-b7e00dfa-d3b8-45cf-9d3a-2bd5fdfebf54/ozone-meta/datanode-6/ratis
2025-07-02 18:45:18,791 [main] INFO  ozoneimpl.OzoneContainer (HddsVolumeUtil.java:loadAllHddsVolumeDbStore(102)) - Load 1 volumes DbStore cost: 0ms
2025-07-02 18:45:18,791 [main] WARN  db.DBStoreBuilder (DBStoreBuilder.java:getDBDirPath(159)) - ozone.scm.datanode.id.dir is not configured. We recommend adding this setting. Falling back to ozone.metadata.dirs instead.
2025-07-02 18:45:18,791 [4114dace-2331-46e8-9bd0-01e36750a673-EndpointStateMachineTaskThread-/0.0.0.0:15002-0 ] INFO  ozoneimpl.OzoneContainer (OzoneContainer.java:start(520)) - Attempting to start container services.
2025-07-02 18:45:18,792 [ContainerMetadataScanner] INFO  ozoneimpl.AbstractBackgroundContainerScanner (AbstractBackgroundContainerScanner.java:runIteration(89)) - Completed an iteration in 0 minutes. Number of iterations (since the data-node restart) : 1, Number of containers scanned in this iteration : 0, Number of unhealthy containers found in this iteration : 0
2025-07-02 18:45:18,792 [main] WARN  statemachine.DatanodeConfiguration (DatanodeConfiguration.java:validateMinFreeSpace(751)) - hdds.datanode.volume.min.free.space.percent = -1.0 is invalid, should be between 0 and 1
2025-07-02 18:45:18,793 [main] WARN  db.DBStoreBuilder (DBStoreBuilder.java:getDBDirPath(159)) - ozone.scm.datanode.id.dir is not configured. We recommend adding this setting. Falling back to ozone.metadata.dirs instead.
2025-07-02 18:45:18,794 [ContainerDataScanner(/home/runner/work/ozone/ozone/hadoop-ozone/integration-test/target/test-dir/MiniOzoneClusterImpl-b7e00dfa-d3b8-45cf-9d3a-2bd5fdfebf54/ozone-meta/datanode-6/data-0/hdds)] INFO  ozoneimpl.AbstractBackgroundContainerScanner (AbstractBackgroundContainerScanner.java:runIteration(89)) - Completed an iteration in 0 minutes. Number of iterations (since the data-node restart) : 1, Number of containers scanned in this iteration : 0, Number of unhealthy containers found in this iteration : 0
2025-07-02 18:45:18,796 [4114dace-2331-46e8-9bd0-01e36750a673-EndpointStateMachineTaskThread-/0.0.0.0:15002-0 ] INFO  replication.ReplicationServer (ReplicationServer.java:start(137)) - ReplicationServer is started using port 15057
2025-07-02 18:45:18,796 [4114dace-2331-46e8-9bd0-01e36750a673-EndpointStateMachineTaskThread-/0.0.0.0:15002-0 ] INFO  ratis.XceiverServerRatis (XceiverServerRatis.java:start(559)) - Starting XceiverServerRatis(4114dace-2331-46e8-9bd0-01e36750a673)
2025-07-02 18:45:18,797 [4114dace-2331-46e8-9bd0-01e36750a673-EndpointStateMachineTaskThread-/0.0.0.0:15002-0 ] INFO  server.RaftServer (RaftServerProxy.java:startImpl(412)) - 4114dace-2331-46e8-9bd0-01e36750a673: start RPC server
2025-07-02 18:45:18,798 [4114dace-2331-46e8-9bd0-01e36750a673-EndpointStateMachineTaskThread-/0.0.0.0:15002-0 ] INFO  server.GrpcServicesImpl (GrpcServicesImpl.java:startImpl(346)) - 4114dace-2331-46e8-9bd0-01e36750a673: GrpcServicesImpl started, listening on 15053
2025-07-02 18:45:18,798 [4114dace-2331-46e8-9bd0-01e36750a673-EndpointStateMachineTaskThread-/0.0.0.0:15002-0 ] INFO  server.GrpcServicesImpl (GrpcServicesImpl.java:startImpl(346)) - 4114dace-2331-46e8-9bd0-01e36750a673: GrpcServicesImpl started, listening on 15055
2025-07-02 18:45:18,799 [4114dace-2331-46e8-9bd0-01e36750a673-EndpointStateMachineTaskThread-/0.0.0.0:15002-0 ] INFO  server.GrpcServicesImpl (GrpcServicesImpl.java:startImpl(346)) - 4114dace-2331-46e8-9bd0-01e36750a673: GrpcServicesImpl started, listening on 15054
2025-07-02 18:45:18,799 [JvmPauseMonitor8] INFO  util.JvmPauseMonitor (JvmPauseMonitor.java:run(146)) - JvmPauseMonitor-4114dace-2331-46e8-9bd0-01e36750a673: Started
2025-07-02 18:45:18,799 [4114dace-2331-46e8-9bd0-01e36750a673-EndpointStateMachineTaskThread-/0.0.0.0:15002-0 ] INFO  ratis.XceiverServerRatis (XceiverServerRatis.java:getRealPort(586)) - XceiverServerRatis(4114dace-2331-46e8-9bd0-01e36750a673) is started using port RATIS=15053
2025-07-02 18:45:18,799 [4114dace-2331-46e8-9bd0-01e36750a673-EndpointStateMachineTaskThread-/0.0.0.0:15002-0 ] INFO  ratis.XceiverServerRatis (XceiverServerRatis.java:getRealPort(586)) - XceiverServerRatis(4114dace-2331-46e8-9bd0-01e36750a673) is started using port RATIS_ADMIN=15054
2025-07-02 18:45:18,799 [4114dace-2331-46e8-9bd0-01e36750a673-EndpointStateMachineTaskThread-/0.0.0.0:15002-0 ] INFO  ratis.XceiverServerRatis (XceiverServerRatis.java:getRealPort(586)) - XceiverServerRatis(4114dace-2331-46e8-9bd0-01e36750a673) is started using port RATIS_SERVER=15055
2025-07-02 18:45:18,799 [4114dace-2331-46e8-9bd0-01e36750a673-EndpointStateMachineTaskThread-/0.0.0.0:15002-0 ] INFO  ratis.XceiverServerRatis (XceiverServerRatis.java:getRealPort(586)) - XceiverServerRatis(4114dace-2331-46e8-9bd0-01e36750a673) is started using port RATIS_DATASTREAM=15056
2025-07-02 18:45:18,801 [4114dace-2331-46e8-9bd0-01e36750a673-EndpointStateMachineTaskThread-/0.0.0.0:15002-0 ] INFO  utils.BackgroundService (BackgroundService.java:start(118)) - Starting service BlockDeletingService with interval 60000 milliseconds
2025-07-02 18:45:18,802 [4114dace-2331-46e8-9bd0-01e36750a673-EndpointStateMachineTaskThread-/0.0.0.0:15002-0 ] INFO  utils.BackgroundService (BackgroundService.java:start(118)) - Starting service StaleRecoveringContainerScrubbingService with interval 60000 milliseconds
2025-07-02 18:45:18,810 [main] WARN  statemachine.DatanodeConfiguration (DatanodeConfiguration.java:validateMinFreeSpace(751)) - hdds.datanode.volume.min.free.space.percent = -1.0 is invalid, should be between 0 and 1
2025-07-02 18:45:18,810 [main] WARN  statemachine.DatanodeConfiguration (DatanodeConfiguration.java:validateMinFreeSpace(751)) - hdds.datanode.volume.min.free.space.percent = -1.0 is invalid, should be between 0 and 1
2025-07-02 18:45:18,810 [main] INFO  impl.FilePerChunkStrategy (FilePerChunkStrategy.java:<init>(79)) - ozone.chunk.read.mapped.buffer.max.count is load with 0
2025-07-02 18:45:18,811 [main] INFO  impl.FilePerBlockStrategy (FilePerBlockStrategy.java:<init>(88)) - ozone.chunk.read.mapped.buffer.max.count is load with 0
2025-07-02 18:45:18,811 [main] WARN  statemachine.DatanodeConfiguration (DatanodeConfiguration.java:validateMinFreeSpace(751)) - hdds.datanode.volume.min.free.space.percent = -1.0 is invalid, should be between 0 and 1
2025-07-02 18:45:18,812 [main] INFO  server.RaftServerConfigKeys (ConfUtils.java:logGet(62)) - raft.server.log.appender.buffer.byte-limit = 33554432 (custom)
2025-07-02 18:45:18,813 [main] INFO  grpc.GrpcConfigKeys (ConfUtils.java:logFallback(69)) - raft.grpc.admin.host = null (fallback to raft.grpc.server.host)
2025-07-02 18:45:18,813 [main] INFO  grpc.GrpcConfigKeys (ConfUtils.java:logGet(62)) - raft.grpc.admin.port = 15078 (custom)
2025-07-02 18:45:18,814 [main] INFO  grpc.GrpcConfigKeys (ConfUtils.java:logFallback(69)) - raft.grpc.client.host = null (fallback to raft.grpc.server.host)
2025-07-02 18:45:18,814 [main] INFO  grpc.GrpcConfigKeys (ConfUtils.java:logGet(62)) - raft.grpc.client.port = 15077 (custom)
2025-07-02 18:45:18,814 [main] INFO  grpc.GrpcConfigKeys (ConfUtils.java:logGet(62)) - raft.grpc.server.port = 15079 (custom)
2025-07-02 18:45:18,814 [main] INFO  server.GrpcServicesImpl (ConfUtils.java:logGet(62)) - raft.grpc.message.size.max = 34603008 (custom)
2025-07-02 18:45:18,814 [main] INFO  server.GrpcServicesImpl (ConfUtils.java:logGet(62)) - raft.grpc.flow.control.window = 5MB (=5242880) (custom)
2025-07-02 18:45:18,814 [main] INFO  server.RaftServerConfigKeys (ConfUtils.java:logGet(62)) - raft.server.log.appender.buffer.byte-limit = 33554432 (custom)
2025-07-02 18:45:18,817 [main] INFO  netty.NettyUtils (NettyUtils.java:newEventLoopGroup(74)) - Create EpollEventLoopGroup for 9eb5a351-9325-4150-9d0a-de2b7d27d48d-NettyServerStreamRpc-bossGroup; Thread size is 0.
2025-07-02 18:45:18,817 [main] INFO  netty.NettyUtils (NettyUtils.java:newEventLoopGroup(74)) - Create EpollEventLoopGroup for 9eb5a351-9325-4150-9d0a-de2b7d27d48d-NettyServerStreamRpc-workerGroup; Thread size is 0.
2025-07-02 18:45:18,818 [main] INFO  netty.NettyConfigKeys$DataStream (ConfUtils.java:logGet(62)) - raft.netty.dataStream.port = 15080 (custom)
2025-07-02 18:45:18,819 [main] INFO  server.RaftServerConfigKeys (ConfUtils.java:logGet(62)) - raft.server.storage.dir = [/home/runner/work/ozone/ozone/hadoop-ozone/integration-test/target/test-dir/MiniOzoneClusterImpl-b7e00dfa-d3b8-45cf-9d3a-2bd5fdfebf54/ozone-meta/datanode-9/ratis] (custom)
2025-07-02 18:45:18,820 [9eb5a351-9325-4150-9d0a-de2b7d27d48d-NettyServerStreamRpc-bossGroup--thread1] INFO  logging.LoggingHandler (AbstractInternalLogger.java:log(148)) - [id: 0xfe1d1901] REGISTERED
2025-07-02 18:45:18,820 [9eb5a351-9325-4150-9d0a-de2b7d27d48d-NettyServerStreamRpc-bossGroup--thread1] INFO  logging.LoggingHandler (AbstractInternalLogger.java:log(148)) - [id: 0xfe1d1901] BIND: 0.0.0.0/0.0.0.0:15080
2025-07-02 18:45:18,820 [9eb5a351-9325-4150-9d0a-de2b7d27d48d-NettyServerStreamRpc-bossGroup--thread1] INFO  logging.LoggingHandler (AbstractInternalLogger.java:log(148)) - [id: 0xfe1d1901, L:/0.0.0.0:15080] ACTIVE
2025-07-02 18:45:18,820 [9eb5a351-9325-4150-9d0a-de2b7d27d48d-impl-thread1] INFO  server.RaftServer (RaftServerProxy.java:initGroupDir(270)) - 9eb5a351-9325-4150-9d0a-de2b7d27d48d: found a subdirectory /home/runner/work/ozone/ozone/hadoop-ozone/integration-test/target/test-dir/MiniOzoneClusterImpl-b7e00dfa-d3b8-45cf-9d3a-2bd5fdfebf54/ozone-meta/datanode-9/ratis/tmp
2025-07-02 18:45:18,820 [9eb5a351-9325-4150-9d0a-de2b7d27d48d-impl-thread1] INFO  server.RaftServer (RaftServerProxy.java:initGroupDir(275)) - 9eb5a351-9325-4150-9d0a-de2b7d27d48d: The directory /home/runner/work/ozone/ozone/hadoop-ozone/integration-test/target/test-dir/MiniOzoneClusterImpl-b7e00dfa-d3b8-45cf-9d3a-2bd5fdfebf54/ozone-meta/datanode-9/ratis/tmp is not a group directory; ignoring it. 
2025-07-02 18:45:18,821 [main] INFO  replication.ReplicationServer (ReplicationServer.java:<init>(84)) - Initializing replication server with thread count = 10 queue length = 4096
2025-07-02 18:45:18,822 [main] WARN  statemachine.DatanodeConfiguration (DatanodeConfiguration.java:validateMinFreeSpace(751)) - hdds.datanode.volume.min.free.space.percent = -1.0 is invalid, should be between 0 and 1
2025-07-02 18:45:18,822 [main] INFO  server.XceiverServerGrpc (XceiverServerGrpc.java:<init>(130)) - GrpcServer channel type EpollServerSocketChannel
2025-07-02 18:45:18,823 [main] WARN  statemachine.DatanodeConfiguration (DatanodeConfiguration.java:validateMinFreeSpace(751)) - hdds.datanode.volume.min.free.space.percent = -1.0 is invalid, should be between 0 and 1
2025-07-02 18:45:18,824 [main] INFO  replication.ReplicationSupervisor (ReplicationSupervisor.java:build(169)) - Initializing replication supervisor with thread count = 10
2025-07-02 18:45:18,824 [main] INFO  replication.ReplicationSupervisor (ReplicationSupervisor.java:nodeStateUpdated(358)) - Node state updated to IN_SERVICE, scaling executor pool size to 10
2025-07-02 18:45:18,825 [main] WARN  statemachine.DatanodeConfiguration (DatanodeConfiguration.java:validateMinFreeSpace(751)) - hdds.datanode.volume.min.free.space.percent = -1.0 is invalid, should be between 0 and 1
2025-07-02 18:45:18,827 [main] INFO  http.BaseHttpServer (BaseHttpServer.java:newHttpServer2BuilderForOzone(229)) - Starting Web-server for hddsDatanode at: http://0.0.0.0:15074
2025-07-02 18:45:18,827 [main] INFO  http.BaseHttpServer (BaseHttpServer.java:<init>(107)) - Hadoop Security Enabled: false Ozone Security Enabled: false Ozone HTTP Security Enabled: false 
2025-07-02 18:45:18,828 [main] WARN  server.AuthenticationFilter (AuthenticationFilter.java:constructSecretProvider(240)) - Unable to initialize FileSignerSecretProvider, falling back to use random secrets. Reason: Could not read signature secret file: /home/runner/hadoop-http-auth-signature-secret
2025-07-02 18:45:18,832 [main] INFO  http.HttpServer2 (HttpServer2.java:addGlobalFilter(1042)) - Added global filter 'safety' (class=org.apache.hadoop.hdds.server.http.HttpServer2$QuotingInputFilter)
2025-07-02 18:45:18,832 [main] INFO  http.HttpServer2 (HttpServer2.java:addFilter(1018)) - Added filter static_user_filter (class=org.apache.hadoop.http.lib.StaticUserWebFilter$StaticUserFilter) to context hddsDatanode
2025-07-02 18:45:18,833 [main] INFO  http.HttpServer2 (HttpServer2.java:addFilter(1026)) - Added filter static_user_filter (class=org.apache.hadoop.http.lib.StaticUserWebFilter$StaticUserFilter) to context static
2025-07-02 18:45:18,833 [main] INFO  http.HttpServer2 (HttpServer2.java:addFilter(1026)) - Added filter static_user_filter (class=org.apache.hadoop.http.lib.StaticUserWebFilter$StaticUserFilter) to context logs
2025-07-02 18:45:18,833 [main] INFO  http.BaseHttpServer (BaseHttpServer.java:<init>(195)) - HTTP server of hddsDatanode uses base directory /home/runner/work/ozone/ozone/hadoop-ozone/integration-test/target/test-dir/MiniOzoneClusterImpl-b7e00dfa-d3b8-45cf-9d3a-2bd5fdfebf54/ozone-meta/datanode-9/meta/webserver
2025-07-02 18:45:18,834 [main] INFO  http.HttpServer2 (HttpServer2.java:bindListener(1242)) - Jetty bound to port 15074
2025-07-02 18:45:18,834 [main] INFO  server.Server (Server.java:doStart(375)) - jetty-9.4.57.v20241219; built: 2025-01-08T21:24:30.412Z; git: df524e6b29271c2e09ba9aea83c18dc9db464a31; jvm 21.0.7+6-LTS
2025-07-02 18:45:18,835 [main] INFO  server.session (DefaultSessionIdManager.java:doStart(334)) - DefaultSessionIdManager workerName=node0
2025-07-02 18:45:18,835 [main] INFO  server.session (DefaultSessionIdManager.java:doStart(339)) - No SessionScavenger set, using defaults
2025-07-02 18:45:18,836 [main] INFO  server.session (HouseKeeper.java:startScavenging(132)) - node0 Scavenging every 600000ms
2025-07-02 18:45:18,836 [main] INFO  handler.ContextHandler (ContextHandler.java:doStart(921)) - Started o.e.j.s.ServletContextHandler@714d1962{logs,/logs,file:///home/runner/work/ozone/ozone/hadoop-ozone/integration-test/target/log,AVAILABLE}
2025-07-02 18:45:18,837 [main] INFO  handler.ContextHandler (ContextHandler.java:doStart(921)) - Started o.e.j.s.ServletContextHandler@e94908c{static,/static,jar:file:/home/runner/work/ozone/ozone/hadoop-hdds/container-service/target/hdds-container-service-2.1.0-SNAPSHOT.jar!/webapps/static,AVAILABLE}
2025-07-02 18:45:18,839 [EventQueue-PipelineReportForOneReplicaPipelineSafeModeRule] INFO  safemode.SCMSafeModeManager (SCMSafeModeManager.java:validateSafeModeExitRules(139)) - AtleastOneDatanodeReportedRule rule is successfully validated
2025-07-02 18:45:18,899 [EventQueue-PipelineReportForOneReplicaPipelineSafeModeRule] INFO  safemode.SCMSafeModeManager (SCMSafeModeManager.java:validateSafeModeExitRules(139)) - AtleastOneDatanodeReportedRule rule is successfully validated
2025-07-02 18:45:18,964 [IPC Server handler 0 on default port 15002] INFO  net.NetworkTopologyImpl (NetworkTopologyImpl.java:add(133)) - Added a new node: /default-rack/c6c1c004-cb80-4a23-8b53-68ef0e0db17b
2025-07-02 18:45:18,964 [IPC Server handler 0 on default port 15002] INFO  node.SCMNodeManager (SCMNodeManager.java:register(423)) - Registered datanode: c6c1c004-cb80-4a23-8b53-68ef0e0db17b{ip: 127.0.0.1, host: localhost, ports: [HTTP=15042, CLIENT_RPC=15043, REPLICATION=15049, RATIS=15045, RATIS_ADMIN=15046, RATIS_SERVER=15047, RATIS_DATASTREAM=15048, STANDALONE=15044], networkLocation: /default-rack, certSerialId: null, persistedOpState: null, persistedOpStateExpiryEpochSec: 0}
2025-07-02 18:45:18,965 [EventQueue-PipelineReportForOneReplicaPipelineSafeModeRule] INFO  safemode.SCMSafeModeManager (SCMSafeModeManager.java:validateSafeModeExitRules(139)) - AtleastOneDatanodeReportedRule rule is successfully validated
2025-07-02 18:45:18,966 [EventQueue-ContainerRegistrationReportForRatisContainerSafeModeRule] INFO  safemode.SCMSafeModeManager (SCMSafeModeManager.java:validateSafeModeExitRules(139)) - RatisContainerSafeModeRule rule is successfully validated
2025-07-02 18:45:18,966 [EventQueue-ContainerRegistrationReportForECContainerSafeModeRule] INFO  safemode.SCMSafeModeManager (SCMSafeModeManager.java:validateSafeModeExitRules(139)) - ECContainerSafeModeRule rule is successfully validated
2025-07-02 18:45:18,967 [EventQueue-NodeRegistrationContainerReportForDataNodeSafeModeRule] INFO  safemode.SCMSafeModeManager (SCMSafeModeManager.java:validateSafeModeExitRules(139)) - DataNodeSafeModeRule rule is successfully validated
2025-07-02 18:45:18,967 [EventQueue-NewNodeForNewNodeHandler] INFO  pipeline.BackgroundPipelineCreator (BackgroundPipelineCreator.java:notifyEventTriggered(290)) - trigger a one-shot run on RatisPipelineUtilsThread.
2025-07-02 18:45:18,967 [RatisPipelineUtilsThread-0] INFO  pipeline.RatisPipelineProvider (RatisPipelineProvider.java:lambda$create$0(208)) - Sending CreatePipelineCommand for pipeline:Pipeline-87f42220-0f27-4781-8a18-2699d49a5245 to datanode:c6c1c004-cb80-4a23-8b53-68ef0e0db17b(localhost/127.0.0.1)
2025-07-02 18:45:18,968 [92aeff0d-b8ac-4e9e-9ba6-1724c63a8401-EndpointStateMachineTaskThread-/0.0.0.0:15002-0 ] WARN  statemachine.DatanodeConfiguration (DatanodeConfiguration.java:validateMinFreeSpace(751)) - hdds.datanode.volume.min.free.space.percent = -1.0 is invalid, should be between 0 and 1
2025-07-02 18:45:18,968 [92aeff0d-b8ac-4e9e-9ba6-1724c63a8401-EndpointStateMachineTaskThread-/0.0.0.0:15002-0 ] WARN  statemachine.DatanodeConfiguration (DatanodeConfiguration.java:validateMinFreeSpace(751)) - hdds.datanode.volume.min.free.space.percent = -1.0 is invalid, should be between 0 and 1
2025-07-02 18:45:18,969 [92aeff0d-b8ac-4e9e-9ba6-1724c63a8401-EndpointStateMachineTaskThread-/0.0.0.0:15002-0 ] WARN  statemachine.DatanodeConfiguration (DatanodeConfiguration.java:validateMinFreeSpace(751)) - hdds.datanode.volume.min.free.space.percent = -1.0 is invalid, should be between 0 and 1
2025-07-02 18:45:18,974 [0fee975d-e734-400e-bdb4-ee8e3ebebca6@group-2BD5FDFEBF54-StateMachineUpdater] INFO  safemode.SCMSafeModeManager (SCMSafeModeManager.java:validateSafeModeExitRules(139)) - DataNodeSafeModeRule rule is successfully validated
2025-07-02 18:45:18,975 [0fee975d-e734-400e-bdb4-ee8e3ebebca6@group-2BD5FDFEBF54-StateMachineUpdater] INFO  safemode.SCMSafeModeManager (SCMSafeModeManager.java:validateSafeModeExitRules(139)) - RatisContainerSafeModeRule rule is successfully validated
2025-07-02 18:45:18,976 [0fee975d-e734-400e-bdb4-ee8e3ebebca6@group-2BD5FDFEBF54-StateMachineUpdater] INFO  safemode.HealthyPipelineSafeModeRule (HealthyPipelineSafeModeRule.java:initializeRule(228)) - Refreshed total pipeline count is 0, healthy pipeline threshold count is 1
2025-07-02 18:45:18,976 [0fee975d-e734-400e-bdb4-ee8e3ebebca6@group-2BD5FDFEBF54-StateMachineUpdater] INFO  safemode.SCMSafeModeManager (SCMSafeModeManager.java:validateSafeModeExitRules(139)) - ECContainerSafeModeRule rule is successfully validated
2025-07-02 18:45:18,976 [0fee975d-e734-400e-bdb4-ee8e3ebebca6@group-2BD5FDFEBF54-StateMachineUpdater] INFO  safemode.SCMSafeModeManager (SCMSafeModeManager.java:validateSafeModeExitRules(139)) - AtleastOneDatanodeReportedRule rule is successfully validated
2025-07-02 18:45:18,976 [RatisPipelineUtilsThread-0] INFO  pipeline.BackgroundPipelineCreator (BackgroundPipelineCreator.java:createPipelines(246)) - Created new pipeline Pipeline{ Id: 87f42220-0f27-4781-8a18-2699d49a5245, Nodes: [ {c6c1c004-cb80-4a23-8b53-68ef0e0db17b(localhost/127.0.0.1), ReplicaIndex: 0},], ReplicationConfig: RATIS/ONE, State:ALLOCATED, leaderId:, CreationTimestamp2025-07-02T18:45:18.967870144Z[Etc/UTC]}
2025-07-02 18:45:18,987 [main] INFO  handler.ContextHandler (ContextHandler.java:doStart(921)) - Started o.e.j.w.WebAppContext@4a0d46d{hddsDatanode,/,file:///home/runner/work/ozone/ozone/hadoop-ozone/integration-test/target/test-dir/MiniOzoneClusterImpl-b7e00dfa-d3b8-45cf-9d3a-2bd5fdfebf54/ozone-meta/datanode-9/meta/webserver/jetty-0_0_0_0-15074-hdds-container-service-2_1_0-SNAPSHOT_jar-_-any-15971899620563830611/webapp/,AVAILABLE}{jar:file:/home/runner/work/ozone/ozone/hadoop-hdds/container-service/target/hdds-container-service-2.1.0-SNAPSHOT.jar!/webapps/hddsDatanode}
2025-07-02 18:45:18,988 [main] INFO  server.AbstractConnector (AbstractConnector.java:doStart(333)) - Started ServerConnector@292e8d0a{HTTP/1.1, (http/1.1)}{0.0.0.0:15074}
2025-07-02 18:45:18,988 [main] INFO  server.Server (Server.java:doStart(415)) - Started @13930ms
2025-07-02 18:45:18,988 [main] WARN  impl.MetricsSystemImpl (MetricsSystemImpl.java:register(279)) - Sink prometheus already exists!
2025-07-02 18:45:18,988 [main] INFO  http.BaseHttpServer (BaseHttpServer.java:updateConnectorAddress(359)) - HTTP server of hddsDatanode listening at http://localhost:15074
2025-07-02 18:45:18,989 [main] INFO  ipc.CallQueueManager (CallQueueManager.java:<init>(93)) - Using callQueue: class java.util.concurrent.LinkedBlockingQueue, queueCapacity: 1000, scheduler: class org.apache.hadoop.ipc.DefaultRpcScheduler, ipcBackoff: false, ipcFailOver: false.
2025-07-02 18:45:18,989 [main] INFO  ipc.Server (Server.java:<init>(1438)) - Listener at 0.0.0.0:15075
2025-07-02 18:45:18,989 [Socket Reader #1 for port 15075] INFO  ipc.Server (Server.java:run(1474)) - Starting Socket Reader #1 for port 15075
2025-07-02 18:45:18,990 [Socket Reader #2 for port 15075] INFO  ipc.Server (Server.java:run(1474)) - Starting Socket Reader #2 for port 15075
2025-07-02 18:45:18,990 [Socket Reader #3 for port 15075] INFO  ipc.Server (Server.java:run(1474)) - Starting Socket Reader #3 for port 15075
2025-07-02 18:45:18,990 [Socket Reader #4 for port 15075] INFO  ipc.Server (Server.java:run(1474)) - Starting Socket Reader #4 for port 15075
2025-07-02 18:45:18,991 [Socket Reader #5 for port 15075] INFO  ipc.Server (Server.java:run(1474)) - Starting Socket Reader #5 for port 15075
2025-07-02 18:45:18,991 [Socket Reader #6 for port 15075] INFO  ipc.Server (Server.java:run(1474)) - Starting Socket Reader #6 for port 15075
2025-07-02 18:45:18,991 [Socket Reader #7 for port 15075] INFO  ipc.Server (Server.java:run(1474)) - Starting Socket Reader #7 for port 15075
2025-07-02 18:45:18,992 [Socket Reader #8 for port 15075] INFO  ipc.Server (Server.java:run(1474)) - Starting Socket Reader #8 for port 15075
2025-07-02 18:45:18,992 [Socket Reader #9 for port 15075] INFO  ipc.Server (Server.java:run(1474)) - Starting Socket Reader #9 for port 15075
2025-07-02 18:45:18,992 [Socket Reader #10 for port 15075] INFO  ipc.Server (Server.java:run(1474)) - Starting Socket Reader #10 for port 15075
2025-07-02 18:45:18,994 [main] INFO  ozone.HddsDatanodeService (HddsDatanodeService.java:start(333)) - Datanode start with admins: [admin, runner]
2025-07-02 18:45:18,994 [main] INFO  ozone.HddsDatanodeClientProtocolServer (HddsDatanodeClientProtocolServer.java:start(76)) - RPC server for Client /0.0.0.0:15075
2025-07-02 18:45:18,995 [IPC Server Responder] INFO  ipc.Server (Server.java:run(1713)) - IPC Server Responder: starting
2025-07-02 18:45:18,995 [IPC Server listener on 15075] INFO  ipc.Server (Server.java:run(1553)) - IPC Server listener on 15075: starting
2025-07-02 18:45:18,997 [main] WARN  dropwizard3.Dm3MetricRegistriesImpl (Dm3MetricRegistriesImpl.java:addReporterRegistration(114)) - New reporters are added after registries were created. Some metrics will be missing from the reporter. Please add reporter before adding any new registry.
2025-07-02 18:45:18,997 [main] WARN  dropwizard3.Dm3MetricRegistriesImpl (Dm3MetricRegistriesImpl.java:addReporterRegistration(114)) - New reporters are added after registries were created. Some metrics will be missing from the reporter. Please add reporter before adding any new registry.
2025-07-02 18:45:18,997 [main] INFO  impl.MetricsSystemImpl (MetricsSystemImpl.java:init(158)) - HddsDatanode metrics system started (again)
2025-07-02 18:45:19,002 [9eb5a351-9325-4150-9d0a-de2b7d27d48d-DatanodeStateMachineDaemonThread] INFO  statemachine.DatanodeStateMachine (DatanodeStateMachine.java:startStateMachineThread(347)) - Ozone container server started.
2025-07-02 18:45:19,007 [9eb5a351-9325-4150-9d0a-de2b7d27d48d-DatanodeStateMachineTaskThread-0] INFO  datanode.InitDatanodeState (InitDatanodeState.java:persistContainerDatanodeDetails(139)) - DatanodeDetails is persisted to /home/runner/work/ozone/ozone/hadoop-ozone/integration-test/target/test-dir/MiniOzoneClusterImpl-b7e00dfa-d3b8-45cf-9d3a-2bd5fdfebf54/ozone-meta/datanode-9/meta/datanode.id
2025-07-02 18:45:19,010 [92aeff0d-b8ac-4e9e-9ba6-1724c63a8401-EndpointStateMachineTaskThread-/0.0.0.0:15002-0 ] INFO  utils.DatanodeStoreCache (DatanodeStoreCache.java:addDB(70)) - Added db /home/runner/work/ozone/ozone/hadoop-ozone/integration-test/target/test-dir/MiniOzoneClusterImpl-b7e00dfa-d3b8-45cf-9d3a-2bd5fdfebf54/ozone-meta/datanode-7/data-0/hdds/b7e00dfa-d3b8-45cf-9d3a-2bd5fdfebf54/DS-a46768b9-3696-4ef2-a016-1f62e90b4bf2/container.db to cache
2025-07-02 18:45:19,010 [92aeff0d-b8ac-4e9e-9ba6-1724c63a8401-EndpointStateMachineTaskThread-/0.0.0.0:15002-0 ] INFO  volume.HddsVolume (HddsVolume.java:createDbStore(575)) - SchemaV3 db is created and loaded at /home/runner/work/ozone/ozone/hadoop-ozone/integration-test/target/test-dir/MiniOzoneClusterImpl-b7e00dfa-d3b8-45cf-9d3a-2bd5fdfebf54/ozone-meta/datanode-7/data-0/hdds/b7e00dfa-d3b8-45cf-9d3a-2bd5fdfebf54/DS-a46768b9-3696-4ef2-a016-1f62e90b4bf2/container.db for volume DS-a46768b9-3696-4ef2-a016-1f62e90b4bf2
2025-07-02 18:45:19,011 [92aeff0d-b8ac-4e9e-9ba6-1724c63a8401-EndpointStateMachineTaskThread-/0.0.0.0:15002-0 ] WARN  statemachine.DatanodeConfiguration (DatanodeConfiguration.java:validateMinFreeSpace(751)) - hdds.datanode.volume.min.free.space.percent = -1.0 is invalid, should be between 0 and 1
2025-07-02 18:45:19,015 [92aeff0d-b8ac-4e9e-9ba6-1724c63a8401-ContainerReader-0] INFO  ozoneimpl.ContainerReader (ContainerReader.java:readVolume(144)) - Start to verify containers on volume /home/runner/work/ozone/ozone/hadoop-ozone/integration-test/target/test-dir/MiniOzoneClusterImpl-b7e00dfa-d3b8-45cf-9d3a-2bd5fdfebf54/ozone-meta/datanode-7/data-0/hdds
2025-07-02 18:45:19,015 [92aeff0d-b8ac-4e9e-9ba6-1724c63a8401-ContainerReader-0] INFO  ozoneimpl.ContainerReader (ContainerReader.java:readVolume(174)) - Finish verifying containers on volume /home/runner/work/ozone/ozone/hadoop-ozone/integration-test/target/test-dir/MiniOzoneClusterImpl-b7e00dfa-d3b8-45cf-9d3a-2bd5fdfebf54/ozone-meta/datanode-7/data-0/hdds
2025-07-02 18:45:19,015 [92aeff0d-b8ac-4e9e-9ba6-1724c63a8401-EndpointStateMachineTaskThread-/0.0.0.0:15002-0 ] INFO  ozoneimpl.OzoneContainer (OzoneContainer.java:buildContainerSet(370)) - Build ContainerSet costs 0s
2025-07-02 18:45:19,015 [92aeff0d-b8ac-4e9e-9ba6-1724c63a8401-EndpointStateMachineTaskThread-/0.0.0.0:15002-0 ] INFO  volume.ThrottledAsyncChecker (ThrottledAsyncChecker.java:schedule(138)) - Scheduling a check for /home/runner/work/ozone/ozone/hadoop-ozone/integration-test/target/test-dir/MiniOzoneClusterImpl-b7e00dfa-d3b8-45cf-9d3a-2bd5fdfebf54/ozone-meta/datanode-7/data-0/hdds
2025-07-02 18:45:19,017 [92aeff0d-b8ac-4e9e-9ba6-1724c63a8401-EndpointStateMachineTaskThread-/0.0.0.0:15002-0 ] INFO  volume.StorageVolumeChecker (StorageVolumeChecker.java:checkAllVolumes(215)) - Scheduled health check for volume /home/runner/work/ozone/ozone/hadoop-ozone/integration-test/target/test-dir/MiniOzoneClusterImpl-b7e00dfa-d3b8-45cf-9d3a-2bd5fdfebf54/ozone-meta/datanode-7/data-0/hdds
2025-07-02 18:45:19,018 [main] INFO  protocol.DatanodeDetails (DatanodeDetails.java:validateDatanodeIpAddress(199)) - Updating IP address of datanode f74b8a39-8cc1-4de2-93c6-02015e72cd55(localhost/null) to 127.0.0.1
2025-07-02 18:45:19,018 [main] INFO  ozone.HddsDatanodeService (HddsDatanodeService.java:start(236)) - HddsDatanodeService f74b8a39-8cc1-4de2-93c6-02015e72cd55(localhost/127.0.0.1)
2025-07-02 18:45:19,020 [main] WARN  statemachine.DatanodeConfiguration (DatanodeConfiguration.java:validateMinFreeSpace(751)) - hdds.datanode.volume.min.free.space.percent = -1.0 is invalid, should be between 0 and 1
2025-07-02 18:45:19,020 [main] INFO  upgrade.AbstractLayoutVersionManager (AbstractLayoutVersionManager.java:init(80)) - Initializing Layout version manager with metadata layout = HBASE_SUPPORT (version = 8), software layout = HBASE_SUPPORT (version = 8)
2025-07-02 18:45:19,021 [main] INFO  statemachine.DatanodeStateMachine (DatanodeStateMachine.java:getEndPointTaskThreadPoolSize(305)) - Datanode State Machine Task Thread Pool size 2
2025-07-02 18:45:19,021 [92aeff0d-b8ac-4e9e-9ba6-1724c63a8401-EndpointStateMachineTaskThread-/0.0.0.0:15002-0 ] INFO  volume.ThrottledAsyncChecker (ThrottledAsyncChecker.java:schedule(138)) - Scheduling a check for /home/runner/work/ozone/ozone/hadoop-ozone/integration-test/target/test-dir/MiniOzoneClusterImpl-b7e00dfa-d3b8-45cf-9d3a-2bd5fdfebf54/ozone-meta/datanode-7/ratis
2025-07-02 18:45:19,021 [92aeff0d-b8ac-4e9e-9ba6-1724c63a8401-EndpointStateMachineTaskThread-/0.0.0.0:15002-0 ] INFO  volume.StorageVolumeChecker (StorageVolumeChecker.java:checkAllVolumes(215)) - Scheduled health check for volume /home/runner/work/ozone/ozone/hadoop-ozone/integration-test/target/test-dir/MiniOzoneClusterImpl-b7e00dfa-d3b8-45cf-9d3a-2bd5fdfebf54/ozone-meta/datanode-7/ratis
2025-07-02 18:45:19,022 [main] WARN  statemachine.DatanodeConfiguration (DatanodeConfiguration.java:validateMinFreeSpace(751)) - hdds.datanode.volume.min.free.space.percent = -1.0 is invalid, should be between 0 and 1
2025-07-02 18:45:19,022 [main] WARN  statemachine.DatanodeConfiguration (DatanodeConfiguration.java:validateMinFreeSpace(751)) - hdds.datanode.volume.min.free.space.percent = -1.0 is invalid, should be between 0 and 1
2025-07-02 18:45:19,022 [main] WARN  statemachine.DatanodeConfiguration (DatanodeConfiguration.java:validateMinFreeSpace(751)) - hdds.datanode.volume.min.free.space.percent = -1.0 is invalid, should be between 0 and 1
2025-07-02 18:45:19,023 [main] WARN  statemachine.DatanodeConfiguration (DatanodeConfiguration.java:validateMinFreeSpace(751)) - hdds.datanode.volume.min.free.space.percent = -1.0 is invalid, should be between 0 and 1
2025-07-02 18:45:19,024 [main] INFO  volume.HddsVolume (HddsVolume.java:<init>(162)) - HddsVolume: { id=DS-d0a87ecc-13cf-4d13-9688-1ec3c461be68 dir=/home/runner/work/ozone/ozone/hadoop-ozone/integration-test/target/test-dir/MiniOzoneClusterImpl-b7e00dfa-d3b8-45cf-9d3a-2bd5fdfebf54/ozone-meta/datanode-10/data-0/hdds type=DISK capacity=9222449699674390527 used=0 available=9222449699674390527 minFree=9222450130714624 committed=0 }
2025-07-02 18:45:19,024 [main] INFO  volume.MutableVolumeSet (MutableVolumeSet.java:initializeVolumeSet(167)) - Added Volume : /home/runner/work/ozone/ozone/hadoop-ozone/integration-test/target/test-dir/MiniOzoneClusterImpl-b7e00dfa-d3b8-45cf-9d3a-2bd5fdfebf54/ozone-meta/datanode-10/data-0/hdds to VolumeSet
2025-07-02 18:45:19,025 [main] WARN  statemachine.DatanodeConfiguration (DatanodeConfiguration.java:validateMinFreeSpace(751)) - hdds.datanode.volume.min.free.space.percent = -1.0 is invalid, should be between 0 and 1
2025-07-02 18:45:19,025 [92aeff0d-b8ac-4e9e-9ba6-1724c63a8401-EndpointStateMachineTaskThread-/0.0.0.0:15002-0 ] INFO  ozoneimpl.OzoneContainer (OzoneContainer.java:start(520)) - Attempting to start container services.
2025-07-02 18:45:19,025 [main] WARN  statemachine.DatanodeConfiguration (DatanodeConfiguration.java:validateMinFreeSpace(751)) - hdds.datanode.volume.min.free.space.percent = -1.0 is invalid, should be between 0 and 1
2025-07-02 18:45:19,025 [main] INFO  volume.MutableVolumeSet (MutableVolumeSet.java:initializeVolumeSet(167)) - Added Volume : /home/runner/work/ozone/ozone/hadoop-ozone/integration-test/target/test-dir/MiniOzoneClusterImpl-b7e00dfa-d3b8-45cf-9d3a-2bd5fdfebf54/ozone-meta/datanode-10/ratis to VolumeSet
2025-07-02 18:45:19,026 [main] WARN  statemachine.DatanodeConfiguration (DatanodeConfiguration.java:validateMinFreeSpace(751)) - hdds.datanode.volume.min.free.space.percent = -1.0 is invalid, should be between 0 and 1
2025-07-02 18:45:19,026 [main] WARN  statemachine.DatanodeConfiguration (DatanodeConfiguration.java:validateMinFreeSpace(751)) - hdds.datanode.volume.min.free.space.percent = -1.0 is invalid, should be between 0 and 1
2025-07-02 18:45:19,027 [ContainerMetadataScanner] INFO  ozoneimpl.AbstractBackgroundContainerScanner (AbstractBackgroundContainerScanner.java:runIteration(89)) - Completed an iteration in 0 minutes. Number of iterations (since the data-node restart) : 1, Number of containers scanned in this iteration : 0, Number of unhealthy containers found in this iteration : 0
2025-07-02 18:45:19,027 [main] INFO  ozoneimpl.OzoneContainer (HddsVolumeUtil.java:loadAllHddsVolumeDbStore(102)) - Load 1 volumes DbStore cost: 1ms
2025-07-02 18:45:19,027 [ContainerDataScanner(/home/runner/work/ozone/ozone/hadoop-ozone/integration-test/target/test-dir/MiniOzoneClusterImpl-b7e00dfa-d3b8-45cf-9d3a-2bd5fdfebf54/ozone-meta/datanode-7/data-0/hdds)] INFO  ozoneimpl.AbstractBackgroundContainerScanner (AbstractBackgroundContainerScanner.java:runIteration(89)) - Completed an iteration in 0 minutes. Number of iterations (since the data-node restart) : 1, Number of containers scanned in this iteration : 0, Number of unhealthy containers found in this iteration : 0
2025-07-02 18:45:19,027 [main] WARN  db.DBStoreBuilder (DBStoreBuilder.java:getDBDirPath(159)) - ozone.scm.datanode.id.dir is not configured. We recommend adding this setting. Falling back to ozone.metadata.dirs instead.
2025-07-02 18:45:19,028 [main] WARN  statemachine.DatanodeConfiguration (DatanodeConfiguration.java:validateMinFreeSpace(751)) - hdds.datanode.volume.min.free.space.percent = -1.0 is invalid, should be between 0 and 1
2025-07-02 18:45:19,028 [92aeff0d-b8ac-4e9e-9ba6-1724c63a8401-EndpointStateMachineTaskThread-/0.0.0.0:15002-0 ] INFO  replication.ReplicationServer (ReplicationServer.java:start(137)) - ReplicationServer is started using port 15065
2025-07-02 18:45:19,028 [main] WARN  db.DBStoreBuilder (DBStoreBuilder.java:getDBDirPath(159)) - ozone.scm.datanode.id.dir is not configured. We recommend adding this setting. Falling back to ozone.metadata.dirs instead.
2025-07-02 18:45:19,029 [92aeff0d-b8ac-4e9e-9ba6-1724c63a8401-EndpointStateMachineTaskThread-/0.0.0.0:15002-0 ] INFO  ratis.XceiverServerRatis (XceiverServerRatis.java:start(559)) - Starting XceiverServerRatis(92aeff0d-b8ac-4e9e-9ba6-1724c63a8401)
2025-07-02 18:45:19,030 [92aeff0d-b8ac-4e9e-9ba6-1724c63a8401-EndpointStateMachineTaskThread-/0.0.0.0:15002-0 ] INFO  server.RaftServer (RaftServerProxy.java:startImpl(412)) - 92aeff0d-b8ac-4e9e-9ba6-1724c63a8401: start RPC server
2025-07-02 18:45:19,030 [92aeff0d-b8ac-4e9e-9ba6-1724c63a8401-EndpointStateMachineTaskThread-/0.0.0.0:15002-0 ] INFO  server.GrpcServicesImpl (GrpcServicesImpl.java:startImpl(346)) - 92aeff0d-b8ac-4e9e-9ba6-1724c63a8401: GrpcServicesImpl started, listening on 15061
2025-07-02 18:45:19,031 [92aeff0d-b8ac-4e9e-9ba6-1724c63a8401-EndpointStateMachineTaskThread-/0.0.0.0:15002-0 ] INFO  server.GrpcServicesImpl (GrpcServicesImpl.java:startImpl(346)) - 92aeff0d-b8ac-4e9e-9ba6-1724c63a8401: GrpcServicesImpl started, listening on 15063
2025-07-02 18:45:19,031 [92aeff0d-b8ac-4e9e-9ba6-1724c63a8401-EndpointStateMachineTaskThread-/0.0.0.0:15002-0 ] INFO  server.GrpcServicesImpl (GrpcServicesImpl.java:startImpl(346)) - 92aeff0d-b8ac-4e9e-9ba6-1724c63a8401: GrpcServicesImpl started, listening on 15062
2025-07-02 18:45:19,031 [92aeff0d-b8ac-4e9e-9ba6-1724c63a8401-EndpointStateMachineTaskThread-/0.0.0.0:15002-0 ] INFO  ratis.XceiverServerRatis (XceiverServerRatis.java:getRealPort(586)) - XceiverServerRatis(92aeff0d-b8ac-4e9e-9ba6-1724c63a8401) is started using port RATIS=15061
2025-07-02 18:45:19,032 [JvmPauseMonitor9] INFO  util.JvmPauseMonitor (JvmPauseMonitor.java:run(146)) - JvmPauseMonitor-92aeff0d-b8ac-4e9e-9ba6-1724c63a8401: Started
2025-07-02 18:45:19,032 [92aeff0d-b8ac-4e9e-9ba6-1724c63a8401-EndpointStateMachineTaskThread-/0.0.0.0:15002-0 ] INFO  ratis.XceiverServerRatis (XceiverServerRatis.java:getRealPort(586)) - XceiverServerRatis(92aeff0d-b8ac-4e9e-9ba6-1724c63a8401) is started using port RATIS_ADMIN=15062
2025-07-02 18:45:19,032 [92aeff0d-b8ac-4e9e-9ba6-1724c63a8401-EndpointStateMachineTaskThread-/0.0.0.0:15002-0 ] INFO  ratis.XceiverServerRatis (XceiverServerRatis.java:getRealPort(586)) - XceiverServerRatis(92aeff0d-b8ac-4e9e-9ba6-1724c63a8401) is started using port RATIS_SERVER=15063
2025-07-02 18:45:19,032 [92aeff0d-b8ac-4e9e-9ba6-1724c63a8401-EndpointStateMachineTaskThread-/0.0.0.0:15002-0 ] INFO  ratis.XceiverServerRatis (XceiverServerRatis.java:getRealPort(586)) - XceiverServerRatis(92aeff0d-b8ac-4e9e-9ba6-1724c63a8401) is started using port RATIS_DATASTREAM=15064
2025-07-02 18:45:19,032 [92aeff0d-b8ac-4e9e-9ba6-1724c63a8401-EndpointStateMachineTaskThread-/0.0.0.0:15002-0 ] INFO  utils.BackgroundService (BackgroundService.java:start(118)) - Starting service BlockDeletingService with interval 60000 milliseconds
2025-07-02 18:45:19,033 [92aeff0d-b8ac-4e9e-9ba6-1724c63a8401-EndpointStateMachineTaskThread-/0.0.0.0:15002-0 ] INFO  utils.BackgroundService (BackgroundService.java:start(118)) - Starting service StaleRecoveringContainerScrubbingService with interval 60000 milliseconds
2025-07-02 18:45:19,043 [main] WARN  statemachine.DatanodeConfiguration (DatanodeConfiguration.java:validateMinFreeSpace(751)) - hdds.datanode.volume.min.free.space.percent = -1.0 is invalid, should be between 0 and 1
2025-07-02 18:45:19,043 [main] WARN  statemachine.DatanodeConfiguration (DatanodeConfiguration.java:validateMinFreeSpace(751)) - hdds.datanode.volume.min.free.space.percent = -1.0 is invalid, should be between 0 and 1
2025-07-02 18:45:19,044 [main] INFO  impl.FilePerChunkStrategy (FilePerChunkStrategy.java:<init>(79)) - ozone.chunk.read.mapped.buffer.max.count is load with 0
2025-07-02 18:45:19,044 [main] INFO  impl.FilePerBlockStrategy (FilePerBlockStrategy.java:<init>(88)) - ozone.chunk.read.mapped.buffer.max.count is load with 0
2025-07-02 18:45:19,044 [main] WARN  statemachine.DatanodeConfiguration (DatanodeConfiguration.java:validateMinFreeSpace(751)) - hdds.datanode.volume.min.free.space.percent = -1.0 is invalid, should be between 0 and 1
2025-07-02 18:45:19,045 [main] INFO  server.RaftServerConfigKeys (ConfUtils.java:logGet(62)) - raft.server.log.appender.buffer.byte-limit = 33554432 (custom)
2025-07-02 18:45:19,046 [main] INFO  grpc.GrpcConfigKeys (ConfUtils.java:logFallback(69)) - raft.grpc.admin.host = null (fallback to raft.grpc.server.host)
2025-07-02 18:45:19,046 [main] INFO  grpc.GrpcConfigKeys (ConfUtils.java:logGet(62)) - raft.grpc.admin.port = 15086 (custom)
2025-07-02 18:45:19,046 [main] INFO  grpc.GrpcConfigKeys (ConfUtils.java:logFallback(69)) - raft.grpc.client.host = null (fallback to raft.grpc.server.host)
2025-07-02 18:45:19,047 [main] INFO  grpc.GrpcConfigKeys (ConfUtils.java:logGet(62)) - raft.grpc.client.port = 15085 (custom)
2025-07-02 18:45:19,047 [main] INFO  grpc.GrpcConfigKeys (ConfUtils.java:logGet(62)) - raft.grpc.server.port = 15087 (custom)
2025-07-02 18:45:19,047 [main] INFO  server.GrpcServicesImpl (ConfUtils.java:logGet(62)) - raft.grpc.message.size.max = 34603008 (custom)
2025-07-02 18:45:19,047 [main] INFO  server.GrpcServicesImpl (ConfUtils.java:logGet(62)) - raft.grpc.flow.control.window = 5MB (=5242880) (custom)
2025-07-02 18:45:19,047 [main] INFO  server.RaftServerConfigKeys (ConfUtils.java:logGet(62)) - raft.server.log.appender.buffer.byte-limit = 33554432 (custom)
2025-07-02 18:45:19,049 [main] INFO  netty.NettyUtils (NettyUtils.java:newEventLoopGroup(74)) - Create EpollEventLoopGroup for f74b8a39-8cc1-4de2-93c6-02015e72cd55-NettyServerStreamRpc-bossGroup; Thread size is 0.
2025-07-02 18:45:19,050 [main] INFO  netty.NettyUtils (NettyUtils.java:newEventLoopGroup(74)) - Create EpollEventLoopGroup for f74b8a39-8cc1-4de2-93c6-02015e72cd55-NettyServerStreamRpc-workerGroup; Thread size is 0.
2025-07-02 18:45:19,051 [main] INFO  netty.NettyConfigKeys$DataStream (ConfUtils.java:logGet(62)) - raft.netty.dataStream.port = 15088 (custom)
2025-07-02 18:45:19,051 [main] INFO  server.RaftServerConfigKeys (ConfUtils.java:logGet(62)) - raft.server.storage.dir = [/home/runner/work/ozone/ozone/hadoop-ozone/integration-test/target/test-dir/MiniOzoneClusterImpl-b7e00dfa-d3b8-45cf-9d3a-2bd5fdfebf54/ozone-meta/datanode-10/ratis] (custom)
2025-07-02 18:45:19,051 [f74b8a39-8cc1-4de2-93c6-02015e72cd55-NettyServerStreamRpc-bossGroup--thread1] INFO  logging.LoggingHandler (AbstractInternalLogger.java:log(148)) - [id: 0x4888b9cf] REGISTERED
2025-07-02 18:45:19,051 [f74b8a39-8cc1-4de2-93c6-02015e72cd55-NettyServerStreamRpc-bossGroup--thread1] INFO  logging.LoggingHandler (AbstractInternalLogger.java:log(148)) - [id: 0x4888b9cf] BIND: 0.0.0.0/0.0.0.0:15088
2025-07-02 18:45:19,052 [f74b8a39-8cc1-4de2-93c6-02015e72cd55-NettyServerStreamRpc-bossGroup--thread1] INFO  logging.LoggingHandler (AbstractInternalLogger.java:log(148)) - [id: 0x4888b9cf, L:/0.0.0.0:15088] ACTIVE
2025-07-02 18:45:19,052 [f74b8a39-8cc1-4de2-93c6-02015e72cd55-impl-thread1] INFO  server.RaftServer (RaftServerProxy.java:initGroupDir(270)) - f74b8a39-8cc1-4de2-93c6-02015e72cd55: found a subdirectory /home/runner/work/ozone/ozone/hadoop-ozone/integration-test/target/test-dir/MiniOzoneClusterImpl-b7e00dfa-d3b8-45cf-9d3a-2bd5fdfebf54/ozone-meta/datanode-10/ratis/tmp
2025-07-02 18:45:19,052 [f74b8a39-8cc1-4de2-93c6-02015e72cd55-impl-thread1] INFO  server.RaftServer (RaftServerProxy.java:initGroupDir(275)) - f74b8a39-8cc1-4de2-93c6-02015e72cd55: The directory /home/runner/work/ozone/ozone/hadoop-ozone/integration-test/target/test-dir/MiniOzoneClusterImpl-b7e00dfa-d3b8-45cf-9d3a-2bd5fdfebf54/ozone-meta/datanode-10/ratis/tmp is not a group directory; ignoring it. 
2025-07-02 18:45:19,052 [main] INFO  replication.ReplicationServer (ReplicationServer.java:<init>(84)) - Initializing replication server with thread count = 10 queue length = 4096
2025-07-02 18:45:19,053 [main] WARN  statemachine.DatanodeConfiguration (DatanodeConfiguration.java:validateMinFreeSpace(751)) - hdds.datanode.volume.min.free.space.percent = -1.0 is invalid, should be between 0 and 1
2025-07-02 18:45:19,053 [main] INFO  server.XceiverServerGrpc (XceiverServerGrpc.java:<init>(130)) - GrpcServer channel type EpollServerSocketChannel
2025-07-02 18:45:19,054 [main] WARN  statemachine.DatanodeConfiguration (DatanodeConfiguration.java:validateMinFreeSpace(751)) - hdds.datanode.volume.min.free.space.percent = -1.0 is invalid, should be between 0 and 1
2025-07-02 18:45:19,055 [main] INFO  replication.ReplicationSupervisor (ReplicationSupervisor.java:build(169)) - Initializing replication supervisor with thread count = 10
2025-07-02 18:45:19,055 [main] INFO  replication.ReplicationSupervisor (ReplicationSupervisor.java:nodeStateUpdated(358)) - Node state updated to IN_SERVICE, scaling executor pool size to 10
2025-07-02 18:45:19,056 [main] WARN  statemachine.DatanodeConfiguration (DatanodeConfiguration.java:validateMinFreeSpace(751)) - hdds.datanode.volume.min.free.space.percent = -1.0 is invalid, should be between 0 and 1
2025-07-02 18:45:19,058 [main] INFO  http.BaseHttpServer (BaseHttpServer.java:newHttpServer2BuilderForOzone(229)) - Starting Web-server for hddsDatanode at: http://0.0.0.0:15082
2025-07-02 18:45:19,058 [main] INFO  http.BaseHttpServer (BaseHttpServer.java:<init>(107)) - Hadoop Security Enabled: false Ozone Security Enabled: false Ozone HTTP Security Enabled: false 
2025-07-02 18:45:19,059 [main] WARN  server.AuthenticationFilter (AuthenticationFilter.java:constructSecretProvider(240)) - Unable to initialize FileSignerSecretProvider, falling back to use random secrets. Reason: Could not read signature secret file: /home/runner/hadoop-http-auth-signature-secret
2025-07-02 18:45:19,062 [main] INFO  http.HttpServer2 (HttpServer2.java:addGlobalFilter(1042)) - Added global filter 'safety' (class=org.apache.hadoop.hdds.server.http.HttpServer2$QuotingInputFilter)
2025-07-02 18:45:19,063 [main] INFO  http.HttpServer2 (HttpServer2.java:addFilter(1018)) - Added filter static_user_filter (class=org.apache.hadoop.http.lib.StaticUserWebFilter$StaticUserFilter) to context hddsDatanode
2025-07-02 18:45:19,063 [main] INFO  http.HttpServer2 (HttpServer2.java:addFilter(1026)) - Added filter static_user_filter (class=org.apache.hadoop.http.lib.StaticUserWebFilter$StaticUserFilter) to context static
2025-07-02 18:45:19,063 [main] INFO  http.HttpServer2 (HttpServer2.java:addFilter(1026)) - Added filter static_user_filter (class=org.apache.hadoop.http.lib.StaticUserWebFilter$StaticUserFilter) to context logs
2025-07-02 18:45:19,064 [main] INFO  http.BaseHttpServer (BaseHttpServer.java:<init>(195)) - HTTP server of hddsDatanode uses base directory /home/runner/work/ozone/ozone/hadoop-ozone/integration-test/target/test-dir/MiniOzoneClusterImpl-b7e00dfa-d3b8-45cf-9d3a-2bd5fdfebf54/ozone-meta/datanode-10/meta/webserver
2025-07-02 18:45:19,064 [main] INFO  http.HttpServer2 (HttpServer2.java:bindListener(1242)) - Jetty bound to port 15082
2025-07-02 18:45:19,064 [main] INFO  server.Server (Server.java:doStart(375)) - jetty-9.4.57.v20241219; built: 2025-01-08T21:24:30.412Z; git: df524e6b29271c2e09ba9aea83c18dc9db464a31; jvm 21.0.7+6-LTS
2025-07-02 18:45:19,066 [main] INFO  server.session (DefaultSessionIdManager.java:doStart(334)) - DefaultSessionIdManager workerName=node0
2025-07-02 18:45:19,066 [main] INFO  server.session (DefaultSessionIdManager.java:doStart(339)) - No SessionScavenger set, using defaults
2025-07-02 18:45:19,066 [main] INFO  server.session (HouseKeeper.java:startScavenging(132)) - node0 Scavenging every 660000ms
2025-07-02 18:45:19,066 [main] INFO  handler.ContextHandler (ContextHandler.java:doStart(921)) - Started o.e.j.s.ServletContextHandler@2532efdf{logs,/logs,file:///home/runner/work/ozone/ozone/hadoop-ozone/integration-test/target/log,AVAILABLE}
2025-07-02 18:45:19,067 [main] INFO  handler.ContextHandler (ContextHandler.java:doStart(921)) - Started o.e.j.s.ServletContextHandler@5ff65505{static,/static,jar:file:/home/runner/work/ozone/ozone/hadoop-hdds/container-service/target/hdds-container-service-2.1.0-SNAPSHOT.jar!/webapps/static,AVAILABLE}
2025-07-02 18:45:19,104 [EventQueue-PipelineReportForOneReplicaPipelineSafeModeRule] INFO  safemode.SCMSafeModeManager (SCMSafeModeManager.java:validateSafeModeExitRules(139)) - AtleastOneDatanodeReportedRule rule is successfully validated
2025-07-02 18:45:19,177 [EventQueue-PipelineReportForOneReplicaPipelineSafeModeRule] INFO  safemode.SCMSafeModeManager (SCMSafeModeManager.java:validateSafeModeExitRules(139)) - AtleastOneDatanodeReportedRule rule is successfully validated
2025-07-02 18:45:19,205 [IPC Server handler 19 on default port 15002] INFO  net.NetworkTopologyImpl (NetworkTopologyImpl.java:add(133)) - Added a new node: /default-rack/4114dace-2331-46e8-9bd0-01e36750a673
2025-07-02 18:45:19,205 [IPC Server handler 19 on default port 15002] INFO  node.SCMNodeManager (SCMNodeManager.java:register(423)) - Registered datanode: 4114dace-2331-46e8-9bd0-01e36750a673{ip: 127.0.0.1, host: localhost, ports: [HTTP=15050, CLIENT_RPC=15051, REPLICATION=15057, RATIS=15053, RATIS_ADMIN=15054, RATIS_SERVER=15055, RATIS_DATASTREAM=15056, STANDALONE=15052], networkLocation: /default-rack, certSerialId: null, persistedOpState: null, persistedOpStateExpiryEpochSec: 0}
2025-07-02 18:45:19,206 [EventQueue-NewNodeForNewNodeHandler] INFO  pipeline.BackgroundPipelineCreator (BackgroundPipelineCreator.java:notifyEventTriggered(290)) - trigger a one-shot run on RatisPipelineUtilsThread.
2025-07-02 18:45:19,206 [EventQueue-NodeRegistrationContainerReportForDataNodeSafeModeRule] INFO  safemode.SCMSafeModeManager (SCMSafeModeManager.java:validateSafeModeExitRules(139)) - DataNodeSafeModeRule rule is successfully validated
2025-07-02 18:45:19,206 [RatisPipelineUtilsThread-0] INFO  pipeline.RatisPipelineProvider (RatisPipelineProvider.java:lambda$create$0(208)) - Sending CreatePipelineCommand for pipeline:Pipeline-fc6e5aad-ca14-4a9f-b2c7-3ee6f51c8c50 to datanode:4114dace-2331-46e8-9bd0-01e36750a673(localhost/127.0.0.1)
2025-07-02 18:45:19,207 [EventQueue-ContainerRegistrationReportForRatisContainerSafeModeRule] INFO  safemode.SCMSafeModeManager (SCMSafeModeManager.java:validateSafeModeExitRules(139)) - RatisContainerSafeModeRule rule is successfully validated
2025-07-02 18:45:19,207 [EventQueue-ContainerRegistrationReportForECContainerSafeModeRule] INFO  safemode.SCMSafeModeManager (SCMSafeModeManager.java:validateSafeModeExitRules(139)) - ECContainerSafeModeRule rule is successfully validated
2025-07-02 18:45:19,208 [EventQueue-PipelineReportForOneReplicaPipelineSafeModeRule] INFO  safemode.SCMSafeModeManager (SCMSafeModeManager.java:validateSafeModeExitRules(139)) - AtleastOneDatanodeReportedRule rule is successfully validated
2025-07-02 18:45:19,209 [EventQueue-PipelineReportForOneReplicaPipelineSafeModeRule] INFO  safemode.SCMSafeModeManager (SCMSafeModeManager.java:validateSafeModeExitRules(139)) - AtleastOneDatanodeReportedRule rule is successfully validated
2025-07-02 18:45:19,210 [0fee975d-e734-400e-bdb4-ee8e3ebebca6@group-2BD5FDFEBF54-StateMachineUpdater] INFO  safemode.SCMSafeModeManager (SCMSafeModeManager.java:validateSafeModeExitRules(139)) - DataNodeSafeModeRule rule is successfully validated
2025-07-02 18:45:19,211 [0fee975d-e734-400e-bdb4-ee8e3ebebca6@group-2BD5FDFEBF54-StateMachineUpdater] INFO  safemode.SCMSafeModeManager (SCMSafeModeManager.java:validateSafeModeExitRules(139)) - RatisContainerSafeModeRule rule is successfully validated
2025-07-02 18:45:19,211 [0fee975d-e734-400e-bdb4-ee8e3ebebca6@group-2BD5FDFEBF54-StateMachineUpdater] INFO  safemode.HealthyPipelineSafeModeRule (HealthyPipelineSafeModeRule.java:initializeRule(228)) - Refreshed total pipeline count is 0, healthy pipeline threshold count is 1
2025-07-02 18:45:19,211 [0fee975d-e734-400e-bdb4-ee8e3ebebca6@group-2BD5FDFEBF54-StateMachineUpdater] INFO  safemode.SCMSafeModeManager (SCMSafeModeManager.java:validateSafeModeExitRules(139)) - ECContainerSafeModeRule rule is successfully validated
2025-07-02 18:45:19,211 [0fee975d-e734-400e-bdb4-ee8e3ebebca6@group-2BD5FDFEBF54-StateMachineUpdater] INFO  safemode.SCMSafeModeManager (SCMSafeModeManager.java:validateSafeModeExitRules(139)) - AtleastOneDatanodeReportedRule rule is successfully validated
2025-07-02 18:45:19,211 [RatisPipelineUtilsThread-0] INFO  pipeline.BackgroundPipelineCreator (BackgroundPipelineCreator.java:createPipelines(246)) - Created new pipeline Pipeline{ Id: fc6e5aad-ca14-4a9f-b2c7-3ee6f51c8c50, Nodes: [ {4114dace-2331-46e8-9bd0-01e36750a673(localhost/127.0.0.1), ReplicaIndex: 0},], ReplicationConfig: RATIS/ONE, State:ALLOCATED, leaderId:, CreationTimestamp2025-07-02T18:45:19.206665828Z[Etc/UTC]}
2025-07-02 18:45:19,212 [RatisPipelineUtilsThread-0] INFO  pipeline.RatisPipelineProvider (RatisPipelineProvider.java:lambda$create$0(208)) - Sending CreatePipelineCommand for pipeline:Pipeline-5e6ba405-497c-4a06-b329-bc9ad7f74b25 to datanode:4114dace-2331-46e8-9bd0-01e36750a673(localhost/127.0.0.1)
2025-07-02 18:45:19,213 [RatisPipelineUtilsThread-0] INFO  pipeline.RatisPipelineProvider (RatisPipelineProvider.java:lambda$create$0(208)) - Sending CreatePipelineCommand for pipeline:Pipeline-5e6ba405-497c-4a06-b329-bc9ad7f74b25 to datanode:c6c1c004-cb80-4a23-8b53-68ef0e0db17b(localhost/127.0.0.1)
2025-07-02 18:45:19,213 [RatisPipelineUtilsThread-0] INFO  pipeline.RatisPipelineProvider (RatisPipelineProvider.java:lambda$create$0(208)) - Sending CreatePipelineCommand for pipeline:Pipeline-5e6ba405-497c-4a06-b329-bc9ad7f74b25 to datanode:95ee4113-9599-4433-8033-e07ec30d3bee(localhost/127.0.0.1)
2025-07-02 18:45:19,216 [0fee975d-e734-400e-bdb4-ee8e3ebebca6@group-2BD5FDFEBF54-StateMachineUpdater] INFO  safemode.SCMSafeModeManager (SCMSafeModeManager.java:validateSafeModeExitRules(139)) - DataNodeSafeModeRule rule is successfully validated
2025-07-02 18:45:19,216 [0fee975d-e734-400e-bdb4-ee8e3ebebca6@group-2BD5FDFEBF54-StateMachineUpdater] INFO  safemode.SCMSafeModeManager (SCMSafeModeManager.java:validateSafeModeExitRules(139)) - RatisContainerSafeModeRule rule is successfully validated
2025-07-02 18:45:19,216 [0fee975d-e734-400e-bdb4-ee8e3ebebca6@group-2BD5FDFEBF54-StateMachineUpdater] INFO  safemode.HealthyPipelineSafeModeRule (HealthyPipelineSafeModeRule.java:initializeRule(228)) - Refreshed total pipeline count is 0, healthy pipeline threshold count is 1
2025-07-02 18:45:19,216 [0fee975d-e734-400e-bdb4-ee8e3ebebca6@group-2BD5FDFEBF54-StateMachineUpdater] INFO  safemode.SCMSafeModeManager (SCMSafeModeManager.java:validateSafeModeExitRules(139)) - ECContainerSafeModeRule rule is successfully validated
2025-07-02 18:45:19,216 [0fee975d-e734-400e-bdb4-ee8e3ebebca6@group-2BD5FDFEBF54-StateMachineUpdater] INFO  safemode.SCMSafeModeManager (SCMSafeModeManager.java:validateSafeModeExitRules(139)) - AtleastOneDatanodeReportedRule rule is successfully validated
2025-07-02 18:45:19,217 [RatisPipelineUtilsThread-0] INFO  pipeline.BackgroundPipelineCreator (BackgroundPipelineCreator.java:createPipelines(246)) - Created new pipeline Pipeline{ Id: 5e6ba405-497c-4a06-b329-bc9ad7f74b25, Nodes: [ {4114dace-2331-46e8-9bd0-01e36750a673(localhost/127.0.0.1), ReplicaIndex: 0}, {c6c1c004-cb80-4a23-8b53-68ef0e0db17b(localhost/127.0.0.1), ReplicaIndex: 0}, {95ee4113-9599-4433-8033-e07ec30d3bee(localhost/127.0.0.1), ReplicaIndex: 0},], ReplicationConfig: RATIS/THREE, State:ALLOCATED, leaderId:, CreationTimestamp2025-07-02T18:45:19.212939687Z[Etc/UTC]}
2025-07-02 18:45:19,217 [RatisPipelineUtilsThread-0] INFO  pipeline.RatisPipelineProvider (RatisPipelineProvider.java:lambda$create$0(208)) - Sending CreatePipelineCommand for pipeline:Pipeline-1d88e53e-1d3e-4d9d-a5cb-5195515a604f to datanode:c6c1c004-cb80-4a23-8b53-68ef0e0db17b(localhost/127.0.0.1)
2025-07-02 18:45:19,217 [RatisPipelineUtilsThread-0] INFO  pipeline.RatisPipelineProvider (RatisPipelineProvider.java:lambda$create$0(208)) - Sending CreatePipelineCommand for pipeline:Pipeline-1d88e53e-1d3e-4d9d-a5cb-5195515a604f to datanode:95ee4113-9599-4433-8033-e07ec30d3bee(localhost/127.0.0.1)
2025-07-02 18:45:19,218 [RatisPipelineUtilsThread-0] INFO  pipeline.RatisPipelineProvider (RatisPipelineProvider.java:lambda$create$0(208)) - Sending CreatePipelineCommand for pipeline:Pipeline-1d88e53e-1d3e-4d9d-a5cb-5195515a604f to datanode:4114dace-2331-46e8-9bd0-01e36750a673(localhost/127.0.0.1)
2025-07-02 18:45:19,220 [0fee975d-e734-400e-bdb4-ee8e3ebebca6@group-2BD5FDFEBF54-StateMachineUpdater] INFO  safemode.SCMSafeModeManager (SCMSafeModeManager.java:validateSafeModeExitRules(139)) - DataNodeSafeModeRule rule is successfully validated
2025-07-02 18:45:19,220 [0fee975d-e734-400e-bdb4-ee8e3ebebca6@group-2BD5FDFEBF54-StateMachineUpdater] INFO  safemode.SCMSafeModeManager (SCMSafeModeManager.java:validateSafeModeExitRules(139)) - RatisContainerSafeModeRule rule is successfully validated
2025-07-02 18:45:19,220 [0fee975d-e734-400e-bdb4-ee8e3ebebca6@group-2BD5FDFEBF54-StateMachineUpdater] INFO  safemode.HealthyPipelineSafeModeRule (HealthyPipelineSafeModeRule.java:initializeRule(228)) - Refreshed total pipeline count is 0, healthy pipeline threshold count is 1
2025-07-02 18:45:19,220 [0fee975d-e734-400e-bdb4-ee8e3ebebca6@group-2BD5FDFEBF54-StateMachineUpdater] INFO  safemode.SCMSafeModeManager (SCMSafeModeManager.java:validateSafeModeExitRules(139)) - ECContainerSafeModeRule rule is successfully validated
2025-07-02 18:45:19,221 [0fee975d-e734-400e-bdb4-ee8e3ebebca6@group-2BD5FDFEBF54-StateMachineUpdater] INFO  safemode.SCMSafeModeManager (SCMSafeModeManager.java:validateSafeModeExitRules(139)) - AtleastOneDatanodeReportedRule rule is successfully validated
2025-07-02 18:45:19,222 [RatisPipelineUtilsThread-0] INFO  pipeline.PipelineManagerImpl (PipelineManagerImpl.java:recordMetricsForPipeline(922)) - Pipeline-1d88e53e-1d3e-4d9d-a5cb-5195515a604f and Pipeline-5e6ba405-497c-4a06-b329-bc9ad7f74b25 have exactly the same set of datanodes: [c6c1c004-cb80-4a23-8b53-68ef0e0db17b(localhost/127.0.0.1), 95ee4113-9599-4433-8033-e07ec30d3bee(localhost/127.0.0.1), 4114dace-2331-46e8-9bd0-01e36750a673(localhost/127.0.0.1)]
2025-07-02 18:45:19,222 [RatisPipelineUtilsThread-0] INFO  pipeline.BackgroundPipelineCreator (BackgroundPipelineCreator.java:createPipelines(246)) - Created new pipeline Pipeline{ Id: 1d88e53e-1d3e-4d9d-a5cb-5195515a604f, Nodes: [ {c6c1c004-cb80-4a23-8b53-68ef0e0db17b(localhost/127.0.0.1), ReplicaIndex: 0}, {95ee4113-9599-4433-8033-e07ec30d3bee(localhost/127.0.0.1), ReplicaIndex: 0}, {4114dace-2331-46e8-9bd0-01e36750a673(localhost/127.0.0.1), ReplicaIndex: 0},], ReplicationConfig: RATIS/THREE, State:ALLOCATED, leaderId:, CreationTimestamp2025-07-02T18:45:19.217874158Z[Etc/UTC]}
2025-07-02 18:45:19,229 [main] INFO  handler.ContextHandler (ContextHandler.java:doStart(921)) - Started o.e.j.w.WebAppContext@1a4f2ec3{hddsDatanode,/,file:///home/runner/work/ozone/ozone/hadoop-ozone/integration-test/target/test-dir/MiniOzoneClusterImpl-b7e00dfa-d3b8-45cf-9d3a-2bd5fdfebf54/ozone-meta/datanode-10/meta/webserver/jetty-0_0_0_0-15082-hdds-container-service-2_1_0-SNAPSHOT_jar-_-any-8119629574324474163/webapp/,AVAILABLE}{jar:file:/home/runner/work/ozone/ozone/hadoop-hdds/container-service/target/hdds-container-service-2.1.0-SNAPSHOT.jar!/webapps/hddsDatanode}
2025-07-02 18:45:19,229 [main] INFO  server.AbstractConnector (AbstractConnector.java:doStart(333)) - Started ServerConnector@91b587b{HTTP/1.1, (http/1.1)}{0.0.0.0:15082}
2025-07-02 18:45:19,230 [main] INFO  server.Server (Server.java:doStart(415)) - Started @14171ms
2025-07-02 18:45:19,230 [main] WARN  impl.MetricsSystemImpl (MetricsSystemImpl.java:register(279)) - Sink prometheus already exists!
2025-07-02 18:45:19,230 [main] INFO  http.BaseHttpServer (BaseHttpServer.java:updateConnectorAddress(359)) - HTTP server of hddsDatanode listening at http://localhost:15082
2025-07-02 18:45:19,230 [main] INFO  ipc.CallQueueManager (CallQueueManager.java:<init>(93)) - Using callQueue: class java.util.concurrent.LinkedBlockingQueue, queueCapacity: 1000, scheduler: class org.apache.hadoop.ipc.DefaultRpcScheduler, ipcBackoff: false, ipcFailOver: false.
2025-07-02 18:45:19,230 [main] INFO  ipc.Server (Server.java:<init>(1438)) - Listener at 0.0.0.0:15083
2025-07-02 18:45:19,231 [Socket Reader #1 for port 15083] INFO  ipc.Server (Server.java:run(1474)) - Starting Socket Reader #1 for port 15083
2025-07-02 18:45:19,231 [Socket Reader #2 for port 15083] INFO  ipc.Server (Server.java:run(1474)) - Starting Socket Reader #2 for port 15083
2025-07-02 18:45:19,232 [Socket Reader #3 for port 15083] INFO  ipc.Server (Server.java:run(1474)) - Starting Socket Reader #3 for port 15083
2025-07-02 18:45:19,232 [Socket Reader #4 for port 15083] INFO  ipc.Server (Server.java:run(1474)) - Starting Socket Reader #4 for port 15083
2025-07-02 18:45:19,232 [Socket Reader #5 for port 15083] INFO  ipc.Server (Server.java:run(1474)) - Starting Socket Reader #5 for port 15083
2025-07-02 18:45:19,233 [Socket Reader #6 for port 15083] INFO  ipc.Server (Server.java:run(1474)) - Starting Socket Reader #6 for port 15083
2025-07-02 18:45:19,233 [Socket Reader #9 for port 15083] INFO  ipc.Server (Server.java:run(1474)) - Starting Socket Reader #9 for port 15083
2025-07-02 18:45:19,233 [Socket Reader #8 for port 15083] INFO  ipc.Server (Server.java:run(1474)) - Starting Socket Reader #8 for port 15083
2025-07-02 18:45:19,233 [Socket Reader #7 for port 15083] INFO  ipc.Server (Server.java:run(1474)) - Starting Socket Reader #7 for port 15083
2025-07-02 18:45:19,233 [Socket Reader #10 for port 15083] INFO  ipc.Server (Server.java:run(1474)) - Starting Socket Reader #10 for port 15083
2025-07-02 18:45:19,235 [main] INFO  ozone.HddsDatanodeService (HddsDatanodeService.java:start(333)) - Datanode start with admins: [admin, runner]
2025-07-02 18:45:19,235 [main] INFO  ozone.HddsDatanodeClientProtocolServer (HddsDatanodeClientProtocolServer.java:start(76)) - RPC server for Client /0.0.0.0:15083
2025-07-02 18:45:19,236 [IPC Server Responder] INFO  ipc.Server (Server.java:run(1713)) - IPC Server Responder: starting
2025-07-02 18:45:19,236 [IPC Server listener on 15083] INFO  ipc.Server (Server.java:run(1553)) - IPC Server listener on 15083: starting
2025-07-02 18:45:19,239 [EventQueue-PipelineReportForOneReplicaPipelineSafeModeRule] INFO  safemode.SCMSafeModeManager (SCMSafeModeManager.java:validateSafeModeExitRules(139)) - AtleastOneDatanodeReportedRule rule is successfully validated
2025-07-02 18:45:19,245 [main] INFO  ozone.MiniOzoneClusterImpl (MiniOzoneClusterImpl.java:lambda$waitForClusterToBeReady$0(173)) - Waiting for nodes to be ready. Got 6 of 10 DN Heartbeats.
2025-07-02 18:45:19,245 [main] INFO  ozone.MiniOzoneClusterImpl (MiniOzoneClusterImpl.java:lambda$waitForClusterToBeReady$0(176)) - Waiting for cluster to exit safe mode
2025-07-02 18:45:19,245 [f74b8a39-8cc1-4de2-93c6-02015e72cd55-DatanodeStateMachineDaemonThread] INFO  statemachine.DatanodeStateMachine (DatanodeStateMachine.java:startStateMachineThread(347)) - Ozone container server started.
2025-07-02 18:45:19,245 [main] INFO  ozone.MiniOzoneClusterImpl (MiniOzoneClusterImpl.java:lambda$waitForClusterToBeReady$0(178)) - SCM became leader
2025-07-02 18:45:19,251 [f74b8a39-8cc1-4de2-93c6-02015e72cd55-DatanodeStateMachineTaskThread-0] INFO  datanode.InitDatanodeState (InitDatanodeState.java:persistContainerDatanodeDetails(139)) - DatanodeDetails is persisted to /home/runner/work/ozone/ozone/hadoop-ozone/integration-test/target/test-dir/MiniOzoneClusterImpl-b7e00dfa-d3b8-45cf-9d3a-2bd5fdfebf54/ozone-meta/datanode-10/meta/datanode.id
2025-07-02 18:45:19,252 [71a26ef2-e834-411c-97c5-a30c78105e8f-EndpointStateMachineTaskThread-/0.0.0.0:15002-0 ] WARN  statemachine.DatanodeConfiguration (DatanodeConfiguration.java:validateMinFreeSpace(751)) - hdds.datanode.volume.min.free.space.percent = -1.0 is invalid, should be between 0 and 1
2025-07-02 18:45:19,253 [71a26ef2-e834-411c-97c5-a30c78105e8f-EndpointStateMachineTaskThread-/0.0.0.0:15002-0 ] WARN  statemachine.DatanodeConfiguration (DatanodeConfiguration.java:validateMinFreeSpace(751)) - hdds.datanode.volume.min.free.space.percent = -1.0 is invalid, should be between 0 and 1
2025-07-02 18:45:19,253 [71a26ef2-e834-411c-97c5-a30c78105e8f-EndpointStateMachineTaskThread-/0.0.0.0:15002-0 ] WARN  statemachine.DatanodeConfiguration (DatanodeConfiguration.java:validateMinFreeSpace(751)) - hdds.datanode.volume.min.free.space.percent = -1.0 is invalid, should be between 0 and 1
2025-07-02 18:45:19,288 [71a26ef2-e834-411c-97c5-a30c78105e8f-EndpointStateMachineTaskThread-/0.0.0.0:15002-0 ] INFO  utils.DatanodeStoreCache (DatanodeStoreCache.java:addDB(70)) - Added db /home/runner/work/ozone/ozone/hadoop-ozone/integration-test/target/test-dir/MiniOzoneClusterImpl-b7e00dfa-d3b8-45cf-9d3a-2bd5fdfebf54/ozone-meta/datanode-8/data-0/hdds/b7e00dfa-d3b8-45cf-9d3a-2bd5fdfebf54/DS-ac9047c9-d244-486d-8922-2fa5c2d1a2b6/container.db to cache
2025-07-02 18:45:19,288 [71a26ef2-e834-411c-97c5-a30c78105e8f-EndpointStateMachineTaskThread-/0.0.0.0:15002-0 ] INFO  volume.HddsVolume (HddsVolume.java:createDbStore(575)) - SchemaV3 db is created and loaded at /home/runner/work/ozone/ozone/hadoop-ozone/integration-test/target/test-dir/MiniOzoneClusterImpl-b7e00dfa-d3b8-45cf-9d3a-2bd5fdfebf54/ozone-meta/datanode-8/data-0/hdds/b7e00dfa-d3b8-45cf-9d3a-2bd5fdfebf54/DS-ac9047c9-d244-486d-8922-2fa5c2d1a2b6/container.db for volume DS-ac9047c9-d244-486d-8922-2fa5c2d1a2b6
2025-07-02 18:45:19,288 [71a26ef2-e834-411c-97c5-a30c78105e8f-EndpointStateMachineTaskThread-/0.0.0.0:15002-0 ] WARN  statemachine.DatanodeConfiguration (DatanodeConfiguration.java:validateMinFreeSpace(751)) - hdds.datanode.volume.min.free.space.percent = -1.0 is invalid, should be between 0 and 1
2025-07-02 18:45:19,290 [71a26ef2-e834-411c-97c5-a30c78105e8f-ContainerReader-0] INFO  ozoneimpl.ContainerReader (ContainerReader.java:readVolume(144)) - Start to verify containers on volume /home/runner/work/ozone/ozone/hadoop-ozone/integration-test/target/test-dir/MiniOzoneClusterImpl-b7e00dfa-d3b8-45cf-9d3a-2bd5fdfebf54/ozone-meta/datanode-8/data-0/hdds
2025-07-02 18:45:19,291 [71a26ef2-e834-411c-97c5-a30c78105e8f-ContainerReader-0] INFO  ozoneimpl.ContainerReader (ContainerReader.java:readVolume(174)) - Finish verifying containers on volume /home/runner/work/ozone/ozone/hadoop-ozone/integration-test/target/test-dir/MiniOzoneClusterImpl-b7e00dfa-d3b8-45cf-9d3a-2bd5fdfebf54/ozone-meta/datanode-8/data-0/hdds
2025-07-02 18:45:19,291 [71a26ef2-e834-411c-97c5-a30c78105e8f-EndpointStateMachineTaskThread-/0.0.0.0:15002-0 ] INFO  ozoneimpl.OzoneContainer (OzoneContainer.java:buildContainerSet(370)) - Build ContainerSet costs 0s
2025-07-02 18:45:19,291 [71a26ef2-e834-411c-97c5-a30c78105e8f-EndpointStateMachineTaskThread-/0.0.0.0:15002-0 ] INFO  volume.ThrottledAsyncChecker (ThrottledAsyncChecker.java:schedule(138)) - Scheduling a check for /home/runner/work/ozone/ozone/hadoop-ozone/integration-test/target/test-dir/MiniOzoneClusterImpl-b7e00dfa-d3b8-45cf-9d3a-2bd5fdfebf54/ozone-meta/datanode-8/data-0/hdds
2025-07-02 18:45:19,291 [71a26ef2-e834-411c-97c5-a30c78105e8f-EndpointStateMachineTaskThread-/0.0.0.0:15002-0 ] INFO  volume.StorageVolumeChecker (StorageVolumeChecker.java:checkAllVolumes(215)) - Scheduled health check for volume /home/runner/work/ozone/ozone/hadoop-ozone/integration-test/target/test-dir/MiniOzoneClusterImpl-b7e00dfa-d3b8-45cf-9d3a-2bd5fdfebf54/ozone-meta/datanode-8/data-0/hdds
2025-07-02 18:45:19,295 [71a26ef2-e834-411c-97c5-a30c78105e8f-EndpointStateMachineTaskThread-/0.0.0.0:15002-0 ] INFO  volume.ThrottledAsyncChecker (ThrottledAsyncChecker.java:schedule(138)) - Scheduling a check for /home/runner/work/ozone/ozone/hadoop-ozone/integration-test/target/test-dir/MiniOzoneClusterImpl-b7e00dfa-d3b8-45cf-9d3a-2bd5fdfebf54/ozone-meta/datanode-8/ratis
2025-07-02 18:45:19,295 [71a26ef2-e834-411c-97c5-a30c78105e8f-EndpointStateMachineTaskThread-/0.0.0.0:15002-0 ] INFO  volume.StorageVolumeChecker (StorageVolumeChecker.java:checkAllVolumes(215)) - Scheduled health check for volume /home/runner/work/ozone/ozone/hadoop-ozone/integration-test/target/test-dir/MiniOzoneClusterImpl-b7e00dfa-d3b8-45cf-9d3a-2bd5fdfebf54/ozone-meta/datanode-8/ratis
2025-07-02 18:45:19,296 [71a26ef2-e834-411c-97c5-a30c78105e8f-EndpointStateMachineTaskThread-/0.0.0.0:15002-0 ] INFO  ozoneimpl.OzoneContainer (OzoneContainer.java:start(520)) - Attempting to start container services.
2025-07-02 18:45:19,297 [ContainerMetadataScanner] INFO  ozoneimpl.AbstractBackgroundContainerScanner (AbstractBackgroundContainerScanner.java:runIteration(89)) - Completed an iteration in 0 minutes. Number of iterations (since the data-node restart) : 1, Number of containers scanned in this iteration : 0, Number of unhealthy containers found in this iteration : 0
2025-07-02 18:45:19,297 [ContainerDataScanner(/home/runner/work/ozone/ozone/hadoop-ozone/integration-test/target/test-dir/MiniOzoneClusterImpl-b7e00dfa-d3b8-45cf-9d3a-2bd5fdfebf54/ozone-meta/datanode-8/data-0/hdds)] INFO  ozoneimpl.AbstractBackgroundContainerScanner (AbstractBackgroundContainerScanner.java:runIteration(89)) - Completed an iteration in 0 minutes. Number of iterations (since the data-node restart) : 1, Number of containers scanned in this iteration : 0, Number of unhealthy containers found in this iteration : 0
2025-07-02 18:45:19,298 [71a26ef2-e834-411c-97c5-a30c78105e8f-EndpointStateMachineTaskThread-/0.0.0.0:15002-0 ] INFO  replication.ReplicationServer (ReplicationServer.java:start(137)) - ReplicationServer is started using port 15073
2025-07-02 18:45:19,298 [71a26ef2-e834-411c-97c5-a30c78105e8f-EndpointStateMachineTaskThread-/0.0.0.0:15002-0 ] INFO  ratis.XceiverServerRatis (XceiverServerRatis.java:start(559)) - Starting XceiverServerRatis(71a26ef2-e834-411c-97c5-a30c78105e8f)
2025-07-02 18:45:19,299 [71a26ef2-e834-411c-97c5-a30c78105e8f-EndpointStateMachineTaskThread-/0.0.0.0:15002-0 ] INFO  server.RaftServer (RaftServerProxy.java:startImpl(412)) - 71a26ef2-e834-411c-97c5-a30c78105e8f: start RPC server
2025-07-02 18:45:19,299 [EventQueue-PipelineReportForOneReplicaPipelineSafeModeRule] INFO  safemode.SCMSafeModeManager (SCMSafeModeManager.java:validateSafeModeExitRules(139)) - AtleastOneDatanodeReportedRule rule is successfully validated
2025-07-02 18:45:19,300 [71a26ef2-e834-411c-97c5-a30c78105e8f-EndpointStateMachineTaskThread-/0.0.0.0:15002-0 ] INFO  server.GrpcServicesImpl (GrpcServicesImpl.java:startImpl(346)) - 71a26ef2-e834-411c-97c5-a30c78105e8f: GrpcServicesImpl started, listening on 15069
2025-07-02 18:45:19,300 [71a26ef2-e834-411c-97c5-a30c78105e8f-EndpointStateMachineTaskThread-/0.0.0.0:15002-0 ] INFO  server.GrpcServicesImpl (GrpcServicesImpl.java:startImpl(346)) - 71a26ef2-e834-411c-97c5-a30c78105e8f: GrpcServicesImpl started, listening on 15071
2025-07-02 18:45:19,300 [71a26ef2-e834-411c-97c5-a30c78105e8f-EndpointStateMachineTaskThread-/0.0.0.0:15002-0 ] INFO  server.GrpcServicesImpl (GrpcServicesImpl.java:startImpl(346)) - 71a26ef2-e834-411c-97c5-a30c78105e8f: GrpcServicesImpl started, listening on 15070
2025-07-02 18:45:19,301 [71a26ef2-e834-411c-97c5-a30c78105e8f-EndpointStateMachineTaskThread-/0.0.0.0:15002-0 ] INFO  ratis.XceiverServerRatis (XceiverServerRatis.java:getRealPort(586)) - XceiverServerRatis(71a26ef2-e834-411c-97c5-a30c78105e8f) is started using port RATIS=15069
2025-07-02 18:45:19,301 [JvmPauseMonitor10] INFO  util.JvmPauseMonitor (JvmPauseMonitor.java:run(146)) - JvmPauseMonitor-71a26ef2-e834-411c-97c5-a30c78105e8f: Started
2025-07-02 18:45:19,301 [71a26ef2-e834-411c-97c5-a30c78105e8f-EndpointStateMachineTaskThread-/0.0.0.0:15002-0 ] INFO  ratis.XceiverServerRatis (XceiverServerRatis.java:getRealPort(586)) - XceiverServerRatis(71a26ef2-e834-411c-97c5-a30c78105e8f) is started using port RATIS_ADMIN=15070
2025-07-02 18:45:19,301 [71a26ef2-e834-411c-97c5-a30c78105e8f-EndpointStateMachineTaskThread-/0.0.0.0:15002-0 ] INFO  ratis.XceiverServerRatis (XceiverServerRatis.java:getRealPort(586)) - XceiverServerRatis(71a26ef2-e834-411c-97c5-a30c78105e8f) is started using port RATIS_SERVER=15071
2025-07-02 18:45:19,301 [71a26ef2-e834-411c-97c5-a30c78105e8f-EndpointStateMachineTaskThread-/0.0.0.0:15002-0 ] INFO  ratis.XceiverServerRatis (XceiverServerRatis.java:getRealPort(586)) - XceiverServerRatis(71a26ef2-e834-411c-97c5-a30c78105e8f) is started using port RATIS_DATASTREAM=15072
2025-07-02 18:45:19,302 [71a26ef2-e834-411c-97c5-a30c78105e8f-EndpointStateMachineTaskThread-/0.0.0.0:15002-0 ] INFO  utils.BackgroundService (BackgroundService.java:start(118)) - Starting service BlockDeletingService with interval 60000 milliseconds
2025-07-02 18:45:19,302 [71a26ef2-e834-411c-97c5-a30c78105e8f-EndpointStateMachineTaskThread-/0.0.0.0:15002-0 ] INFO  utils.BackgroundService (BackgroundService.java:start(118)) - Starting service StaleRecoveringContainerScrubbingService with interval 60000 milliseconds
2025-07-02 18:45:19,377 [EventQueue-PipelineReportForOneReplicaPipelineSafeModeRule] INFO  safemode.SCMSafeModeManager (SCMSafeModeManager.java:validateSafeModeExitRules(139)) - AtleastOneDatanodeReportedRule rule is successfully validated
2025-07-02 18:45:19,408 [EventQueue-PipelineReportForOneReplicaPipelineSafeModeRule] INFO  safemode.SCMSafeModeManager (SCMSafeModeManager.java:validateSafeModeExitRules(139)) - AtleastOneDatanodeReportedRule rule is successfully validated
2025-07-02 18:45:19,462 [IPC Server handler 9 on default port 15002] INFO  net.NetworkTopologyImpl (NetworkTopologyImpl.java:add(133)) - Added a new node: /default-rack/92aeff0d-b8ac-4e9e-9ba6-1724c63a8401
2025-07-02 18:45:19,462 [IPC Server handler 9 on default port 15002] INFO  node.SCMNodeManager (SCMNodeManager.java:register(423)) - Registered datanode: 92aeff0d-b8ac-4e9e-9ba6-1724c63a8401{ip: 127.0.0.1, host: localhost, ports: [HTTP=15058, CLIENT_RPC=15059, REPLICATION=15065, RATIS=15061, RATIS_ADMIN=15062, RATIS_SERVER=15063, RATIS_DATASTREAM=15064, STANDALONE=15060], networkLocation: /default-rack, certSerialId: null, persistedOpState: null, persistedOpStateExpiryEpochSec: 0}
2025-07-02 18:45:19,463 [EventQueue-NewNodeForNewNodeHandler] INFO  pipeline.BackgroundPipelineCreator (BackgroundPipelineCreator.java:notifyEventTriggered(290)) - trigger a one-shot run on RatisPipelineUtilsThread.
2025-07-02 18:45:19,463 [EventQueue-NodeRegistrationContainerReportForDataNodeSafeModeRule] INFO  safemode.SCMSafeModeManager (SCMSafeModeManager.java:validateSafeModeExitRules(139)) - DataNodeSafeModeRule rule is successfully validated
2025-07-02 18:45:19,463 [RatisPipelineUtilsThread-0] INFO  pipeline.RatisPipelineProvider (RatisPipelineProvider.java:lambda$create$0(208)) - Sending CreatePipelineCommand for pipeline:Pipeline-d780ee6f-851c-4d64-8d60-b4ee531a63a2 to datanode:92aeff0d-b8ac-4e9e-9ba6-1724c63a8401(localhost/127.0.0.1)
2025-07-02 18:45:19,464 [EventQueue-ContainerRegistrationReportForRatisContainerSafeModeRule] INFO  safemode.SCMSafeModeManager (SCMSafeModeManager.java:validateSafeModeExitRules(139)) - RatisContainerSafeModeRule rule is successfully validated
2025-07-02 18:45:19,464 [EventQueue-PipelineReportForOneReplicaPipelineSafeModeRule] INFO  safemode.SCMSafeModeManager (SCMSafeModeManager.java:validateSafeModeExitRules(139)) - AtleastOneDatanodeReportedRule rule is successfully validated
2025-07-02 18:45:19,464 [EventQueue-ContainerRegistrationReportForECContainerSafeModeRule] INFO  safemode.SCMSafeModeManager (SCMSafeModeManager.java:validateSafeModeExitRules(139)) - ECContainerSafeModeRule rule is successfully validated
2025-07-02 18:45:19,466 [EventQueue-PipelineReportForOneReplicaPipelineSafeModeRule] INFO  safemode.SCMSafeModeManager (SCMSafeModeManager.java:validateSafeModeExitRules(139)) - AtleastOneDatanodeReportedRule rule is successfully validated
2025-07-02 18:45:19,467 [0fee975d-e734-400e-bdb4-ee8e3ebebca6@group-2BD5FDFEBF54-StateMachineUpdater] INFO  safemode.SCMSafeModeManager (SCMSafeModeManager.java:validateSafeModeExitRules(139)) - DataNodeSafeModeRule rule is successfully validated
2025-07-02 18:45:19,467 [0fee975d-e734-400e-bdb4-ee8e3ebebca6@group-2BD5FDFEBF54-StateMachineUpdater] INFO  safemode.SCMSafeModeManager (SCMSafeModeManager.java:validateSafeModeExitRules(139)) - RatisContainerSafeModeRule rule is successfully validated
2025-07-02 18:45:19,467 [0fee975d-e734-400e-bdb4-ee8e3ebebca6@group-2BD5FDFEBF54-StateMachineUpdater] INFO  safemode.HealthyPipelineSafeModeRule (HealthyPipelineSafeModeRule.java:initializeRule(228)) - Refreshed total pipeline count is 0, healthy pipeline threshold count is 1
2025-07-02 18:45:19,468 [0fee975d-e734-400e-bdb4-ee8e3ebebca6@group-2BD5FDFEBF54-StateMachineUpdater] INFO  safemode.SCMSafeModeManager (SCMSafeModeManager.java:validateSafeModeExitRules(139)) - ECContainerSafeModeRule rule is successfully validated
2025-07-02 18:45:19,468 [0fee975d-e734-400e-bdb4-ee8e3ebebca6@group-2BD5FDFEBF54-StateMachineUpdater] INFO  safemode.SCMSafeModeManager (SCMSafeModeManager.java:validateSafeModeExitRules(139)) - AtleastOneDatanodeReportedRule rule is successfully validated
2025-07-02 18:45:19,468 [RatisPipelineUtilsThread-0] INFO  pipeline.BackgroundPipelineCreator (BackgroundPipelineCreator.java:createPipelines(246)) - Created new pipeline Pipeline{ Id: d780ee6f-851c-4d64-8d60-b4ee531a63a2, Nodes: [ {92aeff0d-b8ac-4e9e-9ba6-1724c63a8401(localhost/127.0.0.1), ReplicaIndex: 0},], ReplicationConfig: RATIS/ONE, State:ALLOCATED, leaderId:, CreationTimestamp2025-07-02T18:45:19.463628168Z[Etc/UTC]}
2025-07-02 18:45:19,505 [9eb5a351-9325-4150-9d0a-de2b7d27d48d-EndpointStateMachineTaskThread-/0.0.0.0:15002-0 ] WARN  statemachine.DatanodeConfiguration (DatanodeConfiguration.java:validateMinFreeSpace(751)) - hdds.datanode.volume.min.free.space.percent = -1.0 is invalid, should be between 0 and 1
2025-07-02 18:45:19,506 [9eb5a351-9325-4150-9d0a-de2b7d27d48d-EndpointStateMachineTaskThread-/0.0.0.0:15002-0 ] WARN  statemachine.DatanodeConfiguration (DatanodeConfiguration.java:validateMinFreeSpace(751)) - hdds.datanode.volume.min.free.space.percent = -1.0 is invalid, should be between 0 and 1
2025-07-02 18:45:19,506 [9eb5a351-9325-4150-9d0a-de2b7d27d48d-EndpointStateMachineTaskThread-/0.0.0.0:15002-0 ] WARN  statemachine.DatanodeConfiguration (DatanodeConfiguration.java:validateMinFreeSpace(751)) - hdds.datanode.volume.min.free.space.percent = -1.0 is invalid, should be between 0 and 1
2025-07-02 18:45:19,531 [9eb5a351-9325-4150-9d0a-de2b7d27d48d-EndpointStateMachineTaskThread-/0.0.0.0:15002-0 ] INFO  utils.DatanodeStoreCache (DatanodeStoreCache.java:addDB(70)) - Added db /home/runner/work/ozone/ozone/hadoop-ozone/integration-test/target/test-dir/MiniOzoneClusterImpl-b7e00dfa-d3b8-45cf-9d3a-2bd5fdfebf54/ozone-meta/datanode-9/data-0/hdds/b7e00dfa-d3b8-45cf-9d3a-2bd5fdfebf54/DS-6c7981c2-af5c-4b60-a88b-9850bd7e2182/container.db to cache
2025-07-02 18:45:19,531 [9eb5a351-9325-4150-9d0a-de2b7d27d48d-EndpointStateMachineTaskThread-/0.0.0.0:15002-0 ] INFO  volume.HddsVolume (HddsVolume.java:createDbStore(575)) - SchemaV3 db is created and loaded at /home/runner/work/ozone/ozone/hadoop-ozone/integration-test/target/test-dir/MiniOzoneClusterImpl-b7e00dfa-d3b8-45cf-9d3a-2bd5fdfebf54/ozone-meta/datanode-9/data-0/hdds/b7e00dfa-d3b8-45cf-9d3a-2bd5fdfebf54/DS-6c7981c2-af5c-4b60-a88b-9850bd7e2182/container.db for volume DS-6c7981c2-af5c-4b60-a88b-9850bd7e2182
2025-07-02 18:45:19,532 [9eb5a351-9325-4150-9d0a-de2b7d27d48d-EndpointStateMachineTaskThread-/0.0.0.0:15002-0 ] WARN  statemachine.DatanodeConfiguration (DatanodeConfiguration.java:validateMinFreeSpace(751)) - hdds.datanode.volume.min.free.space.percent = -1.0 is invalid, should be between 0 and 1
2025-07-02 18:45:19,534 [9eb5a351-9325-4150-9d0a-de2b7d27d48d-ContainerReader-0] INFO  ozoneimpl.ContainerReader (ContainerReader.java:readVolume(144)) - Start to verify containers on volume /home/runner/work/ozone/ozone/hadoop-ozone/integration-test/target/test-dir/MiniOzoneClusterImpl-b7e00dfa-d3b8-45cf-9d3a-2bd5fdfebf54/ozone-meta/datanode-9/data-0/hdds
2025-07-02 18:45:19,534 [9eb5a351-9325-4150-9d0a-de2b7d27d48d-ContainerReader-0] INFO  ozoneimpl.ContainerReader (ContainerReader.java:readVolume(174)) - Finish verifying containers on volume /home/runner/work/ozone/ozone/hadoop-ozone/integration-test/target/test-dir/MiniOzoneClusterImpl-b7e00dfa-d3b8-45cf-9d3a-2bd5fdfebf54/ozone-meta/datanode-9/data-0/hdds
2025-07-02 18:45:19,534 [9eb5a351-9325-4150-9d0a-de2b7d27d48d-EndpointStateMachineTaskThread-/0.0.0.0:15002-0 ] INFO  ozoneimpl.OzoneContainer (OzoneContainer.java:buildContainerSet(370)) - Build ContainerSet costs 0s
2025-07-02 18:45:19,535 [9eb5a351-9325-4150-9d0a-de2b7d27d48d-EndpointStateMachineTaskThread-/0.0.0.0:15002-0 ] INFO  volume.ThrottledAsyncChecker (ThrottledAsyncChecker.java:schedule(138)) - Scheduling a check for /home/runner/work/ozone/ozone/hadoop-ozone/integration-test/target/test-dir/MiniOzoneClusterImpl-b7e00dfa-d3b8-45cf-9d3a-2bd5fdfebf54/ozone-meta/datanode-9/data-0/hdds
2025-07-02 18:45:19,535 [9eb5a351-9325-4150-9d0a-de2b7d27d48d-EndpointStateMachineTaskThread-/0.0.0.0:15002-0 ] INFO  volume.StorageVolumeChecker (StorageVolumeChecker.java:checkAllVolumes(215)) - Scheduled health check for volume /home/runner/work/ozone/ozone/hadoop-ozone/integration-test/target/test-dir/MiniOzoneClusterImpl-b7e00dfa-d3b8-45cf-9d3a-2bd5fdfebf54/ozone-meta/datanode-9/data-0/hdds
2025-07-02 18:45:19,539 [9eb5a351-9325-4150-9d0a-de2b7d27d48d-EndpointStateMachineTaskThread-/0.0.0.0:15002-0 ] INFO  volume.ThrottledAsyncChecker (ThrottledAsyncChecker.java:schedule(138)) - Scheduling a check for /home/runner/work/ozone/ozone/hadoop-ozone/integration-test/target/test-dir/MiniOzoneClusterImpl-b7e00dfa-d3b8-45cf-9d3a-2bd5fdfebf54/ozone-meta/datanode-9/ratis
2025-07-02 18:45:19,539 [9eb5a351-9325-4150-9d0a-de2b7d27d48d-EndpointStateMachineTaskThread-/0.0.0.0:15002-0 ] INFO  volume.StorageVolumeChecker (StorageVolumeChecker.java:checkAllVolumes(215)) - Scheduled health check for volume /home/runner/work/ozone/ozone/hadoop-ozone/integration-test/target/test-dir/MiniOzoneClusterImpl-b7e00dfa-d3b8-45cf-9d3a-2bd5fdfebf54/ozone-meta/datanode-9/ratis
2025-07-02 18:45:19,540 [9eb5a351-9325-4150-9d0a-de2b7d27d48d-EndpointStateMachineTaskThread-/0.0.0.0:15002-0 ] INFO  ozoneimpl.OzoneContainer (OzoneContainer.java:start(520)) - Attempting to start container services.
2025-07-02 18:45:19,540 [ContainerMetadataScanner] INFO  ozoneimpl.AbstractBackgroundContainerScanner (AbstractBackgroundContainerScanner.java:runIteration(89)) - Completed an iteration in 0 minutes. Number of iterations (since the data-node restart) : 1, Number of containers scanned in this iteration : 0, Number of unhealthy containers found in this iteration : 0
2025-07-02 18:45:19,541 [ContainerDataScanner(/home/runner/work/ozone/ozone/hadoop-ozone/integration-test/target/test-dir/MiniOzoneClusterImpl-b7e00dfa-d3b8-45cf-9d3a-2bd5fdfebf54/ozone-meta/datanode-9/data-0/hdds)] INFO  ozoneimpl.AbstractBackgroundContainerScanner (AbstractBackgroundContainerScanner.java:runIteration(89)) - Completed an iteration in 0 minutes. Number of iterations (since the data-node restart) : 1, Number of containers scanned in this iteration : 0, Number of unhealthy containers found in this iteration : 0
2025-07-02 18:45:19,541 [9eb5a351-9325-4150-9d0a-de2b7d27d48d-EndpointStateMachineTaskThread-/0.0.0.0:15002-0 ] INFO  replication.ReplicationServer (ReplicationServer.java:start(137)) - ReplicationServer is started using port 15081
2025-07-02 18:45:19,542 [9eb5a351-9325-4150-9d0a-de2b7d27d48d-EndpointStateMachineTaskThread-/0.0.0.0:15002-0 ] INFO  ratis.XceiverServerRatis (XceiverServerRatis.java:start(559)) - Starting XceiverServerRatis(9eb5a351-9325-4150-9d0a-de2b7d27d48d)
2025-07-02 18:45:19,543 [9eb5a351-9325-4150-9d0a-de2b7d27d48d-EndpointStateMachineTaskThread-/0.0.0.0:15002-0 ] INFO  server.RaftServer (RaftServerProxy.java:startImpl(412)) - 9eb5a351-9325-4150-9d0a-de2b7d27d48d: start RPC server
2025-07-02 18:45:19,543 [9eb5a351-9325-4150-9d0a-de2b7d27d48d-EndpointStateMachineTaskThread-/0.0.0.0:15002-0 ] INFO  server.GrpcServicesImpl (GrpcServicesImpl.java:startImpl(346)) - 9eb5a351-9325-4150-9d0a-de2b7d27d48d: GrpcServicesImpl started, listening on 15077
2025-07-02 18:45:19,543 [9eb5a351-9325-4150-9d0a-de2b7d27d48d-EndpointStateMachineTaskThread-/0.0.0.0:15002-0 ] INFO  server.GrpcServicesImpl (GrpcServicesImpl.java:startImpl(346)) - 9eb5a351-9325-4150-9d0a-de2b7d27d48d: GrpcServicesImpl started, listening on 15079
2025-07-02 18:45:19,544 [9eb5a351-9325-4150-9d0a-de2b7d27d48d-EndpointStateMachineTaskThread-/0.0.0.0:15002-0 ] INFO  server.GrpcServicesImpl (GrpcServicesImpl.java:startImpl(346)) - 9eb5a351-9325-4150-9d0a-de2b7d27d48d: GrpcServicesImpl started, listening on 15078
2025-07-02 18:45:19,544 [9eb5a351-9325-4150-9d0a-de2b7d27d48d-EndpointStateMachineTaskThread-/0.0.0.0:15002-0 ] INFO  ratis.XceiverServerRatis (XceiverServerRatis.java:getRealPort(586)) - XceiverServerRatis(9eb5a351-9325-4150-9d0a-de2b7d27d48d) is started using port RATIS=15077
2025-07-02 18:45:19,544 [JvmPauseMonitor11] INFO  util.JvmPauseMonitor (JvmPauseMonitor.java:run(146)) - JvmPauseMonitor-9eb5a351-9325-4150-9d0a-de2b7d27d48d: Started
2025-07-02 18:45:19,544 [9eb5a351-9325-4150-9d0a-de2b7d27d48d-EndpointStateMachineTaskThread-/0.0.0.0:15002-0 ] INFO  ratis.XceiverServerRatis (XceiverServerRatis.java:getRealPort(586)) - XceiverServerRatis(9eb5a351-9325-4150-9d0a-de2b7d27d48d) is started using port RATIS_ADMIN=15078
2025-07-02 18:45:19,544 [9eb5a351-9325-4150-9d0a-de2b7d27d48d-EndpointStateMachineTaskThread-/0.0.0.0:15002-0 ] INFO  ratis.XceiverServerRatis (XceiverServerRatis.java:getRealPort(586)) - XceiverServerRatis(9eb5a351-9325-4150-9d0a-de2b7d27d48d) is started using port RATIS_SERVER=15079
2025-07-02 18:45:19,544 [9eb5a351-9325-4150-9d0a-de2b7d27d48d-EndpointStateMachineTaskThread-/0.0.0.0:15002-0 ] INFO  ratis.XceiverServerRatis (XceiverServerRatis.java:getRealPort(586)) - XceiverServerRatis(9eb5a351-9325-4150-9d0a-de2b7d27d48d) is started using port RATIS_DATASTREAM=15080
2025-07-02 18:45:19,545 [9eb5a351-9325-4150-9d0a-de2b7d27d48d-EndpointStateMachineTaskThread-/0.0.0.0:15002-0 ] INFO  utils.BackgroundService (BackgroundService.java:start(118)) - Starting service BlockDeletingService with interval 60000 milliseconds
2025-07-02 18:45:19,545 [9eb5a351-9325-4150-9d0a-de2b7d27d48d-EndpointStateMachineTaskThread-/0.0.0.0:15002-0 ] INFO  utils.BackgroundService (BackgroundService.java:start(118)) - Starting service StaleRecoveringContainerScrubbingService with interval 60000 milliseconds
2025-07-02 18:45:19,594 [75758caf-2019-48e0-9285-4ac26ec01eda-PipelineCommandHandlerThread-0] INFO  server.RaftServer (RaftServerProxy.java:addNew(105)) - 75758caf-2019-48e0-9285-4ac26ec01eda: addNew group-16FA12A0797F:[75758caf-2019-48e0-9285-4ac26ec01eda|127.0.0.1:15015] returns group-16FA12A0797F:java.util.concurrent.CompletableFuture@ae9459f[Not completed]
2025-07-02 18:45:19,599 [75758caf-2019-48e0-9285-4ac26ec01eda-groupManagement] WARN  statemachine.DatanodeConfiguration (DatanodeConfiguration.java:validateMinFreeSpace(751)) - hdds.datanode.volume.min.free.space.percent = -1.0 is invalid, should be between 0 and 1
2025-07-02 18:45:19,599 [75758caf-2019-48e0-9285-4ac26ec01eda-groupManagement] INFO  server.RaftServer$Division (RaftServerImpl.java:<init>(268)) - 75758caf-2019-48e0-9285-4ac26ec01eda: new RaftServerImpl for group-16FA12A0797F:[75758caf-2019-48e0-9285-4ac26ec01eda|127.0.0.1:15015] with ContainerStateMachine:uninitialized
2025-07-02 18:45:19,600 [75758caf-2019-48e0-9285-4ac26ec01eda-groupManagement] INFO  server.RaftServerConfigKeys (ConfUtils.java:logGet(62)) - raft.server.rpc.timeout.min = 5s (custom)
2025-07-02 18:45:19,600 [75758caf-2019-48e0-9285-4ac26ec01eda-groupManagement] INFO  server.RaftServerConfigKeys (ConfUtils.java:logGet(62)) - raft.server.rpc.timeout.max = 5200ms (custom)
2025-07-02 18:45:19,600 [75758caf-2019-48e0-9285-4ac26ec01eda-groupManagement] INFO  server.RaftServerConfigKeys (ConfUtils.java:logGet(62)) - raft.server.rpc.slowness.timeout = 300000ms (custom)
2025-07-02 18:45:19,600 [75758caf-2019-48e0-9285-4ac26ec01eda-groupManagement] INFO  server.RaftServer$Division (ServerState.java:<init>(114)) - 75758caf-2019-48e0-9285-4ac26ec01eda@group-16FA12A0797F: ConfigurationManager, init=conf: {index: -1, cur=peers:[75758caf-2019-48e0-9285-4ac26ec01eda|127.0.0.1:15015]|listeners:[], old=null}, confs=<EMPTY_MAP>
2025-07-02 18:45:19,600 [75758caf-2019-48e0-9285-4ac26ec01eda-groupManagement] INFO  server.RaftServerConfigKeys (ConfUtils.java:logGet(62)) - raft.server.notification.no-leader.timeout = 300000ms (custom)
2025-07-02 18:45:19,600 [75758caf-2019-48e0-9285-4ac26ec01eda-groupManagement] INFO  server.RaftServerConfigKeys (ConfUtils.java:logGet(62)) - raft.server.retrycache.expirytime = 600000ms (custom)
2025-07-02 18:45:19,609 [EventQueue-PipelineReportForOneReplicaPipelineSafeModeRule] INFO  safemode.SCMSafeModeManager (SCMSafeModeManager.java:validateSafeModeExitRules(139)) - AtleastOneDatanodeReportedRule rule is successfully validated
2025-07-02 18:45:19,610 [75758caf-2019-48e0-9285-4ac26ec01eda-groupManagement] INFO  server.RaftServerConfigKeys (ConfUtils.java:logGet(62)) - raft.server.storage.dir = [/home/runner/work/ozone/ozone/hadoop-ozone/integration-test/target/test-dir/MiniOzoneClusterImpl-b7e00dfa-d3b8-45cf-9d3a-2bd5fdfebf54/ozone-meta/datanode-1/ratis] (custom)
2025-07-02 18:45:19,610 [75758caf-2019-48e0-9285-4ac26ec01eda-groupManagement] INFO  storage.RaftStorageDirectory (RaftStorageDirectoryImpl.java:analyzeStorage(138)) - The storage directory /home/runner/work/ozone/ozone/hadoop-ozone/integration-test/target/test-dir/MiniOzoneClusterImpl-b7e00dfa-d3b8-45cf-9d3a-2bd5fdfebf54/ozone-meta/datanode-1/ratis/906d62e7-90da-4d4c-b26f-16fa12a0797f does not exist. Creating ...
2025-07-02 18:45:19,612 [75758caf-2019-48e0-9285-4ac26ec01eda-groupManagement] INFO  storage.RaftStorageDirectory (RaftStorageDirectoryImpl.java:tryLock(229)) - Lock on /home/runner/work/ozone/ozone/hadoop-ozone/integration-test/target/test-dir/MiniOzoneClusterImpl-b7e00dfa-d3b8-45cf-9d3a-2bd5fdfebf54/ozone-meta/datanode-1/ratis/906d62e7-90da-4d4c-b26f-16fa12a0797f/in_use.lock acquired by nodename 44808@localhost
2025-07-02 18:45:19,613 [75758caf-2019-48e0-9285-4ac26ec01eda-groupManagement] INFO  storage.RaftStorage (RaftStorageImpl.java:format(98)) - Storage directory /home/runner/work/ozone/ozone/hadoop-ozone/integration-test/target/test-dir/MiniOzoneClusterImpl-b7e00dfa-d3b8-45cf-9d3a-2bd5fdfebf54/ozone-meta/datanode-1/ratis/906d62e7-90da-4d4c-b26f-16fa12a0797f has been successfully formatted.
2025-07-02 18:45:19,615 [75758caf-2019-48e0-9285-4ac26ec01eda-groupManagement] INFO  ratis.ContainerStateMachine (ContainerStateMachine.java:initialize(339)) - 75758caf-2019-48e0-9285-4ac26ec01eda: initialize group-16FA12A0797F
2025-07-02 18:45:19,615 [75758caf-2019-48e0-9285-4ac26ec01eda-groupManagement] INFO  ratis.ContainerStateMachine (ContainerStateMachine.java:loadSnapshot(347)) - group-16FA12A0797F: The snapshot info is null. Setting the last applied index to:<INITIAL_VALUE>
2025-07-02 18:45:19,615 [75758caf-2019-48e0-9285-4ac26ec01eda-groupManagement] INFO  server.RaftServerConfigKeys (ConfUtils.java:logGet(62)) - raft.server.log.appender.buffer.byte-limit = 33554432 (custom)
2025-07-02 18:45:19,616 [EventQueue-PipelineReportForOneReplicaPipelineSafeModeRule] INFO  safemode.SCMSafeModeManager (SCMSafeModeManager.java:validateSafeModeExitRules(139)) - AtleastOneDatanodeReportedRule rule is successfully validated
2025-07-02 18:45:19,619 [75758caf-2019-48e0-9285-4ac26ec01eda-groupManagement] INFO  server.RaftServerConfigKeys (ConfUtils.java:logGet(62)) - raft.server.log.segment.size.max = 67108864 (custom)
2025-07-02 18:45:19,620 [75758caf-2019-48e0-9285-4ac26ec01eda-groupManagement] INFO  server.RaftServerConfigKeys (ConfUtils.java:logGet(62)) - raft.server.log.appender.buffer.byte-limit = 33554432 (custom)
2025-07-02 18:45:19,620 [75758caf-2019-48e0-9285-4ac26ec01eda-groupManagement] INFO  util.AwaitToRun (AwaitToRun.java:start(81)) - Thread[#1149,75758caf-2019-48e0-9285-4ac26ec01eda@group-16FA12A0797F-cacheEviction-AwaitToRun,5,main] started
2025-07-02 18:45:19,620 [75758caf-2019-48e0-9285-4ac26ec01eda-groupManagement] INFO  segmented.SegmentedRaftLogWorker (SegmentedRaftLogWorker.java:<init>(190)) - new 75758caf-2019-48e0-9285-4ac26ec01eda@group-16FA12A0797F-SegmentedRaftLogWorker for RaftStorageImpl:Storage Directory /home/runner/work/ozone/ozone/hadoop-ozone/integration-test/target/test-dir/MiniOzoneClusterImpl-b7e00dfa-d3b8-45cf-9d3a-2bd5fdfebf54/ozone-meta/datanode-1/ratis/906d62e7-90da-4d4c-b26f-16fa12a0797f
2025-07-02 18:45:19,621 [75758caf-2019-48e0-9285-4ac26ec01eda-groupManagement] INFO  server.RaftServerConfigKeys (ConfUtils.java:logGet(62)) - raft.server.log.queue.byte-limit = 4294967296 (custom)
2025-07-02 18:45:19,621 [75758caf-2019-48e0-9285-4ac26ec01eda-groupManagement] INFO  server.RaftServerConfigKeys (ConfUtils.java:logGet(62)) - raft.server.log.queue.element-limit = 1024 (custom)
2025-07-02 18:45:19,621 [75758caf-2019-48e0-9285-4ac26ec01eda-groupManagement] INFO  server.RaftServerConfigKeys (ConfUtils.java:logGet(62)) - raft.server.log.segment.size.max = 67108864 (custom)
2025-07-02 18:45:19,621 [75758caf-2019-48e0-9285-4ac26ec01eda-groupManagement] INFO  server.RaftServerConfigKeys (ConfUtils.java:logGet(62)) - raft.server.log.preallocated.size = 4194304 (custom)
2025-07-02 18:45:19,621 [75758caf-2019-48e0-9285-4ac26ec01eda-groupManagement] INFO  server.RaftServerConfigKeys (ConfUtils.java:logGet(62)) - raft.server.log.statemachine.data.sync.timeout.retry = 30 (custom)
2025-07-02 18:45:19,622 [75758caf-2019-48e0-9285-4ac26ec01eda-groupManagement] INFO  server.RaftServerConfigKeys (ConfUtils.java:logGet(62)) - raft.server.log.write.buffer.size = 33554440 (custom)
2025-07-02 18:45:19,622 [0fee975d-e734-400e-bdb4-ee8e3ebebca6@group-2BD5FDFEBF54-StateMachineUpdater] INFO  safemode.SCMSafeModeManager (SCMSafeModeManager.java:validateSafeModeExitRules(139)) - DataNodeSafeModeRule rule is successfully validated
2025-07-02 18:45:19,623 [0fee975d-e734-400e-bdb4-ee8e3ebebca6@group-2BD5FDFEBF54-StateMachineUpdater] INFO  safemode.SCMSafeModeManager (SCMSafeModeManager.java:validateSafeModeExitRules(139)) - RatisContainerSafeModeRule rule is successfully validated
2025-07-02 18:45:19,623 [0fee975d-e734-400e-bdb4-ee8e3ebebca6@group-2BD5FDFEBF54-StateMachineUpdater] INFO  safemode.HealthyPipelineSafeModeRule (HealthyPipelineSafeModeRule.java:initializeRule(228)) - Refreshed total pipeline count is 0, healthy pipeline threshold count is 1
2025-07-02 18:45:19,623 [0fee975d-e734-400e-bdb4-ee8e3ebebca6@group-2BD5FDFEBF54-StateMachineUpdater] INFO  safemode.SCMSafeModeManager (SCMSafeModeManager.java:validateSafeModeExitRules(139)) - ECContainerSafeModeRule rule is successfully validated
2025-07-02 18:45:19,623 [0fee975d-e734-400e-bdb4-ee8e3ebebca6@group-2BD5FDFEBF54-StateMachineUpdater] INFO  safemode.SCMSafeModeManager (SCMSafeModeManager.java:validateSafeModeExitRules(139)) - AtleastOneDatanodeReportedRule rule is successfully validated
2025-07-02 18:45:19,623 [EventQueue-PipelineReportForPipelineReportHandler] INFO  pipeline.PipelineReportHandler (PipelineReportHandler.java:processPipelineReport(134)) - Opened pipeline Pipeline-906d62e7-90da-4d4c-b26f-16fa12a0797f
2025-07-02 18:45:19,626 [75758caf-2019-48e0-9285-4ac26ec01eda-groupManagement] INFO  server.RaftServerConfigKeys (ConfUtils.java:logGet(62)) - raft.server.log.appender.buffer.byte-limit = 33554432 (custom)
2025-07-02 18:45:19,627 [75758caf-2019-48e0-9285-4ac26ec01eda-groupManagement] INFO  server.RaftServerConfigKeys (ConfUtils.java:logGet(62)) - raft.server.log.statemachine.data.caching.enabled = true (custom)
2025-07-02 18:45:19,627 [75758caf-2019-48e0-9285-4ac26ec01eda-groupManagement] INFO  segmented.SegmentedRaftLogWorker (SegmentedRaftLogWorker.java:lambda$new$0(141)) - 75758caf-2019-48e0-9285-4ac26ec01eda@group-16FA12A0797F-SegmentedRaftLogWorker: flushIndex: setUnconditionally 0 -> -1
2025-07-02 18:45:19,627 [75758caf-2019-48e0-9285-4ac26ec01eda-groupManagement] INFO  segmented.SegmentedRaftLogWorker (SegmentedRaftLogWorker.java:lambda$new$0(141)) - 75758caf-2019-48e0-9285-4ac26ec01eda@group-16FA12A0797F-SegmentedRaftLogWorker: safeCacheEvictIndex: setUnconditionally 0 -> -1
2025-07-02 18:45:19,627 [75758caf-2019-48e0-9285-4ac26ec01eda-groupManagement] INFO  server.RaftServer$Division (RaftServerImpl.java:start(405)) - 75758caf-2019-48e0-9285-4ac26ec01eda@group-16FA12A0797F: start as a follower, conf=conf: {index: -1, cur=peers:[75758caf-2019-48e0-9285-4ac26ec01eda|127.0.0.1:15015]|listeners:[], old=null}
2025-07-02 18:45:19,628 [75758caf-2019-48e0-9285-4ac26ec01eda-groupManagement] INFO  server.RaftServer$Division (RaftServerImpl.java:setRole(392)) - 75758caf-2019-48e0-9285-4ac26ec01eda@group-16FA12A0797F: changes role from      null to FOLLOWER at term 0 for startAsFollower
2025-07-02 18:45:19,628 [75758caf-2019-48e0-9285-4ac26ec01eda-groupManagement] INFO  impl.RoleInfo (RoleInfo.java:updateAndGet(148)) - 75758caf-2019-48e0-9285-4ac26ec01eda: start 75758caf-2019-48e0-9285-4ac26ec01eda@group-16FA12A0797F-FollowerState
2025-07-02 18:45:19,628 [75758caf-2019-48e0-9285-4ac26ec01eda-groupManagement] INFO  util.JmxRegister (JmxRegister.java:tryRegister(44)) - Successfully registered JMX Bean with object name Ratis:service=RaftServer,group=group-16FA12A0797F,id=75758caf-2019-48e0-9285-4ac26ec01eda
2025-07-02 18:45:19,628 [75758caf-2019-48e0-9285-4ac26ec01eda-groupManagement] INFO  util.JmxRegister (JmxRegister.java:register(58)) - register mxBean class org.apache.ratis.server.impl.RaftServerJmxAdapter as Ratis:service=RaftServer,group=group-16FA12A0797F,id=75758caf-2019-48e0-9285-4ac26ec01eda
2025-07-02 18:45:19,628 [75758caf-2019-48e0-9285-4ac26ec01eda-groupManagement] INFO  server.RaftServerConfigKeys (ConfUtils.java:logGet(62)) - raft.server.snapshot.auto.trigger.threshold = 1 (custom)
2025-07-02 18:45:19,628 [75758caf-2019-48e0-9285-4ac26ec01eda-groupManagement] INFO  server.RaftServerConfigKeys (ConfUtils.java:logGet(62)) - raft.server.snapshot.retention.file.num = 5 (custom)
2025-07-02 18:45:19,628 [75758caf-2019-48e0-9285-4ac26ec01eda-groupManagement] INFO  server.RaftServerConfigKeys (ConfUtils.java:logGet(62)) - raft.server.log.purge.upto.snapshot.index = false (default)
2025-07-02 18:45:19,630 [75758caf-2019-48e0-9285-4ac26ec01eda-groupManagement] INFO  server.RaftServer$Division (RaftServerImpl.java:start(419)) - 75758caf-2019-48e0-9285-4ac26ec01eda@group-16FA12A0797F: Successfully started.
2025-07-02 18:45:19,631 [75758caf-2019-48e0-9285-4ac26ec01eda-PipelineCommandHandlerThread-0] INFO  ratis.XceiverServerRatis (XceiverServerRatis.java:addGroup(843)) - Created group Pipeline-906d62e7-90da-4d4c-b26f-16fa12a0797f
2025-07-02 18:45:19,631 [75758caf-2019-48e0-9285-4ac26ec01eda-PipelineCommandHandlerThread-0] INFO  commandhandler.CreatePipelineCommandHandler (CreatePipelineCommandHandler.java:lambda$handle$2(127)) - Created Pipeline RATIS ONE Pipeline-906d62e7-90da-4d4c-b26f-16fa12a0797f.
2025-07-02 18:45:19,632 [75758caf-2019-48e0-9285-4ac26ec01eda-PipelineCommandHandlerThread-0] INFO  server.RaftServer (RaftServerProxy.java:addNew(105)) - 75758caf-2019-48e0-9285-4ac26ec01eda: addNew group-B92A147DE22B:[f1637480-4571-474d-8c0e-49126192dfac|127.0.0.1:15023, baa12041-7cca-45c7-810c-7ea11519444b|127.0.0.1:15031, 75758caf-2019-48e0-9285-4ac26ec01eda|127.0.0.1:15015] returns group-B92A147DE22B:java.util.concurrent.CompletableFuture@75e5d96[Not completed]
2025-07-02 18:45:19,633 [75758caf-2019-48e0-9285-4ac26ec01eda-groupManagement] WARN  statemachine.DatanodeConfiguration (DatanodeConfiguration.java:validateMinFreeSpace(751)) - hdds.datanode.volume.min.free.space.percent = -1.0 is invalid, should be between 0 and 1
2025-07-02 18:45:19,633 [75758caf-2019-48e0-9285-4ac26ec01eda-groupManagement] INFO  server.RaftServer$Division (RaftServerImpl.java:<init>(268)) - 75758caf-2019-48e0-9285-4ac26ec01eda: new RaftServerImpl for group-B92A147DE22B:[f1637480-4571-474d-8c0e-49126192dfac|127.0.0.1:15023, baa12041-7cca-45c7-810c-7ea11519444b|127.0.0.1:15031, 75758caf-2019-48e0-9285-4ac26ec01eda|127.0.0.1:15015] with ContainerStateMachine:uninitialized
2025-07-02 18:45:19,634 [75758caf-2019-48e0-9285-4ac26ec01eda-groupManagement] INFO  server.RaftServer$Division (ServerState.java:<init>(114)) - 75758caf-2019-48e0-9285-4ac26ec01eda@group-B92A147DE22B: ConfigurationManager, init=conf: {index: -1, cur=peers:[f1637480-4571-474d-8c0e-49126192dfac|127.0.0.1:15023, baa12041-7cca-45c7-810c-7ea11519444b|127.0.0.1:15031, 75758caf-2019-48e0-9285-4ac26ec01eda|127.0.0.1:15015]|listeners:[], old=null}, confs=<EMPTY_MAP>
2025-07-02 18:45:19,639 [EventQueue-PipelineReportForOneReplicaPipelineSafeModeRule] INFO  safemode.SCMSafeModeManager (SCMSafeModeManager.java:validateSafeModeExitRules(139)) - AtleastOneDatanodeReportedRule rule is successfully validated
2025-07-02 18:45:19,642 [75758caf-2019-48e0-9285-4ac26ec01eda-groupManagement] INFO  storage.RaftStorageDirectory (RaftStorageDirectoryImpl.java:analyzeStorage(138)) - The storage directory /home/runner/work/ozone/ozone/hadoop-ozone/integration-test/target/test-dir/MiniOzoneClusterImpl-b7e00dfa-d3b8-45cf-9d3a-2bd5fdfebf54/ozone-meta/datanode-1/ratis/04a1f7f9-abb2-42e3-9b76-b92a147de22b does not exist. Creating ...
2025-07-02 18:45:19,643 [75758caf-2019-48e0-9285-4ac26ec01eda-groupManagement] INFO  storage.RaftStorageDirectory (RaftStorageDirectoryImpl.java:tryLock(229)) - Lock on /home/runner/work/ozone/ozone/hadoop-ozone/integration-test/target/test-dir/MiniOzoneClusterImpl-b7e00dfa-d3b8-45cf-9d3a-2bd5fdfebf54/ozone-meta/datanode-1/ratis/04a1f7f9-abb2-42e3-9b76-b92a147de22b/in_use.lock acquired by nodename 44808@localhost
2025-07-02 18:45:19,644 [75758caf-2019-48e0-9285-4ac26ec01eda-groupManagement] INFO  storage.RaftStorage (RaftStorageImpl.java:format(98)) - Storage directory /home/runner/work/ozone/ozone/hadoop-ozone/integration-test/target/test-dir/MiniOzoneClusterImpl-b7e00dfa-d3b8-45cf-9d3a-2bd5fdfebf54/ozone-meta/datanode-1/ratis/04a1f7f9-abb2-42e3-9b76-b92a147de22b has been successfully formatted.
2025-07-02 18:45:19,644 [75758caf-2019-48e0-9285-4ac26ec01eda-groupManagement] INFO  ratis.ContainerStateMachine (ContainerStateMachine.java:initialize(339)) - 75758caf-2019-48e0-9285-4ac26ec01eda: initialize group-B92A147DE22B
2025-07-02 18:45:19,644 [75758caf-2019-48e0-9285-4ac26ec01eda-groupManagement] INFO  ratis.ContainerStateMachine (ContainerStateMachine.java:loadSnapshot(347)) - group-B92A147DE22B: The snapshot info is null. Setting the last applied index to:<INITIAL_VALUE>
2025-07-02 18:45:19,644 [75758caf-2019-48e0-9285-4ac26ec01eda-groupManagement] INFO  server.RaftServerConfigKeys (ConfUtils.java:logGet(62)) - raft.server.log.appender.buffer.byte-limit = 33554432 (custom)
2025-07-02 18:45:19,645 [EventQueue-PipelineReportForOneReplicaPipelineSafeModeRule] INFO  safemode.SCMSafeModeManager (SCMSafeModeManager.java:validateSafeModeExitRules(139)) - AtleastOneDatanodeReportedRule rule is successfully validated
2025-07-02 18:45:19,648 [75758caf-2019-48e0-9285-4ac26ec01eda-groupManagement] INFO  server.RaftServerConfigKeys (ConfUtils.java:logGet(62)) - raft.server.log.segment.size.max = 67108864 (custom)
2025-07-02 18:45:19,648 [75758caf-2019-48e0-9285-4ac26ec01eda-groupManagement] INFO  server.RaftServerConfigKeys (ConfUtils.java:logGet(62)) - raft.server.log.appender.buffer.byte-limit = 33554432 (custom)
2025-07-02 18:45:19,648 [75758caf-2019-48e0-9285-4ac26ec01eda-groupManagement] INFO  util.AwaitToRun (AwaitToRun.java:start(81)) - Thread[#1154,75758caf-2019-48e0-9285-4ac26ec01eda@group-B92A147DE22B-cacheEviction-AwaitToRun,5,main] started
2025-07-02 18:45:19,649 [75758caf-2019-48e0-9285-4ac26ec01eda-groupManagement] INFO  segmented.SegmentedRaftLogWorker (SegmentedRaftLogWorker.java:<init>(190)) - new 75758caf-2019-48e0-9285-4ac26ec01eda@group-B92A147DE22B-SegmentedRaftLogWorker for RaftStorageImpl:Storage Directory /home/runner/work/ozone/ozone/hadoop-ozone/integration-test/target/test-dir/MiniOzoneClusterImpl-b7e00dfa-d3b8-45cf-9d3a-2bd5fdfebf54/ozone-meta/datanode-1/ratis/04a1f7f9-abb2-42e3-9b76-b92a147de22b
2025-07-02 18:45:19,649 [75758caf-2019-48e0-9285-4ac26ec01eda-groupManagement] INFO  server.RaftServerConfigKeys (ConfUtils.java:logGet(62)) - raft.server.log.queue.byte-limit = 4294967296 (custom)
2025-07-02 18:45:19,649 [75758caf-2019-48e0-9285-4ac26ec01eda-groupManagement] INFO  server.RaftServerConfigKeys (ConfUtils.java:logGet(62)) - raft.server.log.segment.size.max = 67108864 (custom)
2025-07-02 18:45:19,649 [75758caf-2019-48e0-9285-4ac26ec01eda-groupManagement] INFO  server.RaftServerConfigKeys (ConfUtils.java:logGet(62)) - raft.server.log.preallocated.size = 4194304 (custom)
2025-07-02 18:45:19,650 [75758caf-2019-48e0-9285-4ac26ec01eda-groupManagement] INFO  server.RaftServerConfigKeys (ConfUtils.java:logGet(62)) - raft.server.log.write.buffer.size = 33554440 (custom)
2025-07-02 18:45:19,656 [75758caf-2019-48e0-9285-4ac26ec01eda-groupManagement] INFO  server.RaftServerConfigKeys (ConfUtils.java:logGet(62)) - raft.server.log.appender.buffer.byte-limit = 33554432 (custom)
2025-07-02 18:45:19,656 [75758caf-2019-48e0-9285-4ac26ec01eda-groupManagement] INFO  segmented.SegmentedRaftLogWorker (SegmentedRaftLogWorker.java:lambda$new$0(141)) - 75758caf-2019-48e0-9285-4ac26ec01eda@group-B92A147DE22B-SegmentedRaftLogWorker: flushIndex: setUnconditionally 0 -> -1
2025-07-02 18:45:19,656 [75758caf-2019-48e0-9285-4ac26ec01eda-groupManagement] INFO  segmented.SegmentedRaftLogWorker (SegmentedRaftLogWorker.java:lambda$new$0(141)) - 75758caf-2019-48e0-9285-4ac26ec01eda@group-B92A147DE22B-SegmentedRaftLogWorker: safeCacheEvictIndex: setUnconditionally 0 -> -1
2025-07-02 18:45:19,657 [75758caf-2019-48e0-9285-4ac26ec01eda-groupManagement] INFO  server.RaftServer$Division (RaftServerImpl.java:start(405)) - 75758caf-2019-48e0-9285-4ac26ec01eda@group-B92A147DE22B: start as a follower, conf=conf: {index: -1, cur=peers:[f1637480-4571-474d-8c0e-49126192dfac|127.0.0.1:15023, baa12041-7cca-45c7-810c-7ea11519444b|127.0.0.1:15031, 75758caf-2019-48e0-9285-4ac26ec01eda|127.0.0.1:15015]|listeners:[], old=null}
2025-07-02 18:45:19,657 [75758caf-2019-48e0-9285-4ac26ec01eda-groupManagement] INFO  server.RaftServer$Division (RaftServerImpl.java:setRole(392)) - 75758caf-2019-48e0-9285-4ac26ec01eda@group-B92A147DE22B: changes role from      null to FOLLOWER at term 0 for startAsFollower
2025-07-02 18:45:19,657 [75758caf-2019-48e0-9285-4ac26ec01eda-groupManagement] INFO  impl.RoleInfo (RoleInfo.java:updateAndGet(148)) - 75758caf-2019-48e0-9285-4ac26ec01eda: start 75758caf-2019-48e0-9285-4ac26ec01eda@group-B92A147DE22B-FollowerState
2025-07-02 18:45:19,657 [75758caf-2019-48e0-9285-4ac26ec01eda-groupManagement] INFO  util.JmxRegister (JmxRegister.java:tryRegister(44)) - Successfully registered JMX Bean with object name Ratis:service=RaftServer,group=group-B92A147DE22B,id=75758caf-2019-48e0-9285-4ac26ec01eda
2025-07-02 18:45:19,658 [75758caf-2019-48e0-9285-4ac26ec01eda-groupManagement] INFO  util.JmxRegister (JmxRegister.java:register(58)) - register mxBean class org.apache.ratis.server.impl.RaftServerJmxAdapter as Ratis:service=RaftServer,group=group-B92A147DE22B,id=75758caf-2019-48e0-9285-4ac26ec01eda
2025-07-02 18:45:19,659 [75758caf-2019-48e0-9285-4ac26ec01eda-groupManagement] INFO  server.RaftServer$Division (RaftServerImpl.java:start(419)) - 75758caf-2019-48e0-9285-4ac26ec01eda@group-B92A147DE22B: Successfully started.
2025-07-02 18:45:19,659 [75758caf-2019-48e0-9285-4ac26ec01eda-PipelineCommandHandlerThread-0] INFO  ratis.XceiverServerRatis (XceiverServerRatis.java:addGroup(843)) - Created group Pipeline-04a1f7f9-abb2-42e3-9b76-b92a147de22b
2025-07-02 18:45:19,664 [EventQueue-PipelineReportForOneReplicaPipelineSafeModeRule] INFO  safemode.SCMSafeModeManager (SCMSafeModeManager.java:validateSafeModeExitRules(139)) - AtleastOneDatanodeReportedRule rule is successfully validated
2025-07-02 18:45:19,705 [EventQueue-PipelineReportForOneReplicaPipelineSafeModeRule] INFO  safemode.SCMSafeModeManager (SCMSafeModeManager.java:validateSafeModeExitRules(139)) - AtleastOneDatanodeReportedRule rule is successfully validated
2025-07-02 18:45:19,709 [EventQueue-PipelineReportForOneReplicaPipelineSafeModeRule] INFO  safemode.SCMSafeModeManager (SCMSafeModeManager.java:validateSafeModeExitRules(139)) - AtleastOneDatanodeReportedRule rule is successfully validated
2025-07-02 18:45:19,746 [IPC Server handler 16 on default port 15002] INFO  net.NetworkTopologyImpl (NetworkTopologyImpl.java:add(133)) - Added a new node: /default-rack/71a26ef2-e834-411c-97c5-a30c78105e8f
2025-07-02 18:45:19,747 [IPC Server handler 16 on default port 15002] INFO  node.SCMNodeManager (SCMNodeManager.java:register(423)) - Registered datanode: 71a26ef2-e834-411c-97c5-a30c78105e8f{ip: 127.0.0.1, host: localhost, ports: [HTTP=15066, CLIENT_RPC=15067, REPLICATION=15073, RATIS=15069, RATIS_ADMIN=15070, RATIS_SERVER=15071, RATIS_DATASTREAM=15072, STANDALONE=15068], networkLocation: /default-rack, certSerialId: null, persistedOpState: null, persistedOpStateExpiryEpochSec: 0}
2025-07-02 18:45:19,747 [EventQueue-NewNodeForNewNodeHandler] INFO  pipeline.BackgroundPipelineCreator (BackgroundPipelineCreator.java:notifyEventTriggered(290)) - trigger a one-shot run on RatisPipelineUtilsThread.
2025-07-02 18:45:19,748 [EventQueue-NodeRegistrationContainerReportForDataNodeSafeModeRule] INFO  safemode.SCMSafeModeManager (SCMSafeModeManager.java:validateSafeModeExitRules(139)) - DataNodeSafeModeRule rule is successfully validated
2025-07-02 18:45:19,749 [EventQueue-ContainerRegistrationReportForRatisContainerSafeModeRule] INFO  safemode.SCMSafeModeManager (SCMSafeModeManager.java:validateSafeModeExitRules(139)) - RatisContainerSafeModeRule rule is successfully validated
2025-07-02 18:45:19,749 [EventQueue-PipelineReportForOneReplicaPipelineSafeModeRule] INFO  safemode.SCMSafeModeManager (SCMSafeModeManager.java:validateSafeModeExitRules(139)) - AtleastOneDatanodeReportedRule rule is successfully validated
2025-07-02 18:45:19,749 [RatisPipelineUtilsThread-0] INFO  pipeline.RatisPipelineProvider (RatisPipelineProvider.java:lambda$create$0(208)) - Sending CreatePipelineCommand for pipeline:Pipeline-5f27ba15-5844-4016-b075-9a9972b2e833 to datanode:71a26ef2-e834-411c-97c5-a30c78105e8f(localhost/127.0.0.1)
2025-07-02 18:45:19,750 [EventQueue-ContainerRegistrationReportForECContainerSafeModeRule] INFO  safemode.SCMSafeModeManager (SCMSafeModeManager.java:validateSafeModeExitRules(139)) - ECContainerSafeModeRule rule is successfully validated
2025-07-02 18:45:19,751 [f74b8a39-8cc1-4de2-93c6-02015e72cd55-EndpointStateMachineTaskThread-/0.0.0.0:15002-0 ] WARN  statemachine.DatanodeConfiguration (DatanodeConfiguration.java:validateMinFreeSpace(751)) - hdds.datanode.volume.min.free.space.percent = -1.0 is invalid, should be between 0 and 1
2025-07-02 18:45:19,752 [0fee975d-e734-400e-bdb4-ee8e3ebebca6@group-2BD5FDFEBF54-StateMachineUpdater] INFO  safemode.SCMSafeModeManager (SCMSafeModeManager.java:validateSafeModeExitRules(139)) - DataNodeSafeModeRule rule is successfully validated
2025-07-02 18:45:19,752 [0fee975d-e734-400e-bdb4-ee8e3ebebca6@group-2BD5FDFEBF54-StateMachineUpdater] INFO  safemode.SCMSafeModeManager (SCMSafeModeManager.java:validateSafeModeExitRules(139)) - RatisContainerSafeModeRule rule is successfully validated
2025-07-02 18:45:19,752 [0fee975d-e734-400e-bdb4-ee8e3ebebca6@group-2BD5FDFEBF54-StateMachineUpdater] INFO  safemode.HealthyPipelineSafeModeRule (HealthyPipelineSafeModeRule.java:initializeRule(228)) - Refreshed total pipeline count is 0, healthy pipeline threshold count is 1
2025-07-02 18:45:19,752 [0fee975d-e734-400e-bdb4-ee8e3ebebca6@group-2BD5FDFEBF54-StateMachineUpdater] INFO  safemode.SCMSafeModeManager (SCMSafeModeManager.java:validateSafeModeExitRules(139)) - ECContainerSafeModeRule rule is successfully validated
2025-07-02 18:45:19,752 [0fee975d-e734-400e-bdb4-ee8e3ebebca6@group-2BD5FDFEBF54-StateMachineUpdater] INFO  safemode.SCMSafeModeManager (SCMSafeModeManager.java:validateSafeModeExitRules(139)) - AtleastOneDatanodeReportedRule rule is successfully validated
2025-07-02 18:45:19,753 [RatisPipelineUtilsThread-0] INFO  pipeline.BackgroundPipelineCreator (BackgroundPipelineCreator.java:createPipelines(246)) - Created new pipeline Pipeline{ Id: 5f27ba15-5844-4016-b075-9a9972b2e833, Nodes: [ {71a26ef2-e834-411c-97c5-a30c78105e8f(localhost/127.0.0.1), ReplicaIndex: 0},], ReplicationConfig: RATIS/ONE, State:ALLOCATED, leaderId:, CreationTimestamp2025-07-02T18:45:19.749423048Z[Etc/UTC]}
2025-07-02 18:45:19,754 [f74b8a39-8cc1-4de2-93c6-02015e72cd55-EndpointStateMachineTaskThread-/0.0.0.0:15002-0 ] WARN  statemachine.DatanodeConfiguration (DatanodeConfiguration.java:validateMinFreeSpace(751)) - hdds.datanode.volume.min.free.space.percent = -1.0 is invalid, should be between 0 and 1
2025-07-02 18:45:19,754 [f74b8a39-8cc1-4de2-93c6-02015e72cd55-EndpointStateMachineTaskThread-/0.0.0.0:15002-0 ] WARN  statemachine.DatanodeConfiguration (DatanodeConfiguration.java:validateMinFreeSpace(751)) - hdds.datanode.volume.min.free.space.percent = -1.0 is invalid, should be between 0 and 1
2025-07-02 18:45:19,783 [f74b8a39-8cc1-4de2-93c6-02015e72cd55-EndpointStateMachineTaskThread-/0.0.0.0:15002-0 ] INFO  utils.DatanodeStoreCache (DatanodeStoreCache.java:addDB(70)) - Added db /home/runner/work/ozone/ozone/hadoop-ozone/integration-test/target/test-dir/MiniOzoneClusterImpl-b7e00dfa-d3b8-45cf-9d3a-2bd5fdfebf54/ozone-meta/datanode-10/data-0/hdds/b7e00dfa-d3b8-45cf-9d3a-2bd5fdfebf54/DS-38f947f4-898d-4823-ad1d-0fa79f36a1f3/container.db to cache
2025-07-02 18:45:19,783 [f74b8a39-8cc1-4de2-93c6-02015e72cd55-EndpointStateMachineTaskThread-/0.0.0.0:15002-0 ] INFO  volume.HddsVolume (HddsVolume.java:createDbStore(575)) - SchemaV3 db is created and loaded at /home/runner/work/ozone/ozone/hadoop-ozone/integration-test/target/test-dir/MiniOzoneClusterImpl-b7e00dfa-d3b8-45cf-9d3a-2bd5fdfebf54/ozone-meta/datanode-10/data-0/hdds/b7e00dfa-d3b8-45cf-9d3a-2bd5fdfebf54/DS-38f947f4-898d-4823-ad1d-0fa79f36a1f3/container.db for volume DS-38f947f4-898d-4823-ad1d-0fa79f36a1f3
2025-07-02 18:45:19,783 [f74b8a39-8cc1-4de2-93c6-02015e72cd55-EndpointStateMachineTaskThread-/0.0.0.0:15002-0 ] WARN  statemachine.DatanodeConfiguration (DatanodeConfiguration.java:validateMinFreeSpace(751)) - hdds.datanode.volume.min.free.space.percent = -1.0 is invalid, should be between 0 and 1
2025-07-02 18:45:19,786 [f74b8a39-8cc1-4de2-93c6-02015e72cd55-ContainerReader-0] INFO  ozoneimpl.ContainerReader (ContainerReader.java:readVolume(144)) - Start to verify containers on volume /home/runner/work/ozone/ozone/hadoop-ozone/integration-test/target/test-dir/MiniOzoneClusterImpl-b7e00dfa-d3b8-45cf-9d3a-2bd5fdfebf54/ozone-meta/datanode-10/data-0/hdds
2025-07-02 18:45:19,786 [f74b8a39-8cc1-4de2-93c6-02015e72cd55-ContainerReader-0] INFO  ozoneimpl.ContainerReader (ContainerReader.java:readVolume(174)) - Finish verifying containers on volume /home/runner/work/ozone/ozone/hadoop-ozone/integration-test/target/test-dir/MiniOzoneClusterImpl-b7e00dfa-d3b8-45cf-9d3a-2bd5fdfebf54/ozone-meta/datanode-10/data-0/hdds
2025-07-02 18:45:19,788 [f74b8a39-8cc1-4de2-93c6-02015e72cd55-EndpointStateMachineTaskThread-/0.0.0.0:15002-0 ] INFO  ozoneimpl.OzoneContainer (OzoneContainer.java:buildContainerSet(370)) - Build ContainerSet costs 0s
2025-07-02 18:45:19,789 [f74b8a39-8cc1-4de2-93c6-02015e72cd55-EndpointStateMachineTaskThread-/0.0.0.0:15002-0 ] INFO  volume.ThrottledAsyncChecker (ThrottledAsyncChecker.java:schedule(138)) - Scheduling a check for /home/runner/work/ozone/ozone/hadoop-ozone/integration-test/target/test-dir/MiniOzoneClusterImpl-b7e00dfa-d3b8-45cf-9d3a-2bd5fdfebf54/ozone-meta/datanode-10/data-0/hdds
2025-07-02 18:45:19,790 [f74b8a39-8cc1-4de2-93c6-02015e72cd55-EndpointStateMachineTaskThread-/0.0.0.0:15002-0 ] INFO  volume.StorageVolumeChecker (StorageVolumeChecker.java:checkAllVolumes(215)) - Scheduled health check for volume /home/runner/work/ozone/ozone/hadoop-ozone/integration-test/target/test-dir/MiniOzoneClusterImpl-b7e00dfa-d3b8-45cf-9d3a-2bd5fdfebf54/ozone-meta/datanode-10/data-0/hdds
2025-07-02 18:45:19,794 [f74b8a39-8cc1-4de2-93c6-02015e72cd55-EndpointStateMachineTaskThread-/0.0.0.0:15002-0 ] INFO  volume.ThrottledAsyncChecker (ThrottledAsyncChecker.java:schedule(138)) - Scheduling a check for /home/runner/work/ozone/ozone/hadoop-ozone/integration-test/target/test-dir/MiniOzoneClusterImpl-b7e00dfa-d3b8-45cf-9d3a-2bd5fdfebf54/ozone-meta/datanode-10/ratis
2025-07-02 18:45:19,794 [f74b8a39-8cc1-4de2-93c6-02015e72cd55-EndpointStateMachineTaskThread-/0.0.0.0:15002-0 ] INFO  volume.StorageVolumeChecker (StorageVolumeChecker.java:checkAllVolumes(215)) - Scheduled health check for volume /home/runner/work/ozone/ozone/hadoop-ozone/integration-test/target/test-dir/MiniOzoneClusterImpl-b7e00dfa-d3b8-45cf-9d3a-2bd5fdfebf54/ozone-meta/datanode-10/ratis
2025-07-02 18:45:19,795 [f74b8a39-8cc1-4de2-93c6-02015e72cd55-EndpointStateMachineTaskThread-/0.0.0.0:15002-0 ] INFO  ozoneimpl.OzoneContainer (OzoneContainer.java:start(520)) - Attempting to start container services.
2025-07-02 18:45:19,796 [ContainerMetadataScanner] INFO  ozoneimpl.AbstractBackgroundContainerScanner (AbstractBackgroundContainerScanner.java:runIteration(89)) - Completed an iteration in 0 minutes. Number of iterations (since the data-node restart) : 1, Number of containers scanned in this iteration : 0, Number of unhealthy containers found in this iteration : 0
2025-07-02 18:45:19,796 [ContainerDataScanner(/home/runner/work/ozone/ozone/hadoop-ozone/integration-test/target/test-dir/MiniOzoneClusterImpl-b7e00dfa-d3b8-45cf-9d3a-2bd5fdfebf54/ozone-meta/datanode-10/data-0/hdds)] INFO  ozoneimpl.AbstractBackgroundContainerScanner (AbstractBackgroundContainerScanner.java:runIteration(89)) - Completed an iteration in 0 minutes. Number of iterations (since the data-node restart) : 1, Number of containers scanned in this iteration : 0, Number of unhealthy containers found in this iteration : 0
2025-07-02 18:45:19,797 [f74b8a39-8cc1-4de2-93c6-02015e72cd55-EndpointStateMachineTaskThread-/0.0.0.0:15002-0 ] INFO  replication.ReplicationServer (ReplicationServer.java:start(137)) - ReplicationServer is started using port 15089
2025-07-02 18:45:19,797 [f74b8a39-8cc1-4de2-93c6-02015e72cd55-EndpointStateMachineTaskThread-/0.0.0.0:15002-0 ] INFO  ratis.XceiverServerRatis (XceiverServerRatis.java:start(559)) - Starting XceiverServerRatis(f74b8a39-8cc1-4de2-93c6-02015e72cd55)
2025-07-02 18:45:19,798 [f74b8a39-8cc1-4de2-93c6-02015e72cd55-EndpointStateMachineTaskThread-/0.0.0.0:15002-0 ] INFO  server.RaftServer (RaftServerProxy.java:startImpl(412)) - f74b8a39-8cc1-4de2-93c6-02015e72cd55: start RPC server
2025-07-02 18:45:19,799 [f74b8a39-8cc1-4de2-93c6-02015e72cd55-EndpointStateMachineTaskThread-/0.0.0.0:15002-0 ] INFO  server.GrpcServicesImpl (GrpcServicesImpl.java:startImpl(346)) - f74b8a39-8cc1-4de2-93c6-02015e72cd55: GrpcServicesImpl started, listening on 15085
2025-07-02 18:45:19,799 [f74b8a39-8cc1-4de2-93c6-02015e72cd55-EndpointStateMachineTaskThread-/0.0.0.0:15002-0 ] INFO  server.GrpcServicesImpl (GrpcServicesImpl.java:startImpl(346)) - f74b8a39-8cc1-4de2-93c6-02015e72cd55: GrpcServicesImpl started, listening on 15087
2025-07-02 18:45:19,800 [f74b8a39-8cc1-4de2-93c6-02015e72cd55-EndpointStateMachineTaskThread-/0.0.0.0:15002-0 ] INFO  server.GrpcServicesImpl (GrpcServicesImpl.java:startImpl(346)) - f74b8a39-8cc1-4de2-93c6-02015e72cd55: GrpcServicesImpl started, listening on 15086
2025-07-02 18:45:19,801 [f74b8a39-8cc1-4de2-93c6-02015e72cd55-EndpointStateMachineTaskThread-/0.0.0.0:15002-0 ] INFO  ratis.XceiverServerRatis (XceiverServerRatis.java:getRealPort(586)) - XceiverServerRatis(f74b8a39-8cc1-4de2-93c6-02015e72cd55) is started using port RATIS=15085
2025-07-02 18:45:19,801 [f74b8a39-8cc1-4de2-93c6-02015e72cd55-EndpointStateMachineTaskThread-/0.0.0.0:15002-0 ] INFO  ratis.XceiverServerRatis (XceiverServerRatis.java:getRealPort(586)) - XceiverServerRatis(f74b8a39-8cc1-4de2-93c6-02015e72cd55) is started using port RATIS_ADMIN=15086
2025-07-02 18:45:19,801 [f74b8a39-8cc1-4de2-93c6-02015e72cd55-EndpointStateMachineTaskThread-/0.0.0.0:15002-0 ] INFO  ratis.XceiverServerRatis (XceiverServerRatis.java:getRealPort(586)) - XceiverServerRatis(f74b8a39-8cc1-4de2-93c6-02015e72cd55) is started using port RATIS_SERVER=15087
2025-07-02 18:45:19,801 [f74b8a39-8cc1-4de2-93c6-02015e72cd55-EndpointStateMachineTaskThread-/0.0.0.0:15002-0 ] INFO  ratis.XceiverServerRatis (XceiverServerRatis.java:getRealPort(586)) - XceiverServerRatis(f74b8a39-8cc1-4de2-93c6-02015e72cd55) is started using port RATIS_DATASTREAM=15088
2025-07-02 18:45:19,801 [JvmPauseMonitor12] INFO  util.JvmPauseMonitor (JvmPauseMonitor.java:run(146)) - JvmPauseMonitor-f74b8a39-8cc1-4de2-93c6-02015e72cd55: Started
2025-07-02 18:45:19,802 [f74b8a39-8cc1-4de2-93c6-02015e72cd55-EndpointStateMachineTaskThread-/0.0.0.0:15002-0 ] INFO  utils.BackgroundService (BackgroundService.java:start(118)) - Starting service BlockDeletingService with interval 60000 milliseconds
2025-07-02 18:45:19,802 [f74b8a39-8cc1-4de2-93c6-02015e72cd55-EndpointStateMachineTaskThread-/0.0.0.0:15002-0 ] INFO  utils.BackgroundService (BackgroundService.java:start(118)) - Starting service StaleRecoveringContainerScrubbingService with interval 60000 milliseconds
2025-07-02 18:45:19,808 [EventQueue-PipelineReportForOneReplicaPipelineSafeModeRule] INFO  safemode.SCMSafeModeManager (SCMSafeModeManager.java:validateSafeModeExitRules(139)) - AtleastOneDatanodeReportedRule rule is successfully validated
2025-07-02 18:45:19,838 [f1637480-4571-474d-8c0e-49126192dfac-PipelineCommandHandlerThread-0] INFO  server.RaftServer (RaftServerProxy.java:addNew(105)) - f1637480-4571-474d-8c0e-49126192dfac: addNew group-8D2A7823D64A:[f1637480-4571-474d-8c0e-49126192dfac|127.0.0.1:15023] returns group-8D2A7823D64A:java.util.concurrent.CompletableFuture@31b16cda[Not completed]
2025-07-02 18:45:19,840 [f1637480-4571-474d-8c0e-49126192dfac-groupManagement] WARN  statemachine.DatanodeConfiguration (DatanodeConfiguration.java:validateMinFreeSpace(751)) - hdds.datanode.volume.min.free.space.percent = -1.0 is invalid, should be between 0 and 1
2025-07-02 18:45:19,840 [f1637480-4571-474d-8c0e-49126192dfac-groupManagement] INFO  server.RaftServer$Division (RaftServerImpl.java:<init>(268)) - f1637480-4571-474d-8c0e-49126192dfac: new RaftServerImpl for group-8D2A7823D64A:[f1637480-4571-474d-8c0e-49126192dfac|127.0.0.1:15023] with ContainerStateMachine:uninitialized
2025-07-02 18:45:19,840 [f1637480-4571-474d-8c0e-49126192dfac-groupManagement] INFO  server.RaftServer$Division (ServerState.java:<init>(114)) - f1637480-4571-474d-8c0e-49126192dfac@group-8D2A7823D64A: ConfigurationManager, init=conf: {index: -1, cur=peers:[f1637480-4571-474d-8c0e-49126192dfac|127.0.0.1:15023]|listeners:[], old=null}, confs=<EMPTY_MAP>
2025-07-02 18:45:19,842 [EventQueue-PipelineReportForOneReplicaPipelineSafeModeRule] INFO  safemode.SCMSafeModeManager (SCMSafeModeManager.java:validateSafeModeExitRules(139)) - AtleastOneDatanodeReportedRule rule is successfully validated
2025-07-02 18:45:19,850 [f1637480-4571-474d-8c0e-49126192dfac-groupManagement] INFO  server.RaftServerConfigKeys (ConfUtils.java:logGet(62)) - raft.server.storage.dir = [/home/runner/work/ozone/ozone/hadoop-ozone/integration-test/target/test-dir/MiniOzoneClusterImpl-b7e00dfa-d3b8-45cf-9d3a-2bd5fdfebf54/ozone-meta/datanode-2/ratis] (custom)
2025-07-02 18:45:19,850 [f1637480-4571-474d-8c0e-49126192dfac-groupManagement] INFO  storage.RaftStorageDirectory (RaftStorageDirectoryImpl.java:analyzeStorage(138)) - The storage directory /home/runner/work/ozone/ozone/hadoop-ozone/integration-test/target/test-dir/MiniOzoneClusterImpl-b7e00dfa-d3b8-45cf-9d3a-2bd5fdfebf54/ozone-meta/datanode-2/ratis/6a7ad97f-a890-4ebb-93c9-8d2a7823d64a does not exist. Creating ...
2025-07-02 18:45:19,851 [f1637480-4571-474d-8c0e-49126192dfac-groupManagement] INFO  storage.RaftStorageDirectory (RaftStorageDirectoryImpl.java:tryLock(229)) - Lock on /home/runner/work/ozone/ozone/hadoop-ozone/integration-test/target/test-dir/MiniOzoneClusterImpl-b7e00dfa-d3b8-45cf-9d3a-2bd5fdfebf54/ozone-meta/datanode-2/ratis/6a7ad97f-a890-4ebb-93c9-8d2a7823d64a/in_use.lock acquired by nodename 44808@localhost
2025-07-02 18:45:19,853 [f1637480-4571-474d-8c0e-49126192dfac-groupManagement] INFO  storage.RaftStorage (RaftStorageImpl.java:format(98)) - Storage directory /home/runner/work/ozone/ozone/hadoop-ozone/integration-test/target/test-dir/MiniOzoneClusterImpl-b7e00dfa-d3b8-45cf-9d3a-2bd5fdfebf54/ozone-meta/datanode-2/ratis/6a7ad97f-a890-4ebb-93c9-8d2a7823d64a has been successfully formatted.
2025-07-02 18:45:19,854 [f1637480-4571-474d-8c0e-49126192dfac-groupManagement] INFO  ratis.ContainerStateMachine (ContainerStateMachine.java:initialize(339)) - f1637480-4571-474d-8c0e-49126192dfac: initialize group-8D2A7823D64A
2025-07-02 18:45:19,854 [f1637480-4571-474d-8c0e-49126192dfac-groupManagement] INFO  ratis.ContainerStateMachine (ContainerStateMachine.java:loadSnapshot(347)) - group-8D2A7823D64A: The snapshot info is null. Setting the last applied index to:<INITIAL_VALUE>
2025-07-02 18:45:19,854 [f1637480-4571-474d-8c0e-49126192dfac-groupManagement] INFO  server.RaftServerConfigKeys (ConfUtils.java:logGet(62)) - raft.server.log.appender.buffer.byte-limit = 33554432 (custom)
2025-07-02 18:45:19,857 [EventQueue-PipelineReportForOneReplicaPipelineSafeModeRule] INFO  safemode.SCMSafeModeManager (SCMSafeModeManager.java:validateSafeModeExitRules(139)) - AtleastOneDatanodeReportedRule rule is successfully validated
2025-07-02 18:45:19,859 [f1637480-4571-474d-8c0e-49126192dfac-groupManagement] INFO  server.RaftServerConfigKeys (ConfUtils.java:logGet(62)) - raft.server.log.segment.size.max = 67108864 (custom)
2025-07-02 18:45:19,860 [f1637480-4571-474d-8c0e-49126192dfac-groupManagement] INFO  server.RaftServerConfigKeys (ConfUtils.java:logGet(62)) - raft.server.log.appender.buffer.byte-limit = 33554432 (custom)
2025-07-02 18:45:19,861 [f1637480-4571-474d-8c0e-49126192dfac-groupManagement] INFO  util.AwaitToRun (AwaitToRun.java:start(81)) - Thread[#1182,f1637480-4571-474d-8c0e-49126192dfac@group-8D2A7823D64A-cacheEviction-AwaitToRun,5,main] started
2025-07-02 18:45:19,862 [f1637480-4571-474d-8c0e-49126192dfac-groupManagement] INFO  segmented.SegmentedRaftLogWorker (SegmentedRaftLogWorker.java:<init>(190)) - new f1637480-4571-474d-8c0e-49126192dfac@group-8D2A7823D64A-SegmentedRaftLogWorker for RaftStorageImpl:Storage Directory /home/runner/work/ozone/ozone/hadoop-ozone/integration-test/target/test-dir/MiniOzoneClusterImpl-b7e00dfa-d3b8-45cf-9d3a-2bd5fdfebf54/ozone-meta/datanode-2/ratis/6a7ad97f-a890-4ebb-93c9-8d2a7823d64a
2025-07-02 18:45:19,862 [0fee975d-e734-400e-bdb4-ee8e3ebebca6@group-2BD5FDFEBF54-StateMachineUpdater] INFO  safemode.SCMSafeModeManager (SCMSafeModeManager.java:validateSafeModeExitRules(139)) - DataNodeSafeModeRule rule is successfully validated
2025-07-02 18:45:19,863 [f1637480-4571-474d-8c0e-49126192dfac-groupManagement] INFO  server.RaftServerConfigKeys (ConfUtils.java:logGet(62)) - raft.server.log.queue.byte-limit = 4294967296 (custom)
2025-07-02 18:45:19,863 [f1637480-4571-474d-8c0e-49126192dfac-groupManagement] INFO  server.RaftServerConfigKeys (ConfUtils.java:logGet(62)) - raft.server.log.segment.size.max = 67108864 (custom)
2025-07-02 18:45:19,863 [f1637480-4571-474d-8c0e-49126192dfac-groupManagement] INFO  server.RaftServerConfigKeys (ConfUtils.java:logGet(62)) - raft.server.log.preallocated.size = 4194304 (custom)
2025-07-02 18:45:19,863 [0fee975d-e734-400e-bdb4-ee8e3ebebca6@group-2BD5FDFEBF54-StateMachineUpdater] INFO  safemode.SCMSafeModeManager (SCMSafeModeManager.java:validateSafeModeExitRules(139)) - RatisContainerSafeModeRule rule is successfully validated
2025-07-02 18:45:19,863 [0fee975d-e734-400e-bdb4-ee8e3ebebca6@group-2BD5FDFEBF54-StateMachineUpdater] INFO  safemode.HealthyPipelineSafeModeRule (HealthyPipelineSafeModeRule.java:initializeRule(228)) - Refreshed total pipeline count is 0, healthy pipeline threshold count is 1
2025-07-02 18:45:19,863 [0fee975d-e734-400e-bdb4-ee8e3ebebca6@group-2BD5FDFEBF54-StateMachineUpdater] INFO  safemode.SCMSafeModeManager (SCMSafeModeManager.java:validateSafeModeExitRules(139)) - ECContainerSafeModeRule rule is successfully validated
2025-07-02 18:45:19,863 [0fee975d-e734-400e-bdb4-ee8e3ebebca6@group-2BD5FDFEBF54-StateMachineUpdater] INFO  safemode.SCMSafeModeManager (SCMSafeModeManager.java:validateSafeModeExitRules(139)) - AtleastOneDatanodeReportedRule rule is successfully validated
2025-07-02 18:45:19,863 [EventQueue-PipelineReportForPipelineReportHandler] INFO  pipeline.PipelineReportHandler (PipelineReportHandler.java:processPipelineReport(134)) - Opened pipeline Pipeline-6a7ad97f-a890-4ebb-93c9-8d2a7823d64a
2025-07-02 18:45:19,864 [f1637480-4571-474d-8c0e-49126192dfac-groupManagement] INFO  server.RaftServerConfigKeys (ConfUtils.java:logGet(62)) - raft.server.log.write.buffer.size = 33554440 (custom)
2025-07-02 18:45:19,866 [EventQueue-PipelineReportForOneReplicaPipelineSafeModeRule] INFO  safemode.SCMSafeModeManager (SCMSafeModeManager.java:validateSafeModeExitRules(139)) - AtleastOneDatanodeReportedRule rule is successfully validated
2025-07-02 18:45:19,870 [f1637480-4571-474d-8c0e-49126192dfac-groupManagement] INFO  server.RaftServerConfigKeys (ConfUtils.java:logGet(62)) - raft.server.log.appender.buffer.byte-limit = 33554432 (custom)
2025-07-02 18:45:19,871 [f1637480-4571-474d-8c0e-49126192dfac-groupManagement] INFO  segmented.SegmentedRaftLogWorker (SegmentedRaftLogWorker.java:lambda$new$0(141)) - f1637480-4571-474d-8c0e-49126192dfac@group-8D2A7823D64A-SegmentedRaftLogWorker: flushIndex: setUnconditionally 0 -> -1
2025-07-02 18:45:19,871 [f1637480-4571-474d-8c0e-49126192dfac-groupManagement] INFO  segmented.SegmentedRaftLogWorker (SegmentedRaftLogWorker.java:lambda$new$0(141)) - f1637480-4571-474d-8c0e-49126192dfac@group-8D2A7823D64A-SegmentedRaftLogWorker: safeCacheEvictIndex: setUnconditionally 0 -> -1
2025-07-02 18:45:19,872 [f1637480-4571-474d-8c0e-49126192dfac-groupManagement] INFO  server.RaftServer$Division (RaftServerImpl.java:start(405)) - f1637480-4571-474d-8c0e-49126192dfac@group-8D2A7823D64A: start as a follower, conf=conf: {index: -1, cur=peers:[f1637480-4571-474d-8c0e-49126192dfac|127.0.0.1:15023]|listeners:[], old=null}
2025-07-02 18:45:19,872 [f1637480-4571-474d-8c0e-49126192dfac-groupManagement] INFO  server.RaftServer$Division (RaftServerImpl.java:setRole(392)) - f1637480-4571-474d-8c0e-49126192dfac@group-8D2A7823D64A: changes role from      null to FOLLOWER at term 0 for startAsFollower
2025-07-02 18:45:19,872 [f1637480-4571-474d-8c0e-49126192dfac-groupManagement] INFO  impl.RoleInfo (RoleInfo.java:updateAndGet(148)) - f1637480-4571-474d-8c0e-49126192dfac: start f1637480-4571-474d-8c0e-49126192dfac@group-8D2A7823D64A-FollowerState
2025-07-02 18:45:19,873 [f1637480-4571-474d-8c0e-49126192dfac-groupManagement] INFO  util.JmxRegister (JmxRegister.java:tryRegister(44)) - Successfully registered JMX Bean with object name Ratis:service=RaftServer,group=group-8D2A7823D64A,id=f1637480-4571-474d-8c0e-49126192dfac
2025-07-02 18:45:19,873 [f1637480-4571-474d-8c0e-49126192dfac-groupManagement] INFO  util.JmxRegister (JmxRegister.java:register(58)) - register mxBean class org.apache.ratis.server.impl.RaftServerJmxAdapter as Ratis:service=RaftServer,group=group-8D2A7823D64A,id=f1637480-4571-474d-8c0e-49126192dfac
2025-07-02 18:45:19,875 [f1637480-4571-474d-8c0e-49126192dfac-groupManagement] INFO  server.RaftServer$Division (RaftServerImpl.java:start(419)) - f1637480-4571-474d-8c0e-49126192dfac@group-8D2A7823D64A: Successfully started.
2025-07-02 18:45:19,875 [f1637480-4571-474d-8c0e-49126192dfac-PipelineCommandHandlerThread-0] INFO  ratis.XceiverServerRatis (XceiverServerRatis.java:addGroup(843)) - Created group Pipeline-6a7ad97f-a890-4ebb-93c9-8d2a7823d64a
2025-07-02 18:45:19,875 [f1637480-4571-474d-8c0e-49126192dfac-PipelineCommandHandlerThread-0] INFO  commandhandler.CreatePipelineCommandHandler (CreatePipelineCommandHandler.java:lambda$handle$2(127)) - Created Pipeline RATIS ONE Pipeline-6a7ad97f-a890-4ebb-93c9-8d2a7823d64a.
2025-07-02 18:45:19,876 [f1637480-4571-474d-8c0e-49126192dfac-PipelineCommandHandlerThread-0] INFO  server.RaftServer (RaftServerProxy.java:addNew(105)) - f1637480-4571-474d-8c0e-49126192dfac: addNew group-B92A147DE22B:[f1637480-4571-474d-8c0e-49126192dfac|127.0.0.1:15023, baa12041-7cca-45c7-810c-7ea11519444b|127.0.0.1:15031, 75758caf-2019-48e0-9285-4ac26ec01eda|127.0.0.1:15015] returns group-B92A147DE22B:java.util.concurrent.CompletableFuture@13625cf3[Not completed]
2025-07-02 18:45:19,877 [f1637480-4571-474d-8c0e-49126192dfac-groupManagement] WARN  statemachine.DatanodeConfiguration (DatanodeConfiguration.java:validateMinFreeSpace(751)) - hdds.datanode.volume.min.free.space.percent = -1.0 is invalid, should be between 0 and 1
2025-07-02 18:45:19,877 [f1637480-4571-474d-8c0e-49126192dfac-groupManagement] INFO  server.RaftServer$Division (RaftServerImpl.java:<init>(268)) - f1637480-4571-474d-8c0e-49126192dfac: new RaftServerImpl for group-B92A147DE22B:[f1637480-4571-474d-8c0e-49126192dfac|127.0.0.1:15023, baa12041-7cca-45c7-810c-7ea11519444b|127.0.0.1:15031, 75758caf-2019-48e0-9285-4ac26ec01eda|127.0.0.1:15015] with ContainerStateMachine:uninitialized
2025-07-02 18:45:19,878 [f1637480-4571-474d-8c0e-49126192dfac-groupManagement] INFO  server.RaftServer$Division (ServerState.java:<init>(114)) - f1637480-4571-474d-8c0e-49126192dfac@group-B92A147DE22B: ConfigurationManager, init=conf: {index: -1, cur=peers:[f1637480-4571-474d-8c0e-49126192dfac|127.0.0.1:15023, baa12041-7cca-45c7-810c-7ea11519444b|127.0.0.1:15031, 75758caf-2019-48e0-9285-4ac26ec01eda|127.0.0.1:15015]|listeners:[], old=null}, confs=<EMPTY_MAP>
2025-07-02 18:45:19,886 [f1637480-4571-474d-8c0e-49126192dfac-groupManagement] INFO  storage.RaftStorageDirectory (RaftStorageDirectoryImpl.java:analyzeStorage(138)) - The storage directory /home/runner/work/ozone/ozone/hadoop-ozone/integration-test/target/test-dir/MiniOzoneClusterImpl-b7e00dfa-d3b8-45cf-9d3a-2bd5fdfebf54/ozone-meta/datanode-2/ratis/04a1f7f9-abb2-42e3-9b76-b92a147de22b does not exist. Creating ...
2025-07-02 18:45:19,888 [f1637480-4571-474d-8c0e-49126192dfac-groupManagement] INFO  storage.RaftStorageDirectory (RaftStorageDirectoryImpl.java:tryLock(229)) - Lock on /home/runner/work/ozone/ozone/hadoop-ozone/integration-test/target/test-dir/MiniOzoneClusterImpl-b7e00dfa-d3b8-45cf-9d3a-2bd5fdfebf54/ozone-meta/datanode-2/ratis/04a1f7f9-abb2-42e3-9b76-b92a147de22b/in_use.lock acquired by nodename 44808@localhost
2025-07-02 18:45:19,891 [f1637480-4571-474d-8c0e-49126192dfac-groupManagement] INFO  storage.RaftStorage (RaftStorageImpl.java:format(98)) - Storage directory /home/runner/work/ozone/ozone/hadoop-ozone/integration-test/target/test-dir/MiniOzoneClusterImpl-b7e00dfa-d3b8-45cf-9d3a-2bd5fdfebf54/ozone-meta/datanode-2/ratis/04a1f7f9-abb2-42e3-9b76-b92a147de22b has been successfully formatted.
2025-07-02 18:45:19,891 [f1637480-4571-474d-8c0e-49126192dfac-groupManagement] INFO  ratis.ContainerStateMachine (ContainerStateMachine.java:initialize(339)) - f1637480-4571-474d-8c0e-49126192dfac: initialize group-B92A147DE22B
2025-07-02 18:45:19,892 [f1637480-4571-474d-8c0e-49126192dfac-groupManagement] INFO  ratis.ContainerStateMachine (ContainerStateMachine.java:loadSnapshot(347)) - group-B92A147DE22B: The snapshot info is null. Setting the last applied index to:<INITIAL_VALUE>
2025-07-02 18:45:19,892 [f1637480-4571-474d-8c0e-49126192dfac-groupManagement] INFO  server.RaftServerConfigKeys (ConfUtils.java:logGet(62)) - raft.server.log.appender.buffer.byte-limit = 33554432 (custom)
2025-07-02 18:45:19,893 [EventQueue-PipelineReportForOneReplicaPipelineSafeModeRule] INFO  safemode.SCMSafeModeManager (SCMSafeModeManager.java:validateSafeModeExitRules(139)) - AtleastOneDatanodeReportedRule rule is successfully validated
2025-07-02 18:45:19,897 [f1637480-4571-474d-8c0e-49126192dfac-groupManagement] INFO  server.RaftServerConfigKeys (ConfUtils.java:logGet(62)) - raft.server.log.segment.size.max = 67108864 (custom)
2025-07-02 18:45:19,898 [f1637480-4571-474d-8c0e-49126192dfac-groupManagement] INFO  server.RaftServerConfigKeys (ConfUtils.java:logGet(62)) - raft.server.log.appender.buffer.byte-limit = 33554432 (custom)
2025-07-02 18:45:19,898 [f1637480-4571-474d-8c0e-49126192dfac-groupManagement] INFO  util.AwaitToRun (AwaitToRun.java:start(81)) - Thread[#1187,f1637480-4571-474d-8c0e-49126192dfac@group-B92A147DE22B-cacheEviction-AwaitToRun,5,main] started
2025-07-02 18:45:19,899 [f1637480-4571-474d-8c0e-49126192dfac-groupManagement] INFO  segmented.SegmentedRaftLogWorker (SegmentedRaftLogWorker.java:<init>(190)) - new f1637480-4571-474d-8c0e-49126192dfac@group-B92A147DE22B-SegmentedRaftLogWorker for RaftStorageImpl:Storage Directory /home/runner/work/ozone/ozone/hadoop-ozone/integration-test/target/test-dir/MiniOzoneClusterImpl-b7e00dfa-d3b8-45cf-9d3a-2bd5fdfebf54/ozone-meta/datanode-2/ratis/04a1f7f9-abb2-42e3-9b76-b92a147de22b
2025-07-02 18:45:19,899 [f1637480-4571-474d-8c0e-49126192dfac-groupManagement] INFO  server.RaftServerConfigKeys (ConfUtils.java:logGet(62)) - raft.server.log.queue.byte-limit = 4294967296 (custom)
2025-07-02 18:45:19,900 [f1637480-4571-474d-8c0e-49126192dfac-groupManagement] INFO  server.RaftServerConfigKeys (ConfUtils.java:logGet(62)) - raft.server.log.segment.size.max = 67108864 (custom)
2025-07-02 18:45:19,900 [f1637480-4571-474d-8c0e-49126192dfac-groupManagement] INFO  server.RaftServerConfigKeys (ConfUtils.java:logGet(62)) - raft.server.log.preallocated.size = 4194304 (custom)
2025-07-02 18:45:19,901 [f1637480-4571-474d-8c0e-49126192dfac-groupManagement] INFO  server.RaftServerConfigKeys (ConfUtils.java:logGet(62)) - raft.server.log.write.buffer.size = 33554440 (custom)
2025-07-02 18:45:19,908 [f1637480-4571-474d-8c0e-49126192dfac-groupManagement] INFO  server.RaftServerConfigKeys (ConfUtils.java:logGet(62)) - raft.server.log.appender.buffer.byte-limit = 33554432 (custom)
2025-07-02 18:45:19,909 [f1637480-4571-474d-8c0e-49126192dfac-groupManagement] INFO  segmented.SegmentedRaftLogWorker (SegmentedRaftLogWorker.java:lambda$new$0(141)) - f1637480-4571-474d-8c0e-49126192dfac@group-B92A147DE22B-SegmentedRaftLogWorker: flushIndex: setUnconditionally 0 -> -1
2025-07-02 18:45:19,909 [f1637480-4571-474d-8c0e-49126192dfac-groupManagement] INFO  segmented.SegmentedRaftLogWorker (SegmentedRaftLogWorker.java:lambda$new$0(141)) - f1637480-4571-474d-8c0e-49126192dfac@group-B92A147DE22B-SegmentedRaftLogWorker: safeCacheEvictIndex: setUnconditionally 0 -> -1
2025-07-02 18:45:19,910 [f1637480-4571-474d-8c0e-49126192dfac-groupManagement] INFO  server.RaftServer$Division (RaftServerImpl.java:start(405)) - f1637480-4571-474d-8c0e-49126192dfac@group-B92A147DE22B: start as a follower, conf=conf: {index: -1, cur=peers:[f1637480-4571-474d-8c0e-49126192dfac|127.0.0.1:15023, baa12041-7cca-45c7-810c-7ea11519444b|127.0.0.1:15031, 75758caf-2019-48e0-9285-4ac26ec01eda|127.0.0.1:15015]|listeners:[], old=null}
2025-07-02 18:45:19,911 [f1637480-4571-474d-8c0e-49126192dfac-groupManagement] INFO  server.RaftServer$Division (RaftServerImpl.java:setRole(392)) - f1637480-4571-474d-8c0e-49126192dfac@group-B92A147DE22B: changes role from      null to FOLLOWER at term 0 for startAsFollower
2025-07-02 18:45:19,911 [f1637480-4571-474d-8c0e-49126192dfac-groupManagement] INFO  impl.RoleInfo (RoleInfo.java:updateAndGet(148)) - f1637480-4571-474d-8c0e-49126192dfac: start f1637480-4571-474d-8c0e-49126192dfac@group-B92A147DE22B-FollowerState
2025-07-02 18:45:19,912 [EventQueue-PipelineReportForOneReplicaPipelineSafeModeRule] INFO  safemode.SCMSafeModeManager (SCMSafeModeManager.java:validateSafeModeExitRules(139)) - AtleastOneDatanodeReportedRule rule is successfully validated
2025-07-02 18:45:19,913 [f1637480-4571-474d-8c0e-49126192dfac-groupManagement] INFO  util.JmxRegister (JmxRegister.java:tryRegister(44)) - Successfully registered JMX Bean with object name Ratis:service=RaftServer,group=group-B92A147DE22B,id=f1637480-4571-474d-8c0e-49126192dfac
2025-07-02 18:45:19,913 [f1637480-4571-474d-8c0e-49126192dfac-groupManagement] INFO  util.JmxRegister (JmxRegister.java:register(58)) - register mxBean class org.apache.ratis.server.impl.RaftServerJmxAdapter as Ratis:service=RaftServer,group=group-B92A147DE22B,id=f1637480-4571-474d-8c0e-49126192dfac
2025-07-02 18:45:19,918 [f1637480-4571-474d-8c0e-49126192dfac-groupManagement] INFO  server.RaftServer$Division (RaftServerImpl.java:start(419)) - f1637480-4571-474d-8c0e-49126192dfac@group-B92A147DE22B: Successfully started.
2025-07-02 18:45:19,918 [f1637480-4571-474d-8c0e-49126192dfac-PipelineCommandHandlerThread-0] INFO  ratis.XceiverServerRatis (XceiverServerRatis.java:addGroup(843)) - Created group Pipeline-04a1f7f9-abb2-42e3-9b76-b92a147de22b
2025-07-02 18:45:19,962 [EventQueue-PipelineReportForOneReplicaPipelineSafeModeRule] INFO  safemode.SCMSafeModeManager (SCMSafeModeManager.java:validateSafeModeExitRules(139)) - AtleastOneDatanodeReportedRule rule is successfully validated
2025-07-02 18:45:19,973 [grpc-default-executor-1] WARN  server.GrpcAdminProtocolService (GrpcAdminProtocolService.java:lambda$groupManagement$1(53)) - Failed groupManagement: GROUPADD, GroupManagementRequest:client-E66FFD48F689->f1637480-4571-474d-8c0e-49126192dfac@group-B92A147DE22B, cid=1, seq=null, RW, null, Add:group-B92A147DE22B:[f1637480-4571-474d-8c0e-49126192dfac|127.0.0.1:15023, baa12041-7cca-45c7-810c-7ea11519444b|127.0.0.1:15031, 75758caf-2019-48e0-9285-4ac26ec01eda|127.0.0.1:15015]
java.util.concurrent.CompletionException: org.apache.ratis.protocol.exceptions.AlreadyExistsException: f1637480-4571-474d-8c0e-49126192dfac: Failed to add group-B92A147DE22B:[f1637480-4571-474d-8c0e-49126192dfac|127.0.0.1:15023, baa12041-7cca-45c7-810c-7ea11519444b|127.0.0.1:15031, 75758caf-2019-48e0-9285-4ac26ec01eda|127.0.0.1:15015] since the group already exists in the map.
	at java.base/java.util.concurrent.CompletableFuture.encodeThrowable(CompletableFuture.java:332)
	at java.base/java.util.concurrent.CompletableFuture.uniApplyNow(CompletableFuture.java:674)
	at java.base/java.util.concurrent.CompletableFuture.uniApplyStage(CompletableFuture.java:662)
	at java.base/java.util.concurrent.CompletableFuture.thenApplyAsync(CompletableFuture.java:2210)
	at org.apache.ratis.server.impl.RaftServerProxy.groupAddAsync(RaftServerProxy.java:513)
	at org.apache.ratis.server.impl.RaftServerProxy.groupManagementAsync(RaftServerProxy.java:495)
	at org.apache.ratis.grpc.server.GrpcAdminProtocolService.lambda$groupManagement$0(GrpcAdminProtocolService.java:51)
	at org.apache.ratis.grpc.GrpcUtil.asyncCall(GrpcUtil.java:172)
	at org.apache.ratis.grpc.server.GrpcAdminProtocolService.groupManagement(GrpcAdminProtocolService.java:51)
	at org.apache.ratis.proto.grpc.AdminProtocolServiceGrpc$MethodHandlers.invoke(AdminProtocolServiceGrpc.java:701)
	at org.apache.ratis.thirdparty.io.grpc.stub.ServerCalls$UnaryServerCallHandler$UnaryServerCallListener.onHalfClose(ServerCalls.java:182)
	at org.apache.ratis.thirdparty.io.grpc.internal.ServerCallImpl$ServerStreamListenerImpl.halfClosed(ServerCallImpl.java:356)
	at org.apache.ratis.thirdparty.io.grpc.internal.ServerImpl$JumpToApplicationThreadServerStreamListener$1HalfClosed.runInContext(ServerImpl.java:861)
	at org.apache.ratis.thirdparty.io.grpc.internal.ContextRunnable.run(ContextRunnable.java:37)
	at org.apache.ratis.thirdparty.io.grpc.internal.SerializingExecutor.run(SerializingExecutor.java:133)
	at java.base/java.util.concurrent.ThreadPoolExecutor.runWorker(ThreadPoolExecutor.java:1144)
	at java.base/java.util.concurrent.ThreadPoolExecutor$Worker.run(ThreadPoolExecutor.java:642)
	at java.base/java.lang.Thread.run(Thread.java:1583)
Caused by: org.apache.ratis.protocol.exceptions.AlreadyExistsException: f1637480-4571-474d-8c0e-49126192dfac: Failed to add group-B92A147DE22B:[f1637480-4571-474d-8c0e-49126192dfac|127.0.0.1:15023, baa12041-7cca-45c7-810c-7ea11519444b|127.0.0.1:15031, 75758caf-2019-48e0-9285-4ac26ec01eda|127.0.0.1:15015] since the group already exists in the map.
	at org.apache.ratis.server.impl.RaftServerProxy$ImplMap.addNew(RaftServerProxy.java:99)
	at org.apache.ratis.server.impl.RaftServerProxy.groupAddAsync(RaftServerProxy.java:512)
	... 13 more
2025-07-02 18:45:19,975 [baa12041-7cca-45c7-810c-7ea11519444b-groupManagement] WARN  statemachine.DatanodeConfiguration (DatanodeConfiguration.java:validateMinFreeSpace(751)) - hdds.datanode.volume.min.free.space.percent = -1.0 is invalid, should be between 0 and 1
2025-07-02 18:45:19,975 [baa12041-7cca-45c7-810c-7ea11519444b-groupManagement] INFO  server.RaftServer$Division (RaftServerImpl.java:<init>(268)) - baa12041-7cca-45c7-810c-7ea11519444b: new RaftServerImpl for group-B92A147DE22B:[f1637480-4571-474d-8c0e-49126192dfac|127.0.0.1:15023, baa12041-7cca-45c7-810c-7ea11519444b|127.0.0.1:15031, 75758caf-2019-48e0-9285-4ac26ec01eda|127.0.0.1:15015] with ContainerStateMachine:uninitialized
2025-07-02 18:45:19,975 [baa12041-7cca-45c7-810c-7ea11519444b-groupManagement] INFO  server.RaftServer$Division (ServerState.java:<init>(114)) - baa12041-7cca-45c7-810c-7ea11519444b@group-B92A147DE22B: ConfigurationManager, init=conf: {index: -1, cur=peers:[f1637480-4571-474d-8c0e-49126192dfac|127.0.0.1:15023, baa12041-7cca-45c7-810c-7ea11519444b|127.0.0.1:15031, 75758caf-2019-48e0-9285-4ac26ec01eda|127.0.0.1:15015]|listeners:[], old=null}, confs=<EMPTY_MAP>
2025-07-02 18:45:19,976 [grpc-default-executor-0] INFO  server.RaftServer (RaftServerProxy.java:addNew(105)) - baa12041-7cca-45c7-810c-7ea11519444b: addNew group-B92A147DE22B:[f1637480-4571-474d-8c0e-49126192dfac|127.0.0.1:15023, baa12041-7cca-45c7-810c-7ea11519444b|127.0.0.1:15031, 75758caf-2019-48e0-9285-4ac26ec01eda|127.0.0.1:15015] returns group-B92A147DE22B:java.util.concurrent.CompletableFuture@1d25168e[Not completed]
2025-07-02 18:45:19,991 [baa12041-7cca-45c7-810c-7ea11519444b-groupManagement] INFO  server.RaftServerConfigKeys (ConfUtils.java:logGet(62)) - raft.server.storage.dir = [/home/runner/work/ozone/ozone/hadoop-ozone/integration-test/target/test-dir/MiniOzoneClusterImpl-b7e00dfa-d3b8-45cf-9d3a-2bd5fdfebf54/ozone-meta/datanode-3/ratis] (custom)
2025-07-02 18:45:19,991 [baa12041-7cca-45c7-810c-7ea11519444b-groupManagement] INFO  storage.RaftStorageDirectory (RaftStorageDirectoryImpl.java:analyzeStorage(138)) - The storage directory /home/runner/work/ozone/ozone/hadoop-ozone/integration-test/target/test-dir/MiniOzoneClusterImpl-b7e00dfa-d3b8-45cf-9d3a-2bd5fdfebf54/ozone-meta/datanode-3/ratis/04a1f7f9-abb2-42e3-9b76-b92a147de22b does not exist. Creating ...
2025-07-02 18:45:19,992 [baa12041-7cca-45c7-810c-7ea11519444b-groupManagement] INFO  storage.RaftStorageDirectory (RaftStorageDirectoryImpl.java:tryLock(229)) - Lock on /home/runner/work/ozone/ozone/hadoop-ozone/integration-test/target/test-dir/MiniOzoneClusterImpl-b7e00dfa-d3b8-45cf-9d3a-2bd5fdfebf54/ozone-meta/datanode-3/ratis/04a1f7f9-abb2-42e3-9b76-b92a147de22b/in_use.lock acquired by nodename 44808@localhost
2025-07-02 18:45:19,994 [baa12041-7cca-45c7-810c-7ea11519444b-groupManagement] INFO  storage.RaftStorage (RaftStorageImpl.java:format(98)) - Storage directory /home/runner/work/ozone/ozone/hadoop-ozone/integration-test/target/test-dir/MiniOzoneClusterImpl-b7e00dfa-d3b8-45cf-9d3a-2bd5fdfebf54/ozone-meta/datanode-3/ratis/04a1f7f9-abb2-42e3-9b76-b92a147de22b has been successfully formatted.
2025-07-02 18:45:19,995 [baa12041-7cca-45c7-810c-7ea11519444b-groupManagement] INFO  ratis.ContainerStateMachine (ContainerStateMachine.java:initialize(339)) - baa12041-7cca-45c7-810c-7ea11519444b: initialize group-B92A147DE22B
2025-07-02 18:45:19,995 [baa12041-7cca-45c7-810c-7ea11519444b-groupManagement] INFO  ratis.ContainerStateMachine (ContainerStateMachine.java:loadSnapshot(347)) - group-B92A147DE22B: The snapshot info is null. Setting the last applied index to:<INITIAL_VALUE>
2025-07-02 18:45:19,995 [baa12041-7cca-45c7-810c-7ea11519444b-groupManagement] INFO  server.RaftServerConfigKeys (ConfUtils.java:logGet(62)) - raft.server.log.appender.buffer.byte-limit = 33554432 (custom)
2025-07-02 18:45:20,000 [baa12041-7cca-45c7-810c-7ea11519444b-groupManagement] INFO  server.RaftServerConfigKeys (ConfUtils.java:logGet(62)) - raft.server.log.segment.size.max = 67108864 (custom)
2025-07-02 18:45:20,001 [baa12041-7cca-45c7-810c-7ea11519444b-groupManagement] INFO  server.RaftServerConfigKeys (ConfUtils.java:logGet(62)) - raft.server.log.appender.buffer.byte-limit = 33554432 (custom)
2025-07-02 18:45:20,001 [EventQueue-PipelineReportForOneReplicaPipelineSafeModeRule] INFO  safemode.SCMSafeModeManager (SCMSafeModeManager.java:validateSafeModeExitRules(139)) - AtleastOneDatanodeReportedRule rule is successfully validated
2025-07-02 18:45:20,002 [baa12041-7cca-45c7-810c-7ea11519444b-groupManagement] INFO  util.AwaitToRun (AwaitToRun.java:start(81)) - Thread[#1193,baa12041-7cca-45c7-810c-7ea11519444b@group-B92A147DE22B-cacheEviction-AwaitToRun,5,main] started
2025-07-02 18:45:20,002 [baa12041-7cca-45c7-810c-7ea11519444b-groupManagement] INFO  segmented.SegmentedRaftLogWorker (SegmentedRaftLogWorker.java:<init>(190)) - new baa12041-7cca-45c7-810c-7ea11519444b@group-B92A147DE22B-SegmentedRaftLogWorker for RaftStorageImpl:Storage Directory /home/runner/work/ozone/ozone/hadoop-ozone/integration-test/target/test-dir/MiniOzoneClusterImpl-b7e00dfa-d3b8-45cf-9d3a-2bd5fdfebf54/ozone-meta/datanode-3/ratis/04a1f7f9-abb2-42e3-9b76-b92a147de22b
2025-07-02 18:45:20,002 [baa12041-7cca-45c7-810c-7ea11519444b-groupManagement] INFO  server.RaftServerConfigKeys (ConfUtils.java:logGet(62)) - raft.server.log.queue.byte-limit = 4294967296 (custom)
2025-07-02 18:45:20,002 [baa12041-7cca-45c7-810c-7ea11519444b-groupManagement] INFO  server.RaftServerConfigKeys (ConfUtils.java:logGet(62)) - raft.server.log.segment.size.max = 67108864 (custom)
2025-07-02 18:45:20,002 [baa12041-7cca-45c7-810c-7ea11519444b-groupManagement] INFO  server.RaftServerConfigKeys (ConfUtils.java:logGet(62)) - raft.server.log.preallocated.size = 4194304 (custom)
2025-07-02 18:45:20,003 [baa12041-7cca-45c7-810c-7ea11519444b-groupManagement] INFO  server.RaftServerConfigKeys (ConfUtils.java:logGet(62)) - raft.server.log.write.buffer.size = 33554440 (custom)
2025-07-02 18:45:20,006 [IPC Server handler 8 on default port 15002] INFO  net.NetworkTopologyImpl (NetworkTopologyImpl.java:add(133)) - Added a new node: /default-rack/9eb5a351-9325-4150-9d0a-de2b7d27d48d
2025-07-02 18:45:20,007 [IPC Server handler 8 on default port 15002] INFO  node.SCMNodeManager (SCMNodeManager.java:register(423)) - Registered datanode: 9eb5a351-9325-4150-9d0a-de2b7d27d48d{ip: 127.0.0.1, host: localhost, ports: [HTTP=15074, CLIENT_RPC=15075, REPLICATION=15081, RATIS=15077, RATIS_ADMIN=15078, RATIS_SERVER=15079, RATIS_DATASTREAM=15080, STANDALONE=15076], networkLocation: /default-rack, certSerialId: null, persistedOpState: null, persistedOpStateExpiryEpochSec: 0}
2025-07-02 18:45:20,007 [EventQueue-ContainerRegistrationReportForRatisContainerSafeModeRule] INFO  safemode.SCMSafeModeManager (SCMSafeModeManager.java:validateSafeModeExitRules(139)) - RatisContainerSafeModeRule rule is successfully validated
2025-07-02 18:45:20,007 [EventQueue-ContainerRegistrationReportForECContainerSafeModeRule] INFO  safemode.SCMSafeModeManager (SCMSafeModeManager.java:validateSafeModeExitRules(139)) - ECContainerSafeModeRule rule is successfully validated
2025-07-02 18:45:20,008 [EventQueue-NodeRegistrationContainerReportForDataNodeSafeModeRule] INFO  safemode.SCMSafeModeManager (SCMSafeModeManager.java:validateSafeModeExitRules(139)) - DataNodeSafeModeRule rule is successfully validated
2025-07-02 18:45:20,008 [EventQueue-NewNodeForNewNodeHandler] INFO  pipeline.BackgroundPipelineCreator (BackgroundPipelineCreator.java:notifyEventTriggered(290)) - trigger a one-shot run on RatisPipelineUtilsThread.
2025-07-02 18:45:20,008 [EventQueue-PipelineReportForOneReplicaPipelineSafeModeRule] INFO  safemode.SCMSafeModeManager (SCMSafeModeManager.java:validateSafeModeExitRules(139)) - AtleastOneDatanodeReportedRule rule is successfully validated
2025-07-02 18:45:20,009 [RatisPipelineUtilsThread-0] INFO  pipeline.RatisPipelineProvider (RatisPipelineProvider.java:lambda$create$0(208)) - Sending CreatePipelineCommand for pipeline:Pipeline-8058e73d-1ae8-41f1-903b-15c382464225 to datanode:9eb5a351-9325-4150-9d0a-de2b7d27d48d(localhost/127.0.0.1)
2025-07-02 18:45:20,011 [EventQueue-PipelineReportForOneReplicaPipelineSafeModeRule] INFO  safemode.SCMSafeModeManager (SCMSafeModeManager.java:validateSafeModeExitRules(139)) - AtleastOneDatanodeReportedRule rule is successfully validated
2025-07-02 18:45:20,012 [baa12041-7cca-45c7-810c-7ea11519444b-groupManagement] INFO  server.RaftServerConfigKeys (ConfUtils.java:logGet(62)) - raft.server.log.appender.buffer.byte-limit = 33554432 (custom)
2025-07-02 18:45:20,014 [baa12041-7cca-45c7-810c-7ea11519444b-groupManagement] INFO  segmented.SegmentedRaftLogWorker (SegmentedRaftLogWorker.java:lambda$new$0(141)) - baa12041-7cca-45c7-810c-7ea11519444b@group-B92A147DE22B-SegmentedRaftLogWorker: flushIndex: setUnconditionally 0 -> -1
2025-07-02 18:45:20,014 [baa12041-7cca-45c7-810c-7ea11519444b-groupManagement] INFO  segmented.SegmentedRaftLogWorker (SegmentedRaftLogWorker.java:lambda$new$0(141)) - baa12041-7cca-45c7-810c-7ea11519444b@group-B92A147DE22B-SegmentedRaftLogWorker: safeCacheEvictIndex: setUnconditionally 0 -> -1
2025-07-02 18:45:20,015 [baa12041-7cca-45c7-810c-7ea11519444b-groupManagement] INFO  server.RaftServer$Division (RaftServerImpl.java:start(405)) - baa12041-7cca-45c7-810c-7ea11519444b@group-B92A147DE22B: start as a follower, conf=conf: {index: -1, cur=peers:[f1637480-4571-474d-8c0e-49126192dfac|127.0.0.1:15023, baa12041-7cca-45c7-810c-7ea11519444b|127.0.0.1:15031, 75758caf-2019-48e0-9285-4ac26ec01eda|127.0.0.1:15015]|listeners:[], old=null}
2025-07-02 18:45:20,015 [baa12041-7cca-45c7-810c-7ea11519444b-groupManagement] INFO  server.RaftServer$Division (RaftServerImpl.java:setRole(392)) - baa12041-7cca-45c7-810c-7ea11519444b@group-B92A147DE22B: changes role from      null to FOLLOWER at term 0 for startAsFollower
2025-07-02 18:45:20,015 [baa12041-7cca-45c7-810c-7ea11519444b-groupManagement] INFO  impl.RoleInfo (RoleInfo.java:updateAndGet(148)) - baa12041-7cca-45c7-810c-7ea11519444b: start baa12041-7cca-45c7-810c-7ea11519444b@group-B92A147DE22B-FollowerState
2025-07-02 18:45:20,014 [0fee975d-e734-400e-bdb4-ee8e3ebebca6@group-2BD5FDFEBF54-StateMachineUpdater] INFO  safemode.SCMSafeModeManager (SCMSafeModeManager.java:validateSafeModeExitRules(139)) - DataNodeSafeModeRule rule is successfully validated
2025-07-02 18:45:20,015 [0fee975d-e734-400e-bdb4-ee8e3ebebca6@group-2BD5FDFEBF54-StateMachineUpdater] INFO  safemode.SCMSafeModeManager (SCMSafeModeManager.java:validateSafeModeExitRules(139)) - RatisContainerSafeModeRule rule is successfully validated
2025-07-02 18:45:20,015 [0fee975d-e734-400e-bdb4-ee8e3ebebca6@group-2BD5FDFEBF54-StateMachineUpdater] INFO  safemode.HealthyPipelineSafeModeRule (HealthyPipelineSafeModeRule.java:initializeRule(228)) - Refreshed total pipeline count is 0, healthy pipeline threshold count is 1
2025-07-02 18:45:20,015 [0fee975d-e734-400e-bdb4-ee8e3ebebca6@group-2BD5FDFEBF54-StateMachineUpdater] INFO  safemode.SCMSafeModeManager (SCMSafeModeManager.java:validateSafeModeExitRules(139)) - ECContainerSafeModeRule rule is successfully validated
2025-07-02 18:45:20,015 [0fee975d-e734-400e-bdb4-ee8e3ebebca6@group-2BD5FDFEBF54-StateMachineUpdater] INFO  safemode.SCMSafeModeManager (SCMSafeModeManager.java:validateSafeModeExitRules(139)) - AtleastOneDatanodeReportedRule rule is successfully validated
2025-07-02 18:45:20,016 [baa12041-7cca-45c7-810c-7ea11519444b-groupManagement] INFO  util.JmxRegister (JmxRegister.java:tryRegister(44)) - Successfully registered JMX Bean with object name Ratis:service=RaftServer,group=group-B92A147DE22B,id=baa12041-7cca-45c7-810c-7ea11519444b
2025-07-02 18:45:20,016 [baa12041-7cca-45c7-810c-7ea11519444b-groupManagement] INFO  util.JmxRegister (JmxRegister.java:register(58)) - register mxBean class org.apache.ratis.server.impl.RaftServerJmxAdapter as Ratis:service=RaftServer,group=group-B92A147DE22B,id=baa12041-7cca-45c7-810c-7ea11519444b
2025-07-02 18:45:20,016 [RatisPipelineUtilsThread-0] INFO  pipeline.BackgroundPipelineCreator (BackgroundPipelineCreator.java:createPipelines(246)) - Created new pipeline Pipeline{ Id: 8058e73d-1ae8-41f1-903b-15c382464225, Nodes: [ {9eb5a351-9325-4150-9d0a-de2b7d27d48d(localhost/127.0.0.1), ReplicaIndex: 0},], ReplicationConfig: RATIS/ONE, State:ALLOCATED, leaderId:, CreationTimestamp2025-07-02T18:45:20.009259293Z[Etc/UTC]}
2025-07-02 18:45:20,018 [RatisPipelineUtilsThread-0] INFO  pipeline.RatisPipelineProvider (RatisPipelineProvider.java:lambda$create$0(208)) - Sending CreatePipelineCommand for pipeline:Pipeline-73acc545-491b-4393-8737-2788c300d651 to datanode:9eb5a351-9325-4150-9d0a-de2b7d27d48d(localhost/127.0.0.1)
2025-07-02 18:45:20,019 [RatisPipelineUtilsThread-0] INFO  pipeline.RatisPipelineProvider (RatisPipelineProvider.java:lambda$create$0(208)) - Sending CreatePipelineCommand for pipeline:Pipeline-73acc545-491b-4393-8737-2788c300d651 to datanode:71a26ef2-e834-411c-97c5-a30c78105e8f(localhost/127.0.0.1)
2025-07-02 18:45:20,019 [RatisPipelineUtilsThread-0] INFO  pipeline.RatisPipelineProvider (RatisPipelineProvider.java:lambda$create$0(208)) - Sending CreatePipelineCommand for pipeline:Pipeline-73acc545-491b-4393-8737-2788c300d651 to datanode:92aeff0d-b8ac-4e9e-9ba6-1724c63a8401(localhost/127.0.0.1)
2025-07-02 18:45:20,020 [baa12041-7cca-45c7-810c-7ea11519444b-groupManagement] INFO  server.RaftServer$Division (RaftServerImpl.java:start(419)) - baa12041-7cca-45c7-810c-7ea11519444b@group-B92A147DE22B: Successfully started.
2025-07-02 18:45:20,022 [0fee975d-e734-400e-bdb4-ee8e3ebebca6@group-2BD5FDFEBF54-StateMachineUpdater] INFO  safemode.SCMSafeModeManager (SCMSafeModeManager.java:validateSafeModeExitRules(139)) - DataNodeSafeModeRule rule is successfully validated
2025-07-02 18:45:20,023 [0fee975d-e734-400e-bdb4-ee8e3ebebca6@group-2BD5FDFEBF54-StateMachineUpdater] INFO  safemode.SCMSafeModeManager (SCMSafeModeManager.java:validateSafeModeExitRules(139)) - RatisContainerSafeModeRule rule is successfully validated
2025-07-02 18:45:20,023 [0fee975d-e734-400e-bdb4-ee8e3ebebca6@group-2BD5FDFEBF54-StateMachineUpdater] INFO  safemode.HealthyPipelineSafeModeRule (HealthyPipelineSafeModeRule.java:initializeRule(228)) - Refreshed total pipeline count is 0, healthy pipeline threshold count is 1
2025-07-02 18:45:20,023 [0fee975d-e734-400e-bdb4-ee8e3ebebca6@group-2BD5FDFEBF54-StateMachineUpdater] INFO  safemode.SCMSafeModeManager (SCMSafeModeManager.java:validateSafeModeExitRules(139)) - ECContainerSafeModeRule rule is successfully validated
2025-07-02 18:45:20,023 [0fee975d-e734-400e-bdb4-ee8e3ebebca6@group-2BD5FDFEBF54-StateMachineUpdater] INFO  safemode.SCMSafeModeManager (SCMSafeModeManager.java:validateSafeModeExitRules(139)) - AtleastOneDatanodeReportedRule rule is successfully validated
2025-07-02 18:45:20,023 [RatisPipelineUtilsThread-0] INFO  pipeline.BackgroundPipelineCreator (BackgroundPipelineCreator.java:createPipelines(246)) - Created new pipeline Pipeline{ Id: 73acc545-491b-4393-8737-2788c300d651, Nodes: [ {9eb5a351-9325-4150-9d0a-de2b7d27d48d(localhost/127.0.0.1), ReplicaIndex: 0}, {71a26ef2-e834-411c-97c5-a30c78105e8f(localhost/127.0.0.1), ReplicaIndex: 0}, {92aeff0d-b8ac-4e9e-9ba6-1724c63a8401(localhost/127.0.0.1), ReplicaIndex: 0},], ReplicationConfig: RATIS/THREE, State:ALLOCATED, leaderId:, CreationTimestamp2025-07-02T18:45:20.018889243Z[Etc/UTC]}
2025-07-02 18:45:20,026 [RatisPipelineUtilsThread-0] INFO  pipeline.RatisPipelineProvider (RatisPipelineProvider.java:lambda$create$0(208)) - Sending CreatePipelineCommand for pipeline:Pipeline-bdaade3c-0733-45ca-8236-8fd04f33eac3 to datanode:9eb5a351-9325-4150-9d0a-de2b7d27d48d(localhost/127.0.0.1)
2025-07-02 18:45:20,026 [RatisPipelineUtilsThread-0] INFO  pipeline.RatisPipelineProvider (RatisPipelineProvider.java:lambda$create$0(208)) - Sending CreatePipelineCommand for pipeline:Pipeline-bdaade3c-0733-45ca-8236-8fd04f33eac3 to datanode:92aeff0d-b8ac-4e9e-9ba6-1724c63a8401(localhost/127.0.0.1)
2025-07-02 18:45:20,027 [RatisPipelineUtilsThread-0] INFO  pipeline.RatisPipelineProvider (RatisPipelineProvider.java:lambda$create$0(208)) - Sending CreatePipelineCommand for pipeline:Pipeline-bdaade3c-0733-45ca-8236-8fd04f33eac3 to datanode:71a26ef2-e834-411c-97c5-a30c78105e8f(localhost/127.0.0.1)
2025-07-02 18:45:20,031 [0fee975d-e734-400e-bdb4-ee8e3ebebca6@group-2BD5FDFEBF54-StateMachineUpdater] INFO  safemode.SCMSafeModeManager (SCMSafeModeManager.java:validateSafeModeExitRules(139)) - DataNodeSafeModeRule rule is successfully validated
2025-07-02 18:45:20,032 [0fee975d-e734-400e-bdb4-ee8e3ebebca6@group-2BD5FDFEBF54-StateMachineUpdater] INFO  safemode.SCMSafeModeManager (SCMSafeModeManager.java:validateSafeModeExitRules(139)) - RatisContainerSafeModeRule rule is successfully validated
2025-07-02 18:45:20,032 [0fee975d-e734-400e-bdb4-ee8e3ebebca6@group-2BD5FDFEBF54-StateMachineUpdater] INFO  safemode.HealthyPipelineSafeModeRule (HealthyPipelineSafeModeRule.java:initializeRule(228)) - Refreshed total pipeline count is 0, healthy pipeline threshold count is 1
2025-07-02 18:45:20,032 [0fee975d-e734-400e-bdb4-ee8e3ebebca6@group-2BD5FDFEBF54-StateMachineUpdater] INFO  safemode.SCMSafeModeManager (SCMSafeModeManager.java:validateSafeModeExitRules(139)) - ECContainerSafeModeRule rule is successfully validated
2025-07-02 18:45:20,032 [0fee975d-e734-400e-bdb4-ee8e3ebebca6@group-2BD5FDFEBF54-StateMachineUpdater] INFO  safemode.SCMSafeModeManager (SCMSafeModeManager.java:validateSafeModeExitRules(139)) - AtleastOneDatanodeReportedRule rule is successfully validated
2025-07-02 18:45:20,032 [RatisPipelineUtilsThread-0] INFO  pipeline.PipelineManagerImpl (PipelineManagerImpl.java:recordMetricsForPipeline(922)) - Pipeline-bdaade3c-0733-45ca-8236-8fd04f33eac3 and Pipeline-73acc545-491b-4393-8737-2788c300d651 have exactly the same set of datanodes: [9eb5a351-9325-4150-9d0a-de2b7d27d48d(localhost/127.0.0.1), 92aeff0d-b8ac-4e9e-9ba6-1724c63a8401(localhost/127.0.0.1), 71a26ef2-e834-411c-97c5-a30c78105e8f(localhost/127.0.0.1)]
2025-07-02 18:45:20,032 [RatisPipelineUtilsThread-0] INFO  pipeline.BackgroundPipelineCreator (BackgroundPipelineCreator.java:createPipelines(246)) - Created new pipeline Pipeline{ Id: bdaade3c-0733-45ca-8236-8fd04f33eac3, Nodes: [ {9eb5a351-9325-4150-9d0a-de2b7d27d48d(localhost/127.0.0.1), ReplicaIndex: 0}, {92aeff0d-b8ac-4e9e-9ba6-1724c63a8401(localhost/127.0.0.1), ReplicaIndex: 0}, {71a26ef2-e834-411c-97c5-a30c78105e8f(localhost/127.0.0.1), ReplicaIndex: 0},], ReplicationConfig: RATIS/THREE, State:ALLOCATED, leaderId:, CreationTimestamp2025-07-02T18:45:20.026700541Z[Etc/UTC]}
2025-07-02 18:45:20,050 [EventQueue-PipelineReportForOneReplicaPipelineSafeModeRule] INFO  safemode.SCMSafeModeManager (SCMSafeModeManager.java:validateSafeModeExitRules(139)) - AtleastOneDatanodeReportedRule rule is successfully validated
2025-07-02 18:45:20,055 [grpc-default-executor-1] WARN  server.GrpcAdminProtocolService (GrpcAdminProtocolService.java:lambda$groupManagement$1(53)) - Failed groupManagement: GROUPADD, GroupManagementRequest:client-CE5C050E7378->baa12041-7cca-45c7-810c-7ea11519444b@group-B92A147DE22B, cid=3, seq=null, RW, null, Add:group-B92A147DE22B:[f1637480-4571-474d-8c0e-49126192dfac|127.0.0.1:15023, baa12041-7cca-45c7-810c-7ea11519444b|127.0.0.1:15031, 75758caf-2019-48e0-9285-4ac26ec01eda|127.0.0.1:15015]
java.util.concurrent.CompletionException: org.apache.ratis.protocol.exceptions.AlreadyExistsException: baa12041-7cca-45c7-810c-7ea11519444b: Failed to add group-B92A147DE22B:[f1637480-4571-474d-8c0e-49126192dfac|127.0.0.1:15023, baa12041-7cca-45c7-810c-7ea11519444b|127.0.0.1:15031, 75758caf-2019-48e0-9285-4ac26ec01eda|127.0.0.1:15015] since the group already exists in the map.
	at java.base/java.util.concurrent.CompletableFuture.encodeThrowable(CompletableFuture.java:332)
	at java.base/java.util.concurrent.CompletableFuture.uniApplyNow(CompletableFuture.java:674)
	at java.base/java.util.concurrent.CompletableFuture.uniApplyStage(CompletableFuture.java:662)
	at java.base/java.util.concurrent.CompletableFuture.thenApplyAsync(CompletableFuture.java:2210)
	at org.apache.ratis.server.impl.RaftServerProxy.groupAddAsync(RaftServerProxy.java:513)
	at org.apache.ratis.server.impl.RaftServerProxy.groupManagementAsync(RaftServerProxy.java:495)
	at org.apache.ratis.grpc.server.GrpcAdminProtocolService.lambda$groupManagement$0(GrpcAdminProtocolService.java:51)
	at org.apache.ratis.grpc.GrpcUtil.asyncCall(GrpcUtil.java:172)
	at org.apache.ratis.grpc.server.GrpcAdminProtocolService.groupManagement(GrpcAdminProtocolService.java:51)
	at org.apache.ratis.proto.grpc.AdminProtocolServiceGrpc$MethodHandlers.invoke(AdminProtocolServiceGrpc.java:701)
	at org.apache.ratis.thirdparty.io.grpc.stub.ServerCalls$UnaryServerCallHandler$UnaryServerCallListener.onHalfClose(ServerCalls.java:182)
	at org.apache.ratis.thirdparty.io.grpc.internal.ServerCallImpl$ServerStreamListenerImpl.halfClosed(ServerCallImpl.java:356)
	at org.apache.ratis.thirdparty.io.grpc.internal.ServerImpl$JumpToApplicationThreadServerStreamListener$1HalfClosed.runInContext(ServerImpl.java:861)
	at org.apache.ratis.thirdparty.io.grpc.internal.ContextRunnable.run(ContextRunnable.java:37)
	at org.apache.ratis.thirdparty.io.grpc.internal.SerializingExecutor.run(SerializingExecutor.java:133)
	at java.base/java.util.concurrent.ThreadPoolExecutor.runWorker(ThreadPoolExecutor.java:1144)
	at java.base/java.util.concurrent.ThreadPoolExecutor$Worker.run(ThreadPoolExecutor.java:642)
	at java.base/java.lang.Thread.run(Thread.java:1583)
Caused by: org.apache.ratis.protocol.exceptions.AlreadyExistsException: baa12041-7cca-45c7-810c-7ea11519444b: Failed to add group-B92A147DE22B:[f1637480-4571-474d-8c0e-49126192dfac|127.0.0.1:15023, baa12041-7cca-45c7-810c-7ea11519444b|127.0.0.1:15031, 75758caf-2019-48e0-9285-4ac26ec01eda|127.0.0.1:15015] since the group already exists in the map.
	at org.apache.ratis.server.impl.RaftServerProxy$ImplMap.addNew(RaftServerProxy.java:99)
	at org.apache.ratis.server.impl.RaftServerProxy.groupAddAsync(RaftServerProxy.java:512)
	... 13 more
2025-07-02 18:45:20,058 [grpc-default-executor-1] WARN  server.GrpcAdminProtocolService (GrpcAdminProtocolService.java:lambda$groupManagement$1(53)) - Failed groupManagement: GROUPADD, GroupManagementRequest:client-0EFA396086A5->75758caf-2019-48e0-9285-4ac26ec01eda@group-B92A147DE22B, cid=4, seq=null, RW, null, Add:group-B92A147DE22B:[f1637480-4571-474d-8c0e-49126192dfac|127.0.0.1:15023, baa12041-7cca-45c7-810c-7ea11519444b|127.0.0.1:15031, 75758caf-2019-48e0-9285-4ac26ec01eda|127.0.0.1:15015]
java.util.concurrent.CompletionException: org.apache.ratis.protocol.exceptions.AlreadyExistsException: 75758caf-2019-48e0-9285-4ac26ec01eda: Failed to add group-B92A147DE22B:[f1637480-4571-474d-8c0e-49126192dfac|127.0.0.1:15023, baa12041-7cca-45c7-810c-7ea11519444b|127.0.0.1:15031, 75758caf-2019-48e0-9285-4ac26ec01eda|127.0.0.1:15015] since the group already exists in the map.
	at java.base/java.util.concurrent.CompletableFuture.encodeThrowable(CompletableFuture.java:332)
	at java.base/java.util.concurrent.CompletableFuture.uniApplyNow(CompletableFuture.java:674)
	at java.base/java.util.concurrent.CompletableFuture.uniApplyStage(CompletableFuture.java:662)
	at java.base/java.util.concurrent.CompletableFuture.thenApplyAsync(CompletableFuture.java:2210)
	at org.apache.ratis.server.impl.RaftServerProxy.groupAddAsync(RaftServerProxy.java:513)
	at org.apache.ratis.server.impl.RaftServerProxy.groupManagementAsync(RaftServerProxy.java:495)
	at org.apache.ratis.grpc.server.GrpcAdminProtocolService.lambda$groupManagement$0(GrpcAdminProtocolService.java:51)
	at org.apache.ratis.grpc.GrpcUtil.asyncCall(GrpcUtil.java:172)
	at org.apache.ratis.grpc.server.GrpcAdminProtocolService.groupManagement(GrpcAdminProtocolService.java:51)
	at org.apache.ratis.proto.grpc.AdminProtocolServiceGrpc$MethodHandlers.invoke(AdminProtocolServiceGrpc.java:701)
	at org.apache.ratis.thirdparty.io.grpc.stub.ServerCalls$UnaryServerCallHandler$UnaryServerCallListener.onHalfClose(ServerCalls.java:182)
	at org.apache.ratis.thirdparty.io.grpc.internal.ServerCallImpl$ServerStreamListenerImpl.halfClosed(ServerCallImpl.java:356)
	at org.apache.ratis.thirdparty.io.grpc.internal.ServerImpl$JumpToApplicationThreadServerStreamListener$1HalfClosed.runInContext(ServerImpl.java:861)
	at org.apache.ratis.thirdparty.io.grpc.internal.ContextRunnable.run(ContextRunnable.java:37)
	at org.apache.ratis.thirdparty.io.grpc.internal.SerializingExecutor.run(SerializingExecutor.java:133)
	at java.base/java.util.concurrent.ThreadPoolExecutor.runWorker(ThreadPoolExecutor.java:1144)
	at java.base/java.util.concurrent.ThreadPoolExecutor$Worker.run(ThreadPoolExecutor.java:642)
	at java.base/java.lang.Thread.run(Thread.java:1583)
Caused by: org.apache.ratis.protocol.exceptions.AlreadyExistsException: 75758caf-2019-48e0-9285-4ac26ec01eda: Failed to add group-B92A147DE22B:[f1637480-4571-474d-8c0e-49126192dfac|127.0.0.1:15023, baa12041-7cca-45c7-810c-7ea11519444b|127.0.0.1:15031, 75758caf-2019-48e0-9285-4ac26ec01eda|127.0.0.1:15015] since the group already exists in the map.
	at org.apache.ratis.server.impl.RaftServerProxy$ImplMap.addNew(RaftServerProxy.java:99)
	at org.apache.ratis.server.impl.RaftServerProxy.groupAddAsync(RaftServerProxy.java:512)
	... 13 more
2025-07-02 18:45:20,064 [EventQueue-PipelineReportForOneReplicaPipelineSafeModeRule] INFO  safemode.SCMSafeModeManager (SCMSafeModeManager.java:validateSafeModeExitRules(139)) - AtleastOneDatanodeReportedRule rule is successfully validated
2025-07-02 18:45:20,069 [75758caf-2019-48e0-9285-4ac26ec01eda-PipelineCommandHandlerThread-0] INFO  commandhandler.CreatePipelineCommandHandler (CreatePipelineCommandHandler.java:lambda$handle$2(127)) - Created Pipeline RATIS THREE Pipeline-04a1f7f9-abb2-42e3-9b76-b92a147de22b.
2025-07-02 18:45:20,071 [75758caf-2019-48e0-9285-4ac26ec01eda-groupManagement] WARN  statemachine.DatanodeConfiguration (DatanodeConfiguration.java:validateMinFreeSpace(751)) - hdds.datanode.volume.min.free.space.percent = -1.0 is invalid, should be between 0 and 1
2025-07-02 18:45:20,071 [75758caf-2019-48e0-9285-4ac26ec01eda-groupManagement] INFO  server.RaftServer$Division (RaftServerImpl.java:<init>(268)) - 75758caf-2019-48e0-9285-4ac26ec01eda: new RaftServerImpl for group-84D2FC177FB5:[f1637480-4571-474d-8c0e-49126192dfac|127.0.0.1:15023, 75758caf-2019-48e0-9285-4ac26ec01eda|127.0.0.1:15015, baa12041-7cca-45c7-810c-7ea11519444b|127.0.0.1:15031] with ContainerStateMachine:uninitialized
2025-07-02 18:45:20,072 [75758caf-2019-48e0-9285-4ac26ec01eda-groupManagement] INFO  server.RaftServer$Division (ServerState.java:<init>(114)) - 75758caf-2019-48e0-9285-4ac26ec01eda@group-84D2FC177FB5: ConfigurationManager, init=conf: {index: -1, cur=peers:[f1637480-4571-474d-8c0e-49126192dfac|127.0.0.1:15023, 75758caf-2019-48e0-9285-4ac26ec01eda|127.0.0.1:15015, baa12041-7cca-45c7-810c-7ea11519444b|127.0.0.1:15031]|listeners:[], old=null}, confs=<EMPTY_MAP>
2025-07-02 18:45:20,073 [75758caf-2019-48e0-9285-4ac26ec01eda-PipelineCommandHandlerThread-0] INFO  server.RaftServer (RaftServerProxy.java:addNew(105)) - 75758caf-2019-48e0-9285-4ac26ec01eda: addNew group-84D2FC177FB5:[f1637480-4571-474d-8c0e-49126192dfac|127.0.0.1:15023, 75758caf-2019-48e0-9285-4ac26ec01eda|127.0.0.1:15015, baa12041-7cca-45c7-810c-7ea11519444b|127.0.0.1:15031] returns group-84D2FC177FB5:java.util.concurrent.CompletableFuture@5a814da1[Not completed]
2025-07-02 18:45:20,075 [f1637480-4571-474d-8c0e-49126192dfac-PipelineCommandHandlerThread-0] INFO  commandhandler.CreatePipelineCommandHandler (CreatePipelineCommandHandler.java:lambda$handle$2(127)) - Created Pipeline RATIS THREE Pipeline-04a1f7f9-abb2-42e3-9b76-b92a147de22b.
2025-07-02 18:45:20,076 [f1637480-4571-474d-8c0e-49126192dfac-PipelineCommandHandlerThread-0] INFO  server.RaftServer (RaftServerProxy.java:addNew(105)) - f1637480-4571-474d-8c0e-49126192dfac: addNew group-84D2FC177FB5:[f1637480-4571-474d-8c0e-49126192dfac|127.0.0.1:15023, 75758caf-2019-48e0-9285-4ac26ec01eda|127.0.0.1:15015, baa12041-7cca-45c7-810c-7ea11519444b|127.0.0.1:15031] returns group-84D2FC177FB5:java.util.concurrent.CompletableFuture@2153f289[Not completed]
2025-07-02 18:45:20,077 [f1637480-4571-474d-8c0e-49126192dfac-groupManagement] WARN  statemachine.DatanodeConfiguration (DatanodeConfiguration.java:validateMinFreeSpace(751)) - hdds.datanode.volume.min.free.space.percent = -1.0 is invalid, should be between 0 and 1
2025-07-02 18:45:20,077 [f1637480-4571-474d-8c0e-49126192dfac-groupManagement] INFO  server.RaftServer$Division (RaftServerImpl.java:<init>(268)) - f1637480-4571-474d-8c0e-49126192dfac: new RaftServerImpl for group-84D2FC177FB5:[f1637480-4571-474d-8c0e-49126192dfac|127.0.0.1:15023, 75758caf-2019-48e0-9285-4ac26ec01eda|127.0.0.1:15015, baa12041-7cca-45c7-810c-7ea11519444b|127.0.0.1:15031] with ContainerStateMachine:uninitialized
2025-07-02 18:45:20,077 [f1637480-4571-474d-8c0e-49126192dfac-groupManagement] INFO  server.RaftServer$Division (ServerState.java:<init>(114)) - f1637480-4571-474d-8c0e-49126192dfac@group-84D2FC177FB5: ConfigurationManager, init=conf: {index: -1, cur=peers:[f1637480-4571-474d-8c0e-49126192dfac|127.0.0.1:15023, 75758caf-2019-48e0-9285-4ac26ec01eda|127.0.0.1:15015, baa12041-7cca-45c7-810c-7ea11519444b|127.0.0.1:15031]|listeners:[], old=null}, confs=<EMPTY_MAP>
2025-07-02 18:45:20,082 [75758caf-2019-48e0-9285-4ac26ec01eda-groupManagement] INFO  server.RaftServerConfigKeys (ConfUtils.java:logGet(62)) - raft.server.storage.dir = [/home/runner/work/ozone/ozone/hadoop-ozone/integration-test/target/test-dir/MiniOzoneClusterImpl-b7e00dfa-d3b8-45cf-9d3a-2bd5fdfebf54/ozone-meta/datanode-1/ratis] (custom)
2025-07-02 18:45:20,082 [75758caf-2019-48e0-9285-4ac26ec01eda-groupManagement] INFO  storage.RaftStorageDirectory (RaftStorageDirectoryImpl.java:analyzeStorage(138)) - The storage directory /home/runner/work/ozone/ozone/hadoop-ozone/integration-test/target/test-dir/MiniOzoneClusterImpl-b7e00dfa-d3b8-45cf-9d3a-2bd5fdfebf54/ozone-meta/datanode-1/ratis/2bc36170-bfb4-426e-aff1-84d2fc177fb5 does not exist. Creating ...
2025-07-02 18:45:20,085 [75758caf-2019-48e0-9285-4ac26ec01eda-groupManagement] INFO  storage.RaftStorageDirectory (RaftStorageDirectoryImpl.java:tryLock(229)) - Lock on /home/runner/work/ozone/ozone/hadoop-ozone/integration-test/target/test-dir/MiniOzoneClusterImpl-b7e00dfa-d3b8-45cf-9d3a-2bd5fdfebf54/ozone-meta/datanode-1/ratis/2bc36170-bfb4-426e-aff1-84d2fc177fb5/in_use.lock acquired by nodename 44808@localhost
2025-07-02 18:45:20,086 [75758caf-2019-48e0-9285-4ac26ec01eda-groupManagement] INFO  storage.RaftStorage (RaftStorageImpl.java:format(98)) - Storage directory /home/runner/work/ozone/ozone/hadoop-ozone/integration-test/target/test-dir/MiniOzoneClusterImpl-b7e00dfa-d3b8-45cf-9d3a-2bd5fdfebf54/ozone-meta/datanode-1/ratis/2bc36170-bfb4-426e-aff1-84d2fc177fb5 has been successfully formatted.
2025-07-02 18:45:20,087 [75758caf-2019-48e0-9285-4ac26ec01eda-groupManagement] INFO  ratis.ContainerStateMachine (ContainerStateMachine.java:initialize(339)) - 75758caf-2019-48e0-9285-4ac26ec01eda: initialize group-84D2FC177FB5
2025-07-02 18:45:20,088 [75758caf-2019-48e0-9285-4ac26ec01eda-groupManagement] INFO  ratis.ContainerStateMachine (ContainerStateMachine.java:loadSnapshot(347)) - group-84D2FC177FB5: The snapshot info is null. Setting the last applied index to:<INITIAL_VALUE>
2025-07-02 18:45:20,088 [75758caf-2019-48e0-9285-4ac26ec01eda-groupManagement] INFO  server.RaftServerConfigKeys (ConfUtils.java:logGet(62)) - raft.server.log.appender.buffer.byte-limit = 33554432 (custom)
2025-07-02 18:45:20,089 [f1637480-4571-474d-8c0e-49126192dfac-groupManagement] INFO  server.RaftServerConfigKeys (ConfUtils.java:logGet(62)) - raft.server.storage.dir = [/home/runner/work/ozone/ozone/hadoop-ozone/integration-test/target/test-dir/MiniOzoneClusterImpl-b7e00dfa-d3b8-45cf-9d3a-2bd5fdfebf54/ozone-meta/datanode-2/ratis] (custom)
2025-07-02 18:45:20,090 [f1637480-4571-474d-8c0e-49126192dfac-groupManagement] INFO  storage.RaftStorageDirectory (RaftStorageDirectoryImpl.java:analyzeStorage(138)) - The storage directory /home/runner/work/ozone/ozone/hadoop-ozone/integration-test/target/test-dir/MiniOzoneClusterImpl-b7e00dfa-d3b8-45cf-9d3a-2bd5fdfebf54/ozone-meta/datanode-2/ratis/2bc36170-bfb4-426e-aff1-84d2fc177fb5 does not exist. Creating ...
2025-07-02 18:45:20,090 [EventQueue-PipelineReportForOneReplicaPipelineSafeModeRule] INFO  safemode.SCMSafeModeManager (SCMSafeModeManager.java:validateSafeModeExitRules(139)) - AtleastOneDatanodeReportedRule rule is successfully validated
2025-07-02 18:45:20,093 [f1637480-4571-474d-8c0e-49126192dfac-groupManagement] INFO  storage.RaftStorageDirectory (RaftStorageDirectoryImpl.java:tryLock(229)) - Lock on /home/runner/work/ozone/ozone/hadoop-ozone/integration-test/target/test-dir/MiniOzoneClusterImpl-b7e00dfa-d3b8-45cf-9d3a-2bd5fdfebf54/ozone-meta/datanode-2/ratis/2bc36170-bfb4-426e-aff1-84d2fc177fb5/in_use.lock acquired by nodename 44808@localhost
2025-07-02 18:45:20,094 [f1637480-4571-474d-8c0e-49126192dfac-groupManagement] INFO  storage.RaftStorage (RaftStorageImpl.java:format(98)) - Storage directory /home/runner/work/ozone/ozone/hadoop-ozone/integration-test/target/test-dir/MiniOzoneClusterImpl-b7e00dfa-d3b8-45cf-9d3a-2bd5fdfebf54/ozone-meta/datanode-2/ratis/2bc36170-bfb4-426e-aff1-84d2fc177fb5 has been successfully formatted.
2025-07-02 18:45:20,095 [f1637480-4571-474d-8c0e-49126192dfac-groupManagement] INFO  ratis.ContainerStateMachine (ContainerStateMachine.java:initialize(339)) - f1637480-4571-474d-8c0e-49126192dfac: initialize group-84D2FC177FB5
2025-07-02 18:45:20,095 [f1637480-4571-474d-8c0e-49126192dfac-groupManagement] INFO  ratis.ContainerStateMachine (ContainerStateMachine.java:loadSnapshot(347)) - group-84D2FC177FB5: The snapshot info is null. Setting the last applied index to:<INITIAL_VALUE>
2025-07-02 18:45:20,095 [f1637480-4571-474d-8c0e-49126192dfac-groupManagement] INFO  server.RaftServerConfigKeys (ConfUtils.java:logGet(62)) - raft.server.log.appender.buffer.byte-limit = 33554432 (custom)
2025-07-02 18:45:20,097 [75758caf-2019-48e0-9285-4ac26ec01eda-groupManagement] INFO  server.RaftServerConfigKeys (ConfUtils.java:logGet(62)) - raft.server.log.segment.size.max = 67108864 (custom)
2025-07-02 18:45:20,097 [EventQueue-PipelineReportForOneReplicaPipelineSafeModeRule] INFO  safemode.SCMSafeModeManager (SCMSafeModeManager.java:validateSafeModeExitRules(139)) - AtleastOneDatanodeReportedRule rule is successfully validated
2025-07-02 18:45:20,097 [75758caf-2019-48e0-9285-4ac26ec01eda-groupManagement] INFO  server.RaftServerConfigKeys (ConfUtils.java:logGet(62)) - raft.server.log.appender.buffer.byte-limit = 33554432 (custom)
2025-07-02 18:45:20,098 [75758caf-2019-48e0-9285-4ac26ec01eda-groupManagement] INFO  util.AwaitToRun (AwaitToRun.java:start(81)) - Thread[#1209,75758caf-2019-48e0-9285-4ac26ec01eda@group-84D2FC177FB5-cacheEviction-AwaitToRun,5,main] started
2025-07-02 18:45:20,098 [75758caf-2019-48e0-9285-4ac26ec01eda-groupManagement] INFO  segmented.SegmentedRaftLogWorker (SegmentedRaftLogWorker.java:<init>(190)) - new 75758caf-2019-48e0-9285-4ac26ec01eda@group-84D2FC177FB5-SegmentedRaftLogWorker for RaftStorageImpl:Storage Directory /home/runner/work/ozone/ozone/hadoop-ozone/integration-test/target/test-dir/MiniOzoneClusterImpl-b7e00dfa-d3b8-45cf-9d3a-2bd5fdfebf54/ozone-meta/datanode-1/ratis/2bc36170-bfb4-426e-aff1-84d2fc177fb5
2025-07-02 18:45:20,099 [75758caf-2019-48e0-9285-4ac26ec01eda-groupManagement] INFO  server.RaftServerConfigKeys (ConfUtils.java:logGet(62)) - raft.server.log.queue.byte-limit = 4294967296 (custom)
2025-07-02 18:45:20,099 [75758caf-2019-48e0-9285-4ac26ec01eda-groupManagement] INFO  server.RaftServerConfigKeys (ConfUtils.java:logGet(62)) - raft.server.log.segment.size.max = 67108864 (custom)
2025-07-02 18:45:20,099 [75758caf-2019-48e0-9285-4ac26ec01eda-groupManagement] INFO  server.RaftServerConfigKeys (ConfUtils.java:logGet(62)) - raft.server.log.preallocated.size = 4194304 (custom)
2025-07-02 18:45:20,099 [baa12041-7cca-45c7-810c-7ea11519444b-PipelineCommandHandlerThread-0] INFO  server.RaftServer (RaftServerProxy.java:addNew(105)) - baa12041-7cca-45c7-810c-7ea11519444b: addNew group-F1559D221247:[baa12041-7cca-45c7-810c-7ea11519444b|127.0.0.1:15031] returns group-F1559D221247:java.util.concurrent.CompletableFuture@7cfa5efe[Not completed]
2025-07-02 18:45:20,102 [f1637480-4571-474d-8c0e-49126192dfac-groupManagement] INFO  server.RaftServerConfigKeys (ConfUtils.java:logGet(62)) - raft.server.log.segment.size.max = 67108864 (custom)
2025-07-02 18:45:20,102 [75758caf-2019-48e0-9285-4ac26ec01eda-groupManagement] INFO  server.RaftServerConfigKeys (ConfUtils.java:logGet(62)) - raft.server.log.write.buffer.size = 33554440 (custom)
2025-07-02 18:45:20,102 [baa12041-7cca-45c7-810c-7ea11519444b-groupManagement] WARN  statemachine.DatanodeConfiguration (DatanodeConfiguration.java:validateMinFreeSpace(751)) - hdds.datanode.volume.min.free.space.percent = -1.0 is invalid, should be between 0 and 1
2025-07-02 18:45:20,103 [baa12041-7cca-45c7-810c-7ea11519444b-groupManagement] INFO  server.RaftServer$Division (RaftServerImpl.java:<init>(268)) - baa12041-7cca-45c7-810c-7ea11519444b: new RaftServerImpl for group-F1559D221247:[baa12041-7cca-45c7-810c-7ea11519444b|127.0.0.1:15031] with ContainerStateMachine:uninitialized
2025-07-02 18:45:20,103 [baa12041-7cca-45c7-810c-7ea11519444b-groupManagement] INFO  server.RaftServer$Division (ServerState.java:<init>(114)) - baa12041-7cca-45c7-810c-7ea11519444b@group-F1559D221247: ConfigurationManager, init=conf: {index: -1, cur=peers:[baa12041-7cca-45c7-810c-7ea11519444b|127.0.0.1:15031]|listeners:[], old=null}, confs=<EMPTY_MAP>
2025-07-02 18:45:20,107 [f1637480-4571-474d-8c0e-49126192dfac-groupManagement] INFO  server.RaftServerConfigKeys (ConfUtils.java:logGet(62)) - raft.server.log.appender.buffer.byte-limit = 33554432 (custom)
2025-07-02 18:45:20,109 [75758caf-2019-48e0-9285-4ac26ec01eda-groupManagement] INFO  server.RaftServerConfigKeys (ConfUtils.java:logGet(62)) - raft.server.log.appender.buffer.byte-limit = 33554432 (custom)
2025-07-02 18:45:20,109 [75758caf-2019-48e0-9285-4ac26ec01eda-groupManagement] INFO  segmented.SegmentedRaftLogWorker (SegmentedRaftLogWorker.java:lambda$new$0(141)) - 75758caf-2019-48e0-9285-4ac26ec01eda@group-84D2FC177FB5-SegmentedRaftLogWorker: flushIndex: setUnconditionally 0 -> -1
2025-07-02 18:45:20,110 [75758caf-2019-48e0-9285-4ac26ec01eda-groupManagement] INFO  segmented.SegmentedRaftLogWorker (SegmentedRaftLogWorker.java:lambda$new$0(141)) - 75758caf-2019-48e0-9285-4ac26ec01eda@group-84D2FC177FB5-SegmentedRaftLogWorker: safeCacheEvictIndex: setUnconditionally 0 -> -1
2025-07-02 18:45:20,110 [f1637480-4571-474d-8c0e-49126192dfac-groupManagement] INFO  util.AwaitToRun (AwaitToRun.java:start(81)) - Thread[#1211,f1637480-4571-474d-8c0e-49126192dfac@group-84D2FC177FB5-cacheEviction-AwaitToRun,5,main] started
2025-07-02 18:45:20,110 [f1637480-4571-474d-8c0e-49126192dfac-groupManagement] INFO  segmented.SegmentedRaftLogWorker (SegmentedRaftLogWorker.java:<init>(190)) - new f1637480-4571-474d-8c0e-49126192dfac@group-84D2FC177FB5-SegmentedRaftLogWorker for RaftStorageImpl:Storage Directory /home/runner/work/ozone/ozone/hadoop-ozone/integration-test/target/test-dir/MiniOzoneClusterImpl-b7e00dfa-d3b8-45cf-9d3a-2bd5fdfebf54/ozone-meta/datanode-2/ratis/2bc36170-bfb4-426e-aff1-84d2fc177fb5
2025-07-02 18:45:20,110 [f1637480-4571-474d-8c0e-49126192dfac-groupManagement] INFO  server.RaftServerConfigKeys (ConfUtils.java:logGet(62)) - raft.server.log.queue.byte-limit = 4294967296 (custom)
2025-07-02 18:45:20,110 [f1637480-4571-474d-8c0e-49126192dfac-groupManagement] INFO  server.RaftServerConfigKeys (ConfUtils.java:logGet(62)) - raft.server.log.segment.size.max = 67108864 (custom)
2025-07-02 18:45:20,110 [f1637480-4571-474d-8c0e-49126192dfac-groupManagement] INFO  server.RaftServerConfigKeys (ConfUtils.java:logGet(62)) - raft.server.log.preallocated.size = 4194304 (custom)
2025-07-02 18:45:20,110 [75758caf-2019-48e0-9285-4ac26ec01eda-groupManagement] INFO  server.RaftServer$Division (RaftServerImpl.java:start(405)) - 75758caf-2019-48e0-9285-4ac26ec01eda@group-84D2FC177FB5: start as a follower, conf=conf: {index: -1, cur=peers:[f1637480-4571-474d-8c0e-49126192dfac|127.0.0.1:15023, 75758caf-2019-48e0-9285-4ac26ec01eda|127.0.0.1:15015, baa12041-7cca-45c7-810c-7ea11519444b|127.0.0.1:15031]|listeners:[], old=null}
2025-07-02 18:45:20,111 [75758caf-2019-48e0-9285-4ac26ec01eda-groupManagement] INFO  server.RaftServer$Division (RaftServerImpl.java:setRole(392)) - 75758caf-2019-48e0-9285-4ac26ec01eda@group-84D2FC177FB5: changes role from      null to FOLLOWER at term 0 for startAsFollower
2025-07-02 18:45:20,111 [75758caf-2019-48e0-9285-4ac26ec01eda-groupManagement] INFO  impl.RoleInfo (RoleInfo.java:updateAndGet(148)) - 75758caf-2019-48e0-9285-4ac26ec01eda: start 75758caf-2019-48e0-9285-4ac26ec01eda@group-84D2FC177FB5-FollowerState
2025-07-02 18:45:20,112 [75758caf-2019-48e0-9285-4ac26ec01eda-groupManagement] INFO  util.JmxRegister (JmxRegister.java:tryRegister(44)) - Successfully registered JMX Bean with object name Ratis:service=RaftServer,group=group-84D2FC177FB5,id=75758caf-2019-48e0-9285-4ac26ec01eda
2025-07-02 18:45:20,112 [75758caf-2019-48e0-9285-4ac26ec01eda-groupManagement] INFO  util.JmxRegister (JmxRegister.java:register(58)) - register mxBean class org.apache.ratis.server.impl.RaftServerJmxAdapter as Ratis:service=RaftServer,group=group-84D2FC177FB5,id=75758caf-2019-48e0-9285-4ac26ec01eda
2025-07-02 18:45:20,113 [f1637480-4571-474d-8c0e-49126192dfac-groupManagement] INFO  server.RaftServerConfigKeys (ConfUtils.java:logGet(62)) - raft.server.log.write.buffer.size = 33554440 (custom)
2025-07-02 18:45:20,114 [EventQueue-PipelineReportForOneReplicaPipelineSafeModeRule] INFO  safemode.SCMSafeModeManager (SCMSafeModeManager.java:validateSafeModeExitRules(139)) - AtleastOneDatanodeReportedRule rule is successfully validated
2025-07-02 18:45:20,118 [75758caf-2019-48e0-9285-4ac26ec01eda-groupManagement] INFO  server.RaftServer$Division (RaftServerImpl.java:start(419)) - 75758caf-2019-48e0-9285-4ac26ec01eda@group-84D2FC177FB5: Successfully started.
2025-07-02 18:45:20,119 [75758caf-2019-48e0-9285-4ac26ec01eda-PipelineCommandHandlerThread-0] INFO  ratis.XceiverServerRatis (XceiverServerRatis.java:addGroup(843)) - Created group Pipeline-2bc36170-bfb4-426e-aff1-84d2fc177fb5
2025-07-02 18:45:20,120 [f1637480-4571-474d-8c0e-49126192dfac-groupManagement] INFO  server.RaftServerConfigKeys (ConfUtils.java:logGet(62)) - raft.server.log.appender.buffer.byte-limit = 33554432 (custom)
2025-07-02 18:45:20,120 [f1637480-4571-474d-8c0e-49126192dfac-groupManagement] INFO  segmented.SegmentedRaftLogWorker (SegmentedRaftLogWorker.java:lambda$new$0(141)) - f1637480-4571-474d-8c0e-49126192dfac@group-84D2FC177FB5-SegmentedRaftLogWorker: flushIndex: setUnconditionally 0 -> -1
2025-07-02 18:45:20,120 [f1637480-4571-474d-8c0e-49126192dfac-groupManagement] INFO  segmented.SegmentedRaftLogWorker (SegmentedRaftLogWorker.java:lambda$new$0(141)) - f1637480-4571-474d-8c0e-49126192dfac@group-84D2FC177FB5-SegmentedRaftLogWorker: safeCacheEvictIndex: setUnconditionally 0 -> -1
2025-07-02 18:45:20,121 [f1637480-4571-474d-8c0e-49126192dfac-groupManagement] INFO  server.RaftServer$Division (RaftServerImpl.java:start(405)) - f1637480-4571-474d-8c0e-49126192dfac@group-84D2FC177FB5: start as a follower, conf=conf: {index: -1, cur=peers:[f1637480-4571-474d-8c0e-49126192dfac|127.0.0.1:15023, 75758caf-2019-48e0-9285-4ac26ec01eda|127.0.0.1:15015, baa12041-7cca-45c7-810c-7ea11519444b|127.0.0.1:15031]|listeners:[], old=null}
2025-07-02 18:45:20,121 [f1637480-4571-474d-8c0e-49126192dfac-groupManagement] INFO  server.RaftServer$Division (RaftServerImpl.java:setRole(392)) - f1637480-4571-474d-8c0e-49126192dfac@group-84D2FC177FB5: changes role from      null to FOLLOWER at term 0 for startAsFollower
2025-07-02 18:45:20,121 [f1637480-4571-474d-8c0e-49126192dfac-groupManagement] INFO  impl.RoleInfo (RoleInfo.java:updateAndGet(148)) - f1637480-4571-474d-8c0e-49126192dfac: start f1637480-4571-474d-8c0e-49126192dfac@group-84D2FC177FB5-FollowerState
2025-07-02 18:45:20,123 [f1637480-4571-474d-8c0e-49126192dfac-groupManagement] INFO  util.JmxRegister (JmxRegister.java:tryRegister(44)) - Successfully registered JMX Bean with object name Ratis:service=RaftServer,group=group-84D2FC177FB5,id=f1637480-4571-474d-8c0e-49126192dfac
2025-07-02 18:45:20,123 [f1637480-4571-474d-8c0e-49126192dfac-groupManagement] INFO  util.JmxRegister (JmxRegister.java:register(58)) - register mxBean class org.apache.ratis.server.impl.RaftServerJmxAdapter as Ratis:service=RaftServer,group=group-84D2FC177FB5,id=f1637480-4571-474d-8c0e-49126192dfac
2025-07-02 18:45:20,128 [f1637480-4571-474d-8c0e-49126192dfac-groupManagement] INFO  server.RaftServer$Division (RaftServerImpl.java:start(419)) - f1637480-4571-474d-8c0e-49126192dfac@group-84D2FC177FB5: Successfully started.
2025-07-02 18:45:20,128 [f1637480-4571-474d-8c0e-49126192dfac-PipelineCommandHandlerThread-0] INFO  ratis.XceiverServerRatis (XceiverServerRatis.java:addGroup(843)) - Created group Pipeline-2bc36170-bfb4-426e-aff1-84d2fc177fb5
2025-07-02 18:45:20,129 [baa12041-7cca-45c7-810c-7ea11519444b-groupManagement] INFO  server.RaftServerConfigKeys (ConfUtils.java:logGet(62)) - raft.server.storage.dir = [/home/runner/work/ozone/ozone/hadoop-ozone/integration-test/target/test-dir/MiniOzoneClusterImpl-b7e00dfa-d3b8-45cf-9d3a-2bd5fdfebf54/ozone-meta/datanode-3/ratis] (custom)
2025-07-02 18:45:20,130 [baa12041-7cca-45c7-810c-7ea11519444b-groupManagement] INFO  storage.RaftStorageDirectory (RaftStorageDirectoryImpl.java:analyzeStorage(138)) - The storage directory /home/runner/work/ozone/ozone/hadoop-ozone/integration-test/target/test-dir/MiniOzoneClusterImpl-b7e00dfa-d3b8-45cf-9d3a-2bd5fdfebf54/ozone-meta/datanode-3/ratis/5e45ba48-5edd-440d-8eb2-f1559d221247 does not exist. Creating ...
2025-07-02 18:45:20,133 [grpc-default-executor-1] INFO  server.RaftServer (RaftServerProxy.java:addNew(105)) - baa12041-7cca-45c7-810c-7ea11519444b: addNew group-84D2FC177FB5:[f1637480-4571-474d-8c0e-49126192dfac|127.0.0.1:15023, 75758caf-2019-48e0-9285-4ac26ec01eda|127.0.0.1:15015, baa12041-7cca-45c7-810c-7ea11519444b|127.0.0.1:15031] returns group-84D2FC177FB5:java.util.concurrent.CompletableFuture@7754e7ec[Not completed]
2025-07-02 18:45:20,135 [baa12041-7cca-45c7-810c-7ea11519444b-groupManagement] INFO  storage.RaftStorageDirectory (RaftStorageDirectoryImpl.java:tryLock(229)) - Lock on /home/runner/work/ozone/ozone/hadoop-ozone/integration-test/target/test-dir/MiniOzoneClusterImpl-b7e00dfa-d3b8-45cf-9d3a-2bd5fdfebf54/ozone-meta/datanode-3/ratis/5e45ba48-5edd-440d-8eb2-f1559d221247/in_use.lock acquired by nodename 44808@localhost
2025-07-02 18:45:20,138 [baa12041-7cca-45c7-810c-7ea11519444b-groupManagement] INFO  storage.RaftStorage (RaftStorageImpl.java:format(98)) - Storage directory /home/runner/work/ozone/ozone/hadoop-ozone/integration-test/target/test-dir/MiniOzoneClusterImpl-b7e00dfa-d3b8-45cf-9d3a-2bd5fdfebf54/ozone-meta/datanode-3/ratis/5e45ba48-5edd-440d-8eb2-f1559d221247 has been successfully formatted.
2025-07-02 18:45:20,140 [baa12041-7cca-45c7-810c-7ea11519444b-groupManagement] INFO  ratis.ContainerStateMachine (ContainerStateMachine.java:initialize(339)) - baa12041-7cca-45c7-810c-7ea11519444b: initialize group-F1559D221247
2025-07-02 18:45:20,140 [baa12041-7cca-45c7-810c-7ea11519444b-groupManagement] INFO  ratis.ContainerStateMachine (ContainerStateMachine.java:loadSnapshot(347)) - group-F1559D221247: The snapshot info is null. Setting the last applied index to:<INITIAL_VALUE>
2025-07-02 18:45:20,140 [baa12041-7cca-45c7-810c-7ea11519444b-groupManagement] INFO  server.RaftServerConfigKeys (ConfUtils.java:logGet(62)) - raft.server.log.appender.buffer.byte-limit = 33554432 (custom)
2025-07-02 18:45:20,141 [EventQueue-PipelineReportForOneReplicaPipelineSafeModeRule] INFO  safemode.SCMSafeModeManager (SCMSafeModeManager.java:validateSafeModeExitRules(139)) - AtleastOneDatanodeReportedRule rule is successfully validated
2025-07-02 18:45:20,144 [grpc-default-executor-0] WARN  server.GrpcAdminProtocolService (GrpcAdminProtocolService.java:lambda$groupManagement$1(53)) - Failed groupManagement: GROUPADD, GroupManagementRequest:client-0945333F020C->75758caf-2019-48e0-9285-4ac26ec01eda@group-84D2FC177FB5, cid=6, seq=null, RW, null, Add:group-84D2FC177FB5:[f1637480-4571-474d-8c0e-49126192dfac|127.0.0.1:15023, 75758caf-2019-48e0-9285-4ac26ec01eda|127.0.0.1:15015, baa12041-7cca-45c7-810c-7ea11519444b|127.0.0.1:15031]
java.util.concurrent.CompletionException: org.apache.ratis.protocol.exceptions.AlreadyExistsException: 75758caf-2019-48e0-9285-4ac26ec01eda: Failed to add group-84D2FC177FB5:[f1637480-4571-474d-8c0e-49126192dfac|127.0.0.1:15023, 75758caf-2019-48e0-9285-4ac26ec01eda|127.0.0.1:15015, baa12041-7cca-45c7-810c-7ea11519444b|127.0.0.1:15031] since the group already exists in the map.
	at java.base/java.util.concurrent.CompletableFuture.encodeThrowable(CompletableFuture.java:332)
	at java.base/java.util.concurrent.CompletableFuture.uniApplyNow(CompletableFuture.java:674)
	at java.base/java.util.concurrent.CompletableFuture.uniApplyStage(CompletableFuture.java:662)
	at java.base/java.util.concurrent.CompletableFuture.thenApplyAsync(CompletableFuture.java:2210)
	at org.apache.ratis.server.impl.RaftServerProxy.groupAddAsync(RaftServerProxy.java:513)
	at org.apache.ratis.server.impl.RaftServerProxy.groupManagementAsync(RaftServerProxy.java:495)
	at org.apache.ratis.grpc.server.GrpcAdminProtocolService.lambda$groupManagement$0(GrpcAdminProtocolService.java:51)
	at org.apache.ratis.grpc.GrpcUtil.asyncCall(GrpcUtil.java:172)
	at org.apache.ratis.grpc.server.GrpcAdminProtocolService.groupManagement(GrpcAdminProtocolService.java:51)
	at org.apache.ratis.proto.grpc.AdminProtocolServiceGrpc$MethodHandlers.invoke(AdminProtocolServiceGrpc.java:701)
	at org.apache.ratis.thirdparty.io.grpc.stub.ServerCalls$UnaryServerCallHandler$UnaryServerCallListener.onHalfClose(ServerCalls.java:182)
	at org.apache.ratis.thirdparty.io.grpc.internal.ServerCallImpl$ServerStreamListenerImpl.halfClosed(ServerCallImpl.java:356)
	at org.apache.ratis.thirdparty.io.grpc.internal.ServerImpl$JumpToApplicationThreadServerStreamListener$1HalfClosed.runInContext(ServerImpl.java:861)
	at org.apache.ratis.thirdparty.io.grpc.internal.ContextRunnable.run(ContextRunnable.java:37)
	at org.apache.ratis.thirdparty.io.grpc.internal.SerializingExecutor.run(SerializingExecutor.java:133)
	at java.base/java.util.concurrent.ThreadPoolExecutor.runWorker(ThreadPoolExecutor.java:1144)
	at java.base/java.util.concurrent.ThreadPoolExecutor$Worker.run(ThreadPoolExecutor.java:642)
	at java.base/java.lang.Thread.run(Thread.java:1583)
Caused by: org.apache.ratis.protocol.exceptions.AlreadyExistsException: 75758caf-2019-48e0-9285-4ac26ec01eda: Failed to add group-84D2FC177FB5:[f1637480-4571-474d-8c0e-49126192dfac|127.0.0.1:15023, 75758caf-2019-48e0-9285-4ac26ec01eda|127.0.0.1:15015, baa12041-7cca-45c7-810c-7ea11519444b|127.0.0.1:15031] since the group already exists in the map.
	at org.apache.ratis.server.impl.RaftServerProxy$ImplMap.addNew(RaftServerProxy.java:99)
	at org.apache.ratis.server.impl.RaftServerProxy.groupAddAsync(RaftServerProxy.java:512)
	... 13 more
2025-07-02 18:45:20,145 [baa12041-7cca-45c7-810c-7ea11519444b-groupManagement] INFO  server.RaftServerConfigKeys (ConfUtils.java:logGet(62)) - raft.server.log.segment.size.max = 67108864 (custom)
2025-07-02 18:45:20,146 [baa12041-7cca-45c7-810c-7ea11519444b-groupManagement] INFO  server.RaftServerConfigKeys (ConfUtils.java:logGet(62)) - raft.server.log.appender.buffer.byte-limit = 33554432 (custom)
2025-07-02 18:45:20,147 [0fee975d-e734-400e-bdb4-ee8e3ebebca6@group-2BD5FDFEBF54-StateMachineUpdater] INFO  safemode.SCMSafeModeManager (SCMSafeModeManager.java:validateSafeModeExitRules(139)) - DataNodeSafeModeRule rule is successfully validated
2025-07-02 18:45:20,147 [0fee975d-e734-400e-bdb4-ee8e3ebebca6@group-2BD5FDFEBF54-StateMachineUpdater] INFO  safemode.SCMSafeModeManager (SCMSafeModeManager.java:validateSafeModeExitRules(139)) - RatisContainerSafeModeRule rule is successfully validated
2025-07-02 18:45:20,147 [0fee975d-e734-400e-bdb4-ee8e3ebebca6@group-2BD5FDFEBF54-StateMachineUpdater] INFO  safemode.HealthyPipelineSafeModeRule (HealthyPipelineSafeModeRule.java:initializeRule(228)) - Refreshed total pipeline count is 0, healthy pipeline threshold count is 1
2025-07-02 18:45:20,148 [0fee975d-e734-400e-bdb4-ee8e3ebebca6@group-2BD5FDFEBF54-StateMachineUpdater] INFO  safemode.SCMSafeModeManager (SCMSafeModeManager.java:validateSafeModeExitRules(139)) - ECContainerSafeModeRule rule is successfully validated
2025-07-02 18:45:20,148 [0fee975d-e734-400e-bdb4-ee8e3ebebca6@group-2BD5FDFEBF54-StateMachineUpdater] INFO  safemode.SCMSafeModeManager (SCMSafeModeManager.java:validateSafeModeExitRules(139)) - AtleastOneDatanodeReportedRule rule is successfully validated
2025-07-02 18:45:20,148 [EventQueue-PipelineReportForPipelineReportHandler] INFO  pipeline.PipelineReportHandler (PipelineReportHandler.java:processPipelineReport(134)) - Opened pipeline Pipeline-5e45ba48-5edd-440d-8eb2-f1559d221247
2025-07-02 18:45:20,152 [baa12041-7cca-45c7-810c-7ea11519444b-groupManagement] INFO  util.AwaitToRun (AwaitToRun.java:start(81)) - Thread[#1218,baa12041-7cca-45c7-810c-7ea11519444b@group-F1559D221247-cacheEviction-AwaitToRun,5,main] started
2025-07-02 18:45:20,152 [baa12041-7cca-45c7-810c-7ea11519444b-groupManagement] INFO  segmented.SegmentedRaftLogWorker (SegmentedRaftLogWorker.java:<init>(190)) - new baa12041-7cca-45c7-810c-7ea11519444b@group-F1559D221247-SegmentedRaftLogWorker for RaftStorageImpl:Storage Directory /home/runner/work/ozone/ozone/hadoop-ozone/integration-test/target/test-dir/MiniOzoneClusterImpl-b7e00dfa-d3b8-45cf-9d3a-2bd5fdfebf54/ozone-meta/datanode-3/ratis/5e45ba48-5edd-440d-8eb2-f1559d221247
2025-07-02 18:45:20,153 [baa12041-7cca-45c7-810c-7ea11519444b-groupManagement] INFO  server.RaftServerConfigKeys (ConfUtils.java:logGet(62)) - raft.server.log.queue.byte-limit = 4294967296 (custom)
2025-07-02 18:45:20,153 [baa12041-7cca-45c7-810c-7ea11519444b-groupManagement] INFO  server.RaftServerConfigKeys (ConfUtils.java:logGet(62)) - raft.server.log.segment.size.max = 67108864 (custom)
2025-07-02 18:45:20,153 [baa12041-7cca-45c7-810c-7ea11519444b-groupManagement] INFO  server.RaftServerConfigKeys (ConfUtils.java:logGet(62)) - raft.server.log.preallocated.size = 4194304 (custom)
2025-07-02 18:45:20,154 [baa12041-7cca-45c7-810c-7ea11519444b-groupManagement] INFO  server.RaftServerConfigKeys (ConfUtils.java:logGet(62)) - raft.server.log.write.buffer.size = 33554440 (custom)
2025-07-02 18:45:20,164 [baa12041-7cca-45c7-810c-7ea11519444b-groupManagement] INFO  server.RaftServerConfigKeys (ConfUtils.java:logGet(62)) - raft.server.log.appender.buffer.byte-limit = 33554432 (custom)
2025-07-02 18:45:20,164 [baa12041-7cca-45c7-810c-7ea11519444b-groupManagement] INFO  segmented.SegmentedRaftLogWorker (SegmentedRaftLogWorker.java:lambda$new$0(141)) - baa12041-7cca-45c7-810c-7ea11519444b@group-F1559D221247-SegmentedRaftLogWorker: flushIndex: setUnconditionally 0 -> -1
2025-07-02 18:45:20,164 [baa12041-7cca-45c7-810c-7ea11519444b-groupManagement] INFO  segmented.SegmentedRaftLogWorker (SegmentedRaftLogWorker.java:lambda$new$0(141)) - baa12041-7cca-45c7-810c-7ea11519444b@group-F1559D221247-SegmentedRaftLogWorker: safeCacheEvictIndex: setUnconditionally 0 -> -1
2025-07-02 18:45:20,165 [EventQueue-PipelineReportForOneReplicaPipelineSafeModeRule] INFO  safemode.SCMSafeModeManager (SCMSafeModeManager.java:validateSafeModeExitRules(139)) - AtleastOneDatanodeReportedRule rule is successfully validated
2025-07-02 18:45:20,169 [baa12041-7cca-45c7-810c-7ea11519444b-groupManagement] INFO  server.RaftServer$Division (RaftServerImpl.java:start(405)) - baa12041-7cca-45c7-810c-7ea11519444b@group-F1559D221247: start as a follower, conf=conf: {index: -1, cur=peers:[baa12041-7cca-45c7-810c-7ea11519444b|127.0.0.1:15031]|listeners:[], old=null}
2025-07-02 18:45:20,169 [baa12041-7cca-45c7-810c-7ea11519444b-groupManagement] INFO  server.RaftServer$Division (RaftServerImpl.java:setRole(392)) - baa12041-7cca-45c7-810c-7ea11519444b@group-F1559D221247: changes role from      null to FOLLOWER at term 0 for startAsFollower
2025-07-02 18:45:20,169 [baa12041-7cca-45c7-810c-7ea11519444b-groupManagement] INFO  impl.RoleInfo (RoleInfo.java:updateAndGet(148)) - baa12041-7cca-45c7-810c-7ea11519444b: start baa12041-7cca-45c7-810c-7ea11519444b@group-F1559D221247-FollowerState
2025-07-02 18:45:20,171 [baa12041-7cca-45c7-810c-7ea11519444b-groupManagement] INFO  util.JmxRegister (JmxRegister.java:tryRegister(44)) - Successfully registered JMX Bean with object name Ratis:service=RaftServer,group=group-F1559D221247,id=baa12041-7cca-45c7-810c-7ea11519444b
2025-07-02 18:45:20,171 [baa12041-7cca-45c7-810c-7ea11519444b-groupManagement] INFO  util.JmxRegister (JmxRegister.java:register(58)) - register mxBean class org.apache.ratis.server.impl.RaftServerJmxAdapter as Ratis:service=RaftServer,group=group-F1559D221247,id=baa12041-7cca-45c7-810c-7ea11519444b
2025-07-02 18:45:20,173 [baa12041-7cca-45c7-810c-7ea11519444b-groupManagement] INFO  server.RaftServer$Division (RaftServerImpl.java:start(419)) - baa12041-7cca-45c7-810c-7ea11519444b@group-F1559D221247: Successfully started.
2025-07-02 18:45:20,173 [baa12041-7cca-45c7-810c-7ea11519444b-PipelineCommandHandlerThread-0] INFO  ratis.XceiverServerRatis (XceiverServerRatis.java:addGroup(843)) - Created group Pipeline-5e45ba48-5edd-440d-8eb2-f1559d221247
2025-07-02 18:45:20,174 [baa12041-7cca-45c7-810c-7ea11519444b-PipelineCommandHandlerThread-0] INFO  commandhandler.CreatePipelineCommandHandler (CreatePipelineCommandHandler.java:lambda$handle$2(127)) - Created Pipeline RATIS ONE Pipeline-5e45ba48-5edd-440d-8eb2-f1559d221247.
2025-07-02 18:45:20,175 [baa12041-7cca-45c7-810c-7ea11519444b-groupManagement] WARN  statemachine.DatanodeConfiguration (DatanodeConfiguration.java:validateMinFreeSpace(751)) - hdds.datanode.volume.min.free.space.percent = -1.0 is invalid, should be between 0 and 1
2025-07-02 18:45:20,175 [baa12041-7cca-45c7-810c-7ea11519444b-groupManagement] INFO  server.RaftServer$Division (RaftServerImpl.java:<init>(268)) - baa12041-7cca-45c7-810c-7ea11519444b: new RaftServerImpl for group-84D2FC177FB5:[f1637480-4571-474d-8c0e-49126192dfac|127.0.0.1:15023, 75758caf-2019-48e0-9285-4ac26ec01eda|127.0.0.1:15015, baa12041-7cca-45c7-810c-7ea11519444b|127.0.0.1:15031] with ContainerStateMachine:uninitialized
2025-07-02 18:45:20,175 [baa12041-7cca-45c7-810c-7ea11519444b-groupManagement] INFO  server.RaftServer$Division (ServerState.java:<init>(114)) - baa12041-7cca-45c7-810c-7ea11519444b@group-84D2FC177FB5: ConfigurationManager, init=conf: {index: -1, cur=peers:[f1637480-4571-474d-8c0e-49126192dfac|127.0.0.1:15023, 75758caf-2019-48e0-9285-4ac26ec01eda|127.0.0.1:15015, baa12041-7cca-45c7-810c-7ea11519444b|127.0.0.1:15031]|listeners:[], old=null}, confs=<EMPTY_MAP>
2025-07-02 18:45:20,184 [baa12041-7cca-45c7-810c-7ea11519444b-groupManagement] INFO  storage.RaftStorageDirectory (RaftStorageDirectoryImpl.java:analyzeStorage(138)) - The storage directory /home/runner/work/ozone/ozone/hadoop-ozone/integration-test/target/test-dir/MiniOzoneClusterImpl-b7e00dfa-d3b8-45cf-9d3a-2bd5fdfebf54/ozone-meta/datanode-3/ratis/2bc36170-bfb4-426e-aff1-84d2fc177fb5 does not exist. Creating ...
2025-07-02 18:45:20,185 [grpc-default-executor-0] WARN  server.GrpcAdminProtocolService (GrpcAdminProtocolService.java:lambda$groupManagement$1(53)) - Failed groupManagement: GROUPADD, GroupManagementRequest:client-2332BF3B7A23->baa12041-7cca-45c7-810c-7ea11519444b@group-84D2FC177FB5, cid=7, seq=null, RW, null, Add:group-84D2FC177FB5:[f1637480-4571-474d-8c0e-49126192dfac|127.0.0.1:15023, 75758caf-2019-48e0-9285-4ac26ec01eda|127.0.0.1:15015, baa12041-7cca-45c7-810c-7ea11519444b|127.0.0.1:15031]
java.util.concurrent.CompletionException: org.apache.ratis.protocol.exceptions.AlreadyExistsException: baa12041-7cca-45c7-810c-7ea11519444b: Failed to add group-84D2FC177FB5:[f1637480-4571-474d-8c0e-49126192dfac|127.0.0.1:15023, 75758caf-2019-48e0-9285-4ac26ec01eda|127.0.0.1:15015, baa12041-7cca-45c7-810c-7ea11519444b|127.0.0.1:15031] since the group already exists in the map.
	at java.base/java.util.concurrent.CompletableFuture.encodeThrowable(CompletableFuture.java:332)
	at java.base/java.util.concurrent.CompletableFuture.uniApplyNow(CompletableFuture.java:674)
	at java.base/java.util.concurrent.CompletableFuture.uniApplyStage(CompletableFuture.java:662)
	at java.base/java.util.concurrent.CompletableFuture.thenApplyAsync(CompletableFuture.java:2210)
	at org.apache.ratis.server.impl.RaftServerProxy.groupAddAsync(RaftServerProxy.java:513)
	at org.apache.ratis.server.impl.RaftServerProxy.groupManagementAsync(RaftServerProxy.java:495)
	at org.apache.ratis.grpc.server.GrpcAdminProtocolService.lambda$groupManagement$0(GrpcAdminProtocolService.java:51)
	at org.apache.ratis.grpc.GrpcUtil.asyncCall(GrpcUtil.java:172)
	at org.apache.ratis.grpc.server.GrpcAdminProtocolService.groupManagement(GrpcAdminProtocolService.java:51)
	at org.apache.ratis.proto.grpc.AdminProtocolServiceGrpc$MethodHandlers.invoke(AdminProtocolServiceGrpc.java:701)
	at org.apache.ratis.thirdparty.io.grpc.stub.ServerCalls$UnaryServerCallHandler$UnaryServerCallListener.onHalfClose(ServerCalls.java:182)
	at org.apache.ratis.thirdparty.io.grpc.internal.ServerCallImpl$ServerStreamListenerImpl.halfClosed(ServerCallImpl.java:356)
	at org.apache.ratis.thirdparty.io.grpc.internal.ServerImpl$JumpToApplicationThreadServerStreamListener$1HalfClosed.runInContext(ServerImpl.java:861)
	at org.apache.ratis.thirdparty.io.grpc.internal.ContextRunnable.run(ContextRunnable.java:37)
	at org.apache.ratis.thirdparty.io.grpc.internal.SerializingExecutor.run(SerializingExecutor.java:133)
	at java.base/java.util.concurrent.ThreadPoolExecutor.runWorker(ThreadPoolExecutor.java:1144)
	at java.base/java.util.concurrent.ThreadPoolExecutor$Worker.run(ThreadPoolExecutor.java:642)
	at java.base/java.lang.Thread.run(Thread.java:1583)
Caused by: org.apache.ratis.protocol.exceptions.AlreadyExistsException: baa12041-7cca-45c7-810c-7ea11519444b: Failed to add group-84D2FC177FB5:[f1637480-4571-474d-8c0e-49126192dfac|127.0.0.1:15023, 75758caf-2019-48e0-9285-4ac26ec01eda|127.0.0.1:15015, baa12041-7cca-45c7-810c-7ea11519444b|127.0.0.1:15031] since the group already exists in the map.
	at org.apache.ratis.server.impl.RaftServerProxy$ImplMap.addNew(RaftServerProxy.java:99)
	at org.apache.ratis.server.impl.RaftServerProxy.groupAddAsync(RaftServerProxy.java:512)
	... 13 more
2025-07-02 18:45:20,186 [baa12041-7cca-45c7-810c-7ea11519444b-groupManagement] INFO  storage.RaftStorageDirectory (RaftStorageDirectoryImpl.java:tryLock(229)) - Lock on /home/runner/work/ozone/ozone/hadoop-ozone/integration-test/target/test-dir/MiniOzoneClusterImpl-b7e00dfa-d3b8-45cf-9d3a-2bd5fdfebf54/ozone-meta/datanode-3/ratis/2bc36170-bfb4-426e-aff1-84d2fc177fb5/in_use.lock acquired by nodename 44808@localhost
2025-07-02 18:45:20,188 [baa12041-7cca-45c7-810c-7ea11519444b-groupManagement] INFO  storage.RaftStorage (RaftStorageImpl.java:format(98)) - Storage directory /home/runner/work/ozone/ozone/hadoop-ozone/integration-test/target/test-dir/MiniOzoneClusterImpl-b7e00dfa-d3b8-45cf-9d3a-2bd5fdfebf54/ozone-meta/datanode-3/ratis/2bc36170-bfb4-426e-aff1-84d2fc177fb5 has been successfully formatted.
2025-07-02 18:45:20,190 [EventQueue-PipelineReportForOneReplicaPipelineSafeModeRule] INFO  safemode.SCMSafeModeManager (SCMSafeModeManager.java:validateSafeModeExitRules(139)) - AtleastOneDatanodeReportedRule rule is successfully validated
2025-07-02 18:45:20,190 [baa12041-7cca-45c7-810c-7ea11519444b-groupManagement] INFO  ratis.ContainerStateMachine (ContainerStateMachine.java:initialize(339)) - baa12041-7cca-45c7-810c-7ea11519444b: initialize group-84D2FC177FB5
2025-07-02 18:45:20,190 [baa12041-7cca-45c7-810c-7ea11519444b-groupManagement] INFO  ratis.ContainerStateMachine (ContainerStateMachine.java:loadSnapshot(347)) - group-84D2FC177FB5: The snapshot info is null. Setting the last applied index to:<INITIAL_VALUE>
2025-07-02 18:45:20,190 [baa12041-7cca-45c7-810c-7ea11519444b-groupManagement] INFO  server.RaftServerConfigKeys (ConfUtils.java:logGet(62)) - raft.server.log.appender.buffer.byte-limit = 33554432 (custom)
2025-07-02 18:45:20,194 [baa12041-7cca-45c7-810c-7ea11519444b-groupManagement] INFO  server.RaftServerConfigKeys (ConfUtils.java:logGet(62)) - raft.server.log.segment.size.max = 67108864 (custom)
2025-07-02 18:45:20,194 [baa12041-7cca-45c7-810c-7ea11519444b-groupManagement] INFO  server.RaftServerConfigKeys (ConfUtils.java:logGet(62)) - raft.server.log.appender.buffer.byte-limit = 33554432 (custom)
2025-07-02 18:45:20,195 [baa12041-7cca-45c7-810c-7ea11519444b-groupManagement] INFO  util.AwaitToRun (AwaitToRun.java:start(81)) - Thread[#1225,baa12041-7cca-45c7-810c-7ea11519444b@group-84D2FC177FB5-cacheEviction-AwaitToRun,5,main] started
2025-07-02 18:45:20,195 [baa12041-7cca-45c7-810c-7ea11519444b-groupManagement] INFO  segmented.SegmentedRaftLogWorker (SegmentedRaftLogWorker.java:<init>(190)) - new baa12041-7cca-45c7-810c-7ea11519444b@group-84D2FC177FB5-SegmentedRaftLogWorker for RaftStorageImpl:Storage Directory /home/runner/work/ozone/ozone/hadoop-ozone/integration-test/target/test-dir/MiniOzoneClusterImpl-b7e00dfa-d3b8-45cf-9d3a-2bd5fdfebf54/ozone-meta/datanode-3/ratis/2bc36170-bfb4-426e-aff1-84d2fc177fb5
2025-07-02 18:45:20,195 [baa12041-7cca-45c7-810c-7ea11519444b-groupManagement] INFO  server.RaftServerConfigKeys (ConfUtils.java:logGet(62)) - raft.server.log.queue.byte-limit = 4294967296 (custom)
2025-07-02 18:45:20,196 [baa12041-7cca-45c7-810c-7ea11519444b-groupManagement] INFO  server.RaftServerConfigKeys (ConfUtils.java:logGet(62)) - raft.server.log.segment.size.max = 67108864 (custom)
2025-07-02 18:45:20,196 [baa12041-7cca-45c7-810c-7ea11519444b-groupManagement] INFO  server.RaftServerConfigKeys (ConfUtils.java:logGet(62)) - raft.server.log.preallocated.size = 4194304 (custom)
2025-07-02 18:45:20,197 [baa12041-7cca-45c7-810c-7ea11519444b-groupManagement] INFO  server.RaftServerConfigKeys (ConfUtils.java:logGet(62)) - raft.server.log.write.buffer.size = 33554440 (custom)
2025-07-02 18:45:20,199 [f1637480-4571-474d-8c0e-49126192dfac-PipelineCommandHandlerThread-0] INFO  commandhandler.CreatePipelineCommandHandler (CreatePipelineCommandHandler.java:lambda$handle$2(127)) - Created Pipeline RATIS THREE Pipeline-2bc36170-bfb4-426e-aff1-84d2fc177fb5.
2025-07-02 18:45:20,203 [baa12041-7cca-45c7-810c-7ea11519444b-groupManagement] INFO  server.RaftServerConfigKeys (ConfUtils.java:logGet(62)) - raft.server.log.appender.buffer.byte-limit = 33554432 (custom)
2025-07-02 18:45:20,203 [baa12041-7cca-45c7-810c-7ea11519444b-groupManagement] INFO  segmented.SegmentedRaftLogWorker (SegmentedRaftLogWorker.java:lambda$new$0(141)) - baa12041-7cca-45c7-810c-7ea11519444b@group-84D2FC177FB5-SegmentedRaftLogWorker: flushIndex: setUnconditionally 0 -> -1
2025-07-02 18:45:20,203 [baa12041-7cca-45c7-810c-7ea11519444b-groupManagement] INFO  segmented.SegmentedRaftLogWorker (SegmentedRaftLogWorker.java:lambda$new$0(141)) - baa12041-7cca-45c7-810c-7ea11519444b@group-84D2FC177FB5-SegmentedRaftLogWorker: safeCacheEvictIndex: setUnconditionally 0 -> -1
2025-07-02 18:45:20,204 [baa12041-7cca-45c7-810c-7ea11519444b-groupManagement] INFO  server.RaftServer$Division (RaftServerImpl.java:start(405)) - baa12041-7cca-45c7-810c-7ea11519444b@group-84D2FC177FB5: start as a follower, conf=conf: {index: -1, cur=peers:[f1637480-4571-474d-8c0e-49126192dfac|127.0.0.1:15023, 75758caf-2019-48e0-9285-4ac26ec01eda|127.0.0.1:15015, baa12041-7cca-45c7-810c-7ea11519444b|127.0.0.1:15031]|listeners:[], old=null}
2025-07-02 18:45:20,204 [baa12041-7cca-45c7-810c-7ea11519444b-groupManagement] INFO  server.RaftServer$Division (RaftServerImpl.java:setRole(392)) - baa12041-7cca-45c7-810c-7ea11519444b@group-84D2FC177FB5: changes role from      null to FOLLOWER at term 0 for startAsFollower
2025-07-02 18:45:20,204 [baa12041-7cca-45c7-810c-7ea11519444b-groupManagement] INFO  impl.RoleInfo (RoleInfo.java:updateAndGet(148)) - baa12041-7cca-45c7-810c-7ea11519444b: start baa12041-7cca-45c7-810c-7ea11519444b@group-84D2FC177FB5-FollowerState
2025-07-02 18:45:20,204 [baa12041-7cca-45c7-810c-7ea11519444b-groupManagement] INFO  util.JmxRegister (JmxRegister.java:tryRegister(44)) - Successfully registered JMX Bean with object name Ratis:service=RaftServer,group=group-84D2FC177FB5,id=baa12041-7cca-45c7-810c-7ea11519444b
2025-07-02 18:45:20,204 [baa12041-7cca-45c7-810c-7ea11519444b-groupManagement] INFO  util.JmxRegister (JmxRegister.java:register(58)) - register mxBean class org.apache.ratis.server.impl.RaftServerJmxAdapter as Ratis:service=RaftServer,group=group-84D2FC177FB5,id=baa12041-7cca-45c7-810c-7ea11519444b
2025-07-02 18:45:20,206 [baa12041-7cca-45c7-810c-7ea11519444b-groupManagement] INFO  server.RaftServer$Division (RaftServerImpl.java:start(419)) - baa12041-7cca-45c7-810c-7ea11519444b@group-84D2FC177FB5: Successfully started.
2025-07-02 18:45:20,208 [95ee4113-9599-4433-8033-e07ec30d3bee-PipelineCommandHandlerThread-0] INFO  server.RaftServer (RaftServerProxy.java:addNew(105)) - 95ee4113-9599-4433-8033-e07ec30d3bee: addNew group-5DC5F624F8EB:[95ee4113-9599-4433-8033-e07ec30d3bee|127.0.0.1:15039] returns group-5DC5F624F8EB:java.util.concurrent.CompletableFuture@44ec0212[Not completed]
2025-07-02 18:45:20,210 [95ee4113-9599-4433-8033-e07ec30d3bee-groupManagement] WARN  statemachine.DatanodeConfiguration (DatanodeConfiguration.java:validateMinFreeSpace(751)) - hdds.datanode.volume.min.free.space.percent = -1.0 is invalid, should be between 0 and 1
2025-07-02 18:45:20,210 [95ee4113-9599-4433-8033-e07ec30d3bee-groupManagement] INFO  server.RaftServer$Division (RaftServerImpl.java:<init>(268)) - 95ee4113-9599-4433-8033-e07ec30d3bee: new RaftServerImpl for group-5DC5F624F8EB:[95ee4113-9599-4433-8033-e07ec30d3bee|127.0.0.1:15039] with ContainerStateMachine:uninitialized
2025-07-02 18:45:20,211 [95ee4113-9599-4433-8033-e07ec30d3bee-groupManagement] INFO  server.RaftServer$Division (ServerState.java:<init>(114)) - 95ee4113-9599-4433-8033-e07ec30d3bee@group-5DC5F624F8EB: ConfigurationManager, init=conf: {index: -1, cur=peers:[95ee4113-9599-4433-8033-e07ec30d3bee|127.0.0.1:15039]|listeners:[], old=null}, confs=<EMPTY_MAP>
2025-07-02 18:45:20,211 [EventQueue-PipelineReportForOneReplicaPipelineSafeModeRule] INFO  safemode.SCMSafeModeManager (SCMSafeModeManager.java:validateSafeModeExitRules(139)) - AtleastOneDatanodeReportedRule rule is successfully validated
2025-07-02 18:45:20,218 [95ee4113-9599-4433-8033-e07ec30d3bee-groupManagement] INFO  server.RaftServerConfigKeys (ConfUtils.java:logGet(62)) - raft.server.storage.dir = [/home/runner/work/ozone/ozone/hadoop-ozone/integration-test/target/test-dir/MiniOzoneClusterImpl-b7e00dfa-d3b8-45cf-9d3a-2bd5fdfebf54/ozone-meta/datanode-4/ratis] (custom)
2025-07-02 18:45:20,218 [95ee4113-9599-4433-8033-e07ec30d3bee-groupManagement] INFO  storage.RaftStorageDirectory (RaftStorageDirectoryImpl.java:analyzeStorage(138)) - The storage directory /home/runner/work/ozone/ozone/hadoop-ozone/integration-test/target/test-dir/MiniOzoneClusterImpl-b7e00dfa-d3b8-45cf-9d3a-2bd5fdfebf54/ozone-meta/datanode-4/ratis/0906f09b-8f04-4eff-ad8f-5dc5f624f8eb does not exist. Creating ...
2025-07-02 18:45:20,219 [95ee4113-9599-4433-8033-e07ec30d3bee-groupManagement] INFO  storage.RaftStorageDirectory (RaftStorageDirectoryImpl.java:tryLock(229)) - Lock on /home/runner/work/ozone/ozone/hadoop-ozone/integration-test/target/test-dir/MiniOzoneClusterImpl-b7e00dfa-d3b8-45cf-9d3a-2bd5fdfebf54/ozone-meta/datanode-4/ratis/0906f09b-8f04-4eff-ad8f-5dc5f624f8eb/in_use.lock acquired by nodename 44808@localhost
2025-07-02 18:45:20,221 [95ee4113-9599-4433-8033-e07ec30d3bee-groupManagement] INFO  storage.RaftStorage (RaftStorageImpl.java:format(98)) - Storage directory /home/runner/work/ozone/ozone/hadoop-ozone/integration-test/target/test-dir/MiniOzoneClusterImpl-b7e00dfa-d3b8-45cf-9d3a-2bd5fdfebf54/ozone-meta/datanode-4/ratis/0906f09b-8f04-4eff-ad8f-5dc5f624f8eb has been successfully formatted.
2025-07-02 18:45:20,222 [95ee4113-9599-4433-8033-e07ec30d3bee-groupManagement] INFO  ratis.ContainerStateMachine (ContainerStateMachine.java:initialize(339)) - 95ee4113-9599-4433-8033-e07ec30d3bee: initialize group-5DC5F624F8EB
2025-07-02 18:45:20,222 [95ee4113-9599-4433-8033-e07ec30d3bee-groupManagement] INFO  ratis.ContainerStateMachine (ContainerStateMachine.java:loadSnapshot(347)) - group-5DC5F624F8EB: The snapshot info is null. Setting the last applied index to:<INITIAL_VALUE>
2025-07-02 18:45:20,223 [95ee4113-9599-4433-8033-e07ec30d3bee-groupManagement] INFO  server.RaftServerConfigKeys (ConfUtils.java:logGet(62)) - raft.server.log.appender.buffer.byte-limit = 33554432 (custom)
2025-07-02 18:45:20,226 [EventQueue-PipelineReportForOneReplicaPipelineSafeModeRule] INFO  safemode.SCMSafeModeManager (SCMSafeModeManager.java:validateSafeModeExitRules(139)) - AtleastOneDatanodeReportedRule rule is successfully validated
2025-07-02 18:45:20,227 [95ee4113-9599-4433-8033-e07ec30d3bee-groupManagement] INFO  server.RaftServerConfigKeys (ConfUtils.java:logGet(62)) - raft.server.log.segment.size.max = 67108864 (custom)
2025-07-02 18:45:20,228 [95ee4113-9599-4433-8033-e07ec30d3bee-groupManagement] INFO  server.RaftServerConfigKeys (ConfUtils.java:logGet(62)) - raft.server.log.appender.buffer.byte-limit = 33554432 (custom)
2025-07-02 18:45:20,229 [95ee4113-9599-4433-8033-e07ec30d3bee-groupManagement] INFO  util.AwaitToRun (AwaitToRun.java:start(81)) - Thread[#1237,95ee4113-9599-4433-8033-e07ec30d3bee@group-5DC5F624F8EB-cacheEviction-AwaitToRun,5,main] started
2025-07-02 18:45:20,229 [95ee4113-9599-4433-8033-e07ec30d3bee-groupManagement] INFO  segmented.SegmentedRaftLogWorker (SegmentedRaftLogWorker.java:<init>(190)) - new 95ee4113-9599-4433-8033-e07ec30d3bee@group-5DC5F624F8EB-SegmentedRaftLogWorker for RaftStorageImpl:Storage Directory /home/runner/work/ozone/ozone/hadoop-ozone/integration-test/target/test-dir/MiniOzoneClusterImpl-b7e00dfa-d3b8-45cf-9d3a-2bd5fdfebf54/ozone-meta/datanode-4/ratis/0906f09b-8f04-4eff-ad8f-5dc5f624f8eb
2025-07-02 18:45:20,229 [95ee4113-9599-4433-8033-e07ec30d3bee-groupManagement] INFO  server.RaftServerConfigKeys (ConfUtils.java:logGet(62)) - raft.server.log.queue.byte-limit = 4294967296 (custom)
2025-07-02 18:45:20,229 [95ee4113-9599-4433-8033-e07ec30d3bee-groupManagement] INFO  server.RaftServerConfigKeys (ConfUtils.java:logGet(62)) - raft.server.log.segment.size.max = 67108864 (custom)
2025-07-02 18:45:20,229 [95ee4113-9599-4433-8033-e07ec30d3bee-groupManagement] INFO  server.RaftServerConfigKeys (ConfUtils.java:logGet(62)) - raft.server.log.preallocated.size = 4194304 (custom)
2025-07-02 18:45:20,230 [95ee4113-9599-4433-8033-e07ec30d3bee-groupManagement] INFO  server.RaftServerConfigKeys (ConfUtils.java:logGet(62)) - raft.server.log.write.buffer.size = 33554440 (custom)
2025-07-02 18:45:20,231 [0fee975d-e734-400e-bdb4-ee8e3ebebca6@group-2BD5FDFEBF54-StateMachineUpdater] INFO  safemode.SCMSafeModeManager (SCMSafeModeManager.java:validateSafeModeExitRules(139)) - DataNodeSafeModeRule rule is successfully validated
2025-07-02 18:45:20,231 [0fee975d-e734-400e-bdb4-ee8e3ebebca6@group-2BD5FDFEBF54-StateMachineUpdater] INFO  safemode.SCMSafeModeManager (SCMSafeModeManager.java:validateSafeModeExitRules(139)) - RatisContainerSafeModeRule rule is successfully validated
2025-07-02 18:45:20,231 [0fee975d-e734-400e-bdb4-ee8e3ebebca6@group-2BD5FDFEBF54-StateMachineUpdater] INFO  safemode.HealthyPipelineSafeModeRule (HealthyPipelineSafeModeRule.java:initializeRule(228)) - Refreshed total pipeline count is 0, healthy pipeline threshold count is 1
2025-07-02 18:45:20,231 [0fee975d-e734-400e-bdb4-ee8e3ebebca6@group-2BD5FDFEBF54-StateMachineUpdater] INFO  safemode.SCMSafeModeManager (SCMSafeModeManager.java:validateSafeModeExitRules(139)) - ECContainerSafeModeRule rule is successfully validated
2025-07-02 18:45:20,231 [0fee975d-e734-400e-bdb4-ee8e3ebebca6@group-2BD5FDFEBF54-StateMachineUpdater] INFO  safemode.SCMSafeModeManager (SCMSafeModeManager.java:validateSafeModeExitRules(139)) - AtleastOneDatanodeReportedRule rule is successfully validated
2025-07-02 18:45:20,232 [grpc-default-executor-0] WARN  server.GrpcAdminProtocolService (GrpcAdminProtocolService.java:lambda$groupManagement$1(53)) - Failed groupManagement: GROUPADD, GroupManagementRequest:client-6FDF052A28F4->f1637480-4571-474d-8c0e-49126192dfac@group-84D2FC177FB5, cid=8, seq=null, RW, null, Add:group-84D2FC177FB5:[f1637480-4571-474d-8c0e-49126192dfac|127.0.0.1:15023, 75758caf-2019-48e0-9285-4ac26ec01eda|127.0.0.1:15015, baa12041-7cca-45c7-810c-7ea11519444b|127.0.0.1:15031]
java.util.concurrent.CompletionException: org.apache.ratis.protocol.exceptions.AlreadyExistsException: f1637480-4571-474d-8c0e-49126192dfac: Failed to add group-84D2FC177FB5:[f1637480-4571-474d-8c0e-49126192dfac|127.0.0.1:15023, 75758caf-2019-48e0-9285-4ac26ec01eda|127.0.0.1:15015, baa12041-7cca-45c7-810c-7ea11519444b|127.0.0.1:15031] since the group already exists in the map.
	at java.base/java.util.concurrent.CompletableFuture.encodeThrowable(CompletableFuture.java:332)
	at java.base/java.util.concurrent.CompletableFuture.uniApplyNow(CompletableFuture.java:674)
	at java.base/java.util.concurrent.CompletableFuture.uniApplyStage(CompletableFuture.java:662)
	at java.base/java.util.concurrent.CompletableFuture.thenApplyAsync(CompletableFuture.java:2210)
	at org.apache.ratis.server.impl.RaftServerProxy.groupAddAsync(RaftServerProxy.java:513)
	at org.apache.ratis.server.impl.RaftServerProxy.groupManagementAsync(RaftServerProxy.java:495)
	at org.apache.ratis.grpc.server.GrpcAdminProtocolService.lambda$groupManagement$0(GrpcAdminProtocolService.java:51)
	at org.apache.ratis.grpc.GrpcUtil.asyncCall(GrpcUtil.java:172)
	at org.apache.ratis.grpc.server.GrpcAdminProtocolService.groupManagement(GrpcAdminProtocolService.java:51)
	at org.apache.ratis.proto.grpc.AdminProtocolServiceGrpc$MethodHandlers.invoke(AdminProtocolServiceGrpc.java:701)
	at org.apache.ratis.thirdparty.io.grpc.stub.ServerCalls$UnaryServerCallHandler$UnaryServerCallListener.onHalfClose(ServerCalls.java:182)
	at org.apache.ratis.thirdparty.io.grpc.internal.ServerCallImpl$ServerStreamListenerImpl.halfClosed(ServerCallImpl.java:356)
	at org.apache.ratis.thirdparty.io.grpc.internal.ServerImpl$JumpToApplicationThreadServerStreamListener$1HalfClosed.runInContext(ServerImpl.java:861)
	at org.apache.ratis.thirdparty.io.grpc.internal.ContextRunnable.run(ContextRunnable.java:37)
	at org.apache.ratis.thirdparty.io.grpc.internal.SerializingExecutor.run(SerializingExecutor.java:133)
	at java.base/java.util.concurrent.ThreadPoolExecutor.runWorker(ThreadPoolExecutor.java:1144)
	at java.base/java.util.concurrent.ThreadPoolExecutor$Worker.run(ThreadPoolExecutor.java:642)
	at java.base/java.lang.Thread.run(Thread.java:1583)
Caused by: org.apache.ratis.protocol.exceptions.AlreadyExistsException: f1637480-4571-474d-8c0e-49126192dfac: Failed to add group-84D2FC177FB5:[f1637480-4571-474d-8c0e-49126192dfac|127.0.0.1:15023, 75758caf-2019-48e0-9285-4ac26ec01eda|127.0.0.1:15015, baa12041-7cca-45c7-810c-7ea11519444b|127.0.0.1:15031] since the group already exists in the map.
	at org.apache.ratis.server.impl.RaftServerProxy$ImplMap.addNew(RaftServerProxy.java:99)
	at org.apache.ratis.server.impl.RaftServerProxy.groupAddAsync(RaftServerProxy.java:512)
	... 13 more
2025-07-02 18:45:20,235 [EventQueue-PipelineReportForPipelineReportHandler] INFO  pipeline.PipelineReportHandler (PipelineReportHandler.java:processPipelineReport(134)) - Opened pipeline Pipeline-0906f09b-8f04-4eff-ad8f-5dc5f624f8eb
2025-07-02 18:45:20,235 [95ee4113-9599-4433-8033-e07ec30d3bee-groupManagement] INFO  server.RaftServerConfigKeys (ConfUtils.java:logGet(62)) - raft.server.log.appender.buffer.byte-limit = 33554432 (custom)
2025-07-02 18:45:20,236 [95ee4113-9599-4433-8033-e07ec30d3bee-groupManagement] INFO  segmented.SegmentedRaftLogWorker (SegmentedRaftLogWorker.java:lambda$new$0(141)) - 95ee4113-9599-4433-8033-e07ec30d3bee@group-5DC5F624F8EB-SegmentedRaftLogWorker: flushIndex: setUnconditionally 0 -> -1
2025-07-02 18:45:20,236 [95ee4113-9599-4433-8033-e07ec30d3bee-groupManagement] INFO  segmented.SegmentedRaftLogWorker (SegmentedRaftLogWorker.java:lambda$new$0(141)) - 95ee4113-9599-4433-8033-e07ec30d3bee@group-5DC5F624F8EB-SegmentedRaftLogWorker: safeCacheEvictIndex: setUnconditionally 0 -> -1
2025-07-02 18:45:20,236 [95ee4113-9599-4433-8033-e07ec30d3bee-groupManagement] INFO  server.RaftServer$Division (RaftServerImpl.java:start(405)) - 95ee4113-9599-4433-8033-e07ec30d3bee@group-5DC5F624F8EB: start as a follower, conf=conf: {index: -1, cur=peers:[95ee4113-9599-4433-8033-e07ec30d3bee|127.0.0.1:15039]|listeners:[], old=null}
2025-07-02 18:45:20,237 [95ee4113-9599-4433-8033-e07ec30d3bee-groupManagement] INFO  server.RaftServer$Division (RaftServerImpl.java:setRole(392)) - 95ee4113-9599-4433-8033-e07ec30d3bee@group-5DC5F624F8EB: changes role from      null to FOLLOWER at term 0 for startAsFollower
2025-07-02 18:45:20,237 [95ee4113-9599-4433-8033-e07ec30d3bee-groupManagement] INFO  impl.RoleInfo (RoleInfo.java:updateAndGet(148)) - 95ee4113-9599-4433-8033-e07ec30d3bee: start 95ee4113-9599-4433-8033-e07ec30d3bee@group-5DC5F624F8EB-FollowerState
2025-07-02 18:45:20,238 [95ee4113-9599-4433-8033-e07ec30d3bee-groupManagement] INFO  util.JmxRegister (JmxRegister.java:tryRegister(44)) - Successfully registered JMX Bean with object name Ratis:service=RaftServer,group=group-5DC5F624F8EB,id=95ee4113-9599-4433-8033-e07ec30d3bee
2025-07-02 18:45:20,238 [95ee4113-9599-4433-8033-e07ec30d3bee-groupManagement] INFO  util.JmxRegister (JmxRegister.java:register(58)) - register mxBean class org.apache.ratis.server.impl.RaftServerJmxAdapter as Ratis:service=RaftServer,group=group-5DC5F624F8EB,id=95ee4113-9599-4433-8033-e07ec30d3bee
2025-07-02 18:45:20,240 [95ee4113-9599-4433-8033-e07ec30d3bee-groupManagement] INFO  server.RaftServer$Division (RaftServerImpl.java:start(419)) - 95ee4113-9599-4433-8033-e07ec30d3bee@group-5DC5F624F8EB: Successfully started.
2025-07-02 18:45:20,241 [95ee4113-9599-4433-8033-e07ec30d3bee-PipelineCommandHandlerThread-0] INFO  ratis.XceiverServerRatis (XceiverServerRatis.java:addGroup(843)) - Created group Pipeline-0906f09b-8f04-4eff-ad8f-5dc5f624f8eb
2025-07-02 18:45:20,241 [95ee4113-9599-4433-8033-e07ec30d3bee-PipelineCommandHandlerThread-0] INFO  commandhandler.CreatePipelineCommandHandler (CreatePipelineCommandHandler.java:lambda$handle$2(127)) - Created Pipeline RATIS ONE Pipeline-0906f09b-8f04-4eff-ad8f-5dc5f624f8eb.
2025-07-02 18:45:20,241 [95ee4113-9599-4433-8033-e07ec30d3bee-PipelineCommandHandlerThread-0] INFO  server.RaftServer (RaftServerProxy.java:addNew(105)) - 95ee4113-9599-4433-8033-e07ec30d3bee: addNew group-BC9AD7F74B25:[4114dace-2331-46e8-9bd0-01e36750a673|127.0.0.1:15055, 95ee4113-9599-4433-8033-e07ec30d3bee|127.0.0.1:15039, c6c1c004-cb80-4a23-8b53-68ef0e0db17b|127.0.0.1:15047] returns group-BC9AD7F74B25:java.util.concurrent.CompletableFuture@78ff1a8b[Not completed]
2025-07-02 18:45:20,243 [75758caf-2019-48e0-9285-4ac26ec01eda-PipelineCommandHandlerThread-0] INFO  commandhandler.CreatePipelineCommandHandler (CreatePipelineCommandHandler.java:lambda$handle$2(127)) - Created Pipeline RATIS THREE Pipeline-2bc36170-bfb4-426e-aff1-84d2fc177fb5.
2025-07-02 18:45:20,244 [95ee4113-9599-4433-8033-e07ec30d3bee-groupManagement] WARN  statemachine.DatanodeConfiguration (DatanodeConfiguration.java:validateMinFreeSpace(751)) - hdds.datanode.volume.min.free.space.percent = -1.0 is invalid, should be between 0 and 1
2025-07-02 18:45:20,244 [95ee4113-9599-4433-8033-e07ec30d3bee-groupManagement] INFO  server.RaftServer$Division (RaftServerImpl.java:<init>(268)) - 95ee4113-9599-4433-8033-e07ec30d3bee: new RaftServerImpl for group-BC9AD7F74B25:[4114dace-2331-46e8-9bd0-01e36750a673|127.0.0.1:15055, 95ee4113-9599-4433-8033-e07ec30d3bee|127.0.0.1:15039, c6c1c004-cb80-4a23-8b53-68ef0e0db17b|127.0.0.1:15047] with ContainerStateMachine:uninitialized
2025-07-02 18:45:20,245 [95ee4113-9599-4433-8033-e07ec30d3bee-groupManagement] INFO  server.RaftServer$Division (ServerState.java:<init>(114)) - 95ee4113-9599-4433-8033-e07ec30d3bee@group-BC9AD7F74B25: ConfigurationManager, init=conf: {index: -1, cur=peers:[4114dace-2331-46e8-9bd0-01e36750a673|127.0.0.1:15055, 95ee4113-9599-4433-8033-e07ec30d3bee|127.0.0.1:15039, c6c1c004-cb80-4a23-8b53-68ef0e0db17b|127.0.0.1:15047]|listeners:[], old=null}, confs=<EMPTY_MAP>
2025-07-02 18:45:20,246 [main] INFO  ozone.MiniOzoneClusterImpl (MiniOzoneClusterImpl.java:lambda$waitForClusterToBeReady$0(173)) - Waiting for nodes to be ready. Got 9 of 10 DN Heartbeats.
2025-07-02 18:45:20,246 [main] INFO  ozone.MiniOzoneClusterImpl (MiniOzoneClusterImpl.java:lambda$waitForClusterToBeReady$0(176)) - Waiting for cluster to exit safe mode
2025-07-02 18:45:20,246 [main] INFO  ozone.MiniOzoneClusterImpl (MiniOzoneClusterImpl.java:lambda$waitForClusterToBeReady$0(178)) - SCM became leader
2025-07-02 18:45:20,248 [EventQueue-PipelineReportForOneReplicaPipelineSafeModeRule] INFO  safemode.SCMSafeModeManager (SCMSafeModeManager.java:validateSafeModeExitRules(139)) - AtleastOneDatanodeReportedRule rule is successfully validated
2025-07-02 18:45:20,267 [IPC Server handler 60 on default port 15002] INFO  net.NetworkTopologyImpl (NetworkTopologyImpl.java:add(133)) - Added a new node: /default-rack/f74b8a39-8cc1-4de2-93c6-02015e72cd55
2025-07-02 18:45:20,269 [IPC Server handler 60 on default port 15002] INFO  node.SCMNodeManager (SCMNodeManager.java:register(423)) - Registered datanode: f74b8a39-8cc1-4de2-93c6-02015e72cd55{ip: 127.0.0.1, host: localhost, ports: [HTTP=15082, CLIENT_RPC=15083, REPLICATION=15089, RATIS=15085, RATIS_ADMIN=15086, RATIS_SERVER=15087, RATIS_DATASTREAM=15088, STANDALONE=15084], networkLocation: /default-rack, certSerialId: null, persistedOpState: null, persistedOpStateExpiryEpochSec: 0}
2025-07-02 18:45:20,270 [EventQueue-NodeRegistrationContainerReportForDataNodeSafeModeRule] INFO  safemode.SCMSafeModeManager (SCMSafeModeManager.java:validateSafeModeExitRules(139)) - DataNodeSafeModeRule rule is successfully validated
2025-07-02 18:45:20,270 [EventQueue-NewNodeForNewNodeHandler] INFO  pipeline.BackgroundPipelineCreator (BackgroundPipelineCreator.java:notifyEventTriggered(290)) - trigger a one-shot run on RatisPipelineUtilsThread.
2025-07-02 18:45:20,270 [EventQueue-ContainerRegistrationReportForECContainerSafeModeRule] INFO  safemode.SCMSafeModeManager (SCMSafeModeManager.java:validateSafeModeExitRules(139)) - ECContainerSafeModeRule rule is successfully validated
2025-07-02 18:45:20,270 [EventQueue-PipelineReportForOneReplicaPipelineSafeModeRule] INFO  safemode.SCMSafeModeManager (SCMSafeModeManager.java:validateSafeModeExitRules(139)) - AtleastOneDatanodeReportedRule rule is successfully validated
2025-07-02 18:45:20,269 [95ee4113-9599-4433-8033-e07ec30d3bee-groupManagement] INFO  storage.RaftStorageDirectory (RaftStorageDirectoryImpl.java:analyzeStorage(138)) - The storage directory /home/runner/work/ozone/ozone/hadoop-ozone/integration-test/target/test-dir/MiniOzoneClusterImpl-b7e00dfa-d3b8-45cf-9d3a-2bd5fdfebf54/ozone-meta/datanode-4/ratis/5e6ba405-497c-4a06-b329-bc9ad7f74b25 does not exist. Creating ...
2025-07-02 18:45:20,271 [EventQueue-ContainerRegistrationReportForRatisContainerSafeModeRule] INFO  safemode.SCMSafeModeManager (SCMSafeModeManager.java:validateSafeModeExitRules(139)) - RatisContainerSafeModeRule rule is successfully validated
2025-07-02 18:45:20,272 [RatisPipelineUtilsThread-0] INFO  pipeline.RatisPipelineProvider (RatisPipelineProvider.java:lambda$create$0(208)) - Sending CreatePipelineCommand for pipeline:Pipeline-f2672252-0062-4747-8508-1a6a497d59c1 to datanode:f74b8a39-8cc1-4de2-93c6-02015e72cd55(localhost/127.0.0.1)
2025-07-02 18:45:20,274 [95ee4113-9599-4433-8033-e07ec30d3bee-groupManagement] INFO  storage.RaftStorageDirectory (RaftStorageDirectoryImpl.java:tryLock(229)) - Lock on /home/runner/work/ozone/ozone/hadoop-ozone/integration-test/target/test-dir/MiniOzoneClusterImpl-b7e00dfa-d3b8-45cf-9d3a-2bd5fdfebf54/ozone-meta/datanode-4/ratis/5e6ba405-497c-4a06-b329-bc9ad7f74b25/in_use.lock acquired by nodename 44808@localhost
2025-07-02 18:45:20,277 [0fee975d-e734-400e-bdb4-ee8e3ebebca6@group-2BD5FDFEBF54-StateMachineUpdater] INFO  safemode.SCMSafeModeManager (SCMSafeModeManager.java:validateSafeModeExitRules(139)) - DataNodeSafeModeRule rule is successfully validated
2025-07-02 18:45:20,277 [0fee975d-e734-400e-bdb4-ee8e3ebebca6@group-2BD5FDFEBF54-StateMachineUpdater] INFO  safemode.SCMSafeModeManager (SCMSafeModeManager.java:validateSafeModeExitRules(139)) - RatisContainerSafeModeRule rule is successfully validated
2025-07-02 18:45:20,278 [95ee4113-9599-4433-8033-e07ec30d3bee-groupManagement] INFO  storage.RaftStorage (RaftStorageImpl.java:format(98)) - Storage directory /home/runner/work/ozone/ozone/hadoop-ozone/integration-test/target/test-dir/MiniOzoneClusterImpl-b7e00dfa-d3b8-45cf-9d3a-2bd5fdfebf54/ozone-meta/datanode-4/ratis/5e6ba405-497c-4a06-b329-bc9ad7f74b25 has been successfully formatted.
2025-07-02 18:45:20,278 [0fee975d-e734-400e-bdb4-ee8e3ebebca6@group-2BD5FDFEBF54-StateMachineUpdater] INFO  safemode.HealthyPipelineSafeModeRule (HealthyPipelineSafeModeRule.java:initializeRule(228)) - Refreshed total pipeline count is 0, healthy pipeline threshold count is 1
2025-07-02 18:45:20,278 [0fee975d-e734-400e-bdb4-ee8e3ebebca6@group-2BD5FDFEBF54-StateMachineUpdater] INFO  safemode.SCMSafeModeManager (SCMSafeModeManager.java:validateSafeModeExitRules(139)) - ECContainerSafeModeRule rule is successfully validated
2025-07-02 18:45:20,278 [0fee975d-e734-400e-bdb4-ee8e3ebebca6@group-2BD5FDFEBF54-StateMachineUpdater] INFO  safemode.SCMSafeModeManager (SCMSafeModeManager.java:validateSafeModeExitRules(139)) - AtleastOneDatanodeReportedRule rule is successfully validated
2025-07-02 18:45:20,278 [95ee4113-9599-4433-8033-e07ec30d3bee-groupManagement] INFO  ratis.ContainerStateMachine (ContainerStateMachine.java:initialize(339)) - 95ee4113-9599-4433-8033-e07ec30d3bee: initialize group-BC9AD7F74B25
2025-07-02 18:45:20,279 [95ee4113-9599-4433-8033-e07ec30d3bee-groupManagement] INFO  ratis.ContainerStateMachine (ContainerStateMachine.java:loadSnapshot(347)) - group-BC9AD7F74B25: The snapshot info is null. Setting the last applied index to:<INITIAL_VALUE>
2025-07-02 18:45:20,279 [RatisPipelineUtilsThread-0] INFO  pipeline.BackgroundPipelineCreator (BackgroundPipelineCreator.java:createPipelines(246)) - Created new pipeline Pipeline{ Id: f2672252-0062-4747-8508-1a6a497d59c1, Nodes: [ {f74b8a39-8cc1-4de2-93c6-02015e72cd55(localhost/127.0.0.1), ReplicaIndex: 0},], ReplicationConfig: RATIS/ONE, State:ALLOCATED, leaderId:, CreationTimestamp2025-07-02T18:45:20.272349473Z[Etc/UTC]}
2025-07-02 18:45:20,280 [95ee4113-9599-4433-8033-e07ec30d3bee-groupManagement] INFO  server.RaftServerConfigKeys (ConfUtils.java:logGet(62)) - raft.server.log.appender.buffer.byte-limit = 33554432 (custom)
2025-07-02 18:45:20,282 [EventQueue-PipelineReportForOneReplicaPipelineSafeModeRule] INFO  safemode.SCMSafeModeManager (SCMSafeModeManager.java:validateSafeModeExitRules(139)) - AtleastOneDatanodeReportedRule rule is successfully validated
2025-07-02 18:45:20,284 [95ee4113-9599-4433-8033-e07ec30d3bee-groupManagement] INFO  server.RaftServerConfigKeys (ConfUtils.java:logGet(62)) - raft.server.log.segment.size.max = 67108864 (custom)
2025-07-02 18:45:20,285 [95ee4113-9599-4433-8033-e07ec30d3bee-groupManagement] INFO  server.RaftServerConfigKeys (ConfUtils.java:logGet(62)) - raft.server.log.appender.buffer.byte-limit = 33554432 (custom)
2025-07-02 18:45:20,285 [95ee4113-9599-4433-8033-e07ec30d3bee-groupManagement] INFO  util.AwaitToRun (AwaitToRun.java:start(81)) - Thread[#1244,95ee4113-9599-4433-8033-e07ec30d3bee@group-BC9AD7F74B25-cacheEviction-AwaitToRun,5,main] started
2025-07-02 18:45:20,286 [95ee4113-9599-4433-8033-e07ec30d3bee-groupManagement] INFO  segmented.SegmentedRaftLogWorker (SegmentedRaftLogWorker.java:<init>(190)) - new 95ee4113-9599-4433-8033-e07ec30d3bee@group-BC9AD7F74B25-SegmentedRaftLogWorker for RaftStorageImpl:Storage Directory /home/runner/work/ozone/ozone/hadoop-ozone/integration-test/target/test-dir/MiniOzoneClusterImpl-b7e00dfa-d3b8-45cf-9d3a-2bd5fdfebf54/ozone-meta/datanode-4/ratis/5e6ba405-497c-4a06-b329-bc9ad7f74b25
2025-07-02 18:45:20,286 [95ee4113-9599-4433-8033-e07ec30d3bee-groupManagement] INFO  server.RaftServerConfigKeys (ConfUtils.java:logGet(62)) - raft.server.log.queue.byte-limit = 4294967296 (custom)
2025-07-02 18:45:20,286 [95ee4113-9599-4433-8033-e07ec30d3bee-groupManagement] INFO  server.RaftServerConfigKeys (ConfUtils.java:logGet(62)) - raft.server.log.segment.size.max = 67108864 (custom)
2025-07-02 18:45:20,286 [95ee4113-9599-4433-8033-e07ec30d3bee-groupManagement] INFO  server.RaftServerConfigKeys (ConfUtils.java:logGet(62)) - raft.server.log.preallocated.size = 4194304 (custom)
2025-07-02 18:45:20,287 [95ee4113-9599-4433-8033-e07ec30d3bee-groupManagement] INFO  server.RaftServerConfigKeys (ConfUtils.java:logGet(62)) - raft.server.log.write.buffer.size = 33554440 (custom)
2025-07-02 18:45:20,289 [EventQueue-PipelineReportForOneReplicaPipelineSafeModeRule] INFO  safemode.SCMSafeModeManager (SCMSafeModeManager.java:validateSafeModeExitRules(139)) - AtleastOneDatanodeReportedRule rule is successfully validated
2025-07-02 18:45:20,296 [EventQueue-PipelineReportForOneReplicaPipelineSafeModeRule] INFO  safemode.SCMSafeModeManager (SCMSafeModeManager.java:validateSafeModeExitRules(139)) - AtleastOneDatanodeReportedRule rule is successfully validated
2025-07-02 18:45:20,297 [95ee4113-9599-4433-8033-e07ec30d3bee-groupManagement] INFO  server.RaftServerConfigKeys (ConfUtils.java:logGet(62)) - raft.server.log.appender.buffer.byte-limit = 33554432 (custom)
2025-07-02 18:45:20,298 [95ee4113-9599-4433-8033-e07ec30d3bee-groupManagement] INFO  segmented.SegmentedRaftLogWorker (SegmentedRaftLogWorker.java:lambda$new$0(141)) - 95ee4113-9599-4433-8033-e07ec30d3bee@group-BC9AD7F74B25-SegmentedRaftLogWorker: flushIndex: setUnconditionally 0 -> -1
2025-07-02 18:45:20,299 [95ee4113-9599-4433-8033-e07ec30d3bee-groupManagement] INFO  segmented.SegmentedRaftLogWorker (SegmentedRaftLogWorker.java:lambda$new$0(141)) - 95ee4113-9599-4433-8033-e07ec30d3bee@group-BC9AD7F74B25-SegmentedRaftLogWorker: safeCacheEvictIndex: setUnconditionally 0 -> -1
2025-07-02 18:45:20,299 [95ee4113-9599-4433-8033-e07ec30d3bee-groupManagement] INFO  server.RaftServer$Division (RaftServerImpl.java:start(405)) - 95ee4113-9599-4433-8033-e07ec30d3bee@group-BC9AD7F74B25: start as a follower, conf=conf: {index: -1, cur=peers:[4114dace-2331-46e8-9bd0-01e36750a673|127.0.0.1:15055, 95ee4113-9599-4433-8033-e07ec30d3bee|127.0.0.1:15039, c6c1c004-cb80-4a23-8b53-68ef0e0db17b|127.0.0.1:15047]|listeners:[], old=null}
2025-07-02 18:45:20,300 [95ee4113-9599-4433-8033-e07ec30d3bee-groupManagement] INFO  server.RaftServer$Division (RaftServerImpl.java:setRole(392)) - 95ee4113-9599-4433-8033-e07ec30d3bee@group-BC9AD7F74B25: changes role from      null to FOLLOWER at term 0 for startAsFollower
2025-07-02 18:45:20,300 [95ee4113-9599-4433-8033-e07ec30d3bee-groupManagement] INFO  impl.RoleInfo (RoleInfo.java:updateAndGet(148)) - 95ee4113-9599-4433-8033-e07ec30d3bee: start 95ee4113-9599-4433-8033-e07ec30d3bee@group-BC9AD7F74B25-FollowerState
2025-07-02 18:45:20,301 [95ee4113-9599-4433-8033-e07ec30d3bee-groupManagement] INFO  util.JmxRegister (JmxRegister.java:tryRegister(44)) - Successfully registered JMX Bean with object name Ratis:service=RaftServer,group=group-BC9AD7F74B25,id=95ee4113-9599-4433-8033-e07ec30d3bee
2025-07-02 18:45:20,301 [95ee4113-9599-4433-8033-e07ec30d3bee-groupManagement] INFO  util.JmxRegister (JmxRegister.java:register(58)) - register mxBean class org.apache.ratis.server.impl.RaftServerJmxAdapter as Ratis:service=RaftServer,group=group-BC9AD7F74B25,id=95ee4113-9599-4433-8033-e07ec30d3bee
2025-07-02 18:45:20,303 [95ee4113-9599-4433-8033-e07ec30d3bee-groupManagement] INFO  server.RaftServer$Division (RaftServerImpl.java:start(419)) - 95ee4113-9599-4433-8033-e07ec30d3bee@group-BC9AD7F74B25: Successfully started.
2025-07-02 18:45:20,303 [95ee4113-9599-4433-8033-e07ec30d3bee-PipelineCommandHandlerThread-0] INFO  ratis.XceiverServerRatis (XceiverServerRatis.java:addGroup(843)) - Created group Pipeline-5e6ba405-497c-4a06-b329-bc9ad7f74b25
2025-07-02 18:45:20,313 [EventQueue-PipelineReportForOneReplicaPipelineSafeModeRule] INFO  safemode.SCMSafeModeManager (SCMSafeModeManager.java:validateSafeModeExitRules(139)) - AtleastOneDatanodeReportedRule rule is successfully validated
2025-07-02 18:45:20,317 [grpc-default-executor-0] INFO  server.RaftServer (RaftServerProxy.java:addNew(105)) - 4114dace-2331-46e8-9bd0-01e36750a673: addNew group-BC9AD7F74B25:[4114dace-2331-46e8-9bd0-01e36750a673|127.0.0.1:15055, 95ee4113-9599-4433-8033-e07ec30d3bee|127.0.0.1:15039, c6c1c004-cb80-4a23-8b53-68ef0e0db17b|127.0.0.1:15047] returns group-BC9AD7F74B25:java.util.concurrent.CompletableFuture@3129d53c[Not completed]
2025-07-02 18:45:20,319 [4114dace-2331-46e8-9bd0-01e36750a673-groupManagement] WARN  statemachine.DatanodeConfiguration (DatanodeConfiguration.java:validateMinFreeSpace(751)) - hdds.datanode.volume.min.free.space.percent = -1.0 is invalid, should be between 0 and 1
2025-07-02 18:45:20,321 [4114dace-2331-46e8-9bd0-01e36750a673-groupManagement] INFO  server.RaftServer$Division (RaftServerImpl.java:<init>(268)) - 4114dace-2331-46e8-9bd0-01e36750a673: new RaftServerImpl for group-BC9AD7F74B25:[4114dace-2331-46e8-9bd0-01e36750a673|127.0.0.1:15055, 95ee4113-9599-4433-8033-e07ec30d3bee|127.0.0.1:15039, c6c1c004-cb80-4a23-8b53-68ef0e0db17b|127.0.0.1:15047] with ContainerStateMachine:uninitialized
2025-07-02 18:45:20,321 [4114dace-2331-46e8-9bd0-01e36750a673-groupManagement] INFO  server.RaftServer$Division (ServerState.java:<init>(114)) - 4114dace-2331-46e8-9bd0-01e36750a673@group-BC9AD7F74B25: ConfigurationManager, init=conf: {index: -1, cur=peers:[4114dace-2331-46e8-9bd0-01e36750a673|127.0.0.1:15055, 95ee4113-9599-4433-8033-e07ec30d3bee|127.0.0.1:15039, c6c1c004-cb80-4a23-8b53-68ef0e0db17b|127.0.0.1:15047]|listeners:[], old=null}, confs=<EMPTY_MAP>
2025-07-02 18:45:20,329 [4114dace-2331-46e8-9bd0-01e36750a673-groupManagement] INFO  server.RaftServerConfigKeys (ConfUtils.java:logGet(62)) - raft.server.storage.dir = [/home/runner/work/ozone/ozone/hadoop-ozone/integration-test/target/test-dir/MiniOzoneClusterImpl-b7e00dfa-d3b8-45cf-9d3a-2bd5fdfebf54/ozone-meta/datanode-6/ratis] (custom)
2025-07-02 18:45:20,329 [4114dace-2331-46e8-9bd0-01e36750a673-groupManagement] INFO  storage.RaftStorageDirectory (RaftStorageDirectoryImpl.java:analyzeStorage(138)) - The storage directory /home/runner/work/ozone/ozone/hadoop-ozone/integration-test/target/test-dir/MiniOzoneClusterImpl-b7e00dfa-d3b8-45cf-9d3a-2bd5fdfebf54/ozone-meta/datanode-6/ratis/5e6ba405-497c-4a06-b329-bc9ad7f74b25 does not exist. Creating ...
2025-07-02 18:45:20,331 [4114dace-2331-46e8-9bd0-01e36750a673-groupManagement] INFO  storage.RaftStorageDirectory (RaftStorageDirectoryImpl.java:tryLock(229)) - Lock on /home/runner/work/ozone/ozone/hadoop-ozone/integration-test/target/test-dir/MiniOzoneClusterImpl-b7e00dfa-d3b8-45cf-9d3a-2bd5fdfebf54/ozone-meta/datanode-6/ratis/5e6ba405-497c-4a06-b329-bc9ad7f74b25/in_use.lock acquired by nodename 44808@localhost
2025-07-02 18:45:20,332 [4114dace-2331-46e8-9bd0-01e36750a673-groupManagement] INFO  storage.RaftStorage (RaftStorageImpl.java:format(98)) - Storage directory /home/runner/work/ozone/ozone/hadoop-ozone/integration-test/target/test-dir/MiniOzoneClusterImpl-b7e00dfa-d3b8-45cf-9d3a-2bd5fdfebf54/ozone-meta/datanode-6/ratis/5e6ba405-497c-4a06-b329-bc9ad7f74b25 has been successfully formatted.
2025-07-02 18:45:20,333 [4114dace-2331-46e8-9bd0-01e36750a673-groupManagement] INFO  ratis.ContainerStateMachine (ContainerStateMachine.java:initialize(339)) - 4114dace-2331-46e8-9bd0-01e36750a673: initialize group-BC9AD7F74B25
2025-07-02 18:45:20,334 [4114dace-2331-46e8-9bd0-01e36750a673-groupManagement] INFO  ratis.ContainerStateMachine (ContainerStateMachine.java:loadSnapshot(347)) - group-BC9AD7F74B25: The snapshot info is null. Setting the last applied index to:<INITIAL_VALUE>
2025-07-02 18:45:20,334 [4114dace-2331-46e8-9bd0-01e36750a673-groupManagement] INFO  server.RaftServerConfigKeys (ConfUtils.java:logGet(62)) - raft.server.log.appender.buffer.byte-limit = 33554432 (custom)
2025-07-02 18:45:20,336 [EventQueue-PipelineReportForOneReplicaPipelineSafeModeRule] INFO  safemode.SCMSafeModeManager (SCMSafeModeManager.java:validateSafeModeExitRules(139)) - AtleastOneDatanodeReportedRule rule is successfully validated
2025-07-02 18:45:20,338 [4114dace-2331-46e8-9bd0-01e36750a673-groupManagement] INFO  server.RaftServerConfigKeys (ConfUtils.java:logGet(62)) - raft.server.log.segment.size.max = 67108864 (custom)
2025-07-02 18:45:20,339 [4114dace-2331-46e8-9bd0-01e36750a673-groupManagement] INFO  server.RaftServerConfigKeys (ConfUtils.java:logGet(62)) - raft.server.log.appender.buffer.byte-limit = 33554432 (custom)
2025-07-02 18:45:20,340 [4114dace-2331-46e8-9bd0-01e36750a673-groupManagement] INFO  util.AwaitToRun (AwaitToRun.java:start(81)) - Thread[#1249,4114dace-2331-46e8-9bd0-01e36750a673@group-BC9AD7F74B25-cacheEviction-AwaitToRun,5,main] started
2025-07-02 18:45:20,340 [4114dace-2331-46e8-9bd0-01e36750a673-groupManagement] INFO  segmented.SegmentedRaftLogWorker (SegmentedRaftLogWorker.java:<init>(190)) - new 4114dace-2331-46e8-9bd0-01e36750a673@group-BC9AD7F74B25-SegmentedRaftLogWorker for RaftStorageImpl:Storage Directory /home/runner/work/ozone/ozone/hadoop-ozone/integration-test/target/test-dir/MiniOzoneClusterImpl-b7e00dfa-d3b8-45cf-9d3a-2bd5fdfebf54/ozone-meta/datanode-6/ratis/5e6ba405-497c-4a06-b329-bc9ad7f74b25
2025-07-02 18:45:20,340 [4114dace-2331-46e8-9bd0-01e36750a673-groupManagement] INFO  server.RaftServerConfigKeys (ConfUtils.java:logGet(62)) - raft.server.log.queue.byte-limit = 4294967296 (custom)
2025-07-02 18:45:20,341 [4114dace-2331-46e8-9bd0-01e36750a673-groupManagement] INFO  server.RaftServerConfigKeys (ConfUtils.java:logGet(62)) - raft.server.log.segment.size.max = 67108864 (custom)
2025-07-02 18:45:20,341 [4114dace-2331-46e8-9bd0-01e36750a673-groupManagement] INFO  server.RaftServerConfigKeys (ConfUtils.java:logGet(62)) - raft.server.log.preallocated.size = 4194304 (custom)
2025-07-02 18:45:20,342 [4114dace-2331-46e8-9bd0-01e36750a673-groupManagement] INFO  server.RaftServerConfigKeys (ConfUtils.java:logGet(62)) - raft.server.log.write.buffer.size = 33554440 (custom)
2025-07-02 18:45:20,348 [4114dace-2331-46e8-9bd0-01e36750a673-groupManagement] INFO  server.RaftServerConfigKeys (ConfUtils.java:logGet(62)) - raft.server.log.appender.buffer.byte-limit = 33554432 (custom)
2025-07-02 18:45:20,349 [4114dace-2331-46e8-9bd0-01e36750a673-groupManagement] INFO  segmented.SegmentedRaftLogWorker (SegmentedRaftLogWorker.java:lambda$new$0(141)) - 4114dace-2331-46e8-9bd0-01e36750a673@group-BC9AD7F74B25-SegmentedRaftLogWorker: flushIndex: setUnconditionally 0 -> -1
2025-07-02 18:45:20,349 [4114dace-2331-46e8-9bd0-01e36750a673-groupManagement] INFO  segmented.SegmentedRaftLogWorker (SegmentedRaftLogWorker.java:lambda$new$0(141)) - 4114dace-2331-46e8-9bd0-01e36750a673@group-BC9AD7F74B25-SegmentedRaftLogWorker: safeCacheEvictIndex: setUnconditionally 0 -> -1
2025-07-02 18:45:20,350 [4114dace-2331-46e8-9bd0-01e36750a673-groupManagement] INFO  server.RaftServer$Division (RaftServerImpl.java:start(405)) - 4114dace-2331-46e8-9bd0-01e36750a673@group-BC9AD7F74B25: start as a follower, conf=conf: {index: -1, cur=peers:[4114dace-2331-46e8-9bd0-01e36750a673|127.0.0.1:15055, 95ee4113-9599-4433-8033-e07ec30d3bee|127.0.0.1:15039, c6c1c004-cb80-4a23-8b53-68ef0e0db17b|127.0.0.1:15047]|listeners:[], old=null}
2025-07-02 18:45:20,351 [4114dace-2331-46e8-9bd0-01e36750a673-groupManagement] INFO  server.RaftServer$Division (RaftServerImpl.java:setRole(392)) - 4114dace-2331-46e8-9bd0-01e36750a673@group-BC9AD7F74B25: changes role from      null to FOLLOWER at term 0 for startAsFollower
2025-07-02 18:45:20,351 [4114dace-2331-46e8-9bd0-01e36750a673-groupManagement] INFO  impl.RoleInfo (RoleInfo.java:updateAndGet(148)) - 4114dace-2331-46e8-9bd0-01e36750a673: start 4114dace-2331-46e8-9bd0-01e36750a673@group-BC9AD7F74B25-FollowerState
2025-07-02 18:45:20,352 [4114dace-2331-46e8-9bd0-01e36750a673-groupManagement] INFO  util.JmxRegister (JmxRegister.java:tryRegister(44)) - Successfully registered JMX Bean with object name Ratis:service=RaftServer,group=group-BC9AD7F74B25,id=4114dace-2331-46e8-9bd0-01e36750a673
2025-07-02 18:45:20,352 [4114dace-2331-46e8-9bd0-01e36750a673-groupManagement] INFO  util.JmxRegister (JmxRegister.java:register(58)) - register mxBean class org.apache.ratis.server.impl.RaftServerJmxAdapter as Ratis:service=RaftServer,group=group-BC9AD7F74B25,id=4114dace-2331-46e8-9bd0-01e36750a673
2025-07-02 18:45:20,354 [4114dace-2331-46e8-9bd0-01e36750a673-groupManagement] INFO  server.RaftServer$Division (RaftServerImpl.java:start(419)) - 4114dace-2331-46e8-9bd0-01e36750a673@group-BC9AD7F74B25: Successfully started.
2025-07-02 18:45:20,370 [EventQueue-PipelineReportForOneReplicaPipelineSafeModeRule] INFO  safemode.SCMSafeModeManager (SCMSafeModeManager.java:validateSafeModeExitRules(139)) - AtleastOneDatanodeReportedRule rule is successfully validated
2025-07-02 18:45:20,386 [grpc-default-executor-0] INFO  server.RaftServer (RaftServerProxy.java:addNew(105)) - c6c1c004-cb80-4a23-8b53-68ef0e0db17b: addNew group-BC9AD7F74B25:[4114dace-2331-46e8-9bd0-01e36750a673|127.0.0.1:15055, 95ee4113-9599-4433-8033-e07ec30d3bee|127.0.0.1:15039, c6c1c004-cb80-4a23-8b53-68ef0e0db17b|127.0.0.1:15047] returns group-BC9AD7F74B25:java.util.concurrent.CompletableFuture@40c203d3[Not completed]
2025-07-02 18:45:20,389 [c6c1c004-cb80-4a23-8b53-68ef0e0db17b-groupManagement] WARN  statemachine.DatanodeConfiguration (DatanodeConfiguration.java:validateMinFreeSpace(751)) - hdds.datanode.volume.min.free.space.percent = -1.0 is invalid, should be between 0 and 1
2025-07-02 18:45:20,390 [c6c1c004-cb80-4a23-8b53-68ef0e0db17b-groupManagement] INFO  server.RaftServer$Division (RaftServerImpl.java:<init>(268)) - c6c1c004-cb80-4a23-8b53-68ef0e0db17b: new RaftServerImpl for group-BC9AD7F74B25:[4114dace-2331-46e8-9bd0-01e36750a673|127.0.0.1:15055, 95ee4113-9599-4433-8033-e07ec30d3bee|127.0.0.1:15039, c6c1c004-cb80-4a23-8b53-68ef0e0db17b|127.0.0.1:15047] with ContainerStateMachine:uninitialized
2025-07-02 18:45:20,390 [c6c1c004-cb80-4a23-8b53-68ef0e0db17b-groupManagement] INFO  server.RaftServer$Division (ServerState.java:<init>(114)) - c6c1c004-cb80-4a23-8b53-68ef0e0db17b@group-BC9AD7F74B25: ConfigurationManager, init=conf: {index: -1, cur=peers:[4114dace-2331-46e8-9bd0-01e36750a673|127.0.0.1:15055, 95ee4113-9599-4433-8033-e07ec30d3bee|127.0.0.1:15039, c6c1c004-cb80-4a23-8b53-68ef0e0db17b|127.0.0.1:15047]|listeners:[], old=null}, confs=<EMPTY_MAP>
2025-07-02 18:45:20,391 [EventQueue-PipelineReportForOneReplicaPipelineSafeModeRule] INFO  safemode.SCMSafeModeManager (SCMSafeModeManager.java:validateSafeModeExitRules(139)) - AtleastOneDatanodeReportedRule rule is successfully validated
2025-07-02 18:45:20,400 [c6c1c004-cb80-4a23-8b53-68ef0e0db17b-groupManagement] INFO  server.RaftServerConfigKeys (ConfUtils.java:logGet(62)) - raft.server.storage.dir = [/home/runner/work/ozone/ozone/hadoop-ozone/integration-test/target/test-dir/MiniOzoneClusterImpl-b7e00dfa-d3b8-45cf-9d3a-2bd5fdfebf54/ozone-meta/datanode-5/ratis] (custom)
2025-07-02 18:45:20,401 [c6c1c004-cb80-4a23-8b53-68ef0e0db17b-groupManagement] INFO  storage.RaftStorageDirectory (RaftStorageDirectoryImpl.java:analyzeStorage(138)) - The storage directory /home/runner/work/ozone/ozone/hadoop-ozone/integration-test/target/test-dir/MiniOzoneClusterImpl-b7e00dfa-d3b8-45cf-9d3a-2bd5fdfebf54/ozone-meta/datanode-5/ratis/5e6ba405-497c-4a06-b329-bc9ad7f74b25 does not exist. Creating ...
2025-07-02 18:45:20,403 [c6c1c004-cb80-4a23-8b53-68ef0e0db17b-groupManagement] INFO  storage.RaftStorageDirectory (RaftStorageDirectoryImpl.java:tryLock(229)) - Lock on /home/runner/work/ozone/ozone/hadoop-ozone/integration-test/target/test-dir/MiniOzoneClusterImpl-b7e00dfa-d3b8-45cf-9d3a-2bd5fdfebf54/ozone-meta/datanode-5/ratis/5e6ba405-497c-4a06-b329-bc9ad7f74b25/in_use.lock acquired by nodename 44808@localhost
2025-07-02 18:45:20,404 [c6c1c004-cb80-4a23-8b53-68ef0e0db17b-groupManagement] INFO  storage.RaftStorage (RaftStorageImpl.java:format(98)) - Storage directory /home/runner/work/ozone/ozone/hadoop-ozone/integration-test/target/test-dir/MiniOzoneClusterImpl-b7e00dfa-d3b8-45cf-9d3a-2bd5fdfebf54/ozone-meta/datanode-5/ratis/5e6ba405-497c-4a06-b329-bc9ad7f74b25 has been successfully formatted.
2025-07-02 18:45:20,405 [c6c1c004-cb80-4a23-8b53-68ef0e0db17b-groupManagement] INFO  ratis.ContainerStateMachine (ContainerStateMachine.java:initialize(339)) - c6c1c004-cb80-4a23-8b53-68ef0e0db17b: initialize group-BC9AD7F74B25
2025-07-02 18:45:20,405 [c6c1c004-cb80-4a23-8b53-68ef0e0db17b-groupManagement] INFO  ratis.ContainerStateMachine (ContainerStateMachine.java:loadSnapshot(347)) - group-BC9AD7F74B25: The snapshot info is null. Setting the last applied index to:<INITIAL_VALUE>
2025-07-02 18:45:20,405 [c6c1c004-cb80-4a23-8b53-68ef0e0db17b-groupManagement] INFO  server.RaftServerConfigKeys (ConfUtils.java:logGet(62)) - raft.server.log.appender.buffer.byte-limit = 33554432 (custom)
2025-07-02 18:45:20,406 [EventQueue-PipelineReportForOneReplicaPipelineSafeModeRule] INFO  safemode.SCMSafeModeManager (SCMSafeModeManager.java:validateSafeModeExitRules(139)) - AtleastOneDatanodeReportedRule rule is successfully validated
2025-07-02 18:45:20,408 [c6c1c004-cb80-4a23-8b53-68ef0e0db17b-groupManagement] INFO  server.RaftServerConfigKeys (ConfUtils.java:logGet(62)) - raft.server.log.segment.size.max = 67108864 (custom)
2025-07-02 18:45:20,409 [c6c1c004-cb80-4a23-8b53-68ef0e0db17b-groupManagement] INFO  server.RaftServerConfigKeys (ConfUtils.java:logGet(62)) - raft.server.log.appender.buffer.byte-limit = 33554432 (custom)
2025-07-02 18:45:20,409 [c6c1c004-cb80-4a23-8b53-68ef0e0db17b-groupManagement] INFO  util.AwaitToRun (AwaitToRun.java:start(81)) - Thread[#1257,c6c1c004-cb80-4a23-8b53-68ef0e0db17b@group-BC9AD7F74B25-cacheEviction-AwaitToRun,5,main] started
2025-07-02 18:45:20,409 [c6c1c004-cb80-4a23-8b53-68ef0e0db17b-groupManagement] INFO  segmented.SegmentedRaftLogWorker (SegmentedRaftLogWorker.java:<init>(190)) - new c6c1c004-cb80-4a23-8b53-68ef0e0db17b@group-BC9AD7F74B25-SegmentedRaftLogWorker for RaftStorageImpl:Storage Directory /home/runner/work/ozone/ozone/hadoop-ozone/integration-test/target/test-dir/MiniOzoneClusterImpl-b7e00dfa-d3b8-45cf-9d3a-2bd5fdfebf54/ozone-meta/datanode-5/ratis/5e6ba405-497c-4a06-b329-bc9ad7f74b25
2025-07-02 18:45:20,409 [c6c1c004-cb80-4a23-8b53-68ef0e0db17b-groupManagement] INFO  server.RaftServerConfigKeys (ConfUtils.java:logGet(62)) - raft.server.log.queue.byte-limit = 4294967296 (custom)
2025-07-02 18:45:20,409 [c6c1c004-cb80-4a23-8b53-68ef0e0db17b-groupManagement] INFO  server.RaftServerConfigKeys (ConfUtils.java:logGet(62)) - raft.server.log.segment.size.max = 67108864 (custom)
2025-07-02 18:45:20,409 [c6c1c004-cb80-4a23-8b53-68ef0e0db17b-groupManagement] INFO  server.RaftServerConfigKeys (ConfUtils.java:logGet(62)) - raft.server.log.preallocated.size = 4194304 (custom)
2025-07-02 18:45:20,410 [c6c1c004-cb80-4a23-8b53-68ef0e0db17b-groupManagement] INFO  server.RaftServerConfigKeys (ConfUtils.java:logGet(62)) - raft.server.log.write.buffer.size = 33554440 (custom)
2025-07-02 18:45:20,416 [c6c1c004-cb80-4a23-8b53-68ef0e0db17b-groupManagement] INFO  server.RaftServerConfigKeys (ConfUtils.java:logGet(62)) - raft.server.log.appender.buffer.byte-limit = 33554432 (custom)
2025-07-02 18:45:20,416 [c6c1c004-cb80-4a23-8b53-68ef0e0db17b-groupManagement] INFO  segmented.SegmentedRaftLogWorker (SegmentedRaftLogWorker.java:lambda$new$0(141)) - c6c1c004-cb80-4a23-8b53-68ef0e0db17b@group-BC9AD7F74B25-SegmentedRaftLogWorker: flushIndex: setUnconditionally 0 -> -1
2025-07-02 18:45:20,416 [c6c1c004-cb80-4a23-8b53-68ef0e0db17b-groupManagement] INFO  segmented.SegmentedRaftLogWorker (SegmentedRaftLogWorker.java:lambda$new$0(141)) - c6c1c004-cb80-4a23-8b53-68ef0e0db17b@group-BC9AD7F74B25-SegmentedRaftLogWorker: safeCacheEvictIndex: setUnconditionally 0 -> -1
2025-07-02 18:45:20,417 [c6c1c004-cb80-4a23-8b53-68ef0e0db17b-groupManagement] INFO  server.RaftServer$Division (RaftServerImpl.java:start(405)) - c6c1c004-cb80-4a23-8b53-68ef0e0db17b@group-BC9AD7F74B25: start as a follower, conf=conf: {index: -1, cur=peers:[4114dace-2331-46e8-9bd0-01e36750a673|127.0.0.1:15055, 95ee4113-9599-4433-8033-e07ec30d3bee|127.0.0.1:15039, c6c1c004-cb80-4a23-8b53-68ef0e0db17b|127.0.0.1:15047]|listeners:[], old=null}
2025-07-02 18:45:20,417 [c6c1c004-cb80-4a23-8b53-68ef0e0db17b-groupManagement] INFO  server.RaftServer$Division (RaftServerImpl.java:setRole(392)) - c6c1c004-cb80-4a23-8b53-68ef0e0db17b@group-BC9AD7F74B25: changes role from      null to FOLLOWER at term 0 for startAsFollower
2025-07-02 18:45:20,417 [c6c1c004-cb80-4a23-8b53-68ef0e0db17b-groupManagement] INFO  impl.RoleInfo (RoleInfo.java:updateAndGet(148)) - c6c1c004-cb80-4a23-8b53-68ef0e0db17b: start c6c1c004-cb80-4a23-8b53-68ef0e0db17b@group-BC9AD7F74B25-FollowerState
2025-07-02 18:45:20,417 [c6c1c004-cb80-4a23-8b53-68ef0e0db17b-groupManagement] INFO  util.JmxRegister (JmxRegister.java:tryRegister(44)) - Successfully registered JMX Bean with object name Ratis:service=RaftServer,group=group-BC9AD7F74B25,id=c6c1c004-cb80-4a23-8b53-68ef0e0db17b
2025-07-02 18:45:20,417 [c6c1c004-cb80-4a23-8b53-68ef0e0db17b-groupManagement] INFO  util.JmxRegister (JmxRegister.java:register(58)) - register mxBean class org.apache.ratis.server.impl.RaftServerJmxAdapter as Ratis:service=RaftServer,group=group-BC9AD7F74B25,id=c6c1c004-cb80-4a23-8b53-68ef0e0db17b
2025-07-02 18:45:20,418 [c6c1c004-cb80-4a23-8b53-68ef0e0db17b-groupManagement] INFO  server.RaftServer$Division (RaftServerImpl.java:start(419)) - c6c1c004-cb80-4a23-8b53-68ef0e0db17b@group-BC9AD7F74B25: Successfully started.
2025-07-02 18:45:20,424 [95ee4113-9599-4433-8033-e07ec30d3bee-PipelineCommandHandlerThread-0] INFO  commandhandler.CreatePipelineCommandHandler (CreatePipelineCommandHandler.java:lambda$handle$2(127)) - Created Pipeline RATIS THREE Pipeline-5e6ba405-497c-4a06-b329-bc9ad7f74b25.
2025-07-02 18:45:20,425 [95ee4113-9599-4433-8033-e07ec30d3bee-PipelineCommandHandlerThread-0] INFO  server.RaftServer (RaftServerProxy.java:addNew(105)) - 95ee4113-9599-4433-8033-e07ec30d3bee: addNew group-5195515A604F:[4114dace-2331-46e8-9bd0-01e36750a673|127.0.0.1:15055, 95ee4113-9599-4433-8033-e07ec30d3bee|127.0.0.1:15039, c6c1c004-cb80-4a23-8b53-68ef0e0db17b|127.0.0.1:15047] returns group-5195515A604F:java.util.concurrent.CompletableFuture@1e439476[Not completed]
2025-07-02 18:45:20,427 [95ee4113-9599-4433-8033-e07ec30d3bee-groupManagement] WARN  statemachine.DatanodeConfiguration (DatanodeConfiguration.java:validateMinFreeSpace(751)) - hdds.datanode.volume.min.free.space.percent = -1.0 is invalid, should be between 0 and 1
2025-07-02 18:45:20,427 [95ee4113-9599-4433-8033-e07ec30d3bee-groupManagement] INFO  server.RaftServer$Division (RaftServerImpl.java:<init>(268)) - 95ee4113-9599-4433-8033-e07ec30d3bee: new RaftServerImpl for group-5195515A604F:[4114dace-2331-46e8-9bd0-01e36750a673|127.0.0.1:15055, 95ee4113-9599-4433-8033-e07ec30d3bee|127.0.0.1:15039, c6c1c004-cb80-4a23-8b53-68ef0e0db17b|127.0.0.1:15047] with ContainerStateMachine:uninitialized
2025-07-02 18:45:20,428 [95ee4113-9599-4433-8033-e07ec30d3bee-groupManagement] INFO  server.RaftServer$Division (ServerState.java:<init>(114)) - 95ee4113-9599-4433-8033-e07ec30d3bee@group-5195515A604F: ConfigurationManager, init=conf: {index: -1, cur=peers:[4114dace-2331-46e8-9bd0-01e36750a673|127.0.0.1:15055, 95ee4113-9599-4433-8033-e07ec30d3bee|127.0.0.1:15039, c6c1c004-cb80-4a23-8b53-68ef0e0db17b|127.0.0.1:15047]|listeners:[], old=null}, confs=<EMPTY_MAP>
2025-07-02 18:45:20,433 [95ee4113-9599-4433-8033-e07ec30d3bee-groupManagement] INFO  server.RaftServerConfigKeys (ConfUtils.java:logGet(62)) - raft.server.storage.dir = [/home/runner/work/ozone/ozone/hadoop-ozone/integration-test/target/test-dir/MiniOzoneClusterImpl-b7e00dfa-d3b8-45cf-9d3a-2bd5fdfebf54/ozone-meta/datanode-4/ratis] (custom)
2025-07-02 18:45:20,433 [95ee4113-9599-4433-8033-e07ec30d3bee-groupManagement] INFO  storage.RaftStorageDirectory (RaftStorageDirectoryImpl.java:analyzeStorage(138)) - The storage directory /home/runner/work/ozone/ozone/hadoop-ozone/integration-test/target/test-dir/MiniOzoneClusterImpl-b7e00dfa-d3b8-45cf-9d3a-2bd5fdfebf54/ozone-meta/datanode-4/ratis/1d88e53e-1d3e-4d9d-a5cb-5195515a604f does not exist. Creating ...
2025-07-02 18:45:20,434 [95ee4113-9599-4433-8033-e07ec30d3bee-groupManagement] INFO  storage.RaftStorageDirectory (RaftStorageDirectoryImpl.java:tryLock(229)) - Lock on /home/runner/work/ozone/ozone/hadoop-ozone/integration-test/target/test-dir/MiniOzoneClusterImpl-b7e00dfa-d3b8-45cf-9d3a-2bd5fdfebf54/ozone-meta/datanode-4/ratis/1d88e53e-1d3e-4d9d-a5cb-5195515a604f/in_use.lock acquired by nodename 44808@localhost
2025-07-02 18:45:20,436 [95ee4113-9599-4433-8033-e07ec30d3bee-groupManagement] INFO  storage.RaftStorage (RaftStorageImpl.java:format(98)) - Storage directory /home/runner/work/ozone/ozone/hadoop-ozone/integration-test/target/test-dir/MiniOzoneClusterImpl-b7e00dfa-d3b8-45cf-9d3a-2bd5fdfebf54/ozone-meta/datanode-4/ratis/1d88e53e-1d3e-4d9d-a5cb-5195515a604f has been successfully formatted.
2025-07-02 18:45:20,437 [95ee4113-9599-4433-8033-e07ec30d3bee-groupManagement] INFO  ratis.ContainerStateMachine (ContainerStateMachine.java:initialize(339)) - 95ee4113-9599-4433-8033-e07ec30d3bee: initialize group-5195515A604F
2025-07-02 18:45:20,437 [95ee4113-9599-4433-8033-e07ec30d3bee-groupManagement] INFO  ratis.ContainerStateMachine (ContainerStateMachine.java:loadSnapshot(347)) - group-5195515A604F: The snapshot info is null. Setting the last applied index to:<INITIAL_VALUE>
2025-07-02 18:45:20,437 [95ee4113-9599-4433-8033-e07ec30d3bee-groupManagement] INFO  server.RaftServerConfigKeys (ConfUtils.java:logGet(62)) - raft.server.log.appender.buffer.byte-limit = 33554432 (custom)
2025-07-02 18:45:20,439 [EventQueue-PipelineReportForOneReplicaPipelineSafeModeRule] INFO  safemode.SCMSafeModeManager (SCMSafeModeManager.java:validateSafeModeExitRules(139)) - AtleastOneDatanodeReportedRule rule is successfully validated
2025-07-02 18:45:20,440 [95ee4113-9599-4433-8033-e07ec30d3bee-groupManagement] INFO  server.RaftServerConfigKeys (ConfUtils.java:logGet(62)) - raft.server.log.segment.size.max = 67108864 (custom)
2025-07-02 18:45:20,440 [95ee4113-9599-4433-8033-e07ec30d3bee-groupManagement] INFO  server.RaftServerConfigKeys (ConfUtils.java:logGet(62)) - raft.server.log.appender.buffer.byte-limit = 33554432 (custom)
2025-07-02 18:45:20,440 [95ee4113-9599-4433-8033-e07ec30d3bee-groupManagement] INFO  util.AwaitToRun (AwaitToRun.java:start(81)) - Thread[#1264,95ee4113-9599-4433-8033-e07ec30d3bee@group-5195515A604F-cacheEviction-AwaitToRun,5,main] started
2025-07-02 18:45:20,441 [95ee4113-9599-4433-8033-e07ec30d3bee-groupManagement] INFO  segmented.SegmentedRaftLogWorker (SegmentedRaftLogWorker.java:<init>(190)) - new 95ee4113-9599-4433-8033-e07ec30d3bee@group-5195515A604F-SegmentedRaftLogWorker for RaftStorageImpl:Storage Directory /home/runner/work/ozone/ozone/hadoop-ozone/integration-test/target/test-dir/MiniOzoneClusterImpl-b7e00dfa-d3b8-45cf-9d3a-2bd5fdfebf54/ozone-meta/datanode-4/ratis/1d88e53e-1d3e-4d9d-a5cb-5195515a604f
2025-07-02 18:45:20,441 [95ee4113-9599-4433-8033-e07ec30d3bee-groupManagement] INFO  server.RaftServerConfigKeys (ConfUtils.java:logGet(62)) - raft.server.log.queue.byte-limit = 4294967296 (custom)
2025-07-02 18:45:20,441 [95ee4113-9599-4433-8033-e07ec30d3bee-groupManagement] INFO  server.RaftServerConfigKeys (ConfUtils.java:logGet(62)) - raft.server.log.segment.size.max = 67108864 (custom)
2025-07-02 18:45:20,441 [95ee4113-9599-4433-8033-e07ec30d3bee-groupManagement] INFO  server.RaftServerConfigKeys (ConfUtils.java:logGet(62)) - raft.server.log.preallocated.size = 4194304 (custom)
2025-07-02 18:45:20,441 [95ee4113-9599-4433-8033-e07ec30d3bee-groupManagement] INFO  server.RaftServerConfigKeys (ConfUtils.java:logGet(62)) - raft.server.log.write.buffer.size = 33554440 (custom)
2025-07-02 18:45:20,447 [95ee4113-9599-4433-8033-e07ec30d3bee-groupManagement] INFO  server.RaftServerConfigKeys (ConfUtils.java:logGet(62)) - raft.server.log.appender.buffer.byte-limit = 33554432 (custom)
2025-07-02 18:45:20,448 [95ee4113-9599-4433-8033-e07ec30d3bee-groupManagement] INFO  segmented.SegmentedRaftLogWorker (SegmentedRaftLogWorker.java:lambda$new$0(141)) - 95ee4113-9599-4433-8033-e07ec30d3bee@group-5195515A604F-SegmentedRaftLogWorker: flushIndex: setUnconditionally 0 -> -1
2025-07-02 18:45:20,448 [95ee4113-9599-4433-8033-e07ec30d3bee-groupManagement] INFO  segmented.SegmentedRaftLogWorker (SegmentedRaftLogWorker.java:lambda$new$0(141)) - 95ee4113-9599-4433-8033-e07ec30d3bee@group-5195515A604F-SegmentedRaftLogWorker: safeCacheEvictIndex: setUnconditionally 0 -> -1
2025-07-02 18:45:20,448 [95ee4113-9599-4433-8033-e07ec30d3bee-groupManagement] INFO  server.RaftServer$Division (RaftServerImpl.java:start(405)) - 95ee4113-9599-4433-8033-e07ec30d3bee@group-5195515A604F: start as a follower, conf=conf: {index: -1, cur=peers:[4114dace-2331-46e8-9bd0-01e36750a673|127.0.0.1:15055, 95ee4113-9599-4433-8033-e07ec30d3bee|127.0.0.1:15039, c6c1c004-cb80-4a23-8b53-68ef0e0db17b|127.0.0.1:15047]|listeners:[], old=null}
2025-07-02 18:45:20,448 [95ee4113-9599-4433-8033-e07ec30d3bee-groupManagement] INFO  server.RaftServer$Division (RaftServerImpl.java:setRole(392)) - 95ee4113-9599-4433-8033-e07ec30d3bee@group-5195515A604F: changes role from      null to FOLLOWER at term 0 for startAsFollower
2025-07-02 18:45:20,448 [95ee4113-9599-4433-8033-e07ec30d3bee-groupManagement] INFO  impl.RoleInfo (RoleInfo.java:updateAndGet(148)) - 95ee4113-9599-4433-8033-e07ec30d3bee: start 95ee4113-9599-4433-8033-e07ec30d3bee@group-5195515A604F-FollowerState
2025-07-02 18:45:20,449 [95ee4113-9599-4433-8033-e07ec30d3bee-groupManagement] INFO  util.JmxRegister (JmxRegister.java:tryRegister(44)) - Successfully registered JMX Bean with object name Ratis:service=RaftServer,group=group-5195515A604F,id=95ee4113-9599-4433-8033-e07ec30d3bee
2025-07-02 18:45:20,450 [95ee4113-9599-4433-8033-e07ec30d3bee-groupManagement] INFO  util.JmxRegister (JmxRegister.java:register(58)) - register mxBean class org.apache.ratis.server.impl.RaftServerJmxAdapter as Ratis:service=RaftServer,group=group-5195515A604F,id=95ee4113-9599-4433-8033-e07ec30d3bee
2025-07-02 18:45:20,451 [95ee4113-9599-4433-8033-e07ec30d3bee-groupManagement] INFO  server.RaftServer$Division (RaftServerImpl.java:start(419)) - 95ee4113-9599-4433-8033-e07ec30d3bee@group-5195515A604F: Successfully started.
2025-07-02 18:45:20,452 [95ee4113-9599-4433-8033-e07ec30d3bee-PipelineCommandHandlerThread-0] INFO  ratis.XceiverServerRatis (XceiverServerRatis.java:addGroup(843)) - Created group Pipeline-1d88e53e-1d3e-4d9d-a5cb-5195515a604f
2025-07-02 18:45:20,462 [grpc-default-executor-0] INFO  server.RaftServer (RaftServerProxy.java:addNew(105)) - c6c1c004-cb80-4a23-8b53-68ef0e0db17b: addNew group-5195515A604F:[4114dace-2331-46e8-9bd0-01e36750a673|127.0.0.1:15055, 95ee4113-9599-4433-8033-e07ec30d3bee|127.0.0.1:15039, c6c1c004-cb80-4a23-8b53-68ef0e0db17b|127.0.0.1:15047] returns group-5195515A604F:java.util.concurrent.CompletableFuture@2f3e6c6f[Not completed]
2025-07-02 18:45:20,464 [c6c1c004-cb80-4a23-8b53-68ef0e0db17b-groupManagement] WARN  statemachine.DatanodeConfiguration (DatanodeConfiguration.java:validateMinFreeSpace(751)) - hdds.datanode.volume.min.free.space.percent = -1.0 is invalid, should be between 0 and 1
2025-07-02 18:45:20,464 [c6c1c004-cb80-4a23-8b53-68ef0e0db17b-groupManagement] INFO  server.RaftServer$Division (RaftServerImpl.java:<init>(268)) - c6c1c004-cb80-4a23-8b53-68ef0e0db17b: new RaftServerImpl for group-5195515A604F:[4114dace-2331-46e8-9bd0-01e36750a673|127.0.0.1:15055, 95ee4113-9599-4433-8033-e07ec30d3bee|127.0.0.1:15039, c6c1c004-cb80-4a23-8b53-68ef0e0db17b|127.0.0.1:15047] with ContainerStateMachine:uninitialized
2025-07-02 18:45:20,465 [c6c1c004-cb80-4a23-8b53-68ef0e0db17b-groupManagement] INFO  server.RaftServer$Division (ServerState.java:<init>(114)) - c6c1c004-cb80-4a23-8b53-68ef0e0db17b@group-5195515A604F: ConfigurationManager, init=conf: {index: -1, cur=peers:[4114dace-2331-46e8-9bd0-01e36750a673|127.0.0.1:15055, 95ee4113-9599-4433-8033-e07ec30d3bee|127.0.0.1:15039, c6c1c004-cb80-4a23-8b53-68ef0e0db17b|127.0.0.1:15047]|listeners:[], old=null}, confs=<EMPTY_MAP>
2025-07-02 18:45:20,471 [c6c1c004-cb80-4a23-8b53-68ef0e0db17b-groupManagement] INFO  server.RaftServerConfigKeys (ConfUtils.java:logGet(62)) - raft.server.storage.dir = [/home/runner/work/ozone/ozone/hadoop-ozone/integration-test/target/test-dir/MiniOzoneClusterImpl-b7e00dfa-d3b8-45cf-9d3a-2bd5fdfebf54/ozone-meta/datanode-5/ratis] (custom)
2025-07-02 18:45:20,472 [c6c1c004-cb80-4a23-8b53-68ef0e0db17b-groupManagement] INFO  storage.RaftStorageDirectory (RaftStorageDirectoryImpl.java:analyzeStorage(138)) - The storage directory /home/runner/work/ozone/ozone/hadoop-ozone/integration-test/target/test-dir/MiniOzoneClusterImpl-b7e00dfa-d3b8-45cf-9d3a-2bd5fdfebf54/ozone-meta/datanode-5/ratis/1d88e53e-1d3e-4d9d-a5cb-5195515a604f does not exist. Creating ...
2025-07-02 18:45:20,473 [c6c1c004-cb80-4a23-8b53-68ef0e0db17b-groupManagement] INFO  storage.RaftStorageDirectory (RaftStorageDirectoryImpl.java:tryLock(229)) - Lock on /home/runner/work/ozone/ozone/hadoop-ozone/integration-test/target/test-dir/MiniOzoneClusterImpl-b7e00dfa-d3b8-45cf-9d3a-2bd5fdfebf54/ozone-meta/datanode-5/ratis/1d88e53e-1d3e-4d9d-a5cb-5195515a604f/in_use.lock acquired by nodename 44808@localhost
2025-07-02 18:45:20,475 [c6c1c004-cb80-4a23-8b53-68ef0e0db17b-groupManagement] INFO  storage.RaftStorage (RaftStorageImpl.java:format(98)) - Storage directory /home/runner/work/ozone/ozone/hadoop-ozone/integration-test/target/test-dir/MiniOzoneClusterImpl-b7e00dfa-d3b8-45cf-9d3a-2bd5fdfebf54/ozone-meta/datanode-5/ratis/1d88e53e-1d3e-4d9d-a5cb-5195515a604f has been successfully formatted.
2025-07-02 18:45:20,476 [c6c1c004-cb80-4a23-8b53-68ef0e0db17b-groupManagement] INFO  ratis.ContainerStateMachine (ContainerStateMachine.java:initialize(339)) - c6c1c004-cb80-4a23-8b53-68ef0e0db17b: initialize group-5195515A604F
2025-07-02 18:45:20,476 [c6c1c004-cb80-4a23-8b53-68ef0e0db17b-groupManagement] INFO  ratis.ContainerStateMachine (ContainerStateMachine.java:loadSnapshot(347)) - group-5195515A604F: The snapshot info is null. Setting the last applied index to:<INITIAL_VALUE>
2025-07-02 18:45:20,476 [c6c1c004-cb80-4a23-8b53-68ef0e0db17b-groupManagement] INFO  server.RaftServerConfigKeys (ConfUtils.java:logGet(62)) - raft.server.log.appender.buffer.byte-limit = 33554432 (custom)
2025-07-02 18:45:20,478 [c6c1c004-cb80-4a23-8b53-68ef0e0db17b-groupManagement] INFO  server.RaftServerConfigKeys (ConfUtils.java:logGet(62)) - raft.server.log.segment.size.max = 67108864 (custom)
2025-07-02 18:45:20,479 [EventQueue-PipelineReportForOneReplicaPipelineSafeModeRule] INFO  safemode.SCMSafeModeManager (SCMSafeModeManager.java:validateSafeModeExitRules(139)) - AtleastOneDatanodeReportedRule rule is successfully validated
2025-07-02 18:45:20,480 [c6c1c004-cb80-4a23-8b53-68ef0e0db17b-groupManagement] INFO  server.RaftServerConfigKeys (ConfUtils.java:logGet(62)) - raft.server.log.appender.buffer.byte-limit = 33554432 (custom)
2025-07-02 18:45:20,484 [c6c1c004-cb80-4a23-8b53-68ef0e0db17b-groupManagement] INFO  util.AwaitToRun (AwaitToRun.java:start(81)) - Thread[#1268,c6c1c004-cb80-4a23-8b53-68ef0e0db17b@group-5195515A604F-cacheEviction-AwaitToRun,5,main] started
2025-07-02 18:45:20,484 [c6c1c004-cb80-4a23-8b53-68ef0e0db17b-groupManagement] INFO  segmented.SegmentedRaftLogWorker (SegmentedRaftLogWorker.java:<init>(190)) - new c6c1c004-cb80-4a23-8b53-68ef0e0db17b@group-5195515A604F-SegmentedRaftLogWorker for RaftStorageImpl:Storage Directory /home/runner/work/ozone/ozone/hadoop-ozone/integration-test/target/test-dir/MiniOzoneClusterImpl-b7e00dfa-d3b8-45cf-9d3a-2bd5fdfebf54/ozone-meta/datanode-5/ratis/1d88e53e-1d3e-4d9d-a5cb-5195515a604f
2025-07-02 18:45:20,484 [c6c1c004-cb80-4a23-8b53-68ef0e0db17b-groupManagement] INFO  server.RaftServerConfigKeys (ConfUtils.java:logGet(62)) - raft.server.log.queue.byte-limit = 4294967296 (custom)
2025-07-02 18:45:20,484 [c6c1c004-cb80-4a23-8b53-68ef0e0db17b-groupManagement] INFO  server.RaftServerConfigKeys (ConfUtils.java:logGet(62)) - raft.server.log.segment.size.max = 67108864 (custom)
2025-07-02 18:45:20,484 [c6c1c004-cb80-4a23-8b53-68ef0e0db17b-groupManagement] INFO  server.RaftServerConfigKeys (ConfUtils.java:logGet(62)) - raft.server.log.preallocated.size = 4194304 (custom)
2025-07-02 18:45:20,484 [c6c1c004-cb80-4a23-8b53-68ef0e0db17b-groupManagement] INFO  server.RaftServerConfigKeys (ConfUtils.java:logGet(62)) - raft.server.log.write.buffer.size = 33554440 (custom)
2025-07-02 18:45:20,493 [c6c1c004-cb80-4a23-8b53-68ef0e0db17b-groupManagement] INFO  server.RaftServerConfigKeys (ConfUtils.java:logGet(62)) - raft.server.log.appender.buffer.byte-limit = 33554432 (custom)
2025-07-02 18:45:20,494 [c6c1c004-cb80-4a23-8b53-68ef0e0db17b-groupManagement] INFO  segmented.SegmentedRaftLogWorker (SegmentedRaftLogWorker.java:lambda$new$0(141)) - c6c1c004-cb80-4a23-8b53-68ef0e0db17b@group-5195515A604F-SegmentedRaftLogWorker: flushIndex: setUnconditionally 0 -> -1
2025-07-02 18:45:20,494 [c6c1c004-cb80-4a23-8b53-68ef0e0db17b-groupManagement] INFO  segmented.SegmentedRaftLogWorker (SegmentedRaftLogWorker.java:lambda$new$0(141)) - c6c1c004-cb80-4a23-8b53-68ef0e0db17b@group-5195515A604F-SegmentedRaftLogWorker: safeCacheEvictIndex: setUnconditionally 0 -> -1
2025-07-02 18:45:20,495 [c6c1c004-cb80-4a23-8b53-68ef0e0db17b-groupManagement] INFO  server.RaftServer$Division (RaftServerImpl.java:start(405)) - c6c1c004-cb80-4a23-8b53-68ef0e0db17b@group-5195515A604F: start as a follower, conf=conf: {index: -1, cur=peers:[4114dace-2331-46e8-9bd0-01e36750a673|127.0.0.1:15055, 95ee4113-9599-4433-8033-e07ec30d3bee|127.0.0.1:15039, c6c1c004-cb80-4a23-8b53-68ef0e0db17b|127.0.0.1:15047]|listeners:[], old=null}
2025-07-02 18:45:20,496 [c6c1c004-cb80-4a23-8b53-68ef0e0db17b-groupManagement] INFO  server.RaftServer$Division (RaftServerImpl.java:setRole(392)) - c6c1c004-cb80-4a23-8b53-68ef0e0db17b@group-5195515A604F: changes role from      null to FOLLOWER at term 0 for startAsFollower
2025-07-02 18:45:20,496 [c6c1c004-cb80-4a23-8b53-68ef0e0db17b-groupManagement] INFO  impl.RoleInfo (RoleInfo.java:updateAndGet(148)) - c6c1c004-cb80-4a23-8b53-68ef0e0db17b: start c6c1c004-cb80-4a23-8b53-68ef0e0db17b@group-5195515A604F-FollowerState
2025-07-02 18:45:20,498 [EventQueue-PipelineReportForOneReplicaPipelineSafeModeRule] INFO  safemode.SCMSafeModeManager (SCMSafeModeManager.java:validateSafeModeExitRules(139)) - AtleastOneDatanodeReportedRule rule is successfully validated
2025-07-02 18:45:20,499 [c6c1c004-cb80-4a23-8b53-68ef0e0db17b-groupManagement] INFO  util.JmxRegister (JmxRegister.java:tryRegister(44)) - Successfully registered JMX Bean with object name Ratis:service=RaftServer,group=group-5195515A604F,id=c6c1c004-cb80-4a23-8b53-68ef0e0db17b
2025-07-02 18:45:20,499 [c6c1c004-cb80-4a23-8b53-68ef0e0db17b-groupManagement] INFO  util.JmxRegister (JmxRegister.java:register(58)) - register mxBean class org.apache.ratis.server.impl.RaftServerJmxAdapter as Ratis:service=RaftServer,group=group-5195515A604F,id=c6c1c004-cb80-4a23-8b53-68ef0e0db17b
2025-07-02 18:45:20,500 [c6c1c004-cb80-4a23-8b53-68ef0e0db17b-groupManagement] INFO  server.RaftServer$Division (RaftServerImpl.java:start(419)) - c6c1c004-cb80-4a23-8b53-68ef0e0db17b@group-5195515A604F: Successfully started.
2025-07-02 18:45:20,505 [EventQueue-PipelineReportForOneReplicaPipelineSafeModeRule] INFO  safemode.SCMSafeModeManager (SCMSafeModeManager.java:validateSafeModeExitRules(139)) - AtleastOneDatanodeReportedRule rule is successfully validated
2025-07-02 18:45:20,515 [grpc-default-executor-0] INFO  server.RaftServer (RaftServerProxy.java:addNew(105)) - 4114dace-2331-46e8-9bd0-01e36750a673: addNew group-5195515A604F:[4114dace-2331-46e8-9bd0-01e36750a673|127.0.0.1:15055, 95ee4113-9599-4433-8033-e07ec30d3bee|127.0.0.1:15039, c6c1c004-cb80-4a23-8b53-68ef0e0db17b|127.0.0.1:15047] returns group-5195515A604F:java.util.concurrent.CompletableFuture@8ec2358[Not completed]
2025-07-02 18:45:20,517 [4114dace-2331-46e8-9bd0-01e36750a673-groupManagement] WARN  statemachine.DatanodeConfiguration (DatanodeConfiguration.java:validateMinFreeSpace(751)) - hdds.datanode.volume.min.free.space.percent = -1.0 is invalid, should be between 0 and 1
2025-07-02 18:45:20,517 [4114dace-2331-46e8-9bd0-01e36750a673-groupManagement] INFO  server.RaftServer$Division (RaftServerImpl.java:<init>(268)) - 4114dace-2331-46e8-9bd0-01e36750a673: new RaftServerImpl for group-5195515A604F:[4114dace-2331-46e8-9bd0-01e36750a673|127.0.0.1:15055, 95ee4113-9599-4433-8033-e07ec30d3bee|127.0.0.1:15039, c6c1c004-cb80-4a23-8b53-68ef0e0db17b|127.0.0.1:15047] with ContainerStateMachine:uninitialized
2025-07-02 18:45:20,517 [4114dace-2331-46e8-9bd0-01e36750a673-groupManagement] INFO  server.RaftServer$Division (ServerState.java:<init>(114)) - 4114dace-2331-46e8-9bd0-01e36750a673@group-5195515A604F: ConfigurationManager, init=conf: {index: -1, cur=peers:[4114dace-2331-46e8-9bd0-01e36750a673|127.0.0.1:15055, 95ee4113-9599-4433-8033-e07ec30d3bee|127.0.0.1:15039, c6c1c004-cb80-4a23-8b53-68ef0e0db17b|127.0.0.1:15047]|listeners:[], old=null}, confs=<EMPTY_MAP>
2025-07-02 18:45:20,522 [4114dace-2331-46e8-9bd0-01e36750a673-groupManagement] INFO  server.RaftServerConfigKeys (ConfUtils.java:logGet(62)) - raft.server.storage.dir = [/home/runner/work/ozone/ozone/hadoop-ozone/integration-test/target/test-dir/MiniOzoneClusterImpl-b7e00dfa-d3b8-45cf-9d3a-2bd5fdfebf54/ozone-meta/datanode-6/ratis] (custom)
2025-07-02 18:45:20,523 [4114dace-2331-46e8-9bd0-01e36750a673-groupManagement] INFO  storage.RaftStorageDirectory (RaftStorageDirectoryImpl.java:analyzeStorage(138)) - The storage directory /home/runner/work/ozone/ozone/hadoop-ozone/integration-test/target/test-dir/MiniOzoneClusterImpl-b7e00dfa-d3b8-45cf-9d3a-2bd5fdfebf54/ozone-meta/datanode-6/ratis/1d88e53e-1d3e-4d9d-a5cb-5195515a604f does not exist. Creating ...
2025-07-02 18:45:20,524 [4114dace-2331-46e8-9bd0-01e36750a673-groupManagement] INFO  storage.RaftStorageDirectory (RaftStorageDirectoryImpl.java:tryLock(229)) - Lock on /home/runner/work/ozone/ozone/hadoop-ozone/integration-test/target/test-dir/MiniOzoneClusterImpl-b7e00dfa-d3b8-45cf-9d3a-2bd5fdfebf54/ozone-meta/datanode-6/ratis/1d88e53e-1d3e-4d9d-a5cb-5195515a604f/in_use.lock acquired by nodename 44808@localhost
2025-07-02 18:45:20,526 [4114dace-2331-46e8-9bd0-01e36750a673-groupManagement] INFO  storage.RaftStorage (RaftStorageImpl.java:format(98)) - Storage directory /home/runner/work/ozone/ozone/hadoop-ozone/integration-test/target/test-dir/MiniOzoneClusterImpl-b7e00dfa-d3b8-45cf-9d3a-2bd5fdfebf54/ozone-meta/datanode-6/ratis/1d88e53e-1d3e-4d9d-a5cb-5195515a604f has been successfully formatted.
2025-07-02 18:45:20,526 [4114dace-2331-46e8-9bd0-01e36750a673-groupManagement] INFO  ratis.ContainerStateMachine (ContainerStateMachine.java:initialize(339)) - 4114dace-2331-46e8-9bd0-01e36750a673: initialize group-5195515A604F
2025-07-02 18:45:20,527 [4114dace-2331-46e8-9bd0-01e36750a673-groupManagement] INFO  ratis.ContainerStateMachine (ContainerStateMachine.java:loadSnapshot(347)) - group-5195515A604F: The snapshot info is null. Setting the last applied index to:<INITIAL_VALUE>
2025-07-02 18:45:20,528 [4114dace-2331-46e8-9bd0-01e36750a673-groupManagement] INFO  server.RaftServerConfigKeys (ConfUtils.java:logGet(62)) - raft.server.log.appender.buffer.byte-limit = 33554432 (custom)
2025-07-02 18:45:20,528 [EventQueue-PipelineReportForOneReplicaPipelineSafeModeRule] INFO  safemode.SCMSafeModeManager (SCMSafeModeManager.java:validateSafeModeExitRules(139)) - AtleastOneDatanodeReportedRule rule is successfully validated
2025-07-02 18:45:20,530 [4114dace-2331-46e8-9bd0-01e36750a673-groupManagement] INFO  server.RaftServerConfigKeys (ConfUtils.java:logGet(62)) - raft.server.log.segment.size.max = 67108864 (custom)
2025-07-02 18:45:20,530 [4114dace-2331-46e8-9bd0-01e36750a673-groupManagement] INFO  server.RaftServerConfigKeys (ConfUtils.java:logGet(62)) - raft.server.log.appender.buffer.byte-limit = 33554432 (custom)
2025-07-02 18:45:20,531 [4114dace-2331-46e8-9bd0-01e36750a673-groupManagement] INFO  util.AwaitToRun (AwaitToRun.java:start(81)) - Thread[#1275,4114dace-2331-46e8-9bd0-01e36750a673@group-5195515A604F-cacheEviction-AwaitToRun,5,main] started
2025-07-02 18:45:20,531 [4114dace-2331-46e8-9bd0-01e36750a673-groupManagement] INFO  segmented.SegmentedRaftLogWorker (SegmentedRaftLogWorker.java:<init>(190)) - new 4114dace-2331-46e8-9bd0-01e36750a673@group-5195515A604F-SegmentedRaftLogWorker for RaftStorageImpl:Storage Directory /home/runner/work/ozone/ozone/hadoop-ozone/integration-test/target/test-dir/MiniOzoneClusterImpl-b7e00dfa-d3b8-45cf-9d3a-2bd5fdfebf54/ozone-meta/datanode-6/ratis/1d88e53e-1d3e-4d9d-a5cb-5195515a604f
2025-07-02 18:45:20,531 [4114dace-2331-46e8-9bd0-01e36750a673-groupManagement] INFO  server.RaftServerConfigKeys (ConfUtils.java:logGet(62)) - raft.server.log.queue.byte-limit = 4294967296 (custom)
2025-07-02 18:45:20,531 [4114dace-2331-46e8-9bd0-01e36750a673-groupManagement] INFO  server.RaftServerConfigKeys (ConfUtils.java:logGet(62)) - raft.server.log.segment.size.max = 67108864 (custom)
2025-07-02 18:45:20,531 [4114dace-2331-46e8-9bd0-01e36750a673-groupManagement] INFO  server.RaftServerConfigKeys (ConfUtils.java:logGet(62)) - raft.server.log.preallocated.size = 4194304 (custom)
2025-07-02 18:45:20,532 [4114dace-2331-46e8-9bd0-01e36750a673-groupManagement] INFO  server.RaftServerConfigKeys (ConfUtils.java:logGet(62)) - raft.server.log.write.buffer.size = 33554440 (custom)
2025-07-02 18:45:20,538 [4114dace-2331-46e8-9bd0-01e36750a673-groupManagement] INFO  server.RaftServerConfigKeys (ConfUtils.java:logGet(62)) - raft.server.log.appender.buffer.byte-limit = 33554432 (custom)
2025-07-02 18:45:20,538 [4114dace-2331-46e8-9bd0-01e36750a673-groupManagement] INFO  segmented.SegmentedRaftLogWorker (SegmentedRaftLogWorker.java:lambda$new$0(141)) - 4114dace-2331-46e8-9bd0-01e36750a673@group-5195515A604F-SegmentedRaftLogWorker: flushIndex: setUnconditionally 0 -> -1
2025-07-02 18:45:20,538 [4114dace-2331-46e8-9bd0-01e36750a673-groupManagement] INFO  segmented.SegmentedRaftLogWorker (SegmentedRaftLogWorker.java:lambda$new$0(141)) - 4114dace-2331-46e8-9bd0-01e36750a673@group-5195515A604F-SegmentedRaftLogWorker: safeCacheEvictIndex: setUnconditionally 0 -> -1
2025-07-02 18:45:20,539 [4114dace-2331-46e8-9bd0-01e36750a673-groupManagement] INFO  server.RaftServer$Division (RaftServerImpl.java:start(405)) - 4114dace-2331-46e8-9bd0-01e36750a673@group-5195515A604F: start as a follower, conf=conf: {index: -1, cur=peers:[4114dace-2331-46e8-9bd0-01e36750a673|127.0.0.1:15055, 95ee4113-9599-4433-8033-e07ec30d3bee|127.0.0.1:15039, c6c1c004-cb80-4a23-8b53-68ef0e0db17b|127.0.0.1:15047]|listeners:[], old=null}
2025-07-02 18:45:20,539 [4114dace-2331-46e8-9bd0-01e36750a673-groupManagement] INFO  server.RaftServer$Division (RaftServerImpl.java:setRole(392)) - 4114dace-2331-46e8-9bd0-01e36750a673@group-5195515A604F: changes role from      null to FOLLOWER at term 0 for startAsFollower
2025-07-02 18:45:20,539 [4114dace-2331-46e8-9bd0-01e36750a673-groupManagement] INFO  impl.RoleInfo (RoleInfo.java:updateAndGet(148)) - 4114dace-2331-46e8-9bd0-01e36750a673: start 4114dace-2331-46e8-9bd0-01e36750a673@group-5195515A604F-FollowerState
2025-07-02 18:45:20,539 [4114dace-2331-46e8-9bd0-01e36750a673-groupManagement] INFO  util.JmxRegister (JmxRegister.java:tryRegister(44)) - Successfully registered JMX Bean with object name Ratis:service=RaftServer,group=group-5195515A604F,id=4114dace-2331-46e8-9bd0-01e36750a673
2025-07-02 18:45:20,540 [4114dace-2331-46e8-9bd0-01e36750a673-groupManagement] INFO  util.JmxRegister (JmxRegister.java:register(58)) - register mxBean class org.apache.ratis.server.impl.RaftServerJmxAdapter as Ratis:service=RaftServer,group=group-5195515A604F,id=4114dace-2331-46e8-9bd0-01e36750a673
2025-07-02 18:45:20,540 [4114dace-2331-46e8-9bd0-01e36750a673-groupManagement] INFO  server.RaftServer$Division (RaftServerImpl.java:start(419)) - 4114dace-2331-46e8-9bd0-01e36750a673@group-5195515A604F: Successfully started.
2025-07-02 18:45:20,546 [95ee4113-9599-4433-8033-e07ec30d3bee-PipelineCommandHandlerThread-0] INFO  commandhandler.CreatePipelineCommandHandler (CreatePipelineCommandHandler.java:lambda$handle$2(127)) - Created Pipeline RATIS THREE Pipeline-1d88e53e-1d3e-4d9d-a5cb-5195515a604f.
2025-07-02 18:45:20,568 [EventQueue-PipelineReportForOneReplicaPipelineSafeModeRule] INFO  safemode.SCMSafeModeManager (SCMSafeModeManager.java:validateSafeModeExitRules(139)) - AtleastOneDatanodeReportedRule rule is successfully validated
2025-07-02 18:45:20,590 [EventQueue-PipelineReportForOneReplicaPipelineSafeModeRule] INFO  safemode.SCMSafeModeManager (SCMSafeModeManager.java:validateSafeModeExitRules(139)) - AtleastOneDatanodeReportedRule rule is successfully validated
2025-07-02 18:45:20,638 [EventQueue-PipelineReportForOneReplicaPipelineSafeModeRule] INFO  safemode.SCMSafeModeManager (SCMSafeModeManager.java:validateSafeModeExitRules(139)) - AtleastOneDatanodeReportedRule rule is successfully validated
2025-07-02 18:45:20,648 [EventQueue-PipelineReportForOneReplicaPipelineSafeModeRule] INFO  safemode.SCMSafeModeManager (SCMSafeModeManager.java:validateSafeModeExitRules(139)) - AtleastOneDatanodeReportedRule rule is successfully validated
2025-07-02 18:45:20,663 [c6c1c004-cb80-4a23-8b53-68ef0e0db17b-PipelineCommandHandlerThread-0] INFO  server.RaftServer (RaftServerProxy.java:addNew(105)) - c6c1c004-cb80-4a23-8b53-68ef0e0db17b: addNew group-2699D49A5245:[c6c1c004-cb80-4a23-8b53-68ef0e0db17b|127.0.0.1:15047] returns group-2699D49A5245:java.util.concurrent.CompletableFuture@9a7d432[Not completed]
2025-07-02 18:45:20,664 [c6c1c004-cb80-4a23-8b53-68ef0e0db17b-groupManagement] WARN  statemachine.DatanodeConfiguration (DatanodeConfiguration.java:validateMinFreeSpace(751)) - hdds.datanode.volume.min.free.space.percent = -1.0 is invalid, should be between 0 and 1
2025-07-02 18:45:20,664 [c6c1c004-cb80-4a23-8b53-68ef0e0db17b-groupManagement] INFO  server.RaftServer$Division (RaftServerImpl.java:<init>(268)) - c6c1c004-cb80-4a23-8b53-68ef0e0db17b: new RaftServerImpl for group-2699D49A5245:[c6c1c004-cb80-4a23-8b53-68ef0e0db17b|127.0.0.1:15047] with ContainerStateMachine:uninitialized
2025-07-02 18:45:20,665 [c6c1c004-cb80-4a23-8b53-68ef0e0db17b-groupManagement] INFO  server.RaftServer$Division (ServerState.java:<init>(114)) - c6c1c004-cb80-4a23-8b53-68ef0e0db17b@group-2699D49A5245: ConfigurationManager, init=conf: {index: -1, cur=peers:[c6c1c004-cb80-4a23-8b53-68ef0e0db17b|127.0.0.1:15047]|listeners:[], old=null}, confs=<EMPTY_MAP>
2025-07-02 18:45:20,669 [c6c1c004-cb80-4a23-8b53-68ef0e0db17b-groupManagement] INFO  server.RaftServerConfigKeys (ConfUtils.java:logGet(62)) - raft.server.storage.dir = [/home/runner/work/ozone/ozone/hadoop-ozone/integration-test/target/test-dir/MiniOzoneClusterImpl-b7e00dfa-d3b8-45cf-9d3a-2bd5fdfebf54/ozone-meta/datanode-5/ratis] (custom)
2025-07-02 18:45:20,670 [c6c1c004-cb80-4a23-8b53-68ef0e0db17b-groupManagement] INFO  storage.RaftStorageDirectory (RaftStorageDirectoryImpl.java:analyzeStorage(138)) - The storage directory /home/runner/work/ozone/ozone/hadoop-ozone/integration-test/target/test-dir/MiniOzoneClusterImpl-b7e00dfa-d3b8-45cf-9d3a-2bd5fdfebf54/ozone-meta/datanode-5/ratis/87f42220-0f27-4781-8a18-2699d49a5245 does not exist. Creating ...
2025-07-02 18:45:20,671 [c6c1c004-cb80-4a23-8b53-68ef0e0db17b-groupManagement] INFO  storage.RaftStorageDirectory (RaftStorageDirectoryImpl.java:tryLock(229)) - Lock on /home/runner/work/ozone/ozone/hadoop-ozone/integration-test/target/test-dir/MiniOzoneClusterImpl-b7e00dfa-d3b8-45cf-9d3a-2bd5fdfebf54/ozone-meta/datanode-5/ratis/87f42220-0f27-4781-8a18-2699d49a5245/in_use.lock acquired by nodename 44808@localhost
2025-07-02 18:45:20,672 [c6c1c004-cb80-4a23-8b53-68ef0e0db17b-groupManagement] INFO  storage.RaftStorage (RaftStorageImpl.java:format(98)) - Storage directory /home/runner/work/ozone/ozone/hadoop-ozone/integration-test/target/test-dir/MiniOzoneClusterImpl-b7e00dfa-d3b8-45cf-9d3a-2bd5fdfebf54/ozone-meta/datanode-5/ratis/87f42220-0f27-4781-8a18-2699d49a5245 has been successfully formatted.
2025-07-02 18:45:20,674 [c6c1c004-cb80-4a23-8b53-68ef0e0db17b-groupManagement] INFO  ratis.ContainerStateMachine (ContainerStateMachine.java:initialize(339)) - c6c1c004-cb80-4a23-8b53-68ef0e0db17b: initialize group-2699D49A5245
2025-07-02 18:45:20,674 [c6c1c004-cb80-4a23-8b53-68ef0e0db17b-groupManagement] INFO  ratis.ContainerStateMachine (ContainerStateMachine.java:loadSnapshot(347)) - group-2699D49A5245: The snapshot info is null. Setting the last applied index to:<INITIAL_VALUE>
2025-07-02 18:45:20,674 [EventQueue-PipelineReportForOneReplicaPipelineSafeModeRule] INFO  safemode.SCMSafeModeManager (SCMSafeModeManager.java:validateSafeModeExitRules(139)) - AtleastOneDatanodeReportedRule rule is successfully validated
2025-07-02 18:45:20,674 [c6c1c004-cb80-4a23-8b53-68ef0e0db17b-groupManagement] INFO  server.RaftServerConfigKeys (ConfUtils.java:logGet(62)) - raft.server.log.appender.buffer.byte-limit = 33554432 (custom)
2025-07-02 18:45:20,676 [c6c1c004-cb80-4a23-8b53-68ef0e0db17b-groupManagement] INFO  server.RaftServerConfigKeys (ConfUtils.java:logGet(62)) - raft.server.log.segment.size.max = 67108864 (custom)
2025-07-02 18:45:20,677 [0fee975d-e734-400e-bdb4-ee8e3ebebca6@group-2BD5FDFEBF54-StateMachineUpdater] INFO  safemode.SCMSafeModeManager (SCMSafeModeManager.java:validateSafeModeExitRules(139)) - DataNodeSafeModeRule rule is successfully validated
2025-07-02 18:45:20,677 [0fee975d-e734-400e-bdb4-ee8e3ebebca6@group-2BD5FDFEBF54-StateMachineUpdater] INFO  safemode.SCMSafeModeManager (SCMSafeModeManager.java:validateSafeModeExitRules(139)) - RatisContainerSafeModeRule rule is successfully validated
2025-07-02 18:45:20,677 [0fee975d-e734-400e-bdb4-ee8e3ebebca6@group-2BD5FDFEBF54-StateMachineUpdater] INFO  safemode.HealthyPipelineSafeModeRule (HealthyPipelineSafeModeRule.java:initializeRule(228)) - Refreshed total pipeline count is 0, healthy pipeline threshold count is 1
2025-07-02 18:45:20,677 [0fee975d-e734-400e-bdb4-ee8e3ebebca6@group-2BD5FDFEBF54-StateMachineUpdater] INFO  safemode.SCMSafeModeManager (SCMSafeModeManager.java:validateSafeModeExitRules(139)) - ECContainerSafeModeRule rule is successfully validated
2025-07-02 18:45:20,678 [0fee975d-e734-400e-bdb4-ee8e3ebebca6@group-2BD5FDFEBF54-StateMachineUpdater] INFO  safemode.SCMSafeModeManager (SCMSafeModeManager.java:validateSafeModeExitRules(139)) - AtleastOneDatanodeReportedRule rule is successfully validated
2025-07-02 18:45:20,678 [EventQueue-PipelineReportForPipelineReportHandler] INFO  pipeline.PipelineReportHandler (PipelineReportHandler.java:processPipelineReport(134)) - Opened pipeline Pipeline-87f42220-0f27-4781-8a18-2699d49a5245
2025-07-02 18:45:20,678 [c6c1c004-cb80-4a23-8b53-68ef0e0db17b-groupManagement] INFO  server.RaftServerConfigKeys (ConfUtils.java:logGet(62)) - raft.server.log.appender.buffer.byte-limit = 33554432 (custom)
2025-07-02 18:45:20,678 [c6c1c004-cb80-4a23-8b53-68ef0e0db17b-groupManagement] INFO  util.AwaitToRun (AwaitToRun.java:start(81)) - Thread[#1283,c6c1c004-cb80-4a23-8b53-68ef0e0db17b@group-2699D49A5245-cacheEviction-AwaitToRun,5,main] started
2025-07-02 18:45:20,678 [c6c1c004-cb80-4a23-8b53-68ef0e0db17b-groupManagement] INFO  segmented.SegmentedRaftLogWorker (SegmentedRaftLogWorker.java:<init>(190)) - new c6c1c004-cb80-4a23-8b53-68ef0e0db17b@group-2699D49A5245-SegmentedRaftLogWorker for RaftStorageImpl:Storage Directory /home/runner/work/ozone/ozone/hadoop-ozone/integration-test/target/test-dir/MiniOzoneClusterImpl-b7e00dfa-d3b8-45cf-9d3a-2bd5fdfebf54/ozone-meta/datanode-5/ratis/87f42220-0f27-4781-8a18-2699d49a5245
2025-07-02 18:45:20,679 [c6c1c004-cb80-4a23-8b53-68ef0e0db17b-groupManagement] INFO  server.RaftServerConfigKeys (ConfUtils.java:logGet(62)) - raft.server.log.queue.byte-limit = 4294967296 (custom)
2025-07-02 18:45:20,679 [c6c1c004-cb80-4a23-8b53-68ef0e0db17b-groupManagement] INFO  server.RaftServerConfigKeys (ConfUtils.java:logGet(62)) - raft.server.log.segment.size.max = 67108864 (custom)
2025-07-02 18:45:20,679 [c6c1c004-cb80-4a23-8b53-68ef0e0db17b-groupManagement] INFO  server.RaftServerConfigKeys (ConfUtils.java:logGet(62)) - raft.server.log.preallocated.size = 4194304 (custom)
2025-07-02 18:45:20,679 [c6c1c004-cb80-4a23-8b53-68ef0e0db17b-groupManagement] INFO  server.RaftServerConfigKeys (ConfUtils.java:logGet(62)) - raft.server.log.write.buffer.size = 33554440 (custom)
2025-07-02 18:45:20,684 [c6c1c004-cb80-4a23-8b53-68ef0e0db17b-groupManagement] INFO  server.RaftServerConfigKeys (ConfUtils.java:logGet(62)) - raft.server.log.appender.buffer.byte-limit = 33554432 (custom)
2025-07-02 18:45:20,684 [c6c1c004-cb80-4a23-8b53-68ef0e0db17b-groupManagement] INFO  segmented.SegmentedRaftLogWorker (SegmentedRaftLogWorker.java:lambda$new$0(141)) - c6c1c004-cb80-4a23-8b53-68ef0e0db17b@group-2699D49A5245-SegmentedRaftLogWorker: flushIndex: setUnconditionally 0 -> -1
2025-07-02 18:45:20,685 [c6c1c004-cb80-4a23-8b53-68ef0e0db17b-groupManagement] INFO  segmented.SegmentedRaftLogWorker (SegmentedRaftLogWorker.java:lambda$new$0(141)) - c6c1c004-cb80-4a23-8b53-68ef0e0db17b@group-2699D49A5245-SegmentedRaftLogWorker: safeCacheEvictIndex: setUnconditionally 0 -> -1
2025-07-02 18:45:20,685 [c6c1c004-cb80-4a23-8b53-68ef0e0db17b-groupManagement] INFO  server.RaftServer$Division (RaftServerImpl.java:start(405)) - c6c1c004-cb80-4a23-8b53-68ef0e0db17b@group-2699D49A5245: start as a follower, conf=conf: {index: -1, cur=peers:[c6c1c004-cb80-4a23-8b53-68ef0e0db17b|127.0.0.1:15047]|listeners:[], old=null}
2025-07-02 18:45:20,685 [c6c1c004-cb80-4a23-8b53-68ef0e0db17b-groupManagement] INFO  server.RaftServer$Division (RaftServerImpl.java:setRole(392)) - c6c1c004-cb80-4a23-8b53-68ef0e0db17b@group-2699D49A5245: changes role from      null to FOLLOWER at term 0 for startAsFollower
2025-07-02 18:45:20,685 [c6c1c004-cb80-4a23-8b53-68ef0e0db17b-groupManagement] INFO  impl.RoleInfo (RoleInfo.java:updateAndGet(148)) - c6c1c004-cb80-4a23-8b53-68ef0e0db17b: start c6c1c004-cb80-4a23-8b53-68ef0e0db17b@group-2699D49A5245-FollowerState
2025-07-02 18:45:20,685 [c6c1c004-cb80-4a23-8b53-68ef0e0db17b-groupManagement] INFO  util.JmxRegister (JmxRegister.java:tryRegister(44)) - Successfully registered JMX Bean with object name Ratis:service=RaftServer,group=group-2699D49A5245,id=c6c1c004-cb80-4a23-8b53-68ef0e0db17b
2025-07-02 18:45:20,685 [c6c1c004-cb80-4a23-8b53-68ef0e0db17b-groupManagement] INFO  util.JmxRegister (JmxRegister.java:register(58)) - register mxBean class org.apache.ratis.server.impl.RaftServerJmxAdapter as Ratis:service=RaftServer,group=group-2699D49A5245,id=c6c1c004-cb80-4a23-8b53-68ef0e0db17b
2025-07-02 18:45:20,686 [c6c1c004-cb80-4a23-8b53-68ef0e0db17b-groupManagement] INFO  server.RaftServer$Division (RaftServerImpl.java:start(419)) - c6c1c004-cb80-4a23-8b53-68ef0e0db17b@group-2699D49A5245: Successfully started.
2025-07-02 18:45:20,686 [c6c1c004-cb80-4a23-8b53-68ef0e0db17b-PipelineCommandHandlerThread-0] INFO  ratis.XceiverServerRatis (XceiverServerRatis.java:addGroup(843)) - Created group Pipeline-87f42220-0f27-4781-8a18-2699d49a5245
2025-07-02 18:45:20,686 [c6c1c004-cb80-4a23-8b53-68ef0e0db17b-PipelineCommandHandlerThread-0] INFO  commandhandler.CreatePipelineCommandHandler (CreatePipelineCommandHandler.java:lambda$handle$2(127)) - Created Pipeline RATIS ONE Pipeline-87f42220-0f27-4781-8a18-2699d49a5245.
2025-07-02 18:45:20,688 [EventQueue-PipelineReportForOneReplicaPipelineSafeModeRule] INFO  safemode.SCMSafeModeManager (SCMSafeModeManager.java:validateSafeModeExitRules(139)) - AtleastOneDatanodeReportedRule rule is successfully validated
2025-07-02 18:45:20,691 [75758caf-2019-48e0-9285-4ac26ec01eda@group-16FA12A0797F-FollowerState] INFO  impl.FollowerState (FollowerState.java:runImpl(161)) - 75758caf-2019-48e0-9285-4ac26ec01eda@group-16FA12A0797F-FollowerState: change to CANDIDATE, lastRpcElapsedTime:1063454762ns, electionTimeout:1063ms
2025-07-02 18:45:20,691 [75758caf-2019-48e0-9285-4ac26ec01eda@group-16FA12A0797F-FollowerState] INFO  impl.RoleInfo (RoleInfo.java:shutdownFollowerState(121)) - 75758caf-2019-48e0-9285-4ac26ec01eda: shutdown 75758caf-2019-48e0-9285-4ac26ec01eda@group-16FA12A0797F-FollowerState
2025-07-02 18:45:20,691 [75758caf-2019-48e0-9285-4ac26ec01eda@group-16FA12A0797F-FollowerState] INFO  server.RaftServer$Division (RaftServerImpl.java:setRole(392)) - 75758caf-2019-48e0-9285-4ac26ec01eda@group-16FA12A0797F: changes role from  FOLLOWER to CANDIDATE at term 0 for changeToCandidate
2025-07-02 18:45:20,691 [75758caf-2019-48e0-9285-4ac26ec01eda@group-16FA12A0797F-FollowerState] INFO  impl.RoleInfo (RoleInfo.java:updateAndGet(148)) - 75758caf-2019-48e0-9285-4ac26ec01eda: start 75758caf-2019-48e0-9285-4ac26ec01eda@group-16FA12A0797F-LeaderElection4
2025-07-02 18:45:20,692 [75758caf-2019-48e0-9285-4ac26ec01eda@group-16FA12A0797F-LeaderElection4] INFO  impl.LeaderElection (LeaderElection.java:askForVotes(448)) - 75758caf-2019-48e0-9285-4ac26ec01eda@group-16FA12A0797F-LeaderElection4 PRE_VOTE round 0: submit vote requests at term 0 for conf: {index: -1, cur=peers:[75758caf-2019-48e0-9285-4ac26ec01eda|127.0.0.1:15015]|listeners:[], old=null}
2025-07-02 18:45:20,692 [75758caf-2019-48e0-9285-4ac26ec01eda@group-16FA12A0797F-LeaderElection4] INFO  impl.LeaderElection (LeaderElection.java:askForVotes(450)) - 75758caf-2019-48e0-9285-4ac26ec01eda@group-16FA12A0797F-LeaderElection4 PRE_VOTE round 0: result PASSED (term=0)
2025-07-02 18:45:20,694 [75758caf-2019-48e0-9285-4ac26ec01eda@group-16FA12A0797F-LeaderElection4] INFO  impl.LeaderElection (LeaderElection.java:askForVotes(448)) - 75758caf-2019-48e0-9285-4ac26ec01eda@group-16FA12A0797F-LeaderElection4 ELECTION round 0: submit vote requests at term 1 for conf: {index: -1, cur=peers:[75758caf-2019-48e0-9285-4ac26ec01eda|127.0.0.1:15015]|listeners:[], old=null}
2025-07-02 18:45:20,694 [75758caf-2019-48e0-9285-4ac26ec01eda@group-16FA12A0797F-LeaderElection4] INFO  impl.LeaderElection (LeaderElection.java:askForVotes(450)) - 75758caf-2019-48e0-9285-4ac26ec01eda@group-16FA12A0797F-LeaderElection4 ELECTION round 0: result PASSED (term=1)
2025-07-02 18:45:20,694 [75758caf-2019-48e0-9285-4ac26ec01eda@group-16FA12A0797F-LeaderElection4] INFO  impl.RoleInfo (RoleInfo.java:shutdownLeaderElection(141)) - 75758caf-2019-48e0-9285-4ac26ec01eda: shutdown 75758caf-2019-48e0-9285-4ac26ec01eda@group-16FA12A0797F-LeaderElection4
2025-07-02 18:45:20,694 [75758caf-2019-48e0-9285-4ac26ec01eda@group-16FA12A0797F-LeaderElection4] INFO  server.RaftServer$Division (RaftServerImpl.java:setRole(392)) - 75758caf-2019-48e0-9285-4ac26ec01eda@group-16FA12A0797F: changes role from CANDIDATE to LEADER at term 1 for changeToLeader
2025-07-02 18:45:20,694 [75758caf-2019-48e0-9285-4ac26ec01eda@group-16FA12A0797F-LeaderElection4] INFO  server.RaftServerConfigKeys (ConfUtils.java:logFallback(69)) - raft.server.staging.timeout = 15600ms (fallback to raft.server.rpc.timeout.max)
2025-07-02 18:45:20,695 [75758caf-2019-48e0-9285-4ac26ec01eda@group-16FA12A0797F-LeaderElection4] INFO  server.RaftServerConfigKeys (ConfUtils.java:logGet(62)) - raft.server.write.element-limit = 1024 (custom)
2025-07-02 18:45:20,695 [75758caf-2019-48e0-9285-4ac26ec01eda@group-16FA12A0797F-LeaderElection4] INFO  server.RaftServerConfigKeys (ConfUtils.java:logGet(62)) - raft.server.write.byte-limit = 1024 M (=1073741824) (custom)
2025-07-02 18:45:20,696 [75758caf-2019-48e0-9285-4ac26ec01eda@group-16FA12A0797F-LeaderElection4] INFO  server.RaftServerConfigKeys (ConfUtils.java:logGet(62)) - raft.server.log.log-metadata.enabled = true (default)
2025-07-02 18:45:20,696 [75758caf-2019-48e0-9285-4ac26ec01eda@group-16FA12A0797F-LeaderElection4] INFO  impl.RoleInfo (RoleInfo.java:updateAndGet(148)) - 75758caf-2019-48e0-9285-4ac26ec01eda: start 75758caf-2019-48e0-9285-4ac26ec01eda@group-16FA12A0797F-LeaderStateImpl
2025-07-02 18:45:20,696 [75758caf-2019-48e0-9285-4ac26ec01eda@group-16FA12A0797F-LeaderElection4] INFO  server.RaftServer$Division (RaftServerImpl.java:setFirstElection(576)) - 75758caf-2019-48e0-9285-4ac26ec01eda@group-16FA12A0797F: set firstElectionSinceStartup to false for becomeLeader
2025-07-02 18:45:20,696 [75758caf-2019-48e0-9285-4ac26ec01eda@group-16FA12A0797F-LeaderElection4] INFO  ratis.XceiverServerRatis (XceiverServerRatis.java:handleLeaderChangedNotification(944)) - Leader change notification received for group: group-16FA12A0797F with new leaderId: 75758caf-2019-48e0-9285-4ac26ec01eda
2025-07-02 18:45:20,697 [75758caf-2019-48e0-9285-4ac26ec01eda@group-16FA12A0797F-LeaderElection4] INFO  server.RaftServer$Division (ServerState.java:setLeader(272)) - 75758caf-2019-48e0-9285-4ac26ec01eda@group-16FA12A0797F: change Leader from null to 75758caf-2019-48e0-9285-4ac26ec01eda at term 1 for becomeLeader, leader elected after 1095ms
2025-07-02 18:45:20,697 [75758caf-2019-48e0-9285-4ac26ec01eda@group-16FA12A0797F-LeaderElection4] INFO  segmented.SegmentedRaftLogWorker (SegmentedRaftLogWorker.java:startLogSegment(440)) - 75758caf-2019-48e0-9285-4ac26ec01eda@group-16FA12A0797F-SegmentedRaftLogWorker: Starting segment from index:0
2025-07-02 18:45:20,698 [75758caf-2019-48e0-9285-4ac26ec01eda@group-16FA12A0797F-LeaderElection4] INFO  server.RaftServer$Division (ServerState.java:setRaftConf(386)) - 75758caf-2019-48e0-9285-4ac26ec01eda@group-16FA12A0797F: set configuration conf: {index: 0, cur=peers:[75758caf-2019-48e0-9285-4ac26ec01eda|127.0.0.1:15015]|listeners:[], old=null}
2025-07-02 18:45:20,699 [EventQueue-PipelineReportForOneReplicaPipelineSafeModeRule] INFO  safemode.SCMSafeModeManager (SCMSafeModeManager.java:validateSafeModeExitRules(139)) - AtleastOneDatanodeReportedRule rule is successfully validated
2025-07-02 18:45:20,700 [75758caf-2019-48e0-9285-4ac26ec01eda@group-16FA12A0797F-SegmentedRaftLogWorker] INFO  segmented.BufferedWriteChannel (BufferedWriteChannel.java:open(61)) - open log_inprogress_0 at position 0
2025-07-02 18:45:20,709 [75758caf-2019-48e0-9285-4ac26ec01eda@group-16FA12A0797F-SegmentedRaftLogWorker] INFO  segmented.SegmentedRaftLogWorker (SegmentedRaftLogWorker.java:execute(647)) - 75758caf-2019-48e0-9285-4ac26ec01eda@group-16FA12A0797F-SegmentedRaftLogWorker: created new log segment /home/runner/work/ozone/ozone/hadoop-ozone/integration-test/target/test-dir/MiniOzoneClusterImpl-b7e00dfa-d3b8-45cf-9d3a-2bd5fdfebf54/ozone-meta/datanode-1/ratis/906d62e7-90da-4d4c-b26f-16fa12a0797f/current/log_inprogress_0
2025-07-02 18:45:20,712 [75758caf-2019-48e0-9285-4ac26ec01eda@group-16FA12A0797F-StateMachineUpdater] INFO  server.RaftServer$Division (LeaderStateImpl.java:checkStartIndex(309)) - Leader 75758caf-2019-48e0-9285-4ac26ec01eda@group-16FA12A0797F-LeaderStateImpl is ready since appliedIndex == startIndex == 0
2025-07-02 18:45:20,712 [75758caf-2019-48e0-9285-4ac26ec01eda@group-16FA12A0797F-StateMachineUpdater] INFO  ratis.ContainerStateMachine (ContainerStateMachine.java:takeSnapshot(427)) - group-16FA12A0797F: Taking a snapshot at:(t:1, i:0) file /home/runner/work/ozone/ozone/hadoop-ozone/integration-test/target/test-dir/MiniOzoneClusterImpl-b7e00dfa-d3b8-45cf-9d3a-2bd5fdfebf54/ozone-meta/datanode-1/ratis/906d62e7-90da-4d4c-b26f-16fa12a0797f/sm/snapshot.1_0
2025-07-02 18:45:20,750 [EventQueue-PipelineReportForOneReplicaPipelineSafeModeRule] INFO  safemode.SCMSafeModeManager (SCMSafeModeManager.java:validateSafeModeExitRules(139)) - AtleastOneDatanodeReportedRule rule is successfully validated
2025-07-02 18:45:20,766 [EventQueue-PipelineReportForOneReplicaPipelineSafeModeRule] INFO  safemode.SCMSafeModeManager (SCMSafeModeManager.java:validateSafeModeExitRules(139)) - AtleastOneDatanodeReportedRule rule is successfully validated
2025-07-02 18:45:20,790 [75758caf-2019-48e0-9285-4ac26ec01eda@group-16FA12A0797F-StateMachineUpdater] INFO  ratis.ContainerStateMachine (ContainerStateMachine.java:takeSnapshot(436)) - group-16FA12A0797F: Finished taking a snapshot at:(t:1, i:0) file:/home/runner/work/ozone/ozone/hadoop-ozone/integration-test/target/test-dir/MiniOzoneClusterImpl-b7e00dfa-d3b8-45cf-9d3a-2bd5fdfebf54/ozone-meta/datanode-1/ratis/906d62e7-90da-4d4c-b26f-16fa12a0797f/sm/snapshot.1_0 took: 78 ms
2025-07-02 18:45:20,791 [75758caf-2019-48e0-9285-4ac26ec01eda@group-16FA12A0797F-StateMachineUpdater] INFO  impl.StateMachineUpdater (StateMachineUpdater.java:takeSnapshot(307)) - 75758caf-2019-48e0-9285-4ac26ec01eda@group-16FA12A0797F-StateMachineUpdater: Took a snapshot at index 0
2025-07-02 18:45:20,791 [75758caf-2019-48e0-9285-4ac26ec01eda@group-16FA12A0797F-StateMachineUpdater] INFO  impl.StateMachineUpdater (StateMachineUpdater.java:lambda$new$0(101)) - 75758caf-2019-48e0-9285-4ac26ec01eda@group-16FA12A0797F-StateMachineUpdater: snapshotIndex: updateIncreasingly -1 -> 0
2025-07-02 18:45:20,837 [75758caf-2019-48e0-9285-4ac26ec01eda@group-B92A147DE22B-FollowerState] INFO  impl.FollowerState (FollowerState.java:runImpl(161)) - 75758caf-2019-48e0-9285-4ac26ec01eda@group-B92A147DE22B-FollowerState: change to CANDIDATE, lastRpcElapsedTime:1179569594ns, electionTimeout:1179ms
2025-07-02 18:45:20,837 [75758caf-2019-48e0-9285-4ac26ec01eda@group-B92A147DE22B-FollowerState] INFO  impl.RoleInfo (RoleInfo.java:shutdownFollowerState(121)) - 75758caf-2019-48e0-9285-4ac26ec01eda: shutdown 75758caf-2019-48e0-9285-4ac26ec01eda@group-B92A147DE22B-FollowerState
2025-07-02 18:45:20,837 [75758caf-2019-48e0-9285-4ac26ec01eda@group-B92A147DE22B-FollowerState] INFO  server.RaftServer$Division (RaftServerImpl.java:setRole(392)) - 75758caf-2019-48e0-9285-4ac26ec01eda@group-B92A147DE22B: changes role from  FOLLOWER to CANDIDATE at term 0 for changeToCandidate
2025-07-02 18:45:20,837 [75758caf-2019-48e0-9285-4ac26ec01eda@group-B92A147DE22B-FollowerState] INFO  impl.RoleInfo (RoleInfo.java:updateAndGet(148)) - 75758caf-2019-48e0-9285-4ac26ec01eda: start 75758caf-2019-48e0-9285-4ac26ec01eda@group-B92A147DE22B-LeaderElection5
2025-07-02 18:45:20,837 [EventQueue-PipelineReportForOneReplicaPipelineSafeModeRule] INFO  safemode.SCMSafeModeManager (SCMSafeModeManager.java:validateSafeModeExitRules(139)) - AtleastOneDatanodeReportedRule rule is successfully validated
2025-07-02 18:45:20,838 [75758caf-2019-48e0-9285-4ac26ec01eda@group-B92A147DE22B-LeaderElection5] INFO  impl.LeaderElection (LeaderElection.java:askForVotes(448)) - 75758caf-2019-48e0-9285-4ac26ec01eda@group-B92A147DE22B-LeaderElection5 PRE_VOTE round 0: submit vote requests at term 0 for conf: {index: -1, cur=peers:[f1637480-4571-474d-8c0e-49126192dfac|127.0.0.1:15023, baa12041-7cca-45c7-810c-7ea11519444b|127.0.0.1:15031, 75758caf-2019-48e0-9285-4ac26ec01eda|127.0.0.1:15015]|listeners:[], old=null}
2025-07-02 18:45:20,841 [75758caf-2019-48e0-9285-4ac26ec01eda@group-B92A147DE22B-LeaderElection5-1] INFO  server.GrpcServerProtocolClient (GrpcServerProtocolClient.java:<init>(65)) - Build channel for f1637480-4571-474d-8c0e-49126192dfac|127.0.0.1:15023
2025-07-02 18:45:20,841 [75758caf-2019-48e0-9285-4ac26ec01eda@group-B92A147DE22B-LeaderElection5-2] INFO  server.GrpcServerProtocolClient (GrpcServerProtocolClient.java:<init>(65)) - Build channel for baa12041-7cca-45c7-810c-7ea11519444b|127.0.0.1:15031
2025-07-02 18:45:20,847 [grpc-default-executor-0] INFO  server.RaftServer$Division (RaftServerImpl.java:requestVote(1421)) - baa12041-7cca-45c7-810c-7ea11519444b@group-B92A147DE22B: receive requestVote(PRE_VOTE, 75758caf-2019-48e0-9285-4ac26ec01eda, group-B92A147DE22B, 0, <PROTO_DEFAULT>)
2025-07-02 18:45:20,848 [grpc-default-executor-1] INFO  server.RaftServer$Division (RaftServerImpl.java:requestVote(1421)) - f1637480-4571-474d-8c0e-49126192dfac@group-B92A147DE22B: receive requestVote(PRE_VOTE, 75758caf-2019-48e0-9285-4ac26ec01eda, group-B92A147DE22B, 0, <PROTO_DEFAULT>)
2025-07-02 18:45:20,849 [grpc-default-executor-0] INFO  impl.VoteContext (VoteContext.java:log(49)) - baa12041-7cca-45c7-810c-7ea11519444b@group-B92A147DE22B-FOLLOWER: reject PRE_VOTE from 75758caf-2019-48e0-9285-4ac26ec01eda: our priority 1 > candidate's priority 0
2025-07-02 18:45:20,850 [EventQueue-PipelineReportForOneReplicaPipelineSafeModeRule] INFO  safemode.SCMSafeModeManager (SCMSafeModeManager.java:validateSafeModeExitRules(139)) - AtleastOneDatanodeReportedRule rule is successfully validated
2025-07-02 18:45:20,851 [grpc-default-executor-1] INFO  impl.VoteContext (VoteContext.java:log(49)) - f1637480-4571-474d-8c0e-49126192dfac@group-B92A147DE22B-FOLLOWER: accept PRE_VOTE from 75758caf-2019-48e0-9285-4ac26ec01eda: our priority 0 <= candidate's priority 0
2025-07-02 18:45:20,851 [grpc-default-executor-0] INFO  server.RaftServer$Division (RaftServerImpl.java:requestVote(1455)) - baa12041-7cca-45c7-810c-7ea11519444b@group-B92A147DE22B replies to PRE_VOTE vote request: 75758caf-2019-48e0-9285-4ac26ec01eda<-baa12041-7cca-45c7-810c-7ea11519444b#0:FAIL-t0-last:<INITIAL_VALUE>. Peer's state: baa12041-7cca-45c7-810c-7ea11519444b@group-B92A147DE22B:t0, leader=null, voted=, raftlog=Memoized:baa12041-7cca-45c7-810c-7ea11519444b@group-B92A147DE22B-SegmentedRaftLog:OPENED:c-1:lastnull, conf=conf: {index: -1, cur=peers:[f1637480-4571-474d-8c0e-49126192dfac|127.0.0.1:15023, baa12041-7cca-45c7-810c-7ea11519444b|127.0.0.1:15031, 75758caf-2019-48e0-9285-4ac26ec01eda|127.0.0.1:15015]|listeners:[], old=null}
2025-07-02 18:45:20,852 [grpc-default-executor-1] INFO  server.RaftServer$Division (RaftServerImpl.java:requestVote(1455)) - f1637480-4571-474d-8c0e-49126192dfac@group-B92A147DE22B replies to PRE_VOTE vote request: 75758caf-2019-48e0-9285-4ac26ec01eda<-f1637480-4571-474d-8c0e-49126192dfac#0:OK-t0-last:<INITIAL_VALUE>. Peer's state: f1637480-4571-474d-8c0e-49126192dfac@group-B92A147DE22B:t0, leader=null, voted=, raftlog=Memoized:f1637480-4571-474d-8c0e-49126192dfac@group-B92A147DE22B-SegmentedRaftLog:OPENED:c-1:lastnull, conf=conf: {index: -1, cur=peers:[f1637480-4571-474d-8c0e-49126192dfac|127.0.0.1:15023, baa12041-7cca-45c7-810c-7ea11519444b|127.0.0.1:15031, 75758caf-2019-48e0-9285-4ac26ec01eda|127.0.0.1:15015]|listeners:[], old=null}
2025-07-02 18:45:20,854 [75758caf-2019-48e0-9285-4ac26ec01eda@group-B92A147DE22B-LeaderElection5] INFO  impl.LeaderElection (LeaderElection.java:logAndReturn(206)) - 75758caf-2019-48e0-9285-4ac26ec01eda@group-B92A147DE22B-LeaderElection5: PRE_VOTE REJECTED received 2 response(s) and 0 exception(s):
2025-07-02 18:45:20,854 [75758caf-2019-48e0-9285-4ac26ec01eda@group-B92A147DE22B-LeaderElection5] INFO  impl.LeaderElection (LeaderElection.java:logAndReturn(210)) -   Response 0: 75758caf-2019-48e0-9285-4ac26ec01eda<-f1637480-4571-474d-8c0e-49126192dfac#0:OK-t0-last:<INITIAL_VALUE>
2025-07-02 18:45:20,854 [75758caf-2019-48e0-9285-4ac26ec01eda@group-B92A147DE22B-LeaderElection5] INFO  impl.LeaderElection (LeaderElection.java:logAndReturn(210)) -   Response 1: 75758caf-2019-48e0-9285-4ac26ec01eda<-baa12041-7cca-45c7-810c-7ea11519444b#0:FAIL-t0-last:<INITIAL_VALUE>
2025-07-02 18:45:20,854 [75758caf-2019-48e0-9285-4ac26ec01eda@group-B92A147DE22B-LeaderElection5] INFO  impl.LeaderElection (LeaderElection.java:askForVotes(450)) - 75758caf-2019-48e0-9285-4ac26ec01eda@group-B92A147DE22B-LeaderElection5 PRE_VOTE round 0: result REJECTED
2025-07-02 18:45:20,855 [75758caf-2019-48e0-9285-4ac26ec01eda@group-B92A147DE22B-LeaderElection5] INFO  server.RaftServer$Division (RaftServerImpl.java:setRole(392)) - 75758caf-2019-48e0-9285-4ac26ec01eda@group-B92A147DE22B: changes role from CANDIDATE to FOLLOWER at term 0 for REJECTED
2025-07-02 18:45:20,855 [75758caf-2019-48e0-9285-4ac26ec01eda@group-B92A147DE22B-LeaderElection5] INFO  impl.RoleInfo (RoleInfo.java:shutdownLeaderElection(141)) - 75758caf-2019-48e0-9285-4ac26ec01eda: shutdown 75758caf-2019-48e0-9285-4ac26ec01eda@group-B92A147DE22B-LeaderElection5
2025-07-02 18:45:20,855 [75758caf-2019-48e0-9285-4ac26ec01eda@group-B92A147DE22B-LeaderElection5] INFO  impl.RoleInfo (RoleInfo.java:updateAndGet(148)) - 75758caf-2019-48e0-9285-4ac26ec01eda: start 75758caf-2019-48e0-9285-4ac26ec01eda@group-B92A147DE22B-FollowerState
2025-07-02 18:45:20,855 [75758caf-2019-48e0-9285-4ac26ec01eda@group-B92A147DE22B-LeaderElection5] INFO  server.RaftServer$Division (RaftServerImpl.java:setFirstElection(576)) - 75758caf-2019-48e0-9285-4ac26ec01eda@group-B92A147DE22B: set firstElectionSinceStartup to false for REJECTED
2025-07-02 18:45:20,895 [EventQueue-PipelineReportForOneReplicaPipelineSafeModeRule] INFO  safemode.SCMSafeModeManager (SCMSafeModeManager.java:validateSafeModeExitRules(139)) - AtleastOneDatanodeReportedRule rule is successfully validated
2025-07-02 18:45:20,898 [EventQueue-PipelineReportForOneReplicaPipelineSafeModeRule] INFO  safemode.SCMSafeModeManager (SCMSafeModeManager.java:validateSafeModeExitRules(139)) - AtleastOneDatanodeReportedRule rule is successfully validated
2025-07-02 18:45:20,904 [EventQueue-PipelineReportForOneReplicaPipelineSafeModeRule] INFO  safemode.SCMSafeModeManager (SCMSafeModeManager.java:validateSafeModeExitRules(139)) - AtleastOneDatanodeReportedRule rule is successfully validated
2025-07-02 18:45:20,905 [4114dace-2331-46e8-9bd0-01e36750a673-PipelineCommandHandlerThread-0] INFO  server.RaftServer (RaftServerProxy.java:addNew(105)) - 4114dace-2331-46e8-9bd0-01e36750a673: addNew group-3EE6F51C8C50:[4114dace-2331-46e8-9bd0-01e36750a673|127.0.0.1:15055] returns group-3EE6F51C8C50:java.util.concurrent.CompletableFuture@3151d696[Not completed]
2025-07-02 18:45:20,907 [4114dace-2331-46e8-9bd0-01e36750a673-groupManagement] WARN  statemachine.DatanodeConfiguration (DatanodeConfiguration.java:validateMinFreeSpace(751)) - hdds.datanode.volume.min.free.space.percent = -1.0 is invalid, should be between 0 and 1
2025-07-02 18:45:20,907 [4114dace-2331-46e8-9bd0-01e36750a673-groupManagement] INFO  server.RaftServer$Division (RaftServerImpl.java:<init>(268)) - 4114dace-2331-46e8-9bd0-01e36750a673: new RaftServerImpl for group-3EE6F51C8C50:[4114dace-2331-46e8-9bd0-01e36750a673|127.0.0.1:15055] with ContainerStateMachine:uninitialized
2025-07-02 18:45:20,907 [4114dace-2331-46e8-9bd0-01e36750a673-groupManagement] INFO  server.RaftServer$Division (ServerState.java:<init>(114)) - 4114dace-2331-46e8-9bd0-01e36750a673@group-3EE6F51C8C50: ConfigurationManager, init=conf: {index: -1, cur=peers:[4114dace-2331-46e8-9bd0-01e36750a673|127.0.0.1:15055]|listeners:[], old=null}, confs=<EMPTY_MAP>
2025-07-02 18:45:20,910 [4114dace-2331-46e8-9bd0-01e36750a673-groupManagement] INFO  server.RaftServerConfigKeys (ConfUtils.java:logGet(62)) - raft.server.storage.dir = [/home/runner/work/ozone/ozone/hadoop-ozone/integration-test/target/test-dir/MiniOzoneClusterImpl-b7e00dfa-d3b8-45cf-9d3a-2bd5fdfebf54/ozone-meta/datanode-6/ratis] (custom)
2025-07-02 18:45:20,911 [4114dace-2331-46e8-9bd0-01e36750a673-groupManagement] INFO  storage.RaftStorageDirectory (RaftStorageDirectoryImpl.java:analyzeStorage(138)) - The storage directory /home/runner/work/ozone/ozone/hadoop-ozone/integration-test/target/test-dir/MiniOzoneClusterImpl-b7e00dfa-d3b8-45cf-9d3a-2bd5fdfebf54/ozone-meta/datanode-6/ratis/fc6e5aad-ca14-4a9f-b2c7-3ee6f51c8c50 does not exist. Creating ...
2025-07-02 18:45:20,912 [4114dace-2331-46e8-9bd0-01e36750a673-groupManagement] INFO  storage.RaftStorageDirectory (RaftStorageDirectoryImpl.java:tryLock(229)) - Lock on /home/runner/work/ozone/ozone/hadoop-ozone/integration-test/target/test-dir/MiniOzoneClusterImpl-b7e00dfa-d3b8-45cf-9d3a-2bd5fdfebf54/ozone-meta/datanode-6/ratis/fc6e5aad-ca14-4a9f-b2c7-3ee6f51c8c50/in_use.lock acquired by nodename 44808@localhost
2025-07-02 18:45:20,913 [4114dace-2331-46e8-9bd0-01e36750a673-groupManagement] INFO  storage.RaftStorage (RaftStorageImpl.java:format(98)) - Storage directory /home/runner/work/ozone/ozone/hadoop-ozone/integration-test/target/test-dir/MiniOzoneClusterImpl-b7e00dfa-d3b8-45cf-9d3a-2bd5fdfebf54/ozone-meta/datanode-6/ratis/fc6e5aad-ca14-4a9f-b2c7-3ee6f51c8c50 has been successfully formatted.
2025-07-02 18:45:20,914 [4114dace-2331-46e8-9bd0-01e36750a673-groupManagement] INFO  ratis.ContainerStateMachine (ContainerStateMachine.java:initialize(339)) - 4114dace-2331-46e8-9bd0-01e36750a673: initialize group-3EE6F51C8C50
2025-07-02 18:45:20,914 [4114dace-2331-46e8-9bd0-01e36750a673-groupManagement] INFO  ratis.ContainerStateMachine (ContainerStateMachine.java:loadSnapshot(347)) - group-3EE6F51C8C50: The snapshot info is null. Setting the last applied index to:<INITIAL_VALUE>
2025-07-02 18:45:20,914 [4114dace-2331-46e8-9bd0-01e36750a673-groupManagement] INFO  server.RaftServerConfigKeys (ConfUtils.java:logGet(62)) - raft.server.log.appender.buffer.byte-limit = 33554432 (custom)
2025-07-02 18:45:20,914 [EventQueue-PipelineReportForOneReplicaPipelineSafeModeRule] INFO  safemode.SCMSafeModeManager (SCMSafeModeManager.java:validateSafeModeExitRules(139)) - AtleastOneDatanodeReportedRule rule is successfully validated
2025-07-02 18:45:20,916 [4114dace-2331-46e8-9bd0-01e36750a673-groupManagement] INFO  server.RaftServerConfigKeys (ConfUtils.java:logGet(62)) - raft.server.log.segment.size.max = 67108864 (custom)
2025-07-02 18:45:20,917 [4114dace-2331-46e8-9bd0-01e36750a673-groupManagement] INFO  server.RaftServerConfigKeys (ConfUtils.java:logGet(62)) - raft.server.log.appender.buffer.byte-limit = 33554432 (custom)
2025-07-02 18:45:20,917 [4114dace-2331-46e8-9bd0-01e36750a673-groupManagement] INFO  util.AwaitToRun (AwaitToRun.java:start(81)) - Thread[#1294,4114dace-2331-46e8-9bd0-01e36750a673@group-3EE6F51C8C50-cacheEviction-AwaitToRun,5,main] started
2025-07-02 18:45:20,917 [4114dace-2331-46e8-9bd0-01e36750a673-groupManagement] INFO  segmented.SegmentedRaftLogWorker (SegmentedRaftLogWorker.java:<init>(190)) - new 4114dace-2331-46e8-9bd0-01e36750a673@group-3EE6F51C8C50-SegmentedRaftLogWorker for RaftStorageImpl:Storage Directory /home/runner/work/ozone/ozone/hadoop-ozone/integration-test/target/test-dir/MiniOzoneClusterImpl-b7e00dfa-d3b8-45cf-9d3a-2bd5fdfebf54/ozone-meta/datanode-6/ratis/fc6e5aad-ca14-4a9f-b2c7-3ee6f51c8c50
2025-07-02 18:45:20,917 [4114dace-2331-46e8-9bd0-01e36750a673-groupManagement] INFO  server.RaftServerConfigKeys (ConfUtils.java:logGet(62)) - raft.server.log.queue.byte-limit = 4294967296 (custom)
2025-07-02 18:45:20,917 [4114dace-2331-46e8-9bd0-01e36750a673-groupManagement] INFO  server.RaftServerConfigKeys (ConfUtils.java:logGet(62)) - raft.server.log.segment.size.max = 67108864 (custom)
2025-07-02 18:45:20,917 [4114dace-2331-46e8-9bd0-01e36750a673-groupManagement] INFO  server.RaftServerConfigKeys (ConfUtils.java:logGet(62)) - raft.server.log.preallocated.size = 4194304 (custom)
2025-07-02 18:45:20,918 [4114dace-2331-46e8-9bd0-01e36750a673-groupManagement] INFO  server.RaftServerConfigKeys (ConfUtils.java:logGet(62)) - raft.server.log.write.buffer.size = 33554440 (custom)
2025-07-02 18:45:20,919 [0fee975d-e734-400e-bdb4-ee8e3ebebca6@group-2BD5FDFEBF54-StateMachineUpdater] INFO  safemode.SCMSafeModeManager (SCMSafeModeManager.java:validateSafeModeExitRules(139)) - DataNodeSafeModeRule rule is successfully validated
2025-07-02 18:45:20,920 [0fee975d-e734-400e-bdb4-ee8e3ebebca6@group-2BD5FDFEBF54-StateMachineUpdater] INFO  safemode.SCMSafeModeManager (SCMSafeModeManager.java:validateSafeModeExitRules(139)) - RatisContainerSafeModeRule rule is successfully validated
2025-07-02 18:45:20,921 [0fee975d-e734-400e-bdb4-ee8e3ebebca6@group-2BD5FDFEBF54-StateMachineUpdater] INFO  safemode.HealthyPipelineSafeModeRule (HealthyPipelineSafeModeRule.java:initializeRule(228)) - Refreshed total pipeline count is 0, healthy pipeline threshold count is 1
2025-07-02 18:45:20,921 [0fee975d-e734-400e-bdb4-ee8e3ebebca6@group-2BD5FDFEBF54-StateMachineUpdater] INFO  safemode.SCMSafeModeManager (SCMSafeModeManager.java:validateSafeModeExitRules(139)) - ECContainerSafeModeRule rule is successfully validated
2025-07-02 18:45:20,921 [0fee975d-e734-400e-bdb4-ee8e3ebebca6@group-2BD5FDFEBF54-StateMachineUpdater] INFO  safemode.SCMSafeModeManager (SCMSafeModeManager.java:validateSafeModeExitRules(139)) - AtleastOneDatanodeReportedRule rule is successfully validated
2025-07-02 18:45:20,922 [EventQueue-PipelineReportForPipelineReportHandler] INFO  pipeline.PipelineReportHandler (PipelineReportHandler.java:processPipelineReport(134)) - Opened pipeline Pipeline-fc6e5aad-ca14-4a9f-b2c7-3ee6f51c8c50
2025-07-02 18:45:20,924 [4114dace-2331-46e8-9bd0-01e36750a673-groupManagement] INFO  server.RaftServerConfigKeys (ConfUtils.java:logGet(62)) - raft.server.log.appender.buffer.byte-limit = 33554432 (custom)
2025-07-02 18:45:20,924 [4114dace-2331-46e8-9bd0-01e36750a673-groupManagement] INFO  segmented.SegmentedRaftLogWorker (SegmentedRaftLogWorker.java:lambda$new$0(141)) - 4114dace-2331-46e8-9bd0-01e36750a673@group-3EE6F51C8C50-SegmentedRaftLogWorker: flushIndex: setUnconditionally 0 -> -1
2025-07-02 18:45:20,924 [4114dace-2331-46e8-9bd0-01e36750a673-groupManagement] INFO  segmented.SegmentedRaftLogWorker (SegmentedRaftLogWorker.java:lambda$new$0(141)) - 4114dace-2331-46e8-9bd0-01e36750a673@group-3EE6F51C8C50-SegmentedRaftLogWorker: safeCacheEvictIndex: setUnconditionally 0 -> -1
2025-07-02 18:45:20,925 [4114dace-2331-46e8-9bd0-01e36750a673-groupManagement] INFO  server.RaftServer$Division (RaftServerImpl.java:start(405)) - 4114dace-2331-46e8-9bd0-01e36750a673@group-3EE6F51C8C50: start as a follower, conf=conf: {index: -1, cur=peers:[4114dace-2331-46e8-9bd0-01e36750a673|127.0.0.1:15055]|listeners:[], old=null}
2025-07-02 18:45:20,925 [4114dace-2331-46e8-9bd0-01e36750a673-groupManagement] INFO  server.RaftServer$Division (RaftServerImpl.java:setRole(392)) - 4114dace-2331-46e8-9bd0-01e36750a673@group-3EE6F51C8C50: changes role from      null to FOLLOWER at term 0 for startAsFollower
2025-07-02 18:45:20,925 [4114dace-2331-46e8-9bd0-01e36750a673-groupManagement] INFO  impl.RoleInfo (RoleInfo.java:updateAndGet(148)) - 4114dace-2331-46e8-9bd0-01e36750a673: start 4114dace-2331-46e8-9bd0-01e36750a673@group-3EE6F51C8C50-FollowerState
2025-07-02 18:45:20,925 [4114dace-2331-46e8-9bd0-01e36750a673-groupManagement] INFO  util.JmxRegister (JmxRegister.java:tryRegister(44)) - Successfully registered JMX Bean with object name Ratis:service=RaftServer,group=group-3EE6F51C8C50,id=4114dace-2331-46e8-9bd0-01e36750a673
2025-07-02 18:45:20,925 [4114dace-2331-46e8-9bd0-01e36750a673-groupManagement] INFO  util.JmxRegister (JmxRegister.java:register(58)) - register mxBean class org.apache.ratis.server.impl.RaftServerJmxAdapter as Ratis:service=RaftServer,group=group-3EE6F51C8C50,id=4114dace-2331-46e8-9bd0-01e36750a673
2025-07-02 18:45:20,926 [4114dace-2331-46e8-9bd0-01e36750a673-groupManagement] INFO  server.RaftServer$Division (RaftServerImpl.java:start(419)) - 4114dace-2331-46e8-9bd0-01e36750a673@group-3EE6F51C8C50: Successfully started.
2025-07-02 18:45:20,927 [4114dace-2331-46e8-9bd0-01e36750a673-PipelineCommandHandlerThread-0] INFO  ratis.XceiverServerRatis (XceiverServerRatis.java:addGroup(843)) - Created group Pipeline-fc6e5aad-ca14-4a9f-b2c7-3ee6f51c8c50
2025-07-02 18:45:20,927 [4114dace-2331-46e8-9bd0-01e36750a673-PipelineCommandHandlerThread-0] INFO  commandhandler.CreatePipelineCommandHandler (CreatePipelineCommandHandler.java:lambda$handle$2(127)) - Created Pipeline RATIS ONE Pipeline-fc6e5aad-ca14-4a9f-b2c7-3ee6f51c8c50.
2025-07-02 18:45:20,966 [EventQueue-PipelineReportForOneReplicaPipelineSafeModeRule] INFO  safemode.SCMSafeModeManager (SCMSafeModeManager.java:validateSafeModeExitRules(139)) - AtleastOneDatanodeReportedRule rule is successfully validated
2025-07-02 18:45:20,989 [EventQueue-PipelineReportForOneReplicaPipelineSafeModeRule] INFO  safemode.SCMSafeModeManager (SCMSafeModeManager.java:validateSafeModeExitRules(139)) - AtleastOneDatanodeReportedRule rule is successfully validated
2025-07-02 18:45:21,008 [f1637480-4571-474d-8c0e-49126192dfac@group-8D2A7823D64A-FollowerState] INFO  impl.FollowerState (FollowerState.java:runImpl(161)) - f1637480-4571-474d-8c0e-49126192dfac@group-8D2A7823D64A-FollowerState: change to CANDIDATE, lastRpcElapsedTime:1135574569ns, electionTimeout:1135ms
2025-07-02 18:45:21,008 [f1637480-4571-474d-8c0e-49126192dfac@group-8D2A7823D64A-FollowerState] INFO  impl.RoleInfo (RoleInfo.java:shutdownFollowerState(121)) - f1637480-4571-474d-8c0e-49126192dfac: shutdown f1637480-4571-474d-8c0e-49126192dfac@group-8D2A7823D64A-FollowerState
2025-07-02 18:45:21,008 [f1637480-4571-474d-8c0e-49126192dfac@group-8D2A7823D64A-FollowerState] INFO  server.RaftServer$Division (RaftServerImpl.java:setRole(392)) - f1637480-4571-474d-8c0e-49126192dfac@group-8D2A7823D64A: changes role from  FOLLOWER to CANDIDATE at term 0 for changeToCandidate
2025-07-02 18:45:21,008 [f1637480-4571-474d-8c0e-49126192dfac@group-8D2A7823D64A-FollowerState] INFO  impl.RoleInfo (RoleInfo.java:updateAndGet(148)) - f1637480-4571-474d-8c0e-49126192dfac: start f1637480-4571-474d-8c0e-49126192dfac@group-8D2A7823D64A-LeaderElection6
2025-07-02 18:45:21,009 [f1637480-4571-474d-8c0e-49126192dfac@group-8D2A7823D64A-LeaderElection6] INFO  impl.LeaderElection (LeaderElection.java:askForVotes(448)) - f1637480-4571-474d-8c0e-49126192dfac@group-8D2A7823D64A-LeaderElection6 PRE_VOTE round 0: submit vote requests at term 0 for conf: {index: -1, cur=peers:[f1637480-4571-474d-8c0e-49126192dfac|127.0.0.1:15023]|listeners:[], old=null}
2025-07-02 18:45:21,009 [f1637480-4571-474d-8c0e-49126192dfac@group-8D2A7823D64A-LeaderElection6] INFO  impl.LeaderElection (LeaderElection.java:askForVotes(450)) - f1637480-4571-474d-8c0e-49126192dfac@group-8D2A7823D64A-LeaderElection6 PRE_VOTE round 0: result PASSED (term=0)
2025-07-02 18:45:21,010 [f1637480-4571-474d-8c0e-49126192dfac@group-8D2A7823D64A-LeaderElection6] INFO  impl.LeaderElection (LeaderElection.java:askForVotes(448)) - f1637480-4571-474d-8c0e-49126192dfac@group-8D2A7823D64A-LeaderElection6 ELECTION round 0: submit vote requests at term 1 for conf: {index: -1, cur=peers:[f1637480-4571-474d-8c0e-49126192dfac|127.0.0.1:15023]|listeners:[], old=null}
2025-07-02 18:45:21,010 [f1637480-4571-474d-8c0e-49126192dfac@group-8D2A7823D64A-LeaderElection6] INFO  impl.LeaderElection (LeaderElection.java:askForVotes(450)) - f1637480-4571-474d-8c0e-49126192dfac@group-8D2A7823D64A-LeaderElection6 ELECTION round 0: result PASSED (term=1)
2025-07-02 18:45:21,010 [f1637480-4571-474d-8c0e-49126192dfac@group-8D2A7823D64A-LeaderElection6] INFO  impl.RoleInfo (RoleInfo.java:shutdownLeaderElection(141)) - f1637480-4571-474d-8c0e-49126192dfac: shutdown f1637480-4571-474d-8c0e-49126192dfac@group-8D2A7823D64A-LeaderElection6
2025-07-02 18:45:21,010 [f1637480-4571-474d-8c0e-49126192dfac@group-8D2A7823D64A-LeaderElection6] INFO  server.RaftServer$Division (RaftServerImpl.java:setRole(392)) - f1637480-4571-474d-8c0e-49126192dfac@group-8D2A7823D64A: changes role from CANDIDATE to LEADER at term 1 for changeToLeader
2025-07-02 18:45:21,010 [f1637480-4571-474d-8c0e-49126192dfac@group-8D2A7823D64A-LeaderElection6] INFO  server.RaftServerConfigKeys (ConfUtils.java:logFallback(69)) - raft.server.staging.timeout = 15600ms (fallback to raft.server.rpc.timeout.max)
2025-07-02 18:45:21,011 [f1637480-4571-474d-8c0e-49126192dfac@group-8D2A7823D64A-LeaderElection6] INFO  server.RaftServerConfigKeys (ConfUtils.java:logGet(62)) - raft.server.write.byte-limit = 1024 M (=1073741824) (custom)
2025-07-02 18:45:21,012 [f1637480-4571-474d-8c0e-49126192dfac@group-8D2A7823D64A-LeaderElection6] INFO  impl.RoleInfo (RoleInfo.java:updateAndGet(148)) - f1637480-4571-474d-8c0e-49126192dfac: start f1637480-4571-474d-8c0e-49126192dfac@group-8D2A7823D64A-LeaderStateImpl
2025-07-02 18:45:21,012 [f1637480-4571-474d-8c0e-49126192dfac@group-8D2A7823D64A-LeaderElection6] INFO  server.RaftServer$Division (RaftServerImpl.java:setFirstElection(576)) - f1637480-4571-474d-8c0e-49126192dfac@group-8D2A7823D64A: set firstElectionSinceStartup to false for becomeLeader
2025-07-02 18:45:21,012 [f1637480-4571-474d-8c0e-49126192dfac@group-8D2A7823D64A-LeaderElection6] INFO  ratis.XceiverServerRatis (XceiverServerRatis.java:handleLeaderChangedNotification(944)) - Leader change notification received for group: group-8D2A7823D64A with new leaderId: f1637480-4571-474d-8c0e-49126192dfac
2025-07-02 18:45:21,012 [f1637480-4571-474d-8c0e-49126192dfac@group-8D2A7823D64A-LeaderElection6] INFO  server.RaftServer$Division (ServerState.java:setLeader(272)) - f1637480-4571-474d-8c0e-49126192dfac@group-8D2A7823D64A: change Leader from null to f1637480-4571-474d-8c0e-49126192dfac at term 1 for becomeLeader, leader elected after 1171ms
2025-07-02 18:45:21,012 [f1637480-4571-474d-8c0e-49126192dfac@group-8D2A7823D64A-LeaderElection6] INFO  segmented.SegmentedRaftLogWorker (SegmentedRaftLogWorker.java:startLogSegment(440)) - f1637480-4571-474d-8c0e-49126192dfac@group-8D2A7823D64A-SegmentedRaftLogWorker: Starting segment from index:0
2025-07-02 18:45:21,013 [f1637480-4571-474d-8c0e-49126192dfac@group-8D2A7823D64A-LeaderElection6] INFO  server.RaftServer$Division (ServerState.java:setRaftConf(386)) - f1637480-4571-474d-8c0e-49126192dfac@group-8D2A7823D64A: set configuration conf: {index: 0, cur=peers:[f1637480-4571-474d-8c0e-49126192dfac|127.0.0.1:15023]|listeners:[], old=null}
2025-07-02 18:45:21,013 [f1637480-4571-474d-8c0e-49126192dfac@group-8D2A7823D64A-SegmentedRaftLogWorker] INFO  segmented.BufferedWriteChannel (BufferedWriteChannel.java:open(61)) - open log_inprogress_0 at position 0
2025-07-02 18:45:21,014 [EventQueue-PipelineReportForOneReplicaPipelineSafeModeRule] INFO  safemode.SCMSafeModeManager (SCMSafeModeManager.java:validateSafeModeExitRules(139)) - AtleastOneDatanodeReportedRule rule is successfully validated
2025-07-02 18:45:21,022 [f1637480-4571-474d-8c0e-49126192dfac@group-8D2A7823D64A-SegmentedRaftLogWorker] INFO  segmented.SegmentedRaftLogWorker (SegmentedRaftLogWorker.java:execute(647)) - f1637480-4571-474d-8c0e-49126192dfac@group-8D2A7823D64A-SegmentedRaftLogWorker: created new log segment /home/runner/work/ozone/ozone/hadoop-ozone/integration-test/target/test-dir/MiniOzoneClusterImpl-b7e00dfa-d3b8-45cf-9d3a-2bd5fdfebf54/ozone-meta/datanode-2/ratis/6a7ad97f-a890-4ebb-93c9-8d2a7823d64a/current/log_inprogress_0
2025-07-02 18:45:21,023 [f1637480-4571-474d-8c0e-49126192dfac@group-8D2A7823D64A-StateMachineUpdater] INFO  server.RaftServer$Division (LeaderStateImpl.java:checkStartIndex(309)) - Leader f1637480-4571-474d-8c0e-49126192dfac@group-8D2A7823D64A-LeaderStateImpl is ready since appliedIndex == startIndex == 0
2025-07-02 18:45:21,023 [f1637480-4571-474d-8c0e-49126192dfac@group-8D2A7823D64A-StateMachineUpdater] INFO  ratis.ContainerStateMachine (ContainerStateMachine.java:takeSnapshot(427)) - group-8D2A7823D64A: Taking a snapshot at:(t:1, i:0) file /home/runner/work/ozone/ozone/hadoop-ozone/integration-test/target/test-dir/MiniOzoneClusterImpl-b7e00dfa-d3b8-45cf-9d3a-2bd5fdfebf54/ozone-meta/datanode-2/ratis/6a7ad97f-a890-4ebb-93c9-8d2a7823d64a/sm/snapshot.1_0
2025-07-02 18:45:21,024 [f1637480-4571-474d-8c0e-49126192dfac@group-8D2A7823D64A-StateMachineUpdater] INFO  ratis.ContainerStateMachine (ContainerStateMachine.java:takeSnapshot(436)) - group-8D2A7823D64A: Finished taking a snapshot at:(t:1, i:0) file:/home/runner/work/ozone/ozone/hadoop-ozone/integration-test/target/test-dir/MiniOzoneClusterImpl-b7e00dfa-d3b8-45cf-9d3a-2bd5fdfebf54/ozone-meta/datanode-2/ratis/6a7ad97f-a890-4ebb-93c9-8d2a7823d64a/sm/snapshot.1_0 took: 1 ms
2025-07-02 18:45:21,024 [f1637480-4571-474d-8c0e-49126192dfac@group-8D2A7823D64A-StateMachineUpdater] INFO  impl.StateMachineUpdater (StateMachineUpdater.java:takeSnapshot(307)) - f1637480-4571-474d-8c0e-49126192dfac@group-8D2A7823D64A-StateMachineUpdater: Took a snapshot at index 0
2025-07-02 18:45:21,024 [f1637480-4571-474d-8c0e-49126192dfac@group-8D2A7823D64A-StateMachineUpdater] INFO  impl.StateMachineUpdater (StateMachineUpdater.java:lambda$new$0(101)) - f1637480-4571-474d-8c0e-49126192dfac@group-8D2A7823D64A-StateMachineUpdater: snapshotIndex: updateIncreasingly -1 -> 0
2025-07-02 18:45:21,037 [EventQueue-PipelineReportForOneReplicaPipelineSafeModeRule] INFO  safemode.SCMSafeModeManager (SCMSafeModeManager.java:validateSafeModeExitRules(139)) - AtleastOneDatanodeReportedRule rule is successfully validated
2025-07-02 18:45:21,073 [EventQueue-PipelineReportForOneReplicaPipelineSafeModeRule] INFO  safemode.SCMSafeModeManager (SCMSafeModeManager.java:validateSafeModeExitRules(139)) - AtleastOneDatanodeReportedRule rule is successfully validated
2025-07-02 18:45:21,081 [baa12041-7cca-45c7-810c-7ea11519444b@group-B92A147DE22B-FollowerState] INFO  impl.FollowerState (FollowerState.java:runImpl(161)) - baa12041-7cca-45c7-810c-7ea11519444b@group-B92A147DE22B-FollowerState: change to CANDIDATE, lastRpcElapsedTime:1065984752ns, electionTimeout:1065ms
2025-07-02 18:45:21,081 [baa12041-7cca-45c7-810c-7ea11519444b@group-B92A147DE22B-FollowerState] INFO  impl.RoleInfo (RoleInfo.java:shutdownFollowerState(121)) - baa12041-7cca-45c7-810c-7ea11519444b: shutdown baa12041-7cca-45c7-810c-7ea11519444b@group-B92A147DE22B-FollowerState
2025-07-02 18:45:21,081 [baa12041-7cca-45c7-810c-7ea11519444b@group-B92A147DE22B-FollowerState] INFO  server.RaftServer$Division (RaftServerImpl.java:setRole(392)) - baa12041-7cca-45c7-810c-7ea11519444b@group-B92A147DE22B: changes role from  FOLLOWER to CANDIDATE at term 0 for changeToCandidate
2025-07-02 18:45:21,081 [baa12041-7cca-45c7-810c-7ea11519444b@group-B92A147DE22B-FollowerState] INFO  impl.RoleInfo (RoleInfo.java:updateAndGet(148)) - baa12041-7cca-45c7-810c-7ea11519444b: start baa12041-7cca-45c7-810c-7ea11519444b@group-B92A147DE22B-LeaderElection7
2025-07-02 18:45:21,082 [baa12041-7cca-45c7-810c-7ea11519444b@group-B92A147DE22B-LeaderElection7] INFO  impl.LeaderElection (LeaderElection.java:askForVotes(448)) - baa12041-7cca-45c7-810c-7ea11519444b@group-B92A147DE22B-LeaderElection7 PRE_VOTE round 0: submit vote requests at term 0 for conf: {index: -1, cur=peers:[f1637480-4571-474d-8c0e-49126192dfac|127.0.0.1:15023, baa12041-7cca-45c7-810c-7ea11519444b|127.0.0.1:15031, 75758caf-2019-48e0-9285-4ac26ec01eda|127.0.0.1:15015]|listeners:[], old=null}
2025-07-02 18:45:21,082 [baa12041-7cca-45c7-810c-7ea11519444b@group-B92A147DE22B-LeaderElection7-1] INFO  server.GrpcServerProtocolClient (GrpcServerProtocolClient.java:<init>(65)) - Build channel for f1637480-4571-474d-8c0e-49126192dfac|127.0.0.1:15023
2025-07-02 18:45:21,082 [baa12041-7cca-45c7-810c-7ea11519444b@group-B92A147DE22B-LeaderElection7-2] INFO  server.GrpcServerProtocolClient (GrpcServerProtocolClient.java:<init>(65)) - Build channel for 75758caf-2019-48e0-9285-4ac26ec01eda|127.0.0.1:15015
2025-07-02 18:45:21,087 [grpc-default-executor-0] INFO  server.RaftServer$Division (RaftServerImpl.java:requestVote(1421)) - 75758caf-2019-48e0-9285-4ac26ec01eda@group-B92A147DE22B: receive requestVote(PRE_VOTE, baa12041-7cca-45c7-810c-7ea11519444b, group-B92A147DE22B, 0, <PROTO_DEFAULT>)
2025-07-02 18:45:21,088 [grpc-default-executor-0] INFO  impl.VoteContext (VoteContext.java:log(49)) - 75758caf-2019-48e0-9285-4ac26ec01eda@group-B92A147DE22B-FOLLOWER: accept PRE_VOTE from baa12041-7cca-45c7-810c-7ea11519444b: our priority 0 <= candidate's priority 1
2025-07-02 18:45:21,088 [grpc-default-executor-1] INFO  server.RaftServer$Division (RaftServerImpl.java:requestVote(1421)) - f1637480-4571-474d-8c0e-49126192dfac@group-B92A147DE22B: receive requestVote(PRE_VOTE, baa12041-7cca-45c7-810c-7ea11519444b, group-B92A147DE22B, 0, <PROTO_DEFAULT>)
2025-07-02 18:45:21,088 [grpc-default-executor-0] INFO  server.RaftServer$Division (RaftServerImpl.java:requestVote(1455)) - 75758caf-2019-48e0-9285-4ac26ec01eda@group-B92A147DE22B replies to PRE_VOTE vote request: baa12041-7cca-45c7-810c-7ea11519444b<-75758caf-2019-48e0-9285-4ac26ec01eda#0:OK-t0-last:<INITIAL_VALUE>. Peer's state: 75758caf-2019-48e0-9285-4ac26ec01eda@group-B92A147DE22B:t0, leader=null, voted=, raftlog=Memoized:75758caf-2019-48e0-9285-4ac26ec01eda@group-B92A147DE22B-SegmentedRaftLog:OPENED:c-1:lastnull, conf=conf: {index: -1, cur=peers:[f1637480-4571-474d-8c0e-49126192dfac|127.0.0.1:15023, baa12041-7cca-45c7-810c-7ea11519444b|127.0.0.1:15031, 75758caf-2019-48e0-9285-4ac26ec01eda|127.0.0.1:15015]|listeners:[], old=null}
2025-07-02 18:45:21,088 [grpc-default-executor-1] INFO  impl.VoteContext (VoteContext.java:log(49)) - f1637480-4571-474d-8c0e-49126192dfac@group-B92A147DE22B-FOLLOWER: accept PRE_VOTE from baa12041-7cca-45c7-810c-7ea11519444b: our priority 0 <= candidate's priority 1
2025-07-02 18:45:21,088 [grpc-default-executor-1] INFO  server.RaftServer$Division (RaftServerImpl.java:requestVote(1455)) - f1637480-4571-474d-8c0e-49126192dfac@group-B92A147DE22B replies to PRE_VOTE vote request: baa12041-7cca-45c7-810c-7ea11519444b<-f1637480-4571-474d-8c0e-49126192dfac#0:OK-t0-last:<INITIAL_VALUE>. Peer's state: f1637480-4571-474d-8c0e-49126192dfac@group-B92A147DE22B:t0, leader=null, voted=, raftlog=Memoized:f1637480-4571-474d-8c0e-49126192dfac@group-B92A147DE22B-SegmentedRaftLog:OPENED:c-1:lastnull, conf=conf: {index: -1, cur=peers:[f1637480-4571-474d-8c0e-49126192dfac|127.0.0.1:15023, baa12041-7cca-45c7-810c-7ea11519444b|127.0.0.1:15031, 75758caf-2019-48e0-9285-4ac26ec01eda|127.0.0.1:15015]|listeners:[], old=null}
2025-07-02 18:45:21,090 [baa12041-7cca-45c7-810c-7ea11519444b@group-B92A147DE22B-LeaderElection7] INFO  impl.LeaderElection (LeaderElection.java:logAndReturn(206)) - baa12041-7cca-45c7-810c-7ea11519444b@group-B92A147DE22B-LeaderElection7: PRE_VOTE PASSED received 1 response(s) and 0 exception(s):
2025-07-02 18:45:21,090 [baa12041-7cca-45c7-810c-7ea11519444b@group-B92A147DE22B-LeaderElection7] INFO  impl.LeaderElection (LeaderElection.java:logAndReturn(210)) -   Response 0: baa12041-7cca-45c7-810c-7ea11519444b<-f1637480-4571-474d-8c0e-49126192dfac#0:OK-t0-last:<INITIAL_VALUE>
2025-07-02 18:45:21,090 [baa12041-7cca-45c7-810c-7ea11519444b@group-B92A147DE22B-LeaderElection7] INFO  impl.LeaderElection (LeaderElection.java:askForVotes(450)) - baa12041-7cca-45c7-810c-7ea11519444b@group-B92A147DE22B-LeaderElection7 PRE_VOTE round 0: result PASSED
2025-07-02 18:45:21,091 [baa12041-7cca-45c7-810c-7ea11519444b@group-B92A147DE22B-LeaderElection7] INFO  impl.LeaderElection (LeaderElection.java:askForVotes(448)) - baa12041-7cca-45c7-810c-7ea11519444b@group-B92A147DE22B-LeaderElection7 ELECTION round 0: submit vote requests at term 1 for conf: {index: -1, cur=peers:[f1637480-4571-474d-8c0e-49126192dfac|127.0.0.1:15023, baa12041-7cca-45c7-810c-7ea11519444b|127.0.0.1:15031, 75758caf-2019-48e0-9285-4ac26ec01eda|127.0.0.1:15015]|listeners:[], old=null}
2025-07-02 18:45:21,093 [grpc-default-executor-0] INFO  server.RaftServer$Division (RaftServerImpl.java:requestVote(1421)) - f1637480-4571-474d-8c0e-49126192dfac@group-B92A147DE22B: receive requestVote(ELECTION, baa12041-7cca-45c7-810c-7ea11519444b, group-B92A147DE22B, 1, <PROTO_DEFAULT>)
2025-07-02 18:45:21,094 [grpc-default-executor-0] INFO  impl.VoteContext (VoteContext.java:log(49)) - f1637480-4571-474d-8c0e-49126192dfac@group-B92A147DE22B-FOLLOWER: accept ELECTION from baa12041-7cca-45c7-810c-7ea11519444b: our priority 0 <= candidate's priority 1
2025-07-02 18:45:21,094 [grpc-default-executor-1] INFO  server.RaftServer$Division (RaftServerImpl.java:requestVote(1421)) - 75758caf-2019-48e0-9285-4ac26ec01eda@group-B92A147DE22B: receive requestVote(ELECTION, baa12041-7cca-45c7-810c-7ea11519444b, group-B92A147DE22B, 1, <PROTO_DEFAULT>)
2025-07-02 18:45:21,094 [grpc-default-executor-0] INFO  server.RaftServer$Division (RaftServerImpl.java:setRole(392)) - f1637480-4571-474d-8c0e-49126192dfac@group-B92A147DE22B: changes role from  FOLLOWER to FOLLOWER at term 0 for candidate:baa12041-7cca-45c7-810c-7ea11519444b
2025-07-02 18:45:21,094 [grpc-default-executor-0] INFO  impl.RoleInfo (RoleInfo.java:shutdownFollowerState(121)) - f1637480-4571-474d-8c0e-49126192dfac: shutdown f1637480-4571-474d-8c0e-49126192dfac@group-B92A147DE22B-FollowerState
2025-07-02 18:45:21,094 [grpc-default-executor-1] INFO  impl.VoteContext (VoteContext.java:log(49)) - 75758caf-2019-48e0-9285-4ac26ec01eda@group-B92A147DE22B-FOLLOWER: accept ELECTION from baa12041-7cca-45c7-810c-7ea11519444b: our priority 0 <= candidate's priority 1
2025-07-02 18:45:21,094 [grpc-default-executor-0] INFO  impl.RoleInfo (RoleInfo.java:updateAndGet(148)) - f1637480-4571-474d-8c0e-49126192dfac: start f1637480-4571-474d-8c0e-49126192dfac@group-B92A147DE22B-FollowerState
2025-07-02 18:45:21,094 [grpc-default-executor-1] INFO  server.RaftServer$Division (RaftServerImpl.java:setRole(392)) - 75758caf-2019-48e0-9285-4ac26ec01eda@group-B92A147DE22B: changes role from  FOLLOWER to FOLLOWER at term 0 for candidate:baa12041-7cca-45c7-810c-7ea11519444b
2025-07-02 18:45:21,094 [grpc-default-executor-1] INFO  impl.RoleInfo (RoleInfo.java:shutdownFollowerState(121)) - 75758caf-2019-48e0-9285-4ac26ec01eda: shutdown 75758caf-2019-48e0-9285-4ac26ec01eda@group-B92A147DE22B-FollowerState
2025-07-02 18:45:21,094 [grpc-default-executor-1] INFO  impl.RoleInfo (RoleInfo.java:updateAndGet(148)) - 75758caf-2019-48e0-9285-4ac26ec01eda: start 75758caf-2019-48e0-9285-4ac26ec01eda@group-B92A147DE22B-FollowerState
2025-07-02 18:45:21,094 [grpc-default-executor-0] INFO  server.RaftServer$Division (RaftServerImpl.java:setFirstElection(576)) - f1637480-4571-474d-8c0e-49126192dfac@group-B92A147DE22B: set firstElectionSinceStartup to false for candidate:baa12041-7cca-45c7-810c-7ea11519444b
2025-07-02 18:45:21,094 [75758caf-2019-48e0-9285-4ac26ec01eda@group-B92A147DE22B-FollowerState] INFO  impl.FollowerState (FollowerState.java:runImpl(170)) - 75758caf-2019-48e0-9285-4ac26ec01eda@group-B92A147DE22B-FollowerState was interrupted
2025-07-02 18:45:21,095 [f1637480-4571-474d-8c0e-49126192dfac@group-B92A147DE22B-FollowerState] INFO  impl.FollowerState (FollowerState.java:runImpl(170)) - f1637480-4571-474d-8c0e-49126192dfac@group-B92A147DE22B-FollowerState was interrupted
2025-07-02 18:45:21,096 [grpc-default-executor-1] INFO  server.RaftServer$Division (RaftServerImpl.java:requestVote(1455)) - 75758caf-2019-48e0-9285-4ac26ec01eda@group-B92A147DE22B replies to ELECTION vote request: baa12041-7cca-45c7-810c-7ea11519444b<-75758caf-2019-48e0-9285-4ac26ec01eda#0:OK-t1-last:<INITIAL_VALUE>. Peer's state: 75758caf-2019-48e0-9285-4ac26ec01eda@group-B92A147DE22B:t1, leader=null, voted=baa12041-7cca-45c7-810c-7ea11519444b, raftlog=Memoized:75758caf-2019-48e0-9285-4ac26ec01eda@group-B92A147DE22B-SegmentedRaftLog:OPENED:c-1:lastnull, conf=conf: {index: -1, cur=peers:[f1637480-4571-474d-8c0e-49126192dfac|127.0.0.1:15023, baa12041-7cca-45c7-810c-7ea11519444b|127.0.0.1:15031, 75758caf-2019-48e0-9285-4ac26ec01eda|127.0.0.1:15015]|listeners:[], old=null}
2025-07-02 18:45:21,096 [grpc-default-executor-0] INFO  server.RaftServer$Division (RaftServerImpl.java:requestVote(1455)) - f1637480-4571-474d-8c0e-49126192dfac@group-B92A147DE22B replies to ELECTION vote request: baa12041-7cca-45c7-810c-7ea11519444b<-f1637480-4571-474d-8c0e-49126192dfac#0:OK-t1-last:<INITIAL_VALUE>. Peer's state: f1637480-4571-474d-8c0e-49126192dfac@group-B92A147DE22B:t1, leader=null, voted=baa12041-7cca-45c7-810c-7ea11519444b, raftlog=Memoized:f1637480-4571-474d-8c0e-49126192dfac@group-B92A147DE22B-SegmentedRaftLog:OPENED:c-1:lastnull, conf=conf: {index: -1, cur=peers:[f1637480-4571-474d-8c0e-49126192dfac|127.0.0.1:15023, baa12041-7cca-45c7-810c-7ea11519444b|127.0.0.1:15031, 75758caf-2019-48e0-9285-4ac26ec01eda|127.0.0.1:15015]|listeners:[], old=null}
2025-07-02 18:45:21,098 [baa12041-7cca-45c7-810c-7ea11519444b@group-B92A147DE22B-LeaderElection7] INFO  impl.LeaderElection (LeaderElection.java:logAndReturn(206)) - baa12041-7cca-45c7-810c-7ea11519444b@group-B92A147DE22B-LeaderElection7: ELECTION PASSED received 1 response(s) and 0 exception(s):
2025-07-02 18:45:21,098 [baa12041-7cca-45c7-810c-7ea11519444b@group-B92A147DE22B-LeaderElection7] INFO  impl.LeaderElection (LeaderElection.java:logAndReturn(210)) -   Response 0: baa12041-7cca-45c7-810c-7ea11519444b<-75758caf-2019-48e0-9285-4ac26ec01eda#0:OK-t1-last:<INITIAL_VALUE>
2025-07-02 18:45:21,100 [baa12041-7cca-45c7-810c-7ea11519444b@group-B92A147DE22B-LeaderElection7] INFO  impl.LeaderElection (LeaderElection.java:askForVotes(450)) - baa12041-7cca-45c7-810c-7ea11519444b@group-B92A147DE22B-LeaderElection7 ELECTION round 0: result PASSED
2025-07-02 18:45:21,100 [baa12041-7cca-45c7-810c-7ea11519444b@group-B92A147DE22B-LeaderElection7] INFO  impl.RoleInfo (RoleInfo.java:shutdownLeaderElection(141)) - baa12041-7cca-45c7-810c-7ea11519444b: shutdown baa12041-7cca-45c7-810c-7ea11519444b@group-B92A147DE22B-LeaderElection7
2025-07-02 18:45:21,101 [baa12041-7cca-45c7-810c-7ea11519444b@group-B92A147DE22B-LeaderElection7] INFO  server.RaftServer$Division (RaftServerImpl.java:setRole(392)) - baa12041-7cca-45c7-810c-7ea11519444b@group-B92A147DE22B: changes role from CANDIDATE to LEADER at term 1 for changeToLeader
2025-07-02 18:45:21,101 [baa12041-7cca-45c7-810c-7ea11519444b@group-B92A147DE22B-LeaderElection7] INFO  server.RaftServerConfigKeys (ConfUtils.java:logFallback(69)) - raft.server.staging.timeout = 15600ms (fallback to raft.server.rpc.timeout.max)
2025-07-02 18:45:21,101 [baa12041-7cca-45c7-810c-7ea11519444b@group-B92A147DE22B-LeaderElection7] INFO  server.RaftServerConfigKeys (ConfUtils.java:logGet(62)) - raft.server.write.byte-limit = 1024 M (=1073741824) (custom)
2025-07-02 18:45:21,105 [EventQueue-PipelineReportForOneReplicaPipelineSafeModeRule] INFO  safemode.SCMSafeModeManager (SCMSafeModeManager.java:validateSafeModeExitRules(139)) - AtleastOneDatanodeReportedRule rule is successfully validated
2025-07-02 18:45:21,108 [baa12041-7cca-45c7-810c-7ea11519444b@group-B92A147DE22B-LeaderElection7] INFO  server.RaftServerConfigKeys (ConfUtils.java:logGet(62)) - raft.server.log.appender.snapshot.chunk.size.max = 16MB (=16777216) (default)
2025-07-02 18:45:21,108 [baa12041-7cca-45c7-810c-7ea11519444b@group-B92A147DE22B-LeaderElection7] INFO  server.RaftServerConfigKeys (ConfUtils.java:logGet(62)) - raft.server.log.appender.buffer.byte-limit = 33554432 (custom)
2025-07-02 18:45:21,109 [baa12041-7cca-45c7-810c-7ea11519444b@group-B92A147DE22B-LeaderElection7] INFO  server.RaftServerConfigKeys (ConfUtils.java:logGet(62)) - raft.server.log.appender.buffer.element-limit = 1024 (custom)
2025-07-02 18:45:21,110 [baa12041-7cca-45c7-810c-7ea11519444b@group-B92A147DE22B-LeaderElection7] INFO  server.RaftServerConfigKeys (ConfUtils.java:logGet(62)) - raft.server.log.appender.wait-time.min = 0ms (custom)
2025-07-02 18:45:21,110 [baa12041-7cca-45c7-810c-7ea11519444b@group-B92A147DE22B-LeaderElection7] INFO  grpc.GrpcConfigKeys (ConfUtils.java:logGet(62)) - raft.grpc.server.leader.outstanding.appends.max = 8 (default)
2025-07-02 18:45:21,111 [baa12041-7cca-45c7-810c-7ea11519444b@group-B92A147DE22B-LeaderElection7] INFO  grpc.GrpcConfigKeys (ConfUtils.java:logGet(62)) - raft.grpc.server.install_snapshot.request.element-limit = 8 (default)
2025-07-02 18:45:21,111 [baa12041-7cca-45c7-810c-7ea11519444b@group-B92A147DE22B-LeaderElection7] INFO  grpc.GrpcConfigKeys (ConfUtils.java:logGet(62)) - raft.grpc.server.install_snapshot.request.timeout = 3000ms (default)
2025-07-02 18:45:21,111 [baa12041-7cca-45c7-810c-7ea11519444b@group-B92A147DE22B-LeaderElection7] INFO  grpc.GrpcConfigKeys (ConfUtils.java:logGet(62)) - raft.grpc.server.log-message.batch.duration = 5s (default)
2025-07-02 18:45:21,113 [baa12041-7cca-45c7-810c-7ea11519444b@group-B92A147DE22B-LeaderElection7] INFO  server.RaftServerConfigKeys (ConfUtils.java:logGet(62)) - raft.server.log.appender.buffer.byte-limit = 33554432 (custom)
2025-07-02 18:45:21,114 [baa12041-7cca-45c7-810c-7ea11519444b@group-B92A147DE22B-LeaderElection7] INFO  impl.RoleInfo (RoleInfo.java:updateAndGet(148)) - baa12041-7cca-45c7-810c-7ea11519444b: start baa12041-7cca-45c7-810c-7ea11519444b@group-B92A147DE22B-LeaderStateImpl
2025-07-02 18:45:21,114 [baa12041-7cca-45c7-810c-7ea11519444b@group-B92A147DE22B-LeaderElection7] INFO  server.RaftServer$Division (RaftServerImpl.java:setFirstElection(576)) - baa12041-7cca-45c7-810c-7ea11519444b@group-B92A147DE22B: set firstElectionSinceStartup to false for becomeLeader
2025-07-02 18:45:21,114 [baa12041-7cca-45c7-810c-7ea11519444b@group-B92A147DE22B-LeaderElection7] INFO  ratis.XceiverServerRatis (XceiverServerRatis.java:handleLeaderChangedNotification(944)) - Leader change notification received for group: group-B92A147DE22B with new leaderId: baa12041-7cca-45c7-810c-7ea11519444b
2025-07-02 18:45:21,115 [baa12041-7cca-45c7-810c-7ea11519444b@group-B92A147DE22B-LeaderElection7] INFO  server.RaftServer$Division (ServerState.java:setLeader(272)) - baa12041-7cca-45c7-810c-7ea11519444b@group-B92A147DE22B: change Leader from null to baa12041-7cca-45c7-810c-7ea11519444b at term 1 for becomeLeader, leader elected after 1139ms
2025-07-02 18:45:21,115 [baa12041-7cca-45c7-810c-7ea11519444b@group-B92A147DE22B-LeaderElection7] INFO  segmented.SegmentedRaftLogWorker (SegmentedRaftLogWorker.java:startLogSegment(440)) - baa12041-7cca-45c7-810c-7ea11519444b@group-B92A147DE22B-SegmentedRaftLogWorker: Starting segment from index:0
2025-07-02 18:45:21,115 [baa12041-7cca-45c7-810c-7ea11519444b@group-B92A147DE22B-LeaderElection7] INFO  server.RaftServer$Division (ServerState.java:setRaftConf(386)) - baa12041-7cca-45c7-810c-7ea11519444b@group-B92A147DE22B: set configuration conf: {index: 0, cur=peers:[f1637480-4571-474d-8c0e-49126192dfac|127.0.0.1:15023, baa12041-7cca-45c7-810c-7ea11519444b|127.0.0.1:15031, 75758caf-2019-48e0-9285-4ac26ec01eda|127.0.0.1:15015]|listeners:[], old=null}
2025-07-02 18:45:21,116 [baa12041-7cca-45c7-810c-7ea11519444b@group-B92A147DE22B-SegmentedRaftLogWorker] INFO  segmented.BufferedWriteChannel (BufferedWriteChannel.java:open(61)) - open log_inprogress_0 at position 0
2025-07-02 18:45:21,117 [EventQueue-PipelineReportForOneReplicaPipelineSafeModeRule] INFO  safemode.SCMSafeModeManager (SCMSafeModeManager.java:validateSafeModeExitRules(139)) - AtleastOneDatanodeReportedRule rule is successfully validated
2025-07-02 18:45:21,118 [EventQueue-PipelineReportForOneReplicaPipelineSafeModeRule] INFO  safemode.SCMSafeModeManager (SCMSafeModeManager.java:validateSafeModeExitRules(139)) - AtleastOneDatanodeReportedRule rule is successfully validated
2025-07-02 18:45:21,119 [0fee975d-e734-400e-bdb4-ee8e3ebebca6@group-2BD5FDFEBF54-StateMachineUpdater] INFO  safemode.SCMSafeModeManager (SCMSafeModeManager.java:validateSafeModeExitRules(139)) - DataNodeSafeModeRule rule is successfully validated
2025-07-02 18:45:21,119 [0fee975d-e734-400e-bdb4-ee8e3ebebca6@group-2BD5FDFEBF54-StateMachineUpdater] INFO  safemode.SCMSafeModeManager (SCMSafeModeManager.java:validateSafeModeExitRules(139)) - RatisContainerSafeModeRule rule is successfully validated
2025-07-02 18:45:21,119 [0fee975d-e734-400e-bdb4-ee8e3ebebca6@group-2BD5FDFEBF54-StateMachineUpdater] INFO  safemode.HealthyPipelineSafeModeRule (HealthyPipelineSafeModeRule.java:initializeRule(228)) - Refreshed total pipeline count is 1, healthy pipeline threshold count is 1
2025-07-02 18:45:21,119 [0fee975d-e734-400e-bdb4-ee8e3ebebca6@group-2BD5FDFEBF54-StateMachineUpdater] INFO  safemode.SCMSafeModeManager (SCMSafeModeManager.java:validateSafeModeExitRules(139)) - ECContainerSafeModeRule rule is successfully validated
2025-07-02 18:45:21,120 [0fee975d-e734-400e-bdb4-ee8e3ebebca6@group-2BD5FDFEBF54-StateMachineUpdater] INFO  safemode.SCMSafeModeManager (SCMSafeModeManager.java:validateSafeModeExitRules(139)) - AtleastOneDatanodeReportedRule rule is successfully validated
2025-07-02 18:45:21,120 [EventQueue-PipelineReportForPipelineReportHandler] INFO  pipeline.PipelineReportHandler (PipelineReportHandler.java:processPipelineReport(134)) - Opened pipeline Pipeline-04a1f7f9-abb2-42e3-9b76-b92a147de22b
2025-07-02 18:45:21,120 [EventQueue-OpenPipelineForHealthyPipelineSafeModeRule] INFO  safemode.SCMSafeModeManager (HealthyPipelineSafeModeRule.java:process(196)) - SCM in safe mode. Healthy pipelines reported count is 1, required healthy pipeline reported count is 1
2025-07-02 18:45:21,120 [EventQueue-OpenPipelineForHealthyPipelineSafeModeRule] INFO  safemode.SCMSafeModeManager (SCMSafeModeManager.java:validateSafeModeExitRules(139)) - HealthyPipelineSafeModeRule rule is successfully validated
2025-07-02 18:45:21,120 [EventQueue-OpenPipelineForHealthyPipelineSafeModeRule] INFO  safemode.SCMSafeModeManager (SCMSafeModeManager.java:validateSafeModeExitRules(154)) - ScmSafeModeManager, all rules are successfully validated
2025-07-02 18:45:21,120 [EventQueue-OpenPipelineForHealthyPipelineSafeModeRule] INFO  safemode.SCMSafeModeManager (SCMSafeModeManager.java:exitSafeMode(177)) - SCM exiting safe mode.
2025-07-02 18:45:21,120 [EventQueue-OpenPipelineForHealthyPipelineSafeModeRule] INFO  ha.SCMContext (SCMContext.java:updateSafeModeStatus(224)) - Update SafeModeStatus from SafeModeStatus{safeModeStatus=true, preCheckPassed=true} to SafeModeStatus{safeModeStatus=false, preCheckPassed=true}.
2025-07-02 18:45:21,120 [EventQueue-OpenPipelineForHealthyPipelineSafeModeRule] INFO  BackgroundPipelineScrubber (BackgroundSCMService.java:notifyStatusChanged(78)) - Service BackgroundPipelineScrubber transitions to RUNNING.
2025-07-02 18:45:21,121 [EventQueue-OpenPipelineForHealthyPipelineSafeModeRule] INFO  ExpiredContainerReplicaOpScrubber (BackgroundSCMService.java:notifyStatusChanged(78)) - Service ExpiredContainerReplicaOpScrubber transitions to RUNNING.
2025-07-02 18:45:21,121 [EventQueue-OpenPipelineForHealthyPipelineSafeModeRule] INFO  block.SCMBlockDeletingService (SCMBlockDeletingService.java:notifyStatusChanged(265)) - notifyStatusChanged:RUNNING
2025-07-02 18:45:21,121 [EventQueue-OpenPipelineForHealthyPipelineSafeModeRule] INFO  replication.ReplicationManager (ReplicationManager.java:notifyStatusChanged(1387)) - Service ReplicationManager transitions to RUNNING.
2025-07-02 18:45:21,125 [EventQueue-OpenPipelineForHealthyPipelineSafeModeRule] WARN  balancer.ContainerBalancer (ContainerBalancer.java:shouldRun(136)) - Could not find persisted configuration for ContainerBalancer when checking if ContainerBalancer should run. ContainerBalancer should not run now.
2025-07-02 18:45:21,126 [EventQueue-OpenPipelineForHealthyPipelineSafeModeRule] INFO  SCMHATransactionMonitor (BackgroundSCMService.java:notifyStatusChanged(78)) - Service SCMHATransactionMonitor transitions to RUNNING.
2025-07-02 18:45:21,126 [75758caf-2019-48e0-9285-4ac26ec01eda@group-84D2FC177FB5-FollowerState] INFO  impl.FollowerState (FollowerState.java:runImpl(161)) - 75758caf-2019-48e0-9285-4ac26ec01eda@group-84D2FC177FB5-FollowerState: change to CANDIDATE, lastRpcElapsedTime:1015464731ns, electionTimeout:1015ms
2025-07-02 18:45:21,126 [75758caf-2019-48e0-9285-4ac26ec01eda@group-84D2FC177FB5-FollowerState] INFO  impl.RoleInfo (RoleInfo.java:shutdownFollowerState(121)) - 75758caf-2019-48e0-9285-4ac26ec01eda: shutdown 75758caf-2019-48e0-9285-4ac26ec01eda@group-84D2FC177FB5-FollowerState
2025-07-02 18:45:21,126 [75758caf-2019-48e0-9285-4ac26ec01eda@group-84D2FC177FB5-FollowerState] INFO  server.RaftServer$Division (RaftServerImpl.java:setRole(392)) - 75758caf-2019-48e0-9285-4ac26ec01eda@group-84D2FC177FB5: changes role from  FOLLOWER to CANDIDATE at term 0 for changeToCandidate
2025-07-02 18:45:21,126 [75758caf-2019-48e0-9285-4ac26ec01eda@group-84D2FC177FB5-FollowerState] INFO  impl.RoleInfo (RoleInfo.java:updateAndGet(148)) - 75758caf-2019-48e0-9285-4ac26ec01eda: start 75758caf-2019-48e0-9285-4ac26ec01eda@group-84D2FC177FB5-LeaderElection8
2025-07-02 18:45:21,128 [75758caf-2019-48e0-9285-4ac26ec01eda@group-84D2FC177FB5-LeaderElection8] INFO  impl.LeaderElection (LeaderElection.java:askForVotes(448)) - 75758caf-2019-48e0-9285-4ac26ec01eda@group-84D2FC177FB5-LeaderElection8 PRE_VOTE round 0: submit vote requests at term 0 for conf: {index: -1, cur=peers:[f1637480-4571-474d-8c0e-49126192dfac|127.0.0.1:15023, 75758caf-2019-48e0-9285-4ac26ec01eda|127.0.0.1:15015, baa12041-7cca-45c7-810c-7ea11519444b|127.0.0.1:15031]|listeners:[], old=null}
2025-07-02 18:45:21,131 [baa12041-7cca-45c7-810c-7ea11519444b@group-B92A147DE22B-SegmentedRaftLogWorker] INFO  segmented.SegmentedRaftLogWorker (SegmentedRaftLogWorker.java:execute(647)) - baa12041-7cca-45c7-810c-7ea11519444b@group-B92A147DE22B-SegmentedRaftLogWorker: created new log segment /home/runner/work/ozone/ozone/hadoop-ozone/integration-test/target/test-dir/MiniOzoneClusterImpl-b7e00dfa-d3b8-45cf-9d3a-2bd5fdfebf54/ozone-meta/datanode-3/ratis/04a1f7f9-abb2-42e3-9b76-b92a147de22b/current/log_inprogress_0
2025-07-02 18:45:21,138 [grpc-default-executor-5] INFO  server.RaftServer$Division (RaftServerImpl.java:requestVote(1421)) - f1637480-4571-474d-8c0e-49126192dfac@group-84D2FC177FB5: receive requestVote(PRE_VOTE, 75758caf-2019-48e0-9285-4ac26ec01eda, group-84D2FC177FB5, 0, <PROTO_DEFAULT>)
2025-07-02 18:45:21,138 [grpc-default-executor-5] INFO  impl.VoteContext (VoteContext.java:log(49)) - f1637480-4571-474d-8c0e-49126192dfac@group-84D2FC177FB5-FOLLOWER: reject PRE_VOTE from 75758caf-2019-48e0-9285-4ac26ec01eda: our priority 1 > candidate's priority 0
2025-07-02 18:45:21,138 [grpc-default-executor-5] INFO  server.RaftServer$Division (RaftServerImpl.java:requestVote(1455)) - f1637480-4571-474d-8c0e-49126192dfac@group-84D2FC177FB5 replies to PRE_VOTE vote request: 75758caf-2019-48e0-9285-4ac26ec01eda<-f1637480-4571-474d-8c0e-49126192dfac#0:FAIL-t0-last:<INITIAL_VALUE>. Peer's state: f1637480-4571-474d-8c0e-49126192dfac@group-84D2FC177FB5:t0, leader=null, voted=, raftlog=Memoized:f1637480-4571-474d-8c0e-49126192dfac@group-84D2FC177FB5-SegmentedRaftLog:OPENED:c-1:lastnull, conf=conf: {index: -1, cur=peers:[f1637480-4571-474d-8c0e-49126192dfac|127.0.0.1:15023, 75758caf-2019-48e0-9285-4ac26ec01eda|127.0.0.1:15015, baa12041-7cca-45c7-810c-7ea11519444b|127.0.0.1:15031]|listeners:[], old=null}
2025-07-02 18:45:21,141 [grpc-default-executor-2] INFO  ratis.XceiverServerRatis (XceiverServerRatis.java:handleLeaderChangedNotification(944)) - Leader change notification received for group: group-B92A147DE22B with new leaderId: baa12041-7cca-45c7-810c-7ea11519444b
2025-07-02 18:45:21,142 [grpc-default-executor-2] INFO  server.RaftServer$Division (ServerState.java:setLeader(272)) - f1637480-4571-474d-8c0e-49126192dfac@group-B92A147DE22B: change Leader from null to baa12041-7cca-45c7-810c-7ea11519444b at term 1 for appendEntries, leader elected after 1263ms
2025-07-02 18:45:21,142 [grpc-default-executor-5] INFO  server.RaftServer$Division (RaftServerImpl.java:requestVote(1421)) - baa12041-7cca-45c7-810c-7ea11519444b@group-84D2FC177FB5: receive requestVote(PRE_VOTE, 75758caf-2019-48e0-9285-4ac26ec01eda, group-84D2FC177FB5, 0, <PROTO_DEFAULT>)
2025-07-02 18:45:21,142 [grpc-default-executor-5] INFO  impl.VoteContext (VoteContext.java:log(49)) - baa12041-7cca-45c7-810c-7ea11519444b@group-84D2FC177FB5-FOLLOWER: accept PRE_VOTE from 75758caf-2019-48e0-9285-4ac26ec01eda: our priority 0 <= candidate's priority 0
2025-07-02 18:45:21,142 [grpc-default-executor-5] INFO  server.RaftServer$Division (RaftServerImpl.java:requestVote(1455)) - baa12041-7cca-45c7-810c-7ea11519444b@group-84D2FC177FB5 replies to PRE_VOTE vote request: 75758caf-2019-48e0-9285-4ac26ec01eda<-baa12041-7cca-45c7-810c-7ea11519444b#0:OK-t0-last:<INITIAL_VALUE>. Peer's state: baa12041-7cca-45c7-810c-7ea11519444b@group-84D2FC177FB5:t0, leader=null, voted=, raftlog=Memoized:baa12041-7cca-45c7-810c-7ea11519444b@group-84D2FC177FB5-SegmentedRaftLog:OPENED:c-1:lastnull, conf=conf: {index: -1, cur=peers:[f1637480-4571-474d-8c0e-49126192dfac|127.0.0.1:15023, 75758caf-2019-48e0-9285-4ac26ec01eda|127.0.0.1:15015, baa12041-7cca-45c7-810c-7ea11519444b|127.0.0.1:15031]|listeners:[], old=null}
2025-07-02 18:45:21,145 [75758caf-2019-48e0-9285-4ac26ec01eda@group-84D2FC177FB5-LeaderElection8] INFO  impl.LeaderElection (LeaderElection.java:logAndReturn(206)) - 75758caf-2019-48e0-9285-4ac26ec01eda@group-84D2FC177FB5-LeaderElection8: PRE_VOTE REJECTED received 2 response(s) and 0 exception(s):
2025-07-02 18:45:21,145 [75758caf-2019-48e0-9285-4ac26ec01eda@group-84D2FC177FB5-LeaderElection8] INFO  impl.LeaderElection (LeaderElection.java:logAndReturn(210)) -   Response 0: 75758caf-2019-48e0-9285-4ac26ec01eda<-f1637480-4571-474d-8c0e-49126192dfac#0:FAIL-t0-last:<INITIAL_VALUE>
2025-07-02 18:45:21,146 [75758caf-2019-48e0-9285-4ac26ec01eda@group-84D2FC177FB5-LeaderElection8] INFO  impl.LeaderElection (LeaderElection.java:logAndReturn(210)) -   Response 1: 75758caf-2019-48e0-9285-4ac26ec01eda<-baa12041-7cca-45c7-810c-7ea11519444b#0:OK-t0-last:<INITIAL_VALUE>
2025-07-02 18:45:21,146 [75758caf-2019-48e0-9285-4ac26ec01eda@group-84D2FC177FB5-LeaderElection8] INFO  impl.LeaderElection (LeaderElection.java:askForVotes(450)) - 75758caf-2019-48e0-9285-4ac26ec01eda@group-84D2FC177FB5-LeaderElection8 PRE_VOTE round 0: result REJECTED
2025-07-02 18:45:21,146 [75758caf-2019-48e0-9285-4ac26ec01eda@group-84D2FC177FB5-LeaderElection8] INFO  server.RaftServer$Division (RaftServerImpl.java:setRole(392)) - 75758caf-2019-48e0-9285-4ac26ec01eda@group-84D2FC177FB5: changes role from CANDIDATE to FOLLOWER at term 0 for REJECTED
2025-07-02 18:45:21,146 [75758caf-2019-48e0-9285-4ac26ec01eda@group-84D2FC177FB5-LeaderElection8] INFO  impl.RoleInfo (RoleInfo.java:shutdownLeaderElection(141)) - 75758caf-2019-48e0-9285-4ac26ec01eda: shutdown 75758caf-2019-48e0-9285-4ac26ec01eda@group-84D2FC177FB5-LeaderElection8
2025-07-02 18:45:21,146 [75758caf-2019-48e0-9285-4ac26ec01eda@group-84D2FC177FB5-LeaderElection8] INFO  impl.RoleInfo (RoleInfo.java:updateAndGet(148)) - 75758caf-2019-48e0-9285-4ac26ec01eda: start 75758caf-2019-48e0-9285-4ac26ec01eda@group-84D2FC177FB5-FollowerState
2025-07-02 18:45:21,147 [grpc-default-executor-0] INFO  ratis.XceiverServerRatis (XceiverServerRatis.java:handleLeaderChangedNotification(944)) - Leader change notification received for group: group-B92A147DE22B with new leaderId: baa12041-7cca-45c7-810c-7ea11519444b
2025-07-02 18:45:21,147 [grpc-default-executor-0] INFO  server.RaftServer$Division (ServerState.java:setLeader(272)) - 75758caf-2019-48e0-9285-4ac26ec01eda@group-B92A147DE22B: change Leader from null to baa12041-7cca-45c7-810c-7ea11519444b at term 1 for appendEntries, leader elected after 1512ms
2025-07-02 18:45:21,148 [grpc-default-executor-5] INFO  server.RaftServer$Division (ServerState.java:setRaftConf(386)) - 75758caf-2019-48e0-9285-4ac26ec01eda@group-B92A147DE22B: set configuration conf: {index: 0, cur=peers:[f1637480-4571-474d-8c0e-49126192dfac|127.0.0.1:15023, baa12041-7cca-45c7-810c-7ea11519444b|127.0.0.1:15031, 75758caf-2019-48e0-9285-4ac26ec01eda|127.0.0.1:15015]|listeners:[], old=null}
2025-07-02 18:45:21,150 [75758caf-2019-48e0-9285-4ac26ec01eda@group-84D2FC177FB5-LeaderElection8] INFO  server.RaftServer$Division (RaftServerImpl.java:setFirstElection(576)) - 75758caf-2019-48e0-9285-4ac26ec01eda@group-84D2FC177FB5: set firstElectionSinceStartup to false for REJECTED
2025-07-02 18:45:21,150 [grpc-default-executor-4] INFO  server.RaftServer$Division (ServerState.java:setRaftConf(386)) - f1637480-4571-474d-8c0e-49126192dfac@group-B92A147DE22B: set configuration conf: {index: 0, cur=peers:[f1637480-4571-474d-8c0e-49126192dfac|127.0.0.1:15023, baa12041-7cca-45c7-810c-7ea11519444b|127.0.0.1:15031, 75758caf-2019-48e0-9285-4ac26ec01eda|127.0.0.1:15015]|listeners:[], old=null}
2025-07-02 18:45:21,153 [grpc-default-executor-4] INFO  segmented.SegmentedRaftLogWorker (SegmentedRaftLogWorker.java:startLogSegment(440)) - f1637480-4571-474d-8c0e-49126192dfac@group-B92A147DE22B-SegmentedRaftLogWorker: Starting segment from index:0
2025-07-02 18:45:21,154 [f1637480-4571-474d-8c0e-49126192dfac@group-B92A147DE22B-SegmentedRaftLogWorker] INFO  segmented.BufferedWriteChannel (BufferedWriteChannel.java:open(61)) - open log_inprogress_0 at position 0
2025-07-02 18:45:21,154 [grpc-default-executor-5] INFO  segmented.SegmentedRaftLogWorker (SegmentedRaftLogWorker.java:startLogSegment(440)) - 75758caf-2019-48e0-9285-4ac26ec01eda@group-B92A147DE22B-SegmentedRaftLogWorker: Starting segment from index:0
2025-07-02 18:45:21,157 [75758caf-2019-48e0-9285-4ac26ec01eda@group-B92A147DE22B-SegmentedRaftLogWorker] INFO  segmented.BufferedWriteChannel (BufferedWriteChannel.java:open(61)) - open log_inprogress_0 at position 0
2025-07-02 18:45:21,164 [92aeff0d-b8ac-4e9e-9ba6-1724c63a8401-PipelineCommandHandlerThread-0] INFO  server.RaftServer (RaftServerProxy.java:addNew(105)) - 92aeff0d-b8ac-4e9e-9ba6-1724c63a8401: addNew group-B4EE531A63A2:[92aeff0d-b8ac-4e9e-9ba6-1724c63a8401|127.0.0.1:15063] returns group-B4EE531A63A2:java.util.concurrent.CompletableFuture@a9a332e[Not completed]
2025-07-02 18:45:21,166 [92aeff0d-b8ac-4e9e-9ba6-1724c63a8401-groupManagement] WARN  statemachine.DatanodeConfiguration (DatanodeConfiguration.java:validateMinFreeSpace(751)) - hdds.datanode.volume.min.free.space.percent = -1.0 is invalid, should be between 0 and 1
2025-07-02 18:45:21,166 [92aeff0d-b8ac-4e9e-9ba6-1724c63a8401-groupManagement] INFO  server.RaftServer$Division (RaftServerImpl.java:<init>(268)) - 92aeff0d-b8ac-4e9e-9ba6-1724c63a8401: new RaftServerImpl for group-B4EE531A63A2:[92aeff0d-b8ac-4e9e-9ba6-1724c63a8401|127.0.0.1:15063] with ContainerStateMachine:uninitialized
2025-07-02 18:45:21,166 [92aeff0d-b8ac-4e9e-9ba6-1724c63a8401-groupManagement] INFO  server.RaftServer$Division (ServerState.java:<init>(114)) - 92aeff0d-b8ac-4e9e-9ba6-1724c63a8401@group-B4EE531A63A2: ConfigurationManager, init=conf: {index: -1, cur=peers:[92aeff0d-b8ac-4e9e-9ba6-1724c63a8401|127.0.0.1:15063]|listeners:[], old=null}, confs=<EMPTY_MAP>
2025-07-02 18:45:21,167 [f1637480-4571-474d-8c0e-49126192dfac@group-B92A147DE22B-SegmentedRaftLogWorker] INFO  segmented.SegmentedRaftLogWorker (SegmentedRaftLogWorker.java:execute(647)) - f1637480-4571-474d-8c0e-49126192dfac@group-B92A147DE22B-SegmentedRaftLogWorker: created new log segment /home/runner/work/ozone/ozone/hadoop-ozone/integration-test/target/test-dir/MiniOzoneClusterImpl-b7e00dfa-d3b8-45cf-9d3a-2bd5fdfebf54/ozone-meta/datanode-2/ratis/04a1f7f9-abb2-42e3-9b76-b92a147de22b/current/log_inprogress_0
2025-07-02 18:45:21,173 [75758caf-2019-48e0-9285-4ac26ec01eda@group-B92A147DE22B-SegmentedRaftLogWorker] INFO  segmented.SegmentedRaftLogWorker (SegmentedRaftLogWorker.java:execute(647)) - 75758caf-2019-48e0-9285-4ac26ec01eda@group-B92A147DE22B-SegmentedRaftLogWorker: created new log segment /home/runner/work/ozone/ozone/hadoop-ozone/integration-test/target/test-dir/MiniOzoneClusterImpl-b7e00dfa-d3b8-45cf-9d3a-2bd5fdfebf54/ozone-meta/datanode-1/ratis/04a1f7f9-abb2-42e3-9b76-b92a147de22b/current/log_inprogress_0
2025-07-02 18:45:21,174 [baa12041-7cca-45c7-810c-7ea11519444b@group-B92A147DE22B-StateMachineUpdater] INFO  server.RaftServer$Division (LeaderStateImpl.java:checkStartIndex(309)) - Leader baa12041-7cca-45c7-810c-7ea11519444b@group-B92A147DE22B-LeaderStateImpl is ready since appliedIndex == startIndex == 0
2025-07-02 18:45:21,174 [baa12041-7cca-45c7-810c-7ea11519444b@group-B92A147DE22B-StateMachineUpdater] INFO  ratis.ContainerStateMachine (ContainerStateMachine.java:takeSnapshot(427)) - group-B92A147DE22B: Taking a snapshot at:(t:1, i:0) file /home/runner/work/ozone/ozone/hadoop-ozone/integration-test/target/test-dir/MiniOzoneClusterImpl-b7e00dfa-d3b8-45cf-9d3a-2bd5fdfebf54/ozone-meta/datanode-3/ratis/04a1f7f9-abb2-42e3-9b76-b92a147de22b/sm/snapshot.1_0
2025-07-02 18:45:21,175 [baa12041-7cca-45c7-810c-7ea11519444b@group-B92A147DE22B-StateMachineUpdater] INFO  ratis.ContainerStateMachine (ContainerStateMachine.java:takeSnapshot(436)) - group-B92A147DE22B: Finished taking a snapshot at:(t:1, i:0) file:/home/runner/work/ozone/ozone/hadoop-ozone/integration-test/target/test-dir/MiniOzoneClusterImpl-b7e00dfa-d3b8-45cf-9d3a-2bd5fdfebf54/ozone-meta/datanode-3/ratis/04a1f7f9-abb2-42e3-9b76-b92a147de22b/sm/snapshot.1_0 took: 1 ms
2025-07-02 18:45:21,177 [baa12041-7cca-45c7-810c-7ea11519444b@group-B92A147DE22B-StateMachineUpdater] INFO  impl.StateMachineUpdater (StateMachineUpdater.java:takeSnapshot(307)) - baa12041-7cca-45c7-810c-7ea11519444b@group-B92A147DE22B-StateMachineUpdater: Took a snapshot at index 0
2025-07-02 18:45:21,177 [baa12041-7cca-45c7-810c-7ea11519444b@group-B92A147DE22B-StateMachineUpdater] INFO  impl.StateMachineUpdater (StateMachineUpdater.java:lambda$new$0(101)) - baa12041-7cca-45c7-810c-7ea11519444b@group-B92A147DE22B-StateMachineUpdater: snapshotIndex: updateIncreasingly -1 -> 0
2025-07-02 18:45:21,181 [92aeff0d-b8ac-4e9e-9ba6-1724c63a8401-groupManagement] INFO  server.RaftServerConfigKeys (ConfUtils.java:logGet(62)) - raft.server.storage.dir = [/home/runner/work/ozone/ozone/hadoop-ozone/integration-test/target/test-dir/MiniOzoneClusterImpl-b7e00dfa-d3b8-45cf-9d3a-2bd5fdfebf54/ozone-meta/datanode-7/ratis] (custom)
2025-07-02 18:45:21,181 [92aeff0d-b8ac-4e9e-9ba6-1724c63a8401-groupManagement] INFO  storage.RaftStorageDirectory (RaftStorageDirectoryImpl.java:analyzeStorage(138)) - The storage directory /home/runner/work/ozone/ozone/hadoop-ozone/integration-test/target/test-dir/MiniOzoneClusterImpl-b7e00dfa-d3b8-45cf-9d3a-2bd5fdfebf54/ozone-meta/datanode-7/ratis/d780ee6f-851c-4d64-8d60-b4ee531a63a2 does not exist. Creating ...
2025-07-02 18:45:21,182 [92aeff0d-b8ac-4e9e-9ba6-1724c63a8401-groupManagement] INFO  storage.RaftStorageDirectory (RaftStorageDirectoryImpl.java:tryLock(229)) - Lock on /home/runner/work/ozone/ozone/hadoop-ozone/integration-test/target/test-dir/MiniOzoneClusterImpl-b7e00dfa-d3b8-45cf-9d3a-2bd5fdfebf54/ozone-meta/datanode-7/ratis/d780ee6f-851c-4d64-8d60-b4ee531a63a2/in_use.lock acquired by nodename 44808@localhost
2025-07-02 18:45:21,184 [92aeff0d-b8ac-4e9e-9ba6-1724c63a8401-groupManagement] INFO  storage.RaftStorage (RaftStorageImpl.java:format(98)) - Storage directory /home/runner/work/ozone/ozone/hadoop-ozone/integration-test/target/test-dir/MiniOzoneClusterImpl-b7e00dfa-d3b8-45cf-9d3a-2bd5fdfebf54/ozone-meta/datanode-7/ratis/d780ee6f-851c-4d64-8d60-b4ee531a63a2 has been successfully formatted.
2025-07-02 18:45:21,185 [92aeff0d-b8ac-4e9e-9ba6-1724c63a8401-groupManagement] INFO  ratis.ContainerStateMachine (ContainerStateMachine.java:initialize(339)) - 92aeff0d-b8ac-4e9e-9ba6-1724c63a8401: initialize group-B4EE531A63A2
2025-07-02 18:45:21,185 [92aeff0d-b8ac-4e9e-9ba6-1724c63a8401-groupManagement] INFO  ratis.ContainerStateMachine (ContainerStateMachine.java:loadSnapshot(347)) - group-B4EE531A63A2: The snapshot info is null. Setting the last applied index to:<INITIAL_VALUE>
2025-07-02 18:45:21,185 [92aeff0d-b8ac-4e9e-9ba6-1724c63a8401-groupManagement] INFO  server.RaftServerConfigKeys (ConfUtils.java:logGet(62)) - raft.server.log.appender.buffer.byte-limit = 33554432 (custom)
2025-07-02 18:45:21,191 [92aeff0d-b8ac-4e9e-9ba6-1724c63a8401-groupManagement] INFO  server.RaftServerConfigKeys (ConfUtils.java:logGet(62)) - raft.server.log.segment.size.max = 67108864 (custom)
2025-07-02 18:45:21,191 [92aeff0d-b8ac-4e9e-9ba6-1724c63a8401-groupManagement] INFO  server.RaftServerConfigKeys (ConfUtils.java:logGet(62)) - raft.server.log.appender.buffer.byte-limit = 33554432 (custom)
2025-07-02 18:45:21,195 [EventQueue-PipelineReportForPipelineReportHandler] INFO  pipeline.PipelineReportHandler (PipelineReportHandler.java:processPipelineReport(134)) - Opened pipeline Pipeline-d780ee6f-851c-4d64-8d60-b4ee531a63a2
2025-07-02 18:45:21,199 [92aeff0d-b8ac-4e9e-9ba6-1724c63a8401-groupManagement] INFO  util.AwaitToRun (AwaitToRun.java:start(81)) - Thread[#1326,92aeff0d-b8ac-4e9e-9ba6-1724c63a8401@group-B4EE531A63A2-cacheEviction-AwaitToRun,5,main] started
2025-07-02 18:45:21,199 [92aeff0d-b8ac-4e9e-9ba6-1724c63a8401-groupManagement] INFO  segmented.SegmentedRaftLogWorker (SegmentedRaftLogWorker.java:<init>(190)) - new 92aeff0d-b8ac-4e9e-9ba6-1724c63a8401@group-B4EE531A63A2-SegmentedRaftLogWorker for RaftStorageImpl:Storage Directory /home/runner/work/ozone/ozone/hadoop-ozone/integration-test/target/test-dir/MiniOzoneClusterImpl-b7e00dfa-d3b8-45cf-9d3a-2bd5fdfebf54/ozone-meta/datanode-7/ratis/d780ee6f-851c-4d64-8d60-b4ee531a63a2
2025-07-02 18:45:21,199 [92aeff0d-b8ac-4e9e-9ba6-1724c63a8401-groupManagement] INFO  server.RaftServerConfigKeys (ConfUtils.java:logGet(62)) - raft.server.log.queue.byte-limit = 4294967296 (custom)
2025-07-02 18:45:21,199 [92aeff0d-b8ac-4e9e-9ba6-1724c63a8401-groupManagement] INFO  server.RaftServerConfigKeys (ConfUtils.java:logGet(62)) - raft.server.log.segment.size.max = 67108864 (custom)
2025-07-02 18:45:21,199 [92aeff0d-b8ac-4e9e-9ba6-1724c63a8401-groupManagement] INFO  server.RaftServerConfigKeys (ConfUtils.java:logGet(62)) - raft.server.log.preallocated.size = 4194304 (custom)
2025-07-02 18:45:21,200 [92aeff0d-b8ac-4e9e-9ba6-1724c63a8401-groupManagement] INFO  server.RaftServerConfigKeys (ConfUtils.java:logGet(62)) - raft.server.log.write.buffer.size = 33554440 (custom)
2025-07-02 18:45:21,208 [92aeff0d-b8ac-4e9e-9ba6-1724c63a8401-groupManagement] INFO  server.RaftServerConfigKeys (ConfUtils.java:logGet(62)) - raft.server.log.appender.buffer.byte-limit = 33554432 (custom)
2025-07-02 18:45:21,208 [92aeff0d-b8ac-4e9e-9ba6-1724c63a8401-groupManagement] INFO  segmented.SegmentedRaftLogWorker (SegmentedRaftLogWorker.java:lambda$new$0(141)) - 92aeff0d-b8ac-4e9e-9ba6-1724c63a8401@group-B4EE531A63A2-SegmentedRaftLogWorker: flushIndex: setUnconditionally 0 -> -1
2025-07-02 18:45:21,208 [92aeff0d-b8ac-4e9e-9ba6-1724c63a8401-groupManagement] INFO  segmented.SegmentedRaftLogWorker (SegmentedRaftLogWorker.java:lambda$new$0(141)) - 92aeff0d-b8ac-4e9e-9ba6-1724c63a8401@group-B4EE531A63A2-SegmentedRaftLogWorker: safeCacheEvictIndex: setUnconditionally 0 -> -1
2025-07-02 18:45:21,209 [92aeff0d-b8ac-4e9e-9ba6-1724c63a8401-groupManagement] INFO  server.RaftServer$Division (RaftServerImpl.java:start(405)) - 92aeff0d-b8ac-4e9e-9ba6-1724c63a8401@group-B4EE531A63A2: start as a follower, conf=conf: {index: -1, cur=peers:[92aeff0d-b8ac-4e9e-9ba6-1724c63a8401|127.0.0.1:15063]|listeners:[], old=null}
2025-07-02 18:45:21,209 [92aeff0d-b8ac-4e9e-9ba6-1724c63a8401-groupManagement] INFO  server.RaftServer$Division (RaftServerImpl.java:setRole(392)) - 92aeff0d-b8ac-4e9e-9ba6-1724c63a8401@group-B4EE531A63A2: changes role from      null to FOLLOWER at term 0 for startAsFollower
2025-07-02 18:45:21,209 [92aeff0d-b8ac-4e9e-9ba6-1724c63a8401-groupManagement] INFO  impl.RoleInfo (RoleInfo.java:updateAndGet(148)) - 92aeff0d-b8ac-4e9e-9ba6-1724c63a8401: start 92aeff0d-b8ac-4e9e-9ba6-1724c63a8401@group-B4EE531A63A2-FollowerState
2025-07-02 18:45:21,210 [92aeff0d-b8ac-4e9e-9ba6-1724c63a8401-groupManagement] INFO  util.JmxRegister (JmxRegister.java:tryRegister(44)) - Successfully registered JMX Bean with object name Ratis:service=RaftServer,group=group-B4EE531A63A2,id=92aeff0d-b8ac-4e9e-9ba6-1724c63a8401
2025-07-02 18:45:21,210 [92aeff0d-b8ac-4e9e-9ba6-1724c63a8401-groupManagement] INFO  util.JmxRegister (JmxRegister.java:register(58)) - register mxBean class org.apache.ratis.server.impl.RaftServerJmxAdapter as Ratis:service=RaftServer,group=group-B4EE531A63A2,id=92aeff0d-b8ac-4e9e-9ba6-1724c63a8401
2025-07-02 18:45:21,211 [92aeff0d-b8ac-4e9e-9ba6-1724c63a8401-groupManagement] INFO  server.RaftServer$Division (RaftServerImpl.java:start(419)) - 92aeff0d-b8ac-4e9e-9ba6-1724c63a8401@group-B4EE531A63A2: Successfully started.
2025-07-02 18:45:21,211 [92aeff0d-b8ac-4e9e-9ba6-1724c63a8401-PipelineCommandHandlerThread-0] INFO  ratis.XceiverServerRatis (XceiverServerRatis.java:addGroup(843)) - Created group Pipeline-d780ee6f-851c-4d64-8d60-b4ee531a63a2
2025-07-02 18:45:21,211 [92aeff0d-b8ac-4e9e-9ba6-1724c63a8401-PipelineCommandHandlerThread-0] INFO  commandhandler.CreatePipelineCommandHandler (CreatePipelineCommandHandler.java:lambda$handle$2(127)) - Created Pipeline RATIS ONE Pipeline-d780ee6f-851c-4d64-8d60-b4ee531a63a2.
2025-07-02 18:45:21,212 [92aeff0d-b8ac-4e9e-9ba6-1724c63a8401-PipelineCommandHandlerThread-0] INFO  server.RaftServer (RaftServerProxy.java:addNew(105)) - 92aeff0d-b8ac-4e9e-9ba6-1724c63a8401: addNew group-2788C300D651:[9eb5a351-9325-4150-9d0a-de2b7d27d48d|127.0.0.1:15079, 71a26ef2-e834-411c-97c5-a30c78105e8f|127.0.0.1:15071, 92aeff0d-b8ac-4e9e-9ba6-1724c63a8401|127.0.0.1:15063] returns group-2788C300D651:java.util.concurrent.CompletableFuture@49c7bb33[Not completed]
2025-07-02 18:45:21,214 [92aeff0d-b8ac-4e9e-9ba6-1724c63a8401-groupManagement] WARN  statemachine.DatanodeConfiguration (DatanodeConfiguration.java:validateMinFreeSpace(751)) - hdds.datanode.volume.min.free.space.percent = -1.0 is invalid, should be between 0 and 1
2025-07-02 18:45:21,214 [92aeff0d-b8ac-4e9e-9ba6-1724c63a8401-groupManagement] INFO  server.RaftServer$Division (RaftServerImpl.java:<init>(268)) - 92aeff0d-b8ac-4e9e-9ba6-1724c63a8401: new RaftServerImpl for group-2788C300D651:[9eb5a351-9325-4150-9d0a-de2b7d27d48d|127.0.0.1:15079, 71a26ef2-e834-411c-97c5-a30c78105e8f|127.0.0.1:15071, 92aeff0d-b8ac-4e9e-9ba6-1724c63a8401|127.0.0.1:15063] with ContainerStateMachine:uninitialized
2025-07-02 18:45:21,214 [92aeff0d-b8ac-4e9e-9ba6-1724c63a8401-groupManagement] INFO  server.RaftServer$Division (ServerState.java:<init>(114)) - 92aeff0d-b8ac-4e9e-9ba6-1724c63a8401@group-2788C300D651: ConfigurationManager, init=conf: {index: -1, cur=peers:[9eb5a351-9325-4150-9d0a-de2b7d27d48d|127.0.0.1:15079, 71a26ef2-e834-411c-97c5-a30c78105e8f|127.0.0.1:15071, 92aeff0d-b8ac-4e9e-9ba6-1724c63a8401|127.0.0.1:15063]|listeners:[], old=null}, confs=<EMPTY_MAP>
2025-07-02 18:45:21,220 [92aeff0d-b8ac-4e9e-9ba6-1724c63a8401-groupManagement] INFO  storage.RaftStorageDirectory (RaftStorageDirectoryImpl.java:analyzeStorage(138)) - The storage directory /home/runner/work/ozone/ozone/hadoop-ozone/integration-test/target/test-dir/MiniOzoneClusterImpl-b7e00dfa-d3b8-45cf-9d3a-2bd5fdfebf54/ozone-meta/datanode-7/ratis/73acc545-491b-4393-8737-2788c300d651 does not exist. Creating ...
2025-07-02 18:45:21,222 [92aeff0d-b8ac-4e9e-9ba6-1724c63a8401-groupManagement] INFO  storage.RaftStorageDirectory (RaftStorageDirectoryImpl.java:tryLock(229)) - Lock on /home/runner/work/ozone/ozone/hadoop-ozone/integration-test/target/test-dir/MiniOzoneClusterImpl-b7e00dfa-d3b8-45cf-9d3a-2bd5fdfebf54/ozone-meta/datanode-7/ratis/73acc545-491b-4393-8737-2788c300d651/in_use.lock acquired by nodename 44808@localhost
2025-07-02 18:45:21,223 [92aeff0d-b8ac-4e9e-9ba6-1724c63a8401-groupManagement] INFO  storage.RaftStorage (RaftStorageImpl.java:format(98)) - Storage directory /home/runner/work/ozone/ozone/hadoop-ozone/integration-test/target/test-dir/MiniOzoneClusterImpl-b7e00dfa-d3b8-45cf-9d3a-2bd5fdfebf54/ozone-meta/datanode-7/ratis/73acc545-491b-4393-8737-2788c300d651 has been successfully formatted.
2025-07-02 18:45:21,224 [92aeff0d-b8ac-4e9e-9ba6-1724c63a8401-groupManagement] INFO  ratis.ContainerStateMachine (ContainerStateMachine.java:initialize(339)) - 92aeff0d-b8ac-4e9e-9ba6-1724c63a8401: initialize group-2788C300D651
2025-07-02 18:45:21,224 [92aeff0d-b8ac-4e9e-9ba6-1724c63a8401-groupManagement] INFO  ratis.ContainerStateMachine (ContainerStateMachine.java:loadSnapshot(347)) - group-2788C300D651: The snapshot info is null. Setting the last applied index to:<INITIAL_VALUE>
2025-07-02 18:45:21,224 [92aeff0d-b8ac-4e9e-9ba6-1724c63a8401-groupManagement] INFO  server.RaftServerConfigKeys (ConfUtils.java:logGet(62)) - raft.server.log.appender.buffer.byte-limit = 33554432 (custom)
2025-07-02 18:45:21,226 [92aeff0d-b8ac-4e9e-9ba6-1724c63a8401-groupManagement] INFO  server.RaftServerConfigKeys (ConfUtils.java:logGet(62)) - raft.server.log.segment.size.max = 67108864 (custom)
2025-07-02 18:45:21,226 [92aeff0d-b8ac-4e9e-9ba6-1724c63a8401-groupManagement] INFO  server.RaftServerConfigKeys (ConfUtils.java:logGet(62)) - raft.server.log.appender.buffer.byte-limit = 33554432 (custom)
2025-07-02 18:45:21,227 [92aeff0d-b8ac-4e9e-9ba6-1724c63a8401-groupManagement] INFO  util.AwaitToRun (AwaitToRun.java:start(81)) - Thread[#1330,92aeff0d-b8ac-4e9e-9ba6-1724c63a8401@group-2788C300D651-cacheEviction-AwaitToRun,5,main] started
2025-07-02 18:45:21,227 [92aeff0d-b8ac-4e9e-9ba6-1724c63a8401-groupManagement] INFO  segmented.SegmentedRaftLogWorker (SegmentedRaftLogWorker.java:<init>(190)) - new 92aeff0d-b8ac-4e9e-9ba6-1724c63a8401@group-2788C300D651-SegmentedRaftLogWorker for RaftStorageImpl:Storage Directory /home/runner/work/ozone/ozone/hadoop-ozone/integration-test/target/test-dir/MiniOzoneClusterImpl-b7e00dfa-d3b8-45cf-9d3a-2bd5fdfebf54/ozone-meta/datanode-7/ratis/73acc545-491b-4393-8737-2788c300d651
2025-07-02 18:45:21,227 [92aeff0d-b8ac-4e9e-9ba6-1724c63a8401-groupManagement] INFO  server.RaftServerConfigKeys (ConfUtils.java:logGet(62)) - raft.server.log.queue.byte-limit = 4294967296 (custom)
2025-07-02 18:45:21,227 [92aeff0d-b8ac-4e9e-9ba6-1724c63a8401-groupManagement] INFO  server.RaftServerConfigKeys (ConfUtils.java:logGet(62)) - raft.server.log.segment.size.max = 67108864 (custom)
2025-07-02 18:45:21,227 [92aeff0d-b8ac-4e9e-9ba6-1724c63a8401-groupManagement] INFO  server.RaftServerConfigKeys (ConfUtils.java:logGet(62)) - raft.server.log.preallocated.size = 4194304 (custom)
2025-07-02 18:45:21,227 [92aeff0d-b8ac-4e9e-9ba6-1724c63a8401-groupManagement] INFO  server.RaftServerConfigKeys (ConfUtils.java:logGet(62)) - raft.server.log.write.buffer.size = 33554440 (custom)
2025-07-02 18:45:21,233 [92aeff0d-b8ac-4e9e-9ba6-1724c63a8401-groupManagement] INFO  server.RaftServerConfigKeys (ConfUtils.java:logGet(62)) - raft.server.log.appender.buffer.byte-limit = 33554432 (custom)
2025-07-02 18:45:21,234 [92aeff0d-b8ac-4e9e-9ba6-1724c63a8401-groupManagement] INFO  segmented.SegmentedRaftLogWorker (SegmentedRaftLogWorker.java:lambda$new$0(141)) - 92aeff0d-b8ac-4e9e-9ba6-1724c63a8401@group-2788C300D651-SegmentedRaftLogWorker: flushIndex: setUnconditionally 0 -> -1
2025-07-02 18:45:21,234 [92aeff0d-b8ac-4e9e-9ba6-1724c63a8401-groupManagement] INFO  segmented.SegmentedRaftLogWorker (SegmentedRaftLogWorker.java:lambda$new$0(141)) - 92aeff0d-b8ac-4e9e-9ba6-1724c63a8401@group-2788C300D651-SegmentedRaftLogWorker: safeCacheEvictIndex: setUnconditionally 0 -> -1
2025-07-02 18:45:21,235 [92aeff0d-b8ac-4e9e-9ba6-1724c63a8401-groupManagement] INFO  server.RaftServer$Division (RaftServerImpl.java:start(405)) - 92aeff0d-b8ac-4e9e-9ba6-1724c63a8401@group-2788C300D651: start as a follower, conf=conf: {index: -1, cur=peers:[9eb5a351-9325-4150-9d0a-de2b7d27d48d|127.0.0.1:15079, 71a26ef2-e834-411c-97c5-a30c78105e8f|127.0.0.1:15071, 92aeff0d-b8ac-4e9e-9ba6-1724c63a8401|127.0.0.1:15063]|listeners:[], old=null}
2025-07-02 18:45:21,235 [92aeff0d-b8ac-4e9e-9ba6-1724c63a8401-groupManagement] INFO  server.RaftServer$Division (RaftServerImpl.java:setRole(392)) - 92aeff0d-b8ac-4e9e-9ba6-1724c63a8401@group-2788C300D651: changes role from      null to FOLLOWER at term 0 for startAsFollower
2025-07-02 18:45:21,236 [92aeff0d-b8ac-4e9e-9ba6-1724c63a8401-groupManagement] INFO  impl.RoleInfo (RoleInfo.java:updateAndGet(148)) - 92aeff0d-b8ac-4e9e-9ba6-1724c63a8401: start 92aeff0d-b8ac-4e9e-9ba6-1724c63a8401@group-2788C300D651-FollowerState
2025-07-02 18:45:21,236 [92aeff0d-b8ac-4e9e-9ba6-1724c63a8401-groupManagement] INFO  util.JmxRegister (JmxRegister.java:tryRegister(44)) - Successfully registered JMX Bean with object name Ratis:service=RaftServer,group=group-2788C300D651,id=92aeff0d-b8ac-4e9e-9ba6-1724c63a8401
2025-07-02 18:45:21,237 [92aeff0d-b8ac-4e9e-9ba6-1724c63a8401-groupManagement] INFO  util.JmxRegister (JmxRegister.java:register(58)) - register mxBean class org.apache.ratis.server.impl.RaftServerJmxAdapter as Ratis:service=RaftServer,group=group-2788C300D651,id=92aeff0d-b8ac-4e9e-9ba6-1724c63a8401
2025-07-02 18:45:21,238 [92aeff0d-b8ac-4e9e-9ba6-1724c63a8401-groupManagement] INFO  server.RaftServer$Division (RaftServerImpl.java:start(419)) - 92aeff0d-b8ac-4e9e-9ba6-1724c63a8401@group-2788C300D651: Successfully started.
2025-07-02 18:45:21,239 [92aeff0d-b8ac-4e9e-9ba6-1724c63a8401-PipelineCommandHandlerThread-0] INFO  ratis.XceiverServerRatis (XceiverServerRatis.java:addGroup(843)) - Created group Pipeline-73acc545-491b-4393-8737-2788c300d651
2025-07-02 18:45:21,249 [main] INFO  ozone.MiniOzoneClusterImpl (MiniOzoneClusterImpl.java:lambda$waitForClusterToBeReady$0(173)) - Nodes are ready. Got 10 of 10 DN Heartbeats.
2025-07-02 18:45:21,249 [grpc-default-executor-5] INFO  server.RaftServer (RaftServerProxy.java:addNew(105)) - 9eb5a351-9325-4150-9d0a-de2b7d27d48d: addNew group-2788C300D651:[9eb5a351-9325-4150-9d0a-de2b7d27d48d|127.0.0.1:15079, 71a26ef2-e834-411c-97c5-a30c78105e8f|127.0.0.1:15071, 92aeff0d-b8ac-4e9e-9ba6-1724c63a8401|127.0.0.1:15063] returns group-2788C300D651:java.util.concurrent.CompletableFuture@7c557878[Not completed]
2025-07-02 18:45:21,249 [71a26ef2-e834-411c-97c5-a30c78105e8f-PipelineCommandHandlerThread-0] INFO  server.RaftServer (RaftServerProxy.java:addNew(105)) - 71a26ef2-e834-411c-97c5-a30c78105e8f: addNew group-9A9972B2E833:[71a26ef2-e834-411c-97c5-a30c78105e8f|127.0.0.1:15071] returns group-9A9972B2E833:java.util.concurrent.CompletableFuture@7668976[Not completed]
2025-07-02 18:45:21,250 [main] INFO  ozone.MiniOzoneClusterImpl (MiniOzoneClusterImpl.java:lambda$waitForClusterToBeReady$0(176)) - Cluster exits safe mode
2025-07-02 18:45:21,250 [main] INFO  ozone.MiniOzoneClusterImpl (MiniOzoneClusterImpl.java:lambda$waitForClusterToBeReady$0(178)) - SCM became leader
2025-07-02 18:45:21,300 [f1637480-4571-474d-8c0e-49126192dfac@group-84D2FC177FB5-FollowerState] INFO  impl.FollowerState (FollowerState.java:runImpl(161)) - f1637480-4571-474d-8c0e-49126192dfac@group-84D2FC177FB5-FollowerState: change to CANDIDATE, lastRpcElapsedTime:1178660664ns, electionTimeout:1177ms
2025-07-02 18:45:21,301 [f1637480-4571-474d-8c0e-49126192dfac@group-84D2FC177FB5-FollowerState] INFO  impl.RoleInfo (RoleInfo.java:shutdownFollowerState(121)) - f1637480-4571-474d-8c0e-49126192dfac: shutdown f1637480-4571-474d-8c0e-49126192dfac@group-84D2FC177FB5-FollowerState
2025-07-02 18:45:21,301 [f1637480-4571-474d-8c0e-49126192dfac@group-84D2FC177FB5-FollowerState] INFO  server.RaftServer$Division (RaftServerImpl.java:setRole(392)) - f1637480-4571-474d-8c0e-49126192dfac@group-84D2FC177FB5: changes role from  FOLLOWER to CANDIDATE at term 0 for changeToCandidate
2025-07-02 18:45:21,301 [f1637480-4571-474d-8c0e-49126192dfac@group-84D2FC177FB5-FollowerState] INFO  impl.RoleInfo (RoleInfo.java:updateAndGet(148)) - f1637480-4571-474d-8c0e-49126192dfac: start f1637480-4571-474d-8c0e-49126192dfac@group-84D2FC177FB5-LeaderElection9
2025-07-02 18:45:21,306 [f1637480-4571-474d-8c0e-49126192dfac@group-84D2FC177FB5-LeaderElection9] INFO  impl.LeaderElection (LeaderElection.java:askForVotes(448)) - f1637480-4571-474d-8c0e-49126192dfac@group-84D2FC177FB5-LeaderElection9 PRE_VOTE round 0: submit vote requests at term 0 for conf: {index: -1, cur=peers:[f1637480-4571-474d-8c0e-49126192dfac|127.0.0.1:15023, 75758caf-2019-48e0-9285-4ac26ec01eda|127.0.0.1:15015, baa12041-7cca-45c7-810c-7ea11519444b|127.0.0.1:15031]|listeners:[], old=null}
2025-07-02 18:45:21,307 [9eb5a351-9325-4150-9d0a-de2b7d27d48d-groupManagement] WARN  statemachine.DatanodeConfiguration (DatanodeConfiguration.java:validateMinFreeSpace(751)) - hdds.datanode.volume.min.free.space.percent = -1.0 is invalid, should be between 0 and 1
2025-07-02 18:45:21,307 [9eb5a351-9325-4150-9d0a-de2b7d27d48d-groupManagement] INFO  server.RaftServer$Division (RaftServerImpl.java:<init>(268)) - 9eb5a351-9325-4150-9d0a-de2b7d27d48d: new RaftServerImpl for group-2788C300D651:[9eb5a351-9325-4150-9d0a-de2b7d27d48d|127.0.0.1:15079, 71a26ef2-e834-411c-97c5-a30c78105e8f|127.0.0.1:15071, 92aeff0d-b8ac-4e9e-9ba6-1724c63a8401|127.0.0.1:15063] with ContainerStateMachine:uninitialized
2025-07-02 18:45:21,307 [9eb5a351-9325-4150-9d0a-de2b7d27d48d-groupManagement] INFO  server.RaftServer$Division (ServerState.java:<init>(114)) - 9eb5a351-9325-4150-9d0a-de2b7d27d48d@group-2788C300D651: ConfigurationManager, init=conf: {index: -1, cur=peers:[9eb5a351-9325-4150-9d0a-de2b7d27d48d|127.0.0.1:15079, 71a26ef2-e834-411c-97c5-a30c78105e8f|127.0.0.1:15071, 92aeff0d-b8ac-4e9e-9ba6-1724c63a8401|127.0.0.1:15063]|listeners:[], old=null}, confs=<EMPTY_MAP>
2025-07-02 18:45:21,307 [71a26ef2-e834-411c-97c5-a30c78105e8f-groupManagement] WARN  statemachine.DatanodeConfiguration (DatanodeConfiguration.java:validateMinFreeSpace(751)) - hdds.datanode.volume.min.free.space.percent = -1.0 is invalid, should be between 0 and 1
2025-07-02 18:45:21,310 [f1637480-4571-474d-8c0e-49126192dfac@group-84D2FC177FB5-LeaderElection9-2] INFO  server.GrpcServerProtocolClient (GrpcServerProtocolClient.java:<init>(65)) - Build channel for baa12041-7cca-45c7-810c-7ea11519444b|127.0.0.1:15031
2025-07-02 18:45:21,308 [f1637480-4571-474d-8c0e-49126192dfac@group-84D2FC177FB5-LeaderElection9-1] INFO  server.GrpcServerProtocolClient (GrpcServerProtocolClient.java:<init>(65)) - Build channel for 75758caf-2019-48e0-9285-4ac26ec01eda|127.0.0.1:15015
2025-07-02 18:45:21,307 [baa12041-7cca-45c7-810c-7ea11519444b@group-F1559D221247-FollowerState] INFO  impl.FollowerState (FollowerState.java:runImpl(161)) - baa12041-7cca-45c7-810c-7ea11519444b@group-F1559D221247-FollowerState: change to CANDIDATE, lastRpcElapsedTime:1137805312ns, electionTimeout:1135ms
2025-07-02 18:45:21,311 [baa12041-7cca-45c7-810c-7ea11519444b@group-F1559D221247-FollowerState] INFO  impl.RoleInfo (RoleInfo.java:shutdownFollowerState(121)) - baa12041-7cca-45c7-810c-7ea11519444b: shutdown baa12041-7cca-45c7-810c-7ea11519444b@group-F1559D221247-FollowerState
2025-07-02 18:45:21,312 [baa12041-7cca-45c7-810c-7ea11519444b@group-F1559D221247-FollowerState] INFO  server.RaftServer$Division (RaftServerImpl.java:setRole(392)) - baa12041-7cca-45c7-810c-7ea11519444b@group-F1559D221247: changes role from  FOLLOWER to CANDIDATE at term 0 for changeToCandidate
2025-07-02 18:45:21,312 [baa12041-7cca-45c7-810c-7ea11519444b@group-F1559D221247-FollowerState] INFO  impl.RoleInfo (RoleInfo.java:updateAndGet(148)) - baa12041-7cca-45c7-810c-7ea11519444b: start baa12041-7cca-45c7-810c-7ea11519444b@group-F1559D221247-LeaderElection10
2025-07-02 18:45:21,311 [71a26ef2-e834-411c-97c5-a30c78105e8f-groupManagement] INFO  server.RaftServer$Division (RaftServerImpl.java:<init>(268)) - 71a26ef2-e834-411c-97c5-a30c78105e8f: new RaftServerImpl for group-9A9972B2E833:[71a26ef2-e834-411c-97c5-a30c78105e8f|127.0.0.1:15071] with ContainerStateMachine:uninitialized
2025-07-02 18:45:21,314 [71a26ef2-e834-411c-97c5-a30c78105e8f-groupManagement] INFO  server.RaftServer$Division (ServerState.java:<init>(114)) - 71a26ef2-e834-411c-97c5-a30c78105e8f@group-9A9972B2E833: ConfigurationManager, init=conf: {index: -1, cur=peers:[71a26ef2-e834-411c-97c5-a30c78105e8f|127.0.0.1:15071]|listeners:[], old=null}, confs=<EMPTY_MAP>
2025-07-02 18:45:21,318 [baa12041-7cca-45c7-810c-7ea11519444b@group-F1559D221247-LeaderElection10] INFO  impl.LeaderElection (LeaderElection.java:askForVotes(448)) - baa12041-7cca-45c7-810c-7ea11519444b@group-F1559D221247-LeaderElection10 PRE_VOTE round 0: submit vote requests at term 0 for conf: {index: -1, cur=peers:[baa12041-7cca-45c7-810c-7ea11519444b|127.0.0.1:15031]|listeners:[], old=null}
2025-07-02 18:45:21,318 [baa12041-7cca-45c7-810c-7ea11519444b@group-F1559D221247-LeaderElection10] INFO  impl.LeaderElection (LeaderElection.java:askForVotes(450)) - baa12041-7cca-45c7-810c-7ea11519444b@group-F1559D221247-LeaderElection10 PRE_VOTE round 0: result PASSED (term=0)
2025-07-02 18:45:21,323 [baa12041-7cca-45c7-810c-7ea11519444b@group-F1559D221247-LeaderElection10] INFO  impl.LeaderElection (LeaderElection.java:askForVotes(448)) - baa12041-7cca-45c7-810c-7ea11519444b@group-F1559D221247-LeaderElection10 ELECTION round 0: submit vote requests at term 1 for conf: {index: -1, cur=peers:[baa12041-7cca-45c7-810c-7ea11519444b|127.0.0.1:15031]|listeners:[], old=null}
2025-07-02 18:45:21,323 [baa12041-7cca-45c7-810c-7ea11519444b@group-F1559D221247-LeaderElection10] INFO  impl.LeaderElection (LeaderElection.java:askForVotes(450)) - baa12041-7cca-45c7-810c-7ea11519444b@group-F1559D221247-LeaderElection10 ELECTION round 0: result PASSED (term=1)
2025-07-02 18:45:21,323 [baa12041-7cca-45c7-810c-7ea11519444b@group-F1559D221247-LeaderElection10] INFO  impl.RoleInfo (RoleInfo.java:shutdownLeaderElection(141)) - baa12041-7cca-45c7-810c-7ea11519444b: shutdown baa12041-7cca-45c7-810c-7ea11519444b@group-F1559D221247-LeaderElection10
2025-07-02 18:45:21,323 [baa12041-7cca-45c7-810c-7ea11519444b@group-F1559D221247-LeaderElection10] INFO  server.RaftServer$Division (RaftServerImpl.java:setRole(392)) - baa12041-7cca-45c7-810c-7ea11519444b@group-F1559D221247: changes role from CANDIDATE to LEADER at term 1 for changeToLeader
2025-07-02 18:45:21,323 [baa12041-7cca-45c7-810c-7ea11519444b@group-F1559D221247-LeaderElection10] INFO  server.RaftServerConfigKeys (ConfUtils.java:logFallback(69)) - raft.server.staging.timeout = 15600ms (fallback to raft.server.rpc.timeout.max)
2025-07-02 18:45:21,324 [baa12041-7cca-45c7-810c-7ea11519444b@group-F1559D221247-LeaderElection10] INFO  server.RaftServerConfigKeys (ConfUtils.java:logGet(62)) - raft.server.write.byte-limit = 1024 M (=1073741824) (custom)
2025-07-02 18:45:21,329 [9eb5a351-9325-4150-9d0a-de2b7d27d48d-groupManagement] INFO  server.RaftServerConfigKeys (ConfUtils.java:logGet(62)) - raft.server.storage.dir = [/home/runner/work/ozone/ozone/hadoop-ozone/integration-test/target/test-dir/MiniOzoneClusterImpl-b7e00dfa-d3b8-45cf-9d3a-2bd5fdfebf54/ozone-meta/datanode-9/ratis] (custom)
2025-07-02 18:45:21,329 [9eb5a351-9325-4150-9d0a-de2b7d27d48d-groupManagement] INFO  storage.RaftStorageDirectory (RaftStorageDirectoryImpl.java:analyzeStorage(138)) - The storage directory /home/runner/work/ozone/ozone/hadoop-ozone/integration-test/target/test-dir/MiniOzoneClusterImpl-b7e00dfa-d3b8-45cf-9d3a-2bd5fdfebf54/ozone-meta/datanode-9/ratis/73acc545-491b-4393-8737-2788c300d651 does not exist. Creating ...
2025-07-02 18:45:21,330 [grpc-default-executor-2] INFO  server.RaftServer$Division (RaftServerImpl.java:requestVote(1421)) - 75758caf-2019-48e0-9285-4ac26ec01eda@group-84D2FC177FB5: receive requestVote(PRE_VOTE, f1637480-4571-474d-8c0e-49126192dfac, group-84D2FC177FB5, 0, <PROTO_DEFAULT>)
2025-07-02 18:45:21,330 [grpc-default-executor-2] INFO  impl.VoteContext (VoteContext.java:log(49)) - 75758caf-2019-48e0-9285-4ac26ec01eda@group-84D2FC177FB5-FOLLOWER: accept PRE_VOTE from f1637480-4571-474d-8c0e-49126192dfac: our priority 0 <= candidate's priority 1
2025-07-02 18:45:21,331 [grpc-default-executor-2] INFO  server.RaftServer$Division (RaftServerImpl.java:requestVote(1455)) - 75758caf-2019-48e0-9285-4ac26ec01eda@group-84D2FC177FB5 replies to PRE_VOTE vote request: f1637480-4571-474d-8c0e-49126192dfac<-75758caf-2019-48e0-9285-4ac26ec01eda#0:OK-t0-last:<INITIAL_VALUE>. Peer's state: 75758caf-2019-48e0-9285-4ac26ec01eda@group-84D2FC177FB5:t0, leader=null, voted=, raftlog=Memoized:75758caf-2019-48e0-9285-4ac26ec01eda@group-84D2FC177FB5-SegmentedRaftLog:OPENED:c-1:lastnull, conf=conf: {index: -1, cur=peers:[f1637480-4571-474d-8c0e-49126192dfac|127.0.0.1:15023, 75758caf-2019-48e0-9285-4ac26ec01eda|127.0.0.1:15015, baa12041-7cca-45c7-810c-7ea11519444b|127.0.0.1:15031]|listeners:[], old=null}
2025-07-02 18:45:21,331 [grpc-default-executor-5] INFO  server.RaftServer$Division (RaftServerImpl.java:requestVote(1421)) - baa12041-7cca-45c7-810c-7ea11519444b@group-84D2FC177FB5: receive requestVote(PRE_VOTE, f1637480-4571-474d-8c0e-49126192dfac, group-84D2FC177FB5, 0, <PROTO_DEFAULT>)
2025-07-02 18:45:21,331 [grpc-default-executor-5] INFO  impl.VoteContext (VoteContext.java:log(49)) - baa12041-7cca-45c7-810c-7ea11519444b@group-84D2FC177FB5-FOLLOWER: accept PRE_VOTE from f1637480-4571-474d-8c0e-49126192dfac: our priority 0 <= candidate's priority 1
2025-07-02 18:45:21,331 [grpc-default-executor-5] INFO  server.RaftServer$Division (RaftServerImpl.java:requestVote(1455)) - baa12041-7cca-45c7-810c-7ea11519444b@group-84D2FC177FB5 replies to PRE_VOTE vote request: f1637480-4571-474d-8c0e-49126192dfac<-baa12041-7cca-45c7-810c-7ea11519444b#0:OK-t0-last:<INITIAL_VALUE>. Peer's state: baa12041-7cca-45c7-810c-7ea11519444b@group-84D2FC177FB5:t0, leader=null, voted=, raftlog=Memoized:baa12041-7cca-45c7-810c-7ea11519444b@group-84D2FC177FB5-SegmentedRaftLog:OPENED:c-1:lastnull, conf=conf: {index: -1, cur=peers:[f1637480-4571-474d-8c0e-49126192dfac|127.0.0.1:15023, 75758caf-2019-48e0-9285-4ac26ec01eda|127.0.0.1:15015, baa12041-7cca-45c7-810c-7ea11519444b|127.0.0.1:15031]|listeners:[], old=null}
2025-07-02 18:45:21,334 [f1637480-4571-474d-8c0e-49126192dfac@group-84D2FC177FB5-LeaderElection9] INFO  impl.LeaderElection (LeaderElection.java:logAndReturn(206)) - f1637480-4571-474d-8c0e-49126192dfac@group-84D2FC177FB5-LeaderElection9: PRE_VOTE PASSED received 1 response(s) and 0 exception(s):
2025-07-02 18:45:21,334 [f1637480-4571-474d-8c0e-49126192dfac@group-84D2FC177FB5-LeaderElection9] INFO  impl.LeaderElection (LeaderElection.java:logAndReturn(210)) -   Response 0: f1637480-4571-474d-8c0e-49126192dfac<-75758caf-2019-48e0-9285-4ac26ec01eda#0:OK-t0-last:<INITIAL_VALUE>
2025-07-02 18:45:21,334 [f1637480-4571-474d-8c0e-49126192dfac@group-84D2FC177FB5-LeaderElection9] INFO  impl.LeaderElection (LeaderElection.java:askForVotes(450)) - f1637480-4571-474d-8c0e-49126192dfac@group-84D2FC177FB5-LeaderElection9 PRE_VOTE round 0: result PASSED
2025-07-02 18:45:21,335 [9eb5a351-9325-4150-9d0a-de2b7d27d48d-groupManagement] INFO  storage.RaftStorageDirectory (RaftStorageDirectoryImpl.java:tryLock(229)) - Lock on /home/runner/work/ozone/ozone/hadoop-ozone/integration-test/target/test-dir/MiniOzoneClusterImpl-b7e00dfa-d3b8-45cf-9d3a-2bd5fdfebf54/ozone-meta/datanode-9/ratis/73acc545-491b-4393-8737-2788c300d651/in_use.lock acquired by nodename 44808@localhost
2025-07-02 18:45:21,336 [f1637480-4571-474d-8c0e-49126192dfac@group-84D2FC177FB5-LeaderElection9] INFO  impl.LeaderElection (LeaderElection.java:askForVotes(448)) - f1637480-4571-474d-8c0e-49126192dfac@group-84D2FC177FB5-LeaderElection9 ELECTION round 0: submit vote requests at term 1 for conf: {index: -1, cur=peers:[f1637480-4571-474d-8c0e-49126192dfac|127.0.0.1:15023, 75758caf-2019-48e0-9285-4ac26ec01eda|127.0.0.1:15015, baa12041-7cca-45c7-810c-7ea11519444b|127.0.0.1:15031]|listeners:[], old=null}
2025-07-02 18:45:21,339 [9eb5a351-9325-4150-9d0a-de2b7d27d48d-groupManagement] INFO  storage.RaftStorage (RaftStorageImpl.java:format(98)) - Storage directory /home/runner/work/ozone/ozone/hadoop-ozone/integration-test/target/test-dir/MiniOzoneClusterImpl-b7e00dfa-d3b8-45cf-9d3a-2bd5fdfebf54/ozone-meta/datanode-9/ratis/73acc545-491b-4393-8737-2788c300d651 has been successfully formatted.
2025-07-02 18:45:21,340 [9eb5a351-9325-4150-9d0a-de2b7d27d48d-groupManagement] INFO  ratis.ContainerStateMachine (ContainerStateMachine.java:initialize(339)) - 9eb5a351-9325-4150-9d0a-de2b7d27d48d: initialize group-2788C300D651
2025-07-02 18:45:21,341 [9eb5a351-9325-4150-9d0a-de2b7d27d48d-groupManagement] INFO  ratis.ContainerStateMachine (ContainerStateMachine.java:loadSnapshot(347)) - group-2788C300D651: The snapshot info is null. Setting the last applied index to:<INITIAL_VALUE>
2025-07-02 18:45:21,341 [9eb5a351-9325-4150-9d0a-de2b7d27d48d-groupManagement] INFO  server.RaftServerConfigKeys (ConfUtils.java:logGet(62)) - raft.server.log.appender.buffer.byte-limit = 33554432 (custom)
2025-07-02 18:45:21,342 [grpc-default-executor-5] INFO  server.RaftServer$Division (RaftServerImpl.java:requestVote(1421)) - baa12041-7cca-45c7-810c-7ea11519444b@group-84D2FC177FB5: receive requestVote(ELECTION, f1637480-4571-474d-8c0e-49126192dfac, group-84D2FC177FB5, 1, <PROTO_DEFAULT>)
2025-07-02 18:45:21,342 [grpc-default-executor-5] INFO  impl.VoteContext (VoteContext.java:log(49)) - baa12041-7cca-45c7-810c-7ea11519444b@group-84D2FC177FB5-FOLLOWER: accept ELECTION from f1637480-4571-474d-8c0e-49126192dfac: our priority 0 <= candidate's priority 1
2025-07-02 18:45:21,342 [grpc-default-executor-5] INFO  server.RaftServer$Division (RaftServerImpl.java:setRole(392)) - baa12041-7cca-45c7-810c-7ea11519444b@group-84D2FC177FB5: changes role from  FOLLOWER to FOLLOWER at term 0 for candidate:f1637480-4571-474d-8c0e-49126192dfac
2025-07-02 18:45:21,342 [grpc-default-executor-5] INFO  impl.RoleInfo (RoleInfo.java:shutdownFollowerState(121)) - baa12041-7cca-45c7-810c-7ea11519444b: shutdown baa12041-7cca-45c7-810c-7ea11519444b@group-84D2FC177FB5-FollowerState
2025-07-02 18:45:21,342 [grpc-default-executor-5] INFO  impl.RoleInfo (RoleInfo.java:updateAndGet(148)) - baa12041-7cca-45c7-810c-7ea11519444b: start baa12041-7cca-45c7-810c-7ea11519444b@group-84D2FC177FB5-FollowerState
2025-07-02 18:45:21,343 [baa12041-7cca-45c7-810c-7ea11519444b@group-84D2FC177FB5-FollowerState] INFO  impl.FollowerState (FollowerState.java:runImpl(170)) - baa12041-7cca-45c7-810c-7ea11519444b@group-84D2FC177FB5-FollowerState was interrupted
2025-07-02 18:45:21,343 [grpc-default-executor-5] INFO  server.RaftServer$Division (RaftServerImpl.java:setFirstElection(576)) - baa12041-7cca-45c7-810c-7ea11519444b@group-84D2FC177FB5: set firstElectionSinceStartup to false for candidate:f1637480-4571-474d-8c0e-49126192dfac
2025-07-02 18:45:21,343 [grpc-default-executor-2] INFO  server.RaftServer$Division (RaftServerImpl.java:requestVote(1421)) - 75758caf-2019-48e0-9285-4ac26ec01eda@group-84D2FC177FB5: receive requestVote(ELECTION, f1637480-4571-474d-8c0e-49126192dfac, group-84D2FC177FB5, 1, <PROTO_DEFAULT>)
2025-07-02 18:45:21,343 [grpc-default-executor-2] INFO  impl.VoteContext (VoteContext.java:log(49)) - 75758caf-2019-48e0-9285-4ac26ec01eda@group-84D2FC177FB5-FOLLOWER: accept ELECTION from f1637480-4571-474d-8c0e-49126192dfac: our priority 0 <= candidate's priority 1
2025-07-02 18:45:21,343 [grpc-default-executor-2] INFO  server.RaftServer$Division (RaftServerImpl.java:setRole(392)) - 75758caf-2019-48e0-9285-4ac26ec01eda@group-84D2FC177FB5: changes role from  FOLLOWER to FOLLOWER at term 0 for candidate:f1637480-4571-474d-8c0e-49126192dfac
2025-07-02 18:45:21,343 [grpc-default-executor-2] INFO  impl.RoleInfo (RoleInfo.java:shutdownFollowerState(121)) - 75758caf-2019-48e0-9285-4ac26ec01eda: shutdown 75758caf-2019-48e0-9285-4ac26ec01eda@group-84D2FC177FB5-FollowerState
2025-07-02 18:45:21,344 [75758caf-2019-48e0-9285-4ac26ec01eda@group-84D2FC177FB5-FollowerState] INFO  impl.FollowerState (FollowerState.java:runImpl(170)) - 75758caf-2019-48e0-9285-4ac26ec01eda@group-84D2FC177FB5-FollowerState was interrupted
2025-07-02 18:45:21,344 [grpc-default-executor-2] INFO  impl.RoleInfo (RoleInfo.java:updateAndGet(148)) - 75758caf-2019-48e0-9285-4ac26ec01eda: start 75758caf-2019-48e0-9285-4ac26ec01eda@group-84D2FC177FB5-FollowerState
2025-07-02 18:45:21,345 [grpc-default-executor-5] INFO  server.RaftServer$Division (RaftServerImpl.java:requestVote(1455)) - baa12041-7cca-45c7-810c-7ea11519444b@group-84D2FC177FB5 replies to ELECTION vote request: f1637480-4571-474d-8c0e-49126192dfac<-baa12041-7cca-45c7-810c-7ea11519444b#0:OK-t1-last:<INITIAL_VALUE>. Peer's state: baa12041-7cca-45c7-810c-7ea11519444b@group-84D2FC177FB5:t1, leader=null, voted=f1637480-4571-474d-8c0e-49126192dfac, raftlog=Memoized:baa12041-7cca-45c7-810c-7ea11519444b@group-84D2FC177FB5-SegmentedRaftLog:OPENED:c-1:lastnull, conf=conf: {index: -1, cur=peers:[f1637480-4571-474d-8c0e-49126192dfac|127.0.0.1:15023, 75758caf-2019-48e0-9285-4ac26ec01eda|127.0.0.1:15015, baa12041-7cca-45c7-810c-7ea11519444b|127.0.0.1:15031]|listeners:[], old=null}
2025-07-02 18:45:21,347 [f1637480-4571-474d-8c0e-49126192dfac@group-84D2FC177FB5-LeaderElection9] INFO  impl.LeaderElection (LeaderElection.java:logAndReturn(206)) - f1637480-4571-474d-8c0e-49126192dfac@group-84D2FC177FB5-LeaderElection9: ELECTION PASSED received 1 response(s) and 0 exception(s):
2025-07-02 18:45:21,348 [f1637480-4571-474d-8c0e-49126192dfac@group-84D2FC177FB5-LeaderElection9] INFO  impl.LeaderElection (LeaderElection.java:logAndReturn(210)) -   Response 0: f1637480-4571-474d-8c0e-49126192dfac<-baa12041-7cca-45c7-810c-7ea11519444b#0:OK-t1-last:<INITIAL_VALUE>
2025-07-02 18:45:21,348 [f1637480-4571-474d-8c0e-49126192dfac@group-84D2FC177FB5-LeaderElection9] INFO  impl.LeaderElection (LeaderElection.java:askForVotes(450)) - f1637480-4571-474d-8c0e-49126192dfac@group-84D2FC177FB5-LeaderElection9 ELECTION round 0: result PASSED
2025-07-02 18:45:21,348 [f1637480-4571-474d-8c0e-49126192dfac@group-84D2FC177FB5-LeaderElection9] INFO  impl.RoleInfo (RoleInfo.java:shutdownLeaderElection(141)) - f1637480-4571-474d-8c0e-49126192dfac: shutdown f1637480-4571-474d-8c0e-49126192dfac@group-84D2FC177FB5-LeaderElection9
2025-07-02 18:45:21,348 [f1637480-4571-474d-8c0e-49126192dfac@group-84D2FC177FB5-LeaderElection9] INFO  server.RaftServer$Division (RaftServerImpl.java:setRole(392)) - f1637480-4571-474d-8c0e-49126192dfac@group-84D2FC177FB5: changes role from CANDIDATE to LEADER at term 1 for changeToLeader
2025-07-02 18:45:21,348 [f1637480-4571-474d-8c0e-49126192dfac@group-84D2FC177FB5-LeaderElection9] INFO  server.RaftServerConfigKeys (ConfUtils.java:logFallback(69)) - raft.server.staging.timeout = 15600ms (fallback to raft.server.rpc.timeout.max)
2025-07-02 18:45:21,348 [f1637480-4571-474d-8c0e-49126192dfac@group-84D2FC177FB5-LeaderElection9] INFO  server.RaftServerConfigKeys (ConfUtils.java:logGet(62)) - raft.server.write.byte-limit = 1024 M (=1073741824) (custom)
2025-07-02 18:45:21,351 [grpc-default-executor-2] INFO  server.RaftServer$Division (RaftServerImpl.java:requestVote(1455)) - 75758caf-2019-48e0-9285-4ac26ec01eda@group-84D2FC177FB5 replies to ELECTION vote request: f1637480-4571-474d-8c0e-49126192dfac<-75758caf-2019-48e0-9285-4ac26ec01eda#0:OK-t1-last:<INITIAL_VALUE>. Peer's state: 75758caf-2019-48e0-9285-4ac26ec01eda@group-84D2FC177FB5:t1, leader=null, voted=f1637480-4571-474d-8c0e-49126192dfac, raftlog=Memoized:75758caf-2019-48e0-9285-4ac26ec01eda@group-84D2FC177FB5-SegmentedRaftLog:OPENED:c-1:lastnull, conf=conf: {index: -1, cur=peers:[f1637480-4571-474d-8c0e-49126192dfac|127.0.0.1:15023, 75758caf-2019-48e0-9285-4ac26ec01eda|127.0.0.1:15015, baa12041-7cca-45c7-810c-7ea11519444b|127.0.0.1:15031]|listeners:[], old=null}
2025-07-02 18:45:21,355 [baa12041-7cca-45c7-810c-7ea11519444b@group-F1559D221247-LeaderElection10] INFO  impl.RoleInfo (RoleInfo.java:updateAndGet(148)) - baa12041-7cca-45c7-810c-7ea11519444b: start baa12041-7cca-45c7-810c-7ea11519444b@group-F1559D221247-LeaderStateImpl
2025-07-02 18:45:21,356 [baa12041-7cca-45c7-810c-7ea11519444b@group-F1559D221247-LeaderElection10] INFO  server.RaftServer$Division (RaftServerImpl.java:setFirstElection(576)) - baa12041-7cca-45c7-810c-7ea11519444b@group-F1559D221247: set firstElectionSinceStartup to false for becomeLeader
2025-07-02 18:45:21,356 [baa12041-7cca-45c7-810c-7ea11519444b@group-F1559D221247-LeaderElection10] INFO  ratis.XceiverServerRatis (XceiverServerRatis.java:handleLeaderChangedNotification(944)) - Leader change notification received for group: group-F1559D221247 with new leaderId: baa12041-7cca-45c7-810c-7ea11519444b
2025-07-02 18:45:21,357 [baa12041-7cca-45c7-810c-7ea11519444b@group-F1559D221247-LeaderElection10] INFO  server.RaftServer$Division (ServerState.java:setLeader(272)) - baa12041-7cca-45c7-810c-7ea11519444b@group-F1559D221247: change Leader from null to baa12041-7cca-45c7-810c-7ea11519444b at term 1 for becomeLeader, leader elected after 1252ms
2025-07-02 18:45:21,357 [baa12041-7cca-45c7-810c-7ea11519444b@group-F1559D221247-LeaderElection10] INFO  segmented.SegmentedRaftLogWorker (SegmentedRaftLogWorker.java:startLogSegment(440)) - baa12041-7cca-45c7-810c-7ea11519444b@group-F1559D221247-SegmentedRaftLogWorker: Starting segment from index:0
2025-07-02 18:45:21,357 [baa12041-7cca-45c7-810c-7ea11519444b@group-F1559D221247-LeaderElection10] INFO  server.RaftServer$Division (ServerState.java:setRaftConf(386)) - baa12041-7cca-45c7-810c-7ea11519444b@group-F1559D221247: set configuration conf: {index: 0, cur=peers:[baa12041-7cca-45c7-810c-7ea11519444b|127.0.0.1:15031]|listeners:[], old=null}
2025-07-02 18:45:21,359 [baa12041-7cca-45c7-810c-7ea11519444b@group-F1559D221247-SegmentedRaftLogWorker] INFO  segmented.BufferedWriteChannel (BufferedWriteChannel.java:open(61)) - open log_inprogress_0 at position 0
2025-07-02 18:45:21,366 [9eb5a351-9325-4150-9d0a-de2b7d27d48d-groupManagement] INFO  server.RaftServerConfigKeys (ConfUtils.java:logGet(62)) - raft.server.log.segment.size.max = 67108864 (custom)
2025-07-02 18:45:21,367 [9eb5a351-9325-4150-9d0a-de2b7d27d48d-groupManagement] INFO  server.RaftServerConfigKeys (ConfUtils.java:logGet(62)) - raft.server.log.appender.buffer.byte-limit = 33554432 (custom)
2025-07-02 18:45:21,367 [71a26ef2-e834-411c-97c5-a30c78105e8f-groupManagement] INFO  server.RaftServerConfigKeys (ConfUtils.java:logGet(62)) - raft.server.storage.dir = [/home/runner/work/ozone/ozone/hadoop-ozone/integration-test/target/test-dir/MiniOzoneClusterImpl-b7e00dfa-d3b8-45cf-9d3a-2bd5fdfebf54/ozone-meta/datanode-8/ratis] (custom)
2025-07-02 18:45:21,367 [71a26ef2-e834-411c-97c5-a30c78105e8f-groupManagement] INFO  storage.RaftStorageDirectory (RaftStorageDirectoryImpl.java:analyzeStorage(138)) - The storage directory /home/runner/work/ozone/ozone/hadoop-ozone/integration-test/target/test-dir/MiniOzoneClusterImpl-b7e00dfa-d3b8-45cf-9d3a-2bd5fdfebf54/ozone-meta/datanode-8/ratis/5f27ba15-5844-4016-b075-9a9972b2e833 does not exist. Creating ...
2025-07-02 18:45:21,368 [f1637480-4571-474d-8c0e-49126192dfac@group-84D2FC177FB5-LeaderElection9] INFO  server.RaftServerConfigKeys (ConfUtils.java:logGet(62)) - raft.server.log.appender.buffer.byte-limit = 33554432 (custom)
2025-07-02 18:45:21,370 [f1637480-4571-474d-8c0e-49126192dfac@group-84D2FC177FB5-LeaderElection9] INFO  server.RaftServerConfigKeys (ConfUtils.java:logGet(62)) - raft.server.log.appender.buffer.byte-limit = 33554432 (custom)
2025-07-02 18:45:21,371 [9eb5a351-9325-4150-9d0a-de2b7d27d48d-groupManagement] INFO  util.AwaitToRun (AwaitToRun.java:start(81)) - Thread[#1348,9eb5a351-9325-4150-9d0a-de2b7d27d48d@group-2788C300D651-cacheEviction-AwaitToRun,5,main] started
2025-07-02 18:45:21,371 [9eb5a351-9325-4150-9d0a-de2b7d27d48d-groupManagement] INFO  segmented.SegmentedRaftLogWorker (SegmentedRaftLogWorker.java:<init>(190)) - new 9eb5a351-9325-4150-9d0a-de2b7d27d48d@group-2788C300D651-SegmentedRaftLogWorker for RaftStorageImpl:Storage Directory /home/runner/work/ozone/ozone/hadoop-ozone/integration-test/target/test-dir/MiniOzoneClusterImpl-b7e00dfa-d3b8-45cf-9d3a-2bd5fdfebf54/ozone-meta/datanode-9/ratis/73acc545-491b-4393-8737-2788c300d651
2025-07-02 18:45:21,371 [9eb5a351-9325-4150-9d0a-de2b7d27d48d-groupManagement] INFO  server.RaftServerConfigKeys (ConfUtils.java:logGet(62)) - raft.server.log.queue.byte-limit = 4294967296 (custom)
2025-07-02 18:45:21,372 [9eb5a351-9325-4150-9d0a-de2b7d27d48d-groupManagement] INFO  server.RaftServerConfigKeys (ConfUtils.java:logGet(62)) - raft.server.log.segment.size.max = 67108864 (custom)
2025-07-02 18:45:21,372 [9eb5a351-9325-4150-9d0a-de2b7d27d48d-groupManagement] INFO  server.RaftServerConfigKeys (ConfUtils.java:logGet(62)) - raft.server.log.preallocated.size = 4194304 (custom)
2025-07-02 18:45:21,372 [f1637480-4571-474d-8c0e-49126192dfac@group-84D2FC177FB5-LeaderElection9] INFO  impl.RoleInfo (RoleInfo.java:updateAndGet(148)) - f1637480-4571-474d-8c0e-49126192dfac: start f1637480-4571-474d-8c0e-49126192dfac@group-84D2FC177FB5-LeaderStateImpl
2025-07-02 18:45:21,372 [f1637480-4571-474d-8c0e-49126192dfac@group-84D2FC177FB5-LeaderElection9] INFO  server.RaftServer$Division (RaftServerImpl.java:setFirstElection(576)) - f1637480-4571-474d-8c0e-49126192dfac@group-84D2FC177FB5: set firstElectionSinceStartup to false for becomeLeader
2025-07-02 18:45:21,373 [f1637480-4571-474d-8c0e-49126192dfac@group-84D2FC177FB5-LeaderElection9] INFO  ratis.XceiverServerRatis (XceiverServerRatis.java:handleLeaderChangedNotification(944)) - Leader change notification received for group: group-84D2FC177FB5 with new leaderId: f1637480-4571-474d-8c0e-49126192dfac
2025-07-02 18:45:21,373 [f1637480-4571-474d-8c0e-49126192dfac@group-84D2FC177FB5-LeaderElection9] INFO  server.RaftServer$Division (ServerState.java:setLeader(272)) - f1637480-4571-474d-8c0e-49126192dfac@group-84D2FC177FB5: change Leader from null to f1637480-4571-474d-8c0e-49126192dfac at term 1 for becomeLeader, leader elected after 1295ms
2025-07-02 18:45:21,373 [f1637480-4571-474d-8c0e-49126192dfac@group-84D2FC177FB5-LeaderElection9] INFO  segmented.SegmentedRaftLogWorker (SegmentedRaftLogWorker.java:startLogSegment(440)) - f1637480-4571-474d-8c0e-49126192dfac@group-84D2FC177FB5-SegmentedRaftLogWorker: Starting segment from index:0
2025-07-02 18:45:21,373 [f1637480-4571-474d-8c0e-49126192dfac@group-84D2FC177FB5-SegmentedRaftLogWorker] INFO  segmented.BufferedWriteChannel (BufferedWriteChannel.java:open(61)) - open log_inprogress_0 at position 0
2025-07-02 18:45:21,376 [f1637480-4571-474d-8c0e-49126192dfac@group-84D2FC177FB5-LeaderElection9] INFO  server.RaftServer$Division (ServerState.java:setRaftConf(386)) - f1637480-4571-474d-8c0e-49126192dfac@group-84D2FC177FB5: set configuration conf: {index: 0, cur=peers:[f1637480-4571-474d-8c0e-49126192dfac|127.0.0.1:15023, 75758caf-2019-48e0-9285-4ac26ec01eda|127.0.0.1:15015, baa12041-7cca-45c7-810c-7ea11519444b|127.0.0.1:15031]|listeners:[], old=null}
2025-07-02 18:45:21,377 [71a26ef2-e834-411c-97c5-a30c78105e8f-groupManagement] INFO  storage.RaftStorageDirectory (RaftStorageDirectoryImpl.java:tryLock(229)) - Lock on /home/runner/work/ozone/ozone/hadoop-ozone/integration-test/target/test-dir/MiniOzoneClusterImpl-b7e00dfa-d3b8-45cf-9d3a-2bd5fdfebf54/ozone-meta/datanode-8/ratis/5f27ba15-5844-4016-b075-9a9972b2e833/in_use.lock acquired by nodename 44808@localhost
2025-07-02 18:45:21,373 [9eb5a351-9325-4150-9d0a-de2b7d27d48d-groupManagement] INFO  server.RaftServerConfigKeys (ConfUtils.java:logGet(62)) - raft.server.log.write.buffer.size = 33554440 (custom)
2025-07-02 18:45:21,379 [baa12041-7cca-45c7-810c-7ea11519444b@group-F1559D221247-SegmentedRaftLogWorker] INFO  segmented.SegmentedRaftLogWorker (SegmentedRaftLogWorker.java:execute(647)) - baa12041-7cca-45c7-810c-7ea11519444b@group-F1559D221247-SegmentedRaftLogWorker: created new log segment /home/runner/work/ozone/ozone/hadoop-ozone/integration-test/target/test-dir/MiniOzoneClusterImpl-b7e00dfa-d3b8-45cf-9d3a-2bd5fdfebf54/ozone-meta/datanode-3/ratis/5e45ba48-5edd-440d-8eb2-f1559d221247/current/log_inprogress_0
2025-07-02 18:45:21,379 [71a26ef2-e834-411c-97c5-a30c78105e8f-groupManagement] INFO  storage.RaftStorage (RaftStorageImpl.java:format(98)) - Storage directory /home/runner/work/ozone/ozone/hadoop-ozone/integration-test/target/test-dir/MiniOzoneClusterImpl-b7e00dfa-d3b8-45cf-9d3a-2bd5fdfebf54/ozone-meta/datanode-8/ratis/5f27ba15-5844-4016-b075-9a9972b2e833 has been successfully formatted.
2025-07-02 18:45:21,380 [71a26ef2-e834-411c-97c5-a30c78105e8f-groupManagement] INFO  ratis.ContainerStateMachine (ContainerStateMachine.java:initialize(339)) - 71a26ef2-e834-411c-97c5-a30c78105e8f: initialize group-9A9972B2E833
2025-07-02 18:45:21,380 [71a26ef2-e834-411c-97c5-a30c78105e8f-groupManagement] INFO  ratis.ContainerStateMachine (ContainerStateMachine.java:loadSnapshot(347)) - group-9A9972B2E833: The snapshot info is null. Setting the last applied index to:<INITIAL_VALUE>
2025-07-02 18:45:21,381 [71a26ef2-e834-411c-97c5-a30c78105e8f-groupManagement] INFO  server.RaftServerConfigKeys (ConfUtils.java:logGet(62)) - raft.server.log.appender.buffer.byte-limit = 33554432 (custom)
2025-07-02 18:45:21,383 [baa12041-7cca-45c7-810c-7ea11519444b@group-F1559D221247-StateMachineUpdater] INFO  server.RaftServer$Division (LeaderStateImpl.java:checkStartIndex(309)) - Leader baa12041-7cca-45c7-810c-7ea11519444b@group-F1559D221247-LeaderStateImpl is ready since appliedIndex == startIndex == 0
2025-07-02 18:45:21,383 [baa12041-7cca-45c7-810c-7ea11519444b@group-F1559D221247-StateMachineUpdater] INFO  ratis.ContainerStateMachine (ContainerStateMachine.java:takeSnapshot(427)) - group-F1559D221247: Taking a snapshot at:(t:1, i:0) file /home/runner/work/ozone/ozone/hadoop-ozone/integration-test/target/test-dir/MiniOzoneClusterImpl-b7e00dfa-d3b8-45cf-9d3a-2bd5fdfebf54/ozone-meta/datanode-3/ratis/5e45ba48-5edd-440d-8eb2-f1559d221247/sm/snapshot.1_0
2025-07-02 18:45:21,386 [baa12041-7cca-45c7-810c-7ea11519444b@group-F1559D221247-StateMachineUpdater] INFO  ratis.ContainerStateMachine (ContainerStateMachine.java:takeSnapshot(436)) - group-F1559D221247: Finished taking a snapshot at:(t:1, i:0) file:/home/runner/work/ozone/ozone/hadoop-ozone/integration-test/target/test-dir/MiniOzoneClusterImpl-b7e00dfa-d3b8-45cf-9d3a-2bd5fdfebf54/ozone-meta/datanode-3/ratis/5e45ba48-5edd-440d-8eb2-f1559d221247/sm/snapshot.1_0 took: 2 ms
2025-07-02 18:45:21,387 [baa12041-7cca-45c7-810c-7ea11519444b@group-F1559D221247-StateMachineUpdater] INFO  impl.StateMachineUpdater (StateMachineUpdater.java:takeSnapshot(307)) - baa12041-7cca-45c7-810c-7ea11519444b@group-F1559D221247-StateMachineUpdater: Took a snapshot at index 0
2025-07-02 18:45:21,387 [baa12041-7cca-45c7-810c-7ea11519444b@group-F1559D221247-StateMachineUpdater] INFO  impl.StateMachineUpdater (StateMachineUpdater.java:lambda$new$0(101)) - baa12041-7cca-45c7-810c-7ea11519444b@group-F1559D221247-StateMachineUpdater: snapshotIndex: updateIncreasingly -1 -> 0
2025-07-02 18:45:21,389 [71a26ef2-e834-411c-97c5-a30c78105e8f-groupManagement] INFO  server.RaftServerConfigKeys (ConfUtils.java:logGet(62)) - raft.server.log.segment.size.max = 67108864 (custom)
2025-07-02 18:45:21,392 [71a26ef2-e834-411c-97c5-a30c78105e8f-groupManagement] INFO  server.RaftServerConfigKeys (ConfUtils.java:logGet(62)) - raft.server.log.appender.buffer.byte-limit = 33554432 (custom)
2025-07-02 18:45:21,394 [71a26ef2-e834-411c-97c5-a30c78105e8f-groupManagement] INFO  util.AwaitToRun (AwaitToRun.java:start(81)) - Thread[#1352,71a26ef2-e834-411c-97c5-a30c78105e8f@group-9A9972B2E833-cacheEviction-AwaitToRun,5,main] started
2025-07-02 18:45:21,394 [71a26ef2-e834-411c-97c5-a30c78105e8f-groupManagement] INFO  segmented.SegmentedRaftLogWorker (SegmentedRaftLogWorker.java:<init>(190)) - new 71a26ef2-e834-411c-97c5-a30c78105e8f@group-9A9972B2E833-SegmentedRaftLogWorker for RaftStorageImpl:Storage Directory /home/runner/work/ozone/ozone/hadoop-ozone/integration-test/target/test-dir/MiniOzoneClusterImpl-b7e00dfa-d3b8-45cf-9d3a-2bd5fdfebf54/ozone-meta/datanode-8/ratis/5f27ba15-5844-4016-b075-9a9972b2e833
2025-07-02 18:45:21,395 [71a26ef2-e834-411c-97c5-a30c78105e8f-groupManagement] INFO  server.RaftServerConfigKeys (ConfUtils.java:logGet(62)) - raft.server.log.queue.byte-limit = 4294967296 (custom)
2025-07-02 18:45:21,395 [71a26ef2-e834-411c-97c5-a30c78105e8f-groupManagement] INFO  server.RaftServerConfigKeys (ConfUtils.java:logGet(62)) - raft.server.log.segment.size.max = 67108864 (custom)
2025-07-02 18:45:21,395 [71a26ef2-e834-411c-97c5-a30c78105e8f-groupManagement] INFO  server.RaftServerConfigKeys (ConfUtils.java:logGet(62)) - raft.server.log.preallocated.size = 4194304 (custom)
2025-07-02 18:45:21,396 [71a26ef2-e834-411c-97c5-a30c78105e8f-groupManagement] INFO  server.RaftServerConfigKeys (ConfUtils.java:logGet(62)) - raft.server.log.write.buffer.size = 33554440 (custom)
2025-07-02 18:45:21,397 [grpc-default-executor-0] INFO  ratis.XceiverServerRatis (XceiverServerRatis.java:handleLeaderChangedNotification(944)) - Leader change notification received for group: group-84D2FC177FB5 with new leaderId: f1637480-4571-474d-8c0e-49126192dfac
2025-07-02 18:45:21,397 [grpc-default-executor-0] INFO  server.RaftServer$Division (ServerState.java:setLeader(272)) - 75758caf-2019-48e0-9285-4ac26ec01eda@group-84D2FC177FB5: change Leader from null to f1637480-4571-474d-8c0e-49126192dfac at term 1 for appendEntries, leader elected after 1325ms
2025-07-02 18:45:21,398 [grpc-default-executor-5] INFO  ratis.XceiverServerRatis (XceiverServerRatis.java:handleLeaderChangedNotification(944)) - Leader change notification received for group: group-84D2FC177FB5 with new leaderId: f1637480-4571-474d-8c0e-49126192dfac
2025-07-02 18:45:21,398 [grpc-default-executor-5] INFO  server.RaftServer$Division (ServerState.java:setLeader(272)) - baa12041-7cca-45c7-810c-7ea11519444b@group-84D2FC177FB5: change Leader from null to f1637480-4571-474d-8c0e-49126192dfac at term 1 for appendEntries, leader elected after 1222ms
2025-07-02 18:45:21,401 [grpc-default-executor-0] INFO  server.RaftServer$Division (ServerState.java:setRaftConf(386)) - 75758caf-2019-48e0-9285-4ac26ec01eda@group-84D2FC177FB5: set configuration conf: {index: 0, cur=peers:[f1637480-4571-474d-8c0e-49126192dfac|127.0.0.1:15023, 75758caf-2019-48e0-9285-4ac26ec01eda|127.0.0.1:15015, baa12041-7cca-45c7-810c-7ea11519444b|127.0.0.1:15031]|listeners:[], old=null}
2025-07-02 18:45:21,401 [grpc-default-executor-0] INFO  segmented.SegmentedRaftLogWorker (SegmentedRaftLogWorker.java:startLogSegment(440)) - 75758caf-2019-48e0-9285-4ac26ec01eda@group-84D2FC177FB5-SegmentedRaftLogWorker: Starting segment from index:0
2025-07-02 18:45:21,403 [9eb5a351-9325-4150-9d0a-de2b7d27d48d-groupManagement] INFO  server.RaftServerConfigKeys (ConfUtils.java:logGet(62)) - raft.server.log.appender.buffer.byte-limit = 33554432 (custom)
2025-07-02 18:45:21,403 [9eb5a351-9325-4150-9d0a-de2b7d27d48d-groupManagement] INFO  segmented.SegmentedRaftLogWorker (SegmentedRaftLogWorker.java:lambda$new$0(141)) - 9eb5a351-9325-4150-9d0a-de2b7d27d48d@group-2788C300D651-SegmentedRaftLogWorker: flushIndex: setUnconditionally 0 -> -1
2025-07-02 18:45:21,401 [grpc-default-executor-2] INFO  server.RaftServer$Division (ServerState.java:setRaftConf(386)) - baa12041-7cca-45c7-810c-7ea11519444b@group-84D2FC177FB5: set configuration conf: {index: 0, cur=peers:[f1637480-4571-474d-8c0e-49126192dfac|127.0.0.1:15023, 75758caf-2019-48e0-9285-4ac26ec01eda|127.0.0.1:15015, baa12041-7cca-45c7-810c-7ea11519444b|127.0.0.1:15031]|listeners:[], old=null}
2025-07-02 18:45:21,403 [grpc-default-executor-2] INFO  segmented.SegmentedRaftLogWorker (SegmentedRaftLogWorker.java:startLogSegment(440)) - baa12041-7cca-45c7-810c-7ea11519444b@group-84D2FC177FB5-SegmentedRaftLogWorker: Starting segment from index:0
2025-07-02 18:45:21,404 [baa12041-7cca-45c7-810c-7ea11519444b@group-84D2FC177FB5-SegmentedRaftLogWorker] INFO  segmented.BufferedWriteChannel (BufferedWriteChannel.java:open(61)) - open log_inprogress_0 at position 0
2025-07-02 18:45:21,404 [71a26ef2-e834-411c-97c5-a30c78105e8f-groupManagement] INFO  server.RaftServerConfigKeys (ConfUtils.java:logGet(62)) - raft.server.log.appender.buffer.byte-limit = 33554432 (custom)
2025-07-02 18:45:21,404 [71a26ef2-e834-411c-97c5-a30c78105e8f-groupManagement] INFO  segmented.SegmentedRaftLogWorker (SegmentedRaftLogWorker.java:lambda$new$0(141)) - 71a26ef2-e834-411c-97c5-a30c78105e8f@group-9A9972B2E833-SegmentedRaftLogWorker: flushIndex: setUnconditionally 0 -> -1
2025-07-02 18:45:21,404 [71a26ef2-e834-411c-97c5-a30c78105e8f-groupManagement] INFO  segmented.SegmentedRaftLogWorker (SegmentedRaftLogWorker.java:lambda$new$0(141)) - 71a26ef2-e834-411c-97c5-a30c78105e8f@group-9A9972B2E833-SegmentedRaftLogWorker: safeCacheEvictIndex: setUnconditionally 0 -> -1
2025-07-02 18:45:21,404 [EventQueue-PipelineReportForPipelineReportHandler] INFO  pipeline.PipelineReportHandler (PipelineReportHandler.java:processPipelineReport(134)) - Opened pipeline Pipeline-2bc36170-bfb4-426e-aff1-84d2fc177fb5
2025-07-02 18:45:21,405 [75758caf-2019-48e0-9285-4ac26ec01eda@group-84D2FC177FB5-SegmentedRaftLogWorker] INFO  segmented.BufferedWriteChannel (BufferedWriteChannel.java:open(61)) - open log_inprogress_0 at position 0
2025-07-02 18:45:21,403 [9eb5a351-9325-4150-9d0a-de2b7d27d48d-groupManagement] INFO  segmented.SegmentedRaftLogWorker (SegmentedRaftLogWorker.java:lambda$new$0(141)) - 9eb5a351-9325-4150-9d0a-de2b7d27d48d@group-2788C300D651-SegmentedRaftLogWorker: safeCacheEvictIndex: setUnconditionally 0 -> -1
2025-07-02 18:45:21,403 [f1637480-4571-474d-8c0e-49126192dfac@group-84D2FC177FB5-SegmentedRaftLogWorker] INFO  segmented.SegmentedRaftLogWorker (SegmentedRaftLogWorker.java:execute(647)) - f1637480-4571-474d-8c0e-49126192dfac@group-84D2FC177FB5-SegmentedRaftLogWorker: created new log segment /home/runner/work/ozone/ozone/hadoop-ozone/integration-test/target/test-dir/MiniOzoneClusterImpl-b7e00dfa-d3b8-45cf-9d3a-2bd5fdfebf54/ozone-meta/datanode-2/ratis/2bc36170-bfb4-426e-aff1-84d2fc177fb5/current/log_inprogress_0
2025-07-02 18:45:21,411 [9eb5a351-9325-4150-9d0a-de2b7d27d48d-groupManagement] INFO  server.RaftServer$Division (RaftServerImpl.java:start(405)) - 9eb5a351-9325-4150-9d0a-de2b7d27d48d@group-2788C300D651: start as a follower, conf=conf: {index: -1, cur=peers:[9eb5a351-9325-4150-9d0a-de2b7d27d48d|127.0.0.1:15079, 71a26ef2-e834-411c-97c5-a30c78105e8f|127.0.0.1:15071, 92aeff0d-b8ac-4e9e-9ba6-1724c63a8401|127.0.0.1:15063]|listeners:[], old=null}
2025-07-02 18:45:21,411 [9eb5a351-9325-4150-9d0a-de2b7d27d48d-groupManagement] INFO  server.RaftServer$Division (RaftServerImpl.java:setRole(392)) - 9eb5a351-9325-4150-9d0a-de2b7d27d48d@group-2788C300D651: changes role from      null to FOLLOWER at term 0 for startAsFollower
2025-07-02 18:45:21,411 [9eb5a351-9325-4150-9d0a-de2b7d27d48d-groupManagement] INFO  impl.RoleInfo (RoleInfo.java:updateAndGet(148)) - 9eb5a351-9325-4150-9d0a-de2b7d27d48d: start 9eb5a351-9325-4150-9d0a-de2b7d27d48d@group-2788C300D651-FollowerState
2025-07-02 18:45:21,412 [9eb5a351-9325-4150-9d0a-de2b7d27d48d-groupManagement] INFO  util.JmxRegister (JmxRegister.java:tryRegister(44)) - Successfully registered JMX Bean with object name Ratis:service=RaftServer,group=group-2788C300D651,id=9eb5a351-9325-4150-9d0a-de2b7d27d48d
2025-07-02 18:45:21,412 [9eb5a351-9325-4150-9d0a-de2b7d27d48d-groupManagement] INFO  util.JmxRegister (JmxRegister.java:register(58)) - register mxBean class org.apache.ratis.server.impl.RaftServerJmxAdapter as Ratis:service=RaftServer,group=group-2788C300D651,id=9eb5a351-9325-4150-9d0a-de2b7d27d48d
2025-07-02 18:45:21,414 [9eb5a351-9325-4150-9d0a-de2b7d27d48d-groupManagement] INFO  server.RaftServer$Division (RaftServerImpl.java:start(419)) - 9eb5a351-9325-4150-9d0a-de2b7d27d48d@group-2788C300D651: Successfully started.
2025-07-02 18:45:21,416 [baa12041-7cca-45c7-810c-7ea11519444b@group-84D2FC177FB5-SegmentedRaftLogWorker] INFO  segmented.SegmentedRaftLogWorker (SegmentedRaftLogWorker.java:execute(647)) - baa12041-7cca-45c7-810c-7ea11519444b@group-84D2FC177FB5-SegmentedRaftLogWorker: created new log segment /home/runner/work/ozone/ozone/hadoop-ozone/integration-test/target/test-dir/MiniOzoneClusterImpl-b7e00dfa-d3b8-45cf-9d3a-2bd5fdfebf54/ozone-meta/datanode-3/ratis/2bc36170-bfb4-426e-aff1-84d2fc177fb5/current/log_inprogress_0
2025-07-02 18:45:21,414 [EventQueue-PipelineReportForPipelineReportHandler] INFO  pipeline.PipelineReportHandler (PipelineReportHandler.java:processPipelineReport(134)) - Opened pipeline Pipeline-5f27ba15-5844-4016-b075-9a9972b2e833
2025-07-02 18:45:21,418 [71a26ef2-e834-411c-97c5-a30c78105e8f-groupManagement] INFO  server.RaftServer$Division (RaftServerImpl.java:start(405)) - 71a26ef2-e834-411c-97c5-a30c78105e8f@group-9A9972B2E833: start as a follower, conf=conf: {index: -1, cur=peers:[71a26ef2-e834-411c-97c5-a30c78105e8f|127.0.0.1:15071]|listeners:[], old=null}
2025-07-02 18:45:21,418 [71a26ef2-e834-411c-97c5-a30c78105e8f-groupManagement] INFO  server.RaftServer$Division (RaftServerImpl.java:setRole(392)) - 71a26ef2-e834-411c-97c5-a30c78105e8f@group-9A9972B2E833: changes role from      null to FOLLOWER at term 0 for startAsFollower
2025-07-02 18:45:21,418 [71a26ef2-e834-411c-97c5-a30c78105e8f-groupManagement] INFO  impl.RoleInfo (RoleInfo.java:updateAndGet(148)) - 71a26ef2-e834-411c-97c5-a30c78105e8f: start 71a26ef2-e834-411c-97c5-a30c78105e8f@group-9A9972B2E833-FollowerState
2025-07-02 18:45:21,419 [71a26ef2-e834-411c-97c5-a30c78105e8f-groupManagement] INFO  util.JmxRegister (JmxRegister.java:tryRegister(44)) - Successfully registered JMX Bean with object name Ratis:service=RaftServer,group=group-9A9972B2E833,id=71a26ef2-e834-411c-97c5-a30c78105e8f
2025-07-02 18:45:21,419 [71a26ef2-e834-411c-97c5-a30c78105e8f-groupManagement] INFO  util.JmxRegister (JmxRegister.java:register(58)) - register mxBean class org.apache.ratis.server.impl.RaftServerJmxAdapter as Ratis:service=RaftServer,group=group-9A9972B2E833,id=71a26ef2-e834-411c-97c5-a30c78105e8f
2025-07-02 18:45:21,421 [95ee4113-9599-4433-8033-e07ec30d3bee@group-5DC5F624F8EB-FollowerState] INFO  impl.FollowerState (FollowerState.java:runImpl(161)) - 95ee4113-9599-4433-8033-e07ec30d3bee@group-5DC5F624F8EB-FollowerState: change to CANDIDATE, lastRpcElapsedTime:1184388474ns, electionTimeout:1179ms
2025-07-02 18:45:21,421 [95ee4113-9599-4433-8033-e07ec30d3bee@group-5DC5F624F8EB-FollowerState] INFO  impl.RoleInfo (RoleInfo.java:shutdownFollowerState(121)) - 95ee4113-9599-4433-8033-e07ec30d3bee: shutdown 95ee4113-9599-4433-8033-e07ec30d3bee@group-5DC5F624F8EB-FollowerState
2025-07-02 18:45:21,421 [95ee4113-9599-4433-8033-e07ec30d3bee@group-5DC5F624F8EB-FollowerState] INFO  server.RaftServer$Division (RaftServerImpl.java:setRole(392)) - 95ee4113-9599-4433-8033-e07ec30d3bee@group-5DC5F624F8EB: changes role from  FOLLOWER to CANDIDATE at term 0 for changeToCandidate
2025-07-02 18:45:21,421 [95ee4113-9599-4433-8033-e07ec30d3bee@group-5DC5F624F8EB-FollowerState] INFO  impl.RoleInfo (RoleInfo.java:updateAndGet(148)) - 95ee4113-9599-4433-8033-e07ec30d3bee: start 95ee4113-9599-4433-8033-e07ec30d3bee@group-5DC5F624F8EB-LeaderElection11
2025-07-02 18:45:21,422 [95ee4113-9599-4433-8033-e07ec30d3bee@group-5DC5F624F8EB-LeaderElection11] INFO  impl.LeaderElection (LeaderElection.java:askForVotes(448)) - 95ee4113-9599-4433-8033-e07ec30d3bee@group-5DC5F624F8EB-LeaderElection11 PRE_VOTE round 0: submit vote requests at term 0 for conf: {index: -1, cur=peers:[95ee4113-9599-4433-8033-e07ec30d3bee|127.0.0.1:15039]|listeners:[], old=null}
2025-07-02 18:45:21,422 [95ee4113-9599-4433-8033-e07ec30d3bee@group-5DC5F624F8EB-LeaderElection11] INFO  impl.LeaderElection (LeaderElection.java:askForVotes(450)) - 95ee4113-9599-4433-8033-e07ec30d3bee@group-5DC5F624F8EB-LeaderElection11 PRE_VOTE round 0: result PASSED (term=0)
2025-07-02 18:45:21,421 [71a26ef2-e834-411c-97c5-a30c78105e8f-groupManagement] INFO  server.RaftServer$Division (RaftServerImpl.java:start(419)) - 71a26ef2-e834-411c-97c5-a30c78105e8f@group-9A9972B2E833: Successfully started.
2025-07-02 18:45:21,425 [71a26ef2-e834-411c-97c5-a30c78105e8f-PipelineCommandHandlerThread-0] INFO  ratis.XceiverServerRatis (XceiverServerRatis.java:addGroup(843)) - Created group Pipeline-5f27ba15-5844-4016-b075-9a9972b2e833
2025-07-02 18:45:21,425 [71a26ef2-e834-411c-97c5-a30c78105e8f-PipelineCommandHandlerThread-0] INFO  commandhandler.CreatePipelineCommandHandler (CreatePipelineCommandHandler.java:lambda$handle$2(127)) - Created Pipeline RATIS ONE Pipeline-5f27ba15-5844-4016-b075-9a9972b2e833.
2025-07-02 18:45:21,425 [71a26ef2-e834-411c-97c5-a30c78105e8f-PipelineCommandHandlerThread-0] INFO  server.RaftServer (RaftServerProxy.java:addNew(105)) - 71a26ef2-e834-411c-97c5-a30c78105e8f: addNew group-2788C300D651:[9eb5a351-9325-4150-9d0a-de2b7d27d48d|127.0.0.1:15079, 71a26ef2-e834-411c-97c5-a30c78105e8f|127.0.0.1:15071, 92aeff0d-b8ac-4e9e-9ba6-1724c63a8401|127.0.0.1:15063] returns group-2788C300D651:java.util.concurrent.CompletableFuture@2cf0a0b0[Not completed]
2025-07-02 18:45:21,428 [75758caf-2019-48e0-9285-4ac26ec01eda@group-84D2FC177FB5-SegmentedRaftLogWorker] INFO  segmented.SegmentedRaftLogWorker (SegmentedRaftLogWorker.java:execute(647)) - 75758caf-2019-48e0-9285-4ac26ec01eda@group-84D2FC177FB5-SegmentedRaftLogWorker: created new log segment /home/runner/work/ozone/ozone/hadoop-ozone/integration-test/target/test-dir/MiniOzoneClusterImpl-b7e00dfa-d3b8-45cf-9d3a-2bd5fdfebf54/ozone-meta/datanode-1/ratis/2bc36170-bfb4-426e-aff1-84d2fc177fb5/current/log_inprogress_0
2025-07-02 18:45:21,429 [95ee4113-9599-4433-8033-e07ec30d3bee@group-5DC5F624F8EB-LeaderElection11] INFO  impl.LeaderElection (LeaderElection.java:askForVotes(448)) - 95ee4113-9599-4433-8033-e07ec30d3bee@group-5DC5F624F8EB-LeaderElection11 ELECTION round 0: submit vote requests at term 1 for conf: {index: -1, cur=peers:[95ee4113-9599-4433-8033-e07ec30d3bee|127.0.0.1:15039]|listeners:[], old=null}
2025-07-02 18:45:21,429 [95ee4113-9599-4433-8033-e07ec30d3bee@group-5DC5F624F8EB-LeaderElection11] INFO  impl.LeaderElection (LeaderElection.java:askForVotes(450)) - 95ee4113-9599-4433-8033-e07ec30d3bee@group-5DC5F624F8EB-LeaderElection11 ELECTION round 0: result PASSED (term=1)
2025-07-02 18:45:21,429 [95ee4113-9599-4433-8033-e07ec30d3bee@group-5DC5F624F8EB-LeaderElection11] INFO  impl.RoleInfo (RoleInfo.java:shutdownLeaderElection(141)) - 95ee4113-9599-4433-8033-e07ec30d3bee: shutdown 95ee4113-9599-4433-8033-e07ec30d3bee@group-5DC5F624F8EB-LeaderElection11
2025-07-02 18:45:21,429 [95ee4113-9599-4433-8033-e07ec30d3bee@group-5DC5F624F8EB-LeaderElection11] INFO  server.RaftServer$Division (RaftServerImpl.java:setRole(392)) - 95ee4113-9599-4433-8033-e07ec30d3bee@group-5DC5F624F8EB: changes role from CANDIDATE to LEADER at term 1 for changeToLeader
2025-07-02 18:45:21,430 [95ee4113-9599-4433-8033-e07ec30d3bee@group-5DC5F624F8EB-LeaderElection11] INFO  server.RaftServerConfigKeys (ConfUtils.java:logFallback(69)) - raft.server.staging.timeout = 15600ms (fallback to raft.server.rpc.timeout.max)
2025-07-02 18:45:21,430 [95ee4113-9599-4433-8033-e07ec30d3bee@group-5DC5F624F8EB-LeaderElection11] INFO  server.RaftServerConfigKeys (ConfUtils.java:logGet(62)) - raft.server.write.byte-limit = 1024 M (=1073741824) (custom)
2025-07-02 18:45:21,431 [f1637480-4571-474d-8c0e-49126192dfac@group-84D2FC177FB5-StateMachineUpdater] INFO  server.RaftServer$Division (LeaderStateImpl.java:checkStartIndex(309)) - Leader f1637480-4571-474d-8c0e-49126192dfac@group-84D2FC177FB5-LeaderStateImpl is ready since appliedIndex == startIndex == 0
2025-07-02 18:45:21,431 [f1637480-4571-474d-8c0e-49126192dfac@group-84D2FC177FB5-StateMachineUpdater] INFO  ratis.ContainerStateMachine (ContainerStateMachine.java:takeSnapshot(427)) - group-84D2FC177FB5: Taking a snapshot at:(t:1, i:0) file /home/runner/work/ozone/ozone/hadoop-ozone/integration-test/target/test-dir/MiniOzoneClusterImpl-b7e00dfa-d3b8-45cf-9d3a-2bd5fdfebf54/ozone-meta/datanode-2/ratis/2bc36170-bfb4-426e-aff1-84d2fc177fb5/sm/snapshot.1_0
2025-07-02 18:45:21,431 [71a26ef2-e834-411c-97c5-a30c78105e8f-groupManagement] WARN  statemachine.DatanodeConfiguration (DatanodeConfiguration.java:validateMinFreeSpace(751)) - hdds.datanode.volume.min.free.space.percent = -1.0 is invalid, should be between 0 and 1
2025-07-02 18:45:21,431 [71a26ef2-e834-411c-97c5-a30c78105e8f-groupManagement] INFO  server.RaftServer$Division (RaftServerImpl.java:<init>(268)) - 71a26ef2-e834-411c-97c5-a30c78105e8f: new RaftServerImpl for group-2788C300D651:[9eb5a351-9325-4150-9d0a-de2b7d27d48d|127.0.0.1:15079, 71a26ef2-e834-411c-97c5-a30c78105e8f|127.0.0.1:15071, 92aeff0d-b8ac-4e9e-9ba6-1724c63a8401|127.0.0.1:15063] with ContainerStateMachine:uninitialized
2025-07-02 18:45:21,432 [71a26ef2-e834-411c-97c5-a30c78105e8f-groupManagement] INFO  server.RaftServer$Division (ServerState.java:<init>(114)) - 71a26ef2-e834-411c-97c5-a30c78105e8f@group-2788C300D651: ConfigurationManager, init=conf: {index: -1, cur=peers:[9eb5a351-9325-4150-9d0a-de2b7d27d48d|127.0.0.1:15079, 71a26ef2-e834-411c-97c5-a30c78105e8f|127.0.0.1:15071, 92aeff0d-b8ac-4e9e-9ba6-1724c63a8401|127.0.0.1:15063]|listeners:[], old=null}, confs=<EMPTY_MAP>
2025-07-02 18:45:21,432 [f1637480-4571-474d-8c0e-49126192dfac@group-84D2FC177FB5-StateMachineUpdater] INFO  ratis.ContainerStateMachine (ContainerStateMachine.java:takeSnapshot(436)) - group-84D2FC177FB5: Finished taking a snapshot at:(t:1, i:0) file:/home/runner/work/ozone/ozone/hadoop-ozone/integration-test/target/test-dir/MiniOzoneClusterImpl-b7e00dfa-d3b8-45cf-9d3a-2bd5fdfebf54/ozone-meta/datanode-2/ratis/2bc36170-bfb4-426e-aff1-84d2fc177fb5/sm/snapshot.1_0 took: 1 ms
2025-07-02 18:45:21,433 [f1637480-4571-474d-8c0e-49126192dfac@group-84D2FC177FB5-StateMachineUpdater] INFO  impl.StateMachineUpdater (StateMachineUpdater.java:takeSnapshot(307)) - f1637480-4571-474d-8c0e-49126192dfac@group-84D2FC177FB5-StateMachineUpdater: Took a snapshot at index 0
2025-07-02 18:45:21,434 [f1637480-4571-474d-8c0e-49126192dfac@group-84D2FC177FB5-StateMachineUpdater] INFO  impl.StateMachineUpdater (StateMachineUpdater.java:lambda$new$0(101)) - f1637480-4571-474d-8c0e-49126192dfac@group-84D2FC177FB5-StateMachineUpdater: snapshotIndex: updateIncreasingly -1 -> 0
2025-07-02 18:45:21,432 [95ee4113-9599-4433-8033-e07ec30d3bee@group-5DC5F624F8EB-LeaderElection11] INFO  impl.RoleInfo (RoleInfo.java:updateAndGet(148)) - 95ee4113-9599-4433-8033-e07ec30d3bee: start 95ee4113-9599-4433-8033-e07ec30d3bee@group-5DC5F624F8EB-LeaderStateImpl
2025-07-02 18:45:21,434 [95ee4113-9599-4433-8033-e07ec30d3bee@group-5DC5F624F8EB-LeaderElection11] INFO  server.RaftServer$Division (RaftServerImpl.java:setFirstElection(576)) - 95ee4113-9599-4433-8033-e07ec30d3bee@group-5DC5F624F8EB: set firstElectionSinceStartup to false for becomeLeader
2025-07-02 18:45:21,434 [95ee4113-9599-4433-8033-e07ec30d3bee@group-5DC5F624F8EB-LeaderElection11] INFO  ratis.XceiverServerRatis (XceiverServerRatis.java:handleLeaderChangedNotification(944)) - Leader change notification received for group: group-5DC5F624F8EB with new leaderId: 95ee4113-9599-4433-8033-e07ec30d3bee
2025-07-02 18:45:21,434 [95ee4113-9599-4433-8033-e07ec30d3bee@group-5DC5F624F8EB-LeaderElection11] INFO  server.RaftServer$Division (ServerState.java:setLeader(272)) - 95ee4113-9599-4433-8033-e07ec30d3bee@group-5DC5F624F8EB: change Leader from null to 95ee4113-9599-4433-8033-e07ec30d3bee at term 1 for becomeLeader, leader elected after 1223ms
2025-07-02 18:45:21,435 [95ee4113-9599-4433-8033-e07ec30d3bee@group-5DC5F624F8EB-LeaderElection11] INFO  segmented.SegmentedRaftLogWorker (SegmentedRaftLogWorker.java:startLogSegment(440)) - 95ee4113-9599-4433-8033-e07ec30d3bee@group-5DC5F624F8EB-SegmentedRaftLogWorker: Starting segment from index:0
2025-07-02 18:45:21,437 [95ee4113-9599-4433-8033-e07ec30d3bee@group-5DC5F624F8EB-LeaderElection11] INFO  server.RaftServer$Division (ServerState.java:setRaftConf(386)) - 95ee4113-9599-4433-8033-e07ec30d3bee@group-5DC5F624F8EB: set configuration conf: {index: 0, cur=peers:[95ee4113-9599-4433-8033-e07ec30d3bee|127.0.0.1:15039]|listeners:[], old=null}
2025-07-02 18:45:21,441 [95ee4113-9599-4433-8033-e07ec30d3bee@group-5DC5F624F8EB-SegmentedRaftLogWorker] INFO  segmented.BufferedWriteChannel (BufferedWriteChannel.java:open(61)) - open log_inprogress_0 at position 0
2025-07-02 18:45:21,446 [grpc-default-executor-5] WARN  server.GrpcAdminProtocolService (GrpcAdminProtocolService.java:lambda$groupManagement$1(53)) - Failed groupManagement: GROUPADD, GroupManagementRequest:client-F0F257C8B4D4->71a26ef2-e834-411c-97c5-a30c78105e8f@group-2788C300D651, cid=14, seq=null, RW, null, Add:group-2788C300D651:[9eb5a351-9325-4150-9d0a-de2b7d27d48d|127.0.0.1:15079, 71a26ef2-e834-411c-97c5-a30c78105e8f|127.0.0.1:15071, 92aeff0d-b8ac-4e9e-9ba6-1724c63a8401|127.0.0.1:15063]
java.util.concurrent.CompletionException: org.apache.ratis.protocol.exceptions.AlreadyExistsException: 71a26ef2-e834-411c-97c5-a30c78105e8f: Failed to add group-2788C300D651:[9eb5a351-9325-4150-9d0a-de2b7d27d48d|127.0.0.1:15079, 71a26ef2-e834-411c-97c5-a30c78105e8f|127.0.0.1:15071, 92aeff0d-b8ac-4e9e-9ba6-1724c63a8401|127.0.0.1:15063] since the group already exists in the map.
	at java.base/java.util.concurrent.CompletableFuture.encodeThrowable(CompletableFuture.java:332)
	at java.base/java.util.concurrent.CompletableFuture.uniApplyNow(CompletableFuture.java:674)
	at java.base/java.util.concurrent.CompletableFuture.uniApplyStage(CompletableFuture.java:662)
	at java.base/java.util.concurrent.CompletableFuture.thenApplyAsync(CompletableFuture.java:2210)
	at org.apache.ratis.server.impl.RaftServerProxy.groupAddAsync(RaftServerProxy.java:513)
	at org.apache.ratis.server.impl.RaftServerProxy.groupManagementAsync(RaftServerProxy.java:495)
	at org.apache.ratis.grpc.server.GrpcAdminProtocolService.lambda$groupManagement$0(GrpcAdminProtocolService.java:51)
	at org.apache.ratis.grpc.GrpcUtil.asyncCall(GrpcUtil.java:172)
	at org.apache.ratis.grpc.server.GrpcAdminProtocolService.groupManagement(GrpcAdminProtocolService.java:51)
	at org.apache.ratis.proto.grpc.AdminProtocolServiceGrpc$MethodHandlers.invoke(AdminProtocolServiceGrpc.java:701)
	at org.apache.ratis.thirdparty.io.grpc.stub.ServerCalls$UnaryServerCallHandler$UnaryServerCallListener.onHalfClose(ServerCalls.java:182)
	at org.apache.ratis.thirdparty.io.grpc.internal.ServerCallImpl$ServerStreamListenerImpl.halfClosed(ServerCallImpl.java:356)
	at org.apache.ratis.thirdparty.io.grpc.internal.ServerImpl$JumpToApplicationThreadServerStreamListener$1HalfClosed.runInContext(ServerImpl.java:861)
	at org.apache.ratis.thirdparty.io.grpc.internal.ContextRunnable.run(ContextRunnable.java:37)
	at org.apache.ratis.thirdparty.io.grpc.internal.SerializingExecutor.run(SerializingExecutor.java:133)
	at java.base/java.util.concurrent.ThreadPoolExecutor.runWorker(ThreadPoolExecutor.java:1144)
	at java.base/java.util.concurrent.ThreadPoolExecutor$Worker.run(ThreadPoolExecutor.java:642)
	at java.base/java.lang.Thread.run(Thread.java:1583)
Caused by: org.apache.ratis.protocol.exceptions.AlreadyExistsException: 71a26ef2-e834-411c-97c5-a30c78105e8f: Failed to add group-2788C300D651:[9eb5a351-9325-4150-9d0a-de2b7d27d48d|127.0.0.1:15079, 71a26ef2-e834-411c-97c5-a30c78105e8f|127.0.0.1:15071, 92aeff0d-b8ac-4e9e-9ba6-1724c63a8401|127.0.0.1:15063] since the group already exists in the map.
	at org.apache.ratis.server.impl.RaftServerProxy$ImplMap.addNew(RaftServerProxy.java:99)
	at org.apache.ratis.server.impl.RaftServerProxy.groupAddAsync(RaftServerProxy.java:512)
	... 13 more
2025-07-02 18:45:21,453 [95ee4113-9599-4433-8033-e07ec30d3bee@group-BC9AD7F74B25-FollowerState] INFO  impl.FollowerState (FollowerState.java:runImpl(161)) - 95ee4113-9599-4433-8033-e07ec30d3bee@group-BC9AD7F74B25-FollowerState: change to CANDIDATE, lastRpcElapsedTime:1153039710ns, electionTimeout:1152ms
2025-07-02 18:45:21,455 [95ee4113-9599-4433-8033-e07ec30d3bee@group-BC9AD7F74B25-FollowerState] INFO  impl.RoleInfo (RoleInfo.java:shutdownFollowerState(121)) - 95ee4113-9599-4433-8033-e07ec30d3bee: shutdown 95ee4113-9599-4433-8033-e07ec30d3bee@group-BC9AD7F74B25-FollowerState
2025-07-02 18:45:21,455 [95ee4113-9599-4433-8033-e07ec30d3bee@group-BC9AD7F74B25-FollowerState] INFO  server.RaftServer$Division (RaftServerImpl.java:setRole(392)) - 95ee4113-9599-4433-8033-e07ec30d3bee@group-BC9AD7F74B25: changes role from  FOLLOWER to CANDIDATE at term 0 for changeToCandidate
2025-07-02 18:45:21,455 [95ee4113-9599-4433-8033-e07ec30d3bee@group-BC9AD7F74B25-FollowerState] INFO  impl.RoleInfo (RoleInfo.java:updateAndGet(148)) - 95ee4113-9599-4433-8033-e07ec30d3bee: start 95ee4113-9599-4433-8033-e07ec30d3bee@group-BC9AD7F74B25-LeaderElection12
2025-07-02 18:45:21,447 [71a26ef2-e834-411c-97c5-a30c78105e8f-groupManagement] INFO  storage.RaftStorageDirectory (RaftStorageDirectoryImpl.java:analyzeStorage(138)) - The storage directory /home/runner/work/ozone/ozone/hadoop-ozone/integration-test/target/test-dir/MiniOzoneClusterImpl-b7e00dfa-d3b8-45cf-9d3a-2bd5fdfebf54/ozone-meta/datanode-8/ratis/73acc545-491b-4393-8737-2788c300d651 does not exist. Creating ...
2025-07-02 18:45:21,456 [95ee4113-9599-4433-8033-e07ec30d3bee@group-BC9AD7F74B25-LeaderElection12] INFO  impl.LeaderElection (LeaderElection.java:askForVotes(448)) - 95ee4113-9599-4433-8033-e07ec30d3bee@group-BC9AD7F74B25-LeaderElection12 PRE_VOTE round 0: submit vote requests at term 0 for conf: {index: -1, cur=peers:[4114dace-2331-46e8-9bd0-01e36750a673|127.0.0.1:15055, 95ee4113-9599-4433-8033-e07ec30d3bee|127.0.0.1:15039, c6c1c004-cb80-4a23-8b53-68ef0e0db17b|127.0.0.1:15047]|listeners:[], old=null}
2025-07-02 18:45:21,457 [71a26ef2-e834-411c-97c5-a30c78105e8f-groupManagement] INFO  storage.RaftStorageDirectory (RaftStorageDirectoryImpl.java:tryLock(229)) - Lock on /home/runner/work/ozone/ozone/hadoop-ozone/integration-test/target/test-dir/MiniOzoneClusterImpl-b7e00dfa-d3b8-45cf-9d3a-2bd5fdfebf54/ozone-meta/datanode-8/ratis/73acc545-491b-4393-8737-2788c300d651/in_use.lock acquired by nodename 44808@localhost
2025-07-02 18:45:21,457 [95ee4113-9599-4433-8033-e07ec30d3bee@group-5DC5F624F8EB-SegmentedRaftLogWorker] INFO  segmented.SegmentedRaftLogWorker (SegmentedRaftLogWorker.java:execute(647)) - 95ee4113-9599-4433-8033-e07ec30d3bee@group-5DC5F624F8EB-SegmentedRaftLogWorker: created new log segment /home/runner/work/ozone/ozone/hadoop-ozone/integration-test/target/test-dir/MiniOzoneClusterImpl-b7e00dfa-d3b8-45cf-9d3a-2bd5fdfebf54/ozone-meta/datanode-4/ratis/0906f09b-8f04-4eff-ad8f-5dc5f624f8eb/current/log_inprogress_0
2025-07-02 18:45:21,457 [95ee4113-9599-4433-8033-e07ec30d3bee@group-BC9AD7F74B25-LeaderElection12-1] INFO  server.GrpcServerProtocolClient (GrpcServerProtocolClient.java:<init>(65)) - Build channel for 4114dace-2331-46e8-9bd0-01e36750a673|127.0.0.1:15055
2025-07-02 18:45:21,458 [95ee4113-9599-4433-8033-e07ec30d3bee@group-BC9AD7F74B25-LeaderElection12-2] INFO  server.GrpcServerProtocolClient (GrpcServerProtocolClient.java:<init>(65)) - Build channel for c6c1c004-cb80-4a23-8b53-68ef0e0db17b|127.0.0.1:15047
2025-07-02 18:45:21,460 [71a26ef2-e834-411c-97c5-a30c78105e8f-groupManagement] INFO  storage.RaftStorage (RaftStorageImpl.java:format(98)) - Storage directory /home/runner/work/ozone/ozone/hadoop-ozone/integration-test/target/test-dir/MiniOzoneClusterImpl-b7e00dfa-d3b8-45cf-9d3a-2bd5fdfebf54/ozone-meta/datanode-8/ratis/73acc545-491b-4393-8737-2788c300d651 has been successfully formatted.
2025-07-02 18:45:21,460 [71a26ef2-e834-411c-97c5-a30c78105e8f-groupManagement] INFO  ratis.ContainerStateMachine (ContainerStateMachine.java:initialize(339)) - 71a26ef2-e834-411c-97c5-a30c78105e8f: initialize group-2788C300D651
2025-07-02 18:45:21,460 [71a26ef2-e834-411c-97c5-a30c78105e8f-groupManagement] INFO  ratis.ContainerStateMachine (ContainerStateMachine.java:loadSnapshot(347)) - group-2788C300D651: The snapshot info is null. Setting the last applied index to:<INITIAL_VALUE>
2025-07-02 18:45:21,460 [71a26ef2-e834-411c-97c5-a30c78105e8f-groupManagement] INFO  server.RaftServerConfigKeys (ConfUtils.java:logGet(62)) - raft.server.log.appender.buffer.byte-limit = 33554432 (custom)
2025-07-02 18:45:21,463 [95ee4113-9599-4433-8033-e07ec30d3bee@group-5DC5F624F8EB-StateMachineUpdater] INFO  server.RaftServer$Division (LeaderStateImpl.java:checkStartIndex(309)) - Leader 95ee4113-9599-4433-8033-e07ec30d3bee@group-5DC5F624F8EB-LeaderStateImpl is ready since appliedIndex == startIndex == 0
2025-07-02 18:45:21,463 [95ee4113-9599-4433-8033-e07ec30d3bee@group-5DC5F624F8EB-StateMachineUpdater] INFO  ratis.ContainerStateMachine (ContainerStateMachine.java:takeSnapshot(427)) - group-5DC5F624F8EB: Taking a snapshot at:(t:1, i:0) file /home/runner/work/ozone/ozone/hadoop-ozone/integration-test/target/test-dir/MiniOzoneClusterImpl-b7e00dfa-d3b8-45cf-9d3a-2bd5fdfebf54/ozone-meta/datanode-4/ratis/0906f09b-8f04-4eff-ad8f-5dc5f624f8eb/sm/snapshot.1_0
2025-07-02 18:45:21,464 [95ee4113-9599-4433-8033-e07ec30d3bee@group-5DC5F624F8EB-StateMachineUpdater] INFO  ratis.ContainerStateMachine (ContainerStateMachine.java:takeSnapshot(436)) - group-5DC5F624F8EB: Finished taking a snapshot at:(t:1, i:0) file:/home/runner/work/ozone/ozone/hadoop-ozone/integration-test/target/test-dir/MiniOzoneClusterImpl-b7e00dfa-d3b8-45cf-9d3a-2bd5fdfebf54/ozone-meta/datanode-4/ratis/0906f09b-8f04-4eff-ad8f-5dc5f624f8eb/sm/snapshot.1_0 took: 1 ms
2025-07-02 18:45:21,467 [95ee4113-9599-4433-8033-e07ec30d3bee@group-5DC5F624F8EB-StateMachineUpdater] INFO  impl.StateMachineUpdater (StateMachineUpdater.java:takeSnapshot(307)) - 95ee4113-9599-4433-8033-e07ec30d3bee@group-5DC5F624F8EB-StateMachineUpdater: Took a snapshot at index 0
2025-07-02 18:45:21,467 [95ee4113-9599-4433-8033-e07ec30d3bee@group-5DC5F624F8EB-StateMachineUpdater] INFO  impl.StateMachineUpdater (StateMachineUpdater.java:lambda$new$0(101)) - 95ee4113-9599-4433-8033-e07ec30d3bee@group-5DC5F624F8EB-StateMachineUpdater: snapshotIndex: updateIncreasingly -1 -> 0
2025-07-02 18:45:21,467 [95ee4113-9599-4433-8033-e07ec30d3bee@group-5195515A604F-FollowerState] INFO  impl.FollowerState (FollowerState.java:runImpl(161)) - 95ee4113-9599-4433-8033-e07ec30d3bee@group-5195515A604F-FollowerState: change to CANDIDATE, lastRpcElapsedTime:1018541544ns, electionTimeout:1017ms
2025-07-02 18:45:21,467 [95ee4113-9599-4433-8033-e07ec30d3bee@group-5195515A604F-FollowerState] INFO  impl.RoleInfo (RoleInfo.java:shutdownFollowerState(121)) - 95ee4113-9599-4433-8033-e07ec30d3bee: shutdown 95ee4113-9599-4433-8033-e07ec30d3bee@group-5195515A604F-FollowerState
2025-07-02 18:45:21,467 [95ee4113-9599-4433-8033-e07ec30d3bee@group-5195515A604F-FollowerState] INFO  server.RaftServer$Division (RaftServerImpl.java:setRole(392)) - 95ee4113-9599-4433-8033-e07ec30d3bee@group-5195515A604F: changes role from  FOLLOWER to CANDIDATE at term 0 for changeToCandidate
2025-07-02 18:45:21,467 [95ee4113-9599-4433-8033-e07ec30d3bee@group-5195515A604F-FollowerState] INFO  impl.RoleInfo (RoleInfo.java:updateAndGet(148)) - 95ee4113-9599-4433-8033-e07ec30d3bee: start 95ee4113-9599-4433-8033-e07ec30d3bee@group-5195515A604F-LeaderElection13
2025-07-02 18:45:21,469 [95ee4113-9599-4433-8033-e07ec30d3bee@group-5195515A604F-LeaderElection13] INFO  impl.LeaderElection (LeaderElection.java:askForVotes(448)) - 95ee4113-9599-4433-8033-e07ec30d3bee@group-5195515A604F-LeaderElection13 PRE_VOTE round 0: submit vote requests at term 0 for conf: {index: -1, cur=peers:[4114dace-2331-46e8-9bd0-01e36750a673|127.0.0.1:15055, 95ee4113-9599-4433-8033-e07ec30d3bee|127.0.0.1:15039, c6c1c004-cb80-4a23-8b53-68ef0e0db17b|127.0.0.1:15047]|listeners:[], old=null}
2025-07-02 18:45:21,470 [71a26ef2-e834-411c-97c5-a30c78105e8f-groupManagement] INFO  server.RaftServerConfigKeys (ConfUtils.java:logGet(62)) - raft.server.log.segment.size.max = 67108864 (custom)
2025-07-02 18:45:21,471 [grpc-default-executor-4] INFO  server.RaftServer$Division (RaftServerImpl.java:requestVote(1421)) - c6c1c004-cb80-4a23-8b53-68ef0e0db17b@group-BC9AD7F74B25: receive requestVote(PRE_VOTE, 95ee4113-9599-4433-8033-e07ec30d3bee, group-BC9AD7F74B25, 0, <PROTO_DEFAULT>)
2025-07-02 18:45:21,472 [grpc-default-executor-4] INFO  impl.VoteContext (VoteContext.java:log(49)) - c6c1c004-cb80-4a23-8b53-68ef0e0db17b@group-BC9AD7F74B25-FOLLOWER: accept PRE_VOTE from 95ee4113-9599-4433-8033-e07ec30d3bee: our priority 0 <= candidate's priority 0
2025-07-02 18:45:21,472 [grpc-default-executor-4] INFO  server.RaftServer$Division (RaftServerImpl.java:requestVote(1455)) - c6c1c004-cb80-4a23-8b53-68ef0e0db17b@group-BC9AD7F74B25 replies to PRE_VOTE vote request: 95ee4113-9599-4433-8033-e07ec30d3bee<-c6c1c004-cb80-4a23-8b53-68ef0e0db17b#0:OK-t0-last:<INITIAL_VALUE>. Peer's state: c6c1c004-cb80-4a23-8b53-68ef0e0db17b@group-BC9AD7F74B25:t0, leader=null, voted=, raftlog=Memoized:c6c1c004-cb80-4a23-8b53-68ef0e0db17b@group-BC9AD7F74B25-SegmentedRaftLog:OPENED:c-1:lastnull, conf=conf: {index: -1, cur=peers:[4114dace-2331-46e8-9bd0-01e36750a673|127.0.0.1:15055, 95ee4113-9599-4433-8033-e07ec30d3bee|127.0.0.1:15039, c6c1c004-cb80-4a23-8b53-68ef0e0db17b|127.0.0.1:15047]|listeners:[], old=null}
2025-07-02 18:45:21,472 [grpc-default-executor-5] INFO  server.RaftServer$Division (RaftServerImpl.java:requestVote(1421)) - 4114dace-2331-46e8-9bd0-01e36750a673@group-BC9AD7F74B25: receive requestVote(PRE_VOTE, 95ee4113-9599-4433-8033-e07ec30d3bee, group-BC9AD7F74B25, 0, <PROTO_DEFAULT>)
2025-07-02 18:45:21,472 [grpc-default-executor-5] INFO  impl.VoteContext (VoteContext.java:log(49)) - 4114dace-2331-46e8-9bd0-01e36750a673@group-BC9AD7F74B25-FOLLOWER: reject PRE_VOTE from 95ee4113-9599-4433-8033-e07ec30d3bee: our priority 1 > candidate's priority 0
2025-07-02 18:45:21,472 [grpc-default-executor-5] INFO  server.RaftServer$Division (RaftServerImpl.java:requestVote(1455)) - 4114dace-2331-46e8-9bd0-01e36750a673@group-BC9AD7F74B25 replies to PRE_VOTE vote request: 95ee4113-9599-4433-8033-e07ec30d3bee<-4114dace-2331-46e8-9bd0-01e36750a673#0:FAIL-t0-last:<INITIAL_VALUE>. Peer's state: 4114dace-2331-46e8-9bd0-01e36750a673@group-BC9AD7F74B25:t0, leader=null, voted=, raftlog=Memoized:4114dace-2331-46e8-9bd0-01e36750a673@group-BC9AD7F74B25-SegmentedRaftLog:OPENED:c-1:lastnull, conf=conf: {index: -1, cur=peers:[4114dace-2331-46e8-9bd0-01e36750a673|127.0.0.1:15055, 95ee4113-9599-4433-8033-e07ec30d3bee|127.0.0.1:15039, c6c1c004-cb80-4a23-8b53-68ef0e0db17b|127.0.0.1:15047]|listeners:[], old=null}
2025-07-02 18:45:21,474 [92aeff0d-b8ac-4e9e-9ba6-1724c63a8401-PipelineCommandHandlerThread-0] INFO  commandhandler.CreatePipelineCommandHandler (CreatePipelineCommandHandler.java:lambda$handle$2(127)) - Created Pipeline RATIS THREE Pipeline-73acc545-491b-4393-8737-2788c300d651.
2025-07-02 18:45:21,474 [92aeff0d-b8ac-4e9e-9ba6-1724c63a8401-PipelineCommandHandlerThread-0] INFO  server.RaftServer (RaftServerProxy.java:addNew(105)) - 92aeff0d-b8ac-4e9e-9ba6-1724c63a8401: addNew group-8FD04F33EAC3:[9eb5a351-9325-4150-9d0a-de2b7d27d48d|127.0.0.1:15079, 71a26ef2-e834-411c-97c5-a30c78105e8f|127.0.0.1:15071, 92aeff0d-b8ac-4e9e-9ba6-1724c63a8401|127.0.0.1:15063] returns group-8FD04F33EAC3:java.util.concurrent.CompletableFuture@262fb395[Not completed]
2025-07-02 18:45:21,476 [92aeff0d-b8ac-4e9e-9ba6-1724c63a8401-groupManagement] WARN  statemachine.DatanodeConfiguration (DatanodeConfiguration.java:validateMinFreeSpace(751)) - hdds.datanode.volume.min.free.space.percent = -1.0 is invalid, should be between 0 and 1
2025-07-02 18:45:21,476 [92aeff0d-b8ac-4e9e-9ba6-1724c63a8401-groupManagement] INFO  server.RaftServer$Division (RaftServerImpl.java:<init>(268)) - 92aeff0d-b8ac-4e9e-9ba6-1724c63a8401: new RaftServerImpl for group-8FD04F33EAC3:[9eb5a351-9325-4150-9d0a-de2b7d27d48d|127.0.0.1:15079, 71a26ef2-e834-411c-97c5-a30c78105e8f|127.0.0.1:15071, 92aeff0d-b8ac-4e9e-9ba6-1724c63a8401|127.0.0.1:15063] with ContainerStateMachine:uninitialized
2025-07-02 18:45:21,476 [92aeff0d-b8ac-4e9e-9ba6-1724c63a8401-groupManagement] INFO  server.RaftServer$Division (ServerState.java:<init>(114)) - 92aeff0d-b8ac-4e9e-9ba6-1724c63a8401@group-8FD04F33EAC3: ConfigurationManager, init=conf: {index: -1, cur=peers:[9eb5a351-9325-4150-9d0a-de2b7d27d48d|127.0.0.1:15079, 71a26ef2-e834-411c-97c5-a30c78105e8f|127.0.0.1:15071, 92aeff0d-b8ac-4e9e-9ba6-1724c63a8401|127.0.0.1:15063]|listeners:[], old=null}, confs=<EMPTY_MAP>
2025-07-02 18:45:21,478 [71a26ef2-e834-411c-97c5-a30c78105e8f-groupManagement] INFO  server.RaftServerConfigKeys (ConfUtils.java:logGet(62)) - raft.server.log.appender.buffer.byte-limit = 33554432 (custom)
2025-07-02 18:45:21,478 [71a26ef2-e834-411c-97c5-a30c78105e8f-groupManagement] INFO  util.AwaitToRun (AwaitToRun.java:start(81)) - Thread[#1378,71a26ef2-e834-411c-97c5-a30c78105e8f@group-2788C300D651-cacheEviction-AwaitToRun,5,main] started
2025-07-02 18:45:21,478 [71a26ef2-e834-411c-97c5-a30c78105e8f-groupManagement] INFO  segmented.SegmentedRaftLogWorker (SegmentedRaftLogWorker.java:<init>(190)) - new 71a26ef2-e834-411c-97c5-a30c78105e8f@group-2788C300D651-SegmentedRaftLogWorker for RaftStorageImpl:Storage Directory /home/runner/work/ozone/ozone/hadoop-ozone/integration-test/target/test-dir/MiniOzoneClusterImpl-b7e00dfa-d3b8-45cf-9d3a-2bd5fdfebf54/ozone-meta/datanode-8/ratis/73acc545-491b-4393-8737-2788c300d651
2025-07-02 18:45:21,478 [71a26ef2-e834-411c-97c5-a30c78105e8f-groupManagement] INFO  server.RaftServerConfigKeys (ConfUtils.java:logGet(62)) - raft.server.log.queue.byte-limit = 4294967296 (custom)
2025-07-02 18:45:21,478 [71a26ef2-e834-411c-97c5-a30c78105e8f-groupManagement] INFO  server.RaftServerConfigKeys (ConfUtils.java:logGet(62)) - raft.server.log.segment.size.max = 67108864 (custom)
2025-07-02 18:45:21,478 [71a26ef2-e834-411c-97c5-a30c78105e8f-groupManagement] INFO  server.RaftServerConfigKeys (ConfUtils.java:logGet(62)) - raft.server.log.preallocated.size = 4194304 (custom)
2025-07-02 18:45:21,479 [71a26ef2-e834-411c-97c5-a30c78105e8f-groupManagement] INFO  server.RaftServerConfigKeys (ConfUtils.java:logGet(62)) - raft.server.log.write.buffer.size = 33554440 (custom)
2025-07-02 18:45:21,479 [95ee4113-9599-4433-8033-e07ec30d3bee@group-BC9AD7F74B25-LeaderElection12] INFO  impl.LeaderElection (LeaderElection.java:logAndReturn(206)) - 95ee4113-9599-4433-8033-e07ec30d3bee@group-BC9AD7F74B25-LeaderElection12: PRE_VOTE REJECTED received 1 response(s) and 0 exception(s):
2025-07-02 18:45:21,480 [95ee4113-9599-4433-8033-e07ec30d3bee@group-BC9AD7F74B25-LeaderElection12] INFO  impl.LeaderElection (LeaderElection.java:logAndReturn(210)) -   Response 0: 95ee4113-9599-4433-8033-e07ec30d3bee<-4114dace-2331-46e8-9bd0-01e36750a673#0:FAIL-t0-last:<INITIAL_VALUE>
2025-07-02 18:45:21,480 [95ee4113-9599-4433-8033-e07ec30d3bee@group-BC9AD7F74B25-LeaderElection12] INFO  impl.LeaderElection (LeaderElection.java:askForVotes(450)) - 95ee4113-9599-4433-8033-e07ec30d3bee@group-BC9AD7F74B25-LeaderElection12 PRE_VOTE round 0: result REJECTED
2025-07-02 18:45:21,480 [95ee4113-9599-4433-8033-e07ec30d3bee@group-BC9AD7F74B25-LeaderElection12] INFO  server.RaftServer$Division (RaftServerImpl.java:setRole(392)) - 95ee4113-9599-4433-8033-e07ec30d3bee@group-BC9AD7F74B25: changes role from CANDIDATE to FOLLOWER at term 0 for REJECTED
2025-07-02 18:45:21,480 [95ee4113-9599-4433-8033-e07ec30d3bee@group-BC9AD7F74B25-LeaderElection12] INFO  impl.RoleInfo (RoleInfo.java:shutdownLeaderElection(141)) - 95ee4113-9599-4433-8033-e07ec30d3bee: shutdown 95ee4113-9599-4433-8033-e07ec30d3bee@group-BC9AD7F74B25-LeaderElection12
2025-07-02 18:45:21,480 [95ee4113-9599-4433-8033-e07ec30d3bee@group-BC9AD7F74B25-LeaderElection12] INFO  impl.RoleInfo (RoleInfo.java:updateAndGet(148)) - 95ee4113-9599-4433-8033-e07ec30d3bee: start 95ee4113-9599-4433-8033-e07ec30d3bee@group-BC9AD7F74B25-FollowerState
2025-07-02 18:45:21,482 [grpc-default-executor-0] INFO  server.RaftServer$Division (RaftServerImpl.java:requestVote(1421)) - c6c1c004-cb80-4a23-8b53-68ef0e0db17b@group-5195515A604F: receive requestVote(PRE_VOTE, 95ee4113-9599-4433-8033-e07ec30d3bee, group-5195515A604F, 0, <PROTO_DEFAULT>)
2025-07-02 18:45:21,482 [grpc-default-executor-0] INFO  impl.VoteContext (VoteContext.java:log(49)) - c6c1c004-cb80-4a23-8b53-68ef0e0db17b@group-5195515A604F-FOLLOWER: accept PRE_VOTE from 95ee4113-9599-4433-8033-e07ec30d3bee: our priority 0 <= candidate's priority 1
2025-07-02 18:45:21,482 [grpc-default-executor-0] INFO  server.RaftServer$Division (RaftServerImpl.java:requestVote(1455)) - c6c1c004-cb80-4a23-8b53-68ef0e0db17b@group-5195515A604F replies to PRE_VOTE vote request: 95ee4113-9599-4433-8033-e07ec30d3bee<-c6c1c004-cb80-4a23-8b53-68ef0e0db17b#0:OK-t0-last:<INITIAL_VALUE>. Peer's state: c6c1c004-cb80-4a23-8b53-68ef0e0db17b@group-5195515A604F:t0, leader=null, voted=, raftlog=Memoized:c6c1c004-cb80-4a23-8b53-68ef0e0db17b@group-5195515A604F-SegmentedRaftLog:OPENED:c-1:lastnull, conf=conf: {index: -1, cur=peers:[4114dace-2331-46e8-9bd0-01e36750a673|127.0.0.1:15055, 95ee4113-9599-4433-8033-e07ec30d3bee|127.0.0.1:15039, c6c1c004-cb80-4a23-8b53-68ef0e0db17b|127.0.0.1:15047]|listeners:[], old=null}
2025-07-02 18:45:21,482 [grpc-default-executor-5] INFO  server.RaftServer$Division (RaftServerImpl.java:requestVote(1421)) - 4114dace-2331-46e8-9bd0-01e36750a673@group-5195515A604F: receive requestVote(PRE_VOTE, 95ee4113-9599-4433-8033-e07ec30d3bee, group-5195515A604F, 0, <PROTO_DEFAULT>)
2025-07-02 18:45:21,482 [grpc-default-executor-5] INFO  impl.VoteContext (VoteContext.java:log(49)) - 4114dace-2331-46e8-9bd0-01e36750a673@group-5195515A604F-FOLLOWER: accept PRE_VOTE from 95ee4113-9599-4433-8033-e07ec30d3bee: our priority 0 <= candidate's priority 1
2025-07-02 18:45:21,482 [grpc-default-executor-5] INFO  server.RaftServer$Division (RaftServerImpl.java:requestVote(1455)) - 4114dace-2331-46e8-9bd0-01e36750a673@group-5195515A604F replies to PRE_VOTE vote request: 95ee4113-9599-4433-8033-e07ec30d3bee<-4114dace-2331-46e8-9bd0-01e36750a673#0:OK-t0-last:<INITIAL_VALUE>. Peer's state: 4114dace-2331-46e8-9bd0-01e36750a673@group-5195515A604F:t0, leader=null, voted=, raftlog=Memoized:4114dace-2331-46e8-9bd0-01e36750a673@group-5195515A604F-SegmentedRaftLog:OPENED:c-1:lastnull, conf=conf: {index: -1, cur=peers:[4114dace-2331-46e8-9bd0-01e36750a673|127.0.0.1:15055, 95ee4113-9599-4433-8033-e07ec30d3bee|127.0.0.1:15039, c6c1c004-cb80-4a23-8b53-68ef0e0db17b|127.0.0.1:15047]|listeners:[], old=null}
2025-07-02 18:45:21,484 [95ee4113-9599-4433-8033-e07ec30d3bee@group-BC9AD7F74B25-LeaderElection12] INFO  server.RaftServer$Division (RaftServerImpl.java:setFirstElection(576)) - 95ee4113-9599-4433-8033-e07ec30d3bee@group-BC9AD7F74B25: set firstElectionSinceStartup to false for REJECTED
2025-07-02 18:45:21,484 [95ee4113-9599-4433-8033-e07ec30d3bee@group-5195515A604F-LeaderElection13] INFO  impl.LeaderElection (LeaderElection.java:logAndReturn(206)) - 95ee4113-9599-4433-8033-e07ec30d3bee@group-5195515A604F-LeaderElection13: PRE_VOTE PASSED received 1 response(s) and 0 exception(s):
2025-07-02 18:45:21,486 [95ee4113-9599-4433-8033-e07ec30d3bee@group-5195515A604F-LeaderElection13] INFO  impl.LeaderElection (LeaderElection.java:logAndReturn(210)) -   Response 0: 95ee4113-9599-4433-8033-e07ec30d3bee<-c6c1c004-cb80-4a23-8b53-68ef0e0db17b#0:OK-t0-last:<INITIAL_VALUE>
2025-07-02 18:45:21,486 [95ee4113-9599-4433-8033-e07ec30d3bee@group-5195515A604F-LeaderElection13] INFO  impl.LeaderElection (LeaderElection.java:askForVotes(450)) - 95ee4113-9599-4433-8033-e07ec30d3bee@group-5195515A604F-LeaderElection13 PRE_VOTE round 0: result PASSED
2025-07-02 18:45:21,489 [95ee4113-9599-4433-8033-e07ec30d3bee@group-5195515A604F-LeaderElection13] INFO  impl.LeaderElection (LeaderElection.java:askForVotes(448)) - 95ee4113-9599-4433-8033-e07ec30d3bee@group-5195515A604F-LeaderElection13 ELECTION round 0: submit vote requests at term 1 for conf: {index: -1, cur=peers:[4114dace-2331-46e8-9bd0-01e36750a673|127.0.0.1:15055, 95ee4113-9599-4433-8033-e07ec30d3bee|127.0.0.1:15039, c6c1c004-cb80-4a23-8b53-68ef0e0db17b|127.0.0.1:15047]|listeners:[], old=null}
2025-07-02 18:45:21,492 [grpc-default-executor-4] INFO  server.RaftServer$Division (RaftServerImpl.java:requestVote(1421)) - 4114dace-2331-46e8-9bd0-01e36750a673@group-5195515A604F: receive requestVote(ELECTION, 95ee4113-9599-4433-8033-e07ec30d3bee, group-5195515A604F, 1, <PROTO_DEFAULT>)
2025-07-02 18:45:21,492 [grpc-default-executor-4] INFO  impl.VoteContext (VoteContext.java:log(49)) - 4114dace-2331-46e8-9bd0-01e36750a673@group-5195515A604F-FOLLOWER: accept ELECTION from 95ee4113-9599-4433-8033-e07ec30d3bee: our priority 0 <= candidate's priority 1
2025-07-02 18:45:21,492 [grpc-default-executor-4] INFO  server.RaftServer$Division (RaftServerImpl.java:setRole(392)) - 4114dace-2331-46e8-9bd0-01e36750a673@group-5195515A604F: changes role from  FOLLOWER to FOLLOWER at term 0 for candidate:95ee4113-9599-4433-8033-e07ec30d3bee
2025-07-02 18:45:21,492 [grpc-default-executor-4] INFO  impl.RoleInfo (RoleInfo.java:shutdownFollowerState(121)) - 4114dace-2331-46e8-9bd0-01e36750a673: shutdown 4114dace-2331-46e8-9bd0-01e36750a673@group-5195515A604F-FollowerState
2025-07-02 18:45:21,492 [grpc-default-executor-4] INFO  impl.RoleInfo (RoleInfo.java:updateAndGet(148)) - 4114dace-2331-46e8-9bd0-01e36750a673: start 4114dace-2331-46e8-9bd0-01e36750a673@group-5195515A604F-FollowerState
2025-07-02 18:45:21,492 [4114dace-2331-46e8-9bd0-01e36750a673@group-5195515A604F-FollowerState] INFO  impl.FollowerState (FollowerState.java:runImpl(170)) - 4114dace-2331-46e8-9bd0-01e36750a673@group-5195515A604F-FollowerState was interrupted
2025-07-02 18:45:21,493 [grpc-default-executor-4] INFO  server.RaftServer$Division (RaftServerImpl.java:setFirstElection(576)) - 4114dace-2331-46e8-9bd0-01e36750a673@group-5195515A604F: set firstElectionSinceStartup to false for candidate:95ee4113-9599-4433-8033-e07ec30d3bee
2025-07-02 18:45:21,496 [grpc-default-executor-5] INFO  server.RaftServer$Division (RaftServerImpl.java:requestVote(1421)) - c6c1c004-cb80-4a23-8b53-68ef0e0db17b@group-5195515A604F: receive requestVote(ELECTION, 95ee4113-9599-4433-8033-e07ec30d3bee, group-5195515A604F, 1, <PROTO_DEFAULT>)
2025-07-02 18:45:21,497 [grpc-default-executor-4] INFO  server.RaftServer$Division (RaftServerImpl.java:requestVote(1455)) - 4114dace-2331-46e8-9bd0-01e36750a673@group-5195515A604F replies to ELECTION vote request: 95ee4113-9599-4433-8033-e07ec30d3bee<-4114dace-2331-46e8-9bd0-01e36750a673#0:OK-t1-last:<INITIAL_VALUE>. Peer's state: 4114dace-2331-46e8-9bd0-01e36750a673@group-5195515A604F:t1, leader=null, voted=95ee4113-9599-4433-8033-e07ec30d3bee, raftlog=Memoized:4114dace-2331-46e8-9bd0-01e36750a673@group-5195515A604F-SegmentedRaftLog:OPENED:c-1:lastnull, conf=conf: {index: -1, cur=peers:[4114dace-2331-46e8-9bd0-01e36750a673|127.0.0.1:15055, 95ee4113-9599-4433-8033-e07ec30d3bee|127.0.0.1:15039, c6c1c004-cb80-4a23-8b53-68ef0e0db17b|127.0.0.1:15047]|listeners:[], old=null}
2025-07-02 18:45:21,498 [grpc-default-executor-5] INFO  impl.VoteContext (VoteContext.java:log(49)) - c6c1c004-cb80-4a23-8b53-68ef0e0db17b@group-5195515A604F-FOLLOWER: accept ELECTION from 95ee4113-9599-4433-8033-e07ec30d3bee: our priority 0 <= candidate's priority 1
2025-07-02 18:45:21,499 [grpc-default-executor-5] INFO  server.RaftServer$Division (RaftServerImpl.java:setRole(392)) - c6c1c004-cb80-4a23-8b53-68ef0e0db17b@group-5195515A604F: changes role from  FOLLOWER to FOLLOWER at term 0 for candidate:95ee4113-9599-4433-8033-e07ec30d3bee
2025-07-02 18:45:21,500 [grpc-default-executor-5] INFO  impl.RoleInfo (RoleInfo.java:shutdownFollowerState(121)) - c6c1c004-cb80-4a23-8b53-68ef0e0db17b: shutdown c6c1c004-cb80-4a23-8b53-68ef0e0db17b@group-5195515A604F-FollowerState
2025-07-02 18:45:21,500 [c6c1c004-cb80-4a23-8b53-68ef0e0db17b@group-5195515A604F-FollowerState] INFO  impl.FollowerState (FollowerState.java:runImpl(170)) - c6c1c004-cb80-4a23-8b53-68ef0e0db17b@group-5195515A604F-FollowerState was interrupted
2025-07-02 18:45:21,497 [92aeff0d-b8ac-4e9e-9ba6-1724c63a8401-groupManagement] INFO  server.RaftServerConfigKeys (ConfUtils.java:logGet(62)) - raft.server.storage.dir = [/home/runner/work/ozone/ozone/hadoop-ozone/integration-test/target/test-dir/MiniOzoneClusterImpl-b7e00dfa-d3b8-45cf-9d3a-2bd5fdfebf54/ozone-meta/datanode-7/ratis] (custom)
2025-07-02 18:45:21,500 [grpc-default-executor-5] INFO  impl.RoleInfo (RoleInfo.java:updateAndGet(148)) - c6c1c004-cb80-4a23-8b53-68ef0e0db17b: start c6c1c004-cb80-4a23-8b53-68ef0e0db17b@group-5195515A604F-FollowerState
2025-07-02 18:45:21,501 [71a26ef2-e834-411c-97c5-a30c78105e8f-groupManagement] INFO  server.RaftServerConfigKeys (ConfUtils.java:logGet(62)) - raft.server.log.appender.buffer.byte-limit = 33554432 (custom)
2025-07-02 18:45:21,501 [71a26ef2-e834-411c-97c5-a30c78105e8f-groupManagement] INFO  segmented.SegmentedRaftLogWorker (SegmentedRaftLogWorker.java:lambda$new$0(141)) - 71a26ef2-e834-411c-97c5-a30c78105e8f@group-2788C300D651-SegmentedRaftLogWorker: flushIndex: setUnconditionally 0 -> -1
2025-07-02 18:45:21,501 [71a26ef2-e834-411c-97c5-a30c78105e8f-groupManagement] INFO  segmented.SegmentedRaftLogWorker (SegmentedRaftLogWorker.java:lambda$new$0(141)) - 71a26ef2-e834-411c-97c5-a30c78105e8f@group-2788C300D651-SegmentedRaftLogWorker: safeCacheEvictIndex: setUnconditionally 0 -> -1
2025-07-02 18:45:21,501 [92aeff0d-b8ac-4e9e-9ba6-1724c63a8401-groupManagement] INFO  storage.RaftStorageDirectory (RaftStorageDirectoryImpl.java:analyzeStorage(138)) - The storage directory /home/runner/work/ozone/ozone/hadoop-ozone/integration-test/target/test-dir/MiniOzoneClusterImpl-b7e00dfa-d3b8-45cf-9d3a-2bd5fdfebf54/ozone-meta/datanode-7/ratis/bdaade3c-0733-45ca-8236-8fd04f33eac3 does not exist. Creating ...
2025-07-02 18:45:21,502 [grpc-default-executor-5] INFO  server.RaftServer$Division (RaftServerImpl.java:setFirstElection(576)) - c6c1c004-cb80-4a23-8b53-68ef0e0db17b@group-5195515A604F: set firstElectionSinceStartup to false for candidate:95ee4113-9599-4433-8033-e07ec30d3bee
2025-07-02 18:45:21,503 [71a26ef2-e834-411c-97c5-a30c78105e8f-groupManagement] INFO  server.RaftServer$Division (RaftServerImpl.java:start(405)) - 71a26ef2-e834-411c-97c5-a30c78105e8f@group-2788C300D651: start as a follower, conf=conf: {index: -1, cur=peers:[9eb5a351-9325-4150-9d0a-de2b7d27d48d|127.0.0.1:15079, 71a26ef2-e834-411c-97c5-a30c78105e8f|127.0.0.1:15071, 92aeff0d-b8ac-4e9e-9ba6-1724c63a8401|127.0.0.1:15063]|listeners:[], old=null}
2025-07-02 18:45:21,503 [95ee4113-9599-4433-8033-e07ec30d3bee@group-5195515A604F-LeaderElection13] INFO  impl.LeaderElection (LeaderElection.java:logAndReturn(206)) - 95ee4113-9599-4433-8033-e07ec30d3bee@group-5195515A604F-LeaderElection13: ELECTION PASSED received 1 response(s) and 0 exception(s):
2025-07-02 18:45:21,503 [95ee4113-9599-4433-8033-e07ec30d3bee@group-5195515A604F-LeaderElection13] INFO  impl.LeaderElection (LeaderElection.java:logAndReturn(210)) -   Response 0: 95ee4113-9599-4433-8033-e07ec30d3bee<-4114dace-2331-46e8-9bd0-01e36750a673#0:OK-t1-last:<INITIAL_VALUE>
2025-07-02 18:45:21,504 [95ee4113-9599-4433-8033-e07ec30d3bee@group-5195515A604F-LeaderElection13] INFO  impl.LeaderElection (LeaderElection.java:askForVotes(450)) - 95ee4113-9599-4433-8033-e07ec30d3bee@group-5195515A604F-LeaderElection13 ELECTION round 0: result PASSED
2025-07-02 18:45:21,504 [95ee4113-9599-4433-8033-e07ec30d3bee@group-5195515A604F-LeaderElection13] INFO  impl.RoleInfo (RoleInfo.java:shutdownLeaderElection(141)) - 95ee4113-9599-4433-8033-e07ec30d3bee: shutdown 95ee4113-9599-4433-8033-e07ec30d3bee@group-5195515A604F-LeaderElection13
2025-07-02 18:45:21,504 [95ee4113-9599-4433-8033-e07ec30d3bee@group-5195515A604F-LeaderElection13] INFO  server.RaftServer$Division (RaftServerImpl.java:setRole(392)) - 95ee4113-9599-4433-8033-e07ec30d3bee@group-5195515A604F: changes role from CANDIDATE to LEADER at term 1 for changeToLeader
2025-07-02 18:45:21,504 [95ee4113-9599-4433-8033-e07ec30d3bee@group-5195515A604F-LeaderElection13] INFO  server.RaftServerConfigKeys (ConfUtils.java:logFallback(69)) - raft.server.staging.timeout = 15600ms (fallback to raft.server.rpc.timeout.max)
2025-07-02 18:45:21,504 [grpc-default-executor-5] INFO  server.RaftServer$Division (RaftServerImpl.java:requestVote(1455)) - c6c1c004-cb80-4a23-8b53-68ef0e0db17b@group-5195515A604F replies to ELECTION vote request: 95ee4113-9599-4433-8033-e07ec30d3bee<-c6c1c004-cb80-4a23-8b53-68ef0e0db17b#0:OK-t1-last:<INITIAL_VALUE>. Peer's state: c6c1c004-cb80-4a23-8b53-68ef0e0db17b@group-5195515A604F:t1, leader=null, voted=95ee4113-9599-4433-8033-e07ec30d3bee, raftlog=Memoized:c6c1c004-cb80-4a23-8b53-68ef0e0db17b@group-5195515A604F-SegmentedRaftLog:OPENED:c-1:lastnull, conf=conf: {index: -1, cur=peers:[4114dace-2331-46e8-9bd0-01e36750a673|127.0.0.1:15055, 95ee4113-9599-4433-8033-e07ec30d3bee|127.0.0.1:15039, c6c1c004-cb80-4a23-8b53-68ef0e0db17b|127.0.0.1:15047]|listeners:[], old=null}
2025-07-02 18:45:21,505 [71a26ef2-e834-411c-97c5-a30c78105e8f-groupManagement] INFO  server.RaftServer$Division (RaftServerImpl.java:setRole(392)) - 71a26ef2-e834-411c-97c5-a30c78105e8f@group-2788C300D651: changes role from      null to FOLLOWER at term 0 for startAsFollower
2025-07-02 18:45:21,505 [71a26ef2-e834-411c-97c5-a30c78105e8f-groupManagement] INFO  impl.RoleInfo (RoleInfo.java:updateAndGet(148)) - 71a26ef2-e834-411c-97c5-a30c78105e8f: start 71a26ef2-e834-411c-97c5-a30c78105e8f@group-2788C300D651-FollowerState
2025-07-02 18:45:21,505 [92aeff0d-b8ac-4e9e-9ba6-1724c63a8401-groupManagement] INFO  storage.RaftStorageDirectory (RaftStorageDirectoryImpl.java:tryLock(229)) - Lock on /home/runner/work/ozone/ozone/hadoop-ozone/integration-test/target/test-dir/MiniOzoneClusterImpl-b7e00dfa-d3b8-45cf-9d3a-2bd5fdfebf54/ozone-meta/datanode-7/ratis/bdaade3c-0733-45ca-8236-8fd04f33eac3/in_use.lock acquired by nodename 44808@localhost
2025-07-02 18:45:21,505 [9eb5a351-9325-4150-9d0a-de2b7d27d48d-PipelineCommandHandlerThread-0] INFO  server.RaftServer (RaftServerProxy.java:addNew(105)) - 9eb5a351-9325-4150-9d0a-de2b7d27d48d: addNew group-15C382464225:[9eb5a351-9325-4150-9d0a-de2b7d27d48d|127.0.0.1:15079] returns group-15C382464225:java.util.concurrent.CompletableFuture@6c62f7ba[Not completed]
2025-07-02 18:45:21,506 [95ee4113-9599-4433-8033-e07ec30d3bee@group-5195515A604F-LeaderElection13] INFO  server.RaftServerConfigKeys (ConfUtils.java:logGet(62)) - raft.server.write.byte-limit = 1024 M (=1073741824) (custom)
2025-07-02 18:45:21,508 [92aeff0d-b8ac-4e9e-9ba6-1724c63a8401-groupManagement] INFO  storage.RaftStorage (RaftStorageImpl.java:format(98)) - Storage directory /home/runner/work/ozone/ozone/hadoop-ozone/integration-test/target/test-dir/MiniOzoneClusterImpl-b7e00dfa-d3b8-45cf-9d3a-2bd5fdfebf54/ozone-meta/datanode-7/ratis/bdaade3c-0733-45ca-8236-8fd04f33eac3 has been successfully formatted.
2025-07-02 18:45:21,509 [95ee4113-9599-4433-8033-e07ec30d3bee@group-5195515A604F-LeaderElection13] INFO  server.RaftServerConfigKeys (ConfUtils.java:logGet(62)) - raft.server.log.appender.buffer.byte-limit = 33554432 (custom)
2025-07-02 18:45:21,509 [71a26ef2-e834-411c-97c5-a30c78105e8f-groupManagement] INFO  util.JmxRegister (JmxRegister.java:tryRegister(44)) - Successfully registered JMX Bean with object name Ratis:service=RaftServer,group=group-2788C300D651,id=71a26ef2-e834-411c-97c5-a30c78105e8f
2025-07-02 18:45:21,509 [71a26ef2-e834-411c-97c5-a30c78105e8f-groupManagement] INFO  util.JmxRegister (JmxRegister.java:register(58)) - register mxBean class org.apache.ratis.server.impl.RaftServerJmxAdapter as Ratis:service=RaftServer,group=group-2788C300D651,id=71a26ef2-e834-411c-97c5-a30c78105e8f
2025-07-02 18:45:21,510 [92aeff0d-b8ac-4e9e-9ba6-1724c63a8401-groupManagement] INFO  ratis.ContainerStateMachine (ContainerStateMachine.java:initialize(339)) - 92aeff0d-b8ac-4e9e-9ba6-1724c63a8401: initialize group-8FD04F33EAC3
2025-07-02 18:45:21,510 [92aeff0d-b8ac-4e9e-9ba6-1724c63a8401-groupManagement] INFO  ratis.ContainerStateMachine (ContainerStateMachine.java:loadSnapshot(347)) - group-8FD04F33EAC3: The snapshot info is null. Setting the last applied index to:<INITIAL_VALUE>
2025-07-02 18:45:21,510 [92aeff0d-b8ac-4e9e-9ba6-1724c63a8401-groupManagement] INFO  server.RaftServerConfigKeys (ConfUtils.java:logGet(62)) - raft.server.log.appender.buffer.byte-limit = 33554432 (custom)
2025-07-02 18:45:21,512 [9eb5a351-9325-4150-9d0a-de2b7d27d48d-groupManagement] WARN  statemachine.DatanodeConfiguration (DatanodeConfiguration.java:validateMinFreeSpace(751)) - hdds.datanode.volume.min.free.space.percent = -1.0 is invalid, should be between 0 and 1
2025-07-02 18:45:21,513 [9eb5a351-9325-4150-9d0a-de2b7d27d48d-groupManagement] INFO  server.RaftServer$Division (RaftServerImpl.java:<init>(268)) - 9eb5a351-9325-4150-9d0a-de2b7d27d48d: new RaftServerImpl for group-15C382464225:[9eb5a351-9325-4150-9d0a-de2b7d27d48d|127.0.0.1:15079] with ContainerStateMachine:uninitialized
2025-07-02 18:45:21,513 [9eb5a351-9325-4150-9d0a-de2b7d27d48d-groupManagement] INFO  server.RaftServer$Division (ServerState.java:<init>(114)) - 9eb5a351-9325-4150-9d0a-de2b7d27d48d@group-15C382464225: ConfigurationManager, init=conf: {index: -1, cur=peers:[9eb5a351-9325-4150-9d0a-de2b7d27d48d|127.0.0.1:15079]|listeners:[], old=null}, confs=<EMPTY_MAP>
2025-07-02 18:45:21,513 [71a26ef2-e834-411c-97c5-a30c78105e8f-groupManagement] INFO  server.RaftServer$Division (RaftServerImpl.java:start(419)) - 71a26ef2-e834-411c-97c5-a30c78105e8f@group-2788C300D651: Successfully started.
2025-07-02 18:45:21,513 [71a26ef2-e834-411c-97c5-a30c78105e8f-PipelineCommandHandlerThread-0] INFO  ratis.XceiverServerRatis (XceiverServerRatis.java:addGroup(843)) - Created group Pipeline-73acc545-491b-4393-8737-2788c300d651
2025-07-02 18:45:21,515 [4114dace-2331-46e8-9bd0-01e36750a673@group-BC9AD7F74B25-FollowerState] INFO  impl.FollowerState (FollowerState.java:runImpl(161)) - 4114dace-2331-46e8-9bd0-01e36750a673@group-BC9AD7F74B25-FollowerState: change to CANDIDATE, lastRpcElapsedTime:1163716923ns, electionTimeout:1162ms
2025-07-02 18:45:21,515 [4114dace-2331-46e8-9bd0-01e36750a673@group-BC9AD7F74B25-FollowerState] INFO  impl.RoleInfo (RoleInfo.java:shutdownFollowerState(121)) - 4114dace-2331-46e8-9bd0-01e36750a673: shutdown 4114dace-2331-46e8-9bd0-01e36750a673@group-BC9AD7F74B25-FollowerState
2025-07-02 18:45:21,515 [4114dace-2331-46e8-9bd0-01e36750a673@group-BC9AD7F74B25-FollowerState] INFO  server.RaftServer$Division (RaftServerImpl.java:setRole(392)) - 4114dace-2331-46e8-9bd0-01e36750a673@group-BC9AD7F74B25: changes role from  FOLLOWER to CANDIDATE at term 0 for changeToCandidate
2025-07-02 18:45:21,515 [4114dace-2331-46e8-9bd0-01e36750a673@group-BC9AD7F74B25-FollowerState] INFO  impl.RoleInfo (RoleInfo.java:updateAndGet(148)) - 4114dace-2331-46e8-9bd0-01e36750a673: start 4114dace-2331-46e8-9bd0-01e36750a673@group-BC9AD7F74B25-LeaderElection14
2025-07-02 18:45:21,516 [95ee4113-9599-4433-8033-e07ec30d3bee@group-5195515A604F-LeaderElection13] INFO  server.RaftServerConfigKeys (ConfUtils.java:logGet(62)) - raft.server.log.appender.buffer.byte-limit = 33554432 (custom)
2025-07-02 18:45:21,517 [92aeff0d-b8ac-4e9e-9ba6-1724c63a8401-groupManagement] INFO  server.RaftServerConfigKeys (ConfUtils.java:logGet(62)) - raft.server.log.segment.size.max = 67108864 (custom)
2025-07-02 18:45:21,519 [4114dace-2331-46e8-9bd0-01e36750a673@group-BC9AD7F74B25-LeaderElection14] INFO  impl.LeaderElection (LeaderElection.java:askForVotes(448)) - 4114dace-2331-46e8-9bd0-01e36750a673@group-BC9AD7F74B25-LeaderElection14 PRE_VOTE round 0: submit vote requests at term 0 for conf: {index: -1, cur=peers:[4114dace-2331-46e8-9bd0-01e36750a673|127.0.0.1:15055, 95ee4113-9599-4433-8033-e07ec30d3bee|127.0.0.1:15039, c6c1c004-cb80-4a23-8b53-68ef0e0db17b|127.0.0.1:15047]|listeners:[], old=null}
2025-07-02 18:45:21,520 [95ee4113-9599-4433-8033-e07ec30d3bee@group-5195515A604F-LeaderElection13] INFO  impl.RoleInfo (RoleInfo.java:updateAndGet(148)) - 95ee4113-9599-4433-8033-e07ec30d3bee: start 95ee4113-9599-4433-8033-e07ec30d3bee@group-5195515A604F-LeaderStateImpl
2025-07-02 18:45:21,520 [95ee4113-9599-4433-8033-e07ec30d3bee@group-5195515A604F-LeaderElection13] INFO  server.RaftServer$Division (RaftServerImpl.java:setFirstElection(576)) - 95ee4113-9599-4433-8033-e07ec30d3bee@group-5195515A604F: set firstElectionSinceStartup to false for becomeLeader
2025-07-02 18:45:21,520 [95ee4113-9599-4433-8033-e07ec30d3bee@group-5195515A604F-LeaderElection13] INFO  ratis.XceiverServerRatis (XceiverServerRatis.java:handleLeaderChangedNotification(944)) - Leader change notification received for group: group-5195515A604F with new leaderId: 95ee4113-9599-4433-8033-e07ec30d3bee
2025-07-02 18:45:21,520 [95ee4113-9599-4433-8033-e07ec30d3bee@group-5195515A604F-LeaderElection13] INFO  server.RaftServer$Division (ServerState.java:setLeader(272)) - 95ee4113-9599-4433-8033-e07ec30d3bee@group-5195515A604F: change Leader from null to 95ee4113-9599-4433-8033-e07ec30d3bee at term 1 for becomeLeader, leader elected after 1092ms
2025-07-02 18:45:21,520 [95ee4113-9599-4433-8033-e07ec30d3bee@group-5195515A604F-LeaderElection13] INFO  segmented.SegmentedRaftLogWorker (SegmentedRaftLogWorker.java:startLogSegment(440)) - 95ee4113-9599-4433-8033-e07ec30d3bee@group-5195515A604F-SegmentedRaftLogWorker: Starting segment from index:0
2025-07-02 18:45:21,521 [4114dace-2331-46e8-9bd0-01e36750a673@group-BC9AD7F74B25-LeaderElection14-1] INFO  server.GrpcServerProtocolClient (GrpcServerProtocolClient.java:<init>(65)) - Build channel for 95ee4113-9599-4433-8033-e07ec30d3bee|127.0.0.1:15039
2025-07-02 18:45:21,521 [92aeff0d-b8ac-4e9e-9ba6-1724c63a8401-groupManagement] INFO  server.RaftServerConfigKeys (ConfUtils.java:logGet(62)) - raft.server.log.appender.buffer.byte-limit = 33554432 (custom)
2025-07-02 18:45:21,522 [4114dace-2331-46e8-9bd0-01e36750a673@group-BC9AD7F74B25-LeaderElection14-2] INFO  server.GrpcServerProtocolClient (GrpcServerProtocolClient.java:<init>(65)) - Build channel for c6c1c004-cb80-4a23-8b53-68ef0e0db17b|127.0.0.1:15047
2025-07-02 18:45:21,524 [95ee4113-9599-4433-8033-e07ec30d3bee@group-5195515A604F-LeaderElection13] INFO  server.RaftServer$Division (ServerState.java:setRaftConf(386)) - 95ee4113-9599-4433-8033-e07ec30d3bee@group-5195515A604F: set configuration conf: {index: 0, cur=peers:[4114dace-2331-46e8-9bd0-01e36750a673|127.0.0.1:15055, 95ee4113-9599-4433-8033-e07ec30d3bee|127.0.0.1:15039, c6c1c004-cb80-4a23-8b53-68ef0e0db17b|127.0.0.1:15047]|listeners:[], old=null}
2025-07-02 18:45:21,526 [92aeff0d-b8ac-4e9e-9ba6-1724c63a8401-groupManagement] INFO  util.AwaitToRun (AwaitToRun.java:start(81)) - Thread[#1394,92aeff0d-b8ac-4e9e-9ba6-1724c63a8401@group-8FD04F33EAC3-cacheEviction-AwaitToRun,5,main] started
2025-07-02 18:45:21,526 [92aeff0d-b8ac-4e9e-9ba6-1724c63a8401-groupManagement] INFO  segmented.SegmentedRaftLogWorker (SegmentedRaftLogWorker.java:<init>(190)) - new 92aeff0d-b8ac-4e9e-9ba6-1724c63a8401@group-8FD04F33EAC3-SegmentedRaftLogWorker for RaftStorageImpl:Storage Directory /home/runner/work/ozone/ozone/hadoop-ozone/integration-test/target/test-dir/MiniOzoneClusterImpl-b7e00dfa-d3b8-45cf-9d3a-2bd5fdfebf54/ozone-meta/datanode-7/ratis/bdaade3c-0733-45ca-8236-8fd04f33eac3
2025-07-02 18:45:21,526 [92aeff0d-b8ac-4e9e-9ba6-1724c63a8401-groupManagement] INFO  server.RaftServerConfigKeys (ConfUtils.java:logGet(62)) - raft.server.log.queue.byte-limit = 4294967296 (custom)
2025-07-02 18:45:21,526 [92aeff0d-b8ac-4e9e-9ba6-1724c63a8401-groupManagement] INFO  server.RaftServerConfigKeys (ConfUtils.java:logGet(62)) - raft.server.log.segment.size.max = 67108864 (custom)
2025-07-02 18:45:21,526 [92aeff0d-b8ac-4e9e-9ba6-1724c63a8401-groupManagement] INFO  server.RaftServerConfigKeys (ConfUtils.java:logGet(62)) - raft.server.log.preallocated.size = 4194304 (custom)
2025-07-02 18:45:21,526 [95ee4113-9599-4433-8033-e07ec30d3bee@group-5195515A604F-SegmentedRaftLogWorker] INFO  segmented.BufferedWriteChannel (BufferedWriteChannel.java:open(61)) - open log_inprogress_0 at position 0
2025-07-02 18:45:21,528 [EventQueue-PipelineReportForPipelineReportHandler] INFO  pipeline.PipelineReportHandler (PipelineReportHandler.java:processPipelineReport(134)) - Opened pipeline Pipeline-1d88e53e-1d3e-4d9d-a5cb-5195515a604f
2025-07-02 18:45:21,533 [grpc-default-executor-4] INFO  server.RaftServer$Division (RaftServerImpl.java:requestVote(1421)) - c6c1c004-cb80-4a23-8b53-68ef0e0db17b@group-BC9AD7F74B25: receive requestVote(PRE_VOTE, 4114dace-2331-46e8-9bd0-01e36750a673, group-BC9AD7F74B25, 0, <PROTO_DEFAULT>)
2025-07-02 18:45:21,533 [grpc-default-executor-4] INFO  impl.VoteContext (VoteContext.java:log(49)) - c6c1c004-cb80-4a23-8b53-68ef0e0db17b@group-BC9AD7F74B25-FOLLOWER: accept PRE_VOTE from 4114dace-2331-46e8-9bd0-01e36750a673: our priority 0 <= candidate's priority 1
2025-07-02 18:45:21,533 [grpc-default-executor-4] INFO  server.RaftServer$Division (RaftServerImpl.java:requestVote(1455)) - c6c1c004-cb80-4a23-8b53-68ef0e0db17b@group-BC9AD7F74B25 replies to PRE_VOTE vote request: 4114dace-2331-46e8-9bd0-01e36750a673<-c6c1c004-cb80-4a23-8b53-68ef0e0db17b#0:OK-t0-last:<INITIAL_VALUE>. Peer's state: c6c1c004-cb80-4a23-8b53-68ef0e0db17b@group-BC9AD7F74B25:t0, leader=null, voted=, raftlog=Memoized:c6c1c004-cb80-4a23-8b53-68ef0e0db17b@group-BC9AD7F74B25-SegmentedRaftLog:OPENED:c-1:lastnull, conf=conf: {index: -1, cur=peers:[4114dace-2331-46e8-9bd0-01e36750a673|127.0.0.1:15055, 95ee4113-9599-4433-8033-e07ec30d3bee|127.0.0.1:15039, c6c1c004-cb80-4a23-8b53-68ef0e0db17b|127.0.0.1:15047]|listeners:[], old=null}
2025-07-02 18:45:21,538 [4114dace-2331-46e8-9bd0-01e36750a673@group-BC9AD7F74B25-LeaderElection14] INFO  impl.LeaderElection (LeaderElection.java:logAndReturn(206)) - 4114dace-2331-46e8-9bd0-01e36750a673@group-BC9AD7F74B25-LeaderElection14: PRE_VOTE PASSED received 1 response(s) and 0 exception(s):
2025-07-02 18:45:21,538 [4114dace-2331-46e8-9bd0-01e36750a673@group-BC9AD7F74B25-LeaderElection14] INFO  impl.LeaderElection (LeaderElection.java:logAndReturn(210)) -   Response 0: 4114dace-2331-46e8-9bd0-01e36750a673<-c6c1c004-cb80-4a23-8b53-68ef0e0db17b#0:OK-t0-last:<INITIAL_VALUE>
2025-07-02 18:45:21,538 [4114dace-2331-46e8-9bd0-01e36750a673@group-BC9AD7F74B25-LeaderElection14] INFO  impl.LeaderElection (LeaderElection.java:askForVotes(450)) - 4114dace-2331-46e8-9bd0-01e36750a673@group-BC9AD7F74B25-LeaderElection14 PRE_VOTE round 0: result PASSED
2025-07-02 18:45:21,544 [4114dace-2331-46e8-9bd0-01e36750a673@group-BC9AD7F74B25-LeaderElection14] INFO  impl.LeaderElection (LeaderElection.java:askForVotes(448)) - 4114dace-2331-46e8-9bd0-01e36750a673@group-BC9AD7F74B25-LeaderElection14 ELECTION round 0: submit vote requests at term 1 for conf: {index: -1, cur=peers:[4114dace-2331-46e8-9bd0-01e36750a673|127.0.0.1:15055, 95ee4113-9599-4433-8033-e07ec30d3bee|127.0.0.1:15039, c6c1c004-cb80-4a23-8b53-68ef0e0db17b|127.0.0.1:15047]|listeners:[], old=null}
2025-07-02 18:45:21,546 [95ee4113-9599-4433-8033-e07ec30d3bee@group-5195515A604F-SegmentedRaftLogWorker] INFO  segmented.SegmentedRaftLogWorker (SegmentedRaftLogWorker.java:execute(647)) - 95ee4113-9599-4433-8033-e07ec30d3bee@group-5195515A604F-SegmentedRaftLogWorker: created new log segment /home/runner/work/ozone/ozone/hadoop-ozone/integration-test/target/test-dir/MiniOzoneClusterImpl-b7e00dfa-d3b8-45cf-9d3a-2bd5fdfebf54/ozone-meta/datanode-4/ratis/1d88e53e-1d3e-4d9d-a5cb-5195515a604f/current/log_inprogress_0
2025-07-02 18:45:21,547 [grpc-default-executor-5] WARN  server.GrpcAdminProtocolService (GrpcAdminProtocolService.java:lambda$groupManagement$1(53)) - Failed groupManagement: GROUPADD, GroupManagementRequest:client-E3028BA96E5E->9eb5a351-9325-4150-9d0a-de2b7d27d48d@group-2788C300D651, cid=15, seq=null, RW, null, Add:group-2788C300D651:[9eb5a351-9325-4150-9d0a-de2b7d27d48d|127.0.0.1:15079, 71a26ef2-e834-411c-97c5-a30c78105e8f|127.0.0.1:15071, 92aeff0d-b8ac-4e9e-9ba6-1724c63a8401|127.0.0.1:15063]
java.util.concurrent.CompletionException: org.apache.ratis.protocol.exceptions.AlreadyExistsException: 9eb5a351-9325-4150-9d0a-de2b7d27d48d: Failed to add group-2788C300D651:[9eb5a351-9325-4150-9d0a-de2b7d27d48d|127.0.0.1:15079, 71a26ef2-e834-411c-97c5-a30c78105e8f|127.0.0.1:15071, 92aeff0d-b8ac-4e9e-9ba6-1724c63a8401|127.0.0.1:15063] since the group already exists in the map.
	at java.base/java.util.concurrent.CompletableFuture.encodeThrowable(CompletableFuture.java:332)
	at java.base/java.util.concurrent.CompletableFuture.uniApplyNow(CompletableFuture.java:674)
	at java.base/java.util.concurrent.CompletableFuture.uniApplyStage(CompletableFuture.java:662)
	at java.base/java.util.concurrent.CompletableFuture.thenApplyAsync(CompletableFuture.java:2210)
	at org.apache.ratis.server.impl.RaftServerProxy.groupAddAsync(RaftServerProxy.java:513)
	at org.apache.ratis.server.impl.RaftServerProxy.groupManagementAsync(RaftServerProxy.java:495)
	at org.apache.ratis.grpc.server.GrpcAdminProtocolService.lambda$groupManagement$0(GrpcAdminProtocolService.java:51)
	at org.apache.ratis.grpc.GrpcUtil.asyncCall(GrpcUtil.java:172)
	at org.apache.ratis.grpc.server.GrpcAdminProtocolService.groupManagement(GrpcAdminProtocolService.java:51)
	at org.apache.ratis.proto.grpc.AdminProtocolServiceGrpc$MethodHandlers.invoke(AdminProtocolServiceGrpc.java:701)
	at org.apache.ratis.thirdparty.io.grpc.stub.ServerCalls$UnaryServerCallHandler$UnaryServerCallListener.onHalfClose(ServerCalls.java:182)
	at org.apache.ratis.thirdparty.io.grpc.internal.ServerCallImpl$ServerStreamListenerImpl.halfClosed(ServerCallImpl.java:356)
	at org.apache.ratis.thirdparty.io.grpc.internal.ServerImpl$JumpToApplicationThreadServerStreamListener$1HalfClosed.runInContext(ServerImpl.java:861)
	at org.apache.ratis.thirdparty.io.grpc.internal.ContextRunnable.run(ContextRunnable.java:37)
	at org.apache.ratis.thirdparty.io.grpc.internal.SerializingExecutor.run(SerializingExecutor.java:133)
	at java.base/java.util.concurrent.ThreadPoolExecutor.runWorker(ThreadPoolExecutor.java:1144)
	at java.base/java.util.concurrent.ThreadPoolExecutor$Worker.run(ThreadPoolExecutor.java:642)
	at java.base/java.lang.Thread.run(Thread.java:1583)
Caused by: org.apache.ratis.protocol.exceptions.AlreadyExistsException: 9eb5a351-9325-4150-9d0a-de2b7d27d48d: Failed to add group-2788C300D651:[9eb5a351-9325-4150-9d0a-de2b7d27d48d|127.0.0.1:15079, 71a26ef2-e834-411c-97c5-a30c78105e8f|127.0.0.1:15071, 92aeff0d-b8ac-4e9e-9ba6-1724c63a8401|127.0.0.1:15063] since the group already exists in the map.
	at org.apache.ratis.server.impl.RaftServerProxy$ImplMap.addNew(RaftServerProxy.java:99)
	at org.apache.ratis.server.impl.RaftServerProxy.groupAddAsync(RaftServerProxy.java:512)
	... 13 more
2025-07-02 18:45:21,549 [grpc-default-executor-0] INFO  server.RaftServer$Division (RaftServerImpl.java:requestVote(1421)) - c6c1c004-cb80-4a23-8b53-68ef0e0db17b@group-BC9AD7F74B25: receive requestVote(ELECTION, 4114dace-2331-46e8-9bd0-01e36750a673, group-BC9AD7F74B25, 1, <PROTO_DEFAULT>)
2025-07-02 18:45:21,550 [grpc-default-executor-0] INFO  impl.VoteContext (VoteContext.java:log(49)) - c6c1c004-cb80-4a23-8b53-68ef0e0db17b@group-BC9AD7F74B25-FOLLOWER: accept ELECTION from 4114dace-2331-46e8-9bd0-01e36750a673: our priority 0 <= candidate's priority 1
2025-07-02 18:45:21,550 [grpc-default-executor-0] INFO  server.RaftServer$Division (RaftServerImpl.java:setRole(392)) - c6c1c004-cb80-4a23-8b53-68ef0e0db17b@group-BC9AD7F74B25: changes role from  FOLLOWER to FOLLOWER at term 0 for candidate:4114dace-2331-46e8-9bd0-01e36750a673
2025-07-02 18:45:21,550 [grpc-default-executor-0] INFO  impl.RoleInfo (RoleInfo.java:shutdownFollowerState(121)) - c6c1c004-cb80-4a23-8b53-68ef0e0db17b: shutdown c6c1c004-cb80-4a23-8b53-68ef0e0db17b@group-BC9AD7F74B25-FollowerState
2025-07-02 18:45:21,550 [grpc-default-executor-0] INFO  impl.RoleInfo (RoleInfo.java:updateAndGet(148)) - c6c1c004-cb80-4a23-8b53-68ef0e0db17b: start c6c1c004-cb80-4a23-8b53-68ef0e0db17b@group-BC9AD7F74B25-FollowerState
2025-07-02 18:45:21,550 [c6c1c004-cb80-4a23-8b53-68ef0e0db17b@group-BC9AD7F74B25-FollowerState] INFO  impl.FollowerState (FollowerState.java:runImpl(170)) - c6c1c004-cb80-4a23-8b53-68ef0e0db17b@group-BC9AD7F74B25-FollowerState was interrupted
2025-07-02 18:45:21,551 [grpc-default-executor-0] INFO  server.RaftServer$Division (RaftServerImpl.java:setFirstElection(576)) - c6c1c004-cb80-4a23-8b53-68ef0e0db17b@group-BC9AD7F74B25: set firstElectionSinceStartup to false for candidate:4114dace-2331-46e8-9bd0-01e36750a673
2025-07-02 18:45:21,553 [92aeff0d-b8ac-4e9e-9ba6-1724c63a8401-groupManagement] INFO  server.RaftServerConfigKeys (ConfUtils.java:logGet(62)) - raft.server.log.write.buffer.size = 33554440 (custom)
2025-07-02 18:45:21,553 [grpc-default-executor-0] INFO  server.RaftServer$Division (RaftServerImpl.java:requestVote(1455)) - c6c1c004-cb80-4a23-8b53-68ef0e0db17b@group-BC9AD7F74B25 replies to ELECTION vote request: 4114dace-2331-46e8-9bd0-01e36750a673<-c6c1c004-cb80-4a23-8b53-68ef0e0db17b#0:OK-t1-last:<INITIAL_VALUE>. Peer's state: c6c1c004-cb80-4a23-8b53-68ef0e0db17b@group-BC9AD7F74B25:t1, leader=null, voted=4114dace-2331-46e8-9bd0-01e36750a673, raftlog=Memoized:c6c1c004-cb80-4a23-8b53-68ef0e0db17b@group-BC9AD7F74B25-SegmentedRaftLog:OPENED:c-1:lastnull, conf=conf: {index: -1, cur=peers:[4114dace-2331-46e8-9bd0-01e36750a673|127.0.0.1:15055, 95ee4113-9599-4433-8033-e07ec30d3bee|127.0.0.1:15039, c6c1c004-cb80-4a23-8b53-68ef0e0db17b|127.0.0.1:15047]|listeners:[], old=null}
2025-07-02 18:45:21,554 [grpc-default-executor-0] INFO  ratis.XceiverServerRatis (XceiverServerRatis.java:handleLeaderChangedNotification(944)) - Leader change notification received for group: group-5195515A604F with new leaderId: 95ee4113-9599-4433-8033-e07ec30d3bee
2025-07-02 18:45:21,555 [grpc-default-executor-0] INFO  server.RaftServer$Division (ServerState.java:setLeader(272)) - c6c1c004-cb80-4a23-8b53-68ef0e0db17b@group-5195515A604F: change Leader from null to 95ee4113-9599-4433-8033-e07ec30d3bee at term 1 for appendEntries, leader elected after 1089ms
2025-07-02 18:45:21,555 [grpc-default-executor-3] INFO  server.RaftServer$Division (RaftServerImpl.java:requestVote(1421)) - 95ee4113-9599-4433-8033-e07ec30d3bee@group-BC9AD7F74B25: receive requestVote(ELECTION, 4114dace-2331-46e8-9bd0-01e36750a673, group-BC9AD7F74B25, 1, <PROTO_DEFAULT>)
2025-07-02 18:45:21,556 [grpc-default-executor-3] INFO  impl.VoteContext (VoteContext.java:log(49)) - 95ee4113-9599-4433-8033-e07ec30d3bee@group-BC9AD7F74B25-FOLLOWER: accept ELECTION from 4114dace-2331-46e8-9bd0-01e36750a673: our priority 0 <= candidate's priority 1
2025-07-02 18:45:21,556 [grpc-default-executor-3] INFO  server.RaftServer$Division (RaftServerImpl.java:setRole(392)) - 95ee4113-9599-4433-8033-e07ec30d3bee@group-BC9AD7F74B25: changes role from  FOLLOWER to FOLLOWER at term 0 for candidate:4114dace-2331-46e8-9bd0-01e36750a673
2025-07-02 18:45:21,556 [grpc-default-executor-3] INFO  impl.RoleInfo (RoleInfo.java:shutdownFollowerState(121)) - 95ee4113-9599-4433-8033-e07ec30d3bee: shutdown 95ee4113-9599-4433-8033-e07ec30d3bee@group-BC9AD7F74B25-FollowerState
2025-07-02 18:45:21,556 [95ee4113-9599-4433-8033-e07ec30d3bee@group-BC9AD7F74B25-FollowerState] INFO  impl.FollowerState (FollowerState.java:runImpl(170)) - 95ee4113-9599-4433-8033-e07ec30d3bee@group-BC9AD7F74B25-FollowerState was interrupted
2025-07-02 18:45:21,556 [grpc-default-executor-3] INFO  impl.RoleInfo (RoleInfo.java:updateAndGet(148)) - 95ee4113-9599-4433-8033-e07ec30d3bee: start 95ee4113-9599-4433-8033-e07ec30d3bee@group-BC9AD7F74B25-FollowerState
2025-07-02 18:45:21,558 [4114dace-2331-46e8-9bd0-01e36750a673@group-BC9AD7F74B25-LeaderElection14] INFO  impl.LeaderElection (LeaderElection.java:logAndReturn(206)) - 4114dace-2331-46e8-9bd0-01e36750a673@group-BC9AD7F74B25-LeaderElection14: ELECTION PASSED received 1 response(s) and 0 exception(s):
2025-07-02 18:45:21,558 [grpc-default-executor-0] INFO  server.RaftServer$Division (ServerState.java:setRaftConf(386)) - c6c1c004-cb80-4a23-8b53-68ef0e0db17b@group-5195515A604F: set configuration conf: {index: 0, cur=peers:[4114dace-2331-46e8-9bd0-01e36750a673|127.0.0.1:15055, 95ee4113-9599-4433-8033-e07ec30d3bee|127.0.0.1:15039, c6c1c004-cb80-4a23-8b53-68ef0e0db17b|127.0.0.1:15047]|listeners:[], old=null}
2025-07-02 18:45:21,558 [grpc-default-executor-0] INFO  segmented.SegmentedRaftLogWorker (SegmentedRaftLogWorker.java:startLogSegment(440)) - c6c1c004-cb80-4a23-8b53-68ef0e0db17b@group-5195515A604F-SegmentedRaftLogWorker: Starting segment from index:0
2025-07-02 18:45:21,558 [4114dace-2331-46e8-9bd0-01e36750a673@group-BC9AD7F74B25-LeaderElection14] INFO  impl.LeaderElection (LeaderElection.java:logAndReturn(210)) -   Response 0: 4114dace-2331-46e8-9bd0-01e36750a673<-c6c1c004-cb80-4a23-8b53-68ef0e0db17b#0:OK-t1-last:<INITIAL_VALUE>
2025-07-02 18:45:21,558 [4114dace-2331-46e8-9bd0-01e36750a673@group-BC9AD7F74B25-LeaderElection14] INFO  impl.LeaderElection (LeaderElection.java:askForVotes(450)) - 4114dace-2331-46e8-9bd0-01e36750a673@group-BC9AD7F74B25-LeaderElection14 ELECTION round 0: result PASSED
2025-07-02 18:45:21,560 [4114dace-2331-46e8-9bd0-01e36750a673@group-BC9AD7F74B25-LeaderElection14] INFO  impl.RoleInfo (RoleInfo.java:shutdownLeaderElection(141)) - 4114dace-2331-46e8-9bd0-01e36750a673: shutdown 4114dace-2331-46e8-9bd0-01e36750a673@group-BC9AD7F74B25-LeaderElection14
2025-07-02 18:45:21,560 [4114dace-2331-46e8-9bd0-01e36750a673@group-BC9AD7F74B25-LeaderElection14] INFO  server.RaftServer$Division (RaftServerImpl.java:setRole(392)) - 4114dace-2331-46e8-9bd0-01e36750a673@group-BC9AD7F74B25: changes role from CANDIDATE to LEADER at term 1 for changeToLeader
2025-07-02 18:45:21,562 [4114dace-2331-46e8-9bd0-01e36750a673@group-BC9AD7F74B25-LeaderElection14] INFO  server.RaftServerConfigKeys (ConfUtils.java:logFallback(69)) - raft.server.staging.timeout = 15600ms (fallback to raft.server.rpc.timeout.max)
2025-07-02 18:45:21,562 [4114dace-2331-46e8-9bd0-01e36750a673@group-BC9AD7F74B25-LeaderElection14] INFO  server.RaftServerConfigKeys (ConfUtils.java:logGet(62)) - raft.server.write.byte-limit = 1024 M (=1073741824) (custom)
2025-07-02 18:45:21,564 [grpc-default-executor-3] INFO  server.RaftServer$Division (RaftServerImpl.java:requestVote(1455)) - 95ee4113-9599-4433-8033-e07ec30d3bee@group-BC9AD7F74B25 replies to ELECTION vote request: 4114dace-2331-46e8-9bd0-01e36750a673<-95ee4113-9599-4433-8033-e07ec30d3bee#0:OK-t1-last:<INITIAL_VALUE>. Peer's state: 95ee4113-9599-4433-8033-e07ec30d3bee@group-BC9AD7F74B25:t1, leader=null, voted=4114dace-2331-46e8-9bd0-01e36750a673, raftlog=Memoized:95ee4113-9599-4433-8033-e07ec30d3bee@group-BC9AD7F74B25-SegmentedRaftLog:OPENED:c-1:lastnull, conf=conf: {index: -1, cur=peers:[4114dace-2331-46e8-9bd0-01e36750a673|127.0.0.1:15055, 95ee4113-9599-4433-8033-e07ec30d3bee|127.0.0.1:15039, c6c1c004-cb80-4a23-8b53-68ef0e0db17b|127.0.0.1:15047]|listeners:[], old=null}
2025-07-02 18:45:21,579 [92aeff0d-b8ac-4e9e-9ba6-1724c63a8401-groupManagement] INFO  server.RaftServerConfigKeys (ConfUtils.java:logGet(62)) - raft.server.log.appender.buffer.byte-limit = 33554432 (custom)
2025-07-02 18:45:21,565 [grpc-default-executor-0] INFO  ratis.XceiverServerRatis (XceiverServerRatis.java:handleLeaderChangedNotification(944)) - Leader change notification received for group: group-5195515A604F with new leaderId: 95ee4113-9599-4433-8033-e07ec30d3bee
2025-07-02 18:45:21,591 [grpc-default-executor-0] INFO  server.RaftServer$Division (ServerState.java:setLeader(272)) - 4114dace-2331-46e8-9bd0-01e36750a673@group-5195515A604F: change Leader from null to 95ee4113-9599-4433-8033-e07ec30d3bee at term 1 for appendEntries, leader elected after 1047ms
2025-07-02 18:45:21,591 [92aeff0d-b8ac-4e9e-9ba6-1724c63a8401-groupManagement] INFO  segmented.SegmentedRaftLogWorker (SegmentedRaftLogWorker.java:lambda$new$0(141)) - 92aeff0d-b8ac-4e9e-9ba6-1724c63a8401@group-8FD04F33EAC3-SegmentedRaftLogWorker: flushIndex: setUnconditionally 0 -> -1
2025-07-02 18:45:21,591 [92aeff0d-b8ac-4e9e-9ba6-1724c63a8401-groupManagement] INFO  segmented.SegmentedRaftLogWorker (SegmentedRaftLogWorker.java:lambda$new$0(141)) - 92aeff0d-b8ac-4e9e-9ba6-1724c63a8401@group-8FD04F33EAC3-SegmentedRaftLogWorker: safeCacheEvictIndex: setUnconditionally 0 -> -1
2025-07-02 18:45:21,564 [c6c1c004-cb80-4a23-8b53-68ef0e0db17b@group-5195515A604F-SegmentedRaftLogWorker] INFO  segmented.BufferedWriteChannel (BufferedWriteChannel.java:open(61)) - open log_inprogress_0 at position 0
2025-07-02 18:45:21,593 [grpc-default-executor-0] INFO  server.RaftServer$Division (ServerState.java:setRaftConf(386)) - 4114dace-2331-46e8-9bd0-01e36750a673@group-5195515A604F: set configuration conf: {index: 0, cur=peers:[4114dace-2331-46e8-9bd0-01e36750a673|127.0.0.1:15055, 95ee4113-9599-4433-8033-e07ec30d3bee|127.0.0.1:15039, c6c1c004-cb80-4a23-8b53-68ef0e0db17b|127.0.0.1:15047]|listeners:[], old=null}
2025-07-02 18:45:21,593 [grpc-default-executor-0] INFO  segmented.SegmentedRaftLogWorker (SegmentedRaftLogWorker.java:startLogSegment(440)) - 4114dace-2331-46e8-9bd0-01e36750a673@group-5195515A604F-SegmentedRaftLogWorker: Starting segment from index:0
2025-07-02 18:45:21,596 [92aeff0d-b8ac-4e9e-9ba6-1724c63a8401-groupManagement] INFO  server.RaftServer$Division (RaftServerImpl.java:start(405)) - 92aeff0d-b8ac-4e9e-9ba6-1724c63a8401@group-8FD04F33EAC3: start as a follower, conf=conf: {index: -1, cur=peers:[9eb5a351-9325-4150-9d0a-de2b7d27d48d|127.0.0.1:15079, 71a26ef2-e834-411c-97c5-a30c78105e8f|127.0.0.1:15071, 92aeff0d-b8ac-4e9e-9ba6-1724c63a8401|127.0.0.1:15063]|listeners:[], old=null}
2025-07-02 18:45:21,596 [92aeff0d-b8ac-4e9e-9ba6-1724c63a8401-groupManagement] INFO  server.RaftServer$Division (RaftServerImpl.java:setRole(392)) - 92aeff0d-b8ac-4e9e-9ba6-1724c63a8401@group-8FD04F33EAC3: changes role from      null to FOLLOWER at term 0 for startAsFollower
2025-07-02 18:45:21,596 [92aeff0d-b8ac-4e9e-9ba6-1724c63a8401-groupManagement] INFO  impl.RoleInfo (RoleInfo.java:updateAndGet(148)) - 92aeff0d-b8ac-4e9e-9ba6-1724c63a8401: start 92aeff0d-b8ac-4e9e-9ba6-1724c63a8401@group-8FD04F33EAC3-FollowerState
2025-07-02 18:45:21,598 [92aeff0d-b8ac-4e9e-9ba6-1724c63a8401-groupManagement] INFO  util.JmxRegister (JmxRegister.java:tryRegister(44)) - Successfully registered JMX Bean with object name Ratis:service=RaftServer,group=group-8FD04F33EAC3,id=92aeff0d-b8ac-4e9e-9ba6-1724c63a8401
2025-07-02 18:45:21,601 [92aeff0d-b8ac-4e9e-9ba6-1724c63a8401-groupManagement] INFO  util.JmxRegister (JmxRegister.java:register(58)) - register mxBean class org.apache.ratis.server.impl.RaftServerJmxAdapter as Ratis:service=RaftServer,group=group-8FD04F33EAC3,id=92aeff0d-b8ac-4e9e-9ba6-1724c63a8401
2025-07-02 18:45:21,600 [4114dace-2331-46e8-9bd0-01e36750a673@group-5195515A604F-SegmentedRaftLogWorker] INFO  segmented.BufferedWriteChannel (BufferedWriteChannel.java:open(61)) - open log_inprogress_0 at position 0
2025-07-02 18:45:21,610 [92aeff0d-b8ac-4e9e-9ba6-1724c63a8401-groupManagement] INFO  server.RaftServer$Division (RaftServerImpl.java:start(419)) - 92aeff0d-b8ac-4e9e-9ba6-1724c63a8401@group-8FD04F33EAC3: Successfully started.
2025-07-02 18:45:21,612 [92aeff0d-b8ac-4e9e-9ba6-1724c63a8401-PipelineCommandHandlerThread-0] INFO  ratis.XceiverServerRatis (XceiverServerRatis.java:addGroup(843)) - Created group Pipeline-bdaade3c-0733-45ca-8236-8fd04f33eac3
2025-07-02 18:45:21,621 [c6c1c004-cb80-4a23-8b53-68ef0e0db17b@group-5195515A604F-SegmentedRaftLogWorker] INFO  segmented.SegmentedRaftLogWorker (SegmentedRaftLogWorker.java:execute(647)) - c6c1c004-cb80-4a23-8b53-68ef0e0db17b@group-5195515A604F-SegmentedRaftLogWorker: created new log segment /home/runner/work/ozone/ozone/hadoop-ozone/integration-test/target/test-dir/MiniOzoneClusterImpl-b7e00dfa-d3b8-45cf-9d3a-2bd5fdfebf54/ozone-meta/datanode-5/ratis/1d88e53e-1d3e-4d9d-a5cb-5195515a604f/current/log_inprogress_0
2025-07-02 18:45:21,623 [4114dace-2331-46e8-9bd0-01e36750a673@group-5195515A604F-SegmentedRaftLogWorker] INFO  segmented.SegmentedRaftLogWorker (SegmentedRaftLogWorker.java:execute(647)) - 4114dace-2331-46e8-9bd0-01e36750a673@group-5195515A604F-SegmentedRaftLogWorker: created new log segment /home/runner/work/ozone/ozone/hadoop-ozone/integration-test/target/test-dir/MiniOzoneClusterImpl-b7e00dfa-d3b8-45cf-9d3a-2bd5fdfebf54/ozone-meta/datanode-6/ratis/1d88e53e-1d3e-4d9d-a5cb-5195515a604f/current/log_inprogress_0
2025-07-02 18:45:21,630 [4114dace-2331-46e8-9bd0-01e36750a673@group-BC9AD7F74B25-LeaderElection14] INFO  server.RaftServerConfigKeys (ConfUtils.java:logGet(62)) - raft.server.log.appender.buffer.byte-limit = 33554432 (custom)
2025-07-02 18:45:21,632 [grpc-default-executor-4] INFO  server.RaftServer (RaftServerProxy.java:addNew(105)) - 9eb5a351-9325-4150-9d0a-de2b7d27d48d: addNew group-8FD04F33EAC3:[9eb5a351-9325-4150-9d0a-de2b7d27d48d|127.0.0.1:15079, 71a26ef2-e834-411c-97c5-a30c78105e8f|127.0.0.1:15071, 92aeff0d-b8ac-4e9e-9ba6-1724c63a8401|127.0.0.1:15063] returns group-8FD04F33EAC3:java.util.concurrent.CompletableFuture@7e54277f[Not completed]
2025-07-02 18:45:21,635 [grpc-default-executor-0] WARN  server.GrpcAdminProtocolService (GrpcAdminProtocolService.java:lambda$groupManagement$1(53)) - Failed groupManagement: GROUPADD, GroupManagementRequest:client-FD7CBF5853A6->92aeff0d-b8ac-4e9e-9ba6-1724c63a8401@group-2788C300D651, cid=16, seq=null, RW, null, Add:group-2788C300D651:[9eb5a351-9325-4150-9d0a-de2b7d27d48d|127.0.0.1:15079, 71a26ef2-e834-411c-97c5-a30c78105e8f|127.0.0.1:15071, 92aeff0d-b8ac-4e9e-9ba6-1724c63a8401|127.0.0.1:15063]
java.util.concurrent.CompletionException: org.apache.ratis.protocol.exceptions.AlreadyExistsException: 92aeff0d-b8ac-4e9e-9ba6-1724c63a8401: Failed to add group-2788C300D651:[9eb5a351-9325-4150-9d0a-de2b7d27d48d|127.0.0.1:15079, 71a26ef2-e834-411c-97c5-a30c78105e8f|127.0.0.1:15071, 92aeff0d-b8ac-4e9e-9ba6-1724c63a8401|127.0.0.1:15063] since the group already exists in the map.
	at java.base/java.util.concurrent.CompletableFuture.encodeThrowable(CompletableFuture.java:332)
	at java.base/java.util.concurrent.CompletableFuture.uniApplyNow(CompletableFuture.java:674)
	at java.base/java.util.concurrent.CompletableFuture.uniApplyStage(CompletableFuture.java:662)
	at java.base/java.util.concurrent.CompletableFuture.thenApplyAsync(CompletableFuture.java:2210)
	at org.apache.ratis.server.impl.RaftServerProxy.groupAddAsync(RaftServerProxy.java:513)
	at org.apache.ratis.server.impl.RaftServerProxy.groupManagementAsync(RaftServerProxy.java:495)
	at org.apache.ratis.grpc.server.GrpcAdminProtocolService.lambda$groupManagement$0(GrpcAdminProtocolService.java:51)
	at org.apache.ratis.grpc.GrpcUtil.asyncCall(GrpcUtil.java:172)
	at org.apache.ratis.grpc.server.GrpcAdminProtocolService.groupManagement(GrpcAdminProtocolService.java:51)
	at org.apache.ratis.proto.grpc.AdminProtocolServiceGrpc$MethodHandlers.invoke(AdminProtocolServiceGrpc.java:701)
	at org.apache.ratis.thirdparty.io.grpc.stub.ServerCalls$UnaryServerCallHandler$UnaryServerCallListener.onHalfClose(ServerCalls.java:182)
	at org.apache.ratis.thirdparty.io.grpc.internal.ServerCallImpl$ServerStreamListenerImpl.halfClosed(ServerCallImpl.java:356)
	at org.apache.ratis.thirdparty.io.grpc.internal.ServerImpl$JumpToApplicationThreadServerStreamListener$1HalfClosed.runInContext(ServerImpl.java:861)
	at org.apache.ratis.thirdparty.io.grpc.internal.ContextRunnable.run(ContextRunnable.java:37)
	at org.apache.ratis.thirdparty.io.grpc.internal.SerializingExecutor.run(SerializingExecutor.java:133)
	at java.base/java.util.concurrent.ThreadPoolExecutor.runWorker(ThreadPoolExecutor.java:1144)
	at java.base/java.util.concurrent.ThreadPoolExecutor$Worker.run(ThreadPoolExecutor.java:642)
	at java.base/java.lang.Thread.run(Thread.java:1583)
Caused by: org.apache.ratis.protocol.exceptions.AlreadyExistsException: 92aeff0d-b8ac-4e9e-9ba6-1724c63a8401: Failed to add group-2788C300D651:[9eb5a351-9325-4150-9d0a-de2b7d27d48d|127.0.0.1:15079, 71a26ef2-e834-411c-97c5-a30c78105e8f|127.0.0.1:15071, 92aeff0d-b8ac-4e9e-9ba6-1724c63a8401|127.0.0.1:15063] since the group already exists in the map.
	at org.apache.ratis.server.impl.RaftServerProxy$ImplMap.addNew(RaftServerProxy.java:99)
	at org.apache.ratis.server.impl.RaftServerProxy.groupAddAsync(RaftServerProxy.java:512)
	... 13 more
2025-07-02 18:45:21,638 [95ee4113-9599-4433-8033-e07ec30d3bee@group-5195515A604F-StateMachineUpdater] INFO  server.RaftServer$Division (LeaderStateImpl.java:checkStartIndex(309)) - Leader 95ee4113-9599-4433-8033-e07ec30d3bee@group-5195515A604F-LeaderStateImpl is ready since appliedIndex == startIndex == 0
2025-07-02 18:45:21,638 [95ee4113-9599-4433-8033-e07ec30d3bee@group-5195515A604F-StateMachineUpdater] INFO  ratis.ContainerStateMachine (ContainerStateMachine.java:takeSnapshot(427)) - group-5195515A604F: Taking a snapshot at:(t:1, i:0) file /home/runner/work/ozone/ozone/hadoop-ozone/integration-test/target/test-dir/MiniOzoneClusterImpl-b7e00dfa-d3b8-45cf-9d3a-2bd5fdfebf54/ozone-meta/datanode-4/ratis/1d88e53e-1d3e-4d9d-a5cb-5195515a604f/sm/snapshot.1_0
2025-07-02 18:45:21,639 [95ee4113-9599-4433-8033-e07ec30d3bee@group-5195515A604F-StateMachineUpdater] INFO  ratis.ContainerStateMachine (ContainerStateMachine.java:takeSnapshot(436)) - group-5195515A604F: Finished taking a snapshot at:(t:1, i:0) file:/home/runner/work/ozone/ozone/hadoop-ozone/integration-test/target/test-dir/MiniOzoneClusterImpl-b7e00dfa-d3b8-45cf-9d3a-2bd5fdfebf54/ozone-meta/datanode-4/ratis/1d88e53e-1d3e-4d9d-a5cb-5195515a604f/sm/snapshot.1_0 took: 1 ms
2025-07-02 18:45:21,639 [95ee4113-9599-4433-8033-e07ec30d3bee@group-5195515A604F-StateMachineUpdater] INFO  impl.StateMachineUpdater (StateMachineUpdater.java:takeSnapshot(307)) - 95ee4113-9599-4433-8033-e07ec30d3bee@group-5195515A604F-StateMachineUpdater: Took a snapshot at index 0
2025-07-02 18:45:21,639 [95ee4113-9599-4433-8033-e07ec30d3bee@group-5195515A604F-StateMachineUpdater] INFO  impl.StateMachineUpdater (StateMachineUpdater.java:lambda$new$0(101)) - 95ee4113-9599-4433-8033-e07ec30d3bee@group-5195515A604F-StateMachineUpdater: snapshotIndex: updateIncreasingly -1 -> 0
2025-07-02 18:45:21,640 [4114dace-2331-46e8-9bd0-01e36750a673@group-BC9AD7F74B25-LeaderElection14] INFO  server.RaftServerConfigKeys (ConfUtils.java:logGet(62)) - raft.server.log.appender.buffer.byte-limit = 33554432 (custom)
2025-07-02 18:45:21,641 [4114dace-2331-46e8-9bd0-01e36750a673@group-BC9AD7F74B25-LeaderElection14] INFO  impl.RoleInfo (RoleInfo.java:updateAndGet(148)) - 4114dace-2331-46e8-9bd0-01e36750a673: start 4114dace-2331-46e8-9bd0-01e36750a673@group-BC9AD7F74B25-LeaderStateImpl
2025-07-02 18:45:21,641 [4114dace-2331-46e8-9bd0-01e36750a673@group-BC9AD7F74B25-LeaderElection14] INFO  server.RaftServer$Division (RaftServerImpl.java:setFirstElection(576)) - 4114dace-2331-46e8-9bd0-01e36750a673@group-BC9AD7F74B25: set firstElectionSinceStartup to false for becomeLeader
2025-07-02 18:45:21,641 [4114dace-2331-46e8-9bd0-01e36750a673@group-BC9AD7F74B25-LeaderElection14] INFO  ratis.XceiverServerRatis (XceiverServerRatis.java:handleLeaderChangedNotification(944)) - Leader change notification received for group: group-BC9AD7F74B25 with new leaderId: 4114dace-2331-46e8-9bd0-01e36750a673
2025-07-02 18:45:21,642 [4114dace-2331-46e8-9bd0-01e36750a673@group-BC9AD7F74B25-LeaderElection14] INFO  server.RaftServer$Division (ServerState.java:setLeader(272)) - 4114dace-2331-46e8-9bd0-01e36750a673@group-BC9AD7F74B25: change Leader from null to 4114dace-2331-46e8-9bd0-01e36750a673 at term 1 for becomeLeader, leader elected after 1319ms
2025-07-02 18:45:21,642 [4114dace-2331-46e8-9bd0-01e36750a673@group-BC9AD7F74B25-LeaderElection14] INFO  segmented.SegmentedRaftLogWorker (SegmentedRaftLogWorker.java:startLogSegment(440)) - 4114dace-2331-46e8-9bd0-01e36750a673@group-BC9AD7F74B25-SegmentedRaftLogWorker: Starting segment from index:0
2025-07-02 18:45:21,643 [4114dace-2331-46e8-9bd0-01e36750a673@group-BC9AD7F74B25-SegmentedRaftLogWorker] INFO  segmented.BufferedWriteChannel (BufferedWriteChannel.java:open(61)) - open log_inprogress_0 at position 0
2025-07-02 18:45:21,644 [4114dace-2331-46e8-9bd0-01e36750a673@group-BC9AD7F74B25-LeaderElection14] INFO  server.RaftServer$Division (ServerState.java:setRaftConf(386)) - 4114dace-2331-46e8-9bd0-01e36750a673@group-BC9AD7F74B25: set configuration conf: {index: 0, cur=peers:[4114dace-2331-46e8-9bd0-01e36750a673|127.0.0.1:15055, 95ee4113-9599-4433-8033-e07ec30d3bee|127.0.0.1:15039, c6c1c004-cb80-4a23-8b53-68ef0e0db17b|127.0.0.1:15047]|listeners:[], old=null}
2025-07-02 18:45:21,645 [9eb5a351-9325-4150-9d0a-de2b7d27d48d-groupManagement] WARN  statemachine.DatanodeConfiguration (DatanodeConfiguration.java:validateMinFreeSpace(751)) - hdds.datanode.volume.min.free.space.percent = -1.0 is invalid, should be between 0 and 1
2025-07-02 18:45:21,645 [9eb5a351-9325-4150-9d0a-de2b7d27d48d-groupManagement] INFO  server.RaftServer$Division (RaftServerImpl.java:<init>(268)) - 9eb5a351-9325-4150-9d0a-de2b7d27d48d: new RaftServerImpl for group-8FD04F33EAC3:[9eb5a351-9325-4150-9d0a-de2b7d27d48d|127.0.0.1:15079, 71a26ef2-e834-411c-97c5-a30c78105e8f|127.0.0.1:15071, 92aeff0d-b8ac-4e9e-9ba6-1724c63a8401|127.0.0.1:15063] with ContainerStateMachine:uninitialized
2025-07-02 18:45:21,645 [9eb5a351-9325-4150-9d0a-de2b7d27d48d-groupManagement] INFO  server.RaftServer$Division (ServerState.java:<init>(114)) - 9eb5a351-9325-4150-9d0a-de2b7d27d48d@group-8FD04F33EAC3: ConfigurationManager, init=conf: {index: -1, cur=peers:[9eb5a351-9325-4150-9d0a-de2b7d27d48d|127.0.0.1:15079, 71a26ef2-e834-411c-97c5-a30c78105e8f|127.0.0.1:15071, 92aeff0d-b8ac-4e9e-9ba6-1724c63a8401|127.0.0.1:15063]|listeners:[], old=null}, confs=<EMPTY_MAP>
2025-07-02 18:45:21,652 [EventQueue-PipelineReportForPipelineReportHandler] INFO  pipeline.PipelineReportHandler (PipelineReportHandler.java:processPipelineReport(134)) - Opened pipeline Pipeline-5e6ba405-497c-4a06-b329-bc9ad7f74b25
2025-07-02 18:45:21,656 [71a26ef2-e834-411c-97c5-a30c78105e8f-PipelineCommandHandlerThread-0] INFO  commandhandler.CreatePipelineCommandHandler (CreatePipelineCommandHandler.java:lambda$handle$2(127)) - Created Pipeline RATIS THREE Pipeline-73acc545-491b-4393-8737-2788c300d651.
2025-07-02 18:45:21,657 [71a26ef2-e834-411c-97c5-a30c78105e8f-PipelineCommandHandlerThread-0] INFO  server.RaftServer (RaftServerProxy.java:addNew(105)) - 71a26ef2-e834-411c-97c5-a30c78105e8f: addNew group-8FD04F33EAC3:[9eb5a351-9325-4150-9d0a-de2b7d27d48d|127.0.0.1:15079, 71a26ef2-e834-411c-97c5-a30c78105e8f|127.0.0.1:15071, 92aeff0d-b8ac-4e9e-9ba6-1724c63a8401|127.0.0.1:15063] returns group-8FD04F33EAC3:java.util.concurrent.CompletableFuture@b196f7e[Not completed]
2025-07-02 18:45:21,656 [4114dace-2331-46e8-9bd0-01e36750a673@group-BC9AD7F74B25-SegmentedRaftLogWorker] INFO  segmented.SegmentedRaftLogWorker (SegmentedRaftLogWorker.java:execute(647)) - 4114dace-2331-46e8-9bd0-01e36750a673@group-BC9AD7F74B25-SegmentedRaftLogWorker: created new log segment /home/runner/work/ozone/ozone/hadoop-ozone/integration-test/target/test-dir/MiniOzoneClusterImpl-b7e00dfa-d3b8-45cf-9d3a-2bd5fdfebf54/ozone-meta/datanode-6/ratis/5e6ba405-497c-4a06-b329-bc9ad7f74b25/current/log_inprogress_0
2025-07-02 18:45:21,661 [grpc-default-executor-0] INFO  ratis.XceiverServerRatis (XceiverServerRatis.java:handleLeaderChangedNotification(944)) - Leader change notification received for group: group-BC9AD7F74B25 with new leaderId: 4114dace-2331-46e8-9bd0-01e36750a673
2025-07-02 18:45:21,662 [grpc-default-executor-0] INFO  server.RaftServer$Division (ServerState.java:setLeader(272)) - c6c1c004-cb80-4a23-8b53-68ef0e0db17b@group-BC9AD7F74B25: change Leader from null to 4114dace-2331-46e8-9bd0-01e36750a673 at term 1 for appendEntries, leader elected after 1270ms
2025-07-02 18:45:21,663 [grpc-default-executor-4] INFO  server.RaftServer$Division (ServerState.java:setRaftConf(386)) - c6c1c004-cb80-4a23-8b53-68ef0e0db17b@group-BC9AD7F74B25: set configuration conf: {index: 0, cur=peers:[4114dace-2331-46e8-9bd0-01e36750a673|127.0.0.1:15055, 95ee4113-9599-4433-8033-e07ec30d3bee|127.0.0.1:15039, c6c1c004-cb80-4a23-8b53-68ef0e0db17b|127.0.0.1:15047]|listeners:[], old=null}
2025-07-02 18:45:21,664 [grpc-default-executor-4] INFO  segmented.SegmentedRaftLogWorker (SegmentedRaftLogWorker.java:startLogSegment(440)) - c6c1c004-cb80-4a23-8b53-68ef0e0db17b@group-BC9AD7F74B25-SegmentedRaftLogWorker: Starting segment from index:0
2025-07-02 18:45:21,661 [71a26ef2-e834-411c-97c5-a30c78105e8f-groupManagement] WARN  statemachine.DatanodeConfiguration (DatanodeConfiguration.java:validateMinFreeSpace(751)) - hdds.datanode.volume.min.free.space.percent = -1.0 is invalid, should be between 0 and 1
2025-07-02 18:45:21,664 [71a26ef2-e834-411c-97c5-a30c78105e8f-groupManagement] INFO  server.RaftServer$Division (RaftServerImpl.java:<init>(268)) - 71a26ef2-e834-411c-97c5-a30c78105e8f: new RaftServerImpl for group-8FD04F33EAC3:[9eb5a351-9325-4150-9d0a-de2b7d27d48d|127.0.0.1:15079, 71a26ef2-e834-411c-97c5-a30c78105e8f|127.0.0.1:15071, 92aeff0d-b8ac-4e9e-9ba6-1724c63a8401|127.0.0.1:15063] with ContainerStateMachine:uninitialized
2025-07-02 18:45:21,664 [9eb5a351-9325-4150-9d0a-de2b7d27d48d-groupManagement] INFO  server.RaftServerConfigKeys (ConfUtils.java:logGet(62)) - raft.server.storage.dir = [/home/runner/work/ozone/ozone/hadoop-ozone/integration-test/target/test-dir/MiniOzoneClusterImpl-b7e00dfa-d3b8-45cf-9d3a-2bd5fdfebf54/ozone-meta/datanode-9/ratis] (custom)
2025-07-02 18:45:21,662 [grpc-default-executor-3] INFO  ratis.XceiverServerRatis (XceiverServerRatis.java:handleLeaderChangedNotification(944)) - Leader change notification received for group: group-BC9AD7F74B25 with new leaderId: 4114dace-2331-46e8-9bd0-01e36750a673
2025-07-02 18:45:21,665 [grpc-default-executor-3] INFO  server.RaftServer$Division (ServerState.java:setLeader(272)) - 95ee4113-9599-4433-8033-e07ec30d3bee@group-BC9AD7F74B25: change Leader from null to 4114dace-2331-46e8-9bd0-01e36750a673 at term 1 for appendEntries, leader elected after 1417ms
2025-07-02 18:45:21,665 [c6c1c004-cb80-4a23-8b53-68ef0e0db17b@group-BC9AD7F74B25-SegmentedRaftLogWorker] INFO  segmented.BufferedWriteChannel (BufferedWriteChannel.java:open(61)) - open log_inprogress_0 at position 0
2025-07-02 18:45:21,666 [9eb5a351-9325-4150-9d0a-de2b7d27d48d-groupManagement] INFO  storage.RaftStorageDirectory (RaftStorageDirectoryImpl.java:analyzeStorage(138)) - The storage directory /home/runner/work/ozone/ozone/hadoop-ozone/integration-test/target/test-dir/MiniOzoneClusterImpl-b7e00dfa-d3b8-45cf-9d3a-2bd5fdfebf54/ozone-meta/datanode-9/ratis/8058e73d-1ae8-41f1-903b-15c382464225 does not exist. Creating ...
2025-07-02 18:45:21,664 [71a26ef2-e834-411c-97c5-a30c78105e8f-groupManagement] INFO  server.RaftServer$Division (ServerState.java:<init>(114)) - 71a26ef2-e834-411c-97c5-a30c78105e8f@group-8FD04F33EAC3: ConfigurationManager, init=conf: {index: -1, cur=peers:[9eb5a351-9325-4150-9d0a-de2b7d27d48d|127.0.0.1:15079, 71a26ef2-e834-411c-97c5-a30c78105e8f|127.0.0.1:15071, 92aeff0d-b8ac-4e9e-9ba6-1724c63a8401|127.0.0.1:15063]|listeners:[], old=null}, confs=<EMPTY_MAP>
2025-07-02 18:45:21,668 [grpc-default-executor-0] INFO  server.RaftServer$Division (ServerState.java:setRaftConf(386)) - 95ee4113-9599-4433-8033-e07ec30d3bee@group-BC9AD7F74B25: set configuration conf: {index: 0, cur=peers:[4114dace-2331-46e8-9bd0-01e36750a673|127.0.0.1:15055, 95ee4113-9599-4433-8033-e07ec30d3bee|127.0.0.1:15039, c6c1c004-cb80-4a23-8b53-68ef0e0db17b|127.0.0.1:15047]|listeners:[], old=null}
2025-07-02 18:45:21,668 [grpc-default-executor-0] INFO  segmented.SegmentedRaftLogWorker (SegmentedRaftLogWorker.java:startLogSegment(440)) - 95ee4113-9599-4433-8033-e07ec30d3bee@group-BC9AD7F74B25-SegmentedRaftLogWorker: Starting segment from index:0
2025-07-02 18:45:21,670 [9eb5a351-9325-4150-9d0a-de2b7d27d48d-groupManagement] INFO  storage.RaftStorageDirectory (RaftStorageDirectoryImpl.java:tryLock(229)) - Lock on /home/runner/work/ozone/ozone/hadoop-ozone/integration-test/target/test-dir/MiniOzoneClusterImpl-b7e00dfa-d3b8-45cf-9d3a-2bd5fdfebf54/ozone-meta/datanode-9/ratis/8058e73d-1ae8-41f1-903b-15c382464225/in_use.lock acquired by nodename 44808@localhost
2025-07-02 18:45:21,671 [95ee4113-9599-4433-8033-e07ec30d3bee@group-BC9AD7F74B25-SegmentedRaftLogWorker] INFO  segmented.BufferedWriteChannel (BufferedWriteChannel.java:open(61)) - open log_inprogress_0 at position 0
2025-07-02 18:45:21,672 [9eb5a351-9325-4150-9d0a-de2b7d27d48d-groupManagement] INFO  storage.RaftStorage (RaftStorageImpl.java:format(98)) - Storage directory /home/runner/work/ozone/ozone/hadoop-ozone/integration-test/target/test-dir/MiniOzoneClusterImpl-b7e00dfa-d3b8-45cf-9d3a-2bd5fdfebf54/ozone-meta/datanode-9/ratis/8058e73d-1ae8-41f1-903b-15c382464225 has been successfully formatted.
2025-07-02 18:45:21,673 [9eb5a351-9325-4150-9d0a-de2b7d27d48d-groupManagement] INFO  ratis.ContainerStateMachine (ContainerStateMachine.java:initialize(339)) - 9eb5a351-9325-4150-9d0a-de2b7d27d48d: initialize group-15C382464225
2025-07-02 18:45:21,673 [9eb5a351-9325-4150-9d0a-de2b7d27d48d-groupManagement] INFO  ratis.ContainerStateMachine (ContainerStateMachine.java:loadSnapshot(347)) - group-15C382464225: The snapshot info is null. Setting the last applied index to:<INITIAL_VALUE>
2025-07-02 18:45:21,673 [9eb5a351-9325-4150-9d0a-de2b7d27d48d-groupManagement] INFO  server.RaftServerConfigKeys (ConfUtils.java:logGet(62)) - raft.server.log.appender.buffer.byte-limit = 33554432 (custom)
2025-07-02 18:45:21,682 [9eb5a351-9325-4150-9d0a-de2b7d27d48d-groupManagement] INFO  server.RaftServerConfigKeys (ConfUtils.java:logGet(62)) - raft.server.log.segment.size.max = 67108864 (custom)
2025-07-02 18:45:21,682 [9eb5a351-9325-4150-9d0a-de2b7d27d48d-groupManagement] INFO  server.RaftServerConfigKeys (ConfUtils.java:logGet(62)) - raft.server.log.appender.buffer.byte-limit = 33554432 (custom)
2025-07-02 18:45:21,687 [71a26ef2-e834-411c-97c5-a30c78105e8f-groupManagement] INFO  server.RaftServerConfigKeys (ConfUtils.java:logGet(62)) - raft.server.storage.dir = [/home/runner/work/ozone/ozone/hadoop-ozone/integration-test/target/test-dir/MiniOzoneClusterImpl-b7e00dfa-d3b8-45cf-9d3a-2bd5fdfebf54/ozone-meta/datanode-8/ratis] (custom)
2025-07-02 18:45:21,687 [71a26ef2-e834-411c-97c5-a30c78105e8f-groupManagement] INFO  storage.RaftStorageDirectory (RaftStorageDirectoryImpl.java:analyzeStorage(138)) - The storage directory /home/runner/work/ozone/ozone/hadoop-ozone/integration-test/target/test-dir/MiniOzoneClusterImpl-b7e00dfa-d3b8-45cf-9d3a-2bd5fdfebf54/ozone-meta/datanode-8/ratis/bdaade3c-0733-45ca-8236-8fd04f33eac3 does not exist. Creating ...
2025-07-02 18:45:21,687 [EventQueue-PipelineReportForPipelineReportHandler] INFO  pipeline.PipelineReportHandler (PipelineReportHandler.java:processPipelineReport(134)) - Opened pipeline Pipeline-8058e73d-1ae8-41f1-903b-15c382464225
2025-07-02 18:45:21,688 [9eb5a351-9325-4150-9d0a-de2b7d27d48d-groupManagement] INFO  util.AwaitToRun (AwaitToRun.java:start(81)) - Thread[#1415,9eb5a351-9325-4150-9d0a-de2b7d27d48d@group-15C382464225-cacheEviction-AwaitToRun,5,main] started
2025-07-02 18:45:21,688 [9eb5a351-9325-4150-9d0a-de2b7d27d48d-groupManagement] INFO  segmented.SegmentedRaftLogWorker (SegmentedRaftLogWorker.java:<init>(190)) - new 9eb5a351-9325-4150-9d0a-de2b7d27d48d@group-15C382464225-SegmentedRaftLogWorker for RaftStorageImpl:Storage Directory /home/runner/work/ozone/ozone/hadoop-ozone/integration-test/target/test-dir/MiniOzoneClusterImpl-b7e00dfa-d3b8-45cf-9d3a-2bd5fdfebf54/ozone-meta/datanode-9/ratis/8058e73d-1ae8-41f1-903b-15c382464225
2025-07-02 18:45:21,688 [9eb5a351-9325-4150-9d0a-de2b7d27d48d-groupManagement] INFO  server.RaftServerConfigKeys (ConfUtils.java:logGet(62)) - raft.server.log.queue.byte-limit = 4294967296 (custom)
2025-07-02 18:45:21,690 [71a26ef2-e834-411c-97c5-a30c78105e8f-groupManagement] INFO  storage.RaftStorageDirectory (RaftStorageDirectoryImpl.java:tryLock(229)) - Lock on /home/runner/work/ozone/ozone/hadoop-ozone/integration-test/target/test-dir/MiniOzoneClusterImpl-b7e00dfa-d3b8-45cf-9d3a-2bd5fdfebf54/ozone-meta/datanode-8/ratis/bdaade3c-0733-45ca-8236-8fd04f33eac3/in_use.lock acquired by nodename 44808@localhost
2025-07-02 18:45:21,690 [95ee4113-9599-4433-8033-e07ec30d3bee@group-BC9AD7F74B25-SegmentedRaftLogWorker] INFO  segmented.SegmentedRaftLogWorker (SegmentedRaftLogWorker.java:execute(647)) - 95ee4113-9599-4433-8033-e07ec30d3bee@group-BC9AD7F74B25-SegmentedRaftLogWorker: created new log segment /home/runner/work/ozone/ozone/hadoop-ozone/integration-test/target/test-dir/MiniOzoneClusterImpl-b7e00dfa-d3b8-45cf-9d3a-2bd5fdfebf54/ozone-meta/datanode-4/ratis/5e6ba405-497c-4a06-b329-bc9ad7f74b25/current/log_inprogress_0
2025-07-02 18:45:21,689 [c6c1c004-cb80-4a23-8b53-68ef0e0db17b@group-BC9AD7F74B25-SegmentedRaftLogWorker] INFO  segmented.SegmentedRaftLogWorker (SegmentedRaftLogWorker.java:execute(647)) - c6c1c004-cb80-4a23-8b53-68ef0e0db17b@group-BC9AD7F74B25-SegmentedRaftLogWorker: created new log segment /home/runner/work/ozone/ozone/hadoop-ozone/integration-test/target/test-dir/MiniOzoneClusterImpl-b7e00dfa-d3b8-45cf-9d3a-2bd5fdfebf54/ozone-meta/datanode-5/ratis/5e6ba405-497c-4a06-b329-bc9ad7f74b25/current/log_inprogress_0
2025-07-02 18:45:21,690 [9eb5a351-9325-4150-9d0a-de2b7d27d48d-groupManagement] INFO  server.RaftServerConfigKeys (ConfUtils.java:logGet(62)) - raft.server.log.segment.size.max = 67108864 (custom)
2025-07-02 18:45:21,692 [9eb5a351-9325-4150-9d0a-de2b7d27d48d-groupManagement] INFO  server.RaftServerConfigKeys (ConfUtils.java:logGet(62)) - raft.server.log.preallocated.size = 4194304 (custom)
2025-07-02 18:45:21,692 [71a26ef2-e834-411c-97c5-a30c78105e8f-groupManagement] INFO  storage.RaftStorage (RaftStorageImpl.java:format(98)) - Storage directory /home/runner/work/ozone/ozone/hadoop-ozone/integration-test/target/test-dir/MiniOzoneClusterImpl-b7e00dfa-d3b8-45cf-9d3a-2bd5fdfebf54/ozone-meta/datanode-8/ratis/bdaade3c-0733-45ca-8236-8fd04f33eac3 has been successfully formatted.
2025-07-02 18:45:21,692 [71a26ef2-e834-411c-97c5-a30c78105e8f-groupManagement] INFO  ratis.ContainerStateMachine (ContainerStateMachine.java:initialize(339)) - 71a26ef2-e834-411c-97c5-a30c78105e8f: initialize group-8FD04F33EAC3
2025-07-02 18:45:21,692 [71a26ef2-e834-411c-97c5-a30c78105e8f-groupManagement] INFO  ratis.ContainerStateMachine (ContainerStateMachine.java:loadSnapshot(347)) - group-8FD04F33EAC3: The snapshot info is null. Setting the last applied index to:<INITIAL_VALUE>
2025-07-02 18:45:21,692 [71a26ef2-e834-411c-97c5-a30c78105e8f-groupManagement] INFO  server.RaftServerConfigKeys (ConfUtils.java:logGet(62)) - raft.server.log.appender.buffer.byte-limit = 33554432 (custom)
2025-07-02 18:45:21,694 [9eb5a351-9325-4150-9d0a-de2b7d27d48d-groupManagement] INFO  server.RaftServerConfigKeys (ConfUtils.java:logGet(62)) - raft.server.log.write.buffer.size = 33554440 (custom)
2025-07-02 18:45:21,699 [71a26ef2-e834-411c-97c5-a30c78105e8f-groupManagement] INFO  server.RaftServerConfigKeys (ConfUtils.java:logGet(62)) - raft.server.log.segment.size.max = 67108864 (custom)
2025-07-02 18:45:21,699 [71a26ef2-e834-411c-97c5-a30c78105e8f-groupManagement] INFO  server.RaftServerConfigKeys (ConfUtils.java:logGet(62)) - raft.server.log.appender.buffer.byte-limit = 33554432 (custom)
2025-07-02 18:45:21,700 [4114dace-2331-46e8-9bd0-01e36750a673@group-BC9AD7F74B25-StateMachineUpdater] INFO  server.RaftServer$Division (LeaderStateImpl.java:checkStartIndex(309)) - Leader 4114dace-2331-46e8-9bd0-01e36750a673@group-BC9AD7F74B25-LeaderStateImpl is ready since appliedIndex == startIndex == 0
2025-07-02 18:45:21,700 [4114dace-2331-46e8-9bd0-01e36750a673@group-BC9AD7F74B25-StateMachineUpdater] INFO  ratis.ContainerStateMachine (ContainerStateMachine.java:takeSnapshot(427)) - group-BC9AD7F74B25: Taking a snapshot at:(t:1, i:0) file /home/runner/work/ozone/ozone/hadoop-ozone/integration-test/target/test-dir/MiniOzoneClusterImpl-b7e00dfa-d3b8-45cf-9d3a-2bd5fdfebf54/ozone-meta/datanode-6/ratis/5e6ba405-497c-4a06-b329-bc9ad7f74b25/sm/snapshot.1_0
2025-07-02 18:45:21,702 [4114dace-2331-46e8-9bd0-01e36750a673@group-BC9AD7F74B25-StateMachineUpdater] INFO  ratis.ContainerStateMachine (ContainerStateMachine.java:takeSnapshot(436)) - group-BC9AD7F74B25: Finished taking a snapshot at:(t:1, i:0) file:/home/runner/work/ozone/ozone/hadoop-ozone/integration-test/target/test-dir/MiniOzoneClusterImpl-b7e00dfa-d3b8-45cf-9d3a-2bd5fdfebf54/ozone-meta/datanode-6/ratis/5e6ba405-497c-4a06-b329-bc9ad7f74b25/sm/snapshot.1_0 took: 2 ms
2025-07-02 18:45:21,702 [4114dace-2331-46e8-9bd0-01e36750a673@group-BC9AD7F74B25-StateMachineUpdater] INFO  impl.StateMachineUpdater (StateMachineUpdater.java:takeSnapshot(307)) - 4114dace-2331-46e8-9bd0-01e36750a673@group-BC9AD7F74B25-StateMachineUpdater: Took a snapshot at index 0
2025-07-02 18:45:21,702 [4114dace-2331-46e8-9bd0-01e36750a673@group-BC9AD7F74B25-StateMachineUpdater] INFO  impl.StateMachineUpdater (StateMachineUpdater.java:lambda$new$0(101)) - 4114dace-2331-46e8-9bd0-01e36750a673@group-BC9AD7F74B25-StateMachineUpdater: snapshotIndex: updateIncreasingly -1 -> 0
2025-07-02 18:45:21,707 [9eb5a351-9325-4150-9d0a-de2b7d27d48d-groupManagement] INFO  server.RaftServerConfigKeys (ConfUtils.java:logGet(62)) - raft.server.log.appender.buffer.byte-limit = 33554432 (custom)
2025-07-02 18:45:21,708 [9eb5a351-9325-4150-9d0a-de2b7d27d48d-groupManagement] INFO  segmented.SegmentedRaftLogWorker (SegmentedRaftLogWorker.java:lambda$new$0(141)) - 9eb5a351-9325-4150-9d0a-de2b7d27d48d@group-15C382464225-SegmentedRaftLogWorker: flushIndex: setUnconditionally 0 -> -1
2025-07-02 18:45:21,708 [71a26ef2-e834-411c-97c5-a30c78105e8f-groupManagement] INFO  util.AwaitToRun (AwaitToRun.java:start(81)) - Thread[#1416,71a26ef2-e834-411c-97c5-a30c78105e8f@group-8FD04F33EAC3-cacheEviction-AwaitToRun,5,main] started
2025-07-02 18:45:21,708 [71a26ef2-e834-411c-97c5-a30c78105e8f-groupManagement] INFO  segmented.SegmentedRaftLogWorker (SegmentedRaftLogWorker.java:<init>(190)) - new 71a26ef2-e834-411c-97c5-a30c78105e8f@group-8FD04F33EAC3-SegmentedRaftLogWorker for RaftStorageImpl:Storage Directory /home/runner/work/ozone/ozone/hadoop-ozone/integration-test/target/test-dir/MiniOzoneClusterImpl-b7e00dfa-d3b8-45cf-9d3a-2bd5fdfebf54/ozone-meta/datanode-8/ratis/bdaade3c-0733-45ca-8236-8fd04f33eac3
2025-07-02 18:45:21,708 [71a26ef2-e834-411c-97c5-a30c78105e8f-groupManagement] INFO  server.RaftServerConfigKeys (ConfUtils.java:logGet(62)) - raft.server.log.queue.byte-limit = 4294967296 (custom)
2025-07-02 18:45:21,708 [71a26ef2-e834-411c-97c5-a30c78105e8f-groupManagement] INFO  server.RaftServerConfigKeys (ConfUtils.java:logGet(62)) - raft.server.log.segment.size.max = 67108864 (custom)
2025-07-02 18:45:21,708 [71a26ef2-e834-411c-97c5-a30c78105e8f-groupManagement] INFO  server.RaftServerConfigKeys (ConfUtils.java:logGet(62)) - raft.server.log.preallocated.size = 4194304 (custom)
2025-07-02 18:45:21,709 [71a26ef2-e834-411c-97c5-a30c78105e8f-groupManagement] INFO  server.RaftServerConfigKeys (ConfUtils.java:logGet(62)) - raft.server.log.write.buffer.size = 33554440 (custom)
2025-07-02 18:45:21,709 [9eb5a351-9325-4150-9d0a-de2b7d27d48d-groupManagement] INFO  segmented.SegmentedRaftLogWorker (SegmentedRaftLogWorker.java:lambda$new$0(141)) - 9eb5a351-9325-4150-9d0a-de2b7d27d48d@group-15C382464225-SegmentedRaftLogWorker: safeCacheEvictIndex: setUnconditionally 0 -> -1
2025-07-02 18:45:21,711 [9eb5a351-9325-4150-9d0a-de2b7d27d48d-groupManagement] INFO  server.RaftServer$Division (RaftServerImpl.java:start(405)) - 9eb5a351-9325-4150-9d0a-de2b7d27d48d@group-15C382464225: start as a follower, conf=conf: {index: -1, cur=peers:[9eb5a351-9325-4150-9d0a-de2b7d27d48d|127.0.0.1:15079]|listeners:[], old=null}
2025-07-02 18:45:21,711 [9eb5a351-9325-4150-9d0a-de2b7d27d48d-groupManagement] INFO  server.RaftServer$Division (RaftServerImpl.java:setRole(392)) - 9eb5a351-9325-4150-9d0a-de2b7d27d48d@group-15C382464225: changes role from      null to FOLLOWER at term 0 for startAsFollower
2025-07-02 18:45:21,711 [9eb5a351-9325-4150-9d0a-de2b7d27d48d-groupManagement] INFO  impl.RoleInfo (RoleInfo.java:updateAndGet(148)) - 9eb5a351-9325-4150-9d0a-de2b7d27d48d: start 9eb5a351-9325-4150-9d0a-de2b7d27d48d@group-15C382464225-FollowerState
2025-07-02 18:45:21,713 [9eb5a351-9325-4150-9d0a-de2b7d27d48d-groupManagement] INFO  util.JmxRegister (JmxRegister.java:tryRegister(44)) - Successfully registered JMX Bean with object name Ratis:service=RaftServer,group=group-15C382464225,id=9eb5a351-9325-4150-9d0a-de2b7d27d48d
2025-07-02 18:45:21,713 [9eb5a351-9325-4150-9d0a-de2b7d27d48d-groupManagement] INFO  util.JmxRegister (JmxRegister.java:register(58)) - register mxBean class org.apache.ratis.server.impl.RaftServerJmxAdapter as Ratis:service=RaftServer,group=group-15C382464225,id=9eb5a351-9325-4150-9d0a-de2b7d27d48d
2025-07-02 18:45:21,715 [9eb5a351-9325-4150-9d0a-de2b7d27d48d-groupManagement] INFO  server.RaftServer$Division (RaftServerImpl.java:start(419)) - 9eb5a351-9325-4150-9d0a-de2b7d27d48d@group-15C382464225: Successfully started.
2025-07-02 18:45:21,716 [9eb5a351-9325-4150-9d0a-de2b7d27d48d-groupManagement] INFO  server.RaftServerConfigKeys (ConfUtils.java:logGet(62)) - raft.server.storage.dir = [/home/runner/work/ozone/ozone/hadoop-ozone/integration-test/target/test-dir/MiniOzoneClusterImpl-b7e00dfa-d3b8-45cf-9d3a-2bd5fdfebf54/ozone-meta/datanode-9/ratis] (custom)
2025-07-02 18:45:21,716 [9eb5a351-9325-4150-9d0a-de2b7d27d48d-groupManagement] INFO  storage.RaftStorageDirectory (RaftStorageDirectoryImpl.java:analyzeStorage(138)) - The storage directory /home/runner/work/ozone/ozone/hadoop-ozone/integration-test/target/test-dir/MiniOzoneClusterImpl-b7e00dfa-d3b8-45cf-9d3a-2bd5fdfebf54/ozone-meta/datanode-9/ratis/bdaade3c-0733-45ca-8236-8fd04f33eac3 does not exist. Creating ...
2025-07-02 18:45:21,716 [9eb5a351-9325-4150-9d0a-de2b7d27d48d-PipelineCommandHandlerThread-0] INFO  ratis.XceiverServerRatis (XceiverServerRatis.java:addGroup(843)) - Created group Pipeline-8058e73d-1ae8-41f1-903b-15c382464225
2025-07-02 18:45:21,716 [9eb5a351-9325-4150-9d0a-de2b7d27d48d-PipelineCommandHandlerThread-0] INFO  commandhandler.CreatePipelineCommandHandler (CreatePipelineCommandHandler.java:lambda$handle$2(127)) - Created Pipeline RATIS ONE Pipeline-8058e73d-1ae8-41f1-903b-15c382464225.
2025-07-02 18:45:21,720 [9eb5a351-9325-4150-9d0a-de2b7d27d48d-groupManagement] INFO  storage.RaftStorageDirectory (RaftStorageDirectoryImpl.java:tryLock(229)) - Lock on /home/runner/work/ozone/ozone/hadoop-ozone/integration-test/target/test-dir/MiniOzoneClusterImpl-b7e00dfa-d3b8-45cf-9d3a-2bd5fdfebf54/ozone-meta/datanode-9/ratis/bdaade3c-0733-45ca-8236-8fd04f33eac3/in_use.lock acquired by nodename 44808@localhost
2025-07-02 18:45:21,721 [71a26ef2-e834-411c-97c5-a30c78105e8f-groupManagement] INFO  server.RaftServerConfigKeys (ConfUtils.java:logGet(62)) - raft.server.log.appender.buffer.byte-limit = 33554432 (custom)
2025-07-02 18:45:21,723 [71a26ef2-e834-411c-97c5-a30c78105e8f-groupManagement] INFO  segmented.SegmentedRaftLogWorker (SegmentedRaftLogWorker.java:lambda$new$0(141)) - 71a26ef2-e834-411c-97c5-a30c78105e8f@group-8FD04F33EAC3-SegmentedRaftLogWorker: flushIndex: setUnconditionally 0 -> -1
2025-07-02 18:45:21,723 [71a26ef2-e834-411c-97c5-a30c78105e8f-groupManagement] INFO  segmented.SegmentedRaftLogWorker (SegmentedRaftLogWorker.java:lambda$new$0(141)) - 71a26ef2-e834-411c-97c5-a30c78105e8f@group-8FD04F33EAC3-SegmentedRaftLogWorker: safeCacheEvictIndex: setUnconditionally 0 -> -1
2025-07-02 18:45:21,724 [9eb5a351-9325-4150-9d0a-de2b7d27d48d-groupManagement] INFO  storage.RaftStorage (RaftStorageImpl.java:format(98)) - Storage directory /home/runner/work/ozone/ozone/hadoop-ozone/integration-test/target/test-dir/MiniOzoneClusterImpl-b7e00dfa-d3b8-45cf-9d3a-2bd5fdfebf54/ozone-meta/datanode-9/ratis/bdaade3c-0733-45ca-8236-8fd04f33eac3 has been successfully formatted.
2025-07-02 18:45:21,724 [9eb5a351-9325-4150-9d0a-de2b7d27d48d-groupManagement] INFO  ratis.ContainerStateMachine (ContainerStateMachine.java:initialize(339)) - 9eb5a351-9325-4150-9d0a-de2b7d27d48d: initialize group-8FD04F33EAC3
2025-07-02 18:45:21,725 [9eb5a351-9325-4150-9d0a-de2b7d27d48d-groupManagement] INFO  ratis.ContainerStateMachine (ContainerStateMachine.java:loadSnapshot(347)) - group-8FD04F33EAC3: The snapshot info is null. Setting the last applied index to:<INITIAL_VALUE>
2025-07-02 18:45:21,725 [9eb5a351-9325-4150-9d0a-de2b7d27d48d-groupManagement] INFO  server.RaftServerConfigKeys (ConfUtils.java:logGet(62)) - raft.server.log.appender.buffer.byte-limit = 33554432 (custom)
2025-07-02 18:45:21,725 [71a26ef2-e834-411c-97c5-a30c78105e8f-groupManagement] INFO  server.RaftServer$Division (RaftServerImpl.java:start(405)) - 71a26ef2-e834-411c-97c5-a30c78105e8f@group-8FD04F33EAC3: start as a follower, conf=conf: {index: -1, cur=peers:[9eb5a351-9325-4150-9d0a-de2b7d27d48d|127.0.0.1:15079, 71a26ef2-e834-411c-97c5-a30c78105e8f|127.0.0.1:15071, 92aeff0d-b8ac-4e9e-9ba6-1724c63a8401|127.0.0.1:15063]|listeners:[], old=null}
2025-07-02 18:45:21,725 [71a26ef2-e834-411c-97c5-a30c78105e8f-groupManagement] INFO  server.RaftServer$Division (RaftServerImpl.java:setRole(392)) - 71a26ef2-e834-411c-97c5-a30c78105e8f@group-8FD04F33EAC3: changes role from      null to FOLLOWER at term 0 for startAsFollower
2025-07-02 18:45:21,725 [71a26ef2-e834-411c-97c5-a30c78105e8f-groupManagement] INFO  impl.RoleInfo (RoleInfo.java:updateAndGet(148)) - 71a26ef2-e834-411c-97c5-a30c78105e8f: start 71a26ef2-e834-411c-97c5-a30c78105e8f@group-8FD04F33EAC3-FollowerState
2025-07-02 18:45:21,727 [71a26ef2-e834-411c-97c5-a30c78105e8f-groupManagement] INFO  util.JmxRegister (JmxRegister.java:tryRegister(44)) - Successfully registered JMX Bean with object name Ratis:service=RaftServer,group=group-8FD04F33EAC3,id=71a26ef2-e834-411c-97c5-a30c78105e8f
2025-07-02 18:45:21,728 [71a26ef2-e834-411c-97c5-a30c78105e8f-groupManagement] INFO  util.JmxRegister (JmxRegister.java:register(58)) - register mxBean class org.apache.ratis.server.impl.RaftServerJmxAdapter as Ratis:service=RaftServer,group=group-8FD04F33EAC3,id=71a26ef2-e834-411c-97c5-a30c78105e8f
2025-07-02 18:45:21,729 [9eb5a351-9325-4150-9d0a-de2b7d27d48d-groupManagement] INFO  server.RaftServerConfigKeys (ConfUtils.java:logGet(62)) - raft.server.log.segment.size.max = 67108864 (custom)
2025-07-02 18:45:21,730 [9eb5a351-9325-4150-9d0a-de2b7d27d48d-groupManagement] INFO  server.RaftServerConfigKeys (ConfUtils.java:logGet(62)) - raft.server.log.appender.buffer.byte-limit = 33554432 (custom)
2025-07-02 18:45:21,730 [71a26ef2-e834-411c-97c5-a30c78105e8f-groupManagement] INFO  server.RaftServer$Division (RaftServerImpl.java:start(419)) - 71a26ef2-e834-411c-97c5-a30c78105e8f@group-8FD04F33EAC3: Successfully started.
2025-07-02 18:45:21,730 [9eb5a351-9325-4150-9d0a-de2b7d27d48d-groupManagement] INFO  util.AwaitToRun (AwaitToRun.java:start(81)) - Thread[#1423,9eb5a351-9325-4150-9d0a-de2b7d27d48d@group-8FD04F33EAC3-cacheEviction-AwaitToRun,5,main] started
2025-07-02 18:45:21,731 [9eb5a351-9325-4150-9d0a-de2b7d27d48d-groupManagement] INFO  segmented.SegmentedRaftLogWorker (SegmentedRaftLogWorker.java:<init>(190)) - new 9eb5a351-9325-4150-9d0a-de2b7d27d48d@group-8FD04F33EAC3-SegmentedRaftLogWorker for RaftStorageImpl:Storage Directory /home/runner/work/ozone/ozone/hadoop-ozone/integration-test/target/test-dir/MiniOzoneClusterImpl-b7e00dfa-d3b8-45cf-9d3a-2bd5fdfebf54/ozone-meta/datanode-9/ratis/bdaade3c-0733-45ca-8236-8fd04f33eac3
2025-07-02 18:45:21,731 [9eb5a351-9325-4150-9d0a-de2b7d27d48d-groupManagement] INFO  server.RaftServerConfigKeys (ConfUtils.java:logGet(62)) - raft.server.log.queue.byte-limit = 4294967296 (custom)
2025-07-02 18:45:21,731 [9eb5a351-9325-4150-9d0a-de2b7d27d48d-groupManagement] INFO  server.RaftServerConfigKeys (ConfUtils.java:logGet(62)) - raft.server.log.segment.size.max = 67108864 (custom)
2025-07-02 18:45:21,731 [9eb5a351-9325-4150-9d0a-de2b7d27d48d-groupManagement] INFO  server.RaftServerConfigKeys (ConfUtils.java:logGet(62)) - raft.server.log.preallocated.size = 4194304 (custom)
2025-07-02 18:45:21,731 [9eb5a351-9325-4150-9d0a-de2b7d27d48d-groupManagement] INFO  server.RaftServerConfigKeys (ConfUtils.java:logGet(62)) - raft.server.log.write.buffer.size = 33554440 (custom)
2025-07-02 18:45:21,732 [71a26ef2-e834-411c-97c5-a30c78105e8f-PipelineCommandHandlerThread-0] INFO  ratis.XceiverServerRatis (XceiverServerRatis.java:addGroup(843)) - Created group Pipeline-bdaade3c-0733-45ca-8236-8fd04f33eac3
2025-07-02 18:45:21,740 [9eb5a351-9325-4150-9d0a-de2b7d27d48d-groupManagement] INFO  server.RaftServerConfigKeys (ConfUtils.java:logGet(62)) - raft.server.log.appender.buffer.byte-limit = 33554432 (custom)
2025-07-02 18:45:21,741 [9eb5a351-9325-4150-9d0a-de2b7d27d48d-groupManagement] INFO  segmented.SegmentedRaftLogWorker (SegmentedRaftLogWorker.java:lambda$new$0(141)) - 9eb5a351-9325-4150-9d0a-de2b7d27d48d@group-8FD04F33EAC3-SegmentedRaftLogWorker: flushIndex: setUnconditionally 0 -> -1
2025-07-02 18:45:21,741 [9eb5a351-9325-4150-9d0a-de2b7d27d48d-groupManagement] INFO  segmented.SegmentedRaftLogWorker (SegmentedRaftLogWorker.java:lambda$new$0(141)) - 9eb5a351-9325-4150-9d0a-de2b7d27d48d@group-8FD04F33EAC3-SegmentedRaftLogWorker: safeCacheEvictIndex: setUnconditionally 0 -> -1
2025-07-02 18:45:21,742 [9eb5a351-9325-4150-9d0a-de2b7d27d48d-groupManagement] INFO  server.RaftServer$Division (RaftServerImpl.java:start(405)) - 9eb5a351-9325-4150-9d0a-de2b7d27d48d@group-8FD04F33EAC3: start as a follower, conf=conf: {index: -1, cur=peers:[9eb5a351-9325-4150-9d0a-de2b7d27d48d|127.0.0.1:15079, 71a26ef2-e834-411c-97c5-a30c78105e8f|127.0.0.1:15071, 92aeff0d-b8ac-4e9e-9ba6-1724c63a8401|127.0.0.1:15063]|listeners:[], old=null}
2025-07-02 18:45:21,744 [9eb5a351-9325-4150-9d0a-de2b7d27d48d-groupManagement] INFO  server.RaftServer$Division (RaftServerImpl.java:setRole(392)) - 9eb5a351-9325-4150-9d0a-de2b7d27d48d@group-8FD04F33EAC3: changes role from      null to FOLLOWER at term 0 for startAsFollower
2025-07-02 18:45:21,744 [9eb5a351-9325-4150-9d0a-de2b7d27d48d-groupManagement] INFO  impl.RoleInfo (RoleInfo.java:updateAndGet(148)) - 9eb5a351-9325-4150-9d0a-de2b7d27d48d: start 9eb5a351-9325-4150-9d0a-de2b7d27d48d@group-8FD04F33EAC3-FollowerState
2025-07-02 18:45:21,744 [9eb5a351-9325-4150-9d0a-de2b7d27d48d-groupManagement] INFO  util.JmxRegister (JmxRegister.java:tryRegister(44)) - Successfully registered JMX Bean with object name Ratis:service=RaftServer,group=group-8FD04F33EAC3,id=9eb5a351-9325-4150-9d0a-de2b7d27d48d
2025-07-02 18:45:21,744 [9eb5a351-9325-4150-9d0a-de2b7d27d48d-groupManagement] INFO  util.JmxRegister (JmxRegister.java:register(58)) - register mxBean class org.apache.ratis.server.impl.RaftServerJmxAdapter as Ratis:service=RaftServer,group=group-8FD04F33EAC3,id=9eb5a351-9325-4150-9d0a-de2b7d27d48d
2025-07-02 18:45:21,747 [9eb5a351-9325-4150-9d0a-de2b7d27d48d-groupManagement] INFO  server.RaftServer$Division (RaftServerImpl.java:start(419)) - 9eb5a351-9325-4150-9d0a-de2b7d27d48d@group-8FD04F33EAC3: Successfully started.
2025-07-02 18:45:21,765 [f74b8a39-8cc1-4de2-93c6-02015e72cd55-PipelineCommandHandlerThread-0] INFO  server.RaftServer (RaftServerProxy.java:addNew(105)) - f74b8a39-8cc1-4de2-93c6-02015e72cd55: addNew group-1A6A497D59C1:[f74b8a39-8cc1-4de2-93c6-02015e72cd55|127.0.0.1:15087] returns group-1A6A497D59C1:java.util.concurrent.CompletableFuture@547f9ba5[Not completed]
2025-07-02 18:45:21,771 [grpc-default-executor-4] WARN  server.GrpcAdminProtocolService (GrpcAdminProtocolService.java:lambda$groupManagement$1(53)) - Failed groupManagement: GROUPADD, GroupManagementRequest:client-34A75A297CC2->9eb5a351-9325-4150-9d0a-de2b7d27d48d@group-8FD04F33EAC3, cid=18, seq=null, RW, null, Add:group-8FD04F33EAC3:[9eb5a351-9325-4150-9d0a-de2b7d27d48d|127.0.0.1:15079, 71a26ef2-e834-411c-97c5-a30c78105e8f|127.0.0.1:15071, 92aeff0d-b8ac-4e9e-9ba6-1724c63a8401|127.0.0.1:15063]
java.util.concurrent.CompletionException: org.apache.ratis.protocol.exceptions.AlreadyExistsException: 9eb5a351-9325-4150-9d0a-de2b7d27d48d: Failed to add group-8FD04F33EAC3:[9eb5a351-9325-4150-9d0a-de2b7d27d48d|127.0.0.1:15079, 71a26ef2-e834-411c-97c5-a30c78105e8f|127.0.0.1:15071, 92aeff0d-b8ac-4e9e-9ba6-1724c63a8401|127.0.0.1:15063] since the group already exists in the map.
	at java.base/java.util.concurrent.CompletableFuture.encodeThrowable(CompletableFuture.java:332)
	at java.base/java.util.concurrent.CompletableFuture.uniApplyNow(CompletableFuture.java:674)
	at java.base/java.util.concurrent.CompletableFuture.uniApplyStage(CompletableFuture.java:662)
	at java.base/java.util.concurrent.CompletableFuture.thenApplyAsync(CompletableFuture.java:2210)
	at org.apache.ratis.server.impl.RaftServerProxy.groupAddAsync(RaftServerProxy.java:513)
	at org.apache.ratis.server.impl.RaftServerProxy.groupManagementAsync(RaftServerProxy.java:495)
	at org.apache.ratis.grpc.server.GrpcAdminProtocolService.lambda$groupManagement$0(GrpcAdminProtocolService.java:51)
	at org.apache.ratis.grpc.GrpcUtil.asyncCall(GrpcUtil.java:172)
	at org.apache.ratis.grpc.server.GrpcAdminProtocolService.groupManagement(GrpcAdminProtocolService.java:51)
	at org.apache.ratis.proto.grpc.AdminProtocolServiceGrpc$MethodHandlers.invoke(AdminProtocolServiceGrpc.java:701)
	at org.apache.ratis.thirdparty.io.grpc.stub.ServerCalls$UnaryServerCallHandler$UnaryServerCallListener.onHalfClose(ServerCalls.java:182)
	at org.apache.ratis.thirdparty.io.grpc.internal.ServerCallImpl$ServerStreamListenerImpl.halfClosed(ServerCallImpl.java:356)
	at org.apache.ratis.thirdparty.io.grpc.internal.ServerImpl$JumpToApplicationThreadServerStreamListener$1HalfClosed.runInContext(ServerImpl.java:861)
	at org.apache.ratis.thirdparty.io.grpc.internal.ContextRunnable.run(ContextRunnable.java:37)
	at org.apache.ratis.thirdparty.io.grpc.internal.SerializingExecutor.run(SerializingExecutor.java:133)
	at java.base/java.util.concurrent.ThreadPoolExecutor.runWorker(ThreadPoolExecutor.java:1144)
	at java.base/java.util.concurrent.ThreadPoolExecutor$Worker.run(ThreadPoolExecutor.java:642)
	at java.base/java.lang.Thread.run(Thread.java:1583)
Caused by: org.apache.ratis.protocol.exceptions.AlreadyExistsException: 9eb5a351-9325-4150-9d0a-de2b7d27d48d: Failed to add group-8FD04F33EAC3:[9eb5a351-9325-4150-9d0a-de2b7d27d48d|127.0.0.1:15079, 71a26ef2-e834-411c-97c5-a30c78105e8f|127.0.0.1:15071, 92aeff0d-b8ac-4e9e-9ba6-1724c63a8401|127.0.0.1:15063] since the group already exists in the map.
	at org.apache.ratis.server.impl.RaftServerProxy$ImplMap.addNew(RaftServerProxy.java:99)
	at org.apache.ratis.server.impl.RaftServerProxy.groupAddAsync(RaftServerProxy.java:512)
	... 13 more
2025-07-02 18:45:21,774 [f74b8a39-8cc1-4de2-93c6-02015e72cd55-groupManagement] WARN  statemachine.DatanodeConfiguration (DatanodeConfiguration.java:validateMinFreeSpace(751)) - hdds.datanode.volume.min.free.space.percent = -1.0 is invalid, should be between 0 and 1
2025-07-02 18:45:21,774 [f74b8a39-8cc1-4de2-93c6-02015e72cd55-groupManagement] INFO  server.RaftServer$Division (RaftServerImpl.java:<init>(268)) - f74b8a39-8cc1-4de2-93c6-02015e72cd55: new RaftServerImpl for group-1A6A497D59C1:[f74b8a39-8cc1-4de2-93c6-02015e72cd55|127.0.0.1:15087] with ContainerStateMachine:uninitialized
2025-07-02 18:45:21,775 [f74b8a39-8cc1-4de2-93c6-02015e72cd55-groupManagement] INFO  server.RaftServer$Division (ServerState.java:<init>(114)) - f74b8a39-8cc1-4de2-93c6-02015e72cd55@group-1A6A497D59C1: ConfigurationManager, init=conf: {index: -1, cur=peers:[f74b8a39-8cc1-4de2-93c6-02015e72cd55|127.0.0.1:15087]|listeners:[], old=null}, confs=<EMPTY_MAP>
2025-07-02 18:45:21,782 [f74b8a39-8cc1-4de2-93c6-02015e72cd55-groupManagement] INFO  server.RaftServerConfigKeys (ConfUtils.java:logGet(62)) - raft.server.storage.dir = [/home/runner/work/ozone/ozone/hadoop-ozone/integration-test/target/test-dir/MiniOzoneClusterImpl-b7e00dfa-d3b8-45cf-9d3a-2bd5fdfebf54/ozone-meta/datanode-10/ratis] (custom)
2025-07-02 18:45:21,782 [f74b8a39-8cc1-4de2-93c6-02015e72cd55-groupManagement] INFO  storage.RaftStorageDirectory (RaftStorageDirectoryImpl.java:analyzeStorage(138)) - The storage directory /home/runner/work/ozone/ozone/hadoop-ozone/integration-test/target/test-dir/MiniOzoneClusterImpl-b7e00dfa-d3b8-45cf-9d3a-2bd5fdfebf54/ozone-meta/datanode-10/ratis/f2672252-0062-4747-8508-1a6a497d59c1 does not exist. Creating ...
2025-07-02 18:45:21,784 [f74b8a39-8cc1-4de2-93c6-02015e72cd55-groupManagement] INFO  storage.RaftStorageDirectory (RaftStorageDirectoryImpl.java:tryLock(229)) - Lock on /home/runner/work/ozone/ozone/hadoop-ozone/integration-test/target/test-dir/MiniOzoneClusterImpl-b7e00dfa-d3b8-45cf-9d3a-2bd5fdfebf54/ozone-meta/datanode-10/ratis/f2672252-0062-4747-8508-1a6a497d59c1/in_use.lock acquired by nodename 44808@localhost
2025-07-02 18:45:21,788 [grpc-default-executor-4] WARN  server.GrpcAdminProtocolService (GrpcAdminProtocolService.java:lambda$groupManagement$1(53)) - Failed groupManagement: GROUPADD, GroupManagementRequest:client-26A959B43CE6->71a26ef2-e834-411c-97c5-a30c78105e8f@group-8FD04F33EAC3, cid=19, seq=null, RW, null, Add:group-8FD04F33EAC3:[9eb5a351-9325-4150-9d0a-de2b7d27d48d|127.0.0.1:15079, 71a26ef2-e834-411c-97c5-a30c78105e8f|127.0.0.1:15071, 92aeff0d-b8ac-4e9e-9ba6-1724c63a8401|127.0.0.1:15063]
java.util.concurrent.CompletionException: org.apache.ratis.protocol.exceptions.AlreadyExistsException: 71a26ef2-e834-411c-97c5-a30c78105e8f: Failed to add group-8FD04F33EAC3:[9eb5a351-9325-4150-9d0a-de2b7d27d48d|127.0.0.1:15079, 71a26ef2-e834-411c-97c5-a30c78105e8f|127.0.0.1:15071, 92aeff0d-b8ac-4e9e-9ba6-1724c63a8401|127.0.0.1:15063] since the group already exists in the map.
	at java.base/java.util.concurrent.CompletableFuture.encodeThrowable(CompletableFuture.java:332)
	at java.base/java.util.concurrent.CompletableFuture.uniApplyNow(CompletableFuture.java:674)
	at java.base/java.util.concurrent.CompletableFuture.uniApplyStage(CompletableFuture.java:662)
	at java.base/java.util.concurrent.CompletableFuture.thenApplyAsync(CompletableFuture.java:2210)
	at org.apache.ratis.server.impl.RaftServerProxy.groupAddAsync(RaftServerProxy.java:513)
	at org.apache.ratis.server.impl.RaftServerProxy.groupManagementAsync(RaftServerProxy.java:495)
	at org.apache.ratis.grpc.server.GrpcAdminProtocolService.lambda$groupManagement$0(GrpcAdminProtocolService.java:51)
	at org.apache.ratis.grpc.GrpcUtil.asyncCall(GrpcUtil.java:172)
	at org.apache.ratis.grpc.server.GrpcAdminProtocolService.groupManagement(GrpcAdminProtocolService.java:51)
	at org.apache.ratis.proto.grpc.AdminProtocolServiceGrpc$MethodHandlers.invoke(AdminProtocolServiceGrpc.java:701)
	at org.apache.ratis.thirdparty.io.grpc.stub.ServerCalls$UnaryServerCallHandler$UnaryServerCallListener.onHalfClose(ServerCalls.java:182)
	at org.apache.ratis.thirdparty.io.grpc.internal.ServerCallImpl$ServerStreamListenerImpl.halfClosed(ServerCallImpl.java:356)
	at org.apache.ratis.thirdparty.io.grpc.internal.ServerImpl$JumpToApplicationThreadServerStreamListener$1HalfClosed.runInContext(ServerImpl.java:861)
	at org.apache.ratis.thirdparty.io.grpc.internal.ContextRunnable.run(ContextRunnable.java:37)
	at org.apache.ratis.thirdparty.io.grpc.internal.SerializingExecutor.run(SerializingExecutor.java:133)
	at java.base/java.util.concurrent.ThreadPoolExecutor.runWorker(ThreadPoolExecutor.java:1144)
	at java.base/java.util.concurrent.ThreadPoolExecutor$Worker.run(ThreadPoolExecutor.java:642)
	at java.base/java.lang.Thread.run(Thread.java:1583)
Caused by: org.apache.ratis.protocol.exceptions.AlreadyExistsException: 71a26ef2-e834-411c-97c5-a30c78105e8f: Failed to add group-8FD04F33EAC3:[9eb5a351-9325-4150-9d0a-de2b7d27d48d|127.0.0.1:15079, 71a26ef2-e834-411c-97c5-a30c78105e8f|127.0.0.1:15071, 92aeff0d-b8ac-4e9e-9ba6-1724c63a8401|127.0.0.1:15063] since the group already exists in the map.
	at org.apache.ratis.server.impl.RaftServerProxy$ImplMap.addNew(RaftServerProxy.java:99)
	at org.apache.ratis.server.impl.RaftServerProxy.groupAddAsync(RaftServerProxy.java:512)
	... 13 more
2025-07-02 18:45:21,788 [f74b8a39-8cc1-4de2-93c6-02015e72cd55-groupManagement] INFO  storage.RaftStorage (RaftStorageImpl.java:format(98)) - Storage directory /home/runner/work/ozone/ozone/hadoop-ozone/integration-test/target/test-dir/MiniOzoneClusterImpl-b7e00dfa-d3b8-45cf-9d3a-2bd5fdfebf54/ozone-meta/datanode-10/ratis/f2672252-0062-4747-8508-1a6a497d59c1 has been successfully formatted.
2025-07-02 18:45:21,791 [f74b8a39-8cc1-4de2-93c6-02015e72cd55-groupManagement] INFO  ratis.ContainerStateMachine (ContainerStateMachine.java:initialize(339)) - f74b8a39-8cc1-4de2-93c6-02015e72cd55: initialize group-1A6A497D59C1
2025-07-02 18:45:21,792 [f74b8a39-8cc1-4de2-93c6-02015e72cd55-groupManagement] INFO  ratis.ContainerStateMachine (ContainerStateMachine.java:loadSnapshot(347)) - group-1A6A497D59C1: The snapshot info is null. Setting the last applied index to:<INITIAL_VALUE>
2025-07-02 18:45:21,792 [f74b8a39-8cc1-4de2-93c6-02015e72cd55-groupManagement] INFO  server.RaftServerConfigKeys (ConfUtils.java:logGet(62)) - raft.server.log.appender.buffer.byte-limit = 33554432 (custom)
2025-07-02 18:45:21,796 [f74b8a39-8cc1-4de2-93c6-02015e72cd55-groupManagement] INFO  server.RaftServerConfigKeys (ConfUtils.java:logGet(62)) - raft.server.log.segment.size.max = 67108864 (custom)
2025-07-02 18:45:21,797 [f74b8a39-8cc1-4de2-93c6-02015e72cd55-groupManagement] INFO  server.RaftServerConfigKeys (ConfUtils.java:logGet(62)) - raft.server.log.appender.buffer.byte-limit = 33554432 (custom)
2025-07-02 18:45:21,799 [EventQueue-PipelineReportForPipelineReportHandler] INFO  pipeline.PipelineReportHandler (PipelineReportHandler.java:processPipelineReport(134)) - Opened pipeline Pipeline-f2672252-0062-4747-8508-1a6a497d59c1
2025-07-02 18:45:21,801 [grpc-default-executor-4] WARN  server.GrpcAdminProtocolService (GrpcAdminProtocolService.java:lambda$groupManagement$1(53)) - Failed groupManagement: GROUPADD, GroupManagementRequest:client-68267687AB4B->92aeff0d-b8ac-4e9e-9ba6-1724c63a8401@group-8FD04F33EAC3, cid=20, seq=null, RW, null, Add:group-8FD04F33EAC3:[9eb5a351-9325-4150-9d0a-de2b7d27d48d|127.0.0.1:15079, 71a26ef2-e834-411c-97c5-a30c78105e8f|127.0.0.1:15071, 92aeff0d-b8ac-4e9e-9ba6-1724c63a8401|127.0.0.1:15063]
java.util.concurrent.CompletionException: org.apache.ratis.protocol.exceptions.AlreadyExistsException: 92aeff0d-b8ac-4e9e-9ba6-1724c63a8401: Failed to add group-8FD04F33EAC3:[9eb5a351-9325-4150-9d0a-de2b7d27d48d|127.0.0.1:15079, 71a26ef2-e834-411c-97c5-a30c78105e8f|127.0.0.1:15071, 92aeff0d-b8ac-4e9e-9ba6-1724c63a8401|127.0.0.1:15063] since the group already exists in the map.
	at java.base/java.util.concurrent.CompletableFuture.encodeThrowable(CompletableFuture.java:332)
	at java.base/java.util.concurrent.CompletableFuture.uniApplyNow(CompletableFuture.java:674)
	at java.base/java.util.concurrent.CompletableFuture.uniApplyStage(CompletableFuture.java:662)
	at java.base/java.util.concurrent.CompletableFuture.thenApplyAsync(CompletableFuture.java:2210)
	at org.apache.ratis.server.impl.RaftServerProxy.groupAddAsync(RaftServerProxy.java:513)
	at org.apache.ratis.server.impl.RaftServerProxy.groupManagementAsync(RaftServerProxy.java:495)
	at org.apache.ratis.grpc.server.GrpcAdminProtocolService.lambda$groupManagement$0(GrpcAdminProtocolService.java:51)
	at org.apache.ratis.grpc.GrpcUtil.asyncCall(GrpcUtil.java:172)
	at org.apache.ratis.grpc.server.GrpcAdminProtocolService.groupManagement(GrpcAdminProtocolService.java:51)
	at org.apache.ratis.proto.grpc.AdminProtocolServiceGrpc$MethodHandlers.invoke(AdminProtocolServiceGrpc.java:701)
	at org.apache.ratis.thirdparty.io.grpc.stub.ServerCalls$UnaryServerCallHandler$UnaryServerCallListener.onHalfClose(ServerCalls.java:182)
	at org.apache.ratis.thirdparty.io.grpc.internal.ServerCallImpl$ServerStreamListenerImpl.halfClosed(ServerCallImpl.java:356)
	at org.apache.ratis.thirdparty.io.grpc.internal.ServerImpl$JumpToApplicationThreadServerStreamListener$1HalfClosed.runInContext(ServerImpl.java:861)
	at org.apache.ratis.thirdparty.io.grpc.internal.ContextRunnable.run(ContextRunnable.java:37)
	at org.apache.ratis.thirdparty.io.grpc.internal.SerializingExecutor.run(SerializingExecutor.java:133)
	at java.base/java.util.concurrent.ThreadPoolExecutor.runWorker(ThreadPoolExecutor.java:1144)
	at java.base/java.util.concurrent.ThreadPoolExecutor$Worker.run(ThreadPoolExecutor.java:642)
	at java.base/java.lang.Thread.run(Thread.java:1583)
Caused by: org.apache.ratis.protocol.exceptions.AlreadyExistsException: 92aeff0d-b8ac-4e9e-9ba6-1724c63a8401: Failed to add group-8FD04F33EAC3:[9eb5a351-9325-4150-9d0a-de2b7d27d48d|127.0.0.1:15079, 71a26ef2-e834-411c-97c5-a30c78105e8f|127.0.0.1:15071, 92aeff0d-b8ac-4e9e-9ba6-1724c63a8401|127.0.0.1:15063] since the group already exists in the map.
	at org.apache.ratis.server.impl.RaftServerProxy$ImplMap.addNew(RaftServerProxy.java:99)
	at org.apache.ratis.server.impl.RaftServerProxy.groupAddAsync(RaftServerProxy.java:512)
	... 13 more
2025-07-02 18:45:21,802 [92aeff0d-b8ac-4e9e-9ba6-1724c63a8401-PipelineCommandHandlerThread-0] INFO  commandhandler.CreatePipelineCommandHandler (CreatePipelineCommandHandler.java:lambda$handle$2(127)) - Created Pipeline RATIS THREE Pipeline-bdaade3c-0733-45ca-8236-8fd04f33eac3.
2025-07-02 18:45:21,801 [f74b8a39-8cc1-4de2-93c6-02015e72cd55-groupManagement] INFO  util.AwaitToRun (AwaitToRun.java:start(81)) - Thread[#1437,f74b8a39-8cc1-4de2-93c6-02015e72cd55@group-1A6A497D59C1-cacheEviction-AwaitToRun,5,main] started
2025-07-02 18:45:21,803 [f74b8a39-8cc1-4de2-93c6-02015e72cd55-groupManagement] INFO  segmented.SegmentedRaftLogWorker (SegmentedRaftLogWorker.java:<init>(190)) - new f74b8a39-8cc1-4de2-93c6-02015e72cd55@group-1A6A497D59C1-SegmentedRaftLogWorker for RaftStorageImpl:Storage Directory /home/runner/work/ozone/ozone/hadoop-ozone/integration-test/target/test-dir/MiniOzoneClusterImpl-b7e00dfa-d3b8-45cf-9d3a-2bd5fdfebf54/ozone-meta/datanode-10/ratis/f2672252-0062-4747-8508-1a6a497d59c1
2025-07-02 18:45:21,803 [f74b8a39-8cc1-4de2-93c6-02015e72cd55-groupManagement] INFO  server.RaftServerConfigKeys (ConfUtils.java:logGet(62)) - raft.server.log.queue.byte-limit = 4294967296 (custom)
2025-07-02 18:45:21,803 [f74b8a39-8cc1-4de2-93c6-02015e72cd55-groupManagement] INFO  server.RaftServerConfigKeys (ConfUtils.java:logGet(62)) - raft.server.log.segment.size.max = 67108864 (custom)
2025-07-02 18:45:21,803 [f74b8a39-8cc1-4de2-93c6-02015e72cd55-groupManagement] INFO  server.RaftServerConfigKeys (ConfUtils.java:logGet(62)) - raft.server.log.preallocated.size = 4194304 (custom)
2025-07-02 18:45:21,803 [f74b8a39-8cc1-4de2-93c6-02015e72cd55-groupManagement] INFO  server.RaftServerConfigKeys (ConfUtils.java:logGet(62)) - raft.server.log.write.buffer.size = 33554440 (custom)
2025-07-02 18:45:21,809 [f74b8a39-8cc1-4de2-93c6-02015e72cd55-groupManagement] INFO  server.RaftServerConfigKeys (ConfUtils.java:logGet(62)) - raft.server.log.appender.buffer.byte-limit = 33554432 (custom)
2025-07-02 18:45:21,810 [f74b8a39-8cc1-4de2-93c6-02015e72cd55-groupManagement] INFO  segmented.SegmentedRaftLogWorker (SegmentedRaftLogWorker.java:lambda$new$0(141)) - f74b8a39-8cc1-4de2-93c6-02015e72cd55@group-1A6A497D59C1-SegmentedRaftLogWorker: flushIndex: setUnconditionally 0 -> -1
2025-07-02 18:45:21,811 [f74b8a39-8cc1-4de2-93c6-02015e72cd55-groupManagement] INFO  segmented.SegmentedRaftLogWorker (SegmentedRaftLogWorker.java:lambda$new$0(141)) - f74b8a39-8cc1-4de2-93c6-02015e72cd55@group-1A6A497D59C1-SegmentedRaftLogWorker: safeCacheEvictIndex: setUnconditionally 0 -> -1
2025-07-02 18:45:21,814 [71a26ef2-e834-411c-97c5-a30c78105e8f-PipelineCommandHandlerThread-0] INFO  commandhandler.CreatePipelineCommandHandler (CreatePipelineCommandHandler.java:lambda$handle$2(127)) - Created Pipeline RATIS THREE Pipeline-bdaade3c-0733-45ca-8236-8fd04f33eac3.
2025-07-02 18:45:21,814 [f74b8a39-8cc1-4de2-93c6-02015e72cd55-groupManagement] INFO  server.RaftServer$Division (RaftServerImpl.java:start(405)) - f74b8a39-8cc1-4de2-93c6-02015e72cd55@group-1A6A497D59C1: start as a follower, conf=conf: {index: -1, cur=peers:[f74b8a39-8cc1-4de2-93c6-02015e72cd55|127.0.0.1:15087]|listeners:[], old=null}
2025-07-02 18:45:21,815 [f74b8a39-8cc1-4de2-93c6-02015e72cd55-groupManagement] INFO  server.RaftServer$Division (RaftServerImpl.java:setRole(392)) - f74b8a39-8cc1-4de2-93c6-02015e72cd55@group-1A6A497D59C1: changes role from      null to FOLLOWER at term 0 for startAsFollower
2025-07-02 18:45:21,815 [f74b8a39-8cc1-4de2-93c6-02015e72cd55-groupManagement] INFO  impl.RoleInfo (RoleInfo.java:updateAndGet(148)) - f74b8a39-8cc1-4de2-93c6-02015e72cd55: start f74b8a39-8cc1-4de2-93c6-02015e72cd55@group-1A6A497D59C1-FollowerState
2025-07-02 18:45:21,816 [f74b8a39-8cc1-4de2-93c6-02015e72cd55-groupManagement] INFO  util.JmxRegister (JmxRegister.java:tryRegister(44)) - Successfully registered JMX Bean with object name Ratis:service=RaftServer,group=group-1A6A497D59C1,id=f74b8a39-8cc1-4de2-93c6-02015e72cd55
2025-07-02 18:45:21,817 [f74b8a39-8cc1-4de2-93c6-02015e72cd55-groupManagement] INFO  util.JmxRegister (JmxRegister.java:register(58)) - register mxBean class org.apache.ratis.server.impl.RaftServerJmxAdapter as Ratis:service=RaftServer,group=group-1A6A497D59C1,id=f74b8a39-8cc1-4de2-93c6-02015e72cd55
2025-07-02 18:45:21,820 [f74b8a39-8cc1-4de2-93c6-02015e72cd55-groupManagement] INFO  server.RaftServer$Division (RaftServerImpl.java:start(419)) - f74b8a39-8cc1-4de2-93c6-02015e72cd55@group-1A6A497D59C1: Successfully started.
2025-07-02 18:45:21,820 [f74b8a39-8cc1-4de2-93c6-02015e72cd55-PipelineCommandHandlerThread-0] INFO  ratis.XceiverServerRatis (XceiverServerRatis.java:addGroup(843)) - Created group Pipeline-f2672252-0062-4747-8508-1a6a497d59c1
2025-07-02 18:45:21,820 [f74b8a39-8cc1-4de2-93c6-02015e72cd55-PipelineCommandHandlerThread-0] INFO  commandhandler.CreatePipelineCommandHandler (CreatePipelineCommandHandler.java:lambda$handle$2(127)) - Created Pipeline RATIS ONE Pipeline-f2672252-0062-4747-8508-1a6a497d59c1.
2025-07-02 18:45:21,886 [c6c1c004-cb80-4a23-8b53-68ef0e0db17b@group-2699D49A5245-FollowerState] INFO  impl.FollowerState (FollowerState.java:runImpl(161)) - c6c1c004-cb80-4a23-8b53-68ef0e0db17b@group-2699D49A5245-FollowerState: change to CANDIDATE, lastRpcElapsedTime:1200403237ns, electionTimeout:1200ms
2025-07-02 18:45:21,886 [c6c1c004-cb80-4a23-8b53-68ef0e0db17b@group-2699D49A5245-FollowerState] INFO  impl.RoleInfo (RoleInfo.java:shutdownFollowerState(121)) - c6c1c004-cb80-4a23-8b53-68ef0e0db17b: shutdown c6c1c004-cb80-4a23-8b53-68ef0e0db17b@group-2699D49A5245-FollowerState
2025-07-02 18:45:21,886 [c6c1c004-cb80-4a23-8b53-68ef0e0db17b@group-2699D49A5245-FollowerState] INFO  server.RaftServer$Division (RaftServerImpl.java:setRole(392)) - c6c1c004-cb80-4a23-8b53-68ef0e0db17b@group-2699D49A5245: changes role from  FOLLOWER to CANDIDATE at term 0 for changeToCandidate
2025-07-02 18:45:21,886 [c6c1c004-cb80-4a23-8b53-68ef0e0db17b@group-2699D49A5245-FollowerState] INFO  impl.RoleInfo (RoleInfo.java:updateAndGet(148)) - c6c1c004-cb80-4a23-8b53-68ef0e0db17b: start c6c1c004-cb80-4a23-8b53-68ef0e0db17b@group-2699D49A5245-LeaderElection15
2025-07-02 18:45:21,886 [c6c1c004-cb80-4a23-8b53-68ef0e0db17b@group-2699D49A5245-LeaderElection15] INFO  impl.LeaderElection (LeaderElection.java:askForVotes(448)) - c6c1c004-cb80-4a23-8b53-68ef0e0db17b@group-2699D49A5245-LeaderElection15 PRE_VOTE round 0: submit vote requests at term 0 for conf: {index: -1, cur=peers:[c6c1c004-cb80-4a23-8b53-68ef0e0db17b|127.0.0.1:15047]|listeners:[], old=null}
2025-07-02 18:45:21,886 [c6c1c004-cb80-4a23-8b53-68ef0e0db17b@group-2699D49A5245-LeaderElection15] INFO  impl.LeaderElection (LeaderElection.java:askForVotes(450)) - c6c1c004-cb80-4a23-8b53-68ef0e0db17b@group-2699D49A5245-LeaderElection15 PRE_VOTE round 0: result PASSED (term=0)
2025-07-02 18:45:21,888 [c6c1c004-cb80-4a23-8b53-68ef0e0db17b@group-2699D49A5245-LeaderElection15] INFO  impl.LeaderElection (LeaderElection.java:askForVotes(448)) - c6c1c004-cb80-4a23-8b53-68ef0e0db17b@group-2699D49A5245-LeaderElection15 ELECTION round 0: submit vote requests at term 1 for conf: {index: -1, cur=peers:[c6c1c004-cb80-4a23-8b53-68ef0e0db17b|127.0.0.1:15047]|listeners:[], old=null}
2025-07-02 18:45:21,888 [c6c1c004-cb80-4a23-8b53-68ef0e0db17b@group-2699D49A5245-LeaderElection15] INFO  impl.LeaderElection (LeaderElection.java:askForVotes(450)) - c6c1c004-cb80-4a23-8b53-68ef0e0db17b@group-2699D49A5245-LeaderElection15 ELECTION round 0: result PASSED (term=1)
2025-07-02 18:45:21,888 [c6c1c004-cb80-4a23-8b53-68ef0e0db17b@group-2699D49A5245-LeaderElection15] INFO  impl.RoleInfo (RoleInfo.java:shutdownLeaderElection(141)) - c6c1c004-cb80-4a23-8b53-68ef0e0db17b: shutdown c6c1c004-cb80-4a23-8b53-68ef0e0db17b@group-2699D49A5245-LeaderElection15
2025-07-02 18:45:21,888 [c6c1c004-cb80-4a23-8b53-68ef0e0db17b@group-2699D49A5245-LeaderElection15] INFO  server.RaftServer$Division (RaftServerImpl.java:setRole(392)) - c6c1c004-cb80-4a23-8b53-68ef0e0db17b@group-2699D49A5245: changes role from CANDIDATE to LEADER at term 1 for changeToLeader
2025-07-02 18:45:21,889 [c6c1c004-cb80-4a23-8b53-68ef0e0db17b@group-2699D49A5245-LeaderElection15] INFO  server.RaftServerConfigKeys (ConfUtils.java:logFallback(69)) - raft.server.staging.timeout = 15600ms (fallback to raft.server.rpc.timeout.max)
2025-07-02 18:45:21,889 [c6c1c004-cb80-4a23-8b53-68ef0e0db17b@group-2699D49A5245-LeaderElection15] INFO  server.RaftServerConfigKeys (ConfUtils.java:logGet(62)) - raft.server.write.byte-limit = 1024 M (=1073741824) (custom)
2025-07-02 18:45:21,890 [c6c1c004-cb80-4a23-8b53-68ef0e0db17b@group-2699D49A5245-LeaderElection15] INFO  impl.RoleInfo (RoleInfo.java:updateAndGet(148)) - c6c1c004-cb80-4a23-8b53-68ef0e0db17b: start c6c1c004-cb80-4a23-8b53-68ef0e0db17b@group-2699D49A5245-LeaderStateImpl
2025-07-02 18:45:21,890 [c6c1c004-cb80-4a23-8b53-68ef0e0db17b@group-2699D49A5245-LeaderElection15] INFO  server.RaftServer$Division (RaftServerImpl.java:setFirstElection(576)) - c6c1c004-cb80-4a23-8b53-68ef0e0db17b@group-2699D49A5245: set firstElectionSinceStartup to false for becomeLeader
2025-07-02 18:45:21,890 [c6c1c004-cb80-4a23-8b53-68ef0e0db17b@group-2699D49A5245-LeaderElection15] INFO  ratis.XceiverServerRatis (XceiverServerRatis.java:handleLeaderChangedNotification(944)) - Leader change notification received for group: group-2699D49A5245 with new leaderId: c6c1c004-cb80-4a23-8b53-68ef0e0db17b
2025-07-02 18:45:21,891 [c6c1c004-cb80-4a23-8b53-68ef0e0db17b@group-2699D49A5245-LeaderElection15] INFO  server.RaftServer$Division (ServerState.java:setLeader(272)) - c6c1c004-cb80-4a23-8b53-68ef0e0db17b@group-2699D49A5245: change Leader from null to c6c1c004-cb80-4a23-8b53-68ef0e0db17b at term 1 for becomeLeader, leader elected after 1225ms
2025-07-02 18:45:21,891 [c6c1c004-cb80-4a23-8b53-68ef0e0db17b@group-2699D49A5245-LeaderElection15] INFO  segmented.SegmentedRaftLogWorker (SegmentedRaftLogWorker.java:startLogSegment(440)) - c6c1c004-cb80-4a23-8b53-68ef0e0db17b@group-2699D49A5245-SegmentedRaftLogWorker: Starting segment from index:0
2025-07-02 18:45:21,892 [c6c1c004-cb80-4a23-8b53-68ef0e0db17b@group-2699D49A5245-LeaderElection15] INFO  server.RaftServer$Division (ServerState.java:setRaftConf(386)) - c6c1c004-cb80-4a23-8b53-68ef0e0db17b@group-2699D49A5245: set configuration conf: {index: 0, cur=peers:[c6c1c004-cb80-4a23-8b53-68ef0e0db17b|127.0.0.1:15047]|listeners:[], old=null}
2025-07-02 18:45:21,894 [c6c1c004-cb80-4a23-8b53-68ef0e0db17b@group-2699D49A5245-SegmentedRaftLogWorker] INFO  segmented.BufferedWriteChannel (BufferedWriteChannel.java:open(61)) - open log_inprogress_0 at position 0
2025-07-02 18:45:21,907 [c6c1c004-cb80-4a23-8b53-68ef0e0db17b@group-2699D49A5245-SegmentedRaftLogWorker] INFO  segmented.SegmentedRaftLogWorker (SegmentedRaftLogWorker.java:execute(647)) - c6c1c004-cb80-4a23-8b53-68ef0e0db17b@group-2699D49A5245-SegmentedRaftLogWorker: created new log segment /home/runner/work/ozone/ozone/hadoop-ozone/integration-test/target/test-dir/MiniOzoneClusterImpl-b7e00dfa-d3b8-45cf-9d3a-2bd5fdfebf54/ozone-meta/datanode-5/ratis/87f42220-0f27-4781-8a18-2699d49a5245/current/log_inprogress_0
2025-07-02 18:45:21,910 [c6c1c004-cb80-4a23-8b53-68ef0e0db17b@group-2699D49A5245-StateMachineUpdater] INFO  server.RaftServer$Division (LeaderStateImpl.java:checkStartIndex(309)) - Leader c6c1c004-cb80-4a23-8b53-68ef0e0db17b@group-2699D49A5245-LeaderStateImpl is ready since appliedIndex == startIndex == 0
2025-07-02 18:45:21,911 [c6c1c004-cb80-4a23-8b53-68ef0e0db17b@group-2699D49A5245-StateMachineUpdater] INFO  ratis.ContainerStateMachine (ContainerStateMachine.java:takeSnapshot(427)) - group-2699D49A5245: Taking a snapshot at:(t:1, i:0) file /home/runner/work/ozone/ozone/hadoop-ozone/integration-test/target/test-dir/MiniOzoneClusterImpl-b7e00dfa-d3b8-45cf-9d3a-2bd5fdfebf54/ozone-meta/datanode-5/ratis/87f42220-0f27-4781-8a18-2699d49a5245/sm/snapshot.1_0
2025-07-02 18:45:21,912 [c6c1c004-cb80-4a23-8b53-68ef0e0db17b@group-2699D49A5245-StateMachineUpdater] INFO  ratis.ContainerStateMachine (ContainerStateMachine.java:takeSnapshot(436)) - group-2699D49A5245: Finished taking a snapshot at:(t:1, i:0) file:/home/runner/work/ozone/ozone/hadoop-ozone/integration-test/target/test-dir/MiniOzoneClusterImpl-b7e00dfa-d3b8-45cf-9d3a-2bd5fdfebf54/ozone-meta/datanode-5/ratis/87f42220-0f27-4781-8a18-2699d49a5245/sm/snapshot.1_0 took: 2 ms
2025-07-02 18:45:21,912 [c6c1c004-cb80-4a23-8b53-68ef0e0db17b@group-2699D49A5245-StateMachineUpdater] INFO  impl.StateMachineUpdater (StateMachineUpdater.java:takeSnapshot(307)) - c6c1c004-cb80-4a23-8b53-68ef0e0db17b@group-2699D49A5245-StateMachineUpdater: Took a snapshot at index 0
2025-07-02 18:45:21,912 [c6c1c004-cb80-4a23-8b53-68ef0e0db17b@group-2699D49A5245-StateMachineUpdater] INFO  impl.StateMachineUpdater (StateMachineUpdater.java:lambda$new$0(101)) - c6c1c004-cb80-4a23-8b53-68ef0e0db17b@group-2699D49A5245-StateMachineUpdater: snapshotIndex: updateIncreasingly -1 -> 0
2025-07-02 18:45:22,025 [4114dace-2331-46e8-9bd0-01e36750a673@group-3EE6F51C8C50-FollowerState] INFO  impl.FollowerState (FollowerState.java:runImpl(161)) - 4114dace-2331-46e8-9bd0-01e36750a673@group-3EE6F51C8C50-FollowerState: change to CANDIDATE, lastRpcElapsedTime:1100186737ns, electionTimeout:1099ms
2025-07-02 18:45:22,026 [4114dace-2331-46e8-9bd0-01e36750a673@group-3EE6F51C8C50-FollowerState] INFO  impl.RoleInfo (RoleInfo.java:shutdownFollowerState(121)) - 4114dace-2331-46e8-9bd0-01e36750a673: shutdown 4114dace-2331-46e8-9bd0-01e36750a673@group-3EE6F51C8C50-FollowerState
2025-07-02 18:45:22,026 [4114dace-2331-46e8-9bd0-01e36750a673@group-3EE6F51C8C50-FollowerState] INFO  server.RaftServer$Division (RaftServerImpl.java:setRole(392)) - 4114dace-2331-46e8-9bd0-01e36750a673@group-3EE6F51C8C50: changes role from  FOLLOWER to CANDIDATE at term 0 for changeToCandidate
2025-07-02 18:45:22,026 [4114dace-2331-46e8-9bd0-01e36750a673@group-3EE6F51C8C50-FollowerState] INFO  impl.RoleInfo (RoleInfo.java:updateAndGet(148)) - 4114dace-2331-46e8-9bd0-01e36750a673: start 4114dace-2331-46e8-9bd0-01e36750a673@group-3EE6F51C8C50-LeaderElection16
2025-07-02 18:45:22,027 [4114dace-2331-46e8-9bd0-01e36750a673@group-3EE6F51C8C50-LeaderElection16] INFO  impl.LeaderElection (LeaderElection.java:askForVotes(448)) - 4114dace-2331-46e8-9bd0-01e36750a673@group-3EE6F51C8C50-LeaderElection16 PRE_VOTE round 0: submit vote requests at term 0 for conf: {index: -1, cur=peers:[4114dace-2331-46e8-9bd0-01e36750a673|127.0.0.1:15055]|listeners:[], old=null}
2025-07-02 18:45:22,027 [4114dace-2331-46e8-9bd0-01e36750a673@group-3EE6F51C8C50-LeaderElection16] INFO  impl.LeaderElection (LeaderElection.java:askForVotes(450)) - 4114dace-2331-46e8-9bd0-01e36750a673@group-3EE6F51C8C50-LeaderElection16 PRE_VOTE round 0: result PASSED (term=0)
2025-07-02 18:45:22,028 [4114dace-2331-46e8-9bd0-01e36750a673@group-3EE6F51C8C50-LeaderElection16] INFO  impl.LeaderElection (LeaderElection.java:askForVotes(448)) - 4114dace-2331-46e8-9bd0-01e36750a673@group-3EE6F51C8C50-LeaderElection16 ELECTION round 0: submit vote requests at term 1 for conf: {index: -1, cur=peers:[4114dace-2331-46e8-9bd0-01e36750a673|127.0.0.1:15055]|listeners:[], old=null}
2025-07-02 18:45:22,029 [4114dace-2331-46e8-9bd0-01e36750a673@group-3EE6F51C8C50-LeaderElection16] INFO  impl.LeaderElection (LeaderElection.java:askForVotes(450)) - 4114dace-2331-46e8-9bd0-01e36750a673@group-3EE6F51C8C50-LeaderElection16 ELECTION round 0: result PASSED (term=1)
2025-07-02 18:45:22,029 [4114dace-2331-46e8-9bd0-01e36750a673@group-3EE6F51C8C50-LeaderElection16] INFO  impl.RoleInfo (RoleInfo.java:shutdownLeaderElection(141)) - 4114dace-2331-46e8-9bd0-01e36750a673: shutdown 4114dace-2331-46e8-9bd0-01e36750a673@group-3EE6F51C8C50-LeaderElection16
2025-07-02 18:45:22,029 [4114dace-2331-46e8-9bd0-01e36750a673@group-3EE6F51C8C50-LeaderElection16] INFO  server.RaftServer$Division (RaftServerImpl.java:setRole(392)) - 4114dace-2331-46e8-9bd0-01e36750a673@group-3EE6F51C8C50: changes role from CANDIDATE to LEADER at term 1 for changeToLeader
2025-07-02 18:45:22,029 [4114dace-2331-46e8-9bd0-01e36750a673@group-3EE6F51C8C50-LeaderElection16] INFO  server.RaftServerConfigKeys (ConfUtils.java:logFallback(69)) - raft.server.staging.timeout = 15600ms (fallback to raft.server.rpc.timeout.max)
2025-07-02 18:45:22,029 [4114dace-2331-46e8-9bd0-01e36750a673@group-3EE6F51C8C50-LeaderElection16] INFO  server.RaftServerConfigKeys (ConfUtils.java:logGet(62)) - raft.server.write.byte-limit = 1024 M (=1073741824) (custom)
2025-07-02 18:45:22,030 [4114dace-2331-46e8-9bd0-01e36750a673@group-3EE6F51C8C50-LeaderElection16] INFO  impl.RoleInfo (RoleInfo.java:updateAndGet(148)) - 4114dace-2331-46e8-9bd0-01e36750a673: start 4114dace-2331-46e8-9bd0-01e36750a673@group-3EE6F51C8C50-LeaderStateImpl
2025-07-02 18:45:22,030 [4114dace-2331-46e8-9bd0-01e36750a673@group-3EE6F51C8C50-LeaderElection16] INFO  server.RaftServer$Division (RaftServerImpl.java:setFirstElection(576)) - 4114dace-2331-46e8-9bd0-01e36750a673@group-3EE6F51C8C50: set firstElectionSinceStartup to false for becomeLeader
2025-07-02 18:45:22,030 [4114dace-2331-46e8-9bd0-01e36750a673@group-3EE6F51C8C50-LeaderElection16] INFO  ratis.XceiverServerRatis (XceiverServerRatis.java:handleLeaderChangedNotification(944)) - Leader change notification received for group: group-3EE6F51C8C50 with new leaderId: 4114dace-2331-46e8-9bd0-01e36750a673
2025-07-02 18:45:22,032 [4114dace-2331-46e8-9bd0-01e36750a673@group-3EE6F51C8C50-LeaderElection16] INFO  server.RaftServer$Division (ServerState.java:setLeader(272)) - 4114dace-2331-46e8-9bd0-01e36750a673@group-3EE6F51C8C50: change Leader from null to 4114dace-2331-46e8-9bd0-01e36750a673 at term 1 for becomeLeader, leader elected after 1123ms
2025-07-02 18:45:22,032 [4114dace-2331-46e8-9bd0-01e36750a673@group-3EE6F51C8C50-LeaderElection16] INFO  segmented.SegmentedRaftLogWorker (SegmentedRaftLogWorker.java:startLogSegment(440)) - 4114dace-2331-46e8-9bd0-01e36750a673@group-3EE6F51C8C50-SegmentedRaftLogWorker: Starting segment from index:0
2025-07-02 18:45:22,032 [4114dace-2331-46e8-9bd0-01e36750a673@group-3EE6F51C8C50-LeaderElection16] INFO  server.RaftServer$Division (ServerState.java:setRaftConf(386)) - 4114dace-2331-46e8-9bd0-01e36750a673@group-3EE6F51C8C50: set configuration conf: {index: 0, cur=peers:[4114dace-2331-46e8-9bd0-01e36750a673|127.0.0.1:15055]|listeners:[], old=null}
2025-07-02 18:45:22,032 [4114dace-2331-46e8-9bd0-01e36750a673@group-3EE6F51C8C50-SegmentedRaftLogWorker] INFO  segmented.BufferedWriteChannel (BufferedWriteChannel.java:open(61)) - open log_inprogress_0 at position 0
2025-07-02 18:45:22,042 [4114dace-2331-46e8-9bd0-01e36750a673@group-3EE6F51C8C50-SegmentedRaftLogWorker] INFO  segmented.SegmentedRaftLogWorker (SegmentedRaftLogWorker.java:execute(647)) - 4114dace-2331-46e8-9bd0-01e36750a673@group-3EE6F51C8C50-SegmentedRaftLogWorker: created new log segment /home/runner/work/ozone/ozone/hadoop-ozone/integration-test/target/test-dir/MiniOzoneClusterImpl-b7e00dfa-d3b8-45cf-9d3a-2bd5fdfebf54/ozone-meta/datanode-6/ratis/fc6e5aad-ca14-4a9f-b2c7-3ee6f51c8c50/current/log_inprogress_0
2025-07-02 18:45:22,044 [4114dace-2331-46e8-9bd0-01e36750a673@group-3EE6F51C8C50-StateMachineUpdater] INFO  server.RaftServer$Division (LeaderStateImpl.java:checkStartIndex(309)) - Leader 4114dace-2331-46e8-9bd0-01e36750a673@group-3EE6F51C8C50-LeaderStateImpl is ready since appliedIndex == startIndex == 0
2025-07-02 18:45:22,044 [4114dace-2331-46e8-9bd0-01e36750a673@group-3EE6F51C8C50-StateMachineUpdater] INFO  ratis.ContainerStateMachine (ContainerStateMachine.java:takeSnapshot(427)) - group-3EE6F51C8C50: Taking a snapshot at:(t:1, i:0) file /home/runner/work/ozone/ozone/hadoop-ozone/integration-test/target/test-dir/MiniOzoneClusterImpl-b7e00dfa-d3b8-45cf-9d3a-2bd5fdfebf54/ozone-meta/datanode-6/ratis/fc6e5aad-ca14-4a9f-b2c7-3ee6f51c8c50/sm/snapshot.1_0
2025-07-02 18:45:22,045 [4114dace-2331-46e8-9bd0-01e36750a673@group-3EE6F51C8C50-StateMachineUpdater] INFO  ratis.ContainerStateMachine (ContainerStateMachine.java:takeSnapshot(436)) - group-3EE6F51C8C50: Finished taking a snapshot at:(t:1, i:0) file:/home/runner/work/ozone/ozone/hadoop-ozone/integration-test/target/test-dir/MiniOzoneClusterImpl-b7e00dfa-d3b8-45cf-9d3a-2bd5fdfebf54/ozone-meta/datanode-6/ratis/fc6e5aad-ca14-4a9f-b2c7-3ee6f51c8c50/sm/snapshot.1_0 took: 1 ms
2025-07-02 18:45:22,045 [4114dace-2331-46e8-9bd0-01e36750a673@group-3EE6F51C8C50-StateMachineUpdater] INFO  impl.StateMachineUpdater (StateMachineUpdater.java:takeSnapshot(307)) - 4114dace-2331-46e8-9bd0-01e36750a673@group-3EE6F51C8C50-StateMachineUpdater: Took a snapshot at index 0
2025-07-02 18:45:22,045 [4114dace-2331-46e8-9bd0-01e36750a673@group-3EE6F51C8C50-StateMachineUpdater] INFO  impl.StateMachineUpdater (StateMachineUpdater.java:lambda$new$0(101)) - 4114dace-2331-46e8-9bd0-01e36750a673@group-3EE6F51C8C50-StateMachineUpdater: snapshotIndex: updateIncreasingly -1 -> 0
2025-07-02 18:45:22,106 [main] INFO  rpc.RpcClient (RpcClient.java:createVolume(461)) - Creating Volume: testcontainerstatemachinefailures, with runner as owner and space quota set to -1 bytes, counts quota set to -1
2025-07-02 18:45:22,121 [om1-OMStateMachineApplyTransactionThread - 0] INFO  volume.OMVolumeCreateRequest (OMVolumeCreateRequest.java:validateAndUpdateCache(203)) - created volume:testcontainerstatemachinefailures for user:runner
2025-07-02 18:45:22,135 [main] INFO  rpc.RpcClient (RpcClient.java:createBucket(686)) - Creating Bucket: testcontainerstatemachinefailures/testcontainerstatemachinefailures, with server-side default bucket layout, runner as owner, Versioning false, Storage Type set to DISK and Encryption set to false, Replication Type set to server-side default replication type, Namespace Quota set to -1, Space Quota set to -1 
2025-07-02 18:45:22,144 [om1-OMStateMachineApplyTransactionThread - 0] INFO  bucket.OMBucketCreateRequest (OMBucketCreateRequest.java:validateAndUpdateCache(292)) - created bucket: testcontainerstatemachinefailures of layout FILE_SYSTEM_OPTIMIZED in volume: testcontainerstatemachinefailures
2025-07-02 18:45:22,200 [IPC Server handler 1 on default port 15001] INFO  ha.SequenceIdGenerator (SequenceIdGenerator.java:getNextId(135)) - Allocate a batch for containerId, change lastId from 0 to 1000.
2025-07-02 18:45:22,213 [0fee975d-e734-400e-bdb4-ee8e3ebebca6@group-2BD5FDFEBF54-StateMachineUpdater] WARN  ha.SequenceIdGenerator (SequenceIdGenerator.java:allocateBatch(248)) - Failed to allocate a batch for localId, expected lastId is 0, actual lastId is 115816896921600000.
2025-07-02 18:45:22,215 [IPC Server handler 1 on default port 15001] INFO  ha.SequenceIdGenerator (SequenceIdGenerator.java:getNextId(135)) - Allocate a batch for localId, change lastId from 115816896921600000 to 115816896921601000.
2025-07-02 18:45:22,279 [main] INFO  impl.MetricsSystemImpl (MetricsSystemImpl.java:init(158)) - XceiverClientMetrics metrics system started (again)
2025-07-02 18:45:22,346 [92aeff0d-b8ac-4e9e-9ba6-1724c63a8401@group-2788C300D651-FollowerState] INFO  impl.FollowerState (FollowerState.java:runImpl(161)) - 92aeff0d-b8ac-4e9e-9ba6-1724c63a8401@group-2788C300D651-FollowerState: change to CANDIDATE, lastRpcElapsedTime:1110234789ns, electionTimeout:1109ms
2025-07-02 18:45:22,346 [92aeff0d-b8ac-4e9e-9ba6-1724c63a8401@group-2788C300D651-FollowerState] INFO  impl.RoleInfo (RoleInfo.java:shutdownFollowerState(121)) - 92aeff0d-b8ac-4e9e-9ba6-1724c63a8401: shutdown 92aeff0d-b8ac-4e9e-9ba6-1724c63a8401@group-2788C300D651-FollowerState
2025-07-02 18:45:22,346 [92aeff0d-b8ac-4e9e-9ba6-1724c63a8401@group-2788C300D651-FollowerState] INFO  server.RaftServer$Division (RaftServerImpl.java:setRole(392)) - 92aeff0d-b8ac-4e9e-9ba6-1724c63a8401@group-2788C300D651: changes role from  FOLLOWER to CANDIDATE at term 0 for changeToCandidate
2025-07-02 18:45:22,346 [92aeff0d-b8ac-4e9e-9ba6-1724c63a8401@group-2788C300D651-FollowerState] INFO  impl.RoleInfo (RoleInfo.java:updateAndGet(148)) - 92aeff0d-b8ac-4e9e-9ba6-1724c63a8401: start 92aeff0d-b8ac-4e9e-9ba6-1724c63a8401@group-2788C300D651-LeaderElection17
2025-07-02 18:45:22,348 [92aeff0d-b8ac-4e9e-9ba6-1724c63a8401@group-2788C300D651-LeaderElection17] INFO  impl.LeaderElection (LeaderElection.java:askForVotes(448)) - 92aeff0d-b8ac-4e9e-9ba6-1724c63a8401@group-2788C300D651-LeaderElection17 PRE_VOTE round 0: submit vote requests at term 0 for conf: {index: -1, cur=peers:[9eb5a351-9325-4150-9d0a-de2b7d27d48d|127.0.0.1:15079, 71a26ef2-e834-411c-97c5-a30c78105e8f|127.0.0.1:15071, 92aeff0d-b8ac-4e9e-9ba6-1724c63a8401|127.0.0.1:15063]|listeners:[], old=null}
2025-07-02 18:45:22,349 [92aeff0d-b8ac-4e9e-9ba6-1724c63a8401@group-2788C300D651-LeaderElection17-1] INFO  server.GrpcServerProtocolClient (GrpcServerProtocolClient.java:<init>(65)) - Build channel for 9eb5a351-9325-4150-9d0a-de2b7d27d48d|127.0.0.1:15079
2025-07-02 18:45:22,350 [92aeff0d-b8ac-4e9e-9ba6-1724c63a8401@group-2788C300D651-LeaderElection17-2] INFO  server.GrpcServerProtocolClient (GrpcServerProtocolClient.java:<init>(65)) - Build channel for 71a26ef2-e834-411c-97c5-a30c78105e8f|127.0.0.1:15071
2025-07-02 18:45:22,357 [grpc-default-executor-4] INFO  server.RaftServer$Division (RaftServerImpl.java:requestVote(1421)) - 9eb5a351-9325-4150-9d0a-de2b7d27d48d@group-2788C300D651: receive requestVote(PRE_VOTE, 92aeff0d-b8ac-4e9e-9ba6-1724c63a8401, group-2788C300D651, 0, <PROTO_DEFAULT>)
2025-07-02 18:45:22,357 [grpc-default-executor-4] INFO  impl.VoteContext (VoteContext.java:log(49)) - 9eb5a351-9325-4150-9d0a-de2b7d27d48d@group-2788C300D651-FOLLOWER: accept PRE_VOTE from 92aeff0d-b8ac-4e9e-9ba6-1724c63a8401: our priority 0 <= candidate's priority 1
2025-07-02 18:45:22,357 [grpc-default-executor-4] INFO  server.RaftServer$Division (RaftServerImpl.java:requestVote(1455)) - 9eb5a351-9325-4150-9d0a-de2b7d27d48d@group-2788C300D651 replies to PRE_VOTE vote request: 92aeff0d-b8ac-4e9e-9ba6-1724c63a8401<-9eb5a351-9325-4150-9d0a-de2b7d27d48d#0:OK-t0-last:<INITIAL_VALUE>. Peer's state: 9eb5a351-9325-4150-9d0a-de2b7d27d48d@group-2788C300D651:t0, leader=null, voted=, raftlog=Memoized:9eb5a351-9325-4150-9d0a-de2b7d27d48d@group-2788C300D651-SegmentedRaftLog:OPENED:c-1:lastnull, conf=conf: {index: -1, cur=peers:[9eb5a351-9325-4150-9d0a-de2b7d27d48d|127.0.0.1:15079, 71a26ef2-e834-411c-97c5-a30c78105e8f|127.0.0.1:15071, 92aeff0d-b8ac-4e9e-9ba6-1724c63a8401|127.0.0.1:15063]|listeners:[], old=null}
2025-07-02 18:45:22,358 [grpc-default-executor-3] INFO  server.RaftServer$Division (RaftServerImpl.java:requestVote(1421)) - 71a26ef2-e834-411c-97c5-a30c78105e8f@group-2788C300D651: receive requestVote(PRE_VOTE, 92aeff0d-b8ac-4e9e-9ba6-1724c63a8401, group-2788C300D651, 0, <PROTO_DEFAULT>)
2025-07-02 18:45:22,358 [grpc-default-executor-3] INFO  impl.VoteContext (VoteContext.java:log(49)) - 71a26ef2-e834-411c-97c5-a30c78105e8f@group-2788C300D651-FOLLOWER: accept PRE_VOTE from 92aeff0d-b8ac-4e9e-9ba6-1724c63a8401: our priority 0 <= candidate's priority 1
2025-07-02 18:45:22,358 [grpc-default-executor-3] INFO  server.RaftServer$Division (RaftServerImpl.java:requestVote(1455)) - 71a26ef2-e834-411c-97c5-a30c78105e8f@group-2788C300D651 replies to PRE_VOTE vote request: 92aeff0d-b8ac-4e9e-9ba6-1724c63a8401<-71a26ef2-e834-411c-97c5-a30c78105e8f#0:OK-t0-last:<INITIAL_VALUE>. Peer's state: 71a26ef2-e834-411c-97c5-a30c78105e8f@group-2788C300D651:t0, leader=null, voted=, raftlog=Memoized:71a26ef2-e834-411c-97c5-a30c78105e8f@group-2788C300D651-SegmentedRaftLog:OPENED:c-1:lastnull, conf=conf: {index: -1, cur=peers:[9eb5a351-9325-4150-9d0a-de2b7d27d48d|127.0.0.1:15079, 71a26ef2-e834-411c-97c5-a30c78105e8f|127.0.0.1:15071, 92aeff0d-b8ac-4e9e-9ba6-1724c63a8401|127.0.0.1:15063]|listeners:[], old=null}
2025-07-02 18:45:22,359 [92aeff0d-b8ac-4e9e-9ba6-1724c63a8401@group-2788C300D651-LeaderElection17] INFO  impl.LeaderElection (LeaderElection.java:logAndReturn(206)) - 92aeff0d-b8ac-4e9e-9ba6-1724c63a8401@group-2788C300D651-LeaderElection17: PRE_VOTE PASSED received 1 response(s) and 0 exception(s):
2025-07-02 18:45:22,360 [92aeff0d-b8ac-4e9e-9ba6-1724c63a8401@group-2788C300D651-LeaderElection17] INFO  impl.LeaderElection (LeaderElection.java:logAndReturn(210)) -   Response 0: 92aeff0d-b8ac-4e9e-9ba6-1724c63a8401<-9eb5a351-9325-4150-9d0a-de2b7d27d48d#0:OK-t0-last:<INITIAL_VALUE>
2025-07-02 18:45:22,360 [92aeff0d-b8ac-4e9e-9ba6-1724c63a8401@group-2788C300D651-LeaderElection17] INFO  impl.LeaderElection (LeaderElection.java:askForVotes(450)) - 92aeff0d-b8ac-4e9e-9ba6-1724c63a8401@group-2788C300D651-LeaderElection17 PRE_VOTE round 0: result PASSED
2025-07-02 18:45:22,362 [92aeff0d-b8ac-4e9e-9ba6-1724c63a8401@group-2788C300D651-LeaderElection17] INFO  impl.LeaderElection (LeaderElection.java:askForVotes(448)) - 92aeff0d-b8ac-4e9e-9ba6-1724c63a8401@group-2788C300D651-LeaderElection17 ELECTION round 0: submit vote requests at term 1 for conf: {index: -1, cur=peers:[9eb5a351-9325-4150-9d0a-de2b7d27d48d|127.0.0.1:15079, 71a26ef2-e834-411c-97c5-a30c78105e8f|127.0.0.1:15071, 92aeff0d-b8ac-4e9e-9ba6-1724c63a8401|127.0.0.1:15063]|listeners:[], old=null}
2025-07-02 18:45:22,364 [grpc-default-executor-3] INFO  server.RaftServer$Division (RaftServerImpl.java:requestVote(1421)) - 9eb5a351-9325-4150-9d0a-de2b7d27d48d@group-2788C300D651: receive requestVote(ELECTION, 92aeff0d-b8ac-4e9e-9ba6-1724c63a8401, group-2788C300D651, 1, <PROTO_DEFAULT>)
2025-07-02 18:45:22,365 [grpc-default-executor-3] INFO  impl.VoteContext (VoteContext.java:log(49)) - 9eb5a351-9325-4150-9d0a-de2b7d27d48d@group-2788C300D651-FOLLOWER: accept ELECTION from 92aeff0d-b8ac-4e9e-9ba6-1724c63a8401: our priority 0 <= candidate's priority 1
2025-07-02 18:45:22,365 [grpc-default-executor-3] INFO  server.RaftServer$Division (RaftServerImpl.java:setRole(392)) - 9eb5a351-9325-4150-9d0a-de2b7d27d48d@group-2788C300D651: changes role from  FOLLOWER to FOLLOWER at term 0 for candidate:92aeff0d-b8ac-4e9e-9ba6-1724c63a8401
2025-07-02 18:45:22,365 [grpc-default-executor-3] INFO  impl.RoleInfo (RoleInfo.java:shutdownFollowerState(121)) - 9eb5a351-9325-4150-9d0a-de2b7d27d48d: shutdown 9eb5a351-9325-4150-9d0a-de2b7d27d48d@group-2788C300D651-FollowerState
2025-07-02 18:45:22,365 [9eb5a351-9325-4150-9d0a-de2b7d27d48d@group-2788C300D651-FollowerState] INFO  impl.FollowerState (FollowerState.java:runImpl(170)) - 9eb5a351-9325-4150-9d0a-de2b7d27d48d@group-2788C300D651-FollowerState was interrupted
2025-07-02 18:45:22,366 [grpc-default-executor-4] INFO  server.RaftServer$Division (RaftServerImpl.java:requestVote(1421)) - 71a26ef2-e834-411c-97c5-a30c78105e8f@group-2788C300D651: receive requestVote(ELECTION, 92aeff0d-b8ac-4e9e-9ba6-1724c63a8401, group-2788C300D651, 1, <PROTO_DEFAULT>)
2025-07-02 18:45:22,366 [grpc-default-executor-4] INFO  impl.VoteContext (VoteContext.java:log(49)) - 71a26ef2-e834-411c-97c5-a30c78105e8f@group-2788C300D651-FOLLOWER: accept ELECTION from 92aeff0d-b8ac-4e9e-9ba6-1724c63a8401: our priority 0 <= candidate's priority 1
2025-07-02 18:45:22,366 [grpc-default-executor-4] INFO  server.RaftServer$Division (RaftServerImpl.java:setRole(392)) - 71a26ef2-e834-411c-97c5-a30c78105e8f@group-2788C300D651: changes role from  FOLLOWER to FOLLOWER at term 0 for candidate:92aeff0d-b8ac-4e9e-9ba6-1724c63a8401
2025-07-02 18:45:22,366 [grpc-default-executor-3] INFO  impl.RoleInfo (RoleInfo.java:updateAndGet(148)) - 9eb5a351-9325-4150-9d0a-de2b7d27d48d: start 9eb5a351-9325-4150-9d0a-de2b7d27d48d@group-2788C300D651-FollowerState
2025-07-02 18:45:22,367 [grpc-default-executor-4] INFO  impl.RoleInfo (RoleInfo.java:shutdownFollowerState(121)) - 71a26ef2-e834-411c-97c5-a30c78105e8f: shutdown 71a26ef2-e834-411c-97c5-a30c78105e8f@group-2788C300D651-FollowerState
2025-07-02 18:45:22,367 [grpc-default-executor-4] INFO  impl.RoleInfo (RoleInfo.java:updateAndGet(148)) - 71a26ef2-e834-411c-97c5-a30c78105e8f: start 71a26ef2-e834-411c-97c5-a30c78105e8f@group-2788C300D651-FollowerState
2025-07-02 18:45:22,367 [71a26ef2-e834-411c-97c5-a30c78105e8f@group-2788C300D651-FollowerState] INFO  impl.FollowerState (FollowerState.java:runImpl(170)) - 71a26ef2-e834-411c-97c5-a30c78105e8f@group-2788C300D651-FollowerState was interrupted
2025-07-02 18:45:22,368 [grpc-default-executor-3] INFO  server.RaftServer$Division (RaftServerImpl.java:setFirstElection(576)) - 9eb5a351-9325-4150-9d0a-de2b7d27d48d@group-2788C300D651: set firstElectionSinceStartup to false for candidate:92aeff0d-b8ac-4e9e-9ba6-1724c63a8401
2025-07-02 18:45:22,369 [grpc-default-executor-4] INFO  server.RaftServer$Division (RaftServerImpl.java:setFirstElection(576)) - 71a26ef2-e834-411c-97c5-a30c78105e8f@group-2788C300D651: set firstElectionSinceStartup to false for candidate:92aeff0d-b8ac-4e9e-9ba6-1724c63a8401
2025-07-02 18:45:22,371 [grpc-default-executor-3] INFO  server.RaftServer$Division (RaftServerImpl.java:requestVote(1455)) - 9eb5a351-9325-4150-9d0a-de2b7d27d48d@group-2788C300D651 replies to ELECTION vote request: 92aeff0d-b8ac-4e9e-9ba6-1724c63a8401<-9eb5a351-9325-4150-9d0a-de2b7d27d48d#0:OK-t1-last:<INITIAL_VALUE>. Peer's state: 9eb5a351-9325-4150-9d0a-de2b7d27d48d@group-2788C300D651:t1, leader=null, voted=92aeff0d-b8ac-4e9e-9ba6-1724c63a8401, raftlog=Memoized:9eb5a351-9325-4150-9d0a-de2b7d27d48d@group-2788C300D651-SegmentedRaftLog:OPENED:c-1:lastnull, conf=conf: {index: -1, cur=peers:[9eb5a351-9325-4150-9d0a-de2b7d27d48d|127.0.0.1:15079, 71a26ef2-e834-411c-97c5-a30c78105e8f|127.0.0.1:15071, 92aeff0d-b8ac-4e9e-9ba6-1724c63a8401|127.0.0.1:15063]|listeners:[], old=null}
2025-07-02 18:45:22,371 [grpc-default-executor-4] INFO  server.RaftServer$Division (RaftServerImpl.java:requestVote(1455)) - 71a26ef2-e834-411c-97c5-a30c78105e8f@group-2788C300D651 replies to ELECTION vote request: 92aeff0d-b8ac-4e9e-9ba6-1724c63a8401<-71a26ef2-e834-411c-97c5-a30c78105e8f#0:OK-t1-last:<INITIAL_VALUE>. Peer's state: 71a26ef2-e834-411c-97c5-a30c78105e8f@group-2788C300D651:t1, leader=null, voted=92aeff0d-b8ac-4e9e-9ba6-1724c63a8401, raftlog=Memoized:71a26ef2-e834-411c-97c5-a30c78105e8f@group-2788C300D651-SegmentedRaftLog:OPENED:c-1:lastnull, conf=conf: {index: -1, cur=peers:[9eb5a351-9325-4150-9d0a-de2b7d27d48d|127.0.0.1:15079, 71a26ef2-e834-411c-97c5-a30c78105e8f|127.0.0.1:15071, 92aeff0d-b8ac-4e9e-9ba6-1724c63a8401|127.0.0.1:15063]|listeners:[], old=null}
2025-07-02 18:45:22,373 [92aeff0d-b8ac-4e9e-9ba6-1724c63a8401@group-2788C300D651-LeaderElection17] INFO  impl.LeaderElection (LeaderElection.java:logAndReturn(206)) - 92aeff0d-b8ac-4e9e-9ba6-1724c63a8401@group-2788C300D651-LeaderElection17: ELECTION PASSED received 1 response(s) and 0 exception(s):
2025-07-02 18:45:22,373 [92aeff0d-b8ac-4e9e-9ba6-1724c63a8401@group-2788C300D651-LeaderElection17] INFO  impl.LeaderElection (LeaderElection.java:logAndReturn(210)) -   Response 0: 92aeff0d-b8ac-4e9e-9ba6-1724c63a8401<-71a26ef2-e834-411c-97c5-a30c78105e8f#0:OK-t1-last:<INITIAL_VALUE>
2025-07-02 18:45:22,373 [92aeff0d-b8ac-4e9e-9ba6-1724c63a8401@group-2788C300D651-LeaderElection17] INFO  impl.LeaderElection (LeaderElection.java:askForVotes(450)) - 92aeff0d-b8ac-4e9e-9ba6-1724c63a8401@group-2788C300D651-LeaderElection17 ELECTION round 0: result PASSED
2025-07-02 18:45:22,373 [92aeff0d-b8ac-4e9e-9ba6-1724c63a8401@group-2788C300D651-LeaderElection17] INFO  impl.RoleInfo (RoleInfo.java:shutdownLeaderElection(141)) - 92aeff0d-b8ac-4e9e-9ba6-1724c63a8401: shutdown 92aeff0d-b8ac-4e9e-9ba6-1724c63a8401@group-2788C300D651-LeaderElection17
2025-07-02 18:45:22,373 [92aeff0d-b8ac-4e9e-9ba6-1724c63a8401@group-2788C300D651-LeaderElection17] INFO  server.RaftServer$Division (RaftServerImpl.java:setRole(392)) - 92aeff0d-b8ac-4e9e-9ba6-1724c63a8401@group-2788C300D651: changes role from CANDIDATE to LEADER at term 1 for changeToLeader
2025-07-02 18:45:22,373 [92aeff0d-b8ac-4e9e-9ba6-1724c63a8401@group-2788C300D651-LeaderElection17] INFO  server.RaftServerConfigKeys (ConfUtils.java:logFallback(69)) - raft.server.staging.timeout = 15600ms (fallback to raft.server.rpc.timeout.max)
2025-07-02 18:45:22,373 [92aeff0d-b8ac-4e9e-9ba6-1724c63a8401@group-2788C300D651-LeaderElection17] INFO  server.RaftServerConfigKeys (ConfUtils.java:logGet(62)) - raft.server.write.byte-limit = 1024 M (=1073741824) (custom)
2025-07-02 18:45:22,374 [92aeff0d-b8ac-4e9e-9ba6-1724c63a8401@group-B4EE531A63A2-FollowerState] INFO  impl.FollowerState (FollowerState.java:runImpl(161)) - 92aeff0d-b8ac-4e9e-9ba6-1724c63a8401@group-B4EE531A63A2-FollowerState: change to CANDIDATE, lastRpcElapsedTime:1164374977ns, electionTimeout:1162ms
2025-07-02 18:45:22,374 [92aeff0d-b8ac-4e9e-9ba6-1724c63a8401@group-B4EE531A63A2-FollowerState] INFO  impl.RoleInfo (RoleInfo.java:shutdownFollowerState(121)) - 92aeff0d-b8ac-4e9e-9ba6-1724c63a8401: shutdown 92aeff0d-b8ac-4e9e-9ba6-1724c63a8401@group-B4EE531A63A2-FollowerState
2025-07-02 18:45:22,374 [92aeff0d-b8ac-4e9e-9ba6-1724c63a8401@group-B4EE531A63A2-FollowerState] INFO  server.RaftServer$Division (RaftServerImpl.java:setRole(392)) - 92aeff0d-b8ac-4e9e-9ba6-1724c63a8401@group-B4EE531A63A2: changes role from  FOLLOWER to CANDIDATE at term 0 for changeToCandidate
2025-07-02 18:45:22,374 [92aeff0d-b8ac-4e9e-9ba6-1724c63a8401@group-B4EE531A63A2-FollowerState] INFO  impl.RoleInfo (RoleInfo.java:updateAndGet(148)) - 92aeff0d-b8ac-4e9e-9ba6-1724c63a8401: start 92aeff0d-b8ac-4e9e-9ba6-1724c63a8401@group-B4EE531A63A2-LeaderElection18
2025-07-02 18:45:22,375 [92aeff0d-b8ac-4e9e-9ba6-1724c63a8401@group-B4EE531A63A2-LeaderElection18] INFO  impl.LeaderElection (LeaderElection.java:askForVotes(448)) - 92aeff0d-b8ac-4e9e-9ba6-1724c63a8401@group-B4EE531A63A2-LeaderElection18 PRE_VOTE round 0: submit vote requests at term 0 for conf: {index: -1, cur=peers:[92aeff0d-b8ac-4e9e-9ba6-1724c63a8401|127.0.0.1:15063]|listeners:[], old=null}
2025-07-02 18:45:22,375 [92aeff0d-b8ac-4e9e-9ba6-1724c63a8401@group-B4EE531A63A2-LeaderElection18] INFO  impl.LeaderElection (LeaderElection.java:askForVotes(450)) - 92aeff0d-b8ac-4e9e-9ba6-1724c63a8401@group-B4EE531A63A2-LeaderElection18 PRE_VOTE round 0: result PASSED (term=0)
2025-07-02 18:45:22,377 [92aeff0d-b8ac-4e9e-9ba6-1724c63a8401@group-2788C300D651-LeaderElection17] INFO  server.RaftServerConfigKeys (ConfUtils.java:logGet(62)) - raft.server.log.appender.buffer.byte-limit = 33554432 (custom)
2025-07-02 18:45:22,380 [92aeff0d-b8ac-4e9e-9ba6-1724c63a8401@group-2788C300D651-LeaderElection17] INFO  server.RaftServerConfigKeys (ConfUtils.java:logGet(62)) - raft.server.log.appender.buffer.byte-limit = 33554432 (custom)
2025-07-02 18:45:22,380 [92aeff0d-b8ac-4e9e-9ba6-1724c63a8401@group-B4EE531A63A2-LeaderElection18] INFO  impl.LeaderElection (LeaderElection.java:askForVotes(448)) - 92aeff0d-b8ac-4e9e-9ba6-1724c63a8401@group-B4EE531A63A2-LeaderElection18 ELECTION round 0: submit vote requests at term 1 for conf: {index: -1, cur=peers:[92aeff0d-b8ac-4e9e-9ba6-1724c63a8401|127.0.0.1:15063]|listeners:[], old=null}
2025-07-02 18:45:22,380 [92aeff0d-b8ac-4e9e-9ba6-1724c63a8401@group-B4EE531A63A2-LeaderElection18] INFO  impl.LeaderElection (LeaderElection.java:askForVotes(450)) - 92aeff0d-b8ac-4e9e-9ba6-1724c63a8401@group-B4EE531A63A2-LeaderElection18 ELECTION round 0: result PASSED (term=1)
2025-07-02 18:45:22,380 [92aeff0d-b8ac-4e9e-9ba6-1724c63a8401@group-B4EE531A63A2-LeaderElection18] INFO  impl.RoleInfo (RoleInfo.java:shutdownLeaderElection(141)) - 92aeff0d-b8ac-4e9e-9ba6-1724c63a8401: shutdown 92aeff0d-b8ac-4e9e-9ba6-1724c63a8401@group-B4EE531A63A2-LeaderElection18
2025-07-02 18:45:22,380 [92aeff0d-b8ac-4e9e-9ba6-1724c63a8401@group-B4EE531A63A2-LeaderElection18] INFO  server.RaftServer$Division (RaftServerImpl.java:setRole(392)) - 92aeff0d-b8ac-4e9e-9ba6-1724c63a8401@group-B4EE531A63A2: changes role from CANDIDATE to LEADER at term 1 for changeToLeader
2025-07-02 18:45:22,380 [92aeff0d-b8ac-4e9e-9ba6-1724c63a8401@group-B4EE531A63A2-LeaderElection18] INFO  server.RaftServerConfigKeys (ConfUtils.java:logFallback(69)) - raft.server.staging.timeout = 15600ms (fallback to raft.server.rpc.timeout.max)
2025-07-02 18:45:22,381 [92aeff0d-b8ac-4e9e-9ba6-1724c63a8401@group-B4EE531A63A2-LeaderElection18] INFO  server.RaftServerConfigKeys (ConfUtils.java:logGet(62)) - raft.server.write.byte-limit = 1024 M (=1073741824) (custom)
2025-07-02 18:45:22,383 [92aeff0d-b8ac-4e9e-9ba6-1724c63a8401@group-B4EE531A63A2-LeaderElection18] INFO  impl.RoleInfo (RoleInfo.java:updateAndGet(148)) - 92aeff0d-b8ac-4e9e-9ba6-1724c63a8401: start 92aeff0d-b8ac-4e9e-9ba6-1724c63a8401@group-B4EE531A63A2-LeaderStateImpl
2025-07-02 18:45:22,383 [92aeff0d-b8ac-4e9e-9ba6-1724c63a8401@group-B4EE531A63A2-LeaderElection18] INFO  server.RaftServer$Division (RaftServerImpl.java:setFirstElection(576)) - 92aeff0d-b8ac-4e9e-9ba6-1724c63a8401@group-B4EE531A63A2: set firstElectionSinceStartup to false for becomeLeader
2025-07-02 18:45:22,384 [92aeff0d-b8ac-4e9e-9ba6-1724c63a8401@group-2788C300D651-LeaderElection17] INFO  impl.RoleInfo (RoleInfo.java:updateAndGet(148)) - 92aeff0d-b8ac-4e9e-9ba6-1724c63a8401: start 92aeff0d-b8ac-4e9e-9ba6-1724c63a8401@group-2788C300D651-LeaderStateImpl
2025-07-02 18:45:22,384 [92aeff0d-b8ac-4e9e-9ba6-1724c63a8401@group-2788C300D651-LeaderElection17] INFO  server.RaftServer$Division (RaftServerImpl.java:setFirstElection(576)) - 92aeff0d-b8ac-4e9e-9ba6-1724c63a8401@group-2788C300D651: set firstElectionSinceStartup to false for becomeLeader
2025-07-02 18:45:22,384 [92aeff0d-b8ac-4e9e-9ba6-1724c63a8401@group-2788C300D651-LeaderElection17] INFO  ratis.XceiverServerRatis (XceiverServerRatis.java:handleLeaderChangedNotification(944)) - Leader change notification received for group: group-2788C300D651 with new leaderId: 92aeff0d-b8ac-4e9e-9ba6-1724c63a8401
2025-07-02 18:45:22,384 [92aeff0d-b8ac-4e9e-9ba6-1724c63a8401@group-2788C300D651-LeaderElection17] INFO  server.RaftServer$Division (ServerState.java:setLeader(272)) - 92aeff0d-b8ac-4e9e-9ba6-1724c63a8401@group-2788C300D651: change Leader from null to 92aeff0d-b8ac-4e9e-9ba6-1724c63a8401 at term 1 for becomeLeader, leader elected after 1169ms
2025-07-02 18:45:22,384 [92aeff0d-b8ac-4e9e-9ba6-1724c63a8401@group-2788C300D651-LeaderElection17] INFO  segmented.SegmentedRaftLogWorker (SegmentedRaftLogWorker.java:startLogSegment(440)) - 92aeff0d-b8ac-4e9e-9ba6-1724c63a8401@group-2788C300D651-SegmentedRaftLogWorker: Starting segment from index:0
2025-07-02 18:45:22,384 [92aeff0d-b8ac-4e9e-9ba6-1724c63a8401@group-B4EE531A63A2-LeaderElection18] INFO  ratis.XceiverServerRatis (XceiverServerRatis.java:handleLeaderChangedNotification(944)) - Leader change notification received for group: group-B4EE531A63A2 with new leaderId: 92aeff0d-b8ac-4e9e-9ba6-1724c63a8401
2025-07-02 18:45:22,384 [92aeff0d-b8ac-4e9e-9ba6-1724c63a8401@group-B4EE531A63A2-LeaderElection18] INFO  server.RaftServer$Division (ServerState.java:setLeader(272)) - 92aeff0d-b8ac-4e9e-9ba6-1724c63a8401@group-B4EE531A63A2: change Leader from null to 92aeff0d-b8ac-4e9e-9ba6-1724c63a8401 at term 1 for becomeLeader, leader elected after 1217ms
2025-07-02 18:45:22,385 [92aeff0d-b8ac-4e9e-9ba6-1724c63a8401@group-B4EE531A63A2-LeaderElection18] INFO  segmented.SegmentedRaftLogWorker (SegmentedRaftLogWorker.java:startLogSegment(440)) - 92aeff0d-b8ac-4e9e-9ba6-1724c63a8401@group-B4EE531A63A2-SegmentedRaftLogWorker: Starting segment from index:0
2025-07-02 18:45:22,388 [92aeff0d-b8ac-4e9e-9ba6-1724c63a8401@group-2788C300D651-LeaderElection17] INFO  server.RaftServer$Division (ServerState.java:setRaftConf(386)) - 92aeff0d-b8ac-4e9e-9ba6-1724c63a8401@group-2788C300D651: set configuration conf: {index: 0, cur=peers:[9eb5a351-9325-4150-9d0a-de2b7d27d48d|127.0.0.1:15079, 71a26ef2-e834-411c-97c5-a30c78105e8f|127.0.0.1:15071, 92aeff0d-b8ac-4e9e-9ba6-1724c63a8401|127.0.0.1:15063]|listeners:[], old=null}
2025-07-02 18:45:22,388 [92aeff0d-b8ac-4e9e-9ba6-1724c63a8401@group-B4EE531A63A2-LeaderElection18] INFO  server.RaftServer$Division (ServerState.java:setRaftConf(386)) - 92aeff0d-b8ac-4e9e-9ba6-1724c63a8401@group-B4EE531A63A2: set configuration conf: {index: 0, cur=peers:[92aeff0d-b8ac-4e9e-9ba6-1724c63a8401|127.0.0.1:15063]|listeners:[], old=null}
2025-07-02 18:45:22,388 [92aeff0d-b8ac-4e9e-9ba6-1724c63a8401@group-2788C300D651-SegmentedRaftLogWorker] INFO  segmented.BufferedWriteChannel (BufferedWriteChannel.java:open(61)) - open log_inprogress_0 at position 0
2025-07-02 18:45:22,392 [92aeff0d-b8ac-4e9e-9ba6-1724c63a8401@group-B4EE531A63A2-SegmentedRaftLogWorker] INFO  segmented.BufferedWriteChannel (BufferedWriteChannel.java:open(61)) - open log_inprogress_0 at position 0
2025-07-02 18:45:22,396 [EventQueue-PipelineReportForPipelineReportHandler] INFO  pipeline.PipelineReportHandler (PipelineReportHandler.java:processPipelineReport(134)) - Opened pipeline Pipeline-73acc545-491b-4393-8737-2788c300d651
2025-07-02 18:45:22,398 [92aeff0d-b8ac-4e9e-9ba6-1724c63a8401@group-2788C300D651-SegmentedRaftLogWorker] INFO  segmented.SegmentedRaftLogWorker (SegmentedRaftLogWorker.java:execute(647)) - 92aeff0d-b8ac-4e9e-9ba6-1724c63a8401@group-2788C300D651-SegmentedRaftLogWorker: created new log segment /home/runner/work/ozone/ozone/hadoop-ozone/integration-test/target/test-dir/MiniOzoneClusterImpl-b7e00dfa-d3b8-45cf-9d3a-2bd5fdfebf54/ozone-meta/datanode-7/ratis/73acc545-491b-4393-8737-2788c300d651/current/log_inprogress_0
2025-07-02 18:45:22,407 [grpc-default-executor-4] INFO  ratis.XceiverServerRatis (XceiverServerRatis.java:handleLeaderChangedNotification(944)) - Leader change notification received for group: group-2788C300D651 with new leaderId: 92aeff0d-b8ac-4e9e-9ba6-1724c63a8401
2025-07-02 18:45:22,408 [grpc-default-executor-4] INFO  server.RaftServer$Division (ServerState.java:setLeader(272)) - 71a26ef2-e834-411c-97c5-a30c78105e8f@group-2788C300D651: change Leader from null to 92aeff0d-b8ac-4e9e-9ba6-1724c63a8401 at term 1 for appendEntries, leader elected after 974ms
2025-07-02 18:45:22,408 [grpc-default-executor-4] INFO  server.RaftServer$Division (ServerState.java:setRaftConf(386)) - 71a26ef2-e834-411c-97c5-a30c78105e8f@group-2788C300D651: set configuration conf: {index: 0, cur=peers:[9eb5a351-9325-4150-9d0a-de2b7d27d48d|127.0.0.1:15079, 71a26ef2-e834-411c-97c5-a30c78105e8f|127.0.0.1:15071, 92aeff0d-b8ac-4e9e-9ba6-1724c63a8401|127.0.0.1:15063]|listeners:[], old=null}
2025-07-02 18:45:22,408 [grpc-default-executor-4] INFO  segmented.SegmentedRaftLogWorker (SegmentedRaftLogWorker.java:startLogSegment(440)) - 71a26ef2-e834-411c-97c5-a30c78105e8f@group-2788C300D651-SegmentedRaftLogWorker: Starting segment from index:0
2025-07-02 18:45:22,408 [71a26ef2-e834-411c-97c5-a30c78105e8f@group-2788C300D651-SegmentedRaftLogWorker] INFO  segmented.BufferedWriteChannel (BufferedWriteChannel.java:open(61)) - open log_inprogress_0 at position 0
2025-07-02 18:45:22,410 [grpc-default-executor-3] INFO  ratis.XceiverServerRatis (XceiverServerRatis.java:handleLeaderChangedNotification(944)) - Leader change notification received for group: group-2788C300D651 with new leaderId: 92aeff0d-b8ac-4e9e-9ba6-1724c63a8401
2025-07-02 18:45:22,410 [grpc-default-executor-3] INFO  server.RaftServer$Division (ServerState.java:setLeader(272)) - 9eb5a351-9325-4150-9d0a-de2b7d27d48d@group-2788C300D651: change Leader from null to 92aeff0d-b8ac-4e9e-9ba6-1724c63a8401 at term 1 for appendEntries, leader elected after 1099ms
2025-07-02 18:45:22,415 [grpc-default-executor-4] INFO  server.RaftServer$Division (ServerState.java:setRaftConf(386)) - 9eb5a351-9325-4150-9d0a-de2b7d27d48d@group-2788C300D651: set configuration conf: {index: 0, cur=peers:[9eb5a351-9325-4150-9d0a-de2b7d27d48d|127.0.0.1:15079, 71a26ef2-e834-411c-97c5-a30c78105e8f|127.0.0.1:15071, 92aeff0d-b8ac-4e9e-9ba6-1724c63a8401|127.0.0.1:15063]|listeners:[], old=null}
2025-07-02 18:45:22,415 [grpc-default-executor-4] INFO  segmented.SegmentedRaftLogWorker (SegmentedRaftLogWorker.java:startLogSegment(440)) - 9eb5a351-9325-4150-9d0a-de2b7d27d48d@group-2788C300D651-SegmentedRaftLogWorker: Starting segment from index:0
2025-07-02 18:45:22,418 [92aeff0d-b8ac-4e9e-9ba6-1724c63a8401@group-B4EE531A63A2-SegmentedRaftLogWorker] INFO  segmented.SegmentedRaftLogWorker (SegmentedRaftLogWorker.java:execute(647)) - 92aeff0d-b8ac-4e9e-9ba6-1724c63a8401@group-B4EE531A63A2-SegmentedRaftLogWorker: created new log segment /home/runner/work/ozone/ozone/hadoop-ozone/integration-test/target/test-dir/MiniOzoneClusterImpl-b7e00dfa-d3b8-45cf-9d3a-2bd5fdfebf54/ozone-meta/datanode-7/ratis/d780ee6f-851c-4d64-8d60-b4ee531a63a2/current/log_inprogress_0
2025-07-02 18:45:22,418 [9eb5a351-9325-4150-9d0a-de2b7d27d48d@group-2788C300D651-SegmentedRaftLogWorker] INFO  segmented.BufferedWriteChannel (BufferedWriteChannel.java:open(61)) - open log_inprogress_0 at position 0
2025-07-02 18:45:22,419 [71a26ef2-e834-411c-97c5-a30c78105e8f@group-2788C300D651-SegmentedRaftLogWorker] INFO  segmented.SegmentedRaftLogWorker (SegmentedRaftLogWorker.java:execute(647)) - 71a26ef2-e834-411c-97c5-a30c78105e8f@group-2788C300D651-SegmentedRaftLogWorker: created new log segment /home/runner/work/ozone/ozone/hadoop-ozone/integration-test/target/test-dir/MiniOzoneClusterImpl-b7e00dfa-d3b8-45cf-9d3a-2bd5fdfebf54/ozone-meta/datanode-8/ratis/73acc545-491b-4393-8737-2788c300d651/current/log_inprogress_0
2025-07-02 18:45:22,423 [92aeff0d-b8ac-4e9e-9ba6-1724c63a8401@group-B4EE531A63A2-StateMachineUpdater] INFO  server.RaftServer$Division (LeaderStateImpl.java:checkStartIndex(309)) - Leader 92aeff0d-b8ac-4e9e-9ba6-1724c63a8401@group-B4EE531A63A2-LeaderStateImpl is ready since appliedIndex == startIndex == 0
2025-07-02 18:45:22,423 [92aeff0d-b8ac-4e9e-9ba6-1724c63a8401@group-B4EE531A63A2-StateMachineUpdater] INFO  ratis.ContainerStateMachine (ContainerStateMachine.java:takeSnapshot(427)) - group-B4EE531A63A2: Taking a snapshot at:(t:1, i:0) file /home/runner/work/ozone/ozone/hadoop-ozone/integration-test/target/test-dir/MiniOzoneClusterImpl-b7e00dfa-d3b8-45cf-9d3a-2bd5fdfebf54/ozone-meta/datanode-7/ratis/d780ee6f-851c-4d64-8d60-b4ee531a63a2/sm/snapshot.1_0
2025-07-02 18:45:22,428 [92aeff0d-b8ac-4e9e-9ba6-1724c63a8401@group-B4EE531A63A2-StateMachineUpdater] INFO  ratis.ContainerStateMachine (ContainerStateMachine.java:takeSnapshot(436)) - group-B4EE531A63A2: Finished taking a snapshot at:(t:1, i:0) file:/home/runner/work/ozone/ozone/hadoop-ozone/integration-test/target/test-dir/MiniOzoneClusterImpl-b7e00dfa-d3b8-45cf-9d3a-2bd5fdfebf54/ozone-meta/datanode-7/ratis/d780ee6f-851c-4d64-8d60-b4ee531a63a2/sm/snapshot.1_0 took: 5 ms
2025-07-02 18:45:22,428 [92aeff0d-b8ac-4e9e-9ba6-1724c63a8401@group-B4EE531A63A2-StateMachineUpdater] INFO  impl.StateMachineUpdater (StateMachineUpdater.java:takeSnapshot(307)) - 92aeff0d-b8ac-4e9e-9ba6-1724c63a8401@group-B4EE531A63A2-StateMachineUpdater: Took a snapshot at index 0
2025-07-02 18:45:22,428 [92aeff0d-b8ac-4e9e-9ba6-1724c63a8401@group-B4EE531A63A2-StateMachineUpdater] INFO  impl.StateMachineUpdater (StateMachineUpdater.java:lambda$new$0(101)) - 92aeff0d-b8ac-4e9e-9ba6-1724c63a8401@group-B4EE531A63A2-StateMachineUpdater: snapshotIndex: updateIncreasingly -1 -> 0
2025-07-02 18:45:22,429 [92aeff0d-b8ac-4e9e-9ba6-1724c63a8401@group-2788C300D651-StateMachineUpdater] INFO  server.RaftServer$Division (LeaderStateImpl.java:checkStartIndex(309)) - Leader 92aeff0d-b8ac-4e9e-9ba6-1724c63a8401@group-2788C300D651-LeaderStateImpl is ready since appliedIndex == startIndex == 0
2025-07-02 18:45:22,429 [92aeff0d-b8ac-4e9e-9ba6-1724c63a8401@group-2788C300D651-StateMachineUpdater] INFO  ratis.ContainerStateMachine (ContainerStateMachine.java:takeSnapshot(427)) - group-2788C300D651: Taking a snapshot at:(t:1, i:0) file /home/runner/work/ozone/ozone/hadoop-ozone/integration-test/target/test-dir/MiniOzoneClusterImpl-b7e00dfa-d3b8-45cf-9d3a-2bd5fdfebf54/ozone-meta/datanode-7/ratis/73acc545-491b-4393-8737-2788c300d651/sm/snapshot.1_0
2025-07-02 18:45:22,429 [9eb5a351-9325-4150-9d0a-de2b7d27d48d@group-2788C300D651-SegmentedRaftLogWorker] INFO  segmented.SegmentedRaftLogWorker (SegmentedRaftLogWorker.java:execute(647)) - 9eb5a351-9325-4150-9d0a-de2b7d27d48d@group-2788C300D651-SegmentedRaftLogWorker: created new log segment /home/runner/work/ozone/ozone/hadoop-ozone/integration-test/target/test-dir/MiniOzoneClusterImpl-b7e00dfa-d3b8-45cf-9d3a-2bd5fdfebf54/ozone-meta/datanode-9/ratis/73acc545-491b-4393-8737-2788c300d651/current/log_inprogress_0
2025-07-02 18:45:22,430 [92aeff0d-b8ac-4e9e-9ba6-1724c63a8401@group-2788C300D651-StateMachineUpdater] INFO  ratis.ContainerStateMachine (ContainerStateMachine.java:takeSnapshot(436)) - group-2788C300D651: Finished taking a snapshot at:(t:1, i:0) file:/home/runner/work/ozone/ozone/hadoop-ozone/integration-test/target/test-dir/MiniOzoneClusterImpl-b7e00dfa-d3b8-45cf-9d3a-2bd5fdfebf54/ozone-meta/datanode-7/ratis/73acc545-491b-4393-8737-2788c300d651/sm/snapshot.1_0 took: 1 ms
2025-07-02 18:45:22,430 [92aeff0d-b8ac-4e9e-9ba6-1724c63a8401@group-2788C300D651-StateMachineUpdater] INFO  impl.StateMachineUpdater (StateMachineUpdater.java:takeSnapshot(307)) - 92aeff0d-b8ac-4e9e-9ba6-1724c63a8401@group-2788C300D651-StateMachineUpdater: Took a snapshot at index 0
2025-07-02 18:45:22,430 [92aeff0d-b8ac-4e9e-9ba6-1724c63a8401@group-2788C300D651-StateMachineUpdater] INFO  impl.StateMachineUpdater (StateMachineUpdater.java:lambda$new$0(101)) - 92aeff0d-b8ac-4e9e-9ba6-1724c63a8401@group-2788C300D651-StateMachineUpdater: snapshotIndex: updateIncreasingly -1 -> 0
2025-07-02 18:45:22,444 [4114dace-2331-46e8-9bd0-01e36750a673-ChunkWriter-1-0] WARN  statemachine.DatanodeConfiguration (DatanodeConfiguration.java:validateMinFreeSpace(751)) - hdds.datanode.volume.min.free.space.percent = -1.0 is invalid, should be between 0 and 1
2025-07-02 18:45:22,444 [c6c1c004-cb80-4a23-8b53-68ef0e0db17b-ChunkWriter-1-0] WARN  statemachine.DatanodeConfiguration (DatanodeConfiguration.java:validateMinFreeSpace(751)) - hdds.datanode.volume.min.free.space.percent = -1.0 is invalid, should be between 0 and 1
2025-07-02 18:45:22,444 [95ee4113-9599-4433-8033-e07ec30d3bee-ChunkWriter-1-0] WARN  statemachine.DatanodeConfiguration (DatanodeConfiguration.java:validateMinFreeSpace(751)) - hdds.datanode.volume.min.free.space.percent = -1.0 is invalid, should be between 0 and 1
2025-07-02 18:45:22,446 [4114dace-2331-46e8-9bd0-01e36750a673-ChunkWriter-1-0] WARN  statemachine.DatanodeConfiguration (DatanodeConfiguration.java:validateMinFreeSpace(751)) - hdds.datanode.volume.min.free.space.percent = -1.0 is invalid, should be between 0 and 1
2025-07-02 18:45:22,446 [95ee4113-9599-4433-8033-e07ec30d3bee-ChunkWriter-1-0] WARN  statemachine.DatanodeConfiguration (DatanodeConfiguration.java:validateMinFreeSpace(751)) - hdds.datanode.volume.min.free.space.percent = -1.0 is invalid, should be between 0 and 1
2025-07-02 18:45:22,447 [c6c1c004-cb80-4a23-8b53-68ef0e0db17b-ChunkWriter-1-0] WARN  statemachine.DatanodeConfiguration (DatanodeConfiguration.java:validateMinFreeSpace(751)) - hdds.datanode.volume.min.free.space.percent = -1.0 is invalid, should be between 0 and 1
2025-07-02 18:45:22,538 [c6c1c004-cb80-4a23-8b53-68ef0e0db17b@group-5195515A604F-StateMachineUpdater] INFO  ratis.ContainerStateMachine (ContainerStateMachine.java:takeSnapshot(427)) - group-5195515A604F: Taking a snapshot at:(t:1, i:0) file /home/runner/work/ozone/ozone/hadoop-ozone/integration-test/target/test-dir/MiniOzoneClusterImpl-b7e00dfa-d3b8-45cf-9d3a-2bd5fdfebf54/ozone-meta/datanode-5/ratis/1d88e53e-1d3e-4d9d-a5cb-5195515a604f/sm/snapshot.1_0
2025-07-02 18:45:22,541 [4114dace-2331-46e8-9bd0-01e36750a673@group-5195515A604F-StateMachineUpdater] INFO  ratis.ContainerStateMachine (ContainerStateMachine.java:takeSnapshot(427)) - group-5195515A604F: Taking a snapshot at:(t:1, i:0) file /home/runner/work/ozone/ozone/hadoop-ozone/integration-test/target/test-dir/MiniOzoneClusterImpl-b7e00dfa-d3b8-45cf-9d3a-2bd5fdfebf54/ozone-meta/datanode-6/ratis/1d88e53e-1d3e-4d9d-a5cb-5195515a604f/sm/snapshot.1_0
2025-07-02 18:45:22,545 [c6c1c004-cb80-4a23-8b53-68ef0e0db17b@group-5195515A604F-StateMachineUpdater] INFO  ratis.ContainerStateMachine (ContainerStateMachine.java:takeSnapshot(436)) - group-5195515A604F: Finished taking a snapshot at:(t:1, i:0) file:/home/runner/work/ozone/ozone/hadoop-ozone/integration-test/target/test-dir/MiniOzoneClusterImpl-b7e00dfa-d3b8-45cf-9d3a-2bd5fdfebf54/ozone-meta/datanode-5/ratis/1d88e53e-1d3e-4d9d-a5cb-5195515a604f/sm/snapshot.1_0 took: 7 ms
2025-07-02 18:45:22,545 [c6c1c004-cb80-4a23-8b53-68ef0e0db17b@group-5195515A604F-StateMachineUpdater] INFO  impl.StateMachineUpdater (StateMachineUpdater.java:takeSnapshot(307)) - c6c1c004-cb80-4a23-8b53-68ef0e0db17b@group-5195515A604F-StateMachineUpdater: Took a snapshot at index 0
2025-07-02 18:45:22,545 [c6c1c004-cb80-4a23-8b53-68ef0e0db17b@group-5195515A604F-StateMachineUpdater] INFO  impl.StateMachineUpdater (StateMachineUpdater.java:lambda$new$0(101)) - c6c1c004-cb80-4a23-8b53-68ef0e0db17b@group-5195515A604F-StateMachineUpdater: snapshotIndex: updateIncreasingly -1 -> 0
2025-07-02 18:45:22,547 [4114dace-2331-46e8-9bd0-01e36750a673@group-5195515A604F-StateMachineUpdater] INFO  ratis.ContainerStateMachine (ContainerStateMachine.java:takeSnapshot(436)) - group-5195515A604F: Finished taking a snapshot at:(t:1, i:0) file:/home/runner/work/ozone/ozone/hadoop-ozone/integration-test/target/test-dir/MiniOzoneClusterImpl-b7e00dfa-d3b8-45cf-9d3a-2bd5fdfebf54/ozone-meta/datanode-6/ratis/1d88e53e-1d3e-4d9d-a5cb-5195515a604f/sm/snapshot.1_0 took: 6 ms
2025-07-02 18:45:22,547 [4114dace-2331-46e8-9bd0-01e36750a673@group-5195515A604F-StateMachineUpdater] INFO  impl.StateMachineUpdater (StateMachineUpdater.java:takeSnapshot(307)) - 4114dace-2331-46e8-9bd0-01e36750a673@group-5195515A604F-StateMachineUpdater: Took a snapshot at index 0
2025-07-02 18:45:22,547 [4114dace-2331-46e8-9bd0-01e36750a673@group-5195515A604F-StateMachineUpdater] INFO  impl.StateMachineUpdater (StateMachineUpdater.java:lambda$new$0(101)) - 4114dace-2331-46e8-9bd0-01e36750a673@group-5195515A604F-StateMachineUpdater: snapshotIndex: updateIncreasingly -1 -> 0
2025-07-02 18:45:22,559 [4114dace-2331-46e8-9bd0-01e36750a673@group-5195515A604F-StateMachineUpdater] INFO  ratis.ContainerStateMachine (ContainerStateMachine.java:takeSnapshot(427)) - group-5195515A604F: Taking a snapshot at:(t:1, i:1) file /home/runner/work/ozone/ozone/hadoop-ozone/integration-test/target/test-dir/MiniOzoneClusterImpl-b7e00dfa-d3b8-45cf-9d3a-2bd5fdfebf54/ozone-meta/datanode-6/ratis/1d88e53e-1d3e-4d9d-a5cb-5195515a604f/sm/snapshot.1_1
2025-07-02 18:45:22,560 [95ee4113-9599-4433-8033-e07ec30d3bee@group-5195515A604F-StateMachineUpdater] INFO  ratis.ContainerStateMachine (ContainerStateMachine.java:takeSnapshot(427)) - group-5195515A604F: Taking a snapshot at:(t:1, i:1) file /home/runner/work/ozone/ozone/hadoop-ozone/integration-test/target/test-dir/MiniOzoneClusterImpl-b7e00dfa-d3b8-45cf-9d3a-2bd5fdfebf54/ozone-meta/datanode-4/ratis/1d88e53e-1d3e-4d9d-a5cb-5195515a604f/sm/snapshot.1_1
2025-07-02 18:45:22,560 [c6c1c004-cb80-4a23-8b53-68ef0e0db17b@group-5195515A604F-StateMachineUpdater] INFO  ratis.ContainerStateMachine (ContainerStateMachine.java:takeSnapshot(427)) - group-5195515A604F: Taking a snapshot at:(t:1, i:1) file /home/runner/work/ozone/ozone/hadoop-ozone/integration-test/target/test-dir/MiniOzoneClusterImpl-b7e00dfa-d3b8-45cf-9d3a-2bd5fdfebf54/ozone-meta/datanode-5/ratis/1d88e53e-1d3e-4d9d-a5cb-5195515a604f/sm/snapshot.1_1
2025-07-02 18:45:22,562 [4114dace-2331-46e8-9bd0-01e36750a673@group-5195515A604F-StateMachineUpdater] INFO  ratis.ContainerStateMachine (ContainerStateMachine.java:takeSnapshot(436)) - group-5195515A604F: Finished taking a snapshot at:(t:1, i:1) file:/home/runner/work/ozone/ozone/hadoop-ozone/integration-test/target/test-dir/MiniOzoneClusterImpl-b7e00dfa-d3b8-45cf-9d3a-2bd5fdfebf54/ozone-meta/datanode-6/ratis/1d88e53e-1d3e-4d9d-a5cb-5195515a604f/sm/snapshot.1_1 took: 3 ms
2025-07-02 18:45:22,562 [4114dace-2331-46e8-9bd0-01e36750a673@group-5195515A604F-StateMachineUpdater] INFO  impl.StateMachineUpdater (StateMachineUpdater.java:takeSnapshot(307)) - 4114dace-2331-46e8-9bd0-01e36750a673@group-5195515A604F-StateMachineUpdater: Took a snapshot at index 1
2025-07-02 18:45:22,562 [4114dace-2331-46e8-9bd0-01e36750a673@group-5195515A604F-StateMachineUpdater] INFO  impl.StateMachineUpdater (StateMachineUpdater.java:lambda$new$0(101)) - 4114dace-2331-46e8-9bd0-01e36750a673@group-5195515A604F-StateMachineUpdater: snapshotIndex: updateIncreasingly 0 -> 1
2025-07-02 18:45:22,562 [c6c1c004-cb80-4a23-8b53-68ef0e0db17b@group-5195515A604F-StateMachineUpdater] INFO  ratis.ContainerStateMachine (ContainerStateMachine.java:takeSnapshot(436)) - group-5195515A604F: Finished taking a snapshot at:(t:1, i:1) file:/home/runner/work/ozone/ozone/hadoop-ozone/integration-test/target/test-dir/MiniOzoneClusterImpl-b7e00dfa-d3b8-45cf-9d3a-2bd5fdfebf54/ozone-meta/datanode-5/ratis/1d88e53e-1d3e-4d9d-a5cb-5195515a604f/sm/snapshot.1_1 took: 2 ms
2025-07-02 18:45:22,563 [c6c1c004-cb80-4a23-8b53-68ef0e0db17b@group-5195515A604F-StateMachineUpdater] INFO  impl.StateMachineUpdater (StateMachineUpdater.java:takeSnapshot(307)) - c6c1c004-cb80-4a23-8b53-68ef0e0db17b@group-5195515A604F-StateMachineUpdater: Took a snapshot at index 1
2025-07-02 18:45:22,563 [c6c1c004-cb80-4a23-8b53-68ef0e0db17b@group-5195515A604F-StateMachineUpdater] INFO  impl.StateMachineUpdater (StateMachineUpdater.java:lambda$new$0(101)) - c6c1c004-cb80-4a23-8b53-68ef0e0db17b@group-5195515A604F-StateMachineUpdater: snapshotIndex: updateIncreasingly 0 -> 1
2025-07-02 18:45:22,562 [95ee4113-9599-4433-8033-e07ec30d3bee@group-5195515A604F-StateMachineUpdater] INFO  ratis.ContainerStateMachine (ContainerStateMachine.java:takeSnapshot(436)) - group-5195515A604F: Finished taking a snapshot at:(t:1, i:1) file:/home/runner/work/ozone/ozone/hadoop-ozone/integration-test/target/test-dir/MiniOzoneClusterImpl-b7e00dfa-d3b8-45cf-9d3a-2bd5fdfebf54/ozone-meta/datanode-4/ratis/1d88e53e-1d3e-4d9d-a5cb-5195515a604f/sm/snapshot.1_1 took: 2 ms
2025-07-02 18:45:22,564 [95ee4113-9599-4433-8033-e07ec30d3bee@group-5195515A604F-StateMachineUpdater] INFO  impl.StateMachineUpdater (StateMachineUpdater.java:takeSnapshot(307)) - 95ee4113-9599-4433-8033-e07ec30d3bee@group-5195515A604F-StateMachineUpdater: Took a snapshot at index 1
2025-07-02 18:45:22,564 [95ee4113-9599-4433-8033-e07ec30d3bee@group-5195515A604F-StateMachineUpdater] INFO  impl.StateMachineUpdater (StateMachineUpdater.java:lambda$new$0(101)) - 95ee4113-9599-4433-8033-e07ec30d3bee@group-5195515A604F-StateMachineUpdater: snapshotIndex: updateIncreasingly 0 -> 1
2025-07-02 18:45:22,620 [71a26ef2-e834-411c-97c5-a30c78105e8f@group-9A9972B2E833-FollowerState] INFO  impl.FollowerState (FollowerState.java:runImpl(161)) - 71a26ef2-e834-411c-97c5-a30c78105e8f@group-9A9972B2E833-FollowerState: change to CANDIDATE, lastRpcElapsedTime:1202283162ns, electionTimeout:1200ms
2025-07-02 18:45:22,621 [71a26ef2-e834-411c-97c5-a30c78105e8f@group-9A9972B2E833-FollowerState] INFO  impl.RoleInfo (RoleInfo.java:shutdownFollowerState(121)) - 71a26ef2-e834-411c-97c5-a30c78105e8f: shutdown 71a26ef2-e834-411c-97c5-a30c78105e8f@group-9A9972B2E833-FollowerState
2025-07-02 18:45:22,621 [71a26ef2-e834-411c-97c5-a30c78105e8f@group-9A9972B2E833-FollowerState] INFO  server.RaftServer$Division (RaftServerImpl.java:setRole(392)) - 71a26ef2-e834-411c-97c5-a30c78105e8f@group-9A9972B2E833: changes role from  FOLLOWER to CANDIDATE at term 0 for changeToCandidate
2025-07-02 18:45:22,621 [71a26ef2-e834-411c-97c5-a30c78105e8f@group-9A9972B2E833-FollowerState] INFO  impl.RoleInfo (RoleInfo.java:updateAndGet(148)) - 71a26ef2-e834-411c-97c5-a30c78105e8f: start 71a26ef2-e834-411c-97c5-a30c78105e8f@group-9A9972B2E833-LeaderElection19
2025-07-02 18:45:22,621 [71a26ef2-e834-411c-97c5-a30c78105e8f@group-9A9972B2E833-LeaderElection19] INFO  impl.LeaderElection (LeaderElection.java:askForVotes(448)) - 71a26ef2-e834-411c-97c5-a30c78105e8f@group-9A9972B2E833-LeaderElection19 PRE_VOTE round 0: submit vote requests at term 0 for conf: {index: -1, cur=peers:[71a26ef2-e834-411c-97c5-a30c78105e8f|127.0.0.1:15071]|listeners:[], old=null}
2025-07-02 18:45:22,622 [71a26ef2-e834-411c-97c5-a30c78105e8f@group-9A9972B2E833-LeaderElection19] INFO  impl.LeaderElection (LeaderElection.java:askForVotes(450)) - 71a26ef2-e834-411c-97c5-a30c78105e8f@group-9A9972B2E833-LeaderElection19 PRE_VOTE round 0: result PASSED (term=0)
2025-07-02 18:45:22,623 [71a26ef2-e834-411c-97c5-a30c78105e8f@group-9A9972B2E833-LeaderElection19] INFO  impl.LeaderElection (LeaderElection.java:askForVotes(448)) - 71a26ef2-e834-411c-97c5-a30c78105e8f@group-9A9972B2E833-LeaderElection19 ELECTION round 0: submit vote requests at term 1 for conf: {index: -1, cur=peers:[71a26ef2-e834-411c-97c5-a30c78105e8f|127.0.0.1:15071]|listeners:[], old=null}
2025-07-02 18:45:22,623 [71a26ef2-e834-411c-97c5-a30c78105e8f@group-9A9972B2E833-LeaderElection19] INFO  impl.LeaderElection (LeaderElection.java:askForVotes(450)) - 71a26ef2-e834-411c-97c5-a30c78105e8f@group-9A9972B2E833-LeaderElection19 ELECTION round 0: result PASSED (term=1)
2025-07-02 18:45:22,623 [71a26ef2-e834-411c-97c5-a30c78105e8f@group-9A9972B2E833-LeaderElection19] INFO  impl.RoleInfo (RoleInfo.java:shutdownLeaderElection(141)) - 71a26ef2-e834-411c-97c5-a30c78105e8f: shutdown 71a26ef2-e834-411c-97c5-a30c78105e8f@group-9A9972B2E833-LeaderElection19
2025-07-02 18:45:22,624 [71a26ef2-e834-411c-97c5-a30c78105e8f@group-9A9972B2E833-LeaderElection19] INFO  server.RaftServer$Division (RaftServerImpl.java:setRole(392)) - 71a26ef2-e834-411c-97c5-a30c78105e8f@group-9A9972B2E833: changes role from CANDIDATE to LEADER at term 1 for changeToLeader
2025-07-02 18:45:22,624 [71a26ef2-e834-411c-97c5-a30c78105e8f@group-9A9972B2E833-LeaderElection19] INFO  server.RaftServerConfigKeys (ConfUtils.java:logFallback(69)) - raft.server.staging.timeout = 15600ms (fallback to raft.server.rpc.timeout.max)
2025-07-02 18:45:22,624 [71a26ef2-e834-411c-97c5-a30c78105e8f@group-9A9972B2E833-LeaderElection19] INFO  server.RaftServerConfigKeys (ConfUtils.java:logGet(62)) - raft.server.write.byte-limit = 1024 M (=1073741824) (custom)
2025-07-02 18:45:22,626 [71a26ef2-e834-411c-97c5-a30c78105e8f@group-9A9972B2E833-LeaderElection19] INFO  impl.RoleInfo (RoleInfo.java:updateAndGet(148)) - 71a26ef2-e834-411c-97c5-a30c78105e8f: start 71a26ef2-e834-411c-97c5-a30c78105e8f@group-9A9972B2E833-LeaderStateImpl
2025-07-02 18:45:22,626 [71a26ef2-e834-411c-97c5-a30c78105e8f@group-9A9972B2E833-LeaderElection19] INFO  server.RaftServer$Division (RaftServerImpl.java:setFirstElection(576)) - 71a26ef2-e834-411c-97c5-a30c78105e8f@group-9A9972B2E833: set firstElectionSinceStartup to false for becomeLeader
2025-07-02 18:45:22,626 [71a26ef2-e834-411c-97c5-a30c78105e8f@group-9A9972B2E833-LeaderElection19] INFO  ratis.XceiverServerRatis (XceiverServerRatis.java:handleLeaderChangedNotification(944)) - Leader change notification received for group: group-9A9972B2E833 with new leaderId: 71a26ef2-e834-411c-97c5-a30c78105e8f
2025-07-02 18:45:22,627 [71a26ef2-e834-411c-97c5-a30c78105e8f@group-9A9972B2E833-LeaderElection19] INFO  server.RaftServer$Division (ServerState.java:setLeader(272)) - 71a26ef2-e834-411c-97c5-a30c78105e8f@group-9A9972B2E833: change Leader from null to 71a26ef2-e834-411c-97c5-a30c78105e8f at term 1 for becomeLeader, leader elected after 1312ms
2025-07-02 18:45:22,627 [71a26ef2-e834-411c-97c5-a30c78105e8f@group-9A9972B2E833-LeaderElection19] INFO  segmented.SegmentedRaftLogWorker (SegmentedRaftLogWorker.java:startLogSegment(440)) - 71a26ef2-e834-411c-97c5-a30c78105e8f@group-9A9972B2E833-SegmentedRaftLogWorker: Starting segment from index:0
2025-07-02 18:45:22,627 [71a26ef2-e834-411c-97c5-a30c78105e8f@group-9A9972B2E833-LeaderElection19] INFO  server.RaftServer$Division (ServerState.java:setRaftConf(386)) - 71a26ef2-e834-411c-97c5-a30c78105e8f@group-9A9972B2E833: set configuration conf: {index: 0, cur=peers:[71a26ef2-e834-411c-97c5-a30c78105e8f|127.0.0.1:15071]|listeners:[], old=null}
2025-07-02 18:45:22,628 [71a26ef2-e834-411c-97c5-a30c78105e8f@group-9A9972B2E833-SegmentedRaftLogWorker] INFO  segmented.BufferedWriteChannel (BufferedWriteChannel.java:open(61)) - open log_inprogress_0 at position 0
2025-07-02 18:45:22,639 [71a26ef2-e834-411c-97c5-a30c78105e8f@group-9A9972B2E833-SegmentedRaftLogWorker] INFO  segmented.SegmentedRaftLogWorker (SegmentedRaftLogWorker.java:execute(647)) - 71a26ef2-e834-411c-97c5-a30c78105e8f@group-9A9972B2E833-SegmentedRaftLogWorker: created new log segment /home/runner/work/ozone/ozone/hadoop-ozone/integration-test/target/test-dir/MiniOzoneClusterImpl-b7e00dfa-d3b8-45cf-9d3a-2bd5fdfebf54/ozone-meta/datanode-8/ratis/5f27ba15-5844-4016-b075-9a9972b2e833/current/log_inprogress_0
2025-07-02 18:45:22,641 [71a26ef2-e834-411c-97c5-a30c78105e8f@group-9A9972B2E833-StateMachineUpdater] INFO  server.RaftServer$Division (LeaderStateImpl.java:checkStartIndex(309)) - Leader 71a26ef2-e834-411c-97c5-a30c78105e8f@group-9A9972B2E833-LeaderStateImpl is ready since appliedIndex == startIndex == 0
2025-07-02 18:45:22,641 [71a26ef2-e834-411c-97c5-a30c78105e8f@group-9A9972B2E833-StateMachineUpdater] INFO  ratis.ContainerStateMachine (ContainerStateMachine.java:takeSnapshot(427)) - group-9A9972B2E833: Taking a snapshot at:(t:1, i:0) file /home/runner/work/ozone/ozone/hadoop-ozone/integration-test/target/test-dir/MiniOzoneClusterImpl-b7e00dfa-d3b8-45cf-9d3a-2bd5fdfebf54/ozone-meta/datanode-8/ratis/5f27ba15-5844-4016-b075-9a9972b2e833/sm/snapshot.1_0
2025-07-02 18:45:22,642 [71a26ef2-e834-411c-97c5-a30c78105e8f@group-9A9972B2E833-StateMachineUpdater] INFO  ratis.ContainerStateMachine (ContainerStateMachine.java:takeSnapshot(436)) - group-9A9972B2E833: Finished taking a snapshot at:(t:1, i:0) file:/home/runner/work/ozone/ozone/hadoop-ozone/integration-test/target/test-dir/MiniOzoneClusterImpl-b7e00dfa-d3b8-45cf-9d3a-2bd5fdfebf54/ozone-meta/datanode-8/ratis/5f27ba15-5844-4016-b075-9a9972b2e833/sm/snapshot.1_0 took: 1 ms
2025-07-02 18:45:22,642 [71a26ef2-e834-411c-97c5-a30c78105e8f@group-9A9972B2E833-StateMachineUpdater] INFO  impl.StateMachineUpdater (StateMachineUpdater.java:takeSnapshot(307)) - 71a26ef2-e834-411c-97c5-a30c78105e8f@group-9A9972B2E833-StateMachineUpdater: Took a snapshot at index 0
2025-07-02 18:45:22,642 [71a26ef2-e834-411c-97c5-a30c78105e8f@group-9A9972B2E833-StateMachineUpdater] INFO  impl.StateMachineUpdater (StateMachineUpdater.java:lambda$new$0(101)) - 71a26ef2-e834-411c-97c5-a30c78105e8f@group-9A9972B2E833-StateMachineUpdater: snapshotIndex: updateIncreasingly -1 -> 0
2025-07-02 18:45:22,692 [92aeff0d-b8ac-4e9e-9ba6-1724c63a8401@group-8FD04F33EAC3-FollowerState] INFO  impl.FollowerState (FollowerState.java:runImpl(161)) - 92aeff0d-b8ac-4e9e-9ba6-1724c63a8401@group-8FD04F33EAC3-FollowerState: change to CANDIDATE, lastRpcElapsedTime:1096102275ns, electionTimeout:1094ms
2025-07-02 18:45:22,692 [92aeff0d-b8ac-4e9e-9ba6-1724c63a8401@group-8FD04F33EAC3-FollowerState] INFO  impl.RoleInfo (RoleInfo.java:shutdownFollowerState(121)) - 92aeff0d-b8ac-4e9e-9ba6-1724c63a8401: shutdown 92aeff0d-b8ac-4e9e-9ba6-1724c63a8401@group-8FD04F33EAC3-FollowerState
2025-07-02 18:45:22,692 [92aeff0d-b8ac-4e9e-9ba6-1724c63a8401@group-8FD04F33EAC3-FollowerState] INFO  server.RaftServer$Division (RaftServerImpl.java:setRole(392)) - 92aeff0d-b8ac-4e9e-9ba6-1724c63a8401@group-8FD04F33EAC3: changes role from  FOLLOWER to CANDIDATE at term 0 for changeToCandidate
2025-07-02 18:45:22,693 [92aeff0d-b8ac-4e9e-9ba6-1724c63a8401@group-8FD04F33EAC3-FollowerState] INFO  impl.RoleInfo (RoleInfo.java:updateAndGet(148)) - 92aeff0d-b8ac-4e9e-9ba6-1724c63a8401: start 92aeff0d-b8ac-4e9e-9ba6-1724c63a8401@group-8FD04F33EAC3-LeaderElection20
2025-07-02 18:45:22,693 [92aeff0d-b8ac-4e9e-9ba6-1724c63a8401@group-8FD04F33EAC3-LeaderElection20] INFO  impl.LeaderElection (LeaderElection.java:askForVotes(448)) - 92aeff0d-b8ac-4e9e-9ba6-1724c63a8401@group-8FD04F33EAC3-LeaderElection20 PRE_VOTE round 0: submit vote requests at term 0 for conf: {index: -1, cur=peers:[9eb5a351-9325-4150-9d0a-de2b7d27d48d|127.0.0.1:15079, 71a26ef2-e834-411c-97c5-a30c78105e8f|127.0.0.1:15071, 92aeff0d-b8ac-4e9e-9ba6-1724c63a8401|127.0.0.1:15063]|listeners:[], old=null}
2025-07-02 18:45:22,695 [grpc-default-executor-0] INFO  server.RaftServer$Division (RaftServerImpl.java:requestVote(1421)) - 71a26ef2-e834-411c-97c5-a30c78105e8f@group-8FD04F33EAC3: receive requestVote(PRE_VOTE, 92aeff0d-b8ac-4e9e-9ba6-1724c63a8401, group-8FD04F33EAC3, 0, <PROTO_DEFAULT>)
2025-07-02 18:45:22,695 [grpc-default-executor-3] INFO  server.RaftServer$Division (RaftServerImpl.java:requestVote(1421)) - 9eb5a351-9325-4150-9d0a-de2b7d27d48d@group-8FD04F33EAC3: receive requestVote(PRE_VOTE, 92aeff0d-b8ac-4e9e-9ba6-1724c63a8401, group-8FD04F33EAC3, 0, <PROTO_DEFAULT>)
2025-07-02 18:45:22,695 [grpc-default-executor-0] INFO  impl.VoteContext (VoteContext.java:log(49)) - 71a26ef2-e834-411c-97c5-a30c78105e8f@group-8FD04F33EAC3-FOLLOWER: accept PRE_VOTE from 92aeff0d-b8ac-4e9e-9ba6-1724c63a8401: our priority 0 <= candidate's priority 0
2025-07-02 18:45:22,695 [grpc-default-executor-3] INFO  impl.VoteContext (VoteContext.java:log(49)) - 9eb5a351-9325-4150-9d0a-de2b7d27d48d@group-8FD04F33EAC3-FOLLOWER: reject PRE_VOTE from 92aeff0d-b8ac-4e9e-9ba6-1724c63a8401: our priority 1 > candidate's priority 0
2025-07-02 18:45:22,695 [grpc-default-executor-0] INFO  server.RaftServer$Division (RaftServerImpl.java:requestVote(1455)) - 71a26ef2-e834-411c-97c5-a30c78105e8f@group-8FD04F33EAC3 replies to PRE_VOTE vote request: 92aeff0d-b8ac-4e9e-9ba6-1724c63a8401<-71a26ef2-e834-411c-97c5-a30c78105e8f#0:OK-t0-last:<INITIAL_VALUE>. Peer's state: 71a26ef2-e834-411c-97c5-a30c78105e8f@group-8FD04F33EAC3:t0, leader=null, voted=, raftlog=Memoized:71a26ef2-e834-411c-97c5-a30c78105e8f@group-8FD04F33EAC3-SegmentedRaftLog:OPENED:c-1:lastnull, conf=conf: {index: -1, cur=peers:[9eb5a351-9325-4150-9d0a-de2b7d27d48d|127.0.0.1:15079, 71a26ef2-e834-411c-97c5-a30c78105e8f|127.0.0.1:15071, 92aeff0d-b8ac-4e9e-9ba6-1724c63a8401|127.0.0.1:15063]|listeners:[], old=null}
2025-07-02 18:45:22,695 [grpc-default-executor-3] INFO  server.RaftServer$Division (RaftServerImpl.java:requestVote(1455)) - 9eb5a351-9325-4150-9d0a-de2b7d27d48d@group-8FD04F33EAC3 replies to PRE_VOTE vote request: 92aeff0d-b8ac-4e9e-9ba6-1724c63a8401<-9eb5a351-9325-4150-9d0a-de2b7d27d48d#0:FAIL-t0-last:<INITIAL_VALUE>. Peer's state: 9eb5a351-9325-4150-9d0a-de2b7d27d48d@group-8FD04F33EAC3:t0, leader=null, voted=, raftlog=Memoized:9eb5a351-9325-4150-9d0a-de2b7d27d48d@group-8FD04F33EAC3-SegmentedRaftLog:OPENED:c-1:lastnull, conf=conf: {index: -1, cur=peers:[9eb5a351-9325-4150-9d0a-de2b7d27d48d|127.0.0.1:15079, 71a26ef2-e834-411c-97c5-a30c78105e8f|127.0.0.1:15071, 92aeff0d-b8ac-4e9e-9ba6-1724c63a8401|127.0.0.1:15063]|listeners:[], old=null}
2025-07-02 18:45:22,696 [92aeff0d-b8ac-4e9e-9ba6-1724c63a8401@group-8FD04F33EAC3-LeaderElection20] INFO  impl.LeaderElection (LeaderElection.java:logAndReturn(206)) - 92aeff0d-b8ac-4e9e-9ba6-1724c63a8401@group-8FD04F33EAC3-LeaderElection20: PRE_VOTE REJECTED received 1 response(s) and 0 exception(s):
2025-07-02 18:45:22,696 [92aeff0d-b8ac-4e9e-9ba6-1724c63a8401@group-8FD04F33EAC3-LeaderElection20] INFO  impl.LeaderElection (LeaderElection.java:logAndReturn(210)) -   Response 0: 92aeff0d-b8ac-4e9e-9ba6-1724c63a8401<-9eb5a351-9325-4150-9d0a-de2b7d27d48d#0:FAIL-t0-last:<INITIAL_VALUE>
2025-07-02 18:45:22,697 [92aeff0d-b8ac-4e9e-9ba6-1724c63a8401@group-8FD04F33EAC3-LeaderElection20] INFO  impl.LeaderElection (LeaderElection.java:askForVotes(450)) - 92aeff0d-b8ac-4e9e-9ba6-1724c63a8401@group-8FD04F33EAC3-LeaderElection20 PRE_VOTE round 0: result REJECTED
2025-07-02 18:45:22,697 [92aeff0d-b8ac-4e9e-9ba6-1724c63a8401@group-8FD04F33EAC3-LeaderElection20] INFO  server.RaftServer$Division (RaftServerImpl.java:setRole(392)) - 92aeff0d-b8ac-4e9e-9ba6-1724c63a8401@group-8FD04F33EAC3: changes role from CANDIDATE to FOLLOWER at term 0 for REJECTED
2025-07-02 18:45:22,697 [92aeff0d-b8ac-4e9e-9ba6-1724c63a8401@group-8FD04F33EAC3-LeaderElection20] INFO  impl.RoleInfo (RoleInfo.java:shutdownLeaderElection(141)) - 92aeff0d-b8ac-4e9e-9ba6-1724c63a8401: shutdown 92aeff0d-b8ac-4e9e-9ba6-1724c63a8401@group-8FD04F33EAC3-LeaderElection20
2025-07-02 18:45:22,697 [92aeff0d-b8ac-4e9e-9ba6-1724c63a8401@group-8FD04F33EAC3-LeaderElection20] INFO  impl.RoleInfo (RoleInfo.java:updateAndGet(148)) - 92aeff0d-b8ac-4e9e-9ba6-1724c63a8401: start 92aeff0d-b8ac-4e9e-9ba6-1724c63a8401@group-8FD04F33EAC3-FollowerState
2025-07-02 18:45:22,697 [92aeff0d-b8ac-4e9e-9ba6-1724c63a8401@group-8FD04F33EAC3-LeaderElection20] INFO  server.RaftServer$Division (RaftServerImpl.java:setFirstElection(576)) - 92aeff0d-b8ac-4e9e-9ba6-1724c63a8401@group-8FD04F33EAC3: set firstElectionSinceStartup to false for REJECTED
2025-07-02 18:45:22,762 [9eb5a351-9325-4150-9d0a-de2b7d27d48d@group-8FD04F33EAC3-FollowerState] INFO  impl.FollowerState (FollowerState.java:runImpl(161)) - 9eb5a351-9325-4150-9d0a-de2b7d27d48d@group-8FD04F33EAC3-FollowerState: change to CANDIDATE, lastRpcElapsedTime:1018760439ns, electionTimeout:1018ms
2025-07-02 18:45:22,762 [9eb5a351-9325-4150-9d0a-de2b7d27d48d@group-8FD04F33EAC3-FollowerState] INFO  impl.RoleInfo (RoleInfo.java:shutdownFollowerState(121)) - 9eb5a351-9325-4150-9d0a-de2b7d27d48d: shutdown 9eb5a351-9325-4150-9d0a-de2b7d27d48d@group-8FD04F33EAC3-FollowerState
2025-07-02 18:45:22,763 [9eb5a351-9325-4150-9d0a-de2b7d27d48d@group-8FD04F33EAC3-FollowerState] INFO  server.RaftServer$Division (RaftServerImpl.java:setRole(392)) - 9eb5a351-9325-4150-9d0a-de2b7d27d48d@group-8FD04F33EAC3: changes role from  FOLLOWER to CANDIDATE at term 0 for changeToCandidate
2025-07-02 18:45:22,763 [9eb5a351-9325-4150-9d0a-de2b7d27d48d@group-8FD04F33EAC3-FollowerState] INFO  impl.RoleInfo (RoleInfo.java:updateAndGet(148)) - 9eb5a351-9325-4150-9d0a-de2b7d27d48d: start 9eb5a351-9325-4150-9d0a-de2b7d27d48d@group-8FD04F33EAC3-LeaderElection21
2025-07-02 18:45:22,763 [9eb5a351-9325-4150-9d0a-de2b7d27d48d@group-8FD04F33EAC3-LeaderElection21] INFO  impl.LeaderElection (LeaderElection.java:askForVotes(448)) - 9eb5a351-9325-4150-9d0a-de2b7d27d48d@group-8FD04F33EAC3-LeaderElection21 PRE_VOTE round 0: submit vote requests at term 0 for conf: {index: -1, cur=peers:[9eb5a351-9325-4150-9d0a-de2b7d27d48d|127.0.0.1:15079, 71a26ef2-e834-411c-97c5-a30c78105e8f|127.0.0.1:15071, 92aeff0d-b8ac-4e9e-9ba6-1724c63a8401|127.0.0.1:15063]|listeners:[], old=null}
2025-07-02 18:45:22,763 [9eb5a351-9325-4150-9d0a-de2b7d27d48d@group-8FD04F33EAC3-LeaderElection21-1] INFO  server.GrpcServerProtocolClient (GrpcServerProtocolClient.java:<init>(65)) - Build channel for 71a26ef2-e834-411c-97c5-a30c78105e8f|127.0.0.1:15071
2025-07-02 18:45:22,764 [9eb5a351-9325-4150-9d0a-de2b7d27d48d@group-8FD04F33EAC3-LeaderElection21-2] INFO  server.GrpcServerProtocolClient (GrpcServerProtocolClient.java:<init>(65)) - Build channel for 92aeff0d-b8ac-4e9e-9ba6-1724c63a8401|127.0.0.1:15063
2025-07-02 18:45:22,768 [grpc-default-executor-3] INFO  server.RaftServer$Division (RaftServerImpl.java:requestVote(1421)) - 92aeff0d-b8ac-4e9e-9ba6-1724c63a8401@group-8FD04F33EAC3: receive requestVote(PRE_VOTE, 9eb5a351-9325-4150-9d0a-de2b7d27d48d, group-8FD04F33EAC3, 0, <PROTO_DEFAULT>)
2025-07-02 18:45:22,768 [grpc-default-executor-0] INFO  server.RaftServer$Division (RaftServerImpl.java:requestVote(1421)) - 71a26ef2-e834-411c-97c5-a30c78105e8f@group-8FD04F33EAC3: receive requestVote(PRE_VOTE, 9eb5a351-9325-4150-9d0a-de2b7d27d48d, group-8FD04F33EAC3, 0, <PROTO_DEFAULT>)
2025-07-02 18:45:22,768 [grpc-default-executor-0] INFO  impl.VoteContext (VoteContext.java:log(49)) - 71a26ef2-e834-411c-97c5-a30c78105e8f@group-8FD04F33EAC3-FOLLOWER: accept PRE_VOTE from 9eb5a351-9325-4150-9d0a-de2b7d27d48d: our priority 0 <= candidate's priority 1
2025-07-02 18:45:22,769 [grpc-default-executor-0] INFO  server.RaftServer$Division (RaftServerImpl.java:requestVote(1455)) - 71a26ef2-e834-411c-97c5-a30c78105e8f@group-8FD04F33EAC3 replies to PRE_VOTE vote request: 9eb5a351-9325-4150-9d0a-de2b7d27d48d<-71a26ef2-e834-411c-97c5-a30c78105e8f#0:OK-t0-last:<INITIAL_VALUE>. Peer's state: 71a26ef2-e834-411c-97c5-a30c78105e8f@group-8FD04F33EAC3:t0, leader=null, voted=, raftlog=Memoized:71a26ef2-e834-411c-97c5-a30c78105e8f@group-8FD04F33EAC3-SegmentedRaftLog:OPENED:c-1:lastnull, conf=conf: {index: -1, cur=peers:[9eb5a351-9325-4150-9d0a-de2b7d27d48d|127.0.0.1:15079, 71a26ef2-e834-411c-97c5-a30c78105e8f|127.0.0.1:15071, 92aeff0d-b8ac-4e9e-9ba6-1724c63a8401|127.0.0.1:15063]|listeners:[], old=null}
2025-07-02 18:45:22,768 [grpc-default-executor-3] INFO  impl.VoteContext (VoteContext.java:log(49)) - 92aeff0d-b8ac-4e9e-9ba6-1724c63a8401@group-8FD04F33EAC3-FOLLOWER: accept PRE_VOTE from 9eb5a351-9325-4150-9d0a-de2b7d27d48d: our priority 0 <= candidate's priority 1
2025-07-02 18:45:22,769 [grpc-default-executor-3] INFO  server.RaftServer$Division (RaftServerImpl.java:requestVote(1455)) - 92aeff0d-b8ac-4e9e-9ba6-1724c63a8401@group-8FD04F33EAC3 replies to PRE_VOTE vote request: 9eb5a351-9325-4150-9d0a-de2b7d27d48d<-92aeff0d-b8ac-4e9e-9ba6-1724c63a8401#0:OK-t0-last:<INITIAL_VALUE>. Peer's state: 92aeff0d-b8ac-4e9e-9ba6-1724c63a8401@group-8FD04F33EAC3:t0, leader=null, voted=, raftlog=Memoized:92aeff0d-b8ac-4e9e-9ba6-1724c63a8401@group-8FD04F33EAC3-SegmentedRaftLog:OPENED:c-1:lastnull, conf=conf: {index: -1, cur=peers:[9eb5a351-9325-4150-9d0a-de2b7d27d48d|127.0.0.1:15079, 71a26ef2-e834-411c-97c5-a30c78105e8f|127.0.0.1:15071, 92aeff0d-b8ac-4e9e-9ba6-1724c63a8401|127.0.0.1:15063]|listeners:[], old=null}
2025-07-02 18:45:22,770 [9eb5a351-9325-4150-9d0a-de2b7d27d48d@group-8FD04F33EAC3-LeaderElection21] INFO  impl.LeaderElection (LeaderElection.java:logAndReturn(206)) - 9eb5a351-9325-4150-9d0a-de2b7d27d48d@group-8FD04F33EAC3-LeaderElection21: PRE_VOTE PASSED received 1 response(s) and 0 exception(s):
2025-07-02 18:45:22,770 [9eb5a351-9325-4150-9d0a-de2b7d27d48d@group-8FD04F33EAC3-LeaderElection21] INFO  impl.LeaderElection (LeaderElection.java:logAndReturn(210)) -   Response 0: 9eb5a351-9325-4150-9d0a-de2b7d27d48d<-71a26ef2-e834-411c-97c5-a30c78105e8f#0:OK-t0-last:<INITIAL_VALUE>
2025-07-02 18:45:22,770 [9eb5a351-9325-4150-9d0a-de2b7d27d48d@group-8FD04F33EAC3-LeaderElection21] INFO  impl.LeaderElection (LeaderElection.java:askForVotes(450)) - 9eb5a351-9325-4150-9d0a-de2b7d27d48d@group-8FD04F33EAC3-LeaderElection21 PRE_VOTE round 0: result PASSED
2025-07-02 18:45:22,772 [9eb5a351-9325-4150-9d0a-de2b7d27d48d@group-8FD04F33EAC3-LeaderElection21] INFO  impl.LeaderElection (LeaderElection.java:askForVotes(448)) - 9eb5a351-9325-4150-9d0a-de2b7d27d48d@group-8FD04F33EAC3-LeaderElection21 ELECTION round 0: submit vote requests at term 1 for conf: {index: -1, cur=peers:[9eb5a351-9325-4150-9d0a-de2b7d27d48d|127.0.0.1:15079, 71a26ef2-e834-411c-97c5-a30c78105e8f|127.0.0.1:15071, 92aeff0d-b8ac-4e9e-9ba6-1724c63a8401|127.0.0.1:15063]|listeners:[], old=null}
2025-07-02 18:45:22,774 [grpc-default-executor-3] INFO  server.RaftServer$Division (RaftServerImpl.java:requestVote(1421)) - 71a26ef2-e834-411c-97c5-a30c78105e8f@group-8FD04F33EAC3: receive requestVote(ELECTION, 9eb5a351-9325-4150-9d0a-de2b7d27d48d, group-8FD04F33EAC3, 1, <PROTO_DEFAULT>)
2025-07-02 18:45:22,774 [grpc-default-executor-3] INFO  impl.VoteContext (VoteContext.java:log(49)) - 71a26ef2-e834-411c-97c5-a30c78105e8f@group-8FD04F33EAC3-FOLLOWER: accept ELECTION from 9eb5a351-9325-4150-9d0a-de2b7d27d48d: our priority 0 <= candidate's priority 1
2025-07-02 18:45:22,774 [grpc-default-executor-3] INFO  server.RaftServer$Division (RaftServerImpl.java:setRole(392)) - 71a26ef2-e834-411c-97c5-a30c78105e8f@group-8FD04F33EAC3: changes role from  FOLLOWER to FOLLOWER at term 0 for candidate:9eb5a351-9325-4150-9d0a-de2b7d27d48d
2025-07-02 18:45:22,774 [grpc-default-executor-3] INFO  impl.RoleInfo (RoleInfo.java:shutdownFollowerState(121)) - 71a26ef2-e834-411c-97c5-a30c78105e8f: shutdown 71a26ef2-e834-411c-97c5-a30c78105e8f@group-8FD04F33EAC3-FollowerState
2025-07-02 18:45:22,774 [grpc-default-executor-3] INFO  impl.RoleInfo (RoleInfo.java:updateAndGet(148)) - 71a26ef2-e834-411c-97c5-a30c78105e8f: start 71a26ef2-e834-411c-97c5-a30c78105e8f@group-8FD04F33EAC3-FollowerState
2025-07-02 18:45:22,774 [grpc-default-executor-3] INFO  server.RaftServer$Division (RaftServerImpl.java:setFirstElection(576)) - 71a26ef2-e834-411c-97c5-a30c78105e8f@group-8FD04F33EAC3: set firstElectionSinceStartup to false for candidate:9eb5a351-9325-4150-9d0a-de2b7d27d48d
2025-07-02 18:45:22,774 [71a26ef2-e834-411c-97c5-a30c78105e8f@group-8FD04F33EAC3-FollowerState] INFO  impl.FollowerState (FollowerState.java:runImpl(170)) - 71a26ef2-e834-411c-97c5-a30c78105e8f@group-8FD04F33EAC3-FollowerState was interrupted
2025-07-02 18:45:22,776 [grpc-default-executor-0] INFO  server.RaftServer$Division (RaftServerImpl.java:requestVote(1421)) - 92aeff0d-b8ac-4e9e-9ba6-1724c63a8401@group-8FD04F33EAC3: receive requestVote(ELECTION, 9eb5a351-9325-4150-9d0a-de2b7d27d48d, group-8FD04F33EAC3, 1, <PROTO_DEFAULT>)
2025-07-02 18:45:22,776 [grpc-default-executor-0] INFO  impl.VoteContext (VoteContext.java:log(49)) - 92aeff0d-b8ac-4e9e-9ba6-1724c63a8401@group-8FD04F33EAC3-FOLLOWER: accept ELECTION from 9eb5a351-9325-4150-9d0a-de2b7d27d48d: our priority 0 <= candidate's priority 1
2025-07-02 18:45:22,777 [grpc-default-executor-0] INFO  server.RaftServer$Division (RaftServerImpl.java:setRole(392)) - 92aeff0d-b8ac-4e9e-9ba6-1724c63a8401@group-8FD04F33EAC3: changes role from  FOLLOWER to FOLLOWER at term 0 for candidate:9eb5a351-9325-4150-9d0a-de2b7d27d48d
2025-07-02 18:45:22,777 [grpc-default-executor-0] INFO  impl.RoleInfo (RoleInfo.java:shutdownFollowerState(121)) - 92aeff0d-b8ac-4e9e-9ba6-1724c63a8401: shutdown 92aeff0d-b8ac-4e9e-9ba6-1724c63a8401@group-8FD04F33EAC3-FollowerState
2025-07-02 18:45:22,777 [grpc-default-executor-3] INFO  server.RaftServer$Division (RaftServerImpl.java:requestVote(1455)) - 71a26ef2-e834-411c-97c5-a30c78105e8f@group-8FD04F33EAC3 replies to ELECTION vote request: 9eb5a351-9325-4150-9d0a-de2b7d27d48d<-71a26ef2-e834-411c-97c5-a30c78105e8f#0:OK-t1-last:<INITIAL_VALUE>. Peer's state: 71a26ef2-e834-411c-97c5-a30c78105e8f@group-8FD04F33EAC3:t1, leader=null, voted=9eb5a351-9325-4150-9d0a-de2b7d27d48d, raftlog=Memoized:71a26ef2-e834-411c-97c5-a30c78105e8f@group-8FD04F33EAC3-SegmentedRaftLog:OPENED:c-1:lastnull, conf=conf: {index: -1, cur=peers:[9eb5a351-9325-4150-9d0a-de2b7d27d48d|127.0.0.1:15079, 71a26ef2-e834-411c-97c5-a30c78105e8f|127.0.0.1:15071, 92aeff0d-b8ac-4e9e-9ba6-1724c63a8401|127.0.0.1:15063]|listeners:[], old=null}
2025-07-02 18:45:22,777 [92aeff0d-b8ac-4e9e-9ba6-1724c63a8401@group-8FD04F33EAC3-FollowerState] INFO  impl.FollowerState (FollowerState.java:runImpl(170)) - 92aeff0d-b8ac-4e9e-9ba6-1724c63a8401@group-8FD04F33EAC3-FollowerState was interrupted
2025-07-02 18:45:22,777 [grpc-default-executor-0] INFO  impl.RoleInfo (RoleInfo.java:updateAndGet(148)) - 92aeff0d-b8ac-4e9e-9ba6-1724c63a8401: start 92aeff0d-b8ac-4e9e-9ba6-1724c63a8401@group-8FD04F33EAC3-FollowerState
2025-07-02 18:45:22,778 [9eb5a351-9325-4150-9d0a-de2b7d27d48d@group-8FD04F33EAC3-LeaderElection21] INFO  impl.LeaderElection (LeaderElection.java:logAndReturn(206)) - 9eb5a351-9325-4150-9d0a-de2b7d27d48d@group-8FD04F33EAC3-LeaderElection21: ELECTION PASSED received 1 response(s) and 0 exception(s):
2025-07-02 18:45:22,778 [9eb5a351-9325-4150-9d0a-de2b7d27d48d@group-8FD04F33EAC3-LeaderElection21] INFO  impl.LeaderElection (LeaderElection.java:logAndReturn(210)) -   Response 0: 9eb5a351-9325-4150-9d0a-de2b7d27d48d<-71a26ef2-e834-411c-97c5-a30c78105e8f#0:OK-t1-last:<INITIAL_VALUE>
2025-07-02 18:45:22,779 [9eb5a351-9325-4150-9d0a-de2b7d27d48d@group-8FD04F33EAC3-LeaderElection21] INFO  impl.LeaderElection (LeaderElection.java:askForVotes(450)) - 9eb5a351-9325-4150-9d0a-de2b7d27d48d@group-8FD04F33EAC3-LeaderElection21 ELECTION round 0: result PASSED
2025-07-02 18:45:22,779 [9eb5a351-9325-4150-9d0a-de2b7d27d48d@group-8FD04F33EAC3-LeaderElection21] INFO  impl.RoleInfo (RoleInfo.java:shutdownLeaderElection(141)) - 9eb5a351-9325-4150-9d0a-de2b7d27d48d: shutdown 9eb5a351-9325-4150-9d0a-de2b7d27d48d@group-8FD04F33EAC3-LeaderElection21
2025-07-02 18:45:22,779 [9eb5a351-9325-4150-9d0a-de2b7d27d48d@group-8FD04F33EAC3-LeaderElection21] INFO  server.RaftServer$Division (RaftServerImpl.java:setRole(392)) - 9eb5a351-9325-4150-9d0a-de2b7d27d48d@group-8FD04F33EAC3: changes role from CANDIDATE to LEADER at term 1 for changeToLeader
2025-07-02 18:45:22,779 [9eb5a351-9325-4150-9d0a-de2b7d27d48d@group-8FD04F33EAC3-LeaderElection21] INFO  server.RaftServerConfigKeys (ConfUtils.java:logFallback(69)) - raft.server.staging.timeout = 15600ms (fallback to raft.server.rpc.timeout.max)
2025-07-02 18:45:22,779 [9eb5a351-9325-4150-9d0a-de2b7d27d48d@group-8FD04F33EAC3-LeaderElection21] INFO  server.RaftServerConfigKeys (ConfUtils.java:logGet(62)) - raft.server.write.byte-limit = 1024 M (=1073741824) (custom)
2025-07-02 18:45:22,779 [grpc-default-executor-0] INFO  server.RaftServer$Division (RaftServerImpl.java:requestVote(1455)) - 92aeff0d-b8ac-4e9e-9ba6-1724c63a8401@group-8FD04F33EAC3 replies to ELECTION vote request: 9eb5a351-9325-4150-9d0a-de2b7d27d48d<-92aeff0d-b8ac-4e9e-9ba6-1724c63a8401#0:OK-t1-last:<INITIAL_VALUE>. Peer's state: 92aeff0d-b8ac-4e9e-9ba6-1724c63a8401@group-8FD04F33EAC3:t1, leader=null, voted=9eb5a351-9325-4150-9d0a-de2b7d27d48d, raftlog=Memoized:92aeff0d-b8ac-4e9e-9ba6-1724c63a8401@group-8FD04F33EAC3-SegmentedRaftLog:OPENED:c-1:lastnull, conf=conf: {index: -1, cur=peers:[9eb5a351-9325-4150-9d0a-de2b7d27d48d|127.0.0.1:15079, 71a26ef2-e834-411c-97c5-a30c78105e8f|127.0.0.1:15071, 92aeff0d-b8ac-4e9e-9ba6-1724c63a8401|127.0.0.1:15063]|listeners:[], old=null}
2025-07-02 18:45:22,780 [9eb5a351-9325-4150-9d0a-de2b7d27d48d@group-8FD04F33EAC3-LeaderElection21] INFO  server.RaftServerConfigKeys (ConfUtils.java:logGet(62)) - raft.server.log.appender.buffer.byte-limit = 33554432 (custom)
2025-07-02 18:45:22,782 [9eb5a351-9325-4150-9d0a-de2b7d27d48d@group-8FD04F33EAC3-LeaderElection21] INFO  server.RaftServerConfigKeys (ConfUtils.java:logGet(62)) - raft.server.log.appender.buffer.byte-limit = 33554432 (custom)
2025-07-02 18:45:22,782 [9eb5a351-9325-4150-9d0a-de2b7d27d48d@group-8FD04F33EAC3-LeaderElection21] INFO  impl.RoleInfo (RoleInfo.java:updateAndGet(148)) - 9eb5a351-9325-4150-9d0a-de2b7d27d48d: start 9eb5a351-9325-4150-9d0a-de2b7d27d48d@group-8FD04F33EAC3-LeaderStateImpl
2025-07-02 18:45:22,782 [9eb5a351-9325-4150-9d0a-de2b7d27d48d@group-8FD04F33EAC3-LeaderElection21] INFO  server.RaftServer$Division (RaftServerImpl.java:setFirstElection(576)) - 9eb5a351-9325-4150-9d0a-de2b7d27d48d@group-8FD04F33EAC3: set firstElectionSinceStartup to false for becomeLeader
2025-07-02 18:45:22,782 [9eb5a351-9325-4150-9d0a-de2b7d27d48d@group-8FD04F33EAC3-LeaderElection21] INFO  ratis.XceiverServerRatis (XceiverServerRatis.java:handleLeaderChangedNotification(944)) - Leader change notification received for group: group-8FD04F33EAC3 with new leaderId: 9eb5a351-9325-4150-9d0a-de2b7d27d48d
2025-07-02 18:45:22,782 [9eb5a351-9325-4150-9d0a-de2b7d27d48d@group-8FD04F33EAC3-LeaderElection21] INFO  server.RaftServer$Division (ServerState.java:setLeader(272)) - 9eb5a351-9325-4150-9d0a-de2b7d27d48d@group-8FD04F33EAC3: change Leader from null to 9eb5a351-9325-4150-9d0a-de2b7d27d48d at term 1 for becomeLeader, leader elected after 1137ms
2025-07-02 18:45:22,783 [9eb5a351-9325-4150-9d0a-de2b7d27d48d@group-8FD04F33EAC3-LeaderElection21] INFO  segmented.SegmentedRaftLogWorker (SegmentedRaftLogWorker.java:startLogSegment(440)) - 9eb5a351-9325-4150-9d0a-de2b7d27d48d@group-8FD04F33EAC3-SegmentedRaftLogWorker: Starting segment from index:0
2025-07-02 18:45:22,783 [9eb5a351-9325-4150-9d0a-de2b7d27d48d@group-8FD04F33EAC3-LeaderElection21] INFO  server.RaftServer$Division (ServerState.java:setRaftConf(386)) - 9eb5a351-9325-4150-9d0a-de2b7d27d48d@group-8FD04F33EAC3: set configuration conf: {index: 0, cur=peers:[9eb5a351-9325-4150-9d0a-de2b7d27d48d|127.0.0.1:15079, 71a26ef2-e834-411c-97c5-a30c78105e8f|127.0.0.1:15071, 92aeff0d-b8ac-4e9e-9ba6-1724c63a8401|127.0.0.1:15063]|listeners:[], old=null}
2025-07-02 18:45:22,784 [9eb5a351-9325-4150-9d0a-de2b7d27d48d@group-8FD04F33EAC3-SegmentedRaftLogWorker] INFO  segmented.BufferedWriteChannel (BufferedWriteChannel.java:open(61)) - open log_inprogress_0 at position 0
2025-07-02 18:45:22,790 [EventQueue-PipelineReportForPipelineReportHandler] INFO  pipeline.PipelineReportHandler (PipelineReportHandler.java:processPipelineReport(134)) - Opened pipeline Pipeline-bdaade3c-0733-45ca-8236-8fd04f33eac3
2025-07-02 18:45:22,791 [grpc-default-executor-0] INFO  ratis.XceiverServerRatis (XceiverServerRatis.java:handleLeaderChangedNotification(944)) - Leader change notification received for group: group-8FD04F33EAC3 with new leaderId: 9eb5a351-9325-4150-9d0a-de2b7d27d48d
2025-07-02 18:45:22,791 [grpc-default-executor-0] INFO  server.RaftServer$Division (ServerState.java:setLeader(272)) - 92aeff0d-b8ac-4e9e-9ba6-1724c63a8401@group-8FD04F33EAC3: change Leader from null to 9eb5a351-9325-4150-9d0a-de2b7d27d48d at term 1 for appendEntries, leader elected after 1314ms
2025-07-02 18:45:22,792 [grpc-default-executor-2] INFO  ratis.XceiverServerRatis (XceiverServerRatis.java:handleLeaderChangedNotification(944)) - Leader change notification received for group: group-8FD04F33EAC3 with new leaderId: 9eb5a351-9325-4150-9d0a-de2b7d27d48d
2025-07-02 18:45:22,792 [grpc-default-executor-2] INFO  server.RaftServer$Division (ServerState.java:setLeader(272)) - 71a26ef2-e834-411c-97c5-a30c78105e8f@group-8FD04F33EAC3: change Leader from null to 9eb5a351-9325-4150-9d0a-de2b7d27d48d at term 1 for appendEntries, leader elected after 1125ms
2025-07-02 18:45:22,792 [grpc-default-executor-4] INFO  server.RaftServer$Division (ServerState.java:setRaftConf(386)) - 71a26ef2-e834-411c-97c5-a30c78105e8f@group-8FD04F33EAC3: set configuration conf: {index: 0, cur=peers:[9eb5a351-9325-4150-9d0a-de2b7d27d48d|127.0.0.1:15079, 71a26ef2-e834-411c-97c5-a30c78105e8f|127.0.0.1:15071, 92aeff0d-b8ac-4e9e-9ba6-1724c63a8401|127.0.0.1:15063]|listeners:[], old=null}
2025-07-02 18:45:22,793 [grpc-default-executor-4] INFO  segmented.SegmentedRaftLogWorker (SegmentedRaftLogWorker.java:startLogSegment(440)) - 71a26ef2-e834-411c-97c5-a30c78105e8f@group-8FD04F33EAC3-SegmentedRaftLogWorker: Starting segment from index:0
2025-07-02 18:45:22,794 [71a26ef2-e834-411c-97c5-a30c78105e8f@group-8FD04F33EAC3-SegmentedRaftLogWorker] INFO  segmented.BufferedWriteChannel (BufferedWriteChannel.java:open(61)) - open log_inprogress_0 at position 0
2025-07-02 18:45:22,795 [grpc-default-executor-0] INFO  server.RaftServer$Division (ServerState.java:setRaftConf(386)) - 92aeff0d-b8ac-4e9e-9ba6-1724c63a8401@group-8FD04F33EAC3: set configuration conf: {index: 0, cur=peers:[9eb5a351-9325-4150-9d0a-de2b7d27d48d|127.0.0.1:15079, 71a26ef2-e834-411c-97c5-a30c78105e8f|127.0.0.1:15071, 92aeff0d-b8ac-4e9e-9ba6-1724c63a8401|127.0.0.1:15063]|listeners:[], old=null}
2025-07-02 18:45:22,795 [grpc-default-executor-0] INFO  segmented.SegmentedRaftLogWorker (SegmentedRaftLogWorker.java:startLogSegment(440)) - 92aeff0d-b8ac-4e9e-9ba6-1724c63a8401@group-8FD04F33EAC3-SegmentedRaftLogWorker: Starting segment from index:0
2025-07-02 18:45:22,796 [92aeff0d-b8ac-4e9e-9ba6-1724c63a8401@group-8FD04F33EAC3-SegmentedRaftLogWorker] INFO  segmented.BufferedWriteChannel (BufferedWriteChannel.java:open(61)) - open log_inprogress_0 at position 0
2025-07-02 18:45:22,798 [9eb5a351-9325-4150-9d0a-de2b7d27d48d@group-8FD04F33EAC3-SegmentedRaftLogWorker] INFO  segmented.SegmentedRaftLogWorker (SegmentedRaftLogWorker.java:execute(647)) - 9eb5a351-9325-4150-9d0a-de2b7d27d48d@group-8FD04F33EAC3-SegmentedRaftLogWorker: created new log segment /home/runner/work/ozone/ozone/hadoop-ozone/integration-test/target/test-dir/MiniOzoneClusterImpl-b7e00dfa-d3b8-45cf-9d3a-2bd5fdfebf54/ozone-meta/datanode-9/ratis/bdaade3c-0733-45ca-8236-8fd04f33eac3/current/log_inprogress_0
2025-07-02 18:45:22,807 [71a26ef2-e834-411c-97c5-a30c78105e8f@group-8FD04F33EAC3-SegmentedRaftLogWorker] INFO  segmented.SegmentedRaftLogWorker (SegmentedRaftLogWorker.java:execute(647)) - 71a26ef2-e834-411c-97c5-a30c78105e8f@group-8FD04F33EAC3-SegmentedRaftLogWorker: created new log segment /home/runner/work/ozone/ozone/hadoop-ozone/integration-test/target/test-dir/MiniOzoneClusterImpl-b7e00dfa-d3b8-45cf-9d3a-2bd5fdfebf54/ozone-meta/datanode-8/ratis/bdaade3c-0733-45ca-8236-8fd04f33eac3/current/log_inprogress_0
2025-07-02 18:45:22,808 [92aeff0d-b8ac-4e9e-9ba6-1724c63a8401@group-8FD04F33EAC3-SegmentedRaftLogWorker] INFO  segmented.SegmentedRaftLogWorker (SegmentedRaftLogWorker.java:execute(647)) - 92aeff0d-b8ac-4e9e-9ba6-1724c63a8401@group-8FD04F33EAC3-SegmentedRaftLogWorker: created new log segment /home/runner/work/ozone/ozone/hadoop-ozone/integration-test/target/test-dir/MiniOzoneClusterImpl-b7e00dfa-d3b8-45cf-9d3a-2bd5fdfebf54/ozone-meta/datanode-7/ratis/bdaade3c-0733-45ca-8236-8fd04f33eac3/current/log_inprogress_0
2025-07-02 18:45:22,810 [9eb5a351-9325-4150-9d0a-de2b7d27d48d@group-8FD04F33EAC3-StateMachineUpdater] INFO  server.RaftServer$Division (LeaderStateImpl.java:checkStartIndex(309)) - Leader 9eb5a351-9325-4150-9d0a-de2b7d27d48d@group-8FD04F33EAC3-LeaderStateImpl is ready since appliedIndex == startIndex == 0
2025-07-02 18:45:22,811 [9eb5a351-9325-4150-9d0a-de2b7d27d48d@group-8FD04F33EAC3-StateMachineUpdater] INFO  ratis.ContainerStateMachine (ContainerStateMachine.java:takeSnapshot(427)) - group-8FD04F33EAC3: Taking a snapshot at:(t:1, i:0) file /home/runner/work/ozone/ozone/hadoop-ozone/integration-test/target/test-dir/MiniOzoneClusterImpl-b7e00dfa-d3b8-45cf-9d3a-2bd5fdfebf54/ozone-meta/datanode-9/ratis/bdaade3c-0733-45ca-8236-8fd04f33eac3/sm/snapshot.1_0
2025-07-02 18:45:22,811 [9eb5a351-9325-4150-9d0a-de2b7d27d48d@group-8FD04F33EAC3-StateMachineUpdater] INFO  ratis.ContainerStateMachine (ContainerStateMachine.java:takeSnapshot(436)) - group-8FD04F33EAC3: Finished taking a snapshot at:(t:1, i:0) file:/home/runner/work/ozone/ozone/hadoop-ozone/integration-test/target/test-dir/MiniOzoneClusterImpl-b7e00dfa-d3b8-45cf-9d3a-2bd5fdfebf54/ozone-meta/datanode-9/ratis/bdaade3c-0733-45ca-8236-8fd04f33eac3/sm/snapshot.1_0 took: 1 ms
2025-07-02 18:45:22,811 [9eb5a351-9325-4150-9d0a-de2b7d27d48d@group-8FD04F33EAC3-StateMachineUpdater] INFO  impl.StateMachineUpdater (StateMachineUpdater.java:takeSnapshot(307)) - 9eb5a351-9325-4150-9d0a-de2b7d27d48d@group-8FD04F33EAC3-StateMachineUpdater: Took a snapshot at index 0
2025-07-02 18:45:22,811 [9eb5a351-9325-4150-9d0a-de2b7d27d48d@group-8FD04F33EAC3-StateMachineUpdater] INFO  impl.StateMachineUpdater (StateMachineUpdater.java:lambda$new$0(101)) - 9eb5a351-9325-4150-9d0a-de2b7d27d48d@group-8FD04F33EAC3-StateMachineUpdater: snapshotIndex: updateIncreasingly -1 -> 0
2025-07-02 18:45:22,887 [f74b8a39-8cc1-4de2-93c6-02015e72cd55@group-1A6A497D59C1-FollowerState] INFO  impl.FollowerState (FollowerState.java:runImpl(161)) - f74b8a39-8cc1-4de2-93c6-02015e72cd55@group-1A6A497D59C1-FollowerState: change to CANDIDATE, lastRpcElapsedTime:1072627524ns, electionTimeout:1071ms
2025-07-02 18:45:22,888 [f74b8a39-8cc1-4de2-93c6-02015e72cd55@group-1A6A497D59C1-FollowerState] INFO  impl.RoleInfo (RoleInfo.java:shutdownFollowerState(121)) - f74b8a39-8cc1-4de2-93c6-02015e72cd55: shutdown f74b8a39-8cc1-4de2-93c6-02015e72cd55@group-1A6A497D59C1-FollowerState
2025-07-02 18:45:22,888 [f74b8a39-8cc1-4de2-93c6-02015e72cd55@group-1A6A497D59C1-FollowerState] INFO  server.RaftServer$Division (RaftServerImpl.java:setRole(392)) - f74b8a39-8cc1-4de2-93c6-02015e72cd55@group-1A6A497D59C1: changes role from  FOLLOWER to CANDIDATE at term 0 for changeToCandidate
2025-07-02 18:45:22,888 [f74b8a39-8cc1-4de2-93c6-02015e72cd55@group-1A6A497D59C1-FollowerState] INFO  impl.RoleInfo (RoleInfo.java:updateAndGet(148)) - f74b8a39-8cc1-4de2-93c6-02015e72cd55: start f74b8a39-8cc1-4de2-93c6-02015e72cd55@group-1A6A497D59C1-LeaderElection22
2025-07-02 18:45:22,889 [f74b8a39-8cc1-4de2-93c6-02015e72cd55@group-1A6A497D59C1-LeaderElection22] INFO  impl.LeaderElection (LeaderElection.java:askForVotes(448)) - f74b8a39-8cc1-4de2-93c6-02015e72cd55@group-1A6A497D59C1-LeaderElection22 PRE_VOTE round 0: submit vote requests at term 0 for conf: {index: -1, cur=peers:[f74b8a39-8cc1-4de2-93c6-02015e72cd55|127.0.0.1:15087]|listeners:[], old=null}
2025-07-02 18:45:22,889 [f74b8a39-8cc1-4de2-93c6-02015e72cd55@group-1A6A497D59C1-LeaderElection22] INFO  impl.LeaderElection (LeaderElection.java:askForVotes(450)) - f74b8a39-8cc1-4de2-93c6-02015e72cd55@group-1A6A497D59C1-LeaderElection22 PRE_VOTE round 0: result PASSED (term=0)
2025-07-02 18:45:22,891 [f74b8a39-8cc1-4de2-93c6-02015e72cd55@group-1A6A497D59C1-LeaderElection22] INFO  impl.LeaderElection (LeaderElection.java:askForVotes(448)) - f74b8a39-8cc1-4de2-93c6-02015e72cd55@group-1A6A497D59C1-LeaderElection22 ELECTION round 0: submit vote requests at term 1 for conf: {index: -1, cur=peers:[f74b8a39-8cc1-4de2-93c6-02015e72cd55|127.0.0.1:15087]|listeners:[], old=null}
2025-07-02 18:45:22,891 [f74b8a39-8cc1-4de2-93c6-02015e72cd55@group-1A6A497D59C1-LeaderElection22] INFO  impl.LeaderElection (LeaderElection.java:askForVotes(450)) - f74b8a39-8cc1-4de2-93c6-02015e72cd55@group-1A6A497D59C1-LeaderElection22 ELECTION round 0: result PASSED (term=1)
2025-07-02 18:45:22,891 [f74b8a39-8cc1-4de2-93c6-02015e72cd55@group-1A6A497D59C1-LeaderElection22] INFO  impl.RoleInfo (RoleInfo.java:shutdownLeaderElection(141)) - f74b8a39-8cc1-4de2-93c6-02015e72cd55: shutdown f74b8a39-8cc1-4de2-93c6-02015e72cd55@group-1A6A497D59C1-LeaderElection22
2025-07-02 18:45:22,891 [f74b8a39-8cc1-4de2-93c6-02015e72cd55@group-1A6A497D59C1-LeaderElection22] INFO  server.RaftServer$Division (RaftServerImpl.java:setRole(392)) - f74b8a39-8cc1-4de2-93c6-02015e72cd55@group-1A6A497D59C1: changes role from CANDIDATE to LEADER at term 1 for changeToLeader
2025-07-02 18:45:22,891 [f74b8a39-8cc1-4de2-93c6-02015e72cd55@group-1A6A497D59C1-LeaderElection22] INFO  server.RaftServerConfigKeys (ConfUtils.java:logFallback(69)) - raft.server.staging.timeout = 15600ms (fallback to raft.server.rpc.timeout.max)
2025-07-02 18:45:22,892 [f74b8a39-8cc1-4de2-93c6-02015e72cd55@group-1A6A497D59C1-LeaderElection22] INFO  server.RaftServerConfigKeys (ConfUtils.java:logGet(62)) - raft.server.write.byte-limit = 1024 M (=1073741824) (custom)
2025-07-02 18:45:22,892 [f74b8a39-8cc1-4de2-93c6-02015e72cd55@group-1A6A497D59C1-LeaderElection22] INFO  impl.RoleInfo (RoleInfo.java:updateAndGet(148)) - f74b8a39-8cc1-4de2-93c6-02015e72cd55: start f74b8a39-8cc1-4de2-93c6-02015e72cd55@group-1A6A497D59C1-LeaderStateImpl
2025-07-02 18:45:22,893 [f74b8a39-8cc1-4de2-93c6-02015e72cd55@group-1A6A497D59C1-LeaderElection22] INFO  server.RaftServer$Division (RaftServerImpl.java:setFirstElection(576)) - f74b8a39-8cc1-4de2-93c6-02015e72cd55@group-1A6A497D59C1: set firstElectionSinceStartup to false for becomeLeader
2025-07-02 18:45:22,893 [f74b8a39-8cc1-4de2-93c6-02015e72cd55@group-1A6A497D59C1-LeaderElection22] INFO  ratis.XceiverServerRatis (XceiverServerRatis.java:handleLeaderChangedNotification(944)) - Leader change notification received for group: group-1A6A497D59C1 with new leaderId: f74b8a39-8cc1-4de2-93c6-02015e72cd55
2025-07-02 18:45:22,893 [f74b8a39-8cc1-4de2-93c6-02015e72cd55@group-1A6A497D59C1-LeaderElection22] INFO  server.RaftServer$Division (ServerState.java:setLeader(272)) - f74b8a39-8cc1-4de2-93c6-02015e72cd55@group-1A6A497D59C1: change Leader from null to f74b8a39-8cc1-4de2-93c6-02015e72cd55 at term 1 for becomeLeader, leader elected after 1117ms
2025-07-02 18:45:22,893 [f74b8a39-8cc1-4de2-93c6-02015e72cd55@group-1A6A497D59C1-LeaderElection22] INFO  segmented.SegmentedRaftLogWorker (SegmentedRaftLogWorker.java:startLogSegment(440)) - f74b8a39-8cc1-4de2-93c6-02015e72cd55@group-1A6A497D59C1-SegmentedRaftLogWorker: Starting segment from index:0
2025-07-02 18:45:22,893 [f74b8a39-8cc1-4de2-93c6-02015e72cd55@group-1A6A497D59C1-LeaderElection22] INFO  server.RaftServer$Division (ServerState.java:setRaftConf(386)) - f74b8a39-8cc1-4de2-93c6-02015e72cd55@group-1A6A497D59C1: set configuration conf: {index: 0, cur=peers:[f74b8a39-8cc1-4de2-93c6-02015e72cd55|127.0.0.1:15087]|listeners:[], old=null}
2025-07-02 18:45:22,894 [f74b8a39-8cc1-4de2-93c6-02015e72cd55@group-1A6A497D59C1-SegmentedRaftLogWorker] INFO  segmented.BufferedWriteChannel (BufferedWriteChannel.java:open(61)) - open log_inprogress_0 at position 0
2025-07-02 18:45:22,904 [f74b8a39-8cc1-4de2-93c6-02015e72cd55@group-1A6A497D59C1-SegmentedRaftLogWorker] INFO  segmented.SegmentedRaftLogWorker (SegmentedRaftLogWorker.java:execute(647)) - f74b8a39-8cc1-4de2-93c6-02015e72cd55@group-1A6A497D59C1-SegmentedRaftLogWorker: created new log segment /home/runner/work/ozone/ozone/hadoop-ozone/integration-test/target/test-dir/MiniOzoneClusterImpl-b7e00dfa-d3b8-45cf-9d3a-2bd5fdfebf54/ozone-meta/datanode-10/ratis/f2672252-0062-4747-8508-1a6a497d59c1/current/log_inprogress_0
2025-07-02 18:45:22,906 [f74b8a39-8cc1-4de2-93c6-02015e72cd55@group-1A6A497D59C1-StateMachineUpdater] INFO  server.RaftServer$Division (LeaderStateImpl.java:checkStartIndex(309)) - Leader f74b8a39-8cc1-4de2-93c6-02015e72cd55@group-1A6A497D59C1-LeaderStateImpl is ready since appliedIndex == startIndex == 0
2025-07-02 18:45:22,906 [f74b8a39-8cc1-4de2-93c6-02015e72cd55@group-1A6A497D59C1-StateMachineUpdater] INFO  ratis.ContainerStateMachine (ContainerStateMachine.java:takeSnapshot(427)) - group-1A6A497D59C1: Taking a snapshot at:(t:1, i:0) file /home/runner/work/ozone/ozone/hadoop-ozone/integration-test/target/test-dir/MiniOzoneClusterImpl-b7e00dfa-d3b8-45cf-9d3a-2bd5fdfebf54/ozone-meta/datanode-10/ratis/f2672252-0062-4747-8508-1a6a497d59c1/sm/snapshot.1_0
2025-07-02 18:45:22,907 [f74b8a39-8cc1-4de2-93c6-02015e72cd55@group-1A6A497D59C1-StateMachineUpdater] INFO  ratis.ContainerStateMachine (ContainerStateMachine.java:takeSnapshot(436)) - group-1A6A497D59C1: Finished taking a snapshot at:(t:1, i:0) file:/home/runner/work/ozone/ozone/hadoop-ozone/integration-test/target/test-dir/MiniOzoneClusterImpl-b7e00dfa-d3b8-45cf-9d3a-2bd5fdfebf54/ozone-meta/datanode-10/ratis/f2672252-0062-4747-8508-1a6a497d59c1/sm/snapshot.1_0 took: 1 ms
2025-07-02 18:45:22,907 [f74b8a39-8cc1-4de2-93c6-02015e72cd55@group-1A6A497D59C1-StateMachineUpdater] INFO  impl.StateMachineUpdater (StateMachineUpdater.java:takeSnapshot(307)) - f74b8a39-8cc1-4de2-93c6-02015e72cd55@group-1A6A497D59C1-StateMachineUpdater: Took a snapshot at index 0
2025-07-02 18:45:22,907 [f74b8a39-8cc1-4de2-93c6-02015e72cd55@group-1A6A497D59C1-StateMachineUpdater] INFO  impl.StateMachineUpdater (StateMachineUpdater.java:lambda$new$0(101)) - f74b8a39-8cc1-4de2-93c6-02015e72cd55@group-1A6A497D59C1-StateMachineUpdater: snapshotIndex: updateIncreasingly -1 -> 0
2025-07-02 18:45:22,910 [9eb5a351-9325-4150-9d0a-de2b7d27d48d@group-15C382464225-FollowerState] INFO  impl.FollowerState (FollowerState.java:runImpl(161)) - 9eb5a351-9325-4150-9d0a-de2b7d27d48d@group-15C382464225-FollowerState: change to CANDIDATE, lastRpcElapsedTime:1198858894ns, electionTimeout:1197ms
2025-07-02 18:45:22,910 [9eb5a351-9325-4150-9d0a-de2b7d27d48d@group-15C382464225-FollowerState] INFO  impl.RoleInfo (RoleInfo.java:shutdownFollowerState(121)) - 9eb5a351-9325-4150-9d0a-de2b7d27d48d: shutdown 9eb5a351-9325-4150-9d0a-de2b7d27d48d@group-15C382464225-FollowerState
2025-07-02 18:45:22,910 [9eb5a351-9325-4150-9d0a-de2b7d27d48d@group-15C382464225-FollowerState] INFO  server.RaftServer$Division (RaftServerImpl.java:setRole(392)) - 9eb5a351-9325-4150-9d0a-de2b7d27d48d@group-15C382464225: changes role from  FOLLOWER to CANDIDATE at term 0 for changeToCandidate
2025-07-02 18:45:22,910 [9eb5a351-9325-4150-9d0a-de2b7d27d48d@group-15C382464225-FollowerState] INFO  impl.RoleInfo (RoleInfo.java:updateAndGet(148)) - 9eb5a351-9325-4150-9d0a-de2b7d27d48d: start 9eb5a351-9325-4150-9d0a-de2b7d27d48d@group-15C382464225-LeaderElection23
2025-07-02 18:45:22,910 [c6c1c004-cb80-4a23-8b53-68ef0e0db17b-CloseContainerThread-0] WARN  keyvalue.KeyValueHandler (KeyValueHandler.java:updateAndGetContainerChecksum(1451)) - Container data checksum updated from 0 to 1bdd5b56
2025-07-02 18:45:22,910 [9eb5a351-9325-4150-9d0a-de2b7d27d48d@group-15C382464225-LeaderElection23] INFO  impl.LeaderElection (LeaderElection.java:askForVotes(448)) - 9eb5a351-9325-4150-9d0a-de2b7d27d48d@group-15C382464225-LeaderElection23 PRE_VOTE round 0: submit vote requests at term 0 for conf: {index: -1, cur=peers:[9eb5a351-9325-4150-9d0a-de2b7d27d48d|127.0.0.1:15079]|listeners:[], old=null}
2025-07-02 18:45:22,910 [9eb5a351-9325-4150-9d0a-de2b7d27d48d@group-15C382464225-LeaderElection23] INFO  impl.LeaderElection (LeaderElection.java:askForVotes(450)) - 9eb5a351-9325-4150-9d0a-de2b7d27d48d@group-15C382464225-LeaderElection23 PRE_VOTE round 0: result PASSED (term=0)
2025-07-02 18:45:22,912 [9eb5a351-9325-4150-9d0a-de2b7d27d48d@group-15C382464225-LeaderElection23] INFO  impl.LeaderElection (LeaderElection.java:askForVotes(448)) - 9eb5a351-9325-4150-9d0a-de2b7d27d48d@group-15C382464225-LeaderElection23 ELECTION round 0: submit vote requests at term 1 for conf: {index: -1, cur=peers:[9eb5a351-9325-4150-9d0a-de2b7d27d48d|127.0.0.1:15079]|listeners:[], old=null}
2025-07-02 18:45:22,912 [9eb5a351-9325-4150-9d0a-de2b7d27d48d@group-15C382464225-LeaderElection23] INFO  impl.LeaderElection (LeaderElection.java:askForVotes(450)) - 9eb5a351-9325-4150-9d0a-de2b7d27d48d@group-15C382464225-LeaderElection23 ELECTION round 0: result PASSED (term=1)
2025-07-02 18:45:22,912 [9eb5a351-9325-4150-9d0a-de2b7d27d48d@group-15C382464225-LeaderElection23] INFO  impl.RoleInfo (RoleInfo.java:shutdownLeaderElection(141)) - 9eb5a351-9325-4150-9d0a-de2b7d27d48d: shutdown 9eb5a351-9325-4150-9d0a-de2b7d27d48d@group-15C382464225-LeaderElection23
2025-07-02 18:45:22,913 [9eb5a351-9325-4150-9d0a-de2b7d27d48d@group-15C382464225-LeaderElection23] INFO  server.RaftServer$Division (RaftServerImpl.java:setRole(392)) - 9eb5a351-9325-4150-9d0a-de2b7d27d48d@group-15C382464225: changes role from CANDIDATE to LEADER at term 1 for changeToLeader
2025-07-02 18:45:22,913 [9eb5a351-9325-4150-9d0a-de2b7d27d48d@group-15C382464225-LeaderElection23] INFO  server.RaftServerConfigKeys (ConfUtils.java:logFallback(69)) - raft.server.staging.timeout = 15600ms (fallback to raft.server.rpc.timeout.max)
2025-07-02 18:45:22,913 [FixedThreadPoolWithAffinityExecutor-1-0] INFO  container.IncrementalContainerReportHandler (AbstractContainerReportHandler.java:updateContainerState(253)) - FINALIZE (i.e. CLOSING) Container #1 (OPEN, sid=2) r0 (CLOSING, bcsid=2, origin=c6c1c004-cb80-4a23-8b53-68ef0e0db17b, non-empty) from dn c6c1c004-cb80-4a23-8b53-68ef0e0db17b(localhost/127.0.0.1)
2025-07-02 18:45:22,913 [c6c1c004-cb80-4a23-8b53-68ef0e0db17b-CloseContainerThread-0] INFO  keyvalue.KeyValueContainer (KeyValueContainer.java:flushAndSyncDB(514)) - Synced container: KeyValueContainerData #1 (CLOSING, non-empty, ri=0, origin=[dn_c6c1c004-cb80-4a23-8b53-68ef0e0db17b, pipeline_1d88e53e-1d3e-4d9d-a5cb-5195515a604f])
2025-07-02 18:45:22,913 [c6c1c004-cb80-4a23-8b53-68ef0e0db17b-CloseContainerThread-0] INFO  keyvalue.KeyValueContainer (KeyValueContainer.java:flushAndSyncDB(514)) - Synced container: KeyValueContainerData #1 (CLOSING, non-empty, ri=0, origin=[dn_c6c1c004-cb80-4a23-8b53-68ef0e0db17b, pipeline_1d88e53e-1d3e-4d9d-a5cb-5195515a604f])
2025-07-02 18:45:22,915 [9eb5a351-9325-4150-9d0a-de2b7d27d48d@group-15C382464225-LeaderElection23] INFO  server.RaftServerConfigKeys (ConfUtils.java:logGet(62)) - raft.server.write.byte-limit = 1024 M (=1073741824) (custom)
2025-07-02 18:45:22,916 [9eb5a351-9325-4150-9d0a-de2b7d27d48d@group-15C382464225-LeaderElection23] INFO  impl.RoleInfo (RoleInfo.java:updateAndGet(148)) - 9eb5a351-9325-4150-9d0a-de2b7d27d48d: start 9eb5a351-9325-4150-9d0a-de2b7d27d48d@group-15C382464225-LeaderStateImpl
2025-07-02 18:45:22,916 [9eb5a351-9325-4150-9d0a-de2b7d27d48d@group-15C382464225-LeaderElection23] INFO  server.RaftServer$Division (RaftServerImpl.java:setFirstElection(576)) - 9eb5a351-9325-4150-9d0a-de2b7d27d48d@group-15C382464225: set firstElectionSinceStartup to false for becomeLeader
2025-07-02 18:45:22,916 [9eb5a351-9325-4150-9d0a-de2b7d27d48d@group-15C382464225-LeaderElection23] INFO  ratis.XceiverServerRatis (XceiverServerRatis.java:handleLeaderChangedNotification(944)) - Leader change notification received for group: group-15C382464225 with new leaderId: 9eb5a351-9325-4150-9d0a-de2b7d27d48d
2025-07-02 18:45:22,916 [9eb5a351-9325-4150-9d0a-de2b7d27d48d@group-15C382464225-LeaderElection23] INFO  server.RaftServer$Division (ServerState.java:setLeader(272)) - 9eb5a351-9325-4150-9d0a-de2b7d27d48d@group-15C382464225: change Leader from null to 9eb5a351-9325-4150-9d0a-de2b7d27d48d at term 1 for becomeLeader, leader elected after 1402ms
2025-07-02 18:45:22,916 [9eb5a351-9325-4150-9d0a-de2b7d27d48d@group-15C382464225-LeaderElection23] INFO  segmented.SegmentedRaftLogWorker (SegmentedRaftLogWorker.java:startLogSegment(440)) - 9eb5a351-9325-4150-9d0a-de2b7d27d48d@group-15C382464225-SegmentedRaftLogWorker: Starting segment from index:0
2025-07-02 18:45:22,916 [9eb5a351-9325-4150-9d0a-de2b7d27d48d@group-15C382464225-LeaderElection23] INFO  server.RaftServer$Division (ServerState.java:setRaftConf(386)) - 9eb5a351-9325-4150-9d0a-de2b7d27d48d@group-15C382464225: set configuration conf: {index: 0, cur=peers:[9eb5a351-9325-4150-9d0a-de2b7d27d48d|127.0.0.1:15079]|listeners:[], old=null}
2025-07-02 18:45:22,917 [9eb5a351-9325-4150-9d0a-de2b7d27d48d@group-15C382464225-SegmentedRaftLogWorker] INFO  segmented.BufferedWriteChannel (BufferedWriteChannel.java:open(61)) - open log_inprogress_0 at position 0
2025-07-02 18:45:22,922 [c6c1c004-cb80-4a23-8b53-68ef0e0db17b-CloseContainerThread-0] INFO  commandhandler.CloseContainerCommandHandler (CloseContainerCommandHandler.java:lambda$handle$0(135)) - Marking Container 1 quasi closed
2025-07-02 18:45:22,923 [FixedThreadPoolWithAffinityExecutor-1-0] INFO  container.IncrementalContainerReportHandler (AbstractContainerReportHandler.java:updateContainerState(264)) - QUASI_CLOSE Container #1 (CLOSING, sid=2) r0 (QUASI_CLOSED, bcsid=2, origin=c6c1c004-cb80-4a23-8b53-68ef0e0db17b, non-empty) from dn c6c1c004-cb80-4a23-8b53-68ef0e0db17b(localhost/127.0.0.1)
2025-07-02 18:45:22,927 [9eb5a351-9325-4150-9d0a-de2b7d27d48d@group-15C382464225-SegmentedRaftLogWorker] INFO  segmented.SegmentedRaftLogWorker (SegmentedRaftLogWorker.java:execute(647)) - 9eb5a351-9325-4150-9d0a-de2b7d27d48d@group-15C382464225-SegmentedRaftLogWorker: created new log segment /home/runner/work/ozone/ozone/hadoop-ozone/integration-test/target/test-dir/MiniOzoneClusterImpl-b7e00dfa-d3b8-45cf-9d3a-2bd5fdfebf54/ozone-meta/datanode-9/ratis/8058e73d-1ae8-41f1-903b-15c382464225/current/log_inprogress_0
2025-07-02 18:45:22,928 [9eb5a351-9325-4150-9d0a-de2b7d27d48d@group-15C382464225-StateMachineUpdater] INFO  server.RaftServer$Division (LeaderStateImpl.java:checkStartIndex(309)) - Leader 9eb5a351-9325-4150-9d0a-de2b7d27d48d@group-15C382464225-LeaderStateImpl is ready since appliedIndex == startIndex == 0
2025-07-02 18:45:22,928 [9eb5a351-9325-4150-9d0a-de2b7d27d48d@group-15C382464225-StateMachineUpdater] INFO  ratis.ContainerStateMachine (ContainerStateMachine.java:takeSnapshot(427)) - group-15C382464225: Taking a snapshot at:(t:1, i:0) file /home/runner/work/ozone/ozone/hadoop-ozone/integration-test/target/test-dir/MiniOzoneClusterImpl-b7e00dfa-d3b8-45cf-9d3a-2bd5fdfebf54/ozone-meta/datanode-9/ratis/8058e73d-1ae8-41f1-903b-15c382464225/sm/snapshot.1_0
2025-07-02 18:45:22,929 [9eb5a351-9325-4150-9d0a-de2b7d27d48d@group-15C382464225-StateMachineUpdater] INFO  ratis.ContainerStateMachine (ContainerStateMachine.java:takeSnapshot(436)) - group-15C382464225: Finished taking a snapshot at:(t:1, i:0) file:/home/runner/work/ozone/ozone/hadoop-ozone/integration-test/target/test-dir/MiniOzoneClusterImpl-b7e00dfa-d3b8-45cf-9d3a-2bd5fdfebf54/ozone-meta/datanode-9/ratis/8058e73d-1ae8-41f1-903b-15c382464225/sm/snapshot.1_0 took: 1 ms
2025-07-02 18:45:22,929 [9eb5a351-9325-4150-9d0a-de2b7d27d48d@group-15C382464225-StateMachineUpdater] INFO  impl.StateMachineUpdater (StateMachineUpdater.java:takeSnapshot(307)) - 9eb5a351-9325-4150-9d0a-de2b7d27d48d@group-15C382464225-StateMachineUpdater: Took a snapshot at index 0
2025-07-02 18:45:22,929 [9eb5a351-9325-4150-9d0a-de2b7d27d48d@group-15C382464225-StateMachineUpdater] INFO  impl.StateMachineUpdater (StateMachineUpdater.java:lambda$new$0(101)) - 9eb5a351-9325-4150-9d0a-de2b7d27d48d@group-15C382464225-StateMachineUpdater: snapshotIndex: updateIncreasingly -1 -> 0
2025-07-02 18:45:23,049 [4114dace-2331-46e8-9bd0-01e36750a673-CloseContainerThread-0] WARN  keyvalue.KeyValueHandler (KeyValueHandler.java:updateAndGetContainerChecksum(1451)) - Container data checksum updated from 0 to 1bdd5b56
2025-07-02 18:45:23,050 [4114dace-2331-46e8-9bd0-01e36750a673-CloseContainerThread-0] INFO  keyvalue.KeyValueContainer (KeyValueContainer.java:flushAndSyncDB(514)) - Synced container: KeyValueContainerData #1 (CLOSING, non-empty, ri=0, origin=[dn_4114dace-2331-46e8-9bd0-01e36750a673, pipeline_1d88e53e-1d3e-4d9d-a5cb-5195515a604f])
2025-07-02 18:45:23,050 [4114dace-2331-46e8-9bd0-01e36750a673-CloseContainerThread-0] INFO  keyvalue.KeyValueContainer (KeyValueContainer.java:flushAndSyncDB(514)) - Synced container: KeyValueContainerData #1 (CLOSING, non-empty, ri=0, origin=[dn_4114dace-2331-46e8-9bd0-01e36750a673, pipeline_1d88e53e-1d3e-4d9d-a5cb-5195515a604f])
2025-07-02 18:45:23,054 [4114dace-2331-46e8-9bd0-01e36750a673-CloseContainerThread-0] INFO  commandhandler.CloseContainerCommandHandler (CloseContainerCommandHandler.java:lambda$handle$0(135)) - Marking Container 1 quasi closed
2025-07-02 18:45:23,528 [95ee4113-9599-4433-8033-e07ec30d3bee-CloseContainerThread-0] WARN  keyvalue.KeyValueHandler (KeyValueHandler.java:updateAndGetContainerChecksum(1451)) - Container data checksum updated from 0 to 1bdd5b56
2025-07-02 18:45:23,530 [95ee4113-9599-4433-8033-e07ec30d3bee-CloseContainerThread-0] INFO  keyvalue.KeyValueContainer (KeyValueContainer.java:flushAndSyncDB(514)) - Synced container: KeyValueContainerData #1 (CLOSING, non-empty, ri=0, origin=[dn_95ee4113-9599-4433-8033-e07ec30d3bee, pipeline_1d88e53e-1d3e-4d9d-a5cb-5195515a604f])
2025-07-02 18:45:23,530 [95ee4113-9599-4433-8033-e07ec30d3bee-CloseContainerThread-0] INFO  keyvalue.KeyValueContainer (KeyValueContainer.java:flushAndSyncDB(514)) - Synced container: KeyValueContainerData #1 (CLOSING, non-empty, ri=0, origin=[dn_95ee4113-9599-4433-8033-e07ec30d3bee, pipeline_1d88e53e-1d3e-4d9d-a5cb-5195515a604f])
2025-07-02 18:45:23,534 [95ee4113-9599-4433-8033-e07ec30d3bee-CloseContainerThread-0] INFO  commandhandler.CloseContainerCommandHandler (CloseContainerCommandHandler.java:lambda$handle$0(135)) - Marking Container 1 quasi closed
2025-07-02T18:45:23.596557981Z 95ee4113-9599-4433-8033-e07ec30d3bee-client-thread1 ERROR user=null | ip=null | op=PUT_BLOCK {blockData=[blockId=conID: 1 locID: 115816896921600001 bcsId: 0 replicaIndex: null, size=5]} | ret=FAILURE
org.apache.hadoop.hdds.scm.container.common.helpers.ContainerNotOpenException: Container 1 in QUASI_CLOSED state
	at org.apache.hadoop.ozone.container.common.impl.HddsDispatcher.validateContainerCommand(HddsDispatcher.java:580)
	at org.apache.hadoop.ozone.container.common.transport.server.ratis.ContainerStateMachine.startTransaction(ContainerStateMachine.java:488)
	at org.apache.ratis.server.impl.RaftServerImpl.writeAsyncImpl(RaftServerImpl.java:987)
	at org.apache.ratis.server.impl.RaftServerImpl.writeAsync(RaftServerImpl.java:960)
	at org.apache.ratis.server.impl.RaftServerImpl.replyFuture(RaftServerImpl.java:953)
	at org.apache.ratis.server.impl.RaftServerImpl.submitClientRequestAsync(RaftServerImpl.java:930)
	at org.apache.ratis.server.impl.RaftServerImpl.lambda$null$11(RaftServerImpl.java:919)
	at org.apache.ratis.util.JavaUtils.callAsUnchecked(JavaUtils.java:118)
	at org.apache.ratis.server.impl.RaftServerImpl.lambda$executeSubmitClientRequestAsync$12(RaftServerImpl.java:919)
	at java.base/java.util.concurrent.CompletableFuture$AsyncSupply.run(CompletableFuture.java:1768)
	at java.base/java.util.concurrent.ThreadPoolExecutor.runWorker(ThreadPoolExecutor.java:1144)
	at java.base/java.util.concurrent.ThreadPoolExecutor$Worker.run(ThreadPoolExecutor.java:642)
	at java.base/java.lang.Thread.run(Thread.java:1583)
2025-07-02 18:45:23,635 [grpc-default-executor-0] ERROR impl.OrderedAsync (OrderedAsync.java:lambda$send$4(181)) - Failed to send request, message=cmdType: PutBlock
traceID: ""
containerID: 1
datanodeUuid: "c6c1c004-cb80-4a23-8b53-68ef0e0db17b"
putBlock {
  blockData {
    blockID {
      containerID: 1
      localID: 115816896921600001
      blockCommitSequenceId: 0
    }
    metadata {
      key: "TYPE"
      value: "KEY"
    }
    chunks {
      chunkName: "115816896921600001_chunk_1"
      offset: 0
      len: 5
      checksumData {
        type: CRC32
        bytesPerChecksum: 16384
        checksums: "\350a\3440"
      }
    }
  }
  eof: true
}
version: 3
, data.size=0
java.util.concurrent.CompletionException: org.apache.ratis.protocol.exceptions.StateMachineException: org.apache.hadoop.hdds.scm.container.common.helpers.ContainerNotOpenException from Server 95ee4113-9599-4433-8033-e07ec30d3bee@group-5195515A604F: Container 1 in QUASI_CLOSED state
	at org.apache.ratis.client.impl.RaftClientImpl.handleRaftException(RaftClientImpl.java:373)
	at org.apache.ratis.client.impl.OrderedAsync.lambda$send$3(OrderedAsync.java:175)
	at java.base/java.util.concurrent.CompletableFuture$UniApply.tryFire(CompletableFuture.java:646)
	at java.base/java.util.concurrent.CompletableFuture.postComplete(CompletableFuture.java:510)
	at java.base/java.util.concurrent.CompletableFuture.complete(CompletableFuture.java:2179)
	at org.apache.ratis.client.impl.OrderedAsync$PendingOrderedRequest.setReply(OrderedAsync.java:105)
	at org.apache.ratis.client.impl.OrderedAsync$PendingOrderedRequest.setReply(OrderedAsync.java:66)
	at org.apache.ratis.util.SlidingWindow$RequestMap.setReply(SlidingWindow.java:147)
	at org.apache.ratis.util.SlidingWindow$Client.receiveReply(SlidingWindow.java:351)
	at org.apache.ratis.client.impl.OrderedAsync.lambda$sendRequestWithRetry$5(OrderedAsync.java:210)
	at java.base/java.util.concurrent.CompletableFuture$UniAccept.tryFire(CompletableFuture.java:718)
	at java.base/java.util.concurrent.CompletableFuture.postComplete(CompletableFuture.java:510)
	at java.base/java.util.concurrent.CompletableFuture.complete(CompletableFuture.java:2179)
	at org.apache.ratis.grpc.client.GrpcClientProtocolClient$AsyncStreamObservers$1.lambda$onNext$0(GrpcClientProtocolClient.java:325)
	at java.base/java.util.Optional.ifPresent(Optional.java:178)
	at org.apache.ratis.grpc.client.GrpcClientProtocolClient$AsyncStreamObservers.handleReplyFuture(GrpcClientProtocolClient.java:381)
	at org.apache.ratis.grpc.client.GrpcClientProtocolClient$AsyncStreamObservers.access$100(GrpcClientProtocolClient.java:303)
	at org.apache.ratis.grpc.client.GrpcClientProtocolClient$AsyncStreamObservers$1.onNext(GrpcClientProtocolClient.java:325)
	at org.apache.ratis.grpc.client.GrpcClientProtocolClient$AsyncStreamObservers$1.onNext(GrpcClientProtocolClient.java:308)
	at org.apache.ratis.thirdparty.io.grpc.stub.ClientCalls$StreamObserverToCallListenerAdapter.onMessage(ClientCalls.java:551)
	at org.apache.ratis.thirdparty.io.grpc.ForwardingClientCallListener.onMessage(ForwardingClientCallListener.java:33)
	at org.apache.ratis.thirdparty.io.grpc.internal.ClientCallImpl$ClientStreamListenerImpl$1MessagesAvailable.runInternal(ClientCallImpl.java:661)
	at org.apache.ratis.thirdparty.io.grpc.internal.ClientCallImpl$ClientStreamListenerImpl$1MessagesAvailable.runInContext(ClientCallImpl.java:648)
	at org.apache.ratis.thirdparty.io.grpc.internal.ContextRunnable.run(ContextRunnable.java:37)
	at org.apache.ratis.thirdparty.io.grpc.internal.SerializingExecutor.run(SerializingExecutor.java:133)
	at java.base/java.util.concurrent.ThreadPoolExecutor.runWorker(ThreadPoolExecutor.java:1144)
	at java.base/java.util.concurrent.ThreadPoolExecutor$Worker.run(ThreadPoolExecutor.java:642)
	at java.base/java.lang.Thread.run(Thread.java:1583)
Caused by: org.apache.ratis.protocol.exceptions.StateMachineException: org.apache.hadoop.hdds.scm.container.common.helpers.ContainerNotOpenException from Server 95ee4113-9599-4433-8033-e07ec30d3bee@group-5195515A604F: Container 1 in QUASI_CLOSED state
	at org.apache.hadoop.ozone.container.common.impl.HddsDispatcher.validateContainerCommand(HddsDispatcher.java:580)
	at org.apache.hadoop.ozone.container.common.transport.server.ratis.ContainerStateMachine.startTransaction(ContainerStateMachine.java:488)
	at org.apache.ratis.server.impl.RaftServerImpl.writeAsyncImpl(RaftServerImpl.java:987)
	at org.apache.ratis.server.impl.RaftServerImpl.writeAsync(RaftServerImpl.java:960)
	at org.apache.ratis.server.impl.RaftServerImpl.replyFuture(RaftServerImpl.java:953)
	at org.apache.ratis.server.impl.RaftServerImpl.submitClientRequestAsync(RaftServerImpl.java:930)
	at org.apache.ratis.server.impl.RaftServerImpl.lambda$null$11(RaftServerImpl.java:919)
	at org.apache.ratis.util.JavaUtils.callAsUnchecked(JavaUtils.java:118)
	at org.apache.ratis.server.impl.RaftServerImpl.lambda$executeSubmitClientRequestAsync$12(RaftServerImpl.java:919)
	at java.base/java.util.concurrent.CompletableFuture$AsyncSupply.run(CompletableFuture.java:1768)
	... 3 more
Caused by: org.apache.hadoop.hdds.scm.container.common.helpers.ContainerNotOpenException: Container 1 in QUASI_CLOSED state
	at java.base/jdk.internal.reflect.DirectConstructorHandleAccessor.newInstance(DirectConstructorHandleAccessor.java:62)
	at java.base/java.lang.reflect.Constructor.newInstanceWithCaller(Constructor.java:502)
	at java.base/java.lang.reflect.Constructor.newInstance(Constructor.java:486)
	at org.apache.ratis.util.ReflectionUtils.instantiateException(ReflectionUtils.java:265)
	at org.apache.ratis.client.impl.ClientProtoUtils.toStateMachineException(ClientProtoUtils.java:455)
	at org.apache.ratis.client.impl.ClientProtoUtils.toStateMachineException(ClientProtoUtils.java:441)
	at org.apache.ratis.client.impl.ClientProtoUtils.toRaftClientReply(ClientProtoUtils.java:408)
	at org.apache.ratis.grpc.client.GrpcClientProtocolClient$AsyncStreamObservers$1.onNext(GrpcClientProtocolClient.java:313)
	at org.apache.ratis.grpc.client.GrpcClientProtocolClient$AsyncStreamObservers$1.onNext(GrpcClientProtocolClient.java:308)
	at org.apache.ratis.thirdparty.io.grpc.stub.ClientCalls$StreamObserverToCallListenerAdapter.onMessage(ClientCalls.java:551)
	at org.apache.ratis.thirdparty.io.grpc.ForwardingClientCallListener.onMessage(ForwardingClientCallListener.java:33)
	at org.apache.ratis.thirdparty.io.grpc.internal.ClientCallImpl$ClientStreamListenerImpl$1MessagesAvailable.runInternal(ClientCallImpl.java:661)
	at org.apache.ratis.thirdparty.io.grpc.internal.ClientCallImpl$ClientStreamListenerImpl$1MessagesAvailable.runInContext(ClientCallImpl.java:648)
	at org.apache.ratis.thirdparty.io.grpc.internal.ContextRunnable.run(ContextRunnable.java:37)
	at org.apache.ratis.thirdparty.io.grpc.internal.SerializingExecutor.run(SerializingExecutor.java:133)
	... 3 more
2025-07-02 18:45:23,637 [main] INFO  io.BlockOutputStreamEntry (BlockOutputStreamEntry.java:finishRetryHandling(141)) - BlockOutputStreamEntry:testQuasiClosed1 conID: 1 locID: 115816896921600001 bcsId: 2 replicaIndex: null: Exiting retry handling mode
]]></system-out>
  </testcase>
  <testcase name="testContainerStateMachineSingleFailureRetry" classname="org.apache.hadoop.ozone.client.rpc.TestContainerStateMachineFailures" time="12.122">
    <system-out><![CDATA[2025-07-02 18:45:23,681 [f1637480-4571-474d-8c0e-49126192dfac@group-B92A147DE22B-StateMachineUpdater] INFO  ratis.ContainerStateMachine (ContainerStateMachine.java:takeSnapshot(427)) - group-B92A147DE22B: Taking a snapshot at:(t:1, i:0) file /home/runner/work/ozone/ozone/hadoop-ozone/integration-test/target/test-dir/MiniOzoneClusterImpl-b7e00dfa-d3b8-45cf-9d3a-2bd5fdfebf54/ozone-meta/datanode-2/ratis/04a1f7f9-abb2-42e3-9b76-b92a147de22b/sm/snapshot.1_0
2025-07-02 18:45:23,682 [f1637480-4571-474d-8c0e-49126192dfac@group-B92A147DE22B-StateMachineUpdater] INFO  ratis.ContainerStateMachine (ContainerStateMachine.java:takeSnapshot(436)) - group-B92A147DE22B: Finished taking a snapshot at:(t:1, i:0) file:/home/runner/work/ozone/ozone/hadoop-ozone/integration-test/target/test-dir/MiniOzoneClusterImpl-b7e00dfa-d3b8-45cf-9d3a-2bd5fdfebf54/ozone-meta/datanode-2/ratis/04a1f7f9-abb2-42e3-9b76-b92a147de22b/sm/snapshot.1_0 took: 1 ms
2025-07-02 18:45:23,682 [f1637480-4571-474d-8c0e-49126192dfac@group-B92A147DE22B-StateMachineUpdater] INFO  impl.StateMachineUpdater (StateMachineUpdater.java:takeSnapshot(307)) - f1637480-4571-474d-8c0e-49126192dfac@group-B92A147DE22B-StateMachineUpdater: Took a snapshot at index 0
2025-07-02 18:45:23,682 [f1637480-4571-474d-8c0e-49126192dfac@group-B92A147DE22B-StateMachineUpdater] INFO  impl.StateMachineUpdater (StateMachineUpdater.java:lambda$new$0(101)) - f1637480-4571-474d-8c0e-49126192dfac@group-B92A147DE22B-StateMachineUpdater: snapshotIndex: updateIncreasingly -1 -> 0
2025-07-02 18:45:23,686 [75758caf-2019-48e0-9285-4ac26ec01eda@group-B92A147DE22B-StateMachineUpdater] INFO  ratis.ContainerStateMachine (ContainerStateMachine.java:takeSnapshot(427)) - group-B92A147DE22B: Taking a snapshot at:(t:1, i:0) file /home/runner/work/ozone/ozone/hadoop-ozone/integration-test/target/test-dir/MiniOzoneClusterImpl-b7e00dfa-d3b8-45cf-9d3a-2bd5fdfebf54/ozone-meta/datanode-1/ratis/04a1f7f9-abb2-42e3-9b76-b92a147de22b/sm/snapshot.1_0
2025-07-02 18:45:23,686 [75758caf-2019-48e0-9285-4ac26ec01eda@group-B92A147DE22B-StateMachineUpdater] INFO  ratis.ContainerStateMachine (ContainerStateMachine.java:takeSnapshot(436)) - group-B92A147DE22B: Finished taking a snapshot at:(t:1, i:0) file:/home/runner/work/ozone/ozone/hadoop-ozone/integration-test/target/test-dir/MiniOzoneClusterImpl-b7e00dfa-d3b8-45cf-9d3a-2bd5fdfebf54/ozone-meta/datanode-1/ratis/04a1f7f9-abb2-42e3-9b76-b92a147de22b/sm/snapshot.1_0 took: 1 ms
2025-07-02 18:45:23,687 [75758caf-2019-48e0-9285-4ac26ec01eda@group-B92A147DE22B-StateMachineUpdater] INFO  impl.StateMachineUpdater (StateMachineUpdater.java:takeSnapshot(307)) - 75758caf-2019-48e0-9285-4ac26ec01eda@group-B92A147DE22B-StateMachineUpdater: Took a snapshot at index 0
2025-07-02 18:45:23,687 [75758caf-2019-48e0-9285-4ac26ec01eda@group-B92A147DE22B-StateMachineUpdater] INFO  impl.StateMachineUpdater (StateMachineUpdater.java:lambda$new$0(101)) - 75758caf-2019-48e0-9285-4ac26ec01eda@group-B92A147DE22B-StateMachineUpdater: snapshotIndex: updateIncreasingly -1 -> 0
2025-07-02 18:45:23,692 [baa12041-7cca-45c7-810c-7ea11519444b-ChunkWriter-2-0] WARN  statemachine.DatanodeConfiguration (DatanodeConfiguration.java:validateMinFreeSpace(751)) - hdds.datanode.volume.min.free.space.percent = -1.0 is invalid, should be between 0 and 1
2025-07-02 18:45:23,695 [f1637480-4571-474d-8c0e-49126192dfac-ChunkWriter-2-0] WARN  statemachine.DatanodeConfiguration (DatanodeConfiguration.java:validateMinFreeSpace(751)) - hdds.datanode.volume.min.free.space.percent = -1.0 is invalid, should be between 0 and 1
2025-07-02 18:45:23,695 [f1637480-4571-474d-8c0e-49126192dfac-ChunkWriter-2-0] WARN  statemachine.DatanodeConfiguration (DatanodeConfiguration.java:validateMinFreeSpace(751)) - hdds.datanode.volume.min.free.space.percent = -1.0 is invalid, should be between 0 and 1
2025-07-02 18:45:23,698 [baa12041-7cca-45c7-810c-7ea11519444b-ChunkWriter-2-0] WARN  statemachine.DatanodeConfiguration (DatanodeConfiguration.java:validateMinFreeSpace(751)) - hdds.datanode.volume.min.free.space.percent = -1.0 is invalid, should be between 0 and 1
2025-07-02 18:45:23,699 [75758caf-2019-48e0-9285-4ac26ec01eda-ChunkWriter-2-0] WARN  statemachine.DatanodeConfiguration (DatanodeConfiguration.java:validateMinFreeSpace(751)) - hdds.datanode.volume.min.free.space.percent = -1.0 is invalid, should be between 0 and 1
2025-07-02 18:45:23,699 [75758caf-2019-48e0-9285-4ac26ec01eda-ChunkWriter-2-0] WARN  statemachine.DatanodeConfiguration (DatanodeConfiguration.java:validateMinFreeSpace(751)) - hdds.datanode.volume.min.free.space.percent = -1.0 is invalid, should be between 0 and 1
2025-07-02 18:45:23,716 [baa12041-7cca-45c7-810c-7ea11519444b@group-B92A147DE22B-StateMachineUpdater] INFO  ratis.ContainerStateMachine (ContainerStateMachine.java:takeSnapshot(427)) - group-B92A147DE22B: Taking a snapshot at:(t:1, i:1) file /home/runner/work/ozone/ozone/hadoop-ozone/integration-test/target/test-dir/MiniOzoneClusterImpl-b7e00dfa-d3b8-45cf-9d3a-2bd5fdfebf54/ozone-meta/datanode-3/ratis/04a1f7f9-abb2-42e3-9b76-b92a147de22b/sm/snapshot.1_1
2025-07-02 18:45:23,717 [baa12041-7cca-45c7-810c-7ea11519444b@group-B92A147DE22B-StateMachineUpdater] INFO  ratis.ContainerStateMachine (ContainerStateMachine.java:takeSnapshot(436)) - group-B92A147DE22B: Finished taking a snapshot at:(t:1, i:1) file:/home/runner/work/ozone/ozone/hadoop-ozone/integration-test/target/test-dir/MiniOzoneClusterImpl-b7e00dfa-d3b8-45cf-9d3a-2bd5fdfebf54/ozone-meta/datanode-3/ratis/04a1f7f9-abb2-42e3-9b76-b92a147de22b/sm/snapshot.1_1 took: 2 ms
2025-07-02 18:45:23,718 [baa12041-7cca-45c7-810c-7ea11519444b@group-B92A147DE22B-StateMachineUpdater] INFO  impl.StateMachineUpdater (StateMachineUpdater.java:takeSnapshot(307)) - baa12041-7cca-45c7-810c-7ea11519444b@group-B92A147DE22B-StateMachineUpdater: Took a snapshot at index 1
2025-07-02 18:45:23,718 [baa12041-7cca-45c7-810c-7ea11519444b@group-B92A147DE22B-StateMachineUpdater] INFO  impl.StateMachineUpdater (StateMachineUpdater.java:lambda$new$0(101)) - baa12041-7cca-45c7-810c-7ea11519444b@group-B92A147DE22B-StateMachineUpdater: snapshotIndex: updateIncreasingly 0 -> 1
2025-07-02 18:45:23,718 [baa12041-7cca-45c7-810c-7ea11519444b@group-B92A147DE22B-StateMachineUpdater] INFO  ratis.ContainerStateMachine (ContainerStateMachine.java:takeSnapshot(427)) - group-B92A147DE22B: Taking a snapshot at:(t:1, i:3) file /home/runner/work/ozone/ozone/hadoop-ozone/integration-test/target/test-dir/MiniOzoneClusterImpl-b7e00dfa-d3b8-45cf-9d3a-2bd5fdfebf54/ozone-meta/datanode-3/ratis/04a1f7f9-abb2-42e3-9b76-b92a147de22b/sm/snapshot.1_3
2025-07-02 18:45:23,719 [baa12041-7cca-45c7-810c-7ea11519444b@group-B92A147DE22B-StateMachineUpdater] INFO  ratis.ContainerStateMachine (ContainerStateMachine.java:takeSnapshot(436)) - group-B92A147DE22B: Finished taking a snapshot at:(t:1, i:3) file:/home/runner/work/ozone/ozone/hadoop-ozone/integration-test/target/test-dir/MiniOzoneClusterImpl-b7e00dfa-d3b8-45cf-9d3a-2bd5fdfebf54/ozone-meta/datanode-3/ratis/04a1f7f9-abb2-42e3-9b76-b92a147de22b/sm/snapshot.1_3 took: 1 ms
2025-07-02 18:45:23,719 [baa12041-7cca-45c7-810c-7ea11519444b@group-B92A147DE22B-StateMachineUpdater] INFO  impl.StateMachineUpdater (StateMachineUpdater.java:takeSnapshot(307)) - baa12041-7cca-45c7-810c-7ea11519444b@group-B92A147DE22B-StateMachineUpdater: Took a snapshot at index 3
2025-07-02 18:45:23,719 [baa12041-7cca-45c7-810c-7ea11519444b@group-B92A147DE22B-StateMachineUpdater] INFO  impl.StateMachineUpdater (StateMachineUpdater.java:lambda$new$0(101)) - baa12041-7cca-45c7-810c-7ea11519444b@group-B92A147DE22B-StateMachineUpdater: snapshotIndex: updateIncreasingly 1 -> 3
2025-07-02 18:45:23,720 [f1637480-4571-474d-8c0e-49126192dfac@group-B92A147DE22B-StateMachineUpdater] INFO  ratis.ContainerStateMachine (ContainerStateMachine.java:takeSnapshot(427)) - group-B92A147DE22B: Taking a snapshot at:(t:1, i:2) file /home/runner/work/ozone/ozone/hadoop-ozone/integration-test/target/test-dir/MiniOzoneClusterImpl-b7e00dfa-d3b8-45cf-9d3a-2bd5fdfebf54/ozone-meta/datanode-2/ratis/04a1f7f9-abb2-42e3-9b76-b92a147de22b/sm/snapshot.1_2
2025-07-02 18:45:23,723 [f1637480-4571-474d-8c0e-49126192dfac@group-B92A147DE22B-StateMachineUpdater] INFO  ratis.ContainerStateMachine (ContainerStateMachine.java:takeSnapshot(436)) - group-B92A147DE22B: Finished taking a snapshot at:(t:1, i:2) file:/home/runner/work/ozone/ozone/hadoop-ozone/integration-test/target/test-dir/MiniOzoneClusterImpl-b7e00dfa-d3b8-45cf-9d3a-2bd5fdfebf54/ozone-meta/datanode-2/ratis/04a1f7f9-abb2-42e3-9b76-b92a147de22b/sm/snapshot.1_2 took: 3 ms
2025-07-02 18:45:23,723 [f1637480-4571-474d-8c0e-49126192dfac@group-B92A147DE22B-StateMachineUpdater] INFO  impl.StateMachineUpdater (StateMachineUpdater.java:takeSnapshot(307)) - f1637480-4571-474d-8c0e-49126192dfac@group-B92A147DE22B-StateMachineUpdater: Took a snapshot at index 2
2025-07-02 18:45:23,723 [f1637480-4571-474d-8c0e-49126192dfac@group-B92A147DE22B-StateMachineUpdater] INFO  impl.StateMachineUpdater (StateMachineUpdater.java:lambda$new$0(101)) - f1637480-4571-474d-8c0e-49126192dfac@group-B92A147DE22B-StateMachineUpdater: snapshotIndex: updateIncreasingly 0 -> 2
2025-07-02 18:45:23,725 [baa12041-7cca-45c7-810c-7ea11519444b@group-B92A147DE22B-StateMachineUpdater] INFO  ratis.ContainerStateMachine (ContainerStateMachine.java:takeSnapshot(427)) - group-B92A147DE22B: Taking a snapshot at:(t:1, i:4) file /home/runner/work/ozone/ozone/hadoop-ozone/integration-test/target/test-dir/MiniOzoneClusterImpl-b7e00dfa-d3b8-45cf-9d3a-2bd5fdfebf54/ozone-meta/datanode-3/ratis/04a1f7f9-abb2-42e3-9b76-b92a147de22b/sm/snapshot.1_4
2025-07-02 18:45:23,726 [baa12041-7cca-45c7-810c-7ea11519444b@group-B92A147DE22B-StateMachineUpdater] INFO  ratis.ContainerStateMachine (ContainerStateMachine.java:takeSnapshot(436)) - group-B92A147DE22B: Finished taking a snapshot at:(t:1, i:4) file:/home/runner/work/ozone/ozone/hadoop-ozone/integration-test/target/test-dir/MiniOzoneClusterImpl-b7e00dfa-d3b8-45cf-9d3a-2bd5fdfebf54/ozone-meta/datanode-3/ratis/04a1f7f9-abb2-42e3-9b76-b92a147de22b/sm/snapshot.1_4 took: 1 ms
2025-07-02 18:45:23,726 [baa12041-7cca-45c7-810c-7ea11519444b@group-B92A147DE22B-StateMachineUpdater] INFO  impl.StateMachineUpdater (StateMachineUpdater.java:takeSnapshot(307)) - baa12041-7cca-45c7-810c-7ea11519444b@group-B92A147DE22B-StateMachineUpdater: Took a snapshot at index 4
2025-07-02 18:45:23,727 [baa12041-7cca-45c7-810c-7ea11519444b@group-B92A147DE22B-StateMachineUpdater] INFO  impl.StateMachineUpdater (StateMachineUpdater.java:lambda$new$0(101)) - baa12041-7cca-45c7-810c-7ea11519444b@group-B92A147DE22B-StateMachineUpdater: snapshotIndex: updateIncreasingly 3 -> 4
2025-07-02 18:45:23,727 [75758caf-2019-48e0-9285-4ac26ec01eda@group-B92A147DE22B-StateMachineUpdater] INFO  ratis.ContainerStateMachine (ContainerStateMachine.java:takeSnapshot(427)) - group-B92A147DE22B: Taking a snapshot at:(t:1, i:1) file /home/runner/work/ozone/ozone/hadoop-ozone/integration-test/target/test-dir/MiniOzoneClusterImpl-b7e00dfa-d3b8-45cf-9d3a-2bd5fdfebf54/ozone-meta/datanode-1/ratis/04a1f7f9-abb2-42e3-9b76-b92a147de22b/sm/snapshot.1_1
2025-07-02 18:45:23,728 [75758caf-2019-48e0-9285-4ac26ec01eda@group-B92A147DE22B-StateMachineUpdater] INFO  ratis.ContainerStateMachine (ContainerStateMachine.java:takeSnapshot(436)) - group-B92A147DE22B: Finished taking a snapshot at:(t:1, i:1) file:/home/runner/work/ozone/ozone/hadoop-ozone/integration-test/target/test-dir/MiniOzoneClusterImpl-b7e00dfa-d3b8-45cf-9d3a-2bd5fdfebf54/ozone-meta/datanode-1/ratis/04a1f7f9-abb2-42e3-9b76-b92a147de22b/sm/snapshot.1_1 took: 0 ms
2025-07-02 18:45:23,728 [75758caf-2019-48e0-9285-4ac26ec01eda@group-B92A147DE22B-StateMachineUpdater] INFO  impl.StateMachineUpdater (StateMachineUpdater.java:takeSnapshot(307)) - 75758caf-2019-48e0-9285-4ac26ec01eda@group-B92A147DE22B-StateMachineUpdater: Took a snapshot at index 1
2025-07-02 18:45:23,728 [75758caf-2019-48e0-9285-4ac26ec01eda@group-B92A147DE22B-StateMachineUpdater] INFO  impl.StateMachineUpdater (StateMachineUpdater.java:lambda$new$0(101)) - 75758caf-2019-48e0-9285-4ac26ec01eda@group-B92A147DE22B-StateMachineUpdater: snapshotIndex: updateIncreasingly 0 -> 1
2025-07-02 18:45:23,748 [f1637480-4571-474d-8c0e-49126192dfac-ChunkWriter-2-0] ERROR helpers.ContainerUtils (ContainerUtils.java:getChunkDir(273)) - Chunks dir /home/runner/work/ozone/ozone/hadoop-ozone/integration-test/target/test-dir/MiniOzoneClusterImpl-b7e00dfa-d3b8-45cf-9d3a-2bd5fdfebf54/ozone-meta/datanode-2/data-0/hdds/b7e00dfa-d3b8-45cf-9d3a-2bd5fdfebf54/current/containerDir0/2/chunks does not exist
2025-07-02 18:45:23,749 [f1637480-4571-474d-8c0e-49126192dfac-ChunkWriter-2-0] WARN  keyvalue.KeyValueHandler (ContainerUtils.java:logAndReturnError(94)) - Operation: WriteChunk , Trace ID:  , Message: Chunks directory /home/runner/work/ozone/ozone/hadoop-ozone/integration-test/target/test-dir/MiniOzoneClusterImpl-b7e00dfa-d3b8-45cf-9d3a-2bd5fdfebf54/ozone-meta/datanode-2/data-0/hdds/b7e00dfa-d3b8-45cf-9d3a-2bd5fdfebf54/current/containerDir0/2/chunks does not exist. , Result: UNABLE_TO_FIND_DATA_DIR , StorageContainerException Occurred.
org.apache.hadoop.hdds.scm.container.common.helpers.StorageContainerException: Chunks directory /home/runner/work/ozone/ozone/hadoop-ozone/integration-test/target/test-dir/MiniOzoneClusterImpl-b7e00dfa-d3b8-45cf-9d3a-2bd5fdfebf54/ozone-meta/datanode-2/data-0/hdds/b7e00dfa-d3b8-45cf-9d3a-2bd5fdfebf54/current/containerDir0/2/chunks does not exist.
	at org.apache.hadoop.ozone.container.common.helpers.ContainerUtils.getChunkDir(ContainerUtils.java:275)
	at org.apache.hadoop.ozone.container.common.impl.ContainerLayoutVersion.getChunkFile(ContainerLayoutVersion.java:115)
	at org.apache.hadoop.ozone.container.keyvalue.impl.FilePerBlockStrategy.getChunkFile(FilePerBlockStrategy.java:300)
	at org.apache.hadoop.ozone.container.keyvalue.impl.FilePerBlockStrategy.writeChunk(FilePerBlockStrategy.java:148)
	at org.apache.hadoop.ozone.container.keyvalue.impl.ChunkManagerDispatcher.writeChunk(ChunkManagerDispatcher.java:70)
	at org.apache.hadoop.ozone.container.keyvalue.KeyValueHandler.handleWriteChunk(KeyValueHandler.java:1029)
	at org.apache.hadoop.ozone.container.keyvalue.KeyValueHandler.dispatchRequest(KeyValueHandler.java:342)
	at org.apache.hadoop.ozone.container.keyvalue.KeyValueHandler.handle(KeyValueHandler.java:293)
	at org.apache.hadoop.ozone.container.common.impl.HddsDispatcher.dispatchRequest(HddsDispatcher.java:365)
	at org.apache.hadoop.ozone.container.common.impl.HddsDispatcher.lambda$dispatch$1(HddsDispatcher.java:190)
	at org.apache.hadoop.hdds.server.OzoneProtocolMessageDispatcher.processRequest(OzoneProtocolMessageDispatcher.java:87)
	at org.apache.hadoop.ozone.container.common.impl.HddsDispatcher.dispatch(HddsDispatcher.java:189)
	at org.apache.hadoop.ozone.container.common.transport.server.ratis.ContainerStateMachine.dispatchCommand(ContainerStateMachine.java:567)
	at org.apache.hadoop.ozone.container.common.transport.server.ratis.ContainerStateMachine.lambda$writeStateMachineData$2(ContainerStateMachine.java:622)
	at java.base/java.util.concurrent.FutureTask.run(FutureTask.java:317)
	at java.base/java.util.concurrent.ThreadPoolExecutor.runWorker(ThreadPoolExecutor.java:1144)
	at java.base/java.util.concurrent.ThreadPoolExecutor$Worker.run(ThreadPoolExecutor.java:642)
	at java.base/java.lang.Thread.run(Thread.java:1583)
2025-07-02 18:45:23,749 [75758caf-2019-48e0-9285-4ac26ec01eda-ChunkWriter-2-0] ERROR helpers.ContainerUtils (ContainerUtils.java:getChunkDir(273)) - Chunks dir /home/runner/work/ozone/ozone/hadoop-ozone/integration-test/target/test-dir/MiniOzoneClusterImpl-b7e00dfa-d3b8-45cf-9d3a-2bd5fdfebf54/ozone-meta/datanode-1/data-0/hdds/b7e00dfa-d3b8-45cf-9d3a-2bd5fdfebf54/current/containerDir0/2/chunks does not exist
2025-07-02 18:45:23,750 [75758caf-2019-48e0-9285-4ac26ec01eda-ChunkWriter-2-0] WARN  keyvalue.KeyValueHandler (ContainerUtils.java:logAndReturnError(94)) - Operation: WriteChunk , Trace ID:  , Message: Chunks directory /home/runner/work/ozone/ozone/hadoop-ozone/integration-test/target/test-dir/MiniOzoneClusterImpl-b7e00dfa-d3b8-45cf-9d3a-2bd5fdfebf54/ozone-meta/datanode-1/data-0/hdds/b7e00dfa-d3b8-45cf-9d3a-2bd5fdfebf54/current/containerDir0/2/chunks does not exist. , Result: UNABLE_TO_FIND_DATA_DIR , StorageContainerException Occurred.
org.apache.hadoop.hdds.scm.container.common.helpers.StorageContainerException: Chunks directory /home/runner/work/ozone/ozone/hadoop-ozone/integration-test/target/test-dir/MiniOzoneClusterImpl-b7e00dfa-d3b8-45cf-9d3a-2bd5fdfebf54/ozone-meta/datanode-1/data-0/hdds/b7e00dfa-d3b8-45cf-9d3a-2bd5fdfebf54/current/containerDir0/2/chunks does not exist.
	at org.apache.hadoop.ozone.container.common.helpers.ContainerUtils.getChunkDir(ContainerUtils.java:275)
	at org.apache.hadoop.ozone.container.common.impl.ContainerLayoutVersion.getChunkFile(ContainerLayoutVersion.java:115)
	at org.apache.hadoop.ozone.container.keyvalue.impl.FilePerBlockStrategy.getChunkFile(FilePerBlockStrategy.java:300)
	at org.apache.hadoop.ozone.container.keyvalue.impl.FilePerBlockStrategy.writeChunk(FilePerBlockStrategy.java:148)
	at org.apache.hadoop.ozone.container.keyvalue.impl.ChunkManagerDispatcher.writeChunk(ChunkManagerDispatcher.java:70)
	at org.apache.hadoop.ozone.container.keyvalue.KeyValueHandler.handleWriteChunk(KeyValueHandler.java:1029)
	at org.apache.hadoop.ozone.container.keyvalue.KeyValueHandler.dispatchRequest(KeyValueHandler.java:342)
	at org.apache.hadoop.ozone.container.keyvalue.KeyValueHandler.handle(KeyValueHandler.java:293)
	at org.apache.hadoop.ozone.container.common.impl.HddsDispatcher.dispatchRequest(HddsDispatcher.java:365)
	at org.apache.hadoop.ozone.container.common.impl.HddsDispatcher.lambda$dispatch$1(HddsDispatcher.java:190)
	at org.apache.hadoop.hdds.server.OzoneProtocolMessageDispatcher.processRequest(OzoneProtocolMessageDispatcher.java:87)
	at org.apache.hadoop.ozone.container.common.impl.HddsDispatcher.dispatch(HddsDispatcher.java:189)
	at org.apache.hadoop.ozone.container.common.transport.server.ratis.ContainerStateMachine.dispatchCommand(ContainerStateMachine.java:567)
	at org.apache.hadoop.ozone.container.common.transport.server.ratis.ContainerStateMachine.lambda$writeStateMachineData$2(ContainerStateMachine.java:622)
	at java.base/java.util.concurrent.FutureTask.run(FutureTask.java:317)
	at java.base/java.util.concurrent.ThreadPoolExecutor.runWorker(ThreadPoolExecutor.java:1144)
	at java.base/java.util.concurrent.ThreadPoolExecutor$Worker.run(ThreadPoolExecutor.java:642)
	at java.base/java.lang.Thread.run(Thread.java:1583)
2025-07-02 18:45:23,757 [75758caf-2019-48e0-9285-4ac26ec01eda-ChunkWriter-2-0] WARN  keyvalue.KeyValueContainer (KeyValueContainer.java:markContainerUnhealthy(397)) - Marked container UNHEALTHY from OPEN: KeyValueContainerData #2 (UNHEALTHY, non-empty, ri=0, origin=[dn_75758caf-2019-48e0-9285-4ac26ec01eda, pipeline_04a1f7f9-abb2-42e3-9b76-b92a147de22b])
2025-07-02 18:45:23,758 [f1637480-4571-474d-8c0e-49126192dfac-ChunkWriter-2-0] WARN  keyvalue.KeyValueContainer (KeyValueContainer.java:markContainerUnhealthy(397)) - Marked container UNHEALTHY from OPEN: KeyValueContainerData #2 (UNHEALTHY, non-empty, ri=0, origin=[dn_f1637480-4571-474d-8c0e-49126192dfac, pipeline_04a1f7f9-abb2-42e3-9b76-b92a147de22b])
2025-07-02 18:45:23,759 [f1637480-4571-474d-8c0e-49126192dfac-ChunkWriter-2-0] WARN  keyvalue.KeyValueHandler (KeyValueHandler.java:updateAndGetContainerChecksum(1451)) - Container data checksum updated from 0 to 1bdd5b56
2025-07-02 18:45:23,759 [75758caf-2019-48e0-9285-4ac26ec01eda-ChunkWriter-2-0] WARN  keyvalue.KeyValueHandler (KeyValueHandler.java:updateAndGetContainerChecksum(1451)) - Container data checksum updated from 0 to 1bdd5b56
2025-07-02T18:45:23.760420300Z f1637480-4571-474d-8c0e-49126192dfac-ChunkWriter-2-0 ERROR ID=2 | Index=0 | BCSID=2 | State=UNHEALTHY | Volume=/home/runner/work/ozone/ozone/hadoop-ozone/integration-test/target/test-dir/MiniOzoneClusterImpl-b7e00dfa-d3b8-45cf-9d3a-2bd5fdfebf54/ozone-meta/datanode-2/data-0/hdds | DataChecksum=1bdd5b56 | Container has 1 error: WRITE_FAILURE for file /home/runner/work/ozone/ozone/hadoop-ozone/integration-test/target/test-dir/MiniOzoneClusterImpl-b7e00dfa-d3b8-45cf-9d3a-2bd5fdfebf54/ozone-meta/datanode-2/data-0/hdds/b7e00dfa-d3b8-45cf-9d3a-2bd5fdfebf54/current/containerDir0/2 with exception: org.apache.hadoop.hdds.scm.container.common.helpers.StorageContainerException2025-07-02 18:45:23,760 [f1637480-4571-474d-8c0e-49126192dfac-ChunkWriter-2-0] INFO  impl.HddsDispatcher (HddsDispatcher.java:dispatchRequest(411)) - Marked Container UNHEALTHY, ContainerID: 2
2025-07-02T18:45:23.761777389Z 75758caf-2019-48e0-9285-4ac26ec01eda-ChunkWriter-2-0 ERROR ID=2 | Index=0 | BCSID=2 | State=UNHEALTHY | Volume=/home/runner/work/ozone/ozone/hadoop-ozone/integration-test/target/test-dir/MiniOzoneClusterImpl-b7e00dfa-d3b8-45cf-9d3a-2bd5fdfebf54/ozone-meta/datanode-1/data-0/hdds | DataChecksum=1bdd5b56 | Container has 1 error: WRITE_FAILURE for file /home/runner/work/ozone/ozone/hadoop-ozone/integration-test/target/test-dir/MiniOzoneClusterImpl-b7e00dfa-d3b8-45cf-9d3a-2bd5fdfebf54/ozone-meta/datanode-1/data-0/hdds/b7e00dfa-d3b8-45cf-9d3a-2bd5fdfebf54/current/containerDir0/2 with exception: org.apache.hadoop.hdds.scm.container.common.helpers.StorageContainerException2025-07-02 18:45:23,761 [75758caf-2019-48e0-9285-4ac26ec01eda-ChunkWriter-2-0] INFO  impl.HddsDispatcher (HddsDispatcher.java:dispatchRequest(411)) - Marked Container UNHEALTHY, ContainerID: 2
2025-07-02 18:45:23,762 [FixedThreadPoolWithAffinityExecutor-1-0] INFO  container.IncrementalContainerReportHandler (AbstractContainerReportHandler.java:updateContainerState(253)) - FINALIZE (i.e. CLOSING) Container #2 (OPEN, sid=0) r0 (UNHEALTHY, bcsid=2, origin=f1637480-4571-474d-8c0e-49126192dfac, non-empty) from dn f1637480-4571-474d-8c0e-49126192dfac(localhost/127.0.0.1)
2025-07-02T18:45:23.769212411Z 75758caf-2019-48e0-9285-4ac26ec01eda-ChunkWriter-2-0 ERROR user=null | ip=null | op=WRITE_CHUNK {blockData=conID: 2 locID: 115816896921600002 bcsId: 2 replicaIndex: 0, offset=5, size=10, stage=WRITE_DATA} | ret=FAILURE
java.lang.Exception: Chunks directory /home/runner/work/ozone/ozone/hadoop-ozone/integration-test/target/test-dir/MiniOzoneClusterImpl-b7e00dfa-d3b8-45cf-9d3a-2bd5fdfebf54/ozone-meta/datanode-1/data-0/hdds/b7e00dfa-d3b8-45cf-9d3a-2bd5fdfebf54/current/containerDir0/2/chunks does not exist.
	at org.apache.hadoop.ozone.container.common.impl.HddsDispatcher.dispatchRequest(HddsDispatcher.java:439)
	at org.apache.hadoop.ozone.container.common.impl.HddsDispatcher.lambda$dispatch$1(HddsDispatcher.java:190)
	at org.apache.hadoop.hdds.server.OzoneProtocolMessageDispatcher.processRequest(OzoneProtocolMessageDispatcher.java:87)
	at org.apache.hadoop.ozone.container.common.impl.HddsDispatcher.dispatch(HddsDispatcher.java:189)
	at org.apache.hadoop.ozone.container.common.transport.server.ratis.ContainerStateMachine.dispatchCommand(ContainerStateMachine.java:567)
	at org.apache.hadoop.ozone.container.common.transport.server.ratis.ContainerStateMachine.lambda$writeStateMachineData$2(ContainerStateMachine.java:622)
	at java.base/java.util.concurrent.FutureTask.run(FutureTask.java:317)
	at java.base/java.util.concurrent.ThreadPoolExecutor.runWorker(ThreadPoolExecutor.java:1144)
	at java.base/java.util.concurrent.ThreadPoolExecutor$Worker.run(ThreadPoolExecutor.java:642)
	at java.base/java.lang.Thread.run(Thread.java:1583)
2025-07-02 18:45:23,769 [75758caf-2019-48e0-9285-4ac26ec01eda-ChunkWriter-2-0] ERROR ratis.ContainerStateMachine (ContainerStateMachine.java:handleCommandResult(662)) - group-B92A147DE22B: writeChunk writeStateMachineData failed: blockIdcontainerID: 2
localID: 115816896921600002
blockCommitSequenceId: 2
replicaIndex: 0
 logIndex 5 chunkName 115816896921600002_chunk_2 Error message: Chunks directory /home/runner/work/ozone/ozone/hadoop-ozone/integration-test/target/test-dir/MiniOzoneClusterImpl-b7e00dfa-d3b8-45cf-9d3a-2bd5fdfebf54/ozone-meta/datanode-1/data-0/hdds/b7e00dfa-d3b8-45cf-9d3a-2bd5fdfebf54/current/containerDir0/2/chunks does not exist. Container Result: UNABLE_TO_FIND_DATA_DIR
2025-07-02 18:45:23,772 [75758caf-2019-48e0-9285-4ac26ec01eda@group-B92A147DE22B-SegmentedRaftLogWorker] ERROR ratis.ContainerStateMachine (ContainerStateMachine.java:notifyLogFailed(1268)) - group-B92A147DE22B: (t:1, i:5) cmdType: WriteChunk traceID: "" containerID: 2 datanodeUuid: "f1637480-4571-474d-8c0e-49126192dfac" pipelineID: "04a1f7f9-abb2-42e3-9b76-b92a147de22b" writeChunk { blockID { containerID: 2 localID: 115816896921600002 blockCommitSequenceId: 2 replicaIndex: 0 } chunkData { chunkName: "115816896921600002_chunk_2" offset: 5 len: 10 checksumData { type: CRC32 bytesPerChecksum: 16384 checksums: "\317\357R*" } } } version: 3, container path=/home/runner/work/ozone/ozone/hadoop-ozone/integration-test/target/test-dir/MiniOzoneClusterImpl-b7e00dfa-d3b8-45cf-9d3a-2bd5fdfebf54/ozone-meta/datanode-1/data-0/hdds/b7e00dfa-d3b8-45cf-9d3a-2bd5fdfebf54/current/containerDir0/2
org.apache.hadoop.hdds.scm.container.common.helpers.StorageContainerException: Chunks directory /home/runner/work/ozone/ozone/hadoop-ozone/integration-test/target/test-dir/MiniOzoneClusterImpl-b7e00dfa-d3b8-45cf-9d3a-2bd5fdfebf54/ozone-meta/datanode-1/data-0/hdds/b7e00dfa-d3b8-45cf-9d3a-2bd5fdfebf54/current/containerDir0/2/chunks does not exist.
	at org.apache.hadoop.ozone.container.common.transport.server.ratis.ContainerStateMachine.handleCommandResult(ContainerStateMachine.java:661)
	at org.apache.hadoop.ozone.container.common.transport.server.ratis.ContainerStateMachine.lambda$writeStateMachineData$2(ContainerStateMachine.java:623)
	at java.base/java.util.concurrent.FutureTask.run(FutureTask.java:317)
	at java.base/java.util.concurrent.ThreadPoolExecutor.runWorker(ThreadPoolExecutor.java:1144)
	at java.base/java.util.concurrent.ThreadPoolExecutor$Worker.run(ThreadPoolExecutor.java:642)
	at java.base/java.lang.Thread.run(Thread.java:1583)
2025-07-02T18:45:23.773637496Z f1637480-4571-474d-8c0e-49126192dfac-ChunkWriter-2-0 ERROR user=null | ip=null | op=WRITE_CHUNK {blockData=conID: 2 locID: 115816896921600002 bcsId: 2 replicaIndex: 0, offset=5, size=10, stage=WRITE_DATA} | ret=FAILURE
java.lang.Exception: Chunks directory /home/runner/work/ozone/ozone/hadoop-ozone/integration-test/target/test-dir/MiniOzoneClusterImpl-b7e00dfa-d3b8-45cf-9d3a-2bd5fdfebf54/ozone-meta/datanode-2/data-0/hdds/b7e00dfa-d3b8-45cf-9d3a-2bd5fdfebf54/current/containerDir0/2/chunks does not exist.
	at org.apache.hadoop.ozone.container.common.impl.HddsDispatcher.dispatchRequest(HddsDispatcher.java:439)
	at org.apache.hadoop.ozone.container.common.impl.HddsDispatcher.lambda$dispatch$1(HddsDispatcher.java:190)
	at org.apache.hadoop.hdds.server.OzoneProtocolMessageDispatcher.processRequest(OzoneProtocolMessageDispatcher.java:87)
	at org.apache.hadoop.ozone.container.common.impl.HddsDispatcher.dispatch(HddsDispatcher.java:189)
	at org.apache.hadoop.ozone.container.common.transport.server.ratis.ContainerStateMachine.dispatchCommand(ContainerStateMachine.java:567)
	at org.apache.hadoop.ozone.container.common.transport.server.ratis.ContainerStateMachine.lambda$writeStateMachineData$2(ContainerStateMachine.java:622)
	at java.base/java.util.concurrent.FutureTask.run(FutureTask.java:317)
	at java.base/java.util.concurrent.ThreadPoolExecutor.runWorker(ThreadPoolExecutor.java:1144)
	at java.base/java.util.concurrent.ThreadPoolExecutor$Worker.run(ThreadPoolExecutor.java:642)
	at java.base/java.lang.Thread.run(Thread.java:1583)
2025-07-02 18:45:23,773 [f1637480-4571-474d-8c0e-49126192dfac-ChunkWriter-2-0] ERROR ratis.ContainerStateMachine (ContainerStateMachine.java:handleCommandResult(662)) - group-B92A147DE22B: writeChunk writeStateMachineData failed: blockIdcontainerID: 2
localID: 115816896921600002
blockCommitSequenceId: 2
replicaIndex: 0
 logIndex 5 chunkName 115816896921600002_chunk_2 Error message: Chunks directory /home/runner/work/ozone/ozone/hadoop-ozone/integration-test/target/test-dir/MiniOzoneClusterImpl-b7e00dfa-d3b8-45cf-9d3a-2bd5fdfebf54/ozone-meta/datanode-2/data-0/hdds/b7e00dfa-d3b8-45cf-9d3a-2bd5fdfebf54/current/containerDir0/2/chunks does not exist. Container Result: UNABLE_TO_FIND_DATA_DIR
2025-07-02 18:45:23,774 [f1637480-4571-474d-8c0e-49126192dfac@group-B92A147DE22B-SegmentedRaftLogWorker] ERROR ratis.ContainerStateMachine (ContainerStateMachine.java:notifyLogFailed(1268)) - group-B92A147DE22B: (t:1, i:5) cmdType: WriteChunk traceID: "" containerID: 2 datanodeUuid: "f1637480-4571-474d-8c0e-49126192dfac" pipelineID: "04a1f7f9-abb2-42e3-9b76-b92a147de22b" writeChunk { blockID { containerID: 2 localID: 115816896921600002 blockCommitSequenceId: 2 replicaIndex: 0 } chunkData { chunkName: "115816896921600002_chunk_2" offset: 5 len: 10 checksumData { type: CRC32 bytesPerChecksum: 16384 checksums: "\317\357R*" } } } version: 3, container path=/home/runner/work/ozone/ozone/hadoop-ozone/integration-test/target/test-dir/MiniOzoneClusterImpl-b7e00dfa-d3b8-45cf-9d3a-2bd5fdfebf54/ozone-meta/datanode-2/data-0/hdds/b7e00dfa-d3b8-45cf-9d3a-2bd5fdfebf54/current/containerDir0/2
org.apache.hadoop.hdds.scm.container.common.helpers.StorageContainerException: Chunks directory /home/runner/work/ozone/ozone/hadoop-ozone/integration-test/target/test-dir/MiniOzoneClusterImpl-b7e00dfa-d3b8-45cf-9d3a-2bd5fdfebf54/ozone-meta/datanode-2/data-0/hdds/b7e00dfa-d3b8-45cf-9d3a-2bd5fdfebf54/current/containerDir0/2/chunks does not exist.
	at org.apache.hadoop.ozone.container.common.transport.server.ratis.ContainerStateMachine.handleCommandResult(ContainerStateMachine.java:661)
	at org.apache.hadoop.ozone.container.common.transport.server.ratis.ContainerStateMachine.lambda$writeStateMachineData$2(ContainerStateMachine.java:623)
	at java.base/java.util.concurrent.FutureTask.run(FutureTask.java:317)
	at java.base/java.util.concurrent.ThreadPoolExecutor.runWorker(ThreadPoolExecutor.java:1144)
	at java.base/java.util.concurrent.ThreadPoolExecutor$Worker.run(ThreadPoolExecutor.java:642)
	at java.base/java.lang.Thread.run(Thread.java:1583)
2025-07-02 18:45:23,778 [EventQueue-CloseContainerForCloseContainerEventHandler] INFO  container.CloseContainerEventHandler (CloseContainerEventHandler.java:onMessage(88)) - Close container Event triggered for container : #2, current state: CLOSING
2025-07-02 18:45:23,782 [EventQueue-CloseContainerForCloseContainerEventHandler] INFO  container.CloseContainerEventHandler (CloseContainerEventHandler.java:onMessage(88)) - Close container Event triggered for container : #2, current state: CLOSING
2025-07-02 18:45:23,785 [75758caf-2019-48e0-9285-4ac26ec01eda@group-B92A147DE22B-SegmentedRaftLogWorker] WARN  ratis.XceiverServerRatis (XceiverServerRatis.java:triggerPipelineClose(758)) - pipeline Action CLOSE on pipeline Pipeline-04a1f7f9-abb2-42e3-9b76-b92a147de22b.Reason : Chunks directory /home/runner/work/ozone/ozone/hadoop-ozone/integration-test/target/test-dir/MiniOzoneClusterImpl-b7e00dfa-d3b8-45cf-9d3a-2bd5fdfebf54/ozone-meta/datanode-1/data-0/hdds/b7e00dfa-d3b8-45cf-9d3a-2bd5fdfebf54/current/containerDir0/2/chunks does not exist.
2025-07-02 18:45:23,785 [f1637480-4571-474d-8c0e-49126192dfac@group-B92A147DE22B-SegmentedRaftLogWorker] WARN  ratis.XceiverServerRatis (XceiverServerRatis.java:triggerPipelineClose(758)) - pipeline Action CLOSE on pipeline Pipeline-04a1f7f9-abb2-42e3-9b76-b92a147de22b.Reason : Chunks directory /home/runner/work/ozone/ozone/hadoop-ozone/integration-test/target/test-dir/MiniOzoneClusterImpl-b7e00dfa-d3b8-45cf-9d3a-2bd5fdfebf54/ozone-meta/datanode-2/data-0/hdds/b7e00dfa-d3b8-45cf-9d3a-2bd5fdfebf54/current/containerDir0/2/chunks does not exist.
2025-07-02 18:45:23,786 [75758caf-2019-48e0-9285-4ac26ec01eda-server-thread1] WARN  server.GrpcServerProtocolService (LogUtils.java:warn(129)) - 75758caf-2019-48e0-9285-4ac26ec01eda: Failed APPEND_ENTRIES request baa12041-7cca-45c7-810c-7ea11519444b->75758caf-2019-48e0-9285-4ac26ec01eda#16-t1,previous=(t:1, i:4),leaderCommit=4,initializing? false,entries: size=1, first=(t:1, i:5), STATEMACHINELOGENTRY, WRITE: logData.size=154, stateMachineData.size=10, logEntryProtoSerializedSize=0
java.util.concurrent.CompletionException: org.apache.hadoop.hdds.scm.container.common.helpers.StorageContainerException: Chunks directory /home/runner/work/ozone/ozone/hadoop-ozone/integration-test/target/test-dir/MiniOzoneClusterImpl-b7e00dfa-d3b8-45cf-9d3a-2bd5fdfebf54/ozone-meta/datanode-1/data-0/hdds/b7e00dfa-d3b8-45cf-9d3a-2bd5fdfebf54/current/containerDir0/2/chunks does not exist.
	at java.base/java.util.concurrent.CompletableFuture.encodeThrowable(CompletableFuture.java:332)
	at java.base/java.util.concurrent.CompletableFuture.completeThrowable(CompletableFuture.java:347)
	at java.base/java.util.concurrent.CompletableFuture$BiRelay.tryFire(CompletableFuture.java:1498)
	at java.base/java.util.concurrent.CompletableFuture$CoCompletion.tryFire(CompletableFuture.java:1219)
	at java.base/java.util.concurrent.CompletableFuture.postComplete(CompletableFuture.java:510)
	at java.base/java.util.concurrent.CompletableFuture.completeExceptionally(CompletableFuture.java:2194)
	at org.apache.ratis.server.raftlog.segmented.SegmentedRaftLog$Task.failed(SegmentedRaftLog.java:109)
	at org.apache.ratis.server.raftlog.segmented.SegmentedRaftLogWorker$WriteLog.failed(SegmentedRaftLogWorker.java:530)
	at org.apache.ratis.server.raftlog.segmented.SegmentedRaftLogWorker.run(SegmentedRaftLogWorker.java:326)
	at java.base/java.util.concurrent.Executors$RunnableAdapter.call(Executors.java:572)
	at java.base/java.util.concurrent.FutureTask.run(FutureTask.java:317)
	at java.base/java.util.concurrent.ThreadPoolExecutor.runWorker(ThreadPoolExecutor.java:1144)
	at java.base/java.util.concurrent.ThreadPoolExecutor$Worker.run(ThreadPoolExecutor.java:642)
	at java.base/java.lang.Thread.run(Thread.java:1583)
Caused by: org.apache.hadoop.hdds.scm.container.common.helpers.StorageContainerException: Chunks directory /home/runner/work/ozone/ozone/hadoop-ozone/integration-test/target/test-dir/MiniOzoneClusterImpl-b7e00dfa-d3b8-45cf-9d3a-2bd5fdfebf54/ozone-meta/datanode-1/data-0/hdds/b7e00dfa-d3b8-45cf-9d3a-2bd5fdfebf54/current/containerDir0/2/chunks does not exist.
	at org.apache.hadoop.ozone.container.common.transport.server.ratis.ContainerStateMachine.handleCommandResult(ContainerStateMachine.java:661)
	at org.apache.hadoop.ozone.container.common.transport.server.ratis.ContainerStateMachine.lambda$writeStateMachineData$2(ContainerStateMachine.java:623)
	... 4 more
2025-07-02 18:45:23,787 [f1637480-4571-474d-8c0e-49126192dfac-server-thread2] WARN  server.GrpcServerProtocolService (LogUtils.java:warn(129)) - f1637480-4571-474d-8c0e-49126192dfac: Failed APPEND_ENTRIES request baa12041-7cca-45c7-810c-7ea11519444b->f1637480-4571-474d-8c0e-49126192dfac#15-t1,previous=(t:1, i:4),leaderCommit=4,initializing? false,entries: size=1, first=(t:1, i:5), STATEMACHINELOGENTRY, WRITE: logData.size=154, stateMachineData.size=10, logEntryProtoSerializedSize=0
java.util.concurrent.CompletionException: org.apache.hadoop.hdds.scm.container.common.helpers.StorageContainerException: Chunks directory /home/runner/work/ozone/ozone/hadoop-ozone/integration-test/target/test-dir/MiniOzoneClusterImpl-b7e00dfa-d3b8-45cf-9d3a-2bd5fdfebf54/ozone-meta/datanode-2/data-0/hdds/b7e00dfa-d3b8-45cf-9d3a-2bd5fdfebf54/current/containerDir0/2/chunks does not exist.
	at java.base/java.util.concurrent.CompletableFuture.encodeThrowable(CompletableFuture.java:332)
	at java.base/java.util.concurrent.CompletableFuture.completeThrowable(CompletableFuture.java:347)
	at java.base/java.util.concurrent.CompletableFuture$BiRelay.tryFire(CompletableFuture.java:1498)
	at java.base/java.util.concurrent.CompletableFuture$CoCompletion.tryFire(CompletableFuture.java:1219)
	at java.base/java.util.concurrent.CompletableFuture.postComplete(CompletableFuture.java:510)
	at java.base/java.util.concurrent.CompletableFuture.completeExceptionally(CompletableFuture.java:2194)
	at org.apache.ratis.server.raftlog.segmented.SegmentedRaftLog$Task.failed(SegmentedRaftLog.java:109)
	at org.apache.ratis.server.raftlog.segmented.SegmentedRaftLogWorker$WriteLog.failed(SegmentedRaftLogWorker.java:530)
	at org.apache.ratis.server.raftlog.segmented.SegmentedRaftLogWorker.run(SegmentedRaftLogWorker.java:326)
	at java.base/java.util.concurrent.Executors$RunnableAdapter.call(Executors.java:572)
	at java.base/java.util.concurrent.FutureTask.run(FutureTask.java:317)
	at java.base/java.util.concurrent.ThreadPoolExecutor.runWorker(ThreadPoolExecutor.java:1144)
	at java.base/java.util.concurrent.ThreadPoolExecutor$Worker.run(ThreadPoolExecutor.java:642)
	at java.base/java.lang.Thread.run(Thread.java:1583)
Caused by: org.apache.hadoop.hdds.scm.container.common.helpers.StorageContainerException: Chunks directory /home/runner/work/ozone/ozone/hadoop-ozone/integration-test/target/test-dir/MiniOzoneClusterImpl-b7e00dfa-d3b8-45cf-9d3a-2bd5fdfebf54/ozone-meta/datanode-2/data-0/hdds/b7e00dfa-d3b8-45cf-9d3a-2bd5fdfebf54/current/containerDir0/2/chunks does not exist.
	at org.apache.hadoop.ozone.container.common.transport.server.ratis.ContainerStateMachine.handleCommandResult(ContainerStateMachine.java:661)
	at org.apache.hadoop.ozone.container.common.transport.server.ratis.ContainerStateMachine.lambda$writeStateMachineData$2(ContainerStateMachine.java:623)
	... 4 more
2025-07-02 18:45:23,788 [f1637480-4571-474d-8c0e-49126192dfac-server-thread1] WARN  server.GrpcServerProtocolService (LogUtils.java:warn(129)) - f1637480-4571-474d-8c0e-49126192dfac: Failed APPEND_ENTRIES request baa12041-7cca-45c7-810c-7ea11519444b->f1637480-4571-474d-8c0e-49126192dfac#16-t1,previous=(t:1, i:5),leaderCommit=4,initializing? false,entries: size=1, first=(t:1, i:6), STATEMACHINELOGENTRY, WRITE: logData.size=217, stateMachineData.size=0, logEntryProtoSerializedSize=0
java.util.concurrent.CompletionException: org.apache.hadoop.hdds.scm.container.common.helpers.StorageContainerException: Chunks directory /home/runner/work/ozone/ozone/hadoop-ozone/integration-test/target/test-dir/MiniOzoneClusterImpl-b7e00dfa-d3b8-45cf-9d3a-2bd5fdfebf54/ozone-meta/datanode-2/data-0/hdds/b7e00dfa-d3b8-45cf-9d3a-2bd5fdfebf54/current/containerDir0/2/chunks does not exist.
	at java.base/java.util.concurrent.CompletableFuture.encodeThrowable(CompletableFuture.java:332)
	at java.base/java.util.concurrent.CompletableFuture.completeThrowable(CompletableFuture.java:347)
	at java.base/java.util.concurrent.CompletableFuture$BiRelay.tryFire(CompletableFuture.java:1498)
	at java.base/java.util.concurrent.CompletableFuture$CoCompletion.tryFire(CompletableFuture.java:1219)
	at java.base/java.util.concurrent.CompletableFuture.postComplete(CompletableFuture.java:510)
	at java.base/java.util.concurrent.CompletableFuture.completeExceptionally(CompletableFuture.java:2194)
	at org.apache.ratis.server.raftlog.segmented.SegmentedRaftLog$Task.failed(SegmentedRaftLog.java:109)
	at org.apache.ratis.server.raftlog.segmented.SegmentedRaftLogWorker$WriteLog.failed(SegmentedRaftLogWorker.java:530)
	at org.apache.ratis.server.raftlog.segmented.SegmentedRaftLogWorker.run(SegmentedRaftLogWorker.java:326)
	at java.base/java.util.concurrent.Executors$RunnableAdapter.call(Executors.java:572)
	at java.base/java.util.concurrent.FutureTask.run(FutureTask.java:317)
	at java.base/java.util.concurrent.ThreadPoolExecutor.runWorker(ThreadPoolExecutor.java:1144)
	at java.base/java.util.concurrent.ThreadPoolExecutor$Worker.run(ThreadPoolExecutor.java:642)
	at java.base/java.lang.Thread.run(Thread.java:1583)
Caused by: org.apache.hadoop.hdds.scm.container.common.helpers.StorageContainerException: Chunks directory /home/runner/work/ozone/ozone/hadoop-ozone/integration-test/target/test-dir/MiniOzoneClusterImpl-b7e00dfa-d3b8-45cf-9d3a-2bd5fdfebf54/ozone-meta/datanode-2/data-0/hdds/b7e00dfa-d3b8-45cf-9d3a-2bd5fdfebf54/current/containerDir0/2/chunks does not exist.
	at org.apache.hadoop.ozone.container.common.transport.server.ratis.ContainerStateMachine.handleCommandResult(ContainerStateMachine.java:661)
	at org.apache.hadoop.ozone.container.common.transport.server.ratis.ContainerStateMachine.lambda$writeStateMachineData$2(ContainerStateMachine.java:623)
	... 4 more
2025-07-02 18:45:23,797 [75758caf-2019-48e0-9285-4ac26ec01eda-server-thread2] WARN  server.GrpcServerProtocolService (LogUtils.java:warn(129)) - 75758caf-2019-48e0-9285-4ac26ec01eda: Failed APPEND_ENTRIES request baa12041-7cca-45c7-810c-7ea11519444b->75758caf-2019-48e0-9285-4ac26ec01eda#17-t1,previous=(t:1, i:5),leaderCommit=4,initializing? false,entries: size=1, first=(t:1, i:6), STATEMACHINELOGENTRY, WRITE: logData.size=217, stateMachineData.size=0, logEntryProtoSerializedSize=0
java.util.concurrent.CompletionException: org.apache.hadoop.hdds.scm.container.common.helpers.StorageContainerException: Chunks directory /home/runner/work/ozone/ozone/hadoop-ozone/integration-test/target/test-dir/MiniOzoneClusterImpl-b7e00dfa-d3b8-45cf-9d3a-2bd5fdfebf54/ozone-meta/datanode-1/data-0/hdds/b7e00dfa-d3b8-45cf-9d3a-2bd5fdfebf54/current/containerDir0/2/chunks does not exist.
	at java.base/java.util.concurrent.CompletableFuture.encodeThrowable(CompletableFuture.java:332)
	at java.base/java.util.concurrent.CompletableFuture.completeThrowable(CompletableFuture.java:347)
	at java.base/java.util.concurrent.CompletableFuture$BiRelay.tryFire(CompletableFuture.java:1498)
	at java.base/java.util.concurrent.CompletableFuture$CoCompletion.tryFire(CompletableFuture.java:1219)
	at java.base/java.util.concurrent.CompletableFuture.postComplete(CompletableFuture.java:510)
	at java.base/java.util.concurrent.CompletableFuture.completeExceptionally(CompletableFuture.java:2194)
	at org.apache.ratis.server.raftlog.segmented.SegmentedRaftLog$Task.failed(SegmentedRaftLog.java:109)
	at org.apache.ratis.server.raftlog.segmented.SegmentedRaftLogWorker$WriteLog.failed(SegmentedRaftLogWorker.java:530)
	at org.apache.ratis.server.raftlog.segmented.SegmentedRaftLogWorker.run(SegmentedRaftLogWorker.java:326)
	at java.base/java.util.concurrent.Executors$RunnableAdapter.call(Executors.java:572)
	at java.base/java.util.concurrent.FutureTask.run(FutureTask.java:317)
	at java.base/java.util.concurrent.ThreadPoolExecutor.runWorker(ThreadPoolExecutor.java:1144)
	at java.base/java.util.concurrent.ThreadPoolExecutor$Worker.run(ThreadPoolExecutor.java:642)
	at java.base/java.lang.Thread.run(Thread.java:1583)
Caused by: org.apache.hadoop.hdds.scm.container.common.helpers.StorageContainerException: Chunks directory /home/runner/work/ozone/ozone/hadoop-ozone/integration-test/target/test-dir/MiniOzoneClusterImpl-b7e00dfa-d3b8-45cf-9d3a-2bd5fdfebf54/ozone-meta/datanode-1/data-0/hdds/b7e00dfa-d3b8-45cf-9d3a-2bd5fdfebf54/current/containerDir0/2/chunks does not exist.
	at org.apache.hadoop.ozone.container.common.transport.server.ratis.ContainerStateMachine.handleCommandResult(ContainerStateMachine.java:661)
	at org.apache.hadoop.ozone.container.common.transport.server.ratis.ContainerStateMachine.lambda$writeStateMachineData$2(ContainerStateMachine.java:623)
	... 4 more
2025-07-02 18:45:23,803 [EventQueue-PipelineActionsForPipelineActionHandler] INFO  pipeline.PipelineActionHandler (PipelineActionHandler.java:processPipelineAction(89)) - Received pipeline action CLOSE for Pipeline-04a1f7f9-abb2-42e3-9b76-b92a147de22b from datanode f1637480-4571-474d-8c0e-49126192dfac(localhost/127.0.0.1). Reason : Chunks directory /home/runner/work/ozone/ozone/hadoop-ozone/integration-test/target/test-dir/MiniOzoneClusterImpl-b7e00dfa-d3b8-45cf-9d3a-2bd5fdfebf54/ozone-meta/datanode-2/data-0/hdds/b7e00dfa-d3b8-45cf-9d3a-2bd5fdfebf54/current/containerDir0/2/chunks does not exist.
2025-07-02 18:45:23,804 [grpc-default-executor-0] WARN  server.GrpcLogAppender (LogUtils.java:warn(129)) - baa12041-7cca-45c7-810c-7ea11519444b@group-B92A147DE22B->75758caf-2019-48e0-9285-4ac26ec01eda-AppendLogResponseHandler: Failed appendEntries
org.apache.hadoop.hdds.scm.container.common.helpers.StorageContainerException: Chunks directory /home/runner/work/ozone/ozone/hadoop-ozone/integration-test/target/test-dir/MiniOzoneClusterImpl-b7e00dfa-d3b8-45cf-9d3a-2bd5fdfebf54/ozone-meta/datanode-1/data-0/hdds/b7e00dfa-d3b8-45cf-9d3a-2bd5fdfebf54/current/containerDir0/2/chunks does not exist.
	at org.apache.hadoop.ozone.container.common.transport.server.ratis.ContainerStateMachine.handleCommandResult(ContainerStateMachine.java:661)
	at org.apache.hadoop.ozone.container.common.transport.server.ratis.ContainerStateMachine.lambda$writeStateMachineData$2(ContainerStateMachine.java:623)
	at java.base/java.util.concurrent.FutureTask.run(FutureTask.java:317)
	at java.base/java.util.concurrent.ThreadPoolExecutor.runWorker(ThreadPoolExecutor.java:1144)
	at java.base/java.util.concurrent.ThreadPoolExecutor$Worker.run(ThreadPoolExecutor.java:642)
	at java.base/java.lang.Thread.run(Thread.java:1583)
2025-07-02 18:45:23,805 [grpc-default-executor-4] WARN  server.GrpcLogAppender (LogUtils.java:warn(129)) - baa12041-7cca-45c7-810c-7ea11519444b@group-B92A147DE22B->f1637480-4571-474d-8c0e-49126192dfac-AppendLogResponseHandler: Failed appendEntries
org.apache.hadoop.hdds.scm.container.common.helpers.StorageContainerException: Chunks directory /home/runner/work/ozone/ozone/hadoop-ozone/integration-test/target/test-dir/MiniOzoneClusterImpl-b7e00dfa-d3b8-45cf-9d3a-2bd5fdfebf54/ozone-meta/datanode-2/data-0/hdds/b7e00dfa-d3b8-45cf-9d3a-2bd5fdfebf54/current/containerDir0/2/chunks does not exist.
	at org.apache.hadoop.ozone.container.common.transport.server.ratis.ContainerStateMachine.handleCommandResult(ContainerStateMachine.java:661)
	at org.apache.hadoop.ozone.container.common.transport.server.ratis.ContainerStateMachine.lambda$writeStateMachineData$2(ContainerStateMachine.java:623)
	at java.base/java.util.concurrent.FutureTask.run(FutureTask.java:317)
	at java.base/java.util.concurrent.ThreadPoolExecutor.runWorker(ThreadPoolExecutor.java:1144)
	at java.base/java.util.concurrent.ThreadPoolExecutor$Worker.run(ThreadPoolExecutor.java:642)
	at java.base/java.lang.Thread.run(Thread.java:1583)
2025-07-02 18:45:23,809 [EventQueue-PipelineActionsForPipelineActionHandler] INFO  pipeline.PipelineManagerImpl (PipelineManagerImpl.java:closePipeline(511)) - Pipeline Pipeline-04a1f7f9-abb2-42e3-9b76-b92a147de22b moved to CLOSED state
2025-07-02 18:45:23,809 [EventQueue-PipelineActionsForPipelineActionHandler] INFO  pipeline.PipelineActionHandler (PipelineActionHandler.java:processPipelineAction(89)) - Received pipeline action CLOSE for Pipeline-04a1f7f9-abb2-42e3-9b76-b92a147de22b from datanode 75758caf-2019-48e0-9285-4ac26ec01eda(localhost/127.0.0.1). Reason : Chunks directory /home/runner/work/ozone/ozone/hadoop-ozone/integration-test/target/test-dir/MiniOzoneClusterImpl-b7e00dfa-d3b8-45cf-9d3a-2bd5fdfebf54/ozone-meta/datanode-1/data-0/hdds/b7e00dfa-d3b8-45cf-9d3a-2bd5fdfebf54/current/containerDir0/2/chunks does not exist.
2025-07-02 18:45:23,810 [pool-178-thread-1] WARN  keyvalue.KeyValueHandler (KeyValueHandler.java:updateAndGetContainerChecksum(1451)) - Container data checksum updated from 1bdd5b56 to 0
2025-07-02 18:45:23,810 [pool-178-thread-1] ERROR ozoneimpl.OnDemandContainerDataScanner (ContainerScanHelper.java:handleUnhealthyScanResult(93)) - Corruption detected in container [2]. Marking it UNHEALTHY. Container has 1 error: MISSING_CHUNKS_DIR for file /home/runner/work/ozone/ozone/hadoop-ozone/integration-test/target/test-dir/MiniOzoneClusterImpl-b7e00dfa-d3b8-45cf-9d3a-2bd5fdfebf54/ozone-meta/datanode-2/data-0/hdds/b7e00dfa-d3b8-45cf-9d3a-2bd5fdfebf54/current/containerDir0/2/chunks with exception: java.io.FileNotFoundException: Chunks directory /home/runner/work/ozone/ozone/hadoop-ozone/integration-test/target/test-dir/MiniOzoneClusterImpl-b7e00dfa-d3b8-45cf-9d3a-2bd5fdfebf54/ozone-meta/datanode-2/data-0/hdds/b7e00dfa-d3b8-45cf-9d3a-2bd5fdfebf54/current/containerDir0/2/chunks not found.
2025-07-02 18:45:23,811 [grpc-default-executor-0] INFO  leader.LogAppender (LogAppenderBase.java:lambda$getNextIndexForError$0(215)) - Decrease nextIndex to 5
2025-07-02 18:45:23,811 [grpc-default-executor-0] INFO  leader.LogAppender (LogAppenderBase.java:lambda$getNextIndexForError$0(215)) - Decrease nextIndex to 5
2025-07-02 18:45:23,812 [grpc-default-executor-0] INFO  leader.FollowerInfo (FollowerInfoImpl.java:info(70)) - baa12041-7cca-45c7-810c-7ea11519444b@group-B92A147DE22B->75758caf-2019-48e0-9285-4ac26ec01eda: computeNextIndex nextIndex: updateUnconditionally 7 -> 5
2025-07-02 18:45:23,811 [grpc-default-executor-4] INFO  leader.LogAppender (LogAppenderBase.java:lambda$getNextIndexForError$0(215)) - Decrease nextIndex to 5
2025-07-02 18:45:23,812 [grpc-default-executor-4] INFO  leader.LogAppender (LogAppenderBase.java:lambda$getNextIndexForError$0(215)) - Decrease nextIndex to 5
2025-07-02 18:45:23,812 [grpc-default-executor-4] INFO  leader.FollowerInfo (FollowerInfoImpl.java:info(70)) - baa12041-7cca-45c7-810c-7ea11519444b@group-B92A147DE22B->f1637480-4571-474d-8c0e-49126192dfac: computeNextIndex nextIndex: updateUnconditionally 7 -> 5
2025-07-02 18:45:23,811 [pool-171-thread-1] WARN  keyvalue.KeyValueHandler (KeyValueHandler.java:updateAndGetContainerChecksum(1451)) - Container data checksum updated from 1bdd5b56 to 0
2025-07-02 18:45:23,813 [pool-171-thread-1] ERROR ozoneimpl.OnDemandContainerDataScanner (ContainerScanHelper.java:handleUnhealthyScanResult(93)) - Corruption detected in container [2]. Marking it UNHEALTHY. Container has 1 error: MISSING_CHUNKS_DIR for file /home/runner/work/ozone/ozone/hadoop-ozone/integration-test/target/test-dir/MiniOzoneClusterImpl-b7e00dfa-d3b8-45cf-9d3a-2bd5fdfebf54/ozone-meta/datanode-1/data-0/hdds/b7e00dfa-d3b8-45cf-9d3a-2bd5fdfebf54/current/containerDir0/2/chunks with exception: java.io.FileNotFoundException: Chunks directory /home/runner/work/ozone/ozone/hadoop-ozone/integration-test/target/test-dir/MiniOzoneClusterImpl-b7e00dfa-d3b8-45cf-9d3a-2bd5fdfebf54/ozone-meta/datanode-1/data-0/hdds/b7e00dfa-d3b8-45cf-9d3a-2bd5fdfebf54/current/containerDir0/2/chunks not found.
2025-07-02 18:45:23,814 [EventQueue-PipelineActionsForPipelineActionHandler] INFO  pipeline.PipelineActionHandler (PipelineActionHandler.java:processPipelineAction(89)) - Received pipeline action CLOSE for Pipeline-04a1f7f9-abb2-42e3-9b76-b92a147de22b from datanode f1637480-4571-474d-8c0e-49126192dfac(localhost/127.0.0.1). Reason : Chunks directory /home/runner/work/ozone/ozone/hadoop-ozone/integration-test/target/test-dir/MiniOzoneClusterImpl-b7e00dfa-d3b8-45cf-9d3a-2bd5fdfebf54/ozone-meta/datanode-2/data-0/hdds/b7e00dfa-d3b8-45cf-9d3a-2bd5fdfebf54/current/containerDir0/2/chunks does not exist.
2025-07-02 18:45:23,815 [EventQueue-PipelineActionsForPipelineActionHandler] INFO  pipeline.PipelineActionHandler (PipelineActionHandler.java:processPipelineAction(89)) - Received pipeline action CLOSE for Pipeline-04a1f7f9-abb2-42e3-9b76-b92a147de22b from datanode 75758caf-2019-48e0-9285-4ac26ec01eda(localhost/127.0.0.1). Reason : Chunks directory /home/runner/work/ozone/ozone/hadoop-ozone/integration-test/target/test-dir/MiniOzoneClusterImpl-b7e00dfa-d3b8-45cf-9d3a-2bd5fdfebf54/ozone-meta/datanode-1/data-0/hdds/b7e00dfa-d3b8-45cf-9d3a-2bd5fdfebf54/current/containerDir0/2/chunks does not exist.
2025-07-02 18:45:23,929 [baa12041-7cca-45c7-810c-7ea11519444b@group-84D2FC177FB5-StateMachineUpdater] INFO  ratis.ContainerStateMachine (ContainerStateMachine.java:takeSnapshot(427)) - group-84D2FC177FB5: Taking a snapshot at:(t:1, i:0) file /home/runner/work/ozone/ozone/hadoop-ozone/integration-test/target/test-dir/MiniOzoneClusterImpl-b7e00dfa-d3b8-45cf-9d3a-2bd5fdfebf54/ozone-meta/datanode-3/ratis/2bc36170-bfb4-426e-aff1-84d2fc177fb5/sm/snapshot.1_0
2025-07-02 18:45:23,929 [baa12041-7cca-45c7-810c-7ea11519444b@group-84D2FC177FB5-StateMachineUpdater] INFO  ratis.ContainerStateMachine (ContainerStateMachine.java:takeSnapshot(436)) - group-84D2FC177FB5: Finished taking a snapshot at:(t:1, i:0) file:/home/runner/work/ozone/ozone/hadoop-ozone/integration-test/target/test-dir/MiniOzoneClusterImpl-b7e00dfa-d3b8-45cf-9d3a-2bd5fdfebf54/ozone-meta/datanode-3/ratis/2bc36170-bfb4-426e-aff1-84d2fc177fb5/sm/snapshot.1_0 took: 0 ms
2025-07-02 18:45:23,930 [baa12041-7cca-45c7-810c-7ea11519444b@group-84D2FC177FB5-StateMachineUpdater] INFO  impl.StateMachineUpdater (StateMachineUpdater.java:takeSnapshot(307)) - baa12041-7cca-45c7-810c-7ea11519444b@group-84D2FC177FB5-StateMachineUpdater: Took a snapshot at index 0
2025-07-02 18:45:23,930 [baa12041-7cca-45c7-810c-7ea11519444b@group-84D2FC177FB5-StateMachineUpdater] INFO  impl.StateMachineUpdater (StateMachineUpdater.java:lambda$new$0(101)) - baa12041-7cca-45c7-810c-7ea11519444b@group-84D2FC177FB5-StateMachineUpdater: snapshotIndex: updateIncreasingly -1 -> 0
2025-07-02 18:45:23,933 [75758caf-2019-48e0-9285-4ac26ec01eda@group-84D2FC177FB5-StateMachineUpdater] INFO  ratis.ContainerStateMachine (ContainerStateMachine.java:takeSnapshot(427)) - group-84D2FC177FB5: Taking a snapshot at:(t:1, i:0) file /home/runner/work/ozone/ozone/hadoop-ozone/integration-test/target/test-dir/MiniOzoneClusterImpl-b7e00dfa-d3b8-45cf-9d3a-2bd5fdfebf54/ozone-meta/datanode-1/ratis/2bc36170-bfb4-426e-aff1-84d2fc177fb5/sm/snapshot.1_0
2025-07-02 18:45:23,934 [75758caf-2019-48e0-9285-4ac26ec01eda@group-84D2FC177FB5-StateMachineUpdater] INFO  ratis.ContainerStateMachine (ContainerStateMachine.java:takeSnapshot(436)) - group-84D2FC177FB5: Finished taking a snapshot at:(t:1, i:0) file:/home/runner/work/ozone/ozone/hadoop-ozone/integration-test/target/test-dir/MiniOzoneClusterImpl-b7e00dfa-d3b8-45cf-9d3a-2bd5fdfebf54/ozone-meta/datanode-1/ratis/2bc36170-bfb4-426e-aff1-84d2fc177fb5/sm/snapshot.1_0 took: 1 ms
2025-07-02 18:45:23,934 [75758caf-2019-48e0-9285-4ac26ec01eda@group-84D2FC177FB5-StateMachineUpdater] INFO  impl.StateMachineUpdater (StateMachineUpdater.java:takeSnapshot(307)) - 75758caf-2019-48e0-9285-4ac26ec01eda@group-84D2FC177FB5-StateMachineUpdater: Took a snapshot at index 0
2025-07-02 18:45:23,934 [75758caf-2019-48e0-9285-4ac26ec01eda@group-84D2FC177FB5-StateMachineUpdater] INFO  impl.StateMachineUpdater (StateMachineUpdater.java:lambda$new$0(101)) - 75758caf-2019-48e0-9285-4ac26ec01eda@group-84D2FC177FB5-StateMachineUpdater: snapshotIndex: updateIncreasingly -1 -> 0
2025-07-02 18:45:24,011 [EventQueue-PipelineActionsForPipelineActionHandler] INFO  pipeline.PipelineActionHandler (PipelineActionHandler.java:processPipelineAction(89)) - Received pipeline action CLOSE for Pipeline-04a1f7f9-abb2-42e3-9b76-b92a147de22b from datanode f1637480-4571-474d-8c0e-49126192dfac(localhost/127.0.0.1). Reason : Chunks directory /home/runner/work/ozone/ozone/hadoop-ozone/integration-test/target/test-dir/MiniOzoneClusterImpl-b7e00dfa-d3b8-45cf-9d3a-2bd5fdfebf54/ozone-meta/datanode-2/data-0/hdds/b7e00dfa-d3b8-45cf-9d3a-2bd5fdfebf54/current/containerDir0/2/chunks does not exist.
2025-07-02 18:45:24,011 [EventQueue-PipelineActionsForPipelineActionHandler] INFO  pipeline.PipelineActionHandler (PipelineActionHandler.java:processPipelineAction(89)) - Received pipeline action CLOSE for Pipeline-04a1f7f9-abb2-42e3-9b76-b92a147de22b from datanode 75758caf-2019-48e0-9285-4ac26ec01eda(localhost/127.0.0.1). Reason : Chunks directory /home/runner/work/ozone/ozone/hadoop-ozone/integration-test/target/test-dir/MiniOzoneClusterImpl-b7e00dfa-d3b8-45cf-9d3a-2bd5fdfebf54/ozone-meta/datanode-1/data-0/hdds/b7e00dfa-d3b8-45cf-9d3a-2bd5fdfebf54/current/containerDir0/2/chunks does not exist.
2025-07-02 18:45:24,201 [95ee4113-9599-4433-8033-e07ec30d3bee@group-BC9AD7F74B25-StateMachineUpdater] INFO  ratis.ContainerStateMachine (ContainerStateMachine.java:takeSnapshot(427)) - group-BC9AD7F74B25: Taking a snapshot at:(t:1, i:0) file /home/runner/work/ozone/ozone/hadoop-ozone/integration-test/target/test-dir/MiniOzoneClusterImpl-b7e00dfa-d3b8-45cf-9d3a-2bd5fdfebf54/ozone-meta/datanode-4/ratis/5e6ba405-497c-4a06-b329-bc9ad7f74b25/sm/snapshot.1_0
2025-07-02 18:45:24,202 [95ee4113-9599-4433-8033-e07ec30d3bee@group-BC9AD7F74B25-StateMachineUpdater] INFO  ratis.ContainerStateMachine (ContainerStateMachine.java:takeSnapshot(436)) - group-BC9AD7F74B25: Finished taking a snapshot at:(t:1, i:0) file:/home/runner/work/ozone/ozone/hadoop-ozone/integration-test/target/test-dir/MiniOzoneClusterImpl-b7e00dfa-d3b8-45cf-9d3a-2bd5fdfebf54/ozone-meta/datanode-4/ratis/5e6ba405-497c-4a06-b329-bc9ad7f74b25/sm/snapshot.1_0 took: 1 ms
2025-07-02 18:45:24,202 [95ee4113-9599-4433-8033-e07ec30d3bee@group-BC9AD7F74B25-StateMachineUpdater] INFO  impl.StateMachineUpdater (StateMachineUpdater.java:takeSnapshot(307)) - 95ee4113-9599-4433-8033-e07ec30d3bee@group-BC9AD7F74B25-StateMachineUpdater: Took a snapshot at index 0
2025-07-02 18:45:24,202 [95ee4113-9599-4433-8033-e07ec30d3bee@group-BC9AD7F74B25-StateMachineUpdater] INFO  impl.StateMachineUpdater (StateMachineUpdater.java:lambda$new$0(101)) - 95ee4113-9599-4433-8033-e07ec30d3bee@group-BC9AD7F74B25-StateMachineUpdater: snapshotIndex: updateIncreasingly -1 -> 0
2025-07-02 18:45:24,205 [c6c1c004-cb80-4a23-8b53-68ef0e0db17b@group-BC9AD7F74B25-StateMachineUpdater] INFO  ratis.ContainerStateMachine (ContainerStateMachine.java:takeSnapshot(427)) - group-BC9AD7F74B25: Taking a snapshot at:(t:1, i:0) file /home/runner/work/ozone/ozone/hadoop-ozone/integration-test/target/test-dir/MiniOzoneClusterImpl-b7e00dfa-d3b8-45cf-9d3a-2bd5fdfebf54/ozone-meta/datanode-5/ratis/5e6ba405-497c-4a06-b329-bc9ad7f74b25/sm/snapshot.1_0
2025-07-02 18:45:24,206 [c6c1c004-cb80-4a23-8b53-68ef0e0db17b@group-BC9AD7F74B25-StateMachineUpdater] INFO  ratis.ContainerStateMachine (ContainerStateMachine.java:takeSnapshot(436)) - group-BC9AD7F74B25: Finished taking a snapshot at:(t:1, i:0) file:/home/runner/work/ozone/ozone/hadoop-ozone/integration-test/target/test-dir/MiniOzoneClusterImpl-b7e00dfa-d3b8-45cf-9d3a-2bd5fdfebf54/ozone-meta/datanode-5/ratis/5e6ba405-497c-4a06-b329-bc9ad7f74b25/sm/snapshot.1_0 took: 1 ms
2025-07-02 18:45:24,206 [c6c1c004-cb80-4a23-8b53-68ef0e0db17b@group-BC9AD7F74B25-StateMachineUpdater] INFO  impl.StateMachineUpdater (StateMachineUpdater.java:takeSnapshot(307)) - c6c1c004-cb80-4a23-8b53-68ef0e0db17b@group-BC9AD7F74B25-StateMachineUpdater: Took a snapshot at index 0
2025-07-02 18:45:24,206 [c6c1c004-cb80-4a23-8b53-68ef0e0db17b@group-BC9AD7F74B25-StateMachineUpdater] INFO  impl.StateMachineUpdater (StateMachineUpdater.java:lambda$new$0(101)) - c6c1c004-cb80-4a23-8b53-68ef0e0db17b@group-BC9AD7F74B25-StateMachineUpdater: snapshotIndex: updateIncreasingly -1 -> 0
2025-07-02 18:45:24,211 [EventQueue-PipelineActionsForPipelineActionHandler] INFO  pipeline.PipelineActionHandler (PipelineActionHandler.java:processPipelineAction(89)) - Received pipeline action CLOSE for Pipeline-04a1f7f9-abb2-42e3-9b76-b92a147de22b from datanode f1637480-4571-474d-8c0e-49126192dfac(localhost/127.0.0.1). Reason : Chunks directory /home/runner/work/ozone/ozone/hadoop-ozone/integration-test/target/test-dir/MiniOzoneClusterImpl-b7e00dfa-d3b8-45cf-9d3a-2bd5fdfebf54/ozone-meta/datanode-2/data-0/hdds/b7e00dfa-d3b8-45cf-9d3a-2bd5fdfebf54/current/containerDir0/2/chunks does not exist.
2025-07-02 18:45:24,212 [EventQueue-PipelineActionsForPipelineActionHandler] INFO  pipeline.PipelineActionHandler (PipelineActionHandler.java:processPipelineAction(89)) - Received pipeline action CLOSE for Pipeline-04a1f7f9-abb2-42e3-9b76-b92a147de22b from datanode 75758caf-2019-48e0-9285-4ac26ec01eda(localhost/127.0.0.1). Reason : Chunks directory /home/runner/work/ozone/ozone/hadoop-ozone/integration-test/target/test-dir/MiniOzoneClusterImpl-b7e00dfa-d3b8-45cf-9d3a-2bd5fdfebf54/ozone-meta/datanode-1/data-0/hdds/b7e00dfa-d3b8-45cf-9d3a-2bd5fdfebf54/current/containerDir0/2/chunks does not exist.
2025-07-02 18:45:24,411 [EventQueue-PipelineActionsForPipelineActionHandler] INFO  pipeline.PipelineActionHandler (PipelineActionHandler.java:processPipelineAction(89)) - Received pipeline action CLOSE for Pipeline-04a1f7f9-abb2-42e3-9b76-b92a147de22b from datanode f1637480-4571-474d-8c0e-49126192dfac(localhost/127.0.0.1). Reason : Chunks directory /home/runner/work/ozone/ozone/hadoop-ozone/integration-test/target/test-dir/MiniOzoneClusterImpl-b7e00dfa-d3b8-45cf-9d3a-2bd5fdfebf54/ozone-meta/datanode-2/data-0/hdds/b7e00dfa-d3b8-45cf-9d3a-2bd5fdfebf54/current/containerDir0/2/chunks does not exist.
2025-07-02 18:45:24,412 [EventQueue-PipelineActionsForPipelineActionHandler] INFO  pipeline.PipelineActionHandler (PipelineActionHandler.java:processPipelineAction(89)) - Received pipeline action CLOSE for Pipeline-04a1f7f9-abb2-42e3-9b76-b92a147de22b from datanode 75758caf-2019-48e0-9285-4ac26ec01eda(localhost/127.0.0.1). Reason : Chunks directory /home/runner/work/ozone/ozone/hadoop-ozone/integration-test/target/test-dir/MiniOzoneClusterImpl-b7e00dfa-d3b8-45cf-9d3a-2bd5fdfebf54/ozone-meta/datanode-1/data-0/hdds/b7e00dfa-d3b8-45cf-9d3a-2bd5fdfebf54/current/containerDir0/2/chunks does not exist.
2025-07-02 18:45:24,610 [EventQueue-PipelineActionsForPipelineActionHandler] INFO  pipeline.PipelineActionHandler (PipelineActionHandler.java:processPipelineAction(89)) - Received pipeline action CLOSE for Pipeline-04a1f7f9-abb2-42e3-9b76-b92a147de22b from datanode f1637480-4571-474d-8c0e-49126192dfac(localhost/127.0.0.1). Reason : Chunks directory /home/runner/work/ozone/ozone/hadoop-ozone/integration-test/target/test-dir/MiniOzoneClusterImpl-b7e00dfa-d3b8-45cf-9d3a-2bd5fdfebf54/ozone-meta/datanode-2/data-0/hdds/b7e00dfa-d3b8-45cf-9d3a-2bd5fdfebf54/current/containerDir0/2/chunks does not exist.
2025-07-02 18:45:24,612 [EventQueue-PipelineActionsForPipelineActionHandler] INFO  pipeline.PipelineActionHandler (PipelineActionHandler.java:processPipelineAction(89)) - Received pipeline action CLOSE for Pipeline-04a1f7f9-abb2-42e3-9b76-b92a147de22b from datanode 75758caf-2019-48e0-9285-4ac26ec01eda(localhost/127.0.0.1). Reason : Chunks directory /home/runner/work/ozone/ozone/hadoop-ozone/integration-test/target/test-dir/MiniOzoneClusterImpl-b7e00dfa-d3b8-45cf-9d3a-2bd5fdfebf54/ozone-meta/datanode-1/data-0/hdds/b7e00dfa-d3b8-45cf-9d3a-2bd5fdfebf54/current/containerDir0/2/chunks does not exist.
2025-07-02 18:45:24,811 [EventQueue-PipelineActionsForPipelineActionHandler] INFO  pipeline.PipelineActionHandler (PipelineActionHandler.java:processPipelineAction(89)) - Received pipeline action CLOSE for Pipeline-04a1f7f9-abb2-42e3-9b76-b92a147de22b from datanode f1637480-4571-474d-8c0e-49126192dfac(localhost/127.0.0.1). Reason : Chunks directory /home/runner/work/ozone/ozone/hadoop-ozone/integration-test/target/test-dir/MiniOzoneClusterImpl-b7e00dfa-d3b8-45cf-9d3a-2bd5fdfebf54/ozone-meta/datanode-2/data-0/hdds/b7e00dfa-d3b8-45cf-9d3a-2bd5fdfebf54/current/containerDir0/2/chunks does not exist.
2025-07-02 18:45:24,812 [EventQueue-PipelineActionsForPipelineActionHandler] INFO  pipeline.PipelineActionHandler (PipelineActionHandler.java:processPipelineAction(89)) - Received pipeline action CLOSE for Pipeline-04a1f7f9-abb2-42e3-9b76-b92a147de22b from datanode 75758caf-2019-48e0-9285-4ac26ec01eda(localhost/127.0.0.1). Reason : Chunks directory /home/runner/work/ozone/ozone/hadoop-ozone/integration-test/target/test-dir/MiniOzoneClusterImpl-b7e00dfa-d3b8-45cf-9d3a-2bd5fdfebf54/ozone-meta/datanode-1/data-0/hdds/b7e00dfa-d3b8-45cf-9d3a-2bd5fdfebf54/current/containerDir0/2/chunks does not exist.
2025-07-02 18:45:24,926 [71a26ef2-e834-411c-97c5-a30c78105e8f@group-2788C300D651-StateMachineUpdater] INFO  ratis.ContainerStateMachine (ContainerStateMachine.java:takeSnapshot(427)) - group-2788C300D651: Taking a snapshot at:(t:1, i:0) file /home/runner/work/ozone/ozone/hadoop-ozone/integration-test/target/test-dir/MiniOzoneClusterImpl-b7e00dfa-d3b8-45cf-9d3a-2bd5fdfebf54/ozone-meta/datanode-8/ratis/73acc545-491b-4393-8737-2788c300d651/sm/snapshot.1_0
2025-07-02 18:45:24,927 [71a26ef2-e834-411c-97c5-a30c78105e8f@group-2788C300D651-StateMachineUpdater] INFO  ratis.ContainerStateMachine (ContainerStateMachine.java:takeSnapshot(436)) - group-2788C300D651: Finished taking a snapshot at:(t:1, i:0) file:/home/runner/work/ozone/ozone/hadoop-ozone/integration-test/target/test-dir/MiniOzoneClusterImpl-b7e00dfa-d3b8-45cf-9d3a-2bd5fdfebf54/ozone-meta/datanode-8/ratis/73acc545-491b-4393-8737-2788c300d651/sm/snapshot.1_0 took: 1 ms
2025-07-02 18:45:24,927 [71a26ef2-e834-411c-97c5-a30c78105e8f@group-2788C300D651-StateMachineUpdater] INFO  impl.StateMachineUpdater (StateMachineUpdater.java:takeSnapshot(307)) - 71a26ef2-e834-411c-97c5-a30c78105e8f@group-2788C300D651-StateMachineUpdater: Took a snapshot at index 0
2025-07-02 18:45:24,927 [71a26ef2-e834-411c-97c5-a30c78105e8f@group-2788C300D651-StateMachineUpdater] INFO  impl.StateMachineUpdater (StateMachineUpdater.java:lambda$new$0(101)) - 71a26ef2-e834-411c-97c5-a30c78105e8f@group-2788C300D651-StateMachineUpdater: snapshotIndex: updateIncreasingly -1 -> 0
2025-07-02 18:45:24,939 [9eb5a351-9325-4150-9d0a-de2b7d27d48d@group-2788C300D651-StateMachineUpdater] INFO  ratis.ContainerStateMachine (ContainerStateMachine.java:takeSnapshot(427)) - group-2788C300D651: Taking a snapshot at:(t:1, i:0) file /home/runner/work/ozone/ozone/hadoop-ozone/integration-test/target/test-dir/MiniOzoneClusterImpl-b7e00dfa-d3b8-45cf-9d3a-2bd5fdfebf54/ozone-meta/datanode-9/ratis/73acc545-491b-4393-8737-2788c300d651/sm/snapshot.1_0
2025-07-02 18:45:24,939 [9eb5a351-9325-4150-9d0a-de2b7d27d48d@group-2788C300D651-StateMachineUpdater] INFO  ratis.ContainerStateMachine (ContainerStateMachine.java:takeSnapshot(436)) - group-2788C300D651: Finished taking a snapshot at:(t:1, i:0) file:/home/runner/work/ozone/ozone/hadoop-ozone/integration-test/target/test-dir/MiniOzoneClusterImpl-b7e00dfa-d3b8-45cf-9d3a-2bd5fdfebf54/ozone-meta/datanode-9/ratis/73acc545-491b-4393-8737-2788c300d651/sm/snapshot.1_0 took: 0 ms
2025-07-02 18:45:24,939 [9eb5a351-9325-4150-9d0a-de2b7d27d48d@group-2788C300D651-StateMachineUpdater] INFO  impl.StateMachineUpdater (StateMachineUpdater.java:takeSnapshot(307)) - 9eb5a351-9325-4150-9d0a-de2b7d27d48d@group-2788C300D651-StateMachineUpdater: Took a snapshot at index 0
2025-07-02 18:45:24,939 [9eb5a351-9325-4150-9d0a-de2b7d27d48d@group-2788C300D651-StateMachineUpdater] INFO  impl.StateMachineUpdater (StateMachineUpdater.java:lambda$new$0(101)) - 9eb5a351-9325-4150-9d0a-de2b7d27d48d@group-2788C300D651-StateMachineUpdater: snapshotIndex: updateIncreasingly -1 -> 0
2025-07-02 18:45:25,011 [EventQueue-PipelineActionsForPipelineActionHandler] INFO  pipeline.PipelineActionHandler (PipelineActionHandler.java:processPipelineAction(89)) - Received pipeline action CLOSE for Pipeline-04a1f7f9-abb2-42e3-9b76-b92a147de22b from datanode f1637480-4571-474d-8c0e-49126192dfac(localhost/127.0.0.1). Reason : Chunks directory /home/runner/work/ozone/ozone/hadoop-ozone/integration-test/target/test-dir/MiniOzoneClusterImpl-b7e00dfa-d3b8-45cf-9d3a-2bd5fdfebf54/ozone-meta/datanode-2/data-0/hdds/b7e00dfa-d3b8-45cf-9d3a-2bd5fdfebf54/current/containerDir0/2/chunks does not exist.
2025-07-02 18:45:25,012 [EventQueue-PipelineActionsForPipelineActionHandler] INFO  pipeline.PipelineActionHandler (PipelineActionHandler.java:processPipelineAction(89)) - Received pipeline action CLOSE for Pipeline-04a1f7f9-abb2-42e3-9b76-b92a147de22b from datanode 75758caf-2019-48e0-9285-4ac26ec01eda(localhost/127.0.0.1). Reason : Chunks directory /home/runner/work/ozone/ozone/hadoop-ozone/integration-test/target/test-dir/MiniOzoneClusterImpl-b7e00dfa-d3b8-45cf-9d3a-2bd5fdfebf54/ozone-meta/datanode-1/data-0/hdds/b7e00dfa-d3b8-45cf-9d3a-2bd5fdfebf54/current/containerDir0/2/chunks does not exist.
2025-07-02 18:45:25,055 [4114dace-2331-46e8-9bd0-01e36750a673@group-5195515A604F-StateMachineUpdater] INFO  ratis.ContainerStateMachine (ContainerStateMachine.java:takeSnapshot(427)) - group-5195515A604F: Taking a snapshot at:(t:1, i:4) file /home/runner/work/ozone/ozone/hadoop-ozone/integration-test/target/test-dir/MiniOzoneClusterImpl-b7e00dfa-d3b8-45cf-9d3a-2bd5fdfebf54/ozone-meta/datanode-6/ratis/1d88e53e-1d3e-4d9d-a5cb-5195515a604f/sm/snapshot.1_4
2025-07-02 18:45:25,057 [c6c1c004-cb80-4a23-8b53-68ef0e0db17b@group-5195515A604F-StateMachineUpdater] INFO  ratis.ContainerStateMachine (ContainerStateMachine.java:takeSnapshot(427)) - group-5195515A604F: Taking a snapshot at:(t:1, i:4) file /home/runner/work/ozone/ozone/hadoop-ozone/integration-test/target/test-dir/MiniOzoneClusterImpl-b7e00dfa-d3b8-45cf-9d3a-2bd5fdfebf54/ozone-meta/datanode-5/ratis/1d88e53e-1d3e-4d9d-a5cb-5195515a604f/sm/snapshot.1_4
2025-07-02 18:45:25,057 [4114dace-2331-46e8-9bd0-01e36750a673@group-5195515A604F-StateMachineUpdater] INFO  ratis.ContainerStateMachine (ContainerStateMachine.java:takeSnapshot(436)) - group-5195515A604F: Finished taking a snapshot at:(t:1, i:4) file:/home/runner/work/ozone/ozone/hadoop-ozone/integration-test/target/test-dir/MiniOzoneClusterImpl-b7e00dfa-d3b8-45cf-9d3a-2bd5fdfebf54/ozone-meta/datanode-6/ratis/1d88e53e-1d3e-4d9d-a5cb-5195515a604f/sm/snapshot.1_4 took: 2 ms
2025-07-02 18:45:25,057 [4114dace-2331-46e8-9bd0-01e36750a673@group-5195515A604F-StateMachineUpdater] INFO  impl.StateMachineUpdater (StateMachineUpdater.java:takeSnapshot(307)) - 4114dace-2331-46e8-9bd0-01e36750a673@group-5195515A604F-StateMachineUpdater: Took a snapshot at index 4
2025-07-02 18:45:25,057 [4114dace-2331-46e8-9bd0-01e36750a673@group-5195515A604F-StateMachineUpdater] INFO  impl.StateMachineUpdater (StateMachineUpdater.java:lambda$new$0(101)) - 4114dace-2331-46e8-9bd0-01e36750a673@group-5195515A604F-StateMachineUpdater: snapshotIndex: updateIncreasingly 1 -> 4
2025-07-02 18:45:25,058 [c6c1c004-cb80-4a23-8b53-68ef0e0db17b@group-5195515A604F-StateMachineUpdater] INFO  ratis.ContainerStateMachine (ContainerStateMachine.java:takeSnapshot(436)) - group-5195515A604F: Finished taking a snapshot at:(t:1, i:4) file:/home/runner/work/ozone/ozone/hadoop-ozone/integration-test/target/test-dir/MiniOzoneClusterImpl-b7e00dfa-d3b8-45cf-9d3a-2bd5fdfebf54/ozone-meta/datanode-5/ratis/1d88e53e-1d3e-4d9d-a5cb-5195515a604f/sm/snapshot.1_4 took: 1 ms
2025-07-02 18:45:25,058 [c6c1c004-cb80-4a23-8b53-68ef0e0db17b@group-5195515A604F-StateMachineUpdater] INFO  impl.StateMachineUpdater (StateMachineUpdater.java:takeSnapshot(307)) - c6c1c004-cb80-4a23-8b53-68ef0e0db17b@group-5195515A604F-StateMachineUpdater: Took a snapshot at index 4
2025-07-02 18:45:25,058 [c6c1c004-cb80-4a23-8b53-68ef0e0db17b@group-5195515A604F-StateMachineUpdater] INFO  impl.StateMachineUpdater (StateMachineUpdater.java:lambda$new$0(101)) - c6c1c004-cb80-4a23-8b53-68ef0e0db17b@group-5195515A604F-StateMachineUpdater: snapshotIndex: updateIncreasingly 1 -> 4
2025-07-02 18:45:25,211 [EventQueue-PipelineActionsForPipelineActionHandler] INFO  pipeline.PipelineActionHandler (PipelineActionHandler.java:processPipelineAction(89)) - Received pipeline action CLOSE for Pipeline-04a1f7f9-abb2-42e3-9b76-b92a147de22b from datanode f1637480-4571-474d-8c0e-49126192dfac(localhost/127.0.0.1). Reason : Chunks directory /home/runner/work/ozone/ozone/hadoop-ozone/integration-test/target/test-dir/MiniOzoneClusterImpl-b7e00dfa-d3b8-45cf-9d3a-2bd5fdfebf54/ozone-meta/datanode-2/data-0/hdds/b7e00dfa-d3b8-45cf-9d3a-2bd5fdfebf54/current/containerDir0/2/chunks does not exist.
2025-07-02 18:45:25,212 [EventQueue-PipelineActionsForPipelineActionHandler] INFO  pipeline.PipelineActionHandler (PipelineActionHandler.java:processPipelineAction(89)) - Received pipeline action CLOSE for Pipeline-04a1f7f9-abb2-42e3-9b76-b92a147de22b from datanode 75758caf-2019-48e0-9285-4ac26ec01eda(localhost/127.0.0.1). Reason : Chunks directory /home/runner/work/ozone/ozone/hadoop-ozone/integration-test/target/test-dir/MiniOzoneClusterImpl-b7e00dfa-d3b8-45cf-9d3a-2bd5fdfebf54/ozone-meta/datanode-1/data-0/hdds/b7e00dfa-d3b8-45cf-9d3a-2bd5fdfebf54/current/containerDir0/2/chunks does not exist.
2025-07-02 18:45:25,313 [71a26ef2-e834-411c-97c5-a30c78105e8f@group-8FD04F33EAC3-StateMachineUpdater] INFO  ratis.ContainerStateMachine (ContainerStateMachine.java:takeSnapshot(427)) - group-8FD04F33EAC3: Taking a snapshot at:(t:1, i:0) file /home/runner/work/ozone/ozone/hadoop-ozone/integration-test/target/test-dir/MiniOzoneClusterImpl-b7e00dfa-d3b8-45cf-9d3a-2bd5fdfebf54/ozone-meta/datanode-8/ratis/bdaade3c-0733-45ca-8236-8fd04f33eac3/sm/snapshot.1_0
2025-07-02 18:45:25,314 [92aeff0d-b8ac-4e9e-9ba6-1724c63a8401@group-8FD04F33EAC3-StateMachineUpdater] INFO  ratis.ContainerStateMachine (ContainerStateMachine.java:takeSnapshot(427)) - group-8FD04F33EAC3: Taking a snapshot at:(t:1, i:0) file /home/runner/work/ozone/ozone/hadoop-ozone/integration-test/target/test-dir/MiniOzoneClusterImpl-b7e00dfa-d3b8-45cf-9d3a-2bd5fdfebf54/ozone-meta/datanode-7/ratis/bdaade3c-0733-45ca-8236-8fd04f33eac3/sm/snapshot.1_0
2025-07-02 18:45:25,314 [71a26ef2-e834-411c-97c5-a30c78105e8f@group-8FD04F33EAC3-StateMachineUpdater] INFO  ratis.ContainerStateMachine (ContainerStateMachine.java:takeSnapshot(436)) - group-8FD04F33EAC3: Finished taking a snapshot at:(t:1, i:0) file:/home/runner/work/ozone/ozone/hadoop-ozone/integration-test/target/test-dir/MiniOzoneClusterImpl-b7e00dfa-d3b8-45cf-9d3a-2bd5fdfebf54/ozone-meta/datanode-8/ratis/bdaade3c-0733-45ca-8236-8fd04f33eac3/sm/snapshot.1_0 took: 1 ms
2025-07-02 18:45:25,314 [71a26ef2-e834-411c-97c5-a30c78105e8f@group-8FD04F33EAC3-StateMachineUpdater] INFO  impl.StateMachineUpdater (StateMachineUpdater.java:takeSnapshot(307)) - 71a26ef2-e834-411c-97c5-a30c78105e8f@group-8FD04F33EAC3-StateMachineUpdater: Took a snapshot at index 0
2025-07-02 18:45:25,314 [71a26ef2-e834-411c-97c5-a30c78105e8f@group-8FD04F33EAC3-StateMachineUpdater] INFO  impl.StateMachineUpdater (StateMachineUpdater.java:lambda$new$0(101)) - 71a26ef2-e834-411c-97c5-a30c78105e8f@group-8FD04F33EAC3-StateMachineUpdater: snapshotIndex: updateIncreasingly -1 -> 0
2025-07-02 18:45:25,315 [92aeff0d-b8ac-4e9e-9ba6-1724c63a8401@group-8FD04F33EAC3-StateMachineUpdater] INFO  ratis.ContainerStateMachine (ContainerStateMachine.java:takeSnapshot(436)) - group-8FD04F33EAC3: Finished taking a snapshot at:(t:1, i:0) file:/home/runner/work/ozone/ozone/hadoop-ozone/integration-test/target/test-dir/MiniOzoneClusterImpl-b7e00dfa-d3b8-45cf-9d3a-2bd5fdfebf54/ozone-meta/datanode-7/ratis/bdaade3c-0733-45ca-8236-8fd04f33eac3/sm/snapshot.1_0 took: 1 ms
2025-07-02 18:45:25,315 [92aeff0d-b8ac-4e9e-9ba6-1724c63a8401@group-8FD04F33EAC3-StateMachineUpdater] INFO  impl.StateMachineUpdater (StateMachineUpdater.java:takeSnapshot(307)) - 92aeff0d-b8ac-4e9e-9ba6-1724c63a8401@group-8FD04F33EAC3-StateMachineUpdater: Took a snapshot at index 0
2025-07-02 18:45:25,315 [92aeff0d-b8ac-4e9e-9ba6-1724c63a8401@group-8FD04F33EAC3-StateMachineUpdater] INFO  impl.StateMachineUpdater (StateMachineUpdater.java:lambda$new$0(101)) - 92aeff0d-b8ac-4e9e-9ba6-1724c63a8401@group-8FD04F33EAC3-StateMachineUpdater: snapshotIndex: updateIncreasingly -1 -> 0
2025-07-02 18:45:25,411 [EventQueue-PipelineActionsForPipelineActionHandler] INFO  pipeline.PipelineActionHandler (PipelineActionHandler.java:processPipelineAction(89)) - Received pipeline action CLOSE for Pipeline-04a1f7f9-abb2-42e3-9b76-b92a147de22b from datanode f1637480-4571-474d-8c0e-49126192dfac(localhost/127.0.0.1). Reason : Chunks directory /home/runner/work/ozone/ozone/hadoop-ozone/integration-test/target/test-dir/MiniOzoneClusterImpl-b7e00dfa-d3b8-45cf-9d3a-2bd5fdfebf54/ozone-meta/datanode-2/data-0/hdds/b7e00dfa-d3b8-45cf-9d3a-2bd5fdfebf54/current/containerDir0/2/chunks does not exist.
2025-07-02 18:45:25,412 [EventQueue-PipelineActionsForPipelineActionHandler] INFO  pipeline.PipelineActionHandler (PipelineActionHandler.java:processPipelineAction(89)) - Received pipeline action CLOSE for Pipeline-04a1f7f9-abb2-42e3-9b76-b92a147de22b from datanode 75758caf-2019-48e0-9285-4ac26ec01eda(localhost/127.0.0.1). Reason : Chunks directory /home/runner/work/ozone/ozone/hadoop-ozone/integration-test/target/test-dir/MiniOzoneClusterImpl-b7e00dfa-d3b8-45cf-9d3a-2bd5fdfebf54/ozone-meta/datanode-1/data-0/hdds/b7e00dfa-d3b8-45cf-9d3a-2bd5fdfebf54/current/containerDir0/2/chunks does not exist.
2025-07-02 18:45:25,611 [EventQueue-PipelineActionsForPipelineActionHandler] INFO  pipeline.PipelineActionHandler (PipelineActionHandler.java:processPipelineAction(89)) - Received pipeline action CLOSE for Pipeline-04a1f7f9-abb2-42e3-9b76-b92a147de22b from datanode f1637480-4571-474d-8c0e-49126192dfac(localhost/127.0.0.1). Reason : Chunks directory /home/runner/work/ozone/ozone/hadoop-ozone/integration-test/target/test-dir/MiniOzoneClusterImpl-b7e00dfa-d3b8-45cf-9d3a-2bd5fdfebf54/ozone-meta/datanode-2/data-0/hdds/b7e00dfa-d3b8-45cf-9d3a-2bd5fdfebf54/current/containerDir0/2/chunks does not exist.
2025-07-02 18:45:25,612 [EventQueue-PipelineActionsForPipelineActionHandler] INFO  pipeline.PipelineActionHandler (PipelineActionHandler.java:processPipelineAction(89)) - Received pipeline action CLOSE for Pipeline-04a1f7f9-abb2-42e3-9b76-b92a147de22b from datanode 75758caf-2019-48e0-9285-4ac26ec01eda(localhost/127.0.0.1). Reason : Chunks directory /home/runner/work/ozone/ozone/hadoop-ozone/integration-test/target/test-dir/MiniOzoneClusterImpl-b7e00dfa-d3b8-45cf-9d3a-2bd5fdfebf54/ozone-meta/datanode-1/data-0/hdds/b7e00dfa-d3b8-45cf-9d3a-2bd5fdfebf54/current/containerDir0/2/chunks does not exist.
2025-07-02 18:45:25,811 [EventQueue-PipelineActionsForPipelineActionHandler] INFO  pipeline.PipelineActionHandler (PipelineActionHandler.java:processPipelineAction(89)) - Received pipeline action CLOSE for Pipeline-04a1f7f9-abb2-42e3-9b76-b92a147de22b from datanode f1637480-4571-474d-8c0e-49126192dfac(localhost/127.0.0.1). Reason : Chunks directory /home/runner/work/ozone/ozone/hadoop-ozone/integration-test/target/test-dir/MiniOzoneClusterImpl-b7e00dfa-d3b8-45cf-9d3a-2bd5fdfebf54/ozone-meta/datanode-2/data-0/hdds/b7e00dfa-d3b8-45cf-9d3a-2bd5fdfebf54/current/containerDir0/2/chunks does not exist.
2025-07-02 18:45:25,812 [EventQueue-PipelineActionsForPipelineActionHandler] INFO  pipeline.PipelineActionHandler (PipelineActionHandler.java:processPipelineAction(89)) - Received pipeline action CLOSE for Pipeline-04a1f7f9-abb2-42e3-9b76-b92a147de22b from datanode 75758caf-2019-48e0-9285-4ac26ec01eda(localhost/127.0.0.1). Reason : Chunks directory /home/runner/work/ozone/ozone/hadoop-ozone/integration-test/target/test-dir/MiniOzoneClusterImpl-b7e00dfa-d3b8-45cf-9d3a-2bd5fdfebf54/ozone-meta/datanode-1/data-0/hdds/b7e00dfa-d3b8-45cf-9d3a-2bd5fdfebf54/current/containerDir0/2/chunks does not exist.
2025-07-02 18:45:26,011 [EventQueue-PipelineActionsForPipelineActionHandler] INFO  pipeline.PipelineActionHandler (PipelineActionHandler.java:processPipelineAction(89)) - Received pipeline action CLOSE for Pipeline-04a1f7f9-abb2-42e3-9b76-b92a147de22b from datanode f1637480-4571-474d-8c0e-49126192dfac(localhost/127.0.0.1). Reason : Chunks directory /home/runner/work/ozone/ozone/hadoop-ozone/integration-test/target/test-dir/MiniOzoneClusterImpl-b7e00dfa-d3b8-45cf-9d3a-2bd5fdfebf54/ozone-meta/datanode-2/data-0/hdds/b7e00dfa-d3b8-45cf-9d3a-2bd5fdfebf54/current/containerDir0/2/chunks does not exist.
2025-07-02 18:45:26,012 [EventQueue-PipelineActionsForPipelineActionHandler] INFO  pipeline.PipelineActionHandler (PipelineActionHandler.java:processPipelineAction(89)) - Received pipeline action CLOSE for Pipeline-04a1f7f9-abb2-42e3-9b76-b92a147de22b from datanode 75758caf-2019-48e0-9285-4ac26ec01eda(localhost/127.0.0.1). Reason : Chunks directory /home/runner/work/ozone/ozone/hadoop-ozone/integration-test/target/test-dir/MiniOzoneClusterImpl-b7e00dfa-d3b8-45cf-9d3a-2bd5fdfebf54/ozone-meta/datanode-1/data-0/hdds/b7e00dfa-d3b8-45cf-9d3a-2bd5fdfebf54/current/containerDir0/2/chunks does not exist.
2025-07-02 18:45:26,211 [EventQueue-PipelineActionsForPipelineActionHandler] INFO  pipeline.PipelineActionHandler (PipelineActionHandler.java:processPipelineAction(89)) - Received pipeline action CLOSE for Pipeline-04a1f7f9-abb2-42e3-9b76-b92a147de22b from datanode f1637480-4571-474d-8c0e-49126192dfac(localhost/127.0.0.1). Reason : Chunks directory /home/runner/work/ozone/ozone/hadoop-ozone/integration-test/target/test-dir/MiniOzoneClusterImpl-b7e00dfa-d3b8-45cf-9d3a-2bd5fdfebf54/ozone-meta/datanode-2/data-0/hdds/b7e00dfa-d3b8-45cf-9d3a-2bd5fdfebf54/current/containerDir0/2/chunks does not exist.
2025-07-02 18:45:26,212 [EventQueue-PipelineActionsForPipelineActionHandler] INFO  pipeline.PipelineActionHandler (PipelineActionHandler.java:processPipelineAction(89)) - Received pipeline action CLOSE for Pipeline-04a1f7f9-abb2-42e3-9b76-b92a147de22b from datanode 75758caf-2019-48e0-9285-4ac26ec01eda(localhost/127.0.0.1). Reason : Chunks directory /home/runner/work/ozone/ozone/hadoop-ozone/integration-test/target/test-dir/MiniOzoneClusterImpl-b7e00dfa-d3b8-45cf-9d3a-2bd5fdfebf54/ozone-meta/datanode-1/data-0/hdds/b7e00dfa-d3b8-45cf-9d3a-2bd5fdfebf54/current/containerDir0/2/chunks does not exist.
2025-07-02 18:45:26,225 [f1637480-4571-474d-8c0e-49126192dfac@group-B92A147DE22B-StateMachineUpdater] ERROR ratis.ContainerStateMachine (ContainerStateMachine.java:takeSnapshot(421)) - Failed to take snapshot  for group-B92A147DE22B as the stateMachine is unhealthy. The last applied index is at (t:1, i:4)
2025-07-02 18:45:26,226 [f1637480-4571-474d-8c0e-49126192dfac@group-B92A147DE22B-StateMachineUpdater] ERROR impl.StateMachineUpdater (StateMachineUpdater.java:takeSnapshot(302)) - f1637480-4571-474d-8c0e-49126192dfac@group-B92A147DE22B-StateMachineUpdater: Failed to take snapshot
org.apache.ratis.protocol.exceptions.StateMachineException: Failed to take snapshot  for group-B92A147DE22B as the stateMachine is unhealthy. The last applied index is at (t:1, i:4)
	at org.apache.hadoop.ozone.container.common.transport.server.ratis.ContainerStateMachine.takeSnapshot(ContainerStateMachine.java:420)
	at org.apache.ratis.server.impl.StateMachineUpdater.takeSnapshot(StateMachineUpdater.java:290)
	at org.apache.ratis.server.impl.StateMachineUpdater.checkAndTakeSnapshot(StateMachineUpdater.java:281)
	at org.apache.ratis.server.impl.StateMachineUpdater.run(StateMachineUpdater.java:194)
	at java.base/java.lang.Thread.run(Thread.java:1583)
2025-07-02 18:45:26,226 [f1637480-4571-474d-8c0e-49126192dfac-server-thread2] WARN  server.GrpcServerProtocolService (LogUtils.java:warn(129)) - f1637480-4571-474d-8c0e-49126192dfac: Failed APPEND_ENTRIES request baa12041-7cca-45c7-810c-7ea11519444b->f1637480-4571-474d-8c0e-49126192dfac#18-t1,previous=(t:1, i:4),leaderCommit=4,initializing? false,entries: size=2, first=(t:1, i:5), STATEMACHINELOGENTRY, WRITE: logData.size=154, stateMachineData.size=10, logEntryProtoSerializedSize=0
java.util.concurrent.CompletionException: org.apache.hadoop.hdds.scm.container.common.helpers.StorageContainerException: Chunks directory /home/runner/work/ozone/ozone/hadoop-ozone/integration-test/target/test-dir/MiniOzoneClusterImpl-b7e00dfa-d3b8-45cf-9d3a-2bd5fdfebf54/ozone-meta/datanode-2/data-0/hdds/b7e00dfa-d3b8-45cf-9d3a-2bd5fdfebf54/current/containerDir0/2/chunks does not exist.
	at java.base/java.util.concurrent.CompletableFuture.encodeThrowable(CompletableFuture.java:332)
	at java.base/java.util.concurrent.CompletableFuture.completeThrowable(CompletableFuture.java:347)
	at java.base/java.util.concurrent.CompletableFuture$BiRelay.tryFire(CompletableFuture.java:1498)
	at java.base/java.util.concurrent.CompletableFuture$CoCompletion.tryFire(CompletableFuture.java:1219)
	at java.base/java.util.concurrent.CompletableFuture.postComplete(CompletableFuture.java:510)
	at java.base/java.util.concurrent.CompletableFuture.completeExceptionally(CompletableFuture.java:2194)
	at org.apache.ratis.server.raftlog.segmented.SegmentedRaftLog$Task.failed(SegmentedRaftLog.java:109)
	at org.apache.ratis.server.raftlog.segmented.SegmentedRaftLogWorker$WriteLog.failed(SegmentedRaftLogWorker.java:530)
	at org.apache.ratis.server.raftlog.segmented.SegmentedRaftLogWorker.run(SegmentedRaftLogWorker.java:326)
	at java.base/java.util.concurrent.Executors$RunnableAdapter.call(Executors.java:572)
	at java.base/java.util.concurrent.FutureTask.run(FutureTask.java:317)
	at java.base/java.util.concurrent.ThreadPoolExecutor.runWorker(ThreadPoolExecutor.java:1144)
	at java.base/java.util.concurrent.ThreadPoolExecutor$Worker.run(ThreadPoolExecutor.java:642)
	at java.base/java.lang.Thread.run(Thread.java:1583)
Caused by: org.apache.hadoop.hdds.scm.container.common.helpers.StorageContainerException: Chunks directory /home/runner/work/ozone/ozone/hadoop-ozone/integration-test/target/test-dir/MiniOzoneClusterImpl-b7e00dfa-d3b8-45cf-9d3a-2bd5fdfebf54/ozone-meta/datanode-2/data-0/hdds/b7e00dfa-d3b8-45cf-9d3a-2bd5fdfebf54/current/containerDir0/2/chunks does not exist.
	at org.apache.hadoop.ozone.container.common.transport.server.ratis.ContainerStateMachine.handleCommandResult(ContainerStateMachine.java:661)
	at org.apache.hadoop.ozone.container.common.transport.server.ratis.ContainerStateMachine.lambda$writeStateMachineData$2(ContainerStateMachine.java:623)
	... 4 more
2025-07-02 18:45:26,228 [grpc-default-executor-4] INFO  leader.LogAppender (LogAppenderBase.java:lambda$getNextIndexForError$0(215)) - Decrease nextIndex to 5
2025-07-02 18:45:26,228 [grpc-default-executor-4] INFO  leader.LogAppender (LogAppenderBase.java:lambda$getNextIndexForError$0(215)) - Decrease nextIndex to 5
2025-07-02 18:45:26,228 [grpc-default-executor-4] INFO  leader.FollowerInfo (FollowerInfoImpl.java:info(70)) - baa12041-7cca-45c7-810c-7ea11519444b@group-B92A147DE22B->f1637480-4571-474d-8c0e-49126192dfac: computeNextIndex nextIndex: updateUnconditionally 7 -> 5
2025-07-02 18:45:26,228 [75758caf-2019-48e0-9285-4ac26ec01eda@group-B92A147DE22B-StateMachineUpdater] ERROR ratis.ContainerStateMachine (ContainerStateMachine.java:takeSnapshot(421)) - Failed to take snapshot  for group-B92A147DE22B as the stateMachine is unhealthy. The last applied index is at (t:1, i:4)
2025-07-02 18:45:26,228 [75758caf-2019-48e0-9285-4ac26ec01eda@group-B92A147DE22B-StateMachineUpdater] ERROR impl.StateMachineUpdater (StateMachineUpdater.java:takeSnapshot(302)) - 75758caf-2019-48e0-9285-4ac26ec01eda@group-B92A147DE22B-StateMachineUpdater: Failed to take snapshot
org.apache.ratis.protocol.exceptions.StateMachineException: Failed to take snapshot  for group-B92A147DE22B as the stateMachine is unhealthy. The last applied index is at (t:1, i:4)
	at org.apache.hadoop.ozone.container.common.transport.server.ratis.ContainerStateMachine.takeSnapshot(ContainerStateMachine.java:420)
	at org.apache.ratis.server.impl.StateMachineUpdater.takeSnapshot(StateMachineUpdater.java:290)
	at org.apache.ratis.server.impl.StateMachineUpdater.checkAndTakeSnapshot(StateMachineUpdater.java:281)
	at org.apache.ratis.server.impl.StateMachineUpdater.run(StateMachineUpdater.java:194)
	at java.base/java.lang.Thread.run(Thread.java:1583)
2025-07-02 18:45:26,230 [75758caf-2019-48e0-9285-4ac26ec01eda-server-thread2] WARN  server.GrpcServerProtocolService (LogUtils.java:warn(129)) - 75758caf-2019-48e0-9285-4ac26ec01eda: Failed APPEND_ENTRIES request baa12041-7cca-45c7-810c-7ea11519444b->75758caf-2019-48e0-9285-4ac26ec01eda#19-t1,previous=(t:1, i:4),leaderCommit=4,initializing? false,entries: size=2, first=(t:1, i:5), STATEMACHINELOGENTRY, WRITE: logData.size=154, stateMachineData.size=10, logEntryProtoSerializedSize=0
java.util.concurrent.CompletionException: org.apache.hadoop.hdds.scm.container.common.helpers.StorageContainerException: Chunks directory /home/runner/work/ozone/ozone/hadoop-ozone/integration-test/target/test-dir/MiniOzoneClusterImpl-b7e00dfa-d3b8-45cf-9d3a-2bd5fdfebf54/ozone-meta/datanode-1/data-0/hdds/b7e00dfa-d3b8-45cf-9d3a-2bd5fdfebf54/current/containerDir0/2/chunks does not exist.
	at java.base/java.util.concurrent.CompletableFuture.encodeThrowable(CompletableFuture.java:332)
	at java.base/java.util.concurrent.CompletableFuture.completeThrowable(CompletableFuture.java:347)
	at java.base/java.util.concurrent.CompletableFuture$BiRelay.tryFire(CompletableFuture.java:1498)
	at java.base/java.util.concurrent.CompletableFuture$CoCompletion.tryFire(CompletableFuture.java:1219)
	at java.base/java.util.concurrent.CompletableFuture.postComplete(CompletableFuture.java:510)
	at java.base/java.util.concurrent.CompletableFuture.completeExceptionally(CompletableFuture.java:2194)
	at org.apache.ratis.server.raftlog.segmented.SegmentedRaftLog$Task.failed(SegmentedRaftLog.java:109)
	at org.apache.ratis.server.raftlog.segmented.SegmentedRaftLogWorker$WriteLog.failed(SegmentedRaftLogWorker.java:530)
	at org.apache.ratis.server.raftlog.segmented.SegmentedRaftLogWorker.run(SegmentedRaftLogWorker.java:326)
	at java.base/java.util.concurrent.Executors$RunnableAdapter.call(Executors.java:572)
	at java.base/java.util.concurrent.FutureTask.run(FutureTask.java:317)
	at java.base/java.util.concurrent.ThreadPoolExecutor.runWorker(ThreadPoolExecutor.java:1144)
	at java.base/java.util.concurrent.ThreadPoolExecutor$Worker.run(ThreadPoolExecutor.java:642)
	at java.base/java.lang.Thread.run(Thread.java:1583)
Caused by: org.apache.hadoop.hdds.scm.container.common.helpers.StorageContainerException: Chunks directory /home/runner/work/ozone/ozone/hadoop-ozone/integration-test/target/test-dir/MiniOzoneClusterImpl-b7e00dfa-d3b8-45cf-9d3a-2bd5fdfebf54/ozone-meta/datanode-1/data-0/hdds/b7e00dfa-d3b8-45cf-9d3a-2bd5fdfebf54/current/containerDir0/2/chunks does not exist.
	at org.apache.hadoop.ozone.container.common.transport.server.ratis.ContainerStateMachine.handleCommandResult(ContainerStateMachine.java:661)
	at org.apache.hadoop.ozone.container.common.transport.server.ratis.ContainerStateMachine.lambda$writeStateMachineData$2(ContainerStateMachine.java:623)
	... 4 more
2025-07-02 18:45:26,231 [grpc-default-executor-0] WARN  server.GrpcServerProtocolService (LogUtils.java:warn(129)) - f1637480-4571-474d-8c0e-49126192dfac: Failed APPEND_ENTRIES request baa12041-7cca-45c7-810c-7ea11519444b->f1637480-4571-474d-8c0e-49126192dfac#19-t1,previous=(t:1, i:4),leaderCommit=4,initializing? false,entries: size=2, first=(t:1, i:5), STATEMACHINELOGENTRY, WRITE: logData.size=154, stateMachineData.size=10, logEntryProtoSerializedSize=0
java.util.concurrent.CompletionException: org.apache.hadoop.hdds.scm.container.common.helpers.StorageContainerException: Chunks directory /home/runner/work/ozone/ozone/hadoop-ozone/integration-test/target/test-dir/MiniOzoneClusterImpl-b7e00dfa-d3b8-45cf-9d3a-2bd5fdfebf54/ozone-meta/datanode-2/data-0/hdds/b7e00dfa-d3b8-45cf-9d3a-2bd5fdfebf54/current/containerDir0/2/chunks does not exist.
	at java.base/java.util.concurrent.CompletableFuture.encodeThrowable(CompletableFuture.java:332)
	at java.base/java.util.concurrent.CompletableFuture.completeThrowable(CompletableFuture.java:347)
	at java.base/java.util.concurrent.CompletableFuture$BiRelay.tryFire(CompletableFuture.java:1498)
	at java.base/java.util.concurrent.CompletableFuture$CoCompletion.tryFire(CompletableFuture.java:1219)
	at java.base/java.util.concurrent.CompletableFuture.postComplete(CompletableFuture.java:510)
	at java.base/java.util.concurrent.CompletableFuture.completeExceptionally(CompletableFuture.java:2194)
	at org.apache.ratis.server.raftlog.segmented.SegmentedRaftLog$Task.failed(SegmentedRaftLog.java:109)
	at org.apache.ratis.server.raftlog.segmented.SegmentedRaftLogWorker$WriteLog.failed(SegmentedRaftLogWorker.java:530)
	at org.apache.ratis.server.raftlog.segmented.SegmentedRaftLogWorker.run(SegmentedRaftLogWorker.java:326)
	at java.base/java.util.concurrent.Executors$RunnableAdapter.call(Executors.java:572)
	at java.base/java.util.concurrent.FutureTask.run(FutureTask.java:317)
	at java.base/java.util.concurrent.ThreadPoolExecutor.runWorker(ThreadPoolExecutor.java:1144)
	at java.base/java.util.concurrent.ThreadPoolExecutor$Worker.run(ThreadPoolExecutor.java:642)
	at java.base/java.lang.Thread.run(Thread.java:1583)
Caused by: org.apache.hadoop.hdds.scm.container.common.helpers.StorageContainerException: Chunks directory /home/runner/work/ozone/ozone/hadoop-ozone/integration-test/target/test-dir/MiniOzoneClusterImpl-b7e00dfa-d3b8-45cf-9d3a-2bd5fdfebf54/ozone-meta/datanode-2/data-0/hdds/b7e00dfa-d3b8-45cf-9d3a-2bd5fdfebf54/current/containerDir0/2/chunks does not exist.
	at org.apache.hadoop.ozone.container.common.transport.server.ratis.ContainerStateMachine.handleCommandResult(ContainerStateMachine.java:661)
	at org.apache.hadoop.ozone.container.common.transport.server.ratis.ContainerStateMachine.lambda$writeStateMachineData$2(ContainerStateMachine.java:623)
	... 4 more
2025-07-02 18:45:26,232 [grpc-default-executor-0] INFO  leader.LogAppender (LogAppenderBase.java:lambda$getNextIndexForError$0(215)) - Decrease nextIndex to 5
2025-07-02 18:45:26,232 [grpc-default-executor-0] INFO  leader.LogAppender (LogAppenderBase.java:lambda$getNextIndexForError$0(215)) - Decrease nextIndex to 5
2025-07-02 18:45:26,232 [grpc-default-executor-0] INFO  leader.FollowerInfo (FollowerInfoImpl.java:info(70)) - baa12041-7cca-45c7-810c-7ea11519444b@group-B92A147DE22B->75758caf-2019-48e0-9285-4ac26ec01eda: computeNextIndex nextIndex: updateUnconditionally 7 -> 5
2025-07-02 18:45:26,233 [grpc-default-executor-0] INFO  leader.LogAppender (LogAppenderBase.java:lambda$getNextIndexForError$0(215)) - Decrease nextIndex to 5
2025-07-02 18:45:26,233 [grpc-default-executor-0] INFO  leader.LogAppender (LogAppenderBase.java:lambda$getNextIndexForError$0(215)) - Decrease nextIndex to 5
2025-07-02 18:45:26,233 [grpc-default-executor-0] INFO  leader.FollowerInfo (FollowerInfoImpl.java:info(70)) - baa12041-7cca-45c7-810c-7ea11519444b@group-B92A147DE22B->f1637480-4571-474d-8c0e-49126192dfac: computeNextIndex nextIndex: updateUnconditionally 7 -> 5
2025-07-02 18:45:26,411 [EventQueue-PipelineActionsForPipelineActionHandler] INFO  pipeline.PipelineActionHandler (PipelineActionHandler.java:processPipelineAction(89)) - Received pipeline action CLOSE for Pipeline-04a1f7f9-abb2-42e3-9b76-b92a147de22b from datanode f1637480-4571-474d-8c0e-49126192dfac(localhost/127.0.0.1). Reason : Chunks directory /home/runner/work/ozone/ozone/hadoop-ozone/integration-test/target/test-dir/MiniOzoneClusterImpl-b7e00dfa-d3b8-45cf-9d3a-2bd5fdfebf54/ozone-meta/datanode-2/data-0/hdds/b7e00dfa-d3b8-45cf-9d3a-2bd5fdfebf54/current/containerDir0/2/chunks does not exist.
2025-07-02 18:45:26,411 [EventQueue-PipelineActionsForPipelineActionHandler] INFO  pipeline.PipelineActionHandler (PipelineActionHandler.java:processPipelineAction(89)) - Received pipeline action CLOSE for Pipeline-04a1f7f9-abb2-42e3-9b76-b92a147de22b from datanode 75758caf-2019-48e0-9285-4ac26ec01eda(localhost/127.0.0.1). Reason : Chunks directory /home/runner/work/ozone/ozone/hadoop-ozone/integration-test/target/test-dir/MiniOzoneClusterImpl-b7e00dfa-d3b8-45cf-9d3a-2bd5fdfebf54/ozone-meta/datanode-1/data-0/hdds/b7e00dfa-d3b8-45cf-9d3a-2bd5fdfebf54/current/containerDir0/2/chunks does not exist.
2025-07-02 18:45:26,611 [EventQueue-PipelineActionsForPipelineActionHandler] INFO  pipeline.PipelineActionHandler (PipelineActionHandler.java:processPipelineAction(89)) - Received pipeline action CLOSE for Pipeline-04a1f7f9-abb2-42e3-9b76-b92a147de22b from datanode f1637480-4571-474d-8c0e-49126192dfac(localhost/127.0.0.1). Reason : Chunks directory /home/runner/work/ozone/ozone/hadoop-ozone/integration-test/target/test-dir/MiniOzoneClusterImpl-b7e00dfa-d3b8-45cf-9d3a-2bd5fdfebf54/ozone-meta/datanode-2/data-0/hdds/b7e00dfa-d3b8-45cf-9d3a-2bd5fdfebf54/current/containerDir0/2/chunks does not exist.
2025-07-02 18:45:26,612 [EventQueue-PipelineActionsForPipelineActionHandler] INFO  pipeline.PipelineActionHandler (PipelineActionHandler.java:processPipelineAction(89)) - Received pipeline action CLOSE for Pipeline-04a1f7f9-abb2-42e3-9b76-b92a147de22b from datanode 75758caf-2019-48e0-9285-4ac26ec01eda(localhost/127.0.0.1). Reason : Chunks directory /home/runner/work/ozone/ozone/hadoop-ozone/integration-test/target/test-dir/MiniOzoneClusterImpl-b7e00dfa-d3b8-45cf-9d3a-2bd5fdfebf54/ozone-meta/datanode-1/data-0/hdds/b7e00dfa-d3b8-45cf-9d3a-2bd5fdfebf54/current/containerDir0/2/chunks does not exist.
2025-07-02 18:45:26,713 [baa12041-7cca-45c7-810c-7ea11519444b-CloseContainerThread-0] WARN  keyvalue.KeyValueHandler (KeyValueHandler.java:updateAndGetContainerChecksum(1451)) - Container data checksum updated from 0 to 1bdd5b56
2025-07-02 18:45:26,718 [f1637480-4571-474d-8c0e-49126192dfac-server-thread2] WARN  server.GrpcServerProtocolService (LogUtils.java:warn(129)) - f1637480-4571-474d-8c0e-49126192dfac: Failed APPEND_ENTRIES request baa12041-7cca-45c7-810c-7ea11519444b->f1637480-4571-474d-8c0e-49126192dfac#20-t1,previous=(t:1, i:4),leaderCommit=4,initializing? false,entries: size=3, first=(t:1, i:5), STATEMACHINELOGENTRY, WRITE: logData.size=154, stateMachineData.size=10, logEntryProtoSerializedSize=0
java.util.concurrent.CompletionException: org.apache.hadoop.hdds.scm.container.common.helpers.StorageContainerException: Chunks directory /home/runner/work/ozone/ozone/hadoop-ozone/integration-test/target/test-dir/MiniOzoneClusterImpl-b7e00dfa-d3b8-45cf-9d3a-2bd5fdfebf54/ozone-meta/datanode-2/data-0/hdds/b7e00dfa-d3b8-45cf-9d3a-2bd5fdfebf54/current/containerDir0/2/chunks does not exist.
	at java.base/java.util.concurrent.CompletableFuture.encodeThrowable(CompletableFuture.java:332)
	at java.base/java.util.concurrent.CompletableFuture.completeThrowable(CompletableFuture.java:347)
	at java.base/java.util.concurrent.CompletableFuture$BiRelay.tryFire(CompletableFuture.java:1498)
	at java.base/java.util.concurrent.CompletableFuture$CoCompletion.tryFire(CompletableFuture.java:1219)
	at java.base/java.util.concurrent.CompletableFuture.postComplete(CompletableFuture.java:510)
	at java.base/java.util.concurrent.CompletableFuture.completeExceptionally(CompletableFuture.java:2194)
	at org.apache.ratis.server.raftlog.segmented.SegmentedRaftLog$Task.failed(SegmentedRaftLog.java:109)
	at org.apache.ratis.server.raftlog.segmented.SegmentedRaftLogWorker$WriteLog.failed(SegmentedRaftLogWorker.java:530)
	at org.apache.ratis.server.raftlog.segmented.SegmentedRaftLogWorker.run(SegmentedRaftLogWorker.java:326)
	at java.base/java.util.concurrent.Executors$RunnableAdapter.call(Executors.java:572)
	at java.base/java.util.concurrent.FutureTask.run(FutureTask.java:317)
	at java.base/java.util.concurrent.ThreadPoolExecutor.runWorker(ThreadPoolExecutor.java:1144)
	at java.base/java.util.concurrent.ThreadPoolExecutor$Worker.run(ThreadPoolExecutor.java:642)
	at java.base/java.lang.Thread.run(Thread.java:1583)
Caused by: org.apache.hadoop.hdds.scm.container.common.helpers.StorageContainerException: Chunks directory /home/runner/work/ozone/ozone/hadoop-ozone/integration-test/target/test-dir/MiniOzoneClusterImpl-b7e00dfa-d3b8-45cf-9d3a-2bd5fdfebf54/ozone-meta/datanode-2/data-0/hdds/b7e00dfa-d3b8-45cf-9d3a-2bd5fdfebf54/current/containerDir0/2/chunks does not exist.
	at org.apache.hadoop.ozone.container.common.transport.server.ratis.ContainerStateMachine.handleCommandResult(ContainerStateMachine.java:661)
	at org.apache.hadoop.ozone.container.common.transport.server.ratis.ContainerStateMachine.lambda$writeStateMachineData$2(ContainerStateMachine.java:623)
	... 4 more
2025-07-02 18:45:26,718 [75758caf-2019-48e0-9285-4ac26ec01eda-server-thread2] WARN  server.GrpcServerProtocolService (LogUtils.java:warn(129)) - 75758caf-2019-48e0-9285-4ac26ec01eda: Failed APPEND_ENTRIES request baa12041-7cca-45c7-810c-7ea11519444b->75758caf-2019-48e0-9285-4ac26ec01eda#20-t1,previous=(t:1, i:4),leaderCommit=4,initializing? false,entries: size=3, first=(t:1, i:5), STATEMACHINELOGENTRY, WRITE: logData.size=154, stateMachineData.size=10, logEntryProtoSerializedSize=0
java.util.concurrent.CompletionException: org.apache.hadoop.hdds.scm.container.common.helpers.StorageContainerException: Chunks directory /home/runner/work/ozone/ozone/hadoop-ozone/integration-test/target/test-dir/MiniOzoneClusterImpl-b7e00dfa-d3b8-45cf-9d3a-2bd5fdfebf54/ozone-meta/datanode-1/data-0/hdds/b7e00dfa-d3b8-45cf-9d3a-2bd5fdfebf54/current/containerDir0/2/chunks does not exist.
	at java.base/java.util.concurrent.CompletableFuture.encodeThrowable(CompletableFuture.java:332)
	at java.base/java.util.concurrent.CompletableFuture.completeThrowable(CompletableFuture.java:347)
	at java.base/java.util.concurrent.CompletableFuture$BiRelay.tryFire(CompletableFuture.java:1498)
	at java.base/java.util.concurrent.CompletableFuture$CoCompletion.tryFire(CompletableFuture.java:1219)
	at java.base/java.util.concurrent.CompletableFuture.postComplete(CompletableFuture.java:510)
	at java.base/java.util.concurrent.CompletableFuture.completeExceptionally(CompletableFuture.java:2194)
	at org.apache.ratis.server.raftlog.segmented.SegmentedRaftLog$Task.failed(SegmentedRaftLog.java:109)
	at org.apache.ratis.server.raftlog.segmented.SegmentedRaftLogWorker$WriteLog.failed(SegmentedRaftLogWorker.java:530)
	at org.apache.ratis.server.raftlog.segmented.SegmentedRaftLogWorker.run(SegmentedRaftLogWorker.java:326)
	at java.base/java.util.concurrent.Executors$RunnableAdapter.call(Executors.java:572)
	at java.base/java.util.concurrent.FutureTask.run(FutureTask.java:317)
	at java.base/java.util.concurrent.ThreadPoolExecutor.runWorker(ThreadPoolExecutor.java:1144)
	at java.base/java.util.concurrent.ThreadPoolExecutor$Worker.run(ThreadPoolExecutor.java:642)
	at java.base/java.lang.Thread.run(Thread.java:1583)
Caused by: org.apache.hadoop.hdds.scm.container.common.helpers.StorageContainerException: Chunks directory /home/runner/work/ozone/ozone/hadoop-ozone/integration-test/target/test-dir/MiniOzoneClusterImpl-b7e00dfa-d3b8-45cf-9d3a-2bd5fdfebf54/ozone-meta/datanode-1/data-0/hdds/b7e00dfa-d3b8-45cf-9d3a-2bd5fdfebf54/current/containerDir0/2/chunks does not exist.
	at org.apache.hadoop.ozone.container.common.transport.server.ratis.ContainerStateMachine.handleCommandResult(ContainerStateMachine.java:661)
	at org.apache.hadoop.ozone.container.common.transport.server.ratis.ContainerStateMachine.lambda$writeStateMachineData$2(ContainerStateMachine.java:623)
	... 4 more
2025-07-02 18:45:26,719 [grpc-default-executor-4] INFO  leader.LogAppender (LogAppenderBase.java:lambda$getNextIndexForError$0(215)) - Decrease nextIndex to 5
2025-07-02 18:45:26,719 [grpc-default-executor-4] INFO  leader.LogAppender (LogAppenderBase.java:lambda$getNextIndexForError$0(215)) - Decrease nextIndex to 5
2025-07-02 18:45:26,719 [grpc-default-executor-4] INFO  leader.FollowerInfo (FollowerInfoImpl.java:info(70)) - baa12041-7cca-45c7-810c-7ea11519444b@group-B92A147DE22B->75758caf-2019-48e0-9285-4ac26ec01eda: computeNextIndex nextIndex: updateUnconditionally 8 -> 5
2025-07-02 18:45:26,719 [grpc-default-executor-0] INFO  leader.LogAppender (LogAppenderBase.java:lambda$getNextIndexForError$0(215)) - Decrease nextIndex to 5
2025-07-02 18:45:26,720 [grpc-default-executor-0] INFO  leader.LogAppender (LogAppenderBase.java:lambda$getNextIndexForError$0(215)) - Decrease nextIndex to 5
2025-07-02 18:45:26,720 [grpc-default-executor-0] INFO  leader.FollowerInfo (FollowerInfoImpl.java:info(70)) - baa12041-7cca-45c7-810c-7ea11519444b@group-B92A147DE22B->f1637480-4571-474d-8c0e-49126192dfac: computeNextIndex nextIndex: updateUnconditionally 8 -> 5
2025-07-02 18:45:26,744 [timer3] ERROR impl.OrderedAsync (OrderedAsync.java:lambda$null$6(215)) -  client-34BCE6445F9B: Failed* RaftClientRequest:client-34BCE6445F9B->baa12041-7cca-45c7-810c-7ea11519444b@group-B92A147DE22B, cid=29, seq=4, RW, cmdType: WriteChunk
traceID: ""
containerID: 2
datanodeUuid: "f1637480-4571-474d-8c0e-49126192dfac"
writeChunk {
  blockID {
    containerID: 2
    localID: 115816896921600002
    blockCommitSequenceId: 2
    replicaIndex: 0
  }
  chunkData {
    chunkName: "115816896921600002_chunk_2"
    offset: 5
    len: 10
    checksumData {
      type: CRC32
      bytesPerChecksum: 16384
      checksums: "\317\357R*"
    }
  }
}
version: 3
, data.size=10
java.util.concurrent.CompletionException: org.apache.ratis.protocol.exceptions.TimeoutIOException: client-34BCE6445F9B->baa12041-7cca-45c7-810c-7ea11519444b request #29 timeout 3000ms
	at java.base/java.util.concurrent.CompletableFuture.encodeThrowable(CompletableFuture.java:332)
	at java.base/java.util.concurrent.CompletableFuture.completeThrowable(CompletableFuture.java:347)
	at java.base/java.util.concurrent.CompletableFuture$UniAccept.tryFire(CompletableFuture.java:708)
	at java.base/java.util.concurrent.CompletableFuture.postComplete(CompletableFuture.java:510)
	at java.base/java.util.concurrent.CompletableFuture.completeExceptionally(CompletableFuture.java:2194)
	at org.apache.ratis.grpc.client.GrpcClientProtocolClient$AsyncStreamObservers.lambda$timeoutCheck$5(GrpcClientProtocolClient.java:376)
	at java.base/java.util.Optional.ifPresent(Optional.java:178)
	at org.apache.ratis.grpc.client.GrpcClientProtocolClient$AsyncStreamObservers.handleReplyFuture(GrpcClientProtocolClient.java:381)
	at org.apache.ratis.grpc.client.GrpcClientProtocolClient$AsyncStreamObservers.timeoutCheck(GrpcClientProtocolClient.java:376)
	at org.apache.ratis.grpc.client.GrpcClientProtocolClient$AsyncStreamObservers.lambda$onNext$3(GrpcClientProtocolClient.java:369)
	at org.apache.ratis.util.TimeoutTimer.lambda$onTimeout$2(TimeoutTimer.java:101)
	at org.apache.ratis.util.LogUtils.runAndLog(LogUtils.java:38)
	at org.apache.ratis.util.LogUtils$1.run(LogUtils.java:78)
	at org.apache.ratis.util.TimeoutTimer$Task.run(TimeoutTimer.java:55)
	at java.base/java.util.TimerThread.mainLoop(Timer.java:566)
	at java.base/java.util.TimerThread.run(Timer.java:516)
Caused by: org.apache.ratis.protocol.exceptions.TimeoutIOException: client-34BCE6445F9B->baa12041-7cca-45c7-810c-7ea11519444b request #29 timeout 3000ms
	at org.apache.ratis.grpc.client.GrpcClientProtocolClient$AsyncStreamObservers.lambda$timeoutCheck$5(GrpcClientProtocolClient.java:377)
	... 10 more
2025-07-02 18:45:26,745 [timer4] ERROR impl.OrderedAsync (OrderedAsync.java:lambda$null$6(215)) -  client-34BCE6445F9B: Failed* RaftClientRequest:client-34BCE6445F9B->baa12041-7cca-45c7-810c-7ea11519444b@group-B92A147DE22B, cid=30, seq=5, RW, cmdType: PutBlock
traceID: ""
containerID: 2
datanodeUuid: "f1637480-4571-474d-8c0e-49126192dfac"
putBlock {
  blockData {
    blockID {
      containerID: 2
      localID: 115816896921600002
      blockCommitSequenceId: 0
    }
    metadata {
      key: "TYPE"
      value: "KEY"
    }
    chunks {
      chunkName: "115816896921600002_chunk_1"
      offset: 0
      len: 5
      checksumData {
        type: CRC32
        bytesPerChecksum: 16384
        checksums: "\350a\3440"
      }
    }
    chunks {
      chunkName: "115816896921600002_chunk_2"
      offset: 5
      len: 10
      checksumData {
        type: CRC32
        bytesPerChecksum: 16384
        checksums: "\317\357R*"
      }
    }
  }
  eof: false
}
version: 3
, data.size=0
java.util.concurrent.CompletionException: org.apache.ratis.protocol.exceptions.TimeoutIOException: client-34BCE6445F9B->baa12041-7cca-45c7-810c-7ea11519444b request #30 timeout 3000ms
	at java.base/java.util.concurrent.CompletableFuture.encodeThrowable(CompletableFuture.java:332)
	at java.base/java.util.concurrent.CompletableFuture.completeThrowable(CompletableFuture.java:347)
	at java.base/java.util.concurrent.CompletableFuture$UniAccept.tryFire(CompletableFuture.java:708)
	at java.base/java.util.concurrent.CompletableFuture.postComplete(CompletableFuture.java:510)
	at java.base/java.util.concurrent.CompletableFuture.completeExceptionally(CompletableFuture.java:2194)
	at org.apache.ratis.grpc.client.GrpcClientProtocolClient$AsyncStreamObservers.lambda$timeoutCheck$5(GrpcClientProtocolClient.java:376)
	at java.base/java.util.Optional.ifPresent(Optional.java:178)
	at org.apache.ratis.grpc.client.GrpcClientProtocolClient$AsyncStreamObservers.handleReplyFuture(GrpcClientProtocolClient.java:381)
	at org.apache.ratis.grpc.client.GrpcClientProtocolClient$AsyncStreamObservers.timeoutCheck(GrpcClientProtocolClient.java:376)
	at org.apache.ratis.grpc.client.GrpcClientProtocolClient$AsyncStreamObservers.lambda$onNext$3(GrpcClientProtocolClient.java:369)
	at org.apache.ratis.util.TimeoutTimer.lambda$onTimeout$2(TimeoutTimer.java:101)
	at org.apache.ratis.util.LogUtils.runAndLog(LogUtils.java:38)
	at org.apache.ratis.util.LogUtils$1.run(LogUtils.java:78)
	at org.apache.ratis.util.TimeoutTimer$Task.run(TimeoutTimer.java:55)
	at java.base/java.util.TimerThread.mainLoop(Timer.java:566)
	at java.base/java.util.TimerThread.run(Timer.java:516)
Caused by: org.apache.ratis.protocol.exceptions.TimeoutIOException: client-34BCE6445F9B->baa12041-7cca-45c7-810c-7ea11519444b request #30 timeout 3000ms
	at org.apache.ratis.grpc.client.GrpcClientProtocolClient$AsyncStreamObservers.lambda$timeoutCheck$5(GrpcClientProtocolClient.java:377)
	... 10 more
2025-07-02 18:45:26,811 [EventQueue-PipelineActionsForPipelineActionHandler] INFO  pipeline.PipelineActionHandler (PipelineActionHandler.java:processPipelineAction(89)) - Received pipeline action CLOSE for Pipeline-04a1f7f9-abb2-42e3-9b76-b92a147de22b from datanode f1637480-4571-474d-8c0e-49126192dfac(localhost/127.0.0.1). Reason : Chunks directory /home/runner/work/ozone/ozone/hadoop-ozone/integration-test/target/test-dir/MiniOzoneClusterImpl-b7e00dfa-d3b8-45cf-9d3a-2bd5fdfebf54/ozone-meta/datanode-2/data-0/hdds/b7e00dfa-d3b8-45cf-9d3a-2bd5fdfebf54/current/containerDir0/2/chunks does not exist.
2025-07-02 18:45:26,812 [EventQueue-PipelineActionsForPipelineActionHandler] INFO  pipeline.PipelineActionHandler (PipelineActionHandler.java:processPipelineAction(89)) - Received pipeline action CLOSE for Pipeline-04a1f7f9-abb2-42e3-9b76-b92a147de22b from datanode 75758caf-2019-48e0-9285-4ac26ec01eda(localhost/127.0.0.1). Reason : Chunks directory /home/runner/work/ozone/ozone/hadoop-ozone/integration-test/target/test-dir/MiniOzoneClusterImpl-b7e00dfa-d3b8-45cf-9d3a-2bd5fdfebf54/ozone-meta/datanode-1/data-0/hdds/b7e00dfa-d3b8-45cf-9d3a-2bd5fdfebf54/current/containerDir0/2/chunks does not exist.
2025-07-02 18:45:27,011 [EventQueue-PipelineActionsForPipelineActionHandler] INFO  pipeline.PipelineActionHandler (PipelineActionHandler.java:processPipelineAction(89)) - Received pipeline action CLOSE for Pipeline-04a1f7f9-abb2-42e3-9b76-b92a147de22b from datanode f1637480-4571-474d-8c0e-49126192dfac(localhost/127.0.0.1). Reason : Chunks directory /home/runner/work/ozone/ozone/hadoop-ozone/integration-test/target/test-dir/MiniOzoneClusterImpl-b7e00dfa-d3b8-45cf-9d3a-2bd5fdfebf54/ozone-meta/datanode-2/data-0/hdds/b7e00dfa-d3b8-45cf-9d3a-2bd5fdfebf54/current/containerDir0/2/chunks does not exist.
2025-07-02 18:45:27,012 [EventQueue-PipelineActionsForPipelineActionHandler] INFO  pipeline.PipelineActionHandler (PipelineActionHandler.java:processPipelineAction(89)) - Received pipeline action CLOSE for Pipeline-04a1f7f9-abb2-42e3-9b76-b92a147de22b from datanode 75758caf-2019-48e0-9285-4ac26ec01eda(localhost/127.0.0.1). Reason : Chunks directory /home/runner/work/ozone/ozone/hadoop-ozone/integration-test/target/test-dir/MiniOzoneClusterImpl-b7e00dfa-d3b8-45cf-9d3a-2bd5fdfebf54/ozone-meta/datanode-1/data-0/hdds/b7e00dfa-d3b8-45cf-9d3a-2bd5fdfebf54/current/containerDir0/2/chunks does not exist.
2025-07-02 18:45:27,211 [EventQueue-PipelineActionsForPipelineActionHandler] INFO  pipeline.PipelineActionHandler (PipelineActionHandler.java:processPipelineAction(89)) - Received pipeline action CLOSE for Pipeline-04a1f7f9-abb2-42e3-9b76-b92a147de22b from datanode f1637480-4571-474d-8c0e-49126192dfac(localhost/127.0.0.1). Reason : Chunks directory /home/runner/work/ozone/ozone/hadoop-ozone/integration-test/target/test-dir/MiniOzoneClusterImpl-b7e00dfa-d3b8-45cf-9d3a-2bd5fdfebf54/ozone-meta/datanode-2/data-0/hdds/b7e00dfa-d3b8-45cf-9d3a-2bd5fdfebf54/current/containerDir0/2/chunks does not exist.
2025-07-02 18:45:27,212 [EventQueue-PipelineActionsForPipelineActionHandler] INFO  pipeline.PipelineActionHandler (PipelineActionHandler.java:processPipelineAction(89)) - Received pipeline action CLOSE for Pipeline-04a1f7f9-abb2-42e3-9b76-b92a147de22b from datanode 75758caf-2019-48e0-9285-4ac26ec01eda(localhost/127.0.0.1). Reason : Chunks directory /home/runner/work/ozone/ozone/hadoop-ozone/integration-test/target/test-dir/MiniOzoneClusterImpl-b7e00dfa-d3b8-45cf-9d3a-2bd5fdfebf54/ozone-meta/datanode-1/data-0/hdds/b7e00dfa-d3b8-45cf-9d3a-2bd5fdfebf54/current/containerDir0/2/chunks does not exist.
2025-07-02 18:45:27,411 [EventQueue-PipelineActionsForPipelineActionHandler] INFO  pipeline.PipelineActionHandler (PipelineActionHandler.java:processPipelineAction(89)) - Received pipeline action CLOSE for Pipeline-04a1f7f9-abb2-42e3-9b76-b92a147de22b from datanode f1637480-4571-474d-8c0e-49126192dfac(localhost/127.0.0.1). Reason : Chunks directory /home/runner/work/ozone/ozone/hadoop-ozone/integration-test/target/test-dir/MiniOzoneClusterImpl-b7e00dfa-d3b8-45cf-9d3a-2bd5fdfebf54/ozone-meta/datanode-2/data-0/hdds/b7e00dfa-d3b8-45cf-9d3a-2bd5fdfebf54/current/containerDir0/2/chunks does not exist.
2025-07-02 18:45:27,412 [EventQueue-PipelineActionsForPipelineActionHandler] INFO  pipeline.PipelineActionHandler (PipelineActionHandler.java:processPipelineAction(89)) - Received pipeline action CLOSE for Pipeline-04a1f7f9-abb2-42e3-9b76-b92a147de22b from datanode 75758caf-2019-48e0-9285-4ac26ec01eda(localhost/127.0.0.1). Reason : Chunks directory /home/runner/work/ozone/ozone/hadoop-ozone/integration-test/target/test-dir/MiniOzoneClusterImpl-b7e00dfa-d3b8-45cf-9d3a-2bd5fdfebf54/ozone-meta/datanode-1/data-0/hdds/b7e00dfa-d3b8-45cf-9d3a-2bd5fdfebf54/current/containerDir0/2/chunks does not exist.
2025-07-02 18:45:27,611 [EventQueue-PipelineActionsForPipelineActionHandler] INFO  pipeline.PipelineActionHandler (PipelineActionHandler.java:processPipelineAction(89)) - Received pipeline action CLOSE for Pipeline-04a1f7f9-abb2-42e3-9b76-b92a147de22b from datanode f1637480-4571-474d-8c0e-49126192dfac(localhost/127.0.0.1). Reason : Chunks directory /home/runner/work/ozone/ozone/hadoop-ozone/integration-test/target/test-dir/MiniOzoneClusterImpl-b7e00dfa-d3b8-45cf-9d3a-2bd5fdfebf54/ozone-meta/datanode-2/data-0/hdds/b7e00dfa-d3b8-45cf-9d3a-2bd5fdfebf54/current/containerDir0/2/chunks does not exist.
2025-07-02 18:45:27,612 [EventQueue-PipelineActionsForPipelineActionHandler] INFO  pipeline.PipelineActionHandler (PipelineActionHandler.java:processPipelineAction(89)) - Received pipeline action CLOSE for Pipeline-04a1f7f9-abb2-42e3-9b76-b92a147de22b from datanode 75758caf-2019-48e0-9285-4ac26ec01eda(localhost/127.0.0.1). Reason : Chunks directory /home/runner/work/ozone/ozone/hadoop-ozone/integration-test/target/test-dir/MiniOzoneClusterImpl-b7e00dfa-d3b8-45cf-9d3a-2bd5fdfebf54/ozone-meta/datanode-1/data-0/hdds/b7e00dfa-d3b8-45cf-9d3a-2bd5fdfebf54/current/containerDir0/2/chunks does not exist.
2025-07-02 18:45:27,811 [EventQueue-PipelineActionsForPipelineActionHandler] INFO  pipeline.PipelineActionHandler (PipelineActionHandler.java:processPipelineAction(89)) - Received pipeline action CLOSE for Pipeline-04a1f7f9-abb2-42e3-9b76-b92a147de22b from datanode f1637480-4571-474d-8c0e-49126192dfac(localhost/127.0.0.1). Reason : Chunks directory /home/runner/work/ozone/ozone/hadoop-ozone/integration-test/target/test-dir/MiniOzoneClusterImpl-b7e00dfa-d3b8-45cf-9d3a-2bd5fdfebf54/ozone-meta/datanode-2/data-0/hdds/b7e00dfa-d3b8-45cf-9d3a-2bd5fdfebf54/current/containerDir0/2/chunks does not exist.
2025-07-02 18:45:27,812 [EventQueue-PipelineActionsForPipelineActionHandler] INFO  pipeline.PipelineActionHandler (PipelineActionHandler.java:processPipelineAction(89)) - Received pipeline action CLOSE for Pipeline-04a1f7f9-abb2-42e3-9b76-b92a147de22b from datanode 75758caf-2019-48e0-9285-4ac26ec01eda(localhost/127.0.0.1). Reason : Chunks directory /home/runner/work/ozone/ozone/hadoop-ozone/integration-test/target/test-dir/MiniOzoneClusterImpl-b7e00dfa-d3b8-45cf-9d3a-2bd5fdfebf54/ozone-meta/datanode-1/data-0/hdds/b7e00dfa-d3b8-45cf-9d3a-2bd5fdfebf54/current/containerDir0/2/chunks does not exist.
2025-07-02 18:45:28,011 [EventQueue-PipelineActionsForPipelineActionHandler] INFO  pipeline.PipelineActionHandler (PipelineActionHandler.java:processPipelineAction(89)) - Received pipeline action CLOSE for Pipeline-04a1f7f9-abb2-42e3-9b76-b92a147de22b from datanode f1637480-4571-474d-8c0e-49126192dfac(localhost/127.0.0.1). Reason : Chunks directory /home/runner/work/ozone/ozone/hadoop-ozone/integration-test/target/test-dir/MiniOzoneClusterImpl-b7e00dfa-d3b8-45cf-9d3a-2bd5fdfebf54/ozone-meta/datanode-2/data-0/hdds/b7e00dfa-d3b8-45cf-9d3a-2bd5fdfebf54/current/containerDir0/2/chunks does not exist.
2025-07-02 18:45:28,012 [EventQueue-PipelineActionsForPipelineActionHandler] INFO  pipeline.PipelineActionHandler (PipelineActionHandler.java:processPipelineAction(89)) - Received pipeline action CLOSE for Pipeline-04a1f7f9-abb2-42e3-9b76-b92a147de22b from datanode 75758caf-2019-48e0-9285-4ac26ec01eda(localhost/127.0.0.1). Reason : Chunks directory /home/runner/work/ozone/ozone/hadoop-ozone/integration-test/target/test-dir/MiniOzoneClusterImpl-b7e00dfa-d3b8-45cf-9d3a-2bd5fdfebf54/ozone-meta/datanode-1/data-0/hdds/b7e00dfa-d3b8-45cf-9d3a-2bd5fdfebf54/current/containerDir0/2/chunks does not exist.
2025-07-02 18:45:28,211 [EventQueue-PipelineActionsForPipelineActionHandler] INFO  pipeline.PipelineActionHandler (PipelineActionHandler.java:processPipelineAction(89)) - Received pipeline action CLOSE for Pipeline-04a1f7f9-abb2-42e3-9b76-b92a147de22b from datanode f1637480-4571-474d-8c0e-49126192dfac(localhost/127.0.0.1). Reason : Chunks directory /home/runner/work/ozone/ozone/hadoop-ozone/integration-test/target/test-dir/MiniOzoneClusterImpl-b7e00dfa-d3b8-45cf-9d3a-2bd5fdfebf54/ozone-meta/datanode-2/data-0/hdds/b7e00dfa-d3b8-45cf-9d3a-2bd5fdfebf54/current/containerDir0/2/chunks does not exist.
2025-07-02 18:45:28,212 [EventQueue-PipelineActionsForPipelineActionHandler] INFO  pipeline.PipelineActionHandler (PipelineActionHandler.java:processPipelineAction(89)) - Received pipeline action CLOSE for Pipeline-04a1f7f9-abb2-42e3-9b76-b92a147de22b from datanode 75758caf-2019-48e0-9285-4ac26ec01eda(localhost/127.0.0.1). Reason : Chunks directory /home/runner/work/ozone/ozone/hadoop-ozone/integration-test/target/test-dir/MiniOzoneClusterImpl-b7e00dfa-d3b8-45cf-9d3a-2bd5fdfebf54/ozone-meta/datanode-1/data-0/hdds/b7e00dfa-d3b8-45cf-9d3a-2bd5fdfebf54/current/containerDir0/2/chunks does not exist.
2025-07-02 18:45:28,411 [EventQueue-PipelineActionsForPipelineActionHandler] INFO  pipeline.PipelineActionHandler (PipelineActionHandler.java:processPipelineAction(89)) - Received pipeline action CLOSE for Pipeline-04a1f7f9-abb2-42e3-9b76-b92a147de22b from datanode f1637480-4571-474d-8c0e-49126192dfac(localhost/127.0.0.1). Reason : Chunks directory /home/runner/work/ozone/ozone/hadoop-ozone/integration-test/target/test-dir/MiniOzoneClusterImpl-b7e00dfa-d3b8-45cf-9d3a-2bd5fdfebf54/ozone-meta/datanode-2/data-0/hdds/b7e00dfa-d3b8-45cf-9d3a-2bd5fdfebf54/current/containerDir0/2/chunks does not exist.
2025-07-02 18:45:28,412 [EventQueue-PipelineActionsForPipelineActionHandler] INFO  pipeline.PipelineActionHandler (PipelineActionHandler.java:processPipelineAction(89)) - Received pipeline action CLOSE for Pipeline-04a1f7f9-abb2-42e3-9b76-b92a147de22b from datanode 75758caf-2019-48e0-9285-4ac26ec01eda(localhost/127.0.0.1). Reason : Chunks directory /home/runner/work/ozone/ozone/hadoop-ozone/integration-test/target/test-dir/MiniOzoneClusterImpl-b7e00dfa-d3b8-45cf-9d3a-2bd5fdfebf54/ozone-meta/datanode-1/data-0/hdds/b7e00dfa-d3b8-45cf-9d3a-2bd5fdfebf54/current/containerDir0/2/chunks does not exist.
2025-07-02 18:45:28,611 [EventQueue-PipelineActionsForPipelineActionHandler] INFO  pipeline.PipelineActionHandler (PipelineActionHandler.java:processPipelineAction(89)) - Received pipeline action CLOSE for Pipeline-04a1f7f9-abb2-42e3-9b76-b92a147de22b from datanode f1637480-4571-474d-8c0e-49126192dfac(localhost/127.0.0.1). Reason : Chunks directory /home/runner/work/ozone/ozone/hadoop-ozone/integration-test/target/test-dir/MiniOzoneClusterImpl-b7e00dfa-d3b8-45cf-9d3a-2bd5fdfebf54/ozone-meta/datanode-2/data-0/hdds/b7e00dfa-d3b8-45cf-9d3a-2bd5fdfebf54/current/containerDir0/2/chunks does not exist.
2025-07-02 18:45:28,612 [EventQueue-PipelineActionsForPipelineActionHandler] INFO  pipeline.PipelineActionHandler (PipelineActionHandler.java:processPipelineAction(89)) - Received pipeline action CLOSE for Pipeline-04a1f7f9-abb2-42e3-9b76-b92a147de22b from datanode 75758caf-2019-48e0-9285-4ac26ec01eda(localhost/127.0.0.1). Reason : Chunks directory /home/runner/work/ozone/ozone/hadoop-ozone/integration-test/target/test-dir/MiniOzoneClusterImpl-b7e00dfa-d3b8-45cf-9d3a-2bd5fdfebf54/ozone-meta/datanode-1/data-0/hdds/b7e00dfa-d3b8-45cf-9d3a-2bd5fdfebf54/current/containerDir0/2/chunks does not exist.
2025-07-02 18:45:28,732 [f1637480-4571-474d-8c0e-49126192dfac-server-thread2] WARN  server.GrpcServerProtocolService (LogUtils.java:warn(129)) - f1637480-4571-474d-8c0e-49126192dfac: Failed APPEND_ENTRIES request baa12041-7cca-45c7-810c-7ea11519444b->f1637480-4571-474d-8c0e-49126192dfac#22-t1,previous=(t:1, i:4),leaderCommit=4,initializing? false,entries: size=3, first=(t:1, i:5), STATEMACHINELOGENTRY, WRITE: logData.size=154, stateMachineData.size=10, logEntryProtoSerializedSize=0
java.util.concurrent.CompletionException: org.apache.hadoop.hdds.scm.container.common.helpers.StorageContainerException: Chunks directory /home/runner/work/ozone/ozone/hadoop-ozone/integration-test/target/test-dir/MiniOzoneClusterImpl-b7e00dfa-d3b8-45cf-9d3a-2bd5fdfebf54/ozone-meta/datanode-2/data-0/hdds/b7e00dfa-d3b8-45cf-9d3a-2bd5fdfebf54/current/containerDir0/2/chunks does not exist.
	at java.base/java.util.concurrent.CompletableFuture.encodeThrowable(CompletableFuture.java:332)
	at java.base/java.util.concurrent.CompletableFuture.completeThrowable(CompletableFuture.java:347)
	at java.base/java.util.concurrent.CompletableFuture$BiRelay.tryFire(CompletableFuture.java:1498)
	at java.base/java.util.concurrent.CompletableFuture$CoCompletion.tryFire(CompletableFuture.java:1219)
	at java.base/java.util.concurrent.CompletableFuture.postComplete(CompletableFuture.java:510)
	at java.base/java.util.concurrent.CompletableFuture.completeExceptionally(CompletableFuture.java:2194)
	at org.apache.ratis.server.raftlog.segmented.SegmentedRaftLog$Task.failed(SegmentedRaftLog.java:109)
	at org.apache.ratis.server.raftlog.segmented.SegmentedRaftLogWorker$WriteLog.failed(SegmentedRaftLogWorker.java:530)
	at org.apache.ratis.server.raftlog.segmented.SegmentedRaftLogWorker.run(SegmentedRaftLogWorker.java:326)
	at java.base/java.util.concurrent.Executors$RunnableAdapter.call(Executors.java:572)
	at java.base/java.util.concurrent.FutureTask.run(FutureTask.java:317)
	at java.base/java.util.concurrent.ThreadPoolExecutor.runWorker(ThreadPoolExecutor.java:1144)
	at java.base/java.util.concurrent.ThreadPoolExecutor$Worker.run(ThreadPoolExecutor.java:642)
	at java.base/java.lang.Thread.run(Thread.java:1583)
Caused by: org.apache.hadoop.hdds.scm.container.common.helpers.StorageContainerException: Chunks directory /home/runner/work/ozone/ozone/hadoop-ozone/integration-test/target/test-dir/MiniOzoneClusterImpl-b7e00dfa-d3b8-45cf-9d3a-2bd5fdfebf54/ozone-meta/datanode-2/data-0/hdds/b7e00dfa-d3b8-45cf-9d3a-2bd5fdfebf54/current/containerDir0/2/chunks does not exist.
	at org.apache.hadoop.ozone.container.common.transport.server.ratis.ContainerStateMachine.handleCommandResult(ContainerStateMachine.java:661)
	at org.apache.hadoop.ozone.container.common.transport.server.ratis.ContainerStateMachine.lambda$writeStateMachineData$2(ContainerStateMachine.java:623)
	... 4 more
2025-07-02 18:45:28,734 [75758caf-2019-48e0-9285-4ac26ec01eda-server-thread2] WARN  server.GrpcServerProtocolService (LogUtils.java:warn(129)) - 75758caf-2019-48e0-9285-4ac26ec01eda: Failed APPEND_ENTRIES request baa12041-7cca-45c7-810c-7ea11519444b->75758caf-2019-48e0-9285-4ac26ec01eda#22-t1,previous=(t:1, i:4),leaderCommit=4,initializing? false,entries: size=3, first=(t:1, i:5), STATEMACHINELOGENTRY, WRITE: logData.size=154, stateMachineData.size=10, logEntryProtoSerializedSize=0
java.util.concurrent.CompletionException: org.apache.hadoop.hdds.scm.container.common.helpers.StorageContainerException: Chunks directory /home/runner/work/ozone/ozone/hadoop-ozone/integration-test/target/test-dir/MiniOzoneClusterImpl-b7e00dfa-d3b8-45cf-9d3a-2bd5fdfebf54/ozone-meta/datanode-1/data-0/hdds/b7e00dfa-d3b8-45cf-9d3a-2bd5fdfebf54/current/containerDir0/2/chunks does not exist.
	at java.base/java.util.concurrent.CompletableFuture.encodeThrowable(CompletableFuture.java:332)
	at java.base/java.util.concurrent.CompletableFuture.completeThrowable(CompletableFuture.java:347)
	at java.base/java.util.concurrent.CompletableFuture$BiRelay.tryFire(CompletableFuture.java:1498)
	at java.base/java.util.concurrent.CompletableFuture$CoCompletion.tryFire(CompletableFuture.java:1219)
	at java.base/java.util.concurrent.CompletableFuture.postComplete(CompletableFuture.java:510)
	at java.base/java.util.concurrent.CompletableFuture.completeExceptionally(CompletableFuture.java:2194)
	at org.apache.ratis.server.raftlog.segmented.SegmentedRaftLog$Task.failed(SegmentedRaftLog.java:109)
	at org.apache.ratis.server.raftlog.segmented.SegmentedRaftLogWorker$WriteLog.failed(SegmentedRaftLogWorker.java:530)
	at org.apache.ratis.server.raftlog.segmented.SegmentedRaftLogWorker.run(SegmentedRaftLogWorker.java:326)
	at java.base/java.util.concurrent.Executors$RunnableAdapter.call(Executors.java:572)
	at java.base/java.util.concurrent.FutureTask.run(FutureTask.java:317)
	at java.base/java.util.concurrent.ThreadPoolExecutor.runWorker(ThreadPoolExecutor.java:1144)
	at java.base/java.util.concurrent.ThreadPoolExecutor$Worker.run(ThreadPoolExecutor.java:642)
	at java.base/java.lang.Thread.run(Thread.java:1583)
Caused by: org.apache.hadoop.hdds.scm.container.common.helpers.StorageContainerException: Chunks directory /home/runner/work/ozone/ozone/hadoop-ozone/integration-test/target/test-dir/MiniOzoneClusterImpl-b7e00dfa-d3b8-45cf-9d3a-2bd5fdfebf54/ozone-meta/datanode-1/data-0/hdds/b7e00dfa-d3b8-45cf-9d3a-2bd5fdfebf54/current/containerDir0/2/chunks does not exist.
	at org.apache.hadoop.ozone.container.common.transport.server.ratis.ContainerStateMachine.handleCommandResult(ContainerStateMachine.java:661)
	at org.apache.hadoop.ozone.container.common.transport.server.ratis.ContainerStateMachine.lambda$writeStateMachineData$2(ContainerStateMachine.java:623)
	... 4 more
2025-07-02 18:45:28,734 [grpc-default-executor-4] INFO  leader.LogAppender (LogAppenderBase.java:lambda$getNextIndexForError$0(215)) - Decrease nextIndex to 5
2025-07-02 18:45:28,734 [grpc-default-executor-4] INFO  leader.LogAppender (LogAppenderBase.java:lambda$getNextIndexForError$0(215)) - Decrease nextIndex to 5
2025-07-02 18:45:28,734 [grpc-default-executor-4] INFO  leader.FollowerInfo (FollowerInfoImpl.java:info(70)) - baa12041-7cca-45c7-810c-7ea11519444b@group-B92A147DE22B->f1637480-4571-474d-8c0e-49126192dfac: computeNextIndex nextIndex: updateUnconditionally 8 -> 5
2025-07-02 18:45:28,735 [grpc-default-executor-4] INFO  leader.LogAppender (LogAppenderBase.java:lambda$getNextIndexForError$0(215)) - Decrease nextIndex to 5
2025-07-02 18:45:28,735 [grpc-default-executor-4] INFO  leader.LogAppender (LogAppenderBase.java:lambda$getNextIndexForError$0(215)) - Decrease nextIndex to 5
2025-07-02 18:45:28,735 [grpc-default-executor-4] INFO  leader.FollowerInfo (FollowerInfoImpl.java:info(70)) - baa12041-7cca-45c7-810c-7ea11519444b@group-B92A147DE22B->75758caf-2019-48e0-9285-4ac26ec01eda: computeNextIndex nextIndex: updateUnconditionally 8 -> 5
2025-07-02 18:45:28,806 [timer1] WARN  server.GrpcLogAppender (LogUtils.java:warn(129)) - baa12041-7cca-45c7-810c-7ea11519444b@group-B92A147DE22B->f1637480-4571-474d-8c0e-49126192dfac-AppendLogResponseHandler: Failed appendEntries (Repeated 5 times in the last 5.006s)
org.apache.hadoop.hdds.scm.container.common.helpers.StorageContainerException: Chunks directory /home/runner/work/ozone/ozone/hadoop-ozone/integration-test/target/test-dir/MiniOzoneClusterImpl-b7e00dfa-d3b8-45cf-9d3a-2bd5fdfebf54/ozone-meta/datanode-2/data-0/hdds/b7e00dfa-d3b8-45cf-9d3a-2bd5fdfebf54/current/containerDir0/2/chunks does not exist.
	at org.apache.hadoop.ozone.container.common.transport.server.ratis.ContainerStateMachine.handleCommandResult(ContainerStateMachine.java:661)
	at org.apache.hadoop.ozone.container.common.transport.server.ratis.ContainerStateMachine.lambda$writeStateMachineData$2(ContainerStateMachine.java:623)
	at java.base/java.util.concurrent.FutureTask.run(FutureTask.java:317)
	at java.base/java.util.concurrent.ThreadPoolExecutor.runWorker(ThreadPoolExecutor.java:1144)
	at java.base/java.util.concurrent.ThreadPoolExecutor$Worker.run(ThreadPoolExecutor.java:642)
	at java.base/java.lang.Thread.run(Thread.java:1583)
2025-07-02 18:45:28,806 [timer2] WARN  server.GrpcLogAppender (LogUtils.java:warn(129)) - baa12041-7cca-45c7-810c-7ea11519444b@group-B92A147DE22B->75758caf-2019-48e0-9285-4ac26ec01eda-AppendLogResponseHandler: Failed appendEntries (Repeated 4 times in the last 5.003s)
org.apache.hadoop.hdds.scm.container.common.helpers.StorageContainerException: Chunks directory /home/runner/work/ozone/ozone/hadoop-ozone/integration-test/target/test-dir/MiniOzoneClusterImpl-b7e00dfa-d3b8-45cf-9d3a-2bd5fdfebf54/ozone-meta/datanode-1/data-0/hdds/b7e00dfa-d3b8-45cf-9d3a-2bd5fdfebf54/current/containerDir0/2/chunks does not exist.
	at org.apache.hadoop.ozone.container.common.transport.server.ratis.ContainerStateMachine.handleCommandResult(ContainerStateMachine.java:661)
	at org.apache.hadoop.ozone.container.common.transport.server.ratis.ContainerStateMachine.lambda$writeStateMachineData$2(ContainerStateMachine.java:623)
	at java.base/java.util.concurrent.FutureTask.run(FutureTask.java:317)
	at java.base/java.util.concurrent.ThreadPoolExecutor.runWorker(ThreadPoolExecutor.java:1144)
	at java.base/java.util.concurrent.ThreadPoolExecutor$Worker.run(ThreadPoolExecutor.java:642)
	at java.base/java.lang.Thread.run(Thread.java:1583)
2025-07-02 18:45:28,810 [EventQueue-PipelineActionsForPipelineActionHandler] INFO  pipeline.PipelineActionHandler (PipelineActionHandler.java:processPipelineAction(89)) - Received pipeline action CLOSE for Pipeline-04a1f7f9-abb2-42e3-9b76-b92a147de22b from datanode f1637480-4571-474d-8c0e-49126192dfac(localhost/127.0.0.1). Reason : Chunks directory /home/runner/work/ozone/ozone/hadoop-ozone/integration-test/target/test-dir/MiniOzoneClusterImpl-b7e00dfa-d3b8-45cf-9d3a-2bd5fdfebf54/ozone-meta/datanode-2/data-0/hdds/b7e00dfa-d3b8-45cf-9d3a-2bd5fdfebf54/current/containerDir0/2/chunks does not exist.
2025-07-02 18:45:28,811 [EventQueue-PipelineActionsForPipelineActionHandler] INFO  pipeline.PipelineActionHandler (PipelineActionHandler.java:processPipelineAction(89)) - Received pipeline action CLOSE for Pipeline-04a1f7f9-abb2-42e3-9b76-b92a147de22b from datanode 75758caf-2019-48e0-9285-4ac26ec01eda(localhost/127.0.0.1). Reason : Chunks directory /home/runner/work/ozone/ozone/hadoop-ozone/integration-test/target/test-dir/MiniOzoneClusterImpl-b7e00dfa-d3b8-45cf-9d3a-2bd5fdfebf54/ozone-meta/datanode-1/data-0/hdds/b7e00dfa-d3b8-45cf-9d3a-2bd5fdfebf54/current/containerDir0/2/chunks does not exist.
2025-07-02 18:45:29,010 [EventQueue-PipelineActionsForPipelineActionHandler] INFO  pipeline.PipelineActionHandler (PipelineActionHandler.java:processPipelineAction(89)) - Received pipeline action CLOSE for Pipeline-04a1f7f9-abb2-42e3-9b76-b92a147de22b from datanode f1637480-4571-474d-8c0e-49126192dfac(localhost/127.0.0.1). Reason : Chunks directory /home/runner/work/ozone/ozone/hadoop-ozone/integration-test/target/test-dir/MiniOzoneClusterImpl-b7e00dfa-d3b8-45cf-9d3a-2bd5fdfebf54/ozone-meta/datanode-2/data-0/hdds/b7e00dfa-d3b8-45cf-9d3a-2bd5fdfebf54/current/containerDir0/2/chunks does not exist.
2025-07-02 18:45:29,011 [EventQueue-PipelineActionsForPipelineActionHandler] INFO  pipeline.PipelineActionHandler (PipelineActionHandler.java:processPipelineAction(89)) - Received pipeline action CLOSE for Pipeline-04a1f7f9-abb2-42e3-9b76-b92a147de22b from datanode 75758caf-2019-48e0-9285-4ac26ec01eda(localhost/127.0.0.1). Reason : Chunks directory /home/runner/work/ozone/ozone/hadoop-ozone/integration-test/target/test-dir/MiniOzoneClusterImpl-b7e00dfa-d3b8-45cf-9d3a-2bd5fdfebf54/ozone-meta/datanode-1/data-0/hdds/b7e00dfa-d3b8-45cf-9d3a-2bd5fdfebf54/current/containerDir0/2/chunks does not exist.
2025-07-02 18:45:29,210 [EventQueue-PipelineActionsForPipelineActionHandler] INFO  pipeline.PipelineActionHandler (PipelineActionHandler.java:processPipelineAction(89)) - Received pipeline action CLOSE for Pipeline-04a1f7f9-abb2-42e3-9b76-b92a147de22b from datanode f1637480-4571-474d-8c0e-49126192dfac(localhost/127.0.0.1). Reason : Chunks directory /home/runner/work/ozone/ozone/hadoop-ozone/integration-test/target/test-dir/MiniOzoneClusterImpl-b7e00dfa-d3b8-45cf-9d3a-2bd5fdfebf54/ozone-meta/datanode-2/data-0/hdds/b7e00dfa-d3b8-45cf-9d3a-2bd5fdfebf54/current/containerDir0/2/chunks does not exist.
2025-07-02 18:45:29,212 [EventQueue-PipelineActionsForPipelineActionHandler] INFO  pipeline.PipelineActionHandler (PipelineActionHandler.java:processPipelineAction(89)) - Received pipeline action CLOSE for Pipeline-04a1f7f9-abb2-42e3-9b76-b92a147de22b from datanode 75758caf-2019-48e0-9285-4ac26ec01eda(localhost/127.0.0.1). Reason : Chunks directory /home/runner/work/ozone/ozone/hadoop-ozone/integration-test/target/test-dir/MiniOzoneClusterImpl-b7e00dfa-d3b8-45cf-9d3a-2bd5fdfebf54/ozone-meta/datanode-1/data-0/hdds/b7e00dfa-d3b8-45cf-9d3a-2bd5fdfebf54/current/containerDir0/2/chunks does not exist.
2025-07-02 18:45:29,411 [EventQueue-PipelineActionsForPipelineActionHandler] INFO  pipeline.PipelineActionHandler (PipelineActionHandler.java:processPipelineAction(89)) - Received pipeline action CLOSE for Pipeline-04a1f7f9-abb2-42e3-9b76-b92a147de22b from datanode f1637480-4571-474d-8c0e-49126192dfac(localhost/127.0.0.1). Reason : Chunks directory /home/runner/work/ozone/ozone/hadoop-ozone/integration-test/target/test-dir/MiniOzoneClusterImpl-b7e00dfa-d3b8-45cf-9d3a-2bd5fdfebf54/ozone-meta/datanode-2/data-0/hdds/b7e00dfa-d3b8-45cf-9d3a-2bd5fdfebf54/current/containerDir0/2/chunks does not exist.
2025-07-02 18:45:29,413 [EventQueue-PipelineActionsForPipelineActionHandler] INFO  pipeline.PipelineActionHandler (PipelineActionHandler.java:processPipelineAction(89)) - Received pipeline action CLOSE for Pipeline-04a1f7f9-abb2-42e3-9b76-b92a147de22b from datanode 75758caf-2019-48e0-9285-4ac26ec01eda(localhost/127.0.0.1). Reason : Chunks directory /home/runner/work/ozone/ozone/hadoop-ozone/integration-test/target/test-dir/MiniOzoneClusterImpl-b7e00dfa-d3b8-45cf-9d3a-2bd5fdfebf54/ozone-meta/datanode-1/data-0/hdds/b7e00dfa-d3b8-45cf-9d3a-2bd5fdfebf54/current/containerDir0/2/chunks does not exist.
2025-07-02 18:45:29,611 [EventQueue-PipelineActionsForPipelineActionHandler] INFO  pipeline.PipelineActionHandler (PipelineActionHandler.java:processPipelineAction(89)) - Received pipeline action CLOSE for Pipeline-04a1f7f9-abb2-42e3-9b76-b92a147de22b from datanode f1637480-4571-474d-8c0e-49126192dfac(localhost/127.0.0.1). Reason : Chunks directory /home/runner/work/ozone/ozone/hadoop-ozone/integration-test/target/test-dir/MiniOzoneClusterImpl-b7e00dfa-d3b8-45cf-9d3a-2bd5fdfebf54/ozone-meta/datanode-2/data-0/hdds/b7e00dfa-d3b8-45cf-9d3a-2bd5fdfebf54/current/containerDir0/2/chunks does not exist.
2025-07-02 18:45:29,613 [EventQueue-PipelineActionsForPipelineActionHandler] INFO  pipeline.PipelineActionHandler (PipelineActionHandler.java:processPipelineAction(89)) - Received pipeline action CLOSE for Pipeline-04a1f7f9-abb2-42e3-9b76-b92a147de22b from datanode 75758caf-2019-48e0-9285-4ac26ec01eda(localhost/127.0.0.1). Reason : Chunks directory /home/runner/work/ozone/ozone/hadoop-ozone/integration-test/target/test-dir/MiniOzoneClusterImpl-b7e00dfa-d3b8-45cf-9d3a-2bd5fdfebf54/ozone-meta/datanode-1/data-0/hdds/b7e00dfa-d3b8-45cf-9d3a-2bd5fdfebf54/current/containerDir0/2/chunks does not exist.
2025-07-02 18:45:29,746 [timer4] WARN  grpc.GrpcUtil (GrpcUtil.java:shutdownManagedChannel(226)) - Timed out gracefully shutting down connection: ManagedChannelOrphanWrapper{delegate=ManagedChannelImpl{logId=442, target=127.0.0.1:15029}}. 
2025-07-02 18:45:29,812 [EventQueue-PipelineActionsForPipelineActionHandler] INFO  pipeline.PipelineActionHandler (PipelineActionHandler.java:processPipelineAction(89)) - Received pipeline action CLOSE for Pipeline-04a1f7f9-abb2-42e3-9b76-b92a147de22b from datanode f1637480-4571-474d-8c0e-49126192dfac(localhost/127.0.0.1). Reason : Chunks directory /home/runner/work/ozone/ozone/hadoop-ozone/integration-test/target/test-dir/MiniOzoneClusterImpl-b7e00dfa-d3b8-45cf-9d3a-2bd5fdfebf54/ozone-meta/datanode-2/data-0/hdds/b7e00dfa-d3b8-45cf-9d3a-2bd5fdfebf54/current/containerDir0/2/chunks does not exist.
2025-07-02 18:45:29,813 [EventQueue-PipelineActionsForPipelineActionHandler] INFO  pipeline.PipelineActionHandler (PipelineActionHandler.java:processPipelineAction(89)) - Received pipeline action CLOSE for Pipeline-04a1f7f9-abb2-42e3-9b76-b92a147de22b from datanode 75758caf-2019-48e0-9285-4ac26ec01eda(localhost/127.0.0.1). Reason : Chunks directory /home/runner/work/ozone/ozone/hadoop-ozone/integration-test/target/test-dir/MiniOzoneClusterImpl-b7e00dfa-d3b8-45cf-9d3a-2bd5fdfebf54/ozone-meta/datanode-1/data-0/hdds/b7e00dfa-d3b8-45cf-9d3a-2bd5fdfebf54/current/containerDir0/2/chunks does not exist.
2025-07-02 18:45:30,013 [EventQueue-PipelineActionsForPipelineActionHandler] INFO  pipeline.PipelineActionHandler (PipelineActionHandler.java:processPipelineAction(89)) - Received pipeline action CLOSE for Pipeline-04a1f7f9-abb2-42e3-9b76-b92a147de22b from datanode 75758caf-2019-48e0-9285-4ac26ec01eda(localhost/127.0.0.1). Reason : Chunks directory /home/runner/work/ozone/ozone/hadoop-ozone/integration-test/target/test-dir/MiniOzoneClusterImpl-b7e00dfa-d3b8-45cf-9d3a-2bd5fdfebf54/ozone-meta/datanode-1/data-0/hdds/b7e00dfa-d3b8-45cf-9d3a-2bd5fdfebf54/current/containerDir0/2/chunks does not exist.
2025-07-02 18:45:30,013 [EventQueue-PipelineActionsForPipelineActionHandler] INFO  pipeline.PipelineActionHandler (PipelineActionHandler.java:processPipelineAction(89)) - Received pipeline action CLOSE for Pipeline-04a1f7f9-abb2-42e3-9b76-b92a147de22b from datanode f1637480-4571-474d-8c0e-49126192dfac(localhost/127.0.0.1). Reason : Chunks directory /home/runner/work/ozone/ozone/hadoop-ozone/integration-test/target/test-dir/MiniOzoneClusterImpl-b7e00dfa-d3b8-45cf-9d3a-2bd5fdfebf54/ozone-meta/datanode-2/data-0/hdds/b7e00dfa-d3b8-45cf-9d3a-2bd5fdfebf54/current/containerDir0/2/chunks does not exist.
2025-07-02 18:45:30,213 [EventQueue-PipelineActionsForPipelineActionHandler] INFO  pipeline.PipelineActionHandler (PipelineActionHandler.java:processPipelineAction(89)) - Received pipeline action CLOSE for Pipeline-04a1f7f9-abb2-42e3-9b76-b92a147de22b from datanode 75758caf-2019-48e0-9285-4ac26ec01eda(localhost/127.0.0.1). Reason : Chunks directory /home/runner/work/ozone/ozone/hadoop-ozone/integration-test/target/test-dir/MiniOzoneClusterImpl-b7e00dfa-d3b8-45cf-9d3a-2bd5fdfebf54/ozone-meta/datanode-1/data-0/hdds/b7e00dfa-d3b8-45cf-9d3a-2bd5fdfebf54/current/containerDir0/2/chunks does not exist.
2025-07-02 18:45:30,213 [EventQueue-PipelineActionsForPipelineActionHandler] INFO  pipeline.PipelineActionHandler (PipelineActionHandler.java:processPipelineAction(89)) - Received pipeline action CLOSE for Pipeline-04a1f7f9-abb2-42e3-9b76-b92a147de22b from datanode f1637480-4571-474d-8c0e-49126192dfac(localhost/127.0.0.1). Reason : Chunks directory /home/runner/work/ozone/ozone/hadoop-ozone/integration-test/target/test-dir/MiniOzoneClusterImpl-b7e00dfa-d3b8-45cf-9d3a-2bd5fdfebf54/ozone-meta/datanode-2/data-0/hdds/b7e00dfa-d3b8-45cf-9d3a-2bd5fdfebf54/current/containerDir0/2/chunks does not exist.
2025-07-02 18:45:30,413 [EventQueue-PipelineActionsForPipelineActionHandler] INFO  pipeline.PipelineActionHandler (PipelineActionHandler.java:processPipelineAction(89)) - Received pipeline action CLOSE for Pipeline-04a1f7f9-abb2-42e3-9b76-b92a147de22b from datanode 75758caf-2019-48e0-9285-4ac26ec01eda(localhost/127.0.0.1). Reason : Chunks directory /home/runner/work/ozone/ozone/hadoop-ozone/integration-test/target/test-dir/MiniOzoneClusterImpl-b7e00dfa-d3b8-45cf-9d3a-2bd5fdfebf54/ozone-meta/datanode-1/data-0/hdds/b7e00dfa-d3b8-45cf-9d3a-2bd5fdfebf54/current/containerDir0/2/chunks does not exist.
2025-07-02 18:45:30,413 [EventQueue-PipelineActionsForPipelineActionHandler] INFO  pipeline.PipelineActionHandler (PipelineActionHandler.java:processPipelineAction(89)) - Received pipeline action CLOSE for Pipeline-04a1f7f9-abb2-42e3-9b76-b92a147de22b from datanode f1637480-4571-474d-8c0e-49126192dfac(localhost/127.0.0.1). Reason : Chunks directory /home/runner/work/ozone/ozone/hadoop-ozone/integration-test/target/test-dir/MiniOzoneClusterImpl-b7e00dfa-d3b8-45cf-9d3a-2bd5fdfebf54/ozone-meta/datanode-2/data-0/hdds/b7e00dfa-d3b8-45cf-9d3a-2bd5fdfebf54/current/containerDir0/2/chunks does not exist.
2025-07-02 18:45:30,552 [BackgroundPipelineScrubber] INFO  pipeline.PipelineManagerImpl (PipelineManagerImpl.java:scrubPipelines(602)) - Scrubbing pipeline: id: Pipeline-04a1f7f9-abb2-42e3-9b76-b92a147de22b since it stays at CLOSED stage.
2025-07-02 18:45:30,555 [BackgroundPipelineScrubber] INFO  pipeline.RatisPipelineProvider (RatisPipelineProvider.java:lambda$close$4(273)) - Send pipeline:Pipeline-04a1f7f9-abb2-42e3-9b76-b92a147de22b close command to datanode f1637480-4571-474d-8c0e-49126192dfac
2025-07-02 18:45:30,555 [BackgroundPipelineScrubber] INFO  pipeline.RatisPipelineProvider (RatisPipelineProvider.java:lambda$close$4(273)) - Send pipeline:Pipeline-04a1f7f9-abb2-42e3-9b76-b92a147de22b close command to datanode baa12041-7cca-45c7-810c-7ea11519444b
2025-07-02 18:45:30,555 [BackgroundPipelineScrubber] INFO  pipeline.RatisPipelineProvider (RatisPipelineProvider.java:lambda$close$4(273)) - Send pipeline:Pipeline-04a1f7f9-abb2-42e3-9b76-b92a147de22b close command to datanode 75758caf-2019-48e0-9285-4ac26ec01eda
2025-07-02 18:45:30,555 [BackgroundPipelineScrubber] INFO  pipeline.PipelineManagerImpl (PipelineManagerImpl.java:removePipeline(464)) - Pipeline Pipeline{ Id: 04a1f7f9-abb2-42e3-9b76-b92a147de22b, Nodes: [ {f1637480-4571-474d-8c0e-49126192dfac(localhost/127.0.0.1), ReplicaIndex: 0}, {baa12041-7cca-45c7-810c-7ea11519444b(localhost/127.0.0.1), ReplicaIndex: 0}, {75758caf-2019-48e0-9285-4ac26ec01eda(localhost/127.0.0.1), ReplicaIndex: 0},], ReplicationConfig: RATIS/THREE, State:CLOSED, leaderId:baa12041-7cca-45c7-810c-7ea11519444b, CreationTimestamp2025-07-02T18:45:18.415Z[Etc/UTC]} removed.
2025-07-02 18:45:30,613 [EventQueue-PipelineActionsForPipelineActionHandler] INFO  pipeline.PipelineActionHandler (PipelineActionHandler.java:processPipelineAction(89)) - Received pipeline action CLOSE for Pipeline-04a1f7f9-abb2-42e3-9b76-b92a147de22b from datanode f1637480-4571-474d-8c0e-49126192dfac(localhost/127.0.0.1). Reason : Chunks directory /home/runner/work/ozone/ozone/hadoop-ozone/integration-test/target/test-dir/MiniOzoneClusterImpl-b7e00dfa-d3b8-45cf-9d3a-2bd5fdfebf54/ozone-meta/datanode-2/data-0/hdds/b7e00dfa-d3b8-45cf-9d3a-2bd5fdfebf54/current/containerDir0/2/chunks does not exist.
2025-07-02 18:45:30,613 [EventQueue-PipelineActionsForPipelineActionHandler] WARN  pipeline.PipelineActionHandler (PipelineActionHandler.java:closeUnknownPipeline(117)) - Pipeline action received for unknown Pipeline Pipeline-04a1f7f9-abb2-42e3-9b76-b92a147de22b, firing close pipeline event.
2025-07-02 18:45:30,613 [EventQueue-PipelineActionsForPipelineActionHandler] INFO  pipeline.PipelineActionHandler (PipelineActionHandler.java:processPipelineAction(89)) - Received pipeline action CLOSE for Pipeline-04a1f7f9-abb2-42e3-9b76-b92a147de22b from datanode 75758caf-2019-48e0-9285-4ac26ec01eda(localhost/127.0.0.1). Reason : Chunks directory /home/runner/work/ozone/ozone/hadoop-ozone/integration-test/target/test-dir/MiniOzoneClusterImpl-b7e00dfa-d3b8-45cf-9d3a-2bd5fdfebf54/ozone-meta/datanode-1/data-0/hdds/b7e00dfa-d3b8-45cf-9d3a-2bd5fdfebf54/current/containerDir0/2/chunks does not exist.
2025-07-02 18:45:30,614 [EventQueue-PipelineActionsForPipelineActionHandler] WARN  pipeline.PipelineActionHandler (PipelineActionHandler.java:closeUnknownPipeline(117)) - Pipeline action received for unknown Pipeline Pipeline-04a1f7f9-abb2-42e3-9b76-b92a147de22b, firing close pipeline event.
2025-07-02 18:45:30,613 [EventQueue-PipelineReportForPipelineReportHandler] INFO  pipeline.PipelineReportHandler (PipelineReportHandler.java:handlePipelineNotFoundException(98)) - Pipeline Pipeline-04a1f7f9-abb2-42e3-9b76-b92a147de22b, reported by datanode f1637480-4571-474d-8c0e-49126192dfac(localhost/127.0.0.1) is not found.
2025-07-02 18:45:30,614 [EventQueue-PipelineReportForPipelineReportHandler] INFO  pipeline.PipelineReportHandler (PipelineReportHandler.java:handlePipelineNotFoundException(98)) - Pipeline Pipeline-04a1f7f9-abb2-42e3-9b76-b92a147de22b, reported by datanode 75758caf-2019-48e0-9285-4ac26ec01eda(localhost/127.0.0.1) is not found.
2025-07-02 18:45:30,715 [EventQueue-PipelineReportForPipelineReportHandler] INFO  pipeline.PipelineReportHandler (PipelineReportHandler.java:handlePipelineNotFoundException(98)) - Pipeline Pipeline-04a1f7f9-abb2-42e3-9b76-b92a147de22b, reported by datanode baa12041-7cca-45c7-810c-7ea11519444b(localhost/127.0.0.1) is not found.
2025-07-02 18:45:30,812 [EventQueue-PipelineActionsForPipelineActionHandler] INFO  pipeline.PipelineActionHandler (PipelineActionHandler.java:processPipelineAction(89)) - Received pipeline action CLOSE for Pipeline-04a1f7f9-abb2-42e3-9b76-b92a147de22b from datanode 75758caf-2019-48e0-9285-4ac26ec01eda(localhost/127.0.0.1). Reason : Chunks directory /home/runner/work/ozone/ozone/hadoop-ozone/integration-test/target/test-dir/MiniOzoneClusterImpl-b7e00dfa-d3b8-45cf-9d3a-2bd5fdfebf54/ozone-meta/datanode-1/data-0/hdds/b7e00dfa-d3b8-45cf-9d3a-2bd5fdfebf54/current/containerDir0/2/chunks does not exist.
2025-07-02 18:45:30,813 [EventQueue-PipelineActionsForPipelineActionHandler] WARN  pipeline.PipelineActionHandler (PipelineActionHandler.java:closeUnknownPipeline(117)) - Pipeline action received for unknown Pipeline Pipeline-04a1f7f9-abb2-42e3-9b76-b92a147de22b, firing close pipeline event.
2025-07-02 18:45:30,813 [EventQueue-PipelineActionsForPipelineActionHandler] INFO  pipeline.PipelineActionHandler (PipelineActionHandler.java:processPipelineAction(89)) - Received pipeline action CLOSE for Pipeline-04a1f7f9-abb2-42e3-9b76-b92a147de22b from datanode f1637480-4571-474d-8c0e-49126192dfac(localhost/127.0.0.1). Reason : Chunks directory /home/runner/work/ozone/ozone/hadoop-ozone/integration-test/target/test-dir/MiniOzoneClusterImpl-b7e00dfa-d3b8-45cf-9d3a-2bd5fdfebf54/ozone-meta/datanode-2/data-0/hdds/b7e00dfa-d3b8-45cf-9d3a-2bd5fdfebf54/current/containerDir0/2/chunks does not exist.
2025-07-02 18:45:30,813 [EventQueue-PipelineActionsForPipelineActionHandler] WARN  pipeline.PipelineActionHandler (PipelineActionHandler.java:closeUnknownPipeline(117)) - Pipeline action received for unknown Pipeline Pipeline-04a1f7f9-abb2-42e3-9b76-b92a147de22b, firing close pipeline event.
2025-07-02 18:45:30,915 [EventQueue-PipelineReportForPipelineReportHandler] INFO  pipeline.PipelineReportHandler (PipelineReportHandler.java:handlePipelineNotFoundException(98)) - Pipeline Pipeline-04a1f7f9-abb2-42e3-9b76-b92a147de22b, reported by datanode baa12041-7cca-45c7-810c-7ea11519444b(localhost/127.0.0.1) is not found.
2025-07-02 18:45:31,013 [EventQueue-PipelineReportForPipelineReportHandler] INFO  pipeline.PipelineReportHandler (PipelineReportHandler.java:handlePipelineNotFoundException(98)) - Pipeline Pipeline-04a1f7f9-abb2-42e3-9b76-b92a147de22b, reported by datanode 75758caf-2019-48e0-9285-4ac26ec01eda(localhost/127.0.0.1) is not found.
2025-07-02 18:45:31,013 [EventQueue-PipelineReportForPipelineReportHandler] INFO  pipeline.PipelineReportHandler (PipelineReportHandler.java:handlePipelineNotFoundException(98)) - Pipeline Pipeline-04a1f7f9-abb2-42e3-9b76-b92a147de22b, reported by datanode f1637480-4571-474d-8c0e-49126192dfac(localhost/127.0.0.1) is not found.
2025-07-02 18:45:31,013 [EventQueue-PipelineActionsForPipelineActionHandler] INFO  pipeline.PipelineActionHandler (PipelineActionHandler.java:processPipelineAction(89)) - Received pipeline action CLOSE for Pipeline-04a1f7f9-abb2-42e3-9b76-b92a147de22b from datanode 75758caf-2019-48e0-9285-4ac26ec01eda(localhost/127.0.0.1). Reason : Chunks directory /home/runner/work/ozone/ozone/hadoop-ozone/integration-test/target/test-dir/MiniOzoneClusterImpl-b7e00dfa-d3b8-45cf-9d3a-2bd5fdfebf54/ozone-meta/datanode-1/data-0/hdds/b7e00dfa-d3b8-45cf-9d3a-2bd5fdfebf54/current/containerDir0/2/chunks does not exist.
2025-07-02 18:45:31,013 [EventQueue-PipelineActionsForPipelineActionHandler] WARN  pipeline.PipelineActionHandler (PipelineActionHandler.java:closeUnknownPipeline(117)) - Pipeline action received for unknown Pipeline Pipeline-04a1f7f9-abb2-42e3-9b76-b92a147de22b, firing close pipeline event.
2025-07-02 18:45:31,013 [EventQueue-PipelineActionsForPipelineActionHandler] INFO  pipeline.PipelineActionHandler (PipelineActionHandler.java:processPipelineAction(89)) - Received pipeline action CLOSE for Pipeline-04a1f7f9-abb2-42e3-9b76-b92a147de22b from datanode f1637480-4571-474d-8c0e-49126192dfac(localhost/127.0.0.1). Reason : Chunks directory /home/runner/work/ozone/ozone/hadoop-ozone/integration-test/target/test-dir/MiniOzoneClusterImpl-b7e00dfa-d3b8-45cf-9d3a-2bd5fdfebf54/ozone-meta/datanode-2/data-0/hdds/b7e00dfa-d3b8-45cf-9d3a-2bd5fdfebf54/current/containerDir0/2/chunks does not exist.
2025-07-02 18:45:31,014 [EventQueue-PipelineActionsForPipelineActionHandler] WARN  pipeline.PipelineActionHandler (PipelineActionHandler.java:closeUnknownPipeline(117)) - Pipeline action received for unknown Pipeline Pipeline-04a1f7f9-abb2-42e3-9b76-b92a147de22b, firing close pipeline event.
2025-07-02 18:45:31,213 [EventQueue-PipelineActionsForPipelineActionHandler] INFO  pipeline.PipelineActionHandler (PipelineActionHandler.java:processPipelineAction(89)) - Received pipeline action CLOSE for Pipeline-04a1f7f9-abb2-42e3-9b76-b92a147de22b from datanode 75758caf-2019-48e0-9285-4ac26ec01eda(localhost/127.0.0.1). Reason : Chunks directory /home/runner/work/ozone/ozone/hadoop-ozone/integration-test/target/test-dir/MiniOzoneClusterImpl-b7e00dfa-d3b8-45cf-9d3a-2bd5fdfebf54/ozone-meta/datanode-1/data-0/hdds/b7e00dfa-d3b8-45cf-9d3a-2bd5fdfebf54/current/containerDir0/2/chunks does not exist.
2025-07-02 18:45:31,214 [EventQueue-PipelineActionsForPipelineActionHandler] WARN  pipeline.PipelineActionHandler (PipelineActionHandler.java:closeUnknownPipeline(117)) - Pipeline action received for unknown Pipeline Pipeline-04a1f7f9-abb2-42e3-9b76-b92a147de22b, firing close pipeline event.
2025-07-02 18:45:31,214 [EventQueue-PipelineActionsForPipelineActionHandler] INFO  pipeline.PipelineActionHandler (PipelineActionHandler.java:processPipelineAction(89)) - Received pipeline action CLOSE for Pipeline-04a1f7f9-abb2-42e3-9b76-b92a147de22b from datanode f1637480-4571-474d-8c0e-49126192dfac(localhost/127.0.0.1). Reason : Chunks directory /home/runner/work/ozone/ozone/hadoop-ozone/integration-test/target/test-dir/MiniOzoneClusterImpl-b7e00dfa-d3b8-45cf-9d3a-2bd5fdfebf54/ozone-meta/datanode-2/data-0/hdds/b7e00dfa-d3b8-45cf-9d3a-2bd5fdfebf54/current/containerDir0/2/chunks does not exist.
2025-07-02 18:45:31,214 [EventQueue-PipelineActionsForPipelineActionHandler] WARN  pipeline.PipelineActionHandler (PipelineActionHandler.java:closeUnknownPipeline(117)) - Pipeline action received for unknown Pipeline Pipeline-04a1f7f9-abb2-42e3-9b76-b92a147de22b, firing close pipeline event.
2025-07-02 18:45:31,215 [EventQueue-PipelineReportForPipelineReportHandler] INFO  pipeline.PipelineReportHandler (PipelineReportHandler.java:handlePipelineNotFoundException(98)) - Pipeline Pipeline-04a1f7f9-abb2-42e3-9b76-b92a147de22b, reported by datanode 75758caf-2019-48e0-9285-4ac26ec01eda(localhost/127.0.0.1) is not found.
2025-07-02 18:45:31,223 [grpc-default-executor-4] INFO  server.RaftServer (RaftServerProxy.java:remove(116)) - baa12041-7cca-45c7-810c-7ea11519444b: remove    LEADER (RUNNING): baa12041-7cca-45c7-810c-7ea11519444b@group-B92A147DE22B:t1, leader=baa12041-7cca-45c7-810c-7ea11519444b, voted=baa12041-7cca-45c7-810c-7ea11519444b, raftlog=Memoized:baa12041-7cca-45c7-810c-7ea11519444b@group-B92A147DE22B-SegmentedRaftLog:OPENED:c4:last(t:1, i:7), conf=conf: {index: 0, cur=peers:[f1637480-4571-474d-8c0e-49126192dfac|127.0.0.1:15023, baa12041-7cca-45c7-810c-7ea11519444b|127.0.0.1:15031, 75758caf-2019-48e0-9285-4ac26ec01eda|127.0.0.1:15015]|listeners:[], old=null}
2025-07-02 18:45:31,223 [grpc-default-executor-0] INFO  server.RaftServer (RaftServerProxy.java:remove(116)) - f1637480-4571-474d-8c0e-49126192dfac: remove  FOLLOWER (RUNNING): f1637480-4571-474d-8c0e-49126192dfac@group-B92A147DE22B:t1, leader=baa12041-7cca-45c7-810c-7ea11519444b, voted=baa12041-7cca-45c7-810c-7ea11519444b, raftlog=Memoized:f1637480-4571-474d-8c0e-49126192dfac@group-B92A147DE22B-SegmentedRaftLog:OPENED:c4:last(t:1, i:5), conf=conf: {index: 0, cur=peers:[f1637480-4571-474d-8c0e-49126192dfac|127.0.0.1:15023, baa12041-7cca-45c7-810c-7ea11519444b|127.0.0.1:15031, 75758caf-2019-48e0-9285-4ac26ec01eda|127.0.0.1:15015]|listeners:[], old=null}
2025-07-02 18:45:31,225 [grpc-default-executor-4] INFO  server.RaftServer$Division (RaftServerImpl.java:lambda$close$1(527)) - baa12041-7cca-45c7-810c-7ea11519444b@group-B92A147DE22B: shutdown
2025-07-02 18:45:31,225 [grpc-default-executor-4] INFO  util.JmxRegister (JmxRegister.java:unregister(74)) - Successfully un-registered JMX Bean with object name Ratis:service=RaftServer,group=group-B92A147DE22B,id=baa12041-7cca-45c7-810c-7ea11519444b
2025-07-02 18:45:31,225 [grpc-default-executor-0] INFO  server.RaftServer$Division (RaftServerImpl.java:lambda$close$1(527)) - f1637480-4571-474d-8c0e-49126192dfac@group-B92A147DE22B: shutdown
2025-07-02 18:45:31,225 [grpc-default-executor-0] INFO  util.JmxRegister (JmxRegister.java:unregister(74)) - Successfully un-registered JMX Bean with object name Ratis:service=RaftServer,group=group-B92A147DE22B,id=f1637480-4571-474d-8c0e-49126192dfac
2025-07-02 18:45:31,225 [grpc-default-executor-0] INFO  impl.RoleInfo (RoleInfo.java:shutdownFollowerState(121)) - f1637480-4571-474d-8c0e-49126192dfac: shutdown f1637480-4571-474d-8c0e-49126192dfac@group-B92A147DE22B-FollowerState
2025-07-02 18:45:31,225 [grpc-default-executor-4] INFO  impl.RoleInfo (RoleInfo.java:shutdownLeaderState(103)) - baa12041-7cca-45c7-810c-7ea11519444b: shutdown baa12041-7cca-45c7-810c-7ea11519444b@group-B92A147DE22B-LeaderStateImpl
2025-07-02 18:45:31,226 [grpc-default-executor-4] INFO  impl.PendingRequests (PendingRequests.java:sendNotLeaderResponses(287)) - baa12041-7cca-45c7-810c-7ea11519444b@group-B92A147DE22B-PendingRequests: sendNotLeaderResponses
2025-07-02 18:45:31,227 [baa12041-7cca-45c7-810c-7ea11519444b-CloseContainerThread-0] INFO  commandhandler.CloseContainerCommandHandler (CloseContainerCommandHandler.java:lambda$handle$0(154)) - Follower cannot close container #2.
2025-07-02 18:45:31,227 [baa12041-7cca-45c7-810c-7ea11519444b@group-B92A147DE22B->75758caf-2019-48e0-9285-4ac26ec01eda-GrpcLogAppender-LogAppenderDaemon] WARN  server.GrpcLogAppender (GrpcLogAppender.java:mayWait(300)) - baa12041-7cca-45c7-810c-7ea11519444b@group-B92A147DE22B->75758caf-2019-48e0-9285-4ac26ec01eda-GrpcLogAppender: Wait interrupted by java.lang.InterruptedException
2025-07-02 18:45:31,227 [baa12041-7cca-45c7-810c-7ea11519444b@group-B92A147DE22B->f1637480-4571-474d-8c0e-49126192dfac-GrpcLogAppender-LogAppenderDaemon] WARN  server.GrpcLogAppender (GrpcLogAppender.java:mayWait(300)) - baa12041-7cca-45c7-810c-7ea11519444b@group-B92A147DE22B->f1637480-4571-474d-8c0e-49126192dfac-GrpcLogAppender: Wait interrupted by java.lang.InterruptedException
2025-07-02 18:45:31,227 [grpc-default-executor-0] INFO  impl.StateMachineUpdater (StateMachineUpdater.java:stopAndJoin(163)) - f1637480-4571-474d-8c0e-49126192dfac@group-B92A147DE22B-StateMachineUpdater: set stopIndex = 4
2025-07-02 18:45:31,227 [f1637480-4571-474d-8c0e-49126192dfac@group-B92A147DE22B-StateMachineUpdater] ERROR ratis.ContainerStateMachine (ContainerStateMachine.java:takeSnapshot(421)) - Failed to take snapshot  for group-B92A147DE22B as the stateMachine is unhealthy. The last applied index is at (t:1, i:4)
2025-07-02 18:45:31,228 [f1637480-4571-474d-8c0e-49126192dfac@group-B92A147DE22B-StateMachineUpdater] ERROR impl.StateMachineUpdater (StateMachineUpdater.java:takeSnapshot(302)) - f1637480-4571-474d-8c0e-49126192dfac@group-B92A147DE22B-StateMachineUpdater: Failed to take snapshot
org.apache.ratis.protocol.exceptions.StateMachineException: Failed to take snapshot  for group-B92A147DE22B as the stateMachine is unhealthy. The last applied index is at (t:1, i:4)
	at org.apache.hadoop.ozone.container.common.transport.server.ratis.ContainerStateMachine.takeSnapshot(ContainerStateMachine.java:420)
	at org.apache.ratis.server.impl.StateMachineUpdater.takeSnapshot(StateMachineUpdater.java:290)
	at org.apache.ratis.server.impl.StateMachineUpdater.checkAndTakeSnapshot(StateMachineUpdater.java:281)
	at org.apache.ratis.server.impl.StateMachineUpdater.run(StateMachineUpdater.java:194)
	at java.base/java.lang.Thread.run(Thread.java:1583)
2025-07-02 18:45:31,228 [f1637480-4571-474d-8c0e-49126192dfac@group-B92A147DE22B-StateMachineUpdater] INFO  impl.StateMachineUpdater (StateMachineUpdater.java:stop(140)) - f1637480-4571-474d-8c0e-49126192dfac@group-B92A147DE22B-StateMachineUpdater: closing ContainerStateMachine, lastApplied=(t:1, i:4)
2025-07-02 18:45:31,227 [f1637480-4571-474d-8c0e-49126192dfac@group-B92A147DE22B-FollowerState] INFO  impl.FollowerState (FollowerState.java:runImpl(170)) - f1637480-4571-474d-8c0e-49126192dfac@group-B92A147DE22B-FollowerState was interrupted
2025-07-02 18:45:31,228 [f1637480-4571-474d-8c0e-49126192dfac@group-B92A147DE22B-cacheEviction-AwaitToRun] INFO  util.AwaitToRun (AwaitToRun.java:run(49)) - f1637480-4571-474d-8c0e-49126192dfac@group-B92A147DE22B-cacheEviction-AwaitToRun-AwaitForSignal is interrupted
2025-07-02 18:45:31,231 [grpc-default-executor-4] INFO  impl.StateMachineUpdater (StateMachineUpdater.java:stopAndJoin(163)) - baa12041-7cca-45c7-810c-7ea11519444b@group-B92A147DE22B-StateMachineUpdater: set stopIndex = 4
2025-07-02 18:45:31,231 [baa12041-7cca-45c7-810c-7ea11519444b@group-B92A147DE22B-StateMachineUpdater] INFO  impl.StateMachineUpdater (StateMachineUpdater.java:stop(140)) - baa12041-7cca-45c7-810c-7ea11519444b@group-B92A147DE22B-StateMachineUpdater: closing ContainerStateMachine, lastApplied=(t:1, i:4)
2025-07-02 18:45:31,231 [baa12041-7cca-45c7-810c-7ea11519444b@group-B92A147DE22B-cacheEviction-AwaitToRun] INFO  util.AwaitToRun (AwaitToRun.java:run(49)) - baa12041-7cca-45c7-810c-7ea11519444b@group-B92A147DE22B-cacheEviction-AwaitToRun-AwaitForSignal is interrupted
2025-07-02 18:45:31,315 [EventQueue-PipelineReportForPipelineReportHandler] INFO  pipeline.PipelineReportHandler (PipelineReportHandler.java:handlePipelineNotFoundException(98)) - Pipeline Pipeline-04a1f7f9-abb2-42e3-9b76-b92a147de22b, reported by datanode baa12041-7cca-45c7-810c-7ea11519444b(localhost/127.0.0.1) is not found.
2025-07-02 18:45:31,413 [EventQueue-PipelineActionsForPipelineActionHandler] INFO  pipeline.PipelineActionHandler (PipelineActionHandler.java:processPipelineAction(89)) - Received pipeline action CLOSE for Pipeline-04a1f7f9-abb2-42e3-9b76-b92a147de22b from datanode 75758caf-2019-48e0-9285-4ac26ec01eda(localhost/127.0.0.1). Reason : Chunks directory /home/runner/work/ozone/ozone/hadoop-ozone/integration-test/target/test-dir/MiniOzoneClusterImpl-b7e00dfa-d3b8-45cf-9d3a-2bd5fdfebf54/ozone-meta/datanode-1/data-0/hdds/b7e00dfa-d3b8-45cf-9d3a-2bd5fdfebf54/current/containerDir0/2/chunks does not exist.
2025-07-02 18:45:31,413 [EventQueue-PipelineActionsForPipelineActionHandler] WARN  pipeline.PipelineActionHandler (PipelineActionHandler.java:closeUnknownPipeline(117)) - Pipeline action received for unknown Pipeline Pipeline-04a1f7f9-abb2-42e3-9b76-b92a147de22b, firing close pipeline event.
2025-07-02 18:45:31,613 [EventQueue-PipelineReportForPipelineReportHandler] INFO  pipeline.PipelineReportHandler (PipelineReportHandler.java:handlePipelineNotFoundException(98)) - Pipeline Pipeline-04a1f7f9-abb2-42e3-9b76-b92a147de22b, reported by datanode 75758caf-2019-48e0-9285-4ac26ec01eda(localhost/127.0.0.1) is not found.
2025-07-02 18:45:31,613 [EventQueue-PipelineActionsForPipelineActionHandler] INFO  pipeline.PipelineActionHandler (PipelineActionHandler.java:processPipelineAction(89)) - Received pipeline action CLOSE for Pipeline-04a1f7f9-abb2-42e3-9b76-b92a147de22b from datanode 75758caf-2019-48e0-9285-4ac26ec01eda(localhost/127.0.0.1). Reason : Chunks directory /home/runner/work/ozone/ozone/hadoop-ozone/integration-test/target/test-dir/MiniOzoneClusterImpl-b7e00dfa-d3b8-45cf-9d3a-2bd5fdfebf54/ozone-meta/datanode-1/data-0/hdds/b7e00dfa-d3b8-45cf-9d3a-2bd5fdfebf54/current/containerDir0/2/chunks does not exist.
2025-07-02 18:45:31,613 [EventQueue-PipelineActionsForPipelineActionHandler] WARN  pipeline.PipelineActionHandler (PipelineActionHandler.java:closeUnknownPipeline(117)) - Pipeline action received for unknown Pipeline Pipeline-04a1f7f9-abb2-42e3-9b76-b92a147de22b, firing close pipeline event.
2025-07-02 18:45:31,717 [grpc-default-executor-4] INFO  segmented.SegmentedRaftLogWorker (SegmentedRaftLogWorker.java:close(254)) - baa12041-7cca-45c7-810c-7ea11519444b@group-B92A147DE22B-SegmentedRaftLogWorker close()
2025-07-02 18:45:31,719 [grpc-default-executor-4] INFO  keyvalue.KeyValueContainer (KeyValueContainer.java:flushAndSyncDB(514)) - Synced container: KeyValueContainerData #2 (CLOSING, non-empty, ri=0, origin=[dn_baa12041-7cca-45c7-810c-7ea11519444b, pipeline_04a1f7f9-abb2-42e3-9b76-b92a147de22b])
2025-07-02 18:45:31,719 [grpc-default-executor-4] INFO  keyvalue.KeyValueContainer (KeyValueContainer.java:flushAndSyncDB(514)) - Synced container: KeyValueContainerData #2 (CLOSING, non-empty, ri=0, origin=[dn_baa12041-7cca-45c7-810c-7ea11519444b, pipeline_04a1f7f9-abb2-42e3-9b76-b92a147de22b])
2025-07-02 18:45:31,724 [FixedThreadPoolWithAffinityExecutor-8-0] INFO  container.IncrementalContainerReportHandler (AbstractContainerReportHandler.java:updateContainerState(264)) - QUASI_CLOSE Container #2 (CLOSING, sid=2) r0 (QUASI_CLOSED, bcsid=2, origin=baa12041-7cca-45c7-810c-7ea11519444b, non-empty) from dn baa12041-7cca-45c7-810c-7ea11519444b(localhost/127.0.0.1)
2025-07-02 18:45:31,725 [grpc-default-executor-4] INFO  server.RaftServer$Division (RaftServerImpl.java:groupRemove(497)) - baa12041-7cca-45c7-810c-7ea11519444b@group-B92A147DE22B: Succeed to remove RaftStorageDirectory Storage Directory /home/runner/work/ozone/ozone/hadoop-ozone/integration-test/target/test-dir/MiniOzoneClusterImpl-b7e00dfa-d3b8-45cf-9d3a-2bd5fdfebf54/ozone-meta/datanode-3/ratis/04a1f7f9-abb2-42e3-9b76-b92a147de22b
2025-07-02 18:45:31,732 [grpc-default-executor-4] INFO  server.RaftServer (RaftServerProxy.java:remove(116)) - 75758caf-2019-48e0-9285-4ac26ec01eda: remove  FOLLOWER (RUNNING): 75758caf-2019-48e0-9285-4ac26ec01eda@group-B92A147DE22B:t1, leader=baa12041-7cca-45c7-810c-7ea11519444b, voted=baa12041-7cca-45c7-810c-7ea11519444b, raftlog=Memoized:75758caf-2019-48e0-9285-4ac26ec01eda@group-B92A147DE22B-SegmentedRaftLog:OPENED:c4:last(t:1, i:5), conf=conf: {index: 0, cur=peers:[f1637480-4571-474d-8c0e-49126192dfac|127.0.0.1:15023, baa12041-7cca-45c7-810c-7ea11519444b|127.0.0.1:15031, 75758caf-2019-48e0-9285-4ac26ec01eda|127.0.0.1:15015]|listeners:[], old=null}
2025-07-02 18:45:31,732 [grpc-default-executor-4] INFO  server.RaftServer$Division (RaftServerImpl.java:lambda$close$1(527)) - 75758caf-2019-48e0-9285-4ac26ec01eda@group-B92A147DE22B: shutdown
2025-07-02 18:45:31,732 [grpc-default-executor-4] INFO  util.JmxRegister (JmxRegister.java:unregister(74)) - Successfully un-registered JMX Bean with object name Ratis:service=RaftServer,group=group-B92A147DE22B,id=75758caf-2019-48e0-9285-4ac26ec01eda
2025-07-02 18:45:31,732 [grpc-default-executor-4] INFO  impl.RoleInfo (RoleInfo.java:shutdownFollowerState(121)) - 75758caf-2019-48e0-9285-4ac26ec01eda: shutdown 75758caf-2019-48e0-9285-4ac26ec01eda@group-B92A147DE22B-FollowerState
2025-07-02 18:45:31,733 [grpc-default-executor-4] INFO  impl.StateMachineUpdater (StateMachineUpdater.java:stopAndJoin(163)) - 75758caf-2019-48e0-9285-4ac26ec01eda@group-B92A147DE22B-StateMachineUpdater: set stopIndex = 4
2025-07-02 18:45:31,733 [75758caf-2019-48e0-9285-4ac26ec01eda@group-B92A147DE22B-FollowerState] INFO  impl.FollowerState (FollowerState.java:runImpl(170)) - 75758caf-2019-48e0-9285-4ac26ec01eda@group-B92A147DE22B-FollowerState was interrupted
2025-07-02 18:45:31,733 [75758caf-2019-48e0-9285-4ac26ec01eda@group-B92A147DE22B-StateMachineUpdater] ERROR ratis.ContainerStateMachine (ContainerStateMachine.java:takeSnapshot(421)) - Failed to take snapshot  for group-B92A147DE22B as the stateMachine is unhealthy. The last applied index is at (t:1, i:4)
2025-07-02 18:45:31,733 [75758caf-2019-48e0-9285-4ac26ec01eda@group-B92A147DE22B-StateMachineUpdater] ERROR impl.StateMachineUpdater (StateMachineUpdater.java:takeSnapshot(302)) - 75758caf-2019-48e0-9285-4ac26ec01eda@group-B92A147DE22B-StateMachineUpdater: Failed to take snapshot
org.apache.ratis.protocol.exceptions.StateMachineException: Failed to take snapshot  for group-B92A147DE22B as the stateMachine is unhealthy. The last applied index is at (t:1, i:4)
	at org.apache.hadoop.ozone.container.common.transport.server.ratis.ContainerStateMachine.takeSnapshot(ContainerStateMachine.java:420)
	at org.apache.ratis.server.impl.StateMachineUpdater.takeSnapshot(StateMachineUpdater.java:290)
	at org.apache.ratis.server.impl.StateMachineUpdater.checkAndTakeSnapshot(StateMachineUpdater.java:281)
	at org.apache.ratis.server.impl.StateMachineUpdater.run(StateMachineUpdater.java:194)
	at java.base/java.lang.Thread.run(Thread.java:1583)
2025-07-02 18:45:31,733 [75758caf-2019-48e0-9285-4ac26ec01eda@group-B92A147DE22B-StateMachineUpdater] INFO  impl.StateMachineUpdater (StateMachineUpdater.java:stop(140)) - 75758caf-2019-48e0-9285-4ac26ec01eda@group-B92A147DE22B-StateMachineUpdater: closing ContainerStateMachine, lastApplied=(t:1, i:4)
2025-07-02 18:45:31,734 [75758caf-2019-48e0-9285-4ac26ec01eda@group-B92A147DE22B-cacheEviction-AwaitToRun] INFO  util.AwaitToRun (AwaitToRun.java:run(49)) - 75758caf-2019-48e0-9285-4ac26ec01eda@group-B92A147DE22B-cacheEviction-AwaitToRun-AwaitForSignal is interrupted
2025-07-02 18:45:31,790 [grpc-default-executor-0] INFO  segmented.SegmentedRaftLogWorker (SegmentedRaftLogWorker.java:close(254)) - f1637480-4571-474d-8c0e-49126192dfac@group-B92A147DE22B-SegmentedRaftLogWorker close()
2025-07-02 18:45:31,792 [grpc-default-executor-0] INFO  server.RaftServer$Division (RaftServerImpl.java:groupRemove(497)) - f1637480-4571-474d-8c0e-49126192dfac@group-B92A147DE22B: Succeed to remove RaftStorageDirectory Storage Directory /home/runner/work/ozone/ozone/hadoop-ozone/integration-test/target/test-dir/MiniOzoneClusterImpl-b7e00dfa-d3b8-45cf-9d3a-2bd5fdfebf54/ozone-meta/datanode-2/ratis/04a1f7f9-abb2-42e3-9b76-b92a147de22b
2025-07-02 18:45:31,796 [grpc-default-executor-4] INFO  segmented.SegmentedRaftLogWorker (SegmentedRaftLogWorker.java:close(254)) - 75758caf-2019-48e0-9285-4ac26ec01eda@group-B92A147DE22B-SegmentedRaftLogWorker close()
2025-07-02 18:45:31,798 [grpc-default-executor-0] WARN  server.RaftServer (RaftServerProxy.java:remove(111)) - baa12041-7cca-45c7-810c-7ea11519444b: does not contain group: group-B92A147DE22B
2025-07-02 18:45:31,798 [grpc-default-executor-4] INFO  server.RaftServer$Division (RaftServerImpl.java:groupRemove(497)) - 75758caf-2019-48e0-9285-4ac26ec01eda@group-B92A147DE22B: Succeed to remove RaftStorageDirectory Storage Directory /home/runner/work/ozone/ozone/hadoop-ozone/integration-test/target/test-dir/MiniOzoneClusterImpl-b7e00dfa-d3b8-45cf-9d3a-2bd5fdfebf54/ozone-meta/datanode-1/ratis/04a1f7f9-abb2-42e3-9b76-b92a147de22b
2025-07-02 18:45:31,798 [grpc-default-executor-0] WARN  server.GrpcAdminProtocolService (GrpcAdminProtocolService.java:lambda$groupManagement$1(53)) - Failed groupManagement: GROUPREMOVE, GroupManagementRequest:client-7F81386DBB2A->baa12041-7cca-45c7-810c-7ea11519444b@group-B92A147DE22B, cid=34, seq=null, RW, null, Remove:group-B92A147DE22B, delete-dir
org.apache.ratis.protocol.exceptions.GroupMismatchException: baa12041-7cca-45c7-810c-7ea11519444b: Group group-B92A147DE22B not found.
	at org.apache.ratis.server.impl.RaftServerProxy.groupRemoveAsync(RaftServerProxy.java:548)
	at org.apache.ratis.server.impl.RaftServerProxy.groupManagementAsync(RaftServerProxy.java:499)
	at org.apache.ratis.grpc.server.GrpcAdminProtocolService.lambda$groupManagement$0(GrpcAdminProtocolService.java:51)
	at org.apache.ratis.grpc.GrpcUtil.asyncCall(GrpcUtil.java:172)
	at org.apache.ratis.grpc.server.GrpcAdminProtocolService.groupManagement(GrpcAdminProtocolService.java:51)
	at org.apache.ratis.proto.grpc.AdminProtocolServiceGrpc$MethodHandlers.invoke(AdminProtocolServiceGrpc.java:701)
	at org.apache.ratis.thirdparty.io.grpc.stub.ServerCalls$UnaryServerCallHandler$UnaryServerCallListener.onHalfClose(ServerCalls.java:182)
	at org.apache.ratis.thirdparty.io.grpc.internal.ServerCallImpl$ServerStreamListenerImpl.halfClosed(ServerCallImpl.java:356)
	at org.apache.ratis.thirdparty.io.grpc.internal.ServerImpl$JumpToApplicationThreadServerStreamListener$1HalfClosed.runInContext(ServerImpl.java:861)
	at org.apache.ratis.thirdparty.io.grpc.internal.ContextRunnable.run(ContextRunnable.java:37)
	at org.apache.ratis.thirdparty.io.grpc.internal.SerializingExecutor.run(SerializingExecutor.java:133)
	at java.base/java.util.concurrent.ThreadPoolExecutor.runWorker(ThreadPoolExecutor.java:1144)
	at java.base/java.util.concurrent.ThreadPoolExecutor$Worker.run(ThreadPoolExecutor.java:642)
	at java.base/java.lang.Thread.run(Thread.java:1583)
2025-07-02 18:45:31,801 [f1637480-4571-474d-8c0e-49126192dfac-PipelineCommandHandlerThread-0] WARN  server.RaftServer (RaftServerProxy.java:remove(111)) - f1637480-4571-474d-8c0e-49126192dfac: does not contain group: group-B92A147DE22B
2025-07-02 18:45:31,803 [75758caf-2019-48e0-9285-4ac26ec01eda-PipelineCommandHandlerThread-0] WARN  server.RaftServer (RaftServerProxy.java:remove(111)) - 75758caf-2019-48e0-9285-4ac26ec01eda: does not contain group: group-B92A147DE22B
2025-07-02 18:45:35,422 [grpc-default-executor-4] ERROR impl.OrderedAsync (OrderedAsync.java:lambda$null$6(215)) -  client-34BCE6445F9B: Failed* RaftClientRequest:client-34BCE6445F9B->75758caf-2019-48e0-9285-4ac26ec01eda@group-B92A147DE22B, cid=29, seq=4*, RW, cmdType: WriteChunk
traceID: ""
containerID: 2
datanodeUuid: "f1637480-4571-474d-8c0e-49126192dfac"
writeChunk {
  blockID {
    containerID: 2
    localID: 115816896921600002
    blockCommitSequenceId: 2
    replicaIndex: 0
  }
  chunkData {
    chunkName: "115816896921600002_chunk_2"
    offset: 5
    len: 10
    checksumData {
      type: CRC32
      bytesPerChecksum: 16384
      checksums: "\317\357R*"
    }
  }
}
version: 3
, data.size=10
java.util.concurrent.CompletionException: org.apache.ratis.protocol.exceptions.GroupMismatchException: 75758caf-2019-48e0-9285-4ac26ec01eda: group-B92A147DE22B not found.
	at java.base/java.util.concurrent.CompletableFuture.encodeThrowable(CompletableFuture.java:332)
	at java.base/java.util.concurrent.CompletableFuture.completeThrowable(CompletableFuture.java:347)
	at java.base/java.util.concurrent.CompletableFuture$UniAccept.tryFire(CompletableFuture.java:708)
	at java.base/java.util.concurrent.CompletableFuture.postComplete(CompletableFuture.java:510)
	at java.base/java.util.concurrent.CompletableFuture.completeExceptionally(CompletableFuture.java:2194)
	at org.apache.ratis.grpc.client.GrpcClientProtocolClient$AsyncStreamObservers.completeReplyExceptionally(GrpcClientProtocolClient.java:397)
	at org.apache.ratis.grpc.client.GrpcClientProtocolClient$AsyncStreamObservers.access$000(GrpcClientProtocolClient.java:303)
	at org.apache.ratis.grpc.client.GrpcClientProtocolClient$AsyncStreamObservers$1.onError(GrpcClientProtocolClient.java:334)
	at org.apache.ratis.thirdparty.io.grpc.stub.ClientCalls$StreamObserverToCallListenerAdapter.onClose(ClientCalls.java:564)
	at org.apache.ratis.thirdparty.io.grpc.PartialForwardingClientCallListener.onClose(PartialForwardingClientCallListener.java:39)
	at org.apache.ratis.thirdparty.io.grpc.ForwardingClientCallListener.onClose(ForwardingClientCallListener.java:23)
	at org.apache.ratis.grpc.metrics.intercept.client.MetricClientCallListener.onClose(MetricClientCallListener.java:47)
	at org.apache.ratis.thirdparty.io.grpc.internal.ClientCallImpl.closeObserver(ClientCallImpl.java:565)
	at org.apache.ratis.thirdparty.io.grpc.internal.ClientCallImpl.access$100(ClientCallImpl.java:72)
	at org.apache.ratis.thirdparty.io.grpc.internal.ClientCallImpl$ClientStreamListenerImpl$1StreamClosed.runInternal(ClientCallImpl.java:733)
	at org.apache.ratis.thirdparty.io.grpc.internal.ClientCallImpl$ClientStreamListenerImpl$1StreamClosed.runInContext(ClientCallImpl.java:714)
	at org.apache.ratis.thirdparty.io.grpc.internal.ContextRunnable.run(ContextRunnable.java:37)
	at org.apache.ratis.thirdparty.io.grpc.internal.SerializingExecutor.run(SerializingExecutor.java:133)
	at java.base/java.util.concurrent.ThreadPoolExecutor.runWorker(ThreadPoolExecutor.java:1144)
	at java.base/java.util.concurrent.ThreadPoolExecutor$Worker.run(ThreadPoolExecutor.java:642)
	at java.base/java.lang.Thread.run(Thread.java:1583)
Caused by: org.apache.ratis.protocol.exceptions.GroupMismatchException: 75758caf-2019-48e0-9285-4ac26ec01eda: group-B92A147DE22B not found.
	at org.apache.ratis.server.impl.RaftServerProxy$ImplMap.get(RaftServerProxy.java:160)
	at org.apache.ratis.server.impl.RaftServerProxy.getImplFuture(RaftServerProxy.java:370)
	at org.apache.ratis.server.impl.RaftServerProxy.submitClientRequestAsync(RaftServerProxy.java:455)
	at org.apache.ratis.grpc.server.GrpcClientProtocolService$RequestStreamObserver.processClientRequest(GrpcClientProtocolService.java:226)
	at org.apache.ratis.grpc.server.GrpcClientProtocolService$OrderedRequestStreamObserver.processClientRequest(GrpcClientProtocolService.java:332)
	at org.apache.ratis.util.SlidingWindow$Server.processRequestsFromHead(SlidingWindow.java:467)
	at org.apache.ratis.util.SlidingWindow$Server.receivedRequest(SlidingWindow.java:459)
	at org.apache.ratis.grpc.server.GrpcClientProtocolService$OrderedRequestStreamObserver.processClientRequest(GrpcClientProtocolService.java:356)
	at org.apache.ratis.grpc.server.GrpcClientProtocolService$RequestStreamObserver.onNext(GrpcClientProtocolService.java:246)
	at org.apache.ratis.grpc.server.GrpcClientProtocolService$RequestStreamObserver.onNext(GrpcClientProtocolService.java:169)
	at org.apache.ratis.thirdparty.io.grpc.stub.ServerCalls$StreamingServerCallHandler$StreamingServerCallListener.onMessage(ServerCalls.java:262)
	at org.apache.ratis.thirdparty.io.grpc.internal.ServerCallImpl$ServerStreamListenerImpl.messagesAvailableInternal(ServerCallImpl.java:334)
	at org.apache.ratis.thirdparty.io.grpc.internal.ServerCallImpl$ServerStreamListenerImpl.messagesAvailable(ServerCallImpl.java:319)
	at org.apache.ratis.thirdparty.io.grpc.internal.ServerImpl$JumpToApplicationThreadServerStreamListener$1MessagesAvailable.runInContext(ServerImpl.java:834)
	... 5 more
2025-07-02 18:45:35,423 [grpc-default-executor-4] ERROR impl.OrderedAsync (OrderedAsync.java:lambda$send$4(181)) - Failed to send request, message=cmdType: WriteChunk
traceID: ""
containerID: 2
datanodeUuid: "f1637480-4571-474d-8c0e-49126192dfac"
writeChunk {
  blockID {
    containerID: 2
    localID: 115816896921600002
    blockCommitSequenceId: 2
    replicaIndex: 0
  }
  chunkData {
    chunkName: "115816896921600002_chunk_2"
    offset: 5
    len: 10
    checksumData {
      type: CRC32
      bytesPerChecksum: 16384
      checksums: "\317\357R*"
    }
  }
}
version: 3
, data.size=10
java.util.concurrent.CompletionException: org.apache.ratis.protocol.exceptions.GroupMismatchException: 75758caf-2019-48e0-9285-4ac26ec01eda: group-B92A147DE22B not found.
	at java.base/java.util.concurrent.CompletableFuture.encodeThrowable(CompletableFuture.java:332)
	at java.base/java.util.concurrent.CompletableFuture.completeThrowable(CompletableFuture.java:347)
	at java.base/java.util.concurrent.CompletableFuture$UniApply.tryFire(CompletableFuture.java:636)
	at java.base/java.util.concurrent.CompletableFuture.postComplete(CompletableFuture.java:510)
	at java.base/java.util.concurrent.CompletableFuture.completeExceptionally(CompletableFuture.java:2194)
	at org.apache.ratis.client.impl.OrderedAsync$PendingOrderedRequest.fail(OrderedAsync.java:111)
	at org.apache.ratis.util.SlidingWindow$Client.fail(SlidingWindow.java:395)
	at org.apache.ratis.client.impl.OrderedAsync.failAllAsyncRequests(OrderedAsync.java:155)
	at org.apache.ratis.client.impl.OrderedAsync.handleException(OrderedAsync.java:232)
	at org.apache.ratis.client.impl.OrderedAsync.lambda$sendRequestWithRetry$7(OrderedAsync.java:217)
	at java.base/java.util.concurrent.CompletableFuture.uniExceptionally(CompletableFuture.java:990)
	at java.base/java.util.concurrent.CompletableFuture$UniExceptionally.tryFire(CompletableFuture.java:974)
	at java.base/java.util.concurrent.CompletableFuture.postComplete(CompletableFuture.java:510)
	at java.base/java.util.concurrent.CompletableFuture.completeExceptionally(CompletableFuture.java:2194)
	at org.apache.ratis.grpc.client.GrpcClientProtocolClient$AsyncStreamObservers.completeReplyExceptionally(GrpcClientProtocolClient.java:397)
	at org.apache.ratis.grpc.client.GrpcClientProtocolClient$AsyncStreamObservers.access$000(GrpcClientProtocolClient.java:303)
	at org.apache.ratis.grpc.client.GrpcClientProtocolClient$AsyncStreamObservers$1.onError(GrpcClientProtocolClient.java:334)
	at org.apache.ratis.thirdparty.io.grpc.stub.ClientCalls$StreamObserverToCallListenerAdapter.onClose(ClientCalls.java:564)
	at org.apache.ratis.thirdparty.io.grpc.PartialForwardingClientCallListener.onClose(PartialForwardingClientCallListener.java:39)
	at org.apache.ratis.thirdparty.io.grpc.ForwardingClientCallListener.onClose(ForwardingClientCallListener.java:23)
	at org.apache.ratis.grpc.metrics.intercept.client.MetricClientCallListener.onClose(MetricClientCallListener.java:47)
	at org.apache.ratis.thirdparty.io.grpc.internal.ClientCallImpl.closeObserver(ClientCallImpl.java:565)
	at org.apache.ratis.thirdparty.io.grpc.internal.ClientCallImpl.access$100(ClientCallImpl.java:72)
	at org.apache.ratis.thirdparty.io.grpc.internal.ClientCallImpl$ClientStreamListenerImpl$1StreamClosed.runInternal(ClientCallImpl.java:733)
	at org.apache.ratis.thirdparty.io.grpc.internal.ClientCallImpl$ClientStreamListenerImpl$1StreamClosed.runInContext(ClientCallImpl.java:714)
	at org.apache.ratis.thirdparty.io.grpc.internal.ContextRunnable.run(ContextRunnable.java:37)
	at org.apache.ratis.thirdparty.io.grpc.internal.SerializingExecutor.run(SerializingExecutor.java:133)
	at java.base/java.util.concurrent.ThreadPoolExecutor.runWorker(ThreadPoolExecutor.java:1144)
	at java.base/java.util.concurrent.ThreadPoolExecutor$Worker.run(ThreadPoolExecutor.java:642)
	at java.base/java.lang.Thread.run(Thread.java:1583)
Caused by: org.apache.ratis.protocol.exceptions.GroupMismatchException: 75758caf-2019-48e0-9285-4ac26ec01eda: group-B92A147DE22B not found.
	at org.apache.ratis.server.impl.RaftServerProxy$ImplMap.get(RaftServerProxy.java:160)
	at org.apache.ratis.server.impl.RaftServerProxy.getImplFuture(RaftServerProxy.java:370)
	at org.apache.ratis.server.impl.RaftServerProxy.submitClientRequestAsync(RaftServerProxy.java:455)
	at org.apache.ratis.grpc.server.GrpcClientProtocolService$RequestStreamObserver.processClientRequest(GrpcClientProtocolService.java:226)
	at org.apache.ratis.grpc.server.GrpcClientProtocolService$OrderedRequestStreamObserver.processClientRequest(GrpcClientProtocolService.java:332)
	at org.apache.ratis.util.SlidingWindow$Server.processRequestsFromHead(SlidingWindow.java:467)
	at org.apache.ratis.util.SlidingWindow$Server.receivedRequest(SlidingWindow.java:459)
	at org.apache.ratis.grpc.server.GrpcClientProtocolService$OrderedRequestStreamObserver.processClientRequest(GrpcClientProtocolService.java:356)
	at org.apache.ratis.grpc.server.GrpcClientProtocolService$RequestStreamObserver.onNext(GrpcClientProtocolService.java:246)
	at org.apache.ratis.grpc.server.GrpcClientProtocolService$RequestStreamObserver.onNext(GrpcClientProtocolService.java:169)
	at org.apache.ratis.thirdparty.io.grpc.stub.ServerCalls$StreamingServerCallHandler$StreamingServerCallListener.onMessage(ServerCalls.java:262)
	at org.apache.ratis.thirdparty.io.grpc.internal.ServerCallImpl$ServerStreamListenerImpl.messagesAvailableInternal(ServerCallImpl.java:334)
	at org.apache.ratis.thirdparty.io.grpc.internal.ServerCallImpl$ServerStreamListenerImpl.messagesAvailable(ServerCallImpl.java:319)
	at org.apache.ratis.thirdparty.io.grpc.internal.ServerImpl$JumpToApplicationThreadServerStreamListener$1MessagesAvailable.runInContext(ServerImpl.java:834)
	... 5 more
2025-07-02 18:45:35,424 [grpc-default-executor-4] ERROR impl.OrderedAsync (OrderedAsync.java:lambda$send$4(179)) - Failed to send request, message=cmdType: PutBlock
traceID: ""
containerID: 2
datanodeUuid: "f1637480-4571-474d-8c0e-49126192dfac"
putBlock {
  blockData {
    blockID {
      containerID: 2
      localID: 115816896921600002
      blockCommitSequenceId: 0
    }
    metadata {
      key: "TYPE"
      value: "KEY"
    }
    chunks {
      chunkName: "115816896921600002_chunk_1"
      offset: 0
      len: 5
      checksumData {
        type: CRC32
        bytesPerChecksum: 16384
        checksums: "\350a\3440"
      }
    }
    chunks {
      chunkName: "115816896921600002_chunk_2"
      offset: 5
      len: 10
      checksumData {
        type: CRC32
        bytesPerChecksum: 16384
        checksums: "\317\357R*"
      }
    }
  }
  eof: false
}
version: 3
, data.size=0 due to java.util.concurrent.CompletionException: org.apache.ratis.protocol.exceptions.AlreadyClosedException: SlidingWindow$Client:client-34BCE6445F9B->RAFT is closed.
2025-07-02 18:45:35,424 [main] WARN  io.KeyOutputStream (KeyOutputStream.java:handleExceptionInternal(377)) - Encountered exception java.io.IOException: Unexpected Storage Container Exception: java.util.concurrent.CompletionException: Failed to write chunk 115816896921600002_chunk_2 into block conID: 2 locID: 115816896921600002 bcsId: 2 replicaIndex: null on the pipeline Pipeline{ Id: 04a1f7f9-abb2-42e3-9b76-b92a147de22b, Nodes: [ {f1637480-4571-474d-8c0e-49126192dfac(localhost/127.0.0.1), ReplicaIndex: 0}, {baa12041-7cca-45c7-810c-7ea11519444b(localhost/127.0.0.1), ReplicaIndex: 0}, {75758caf-2019-48e0-9285-4ac26ec01eda(localhost/127.0.0.1), ReplicaIndex: 0},], ReplicationConfig: RATIS/THREE, State:OPEN, leaderId:baa12041-7cca-45c7-810c-7ea11519444b, CreationTimestamp2025-07-02T18:45:18.415Z[Etc/UTC]}. The last committed block length is 5, uncommitted data length is 10 retry count 0
2025-07-02 18:45:35,448 [f1637480-4571-474d-8c0e-49126192dfac-ChunkWriter-3-0] WARN  statemachine.DatanodeConfiguration (DatanodeConfiguration.java:validateMinFreeSpace(751)) - hdds.datanode.volume.min.free.space.percent = -1.0 is invalid, should be between 0 and 1
2025-07-02 18:45:35,448 [f1637480-4571-474d-8c0e-49126192dfac-ChunkWriter-3-0] WARN  statemachine.DatanodeConfiguration (DatanodeConfiguration.java:validateMinFreeSpace(751)) - hdds.datanode.volume.min.free.space.percent = -1.0 is invalid, should be between 0 and 1
2025-07-02 18:45:35,450 [baa12041-7cca-45c7-810c-7ea11519444b-ChunkWriter-3-0] WARN  statemachine.DatanodeConfiguration (DatanodeConfiguration.java:validateMinFreeSpace(751)) - hdds.datanode.volume.min.free.space.percent = -1.0 is invalid, should be between 0 and 1
2025-07-02 18:45:35,450 [baa12041-7cca-45c7-810c-7ea11519444b-ChunkWriter-3-0] WARN  statemachine.DatanodeConfiguration (DatanodeConfiguration.java:validateMinFreeSpace(751)) - hdds.datanode.volume.min.free.space.percent = -1.0 is invalid, should be between 0 and 1
2025-07-02 18:45:35,450 [75758caf-2019-48e0-9285-4ac26ec01eda-ChunkWriter-3-0] WARN  statemachine.DatanodeConfiguration (DatanodeConfiguration.java:validateMinFreeSpace(751)) - hdds.datanode.volume.min.free.space.percent = -1.0 is invalid, should be between 0 and 1
2025-07-02 18:45:35,451 [75758caf-2019-48e0-9285-4ac26ec01eda-ChunkWriter-3-0] WARN  statemachine.DatanodeConfiguration (DatanodeConfiguration.java:validateMinFreeSpace(751)) - hdds.datanode.volume.min.free.space.percent = -1.0 is invalid, should be between 0 and 1
2025-07-02 18:45:35,465 [f1637480-4571-474d-8c0e-49126192dfac@group-84D2FC177FB5-StateMachineUpdater] INFO  ratis.ContainerStateMachine (ContainerStateMachine.java:takeSnapshot(427)) - group-84D2FC177FB5: Taking a snapshot at:(t:1, i:2) file /home/runner/work/ozone/ozone/hadoop-ozone/integration-test/target/test-dir/MiniOzoneClusterImpl-b7e00dfa-d3b8-45cf-9d3a-2bd5fdfebf54/ozone-meta/datanode-2/ratis/2bc36170-bfb4-426e-aff1-84d2fc177fb5/sm/snapshot.1_2
2025-07-02 18:45:35,467 [f1637480-4571-474d-8c0e-49126192dfac@group-84D2FC177FB5-StateMachineUpdater] INFO  ratis.ContainerStateMachine (ContainerStateMachine.java:takeSnapshot(436)) - group-84D2FC177FB5: Finished taking a snapshot at:(t:1, i:2) file:/home/runner/work/ozone/ozone/hadoop-ozone/integration-test/target/test-dir/MiniOzoneClusterImpl-b7e00dfa-d3b8-45cf-9d3a-2bd5fdfebf54/ozone-meta/datanode-2/ratis/2bc36170-bfb4-426e-aff1-84d2fc177fb5/sm/snapshot.1_2 took: 2 ms
2025-07-02 18:45:35,468 [f1637480-4571-474d-8c0e-49126192dfac@group-84D2FC177FB5-StateMachineUpdater] INFO  impl.StateMachineUpdater (StateMachineUpdater.java:takeSnapshot(307)) - f1637480-4571-474d-8c0e-49126192dfac@group-84D2FC177FB5-StateMachineUpdater: Took a snapshot at index 2
2025-07-02 18:45:35,468 [f1637480-4571-474d-8c0e-49126192dfac@group-84D2FC177FB5-StateMachineUpdater] INFO  impl.StateMachineUpdater (StateMachineUpdater.java:lambda$new$0(101)) - f1637480-4571-474d-8c0e-49126192dfac@group-84D2FC177FB5-StateMachineUpdater: snapshotIndex: updateIncreasingly 0 -> 2
2025-07-02 18:45:35,468 [f1637480-4571-474d-8c0e-49126192dfac@group-84D2FC177FB5-StateMachineUpdater] INFO  ratis.ContainerStateMachine (ContainerStateMachine.java:takeSnapshot(427)) - group-84D2FC177FB5: Taking a snapshot at:(t:1, i:4) file /home/runner/work/ozone/ozone/hadoop-ozone/integration-test/target/test-dir/MiniOzoneClusterImpl-b7e00dfa-d3b8-45cf-9d3a-2bd5fdfebf54/ozone-meta/datanode-2/ratis/2bc36170-bfb4-426e-aff1-84d2fc177fb5/sm/snapshot.1_4
2025-07-02 18:45:35,470 [f1637480-4571-474d-8c0e-49126192dfac@group-84D2FC177FB5-StateMachineUpdater] INFO  ratis.ContainerStateMachine (ContainerStateMachine.java:takeSnapshot(436)) - group-84D2FC177FB5: Finished taking a snapshot at:(t:1, i:4) file:/home/runner/work/ozone/ozone/hadoop-ozone/integration-test/target/test-dir/MiniOzoneClusterImpl-b7e00dfa-d3b8-45cf-9d3a-2bd5fdfebf54/ozone-meta/datanode-2/ratis/2bc36170-bfb4-426e-aff1-84d2fc177fb5/sm/snapshot.1_4 took: 2 ms
2025-07-02 18:45:35,470 [f1637480-4571-474d-8c0e-49126192dfac@group-84D2FC177FB5-StateMachineUpdater] INFO  impl.StateMachineUpdater (StateMachineUpdater.java:takeSnapshot(307)) - f1637480-4571-474d-8c0e-49126192dfac@group-84D2FC177FB5-StateMachineUpdater: Took a snapshot at index 4
2025-07-02 18:45:35,471 [f1637480-4571-474d-8c0e-49126192dfac@group-84D2FC177FB5-StateMachineUpdater] INFO  impl.StateMachineUpdater (StateMachineUpdater.java:lambda$new$0(101)) - f1637480-4571-474d-8c0e-49126192dfac@group-84D2FC177FB5-StateMachineUpdater: snapshotIndex: updateIncreasingly 2 -> 4
2025-07-02 18:45:35,471 [baa12041-7cca-45c7-810c-7ea11519444b@group-84D2FC177FB5-StateMachineUpdater] INFO  ratis.ContainerStateMachine (ContainerStateMachine.java:takeSnapshot(427)) - group-84D2FC177FB5: Taking a snapshot at:(t:1, i:1) file /home/runner/work/ozone/ozone/hadoop-ozone/integration-test/target/test-dir/MiniOzoneClusterImpl-b7e00dfa-d3b8-45cf-9d3a-2bd5fdfebf54/ozone-meta/datanode-3/ratis/2bc36170-bfb4-426e-aff1-84d2fc177fb5/sm/snapshot.1_1
2025-07-02 18:45:35,472 [baa12041-7cca-45c7-810c-7ea11519444b@group-84D2FC177FB5-StateMachineUpdater] INFO  ratis.ContainerStateMachine (ContainerStateMachine.java:takeSnapshot(436)) - group-84D2FC177FB5: Finished taking a snapshot at:(t:1, i:1) file:/home/runner/work/ozone/ozone/hadoop-ozone/integration-test/target/test-dir/MiniOzoneClusterImpl-b7e00dfa-d3b8-45cf-9d3a-2bd5fdfebf54/ozone-meta/datanode-3/ratis/2bc36170-bfb4-426e-aff1-84d2fc177fb5/sm/snapshot.1_1 took: 1 ms
2025-07-02 18:45:35,472 [baa12041-7cca-45c7-810c-7ea11519444b@group-84D2FC177FB5-StateMachineUpdater] INFO  impl.StateMachineUpdater (StateMachineUpdater.java:takeSnapshot(307)) - baa12041-7cca-45c7-810c-7ea11519444b@group-84D2FC177FB5-StateMachineUpdater: Took a snapshot at index 1
2025-07-02 18:45:35,472 [baa12041-7cca-45c7-810c-7ea11519444b@group-84D2FC177FB5-StateMachineUpdater] INFO  impl.StateMachineUpdater (StateMachineUpdater.java:lambda$new$0(101)) - baa12041-7cca-45c7-810c-7ea11519444b@group-84D2FC177FB5-StateMachineUpdater: snapshotIndex: updateIncreasingly 0 -> 1
2025-07-02 18:45:35,473 [main] INFO  io.BlockOutputStreamEntry (BlockOutputStreamEntry.java:writeOnRetry(192)) - BlockOutputStreamEntry:ratis1 conID: 3 locID: 115816896921600003 bcsId: 0 replicaIndex: null: Finish retrying with len 10, currentPosition 10
2025-07-02 18:45:35,473 [main] INFO  io.BlockOutputStreamEntry (BlockOutputStreamEntry.java:finishRetryHandling(141)) - BlockOutputStreamEntry:ratis1 conID: 3 locID: 115816896921600003 bcsId: 0 replicaIndex: null: Exiting retry handling mode
2025-07-02 18:45:35,478 [baa12041-7cca-45c7-810c-7ea11519444b@group-84D2FC177FB5-StateMachineUpdater] INFO  ratis.ContainerStateMachine (ContainerStateMachine.java:takeSnapshot(427)) - group-84D2FC177FB5: Taking a snapshot at:(t:1, i:4) file /home/runner/work/ozone/ozone/hadoop-ozone/integration-test/target/test-dir/MiniOzoneClusterImpl-b7e00dfa-d3b8-45cf-9d3a-2bd5fdfebf54/ozone-meta/datanode-3/ratis/2bc36170-bfb4-426e-aff1-84d2fc177fb5/sm/snapshot.1_4
2025-07-02 18:45:35,479 [baa12041-7cca-45c7-810c-7ea11519444b@group-84D2FC177FB5-StateMachineUpdater] INFO  ratis.ContainerStateMachine (ContainerStateMachine.java:takeSnapshot(436)) - group-84D2FC177FB5: Finished taking a snapshot at:(t:1, i:4) file:/home/runner/work/ozone/ozone/hadoop-ozone/integration-test/target/test-dir/MiniOzoneClusterImpl-b7e00dfa-d3b8-45cf-9d3a-2bd5fdfebf54/ozone-meta/datanode-3/ratis/2bc36170-bfb4-426e-aff1-84d2fc177fb5/sm/snapshot.1_4 took: 1 ms
2025-07-02 18:45:35,479 [baa12041-7cca-45c7-810c-7ea11519444b@group-84D2FC177FB5-StateMachineUpdater] INFO  impl.StateMachineUpdater (StateMachineUpdater.java:takeSnapshot(307)) - baa12041-7cca-45c7-810c-7ea11519444b@group-84D2FC177FB5-StateMachineUpdater: Took a snapshot at index 4
2025-07-02 18:45:35,479 [baa12041-7cca-45c7-810c-7ea11519444b@group-84D2FC177FB5-StateMachineUpdater] INFO  impl.StateMachineUpdater (StateMachineUpdater.java:lambda$new$0(101)) - baa12041-7cca-45c7-810c-7ea11519444b@group-84D2FC177FB5-StateMachineUpdater: snapshotIndex: updateIncreasingly 1 -> 4
2025-07-02 18:45:35,480 [75758caf-2019-48e0-9285-4ac26ec01eda@group-84D2FC177FB5-StateMachineUpdater] INFO  ratis.ContainerStateMachine (ContainerStateMachine.java:takeSnapshot(427)) - group-84D2FC177FB5: Taking a snapshot at:(t:1, i:4) file /home/runner/work/ozone/ozone/hadoop-ozone/integration-test/target/test-dir/MiniOzoneClusterImpl-b7e00dfa-d3b8-45cf-9d3a-2bd5fdfebf54/ozone-meta/datanode-1/ratis/2bc36170-bfb4-426e-aff1-84d2fc177fb5/sm/snapshot.1_4
2025-07-02 18:45:35,482 [75758caf-2019-48e0-9285-4ac26ec01eda@group-84D2FC177FB5-StateMachineUpdater] INFO  ratis.ContainerStateMachine (ContainerStateMachine.java:takeSnapshot(436)) - group-84D2FC177FB5: Finished taking a snapshot at:(t:1, i:4) file:/home/runner/work/ozone/ozone/hadoop-ozone/integration-test/target/test-dir/MiniOzoneClusterImpl-b7e00dfa-d3b8-45cf-9d3a-2bd5fdfebf54/ozone-meta/datanode-1/ratis/2bc36170-bfb4-426e-aff1-84d2fc177fb5/sm/snapshot.1_4 took: 1 ms
2025-07-02 18:45:35,482 [75758caf-2019-48e0-9285-4ac26ec01eda@group-84D2FC177FB5-StateMachineUpdater] INFO  impl.StateMachineUpdater (StateMachineUpdater.java:takeSnapshot(307)) - 75758caf-2019-48e0-9285-4ac26ec01eda@group-84D2FC177FB5-StateMachineUpdater: Took a snapshot at index 4
2025-07-02 18:45:35,482 [75758caf-2019-48e0-9285-4ac26ec01eda@group-84D2FC177FB5-StateMachineUpdater] INFO  impl.StateMachineUpdater (StateMachineUpdater.java:lambda$new$0(101)) - 75758caf-2019-48e0-9285-4ac26ec01eda@group-84D2FC177FB5-StateMachineUpdater: snapshotIndex: updateIncreasingly 0 -> 4
2025-07-02 18:45:35,494 [f1637480-4571-474d-8c0e-49126192dfac@group-84D2FC177FB5-StateMachineUpdater] INFO  ratis.ContainerStateMachine (ContainerStateMachine.java:takeSnapshot(427)) - group-84D2FC177FB5: Taking a snapshot at:(t:1, i:7) file /home/runner/work/ozone/ozone/hadoop-ozone/integration-test/target/test-dir/MiniOzoneClusterImpl-b7e00dfa-d3b8-45cf-9d3a-2bd5fdfebf54/ozone-meta/datanode-2/ratis/2bc36170-bfb4-426e-aff1-84d2fc177fb5/sm/snapshot.1_7
2025-07-02 18:45:35,495 [f1637480-4571-474d-8c0e-49126192dfac@group-84D2FC177FB5-StateMachineUpdater] INFO  ratis.ContainerStateMachine (ContainerStateMachine.java:takeSnapshot(436)) - group-84D2FC177FB5: Finished taking a snapshot at:(t:1, i:7) file:/home/runner/work/ozone/ozone/hadoop-ozone/integration-test/target/test-dir/MiniOzoneClusterImpl-b7e00dfa-d3b8-45cf-9d3a-2bd5fdfebf54/ozone-meta/datanode-2/ratis/2bc36170-bfb4-426e-aff1-84d2fc177fb5/sm/snapshot.1_7 took: 1 ms
2025-07-02 18:45:35,495 [f1637480-4571-474d-8c0e-49126192dfac@group-84D2FC177FB5-StateMachineUpdater] INFO  impl.StateMachineUpdater (StateMachineUpdater.java:takeSnapshot(307)) - f1637480-4571-474d-8c0e-49126192dfac@group-84D2FC177FB5-StateMachineUpdater: Took a snapshot at index 7
2025-07-02 18:45:35,495 [f1637480-4571-474d-8c0e-49126192dfac@group-84D2FC177FB5-StateMachineUpdater] INFO  impl.StateMachineUpdater (StateMachineUpdater.java:lambda$new$0(101)) - f1637480-4571-474d-8c0e-49126192dfac@group-84D2FC177FB5-StateMachineUpdater: snapshotIndex: updateIncreasingly 4 -> 7
2025-07-02 18:45:35,496 [75758caf-2019-48e0-9285-4ac26ec01eda@group-84D2FC177FB5-StateMachineUpdater] INFO  ratis.ContainerStateMachine (ContainerStateMachine.java:takeSnapshot(427)) - group-84D2FC177FB5: Taking a snapshot at:(t:1, i:6) file /home/runner/work/ozone/ozone/hadoop-ozone/integration-test/target/test-dir/MiniOzoneClusterImpl-b7e00dfa-d3b8-45cf-9d3a-2bd5fdfebf54/ozone-meta/datanode-1/ratis/2bc36170-bfb4-426e-aff1-84d2fc177fb5/sm/snapshot.1_6
2025-07-02 18:45:35,496 [f1637480-4571-474d-8c0e-49126192dfac@group-84D2FC177FB5-StateMachineUpdater] INFO  ratis.ContainerStateMachine (ContainerStateMachine.java:takeSnapshot(427)) - group-84D2FC177FB5: Taking a snapshot at:(t:1, i:8) file /home/runner/work/ozone/ozone/hadoop-ozone/integration-test/target/test-dir/MiniOzoneClusterImpl-b7e00dfa-d3b8-45cf-9d3a-2bd5fdfebf54/ozone-meta/datanode-2/ratis/2bc36170-bfb4-426e-aff1-84d2fc177fb5/sm/snapshot.1_8
2025-07-02 18:45:35,497 [75758caf-2019-48e0-9285-4ac26ec01eda@group-84D2FC177FB5-StateMachineUpdater] INFO  ratis.ContainerStateMachine (ContainerStateMachine.java:takeSnapshot(436)) - group-84D2FC177FB5: Finished taking a snapshot at:(t:1, i:6) file:/home/runner/work/ozone/ozone/hadoop-ozone/integration-test/target/test-dir/MiniOzoneClusterImpl-b7e00dfa-d3b8-45cf-9d3a-2bd5fdfebf54/ozone-meta/datanode-1/ratis/2bc36170-bfb4-426e-aff1-84d2fc177fb5/sm/snapshot.1_6 took: 1 ms
2025-07-02 18:45:35,498 [75758caf-2019-48e0-9285-4ac26ec01eda@group-84D2FC177FB5-StateMachineUpdater] INFO  impl.StateMachineUpdater (StateMachineUpdater.java:takeSnapshot(307)) - 75758caf-2019-48e0-9285-4ac26ec01eda@group-84D2FC177FB5-StateMachineUpdater: Took a snapshot at index 6
2025-07-02 18:45:35,498 [75758caf-2019-48e0-9285-4ac26ec01eda@group-84D2FC177FB5-StateMachineUpdater] INFO  impl.StateMachineUpdater (StateMachineUpdater.java:lambda$new$0(101)) - 75758caf-2019-48e0-9285-4ac26ec01eda@group-84D2FC177FB5-StateMachineUpdater: snapshotIndex: updateIncreasingly 4 -> 6
2025-07-02 18:45:35,499 [f1637480-4571-474d-8c0e-49126192dfac@group-84D2FC177FB5-StateMachineUpdater] INFO  ratis.ContainerStateMachine (ContainerStateMachine.java:takeSnapshot(436)) - group-84D2FC177FB5: Finished taking a snapshot at:(t:1, i:8) file:/home/runner/work/ozone/ozone/hadoop-ozone/integration-test/target/test-dir/MiniOzoneClusterImpl-b7e00dfa-d3b8-45cf-9d3a-2bd5fdfebf54/ozone-meta/datanode-2/ratis/2bc36170-bfb4-426e-aff1-84d2fc177fb5/sm/snapshot.1_8 took: 3 ms
2025-07-02 18:45:35,499 [f1637480-4571-474d-8c0e-49126192dfac@group-84D2FC177FB5-StateMachineUpdater] INFO  impl.StateMachineUpdater (StateMachineUpdater.java:takeSnapshot(307)) - f1637480-4571-474d-8c0e-49126192dfac@group-84D2FC177FB5-StateMachineUpdater: Took a snapshot at index 8
2025-07-02 18:45:35,499 [f1637480-4571-474d-8c0e-49126192dfac@group-84D2FC177FB5-StateMachineUpdater] INFO  impl.StateMachineUpdater (StateMachineUpdater.java:lambda$new$0(101)) - f1637480-4571-474d-8c0e-49126192dfac@group-84D2FC177FB5-StateMachineUpdater: snapshotIndex: updateIncreasingly 7 -> 8
2025-07-02 18:45:35,500 [75758caf-2019-48e0-9285-4ac26ec01eda@group-84D2FC177FB5-StateMachineUpdater] INFO  ratis.ContainerStateMachine (ContainerStateMachine.java:takeSnapshot(427)) - group-84D2FC177FB5: Taking a snapshot at:(t:1, i:8) file /home/runner/work/ozone/ozone/hadoop-ozone/integration-test/target/test-dir/MiniOzoneClusterImpl-b7e00dfa-d3b8-45cf-9d3a-2bd5fdfebf54/ozone-meta/datanode-1/ratis/2bc36170-bfb4-426e-aff1-84d2fc177fb5/sm/snapshot.1_8
2025-07-02 18:45:35,501 [75758caf-2019-48e0-9285-4ac26ec01eda@group-84D2FC177FB5-StateMachineUpdater] INFO  ratis.ContainerStateMachine (ContainerStateMachine.java:takeSnapshot(436)) - group-84D2FC177FB5: Finished taking a snapshot at:(t:1, i:8) file:/home/runner/work/ozone/ozone/hadoop-ozone/integration-test/target/test-dir/MiniOzoneClusterImpl-b7e00dfa-d3b8-45cf-9d3a-2bd5fdfebf54/ozone-meta/datanode-1/ratis/2bc36170-bfb4-426e-aff1-84d2fc177fb5/sm/snapshot.1_8 took: 1 ms
2025-07-02 18:45:35,501 [75758caf-2019-48e0-9285-4ac26ec01eda@group-84D2FC177FB5-StateMachineUpdater] INFO  impl.StateMachineUpdater (StateMachineUpdater.java:takeSnapshot(307)) - 75758caf-2019-48e0-9285-4ac26ec01eda@group-84D2FC177FB5-StateMachineUpdater: Took a snapshot at index 8
2025-07-02 18:45:35,501 [baa12041-7cca-45c7-810c-7ea11519444b@group-84D2FC177FB5-StateMachineUpdater] INFO  ratis.ContainerStateMachine (ContainerStateMachine.java:takeSnapshot(427)) - group-84D2FC177FB5: Taking a snapshot at:(t:1, i:8) file /home/runner/work/ozone/ozone/hadoop-ozone/integration-test/target/test-dir/MiniOzoneClusterImpl-b7e00dfa-d3b8-45cf-9d3a-2bd5fdfebf54/ozone-meta/datanode-3/ratis/2bc36170-bfb4-426e-aff1-84d2fc177fb5/sm/snapshot.1_8
2025-07-02 18:45:35,501 [75758caf-2019-48e0-9285-4ac26ec01eda@group-84D2FC177FB5-StateMachineUpdater] INFO  impl.StateMachineUpdater (StateMachineUpdater.java:lambda$new$0(101)) - 75758caf-2019-48e0-9285-4ac26ec01eda@group-84D2FC177FB5-StateMachineUpdater: snapshotIndex: updateIncreasingly 6 -> 8
2025-07-02 18:45:35,503 [baa12041-7cca-45c7-810c-7ea11519444b@group-84D2FC177FB5-StateMachineUpdater] INFO  ratis.ContainerStateMachine (ContainerStateMachine.java:takeSnapshot(436)) - group-84D2FC177FB5: Finished taking a snapshot at:(t:1, i:8) file:/home/runner/work/ozone/ozone/hadoop-ozone/integration-test/target/test-dir/MiniOzoneClusterImpl-b7e00dfa-d3b8-45cf-9d3a-2bd5fdfebf54/ozone-meta/datanode-3/ratis/2bc36170-bfb4-426e-aff1-84d2fc177fb5/sm/snapshot.1_8 took: 2 ms
2025-07-02 18:45:35,503 [baa12041-7cca-45c7-810c-7ea11519444b@group-84D2FC177FB5-StateMachineUpdater] INFO  impl.StateMachineUpdater (StateMachineUpdater.java:takeSnapshot(307)) - baa12041-7cca-45c7-810c-7ea11519444b@group-84D2FC177FB5-StateMachineUpdater: Took a snapshot at index 8
2025-07-02 18:45:35,503 [baa12041-7cca-45c7-810c-7ea11519444b@group-84D2FC177FB5-StateMachineUpdater] INFO  impl.StateMachineUpdater (StateMachineUpdater.java:lambda$new$0(101)) - baa12041-7cca-45c7-810c-7ea11519444b@group-84D2FC177FB5-StateMachineUpdater: snapshotIndex: updateIncreasingly 4 -> 8
]]></system-out>
  </testcase>
  <testcase name="testWriteStateMachineDataIdempotencyWithClosedContainer" classname="org.apache.hadoop.ozone.client.rpc.TestContainerStateMachineFailures" time="0.374">
    <failure message="expected: &lt;UNHEALTHY&gt; but was: &lt;CLOSED&gt;" type="org.opentest4j.AssertionFailedError"><![CDATA[org.opentest4j.AssertionFailedError: expected: <UNHEALTHY> but was: <CLOSED>
	at org.junit.jupiter.api.AssertionFailureBuilder.build(AssertionFailureBuilder.java:151)
	at org.junit.jupiter.api.AssertionFailureBuilder.buildAndThrow(AssertionFailureBuilder.java:132)
	at org.junit.jupiter.api.AssertSame.failNotSame(AssertSame.java:50)
	at org.junit.jupiter.api.AssertSame.assertSame(AssertSame.java:35)
	at org.junit.jupiter.api.AssertSame.assertSame(AssertSame.java:30)
	at org.junit.jupiter.api.Assertions.assertSame(Assertions.java:2860)
	at org.apache.hadoop.ozone.client.rpc.TestContainerStateMachineFailures.testWriteStateMachineDataIdempotencyWithClosedContainer(TestContainerStateMachineFailures.java:738)
	at java.base/java.lang.reflect.Method.invoke(Method.java:580)
	at java.base/java.util.ArrayList.forEach(ArrayList.java:1596)
	at java.base/java.util.ArrayList.forEach(ArrayList.java:1596)
]]></failure>
    <system-out><![CDATA[2025-07-02 18:45:35,807 [92aeff0d-b8ac-4e9e-9ba6-1724c63a8401-ChunkWriter-0-0] WARN  statemachine.DatanodeConfiguration (DatanodeConfiguration.java:validateMinFreeSpace(751)) - hdds.datanode.volume.min.free.space.percent = -1.0 is invalid, should be between 0 and 1
2025-07-02 18:45:35,808 [92aeff0d-b8ac-4e9e-9ba6-1724c63a8401-ChunkWriter-0-0] WARN  statemachine.DatanodeConfiguration (DatanodeConfiguration.java:validateMinFreeSpace(751)) - hdds.datanode.volume.min.free.space.percent = -1.0 is invalid, should be between 0 and 1
2025-07-02 18:45:35,824 [92aeff0d-b8ac-4e9e-9ba6-1724c63a8401@group-B4EE531A63A2-StateMachineUpdater] INFO  ratis.ContainerStateMachine (ContainerStateMachine.java:takeSnapshot(427)) - group-B4EE531A63A2: Taking a snapshot at:(t:1, i:3) file /home/runner/work/ozone/ozone/hadoop-ozone/integration-test/target/test-dir/MiniOzoneClusterImpl-b7e00dfa-d3b8-45cf-9d3a-2bd5fdfebf54/ozone-meta/datanode-7/ratis/d780ee6f-851c-4d64-8d60-b4ee531a63a2/sm/snapshot.1_3
2025-07-02 18:45:35,826 [92aeff0d-b8ac-4e9e-9ba6-1724c63a8401@group-B4EE531A63A2-StateMachineUpdater] INFO  ratis.ContainerStateMachine (ContainerStateMachine.java:takeSnapshot(436)) - group-B4EE531A63A2: Finished taking a snapshot at:(t:1, i:3) file:/home/runner/work/ozone/ozone/hadoop-ozone/integration-test/target/test-dir/MiniOzoneClusterImpl-b7e00dfa-d3b8-45cf-9d3a-2bd5fdfebf54/ozone-meta/datanode-7/ratis/d780ee6f-851c-4d64-8d60-b4ee531a63a2/sm/snapshot.1_3 took: 2 ms
2025-07-02 18:45:35,826 [92aeff0d-b8ac-4e9e-9ba6-1724c63a8401@group-B4EE531A63A2-StateMachineUpdater] INFO  impl.StateMachineUpdater (StateMachineUpdater.java:takeSnapshot(307)) - 92aeff0d-b8ac-4e9e-9ba6-1724c63a8401@group-B4EE531A63A2-StateMachineUpdater: Took a snapshot at index 3
2025-07-02 18:45:35,826 [92aeff0d-b8ac-4e9e-9ba6-1724c63a8401@group-B4EE531A63A2-StateMachineUpdater] INFO  impl.StateMachineUpdater (StateMachineUpdater.java:lambda$new$0(101)) - 92aeff0d-b8ac-4e9e-9ba6-1724c63a8401@group-B4EE531A63A2-StateMachineUpdater: snapshotIndex: updateIncreasingly 0 -> 3
2025-07-02 18:45:35,828 [92aeff0d-b8ac-4e9e-9ba6-1724c63a8401@group-B4EE531A63A2-StateMachineUpdater] INFO  ratis.ContainerStateMachine (ContainerStateMachine.java:takeSnapshot(427)) - group-B4EE531A63A2: Taking a snapshot at:(t:1, i:7) file /home/runner/work/ozone/ozone/hadoop-ozone/integration-test/target/test-dir/MiniOzoneClusterImpl-b7e00dfa-d3b8-45cf-9d3a-2bd5fdfebf54/ozone-meta/datanode-7/ratis/d780ee6f-851c-4d64-8d60-b4ee531a63a2/sm/snapshot.1_7
2025-07-02 18:45:35,830 [92aeff0d-b8ac-4e9e-9ba6-1724c63a8401@group-B4EE531A63A2-StateMachineUpdater] INFO  ratis.ContainerStateMachine (ContainerStateMachine.java:takeSnapshot(436)) - group-B4EE531A63A2: Finished taking a snapshot at:(t:1, i:7) file:/home/runner/work/ozone/ozone/hadoop-ozone/integration-test/target/test-dir/MiniOzoneClusterImpl-b7e00dfa-d3b8-45cf-9d3a-2bd5fdfebf54/ozone-meta/datanode-7/ratis/d780ee6f-851c-4d64-8d60-b4ee531a63a2/sm/snapshot.1_7 took: 2 ms
2025-07-02 18:45:35,830 [92aeff0d-b8ac-4e9e-9ba6-1724c63a8401@group-B4EE531A63A2-StateMachineUpdater] INFO  impl.StateMachineUpdater (StateMachineUpdater.java:takeSnapshot(307)) - 92aeff0d-b8ac-4e9e-9ba6-1724c63a8401@group-B4EE531A63A2-StateMachineUpdater: Took a snapshot at index 7
2025-07-02 18:45:35,830 [92aeff0d-b8ac-4e9e-9ba6-1724c63a8401@group-B4EE531A63A2-StateMachineUpdater] INFO  impl.StateMachineUpdater (StateMachineUpdater.java:lambda$new$0(101)) - 92aeff0d-b8ac-4e9e-9ba6-1724c63a8401@group-B4EE531A63A2-StateMachineUpdater: snapshotIndex: updateIncreasingly 3 -> 7
2025-07-02 18:45:35,835 [main] INFO  ratis.ContainerStateMachine (ContainerStateMachine.java:takeSnapshot(427)) - group-B4EE531A63A2: Taking a snapshot at:(t:1, i:7) file /home/runner/work/ozone/ozone/hadoop-ozone/integration-test/target/test-dir/MiniOzoneClusterImpl-b7e00dfa-d3b8-45cf-9d3a-2bd5fdfebf54/ozone-meta/datanode-7/ratis/d780ee6f-851c-4d64-8d60-b4ee531a63a2/sm/snapshot.1_7
2025-07-02 18:45:35,837 [main] INFO  ratis.ContainerStateMachine (ContainerStateMachine.java:takeSnapshot(436)) - group-B4EE531A63A2: Finished taking a snapshot at:(t:1, i:7) file:/home/runner/work/ozone/ozone/hadoop-ozone/integration-test/target/test-dir/MiniOzoneClusterImpl-b7e00dfa-d3b8-45cf-9d3a-2bd5fdfebf54/ozone-meta/datanode-7/ratis/d780ee6f-851c-4d64-8d60-b4ee531a63a2/sm/snapshot.1_7 took: 2 ms
2025-07-02 18:45:35,884 [main] INFO  proxy.SCMContainerLocationFailoverProxyProvider (SCMFailoverProxyProviderBase.java:<init>(120)) - Created fail-over proxy for protocol StorageContainerLocationProtocolPB with 1 nodes: [nodeId=scmNodeId,nodeAddress=/0.0.0.0:15000]
2025-07-02 18:45:35,906 [92aeff0d-b8ac-4e9e-9ba6-1724c63a8401-ChunkWriter-0-0] WARN  helpers.ChunkUtils (ChunkUtils.java:validateChunkForOverwrite(378)) - Duplicate write chunk request. Chunk overwrite without explicit request. ChunkInfo{chunkName='115816896921600004.data.0, offset=0, len=5}
2025-07-02 18:45:35,909 [92aeff0d-b8ac-4e9e-9ba6-1724c63a8401-ChunkWriter-0-0] WARN  helpers.ChunkUtils (ChunkUtils.java:validateChunkForOverwrite(378)) - Duplicate write chunk request. Chunk overwrite without explicit request. ChunkInfo{chunkName='115816896921600004.data.0, offset=0, len=5}
2025-07-02 18:45:35,911 [92aeff0d-b8ac-4e9e-9ba6-1724c63a8401-ChunkWriter-0-0] WARN  helpers.ChunkUtils (ChunkUtils.java:validateChunkForOverwrite(378)) - Duplicate write chunk request. Chunk overwrite without explicit request. ChunkInfo{chunkName='115816896921600004.data.0, offset=0, len=5}
2025-07-02 18:45:35,914 [92aeff0d-b8ac-4e9e-9ba6-1724c63a8401-ChunkWriter-0-0] WARN  helpers.ChunkUtils (ChunkUtils.java:validateChunkForOverwrite(378)) - Duplicate write chunk request. Chunk overwrite without explicit request. ChunkInfo{chunkName='115816896921600004.data.0, offset=0, len=5}
2025-07-02 18:45:35,916 [92aeff0d-b8ac-4e9e-9ba6-1724c63a8401-ChunkWriter-0-0] WARN  helpers.ChunkUtils (ChunkUtils.java:validateChunkForOverwrite(378)) - Duplicate write chunk request. Chunk overwrite without explicit request. ChunkInfo{chunkName='115816896921600004.data.0, offset=0, len=5}
2025-07-02 18:45:35,917 [92aeff0d-b8ac-4e9e-9ba6-1724c63a8401-ChunkWriter-0-0] WARN  helpers.ChunkUtils (ChunkUtils.java:validateChunkForOverwrite(378)) - Duplicate write chunk request. Chunk overwrite without explicit request. ChunkInfo{chunkName='115816896921600004.data.0, offset=0, len=5}
2025-07-02 18:45:35,919 [92aeff0d-b8ac-4e9e-9ba6-1724c63a8401-ChunkWriter-0-0] WARN  helpers.ChunkUtils (ChunkUtils.java:validateChunkForOverwrite(378)) - Duplicate write chunk request. Chunk overwrite without explicit request. ChunkInfo{chunkName='115816896921600004.data.0, offset=0, len=5}
2025-07-02 18:45:35,921 [92aeff0d-b8ac-4e9e-9ba6-1724c63a8401-ChunkWriter-0-0] WARN  helpers.ChunkUtils (ChunkUtils.java:validateChunkForOverwrite(378)) - Duplicate write chunk request. Chunk overwrite without explicit request. ChunkInfo{chunkName='115816896921600004.data.0, offset=0, len=5}
2025-07-02 18:45:35,922 [92aeff0d-b8ac-4e9e-9ba6-1724c63a8401@group-B4EE531A63A2-StateMachineUpdater] INFO  ratis.ContainerStateMachine (ContainerStateMachine.java:takeSnapshot(427)) - group-B4EE531A63A2: Taking a snapshot at:(t:1, i:11) file /home/runner/work/ozone/ozone/hadoop-ozone/integration-test/target/test-dir/MiniOzoneClusterImpl-b7e00dfa-d3b8-45cf-9d3a-2bd5fdfebf54/ozone-meta/datanode-7/ratis/d780ee6f-851c-4d64-8d60-b4ee531a63a2/sm/snapshot.1_11
2025-07-02 18:45:35,923 [92aeff0d-b8ac-4e9e-9ba6-1724c63a8401-ChunkWriter-0-0] WARN  helpers.ChunkUtils (ChunkUtils.java:validateChunkForOverwrite(378)) - Duplicate write chunk request. Chunk overwrite without explicit request. ChunkInfo{chunkName='115816896921600004.data.0, offset=0, len=5}
2025-07-02 18:45:35,925 [92aeff0d-b8ac-4e9e-9ba6-1724c63a8401@group-B4EE531A63A2-StateMachineUpdater] INFO  ratis.ContainerStateMachine (ContainerStateMachine.java:takeSnapshot(436)) - group-B4EE531A63A2: Finished taking a snapshot at:(t:1, i:11) file:/home/runner/work/ozone/ozone/hadoop-ozone/integration-test/target/test-dir/MiniOzoneClusterImpl-b7e00dfa-d3b8-45cf-9d3a-2bd5fdfebf54/ozone-meta/datanode-7/ratis/d780ee6f-851c-4d64-8d60-b4ee531a63a2/sm/snapshot.1_11 took: 4 ms
2025-07-02 18:45:35,927 [92aeff0d-b8ac-4e9e-9ba6-1724c63a8401@group-B4EE531A63A2-StateMachineUpdater] INFO  impl.StateMachineUpdater (StateMachineUpdater.java:takeSnapshot(307)) - 92aeff0d-b8ac-4e9e-9ba6-1724c63a8401@group-B4EE531A63A2-StateMachineUpdater: Took a snapshot at index 11
2025-07-02 18:45:35,927 [92aeff0d-b8ac-4e9e-9ba6-1724c63a8401@group-B4EE531A63A2-StateMachineUpdater] INFO  impl.StateMachineUpdater (StateMachineUpdater.java:lambda$new$0(101)) - 92aeff0d-b8ac-4e9e-9ba6-1724c63a8401@group-B4EE531A63A2-StateMachineUpdater: snapshotIndex: updateIncreasingly 7 -> 11
2025-07-02 18:45:35,927 [92aeff0d-b8ac-4e9e-9ba6-1724c63a8401-ChunkWriter-0-0] WARN  helpers.ChunkUtils (ChunkUtils.java:validateChunkForOverwrite(378)) - Duplicate write chunk request. Chunk overwrite without explicit request. ChunkInfo{chunkName='115816896921600004.data.0, offset=0, len=5}
2025-07-02 18:45:35,930 [92aeff0d-b8ac-4e9e-9ba6-1724c63a8401-ChunkWriter-0-0] WARN  helpers.ChunkUtils (ChunkUtils.java:validateChunkForOverwrite(378)) - Duplicate write chunk request. Chunk overwrite without explicit request. ChunkInfo{chunkName='115816896921600004.data.0, offset=0, len=5}
2025-07-02 18:45:35,932 [92aeff0d-b8ac-4e9e-9ba6-1724c63a8401-ChunkWriter-0-0] WARN  helpers.ChunkUtils (ChunkUtils.java:validateChunkForOverwrite(378)) - Duplicate write chunk request. Chunk overwrite without explicit request. ChunkInfo{chunkName='115816896921600004.data.0, offset=0, len=5}
2025-07-02 18:45:35,934 [92aeff0d-b8ac-4e9e-9ba6-1724c63a8401-ChunkWriter-0-0] WARN  helpers.ChunkUtils (ChunkUtils.java:validateChunkForOverwrite(378)) - Duplicate write chunk request. Chunk overwrite without explicit request. ChunkInfo{chunkName='115816896921600004.data.0, offset=0, len=5}
2025-07-02 18:45:35,939 [92aeff0d-b8ac-4e9e-9ba6-1724c63a8401-ChunkWriter-0-0] WARN  helpers.ChunkUtils (ChunkUtils.java:validateChunkForOverwrite(378)) - Duplicate write chunk request. Chunk overwrite without explicit request. ChunkInfo{chunkName='115816896921600004.data.0, offset=0, len=5}
2025-07-02 18:45:35,941 [92aeff0d-b8ac-4e9e-9ba6-1724c63a8401@group-B4EE531A63A2-StateMachineUpdater] INFO  ratis.ContainerStateMachine (ContainerStateMachine.java:takeSnapshot(427)) - group-B4EE531A63A2: Taking a snapshot at:(t:1, i:24) file /home/runner/work/ozone/ozone/hadoop-ozone/integration-test/target/test-dir/MiniOzoneClusterImpl-b7e00dfa-d3b8-45cf-9d3a-2bd5fdfebf54/ozone-meta/datanode-7/ratis/d780ee6f-851c-4d64-8d60-b4ee531a63a2/sm/snapshot.1_24
2025-07-02 18:45:35,944 [92aeff0d-b8ac-4e9e-9ba6-1724c63a8401@group-B4EE531A63A2-StateMachineUpdater] INFO  ratis.ContainerStateMachine (ContainerStateMachine.java:takeSnapshot(436)) - group-B4EE531A63A2: Finished taking a snapshot at:(t:1, i:24) file:/home/runner/work/ozone/ozone/hadoop-ozone/integration-test/target/test-dir/MiniOzoneClusterImpl-b7e00dfa-d3b8-45cf-9d3a-2bd5fdfebf54/ozone-meta/datanode-7/ratis/d780ee6f-851c-4d64-8d60-b4ee531a63a2/sm/snapshot.1_24 took: 4 ms
2025-07-02 18:45:35,944 [92aeff0d-b8ac-4e9e-9ba6-1724c63a8401-ChunkWriter-0-0] WARN  helpers.ChunkUtils (ChunkUtils.java:validateChunkForOverwrite(378)) - Duplicate write chunk request. Chunk overwrite without explicit request. ChunkInfo{chunkName='115816896921600004.data.0, offset=0, len=5}
2025-07-02 18:45:35,945 [92aeff0d-b8ac-4e9e-9ba6-1724c63a8401@group-B4EE531A63A2-StateMachineUpdater] INFO  impl.StateMachineUpdater (StateMachineUpdater.java:takeSnapshot(307)) - 92aeff0d-b8ac-4e9e-9ba6-1724c63a8401@group-B4EE531A63A2-StateMachineUpdater: Took a snapshot at index 24
2025-07-02 18:45:35,945 [92aeff0d-b8ac-4e9e-9ba6-1724c63a8401@group-B4EE531A63A2-StateMachineUpdater] INFO  impl.StateMachineUpdater (StateMachineUpdater.java:lambda$new$0(101)) - 92aeff0d-b8ac-4e9e-9ba6-1724c63a8401@group-B4EE531A63A2-StateMachineUpdater: snapshotIndex: updateIncreasingly 11 -> 24
2025-07-02 18:45:35,947 [92aeff0d-b8ac-4e9e-9ba6-1724c63a8401-ChunkWriter-0-0] WARN  helpers.ChunkUtils (ChunkUtils.java:validateChunkForOverwrite(378)) - Duplicate write chunk request. Chunk overwrite without explicit request. ChunkInfo{chunkName='115816896921600004.data.0, offset=0, len=5}
2025-07-02 18:45:35,950 [92aeff0d-b8ac-4e9e-9ba6-1724c63a8401@group-B4EE531A63A2-StateMachineUpdater] INFO  ratis.ContainerStateMachine (ContainerStateMachine.java:takeSnapshot(427)) - group-B4EE531A63A2: Taking a snapshot at:(t:1, i:32) file /home/runner/work/ozone/ozone/hadoop-ozone/integration-test/target/test-dir/MiniOzoneClusterImpl-b7e00dfa-d3b8-45cf-9d3a-2bd5fdfebf54/ozone-meta/datanode-7/ratis/d780ee6f-851c-4d64-8d60-b4ee531a63a2/sm/snapshot.1_32
2025-07-02 18:45:35,952 [92aeff0d-b8ac-4e9e-9ba6-1724c63a8401@group-B4EE531A63A2-StateMachineUpdater] INFO  ratis.ContainerStateMachine (ContainerStateMachine.java:takeSnapshot(436)) - group-B4EE531A63A2: Finished taking a snapshot at:(t:1, i:32) file:/home/runner/work/ozone/ozone/hadoop-ozone/integration-test/target/test-dir/MiniOzoneClusterImpl-b7e00dfa-d3b8-45cf-9d3a-2bd5fdfebf54/ozone-meta/datanode-7/ratis/d780ee6f-851c-4d64-8d60-b4ee531a63a2/sm/snapshot.1_32 took: 2 ms
2025-07-02 18:45:35,952 [92aeff0d-b8ac-4e9e-9ba6-1724c63a8401-ChunkWriter-0-0] WARN  helpers.ChunkUtils (ChunkUtils.java:validateChunkForOverwrite(378)) - Duplicate write chunk request. Chunk overwrite without explicit request. ChunkInfo{chunkName='115816896921600004.data.0, offset=0, len=5}
2025-07-02 18:45:35,954 [92aeff0d-b8ac-4e9e-9ba6-1724c63a8401@group-B4EE531A63A2-StateMachineUpdater] INFO  impl.SimpleStateMachineStorage (SimpleStateMachineStorage.java:lambda$cleanupOldSnapshots$1(126)) - Deleting old snapshot at /home/runner/work/ozone/ozone/hadoop-ozone/integration-test/target/test-dir/MiniOzoneClusterImpl-b7e00dfa-d3b8-45cf-9d3a-2bd5fdfebf54/ozone-meta/datanode-7/ratis/d780ee6f-851c-4d64-8d60-b4ee531a63a2/sm/snapshot.1_0
2025-07-02 18:45:35,955 [92aeff0d-b8ac-4e9e-9ba6-1724c63a8401-ChunkWriter-0-0] WARN  helpers.ChunkUtils (ChunkUtils.java:validateChunkForOverwrite(378)) - Duplicate write chunk request. Chunk overwrite without explicit request. ChunkInfo{chunkName='115816896921600004.data.0, offset=0, len=5}
2025-07-02 18:45:35,956 [92aeff0d-b8ac-4e9e-9ba6-1724c63a8401-ChunkWriter-0-0] WARN  helpers.ChunkUtils (ChunkUtils.java:validateChunkForOverwrite(378)) - Duplicate write chunk request. Chunk overwrite without explicit request. ChunkInfo{chunkName='115816896921600004.data.0, offset=0, len=5}
2025-07-02 18:45:35,957 [92aeff0d-b8ac-4e9e-9ba6-1724c63a8401@group-B4EE531A63A2-StateMachineUpdater] INFO  impl.StateMachineUpdater (StateMachineUpdater.java:takeSnapshot(307)) - 92aeff0d-b8ac-4e9e-9ba6-1724c63a8401@group-B4EE531A63A2-StateMachineUpdater: Took a snapshot at index 32
2025-07-02 18:45:35,957 [92aeff0d-b8ac-4e9e-9ba6-1724c63a8401@group-B4EE531A63A2-StateMachineUpdater] INFO  impl.StateMachineUpdater (StateMachineUpdater.java:lambda$new$0(101)) - 92aeff0d-b8ac-4e9e-9ba6-1724c63a8401@group-B4EE531A63A2-StateMachineUpdater: snapshotIndex: updateIncreasingly 24 -> 32
2025-07-02 18:45:35,960 [92aeff0d-b8ac-4e9e-9ba6-1724c63a8401@group-B4EE531A63A2-StateMachineUpdater] INFO  ratis.ContainerStateMachine (ContainerStateMachine.java:takeSnapshot(427)) - group-B4EE531A63A2: Taking a snapshot at:(t:1, i:40) file /home/runner/work/ozone/ozone/hadoop-ozone/integration-test/target/test-dir/MiniOzoneClusterImpl-b7e00dfa-d3b8-45cf-9d3a-2bd5fdfebf54/ozone-meta/datanode-7/ratis/d780ee6f-851c-4d64-8d60-b4ee531a63a2/sm/snapshot.1_40
2025-07-02 18:45:35,960 [92aeff0d-b8ac-4e9e-9ba6-1724c63a8401-ChunkWriter-0-0] WARN  helpers.ChunkUtils (ChunkUtils.java:validateChunkForOverwrite(378)) - Duplicate write chunk request. Chunk overwrite without explicit request. ChunkInfo{chunkName='115816896921600004.data.0, offset=0, len=5}
2025-07-02 18:45:35,962 [92aeff0d-b8ac-4e9e-9ba6-1724c63a8401@group-B4EE531A63A2-StateMachineUpdater] INFO  ratis.ContainerStateMachine (ContainerStateMachine.java:takeSnapshot(436)) - group-B4EE531A63A2: Finished taking a snapshot at:(t:1, i:40) file:/home/runner/work/ozone/ozone/hadoop-ozone/integration-test/target/test-dir/MiniOzoneClusterImpl-b7e00dfa-d3b8-45cf-9d3a-2bd5fdfebf54/ozone-meta/datanode-7/ratis/d780ee6f-851c-4d64-8d60-b4ee531a63a2/sm/snapshot.1_40 took: 2 ms
2025-07-02 18:45:35,962 [92aeff0d-b8ac-4e9e-9ba6-1724c63a8401@group-B4EE531A63A2-StateMachineUpdater] INFO  impl.SimpleStateMachineStorage (SimpleStateMachineStorage.java:lambda$cleanupOldSnapshots$1(126)) - Deleting old snapshot at /home/runner/work/ozone/ozone/hadoop-ozone/integration-test/target/test-dir/MiniOzoneClusterImpl-b7e00dfa-d3b8-45cf-9d3a-2bd5fdfebf54/ozone-meta/datanode-7/ratis/d780ee6f-851c-4d64-8d60-b4ee531a63a2/sm/snapshot.1_3
2025-07-02 18:45:35,962 [92aeff0d-b8ac-4e9e-9ba6-1724c63a8401@group-B4EE531A63A2-StateMachineUpdater] INFO  impl.StateMachineUpdater (StateMachineUpdater.java:takeSnapshot(307)) - 92aeff0d-b8ac-4e9e-9ba6-1724c63a8401@group-B4EE531A63A2-StateMachineUpdater: Took a snapshot at index 40
2025-07-02 18:45:35,962 [92aeff0d-b8ac-4e9e-9ba6-1724c63a8401@group-B4EE531A63A2-StateMachineUpdater] INFO  impl.StateMachineUpdater (StateMachineUpdater.java:lambda$new$0(101)) - 92aeff0d-b8ac-4e9e-9ba6-1724c63a8401@group-B4EE531A63A2-StateMachineUpdater: snapshotIndex: updateIncreasingly 32 -> 40
2025-07-02 18:45:35,964 [92aeff0d-b8ac-4e9e-9ba6-1724c63a8401-ChunkWriter-0-0] WARN  helpers.ChunkUtils (ChunkUtils.java:validateChunkForOverwrite(378)) - Duplicate write chunk request. Chunk overwrite without explicit request. ChunkInfo{chunkName='115816896921600004.data.0, offset=0, len=5}
2025-07-02 18:45:35,969 [92aeff0d-b8ac-4e9e-9ba6-1724c63a8401-ChunkWriter-0-0] WARN  helpers.ChunkUtils (ChunkUtils.java:validateChunkForOverwrite(378)) - Duplicate write chunk request. Chunk overwrite without explicit request. ChunkInfo{chunkName='115816896921600004.data.0, offset=0, len=5}
2025-07-02 18:45:35,969 [92aeff0d-b8ac-4e9e-9ba6-1724c63a8401@group-B4EE531A63A2-StateMachineUpdater] INFO  ratis.ContainerStateMachine (ContainerStateMachine.java:takeSnapshot(427)) - group-B4EE531A63A2: Taking a snapshot at:(t:1, i:43) file /home/runner/work/ozone/ozone/hadoop-ozone/integration-test/target/test-dir/MiniOzoneClusterImpl-b7e00dfa-d3b8-45cf-9d3a-2bd5fdfebf54/ozone-meta/datanode-7/ratis/d780ee6f-851c-4d64-8d60-b4ee531a63a2/sm/snapshot.1_43
2025-07-02 18:45:35,971 [92aeff0d-b8ac-4e9e-9ba6-1724c63a8401-ChunkWriter-0-0] WARN  helpers.ChunkUtils (ChunkUtils.java:validateChunkForOverwrite(378)) - Duplicate write chunk request. Chunk overwrite without explicit request. ChunkInfo{chunkName='115816896921600004.data.0, offset=0, len=5}
2025-07-02 18:45:35,974 [92aeff0d-b8ac-4e9e-9ba6-1724c63a8401-ChunkWriter-0-0] WARN  helpers.ChunkUtils (ChunkUtils.java:validateChunkForOverwrite(378)) - Duplicate write chunk request. Chunk overwrite without explicit request. ChunkInfo{chunkName='115816896921600004.data.0, offset=0, len=5}
2025-07-02 18:45:35,974 [92aeff0d-b8ac-4e9e-9ba6-1724c63a8401@group-B4EE531A63A2-StateMachineUpdater] INFO  ratis.ContainerStateMachine (ContainerStateMachine.java:takeSnapshot(436)) - group-B4EE531A63A2: Finished taking a snapshot at:(t:1, i:43) file:/home/runner/work/ozone/ozone/hadoop-ozone/integration-test/target/test-dir/MiniOzoneClusterImpl-b7e00dfa-d3b8-45cf-9d3a-2bd5fdfebf54/ozone-meta/datanode-7/ratis/d780ee6f-851c-4d64-8d60-b4ee531a63a2/sm/snapshot.1_43 took: 5 ms
2025-07-02 18:45:35,975 [92aeff0d-b8ac-4e9e-9ba6-1724c63a8401@group-B4EE531A63A2-StateMachineUpdater] INFO  impl.SimpleStateMachineStorage (SimpleStateMachineStorage.java:lambda$cleanupOldSnapshots$1(126)) - Deleting old snapshot at /home/runner/work/ozone/ozone/hadoop-ozone/integration-test/target/test-dir/MiniOzoneClusterImpl-b7e00dfa-d3b8-45cf-9d3a-2bd5fdfebf54/ozone-meta/datanode-7/ratis/d780ee6f-851c-4d64-8d60-b4ee531a63a2/sm/snapshot.1_7
2025-07-02 18:45:35,975 [92aeff0d-b8ac-4e9e-9ba6-1724c63a8401-ChunkWriter-0-0] WARN  helpers.ChunkUtils (ChunkUtils.java:validateChunkForOverwrite(378)) - Duplicate write chunk request. Chunk overwrite without explicit request. ChunkInfo{chunkName='115816896921600004.data.0, offset=0, len=5}
2025-07-02 18:45:35,975 [92aeff0d-b8ac-4e9e-9ba6-1724c63a8401@group-B4EE531A63A2-StateMachineUpdater] INFO  impl.StateMachineUpdater (StateMachineUpdater.java:takeSnapshot(307)) - 92aeff0d-b8ac-4e9e-9ba6-1724c63a8401@group-B4EE531A63A2-StateMachineUpdater: Took a snapshot at index 43
2025-07-02 18:45:35,976 [92aeff0d-b8ac-4e9e-9ba6-1724c63a8401@group-B4EE531A63A2-StateMachineUpdater] INFO  impl.StateMachineUpdater (StateMachineUpdater.java:lambda$new$0(101)) - 92aeff0d-b8ac-4e9e-9ba6-1724c63a8401@group-B4EE531A63A2-StateMachineUpdater: snapshotIndex: updateIncreasingly 40 -> 43
2025-07-02 18:45:35,978 [92aeff0d-b8ac-4e9e-9ba6-1724c63a8401@group-B4EE531A63A2-StateMachineUpdater] INFO  ratis.ContainerStateMachine (ContainerStateMachine.java:takeSnapshot(427)) - group-B4EE531A63A2: Taking a snapshot at:(t:1, i:51) file /home/runner/work/ozone/ozone/hadoop-ozone/integration-test/target/test-dir/MiniOzoneClusterImpl-b7e00dfa-d3b8-45cf-9d3a-2bd5fdfebf54/ozone-meta/datanode-7/ratis/d780ee6f-851c-4d64-8d60-b4ee531a63a2/sm/snapshot.1_51
2025-07-02 18:45:35,978 [92aeff0d-b8ac-4e9e-9ba6-1724c63a8401-ChunkWriter-0-0] WARN  helpers.ChunkUtils (ChunkUtils.java:validateChunkForOverwrite(378)) - Duplicate write chunk request. Chunk overwrite without explicit request. ChunkInfo{chunkName='115816896921600004.data.0, offset=0, len=5}
2025-07-02 18:45:35,979 [92aeff0d-b8ac-4e9e-9ba6-1724c63a8401@group-B4EE531A63A2-StateMachineUpdater] INFO  ratis.ContainerStateMachine (ContainerStateMachine.java:takeSnapshot(436)) - group-B4EE531A63A2: Finished taking a snapshot at:(t:1, i:51) file:/home/runner/work/ozone/ozone/hadoop-ozone/integration-test/target/test-dir/MiniOzoneClusterImpl-b7e00dfa-d3b8-45cf-9d3a-2bd5fdfebf54/ozone-meta/datanode-7/ratis/d780ee6f-851c-4d64-8d60-b4ee531a63a2/sm/snapshot.1_51 took: 1 ms
2025-07-02 18:45:35,980 [92aeff0d-b8ac-4e9e-9ba6-1724c63a8401-ChunkWriter-0-0] WARN  helpers.ChunkUtils (ChunkUtils.java:validateChunkForOverwrite(378)) - Duplicate write chunk request. Chunk overwrite without explicit request. ChunkInfo{chunkName='115816896921600004.data.0, offset=0, len=5}
2025-07-02 18:45:35,980 [92aeff0d-b8ac-4e9e-9ba6-1724c63a8401@group-B4EE531A63A2-StateMachineUpdater] INFO  impl.SimpleStateMachineStorage (SimpleStateMachineStorage.java:lambda$cleanupOldSnapshots$1(126)) - Deleting old snapshot at /home/runner/work/ozone/ozone/hadoop-ozone/integration-test/target/test-dir/MiniOzoneClusterImpl-b7e00dfa-d3b8-45cf-9d3a-2bd5fdfebf54/ozone-meta/datanode-7/ratis/d780ee6f-851c-4d64-8d60-b4ee531a63a2/sm/snapshot.1_11
2025-07-02 18:45:35,980 [92aeff0d-b8ac-4e9e-9ba6-1724c63a8401@group-B4EE531A63A2-StateMachineUpdater] INFO  impl.StateMachineUpdater (StateMachineUpdater.java:takeSnapshot(307)) - 92aeff0d-b8ac-4e9e-9ba6-1724c63a8401@group-B4EE531A63A2-StateMachineUpdater: Took a snapshot at index 51
2025-07-02 18:45:35,980 [92aeff0d-b8ac-4e9e-9ba6-1724c63a8401@group-B4EE531A63A2-StateMachineUpdater] INFO  impl.StateMachineUpdater (StateMachineUpdater.java:lambda$new$0(101)) - 92aeff0d-b8ac-4e9e-9ba6-1724c63a8401@group-B4EE531A63A2-StateMachineUpdater: snapshotIndex: updateIncreasingly 43 -> 51
2025-07-02 18:45:35,982 [92aeff0d-b8ac-4e9e-9ba6-1724c63a8401@group-B4EE531A63A2-StateMachineUpdater] INFO  ratis.ContainerStateMachine (ContainerStateMachine.java:takeSnapshot(427)) - group-B4EE531A63A2: Taking a snapshot at:(t:1, i:53) file /home/runner/work/ozone/ozone/hadoop-ozone/integration-test/target/test-dir/MiniOzoneClusterImpl-b7e00dfa-d3b8-45cf-9d3a-2bd5fdfebf54/ozone-meta/datanode-7/ratis/d780ee6f-851c-4d64-8d60-b4ee531a63a2/sm/snapshot.1_53
2025-07-02 18:45:35,982 [92aeff0d-b8ac-4e9e-9ba6-1724c63a8401-ChunkWriter-0-0] WARN  helpers.ChunkUtils (ChunkUtils.java:validateChunkForOverwrite(378)) - Duplicate write chunk request. Chunk overwrite without explicit request. ChunkInfo{chunkName='115816896921600004.data.0, offset=0, len=5}
2025-07-02 18:45:35,984 [92aeff0d-b8ac-4e9e-9ba6-1724c63a8401-ChunkWriter-0-0] WARN  helpers.ChunkUtils (ChunkUtils.java:validateChunkForOverwrite(378)) - Duplicate write chunk request. Chunk overwrite without explicit request. ChunkInfo{chunkName='115816896921600004.data.0, offset=0, len=5}
2025-07-02 18:45:35,984 [92aeff0d-b8ac-4e9e-9ba6-1724c63a8401@group-B4EE531A63A2-StateMachineUpdater] INFO  ratis.ContainerStateMachine (ContainerStateMachine.java:takeSnapshot(436)) - group-B4EE531A63A2: Finished taking a snapshot at:(t:1, i:53) file:/home/runner/work/ozone/ozone/hadoop-ozone/integration-test/target/test-dir/MiniOzoneClusterImpl-b7e00dfa-d3b8-45cf-9d3a-2bd5fdfebf54/ozone-meta/datanode-7/ratis/d780ee6f-851c-4d64-8d60-b4ee531a63a2/sm/snapshot.1_53 took: 3 ms
2025-07-02 18:45:35,984 [92aeff0d-b8ac-4e9e-9ba6-1724c63a8401@group-B4EE531A63A2-StateMachineUpdater] INFO  impl.SimpleStateMachineStorage (SimpleStateMachineStorage.java:lambda$cleanupOldSnapshots$1(126)) - Deleting old snapshot at /home/runner/work/ozone/ozone/hadoop-ozone/integration-test/target/test-dir/MiniOzoneClusterImpl-b7e00dfa-d3b8-45cf-9d3a-2bd5fdfebf54/ozone-meta/datanode-7/ratis/d780ee6f-851c-4d64-8d60-b4ee531a63a2/sm/snapshot.1_24
2025-07-02 18:45:35,984 [92aeff0d-b8ac-4e9e-9ba6-1724c63a8401@group-B4EE531A63A2-StateMachineUpdater] INFO  impl.StateMachineUpdater (StateMachineUpdater.java:takeSnapshot(307)) - 92aeff0d-b8ac-4e9e-9ba6-1724c63a8401@group-B4EE531A63A2-StateMachineUpdater: Took a snapshot at index 53
2025-07-02 18:45:35,985 [92aeff0d-b8ac-4e9e-9ba6-1724c63a8401@group-B4EE531A63A2-StateMachineUpdater] INFO  impl.StateMachineUpdater (StateMachineUpdater.java:lambda$new$0(101)) - 92aeff0d-b8ac-4e9e-9ba6-1724c63a8401@group-B4EE531A63A2-StateMachineUpdater: snapshotIndex: updateIncreasingly 51 -> 53
2025-07-02 18:45:35,985 [92aeff0d-b8ac-4e9e-9ba6-1724c63a8401-ChunkWriter-0-0] WARN  helpers.ChunkUtils (ChunkUtils.java:validateChunkForOverwrite(378)) - Duplicate write chunk request. Chunk overwrite without explicit request. ChunkInfo{chunkName='115816896921600004.data.0, offset=0, len=5}
2025-07-02 18:45:35,986 [92aeff0d-b8ac-4e9e-9ba6-1724c63a8401-ChunkWriter-0-0] WARN  helpers.ChunkUtils (ChunkUtils.java:validateChunkForOverwrite(378)) - Duplicate write chunk request. Chunk overwrite without explicit request. ChunkInfo{chunkName='115816896921600004.data.0, offset=0, len=5}
2025-07-02 18:45:35,988 [92aeff0d-b8ac-4e9e-9ba6-1724c63a8401@group-B4EE531A63A2-StateMachineUpdater] INFO  ratis.ContainerStateMachine (ContainerStateMachine.java:takeSnapshot(427)) - group-B4EE531A63A2: Taking a snapshot at:(t:1, i:58) file /home/runner/work/ozone/ozone/hadoop-ozone/integration-test/target/test-dir/MiniOzoneClusterImpl-b7e00dfa-d3b8-45cf-9d3a-2bd5fdfebf54/ozone-meta/datanode-7/ratis/d780ee6f-851c-4d64-8d60-b4ee531a63a2/sm/snapshot.1_58
2025-07-02 18:45:35,988 [92aeff0d-b8ac-4e9e-9ba6-1724c63a8401-ChunkWriter-0-0] WARN  helpers.ChunkUtils (ChunkUtils.java:validateChunkForOverwrite(378)) - Duplicate write chunk request. Chunk overwrite without explicit request. ChunkInfo{chunkName='115816896921600004.data.0, offset=0, len=5}
2025-07-02 18:45:35,989 [92aeff0d-b8ac-4e9e-9ba6-1724c63a8401@group-B4EE531A63A2-StateMachineUpdater] INFO  ratis.ContainerStateMachine (ContainerStateMachine.java:takeSnapshot(436)) - group-B4EE531A63A2: Finished taking a snapshot at:(t:1, i:58) file:/home/runner/work/ozone/ozone/hadoop-ozone/integration-test/target/test-dir/MiniOzoneClusterImpl-b7e00dfa-d3b8-45cf-9d3a-2bd5fdfebf54/ozone-meta/datanode-7/ratis/d780ee6f-851c-4d64-8d60-b4ee531a63a2/sm/snapshot.1_58 took: 1 ms
2025-07-02 18:45:35,989 [92aeff0d-b8ac-4e9e-9ba6-1724c63a8401@group-B4EE531A63A2-StateMachineUpdater] INFO  impl.SimpleStateMachineStorage (SimpleStateMachineStorage.java:lambda$cleanupOldSnapshots$1(126)) - Deleting old snapshot at /home/runner/work/ozone/ozone/hadoop-ozone/integration-test/target/test-dir/MiniOzoneClusterImpl-b7e00dfa-d3b8-45cf-9d3a-2bd5fdfebf54/ozone-meta/datanode-7/ratis/d780ee6f-851c-4d64-8d60-b4ee531a63a2/sm/snapshot.1_32
2025-07-02 18:45:35,990 [92aeff0d-b8ac-4e9e-9ba6-1724c63a8401@group-B4EE531A63A2-StateMachineUpdater] INFO  impl.StateMachineUpdater (StateMachineUpdater.java:takeSnapshot(307)) - 92aeff0d-b8ac-4e9e-9ba6-1724c63a8401@group-B4EE531A63A2-StateMachineUpdater: Took a snapshot at index 58
2025-07-02 18:45:35,990 [92aeff0d-b8ac-4e9e-9ba6-1724c63a8401@group-B4EE531A63A2-StateMachineUpdater] INFO  impl.StateMachineUpdater (StateMachineUpdater.java:lambda$new$0(101)) - 92aeff0d-b8ac-4e9e-9ba6-1724c63a8401@group-B4EE531A63A2-StateMachineUpdater: snapshotIndex: updateIncreasingly 53 -> 58
2025-07-02 18:45:35,991 [92aeff0d-b8ac-4e9e-9ba6-1724c63a8401-ChunkWriter-0-0] WARN  helpers.ChunkUtils (ChunkUtils.java:validateChunkForOverwrite(378)) - Duplicate write chunk request. Chunk overwrite without explicit request. ChunkInfo{chunkName='115816896921600004.data.0, offset=0, len=5}
2025-07-02 18:45:35,992 [92aeff0d-b8ac-4e9e-9ba6-1724c63a8401@group-B4EE531A63A2-StateMachineUpdater] INFO  ratis.ContainerStateMachine (ContainerStateMachine.java:takeSnapshot(427)) - group-B4EE531A63A2: Taking a snapshot at:(t:1, i:66) file /home/runner/work/ozone/ozone/hadoop-ozone/integration-test/target/test-dir/MiniOzoneClusterImpl-b7e00dfa-d3b8-45cf-9d3a-2bd5fdfebf54/ozone-meta/datanode-7/ratis/d780ee6f-851c-4d64-8d60-b4ee531a63a2/sm/snapshot.1_66
2025-07-02 18:45:35,994 [92aeff0d-b8ac-4e9e-9ba6-1724c63a8401-ChunkWriter-0-0] WARN  helpers.ChunkUtils (ChunkUtils.java:validateChunkForOverwrite(378)) - Duplicate write chunk request. Chunk overwrite without explicit request. ChunkInfo{chunkName='115816896921600004.data.0, offset=0, len=5}
2025-07-02 18:45:35,994 [92aeff0d-b8ac-4e9e-9ba6-1724c63a8401@group-B4EE531A63A2-StateMachineUpdater] INFO  ratis.ContainerStateMachine (ContainerStateMachine.java:takeSnapshot(436)) - group-B4EE531A63A2: Finished taking a snapshot at:(t:1, i:66) file:/home/runner/work/ozone/ozone/hadoop-ozone/integration-test/target/test-dir/MiniOzoneClusterImpl-b7e00dfa-d3b8-45cf-9d3a-2bd5fdfebf54/ozone-meta/datanode-7/ratis/d780ee6f-851c-4d64-8d60-b4ee531a63a2/sm/snapshot.1_66 took: 2 ms
2025-07-02 18:45:35,995 [92aeff0d-b8ac-4e9e-9ba6-1724c63a8401@group-B4EE531A63A2-StateMachineUpdater] INFO  impl.SimpleStateMachineStorage (SimpleStateMachineStorage.java:lambda$cleanupOldSnapshots$1(126)) - Deleting old snapshot at /home/runner/work/ozone/ozone/hadoop-ozone/integration-test/target/test-dir/MiniOzoneClusterImpl-b7e00dfa-d3b8-45cf-9d3a-2bd5fdfebf54/ozone-meta/datanode-7/ratis/d780ee6f-851c-4d64-8d60-b4ee531a63a2/sm/snapshot.1_40
2025-07-02 18:45:35,995 [92aeff0d-b8ac-4e9e-9ba6-1724c63a8401-ChunkWriter-0-0] WARN  helpers.ChunkUtils (ChunkUtils.java:validateChunkForOverwrite(378)) - Duplicate write chunk request. Chunk overwrite without explicit request. ChunkInfo{chunkName='115816896921600004.data.0, offset=0, len=5}
2025-07-02 18:45:35,995 [92aeff0d-b8ac-4e9e-9ba6-1724c63a8401@group-B4EE531A63A2-StateMachineUpdater] INFO  impl.StateMachineUpdater (StateMachineUpdater.java:takeSnapshot(307)) - 92aeff0d-b8ac-4e9e-9ba6-1724c63a8401@group-B4EE531A63A2-StateMachineUpdater: Took a snapshot at index 66
2025-07-02 18:45:35,996 [92aeff0d-b8ac-4e9e-9ba6-1724c63a8401@group-B4EE531A63A2-StateMachineUpdater] INFO  impl.StateMachineUpdater (StateMachineUpdater.java:lambda$new$0(101)) - 92aeff0d-b8ac-4e9e-9ba6-1724c63a8401@group-B4EE531A63A2-StateMachineUpdater: snapshotIndex: updateIncreasingly 58 -> 66
2025-07-02 18:45:35,997 [92aeff0d-b8ac-4e9e-9ba6-1724c63a8401@group-B4EE531A63A2-StateMachineUpdater] INFO  ratis.ContainerStateMachine (ContainerStateMachine.java:takeSnapshot(427)) - group-B4EE531A63A2: Taking a snapshot at:(t:1, i:71) file /home/runner/work/ozone/ozone/hadoop-ozone/integration-test/target/test-dir/MiniOzoneClusterImpl-b7e00dfa-d3b8-45cf-9d3a-2bd5fdfebf54/ozone-meta/datanode-7/ratis/d780ee6f-851c-4d64-8d60-b4ee531a63a2/sm/snapshot.1_71
2025-07-02 18:45:35,999 [92aeff0d-b8ac-4e9e-9ba6-1724c63a8401@group-B4EE531A63A2-StateMachineUpdater] INFO  ratis.ContainerStateMachine (ContainerStateMachine.java:takeSnapshot(436)) - group-B4EE531A63A2: Finished taking a snapshot at:(t:1, i:71) file:/home/runner/work/ozone/ozone/hadoop-ozone/integration-test/target/test-dir/MiniOzoneClusterImpl-b7e00dfa-d3b8-45cf-9d3a-2bd5fdfebf54/ozone-meta/datanode-7/ratis/d780ee6f-851c-4d64-8d60-b4ee531a63a2/sm/snapshot.1_71 took: 1 ms
2025-07-02 18:45:35,999 [92aeff0d-b8ac-4e9e-9ba6-1724c63a8401-ChunkWriter-0-0] WARN  helpers.ChunkUtils (ChunkUtils.java:validateChunkForOverwrite(378)) - Duplicate write chunk request. Chunk overwrite without explicit request. ChunkInfo{chunkName='115816896921600004.data.0, offset=0, len=5}
2025-07-02 18:45:35,999 [92aeff0d-b8ac-4e9e-9ba6-1724c63a8401@group-B4EE531A63A2-StateMachineUpdater] INFO  impl.SimpleStateMachineStorage (SimpleStateMachineStorage.java:lambda$cleanupOldSnapshots$1(126)) - Deleting old snapshot at /home/runner/work/ozone/ozone/hadoop-ozone/integration-test/target/test-dir/MiniOzoneClusterImpl-b7e00dfa-d3b8-45cf-9d3a-2bd5fdfebf54/ozone-meta/datanode-7/ratis/d780ee6f-851c-4d64-8d60-b4ee531a63a2/sm/snapshot.1_43
2025-07-02 18:45:35,999 [92aeff0d-b8ac-4e9e-9ba6-1724c63a8401@group-B4EE531A63A2-StateMachineUpdater] INFO  impl.StateMachineUpdater (StateMachineUpdater.java:takeSnapshot(307)) - 92aeff0d-b8ac-4e9e-9ba6-1724c63a8401@group-B4EE531A63A2-StateMachineUpdater: Took a snapshot at index 71
2025-07-02 18:45:35,999 [92aeff0d-b8ac-4e9e-9ba6-1724c63a8401@group-B4EE531A63A2-StateMachineUpdater] INFO  impl.StateMachineUpdater (StateMachineUpdater.java:lambda$new$0(101)) - 92aeff0d-b8ac-4e9e-9ba6-1724c63a8401@group-B4EE531A63A2-StateMachineUpdater: snapshotIndex: updateIncreasingly 66 -> 71
2025-07-02 18:45:36,000 [92aeff0d-b8ac-4e9e-9ba6-1724c63a8401@group-B4EE531A63A2-StateMachineUpdater] INFO  ratis.ContainerStateMachine (ContainerStateMachine.java:takeSnapshot(427)) - group-B4EE531A63A2: Taking a snapshot at:(t:1, i:73) file /home/runner/work/ozone/ozone/hadoop-ozone/integration-test/target/test-dir/MiniOzoneClusterImpl-b7e00dfa-d3b8-45cf-9d3a-2bd5fdfebf54/ozone-meta/datanode-7/ratis/d780ee6f-851c-4d64-8d60-b4ee531a63a2/sm/snapshot.1_73
2025-07-02 18:45:36,001 [92aeff0d-b8ac-4e9e-9ba6-1724c63a8401-ChunkWriter-0-0] WARN  helpers.ChunkUtils (ChunkUtils.java:validateChunkForOverwrite(378)) - Duplicate write chunk request. Chunk overwrite without explicit request. ChunkInfo{chunkName='115816896921600004.data.0, offset=0, len=5}
2025-07-02 18:45:36,002 [92aeff0d-b8ac-4e9e-9ba6-1724c63a8401@group-B4EE531A63A2-StateMachineUpdater] INFO  ratis.ContainerStateMachine (ContainerStateMachine.java:takeSnapshot(436)) - group-B4EE531A63A2: Finished taking a snapshot at:(t:1, i:73) file:/home/runner/work/ozone/ozone/hadoop-ozone/integration-test/target/test-dir/MiniOzoneClusterImpl-b7e00dfa-d3b8-45cf-9d3a-2bd5fdfebf54/ozone-meta/datanode-7/ratis/d780ee6f-851c-4d64-8d60-b4ee531a63a2/sm/snapshot.1_73 took: 2 ms
2025-07-02 18:45:36,003 [92aeff0d-b8ac-4e9e-9ba6-1724c63a8401@group-B4EE531A63A2-StateMachineUpdater] INFO  impl.SimpleStateMachineStorage (SimpleStateMachineStorage.java:lambda$cleanupOldSnapshots$1(126)) - Deleting old snapshot at /home/runner/work/ozone/ozone/hadoop-ozone/integration-test/target/test-dir/MiniOzoneClusterImpl-b7e00dfa-d3b8-45cf-9d3a-2bd5fdfebf54/ozone-meta/datanode-7/ratis/d780ee6f-851c-4d64-8d60-b4ee531a63a2/sm/snapshot.1_51
2025-07-02 18:45:36,003 [92aeff0d-b8ac-4e9e-9ba6-1724c63a8401@group-B4EE531A63A2-StateMachineUpdater] INFO  impl.StateMachineUpdater (StateMachineUpdater.java:takeSnapshot(307)) - 92aeff0d-b8ac-4e9e-9ba6-1724c63a8401@group-B4EE531A63A2-StateMachineUpdater: Took a snapshot at index 73
2025-07-02 18:45:36,003 [92aeff0d-b8ac-4e9e-9ba6-1724c63a8401@group-B4EE531A63A2-StateMachineUpdater] INFO  impl.StateMachineUpdater (StateMachineUpdater.java:lambda$new$0(101)) - 92aeff0d-b8ac-4e9e-9ba6-1724c63a8401@group-B4EE531A63A2-StateMachineUpdater: snapshotIndex: updateIncreasingly 71 -> 73
2025-07-02 18:45:36,004 [92aeff0d-b8ac-4e9e-9ba6-1724c63a8401-ChunkWriter-0-0] WARN  helpers.ChunkUtils (ChunkUtils.java:validateChunkForOverwrite(378)) - Duplicate write chunk request. Chunk overwrite without explicit request. ChunkInfo{chunkName='115816896921600004.data.0, offset=0, len=5}
2025-07-02 18:45:36,004 [92aeff0d-b8ac-4e9e-9ba6-1724c63a8401-ChunkWriter-0-0] WARN  helpers.ChunkUtils (ChunkUtils.java:validateChunkForOverwrite(378)) - Duplicate write chunk request. Chunk overwrite without explicit request. ChunkInfo{chunkName='115816896921600004.data.0, offset=0, len=5}
2025-07-02 18:45:36,005 [92aeff0d-b8ac-4e9e-9ba6-1724c63a8401-ChunkWriter-0-0] WARN  helpers.ChunkUtils (ChunkUtils.java:validateChunkForOverwrite(378)) - Duplicate write chunk request. Chunk overwrite without explicit request. ChunkInfo{chunkName='115816896921600004.data.0, offset=0, len=5}
2025-07-02 18:45:36,005 [92aeff0d-b8ac-4e9e-9ba6-1724c63a8401@group-B4EE531A63A2-StateMachineUpdater] INFO  ratis.ContainerStateMachine (ContainerStateMachine.java:takeSnapshot(427)) - group-B4EE531A63A2: Taking a snapshot at:(t:1, i:77) file /home/runner/work/ozone/ozone/hadoop-ozone/integration-test/target/test-dir/MiniOzoneClusterImpl-b7e00dfa-d3b8-45cf-9d3a-2bd5fdfebf54/ozone-meta/datanode-7/ratis/d780ee6f-851c-4d64-8d60-b4ee531a63a2/sm/snapshot.1_77
2025-07-02 18:45:36,007 [92aeff0d-b8ac-4e9e-9ba6-1724c63a8401-ChunkWriter-0-0] WARN  helpers.ChunkUtils (ChunkUtils.java:validateChunkForOverwrite(378)) - Duplicate write chunk request. Chunk overwrite without explicit request. ChunkInfo{chunkName='115816896921600004.data.0, offset=0, len=5}
2025-07-02 18:45:36,007 [92aeff0d-b8ac-4e9e-9ba6-1724c63a8401@group-B4EE531A63A2-StateMachineUpdater] INFO  ratis.ContainerStateMachine (ContainerStateMachine.java:takeSnapshot(436)) - group-B4EE531A63A2: Finished taking a snapshot at:(t:1, i:77) file:/home/runner/work/ozone/ozone/hadoop-ozone/integration-test/target/test-dir/MiniOzoneClusterImpl-b7e00dfa-d3b8-45cf-9d3a-2bd5fdfebf54/ozone-meta/datanode-7/ratis/d780ee6f-851c-4d64-8d60-b4ee531a63a2/sm/snapshot.1_77 took: 2 ms
2025-07-02 18:45:36,007 [92aeff0d-b8ac-4e9e-9ba6-1724c63a8401@group-B4EE531A63A2-StateMachineUpdater] INFO  impl.SimpleStateMachineStorage (SimpleStateMachineStorage.java:lambda$cleanupOldSnapshots$1(126)) - Deleting old snapshot at /home/runner/work/ozone/ozone/hadoop-ozone/integration-test/target/test-dir/MiniOzoneClusterImpl-b7e00dfa-d3b8-45cf-9d3a-2bd5fdfebf54/ozone-meta/datanode-7/ratis/d780ee6f-851c-4d64-8d60-b4ee531a63a2/sm/snapshot.1_53
2025-07-02 18:45:36,008 [92aeff0d-b8ac-4e9e-9ba6-1724c63a8401@group-B4EE531A63A2-StateMachineUpdater] INFO  impl.StateMachineUpdater (StateMachineUpdater.java:takeSnapshot(307)) - 92aeff0d-b8ac-4e9e-9ba6-1724c63a8401@group-B4EE531A63A2-StateMachineUpdater: Took a snapshot at index 77
2025-07-02 18:45:36,008 [92aeff0d-b8ac-4e9e-9ba6-1724c63a8401@group-B4EE531A63A2-StateMachineUpdater] INFO  impl.StateMachineUpdater (StateMachineUpdater.java:lambda$new$0(101)) - 92aeff0d-b8ac-4e9e-9ba6-1724c63a8401@group-B4EE531A63A2-StateMachineUpdater: snapshotIndex: updateIncreasingly 73 -> 77
2025-07-02 18:45:36,009 [92aeff0d-b8ac-4e9e-9ba6-1724c63a8401@group-B4EE531A63A2-StateMachineUpdater] INFO  ratis.ContainerStateMachine (ContainerStateMachine.java:takeSnapshot(427)) - group-B4EE531A63A2: Taking a snapshot at:(t:1, i:80) file /home/runner/work/ozone/ozone/hadoop-ozone/integration-test/target/test-dir/MiniOzoneClusterImpl-b7e00dfa-d3b8-45cf-9d3a-2bd5fdfebf54/ozone-meta/datanode-7/ratis/d780ee6f-851c-4d64-8d60-b4ee531a63a2/sm/snapshot.1_80
2025-07-02 18:45:36,010 [92aeff0d-b8ac-4e9e-9ba6-1724c63a8401-ChunkWriter-0-0] WARN  helpers.ChunkUtils (ChunkUtils.java:validateChunkForOverwrite(378)) - Duplicate write chunk request. Chunk overwrite without explicit request. ChunkInfo{chunkName='115816896921600004.data.0, offset=0, len=5}
2025-07-02 18:45:36,011 [92aeff0d-b8ac-4e9e-9ba6-1724c63a8401-ChunkWriter-0-0] WARN  helpers.ChunkUtils (ChunkUtils.java:validateChunkForOverwrite(378)) - Duplicate write chunk request. Chunk overwrite without explicit request. ChunkInfo{chunkName='115816896921600004.data.0, offset=0, len=5}
2025-07-02 18:45:36,011 [92aeff0d-b8ac-4e9e-9ba6-1724c63a8401-ChunkWriter-0-0] WARN  helpers.ChunkUtils (ChunkUtils.java:validateChunkForOverwrite(378)) - Duplicate write chunk request. Chunk overwrite without explicit request. ChunkInfo{chunkName='115816896921600004.data.0, offset=0, len=5}
2025-07-02 18:45:36,012 [92aeff0d-b8ac-4e9e-9ba6-1724c63a8401@group-B4EE531A63A2-StateMachineUpdater] INFO  ratis.ContainerStateMachine (ContainerStateMachine.java:takeSnapshot(436)) - group-B4EE531A63A2: Finished taking a snapshot at:(t:1, i:80) file:/home/runner/work/ozone/ozone/hadoop-ozone/integration-test/target/test-dir/MiniOzoneClusterImpl-b7e00dfa-d3b8-45cf-9d3a-2bd5fdfebf54/ozone-meta/datanode-7/ratis/d780ee6f-851c-4d64-8d60-b4ee531a63a2/sm/snapshot.1_80 took: 3 ms
2025-07-02 18:45:36,012 [92aeff0d-b8ac-4e9e-9ba6-1724c63a8401@group-B4EE531A63A2-StateMachineUpdater] INFO  impl.SimpleStateMachineStorage (SimpleStateMachineStorage.java:lambda$cleanupOldSnapshots$1(126)) - Deleting old snapshot at /home/runner/work/ozone/ozone/hadoop-ozone/integration-test/target/test-dir/MiniOzoneClusterImpl-b7e00dfa-d3b8-45cf-9d3a-2bd5fdfebf54/ozone-meta/datanode-7/ratis/d780ee6f-851c-4d64-8d60-b4ee531a63a2/sm/snapshot.1_58
2025-07-02 18:45:36,012 [92aeff0d-b8ac-4e9e-9ba6-1724c63a8401@group-B4EE531A63A2-StateMachineUpdater] INFO  impl.StateMachineUpdater (StateMachineUpdater.java:takeSnapshot(307)) - 92aeff0d-b8ac-4e9e-9ba6-1724c63a8401@group-B4EE531A63A2-StateMachineUpdater: Took a snapshot at index 80
2025-07-02 18:45:36,012 [92aeff0d-b8ac-4e9e-9ba6-1724c63a8401@group-B4EE531A63A2-StateMachineUpdater] INFO  impl.StateMachineUpdater (StateMachineUpdater.java:lambda$new$0(101)) - 92aeff0d-b8ac-4e9e-9ba6-1724c63a8401@group-B4EE531A63A2-StateMachineUpdater: snapshotIndex: updateIncreasingly 77 -> 80
2025-07-02 18:45:36,013 [92aeff0d-b8ac-4e9e-9ba6-1724c63a8401-ChunkWriter-0-0] WARN  helpers.ChunkUtils (ChunkUtils.java:validateChunkForOverwrite(378)) - Duplicate write chunk request. Chunk overwrite without explicit request. ChunkInfo{chunkName='115816896921600004.data.0, offset=0, len=5}
2025-07-02 18:45:36,016 [92aeff0d-b8ac-4e9e-9ba6-1724c63a8401@group-B4EE531A63A2-StateMachineUpdater] INFO  ratis.ContainerStateMachine (ContainerStateMachine.java:takeSnapshot(427)) - group-B4EE531A63A2: Taking a snapshot at:(t:1, i:84) file /home/runner/work/ozone/ozone/hadoop-ozone/integration-test/target/test-dir/MiniOzoneClusterImpl-b7e00dfa-d3b8-45cf-9d3a-2bd5fdfebf54/ozone-meta/datanode-7/ratis/d780ee6f-851c-4d64-8d60-b4ee531a63a2/sm/snapshot.1_84
2025-07-02 18:45:36,016 [92aeff0d-b8ac-4e9e-9ba6-1724c63a8401-ChunkWriter-0-0] WARN  helpers.ChunkUtils (ChunkUtils.java:validateChunkForOverwrite(378)) - Duplicate write chunk request. Chunk overwrite without explicit request. ChunkInfo{chunkName='115816896921600004.data.0, offset=0, len=5}
2025-07-02 18:45:36,017 [92aeff0d-b8ac-4e9e-9ba6-1724c63a8401@group-B4EE531A63A2-StateMachineUpdater] INFO  ratis.ContainerStateMachine (ContainerStateMachine.java:takeSnapshot(436)) - group-B4EE531A63A2: Finished taking a snapshot at:(t:1, i:84) file:/home/runner/work/ozone/ozone/hadoop-ozone/integration-test/target/test-dir/MiniOzoneClusterImpl-b7e00dfa-d3b8-45cf-9d3a-2bd5fdfebf54/ozone-meta/datanode-7/ratis/d780ee6f-851c-4d64-8d60-b4ee531a63a2/sm/snapshot.1_84 took: 1 ms
2025-07-02 18:45:36,017 [92aeff0d-b8ac-4e9e-9ba6-1724c63a8401@group-B4EE531A63A2-StateMachineUpdater] INFO  impl.SimpleStateMachineStorage (SimpleStateMachineStorage.java:lambda$cleanupOldSnapshots$1(126)) - Deleting old snapshot at /home/runner/work/ozone/ozone/hadoop-ozone/integration-test/target/test-dir/MiniOzoneClusterImpl-b7e00dfa-d3b8-45cf-9d3a-2bd5fdfebf54/ozone-meta/datanode-7/ratis/d780ee6f-851c-4d64-8d60-b4ee531a63a2/sm/snapshot.1_66
2025-07-02 18:45:36,018 [92aeff0d-b8ac-4e9e-9ba6-1724c63a8401@group-B4EE531A63A2-StateMachineUpdater] INFO  impl.StateMachineUpdater (StateMachineUpdater.java:takeSnapshot(307)) - 92aeff0d-b8ac-4e9e-9ba6-1724c63a8401@group-B4EE531A63A2-StateMachineUpdater: Took a snapshot at index 84
2025-07-02 18:45:36,018 [92aeff0d-b8ac-4e9e-9ba6-1724c63a8401@group-B4EE531A63A2-StateMachineUpdater] INFO  impl.StateMachineUpdater (StateMachineUpdater.java:lambda$new$0(101)) - 92aeff0d-b8ac-4e9e-9ba6-1724c63a8401@group-B4EE531A63A2-StateMachineUpdater: snapshotIndex: updateIncreasingly 80 -> 84
2025-07-02 18:45:36,020 [92aeff0d-b8ac-4e9e-9ba6-1724c63a8401-ChunkWriter-0-0] WARN  helpers.ChunkUtils (ChunkUtils.java:validateChunkForOverwrite(378)) - Duplicate write chunk request. Chunk overwrite without explicit request. ChunkInfo{chunkName='115816896921600004.data.0, offset=0, len=5}
2025-07-02 18:45:36,020 [92aeff0d-b8ac-4e9e-9ba6-1724c63a8401@group-B4EE531A63A2-StateMachineUpdater] INFO  ratis.ContainerStateMachine (ContainerStateMachine.java:takeSnapshot(427)) - group-B4EE531A63A2: Taking a snapshot at:(t:1, i:92) file /home/runner/work/ozone/ozone/hadoop-ozone/integration-test/target/test-dir/MiniOzoneClusterImpl-b7e00dfa-d3b8-45cf-9d3a-2bd5fdfebf54/ozone-meta/datanode-7/ratis/d780ee6f-851c-4d64-8d60-b4ee531a63a2/sm/snapshot.1_92
2025-07-02 18:45:36,020 [92aeff0d-b8ac-4e9e-9ba6-1724c63a8401-ChunkWriter-0-0] WARN  helpers.ChunkUtils (ChunkUtils.java:validateChunkForOverwrite(378)) - Duplicate write chunk request. Chunk overwrite without explicit request. ChunkInfo{chunkName='115816896921600004.data.0, offset=0, len=5}
2025-07-02 18:45:36,021 [92aeff0d-b8ac-4e9e-9ba6-1724c63a8401@group-B4EE531A63A2-StateMachineUpdater] INFO  ratis.ContainerStateMachine (ContainerStateMachine.java:takeSnapshot(436)) - group-B4EE531A63A2: Finished taking a snapshot at:(t:1, i:92) file:/home/runner/work/ozone/ozone/hadoop-ozone/integration-test/target/test-dir/MiniOzoneClusterImpl-b7e00dfa-d3b8-45cf-9d3a-2bd5fdfebf54/ozone-meta/datanode-7/ratis/d780ee6f-851c-4d64-8d60-b4ee531a63a2/sm/snapshot.1_92 took: 1 ms
2025-07-02 18:45:36,022 [92aeff0d-b8ac-4e9e-9ba6-1724c63a8401@group-B4EE531A63A2-StateMachineUpdater] INFO  impl.SimpleStateMachineStorage (SimpleStateMachineStorage.java:lambda$cleanupOldSnapshots$1(126)) - Deleting old snapshot at /home/runner/work/ozone/ozone/hadoop-ozone/integration-test/target/test-dir/MiniOzoneClusterImpl-b7e00dfa-d3b8-45cf-9d3a-2bd5fdfebf54/ozone-meta/datanode-7/ratis/d780ee6f-851c-4d64-8d60-b4ee531a63a2/sm/snapshot.1_71
2025-07-02 18:45:36,022 [92aeff0d-b8ac-4e9e-9ba6-1724c63a8401@group-B4EE531A63A2-StateMachineUpdater] INFO  impl.StateMachineUpdater (StateMachineUpdater.java:takeSnapshot(307)) - 92aeff0d-b8ac-4e9e-9ba6-1724c63a8401@group-B4EE531A63A2-StateMachineUpdater: Took a snapshot at index 92
2025-07-02 18:45:36,022 [92aeff0d-b8ac-4e9e-9ba6-1724c63a8401@group-B4EE531A63A2-StateMachineUpdater] INFO  impl.StateMachineUpdater (StateMachineUpdater.java:lambda$new$0(101)) - 92aeff0d-b8ac-4e9e-9ba6-1724c63a8401@group-B4EE531A63A2-StateMachineUpdater: snapshotIndex: updateIncreasingly 84 -> 92
2025-07-02 18:45:36,022 [92aeff0d-b8ac-4e9e-9ba6-1724c63a8401-ChunkWriter-0-0] WARN  helpers.ChunkUtils (ChunkUtils.java:validateChunkForOverwrite(378)) - Duplicate write chunk request. Chunk overwrite without explicit request. ChunkInfo{chunkName='115816896921600004.data.0, offset=0, len=5}
2025-07-02 18:45:36,023 [92aeff0d-b8ac-4e9e-9ba6-1724c63a8401@group-B4EE531A63A2-StateMachineUpdater] INFO  ratis.ContainerStateMachine (ContainerStateMachine.java:takeSnapshot(427)) - group-B4EE531A63A2: Taking a snapshot at:(t:1, i:95) file /home/runner/work/ozone/ozone/hadoop-ozone/integration-test/target/test-dir/MiniOzoneClusterImpl-b7e00dfa-d3b8-45cf-9d3a-2bd5fdfebf54/ozone-meta/datanode-7/ratis/d780ee6f-851c-4d64-8d60-b4ee531a63a2/sm/snapshot.1_95
2025-07-02 18:45:36,024 [92aeff0d-b8ac-4e9e-9ba6-1724c63a8401-ChunkWriter-0-0] WARN  helpers.ChunkUtils (ChunkUtils.java:validateChunkForOverwrite(378)) - Duplicate write chunk request. Chunk overwrite without explicit request. ChunkInfo{chunkName='115816896921600004.data.0, offset=0, len=5}
2025-07-02 18:45:36,024 [92aeff0d-b8ac-4e9e-9ba6-1724c63a8401-ChunkWriter-0-0] WARN  helpers.ChunkUtils (ChunkUtils.java:validateChunkForOverwrite(378)) - Duplicate write chunk request. Chunk overwrite without explicit request. ChunkInfo{chunkName='115816896921600004.data.0, offset=0, len=5}
2025-07-02 18:45:36,024 [92aeff0d-b8ac-4e9e-9ba6-1724c63a8401@group-B4EE531A63A2-StateMachineUpdater] INFO  ratis.ContainerStateMachine (ContainerStateMachine.java:takeSnapshot(436)) - group-B4EE531A63A2: Finished taking a snapshot at:(t:1, i:95) file:/home/runner/work/ozone/ozone/hadoop-ozone/integration-test/target/test-dir/MiniOzoneClusterImpl-b7e00dfa-d3b8-45cf-9d3a-2bd5fdfebf54/ozone-meta/datanode-7/ratis/d780ee6f-851c-4d64-8d60-b4ee531a63a2/sm/snapshot.1_95 took: 1 ms
2025-07-02 18:45:36,026 [92aeff0d-b8ac-4e9e-9ba6-1724c63a8401@group-B4EE531A63A2-StateMachineUpdater] INFO  impl.SimpleStateMachineStorage (SimpleStateMachineStorage.java:lambda$cleanupOldSnapshots$1(126)) - Deleting old snapshot at /home/runner/work/ozone/ozone/hadoop-ozone/integration-test/target/test-dir/MiniOzoneClusterImpl-b7e00dfa-d3b8-45cf-9d3a-2bd5fdfebf54/ozone-meta/datanode-7/ratis/d780ee6f-851c-4d64-8d60-b4ee531a63a2/sm/snapshot.1_73
2025-07-02 18:45:36,026 [92aeff0d-b8ac-4e9e-9ba6-1724c63a8401@group-B4EE531A63A2-StateMachineUpdater] INFO  impl.StateMachineUpdater (StateMachineUpdater.java:takeSnapshot(307)) - 92aeff0d-b8ac-4e9e-9ba6-1724c63a8401@group-B4EE531A63A2-StateMachineUpdater: Took a snapshot at index 95
2025-07-02 18:45:36,026 [92aeff0d-b8ac-4e9e-9ba6-1724c63a8401@group-B4EE531A63A2-StateMachineUpdater] INFO  impl.StateMachineUpdater (StateMachineUpdater.java:lambda$new$0(101)) - 92aeff0d-b8ac-4e9e-9ba6-1724c63a8401@group-B4EE531A63A2-StateMachineUpdater: snapshotIndex: updateIncreasingly 92 -> 95
2025-07-02 18:45:36,026 [92aeff0d-b8ac-4e9e-9ba6-1724c63a8401-ChunkWriter-0-0] WARN  helpers.ChunkUtils (ChunkUtils.java:validateChunkForOverwrite(378)) - Duplicate write chunk request. Chunk overwrite without explicit request. ChunkInfo{chunkName='115816896921600004.data.0, offset=0, len=5}
2025-07-02 18:45:36,026 [92aeff0d-b8ac-4e9e-9ba6-1724c63a8401@group-B4EE531A63A2-StateMachineUpdater] INFO  ratis.ContainerStateMachine (ContainerStateMachine.java:takeSnapshot(427)) - group-B4EE531A63A2: Taking a snapshot at:(t:1, i:99) file /home/runner/work/ozone/ozone/hadoop-ozone/integration-test/target/test-dir/MiniOzoneClusterImpl-b7e00dfa-d3b8-45cf-9d3a-2bd5fdfebf54/ozone-meta/datanode-7/ratis/d780ee6f-851c-4d64-8d60-b4ee531a63a2/sm/snapshot.1_99
2025-07-02 18:45:36,028 [92aeff0d-b8ac-4e9e-9ba6-1724c63a8401-ChunkWriter-0-0] WARN  helpers.ChunkUtils (ChunkUtils.java:validateChunkForOverwrite(378)) - Duplicate write chunk request. Chunk overwrite without explicit request. ChunkInfo{chunkName='115816896921600004.data.0, offset=0, len=5}
2025-07-02 18:45:36,028 [92aeff0d-b8ac-4e9e-9ba6-1724c63a8401@group-B4EE531A63A2-StateMachineUpdater] INFO  ratis.ContainerStateMachine (ContainerStateMachine.java:takeSnapshot(436)) - group-B4EE531A63A2: Finished taking a snapshot at:(t:1, i:99) file:/home/runner/work/ozone/ozone/hadoop-ozone/integration-test/target/test-dir/MiniOzoneClusterImpl-b7e00dfa-d3b8-45cf-9d3a-2bd5fdfebf54/ozone-meta/datanode-7/ratis/d780ee6f-851c-4d64-8d60-b4ee531a63a2/sm/snapshot.1_99 took: 2 ms
2025-07-02 18:45:36,029 [92aeff0d-b8ac-4e9e-9ba6-1724c63a8401@group-B4EE531A63A2-StateMachineUpdater] INFO  impl.SimpleStateMachineStorage (SimpleStateMachineStorage.java:lambda$cleanupOldSnapshots$1(126)) - Deleting old snapshot at /home/runner/work/ozone/ozone/hadoop-ozone/integration-test/target/test-dir/MiniOzoneClusterImpl-b7e00dfa-d3b8-45cf-9d3a-2bd5fdfebf54/ozone-meta/datanode-7/ratis/d780ee6f-851c-4d64-8d60-b4ee531a63a2/sm/snapshot.1_77
2025-07-02 18:45:36,029 [92aeff0d-b8ac-4e9e-9ba6-1724c63a8401@group-B4EE531A63A2-StateMachineUpdater] INFO  impl.StateMachineUpdater (StateMachineUpdater.java:takeSnapshot(307)) - 92aeff0d-b8ac-4e9e-9ba6-1724c63a8401@group-B4EE531A63A2-StateMachineUpdater: Took a snapshot at index 99
2025-07-02 18:45:36,029 [92aeff0d-b8ac-4e9e-9ba6-1724c63a8401@group-B4EE531A63A2-StateMachineUpdater] INFO  impl.StateMachineUpdater (StateMachineUpdater.java:lambda$new$0(101)) - 92aeff0d-b8ac-4e9e-9ba6-1724c63a8401@group-B4EE531A63A2-StateMachineUpdater: snapshotIndex: updateIncreasingly 95 -> 99
2025-07-02 18:45:36,030 [92aeff0d-b8ac-4e9e-9ba6-1724c63a8401-ChunkWriter-0-0] WARN  helpers.ChunkUtils (ChunkUtils.java:validateChunkForOverwrite(378)) - Duplicate write chunk request. Chunk overwrite without explicit request. ChunkInfo{chunkName='115816896921600004.data.0, offset=0, len=5}
2025-07-02 18:45:36,033 [92aeff0d-b8ac-4e9e-9ba6-1724c63a8401@group-B4EE531A63A2-StateMachineUpdater] INFO  ratis.ContainerStateMachine (ContainerStateMachine.java:takeSnapshot(427)) - group-B4EE531A63A2: Taking a snapshot at:(t:1, i:104) file /home/runner/work/ozone/ozone/hadoop-ozone/integration-test/target/test-dir/MiniOzoneClusterImpl-b7e00dfa-d3b8-45cf-9d3a-2bd5fdfebf54/ozone-meta/datanode-7/ratis/d780ee6f-851c-4d64-8d60-b4ee531a63a2/sm/snapshot.1_104
2025-07-02 18:45:36,033 [92aeff0d-b8ac-4e9e-9ba6-1724c63a8401-ChunkWriter-0-0] WARN  helpers.ChunkUtils (ChunkUtils.java:validateChunkForOverwrite(378)) - Duplicate write chunk request. Chunk overwrite without explicit request. ChunkInfo{chunkName='115816896921600004.data.0, offset=0, len=5}
2025-07-02 18:45:36,035 [92aeff0d-b8ac-4e9e-9ba6-1724c63a8401@group-B4EE531A63A2-StateMachineUpdater] INFO  ratis.ContainerStateMachine (ContainerStateMachine.java:takeSnapshot(436)) - group-B4EE531A63A2: Finished taking a snapshot at:(t:1, i:104) file:/home/runner/work/ozone/ozone/hadoop-ozone/integration-test/target/test-dir/MiniOzoneClusterImpl-b7e00dfa-d3b8-45cf-9d3a-2bd5fdfebf54/ozone-meta/datanode-7/ratis/d780ee6f-851c-4d64-8d60-b4ee531a63a2/sm/snapshot.1_104 took: 2 ms
2025-07-02 18:45:36,035 [92aeff0d-b8ac-4e9e-9ba6-1724c63a8401@group-B4EE531A63A2-StateMachineUpdater] INFO  impl.SimpleStateMachineStorage (SimpleStateMachineStorage.java:lambda$cleanupOldSnapshots$1(126)) - Deleting old snapshot at /home/runner/work/ozone/ozone/hadoop-ozone/integration-test/target/test-dir/MiniOzoneClusterImpl-b7e00dfa-d3b8-45cf-9d3a-2bd5fdfebf54/ozone-meta/datanode-7/ratis/d780ee6f-851c-4d64-8d60-b4ee531a63a2/sm/snapshot.1_80
2025-07-02 18:45:36,035 [92aeff0d-b8ac-4e9e-9ba6-1724c63a8401@group-B4EE531A63A2-StateMachineUpdater] INFO  impl.StateMachineUpdater (StateMachineUpdater.java:takeSnapshot(307)) - 92aeff0d-b8ac-4e9e-9ba6-1724c63a8401@group-B4EE531A63A2-StateMachineUpdater: Took a snapshot at index 104
2025-07-02 18:45:36,036 [92aeff0d-b8ac-4e9e-9ba6-1724c63a8401@group-B4EE531A63A2-StateMachineUpdater] INFO  impl.StateMachineUpdater (StateMachineUpdater.java:lambda$new$0(101)) - 92aeff0d-b8ac-4e9e-9ba6-1724c63a8401@group-B4EE531A63A2-StateMachineUpdater: snapshotIndex: updateIncreasingly 99 -> 104
2025-07-02 18:45:36,036 [92aeff0d-b8ac-4e9e-9ba6-1724c63a8401-ChunkWriter-0-0] WARN  helpers.ChunkUtils (ChunkUtils.java:validateChunkForOverwrite(378)) - Duplicate write chunk request. Chunk overwrite without explicit request. ChunkInfo{chunkName='115816896921600004.data.0, offset=0, len=5}
2025-07-02 18:45:36,037 [92aeff0d-b8ac-4e9e-9ba6-1724c63a8401@group-B4EE531A63A2-StateMachineUpdater] INFO  ratis.ContainerStateMachine (ContainerStateMachine.java:takeSnapshot(427)) - group-B4EE531A63A2: Taking a snapshot at:(t:1, i:108) file /home/runner/work/ozone/ozone/hadoop-ozone/integration-test/target/test-dir/MiniOzoneClusterImpl-b7e00dfa-d3b8-45cf-9d3a-2bd5fdfebf54/ozone-meta/datanode-7/ratis/d780ee6f-851c-4d64-8d60-b4ee531a63a2/sm/snapshot.1_108
2025-07-02 18:45:36,037 [92aeff0d-b8ac-4e9e-9ba6-1724c63a8401-ChunkWriter-0-0] WARN  helpers.ChunkUtils (ChunkUtils.java:validateChunkForOverwrite(378)) - Duplicate write chunk request. Chunk overwrite without explicit request. ChunkInfo{chunkName='115816896921600004.data.0, offset=0, len=5}
2025-07-02 18:45:36,038 [92aeff0d-b8ac-4e9e-9ba6-1724c63a8401@group-B4EE531A63A2-StateMachineUpdater] INFO  ratis.ContainerStateMachine (ContainerStateMachine.java:takeSnapshot(436)) - group-B4EE531A63A2: Finished taking a snapshot at:(t:1, i:108) file:/home/runner/work/ozone/ozone/hadoop-ozone/integration-test/target/test-dir/MiniOzoneClusterImpl-b7e00dfa-d3b8-45cf-9d3a-2bd5fdfebf54/ozone-meta/datanode-7/ratis/d780ee6f-851c-4d64-8d60-b4ee531a63a2/sm/snapshot.1_108 took: 1 ms
2025-07-02 18:45:36,039 [92aeff0d-b8ac-4e9e-9ba6-1724c63a8401@group-B4EE531A63A2-StateMachineUpdater] INFO  impl.SimpleStateMachineStorage (SimpleStateMachineStorage.java:lambda$cleanupOldSnapshots$1(126)) - Deleting old snapshot at /home/runner/work/ozone/ozone/hadoop-ozone/integration-test/target/test-dir/MiniOzoneClusterImpl-b7e00dfa-d3b8-45cf-9d3a-2bd5fdfebf54/ozone-meta/datanode-7/ratis/d780ee6f-851c-4d64-8d60-b4ee531a63a2/sm/snapshot.1_84
2025-07-02 18:45:36,039 [92aeff0d-b8ac-4e9e-9ba6-1724c63a8401@group-B4EE531A63A2-StateMachineUpdater] INFO  impl.StateMachineUpdater (StateMachineUpdater.java:takeSnapshot(307)) - 92aeff0d-b8ac-4e9e-9ba6-1724c63a8401@group-B4EE531A63A2-StateMachineUpdater: Took a snapshot at index 108
2025-07-02 18:45:36,039 [92aeff0d-b8ac-4e9e-9ba6-1724c63a8401@group-B4EE531A63A2-StateMachineUpdater] INFO  impl.StateMachineUpdater (StateMachineUpdater.java:lambda$new$0(101)) - 92aeff0d-b8ac-4e9e-9ba6-1724c63a8401@group-B4EE531A63A2-StateMachineUpdater: snapshotIndex: updateIncreasingly 104 -> 108
2025-07-02 18:45:36,040 [92aeff0d-b8ac-4e9e-9ba6-1724c63a8401-ChunkWriter-0-0] WARN  helpers.ChunkUtils (ChunkUtils.java:validateChunkForOverwrite(378)) - Duplicate write chunk request. Chunk overwrite without explicit request. ChunkInfo{chunkName='115816896921600004.data.0, offset=0, len=5}
2025-07-02 18:45:36,041 [92aeff0d-b8ac-4e9e-9ba6-1724c63a8401@group-B4EE531A63A2-StateMachineUpdater] INFO  ratis.ContainerStateMachine (ContainerStateMachine.java:takeSnapshot(427)) - group-B4EE531A63A2: Taking a snapshot at:(t:1, i:112) file /home/runner/work/ozone/ozone/hadoop-ozone/integration-test/target/test-dir/MiniOzoneClusterImpl-b7e00dfa-d3b8-45cf-9d3a-2bd5fdfebf54/ozone-meta/datanode-7/ratis/d780ee6f-851c-4d64-8d60-b4ee531a63a2/sm/snapshot.1_112
2025-07-02 18:45:36,042 [92aeff0d-b8ac-4e9e-9ba6-1724c63a8401@group-B4EE531A63A2-StateMachineUpdater] INFO  ratis.ContainerStateMachine (ContainerStateMachine.java:takeSnapshot(436)) - group-B4EE531A63A2: Finished taking a snapshot at:(t:1, i:112) file:/home/runner/work/ozone/ozone/hadoop-ozone/integration-test/target/test-dir/MiniOzoneClusterImpl-b7e00dfa-d3b8-45cf-9d3a-2bd5fdfebf54/ozone-meta/datanode-7/ratis/d780ee6f-851c-4d64-8d60-b4ee531a63a2/sm/snapshot.1_112 took: 1 ms
2025-07-02 18:45:36,042 [92aeff0d-b8ac-4e9e-9ba6-1724c63a8401@group-B4EE531A63A2-StateMachineUpdater] INFO  impl.SimpleStateMachineStorage (SimpleStateMachineStorage.java:lambda$cleanupOldSnapshots$1(126)) - Deleting old snapshot at /home/runner/work/ozone/ozone/hadoop-ozone/integration-test/target/test-dir/MiniOzoneClusterImpl-b7e00dfa-d3b8-45cf-9d3a-2bd5fdfebf54/ozone-meta/datanode-7/ratis/d780ee6f-851c-4d64-8d60-b4ee531a63a2/sm/snapshot.1_92
2025-07-02 18:45:36,043 [92aeff0d-b8ac-4e9e-9ba6-1724c63a8401@group-B4EE531A63A2-StateMachineUpdater] INFO  impl.StateMachineUpdater (StateMachineUpdater.java:takeSnapshot(307)) - 92aeff0d-b8ac-4e9e-9ba6-1724c63a8401@group-B4EE531A63A2-StateMachineUpdater: Took a snapshot at index 112
2025-07-02 18:45:36,044 [92aeff0d-b8ac-4e9e-9ba6-1724c63a8401@group-B4EE531A63A2-StateMachineUpdater] INFO  impl.StateMachineUpdater (StateMachineUpdater.java:lambda$new$0(101)) - 92aeff0d-b8ac-4e9e-9ba6-1724c63a8401@group-B4EE531A63A2-StateMachineUpdater: snapshotIndex: updateIncreasingly 108 -> 112
2025-07-02 18:45:36,044 [92aeff0d-b8ac-4e9e-9ba6-1724c63a8401-ChunkWriter-0-0] WARN  helpers.ChunkUtils (ChunkUtils.java:validateChunkForOverwrite(378)) - Duplicate write chunk request. Chunk overwrite without explicit request. ChunkInfo{chunkName='115816896921600004.data.0, offset=0, len=5}
2025-07-02 18:45:36,044 [92aeff0d-b8ac-4e9e-9ba6-1724c63a8401-ChunkWriter-0-0] WARN  helpers.ChunkUtils (ChunkUtils.java:validateChunkForOverwrite(378)) - Duplicate write chunk request. Chunk overwrite without explicit request. ChunkInfo{chunkName='115816896921600004.data.0, offset=0, len=5}
2025-07-02 18:45:36,045 [92aeff0d-b8ac-4e9e-9ba6-1724c63a8401@group-B4EE531A63A2-StateMachineUpdater] INFO  ratis.ContainerStateMachine (ContainerStateMachine.java:takeSnapshot(427)) - group-B4EE531A63A2: Taking a snapshot at:(t:1, i:115) file /home/runner/work/ozone/ozone/hadoop-ozone/integration-test/target/test-dir/MiniOzoneClusterImpl-b7e00dfa-d3b8-45cf-9d3a-2bd5fdfebf54/ozone-meta/datanode-7/ratis/d780ee6f-851c-4d64-8d60-b4ee531a63a2/sm/snapshot.1_115
2025-07-02 18:45:36,045 [92aeff0d-b8ac-4e9e-9ba6-1724c63a8401-ChunkWriter-0-0] WARN  helpers.ChunkUtils (ChunkUtils.java:validateChunkForOverwrite(378)) - Duplicate write chunk request. Chunk overwrite without explicit request. ChunkInfo{chunkName='115816896921600004.data.0, offset=0, len=5}
2025-07-02 18:45:36,046 [92aeff0d-b8ac-4e9e-9ba6-1724c63a8401-ChunkWriter-0-0] WARN  helpers.ChunkUtils (ChunkUtils.java:validateChunkForOverwrite(378)) - Duplicate write chunk request. Chunk overwrite without explicit request. ChunkInfo{chunkName='115816896921600004.data.0, offset=0, len=5}
2025-07-02 18:45:36,048 [92aeff0d-b8ac-4e9e-9ba6-1724c63a8401-ChunkWriter-0-0] WARN  helpers.ChunkUtils (ChunkUtils.java:validateChunkForOverwrite(378)) - Duplicate write chunk request. Chunk overwrite without explicit request. ChunkInfo{chunkName='115816896921600004.data.0, offset=0, len=5}
2025-07-02 18:45:36,050 [92aeff0d-b8ac-4e9e-9ba6-1724c63a8401@group-B4EE531A63A2-StateMachineUpdater] INFO  ratis.ContainerStateMachine (ContainerStateMachine.java:takeSnapshot(436)) - group-B4EE531A63A2: Finished taking a snapshot at:(t:1, i:115) file:/home/runner/work/ozone/ozone/hadoop-ozone/integration-test/target/test-dir/MiniOzoneClusterImpl-b7e00dfa-d3b8-45cf-9d3a-2bd5fdfebf54/ozone-meta/datanode-7/ratis/d780ee6f-851c-4d64-8d60-b4ee531a63a2/sm/snapshot.1_115 took: 5 ms
2025-07-02 18:45:36,050 [92aeff0d-b8ac-4e9e-9ba6-1724c63a8401@group-B4EE531A63A2-StateMachineUpdater] INFO  impl.SimpleStateMachineStorage (SimpleStateMachineStorage.java:lambda$cleanupOldSnapshots$1(126)) - Deleting old snapshot at /home/runner/work/ozone/ozone/hadoop-ozone/integration-test/target/test-dir/MiniOzoneClusterImpl-b7e00dfa-d3b8-45cf-9d3a-2bd5fdfebf54/ozone-meta/datanode-7/ratis/d780ee6f-851c-4d64-8d60-b4ee531a63a2/sm/snapshot.1_95
2025-07-02 18:45:36,050 [92aeff0d-b8ac-4e9e-9ba6-1724c63a8401@group-B4EE531A63A2-StateMachineUpdater] INFO  impl.StateMachineUpdater (StateMachineUpdater.java:takeSnapshot(307)) - 92aeff0d-b8ac-4e9e-9ba6-1724c63a8401@group-B4EE531A63A2-StateMachineUpdater: Took a snapshot at index 115
2025-07-02 18:45:36,050 [92aeff0d-b8ac-4e9e-9ba6-1724c63a8401@group-B4EE531A63A2-StateMachineUpdater] INFO  impl.StateMachineUpdater (StateMachineUpdater.java:lambda$new$0(101)) - 92aeff0d-b8ac-4e9e-9ba6-1724c63a8401@group-B4EE531A63A2-StateMachineUpdater: snapshotIndex: updateIncreasingly 112 -> 115
2025-07-02 18:45:36,051 [92aeff0d-b8ac-4e9e-9ba6-1724c63a8401-ChunkWriter-0-0] WARN  helpers.ChunkUtils (ChunkUtils.java:validateChunkForOverwrite(378)) - Duplicate write chunk request. Chunk overwrite without explicit request. ChunkInfo{chunkName='115816896921600004.data.0, offset=0, len=5}
2025-07-02 18:45:36,052 [92aeff0d-b8ac-4e9e-9ba6-1724c63a8401-ChunkWriter-0-0] WARN  helpers.ChunkUtils (ChunkUtils.java:validateChunkForOverwrite(378)) - Duplicate write chunk request. Chunk overwrite without explicit request. ChunkInfo{chunkName='115816896921600004.data.0, offset=0, len=5}
2025-07-02 18:45:36,052 [92aeff0d-b8ac-4e9e-9ba6-1724c63a8401-ChunkWriter-0-0] WARN  helpers.ChunkUtils (ChunkUtils.java:validateChunkForOverwrite(378)) - Duplicate write chunk request. Chunk overwrite without explicit request. ChunkInfo{chunkName='115816896921600004.data.0, offset=0, len=5}
2025-07-02 18:45:36,054 [92aeff0d-b8ac-4e9e-9ba6-1724c63a8401@group-B4EE531A63A2-StateMachineUpdater] INFO  ratis.ContainerStateMachine (ContainerStateMachine.java:takeSnapshot(427)) - group-B4EE531A63A2: Taking a snapshot at:(t:1, i:124) file /home/runner/work/ozone/ozone/hadoop-ozone/integration-test/target/test-dir/MiniOzoneClusterImpl-b7e00dfa-d3b8-45cf-9d3a-2bd5fdfebf54/ozone-meta/datanode-7/ratis/d780ee6f-851c-4d64-8d60-b4ee531a63a2/sm/snapshot.1_124
2025-07-02 18:45:36,055 [92aeff0d-b8ac-4e9e-9ba6-1724c63a8401@group-B4EE531A63A2-StateMachineUpdater] INFO  ratis.ContainerStateMachine (ContainerStateMachine.java:takeSnapshot(436)) - group-B4EE531A63A2: Finished taking a snapshot at:(t:1, i:124) file:/home/runner/work/ozone/ozone/hadoop-ozone/integration-test/target/test-dir/MiniOzoneClusterImpl-b7e00dfa-d3b8-45cf-9d3a-2bd5fdfebf54/ozone-meta/datanode-7/ratis/d780ee6f-851c-4d64-8d60-b4ee531a63a2/sm/snapshot.1_124 took: 1 ms
2025-07-02 18:45:36,056 [92aeff0d-b8ac-4e9e-9ba6-1724c63a8401@group-B4EE531A63A2-StateMachineUpdater] INFO  impl.SimpleStateMachineStorage (SimpleStateMachineStorage.java:lambda$cleanupOldSnapshots$1(126)) - Deleting old snapshot at /home/runner/work/ozone/ozone/hadoop-ozone/integration-test/target/test-dir/MiniOzoneClusterImpl-b7e00dfa-d3b8-45cf-9d3a-2bd5fdfebf54/ozone-meta/datanode-7/ratis/d780ee6f-851c-4d64-8d60-b4ee531a63a2/sm/snapshot.1_99
2025-07-02 18:45:36,056 [92aeff0d-b8ac-4e9e-9ba6-1724c63a8401@group-B4EE531A63A2-StateMachineUpdater] INFO  impl.StateMachineUpdater (StateMachineUpdater.java:takeSnapshot(307)) - 92aeff0d-b8ac-4e9e-9ba6-1724c63a8401@group-B4EE531A63A2-StateMachineUpdater: Took a snapshot at index 124
2025-07-02 18:45:36,056 [92aeff0d-b8ac-4e9e-9ba6-1724c63a8401@group-B4EE531A63A2-StateMachineUpdater] INFO  impl.StateMachineUpdater (StateMachineUpdater.java:lambda$new$0(101)) - 92aeff0d-b8ac-4e9e-9ba6-1724c63a8401@group-B4EE531A63A2-StateMachineUpdater: snapshotIndex: updateIncreasingly 115 -> 124
2025-07-02 18:45:36,057 [92aeff0d-b8ac-4e9e-9ba6-1724c63a8401-ChunkWriter-0-0] WARN  helpers.ChunkUtils (ChunkUtils.java:validateChunkForOverwrite(378)) - Duplicate write chunk request. Chunk overwrite without explicit request. ChunkInfo{chunkName='115816896921600004.data.0, offset=0, len=5}
2025-07-02 18:45:36,058 [92aeff0d-b8ac-4e9e-9ba6-1724c63a8401-ChunkWriter-0-0] WARN  helpers.ChunkUtils (ChunkUtils.java:validateChunkForOverwrite(378)) - Duplicate write chunk request. Chunk overwrite without explicit request. ChunkInfo{chunkName='115816896921600004.data.0, offset=0, len=5}
2025-07-02 18:45:36,060 [92aeff0d-b8ac-4e9e-9ba6-1724c63a8401@group-B4EE531A63A2-StateMachineUpdater] INFO  ratis.ContainerStateMachine (ContainerStateMachine.java:takeSnapshot(427)) - group-B4EE531A63A2: Taking a snapshot at:(t:1, i:129) file /home/runner/work/ozone/ozone/hadoop-ozone/integration-test/target/test-dir/MiniOzoneClusterImpl-b7e00dfa-d3b8-45cf-9d3a-2bd5fdfebf54/ozone-meta/datanode-7/ratis/d780ee6f-851c-4d64-8d60-b4ee531a63a2/sm/snapshot.1_129
2025-07-02 18:45:36,061 [92aeff0d-b8ac-4e9e-9ba6-1724c63a8401-ChunkWriter-0-0] WARN  helpers.ChunkUtils (ChunkUtils.java:validateChunkForOverwrite(378)) - Duplicate write chunk request. Chunk overwrite without explicit request. ChunkInfo{chunkName='115816896921600004.data.0, offset=0, len=5}
2025-07-02 18:45:36,062 [92aeff0d-b8ac-4e9e-9ba6-1724c63a8401@group-B4EE531A63A2-StateMachineUpdater] INFO  ratis.ContainerStateMachine (ContainerStateMachine.java:takeSnapshot(436)) - group-B4EE531A63A2: Finished taking a snapshot at:(t:1, i:129) file:/home/runner/work/ozone/ozone/hadoop-ozone/integration-test/target/test-dir/MiniOzoneClusterImpl-b7e00dfa-d3b8-45cf-9d3a-2bd5fdfebf54/ozone-meta/datanode-7/ratis/d780ee6f-851c-4d64-8d60-b4ee531a63a2/sm/snapshot.1_129 took: 2 ms
2025-07-02 18:45:36,062 [92aeff0d-b8ac-4e9e-9ba6-1724c63a8401@group-B4EE531A63A2-StateMachineUpdater] INFO  impl.SimpleStateMachineStorage (SimpleStateMachineStorage.java:lambda$cleanupOldSnapshots$1(126)) - Deleting old snapshot at /home/runner/work/ozone/ozone/hadoop-ozone/integration-test/target/test-dir/MiniOzoneClusterImpl-b7e00dfa-d3b8-45cf-9d3a-2bd5fdfebf54/ozone-meta/datanode-7/ratis/d780ee6f-851c-4d64-8d60-b4ee531a63a2/sm/snapshot.1_104
2025-07-02 18:45:36,063 [92aeff0d-b8ac-4e9e-9ba6-1724c63a8401@group-B4EE531A63A2-StateMachineUpdater] INFO  impl.StateMachineUpdater (StateMachineUpdater.java:takeSnapshot(307)) - 92aeff0d-b8ac-4e9e-9ba6-1724c63a8401@group-B4EE531A63A2-StateMachineUpdater: Took a snapshot at index 129
2025-07-02 18:45:36,063 [92aeff0d-b8ac-4e9e-9ba6-1724c63a8401@group-B4EE531A63A2-StateMachineUpdater] INFO  impl.StateMachineUpdater (StateMachineUpdater.java:lambda$new$0(101)) - 92aeff0d-b8ac-4e9e-9ba6-1724c63a8401@group-B4EE531A63A2-StateMachineUpdater: snapshotIndex: updateIncreasingly 124 -> 129
2025-07-02 18:45:36,064 [92aeff0d-b8ac-4e9e-9ba6-1724c63a8401-ChunkWriter-0-0] WARN  helpers.ChunkUtils (ChunkUtils.java:validateChunkForOverwrite(378)) - Duplicate write chunk request. Chunk overwrite without explicit request. ChunkInfo{chunkName='115816896921600004.data.0, offset=0, len=5}
2025-07-02 18:45:36,066 [92aeff0d-b8ac-4e9e-9ba6-1724c63a8401-ChunkWriter-0-0] WARN  helpers.ChunkUtils (ChunkUtils.java:validateChunkForOverwrite(378)) - Duplicate write chunk request. Chunk overwrite without explicit request. ChunkInfo{chunkName='115816896921600004.data.0, offset=0, len=5}
2025-07-02 18:45:36,067 [92aeff0d-b8ac-4e9e-9ba6-1724c63a8401@group-B4EE531A63A2-StateMachineUpdater] INFO  ratis.ContainerStateMachine (ContainerStateMachine.java:takeSnapshot(427)) - group-B4EE531A63A2: Taking a snapshot at:(t:1, i:136) file /home/runner/work/ozone/ozone/hadoop-ozone/integration-test/target/test-dir/MiniOzoneClusterImpl-b7e00dfa-d3b8-45cf-9d3a-2bd5fdfebf54/ozone-meta/datanode-7/ratis/d780ee6f-851c-4d64-8d60-b4ee531a63a2/sm/snapshot.1_136
2025-07-02 18:45:36,068 [92aeff0d-b8ac-4e9e-9ba6-1724c63a8401@group-B4EE531A63A2-StateMachineUpdater] INFO  ratis.ContainerStateMachine (ContainerStateMachine.java:takeSnapshot(436)) - group-B4EE531A63A2: Finished taking a snapshot at:(t:1, i:136) file:/home/runner/work/ozone/ozone/hadoop-ozone/integration-test/target/test-dir/MiniOzoneClusterImpl-b7e00dfa-d3b8-45cf-9d3a-2bd5fdfebf54/ozone-meta/datanode-7/ratis/d780ee6f-851c-4d64-8d60-b4ee531a63a2/sm/snapshot.1_136 took: 2 ms
2025-07-02 18:45:36,069 [92aeff0d-b8ac-4e9e-9ba6-1724c63a8401@group-B4EE531A63A2-StateMachineUpdater] INFO  impl.SimpleStateMachineStorage (SimpleStateMachineStorage.java:lambda$cleanupOldSnapshots$1(126)) - Deleting old snapshot at /home/runner/work/ozone/ozone/hadoop-ozone/integration-test/target/test-dir/MiniOzoneClusterImpl-b7e00dfa-d3b8-45cf-9d3a-2bd5fdfebf54/ozone-meta/datanode-7/ratis/d780ee6f-851c-4d64-8d60-b4ee531a63a2/sm/snapshot.1_108
2025-07-02 18:45:36,069 [92aeff0d-b8ac-4e9e-9ba6-1724c63a8401@group-B4EE531A63A2-StateMachineUpdater] INFO  impl.StateMachineUpdater (StateMachineUpdater.java:takeSnapshot(307)) - 92aeff0d-b8ac-4e9e-9ba6-1724c63a8401@group-B4EE531A63A2-StateMachineUpdater: Took a snapshot at index 136
2025-07-02 18:45:36,069 [92aeff0d-b8ac-4e9e-9ba6-1724c63a8401@group-B4EE531A63A2-StateMachineUpdater] INFO  impl.StateMachineUpdater (StateMachineUpdater.java:lambda$new$0(101)) - 92aeff0d-b8ac-4e9e-9ba6-1724c63a8401@group-B4EE531A63A2-StateMachineUpdater: snapshotIndex: updateIncreasingly 129 -> 136
2025-07-02 18:45:36,070 [92aeff0d-b8ac-4e9e-9ba6-1724c63a8401-ChunkWriter-0-0] WARN  helpers.ChunkUtils (ChunkUtils.java:validateChunkForOverwrite(378)) - Duplicate write chunk request. Chunk overwrite without explicit request. ChunkInfo{chunkName='115816896921600004.data.0, offset=0, len=5}
2025-07-02 18:45:36,070 [92aeff0d-b8ac-4e9e-9ba6-1724c63a8401-ChunkWriter-0-0] WARN  helpers.ChunkUtils (ChunkUtils.java:validateChunkForOverwrite(378)) - Duplicate write chunk request. Chunk overwrite without explicit request. ChunkInfo{chunkName='115816896921600004.data.0, offset=0, len=5}
2025-07-02 18:45:36,070 [92aeff0d-b8ac-4e9e-9ba6-1724c63a8401@group-B4EE531A63A2-StateMachineUpdater] INFO  ratis.ContainerStateMachine (ContainerStateMachine.java:takeSnapshot(427)) - group-B4EE531A63A2: Taking a snapshot at:(t:1, i:139) file /home/runner/work/ozone/ozone/hadoop-ozone/integration-test/target/test-dir/MiniOzoneClusterImpl-b7e00dfa-d3b8-45cf-9d3a-2bd5fdfebf54/ozone-meta/datanode-7/ratis/d780ee6f-851c-4d64-8d60-b4ee531a63a2/sm/snapshot.1_139
2025-07-02 18:45:36,072 [92aeff0d-b8ac-4e9e-9ba6-1724c63a8401-ChunkWriter-0-0] WARN  helpers.ChunkUtils (ChunkUtils.java:validateChunkForOverwrite(378)) - Duplicate write chunk request. Chunk overwrite without explicit request. ChunkInfo{chunkName='115816896921600004.data.0, offset=0, len=5}
2025-07-02 18:45:36,072 [92aeff0d-b8ac-4e9e-9ba6-1724c63a8401-ChunkWriter-0-0] WARN  helpers.ChunkUtils (ChunkUtils.java:validateChunkForOverwrite(378)) - Duplicate write chunk request. Chunk overwrite without explicit request. ChunkInfo{chunkName='115816896921600004.data.0, offset=0, len=5}
2025-07-02 18:45:36,073 [92aeff0d-b8ac-4e9e-9ba6-1724c63a8401@group-B4EE531A63A2-StateMachineUpdater] INFO  ratis.ContainerStateMachine (ContainerStateMachine.java:takeSnapshot(436)) - group-B4EE531A63A2: Finished taking a snapshot at:(t:1, i:139) file:/home/runner/work/ozone/ozone/hadoop-ozone/integration-test/target/test-dir/MiniOzoneClusterImpl-b7e00dfa-d3b8-45cf-9d3a-2bd5fdfebf54/ozone-meta/datanode-7/ratis/d780ee6f-851c-4d64-8d60-b4ee531a63a2/sm/snapshot.1_139 took: 2 ms
2025-07-02 18:45:36,073 [92aeff0d-b8ac-4e9e-9ba6-1724c63a8401@group-B4EE531A63A2-StateMachineUpdater] INFO  impl.SimpleStateMachineStorage (SimpleStateMachineStorage.java:lambda$cleanupOldSnapshots$1(126)) - Deleting old snapshot at /home/runner/work/ozone/ozone/hadoop-ozone/integration-test/target/test-dir/MiniOzoneClusterImpl-b7e00dfa-d3b8-45cf-9d3a-2bd5fdfebf54/ozone-meta/datanode-7/ratis/d780ee6f-851c-4d64-8d60-b4ee531a63a2/sm/snapshot.1_112
2025-07-02 18:45:36,073 [92aeff0d-b8ac-4e9e-9ba6-1724c63a8401@group-B4EE531A63A2-StateMachineUpdater] INFO  impl.StateMachineUpdater (StateMachineUpdater.java:takeSnapshot(307)) - 92aeff0d-b8ac-4e9e-9ba6-1724c63a8401@group-B4EE531A63A2-StateMachineUpdater: Took a snapshot at index 139
2025-07-02 18:45:36,073 [92aeff0d-b8ac-4e9e-9ba6-1724c63a8401-ChunkWriter-0-0] WARN  helpers.ChunkUtils (ChunkUtils.java:validateChunkForOverwrite(378)) - Duplicate write chunk request. Chunk overwrite without explicit request. ChunkInfo{chunkName='115816896921600004.data.0, offset=0, len=5}
2025-07-02 18:45:36,073 [92aeff0d-b8ac-4e9e-9ba6-1724c63a8401@group-B4EE531A63A2-StateMachineUpdater] INFO  impl.StateMachineUpdater (StateMachineUpdater.java:lambda$new$0(101)) - 92aeff0d-b8ac-4e9e-9ba6-1724c63a8401@group-B4EE531A63A2-StateMachineUpdater: snapshotIndex: updateIncreasingly 136 -> 139
2025-07-02 18:45:36,074 [92aeff0d-b8ac-4e9e-9ba6-1724c63a8401-ChunkWriter-0-0] WARN  helpers.ChunkUtils (ChunkUtils.java:validateChunkForOverwrite(378)) - Duplicate write chunk request. Chunk overwrite without explicit request. ChunkInfo{chunkName='115816896921600004.data.0, offset=0, len=5}
2025-07-02 18:45:36,075 [92aeff0d-b8ac-4e9e-9ba6-1724c63a8401@group-B4EE531A63A2-StateMachineUpdater] INFO  ratis.ContainerStateMachine (ContainerStateMachine.java:takeSnapshot(427)) - group-B4EE531A63A2: Taking a snapshot at:(t:1, i:145) file /home/runner/work/ozone/ozone/hadoop-ozone/integration-test/target/test-dir/MiniOzoneClusterImpl-b7e00dfa-d3b8-45cf-9d3a-2bd5fdfebf54/ozone-meta/datanode-7/ratis/d780ee6f-851c-4d64-8d60-b4ee531a63a2/sm/snapshot.1_145
2025-07-02 18:45:36,076 [92aeff0d-b8ac-4e9e-9ba6-1724c63a8401-ChunkWriter-0-0] WARN  helpers.ChunkUtils (ChunkUtils.java:validateChunkForOverwrite(378)) - Duplicate write chunk request. Chunk overwrite without explicit request. ChunkInfo{chunkName='115816896921600004.data.0, offset=0, len=5}
2025-07-02 18:45:36,077 [92aeff0d-b8ac-4e9e-9ba6-1724c63a8401@group-B4EE531A63A2-StateMachineUpdater] INFO  ratis.ContainerStateMachine (ContainerStateMachine.java:takeSnapshot(436)) - group-B4EE531A63A2: Finished taking a snapshot at:(t:1, i:145) file:/home/runner/work/ozone/ozone/hadoop-ozone/integration-test/target/test-dir/MiniOzoneClusterImpl-b7e00dfa-d3b8-45cf-9d3a-2bd5fdfebf54/ozone-meta/datanode-7/ratis/d780ee6f-851c-4d64-8d60-b4ee531a63a2/sm/snapshot.1_145 took: 2 ms
2025-07-02 18:45:36,077 [92aeff0d-b8ac-4e9e-9ba6-1724c63a8401@group-B4EE531A63A2-StateMachineUpdater] INFO  impl.SimpleStateMachineStorage (SimpleStateMachineStorage.java:lambda$cleanupOldSnapshots$1(126)) - Deleting old snapshot at /home/runner/work/ozone/ozone/hadoop-ozone/integration-test/target/test-dir/MiniOzoneClusterImpl-b7e00dfa-d3b8-45cf-9d3a-2bd5fdfebf54/ozone-meta/datanode-7/ratis/d780ee6f-851c-4d64-8d60-b4ee531a63a2/sm/snapshot.1_115
2025-07-02 18:45:36,077 [92aeff0d-b8ac-4e9e-9ba6-1724c63a8401@group-B4EE531A63A2-StateMachineUpdater] INFO  impl.StateMachineUpdater (StateMachineUpdater.java:takeSnapshot(307)) - 92aeff0d-b8ac-4e9e-9ba6-1724c63a8401@group-B4EE531A63A2-StateMachineUpdater: Took a snapshot at index 145
2025-07-02 18:45:36,077 [92aeff0d-b8ac-4e9e-9ba6-1724c63a8401@group-B4EE531A63A2-StateMachineUpdater] INFO  impl.StateMachineUpdater (StateMachineUpdater.java:lambda$new$0(101)) - 92aeff0d-b8ac-4e9e-9ba6-1724c63a8401@group-B4EE531A63A2-StateMachineUpdater: snapshotIndex: updateIncreasingly 139 -> 145
2025-07-02 18:45:36,078 [92aeff0d-b8ac-4e9e-9ba6-1724c63a8401-ChunkWriter-0-0] WARN  helpers.ChunkUtils (ChunkUtils.java:validateChunkForOverwrite(378)) - Duplicate write chunk request. Chunk overwrite without explicit request. ChunkInfo{chunkName='115816896921600004.data.0, offset=0, len=5}
2025-07-02 18:45:36,080 [92aeff0d-b8ac-4e9e-9ba6-1724c63a8401-ChunkWriter-0-0] WARN  helpers.ChunkUtils (ChunkUtils.java:validateChunkForOverwrite(378)) - Duplicate write chunk request. Chunk overwrite without explicit request. ChunkInfo{chunkName='115816896921600004.data.0, offset=0, len=5}
2025-07-02 18:45:36,081 [92aeff0d-b8ac-4e9e-9ba6-1724c63a8401-ChunkWriter-0-0] WARN  helpers.ChunkUtils (ChunkUtils.java:validateChunkForOverwrite(378)) - Duplicate write chunk request. Chunk overwrite without explicit request. ChunkInfo{chunkName='115816896921600004.data.0, offset=0, len=5}
2025-07-02 18:45:36,081 [92aeff0d-b8ac-4e9e-9ba6-1724c63a8401@group-B4EE531A63A2-StateMachineUpdater] INFO  ratis.ContainerStateMachine (ContainerStateMachine.java:takeSnapshot(427)) - group-B4EE531A63A2: Taking a snapshot at:(t:1, i:152) file /home/runner/work/ozone/ozone/hadoop-ozone/integration-test/target/test-dir/MiniOzoneClusterImpl-b7e00dfa-d3b8-45cf-9d3a-2bd5fdfebf54/ozone-meta/datanode-7/ratis/d780ee6f-851c-4d64-8d60-b4ee531a63a2/sm/snapshot.1_152
2025-07-02 18:45:36,082 [92aeff0d-b8ac-4e9e-9ba6-1724c63a8401-ChunkWriter-0-0] WARN  helpers.ChunkUtils (ChunkUtils.java:validateChunkForOverwrite(378)) - Duplicate write chunk request. Chunk overwrite without explicit request. ChunkInfo{chunkName='115816896921600004.data.0, offset=0, len=5}
2025-07-02 18:45:36,083 [92aeff0d-b8ac-4e9e-9ba6-1724c63a8401@group-B4EE531A63A2-StateMachineUpdater] INFO  ratis.ContainerStateMachine (ContainerStateMachine.java:takeSnapshot(436)) - group-B4EE531A63A2: Finished taking a snapshot at:(t:1, i:152) file:/home/runner/work/ozone/ozone/hadoop-ozone/integration-test/target/test-dir/MiniOzoneClusterImpl-b7e00dfa-d3b8-45cf-9d3a-2bd5fdfebf54/ozone-meta/datanode-7/ratis/d780ee6f-851c-4d64-8d60-b4ee531a63a2/sm/snapshot.1_152 took: 2 ms
2025-07-02 18:45:36,083 [92aeff0d-b8ac-4e9e-9ba6-1724c63a8401@group-B4EE531A63A2-StateMachineUpdater] INFO  impl.SimpleStateMachineStorage (SimpleStateMachineStorage.java:lambda$cleanupOldSnapshots$1(126)) - Deleting old snapshot at /home/runner/work/ozone/ozone/hadoop-ozone/integration-test/target/test-dir/MiniOzoneClusterImpl-b7e00dfa-d3b8-45cf-9d3a-2bd5fdfebf54/ozone-meta/datanode-7/ratis/d780ee6f-851c-4d64-8d60-b4ee531a63a2/sm/snapshot.1_124
2025-07-02 18:45:36,083 [92aeff0d-b8ac-4e9e-9ba6-1724c63a8401@group-B4EE531A63A2-StateMachineUpdater] INFO  impl.StateMachineUpdater (StateMachineUpdater.java:takeSnapshot(307)) - 92aeff0d-b8ac-4e9e-9ba6-1724c63a8401@group-B4EE531A63A2-StateMachineUpdater: Took a snapshot at index 152
2025-07-02 18:45:36,083 [92aeff0d-b8ac-4e9e-9ba6-1724c63a8401@group-B4EE531A63A2-StateMachineUpdater] INFO  impl.StateMachineUpdater (StateMachineUpdater.java:lambda$new$0(101)) - 92aeff0d-b8ac-4e9e-9ba6-1724c63a8401@group-B4EE531A63A2-StateMachineUpdater: snapshotIndex: updateIncreasingly 145 -> 152
2025-07-02 18:45:36,084 [92aeff0d-b8ac-4e9e-9ba6-1724c63a8401-ChunkWriter-0-0] WARN  helpers.ChunkUtils (ChunkUtils.java:validateChunkForOverwrite(378)) - Duplicate write chunk request. Chunk overwrite without explicit request. ChunkInfo{chunkName='115816896921600004.data.0, offset=0, len=5}
2025-07-02 18:45:36,086 [92aeff0d-b8ac-4e9e-9ba6-1724c63a8401-ChunkWriter-0-0] WARN  helpers.ChunkUtils (ChunkUtils.java:validateChunkForOverwrite(378)) - Duplicate write chunk request. Chunk overwrite without explicit request. ChunkInfo{chunkName='115816896921600004.data.0, offset=0, len=5}
2025-07-02 18:45:36,087 [92aeff0d-b8ac-4e9e-9ba6-1724c63a8401@group-B4EE531A63A2-StateMachineUpdater] INFO  ratis.ContainerStateMachine (ContainerStateMachine.java:takeSnapshot(427)) - group-B4EE531A63A2: Taking a snapshot at:(t:1, i:157) file /home/runner/work/ozone/ozone/hadoop-ozone/integration-test/target/test-dir/MiniOzoneClusterImpl-b7e00dfa-d3b8-45cf-9d3a-2bd5fdfebf54/ozone-meta/datanode-7/ratis/d780ee6f-851c-4d64-8d60-b4ee531a63a2/sm/snapshot.1_157
2025-07-02 18:45:36,088 [92aeff0d-b8ac-4e9e-9ba6-1724c63a8401-ChunkWriter-0-0] WARN  helpers.ChunkUtils (ChunkUtils.java:validateChunkForOverwrite(378)) - Duplicate write chunk request. Chunk overwrite without explicit request. ChunkInfo{chunkName='115816896921600004.data.0, offset=0, len=5}
2025-07-02 18:45:36,089 [92aeff0d-b8ac-4e9e-9ba6-1724c63a8401@group-B4EE531A63A2-StateMachineUpdater] INFO  ratis.ContainerStateMachine (ContainerStateMachine.java:takeSnapshot(436)) - group-B4EE531A63A2: Finished taking a snapshot at:(t:1, i:157) file:/home/runner/work/ozone/ozone/hadoop-ozone/integration-test/target/test-dir/MiniOzoneClusterImpl-b7e00dfa-d3b8-45cf-9d3a-2bd5fdfebf54/ozone-meta/datanode-7/ratis/d780ee6f-851c-4d64-8d60-b4ee531a63a2/sm/snapshot.1_157 took: 1 ms
2025-07-02 18:45:36,089 [92aeff0d-b8ac-4e9e-9ba6-1724c63a8401@group-B4EE531A63A2-StateMachineUpdater] INFO  impl.SimpleStateMachineStorage (SimpleStateMachineStorage.java:lambda$cleanupOldSnapshots$1(126)) - Deleting old snapshot at /home/runner/work/ozone/ozone/hadoop-ozone/integration-test/target/test-dir/MiniOzoneClusterImpl-b7e00dfa-d3b8-45cf-9d3a-2bd5fdfebf54/ozone-meta/datanode-7/ratis/d780ee6f-851c-4d64-8d60-b4ee531a63a2/sm/snapshot.1_129
2025-07-02 18:45:36,089 [92aeff0d-b8ac-4e9e-9ba6-1724c63a8401@group-B4EE531A63A2-StateMachineUpdater] INFO  impl.StateMachineUpdater (StateMachineUpdater.java:takeSnapshot(307)) - 92aeff0d-b8ac-4e9e-9ba6-1724c63a8401@group-B4EE531A63A2-StateMachineUpdater: Took a snapshot at index 157
2025-07-02 18:45:36,089 [92aeff0d-b8ac-4e9e-9ba6-1724c63a8401@group-B4EE531A63A2-StateMachineUpdater] INFO  impl.StateMachineUpdater (StateMachineUpdater.java:lambda$new$0(101)) - 92aeff0d-b8ac-4e9e-9ba6-1724c63a8401@group-B4EE531A63A2-StateMachineUpdater: snapshotIndex: updateIncreasingly 152 -> 157
2025-07-02 18:45:36,091 [92aeff0d-b8ac-4e9e-9ba6-1724c63a8401@group-B4EE531A63A2-StateMachineUpdater] INFO  ratis.ContainerStateMachine (ContainerStateMachine.java:takeSnapshot(427)) - group-B4EE531A63A2: Taking a snapshot at:(t:1, i:162) file /home/runner/work/ozone/ozone/hadoop-ozone/integration-test/target/test-dir/MiniOzoneClusterImpl-b7e00dfa-d3b8-45cf-9d3a-2bd5fdfebf54/ozone-meta/datanode-7/ratis/d780ee6f-851c-4d64-8d60-b4ee531a63a2/sm/snapshot.1_162
2025-07-02 18:45:36,091 [92aeff0d-b8ac-4e9e-9ba6-1724c63a8401-ChunkWriter-0-0] WARN  helpers.ChunkUtils (ChunkUtils.java:validateChunkForOverwrite(378)) - Duplicate write chunk request. Chunk overwrite without explicit request. ChunkInfo{chunkName='115816896921600004.data.0, offset=0, len=5}
2025-07-02 18:45:36,092 [92aeff0d-b8ac-4e9e-9ba6-1724c63a8401@group-B4EE531A63A2-StateMachineUpdater] INFO  ratis.ContainerStateMachine (ContainerStateMachine.java:takeSnapshot(436)) - group-B4EE531A63A2: Finished taking a snapshot at:(t:1, i:162) file:/home/runner/work/ozone/ozone/hadoop-ozone/integration-test/target/test-dir/MiniOzoneClusterImpl-b7e00dfa-d3b8-45cf-9d3a-2bd5fdfebf54/ozone-meta/datanode-7/ratis/d780ee6f-851c-4d64-8d60-b4ee531a63a2/sm/snapshot.1_162 took: 1 ms
2025-07-02 18:45:36,093 [92aeff0d-b8ac-4e9e-9ba6-1724c63a8401@group-B4EE531A63A2-StateMachineUpdater] INFO  impl.SimpleStateMachineStorage (SimpleStateMachineStorage.java:lambda$cleanupOldSnapshots$1(126)) - Deleting old snapshot at /home/runner/work/ozone/ozone/hadoop-ozone/integration-test/target/test-dir/MiniOzoneClusterImpl-b7e00dfa-d3b8-45cf-9d3a-2bd5fdfebf54/ozone-meta/datanode-7/ratis/d780ee6f-851c-4d64-8d60-b4ee531a63a2/sm/snapshot.1_136
2025-07-02 18:45:36,093 [92aeff0d-b8ac-4e9e-9ba6-1724c63a8401@group-B4EE531A63A2-StateMachineUpdater] INFO  impl.StateMachineUpdater (StateMachineUpdater.java:takeSnapshot(307)) - 92aeff0d-b8ac-4e9e-9ba6-1724c63a8401@group-B4EE531A63A2-StateMachineUpdater: Took a snapshot at index 162
2025-07-02 18:45:36,093 [92aeff0d-b8ac-4e9e-9ba6-1724c63a8401@group-B4EE531A63A2-StateMachineUpdater] INFO  impl.StateMachineUpdater (StateMachineUpdater.java:lambda$new$0(101)) - 92aeff0d-b8ac-4e9e-9ba6-1724c63a8401@group-B4EE531A63A2-StateMachineUpdater: snapshotIndex: updateIncreasingly 157 -> 162
2025-07-02 18:45:36,093 [92aeff0d-b8ac-4e9e-9ba6-1724c63a8401-ChunkWriter-0-0] WARN  helpers.ChunkUtils (ChunkUtils.java:validateChunkForOverwrite(378)) - Duplicate write chunk request. Chunk overwrite without explicit request. ChunkInfo{chunkName='115816896921600004.data.0, offset=0, len=5}
2025-07-02 18:45:36,095 [92aeff0d-b8ac-4e9e-9ba6-1724c63a8401-ChunkWriter-0-0] WARN  helpers.ChunkUtils (ChunkUtils.java:validateChunkForOverwrite(378)) - Duplicate write chunk request. Chunk overwrite without explicit request. ChunkInfo{chunkName='115816896921600004.data.0, offset=0, len=5}
2025-07-02 18:45:36,098 [92aeff0d-b8ac-4e9e-9ba6-1724c63a8401@group-B4EE531A63A2-StateMachineUpdater] INFO  ratis.ContainerStateMachine (ContainerStateMachine.java:takeSnapshot(427)) - group-B4EE531A63A2: Taking a snapshot at:(t:1, i:168) file /home/runner/work/ozone/ozone/hadoop-ozone/integration-test/target/test-dir/MiniOzoneClusterImpl-b7e00dfa-d3b8-45cf-9d3a-2bd5fdfebf54/ozone-meta/datanode-7/ratis/d780ee6f-851c-4d64-8d60-b4ee531a63a2/sm/snapshot.1_168
2025-07-02 18:45:36,098 [92aeff0d-b8ac-4e9e-9ba6-1724c63a8401-ChunkWriter-0-0] WARN  helpers.ChunkUtils (ChunkUtils.java:validateChunkForOverwrite(378)) - Duplicate write chunk request. Chunk overwrite without explicit request. ChunkInfo{chunkName='115816896921600004.data.0, offset=0, len=5}
2025-07-02 18:45:36,098 [92aeff0d-b8ac-4e9e-9ba6-1724c63a8401-ChunkWriter-0-0] WARN  helpers.ChunkUtils (ChunkUtils.java:validateChunkForOverwrite(378)) - Duplicate write chunk request. Chunk overwrite without explicit request. ChunkInfo{chunkName='115816896921600004.data.0, offset=0, len=5}
2025-07-02 18:45:36,100 [92aeff0d-b8ac-4e9e-9ba6-1724c63a8401@group-B4EE531A63A2-StateMachineUpdater] INFO  ratis.ContainerStateMachine (ContainerStateMachine.java:takeSnapshot(436)) - group-B4EE531A63A2: Finished taking a snapshot at:(t:1, i:168) file:/home/runner/work/ozone/ozone/hadoop-ozone/integration-test/target/test-dir/MiniOzoneClusterImpl-b7e00dfa-d3b8-45cf-9d3a-2bd5fdfebf54/ozone-meta/datanode-7/ratis/d780ee6f-851c-4d64-8d60-b4ee531a63a2/sm/snapshot.1_168 took: 1 ms
2025-07-02 18:45:36,100 [92aeff0d-b8ac-4e9e-9ba6-1724c63a8401@group-B4EE531A63A2-StateMachineUpdater] INFO  impl.SimpleStateMachineStorage (SimpleStateMachineStorage.java:lambda$cleanupOldSnapshots$1(126)) - Deleting old snapshot at /home/runner/work/ozone/ozone/hadoop-ozone/integration-test/target/test-dir/MiniOzoneClusterImpl-b7e00dfa-d3b8-45cf-9d3a-2bd5fdfebf54/ozone-meta/datanode-7/ratis/d780ee6f-851c-4d64-8d60-b4ee531a63a2/sm/snapshot.1_139
2025-07-02 18:45:36,100 [92aeff0d-b8ac-4e9e-9ba6-1724c63a8401@group-B4EE531A63A2-StateMachineUpdater] INFO  impl.StateMachineUpdater (StateMachineUpdater.java:takeSnapshot(307)) - 92aeff0d-b8ac-4e9e-9ba6-1724c63a8401@group-B4EE531A63A2-StateMachineUpdater: Took a snapshot at index 168
2025-07-02 18:45:36,100 [92aeff0d-b8ac-4e9e-9ba6-1724c63a8401@group-B4EE531A63A2-StateMachineUpdater] INFO  impl.StateMachineUpdater (StateMachineUpdater.java:lambda$new$0(101)) - 92aeff0d-b8ac-4e9e-9ba6-1724c63a8401@group-B4EE531A63A2-StateMachineUpdater: snapshotIndex: updateIncreasingly 162 -> 168
2025-07-02 18:45:36,101 [92aeff0d-b8ac-4e9e-9ba6-1724c63a8401-ChunkWriter-0-0] WARN  helpers.ChunkUtils (ChunkUtils.java:validateChunkForOverwrite(378)) - Duplicate write chunk request. Chunk overwrite without explicit request. ChunkInfo{chunkName='115816896921600004.data.0, offset=0, len=5}
2025-07-02 18:45:36,102 [92aeff0d-b8ac-4e9e-9ba6-1724c63a8401@group-B4EE531A63A2-StateMachineUpdater] INFO  ratis.ContainerStateMachine (ContainerStateMachine.java:takeSnapshot(427)) - group-B4EE531A63A2: Taking a snapshot at:(t:1, i:171) file /home/runner/work/ozone/ozone/hadoop-ozone/integration-test/target/test-dir/MiniOzoneClusterImpl-b7e00dfa-d3b8-45cf-9d3a-2bd5fdfebf54/ozone-meta/datanode-7/ratis/d780ee6f-851c-4d64-8d60-b4ee531a63a2/sm/snapshot.1_171
2025-07-02 18:45:36,102 [92aeff0d-b8ac-4e9e-9ba6-1724c63a8401-ChunkWriter-0-0] WARN  helpers.ChunkUtils (ChunkUtils.java:validateChunkForOverwrite(378)) - Duplicate write chunk request. Chunk overwrite without explicit request. ChunkInfo{chunkName='115816896921600004.data.0, offset=0, len=5}
2025-07-02 18:45:36,103 [92aeff0d-b8ac-4e9e-9ba6-1724c63a8401@group-B4EE531A63A2-StateMachineUpdater] INFO  ratis.ContainerStateMachine (ContainerStateMachine.java:takeSnapshot(436)) - group-B4EE531A63A2: Finished taking a snapshot at:(t:1, i:171) file:/home/runner/work/ozone/ozone/hadoop-ozone/integration-test/target/test-dir/MiniOzoneClusterImpl-b7e00dfa-d3b8-45cf-9d3a-2bd5fdfebf54/ozone-meta/datanode-7/ratis/d780ee6f-851c-4d64-8d60-b4ee531a63a2/sm/snapshot.1_171 took: 1 ms
2025-07-02 18:45:36,103 [92aeff0d-b8ac-4e9e-9ba6-1724c63a8401@group-B4EE531A63A2-StateMachineUpdater] INFO  impl.SimpleStateMachineStorage (SimpleStateMachineStorage.java:lambda$cleanupOldSnapshots$1(126)) - Deleting old snapshot at /home/runner/work/ozone/ozone/hadoop-ozone/integration-test/target/test-dir/MiniOzoneClusterImpl-b7e00dfa-d3b8-45cf-9d3a-2bd5fdfebf54/ozone-meta/datanode-7/ratis/d780ee6f-851c-4d64-8d60-b4ee531a63a2/sm/snapshot.1_145
2025-07-02 18:45:36,104 [92aeff0d-b8ac-4e9e-9ba6-1724c63a8401@group-B4EE531A63A2-StateMachineUpdater] INFO  impl.StateMachineUpdater (StateMachineUpdater.java:takeSnapshot(307)) - 92aeff0d-b8ac-4e9e-9ba6-1724c63a8401@group-B4EE531A63A2-StateMachineUpdater: Took a snapshot at index 171
2025-07-02 18:45:36,104 [92aeff0d-b8ac-4e9e-9ba6-1724c63a8401@group-B4EE531A63A2-StateMachineUpdater] INFO  impl.StateMachineUpdater (StateMachineUpdater.java:lambda$new$0(101)) - 92aeff0d-b8ac-4e9e-9ba6-1724c63a8401@group-B4EE531A63A2-StateMachineUpdater: snapshotIndex: updateIncreasingly 168 -> 171
2025-07-02 18:45:36,106 [92aeff0d-b8ac-4e9e-9ba6-1724c63a8401-ChunkWriter-0-0] WARN  helpers.ChunkUtils (ChunkUtils.java:validateChunkForOverwrite(378)) - Duplicate write chunk request. Chunk overwrite without explicit request. ChunkInfo{chunkName='115816896921600004.data.0, offset=0, len=5}
2025-07-02 18:45:36,106 [92aeff0d-b8ac-4e9e-9ba6-1724c63a8401@group-B4EE531A63A2-StateMachineUpdater] INFO  ratis.ContainerStateMachine (ContainerStateMachine.java:takeSnapshot(427)) - group-B4EE531A63A2: Taking a snapshot at:(t:1, i:176) file /home/runner/work/ozone/ozone/hadoop-ozone/integration-test/target/test-dir/MiniOzoneClusterImpl-b7e00dfa-d3b8-45cf-9d3a-2bd5fdfebf54/ozone-meta/datanode-7/ratis/d780ee6f-851c-4d64-8d60-b4ee531a63a2/sm/snapshot.1_176
2025-07-02 18:45:36,107 [92aeff0d-b8ac-4e9e-9ba6-1724c63a8401@group-B4EE531A63A2-StateMachineUpdater] INFO  ratis.ContainerStateMachine (ContainerStateMachine.java:takeSnapshot(436)) - group-B4EE531A63A2: Finished taking a snapshot at:(t:1, i:176) file:/home/runner/work/ozone/ozone/hadoop-ozone/integration-test/target/test-dir/MiniOzoneClusterImpl-b7e00dfa-d3b8-45cf-9d3a-2bd5fdfebf54/ozone-meta/datanode-7/ratis/d780ee6f-851c-4d64-8d60-b4ee531a63a2/sm/snapshot.1_176 took: 2 ms
2025-07-02 18:45:36,107 [92aeff0d-b8ac-4e9e-9ba6-1724c63a8401-ChunkWriter-0-0] WARN  helpers.ChunkUtils (ChunkUtils.java:validateChunkForOverwrite(378)) - Duplicate write chunk request. Chunk overwrite without explicit request. ChunkInfo{chunkName='115816896921600004.data.0, offset=0, len=5}
2025-07-02 18:45:36,108 [92aeff0d-b8ac-4e9e-9ba6-1724c63a8401@group-B4EE531A63A2-StateMachineUpdater] INFO  impl.SimpleStateMachineStorage (SimpleStateMachineStorage.java:lambda$cleanupOldSnapshots$1(126)) - Deleting old snapshot at /home/runner/work/ozone/ozone/hadoop-ozone/integration-test/target/test-dir/MiniOzoneClusterImpl-b7e00dfa-d3b8-45cf-9d3a-2bd5fdfebf54/ozone-meta/datanode-7/ratis/d780ee6f-851c-4d64-8d60-b4ee531a63a2/sm/snapshot.1_152
2025-07-02 18:45:36,108 [92aeff0d-b8ac-4e9e-9ba6-1724c63a8401@group-B4EE531A63A2-StateMachineUpdater] INFO  impl.StateMachineUpdater (StateMachineUpdater.java:takeSnapshot(307)) - 92aeff0d-b8ac-4e9e-9ba6-1724c63a8401@group-B4EE531A63A2-StateMachineUpdater: Took a snapshot at index 176
2025-07-02 18:45:36,108 [92aeff0d-b8ac-4e9e-9ba6-1724c63a8401@group-B4EE531A63A2-StateMachineUpdater] INFO  impl.StateMachineUpdater (StateMachineUpdater.java:lambda$new$0(101)) - 92aeff0d-b8ac-4e9e-9ba6-1724c63a8401@group-B4EE531A63A2-StateMachineUpdater: snapshotIndex: updateIncreasingly 171 -> 176
2025-07-02 18:45:36,109 [92aeff0d-b8ac-4e9e-9ba6-1724c63a8401@group-B4EE531A63A2-StateMachineUpdater] INFO  ratis.ContainerStateMachine (ContainerStateMachine.java:takeSnapshot(427)) - group-B4EE531A63A2: Taking a snapshot at:(t:1, i:178) file /home/runner/work/ozone/ozone/hadoop-ozone/integration-test/target/test-dir/MiniOzoneClusterImpl-b7e00dfa-d3b8-45cf-9d3a-2bd5fdfebf54/ozone-meta/datanode-7/ratis/d780ee6f-851c-4d64-8d60-b4ee531a63a2/sm/snapshot.1_178
2025-07-02 18:45:36,110 [92aeff0d-b8ac-4e9e-9ba6-1724c63a8401-ChunkWriter-0-0] WARN  helpers.ChunkUtils (ChunkUtils.java:validateChunkForOverwrite(378)) - Duplicate write chunk request. Chunk overwrite without explicit request. ChunkInfo{chunkName='115816896921600004.data.0, offset=0, len=5}
2025-07-02 18:45:36,111 [92aeff0d-b8ac-4e9e-9ba6-1724c63a8401@group-B4EE531A63A2-StateMachineUpdater] INFO  ratis.ContainerStateMachine (ContainerStateMachine.java:takeSnapshot(436)) - group-B4EE531A63A2: Finished taking a snapshot at:(t:1, i:178) file:/home/runner/work/ozone/ozone/hadoop-ozone/integration-test/target/test-dir/MiniOzoneClusterImpl-b7e00dfa-d3b8-45cf-9d3a-2bd5fdfebf54/ozone-meta/datanode-7/ratis/d780ee6f-851c-4d64-8d60-b4ee531a63a2/sm/snapshot.1_178 took: 1 ms
2025-07-02 18:45:36,111 [92aeff0d-b8ac-4e9e-9ba6-1724c63a8401@group-B4EE531A63A2-StateMachineUpdater] INFO  impl.SimpleStateMachineStorage (SimpleStateMachineStorage.java:lambda$cleanupOldSnapshots$1(126)) - Deleting old snapshot at /home/runner/work/ozone/ozone/hadoop-ozone/integration-test/target/test-dir/MiniOzoneClusterImpl-b7e00dfa-d3b8-45cf-9d3a-2bd5fdfebf54/ozone-meta/datanode-7/ratis/d780ee6f-851c-4d64-8d60-b4ee531a63a2/sm/snapshot.1_157
2025-07-02 18:45:36,111 [92aeff0d-b8ac-4e9e-9ba6-1724c63a8401@group-B4EE531A63A2-StateMachineUpdater] INFO  impl.StateMachineUpdater (StateMachineUpdater.java:takeSnapshot(307)) - 92aeff0d-b8ac-4e9e-9ba6-1724c63a8401@group-B4EE531A63A2-StateMachineUpdater: Took a snapshot at index 178
2025-07-02 18:45:36,111 [92aeff0d-b8ac-4e9e-9ba6-1724c63a8401@group-B4EE531A63A2-StateMachineUpdater] INFO  impl.StateMachineUpdater (StateMachineUpdater.java:lambda$new$0(101)) - 92aeff0d-b8ac-4e9e-9ba6-1724c63a8401@group-B4EE531A63A2-StateMachineUpdater: snapshotIndex: updateIncreasingly 176 -> 178
2025-07-02 18:45:36,113 [92aeff0d-b8ac-4e9e-9ba6-1724c63a8401@group-B4EE531A63A2-StateMachineUpdater] INFO  ratis.ContainerStateMachine (ContainerStateMachine.java:takeSnapshot(427)) - group-B4EE531A63A2: Taking a snapshot at:(t:1, i:182) file /home/runner/work/ozone/ozone/hadoop-ozone/integration-test/target/test-dir/MiniOzoneClusterImpl-b7e00dfa-d3b8-45cf-9d3a-2bd5fdfebf54/ozone-meta/datanode-7/ratis/d780ee6f-851c-4d64-8d60-b4ee531a63a2/sm/snapshot.1_182
2025-07-02 18:45:36,113 [92aeff0d-b8ac-4e9e-9ba6-1724c63a8401-ChunkWriter-0-0] WARN  helpers.ChunkUtils (ChunkUtils.java:validateChunkForOverwrite(378)) - Duplicate write chunk request. Chunk overwrite without explicit request. ChunkInfo{chunkName='115816896921600004.data.0, offset=0, len=5}
2025-07-02 18:45:36,113 [92aeff0d-b8ac-4e9e-9ba6-1724c63a8401@group-B4EE531A63A2-StateMachineUpdater] INFO  ratis.ContainerStateMachine (ContainerStateMachine.java:takeSnapshot(436)) - group-B4EE531A63A2: Finished taking a snapshot at:(t:1, i:182) file:/home/runner/work/ozone/ozone/hadoop-ozone/integration-test/target/test-dir/MiniOzoneClusterImpl-b7e00dfa-d3b8-45cf-9d3a-2bd5fdfebf54/ozone-meta/datanode-7/ratis/d780ee6f-851c-4d64-8d60-b4ee531a63a2/sm/snapshot.1_182 took: 0 ms
2025-07-02 18:45:36,114 [92aeff0d-b8ac-4e9e-9ba6-1724c63a8401@group-B4EE531A63A2-StateMachineUpdater] INFO  impl.SimpleStateMachineStorage (SimpleStateMachineStorage.java:lambda$cleanupOldSnapshots$1(126)) - Deleting old snapshot at /home/runner/work/ozone/ozone/hadoop-ozone/integration-test/target/test-dir/MiniOzoneClusterImpl-b7e00dfa-d3b8-45cf-9d3a-2bd5fdfebf54/ozone-meta/datanode-7/ratis/d780ee6f-851c-4d64-8d60-b4ee531a63a2/sm/snapshot.1_162
2025-07-02 18:45:36,114 [92aeff0d-b8ac-4e9e-9ba6-1724c63a8401@group-B4EE531A63A2-StateMachineUpdater] INFO  impl.StateMachineUpdater (StateMachineUpdater.java:takeSnapshot(307)) - 92aeff0d-b8ac-4e9e-9ba6-1724c63a8401@group-B4EE531A63A2-StateMachineUpdater: Took a snapshot at index 182
2025-07-02 18:45:36,114 [92aeff0d-b8ac-4e9e-9ba6-1724c63a8401@group-B4EE531A63A2-StateMachineUpdater] INFO  impl.StateMachineUpdater (StateMachineUpdater.java:lambda$new$0(101)) - 92aeff0d-b8ac-4e9e-9ba6-1724c63a8401@group-B4EE531A63A2-StateMachineUpdater: snapshotIndex: updateIncreasingly 178 -> 182
2025-07-02 18:45:36,115 [92aeff0d-b8ac-4e9e-9ba6-1724c63a8401-ChunkWriter-0-0] WARN  helpers.ChunkUtils (ChunkUtils.java:validateChunkForOverwrite(378)) - Duplicate write chunk request. Chunk overwrite without explicit request. ChunkInfo{chunkName='115816896921600004.data.0, offset=0, len=5}
2025-07-02 18:45:36,117 [92aeff0d-b8ac-4e9e-9ba6-1724c63a8401@group-B4EE531A63A2-StateMachineUpdater] INFO  ratis.ContainerStateMachine (ContainerStateMachine.java:takeSnapshot(427)) - group-B4EE531A63A2: Taking a snapshot at:(t:1, i:184) file /home/runner/work/ozone/ozone/hadoop-ozone/integration-test/target/test-dir/MiniOzoneClusterImpl-b7e00dfa-d3b8-45cf-9d3a-2bd5fdfebf54/ozone-meta/datanode-7/ratis/d780ee6f-851c-4d64-8d60-b4ee531a63a2/sm/snapshot.1_184
2025-07-02 18:45:36,118 [92aeff0d-b8ac-4e9e-9ba6-1724c63a8401@group-B4EE531A63A2-StateMachineUpdater] INFO  ratis.ContainerStateMachine (ContainerStateMachine.java:takeSnapshot(436)) - group-B4EE531A63A2: Finished taking a snapshot at:(t:1, i:184) file:/home/runner/work/ozone/ozone/hadoop-ozone/integration-test/target/test-dir/MiniOzoneClusterImpl-b7e00dfa-d3b8-45cf-9d3a-2bd5fdfebf54/ozone-meta/datanode-7/ratis/d780ee6f-851c-4d64-8d60-b4ee531a63a2/sm/snapshot.1_184 took: 1 ms
2025-07-02 18:45:36,118 [92aeff0d-b8ac-4e9e-9ba6-1724c63a8401-ChunkWriter-0-0] WARN  helpers.ChunkUtils (ChunkUtils.java:validateChunkForOverwrite(378)) - Duplicate write chunk request. Chunk overwrite without explicit request. ChunkInfo{chunkName='115816896921600004.data.0, offset=0, len=5}
2025-07-02 18:45:36,119 [92aeff0d-b8ac-4e9e-9ba6-1724c63a8401@group-B4EE531A63A2-StateMachineUpdater] INFO  impl.SimpleStateMachineStorage (SimpleStateMachineStorage.java:lambda$cleanupOldSnapshots$1(126)) - Deleting old snapshot at /home/runner/work/ozone/ozone/hadoop-ozone/integration-test/target/test-dir/MiniOzoneClusterImpl-b7e00dfa-d3b8-45cf-9d3a-2bd5fdfebf54/ozone-meta/datanode-7/ratis/d780ee6f-851c-4d64-8d60-b4ee531a63a2/sm/snapshot.1_168
2025-07-02 18:45:36,119 [92aeff0d-b8ac-4e9e-9ba6-1724c63a8401@group-B4EE531A63A2-StateMachineUpdater] INFO  impl.StateMachineUpdater (StateMachineUpdater.java:takeSnapshot(307)) - 92aeff0d-b8ac-4e9e-9ba6-1724c63a8401@group-B4EE531A63A2-StateMachineUpdater: Took a snapshot at index 184
2025-07-02 18:45:36,119 [92aeff0d-b8ac-4e9e-9ba6-1724c63a8401@group-B4EE531A63A2-StateMachineUpdater] INFO  impl.StateMachineUpdater (StateMachineUpdater.java:lambda$new$0(101)) - 92aeff0d-b8ac-4e9e-9ba6-1724c63a8401@group-B4EE531A63A2-StateMachineUpdater: snapshotIndex: updateIncreasingly 182 -> 184
2025-07-02 18:45:36,121 [92aeff0d-b8ac-4e9e-9ba6-1724c63a8401-ChunkWriter-0-0] WARN  helpers.ChunkUtils (ChunkUtils.java:validateChunkForOverwrite(378)) - Duplicate write chunk request. Chunk overwrite without explicit request. ChunkInfo{chunkName='115816896921600004.data.0, offset=0, len=5}
2025-07-02T18:45:36.123551483Z 92aeff0d-b8ac-4e9e-9ba6-1724c63a8401-client-thread2 ERROR user=null | ip=null | op=WRITE_CHUNK {blockData=conID: 4 locID: 115816896921600004 bcsId: 0 replicaIndex: null, offset=0, size=5} | ret=FAILURE
org.apache.hadoop.hdds.scm.container.common.helpers.ContainerNotOpenException: Container 4 in CLOSING state
	at org.apache.hadoop.ozone.container.common.impl.HddsDispatcher.validateContainerCommand(HddsDispatcher.java:580)
	at org.apache.hadoop.ozone.container.common.transport.server.ratis.ContainerStateMachine.startTransaction(ContainerStateMachine.java:488)
	at org.apache.ratis.server.impl.RaftServerImpl.writeAsyncImpl(RaftServerImpl.java:987)
	at org.apache.ratis.server.impl.RaftServerImpl.writeAsync(RaftServerImpl.java:960)
	at org.apache.ratis.server.impl.RaftServerImpl.replyFuture(RaftServerImpl.java:953)
	at org.apache.ratis.server.impl.RaftServerImpl.submitClientRequestAsync(RaftServerImpl.java:930)
	at org.apache.ratis.server.impl.RaftServerImpl.lambda$null$11(RaftServerImpl.java:919)
	at org.apache.ratis.util.JavaUtils.callAsUnchecked(JavaUtils.java:118)
	at org.apache.ratis.server.impl.RaftServerImpl.lambda$executeSubmitClientRequestAsync$12(RaftServerImpl.java:919)
	at java.base/java.util.concurrent.CompletableFuture$AsyncSupply.run(CompletableFuture.java:1768)
	at java.base/java.util.concurrent.ThreadPoolExecutor.runWorker(ThreadPoolExecutor.java:1144)
	at java.base/java.util.concurrent.ThreadPoolExecutor$Worker.run(ThreadPoolExecutor.java:642)
	at java.base/java.lang.Thread.run(Thread.java:1583)
2025-07-02 18:45:36,127 [92aeff0d-b8ac-4e9e-9ba6-1724c63a8401-ContainerOp-d780ee6f-851c-4d64-8d60-b4ee531a63a2-9] WARN  keyvalue.KeyValueHandler (KeyValueHandler.java:updateAndGetContainerChecksum(1451)) - Container data checksum updated from 0 to c25bf9a6
2025-07-02 18:45:36,129 [FixedThreadPoolWithAffinityExecutor-0-0] INFO  container.IncrementalContainerReportHandler (AbstractContainerReportHandler.java:updateContainerState(253)) - FINALIZE (i.e. CLOSING) Container #4 (OPEN, sid=6) r0 (CLOSING, bcsid=6, origin=92aeff0d-b8ac-4e9e-9ba6-1724c63a8401, non-empty) from dn 92aeff0d-b8ac-4e9e-9ba6-1724c63a8401(localhost/127.0.0.1)
2025-07-02 18:45:36,129 [92aeff0d-b8ac-4e9e-9ba6-1724c63a8401-ContainerOp-d780ee6f-851c-4d64-8d60-b4ee531a63a2-9] INFO  keyvalue.KeyValueContainer (KeyValueContainer.java:flushAndSyncDB(514)) - Synced container: KeyValueContainerData #4 (CLOSING, non-empty, ri=0, origin=[dn_92aeff0d-b8ac-4e9e-9ba6-1724c63a8401, pipeline_d780ee6f-851c-4d64-8d60-b4ee531a63a2])
2025-07-02 18:45:36,129 [92aeff0d-b8ac-4e9e-9ba6-1724c63a8401-ContainerOp-d780ee6f-851c-4d64-8d60-b4ee531a63a2-9] INFO  keyvalue.KeyValueContainer (KeyValueContainer.java:flushAndSyncDB(514)) - Synced container: KeyValueContainerData #4 (CLOSING, non-empty, ri=0, origin=[dn_92aeff0d-b8ac-4e9e-9ba6-1724c63a8401, pipeline_d780ee6f-851c-4d64-8d60-b4ee531a63a2])
2025-07-02 18:45:36,132 [92aeff0d-b8ac-4e9e-9ba6-1724c63a8401-ContainerOp-d780ee6f-851c-4d64-8d60-b4ee531a63a2-9] INFO  keyvalue.KeyValueContainer (KeyValueContainer.java:close(430)) - Closed container: KeyValueContainerData #4 (CLOSED, non-empty, ri=0, origin=[dn_92aeff0d-b8ac-4e9e-9ba6-1724c63a8401, pipeline_d780ee6f-851c-4d64-8d60-b4ee531a63a2])
2025-07-02 18:45:36,133 [92aeff0d-b8ac-4e9e-9ba6-1724c63a8401@group-B4EE531A63A2-StateMachineUpdater] INFO  ratis.ContainerStateMachine (ContainerStateMachine.java:takeSnapshot(427)) - group-B4EE531A63A2: Taking a snapshot at:(t:1, i:187) file /home/runner/work/ozone/ozone/hadoop-ozone/integration-test/target/test-dir/MiniOzoneClusterImpl-b7e00dfa-d3b8-45cf-9d3a-2bd5fdfebf54/ozone-meta/datanode-7/ratis/d780ee6f-851c-4d64-8d60-b4ee531a63a2/sm/snapshot.1_187
2025-07-02 18:45:36,133 [FixedThreadPoolWithAffinityExecutor-0-0] INFO  container.IncrementalContainerReportHandler (AbstractContainerReportHandler.java:updateContainerState(289)) - CLOSE Container #4 (CLOSING, sid=6) r0 (CLOSED, bcsid=6, origin=92aeff0d-b8ac-4e9e-9ba6-1724c63a8401, non-empty) from dn 92aeff0d-b8ac-4e9e-9ba6-1724c63a8401(localhost/127.0.0.1)
2025-07-02 18:45:36,134 [92aeff0d-b8ac-4e9e-9ba6-1724c63a8401@group-B4EE531A63A2-StateMachineUpdater] INFO  ratis.ContainerStateMachine (ContainerStateMachine.java:takeSnapshot(436)) - group-B4EE531A63A2: Finished taking a snapshot at:(t:1, i:187) file:/home/runner/work/ozone/ozone/hadoop-ozone/integration-test/target/test-dir/MiniOzoneClusterImpl-b7e00dfa-d3b8-45cf-9d3a-2bd5fdfebf54/ozone-meta/datanode-7/ratis/d780ee6f-851c-4d64-8d60-b4ee531a63a2/sm/snapshot.1_187 took: 1 ms
2025-07-02 18:45:36,134 [92aeff0d-b8ac-4e9e-9ba6-1724c63a8401@group-B4EE531A63A2-StateMachineUpdater] INFO  impl.SimpleStateMachineStorage (SimpleStateMachineStorage.java:lambda$cleanupOldSnapshots$1(126)) - Deleting old snapshot at /home/runner/work/ozone/ozone/hadoop-ozone/integration-test/target/test-dir/MiniOzoneClusterImpl-b7e00dfa-d3b8-45cf-9d3a-2bd5fdfebf54/ozone-meta/datanode-7/ratis/d780ee6f-851c-4d64-8d60-b4ee531a63a2/sm/snapshot.1_171
2025-07-02 18:45:36,135 [92aeff0d-b8ac-4e9e-9ba6-1724c63a8401@group-B4EE531A63A2-StateMachineUpdater] INFO  impl.StateMachineUpdater (StateMachineUpdater.java:takeSnapshot(307)) - 92aeff0d-b8ac-4e9e-9ba6-1724c63a8401@group-B4EE531A63A2-StateMachineUpdater: Took a snapshot at index 187
2025-07-02 18:45:36,135 [92aeff0d-b8ac-4e9e-9ba6-1724c63a8401@group-B4EE531A63A2-StateMachineUpdater] INFO  impl.StateMachineUpdater (StateMachineUpdater.java:lambda$new$0(101)) - 92aeff0d-b8ac-4e9e-9ba6-1724c63a8401@group-B4EE531A63A2-StateMachineUpdater: snapshotIndex: updateIncreasingly 184 -> 187
2025-07-02T18:45:36.136263680Z 92aeff0d-b8ac-4e9e-9ba6-1724c63a8401-ContainerOp-d780ee6f-851c-4d64-8d60-b4ee531a63a2-3 ERROR user=null | ip=null | op=WRITE_CHUNK {blockData=conID: 4 locID: 115816896921600004 bcsId: 0 replicaIndex: null, offset=0, size=5, stage=COMMIT_DATA} | ret=FAILURE
java.lang.Exception: Requested operation not allowed as ContainerState is CLOSED
	at org.apache.hadoop.ozone.container.common.impl.HddsDispatcher.dispatchRequest(HddsDispatcher.java:439)
	at org.apache.hadoop.ozone.container.common.impl.HddsDispatcher.lambda$dispatch$1(HddsDispatcher.java:190)
	at org.apache.hadoop.hdds.server.OzoneProtocolMessageDispatcher.processRequest(OzoneProtocolMessageDispatcher.java:87)
	at org.apache.hadoop.ozone.container.common.impl.HddsDispatcher.dispatch(HddsDispatcher.java:189)
	at org.apache.hadoop.ozone.container.common.transport.server.ratis.ContainerStateMachine.dispatchCommand(ContainerStateMachine.java:567)
	at org.apache.hadoop.ozone.container.common.transport.server.ratis.ContainerStateMachine.lambda$applyTransaction$8(ContainerStateMachine.java:1061)
	at org.apache.ratis.util.TaskQueue.lambda$submit$0(TaskQueue.java:121)
	at org.apache.ratis.util.LogUtils.runAndLog(LogUtils.java:38)
	at org.apache.ratis.util.LogUtils$1.run(LogUtils.java:78)
	at java.base/java.util.concurrent.Executors$RunnableAdapter.call(Executors.java:572)
	at java.base/java.util.concurrent.FutureTask.run(FutureTask.java:317)
	at java.base/java.util.concurrent.ThreadPoolExecutor.runWorker(ThreadPoolExecutor.java:1144)
	at java.base/java.util.concurrent.ThreadPoolExecutor$Worker.run(ThreadPoolExecutor.java:642)
	at java.base/java.lang.Thread.run(Thread.java:1583)
2025-07-02T18:45:36.136588015Z 92aeff0d-b8ac-4e9e-9ba6-1724c63a8401-ContainerOp-d780ee6f-851c-4d64-8d60-b4ee531a63a2-2 ERROR user=null | ip=null | op=WRITE_CHUNK {blockData=conID: 4 locID: 115816896921600004 bcsId: 0 replicaIndex: null, offset=0, size=5, stage=COMMIT_DATA} | ret=FAILURE
java.lang.Exception: Requested operation not allowed as ContainerState is CLOSED
	at org.apache.hadoop.ozone.container.common.impl.HddsDispatcher.dispatchRequest(HddsDispatcher.java:439)
	at org.apache.hadoop.ozone.container.common.impl.HddsDispatcher.lambda$dispatch$1(HddsDispatcher.java:190)
	at org.apache.hadoop.hdds.server.OzoneProtocolMessageDispatcher.processRequest(OzoneProtocolMessageDispatcher.java:87)
	at org.apache.hadoop.ozone.container.common.impl.HddsDispatcher.dispatch(HddsDispatcher.java:189)
	at org.apache.hadoop.ozone.container.common.transport.server.ratis.ContainerStateMachine.dispatchCommand(ContainerStateMachine.java:567)
	at org.apache.hadoop.ozone.container.common.transport.server.ratis.ContainerStateMachine.lambda$applyTransaction$8(ContainerStateMachine.java:1061)
	at org.apache.ratis.util.TaskQueue.lambda$submit$0(TaskQueue.java:121)
	at org.apache.ratis.util.LogUtils.runAndLog(LogUtils.java:38)
	at org.apache.ratis.util.LogUtils$1.run(LogUtils.java:78)
	at java.base/java.util.concurrent.Executors$RunnableAdapter.call(Executors.java:572)
	at java.base/java.util.concurrent.FutureTask.run(FutureTask.java:317)
	at java.base/java.util.concurrent.ThreadPoolExecutor.runWorker(ThreadPoolExecutor.java:1144)
	at java.base/java.util.concurrent.ThreadPoolExecutor$Worker.run(ThreadPoolExecutor.java:642)
	at java.base/java.lang.Thread.run(Thread.java:1583)
2025-07-02 18:45:36,138 [92aeff0d-b8ac-4e9e-9ba6-1724c63a8401@group-B4EE531A63A2-StateMachineUpdater] INFO  ratis.ContainerStateMachine (ContainerStateMachine.java:takeSnapshot(427)) - group-B4EE531A63A2: Taking a snapshot at:(t:1, i:192) file /home/runner/work/ozone/ozone/hadoop-ozone/integration-test/target/test-dir/MiniOzoneClusterImpl-b7e00dfa-d3b8-45cf-9d3a-2bd5fdfebf54/ozone-meta/datanode-7/ratis/d780ee6f-851c-4d64-8d60-b4ee531a63a2/sm/snapshot.1_192
2025-07-02 18:45:36,141 [92aeff0d-b8ac-4e9e-9ba6-1724c63a8401@group-B4EE531A63A2-StateMachineUpdater] INFO  ratis.ContainerStateMachine (ContainerStateMachine.java:takeSnapshot(436)) - group-B4EE531A63A2: Finished taking a snapshot at:(t:1, i:192) file:/home/runner/work/ozone/ozone/hadoop-ozone/integration-test/target/test-dir/MiniOzoneClusterImpl-b7e00dfa-d3b8-45cf-9d3a-2bd5fdfebf54/ozone-meta/datanode-7/ratis/d780ee6f-851c-4d64-8d60-b4ee531a63a2/sm/snapshot.1_192 took: 3 ms
2025-07-02 18:45:36,141 [92aeff0d-b8ac-4e9e-9ba6-1724c63a8401@group-B4EE531A63A2-StateMachineUpdater] INFO  impl.SimpleStateMachineStorage (SimpleStateMachineStorage.java:lambda$cleanupOldSnapshots$1(126)) - Deleting old snapshot at /home/runner/work/ozone/ozone/hadoop-ozone/integration-test/target/test-dir/MiniOzoneClusterImpl-b7e00dfa-d3b8-45cf-9d3a-2bd5fdfebf54/ozone-meta/datanode-7/ratis/d780ee6f-851c-4d64-8d60-b4ee531a63a2/sm/snapshot.1_176
2025-07-02 18:45:36,141 [92aeff0d-b8ac-4e9e-9ba6-1724c63a8401@group-B4EE531A63A2-StateMachineUpdater] INFO  impl.StateMachineUpdater (StateMachineUpdater.java:takeSnapshot(307)) - 92aeff0d-b8ac-4e9e-9ba6-1724c63a8401@group-B4EE531A63A2-StateMachineUpdater: Took a snapshot at index 192
2025-07-02 18:45:36,141 [92aeff0d-b8ac-4e9e-9ba6-1724c63a8401@group-B4EE531A63A2-StateMachineUpdater] INFO  impl.StateMachineUpdater (StateMachineUpdater.java:lambda$new$0(101)) - 92aeff0d-b8ac-4e9e-9ba6-1724c63a8401@group-B4EE531A63A2-StateMachineUpdater: snapshotIndex: updateIncreasingly 187 -> 192
2025-07-02 18:45:36,141 [grpc-default-executor-4] ERROR impl.OrderedAsync (OrderedAsync.java:lambda$send$4(181)) - Failed to send request, message=cmdType: WriteChunk
traceID: ""
containerID: 4
datanodeUuid: "92aeff0d-b8ac-4e9e-9ba6-1724c63a8401"
writeChunk {
  blockID {
    containerID: 4
    localID: 115816896921600004
    blockCommitSequenceId: 0
  }
  chunkData {
    chunkName: "115816896921600004.data.0"
    offset: 0
    len: 5
    checksumData {
      type: CRC32
      bytesPerChecksum: 1048576
      checksums: "\201\035n\334"
    }
  }
}
version: 3
, data.size=5
java.util.concurrent.CompletionException: org.apache.ratis.protocol.exceptions.StateMachineException: org.apache.hadoop.hdds.scm.container.common.helpers.ContainerNotOpenException from Server 92aeff0d-b8ac-4e9e-9ba6-1724c63a8401@group-B4EE531A63A2: Container 4 in CLOSING state
	at org.apache.ratis.client.impl.RaftClientImpl.handleRaftException(RaftClientImpl.java:373)
	at org.apache.ratis.client.impl.OrderedAsync.lambda$send$3(OrderedAsync.java:175)
	at java.base/java.util.concurrent.CompletableFuture$UniApply.tryFire(CompletableFuture.java:646)
	at java.base/java.util.concurrent.CompletableFuture.postComplete(CompletableFuture.java:510)
	at java.base/java.util.concurrent.CompletableFuture.complete(CompletableFuture.java:2179)
	at org.apache.ratis.client.impl.OrderedAsync$PendingOrderedRequest.setReply(OrderedAsync.java:105)
	at org.apache.ratis.client.impl.OrderedAsync$PendingOrderedRequest.setReply(OrderedAsync.java:66)
	at org.apache.ratis.util.SlidingWindow$RequestMap.setReply(SlidingWindow.java:147)
	at org.apache.ratis.util.SlidingWindow$Client.receiveReply(SlidingWindow.java:351)
	at org.apache.ratis.client.impl.OrderedAsync.lambda$sendRequestWithRetry$5(OrderedAsync.java:210)
	at java.base/java.util.concurrent.CompletableFuture$UniAccept.tryFire(CompletableFuture.java:718)
	at java.base/java.util.concurrent.CompletableFuture.postComplete(CompletableFuture.java:510)
	at java.base/java.util.concurrent.CompletableFuture.complete(CompletableFuture.java:2179)
	at org.apache.ratis.grpc.client.GrpcClientProtocolClient$AsyncStreamObservers$1.lambda$onNext$0(GrpcClientProtocolClient.java:325)
	at java.base/java.util.Optional.ifPresent(Optional.java:178)
	at org.apache.ratis.grpc.client.GrpcClientProtocolClient$AsyncStreamObservers.handleReplyFuture(GrpcClientProtocolClient.java:381)
	at org.apache.ratis.grpc.client.GrpcClientProtocolClient$AsyncStreamObservers.access$100(GrpcClientProtocolClient.java:303)
	at org.apache.ratis.grpc.client.GrpcClientProtocolClient$AsyncStreamObservers$1.onNext(GrpcClientProtocolClient.java:325)
	at org.apache.ratis.grpc.client.GrpcClientProtocolClient$AsyncStreamObservers$1.onNext(GrpcClientProtocolClient.java:308)
	at org.apache.ratis.thirdparty.io.grpc.stub.ClientCalls$StreamObserverToCallListenerAdapter.onMessage(ClientCalls.java:551)
	at org.apache.ratis.thirdparty.io.grpc.ForwardingClientCallListener.onMessage(ForwardingClientCallListener.java:33)
	at org.apache.ratis.thirdparty.io.grpc.internal.DelayedClientCall$DelayedListener.onMessage(DelayedClientCall.java:473)
	at org.apache.ratis.thirdparty.io.grpc.internal.ClientCallImpl$ClientStreamListenerImpl$1MessagesAvailable.runInternal(ClientCallImpl.java:661)
	at org.apache.ratis.thirdparty.io.grpc.internal.ClientCallImpl$ClientStreamListenerImpl$1MessagesAvailable.runInContext(ClientCallImpl.java:648)
	at org.apache.ratis.thirdparty.io.grpc.internal.ContextRunnable.run(ContextRunnable.java:37)
	at org.apache.ratis.thirdparty.io.grpc.internal.SerializingExecutor.run(SerializingExecutor.java:133)
	at java.base/java.util.concurrent.ThreadPoolExecutor.runWorker(ThreadPoolExecutor.java:1144)
	at java.base/java.util.concurrent.ThreadPoolExecutor$Worker.run(ThreadPoolExecutor.java:642)
	at java.base/java.lang.Thread.run(Thread.java:1583)
Caused by: org.apache.ratis.protocol.exceptions.StateMachineException: org.apache.hadoop.hdds.scm.container.common.helpers.ContainerNotOpenException from Server 92aeff0d-b8ac-4e9e-9ba6-1724c63a8401@group-B4EE531A63A2: Container 4 in CLOSING state
	at org.apache.hadoop.ozone.container.common.impl.HddsDispatcher.validateContainerCommand(HddsDispatcher.java:580)
	at org.apache.hadoop.ozone.container.common.transport.server.ratis.ContainerStateMachine.startTransaction(ContainerStateMachine.java:488)
	at org.apache.ratis.server.impl.RaftServerImpl.writeAsyncImpl(RaftServerImpl.java:987)
	at org.apache.ratis.server.impl.RaftServerImpl.writeAsync(RaftServerImpl.java:960)
	at org.apache.ratis.server.impl.RaftServerImpl.replyFuture(RaftServerImpl.java:953)
	at org.apache.ratis.server.impl.RaftServerImpl.submitClientRequestAsync(RaftServerImpl.java:930)
	at org.apache.ratis.server.impl.RaftServerImpl.lambda$null$11(RaftServerImpl.java:919)
	at org.apache.ratis.util.JavaUtils.callAsUnchecked(JavaUtils.java:118)
	at org.apache.ratis.server.impl.RaftServerImpl.lambda$executeSubmitClientRequestAsync$12(RaftServerImpl.java:919)
	at java.base/java.util.concurrent.CompletableFuture$AsyncSupply.run(CompletableFuture.java:1768)
	... 3 more
Caused by: org.apache.hadoop.hdds.scm.container.common.helpers.ContainerNotOpenException: Container 4 in CLOSING state
	at java.base/jdk.internal.reflect.DirectConstructorHandleAccessor.newInstance(DirectConstructorHandleAccessor.java:62)
	at java.base/java.lang.reflect.Constructor.newInstanceWithCaller(Constructor.java:502)
	at java.base/java.lang.reflect.Constructor.newInstance(Constructor.java:486)
	at org.apache.ratis.util.ReflectionUtils.instantiateException(ReflectionUtils.java:265)
	at org.apache.ratis.client.impl.ClientProtoUtils.toStateMachineException(ClientProtoUtils.java:455)
	at org.apache.ratis.client.impl.ClientProtoUtils.toStateMachineException(ClientProtoUtils.java:441)
	at org.apache.ratis.client.impl.ClientProtoUtils.toRaftClientReply(ClientProtoUtils.java:408)
	at org.apache.ratis.grpc.client.GrpcClientProtocolClient$AsyncStreamObservers$1.onNext(GrpcClientProtocolClient.java:313)
	at org.apache.ratis.grpc.client.GrpcClientProtocolClient$AsyncStreamObservers$1.onNext(GrpcClientProtocolClient.java:308)
	at org.apache.ratis.thirdparty.io.grpc.stub.ClientCalls$StreamObserverToCallListenerAdapter.onMessage(ClientCalls.java:551)
	at org.apache.ratis.thirdparty.io.grpc.ForwardingClientCallListener.onMessage(ForwardingClientCallListener.java:33)
	at org.apache.ratis.thirdparty.io.grpc.internal.DelayedClientCall$DelayedListener.onMessage(DelayedClientCall.java:473)
	at org.apache.ratis.thirdparty.io.grpc.internal.ClientCallImpl$ClientStreamListenerImpl$1MessagesAvailable.runInternal(ClientCallImpl.java:661)
	at org.apache.ratis.thirdparty.io.grpc.internal.ClientCallImpl$ClientStreamListenerImpl$1MessagesAvailable.runInContext(ClientCallImpl.java:648)
	at org.apache.ratis.thirdparty.io.grpc.internal.ContextRunnable.run(ContextRunnable.java:37)
	at org.apache.ratis.thirdparty.io.grpc.internal.SerializingExecutor.run(SerializingExecutor.java:133)
	... 3 more
2025-07-02 18:45:36,141 [pool-347-thread-1] WARN  keyvalue.KeyValueHandler (KeyValueHandler.java:updateAndGetContainerChecksum(1451)) - Container data checksum updated from c25bf9a6 to d062128c
2025-07-02 18:45:36,144 [pool-347-thread-1] ERROR ozoneimpl.OnDemandContainerDataScanner (ContainerScanHelper.java:handleUnhealthyScanResult(93)) - Corruption detected in container [4]. Marking it UNHEALTHY. Container has 1 error: CORRUPT_CHUNK for file /home/runner/work/ozone/ozone/hadoop-ozone/integration-test/target/test-dir/MiniOzoneClusterImpl-b7e00dfa-d3b8-45cf-9d3a-2bd5fdfebf54/ozone-meta/datanode-7/data-0/hdds/b7e00dfa-d3b8-45cf-9d3a-2bd5fdfebf54/current/containerDir0/4/chunks/115816896921600004.block with exception: org.apache.hadoop.ozone.common.OzoneChecksumException: Inconsistent read for chunk=ChunkInfo{chunkName='115816896921600004_chunk_1, offset=0, len=5} checksum item 0 expected checksum E8 61 E4 30 actual checksum 36 10 A6 86 for block conID: 4 locID: 115816896921600004 bcsId: 6 replicaIndex: null
2025-07-02 18:45:36,149 [pool-347-thread-1] WARN  keyvalue.KeyValueContainer (KeyValueContainer.java:markContainerUnhealthy(397)) - Marked container UNHEALTHY from CLOSED: KeyValueContainerData #4 (UNHEALTHY, non-empty, ri=0, origin=[dn_92aeff0d-b8ac-4e9e-9ba6-1724c63a8401, pipeline_d780ee6f-851c-4d64-8d60-b4ee531a63a2])
2025-07-02T18:45:36.150688499Z pool-347-thread-1 ERROR ID=4 | Index=0 | BCSID=6 | State=UNHEALTHY | Volume=/home/runner/work/ozone/ozone/hadoop-ozone/integration-test/target/test-dir/MiniOzoneClusterImpl-b7e00dfa-d3b8-45cf-9d3a-2bd5fdfebf54/ozone-meta/datanode-7/data-0/hdds | DataChecksum=d062128c | Container has 1 error: CORRUPT_CHUNK for file /home/runner/work/ozone/ozone/hadoop-ozone/integration-test/target/test-dir/MiniOzoneClusterImpl-b7e00dfa-d3b8-45cf-9d3a-2bd5fdfebf54/ozone-meta/datanode-7/data-0/hdds/b7e00dfa-d3b8-45cf-9d3a-2bd5fdfebf54/current/containerDir0/4/chunks/115816896921600004.block with exception: org.apache.hadoop.ozone.common.OzoneChecksumException: Inconsistent read for chunk=ChunkInfo{chunkName='115816896921600004_chunk_1, offset=0, len=5} checksum item 0 expected checksum E8 61 E4 30 actual checksum 36 10 A6 86 for block conID: 4 locID: 115816896921600004 bcsId: 6 replicaIndex: null]]></system-out>
  </testcase>
  <testcase name="testContainerStateMachineFailures" classname="org.apache.hadoop.ozone.client.rpc.TestContainerStateMachineFailures" time="20.66">
    <system-out><![CDATA[2025-07-02 18:45:36,210 [75758caf-2019-48e0-9285-4ac26ec01eda-ChunkWriter-1-0] WARN  statemachine.DatanodeConfiguration (DatanodeConfiguration.java:validateMinFreeSpace(751)) - hdds.datanode.volume.min.free.space.percent = -1.0 is invalid, should be between 0 and 1
2025-07-02 18:45:36,211 [75758caf-2019-48e0-9285-4ac26ec01eda-ChunkWriter-1-0] WARN  statemachine.DatanodeConfiguration (DatanodeConfiguration.java:validateMinFreeSpace(751)) - hdds.datanode.volume.min.free.space.percent = -1.0 is invalid, should be between 0 and 1
2025-07-02 18:45:36,229 [75758caf-2019-48e0-9285-4ac26ec01eda-ChunkWriter-1-0] ERROR helpers.ContainerUtils (ContainerUtils.java:getChunkDir(273)) - Chunks dir /home/runner/work/ozone/ozone/hadoop-ozone/integration-test/target/test-dir/MiniOzoneClusterImpl-b7e00dfa-d3b8-45cf-9d3a-2bd5fdfebf54/ozone-meta/datanode-1/data-0/hdds/b7e00dfa-d3b8-45cf-9d3a-2bd5fdfebf54/current/containerDir0/5/chunks does not exist
2025-07-02 18:45:36,230 [75758caf-2019-48e0-9285-4ac26ec01eda-ChunkWriter-1-0] WARN  keyvalue.KeyValueHandler (ContainerUtils.java:logAndReturnError(94)) - Operation: WriteChunk , Trace ID:  , Message: Chunks directory /home/runner/work/ozone/ozone/hadoop-ozone/integration-test/target/test-dir/MiniOzoneClusterImpl-b7e00dfa-d3b8-45cf-9d3a-2bd5fdfebf54/ozone-meta/datanode-1/data-0/hdds/b7e00dfa-d3b8-45cf-9d3a-2bd5fdfebf54/current/containerDir0/5/chunks does not exist. , Result: UNABLE_TO_FIND_DATA_DIR , StorageContainerException Occurred.
org.apache.hadoop.hdds.scm.container.common.helpers.StorageContainerException: Chunks directory /home/runner/work/ozone/ozone/hadoop-ozone/integration-test/target/test-dir/MiniOzoneClusterImpl-b7e00dfa-d3b8-45cf-9d3a-2bd5fdfebf54/ozone-meta/datanode-1/data-0/hdds/b7e00dfa-d3b8-45cf-9d3a-2bd5fdfebf54/current/containerDir0/5/chunks does not exist.
	at org.apache.hadoop.ozone.container.common.helpers.ContainerUtils.getChunkDir(ContainerUtils.java:275)
	at org.apache.hadoop.ozone.container.common.impl.ContainerLayoutVersion.getChunkFile(ContainerLayoutVersion.java:115)
	at org.apache.hadoop.ozone.container.keyvalue.impl.FilePerBlockStrategy.getChunkFile(FilePerBlockStrategy.java:300)
	at org.apache.hadoop.ozone.container.keyvalue.impl.FilePerBlockStrategy.writeChunk(FilePerBlockStrategy.java:148)
	at org.apache.hadoop.ozone.container.keyvalue.impl.ChunkManagerDispatcher.writeChunk(ChunkManagerDispatcher.java:70)
	at org.apache.hadoop.ozone.container.keyvalue.KeyValueHandler.handleWriteChunk(KeyValueHandler.java:1029)
	at org.apache.hadoop.ozone.container.keyvalue.KeyValueHandler.dispatchRequest(KeyValueHandler.java:342)
	at org.apache.hadoop.ozone.container.keyvalue.KeyValueHandler.handle(KeyValueHandler.java:293)
	at org.apache.hadoop.ozone.container.common.impl.HddsDispatcher.dispatchRequest(HddsDispatcher.java:365)
	at org.apache.hadoop.ozone.container.common.impl.HddsDispatcher.lambda$dispatch$1(HddsDispatcher.java:190)
	at org.apache.hadoop.hdds.server.OzoneProtocolMessageDispatcher.processRequest(OzoneProtocolMessageDispatcher.java:87)
	at org.apache.hadoop.ozone.container.common.impl.HddsDispatcher.dispatch(HddsDispatcher.java:189)
	at org.apache.hadoop.ozone.container.common.transport.server.ratis.ContainerStateMachine.dispatchCommand(ContainerStateMachine.java:567)
	at org.apache.hadoop.ozone.container.common.transport.server.ratis.ContainerStateMachine.lambda$writeStateMachineData$2(ContainerStateMachine.java:622)
	at java.base/java.util.concurrent.FutureTask.run(FutureTask.java:317)
	at java.base/java.util.concurrent.ThreadPoolExecutor.runWorker(ThreadPoolExecutor.java:1144)
	at java.base/java.util.concurrent.ThreadPoolExecutor$Worker.run(ThreadPoolExecutor.java:642)
	at java.base/java.lang.Thread.run(Thread.java:1583)
2025-07-02 18:45:36,232 [75758caf-2019-48e0-9285-4ac26ec01eda-ChunkWriter-1-0] WARN  keyvalue.KeyValueHandler (KeyValueHandler.java:markContainerUnhealthy(1485)) - Unexpected error while marking container 5 unhealthy
org.apache.hadoop.hdds.scm.container.common.helpers.StorageContainerException: Failed to create tmp file for /home/runner/work/ozone/ozone/hadoop-ozone/integration-test/target/test-dir/MiniOzoneClusterImpl-b7e00dfa-d3b8-45cf-9d3a-2bd5fdfebf54/ozone-meta/datanode-1/data-0/hdds/b7e00dfa-d3b8-45cf-9d3a-2bd5fdfebf54/current/containerDir0/5/metadata/5.container: KeyValueContainerData #5 (UNHEALTHY, non-empty, ri=0, origin=[dn_75758caf-2019-48e0-9285-4ac26ec01eda, pipeline_906d62e7-90da-4d4c-b26f-16fa12a0797f])
	at org.apache.hadoop.ozone.container.keyvalue.KeyValueContainer.writeToContainerFile(KeyValueContainer.java:318)
	at org.apache.hadoop.ozone.container.keyvalue.KeyValueContainer.updateContainerFile(KeyValueContainer.java:337)
	at org.apache.hadoop.ozone.container.keyvalue.KeyValueContainer.updateContainerData(KeyValueContainer.java:484)
	at org.apache.hadoop.ozone.container.keyvalue.KeyValueContainer.updateContainerState(KeyValueContainer.java:467)
	at org.apache.hadoop.ozone.container.keyvalue.KeyValueContainer.markContainerUnhealthy(KeyValueContainer.java:392)
	at org.apache.hadoop.ozone.container.keyvalue.KeyValueHandler.markContainerUnhealthy(KeyValueHandler.java:1483)
	at org.apache.hadoop.ozone.container.common.impl.HddsDispatcher.dispatchRequest(HddsDispatcher.java:410)
	at org.apache.hadoop.ozone.container.common.impl.HddsDispatcher.lambda$dispatch$1(HddsDispatcher.java:190)
	at org.apache.hadoop.hdds.server.OzoneProtocolMessageDispatcher.processRequest(OzoneProtocolMessageDispatcher.java:87)
	at org.apache.hadoop.ozone.container.common.impl.HddsDispatcher.dispatch(HddsDispatcher.java:189)
	at org.apache.hadoop.ozone.container.common.transport.server.ratis.ContainerStateMachine.dispatchCommand(ContainerStateMachine.java:567)
	at org.apache.hadoop.ozone.container.common.transport.server.ratis.ContainerStateMachine.lambda$writeStateMachineData$2(ContainerStateMachine.java:622)
	at java.base/java.util.concurrent.FutureTask.run(FutureTask.java:317)
	at java.base/java.util.concurrent.ThreadPoolExecutor.runWorker(ThreadPoolExecutor.java:1144)
	at java.base/java.util.concurrent.ThreadPoolExecutor$Worker.run(ThreadPoolExecutor.java:642)
	at java.base/java.lang.Thread.run(Thread.java:1583)
Caused by: java.io.IOException: No such file or directory
	at java.base/java.io.UnixFileSystem.createFileExclusively0(Native Method)
	at java.base/java.io.UnixFileSystem.createFileExclusively(UnixFileSystem.java:258)
	at java.base/java.io.File.createTempFile(File.java:2184)
	at org.apache.hadoop.ozone.container.keyvalue.KeyValueContainer.createTempFile(KeyValueContainer.java:907)
	at org.apache.hadoop.ozone.container.keyvalue.KeyValueContainer.writeToContainerFile(KeyValueContainer.java:300)
	... 15 more
2025-07-02 18:45:36,233 [75758caf-2019-48e0-9285-4ac26ec01eda-ChunkWriter-1-0] ERROR keyvalue.KeyValueHandler (KeyValueHandler.java:updateContainerChecksumFromMetadataIfNeeded(1402)) - Cannot create container checksum for container 5 , Exception: 
java.io.IOException: Error occurred when writing container merkle tree for containerID 5
	at org.apache.hadoop.ozone.container.checksum.ContainerChecksumTreeManager.write(ContainerChecksumTreeManager.java:386)
	at org.apache.hadoop.ozone.container.checksum.ContainerChecksumTreeManager.writeContainerDataTree(ContainerChecksumTreeManager.java:113)
	at org.apache.hadoop.ozone.container.keyvalue.KeyValueHandler.updateAndGetContainerChecksum(KeyValueHandler.java:1438)
	at org.apache.hadoop.ozone.container.keyvalue.KeyValueHandler.updateAndGetContainerChecksumFromMetadata(KeyValueHandler.java:1427)
	at org.apache.hadoop.ozone.container.keyvalue.KeyValueHandler.updateContainerChecksumFromMetadataIfNeeded(KeyValueHandler.java:1400)
	at org.apache.hadoop.ozone.container.keyvalue.KeyValueHandler.markContainerUnhealthy(KeyValueHandler.java:1490)
	at org.apache.hadoop.ozone.container.common.impl.HddsDispatcher.dispatchRequest(HddsDispatcher.java:410)
	at org.apache.hadoop.ozone.container.common.impl.HddsDispatcher.lambda$dispatch$1(HddsDispatcher.java:190)
	at org.apache.hadoop.hdds.server.OzoneProtocolMessageDispatcher.processRequest(OzoneProtocolMessageDispatcher.java:87)
	at org.apache.hadoop.ozone.container.common.impl.HddsDispatcher.dispatch(HddsDispatcher.java:189)
	at org.apache.hadoop.ozone.container.common.transport.server.ratis.ContainerStateMachine.dispatchCommand(ContainerStateMachine.java:567)
	at org.apache.hadoop.ozone.container.common.transport.server.ratis.ContainerStateMachine.lambda$writeStateMachineData$2(ContainerStateMachine.java:622)
	at java.base/java.util.concurrent.FutureTask.run(FutureTask.java:317)
	at java.base/java.util.concurrent.ThreadPoolExecutor.runWorker(ThreadPoolExecutor.java:1144)
	at java.base/java.util.concurrent.ThreadPoolExecutor$Worker.run(ThreadPoolExecutor.java:642)
	at java.base/java.lang.Thread.run(Thread.java:1583)
Caused by: java.nio.file.NoSuchFileException: /home/runner/work/ozone/ozone/hadoop-ozone/integration-test/target/test-dir/MiniOzoneClusterImpl-b7e00dfa-d3b8-45cf-9d3a-2bd5fdfebf54/ozone-meta/datanode-1/data-0/hdds/b7e00dfa-d3b8-45cf-9d3a-2bd5fdfebf54/current/containerDir0/5/metadata/5.tree.tmp
	at java.base/sun.nio.fs.UnixException.translateToIOException(UnixException.java:92)
	at java.base/sun.nio.fs.UnixException.rethrowAsIOException(UnixException.java:106)
	at java.base/sun.nio.fs.UnixException.rethrowAsIOException(UnixException.java:111)
	at java.base/sun.nio.fs.UnixFileSystemProvider.newByteChannel(UnixFileSystemProvider.java:261)
	at java.base/java.nio.file.spi.FileSystemProvider.newOutputStream(FileSystemProvider.java:482)
	at java.base/java.nio.file.Files.newOutputStream(Files.java:228)
	at org.apache.hadoop.ozone.container.checksum.ContainerChecksumTreeManager.write(ContainerChecksumTreeManager.java:375)
	... 15 more
2025-07-02T18:45:36.233766707Z 75758caf-2019-48e0-9285-4ac26ec01eda-ChunkWriter-1-0 ERROR ID=5 | Index=0 | BCSID=2 | State=UNHEALTHY | Volume=/home/runner/work/ozone/ozone/hadoop-ozone/integration-test/target/test-dir/MiniOzoneClusterImpl-b7e00dfa-d3b8-45cf-9d3a-2bd5fdfebf54/ozone-meta/datanode-1/data-0/hdds | DataChecksum=0 | Container has 1 error: WRITE_FAILURE for file /home/runner/work/ozone/ozone/hadoop-ozone/integration-test/target/test-dir/MiniOzoneClusterImpl-b7e00dfa-d3b8-45cf-9d3a-2bd5fdfebf54/ozone-meta/datanode-1/data-0/hdds/b7e00dfa-d3b8-45cf-9d3a-2bd5fdfebf54/current/containerDir0/5 with exception: org.apache.hadoop.hdds.scm.container.common.helpers.StorageContainerException2025-07-02T18:45:36.235738364Z 75758caf-2019-48e0-9285-4ac26ec01eda-client-thread1 ERROR user=null | ip=null | op=PUT_BLOCK {blockData=[blockId=conID: 5 locID: 115816896921600005 bcsId: 0 replicaIndex: null, size=10]} | ret=FAILURE
org.apache.hadoop.hdds.scm.container.common.helpers.ContainerNotOpenException: Container 5 in UNHEALTHY state
	at org.apache.hadoop.ozone.container.common.impl.HddsDispatcher.validateContainerCommand(HddsDispatcher.java:580)
	at org.apache.hadoop.ozone.container.common.transport.server.ratis.ContainerStateMachine.startTransaction(ContainerStateMachine.java:488)
	at org.apache.ratis.server.impl.RaftServerImpl.writeAsyncImpl(RaftServerImpl.java:987)
	at org.apache.ratis.server.impl.RaftServerImpl.writeAsync(RaftServerImpl.java:960)
	at org.apache.ratis.server.impl.RaftServerImpl.replyFuture(RaftServerImpl.java:953)
	at org.apache.ratis.server.impl.RaftServerImpl.submitClientRequestAsync(RaftServerImpl.java:930)
	at org.apache.ratis.server.impl.RaftServerImpl.lambda$null$11(RaftServerImpl.java:919)
	at org.apache.ratis.util.JavaUtils.callAsUnchecked(JavaUtils.java:118)
	at org.apache.ratis.server.impl.RaftServerImpl.lambda$executeSubmitClientRequestAsync$12(RaftServerImpl.java:919)
	at java.base/java.util.concurrent.CompletableFuture$AsyncSupply.run(CompletableFuture.java:1768)
	at java.base/java.util.concurrent.ThreadPoolExecutor.runWorker(ThreadPoolExecutor.java:1144)
	at java.base/java.util.concurrent.ThreadPoolExecutor$Worker.run(ThreadPoolExecutor.java:642)
	at java.base/java.lang.Thread.run(Thread.java:1583)
2025-07-02 18:45:36,236 [FixedThreadPoolWithAffinityExecutor-1-0] INFO  container.IncrementalContainerReportHandler (AbstractContainerReportHandler.java:updateContainerState(253)) - FINALIZE (i.e. CLOSING) Container #5 (OPEN, sid=0) r0 (UNHEALTHY, bcsid=2, origin=75758caf-2019-48e0-9285-4ac26ec01eda, non-empty) from dn 75758caf-2019-48e0-9285-4ac26ec01eda(localhost/127.0.0.1)
2025-07-02 18:45:36,239 [75758caf-2019-48e0-9285-4ac26ec01eda-ChunkWriter-1-0] INFO  impl.HddsDispatcher (HddsDispatcher.java:dispatchRequest(411)) - Marked Container UNHEALTHY, ContainerID: 5
2025-07-02T18:45:36.239863448Z 75758caf-2019-48e0-9285-4ac26ec01eda-ChunkWriter-1-0 ERROR user=null | ip=null | op=WRITE_CHUNK {blockData=conID: 5 locID: 115816896921600005 bcsId: 2 replicaIndex: 0, offset=5, size=5, stage=WRITE_DATA} | ret=FAILURE
java.lang.Exception: Chunks directory /home/runner/work/ozone/ozone/hadoop-ozone/integration-test/target/test-dir/MiniOzoneClusterImpl-b7e00dfa-d3b8-45cf-9d3a-2bd5fdfebf54/ozone-meta/datanode-1/data-0/hdds/b7e00dfa-d3b8-45cf-9d3a-2bd5fdfebf54/current/containerDir0/5/chunks does not exist.
	at org.apache.hadoop.ozone.container.common.impl.HddsDispatcher.dispatchRequest(HddsDispatcher.java:439)
	at org.apache.hadoop.ozone.container.common.impl.HddsDispatcher.lambda$dispatch$1(HddsDispatcher.java:190)
	at org.apache.hadoop.hdds.server.OzoneProtocolMessageDispatcher.processRequest(OzoneProtocolMessageDispatcher.java:87)
	at org.apache.hadoop.ozone.container.common.impl.HddsDispatcher.dispatch(HddsDispatcher.java:189)
	at org.apache.hadoop.ozone.container.common.transport.server.ratis.ContainerStateMachine.dispatchCommand(ContainerStateMachine.java:567)
	at org.apache.hadoop.ozone.container.common.transport.server.ratis.ContainerStateMachine.lambda$writeStateMachineData$2(ContainerStateMachine.java:622)
	at java.base/java.util.concurrent.FutureTask.run(FutureTask.java:317)
	at java.base/java.util.concurrent.ThreadPoolExecutor.runWorker(ThreadPoolExecutor.java:1144)
	at java.base/java.util.concurrent.ThreadPoolExecutor$Worker.run(ThreadPoolExecutor.java:642)
	at java.base/java.lang.Thread.run(Thread.java:1583)
2025-07-02 18:45:36,240 [75758caf-2019-48e0-9285-4ac26ec01eda-ChunkWriter-1-0] ERROR ratis.ContainerStateMachine (ContainerStateMachine.java:handleCommandResult(662)) - group-16FA12A0797F: writeChunk writeStateMachineData failed: blockIdcontainerID: 5
localID: 115816896921600005
blockCommitSequenceId: 2
replicaIndex: 0
 logIndex 4 chunkName 115816896921600005_chunk_2 Error message: Chunks directory /home/runner/work/ozone/ozone/hadoop-ozone/integration-test/target/test-dir/MiniOzoneClusterImpl-b7e00dfa-d3b8-45cf-9d3a-2bd5fdfebf54/ozone-meta/datanode-1/data-0/hdds/b7e00dfa-d3b8-45cf-9d3a-2bd5fdfebf54/current/containerDir0/5/chunks does not exist. Container Result: UNABLE_TO_FIND_DATA_DIR
2025-07-02 18:45:36,240 [pool-171-thread-1] WARN  ozoneimpl.OnDemandContainerDataScanner (ContainerScanHelper.java:scanData(75)) - Failed to update container checksum after scan of container 5
java.io.IOException: Error occurred when writing container merkle tree for containerID 5
	at org.apache.hadoop.ozone.container.checksum.ContainerChecksumTreeManager.write(ContainerChecksumTreeManager.java:386)
	at org.apache.hadoop.ozone.container.checksum.ContainerChecksumTreeManager.writeContainerDataTree(ContainerChecksumTreeManager.java:113)
	at org.apache.hadoop.ozone.container.keyvalue.KeyValueHandler.updateAndGetContainerChecksum(KeyValueHandler.java:1438)
	at org.apache.hadoop.ozone.container.keyvalue.KeyValueHandler.updateContainerChecksum(KeyValueHandler.java:1379)
	at org.apache.hadoop.ozone.container.ozoneimpl.ContainerController.updateContainerChecksum(ContainerController.java:143)
	at org.apache.hadoop.ozone.container.ozoneimpl.ContainerScanHelper.scanData(ContainerScanHelper.java:73)
	at org.apache.hadoop.ozone.container.ozoneimpl.OnDemandContainerDataScanner.performOnDemandScan(OnDemandContainerDataScanner.java:106)
	at org.apache.hadoop.ozone.container.ozoneimpl.OnDemandContainerDataScanner.lambda$scanContainer$0(OnDemandContainerDataScanner.java:88)
	at java.base/java.util.concurrent.Executors$RunnableAdapter.call(Executors.java:572)
	at java.base/java.util.concurrent.FutureTask.run(FutureTask.java:317)
	at java.base/java.util.concurrent.ThreadPoolExecutor.runWorker(ThreadPoolExecutor.java:1144)
	at java.base/java.util.concurrent.ThreadPoolExecutor$Worker.run(ThreadPoolExecutor.java:642)
	at java.base/java.lang.Thread.run(Thread.java:1583)
Caused by: java.nio.file.NoSuchFileException: /home/runner/work/ozone/ozone/hadoop-ozone/integration-test/target/test-dir/MiniOzoneClusterImpl-b7e00dfa-d3b8-45cf-9d3a-2bd5fdfebf54/ozone-meta/datanode-1/data-0/hdds/b7e00dfa-d3b8-45cf-9d3a-2bd5fdfebf54/current/containerDir0/5/metadata/5.tree.tmp
	at java.base/sun.nio.fs.UnixException.translateToIOException(UnixException.java:92)
	at java.base/sun.nio.fs.UnixException.rethrowAsIOException(UnixException.java:106)
	at java.base/sun.nio.fs.UnixException.rethrowAsIOException(UnixException.java:111)
	at java.base/sun.nio.fs.UnixFileSystemProvider.newByteChannel(UnixFileSystemProvider.java:261)
	at java.base/java.nio.file.spi.FileSystemProvider.newOutputStream(FileSystemProvider.java:482)
	at java.base/java.nio.file.Files.newOutputStream(Files.java:228)
	at org.apache.hadoop.ozone.container.checksum.ContainerChecksumTreeManager.write(ContainerChecksumTreeManager.java:375)
	... 12 more
2025-07-02 18:45:36,240 [pool-171-thread-1] ERROR ozoneimpl.OnDemandContainerDataScanner (ContainerScanHelper.java:handleUnhealthyScanResult(93)) - Corruption detected in container [5]. Marking it UNHEALTHY. Container has 1 error: MISSING_CONTAINER_DIR for file /home/runner/work/ozone/ozone/hadoop-ozone/integration-test/target/test-dir/MiniOzoneClusterImpl-b7e00dfa-d3b8-45cf-9d3a-2bd5fdfebf54/ozone-meta/datanode-1/data-0/hdds/b7e00dfa-d3b8-45cf-9d3a-2bd5fdfebf54/current/containerDir0/5 with exception: java.io.FileNotFoundException: Container directory /home/runner/work/ozone/ozone/hadoop-ozone/integration-test/target/test-dir/MiniOzoneClusterImpl-b7e00dfa-d3b8-45cf-9d3a-2bd5fdfebf54/ozone-meta/datanode-1/data-0/hdds/b7e00dfa-d3b8-45cf-9d3a-2bd5fdfebf54/current/containerDir0/5 not found.
2025-07-02 18:45:36,240 [75758caf-2019-48e0-9285-4ac26ec01eda@group-16FA12A0797F-SegmentedRaftLogWorker] ERROR ratis.ContainerStateMachine (ContainerStateMachine.java:notifyLogFailed(1268)) - group-16FA12A0797F: (t:1, i:4) cmdType: WriteChunk traceID: "" containerID: 5 datanodeUuid: "75758caf-2019-48e0-9285-4ac26ec01eda" pipelineID: "906d62e7-90da-4d4c-b26f-16fa12a0797f" writeChunk { blockID { containerID: 5 localID: 115816896921600005 blockCommitSequenceId: 2 replicaIndex: 0 } chunkData { chunkName: "115816896921600005_chunk_2" offset: 5 len: 5 checksumData { type: CRC32 bytesPerChecksum: 16384 checksums: "\350a\3440" } } } version: 3, container path=/home/runner/work/ozone/ozone/hadoop-ozone/integration-test/target/test-dir/MiniOzoneClusterImpl-b7e00dfa-d3b8-45cf-9d3a-2bd5fdfebf54/ozone-meta/datanode-1/data-0/hdds/b7e00dfa-d3b8-45cf-9d3a-2bd5fdfebf54/current/containerDir0/5
org.apache.hadoop.hdds.scm.container.common.helpers.StorageContainerException: Chunks directory /home/runner/work/ozone/ozone/hadoop-ozone/integration-test/target/test-dir/MiniOzoneClusterImpl-b7e00dfa-d3b8-45cf-9d3a-2bd5fdfebf54/ozone-meta/datanode-1/data-0/hdds/b7e00dfa-d3b8-45cf-9d3a-2bd5fdfebf54/current/containerDir0/5/chunks does not exist.
	at org.apache.hadoop.ozone.container.common.transport.server.ratis.ContainerStateMachine.handleCommandResult(ContainerStateMachine.java:661)
	at org.apache.hadoop.ozone.container.common.transport.server.ratis.ContainerStateMachine.lambda$writeStateMachineData$2(ContainerStateMachine.java:623)
	at java.base/java.util.concurrent.FutureTask.run(FutureTask.java:317)
	at java.base/java.util.concurrent.ThreadPoolExecutor.runWorker(ThreadPoolExecutor.java:1144)
	at java.base/java.util.concurrent.ThreadPoolExecutor$Worker.run(ThreadPoolExecutor.java:642)
	at java.base/java.lang.Thread.run(Thread.java:1583)
2025-07-02 18:45:36,241 [75758caf-2019-48e0-9285-4ac26ec01eda@group-16FA12A0797F-SegmentedRaftLogWorker] WARN  ratis.XceiverServerRatis (XceiverServerRatis.java:triggerPipelineClose(758)) - pipeline Action CLOSE on pipeline Pipeline-906d62e7-90da-4d4c-b26f-16fa12a0797f.Reason : Chunks directory /home/runner/work/ozone/ozone/hadoop-ozone/integration-test/target/test-dir/MiniOzoneClusterImpl-b7e00dfa-d3b8-45cf-9d3a-2bd5fdfebf54/ozone-meta/datanode-1/data-0/hdds/b7e00dfa-d3b8-45cf-9d3a-2bd5fdfebf54/current/containerDir0/5/chunks does not exist.
2025-07-02 18:45:36,243 [75758caf-2019-48e0-9285-4ac26ec01eda@group-16FA12A0797F-SegmentedRaftLogWorker] ERROR raftlog.RaftLog (RaftLogBase.java:lambda$appendImpl$3(197)) - 75758caf-2019-48e0-9285-4ac26ec01eda@group-16FA12A0797F-SegmentedRaftLog: Failed to write log entry (t:1, i:4), STATEMACHINELOGENTRY, cmdType: WriteChunk traceID: "" containerID: 5 datanodeUuid: "75758caf-2019-48e0-9285-4ac26ec01eda" pipelineID: "906d62e7-90da-4d4c-b26f-16fa12a0797f" writeChunk { blockID { containerID: 5 localID: 115816896921600005 blockCommitSequenceId: 2 replicaIndex: 0 } chunkData { chunkName: "115816896921600005_chunk_2" offset: 5 len: 5 checksumData { type: CRC32 bytesPerChecksum: 16384 checksums: "\350a\3440" } } } version: 3, container path=/home/runner/work/ozone/ozone/hadoop-ozone/integration-test/target/test-dir/MiniOzoneClusterImpl-b7e00dfa-d3b8-45cf-9d3a-2bd5fdfebf54/ozone-meta/datanode-1/data-0/hdds/b7e00dfa-d3b8-45cf-9d3a-2bd5fdfebf54/current/containerDir0/5
org.apache.hadoop.hdds.scm.container.common.helpers.StorageContainerException: Chunks directory /home/runner/work/ozone/ozone/hadoop-ozone/integration-test/target/test-dir/MiniOzoneClusterImpl-b7e00dfa-d3b8-45cf-9d3a-2bd5fdfebf54/ozone-meta/datanode-1/data-0/hdds/b7e00dfa-d3b8-45cf-9d3a-2bd5fdfebf54/current/containerDir0/5/chunks does not exist.
	at org.apache.hadoop.ozone.container.common.transport.server.ratis.ContainerStateMachine.handleCommandResult(ContainerStateMachine.java:661)
	at org.apache.hadoop.ozone.container.common.transport.server.ratis.ContainerStateMachine.lambda$writeStateMachineData$2(ContainerStateMachine.java:623)
	at java.base/java.util.concurrent.FutureTask.run(FutureTask.java:317)
	at java.base/java.util.concurrent.ThreadPoolExecutor.runWorker(ThreadPoolExecutor.java:1144)
	at java.base/java.util.concurrent.ThreadPoolExecutor$Worker.run(ThreadPoolExecutor.java:642)
	at java.base/java.lang.Thread.run(Thread.java:1583)
2025-07-02 18:45:36,240 [pool-171-thread-1] WARN  ozoneimpl.OnDemandContainerDataScanner (OnDemandContainerDataScanner.java:performOnDemandScan(108)) - Unexpected exception while scanning container 5
org.apache.hadoop.hdds.scm.container.common.helpers.StorageContainerException: Failed to create tmp file for /home/runner/work/ozone/ozone/hadoop-ozone/integration-test/target/test-dir/MiniOzoneClusterImpl-b7e00dfa-d3b8-45cf-9d3a-2bd5fdfebf54/ozone-meta/datanode-1/data-0/hdds/b7e00dfa-d3b8-45cf-9d3a-2bd5fdfebf54/current/containerDir0/5/metadata/5.container: KeyValueContainerData #5 (UNHEALTHY, non-empty, ri=0, origin=[dn_75758caf-2019-48e0-9285-4ac26ec01eda, pipeline_906d62e7-90da-4d4c-b26f-16fa12a0797f])
	at org.apache.hadoop.ozone.container.keyvalue.KeyValueContainer.writeToContainerFile(KeyValueContainer.java:318)
	at org.apache.hadoop.ozone.container.keyvalue.KeyValueContainer.updateContainerFile(KeyValueContainer.java:337)
	at org.apache.hadoop.ozone.container.keyvalue.KeyValueContainer.updateContainerData(KeyValueContainer.java:484)
	at org.apache.hadoop.ozone.container.keyvalue.KeyValueContainer.updateDataScanTimestamp(KeyValueContainer.java:438)
	at org.apache.hadoop.ozone.container.ozoneimpl.ContainerController.updateDataScanTimestamp(ContainerController.java:283)
	at org.apache.hadoop.ozone.container.ozoneimpl.ContainerScanHelper.scanData(ContainerScanHelper.java:85)
	at org.apache.hadoop.ozone.container.ozoneimpl.OnDemandContainerDataScanner.performOnDemandScan(OnDemandContainerDataScanner.java:106)
	at org.apache.hadoop.ozone.container.ozoneimpl.OnDemandContainerDataScanner.lambda$scanContainer$0(OnDemandContainerDataScanner.java:88)
	at java.base/java.util.concurrent.Executors$RunnableAdapter.call(Executors.java:572)
	at java.base/java.util.concurrent.FutureTask.run(FutureTask.java:317)
	at java.base/java.util.concurrent.ThreadPoolExecutor.runWorker(ThreadPoolExecutor.java:1144)
	at java.base/java.util.concurrent.ThreadPoolExecutor$Worker.run(ThreadPoolExecutor.java:642)
	at java.base/java.lang.Thread.run(Thread.java:1583)
Caused by: java.io.IOException: No such file or directory
	at java.base/java.io.UnixFileSystem.createFileExclusively0(Native Method)
	at java.base/java.io.UnixFileSystem.createFileExclusively(UnixFileSystem.java:258)
	at java.base/java.io.File.createTempFile(File.java:2184)
	at org.apache.hadoop.ozone.container.keyvalue.KeyValueContainer.createTempFile(KeyValueContainer.java:907)
	at org.apache.hadoop.ozone.container.keyvalue.KeyValueContainer.writeToContainerFile(KeyValueContainer.java:300)
	... 12 more
2025-07-02 18:45:36,244 [75758caf-2019-48e0-9285-4ac26ec01eda@group-16FA12A0797F-cacheEviction-AwaitToRun] INFO  util.AwaitToRun (AwaitToRun.java:run(49)) - 75758caf-2019-48e0-9285-4ac26ec01eda@group-16FA12A0797F-cacheEviction-AwaitToRun-AwaitForSignal is interrupted
2025-07-02 18:45:36,244 [EventQueue-CloseContainerForCloseContainerEventHandler] INFO  container.CloseContainerEventHandler (CloseContainerEventHandler.java:onMessage(88)) - Close container Event triggered for container : #5, current state: CLOSING
2025-07-02 18:45:36,248 [EventQueue-PipelineActionsForPipelineActionHandler] INFO  pipeline.PipelineActionHandler (PipelineActionHandler.java:processPipelineAction(89)) - Received pipeline action CLOSE for Pipeline-906d62e7-90da-4d4c-b26f-16fa12a0797f from datanode 75758caf-2019-48e0-9285-4ac26ec01eda(localhost/127.0.0.1). Reason : Chunks directory /home/runner/work/ozone/ozone/hadoop-ozone/integration-test/target/test-dir/MiniOzoneClusterImpl-b7e00dfa-d3b8-45cf-9d3a-2bd5fdfebf54/ozone-meta/datanode-1/data-0/hdds/b7e00dfa-d3b8-45cf-9d3a-2bd5fdfebf54/current/containerDir0/5/chunks does not exist.
2025-07-02 18:45:36,250 [EventQueue-PipelineActionsForPipelineActionHandler] INFO  pipeline.PipelineManagerImpl (PipelineManagerImpl.java:closePipeline(511)) - Pipeline Pipeline-906d62e7-90da-4d4c-b26f-16fa12a0797f moved to CLOSED state
2025-07-02 18:45:36,445 [EventQueue-PipelineActionsForPipelineActionHandler] INFO  pipeline.PipelineActionHandler (PipelineActionHandler.java:processPipelineAction(89)) - Received pipeline action CLOSE for Pipeline-906d62e7-90da-4d4c-b26f-16fa12a0797f from datanode 75758caf-2019-48e0-9285-4ac26ec01eda(localhost/127.0.0.1). Reason : Chunks directory /home/runner/work/ozone/ozone/hadoop-ozone/integration-test/target/test-dir/MiniOzoneClusterImpl-b7e00dfa-d3b8-45cf-9d3a-2bd5fdfebf54/ozone-meta/datanode-1/data-0/hdds/b7e00dfa-d3b8-45cf-9d3a-2bd5fdfebf54/current/containerDir0/5/chunks does not exist.
2025-07-02 18:45:36,643 [EventQueue-PipelineActionsForPipelineActionHandler] INFO  pipeline.PipelineActionHandler (PipelineActionHandler.java:processPipelineAction(89)) - Received pipeline action CLOSE for Pipeline-906d62e7-90da-4d4c-b26f-16fa12a0797f from datanode 75758caf-2019-48e0-9285-4ac26ec01eda(localhost/127.0.0.1). Reason : Chunks directory /home/runner/work/ozone/ozone/hadoop-ozone/integration-test/target/test-dir/MiniOzoneClusterImpl-b7e00dfa-d3b8-45cf-9d3a-2bd5fdfebf54/ozone-meta/datanode-1/data-0/hdds/b7e00dfa-d3b8-45cf-9d3a-2bd5fdfebf54/current/containerDir0/5/chunks does not exist.
2025-07-02 18:45:36,843 [EventQueue-PipelineActionsForPipelineActionHandler] INFO  pipeline.PipelineActionHandler (PipelineActionHandler.java:processPipelineAction(89)) - Received pipeline action CLOSE for Pipeline-906d62e7-90da-4d4c-b26f-16fa12a0797f from datanode 75758caf-2019-48e0-9285-4ac26ec01eda(localhost/127.0.0.1). Reason : Chunks directory /home/runner/work/ozone/ozone/hadoop-ozone/integration-test/target/test-dir/MiniOzoneClusterImpl-b7e00dfa-d3b8-45cf-9d3a-2bd5fdfebf54/ozone-meta/datanode-1/data-0/hdds/b7e00dfa-d3b8-45cf-9d3a-2bd5fdfebf54/current/containerDir0/5/chunks does not exist.
2025-07-02 18:45:37,044 [EventQueue-PipelineActionsForPipelineActionHandler] INFO  pipeline.PipelineActionHandler (PipelineActionHandler.java:processPipelineAction(89)) - Received pipeline action CLOSE for Pipeline-906d62e7-90da-4d4c-b26f-16fa12a0797f from datanode 75758caf-2019-48e0-9285-4ac26ec01eda(localhost/127.0.0.1). Reason : Chunks directory /home/runner/work/ozone/ozone/hadoop-ozone/integration-test/target/test-dir/MiniOzoneClusterImpl-b7e00dfa-d3b8-45cf-9d3a-2bd5fdfebf54/ozone-meta/datanode-1/data-0/hdds/b7e00dfa-d3b8-45cf-9d3a-2bd5fdfebf54/current/containerDir0/5/chunks does not exist.
2025-07-02 18:45:37,244 [EventQueue-PipelineActionsForPipelineActionHandler] INFO  pipeline.PipelineActionHandler (PipelineActionHandler.java:processPipelineAction(89)) - Received pipeline action CLOSE for Pipeline-906d62e7-90da-4d4c-b26f-16fa12a0797f from datanode 75758caf-2019-48e0-9285-4ac26ec01eda(localhost/127.0.0.1). Reason : Chunks directory /home/runner/work/ozone/ozone/hadoop-ozone/integration-test/target/test-dir/MiniOzoneClusterImpl-b7e00dfa-d3b8-45cf-9d3a-2bd5fdfebf54/ozone-meta/datanode-1/data-0/hdds/b7e00dfa-d3b8-45cf-9d3a-2bd5fdfebf54/current/containerDir0/5/chunks does not exist.
2025-07-02 18:45:37,444 [EventQueue-PipelineActionsForPipelineActionHandler] INFO  pipeline.PipelineActionHandler (PipelineActionHandler.java:processPipelineAction(89)) - Received pipeline action CLOSE for Pipeline-906d62e7-90da-4d4c-b26f-16fa12a0797f from datanode 75758caf-2019-48e0-9285-4ac26ec01eda(localhost/127.0.0.1). Reason : Chunks directory /home/runner/work/ozone/ozone/hadoop-ozone/integration-test/target/test-dir/MiniOzoneClusterImpl-b7e00dfa-d3b8-45cf-9d3a-2bd5fdfebf54/ozone-meta/datanode-1/data-0/hdds/b7e00dfa-d3b8-45cf-9d3a-2bd5fdfebf54/current/containerDir0/5/chunks does not exist.
2025-07-02 18:45:37,644 [EventQueue-PipelineActionsForPipelineActionHandler] INFO  pipeline.PipelineActionHandler (PipelineActionHandler.java:processPipelineAction(89)) - Received pipeline action CLOSE for Pipeline-906d62e7-90da-4d4c-b26f-16fa12a0797f from datanode 75758caf-2019-48e0-9285-4ac26ec01eda(localhost/127.0.0.1). Reason : Chunks directory /home/runner/work/ozone/ozone/hadoop-ozone/integration-test/target/test-dir/MiniOzoneClusterImpl-b7e00dfa-d3b8-45cf-9d3a-2bd5fdfebf54/ozone-meta/datanode-1/data-0/hdds/b7e00dfa-d3b8-45cf-9d3a-2bd5fdfebf54/current/containerDir0/5/chunks does not exist.
2025-07-02 18:45:37,843 [EventQueue-PipelineActionsForPipelineActionHandler] INFO  pipeline.PipelineActionHandler (PipelineActionHandler.java:processPipelineAction(89)) - Received pipeline action CLOSE for Pipeline-906d62e7-90da-4d4c-b26f-16fa12a0797f from datanode 75758caf-2019-48e0-9285-4ac26ec01eda(localhost/127.0.0.1). Reason : Chunks directory /home/runner/work/ozone/ozone/hadoop-ozone/integration-test/target/test-dir/MiniOzoneClusterImpl-b7e00dfa-d3b8-45cf-9d3a-2bd5fdfebf54/ozone-meta/datanode-1/data-0/hdds/b7e00dfa-d3b8-45cf-9d3a-2bd5fdfebf54/current/containerDir0/5/chunks does not exist.
2025-07-02 18:45:38,006 [baa12041-7cca-45c7-810c-7ea11519444b@group-84D2FC177FB5-StateMachineUpdater] INFO  ratis.ContainerStateMachine (ContainerStateMachine.java:takeSnapshot(427)) - group-84D2FC177FB5: Taking a snapshot at:(t:1, i:10) file /home/runner/work/ozone/ozone/hadoop-ozone/integration-test/target/test-dir/MiniOzoneClusterImpl-b7e00dfa-d3b8-45cf-9d3a-2bd5fdfebf54/ozone-meta/datanode-3/ratis/2bc36170-bfb4-426e-aff1-84d2fc177fb5/sm/snapshot.1_10
2025-07-02 18:45:38,007 [75758caf-2019-48e0-9285-4ac26ec01eda@group-84D2FC177FB5-StateMachineUpdater] INFO  ratis.ContainerStateMachine (ContainerStateMachine.java:takeSnapshot(427)) - group-84D2FC177FB5: Taking a snapshot at:(t:1, i:10) file /home/runner/work/ozone/ozone/hadoop-ozone/integration-test/target/test-dir/MiniOzoneClusterImpl-b7e00dfa-d3b8-45cf-9d3a-2bd5fdfebf54/ozone-meta/datanode-1/ratis/2bc36170-bfb4-426e-aff1-84d2fc177fb5/sm/snapshot.1_10
2025-07-02 18:45:38,007 [baa12041-7cca-45c7-810c-7ea11519444b@group-84D2FC177FB5-StateMachineUpdater] INFO  ratis.ContainerStateMachine (ContainerStateMachine.java:takeSnapshot(436)) - group-84D2FC177FB5: Finished taking a snapshot at:(t:1, i:10) file:/home/runner/work/ozone/ozone/hadoop-ozone/integration-test/target/test-dir/MiniOzoneClusterImpl-b7e00dfa-d3b8-45cf-9d3a-2bd5fdfebf54/ozone-meta/datanode-3/ratis/2bc36170-bfb4-426e-aff1-84d2fc177fb5/sm/snapshot.1_10 took: 1 ms
2025-07-02 18:45:38,007 [baa12041-7cca-45c7-810c-7ea11519444b@group-84D2FC177FB5-StateMachineUpdater] INFO  impl.StateMachineUpdater (StateMachineUpdater.java:takeSnapshot(307)) - baa12041-7cca-45c7-810c-7ea11519444b@group-84D2FC177FB5-StateMachineUpdater: Took a snapshot at index 10
2025-07-02 18:45:38,007 [baa12041-7cca-45c7-810c-7ea11519444b@group-84D2FC177FB5-StateMachineUpdater] INFO  impl.StateMachineUpdater (StateMachineUpdater.java:lambda$new$0(101)) - baa12041-7cca-45c7-810c-7ea11519444b@group-84D2FC177FB5-StateMachineUpdater: snapshotIndex: updateIncreasingly 8 -> 10
2025-07-02 18:45:38,008 [75758caf-2019-48e0-9285-4ac26ec01eda@group-84D2FC177FB5-StateMachineUpdater] INFO  ratis.ContainerStateMachine (ContainerStateMachine.java:takeSnapshot(436)) - group-84D2FC177FB5: Finished taking a snapshot at:(t:1, i:10) file:/home/runner/work/ozone/ozone/hadoop-ozone/integration-test/target/test-dir/MiniOzoneClusterImpl-b7e00dfa-d3b8-45cf-9d3a-2bd5fdfebf54/ozone-meta/datanode-1/ratis/2bc36170-bfb4-426e-aff1-84d2fc177fb5/sm/snapshot.1_10 took: 1 ms
2025-07-02 18:45:38,008 [75758caf-2019-48e0-9285-4ac26ec01eda@group-84D2FC177FB5-StateMachineUpdater] INFO  impl.StateMachineUpdater (StateMachineUpdater.java:takeSnapshot(307)) - 75758caf-2019-48e0-9285-4ac26ec01eda@group-84D2FC177FB5-StateMachineUpdater: Took a snapshot at index 10
2025-07-02 18:45:38,008 [75758caf-2019-48e0-9285-4ac26ec01eda@group-84D2FC177FB5-StateMachineUpdater] INFO  impl.StateMachineUpdater (StateMachineUpdater.java:lambda$new$0(101)) - 75758caf-2019-48e0-9285-4ac26ec01eda@group-84D2FC177FB5-StateMachineUpdater: snapshotIndex: updateIncreasingly 8 -> 10
2025-07-02 18:45:38,043 [EventQueue-PipelineActionsForPipelineActionHandler] INFO  pipeline.PipelineActionHandler (PipelineActionHandler.java:processPipelineAction(89)) - Received pipeline action CLOSE for Pipeline-906d62e7-90da-4d4c-b26f-16fa12a0797f from datanode 75758caf-2019-48e0-9285-4ac26ec01eda(localhost/127.0.0.1). Reason : Chunks directory /home/runner/work/ozone/ozone/hadoop-ozone/integration-test/target/test-dir/MiniOzoneClusterImpl-b7e00dfa-d3b8-45cf-9d3a-2bd5fdfebf54/ozone-meta/datanode-1/data-0/hdds/b7e00dfa-d3b8-45cf-9d3a-2bd5fdfebf54/current/containerDir0/5/chunks does not exist.
2025-07-02 18:45:38,244 [EventQueue-PipelineActionsForPipelineActionHandler] INFO  pipeline.PipelineActionHandler (PipelineActionHandler.java:processPipelineAction(89)) - Received pipeline action CLOSE for Pipeline-906d62e7-90da-4d4c-b26f-16fa12a0797f from datanode 75758caf-2019-48e0-9285-4ac26ec01eda(localhost/127.0.0.1). Reason : Chunks directory /home/runner/work/ozone/ozone/hadoop-ozone/integration-test/target/test-dir/MiniOzoneClusterImpl-b7e00dfa-d3b8-45cf-9d3a-2bd5fdfebf54/ozone-meta/datanode-1/data-0/hdds/b7e00dfa-d3b8-45cf-9d3a-2bd5fdfebf54/current/containerDir0/5/chunks does not exist.
2025-07-02 18:45:38,444 [EventQueue-PipelineActionsForPipelineActionHandler] INFO  pipeline.PipelineActionHandler (PipelineActionHandler.java:processPipelineAction(89)) - Received pipeline action CLOSE for Pipeline-906d62e7-90da-4d4c-b26f-16fa12a0797f from datanode 75758caf-2019-48e0-9285-4ac26ec01eda(localhost/127.0.0.1). Reason : Chunks directory /home/runner/work/ozone/ozone/hadoop-ozone/integration-test/target/test-dir/MiniOzoneClusterImpl-b7e00dfa-d3b8-45cf-9d3a-2bd5fdfebf54/ozone-meta/datanode-1/data-0/hdds/b7e00dfa-d3b8-45cf-9d3a-2bd5fdfebf54/current/containerDir0/5/chunks does not exist.
2025-07-02 18:45:38,644 [EventQueue-PipelineActionsForPipelineActionHandler] INFO  pipeline.PipelineActionHandler (PipelineActionHandler.java:processPipelineAction(89)) - Received pipeline action CLOSE for Pipeline-906d62e7-90da-4d4c-b26f-16fa12a0797f from datanode 75758caf-2019-48e0-9285-4ac26ec01eda(localhost/127.0.0.1). Reason : Chunks directory /home/runner/work/ozone/ozone/hadoop-ozone/integration-test/target/test-dir/MiniOzoneClusterImpl-b7e00dfa-d3b8-45cf-9d3a-2bd5fdfebf54/ozone-meta/datanode-1/data-0/hdds/b7e00dfa-d3b8-45cf-9d3a-2bd5fdfebf54/current/containerDir0/5/chunks does not exist.
2025-07-02 18:45:38,844 [EventQueue-PipelineActionsForPipelineActionHandler] INFO  pipeline.PipelineActionHandler (PipelineActionHandler.java:processPipelineAction(89)) - Received pipeline action CLOSE for Pipeline-906d62e7-90da-4d4c-b26f-16fa12a0797f from datanode 75758caf-2019-48e0-9285-4ac26ec01eda(localhost/127.0.0.1). Reason : Chunks directory /home/runner/work/ozone/ozone/hadoop-ozone/integration-test/target/test-dir/MiniOzoneClusterImpl-b7e00dfa-d3b8-45cf-9d3a-2bd5fdfebf54/ozone-meta/datanode-1/data-0/hdds/b7e00dfa-d3b8-45cf-9d3a-2bd5fdfebf54/current/containerDir0/5/chunks does not exist.
2025-07-02 18:45:39,044 [EventQueue-PipelineActionsForPipelineActionHandler] INFO  pipeline.PipelineActionHandler (PipelineActionHandler.java:processPipelineAction(89)) - Received pipeline action CLOSE for Pipeline-906d62e7-90da-4d4c-b26f-16fa12a0797f from datanode 75758caf-2019-48e0-9285-4ac26ec01eda(localhost/127.0.0.1). Reason : Chunks directory /home/runner/work/ozone/ozone/hadoop-ozone/integration-test/target/test-dir/MiniOzoneClusterImpl-b7e00dfa-d3b8-45cf-9d3a-2bd5fdfebf54/ozone-meta/datanode-1/data-0/hdds/b7e00dfa-d3b8-45cf-9d3a-2bd5fdfebf54/current/containerDir0/5/chunks does not exist.
2025-07-02 18:45:39,227 [timer2] ERROR impl.OrderedAsync (OrderedAsync.java:lambda$null$6(215)) -  client-E0C7A950DD12: Failed* RaftClientRequest:client-E0C7A950DD12->75758caf-2019-48e0-9285-4ac26ec01eda@group-16FA12A0797F, cid=153, seq=4, RW, cmdType: WriteChunk
traceID: ""
containerID: 5
datanodeUuid: "75758caf-2019-48e0-9285-4ac26ec01eda"
writeChunk {
  blockID {
    containerID: 5
    localID: 115816896921600005
    blockCommitSequenceId: 2
    replicaIndex: 0
  }
  chunkData {
    chunkName: "115816896921600005_chunk_2"
    offset: 5
    len: 5
    checksumData {
      type: CRC32
      bytesPerChecksum: 16384
      checksums: "\350a\3440"
    }
  }
}
version: 3
, data.size=5
java.util.concurrent.CompletionException: org.apache.ratis.protocol.exceptions.TimeoutIOException: client-E0C7A950DD12->75758caf-2019-48e0-9285-4ac26ec01eda request #153 timeout 3000ms
	at java.base/java.util.concurrent.CompletableFuture.encodeThrowable(CompletableFuture.java:332)
	at java.base/java.util.concurrent.CompletableFuture.completeThrowable(CompletableFuture.java:347)
	at java.base/java.util.concurrent.CompletableFuture$UniAccept.tryFire(CompletableFuture.java:708)
	at java.base/java.util.concurrent.CompletableFuture.postComplete(CompletableFuture.java:510)
	at java.base/java.util.concurrent.CompletableFuture.completeExceptionally(CompletableFuture.java:2194)
	at org.apache.ratis.grpc.client.GrpcClientProtocolClient$AsyncStreamObservers.lambda$timeoutCheck$5(GrpcClientProtocolClient.java:376)
	at java.base/java.util.Optional.ifPresent(Optional.java:178)
	at org.apache.ratis.grpc.client.GrpcClientProtocolClient$AsyncStreamObservers.handleReplyFuture(GrpcClientProtocolClient.java:381)
	at org.apache.ratis.grpc.client.GrpcClientProtocolClient$AsyncStreamObservers.timeoutCheck(GrpcClientProtocolClient.java:376)
	at org.apache.ratis.grpc.client.GrpcClientProtocolClient$AsyncStreamObservers.lambda$onNext$3(GrpcClientProtocolClient.java:369)
	at org.apache.ratis.util.TimeoutTimer.lambda$onTimeout$2(TimeoutTimer.java:101)
	at org.apache.ratis.util.LogUtils.runAndLog(LogUtils.java:38)
	at org.apache.ratis.util.LogUtils$1.run(LogUtils.java:78)
	at org.apache.ratis.util.TimeoutTimer$Task.run(TimeoutTimer.java:55)
	at java.base/java.util.TimerThread.mainLoop(Timer.java:566)
	at java.base/java.util.TimerThread.run(Timer.java:516)
Caused by: org.apache.ratis.protocol.exceptions.TimeoutIOException: client-E0C7A950DD12->75758caf-2019-48e0-9285-4ac26ec01eda request #153 timeout 3000ms
	at org.apache.ratis.grpc.client.GrpcClientProtocolClient$AsyncStreamObservers.lambda$timeoutCheck$5(GrpcClientProtocolClient.java:377)
	... 10 more
2025-07-02 18:45:39,229 [timer3] ERROR impl.OrderedAsync (OrderedAsync.java:lambda$null$6(215)) -  client-E0C7A950DD12: Failed* RaftClientRequest:client-E0C7A950DD12->75758caf-2019-48e0-9285-4ac26ec01eda@group-16FA12A0797F, cid=154, seq=5, RW, cmdType: PutBlock
traceID: ""
containerID: 5
datanodeUuid: "75758caf-2019-48e0-9285-4ac26ec01eda"
putBlock {
  blockData {
    blockID {
      containerID: 5
      localID: 115816896921600005
      blockCommitSequenceId: 0
    }
    metadata {
      key: "TYPE"
      value: "KEY"
    }
    chunks {
      chunkName: "115816896921600005_chunk_1"
      offset: 0
      len: 5
      checksumData {
        type: CRC32
        bytesPerChecksum: 16384
        checksums: "\350a\3440"
      }
    }
    chunks {
      chunkName: "115816896921600005_chunk_2"
      offset: 5
      len: 5
      checksumData {
        type: CRC32
        bytesPerChecksum: 16384
        checksums: "\350a\3440"
      }
    }
  }
  eof: true
}
version: 3
, data.size=0
java.util.concurrent.CompletionException: org.apache.ratis.protocol.exceptions.TimeoutIOException: client-E0C7A950DD12->75758caf-2019-48e0-9285-4ac26ec01eda request #154 timeout 3000ms
	at java.base/java.util.concurrent.CompletableFuture.encodeThrowable(CompletableFuture.java:332)
	at java.base/java.util.concurrent.CompletableFuture.completeThrowable(CompletableFuture.java:347)
	at java.base/java.util.concurrent.CompletableFuture$UniAccept.tryFire(CompletableFuture.java:708)
	at java.base/java.util.concurrent.CompletableFuture.postComplete(CompletableFuture.java:510)
	at java.base/java.util.concurrent.CompletableFuture.completeExceptionally(CompletableFuture.java:2194)
	at org.apache.ratis.grpc.client.GrpcClientProtocolClient$AsyncStreamObservers.lambda$timeoutCheck$5(GrpcClientProtocolClient.java:376)
	at java.base/java.util.Optional.ifPresent(Optional.java:178)
	at org.apache.ratis.grpc.client.GrpcClientProtocolClient$AsyncStreamObservers.handleReplyFuture(GrpcClientProtocolClient.java:381)
	at org.apache.ratis.grpc.client.GrpcClientProtocolClient$AsyncStreamObservers.timeoutCheck(GrpcClientProtocolClient.java:376)
	at org.apache.ratis.grpc.client.GrpcClientProtocolClient$AsyncStreamObservers.lambda$onNext$3(GrpcClientProtocolClient.java:369)
	at org.apache.ratis.util.TimeoutTimer.lambda$onTimeout$2(TimeoutTimer.java:101)
	at org.apache.ratis.util.LogUtils.runAndLog(LogUtils.java:38)
	at org.apache.ratis.util.LogUtils$1.run(LogUtils.java:78)
	at org.apache.ratis.util.TimeoutTimer$Task.run(TimeoutTimer.java:55)
	at java.base/java.util.TimerThread.mainLoop(Timer.java:566)
	at java.base/java.util.TimerThread.run(Timer.java:516)
Caused by: org.apache.ratis.protocol.exceptions.TimeoutIOException: client-E0C7A950DD12->75758caf-2019-48e0-9285-4ac26ec01eda request #154 timeout 3000ms
	at org.apache.ratis.grpc.client.GrpcClientProtocolClient$AsyncStreamObservers.lambda$timeoutCheck$5(GrpcClientProtocolClient.java:377)
	... 10 more
2025-07-02 18:45:39,244 [EventQueue-PipelineActionsForPipelineActionHandler] INFO  pipeline.PipelineActionHandler (PipelineActionHandler.java:processPipelineAction(89)) - Received pipeline action CLOSE for Pipeline-906d62e7-90da-4d4c-b26f-16fa12a0797f from datanode 75758caf-2019-48e0-9285-4ac26ec01eda(localhost/127.0.0.1). Reason : Chunks directory /home/runner/work/ozone/ozone/hadoop-ozone/integration-test/target/test-dir/MiniOzoneClusterImpl-b7e00dfa-d3b8-45cf-9d3a-2bd5fdfebf54/ozone-meta/datanode-1/data-0/hdds/b7e00dfa-d3b8-45cf-9d3a-2bd5fdfebf54/current/containerDir0/5/chunks does not exist.
2025-07-02 18:45:39,244 [75758caf-2019-48e0-9285-4ac26ec01eda@group-16FA12A0797F-SegmentedRaftLogWorker] WARN  segmented.SegmentedRaftLogWorker (SegmentedRaftLogWorker.java:lambda$close$3(251)) - 75758caf-2019-48e0-9285-4ac26ec01eda@group-16FA12A0797F-SegmentedRaftLogWorker: shutdown timeout in 3s
2025-07-02 18:45:39,246 [75758caf-2019-48e0-9285-4ac26ec01eda@group-16FA12A0797F-SegmentedRaftLogWorker] INFO  segmented.SegmentedRaftLogWorker (SegmentedRaftLogWorker.java:close(254)) - 75758caf-2019-48e0-9285-4ac26ec01eda@group-16FA12A0797F-SegmentedRaftLogWorker close()
2025-07-02 18:45:39,443 [EventQueue-PipelineActionsForPipelineActionHandler] INFO  pipeline.PipelineActionHandler (PipelineActionHandler.java:processPipelineAction(89)) - Received pipeline action CLOSE for Pipeline-906d62e7-90da-4d4c-b26f-16fa12a0797f from datanode 75758caf-2019-48e0-9285-4ac26ec01eda(localhost/127.0.0.1). Reason : Chunks directory /home/runner/work/ozone/ozone/hadoop-ozone/integration-test/target/test-dir/MiniOzoneClusterImpl-b7e00dfa-d3b8-45cf-9d3a-2bd5fdfebf54/ozone-meta/datanode-1/data-0/hdds/b7e00dfa-d3b8-45cf-9d3a-2bd5fdfebf54/current/containerDir0/5/chunks does not exist.
2025-07-02 18:45:39,644 [EventQueue-PipelineActionsForPipelineActionHandler] INFO  pipeline.PipelineActionHandler (PipelineActionHandler.java:processPipelineAction(89)) - Received pipeline action CLOSE for Pipeline-906d62e7-90da-4d4c-b26f-16fa12a0797f from datanode 75758caf-2019-48e0-9285-4ac26ec01eda(localhost/127.0.0.1). Reason : Chunks directory /home/runner/work/ozone/ozone/hadoop-ozone/integration-test/target/test-dir/MiniOzoneClusterImpl-b7e00dfa-d3b8-45cf-9d3a-2bd5fdfebf54/ozone-meta/datanode-1/data-0/hdds/b7e00dfa-d3b8-45cf-9d3a-2bd5fdfebf54/current/containerDir0/5/chunks does not exist.
2025-07-02 18:45:39,844 [EventQueue-PipelineActionsForPipelineActionHandler] INFO  pipeline.PipelineActionHandler (PipelineActionHandler.java:processPipelineAction(89)) - Received pipeline action CLOSE for Pipeline-906d62e7-90da-4d4c-b26f-16fa12a0797f from datanode 75758caf-2019-48e0-9285-4ac26ec01eda(localhost/127.0.0.1). Reason : Chunks directory /home/runner/work/ozone/ozone/hadoop-ozone/integration-test/target/test-dir/MiniOzoneClusterImpl-b7e00dfa-d3b8-45cf-9d3a-2bd5fdfebf54/ozone-meta/datanode-1/data-0/hdds/b7e00dfa-d3b8-45cf-9d3a-2bd5fdfebf54/current/containerDir0/5/chunks does not exist.
2025-07-02 18:45:40,044 [EventQueue-PipelineActionsForPipelineActionHandler] INFO  pipeline.PipelineActionHandler (PipelineActionHandler.java:processPipelineAction(89)) - Received pipeline action CLOSE for Pipeline-906d62e7-90da-4d4c-b26f-16fa12a0797f from datanode 75758caf-2019-48e0-9285-4ac26ec01eda(localhost/127.0.0.1). Reason : Chunks directory /home/runner/work/ozone/ozone/hadoop-ozone/integration-test/target/test-dir/MiniOzoneClusterImpl-b7e00dfa-d3b8-45cf-9d3a-2bd5fdfebf54/ozone-meta/datanode-1/data-0/hdds/b7e00dfa-d3b8-45cf-9d3a-2bd5fdfebf54/current/containerDir0/5/chunks does not exist.
2025-07-02 18:45:40,243 [EventQueue-PipelineActionsForPipelineActionHandler] INFO  pipeline.PipelineActionHandler (PipelineActionHandler.java:processPipelineAction(89)) - Received pipeline action CLOSE for Pipeline-906d62e7-90da-4d4c-b26f-16fa12a0797f from datanode 75758caf-2019-48e0-9285-4ac26ec01eda(localhost/127.0.0.1). Reason : Chunks directory /home/runner/work/ozone/ozone/hadoop-ozone/integration-test/target/test-dir/MiniOzoneClusterImpl-b7e00dfa-d3b8-45cf-9d3a-2bd5fdfebf54/ozone-meta/datanode-1/data-0/hdds/b7e00dfa-d3b8-45cf-9d3a-2bd5fdfebf54/current/containerDir0/5/chunks does not exist.
2025-07-02 18:45:40,443 [EventQueue-PipelineActionsForPipelineActionHandler] INFO  pipeline.PipelineActionHandler (PipelineActionHandler.java:processPipelineAction(89)) - Received pipeline action CLOSE for Pipeline-906d62e7-90da-4d4c-b26f-16fa12a0797f from datanode 75758caf-2019-48e0-9285-4ac26ec01eda(localhost/127.0.0.1). Reason : Chunks directory /home/runner/work/ozone/ozone/hadoop-ozone/integration-test/target/test-dir/MiniOzoneClusterImpl-b7e00dfa-d3b8-45cf-9d3a-2bd5fdfebf54/ozone-meta/datanode-1/data-0/hdds/b7e00dfa-d3b8-45cf-9d3a-2bd5fdfebf54/current/containerDir0/5/chunks does not exist.
2025-07-02 18:45:40,644 [EventQueue-PipelineActionsForPipelineActionHandler] INFO  pipeline.PipelineActionHandler (PipelineActionHandler.java:processPipelineAction(89)) - Received pipeline action CLOSE for Pipeline-906d62e7-90da-4d4c-b26f-16fa12a0797f from datanode 75758caf-2019-48e0-9285-4ac26ec01eda(localhost/127.0.0.1). Reason : Chunks directory /home/runner/work/ozone/ozone/hadoop-ozone/integration-test/target/test-dir/MiniOzoneClusterImpl-b7e00dfa-d3b8-45cf-9d3a-2bd5fdfebf54/ozone-meta/datanode-1/data-0/hdds/b7e00dfa-d3b8-45cf-9d3a-2bd5fdfebf54/current/containerDir0/5/chunks does not exist.
2025-07-02 18:45:40,844 [EventQueue-PipelineActionsForPipelineActionHandler] INFO  pipeline.PipelineActionHandler (PipelineActionHandler.java:processPipelineAction(89)) - Received pipeline action CLOSE for Pipeline-906d62e7-90da-4d4c-b26f-16fa12a0797f from datanode 75758caf-2019-48e0-9285-4ac26ec01eda(localhost/127.0.0.1). Reason : Chunks directory /home/runner/work/ozone/ozone/hadoop-ozone/integration-test/target/test-dir/MiniOzoneClusterImpl-b7e00dfa-d3b8-45cf-9d3a-2bd5fdfebf54/ozone-meta/datanode-1/data-0/hdds/b7e00dfa-d3b8-45cf-9d3a-2bd5fdfebf54/current/containerDir0/5/chunks does not exist.
2025-07-02 18:45:41,043 [EventQueue-PipelineActionsForPipelineActionHandler] INFO  pipeline.PipelineActionHandler (PipelineActionHandler.java:processPipelineAction(89)) - Received pipeline action CLOSE for Pipeline-906d62e7-90da-4d4c-b26f-16fa12a0797f from datanode 75758caf-2019-48e0-9285-4ac26ec01eda(localhost/127.0.0.1). Reason : Chunks directory /home/runner/work/ozone/ozone/hadoop-ozone/integration-test/target/test-dir/MiniOzoneClusterImpl-b7e00dfa-d3b8-45cf-9d3a-2bd5fdfebf54/ozone-meta/datanode-1/data-0/hdds/b7e00dfa-d3b8-45cf-9d3a-2bd5fdfebf54/current/containerDir0/5/chunks does not exist.
2025-07-02 18:45:41,244 [EventQueue-PipelineActionsForPipelineActionHandler] INFO  pipeline.PipelineActionHandler (PipelineActionHandler.java:processPipelineAction(89)) - Received pipeline action CLOSE for Pipeline-906d62e7-90da-4d4c-b26f-16fa12a0797f from datanode 75758caf-2019-48e0-9285-4ac26ec01eda(localhost/127.0.0.1). Reason : Chunks directory /home/runner/work/ozone/ozone/hadoop-ozone/integration-test/target/test-dir/MiniOzoneClusterImpl-b7e00dfa-d3b8-45cf-9d3a-2bd5fdfebf54/ozone-meta/datanode-1/data-0/hdds/b7e00dfa-d3b8-45cf-9d3a-2bd5fdfebf54/current/containerDir0/5/chunks does not exist.
2025-07-02 18:45:41,420 [75758caf-2019-48e0-9285-4ac26ec01eda@group-16FA12A0797F-LeaderStateImpl] ERROR util.ExitUtils (ExitUtils.java:terminate(133)) - Terminating with exit status -1: Thread[#1288,75758caf-2019-48e0-9285-4ac26ec01eda@group-16FA12A0797F-LeaderStateImpl,5,75758caf-2019-48e0-9285-4ac26ec01eda@group-16FA12A0797F] has thrown an uncaught exception
java.lang.IllegalStateException: 75758caf-2019-48e0-9285-4ac26ec01eda@group-16FA12A0797F-SegmentedRaftLog is expected to be opened but it is CLOSED
	at org.apache.ratis.util.OpenCloseState.assertOpen(OpenCloseState.java:63)
	at org.apache.ratis.server.raftlog.RaftLogBase.checkLogState(RaftLogBase.java:112)
	at org.apache.ratis.server.raftlog.segmented.SegmentedRaftLog.getLastEntryTermIndex(SegmentedRaftLog.java:356)
	at org.apache.ratis.server.impl.ServerState.getLastEntry(ServerState.java:310)
	at org.apache.ratis.server.impl.LeaderStateImpl.checkPeersForYieldingLeader(LeaderStateImpl.java:1081)
	at org.apache.ratis.server.impl.LeaderStateImpl.access$800(LeaderStateImpl.java:101)
	at org.apache.ratis.server.impl.LeaderStateImpl$EventProcessor.run(LeaderStateImpl.java:769)
Caused by: org.apache.ratis.util.OpenCloseState$CloseTrace: Close 75758caf-2019-48e0-9285-4ac26ec01eda@group-16FA12A0797F-SegmentedRaftLog
	at org.apache.ratis.util.OpenCloseState.lambda$close$1(OpenCloseState.java:109)
	at java.base/java.util.concurrent.atomic.AtomicReference.getAndUpdate(AtomicReference.java:188)
	at org.apache.ratis.util.OpenCloseState.close(OpenCloseState.java:109)
	at org.apache.ratis.server.raftlog.RaftLogBase.close(RaftLogBase.java:393)
	at org.apache.ratis.server.raftlog.segmented.SegmentedRaftLog.close(SegmentedRaftLog.java:528)
	at org.apache.ratis.server.raftlog.RaftLogBase.lambda$appendImpl$3(RaftLogBase.java:206)
	at java.base/java.util.concurrent.CompletableFuture.uniWhenComplete(CompletableFuture.java:863)
	at java.base/java.util.concurrent.CompletableFuture$UniWhenComplete.tryFire(CompletableFuture.java:841)
	at java.base/java.util.concurrent.CompletableFuture.postComplete(CompletableFuture.java:510)
	at java.base/java.util.concurrent.CompletableFuture.completeExceptionally(CompletableFuture.java:2194)
	at org.apache.ratis.server.raftlog.segmented.SegmentedRaftLog$Task.failed(SegmentedRaftLog.java:109)
	at org.apache.ratis.server.raftlog.segmented.SegmentedRaftLogWorker$WriteLog.failed(SegmentedRaftLogWorker.java:530)
	at org.apache.ratis.server.raftlog.segmented.SegmentedRaftLogWorker.run(SegmentedRaftLogWorker.java:326)
	at java.base/java.util.concurrent.Executors$RunnableAdapter.call(Executors.java:572)
	at java.base/java.util.concurrent.FutureTask.run(FutureTask.java:317)
	at java.base/java.util.concurrent.ThreadPoolExecutor.runWorker(ThreadPoolExecutor.java:1144)
	at java.base/java.util.concurrent.ThreadPoolExecutor$Worker.run(ThreadPoolExecutor.java:642)
	at java.base/java.lang.Thread.run(Thread.java:1583)
2025-07-02 18:45:41,445 [EventQueue-PipelineActionsForPipelineActionHandler] INFO  pipeline.PipelineActionHandler (PipelineActionHandler.java:processPipelineAction(89)) - Received pipeline action CLOSE for Pipeline-906d62e7-90da-4d4c-b26f-16fa12a0797f from datanode 75758caf-2019-48e0-9285-4ac26ec01eda(localhost/127.0.0.1). Reason : Chunks directory /home/runner/work/ozone/ozone/hadoop-ozone/integration-test/target/test-dir/MiniOzoneClusterImpl-b7e00dfa-d3b8-45cf-9d3a-2bd5fdfebf54/ozone-meta/datanode-1/data-0/hdds/b7e00dfa-d3b8-45cf-9d3a-2bd5fdfebf54/current/containerDir0/5/chunks does not exist.
2025-07-02 18:45:41,646 [EventQueue-PipelineActionsForPipelineActionHandler] INFO  pipeline.PipelineActionHandler (PipelineActionHandler.java:processPipelineAction(89)) - Received pipeline action CLOSE for Pipeline-906d62e7-90da-4d4c-b26f-16fa12a0797f from datanode 75758caf-2019-48e0-9285-4ac26ec01eda(localhost/127.0.0.1). Reason : Chunks directory /home/runner/work/ozone/ozone/hadoop-ozone/integration-test/target/test-dir/MiniOzoneClusterImpl-b7e00dfa-d3b8-45cf-9d3a-2bd5fdfebf54/ozone-meta/datanode-1/data-0/hdds/b7e00dfa-d3b8-45cf-9d3a-2bd5fdfebf54/current/containerDir0/5/chunks does not exist.
2025-07-02 18:45:41,846 [EventQueue-PipelineActionsForPipelineActionHandler] INFO  pipeline.PipelineActionHandler (PipelineActionHandler.java:processPipelineAction(89)) - Received pipeline action CLOSE for Pipeline-906d62e7-90da-4d4c-b26f-16fa12a0797f from datanode 75758caf-2019-48e0-9285-4ac26ec01eda(localhost/127.0.0.1). Reason : Chunks directory /home/runner/work/ozone/ozone/hadoop-ozone/integration-test/target/test-dir/MiniOzoneClusterImpl-b7e00dfa-d3b8-45cf-9d3a-2bd5fdfebf54/ozone-meta/datanode-1/data-0/hdds/b7e00dfa-d3b8-45cf-9d3a-2bd5fdfebf54/current/containerDir0/5/chunks does not exist.
2025-07-02 18:45:42,045 [EventQueue-PipelineActionsForPipelineActionHandler] INFO  pipeline.PipelineActionHandler (PipelineActionHandler.java:processPipelineAction(89)) - Received pipeline action CLOSE for Pipeline-906d62e7-90da-4d4c-b26f-16fa12a0797f from datanode 75758caf-2019-48e0-9285-4ac26ec01eda(localhost/127.0.0.1). Reason : Chunks directory /home/runner/work/ozone/ozone/hadoop-ozone/integration-test/target/test-dir/MiniOzoneClusterImpl-b7e00dfa-d3b8-45cf-9d3a-2bd5fdfebf54/ozone-meta/datanode-1/data-0/hdds/b7e00dfa-d3b8-45cf-9d3a-2bd5fdfebf54/current/containerDir0/5/chunks does not exist.
2025-07-02 18:45:42,246 [EventQueue-PipelineActionsForPipelineActionHandler] INFO  pipeline.PipelineActionHandler (PipelineActionHandler.java:processPipelineAction(89)) - Received pipeline action CLOSE for Pipeline-906d62e7-90da-4d4c-b26f-16fa12a0797f from datanode 75758caf-2019-48e0-9285-4ac26ec01eda(localhost/127.0.0.1). Reason : Chunks directory /home/runner/work/ozone/ozone/hadoop-ozone/integration-test/target/test-dir/MiniOzoneClusterImpl-b7e00dfa-d3b8-45cf-9d3a-2bd5fdfebf54/ozone-meta/datanode-1/data-0/hdds/b7e00dfa-d3b8-45cf-9d3a-2bd5fdfebf54/current/containerDir0/5/chunks does not exist.
2025-07-02 18:45:42,446 [EventQueue-PipelineActionsForPipelineActionHandler] INFO  pipeline.PipelineActionHandler (PipelineActionHandler.java:processPipelineAction(89)) - Received pipeline action CLOSE for Pipeline-906d62e7-90da-4d4c-b26f-16fa12a0797f from datanode 75758caf-2019-48e0-9285-4ac26ec01eda(localhost/127.0.0.1). Reason : Chunks directory /home/runner/work/ozone/ozone/hadoop-ozone/integration-test/target/test-dir/MiniOzoneClusterImpl-b7e00dfa-d3b8-45cf-9d3a-2bd5fdfebf54/ozone-meta/datanode-1/data-0/hdds/b7e00dfa-d3b8-45cf-9d3a-2bd5fdfebf54/current/containerDir0/5/chunks does not exist.
2025-07-02 18:45:42,556 [BackgroundPipelineScrubber] INFO  pipeline.PipelineManagerImpl (PipelineManagerImpl.java:scrubPipelines(602)) - Scrubbing pipeline: id: Pipeline-906d62e7-90da-4d4c-b26f-16fa12a0797f since it stays at CLOSED stage.
2025-07-02 18:45:42,557 [BackgroundPipelineScrubber] INFO  pipeline.RatisPipelineProvider (RatisPipelineProvider.java:lambda$close$4(273)) - Send pipeline:Pipeline-906d62e7-90da-4d4c-b26f-16fa12a0797f close command to datanode 75758caf-2019-48e0-9285-4ac26ec01eda
2025-07-02 18:45:42,557 [BackgroundPipelineScrubber] INFO  pipeline.PipelineManagerImpl (PipelineManagerImpl.java:removePipeline(464)) - Pipeline Pipeline{ Id: 906d62e7-90da-4d4c-b26f-16fa12a0797f, Nodes: [ {75758caf-2019-48e0-9285-4ac26ec01eda(localhost/127.0.0.1), ReplicaIndex: 0},], ReplicationConfig: RATIS/ONE, State:CLOSED, leaderId:75758caf-2019-48e0-9285-4ac26ec01eda, CreationTimestamp2025-07-02T18:45:17.920Z[Etc/UTC]} removed.
2025-07-02 18:45:42,646 [EventQueue-PipelineActionsForPipelineActionHandler] INFO  pipeline.PipelineActionHandler (PipelineActionHandler.java:processPipelineAction(89)) - Received pipeline action CLOSE for Pipeline-906d62e7-90da-4d4c-b26f-16fa12a0797f from datanode 75758caf-2019-48e0-9285-4ac26ec01eda(localhost/127.0.0.1). Reason : Chunks directory /home/runner/work/ozone/ozone/hadoop-ozone/integration-test/target/test-dir/MiniOzoneClusterImpl-b7e00dfa-d3b8-45cf-9d3a-2bd5fdfebf54/ozone-meta/datanode-1/data-0/hdds/b7e00dfa-d3b8-45cf-9d3a-2bd5fdfebf54/current/containerDir0/5/chunks does not exist.
2025-07-02 18:45:42,646 [EventQueue-PipelineActionsForPipelineActionHandler] WARN  pipeline.PipelineActionHandler (PipelineActionHandler.java:closeUnknownPipeline(117)) - Pipeline action received for unknown Pipeline Pipeline-906d62e7-90da-4d4c-b26f-16fa12a0797f, firing close pipeline event.
2025-07-02 18:45:42,846 [EventQueue-PipelineReportForPipelineReportHandler] INFO  pipeline.PipelineReportHandler (PipelineReportHandler.java:handlePipelineNotFoundException(98)) - Pipeline Pipeline-906d62e7-90da-4d4c-b26f-16fa12a0797f, reported by datanode 75758caf-2019-48e0-9285-4ac26ec01eda(localhost/127.0.0.1) is not found.
2025-07-02 18:45:42,846 [EventQueue-PipelineActionsForPipelineActionHandler] INFO  pipeline.PipelineActionHandler (PipelineActionHandler.java:processPipelineAction(89)) - Received pipeline action CLOSE for Pipeline-906d62e7-90da-4d4c-b26f-16fa12a0797f from datanode 75758caf-2019-48e0-9285-4ac26ec01eda(localhost/127.0.0.1). Reason : Chunks directory /home/runner/work/ozone/ozone/hadoop-ozone/integration-test/target/test-dir/MiniOzoneClusterImpl-b7e00dfa-d3b8-45cf-9d3a-2bd5fdfebf54/ozone-meta/datanode-1/data-0/hdds/b7e00dfa-d3b8-45cf-9d3a-2bd5fdfebf54/current/containerDir0/5/chunks does not exist.
2025-07-02 18:45:42,846 [EventQueue-PipelineActionsForPipelineActionHandler] WARN  pipeline.PipelineActionHandler (PipelineActionHandler.java:closeUnknownPipeline(117)) - Pipeline action received for unknown Pipeline Pipeline-906d62e7-90da-4d4c-b26f-16fa12a0797f, firing close pipeline event.
2025-07-02 18:45:43,046 [EventQueue-PipelineActionsForPipelineActionHandler] INFO  pipeline.PipelineActionHandler (PipelineActionHandler.java:processPipelineAction(89)) - Received pipeline action CLOSE for Pipeline-906d62e7-90da-4d4c-b26f-16fa12a0797f from datanode 75758caf-2019-48e0-9285-4ac26ec01eda(localhost/127.0.0.1). Reason : Chunks directory /home/runner/work/ozone/ozone/hadoop-ozone/integration-test/target/test-dir/MiniOzoneClusterImpl-b7e00dfa-d3b8-45cf-9d3a-2bd5fdfebf54/ozone-meta/datanode-1/data-0/hdds/b7e00dfa-d3b8-45cf-9d3a-2bd5fdfebf54/current/containerDir0/5/chunks does not exist.
2025-07-02 18:45:43,046 [EventQueue-PipelineReportForPipelineReportHandler] INFO  pipeline.PipelineReportHandler (PipelineReportHandler.java:handlePipelineNotFoundException(98)) - Pipeline Pipeline-906d62e7-90da-4d4c-b26f-16fa12a0797f, reported by datanode 75758caf-2019-48e0-9285-4ac26ec01eda(localhost/127.0.0.1) is not found.
2025-07-02 18:45:43,046 [EventQueue-PipelineActionsForPipelineActionHandler] WARN  pipeline.PipelineActionHandler (PipelineActionHandler.java:closeUnknownPipeline(117)) - Pipeline action received for unknown Pipeline Pipeline-906d62e7-90da-4d4c-b26f-16fa12a0797f, firing close pipeline event.
2025-07-02 18:45:43,246 [EventQueue-PipelineActionsForPipelineActionHandler] INFO  pipeline.PipelineActionHandler (PipelineActionHandler.java:processPipelineAction(89)) - Received pipeline action CLOSE for Pipeline-906d62e7-90da-4d4c-b26f-16fa12a0797f from datanode 75758caf-2019-48e0-9285-4ac26ec01eda(localhost/127.0.0.1). Reason : Chunks directory /home/runner/work/ozone/ozone/hadoop-ozone/integration-test/target/test-dir/MiniOzoneClusterImpl-b7e00dfa-d3b8-45cf-9d3a-2bd5fdfebf54/ozone-meta/datanode-1/data-0/hdds/b7e00dfa-d3b8-45cf-9d3a-2bd5fdfebf54/current/containerDir0/5/chunks does not exist.
2025-07-02 18:45:43,246 [EventQueue-PipelineActionsForPipelineActionHandler] WARN  pipeline.PipelineActionHandler (PipelineActionHandler.java:closeUnknownPipeline(117)) - Pipeline action received for unknown Pipeline Pipeline-906d62e7-90da-4d4c-b26f-16fa12a0797f, firing close pipeline event.
2025-07-02 18:45:43,446 [EventQueue-PipelineActionsForPipelineActionHandler] INFO  pipeline.PipelineActionHandler (PipelineActionHandler.java:processPipelineAction(89)) - Received pipeline action CLOSE for Pipeline-906d62e7-90da-4d4c-b26f-16fa12a0797f from datanode 75758caf-2019-48e0-9285-4ac26ec01eda(localhost/127.0.0.1). Reason : Chunks directory /home/runner/work/ozone/ozone/hadoop-ozone/integration-test/target/test-dir/MiniOzoneClusterImpl-b7e00dfa-d3b8-45cf-9d3a-2bd5fdfebf54/ozone-meta/datanode-1/data-0/hdds/b7e00dfa-d3b8-45cf-9d3a-2bd5fdfebf54/current/containerDir0/5/chunks does not exist.
2025-07-02 18:45:43,446 [EventQueue-PipelineReportForPipelineReportHandler] INFO  pipeline.PipelineReportHandler (PipelineReportHandler.java:handlePipelineNotFoundException(98)) - Pipeline Pipeline-906d62e7-90da-4d4c-b26f-16fa12a0797f, reported by datanode 75758caf-2019-48e0-9285-4ac26ec01eda(localhost/127.0.0.1) is not found.
2025-07-02 18:45:43,446 [EventQueue-PipelineActionsForPipelineActionHandler] WARN  pipeline.PipelineActionHandler (PipelineActionHandler.java:closeUnknownPipeline(117)) - Pipeline action received for unknown Pipeline Pipeline-906d62e7-90da-4d4c-b26f-16fa12a0797f, firing close pipeline event.
2025-07-02 18:45:43,646 [EventQueue-PipelineActionsForPipelineActionHandler] INFO  pipeline.PipelineActionHandler (PipelineActionHandler.java:processPipelineAction(89)) - Received pipeline action CLOSE for Pipeline-906d62e7-90da-4d4c-b26f-16fa12a0797f from datanode 75758caf-2019-48e0-9285-4ac26ec01eda(localhost/127.0.0.1). Reason : Chunks directory /home/runner/work/ozone/ozone/hadoop-ozone/integration-test/target/test-dir/MiniOzoneClusterImpl-b7e00dfa-d3b8-45cf-9d3a-2bd5fdfebf54/ozone-meta/datanode-1/data-0/hdds/b7e00dfa-d3b8-45cf-9d3a-2bd5fdfebf54/current/containerDir0/5/chunks does not exist.
2025-07-02 18:45:43,646 [EventQueue-PipelineActionsForPipelineActionHandler] WARN  pipeline.PipelineActionHandler (PipelineActionHandler.java:closeUnknownPipeline(117)) - Pipeline action received for unknown Pipeline Pipeline-906d62e7-90da-4d4c-b26f-16fa12a0797f, firing close pipeline event.
2025-07-02 18:45:43,846 [75758caf-2019-48e0-9285-4ac26ec01eda-PipelineCommandHandlerThread-0] INFO  server.RaftServer (RaftServerProxy.java:remove(116)) - 75758caf-2019-48e0-9285-4ac26ec01eda: remove    LEADER (RUNNING): 75758caf-2019-48e0-9285-4ac26ec01eda@group-16FA12A0797F:t1, leader=75758caf-2019-48e0-9285-4ac26ec01eda, voted=75758caf-2019-48e0-9285-4ac26ec01eda, raftlog=Memoized:75758caf-2019-48e0-9285-4ac26ec01eda@group-16FA12A0797F-SegmentedRaftLog:CLOSED:c3, conf=conf: {index: 0, cur=peers:[75758caf-2019-48e0-9285-4ac26ec01eda|127.0.0.1:15015]|listeners:[], old=null}
2025-07-02 18:45:43,846 [EventQueue-PipelineActionsForPipelineActionHandler] INFO  pipeline.PipelineActionHandler (PipelineActionHandler.java:processPipelineAction(89)) - Received pipeline action CLOSE for Pipeline-906d62e7-90da-4d4c-b26f-16fa12a0797f from datanode 75758caf-2019-48e0-9285-4ac26ec01eda(localhost/127.0.0.1). Reason : Chunks directory /home/runner/work/ozone/ozone/hadoop-ozone/integration-test/target/test-dir/MiniOzoneClusterImpl-b7e00dfa-d3b8-45cf-9d3a-2bd5fdfebf54/ozone-meta/datanode-1/data-0/hdds/b7e00dfa-d3b8-45cf-9d3a-2bd5fdfebf54/current/containerDir0/5/chunks does not exist.
2025-07-02 18:45:43,846 [EventQueue-PipelineActionsForPipelineActionHandler] WARN  pipeline.PipelineActionHandler (PipelineActionHandler.java:closeUnknownPipeline(117)) - Pipeline action received for unknown Pipeline Pipeline-906d62e7-90da-4d4c-b26f-16fa12a0797f, firing close pipeline event.
2025-07-02 18:45:43,846 [EventQueue-PipelineReportForPipelineReportHandler] INFO  pipeline.PipelineReportHandler (PipelineReportHandler.java:handlePipelineNotFoundException(98)) - Pipeline Pipeline-906d62e7-90da-4d4c-b26f-16fa12a0797f, reported by datanode 75758caf-2019-48e0-9285-4ac26ec01eda(localhost/127.0.0.1) is not found.
2025-07-02 18:45:43,846 [75758caf-2019-48e0-9285-4ac26ec01eda-PipelineCommandHandlerThread-0] INFO  server.RaftServer$Division (RaftServerImpl.java:lambda$close$1(527)) - 75758caf-2019-48e0-9285-4ac26ec01eda@group-16FA12A0797F: shutdown
2025-07-02 18:45:43,847 [75758caf-2019-48e0-9285-4ac26ec01eda-PipelineCommandHandlerThread-0] INFO  util.JmxRegister (JmxRegister.java:unregister(74)) - Successfully un-registered JMX Bean with object name Ratis:service=RaftServer,group=group-16FA12A0797F,id=75758caf-2019-48e0-9285-4ac26ec01eda
2025-07-02 18:45:43,847 [75758caf-2019-48e0-9285-4ac26ec01eda-PipelineCommandHandlerThread-0] INFO  impl.RoleInfo (RoleInfo.java:shutdownLeaderState(103)) - 75758caf-2019-48e0-9285-4ac26ec01eda: shutdown 75758caf-2019-48e0-9285-4ac26ec01eda@group-16FA12A0797F-LeaderStateImpl
2025-07-02 18:45:43,847 [75758caf-2019-48e0-9285-4ac26ec01eda-PipelineCommandHandlerThread-0] INFO  impl.PendingRequests (PendingRequests.java:sendNotLeaderResponses(287)) - 75758caf-2019-48e0-9285-4ac26ec01eda@group-16FA12A0797F-PendingRequests: sendNotLeaderResponses
2025-07-02 18:45:43,849 [75758caf-2019-48e0-9285-4ac26ec01eda-PipelineCommandHandlerThread-0] INFO  impl.StateMachineUpdater (StateMachineUpdater.java:stopAndJoin(163)) - 75758caf-2019-48e0-9285-4ac26ec01eda@group-16FA12A0797F-StateMachineUpdater: set stopIndex = 3
2025-07-02 18:45:43,849 [75758caf-2019-48e0-9285-4ac26ec01eda@group-16FA12A0797F-StateMachineUpdater] ERROR ratis.ContainerStateMachine (ContainerStateMachine.java:takeSnapshot(421)) - Failed to take snapshot  for group-16FA12A0797F as the stateMachine is unhealthy. The last applied index is at (t:1, i:3)
2025-07-02 18:45:43,849 [75758caf-2019-48e0-9285-4ac26ec01eda@group-16FA12A0797F-StateMachineUpdater] ERROR impl.StateMachineUpdater (StateMachineUpdater.java:takeSnapshot(302)) - 75758caf-2019-48e0-9285-4ac26ec01eda@group-16FA12A0797F-StateMachineUpdater: Failed to take snapshot
org.apache.ratis.protocol.exceptions.StateMachineException: Failed to take snapshot  for group-16FA12A0797F as the stateMachine is unhealthy. The last applied index is at (t:1, i:3)
	at org.apache.hadoop.ozone.container.common.transport.server.ratis.ContainerStateMachine.takeSnapshot(ContainerStateMachine.java:420)
	at org.apache.ratis.server.impl.StateMachineUpdater.takeSnapshot(StateMachineUpdater.java:290)
	at org.apache.ratis.server.impl.StateMachineUpdater.checkAndTakeSnapshot(StateMachineUpdater.java:281)
	at org.apache.ratis.server.impl.StateMachineUpdater.run(StateMachineUpdater.java:194)
	at java.base/java.lang.Thread.run(Thread.java:1583)
2025-07-02 18:45:43,849 [75758caf-2019-48e0-9285-4ac26ec01eda@group-16FA12A0797F-StateMachineUpdater] INFO  impl.StateMachineUpdater (StateMachineUpdater.java:stop(140)) - 75758caf-2019-48e0-9285-4ac26ec01eda@group-16FA12A0797F-StateMachineUpdater: closing ContainerStateMachine, lastApplied=(t:1, i:3)
2025-07-02 18:45:43,850 [75758caf-2019-48e0-9285-4ac26ec01eda-PipelineCommandHandlerThread-0] INFO  segmented.SegmentedRaftLogWorker (SegmentedRaftLogWorker.java:close(254)) - 75758caf-2019-48e0-9285-4ac26ec01eda@group-16FA12A0797F-SegmentedRaftLogWorker close()
2025-07-02 18:45:43,851 [75758caf-2019-48e0-9285-4ac26ec01eda-PipelineCommandHandlerThread-0] INFO  server.RaftServer$Division (RaftServerImpl.java:groupRemove(497)) - 75758caf-2019-48e0-9285-4ac26ec01eda@group-16FA12A0797F: Succeed to remove RaftStorageDirectory Storage Directory /home/runner/work/ozone/ozone/hadoop-ozone/integration-test/target/test-dir/MiniOzoneClusterImpl-b7e00dfa-d3b8-45cf-9d3a-2bd5fdfebf54/ozone-meta/datanode-1/ratis/906d62e7-90da-4d4c-b26f-16fa12a0797f
2025-07-02 18:45:43,851 [75758caf-2019-48e0-9285-4ac26ec01eda-PipelineCommandHandlerThread-0] INFO  commandhandler.ClosePipelineCommandHandler (ClosePipelineCommandHandler.java:lambda$handle$2(142)) - Close Pipeline Pipeline-906d62e7-90da-4d4c-b26f-16fa12a0797f command on datanode 75758caf-2019-48e0-9285-4ac26ec01eda(localhost/127.0.0.1).
2025-07-02 18:45:47,051 [timer2] ERROR impl.OrderedAsync (OrderedAsync.java:lambda$null$6(215)) -  client-E0C7A950DD12: Failed* RaftClientRequest:client-E0C7A950DD12->75758caf-2019-48e0-9285-4ac26ec01eda@group-16FA12A0797F, cid=153, seq=4*, RW, cmdType: WriteChunk
traceID: ""
containerID: 5
datanodeUuid: "75758caf-2019-48e0-9285-4ac26ec01eda"
writeChunk {
  blockID {
    containerID: 5
    localID: 115816896921600005
    blockCommitSequenceId: 2
    replicaIndex: 0
  }
  chunkData {
    chunkName: "115816896921600005_chunk_2"
    offset: 5
    len: 5
    checksumData {
      type: CRC32
      bytesPerChecksum: 16384
      checksums: "\350a\3440"
    }
  }
}
version: 3
, data.size=5
java.util.concurrent.CompletionException: org.apache.ratis.protocol.exceptions.AlreadyClosedException: client-E0C7A950DD12->75758caf-2019-48e0-9285-4ac26ec01eda is closed.
	at java.base/java.util.concurrent.CompletableFuture.encodeThrowable(CompletableFuture.java:332)
	at java.base/java.util.concurrent.CompletableFuture.uniAcceptNow(CompletableFuture.java:747)
	at java.base/java.util.concurrent.CompletableFuture.uniAcceptStage(CompletableFuture.java:735)
	at java.base/java.util.concurrent.CompletableFuture.thenAccept(CompletableFuture.java:2214)
	at org.apache.ratis.client.impl.OrderedAsync.sendRequestWithRetry(OrderedAsync.java:206)
	at org.apache.ratis.util.SlidingWindow$Client.sendOrDelayRequest(SlidingWindow.java:315)
	at org.apache.ratis.util.SlidingWindow$Client.retry(SlidingWindow.java:331)
	at org.apache.ratis.client.impl.OrderedAsync.lambda$handleException$8(OrderedAsync.java:253)
	at org.apache.ratis.util.TimeoutTimer.lambda$onTimeout$2(TimeoutTimer.java:101)
	at org.apache.ratis.util.LogUtils.runAndLog(LogUtils.java:38)
	at org.apache.ratis.util.LogUtils$1.run(LogUtils.java:78)
	at org.apache.ratis.util.TimeoutTimer$Task.run(TimeoutTimer.java:55)
	at java.base/java.util.TimerThread.mainLoop(Timer.java:566)
	at java.base/java.util.TimerThread.run(Timer.java:516)
Caused by: org.apache.ratis.protocol.exceptions.AlreadyClosedException: client-E0C7A950DD12->75758caf-2019-48e0-9285-4ac26ec01eda is closed.
	at org.apache.ratis.grpc.client.GrpcClientProtocolClient$AsyncStreamObservers.onNext(GrpcClientProtocolClient.java:352)
	at org.apache.ratis.grpc.client.GrpcClientRpc.sendRequestAsync(GrpcClientRpc.java:71)
	... 10 more
2025-07-02 18:45:54,212 [grpc-default-executor-4] ERROR impl.OrderedAsync (OrderedAsync.java:lambda$null$6(215)) -  client-E0C7A950DD12: Failed* RaftClientRequest:client-E0C7A950DD12->75758caf-2019-48e0-9285-4ac26ec01eda@group-16FA12A0797F, cid=153, seq=4*, RW, cmdType: WriteChunk
traceID: ""
containerID: 5
datanodeUuid: "75758caf-2019-48e0-9285-4ac26ec01eda"
writeChunk {
  blockID {
    containerID: 5
    localID: 115816896921600005
    blockCommitSequenceId: 2
    replicaIndex: 0
  }
  chunkData {
    chunkName: "115816896921600005_chunk_2"
    offset: 5
    len: 5
    checksumData {
      type: CRC32
      bytesPerChecksum: 16384
      checksums: "\350a\3440"
    }
  }
}
version: 3
, data.size=5
java.util.concurrent.CompletionException: org.apache.ratis.protocol.exceptions.GroupMismatchException: 75758caf-2019-48e0-9285-4ac26ec01eda: group-16FA12A0797F not found.
	at java.base/java.util.concurrent.CompletableFuture.encodeThrowable(CompletableFuture.java:332)
	at java.base/java.util.concurrent.CompletableFuture.completeThrowable(CompletableFuture.java:347)
	at java.base/java.util.concurrent.CompletableFuture$UniAccept.tryFire(CompletableFuture.java:708)
	at java.base/java.util.concurrent.CompletableFuture.postComplete(CompletableFuture.java:510)
	at java.base/java.util.concurrent.CompletableFuture.completeExceptionally(CompletableFuture.java:2194)
	at org.apache.ratis.grpc.client.GrpcClientProtocolClient$AsyncStreamObservers.completeReplyExceptionally(GrpcClientProtocolClient.java:397)
	at org.apache.ratis.grpc.client.GrpcClientProtocolClient$AsyncStreamObservers.access$000(GrpcClientProtocolClient.java:303)
	at org.apache.ratis.grpc.client.GrpcClientProtocolClient$AsyncStreamObservers$1.onError(GrpcClientProtocolClient.java:334)
	at org.apache.ratis.thirdparty.io.grpc.stub.ClientCalls$StreamObserverToCallListenerAdapter.onClose(ClientCalls.java:564)
	at org.apache.ratis.thirdparty.io.grpc.PartialForwardingClientCallListener.onClose(PartialForwardingClientCallListener.java:39)
	at org.apache.ratis.thirdparty.io.grpc.ForwardingClientCallListener.onClose(ForwardingClientCallListener.java:23)
	at org.apache.ratis.grpc.metrics.intercept.client.MetricClientCallListener.onClose(MetricClientCallListener.java:47)
	at org.apache.ratis.thirdparty.io.grpc.internal.ClientCallImpl.closeObserver(ClientCallImpl.java:565)
	at org.apache.ratis.thirdparty.io.grpc.internal.ClientCallImpl.access$100(ClientCallImpl.java:72)
	at org.apache.ratis.thirdparty.io.grpc.internal.ClientCallImpl$ClientStreamListenerImpl$1StreamClosed.runInternal(ClientCallImpl.java:733)
	at org.apache.ratis.thirdparty.io.grpc.internal.ClientCallImpl$ClientStreamListenerImpl$1StreamClosed.runInContext(ClientCallImpl.java:714)
	at org.apache.ratis.thirdparty.io.grpc.internal.ContextRunnable.run(ContextRunnable.java:37)
	at org.apache.ratis.thirdparty.io.grpc.internal.SerializingExecutor.run(SerializingExecutor.java:133)
	at java.base/java.util.concurrent.ThreadPoolExecutor.runWorker(ThreadPoolExecutor.java:1144)
	at java.base/java.util.concurrent.ThreadPoolExecutor$Worker.run(ThreadPoolExecutor.java:642)
	at java.base/java.lang.Thread.run(Thread.java:1583)
Caused by: org.apache.ratis.protocol.exceptions.GroupMismatchException: 75758caf-2019-48e0-9285-4ac26ec01eda: group-16FA12A0797F not found.
	at org.apache.ratis.server.impl.RaftServerProxy$ImplMap.get(RaftServerProxy.java:160)
	at org.apache.ratis.server.impl.RaftServerProxy.getImplFuture(RaftServerProxy.java:370)
	at org.apache.ratis.server.impl.RaftServerProxy.submitClientRequestAsync(RaftServerProxy.java:455)
	at org.apache.ratis.grpc.server.GrpcClientProtocolService$RequestStreamObserver.processClientRequest(GrpcClientProtocolService.java:226)
	at org.apache.ratis.grpc.server.GrpcClientProtocolService$OrderedRequestStreamObserver.processClientRequest(GrpcClientProtocolService.java:332)
	at org.apache.ratis.util.SlidingWindow$Server.processRequestsFromHead(SlidingWindow.java:467)
	at org.apache.ratis.util.SlidingWindow$Server.receivedRequest(SlidingWindow.java:459)
	at org.apache.ratis.grpc.server.GrpcClientProtocolService$OrderedRequestStreamObserver.processClientRequest(GrpcClientProtocolService.java:356)
	at org.apache.ratis.grpc.server.GrpcClientProtocolService$RequestStreamObserver.onNext(GrpcClientProtocolService.java:246)
	at org.apache.ratis.grpc.server.GrpcClientProtocolService$RequestStreamObserver.onNext(GrpcClientProtocolService.java:169)
	at org.apache.ratis.thirdparty.io.grpc.stub.ServerCalls$StreamingServerCallHandler$StreamingServerCallListener.onMessage(ServerCalls.java:262)
	at org.apache.ratis.thirdparty.io.grpc.internal.ServerCallImpl$ServerStreamListenerImpl.messagesAvailableInternal(ServerCallImpl.java:334)
	at org.apache.ratis.thirdparty.io.grpc.internal.ServerCallImpl$ServerStreamListenerImpl.messagesAvailable(ServerCallImpl.java:319)
	at org.apache.ratis.thirdparty.io.grpc.internal.ServerImpl$JumpToApplicationThreadServerStreamListener$1MessagesAvailable.runInContext(ServerImpl.java:834)
	... 5 more
2025-07-02 18:45:54,213 [grpc-default-executor-4] ERROR impl.OrderedAsync (OrderedAsync.java:lambda$send$4(181)) - Failed to send request, message=cmdType: WriteChunk
traceID: ""
containerID: 5
datanodeUuid: "75758caf-2019-48e0-9285-4ac26ec01eda"
writeChunk {
  blockID {
    containerID: 5
    localID: 115816896921600005
    blockCommitSequenceId: 2
    replicaIndex: 0
  }
  chunkData {
    chunkName: "115816896921600005_chunk_2"
    offset: 5
    len: 5
    checksumData {
      type: CRC32
      bytesPerChecksum: 16384
      checksums: "\350a\3440"
    }
  }
}
version: 3
, data.size=5
java.util.concurrent.CompletionException: org.apache.ratis.protocol.exceptions.GroupMismatchException: 75758caf-2019-48e0-9285-4ac26ec01eda: group-16FA12A0797F not found.
	at java.base/java.util.concurrent.CompletableFuture.encodeThrowable(CompletableFuture.java:332)
	at java.base/java.util.concurrent.CompletableFuture.completeThrowable(CompletableFuture.java:347)
	at java.base/java.util.concurrent.CompletableFuture$UniApply.tryFire(CompletableFuture.java:636)
	at java.base/java.util.concurrent.CompletableFuture.postComplete(CompletableFuture.java:510)
	at java.base/java.util.concurrent.CompletableFuture.completeExceptionally(CompletableFuture.java:2194)
	at org.apache.ratis.client.impl.OrderedAsync$PendingOrderedRequest.fail(OrderedAsync.java:111)
	at org.apache.ratis.util.SlidingWindow$Client.fail(SlidingWindow.java:395)
	at org.apache.ratis.client.impl.OrderedAsync.failAllAsyncRequests(OrderedAsync.java:155)
	at org.apache.ratis.client.impl.OrderedAsync.handleException(OrderedAsync.java:232)
	at org.apache.ratis.client.impl.OrderedAsync.lambda$sendRequestWithRetry$7(OrderedAsync.java:217)
	at java.base/java.util.concurrent.CompletableFuture.uniExceptionally(CompletableFuture.java:990)
	at java.base/java.util.concurrent.CompletableFuture$UniExceptionally.tryFire(CompletableFuture.java:974)
	at java.base/java.util.concurrent.CompletableFuture.postComplete(CompletableFuture.java:510)
	at java.base/java.util.concurrent.CompletableFuture.completeExceptionally(CompletableFuture.java:2194)
	at org.apache.ratis.grpc.client.GrpcClientProtocolClient$AsyncStreamObservers.completeReplyExceptionally(GrpcClientProtocolClient.java:397)
	at org.apache.ratis.grpc.client.GrpcClientProtocolClient$AsyncStreamObservers.access$000(GrpcClientProtocolClient.java:303)
	at org.apache.ratis.grpc.client.GrpcClientProtocolClient$AsyncStreamObservers$1.onError(GrpcClientProtocolClient.java:334)
	at org.apache.ratis.thirdparty.io.grpc.stub.ClientCalls$StreamObserverToCallListenerAdapter.onClose(ClientCalls.java:564)
	at org.apache.ratis.thirdparty.io.grpc.PartialForwardingClientCallListener.onClose(PartialForwardingClientCallListener.java:39)
	at org.apache.ratis.thirdparty.io.grpc.ForwardingClientCallListener.onClose(ForwardingClientCallListener.java:23)
	at org.apache.ratis.grpc.metrics.intercept.client.MetricClientCallListener.onClose(MetricClientCallListener.java:47)
	at org.apache.ratis.thirdparty.io.grpc.internal.ClientCallImpl.closeObserver(ClientCallImpl.java:565)
	at org.apache.ratis.thirdparty.io.grpc.internal.ClientCallImpl.access$100(ClientCallImpl.java:72)
	at org.apache.ratis.thirdparty.io.grpc.internal.ClientCallImpl$ClientStreamListenerImpl$1StreamClosed.runInternal(ClientCallImpl.java:733)
	at org.apache.ratis.thirdparty.io.grpc.internal.ClientCallImpl$ClientStreamListenerImpl$1StreamClosed.runInContext(ClientCallImpl.java:714)
	at org.apache.ratis.thirdparty.io.grpc.internal.ContextRunnable.run(ContextRunnable.java:37)
	at org.apache.ratis.thirdparty.io.grpc.internal.SerializingExecutor.run(SerializingExecutor.java:133)
	at java.base/java.util.concurrent.ThreadPoolExecutor.runWorker(ThreadPoolExecutor.java:1144)
	at java.base/java.util.concurrent.ThreadPoolExecutor$Worker.run(ThreadPoolExecutor.java:642)
	at java.base/java.lang.Thread.run(Thread.java:1583)
Caused by: org.apache.ratis.protocol.exceptions.GroupMismatchException: 75758caf-2019-48e0-9285-4ac26ec01eda: group-16FA12A0797F not found.
	at org.apache.ratis.server.impl.RaftServerProxy$ImplMap.get(RaftServerProxy.java:160)
	at org.apache.ratis.server.impl.RaftServerProxy.getImplFuture(RaftServerProxy.java:370)
	at org.apache.ratis.server.impl.RaftServerProxy.submitClientRequestAsync(RaftServerProxy.java:455)
	at org.apache.ratis.grpc.server.GrpcClientProtocolService$RequestStreamObserver.processClientRequest(GrpcClientProtocolService.java:226)
	at org.apache.ratis.grpc.server.GrpcClientProtocolService$OrderedRequestStreamObserver.processClientRequest(GrpcClientProtocolService.java:332)
	at org.apache.ratis.util.SlidingWindow$Server.processRequestsFromHead(SlidingWindow.java:467)
	at org.apache.ratis.util.SlidingWindow$Server.receivedRequest(SlidingWindow.java:459)
	at org.apache.ratis.grpc.server.GrpcClientProtocolService$OrderedRequestStreamObserver.processClientRequest(GrpcClientProtocolService.java:356)
	at org.apache.ratis.grpc.server.GrpcClientProtocolService$RequestStreamObserver.onNext(GrpcClientProtocolService.java:246)
	at org.apache.ratis.grpc.server.GrpcClientProtocolService$RequestStreamObserver.onNext(GrpcClientProtocolService.java:169)
	at org.apache.ratis.thirdparty.io.grpc.stub.ServerCalls$StreamingServerCallHandler$StreamingServerCallListener.onMessage(ServerCalls.java:262)
	at org.apache.ratis.thirdparty.io.grpc.internal.ServerCallImpl$ServerStreamListenerImpl.messagesAvailableInternal(ServerCallImpl.java:334)
	at org.apache.ratis.thirdparty.io.grpc.internal.ServerCallImpl$ServerStreamListenerImpl.messagesAvailable(ServerCallImpl.java:319)
	at org.apache.ratis.thirdparty.io.grpc.internal.ServerImpl$JumpToApplicationThreadServerStreamListener$1MessagesAvailable.runInContext(ServerImpl.java:834)
	... 5 more
2025-07-02 18:45:54,214 [grpc-default-executor-4] ERROR impl.OrderedAsync (OrderedAsync.java:lambda$send$4(179)) - Failed to send request, message=cmdType: PutBlock
traceID: ""
containerID: 5
datanodeUuid: "75758caf-2019-48e0-9285-4ac26ec01eda"
putBlock {
  blockData {
    blockID {
      containerID: 5
      localID: 115816896921600005
      blockCommitSequenceId: 0
    }
    metadata {
      key: "TYPE"
      value: "KEY"
    }
    chunks {
      chunkName: "115816896921600005_chunk_1"
      offset: 0
      len: 5
      checksumData {
        type: CRC32
        bytesPerChecksum: 16384
        checksums: "\350a\3440"
      }
    }
    chunks {
      chunkName: "115816896921600005_chunk_2"
      offset: 5
      len: 5
      checksumData {
        type: CRC32
        bytesPerChecksum: 16384
        checksums: "\350a\3440"
      }
    }
  }
  eof: true
}
version: 3
, data.size=0 due to java.util.concurrent.CompletionException: org.apache.ratis.protocol.exceptions.AlreadyClosedException: SlidingWindow$Client:client-E0C7A950DD12->RAFT is closed.
2025-07-02 18:45:54,214 [main] WARN  io.KeyOutputStream (KeyOutputStream.java:handleExceptionInternal(377)) - Encountered exception java.io.IOException: Unexpected Storage Container Exception: java.util.concurrent.CompletionException: Failed to write chunk 115816896921600005_chunk_2 into block conID: 5 locID: 115816896921600005 bcsId: 2 replicaIndex: null on the pipeline Pipeline{ Id: 906d62e7-90da-4d4c-b26f-16fa12a0797f, Nodes: [ {75758caf-2019-48e0-9285-4ac26ec01eda(localhost/127.0.0.1), ReplicaIndex: 0},], ReplicationConfig: RATIS/ONE, State:OPEN, leaderId:75758caf-2019-48e0-9285-4ac26ec01eda, CreationTimestamp2025-07-02T18:45:17.920Z[Etc/UTC]}. The last committed block length is 5, uncommitted data length is 5 retry count 0
2025-07-02 18:45:54,233 [92aeff0d-b8ac-4e9e-9ba6-1724c63a8401-ChunkWriter-2-0] WARN  statemachine.DatanodeConfiguration (DatanodeConfiguration.java:validateMinFreeSpace(751)) - hdds.datanode.volume.min.free.space.percent = -1.0 is invalid, should be between 0 and 1
2025-07-02 18:45:54,234 [92aeff0d-b8ac-4e9e-9ba6-1724c63a8401-ChunkWriter-2-0] WARN  statemachine.DatanodeConfiguration (DatanodeConfiguration.java:validateMinFreeSpace(751)) - hdds.datanode.volume.min.free.space.percent = -1.0 is invalid, should be between 0 and 1
2025-07-02 18:45:54,243 [92aeff0d-b8ac-4e9e-9ba6-1724c63a8401@group-B4EE531A63A2-StateMachineUpdater] INFO  ratis.ContainerStateMachine (ContainerStateMachine.java:takeSnapshot(427)) - group-B4EE531A63A2: Taking a snapshot at:(t:1, i:195) file /home/runner/work/ozone/ozone/hadoop-ozone/integration-test/target/test-dir/MiniOzoneClusterImpl-b7e00dfa-d3b8-45cf-9d3a-2bd5fdfebf54/ozone-meta/datanode-7/ratis/d780ee6f-851c-4d64-8d60-b4ee531a63a2/sm/snapshot.1_195
2025-07-02 18:45:54,244 [main] INFO  io.BlockOutputStreamEntry (BlockOutputStreamEntry.java:writeOnRetry(192)) - BlockOutputStreamEntry:ratis conID: 6 locID: 115816896921600006 bcsId: 0 replicaIndex: null: Finish retrying with len 5, currentPosition 5
2025-07-02 18:45:54,244 [main] INFO  io.BlockOutputStreamEntry (BlockOutputStreamEntry.java:finishRetryHandling(141)) - BlockOutputStreamEntry:ratis conID: 6 locID: 115816896921600006 bcsId: 0 replicaIndex: null: Exiting retry handling mode
2025-07-02 18:45:54,244 [92aeff0d-b8ac-4e9e-9ba6-1724c63a8401@group-B4EE531A63A2-StateMachineUpdater] INFO  ratis.ContainerStateMachine (ContainerStateMachine.java:takeSnapshot(436)) - group-B4EE531A63A2: Finished taking a snapshot at:(t:1, i:195) file:/home/runner/work/ozone/ozone/hadoop-ozone/integration-test/target/test-dir/MiniOzoneClusterImpl-b7e00dfa-d3b8-45cf-9d3a-2bd5fdfebf54/ozone-meta/datanode-7/ratis/d780ee6f-851c-4d64-8d60-b4ee531a63a2/sm/snapshot.1_195 took: 1 ms
2025-07-02 18:45:54,245 [92aeff0d-b8ac-4e9e-9ba6-1724c63a8401@group-B4EE531A63A2-StateMachineUpdater] INFO  impl.SimpleStateMachineStorage (SimpleStateMachineStorage.java:lambda$cleanupOldSnapshots$1(126)) - Deleting old snapshot at /home/runner/work/ozone/ozone/hadoop-ozone/integration-test/target/test-dir/MiniOzoneClusterImpl-b7e00dfa-d3b8-45cf-9d3a-2bd5fdfebf54/ozone-meta/datanode-7/ratis/d780ee6f-851c-4d64-8d60-b4ee531a63a2/sm/snapshot.1_178
2025-07-02 18:45:54,245 [92aeff0d-b8ac-4e9e-9ba6-1724c63a8401@group-B4EE531A63A2-StateMachineUpdater] INFO  impl.StateMachineUpdater (StateMachineUpdater.java:takeSnapshot(307)) - 92aeff0d-b8ac-4e9e-9ba6-1724c63a8401@group-B4EE531A63A2-StateMachineUpdater: Took a snapshot at index 195
2025-07-02 18:45:54,245 [92aeff0d-b8ac-4e9e-9ba6-1724c63a8401@group-B4EE531A63A2-StateMachineUpdater] INFO  impl.StateMachineUpdater (StateMachineUpdater.java:lambda$new$0(101)) - 92aeff0d-b8ac-4e9e-9ba6-1724c63a8401@group-B4EE531A63A2-StateMachineUpdater: snapshotIndex: updateIncreasingly 192 -> 195
2025-07-02 18:45:54,254 [main] INFO  ozoneimpl.OzoneContainer (OzoneContainer.java:stop(544)) - Attempting to stop container services.
2025-07-02 18:45:54,254 [ContainerMetadataScanner] WARN  ozoneimpl.AbstractBackgroundContainerScanner (AbstractBackgroundContainerScanner.java:handleRemainingSleep(136)) - Background container scan was interrupted.
2025-07-02 18:45:54,254 [ContainerMetadataScanner] INFO  ozoneimpl.AbstractBackgroundContainerScanner (AbstractBackgroundContainerScanner.java:run(63)) - org.apache.hadoop.ozone.container.ozoneimpl.BackgroundContainerMetadataScanner@2fddf566 exiting.
2025-07-02 18:45:54,254 [main] INFO  ozoneimpl.BackgroundContainerDataScanner (BackgroundContainerDataScanner.java:shutdown(87)) - ContainerDataScanner(/home/runner/work/ozone/ozone/hadoop-ozone/integration-test/target/test-dir/MiniOzoneClusterImpl-b7e00dfa-d3b8-45cf-9d3a-2bd5fdfebf54/ozone-meta/datanode-1/data-0/hdds) is shutting down. 
2025-07-02 18:45:54,255 [ContainerDataScanner(/home/runner/work/ozone/ozone/hadoop-ozone/integration-test/target/test-dir/MiniOzoneClusterImpl-b7e00dfa-d3b8-45cf-9d3a-2bd5fdfebf54/ozone-meta/datanode-1/data-0/hdds)] WARN  ozoneimpl.AbstractBackgroundContainerScanner (AbstractBackgroundContainerScanner.java:handleRemainingSleep(136)) - Background container scan was interrupted.
2025-07-02 18:45:54,255 [ContainerDataScanner(/home/runner/work/ozone/ozone/hadoop-ozone/integration-test/target/test-dir/MiniOzoneClusterImpl-b7e00dfa-d3b8-45cf-9d3a-2bd5fdfebf54/ozone-meta/datanode-1/data-0/hdds)] INFO  ozoneimpl.AbstractBackgroundContainerScanner (AbstractBackgroundContainerScanner.java:run(63)) - ContainerDataScanner(/home/runner/work/ozone/ozone/hadoop-ozone/integration-test/target/test-dir/MiniOzoneClusterImpl-b7e00dfa-d3b8-45cf-9d3a-2bd5fdfebf54/ozone-meta/datanode-1/data-0/hdds, DS-e2c32d70-2cdf-4633-a40b-fef7d174f9be) exiting.
2025-07-02 18:45:54,255 [main] INFO  ozoneimpl.OnDemandContainerDataScanner (OnDemandContainerDataScanner.java:shutdown(124)) - On-demand container scanner is shutting down.
2025-07-02 18:45:54,261 [main] INFO  ratis.XceiverServerRatis (XceiverServerRatis.java:stop(594)) - Closing XceiverServerRatis(75758caf-2019-48e0-9285-4ac26ec01eda)
2025-07-02 18:45:54,261 [main] INFO  server.RaftServer (RaftServerProxy.java:lambda$close$9(422)) - 75758caf-2019-48e0-9285-4ac26ec01eda: close
2025-07-02 18:45:54,261 [main] INFO  server.GrpcServicesImpl (GrpcServicesImpl.java:closeImpl(355)) - 75758caf-2019-48e0-9285-4ac26ec01eda: shutdown server org.apache.ratis.grpc.server.GrpcClientProtocolService now
2025-07-02 18:45:54,264 [75758caf-2019-48e0-9285-4ac26ec01eda-impl-thread1] INFO  server.RaftServer$Division (RaftServerImpl.java:lambda$close$1(527)) - 75758caf-2019-48e0-9285-4ac26ec01eda@group-84D2FC177FB5: shutdown
2025-07-02 18:45:54,264 [75758caf-2019-48e0-9285-4ac26ec01eda-impl-thread1] INFO  util.JmxRegister (JmxRegister.java:unregister(74)) - Successfully un-registered JMX Bean with object name Ratis:service=RaftServer,group=group-84D2FC177FB5,id=75758caf-2019-48e0-9285-4ac26ec01eda
2025-07-02 18:45:54,264 [75758caf-2019-48e0-9285-4ac26ec01eda-impl-thread1] INFO  impl.RoleInfo (RoleInfo.java:shutdownFollowerState(121)) - 75758caf-2019-48e0-9285-4ac26ec01eda: shutdown 75758caf-2019-48e0-9285-4ac26ec01eda@group-84D2FC177FB5-FollowerState
2025-07-02 18:45:54,264 [75758caf-2019-48e0-9285-4ac26ec01eda-impl-thread1] INFO  impl.StateMachineUpdater (StateMachineUpdater.java:stopAndJoin(163)) - 75758caf-2019-48e0-9285-4ac26ec01eda@group-84D2FC177FB5-StateMachineUpdater: set stopIndex = 10
2025-07-02 18:45:54,265 [75758caf-2019-48e0-9285-4ac26ec01eda@group-84D2FC177FB5-FollowerState] INFO  impl.FollowerState (FollowerState.java:runImpl(170)) - 75758caf-2019-48e0-9285-4ac26ec01eda@group-84D2FC177FB5-FollowerState was interrupted
2025-07-02 18:45:54,265 [Thread-1158] INFO  server.GrpcServerProtocolClient (GrpcServerProtocolClient.java:close(105)) - f1637480-4571-474d-8c0e-49126192dfac Close channels
2025-07-02 18:45:54,265 [75758caf-2019-48e0-9285-4ac26ec01eda@group-84D2FC177FB5-StateMachineUpdater] INFO  impl.StateMachineUpdater (StateMachineUpdater.java:stop(140)) - 75758caf-2019-48e0-9285-4ac26ec01eda@group-84D2FC177FB5-StateMachineUpdater: closing ContainerStateMachine, lastApplied=(t:1, i:10)
2025-07-02 18:45:54,268 [75758caf-2019-48e0-9285-4ac26ec01eda@group-84D2FC177FB5-cacheEviction-AwaitToRun] INFO  util.AwaitToRun (AwaitToRun.java:run(49)) - 75758caf-2019-48e0-9285-4ac26ec01eda@group-84D2FC177FB5-cacheEviction-AwaitToRun-AwaitForSignal is interrupted
2025-07-02 18:45:54,269 [Thread-1159] INFO  server.GrpcServerProtocolClient (GrpcServerProtocolClient.java:close(105)) - baa12041-7cca-45c7-810c-7ea11519444b Close channels
2025-07-02 18:45:54,272 [main] INFO  server.GrpcServicesImpl (GrpcServicesImpl.java:closeImpl(364)) - 75758caf-2019-48e0-9285-4ac26ec01eda: shutdown server org.apache.ratis.grpc.server.GrpcClientProtocolService successfully
2025-07-02 18:45:54,272 [main] INFO  server.GrpcServicesImpl (GrpcServicesImpl.java:closeImpl(355)) - 75758caf-2019-48e0-9285-4ac26ec01eda: shutdown server GrpcServerProtocolService now
2025-07-02 18:45:54,274 [grpc-default-executor-4] WARN  server.GrpcServerProtocolService (LogUtils.java:warn(127)) - 75758caf-2019-48e0-9285-4ac26ec01eda: APPEND_ENTRIES onError, lastRequest: null: org.apache.ratis.thirdparty.io.grpc.StatusRuntimeException: CANCELLED: client cancelled
2025-07-02 18:45:54,276 [grpc-default-executor-5] WARN  server.GrpcServerProtocolService (LogUtils.java:warn(127)) - 75758caf-2019-48e0-9285-4ac26ec01eda: APPEND_ENTRIES onError, lastRequest: null: org.apache.ratis.thirdparty.io.grpc.StatusRuntimeException: CANCELLED: client cancelled
2025-07-02 18:45:54,276 [grpc-default-executor-0] WARN  server.GrpcLogAppender (LogUtils.java:warn(127)) - f1637480-4571-474d-8c0e-49126192dfac@group-84D2FC177FB5->75758caf-2019-48e0-9285-4ac26ec01eda-AppendLogResponseHandler: Failed appendEntries: org.apache.ratis.thirdparty.io.grpc.StatusRuntimeException: CANCELLED: RST_STREAM closed stream. HTTP/2 error code: CANCEL
2025-07-02 18:45:54,278 [grpc-default-executor-2] WARN  server.GrpcServerProtocolService (LogUtils.java:warn(127)) - 75758caf-2019-48e0-9285-4ac26ec01eda: APPEND_ENTRIES onError, lastRequest: null: org.apache.ratis.thirdparty.io.grpc.StatusRuntimeException: CANCELLED: client cancelled
2025-07-02 18:45:54,278 [grpc-default-executor-5] WARN  server.GrpcServerProtocolService (LogUtils.java:warn(127)) - 75758caf-2019-48e0-9285-4ac26ec01eda: APPEND_ENTRIES onError, lastRequest: null: org.apache.ratis.thirdparty.io.grpc.StatusRuntimeException: CANCELLED: client cancelled
2025-07-02 18:45:54,278 [grpc-default-executor-6] WARN  server.GrpcServerProtocolService (LogUtils.java:warn(127)) - 75758caf-2019-48e0-9285-4ac26ec01eda: APPEND_ENTRIES onError, lastRequest: null: org.apache.ratis.thirdparty.io.grpc.StatusRuntimeException: CANCELLED: client cancelled
2025-07-02 18:45:54,279 [grpc-default-executor-0] WARN  server.GrpcLogAppender (GrpcLogAppender.java:lambda$resetClient$1(228)) - f1637480-4571-474d-8c0e-49126192dfac@group-84D2FC177FB5->75758caf-2019-48e0-9285-4ac26ec01eda-GrpcLogAppender: Follower failed (request=null, errorCount=1); keep nextIndex (11) unchanged and retry.
2025-07-02 18:45:54,280 [grpc-default-executor-2] INFO  server.GrpcLogAppender (GrpcLogAppender.java:onError(545)) - baa12041-7cca-45c7-810c-7ea11519444b@group-B92A147DE22B->75758caf-2019-48e0-9285-4ac26ec01eda-GrpcLogAppender is already stopped
2025-07-02 18:45:54,280 [grpc-default-executor-6] INFO  server.GrpcLogAppender (GrpcLogAppender.java:onError(545)) - baa12041-7cca-45c7-810c-7ea11519444b@group-B92A147DE22B->75758caf-2019-48e0-9285-4ac26ec01eda-GrpcLogAppender is already stopped
2025-07-02 18:45:54,281 [main] INFO  server.GrpcServicesImpl (GrpcServicesImpl.java:closeImpl(364)) - 75758caf-2019-48e0-9285-4ac26ec01eda: shutdown server GrpcServerProtocolService successfully
2025-07-02 18:45:54,281 [grpc-default-executor-0] INFO  server.GrpcLogAppender (GrpcLogAppender.java:onError(545)) - baa12041-7cca-45c7-810c-7ea11519444b@group-B92A147DE22B->75758caf-2019-48e0-9285-4ac26ec01eda-GrpcLogAppender is already stopped
2025-07-02 18:45:54,281 [grpc-default-executor-5] INFO  server.GrpcLogAppender (GrpcLogAppender.java:onError(545)) - baa12041-7cca-45c7-810c-7ea11519444b@group-B92A147DE22B->75758caf-2019-48e0-9285-4ac26ec01eda-GrpcLogAppender is already stopped
2025-07-02 18:45:54,281 [grpc-default-executor-6] WARN  server.GrpcServerProtocolService (LogUtils.java:warn(127)) - 75758caf-2019-48e0-9285-4ac26ec01eda: APPEND_ENTRIES onError, lastRequest: f1637480-4571-474d-8c0e-49126192dfac->75758caf-2019-48e0-9285-4ac26ec01eda#31-t1,previous=(t:1, i:9),leaderCommit=9,initializing? false,entries: size=1, first=(t:1, i:10), METADATAENTRY(c:9): org.apache.ratis.thirdparty.io.grpc.StatusRuntimeException: CANCELLED: client cancelled
2025-07-02 18:45:54,282 [main] INFO  server.GrpcServicesImpl (GrpcServicesImpl.java:closeImpl(355)) - 75758caf-2019-48e0-9285-4ac26ec01eda: shutdown server org.apache.ratis.grpc.server.GrpcAdminProtocolService now
2025-07-02 18:45:54,282 [main] INFO  server.GrpcServicesImpl (GrpcServicesImpl.java:closeImpl(364)) - 75758caf-2019-48e0-9285-4ac26ec01eda: shutdown server org.apache.ratis.grpc.server.GrpcAdminProtocolService successfully
2025-07-02 18:45:54,289 [75758caf-2019-48e0-9285-4ac26ec01eda-NettyServerStreamRpc-bossGroup--thread1] INFO  logging.LoggingHandler (AbstractInternalLogger.java:log(148)) - [id: 0x1ff5f7f7, L:/0.0.0.0:15016] CLOSE
2025-07-02 18:45:54,289 [75758caf-2019-48e0-9285-4ac26ec01eda-NettyServerStreamRpc-bossGroup--thread1] INFO  logging.LoggingHandler (AbstractInternalLogger.java:log(148)) - [id: 0x1ff5f7f7, L:/0.0.0.0:15016] INACTIVE
2025-07-02 18:45:54,290 [75758caf-2019-48e0-9285-4ac26ec01eda-NettyServerStreamRpc-bossGroup--thread1] INFO  logging.LoggingHandler (AbstractInternalLogger.java:log(148)) - [id: 0x1ff5f7f7, L:/0.0.0.0:15016] UNREGISTERED
2025-07-02 18:45:54,504 [75758caf-2019-48e0-9285-4ac26ec01eda-impl-thread1] INFO  segmented.SegmentedRaftLogWorker (SegmentedRaftLogWorker.java:close(254)) - 75758caf-2019-48e0-9285-4ac26ec01eda@group-84D2FC177FB5-SegmentedRaftLogWorker close()
2025-07-02 18:45:54,506 [75758caf-2019-48e0-9285-4ac26ec01eda-impl-thread1] INFO  ratis.ContainerStateMachine (ContainerStateMachine.java:notifyServerShutdown(1038)) - group-84D2FC177FB5 is closed by HddsDatanodeService
2025-07-02 18:45:54,506 [JvmPauseMonitor3] INFO  util.JvmPauseMonitor (JvmPauseMonitor.java:run(152)) - JvmPauseMonitor-75758caf-2019-48e0-9285-4ac26ec01eda: Stopped
2025-07-02 18:45:56,518 [main] INFO  utils.DatanodeStoreCache (DatanodeStoreCache.java:shutdownCache(114)) - Skip clearing cache in mini cluster mode. Entries left: [/home/runner/work/ozone/ozone/hadoop-ozone/integration-test/target/test-dir/MiniOzoneClusterImpl-b7e00dfa-d3b8-45cf-9d3a-2bd5fdfebf54/ozone-meta/datanode-1/data-0/hdds/b7e00dfa-d3b8-45cf-9d3a-2bd5fdfebf54/DS-e2c32d70-2cdf-4633-a40b-fef7d174f9be/container.db, /home/runner/work/ozone/ozone/hadoop-ozone/integration-test/target/test-dir/MiniOzoneClusterImpl-b7e00dfa-d3b8-45cf-9d3a-2bd5fdfebf54/ozone-meta/datanode-10/data-0/hdds/b7e00dfa-d3b8-45cf-9d3a-2bd5fdfebf54/DS-38f947f4-898d-4823-ad1d-0fa79f36a1f3/container.db, /home/runner/work/ozone/ozone/hadoop-ozone/integration-test/target/test-dir/MiniOzoneClusterImpl-b7e00dfa-d3b8-45cf-9d3a-2bd5fdfebf54/ozone-meta/datanode-2/data-0/hdds/b7e00dfa-d3b8-45cf-9d3a-2bd5fdfebf54/DS-7c0aa8ff-198f-45c6-b297-e9897332fa50/container.db, /home/runner/work/ozone/ozone/hadoop-ozone/integration-test/target/test-dir/MiniOzoneClusterImpl-b7e00dfa-d3b8-45cf-9d3a-2bd5fdfebf54/ozone-meta/datanode-3/data-0/hdds/b7e00dfa-d3b8-45cf-9d3a-2bd5fdfebf54/DS-78a5dd7a-63f4-4204-8fa5-c1acee087d2c/container.db, /home/runner/work/ozone/ozone/hadoop-ozone/integration-test/target/test-dir/MiniOzoneClusterImpl-b7e00dfa-d3b8-45cf-9d3a-2bd5fdfebf54/ozone-meta/datanode-4/data-0/hdds/b7e00dfa-d3b8-45cf-9d3a-2bd5fdfebf54/DS-4197b06b-1e37-4aa9-bbc8-54a2a4e84032/container.db, /home/runner/work/ozone/ozone/hadoop-ozone/integration-test/target/test-dir/MiniOzoneClusterImpl-b7e00dfa-d3b8-45cf-9d3a-2bd5fdfebf54/ozone-meta/datanode-5/data-0/hdds/b7e00dfa-d3b8-45cf-9d3a-2bd5fdfebf54/DS-eac1b723-94d4-444b-b7ac-e4cbc3e30135/container.db, /home/runner/work/ozone/ozone/hadoop-ozone/integration-test/target/test-dir/MiniOzoneClusterImpl-b7e00dfa-d3b8-45cf-9d3a-2bd5fdfebf54/ozone-meta/datanode-6/data-0/hdds/b7e00dfa-d3b8-45cf-9d3a-2bd5fdfebf54/DS-11db315b-0c05-4db1-8ada-2681f618c029/container.db, /home/runner/work/ozone/ozone/hadoop-ozone/integration-test/target/test-dir/MiniOzoneClusterImpl-b7e00dfa-d3b8-45cf-9d3a-2bd5fdfebf54/ozone-meta/datanode-7/data-0/hdds/b7e00dfa-d3b8-45cf-9d3a-2bd5fdfebf54/DS-a46768b9-3696-4ef2-a016-1f62e90b4bf2/container.db, /home/runner/work/ozone/ozone/hadoop-ozone/integration-test/target/test-dir/MiniOzoneClusterImpl-b7e00dfa-d3b8-45cf-9d3a-2bd5fdfebf54/ozone-meta/datanode-8/data-0/hdds/b7e00dfa-d3b8-45cf-9d3a-2bd5fdfebf54/DS-ac9047c9-d244-486d-8922-2fa5c2d1a2b6/container.db, /home/runner/work/ozone/ozone/hadoop-ozone/integration-test/target/test-dir/MiniOzoneClusterImpl-b7e00dfa-d3b8-45cf-9d3a-2bd5fdfebf54/ozone-meta/datanode-9/data-0/hdds/b7e00dfa-d3b8-45cf-9d3a-2bd5fdfebf54/DS-6c7981c2-af5c-4b60-a88b-9850bd7e2182/container.db]
2025-07-02 18:45:56,521 [main] INFO  utils.DatanodeStoreCache (DatanodeStoreCache.java:removeDB(108)) - Removed db /home/runner/work/ozone/ozone/hadoop-ozone/integration-test/target/test-dir/MiniOzoneClusterImpl-b7e00dfa-d3b8-45cf-9d3a-2bd5fdfebf54/ozone-meta/datanode-1/data-0/hdds/b7e00dfa-d3b8-45cf-9d3a-2bd5fdfebf54/DS-e2c32d70-2cdf-4633-a40b-fef7d174f9be/container.db from cache
2025-07-02 18:45:56,521 [main] INFO  volume.HddsVolume (HddsVolume.java:closeDbStore(608)) - SchemaV3 db is stopped at /home/runner/work/ozone/ozone/hadoop-ozone/integration-test/target/test-dir/MiniOzoneClusterImpl-b7e00dfa-d3b8-45cf-9d3a-2bd5fdfebf54/ozone-meta/datanode-1/data-0/hdds/b7e00dfa-d3b8-45cf-9d3a-2bd5fdfebf54/DS-e2c32d70-2cdf-4633-a40b-fef7d174f9be/container.db for volume DS-e2c32d70-2cdf-4633-a40b-fef7d174f9be
2025-07-02 18:45:56,521 [main] INFO  utils.BackgroundService (BackgroundService.java:shutdown(178)) - Shutting down service BlockDeletingService
2025-07-02 18:45:56,522 [main] INFO  utils.BackgroundService (BackgroundService.java:shutdown(178)) - Shutting down service StaleRecoveringContainerScrubbingService
2025-07-02 18:45:56,523 [main] INFO  statemachine.DatanodeStateMachine (DatanodeStateMachine.java:stopDaemon(637)) - Ozone container server stopped.
2025-07-02 18:45:56,538 [main] INFO  handler.ContextHandler (ContextHandler.java:doStop(1159)) - Stopped o.e.j.w.WebAppContext@7979062{hddsDatanode,/,null,STOPPED}{jar:file:/home/runner/work/ozone/ozone/hadoop-hdds/container-service/target/hdds-container-service-2.1.0-SNAPSHOT.jar!/webapps/hddsDatanode}
2025-07-02 18:45:56,541 [main] INFO  server.AbstractConnector (AbstractConnector.java:doStop(383)) - Stopped ServerConnector@51fb4092{HTTP/1.1, (http/1.1)}{0.0.0.0:15010}
2025-07-02 18:45:56,541 [main] INFO  server.session (HouseKeeper.java:stopScavenging(149)) - node0 Stopped scavenging
2025-07-02 18:45:56,541 [main] INFO  handler.ContextHandler (ContextHandler.java:doStop(1159)) - Stopped o.e.j.s.ServletContextHandler@44ca15d7{static,/static,jar:file:/home/runner/work/ozone/ozone/hadoop-hdds/container-service/target/hdds-container-service-2.1.0-SNAPSHOT.jar!/webapps/static,STOPPED}
2025-07-02 18:45:56,541 [main] INFO  handler.ContextHandler (ContextHandler.java:doStop(1159)) - Stopped o.e.j.s.ServletContextHandler@34a836fb{logs,/logs,file:///home/runner/work/ozone/ozone/hadoop-ozone/integration-test/target/log,STOPPED}
2025-07-02 18:45:56,543 [main] INFO  ozone.HddsDatanodeClientProtocolServer (HddsDatanodeClientProtocolServer.java:stop(82)) - Stopping the RPC server for Client Protocol
2025-07-02 18:45:56,543 [main] INFO  ipc.Server (Server.java:stop(3697)) - Stopping server on 15011
2025-07-02 18:45:56,544 [IPC Server listener on 15011] INFO  ipc.Server (Server.java:run(1585)) - Stopping IPC Server listener on 15011
2025-07-02 18:45:56,544 [IPC Server Responder] INFO  ipc.Server (Server.java:run(1718)) - Stopping IPC Server Responder
2025-07-02 18:45:56,547 [main] INFO  impl.MetricsSystemImpl (MetricsSystemImpl.java:init(158)) - HddsDatanode metrics system started (again)
2025-07-02 18:45:56,581 [main] INFO  ozone.HddsDatanodeService (HddsDatanodeService.java:start(236)) - HddsDatanodeService 75758caf-2019-48e0-9285-4ac26ec01eda(localhost/127.0.0.1)
2025-07-02 18:45:56,582 [main] WARN  statemachine.DatanodeConfiguration (DatanodeConfiguration.java:validateMinFreeSpace(751)) - hdds.datanode.volume.min.free.space.percent = -1.0 is invalid, should be between 0 and 1
2025-07-02 18:45:56,583 [main] INFO  upgrade.AbstractLayoutVersionManager (AbstractLayoutVersionManager.java:init(80)) - Initializing Layout version manager with metadata layout = HBASE_SUPPORT (version = 8), software layout = HBASE_SUPPORT (version = 8)
2025-07-02 18:45:56,583 [main] INFO  statemachine.DatanodeStateMachine (DatanodeStateMachine.java:getEndPointTaskThreadPoolSize(305)) - Datanode State Machine Task Thread Pool size 2
2025-07-02 18:45:56,584 [main] WARN  statemachine.DatanodeConfiguration (DatanodeConfiguration.java:validateMinFreeSpace(751)) - hdds.datanode.volume.min.free.space.percent = -1.0 is invalid, should be between 0 and 1
2025-07-02 18:45:56,584 [main] WARN  statemachine.DatanodeConfiguration (DatanodeConfiguration.java:validateMinFreeSpace(751)) - hdds.datanode.volume.min.free.space.percent = -1.0 is invalid, should be between 0 and 1
2025-07-02 18:45:56,585 [main] WARN  statemachine.DatanodeConfiguration (DatanodeConfiguration.java:validateMinFreeSpace(751)) - hdds.datanode.volume.min.free.space.percent = -1.0 is invalid, should be between 0 and 1
2025-07-02 18:45:56,585 [main] WARN  statemachine.DatanodeConfiguration (DatanodeConfiguration.java:validateMinFreeSpace(751)) - hdds.datanode.volume.min.free.space.percent = -1.0 is invalid, should be between 0 and 1
2025-07-02 18:45:56,587 [main] INFO  volume.HddsVolume (HddsVolume.java:<init>(162)) - HddsVolume: { id=DS-e2c32d70-2cdf-4633-a40b-fef7d174f9be dir=/home/runner/work/ozone/ozone/hadoop-ozone/integration-test/target/test-dir/MiniOzoneClusterImpl-b7e00dfa-d3b8-45cf-9d3a-2bd5fdfebf54/ozone-meta/datanode-1/data-0/hdds type=DISK capacity=9222449699674390527 used=0 available=9222449699674390527 minFree=9222450130714624 committed=0 }
2025-07-02 18:45:56,587 [main] INFO  volume.MutableVolumeSet (MutableVolumeSet.java:initializeVolumeSet(167)) - Added Volume : /home/runner/work/ozone/ozone/hadoop-ozone/integration-test/target/test-dir/MiniOzoneClusterImpl-b7e00dfa-d3b8-45cf-9d3a-2bd5fdfebf54/ozone-meta/datanode-1/data-0/hdds to VolumeSet
2025-07-02 18:45:56,587 [main] WARN  statemachine.DatanodeConfiguration (DatanodeConfiguration.java:validateMinFreeSpace(751)) - hdds.datanode.volume.min.free.space.percent = -1.0 is invalid, should be between 0 and 1
2025-07-02 18:45:56,588 [main] WARN  statemachine.DatanodeConfiguration (DatanodeConfiguration.java:validateMinFreeSpace(751)) - hdds.datanode.volume.min.free.space.percent = -1.0 is invalid, should be between 0 and 1
2025-07-02 18:45:56,588 [main] INFO  volume.MutableVolumeSet (MutableVolumeSet.java:initializeVolumeSet(167)) - Added Volume : /home/runner/work/ozone/ozone/hadoop-ozone/integration-test/target/test-dir/MiniOzoneClusterImpl-b7e00dfa-d3b8-45cf-9d3a-2bd5fdfebf54/ozone-meta/datanode-1/ratise27c5049-6de8-4653-87a7-5e58b36f95b4 to VolumeSet
2025-07-02 18:45:56,588 [main] WARN  statemachine.DatanodeConfiguration (DatanodeConfiguration.java:validateMinFreeSpace(751)) - hdds.datanode.volume.min.free.space.percent = -1.0 is invalid, should be between 0 and 1
2025-07-02 18:45:56,589 [main] WARN  statemachine.DatanodeConfiguration (DatanodeConfiguration.java:validateMinFreeSpace(751)) - hdds.datanode.volume.min.free.space.percent = -1.0 is invalid, should be between 0 and 1
2025-07-02 18:45:56,589 [ForkJoinPool.commonPool-worker-1] WARN  statemachine.DatanodeConfiguration (DatanodeConfiguration.java:validateMinFreeSpace(751)) - hdds.datanode.volume.min.free.space.percent = -1.0 is invalid, should be between 0 and 1
2025-07-02 18:45:56,590 [ForkJoinPool.commonPool-worker-1] WARN  statemachine.DatanodeConfiguration (DatanodeConfiguration.java:validateMinFreeSpace(751)) - hdds.datanode.volume.min.free.space.percent = -1.0 is invalid, should be between 0 and 1
2025-07-02 18:45:56,590 [ForkJoinPool.commonPool-worker-1] WARN  statemachine.DatanodeConfiguration (DatanodeConfiguration.java:validateMinFreeSpace(751)) - hdds.datanode.volume.min.free.space.percent = -1.0 is invalid, should be between 0 and 1
2025-07-02 18:45:56,616 [ForkJoinPool.commonPool-worker-1] INFO  utils.DatanodeStoreCache (DatanodeStoreCache.java:addDB(70)) - Added db /home/runner/work/ozone/ozone/hadoop-ozone/integration-test/target/test-dir/MiniOzoneClusterImpl-b7e00dfa-d3b8-45cf-9d3a-2bd5fdfebf54/ozone-meta/datanode-1/data-0/hdds/b7e00dfa-d3b8-45cf-9d3a-2bd5fdfebf54/DS-e2c32d70-2cdf-4633-a40b-fef7d174f9be/container.db to cache
2025-07-02 18:45:56,616 [ForkJoinPool.commonPool-worker-1] INFO  volume.HddsVolume (HddsVolume.java:loadDbStore(516)) - SchemaV3 db is loaded at /home/runner/work/ozone/ozone/hadoop-ozone/integration-test/target/test-dir/MiniOzoneClusterImpl-b7e00dfa-d3b8-45cf-9d3a-2bd5fdfebf54/ozone-meta/datanode-1/data-0/hdds/b7e00dfa-d3b8-45cf-9d3a-2bd5fdfebf54/DS-e2c32d70-2cdf-4633-a40b-fef7d174f9be/container.db for volume DS-e2c32d70-2cdf-4633-a40b-fef7d174f9be
2025-07-02 18:45:56,617 [main] INFO  ozoneimpl.OzoneContainer (HddsVolumeUtil.java:loadAllHddsVolumeDbStore(102)) - Load 1 volumes DbStore cost: 28ms
2025-07-02 18:45:56,618 [main] WARN  db.DBStoreBuilder (DBStoreBuilder.java:getDBDirPath(159)) - ozone.scm.datanode.id.dir is not configured. We recommend adding this setting. Falling back to ozone.metadata.dirs instead.
2025-07-02 18:45:56,619 [main] WARN  statemachine.DatanodeConfiguration (DatanodeConfiguration.java:validateMinFreeSpace(751)) - hdds.datanode.volume.min.free.space.percent = -1.0 is invalid, should be between 0 and 1
2025-07-02 18:45:56,620 [main] WARN  db.DBStoreBuilder (DBStoreBuilder.java:getDBDirPath(159)) - ozone.scm.datanode.id.dir is not configured. We recommend adding this setting. Falling back to ozone.metadata.dirs instead.
2025-07-02 18:45:56,636 [main] WARN  statemachine.DatanodeConfiguration (DatanodeConfiguration.java:validateMinFreeSpace(751)) - hdds.datanode.volume.min.free.space.percent = -1.0 is invalid, should be between 0 and 1
2025-07-02 18:45:56,636 [main] WARN  statemachine.DatanodeConfiguration (DatanodeConfiguration.java:validateMinFreeSpace(751)) - hdds.datanode.volume.min.free.space.percent = -1.0 is invalid, should be between 0 and 1
2025-07-02 18:45:56,636 [main] INFO  impl.FilePerChunkStrategy (FilePerChunkStrategy.java:<init>(79)) - ozone.chunk.read.mapped.buffer.max.count is load with 0
2025-07-02 18:45:56,637 [main] INFO  impl.FilePerBlockStrategy (FilePerBlockStrategy.java:<init>(88)) - ozone.chunk.read.mapped.buffer.max.count is load with 0
2025-07-02 18:45:56,637 [main] WARN  statemachine.DatanodeConfiguration (DatanodeConfiguration.java:validateMinFreeSpace(751)) - hdds.datanode.volume.min.free.space.percent = -1.0 is invalid, should be between 0 and 1
2025-07-02 18:45:56,638 [main] INFO  server.RaftServerConfigKeys (ConfUtils.java:logGet(62)) - raft.server.log.appender.buffer.byte-limit = 33554432 (custom)
2025-07-02 18:45:56,639 [main] INFO  grpc.GrpcConfigKeys (ConfUtils.java:logFallback(69)) - raft.grpc.admin.host = null (fallback to raft.grpc.server.host)
2025-07-02 18:45:56,639 [main] INFO  grpc.GrpcConfigKeys (ConfUtils.java:logGet(62)) - raft.grpc.admin.port = 15014 (custom)
2025-07-02 18:45:56,640 [main] INFO  grpc.GrpcConfigKeys (ConfUtils.java:logFallback(69)) - raft.grpc.client.host = null (fallback to raft.grpc.server.host)
2025-07-02 18:45:56,640 [main] INFO  grpc.GrpcConfigKeys (ConfUtils.java:logGet(62)) - raft.grpc.client.port = 15013 (custom)
2025-07-02 18:45:56,640 [main] INFO  grpc.GrpcConfigKeys (ConfUtils.java:logGet(62)) - raft.grpc.server.port = 15015 (custom)
2025-07-02 18:45:56,640 [main] INFO  server.GrpcServicesImpl (ConfUtils.java:logGet(62)) - raft.grpc.message.size.max = 34603008 (custom)
2025-07-02 18:45:56,640 [main] INFO  server.GrpcServicesImpl (ConfUtils.java:logGet(62)) - raft.grpc.flow.control.window = 5MB (=5242880) (custom)
2025-07-02 18:45:56,640 [main] INFO  server.RaftServerConfigKeys (ConfUtils.java:logGet(62)) - raft.server.log.appender.buffer.byte-limit = 33554432 (custom)
2025-07-02 18:45:56,643 [main] INFO  netty.NettyUtils (NettyUtils.java:newEventLoopGroup(74)) - Create EpollEventLoopGroup for 75758caf-2019-48e0-9285-4ac26ec01eda-NettyServerStreamRpc-bossGroup; Thread size is 0.
2025-07-02 18:45:56,643 [main] INFO  netty.NettyUtils (NettyUtils.java:newEventLoopGroup(74)) - Create EpollEventLoopGroup for 75758caf-2019-48e0-9285-4ac26ec01eda-NettyServerStreamRpc-workerGroup; Thread size is 0.
2025-07-02 18:45:56,644 [main] INFO  netty.NettyConfigKeys$DataStream (ConfUtils.java:logGet(62)) - raft.netty.dataStream.port = 15016 (custom)
2025-07-02 18:45:56,645 [75758caf-2019-48e0-9285-4ac26ec01eda-NettyServerStreamRpc-bossGroup--thread1] INFO  logging.LoggingHandler (AbstractInternalLogger.java:log(148)) - [id: 0x660374a4] REGISTERED
2025-07-02 18:45:56,645 [main] INFO  server.RaftServerConfigKeys (ConfUtils.java:logGet(62)) - raft.server.storage.dir = [/home/runner/work/ozone/ozone/hadoop-ozone/integration-test/target/test-dir/MiniOzoneClusterImpl-b7e00dfa-d3b8-45cf-9d3a-2bd5fdfebf54/ozone-meta/datanode-1/ratise27c5049-6de8-4653-87a7-5e58b36f95b4] (custom)
2025-07-02 18:45:56,645 [75758caf-2019-48e0-9285-4ac26ec01eda-NettyServerStreamRpc-bossGroup--thread1] INFO  logging.LoggingHandler (AbstractInternalLogger.java:log(148)) - [id: 0x660374a4] BIND: 0.0.0.0/0.0.0.0:15016
2025-07-02 18:45:56,646 [75758caf-2019-48e0-9285-4ac26ec01eda-NettyServerStreamRpc-bossGroup--thread1] INFO  logging.LoggingHandler (AbstractInternalLogger.java:log(148)) - [id: 0x660374a4, L:/0.0.0.0:15016] ACTIVE
2025-07-02 18:45:56,646 [75758caf-2019-48e0-9285-4ac26ec01eda-impl-thread1] INFO  server.RaftServer (RaftServerProxy.java:initGroupDir(270)) - 75758caf-2019-48e0-9285-4ac26ec01eda: found a subdirectory /home/runner/work/ozone/ozone/hadoop-ozone/integration-test/target/test-dir/MiniOzoneClusterImpl-b7e00dfa-d3b8-45cf-9d3a-2bd5fdfebf54/ozone-meta/datanode-1/ratise27c5049-6de8-4653-87a7-5e58b36f95b4/tmp
2025-07-02 18:45:56,646 [75758caf-2019-48e0-9285-4ac26ec01eda-impl-thread1] INFO  server.RaftServer (RaftServerProxy.java:initGroupDir(275)) - 75758caf-2019-48e0-9285-4ac26ec01eda: The directory /home/runner/work/ozone/ozone/hadoop-ozone/integration-test/target/test-dir/MiniOzoneClusterImpl-b7e00dfa-d3b8-45cf-9d3a-2bd5fdfebf54/ozone-meta/datanode-1/ratise27c5049-6de8-4653-87a7-5e58b36f95b4/tmp is not a group directory; ignoring it. 
2025-07-02 18:45:56,646 [main] INFO  replication.ReplicationServer (ReplicationServer.java:<init>(84)) - Initializing replication server with thread count = 10 queue length = 4096
2025-07-02 18:45:56,647 [main] WARN  statemachine.DatanodeConfiguration (DatanodeConfiguration.java:validateMinFreeSpace(751)) - hdds.datanode.volume.min.free.space.percent = -1.0 is invalid, should be between 0 and 1
2025-07-02 18:45:56,648 [main] INFO  server.XceiverServerGrpc (XceiverServerGrpc.java:<init>(130)) - GrpcServer channel type EpollServerSocketChannel
2025-07-02 18:45:56,648 [main] WARN  statemachine.DatanodeConfiguration (DatanodeConfiguration.java:validateMinFreeSpace(751)) - hdds.datanode.volume.min.free.space.percent = -1.0 is invalid, should be between 0 and 1
2025-07-02 18:45:56,649 [main] INFO  replication.ReplicationSupervisor (ReplicationSupervisor.java:build(169)) - Initializing replication supervisor with thread count = 10
2025-07-02 18:45:56,649 [main] INFO  replication.ReplicationSupervisor (ReplicationSupervisor.java:nodeStateUpdated(358)) - Node state updated to IN_SERVICE, scaling executor pool size to 10
2025-07-02 18:45:56,650 [main] WARN  statemachine.DatanodeConfiguration (DatanodeConfiguration.java:validateMinFreeSpace(751)) - hdds.datanode.volume.min.free.space.percent = -1.0 is invalid, should be between 0 and 1
2025-07-02 18:45:56,652 [main] INFO  http.BaseHttpServer (BaseHttpServer.java:newHttpServer2BuilderForOzone(229)) - Starting Web-server for hddsDatanode at: http://0.0.0.0:15010
2025-07-02 18:45:56,653 [main] INFO  http.BaseHttpServer (BaseHttpServer.java:<init>(107)) - Hadoop Security Enabled: false Ozone Security Enabled: false Ozone HTTP Security Enabled: false 
2025-07-02 18:45:56,654 [main] WARN  server.AuthenticationFilter (AuthenticationFilter.java:constructSecretProvider(240)) - Unable to initialize FileSignerSecretProvider, falling back to use random secrets. Reason: Could not read signature secret file: /home/runner/hadoop-http-auth-signature-secret
2025-07-02 18:45:56,657 [main] INFO  http.HttpServer2 (HttpServer2.java:addGlobalFilter(1042)) - Added global filter 'safety' (class=org.apache.hadoop.hdds.server.http.HttpServer2$QuotingInputFilter)
2025-07-02 18:45:56,658 [main] INFO  http.HttpServer2 (HttpServer2.java:addFilter(1018)) - Added filter static_user_filter (class=org.apache.hadoop.http.lib.StaticUserWebFilter$StaticUserFilter) to context hddsDatanode
2025-07-02 18:45:56,658 [main] INFO  http.HttpServer2 (HttpServer2.java:addFilter(1026)) - Added filter static_user_filter (class=org.apache.hadoop.http.lib.StaticUserWebFilter$StaticUserFilter) to context static
2025-07-02 18:45:56,658 [main] INFO  http.HttpServer2 (HttpServer2.java:addFilter(1026)) - Added filter static_user_filter (class=org.apache.hadoop.http.lib.StaticUserWebFilter$StaticUserFilter) to context logs
2025-07-02 18:45:56,658 [main] INFO  http.BaseHttpServer (BaseHttpServer.java:<init>(195)) - HTTP server of hddsDatanode uses base directory /home/runner/work/ozone/ozone/hadoop-ozone/integration-test/target/test-dir/MiniOzoneClusterImpl-b7e00dfa-d3b8-45cf-9d3a-2bd5fdfebf54/ozone-meta/datanode-1/meta/webserver
2025-07-02 18:45:56,659 [main] INFO  http.HttpServer2 (HttpServer2.java:bindListener(1242)) - Jetty bound to port 15010
2025-07-02 18:45:56,659 [main] INFO  server.Server (Server.java:doStart(375)) - jetty-9.4.57.v20241219; built: 2025-01-08T21:24:30.412Z; git: df524e6b29271c2e09ba9aea83c18dc9db464a31; jvm 21.0.7+6-LTS
2025-07-02 18:45:56,661 [main] INFO  server.session (DefaultSessionIdManager.java:doStart(334)) - DefaultSessionIdManager workerName=node0
2025-07-02 18:45:56,661 [main] INFO  server.session (DefaultSessionIdManager.java:doStart(339)) - No SessionScavenger set, using defaults
2025-07-02 18:45:56,661 [main] INFO  server.session (HouseKeeper.java:startScavenging(132)) - node0 Scavenging every 600000ms
2025-07-02 18:45:56,662 [main] INFO  handler.ContextHandler (ContextHandler.java:doStart(921)) - Started o.e.j.s.ServletContextHandler@31e376e4{logs,/logs,file:///home/runner/work/ozone/ozone/hadoop-ozone/integration-test/target/log,AVAILABLE}
2025-07-02 18:45:56,663 [main] INFO  handler.ContextHandler (ContextHandler.java:doStart(921)) - Started o.e.j.s.ServletContextHandler@593a017e{static,/static,jar:file:/home/runner/work/ozone/ozone/hadoop-hdds/container-service/target/hdds-container-service-2.1.0-SNAPSHOT.jar!/webapps/static,AVAILABLE}
2025-07-02 18:45:56,812 [main] INFO  handler.ContextHandler (ContextHandler.java:doStart(921)) - Started o.e.j.w.WebAppContext@4c8ad614{hddsDatanode,/,file:///home/runner/work/ozone/ozone/hadoop-ozone/integration-test/target/test-dir/MiniOzoneClusterImpl-b7e00dfa-d3b8-45cf-9d3a-2bd5fdfebf54/ozone-meta/datanode-1/meta/webserver/jetty-0_0_0_0-15010-hdds-container-service-2_1_0-SNAPSHOT_jar-_-any-13838454655990214444/webapp/,AVAILABLE}{jar:file:/home/runner/work/ozone/ozone/hadoop-hdds/container-service/target/hdds-container-service-2.1.0-SNAPSHOT.jar!/webapps/hddsDatanode}
2025-07-02 18:45:56,813 [main] INFO  server.AbstractConnector (AbstractConnector.java:doStart(333)) - Started ServerConnector@b28fd1{HTTP/1.1, (http/1.1)}{0.0.0.0:15010}
2025-07-02 18:45:56,813 [main] INFO  server.Server (Server.java:doStart(415)) - Started @51755ms
2025-07-02 18:45:56,813 [main] WARN  impl.MetricsSystemImpl (MetricsSystemImpl.java:register(279)) - Sink prometheus already exists!
2025-07-02 18:45:56,813 [main] INFO  http.BaseHttpServer (BaseHttpServer.java:updateConnectorAddress(359)) - HTTP server of hddsDatanode listening at http://localhost:15010
2025-07-02 18:45:56,813 [main] INFO  ipc.CallQueueManager (CallQueueManager.java:<init>(93)) - Using callQueue: class java.util.concurrent.LinkedBlockingQueue, queueCapacity: 1000, scheduler: class org.apache.hadoop.ipc.DefaultRpcScheduler, ipcBackoff: false, ipcFailOver: false.
2025-07-02 18:45:56,814 [main] INFO  ipc.Server (Server.java:<init>(1438)) - Listener at 0.0.0.0:15011
2025-07-02 18:45:56,814 [Socket Reader #1 for port 15011] INFO  ipc.Server (Server.java:run(1474)) - Starting Socket Reader #1 for port 15011
2025-07-02 18:45:56,814 [Socket Reader #2 for port 15011] INFO  ipc.Server (Server.java:run(1474)) - Starting Socket Reader #2 for port 15011
2025-07-02 18:45:56,814 [Socket Reader #3 for port 15011] INFO  ipc.Server (Server.java:run(1474)) - Starting Socket Reader #3 for port 15011
2025-07-02 18:45:56,814 [Socket Reader #4 for port 15011] INFO  ipc.Server (Server.java:run(1474)) - Starting Socket Reader #4 for port 15011
2025-07-02 18:45:56,815 [Socket Reader #5 for port 15011] INFO  ipc.Server (Server.java:run(1474)) - Starting Socket Reader #5 for port 15011
2025-07-02 18:45:56,815 [Socket Reader #6 for port 15011] INFO  ipc.Server (Server.java:run(1474)) - Starting Socket Reader #6 for port 15011
2025-07-02 18:45:56,815 [Socket Reader #7 for port 15011] INFO  ipc.Server (Server.java:run(1474)) - Starting Socket Reader #7 for port 15011
2025-07-02 18:45:56,815 [Socket Reader #8 for port 15011] INFO  ipc.Server (Server.java:run(1474)) - Starting Socket Reader #8 for port 15011
2025-07-02 18:45:56,816 [Socket Reader #9 for port 15011] INFO  ipc.Server (Server.java:run(1474)) - Starting Socket Reader #9 for port 15011
2025-07-02 18:45:56,816 [Socket Reader #10 for port 15011] INFO  ipc.Server (Server.java:run(1474)) - Starting Socket Reader #10 for port 15011
2025-07-02 18:45:56,818 [main] INFO  ozone.HddsDatanodeService (HddsDatanodeService.java:start(333)) - Datanode start with admins: [admin, runner]
2025-07-02 18:45:56,818 [main] INFO  ozone.HddsDatanodeClientProtocolServer (HddsDatanodeClientProtocolServer.java:start(76)) - RPC server for Client /0.0.0.0:15011
2025-07-02 18:45:56,818 [IPC Server Responder] INFO  ipc.Server (Server.java:run(1713)) - IPC Server Responder: starting
2025-07-02 18:45:56,819 [IPC Server listener on 15011] INFO  ipc.Server (Server.java:run(1553)) - IPC Server listener on 15011: starting
]]></system-out>
  </testcase>
  <testcase name="testUnhealthyContainer" classname="org.apache.hadoop.ozone.client.rpc.TestContainerStateMachineFailures" time="46.896">
    <system-out><![CDATA[2025-07-02 18:45:56,825 [75758caf-2019-48e0-9285-4ac26ec01eda-DatanodeStateMachineDaemonThread] INFO  statemachine.DatanodeStateMachine (DatanodeStateMachine.java:startStateMachineThread(347)) - Ozone container server started.
2025-07-02 18:45:56,832 [75758caf-2019-48e0-9285-4ac26ec01eda-DatanodeStateMachineTaskThread-0] INFO  datanode.InitDatanodeState (InitDatanodeState.java:persistContainerDatanodeDetails(139)) - DatanodeDetails is persisted to /home/runner/work/ozone/ozone/hadoop-ozone/integration-test/target/test-dir/MiniOzoneClusterImpl-b7e00dfa-d3b8-45cf-9d3a-2bd5fdfebf54/ozone-meta/datanode-1/meta/datanode.id
2025-07-02 18:45:56,856 [71a26ef2-e834-411c-97c5-a30c78105e8f-ChunkWriter-3-0] WARN  statemachine.DatanodeConfiguration (DatanodeConfiguration.java:validateMinFreeSpace(751)) - hdds.datanode.volume.min.free.space.percent = -1.0 is invalid, should be between 0 and 1
2025-07-02 18:45:56,857 [71a26ef2-e834-411c-97c5-a30c78105e8f-ChunkWriter-3-0] WARN  statemachine.DatanodeConfiguration (DatanodeConfiguration.java:validateMinFreeSpace(751)) - hdds.datanode.volume.min.free.space.percent = -1.0 is invalid, should be between 0 and 1
2025-07-02 18:45:56,867 [71a26ef2-e834-411c-97c5-a30c78105e8f-ChunkWriter-3-0] ERROR helpers.ContainerUtils (ContainerUtils.java:getChunkDir(273)) - Chunks dir /home/runner/work/ozone/ozone/hadoop-ozone/integration-test/target/test-dir/MiniOzoneClusterImpl-b7e00dfa-d3b8-45cf-9d3a-2bd5fdfebf54/ozone-meta/datanode-8/data-0/hdds/b7e00dfa-d3b8-45cf-9d3a-2bd5fdfebf54/current/containerDir0/7/chunks does not exist
2025-07-02 18:45:56,867 [71a26ef2-e834-411c-97c5-a30c78105e8f-ChunkWriter-3-0] WARN  keyvalue.KeyValueHandler (ContainerUtils.java:logAndReturnError(94)) - Operation: WriteChunk , Trace ID:  , Message: Chunks directory /home/runner/work/ozone/ozone/hadoop-ozone/integration-test/target/test-dir/MiniOzoneClusterImpl-b7e00dfa-d3b8-45cf-9d3a-2bd5fdfebf54/ozone-meta/datanode-8/data-0/hdds/b7e00dfa-d3b8-45cf-9d3a-2bd5fdfebf54/current/containerDir0/7/chunks does not exist. , Result: UNABLE_TO_FIND_DATA_DIR , StorageContainerException Occurred.
org.apache.hadoop.hdds.scm.container.common.helpers.StorageContainerException: Chunks directory /home/runner/work/ozone/ozone/hadoop-ozone/integration-test/target/test-dir/MiniOzoneClusterImpl-b7e00dfa-d3b8-45cf-9d3a-2bd5fdfebf54/ozone-meta/datanode-8/data-0/hdds/b7e00dfa-d3b8-45cf-9d3a-2bd5fdfebf54/current/containerDir0/7/chunks does not exist.
	at org.apache.hadoop.ozone.container.common.helpers.ContainerUtils.getChunkDir(ContainerUtils.java:275)
	at org.apache.hadoop.ozone.container.common.impl.ContainerLayoutVersion.getChunkFile(ContainerLayoutVersion.java:115)
	at org.apache.hadoop.ozone.container.keyvalue.impl.FilePerBlockStrategy.getChunkFile(FilePerBlockStrategy.java:300)
	at org.apache.hadoop.ozone.container.keyvalue.impl.FilePerBlockStrategy.writeChunk(FilePerBlockStrategy.java:148)
	at org.apache.hadoop.ozone.container.keyvalue.impl.ChunkManagerDispatcher.writeChunk(ChunkManagerDispatcher.java:70)
	at org.apache.hadoop.ozone.container.keyvalue.KeyValueHandler.handleWriteChunk(KeyValueHandler.java:1029)
	at org.apache.hadoop.ozone.container.keyvalue.KeyValueHandler.dispatchRequest(KeyValueHandler.java:342)
	at org.apache.hadoop.ozone.container.keyvalue.KeyValueHandler.handle(KeyValueHandler.java:293)
	at org.apache.hadoop.ozone.container.common.impl.HddsDispatcher.dispatchRequest(HddsDispatcher.java:365)
	at org.apache.hadoop.ozone.container.common.impl.HddsDispatcher.lambda$dispatch$1(HddsDispatcher.java:190)
	at org.apache.hadoop.hdds.server.OzoneProtocolMessageDispatcher.processRequest(OzoneProtocolMessageDispatcher.java:87)
	at org.apache.hadoop.ozone.container.common.impl.HddsDispatcher.dispatch(HddsDispatcher.java:189)
	at org.apache.hadoop.ozone.container.common.transport.server.ratis.ContainerStateMachine.dispatchCommand(ContainerStateMachine.java:567)
	at org.apache.hadoop.ozone.container.common.transport.server.ratis.ContainerStateMachine.lambda$writeStateMachineData$2(ContainerStateMachine.java:622)
	at java.base/java.util.concurrent.FutureTask.run(FutureTask.java:317)
	at java.base/java.util.concurrent.ThreadPoolExecutor.runWorker(ThreadPoolExecutor.java:1144)
	at java.base/java.util.concurrent.ThreadPoolExecutor$Worker.run(ThreadPoolExecutor.java:642)
	at java.base/java.lang.Thread.run(Thread.java:1583)
2025-07-02 18:45:56,871 [71a26ef2-e834-411c-97c5-a30c78105e8f-ChunkWriter-3-0] WARN  keyvalue.KeyValueContainer (KeyValueContainer.java:markContainerUnhealthy(397)) - Marked container UNHEALTHY from OPEN: KeyValueContainerData #7 (UNHEALTHY, non-empty, ri=0, origin=[dn_71a26ef2-e834-411c-97c5-a30c78105e8f, pipeline_5f27ba15-5844-4016-b075-9a9972b2e833])
2025-07-02 18:45:56,872 [71a26ef2-e834-411c-97c5-a30c78105e8f-ChunkWriter-3-0] WARN  keyvalue.KeyValueHandler (KeyValueHandler.java:updateAndGetContainerChecksum(1451)) - Container data checksum updated from 0 to 1bdd5b56
2025-07-02T18:45:56.873016800Z 71a26ef2-e834-411c-97c5-a30c78105e8f-ChunkWriter-3-0 ERROR ID=7 | Index=0 | BCSID=2 | State=UNHEALTHY | Volume=/home/runner/work/ozone/ozone/hadoop-ozone/integration-test/target/test-dir/MiniOzoneClusterImpl-b7e00dfa-d3b8-45cf-9d3a-2bd5fdfebf54/ozone-meta/datanode-8/data-0/hdds | DataChecksum=1bdd5b56 | Container has 1 error: WRITE_FAILURE for file /home/runner/work/ozone/ozone/hadoop-ozone/integration-test/target/test-dir/MiniOzoneClusterImpl-b7e00dfa-d3b8-45cf-9d3a-2bd5fdfebf54/ozone-meta/datanode-8/data-0/hdds/b7e00dfa-d3b8-45cf-9d3a-2bd5fdfebf54/current/containerDir0/7 with exception: org.apache.hadoop.hdds.scm.container.common.helpers.StorageContainerException2025-07-02 18:45:56,873 [71a26ef2-e834-411c-97c5-a30c78105e8f-ChunkWriter-3-0] INFO  impl.HddsDispatcher (HddsDispatcher.java:dispatchRequest(411)) - Marked Container UNHEALTHY, ContainerID: 7
2025-07-02 18:45:56,873 [FixedThreadPoolWithAffinityExecutor-9-0] INFO  container.IncrementalContainerReportHandler (AbstractContainerReportHandler.java:updateContainerState(253)) - FINALIZE (i.e. CLOSING) Container #7 (OPEN, sid=0) r0 (UNHEALTHY, bcsid=2, origin=71a26ef2-e834-411c-97c5-a30c78105e8f, non-empty) from dn 71a26ef2-e834-411c-97c5-a30c78105e8f(localhost/127.0.0.1)
2025-07-02T18:45:56.873708310Z 71a26ef2-e834-411c-97c5-a30c78105e8f-ChunkWriter-3-0 ERROR user=null | ip=null | op=WRITE_CHUNK {blockData=conID: 7 locID: 115816896921600007 bcsId: 2 replicaIndex: 0, offset=5, size=5, stage=WRITE_DATA} | ret=FAILURE
java.lang.Exception: Chunks directory /home/runner/work/ozone/ozone/hadoop-ozone/integration-test/target/test-dir/MiniOzoneClusterImpl-b7e00dfa-d3b8-45cf-9d3a-2bd5fdfebf54/ozone-meta/datanode-8/data-0/hdds/b7e00dfa-d3b8-45cf-9d3a-2bd5fdfebf54/current/containerDir0/7/chunks does not exist.
	at org.apache.hadoop.ozone.container.common.impl.HddsDispatcher.dispatchRequest(HddsDispatcher.java:439)
	at org.apache.hadoop.ozone.container.common.impl.HddsDispatcher.lambda$dispatch$1(HddsDispatcher.java:190)
	at org.apache.hadoop.hdds.server.OzoneProtocolMessageDispatcher.processRequest(OzoneProtocolMessageDispatcher.java:87)
	at org.apache.hadoop.ozone.container.common.impl.HddsDispatcher.dispatch(HddsDispatcher.java:189)
	at org.apache.hadoop.ozone.container.common.transport.server.ratis.ContainerStateMachine.dispatchCommand(ContainerStateMachine.java:567)
	at org.apache.hadoop.ozone.container.common.transport.server.ratis.ContainerStateMachine.lambda$writeStateMachineData$2(ContainerStateMachine.java:622)
	at java.base/java.util.concurrent.FutureTask.run(FutureTask.java:317)
	at java.base/java.util.concurrent.ThreadPoolExecutor.runWorker(ThreadPoolExecutor.java:1144)
	at java.base/java.util.concurrent.ThreadPoolExecutor$Worker.run(ThreadPoolExecutor.java:642)
	at java.base/java.lang.Thread.run(Thread.java:1583)
2025-07-02 18:45:56,873 [71a26ef2-e834-411c-97c5-a30c78105e8f-ChunkWriter-3-0] ERROR ratis.ContainerStateMachine (ContainerStateMachine.java:handleCommandResult(662)) - group-9A9972B2E833: writeChunk writeStateMachineData failed: blockIdcontainerID: 7
localID: 115816896921600007
blockCommitSequenceId: 2
replicaIndex: 0
 logIndex 4 chunkName 115816896921600007_chunk_2 Error message: Chunks directory /home/runner/work/ozone/ozone/hadoop-ozone/integration-test/target/test-dir/MiniOzoneClusterImpl-b7e00dfa-d3b8-45cf-9d3a-2bd5fdfebf54/ozone-meta/datanode-8/data-0/hdds/b7e00dfa-d3b8-45cf-9d3a-2bd5fdfebf54/current/containerDir0/7/chunks does not exist. Container Result: UNABLE_TO_FIND_DATA_DIR
2025-07-02 18:45:56,874 [71a26ef2-e834-411c-97c5-a30c78105e8f@group-9A9972B2E833-SegmentedRaftLogWorker] ERROR ratis.ContainerStateMachine (ContainerStateMachine.java:notifyLogFailed(1268)) - group-9A9972B2E833: (t:1, i:4) cmdType: WriteChunk traceID: "" containerID: 7 datanodeUuid: "71a26ef2-e834-411c-97c5-a30c78105e8f" pipelineID: "5f27ba15-5844-4016-b075-9a9972b2e833" writeChunk { blockID { containerID: 7 localID: 115816896921600007 blockCommitSequenceId: 2 replicaIndex: 0 } chunkData { chunkName: "115816896921600007_chunk_2" offset: 5 len: 5 checksumData { type: CRC32 bytesPerChecksum: 16384 checksums: "\350a\3440" } } } version: 3, container path=/home/runner/work/ozone/ozone/hadoop-ozone/integration-test/target/test-dir/MiniOzoneClusterImpl-b7e00dfa-d3b8-45cf-9d3a-2bd5fdfebf54/ozone-meta/datanode-8/data-0/hdds/b7e00dfa-d3b8-45cf-9d3a-2bd5fdfebf54/current/containerDir0/7
org.apache.hadoop.hdds.scm.container.common.helpers.StorageContainerException: Chunks directory /home/runner/work/ozone/ozone/hadoop-ozone/integration-test/target/test-dir/MiniOzoneClusterImpl-b7e00dfa-d3b8-45cf-9d3a-2bd5fdfebf54/ozone-meta/datanode-8/data-0/hdds/b7e00dfa-d3b8-45cf-9d3a-2bd5fdfebf54/current/containerDir0/7/chunks does not exist.
	at org.apache.hadoop.ozone.container.common.transport.server.ratis.ContainerStateMachine.handleCommandResult(ContainerStateMachine.java:661)
	at org.apache.hadoop.ozone.container.common.transport.server.ratis.ContainerStateMachine.lambda$writeStateMachineData$2(ContainerStateMachine.java:623)
	at java.base/java.util.concurrent.FutureTask.run(FutureTask.java:317)
	at java.base/java.util.concurrent.ThreadPoolExecutor.runWorker(ThreadPoolExecutor.java:1144)
	at java.base/java.util.concurrent.ThreadPoolExecutor$Worker.run(ThreadPoolExecutor.java:642)
	at java.base/java.lang.Thread.run(Thread.java:1583)
2025-07-02 18:45:56,874 [71a26ef2-e834-411c-97c5-a30c78105e8f@group-9A9972B2E833-SegmentedRaftLogWorker] WARN  ratis.XceiverServerRatis (XceiverServerRatis.java:triggerPipelineClose(758)) - pipeline Action CLOSE on pipeline Pipeline-5f27ba15-5844-4016-b075-9a9972b2e833.Reason : Chunks directory /home/runner/work/ozone/ozone/hadoop-ozone/integration-test/target/test-dir/MiniOzoneClusterImpl-b7e00dfa-d3b8-45cf-9d3a-2bd5fdfebf54/ozone-meta/datanode-8/data-0/hdds/b7e00dfa-d3b8-45cf-9d3a-2bd5fdfebf54/current/containerDir0/7/chunks does not exist.
2025-07-02 18:45:56,874 [EventQueue-CloseContainerForCloseContainerEventHandler] INFO  container.CloseContainerEventHandler (CloseContainerEventHandler.java:onMessage(88)) - Close container Event triggered for container : #7, current state: OPEN
2025-07-02 18:45:56,875 [71a26ef2-e834-411c-97c5-a30c78105e8f@group-9A9972B2E833-SegmentedRaftLogWorker] ERROR raftlog.RaftLog (RaftLogBase.java:lambda$appendImpl$3(197)) - 71a26ef2-e834-411c-97c5-a30c78105e8f@group-9A9972B2E833-SegmentedRaftLog: Failed to write log entry (t:1, i:4), STATEMACHINELOGENTRY, cmdType: WriteChunk traceID: "" containerID: 7 datanodeUuid: "71a26ef2-e834-411c-97c5-a30c78105e8f" pipelineID: "5f27ba15-5844-4016-b075-9a9972b2e833" writeChunk { blockID { containerID: 7 localID: 115816896921600007 blockCommitSequenceId: 2 replicaIndex: 0 } chunkData { chunkName: "115816896921600007_chunk_2" offset: 5 len: 5 checksumData { type: CRC32 bytesPerChecksum: 16384 checksums: "\350a\3440" } } } version: 3, container path=/home/runner/work/ozone/ozone/hadoop-ozone/integration-test/target/test-dir/MiniOzoneClusterImpl-b7e00dfa-d3b8-45cf-9d3a-2bd5fdfebf54/ozone-meta/datanode-8/data-0/hdds/b7e00dfa-d3b8-45cf-9d3a-2bd5fdfebf54/current/containerDir0/7
org.apache.hadoop.hdds.scm.container.common.helpers.StorageContainerException: Chunks directory /home/runner/work/ozone/ozone/hadoop-ozone/integration-test/target/test-dir/MiniOzoneClusterImpl-b7e00dfa-d3b8-45cf-9d3a-2bd5fdfebf54/ozone-meta/datanode-8/data-0/hdds/b7e00dfa-d3b8-45cf-9d3a-2bd5fdfebf54/current/containerDir0/7/chunks does not exist.
	at org.apache.hadoop.ozone.container.common.transport.server.ratis.ContainerStateMachine.handleCommandResult(ContainerStateMachine.java:661)
	at org.apache.hadoop.ozone.container.common.transport.server.ratis.ContainerStateMachine.lambda$writeStateMachineData$2(ContainerStateMachine.java:623)
	at java.base/java.util.concurrent.FutureTask.run(FutureTask.java:317)
	at java.base/java.util.concurrent.ThreadPoolExecutor.runWorker(ThreadPoolExecutor.java:1144)
	at java.base/java.util.concurrent.ThreadPoolExecutor$Worker.run(ThreadPoolExecutor.java:642)
	at java.base/java.lang.Thread.run(Thread.java:1583)
2025-07-02 18:45:56,876 [pool-373-thread-1] WARN  keyvalue.KeyValueHandler (KeyValueHandler.java:updateAndGetContainerChecksum(1451)) - Container data checksum updated from 1bdd5b56 to 0
2025-07-02 18:45:56,876 [pool-373-thread-1] ERROR ozoneimpl.OnDemandContainerDataScanner (ContainerScanHelper.java:handleUnhealthyScanResult(93)) - Corruption detected in container [7]. Marking it UNHEALTHY. Container has 1 error: MISSING_CHUNKS_DIR for file /home/runner/work/ozone/ozone/hadoop-ozone/integration-test/target/test-dir/MiniOzoneClusterImpl-b7e00dfa-d3b8-45cf-9d3a-2bd5fdfebf54/ozone-meta/datanode-8/data-0/hdds/b7e00dfa-d3b8-45cf-9d3a-2bd5fdfebf54/current/containerDir0/7/chunks with exception: java.io.FileNotFoundException: Chunks directory /home/runner/work/ozone/ozone/hadoop-ozone/integration-test/target/test-dir/MiniOzoneClusterImpl-b7e00dfa-d3b8-45cf-9d3a-2bd5fdfebf54/ozone-meta/datanode-8/data-0/hdds/b7e00dfa-d3b8-45cf-9d3a-2bd5fdfebf54/current/containerDir0/7/chunks not found.
2025-07-02 18:45:56,876 [EventQueue-PipelineActionsForPipelineActionHandler] INFO  pipeline.PipelineActionHandler (PipelineActionHandler.java:processPipelineAction(89)) - Received pipeline action CLOSE for Pipeline-5f27ba15-5844-4016-b075-9a9972b2e833 from datanode 71a26ef2-e834-411c-97c5-a30c78105e8f(localhost/127.0.0.1). Reason : Chunks directory /home/runner/work/ozone/ozone/hadoop-ozone/integration-test/target/test-dir/MiniOzoneClusterImpl-b7e00dfa-d3b8-45cf-9d3a-2bd5fdfebf54/ozone-meta/datanode-8/data-0/hdds/b7e00dfa-d3b8-45cf-9d3a-2bd5fdfebf54/current/containerDir0/7/chunks does not exist.
2025-07-02 18:45:56,877 [71a26ef2-e834-411c-97c5-a30c78105e8f@group-9A9972B2E833-cacheEviction-AwaitToRun] INFO  util.AwaitToRun (AwaitToRun.java:run(49)) - 71a26ef2-e834-411c-97c5-a30c78105e8f@group-9A9972B2E833-cacheEviction-AwaitToRun-AwaitForSignal is interrupted
2025-07-02 18:45:56,879 [EventQueue-PipelineActionsForPipelineActionHandler] INFO  pipeline.PipelineManagerImpl (PipelineManagerImpl.java:closePipeline(511)) - Pipeline Pipeline-5f27ba15-5844-4016-b075-9a9972b2e833 moved to CLOSED state
2025-07-02 18:45:56,879 [EventQueue-PipelineActionsForPipelineActionHandler] INFO  pipeline.PipelineActionHandler (PipelineActionHandler.java:processPipelineAction(89)) - Received pipeline action CLOSE for Pipeline-5f27ba15-5844-4016-b075-9a9972b2e833 from datanode 71a26ef2-e834-411c-97c5-a30c78105e8f(localhost/127.0.0.1). Reason : Chunks directory /home/runner/work/ozone/ozone/hadoop-ozone/integration-test/target/test-dir/MiniOzoneClusterImpl-b7e00dfa-d3b8-45cf-9d3a-2bd5fdfebf54/ozone-meta/datanode-8/data-0/hdds/b7e00dfa-d3b8-45cf-9d3a-2bd5fdfebf54/current/containerDir0/7/chunks does not exist.
2025-07-02 18:45:57,076 [EventQueue-PipelineActionsForPipelineActionHandler] INFO  pipeline.PipelineActionHandler (PipelineActionHandler.java:processPipelineAction(89)) - Received pipeline action CLOSE for Pipeline-5f27ba15-5844-4016-b075-9a9972b2e833 from datanode 71a26ef2-e834-411c-97c5-a30c78105e8f(localhost/127.0.0.1). Reason : Chunks directory /home/runner/work/ozone/ozone/hadoop-ozone/integration-test/target/test-dir/MiniOzoneClusterImpl-b7e00dfa-d3b8-45cf-9d3a-2bd5fdfebf54/ozone-meta/datanode-8/data-0/hdds/b7e00dfa-d3b8-45cf-9d3a-2bd5fdfebf54/current/containerDir0/7/chunks does not exist.
2025-07-02 18:45:57,277 [EventQueue-PipelineActionsForPipelineActionHandler] INFO  pipeline.PipelineActionHandler (PipelineActionHandler.java:processPipelineAction(89)) - Received pipeline action CLOSE for Pipeline-5f27ba15-5844-4016-b075-9a9972b2e833 from datanode 71a26ef2-e834-411c-97c5-a30c78105e8f(localhost/127.0.0.1). Reason : Chunks directory /home/runner/work/ozone/ozone/hadoop-ozone/integration-test/target/test-dir/MiniOzoneClusterImpl-b7e00dfa-d3b8-45cf-9d3a-2bd5fdfebf54/ozone-meta/datanode-8/data-0/hdds/b7e00dfa-d3b8-45cf-9d3a-2bd5fdfebf54/current/containerDir0/7/chunks does not exist.
2025-07-02 18:45:57,329 [75758caf-2019-48e0-9285-4ac26ec01eda-ContainerReader-0] INFO  ozoneimpl.ContainerReader (ContainerReader.java:readVolume(144)) - Start to verify containers on volume /home/runner/work/ozone/ozone/hadoop-ozone/integration-test/target/test-dir/MiniOzoneClusterImpl-b7e00dfa-d3b8-45cf-9d3a-2bd5fdfebf54/ozone-meta/datanode-1/data-0/hdds
2025-07-02 18:45:57,332 [75758caf-2019-48e0-9285-4ac26ec01eda-ContainerReader-0] WARN  statemachine.DatanodeConfiguration (DatanodeConfiguration.java:validateMinFreeSpace(751)) - hdds.datanode.volume.min.free.space.percent = -1.0 is invalid, should be between 0 and 1
2025-07-02 18:45:57,333 [75758caf-2019-48e0-9285-4ac26ec01eda-ContainerReader-0] WARN  helpers.KeyValueContainerUtil (KeyValueContainerUtil.java:populateContainerMetadata(330)) - Missing pendingDeleteBlockCount from metadata: recalculate them from block table
2025-07-02 18:45:57,335 [75758caf-2019-48e0-9285-4ac26ec01eda-ContainerReader-0] WARN  statemachine.DatanodeConfiguration (DatanodeConfiguration.java:validateMinFreeSpace(751)) - hdds.datanode.volume.min.free.space.percent = -1.0 is invalid, should be between 0 and 1
2025-07-02 18:45:57,337 [75758caf-2019-48e0-9285-4ac26ec01eda-ContainerReader-0] WARN  statemachine.DatanodeConfiguration (DatanodeConfiguration.java:validateMinFreeSpace(751)) - hdds.datanode.volume.min.free.space.percent = -1.0 is invalid, should be between 0 and 1
2025-07-02 18:45:57,338 [75758caf-2019-48e0-9285-4ac26ec01eda-ContainerReader-0] WARN  helpers.KeyValueContainerUtil (KeyValueContainerUtil.java:populateContainerMetadata(330)) - Missing pendingDeleteBlockCount from metadata: recalculate them from block table
2025-07-02 18:45:57,339 [75758caf-2019-48e0-9285-4ac26ec01eda-ContainerReader-0] WARN  statemachine.DatanodeConfiguration (DatanodeConfiguration.java:validateMinFreeSpace(751)) - hdds.datanode.volume.min.free.space.percent = -1.0 is invalid, should be between 0 and 1
2025-07-02 18:45:57,339 [75758caf-2019-48e0-9285-4ac26ec01eda-ContainerReader-0] INFO  ozoneimpl.ContainerReader (ContainerReader.java:readVolume(174)) - Finish verifying containers on volume /home/runner/work/ozone/ozone/hadoop-ozone/integration-test/target/test-dir/MiniOzoneClusterImpl-b7e00dfa-d3b8-45cf-9d3a-2bd5fdfebf54/ozone-meta/datanode-1/data-0/hdds
2025-07-02 18:45:57,340 [75758caf-2019-48e0-9285-4ac26ec01eda-EndpointStateMachineTaskThread-/0.0.0.0:15002-0 ] WARN  impl.ContainerSet (ContainerSet.java:lambda$buildMissingContainerSetAndValidate$2(524)) - Adding container 5 to missing container set.
2025-07-02 18:45:57,340 [75758caf-2019-48e0-9285-4ac26ec01eda-EndpointStateMachineTaskThread-/0.0.0.0:15002-0 ] INFO  ozoneimpl.OzoneContainer (OzoneContainer.java:buildContainerSet(370)) - Build ContainerSet costs 0s
2025-07-02 18:45:57,340 [75758caf-2019-48e0-9285-4ac26ec01eda-EndpointStateMachineTaskThread-/0.0.0.0:15002-0 ] INFO  volume.ThrottledAsyncChecker (ThrottledAsyncChecker.java:schedule(138)) - Scheduling a check for /home/runner/work/ozone/ozone/hadoop-ozone/integration-test/target/test-dir/MiniOzoneClusterImpl-b7e00dfa-d3b8-45cf-9d3a-2bd5fdfebf54/ozone-meta/datanode-1/data-0/hdds
2025-07-02 18:45:57,341 [75758caf-2019-48e0-9285-4ac26ec01eda-EndpointStateMachineTaskThread-/0.0.0.0:15002-0 ] INFO  volume.StorageVolumeChecker (StorageVolumeChecker.java:checkAllVolumes(215)) - Scheduled health check for volume /home/runner/work/ozone/ozone/hadoop-ozone/integration-test/target/test-dir/MiniOzoneClusterImpl-b7e00dfa-d3b8-45cf-9d3a-2bd5fdfebf54/ozone-meta/datanode-1/data-0/hdds
2025-07-02 18:45:57,345 [75758caf-2019-48e0-9285-4ac26ec01eda-EndpointStateMachineTaskThread-/0.0.0.0:15002-0 ] INFO  volume.ThrottledAsyncChecker (ThrottledAsyncChecker.java:schedule(138)) - Scheduling a check for /home/runner/work/ozone/ozone/hadoop-ozone/integration-test/target/test-dir/MiniOzoneClusterImpl-b7e00dfa-d3b8-45cf-9d3a-2bd5fdfebf54/ozone-meta/datanode-1/ratise27c5049-6de8-4653-87a7-5e58b36f95b4
2025-07-02 18:45:57,345 [75758caf-2019-48e0-9285-4ac26ec01eda-EndpointStateMachineTaskThread-/0.0.0.0:15002-0 ] INFO  volume.StorageVolumeChecker (StorageVolumeChecker.java:checkAllVolumes(215)) - Scheduled health check for volume /home/runner/work/ozone/ozone/hadoop-ozone/integration-test/target/test-dir/MiniOzoneClusterImpl-b7e00dfa-d3b8-45cf-9d3a-2bd5fdfebf54/ozone-meta/datanode-1/ratise27c5049-6de8-4653-87a7-5e58b36f95b4
2025-07-02 18:45:57,345 [75758caf-2019-48e0-9285-4ac26ec01eda-EndpointStateMachineTaskThread-/0.0.0.0:15002-0 ] INFO  ozoneimpl.OzoneContainer (OzoneContainer.java:start(520)) - Attempting to start container services.
2025-07-02 18:45:57,347 [ContainerDataScanner(/home/runner/work/ozone/ozone/hadoop-ozone/integration-test/target/test-dir/MiniOzoneClusterImpl-b7e00dfa-d3b8-45cf-9d3a-2bd5fdfebf54/ozone-meta/datanode-1/data-0/hdds)] INFO  ozoneimpl.AbstractBackgroundContainerScanner (AbstractBackgroundContainerScanner.java:runIteration(89)) - Completed an iteration in 0 minutes. Number of iterations (since the data-node restart) : 1, Number of containers scanned in this iteration : 0, Number of unhealthy containers found in this iteration : 0
2025-07-02 18:45:57,347 [75758caf-2019-48e0-9285-4ac26ec01eda-EndpointStateMachineTaskThread-/0.0.0.0:15002-0 ] INFO  replication.ReplicationServer (ReplicationServer.java:start(137)) - ReplicationServer is started using port 15017
2025-07-02 18:45:57,348 [75758caf-2019-48e0-9285-4ac26ec01eda-EndpointStateMachineTaskThread-/0.0.0.0:15002-0 ] INFO  ratis.XceiverServerRatis (XceiverServerRatis.java:start(559)) - Starting XceiverServerRatis(75758caf-2019-48e0-9285-4ac26ec01eda)
2025-07-02 18:45:57,348 [ContainerMetadataScanner] INFO  ozoneimpl.AbstractBackgroundContainerScanner (AbstractBackgroundContainerScanner.java:runIteration(89)) - Completed an iteration in 0 minutes. Number of iterations (since the data-node restart) : 1, Number of containers scanned in this iteration : 1, Number of unhealthy containers found in this iteration : 0
2025-07-02 18:45:57,349 [75758caf-2019-48e0-9285-4ac26ec01eda-EndpointStateMachineTaskThread-/0.0.0.0:15002-0 ] INFO  server.RaftServer (RaftServerProxy.java:startImpl(412)) - 75758caf-2019-48e0-9285-4ac26ec01eda: start RPC server
2025-07-02 18:45:57,349 [75758caf-2019-48e0-9285-4ac26ec01eda-EndpointStateMachineTaskThread-/0.0.0.0:15002-0 ] INFO  server.GrpcServicesImpl (GrpcServicesImpl.java:startImpl(346)) - 75758caf-2019-48e0-9285-4ac26ec01eda: GrpcServicesImpl started, listening on 15013
2025-07-02 18:45:57,350 [75758caf-2019-48e0-9285-4ac26ec01eda-EndpointStateMachineTaskThread-/0.0.0.0:15002-0 ] INFO  server.GrpcServicesImpl (GrpcServicesImpl.java:startImpl(346)) - 75758caf-2019-48e0-9285-4ac26ec01eda: GrpcServicesImpl started, listening on 15015
2025-07-02 18:45:57,350 [75758caf-2019-48e0-9285-4ac26ec01eda-EndpointStateMachineTaskThread-/0.0.0.0:15002-0 ] INFO  server.GrpcServicesImpl (GrpcServicesImpl.java:startImpl(346)) - 75758caf-2019-48e0-9285-4ac26ec01eda: GrpcServicesImpl started, listening on 15014
2025-07-02 18:45:57,350 [75758caf-2019-48e0-9285-4ac26ec01eda-EndpointStateMachineTaskThread-/0.0.0.0:15002-0 ] INFO  ratis.XceiverServerRatis (XceiverServerRatis.java:getRealPort(586)) - XceiverServerRatis(75758caf-2019-48e0-9285-4ac26ec01eda) is started using port RATIS=15013
2025-07-02 18:45:57,350 [JvmPauseMonitor13] INFO  util.JvmPauseMonitor (JvmPauseMonitor.java:run(146)) - JvmPauseMonitor-75758caf-2019-48e0-9285-4ac26ec01eda: Started
2025-07-02 18:45:57,351 [75758caf-2019-48e0-9285-4ac26ec01eda-EndpointStateMachineTaskThread-/0.0.0.0:15002-0 ] INFO  ratis.XceiverServerRatis (XceiverServerRatis.java:getRealPort(586)) - XceiverServerRatis(75758caf-2019-48e0-9285-4ac26ec01eda) is started using port RATIS_ADMIN=15014
2025-07-02 18:45:57,351 [75758caf-2019-48e0-9285-4ac26ec01eda-EndpointStateMachineTaskThread-/0.0.0.0:15002-0 ] INFO  ratis.XceiverServerRatis (XceiverServerRatis.java:getRealPort(586)) - XceiverServerRatis(75758caf-2019-48e0-9285-4ac26ec01eda) is started using port RATIS_SERVER=15015
2025-07-02 18:45:57,351 [75758caf-2019-48e0-9285-4ac26ec01eda-EndpointStateMachineTaskThread-/0.0.0.0:15002-0 ] INFO  ratis.XceiverServerRatis (XceiverServerRatis.java:getRealPort(586)) - XceiverServerRatis(75758caf-2019-48e0-9285-4ac26ec01eda) is started using port RATIS_DATASTREAM=15016
2025-07-02 18:45:57,351 [75758caf-2019-48e0-9285-4ac26ec01eda-EndpointStateMachineTaskThread-/0.0.0.0:15002-0 ] INFO  utils.BackgroundService (BackgroundService.java:start(118)) - Starting service BlockDeletingService with interval 60000 milliseconds
2025-07-02 18:45:57,351 [75758caf-2019-48e0-9285-4ac26ec01eda-EndpointStateMachineTaskThread-/0.0.0.0:15002-0 ] INFO  utils.BackgroundService (BackgroundService.java:start(118)) - Starting service StaleRecoveringContainerScrubbingService with interval 60000 milliseconds
2025-07-02 18:45:57,477 [EventQueue-PipelineActionsForPipelineActionHandler] INFO  pipeline.PipelineActionHandler (PipelineActionHandler.java:processPipelineAction(89)) - Received pipeline action CLOSE for Pipeline-5f27ba15-5844-4016-b075-9a9972b2e833 from datanode 71a26ef2-e834-411c-97c5-a30c78105e8f(localhost/127.0.0.1). Reason : Chunks directory /home/runner/work/ozone/ozone/hadoop-ozone/integration-test/target/test-dir/MiniOzoneClusterImpl-b7e00dfa-d3b8-45cf-9d3a-2bd5fdfebf54/ozone-meta/datanode-8/data-0/hdds/b7e00dfa-d3b8-45cf-9d3a-2bd5fdfebf54/current/containerDir0/7/chunks does not exist.
2025-07-02 18:45:57,677 [EventQueue-PipelineActionsForPipelineActionHandler] INFO  pipeline.PipelineActionHandler (PipelineActionHandler.java:processPipelineAction(89)) - Received pipeline action CLOSE for Pipeline-5f27ba15-5844-4016-b075-9a9972b2e833 from datanode 71a26ef2-e834-411c-97c5-a30c78105e8f(localhost/127.0.0.1). Reason : Chunks directory /home/runner/work/ozone/ozone/hadoop-ozone/integration-test/target/test-dir/MiniOzoneClusterImpl-b7e00dfa-d3b8-45cf-9d3a-2bd5fdfebf54/ozone-meta/datanode-8/data-0/hdds/b7e00dfa-d3b8-45cf-9d3a-2bd5fdfebf54/current/containerDir0/7/chunks does not exist.
2025-07-02 18:45:57,876 [EventQueue-PipelineActionsForPipelineActionHandler] INFO  pipeline.PipelineActionHandler (PipelineActionHandler.java:processPipelineAction(89)) - Received pipeline action CLOSE for Pipeline-5f27ba15-5844-4016-b075-9a9972b2e833 from datanode 71a26ef2-e834-411c-97c5-a30c78105e8f(localhost/127.0.0.1). Reason : Chunks directory /home/runner/work/ozone/ozone/hadoop-ozone/integration-test/target/test-dir/MiniOzoneClusterImpl-b7e00dfa-d3b8-45cf-9d3a-2bd5fdfebf54/ozone-meta/datanode-8/data-0/hdds/b7e00dfa-d3b8-45cf-9d3a-2bd5fdfebf54/current/containerDir0/7/chunks does not exist.
2025-07-02 18:45:58,077 [EventQueue-PipelineActionsForPipelineActionHandler] INFO  pipeline.PipelineActionHandler (PipelineActionHandler.java:processPipelineAction(89)) - Received pipeline action CLOSE for Pipeline-5f27ba15-5844-4016-b075-9a9972b2e833 from datanode 71a26ef2-e834-411c-97c5-a30c78105e8f(localhost/127.0.0.1). Reason : Chunks directory /home/runner/work/ozone/ozone/hadoop-ozone/integration-test/target/test-dir/MiniOzoneClusterImpl-b7e00dfa-d3b8-45cf-9d3a-2bd5fdfebf54/ozone-meta/datanode-8/data-0/hdds/b7e00dfa-d3b8-45cf-9d3a-2bd5fdfebf54/current/containerDir0/7/chunks does not exist.
2025-07-02 18:45:58,277 [EventQueue-PipelineActionsForPipelineActionHandler] INFO  pipeline.PipelineActionHandler (PipelineActionHandler.java:processPipelineAction(89)) - Received pipeline action CLOSE for Pipeline-5f27ba15-5844-4016-b075-9a9972b2e833 from datanode 71a26ef2-e834-411c-97c5-a30c78105e8f(localhost/127.0.0.1). Reason : Chunks directory /home/runner/work/ozone/ozone/hadoop-ozone/integration-test/target/test-dir/MiniOzoneClusterImpl-b7e00dfa-d3b8-45cf-9d3a-2bd5fdfebf54/ozone-meta/datanode-8/data-0/hdds/b7e00dfa-d3b8-45cf-9d3a-2bd5fdfebf54/current/containerDir0/7/chunks does not exist.
2025-07-02 18:45:58,476 [EventQueue-PipelineActionsForPipelineActionHandler] INFO  pipeline.PipelineActionHandler (PipelineActionHandler.java:processPipelineAction(89)) - Received pipeline action CLOSE for Pipeline-5f27ba15-5844-4016-b075-9a9972b2e833 from datanode 71a26ef2-e834-411c-97c5-a30c78105e8f(localhost/127.0.0.1). Reason : Chunks directory /home/runner/work/ozone/ozone/hadoop-ozone/integration-test/target/test-dir/MiniOzoneClusterImpl-b7e00dfa-d3b8-45cf-9d3a-2bd5fdfebf54/ozone-meta/datanode-8/data-0/hdds/b7e00dfa-d3b8-45cf-9d3a-2bd5fdfebf54/current/containerDir0/7/chunks does not exist.
2025-07-02 18:45:58,677 [EventQueue-PipelineActionsForPipelineActionHandler] INFO  pipeline.PipelineActionHandler (PipelineActionHandler.java:processPipelineAction(89)) - Received pipeline action CLOSE for Pipeline-5f27ba15-5844-4016-b075-9a9972b2e833 from datanode 71a26ef2-e834-411c-97c5-a30c78105e8f(localhost/127.0.0.1). Reason : Chunks directory /home/runner/work/ozone/ozone/hadoop-ozone/integration-test/target/test-dir/MiniOzoneClusterImpl-b7e00dfa-d3b8-45cf-9d3a-2bd5fdfebf54/ozone-meta/datanode-8/data-0/hdds/b7e00dfa-d3b8-45cf-9d3a-2bd5fdfebf54/current/containerDir0/7/chunks does not exist.
2025-07-02 18:45:58,877 [EventQueue-PipelineActionsForPipelineActionHandler] INFO  pipeline.PipelineActionHandler (PipelineActionHandler.java:processPipelineAction(89)) - Received pipeline action CLOSE for Pipeline-5f27ba15-5844-4016-b075-9a9972b2e833 from datanode 71a26ef2-e834-411c-97c5-a30c78105e8f(localhost/127.0.0.1). Reason : Chunks directory /home/runner/work/ozone/ozone/hadoop-ozone/integration-test/target/test-dir/MiniOzoneClusterImpl-b7e00dfa-d3b8-45cf-9d3a-2bd5fdfebf54/ozone-meta/datanode-8/data-0/hdds/b7e00dfa-d3b8-45cf-9d3a-2bd5fdfebf54/current/containerDir0/7/chunks does not exist.
2025-07-02 18:45:59,076 [EventQueue-PipelineActionsForPipelineActionHandler] INFO  pipeline.PipelineActionHandler (PipelineActionHandler.java:processPipelineAction(89)) - Received pipeline action CLOSE for Pipeline-5f27ba15-5844-4016-b075-9a9972b2e833 from datanode 71a26ef2-e834-411c-97c5-a30c78105e8f(localhost/127.0.0.1). Reason : Chunks directory /home/runner/work/ozone/ozone/hadoop-ozone/integration-test/target/test-dir/MiniOzoneClusterImpl-b7e00dfa-d3b8-45cf-9d3a-2bd5fdfebf54/ozone-meta/datanode-8/data-0/hdds/b7e00dfa-d3b8-45cf-9d3a-2bd5fdfebf54/current/containerDir0/7/chunks does not exist.
2025-07-02 18:45:59,276 [timer1] WARN  server.GrpcLogAppender (LogUtils.java:warn(127)) - f1637480-4571-474d-8c0e-49126192dfac@group-84D2FC177FB5->75758caf-2019-48e0-9285-4ac26ec01eda-AppendLogResponseHandler: Failed appendEntries (Repeated 6 times in the last 4.999s): org.apache.ratis.thirdparty.io.grpc.StatusRuntimeException: UNAVAILABLE: io exception
  Caused by: org.apache.ratis.thirdparty.io.netty.channel.AbstractChannel$AnnotatedConnectException: finishConnect(..) failed: Connection refused: /127.0.0.1:15015
  Caused by: java.net.ConnectException: finishConnect(..) failed: Connection refused
2025-07-02 18:45:59,277 [EventQueue-PipelineActionsForPipelineActionHandler] INFO  pipeline.PipelineActionHandler (PipelineActionHandler.java:processPipelineAction(89)) - Received pipeline action CLOSE for Pipeline-5f27ba15-5844-4016-b075-9a9972b2e833 from datanode 71a26ef2-e834-411c-97c5-a30c78105e8f(localhost/127.0.0.1). Reason : Chunks directory /home/runner/work/ozone/ozone/hadoop-ozone/integration-test/target/test-dir/MiniOzoneClusterImpl-b7e00dfa-d3b8-45cf-9d3a-2bd5fdfebf54/ozone-meta/datanode-8/data-0/hdds/b7e00dfa-d3b8-45cf-9d3a-2bd5fdfebf54/current/containerDir0/7/chunks does not exist.
2025-07-02 18:45:59,279 [timer2] WARN  server.GrpcLogAppender (GrpcLogAppender.java:lambda$resetClient$1(228)) - f1637480-4571-474d-8c0e-49126192dfac@group-84D2FC177FB5->75758caf-2019-48e0-9285-4ac26ec01eda-GrpcLogAppender: Follower failed (request=null, errorCount=6); keep nextIndex (11) unchanged and retry. (Repeated 6 times in the last 5.000s)
2025-07-02 18:45:59,476 [EventQueue-PipelineActionsForPipelineActionHandler] INFO  pipeline.PipelineActionHandler (PipelineActionHandler.java:processPipelineAction(89)) - Received pipeline action CLOSE for Pipeline-5f27ba15-5844-4016-b075-9a9972b2e833 from datanode 71a26ef2-e834-411c-97c5-a30c78105e8f(localhost/127.0.0.1). Reason : Chunks directory /home/runner/work/ozone/ozone/hadoop-ozone/integration-test/target/test-dir/MiniOzoneClusterImpl-b7e00dfa-d3b8-45cf-9d3a-2bd5fdfebf54/ozone-meta/datanode-8/data-0/hdds/b7e00dfa-d3b8-45cf-9d3a-2bd5fdfebf54/current/containerDir0/7/chunks does not exist.
2025-07-02 18:45:59,677 [EventQueue-PipelineActionsForPipelineActionHandler] INFO  pipeline.PipelineActionHandler (PipelineActionHandler.java:processPipelineAction(89)) - Received pipeline action CLOSE for Pipeline-5f27ba15-5844-4016-b075-9a9972b2e833 from datanode 71a26ef2-e834-411c-97c5-a30c78105e8f(localhost/127.0.0.1). Reason : Chunks directory /home/runner/work/ozone/ozone/hadoop-ozone/integration-test/target/test-dir/MiniOzoneClusterImpl-b7e00dfa-d3b8-45cf-9d3a-2bd5fdfebf54/ozone-meta/datanode-8/data-0/hdds/b7e00dfa-d3b8-45cf-9d3a-2bd5fdfebf54/current/containerDir0/7/chunks does not exist.
2025-07-02 18:45:59,866 [timer1] ERROR impl.OrderedAsync (OrderedAsync.java:lambda$null$6(215)) -  client-F93B43F3F889: Failed* RaftClientRequest:client-F93B43F3F889->71a26ef2-e834-411c-97c5-a30c78105e8f@group-9A9972B2E833, cid=162, seq=4, RW, cmdType: WriteChunk
traceID: ""
containerID: 7
datanodeUuid: "71a26ef2-e834-411c-97c5-a30c78105e8f"
writeChunk {
  blockID {
    containerID: 7
    localID: 115816896921600007
    blockCommitSequenceId: 2
    replicaIndex: 0
  }
  chunkData {
    chunkName: "115816896921600007_chunk_2"
    offset: 5
    len: 5
    checksumData {
      type: CRC32
      bytesPerChecksum: 16384
      checksums: "\350a\3440"
    }
  }
}
version: 3
, data.size=5
java.util.concurrent.CompletionException: org.apache.ratis.protocol.exceptions.TimeoutIOException: client-F93B43F3F889->71a26ef2-e834-411c-97c5-a30c78105e8f request #162 timeout 3000ms
	at java.base/java.util.concurrent.CompletableFuture.encodeThrowable(CompletableFuture.java:332)
	at java.base/java.util.concurrent.CompletableFuture.completeThrowable(CompletableFuture.java:347)
	at java.base/java.util.concurrent.CompletableFuture$UniAccept.tryFire(CompletableFuture.java:708)
	at java.base/java.util.concurrent.CompletableFuture.postComplete(CompletableFuture.java:510)
	at java.base/java.util.concurrent.CompletableFuture.completeExceptionally(CompletableFuture.java:2194)
	at org.apache.ratis.grpc.client.GrpcClientProtocolClient$AsyncStreamObservers.lambda$timeoutCheck$5(GrpcClientProtocolClient.java:376)
	at java.base/java.util.Optional.ifPresent(Optional.java:178)
	at org.apache.ratis.grpc.client.GrpcClientProtocolClient$AsyncStreamObservers.handleReplyFuture(GrpcClientProtocolClient.java:381)
	at org.apache.ratis.grpc.client.GrpcClientProtocolClient$AsyncStreamObservers.timeoutCheck(GrpcClientProtocolClient.java:376)
	at org.apache.ratis.grpc.client.GrpcClientProtocolClient$AsyncStreamObservers.lambda$onNext$3(GrpcClientProtocolClient.java:369)
	at org.apache.ratis.util.TimeoutTimer.lambda$onTimeout$2(TimeoutTimer.java:101)
	at org.apache.ratis.util.LogUtils.runAndLog(LogUtils.java:38)
	at org.apache.ratis.util.LogUtils$1.run(LogUtils.java:78)
	at org.apache.ratis.util.TimeoutTimer$Task.run(TimeoutTimer.java:55)
	at java.base/java.util.TimerThread.mainLoop(Timer.java:566)
	at java.base/java.util.TimerThread.run(Timer.java:516)
Caused by: org.apache.ratis.protocol.exceptions.TimeoutIOException: client-F93B43F3F889->71a26ef2-e834-411c-97c5-a30c78105e8f request #162 timeout 3000ms
	at org.apache.ratis.grpc.client.GrpcClientProtocolClient$AsyncStreamObservers.lambda$timeoutCheck$5(GrpcClientProtocolClient.java:377)
	... 10 more
2025-07-02 18:45:59,867 [timer2] ERROR impl.OrderedAsync (OrderedAsync.java:lambda$null$6(215)) -  client-F93B43F3F889: Failed* RaftClientRequest:client-F93B43F3F889->71a26ef2-e834-411c-97c5-a30c78105e8f@group-9A9972B2E833, cid=163, seq=5, RW, cmdType: PutBlock
traceID: ""
containerID: 7
datanodeUuid: "71a26ef2-e834-411c-97c5-a30c78105e8f"
putBlock {
  blockData {
    blockID {
      containerID: 7
      localID: 115816896921600007
      blockCommitSequenceId: 0
    }
    metadata {
      key: "TYPE"
      value: "KEY"
    }
    chunks {
      chunkName: "115816896921600007_chunk_1"
      offset: 0
      len: 5
      checksumData {
        type: CRC32
        bytesPerChecksum: 16384
        checksums: "\350a\3440"
      }
    }
    chunks {
      chunkName: "115816896921600007_chunk_2"
      offset: 5
      len: 5
      checksumData {
        type: CRC32
        bytesPerChecksum: 16384
        checksums: "\350a\3440"
      }
    }
  }
  eof: true
}
version: 3
, data.size=0
java.util.concurrent.CompletionException: org.apache.ratis.protocol.exceptions.TimeoutIOException: client-F93B43F3F889->71a26ef2-e834-411c-97c5-a30c78105e8f request #163 timeout 3000ms
	at java.base/java.util.concurrent.CompletableFuture.encodeThrowable(CompletableFuture.java:332)
	at java.base/java.util.concurrent.CompletableFuture.completeThrowable(CompletableFuture.java:347)
	at java.base/java.util.concurrent.CompletableFuture$UniAccept.tryFire(CompletableFuture.java:708)
	at java.base/java.util.concurrent.CompletableFuture.postComplete(CompletableFuture.java:510)
	at java.base/java.util.concurrent.CompletableFuture.completeExceptionally(CompletableFuture.java:2194)
	at org.apache.ratis.grpc.client.GrpcClientProtocolClient$AsyncStreamObservers.lambda$timeoutCheck$5(GrpcClientProtocolClient.java:376)
	at java.base/java.util.Optional.ifPresent(Optional.java:178)
	at org.apache.ratis.grpc.client.GrpcClientProtocolClient$AsyncStreamObservers.handleReplyFuture(GrpcClientProtocolClient.java:381)
	at org.apache.ratis.grpc.client.GrpcClientProtocolClient$AsyncStreamObservers.timeoutCheck(GrpcClientProtocolClient.java:376)
	at org.apache.ratis.grpc.client.GrpcClientProtocolClient$AsyncStreamObservers.lambda$onNext$3(GrpcClientProtocolClient.java:369)
	at org.apache.ratis.util.TimeoutTimer.lambda$onTimeout$2(TimeoutTimer.java:101)
	at org.apache.ratis.util.LogUtils.runAndLog(LogUtils.java:38)
	at org.apache.ratis.util.LogUtils$1.run(LogUtils.java:78)
	at org.apache.ratis.util.TimeoutTimer$Task.run(TimeoutTimer.java:55)
	at java.base/java.util.TimerThread.mainLoop(Timer.java:566)
	at java.base/java.util.TimerThread.run(Timer.java:516)
Caused by: org.apache.ratis.protocol.exceptions.TimeoutIOException: client-F93B43F3F889->71a26ef2-e834-411c-97c5-a30c78105e8f request #163 timeout 3000ms
	at org.apache.ratis.grpc.client.GrpcClientProtocolClient$AsyncStreamObservers.lambda$timeoutCheck$5(GrpcClientProtocolClient.java:377)
	... 10 more
2025-07-02 18:45:59,877 [EventQueue-PipelineActionsForPipelineActionHandler] INFO  pipeline.PipelineActionHandler (PipelineActionHandler.java:processPipelineAction(89)) - Received pipeline action CLOSE for Pipeline-5f27ba15-5844-4016-b075-9a9972b2e833 from datanode 71a26ef2-e834-411c-97c5-a30c78105e8f(localhost/127.0.0.1). Reason : Chunks directory /home/runner/work/ozone/ozone/hadoop-ozone/integration-test/target/test-dir/MiniOzoneClusterImpl-b7e00dfa-d3b8-45cf-9d3a-2bd5fdfebf54/ozone-meta/datanode-8/data-0/hdds/b7e00dfa-d3b8-45cf-9d3a-2bd5fdfebf54/current/containerDir0/7/chunks does not exist.
2025-07-02 18:45:59,877 [71a26ef2-e834-411c-97c5-a30c78105e8f@group-9A9972B2E833-SegmentedRaftLogWorker] WARN  segmented.SegmentedRaftLogWorker (SegmentedRaftLogWorker.java:lambda$close$3(251)) - 71a26ef2-e834-411c-97c5-a30c78105e8f@group-9A9972B2E833-SegmentedRaftLogWorker: shutdown timeout in 3s
2025-07-02 18:45:59,879 [71a26ef2-e834-411c-97c5-a30c78105e8f@group-9A9972B2E833-SegmentedRaftLogWorker] INFO  segmented.SegmentedRaftLogWorker (SegmentedRaftLogWorker.java:close(254)) - 71a26ef2-e834-411c-97c5-a30c78105e8f@group-9A9972B2E833-SegmentedRaftLogWorker close()
2025-07-02 18:46:00,076 [EventQueue-PipelineActionsForPipelineActionHandler] INFO  pipeline.PipelineActionHandler (PipelineActionHandler.java:processPipelineAction(89)) - Received pipeline action CLOSE for Pipeline-5f27ba15-5844-4016-b075-9a9972b2e833 from datanode 71a26ef2-e834-411c-97c5-a30c78105e8f(localhost/127.0.0.1). Reason : Chunks directory /home/runner/work/ozone/ozone/hadoop-ozone/integration-test/target/test-dir/MiniOzoneClusterImpl-b7e00dfa-d3b8-45cf-9d3a-2bd5fdfebf54/ozone-meta/datanode-8/data-0/hdds/b7e00dfa-d3b8-45cf-9d3a-2bd5fdfebf54/current/containerDir0/7/chunks does not exist.
2025-07-02 18:46:00,277 [EventQueue-PipelineActionsForPipelineActionHandler] INFO  pipeline.PipelineActionHandler (PipelineActionHandler.java:processPipelineAction(89)) - Received pipeline action CLOSE for Pipeline-5f27ba15-5844-4016-b075-9a9972b2e833 from datanode 71a26ef2-e834-411c-97c5-a30c78105e8f(localhost/127.0.0.1). Reason : Chunks directory /home/runner/work/ozone/ozone/hadoop-ozone/integration-test/target/test-dir/MiniOzoneClusterImpl-b7e00dfa-d3b8-45cf-9d3a-2bd5fdfebf54/ozone-meta/datanode-8/data-0/hdds/b7e00dfa-d3b8-45cf-9d3a-2bd5fdfebf54/current/containerDir0/7/chunks does not exist.
2025-07-02 18:46:00,477 [EventQueue-PipelineActionsForPipelineActionHandler] INFO  pipeline.PipelineActionHandler (PipelineActionHandler.java:processPipelineAction(89)) - Received pipeline action CLOSE for Pipeline-5f27ba15-5844-4016-b075-9a9972b2e833 from datanode 71a26ef2-e834-411c-97c5-a30c78105e8f(localhost/127.0.0.1). Reason : Chunks directory /home/runner/work/ozone/ozone/hadoop-ozone/integration-test/target/test-dir/MiniOzoneClusterImpl-b7e00dfa-d3b8-45cf-9d3a-2bd5fdfebf54/ozone-meta/datanode-8/data-0/hdds/b7e00dfa-d3b8-45cf-9d3a-2bd5fdfebf54/current/containerDir0/7/chunks does not exist.
2025-07-02 18:46:00,676 [EventQueue-PipelineActionsForPipelineActionHandler] INFO  pipeline.PipelineActionHandler (PipelineActionHandler.java:processPipelineAction(89)) - Received pipeline action CLOSE for Pipeline-5f27ba15-5844-4016-b075-9a9972b2e833 from datanode 71a26ef2-e834-411c-97c5-a30c78105e8f(localhost/127.0.0.1). Reason : Chunks directory /home/runner/work/ozone/ozone/hadoop-ozone/integration-test/target/test-dir/MiniOzoneClusterImpl-b7e00dfa-d3b8-45cf-9d3a-2bd5fdfebf54/ozone-meta/datanode-8/data-0/hdds/b7e00dfa-d3b8-45cf-9d3a-2bd5fdfebf54/current/containerDir0/7/chunks does not exist.
2025-07-02 18:46:00,877 [EventQueue-PipelineActionsForPipelineActionHandler] INFO  pipeline.PipelineActionHandler (PipelineActionHandler.java:processPipelineAction(89)) - Received pipeline action CLOSE for Pipeline-5f27ba15-5844-4016-b075-9a9972b2e833 from datanode 71a26ef2-e834-411c-97c5-a30c78105e8f(localhost/127.0.0.1). Reason : Chunks directory /home/runner/work/ozone/ozone/hadoop-ozone/integration-test/target/test-dir/MiniOzoneClusterImpl-b7e00dfa-d3b8-45cf-9d3a-2bd5fdfebf54/ozone-meta/datanode-8/data-0/hdds/b7e00dfa-d3b8-45cf-9d3a-2bd5fdfebf54/current/containerDir0/7/chunks does not exist.
2025-07-02 18:46:01,026 [timer2] WARN  server.GrpcLogAppender (GrpcLogAppender.java:timeoutAppendRequest(448)) - f1637480-4571-474d-8c0e-49126192dfac@group-84D2FC177FB5->75758caf-2019-48e0-9285-4ac26ec01eda-GrpcLogAppender: Timed out HEARTBEAT appendEntries, errorCount=7, request=AppendEntriesRequest:cid=4625,entriesCount=0
2025-07-02 18:46:01,077 [EventQueue-PipelineActionsForPipelineActionHandler] INFO  pipeline.PipelineActionHandler (PipelineActionHandler.java:processPipelineAction(89)) - Received pipeline action CLOSE for Pipeline-5f27ba15-5844-4016-b075-9a9972b2e833 from datanode 71a26ef2-e834-411c-97c5-a30c78105e8f(localhost/127.0.0.1). Reason : Chunks directory /home/runner/work/ozone/ozone/hadoop-ozone/integration-test/target/test-dir/MiniOzoneClusterImpl-b7e00dfa-d3b8-45cf-9d3a-2bd5fdfebf54/ozone-meta/datanode-8/data-0/hdds/b7e00dfa-d3b8-45cf-9d3a-2bd5fdfebf54/current/containerDir0/7/chunks does not exist.
2025-07-02 18:46:01,276 [EventQueue-PipelineActionsForPipelineActionHandler] INFO  pipeline.PipelineActionHandler (PipelineActionHandler.java:processPipelineAction(89)) - Received pipeline action CLOSE for Pipeline-5f27ba15-5844-4016-b075-9a9972b2e833 from datanode 71a26ef2-e834-411c-97c5-a30c78105e8f(localhost/127.0.0.1). Reason : Chunks directory /home/runner/work/ozone/ozone/hadoop-ozone/integration-test/target/test-dir/MiniOzoneClusterImpl-b7e00dfa-d3b8-45cf-9d3a-2bd5fdfebf54/ozone-meta/datanode-8/data-0/hdds/b7e00dfa-d3b8-45cf-9d3a-2bd5fdfebf54/current/containerDir0/7/chunks does not exist.
2025-07-02 18:46:01,477 [EventQueue-PipelineActionsForPipelineActionHandler] INFO  pipeline.PipelineActionHandler (PipelineActionHandler.java:processPipelineAction(89)) - Received pipeline action CLOSE for Pipeline-5f27ba15-5844-4016-b075-9a9972b2e833 from datanode 71a26ef2-e834-411c-97c5-a30c78105e8f(localhost/127.0.0.1). Reason : Chunks directory /home/runner/work/ozone/ozone/hadoop-ozone/integration-test/target/test-dir/MiniOzoneClusterImpl-b7e00dfa-d3b8-45cf-9d3a-2bd5fdfebf54/ozone-meta/datanode-8/data-0/hdds/b7e00dfa-d3b8-45cf-9d3a-2bd5fdfebf54/current/containerDir0/7/chunks does not exist.
2025-07-02 18:46:01,677 [EventQueue-PipelineActionsForPipelineActionHandler] INFO  pipeline.PipelineActionHandler (PipelineActionHandler.java:processPipelineAction(89)) - Received pipeline action CLOSE for Pipeline-5f27ba15-5844-4016-b075-9a9972b2e833 from datanode 71a26ef2-e834-411c-97c5-a30c78105e8f(localhost/127.0.0.1). Reason : Chunks directory /home/runner/work/ozone/ozone/hadoop-ozone/integration-test/target/test-dir/MiniOzoneClusterImpl-b7e00dfa-d3b8-45cf-9d3a-2bd5fdfebf54/ozone-meta/datanode-8/data-0/hdds/b7e00dfa-d3b8-45cf-9d3a-2bd5fdfebf54/current/containerDir0/7/chunks does not exist.
2025-07-02 18:46:01,876 [EventQueue-PipelineActionsForPipelineActionHandler] INFO  pipeline.PipelineActionHandler (PipelineActionHandler.java:processPipelineAction(89)) - Received pipeline action CLOSE for Pipeline-5f27ba15-5844-4016-b075-9a9972b2e833 from datanode 71a26ef2-e834-411c-97c5-a30c78105e8f(localhost/127.0.0.1). Reason : Chunks directory /home/runner/work/ozone/ozone/hadoop-ozone/integration-test/target/test-dir/MiniOzoneClusterImpl-b7e00dfa-d3b8-45cf-9d3a-2bd5fdfebf54/ozone-meta/datanode-8/data-0/hdds/b7e00dfa-d3b8-45cf-9d3a-2bd5fdfebf54/current/containerDir0/7/chunks does not exist.
2025-07-02 18:46:02,063 [71a26ef2-e834-411c-97c5-a30c78105e8f@group-9A9972B2E833-LeaderStateImpl] ERROR util.ExitUtils (ExitUtils.java:terminate(133)) - Terminating with exit status -1: Thread[#1479,71a26ef2-e834-411c-97c5-a30c78105e8f@group-9A9972B2E833-LeaderStateImpl,5,71a26ef2-e834-411c-97c5-a30c78105e8f@group-9A9972B2E833] has thrown an uncaught exception
java.lang.IllegalStateException: 71a26ef2-e834-411c-97c5-a30c78105e8f@group-9A9972B2E833-SegmentedRaftLog is expected to be opened but it is CLOSED
	at org.apache.ratis.util.OpenCloseState.assertOpen(OpenCloseState.java:63)
	at org.apache.ratis.server.raftlog.RaftLogBase.checkLogState(RaftLogBase.java:112)
	at org.apache.ratis.server.raftlog.segmented.SegmentedRaftLog.getLastEntryTermIndex(SegmentedRaftLog.java:356)
	at org.apache.ratis.server.impl.ServerState.getLastEntry(ServerState.java:310)
	at org.apache.ratis.server.impl.LeaderStateImpl.checkPeersForYieldingLeader(LeaderStateImpl.java:1081)
	at org.apache.ratis.server.impl.LeaderStateImpl.access$800(LeaderStateImpl.java:101)
	at org.apache.ratis.server.impl.LeaderStateImpl$EventProcessor.run(LeaderStateImpl.java:769)
Caused by: org.apache.ratis.util.OpenCloseState$CloseTrace: Close 71a26ef2-e834-411c-97c5-a30c78105e8f@group-9A9972B2E833-SegmentedRaftLog
	at org.apache.ratis.util.OpenCloseState.lambda$close$1(OpenCloseState.java:109)
	at java.base/java.util.concurrent.atomic.AtomicReference.getAndUpdate(AtomicReference.java:188)
	at org.apache.ratis.util.OpenCloseState.close(OpenCloseState.java:109)
	at org.apache.ratis.server.raftlog.RaftLogBase.close(RaftLogBase.java:393)
	at org.apache.ratis.server.raftlog.segmented.SegmentedRaftLog.close(SegmentedRaftLog.java:528)
	at org.apache.ratis.server.raftlog.RaftLogBase.lambda$appendImpl$3(RaftLogBase.java:206)
	at java.base/java.util.concurrent.CompletableFuture.uniWhenComplete(CompletableFuture.java:863)
	at java.base/java.util.concurrent.CompletableFuture$UniWhenComplete.tryFire(CompletableFuture.java:841)
	at java.base/java.util.concurrent.CompletableFuture.postComplete(CompletableFuture.java:510)
	at java.base/java.util.concurrent.CompletableFuture.completeExceptionally(CompletableFuture.java:2194)
	at org.apache.ratis.server.raftlog.segmented.SegmentedRaftLog$Task.failed(SegmentedRaftLog.java:109)
	at org.apache.ratis.server.raftlog.segmented.SegmentedRaftLogWorker$WriteLog.failed(SegmentedRaftLogWorker.java:530)
	at org.apache.ratis.server.raftlog.segmented.SegmentedRaftLogWorker.run(SegmentedRaftLogWorker.java:326)
	at java.base/java.util.concurrent.Executors$RunnableAdapter.call(Executors.java:572)
	at java.base/java.util.concurrent.FutureTask.run(FutureTask.java:317)
	at java.base/java.util.concurrent.ThreadPoolExecutor.runWorker(ThreadPoolExecutor.java:1144)
	at java.base/java.util.concurrent.ThreadPoolExecutor$Worker.run(ThreadPoolExecutor.java:642)
	at java.base/java.lang.Thread.run(Thread.java:1583)
2025-07-02 18:46:02,076 [EventQueue-PipelineActionsForPipelineActionHandler] INFO  pipeline.PipelineActionHandler (PipelineActionHandler.java:processPipelineAction(89)) - Received pipeline action CLOSE for Pipeline-5f27ba15-5844-4016-b075-9a9972b2e833 from datanode 71a26ef2-e834-411c-97c5-a30c78105e8f(localhost/127.0.0.1). Reason : Chunks directory /home/runner/work/ozone/ozone/hadoop-ozone/integration-test/target/test-dir/MiniOzoneClusterImpl-b7e00dfa-d3b8-45cf-9d3a-2bd5fdfebf54/ozone-meta/datanode-8/data-0/hdds/b7e00dfa-d3b8-45cf-9d3a-2bd5fdfebf54/current/containerDir0/7/chunks does not exist.
2025-07-02 18:46:02,277 [timer6] WARN  server.GrpcLogAppender (GrpcLogAppender.java:timeoutAppendRequest(448)) - f1637480-4571-474d-8c0e-49126192dfac@group-84D2FC177FB5->75758caf-2019-48e0-9285-4ac26ec01eda-GrpcLogAppender: Timed out HEARTBEAT appendEntries, errorCount=8, request=AppendEntriesRequest:cid=4626,entriesCount=0
2025-07-02 18:46:02,277 [EventQueue-PipelineActionsForPipelineActionHandler] INFO  pipeline.PipelineActionHandler (PipelineActionHandler.java:processPipelineAction(89)) - Received pipeline action CLOSE for Pipeline-5f27ba15-5844-4016-b075-9a9972b2e833 from datanode 71a26ef2-e834-411c-97c5-a30c78105e8f(localhost/127.0.0.1). Reason : Chunks directory /home/runner/work/ozone/ozone/hadoop-ozone/integration-test/target/test-dir/MiniOzoneClusterImpl-b7e00dfa-d3b8-45cf-9d3a-2bd5fdfebf54/ozone-meta/datanode-8/data-0/hdds/b7e00dfa-d3b8-45cf-9d3a-2bd5fdfebf54/current/containerDir0/7/chunks does not exist.
2025-07-02 18:46:02,477 [EventQueue-PipelineActionsForPipelineActionHandler] INFO  pipeline.PipelineActionHandler (PipelineActionHandler.java:processPipelineAction(89)) - Received pipeline action CLOSE for Pipeline-5f27ba15-5844-4016-b075-9a9972b2e833 from datanode 71a26ef2-e834-411c-97c5-a30c78105e8f(localhost/127.0.0.1). Reason : Chunks directory /home/runner/work/ozone/ozone/hadoop-ozone/integration-test/target/test-dir/MiniOzoneClusterImpl-b7e00dfa-d3b8-45cf-9d3a-2bd5fdfebf54/ozone-meta/datanode-8/data-0/hdds/b7e00dfa-d3b8-45cf-9d3a-2bd5fdfebf54/current/containerDir0/7/chunks does not exist.
2025-07-02 18:46:02,559 [BackgroundPipelineScrubber] INFO  pipeline.PipelineManagerImpl (PipelineManagerImpl.java:scrubPipelines(602)) - Scrubbing pipeline: id: Pipeline-5f27ba15-5844-4016-b075-9a9972b2e833 since it stays at CLOSED stage.
2025-07-02 18:46:02,561 [BackgroundPipelineScrubber] INFO  pipeline.RatisPipelineProvider (RatisPipelineProvider.java:lambda$close$4(273)) - Send pipeline:Pipeline-5f27ba15-5844-4016-b075-9a9972b2e833 close command to datanode 71a26ef2-e834-411c-97c5-a30c78105e8f
2025-07-02 18:46:02,561 [BackgroundPipelineScrubber] INFO  pipeline.PipelineManagerImpl (PipelineManagerImpl.java:removePipeline(464)) - Pipeline Pipeline{ Id: 5f27ba15-5844-4016-b075-9a9972b2e833, Nodes: [ {71a26ef2-e834-411c-97c5-a30c78105e8f(localhost/127.0.0.1), ReplicaIndex: 0},], ReplicationConfig: RATIS/ONE, State:CLOSED, leaderId:71a26ef2-e834-411c-97c5-a30c78105e8f, CreationTimestamp2025-07-02T18:45:19.749Z[Etc/UTC]} removed.
2025-07-02 18:46:02,676 [EventQueue-PipelineActionsForPipelineActionHandler] INFO  pipeline.PipelineActionHandler (PipelineActionHandler.java:processPipelineAction(89)) - Received pipeline action CLOSE for Pipeline-5f27ba15-5844-4016-b075-9a9972b2e833 from datanode 71a26ef2-e834-411c-97c5-a30c78105e8f(localhost/127.0.0.1). Reason : Chunks directory /home/runner/work/ozone/ozone/hadoop-ozone/integration-test/target/test-dir/MiniOzoneClusterImpl-b7e00dfa-d3b8-45cf-9d3a-2bd5fdfebf54/ozone-meta/datanode-8/data-0/hdds/b7e00dfa-d3b8-45cf-9d3a-2bd5fdfebf54/current/containerDir0/7/chunks does not exist.
2025-07-02 18:46:02,677 [EventQueue-PipelineReportForPipelineReportHandler] INFO  pipeline.PipelineReportHandler (PipelineReportHandler.java:handlePipelineNotFoundException(98)) - Pipeline Pipeline-5f27ba15-5844-4016-b075-9a9972b2e833, reported by datanode 71a26ef2-e834-411c-97c5-a30c78105e8f(localhost/127.0.0.1) is not found.
2025-07-02 18:46:02,677 [EventQueue-PipelineActionsForPipelineActionHandler] WARN  pipeline.PipelineActionHandler (PipelineActionHandler.java:closeUnknownPipeline(117)) - Pipeline action received for unknown Pipeline Pipeline-5f27ba15-5844-4016-b075-9a9972b2e833, firing close pipeline event.
2025-07-02 18:46:02,876 [EventQueue-PipelineActionsForPipelineActionHandler] INFO  pipeline.PipelineActionHandler (PipelineActionHandler.java:processPipelineAction(89)) - Received pipeline action CLOSE for Pipeline-5f27ba15-5844-4016-b075-9a9972b2e833 from datanode 71a26ef2-e834-411c-97c5-a30c78105e8f(localhost/127.0.0.1). Reason : Chunks directory /home/runner/work/ozone/ozone/hadoop-ozone/integration-test/target/test-dir/MiniOzoneClusterImpl-b7e00dfa-d3b8-45cf-9d3a-2bd5fdfebf54/ozone-meta/datanode-8/data-0/hdds/b7e00dfa-d3b8-45cf-9d3a-2bd5fdfebf54/current/containerDir0/7/chunks does not exist.
2025-07-02 18:46:02,877 [EventQueue-PipelineActionsForPipelineActionHandler] WARN  pipeline.PipelineActionHandler (PipelineActionHandler.java:closeUnknownPipeline(117)) - Pipeline action received for unknown Pipeline Pipeline-5f27ba15-5844-4016-b075-9a9972b2e833, firing close pipeline event.
2025-07-02 18:46:03,076 [EventQueue-PipelineActionsForPipelineActionHandler] INFO  pipeline.PipelineActionHandler (PipelineActionHandler.java:processPipelineAction(89)) - Received pipeline action CLOSE for Pipeline-5f27ba15-5844-4016-b075-9a9972b2e833 from datanode 71a26ef2-e834-411c-97c5-a30c78105e8f(localhost/127.0.0.1). Reason : Chunks directory /home/runner/work/ozone/ozone/hadoop-ozone/integration-test/target/test-dir/MiniOzoneClusterImpl-b7e00dfa-d3b8-45cf-9d3a-2bd5fdfebf54/ozone-meta/datanode-8/data-0/hdds/b7e00dfa-d3b8-45cf-9d3a-2bd5fdfebf54/current/containerDir0/7/chunks does not exist.
2025-07-02 18:46:03,076 [EventQueue-PipelineReportForPipelineReportHandler] INFO  pipeline.PipelineReportHandler (PipelineReportHandler.java:handlePipelineNotFoundException(98)) - Pipeline Pipeline-5f27ba15-5844-4016-b075-9a9972b2e833, reported by datanode 71a26ef2-e834-411c-97c5-a30c78105e8f(localhost/127.0.0.1) is not found.
2025-07-02 18:46:03,077 [EventQueue-PipelineActionsForPipelineActionHandler] WARN  pipeline.PipelineActionHandler (PipelineActionHandler.java:closeUnknownPipeline(117)) - Pipeline action received for unknown Pipeline Pipeline-5f27ba15-5844-4016-b075-9a9972b2e833, firing close pipeline event.
2025-07-02 18:46:03,276 [EventQueue-PipelineActionsForPipelineActionHandler] INFO  pipeline.PipelineActionHandler (PipelineActionHandler.java:processPipelineAction(89)) - Received pipeline action CLOSE for Pipeline-5f27ba15-5844-4016-b075-9a9972b2e833 from datanode 71a26ef2-e834-411c-97c5-a30c78105e8f(localhost/127.0.0.1). Reason : Chunks directory /home/runner/work/ozone/ozone/hadoop-ozone/integration-test/target/test-dir/MiniOzoneClusterImpl-b7e00dfa-d3b8-45cf-9d3a-2bd5fdfebf54/ozone-meta/datanode-8/data-0/hdds/b7e00dfa-d3b8-45cf-9d3a-2bd5fdfebf54/current/containerDir0/7/chunks does not exist.
2025-07-02 18:46:03,277 [EventQueue-PipelineActionsForPipelineActionHandler] WARN  pipeline.PipelineActionHandler (PipelineActionHandler.java:closeUnknownPipeline(117)) - Pipeline action received for unknown Pipeline Pipeline-5f27ba15-5844-4016-b075-9a9972b2e833, firing close pipeline event.
2025-07-02 18:46:03,476 [EventQueue-PipelineActionsForPipelineActionHandler] INFO  pipeline.PipelineActionHandler (PipelineActionHandler.java:processPipelineAction(89)) - Received pipeline action CLOSE for Pipeline-5f27ba15-5844-4016-b075-9a9972b2e833 from datanode 71a26ef2-e834-411c-97c5-a30c78105e8f(localhost/127.0.0.1). Reason : Chunks directory /home/runner/work/ozone/ozone/hadoop-ozone/integration-test/target/test-dir/MiniOzoneClusterImpl-b7e00dfa-d3b8-45cf-9d3a-2bd5fdfebf54/ozone-meta/datanode-8/data-0/hdds/b7e00dfa-d3b8-45cf-9d3a-2bd5fdfebf54/current/containerDir0/7/chunks does not exist.
2025-07-02 18:46:03,477 [EventQueue-PipelineActionsForPipelineActionHandler] WARN  pipeline.PipelineActionHandler (PipelineActionHandler.java:closeUnknownPipeline(117)) - Pipeline action received for unknown Pipeline Pipeline-5f27ba15-5844-4016-b075-9a9972b2e833, firing close pipeline event.
2025-07-02 18:46:03,476 [EventQueue-PipelineReportForPipelineReportHandler] INFO  pipeline.PipelineReportHandler (PipelineReportHandler.java:handlePipelineNotFoundException(98)) - Pipeline Pipeline-5f27ba15-5844-4016-b075-9a9972b2e833, reported by datanode 71a26ef2-e834-411c-97c5-a30c78105e8f(localhost/127.0.0.1) is not found.
2025-07-02 18:46:03,527 [timer7] WARN  server.GrpcLogAppender (GrpcLogAppender.java:timeoutAppendRequest(448)) - f1637480-4571-474d-8c0e-49126192dfac@group-84D2FC177FB5->75758caf-2019-48e0-9285-4ac26ec01eda-GrpcLogAppender: Timed out HEARTBEAT appendEntries, errorCount=9, request=AppendEntriesRequest:cid=4627,entriesCount=0
2025-07-02 18:46:03,676 [EventQueue-PipelineActionsForPipelineActionHandler] INFO  pipeline.PipelineActionHandler (PipelineActionHandler.java:processPipelineAction(89)) - Received pipeline action CLOSE for Pipeline-5f27ba15-5844-4016-b075-9a9972b2e833 from datanode 71a26ef2-e834-411c-97c5-a30c78105e8f(localhost/127.0.0.1). Reason : Chunks directory /home/runner/work/ozone/ozone/hadoop-ozone/integration-test/target/test-dir/MiniOzoneClusterImpl-b7e00dfa-d3b8-45cf-9d3a-2bd5fdfebf54/ozone-meta/datanode-8/data-0/hdds/b7e00dfa-d3b8-45cf-9d3a-2bd5fdfebf54/current/containerDir0/7/chunks does not exist.
2025-07-02 18:46:03,677 [EventQueue-PipelineActionsForPipelineActionHandler] WARN  pipeline.PipelineActionHandler (PipelineActionHandler.java:closeUnknownPipeline(117)) - Pipeline action received for unknown Pipeline Pipeline-5f27ba15-5844-4016-b075-9a9972b2e833, firing close pipeline event.
2025-07-02 18:46:03,676 [EventQueue-PipelineReportForPipelineReportHandler] INFO  pipeline.PipelineReportHandler (PipelineReportHandler.java:handlePipelineNotFoundException(98)) - Pipeline Pipeline-5f27ba15-5844-4016-b075-9a9972b2e833, reported by datanode 71a26ef2-e834-411c-97c5-a30c78105e8f(localhost/127.0.0.1) is not found.
2025-07-02 18:46:03,677 [71a26ef2-e834-411c-97c5-a30c78105e8f-PipelineCommandHandlerThread-0] INFO  server.RaftServer (RaftServerProxy.java:remove(116)) - 71a26ef2-e834-411c-97c5-a30c78105e8f: remove    LEADER (RUNNING): 71a26ef2-e834-411c-97c5-a30c78105e8f@group-9A9972B2E833:t1, leader=71a26ef2-e834-411c-97c5-a30c78105e8f, voted=71a26ef2-e834-411c-97c5-a30c78105e8f, raftlog=Memoized:71a26ef2-e834-411c-97c5-a30c78105e8f@group-9A9972B2E833-SegmentedRaftLog:CLOSED:c3, conf=conf: {index: 0, cur=peers:[71a26ef2-e834-411c-97c5-a30c78105e8f|127.0.0.1:15071]|listeners:[], old=null}
2025-07-02 18:46:03,677 [71a26ef2-e834-411c-97c5-a30c78105e8f-PipelineCommandHandlerThread-0] INFO  server.RaftServer$Division (RaftServerImpl.java:lambda$close$1(527)) - 71a26ef2-e834-411c-97c5-a30c78105e8f@group-9A9972B2E833: shutdown
2025-07-02 18:46:03,677 [71a26ef2-e834-411c-97c5-a30c78105e8f-PipelineCommandHandlerThread-0] INFO  util.JmxRegister (JmxRegister.java:unregister(74)) - Successfully un-registered JMX Bean with object name Ratis:service=RaftServer,group=group-9A9972B2E833,id=71a26ef2-e834-411c-97c5-a30c78105e8f
2025-07-02 18:46:03,677 [71a26ef2-e834-411c-97c5-a30c78105e8f-PipelineCommandHandlerThread-0] INFO  impl.RoleInfo (RoleInfo.java:shutdownLeaderState(103)) - 71a26ef2-e834-411c-97c5-a30c78105e8f: shutdown 71a26ef2-e834-411c-97c5-a30c78105e8f@group-9A9972B2E833-LeaderStateImpl
2025-07-02 18:46:03,677 [71a26ef2-e834-411c-97c5-a30c78105e8f-PipelineCommandHandlerThread-0] INFO  impl.PendingRequests (PendingRequests.java:sendNotLeaderResponses(287)) - 71a26ef2-e834-411c-97c5-a30c78105e8f@group-9A9972B2E833-PendingRequests: sendNotLeaderResponses
2025-07-02 18:46:03,679 [71a26ef2-e834-411c-97c5-a30c78105e8f-PipelineCommandHandlerThread-0] INFO  impl.StateMachineUpdater (StateMachineUpdater.java:stopAndJoin(163)) - 71a26ef2-e834-411c-97c5-a30c78105e8f@group-9A9972B2E833-StateMachineUpdater: set stopIndex = 3
2025-07-02 18:46:03,680 [71a26ef2-e834-411c-97c5-a30c78105e8f@group-9A9972B2E833-StateMachineUpdater] ERROR ratis.ContainerStateMachine (ContainerStateMachine.java:takeSnapshot(421)) - Failed to take snapshot  for group-9A9972B2E833 as the stateMachine is unhealthy. The last applied index is at (t:1, i:3)
2025-07-02 18:46:03,680 [71a26ef2-e834-411c-97c5-a30c78105e8f@group-9A9972B2E833-StateMachineUpdater] ERROR impl.StateMachineUpdater (StateMachineUpdater.java:takeSnapshot(302)) - 71a26ef2-e834-411c-97c5-a30c78105e8f@group-9A9972B2E833-StateMachineUpdater: Failed to take snapshot
org.apache.ratis.protocol.exceptions.StateMachineException: Failed to take snapshot  for group-9A9972B2E833 as the stateMachine is unhealthy. The last applied index is at (t:1, i:3)
	at org.apache.hadoop.ozone.container.common.transport.server.ratis.ContainerStateMachine.takeSnapshot(ContainerStateMachine.java:420)
	at org.apache.ratis.server.impl.StateMachineUpdater.takeSnapshot(StateMachineUpdater.java:290)
	at org.apache.ratis.server.impl.StateMachineUpdater.checkAndTakeSnapshot(StateMachineUpdater.java:281)
	at org.apache.ratis.server.impl.StateMachineUpdater.run(StateMachineUpdater.java:194)
	at java.base/java.lang.Thread.run(Thread.java:1583)
2025-07-02 18:46:03,680 [71a26ef2-e834-411c-97c5-a30c78105e8f@group-9A9972B2E833-StateMachineUpdater] INFO  impl.StateMachineUpdater (StateMachineUpdater.java:stop(140)) - 71a26ef2-e834-411c-97c5-a30c78105e8f@group-9A9972B2E833-StateMachineUpdater: closing ContainerStateMachine, lastApplied=(t:1, i:3)
2025-07-02 18:46:03,680 [71a26ef2-e834-411c-97c5-a30c78105e8f-PipelineCommandHandlerThread-0] INFO  segmented.SegmentedRaftLogWorker (SegmentedRaftLogWorker.java:close(254)) - 71a26ef2-e834-411c-97c5-a30c78105e8f@group-9A9972B2E833-SegmentedRaftLogWorker close()
2025-07-02 18:46:03,681 [71a26ef2-e834-411c-97c5-a30c78105e8f-PipelineCommandHandlerThread-0] INFO  server.RaftServer$Division (RaftServerImpl.java:groupRemove(497)) - 71a26ef2-e834-411c-97c5-a30c78105e8f@group-9A9972B2E833: Succeed to remove RaftStorageDirectory Storage Directory /home/runner/work/ozone/ozone/hadoop-ozone/integration-test/target/test-dir/MiniOzoneClusterImpl-b7e00dfa-d3b8-45cf-9d3a-2bd5fdfebf54/ozone-meta/datanode-8/ratis/5f27ba15-5844-4016-b075-9a9972b2e833
2025-07-02 18:46:03,681 [71a26ef2-e834-411c-97c5-a30c78105e8f-PipelineCommandHandlerThread-0] INFO  commandhandler.ClosePipelineCommandHandler (ClosePipelineCommandHandler.java:lambda$handle$2(142)) - Close Pipeline Pipeline-5f27ba15-5844-4016-b075-9a9972b2e833 command on datanode 71a26ef2-e834-411c-97c5-a30c78105e8f(localhost/127.0.0.1).
2025-07-02 18:46:04,777 [timer4] WARN  server.GrpcLogAppender (GrpcLogAppender.java:timeoutAppendRequest(448)) - f1637480-4571-474d-8c0e-49126192dfac@group-84D2FC177FB5->75758caf-2019-48e0-9285-4ac26ec01eda-GrpcLogAppender: Timed out HEARTBEAT appendEntries, errorCount=10, request=AppendEntriesRequest:cid=4628,entriesCount=0
2025-07-02 18:46:06,006 [timer1] ERROR impl.OrderedAsync (OrderedAsync.java:lambda$null$6(215)) -  client-F93B43F3F889: Failed* RaftClientRequest:client-F93B43F3F889->71a26ef2-e834-411c-97c5-a30c78105e8f@group-9A9972B2E833, cid=162, seq=4*, RW, cmdType: WriteChunk
traceID: ""
containerID: 7
datanodeUuid: "71a26ef2-e834-411c-97c5-a30c78105e8f"
writeChunk {
  blockID {
    containerID: 7
    localID: 115816896921600007
    blockCommitSequenceId: 2
    replicaIndex: 0
  }
  chunkData {
    chunkName: "115816896921600007_chunk_2"
    offset: 5
    len: 5
    checksumData {
      type: CRC32
      bytesPerChecksum: 16384
      checksums: "\350a\3440"
    }
  }
}
version: 3
, data.size=5
java.util.concurrent.CompletionException: org.apache.ratis.protocol.exceptions.AlreadyClosedException: client-F93B43F3F889->71a26ef2-e834-411c-97c5-a30c78105e8f is closed.
	at java.base/java.util.concurrent.CompletableFuture.encodeThrowable(CompletableFuture.java:332)
	at java.base/java.util.concurrent.CompletableFuture.uniAcceptNow(CompletableFuture.java:747)
	at java.base/java.util.concurrent.CompletableFuture.uniAcceptStage(CompletableFuture.java:735)
	at java.base/java.util.concurrent.CompletableFuture.thenAccept(CompletableFuture.java:2214)
	at org.apache.ratis.client.impl.OrderedAsync.sendRequestWithRetry(OrderedAsync.java:206)
	at org.apache.ratis.util.SlidingWindow$Client.sendOrDelayRequest(SlidingWindow.java:315)
	at org.apache.ratis.util.SlidingWindow$Client.retry(SlidingWindow.java:331)
	at org.apache.ratis.client.impl.OrderedAsync.lambda$handleException$8(OrderedAsync.java:253)
	at org.apache.ratis.util.TimeoutTimer.lambda$onTimeout$2(TimeoutTimer.java:101)
	at org.apache.ratis.util.LogUtils.runAndLog(LogUtils.java:38)
	at org.apache.ratis.util.LogUtils$1.run(LogUtils.java:78)
	at org.apache.ratis.util.TimeoutTimer$Task.run(TimeoutTimer.java:55)
	at java.base/java.util.TimerThread.mainLoop(Timer.java:566)
	at java.base/java.util.TimerThread.run(Timer.java:516)
Caused by: org.apache.ratis.protocol.exceptions.AlreadyClosedException: client-F93B43F3F889->71a26ef2-e834-411c-97c5-a30c78105e8f is closed.
	at org.apache.ratis.grpc.client.GrpcClientProtocolClient$AsyncStreamObservers.onNext(GrpcClientProtocolClient.java:352)
	at org.apache.ratis.grpc.client.GrpcClientRpc.sendRequestAsync(GrpcClientRpc.java:71)
	... 10 more
2025-07-02 18:46:06,027 [timer7] WARN  server.GrpcLogAppender (GrpcLogAppender.java:timeoutAppendRequest(448)) - f1637480-4571-474d-8c0e-49126192dfac@group-84D2FC177FB5->75758caf-2019-48e0-9285-4ac26ec01eda-GrpcLogAppender: Timed out HEARTBEAT appendEntries, errorCount=11, request=AppendEntriesRequest:cid=4629,entriesCount=0
2025-07-02 18:46:07,279 [timer4] WARN  server.GrpcLogAppender (GrpcLogAppender.java:timeoutAppendRequest(448)) - f1637480-4571-474d-8c0e-49126192dfac@group-84D2FC177FB5->75758caf-2019-48e0-9285-4ac26ec01eda-GrpcLogAppender: Timed out HEARTBEAT appendEntries, errorCount=12, request=AppendEntriesRequest:cid=4630,entriesCount=0
2025-07-02 18:46:08,528 [timer4] WARN  server.GrpcLogAppender (GrpcLogAppender.java:timeoutAppendRequest(448)) - f1637480-4571-474d-8c0e-49126192dfac@group-84D2FC177FB5->75758caf-2019-48e0-9285-4ac26ec01eda-GrpcLogAppender: Timed out HEARTBEAT appendEntries, errorCount=13, request=AppendEntriesRequest:cid=4631,entriesCount=0
2025-07-02 18:46:09,779 [timer3] WARN  server.GrpcLogAppender (GrpcLogAppender.java:timeoutAppendRequest(448)) - f1637480-4571-474d-8c0e-49126192dfac@group-84D2FC177FB5->75758caf-2019-48e0-9285-4ac26ec01eda-GrpcLogAppender: Timed out HEARTBEAT appendEntries, errorCount=14, request=AppendEntriesRequest:cid=4632,entriesCount=0
2025-07-02 18:46:10,522 [grpc-default-executor-2] ERROR impl.OrderedAsync (OrderedAsync.java:lambda$null$6(215)) -  client-F93B43F3F889: Failed* RaftClientRequest:client-F93B43F3F889->71a26ef2-e834-411c-97c5-a30c78105e8f@group-9A9972B2E833, cid=162, seq=4*, RW, cmdType: WriteChunk
traceID: ""
containerID: 7
datanodeUuid: "71a26ef2-e834-411c-97c5-a30c78105e8f"
writeChunk {
  blockID {
    containerID: 7
    localID: 115816896921600007
    blockCommitSequenceId: 2
    replicaIndex: 0
  }
  chunkData {
    chunkName: "115816896921600007_chunk_2"
    offset: 5
    len: 5
    checksumData {
      type: CRC32
      bytesPerChecksum: 16384
      checksums: "\350a\3440"
    }
  }
}
version: 3
, data.size=5
java.util.concurrent.CompletionException: org.apache.ratis.protocol.exceptions.GroupMismatchException: 71a26ef2-e834-411c-97c5-a30c78105e8f: group-9A9972B2E833 not found.
	at java.base/java.util.concurrent.CompletableFuture.encodeThrowable(CompletableFuture.java:332)
	at java.base/java.util.concurrent.CompletableFuture.completeThrowable(CompletableFuture.java:347)
	at java.base/java.util.concurrent.CompletableFuture$UniAccept.tryFire(CompletableFuture.java:708)
	at java.base/java.util.concurrent.CompletableFuture.postComplete(CompletableFuture.java:510)
	at java.base/java.util.concurrent.CompletableFuture.completeExceptionally(CompletableFuture.java:2194)
	at org.apache.ratis.grpc.client.GrpcClientProtocolClient$AsyncStreamObservers.completeReplyExceptionally(GrpcClientProtocolClient.java:397)
	at org.apache.ratis.grpc.client.GrpcClientProtocolClient$AsyncStreamObservers.access$000(GrpcClientProtocolClient.java:303)
	at org.apache.ratis.grpc.client.GrpcClientProtocolClient$AsyncStreamObservers$1.onError(GrpcClientProtocolClient.java:334)
	at org.apache.ratis.thirdparty.io.grpc.stub.ClientCalls$StreamObserverToCallListenerAdapter.onClose(ClientCalls.java:564)
	at org.apache.ratis.thirdparty.io.grpc.PartialForwardingClientCallListener.onClose(PartialForwardingClientCallListener.java:39)
	at org.apache.ratis.thirdparty.io.grpc.ForwardingClientCallListener.onClose(ForwardingClientCallListener.java:23)
	at org.apache.ratis.grpc.metrics.intercept.client.MetricClientCallListener.onClose(MetricClientCallListener.java:47)
	at org.apache.ratis.thirdparty.io.grpc.internal.DelayedClientCall$DelayedListener$3.run(DelayedClientCall.java:489)
	at org.apache.ratis.thirdparty.io.grpc.internal.DelayedClientCall$DelayedListener.delayOrExecute(DelayedClientCall.java:453)
	at org.apache.ratis.thirdparty.io.grpc.internal.DelayedClientCall$DelayedListener.onClose(DelayedClientCall.java:486)
	at org.apache.ratis.thirdparty.io.grpc.internal.ClientCallImpl.closeObserver(ClientCallImpl.java:565)
	at org.apache.ratis.thirdparty.io.grpc.internal.ClientCallImpl.access$100(ClientCallImpl.java:72)
	at org.apache.ratis.thirdparty.io.grpc.internal.ClientCallImpl$ClientStreamListenerImpl$1StreamClosed.runInternal(ClientCallImpl.java:733)
	at org.apache.ratis.thirdparty.io.grpc.internal.ClientCallImpl$ClientStreamListenerImpl$1StreamClosed.runInContext(ClientCallImpl.java:714)
	at org.apache.ratis.thirdparty.io.grpc.internal.ContextRunnable.run(ContextRunnable.java:37)
	at org.apache.ratis.thirdparty.io.grpc.internal.SerializingExecutor.run(SerializingExecutor.java:133)
	at java.base/java.util.concurrent.ThreadPoolExecutor.runWorker(ThreadPoolExecutor.java:1144)
	at java.base/java.util.concurrent.ThreadPoolExecutor$Worker.run(ThreadPoolExecutor.java:642)
	at java.base/java.lang.Thread.run(Thread.java:1583)
Caused by: org.apache.ratis.protocol.exceptions.GroupMismatchException: 71a26ef2-e834-411c-97c5-a30c78105e8f: group-9A9972B2E833 not found.
	at org.apache.ratis.server.impl.RaftServerProxy$ImplMap.get(RaftServerProxy.java:160)
	at org.apache.ratis.server.impl.RaftServerProxy.getImplFuture(RaftServerProxy.java:370)
	at org.apache.ratis.server.impl.RaftServerProxy.submitClientRequestAsync(RaftServerProxy.java:455)
	at org.apache.ratis.grpc.server.GrpcClientProtocolService$RequestStreamObserver.processClientRequest(GrpcClientProtocolService.java:226)
	at org.apache.ratis.grpc.server.GrpcClientProtocolService$OrderedRequestStreamObserver.processClientRequest(GrpcClientProtocolService.java:332)
	at org.apache.ratis.util.SlidingWindow$Server.processRequestsFromHead(SlidingWindow.java:467)
	at org.apache.ratis.util.SlidingWindow$Server.receivedRequest(SlidingWindow.java:459)
	at org.apache.ratis.grpc.server.GrpcClientProtocolService$OrderedRequestStreamObserver.processClientRequest(GrpcClientProtocolService.java:356)
	at org.apache.ratis.grpc.server.GrpcClientProtocolService$RequestStreamObserver.onNext(GrpcClientProtocolService.java:246)
	at org.apache.ratis.grpc.server.GrpcClientProtocolService$RequestStreamObserver.onNext(GrpcClientProtocolService.java:169)
	at org.apache.ratis.thirdparty.io.grpc.stub.ServerCalls$StreamingServerCallHandler$StreamingServerCallListener.onMessage(ServerCalls.java:262)
	at org.apache.ratis.thirdparty.io.grpc.internal.ServerCallImpl$ServerStreamListenerImpl.messagesAvailableInternal(ServerCallImpl.java:334)
	at org.apache.ratis.thirdparty.io.grpc.internal.ServerCallImpl$ServerStreamListenerImpl.messagesAvailable(ServerCallImpl.java:319)
	at org.apache.ratis.thirdparty.io.grpc.internal.ServerImpl$JumpToApplicationThreadServerStreamListener$1MessagesAvailable.runInContext(ServerImpl.java:834)
	... 5 more
2025-07-02 18:46:10,522 [grpc-default-executor-2] ERROR impl.OrderedAsync (OrderedAsync.java:lambda$send$4(181)) - Failed to send request, message=cmdType: WriteChunk
traceID: ""
containerID: 7
datanodeUuid: "71a26ef2-e834-411c-97c5-a30c78105e8f"
writeChunk {
  blockID {
    containerID: 7
    localID: 115816896921600007
    blockCommitSequenceId: 2
    replicaIndex: 0
  }
  chunkData {
    chunkName: "115816896921600007_chunk_2"
    offset: 5
    len: 5
    checksumData {
      type: CRC32
      bytesPerChecksum: 16384
      checksums: "\350a\3440"
    }
  }
}
version: 3
, data.size=5
java.util.concurrent.CompletionException: org.apache.ratis.protocol.exceptions.GroupMismatchException: 71a26ef2-e834-411c-97c5-a30c78105e8f: group-9A9972B2E833 not found.
	at java.base/java.util.concurrent.CompletableFuture.encodeThrowable(CompletableFuture.java:332)
	at java.base/java.util.concurrent.CompletableFuture.completeThrowable(CompletableFuture.java:347)
	at java.base/java.util.concurrent.CompletableFuture$UniApply.tryFire(CompletableFuture.java:636)
	at java.base/java.util.concurrent.CompletableFuture.postComplete(CompletableFuture.java:510)
	at java.base/java.util.concurrent.CompletableFuture.completeExceptionally(CompletableFuture.java:2194)
	at org.apache.ratis.client.impl.OrderedAsync$PendingOrderedRequest.fail(OrderedAsync.java:111)
	at org.apache.ratis.util.SlidingWindow$Client.fail(SlidingWindow.java:395)
	at org.apache.ratis.client.impl.OrderedAsync.failAllAsyncRequests(OrderedAsync.java:155)
	at org.apache.ratis.client.impl.OrderedAsync.handleException(OrderedAsync.java:232)
	at org.apache.ratis.client.impl.OrderedAsync.lambda$sendRequestWithRetry$7(OrderedAsync.java:217)
	at java.base/java.util.concurrent.CompletableFuture.uniExceptionally(CompletableFuture.java:990)
	at java.base/java.util.concurrent.CompletableFuture$UniExceptionally.tryFire(CompletableFuture.java:974)
	at java.base/java.util.concurrent.CompletableFuture.postComplete(CompletableFuture.java:510)
	at java.base/java.util.concurrent.CompletableFuture.completeExceptionally(CompletableFuture.java:2194)
	at org.apache.ratis.grpc.client.GrpcClientProtocolClient$AsyncStreamObservers.completeReplyExceptionally(GrpcClientProtocolClient.java:397)
	at org.apache.ratis.grpc.client.GrpcClientProtocolClient$AsyncStreamObservers.access$000(GrpcClientProtocolClient.java:303)
	at org.apache.ratis.grpc.client.GrpcClientProtocolClient$AsyncStreamObservers$1.onError(GrpcClientProtocolClient.java:334)
	at org.apache.ratis.thirdparty.io.grpc.stub.ClientCalls$StreamObserverToCallListenerAdapter.onClose(ClientCalls.java:564)
	at org.apache.ratis.thirdparty.io.grpc.PartialForwardingClientCallListener.onClose(PartialForwardingClientCallListener.java:39)
	at org.apache.ratis.thirdparty.io.grpc.ForwardingClientCallListener.onClose(ForwardingClientCallListener.java:23)
	at org.apache.ratis.grpc.metrics.intercept.client.MetricClientCallListener.onClose(MetricClientCallListener.java:47)
	at org.apache.ratis.thirdparty.io.grpc.internal.DelayedClientCall$DelayedListener$3.run(DelayedClientCall.java:489)
	at org.apache.ratis.thirdparty.io.grpc.internal.DelayedClientCall$DelayedListener.delayOrExecute(DelayedClientCall.java:453)
	at org.apache.ratis.thirdparty.io.grpc.internal.DelayedClientCall$DelayedListener.onClose(DelayedClientCall.java:486)
	at org.apache.ratis.thirdparty.io.grpc.internal.ClientCallImpl.closeObserver(ClientCallImpl.java:565)
	at org.apache.ratis.thirdparty.io.grpc.internal.ClientCallImpl.access$100(ClientCallImpl.java:72)
	at org.apache.ratis.thirdparty.io.grpc.internal.ClientCallImpl$ClientStreamListenerImpl$1StreamClosed.runInternal(ClientCallImpl.java:733)
	at org.apache.ratis.thirdparty.io.grpc.internal.ClientCallImpl$ClientStreamListenerImpl$1StreamClosed.runInContext(ClientCallImpl.java:714)
	at org.apache.ratis.thirdparty.io.grpc.internal.ContextRunnable.run(ContextRunnable.java:37)
	at org.apache.ratis.thirdparty.io.grpc.internal.SerializingExecutor.run(SerializingExecutor.java:133)
	at java.base/java.util.concurrent.ThreadPoolExecutor.runWorker(ThreadPoolExecutor.java:1144)
	at java.base/java.util.concurrent.ThreadPoolExecutor$Worker.run(ThreadPoolExecutor.java:642)
	at java.base/java.lang.Thread.run(Thread.java:1583)
Caused by: org.apache.ratis.protocol.exceptions.GroupMismatchException: 71a26ef2-e834-411c-97c5-a30c78105e8f: group-9A9972B2E833 not found.
	at org.apache.ratis.server.impl.RaftServerProxy$ImplMap.get(RaftServerProxy.java:160)
	at org.apache.ratis.server.impl.RaftServerProxy.getImplFuture(RaftServerProxy.java:370)
	at org.apache.ratis.server.impl.RaftServerProxy.submitClientRequestAsync(RaftServerProxy.java:455)
	at org.apache.ratis.grpc.server.GrpcClientProtocolService$RequestStreamObserver.processClientRequest(GrpcClientProtocolService.java:226)
	at org.apache.ratis.grpc.server.GrpcClientProtocolService$OrderedRequestStreamObserver.processClientRequest(GrpcClientProtocolService.java:332)
	at org.apache.ratis.util.SlidingWindow$Server.processRequestsFromHead(SlidingWindow.java:467)
	at org.apache.ratis.util.SlidingWindow$Server.receivedRequest(SlidingWindow.java:459)
	at org.apache.ratis.grpc.server.GrpcClientProtocolService$OrderedRequestStreamObserver.processClientRequest(GrpcClientProtocolService.java:356)
	at org.apache.ratis.grpc.server.GrpcClientProtocolService$RequestStreamObserver.onNext(GrpcClientProtocolService.java:246)
	at org.apache.ratis.grpc.server.GrpcClientProtocolService$RequestStreamObserver.onNext(GrpcClientProtocolService.java:169)
	at org.apache.ratis.thirdparty.io.grpc.stub.ServerCalls$StreamingServerCallHandler$StreamingServerCallListener.onMessage(ServerCalls.java:262)
	at org.apache.ratis.thirdparty.io.grpc.internal.ServerCallImpl$ServerStreamListenerImpl.messagesAvailableInternal(ServerCallImpl.java:334)
	at org.apache.ratis.thirdparty.io.grpc.internal.ServerCallImpl$ServerStreamListenerImpl.messagesAvailable(ServerCallImpl.java:319)
	at org.apache.ratis.thirdparty.io.grpc.internal.ServerImpl$JumpToApplicationThreadServerStreamListener$1MessagesAvailable.runInContext(ServerImpl.java:834)
	... 5 more
2025-07-02 18:46:10,523 [grpc-default-executor-2] ERROR impl.OrderedAsync (OrderedAsync.java:lambda$send$4(179)) - Failed to send request, message=cmdType: PutBlock
traceID: ""
containerID: 7
datanodeUuid: "71a26ef2-e834-411c-97c5-a30c78105e8f"
putBlock {
  blockData {
    blockID {
      containerID: 7
      localID: 115816896921600007
      blockCommitSequenceId: 0
    }
    metadata {
      key: "TYPE"
      value: "KEY"
    }
    chunks {
      chunkName: "115816896921600007_chunk_1"
      offset: 0
      len: 5
      checksumData {
        type: CRC32
        bytesPerChecksum: 16384
        checksums: "\350a\3440"
      }
    }
    chunks {
      chunkName: "115816896921600007_chunk_2"
      offset: 5
      len: 5
      checksumData {
        type: CRC32
        bytesPerChecksum: 16384
        checksums: "\350a\3440"
      }
    }
  }
  eof: true
}
version: 3
, data.size=0 due to java.util.concurrent.CompletionException: org.apache.ratis.protocol.exceptions.AlreadyClosedException: SlidingWindow$Client:client-F93B43F3F889->RAFT is closed.
2025-07-02 18:46:10,523 [main] WARN  io.KeyOutputStream (KeyOutputStream.java:handleExceptionInternal(377)) - Encountered exception java.io.IOException: Unexpected Storage Container Exception: java.util.concurrent.CompletionException: Failed to write chunk 115816896921600007_chunk_2 into block conID: 7 locID: 115816896921600007 bcsId: 2 replicaIndex: null on the pipeline Pipeline{ Id: 5f27ba15-5844-4016-b075-9a9972b2e833, Nodes: [ {71a26ef2-e834-411c-97c5-a30c78105e8f(localhost/127.0.0.1), ReplicaIndex: 0},], ReplicationConfig: RATIS/ONE, State:OPEN, leaderId:71a26ef2-e834-411c-97c5-a30c78105e8f, CreationTimestamp2025-07-02T18:45:19.749Z[Etc/UTC]}. The last committed block length is 5, uncommitted data length is 5 retry count 0
2025-07-02 18:46:10,543 [f74b8a39-8cc1-4de2-93c6-02015e72cd55-ChunkWriter-0-0] WARN  statemachine.DatanodeConfiguration (DatanodeConfiguration.java:validateMinFreeSpace(751)) - hdds.datanode.volume.min.free.space.percent = -1.0 is invalid, should be between 0 and 1
2025-07-02 18:46:10,543 [f74b8a39-8cc1-4de2-93c6-02015e72cd55-ChunkWriter-0-0] WARN  statemachine.DatanodeConfiguration (DatanodeConfiguration.java:validateMinFreeSpace(751)) - hdds.datanode.volume.min.free.space.percent = -1.0 is invalid, should be between 0 and 1
2025-07-02 18:46:10,552 [main] INFO  io.BlockOutputStreamEntry (BlockOutputStreamEntry.java:writeOnRetry(192)) - BlockOutputStreamEntry:ratis conID: 8 locID: 115816896921600008 bcsId: 0 replicaIndex: null: Finish retrying with len 5, currentPosition 5
2025-07-02 18:46:10,552 [main] INFO  io.BlockOutputStreamEntry (BlockOutputStreamEntry.java:finishRetryHandling(141)) - BlockOutputStreamEntry:ratis conID: 8 locID: 115816896921600008 bcsId: 0 replicaIndex: null: Exiting retry handling mode
2025-07-02 18:46:10,556 [f74b8a39-8cc1-4de2-93c6-02015e72cd55@group-1A6A497D59C1-StateMachineUpdater] INFO  ratis.ContainerStateMachine (ContainerStateMachine.java:takeSnapshot(427)) - group-1A6A497D59C1: Taking a snapshot at:(t:1, i:4) file /home/runner/work/ozone/ozone/hadoop-ozone/integration-test/target/test-dir/MiniOzoneClusterImpl-b7e00dfa-d3b8-45cf-9d3a-2bd5fdfebf54/ozone-meta/datanode-10/ratis/f2672252-0062-4747-8508-1a6a497d59c1/sm/snapshot.1_4
2025-07-02 18:46:10,558 [f74b8a39-8cc1-4de2-93c6-02015e72cd55@group-1A6A497D59C1-StateMachineUpdater] INFO  ratis.ContainerStateMachine (ContainerStateMachine.java:takeSnapshot(436)) - group-1A6A497D59C1: Finished taking a snapshot at:(t:1, i:4) file:/home/runner/work/ozone/ozone/hadoop-ozone/integration-test/target/test-dir/MiniOzoneClusterImpl-b7e00dfa-d3b8-45cf-9d3a-2bd5fdfebf54/ozone-meta/datanode-10/ratis/f2672252-0062-4747-8508-1a6a497d59c1/sm/snapshot.1_4 took: 2 ms
2025-07-02 18:46:10,558 [f74b8a39-8cc1-4de2-93c6-02015e72cd55@group-1A6A497D59C1-StateMachineUpdater] INFO  impl.StateMachineUpdater (StateMachineUpdater.java:takeSnapshot(307)) - f74b8a39-8cc1-4de2-93c6-02015e72cd55@group-1A6A497D59C1-StateMachineUpdater: Took a snapshot at index 4
2025-07-02 18:46:10,558 [f74b8a39-8cc1-4de2-93c6-02015e72cd55@group-1A6A497D59C1-StateMachineUpdater] INFO  impl.StateMachineUpdater (StateMachineUpdater.java:lambda$new$0(101)) - f74b8a39-8cc1-4de2-93c6-02015e72cd55@group-1A6A497D59C1-StateMachineUpdater: snapshotIndex: updateIncreasingly 0 -> 4
2025-07-02 18:46:10,558 [f74b8a39-8cc1-4de2-93c6-02015e72cd55@group-1A6A497D59C1-StateMachineUpdater] INFO  ratis.ContainerStateMachine (ContainerStateMachine.java:takeSnapshot(427)) - group-1A6A497D59C1: Taking a snapshot at:(t:1, i:5) file /home/runner/work/ozone/ozone/hadoop-ozone/integration-test/target/test-dir/MiniOzoneClusterImpl-b7e00dfa-d3b8-45cf-9d3a-2bd5fdfebf54/ozone-meta/datanode-10/ratis/f2672252-0062-4747-8508-1a6a497d59c1/sm/snapshot.1_5
2025-07-02 18:46:10,559 [f74b8a39-8cc1-4de2-93c6-02015e72cd55@group-1A6A497D59C1-StateMachineUpdater] INFO  ratis.ContainerStateMachine (ContainerStateMachine.java:takeSnapshot(436)) - group-1A6A497D59C1: Finished taking a snapshot at:(t:1, i:5) file:/home/runner/work/ozone/ozone/hadoop-ozone/integration-test/target/test-dir/MiniOzoneClusterImpl-b7e00dfa-d3b8-45cf-9d3a-2bd5fdfebf54/ozone-meta/datanode-10/ratis/f2672252-0062-4747-8508-1a6a497d59c1/sm/snapshot.1_5 took: 1 ms
2025-07-02 18:46:10,559 [f74b8a39-8cc1-4de2-93c6-02015e72cd55@group-1A6A497D59C1-StateMachineUpdater] INFO  impl.StateMachineUpdater (StateMachineUpdater.java:takeSnapshot(307)) - f74b8a39-8cc1-4de2-93c6-02015e72cd55@group-1A6A497D59C1-StateMachineUpdater: Took a snapshot at index 5
2025-07-02 18:46:10,559 [f74b8a39-8cc1-4de2-93c6-02015e72cd55@group-1A6A497D59C1-StateMachineUpdater] INFO  impl.StateMachineUpdater (StateMachineUpdater.java:lambda$new$0(101)) - f74b8a39-8cc1-4de2-93c6-02015e72cd55@group-1A6A497D59C1-StateMachineUpdater: snapshotIndex: updateIncreasingly 4 -> 5
2025-07-02 18:46:10,565 [main] INFO  ozoneimpl.OzoneContainer (OzoneContainer.java:stop(544)) - Attempting to stop container services.
2025-07-02 18:46:10,566 [ContainerMetadataScanner] WARN  ozoneimpl.AbstractBackgroundContainerScanner (AbstractBackgroundContainerScanner.java:handleRemainingSleep(136)) - Background container scan was interrupted.
2025-07-02 18:46:10,566 [ContainerMetadataScanner] INFO  ozoneimpl.AbstractBackgroundContainerScanner (AbstractBackgroundContainerScanner.java:run(63)) - org.apache.hadoop.ozone.container.ozoneimpl.BackgroundContainerMetadataScanner@56becf2d exiting.
2025-07-02 18:46:10,566 [main] INFO  ozoneimpl.BackgroundContainerDataScanner (BackgroundContainerDataScanner.java:shutdown(87)) - ContainerDataScanner(/home/runner/work/ozone/ozone/hadoop-ozone/integration-test/target/test-dir/MiniOzoneClusterImpl-b7e00dfa-d3b8-45cf-9d3a-2bd5fdfebf54/ozone-meta/datanode-8/data-0/hdds) is shutting down. 
2025-07-02 18:46:10,566 [ContainerDataScanner(/home/runner/work/ozone/ozone/hadoop-ozone/integration-test/target/test-dir/MiniOzoneClusterImpl-b7e00dfa-d3b8-45cf-9d3a-2bd5fdfebf54/ozone-meta/datanode-8/data-0/hdds)] WARN  ozoneimpl.AbstractBackgroundContainerScanner (AbstractBackgroundContainerScanner.java:handleRemainingSleep(136)) - Background container scan was interrupted.
2025-07-02 18:46:10,566 [ContainerDataScanner(/home/runner/work/ozone/ozone/hadoop-ozone/integration-test/target/test-dir/MiniOzoneClusterImpl-b7e00dfa-d3b8-45cf-9d3a-2bd5fdfebf54/ozone-meta/datanode-8/data-0/hdds)] INFO  ozoneimpl.AbstractBackgroundContainerScanner (AbstractBackgroundContainerScanner.java:run(63)) - ContainerDataScanner(/home/runner/work/ozone/ozone/hadoop-ozone/integration-test/target/test-dir/MiniOzoneClusterImpl-b7e00dfa-d3b8-45cf-9d3a-2bd5fdfebf54/ozone-meta/datanode-8/data-0/hdds, DS-ac9047c9-d244-486d-8922-2fa5c2d1a2b6) exiting.
2025-07-02 18:46:10,566 [main] INFO  ozoneimpl.OnDemandContainerDataScanner (OnDemandContainerDataScanner.java:shutdown(124)) - On-demand container scanner is shutting down.
2025-07-02 18:46:10,567 [main] INFO  ratis.XceiverServerRatis (XceiverServerRatis.java:stop(594)) - Closing XceiverServerRatis(71a26ef2-e834-411c-97c5-a30c78105e8f)
2025-07-02 18:46:10,567 [main] INFO  server.RaftServer (RaftServerProxy.java:lambda$close$9(422)) - 71a26ef2-e834-411c-97c5-a30c78105e8f: close
2025-07-02 18:46:10,567 [71a26ef2-e834-411c-97c5-a30c78105e8f-impl-thread1] INFO  server.RaftServer$Division (RaftServerImpl.java:lambda$close$1(527)) - 71a26ef2-e834-411c-97c5-a30c78105e8f@group-8FD04F33EAC3: shutdown
2025-07-02 18:46:10,568 [71a26ef2-e834-411c-97c5-a30c78105e8f-impl-thread1] INFO  util.JmxRegister (JmxRegister.java:unregister(74)) - Successfully un-registered JMX Bean with object name Ratis:service=RaftServer,group=group-8FD04F33EAC3,id=71a26ef2-e834-411c-97c5-a30c78105e8f
2025-07-02 18:46:10,568 [71a26ef2-e834-411c-97c5-a30c78105e8f-impl-thread1] INFO  impl.RoleInfo (RoleInfo.java:shutdownFollowerState(121)) - 71a26ef2-e834-411c-97c5-a30c78105e8f: shutdown 71a26ef2-e834-411c-97c5-a30c78105e8f@group-8FD04F33EAC3-FollowerState
2025-07-02 18:46:10,568 [71a26ef2-e834-411c-97c5-a30c78105e8f-impl-thread1] INFO  impl.StateMachineUpdater (StateMachineUpdater.java:stopAndJoin(163)) - 71a26ef2-e834-411c-97c5-a30c78105e8f@group-8FD04F33EAC3-StateMachineUpdater: set stopIndex = 0
2025-07-02 18:46:10,568 [71a26ef2-e834-411c-97c5-a30c78105e8f-impl-thread2] INFO  server.RaftServer$Division (RaftServerImpl.java:lambda$close$1(527)) - 71a26ef2-e834-411c-97c5-a30c78105e8f@group-2788C300D651: shutdown
2025-07-02 18:46:10,568 [71a26ef2-e834-411c-97c5-a30c78105e8f@group-8FD04F33EAC3-FollowerState] INFO  impl.FollowerState (FollowerState.java:runImpl(170)) - 71a26ef2-e834-411c-97c5-a30c78105e8f@group-8FD04F33EAC3-FollowerState was interrupted
2025-07-02 18:46:10,568 [71a26ef2-e834-411c-97c5-a30c78105e8f-impl-thread2] INFO  util.JmxRegister (JmxRegister.java:unregister(74)) - Successfully un-registered JMX Bean with object name Ratis:service=RaftServer,group=group-2788C300D651,id=71a26ef2-e834-411c-97c5-a30c78105e8f
2025-07-02 18:46:10,568 [71a26ef2-e834-411c-97c5-a30c78105e8f-impl-thread2] INFO  impl.RoleInfo (RoleInfo.java:shutdownFollowerState(121)) - 71a26ef2-e834-411c-97c5-a30c78105e8f: shutdown 71a26ef2-e834-411c-97c5-a30c78105e8f@group-2788C300D651-FollowerState
2025-07-02 18:46:10,568 [main] INFO  server.GrpcServicesImpl (GrpcServicesImpl.java:closeImpl(355)) - 71a26ef2-e834-411c-97c5-a30c78105e8f: shutdown server org.apache.ratis.grpc.server.GrpcClientProtocolService now
2025-07-02 18:46:10,568 [71a26ef2-e834-411c-97c5-a30c78105e8f-impl-thread2] INFO  impl.StateMachineUpdater (StateMachineUpdater.java:stopAndJoin(163)) - 71a26ef2-e834-411c-97c5-a30c78105e8f@group-2788C300D651-StateMachineUpdater: set stopIndex = 0
2025-07-02 18:46:10,568 [71a26ef2-e834-411c-97c5-a30c78105e8f@group-2788C300D651-FollowerState] INFO  impl.FollowerState (FollowerState.java:runImpl(170)) - 71a26ef2-e834-411c-97c5-a30c78105e8f@group-2788C300D651-FollowerState was interrupted
2025-07-02 18:46:10,568 [71a26ef2-e834-411c-97c5-a30c78105e8f@group-2788C300D651-StateMachineUpdater] INFO  impl.StateMachineUpdater (StateMachineUpdater.java:stop(140)) - 71a26ef2-e834-411c-97c5-a30c78105e8f@group-2788C300D651-StateMachineUpdater: closing ContainerStateMachine, lastApplied=(t:1, i:0)
2025-07-02 18:46:10,569 [71a26ef2-e834-411c-97c5-a30c78105e8f@group-8FD04F33EAC3-StateMachineUpdater] INFO  impl.StateMachineUpdater (StateMachineUpdater.java:stop(140)) - 71a26ef2-e834-411c-97c5-a30c78105e8f@group-8FD04F33EAC3-StateMachineUpdater: closing ContainerStateMachine, lastApplied=(t:1, i:0)
2025-07-02 18:46:10,569 [71a26ef2-e834-411c-97c5-a30c78105e8f@group-2788C300D651-cacheEviction-AwaitToRun] INFO  util.AwaitToRun (AwaitToRun.java:run(49)) - 71a26ef2-e834-411c-97c5-a30c78105e8f@group-2788C300D651-cacheEviction-AwaitToRun-AwaitForSignal is interrupted
2025-07-02 18:46:10,569 [71a26ef2-e834-411c-97c5-a30c78105e8f@group-8FD04F33EAC3-cacheEviction-AwaitToRun] INFO  util.AwaitToRun (AwaitToRun.java:run(49)) - 71a26ef2-e834-411c-97c5-a30c78105e8f@group-8FD04F33EAC3-cacheEviction-AwaitToRun-AwaitForSignal is interrupted
2025-07-02 18:46:10,571 [main] INFO  server.GrpcServicesImpl (GrpcServicesImpl.java:closeImpl(364)) - 71a26ef2-e834-411c-97c5-a30c78105e8f: shutdown server org.apache.ratis.grpc.server.GrpcClientProtocolService successfully
2025-07-02 18:46:10,571 [main] INFO  server.GrpcServicesImpl (GrpcServicesImpl.java:closeImpl(355)) - 71a26ef2-e834-411c-97c5-a30c78105e8f: shutdown server GrpcServerProtocolService now
2025-07-02 18:46:10,571 [grpc-default-executor-3] WARN  server.GrpcServerProtocolService (LogUtils.java:warn(127)) - 71a26ef2-e834-411c-97c5-a30c78105e8f: APPEND_ENTRIES onError, lastRequest: null: org.apache.ratis.thirdparty.io.grpc.StatusRuntimeException: CANCELLED: client cancelled
2025-07-02 18:46:10,572 [main] INFO  server.GrpcServicesImpl (GrpcServicesImpl.java:closeImpl(364)) - 71a26ef2-e834-411c-97c5-a30c78105e8f: shutdown server GrpcServerProtocolService successfully
2025-07-02 18:46:10,572 [main] INFO  server.GrpcServicesImpl (GrpcServicesImpl.java:closeImpl(355)) - 71a26ef2-e834-411c-97c5-a30c78105e8f: shutdown server org.apache.ratis.grpc.server.GrpcAdminProtocolService now
2025-07-02 18:46:10,572 [main] INFO  server.GrpcServicesImpl (GrpcServicesImpl.java:closeImpl(364)) - 71a26ef2-e834-411c-97c5-a30c78105e8f: shutdown server org.apache.ratis.grpc.server.GrpcAdminProtocolService successfully
2025-07-02 18:46:10,572 [grpc-default-executor-4] WARN  server.GrpcServerProtocolService (LogUtils.java:warn(127)) - 71a26ef2-e834-411c-97c5-a30c78105e8f: APPEND_ENTRIES onError, lastRequest: null: org.apache.ratis.thirdparty.io.grpc.StatusRuntimeException: CANCELLED: client cancelled
2025-07-02 18:46:10,573 [grpc-default-executor-3] WARN  server.GrpcLogAppender (LogUtils.java:warn(127)) - 9eb5a351-9325-4150-9d0a-de2b7d27d48d@group-8FD04F33EAC3->71a26ef2-e834-411c-97c5-a30c78105e8f-AppendLogResponseHandler: Failed appendEntries: org.apache.ratis.thirdparty.io.grpc.StatusRuntimeException: CANCELLED: RST_STREAM closed stream. HTTP/2 error code: CANCEL
2025-07-02 18:46:10,573 [grpc-default-executor-0] WARN  server.GrpcLogAppender (LogUtils.java:warn(127)) - 92aeff0d-b8ac-4e9e-9ba6-1724c63a8401@group-2788C300D651->71a26ef2-e834-411c-97c5-a30c78105e8f-AppendLogResponseHandler: Failed appendEntries: org.apache.ratis.thirdparty.io.grpc.StatusRuntimeException: CANCELLED: RST_STREAM closed stream. HTTP/2 error code: CANCEL
2025-07-02 18:46:10,573 [grpc-default-executor-3] WARN  server.GrpcLogAppender (GrpcLogAppender.java:lambda$resetClient$1(228)) - 9eb5a351-9325-4150-9d0a-de2b7d27d48d@group-8FD04F33EAC3->71a26ef2-e834-411c-97c5-a30c78105e8f-GrpcLogAppender: Follower failed (request=null, errorCount=1); keep nextIndex (1) unchanged and retry.
2025-07-02 18:46:10,580 [71a26ef2-e834-411c-97c5-a30c78105e8f-NettyServerStreamRpc-bossGroup--thread1] INFO  logging.LoggingHandler (AbstractInternalLogger.java:log(148)) - [id: 0xfbd37cc1, L:/0.0.0.0:15072] CLOSE
2025-07-02 18:46:10,581 [71a26ef2-e834-411c-97c5-a30c78105e8f-NettyServerStreamRpc-bossGroup--thread1] INFO  logging.LoggingHandler (AbstractInternalLogger.java:log(148)) - [id: 0xfbd37cc1, L:/0.0.0.0:15072] INACTIVE
2025-07-02 18:46:10,581 [71a26ef2-e834-411c-97c5-a30c78105e8f-NettyServerStreamRpc-bossGroup--thread1] INFO  logging.LoggingHandler (AbstractInternalLogger.java:log(148)) - [id: 0xfbd37cc1, L:/0.0.0.0:15072] UNREGISTERED
2025-07-02 18:46:10,584 [grpc-default-executor-2] WARN  server.GrpcServerProtocolService (LogUtils.java:warn(127)) - 71a26ef2-e834-411c-97c5-a30c78105e8f: APPEND_ENTRIES onError, lastRequest: 92aeff0d-b8ac-4e9e-9ba6-1724c63a8401->71a26ef2-e834-411c-97c5-a30c78105e8f#1-t1,previous=<PROTO_DEFAULT>,leaderCommit=-1,initializing? false,entries: size=1, first=(t:1, i:0), CONFIGURATIONENTRY(current:id:"9eb5a351-9325-4150-9d0a-de2b7d27d48d"address:"127.0.0.1:15079"dataStreamAddress:"127.0.0.1:15080"clientAddress:"127.0.0.1:15077"adminAddress:"127.0.0.1:15078"startupRole:FOLLOWER, id:"71a26ef2-e834-411c-97c5-a30c78105e8f"address:"127.0.0.1:15071"dataStreamAddress:"127.0.0.1:15072"clientAddress:"127.0.0.1:15069"adminAddress:"127.0.0.1:15070"startupRole:FOLLOWER, id:"92aeff0d-b8ac-4e9e-9ba6-1724c63a8401"address:"127.0.0.1:15063"priority:1dataStreamAddress:"127.0.0.1:15064"clientAddress:"127.0.0.1:15061"adminAddress:"127.0.0.1:15062"startupRole:FOLLOWER, old:): org.apache.ratis.thirdparty.io.grpc.StatusRuntimeException: CANCELLED: client cancelled
2025-07-02 18:46:10,584 [grpc-default-executor-6] WARN  server.GrpcServerProtocolService (LogUtils.java:warn(127)) - 71a26ef2-e834-411c-97c5-a30c78105e8f: APPEND_ENTRIES onError, lastRequest: 9eb5a351-9325-4150-9d0a-de2b7d27d48d->71a26ef2-e834-411c-97c5-a30c78105e8f#1-t1,previous=<PROTO_DEFAULT>,leaderCommit=-1,initializing? false,entries: size=1, first=(t:1, i:0), CONFIGURATIONENTRY(current:id:"9eb5a351-9325-4150-9d0a-de2b7d27d48d"address:"127.0.0.1:15079"priority:1dataStreamAddress:"127.0.0.1:15080"clientAddress:"127.0.0.1:15077"adminAddress:"127.0.0.1:15078"startupRole:FOLLOWER, id:"71a26ef2-e834-411c-97c5-a30c78105e8f"address:"127.0.0.1:15071"dataStreamAddress:"127.0.0.1:15072"clientAddress:"127.0.0.1:15069"adminAddress:"127.0.0.1:15070"startupRole:FOLLOWER, id:"92aeff0d-b8ac-4e9e-9ba6-1724c63a8401"address:"127.0.0.1:15063"dataStreamAddress:"127.0.0.1:15064"clientAddress:"127.0.0.1:15061"adminAddress:"127.0.0.1:15062"startupRole:FOLLOWER, old:): org.apache.ratis.thirdparty.io.grpc.StatusRuntimeException: CANCELLED: client cancelled
2025-07-02 18:46:10,813 [71a26ef2-e834-411c-97c5-a30c78105e8f-impl-thread1] INFO  segmented.SegmentedRaftLogWorker (SegmentedRaftLogWorker.java:close(254)) - 71a26ef2-e834-411c-97c5-a30c78105e8f@group-8FD04F33EAC3-SegmentedRaftLogWorker close()
2025-07-02 18:46:10,814 [71a26ef2-e834-411c-97c5-a30c78105e8f-impl-thread1] INFO  ratis.ContainerStateMachine (ContainerStateMachine.java:notifyServerShutdown(1038)) - group-8FD04F33EAC3 is closed by HddsDatanodeService
2025-07-02 18:46:11,426 [71a26ef2-e834-411c-97c5-a30c78105e8f-impl-thread2] INFO  segmented.SegmentedRaftLogWorker (SegmentedRaftLogWorker.java:close(254)) - 71a26ef2-e834-411c-97c5-a30c78105e8f@group-2788C300D651-SegmentedRaftLogWorker close()
2025-07-02 18:46:11,426 [71a26ef2-e834-411c-97c5-a30c78105e8f-impl-thread2] INFO  ratis.ContainerStateMachine (ContainerStateMachine.java:notifyServerShutdown(1038)) - group-2788C300D651 is closed by HddsDatanodeService
2025-07-02 18:46:11,426 [JvmPauseMonitor10] INFO  util.JvmPauseMonitor (JvmPauseMonitor.java:run(152)) - JvmPauseMonitor-71a26ef2-e834-411c-97c5-a30c78105e8f: Stopped
2025-07-02 18:46:12,504 [timer1] WARN  server.GrpcLogAppender (GrpcLogAppender.java:timeoutAppendRequest(448)) - f1637480-4571-474d-8c0e-49126192dfac@group-84D2FC177FB5->75758caf-2019-48e0-9285-4ac26ec01eda-GrpcLogAppender: Timed out HEARTBEAT appendEntries, errorCount=15, request=AppendEntriesRequest:cid=4633,entriesCount=0
2025-07-02 18:46:13,429 [main] INFO  utils.DatanodeStoreCache (DatanodeStoreCache.java:shutdownCache(114)) - Skip clearing cache in mini cluster mode. Entries left: [/home/runner/work/ozone/ozone/hadoop-ozone/integration-test/target/test-dir/MiniOzoneClusterImpl-b7e00dfa-d3b8-45cf-9d3a-2bd5fdfebf54/ozone-meta/datanode-1/data-0/hdds/b7e00dfa-d3b8-45cf-9d3a-2bd5fdfebf54/DS-e2c32d70-2cdf-4633-a40b-fef7d174f9be/container.db, /home/runner/work/ozone/ozone/hadoop-ozone/integration-test/target/test-dir/MiniOzoneClusterImpl-b7e00dfa-d3b8-45cf-9d3a-2bd5fdfebf54/ozone-meta/datanode-10/data-0/hdds/b7e00dfa-d3b8-45cf-9d3a-2bd5fdfebf54/DS-38f947f4-898d-4823-ad1d-0fa79f36a1f3/container.db, /home/runner/work/ozone/ozone/hadoop-ozone/integration-test/target/test-dir/MiniOzoneClusterImpl-b7e00dfa-d3b8-45cf-9d3a-2bd5fdfebf54/ozone-meta/datanode-2/data-0/hdds/b7e00dfa-d3b8-45cf-9d3a-2bd5fdfebf54/DS-7c0aa8ff-198f-45c6-b297-e9897332fa50/container.db, /home/runner/work/ozone/ozone/hadoop-ozone/integration-test/target/test-dir/MiniOzoneClusterImpl-b7e00dfa-d3b8-45cf-9d3a-2bd5fdfebf54/ozone-meta/datanode-3/data-0/hdds/b7e00dfa-d3b8-45cf-9d3a-2bd5fdfebf54/DS-78a5dd7a-63f4-4204-8fa5-c1acee087d2c/container.db, /home/runner/work/ozone/ozone/hadoop-ozone/integration-test/target/test-dir/MiniOzoneClusterImpl-b7e00dfa-d3b8-45cf-9d3a-2bd5fdfebf54/ozone-meta/datanode-4/data-0/hdds/b7e00dfa-d3b8-45cf-9d3a-2bd5fdfebf54/DS-4197b06b-1e37-4aa9-bbc8-54a2a4e84032/container.db, /home/runner/work/ozone/ozone/hadoop-ozone/integration-test/target/test-dir/MiniOzoneClusterImpl-b7e00dfa-d3b8-45cf-9d3a-2bd5fdfebf54/ozone-meta/datanode-5/data-0/hdds/b7e00dfa-d3b8-45cf-9d3a-2bd5fdfebf54/DS-eac1b723-94d4-444b-b7ac-e4cbc3e30135/container.db, /home/runner/work/ozone/ozone/hadoop-ozone/integration-test/target/test-dir/MiniOzoneClusterImpl-b7e00dfa-d3b8-45cf-9d3a-2bd5fdfebf54/ozone-meta/datanode-6/data-0/hdds/b7e00dfa-d3b8-45cf-9d3a-2bd5fdfebf54/DS-11db315b-0c05-4db1-8ada-2681f618c029/container.db, /home/runner/work/ozone/ozone/hadoop-ozone/integration-test/target/test-dir/MiniOzoneClusterImpl-b7e00dfa-d3b8-45cf-9d3a-2bd5fdfebf54/ozone-meta/datanode-7/data-0/hdds/b7e00dfa-d3b8-45cf-9d3a-2bd5fdfebf54/DS-a46768b9-3696-4ef2-a016-1f62e90b4bf2/container.db, /home/runner/work/ozone/ozone/hadoop-ozone/integration-test/target/test-dir/MiniOzoneClusterImpl-b7e00dfa-d3b8-45cf-9d3a-2bd5fdfebf54/ozone-meta/datanode-8/data-0/hdds/b7e00dfa-d3b8-45cf-9d3a-2bd5fdfebf54/DS-ac9047c9-d244-486d-8922-2fa5c2d1a2b6/container.db, /home/runner/work/ozone/ozone/hadoop-ozone/integration-test/target/test-dir/MiniOzoneClusterImpl-b7e00dfa-d3b8-45cf-9d3a-2bd5fdfebf54/ozone-meta/datanode-9/data-0/hdds/b7e00dfa-d3b8-45cf-9d3a-2bd5fdfebf54/DS-6c7981c2-af5c-4b60-a88b-9850bd7e2182/container.db]
2025-07-02 18:46:13,430 [main] INFO  utils.DatanodeStoreCache (DatanodeStoreCache.java:removeDB(108)) - Removed db /home/runner/work/ozone/ozone/hadoop-ozone/integration-test/target/test-dir/MiniOzoneClusterImpl-b7e00dfa-d3b8-45cf-9d3a-2bd5fdfebf54/ozone-meta/datanode-8/data-0/hdds/b7e00dfa-d3b8-45cf-9d3a-2bd5fdfebf54/DS-ac9047c9-d244-486d-8922-2fa5c2d1a2b6/container.db from cache
2025-07-02 18:46:13,431 [main] INFO  volume.HddsVolume (HddsVolume.java:closeDbStore(608)) - SchemaV3 db is stopped at /home/runner/work/ozone/ozone/hadoop-ozone/integration-test/target/test-dir/MiniOzoneClusterImpl-b7e00dfa-d3b8-45cf-9d3a-2bd5fdfebf54/ozone-meta/datanode-8/data-0/hdds/b7e00dfa-d3b8-45cf-9d3a-2bd5fdfebf54/DS-ac9047c9-d244-486d-8922-2fa5c2d1a2b6/container.db for volume DS-ac9047c9-d244-486d-8922-2fa5c2d1a2b6
2025-07-02 18:46:13,431 [main] INFO  utils.BackgroundService (BackgroundService.java:shutdown(178)) - Shutting down service BlockDeletingService
2025-07-02 18:46:13,431 [main] INFO  utils.BackgroundService (BackgroundService.java:shutdown(178)) - Shutting down service StaleRecoveringContainerScrubbingService
2025-07-02 18:46:13,433 [main] INFO  statemachine.DatanodeStateMachine (DatanodeStateMachine.java:stopDaemon(637)) - Ozone container server stopped.
2025-07-02 18:46:13,447 [main] INFO  handler.ContextHandler (ContextHandler.java:doStop(1159)) - Stopped o.e.j.w.WebAppContext@67b3cd01{hddsDatanode,/,null,STOPPED}{jar:file:/home/runner/work/ozone/ozone/hadoop-hdds/container-service/target/hdds-container-service-2.1.0-SNAPSHOT.jar!/webapps/hddsDatanode}
2025-07-02 18:46:13,448 [main] INFO  server.AbstractConnector (AbstractConnector.java:doStop(383)) - Stopped ServerConnector@4f1a963b{HTTP/1.1, (http/1.1)}{0.0.0.0:15066}
2025-07-02 18:46:13,448 [main] INFO  server.session (HouseKeeper.java:stopScavenging(149)) - node0 Stopped scavenging
2025-07-02 18:46:13,448 [main] INFO  handler.ContextHandler (ContextHandler.java:doStop(1159)) - Stopped o.e.j.s.ServletContextHandler@117aa4ba{static,/static,jar:file:/home/runner/work/ozone/ozone/hadoop-hdds/container-service/target/hdds-container-service-2.1.0-SNAPSHOT.jar!/webapps/static,STOPPED}
2025-07-02 18:46:13,448 [main] INFO  handler.ContextHandler (ContextHandler.java:doStop(1159)) - Stopped o.e.j.s.ServletContextHandler@232fa950{logs,/logs,file:///home/runner/work/ozone/ozone/hadoop-ozone/integration-test/target/log,STOPPED}
2025-07-02 18:46:13,449 [main] INFO  ozone.HddsDatanodeClientProtocolServer (HddsDatanodeClientProtocolServer.java:stop(82)) - Stopping the RPC server for Client Protocol
2025-07-02 18:46:13,449 [main] INFO  ipc.Server (Server.java:stop(3697)) - Stopping server on 15067
2025-07-02 18:46:13,451 [IPC Server listener on 15067] INFO  ipc.Server (Server.java:run(1585)) - Stopping IPC Server listener on 15067
2025-07-02 18:46:13,451 [IPC Server Responder] INFO  ipc.Server (Server.java:run(1718)) - Stopping IPC Server Responder
2025-07-02 18:46:13,452 [main] INFO  ozone.MiniOzoneClusterImpl (MiniOzoneClusterImpl.java:lambda$waitForHddsDatanodeToStop$3(312)) - Waiting on datanode to be marked stale.
2025-07-02 18:46:14,452 [main] INFO  ozone.MiniOzoneClusterImpl (MiniOzoneClusterImpl.java:lambda$waitForHddsDatanodeToStop$3(312)) - Waiting on datanode to be marked stale.
2025-07-02 18:46:14,973 [timer0] WARN  server.GrpcLogAppender (GrpcLogAppender.java:timeoutAppendRequest(448)) - f1637480-4571-474d-8c0e-49126192dfac@group-84D2FC177FB5->75758caf-2019-48e0-9285-4ac26ec01eda-GrpcLogAppender: Timed out HEARTBEAT appendEntries, errorCount=16, request=AppendEntriesRequest:cid=4634,entriesCount=0
2025-07-02 18:46:15,452 [main] INFO  ozone.MiniOzoneClusterImpl (MiniOzoneClusterImpl.java:lambda$waitForHddsDatanodeToStop$3(312)) - Waiting on datanode to be marked stale.
2025-07-02 18:46:15,573 [timer2] WARN  server.GrpcLogAppender (LogUtils.java:warn(127)) - 92aeff0d-b8ac-4e9e-9ba6-1724c63a8401@group-2788C300D651->71a26ef2-e834-411c-97c5-a30c78105e8f-AppendLogResponseHandler: Failed appendEntries (Repeated 8 times in the last 4.999s): org.apache.ratis.thirdparty.io.grpc.StatusRuntimeException: UNAVAILABLE: io exception
  Caused by: org.apache.ratis.thirdparty.io.netty.channel.AbstractChannel$AnnotatedConnectException: finishConnect(..) failed: Connection refused: /127.0.0.1:15071
  Caused by: java.net.ConnectException: finishConnect(..) failed: Connection refused
2025-07-02 18:46:15,573 [timer1] WARN  server.GrpcLogAppender (LogUtils.java:warn(127)) - 9eb5a351-9325-4150-9d0a-de2b7d27d48d@group-8FD04F33EAC3->71a26ef2-e834-411c-97c5-a30c78105e8f-AppendLogResponseHandler: Failed appendEntries (Repeated 8 times in the last 5.000s): org.apache.ratis.thirdparty.io.grpc.StatusRuntimeException: UNAVAILABLE: io exception
  Caused by: org.apache.ratis.thirdparty.io.netty.channel.AbstractChannel$AnnotatedConnectException: finishConnect(..) failed: Connection refused: /127.0.0.1:15071
  Caused by: java.net.ConnectException: finishConnect(..) failed: Connection refused
2025-07-02 18:46:15,573 [timer3] WARN  server.GrpcLogAppender (GrpcLogAppender.java:lambda$resetClient$1(228)) - 9eb5a351-9325-4150-9d0a-de2b7d27d48d@group-8FD04F33EAC3->71a26ef2-e834-411c-97c5-a30c78105e8f-GrpcLogAppender: Follower failed (request=null, errorCount=8); keep nextIndex (1) unchanged and retry. (Repeated 16 times in the last 5.000s)
2025-07-02 18:46:16,125 [om1-KeyDeletingService#2] INFO  service.KeyDeletingService (KeyDeletingService.java:processKeyDeletes(132)) - Send 1 key(s) to SCM, first 1 keys: [BlockGroup[groupID='/testcontainerstatemachinefailures/testcontainerstatemachinefailures/ratis/-9223372036854771968', blockIDs=[conID: 5 locID: 115816896921600005 bcsId: 0 replicaIndex: null, conID: 6 locID: 115816896921600006 bcsId: 0 replicaIndex: null]]]
2025-07-02 18:46:16,134 [IPC Server handler 3 on default port 15001] INFO  ha.SequenceIdGenerator (SequenceIdGenerator.java:getNextId(135)) - Allocate a batch for delTxnId, change lastId from 0 to 1000.
2025-07-02 18:46:16,164 [om1-KeyDeletingService#2] INFO  service.KeyDeletingService (KeyDeletingService.java:processKeyDeletes(137)) - 1 BlockGroup deletion are acked by SCM in 40 ms
2025-07-02 18:46:16,180 [om1-KeyDeletingService#2] INFO  service.KeyDeletingService (KeyDeletingService.java:processKeyDeletes(145)) - Blocks for (1,true) (out of 1) keys are deleted from DB in 14 ms. Limit per task is 20000.
2025-07-02 18:46:16,220 [grpc-default-executor-6] WARN  server.GrpcLogAppender (LogUtils.java:warn(127)) - 92aeff0d-b8ac-4e9e-9ba6-1724c63a8401@group-2788C300D651->71a26ef2-e834-411c-97c5-a30c78105e8f-AppendLogResponseHandler: Failed appendEntries: org.apache.ratis.thirdparty.io.grpc.StatusRuntimeException: UNAVAILABLE: io exception
  Caused by: org.apache.ratis.thirdparty.io.netty.channel.AbstractChannel$AnnotatedConnectException: finishConnect(..) failed: Connection refused: /127.0.0.1:15071
  Caused by: java.net.ConnectException: finishConnect(..) failed: Connection refused
2025-07-02 18:46:16,221 [grpc-default-executor-7] WARN  server.GrpcLogAppender (GrpcLogAppender.java:lambda$resetClient$1(228)) - 92aeff0d-b8ac-4e9e-9ba6-1724c63a8401@group-2788C300D651->71a26ef2-e834-411c-97c5-a30c78105e8f-GrpcLogAppender: Follower failed (request=null, errorCount=9); keep nextIndex (1) unchanged and retry.
2025-07-02 18:46:16,453 [main] INFO  ozone.MiniOzoneClusterImpl (MiniOzoneClusterImpl.java:lambda$waitForHddsDatanodeToStop$3(312)) - Waiting on datanode to be marked stale.
2025-07-02 18:46:16,603 [grpc-default-executor-6] WARN  server.GrpcLogAppender (LogUtils.java:warn(127)) - 9eb5a351-9325-4150-9d0a-de2b7d27d48d@group-8FD04F33EAC3->71a26ef2-e834-411c-97c5-a30c78105e8f-AppendLogResponseHandler: Failed appendEntries: org.apache.ratis.thirdparty.io.grpc.StatusRuntimeException: UNAVAILABLE: io exception
  Caused by: org.apache.ratis.thirdparty.io.netty.channel.AbstractChannel$AnnotatedConnectException: finishConnect(..) failed: Connection refused: /127.0.0.1:15071
  Caused by: java.net.ConnectException: finishConnect(..) failed: Connection refused
2025-07-02 18:46:17,453 [main] INFO  ozone.MiniOzoneClusterImpl (MiniOzoneClusterImpl.java:lambda$waitForHddsDatanodeToStop$3(312)) - Waiting on datanode to be marked stale.
2025-07-02 18:46:17,707 [timer5] WARN  server.GrpcLogAppender (GrpcLogAppender.java:timeoutAppendRequest(448)) - f1637480-4571-474d-8c0e-49126192dfac@group-84D2FC177FB5->75758caf-2019-48e0-9285-4ac26ec01eda-GrpcLogAppender: Timed out HEARTBEAT appendEntries, errorCount=17, request=AppendEntriesRequest:cid=4635,entriesCount=0
2025-07-02 18:46:18,454 [main] INFO  ozone.MiniOzoneClusterImpl (MiniOzoneClusterImpl.java:lambda$waitForHddsDatanodeToStop$3(312)) - Waiting on datanode to be marked stale.
2025-07-02 18:46:19,454 [main] INFO  ozone.MiniOzoneClusterImpl (MiniOzoneClusterImpl.java:lambda$waitForHddsDatanodeToStop$3(312)) - Waiting on datanode to be marked stale.
2025-07-02 18:46:19,795 [timer5] WARN  server.GrpcLogAppender (GrpcLogAppender.java:timeoutAppendRequest(448)) - f1637480-4571-474d-8c0e-49126192dfac@group-84D2FC177FB5->75758caf-2019-48e0-9285-4ac26ec01eda-GrpcLogAppender: Timed out HEARTBEAT appendEntries, errorCount=18, request=AppendEntriesRequest:cid=4636,entriesCount=0
2025-07-02 18:46:20,454 [main] INFO  ozone.MiniOzoneClusterImpl (MiniOzoneClusterImpl.java:lambda$waitForHddsDatanodeToStop$3(312)) - Waiting on datanode to be marked stale.
2025-07-02 18:46:21,221 [timer0] WARN  server.GrpcLogAppender (GrpcLogAppender.java:lambda$resetClient$1(228)) - 92aeff0d-b8ac-4e9e-9ba6-1724c63a8401@group-2788C300D651->71a26ef2-e834-411c-97c5-a30c78105e8f-GrpcLogAppender: Follower failed (request=null, errorCount=16); keep nextIndex (1) unchanged and retry. (Repeated 14 times in the last 5.000s)
2025-07-02 18:46:21,221 [timer7] WARN  server.GrpcLogAppender (LogUtils.java:warn(127)) - 92aeff0d-b8ac-4e9e-9ba6-1724c63a8401@group-2788C300D651->71a26ef2-e834-411c-97c5-a30c78105e8f-AppendLogResponseHandler: Failed appendEntries (Repeated 8 times in the last 5.001s): org.apache.ratis.thirdparty.io.grpc.StatusRuntimeException: UNAVAILABLE: io exception
  Caused by: org.apache.ratis.thirdparty.io.netty.channel.AbstractChannel$AnnotatedConnectException: finishConnect(..) failed: Connection refused: /127.0.0.1:15071
  Caused by: java.net.ConnectException: finishConnect(..) failed: Connection refused
2025-07-02 18:46:21,454 [main] INFO  ozone.MiniOzoneClusterImpl (MiniOzoneClusterImpl.java:lambda$waitForHddsDatanodeToStop$3(312)) - Waiting on datanode to be marked stale.
2025-07-02 18:46:21,595 [grpc-default-executor-7] WARN  server.GrpcLogAppender (GrpcLogAppender.java:lambda$resetClient$1(228)) - 9eb5a351-9325-4150-9d0a-de2b7d27d48d@group-8FD04F33EAC3->71a26ef2-e834-411c-97c5-a30c78105e8f-GrpcLogAppender: Follower failed (request=null, errorCount=15); keep nextIndex (1) unchanged and retry.
2025-07-02 18:46:21,603 [timer2] WARN  server.GrpcLogAppender (LogUtils.java:warn(127)) - 9eb5a351-9325-4150-9d0a-de2b7d27d48d@group-8FD04F33EAC3->71a26ef2-e834-411c-97c5-a30c78105e8f-AppendLogResponseHandler: Failed appendEntries (Repeated 8 times in the last 5.000s): org.apache.ratis.thirdparty.io.grpc.StatusRuntimeException: UNAVAILABLE: io exception
  Caused by: org.apache.ratis.thirdparty.io.netty.channel.AbstractChannel$AnnotatedConnectException: finishConnect(..) failed: Connection refused: /127.0.0.1:15071
  Caused by: java.net.ConnectException: finishConnect(..) failed: Connection refused
2025-07-02 18:46:21,696 [grpc-default-executor-6] WARN  server.GrpcLogAppender (LogUtils.java:warn(127)) - 92aeff0d-b8ac-4e9e-9ba6-1724c63a8401@group-2788C300D651->71a26ef2-e834-411c-97c5-a30c78105e8f-AppendLogResponseHandler: Failed appendEntries: org.apache.ratis.thirdparty.io.grpc.StatusRuntimeException: UNAVAILABLE: io exception
  Caused by: org.apache.ratis.thirdparty.io.netty.channel.AbstractChannel$AnnotatedConnectException: finishConnect(..) failed: Connection refused: /127.0.0.1:15071
  Caused by: java.net.ConnectException: finishConnect(..) failed: Connection refused
2025-07-02 18:46:21,726 [timer1] WARN  server.GrpcLogAppender (GrpcLogAppender.java:timeoutAppendRequest(448)) - f1637480-4571-474d-8c0e-49126192dfac@group-84D2FC177FB5->75758caf-2019-48e0-9285-4ac26ec01eda-GrpcLogAppender: Timed out HEARTBEAT appendEntries, errorCount=19, request=AppendEntriesRequest:cid=4637,entriesCount=0
2025-07-02 18:46:22,455 [main] INFO  ozone.MiniOzoneClusterImpl (MiniOzoneClusterImpl.java:lambda$waitForHddsDatanodeToStop$3(312)) - Waiting on datanode to be marked stale.
2025-07-02 18:46:23,331 [grpc-default-executor-6] WARN  server.GrpcLogAppender (LogUtils.java:warn(127)) - 9eb5a351-9325-4150-9d0a-de2b7d27d48d@group-8FD04F33EAC3->71a26ef2-e834-411c-97c5-a30c78105e8f-AppendLogResponseHandler: Failed appendEntries: org.apache.ratis.thirdparty.io.grpc.StatusRuntimeException: UNAVAILABLE: io exception
  Caused by: org.apache.ratis.thirdparty.io.netty.channel.AbstractChannel$AnnotatedConnectException: finishConnect(..) failed: Connection refused: /127.0.0.1:15071
  Caused by: java.net.ConnectException: finishConnect(..) failed: Connection refused
2025-07-02 18:46:23,455 [main] INFO  ozone.MiniOzoneClusterImpl (MiniOzoneClusterImpl.java:lambda$waitForHddsDatanodeToStop$3(312)) - Waiting on datanode to be marked stale.
2025-07-02 18:46:23,899 [timer1] WARN  server.GrpcLogAppender (GrpcLogAppender.java:timeoutAppendRequest(448)) - f1637480-4571-474d-8c0e-49126192dfac@group-84D2FC177FB5->75758caf-2019-48e0-9285-4ac26ec01eda-GrpcLogAppender: Timed out HEARTBEAT appendEntries, errorCount=20, request=AppendEntriesRequest:cid=4638,entriesCount=0
2025-07-02 18:46:24,455 [main] INFO  ozone.MiniOzoneClusterImpl (MiniOzoneClusterImpl.java:lambda$waitForHddsDatanodeToStop$3(312)) - Waiting on datanode to be marked stale.
2025-07-02 18:46:25,456 [main] INFO  ozone.MiniOzoneClusterImpl (MiniOzoneClusterImpl.java:lambda$waitForHddsDatanodeToStop$3(312)) - Waiting on datanode to be marked stale.
2025-07-02 18:46:26,456 [main] INFO  ozone.MiniOzoneClusterImpl (MiniOzoneClusterImpl.java:lambda$waitForHddsDatanodeToStop$3(312)) - Waiting on datanode to be marked stale.
2025-07-02 18:46:26,471 [timer2] WARN  server.GrpcLogAppender (GrpcLogAppender.java:timeoutAppendRequest(448)) - f1637480-4571-474d-8c0e-49126192dfac@group-84D2FC177FB5->75758caf-2019-48e0-9285-4ac26ec01eda-GrpcLogAppender: Timed out HEARTBEAT appendEntries, errorCount=21, request=AppendEntriesRequest:cid=4639,entriesCount=0
2025-07-02 18:46:26,595 [timer7] WARN  server.GrpcLogAppender (GrpcLogAppender.java:lambda$resetClient$1(228)) - 9eb5a351-9325-4150-9d0a-de2b7d27d48d@group-8FD04F33EAC3->71a26ef2-e834-411c-97c5-a30c78105e8f-GrpcLogAppender: Follower failed (request=null, errorCount=20); keep nextIndex (1) unchanged and retry. (Repeated 12 times in the last 5.000s)
2025-07-02 18:46:26,696 [timer0] WARN  server.GrpcLogAppender (LogUtils.java:warn(127)) - 92aeff0d-b8ac-4e9e-9ba6-1724c63a8401@group-2788C300D651->71a26ef2-e834-411c-97c5-a30c78105e8f-AppendLogResponseHandler: Failed appendEntries (Repeated 6 times in the last 5.000s): org.apache.ratis.thirdparty.io.grpc.StatusRuntimeException: UNAVAILABLE: io exception
  Caused by: org.apache.ratis.thirdparty.io.netty.channel.AbstractChannel$AnnotatedConnectException: finishConnect(..) failed: Connection refused: /127.0.0.1:15071
  Caused by: java.net.ConnectException: finishConnect(..) failed: Connection refused
2025-07-02 18:46:27,434 [grpc-default-executor-7] WARN  server.GrpcLogAppender (GrpcLogAppender.java:lambda$resetClient$1(228)) - 9eb5a351-9325-4150-9d0a-de2b7d27d48d@group-8FD04F33EAC3->71a26ef2-e834-411c-97c5-a30c78105e8f-GrpcLogAppender: Follower failed (request=null, errorCount=21); keep nextIndex (1) unchanged and retry.
2025-07-02 18:46:27,456 [main] INFO  ozone.MiniOzoneClusterImpl (MiniOzoneClusterImpl.java:lambda$waitForHddsDatanodeToStop$3(312)) - Waiting on datanode to be marked stale.
2025-07-02 18:46:27,563 [grpc-default-executor-6] WARN  server.GrpcLogAppender (LogUtils.java:warn(127)) - 92aeff0d-b8ac-4e9e-9ba6-1724c63a8401@group-2788C300D651->71a26ef2-e834-411c-97c5-a30c78105e8f-AppendLogResponseHandler: Failed appendEntries: org.apache.ratis.thirdparty.io.grpc.StatusRuntimeException: UNAVAILABLE: io exception
  Caused by: org.apache.ratis.thirdparty.io.netty.channel.AbstractChannel$AnnotatedConnectException: finishConnect(..) failed: Connection refused: /127.0.0.1:15071
  Caused by: java.net.ConnectException: finishConnect(..) failed: Connection refused
2025-07-02 18:46:28,305 [timer3] WARN  server.GrpcLogAppender (GrpcLogAppender.java:timeoutAppendRequest(448)) - f1637480-4571-474d-8c0e-49126192dfac@group-84D2FC177FB5->75758caf-2019-48e0-9285-4ac26ec01eda-GrpcLogAppender: Timed out HEARTBEAT appendEntries, errorCount=22, request=AppendEntriesRequest:cid=4640,entriesCount=0
2025-07-02 18:46:28,331 [timer0] WARN  server.GrpcLogAppender (LogUtils.java:warn(127)) - 9eb5a351-9325-4150-9d0a-de2b7d27d48d@group-8FD04F33EAC3->71a26ef2-e834-411c-97c5-a30c78105e8f-AppendLogResponseHandler: Failed appendEntries (Repeated 6 times in the last 5.000s): org.apache.ratis.thirdparty.io.grpc.StatusRuntimeException: UNAVAILABLE: io exception
  Caused by: org.apache.ratis.thirdparty.io.netty.channel.AbstractChannel$AnnotatedConnectException: finishConnect(..) failed: Connection refused: /127.0.0.1:15071
  Caused by: java.net.ConnectException: finishConnect(..) failed: Connection refused
2025-07-02 18:46:28,456 [main] INFO  ozone.MiniOzoneClusterImpl (MiniOzoneClusterImpl.java:lambda$waitForHddsDatanodeToStop$3(312)) - Waiting on datanode to be marked stale.
2025-07-02 18:46:28,888 [grpc-default-executor-6] WARN  server.GrpcLogAppender (LogUtils.java:warn(127)) - 9eb5a351-9325-4150-9d0a-de2b7d27d48d@group-8FD04F33EAC3->71a26ef2-e834-411c-97c5-a30c78105e8f-AppendLogResponseHandler: Failed appendEntries: org.apache.ratis.thirdparty.io.grpc.StatusRuntimeException: UNAVAILABLE: io exception
  Caused by: org.apache.ratis.thirdparty.io.netty.channel.AbstractChannel$AnnotatedConnectException: finishConnect(..) failed: Connection refused: /127.0.0.1:15071
  Caused by: java.net.ConnectException: finishConnect(..) failed: Connection refused
2025-07-02 18:46:29,457 [main] INFO  ozone.MiniOzoneClusterImpl (MiniOzoneClusterImpl.java:lambda$waitForHddsDatanodeToStop$3(312)) - Waiting on datanode to be marked stale.
2025-07-02 18:46:30,457 [main] INFO  ozone.MiniOzoneClusterImpl (MiniOzoneClusterImpl.java:lambda$waitForHddsDatanodeToStop$3(312)) - Waiting on datanode to be marked stale.
2025-07-02 18:46:30,735 [timer4] WARN  server.GrpcLogAppender (GrpcLogAppender.java:timeoutAppendRequest(448)) - f1637480-4571-474d-8c0e-49126192dfac@group-84D2FC177FB5->75758caf-2019-48e0-9285-4ac26ec01eda-GrpcLogAppender: Timed out HEARTBEAT appendEntries, errorCount=23, request=AppendEntriesRequest:cid=4641,entriesCount=0
2025-07-02 18:46:31,457 [main] INFO  ozone.MiniOzoneClusterImpl (MiniOzoneClusterImpl.java:lambda$waitForHddsDatanodeToStop$3(312)) - Waiting on datanode to be marked stale.
2025-07-02 18:46:32,434 [timer5] WARN  server.GrpcLogAppender (GrpcLogAppender.java:lambda$resetClient$1(228)) - 9eb5a351-9325-4150-9d0a-de2b7d27d48d@group-8FD04F33EAC3->71a26ef2-e834-411c-97c5-a30c78105e8f-GrpcLogAppender: Follower failed (request=null, errorCount=28); keep nextIndex (1) unchanged and retry. (Repeated 14 times in the last 5.001s)
2025-07-02 18:46:32,458 [main] INFO  ozone.MiniOzoneClusterImpl (MiniOzoneClusterImpl.java:lambda$waitForHddsDatanodeToStop$3(312)) - Waiting on datanode to be marked stale.
2025-07-02 18:46:32,563 [timer0] WARN  server.GrpcLogAppender (LogUtils.java:warn(127)) - 92aeff0d-b8ac-4e9e-9ba6-1724c63a8401@group-2788C300D651->71a26ef2-e834-411c-97c5-a30c78105e8f-AppendLogResponseHandler: Failed appendEntries (Repeated 6 times in the last 5.000s): org.apache.ratis.thirdparty.io.grpc.StatusRuntimeException: UNAVAILABLE: io exception
  Caused by: org.apache.ratis.thirdparty.io.netty.channel.AbstractChannel$AnnotatedConnectException: finishConnect(..) failed: Connection refused: /127.0.0.1:15071
  Caused by: java.net.ConnectException: finishConnect(..) failed: Connection refused
2025-07-02 18:46:32,701 [timer3] WARN  server.GrpcLogAppender (GrpcLogAppender.java:timeoutAppendRequest(448)) - f1637480-4571-474d-8c0e-49126192dfac@group-84D2FC177FB5->75758caf-2019-48e0-9285-4ac26ec01eda-GrpcLogAppender: Timed out HEARTBEAT appendEntries, errorCount=24, request=AppendEntriesRequest:cid=4642,entriesCount=0
2025-07-02 18:46:33,045 [grpc-default-executor-7] WARN  server.GrpcLogAppender (LogUtils.java:warn(127)) - 92aeff0d-b8ac-4e9e-9ba6-1724c63a8401@group-2788C300D651->71a26ef2-e834-411c-97c5-a30c78105e8f-AppendLogResponseHandler: Failed appendEntries: org.apache.ratis.thirdparty.io.grpc.StatusRuntimeException: UNAVAILABLE: io exception
  Caused by: org.apache.ratis.thirdparty.io.netty.channel.AbstractChannel$AnnotatedConnectException: finishConnect(..) failed: Connection refused: /127.0.0.1:15071
  Caused by: java.net.ConnectException: finishConnect(..) failed: Connection refused
2025-07-02 18:46:33,045 [grpc-default-executor-6] WARN  server.GrpcLogAppender (GrpcLogAppender.java:lambda$resetClient$1(228)) - 92aeff0d-b8ac-4e9e-9ba6-1724c63a8401@group-2788C300D651->71a26ef2-e834-411c-97c5-a30c78105e8f-GrpcLogAppender: Follower failed (request=null, errorCount=29); keep nextIndex (1) unchanged and retry.
2025-07-02 18:46:33,458 [main] INFO  ozone.MiniOzoneClusterImpl (MiniOzoneClusterImpl.java:lambda$waitForHddsDatanodeToStop$3(312)) - Waiting on datanode to be marked stale.
2025-07-02 18:46:33,888 [timer6] WARN  server.GrpcLogAppender (LogUtils.java:warn(127)) - 9eb5a351-9325-4150-9d0a-de2b7d27d48d@group-8FD04F33EAC3->71a26ef2-e834-411c-97c5-a30c78105e8f-AppendLogResponseHandler: Failed appendEntries (Repeated 8 times in the last 5.000s): org.apache.ratis.thirdparty.io.grpc.StatusRuntimeException: UNAVAILABLE: io exception
  Caused by: org.apache.ratis.thirdparty.io.netty.channel.AbstractChannel$AnnotatedConnectException: finishConnect(..) failed: Connection refused: /127.0.0.1:15071
  Caused by: java.net.ConnectException: finishConnect(..) failed: Connection refused
2025-07-02 18:46:34,458 [main] INFO  ozone.MiniOzoneClusterImpl (MiniOzoneClusterImpl.java:lambda$waitForHddsDatanodeToStop$3(312)) - Waiting on datanode to be marked stale.
2025-07-02 18:46:34,749 [timer1] WARN  server.GrpcLogAppender (GrpcLogAppender.java:timeoutAppendRequest(448)) - f1637480-4571-474d-8c0e-49126192dfac@group-84D2FC177FB5->75758caf-2019-48e0-9285-4ac26ec01eda-GrpcLogAppender: Timed out HEARTBEAT appendEntries, errorCount=25, request=AppendEntriesRequest:cid=4643,entriesCount=0
2025-07-02 18:46:35,458 [main] INFO  ozone.MiniOzoneClusterImpl (MiniOzoneClusterImpl.java:lambda$waitForHddsDatanodeToStop$3(312)) - Waiting on datanode to be marked stale.
2025-07-02 18:46:35,988 [grpc-default-executor-7] WARN  server.GrpcLogAppender (LogUtils.java:warn(127)) - 9eb5a351-9325-4150-9d0a-de2b7d27d48d@group-8FD04F33EAC3->71a26ef2-e834-411c-97c5-a30c78105e8f-AppendLogResponseHandler: Failed appendEntries: org.apache.ratis.thirdparty.io.grpc.StatusRuntimeException: UNAVAILABLE: io exception
  Caused by: org.apache.ratis.thirdparty.io.netty.channel.AbstractChannel$AnnotatedConnectException: finishConnect(..) failed: Connection refused: /127.0.0.1:15071
  Caused by: java.net.ConnectException: finishConnect(..) failed: Connection refused
2025-07-02 18:46:36,459 [main] INFO  ozone.MiniOzoneClusterImpl (MiniOzoneClusterImpl.java:lambda$waitForHddsDatanodeToStop$3(312)) - Waiting on datanode to be marked stale.
2025-07-02 18:46:36,543 [timer1] WARN  server.GrpcLogAppender (GrpcLogAppender.java:timeoutAppendRequest(448)) - f1637480-4571-474d-8c0e-49126192dfac@group-84D2FC177FB5->75758caf-2019-48e0-9285-4ac26ec01eda-GrpcLogAppender: Timed out HEARTBEAT appendEntries, errorCount=26, request=AppendEntriesRequest:cid=4644,entriesCount=0
2025-07-02 18:46:37,459 [main] INFO  ozone.MiniOzoneClusterImpl (MiniOzoneClusterImpl.java:lambda$waitForHddsDatanodeToStop$3(312)) - Waiting on datanode to be marked stale.
2025-07-02 18:46:38,045 [timer0] WARN  server.GrpcLogAppender (LogUtils.java:warn(127)) - 92aeff0d-b8ac-4e9e-9ba6-1724c63a8401@group-2788C300D651->71a26ef2-e834-411c-97c5-a30c78105e8f-AppendLogResponseHandler: Failed appendEntries (Repeated 4 times in the last 5.000s): org.apache.ratis.thirdparty.io.grpc.StatusRuntimeException: UNAVAILABLE: io exception
  Caused by: org.apache.ratis.thirdparty.io.netty.channel.AbstractChannel$AnnotatedConnectException: finishConnect(..) failed: Connection refused: /127.0.0.1:15071
  Caused by: java.net.ConnectException: finishConnect(..) failed: Connection refused
2025-07-02 18:46:38,045 [timer2] WARN  server.GrpcLogAppender (GrpcLogAppender.java:lambda$resetClient$1(228)) - 9eb5a351-9325-4150-9d0a-de2b7d27d48d@group-8FD04F33EAC3->71a26ef2-e834-411c-97c5-a30c78105e8f-GrpcLogAppender: Follower failed (request=null, errorCount=32); keep nextIndex (1) unchanged and retry. (Repeated 8 times in the last 5.000s)
2025-07-02 18:46:38,459 [main] INFO  ozone.MiniOzoneClusterImpl (MiniOzoneClusterImpl.java:lambda$waitForHddsDatanodeToStop$3(312)) - Waiting on datanode to be marked stale.
2025-07-02 18:46:39,219 [timer7] WARN  server.GrpcLogAppender (GrpcLogAppender.java:timeoutAppendRequest(448)) - f1637480-4571-474d-8c0e-49126192dfac@group-84D2FC177FB5->75758caf-2019-48e0-9285-4ac26ec01eda-GrpcLogAppender: Timed out HEARTBEAT appendEntries, errorCount=27, request=AppendEntriesRequest:cid=4645,entriesCount=0
2025-07-02 18:46:39,459 [main] INFO  ozone.MiniOzoneClusterImpl (MiniOzoneClusterImpl.java:lambda$waitForHddsDatanodeToStop$3(312)) - Waiting on datanode to be marked stale.
2025-07-02 18:46:40,460 [main] INFO  ozone.MiniOzoneClusterImpl (MiniOzoneClusterImpl.java:lambda$waitForHddsDatanodeToStop$3(312)) - Waiting on datanode to be marked stale.
2025-07-02 18:46:40,520 [EventQueue-StaleNodeForStaleNodeHandler] INFO  node.StaleNodeHandler (StaleNodeHandler.java:onMessage(51)) - Datanode 71a26ef2-e834-411c-97c5-a30c78105e8f(localhost/127.0.0.1) moved to stale state. Finalizing its pipelines [Pipeline-bdaade3c-0733-45ca-8236-8fd04f33eac3, Pipeline-73acc545-491b-4393-8737-2788c300d651]
2025-07-02 18:46:40,522 [EventQueue-StaleNodeForStaleNodeHandler] INFO  pipeline.PipelineManagerImpl (PipelineManagerImpl.java:closePipeline(511)) - Pipeline Pipeline-bdaade3c-0733-45ca-8236-8fd04f33eac3 moved to CLOSED state
2025-07-02 18:46:40,524 [EventQueue-StaleNodeForStaleNodeHandler] INFO  pipeline.PipelineManagerImpl (PipelineManagerImpl.java:closePipeline(511)) - Pipeline Pipeline-73acc545-491b-4393-8737-2788c300d651 moved to CLOSED state
2025-07-02 18:46:40,988 [timer7] WARN  server.GrpcLogAppender (LogUtils.java:warn(127)) - 9eb5a351-9325-4150-9d0a-de2b7d27d48d@group-8FD04F33EAC3->71a26ef2-e834-411c-97c5-a30c78105e8f-AppendLogResponseHandler: Failed appendEntries (Repeated 2 times in the last 5.001s): org.apache.ratis.thirdparty.io.grpc.StatusRuntimeException: UNAVAILABLE: io exception
  Caused by: org.apache.ratis.thirdparty.io.netty.channel.AbstractChannel$AnnotatedConnectException: finishConnect(..) failed: Connection refused: /127.0.0.1:15071
  Caused by: java.net.ConnectException: finishConnect(..) failed: Connection refused
2025-07-02 18:46:41,044 [grpc-default-executor-6] WARN  server.GrpcLogAppender (LogUtils.java:warn(127)) - 92aeff0d-b8ac-4e9e-9ba6-1724c63a8401@group-2788C300D651->71a26ef2-e834-411c-97c5-a30c78105e8f-AppendLogResponseHandler: Failed appendEntries: org.apache.ratis.thirdparty.io.grpc.StatusRuntimeException: UNAVAILABLE: io exception
  Caused by: org.apache.ratis.thirdparty.io.netty.channel.AbstractChannel$AnnotatedConnectException: finishConnect(..) failed: Connection refused: /127.0.0.1:15071
  Caused by: java.net.ConnectException: finishConnect(..) failed: Connection refused
2025-07-02 18:46:41,044 [grpc-default-executor-7] WARN  server.GrpcLogAppender (GrpcLogAppender.java:lambda$resetClient$1(228)) - 92aeff0d-b8ac-4e9e-9ba6-1724c63a8401@group-2788C300D651->71a26ef2-e834-411c-97c5-a30c78105e8f-GrpcLogAppender: Follower failed (request=null, errorCount=33); keep nextIndex (1) unchanged and retry.
2025-07-02 18:46:41,462 [main] INFO  impl.MetricsSystemImpl (MetricsSystemImpl.java:init(158)) - HddsDatanode metrics system started (again)
2025-07-02 18:46:41,485 [main] INFO  ozone.HddsDatanodeService (HddsDatanodeService.java:start(236)) - HddsDatanodeService 71a26ef2-e834-411c-97c5-a30c78105e8f(localhost/127.0.0.1)
2025-07-02 18:46:41,487 [main] WARN  statemachine.DatanodeConfiguration (DatanodeConfiguration.java:validateMinFreeSpace(751)) - hdds.datanode.volume.min.free.space.percent = -1.0 is invalid, should be between 0 and 1
2025-07-02 18:46:41,487 [main] INFO  upgrade.AbstractLayoutVersionManager (AbstractLayoutVersionManager.java:init(80)) - Initializing Layout version manager with metadata layout = HBASE_SUPPORT (version = 8), software layout = HBASE_SUPPORT (version = 8)
2025-07-02 18:46:41,488 [main] INFO  statemachine.DatanodeStateMachine (DatanodeStateMachine.java:getEndPointTaskThreadPoolSize(305)) - Datanode State Machine Task Thread Pool size 2
2025-07-02 18:46:41,488 [main] WARN  statemachine.DatanodeConfiguration (DatanodeConfiguration.java:validateMinFreeSpace(751)) - hdds.datanode.volume.min.free.space.percent = -1.0 is invalid, should be between 0 and 1
2025-07-02 18:46:41,488 [main] WARN  statemachine.DatanodeConfiguration (DatanodeConfiguration.java:validateMinFreeSpace(751)) - hdds.datanode.volume.min.free.space.percent = -1.0 is invalid, should be between 0 and 1
2025-07-02 18:46:41,489 [main] WARN  statemachine.DatanodeConfiguration (DatanodeConfiguration.java:validateMinFreeSpace(751)) - hdds.datanode.volume.min.free.space.percent = -1.0 is invalid, should be between 0 and 1
2025-07-02 18:46:41,489 [main] WARN  statemachine.DatanodeConfiguration (DatanodeConfiguration.java:validateMinFreeSpace(751)) - hdds.datanode.volume.min.free.space.percent = -1.0 is invalid, should be between 0 and 1
2025-07-02 18:46:41,491 [main] INFO  volume.HddsVolume (HddsVolume.java:<init>(162)) - HddsVolume: { id=DS-ac9047c9-d244-486d-8922-2fa5c2d1a2b6 dir=/home/runner/work/ozone/ozone/hadoop-ozone/integration-test/target/test-dir/MiniOzoneClusterImpl-b7e00dfa-d3b8-45cf-9d3a-2bd5fdfebf54/ozone-meta/datanode-8/data-0/hdds type=DISK capacity=9222449699674390527 used=0 available=9222449699674390527 minFree=9222450130714624 committed=0 }
2025-07-02 18:46:41,491 [main] INFO  volume.MutableVolumeSet (MutableVolumeSet.java:initializeVolumeSet(167)) - Added Volume : /home/runner/work/ozone/ozone/hadoop-ozone/integration-test/target/test-dir/MiniOzoneClusterImpl-b7e00dfa-d3b8-45cf-9d3a-2bd5fdfebf54/ozone-meta/datanode-8/data-0/hdds to VolumeSet
2025-07-02 18:46:41,491 [main] WARN  statemachine.DatanodeConfiguration (DatanodeConfiguration.java:validateMinFreeSpace(751)) - hdds.datanode.volume.min.free.space.percent = -1.0 is invalid, should be between 0 and 1
2025-07-02 18:46:41,492 [main] WARN  statemachine.DatanodeConfiguration (DatanodeConfiguration.java:validateMinFreeSpace(751)) - hdds.datanode.volume.min.free.space.percent = -1.0 is invalid, should be between 0 and 1
2025-07-02 18:46:41,492 [main] INFO  volume.MutableVolumeSet (MutableVolumeSet.java:initializeVolumeSet(167)) - Added Volume : /home/runner/work/ozone/ozone/hadoop-ozone/integration-test/target/test-dir/MiniOzoneClusterImpl-b7e00dfa-d3b8-45cf-9d3a-2bd5fdfebf54/ozone-meta/datanode-8/ratis621ab3af-a1c7-4ad2-ba79-87f35c273b6e to VolumeSet
2025-07-02 18:46:41,492 [main] WARN  statemachine.DatanodeConfiguration (DatanodeConfiguration.java:validateMinFreeSpace(751)) - hdds.datanode.volume.min.free.space.percent = -1.0 is invalid, should be between 0 and 1
2025-07-02 18:46:41,493 [main] WARN  statemachine.DatanodeConfiguration (DatanodeConfiguration.java:validateMinFreeSpace(751)) - hdds.datanode.volume.min.free.space.percent = -1.0 is invalid, should be between 0 and 1
2025-07-02 18:46:41,493 [ForkJoinPool.commonPool-worker-1] WARN  statemachine.DatanodeConfiguration (DatanodeConfiguration.java:validateMinFreeSpace(751)) - hdds.datanode.volume.min.free.space.percent = -1.0 is invalid, should be between 0 and 1
2025-07-02 18:46:41,494 [ForkJoinPool.commonPool-worker-1] WARN  statemachine.DatanodeConfiguration (DatanodeConfiguration.java:validateMinFreeSpace(751)) - hdds.datanode.volume.min.free.space.percent = -1.0 is invalid, should be between 0 and 1
2025-07-02 18:46:41,494 [ForkJoinPool.commonPool-worker-1] WARN  statemachine.DatanodeConfiguration (DatanodeConfiguration.java:validateMinFreeSpace(751)) - hdds.datanode.volume.min.free.space.percent = -1.0 is invalid, should be between 0 and 1
2025-07-02 18:46:41,516 [ForkJoinPool.commonPool-worker-1] INFO  utils.DatanodeStoreCache (DatanodeStoreCache.java:addDB(70)) - Added db /home/runner/work/ozone/ozone/hadoop-ozone/integration-test/target/test-dir/MiniOzoneClusterImpl-b7e00dfa-d3b8-45cf-9d3a-2bd5fdfebf54/ozone-meta/datanode-8/data-0/hdds/b7e00dfa-d3b8-45cf-9d3a-2bd5fdfebf54/DS-ac9047c9-d244-486d-8922-2fa5c2d1a2b6/container.db to cache
2025-07-02 18:46:41,517 [ForkJoinPool.commonPool-worker-1] INFO  volume.HddsVolume (HddsVolume.java:loadDbStore(516)) - SchemaV3 db is loaded at /home/runner/work/ozone/ozone/hadoop-ozone/integration-test/target/test-dir/MiniOzoneClusterImpl-b7e00dfa-d3b8-45cf-9d3a-2bd5fdfebf54/ozone-meta/datanode-8/data-0/hdds/b7e00dfa-d3b8-45cf-9d3a-2bd5fdfebf54/DS-ac9047c9-d244-486d-8922-2fa5c2d1a2b6/container.db for volume DS-ac9047c9-d244-486d-8922-2fa5c2d1a2b6
2025-07-02 18:46:41,517 [main] INFO  ozoneimpl.OzoneContainer (HddsVolumeUtil.java:loadAllHddsVolumeDbStore(102)) - Load 1 volumes DbStore cost: 24ms
2025-07-02 18:46:41,517 [main] WARN  db.DBStoreBuilder (DBStoreBuilder.java:getDBDirPath(159)) - ozone.scm.datanode.id.dir is not configured. We recommend adding this setting. Falling back to ozone.metadata.dirs instead.
2025-07-02 18:46:41,518 [main] WARN  statemachine.DatanodeConfiguration (DatanodeConfiguration.java:validateMinFreeSpace(751)) - hdds.datanode.volume.min.free.space.percent = -1.0 is invalid, should be between 0 and 1
2025-07-02 18:46:41,518 [main] WARN  db.DBStoreBuilder (DBStoreBuilder.java:getDBDirPath(159)) - ozone.scm.datanode.id.dir is not configured. We recommend adding this setting. Falling back to ozone.metadata.dirs instead.
2025-07-02 18:46:41,527 [main] WARN  statemachine.DatanodeConfiguration (DatanodeConfiguration.java:validateMinFreeSpace(751)) - hdds.datanode.volume.min.free.space.percent = -1.0 is invalid, should be between 0 and 1
2025-07-02 18:46:41,528 [main] WARN  statemachine.DatanodeConfiguration (DatanodeConfiguration.java:validateMinFreeSpace(751)) - hdds.datanode.volume.min.free.space.percent = -1.0 is invalid, should be between 0 and 1
2025-07-02 18:46:41,528 [main] INFO  impl.FilePerChunkStrategy (FilePerChunkStrategy.java:<init>(79)) - ozone.chunk.read.mapped.buffer.max.count is load with 0
2025-07-02 18:46:41,528 [main] INFO  impl.FilePerBlockStrategy (FilePerBlockStrategy.java:<init>(88)) - ozone.chunk.read.mapped.buffer.max.count is load with 0
2025-07-02 18:46:41,528 [main] WARN  statemachine.DatanodeConfiguration (DatanodeConfiguration.java:validateMinFreeSpace(751)) - hdds.datanode.volume.min.free.space.percent = -1.0 is invalid, should be between 0 and 1
2025-07-02 18:46:41,529 [main] INFO  server.RaftServerConfigKeys (ConfUtils.java:logGet(62)) - raft.server.log.appender.buffer.byte-limit = 33554432 (custom)
2025-07-02 18:46:41,530 [main] INFO  grpc.GrpcConfigKeys (ConfUtils.java:logFallback(69)) - raft.grpc.admin.host = null (fallback to raft.grpc.server.host)
2025-07-02 18:46:41,530 [main] INFO  grpc.GrpcConfigKeys (ConfUtils.java:logGet(62)) - raft.grpc.admin.port = 15070 (custom)
2025-07-02 18:46:41,531 [main] INFO  grpc.GrpcConfigKeys (ConfUtils.java:logFallback(69)) - raft.grpc.client.host = null (fallback to raft.grpc.server.host)
2025-07-02 18:46:41,531 [main] INFO  grpc.GrpcConfigKeys (ConfUtils.java:logGet(62)) - raft.grpc.client.port = 15069 (custom)
2025-07-02 18:46:41,531 [main] INFO  grpc.GrpcConfigKeys (ConfUtils.java:logGet(62)) - raft.grpc.server.port = 15071 (custom)
2025-07-02 18:46:41,531 [main] INFO  server.GrpcServicesImpl (ConfUtils.java:logGet(62)) - raft.grpc.message.size.max = 34603008 (custom)
2025-07-02 18:46:41,531 [main] INFO  server.GrpcServicesImpl (ConfUtils.java:logGet(62)) - raft.grpc.flow.control.window = 5MB (=5242880) (custom)
2025-07-02 18:46:41,531 [main] INFO  server.RaftServerConfigKeys (ConfUtils.java:logGet(62)) - raft.server.log.appender.buffer.byte-limit = 33554432 (custom)
2025-07-02 18:46:41,533 [main] INFO  netty.NettyUtils (NettyUtils.java:newEventLoopGroup(74)) - Create EpollEventLoopGroup for 71a26ef2-e834-411c-97c5-a30c78105e8f-NettyServerStreamRpc-bossGroup; Thread size is 0.
2025-07-02 18:46:41,533 [main] INFO  netty.NettyUtils (NettyUtils.java:newEventLoopGroup(74)) - Create EpollEventLoopGroup for 71a26ef2-e834-411c-97c5-a30c78105e8f-NettyServerStreamRpc-workerGroup; Thread size is 0.
2025-07-02 18:46:41,534 [main] INFO  netty.NettyConfigKeys$DataStream (ConfUtils.java:logGet(62)) - raft.netty.dataStream.port = 15072 (custom)
2025-07-02 18:46:41,534 [main] INFO  server.RaftServerConfigKeys (ConfUtils.java:logGet(62)) - raft.server.storage.dir = [/home/runner/work/ozone/ozone/hadoop-ozone/integration-test/target/test-dir/MiniOzoneClusterImpl-b7e00dfa-d3b8-45cf-9d3a-2bd5fdfebf54/ozone-meta/datanode-8/ratis621ab3af-a1c7-4ad2-ba79-87f35c273b6e] (custom)
2025-07-02 18:46:41,535 [71a26ef2-e834-411c-97c5-a30c78105e8f-NettyServerStreamRpc-bossGroup--thread1] INFO  logging.LoggingHandler (AbstractInternalLogger.java:log(148)) - [id: 0x05a5c9a5] REGISTERED
2025-07-02 18:46:41,535 [71a26ef2-e834-411c-97c5-a30c78105e8f-NettyServerStreamRpc-bossGroup--thread1] INFO  logging.LoggingHandler (AbstractInternalLogger.java:log(148)) - [id: 0x05a5c9a5] BIND: 0.0.0.0/0.0.0.0:15072
2025-07-02 18:46:41,535 [71a26ef2-e834-411c-97c5-a30c78105e8f-impl-thread1] INFO  server.RaftServer (RaftServerProxy.java:initGroupDir(270)) - 71a26ef2-e834-411c-97c5-a30c78105e8f: found a subdirectory /home/runner/work/ozone/ozone/hadoop-ozone/integration-test/target/test-dir/MiniOzoneClusterImpl-b7e00dfa-d3b8-45cf-9d3a-2bd5fdfebf54/ozone-meta/datanode-8/ratis621ab3af-a1c7-4ad2-ba79-87f35c273b6e/tmp
2025-07-02 18:46:41,535 [71a26ef2-e834-411c-97c5-a30c78105e8f-NettyServerStreamRpc-bossGroup--thread1] INFO  logging.LoggingHandler (AbstractInternalLogger.java:log(148)) - [id: 0x05a5c9a5, L:/0.0.0.0:15072] ACTIVE
2025-07-02 18:46:41,535 [71a26ef2-e834-411c-97c5-a30c78105e8f-impl-thread1] INFO  server.RaftServer (RaftServerProxy.java:initGroupDir(275)) - 71a26ef2-e834-411c-97c5-a30c78105e8f: The directory /home/runner/work/ozone/ozone/hadoop-ozone/integration-test/target/test-dir/MiniOzoneClusterImpl-b7e00dfa-d3b8-45cf-9d3a-2bd5fdfebf54/ozone-meta/datanode-8/ratis621ab3af-a1c7-4ad2-ba79-87f35c273b6e/tmp is not a group directory; ignoring it. 
2025-07-02 18:46:41,535 [main] INFO  replication.ReplicationServer (ReplicationServer.java:<init>(84)) - Initializing replication server with thread count = 10 queue length = 4096
2025-07-02 18:46:41,536 [main] WARN  statemachine.DatanodeConfiguration (DatanodeConfiguration.java:validateMinFreeSpace(751)) - hdds.datanode.volume.min.free.space.percent = -1.0 is invalid, should be between 0 and 1
2025-07-02 18:46:41,536 [main] INFO  server.XceiverServerGrpc (XceiverServerGrpc.java:<init>(130)) - GrpcServer channel type EpollServerSocketChannel
2025-07-02 18:46:41,537 [main] WARN  statemachine.DatanodeConfiguration (DatanodeConfiguration.java:validateMinFreeSpace(751)) - hdds.datanode.volume.min.free.space.percent = -1.0 is invalid, should be between 0 and 1
2025-07-02 18:46:41,537 [main] INFO  replication.ReplicationSupervisor (ReplicationSupervisor.java:build(169)) - Initializing replication supervisor with thread count = 10
2025-07-02 18:46:41,537 [main] INFO  replication.ReplicationSupervisor (ReplicationSupervisor.java:nodeStateUpdated(358)) - Node state updated to IN_SERVICE, scaling executor pool size to 10
2025-07-02 18:46:41,538 [main] WARN  statemachine.DatanodeConfiguration (DatanodeConfiguration.java:validateMinFreeSpace(751)) - hdds.datanode.volume.min.free.space.percent = -1.0 is invalid, should be between 0 and 1
2025-07-02 18:46:41,541 [main] INFO  http.BaseHttpServer (BaseHttpServer.java:newHttpServer2BuilderForOzone(229)) - Starting Web-server for hddsDatanode at: http://0.0.0.0:15066
2025-07-02 18:46:41,541 [main] INFO  http.BaseHttpServer (BaseHttpServer.java:<init>(107)) - Hadoop Security Enabled: false Ozone Security Enabled: false Ozone HTTP Security Enabled: false 
2025-07-02 18:46:41,542 [main] WARN  server.AuthenticationFilter (AuthenticationFilter.java:constructSecretProvider(240)) - Unable to initialize FileSignerSecretProvider, falling back to use random secrets. Reason: Could not read signature secret file: /home/runner/hadoop-http-auth-signature-secret
2025-07-02 18:46:41,545 [main] INFO  http.HttpServer2 (HttpServer2.java:addGlobalFilter(1042)) - Added global filter 'safety' (class=org.apache.hadoop.hdds.server.http.HttpServer2$QuotingInputFilter)
2025-07-02 18:46:41,546 [main] INFO  http.HttpServer2 (HttpServer2.java:addFilter(1018)) - Added filter static_user_filter (class=org.apache.hadoop.http.lib.StaticUserWebFilter$StaticUserFilter) to context hddsDatanode
2025-07-02 18:46:41,546 [main] INFO  http.HttpServer2 (HttpServer2.java:addFilter(1026)) - Added filter static_user_filter (class=org.apache.hadoop.http.lib.StaticUserWebFilter$StaticUserFilter) to context static
2025-07-02 18:46:41,546 [main] INFO  http.HttpServer2 (HttpServer2.java:addFilter(1026)) - Added filter static_user_filter (class=org.apache.hadoop.http.lib.StaticUserWebFilter$StaticUserFilter) to context logs
2025-07-02 18:46:41,547 [main] INFO  http.BaseHttpServer (BaseHttpServer.java:<init>(195)) - HTTP server of hddsDatanode uses base directory /home/runner/work/ozone/ozone/hadoop-ozone/integration-test/target/test-dir/MiniOzoneClusterImpl-b7e00dfa-d3b8-45cf-9d3a-2bd5fdfebf54/ozone-meta/datanode-8/meta/webserver
2025-07-02 18:46:41,547 [main] INFO  http.HttpServer2 (HttpServer2.java:bindListener(1242)) - Jetty bound to port 15066
2025-07-02 18:46:41,547 [main] INFO  server.Server (Server.java:doStart(375)) - jetty-9.4.57.v20241219; built: 2025-01-08T21:24:30.412Z; git: df524e6b29271c2e09ba9aea83c18dc9db464a31; jvm 21.0.7+6-LTS
2025-07-02 18:46:41,549 [main] INFO  server.session (DefaultSessionIdManager.java:doStart(334)) - DefaultSessionIdManager workerName=node0
2025-07-02 18:46:41,549 [main] INFO  server.session (DefaultSessionIdManager.java:doStart(339)) - No SessionScavenger set, using defaults
2025-07-02 18:46:41,549 [main] INFO  server.session (HouseKeeper.java:startScavenging(132)) - node0 Scavenging every 600000ms
2025-07-02 18:46:41,550 [main] INFO  handler.ContextHandler (ContextHandler.java:doStart(921)) - Started o.e.j.s.ServletContextHandler@4f260159{logs,/logs,file:///home/runner/work/ozone/ozone/hadoop-ozone/integration-test/target/log,AVAILABLE}
2025-07-02 18:46:41,550 [main] INFO  handler.ContextHandler (ContextHandler.java:doStart(921)) - Started o.e.j.s.ServletContextHandler@5f4e6738{static,/static,jar:file:/home/runner/work/ozone/ozone/hadoop-hdds/container-service/target/hdds-container-service-2.1.0-SNAPSHOT.jar!/webapps/static,AVAILABLE}
2025-07-02 18:46:41,693 [main] INFO  handler.ContextHandler (ContextHandler.java:doStart(921)) - Started o.e.j.w.WebAppContext@59d05dcb{hddsDatanode,/,file:///home/runner/work/ozone/ozone/hadoop-ozone/integration-test/target/test-dir/MiniOzoneClusterImpl-b7e00dfa-d3b8-45cf-9d3a-2bd5fdfebf54/ozone-meta/datanode-8/meta/webserver/jetty-0_0_0_0-15066-hdds-container-service-2_1_0-SNAPSHOT_jar-_-any-364518150238874251/webapp/,AVAILABLE}{jar:file:/home/runner/work/ozone/ozone/hadoop-hdds/container-service/target/hdds-container-service-2.1.0-SNAPSHOT.jar!/webapps/hddsDatanode}
2025-07-02 18:46:41,694 [main] INFO  server.AbstractConnector (AbstractConnector.java:doStart(333)) - Started ServerConnector@5f740a09{HTTP/1.1, (http/1.1)}{0.0.0.0:15066}
2025-07-02 18:46:41,694 [main] INFO  server.Server (Server.java:doStart(415)) - Started @96636ms
2025-07-02 18:46:41,694 [main] WARN  impl.MetricsSystemImpl (MetricsSystemImpl.java:register(279)) - Sink prometheus already exists!
2025-07-02 18:46:41,694 [main] INFO  http.BaseHttpServer (BaseHttpServer.java:updateConnectorAddress(359)) - HTTP server of hddsDatanode listening at http://localhost:15066
2025-07-02 18:46:41,695 [main] INFO  ipc.CallQueueManager (CallQueueManager.java:<init>(93)) - Using callQueue: class java.util.concurrent.LinkedBlockingQueue, queueCapacity: 1000, scheduler: class org.apache.hadoop.ipc.DefaultRpcScheduler, ipcBackoff: false, ipcFailOver: false.
2025-07-02 18:46:41,695 [main] INFO  ipc.Server (Server.java:<init>(1438)) - Listener at 0.0.0.0:15067
2025-07-02 18:46:41,695 [Socket Reader #1 for port 15067] INFO  ipc.Server (Server.java:run(1474)) - Starting Socket Reader #1 for port 15067
2025-07-02 18:46:41,696 [Socket Reader #2 for port 15067] INFO  ipc.Server (Server.java:run(1474)) - Starting Socket Reader #2 for port 15067
2025-07-02 18:46:41,696 [Socket Reader #3 for port 15067] INFO  ipc.Server (Server.java:run(1474)) - Starting Socket Reader #3 for port 15067
2025-07-02 18:46:41,696 [Socket Reader #4 for port 15067] INFO  ipc.Server (Server.java:run(1474)) - Starting Socket Reader #4 for port 15067
2025-07-02 18:46:41,696 [Socket Reader #5 for port 15067] INFO  ipc.Server (Server.java:run(1474)) - Starting Socket Reader #5 for port 15067
2025-07-02 18:46:41,696 [Socket Reader #6 for port 15067] INFO  ipc.Server (Server.java:run(1474)) - Starting Socket Reader #6 for port 15067
2025-07-02 18:46:41,697 [Socket Reader #7 for port 15067] INFO  ipc.Server (Server.java:run(1474)) - Starting Socket Reader #7 for port 15067
2025-07-02 18:46:41,697 [Socket Reader #8 for port 15067] INFO  ipc.Server (Server.java:run(1474)) - Starting Socket Reader #8 for port 15067
2025-07-02 18:46:41,697 [Socket Reader #9 for port 15067] INFO  ipc.Server (Server.java:run(1474)) - Starting Socket Reader #9 for port 15067
2025-07-02 18:46:41,697 [Socket Reader #10 for port 15067] INFO  ipc.Server (Server.java:run(1474)) - Starting Socket Reader #10 for port 15067
2025-07-02 18:46:41,699 [main] INFO  ozone.HddsDatanodeService (HddsDatanodeService.java:start(333)) - Datanode start with admins: [admin, runner]
2025-07-02 18:46:41,699 [main] INFO  ozone.HddsDatanodeClientProtocolServer (HddsDatanodeClientProtocolServer.java:start(76)) - RPC server for Client /0.0.0.0:15067
2025-07-02 18:46:41,699 [IPC Server Responder] INFO  ipc.Server (Server.java:run(1713)) - IPC Server Responder: starting
2025-07-02 18:46:41,700 [IPC Server listener on 15067] INFO  ipc.Server (Server.java:run(1553)) - IPC Server listener on 15067: starting
2025-07-02 18:46:41,701 [main] INFO  ozone.MiniOzoneClusterImpl (MiniOzoneClusterImpl.java:lambda$waitForClusterToBeReady$0(173)) - Waiting for nodes to be ready. Got 9 of 10 DN Heartbeats.
2025-07-02 18:46:41,701 [main] INFO  ozone.MiniOzoneClusterImpl (MiniOzoneClusterImpl.java:lambda$waitForClusterToBeReady$0(176)) - Cluster exits safe mode
2025-07-02 18:46:41,701 [main] INFO  ozone.MiniOzoneClusterImpl (MiniOzoneClusterImpl.java:lambda$waitForClusterToBeReady$0(178)) - SCM became leader
2025-07-02 18:46:41,702 [71a26ef2-e834-411c-97c5-a30c78105e8f-DatanodeStateMachineDaemonThread] INFO  statemachine.DatanodeStateMachine (DatanodeStateMachine.java:startStateMachineThread(347)) - Ozone container server started.
2025-07-02 18:46:41,704 [timer3] WARN  server.GrpcLogAppender (GrpcLogAppender.java:timeoutAppendRequest(448)) - f1637480-4571-474d-8c0e-49126192dfac@group-84D2FC177FB5->75758caf-2019-48e0-9285-4ac26ec01eda-GrpcLogAppender: Timed out HEARTBEAT appendEntries, errorCount=28, request=AppendEntriesRequest:cid=4646,entriesCount=0
2025-07-02 18:46:41,706 [71a26ef2-e834-411c-97c5-a30c78105e8f-DatanodeStateMachineTaskThread-0] INFO  datanode.InitDatanodeState (InitDatanodeState.java:persistContainerDatanodeDetails(139)) - DatanodeDetails is persisted to /home/runner/work/ozone/ozone/hadoop-ozone/integration-test/target/test-dir/MiniOzoneClusterImpl-b7e00dfa-d3b8-45cf-9d3a-2bd5fdfebf54/ozone-meta/datanode-8/meta/datanode.id
2025-07-02 18:46:42,205 [71a26ef2-e834-411c-97c5-a30c78105e8f-ContainerReader-0] INFO  ozoneimpl.ContainerReader (ContainerReader.java:readVolume(144)) - Start to verify containers on volume /home/runner/work/ozone/ozone/hadoop-ozone/integration-test/target/test-dir/MiniOzoneClusterImpl-b7e00dfa-d3b8-45cf-9d3a-2bd5fdfebf54/ozone-meta/datanode-8/data-0/hdds
2025-07-02 18:46:42,208 [71a26ef2-e834-411c-97c5-a30c78105e8f-ContainerReader-0] WARN  statemachine.DatanodeConfiguration (DatanodeConfiguration.java:validateMinFreeSpace(751)) - hdds.datanode.volume.min.free.space.percent = -1.0 is invalid, should be between 0 and 1
2025-07-02 18:46:42,208 [71a26ef2-e834-411c-97c5-a30c78105e8f-ContainerReader-0] WARN  helpers.KeyValueContainerUtil (KeyValueContainerUtil.java:populateContainerMetadata(330)) - Missing pendingDeleteBlockCount from metadata: recalculate them from block table
2025-07-02 18:46:42,210 [71a26ef2-e834-411c-97c5-a30c78105e8f-ContainerReader-0] WARN  statemachine.DatanodeConfiguration (DatanodeConfiguration.java:validateMinFreeSpace(751)) - hdds.datanode.volume.min.free.space.percent = -1.0 is invalid, should be between 0 and 1
2025-07-02 18:46:42,211 [71a26ef2-e834-411c-97c5-a30c78105e8f-ContainerReader-0] INFO  ozoneimpl.ContainerReader (ContainerReader.java:readVolume(174)) - Finish verifying containers on volume /home/runner/work/ozone/ozone/hadoop-ozone/integration-test/target/test-dir/MiniOzoneClusterImpl-b7e00dfa-d3b8-45cf-9d3a-2bd5fdfebf54/ozone-meta/datanode-8/data-0/hdds
2025-07-02 18:46:42,211 [71a26ef2-e834-411c-97c5-a30c78105e8f-EndpointStateMachineTaskThread-/0.0.0.0:15002-0 ] INFO  ozoneimpl.OzoneContainer (OzoneContainer.java:buildContainerSet(370)) - Build ContainerSet costs 0s
2025-07-02 18:46:42,211 [71a26ef2-e834-411c-97c5-a30c78105e8f-EndpointStateMachineTaskThread-/0.0.0.0:15002-0 ] INFO  volume.ThrottledAsyncChecker (ThrottledAsyncChecker.java:schedule(138)) - Scheduling a check for /home/runner/work/ozone/ozone/hadoop-ozone/integration-test/target/test-dir/MiniOzoneClusterImpl-b7e00dfa-d3b8-45cf-9d3a-2bd5fdfebf54/ozone-meta/datanode-8/data-0/hdds
2025-07-02 18:46:42,212 [71a26ef2-e834-411c-97c5-a30c78105e8f-EndpointStateMachineTaskThread-/0.0.0.0:15002-0 ] INFO  volume.StorageVolumeChecker (StorageVolumeChecker.java:checkAllVolumes(215)) - Scheduled health check for volume /home/runner/work/ozone/ozone/hadoop-ozone/integration-test/target/test-dir/MiniOzoneClusterImpl-b7e00dfa-d3b8-45cf-9d3a-2bd5fdfebf54/ozone-meta/datanode-8/data-0/hdds
2025-07-02 18:46:42,215 [71a26ef2-e834-411c-97c5-a30c78105e8f-EndpointStateMachineTaskThread-/0.0.0.0:15002-0 ] INFO  volume.ThrottledAsyncChecker (ThrottledAsyncChecker.java:schedule(138)) - Scheduling a check for /home/runner/work/ozone/ozone/hadoop-ozone/integration-test/target/test-dir/MiniOzoneClusterImpl-b7e00dfa-d3b8-45cf-9d3a-2bd5fdfebf54/ozone-meta/datanode-8/ratis621ab3af-a1c7-4ad2-ba79-87f35c273b6e
2025-07-02 18:46:42,215 [71a26ef2-e834-411c-97c5-a30c78105e8f-EndpointStateMachineTaskThread-/0.0.0.0:15002-0 ] INFO  volume.StorageVolumeChecker (StorageVolumeChecker.java:checkAllVolumes(215)) - Scheduled health check for volume /home/runner/work/ozone/ozone/hadoop-ozone/integration-test/target/test-dir/MiniOzoneClusterImpl-b7e00dfa-d3b8-45cf-9d3a-2bd5fdfebf54/ozone-meta/datanode-8/ratis621ab3af-a1c7-4ad2-ba79-87f35c273b6e
2025-07-02 18:46:42,216 [71a26ef2-e834-411c-97c5-a30c78105e8f-EndpointStateMachineTaskThread-/0.0.0.0:15002-0 ] INFO  ozoneimpl.OzoneContainer (OzoneContainer.java:start(520)) - Attempting to start container services.
2025-07-02 18:46:42,216 [ContainerMetadataScanner] INFO  ozoneimpl.AbstractBackgroundContainerScanner (AbstractBackgroundContainerScanner.java:runIteration(89)) - Completed an iteration in 0 minutes. Number of iterations (since the data-node restart) : 1, Number of containers scanned in this iteration : 0, Number of unhealthy containers found in this iteration : 0
2025-07-02 18:46:42,217 [ContainerDataScanner(/home/runner/work/ozone/ozone/hadoop-ozone/integration-test/target/test-dir/MiniOzoneClusterImpl-b7e00dfa-d3b8-45cf-9d3a-2bd5fdfebf54/ozone-meta/datanode-8/data-0/hdds)] INFO  ozoneimpl.AbstractBackgroundContainerScanner (AbstractBackgroundContainerScanner.java:runIteration(89)) - Completed an iteration in 0 minutes. Number of iterations (since the data-node restart) : 1, Number of containers scanned in this iteration : 0, Number of unhealthy containers found in this iteration : 0
2025-07-02 18:46:42,217 [71a26ef2-e834-411c-97c5-a30c78105e8f-EndpointStateMachineTaskThread-/0.0.0.0:15002-0 ] INFO  replication.ReplicationServer (ReplicationServer.java:start(137)) - ReplicationServer is started using port 15073
2025-07-02 18:46:42,217 [71a26ef2-e834-411c-97c5-a30c78105e8f-EndpointStateMachineTaskThread-/0.0.0.0:15002-0 ] INFO  ratis.XceiverServerRatis (XceiverServerRatis.java:start(559)) - Starting XceiverServerRatis(71a26ef2-e834-411c-97c5-a30c78105e8f)
2025-07-02 18:46:42,218 [71a26ef2-e834-411c-97c5-a30c78105e8f-EndpointStateMachineTaskThread-/0.0.0.0:15002-0 ] INFO  server.RaftServer (RaftServerProxy.java:startImpl(412)) - 71a26ef2-e834-411c-97c5-a30c78105e8f: start RPC server
2025-07-02 18:46:42,218 [71a26ef2-e834-411c-97c5-a30c78105e8f-EndpointStateMachineTaskThread-/0.0.0.0:15002-0 ] INFO  server.GrpcServicesImpl (GrpcServicesImpl.java:startImpl(346)) - 71a26ef2-e834-411c-97c5-a30c78105e8f: GrpcServicesImpl started, listening on 15069
2025-07-02 18:46:42,219 [71a26ef2-e834-411c-97c5-a30c78105e8f-EndpointStateMachineTaskThread-/0.0.0.0:15002-0 ] INFO  server.GrpcServicesImpl (GrpcServicesImpl.java:startImpl(346)) - 71a26ef2-e834-411c-97c5-a30c78105e8f: GrpcServicesImpl started, listening on 15071
2025-07-02 18:46:42,219 [71a26ef2-e834-411c-97c5-a30c78105e8f-EndpointStateMachineTaskThread-/0.0.0.0:15002-0 ] INFO  server.GrpcServicesImpl (GrpcServicesImpl.java:startImpl(346)) - 71a26ef2-e834-411c-97c5-a30c78105e8f: GrpcServicesImpl started, listening on 15070
2025-07-02 18:46:42,219 [71a26ef2-e834-411c-97c5-a30c78105e8f-EndpointStateMachineTaskThread-/0.0.0.0:15002-0 ] INFO  ratis.XceiverServerRatis (XceiverServerRatis.java:getRealPort(586)) - XceiverServerRatis(71a26ef2-e834-411c-97c5-a30c78105e8f) is started using port RATIS=15069
2025-07-02 18:46:42,219 [JvmPauseMonitor14] INFO  util.JvmPauseMonitor (JvmPauseMonitor.java:run(146)) - JvmPauseMonitor-71a26ef2-e834-411c-97c5-a30c78105e8f: Started
2025-07-02 18:46:42,219 [71a26ef2-e834-411c-97c5-a30c78105e8f-EndpointStateMachineTaskThread-/0.0.0.0:15002-0 ] INFO  ratis.XceiverServerRatis (XceiverServerRatis.java:getRealPort(586)) - XceiverServerRatis(71a26ef2-e834-411c-97c5-a30c78105e8f) is started using port RATIS_ADMIN=15070
2025-07-02 18:46:42,219 [71a26ef2-e834-411c-97c5-a30c78105e8f-EndpointStateMachineTaskThread-/0.0.0.0:15002-0 ] INFO  ratis.XceiverServerRatis (XceiverServerRatis.java:getRealPort(586)) - XceiverServerRatis(71a26ef2-e834-411c-97c5-a30c78105e8f) is started using port RATIS_SERVER=15071
2025-07-02 18:46:42,219 [71a26ef2-e834-411c-97c5-a30c78105e8f-EndpointStateMachineTaskThread-/0.0.0.0:15002-0 ] INFO  ratis.XceiverServerRatis (XceiverServerRatis.java:getRealPort(586)) - XceiverServerRatis(71a26ef2-e834-411c-97c5-a30c78105e8f) is started using port RATIS_DATASTREAM=15072
2025-07-02 18:46:42,220 [71a26ef2-e834-411c-97c5-a30c78105e8f-EndpointStateMachineTaskThread-/0.0.0.0:15002-0 ] INFO  utils.BackgroundService (BackgroundService.java:start(118)) - Starting service BlockDeletingService with interval 60000 milliseconds
2025-07-02 18:46:42,220 [71a26ef2-e834-411c-97c5-a30c78105e8f-EndpointStateMachineTaskThread-/0.0.0.0:15002-0 ] INFO  utils.BackgroundService (BackgroundService.java:start(118)) - Starting service StaleRecoveringContainerScrubbingService with interval 60000 milliseconds
2025-07-02 18:46:42,702 [main] INFO  ozone.MiniOzoneClusterImpl (MiniOzoneClusterImpl.java:lambda$waitForClusterToBeReady$0(173)) - Waiting for nodes to be ready. Got 9 of 10 DN Heartbeats.
2025-07-02 18:46:42,702 [main] INFO  ozone.MiniOzoneClusterImpl (MiniOzoneClusterImpl.java:lambda$waitForClusterToBeReady$0(176)) - Cluster exits safe mode
2025-07-02 18:46:42,702 [main] INFO  ozone.MiniOzoneClusterImpl (MiniOzoneClusterImpl.java:lambda$waitForClusterToBeReady$0(178)) - SCM became leader
2025-07-02 18:46:42,989 [grpc-default-executor-6] WARN  server.GrpcLogAppender (LogUtils.java:warn(127)) - 9eb5a351-9325-4150-9d0a-de2b7d27d48d@group-8FD04F33EAC3->71a26ef2-e834-411c-97c5-a30c78105e8f-AppendLogResponseHandler: Failed appendEntries: org.apache.ratis.thirdparty.io.grpc.StatusRuntimeException: UNAVAILABLE: io exception
  Caused by: org.apache.ratis.thirdparty.io.netty.channel.AbstractChannel$AnnotatedConnectException: finishConnect(..) failed: Connection refused: /127.0.0.1:15071
  Caused by: java.net.ConnectException: finishConnect(..) failed: Connection refused
2025-07-02 18:46:43,222 [EventQueue-HealthyReadonlyNodeForHealthyReadOnlyNodeHandler] INFO  node.HealthyReadOnlyNodeHandler (HealthyReadOnlyNodeHandler.java:onMessage(54)) - Datanode 71a26ef2-e834-411c-97c5-a30c78105e8f(localhost/127.0.0.1) moved to HEALTHY READONLY state.
2025-07-02 18:46:43,222 [EventQueue-HealthyReadonlyNodeForHealthyReadOnlyNodeHandler] INFO  node.HealthyReadOnlyNodeHandler (HealthyReadOnlyNodeHandler.java:onMessage(86)) - Sending close command for pipeline Pipeline-bdaade3c-0733-45ca-8236-8fd04f33eac3 in state CLOSED which uses HEALTHY_READONLY datanode 71a26ef2-e834-411c-97c5-a30c78105e8f(localhost/127.0.0.1). This will send close commands for its containers.
2025-07-02 18:46:43,222 [EventQueue-HealthyReadonlyNodeForHealthyReadOnlyNodeHandler] INFO  node.HealthyReadOnlyNodeHandler (HealthyReadOnlyNodeHandler.java:onMessage(86)) - Sending close command for pipeline Pipeline-73acc545-491b-4393-8737-2788c300d651 in state CLOSED which uses HEALTHY_READONLY datanode 71a26ef2-e834-411c-97c5-a30c78105e8f(localhost/127.0.0.1). This will send close commands for its containers.
2025-07-02 18:46:43,322 [EventQueue-HealthyReadonlyToHealthyNodeForReadOnlyHealthyToHealthyNodeHandler] INFO  node.ReadOnlyHealthyToHealthyNodeHandler (ReadOnlyHealthyToHealthyNodeHandler.java:onMessage(46)) - Datanode 71a26ef2-e834-411c-97c5-a30c78105e8f(localhost/127.0.0.1) moved to HEALTHY state.
2025-07-02 18:46:43,323 [EventQueue-HealthyReadonlyToHealthyNodeForReadOnlyHealthyToHealthyNodeHandler] INFO  pipeline.BackgroundPipelineCreator (BackgroundPipelineCreator.java:notifyEventTriggered(290)) - trigger a one-shot run on RatisPipelineUtilsThread.
2025-07-02 18:46:43,323 [RatisPipelineUtilsThread-0] INFO  pipeline.RatisPipelineProvider (RatisPipelineProvider.java:lambda$create$0(208)) - Sending CreatePipelineCommand for pipeline:Pipeline-2d20ddb5-4660-4f01-82d7-a0b75bc0d408 to datanode:75758caf-2019-48e0-9285-4ac26ec01eda(localhost/127.0.0.1)
2025-07-02 18:46:43,325 [RatisPipelineUtilsThread-0] INFO  pipeline.BackgroundPipelineCreator (BackgroundPipelineCreator.java:createPipelines(246)) - Created new pipeline Pipeline{ Id: 2d20ddb5-4660-4f01-82d7-a0b75bc0d408, Nodes: [ {75758caf-2019-48e0-9285-4ac26ec01eda(localhost/127.0.0.1), ReplicaIndex: 0},], ReplicationConfig: RATIS/ONE, State:ALLOCATED, leaderId:, CreationTimestamp2025-07-02T18:46:43.323606703Z[Etc/UTC]}
2025-07-02 18:46:43,326 [RatisPipelineUtilsThread-0] INFO  pipeline.RatisPipelineProvider (RatisPipelineProvider.java:lambda$create$0(208)) - Sending CreatePipelineCommand for pipeline:Pipeline-1a51bdf4-0f1a-4bbf-8dd1-88bc538dcfce to datanode:baa12041-7cca-45c7-810c-7ea11519444b(localhost/127.0.0.1)
2025-07-02 18:46:43,326 [RatisPipelineUtilsThread-0] INFO  pipeline.RatisPipelineProvider (RatisPipelineProvider.java:lambda$create$0(208)) - Sending CreatePipelineCommand for pipeline:Pipeline-1a51bdf4-0f1a-4bbf-8dd1-88bc538dcfce to datanode:f74b8a39-8cc1-4de2-93c6-02015e72cd55(localhost/127.0.0.1)
2025-07-02 18:46:43,326 [RatisPipelineUtilsThread-0] INFO  pipeline.RatisPipelineProvider (RatisPipelineProvider.java:lambda$create$0(208)) - Sending CreatePipelineCommand for pipeline:Pipeline-1a51bdf4-0f1a-4bbf-8dd1-88bc538dcfce to datanode:75758caf-2019-48e0-9285-4ac26ec01eda(localhost/127.0.0.1)
2025-07-02 18:46:43,327 [RatisPipelineUtilsThread-0] INFO  pipeline.BackgroundPipelineCreator (BackgroundPipelineCreator.java:createPipelines(246)) - Created new pipeline Pipeline{ Id: 1a51bdf4-0f1a-4bbf-8dd1-88bc538dcfce, Nodes: [ {baa12041-7cca-45c7-810c-7ea11519444b(localhost/127.0.0.1), ReplicaIndex: 0}, {f74b8a39-8cc1-4de2-93c6-02015e72cd55(localhost/127.0.0.1), ReplicaIndex: 0}, {75758caf-2019-48e0-9285-4ac26ec01eda(localhost/127.0.0.1), ReplicaIndex: 0},], ReplicationConfig: RATIS/THREE, State:ALLOCATED, leaderId:, CreationTimestamp2025-07-02T18:46:43.326151780Z[Etc/UTC]}
2025-07-02 18:46:43,328 [RatisPipelineUtilsThread-0] INFO  pipeline.RatisPipelineProvider (RatisPipelineProvider.java:lambda$create$0(208)) - Sending CreatePipelineCommand for pipeline:Pipeline-3570c0fc-1441-4176-8298-3adeda89c0ea to datanode:71a26ef2-e834-411c-97c5-a30c78105e8f(localhost/127.0.0.1)
2025-07-02 18:46:43,329 [RatisPipelineUtilsThread-0] INFO  pipeline.BackgroundPipelineCreator (BackgroundPipelineCreator.java:createPipelines(246)) - Created new pipeline Pipeline{ Id: 3570c0fc-1441-4176-8298-3adeda89c0ea, Nodes: [ {71a26ef2-e834-411c-97c5-a30c78105e8f(localhost/127.0.0.1), ReplicaIndex: 0},], ReplicationConfig: RATIS/ONE, State:ALLOCATED, leaderId:, CreationTimestamp2025-07-02T18:46:43.328077531Z[Etc/UTC]}
2025-07-02 18:46:43,329 [RatisPipelineUtilsThread-0] INFO  pipeline.RatisPipelineProvider (RatisPipelineProvider.java:lambda$create$0(208)) - Sending CreatePipelineCommand for pipeline:Pipeline-a1613614-5602-4067-9899-bfb6ac865810 to datanode:9eb5a351-9325-4150-9d0a-de2b7d27d48d(localhost/127.0.0.1)
2025-07-02 18:46:43,330 [RatisPipelineUtilsThread-0] INFO  pipeline.RatisPipelineProvider (RatisPipelineProvider.java:lambda$create$0(208)) - Sending CreatePipelineCommand for pipeline:Pipeline-a1613614-5602-4067-9899-bfb6ac865810 to datanode:f74b8a39-8cc1-4de2-93c6-02015e72cd55(localhost/127.0.0.1)
2025-07-02 18:46:43,330 [RatisPipelineUtilsThread-0] INFO  pipeline.RatisPipelineProvider (RatisPipelineProvider.java:lambda$create$0(208)) - Sending CreatePipelineCommand for pipeline:Pipeline-a1613614-5602-4067-9899-bfb6ac865810 to datanode:f1637480-4571-474d-8c0e-49126192dfac(localhost/127.0.0.1)
2025-07-02 18:46:43,331 [RatisPipelineUtilsThread-0] INFO  pipeline.BackgroundPipelineCreator (BackgroundPipelineCreator.java:createPipelines(246)) - Created new pipeline Pipeline{ Id: a1613614-5602-4067-9899-bfb6ac865810, Nodes: [ {9eb5a351-9325-4150-9d0a-de2b7d27d48d(localhost/127.0.0.1), ReplicaIndex: 0}, {f74b8a39-8cc1-4de2-93c6-02015e72cd55(localhost/127.0.0.1), ReplicaIndex: 0}, {f1637480-4571-474d-8c0e-49126192dfac(localhost/127.0.0.1), ReplicaIndex: 0},], ReplicationConfig: RATIS/THREE, State:ALLOCATED, leaderId:, CreationTimestamp2025-07-02T18:46:43.329969279Z[Etc/UTC]}
2025-07-02 18:46:43,331 [RatisPipelineUtilsThread-0] INFO  pipeline.RatisPipelineProvider (RatisPipelineProvider.java:lambda$create$0(208)) - Sending CreatePipelineCommand for pipeline:Pipeline-611b0eb7-a440-42e2-b82d-ac6ad5d0bec1 to datanode:92aeff0d-b8ac-4e9e-9ba6-1724c63a8401(localhost/127.0.0.1)
2025-07-02 18:46:43,332 [RatisPipelineUtilsThread-0] INFO  pipeline.RatisPipelineProvider (RatisPipelineProvider.java:lambda$create$0(208)) - Sending CreatePipelineCommand for pipeline:Pipeline-611b0eb7-a440-42e2-b82d-ac6ad5d0bec1 to datanode:9eb5a351-9325-4150-9d0a-de2b7d27d48d(localhost/127.0.0.1)
2025-07-02 18:46:43,332 [RatisPipelineUtilsThread-0] INFO  pipeline.RatisPipelineProvider (RatisPipelineProvider.java:lambda$create$0(208)) - Sending CreatePipelineCommand for pipeline:Pipeline-611b0eb7-a440-42e2-b82d-ac6ad5d0bec1 to datanode:71a26ef2-e834-411c-97c5-a30c78105e8f(localhost/127.0.0.1)
2025-07-02 18:46:43,333 [RatisPipelineUtilsThread-0] INFO  pipeline.BackgroundPipelineCreator (BackgroundPipelineCreator.java:createPipelines(246)) - Created new pipeline Pipeline{ Id: 611b0eb7-a440-42e2-b82d-ac6ad5d0bec1, Nodes: [ {92aeff0d-b8ac-4e9e-9ba6-1724c63a8401(localhost/127.0.0.1), ReplicaIndex: 0}, {9eb5a351-9325-4150-9d0a-de2b7d27d48d(localhost/127.0.0.1), ReplicaIndex: 0}, {71a26ef2-e834-411c-97c5-a30c78105e8f(localhost/127.0.0.1), ReplicaIndex: 0},], ReplicationConfig: RATIS/THREE, State:ALLOCATED, leaderId:, CreationTimestamp2025-07-02T18:46:43.331948621Z[Etc/UTC]}
2025-07-02 18:46:43,535 [9eb5a351-9325-4150-9d0a-de2b7d27d48d-PipelineCommandHandlerThread-0] INFO  server.RaftServer (RaftServerProxy.java:addNew(105)) - 9eb5a351-9325-4150-9d0a-de2b7d27d48d: addNew group-BFB6AC865810:[f1637480-4571-474d-8c0e-49126192dfac|127.0.0.1:15023, f74b8a39-8cc1-4de2-93c6-02015e72cd55|127.0.0.1:15087, 9eb5a351-9325-4150-9d0a-de2b7d27d48d|127.0.0.1:15079] returns group-BFB6AC865810:java.util.concurrent.CompletableFuture@62a51446[Not completed]
2025-07-02 18:46:43,537 [9eb5a351-9325-4150-9d0a-de2b7d27d48d-groupManagement] WARN  statemachine.DatanodeConfiguration (DatanodeConfiguration.java:validateMinFreeSpace(751)) - hdds.datanode.volume.min.free.space.percent = -1.0 is invalid, should be between 0 and 1
2025-07-02 18:46:43,537 [9eb5a351-9325-4150-9d0a-de2b7d27d48d-groupManagement] INFO  server.RaftServer$Division (RaftServerImpl.java:<init>(268)) - 9eb5a351-9325-4150-9d0a-de2b7d27d48d: new RaftServerImpl for group-BFB6AC865810:[f1637480-4571-474d-8c0e-49126192dfac|127.0.0.1:15023, f74b8a39-8cc1-4de2-93c6-02015e72cd55|127.0.0.1:15087, 9eb5a351-9325-4150-9d0a-de2b7d27d48d|127.0.0.1:15079] with ContainerStateMachine:uninitialized
2025-07-02 18:46:43,537 [9eb5a351-9325-4150-9d0a-de2b7d27d48d-groupManagement] INFO  server.RaftServer$Division (ServerState.java:<init>(114)) - 9eb5a351-9325-4150-9d0a-de2b7d27d48d@group-BFB6AC865810: ConfigurationManager, init=conf: {index: -1, cur=peers:[f1637480-4571-474d-8c0e-49126192dfac|127.0.0.1:15023, f74b8a39-8cc1-4de2-93c6-02015e72cd55|127.0.0.1:15087, 9eb5a351-9325-4150-9d0a-de2b7d27d48d|127.0.0.1:15079]|listeners:[], old=null}, confs=<EMPTY_MAP>
2025-07-02 18:46:43,539 [75758caf-2019-48e0-9285-4ac26ec01eda-PipelineCommandHandlerThread-0] INFO  server.RaftServer (RaftServerProxy.java:addNew(105)) - 75758caf-2019-48e0-9285-4ac26ec01eda: addNew group-A0B75BC0D408:[75758caf-2019-48e0-9285-4ac26ec01eda|127.0.0.1:15015] returns group-A0B75BC0D408:java.util.concurrent.CompletableFuture@1325d9cf[Not completed]
2025-07-02 18:46:43,540 [75758caf-2019-48e0-9285-4ac26ec01eda-groupManagement] WARN  statemachine.DatanodeConfiguration (DatanodeConfiguration.java:validateMinFreeSpace(751)) - hdds.datanode.volume.min.free.space.percent = -1.0 is invalid, should be between 0 and 1
2025-07-02 18:46:43,540 [75758caf-2019-48e0-9285-4ac26ec01eda-groupManagement] INFO  server.RaftServer$Division (RaftServerImpl.java:<init>(268)) - 75758caf-2019-48e0-9285-4ac26ec01eda: new RaftServerImpl for group-A0B75BC0D408:[75758caf-2019-48e0-9285-4ac26ec01eda|127.0.0.1:15015] with ContainerStateMachine:uninitialized
2025-07-02 18:46:43,540 [75758caf-2019-48e0-9285-4ac26ec01eda-groupManagement] INFO  server.RaftServer$Division (ServerState.java:<init>(114)) - 75758caf-2019-48e0-9285-4ac26ec01eda@group-A0B75BC0D408: ConfigurationManager, init=conf: {index: -1, cur=peers:[75758caf-2019-48e0-9285-4ac26ec01eda|127.0.0.1:15015]|listeners:[], old=null}, confs=<EMPTY_MAP>
2025-07-02 18:46:43,546 [9eb5a351-9325-4150-9d0a-de2b7d27d48d-groupManagement] INFO  server.RaftServerConfigKeys (ConfUtils.java:logGet(62)) - raft.server.storage.dir = [/home/runner/work/ozone/ozone/hadoop-ozone/integration-test/target/test-dir/MiniOzoneClusterImpl-b7e00dfa-d3b8-45cf-9d3a-2bd5fdfebf54/ozone-meta/datanode-9/ratis] (custom)
2025-07-02 18:46:43,547 [9eb5a351-9325-4150-9d0a-de2b7d27d48d-groupManagement] INFO  storage.RaftStorageDirectory (RaftStorageDirectoryImpl.java:analyzeStorage(138)) - The storage directory /home/runner/work/ozone/ozone/hadoop-ozone/integration-test/target/test-dir/MiniOzoneClusterImpl-b7e00dfa-d3b8-45cf-9d3a-2bd5fdfebf54/ozone-meta/datanode-9/ratis/a1613614-5602-4067-9899-bfb6ac865810 does not exist. Creating ...
2025-07-02 18:46:43,548 [9eb5a351-9325-4150-9d0a-de2b7d27d48d-groupManagement] INFO  storage.RaftStorageDirectory (RaftStorageDirectoryImpl.java:tryLock(229)) - Lock on /home/runner/work/ozone/ozone/hadoop-ozone/integration-test/target/test-dir/MiniOzoneClusterImpl-b7e00dfa-d3b8-45cf-9d3a-2bd5fdfebf54/ozone-meta/datanode-9/ratis/a1613614-5602-4067-9899-bfb6ac865810/in_use.lock acquired by nodename 44808@localhost
2025-07-02 18:46:43,549 [9eb5a351-9325-4150-9d0a-de2b7d27d48d-groupManagement] INFO  storage.RaftStorage (RaftStorageImpl.java:format(98)) - Storage directory /home/runner/work/ozone/ozone/hadoop-ozone/integration-test/target/test-dir/MiniOzoneClusterImpl-b7e00dfa-d3b8-45cf-9d3a-2bd5fdfebf54/ozone-meta/datanode-9/ratis/a1613614-5602-4067-9899-bfb6ac865810 has been successfully formatted.
2025-07-02 18:46:43,549 [75758caf-2019-48e0-9285-4ac26ec01eda-groupManagement] INFO  server.RaftServerConfigKeys (ConfUtils.java:logGet(62)) - raft.server.storage.dir = [/home/runner/work/ozone/ozone/hadoop-ozone/integration-test/target/test-dir/MiniOzoneClusterImpl-b7e00dfa-d3b8-45cf-9d3a-2bd5fdfebf54/ozone-meta/datanode-1/ratise27c5049-6de8-4653-87a7-5e58b36f95b4] (custom)
2025-07-02 18:46:43,549 [9eb5a351-9325-4150-9d0a-de2b7d27d48d-groupManagement] INFO  ratis.ContainerStateMachine (ContainerStateMachine.java:initialize(339)) - 9eb5a351-9325-4150-9d0a-de2b7d27d48d: initialize group-BFB6AC865810
2025-07-02 18:46:43,549 [9eb5a351-9325-4150-9d0a-de2b7d27d48d-groupManagement] INFO  ratis.ContainerStateMachine (ContainerStateMachine.java:loadSnapshot(347)) - group-BFB6AC865810: The snapshot info is null. Setting the last applied index to:<INITIAL_VALUE>
2025-07-02 18:46:43,549 [75758caf-2019-48e0-9285-4ac26ec01eda-groupManagement] INFO  storage.RaftStorageDirectory (RaftStorageDirectoryImpl.java:analyzeStorage(138)) - The storage directory /home/runner/work/ozone/ozone/hadoop-ozone/integration-test/target/test-dir/MiniOzoneClusterImpl-b7e00dfa-d3b8-45cf-9d3a-2bd5fdfebf54/ozone-meta/datanode-1/ratise27c5049-6de8-4653-87a7-5e58b36f95b4/2d20ddb5-4660-4f01-82d7-a0b75bc0d408 does not exist. Creating ...
2025-07-02 18:46:43,549 [9eb5a351-9325-4150-9d0a-de2b7d27d48d-groupManagement] INFO  server.RaftServerConfigKeys (ConfUtils.java:logGet(62)) - raft.server.log.appender.buffer.byte-limit = 33554432 (custom)
2025-07-02 18:46:43,551 [75758caf-2019-48e0-9285-4ac26ec01eda-groupManagement] INFO  storage.RaftStorageDirectory (RaftStorageDirectoryImpl.java:tryLock(229)) - Lock on /home/runner/work/ozone/ozone/hadoop-ozone/integration-test/target/test-dir/MiniOzoneClusterImpl-b7e00dfa-d3b8-45cf-9d3a-2bd5fdfebf54/ozone-meta/datanode-1/ratise27c5049-6de8-4653-87a7-5e58b36f95b4/2d20ddb5-4660-4f01-82d7-a0b75bc0d408/in_use.lock acquired by nodename 44808@localhost
2025-07-02 18:46:43,551 [9eb5a351-9325-4150-9d0a-de2b7d27d48d-groupManagement] INFO  server.RaftServerConfigKeys (ConfUtils.java:logGet(62)) - raft.server.log.segment.size.max = 67108864 (custom)
2025-07-02 18:46:43,551 [9eb5a351-9325-4150-9d0a-de2b7d27d48d-groupManagement] INFO  server.RaftServerConfigKeys (ConfUtils.java:logGet(62)) - raft.server.log.appender.buffer.byte-limit = 33554432 (custom)
2025-07-02 18:46:43,552 [9eb5a351-9325-4150-9d0a-de2b7d27d48d-groupManagement] INFO  util.AwaitToRun (AwaitToRun.java:start(81)) - Thread[#1957,9eb5a351-9325-4150-9d0a-de2b7d27d48d@group-BFB6AC865810-cacheEviction-AwaitToRun,5,main] started
2025-07-02 18:46:43,552 [9eb5a351-9325-4150-9d0a-de2b7d27d48d-groupManagement] INFO  segmented.SegmentedRaftLogWorker (SegmentedRaftLogWorker.java:<init>(190)) - new 9eb5a351-9325-4150-9d0a-de2b7d27d48d@group-BFB6AC865810-SegmentedRaftLogWorker for RaftStorageImpl:Storage Directory /home/runner/work/ozone/ozone/hadoop-ozone/integration-test/target/test-dir/MiniOzoneClusterImpl-b7e00dfa-d3b8-45cf-9d3a-2bd5fdfebf54/ozone-meta/datanode-9/ratis/a1613614-5602-4067-9899-bfb6ac865810
2025-07-02 18:46:43,552 [9eb5a351-9325-4150-9d0a-de2b7d27d48d-groupManagement] INFO  server.RaftServerConfigKeys (ConfUtils.java:logGet(62)) - raft.server.log.queue.byte-limit = 4294967296 (custom)
2025-07-02 18:46:43,552 [9eb5a351-9325-4150-9d0a-de2b7d27d48d-groupManagement] INFO  server.RaftServerConfigKeys (ConfUtils.java:logGet(62)) - raft.server.log.segment.size.max = 67108864 (custom)
2025-07-02 18:46:43,552 [9eb5a351-9325-4150-9d0a-de2b7d27d48d-groupManagement] INFO  server.RaftServerConfigKeys (ConfUtils.java:logGet(62)) - raft.server.log.preallocated.size = 4194304 (custom)
2025-07-02 18:46:43,552 [9eb5a351-9325-4150-9d0a-de2b7d27d48d-groupManagement] INFO  server.RaftServerConfigKeys (ConfUtils.java:logGet(62)) - raft.server.log.write.buffer.size = 33554440 (custom)
2025-07-02 18:46:43,552 [75758caf-2019-48e0-9285-4ac26ec01eda-groupManagement] INFO  storage.RaftStorage (RaftStorageImpl.java:format(98)) - Storage directory /home/runner/work/ozone/ozone/hadoop-ozone/integration-test/target/test-dir/MiniOzoneClusterImpl-b7e00dfa-d3b8-45cf-9d3a-2bd5fdfebf54/ozone-meta/datanode-1/ratise27c5049-6de8-4653-87a7-5e58b36f95b4/2d20ddb5-4660-4f01-82d7-a0b75bc0d408 has been successfully formatted.
2025-07-02 18:46:43,553 [75758caf-2019-48e0-9285-4ac26ec01eda-groupManagement] INFO  ratis.ContainerStateMachine (ContainerStateMachine.java:initialize(339)) - 75758caf-2019-48e0-9285-4ac26ec01eda: initialize group-A0B75BC0D408
2025-07-02 18:46:43,553 [75758caf-2019-48e0-9285-4ac26ec01eda-groupManagement] INFO  ratis.ContainerStateMachine (ContainerStateMachine.java:loadSnapshot(347)) - group-A0B75BC0D408: The snapshot info is null. Setting the last applied index to:<INITIAL_VALUE>
2025-07-02 18:46:43,553 [75758caf-2019-48e0-9285-4ac26ec01eda-groupManagement] INFO  server.RaftServerConfigKeys (ConfUtils.java:logGet(62)) - raft.server.log.appender.buffer.byte-limit = 33554432 (custom)
2025-07-02 18:46:43,557 [75758caf-2019-48e0-9285-4ac26ec01eda-groupManagement] INFO  server.RaftServerConfigKeys (ConfUtils.java:logGet(62)) - raft.server.log.segment.size.max = 67108864 (custom)
2025-07-02 18:46:43,558 [9eb5a351-9325-4150-9d0a-de2b7d27d48d-groupManagement] INFO  server.RaftServerConfigKeys (ConfUtils.java:logGet(62)) - raft.server.log.appender.buffer.byte-limit = 33554432 (custom)
2025-07-02 18:46:43,558 [9eb5a351-9325-4150-9d0a-de2b7d27d48d-groupManagement] INFO  segmented.SegmentedRaftLogWorker (SegmentedRaftLogWorker.java:lambda$new$0(141)) - 9eb5a351-9325-4150-9d0a-de2b7d27d48d@group-BFB6AC865810-SegmentedRaftLogWorker: flushIndex: setUnconditionally 0 -> -1
2025-07-02 18:46:43,558 [9eb5a351-9325-4150-9d0a-de2b7d27d48d-groupManagement] INFO  segmented.SegmentedRaftLogWorker (SegmentedRaftLogWorker.java:lambda$new$0(141)) - 9eb5a351-9325-4150-9d0a-de2b7d27d48d@group-BFB6AC865810-SegmentedRaftLogWorker: safeCacheEvictIndex: setUnconditionally 0 -> -1
2025-07-02 18:46:43,559 [75758caf-2019-48e0-9285-4ac26ec01eda-groupManagement] INFO  server.RaftServerConfigKeys (ConfUtils.java:logGet(62)) - raft.server.log.appender.buffer.byte-limit = 33554432 (custom)
2025-07-02 18:46:43,559 [9eb5a351-9325-4150-9d0a-de2b7d27d48d-groupManagement] INFO  server.RaftServer$Division (RaftServerImpl.java:start(405)) - 9eb5a351-9325-4150-9d0a-de2b7d27d48d@group-BFB6AC865810: start as a follower, conf=conf: {index: -1, cur=peers:[f1637480-4571-474d-8c0e-49126192dfac|127.0.0.1:15023, f74b8a39-8cc1-4de2-93c6-02015e72cd55|127.0.0.1:15087, 9eb5a351-9325-4150-9d0a-de2b7d27d48d|127.0.0.1:15079]|listeners:[], old=null}
2025-07-02 18:46:43,559 [9eb5a351-9325-4150-9d0a-de2b7d27d48d-groupManagement] INFO  server.RaftServer$Division (RaftServerImpl.java:setRole(392)) - 9eb5a351-9325-4150-9d0a-de2b7d27d48d@group-BFB6AC865810: changes role from      null to FOLLOWER at term 0 for startAsFollower
2025-07-02 18:46:43,559 [9eb5a351-9325-4150-9d0a-de2b7d27d48d-groupManagement] INFO  impl.RoleInfo (RoleInfo.java:updateAndGet(148)) - 9eb5a351-9325-4150-9d0a-de2b7d27d48d: start 9eb5a351-9325-4150-9d0a-de2b7d27d48d@group-BFB6AC865810-FollowerState
2025-07-02 18:46:43,561 [75758caf-2019-48e0-9285-4ac26ec01eda-groupManagement] INFO  util.AwaitToRun (AwaitToRun.java:start(81)) - Thread[#1959,75758caf-2019-48e0-9285-4ac26ec01eda@group-A0B75BC0D408-cacheEviction-AwaitToRun,5,main] started
2025-07-02 18:46:43,561 [75758caf-2019-48e0-9285-4ac26ec01eda-groupManagement] INFO  segmented.SegmentedRaftLogWorker (SegmentedRaftLogWorker.java:<init>(190)) - new 75758caf-2019-48e0-9285-4ac26ec01eda@group-A0B75BC0D408-SegmentedRaftLogWorker for RaftStorageImpl:Storage Directory /home/runner/work/ozone/ozone/hadoop-ozone/integration-test/target/test-dir/MiniOzoneClusterImpl-b7e00dfa-d3b8-45cf-9d3a-2bd5fdfebf54/ozone-meta/datanode-1/ratise27c5049-6de8-4653-87a7-5e58b36f95b4/2d20ddb5-4660-4f01-82d7-a0b75bc0d408
2025-07-02 18:46:43,561 [75758caf-2019-48e0-9285-4ac26ec01eda-groupManagement] INFO  server.RaftServerConfigKeys (ConfUtils.java:logGet(62)) - raft.server.log.queue.byte-limit = 4294967296 (custom)
2025-07-02 18:46:43,561 [75758caf-2019-48e0-9285-4ac26ec01eda-groupManagement] INFO  server.RaftServerConfigKeys (ConfUtils.java:logGet(62)) - raft.server.log.segment.size.max = 67108864 (custom)
2025-07-02 18:46:43,562 [75758caf-2019-48e0-9285-4ac26ec01eda-groupManagement] INFO  server.RaftServerConfigKeys (ConfUtils.java:logGet(62)) - raft.server.log.preallocated.size = 4194304 (custom)
2025-07-02 18:46:43,562 [75758caf-2019-48e0-9285-4ac26ec01eda-groupManagement] INFO  server.RaftServerConfigKeys (ConfUtils.java:logGet(62)) - raft.server.log.write.buffer.size = 33554440 (custom)
2025-07-02 18:46:43,562 [9eb5a351-9325-4150-9d0a-de2b7d27d48d-groupManagement] INFO  util.JmxRegister (JmxRegister.java:tryRegister(44)) - Successfully registered JMX Bean with object name Ratis:service=RaftServer,group=group-BFB6AC865810,id=9eb5a351-9325-4150-9d0a-de2b7d27d48d
2025-07-02 18:46:43,562 [9eb5a351-9325-4150-9d0a-de2b7d27d48d-groupManagement] INFO  util.JmxRegister (JmxRegister.java:register(58)) - register mxBean class org.apache.ratis.server.impl.RaftServerJmxAdapter as Ratis:service=RaftServer,group=group-BFB6AC865810,id=9eb5a351-9325-4150-9d0a-de2b7d27d48d
2025-07-02 18:46:43,562 [EventQueue-PipelineReportForPipelineReportHandler] INFO  pipeline.PipelineReportHandler (PipelineReportHandler.java:processPipelineReport(134)) - Opened pipeline Pipeline-2d20ddb5-4660-4f01-82d7-a0b75bc0d408
2025-07-02 18:46:43,564 [9eb5a351-9325-4150-9d0a-de2b7d27d48d-groupManagement] INFO  server.RaftServer$Division (RaftServerImpl.java:start(419)) - 9eb5a351-9325-4150-9d0a-de2b7d27d48d@group-BFB6AC865810: Successfully started.
2025-07-02 18:46:43,565 [9eb5a351-9325-4150-9d0a-de2b7d27d48d-PipelineCommandHandlerThread-0] INFO  ratis.XceiverServerRatis (XceiverServerRatis.java:addGroup(843)) - Created group Pipeline-a1613614-5602-4067-9899-bfb6ac865810
2025-07-02 18:46:43,568 [75758caf-2019-48e0-9285-4ac26ec01eda-groupManagement] INFO  server.RaftServerConfigKeys (ConfUtils.java:logGet(62)) - raft.server.log.appender.buffer.byte-limit = 33554432 (custom)
2025-07-02 18:46:43,568 [75758caf-2019-48e0-9285-4ac26ec01eda-groupManagement] INFO  segmented.SegmentedRaftLogWorker (SegmentedRaftLogWorker.java:lambda$new$0(141)) - 75758caf-2019-48e0-9285-4ac26ec01eda@group-A0B75BC0D408-SegmentedRaftLogWorker: flushIndex: setUnconditionally 0 -> -1
2025-07-02 18:46:43,569 [75758caf-2019-48e0-9285-4ac26ec01eda-groupManagement] INFO  segmented.SegmentedRaftLogWorker (SegmentedRaftLogWorker.java:lambda$new$0(141)) - 75758caf-2019-48e0-9285-4ac26ec01eda@group-A0B75BC0D408-SegmentedRaftLogWorker: safeCacheEvictIndex: setUnconditionally 0 -> -1
2025-07-02 18:46:43,570 [75758caf-2019-48e0-9285-4ac26ec01eda-groupManagement] INFO  server.RaftServer$Division (RaftServerImpl.java:start(405)) - 75758caf-2019-48e0-9285-4ac26ec01eda@group-A0B75BC0D408: start as a follower, conf=conf: {index: -1, cur=peers:[75758caf-2019-48e0-9285-4ac26ec01eda|127.0.0.1:15015]|listeners:[], old=null}
2025-07-02 18:46:43,570 [75758caf-2019-48e0-9285-4ac26ec01eda-groupManagement] INFO  server.RaftServer$Division (RaftServerImpl.java:setRole(392)) - 75758caf-2019-48e0-9285-4ac26ec01eda@group-A0B75BC0D408: changes role from      null to FOLLOWER at term 0 for startAsFollower
2025-07-02 18:46:43,570 [75758caf-2019-48e0-9285-4ac26ec01eda-groupManagement] INFO  impl.RoleInfo (RoleInfo.java:updateAndGet(148)) - 75758caf-2019-48e0-9285-4ac26ec01eda: start 75758caf-2019-48e0-9285-4ac26ec01eda@group-A0B75BC0D408-FollowerState
2025-07-02 18:46:43,572 [75758caf-2019-48e0-9285-4ac26ec01eda-groupManagement] INFO  util.JmxRegister (JmxRegister.java:tryRegister(44)) - Successfully registered JMX Bean with object name Ratis:service=RaftServer,group=group-A0B75BC0D408,id=75758caf-2019-48e0-9285-4ac26ec01eda
2025-07-02 18:46:43,572 [75758caf-2019-48e0-9285-4ac26ec01eda-groupManagement] INFO  util.JmxRegister (JmxRegister.java:register(58)) - register mxBean class org.apache.ratis.server.impl.RaftServerJmxAdapter as Ratis:service=RaftServer,group=group-A0B75BC0D408,id=75758caf-2019-48e0-9285-4ac26ec01eda
2025-07-02 18:46:43,574 [75758caf-2019-48e0-9285-4ac26ec01eda-groupManagement] INFO  server.RaftServer$Division (RaftServerImpl.java:start(419)) - 75758caf-2019-48e0-9285-4ac26ec01eda@group-A0B75BC0D408: Successfully started.
2025-07-02 18:46:43,574 [75758caf-2019-48e0-9285-4ac26ec01eda-PipelineCommandHandlerThread-0] INFO  ratis.XceiverServerRatis (XceiverServerRatis.java:addGroup(843)) - Created group Pipeline-2d20ddb5-4660-4f01-82d7-a0b75bc0d408
2025-07-02 18:46:43,574 [75758caf-2019-48e0-9285-4ac26ec01eda-PipelineCommandHandlerThread-0] INFO  commandhandler.CreatePipelineCommandHandler (CreatePipelineCommandHandler.java:lambda$handle$2(127)) - Created Pipeline RATIS ONE Pipeline-2d20ddb5-4660-4f01-82d7-a0b75bc0d408.
2025-07-02 18:46:43,574 [grpc-default-executor-6] INFO  server.RaftServer (RaftServerProxy.java:addNew(105)) - f74b8a39-8cc1-4de2-93c6-02015e72cd55: addNew group-BFB6AC865810:[f1637480-4571-474d-8c0e-49126192dfac|127.0.0.1:15023, f74b8a39-8cc1-4de2-93c6-02015e72cd55|127.0.0.1:15087, 9eb5a351-9325-4150-9d0a-de2b7d27d48d|127.0.0.1:15079] returns group-BFB6AC865810:java.util.concurrent.CompletableFuture@63394f5b[Not completed]
2025-07-02 18:46:43,574 [75758caf-2019-48e0-9285-4ac26ec01eda-PipelineCommandHandlerThread-0] INFO  server.RaftServer (RaftServerProxy.java:addNew(105)) - 75758caf-2019-48e0-9285-4ac26ec01eda: addNew group-88BC538DCFCE:[f74b8a39-8cc1-4de2-93c6-02015e72cd55|127.0.0.1:15087, baa12041-7cca-45c7-810c-7ea11519444b|127.0.0.1:15031, 75758caf-2019-48e0-9285-4ac26ec01eda|127.0.0.1:15015] returns group-88BC538DCFCE:java.util.concurrent.CompletableFuture@366f7a7a[Not completed]
2025-07-02 18:46:43,576 [f74b8a39-8cc1-4de2-93c6-02015e72cd55-groupManagement] WARN  statemachine.DatanodeConfiguration (DatanodeConfiguration.java:validateMinFreeSpace(751)) - hdds.datanode.volume.min.free.space.percent = -1.0 is invalid, should be between 0 and 1
2025-07-02 18:46:43,576 [f74b8a39-8cc1-4de2-93c6-02015e72cd55-groupManagement] INFO  server.RaftServer$Division (RaftServerImpl.java:<init>(268)) - f74b8a39-8cc1-4de2-93c6-02015e72cd55: new RaftServerImpl for group-BFB6AC865810:[f1637480-4571-474d-8c0e-49126192dfac|127.0.0.1:15023, f74b8a39-8cc1-4de2-93c6-02015e72cd55|127.0.0.1:15087, 9eb5a351-9325-4150-9d0a-de2b7d27d48d|127.0.0.1:15079] with ContainerStateMachine:uninitialized
2025-07-02 18:46:43,576 [f74b8a39-8cc1-4de2-93c6-02015e72cd55-groupManagement] INFO  server.RaftServer$Division (ServerState.java:<init>(114)) - f74b8a39-8cc1-4de2-93c6-02015e72cd55@group-BFB6AC865810: ConfigurationManager, init=conf: {index: -1, cur=peers:[f1637480-4571-474d-8c0e-49126192dfac|127.0.0.1:15023, f74b8a39-8cc1-4de2-93c6-02015e72cd55|127.0.0.1:15087, 9eb5a351-9325-4150-9d0a-de2b7d27d48d|127.0.0.1:15079]|listeners:[], old=null}, confs=<EMPTY_MAP>
2025-07-02 18:46:43,577 [75758caf-2019-48e0-9285-4ac26ec01eda-groupManagement] WARN  statemachine.DatanodeConfiguration (DatanodeConfiguration.java:validateMinFreeSpace(751)) - hdds.datanode.volume.min.free.space.percent = -1.0 is invalid, should be between 0 and 1
2025-07-02 18:46:43,577 [75758caf-2019-48e0-9285-4ac26ec01eda-groupManagement] INFO  server.RaftServer$Division (RaftServerImpl.java:<init>(268)) - 75758caf-2019-48e0-9285-4ac26ec01eda: new RaftServerImpl for group-88BC538DCFCE:[f74b8a39-8cc1-4de2-93c6-02015e72cd55|127.0.0.1:15087, baa12041-7cca-45c7-810c-7ea11519444b|127.0.0.1:15031, 75758caf-2019-48e0-9285-4ac26ec01eda|127.0.0.1:15015] with ContainerStateMachine:uninitialized
2025-07-02 18:46:43,577 [75758caf-2019-48e0-9285-4ac26ec01eda-groupManagement] INFO  server.RaftServer$Division (ServerState.java:<init>(114)) - 75758caf-2019-48e0-9285-4ac26ec01eda@group-88BC538DCFCE: ConfigurationManager, init=conf: {index: -1, cur=peers:[f74b8a39-8cc1-4de2-93c6-02015e72cd55|127.0.0.1:15087, baa12041-7cca-45c7-810c-7ea11519444b|127.0.0.1:15031, 75758caf-2019-48e0-9285-4ac26ec01eda|127.0.0.1:15015]|listeners:[], old=null}, confs=<EMPTY_MAP>
2025-07-02 18:46:43,583 [75758caf-2019-48e0-9285-4ac26ec01eda-groupManagement] INFO  storage.RaftStorageDirectory (RaftStorageDirectoryImpl.java:analyzeStorage(138)) - The storage directory /home/runner/work/ozone/ozone/hadoop-ozone/integration-test/target/test-dir/MiniOzoneClusterImpl-b7e00dfa-d3b8-45cf-9d3a-2bd5fdfebf54/ozone-meta/datanode-1/ratise27c5049-6de8-4653-87a7-5e58b36f95b4/1a51bdf4-0f1a-4bbf-8dd1-88bc538dcfce does not exist. Creating ...
2025-07-02 18:46:43,584 [75758caf-2019-48e0-9285-4ac26ec01eda-groupManagement] INFO  storage.RaftStorageDirectory (RaftStorageDirectoryImpl.java:tryLock(229)) - Lock on /home/runner/work/ozone/ozone/hadoop-ozone/integration-test/target/test-dir/MiniOzoneClusterImpl-b7e00dfa-d3b8-45cf-9d3a-2bd5fdfebf54/ozone-meta/datanode-1/ratise27c5049-6de8-4653-87a7-5e58b36f95b4/1a51bdf4-0f1a-4bbf-8dd1-88bc538dcfce/in_use.lock acquired by nodename 44808@localhost
2025-07-02 18:46:43,586 [f74b8a39-8cc1-4de2-93c6-02015e72cd55-groupManagement] INFO  server.RaftServerConfigKeys (ConfUtils.java:logGet(62)) - raft.server.storage.dir = [/home/runner/work/ozone/ozone/hadoop-ozone/integration-test/target/test-dir/MiniOzoneClusterImpl-b7e00dfa-d3b8-45cf-9d3a-2bd5fdfebf54/ozone-meta/datanode-10/ratis] (custom)
2025-07-02 18:46:43,586 [f74b8a39-8cc1-4de2-93c6-02015e72cd55-groupManagement] INFO  storage.RaftStorageDirectory (RaftStorageDirectoryImpl.java:analyzeStorage(138)) - The storage directory /home/runner/work/ozone/ozone/hadoop-ozone/integration-test/target/test-dir/MiniOzoneClusterImpl-b7e00dfa-d3b8-45cf-9d3a-2bd5fdfebf54/ozone-meta/datanode-10/ratis/a1613614-5602-4067-9899-bfb6ac865810 does not exist. Creating ...
2025-07-02 18:46:43,586 [75758caf-2019-48e0-9285-4ac26ec01eda-groupManagement] INFO  storage.RaftStorage (RaftStorageImpl.java:format(98)) - Storage directory /home/runner/work/ozone/ozone/hadoop-ozone/integration-test/target/test-dir/MiniOzoneClusterImpl-b7e00dfa-d3b8-45cf-9d3a-2bd5fdfebf54/ozone-meta/datanode-1/ratise27c5049-6de8-4653-87a7-5e58b36f95b4/1a51bdf4-0f1a-4bbf-8dd1-88bc538dcfce has been successfully formatted.
2025-07-02 18:46:43,587 [75758caf-2019-48e0-9285-4ac26ec01eda-groupManagement] INFO  ratis.ContainerStateMachine (ContainerStateMachine.java:initialize(339)) - 75758caf-2019-48e0-9285-4ac26ec01eda: initialize group-88BC538DCFCE
2025-07-02 18:46:43,587 [75758caf-2019-48e0-9285-4ac26ec01eda-groupManagement] INFO  ratis.ContainerStateMachine (ContainerStateMachine.java:loadSnapshot(347)) - group-88BC538DCFCE: The snapshot info is null. Setting the last applied index to:<INITIAL_VALUE>
2025-07-02 18:46:43,587 [75758caf-2019-48e0-9285-4ac26ec01eda-groupManagement] INFO  server.RaftServerConfigKeys (ConfUtils.java:logGet(62)) - raft.server.log.appender.buffer.byte-limit = 33554432 (custom)
2025-07-02 18:46:43,588 [f74b8a39-8cc1-4de2-93c6-02015e72cd55-groupManagement] INFO  storage.RaftStorageDirectory (RaftStorageDirectoryImpl.java:tryLock(229)) - Lock on /home/runner/work/ozone/ozone/hadoop-ozone/integration-test/target/test-dir/MiniOzoneClusterImpl-b7e00dfa-d3b8-45cf-9d3a-2bd5fdfebf54/ozone-meta/datanode-10/ratis/a1613614-5602-4067-9899-bfb6ac865810/in_use.lock acquired by nodename 44808@localhost
2025-07-02 18:46:43,589 [75758caf-2019-48e0-9285-4ac26ec01eda-groupManagement] INFO  server.RaftServerConfigKeys (ConfUtils.java:logGet(62)) - raft.server.log.segment.size.max = 67108864 (custom)
2025-07-02 18:46:43,589 [75758caf-2019-48e0-9285-4ac26ec01eda-groupManagement] INFO  server.RaftServerConfigKeys (ConfUtils.java:logGet(62)) - raft.server.log.appender.buffer.byte-limit = 33554432 (custom)
2025-07-02 18:46:43,590 [75758caf-2019-48e0-9285-4ac26ec01eda-groupManagement] INFO  util.AwaitToRun (AwaitToRun.java:start(81)) - Thread[#1965,75758caf-2019-48e0-9285-4ac26ec01eda@group-88BC538DCFCE-cacheEviction-AwaitToRun,5,main] started
2025-07-02 18:46:43,590 [75758caf-2019-48e0-9285-4ac26ec01eda-groupManagement] INFO  segmented.SegmentedRaftLogWorker (SegmentedRaftLogWorker.java:<init>(190)) - new 75758caf-2019-48e0-9285-4ac26ec01eda@group-88BC538DCFCE-SegmentedRaftLogWorker for RaftStorageImpl:Storage Directory /home/runner/work/ozone/ozone/hadoop-ozone/integration-test/target/test-dir/MiniOzoneClusterImpl-b7e00dfa-d3b8-45cf-9d3a-2bd5fdfebf54/ozone-meta/datanode-1/ratise27c5049-6de8-4653-87a7-5e58b36f95b4/1a51bdf4-0f1a-4bbf-8dd1-88bc538dcfce
2025-07-02 18:46:43,590 [75758caf-2019-48e0-9285-4ac26ec01eda-groupManagement] INFO  server.RaftServerConfigKeys (ConfUtils.java:logGet(62)) - raft.server.log.queue.byte-limit = 4294967296 (custom)
2025-07-02 18:46:43,590 [75758caf-2019-48e0-9285-4ac26ec01eda-groupManagement] INFO  server.RaftServerConfigKeys (ConfUtils.java:logGet(62)) - raft.server.log.segment.size.max = 67108864 (custom)
2025-07-02 18:46:43,590 [75758caf-2019-48e0-9285-4ac26ec01eda-groupManagement] INFO  server.RaftServerConfigKeys (ConfUtils.java:logGet(62)) - raft.server.log.preallocated.size = 4194304 (custom)
2025-07-02 18:46:43,590 [f74b8a39-8cc1-4de2-93c6-02015e72cd55-groupManagement] INFO  storage.RaftStorage (RaftStorageImpl.java:format(98)) - Storage directory /home/runner/work/ozone/ozone/hadoop-ozone/integration-test/target/test-dir/MiniOzoneClusterImpl-b7e00dfa-d3b8-45cf-9d3a-2bd5fdfebf54/ozone-meta/datanode-10/ratis/a1613614-5602-4067-9899-bfb6ac865810 has been successfully formatted.
2025-07-02 18:46:43,590 [f74b8a39-8cc1-4de2-93c6-02015e72cd55-groupManagement] INFO  ratis.ContainerStateMachine (ContainerStateMachine.java:initialize(339)) - f74b8a39-8cc1-4de2-93c6-02015e72cd55: initialize group-BFB6AC865810
2025-07-02 18:46:43,590 [f74b8a39-8cc1-4de2-93c6-02015e72cd55-groupManagement] INFO  ratis.ContainerStateMachine (ContainerStateMachine.java:loadSnapshot(347)) - group-BFB6AC865810: The snapshot info is null. Setting the last applied index to:<INITIAL_VALUE>
2025-07-02 18:46:43,591 [f74b8a39-8cc1-4de2-93c6-02015e72cd55-groupManagement] INFO  server.RaftServerConfigKeys (ConfUtils.java:logGet(62)) - raft.server.log.appender.buffer.byte-limit = 33554432 (custom)
2025-07-02 18:46:43,592 [f74b8a39-8cc1-4de2-93c6-02015e72cd55-groupManagement] INFO  server.RaftServerConfigKeys (ConfUtils.java:logGet(62)) - raft.server.log.segment.size.max = 67108864 (custom)
2025-07-02 18:46:43,593 [f74b8a39-8cc1-4de2-93c6-02015e72cd55-groupManagement] INFO  server.RaftServerConfigKeys (ConfUtils.java:logGet(62)) - raft.server.log.appender.buffer.byte-limit = 33554432 (custom)
2025-07-02 18:46:43,593 [75758caf-2019-48e0-9285-4ac26ec01eda-groupManagement] INFO  server.RaftServerConfigKeys (ConfUtils.java:logGet(62)) - raft.server.log.write.buffer.size = 33554440 (custom)
2025-07-02 18:46:43,594 [f74b8a39-8cc1-4de2-93c6-02015e72cd55-groupManagement] INFO  util.AwaitToRun (AwaitToRun.java:start(81)) - Thread[#1966,f74b8a39-8cc1-4de2-93c6-02015e72cd55@group-BFB6AC865810-cacheEviction-AwaitToRun,5,main] started
2025-07-02 18:46:43,594 [f74b8a39-8cc1-4de2-93c6-02015e72cd55-groupManagement] INFO  segmented.SegmentedRaftLogWorker (SegmentedRaftLogWorker.java:<init>(190)) - new f74b8a39-8cc1-4de2-93c6-02015e72cd55@group-BFB6AC865810-SegmentedRaftLogWorker for RaftStorageImpl:Storage Directory /home/runner/work/ozone/ozone/hadoop-ozone/integration-test/target/test-dir/MiniOzoneClusterImpl-b7e00dfa-d3b8-45cf-9d3a-2bd5fdfebf54/ozone-meta/datanode-10/ratis/a1613614-5602-4067-9899-bfb6ac865810
2025-07-02 18:46:43,594 [f74b8a39-8cc1-4de2-93c6-02015e72cd55-groupManagement] INFO  server.RaftServerConfigKeys (ConfUtils.java:logGet(62)) - raft.server.log.queue.byte-limit = 4294967296 (custom)
2025-07-02 18:46:43,594 [f74b8a39-8cc1-4de2-93c6-02015e72cd55-groupManagement] INFO  server.RaftServerConfigKeys (ConfUtils.java:logGet(62)) - raft.server.log.segment.size.max = 67108864 (custom)
2025-07-02 18:46:43,594 [f74b8a39-8cc1-4de2-93c6-02015e72cd55-groupManagement] INFO  server.RaftServerConfigKeys (ConfUtils.java:logGet(62)) - raft.server.log.preallocated.size = 4194304 (custom)
2025-07-02 18:46:43,594 [f74b8a39-8cc1-4de2-93c6-02015e72cd55-groupManagement] INFO  server.RaftServerConfigKeys (ConfUtils.java:logGet(62)) - raft.server.log.write.buffer.size = 33554440 (custom)
2025-07-02 18:46:43,599 [75758caf-2019-48e0-9285-4ac26ec01eda-groupManagement] INFO  server.RaftServerConfigKeys (ConfUtils.java:logGet(62)) - raft.server.log.appender.buffer.byte-limit = 33554432 (custom)
2025-07-02 18:46:43,600 [75758caf-2019-48e0-9285-4ac26ec01eda-groupManagement] INFO  segmented.SegmentedRaftLogWorker (SegmentedRaftLogWorker.java:lambda$new$0(141)) - 75758caf-2019-48e0-9285-4ac26ec01eda@group-88BC538DCFCE-SegmentedRaftLogWorker: flushIndex: setUnconditionally 0 -> -1
2025-07-02 18:46:43,600 [75758caf-2019-48e0-9285-4ac26ec01eda-groupManagement] INFO  segmented.SegmentedRaftLogWorker (SegmentedRaftLogWorker.java:lambda$new$0(141)) - 75758caf-2019-48e0-9285-4ac26ec01eda@group-88BC538DCFCE-SegmentedRaftLogWorker: safeCacheEvictIndex: setUnconditionally 0 -> -1
2025-07-02 18:46:43,601 [f74b8a39-8cc1-4de2-93c6-02015e72cd55-groupManagement] INFO  server.RaftServerConfigKeys (ConfUtils.java:logGet(62)) - raft.server.log.appender.buffer.byte-limit = 33554432 (custom)
2025-07-02 18:46:43,601 [f74b8a39-8cc1-4de2-93c6-02015e72cd55-groupManagement] INFO  segmented.SegmentedRaftLogWorker (SegmentedRaftLogWorker.java:lambda$new$0(141)) - f74b8a39-8cc1-4de2-93c6-02015e72cd55@group-BFB6AC865810-SegmentedRaftLogWorker: flushIndex: setUnconditionally 0 -> -1
2025-07-02 18:46:43,601 [f74b8a39-8cc1-4de2-93c6-02015e72cd55-groupManagement] INFO  segmented.SegmentedRaftLogWorker (SegmentedRaftLogWorker.java:lambda$new$0(141)) - f74b8a39-8cc1-4de2-93c6-02015e72cd55@group-BFB6AC865810-SegmentedRaftLogWorker: safeCacheEvictIndex: setUnconditionally 0 -> -1
2025-07-02 18:46:43,602 [75758caf-2019-48e0-9285-4ac26ec01eda-groupManagement] INFO  server.RaftServer$Division (RaftServerImpl.java:start(405)) - 75758caf-2019-48e0-9285-4ac26ec01eda@group-88BC538DCFCE: start as a follower, conf=conf: {index: -1, cur=peers:[f74b8a39-8cc1-4de2-93c6-02015e72cd55|127.0.0.1:15087, baa12041-7cca-45c7-810c-7ea11519444b|127.0.0.1:15031, 75758caf-2019-48e0-9285-4ac26ec01eda|127.0.0.1:15015]|listeners:[], old=null}
2025-07-02 18:46:43,602 [75758caf-2019-48e0-9285-4ac26ec01eda-groupManagement] INFO  server.RaftServer$Division (RaftServerImpl.java:setRole(392)) - 75758caf-2019-48e0-9285-4ac26ec01eda@group-88BC538DCFCE: changes role from      null to FOLLOWER at term 0 for startAsFollower
2025-07-02 18:46:43,602 [75758caf-2019-48e0-9285-4ac26ec01eda-groupManagement] INFO  impl.RoleInfo (RoleInfo.java:updateAndGet(148)) - 75758caf-2019-48e0-9285-4ac26ec01eda: start 75758caf-2019-48e0-9285-4ac26ec01eda@group-88BC538DCFCE-FollowerState
2025-07-02 18:46:43,602 [f74b8a39-8cc1-4de2-93c6-02015e72cd55-groupManagement] INFO  server.RaftServer$Division (RaftServerImpl.java:start(405)) - f74b8a39-8cc1-4de2-93c6-02015e72cd55@group-BFB6AC865810: start as a follower, conf=conf: {index: -1, cur=peers:[f1637480-4571-474d-8c0e-49126192dfac|127.0.0.1:15023, f74b8a39-8cc1-4de2-93c6-02015e72cd55|127.0.0.1:15087, 9eb5a351-9325-4150-9d0a-de2b7d27d48d|127.0.0.1:15079]|listeners:[], old=null}
2025-07-02 18:46:43,602 [f74b8a39-8cc1-4de2-93c6-02015e72cd55-groupManagement] INFO  server.RaftServer$Division (RaftServerImpl.java:setRole(392)) - f74b8a39-8cc1-4de2-93c6-02015e72cd55@group-BFB6AC865810: changes role from      null to FOLLOWER at term 0 for startAsFollower
2025-07-02 18:46:43,602 [f74b8a39-8cc1-4de2-93c6-02015e72cd55-groupManagement] INFO  impl.RoleInfo (RoleInfo.java:updateAndGet(148)) - f74b8a39-8cc1-4de2-93c6-02015e72cd55: start f74b8a39-8cc1-4de2-93c6-02015e72cd55@group-BFB6AC865810-FollowerState
2025-07-02 18:46:43,603 [f74b8a39-8cc1-4de2-93c6-02015e72cd55-groupManagement] INFO  util.JmxRegister (JmxRegister.java:tryRegister(44)) - Successfully registered JMX Bean with object name Ratis:service=RaftServer,group=group-BFB6AC865810,id=f74b8a39-8cc1-4de2-93c6-02015e72cd55
2025-07-02 18:46:43,603 [f74b8a39-8cc1-4de2-93c6-02015e72cd55-groupManagement] INFO  util.JmxRegister (JmxRegister.java:register(58)) - register mxBean class org.apache.ratis.server.impl.RaftServerJmxAdapter as Ratis:service=RaftServer,group=group-BFB6AC865810,id=f74b8a39-8cc1-4de2-93c6-02015e72cd55
2025-07-02 18:46:43,604 [f74b8a39-8cc1-4de2-93c6-02015e72cd55-groupManagement] INFO  server.RaftServer$Division (RaftServerImpl.java:start(419)) - f74b8a39-8cc1-4de2-93c6-02015e72cd55@group-BFB6AC865810: Successfully started.
2025-07-02 18:46:43,604 [75758caf-2019-48e0-9285-4ac26ec01eda-groupManagement] INFO  util.JmxRegister (JmxRegister.java:tryRegister(44)) - Successfully registered JMX Bean with object name Ratis:service=RaftServer,group=group-88BC538DCFCE,id=75758caf-2019-48e0-9285-4ac26ec01eda
2025-07-02 18:46:43,604 [75758caf-2019-48e0-9285-4ac26ec01eda-groupManagement] INFO  util.JmxRegister (JmxRegister.java:register(58)) - register mxBean class org.apache.ratis.server.impl.RaftServerJmxAdapter as Ratis:service=RaftServer,group=group-88BC538DCFCE,id=75758caf-2019-48e0-9285-4ac26ec01eda
2025-07-02 18:46:43,606 [75758caf-2019-48e0-9285-4ac26ec01eda-groupManagement] INFO  server.RaftServer$Division (RaftServerImpl.java:start(419)) - 75758caf-2019-48e0-9285-4ac26ec01eda@group-88BC538DCFCE: Successfully started.
2025-07-02 18:46:43,608 [75758caf-2019-48e0-9285-4ac26ec01eda-PipelineCommandHandlerThread-0] INFO  ratis.XceiverServerRatis (XceiverServerRatis.java:addGroup(843)) - Created group Pipeline-1a51bdf4-0f1a-4bbf-8dd1-88bc538dcfce
2025-07-02 18:46:43,618 [baa12041-7cca-45c7-810c-7ea11519444b-groupManagement] WARN  statemachine.DatanodeConfiguration (DatanodeConfiguration.java:validateMinFreeSpace(751)) - hdds.datanode.volume.min.free.space.percent = -1.0 is invalid, should be between 0 and 1
2025-07-02 18:46:43,618 [grpc-default-executor-6] INFO  server.RaftServer (RaftServerProxy.java:addNew(105)) - baa12041-7cca-45c7-810c-7ea11519444b: addNew group-88BC538DCFCE:[f74b8a39-8cc1-4de2-93c6-02015e72cd55|127.0.0.1:15087, baa12041-7cca-45c7-810c-7ea11519444b|127.0.0.1:15031, 75758caf-2019-48e0-9285-4ac26ec01eda|127.0.0.1:15015] returns group-88BC538DCFCE:java.util.concurrent.CompletableFuture@115c6632[Not completed]
2025-07-02 18:46:43,619 [baa12041-7cca-45c7-810c-7ea11519444b-groupManagement] INFO  server.RaftServer$Division (RaftServerImpl.java:<init>(268)) - baa12041-7cca-45c7-810c-7ea11519444b: new RaftServerImpl for group-88BC538DCFCE:[f74b8a39-8cc1-4de2-93c6-02015e72cd55|127.0.0.1:15087, baa12041-7cca-45c7-810c-7ea11519444b|127.0.0.1:15031, 75758caf-2019-48e0-9285-4ac26ec01eda|127.0.0.1:15015] with ContainerStateMachine:uninitialized
2025-07-02 18:46:43,622 [baa12041-7cca-45c7-810c-7ea11519444b-groupManagement] INFO  server.RaftServer$Division (ServerState.java:<init>(114)) - baa12041-7cca-45c7-810c-7ea11519444b@group-88BC538DCFCE: ConfigurationManager, init=conf: {index: -1, cur=peers:[f74b8a39-8cc1-4de2-93c6-02015e72cd55|127.0.0.1:15087, baa12041-7cca-45c7-810c-7ea11519444b|127.0.0.1:15031, 75758caf-2019-48e0-9285-4ac26ec01eda|127.0.0.1:15015]|listeners:[], old=null}, confs=<EMPTY_MAP>
2025-07-02 18:46:43,621 [grpc-default-executor-6] INFO  server.RaftServer (RaftServerProxy.java:addNew(105)) - f1637480-4571-474d-8c0e-49126192dfac: addNew group-BFB6AC865810:[f1637480-4571-474d-8c0e-49126192dfac|127.0.0.1:15023, f74b8a39-8cc1-4de2-93c6-02015e72cd55|127.0.0.1:15087, 9eb5a351-9325-4150-9d0a-de2b7d27d48d|127.0.0.1:15079] returns group-BFB6AC865810:java.util.concurrent.CompletableFuture@3836b0d5[Not completed]
2025-07-02 18:46:43,621 [f1637480-4571-474d-8c0e-49126192dfac-groupManagement] WARN  statemachine.DatanodeConfiguration (DatanodeConfiguration.java:validateMinFreeSpace(751)) - hdds.datanode.volume.min.free.space.percent = -1.0 is invalid, should be between 0 and 1
2025-07-02 18:46:43,624 [f1637480-4571-474d-8c0e-49126192dfac-groupManagement] INFO  server.RaftServer$Division (RaftServerImpl.java:<init>(268)) - f1637480-4571-474d-8c0e-49126192dfac: new RaftServerImpl for group-BFB6AC865810:[f1637480-4571-474d-8c0e-49126192dfac|127.0.0.1:15023, f74b8a39-8cc1-4de2-93c6-02015e72cd55|127.0.0.1:15087, 9eb5a351-9325-4150-9d0a-de2b7d27d48d|127.0.0.1:15079] with ContainerStateMachine:uninitialized
2025-07-02 18:46:43,624 [f1637480-4571-474d-8c0e-49126192dfac-groupManagement] INFO  server.RaftServer$Division (ServerState.java:<init>(114)) - f1637480-4571-474d-8c0e-49126192dfac@group-BFB6AC865810: ConfigurationManager, init=conf: {index: -1, cur=peers:[f1637480-4571-474d-8c0e-49126192dfac|127.0.0.1:15023, f74b8a39-8cc1-4de2-93c6-02015e72cd55|127.0.0.1:15087, 9eb5a351-9325-4150-9d0a-de2b7d27d48d|127.0.0.1:15079]|listeners:[], old=null}, confs=<EMPTY_MAP>
2025-07-02 18:46:43,632 [baa12041-7cca-45c7-810c-7ea11519444b-groupManagement] INFO  server.RaftServerConfigKeys (ConfUtils.java:logGet(62)) - raft.server.storage.dir = [/home/runner/work/ozone/ozone/hadoop-ozone/integration-test/target/test-dir/MiniOzoneClusterImpl-b7e00dfa-d3b8-45cf-9d3a-2bd5fdfebf54/ozone-meta/datanode-3/ratis] (custom)
2025-07-02 18:46:43,633 [baa12041-7cca-45c7-810c-7ea11519444b-groupManagement] INFO  storage.RaftStorageDirectory (RaftStorageDirectoryImpl.java:analyzeStorage(138)) - The storage directory /home/runner/work/ozone/ozone/hadoop-ozone/integration-test/target/test-dir/MiniOzoneClusterImpl-b7e00dfa-d3b8-45cf-9d3a-2bd5fdfebf54/ozone-meta/datanode-3/ratis/1a51bdf4-0f1a-4bbf-8dd1-88bc538dcfce does not exist. Creating ...
2025-07-02 18:46:43,634 [f1637480-4571-474d-8c0e-49126192dfac-groupManagement] INFO  server.RaftServerConfigKeys (ConfUtils.java:logGet(62)) - raft.server.storage.dir = [/home/runner/work/ozone/ozone/hadoop-ozone/integration-test/target/test-dir/MiniOzoneClusterImpl-b7e00dfa-d3b8-45cf-9d3a-2bd5fdfebf54/ozone-meta/datanode-2/ratis] (custom)
2025-07-02 18:46:43,634 [f1637480-4571-474d-8c0e-49126192dfac-groupManagement] INFO  storage.RaftStorageDirectory (RaftStorageDirectoryImpl.java:analyzeStorage(138)) - The storage directory /home/runner/work/ozone/ozone/hadoop-ozone/integration-test/target/test-dir/MiniOzoneClusterImpl-b7e00dfa-d3b8-45cf-9d3a-2bd5fdfebf54/ozone-meta/datanode-2/ratis/a1613614-5602-4067-9899-bfb6ac865810 does not exist. Creating ...
2025-07-02 18:46:43,635 [baa12041-7cca-45c7-810c-7ea11519444b-groupManagement] INFO  storage.RaftStorageDirectory (RaftStorageDirectoryImpl.java:tryLock(229)) - Lock on /home/runner/work/ozone/ozone/hadoop-ozone/integration-test/target/test-dir/MiniOzoneClusterImpl-b7e00dfa-d3b8-45cf-9d3a-2bd5fdfebf54/ozone-meta/datanode-3/ratis/1a51bdf4-0f1a-4bbf-8dd1-88bc538dcfce/in_use.lock acquired by nodename 44808@localhost
2025-07-02 18:46:43,635 [f1637480-4571-474d-8c0e-49126192dfac-groupManagement] INFO  storage.RaftStorageDirectory (RaftStorageDirectoryImpl.java:tryLock(229)) - Lock on /home/runner/work/ozone/ozone/hadoop-ozone/integration-test/target/test-dir/MiniOzoneClusterImpl-b7e00dfa-d3b8-45cf-9d3a-2bd5fdfebf54/ozone-meta/datanode-2/ratis/a1613614-5602-4067-9899-bfb6ac865810/in_use.lock acquired by nodename 44808@localhost
2025-07-02 18:46:43,637 [baa12041-7cca-45c7-810c-7ea11519444b-groupManagement] INFO  storage.RaftStorage (RaftStorageImpl.java:format(98)) - Storage directory /home/runner/work/ozone/ozone/hadoop-ozone/integration-test/target/test-dir/MiniOzoneClusterImpl-b7e00dfa-d3b8-45cf-9d3a-2bd5fdfebf54/ozone-meta/datanode-3/ratis/1a51bdf4-0f1a-4bbf-8dd1-88bc538dcfce has been successfully formatted.
2025-07-02 18:46:43,637 [baa12041-7cca-45c7-810c-7ea11519444b-groupManagement] INFO  ratis.ContainerStateMachine (ContainerStateMachine.java:initialize(339)) - baa12041-7cca-45c7-810c-7ea11519444b: initialize group-88BC538DCFCE
2025-07-02 18:46:43,637 [baa12041-7cca-45c7-810c-7ea11519444b-groupManagement] INFO  ratis.ContainerStateMachine (ContainerStateMachine.java:loadSnapshot(347)) - group-88BC538DCFCE: The snapshot info is null. Setting the last applied index to:<INITIAL_VALUE>
2025-07-02 18:46:43,637 [baa12041-7cca-45c7-810c-7ea11519444b-groupManagement] INFO  server.RaftServerConfigKeys (ConfUtils.java:logGet(62)) - raft.server.log.appender.buffer.byte-limit = 33554432 (custom)
2025-07-02 18:46:43,637 [f1637480-4571-474d-8c0e-49126192dfac-groupManagement] INFO  storage.RaftStorage (RaftStorageImpl.java:format(98)) - Storage directory /home/runner/work/ozone/ozone/hadoop-ozone/integration-test/target/test-dir/MiniOzoneClusterImpl-b7e00dfa-d3b8-45cf-9d3a-2bd5fdfebf54/ozone-meta/datanode-2/ratis/a1613614-5602-4067-9899-bfb6ac865810 has been successfully formatted.
2025-07-02 18:46:43,637 [f1637480-4571-474d-8c0e-49126192dfac-groupManagement] INFO  ratis.ContainerStateMachine (ContainerStateMachine.java:initialize(339)) - f1637480-4571-474d-8c0e-49126192dfac: initialize group-BFB6AC865810
2025-07-02 18:46:43,637 [f1637480-4571-474d-8c0e-49126192dfac-groupManagement] INFO  ratis.ContainerStateMachine (ContainerStateMachine.java:loadSnapshot(347)) - group-BFB6AC865810: The snapshot info is null. Setting the last applied index to:<INITIAL_VALUE>
2025-07-02 18:46:43,637 [f1637480-4571-474d-8c0e-49126192dfac-groupManagement] INFO  server.RaftServerConfigKeys (ConfUtils.java:logGet(62)) - raft.server.log.appender.buffer.byte-limit = 33554432 (custom)
2025-07-02 18:46:43,641 [baa12041-7cca-45c7-810c-7ea11519444b-groupManagement] INFO  server.RaftServerConfigKeys (ConfUtils.java:logGet(62)) - raft.server.log.segment.size.max = 67108864 (custom)
2025-07-02 18:46:43,643 [f1637480-4571-474d-8c0e-49126192dfac-groupManagement] INFO  server.RaftServerConfigKeys (ConfUtils.java:logGet(62)) - raft.server.log.segment.size.max = 67108864 (custom)
2025-07-02 18:46:43,643 [f1637480-4571-474d-8c0e-49126192dfac-groupManagement] INFO  server.RaftServerConfigKeys (ConfUtils.java:logGet(62)) - raft.server.log.appender.buffer.byte-limit = 33554432 (custom)
2025-07-02 18:46:43,644 [baa12041-7cca-45c7-810c-7ea11519444b-groupManagement] INFO  server.RaftServerConfigKeys (ConfUtils.java:logGet(62)) - raft.server.log.appender.buffer.byte-limit = 33554432 (custom)
2025-07-02 18:46:43,644 [f1637480-4571-474d-8c0e-49126192dfac-groupManagement] INFO  util.AwaitToRun (AwaitToRun.java:start(81)) - Thread[#1976,f1637480-4571-474d-8c0e-49126192dfac@group-BFB6AC865810-cacheEviction-AwaitToRun,5,main] started
2025-07-02 18:46:43,644 [f1637480-4571-474d-8c0e-49126192dfac-groupManagement] INFO  segmented.SegmentedRaftLogWorker (SegmentedRaftLogWorker.java:<init>(190)) - new f1637480-4571-474d-8c0e-49126192dfac@group-BFB6AC865810-SegmentedRaftLogWorker for RaftStorageImpl:Storage Directory /home/runner/work/ozone/ozone/hadoop-ozone/integration-test/target/test-dir/MiniOzoneClusterImpl-b7e00dfa-d3b8-45cf-9d3a-2bd5fdfebf54/ozone-meta/datanode-2/ratis/a1613614-5602-4067-9899-bfb6ac865810
2025-07-02 18:46:43,644 [f1637480-4571-474d-8c0e-49126192dfac-groupManagement] INFO  server.RaftServerConfigKeys (ConfUtils.java:logGet(62)) - raft.server.log.queue.byte-limit = 4294967296 (custom)
2025-07-02 18:46:43,644 [f1637480-4571-474d-8c0e-49126192dfac-groupManagement] INFO  server.RaftServerConfigKeys (ConfUtils.java:logGet(62)) - raft.server.log.segment.size.max = 67108864 (custom)
2025-07-02 18:46:43,644 [f1637480-4571-474d-8c0e-49126192dfac-groupManagement] INFO  server.RaftServerConfigKeys (ConfUtils.java:logGet(62)) - raft.server.log.preallocated.size = 4194304 (custom)
2025-07-02 18:46:43,644 [f1637480-4571-474d-8c0e-49126192dfac-groupManagement] INFO  server.RaftServerConfigKeys (ConfUtils.java:logGet(62)) - raft.server.log.write.buffer.size = 33554440 (custom)
2025-07-02 18:46:43,645 [baa12041-7cca-45c7-810c-7ea11519444b-groupManagement] INFO  util.AwaitToRun (AwaitToRun.java:start(81)) - Thread[#1977,baa12041-7cca-45c7-810c-7ea11519444b@group-88BC538DCFCE-cacheEviction-AwaitToRun,5,main] started
2025-07-02 18:46:43,645 [baa12041-7cca-45c7-810c-7ea11519444b-groupManagement] INFO  segmented.SegmentedRaftLogWorker (SegmentedRaftLogWorker.java:<init>(190)) - new baa12041-7cca-45c7-810c-7ea11519444b@group-88BC538DCFCE-SegmentedRaftLogWorker for RaftStorageImpl:Storage Directory /home/runner/work/ozone/ozone/hadoop-ozone/integration-test/target/test-dir/MiniOzoneClusterImpl-b7e00dfa-d3b8-45cf-9d3a-2bd5fdfebf54/ozone-meta/datanode-3/ratis/1a51bdf4-0f1a-4bbf-8dd1-88bc538dcfce
2025-07-02 18:46:43,645 [baa12041-7cca-45c7-810c-7ea11519444b-groupManagement] INFO  server.RaftServerConfigKeys (ConfUtils.java:logGet(62)) - raft.server.log.queue.byte-limit = 4294967296 (custom)
2025-07-02 18:46:43,645 [baa12041-7cca-45c7-810c-7ea11519444b-groupManagement] INFO  server.RaftServerConfigKeys (ConfUtils.java:logGet(62)) - raft.server.log.segment.size.max = 67108864 (custom)
2025-07-02 18:46:43,645 [baa12041-7cca-45c7-810c-7ea11519444b-groupManagement] INFO  server.RaftServerConfigKeys (ConfUtils.java:logGet(62)) - raft.server.log.preallocated.size = 4194304 (custom)
2025-07-02 18:46:43,645 [baa12041-7cca-45c7-810c-7ea11519444b-groupManagement] INFO  server.RaftServerConfigKeys (ConfUtils.java:logGet(62)) - raft.server.log.write.buffer.size = 33554440 (custom)
2025-07-02 18:46:43,650 [f1637480-4571-474d-8c0e-49126192dfac-groupManagement] INFO  server.RaftServerConfigKeys (ConfUtils.java:logGet(62)) - raft.server.log.appender.buffer.byte-limit = 33554432 (custom)
2025-07-02 18:46:43,651 [f1637480-4571-474d-8c0e-49126192dfac-groupManagement] INFO  segmented.SegmentedRaftLogWorker (SegmentedRaftLogWorker.java:lambda$new$0(141)) - f1637480-4571-474d-8c0e-49126192dfac@group-BFB6AC865810-SegmentedRaftLogWorker: flushIndex: setUnconditionally 0 -> -1
2025-07-02 18:46:43,651 [f1637480-4571-474d-8c0e-49126192dfac-groupManagement] INFO  segmented.SegmentedRaftLogWorker (SegmentedRaftLogWorker.java:lambda$new$0(141)) - f1637480-4571-474d-8c0e-49126192dfac@group-BFB6AC865810-SegmentedRaftLogWorker: safeCacheEvictIndex: setUnconditionally 0 -> -1
2025-07-02 18:46:43,651 [f1637480-4571-474d-8c0e-49126192dfac-groupManagement] INFO  server.RaftServer$Division (RaftServerImpl.java:start(405)) - f1637480-4571-474d-8c0e-49126192dfac@group-BFB6AC865810: start as a follower, conf=conf: {index: -1, cur=peers:[f1637480-4571-474d-8c0e-49126192dfac|127.0.0.1:15023, f74b8a39-8cc1-4de2-93c6-02015e72cd55|127.0.0.1:15087, 9eb5a351-9325-4150-9d0a-de2b7d27d48d|127.0.0.1:15079]|listeners:[], old=null}
2025-07-02 18:46:43,651 [f1637480-4571-474d-8c0e-49126192dfac-groupManagement] INFO  server.RaftServer$Division (RaftServerImpl.java:setRole(392)) - f1637480-4571-474d-8c0e-49126192dfac@group-BFB6AC865810: changes role from      null to FOLLOWER at term 0 for startAsFollower
2025-07-02 18:46:43,651 [baa12041-7cca-45c7-810c-7ea11519444b-groupManagement] INFO  server.RaftServerConfigKeys (ConfUtils.java:logGet(62)) - raft.server.log.appender.buffer.byte-limit = 33554432 (custom)
2025-07-02 18:46:43,651 [baa12041-7cca-45c7-810c-7ea11519444b-groupManagement] INFO  segmented.SegmentedRaftLogWorker (SegmentedRaftLogWorker.java:lambda$new$0(141)) - baa12041-7cca-45c7-810c-7ea11519444b@group-88BC538DCFCE-SegmentedRaftLogWorker: flushIndex: setUnconditionally 0 -> -1
2025-07-02 18:46:43,651 [baa12041-7cca-45c7-810c-7ea11519444b-groupManagement] INFO  segmented.SegmentedRaftLogWorker (SegmentedRaftLogWorker.java:lambda$new$0(141)) - baa12041-7cca-45c7-810c-7ea11519444b@group-88BC538DCFCE-SegmentedRaftLogWorker: safeCacheEvictIndex: setUnconditionally 0 -> -1
2025-07-02 18:46:43,652 [baa12041-7cca-45c7-810c-7ea11519444b-groupManagement] INFO  server.RaftServer$Division (RaftServerImpl.java:start(405)) - baa12041-7cca-45c7-810c-7ea11519444b@group-88BC538DCFCE: start as a follower, conf=conf: {index: -1, cur=peers:[f74b8a39-8cc1-4de2-93c6-02015e72cd55|127.0.0.1:15087, baa12041-7cca-45c7-810c-7ea11519444b|127.0.0.1:15031, 75758caf-2019-48e0-9285-4ac26ec01eda|127.0.0.1:15015]|listeners:[], old=null}
2025-07-02 18:46:43,652 [baa12041-7cca-45c7-810c-7ea11519444b-groupManagement] INFO  server.RaftServer$Division (RaftServerImpl.java:setRole(392)) - baa12041-7cca-45c7-810c-7ea11519444b@group-88BC538DCFCE: changes role from      null to FOLLOWER at term 0 for startAsFollower
2025-07-02 18:46:43,652 [baa12041-7cca-45c7-810c-7ea11519444b-groupManagement] INFO  impl.RoleInfo (RoleInfo.java:updateAndGet(148)) - baa12041-7cca-45c7-810c-7ea11519444b: start baa12041-7cca-45c7-810c-7ea11519444b@group-88BC538DCFCE-FollowerState
2025-07-02 18:46:43,651 [f1637480-4571-474d-8c0e-49126192dfac-groupManagement] INFO  impl.RoleInfo (RoleInfo.java:updateAndGet(148)) - f1637480-4571-474d-8c0e-49126192dfac: start f1637480-4571-474d-8c0e-49126192dfac@group-BFB6AC865810-FollowerState
2025-07-02 18:46:43,652 [baa12041-7cca-45c7-810c-7ea11519444b-groupManagement] INFO  util.JmxRegister (JmxRegister.java:tryRegister(44)) - Successfully registered JMX Bean with object name Ratis:service=RaftServer,group=group-88BC538DCFCE,id=baa12041-7cca-45c7-810c-7ea11519444b
2025-07-02 18:46:43,652 [baa12041-7cca-45c7-810c-7ea11519444b-groupManagement] INFO  util.JmxRegister (JmxRegister.java:register(58)) - register mxBean class org.apache.ratis.server.impl.RaftServerJmxAdapter as Ratis:service=RaftServer,group=group-88BC538DCFCE,id=baa12041-7cca-45c7-810c-7ea11519444b
2025-07-02 18:46:43,653 [f1637480-4571-474d-8c0e-49126192dfac-groupManagement] INFO  util.JmxRegister (JmxRegister.java:tryRegister(44)) - Successfully registered JMX Bean with object name Ratis:service=RaftServer,group=group-BFB6AC865810,id=f1637480-4571-474d-8c0e-49126192dfac
2025-07-02 18:46:43,653 [f1637480-4571-474d-8c0e-49126192dfac-groupManagement] INFO  util.JmxRegister (JmxRegister.java:register(58)) - register mxBean class org.apache.ratis.server.impl.RaftServerJmxAdapter as Ratis:service=RaftServer,group=group-BFB6AC865810,id=f1637480-4571-474d-8c0e-49126192dfac
2025-07-02 18:46:43,655 [f1637480-4571-474d-8c0e-49126192dfac-groupManagement] INFO  server.RaftServer$Division (RaftServerImpl.java:start(419)) - f1637480-4571-474d-8c0e-49126192dfac@group-BFB6AC865810: Successfully started.
2025-07-02 18:46:43,656 [baa12041-7cca-45c7-810c-7ea11519444b-groupManagement] INFO  server.RaftServer$Division (RaftServerImpl.java:start(419)) - baa12041-7cca-45c7-810c-7ea11519444b@group-88BC538DCFCE: Successfully started.
2025-07-02 18:46:43,658 [9eb5a351-9325-4150-9d0a-de2b7d27d48d-PipelineCommandHandlerThread-0] INFO  commandhandler.CreatePipelineCommandHandler (CreatePipelineCommandHandler.java:lambda$handle$2(127)) - Created Pipeline RATIS THREE Pipeline-a1613614-5602-4067-9899-bfb6ac865810.
2025-07-02 18:46:43,658 [9eb5a351-9325-4150-9d0a-de2b7d27d48d-PipelineCommandHandlerThread-0] INFO  server.RaftServer (RaftServerProxy.java:addNew(105)) - 9eb5a351-9325-4150-9d0a-de2b7d27d48d: addNew group-AC6AD5D0BEC1:[9eb5a351-9325-4150-9d0a-de2b7d27d48d|127.0.0.1:15079, 71a26ef2-e834-411c-97c5-a30c78105e8f|127.0.0.1:15071, 92aeff0d-b8ac-4e9e-9ba6-1724c63a8401|127.0.0.1:15063] returns group-AC6AD5D0BEC1:java.util.concurrent.CompletableFuture@7b556d0e[Not completed]
2025-07-02 18:46:43,660 [9eb5a351-9325-4150-9d0a-de2b7d27d48d-groupManagement] WARN  statemachine.DatanodeConfiguration (DatanodeConfiguration.java:validateMinFreeSpace(751)) - hdds.datanode.volume.min.free.space.percent = -1.0 is invalid, should be between 0 and 1
2025-07-02 18:46:43,660 [9eb5a351-9325-4150-9d0a-de2b7d27d48d-groupManagement] INFO  server.RaftServer$Division (RaftServerImpl.java:<init>(268)) - 9eb5a351-9325-4150-9d0a-de2b7d27d48d: new RaftServerImpl for group-AC6AD5D0BEC1:[9eb5a351-9325-4150-9d0a-de2b7d27d48d|127.0.0.1:15079, 71a26ef2-e834-411c-97c5-a30c78105e8f|127.0.0.1:15071, 92aeff0d-b8ac-4e9e-9ba6-1724c63a8401|127.0.0.1:15063] with ContainerStateMachine:uninitialized
2025-07-02 18:46:43,660 [9eb5a351-9325-4150-9d0a-de2b7d27d48d-groupManagement] INFO  server.RaftServer$Division (ServerState.java:<init>(114)) - 9eb5a351-9325-4150-9d0a-de2b7d27d48d@group-AC6AD5D0BEC1: ConfigurationManager, init=conf: {index: -1, cur=peers:[9eb5a351-9325-4150-9d0a-de2b7d27d48d|127.0.0.1:15079, 71a26ef2-e834-411c-97c5-a30c78105e8f|127.0.0.1:15071, 92aeff0d-b8ac-4e9e-9ba6-1724c63a8401|127.0.0.1:15063]|listeners:[], old=null}, confs=<EMPTY_MAP>
2025-07-02 18:46:43,662 [92aeff0d-b8ac-4e9e-9ba6-1724c63a8401-PipelineCommandHandlerThread-0] INFO  server.RaftServer (RaftServerProxy.java:addNew(105)) - 92aeff0d-b8ac-4e9e-9ba6-1724c63a8401: addNew group-AC6AD5D0BEC1:[9eb5a351-9325-4150-9d0a-de2b7d27d48d|127.0.0.1:15079, 71a26ef2-e834-411c-97c5-a30c78105e8f|127.0.0.1:15071, 92aeff0d-b8ac-4e9e-9ba6-1724c63a8401|127.0.0.1:15063] returns group-AC6AD5D0BEC1:java.util.concurrent.CompletableFuture@318a181b[Not completed]
2025-07-02 18:46:43,663 [92aeff0d-b8ac-4e9e-9ba6-1724c63a8401-groupManagement] WARN  statemachine.DatanodeConfiguration (DatanodeConfiguration.java:validateMinFreeSpace(751)) - hdds.datanode.volume.min.free.space.percent = -1.0 is invalid, should be between 0 and 1
2025-07-02 18:46:43,663 [92aeff0d-b8ac-4e9e-9ba6-1724c63a8401-groupManagement] INFO  server.RaftServer$Division (RaftServerImpl.java:<init>(268)) - 92aeff0d-b8ac-4e9e-9ba6-1724c63a8401: new RaftServerImpl for group-AC6AD5D0BEC1:[9eb5a351-9325-4150-9d0a-de2b7d27d48d|127.0.0.1:15079, 71a26ef2-e834-411c-97c5-a30c78105e8f|127.0.0.1:15071, 92aeff0d-b8ac-4e9e-9ba6-1724c63a8401|127.0.0.1:15063] with ContainerStateMachine:uninitialized
2025-07-02 18:46:43,663 [92aeff0d-b8ac-4e9e-9ba6-1724c63a8401-groupManagement] INFO  server.RaftServer$Division (ServerState.java:<init>(114)) - 92aeff0d-b8ac-4e9e-9ba6-1724c63a8401@group-AC6AD5D0BEC1: ConfigurationManager, init=conf: {index: -1, cur=peers:[9eb5a351-9325-4150-9d0a-de2b7d27d48d|127.0.0.1:15079, 71a26ef2-e834-411c-97c5-a30c78105e8f|127.0.0.1:15071, 92aeff0d-b8ac-4e9e-9ba6-1724c63a8401|127.0.0.1:15063]|listeners:[], old=null}, confs=<EMPTY_MAP>
2025-07-02 18:46:43,667 [grpc-default-executor-6] INFO  server.RaftServer (RaftServerProxy.java:addNew(105)) - f74b8a39-8cc1-4de2-93c6-02015e72cd55: addNew group-88BC538DCFCE:[f74b8a39-8cc1-4de2-93c6-02015e72cd55|127.0.0.1:15087, baa12041-7cca-45c7-810c-7ea11519444b|127.0.0.1:15031, 75758caf-2019-48e0-9285-4ac26ec01eda|127.0.0.1:15015] returns group-88BC538DCFCE:java.util.concurrent.CompletableFuture@270be3f1[Not completed]
2025-07-02 18:46:43,668 [f74b8a39-8cc1-4de2-93c6-02015e72cd55-groupManagement] WARN  statemachine.DatanodeConfiguration (DatanodeConfiguration.java:validateMinFreeSpace(751)) - hdds.datanode.volume.min.free.space.percent = -1.0 is invalid, should be between 0 and 1
2025-07-02 18:46:43,668 [f74b8a39-8cc1-4de2-93c6-02015e72cd55-groupManagement] INFO  server.RaftServer$Division (RaftServerImpl.java:<init>(268)) - f74b8a39-8cc1-4de2-93c6-02015e72cd55: new RaftServerImpl for group-88BC538DCFCE:[f74b8a39-8cc1-4de2-93c6-02015e72cd55|127.0.0.1:15087, baa12041-7cca-45c7-810c-7ea11519444b|127.0.0.1:15031, 75758caf-2019-48e0-9285-4ac26ec01eda|127.0.0.1:15015] with ContainerStateMachine:uninitialized
2025-07-02 18:46:43,669 [9eb5a351-9325-4150-9d0a-de2b7d27d48d-groupManagement] INFO  server.RaftServerConfigKeys (ConfUtils.java:logGet(62)) - raft.server.storage.dir = [/home/runner/work/ozone/ozone/hadoop-ozone/integration-test/target/test-dir/MiniOzoneClusterImpl-b7e00dfa-d3b8-45cf-9d3a-2bd5fdfebf54/ozone-meta/datanode-9/ratis] (custom)
2025-07-02 18:46:43,669 [f74b8a39-8cc1-4de2-93c6-02015e72cd55-groupManagement] INFO  server.RaftServer$Division (ServerState.java:<init>(114)) - f74b8a39-8cc1-4de2-93c6-02015e72cd55@group-88BC538DCFCE: ConfigurationManager, init=conf: {index: -1, cur=peers:[f74b8a39-8cc1-4de2-93c6-02015e72cd55|127.0.0.1:15087, baa12041-7cca-45c7-810c-7ea11519444b|127.0.0.1:15031, 75758caf-2019-48e0-9285-4ac26ec01eda|127.0.0.1:15015]|listeners:[], old=null}, confs=<EMPTY_MAP>
2025-07-02 18:46:43,682 [92aeff0d-b8ac-4e9e-9ba6-1724c63a8401-groupManagement] INFO  server.RaftServerConfigKeys (ConfUtils.java:logGet(62)) - raft.server.storage.dir = [/home/runner/work/ozone/ozone/hadoop-ozone/integration-test/target/test-dir/MiniOzoneClusterImpl-b7e00dfa-d3b8-45cf-9d3a-2bd5fdfebf54/ozone-meta/datanode-7/ratis] (custom)
2025-07-02 18:46:43,683 [92aeff0d-b8ac-4e9e-9ba6-1724c63a8401-groupManagement] INFO  storage.RaftStorageDirectory (RaftStorageDirectoryImpl.java:analyzeStorage(138)) - The storage directory /home/runner/work/ozone/ozone/hadoop-ozone/integration-test/target/test-dir/MiniOzoneClusterImpl-b7e00dfa-d3b8-45cf-9d3a-2bd5fdfebf54/ozone-meta/datanode-7/ratis/611b0eb7-a440-42e2-b82d-ac6ad5d0bec1 does not exist. Creating ...
2025-07-02 18:46:43,683 [9eb5a351-9325-4150-9d0a-de2b7d27d48d-groupManagement] INFO  storage.RaftStorageDirectory (RaftStorageDirectoryImpl.java:analyzeStorage(138)) - The storage directory /home/runner/work/ozone/ozone/hadoop-ozone/integration-test/target/test-dir/MiniOzoneClusterImpl-b7e00dfa-d3b8-45cf-9d3a-2bd5fdfebf54/ozone-meta/datanode-9/ratis/611b0eb7-a440-42e2-b82d-ac6ad5d0bec1 does not exist. Creating ...
2025-07-02 18:46:43,686 [9eb5a351-9325-4150-9d0a-de2b7d27d48d-groupManagement] INFO  storage.RaftStorageDirectory (RaftStorageDirectoryImpl.java:tryLock(229)) - Lock on /home/runner/work/ozone/ozone/hadoop-ozone/integration-test/target/test-dir/MiniOzoneClusterImpl-b7e00dfa-d3b8-45cf-9d3a-2bd5fdfebf54/ozone-meta/datanode-9/ratis/611b0eb7-a440-42e2-b82d-ac6ad5d0bec1/in_use.lock acquired by nodename 44808@localhost
2025-07-02 18:46:43,686 [92aeff0d-b8ac-4e9e-9ba6-1724c63a8401-groupManagement] INFO  storage.RaftStorageDirectory (RaftStorageDirectoryImpl.java:tryLock(229)) - Lock on /home/runner/work/ozone/ozone/hadoop-ozone/integration-test/target/test-dir/MiniOzoneClusterImpl-b7e00dfa-d3b8-45cf-9d3a-2bd5fdfebf54/ozone-meta/datanode-7/ratis/611b0eb7-a440-42e2-b82d-ac6ad5d0bec1/in_use.lock acquired by nodename 44808@localhost
2025-07-02 18:46:43,687 [f74b8a39-8cc1-4de2-93c6-02015e72cd55-groupManagement] INFO  server.RaftServerConfigKeys (ConfUtils.java:logGet(62)) - raft.server.storage.dir = [/home/runner/work/ozone/ozone/hadoop-ozone/integration-test/target/test-dir/MiniOzoneClusterImpl-b7e00dfa-d3b8-45cf-9d3a-2bd5fdfebf54/ozone-meta/datanode-10/ratis] (custom)
2025-07-02 18:46:43,687 [f74b8a39-8cc1-4de2-93c6-02015e72cd55-groupManagement] INFO  storage.RaftStorageDirectory (RaftStorageDirectoryImpl.java:analyzeStorage(138)) - The storage directory /home/runner/work/ozone/ozone/hadoop-ozone/integration-test/target/test-dir/MiniOzoneClusterImpl-b7e00dfa-d3b8-45cf-9d3a-2bd5fdfebf54/ozone-meta/datanode-10/ratis/1a51bdf4-0f1a-4bbf-8dd1-88bc538dcfce does not exist. Creating ...
2025-07-02 18:46:43,689 [f74b8a39-8cc1-4de2-93c6-02015e72cd55-groupManagement] INFO  storage.RaftStorageDirectory (RaftStorageDirectoryImpl.java:tryLock(229)) - Lock on /home/runner/work/ozone/ozone/hadoop-ozone/integration-test/target/test-dir/MiniOzoneClusterImpl-b7e00dfa-d3b8-45cf-9d3a-2bd5fdfebf54/ozone-meta/datanode-10/ratis/1a51bdf4-0f1a-4bbf-8dd1-88bc538dcfce/in_use.lock acquired by nodename 44808@localhost
2025-07-02 18:46:43,689 [9eb5a351-9325-4150-9d0a-de2b7d27d48d-groupManagement] INFO  storage.RaftStorage (RaftStorageImpl.java:format(98)) - Storage directory /home/runner/work/ozone/ozone/hadoop-ozone/integration-test/target/test-dir/MiniOzoneClusterImpl-b7e00dfa-d3b8-45cf-9d3a-2bd5fdfebf54/ozone-meta/datanode-9/ratis/611b0eb7-a440-42e2-b82d-ac6ad5d0bec1 has been successfully formatted.
2025-07-02 18:46:43,689 [9eb5a351-9325-4150-9d0a-de2b7d27d48d-groupManagement] INFO  ratis.ContainerStateMachine (ContainerStateMachine.java:initialize(339)) - 9eb5a351-9325-4150-9d0a-de2b7d27d48d: initialize group-AC6AD5D0BEC1
2025-07-02 18:46:43,689 [9eb5a351-9325-4150-9d0a-de2b7d27d48d-groupManagement] INFO  ratis.ContainerStateMachine (ContainerStateMachine.java:loadSnapshot(347)) - group-AC6AD5D0BEC1: The snapshot info is null. Setting the last applied index to:<INITIAL_VALUE>
2025-07-02 18:46:43,689 [9eb5a351-9325-4150-9d0a-de2b7d27d48d-groupManagement] INFO  server.RaftServerConfigKeys (ConfUtils.java:logGet(62)) - raft.server.log.appender.buffer.byte-limit = 33554432 (custom)
2025-07-02 18:46:43,689 [92aeff0d-b8ac-4e9e-9ba6-1724c63a8401-groupManagement] INFO  storage.RaftStorage (RaftStorageImpl.java:format(98)) - Storage directory /home/runner/work/ozone/ozone/hadoop-ozone/integration-test/target/test-dir/MiniOzoneClusterImpl-b7e00dfa-d3b8-45cf-9d3a-2bd5fdfebf54/ozone-meta/datanode-7/ratis/611b0eb7-a440-42e2-b82d-ac6ad5d0bec1 has been successfully formatted.
2025-07-02 18:46:43,690 [92aeff0d-b8ac-4e9e-9ba6-1724c63a8401-groupManagement] INFO  ratis.ContainerStateMachine (ContainerStateMachine.java:initialize(339)) - 92aeff0d-b8ac-4e9e-9ba6-1724c63a8401: initialize group-AC6AD5D0BEC1
2025-07-02 18:46:43,690 [92aeff0d-b8ac-4e9e-9ba6-1724c63a8401-groupManagement] INFO  ratis.ContainerStateMachine (ContainerStateMachine.java:loadSnapshot(347)) - group-AC6AD5D0BEC1: The snapshot info is null. Setting the last applied index to:<INITIAL_VALUE>
2025-07-02 18:46:43,690 [92aeff0d-b8ac-4e9e-9ba6-1724c63a8401-groupManagement] INFO  server.RaftServerConfigKeys (ConfUtils.java:logGet(62)) - raft.server.log.appender.buffer.byte-limit = 33554432 (custom)
2025-07-02 18:46:43,692 [92aeff0d-b8ac-4e9e-9ba6-1724c63a8401-groupManagement] INFO  server.RaftServerConfigKeys (ConfUtils.java:logGet(62)) - raft.server.log.segment.size.max = 67108864 (custom)
2025-07-02 18:46:43,693 [f74b8a39-8cc1-4de2-93c6-02015e72cd55-groupManagement] INFO  storage.RaftStorage (RaftStorageImpl.java:format(98)) - Storage directory /home/runner/work/ozone/ozone/hadoop-ozone/integration-test/target/test-dir/MiniOzoneClusterImpl-b7e00dfa-d3b8-45cf-9d3a-2bd5fdfebf54/ozone-meta/datanode-10/ratis/1a51bdf4-0f1a-4bbf-8dd1-88bc538dcfce has been successfully formatted.
2025-07-02 18:46:43,693 [92aeff0d-b8ac-4e9e-9ba6-1724c63a8401-groupManagement] INFO  server.RaftServerConfigKeys (ConfUtils.java:logGet(62)) - raft.server.log.appender.buffer.byte-limit = 33554432 (custom)
2025-07-02 18:46:43,693 [f74b8a39-8cc1-4de2-93c6-02015e72cd55-groupManagement] INFO  ratis.ContainerStateMachine (ContainerStateMachine.java:initialize(339)) - f74b8a39-8cc1-4de2-93c6-02015e72cd55: initialize group-88BC538DCFCE
2025-07-02 18:46:43,693 [f74b8a39-8cc1-4de2-93c6-02015e72cd55-groupManagement] INFO  ratis.ContainerStateMachine (ContainerStateMachine.java:loadSnapshot(347)) - group-88BC538DCFCE: The snapshot info is null. Setting the last applied index to:<INITIAL_VALUE>
2025-07-02 18:46:43,693 [f74b8a39-8cc1-4de2-93c6-02015e72cd55-groupManagement] INFO  server.RaftServerConfigKeys (ConfUtils.java:logGet(62)) - raft.server.log.appender.buffer.byte-limit = 33554432 (custom)
2025-07-02 18:46:43,693 [92aeff0d-b8ac-4e9e-9ba6-1724c63a8401-groupManagement] INFO  util.AwaitToRun (AwaitToRun.java:start(81)) - Thread[#1990,92aeff0d-b8ac-4e9e-9ba6-1724c63a8401@group-AC6AD5D0BEC1-cacheEviction-AwaitToRun,5,main] started
2025-07-02 18:46:43,693 [92aeff0d-b8ac-4e9e-9ba6-1724c63a8401-groupManagement] INFO  segmented.SegmentedRaftLogWorker (SegmentedRaftLogWorker.java:<init>(190)) - new 92aeff0d-b8ac-4e9e-9ba6-1724c63a8401@group-AC6AD5D0BEC1-SegmentedRaftLogWorker for RaftStorageImpl:Storage Directory /home/runner/work/ozone/ozone/hadoop-ozone/integration-test/target/test-dir/MiniOzoneClusterImpl-b7e00dfa-d3b8-45cf-9d3a-2bd5fdfebf54/ozone-meta/datanode-7/ratis/611b0eb7-a440-42e2-b82d-ac6ad5d0bec1
2025-07-02 18:46:43,693 [92aeff0d-b8ac-4e9e-9ba6-1724c63a8401-groupManagement] INFO  server.RaftServerConfigKeys (ConfUtils.java:logGet(62)) - raft.server.log.queue.byte-limit = 4294967296 (custom)
2025-07-02 18:46:43,694 [92aeff0d-b8ac-4e9e-9ba6-1724c63a8401-groupManagement] INFO  server.RaftServerConfigKeys (ConfUtils.java:logGet(62)) - raft.server.log.segment.size.max = 67108864 (custom)
2025-07-02 18:46:43,694 [92aeff0d-b8ac-4e9e-9ba6-1724c63a8401-groupManagement] INFO  server.RaftServerConfigKeys (ConfUtils.java:logGet(62)) - raft.server.log.preallocated.size = 4194304 (custom)
2025-07-02 18:46:43,695 [92aeff0d-b8ac-4e9e-9ba6-1724c63a8401-groupManagement] INFO  server.RaftServerConfigKeys (ConfUtils.java:logGet(62)) - raft.server.log.write.buffer.size = 33554440 (custom)
2025-07-02 18:46:43,696 [9eb5a351-9325-4150-9d0a-de2b7d27d48d-groupManagement] INFO  server.RaftServerConfigKeys (ConfUtils.java:logGet(62)) - raft.server.log.segment.size.max = 67108864 (custom)
2025-07-02 18:46:43,697 [9eb5a351-9325-4150-9d0a-de2b7d27d48d-groupManagement] INFO  server.RaftServerConfigKeys (ConfUtils.java:logGet(62)) - raft.server.log.appender.buffer.byte-limit = 33554432 (custom)
2025-07-02 18:46:43,698 [f74b8a39-8cc1-4de2-93c6-02015e72cd55-groupManagement] INFO  server.RaftServerConfigKeys (ConfUtils.java:logGet(62)) - raft.server.log.segment.size.max = 67108864 (custom)
2025-07-02 18:46:43,699 [f74b8a39-8cc1-4de2-93c6-02015e72cd55-groupManagement] INFO  server.RaftServerConfigKeys (ConfUtils.java:logGet(62)) - raft.server.log.appender.buffer.byte-limit = 33554432 (custom)
2025-07-02 18:46:43,701 [9eb5a351-9325-4150-9d0a-de2b7d27d48d-groupManagement] INFO  util.AwaitToRun (AwaitToRun.java:start(81)) - Thread[#1991,9eb5a351-9325-4150-9d0a-de2b7d27d48d@group-AC6AD5D0BEC1-cacheEviction-AwaitToRun,5,main] started
2025-07-02 18:46:43,701 [9eb5a351-9325-4150-9d0a-de2b7d27d48d-groupManagement] INFO  segmented.SegmentedRaftLogWorker (SegmentedRaftLogWorker.java:<init>(190)) - new 9eb5a351-9325-4150-9d0a-de2b7d27d48d@group-AC6AD5D0BEC1-SegmentedRaftLogWorker for RaftStorageImpl:Storage Directory /home/runner/work/ozone/ozone/hadoop-ozone/integration-test/target/test-dir/MiniOzoneClusterImpl-b7e00dfa-d3b8-45cf-9d3a-2bd5fdfebf54/ozone-meta/datanode-9/ratis/611b0eb7-a440-42e2-b82d-ac6ad5d0bec1
2025-07-02 18:46:43,701 [9eb5a351-9325-4150-9d0a-de2b7d27d48d-groupManagement] INFO  server.RaftServerConfigKeys (ConfUtils.java:logGet(62)) - raft.server.log.queue.byte-limit = 4294967296 (custom)
2025-07-02 18:46:43,702 [9eb5a351-9325-4150-9d0a-de2b7d27d48d-groupManagement] INFO  server.RaftServerConfigKeys (ConfUtils.java:logGet(62)) - raft.server.log.segment.size.max = 67108864 (custom)
2025-07-02 18:46:43,702 [9eb5a351-9325-4150-9d0a-de2b7d27d48d-groupManagement] INFO  server.RaftServerConfigKeys (ConfUtils.java:logGet(62)) - raft.server.log.preallocated.size = 4194304 (custom)
2025-07-02 18:46:43,702 [9eb5a351-9325-4150-9d0a-de2b7d27d48d-groupManagement] INFO  server.RaftServerConfigKeys (ConfUtils.java:logGet(62)) - raft.server.log.write.buffer.size = 33554440 (custom)
2025-07-02 18:46:43,702 [main] INFO  ozone.MiniOzoneClusterImpl (MiniOzoneClusterImpl.java:lambda$waitForClusterToBeReady$0(173)) - Nodes are ready. Got 10 of 10 DN Heartbeats.
2025-07-02 18:46:43,703 [main] INFO  ozone.MiniOzoneClusterImpl (MiniOzoneClusterImpl.java:lambda$waitForClusterToBeReady$0(176)) - Cluster exits safe mode
2025-07-02 18:46:43,703 [main] INFO  ozone.MiniOzoneClusterImpl (MiniOzoneClusterImpl.java:lambda$waitForClusterToBeReady$0(178)) - SCM became leader
2025-07-02 18:46:43,704 [main] WARN  keyvalue.KeyValueHandler (ContainerUtils.java:logAndReturnError(94)) - Operation: CloseContainer , Trace ID:  , Message: Cannot close container #7 while in UNHEALTHY state. , Result: CONTAINER_UNHEALTHY , StorageContainerException Occurred.
org.apache.hadoop.hdds.scm.container.common.helpers.StorageContainerException: Cannot close container #7 while in UNHEALTHY state.
	at org.apache.hadoop.ozone.container.keyvalue.KeyValueHandler.closeContainer(KeyValueHandler.java:1539)
	at org.apache.hadoop.ozone.container.keyvalue.KeyValueHandler.handleCloseContainer(KeyValueHandler.java:611)
	at org.apache.hadoop.ozone.container.keyvalue.KeyValueHandler.dispatchRequest(KeyValueHandler.java:328)
	at org.apache.hadoop.ozone.container.keyvalue.KeyValueHandler.handle(KeyValueHandler.java:293)
	at org.apache.hadoop.ozone.container.common.impl.HddsDispatcher.dispatchRequest(HddsDispatcher.java:365)
	at org.apache.hadoop.ozone.container.common.impl.HddsDispatcher.lambda$dispatch$1(HddsDispatcher.java:190)
	at org.apache.hadoop.hdds.server.OzoneProtocolMessageDispatcher.processRequest(OzoneProtocolMessageDispatcher.java:87)
	at org.apache.hadoop.ozone.container.common.impl.HddsDispatcher.dispatch(HddsDispatcher.java:189)
	at org.apache.hadoop.ozone.client.rpc.TestContainerStateMachineFailures.testUnhealthyContainer(TestContainerStateMachineFailures.java:451)
	at java.base/jdk.internal.reflect.DirectMethodHandleAccessor.invoke(DirectMethodHandleAccessor.java:103)
	at java.base/java.lang.reflect.Method.invoke(Method.java:580)
	at org.junit.platform.commons.util.ReflectionUtils.invokeMethod(ReflectionUtils.java:787)
	at org.junit.platform.commons.support.ReflectionSupport.invokeMethod(ReflectionSupport.java:479)
	at org.junit.jupiter.engine.execution.MethodInvocation.proceed(MethodInvocation.java:60)
	at org.junit.jupiter.engine.execution.InvocationInterceptorChain$ValidatingInvocation.proceed(InvocationInterceptorChain.java:131)
	at org.junit.jupiter.engine.extension.SameThreadTimeoutInvocation.proceed(SameThreadTimeoutInvocation.java:49)
	at org.junit.jupiter.engine.extension.TimeoutExtension.intercept(TimeoutExtension.java:161)
	at org.junit.jupiter.engine.extension.TimeoutExtension.interceptTestableMethod(TimeoutExtension.java:152)
	at org.junit.jupiter.engine.extension.TimeoutExtension.interceptTestMethod(TimeoutExtension.java:91)
	at org.junit.jupiter.engine.execution.InterceptingExecutableInvoker$ReflectiveInterceptorCall.lambda$ofVoidMethod$0(InterceptingExecutableInvoker.java:112)
	at org.junit.jupiter.engine.execution.InterceptingExecutableInvoker.lambda$invoke$0(InterceptingExecutableInvoker.java:94)
	at org.junit.jupiter.engine.execution.InvocationInterceptorChain$InterceptedInvocation.proceed(InvocationInterceptorChain.java:106)
	at org.junit.jupiter.engine.execution.InvocationInterceptorChain.proceed(InvocationInterceptorChain.java:64)
	at org.junit.jupiter.engine.execution.InvocationInterceptorChain.chainAndInvoke(InvocationInterceptorChain.java:45)
	at org.junit.jupiter.engine.execution.InvocationInterceptorChain.invoke(InvocationInterceptorChain.java:37)
	at org.junit.jupiter.engine.execution.InterceptingExecutableInvoker.invoke(InterceptingExecutableInvoker.java:93)
	at org.junit.jupiter.engine.execution.InterceptingExecutableInvoker.invoke(InterceptingExecutableInvoker.java:87)
	at org.junit.jupiter.engine.descriptor.TestMethodTestDescriptor.lambda$invokeTestMethod$4(TestMethodTestDescriptor.java:221)
	at org.junit.platform.engine.support.hierarchical.ThrowableCollector.execute(ThrowableCollector.java:73)
	at org.junit.jupiter.engine.descriptor.TestMethodTestDescriptor.invokeTestMethod(TestMethodTestDescriptor.java:217)
	at org.junit.jupiter.engine.descriptor.TestMethodTestDescriptor.execute(TestMethodTestDescriptor.java:159)
	at org.junit.jupiter.engine.descriptor.TestMethodTestDescriptor.execute(TestMethodTestDescriptor.java:70)
	at org.junit.platform.engine.support.hierarchical.NodeTestTask.lambda$executeRecursively$6(NodeTestTask.java:157)
	at org.junit.platform.engine.support.hierarchical.ThrowableCollector.execute(ThrowableCollector.java:73)
	at org.junit.platform.engine.support.hierarchical.NodeTestTask.lambda$executeRecursively$8(NodeTestTask.java:147)
	at org.junit.platform.engine.support.hierarchical.Node.around(Node.java:137)
	at org.junit.platform.engine.support.hierarchical.NodeTestTask.lambda$executeRecursively$9(NodeTestTask.java:145)
	at org.junit.platform.engine.support.hierarchical.ThrowableCollector.execute(ThrowableCollector.java:73)
	at org.junit.platform.engine.support.hierarchical.NodeTestTask.executeRecursively(NodeTestTask.java:144)
	at org.junit.platform.engine.support.hierarchical.NodeTestTask.execute(NodeTestTask.java:101)
	at java.base/java.util.ArrayList.forEach(ArrayList.java:1596)
	at org.junit.platform.engine.support.hierarchical.SameThreadHierarchicalTestExecutorService.invokeAll(SameThreadHierarchicalTestExecutorService.java:41)
	at org.junit.platform.engine.support.hierarchical.NodeTestTask.lambda$executeRecursively$6(NodeTestTask.java:161)
	at org.junit.platform.engine.support.hierarchical.ThrowableCollector.execute(ThrowableCollector.java:73)
	at org.junit.platform.engine.support.hierarchical.NodeTestTask.lambda$executeRecursively$8(NodeTestTask.java:147)
	at org.junit.platform.engine.support.hierarchical.Node.around(Node.java:137)
	at org.junit.platform.engine.support.hierarchical.NodeTestTask.lambda$executeRecursively$9(NodeTestTask.java:145)
	at org.junit.platform.engine.support.hierarchical.ThrowableCollector.execute(ThrowableCollector.java:73)
	at org.junit.platform.engine.support.hierarchical.NodeTestTask.executeRecursively(NodeTestTask.java:144)
	at org.junit.platform.engine.support.hierarchical.NodeTestTask.execute(NodeTestTask.java:101)
	at java.base/java.util.ArrayList.forEach(ArrayList.java:1596)
	at org.junit.platform.engine.support.hierarchical.SameThreadHierarchicalTestExecutorService.invokeAll(SameThreadHierarchicalTestExecutorService.java:41)
	at org.junit.platform.engine.support.hierarchical.NodeTestTask.lambda$executeRecursively$6(NodeTestTask.java:161)
	at org.junit.platform.engine.support.hierarchical.ThrowableCollector.execute(ThrowableCollector.java:73)
	at org.junit.platform.engine.support.hierarchical.NodeTestTask.lambda$executeRecursively$8(NodeTestTask.java:147)
	at org.junit.platform.engine.support.hierarchical.Node.around(Node.java:137)
	at org.junit.platform.engine.support.hierarchical.NodeTestTask.lambda$executeRecursively$9(NodeTestTask.java:145)
	at org.junit.platform.engine.support.hierarchical.ThrowableCollector.execute(ThrowableCollector.java:73)
	at org.junit.platform.engine.support.hierarchical.NodeTestTask.executeRecursively(NodeTestTask.java:144)
	at org.junit.platform.engine.support.hierarchical.NodeTestTask.execute(NodeTestTask.java:101)
	at org.junit.platform.engine.support.hierarchical.SameThreadHierarchicalTestExecutorService.submit(SameThreadHierarchicalTestExecutorService.java:35)
	at org.junit.platform.engine.support.hierarchical.HierarchicalTestExecutor.execute(HierarchicalTestExecutor.java:57)
	at org.junit.platform.engine.support.hierarchical.HierarchicalTestEngine.execute(HierarchicalTestEngine.java:54)
	at org.junit.platform.launcher.core.EngineExecutionOrchestrator.executeEngine(EngineExecutionOrchestrator.java:230)
	at org.junit.platform.launcher.core.EngineExecutionOrchestrator.failOrExecuteEngine(EngineExecutionOrchestrator.java:204)
	at org.junit.platform.launcher.core.EngineExecutionOrchestrator.execute(EngineExecutionOrchestrator.java:172)
	at org.junit.platform.launcher.core.EngineExecutionOrchestrator.execute(EngineExecutionOrchestrator.java:101)
	at org.junit.platform.launcher.core.EngineExecutionOrchestrator.lambda$execute$0(EngineExecutionOrchestrator.java:64)
	at org.junit.platform.launcher.core.EngineExecutionOrchestrator.withInterceptedStreams(EngineExecutionOrchestrator.java:150)
	at org.junit.platform.launcher.core.EngineExecutionOrchestrator.execute(EngineExecutionOrchestrator.java:63)
	at org.junit.platform.launcher.core.DefaultLauncher.execute(DefaultLauncher.java:109)
	at org.junit.platform.launcher.core.DefaultLauncher.execute(DefaultLauncher.java:91)
	at org.junit.platform.launcher.core.DelegatingLauncher.execute(DelegatingLauncher.java:47)
	at org.junit.platform.launcher.core.InterceptingLauncher.lambda$execute$1(InterceptingLauncher.java:39)
	at org.junit.platform.launcher.core.ClasspathAlignmentCheckingLauncherInterceptor.intercept(ClasspathAlignmentCheckingLauncherInterceptor.java:25)
	at org.junit.platform.launcher.core.InterceptingLauncher.execute(InterceptingLauncher.java:38)
	at org.junit.platform.launcher.core.DelegatingLauncher.execute(DelegatingLauncher.java:47)
	at org.apache.maven.surefire.junitplatform.LazyLauncher.execute(LazyLauncher.java:56)
	at org.apache.maven.surefire.junitplatform.JUnitPlatformProvider.execute(JUnitPlatformProvider.java:184)
	at org.apache.maven.surefire.junitplatform.JUnitPlatformProvider.invokeAllTests(JUnitPlatformProvider.java:148)
	at org.apache.maven.surefire.junitplatform.JUnitPlatformProvider.invoke(JUnitPlatformProvider.java:120)
	at org.apache.maven.surefire.booter.ForkedBooter.runSuitesInProcess(ForkedBooter.java:385)
	at org.apache.maven.surefire.booter.ForkedBooter.execute(ForkedBooter.java:162)
	at org.apache.maven.surefire.booter.ForkedBooter.run(ForkedBooter.java:507)
	at org.apache.maven.surefire.booter.ForkedBooter.main(ForkedBooter.java:495)
2025-07-02 18:46:43,709 [f74b8a39-8cc1-4de2-93c6-02015e72cd55-groupManagement] INFO  util.AwaitToRun (AwaitToRun.java:start(81)) - Thread[#1992,f74b8a39-8cc1-4de2-93c6-02015e72cd55@group-88BC538DCFCE-cacheEviction-AwaitToRun,5,main] started
2025-07-02 18:46:43,710 [f74b8a39-8cc1-4de2-93c6-02015e72cd55-groupManagement] INFO  segmented.SegmentedRaftLogWorker (SegmentedRaftLogWorker.java:<init>(190)) - new f74b8a39-8cc1-4de2-93c6-02015e72cd55@group-88BC538DCFCE-SegmentedRaftLogWorker for RaftStorageImpl:Storage Directory /home/runner/work/ozone/ozone/hadoop-ozone/integration-test/target/test-dir/MiniOzoneClusterImpl-b7e00dfa-d3b8-45cf-9d3a-2bd5fdfebf54/ozone-meta/datanode-10/ratis/1a51bdf4-0f1a-4bbf-8dd1-88bc538dcfce
2025-07-02 18:46:43,710 [f74b8a39-8cc1-4de2-93c6-02015e72cd55-groupManagement] INFO  server.RaftServerConfigKeys (ConfUtils.java:logGet(62)) - raft.server.log.queue.byte-limit = 4294967296 (custom)
2025-07-02 18:46:43,710 [f74b8a39-8cc1-4de2-93c6-02015e72cd55-groupManagement] INFO  server.RaftServerConfigKeys (ConfUtils.java:logGet(62)) - raft.server.log.segment.size.max = 67108864 (custom)
2025-07-02 18:46:43,710 [f74b8a39-8cc1-4de2-93c6-02015e72cd55-groupManagement] INFO  server.RaftServerConfigKeys (ConfUtils.java:logGet(62)) - raft.server.log.preallocated.size = 4194304 (custom)
2025-07-02 18:46:43,710 [f74b8a39-8cc1-4de2-93c6-02015e72cd55-groupManagement] INFO  server.RaftServerConfigKeys (ConfUtils.java:logGet(62)) - raft.server.log.write.buffer.size = 33554440 (custom)
2025-07-02T18:46:43.712250987Z main ERROR user=null | ip=null | op=CLOSE_CONTAINER {containerID=7} | ret=FAILURE
java.lang.Exception: Cannot close container #7 while in UNHEALTHY state.
	at org.apache.hadoop.ozone.container.common.impl.HddsDispatcher.dispatchRequest(HddsDispatcher.java:439)
	at org.apache.hadoop.ozone.container.common.impl.HddsDispatcher.lambda$dispatch$1(HddsDispatcher.java:190)
	at org.apache.hadoop.hdds.server.OzoneProtocolMessageDispatcher.processRequest(OzoneProtocolMessageDispatcher.java:87)
	at org.apache.hadoop.ozone.container.common.impl.HddsDispatcher.dispatch(HddsDispatcher.java:189)
	at org.apache.hadoop.ozone.client.rpc.TestContainerStateMachineFailures.testUnhealthyContainer(TestContainerStateMachineFailures.java:451)
	at java.base/jdk.internal.reflect.DirectMethodHandleAccessor.invoke(DirectMethodHandleAccessor.java:103)
	at java.base/java.lang.reflect.Method.invoke(Method.java:580)
	at org.junit.platform.commons.util.ReflectionUtils.invokeMethod(ReflectionUtils.java:787)
	at org.junit.platform.commons.support.ReflectionSupport.invokeMethod(ReflectionSupport.java:479)
	at org.junit.jupiter.engine.execution.MethodInvocation.proceed(MethodInvocation.java:60)
	at org.junit.jupiter.engine.execution.InvocationInterceptorChain$ValidatingInvocation.proceed(InvocationInterceptorChain.java:131)
	at org.junit.jupiter.engine.extension.SameThreadTimeoutInvocation.proceed(SameThreadTimeoutInvocation.java:49)
	at org.junit.jupiter.engine.extension.TimeoutExtension.intercept(TimeoutExtension.java:161)
	at org.junit.jupiter.engine.extension.TimeoutExtension.interceptTestableMethod(TimeoutExtension.java:152)
	at org.junit.jupiter.engine.extension.TimeoutExtension.interceptTestMethod(TimeoutExtension.java:91)
	at org.junit.jupiter.engine.execution.InterceptingExecutableInvoker$ReflectiveInterceptorCall.lambda$ofVoidMethod$0(InterceptingExecutableInvoker.java:112)
	at org.junit.jupiter.engine.execution.InterceptingExecutableInvoker.lambda$invoke$0(InterceptingExecutableInvoker.java:94)
	at org.junit.jupiter.engine.execution.InvocationInterceptorChain$InterceptedInvocation.proceed(InvocationInterceptorChain.java:106)
	at org.junit.jupiter.engine.execution.InvocationInterceptorChain.proceed(InvocationInterceptorChain.java:64)
	at org.junit.jupiter.engine.execution.InvocationInterceptorChain.chainAndInvoke(InvocationInterceptorChain.java:45)
	at org.junit.jupiter.engine.execution.InvocationInterceptorChain.invoke(InvocationInterceptorChain.java:37)
	at org.junit.jupiter.engine.execution.InterceptingExecutableInvoker.invoke(InterceptingExecutableInvoker.java:93)
	at org.junit.jupiter.engine.execution.InterceptingExecutableInvoker.invoke(InterceptingExecutableInvoker.java:87)
	at org.junit.jupiter.engine.descriptor.TestMethodTestDescriptor.lambda$invokeTestMethod$4(TestMethodTestDescriptor.java:221)
	at org.junit.platform.engine.support.hierarchical.ThrowableCollector.execute(ThrowableCollector.java:73)
	at org.junit.jupiter.engine.descriptor.TestMethodTestDescriptor.invokeTestMethod(TestMethodTestDescriptor.java:217)
	at org.junit.jupiter.engine.descriptor.TestMethodTestDescriptor.execute(TestMethodTestDescriptor.java:159)
	at org.junit.jupiter.engine.descriptor.TestMethodTestDescriptor.execute(TestMethodTestDescriptor.java:70)
	at org.junit.platform.engine.support.hierarchical.NodeTestTask.lambda$executeRecursively$6(NodeTestTask.java:157)
	at org.junit.platform.engine.support.hierarchical.ThrowableCollector.execute(ThrowableCollector.java:73)
	at org.junit.platform.engine.support.hierarchical.NodeTestTask.lambda$executeRecursively$8(NodeTestTask.java:147)
	at org.junit.platform.engine.support.hierarchical.Node.around(Node.java:137)
	at org.junit.platform.engine.support.hierarchical.NodeTestTask.lambda$executeRecursively$9(NodeTestTask.java:145)
	at org.junit.platform.engine.support.hierarchical.ThrowableCollector.execute(ThrowableCollector.java:73)
	at org.junit.platform.engine.support.hierarchical.NodeTestTask.executeRecursively(NodeTestTask.java:144)
	at org.junit.platform.engine.support.hierarchical.NodeTestTask.execute(NodeTestTask.java:101)
	at java.base/java.util.ArrayList.forEach(ArrayList.java:1596)
	at org.junit.platform.engine.support.hierarchical.SameThreadHierarchicalTestExecutorService.invokeAll(SameThreadHierarchicalTestExecutorService.java:41)
	at org.junit.platform.engine.support.hierarchical.NodeTestTask.lambda$executeRecursively$6(NodeTestTask.java:161)
	at org.junit.platform.engine.support.hierarchical.ThrowableCollector.execute(ThrowableCollector.java:73)
	at org.junit.platform.engine.support.hierarchical.NodeTestTask.lambda$executeRecursively$8(NodeTestTask.java:147)
	at org.junit.platform.engine.support.hierarchical.Node.around(Node.java:137)
	at org.junit.platform.engine.support.hierarchical.NodeTestTask.lambda$executeRecursively$9(NodeTestTask.java:145)
	at org.junit.platform.engine.support.hierarchical.ThrowableCollector.execute(ThrowableCollector.java:73)
	at org.junit.platform.engine.support.hierarchical.NodeTestTask.executeRecursively(NodeTestTask.java:144)
	at org.junit.platform.engine.support.hierarchical.NodeTestTask.execute(NodeTestTask.java:101)
	at java.base/java.util.ArrayList.forEach(ArrayList.java:1596)
	at org.junit.platform.engine.support.hierarchical.SameThreadHierarchicalTestExecutorService.invokeAll(SameThreadHierarchicalTestExecutorService.java:41)
	at org.junit.platform.engine.support.hierarchical.NodeTestTask.lambda$executeRecursively$6(NodeTestTask.java:161)
	at org.junit.platform.engine.support.hierarchical.ThrowableCollector.execute(ThrowableCollector.java:73)
	at org.junit.platform.engine.support.hierarchical.NodeTestTask.lambda$executeRecursively$8(NodeTestTask.java:147)
	at org.junit.platform.engine.support.hierarchical.Node.around(Node.java:137)
	at org.junit.platform.engine.support.hierarchical.NodeTestTask.lambda$executeRecursively$9(NodeTestTask.java:145)
	at org.junit.platform.engine.support.hierarchical.ThrowableCollector.execute(ThrowableCollector.java:73)
	at org.junit.platform.engine.support.hierarchical.NodeTestTask.executeRecursively(NodeTestTask.java:144)
	at org.junit.platform.engine.support.hierarchical.NodeTestTask.execute(NodeTestTask.java:101)
	at org.junit.platform.engine.support.hierarchical.SameThreadHierarchicalTestExecutorService.submit(SameThreadHierarchicalTestExecutorService.java:35)
	at org.junit.platform.engine.support.hierarchical.HierarchicalTestExecutor.execute(HierarchicalTestExecutor.java:57)
	at org.junit.platform.engine.support.hierarchical.HierarchicalTestEngine.execute(HierarchicalTestEngine.java:54)
	at org.junit.platform.launcher.core.EngineExecutionOrchestrator.executeEngine(EngineExecutionOrchestrator.java:230)
	at org.junit.platform.launcher.core.EngineExecutionOrchestrator.failOrExecuteEngine(EngineExecutionOrchestrator.java:204)
	at org.junit.platform.launcher.core.EngineExecutionOrchestrator.execute(EngineExecutionOrchestrator.java:172)
	at org.junit.platform.launcher.core.EngineExecutionOrchestrator.execute(EngineExecutionOrchestrator.java:101)
	at org.junit.platform.launcher.core.EngineExecutionOrchestrator.lambda$execute$0(EngineExecutionOrchestrator.java:64)
	at org.junit.platform.launcher.core.EngineExecutionOrchestrator.withInterceptedStreams(EngineExecutionOrchestrator.java:150)
	at org.junit.platform.launcher.core.EngineExecutionOrchestrator.execute(EngineExecutionOrchestrator.java:63)
	at org.junit.platform.launcher.core.DefaultLauncher.execute(DefaultLauncher.java:109)
	at org.junit.platform.launcher.core.DefaultLauncher.execute(DefaultLauncher.java:91)
	at org.junit.platform.launcher.core.DelegatingLauncher.execute(DelegatingLauncher.java:47)
	at org.junit.platform.launcher.core.InterceptingLauncher.lambda$execute$1(InterceptingLauncher.java:39)
	at org.junit.platform.launcher.core.ClasspathAlignmentCheckingLauncherInterceptor.intercept(ClasspathAlignmentCheckingLauncherInterceptor.java:25)
	at org.junit.platform.launcher.core.InterceptingLauncher.execute(InterceptingLauncher.java:38)
	at org.junit.platform.launcher.core.DelegatingLauncher.execute(DelegatingLauncher.java:47)
	at org.apache.maven.surefire.junitplatform.LazyLauncher.execute(LazyLauncher.java:56)
	at org.apache.maven.surefire.junitplatform.JUnitPlatformProvider.execute(JUnitPlatformProvider.java:184)
	at org.apache.maven.surefire.junitplatform.JUnitPlatformProvider.invokeAllTests(JUnitPlatformProvider.java:148)
	at org.apache.maven.surefire.junitplatform.JUnitPlatformProvider.invoke(JUnitPlatformProvider.java:120)
	at org.apache.maven.surefire.booter.ForkedBooter.runSuitesInProcess(ForkedBooter.java:385)
	at org.apache.maven.surefire.booter.ForkedBooter.execute(ForkedBooter.java:162)
	at org.apache.maven.surefire.booter.ForkedBooter.run(ForkedBooter.java:507)
	at org.apache.maven.surefire.booter.ForkedBooter.main(ForkedBooter.java:495)
2025-07-02 18:46:43,714 [EventQueue-CloseContainerForCloseContainerEventHandler] INFO  container.CloseContainerEventHandler (CloseContainerEventHandler.java:onMessage(88)) - Close container Event triggered for container : #7, current state: CLOSING
2025-07-02 18:46:43,716 [92aeff0d-b8ac-4e9e-9ba6-1724c63a8401-groupManagement] INFO  server.RaftServerConfigKeys (ConfUtils.java:logGet(62)) - raft.server.log.appender.buffer.byte-limit = 33554432 (custom)
2025-07-02 18:46:43,716 [92aeff0d-b8ac-4e9e-9ba6-1724c63a8401-groupManagement] INFO  segmented.SegmentedRaftLogWorker (SegmentedRaftLogWorker.java:lambda$new$0(141)) - 92aeff0d-b8ac-4e9e-9ba6-1724c63a8401@group-AC6AD5D0BEC1-SegmentedRaftLogWorker: flushIndex: setUnconditionally 0 -> -1
2025-07-02 18:46:43,716 [92aeff0d-b8ac-4e9e-9ba6-1724c63a8401-groupManagement] INFO  segmented.SegmentedRaftLogWorker (SegmentedRaftLogWorker.java:lambda$new$0(141)) - 92aeff0d-b8ac-4e9e-9ba6-1724c63a8401@group-AC6AD5D0BEC1-SegmentedRaftLogWorker: safeCacheEvictIndex: setUnconditionally 0 -> -1
2025-07-02 18:46:43,718 [f74b8a39-8cc1-4de2-93c6-02015e72cd55-groupManagement] INFO  server.RaftServerConfigKeys (ConfUtils.java:logGet(62)) - raft.server.log.appender.buffer.byte-limit = 33554432 (custom)
2025-07-02 18:46:43,718 [f74b8a39-8cc1-4de2-93c6-02015e72cd55-groupManagement] INFO  segmented.SegmentedRaftLogWorker (SegmentedRaftLogWorker.java:lambda$new$0(141)) - f74b8a39-8cc1-4de2-93c6-02015e72cd55@group-88BC538DCFCE-SegmentedRaftLogWorker: flushIndex: setUnconditionally 0 -> -1
2025-07-02 18:46:43,718 [f74b8a39-8cc1-4de2-93c6-02015e72cd55-groupManagement] INFO  segmented.SegmentedRaftLogWorker (SegmentedRaftLogWorker.java:lambda$new$0(141)) - f74b8a39-8cc1-4de2-93c6-02015e72cd55@group-88BC538DCFCE-SegmentedRaftLogWorker: safeCacheEvictIndex: setUnconditionally 0 -> -1
2025-07-02 18:46:43,719 [92aeff0d-b8ac-4e9e-9ba6-1724c63a8401-groupManagement] INFO  server.RaftServer$Division (RaftServerImpl.java:start(405)) - 92aeff0d-b8ac-4e9e-9ba6-1724c63a8401@group-AC6AD5D0BEC1: start as a follower, conf=conf: {index: -1, cur=peers:[9eb5a351-9325-4150-9d0a-de2b7d27d48d|127.0.0.1:15079, 71a26ef2-e834-411c-97c5-a30c78105e8f|127.0.0.1:15071, 92aeff0d-b8ac-4e9e-9ba6-1724c63a8401|127.0.0.1:15063]|listeners:[], old=null}
2025-07-02 18:46:43,719 [92aeff0d-b8ac-4e9e-9ba6-1724c63a8401-groupManagement] INFO  server.RaftServer$Division (RaftServerImpl.java:setRole(392)) - 92aeff0d-b8ac-4e9e-9ba6-1724c63a8401@group-AC6AD5D0BEC1: changes role from      null to FOLLOWER at term 0 for startAsFollower
2025-07-02 18:46:43,719 [92aeff0d-b8ac-4e9e-9ba6-1724c63a8401-groupManagement] INFO  impl.RoleInfo (RoleInfo.java:updateAndGet(148)) - 92aeff0d-b8ac-4e9e-9ba6-1724c63a8401: start 92aeff0d-b8ac-4e9e-9ba6-1724c63a8401@group-AC6AD5D0BEC1-FollowerState
2025-07-02 18:46:43,719 [92aeff0d-b8ac-4e9e-9ba6-1724c63a8401-groupManagement] INFO  util.JmxRegister (JmxRegister.java:tryRegister(44)) - Successfully registered JMX Bean with object name Ratis:service=RaftServer,group=group-AC6AD5D0BEC1,id=92aeff0d-b8ac-4e9e-9ba6-1724c63a8401
2025-07-02 18:46:43,720 [92aeff0d-b8ac-4e9e-9ba6-1724c63a8401-groupManagement] INFO  util.JmxRegister (JmxRegister.java:register(58)) - register mxBean class org.apache.ratis.server.impl.RaftServerJmxAdapter as Ratis:service=RaftServer,group=group-AC6AD5D0BEC1,id=92aeff0d-b8ac-4e9e-9ba6-1724c63a8401
]]></system-out>
  </testcase>
  <testcase name="testContainerStateMachineDualFailureRetry" classname="org.apache.hadoop.ozone.client.rpc.TestContainerStateMachineFailures" time="14.054">
    <system-out><![CDATA[2025-07-02 18:46:43,721 [9eb5a351-9325-4150-9d0a-de2b7d27d48d-groupManagement] INFO  server.RaftServerConfigKeys (ConfUtils.java:logGet(62)) - raft.server.log.appender.buffer.byte-limit = 33554432 (custom)
2025-07-02 18:46:43,721 [9eb5a351-9325-4150-9d0a-de2b7d27d48d-groupManagement] INFO  segmented.SegmentedRaftLogWorker (SegmentedRaftLogWorker.java:lambda$new$0(141)) - 9eb5a351-9325-4150-9d0a-de2b7d27d48d@group-AC6AD5D0BEC1-SegmentedRaftLogWorker: flushIndex: setUnconditionally 0 -> -1
2025-07-02 18:46:43,721 [9eb5a351-9325-4150-9d0a-de2b7d27d48d-groupManagement] INFO  segmented.SegmentedRaftLogWorker (SegmentedRaftLogWorker.java:lambda$new$0(141)) - 9eb5a351-9325-4150-9d0a-de2b7d27d48d@group-AC6AD5D0BEC1-SegmentedRaftLogWorker: safeCacheEvictIndex: setUnconditionally 0 -> -1
2025-07-02 18:46:43,723 [92aeff0d-b8ac-4e9e-9ba6-1724c63a8401-groupManagement] INFO  server.RaftServer$Division (RaftServerImpl.java:start(419)) - 92aeff0d-b8ac-4e9e-9ba6-1724c63a8401@group-AC6AD5D0BEC1: Successfully started.
2025-07-02 18:46:43,723 [f74b8a39-8cc1-4de2-93c6-02015e72cd55-groupManagement] INFO  server.RaftServer$Division (RaftServerImpl.java:start(405)) - f74b8a39-8cc1-4de2-93c6-02015e72cd55@group-88BC538DCFCE: start as a follower, conf=conf: {index: -1, cur=peers:[f74b8a39-8cc1-4de2-93c6-02015e72cd55|127.0.0.1:15087, baa12041-7cca-45c7-810c-7ea11519444b|127.0.0.1:15031, 75758caf-2019-48e0-9285-4ac26ec01eda|127.0.0.1:15015]|listeners:[], old=null}
2025-07-02 18:46:43,723 [f74b8a39-8cc1-4de2-93c6-02015e72cd55-groupManagement] INFO  server.RaftServer$Division (RaftServerImpl.java:setRole(392)) - f74b8a39-8cc1-4de2-93c6-02015e72cd55@group-88BC538DCFCE: changes role from      null to FOLLOWER at term 0 for startAsFollower
2025-07-02 18:46:43,723 [f74b8a39-8cc1-4de2-93c6-02015e72cd55-groupManagement] INFO  impl.RoleInfo (RoleInfo.java:updateAndGet(148)) - f74b8a39-8cc1-4de2-93c6-02015e72cd55: start f74b8a39-8cc1-4de2-93c6-02015e72cd55@group-88BC538DCFCE-FollowerState
2025-07-02 18:46:43,723 [92aeff0d-b8ac-4e9e-9ba6-1724c63a8401-PipelineCommandHandlerThread-0] INFO  ratis.XceiverServerRatis (XceiverServerRatis.java:addGroup(843)) - Created group Pipeline-611b0eb7-a440-42e2-b82d-ac6ad5d0bec1
2025-07-02 18:46:43,724 [f74b8a39-8cc1-4de2-93c6-02015e72cd55-groupManagement] INFO  util.JmxRegister (JmxRegister.java:tryRegister(44)) - Successfully registered JMX Bean with object name Ratis:service=RaftServer,group=group-88BC538DCFCE,id=f74b8a39-8cc1-4de2-93c6-02015e72cd55
2025-07-02 18:46:43,724 [f74b8a39-8cc1-4de2-93c6-02015e72cd55-groupManagement] INFO  util.JmxRegister (JmxRegister.java:register(58)) - register mxBean class org.apache.ratis.server.impl.RaftServerJmxAdapter as Ratis:service=RaftServer,group=group-88BC538DCFCE,id=f74b8a39-8cc1-4de2-93c6-02015e72cd55
2025-07-02 18:46:43,725 [9eb5a351-9325-4150-9d0a-de2b7d27d48d-groupManagement] INFO  server.RaftServer$Division (RaftServerImpl.java:start(405)) - 9eb5a351-9325-4150-9d0a-de2b7d27d48d@group-AC6AD5D0BEC1: start as a follower, conf=conf: {index: -1, cur=peers:[9eb5a351-9325-4150-9d0a-de2b7d27d48d|127.0.0.1:15079, 71a26ef2-e834-411c-97c5-a30c78105e8f|127.0.0.1:15071, 92aeff0d-b8ac-4e9e-9ba6-1724c63a8401|127.0.0.1:15063]|listeners:[], old=null}
2025-07-02 18:46:43,725 [9eb5a351-9325-4150-9d0a-de2b7d27d48d-groupManagement] INFO  server.RaftServer$Division (RaftServerImpl.java:setRole(392)) - 9eb5a351-9325-4150-9d0a-de2b7d27d48d@group-AC6AD5D0BEC1: changes role from      null to FOLLOWER at term 0 for startAsFollower
2025-07-02 18:46:43,725 [9eb5a351-9325-4150-9d0a-de2b7d27d48d-groupManagement] INFO  impl.RoleInfo (RoleInfo.java:updateAndGet(148)) - 9eb5a351-9325-4150-9d0a-de2b7d27d48d: start 9eb5a351-9325-4150-9d0a-de2b7d27d48d@group-AC6AD5D0BEC1-FollowerState
2025-07-02 18:46:43,726 [9eb5a351-9325-4150-9d0a-de2b7d27d48d-groupManagement] INFO  util.JmxRegister (JmxRegister.java:tryRegister(44)) - Successfully registered JMX Bean with object name Ratis:service=RaftServer,group=group-AC6AD5D0BEC1,id=9eb5a351-9325-4150-9d0a-de2b7d27d48d
2025-07-02 18:46:43,726 [9eb5a351-9325-4150-9d0a-de2b7d27d48d-groupManagement] INFO  util.JmxRegister (JmxRegister.java:register(58)) - register mxBean class org.apache.ratis.server.impl.RaftServerJmxAdapter as Ratis:service=RaftServer,group=group-AC6AD5D0BEC1,id=9eb5a351-9325-4150-9d0a-de2b7d27d48d
2025-07-02 18:46:43,728 [f74b8a39-8cc1-4de2-93c6-02015e72cd55-groupManagement] INFO  server.RaftServer$Division (RaftServerImpl.java:start(419)) - f74b8a39-8cc1-4de2-93c6-02015e72cd55@group-88BC538DCFCE: Successfully started.
2025-07-02 18:46:43,728 [9eb5a351-9325-4150-9d0a-de2b7d27d48d-groupManagement] INFO  server.RaftServer$Division (RaftServerImpl.java:start(419)) - 9eb5a351-9325-4150-9d0a-de2b7d27d48d@group-AC6AD5D0BEC1: Successfully started.
2025-07-02 18:46:43,728 [9eb5a351-9325-4150-9d0a-de2b7d27d48d-PipelineCommandHandlerThread-0] INFO  ratis.XceiverServerRatis (XceiverServerRatis.java:addGroup(843)) - Created group Pipeline-611b0eb7-a440-42e2-b82d-ac6ad5d0bec1
2025-07-02 18:46:43,733 [75758caf-2019-48e0-9285-4ac26ec01eda-PipelineCommandHandlerThread-0] INFO  commandhandler.CreatePipelineCommandHandler (CreatePipelineCommandHandler.java:lambda$handle$2(127)) - Created Pipeline RATIS THREE Pipeline-1a51bdf4-0f1a-4bbf-8dd1-88bc538dcfce.
2025-07-02 18:46:43,735 [grpc-default-executor-6] WARN  server.GrpcAdminProtocolService (GrpcAdminProtocolService.java:lambda$groupManagement$1(53)) - Failed groupManagement: GROUPADD, GroupManagementRequest:client-C3E30BE10C2B->9eb5a351-9325-4150-9d0a-de2b7d27d48d@group-AC6AD5D0BEC1, cid=172, seq=null, RW, null, Add:group-AC6AD5D0BEC1:[9eb5a351-9325-4150-9d0a-de2b7d27d48d|127.0.0.1:15079, 71a26ef2-e834-411c-97c5-a30c78105e8f|127.0.0.1:15071, 92aeff0d-b8ac-4e9e-9ba6-1724c63a8401|127.0.0.1:15063]
java.util.concurrent.CompletionException: org.apache.ratis.protocol.exceptions.AlreadyExistsException: 9eb5a351-9325-4150-9d0a-de2b7d27d48d: Failed to add group-AC6AD5D0BEC1:[9eb5a351-9325-4150-9d0a-de2b7d27d48d|127.0.0.1:15079, 71a26ef2-e834-411c-97c5-a30c78105e8f|127.0.0.1:15071, 92aeff0d-b8ac-4e9e-9ba6-1724c63a8401|127.0.0.1:15063] since the group already exists in the map.
	at java.base/java.util.concurrent.CompletableFuture.encodeThrowable(CompletableFuture.java:332)
	at java.base/java.util.concurrent.CompletableFuture.uniApplyNow(CompletableFuture.java:674)
	at java.base/java.util.concurrent.CompletableFuture.uniApplyStage(CompletableFuture.java:662)
	at java.base/java.util.concurrent.CompletableFuture.thenApplyAsync(CompletableFuture.java:2210)
	at org.apache.ratis.server.impl.RaftServerProxy.groupAddAsync(RaftServerProxy.java:513)
	at org.apache.ratis.server.impl.RaftServerProxy.groupManagementAsync(RaftServerProxy.java:495)
	at org.apache.ratis.grpc.server.GrpcAdminProtocolService.lambda$groupManagement$0(GrpcAdminProtocolService.java:51)
	at org.apache.ratis.grpc.GrpcUtil.asyncCall(GrpcUtil.java:172)
	at org.apache.ratis.grpc.server.GrpcAdminProtocolService.groupManagement(GrpcAdminProtocolService.java:51)
	at org.apache.ratis.proto.grpc.AdminProtocolServiceGrpc$MethodHandlers.invoke(AdminProtocolServiceGrpc.java:701)
	at org.apache.ratis.thirdparty.io.grpc.stub.ServerCalls$UnaryServerCallHandler$UnaryServerCallListener.onHalfClose(ServerCalls.java:182)
	at org.apache.ratis.thirdparty.io.grpc.internal.ServerCallImpl$ServerStreamListenerImpl.halfClosed(ServerCallImpl.java:356)
	at org.apache.ratis.thirdparty.io.grpc.internal.ServerImpl$JumpToApplicationThreadServerStreamListener$1HalfClosed.runInContext(ServerImpl.java:861)
	at org.apache.ratis.thirdparty.io.grpc.internal.ContextRunnable.run(ContextRunnable.java:37)
	at org.apache.ratis.thirdparty.io.grpc.internal.SerializingExecutor.run(SerializingExecutor.java:133)
	at java.base/java.util.concurrent.ThreadPoolExecutor.runWorker(ThreadPoolExecutor.java:1144)
	at java.base/java.util.concurrent.ThreadPoolExecutor$Worker.run(ThreadPoolExecutor.java:642)
	at java.base/java.lang.Thread.run(Thread.java:1583)
Caused by: org.apache.ratis.protocol.exceptions.AlreadyExistsException: 9eb5a351-9325-4150-9d0a-de2b7d27d48d: Failed to add group-AC6AD5D0BEC1:[9eb5a351-9325-4150-9d0a-de2b7d27d48d|127.0.0.1:15079, 71a26ef2-e834-411c-97c5-a30c78105e8f|127.0.0.1:15071, 92aeff0d-b8ac-4e9e-9ba6-1724c63a8401|127.0.0.1:15063] since the group already exists in the map.
	at org.apache.ratis.server.impl.RaftServerProxy$ImplMap.addNew(RaftServerProxy.java:99)
	at org.apache.ratis.server.impl.RaftServerProxy.groupAddAsync(RaftServerProxy.java:512)
	... 13 more
2025-07-02 18:46:43,738 [grpc-default-executor-6] WARN  server.GrpcAdminProtocolService (GrpcAdminProtocolService.java:lambda$groupManagement$1(53)) - Failed groupManagement: GROUPADD, GroupManagementRequest:client-1D162A85B6FD->92aeff0d-b8ac-4e9e-9ba6-1724c63a8401@group-AC6AD5D0BEC1, cid=173, seq=null, RW, null, Add:group-AC6AD5D0BEC1:[9eb5a351-9325-4150-9d0a-de2b7d27d48d|127.0.0.1:15079, 71a26ef2-e834-411c-97c5-a30c78105e8f|127.0.0.1:15071, 92aeff0d-b8ac-4e9e-9ba6-1724c63a8401|127.0.0.1:15063]
java.util.concurrent.CompletionException: org.apache.ratis.protocol.exceptions.AlreadyExistsException: 92aeff0d-b8ac-4e9e-9ba6-1724c63a8401: Failed to add group-AC6AD5D0BEC1:[9eb5a351-9325-4150-9d0a-de2b7d27d48d|127.0.0.1:15079, 71a26ef2-e834-411c-97c5-a30c78105e8f|127.0.0.1:15071, 92aeff0d-b8ac-4e9e-9ba6-1724c63a8401|127.0.0.1:15063] since the group already exists in the map.
	at java.base/java.util.concurrent.CompletableFuture.encodeThrowable(CompletableFuture.java:332)
	at java.base/java.util.concurrent.CompletableFuture.uniApplyNow(CompletableFuture.java:674)
	at java.base/java.util.concurrent.CompletableFuture.uniApplyStage(CompletableFuture.java:662)
	at java.base/java.util.concurrent.CompletableFuture.thenApplyAsync(CompletableFuture.java:2210)
	at org.apache.ratis.server.impl.RaftServerProxy.groupAddAsync(RaftServerProxy.java:513)
	at org.apache.ratis.server.impl.RaftServerProxy.groupManagementAsync(RaftServerProxy.java:495)
	at org.apache.ratis.grpc.server.GrpcAdminProtocolService.lambda$groupManagement$0(GrpcAdminProtocolService.java:51)
	at org.apache.ratis.grpc.GrpcUtil.asyncCall(GrpcUtil.java:172)
	at org.apache.ratis.grpc.server.GrpcAdminProtocolService.groupManagement(GrpcAdminProtocolService.java:51)
	at org.apache.ratis.proto.grpc.AdminProtocolServiceGrpc$MethodHandlers.invoke(AdminProtocolServiceGrpc.java:701)
	at org.apache.ratis.thirdparty.io.grpc.stub.ServerCalls$UnaryServerCallHandler$UnaryServerCallListener.onHalfClose(ServerCalls.java:182)
	at org.apache.ratis.thirdparty.io.grpc.internal.ServerCallImpl$ServerStreamListenerImpl.halfClosed(ServerCallImpl.java:356)
	at org.apache.ratis.thirdparty.io.grpc.internal.ServerImpl$JumpToApplicationThreadServerStreamListener$1HalfClosed.runInContext(ServerImpl.java:861)
	at org.apache.ratis.thirdparty.io.grpc.internal.ContextRunnable.run(ContextRunnable.java:37)
	at org.apache.ratis.thirdparty.io.grpc.internal.SerializingExecutor.run(SerializingExecutor.java:133)
	at java.base/java.util.concurrent.ThreadPoolExecutor.runWorker(ThreadPoolExecutor.java:1144)
	at java.base/java.util.concurrent.ThreadPoolExecutor$Worker.run(ThreadPoolExecutor.java:642)
	at java.base/java.lang.Thread.run(Thread.java:1583)
Caused by: org.apache.ratis.protocol.exceptions.AlreadyExistsException: 92aeff0d-b8ac-4e9e-9ba6-1724c63a8401: Failed to add group-AC6AD5D0BEC1:[9eb5a351-9325-4150-9d0a-de2b7d27d48d|127.0.0.1:15079, 71a26ef2-e834-411c-97c5-a30c78105e8f|127.0.0.1:15071, 92aeff0d-b8ac-4e9e-9ba6-1724c63a8401|127.0.0.1:15063] since the group already exists in the map.
	at org.apache.ratis.server.impl.RaftServerProxy$ImplMap.addNew(RaftServerProxy.java:99)
	at org.apache.ratis.server.impl.RaftServerProxy.groupAddAsync(RaftServerProxy.java:512)
	... 13 more
2025-07-02 18:46:43,749 [grpc-default-executor-6] INFO  server.RaftServer (RaftServerProxy.java:addNew(105)) - 71a26ef2-e834-411c-97c5-a30c78105e8f: addNew group-AC6AD5D0BEC1:[9eb5a351-9325-4150-9d0a-de2b7d27d48d|127.0.0.1:15079, 71a26ef2-e834-411c-97c5-a30c78105e8f|127.0.0.1:15071, 92aeff0d-b8ac-4e9e-9ba6-1724c63a8401|127.0.0.1:15063] returns group-AC6AD5D0BEC1:java.util.concurrent.CompletableFuture@396faf69[Not completed]
2025-07-02 18:46:43,750 [grpc-default-executor-6] WARN  server.GrpcAdminProtocolService (GrpcAdminProtocolService.java:lambda$groupManagement$1(53)) - Failed groupManagement: GROUPADD, GroupManagementRequest:client-1E9CA40AD7E6->71a26ef2-e834-411c-97c5-a30c78105e8f@group-AC6AD5D0BEC1, cid=175, seq=null, RW, null, Add:group-AC6AD5D0BEC1:[9eb5a351-9325-4150-9d0a-de2b7d27d48d|127.0.0.1:15079, 71a26ef2-e834-411c-97c5-a30c78105e8f|127.0.0.1:15071, 92aeff0d-b8ac-4e9e-9ba6-1724c63a8401|127.0.0.1:15063]
java.util.concurrent.CompletionException: org.apache.ratis.protocol.exceptions.AlreadyExistsException: 71a26ef2-e834-411c-97c5-a30c78105e8f: Failed to add group-AC6AD5D0BEC1:[9eb5a351-9325-4150-9d0a-de2b7d27d48d|127.0.0.1:15079, 71a26ef2-e834-411c-97c5-a30c78105e8f|127.0.0.1:15071, 92aeff0d-b8ac-4e9e-9ba6-1724c63a8401|127.0.0.1:15063] since the group already exists in the map.
	at java.base/java.util.concurrent.CompletableFuture.encodeThrowable(CompletableFuture.java:332)
	at java.base/java.util.concurrent.CompletableFuture.uniApplyNow(CompletableFuture.java:674)
	at java.base/java.util.concurrent.CompletableFuture.uniApplyStage(CompletableFuture.java:662)
	at java.base/java.util.concurrent.CompletableFuture.thenApplyAsync(CompletableFuture.java:2210)
	at org.apache.ratis.server.impl.RaftServerProxy.groupAddAsync(RaftServerProxy.java:513)
	at org.apache.ratis.server.impl.RaftServerProxy.groupManagementAsync(RaftServerProxy.java:495)
	at org.apache.ratis.grpc.server.GrpcAdminProtocolService.lambda$groupManagement$0(GrpcAdminProtocolService.java:51)
	at org.apache.ratis.grpc.GrpcUtil.asyncCall(GrpcUtil.java:172)
	at org.apache.ratis.grpc.server.GrpcAdminProtocolService.groupManagement(GrpcAdminProtocolService.java:51)
	at org.apache.ratis.proto.grpc.AdminProtocolServiceGrpc$MethodHandlers.invoke(AdminProtocolServiceGrpc.java:701)
	at org.apache.ratis.thirdparty.io.grpc.stub.ServerCalls$UnaryServerCallHandler$UnaryServerCallListener.onHalfClose(ServerCalls.java:182)
	at org.apache.ratis.thirdparty.io.grpc.internal.ServerCallImpl$ServerStreamListenerImpl.halfClosed(ServerCallImpl.java:356)
	at org.apache.ratis.thirdparty.io.grpc.internal.ServerImpl$JumpToApplicationThreadServerStreamListener$1HalfClosed.runInContext(ServerImpl.java:861)
	at org.apache.ratis.thirdparty.io.grpc.internal.ContextRunnable.run(ContextRunnable.java:37)
	at org.apache.ratis.thirdparty.io.grpc.internal.SerializingExecutor.run(SerializingExecutor.java:133)
	at java.base/java.util.concurrent.ThreadPoolExecutor.runWorker(ThreadPoolExecutor.java:1144)
	at java.base/java.util.concurrent.ThreadPoolExecutor$Worker.run(ThreadPoolExecutor.java:642)
	at java.base/java.lang.Thread.run(Thread.java:1583)
Caused by: org.apache.ratis.protocol.exceptions.AlreadyExistsException: 71a26ef2-e834-411c-97c5-a30c78105e8f: Failed to add group-AC6AD5D0BEC1:[9eb5a351-9325-4150-9d0a-de2b7d27d48d|127.0.0.1:15079, 71a26ef2-e834-411c-97c5-a30c78105e8f|127.0.0.1:15071, 92aeff0d-b8ac-4e9e-9ba6-1724c63a8401|127.0.0.1:15063] since the group already exists in the map.
	at org.apache.ratis.server.impl.RaftServerProxy$ImplMap.addNew(RaftServerProxy.java:99)
	at org.apache.ratis.server.impl.RaftServerProxy.groupAddAsync(RaftServerProxy.java:512)
	... 13 more
2025-07-02 18:46:43,751 [71a26ef2-e834-411c-97c5-a30c78105e8f-groupManagement] WARN  statemachine.DatanodeConfiguration (DatanodeConfiguration.java:validateMinFreeSpace(751)) - hdds.datanode.volume.min.free.space.percent = -1.0 is invalid, should be between 0 and 1
2025-07-02 18:46:43,752 [71a26ef2-e834-411c-97c5-a30c78105e8f-groupManagement] INFO  server.RaftServer$Division (RaftServerImpl.java:<init>(268)) - 71a26ef2-e834-411c-97c5-a30c78105e8f: new RaftServerImpl for group-AC6AD5D0BEC1:[9eb5a351-9325-4150-9d0a-de2b7d27d48d|127.0.0.1:15079, 71a26ef2-e834-411c-97c5-a30c78105e8f|127.0.0.1:15071, 92aeff0d-b8ac-4e9e-9ba6-1724c63a8401|127.0.0.1:15063] with ContainerStateMachine:uninitialized
2025-07-02 18:46:43,752 [71a26ef2-e834-411c-97c5-a30c78105e8f-groupManagement] INFO  server.RaftServer$Division (ServerState.java:<init>(114)) - 71a26ef2-e834-411c-97c5-a30c78105e8f@group-AC6AD5D0BEC1: ConfigurationManager, init=conf: {index: -1, cur=peers:[9eb5a351-9325-4150-9d0a-de2b7d27d48d|127.0.0.1:15079, 71a26ef2-e834-411c-97c5-a30c78105e8f|127.0.0.1:15071, 92aeff0d-b8ac-4e9e-9ba6-1724c63a8401|127.0.0.1:15063]|listeners:[], old=null}, confs=<EMPTY_MAP>
2025-07-02 18:46:43,757 [71a26ef2-e834-411c-97c5-a30c78105e8f-groupManagement] INFO  server.RaftServerConfigKeys (ConfUtils.java:logGet(62)) - raft.server.storage.dir = [/home/runner/work/ozone/ozone/hadoop-ozone/integration-test/target/test-dir/MiniOzoneClusterImpl-b7e00dfa-d3b8-45cf-9d3a-2bd5fdfebf54/ozone-meta/datanode-8/ratis621ab3af-a1c7-4ad2-ba79-87f35c273b6e] (custom)
2025-07-02 18:46:43,757 [71a26ef2-e834-411c-97c5-a30c78105e8f-groupManagement] INFO  storage.RaftStorageDirectory (RaftStorageDirectoryImpl.java:analyzeStorage(138)) - The storage directory /home/runner/work/ozone/ozone/hadoop-ozone/integration-test/target/test-dir/MiniOzoneClusterImpl-b7e00dfa-d3b8-45cf-9d3a-2bd5fdfebf54/ozone-meta/datanode-8/ratis621ab3af-a1c7-4ad2-ba79-87f35c273b6e/611b0eb7-a440-42e2-b82d-ac6ad5d0bec1 does not exist. Creating ...
2025-07-02 18:46:43,760 [71a26ef2-e834-411c-97c5-a30c78105e8f-groupManagement] INFO  storage.RaftStorageDirectory (RaftStorageDirectoryImpl.java:tryLock(229)) - Lock on /home/runner/work/ozone/ozone/hadoop-ozone/integration-test/target/test-dir/MiniOzoneClusterImpl-b7e00dfa-d3b8-45cf-9d3a-2bd5fdfebf54/ozone-meta/datanode-8/ratis621ab3af-a1c7-4ad2-ba79-87f35c273b6e/611b0eb7-a440-42e2-b82d-ac6ad5d0bec1/in_use.lock acquired by nodename 44808@localhost
2025-07-02 18:46:43,761 [9eb5a351-9325-4150-9d0a-de2b7d27d48d-PipelineCommandHandlerThread-0] INFO  commandhandler.CreatePipelineCommandHandler (CreatePipelineCommandHandler.java:lambda$handle$2(127)) - Created Pipeline RATIS THREE Pipeline-611b0eb7-a440-42e2-b82d-ac6ad5d0bec1.
2025-07-02 18:46:43,762 [71a26ef2-e834-411c-97c5-a30c78105e8f-groupManagement] INFO  storage.RaftStorage (RaftStorageImpl.java:format(98)) - Storage directory /home/runner/work/ozone/ozone/hadoop-ozone/integration-test/target/test-dir/MiniOzoneClusterImpl-b7e00dfa-d3b8-45cf-9d3a-2bd5fdfebf54/ozone-meta/datanode-8/ratis621ab3af-a1c7-4ad2-ba79-87f35c273b6e/611b0eb7-a440-42e2-b82d-ac6ad5d0bec1 has been successfully formatted.
2025-07-02 18:46:43,762 [71a26ef2-e834-411c-97c5-a30c78105e8f-groupManagement] INFO  ratis.ContainerStateMachine (ContainerStateMachine.java:initialize(339)) - 71a26ef2-e834-411c-97c5-a30c78105e8f: initialize group-AC6AD5D0BEC1
2025-07-02 18:46:43,762 [71a26ef2-e834-411c-97c5-a30c78105e8f-groupManagement] INFO  ratis.ContainerStateMachine (ContainerStateMachine.java:loadSnapshot(347)) - group-AC6AD5D0BEC1: The snapshot info is null. Setting the last applied index to:<INITIAL_VALUE>
2025-07-02 18:46:43,762 [71a26ef2-e834-411c-97c5-a30c78105e8f-groupManagement] INFO  server.RaftServerConfigKeys (ConfUtils.java:logGet(62)) - raft.server.log.appender.buffer.byte-limit = 33554432 (custom)
2025-07-02 18:46:43,765 [71a26ef2-e834-411c-97c5-a30c78105e8f-groupManagement] INFO  server.RaftServerConfigKeys (ConfUtils.java:logGet(62)) - raft.server.log.segment.size.max = 67108864 (custom)
2025-07-02 18:46:43,767 [71a26ef2-e834-411c-97c5-a30c78105e8f-groupManagement] INFO  server.RaftServerConfigKeys (ConfUtils.java:logGet(62)) - raft.server.log.appender.buffer.byte-limit = 33554432 (custom)
2025-07-02 18:46:43,768 [71a26ef2-e834-411c-97c5-a30c78105e8f-groupManagement] INFO  util.AwaitToRun (AwaitToRun.java:start(81)) - Thread[#2020,71a26ef2-e834-411c-97c5-a30c78105e8f@group-AC6AD5D0BEC1-cacheEviction-AwaitToRun,5,main] started
2025-07-02 18:46:43,768 [71a26ef2-e834-411c-97c5-a30c78105e8f-groupManagement] INFO  segmented.SegmentedRaftLogWorker (SegmentedRaftLogWorker.java:<init>(190)) - new 71a26ef2-e834-411c-97c5-a30c78105e8f@group-AC6AD5D0BEC1-SegmentedRaftLogWorker for RaftStorageImpl:Storage Directory /home/runner/work/ozone/ozone/hadoop-ozone/integration-test/target/test-dir/MiniOzoneClusterImpl-b7e00dfa-d3b8-45cf-9d3a-2bd5fdfebf54/ozone-meta/datanode-8/ratis621ab3af-a1c7-4ad2-ba79-87f35c273b6e/611b0eb7-a440-42e2-b82d-ac6ad5d0bec1
2025-07-02 18:46:43,768 [71a26ef2-e834-411c-97c5-a30c78105e8f-groupManagement] INFO  server.RaftServerConfigKeys (ConfUtils.java:logGet(62)) - raft.server.log.queue.byte-limit = 4294967296 (custom)
2025-07-02 18:46:43,769 [71a26ef2-e834-411c-97c5-a30c78105e8f-groupManagement] INFO  server.RaftServerConfigKeys (ConfUtils.java:logGet(62)) - raft.server.log.segment.size.max = 67108864 (custom)
2025-07-02 18:46:43,769 [71a26ef2-e834-411c-97c5-a30c78105e8f-groupManagement] INFO  server.RaftServerConfigKeys (ConfUtils.java:logGet(62)) - raft.server.log.preallocated.size = 4194304 (custom)
2025-07-02 18:46:43,770 [71a26ef2-e834-411c-97c5-a30c78105e8f-groupManagement] INFO  server.RaftServerConfigKeys (ConfUtils.java:logGet(62)) - raft.server.log.write.buffer.size = 33554440 (custom)
2025-07-02 18:46:43,774 [4114dace-2331-46e8-9bd0-01e36750a673-ChunkWriter-1-0] WARN  statemachine.DatanodeConfiguration (DatanodeConfiguration.java:validateMinFreeSpace(751)) - hdds.datanode.volume.min.free.space.percent = -1.0 is invalid, should be between 0 and 1
2025-07-02 18:46:43,775 [4114dace-2331-46e8-9bd0-01e36750a673-ChunkWriter-1-0] WARN  statemachine.DatanodeConfiguration (DatanodeConfiguration.java:validateMinFreeSpace(751)) - hdds.datanode.volume.min.free.space.percent = -1.0 is invalid, should be between 0 and 1
2025-07-02 18:46:43,777 [71a26ef2-e834-411c-97c5-a30c78105e8f-groupManagement] INFO  server.RaftServerConfigKeys (ConfUtils.java:logGet(62)) - raft.server.log.appender.buffer.byte-limit = 33554432 (custom)
2025-07-02 18:46:43,777 [71a26ef2-e834-411c-97c5-a30c78105e8f-groupManagement] INFO  segmented.SegmentedRaftLogWorker (SegmentedRaftLogWorker.java:lambda$new$0(141)) - 71a26ef2-e834-411c-97c5-a30c78105e8f@group-AC6AD5D0BEC1-SegmentedRaftLogWorker: flushIndex: setUnconditionally 0 -> -1
2025-07-02 18:46:43,777 [71a26ef2-e834-411c-97c5-a30c78105e8f-groupManagement] INFO  segmented.SegmentedRaftLogWorker (SegmentedRaftLogWorker.java:lambda$new$0(141)) - 71a26ef2-e834-411c-97c5-a30c78105e8f@group-AC6AD5D0BEC1-SegmentedRaftLogWorker: safeCacheEvictIndex: setUnconditionally 0 -> -1
2025-07-02 18:46:43,779 [95ee4113-9599-4433-8033-e07ec30d3bee-ChunkWriter-1-0] WARN  statemachine.DatanodeConfiguration (DatanodeConfiguration.java:validateMinFreeSpace(751)) - hdds.datanode.volume.min.free.space.percent = -1.0 is invalid, should be between 0 and 1
2025-07-02 18:46:43,780 [95ee4113-9599-4433-8033-e07ec30d3bee-ChunkWriter-1-0] WARN  statemachine.DatanodeConfiguration (DatanodeConfiguration.java:validateMinFreeSpace(751)) - hdds.datanode.volume.min.free.space.percent = -1.0 is invalid, should be between 0 and 1
2025-07-02 18:46:43,780 [c6c1c004-cb80-4a23-8b53-68ef0e0db17b-ChunkWriter-1-0] WARN  statemachine.DatanodeConfiguration (DatanodeConfiguration.java:validateMinFreeSpace(751)) - hdds.datanode.volume.min.free.space.percent = -1.0 is invalid, should be between 0 and 1
2025-07-02 18:46:43,780 [c6c1c004-cb80-4a23-8b53-68ef0e0db17b-ChunkWriter-1-0] WARN  statemachine.DatanodeConfiguration (DatanodeConfiguration.java:validateMinFreeSpace(751)) - hdds.datanode.volume.min.free.space.percent = -1.0 is invalid, should be between 0 and 1
2025-07-02 18:46:43,782 [71a26ef2-e834-411c-97c5-a30c78105e8f-groupManagement] INFO  server.RaftServer$Division (RaftServerImpl.java:start(405)) - 71a26ef2-e834-411c-97c5-a30c78105e8f@group-AC6AD5D0BEC1: start as a follower, conf=conf: {index: -1, cur=peers:[9eb5a351-9325-4150-9d0a-de2b7d27d48d|127.0.0.1:15079, 71a26ef2-e834-411c-97c5-a30c78105e8f|127.0.0.1:15071, 92aeff0d-b8ac-4e9e-9ba6-1724c63a8401|127.0.0.1:15063]|listeners:[], old=null}
2025-07-02 18:46:43,782 [71a26ef2-e834-411c-97c5-a30c78105e8f-groupManagement] INFO  server.RaftServer$Division (RaftServerImpl.java:setRole(392)) - 71a26ef2-e834-411c-97c5-a30c78105e8f@group-AC6AD5D0BEC1: changes role from      null to FOLLOWER at term 0 for startAsFollower
2025-07-02 18:46:43,782 [71a26ef2-e834-411c-97c5-a30c78105e8f-groupManagement] INFO  impl.RoleInfo (RoleInfo.java:updateAndGet(148)) - 71a26ef2-e834-411c-97c5-a30c78105e8f: start 71a26ef2-e834-411c-97c5-a30c78105e8f@group-AC6AD5D0BEC1-FollowerState
2025-07-02 18:46:43,784 [71a26ef2-e834-411c-97c5-a30c78105e8f-groupManagement] INFO  util.JmxRegister (JmxRegister.java:tryRegister(44)) - Successfully registered JMX Bean with object name Ratis:service=RaftServer,group=group-AC6AD5D0BEC1,id=71a26ef2-e834-411c-97c5-a30c78105e8f
2025-07-02 18:46:43,784 [71a26ef2-e834-411c-97c5-a30c78105e8f-groupManagement] INFO  util.JmxRegister (JmxRegister.java:register(58)) - register mxBean class org.apache.ratis.server.impl.RaftServerJmxAdapter as Ratis:service=RaftServer,group=group-AC6AD5D0BEC1,id=71a26ef2-e834-411c-97c5-a30c78105e8f
2025-07-02 18:46:43,785 [71a26ef2-e834-411c-97c5-a30c78105e8f-groupManagement] INFO  server.RaftServer$Division (RaftServerImpl.java:start(419)) - 71a26ef2-e834-411c-97c5-a30c78105e8f@group-AC6AD5D0BEC1: Successfully started.
2025-07-02 18:46:43,792 [92aeff0d-b8ac-4e9e-9ba6-1724c63a8401-PipelineCommandHandlerThread-0] INFO  commandhandler.CreatePipelineCommandHandler (CreatePipelineCommandHandler.java:lambda$handle$2(127)) - Created Pipeline RATIS THREE Pipeline-611b0eb7-a440-42e2-b82d-ac6ad5d0bec1.
2025-07-02 18:46:43,795 [4114dace-2331-46e8-9bd0-01e36750a673@group-BC9AD7F74B25-StateMachineUpdater] INFO  ratis.ContainerStateMachine (ContainerStateMachine.java:takeSnapshot(427)) - group-BC9AD7F74B25: Taking a snapshot at:(t:1, i:2) file /home/runner/work/ozone/ozone/hadoop-ozone/integration-test/target/test-dir/MiniOzoneClusterImpl-b7e00dfa-d3b8-45cf-9d3a-2bd5fdfebf54/ozone-meta/datanode-6/ratis/5e6ba405-497c-4a06-b329-bc9ad7f74b25/sm/snapshot.1_2
2025-07-02 18:46:43,799 [4114dace-2331-46e8-9bd0-01e36750a673@group-BC9AD7F74B25-StateMachineUpdater] INFO  ratis.ContainerStateMachine (ContainerStateMachine.java:takeSnapshot(436)) - group-BC9AD7F74B25: Finished taking a snapshot at:(t:1, i:2) file:/home/runner/work/ozone/ozone/hadoop-ozone/integration-test/target/test-dir/MiniOzoneClusterImpl-b7e00dfa-d3b8-45cf-9d3a-2bd5fdfebf54/ozone-meta/datanode-6/ratis/5e6ba405-497c-4a06-b329-bc9ad7f74b25/sm/snapshot.1_2 took: 4 ms
2025-07-02 18:46:43,799 [4114dace-2331-46e8-9bd0-01e36750a673@group-BC9AD7F74B25-StateMachineUpdater] INFO  impl.StateMachineUpdater (StateMachineUpdater.java:takeSnapshot(307)) - 4114dace-2331-46e8-9bd0-01e36750a673@group-BC9AD7F74B25-StateMachineUpdater: Took a snapshot at index 2
2025-07-02 18:46:43,800 [4114dace-2331-46e8-9bd0-01e36750a673@group-BC9AD7F74B25-StateMachineUpdater] INFO  impl.StateMachineUpdater (StateMachineUpdater.java:lambda$new$0(101)) - 4114dace-2331-46e8-9bd0-01e36750a673@group-BC9AD7F74B25-StateMachineUpdater: snapshotIndex: updateIncreasingly 0 -> 2
2025-07-02 18:46:43,800 [4114dace-2331-46e8-9bd0-01e36750a673@group-BC9AD7F74B25-StateMachineUpdater] INFO  ratis.ContainerStateMachine (ContainerStateMachine.java:takeSnapshot(427)) - group-BC9AD7F74B25: Taking a snapshot at:(t:1, i:4) file /home/runner/work/ozone/ozone/hadoop-ozone/integration-test/target/test-dir/MiniOzoneClusterImpl-b7e00dfa-d3b8-45cf-9d3a-2bd5fdfebf54/ozone-meta/datanode-6/ratis/5e6ba405-497c-4a06-b329-bc9ad7f74b25/sm/snapshot.1_4
2025-07-02 18:46:43,800 [95ee4113-9599-4433-8033-e07ec30d3bee@group-BC9AD7F74B25-StateMachineUpdater] INFO  ratis.ContainerStateMachine (ContainerStateMachine.java:takeSnapshot(427)) - group-BC9AD7F74B25: Taking a snapshot at:(t:1, i:2) file /home/runner/work/ozone/ozone/hadoop-ozone/integration-test/target/test-dir/MiniOzoneClusterImpl-b7e00dfa-d3b8-45cf-9d3a-2bd5fdfebf54/ozone-meta/datanode-4/ratis/5e6ba405-497c-4a06-b329-bc9ad7f74b25/sm/snapshot.1_2
2025-07-02 18:46:43,802 [4114dace-2331-46e8-9bd0-01e36750a673@group-BC9AD7F74B25-StateMachineUpdater] INFO  ratis.ContainerStateMachine (ContainerStateMachine.java:takeSnapshot(436)) - group-BC9AD7F74B25: Finished taking a snapshot at:(t:1, i:4) file:/home/runner/work/ozone/ozone/hadoop-ozone/integration-test/target/test-dir/MiniOzoneClusterImpl-b7e00dfa-d3b8-45cf-9d3a-2bd5fdfebf54/ozone-meta/datanode-6/ratis/5e6ba405-497c-4a06-b329-bc9ad7f74b25/sm/snapshot.1_4 took: 2 ms
2025-07-02 18:46:43,802 [95ee4113-9599-4433-8033-e07ec30d3bee@group-BC9AD7F74B25-StateMachineUpdater] INFO  ratis.ContainerStateMachine (ContainerStateMachine.java:takeSnapshot(436)) - group-BC9AD7F74B25: Finished taking a snapshot at:(t:1, i:2) file:/home/runner/work/ozone/ozone/hadoop-ozone/integration-test/target/test-dir/MiniOzoneClusterImpl-b7e00dfa-d3b8-45cf-9d3a-2bd5fdfebf54/ozone-meta/datanode-4/ratis/5e6ba405-497c-4a06-b329-bc9ad7f74b25/sm/snapshot.1_2 took: 2 ms
2025-07-02 18:46:43,802 [4114dace-2331-46e8-9bd0-01e36750a673@group-BC9AD7F74B25-StateMachineUpdater] INFO  impl.StateMachineUpdater (StateMachineUpdater.java:takeSnapshot(307)) - 4114dace-2331-46e8-9bd0-01e36750a673@group-BC9AD7F74B25-StateMachineUpdater: Took a snapshot at index 4
2025-07-02 18:46:43,802 [95ee4113-9599-4433-8033-e07ec30d3bee@group-BC9AD7F74B25-StateMachineUpdater] INFO  impl.StateMachineUpdater (StateMachineUpdater.java:takeSnapshot(307)) - 95ee4113-9599-4433-8033-e07ec30d3bee@group-BC9AD7F74B25-StateMachineUpdater: Took a snapshot at index 2
2025-07-02 18:46:43,802 [95ee4113-9599-4433-8033-e07ec30d3bee@group-BC9AD7F74B25-StateMachineUpdater] INFO  impl.StateMachineUpdater (StateMachineUpdater.java:lambda$new$0(101)) - 95ee4113-9599-4433-8033-e07ec30d3bee@group-BC9AD7F74B25-StateMachineUpdater: snapshotIndex: updateIncreasingly 0 -> 2
2025-07-02 18:46:43,802 [4114dace-2331-46e8-9bd0-01e36750a673@group-BC9AD7F74B25-StateMachineUpdater] INFO  impl.StateMachineUpdater (StateMachineUpdater.java:lambda$new$0(101)) - 4114dace-2331-46e8-9bd0-01e36750a673@group-BC9AD7F74B25-StateMachineUpdater: snapshotIndex: updateIncreasingly 2 -> 4
2025-07-02 18:46:43,810 [95ee4113-9599-4433-8033-e07ec30d3bee-ChunkWriter-1-0] ERROR helpers.ContainerUtils (ContainerUtils.java:getChunkDir(273)) - Chunks dir /home/runner/work/ozone/ozone/hadoop-ozone/integration-test/target/test-dir/MiniOzoneClusterImpl-b7e00dfa-d3b8-45cf-9d3a-2bd5fdfebf54/ozone-meta/datanode-4/data-0/hdds/b7e00dfa-d3b8-45cf-9d3a-2bd5fdfebf54/current/containerDir0/9/chunks does not exist
2025-07-02 18:46:43,810 [95ee4113-9599-4433-8033-e07ec30d3bee-ChunkWriter-1-0] WARN  keyvalue.KeyValueHandler (ContainerUtils.java:logAndReturnError(94)) - Operation: WriteChunk , Trace ID:  , Message: Chunks directory /home/runner/work/ozone/ozone/hadoop-ozone/integration-test/target/test-dir/MiniOzoneClusterImpl-b7e00dfa-d3b8-45cf-9d3a-2bd5fdfebf54/ozone-meta/datanode-4/data-0/hdds/b7e00dfa-d3b8-45cf-9d3a-2bd5fdfebf54/current/containerDir0/9/chunks does not exist. , Result: UNABLE_TO_FIND_DATA_DIR , StorageContainerException Occurred.
org.apache.hadoop.hdds.scm.container.common.helpers.StorageContainerException: Chunks directory /home/runner/work/ozone/ozone/hadoop-ozone/integration-test/target/test-dir/MiniOzoneClusterImpl-b7e00dfa-d3b8-45cf-9d3a-2bd5fdfebf54/ozone-meta/datanode-4/data-0/hdds/b7e00dfa-d3b8-45cf-9d3a-2bd5fdfebf54/current/containerDir0/9/chunks does not exist.
	at org.apache.hadoop.ozone.container.common.helpers.ContainerUtils.getChunkDir(ContainerUtils.java:275)
	at org.apache.hadoop.ozone.container.common.impl.ContainerLayoutVersion.getChunkFile(ContainerLayoutVersion.java:115)
	at org.apache.hadoop.ozone.container.keyvalue.impl.FilePerBlockStrategy.getChunkFile(FilePerBlockStrategy.java:300)
	at org.apache.hadoop.ozone.container.keyvalue.impl.FilePerBlockStrategy.writeChunk(FilePerBlockStrategy.java:148)
	at org.apache.hadoop.ozone.container.keyvalue.impl.ChunkManagerDispatcher.writeChunk(ChunkManagerDispatcher.java:70)
	at org.apache.hadoop.ozone.container.keyvalue.KeyValueHandler.handleWriteChunk(KeyValueHandler.java:1029)
	at org.apache.hadoop.ozone.container.keyvalue.KeyValueHandler.dispatchRequest(KeyValueHandler.java:342)
	at org.apache.hadoop.ozone.container.keyvalue.KeyValueHandler.handle(KeyValueHandler.java:293)
	at org.apache.hadoop.ozone.container.common.impl.HddsDispatcher.dispatchRequest(HddsDispatcher.java:365)
	at org.apache.hadoop.ozone.container.common.impl.HddsDispatcher.lambda$dispatch$1(HddsDispatcher.java:190)
	at org.apache.hadoop.hdds.server.OzoneProtocolMessageDispatcher.processRequest(OzoneProtocolMessageDispatcher.java:87)
	at org.apache.hadoop.ozone.container.common.impl.HddsDispatcher.dispatch(HddsDispatcher.java:189)
	at org.apache.hadoop.ozone.container.common.transport.server.ratis.ContainerStateMachine.dispatchCommand(ContainerStateMachine.java:567)
	at org.apache.hadoop.ozone.container.common.transport.server.ratis.ContainerStateMachine.lambda$writeStateMachineData$2(ContainerStateMachine.java:622)
	at java.base/java.util.concurrent.FutureTask.run(FutureTask.java:317)
	at java.base/java.util.concurrent.ThreadPoolExecutor.runWorker(ThreadPoolExecutor.java:1144)
	at java.base/java.util.concurrent.ThreadPoolExecutor$Worker.run(ThreadPoolExecutor.java:642)
	at java.base/java.lang.Thread.run(Thread.java:1583)
2025-07-02 18:46:43,811 [c6c1c004-cb80-4a23-8b53-68ef0e0db17b@group-BC9AD7F74B25-StateMachineUpdater] INFO  ratis.ContainerStateMachine (ContainerStateMachine.java:takeSnapshot(427)) - group-BC9AD7F74B25: Taking a snapshot at:(t:1, i:4) file /home/runner/work/ozone/ozone/hadoop-ozone/integration-test/target/test-dir/MiniOzoneClusterImpl-b7e00dfa-d3b8-45cf-9d3a-2bd5fdfebf54/ozone-meta/datanode-5/ratis/5e6ba405-497c-4a06-b329-bc9ad7f74b25/sm/snapshot.1_4
2025-07-02 18:46:43,812 [c6c1c004-cb80-4a23-8b53-68ef0e0db17b@group-BC9AD7F74B25-StateMachineUpdater] INFO  ratis.ContainerStateMachine (ContainerStateMachine.java:takeSnapshot(436)) - group-BC9AD7F74B25: Finished taking a snapshot at:(t:1, i:4) file:/home/runner/work/ozone/ozone/hadoop-ozone/integration-test/target/test-dir/MiniOzoneClusterImpl-b7e00dfa-d3b8-45cf-9d3a-2bd5fdfebf54/ozone-meta/datanode-5/ratis/5e6ba405-497c-4a06-b329-bc9ad7f74b25/sm/snapshot.1_4 took: 2 ms
2025-07-02 18:46:43,813 [c6c1c004-cb80-4a23-8b53-68ef0e0db17b@group-BC9AD7F74B25-StateMachineUpdater] INFO  impl.StateMachineUpdater (StateMachineUpdater.java:takeSnapshot(307)) - c6c1c004-cb80-4a23-8b53-68ef0e0db17b@group-BC9AD7F74B25-StateMachineUpdater: Took a snapshot at index 4
2025-07-02 18:46:43,813 [c6c1c004-cb80-4a23-8b53-68ef0e0db17b@group-BC9AD7F74B25-StateMachineUpdater] INFO  impl.StateMachineUpdater (StateMachineUpdater.java:lambda$new$0(101)) - c6c1c004-cb80-4a23-8b53-68ef0e0db17b@group-BC9AD7F74B25-StateMachineUpdater: snapshotIndex: updateIncreasingly 0 -> 4
2025-07-02 18:46:43,815 [4114dace-2331-46e8-9bd0-01e36750a673@group-BC9AD7F74B25-StateMachineUpdater] INFO  ratis.ContainerStateMachine (ContainerStateMachine.java:takeSnapshot(427)) - group-BC9AD7F74B25: Taking a snapshot at:(t:1, i:6) file /home/runner/work/ozone/ozone/hadoop-ozone/integration-test/target/test-dir/MiniOzoneClusterImpl-b7e00dfa-d3b8-45cf-9d3a-2bd5fdfebf54/ozone-meta/datanode-6/ratis/5e6ba405-497c-4a06-b329-bc9ad7f74b25/sm/snapshot.1_6
2025-07-02 18:46:43,818 [4114dace-2331-46e8-9bd0-01e36750a673@group-BC9AD7F74B25-StateMachineUpdater] INFO  ratis.ContainerStateMachine (ContainerStateMachine.java:takeSnapshot(436)) - group-BC9AD7F74B25: Finished taking a snapshot at:(t:1, i:6) file:/home/runner/work/ozone/ozone/hadoop-ozone/integration-test/target/test-dir/MiniOzoneClusterImpl-b7e00dfa-d3b8-45cf-9d3a-2bd5fdfebf54/ozone-meta/datanode-6/ratis/5e6ba405-497c-4a06-b329-bc9ad7f74b25/sm/snapshot.1_6 took: 2 ms
2025-07-02 18:46:43,818 [4114dace-2331-46e8-9bd0-01e36750a673@group-BC9AD7F74B25-StateMachineUpdater] INFO  impl.StateMachineUpdater (StateMachineUpdater.java:takeSnapshot(307)) - 4114dace-2331-46e8-9bd0-01e36750a673@group-BC9AD7F74B25-StateMachineUpdater: Took a snapshot at index 6
2025-07-02 18:46:43,818 [4114dace-2331-46e8-9bd0-01e36750a673@group-BC9AD7F74B25-StateMachineUpdater] INFO  impl.StateMachineUpdater (StateMachineUpdater.java:lambda$new$0(101)) - 4114dace-2331-46e8-9bd0-01e36750a673@group-BC9AD7F74B25-StateMachineUpdater: snapshotIndex: updateIncreasingly 4 -> 6
2025-07-02 18:46:43,819 [95ee4113-9599-4433-8033-e07ec30d3bee-ChunkWriter-1-0] WARN  keyvalue.KeyValueContainer (KeyValueContainer.java:markContainerUnhealthy(397)) - Marked container UNHEALTHY from OPEN: KeyValueContainerData #9 (UNHEALTHY, non-empty, ri=0, origin=[dn_95ee4113-9599-4433-8033-e07ec30d3bee, pipeline_5e6ba405-497c-4a06-b329-bc9ad7f74b25])
2025-07-02 18:46:43,821 [95ee4113-9599-4433-8033-e07ec30d3bee-ChunkWriter-1-0] WARN  keyvalue.KeyValueHandler (KeyValueHandler.java:updateAndGetContainerChecksum(1451)) - Container data checksum updated from 0 to 1bdd5b56
2025-07-02T18:46:43.823753234Z 95ee4113-9599-4433-8033-e07ec30d3bee-ChunkWriter-1-0 ERROR ID=9 | Index=0 | BCSID=2 | State=UNHEALTHY | Volume=/home/runner/work/ozone/ozone/hadoop-ozone/integration-test/target/test-dir/MiniOzoneClusterImpl-b7e00dfa-d3b8-45cf-9d3a-2bd5fdfebf54/ozone-meta/datanode-4/data-0/hdds | DataChecksum=1bdd5b56 | Container has 1 error: WRITE_FAILURE for file /home/runner/work/ozone/ozone/hadoop-ozone/integration-test/target/test-dir/MiniOzoneClusterImpl-b7e00dfa-d3b8-45cf-9d3a-2bd5fdfebf54/ozone-meta/datanode-4/data-0/hdds/b7e00dfa-d3b8-45cf-9d3a-2bd5fdfebf54/current/containerDir0/9 with exception: org.apache.hadoop.hdds.scm.container.common.helpers.StorageContainerException2025-07-02 18:46:43,824 [95ee4113-9599-4433-8033-e07ec30d3bee-ChunkWriter-1-0] INFO  impl.HddsDispatcher (HddsDispatcher.java:dispatchRequest(411)) - Marked Container UNHEALTHY, ContainerID: 9
2025-07-02 18:46:43,824 [c6c1c004-cb80-4a23-8b53-68ef0e0db17b@group-BC9AD7F74B25-StateMachineUpdater] INFO  ratis.ContainerStateMachine (ContainerStateMachine.java:takeSnapshot(427)) - group-BC9AD7F74B25: Taking a snapshot at:(t:1, i:6) file /home/runner/work/ozone/ozone/hadoop-ozone/integration-test/target/test-dir/MiniOzoneClusterImpl-b7e00dfa-d3b8-45cf-9d3a-2bd5fdfebf54/ozone-meta/datanode-5/ratis/5e6ba405-497c-4a06-b329-bc9ad7f74b25/sm/snapshot.1_6
2025-07-02T18:46:43.825837385Z 95ee4113-9599-4433-8033-e07ec30d3bee-ChunkWriter-1-0 ERROR user=null | ip=null | op=WRITE_CHUNK {blockData=conID: 9 locID: 115816896921600009 bcsId: 2 replicaIndex: 0, offset=5, size=10, stage=WRITE_DATA} | ret=FAILURE
java.lang.Exception: Chunks directory /home/runner/work/ozone/ozone/hadoop-ozone/integration-test/target/test-dir/MiniOzoneClusterImpl-b7e00dfa-d3b8-45cf-9d3a-2bd5fdfebf54/ozone-meta/datanode-4/data-0/hdds/b7e00dfa-d3b8-45cf-9d3a-2bd5fdfebf54/current/containerDir0/9/chunks does not exist.
	at org.apache.hadoop.ozone.container.common.impl.HddsDispatcher.dispatchRequest(HddsDispatcher.java:439)
	at org.apache.hadoop.ozone.container.common.impl.HddsDispatcher.lambda$dispatch$1(HddsDispatcher.java:190)
	at org.apache.hadoop.hdds.server.OzoneProtocolMessageDispatcher.processRequest(OzoneProtocolMessageDispatcher.java:87)
	at org.apache.hadoop.ozone.container.common.impl.HddsDispatcher.dispatch(HddsDispatcher.java:189)
	at org.apache.hadoop.ozone.container.common.transport.server.ratis.ContainerStateMachine.dispatchCommand(ContainerStateMachine.java:567)
	at org.apache.hadoop.ozone.container.common.transport.server.ratis.ContainerStateMachine.lambda$writeStateMachineData$2(ContainerStateMachine.java:622)
	at java.base/java.util.concurrent.FutureTask.run(FutureTask.java:317)
	at java.base/java.util.concurrent.ThreadPoolExecutor.runWorker(ThreadPoolExecutor.java:1144)
	at java.base/java.util.concurrent.ThreadPoolExecutor$Worker.run(ThreadPoolExecutor.java:642)
	at java.base/java.lang.Thread.run(Thread.java:1583)
2025-07-02 18:46:43,826 [95ee4113-9599-4433-8033-e07ec30d3bee-ChunkWriter-1-0] ERROR ratis.ContainerStateMachine (ContainerStateMachine.java:handleCommandResult(662)) - group-BC9AD7F74B25: writeChunk writeStateMachineData failed: blockIdcontainerID: 9
localID: 115816896921600009
blockCommitSequenceId: 2
replicaIndex: 0
 logIndex 5 chunkName 115816896921600009_chunk_2 Error message: Chunks directory /home/runner/work/ozone/ozone/hadoop-ozone/integration-test/target/test-dir/MiniOzoneClusterImpl-b7e00dfa-d3b8-45cf-9d3a-2bd5fdfebf54/ozone-meta/datanode-4/data-0/hdds/b7e00dfa-d3b8-45cf-9d3a-2bd5fdfebf54/current/containerDir0/9/chunks does not exist. Container Result: UNABLE_TO_FIND_DATA_DIR
2025-07-02 18:46:43,826 [c6c1c004-cb80-4a23-8b53-68ef0e0db17b@group-BC9AD7F74B25-StateMachineUpdater] INFO  ratis.ContainerStateMachine (ContainerStateMachine.java:takeSnapshot(436)) - group-BC9AD7F74B25: Finished taking a snapshot at:(t:1, i:6) file:/home/runner/work/ozone/ozone/hadoop-ozone/integration-test/target/test-dir/MiniOzoneClusterImpl-b7e00dfa-d3b8-45cf-9d3a-2bd5fdfebf54/ozone-meta/datanode-5/ratis/5e6ba405-497c-4a06-b329-bc9ad7f74b25/sm/snapshot.1_6 took: 2 ms
2025-07-02 18:46:43,826 [c6c1c004-cb80-4a23-8b53-68ef0e0db17b@group-BC9AD7F74B25-StateMachineUpdater] INFO  impl.StateMachineUpdater (StateMachineUpdater.java:takeSnapshot(307)) - c6c1c004-cb80-4a23-8b53-68ef0e0db17b@group-BC9AD7F74B25-StateMachineUpdater: Took a snapshot at index 6
2025-07-02 18:46:43,826 [c6c1c004-cb80-4a23-8b53-68ef0e0db17b@group-BC9AD7F74B25-StateMachineUpdater] INFO  impl.StateMachineUpdater (StateMachineUpdater.java:lambda$new$0(101)) - c6c1c004-cb80-4a23-8b53-68ef0e0db17b@group-BC9AD7F74B25-StateMachineUpdater: snapshotIndex: updateIncreasingly 4 -> 6
2025-07-02 18:46:43,826 [FixedThreadPoolWithAffinityExecutor-0-0] INFO  container.IncrementalContainerReportHandler (AbstractContainerReportHandler.java:updateContainerState(253)) - FINALIZE (i.e. CLOSING) Container #9 (OPEN, sid=0) r0 (UNHEALTHY, bcsid=2, origin=95ee4113-9599-4433-8033-e07ec30d3bee, non-empty) from dn 95ee4113-9599-4433-8033-e07ec30d3bee(localhost/127.0.0.1)
2025-07-02 18:46:43,828 [pool-257-thread-1] WARN  keyvalue.KeyValueHandler (KeyValueHandler.java:updateAndGetContainerChecksum(1451)) - Container data checksum updated from 1bdd5b56 to 0
2025-07-02 18:46:43,828 [pool-257-thread-1] ERROR ozoneimpl.OnDemandContainerDataScanner (ContainerScanHelper.java:handleUnhealthyScanResult(93)) - Corruption detected in container [9]. Marking it UNHEALTHY. Container has 1 error: MISSING_CHUNKS_DIR for file /home/runner/work/ozone/ozone/hadoop-ozone/integration-test/target/test-dir/MiniOzoneClusterImpl-b7e00dfa-d3b8-45cf-9d3a-2bd5fdfebf54/ozone-meta/datanode-4/data-0/hdds/b7e00dfa-d3b8-45cf-9d3a-2bd5fdfebf54/current/containerDir0/9/chunks with exception: java.io.FileNotFoundException: Chunks directory /home/runner/work/ozone/ozone/hadoop-ozone/integration-test/target/test-dir/MiniOzoneClusterImpl-b7e00dfa-d3b8-45cf-9d3a-2bd5fdfebf54/ozone-meta/datanode-4/data-0/hdds/b7e00dfa-d3b8-45cf-9d3a-2bd5fdfebf54/current/containerDir0/9/chunks not found.
2025-07-02 18:46:43,829 [EventQueue-CloseContainerForCloseContainerEventHandler] INFO  container.CloseContainerEventHandler (CloseContainerEventHandler.java:onMessage(88)) - Close container Event triggered for container : #9, current state: OPEN
2025-07-02 18:46:43,829 [95ee4113-9599-4433-8033-e07ec30d3bee@group-BC9AD7F74B25-SegmentedRaftLogWorker] ERROR ratis.ContainerStateMachine (ContainerStateMachine.java:notifyLogFailed(1268)) - group-BC9AD7F74B25: (t:1, i:5) cmdType: WriteChunk traceID: "" containerID: 9 datanodeUuid: "4114dace-2331-46e8-9bd0-01e36750a673" pipelineID: "5e6ba405-497c-4a06-b329-bc9ad7f74b25" writeChunk { blockID { containerID: 9 localID: 115816896921600009 blockCommitSequenceId: 2 replicaIndex: 0 } chunkData { chunkName: "115816896921600009_chunk_2" offset: 5 len: 10 checksumData { type: CRC32 bytesPerChecksum: 16384 checksums: "\317\357R*" } } } version: 3, container path=/home/runner/work/ozone/ozone/hadoop-ozone/integration-test/target/test-dir/MiniOzoneClusterImpl-b7e00dfa-d3b8-45cf-9d3a-2bd5fdfebf54/ozone-meta/datanode-4/data-0/hdds/b7e00dfa-d3b8-45cf-9d3a-2bd5fdfebf54/current/containerDir0/9
org.apache.hadoop.hdds.scm.container.common.helpers.StorageContainerException: Chunks directory /home/runner/work/ozone/ozone/hadoop-ozone/integration-test/target/test-dir/MiniOzoneClusterImpl-b7e00dfa-d3b8-45cf-9d3a-2bd5fdfebf54/ozone-meta/datanode-4/data-0/hdds/b7e00dfa-d3b8-45cf-9d3a-2bd5fdfebf54/current/containerDir0/9/chunks does not exist.
	at org.apache.hadoop.ozone.container.common.transport.server.ratis.ContainerStateMachine.handleCommandResult(ContainerStateMachine.java:661)
	at org.apache.hadoop.ozone.container.common.transport.server.ratis.ContainerStateMachine.lambda$writeStateMachineData$2(ContainerStateMachine.java:623)
	at java.base/java.util.concurrent.FutureTask.run(FutureTask.java:317)
	at java.base/java.util.concurrent.ThreadPoolExecutor.runWorker(ThreadPoolExecutor.java:1144)
	at java.base/java.util.concurrent.ThreadPoolExecutor$Worker.run(ThreadPoolExecutor.java:642)
	at java.base/java.lang.Thread.run(Thread.java:1583)
2025-07-02 18:46:43,830 [95ee4113-9599-4433-8033-e07ec30d3bee@group-BC9AD7F74B25-SegmentedRaftLogWorker] WARN  ratis.XceiverServerRatis (XceiverServerRatis.java:triggerPipelineClose(758)) - pipeline Action CLOSE on pipeline Pipeline-5e6ba405-497c-4a06-b329-bc9ad7f74b25.Reason : Chunks directory /home/runner/work/ozone/ozone/hadoop-ozone/integration-test/target/test-dir/MiniOzoneClusterImpl-b7e00dfa-d3b8-45cf-9d3a-2bd5fdfebf54/ozone-meta/datanode-4/data-0/hdds/b7e00dfa-d3b8-45cf-9d3a-2bd5fdfebf54/current/containerDir0/9/chunks does not exist.
2025-07-02 18:46:43,830 [95ee4113-9599-4433-8033-e07ec30d3bee-server-thread2] WARN  server.GrpcServerProtocolService (LogUtils.java:warn(129)) - 95ee4113-9599-4433-8033-e07ec30d3bee: Failed APPEND_ENTRIES request 4114dace-2331-46e8-9bd0-01e36750a673->95ee4113-9599-4433-8033-e07ec30d3bee#46-t1,previous=(t:1, i:4),leaderCommit=4,initializing? false,entries: size=1, first=(t:1, i:5), STATEMACHINELOGENTRY, WRITE: logData.size=154, stateMachineData.size=10, logEntryProtoSerializedSize=0
java.util.concurrent.CompletionException: org.apache.hadoop.hdds.scm.container.common.helpers.StorageContainerException: Chunks directory /home/runner/work/ozone/ozone/hadoop-ozone/integration-test/target/test-dir/MiniOzoneClusterImpl-b7e00dfa-d3b8-45cf-9d3a-2bd5fdfebf54/ozone-meta/datanode-4/data-0/hdds/b7e00dfa-d3b8-45cf-9d3a-2bd5fdfebf54/current/containerDir0/9/chunks does not exist.
	at java.base/java.util.concurrent.CompletableFuture.encodeThrowable(CompletableFuture.java:332)
	at java.base/java.util.concurrent.CompletableFuture.completeThrowable(CompletableFuture.java:347)
	at java.base/java.util.concurrent.CompletableFuture$BiRelay.tryFire(CompletableFuture.java:1498)
	at java.base/java.util.concurrent.CompletableFuture$CoCompletion.tryFire(CompletableFuture.java:1219)
	at java.base/java.util.concurrent.CompletableFuture.postComplete(CompletableFuture.java:510)
	at java.base/java.util.concurrent.CompletableFuture.completeExceptionally(CompletableFuture.java:2194)
	at org.apache.ratis.server.raftlog.segmented.SegmentedRaftLog$Task.failed(SegmentedRaftLog.java:109)
	at org.apache.ratis.server.raftlog.segmented.SegmentedRaftLogWorker$WriteLog.failed(SegmentedRaftLogWorker.java:530)
	at org.apache.ratis.server.raftlog.segmented.SegmentedRaftLogWorker.run(SegmentedRaftLogWorker.java:326)
	at java.base/java.util.concurrent.Executors$RunnableAdapter.call(Executors.java:572)
	at java.base/java.util.concurrent.FutureTask.run(FutureTask.java:317)
	at java.base/java.util.concurrent.ThreadPoolExecutor.runWorker(ThreadPoolExecutor.java:1144)
	at java.base/java.util.concurrent.ThreadPoolExecutor$Worker.run(ThreadPoolExecutor.java:642)
	at java.base/java.lang.Thread.run(Thread.java:1583)
Caused by: org.apache.hadoop.hdds.scm.container.common.helpers.StorageContainerException: Chunks directory /home/runner/work/ozone/ozone/hadoop-ozone/integration-test/target/test-dir/MiniOzoneClusterImpl-b7e00dfa-d3b8-45cf-9d3a-2bd5fdfebf54/ozone-meta/datanode-4/data-0/hdds/b7e00dfa-d3b8-45cf-9d3a-2bd5fdfebf54/current/containerDir0/9/chunks does not exist.
	at org.apache.hadoop.ozone.container.common.transport.server.ratis.ContainerStateMachine.handleCommandResult(ContainerStateMachine.java:661)
	at org.apache.hadoop.ozone.container.common.transport.server.ratis.ContainerStateMachine.lambda$writeStateMachineData$2(ContainerStateMachine.java:623)
	... 4 more
2025-07-02 18:46:43,832 [95ee4113-9599-4433-8033-e07ec30d3bee-server-thread4] WARN  server.GrpcServerProtocolService (LogUtils.java:warn(129)) - 95ee4113-9599-4433-8033-e07ec30d3bee: Failed APPEND_ENTRIES request 4114dace-2331-46e8-9bd0-01e36750a673->95ee4113-9599-4433-8033-e07ec30d3bee#51-t1,previous=(t:1, i:7),leaderCommit=7,initializing? false,entries: size=1, first=(t:1, i:8), METADATAENTRY(c:7)
java.util.concurrent.CompletionException: org.apache.hadoop.hdds.scm.container.common.helpers.StorageContainerException: Chunks directory /home/runner/work/ozone/ozone/hadoop-ozone/integration-test/target/test-dir/MiniOzoneClusterImpl-b7e00dfa-d3b8-45cf-9d3a-2bd5fdfebf54/ozone-meta/datanode-4/data-0/hdds/b7e00dfa-d3b8-45cf-9d3a-2bd5fdfebf54/current/containerDir0/9/chunks does not exist.
	at java.base/java.util.concurrent.CompletableFuture.encodeThrowable(CompletableFuture.java:332)
	at java.base/java.util.concurrent.CompletableFuture.completeThrowable(CompletableFuture.java:347)
	at java.base/java.util.concurrent.CompletableFuture$BiRelay.tryFire(CompletableFuture.java:1498)
	at java.base/java.util.concurrent.CompletableFuture$CoCompletion.tryFire(CompletableFuture.java:1219)
	at java.base/java.util.concurrent.CompletableFuture.postComplete(CompletableFuture.java:510)
	at java.base/java.util.concurrent.CompletableFuture.completeExceptionally(CompletableFuture.java:2194)
	at org.apache.ratis.server.raftlog.segmented.SegmentedRaftLog$Task.failed(SegmentedRaftLog.java:109)
	at org.apache.ratis.server.raftlog.segmented.SegmentedRaftLogWorker$WriteLog.failed(SegmentedRaftLogWorker.java:530)
	at org.apache.ratis.server.raftlog.segmented.SegmentedRaftLogWorker.run(SegmentedRaftLogWorker.java:326)
	at java.base/java.util.concurrent.Executors$RunnableAdapter.call(Executors.java:572)
	at java.base/java.util.concurrent.FutureTask.run(FutureTask.java:317)
	at java.base/java.util.concurrent.ThreadPoolExecutor.runWorker(ThreadPoolExecutor.java:1144)
	at java.base/java.util.concurrent.ThreadPoolExecutor$Worker.run(ThreadPoolExecutor.java:642)
	at java.base/java.lang.Thread.run(Thread.java:1583)
Caused by: org.apache.hadoop.hdds.scm.container.common.helpers.StorageContainerException: Chunks directory /home/runner/work/ozone/ozone/hadoop-ozone/integration-test/target/test-dir/MiniOzoneClusterImpl-b7e00dfa-d3b8-45cf-9d3a-2bd5fdfebf54/ozone-meta/datanode-4/data-0/hdds/b7e00dfa-d3b8-45cf-9d3a-2bd5fdfebf54/current/containerDir0/9/chunks does not exist.
	at org.apache.hadoop.ozone.container.common.transport.server.ratis.ContainerStateMachine.handleCommandResult(ContainerStateMachine.java:661)
	at org.apache.hadoop.ozone.container.common.transport.server.ratis.ContainerStateMachine.lambda$writeStateMachineData$2(ContainerStateMachine.java:623)
	... 4 more
2025-07-02 18:46:43,831 [95ee4113-9599-4433-8033-e07ec30d3bee-server-thread3] WARN  server.GrpcServerProtocolService (LogUtils.java:warn(129)) - 95ee4113-9599-4433-8033-e07ec30d3bee: Failed APPEND_ENTRIES request 4114dace-2331-46e8-9bd0-01e36750a673->95ee4113-9599-4433-8033-e07ec30d3bee#49-t1,previous=(t:1, i:6),leaderCommit=5,initializing? false,entries: size=1, first=(t:1, i:7), STATEMACHINELOGENTRY, WRITE: logData.size=217, stateMachineData.size=0, logEntryProtoSerializedSize=0
java.util.concurrent.CompletionException: org.apache.hadoop.hdds.scm.container.common.helpers.StorageContainerException: Chunks directory /home/runner/work/ozone/ozone/hadoop-ozone/integration-test/target/test-dir/MiniOzoneClusterImpl-b7e00dfa-d3b8-45cf-9d3a-2bd5fdfebf54/ozone-meta/datanode-4/data-0/hdds/b7e00dfa-d3b8-45cf-9d3a-2bd5fdfebf54/current/containerDir0/9/chunks does not exist.
	at java.base/java.util.concurrent.CompletableFuture.encodeThrowable(CompletableFuture.java:332)
	at java.base/java.util.concurrent.CompletableFuture.completeThrowable(CompletableFuture.java:347)
	at java.base/java.util.concurrent.CompletableFuture$BiRelay.tryFire(CompletableFuture.java:1498)
	at java.base/java.util.concurrent.CompletableFuture$CoCompletion.tryFire(CompletableFuture.java:1219)
	at java.base/java.util.concurrent.CompletableFuture.postComplete(CompletableFuture.java:510)
	at java.base/java.util.concurrent.CompletableFuture.completeExceptionally(CompletableFuture.java:2194)
	at org.apache.ratis.server.raftlog.segmented.SegmentedRaftLog$Task.failed(SegmentedRaftLog.java:109)
	at org.apache.ratis.server.raftlog.segmented.SegmentedRaftLogWorker$WriteLog.failed(SegmentedRaftLogWorker.java:530)
	at org.apache.ratis.server.raftlog.segmented.SegmentedRaftLogWorker.run(SegmentedRaftLogWorker.java:326)
	at java.base/java.util.concurrent.Executors$RunnableAdapter.call(Executors.java:572)
	at java.base/java.util.concurrent.FutureTask.run(FutureTask.java:317)
	at java.base/java.util.concurrent.ThreadPoolExecutor.runWorker(ThreadPoolExecutor.java:1144)
	at java.base/java.util.concurrent.ThreadPoolExecutor$Worker.run(ThreadPoolExecutor.java:642)
	at java.base/java.lang.Thread.run(Thread.java:1583)
Caused by: org.apache.hadoop.hdds.scm.container.common.helpers.StorageContainerException: Chunks directory /home/runner/work/ozone/ozone/hadoop-ozone/integration-test/target/test-dir/MiniOzoneClusterImpl-b7e00dfa-d3b8-45cf-9d3a-2bd5fdfebf54/ozone-meta/datanode-4/data-0/hdds/b7e00dfa-d3b8-45cf-9d3a-2bd5fdfebf54/current/containerDir0/9/chunks does not exist.
	at org.apache.hadoop.ozone.container.common.transport.server.ratis.ContainerStateMachine.handleCommandResult(ContainerStateMachine.java:661)
	at org.apache.hadoop.ozone.container.common.transport.server.ratis.ContainerStateMachine.lambda$writeStateMachineData$2(ContainerStateMachine.java:623)
	... 4 more
2025-07-02 18:46:43,832 [EventQueue-PipelineActionsForPipelineActionHandler] INFO  pipeline.PipelineActionHandler (PipelineActionHandler.java:processPipelineAction(89)) - Received pipeline action CLOSE for Pipeline-5e6ba405-497c-4a06-b329-bc9ad7f74b25 from datanode 95ee4113-9599-4433-8033-e07ec30d3bee(localhost/127.0.0.1). Reason : Chunks directory /home/runner/work/ozone/ozone/hadoop-ozone/integration-test/target/test-dir/MiniOzoneClusterImpl-b7e00dfa-d3b8-45cf-9d3a-2bd5fdfebf54/ozone-meta/datanode-4/data-0/hdds/b7e00dfa-d3b8-45cf-9d3a-2bd5fdfebf54/current/containerDir0/9/chunks does not exist.
2025-07-02 18:46:43,830 [95ee4113-9599-4433-8033-e07ec30d3bee-server-thread1] WARN  server.GrpcServerProtocolService (LogUtils.java:warn(129)) - 95ee4113-9599-4433-8033-e07ec30d3bee: Failed APPEND_ENTRIES request 4114dace-2331-46e8-9bd0-01e36750a673->95ee4113-9599-4433-8033-e07ec30d3bee#48-t1,previous=(t:1, i:5),leaderCommit=5,initializing? false,entries: size=1, first=(t:1, i:6), METADATAENTRY(c:5)
java.util.concurrent.CompletionException: org.apache.hadoop.hdds.scm.container.common.helpers.StorageContainerException: Chunks directory /home/runner/work/ozone/ozone/hadoop-ozone/integration-test/target/test-dir/MiniOzoneClusterImpl-b7e00dfa-d3b8-45cf-9d3a-2bd5fdfebf54/ozone-meta/datanode-4/data-0/hdds/b7e00dfa-d3b8-45cf-9d3a-2bd5fdfebf54/current/containerDir0/9/chunks does not exist.
	at java.base/java.util.concurrent.CompletableFuture.encodeThrowable(CompletableFuture.java:332)
	at java.base/java.util.concurrent.CompletableFuture.completeThrowable(CompletableFuture.java:347)
	at java.base/java.util.concurrent.CompletableFuture$BiRelay.tryFire(CompletableFuture.java:1498)
	at java.base/java.util.concurrent.CompletableFuture$CoCompletion.tryFire(CompletableFuture.java:1219)
	at java.base/java.util.concurrent.CompletableFuture.postComplete(CompletableFuture.java:510)
	at java.base/java.util.concurrent.CompletableFuture.completeExceptionally(CompletableFuture.java:2194)
	at org.apache.ratis.server.raftlog.segmented.SegmentedRaftLog$Task.failed(SegmentedRaftLog.java:109)
	at org.apache.ratis.server.raftlog.segmented.SegmentedRaftLogWorker$WriteLog.failed(SegmentedRaftLogWorker.java:530)
	at org.apache.ratis.server.raftlog.segmented.SegmentedRaftLogWorker.run(SegmentedRaftLogWorker.java:326)
	at java.base/java.util.concurrent.Executors$RunnableAdapter.call(Executors.java:572)
	at java.base/java.util.concurrent.FutureTask.run(FutureTask.java:317)
	at java.base/java.util.concurrent.ThreadPoolExecutor.runWorker(ThreadPoolExecutor.java:1144)
	at java.base/java.util.concurrent.ThreadPoolExecutor$Worker.run(ThreadPoolExecutor.java:642)
	at java.base/java.lang.Thread.run(Thread.java:1583)
Caused by: org.apache.hadoop.hdds.scm.container.common.helpers.StorageContainerException: Chunks directory /home/runner/work/ozone/ozone/hadoop-ozone/integration-test/target/test-dir/MiniOzoneClusterImpl-b7e00dfa-d3b8-45cf-9d3a-2bd5fdfebf54/ozone-meta/datanode-4/data-0/hdds/b7e00dfa-d3b8-45cf-9d3a-2bd5fdfebf54/current/containerDir0/9/chunks does not exist.
	at org.apache.hadoop.ozone.container.common.transport.server.ratis.ContainerStateMachine.handleCommandResult(ContainerStateMachine.java:661)
	at org.apache.hadoop.ozone.container.common.transport.server.ratis.ContainerStateMachine.lambda$writeStateMachineData$2(ContainerStateMachine.java:623)
	... 4 more
2025-07-02 18:46:43,834 [grpc-default-executor-6] WARN  server.GrpcLogAppender (LogUtils.java:warn(129)) - 4114dace-2331-46e8-9bd0-01e36750a673@group-BC9AD7F74B25->95ee4113-9599-4433-8033-e07ec30d3bee-AppendLogResponseHandler: Failed appendEntries
org.apache.hadoop.hdds.scm.container.common.helpers.StorageContainerException: Chunks directory /home/runner/work/ozone/ozone/hadoop-ozone/integration-test/target/test-dir/MiniOzoneClusterImpl-b7e00dfa-d3b8-45cf-9d3a-2bd5fdfebf54/ozone-meta/datanode-4/data-0/hdds/b7e00dfa-d3b8-45cf-9d3a-2bd5fdfebf54/current/containerDir0/9/chunks does not exist.
	at org.apache.hadoop.ozone.container.common.transport.server.ratis.ContainerStateMachine.handleCommandResult(ContainerStateMachine.java:661)
	at org.apache.hadoop.ozone.container.common.transport.server.ratis.ContainerStateMachine.lambda$writeStateMachineData$2(ContainerStateMachine.java:623)
	at java.base/java.util.concurrent.FutureTask.run(FutureTask.java:317)
	at java.base/java.util.concurrent.ThreadPoolExecutor.runWorker(ThreadPoolExecutor.java:1144)
	at java.base/java.util.concurrent.ThreadPoolExecutor$Worker.run(ThreadPoolExecutor.java:642)
	at java.base/java.lang.Thread.run(Thread.java:1583)
2025-07-02 18:46:43,834 [EventQueue-PipelineActionsForPipelineActionHandler] INFO  pipeline.PipelineManagerImpl (PipelineManagerImpl.java:closePipeline(511)) - Pipeline Pipeline-5e6ba405-497c-4a06-b329-bc9ad7f74b25 moved to CLOSED state
2025-07-02 18:46:43,834 [grpc-default-executor-6] INFO  leader.LogAppender (LogAppenderBase.java:lambda$getNextIndexForError$0(215)) - Decrease nextIndex to 5
2025-07-02 18:46:43,835 [grpc-default-executor-6] INFO  leader.LogAppender (LogAppenderBase.java:lambda$getNextIndexForError$0(215)) - Decrease nextIndex to 5
2025-07-02 18:46:43,835 [grpc-default-executor-6] INFO  leader.FollowerInfo (FollowerInfoImpl.java:info(70)) - 4114dace-2331-46e8-9bd0-01e36750a673@group-BC9AD7F74B25->95ee4113-9599-4433-8033-e07ec30d3bee: computeNextIndex nextIndex: updateUnconditionally 9 -> 5
2025-07-02 18:46:44,030 [EventQueue-PipelineActionsForPipelineActionHandler] INFO  pipeline.PipelineActionHandler (PipelineActionHandler.java:processPipelineAction(89)) - Received pipeline action CLOSE for Pipeline-5e6ba405-497c-4a06-b329-bc9ad7f74b25 from datanode 95ee4113-9599-4433-8033-e07ec30d3bee(localhost/127.0.0.1). Reason : Chunks directory /home/runner/work/ozone/ozone/hadoop-ozone/integration-test/target/test-dir/MiniOzoneClusterImpl-b7e00dfa-d3b8-45cf-9d3a-2bd5fdfebf54/ozone-meta/datanode-4/data-0/hdds/b7e00dfa-d3b8-45cf-9d3a-2bd5fdfebf54/current/containerDir0/9/chunks does not exist.
2025-07-02 18:46:44,078 [timer4] WARN  server.GrpcLogAppender (GrpcLogAppender.java:timeoutAppendRequest(448)) - f1637480-4571-474d-8c0e-49126192dfac@group-84D2FC177FB5->75758caf-2019-48e0-9285-4ac26ec01eda-GrpcLogAppender: Timed out HEARTBEAT appendEntries, errorCount=29, request=AppendEntriesRequest:cid=4647,entriesCount=0
2025-07-02 18:46:44,230 [EventQueue-PipelineActionsForPipelineActionHandler] INFO  pipeline.PipelineActionHandler (PipelineActionHandler.java:processPipelineAction(89)) - Received pipeline action CLOSE for Pipeline-5e6ba405-497c-4a06-b329-bc9ad7f74b25 from datanode 95ee4113-9599-4433-8033-e07ec30d3bee(localhost/127.0.0.1). Reason : Chunks directory /home/runner/work/ozone/ozone/hadoop-ozone/integration-test/target/test-dir/MiniOzoneClusterImpl-b7e00dfa-d3b8-45cf-9d3a-2bd5fdfebf54/ozone-meta/datanode-4/data-0/hdds/b7e00dfa-d3b8-45cf-9d3a-2bd5fdfebf54/current/containerDir0/9/chunks does not exist.
2025-07-02 18:46:44,403 [71a26ef2-e834-411c-97c5-a30c78105e8f-PipelineCommandHandlerThread-0] INFO  server.RaftServer (RaftServerProxy.java:addNew(105)) - 71a26ef2-e834-411c-97c5-a30c78105e8f: addNew group-3ADEDA89C0EA:[71a26ef2-e834-411c-97c5-a30c78105e8f|127.0.0.1:15071] returns group-3ADEDA89C0EA:java.util.concurrent.CompletableFuture@3fde87e[Not completed]
2025-07-02 18:46:44,404 [71a26ef2-e834-411c-97c5-a30c78105e8f-groupManagement] WARN  statemachine.DatanodeConfiguration (DatanodeConfiguration.java:validateMinFreeSpace(751)) - hdds.datanode.volume.min.free.space.percent = -1.0 is invalid, should be between 0 and 1
2025-07-02 18:46:44,404 [71a26ef2-e834-411c-97c5-a30c78105e8f-groupManagement] INFO  server.RaftServer$Division (RaftServerImpl.java:<init>(268)) - 71a26ef2-e834-411c-97c5-a30c78105e8f: new RaftServerImpl for group-3ADEDA89C0EA:[71a26ef2-e834-411c-97c5-a30c78105e8f|127.0.0.1:15071] with ContainerStateMachine:uninitialized
2025-07-02 18:46:44,404 [71a26ef2-e834-411c-97c5-a30c78105e8f-groupManagement] INFO  server.RaftServer$Division (ServerState.java:<init>(114)) - 71a26ef2-e834-411c-97c5-a30c78105e8f@group-3ADEDA89C0EA: ConfigurationManager, init=conf: {index: -1, cur=peers:[71a26ef2-e834-411c-97c5-a30c78105e8f|127.0.0.1:15071]|listeners:[], old=null}, confs=<EMPTY_MAP>
2025-07-02 18:46:44,409 [71a26ef2-e834-411c-97c5-a30c78105e8f-groupManagement] INFO  storage.RaftStorageDirectory (RaftStorageDirectoryImpl.java:analyzeStorage(138)) - The storage directory /home/runner/work/ozone/ozone/hadoop-ozone/integration-test/target/test-dir/MiniOzoneClusterImpl-b7e00dfa-d3b8-45cf-9d3a-2bd5fdfebf54/ozone-meta/datanode-8/ratis621ab3af-a1c7-4ad2-ba79-87f35c273b6e/3570c0fc-1441-4176-8298-3adeda89c0ea does not exist. Creating ...
2025-07-02 18:46:44,411 [71a26ef2-e834-411c-97c5-a30c78105e8f-groupManagement] INFO  storage.RaftStorageDirectory (RaftStorageDirectoryImpl.java:tryLock(229)) - Lock on /home/runner/work/ozone/ozone/hadoop-ozone/integration-test/target/test-dir/MiniOzoneClusterImpl-b7e00dfa-d3b8-45cf-9d3a-2bd5fdfebf54/ozone-meta/datanode-8/ratis621ab3af-a1c7-4ad2-ba79-87f35c273b6e/3570c0fc-1441-4176-8298-3adeda89c0ea/in_use.lock acquired by nodename 44808@localhost
2025-07-02 18:46:44,412 [71a26ef2-e834-411c-97c5-a30c78105e8f-groupManagement] INFO  storage.RaftStorage (RaftStorageImpl.java:format(98)) - Storage directory /home/runner/work/ozone/ozone/hadoop-ozone/integration-test/target/test-dir/MiniOzoneClusterImpl-b7e00dfa-d3b8-45cf-9d3a-2bd5fdfebf54/ozone-meta/datanode-8/ratis621ab3af-a1c7-4ad2-ba79-87f35c273b6e/3570c0fc-1441-4176-8298-3adeda89c0ea has been successfully formatted.
2025-07-02 18:46:44,412 [71a26ef2-e834-411c-97c5-a30c78105e8f-groupManagement] INFO  ratis.ContainerStateMachine (ContainerStateMachine.java:initialize(339)) - 71a26ef2-e834-411c-97c5-a30c78105e8f: initialize group-3ADEDA89C0EA
2025-07-02 18:46:44,412 [71a26ef2-e834-411c-97c5-a30c78105e8f-groupManagement] INFO  ratis.ContainerStateMachine (ContainerStateMachine.java:loadSnapshot(347)) - group-3ADEDA89C0EA: The snapshot info is null. Setting the last applied index to:<INITIAL_VALUE>
2025-07-02 18:46:44,412 [71a26ef2-e834-411c-97c5-a30c78105e8f-groupManagement] INFO  server.RaftServerConfigKeys (ConfUtils.java:logGet(62)) - raft.server.log.appender.buffer.byte-limit = 33554432 (custom)
2025-07-02 18:46:44,414 [71a26ef2-e834-411c-97c5-a30c78105e8f-groupManagement] INFO  server.RaftServerConfigKeys (ConfUtils.java:logGet(62)) - raft.server.log.segment.size.max = 67108864 (custom)
2025-07-02 18:46:44,414 [71a26ef2-e834-411c-97c5-a30c78105e8f-groupManagement] INFO  server.RaftServerConfigKeys (ConfUtils.java:logGet(62)) - raft.server.log.appender.buffer.byte-limit = 33554432 (custom)
2025-07-02 18:46:44,414 [71a26ef2-e834-411c-97c5-a30c78105e8f-groupManagement] INFO  util.AwaitToRun (AwaitToRun.java:start(81)) - Thread[#2044,71a26ef2-e834-411c-97c5-a30c78105e8f@group-3ADEDA89C0EA-cacheEviction-AwaitToRun,5,main] started
2025-07-02 18:46:44,414 [71a26ef2-e834-411c-97c5-a30c78105e8f-groupManagement] INFO  segmented.SegmentedRaftLogWorker (SegmentedRaftLogWorker.java:<init>(190)) - new 71a26ef2-e834-411c-97c5-a30c78105e8f@group-3ADEDA89C0EA-SegmentedRaftLogWorker for RaftStorageImpl:Storage Directory /home/runner/work/ozone/ozone/hadoop-ozone/integration-test/target/test-dir/MiniOzoneClusterImpl-b7e00dfa-d3b8-45cf-9d3a-2bd5fdfebf54/ozone-meta/datanode-8/ratis621ab3af-a1c7-4ad2-ba79-87f35c273b6e/3570c0fc-1441-4176-8298-3adeda89c0ea
2025-07-02 18:46:44,415 [71a26ef2-e834-411c-97c5-a30c78105e8f-groupManagement] INFO  server.RaftServerConfigKeys (ConfUtils.java:logGet(62)) - raft.server.log.queue.byte-limit = 4294967296 (custom)
2025-07-02 18:46:44,415 [71a26ef2-e834-411c-97c5-a30c78105e8f-groupManagement] INFO  server.RaftServerConfigKeys (ConfUtils.java:logGet(62)) - raft.server.log.segment.size.max = 67108864 (custom)
2025-07-02 18:46:44,415 [71a26ef2-e834-411c-97c5-a30c78105e8f-groupManagement] INFO  server.RaftServerConfigKeys (ConfUtils.java:logGet(62)) - raft.server.log.preallocated.size = 4194304 (custom)
2025-07-02 18:46:44,415 [EventQueue-PipelineReportForPipelineReportHandler] INFO  pipeline.PipelineReportHandler (PipelineReportHandler.java:processPipelineReport(134)) - Opened pipeline Pipeline-3570c0fc-1441-4176-8298-3adeda89c0ea
2025-07-02 18:46:44,415 [71a26ef2-e834-411c-97c5-a30c78105e8f-groupManagement] INFO  server.RaftServerConfigKeys (ConfUtils.java:logGet(62)) - raft.server.log.write.buffer.size = 33554440 (custom)
2025-07-02 18:46:44,420 [71a26ef2-e834-411c-97c5-a30c78105e8f-groupManagement] INFO  server.RaftServerConfigKeys (ConfUtils.java:logGet(62)) - raft.server.log.appender.buffer.byte-limit = 33554432 (custom)
2025-07-02 18:46:44,420 [71a26ef2-e834-411c-97c5-a30c78105e8f-groupManagement] INFO  segmented.SegmentedRaftLogWorker (SegmentedRaftLogWorker.java:lambda$new$0(141)) - 71a26ef2-e834-411c-97c5-a30c78105e8f@group-3ADEDA89C0EA-SegmentedRaftLogWorker: flushIndex: setUnconditionally 0 -> -1
2025-07-02 18:46:44,420 [71a26ef2-e834-411c-97c5-a30c78105e8f-groupManagement] INFO  segmented.SegmentedRaftLogWorker (SegmentedRaftLogWorker.java:lambda$new$0(141)) - 71a26ef2-e834-411c-97c5-a30c78105e8f@group-3ADEDA89C0EA-SegmentedRaftLogWorker: safeCacheEvictIndex: setUnconditionally 0 -> -1
2025-07-02 18:46:44,420 [71a26ef2-e834-411c-97c5-a30c78105e8f-groupManagement] INFO  server.RaftServer$Division (RaftServerImpl.java:start(405)) - 71a26ef2-e834-411c-97c5-a30c78105e8f@group-3ADEDA89C0EA: start as a follower, conf=conf: {index: -1, cur=peers:[71a26ef2-e834-411c-97c5-a30c78105e8f|127.0.0.1:15071]|listeners:[], old=null}
2025-07-02 18:46:44,420 [71a26ef2-e834-411c-97c5-a30c78105e8f-groupManagement] INFO  server.RaftServer$Division (RaftServerImpl.java:setRole(392)) - 71a26ef2-e834-411c-97c5-a30c78105e8f@group-3ADEDA89C0EA: changes role from      null to FOLLOWER at term 0 for startAsFollower
2025-07-02 18:46:44,420 [71a26ef2-e834-411c-97c5-a30c78105e8f-groupManagement] INFO  impl.RoleInfo (RoleInfo.java:updateAndGet(148)) - 71a26ef2-e834-411c-97c5-a30c78105e8f: start 71a26ef2-e834-411c-97c5-a30c78105e8f@group-3ADEDA89C0EA-FollowerState
2025-07-02 18:46:44,421 [71a26ef2-e834-411c-97c5-a30c78105e8f-groupManagement] INFO  util.JmxRegister (JmxRegister.java:tryRegister(44)) - Successfully registered JMX Bean with object name Ratis:service=RaftServer,group=group-3ADEDA89C0EA,id=71a26ef2-e834-411c-97c5-a30c78105e8f
2025-07-02 18:46:44,421 [71a26ef2-e834-411c-97c5-a30c78105e8f-groupManagement] INFO  util.JmxRegister (JmxRegister.java:register(58)) - register mxBean class org.apache.ratis.server.impl.RaftServerJmxAdapter as Ratis:service=RaftServer,group=group-3ADEDA89C0EA,id=71a26ef2-e834-411c-97c5-a30c78105e8f
2025-07-02 18:46:44,421 [71a26ef2-e834-411c-97c5-a30c78105e8f-groupManagement] INFO  server.RaftServer$Division (RaftServerImpl.java:start(419)) - 71a26ef2-e834-411c-97c5-a30c78105e8f@group-3ADEDA89C0EA: Successfully started.
2025-07-02 18:46:44,422 [71a26ef2-e834-411c-97c5-a30c78105e8f-PipelineCommandHandlerThread-0] INFO  ratis.XceiverServerRatis (XceiverServerRatis.java:addGroup(843)) - Created group Pipeline-3570c0fc-1441-4176-8298-3adeda89c0ea
2025-07-02 18:46:44,422 [71a26ef2-e834-411c-97c5-a30c78105e8f-PipelineCommandHandlerThread-0] INFO  commandhandler.CreatePipelineCommandHandler (CreatePipelineCommandHandler.java:lambda$handle$2(127)) - Created Pipeline RATIS ONE Pipeline-3570c0fc-1441-4176-8298-3adeda89c0ea.
2025-07-02 18:46:44,431 [EventQueue-PipelineActionsForPipelineActionHandler] INFO  pipeline.PipelineActionHandler (PipelineActionHandler.java:processPipelineAction(89)) - Received pipeline action CLOSE for Pipeline-5e6ba405-497c-4a06-b329-bc9ad7f74b25 from datanode 95ee4113-9599-4433-8033-e07ec30d3bee(localhost/127.0.0.1). Reason : Chunks directory /home/runner/work/ozone/ozone/hadoop-ozone/integration-test/target/test-dir/MiniOzoneClusterImpl-b7e00dfa-d3b8-45cf-9d3a-2bd5fdfebf54/ozone-meta/datanode-4/data-0/hdds/b7e00dfa-d3b8-45cf-9d3a-2bd5fdfebf54/current/containerDir0/9/chunks does not exist.
2025-07-02 18:46:44,631 [EventQueue-PipelineActionsForPipelineActionHandler] INFO  pipeline.PipelineActionHandler (PipelineActionHandler.java:processPipelineAction(89)) - Received pipeline action CLOSE for Pipeline-5e6ba405-497c-4a06-b329-bc9ad7f74b25 from datanode 95ee4113-9599-4433-8033-e07ec30d3bee(localhost/127.0.0.1). Reason : Chunks directory /home/runner/work/ozone/ozone/hadoop-ozone/integration-test/target/test-dir/MiniOzoneClusterImpl-b7e00dfa-d3b8-45cf-9d3a-2bd5fdfebf54/ozone-meta/datanode-4/data-0/hdds/b7e00dfa-d3b8-45cf-9d3a-2bd5fdfebf54/current/containerDir0/9/chunks does not exist.
2025-07-02 18:46:44,636 [75758caf-2019-48e0-9285-4ac26ec01eda@group-A0B75BC0D408-FollowerState] INFO  impl.FollowerState (FollowerState.java:runImpl(161)) - 75758caf-2019-48e0-9285-4ac26ec01eda@group-A0B75BC0D408-FollowerState: change to CANDIDATE, lastRpcElapsedTime:1065126470ns, electionTimeout:1063ms
2025-07-02 18:46:44,636 [75758caf-2019-48e0-9285-4ac26ec01eda@group-A0B75BC0D408-FollowerState] INFO  impl.RoleInfo (RoleInfo.java:shutdownFollowerState(121)) - 75758caf-2019-48e0-9285-4ac26ec01eda: shutdown 75758caf-2019-48e0-9285-4ac26ec01eda@group-A0B75BC0D408-FollowerState
2025-07-02 18:46:44,636 [75758caf-2019-48e0-9285-4ac26ec01eda@group-A0B75BC0D408-FollowerState] INFO  server.RaftServer$Division (RaftServerImpl.java:setRole(392)) - 75758caf-2019-48e0-9285-4ac26ec01eda@group-A0B75BC0D408: changes role from  FOLLOWER to CANDIDATE at term 0 for changeToCandidate
2025-07-02 18:46:44,636 [75758caf-2019-48e0-9285-4ac26ec01eda@group-A0B75BC0D408-FollowerState] INFO  impl.RoleInfo (RoleInfo.java:updateAndGet(148)) - 75758caf-2019-48e0-9285-4ac26ec01eda: start 75758caf-2019-48e0-9285-4ac26ec01eda@group-A0B75BC0D408-LeaderElection24
2025-07-02 18:46:44,636 [75758caf-2019-48e0-9285-4ac26ec01eda@group-A0B75BC0D408-LeaderElection24] INFO  impl.LeaderElection (LeaderElection.java:askForVotes(448)) - 75758caf-2019-48e0-9285-4ac26ec01eda@group-A0B75BC0D408-LeaderElection24 PRE_VOTE round 0: submit vote requests at term 0 for conf: {index: -1, cur=peers:[75758caf-2019-48e0-9285-4ac26ec01eda|127.0.0.1:15015]|listeners:[], old=null}
2025-07-02 18:46:44,636 [75758caf-2019-48e0-9285-4ac26ec01eda@group-A0B75BC0D408-LeaderElection24] INFO  impl.LeaderElection (LeaderElection.java:askForVotes(450)) - 75758caf-2019-48e0-9285-4ac26ec01eda@group-A0B75BC0D408-LeaderElection24 PRE_VOTE round 0: result PASSED (term=0)
2025-07-02 18:46:44,638 [75758caf-2019-48e0-9285-4ac26ec01eda@group-A0B75BC0D408-LeaderElection24] INFO  impl.LeaderElection (LeaderElection.java:askForVotes(448)) - 75758caf-2019-48e0-9285-4ac26ec01eda@group-A0B75BC0D408-LeaderElection24 ELECTION round 0: submit vote requests at term 1 for conf: {index: -1, cur=peers:[75758caf-2019-48e0-9285-4ac26ec01eda|127.0.0.1:15015]|listeners:[], old=null}
2025-07-02 18:46:44,638 [75758caf-2019-48e0-9285-4ac26ec01eda@group-A0B75BC0D408-LeaderElection24] INFO  impl.LeaderElection (LeaderElection.java:askForVotes(450)) - 75758caf-2019-48e0-9285-4ac26ec01eda@group-A0B75BC0D408-LeaderElection24 ELECTION round 0: result PASSED (term=1)
2025-07-02 18:46:44,638 [75758caf-2019-48e0-9285-4ac26ec01eda@group-A0B75BC0D408-LeaderElection24] INFO  impl.RoleInfo (RoleInfo.java:shutdownLeaderElection(141)) - 75758caf-2019-48e0-9285-4ac26ec01eda: shutdown 75758caf-2019-48e0-9285-4ac26ec01eda@group-A0B75BC0D408-LeaderElection24
2025-07-02 18:46:44,638 [75758caf-2019-48e0-9285-4ac26ec01eda@group-A0B75BC0D408-LeaderElection24] INFO  server.RaftServer$Division (RaftServerImpl.java:setRole(392)) - 75758caf-2019-48e0-9285-4ac26ec01eda@group-A0B75BC0D408: changes role from CANDIDATE to LEADER at term 1 for changeToLeader
2025-07-02 18:46:44,638 [75758caf-2019-48e0-9285-4ac26ec01eda@group-A0B75BC0D408-LeaderElection24] INFO  server.RaftServerConfigKeys (ConfUtils.java:logFallback(69)) - raft.server.staging.timeout = 15600ms (fallback to raft.server.rpc.timeout.max)
2025-07-02 18:46:44,638 [75758caf-2019-48e0-9285-4ac26ec01eda@group-A0B75BC0D408-LeaderElection24] INFO  server.RaftServerConfigKeys (ConfUtils.java:logGet(62)) - raft.server.write.byte-limit = 1024 M (=1073741824) (custom)
2025-07-02 18:46:44,639 [75758caf-2019-48e0-9285-4ac26ec01eda@group-A0B75BC0D408-LeaderElection24] INFO  impl.RoleInfo (RoleInfo.java:updateAndGet(148)) - 75758caf-2019-48e0-9285-4ac26ec01eda: start 75758caf-2019-48e0-9285-4ac26ec01eda@group-A0B75BC0D408-LeaderStateImpl
2025-07-02 18:46:44,639 [75758caf-2019-48e0-9285-4ac26ec01eda@group-A0B75BC0D408-LeaderElection24] INFO  server.RaftServer$Division (RaftServerImpl.java:setFirstElection(576)) - 75758caf-2019-48e0-9285-4ac26ec01eda@group-A0B75BC0D408: set firstElectionSinceStartup to false for becomeLeader
2025-07-02 18:46:44,639 [75758caf-2019-48e0-9285-4ac26ec01eda@group-A0B75BC0D408-LeaderElection24] INFO  ratis.XceiverServerRatis (XceiverServerRatis.java:handleLeaderChangedNotification(944)) - Leader change notification received for group: group-A0B75BC0D408 with new leaderId: 75758caf-2019-48e0-9285-4ac26ec01eda
2025-07-02 18:46:44,639 [75758caf-2019-48e0-9285-4ac26ec01eda@group-A0B75BC0D408-LeaderElection24] INFO  server.RaftServer$Division (ServerState.java:setLeader(272)) - 75758caf-2019-48e0-9285-4ac26ec01eda@group-A0B75BC0D408: change Leader from null to 75758caf-2019-48e0-9285-4ac26ec01eda at term 1 for becomeLeader, leader elected after 1099ms
2025-07-02 18:46:44,639 [75758caf-2019-48e0-9285-4ac26ec01eda@group-A0B75BC0D408-LeaderElection24] INFO  segmented.SegmentedRaftLogWorker (SegmentedRaftLogWorker.java:startLogSegment(440)) - 75758caf-2019-48e0-9285-4ac26ec01eda@group-A0B75BC0D408-SegmentedRaftLogWorker: Starting segment from index:0
2025-07-02 18:46:44,640 [75758caf-2019-48e0-9285-4ac26ec01eda@group-A0B75BC0D408-LeaderElection24] INFO  server.RaftServer$Division (ServerState.java:setRaftConf(386)) - 75758caf-2019-48e0-9285-4ac26ec01eda@group-A0B75BC0D408: set configuration conf: {index: 0, cur=peers:[75758caf-2019-48e0-9285-4ac26ec01eda|127.0.0.1:15015]|listeners:[], old=null}
2025-07-02 18:46:44,640 [75758caf-2019-48e0-9285-4ac26ec01eda@group-A0B75BC0D408-SegmentedRaftLogWorker] INFO  segmented.BufferedWriteChannel (BufferedWriteChannel.java:open(61)) - open log_inprogress_0 at position 0
2025-07-02 18:46:44,649 [75758caf-2019-48e0-9285-4ac26ec01eda@group-A0B75BC0D408-SegmentedRaftLogWorker] INFO  segmented.SegmentedRaftLogWorker (SegmentedRaftLogWorker.java:execute(647)) - 75758caf-2019-48e0-9285-4ac26ec01eda@group-A0B75BC0D408-SegmentedRaftLogWorker: created new log segment /home/runner/work/ozone/ozone/hadoop-ozone/integration-test/target/test-dir/MiniOzoneClusterImpl-b7e00dfa-d3b8-45cf-9d3a-2bd5fdfebf54/ozone-meta/datanode-1/ratise27c5049-6de8-4653-87a7-5e58b36f95b4/2d20ddb5-4660-4f01-82d7-a0b75bc0d408/current/log_inprogress_0
2025-07-02 18:46:44,651 [75758caf-2019-48e0-9285-4ac26ec01eda@group-A0B75BC0D408-StateMachineUpdater] INFO  server.RaftServer$Division (LeaderStateImpl.java:checkStartIndex(309)) - Leader 75758caf-2019-48e0-9285-4ac26ec01eda@group-A0B75BC0D408-LeaderStateImpl is ready since appliedIndex == startIndex == 0
2025-07-02 18:46:44,651 [75758caf-2019-48e0-9285-4ac26ec01eda@group-A0B75BC0D408-StateMachineUpdater] INFO  ratis.ContainerStateMachine (ContainerStateMachine.java:takeSnapshot(427)) - group-A0B75BC0D408: Taking a snapshot at:(t:1, i:0) file /home/runner/work/ozone/ozone/hadoop-ozone/integration-test/target/test-dir/MiniOzoneClusterImpl-b7e00dfa-d3b8-45cf-9d3a-2bd5fdfebf54/ozone-meta/datanode-1/ratise27c5049-6de8-4653-87a7-5e58b36f95b4/2d20ddb5-4660-4f01-82d7-a0b75bc0d408/sm/snapshot.1_0
2025-07-02 18:46:44,652 [75758caf-2019-48e0-9285-4ac26ec01eda@group-A0B75BC0D408-StateMachineUpdater] INFO  ratis.ContainerStateMachine (ContainerStateMachine.java:takeSnapshot(436)) - group-A0B75BC0D408: Finished taking a snapshot at:(t:1, i:0) file:/home/runner/work/ozone/ozone/hadoop-ozone/integration-test/target/test-dir/MiniOzoneClusterImpl-b7e00dfa-d3b8-45cf-9d3a-2bd5fdfebf54/ozone-meta/datanode-1/ratise27c5049-6de8-4653-87a7-5e58b36f95b4/2d20ddb5-4660-4f01-82d7-a0b75bc0d408/sm/snapshot.1_0 took: 1 ms
2025-07-02 18:46:44,652 [75758caf-2019-48e0-9285-4ac26ec01eda@group-A0B75BC0D408-StateMachineUpdater] INFO  impl.StateMachineUpdater (StateMachineUpdater.java:takeSnapshot(307)) - 75758caf-2019-48e0-9285-4ac26ec01eda@group-A0B75BC0D408-StateMachineUpdater: Took a snapshot at index 0
2025-07-02 18:46:44,652 [75758caf-2019-48e0-9285-4ac26ec01eda@group-A0B75BC0D408-StateMachineUpdater] INFO  impl.StateMachineUpdater (StateMachineUpdater.java:lambda$new$0(101)) - 75758caf-2019-48e0-9285-4ac26ec01eda@group-A0B75BC0D408-StateMachineUpdater: snapshotIndex: updateIncreasingly -1 -> 0
2025-07-02 18:46:44,686 [9eb5a351-9325-4150-9d0a-de2b7d27d48d@group-BFB6AC865810-FollowerState] INFO  impl.FollowerState (FollowerState.java:runImpl(161)) - 9eb5a351-9325-4150-9d0a-de2b7d27d48d@group-BFB6AC865810-FollowerState: change to CANDIDATE, lastRpcElapsedTime:1126890327ns, electionTimeout:1123ms
2025-07-02 18:46:44,686 [9eb5a351-9325-4150-9d0a-de2b7d27d48d@group-BFB6AC865810-FollowerState] INFO  impl.RoleInfo (RoleInfo.java:shutdownFollowerState(121)) - 9eb5a351-9325-4150-9d0a-de2b7d27d48d: shutdown 9eb5a351-9325-4150-9d0a-de2b7d27d48d@group-BFB6AC865810-FollowerState
2025-07-02 18:46:44,686 [9eb5a351-9325-4150-9d0a-de2b7d27d48d@group-BFB6AC865810-FollowerState] INFO  server.RaftServer$Division (RaftServerImpl.java:setRole(392)) - 9eb5a351-9325-4150-9d0a-de2b7d27d48d@group-BFB6AC865810: changes role from  FOLLOWER to CANDIDATE at term 0 for changeToCandidate
2025-07-02 18:46:44,686 [9eb5a351-9325-4150-9d0a-de2b7d27d48d@group-BFB6AC865810-FollowerState] INFO  impl.RoleInfo (RoleInfo.java:updateAndGet(148)) - 9eb5a351-9325-4150-9d0a-de2b7d27d48d: start 9eb5a351-9325-4150-9d0a-de2b7d27d48d@group-BFB6AC865810-LeaderElection25
2025-07-02 18:46:44,687 [9eb5a351-9325-4150-9d0a-de2b7d27d48d@group-BFB6AC865810-LeaderElection25] INFO  impl.LeaderElection (LeaderElection.java:askForVotes(448)) - 9eb5a351-9325-4150-9d0a-de2b7d27d48d@group-BFB6AC865810-LeaderElection25 PRE_VOTE round 0: submit vote requests at term 0 for conf: {index: -1, cur=peers:[f1637480-4571-474d-8c0e-49126192dfac|127.0.0.1:15023, f74b8a39-8cc1-4de2-93c6-02015e72cd55|127.0.0.1:15087, 9eb5a351-9325-4150-9d0a-de2b7d27d48d|127.0.0.1:15079]|listeners:[], old=null}
2025-07-02 18:46:44,687 [9eb5a351-9325-4150-9d0a-de2b7d27d48d@group-BFB6AC865810-LeaderElection25-1] INFO  server.GrpcServerProtocolClient (GrpcServerProtocolClient.java:<init>(65)) - Build channel for f1637480-4571-474d-8c0e-49126192dfac|127.0.0.1:15023
2025-07-02 18:46:44,687 [9eb5a351-9325-4150-9d0a-de2b7d27d48d@group-BFB6AC865810-LeaderElection25-2] INFO  server.GrpcServerProtocolClient (GrpcServerProtocolClient.java:<init>(65)) - Build channel for f74b8a39-8cc1-4de2-93c6-02015e72cd55|127.0.0.1:15087
2025-07-02 18:46:44,691 [grpc-default-executor-2] INFO  server.RaftServer$Division (RaftServerImpl.java:requestVote(1421)) - f1637480-4571-474d-8c0e-49126192dfac@group-BFB6AC865810: receive requestVote(PRE_VOTE, 9eb5a351-9325-4150-9d0a-de2b7d27d48d, group-BFB6AC865810, 0, <PROTO_DEFAULT>)
2025-07-02 18:46:44,691 [grpc-default-executor-6] INFO  server.RaftServer$Division (RaftServerImpl.java:requestVote(1421)) - f74b8a39-8cc1-4de2-93c6-02015e72cd55@group-BFB6AC865810: receive requestVote(PRE_VOTE, 9eb5a351-9325-4150-9d0a-de2b7d27d48d, group-BFB6AC865810, 0, <PROTO_DEFAULT>)
2025-07-02 18:46:44,692 [grpc-default-executor-6] INFO  impl.VoteContext (VoteContext.java:log(49)) - f74b8a39-8cc1-4de2-93c6-02015e72cd55@group-BFB6AC865810-FOLLOWER: accept PRE_VOTE from 9eb5a351-9325-4150-9d0a-de2b7d27d48d: our priority 0 <= candidate's priority 1
2025-07-02 18:46:44,692 [grpc-default-executor-6] INFO  server.RaftServer$Division (RaftServerImpl.java:requestVote(1455)) - f74b8a39-8cc1-4de2-93c6-02015e72cd55@group-BFB6AC865810 replies to PRE_VOTE vote request: 9eb5a351-9325-4150-9d0a-de2b7d27d48d<-f74b8a39-8cc1-4de2-93c6-02015e72cd55#0:OK-t0-last:<INITIAL_VALUE>. Peer's state: f74b8a39-8cc1-4de2-93c6-02015e72cd55@group-BFB6AC865810:t0, leader=null, voted=, raftlog=Memoized:f74b8a39-8cc1-4de2-93c6-02015e72cd55@group-BFB6AC865810-SegmentedRaftLog:OPENED:c-1:lastnull, conf=conf: {index: -1, cur=peers:[f1637480-4571-474d-8c0e-49126192dfac|127.0.0.1:15023, f74b8a39-8cc1-4de2-93c6-02015e72cd55|127.0.0.1:15087, 9eb5a351-9325-4150-9d0a-de2b7d27d48d|127.0.0.1:15079]|listeners:[], old=null}
2025-07-02 18:46:44,692 [grpc-default-executor-2] INFO  impl.VoteContext (VoteContext.java:log(49)) - f1637480-4571-474d-8c0e-49126192dfac@group-BFB6AC865810-FOLLOWER: accept PRE_VOTE from 9eb5a351-9325-4150-9d0a-de2b7d27d48d: our priority 0 <= candidate's priority 1
2025-07-02 18:46:44,692 [grpc-default-executor-2] INFO  server.RaftServer$Division (RaftServerImpl.java:requestVote(1455)) - f1637480-4571-474d-8c0e-49126192dfac@group-BFB6AC865810 replies to PRE_VOTE vote request: 9eb5a351-9325-4150-9d0a-de2b7d27d48d<-f1637480-4571-474d-8c0e-49126192dfac#0:OK-t0-last:<INITIAL_VALUE>. Peer's state: f1637480-4571-474d-8c0e-49126192dfac@group-BFB6AC865810:t0, leader=null, voted=, raftlog=Memoized:f1637480-4571-474d-8c0e-49126192dfac@group-BFB6AC865810-SegmentedRaftLog:OPENED:c-1:lastnull, conf=conf: {index: -1, cur=peers:[f1637480-4571-474d-8c0e-49126192dfac|127.0.0.1:15023, f74b8a39-8cc1-4de2-93c6-02015e72cd55|127.0.0.1:15087, 9eb5a351-9325-4150-9d0a-de2b7d27d48d|127.0.0.1:15079]|listeners:[], old=null}
2025-07-02 18:46:44,693 [9eb5a351-9325-4150-9d0a-de2b7d27d48d@group-BFB6AC865810-LeaderElection25] INFO  impl.LeaderElection (LeaderElection.java:logAndReturn(206)) - 9eb5a351-9325-4150-9d0a-de2b7d27d48d@group-BFB6AC865810-LeaderElection25: PRE_VOTE PASSED received 1 response(s) and 0 exception(s):
2025-07-02 18:46:44,693 [9eb5a351-9325-4150-9d0a-de2b7d27d48d@group-BFB6AC865810-LeaderElection25] INFO  impl.LeaderElection (LeaderElection.java:logAndReturn(210)) -   Response 0: 9eb5a351-9325-4150-9d0a-de2b7d27d48d<-f74b8a39-8cc1-4de2-93c6-02015e72cd55#0:OK-t0-last:<INITIAL_VALUE>
2025-07-02 18:46:44,693 [9eb5a351-9325-4150-9d0a-de2b7d27d48d@group-BFB6AC865810-LeaderElection25] INFO  impl.LeaderElection (LeaderElection.java:askForVotes(450)) - 9eb5a351-9325-4150-9d0a-de2b7d27d48d@group-BFB6AC865810-LeaderElection25 PRE_VOTE round 0: result PASSED
2025-07-02 18:46:44,695 [9eb5a351-9325-4150-9d0a-de2b7d27d48d@group-BFB6AC865810-LeaderElection25] INFO  impl.LeaderElection (LeaderElection.java:askForVotes(448)) - 9eb5a351-9325-4150-9d0a-de2b7d27d48d@group-BFB6AC865810-LeaderElection25 ELECTION round 0: submit vote requests at term 1 for conf: {index: -1, cur=peers:[f1637480-4571-474d-8c0e-49126192dfac|127.0.0.1:15023, f74b8a39-8cc1-4de2-93c6-02015e72cd55|127.0.0.1:15087, 9eb5a351-9325-4150-9d0a-de2b7d27d48d|127.0.0.1:15079]|listeners:[], old=null}
2025-07-02 18:46:44,697 [grpc-default-executor-6] INFO  server.RaftServer$Division (RaftServerImpl.java:requestVote(1421)) - f1637480-4571-474d-8c0e-49126192dfac@group-BFB6AC865810: receive requestVote(ELECTION, 9eb5a351-9325-4150-9d0a-de2b7d27d48d, group-BFB6AC865810, 1, <PROTO_DEFAULT>)
2025-07-02 18:46:44,697 [grpc-default-executor-6] INFO  impl.VoteContext (VoteContext.java:log(49)) - f1637480-4571-474d-8c0e-49126192dfac@group-BFB6AC865810-FOLLOWER: accept ELECTION from 9eb5a351-9325-4150-9d0a-de2b7d27d48d: our priority 0 <= candidate's priority 1
2025-07-02 18:46:44,697 [grpc-default-executor-6] INFO  server.RaftServer$Division (RaftServerImpl.java:setRole(392)) - f1637480-4571-474d-8c0e-49126192dfac@group-BFB6AC865810: changes role from  FOLLOWER to FOLLOWER at term 0 for candidate:9eb5a351-9325-4150-9d0a-de2b7d27d48d
2025-07-02 18:46:44,697 [grpc-default-executor-6] INFO  impl.RoleInfo (RoleInfo.java:shutdownFollowerState(121)) - f1637480-4571-474d-8c0e-49126192dfac: shutdown f1637480-4571-474d-8c0e-49126192dfac@group-BFB6AC865810-FollowerState
2025-07-02 18:46:44,697 [f1637480-4571-474d-8c0e-49126192dfac@group-BFB6AC865810-FollowerState] INFO  impl.FollowerState (FollowerState.java:runImpl(170)) - f1637480-4571-474d-8c0e-49126192dfac@group-BFB6AC865810-FollowerState was interrupted
2025-07-02 18:46:44,697 [grpc-default-executor-2] INFO  server.RaftServer$Division (RaftServerImpl.java:requestVote(1421)) - f74b8a39-8cc1-4de2-93c6-02015e72cd55@group-BFB6AC865810: receive requestVote(ELECTION, 9eb5a351-9325-4150-9d0a-de2b7d27d48d, group-BFB6AC865810, 1, <PROTO_DEFAULT>)
2025-07-02 18:46:44,697 [grpc-default-executor-2] INFO  impl.VoteContext (VoteContext.java:log(49)) - f74b8a39-8cc1-4de2-93c6-02015e72cd55@group-BFB6AC865810-FOLLOWER: accept ELECTION from 9eb5a351-9325-4150-9d0a-de2b7d27d48d: our priority 0 <= candidate's priority 1
2025-07-02 18:46:44,697 [grpc-default-executor-2] INFO  server.RaftServer$Division (RaftServerImpl.java:setRole(392)) - f74b8a39-8cc1-4de2-93c6-02015e72cd55@group-BFB6AC865810: changes role from  FOLLOWER to FOLLOWER at term 0 for candidate:9eb5a351-9325-4150-9d0a-de2b7d27d48d
2025-07-02 18:46:44,697 [grpc-default-executor-2] INFO  impl.RoleInfo (RoleInfo.java:shutdownFollowerState(121)) - f74b8a39-8cc1-4de2-93c6-02015e72cd55: shutdown f74b8a39-8cc1-4de2-93c6-02015e72cd55@group-BFB6AC865810-FollowerState
2025-07-02 18:46:44,697 [grpc-default-executor-2] INFO  impl.RoleInfo (RoleInfo.java:updateAndGet(148)) - f74b8a39-8cc1-4de2-93c6-02015e72cd55: start f74b8a39-8cc1-4de2-93c6-02015e72cd55@group-BFB6AC865810-FollowerState
2025-07-02 18:46:44,698 [f74b8a39-8cc1-4de2-93c6-02015e72cd55@group-BFB6AC865810-FollowerState] INFO  impl.FollowerState (FollowerState.java:runImpl(170)) - f74b8a39-8cc1-4de2-93c6-02015e72cd55@group-BFB6AC865810-FollowerState was interrupted
2025-07-02 18:46:44,698 [grpc-default-executor-6] INFO  impl.RoleInfo (RoleInfo.java:updateAndGet(148)) - f1637480-4571-474d-8c0e-49126192dfac: start f1637480-4571-474d-8c0e-49126192dfac@group-BFB6AC865810-FollowerState
2025-07-02 18:46:44,698 [grpc-default-executor-6] INFO  server.RaftServer$Division (RaftServerImpl.java:setFirstElection(576)) - f1637480-4571-474d-8c0e-49126192dfac@group-BFB6AC865810: set firstElectionSinceStartup to false for candidate:9eb5a351-9325-4150-9d0a-de2b7d27d48d
2025-07-02 18:46:44,698 [grpc-default-executor-2] INFO  server.RaftServer$Division (RaftServerImpl.java:setFirstElection(576)) - f74b8a39-8cc1-4de2-93c6-02015e72cd55@group-BFB6AC865810: set firstElectionSinceStartup to false for candidate:9eb5a351-9325-4150-9d0a-de2b7d27d48d
2025-07-02 18:46:44,699 [grpc-default-executor-6] INFO  server.RaftServer$Division (RaftServerImpl.java:requestVote(1455)) - f1637480-4571-474d-8c0e-49126192dfac@group-BFB6AC865810 replies to ELECTION vote request: 9eb5a351-9325-4150-9d0a-de2b7d27d48d<-f1637480-4571-474d-8c0e-49126192dfac#0:OK-t1-last:<INITIAL_VALUE>. Peer's state: f1637480-4571-474d-8c0e-49126192dfac@group-BFB6AC865810:t1, leader=null, voted=9eb5a351-9325-4150-9d0a-de2b7d27d48d, raftlog=Memoized:f1637480-4571-474d-8c0e-49126192dfac@group-BFB6AC865810-SegmentedRaftLog:OPENED:c-1:lastnull, conf=conf: {index: -1, cur=peers:[f1637480-4571-474d-8c0e-49126192dfac|127.0.0.1:15023, f74b8a39-8cc1-4de2-93c6-02015e72cd55|127.0.0.1:15087, 9eb5a351-9325-4150-9d0a-de2b7d27d48d|127.0.0.1:15079]|listeners:[], old=null}
2025-07-02 18:46:44,700 [9eb5a351-9325-4150-9d0a-de2b7d27d48d@group-BFB6AC865810-LeaderElection25] INFO  impl.LeaderElection (LeaderElection.java:logAndReturn(206)) - 9eb5a351-9325-4150-9d0a-de2b7d27d48d@group-BFB6AC865810-LeaderElection25: ELECTION PASSED received 1 response(s) and 0 exception(s):
2025-07-02 18:46:44,700 [9eb5a351-9325-4150-9d0a-de2b7d27d48d@group-BFB6AC865810-LeaderElection25] INFO  impl.LeaderElection (LeaderElection.java:logAndReturn(210)) -   Response 0: 9eb5a351-9325-4150-9d0a-de2b7d27d48d<-f1637480-4571-474d-8c0e-49126192dfac#0:OK-t1-last:<INITIAL_VALUE>
2025-07-02 18:46:44,700 [9eb5a351-9325-4150-9d0a-de2b7d27d48d@group-BFB6AC865810-LeaderElection25] INFO  impl.LeaderElection (LeaderElection.java:askForVotes(450)) - 9eb5a351-9325-4150-9d0a-de2b7d27d48d@group-BFB6AC865810-LeaderElection25 ELECTION round 0: result PASSED
2025-07-02 18:46:44,700 [9eb5a351-9325-4150-9d0a-de2b7d27d48d@group-BFB6AC865810-LeaderElection25] INFO  impl.RoleInfo (RoleInfo.java:shutdownLeaderElection(141)) - 9eb5a351-9325-4150-9d0a-de2b7d27d48d: shutdown 9eb5a351-9325-4150-9d0a-de2b7d27d48d@group-BFB6AC865810-LeaderElection25
2025-07-02 18:46:44,700 [9eb5a351-9325-4150-9d0a-de2b7d27d48d@group-BFB6AC865810-LeaderElection25] INFO  server.RaftServer$Division (RaftServerImpl.java:setRole(392)) - 9eb5a351-9325-4150-9d0a-de2b7d27d48d@group-BFB6AC865810: changes role from CANDIDATE to LEADER at term 1 for changeToLeader
2025-07-02 18:46:44,700 [9eb5a351-9325-4150-9d0a-de2b7d27d48d@group-BFB6AC865810-LeaderElection25] INFO  server.RaftServerConfigKeys (ConfUtils.java:logFallback(69)) - raft.server.staging.timeout = 15600ms (fallback to raft.server.rpc.timeout.max)
2025-07-02 18:46:44,700 [grpc-default-executor-2] INFO  server.RaftServer$Division (RaftServerImpl.java:requestVote(1455)) - f74b8a39-8cc1-4de2-93c6-02015e72cd55@group-BFB6AC865810 replies to ELECTION vote request: 9eb5a351-9325-4150-9d0a-de2b7d27d48d<-f74b8a39-8cc1-4de2-93c6-02015e72cd55#0:OK-t1-last:<INITIAL_VALUE>. Peer's state: f74b8a39-8cc1-4de2-93c6-02015e72cd55@group-BFB6AC865810:t1, leader=null, voted=9eb5a351-9325-4150-9d0a-de2b7d27d48d, raftlog=Memoized:f74b8a39-8cc1-4de2-93c6-02015e72cd55@group-BFB6AC865810-SegmentedRaftLog:OPENED:c-1:lastnull, conf=conf: {index: -1, cur=peers:[f1637480-4571-474d-8c0e-49126192dfac|127.0.0.1:15023, f74b8a39-8cc1-4de2-93c6-02015e72cd55|127.0.0.1:15087, 9eb5a351-9325-4150-9d0a-de2b7d27d48d|127.0.0.1:15079]|listeners:[], old=null}
2025-07-02 18:46:44,700 [9eb5a351-9325-4150-9d0a-de2b7d27d48d@group-BFB6AC865810-LeaderElection25] INFO  server.RaftServerConfigKeys (ConfUtils.java:logGet(62)) - raft.server.write.byte-limit = 1024 M (=1073741824) (custom)
2025-07-02 18:46:44,702 [9eb5a351-9325-4150-9d0a-de2b7d27d48d@group-BFB6AC865810-LeaderElection25] INFO  server.RaftServerConfigKeys (ConfUtils.java:logGet(62)) - raft.server.log.appender.buffer.byte-limit = 33554432 (custom)
2025-07-02 18:46:44,704 [9eb5a351-9325-4150-9d0a-de2b7d27d48d@group-BFB6AC865810-LeaderElection25] INFO  server.RaftServerConfigKeys (ConfUtils.java:logGet(62)) - raft.server.log.appender.buffer.byte-limit = 33554432 (custom)
2025-07-02 18:46:44,704 [9eb5a351-9325-4150-9d0a-de2b7d27d48d@group-BFB6AC865810-LeaderElection25] INFO  impl.RoleInfo (RoleInfo.java:updateAndGet(148)) - 9eb5a351-9325-4150-9d0a-de2b7d27d48d: start 9eb5a351-9325-4150-9d0a-de2b7d27d48d@group-BFB6AC865810-LeaderStateImpl
2025-07-02 18:46:44,704 [9eb5a351-9325-4150-9d0a-de2b7d27d48d@group-BFB6AC865810-LeaderElection25] INFO  server.RaftServer$Division (RaftServerImpl.java:setFirstElection(576)) - 9eb5a351-9325-4150-9d0a-de2b7d27d48d@group-BFB6AC865810: set firstElectionSinceStartup to false for becomeLeader
2025-07-02 18:46:44,704 [9eb5a351-9325-4150-9d0a-de2b7d27d48d@group-BFB6AC865810-LeaderElection25] INFO  ratis.XceiverServerRatis (XceiverServerRatis.java:handleLeaderChangedNotification(944)) - Leader change notification received for group: group-BFB6AC865810 with new leaderId: 9eb5a351-9325-4150-9d0a-de2b7d27d48d
2025-07-02 18:46:44,704 [9eb5a351-9325-4150-9d0a-de2b7d27d48d@group-BFB6AC865810-LeaderElection25] INFO  server.RaftServer$Division (ServerState.java:setLeader(272)) - 9eb5a351-9325-4150-9d0a-de2b7d27d48d@group-BFB6AC865810: change Leader from null to 9eb5a351-9325-4150-9d0a-de2b7d27d48d at term 1 for becomeLeader, leader elected after 1166ms
2025-07-02 18:46:44,704 [9eb5a351-9325-4150-9d0a-de2b7d27d48d@group-BFB6AC865810-LeaderElection25] INFO  segmented.SegmentedRaftLogWorker (SegmentedRaftLogWorker.java:startLogSegment(440)) - 9eb5a351-9325-4150-9d0a-de2b7d27d48d@group-BFB6AC865810-SegmentedRaftLogWorker: Starting segment from index:0
2025-07-02 18:46:44,704 [9eb5a351-9325-4150-9d0a-de2b7d27d48d@group-BFB6AC865810-LeaderElection25] INFO  server.RaftServer$Division (ServerState.java:setRaftConf(386)) - 9eb5a351-9325-4150-9d0a-de2b7d27d48d@group-BFB6AC865810: set configuration conf: {index: 0, cur=peers:[f1637480-4571-474d-8c0e-49126192dfac|127.0.0.1:15023, f74b8a39-8cc1-4de2-93c6-02015e72cd55|127.0.0.1:15087, 9eb5a351-9325-4150-9d0a-de2b7d27d48d|127.0.0.1:15079]|listeners:[], old=null}
2025-07-02 18:46:44,705 [9eb5a351-9325-4150-9d0a-de2b7d27d48d@group-BFB6AC865810-SegmentedRaftLogWorker] INFO  segmented.BufferedWriteChannel (BufferedWriteChannel.java:open(61)) - open log_inprogress_0 at position 0
2025-07-02 18:46:44,707 [EventQueue-PipelineReportForPipelineReportHandler] INFO  pipeline.PipelineReportHandler (PipelineReportHandler.java:processPipelineReport(134)) - Opened pipeline Pipeline-a1613614-5602-4067-9899-bfb6ac865810
2025-07-02 18:46:44,709 [grpc-default-executor-7] INFO  ratis.XceiverServerRatis (XceiverServerRatis.java:handleLeaderChangedNotification(944)) - Leader change notification received for group: group-BFB6AC865810 with new leaderId: 9eb5a351-9325-4150-9d0a-de2b7d27d48d
2025-07-02 18:46:44,710 [grpc-default-executor-0] INFO  ratis.XceiverServerRatis (XceiverServerRatis.java:handleLeaderChangedNotification(944)) - Leader change notification received for group: group-BFB6AC865810 with new leaderId: 9eb5a351-9325-4150-9d0a-de2b7d27d48d
2025-07-02 18:46:44,710 [grpc-default-executor-0] INFO  server.RaftServer$Division (ServerState.java:setLeader(272)) - f74b8a39-8cc1-4de2-93c6-02015e72cd55@group-BFB6AC865810: change Leader from null to 9eb5a351-9325-4150-9d0a-de2b7d27d48d at term 1 for appendEntries, leader elected after 1133ms
2025-07-02 18:46:44,710 [grpc-default-executor-7] INFO  server.RaftServer$Division (ServerState.java:setLeader(272)) - f1637480-4571-474d-8c0e-49126192dfac@group-BFB6AC865810: change Leader from null to 9eb5a351-9325-4150-9d0a-de2b7d27d48d at term 1 for appendEntries, leader elected after 1085ms
2025-07-02 18:46:44,710 [grpc-default-executor-2] INFO  server.RaftServer$Division (ServerState.java:setRaftConf(386)) - f74b8a39-8cc1-4de2-93c6-02015e72cd55@group-BFB6AC865810: set configuration conf: {index: 0, cur=peers:[f1637480-4571-474d-8c0e-49126192dfac|127.0.0.1:15023, f74b8a39-8cc1-4de2-93c6-02015e72cd55|127.0.0.1:15087, 9eb5a351-9325-4150-9d0a-de2b7d27d48d|127.0.0.1:15079]|listeners:[], old=null}
2025-07-02 18:46:44,711 [grpc-default-executor-6] INFO  server.RaftServer$Division (ServerState.java:setRaftConf(386)) - f1637480-4571-474d-8c0e-49126192dfac@group-BFB6AC865810: set configuration conf: {index: 0, cur=peers:[f1637480-4571-474d-8c0e-49126192dfac|127.0.0.1:15023, f74b8a39-8cc1-4de2-93c6-02015e72cd55|127.0.0.1:15087, 9eb5a351-9325-4150-9d0a-de2b7d27d48d|127.0.0.1:15079]|listeners:[], old=null}
2025-07-02 18:46:44,711 [grpc-default-executor-6] INFO  segmented.SegmentedRaftLogWorker (SegmentedRaftLogWorker.java:startLogSegment(440)) - f1637480-4571-474d-8c0e-49126192dfac@group-BFB6AC865810-SegmentedRaftLogWorker: Starting segment from index:0
2025-07-02 18:46:44,711 [grpc-default-executor-2] INFO  segmented.SegmentedRaftLogWorker (SegmentedRaftLogWorker.java:startLogSegment(440)) - f74b8a39-8cc1-4de2-93c6-02015e72cd55@group-BFB6AC865810-SegmentedRaftLogWorker: Starting segment from index:0
2025-07-02 18:46:44,712 [f1637480-4571-474d-8c0e-49126192dfac@group-BFB6AC865810-SegmentedRaftLogWorker] INFO  segmented.BufferedWriteChannel (BufferedWriteChannel.java:open(61)) - open log_inprogress_0 at position 0
2025-07-02 18:46:44,712 [f74b8a39-8cc1-4de2-93c6-02015e72cd55@group-BFB6AC865810-SegmentedRaftLogWorker] INFO  segmented.BufferedWriteChannel (BufferedWriteChannel.java:open(61)) - open log_inprogress_0 at position 0
2025-07-02 18:46:44,714 [9eb5a351-9325-4150-9d0a-de2b7d27d48d@group-BFB6AC865810-SegmentedRaftLogWorker] INFO  segmented.SegmentedRaftLogWorker (SegmentedRaftLogWorker.java:execute(647)) - 9eb5a351-9325-4150-9d0a-de2b7d27d48d@group-BFB6AC865810-SegmentedRaftLogWorker: created new log segment /home/runner/work/ozone/ozone/hadoop-ozone/integration-test/target/test-dir/MiniOzoneClusterImpl-b7e00dfa-d3b8-45cf-9d3a-2bd5fdfebf54/ozone-meta/datanode-9/ratis/a1613614-5602-4067-9899-bfb6ac865810/current/log_inprogress_0
2025-07-02 18:46:44,723 [f1637480-4571-474d-8c0e-49126192dfac@group-BFB6AC865810-SegmentedRaftLogWorker] INFO  segmented.SegmentedRaftLogWorker (SegmentedRaftLogWorker.java:execute(647)) - f1637480-4571-474d-8c0e-49126192dfac@group-BFB6AC865810-SegmentedRaftLogWorker: created new log segment /home/runner/work/ozone/ozone/hadoop-ozone/integration-test/target/test-dir/MiniOzoneClusterImpl-b7e00dfa-d3b8-45cf-9d3a-2bd5fdfebf54/ozone-meta/datanode-2/ratis/a1613614-5602-4067-9899-bfb6ac865810/current/log_inprogress_0
2025-07-02 18:46:44,724 [f74b8a39-8cc1-4de2-93c6-02015e72cd55@group-BFB6AC865810-SegmentedRaftLogWorker] INFO  segmented.SegmentedRaftLogWorker (SegmentedRaftLogWorker.java:execute(647)) - f74b8a39-8cc1-4de2-93c6-02015e72cd55@group-BFB6AC865810-SegmentedRaftLogWorker: created new log segment /home/runner/work/ozone/ozone/hadoop-ozone/integration-test/target/test-dir/MiniOzoneClusterImpl-b7e00dfa-d3b8-45cf-9d3a-2bd5fdfebf54/ozone-meta/datanode-10/ratis/a1613614-5602-4067-9899-bfb6ac865810/current/log_inprogress_0
2025-07-02 18:46:44,725 [9eb5a351-9325-4150-9d0a-de2b7d27d48d@group-BFB6AC865810-StateMachineUpdater] INFO  server.RaftServer$Division (LeaderStateImpl.java:checkStartIndex(309)) - Leader 9eb5a351-9325-4150-9d0a-de2b7d27d48d@group-BFB6AC865810-LeaderStateImpl is ready since appliedIndex == startIndex == 0
2025-07-02 18:46:44,725 [9eb5a351-9325-4150-9d0a-de2b7d27d48d@group-BFB6AC865810-StateMachineUpdater] INFO  ratis.ContainerStateMachine (ContainerStateMachine.java:takeSnapshot(427)) - group-BFB6AC865810: Taking a snapshot at:(t:1, i:0) file /home/runner/work/ozone/ozone/hadoop-ozone/integration-test/target/test-dir/MiniOzoneClusterImpl-b7e00dfa-d3b8-45cf-9d3a-2bd5fdfebf54/ozone-meta/datanode-9/ratis/a1613614-5602-4067-9899-bfb6ac865810/sm/snapshot.1_0
2025-07-02 18:46:44,726 [9eb5a351-9325-4150-9d0a-de2b7d27d48d@group-BFB6AC865810-StateMachineUpdater] INFO  ratis.ContainerStateMachine (ContainerStateMachine.java:takeSnapshot(436)) - group-BFB6AC865810: Finished taking a snapshot at:(t:1, i:0) file:/home/runner/work/ozone/ozone/hadoop-ozone/integration-test/target/test-dir/MiniOzoneClusterImpl-b7e00dfa-d3b8-45cf-9d3a-2bd5fdfebf54/ozone-meta/datanode-9/ratis/a1613614-5602-4067-9899-bfb6ac865810/sm/snapshot.1_0 took: 1 ms
2025-07-02 18:46:44,726 [9eb5a351-9325-4150-9d0a-de2b7d27d48d@group-BFB6AC865810-StateMachineUpdater] INFO  impl.StateMachineUpdater (StateMachineUpdater.java:takeSnapshot(307)) - 9eb5a351-9325-4150-9d0a-de2b7d27d48d@group-BFB6AC865810-StateMachineUpdater: Took a snapshot at index 0
2025-07-02 18:46:44,726 [9eb5a351-9325-4150-9d0a-de2b7d27d48d@group-BFB6AC865810-StateMachineUpdater] INFO  impl.StateMachineUpdater (StateMachineUpdater.java:lambda$new$0(101)) - 9eb5a351-9325-4150-9d0a-de2b7d27d48d@group-BFB6AC865810-StateMachineUpdater: snapshotIndex: updateIncreasingly -1 -> 0
2025-07-02 18:46:44,762 [baa12041-7cca-45c7-810c-7ea11519444b@group-88BC538DCFCE-FollowerState] INFO  impl.FollowerState (FollowerState.java:runImpl(161)) - baa12041-7cca-45c7-810c-7ea11519444b@group-88BC538DCFCE-FollowerState: change to CANDIDATE, lastRpcElapsedTime:1110151310ns, electionTimeout:1109ms
2025-07-02 18:46:44,762 [baa12041-7cca-45c7-810c-7ea11519444b@group-88BC538DCFCE-FollowerState] INFO  impl.RoleInfo (RoleInfo.java:shutdownFollowerState(121)) - baa12041-7cca-45c7-810c-7ea11519444b: shutdown baa12041-7cca-45c7-810c-7ea11519444b@group-88BC538DCFCE-FollowerState
2025-07-02 18:46:44,762 [baa12041-7cca-45c7-810c-7ea11519444b@group-88BC538DCFCE-FollowerState] INFO  server.RaftServer$Division (RaftServerImpl.java:setRole(392)) - baa12041-7cca-45c7-810c-7ea11519444b@group-88BC538DCFCE: changes role from  FOLLOWER to CANDIDATE at term 0 for changeToCandidate
2025-07-02 18:46:44,762 [baa12041-7cca-45c7-810c-7ea11519444b@group-88BC538DCFCE-FollowerState] INFO  impl.RoleInfo (RoleInfo.java:updateAndGet(148)) - baa12041-7cca-45c7-810c-7ea11519444b: start baa12041-7cca-45c7-810c-7ea11519444b@group-88BC538DCFCE-LeaderElection26
2025-07-02 18:46:44,763 [baa12041-7cca-45c7-810c-7ea11519444b@group-88BC538DCFCE-LeaderElection26] INFO  impl.LeaderElection (LeaderElection.java:askForVotes(448)) - baa12041-7cca-45c7-810c-7ea11519444b@group-88BC538DCFCE-LeaderElection26 PRE_VOTE round 0: submit vote requests at term 0 for conf: {index: -1, cur=peers:[f74b8a39-8cc1-4de2-93c6-02015e72cd55|127.0.0.1:15087, baa12041-7cca-45c7-810c-7ea11519444b|127.0.0.1:15031, 75758caf-2019-48e0-9285-4ac26ec01eda|127.0.0.1:15015]|listeners:[], old=null}
2025-07-02 18:46:44,763 [baa12041-7cca-45c7-810c-7ea11519444b@group-88BC538DCFCE-LeaderElection26-1] INFO  server.GrpcServerProtocolClient (GrpcServerProtocolClient.java:<init>(65)) - Build channel for f74b8a39-8cc1-4de2-93c6-02015e72cd55|127.0.0.1:15087
2025-07-02 18:46:44,765 [grpc-default-executor-7] INFO  server.RaftServer$Division (RaftServerImpl.java:requestVote(1421)) - 75758caf-2019-48e0-9285-4ac26ec01eda@group-88BC538DCFCE: receive requestVote(PRE_VOTE, baa12041-7cca-45c7-810c-7ea11519444b, group-88BC538DCFCE, 0, <PROTO_DEFAULT>)
2025-07-02 18:46:44,766 [grpc-default-executor-7] INFO  impl.VoteContext (VoteContext.java:log(49)) - 75758caf-2019-48e0-9285-4ac26ec01eda@group-88BC538DCFCE-FOLLOWER: accept PRE_VOTE from baa12041-7cca-45c7-810c-7ea11519444b: our priority 0 <= candidate's priority 0
2025-07-02 18:46:44,766 [grpc-default-executor-7] INFO  server.RaftServer$Division (RaftServerImpl.java:requestVote(1455)) - 75758caf-2019-48e0-9285-4ac26ec01eda@group-88BC538DCFCE replies to PRE_VOTE vote request: baa12041-7cca-45c7-810c-7ea11519444b<-75758caf-2019-48e0-9285-4ac26ec01eda#0:OK-t0-last:<INITIAL_VALUE>. Peer's state: 75758caf-2019-48e0-9285-4ac26ec01eda@group-88BC538DCFCE:t0, leader=null, voted=, raftlog=Memoized:75758caf-2019-48e0-9285-4ac26ec01eda@group-88BC538DCFCE-SegmentedRaftLog:OPENED:c-1:lastnull, conf=conf: {index: -1, cur=peers:[f74b8a39-8cc1-4de2-93c6-02015e72cd55|127.0.0.1:15087, baa12041-7cca-45c7-810c-7ea11519444b|127.0.0.1:15031, 75758caf-2019-48e0-9285-4ac26ec01eda|127.0.0.1:15015]|listeners:[], old=null}
2025-07-02 18:46:44,767 [grpc-default-executor-7] INFO  server.RaftServer$Division (RaftServerImpl.java:requestVote(1421)) - f74b8a39-8cc1-4de2-93c6-02015e72cd55@group-88BC538DCFCE: receive requestVote(PRE_VOTE, baa12041-7cca-45c7-810c-7ea11519444b, group-88BC538DCFCE, 0, <PROTO_DEFAULT>)
2025-07-02 18:46:44,767 [grpc-default-executor-7] INFO  impl.VoteContext (VoteContext.java:log(49)) - f74b8a39-8cc1-4de2-93c6-02015e72cd55@group-88BC538DCFCE-FOLLOWER: reject PRE_VOTE from baa12041-7cca-45c7-810c-7ea11519444b: our priority 1 > candidate's priority 0
2025-07-02 18:46:44,767 [grpc-default-executor-7] INFO  server.RaftServer$Division (RaftServerImpl.java:requestVote(1455)) - f74b8a39-8cc1-4de2-93c6-02015e72cd55@group-88BC538DCFCE replies to PRE_VOTE vote request: baa12041-7cca-45c7-810c-7ea11519444b<-f74b8a39-8cc1-4de2-93c6-02015e72cd55#0:FAIL-t0-last:<INITIAL_VALUE>. Peer's state: f74b8a39-8cc1-4de2-93c6-02015e72cd55@group-88BC538DCFCE:t0, leader=null, voted=, raftlog=Memoized:f74b8a39-8cc1-4de2-93c6-02015e72cd55@group-88BC538DCFCE-SegmentedRaftLog:OPENED:c-1:lastnull, conf=conf: {index: -1, cur=peers:[f74b8a39-8cc1-4de2-93c6-02015e72cd55|127.0.0.1:15087, baa12041-7cca-45c7-810c-7ea11519444b|127.0.0.1:15031, 75758caf-2019-48e0-9285-4ac26ec01eda|127.0.0.1:15015]|listeners:[], old=null}
2025-07-02 18:46:44,768 [baa12041-7cca-45c7-810c-7ea11519444b@group-88BC538DCFCE-LeaderElection26] INFO  impl.LeaderElection (LeaderElection.java:logAndReturn(206)) - baa12041-7cca-45c7-810c-7ea11519444b@group-88BC538DCFCE-LeaderElection26: PRE_VOTE REJECTED received 2 response(s) and 0 exception(s):
2025-07-02 18:46:44,768 [baa12041-7cca-45c7-810c-7ea11519444b@group-88BC538DCFCE-LeaderElection26] INFO  impl.LeaderElection (LeaderElection.java:logAndReturn(210)) -   Response 0: baa12041-7cca-45c7-810c-7ea11519444b<-f74b8a39-8cc1-4de2-93c6-02015e72cd55#0:FAIL-t0-last:<INITIAL_VALUE>
2025-07-02 18:46:44,768 [baa12041-7cca-45c7-810c-7ea11519444b@group-88BC538DCFCE-LeaderElection26] INFO  impl.LeaderElection (LeaderElection.java:logAndReturn(210)) -   Response 1: baa12041-7cca-45c7-810c-7ea11519444b<-75758caf-2019-48e0-9285-4ac26ec01eda#0:OK-t0-last:<INITIAL_VALUE>
2025-07-02 18:46:44,768 [baa12041-7cca-45c7-810c-7ea11519444b@group-88BC538DCFCE-LeaderElection26] INFO  impl.LeaderElection (LeaderElection.java:askForVotes(450)) - baa12041-7cca-45c7-810c-7ea11519444b@group-88BC538DCFCE-LeaderElection26 PRE_VOTE round 0: result REJECTED
2025-07-02 18:46:44,768 [baa12041-7cca-45c7-810c-7ea11519444b@group-88BC538DCFCE-LeaderElection26] INFO  server.RaftServer$Division (RaftServerImpl.java:setRole(392)) - baa12041-7cca-45c7-810c-7ea11519444b@group-88BC538DCFCE: changes role from CANDIDATE to FOLLOWER at term 0 for REJECTED
2025-07-02 18:46:44,769 [baa12041-7cca-45c7-810c-7ea11519444b@group-88BC538DCFCE-LeaderElection26] INFO  impl.RoleInfo (RoleInfo.java:shutdownLeaderElection(141)) - baa12041-7cca-45c7-810c-7ea11519444b: shutdown baa12041-7cca-45c7-810c-7ea11519444b@group-88BC538DCFCE-LeaderElection26
2025-07-02 18:46:44,769 [baa12041-7cca-45c7-810c-7ea11519444b@group-88BC538DCFCE-LeaderElection26] INFO  impl.RoleInfo (RoleInfo.java:updateAndGet(148)) - baa12041-7cca-45c7-810c-7ea11519444b: start baa12041-7cca-45c7-810c-7ea11519444b@group-88BC538DCFCE-FollowerState
2025-07-02 18:46:44,769 [baa12041-7cca-45c7-810c-7ea11519444b@group-88BC538DCFCE-LeaderElection26] INFO  server.RaftServer$Division (RaftServerImpl.java:setFirstElection(576)) - baa12041-7cca-45c7-810c-7ea11519444b@group-88BC538DCFCE: set firstElectionSinceStartup to false for REJECTED
2025-07-02 18:46:44,808 [92aeff0d-b8ac-4e9e-9ba6-1724c63a8401@group-AC6AD5D0BEC1-FollowerState] INFO  impl.FollowerState (FollowerState.java:runImpl(161)) - 92aeff0d-b8ac-4e9e-9ba6-1724c63a8401@group-AC6AD5D0BEC1-FollowerState: change to CANDIDATE, lastRpcElapsedTime:1089279703ns, electionTimeout:1088ms
2025-07-02 18:46:44,808 [92aeff0d-b8ac-4e9e-9ba6-1724c63a8401@group-AC6AD5D0BEC1-FollowerState] INFO  impl.RoleInfo (RoleInfo.java:shutdownFollowerState(121)) - 92aeff0d-b8ac-4e9e-9ba6-1724c63a8401: shutdown 92aeff0d-b8ac-4e9e-9ba6-1724c63a8401@group-AC6AD5D0BEC1-FollowerState
2025-07-02 18:46:44,809 [92aeff0d-b8ac-4e9e-9ba6-1724c63a8401@group-AC6AD5D0BEC1-FollowerState] INFO  server.RaftServer$Division (RaftServerImpl.java:setRole(392)) - 92aeff0d-b8ac-4e9e-9ba6-1724c63a8401@group-AC6AD5D0BEC1: changes role from  FOLLOWER to CANDIDATE at term 0 for changeToCandidate
2025-07-02 18:46:44,809 [92aeff0d-b8ac-4e9e-9ba6-1724c63a8401@group-AC6AD5D0BEC1-FollowerState] INFO  impl.RoleInfo (RoleInfo.java:updateAndGet(148)) - 92aeff0d-b8ac-4e9e-9ba6-1724c63a8401: start 92aeff0d-b8ac-4e9e-9ba6-1724c63a8401@group-AC6AD5D0BEC1-LeaderElection27
2025-07-02 18:46:44,809 [92aeff0d-b8ac-4e9e-9ba6-1724c63a8401@group-AC6AD5D0BEC1-LeaderElection27] INFO  impl.LeaderElection (LeaderElection.java:askForVotes(448)) - 92aeff0d-b8ac-4e9e-9ba6-1724c63a8401@group-AC6AD5D0BEC1-LeaderElection27 PRE_VOTE round 0: submit vote requests at term 0 for conf: {index: -1, cur=peers:[9eb5a351-9325-4150-9d0a-de2b7d27d48d|127.0.0.1:15079, 71a26ef2-e834-411c-97c5-a30c78105e8f|127.0.0.1:15071, 92aeff0d-b8ac-4e9e-9ba6-1724c63a8401|127.0.0.1:15063]|listeners:[], old=null}
2025-07-02 18:46:44,810 [grpc-default-executor-0] INFO  server.RaftServer$Division (RaftServerImpl.java:requestVote(1421)) - 71a26ef2-e834-411c-97c5-a30c78105e8f@group-AC6AD5D0BEC1: receive requestVote(PRE_VOTE, 92aeff0d-b8ac-4e9e-9ba6-1724c63a8401, group-AC6AD5D0BEC1, 0, <PROTO_DEFAULT>)
2025-07-02 18:46:44,811 [grpc-default-executor-0] INFO  impl.VoteContext (VoteContext.java:log(49)) - 71a26ef2-e834-411c-97c5-a30c78105e8f@group-AC6AD5D0BEC1-FOLLOWER: accept PRE_VOTE from 92aeff0d-b8ac-4e9e-9ba6-1724c63a8401: our priority 0 <= candidate's priority 1
2025-07-02 18:46:44,811 [grpc-default-executor-0] INFO  server.RaftServer$Division (RaftServerImpl.java:requestVote(1455)) - 71a26ef2-e834-411c-97c5-a30c78105e8f@group-AC6AD5D0BEC1 replies to PRE_VOTE vote request: 92aeff0d-b8ac-4e9e-9ba6-1724c63a8401<-71a26ef2-e834-411c-97c5-a30c78105e8f#0:OK-t0-last:<INITIAL_VALUE>. Peer's state: 71a26ef2-e834-411c-97c5-a30c78105e8f@group-AC6AD5D0BEC1:t0, leader=null, voted=, raftlog=Memoized:71a26ef2-e834-411c-97c5-a30c78105e8f@group-AC6AD5D0BEC1-SegmentedRaftLog:OPENED:c-1:lastnull, conf=conf: {index: -1, cur=peers:[9eb5a351-9325-4150-9d0a-de2b7d27d48d|127.0.0.1:15079, 71a26ef2-e834-411c-97c5-a30c78105e8f|127.0.0.1:15071, 92aeff0d-b8ac-4e9e-9ba6-1724c63a8401|127.0.0.1:15063]|listeners:[], old=null}
2025-07-02 18:46:44,811 [grpc-default-executor-7] INFO  server.RaftServer$Division (RaftServerImpl.java:requestVote(1421)) - 9eb5a351-9325-4150-9d0a-de2b7d27d48d@group-AC6AD5D0BEC1: receive requestVote(PRE_VOTE, 92aeff0d-b8ac-4e9e-9ba6-1724c63a8401, group-AC6AD5D0BEC1, 0, <PROTO_DEFAULT>)
2025-07-02 18:46:44,811 [grpc-default-executor-7] INFO  impl.VoteContext (VoteContext.java:log(49)) - 9eb5a351-9325-4150-9d0a-de2b7d27d48d@group-AC6AD5D0BEC1-FOLLOWER: accept PRE_VOTE from 92aeff0d-b8ac-4e9e-9ba6-1724c63a8401: our priority 0 <= candidate's priority 1
2025-07-02 18:46:44,811 [grpc-default-executor-7] INFO  server.RaftServer$Division (RaftServerImpl.java:requestVote(1455)) - 9eb5a351-9325-4150-9d0a-de2b7d27d48d@group-AC6AD5D0BEC1 replies to PRE_VOTE vote request: 92aeff0d-b8ac-4e9e-9ba6-1724c63a8401<-9eb5a351-9325-4150-9d0a-de2b7d27d48d#0:OK-t0-last:<INITIAL_VALUE>. Peer's state: 9eb5a351-9325-4150-9d0a-de2b7d27d48d@group-AC6AD5D0BEC1:t0, leader=null, voted=, raftlog=Memoized:9eb5a351-9325-4150-9d0a-de2b7d27d48d@group-AC6AD5D0BEC1-SegmentedRaftLog:OPENED:c-1:lastnull, conf=conf: {index: -1, cur=peers:[9eb5a351-9325-4150-9d0a-de2b7d27d48d|127.0.0.1:15079, 71a26ef2-e834-411c-97c5-a30c78105e8f|127.0.0.1:15071, 92aeff0d-b8ac-4e9e-9ba6-1724c63a8401|127.0.0.1:15063]|listeners:[], old=null}
2025-07-02 18:46:44,812 [92aeff0d-b8ac-4e9e-9ba6-1724c63a8401@group-AC6AD5D0BEC1-LeaderElection27] INFO  impl.LeaderElection (LeaderElection.java:logAndReturn(206)) - 92aeff0d-b8ac-4e9e-9ba6-1724c63a8401@group-AC6AD5D0BEC1-LeaderElection27: PRE_VOTE PASSED received 1 response(s) and 0 exception(s):
2025-07-02 18:46:44,812 [92aeff0d-b8ac-4e9e-9ba6-1724c63a8401@group-AC6AD5D0BEC1-LeaderElection27] INFO  impl.LeaderElection (LeaderElection.java:logAndReturn(210)) -   Response 0: 92aeff0d-b8ac-4e9e-9ba6-1724c63a8401<-71a26ef2-e834-411c-97c5-a30c78105e8f#0:OK-t0-last:<INITIAL_VALUE>
2025-07-02 18:46:44,812 [92aeff0d-b8ac-4e9e-9ba6-1724c63a8401@group-AC6AD5D0BEC1-LeaderElection27] INFO  impl.LeaderElection (LeaderElection.java:askForVotes(450)) - 92aeff0d-b8ac-4e9e-9ba6-1724c63a8401@group-AC6AD5D0BEC1-LeaderElection27 PRE_VOTE round 0: result PASSED
2025-07-02 18:46:44,814 [92aeff0d-b8ac-4e9e-9ba6-1724c63a8401@group-AC6AD5D0BEC1-LeaderElection27] INFO  impl.LeaderElection (LeaderElection.java:askForVotes(448)) - 92aeff0d-b8ac-4e9e-9ba6-1724c63a8401@group-AC6AD5D0BEC1-LeaderElection27 ELECTION round 0: submit vote requests at term 1 for conf: {index: -1, cur=peers:[9eb5a351-9325-4150-9d0a-de2b7d27d48d|127.0.0.1:15079, 71a26ef2-e834-411c-97c5-a30c78105e8f|127.0.0.1:15071, 92aeff0d-b8ac-4e9e-9ba6-1724c63a8401|127.0.0.1:15063]|listeners:[], old=null}
2025-07-02 18:46:44,815 [grpc-default-executor-7] INFO  server.RaftServer$Division (RaftServerImpl.java:requestVote(1421)) - 71a26ef2-e834-411c-97c5-a30c78105e8f@group-AC6AD5D0BEC1: receive requestVote(ELECTION, 92aeff0d-b8ac-4e9e-9ba6-1724c63a8401, group-AC6AD5D0BEC1, 1, <PROTO_DEFAULT>)
2025-07-02 18:46:44,815 [grpc-default-executor-7] INFO  impl.VoteContext (VoteContext.java:log(49)) - 71a26ef2-e834-411c-97c5-a30c78105e8f@group-AC6AD5D0BEC1-FOLLOWER: accept ELECTION from 92aeff0d-b8ac-4e9e-9ba6-1724c63a8401: our priority 0 <= candidate's priority 1
2025-07-02 18:46:44,815 [grpc-default-executor-7] INFO  server.RaftServer$Division (RaftServerImpl.java:setRole(392)) - 71a26ef2-e834-411c-97c5-a30c78105e8f@group-AC6AD5D0BEC1: changes role from  FOLLOWER to FOLLOWER at term 0 for candidate:92aeff0d-b8ac-4e9e-9ba6-1724c63a8401
2025-07-02 18:46:44,815 [grpc-default-executor-7] INFO  impl.RoleInfo (RoleInfo.java:shutdownFollowerState(121)) - 71a26ef2-e834-411c-97c5-a30c78105e8f: shutdown 71a26ef2-e834-411c-97c5-a30c78105e8f@group-AC6AD5D0BEC1-FollowerState
2025-07-02 18:46:44,815 [grpc-default-executor-7] INFO  impl.RoleInfo (RoleInfo.java:updateAndGet(148)) - 71a26ef2-e834-411c-97c5-a30c78105e8f: start 71a26ef2-e834-411c-97c5-a30c78105e8f@group-AC6AD5D0BEC1-FollowerState
2025-07-02 18:46:44,815 [grpc-default-executor-0] INFO  server.RaftServer$Division (RaftServerImpl.java:requestVote(1421)) - 9eb5a351-9325-4150-9d0a-de2b7d27d48d@group-AC6AD5D0BEC1: receive requestVote(ELECTION, 92aeff0d-b8ac-4e9e-9ba6-1724c63a8401, group-AC6AD5D0BEC1, 1, <PROTO_DEFAULT>)
2025-07-02 18:46:44,815 [71a26ef2-e834-411c-97c5-a30c78105e8f@group-AC6AD5D0BEC1-FollowerState] INFO  impl.FollowerState (FollowerState.java:runImpl(170)) - 71a26ef2-e834-411c-97c5-a30c78105e8f@group-AC6AD5D0BEC1-FollowerState was interrupted
2025-07-02 18:46:44,815 [grpc-default-executor-0] INFO  impl.VoteContext (VoteContext.java:log(49)) - 9eb5a351-9325-4150-9d0a-de2b7d27d48d@group-AC6AD5D0BEC1-FOLLOWER: accept ELECTION from 92aeff0d-b8ac-4e9e-9ba6-1724c63a8401: our priority 0 <= candidate's priority 1
2025-07-02 18:46:44,815 [grpc-default-executor-0] INFO  server.RaftServer$Division (RaftServerImpl.java:setRole(392)) - 9eb5a351-9325-4150-9d0a-de2b7d27d48d@group-AC6AD5D0BEC1: changes role from  FOLLOWER to FOLLOWER at term 0 for candidate:92aeff0d-b8ac-4e9e-9ba6-1724c63a8401
2025-07-02 18:46:44,815 [grpc-default-executor-0] INFO  impl.RoleInfo (RoleInfo.java:shutdownFollowerState(121)) - 9eb5a351-9325-4150-9d0a-de2b7d27d48d: shutdown 9eb5a351-9325-4150-9d0a-de2b7d27d48d@group-AC6AD5D0BEC1-FollowerState
2025-07-02 18:46:44,815 [grpc-default-executor-0] INFO  impl.RoleInfo (RoleInfo.java:updateAndGet(148)) - 9eb5a351-9325-4150-9d0a-de2b7d27d48d: start 9eb5a351-9325-4150-9d0a-de2b7d27d48d@group-AC6AD5D0BEC1-FollowerState
2025-07-02 18:46:44,815 [grpc-default-executor-7] INFO  server.RaftServer$Division (RaftServerImpl.java:setFirstElection(576)) - 71a26ef2-e834-411c-97c5-a30c78105e8f@group-AC6AD5D0BEC1: set firstElectionSinceStartup to false for candidate:92aeff0d-b8ac-4e9e-9ba6-1724c63a8401
2025-07-02 18:46:44,815 [9eb5a351-9325-4150-9d0a-de2b7d27d48d@group-AC6AD5D0BEC1-FollowerState] INFO  impl.FollowerState (FollowerState.java:runImpl(170)) - 9eb5a351-9325-4150-9d0a-de2b7d27d48d@group-AC6AD5D0BEC1-FollowerState was interrupted
2025-07-02 18:46:44,816 [grpc-default-executor-0] INFO  server.RaftServer$Division (RaftServerImpl.java:setFirstElection(576)) - 9eb5a351-9325-4150-9d0a-de2b7d27d48d@group-AC6AD5D0BEC1: set firstElectionSinceStartup to false for candidate:92aeff0d-b8ac-4e9e-9ba6-1724c63a8401
2025-07-02 18:46:44,817 [grpc-default-executor-7] INFO  server.RaftServer$Division (RaftServerImpl.java:requestVote(1455)) - 71a26ef2-e834-411c-97c5-a30c78105e8f@group-AC6AD5D0BEC1 replies to ELECTION vote request: 92aeff0d-b8ac-4e9e-9ba6-1724c63a8401<-71a26ef2-e834-411c-97c5-a30c78105e8f#0:OK-t1-last:<INITIAL_VALUE>. Peer's state: 71a26ef2-e834-411c-97c5-a30c78105e8f@group-AC6AD5D0BEC1:t1, leader=null, voted=92aeff0d-b8ac-4e9e-9ba6-1724c63a8401, raftlog=Memoized:71a26ef2-e834-411c-97c5-a30c78105e8f@group-AC6AD5D0BEC1-SegmentedRaftLog:OPENED:c-1:lastnull, conf=conf: {index: -1, cur=peers:[9eb5a351-9325-4150-9d0a-de2b7d27d48d|127.0.0.1:15079, 71a26ef2-e834-411c-97c5-a30c78105e8f|127.0.0.1:15071, 92aeff0d-b8ac-4e9e-9ba6-1724c63a8401|127.0.0.1:15063]|listeners:[], old=null}
2025-07-02 18:46:44,817 [grpc-default-executor-0] INFO  server.RaftServer$Division (RaftServerImpl.java:requestVote(1455)) - 9eb5a351-9325-4150-9d0a-de2b7d27d48d@group-AC6AD5D0BEC1 replies to ELECTION vote request: 92aeff0d-b8ac-4e9e-9ba6-1724c63a8401<-9eb5a351-9325-4150-9d0a-de2b7d27d48d#0:OK-t1-last:<INITIAL_VALUE>. Peer's state: 9eb5a351-9325-4150-9d0a-de2b7d27d48d@group-AC6AD5D0BEC1:t1, leader=null, voted=92aeff0d-b8ac-4e9e-9ba6-1724c63a8401, raftlog=Memoized:9eb5a351-9325-4150-9d0a-de2b7d27d48d@group-AC6AD5D0BEC1-SegmentedRaftLog:OPENED:c-1:lastnull, conf=conf: {index: -1, cur=peers:[9eb5a351-9325-4150-9d0a-de2b7d27d48d|127.0.0.1:15079, 71a26ef2-e834-411c-97c5-a30c78105e8f|127.0.0.1:15071, 92aeff0d-b8ac-4e9e-9ba6-1724c63a8401|127.0.0.1:15063]|listeners:[], old=null}
2025-07-02 18:46:44,818 [92aeff0d-b8ac-4e9e-9ba6-1724c63a8401@group-AC6AD5D0BEC1-LeaderElection27] INFO  impl.LeaderElection (LeaderElection.java:logAndReturn(206)) - 92aeff0d-b8ac-4e9e-9ba6-1724c63a8401@group-AC6AD5D0BEC1-LeaderElection27: ELECTION PASSED received 1 response(s) and 0 exception(s):
2025-07-02 18:46:44,818 [92aeff0d-b8ac-4e9e-9ba6-1724c63a8401@group-AC6AD5D0BEC1-LeaderElection27] INFO  impl.LeaderElection (LeaderElection.java:logAndReturn(210)) -   Response 0: 92aeff0d-b8ac-4e9e-9ba6-1724c63a8401<-71a26ef2-e834-411c-97c5-a30c78105e8f#0:OK-t1-last:<INITIAL_VALUE>
2025-07-02 18:46:44,818 [92aeff0d-b8ac-4e9e-9ba6-1724c63a8401@group-AC6AD5D0BEC1-LeaderElection27] INFO  impl.LeaderElection (LeaderElection.java:askForVotes(450)) - 92aeff0d-b8ac-4e9e-9ba6-1724c63a8401@group-AC6AD5D0BEC1-LeaderElection27 ELECTION round 0: result PASSED
2025-07-02 18:46:44,818 [92aeff0d-b8ac-4e9e-9ba6-1724c63a8401@group-AC6AD5D0BEC1-LeaderElection27] INFO  impl.RoleInfo (RoleInfo.java:shutdownLeaderElection(141)) - 92aeff0d-b8ac-4e9e-9ba6-1724c63a8401: shutdown 92aeff0d-b8ac-4e9e-9ba6-1724c63a8401@group-AC6AD5D0BEC1-LeaderElection27
2025-07-02 18:46:44,818 [92aeff0d-b8ac-4e9e-9ba6-1724c63a8401@group-AC6AD5D0BEC1-LeaderElection27] INFO  server.RaftServer$Division (RaftServerImpl.java:setRole(392)) - 92aeff0d-b8ac-4e9e-9ba6-1724c63a8401@group-AC6AD5D0BEC1: changes role from CANDIDATE to LEADER at term 1 for changeToLeader
2025-07-02 18:46:44,818 [92aeff0d-b8ac-4e9e-9ba6-1724c63a8401@group-AC6AD5D0BEC1-LeaderElection27] INFO  server.RaftServerConfigKeys (ConfUtils.java:logFallback(69)) - raft.server.staging.timeout = 15600ms (fallback to raft.server.rpc.timeout.max)
2025-07-02 18:46:44,818 [f74b8a39-8cc1-4de2-93c6-02015e72cd55@group-88BC538DCFCE-FollowerState] INFO  impl.FollowerState (FollowerState.java:runImpl(161)) - f74b8a39-8cc1-4de2-93c6-02015e72cd55@group-88BC538DCFCE-FollowerState: change to CANDIDATE, lastRpcElapsedTime:1095226811ns, electionTimeout:1092ms
2025-07-02 18:46:44,819 [92aeff0d-b8ac-4e9e-9ba6-1724c63a8401@group-AC6AD5D0BEC1-LeaderElection27] INFO  server.RaftServerConfigKeys (ConfUtils.java:logGet(62)) - raft.server.write.byte-limit = 1024 M (=1073741824) (custom)
2025-07-02 18:46:44,819 [f74b8a39-8cc1-4de2-93c6-02015e72cd55@group-88BC538DCFCE-FollowerState] INFO  impl.RoleInfo (RoleInfo.java:shutdownFollowerState(121)) - f74b8a39-8cc1-4de2-93c6-02015e72cd55: shutdown f74b8a39-8cc1-4de2-93c6-02015e72cd55@group-88BC538DCFCE-FollowerState
2025-07-02 18:46:44,819 [f74b8a39-8cc1-4de2-93c6-02015e72cd55@group-88BC538DCFCE-FollowerState] INFO  server.RaftServer$Division (RaftServerImpl.java:setRole(392)) - f74b8a39-8cc1-4de2-93c6-02015e72cd55@group-88BC538DCFCE: changes role from  FOLLOWER to CANDIDATE at term 0 for changeToCandidate
2025-07-02 18:46:44,819 [f74b8a39-8cc1-4de2-93c6-02015e72cd55@group-88BC538DCFCE-FollowerState] INFO  impl.RoleInfo (RoleInfo.java:updateAndGet(148)) - f74b8a39-8cc1-4de2-93c6-02015e72cd55: start f74b8a39-8cc1-4de2-93c6-02015e72cd55@group-88BC538DCFCE-LeaderElection28
2025-07-02 18:46:44,819 [f74b8a39-8cc1-4de2-93c6-02015e72cd55@group-88BC538DCFCE-LeaderElection28] INFO  impl.LeaderElection (LeaderElection.java:askForVotes(448)) - f74b8a39-8cc1-4de2-93c6-02015e72cd55@group-88BC538DCFCE-LeaderElection28 PRE_VOTE round 0: submit vote requests at term 0 for conf: {index: -1, cur=peers:[f74b8a39-8cc1-4de2-93c6-02015e72cd55|127.0.0.1:15087, baa12041-7cca-45c7-810c-7ea11519444b|127.0.0.1:15031, 75758caf-2019-48e0-9285-4ac26ec01eda|127.0.0.1:15015]|listeners:[], old=null}
2025-07-02 18:46:44,819 [f74b8a39-8cc1-4de2-93c6-02015e72cd55@group-88BC538DCFCE-LeaderElection28-1] INFO  server.GrpcServerProtocolClient (GrpcServerProtocolClient.java:<init>(65)) - Build channel for baa12041-7cca-45c7-810c-7ea11519444b|127.0.0.1:15031
2025-07-02 18:46:44,820 [92aeff0d-b8ac-4e9e-9ba6-1724c63a8401@group-AC6AD5D0BEC1-LeaderElection27] INFO  server.RaftServerConfigKeys (ConfUtils.java:logGet(62)) - raft.server.log.appender.buffer.byte-limit = 33554432 (custom)
2025-07-02 18:46:44,821 [f74b8a39-8cc1-4de2-93c6-02015e72cd55@group-88BC538DCFCE-LeaderElection28-2] INFO  server.GrpcServerProtocolClient (GrpcServerProtocolClient.java:<init>(65)) - Build channel for 75758caf-2019-48e0-9285-4ac26ec01eda|127.0.0.1:15015
2025-07-02 18:46:44,823 [92aeff0d-b8ac-4e9e-9ba6-1724c63a8401@group-AC6AD5D0BEC1-LeaderElection27] INFO  server.RaftServerConfigKeys (ConfUtils.java:logGet(62)) - raft.server.log.appender.buffer.byte-limit = 33554432 (custom)
2025-07-02 18:46:44,823 [92aeff0d-b8ac-4e9e-9ba6-1724c63a8401@group-AC6AD5D0BEC1-LeaderElection27] INFO  impl.RoleInfo (RoleInfo.java:updateAndGet(148)) - 92aeff0d-b8ac-4e9e-9ba6-1724c63a8401: start 92aeff0d-b8ac-4e9e-9ba6-1724c63a8401@group-AC6AD5D0BEC1-LeaderStateImpl
2025-07-02 18:46:44,824 [92aeff0d-b8ac-4e9e-9ba6-1724c63a8401@group-AC6AD5D0BEC1-LeaderElection27] INFO  server.RaftServer$Division (RaftServerImpl.java:setFirstElection(576)) - 92aeff0d-b8ac-4e9e-9ba6-1724c63a8401@group-AC6AD5D0BEC1: set firstElectionSinceStartup to false for becomeLeader
2025-07-02 18:46:44,824 [92aeff0d-b8ac-4e9e-9ba6-1724c63a8401@group-AC6AD5D0BEC1-LeaderElection27] INFO  ratis.XceiverServerRatis (XceiverServerRatis.java:handleLeaderChangedNotification(944)) - Leader change notification received for group: group-AC6AD5D0BEC1 with new leaderId: 92aeff0d-b8ac-4e9e-9ba6-1724c63a8401
2025-07-02 18:46:44,824 [92aeff0d-b8ac-4e9e-9ba6-1724c63a8401@group-AC6AD5D0BEC1-LeaderElection27] INFO  server.RaftServer$Division (ServerState.java:setLeader(272)) - 92aeff0d-b8ac-4e9e-9ba6-1724c63a8401@group-AC6AD5D0BEC1: change Leader from null to 92aeff0d-b8ac-4e9e-9ba6-1724c63a8401 at term 1 for becomeLeader, leader elected after 1160ms
2025-07-02 18:46:44,824 [92aeff0d-b8ac-4e9e-9ba6-1724c63a8401@group-AC6AD5D0BEC1-LeaderElection27] INFO  segmented.SegmentedRaftLogWorker (SegmentedRaftLogWorker.java:startLogSegment(440)) - 92aeff0d-b8ac-4e9e-9ba6-1724c63a8401@group-AC6AD5D0BEC1-SegmentedRaftLogWorker: Starting segment from index:0
2025-07-02 18:46:44,824 [grpc-default-executor-7] INFO  server.RaftServer$Division (RaftServerImpl.java:requestVote(1421)) - 75758caf-2019-48e0-9285-4ac26ec01eda@group-88BC538DCFCE: receive requestVote(PRE_VOTE, f74b8a39-8cc1-4de2-93c6-02015e72cd55, group-88BC538DCFCE, 0, <PROTO_DEFAULT>)
2025-07-02 18:46:44,825 [92aeff0d-b8ac-4e9e-9ba6-1724c63a8401@group-AC6AD5D0BEC1-LeaderElection27] INFO  server.RaftServer$Division (ServerState.java:setRaftConf(386)) - 92aeff0d-b8ac-4e9e-9ba6-1724c63a8401@group-AC6AD5D0BEC1: set configuration conf: {index: 0, cur=peers:[9eb5a351-9325-4150-9d0a-de2b7d27d48d|127.0.0.1:15079, 71a26ef2-e834-411c-97c5-a30c78105e8f|127.0.0.1:15071, 92aeff0d-b8ac-4e9e-9ba6-1724c63a8401|127.0.0.1:15063]|listeners:[], old=null}
2025-07-02 18:46:44,825 [grpc-default-executor-7] INFO  impl.VoteContext (VoteContext.java:log(49)) - 75758caf-2019-48e0-9285-4ac26ec01eda@group-88BC538DCFCE-FOLLOWER: accept PRE_VOTE from f74b8a39-8cc1-4de2-93c6-02015e72cd55: our priority 0 <= candidate's priority 1
2025-07-02 18:46:44,825 [grpc-default-executor-7] INFO  server.RaftServer$Division (RaftServerImpl.java:requestVote(1455)) - 75758caf-2019-48e0-9285-4ac26ec01eda@group-88BC538DCFCE replies to PRE_VOTE vote request: f74b8a39-8cc1-4de2-93c6-02015e72cd55<-75758caf-2019-48e0-9285-4ac26ec01eda#0:OK-t0-last:<INITIAL_VALUE>. Peer's state: 75758caf-2019-48e0-9285-4ac26ec01eda@group-88BC538DCFCE:t0, leader=null, voted=, raftlog=Memoized:75758caf-2019-48e0-9285-4ac26ec01eda@group-88BC538DCFCE-SegmentedRaftLog:OPENED:c-1:lastnull, conf=conf: {index: -1, cur=peers:[f74b8a39-8cc1-4de2-93c6-02015e72cd55|127.0.0.1:15087, baa12041-7cca-45c7-810c-7ea11519444b|127.0.0.1:15031, 75758caf-2019-48e0-9285-4ac26ec01eda|127.0.0.1:15015]|listeners:[], old=null}
2025-07-02 18:46:44,825 [92aeff0d-b8ac-4e9e-9ba6-1724c63a8401@group-AC6AD5D0BEC1-SegmentedRaftLogWorker] INFO  segmented.BufferedWriteChannel (BufferedWriteChannel.java:open(61)) - open log_inprogress_0 at position 0
2025-07-02 18:46:44,824 [grpc-default-executor-0] INFO  server.RaftServer$Division (RaftServerImpl.java:requestVote(1421)) - baa12041-7cca-45c7-810c-7ea11519444b@group-88BC538DCFCE: receive requestVote(PRE_VOTE, f74b8a39-8cc1-4de2-93c6-02015e72cd55, group-88BC538DCFCE, 0, <PROTO_DEFAULT>)
2025-07-02 18:46:44,825 [grpc-default-executor-0] INFO  impl.VoteContext (VoteContext.java:log(49)) - baa12041-7cca-45c7-810c-7ea11519444b@group-88BC538DCFCE-FOLLOWER: accept PRE_VOTE from f74b8a39-8cc1-4de2-93c6-02015e72cd55: our priority 0 <= candidate's priority 1
2025-07-02 18:46:44,825 [grpc-default-executor-0] INFO  server.RaftServer$Division (RaftServerImpl.java:requestVote(1455)) - baa12041-7cca-45c7-810c-7ea11519444b@group-88BC538DCFCE replies to PRE_VOTE vote request: f74b8a39-8cc1-4de2-93c6-02015e72cd55<-baa12041-7cca-45c7-810c-7ea11519444b#0:OK-t0-last:<INITIAL_VALUE>. Peer's state: baa12041-7cca-45c7-810c-7ea11519444b@group-88BC538DCFCE:t0, leader=null, voted=, raftlog=Memoized:baa12041-7cca-45c7-810c-7ea11519444b@group-88BC538DCFCE-SegmentedRaftLog:OPENED:c-1:lastnull, conf=conf: {index: -1, cur=peers:[f74b8a39-8cc1-4de2-93c6-02015e72cd55|127.0.0.1:15087, baa12041-7cca-45c7-810c-7ea11519444b|127.0.0.1:15031, 75758caf-2019-48e0-9285-4ac26ec01eda|127.0.0.1:15015]|listeners:[], old=null}
2025-07-02 18:46:44,828 [grpc-default-executor-7] INFO  ratis.XceiverServerRatis (XceiverServerRatis.java:handleLeaderChangedNotification(944)) - Leader change notification received for group: group-AC6AD5D0BEC1 with new leaderId: 92aeff0d-b8ac-4e9e-9ba6-1724c63a8401
2025-07-02 18:46:44,828 [grpc-default-executor-7] INFO  server.RaftServer$Division (ServerState.java:setLeader(272)) - 71a26ef2-e834-411c-97c5-a30c78105e8f@group-AC6AD5D0BEC1: change Leader from null to 92aeff0d-b8ac-4e9e-9ba6-1724c63a8401 at term 1 for appendEntries, leader elected after 1076ms
2025-07-02 18:46:44,829 [EventQueue-PipelineReportForPipelineReportHandler] INFO  pipeline.PipelineReportHandler (PipelineReportHandler.java:processPipelineReport(134)) - Opened pipeline Pipeline-611b0eb7-a440-42e2-b82d-ac6ad5d0bec1
2025-07-02 18:46:44,829 [grpc-default-executor-6] INFO  ratis.XceiverServerRatis (XceiverServerRatis.java:handleLeaderChangedNotification(944)) - Leader change notification received for group: group-AC6AD5D0BEC1 with new leaderId: 92aeff0d-b8ac-4e9e-9ba6-1724c63a8401
2025-07-02 18:46:44,829 [grpc-default-executor-6] INFO  server.RaftServer$Division (ServerState.java:setLeader(272)) - 9eb5a351-9325-4150-9d0a-de2b7d27d48d@group-AC6AD5D0BEC1: change Leader from null to 92aeff0d-b8ac-4e9e-9ba6-1724c63a8401 at term 1 for appendEntries, leader elected after 1169ms
2025-07-02 18:46:44,829 [grpc-default-executor-6] INFO  server.RaftServer$Division (ServerState.java:setRaftConf(386)) - 9eb5a351-9325-4150-9d0a-de2b7d27d48d@group-AC6AD5D0BEC1: set configuration conf: {index: 0, cur=peers:[9eb5a351-9325-4150-9d0a-de2b7d27d48d|127.0.0.1:15079, 71a26ef2-e834-411c-97c5-a30c78105e8f|127.0.0.1:15071, 92aeff0d-b8ac-4e9e-9ba6-1724c63a8401|127.0.0.1:15063]|listeners:[], old=null}
2025-07-02 18:46:44,830 [grpc-default-executor-6] INFO  segmented.SegmentedRaftLogWorker (SegmentedRaftLogWorker.java:startLogSegment(440)) - 9eb5a351-9325-4150-9d0a-de2b7d27d48d@group-AC6AD5D0BEC1-SegmentedRaftLogWorker: Starting segment from index:0
2025-07-02 18:46:44,830 [f74b8a39-8cc1-4de2-93c6-02015e72cd55@group-88BC538DCFCE-LeaderElection28] INFO  impl.LeaderElection (LeaderElection.java:logAndReturn(206)) - f74b8a39-8cc1-4de2-93c6-02015e72cd55@group-88BC538DCFCE-LeaderElection28: PRE_VOTE PASSED received 1 response(s) and 0 exception(s):
2025-07-02 18:46:44,830 [f74b8a39-8cc1-4de2-93c6-02015e72cd55@group-88BC538DCFCE-LeaderElection28] INFO  impl.LeaderElection (LeaderElection.java:logAndReturn(210)) -   Response 0: f74b8a39-8cc1-4de2-93c6-02015e72cd55<-75758caf-2019-48e0-9285-4ac26ec01eda#0:OK-t0-last:<INITIAL_VALUE>
2025-07-02 18:46:44,830 [f74b8a39-8cc1-4de2-93c6-02015e72cd55@group-88BC538DCFCE-LeaderElection28] INFO  impl.LeaderElection (LeaderElection.java:askForVotes(450)) - f74b8a39-8cc1-4de2-93c6-02015e72cd55@group-88BC538DCFCE-LeaderElection28 PRE_VOTE round 0: result PASSED
2025-07-02 18:46:44,830 [9eb5a351-9325-4150-9d0a-de2b7d27d48d@group-AC6AD5D0BEC1-SegmentedRaftLogWorker] INFO  segmented.BufferedWriteChannel (BufferedWriteChannel.java:open(61)) - open log_inprogress_0 at position 0
2025-07-02 18:46:44,831 [grpc-default-executor-2] INFO  server.RaftServer$Division (ServerState.java:setRaftConf(386)) - 71a26ef2-e834-411c-97c5-a30c78105e8f@group-AC6AD5D0BEC1: set configuration conf: {index: 0, cur=peers:[9eb5a351-9325-4150-9d0a-de2b7d27d48d|127.0.0.1:15079, 71a26ef2-e834-411c-97c5-a30c78105e8f|127.0.0.1:15071, 92aeff0d-b8ac-4e9e-9ba6-1724c63a8401|127.0.0.1:15063]|listeners:[], old=null}
2025-07-02 18:46:44,831 [f74b8a39-8cc1-4de2-93c6-02015e72cd55@group-88BC538DCFCE-LeaderElection28] INFO  impl.LeaderElection (LeaderElection.java:askForVotes(448)) - f74b8a39-8cc1-4de2-93c6-02015e72cd55@group-88BC538DCFCE-LeaderElection28 ELECTION round 0: submit vote requests at term 1 for conf: {index: -1, cur=peers:[f74b8a39-8cc1-4de2-93c6-02015e72cd55|127.0.0.1:15087, baa12041-7cca-45c7-810c-7ea11519444b|127.0.0.1:15031, 75758caf-2019-48e0-9285-4ac26ec01eda|127.0.0.1:15015]|listeners:[], old=null}
2025-07-02 18:46:44,832 [EventQueue-PipelineActionsForPipelineActionHandler] INFO  pipeline.PipelineActionHandler (PipelineActionHandler.java:processPipelineAction(89)) - Received pipeline action CLOSE for Pipeline-5e6ba405-497c-4a06-b329-bc9ad7f74b25 from datanode 95ee4113-9599-4433-8033-e07ec30d3bee(localhost/127.0.0.1). Reason : Chunks directory /home/runner/work/ozone/ozone/hadoop-ozone/integration-test/target/test-dir/MiniOzoneClusterImpl-b7e00dfa-d3b8-45cf-9d3a-2bd5fdfebf54/ozone-meta/datanode-4/data-0/hdds/b7e00dfa-d3b8-45cf-9d3a-2bd5fdfebf54/current/containerDir0/9/chunks does not exist.
2025-07-02 18:46:44,832 [grpc-default-executor-2] INFO  segmented.SegmentedRaftLogWorker (SegmentedRaftLogWorker.java:startLogSegment(440)) - 71a26ef2-e834-411c-97c5-a30c78105e8f@group-AC6AD5D0BEC1-SegmentedRaftLogWorker: Starting segment from index:0
2025-07-02 18:46:44,832 [71a26ef2-e834-411c-97c5-a30c78105e8f@group-AC6AD5D0BEC1-SegmentedRaftLogWorker] INFO  segmented.BufferedWriteChannel (BufferedWriteChannel.java:open(61)) - open log_inprogress_0 at position 0
2025-07-02 18:46:44,837 [grpc-default-executor-0] INFO  server.RaftServer$Division (RaftServerImpl.java:requestVote(1421)) - baa12041-7cca-45c7-810c-7ea11519444b@group-88BC538DCFCE: receive requestVote(ELECTION, f74b8a39-8cc1-4de2-93c6-02015e72cd55, group-88BC538DCFCE, 1, <PROTO_DEFAULT>)
2025-07-02 18:46:44,838 [grpc-default-executor-0] INFO  impl.VoteContext (VoteContext.java:log(49)) - baa12041-7cca-45c7-810c-7ea11519444b@group-88BC538DCFCE-FOLLOWER: accept ELECTION from f74b8a39-8cc1-4de2-93c6-02015e72cd55: our priority 0 <= candidate's priority 1
2025-07-02 18:46:44,838 [grpc-default-executor-0] INFO  server.RaftServer$Division (RaftServerImpl.java:setRole(392)) - baa12041-7cca-45c7-810c-7ea11519444b@group-88BC538DCFCE: changes role from  FOLLOWER to FOLLOWER at term 0 for candidate:f74b8a39-8cc1-4de2-93c6-02015e72cd55
2025-07-02 18:46:44,838 [grpc-default-executor-0] INFO  impl.RoleInfo (RoleInfo.java:shutdownFollowerState(121)) - baa12041-7cca-45c7-810c-7ea11519444b: shutdown baa12041-7cca-45c7-810c-7ea11519444b@group-88BC538DCFCE-FollowerState
2025-07-02 18:46:44,838 [grpc-default-executor-0] INFO  impl.RoleInfo (RoleInfo.java:updateAndGet(148)) - baa12041-7cca-45c7-810c-7ea11519444b: start baa12041-7cca-45c7-810c-7ea11519444b@group-88BC538DCFCE-FollowerState
2025-07-02 18:46:44,838 [grpc-default-executor-2] INFO  server.RaftServer$Division (RaftServerImpl.java:requestVote(1421)) - 75758caf-2019-48e0-9285-4ac26ec01eda@group-88BC538DCFCE: receive requestVote(ELECTION, f74b8a39-8cc1-4de2-93c6-02015e72cd55, group-88BC538DCFCE, 1, <PROTO_DEFAULT>)
2025-07-02 18:46:44,839 [grpc-default-executor-2] INFO  impl.VoteContext (VoteContext.java:log(49)) - 75758caf-2019-48e0-9285-4ac26ec01eda@group-88BC538DCFCE-FOLLOWER: accept ELECTION from f74b8a39-8cc1-4de2-93c6-02015e72cd55: our priority 0 <= candidate's priority 1
2025-07-02 18:46:44,839 [grpc-default-executor-2] INFO  server.RaftServer$Division (RaftServerImpl.java:setRole(392)) - 75758caf-2019-48e0-9285-4ac26ec01eda@group-88BC538DCFCE: changes role from  FOLLOWER to FOLLOWER at term 0 for candidate:f74b8a39-8cc1-4de2-93c6-02015e72cd55
2025-07-02 18:46:44,839 [grpc-default-executor-2] INFO  impl.RoleInfo (RoleInfo.java:shutdownFollowerState(121)) - 75758caf-2019-48e0-9285-4ac26ec01eda: shutdown 75758caf-2019-48e0-9285-4ac26ec01eda@group-88BC538DCFCE-FollowerState
2025-07-02 18:46:44,840 [grpc-default-executor-2] INFO  impl.RoleInfo (RoleInfo.java:updateAndGet(148)) - 75758caf-2019-48e0-9285-4ac26ec01eda: start 75758caf-2019-48e0-9285-4ac26ec01eda@group-88BC538DCFCE-FollowerState
2025-07-02 18:46:44,839 [baa12041-7cca-45c7-810c-7ea11519444b@group-88BC538DCFCE-FollowerState] INFO  impl.FollowerState (FollowerState.java:runImpl(170)) - baa12041-7cca-45c7-810c-7ea11519444b@group-88BC538DCFCE-FollowerState was interrupted
2025-07-02 18:46:44,840 [75758caf-2019-48e0-9285-4ac26ec01eda@group-88BC538DCFCE-FollowerState] INFO  impl.FollowerState (FollowerState.java:runImpl(170)) - 75758caf-2019-48e0-9285-4ac26ec01eda@group-88BC538DCFCE-FollowerState was interrupted
2025-07-02 18:46:44,840 [grpc-default-executor-2] INFO  server.RaftServer$Division (RaftServerImpl.java:setFirstElection(576)) - 75758caf-2019-48e0-9285-4ac26ec01eda@group-88BC538DCFCE: set firstElectionSinceStartup to false for candidate:f74b8a39-8cc1-4de2-93c6-02015e72cd55
2025-07-02 18:46:44,846 [71a26ef2-e834-411c-97c5-a30c78105e8f@group-AC6AD5D0BEC1-SegmentedRaftLogWorker] INFO  segmented.SegmentedRaftLogWorker (SegmentedRaftLogWorker.java:execute(647)) - 71a26ef2-e834-411c-97c5-a30c78105e8f@group-AC6AD5D0BEC1-SegmentedRaftLogWorker: created new log segment /home/runner/work/ozone/ozone/hadoop-ozone/integration-test/target/test-dir/MiniOzoneClusterImpl-b7e00dfa-d3b8-45cf-9d3a-2bd5fdfebf54/ozone-meta/datanode-8/ratis621ab3af-a1c7-4ad2-ba79-87f35c273b6e/611b0eb7-a440-42e2-b82d-ac6ad5d0bec1/current/log_inprogress_0
2025-07-02 18:46:44,847 [92aeff0d-b8ac-4e9e-9ba6-1724c63a8401@group-AC6AD5D0BEC1-SegmentedRaftLogWorker] INFO  segmented.SegmentedRaftLogWorker (SegmentedRaftLogWorker.java:execute(647)) - 92aeff0d-b8ac-4e9e-9ba6-1724c63a8401@group-AC6AD5D0BEC1-SegmentedRaftLogWorker: created new log segment /home/runner/work/ozone/ozone/hadoop-ozone/integration-test/target/test-dir/MiniOzoneClusterImpl-b7e00dfa-d3b8-45cf-9d3a-2bd5fdfebf54/ozone-meta/datanode-7/ratis/611b0eb7-a440-42e2-b82d-ac6ad5d0bec1/current/log_inprogress_0
2025-07-02 18:46:44,847 [9eb5a351-9325-4150-9d0a-de2b7d27d48d@group-AC6AD5D0BEC1-SegmentedRaftLogWorker] INFO  segmented.SegmentedRaftLogWorker (SegmentedRaftLogWorker.java:execute(647)) - 9eb5a351-9325-4150-9d0a-de2b7d27d48d@group-AC6AD5D0BEC1-SegmentedRaftLogWorker: created new log segment /home/runner/work/ozone/ozone/hadoop-ozone/integration-test/target/test-dir/MiniOzoneClusterImpl-b7e00dfa-d3b8-45cf-9d3a-2bd5fdfebf54/ozone-meta/datanode-9/ratis/611b0eb7-a440-42e2-b82d-ac6ad5d0bec1/current/log_inprogress_0
2025-07-02 18:46:44,848 [grpc-default-executor-2] INFO  server.RaftServer$Division (RaftServerImpl.java:requestVote(1455)) - 75758caf-2019-48e0-9285-4ac26ec01eda@group-88BC538DCFCE replies to ELECTION vote request: f74b8a39-8cc1-4de2-93c6-02015e72cd55<-75758caf-2019-48e0-9285-4ac26ec01eda#0:OK-t1-last:<INITIAL_VALUE>. Peer's state: 75758caf-2019-48e0-9285-4ac26ec01eda@group-88BC538DCFCE:t1, leader=null, voted=f74b8a39-8cc1-4de2-93c6-02015e72cd55, raftlog=Memoized:75758caf-2019-48e0-9285-4ac26ec01eda@group-88BC538DCFCE-SegmentedRaftLog:OPENED:c-1:lastnull, conf=conf: {index: -1, cur=peers:[f74b8a39-8cc1-4de2-93c6-02015e72cd55|127.0.0.1:15087, baa12041-7cca-45c7-810c-7ea11519444b|127.0.0.1:15031, 75758caf-2019-48e0-9285-4ac26ec01eda|127.0.0.1:15015]|listeners:[], old=null}
2025-07-02 18:46:44,849 [grpc-default-executor-0] INFO  server.RaftServer$Division (RaftServerImpl.java:requestVote(1455)) - baa12041-7cca-45c7-810c-7ea11519444b@group-88BC538DCFCE replies to ELECTION vote request: f74b8a39-8cc1-4de2-93c6-02015e72cd55<-baa12041-7cca-45c7-810c-7ea11519444b#0:OK-t1-last:<INITIAL_VALUE>. Peer's state: baa12041-7cca-45c7-810c-7ea11519444b@group-88BC538DCFCE:t1, leader=null, voted=f74b8a39-8cc1-4de2-93c6-02015e72cd55, raftlog=Memoized:baa12041-7cca-45c7-810c-7ea11519444b@group-88BC538DCFCE-SegmentedRaftLog:OPENED:c-1:lastnull, conf=conf: {index: -1, cur=peers:[f74b8a39-8cc1-4de2-93c6-02015e72cd55|127.0.0.1:15087, baa12041-7cca-45c7-810c-7ea11519444b|127.0.0.1:15031, 75758caf-2019-48e0-9285-4ac26ec01eda|127.0.0.1:15015]|listeners:[], old=null}
2025-07-02 18:46:44,849 [f74b8a39-8cc1-4de2-93c6-02015e72cd55@group-88BC538DCFCE-LeaderElection28] INFO  impl.LeaderElection (LeaderElection.java:logAndReturn(206)) - f74b8a39-8cc1-4de2-93c6-02015e72cd55@group-88BC538DCFCE-LeaderElection28: ELECTION PASSED received 1 response(s) and 0 exception(s):
2025-07-02 18:46:44,849 [f74b8a39-8cc1-4de2-93c6-02015e72cd55@group-88BC538DCFCE-LeaderElection28] INFO  impl.LeaderElection (LeaderElection.java:logAndReturn(210)) -   Response 0: f74b8a39-8cc1-4de2-93c6-02015e72cd55<-75758caf-2019-48e0-9285-4ac26ec01eda#0:OK-t1-last:<INITIAL_VALUE>
2025-07-02 18:46:44,849 [f74b8a39-8cc1-4de2-93c6-02015e72cd55@group-88BC538DCFCE-LeaderElection28] INFO  impl.LeaderElection (LeaderElection.java:askForVotes(450)) - f74b8a39-8cc1-4de2-93c6-02015e72cd55@group-88BC538DCFCE-LeaderElection28 ELECTION round 0: result PASSED
2025-07-02 18:46:44,849 [f74b8a39-8cc1-4de2-93c6-02015e72cd55@group-88BC538DCFCE-LeaderElection28] INFO  impl.RoleInfo (RoleInfo.java:shutdownLeaderElection(141)) - f74b8a39-8cc1-4de2-93c6-02015e72cd55: shutdown f74b8a39-8cc1-4de2-93c6-02015e72cd55@group-88BC538DCFCE-LeaderElection28
2025-07-02 18:46:44,850 [f74b8a39-8cc1-4de2-93c6-02015e72cd55@group-88BC538DCFCE-LeaderElection28] INFO  server.RaftServer$Division (RaftServerImpl.java:setRole(392)) - f74b8a39-8cc1-4de2-93c6-02015e72cd55@group-88BC538DCFCE: changes role from CANDIDATE to LEADER at term 1 for changeToLeader
2025-07-02 18:46:44,850 [92aeff0d-b8ac-4e9e-9ba6-1724c63a8401@group-AC6AD5D0BEC1-StateMachineUpdater] INFO  server.RaftServer$Division (LeaderStateImpl.java:checkStartIndex(309)) - Leader 92aeff0d-b8ac-4e9e-9ba6-1724c63a8401@group-AC6AD5D0BEC1-LeaderStateImpl is ready since appliedIndex == startIndex == 0
2025-07-02 18:46:44,851 [92aeff0d-b8ac-4e9e-9ba6-1724c63a8401@group-AC6AD5D0BEC1-StateMachineUpdater] INFO  ratis.ContainerStateMachine (ContainerStateMachine.java:takeSnapshot(427)) - group-AC6AD5D0BEC1: Taking a snapshot at:(t:1, i:0) file /home/runner/work/ozone/ozone/hadoop-ozone/integration-test/target/test-dir/MiniOzoneClusterImpl-b7e00dfa-d3b8-45cf-9d3a-2bd5fdfebf54/ozone-meta/datanode-7/ratis/611b0eb7-a440-42e2-b82d-ac6ad5d0bec1/sm/snapshot.1_0
2025-07-02 18:46:44,851 [f74b8a39-8cc1-4de2-93c6-02015e72cd55@group-88BC538DCFCE-LeaderElection28] INFO  server.RaftServerConfigKeys (ConfUtils.java:logFallback(69)) - raft.server.staging.timeout = 15600ms (fallback to raft.server.rpc.timeout.max)
2025-07-02 18:46:44,851 [f74b8a39-8cc1-4de2-93c6-02015e72cd55@group-88BC538DCFCE-LeaderElection28] INFO  server.RaftServerConfigKeys (ConfUtils.java:logGet(62)) - raft.server.write.byte-limit = 1024 M (=1073741824) (custom)
2025-07-02 18:46:44,851 [92aeff0d-b8ac-4e9e-9ba6-1724c63a8401@group-AC6AD5D0BEC1-StateMachineUpdater] INFO  ratis.ContainerStateMachine (ContainerStateMachine.java:takeSnapshot(436)) - group-AC6AD5D0BEC1: Finished taking a snapshot at:(t:1, i:0) file:/home/runner/work/ozone/ozone/hadoop-ozone/integration-test/target/test-dir/MiniOzoneClusterImpl-b7e00dfa-d3b8-45cf-9d3a-2bd5fdfebf54/ozone-meta/datanode-7/ratis/611b0eb7-a440-42e2-b82d-ac6ad5d0bec1/sm/snapshot.1_0 took: 0 ms
2025-07-02 18:46:44,852 [92aeff0d-b8ac-4e9e-9ba6-1724c63a8401@group-AC6AD5D0BEC1-StateMachineUpdater] INFO  impl.StateMachineUpdater (StateMachineUpdater.java:takeSnapshot(307)) - 92aeff0d-b8ac-4e9e-9ba6-1724c63a8401@group-AC6AD5D0BEC1-StateMachineUpdater: Took a snapshot at index 0
2025-07-02 18:46:44,852 [92aeff0d-b8ac-4e9e-9ba6-1724c63a8401@group-AC6AD5D0BEC1-StateMachineUpdater] INFO  impl.StateMachineUpdater (StateMachineUpdater.java:lambda$new$0(101)) - 92aeff0d-b8ac-4e9e-9ba6-1724c63a8401@group-AC6AD5D0BEC1-StateMachineUpdater: snapshotIndex: updateIncreasingly -1 -> 0
2025-07-02 18:46:44,853 [f74b8a39-8cc1-4de2-93c6-02015e72cd55@group-88BC538DCFCE-LeaderElection28] INFO  server.RaftServerConfigKeys (ConfUtils.java:logGet(62)) - raft.server.log.appender.buffer.byte-limit = 33554432 (custom)
2025-07-02 18:46:44,854 [f74b8a39-8cc1-4de2-93c6-02015e72cd55@group-88BC538DCFCE-LeaderElection28] INFO  server.RaftServerConfigKeys (ConfUtils.java:logGet(62)) - raft.server.log.appender.buffer.byte-limit = 33554432 (custom)
2025-07-02 18:46:44,854 [f74b8a39-8cc1-4de2-93c6-02015e72cd55@group-88BC538DCFCE-LeaderElection28] INFO  impl.RoleInfo (RoleInfo.java:updateAndGet(148)) - f74b8a39-8cc1-4de2-93c6-02015e72cd55: start f74b8a39-8cc1-4de2-93c6-02015e72cd55@group-88BC538DCFCE-LeaderStateImpl
2025-07-02 18:46:44,854 [f74b8a39-8cc1-4de2-93c6-02015e72cd55@group-88BC538DCFCE-LeaderElection28] INFO  server.RaftServer$Division (RaftServerImpl.java:setFirstElection(576)) - f74b8a39-8cc1-4de2-93c6-02015e72cd55@group-88BC538DCFCE: set firstElectionSinceStartup to false for becomeLeader
2025-07-02 18:46:44,854 [f74b8a39-8cc1-4de2-93c6-02015e72cd55@group-88BC538DCFCE-LeaderElection28] INFO  ratis.XceiverServerRatis (XceiverServerRatis.java:handleLeaderChangedNotification(944)) - Leader change notification received for group: group-88BC538DCFCE with new leaderId: f74b8a39-8cc1-4de2-93c6-02015e72cd55
2025-07-02 18:46:44,854 [f74b8a39-8cc1-4de2-93c6-02015e72cd55@group-88BC538DCFCE-LeaderElection28] INFO  server.RaftServer$Division (ServerState.java:setLeader(272)) - f74b8a39-8cc1-4de2-93c6-02015e72cd55@group-88BC538DCFCE: change Leader from null to f74b8a39-8cc1-4de2-93c6-02015e72cd55 at term 1 for becomeLeader, leader elected after 1172ms
2025-07-02 18:46:44,855 [f74b8a39-8cc1-4de2-93c6-02015e72cd55@group-88BC538DCFCE-LeaderElection28] INFO  segmented.SegmentedRaftLogWorker (SegmentedRaftLogWorker.java:startLogSegment(440)) - f74b8a39-8cc1-4de2-93c6-02015e72cd55@group-88BC538DCFCE-SegmentedRaftLogWorker: Starting segment from index:0
2025-07-02 18:46:44,855 [f74b8a39-8cc1-4de2-93c6-02015e72cd55@group-88BC538DCFCE-LeaderElection28] INFO  server.RaftServer$Division (ServerState.java:setRaftConf(386)) - f74b8a39-8cc1-4de2-93c6-02015e72cd55@group-88BC538DCFCE: set configuration conf: {index: 0, cur=peers:[f74b8a39-8cc1-4de2-93c6-02015e72cd55|127.0.0.1:15087, baa12041-7cca-45c7-810c-7ea11519444b|127.0.0.1:15031, 75758caf-2019-48e0-9285-4ac26ec01eda|127.0.0.1:15015]|listeners:[], old=null}
2025-07-02 18:46:44,855 [f74b8a39-8cc1-4de2-93c6-02015e72cd55@group-88BC538DCFCE-SegmentedRaftLogWorker] INFO  segmented.BufferedWriteChannel (BufferedWriteChannel.java:open(61)) - open log_inprogress_0 at position 0
2025-07-02 18:46:44,861 [grpc-default-executor-6] INFO  ratis.XceiverServerRatis (XceiverServerRatis.java:handleLeaderChangedNotification(944)) - Leader change notification received for group: group-88BC538DCFCE with new leaderId: f74b8a39-8cc1-4de2-93c6-02015e72cd55
2025-07-02 18:46:44,862 [grpc-default-executor-6] INFO  server.RaftServer$Division (ServerState.java:setLeader(272)) - baa12041-7cca-45c7-810c-7ea11519444b@group-88BC538DCFCE: change Leader from null to f74b8a39-8cc1-4de2-93c6-02015e72cd55 at term 1 for appendEntries, leader elected after 1238ms
2025-07-02 18:46:44,865 [grpc-default-executor-0] INFO  server.RaftServer$Division (ServerState.java:setRaftConf(386)) - baa12041-7cca-45c7-810c-7ea11519444b@group-88BC538DCFCE: set configuration conf: {index: 0, cur=peers:[f74b8a39-8cc1-4de2-93c6-02015e72cd55|127.0.0.1:15087, baa12041-7cca-45c7-810c-7ea11519444b|127.0.0.1:15031, 75758caf-2019-48e0-9285-4ac26ec01eda|127.0.0.1:15015]|listeners:[], old=null}
2025-07-02 18:46:44,865 [grpc-default-executor-0] INFO  segmented.SegmentedRaftLogWorker (SegmentedRaftLogWorker.java:startLogSegment(440)) - baa12041-7cca-45c7-810c-7ea11519444b@group-88BC538DCFCE-SegmentedRaftLogWorker: Starting segment from index:0
2025-07-02 18:46:44,861 [grpc-default-executor-7] INFO  ratis.XceiverServerRatis (XceiverServerRatis.java:handleLeaderChangedNotification(944)) - Leader change notification received for group: group-88BC538DCFCE with new leaderId: f74b8a39-8cc1-4de2-93c6-02015e72cd55
2025-07-02 18:46:44,865 [grpc-default-executor-7] INFO  server.RaftServer$Division (ServerState.java:setLeader(272)) - 75758caf-2019-48e0-9285-4ac26ec01eda@group-88BC538DCFCE: change Leader from null to f74b8a39-8cc1-4de2-93c6-02015e72cd55 at term 1 for appendEntries, leader elected after 1284ms
2025-07-02 18:46:44,865 [grpc-default-executor-7] INFO  server.RaftServer$Division (ServerState.java:setRaftConf(386)) - 75758caf-2019-48e0-9285-4ac26ec01eda@group-88BC538DCFCE: set configuration conf: {index: 0, cur=peers:[f74b8a39-8cc1-4de2-93c6-02015e72cd55|127.0.0.1:15087, baa12041-7cca-45c7-810c-7ea11519444b|127.0.0.1:15031, 75758caf-2019-48e0-9285-4ac26ec01eda|127.0.0.1:15015]|listeners:[], old=null}
2025-07-02 18:46:44,865 [grpc-default-executor-7] INFO  segmented.SegmentedRaftLogWorker (SegmentedRaftLogWorker.java:startLogSegment(440)) - 75758caf-2019-48e0-9285-4ac26ec01eda@group-88BC538DCFCE-SegmentedRaftLogWorker: Starting segment from index:0
2025-07-02 18:46:44,862 [EventQueue-PipelineReportForPipelineReportHandler] INFO  pipeline.PipelineReportHandler (PipelineReportHandler.java:processPipelineReport(134)) - Opened pipeline Pipeline-1a51bdf4-0f1a-4bbf-8dd1-88bc538dcfce
2025-07-02 18:46:44,866 [75758caf-2019-48e0-9285-4ac26ec01eda@group-88BC538DCFCE-SegmentedRaftLogWorker] INFO  segmented.BufferedWriteChannel (BufferedWriteChannel.java:open(61)) - open log_inprogress_0 at position 0
2025-07-02 18:46:44,866 [baa12041-7cca-45c7-810c-7ea11519444b@group-88BC538DCFCE-SegmentedRaftLogWorker] INFO  segmented.BufferedWriteChannel (BufferedWriteChannel.java:open(61)) - open log_inprogress_0 at position 0
2025-07-02 18:46:44,866 [f74b8a39-8cc1-4de2-93c6-02015e72cd55@group-88BC538DCFCE-SegmentedRaftLogWorker] INFO  segmented.SegmentedRaftLogWorker (SegmentedRaftLogWorker.java:execute(647)) - f74b8a39-8cc1-4de2-93c6-02015e72cd55@group-88BC538DCFCE-SegmentedRaftLogWorker: created new log segment /home/runner/work/ozone/ozone/hadoop-ozone/integration-test/target/test-dir/MiniOzoneClusterImpl-b7e00dfa-d3b8-45cf-9d3a-2bd5fdfebf54/ozone-meta/datanode-10/ratis/1a51bdf4-0f1a-4bbf-8dd1-88bc538dcfce/current/log_inprogress_0
2025-07-02 18:46:44,879 [75758caf-2019-48e0-9285-4ac26ec01eda@group-88BC538DCFCE-SegmentedRaftLogWorker] INFO  segmented.SegmentedRaftLogWorker (SegmentedRaftLogWorker.java:execute(647)) - 75758caf-2019-48e0-9285-4ac26ec01eda@group-88BC538DCFCE-SegmentedRaftLogWorker: created new log segment /home/runner/work/ozone/ozone/hadoop-ozone/integration-test/target/test-dir/MiniOzoneClusterImpl-b7e00dfa-d3b8-45cf-9d3a-2bd5fdfebf54/ozone-meta/datanode-1/ratise27c5049-6de8-4653-87a7-5e58b36f95b4/1a51bdf4-0f1a-4bbf-8dd1-88bc538dcfce/current/log_inprogress_0
2025-07-02 18:46:44,880 [baa12041-7cca-45c7-810c-7ea11519444b@group-88BC538DCFCE-SegmentedRaftLogWorker] INFO  segmented.SegmentedRaftLogWorker (SegmentedRaftLogWorker.java:execute(647)) - baa12041-7cca-45c7-810c-7ea11519444b@group-88BC538DCFCE-SegmentedRaftLogWorker: created new log segment /home/runner/work/ozone/ozone/hadoop-ozone/integration-test/target/test-dir/MiniOzoneClusterImpl-b7e00dfa-d3b8-45cf-9d3a-2bd5fdfebf54/ozone-meta/datanode-3/ratis/1a51bdf4-0f1a-4bbf-8dd1-88bc538dcfce/current/log_inprogress_0
2025-07-02 18:46:44,882 [f74b8a39-8cc1-4de2-93c6-02015e72cd55@group-88BC538DCFCE-StateMachineUpdater] INFO  server.RaftServer$Division (LeaderStateImpl.java:checkStartIndex(309)) - Leader f74b8a39-8cc1-4de2-93c6-02015e72cd55@group-88BC538DCFCE-LeaderStateImpl is ready since appliedIndex == startIndex == 0
2025-07-02 18:46:44,882 [f74b8a39-8cc1-4de2-93c6-02015e72cd55@group-88BC538DCFCE-StateMachineUpdater] INFO  ratis.ContainerStateMachine (ContainerStateMachine.java:takeSnapshot(427)) - group-88BC538DCFCE: Taking a snapshot at:(t:1, i:0) file /home/runner/work/ozone/ozone/hadoop-ozone/integration-test/target/test-dir/MiniOzoneClusterImpl-b7e00dfa-d3b8-45cf-9d3a-2bd5fdfebf54/ozone-meta/datanode-10/ratis/1a51bdf4-0f1a-4bbf-8dd1-88bc538dcfce/sm/snapshot.1_0
2025-07-02 18:46:44,883 [f74b8a39-8cc1-4de2-93c6-02015e72cd55@group-88BC538DCFCE-StateMachineUpdater] INFO  ratis.ContainerStateMachine (ContainerStateMachine.java:takeSnapshot(436)) - group-88BC538DCFCE: Finished taking a snapshot at:(t:1, i:0) file:/home/runner/work/ozone/ozone/hadoop-ozone/integration-test/target/test-dir/MiniOzoneClusterImpl-b7e00dfa-d3b8-45cf-9d3a-2bd5fdfebf54/ozone-meta/datanode-10/ratis/1a51bdf4-0f1a-4bbf-8dd1-88bc538dcfce/sm/snapshot.1_0 took: 1 ms
2025-07-02 18:46:44,883 [f74b8a39-8cc1-4de2-93c6-02015e72cd55@group-88BC538DCFCE-StateMachineUpdater] INFO  impl.StateMachineUpdater (StateMachineUpdater.java:takeSnapshot(307)) - f74b8a39-8cc1-4de2-93c6-02015e72cd55@group-88BC538DCFCE-StateMachineUpdater: Took a snapshot at index 0
2025-07-02 18:46:44,883 [f74b8a39-8cc1-4de2-93c6-02015e72cd55@group-88BC538DCFCE-StateMachineUpdater] INFO  impl.StateMachineUpdater (StateMachineUpdater.java:lambda$new$0(101)) - f74b8a39-8cc1-4de2-93c6-02015e72cd55@group-88BC538DCFCE-StateMachineUpdater: snapshotIndex: updateIncreasingly -1 -> 0
2025-07-02 18:46:45,030 [EventQueue-PipelineActionsForPipelineActionHandler] INFO  pipeline.PipelineActionHandler (PipelineActionHandler.java:processPipelineAction(89)) - Received pipeline action CLOSE for Pipeline-5e6ba405-497c-4a06-b329-bc9ad7f74b25 from datanode 95ee4113-9599-4433-8033-e07ec30d3bee(localhost/127.0.0.1). Reason : Chunks directory /home/runner/work/ozone/ozone/hadoop-ozone/integration-test/target/test-dir/MiniOzoneClusterImpl-b7e00dfa-d3b8-45cf-9d3a-2bd5fdfebf54/ozone-meta/datanode-4/data-0/hdds/b7e00dfa-d3b8-45cf-9d3a-2bd5fdfebf54/current/containerDir0/9/chunks does not exist.
2025-07-02 18:46:45,231 [EventQueue-PipelineActionsForPipelineActionHandler] INFO  pipeline.PipelineActionHandler (PipelineActionHandler.java:processPipelineAction(89)) - Received pipeline action CLOSE for Pipeline-5e6ba405-497c-4a06-b329-bc9ad7f74b25 from datanode 95ee4113-9599-4433-8033-e07ec30d3bee(localhost/127.0.0.1). Reason : Chunks directory /home/runner/work/ozone/ozone/hadoop-ozone/integration-test/target/test-dir/MiniOzoneClusterImpl-b7e00dfa-d3b8-45cf-9d3a-2bd5fdfebf54/ozone-meta/datanode-4/data-0/hdds/b7e00dfa-d3b8-45cf-9d3a-2bd5fdfebf54/current/containerDir0/9/chunks does not exist.
2025-07-02 18:46:45,430 [EventQueue-PipelineActionsForPipelineActionHandler] INFO  pipeline.PipelineActionHandler (PipelineActionHandler.java:processPipelineAction(89)) - Received pipeline action CLOSE for Pipeline-5e6ba405-497c-4a06-b329-bc9ad7f74b25 from datanode 95ee4113-9599-4433-8033-e07ec30d3bee(localhost/127.0.0.1). Reason : Chunks directory /home/runner/work/ozone/ozone/hadoop-ozone/integration-test/target/test-dir/MiniOzoneClusterImpl-b7e00dfa-d3b8-45cf-9d3a-2bd5fdfebf54/ozone-meta/datanode-4/data-0/hdds/b7e00dfa-d3b8-45cf-9d3a-2bd5fdfebf54/current/containerDir0/9/chunks does not exist.
2025-07-02 18:46:45,522 [71a26ef2-e834-411c-97c5-a30c78105e8f@group-3ADEDA89C0EA-FollowerState] INFO  impl.FollowerState (FollowerState.java:runImpl(161)) - 71a26ef2-e834-411c-97c5-a30c78105e8f@group-3ADEDA89C0EA-FollowerState: change to CANDIDATE, lastRpcElapsedTime:1101389299ns, electionTimeout:1101ms
2025-07-02 18:46:45,522 [71a26ef2-e834-411c-97c5-a30c78105e8f@group-3ADEDA89C0EA-FollowerState] INFO  impl.RoleInfo (RoleInfo.java:shutdownFollowerState(121)) - 71a26ef2-e834-411c-97c5-a30c78105e8f: shutdown 71a26ef2-e834-411c-97c5-a30c78105e8f@group-3ADEDA89C0EA-FollowerState
2025-07-02 18:46:45,522 [71a26ef2-e834-411c-97c5-a30c78105e8f@group-3ADEDA89C0EA-FollowerState] INFO  server.RaftServer$Division (RaftServerImpl.java:setRole(392)) - 71a26ef2-e834-411c-97c5-a30c78105e8f@group-3ADEDA89C0EA: changes role from  FOLLOWER to CANDIDATE at term 0 for changeToCandidate
2025-07-02 18:46:45,522 [71a26ef2-e834-411c-97c5-a30c78105e8f@group-3ADEDA89C0EA-FollowerState] INFO  impl.RoleInfo (RoleInfo.java:updateAndGet(148)) - 71a26ef2-e834-411c-97c5-a30c78105e8f: start 71a26ef2-e834-411c-97c5-a30c78105e8f@group-3ADEDA89C0EA-LeaderElection29
2025-07-02 18:46:45,522 [71a26ef2-e834-411c-97c5-a30c78105e8f@group-3ADEDA89C0EA-LeaderElection29] INFO  impl.LeaderElection (LeaderElection.java:askForVotes(448)) - 71a26ef2-e834-411c-97c5-a30c78105e8f@group-3ADEDA89C0EA-LeaderElection29 PRE_VOTE round 0: submit vote requests at term 0 for conf: {index: -1, cur=peers:[71a26ef2-e834-411c-97c5-a30c78105e8f|127.0.0.1:15071]|listeners:[], old=null}
2025-07-02 18:46:45,522 [71a26ef2-e834-411c-97c5-a30c78105e8f@group-3ADEDA89C0EA-LeaderElection29] INFO  impl.LeaderElection (LeaderElection.java:askForVotes(450)) - 71a26ef2-e834-411c-97c5-a30c78105e8f@group-3ADEDA89C0EA-LeaderElection29 PRE_VOTE round 0: result PASSED (term=0)
2025-07-02 18:46:45,524 [71a26ef2-e834-411c-97c5-a30c78105e8f@group-3ADEDA89C0EA-LeaderElection29] INFO  impl.LeaderElection (LeaderElection.java:askForVotes(448)) - 71a26ef2-e834-411c-97c5-a30c78105e8f@group-3ADEDA89C0EA-LeaderElection29 ELECTION round 0: submit vote requests at term 1 for conf: {index: -1, cur=peers:[71a26ef2-e834-411c-97c5-a30c78105e8f|127.0.0.1:15071]|listeners:[], old=null}
2025-07-02 18:46:45,524 [71a26ef2-e834-411c-97c5-a30c78105e8f@group-3ADEDA89C0EA-LeaderElection29] INFO  impl.LeaderElection (LeaderElection.java:askForVotes(450)) - 71a26ef2-e834-411c-97c5-a30c78105e8f@group-3ADEDA89C0EA-LeaderElection29 ELECTION round 0: result PASSED (term=1)
2025-07-02 18:46:45,524 [71a26ef2-e834-411c-97c5-a30c78105e8f@group-3ADEDA89C0EA-LeaderElection29] INFO  impl.RoleInfo (RoleInfo.java:shutdownLeaderElection(141)) - 71a26ef2-e834-411c-97c5-a30c78105e8f: shutdown 71a26ef2-e834-411c-97c5-a30c78105e8f@group-3ADEDA89C0EA-LeaderElection29
2025-07-02 18:46:45,524 [71a26ef2-e834-411c-97c5-a30c78105e8f@group-3ADEDA89C0EA-LeaderElection29] INFO  server.RaftServer$Division (RaftServerImpl.java:setRole(392)) - 71a26ef2-e834-411c-97c5-a30c78105e8f@group-3ADEDA89C0EA: changes role from CANDIDATE to LEADER at term 1 for changeToLeader
2025-07-02 18:46:45,524 [71a26ef2-e834-411c-97c5-a30c78105e8f@group-3ADEDA89C0EA-LeaderElection29] INFO  server.RaftServerConfigKeys (ConfUtils.java:logFallback(69)) - raft.server.staging.timeout = 15600ms (fallback to raft.server.rpc.timeout.max)
2025-07-02 18:46:45,524 [71a26ef2-e834-411c-97c5-a30c78105e8f@group-3ADEDA89C0EA-LeaderElection29] INFO  server.RaftServerConfigKeys (ConfUtils.java:logGet(62)) - raft.server.write.byte-limit = 1024 M (=1073741824) (custom)
2025-07-02 18:46:45,525 [71a26ef2-e834-411c-97c5-a30c78105e8f@group-3ADEDA89C0EA-LeaderElection29] INFO  impl.RoleInfo (RoleInfo.java:updateAndGet(148)) - 71a26ef2-e834-411c-97c5-a30c78105e8f: start 71a26ef2-e834-411c-97c5-a30c78105e8f@group-3ADEDA89C0EA-LeaderStateImpl
2025-07-02 18:46:45,525 [71a26ef2-e834-411c-97c5-a30c78105e8f@group-3ADEDA89C0EA-LeaderElection29] INFO  server.RaftServer$Division (RaftServerImpl.java:setFirstElection(576)) - 71a26ef2-e834-411c-97c5-a30c78105e8f@group-3ADEDA89C0EA: set firstElectionSinceStartup to false for becomeLeader
2025-07-02 18:46:45,525 [71a26ef2-e834-411c-97c5-a30c78105e8f@group-3ADEDA89C0EA-LeaderElection29] INFO  ratis.XceiverServerRatis (XceiverServerRatis.java:handleLeaderChangedNotification(944)) - Leader change notification received for group: group-3ADEDA89C0EA with new leaderId: 71a26ef2-e834-411c-97c5-a30c78105e8f
2025-07-02 18:46:45,525 [71a26ef2-e834-411c-97c5-a30c78105e8f@group-3ADEDA89C0EA-LeaderElection29] INFO  server.RaftServer$Division (ServerState.java:setLeader(272)) - 71a26ef2-e834-411c-97c5-a30c78105e8f@group-3ADEDA89C0EA: change Leader from null to 71a26ef2-e834-411c-97c5-a30c78105e8f at term 1 for becomeLeader, leader elected after 1120ms
2025-07-02 18:46:45,525 [71a26ef2-e834-411c-97c5-a30c78105e8f@group-3ADEDA89C0EA-LeaderElection29] INFO  segmented.SegmentedRaftLogWorker (SegmentedRaftLogWorker.java:startLogSegment(440)) - 71a26ef2-e834-411c-97c5-a30c78105e8f@group-3ADEDA89C0EA-SegmentedRaftLogWorker: Starting segment from index:0
2025-07-02 18:46:45,526 [71a26ef2-e834-411c-97c5-a30c78105e8f@group-3ADEDA89C0EA-LeaderElection29] INFO  server.RaftServer$Division (ServerState.java:setRaftConf(386)) - 71a26ef2-e834-411c-97c5-a30c78105e8f@group-3ADEDA89C0EA: set configuration conf: {index: 0, cur=peers:[71a26ef2-e834-411c-97c5-a30c78105e8f|127.0.0.1:15071]|listeners:[], old=null}
2025-07-02 18:46:45,526 [71a26ef2-e834-411c-97c5-a30c78105e8f@group-3ADEDA89C0EA-SegmentedRaftLogWorker] INFO  segmented.BufferedWriteChannel (BufferedWriteChannel.java:open(61)) - open log_inprogress_0 at position 0
2025-07-02 18:46:45,534 [71a26ef2-e834-411c-97c5-a30c78105e8f@group-3ADEDA89C0EA-SegmentedRaftLogWorker] INFO  segmented.SegmentedRaftLogWorker (SegmentedRaftLogWorker.java:execute(647)) - 71a26ef2-e834-411c-97c5-a30c78105e8f@group-3ADEDA89C0EA-SegmentedRaftLogWorker: created new log segment /home/runner/work/ozone/ozone/hadoop-ozone/integration-test/target/test-dir/MiniOzoneClusterImpl-b7e00dfa-d3b8-45cf-9d3a-2bd5fdfebf54/ozone-meta/datanode-8/ratis621ab3af-a1c7-4ad2-ba79-87f35c273b6e/3570c0fc-1441-4176-8298-3adeda89c0ea/current/log_inprogress_0
2025-07-02 18:46:45,535 [71a26ef2-e834-411c-97c5-a30c78105e8f@group-3ADEDA89C0EA-StateMachineUpdater] INFO  server.RaftServer$Division (LeaderStateImpl.java:checkStartIndex(309)) - Leader 71a26ef2-e834-411c-97c5-a30c78105e8f@group-3ADEDA89C0EA-LeaderStateImpl is ready since appliedIndex == startIndex == 0
2025-07-02 18:46:45,535 [71a26ef2-e834-411c-97c5-a30c78105e8f@group-3ADEDA89C0EA-StateMachineUpdater] INFO  ratis.ContainerStateMachine (ContainerStateMachine.java:takeSnapshot(427)) - group-3ADEDA89C0EA: Taking a snapshot at:(t:1, i:0) file /home/runner/work/ozone/ozone/hadoop-ozone/integration-test/target/test-dir/MiniOzoneClusterImpl-b7e00dfa-d3b8-45cf-9d3a-2bd5fdfebf54/ozone-meta/datanode-8/ratis621ab3af-a1c7-4ad2-ba79-87f35c273b6e/3570c0fc-1441-4176-8298-3adeda89c0ea/sm/snapshot.1_0
2025-07-02 18:46:45,536 [71a26ef2-e834-411c-97c5-a30c78105e8f@group-3ADEDA89C0EA-StateMachineUpdater] INFO  ratis.ContainerStateMachine (ContainerStateMachine.java:takeSnapshot(436)) - group-3ADEDA89C0EA: Finished taking a snapshot at:(t:1, i:0) file:/home/runner/work/ozone/ozone/hadoop-ozone/integration-test/target/test-dir/MiniOzoneClusterImpl-b7e00dfa-d3b8-45cf-9d3a-2bd5fdfebf54/ozone-meta/datanode-8/ratis621ab3af-a1c7-4ad2-ba79-87f35c273b6e/3570c0fc-1441-4176-8298-3adeda89c0ea/sm/snapshot.1_0 took: 1 ms
2025-07-02 18:46:45,536 [71a26ef2-e834-411c-97c5-a30c78105e8f@group-3ADEDA89C0EA-StateMachineUpdater] INFO  impl.StateMachineUpdater (StateMachineUpdater.java:takeSnapshot(307)) - 71a26ef2-e834-411c-97c5-a30c78105e8f@group-3ADEDA89C0EA-StateMachineUpdater: Took a snapshot at index 0
2025-07-02 18:46:45,536 [71a26ef2-e834-411c-97c5-a30c78105e8f@group-3ADEDA89C0EA-StateMachineUpdater] INFO  impl.StateMachineUpdater (StateMachineUpdater.java:lambda$new$0(101)) - 71a26ef2-e834-411c-97c5-a30c78105e8f@group-3ADEDA89C0EA-StateMachineUpdater: snapshotIndex: updateIncreasingly -1 -> 0
2025-07-02 18:46:45,631 [EventQueue-PipelineActionsForPipelineActionHandler] INFO  pipeline.PipelineActionHandler (PipelineActionHandler.java:processPipelineAction(89)) - Received pipeline action CLOSE for Pipeline-5e6ba405-497c-4a06-b329-bc9ad7f74b25 from datanode 95ee4113-9599-4433-8033-e07ec30d3bee(localhost/127.0.0.1). Reason : Chunks directory /home/runner/work/ozone/ozone/hadoop-ozone/integration-test/target/test-dir/MiniOzoneClusterImpl-b7e00dfa-d3b8-45cf-9d3a-2bd5fdfebf54/ozone-meta/datanode-4/data-0/hdds/b7e00dfa-d3b8-45cf-9d3a-2bd5fdfebf54/current/containerDir0/9/chunks does not exist.
2025-07-02 18:46:45,831 [EventQueue-PipelineActionsForPipelineActionHandler] INFO  pipeline.PipelineActionHandler (PipelineActionHandler.java:processPipelineAction(89)) - Received pipeline action CLOSE for Pipeline-5e6ba405-497c-4a06-b329-bc9ad7f74b25 from datanode 95ee4113-9599-4433-8033-e07ec30d3bee(localhost/127.0.0.1). Reason : Chunks directory /home/runner/work/ozone/ozone/hadoop-ozone/integration-test/target/test-dir/MiniOzoneClusterImpl-b7e00dfa-d3b8-45cf-9d3a-2bd5fdfebf54/ozone-meta/datanode-4/data-0/hdds/b7e00dfa-d3b8-45cf-9d3a-2bd5fdfebf54/current/containerDir0/9/chunks does not exist.
2025-07-02 18:46:45,954 [timer0] WARN  server.GrpcLogAppender (GrpcLogAppender.java:timeoutAppendRequest(448)) - f1637480-4571-474d-8c0e-49126192dfac@group-84D2FC177FB5->75758caf-2019-48e0-9285-4ac26ec01eda-GrpcLogAppender: Timed out HEARTBEAT appendEntries, errorCount=30, request=AppendEntriesRequest:cid=4648,entriesCount=0
2025-07-02 18:46:46,030 [EventQueue-PipelineActionsForPipelineActionHandler] INFO  pipeline.PipelineActionHandler (PipelineActionHandler.java:processPipelineAction(89)) - Received pipeline action CLOSE for Pipeline-5e6ba405-497c-4a06-b329-bc9ad7f74b25 from datanode 95ee4113-9599-4433-8033-e07ec30d3bee(localhost/127.0.0.1). Reason : Chunks directory /home/runner/work/ozone/ozone/hadoop-ozone/integration-test/target/test-dir/MiniOzoneClusterImpl-b7e00dfa-d3b8-45cf-9d3a-2bd5fdfebf54/ozone-meta/datanode-4/data-0/hdds/b7e00dfa-d3b8-45cf-9d3a-2bd5fdfebf54/current/containerDir0/9/chunks does not exist.
2025-07-02 18:46:46,044 [timer2] WARN  server.GrpcLogAppender (LogUtils.java:warn(127)) - 92aeff0d-b8ac-4e9e-9ba6-1724c63a8401@group-2788C300D651->71a26ef2-e834-411c-97c5-a30c78105e8f-AppendLogResponseHandler: Failed appendEntries (Repeated 2 times in the last 5.000s): org.apache.ratis.thirdparty.io.grpc.StatusRuntimeException: UNAVAILABLE: io exception
  Caused by: org.apache.ratis.thirdparty.io.netty.channel.AbstractChannel$AnnotatedConnectException: finishConnect(..) failed: Connection refused: /127.0.0.1:15071
  Caused by: java.net.ConnectException: finishConnect(..) failed: Connection refused
2025-07-02 18:46:46,044 [timer3] WARN  server.GrpcLogAppender (GrpcLogAppender.java:lambda$resetClient$1(228)) - 9eb5a351-9325-4150-9d0a-de2b7d27d48d@group-8FD04F33EAC3->71a26ef2-e834-411c-97c5-a30c78105e8f-GrpcLogAppender: Follower failed (request=null, errorCount=34); keep nextIndex (1) unchanged and retry. (Repeated 4 times in the last 5.000s)
2025-07-02 18:46:46,230 [EventQueue-PipelineActionsForPipelineActionHandler] INFO  pipeline.PipelineActionHandler (PipelineActionHandler.java:processPipelineAction(89)) - Received pipeline action CLOSE for Pipeline-5e6ba405-497c-4a06-b329-bc9ad7f74b25 from datanode 95ee4113-9599-4433-8033-e07ec30d3bee(localhost/127.0.0.1). Reason : Chunks directory /home/runner/work/ozone/ozone/hadoop-ozone/integration-test/target/test-dir/MiniOzoneClusterImpl-b7e00dfa-d3b8-45cf-9d3a-2bd5fdfebf54/ozone-meta/datanode-4/data-0/hdds/b7e00dfa-d3b8-45cf-9d3a-2bd5fdfebf54/current/containerDir0/9/chunks does not exist.
2025-07-02 18:46:46,302 [95ee4113-9599-4433-8033-e07ec30d3bee@group-BC9AD7F74B25-StateMachineUpdater] ERROR ratis.ContainerStateMachine (ContainerStateMachine.java:takeSnapshot(421)) - Failed to take snapshot  for group-BC9AD7F74B25 as the stateMachine is unhealthy. The last applied index is at (t:1, i:4)
2025-07-02 18:46:46,302 [95ee4113-9599-4433-8033-e07ec30d3bee@group-BC9AD7F74B25-StateMachineUpdater] ERROR impl.StateMachineUpdater (StateMachineUpdater.java:takeSnapshot(302)) - 95ee4113-9599-4433-8033-e07ec30d3bee@group-BC9AD7F74B25-StateMachineUpdater: Failed to take snapshot
org.apache.ratis.protocol.exceptions.StateMachineException: Failed to take snapshot  for group-BC9AD7F74B25 as the stateMachine is unhealthy. The last applied index is at (t:1, i:4)
	at org.apache.hadoop.ozone.container.common.transport.server.ratis.ContainerStateMachine.takeSnapshot(ContainerStateMachine.java:420)
	at org.apache.ratis.server.impl.StateMachineUpdater.takeSnapshot(StateMachineUpdater.java:290)
	at org.apache.ratis.server.impl.StateMachineUpdater.checkAndTakeSnapshot(StateMachineUpdater.java:281)
	at org.apache.ratis.server.impl.StateMachineUpdater.run(StateMachineUpdater.java:194)
	at java.base/java.lang.Thread.run(Thread.java:1583)
2025-07-02 18:46:46,305 [95ee4113-9599-4433-8033-e07ec30d3bee-server-thread1] WARN  server.GrpcServerProtocolService (LogUtils.java:warn(129)) - 95ee4113-9599-4433-8033-e07ec30d3bee: Failed APPEND_ENTRIES request 4114dace-2331-46e8-9bd0-01e36750a673->95ee4113-9599-4433-8033-e07ec30d3bee#55-t1,previous=(t:1, i:4),leaderCommit=8,initializing? false,entries: size=4, first=(t:1, i:5), STATEMACHINELOGENTRY, WRITE: logData.size=154, stateMachineData.size=10, logEntryProtoSerializedSize=0
java.util.concurrent.CompletionException: org.apache.hadoop.hdds.scm.container.common.helpers.StorageContainerException: Chunks directory /home/runner/work/ozone/ozone/hadoop-ozone/integration-test/target/test-dir/MiniOzoneClusterImpl-b7e00dfa-d3b8-45cf-9d3a-2bd5fdfebf54/ozone-meta/datanode-4/data-0/hdds/b7e00dfa-d3b8-45cf-9d3a-2bd5fdfebf54/current/containerDir0/9/chunks does not exist.
	at java.base/java.util.concurrent.CompletableFuture.encodeThrowable(CompletableFuture.java:332)
	at java.base/java.util.concurrent.CompletableFuture.completeThrowable(CompletableFuture.java:347)
	at java.base/java.util.concurrent.CompletableFuture$BiRelay.tryFire(CompletableFuture.java:1498)
	at java.base/java.util.concurrent.CompletableFuture$CoCompletion.tryFire(CompletableFuture.java:1219)
	at java.base/java.util.concurrent.CompletableFuture.postComplete(CompletableFuture.java:510)
	at java.base/java.util.concurrent.CompletableFuture.completeExceptionally(CompletableFuture.java:2194)
	at org.apache.ratis.server.raftlog.segmented.SegmentedRaftLog$Task.failed(SegmentedRaftLog.java:109)
	at org.apache.ratis.server.raftlog.segmented.SegmentedRaftLogWorker$WriteLog.failed(SegmentedRaftLogWorker.java:530)
	at org.apache.ratis.server.raftlog.segmented.SegmentedRaftLogWorker.run(SegmentedRaftLogWorker.java:326)
	at java.base/java.util.concurrent.Executors$RunnableAdapter.call(Executors.java:572)
	at java.base/java.util.concurrent.FutureTask.run(FutureTask.java:317)
	at java.base/java.util.concurrent.ThreadPoolExecutor.runWorker(ThreadPoolExecutor.java:1144)
	at java.base/java.util.concurrent.ThreadPoolExecutor$Worker.run(ThreadPoolExecutor.java:642)
	at java.base/java.lang.Thread.run(Thread.java:1583)
Caused by: org.apache.hadoop.hdds.scm.container.common.helpers.StorageContainerException: Chunks directory /home/runner/work/ozone/ozone/hadoop-ozone/integration-test/target/test-dir/MiniOzoneClusterImpl-b7e00dfa-d3b8-45cf-9d3a-2bd5fdfebf54/ozone-meta/datanode-4/data-0/hdds/b7e00dfa-d3b8-45cf-9d3a-2bd5fdfebf54/current/containerDir0/9/chunks does not exist.
	at org.apache.hadoop.ozone.container.common.transport.server.ratis.ContainerStateMachine.handleCommandResult(ContainerStateMachine.java:661)
	at org.apache.hadoop.ozone.container.common.transport.server.ratis.ContainerStateMachine.lambda$writeStateMachineData$2(ContainerStateMachine.java:623)
	... 4 more
2025-07-02 18:46:46,306 [grpc-default-executor-2] INFO  leader.LogAppender (LogAppenderBase.java:lambda$getNextIndexForError$0(215)) - Decrease nextIndex to 5
2025-07-02 18:46:46,306 [grpc-default-executor-2] INFO  leader.LogAppender (LogAppenderBase.java:lambda$getNextIndexForError$0(215)) - Decrease nextIndex to 5
2025-07-02 18:46:46,306 [grpc-default-executor-2] INFO  leader.FollowerInfo (FollowerInfoImpl.java:info(70)) - 4114dace-2331-46e8-9bd0-01e36750a673@group-BC9AD7F74B25->95ee4113-9599-4433-8033-e07ec30d3bee: computeNextIndex nextIndex: updateUnconditionally 9 -> 5
2025-07-02 18:46:46,322 [c6c1c004-cb80-4a23-8b53-68ef0e0db17b@group-BC9AD7F74B25-StateMachineUpdater] INFO  ratis.ContainerStateMachine (ContainerStateMachine.java:takeSnapshot(427)) - group-BC9AD7F74B25: Taking a snapshot at:(t:1, i:8) file /home/runner/work/ozone/ozone/hadoop-ozone/integration-test/target/test-dir/MiniOzoneClusterImpl-b7e00dfa-d3b8-45cf-9d3a-2bd5fdfebf54/ozone-meta/datanode-5/ratis/5e6ba405-497c-4a06-b329-bc9ad7f74b25/sm/snapshot.1_8
2025-07-02 18:46:46,324 [c6c1c004-cb80-4a23-8b53-68ef0e0db17b@group-BC9AD7F74B25-StateMachineUpdater] INFO  ratis.ContainerStateMachine (ContainerStateMachine.java:takeSnapshot(436)) - group-BC9AD7F74B25: Finished taking a snapshot at:(t:1, i:8) file:/home/runner/work/ozone/ozone/hadoop-ozone/integration-test/target/test-dir/MiniOzoneClusterImpl-b7e00dfa-d3b8-45cf-9d3a-2bd5fdfebf54/ozone-meta/datanode-5/ratis/5e6ba405-497c-4a06-b329-bc9ad7f74b25/sm/snapshot.1_8 took: 2 ms
2025-07-02 18:46:46,324 [c6c1c004-cb80-4a23-8b53-68ef0e0db17b@group-BC9AD7F74B25-StateMachineUpdater] INFO  impl.StateMachineUpdater (StateMachineUpdater.java:takeSnapshot(307)) - c6c1c004-cb80-4a23-8b53-68ef0e0db17b@group-BC9AD7F74B25-StateMachineUpdater: Took a snapshot at index 8
2025-07-02 18:46:46,324 [c6c1c004-cb80-4a23-8b53-68ef0e0db17b@group-BC9AD7F74B25-StateMachineUpdater] INFO  impl.StateMachineUpdater (StateMachineUpdater.java:lambda$new$0(101)) - c6c1c004-cb80-4a23-8b53-68ef0e0db17b@group-BC9AD7F74B25-StateMachineUpdater: snapshotIndex: updateIncreasingly 6 -> 8
2025-07-02 18:46:46,325 [grpc-default-executor-7] WARN  server.GrpcServerProtocolService (LogUtils.java:warn(129)) - 95ee4113-9599-4433-8033-e07ec30d3bee: Failed APPEND_ENTRIES request 4114dace-2331-46e8-9bd0-01e36750a673->95ee4113-9599-4433-8033-e07ec30d3bee#56-t1,previous=(t:1, i:4),leaderCommit=8,initializing? false,entries: size=4, first=(t:1, i:5), STATEMACHINELOGENTRY, WRITE: logData.size=154, stateMachineData.size=10, logEntryProtoSerializedSize=0
java.util.concurrent.CompletionException: org.apache.hadoop.hdds.scm.container.common.helpers.StorageContainerException: Chunks directory /home/runner/work/ozone/ozone/hadoop-ozone/integration-test/target/test-dir/MiniOzoneClusterImpl-b7e00dfa-d3b8-45cf-9d3a-2bd5fdfebf54/ozone-meta/datanode-4/data-0/hdds/b7e00dfa-d3b8-45cf-9d3a-2bd5fdfebf54/current/containerDir0/9/chunks does not exist.
	at java.base/java.util.concurrent.CompletableFuture.encodeThrowable(CompletableFuture.java:332)
	at java.base/java.util.concurrent.CompletableFuture.completeThrowable(CompletableFuture.java:347)
	at java.base/java.util.concurrent.CompletableFuture$BiRelay.tryFire(CompletableFuture.java:1498)
	at java.base/java.util.concurrent.CompletableFuture$CoCompletion.tryFire(CompletableFuture.java:1219)
	at java.base/java.util.concurrent.CompletableFuture.postComplete(CompletableFuture.java:510)
	at java.base/java.util.concurrent.CompletableFuture.completeExceptionally(CompletableFuture.java:2194)
	at org.apache.ratis.server.raftlog.segmented.SegmentedRaftLog$Task.failed(SegmentedRaftLog.java:109)
	at org.apache.ratis.server.raftlog.segmented.SegmentedRaftLogWorker$WriteLog.failed(SegmentedRaftLogWorker.java:530)
	at org.apache.ratis.server.raftlog.segmented.SegmentedRaftLogWorker.run(SegmentedRaftLogWorker.java:326)
	at java.base/java.util.concurrent.Executors$RunnableAdapter.call(Executors.java:572)
	at java.base/java.util.concurrent.FutureTask.run(FutureTask.java:317)
	at java.base/java.util.concurrent.ThreadPoolExecutor.runWorker(ThreadPoolExecutor.java:1144)
	at java.base/java.util.concurrent.ThreadPoolExecutor$Worker.run(ThreadPoolExecutor.java:642)
	at java.base/java.lang.Thread.run(Thread.java:1583)
Caused by: org.apache.hadoop.hdds.scm.container.common.helpers.StorageContainerException: Chunks directory /home/runner/work/ozone/ozone/hadoop-ozone/integration-test/target/test-dir/MiniOzoneClusterImpl-b7e00dfa-d3b8-45cf-9d3a-2bd5fdfebf54/ozone-meta/datanode-4/data-0/hdds/b7e00dfa-d3b8-45cf-9d3a-2bd5fdfebf54/current/containerDir0/9/chunks does not exist.
	at org.apache.hadoop.ozone.container.common.transport.server.ratis.ContainerStateMachine.handleCommandResult(ContainerStateMachine.java:661)
	at org.apache.hadoop.ozone.container.common.transport.server.ratis.ContainerStateMachine.lambda$writeStateMachineData$2(ContainerStateMachine.java:623)
	... 4 more
2025-07-02 18:46:46,326 [grpc-default-executor-2] INFO  leader.LogAppender (LogAppenderBase.java:lambda$getNextIndexForError$0(215)) - Decrease nextIndex to 5
2025-07-02 18:46:46,326 [grpc-default-executor-2] INFO  leader.LogAppender (LogAppenderBase.java:lambda$getNextIndexForError$0(215)) - Decrease nextIndex to 5
2025-07-02 18:46:46,326 [grpc-default-executor-2] INFO  leader.FollowerInfo (FollowerInfoImpl.java:info(70)) - 4114dace-2331-46e8-9bd0-01e36750a673@group-BC9AD7F74B25->95ee4113-9599-4433-8033-e07ec30d3bee: computeNextIndex nextIndex: updateUnconditionally 9 -> 5
2025-07-02 18:46:46,431 [EventQueue-PipelineActionsForPipelineActionHandler] INFO  pipeline.PipelineActionHandler (PipelineActionHandler.java:processPipelineAction(89)) - Received pipeline action CLOSE for Pipeline-5e6ba405-497c-4a06-b329-bc9ad7f74b25 from datanode 95ee4113-9599-4433-8033-e07ec30d3bee(localhost/127.0.0.1). Reason : Chunks directory /home/runner/work/ozone/ozone/hadoop-ozone/integration-test/target/test-dir/MiniOzoneClusterImpl-b7e00dfa-d3b8-45cf-9d3a-2bd5fdfebf54/ozone-meta/datanode-4/data-0/hdds/b7e00dfa-d3b8-45cf-9d3a-2bd5fdfebf54/current/containerDir0/9/chunks does not exist.
2025-07-02 18:46:46,564 [BackgroundPipelineScrubber] INFO  pipeline.PipelineManagerImpl (PipelineManagerImpl.java:scrubPipelines(602)) - Scrubbing pipeline: id: Pipeline-73acc545-491b-4393-8737-2788c300d651 since it stays at CLOSED stage.
2025-07-02 18:46:46,566 [BackgroundPipelineScrubber] INFO  pipeline.RatisPipelineProvider (RatisPipelineProvider.java:lambda$close$4(273)) - Send pipeline:Pipeline-73acc545-491b-4393-8737-2788c300d651 close command to datanode 9eb5a351-9325-4150-9d0a-de2b7d27d48d
2025-07-02 18:46:46,566 [BackgroundPipelineScrubber] INFO  pipeline.RatisPipelineProvider (RatisPipelineProvider.java:lambda$close$4(273)) - Send pipeline:Pipeline-73acc545-491b-4393-8737-2788c300d651 close command to datanode 71a26ef2-e834-411c-97c5-a30c78105e8f
2025-07-02 18:46:46,566 [BackgroundPipelineScrubber] INFO  pipeline.RatisPipelineProvider (RatisPipelineProvider.java:lambda$close$4(273)) - Send pipeline:Pipeline-73acc545-491b-4393-8737-2788c300d651 close command to datanode 92aeff0d-b8ac-4e9e-9ba6-1724c63a8401
2025-07-02 18:46:46,566 [BackgroundPipelineScrubber] INFO  pipeline.PipelineManagerImpl (PipelineManagerImpl.java:removePipeline(464)) - Pipeline Pipeline{ Id: 73acc545-491b-4393-8737-2788c300d651, Nodes: [ {9eb5a351-9325-4150-9d0a-de2b7d27d48d(localhost/127.0.0.1), ReplicaIndex: 0}, {71a26ef2-e834-411c-97c5-a30c78105e8f(localhost/127.0.0.1), ReplicaIndex: 0}, {92aeff0d-b8ac-4e9e-9ba6-1724c63a8401(localhost/127.0.0.1), ReplicaIndex: 0},], ReplicationConfig: RATIS/THREE, State:CLOSED, leaderId:92aeff0d-b8ac-4e9e-9ba6-1724c63a8401, CreationTimestamp2025-07-02T18:45:20.018Z[Etc/UTC]} removed.
2025-07-02 18:46:46,566 [BackgroundPipelineScrubber] INFO  pipeline.PipelineManagerImpl (PipelineManagerImpl.java:scrubPipelines(602)) - Scrubbing pipeline: id: Pipeline-bdaade3c-0733-45ca-8236-8fd04f33eac3 since it stays at CLOSED stage.
2025-07-02 18:46:46,567 [BackgroundPipelineScrubber] INFO  pipeline.RatisPipelineProvider (RatisPipelineProvider.java:lambda$close$4(273)) - Send pipeline:Pipeline-bdaade3c-0733-45ca-8236-8fd04f33eac3 close command to datanode 9eb5a351-9325-4150-9d0a-de2b7d27d48d
2025-07-02 18:46:46,567 [BackgroundPipelineScrubber] INFO  pipeline.RatisPipelineProvider (RatisPipelineProvider.java:lambda$close$4(273)) - Send pipeline:Pipeline-bdaade3c-0733-45ca-8236-8fd04f33eac3 close command to datanode 92aeff0d-b8ac-4e9e-9ba6-1724c63a8401
2025-07-02 18:46:46,567 [BackgroundPipelineScrubber] INFO  pipeline.RatisPipelineProvider (RatisPipelineProvider.java:lambda$close$4(273)) - Send pipeline:Pipeline-bdaade3c-0733-45ca-8236-8fd04f33eac3 close command to datanode 71a26ef2-e834-411c-97c5-a30c78105e8f
2025-07-02 18:46:46,567 [BackgroundPipelineScrubber] INFO  pipeline.PipelineManagerImpl (PipelineManagerImpl.java:removePipeline(464)) - Pipeline Pipeline{ Id: bdaade3c-0733-45ca-8236-8fd04f33eac3, Nodes: [ {9eb5a351-9325-4150-9d0a-de2b7d27d48d(localhost/127.0.0.1), ReplicaIndex: 0}, {92aeff0d-b8ac-4e9e-9ba6-1724c63a8401(localhost/127.0.0.1), ReplicaIndex: 0}, {71a26ef2-e834-411c-97c5-a30c78105e8f(localhost/127.0.0.1), ReplicaIndex: 0},], ReplicationConfig: RATIS/THREE, State:CLOSED, leaderId:9eb5a351-9325-4150-9d0a-de2b7d27d48d, CreationTimestamp2025-07-02T18:45:20.026Z[Etc/UTC]} removed.
2025-07-02 18:46:46,597 [c6c1c004-cb80-4a23-8b53-68ef0e0db17b-CloseContainerThread-1] WARN  keyvalue.KeyValueHandler (KeyValueHandler.java:updateAndGetContainerChecksum(1451)) - Container data checksum updated from 0 to 14eabacf
2025-07-02 18:46:46,597 [c6c1c004-cb80-4a23-8b53-68ef0e0db17b-CloseContainerThread-1] INFO  commandhandler.CloseContainerCommandHandler (CloseContainerCommandHandler.java:lambda$handle$0(154)) - Follower cannot close container #9.
2025-07-02 18:46:46,625 [EventQueue-PipelineReportForPipelineReportHandler] INFO  pipeline.PipelineReportHandler (PipelineReportHandler.java:handlePipelineNotFoundException(98)) - Pipeline Pipeline-bdaade3c-0733-45ca-8236-8fd04f33eac3, reported by datanode 92aeff0d-b8ac-4e9e-9ba6-1724c63a8401(localhost/127.0.0.1) is not found.
2025-07-02 18:46:46,625 [EventQueue-PipelineReportForPipelineReportHandler] INFO  pipeline.PipelineReportHandler (PipelineReportHandler.java:handlePipelineNotFoundException(98)) - Pipeline Pipeline-73acc545-491b-4393-8737-2788c300d651, reported by datanode 92aeff0d-b8ac-4e9e-9ba6-1724c63a8401(localhost/127.0.0.1) is not found.
2025-07-02 18:46:46,631 [EventQueue-PipelineActionsForPipelineActionHandler] INFO  pipeline.PipelineActionHandler (PipelineActionHandler.java:processPipelineAction(89)) - Received pipeline action CLOSE for Pipeline-5e6ba405-497c-4a06-b329-bc9ad7f74b25 from datanode 95ee4113-9599-4433-8033-e07ec30d3bee(localhost/127.0.0.1). Reason : Chunks directory /home/runner/work/ozone/ozone/hadoop-ozone/integration-test/target/test-dir/MiniOzoneClusterImpl-b7e00dfa-d3b8-45cf-9d3a-2bd5fdfebf54/ozone-meta/datanode-4/data-0/hdds/b7e00dfa-d3b8-45cf-9d3a-2bd5fdfebf54/current/containerDir0/9/chunks does not exist.
2025-07-02 18:46:46,704 [EventQueue-PipelineReportForPipelineReportHandler] INFO  pipeline.PipelineReportHandler (PipelineReportHandler.java:handlePipelineNotFoundException(98)) - Pipeline Pipeline-bdaade3c-0733-45ca-8236-8fd04f33eac3, reported by datanode 9eb5a351-9325-4150-9d0a-de2b7d27d48d(localhost/127.0.0.1) is not found.
2025-07-02 18:46:46,705 [EventQueue-PipelineReportForPipelineReportHandler] INFO  pipeline.PipelineReportHandler (PipelineReportHandler.java:handlePipelineNotFoundException(98)) - Pipeline Pipeline-73acc545-491b-4393-8737-2788c300d651, reported by datanode 9eb5a351-9325-4150-9d0a-de2b7d27d48d(localhost/127.0.0.1) is not found.
2025-07-02 18:46:46,826 [EventQueue-PipelineReportForPipelineReportHandler] INFO  pipeline.PipelineReportHandler (PipelineReportHandler.java:handlePipelineNotFoundException(98)) - Pipeline Pipeline-bdaade3c-0733-45ca-8236-8fd04f33eac3, reported by datanode 92aeff0d-b8ac-4e9e-9ba6-1724c63a8401(localhost/127.0.0.1) is not found.
2025-07-02 18:46:46,826 [EventQueue-PipelineReportForPipelineReportHandler] INFO  pipeline.PipelineReportHandler (PipelineReportHandler.java:handlePipelineNotFoundException(98)) - Pipeline Pipeline-73acc545-491b-4393-8737-2788c300d651, reported by datanode 92aeff0d-b8ac-4e9e-9ba6-1724c63a8401(localhost/127.0.0.1) is not found.
2025-07-02 18:46:46,830 [EventQueue-PipelineActionsForPipelineActionHandler] INFO  pipeline.PipelineActionHandler (PipelineActionHandler.java:processPipelineAction(89)) - Received pipeline action CLOSE for Pipeline-5e6ba405-497c-4a06-b329-bc9ad7f74b25 from datanode 95ee4113-9599-4433-8033-e07ec30d3bee(localhost/127.0.0.1). Reason : Chunks directory /home/runner/work/ozone/ozone/hadoop-ozone/integration-test/target/test-dir/MiniOzoneClusterImpl-b7e00dfa-d3b8-45cf-9d3a-2bd5fdfebf54/ozone-meta/datanode-4/data-0/hdds/b7e00dfa-d3b8-45cf-9d3a-2bd5fdfebf54/current/containerDir0/9/chunks does not exist.
2025-07-02 18:46:46,904 [EventQueue-PipelineReportForPipelineReportHandler] INFO  pipeline.PipelineReportHandler (PipelineReportHandler.java:handlePipelineNotFoundException(98)) - Pipeline Pipeline-bdaade3c-0733-45ca-8236-8fd04f33eac3, reported by datanode 9eb5a351-9325-4150-9d0a-de2b7d27d48d(localhost/127.0.0.1) is not found.
2025-07-02 18:46:46,904 [EventQueue-PipelineReportForPipelineReportHandler] INFO  pipeline.PipelineReportHandler (PipelineReportHandler.java:handlePipelineNotFoundException(98)) - Pipeline Pipeline-73acc545-491b-4393-8737-2788c300d651, reported by datanode 9eb5a351-9325-4150-9d0a-de2b7d27d48d(localhost/127.0.0.1) is not found.
2025-07-02 18:46:46,993 [4114dace-2331-46e8-9bd0-01e36750a673-CloseContainerThread-1] WARN  keyvalue.KeyValueHandler (KeyValueHandler.java:updateAndGetContainerChecksum(1451)) - Container data checksum updated from 0 to 14eabacf
2025-07-02 18:46:46,997 [4114dace-2331-46e8-9bd0-01e36750a673-ContainerOp-5e6ba405-497c-4a06-b329-bc9ad7f74b25-4] INFO  keyvalue.KeyValueContainer (KeyValueContainer.java:flushAndSyncDB(514)) - Synced container: KeyValueContainerData #9 (CLOSING, non-empty, ri=0, origin=[dn_4114dace-2331-46e8-9bd0-01e36750a673, pipeline_5e6ba405-497c-4a06-b329-bc9ad7f74b25])
2025-07-02 18:46:46,997 [4114dace-2331-46e8-9bd0-01e36750a673-ContainerOp-5e6ba405-497c-4a06-b329-bc9ad7f74b25-4] INFO  keyvalue.KeyValueContainer (KeyValueContainer.java:flushAndSyncDB(514)) - Synced container: KeyValueContainerData #9 (CLOSING, non-empty, ri=0, origin=[dn_4114dace-2331-46e8-9bd0-01e36750a673, pipeline_5e6ba405-497c-4a06-b329-bc9ad7f74b25])
2025-07-02 18:46:46,998 [95ee4113-9599-4433-8033-e07ec30d3bee-server-thread1] WARN  server.GrpcServerProtocolService (LogUtils.java:warn(129)) - 95ee4113-9599-4433-8033-e07ec30d3bee: Failed APPEND_ENTRIES request 4114dace-2331-46e8-9bd0-01e36750a673->95ee4113-9599-4433-8033-e07ec30d3bee#57-t1,previous=(t:1, i:4),leaderCommit=8,initializing? false,entries: size=5, first=(t:1, i:5), STATEMACHINELOGENTRY, WRITE: logData.size=154, stateMachineData.size=10, logEntryProtoSerializedSize=0
java.util.concurrent.CompletionException: org.apache.hadoop.hdds.scm.container.common.helpers.StorageContainerException: Chunks directory /home/runner/work/ozone/ozone/hadoop-ozone/integration-test/target/test-dir/MiniOzoneClusterImpl-b7e00dfa-d3b8-45cf-9d3a-2bd5fdfebf54/ozone-meta/datanode-4/data-0/hdds/b7e00dfa-d3b8-45cf-9d3a-2bd5fdfebf54/current/containerDir0/9/chunks does not exist.
	at java.base/java.util.concurrent.CompletableFuture.encodeThrowable(CompletableFuture.java:332)
	at java.base/java.util.concurrent.CompletableFuture.completeThrowable(CompletableFuture.java:347)
	at java.base/java.util.concurrent.CompletableFuture$BiRelay.tryFire(CompletableFuture.java:1498)
	at java.base/java.util.concurrent.CompletableFuture$CoCompletion.tryFire(CompletableFuture.java:1219)
	at java.base/java.util.concurrent.CompletableFuture.postComplete(CompletableFuture.java:510)
	at java.base/java.util.concurrent.CompletableFuture.completeExceptionally(CompletableFuture.java:2194)
	at org.apache.ratis.server.raftlog.segmented.SegmentedRaftLog$Task.failed(SegmentedRaftLog.java:109)
	at org.apache.ratis.server.raftlog.segmented.SegmentedRaftLogWorker$WriteLog.failed(SegmentedRaftLogWorker.java:530)
	at org.apache.ratis.server.raftlog.segmented.SegmentedRaftLogWorker.run(SegmentedRaftLogWorker.java:326)
	at java.base/java.util.concurrent.Executors$RunnableAdapter.call(Executors.java:572)
	at java.base/java.util.concurrent.FutureTask.run(FutureTask.java:317)
	at java.base/java.util.concurrent.ThreadPoolExecutor.runWorker(ThreadPoolExecutor.java:1144)
	at java.base/java.util.concurrent.ThreadPoolExecutor$Worker.run(ThreadPoolExecutor.java:642)
	at java.base/java.lang.Thread.run(Thread.java:1583)
Caused by: org.apache.hadoop.hdds.scm.container.common.helpers.StorageContainerException: Chunks directory /home/runner/work/ozone/ozone/hadoop-ozone/integration-test/target/test-dir/MiniOzoneClusterImpl-b7e00dfa-d3b8-45cf-9d3a-2bd5fdfebf54/ozone-meta/datanode-4/data-0/hdds/b7e00dfa-d3b8-45cf-9d3a-2bd5fdfebf54/current/containerDir0/9/chunks does not exist.
	at org.apache.hadoop.ozone.container.common.transport.server.ratis.ContainerStateMachine.handleCommandResult(ContainerStateMachine.java:661)
	at org.apache.hadoop.ozone.container.common.transport.server.ratis.ContainerStateMachine.lambda$writeStateMachineData$2(ContainerStateMachine.java:623)
	... 4 more
2025-07-02 18:46:46,999 [c6c1c004-cb80-4a23-8b53-68ef0e0db17b-ContainerOp-5e6ba405-497c-4a06-b329-bc9ad7f74b25-4] INFO  keyvalue.KeyValueContainer (KeyValueContainer.java:flushAndSyncDB(514)) - Synced container: KeyValueContainerData #9 (CLOSING, non-empty, ri=0, origin=[dn_c6c1c004-cb80-4a23-8b53-68ef0e0db17b, pipeline_5e6ba405-497c-4a06-b329-bc9ad7f74b25])
2025-07-02 18:46:46,999 [c6c1c004-cb80-4a23-8b53-68ef0e0db17b-ContainerOp-5e6ba405-497c-4a06-b329-bc9ad7f74b25-4] INFO  keyvalue.KeyValueContainer (KeyValueContainer.java:flushAndSyncDB(514)) - Synced container: KeyValueContainerData #9 (CLOSING, non-empty, ri=0, origin=[dn_c6c1c004-cb80-4a23-8b53-68ef0e0db17b, pipeline_5e6ba405-497c-4a06-b329-bc9ad7f74b25])
2025-07-02 18:46:47,000 [grpc-default-executor-7] INFO  server.RaftServer$Division (RaftServerImpl.java:checkInconsistentAppendEntries(1673)) - 95ee4113-9599-4433-8033-e07ec30d3bee@group-BC9AD7F74B25: Failed appendEntries as previous log entry ((t:1, i:9)) is not found
2025-07-02 18:46:47,000 [grpc-default-executor-7] INFO  server.RaftServer$Division (RaftServerImpl.java:appendEntriesAsync(1594)) - 95ee4113-9599-4433-8033-e07ec30d3bee@group-BC9AD7F74B25: appendEntries* reply 4114dace-2331-46e8-9bd0-01e36750a673<-95ee4113-9599-4433-8033-e07ec30d3bee#60:FAIL-t1,INCONSISTENCY,nextIndex=6,followerCommit=4,matchIndex=-1
2025-07-02 18:46:47,001 [grpc-default-executor-2] INFO  leader.LogAppender (LogAppenderBase.java:lambda$getNextIndexForError$0(215)) - Decrease nextIndex to 5
2025-07-02 18:46:47,001 [grpc-default-executor-2] INFO  leader.LogAppender (LogAppenderBase.java:lambda$getNextIndexForError$0(215)) - Decrease nextIndex to 5
2025-07-02 18:46:47,001 [grpc-default-executor-2] INFO  leader.FollowerInfo (FollowerInfoImpl.java:info(70)) - 4114dace-2331-46e8-9bd0-01e36750a673@group-BC9AD7F74B25->95ee4113-9599-4433-8033-e07ec30d3bee: computeNextIndex nextIndex: updateUnconditionally 11 -> 5
2025-07-02 18:46:47,002 [4114dace-2331-46e8-9bd0-01e36750a673-ContainerOp-5e6ba405-497c-4a06-b329-bc9ad7f74b25-4] INFO  keyvalue.KeyValueContainer (KeyValueContainer.java:close(430)) - Closed container: KeyValueContainerData #9 (CLOSED, non-empty, ri=0, origin=[dn_4114dace-2331-46e8-9bd0-01e36750a673, pipeline_5e6ba405-497c-4a06-b329-bc9ad7f74b25])
2025-07-02 18:46:47,002 [4114dace-2331-46e8-9bd0-01e36750a673@group-BC9AD7F74B25-StateMachineUpdater] INFO  ratis.ContainerStateMachine (ContainerStateMachine.java:takeSnapshot(427)) - group-BC9AD7F74B25: Taking a snapshot at:(t:1, i:9) file /home/runner/work/ozone/ozone/hadoop-ozone/integration-test/target/test-dir/MiniOzoneClusterImpl-b7e00dfa-d3b8-45cf-9d3a-2bd5fdfebf54/ozone-meta/datanode-6/ratis/5e6ba405-497c-4a06-b329-bc9ad7f74b25/sm/snapshot.1_9
2025-07-02 18:46:47,003 [FixedThreadPoolWithAffinityExecutor-0-0] INFO  container.IncrementalContainerReportHandler (AbstractContainerReportHandler.java:updateContainerState(289)) - CLOSE Container #9 (CLOSING, sid=7) r0 (CLOSED, bcsid=7, origin=4114dace-2331-46e8-9bd0-01e36750a673, non-empty) from dn 4114dace-2331-46e8-9bd0-01e36750a673(localhost/127.0.0.1)
2025-07-02 18:46:47,003 [c6c1c004-cb80-4a23-8b53-68ef0e0db17b-ContainerOp-5e6ba405-497c-4a06-b329-bc9ad7f74b25-4] INFO  keyvalue.KeyValueContainer (KeyValueContainer.java:close(430)) - Closed container: KeyValueContainerData #9 (CLOSED, non-empty, ri=0, origin=[dn_c6c1c004-cb80-4a23-8b53-68ef0e0db17b, pipeline_5e6ba405-497c-4a06-b329-bc9ad7f74b25])
2025-07-02 18:46:47,004 [4114dace-2331-46e8-9bd0-01e36750a673@group-BC9AD7F74B25-StateMachineUpdater] INFO  ratis.ContainerStateMachine (ContainerStateMachine.java:takeSnapshot(436)) - group-BC9AD7F74B25: Finished taking a snapshot at:(t:1, i:9) file:/home/runner/work/ozone/ozone/hadoop-ozone/integration-test/target/test-dir/MiniOzoneClusterImpl-b7e00dfa-d3b8-45cf-9d3a-2bd5fdfebf54/ozone-meta/datanode-6/ratis/5e6ba405-497c-4a06-b329-bc9ad7f74b25/sm/snapshot.1_9 took: 2 ms
2025-07-02 18:46:47,004 [4114dace-2331-46e8-9bd0-01e36750a673@group-BC9AD7F74B25-StateMachineUpdater] INFO  impl.StateMachineUpdater (StateMachineUpdater.java:takeSnapshot(307)) - 4114dace-2331-46e8-9bd0-01e36750a673@group-BC9AD7F74B25-StateMachineUpdater: Took a snapshot at index 9
2025-07-02 18:46:47,004 [4114dace-2331-46e8-9bd0-01e36750a673@group-BC9AD7F74B25-StateMachineUpdater] INFO  impl.StateMachineUpdater (StateMachineUpdater.java:lambda$new$0(101)) - 4114dace-2331-46e8-9bd0-01e36750a673@group-BC9AD7F74B25-StateMachineUpdater: snapshotIndex: updateIncreasingly 6 -> 9
2025-07-02 18:46:47,004 [4114dace-2331-46e8-9bd0-01e36750a673@group-BC9AD7F74B25-StateMachineUpdater] INFO  ratis.ContainerStateMachine (ContainerStateMachine.java:takeSnapshot(427)) - group-BC9AD7F74B25: Taking a snapshot at:(t:1, i:10) file /home/runner/work/ozone/ozone/hadoop-ozone/integration-test/target/test-dir/MiniOzoneClusterImpl-b7e00dfa-d3b8-45cf-9d3a-2bd5fdfebf54/ozone-meta/datanode-6/ratis/5e6ba405-497c-4a06-b329-bc9ad7f74b25/sm/snapshot.1_10
2025-07-02 18:46:47,006 [95ee4113-9599-4433-8033-e07ec30d3bee-server-thread3] WARN  server.GrpcServerProtocolService (LogUtils.java:warn(129)) - 95ee4113-9599-4433-8033-e07ec30d3bee: Failed APPEND_ENTRIES request 4114dace-2331-46e8-9bd0-01e36750a673->95ee4113-9599-4433-8033-e07ec30d3bee#61-t1,previous=(t:1, i:4),leaderCommit=10,initializing? false,entries: size=6, first=(t:1, i:5), STATEMACHINELOGENTRY, WRITE: logData.size=154, stateMachineData.size=10, logEntryProtoSerializedSize=0
java.util.concurrent.CompletionException: org.apache.hadoop.hdds.scm.container.common.helpers.StorageContainerException: Chunks directory /home/runner/work/ozone/ozone/hadoop-ozone/integration-test/target/test-dir/MiniOzoneClusterImpl-b7e00dfa-d3b8-45cf-9d3a-2bd5fdfebf54/ozone-meta/datanode-4/data-0/hdds/b7e00dfa-d3b8-45cf-9d3a-2bd5fdfebf54/current/containerDir0/9/chunks does not exist.
	at java.base/java.util.concurrent.CompletableFuture.encodeThrowable(CompletableFuture.java:332)
	at java.base/java.util.concurrent.CompletableFuture.completeThrowable(CompletableFuture.java:347)
	at java.base/java.util.concurrent.CompletableFuture$BiRelay.tryFire(CompletableFuture.java:1498)
	at java.base/java.util.concurrent.CompletableFuture$CoCompletion.tryFire(CompletableFuture.java:1219)
	at java.base/java.util.concurrent.CompletableFuture.postComplete(CompletableFuture.java:510)
	at java.base/java.util.concurrent.CompletableFuture.completeExceptionally(CompletableFuture.java:2194)
	at org.apache.ratis.server.raftlog.segmented.SegmentedRaftLog$Task.failed(SegmentedRaftLog.java:109)
	at org.apache.ratis.server.raftlog.segmented.SegmentedRaftLogWorker$WriteLog.failed(SegmentedRaftLogWorker.java:530)
	at org.apache.ratis.server.raftlog.segmented.SegmentedRaftLogWorker.run(SegmentedRaftLogWorker.java:326)
	at java.base/java.util.concurrent.Executors$RunnableAdapter.call(Executors.java:572)
	at java.base/java.util.concurrent.FutureTask.run(FutureTask.java:317)
	at java.base/java.util.concurrent.ThreadPoolExecutor.runWorker(ThreadPoolExecutor.java:1144)
	at java.base/java.util.concurrent.ThreadPoolExecutor$Worker.run(ThreadPoolExecutor.java:642)
	at java.base/java.lang.Thread.run(Thread.java:1583)
Caused by: org.apache.hadoop.hdds.scm.container.common.helpers.StorageContainerException: Chunks directory /home/runner/work/ozone/ozone/hadoop-ozone/integration-test/target/test-dir/MiniOzoneClusterImpl-b7e00dfa-d3b8-45cf-9d3a-2bd5fdfebf54/ozone-meta/datanode-4/data-0/hdds/b7e00dfa-d3b8-45cf-9d3a-2bd5fdfebf54/current/containerDir0/9/chunks does not exist.
	at org.apache.hadoop.ozone.container.common.transport.server.ratis.ContainerStateMachine.handleCommandResult(ContainerStateMachine.java:661)
	at org.apache.hadoop.ozone.container.common.transport.server.ratis.ContainerStateMachine.lambda$writeStateMachineData$2(ContainerStateMachine.java:623)
	... 4 more
2025-07-02 18:46:47,006 [4114dace-2331-46e8-9bd0-01e36750a673@group-BC9AD7F74B25-StateMachineUpdater] INFO  ratis.ContainerStateMachine (ContainerStateMachine.java:takeSnapshot(436)) - group-BC9AD7F74B25: Finished taking a snapshot at:(t:1, i:10) file:/home/runner/work/ozone/ozone/hadoop-ozone/integration-test/target/test-dir/MiniOzoneClusterImpl-b7e00dfa-d3b8-45cf-9d3a-2bd5fdfebf54/ozone-meta/datanode-6/ratis/5e6ba405-497c-4a06-b329-bc9ad7f74b25/sm/snapshot.1_10 took: 2 ms
2025-07-02 18:46:47,007 [4114dace-2331-46e8-9bd0-01e36750a673@group-BC9AD7F74B25-StateMachineUpdater] INFO  impl.SimpleStateMachineStorage (SimpleStateMachineStorage.java:lambda$cleanupOldSnapshots$1(126)) - Deleting old snapshot at /home/runner/work/ozone/ozone/hadoop-ozone/integration-test/target/test-dir/MiniOzoneClusterImpl-b7e00dfa-d3b8-45cf-9d3a-2bd5fdfebf54/ozone-meta/datanode-6/ratis/5e6ba405-497c-4a06-b329-bc9ad7f74b25/sm/snapshot.1_0
2025-07-02 18:46:47,007 [4114dace-2331-46e8-9bd0-01e36750a673@group-BC9AD7F74B25-StateMachineUpdater] INFO  impl.StateMachineUpdater (StateMachineUpdater.java:takeSnapshot(307)) - 4114dace-2331-46e8-9bd0-01e36750a673@group-BC9AD7F74B25-StateMachineUpdater: Took a snapshot at index 10
2025-07-02 18:46:47,007 [4114dace-2331-46e8-9bd0-01e36750a673@group-BC9AD7F74B25-StateMachineUpdater] INFO  impl.StateMachineUpdater (StateMachineUpdater.java:lambda$new$0(101)) - 4114dace-2331-46e8-9bd0-01e36750a673@group-BC9AD7F74B25-StateMachineUpdater: snapshotIndex: updateIncreasingly 9 -> 10
2025-07-02 18:46:47,007 [grpc-default-executor-7] INFO  leader.LogAppender (LogAppenderBase.java:lambda$getNextIndexForError$0(215)) - Decrease nextIndex to 5
2025-07-02 18:46:47,007 [grpc-default-executor-7] INFO  leader.LogAppender (LogAppenderBase.java:lambda$getNextIndexForError$0(215)) - Decrease nextIndex to 5
2025-07-02 18:46:47,007 [grpc-default-executor-7] INFO  leader.FollowerInfo (FollowerInfoImpl.java:info(70)) - 4114dace-2331-46e8-9bd0-01e36750a673@group-BC9AD7F74B25->95ee4113-9599-4433-8033-e07ec30d3bee: computeNextIndex nextIndex: updateUnconditionally 11 -> 5
2025-07-02 18:46:47,027 [EventQueue-PipelineReportForPipelineReportHandler] INFO  pipeline.PipelineReportHandler (PipelineReportHandler.java:handlePipelineNotFoundException(98)) - Pipeline Pipeline-bdaade3c-0733-45ca-8236-8fd04f33eac3, reported by datanode 92aeff0d-b8ac-4e9e-9ba6-1724c63a8401(localhost/127.0.0.1) is not found.
2025-07-02 18:46:47,027 [EventQueue-PipelineReportForPipelineReportHandler] INFO  pipeline.PipelineReportHandler (PipelineReportHandler.java:handlePipelineNotFoundException(98)) - Pipeline Pipeline-73acc545-491b-4393-8737-2788c300d651, reported by datanode 92aeff0d-b8ac-4e9e-9ba6-1724c63a8401(localhost/127.0.0.1) is not found.
2025-07-02 18:46:47,030 [grpc-default-executor-7] INFO  server.RaftServer (RaftServerProxy.java:remove(116)) - 9eb5a351-9325-4150-9d0a-de2b7d27d48d: remove  FOLLOWER (RUNNING): 9eb5a351-9325-4150-9d0a-de2b7d27d48d@group-2788C300D651:t1, leader=92aeff0d-b8ac-4e9e-9ba6-1724c63a8401, voted=92aeff0d-b8ac-4e9e-9ba6-1724c63a8401, raftlog=Memoized:9eb5a351-9325-4150-9d0a-de2b7d27d48d@group-2788C300D651-SegmentedRaftLog:OPENED:c0:last(t:1, i:0), conf=conf: {index: 0, cur=peers:[9eb5a351-9325-4150-9d0a-de2b7d27d48d|127.0.0.1:15079, 71a26ef2-e834-411c-97c5-a30c78105e8f|127.0.0.1:15071, 92aeff0d-b8ac-4e9e-9ba6-1724c63a8401|127.0.0.1:15063]|listeners:[], old=null}
2025-07-02 18:46:47,030 [grpc-default-executor-7] INFO  server.RaftServer$Division (RaftServerImpl.java:lambda$close$1(527)) - 9eb5a351-9325-4150-9d0a-de2b7d27d48d@group-2788C300D651: shutdown
2025-07-02 18:46:47,030 [grpc-default-executor-7] INFO  util.JmxRegister (JmxRegister.java:unregister(74)) - Successfully un-registered JMX Bean with object name Ratis:service=RaftServer,group=group-2788C300D651,id=9eb5a351-9325-4150-9d0a-de2b7d27d48d
2025-07-02 18:46:47,030 [grpc-default-executor-7] INFO  impl.RoleInfo (RoleInfo.java:shutdownFollowerState(121)) - 9eb5a351-9325-4150-9d0a-de2b7d27d48d: shutdown 9eb5a351-9325-4150-9d0a-de2b7d27d48d@group-2788C300D651-FollowerState
2025-07-02 18:46:47,030 [grpc-default-executor-7] INFO  impl.StateMachineUpdater (StateMachineUpdater.java:stopAndJoin(163)) - 9eb5a351-9325-4150-9d0a-de2b7d27d48d@group-2788C300D651-StateMachineUpdater: set stopIndex = 0
2025-07-02 18:46:47,030 [9eb5a351-9325-4150-9d0a-de2b7d27d48d@group-2788C300D651-StateMachineUpdater] INFO  impl.StateMachineUpdater (StateMachineUpdater.java:stop(140)) - 9eb5a351-9325-4150-9d0a-de2b7d27d48d@group-2788C300D651-StateMachineUpdater: closing ContainerStateMachine, lastApplied=(t:1, i:0)
2025-07-02 18:46:47,030 [9eb5a351-9325-4150-9d0a-de2b7d27d48d@group-2788C300D651-FollowerState] INFO  impl.FollowerState (FollowerState.java:runImpl(170)) - 9eb5a351-9325-4150-9d0a-de2b7d27d48d@group-2788C300D651-FollowerState was interrupted
2025-07-02 18:46:47,031 [9eb5a351-9325-4150-9d0a-de2b7d27d48d@group-2788C300D651-cacheEviction-AwaitToRun] INFO  util.AwaitToRun (AwaitToRun.java:run(49)) - 9eb5a351-9325-4150-9d0a-de2b7d27d48d@group-2788C300D651-cacheEviction-AwaitToRun-AwaitForSignal is interrupted
2025-07-02 18:46:47,031 [EventQueue-PipelineActionsForPipelineActionHandler] INFO  pipeline.PipelineActionHandler (PipelineActionHandler.java:processPipelineAction(89)) - Received pipeline action CLOSE for Pipeline-5e6ba405-497c-4a06-b329-bc9ad7f74b25 from datanode 95ee4113-9599-4433-8033-e07ec30d3bee(localhost/127.0.0.1). Reason : Chunks directory /home/runner/work/ozone/ozone/hadoop-ozone/integration-test/target/test-dir/MiniOzoneClusterImpl-b7e00dfa-d3b8-45cf-9d3a-2bd5fdfebf54/ozone-meta/datanode-4/data-0/hdds/b7e00dfa-d3b8-45cf-9d3a-2bd5fdfebf54/current/containerDir0/9/chunks does not exist.
2025-07-02 18:46:47,108 [grpc-default-executor-2] WARN  server.RaftServer (RaftServerProxy.java:remove(111)) - 71a26ef2-e834-411c-97c5-a30c78105e8f: does not contain group: group-8FD04F33EAC3
2025-07-02 18:46:47,108 [grpc-default-executor-2] WARN  server.GrpcAdminProtocolService (GrpcAdminProtocolService.java:lambda$groupManagement$1(53)) - Failed groupManagement: GROUPREMOVE, GroupManagementRequest:client-E5C06FD9EA68->71a26ef2-e834-411c-97c5-a30c78105e8f@group-8FD04F33EAC3, cid=184, seq=null, RW, null, Remove:group-8FD04F33EAC3, delete-dir
org.apache.ratis.protocol.exceptions.GroupMismatchException: 71a26ef2-e834-411c-97c5-a30c78105e8f: Group group-8FD04F33EAC3 not found.
	at org.apache.ratis.server.impl.RaftServerProxy.groupRemoveAsync(RaftServerProxy.java:548)
	at org.apache.ratis.server.impl.RaftServerProxy.groupManagementAsync(RaftServerProxy.java:499)
	at org.apache.ratis.grpc.server.GrpcAdminProtocolService.lambda$groupManagement$0(GrpcAdminProtocolService.java:51)
	at org.apache.ratis.grpc.GrpcUtil.asyncCall(GrpcUtil.java:172)
	at org.apache.ratis.grpc.server.GrpcAdminProtocolService.groupManagement(GrpcAdminProtocolService.java:51)
	at org.apache.ratis.proto.grpc.AdminProtocolServiceGrpc$MethodHandlers.invoke(AdminProtocolServiceGrpc.java:701)
	at org.apache.ratis.thirdparty.io.grpc.stub.ServerCalls$UnaryServerCallHandler$UnaryServerCallListener.onHalfClose(ServerCalls.java:182)
	at org.apache.ratis.thirdparty.io.grpc.internal.ServerCallImpl$ServerStreamListenerImpl.halfClosed(ServerCallImpl.java:356)
	at org.apache.ratis.thirdparty.io.grpc.internal.ServerImpl$JumpToApplicationThreadServerStreamListener$1HalfClosed.runInContext(ServerImpl.java:861)
	at org.apache.ratis.thirdparty.io.grpc.internal.ContextRunnable.run(ContextRunnable.java:37)
	at org.apache.ratis.thirdparty.io.grpc.internal.SerializingExecutor.run(SerializingExecutor.java:133)
	at java.base/java.util.concurrent.ThreadPoolExecutor.runWorker(ThreadPoolExecutor.java:1144)
	at java.base/java.util.concurrent.ThreadPoolExecutor$Worker.run(ThreadPoolExecutor.java:642)
	at java.base/java.lang.Thread.run(Thread.java:1583)
2025-07-02 18:46:47,114 [grpc-default-executor-2] INFO  server.RaftServer (RaftServerProxy.java:remove(116)) - 92aeff0d-b8ac-4e9e-9ba6-1724c63a8401: remove  FOLLOWER (RUNNING): 92aeff0d-b8ac-4e9e-9ba6-1724c63a8401@group-8FD04F33EAC3:t1, leader=9eb5a351-9325-4150-9d0a-de2b7d27d48d, voted=9eb5a351-9325-4150-9d0a-de2b7d27d48d, raftlog=Memoized:92aeff0d-b8ac-4e9e-9ba6-1724c63a8401@group-8FD04F33EAC3-SegmentedRaftLog:OPENED:c0:last(t:1, i:0), conf=conf: {index: 0, cur=peers:[9eb5a351-9325-4150-9d0a-de2b7d27d48d|127.0.0.1:15079, 71a26ef2-e834-411c-97c5-a30c78105e8f|127.0.0.1:15071, 92aeff0d-b8ac-4e9e-9ba6-1724c63a8401|127.0.0.1:15063]|listeners:[], old=null}
2025-07-02 18:46:47,114 [grpc-default-executor-2] INFO  server.RaftServer$Division (RaftServerImpl.java:lambda$close$1(527)) - 92aeff0d-b8ac-4e9e-9ba6-1724c63a8401@group-8FD04F33EAC3: shutdown
2025-07-02 18:46:47,114 [grpc-default-executor-2] INFO  util.JmxRegister (JmxRegister.java:unregister(74)) - Successfully un-registered JMX Bean with object name Ratis:service=RaftServer,group=group-8FD04F33EAC3,id=92aeff0d-b8ac-4e9e-9ba6-1724c63a8401
2025-07-02 18:46:47,114 [grpc-default-executor-2] INFO  impl.RoleInfo (RoleInfo.java:shutdownFollowerState(121)) - 92aeff0d-b8ac-4e9e-9ba6-1724c63a8401: shutdown 92aeff0d-b8ac-4e9e-9ba6-1724c63a8401@group-8FD04F33EAC3-FollowerState
2025-07-02 18:46:47,114 [grpc-default-executor-2] INFO  impl.StateMachineUpdater (StateMachineUpdater.java:stopAndJoin(163)) - 92aeff0d-b8ac-4e9e-9ba6-1724c63a8401@group-8FD04F33EAC3-StateMachineUpdater: set stopIndex = 0
2025-07-02 18:46:47,114 [92aeff0d-b8ac-4e9e-9ba6-1724c63a8401@group-8FD04F33EAC3-FollowerState] INFO  impl.FollowerState (FollowerState.java:runImpl(170)) - 92aeff0d-b8ac-4e9e-9ba6-1724c63a8401@group-8FD04F33EAC3-FollowerState was interrupted
2025-07-02 18:46:47,114 [92aeff0d-b8ac-4e9e-9ba6-1724c63a8401@group-8FD04F33EAC3-StateMachineUpdater] INFO  impl.StateMachineUpdater (StateMachineUpdater.java:stop(140)) - 92aeff0d-b8ac-4e9e-9ba6-1724c63a8401@group-8FD04F33EAC3-StateMachineUpdater: closing ContainerStateMachine, lastApplied=(t:1, i:0)
2025-07-02 18:46:47,115 [92aeff0d-b8ac-4e9e-9ba6-1724c63a8401@group-8FD04F33EAC3-cacheEviction-AwaitToRun] INFO  util.AwaitToRun (AwaitToRun.java:run(49)) - 92aeff0d-b8ac-4e9e-9ba6-1724c63a8401@group-8FD04F33EAC3-cacheEviction-AwaitToRun-AwaitForSignal is interrupted
2025-07-02 18:46:47,227 [f74b8a39-8cc1-4de2-93c6-02015e72cd55@group-BFB6AC865810-StateMachineUpdater] INFO  ratis.ContainerStateMachine (ContainerStateMachine.java:takeSnapshot(427)) - group-BFB6AC865810: Taking a snapshot at:(t:1, i:0) file /home/runner/work/ozone/ozone/hadoop-ozone/integration-test/target/test-dir/MiniOzoneClusterImpl-b7e00dfa-d3b8-45cf-9d3a-2bd5fdfebf54/ozone-meta/datanode-10/ratis/a1613614-5602-4067-9899-bfb6ac865810/sm/snapshot.1_0
2025-07-02 18:46:47,227 [f1637480-4571-474d-8c0e-49126192dfac@group-BFB6AC865810-StateMachineUpdater] INFO  ratis.ContainerStateMachine (ContainerStateMachine.java:takeSnapshot(427)) - group-BFB6AC865810: Taking a snapshot at:(t:1, i:0) file /home/runner/work/ozone/ozone/hadoop-ozone/integration-test/target/test-dir/MiniOzoneClusterImpl-b7e00dfa-d3b8-45cf-9d3a-2bd5fdfebf54/ozone-meta/datanode-2/ratis/a1613614-5602-4067-9899-bfb6ac865810/sm/snapshot.1_0
2025-07-02 18:46:47,228 [f1637480-4571-474d-8c0e-49126192dfac@group-BFB6AC865810-StateMachineUpdater] INFO  ratis.ContainerStateMachine (ContainerStateMachine.java:takeSnapshot(436)) - group-BFB6AC865810: Finished taking a snapshot at:(t:1, i:0) file:/home/runner/work/ozone/ozone/hadoop-ozone/integration-test/target/test-dir/MiniOzoneClusterImpl-b7e00dfa-d3b8-45cf-9d3a-2bd5fdfebf54/ozone-meta/datanode-2/ratis/a1613614-5602-4067-9899-bfb6ac865810/sm/snapshot.1_0 took: 1 ms
2025-07-02 18:46:47,228 [f74b8a39-8cc1-4de2-93c6-02015e72cd55@group-BFB6AC865810-StateMachineUpdater] INFO  ratis.ContainerStateMachine (ContainerStateMachine.java:takeSnapshot(436)) - group-BFB6AC865810: Finished taking a snapshot at:(t:1, i:0) file:/home/runner/work/ozone/ozone/hadoop-ozone/integration-test/target/test-dir/MiniOzoneClusterImpl-b7e00dfa-d3b8-45cf-9d3a-2bd5fdfebf54/ozone-meta/datanode-10/ratis/a1613614-5602-4067-9899-bfb6ac865810/sm/snapshot.1_0 took: 1 ms
2025-07-02 18:46:47,228 [f1637480-4571-474d-8c0e-49126192dfac@group-BFB6AC865810-StateMachineUpdater] INFO  impl.StateMachineUpdater (StateMachineUpdater.java:takeSnapshot(307)) - f1637480-4571-474d-8c0e-49126192dfac@group-BFB6AC865810-StateMachineUpdater: Took a snapshot at index 0
2025-07-02 18:46:47,228 [f1637480-4571-474d-8c0e-49126192dfac@group-BFB6AC865810-StateMachineUpdater] INFO  impl.StateMachineUpdater (StateMachineUpdater.java:lambda$new$0(101)) - f1637480-4571-474d-8c0e-49126192dfac@group-BFB6AC865810-StateMachineUpdater: snapshotIndex: updateIncreasingly -1 -> 0
2025-07-02 18:46:47,228 [f74b8a39-8cc1-4de2-93c6-02015e72cd55@group-BFB6AC865810-StateMachineUpdater] INFO  impl.StateMachineUpdater (StateMachineUpdater.java:takeSnapshot(307)) - f74b8a39-8cc1-4de2-93c6-02015e72cd55@group-BFB6AC865810-StateMachineUpdater: Took a snapshot at index 0
2025-07-02 18:46:47,228 [f74b8a39-8cc1-4de2-93c6-02015e72cd55@group-BFB6AC865810-StateMachineUpdater] INFO  impl.StateMachineUpdater (StateMachineUpdater.java:lambda$new$0(101)) - f74b8a39-8cc1-4de2-93c6-02015e72cd55@group-BFB6AC865810-StateMachineUpdater: snapshotIndex: updateIncreasingly -1 -> 0
2025-07-02 18:46:47,231 [EventQueue-PipelineActionsForPipelineActionHandler] INFO  pipeline.PipelineActionHandler (PipelineActionHandler.java:processPipelineAction(89)) - Received pipeline action CLOSE for Pipeline-5e6ba405-497c-4a06-b329-bc9ad7f74b25 from datanode 95ee4113-9599-4433-8033-e07ec30d3bee(localhost/127.0.0.1). Reason : Chunks directory /home/runner/work/ozone/ozone/hadoop-ozone/integration-test/target/test-dir/MiniOzoneClusterImpl-b7e00dfa-d3b8-45cf-9d3a-2bd5fdfebf54/ozone-meta/datanode-4/data-0/hdds/b7e00dfa-d3b8-45cf-9d3a-2bd5fdfebf54/current/containerDir0/9/chunks does not exist.
2025-07-02 18:46:47,305 [EventQueue-PipelineReportForPipelineReportHandler] INFO  pipeline.PipelineReportHandler (PipelineReportHandler.java:handlePipelineNotFoundException(98)) - Pipeline Pipeline-bdaade3c-0733-45ca-8236-8fd04f33eac3, reported by datanode 9eb5a351-9325-4150-9d0a-de2b7d27d48d(localhost/127.0.0.1) is not found.
2025-07-02 18:46:47,350 [71a26ef2-e834-411c-97c5-a30c78105e8f@group-AC6AD5D0BEC1-StateMachineUpdater] INFO  ratis.ContainerStateMachine (ContainerStateMachine.java:takeSnapshot(427)) - group-AC6AD5D0BEC1: Taking a snapshot at:(t:1, i:0) file /home/runner/work/ozone/ozone/hadoop-ozone/integration-test/target/test-dir/MiniOzoneClusterImpl-b7e00dfa-d3b8-45cf-9d3a-2bd5fdfebf54/ozone-meta/datanode-8/ratis621ab3af-a1c7-4ad2-ba79-87f35c273b6e/611b0eb7-a440-42e2-b82d-ac6ad5d0bec1/sm/snapshot.1_0
2025-07-02 18:46:47,350 [71a26ef2-e834-411c-97c5-a30c78105e8f@group-AC6AD5D0BEC1-StateMachineUpdater] INFO  ratis.ContainerStateMachine (ContainerStateMachine.java:takeSnapshot(436)) - group-AC6AD5D0BEC1: Finished taking a snapshot at:(t:1, i:0) file:/home/runner/work/ozone/ozone/hadoop-ozone/integration-test/target/test-dir/MiniOzoneClusterImpl-b7e00dfa-d3b8-45cf-9d3a-2bd5fdfebf54/ozone-meta/datanode-8/ratis621ab3af-a1c7-4ad2-ba79-87f35c273b6e/611b0eb7-a440-42e2-b82d-ac6ad5d0bec1/sm/snapshot.1_0 took: 0 ms
2025-07-02 18:46:47,350 [71a26ef2-e834-411c-97c5-a30c78105e8f@group-AC6AD5D0BEC1-StateMachineUpdater] INFO  impl.StateMachineUpdater (StateMachineUpdater.java:takeSnapshot(307)) - 71a26ef2-e834-411c-97c5-a30c78105e8f@group-AC6AD5D0BEC1-StateMachineUpdater: Took a snapshot at index 0
2025-07-02 18:46:47,350 [71a26ef2-e834-411c-97c5-a30c78105e8f@group-AC6AD5D0BEC1-StateMachineUpdater] INFO  impl.StateMachineUpdater (StateMachineUpdater.java:lambda$new$0(101)) - 71a26ef2-e834-411c-97c5-a30c78105e8f@group-AC6AD5D0BEC1-StateMachineUpdater: snapshotIndex: updateIncreasingly -1 -> 0
2025-07-02 18:46:47,353 [9eb5a351-9325-4150-9d0a-de2b7d27d48d@group-AC6AD5D0BEC1-StateMachineUpdater] INFO  ratis.ContainerStateMachine (ContainerStateMachine.java:takeSnapshot(427)) - group-AC6AD5D0BEC1: Taking a snapshot at:(t:1, i:0) file /home/runner/work/ozone/ozone/hadoop-ozone/integration-test/target/test-dir/MiniOzoneClusterImpl-b7e00dfa-d3b8-45cf-9d3a-2bd5fdfebf54/ozone-meta/datanode-9/ratis/611b0eb7-a440-42e2-b82d-ac6ad5d0bec1/sm/snapshot.1_0
2025-07-02 18:46:47,354 [9eb5a351-9325-4150-9d0a-de2b7d27d48d@group-AC6AD5D0BEC1-StateMachineUpdater] INFO  ratis.ContainerStateMachine (ContainerStateMachine.java:takeSnapshot(436)) - group-AC6AD5D0BEC1: Finished taking a snapshot at:(t:1, i:0) file:/home/runner/work/ozone/ozone/hadoop-ozone/integration-test/target/test-dir/MiniOzoneClusterImpl-b7e00dfa-d3b8-45cf-9d3a-2bd5fdfebf54/ozone-meta/datanode-9/ratis/611b0eb7-a440-42e2-b82d-ac6ad5d0bec1/sm/snapshot.1_0 took: 1 ms
2025-07-02 18:46:47,354 [9eb5a351-9325-4150-9d0a-de2b7d27d48d@group-AC6AD5D0BEC1-StateMachineUpdater] INFO  impl.StateMachineUpdater (StateMachineUpdater.java:takeSnapshot(307)) - 9eb5a351-9325-4150-9d0a-de2b7d27d48d@group-AC6AD5D0BEC1-StateMachineUpdater: Took a snapshot at index 0
2025-07-02 18:46:47,354 [9eb5a351-9325-4150-9d0a-de2b7d27d48d@group-AC6AD5D0BEC1-StateMachineUpdater] INFO  impl.StateMachineUpdater (StateMachineUpdater.java:lambda$new$0(101)) - 9eb5a351-9325-4150-9d0a-de2b7d27d48d@group-AC6AD5D0BEC1-StateMachineUpdater: snapshotIndex: updateIncreasingly -1 -> 0
2025-07-02 18:46:47,383 [75758caf-2019-48e0-9285-4ac26ec01eda@group-88BC538DCFCE-StateMachineUpdater] INFO  ratis.ContainerStateMachine (ContainerStateMachine.java:takeSnapshot(427)) - group-88BC538DCFCE: Taking a snapshot at:(t:1, i:0) file /home/runner/work/ozone/ozone/hadoop-ozone/integration-test/target/test-dir/MiniOzoneClusterImpl-b7e00dfa-d3b8-45cf-9d3a-2bd5fdfebf54/ozone-meta/datanode-1/ratise27c5049-6de8-4653-87a7-5e58b36f95b4/1a51bdf4-0f1a-4bbf-8dd1-88bc538dcfce/sm/snapshot.1_0
2025-07-02 18:46:47,384 [baa12041-7cca-45c7-810c-7ea11519444b@group-88BC538DCFCE-StateMachineUpdater] INFO  ratis.ContainerStateMachine (ContainerStateMachine.java:takeSnapshot(427)) - group-88BC538DCFCE: Taking a snapshot at:(t:1, i:0) file /home/runner/work/ozone/ozone/hadoop-ozone/integration-test/target/test-dir/MiniOzoneClusterImpl-b7e00dfa-d3b8-45cf-9d3a-2bd5fdfebf54/ozone-meta/datanode-3/ratis/1a51bdf4-0f1a-4bbf-8dd1-88bc538dcfce/sm/snapshot.1_0
2025-07-02 18:46:47,384 [75758caf-2019-48e0-9285-4ac26ec01eda@group-88BC538DCFCE-StateMachineUpdater] INFO  ratis.ContainerStateMachine (ContainerStateMachine.java:takeSnapshot(436)) - group-88BC538DCFCE: Finished taking a snapshot at:(t:1, i:0) file:/home/runner/work/ozone/ozone/hadoop-ozone/integration-test/target/test-dir/MiniOzoneClusterImpl-b7e00dfa-d3b8-45cf-9d3a-2bd5fdfebf54/ozone-meta/datanode-1/ratise27c5049-6de8-4653-87a7-5e58b36f95b4/1a51bdf4-0f1a-4bbf-8dd1-88bc538dcfce/sm/snapshot.1_0 took: 1 ms
2025-07-02 18:46:47,384 [75758caf-2019-48e0-9285-4ac26ec01eda@group-88BC538DCFCE-StateMachineUpdater] INFO  impl.StateMachineUpdater (StateMachineUpdater.java:takeSnapshot(307)) - 75758caf-2019-48e0-9285-4ac26ec01eda@group-88BC538DCFCE-StateMachineUpdater: Took a snapshot at index 0
2025-07-02 18:46:47,384 [75758caf-2019-48e0-9285-4ac26ec01eda@group-88BC538DCFCE-StateMachineUpdater] INFO  impl.StateMachineUpdater (StateMachineUpdater.java:lambda$new$0(101)) - 75758caf-2019-48e0-9285-4ac26ec01eda@group-88BC538DCFCE-StateMachineUpdater: snapshotIndex: updateIncreasingly -1 -> 0
2025-07-02 18:46:47,384 [baa12041-7cca-45c7-810c-7ea11519444b@group-88BC538DCFCE-StateMachineUpdater] INFO  ratis.ContainerStateMachine (ContainerStateMachine.java:takeSnapshot(436)) - group-88BC538DCFCE: Finished taking a snapshot at:(t:1, i:0) file:/home/runner/work/ozone/ozone/hadoop-ozone/integration-test/target/test-dir/MiniOzoneClusterImpl-b7e00dfa-d3b8-45cf-9d3a-2bd5fdfebf54/ozone-meta/datanode-3/ratis/1a51bdf4-0f1a-4bbf-8dd1-88bc538dcfce/sm/snapshot.1_0 took: 1 ms
2025-07-02 18:46:47,384 [baa12041-7cca-45c7-810c-7ea11519444b@group-88BC538DCFCE-StateMachineUpdater] INFO  impl.StateMachineUpdater (StateMachineUpdater.java:takeSnapshot(307)) - baa12041-7cca-45c7-810c-7ea11519444b@group-88BC538DCFCE-StateMachineUpdater: Took a snapshot at index 0
2025-07-02 18:46:47,384 [baa12041-7cca-45c7-810c-7ea11519444b@group-88BC538DCFCE-StateMachineUpdater] INFO  impl.StateMachineUpdater (StateMachineUpdater.java:lambda$new$0(101)) - baa12041-7cca-45c7-810c-7ea11519444b@group-88BC538DCFCE-StateMachineUpdater: snapshotIndex: updateIncreasingly -1 -> 0
2025-07-02 18:46:47,427 [EventQueue-PipelineReportForPipelineReportHandler] INFO  pipeline.PipelineReportHandler (PipelineReportHandler.java:handlePipelineNotFoundException(98)) - Pipeline Pipeline-73acc545-491b-4393-8737-2788c300d651, reported by datanode 92aeff0d-b8ac-4e9e-9ba6-1724c63a8401(localhost/127.0.0.1) is not found.
2025-07-02 18:46:47,430 [EventQueue-PipelineActionsForPipelineActionHandler] INFO  pipeline.PipelineActionHandler (PipelineActionHandler.java:processPipelineAction(89)) - Received pipeline action CLOSE for Pipeline-5e6ba405-497c-4a06-b329-bc9ad7f74b25 from datanode 95ee4113-9599-4433-8033-e07ec30d3bee(localhost/127.0.0.1). Reason : Chunks directory /home/runner/work/ozone/ozone/hadoop-ozone/integration-test/target/test-dir/MiniOzoneClusterImpl-b7e00dfa-d3b8-45cf-9d3a-2bd5fdfebf54/ozone-meta/datanode-4/data-0/hdds/b7e00dfa-d3b8-45cf-9d3a-2bd5fdfebf54/current/containerDir0/9/chunks does not exist.
2025-07-02 18:46:47,439 [grpc-default-executor-7] INFO  segmented.SegmentedRaftLogWorker (SegmentedRaftLogWorker.java:close(254)) - 9eb5a351-9325-4150-9d0a-de2b7d27d48d@group-2788C300D651-SegmentedRaftLogWorker close()
2025-07-02 18:46:47,440 [grpc-default-executor-7] INFO  server.RaftServer$Division (RaftServerImpl.java:groupRemove(497)) - 9eb5a351-9325-4150-9d0a-de2b7d27d48d@group-2788C300D651: Succeed to remove RaftStorageDirectory Storage Directory /home/runner/work/ozone/ozone/hadoop-ozone/integration-test/target/test-dir/MiniOzoneClusterImpl-b7e00dfa-d3b8-45cf-9d3a-2bd5fdfebf54/ozone-meta/datanode-9/ratis/73acc545-491b-4393-8737-2788c300d651
2025-07-02 18:46:47,446 [grpc-default-executor-7] WARN  server.RaftServer (RaftServerProxy.java:remove(111)) - 71a26ef2-e834-411c-97c5-a30c78105e8f: does not contain group: group-2788C300D651
2025-07-02 18:46:47,446 [grpc-default-executor-7] WARN  server.GrpcAdminProtocolService (GrpcAdminProtocolService.java:lambda$groupManagement$1(53)) - Failed groupManagement: GROUPREMOVE, GroupManagementRequest:client-FDD540A7ADEA->71a26ef2-e834-411c-97c5-a30c78105e8f@group-2788C300D651, cid=186, seq=null, RW, null, Remove:group-2788C300D651, delete-dir
org.apache.ratis.protocol.exceptions.GroupMismatchException: 71a26ef2-e834-411c-97c5-a30c78105e8f: Group group-2788C300D651 not found.
	at org.apache.ratis.server.impl.RaftServerProxy.groupRemoveAsync(RaftServerProxy.java:548)
	at org.apache.ratis.server.impl.RaftServerProxy.groupManagementAsync(RaftServerProxy.java:499)
	at org.apache.ratis.grpc.server.GrpcAdminProtocolService.lambda$groupManagement$0(GrpcAdminProtocolService.java:51)
	at org.apache.ratis.grpc.GrpcUtil.asyncCall(GrpcUtil.java:172)
	at org.apache.ratis.grpc.server.GrpcAdminProtocolService.groupManagement(GrpcAdminProtocolService.java:51)
	at org.apache.ratis.proto.grpc.AdminProtocolServiceGrpc$MethodHandlers.invoke(AdminProtocolServiceGrpc.java:701)
	at org.apache.ratis.thirdparty.io.grpc.stub.ServerCalls$UnaryServerCallHandler$UnaryServerCallListener.onHalfClose(ServerCalls.java:182)
	at org.apache.ratis.thirdparty.io.grpc.internal.ServerCallImpl$ServerStreamListenerImpl.halfClosed(ServerCallImpl.java:356)
	at org.apache.ratis.thirdparty.io.grpc.internal.ServerImpl$JumpToApplicationThreadServerStreamListener$1HalfClosed.runInContext(ServerImpl.java:861)
	at org.apache.ratis.thirdparty.io.grpc.internal.ContextRunnable.run(ContextRunnable.java:37)
	at org.apache.ratis.thirdparty.io.grpc.internal.SerializingExecutor.run(SerializingExecutor.java:133)
	at java.base/java.util.concurrent.ThreadPoolExecutor.runWorker(ThreadPoolExecutor.java:1144)
	at java.base/java.util.concurrent.ThreadPoolExecutor$Worker.run(ThreadPoolExecutor.java:642)
	at java.base/java.lang.Thread.run(Thread.java:1583)
2025-07-02 18:46:47,449 [92aeff0d-b8ac-4e9e-9ba6-1724c63a8401-PipelineCommandHandlerThread-0] INFO  server.RaftServer (RaftServerProxy.java:remove(116)) - 92aeff0d-b8ac-4e9e-9ba6-1724c63a8401: remove    LEADER (RUNNING): 92aeff0d-b8ac-4e9e-9ba6-1724c63a8401@group-2788C300D651:t1, leader=92aeff0d-b8ac-4e9e-9ba6-1724c63a8401, voted=92aeff0d-b8ac-4e9e-9ba6-1724c63a8401, raftlog=Memoized:92aeff0d-b8ac-4e9e-9ba6-1724c63a8401@group-2788C300D651-SegmentedRaftLog:OPENED:c0:last(t:1, i:0), conf=conf: {index: 0, cur=peers:[9eb5a351-9325-4150-9d0a-de2b7d27d48d|127.0.0.1:15079, 71a26ef2-e834-411c-97c5-a30c78105e8f|127.0.0.1:15071, 92aeff0d-b8ac-4e9e-9ba6-1724c63a8401|127.0.0.1:15063]|listeners:[], old=null}
2025-07-02 18:46:47,449 [92aeff0d-b8ac-4e9e-9ba6-1724c63a8401-PipelineCommandHandlerThread-0] INFO  server.RaftServer$Division (RaftServerImpl.java:lambda$close$1(527)) - 92aeff0d-b8ac-4e9e-9ba6-1724c63a8401@group-2788C300D651: shutdown
2025-07-02 18:46:47,449 [92aeff0d-b8ac-4e9e-9ba6-1724c63a8401-PipelineCommandHandlerThread-0] INFO  util.JmxRegister (JmxRegister.java:unregister(74)) - Successfully un-registered JMX Bean with object name Ratis:service=RaftServer,group=group-2788C300D651,id=92aeff0d-b8ac-4e9e-9ba6-1724c63a8401
2025-07-02 18:46:47,449 [92aeff0d-b8ac-4e9e-9ba6-1724c63a8401-PipelineCommandHandlerThread-0] INFO  impl.RoleInfo (RoleInfo.java:shutdownLeaderState(103)) - 92aeff0d-b8ac-4e9e-9ba6-1724c63a8401: shutdown 92aeff0d-b8ac-4e9e-9ba6-1724c63a8401@group-2788C300D651-LeaderStateImpl
2025-07-02 18:46:47,449 [92aeff0d-b8ac-4e9e-9ba6-1724c63a8401-PipelineCommandHandlerThread-0] INFO  impl.PendingRequests (PendingRequests.java:sendNotLeaderResponses(287)) - 92aeff0d-b8ac-4e9e-9ba6-1724c63a8401@group-2788C300D651-PendingRequests: sendNotLeaderResponses
2025-07-02 18:46:47,450 [92aeff0d-b8ac-4e9e-9ba6-1724c63a8401@group-2788C300D651->9eb5a351-9325-4150-9d0a-de2b7d27d48d-GrpcLogAppender-LogAppenderDaemon] WARN  server.GrpcLogAppender (GrpcLogAppender.java:mayWait(300)) - 92aeff0d-b8ac-4e9e-9ba6-1724c63a8401@group-2788C300D651->9eb5a351-9325-4150-9d0a-de2b7d27d48d-GrpcLogAppender: Wait interrupted by java.lang.InterruptedException
2025-07-02 18:46:47,450 [92aeff0d-b8ac-4e9e-9ba6-1724c63a8401@group-2788C300D651->71a26ef2-e834-411c-97c5-a30c78105e8f-GrpcLogAppender-LogAppenderDaemon] WARN  server.GrpcLogAppender (GrpcLogAppender.java:mayWait(300)) - 92aeff0d-b8ac-4e9e-9ba6-1724c63a8401@group-2788C300D651->71a26ef2-e834-411c-97c5-a30c78105e8f-GrpcLogAppender: Wait interrupted by java.lang.InterruptedException
2025-07-02 18:46:47,451 [92aeff0d-b8ac-4e9e-9ba6-1724c63a8401-PipelineCommandHandlerThread-0] INFO  impl.StateMachineUpdater (StateMachineUpdater.java:stopAndJoin(163)) - 92aeff0d-b8ac-4e9e-9ba6-1724c63a8401@group-2788C300D651-StateMachineUpdater: set stopIndex = 0
2025-07-02 18:46:47,452 [grpc-default-executor-6] INFO  server.GrpcServerProtocolService (GrpcServerProtocolService.java:lambda$onCompleted$6(171)) - 71a26ef2-e834-411c-97c5-a30c78105e8f: Completed APPEND_ENTRIES, lastRequest: null 
2025-07-02 18:46:47,452 [92aeff0d-b8ac-4e9e-9ba6-1724c63a8401@group-2788C300D651-StateMachineUpdater] INFO  impl.StateMachineUpdater (StateMachineUpdater.java:stop(140)) - 92aeff0d-b8ac-4e9e-9ba6-1724c63a8401@group-2788C300D651-StateMachineUpdater: closing ContainerStateMachine, lastApplied=(t:1, i:0)
2025-07-02 18:46:47,452 [grpc-default-executor-0] INFO  server.GrpcServerProtocolService (GrpcServerProtocolService.java:lambda$null$7(175)) - 71a26ef2-e834-411c-97c5-a30c78105e8f: Completed APPEND_ENTRIES, lastReply: null 
2025-07-02 18:46:47,453 [grpc-default-executor-6] INFO  server.GrpcLogAppender (GrpcLogAppender.java:onCompleted(558)) - 92aeff0d-b8ac-4e9e-9ba6-1724c63a8401@group-2788C300D651->71a26ef2-e834-411c-97c5-a30c78105e8f-AppendLogResponseHandler: follower responses appendEntries COMPLETED
2025-07-02 18:46:47,453 [92aeff0d-b8ac-4e9e-9ba6-1724c63a8401@group-2788C300D651-cacheEviction-AwaitToRun] INFO  util.AwaitToRun (AwaitToRun.java:run(49)) - 92aeff0d-b8ac-4e9e-9ba6-1724c63a8401@group-2788C300D651-cacheEviction-AwaitToRun-AwaitForSignal is interrupted
2025-07-02 18:46:47,453 [grpc-default-executor-7] INFO  server.GrpcServerProtocolService (GrpcServerProtocolService.java:lambda$onCompleted$6(171)) - 9eb5a351-9325-4150-9d0a-de2b7d27d48d: Completed APPEND_ENTRIES, lastRequest: 92aeff0d-b8ac-4e9e-9ba6-1724c63a8401->9eb5a351-9325-4150-9d0a-de2b7d27d48d#1-t1,previous=<PROTO_DEFAULT>,leaderCommit=-1,initializing? false,entries: size=1, first=(t:1, i:0), CONFIGURATIONENTRY(current:id:"9eb5a351-9325-4150-9d0a-de2b7d27d48d"address:"127.0.0.1:15079"dataStreamAddress:"127.0.0.1:15080"clientAddress:"127.0.0.1:15077"adminAddress:"127.0.0.1:15078"startupRole:FOLLOWER, id:"71a26ef2-e834-411c-97c5-a30c78105e8f"address:"127.0.0.1:15071"dataStreamAddress:"127.0.0.1:15072"clientAddress:"127.0.0.1:15069"adminAddress:"127.0.0.1:15070"startupRole:FOLLOWER, id:"92aeff0d-b8ac-4e9e-9ba6-1724c63a8401"address:"127.0.0.1:15063"priority:1dataStreamAddress:"127.0.0.1:15064"clientAddress:"127.0.0.1:15061"adminAddress:"127.0.0.1:15062"startupRole:FOLLOWER, old:) 
2025-07-02 18:46:47,453 [grpc-default-executor-0] INFO  server.GrpcLogAppender (GrpcLogAppender.java:onCompleted(558)) - 92aeff0d-b8ac-4e9e-9ba6-1724c63a8401@group-2788C300D651->9eb5a351-9325-4150-9d0a-de2b7d27d48d-AppendLogResponseHandler: follower responses appendEntries COMPLETED
2025-07-02 18:46:47,454 [grpc-default-executor-3] INFO  server.GrpcServerProtocolService (GrpcServerProtocolService.java:lambda$null$7(175)) - 9eb5a351-9325-4150-9d0a-de2b7d27d48d: Completed APPEND_ENTRIES, lastReply: serverReply {
  requestorId: "92aeff0d-b8ac-4e9e-9ba6-1724c63a8401"
  replyId: "9eb5a351-9325-4150-9d0a-de2b7d27d48d"
  raftGroupId {
    id: "s\254\305EI\033C\223\2077\'\210\303\000\326Q"
  }
  callId: 37
  success: true
}
term: 1
nextIndex: 1
matchIndex: 18446744073709551615
isHearbeat: true
 
2025-07-02 18:46:47,454 [grpc-default-executor-0] INFO  server.GrpcLogAppender (GrpcLogAppender.java:onCompleted(558)) - 92aeff0d-b8ac-4e9e-9ba6-1724c63a8401@group-2788C300D651->9eb5a351-9325-4150-9d0a-de2b7d27d48d-AppendLogResponseHandler: follower responses appendEntries COMPLETED
2025-07-02 18:46:47,631 [EventQueue-PipelineActionsForPipelineActionHandler] INFO  pipeline.PipelineActionHandler (PipelineActionHandler.java:processPipelineAction(89)) - Received pipeline action CLOSE for Pipeline-5e6ba405-497c-4a06-b329-bc9ad7f74b25 from datanode 95ee4113-9599-4433-8033-e07ec30d3bee(localhost/127.0.0.1). Reason : Chunks directory /home/runner/work/ozone/ozone/hadoop-ozone/integration-test/target/test-dir/MiniOzoneClusterImpl-b7e00dfa-d3b8-45cf-9d3a-2bd5fdfebf54/ozone-meta/datanode-4/data-0/hdds/b7e00dfa-d3b8-45cf-9d3a-2bd5fdfebf54/current/containerDir0/9/chunks does not exist.
2025-07-02 18:46:47,705 [EventQueue-PipelineReportForPipelineReportHandler] INFO  pipeline.PipelineReportHandler (PipelineReportHandler.java:handlePipelineNotFoundException(98)) - Pipeline Pipeline-bdaade3c-0733-45ca-8236-8fd04f33eac3, reported by datanode 9eb5a351-9325-4150-9d0a-de2b7d27d48d(localhost/127.0.0.1) is not found.
2025-07-02 18:46:47,816 [grpc-default-executor-2] INFO  segmented.SegmentedRaftLogWorker (SegmentedRaftLogWorker.java:close(254)) - 92aeff0d-b8ac-4e9e-9ba6-1724c63a8401@group-8FD04F33EAC3-SegmentedRaftLogWorker close()
2025-07-02 18:46:47,817 [grpc-default-executor-2] INFO  server.RaftServer$Division (RaftServerImpl.java:groupRemove(497)) - 92aeff0d-b8ac-4e9e-9ba6-1724c63a8401@group-8FD04F33EAC3: Succeed to remove RaftStorageDirectory Storage Directory /home/runner/work/ozone/ozone/hadoop-ozone/integration-test/target/test-dir/MiniOzoneClusterImpl-b7e00dfa-d3b8-45cf-9d3a-2bd5fdfebf54/ozone-meta/datanode-7/ratis/bdaade3c-0733-45ca-8236-8fd04f33eac3
2025-07-02 18:46:47,818 [9eb5a351-9325-4150-9d0a-de2b7d27d48d-PipelineCommandHandlerThread-0] INFO  server.RaftServer (RaftServerProxy.java:remove(116)) - 9eb5a351-9325-4150-9d0a-de2b7d27d48d: remove    LEADER (RUNNING): 9eb5a351-9325-4150-9d0a-de2b7d27d48d@group-8FD04F33EAC3:t1, leader=9eb5a351-9325-4150-9d0a-de2b7d27d48d, voted=9eb5a351-9325-4150-9d0a-de2b7d27d48d, raftlog=Memoized:9eb5a351-9325-4150-9d0a-de2b7d27d48d@group-8FD04F33EAC3-SegmentedRaftLog:OPENED:c0:last(t:1, i:0), conf=conf: {index: 0, cur=peers:[9eb5a351-9325-4150-9d0a-de2b7d27d48d|127.0.0.1:15079, 71a26ef2-e834-411c-97c5-a30c78105e8f|127.0.0.1:15071, 92aeff0d-b8ac-4e9e-9ba6-1724c63a8401|127.0.0.1:15063]|listeners:[], old=null}
2025-07-02 18:46:47,819 [9eb5a351-9325-4150-9d0a-de2b7d27d48d-PipelineCommandHandlerThread-0] INFO  server.RaftServer$Division (RaftServerImpl.java:lambda$close$1(527)) - 9eb5a351-9325-4150-9d0a-de2b7d27d48d@group-8FD04F33EAC3: shutdown
2025-07-02 18:46:47,819 [9eb5a351-9325-4150-9d0a-de2b7d27d48d-PipelineCommandHandlerThread-0] INFO  util.JmxRegister (JmxRegister.java:unregister(74)) - Successfully un-registered JMX Bean with object name Ratis:service=RaftServer,group=group-8FD04F33EAC3,id=9eb5a351-9325-4150-9d0a-de2b7d27d48d
2025-07-02 18:46:47,819 [9eb5a351-9325-4150-9d0a-de2b7d27d48d-PipelineCommandHandlerThread-0] INFO  impl.RoleInfo (RoleInfo.java:shutdownLeaderState(103)) - 9eb5a351-9325-4150-9d0a-de2b7d27d48d: shutdown 9eb5a351-9325-4150-9d0a-de2b7d27d48d@group-8FD04F33EAC3-LeaderStateImpl
2025-07-02 18:46:47,819 [9eb5a351-9325-4150-9d0a-de2b7d27d48d@group-8FD04F33EAC3->71a26ef2-e834-411c-97c5-a30c78105e8f-GrpcLogAppender-LogAppenderDaemon] WARN  server.GrpcLogAppender (GrpcLogAppender.java:mayWait(300)) - 9eb5a351-9325-4150-9d0a-de2b7d27d48d@group-8FD04F33EAC3->71a26ef2-e834-411c-97c5-a30c78105e8f-GrpcLogAppender: Wait interrupted by java.lang.InterruptedException
2025-07-02 18:46:47,819 [9eb5a351-9325-4150-9d0a-de2b7d27d48d@group-8FD04F33EAC3->92aeff0d-b8ac-4e9e-9ba6-1724c63a8401-GrpcLogAppender-LogAppenderDaemon] WARN  server.GrpcLogAppender (GrpcLogAppender.java:mayWait(300)) - 9eb5a351-9325-4150-9d0a-de2b7d27d48d@group-8FD04F33EAC3->92aeff0d-b8ac-4e9e-9ba6-1724c63a8401-GrpcLogAppender: Wait interrupted by java.lang.InterruptedException
2025-07-02 18:46:47,819 [9eb5a351-9325-4150-9d0a-de2b7d27d48d-PipelineCommandHandlerThread-0] INFO  impl.PendingRequests (PendingRequests.java:sendNotLeaderResponses(287)) - 9eb5a351-9325-4150-9d0a-de2b7d27d48d@group-8FD04F33EAC3-PendingRequests: sendNotLeaderResponses
2025-07-02 18:46:47,819 [grpc-default-executor-2] INFO  server.GrpcServerProtocolService (GrpcServerProtocolService.java:lambda$onCompleted$6(171)) - 92aeff0d-b8ac-4e9e-9ba6-1724c63a8401: Completed APPEND_ENTRIES, lastRequest: null 
2025-07-02 18:46:47,820 [grpc-default-executor-2] INFO  server.GrpcServerProtocolService (GrpcServerProtocolService.java:lambda$null$7(175)) - 92aeff0d-b8ac-4e9e-9ba6-1724c63a8401: Completed APPEND_ENTRIES, lastReply: serverReply {
  requestorId: "9eb5a351-9325-4150-9d0a-de2b7d27d48d"
  replyId: "92aeff0d-b8ac-4e9e-9ba6-1724c63a8401"
  raftGroupId {
    id: "\275\252\336<\a3E\312\2026\217\320O3\352\303"
  }
  callId: 37
  success: true
}
term: 1
nextIndex: 1
matchIndex: 18446744073709551615
isHearbeat: true
 
2025-07-02 18:46:47,821 [grpc-default-executor-7] INFO  server.GrpcLogAppender (GrpcLogAppender.java:onCompleted(558)) - 9eb5a351-9325-4150-9d0a-de2b7d27d48d@group-8FD04F33EAC3->71a26ef2-e834-411c-97c5-a30c78105e8f-AppendLogResponseHandler: follower responses appendEntries COMPLETED
2025-07-02 18:46:47,821 [9eb5a351-9325-4150-9d0a-de2b7d27d48d-PipelineCommandHandlerThread-0] INFO  impl.StateMachineUpdater (StateMachineUpdater.java:stopAndJoin(163)) - 9eb5a351-9325-4150-9d0a-de2b7d27d48d@group-8FD04F33EAC3-StateMachineUpdater: set stopIndex = 0
2025-07-02 18:46:47,821 [9eb5a351-9325-4150-9d0a-de2b7d27d48d@group-8FD04F33EAC3-StateMachineUpdater] INFO  impl.StateMachineUpdater (StateMachineUpdater.java:stop(140)) - 9eb5a351-9325-4150-9d0a-de2b7d27d48d@group-8FD04F33EAC3-StateMachineUpdater: closing ContainerStateMachine, lastApplied=(t:1, i:0)
2025-07-02 18:46:47,821 [grpc-default-executor-0] INFO  server.GrpcLogAppender (GrpcLogAppender.java:onCompleted(558)) - 9eb5a351-9325-4150-9d0a-de2b7d27d48d@group-8FD04F33EAC3->92aeff0d-b8ac-4e9e-9ba6-1724c63a8401-AppendLogResponseHandler: follower responses appendEntries COMPLETED
2025-07-02 18:46:47,822 [grpc-default-executor-3] INFO  server.GrpcLogAppender (GrpcLogAppender.java:onCompleted(558)) - 9eb5a351-9325-4150-9d0a-de2b7d27d48d@group-8FD04F33EAC3->92aeff0d-b8ac-4e9e-9ba6-1724c63a8401-AppendLogResponseHandler: follower responses appendEntries COMPLETED
2025-07-02 18:46:47,822 [9eb5a351-9325-4150-9d0a-de2b7d27d48d@group-8FD04F33EAC3-cacheEviction-AwaitToRun] INFO  util.AwaitToRun (AwaitToRun.java:run(49)) - 9eb5a351-9325-4150-9d0a-de2b7d27d48d@group-8FD04F33EAC3-cacheEviction-AwaitToRun-AwaitForSignal is interrupted
2025-07-02 18:46:47,831 [EventQueue-PipelineActionsForPipelineActionHandler] INFO  pipeline.PipelineActionHandler (PipelineActionHandler.java:processPipelineAction(89)) - Received pipeline action CLOSE for Pipeline-5e6ba405-497c-4a06-b329-bc9ad7f74b25 from datanode 95ee4113-9599-4433-8033-e07ec30d3bee(localhost/127.0.0.1). Reason : Chunks directory /home/runner/work/ozone/ozone/hadoop-ozone/integration-test/target/test-dir/MiniOzoneClusterImpl-b7e00dfa-d3b8-45cf-9d3a-2bd5fdfebf54/ozone-meta/datanode-4/data-0/hdds/b7e00dfa-d3b8-45cf-9d3a-2bd5fdfebf54/current/containerDir0/9/chunks does not exist.
2025-07-02 18:46:47,990 [timer0] WARN  server.GrpcLogAppender (LogUtils.java:warn(127)) - 9eb5a351-9325-4150-9d0a-de2b7d27d48d@group-8FD04F33EAC3->71a26ef2-e834-411c-97c5-a30c78105e8f-AppendLogResponseHandler: Failed appendEntries (Repeated 2 times in the last 5.001s): org.apache.ratis.thirdparty.io.grpc.StatusRuntimeException: UNAVAILABLE: io exception
  Caused by: org.apache.ratis.thirdparty.io.netty.channel.AbstractChannel$AnnotatedConnectException: finishConnect(..) failed: Connection refused: /127.0.0.1:15071
  Caused by: java.net.ConnectException: finishConnect(..) failed: Connection refused
2025-07-02 18:46:48,031 [EventQueue-PipelineActionsForPipelineActionHandler] INFO  pipeline.PipelineActionHandler (PipelineActionHandler.java:processPipelineAction(89)) - Received pipeline action CLOSE for Pipeline-5e6ba405-497c-4a06-b329-bc9ad7f74b25 from datanode 95ee4113-9599-4433-8033-e07ec30d3bee(localhost/127.0.0.1). Reason : Chunks directory /home/runner/work/ozone/ozone/hadoop-ozone/integration-test/target/test-dir/MiniOzoneClusterImpl-b7e00dfa-d3b8-45cf-9d3a-2bd5fdfebf54/ozone-meta/datanode-4/data-0/hdds/b7e00dfa-d3b8-45cf-9d3a-2bd5fdfebf54/current/containerDir0/9/chunks does not exist.
2025-07-02 18:46:48,230 [EventQueue-PipelineActionsForPipelineActionHandler] INFO  pipeline.PipelineActionHandler (PipelineActionHandler.java:processPipelineAction(89)) - Received pipeline action CLOSE for Pipeline-5e6ba405-497c-4a06-b329-bc9ad7f74b25 from datanode 95ee4113-9599-4433-8033-e07ec30d3bee(localhost/127.0.0.1). Reason : Chunks directory /home/runner/work/ozone/ozone/hadoop-ozone/integration-test/target/test-dir/MiniOzoneClusterImpl-b7e00dfa-d3b8-45cf-9d3a-2bd5fdfebf54/ozone-meta/datanode-4/data-0/hdds/b7e00dfa-d3b8-45cf-9d3a-2bd5fdfebf54/current/containerDir0/9/chunks does not exist.
2025-07-02 18:46:48,408 [92aeff0d-b8ac-4e9e-9ba6-1724c63a8401-PipelineCommandHandlerThread-0] INFO  segmented.SegmentedRaftLogWorker (SegmentedRaftLogWorker.java:close(254)) - 92aeff0d-b8ac-4e9e-9ba6-1724c63a8401@group-2788C300D651-SegmentedRaftLogWorker close()
2025-07-02 18:46:48,409 [92aeff0d-b8ac-4e9e-9ba6-1724c63a8401-PipelineCommandHandlerThread-0] INFO  server.RaftServer$Division (RaftServerImpl.java:groupRemove(497)) - 92aeff0d-b8ac-4e9e-9ba6-1724c63a8401@group-2788C300D651: Succeed to remove RaftStorageDirectory Storage Directory /home/runner/work/ozone/ozone/hadoop-ozone/integration-test/target/test-dir/MiniOzoneClusterImpl-b7e00dfa-d3b8-45cf-9d3a-2bd5fdfebf54/ozone-meta/datanode-7/ratis/73acc545-491b-4393-8737-2788c300d651
2025-07-02 18:46:48,409 [92aeff0d-b8ac-4e9e-9ba6-1724c63a8401-PipelineCommandHandlerThread-0] INFO  commandhandler.ClosePipelineCommandHandler (ClosePipelineCommandHandler.java:lambda$handle$2(142)) - Close Pipeline Pipeline-73acc545-491b-4393-8737-2788c300d651 command on datanode 92aeff0d-b8ac-4e9e-9ba6-1724c63a8401(localhost/127.0.0.1).
2025-07-02 18:46:48,421 [timer6] WARN  server.GrpcLogAppender (GrpcLogAppender.java:timeoutAppendRequest(448)) - f1637480-4571-474d-8c0e-49126192dfac@group-84D2FC177FB5->75758caf-2019-48e0-9285-4ac26ec01eda-GrpcLogAppender: Timed out HEARTBEAT appendEntries, errorCount=31, request=AppendEntriesRequest:cid=4649,entriesCount=0
2025-07-02 18:46:48,431 [EventQueue-PipelineActionsForPipelineActionHandler] INFO  pipeline.PipelineActionHandler (PipelineActionHandler.java:processPipelineAction(89)) - Received pipeline action CLOSE for Pipeline-5e6ba405-497c-4a06-b329-bc9ad7f74b25 from datanode 95ee4113-9599-4433-8033-e07ec30d3bee(localhost/127.0.0.1). Reason : Chunks directory /home/runner/work/ozone/ozone/hadoop-ozone/integration-test/target/test-dir/MiniOzoneClusterImpl-b7e00dfa-d3b8-45cf-9d3a-2bd5fdfebf54/ozone-meta/datanode-4/data-0/hdds/b7e00dfa-d3b8-45cf-9d3a-2bd5fdfebf54/current/containerDir0/9/chunks does not exist.
2025-07-02 18:46:48,631 [EventQueue-PipelineActionsForPipelineActionHandler] INFO  pipeline.PipelineActionHandler (PipelineActionHandler.java:processPipelineAction(89)) - Received pipeline action CLOSE for Pipeline-5e6ba405-497c-4a06-b329-bc9ad7f74b25 from datanode 95ee4113-9599-4433-8033-e07ec30d3bee(localhost/127.0.0.1). Reason : Chunks directory /home/runner/work/ozone/ozone/hadoop-ozone/integration-test/target/test-dir/MiniOzoneClusterImpl-b7e00dfa-d3b8-45cf-9d3a-2bd5fdfebf54/ozone-meta/datanode-4/data-0/hdds/b7e00dfa-d3b8-45cf-9d3a-2bd5fdfebf54/current/containerDir0/9/chunks does not exist.
2025-07-02 18:46:48,806 [9eb5a351-9325-4150-9d0a-de2b7d27d48d-PipelineCommandHandlerThread-0] INFO  segmented.SegmentedRaftLogWorker (SegmentedRaftLogWorker.java:close(254)) - 9eb5a351-9325-4150-9d0a-de2b7d27d48d@group-8FD04F33EAC3-SegmentedRaftLogWorker close()
2025-07-02 18:46:48,807 [9eb5a351-9325-4150-9d0a-de2b7d27d48d-PipelineCommandHandlerThread-0] INFO  server.RaftServer$Division (RaftServerImpl.java:groupRemove(497)) - 9eb5a351-9325-4150-9d0a-de2b7d27d48d@group-8FD04F33EAC3: Succeed to remove RaftStorageDirectory Storage Directory /home/runner/work/ozone/ozone/hadoop-ozone/integration-test/target/test-dir/MiniOzoneClusterImpl-b7e00dfa-d3b8-45cf-9d3a-2bd5fdfebf54/ozone-meta/datanode-9/ratis/bdaade3c-0733-45ca-8236-8fd04f33eac3
2025-07-02 18:46:48,807 [9eb5a351-9325-4150-9d0a-de2b7d27d48d-PipelineCommandHandlerThread-0] INFO  commandhandler.ClosePipelineCommandHandler (ClosePipelineCommandHandler.java:lambda$handle$2(142)) - Close Pipeline Pipeline-bdaade3c-0733-45ca-8236-8fd04f33eac3 command on datanode 9eb5a351-9325-4150-9d0a-de2b7d27d48d(localhost/127.0.0.1).
2025-07-02 18:46:48,830 [EventQueue-PipelineActionsForPipelineActionHandler] INFO  pipeline.PipelineActionHandler (PipelineActionHandler.java:processPipelineAction(89)) - Received pipeline action CLOSE for Pipeline-5e6ba405-497c-4a06-b329-bc9ad7f74b25 from datanode 95ee4113-9599-4433-8033-e07ec30d3bee(localhost/127.0.0.1). Reason : Chunks directory /home/runner/work/ozone/ozone/hadoop-ozone/integration-test/target/test-dir/MiniOzoneClusterImpl-b7e00dfa-d3b8-45cf-9d3a-2bd5fdfebf54/ozone-meta/datanode-4/data-0/hdds/b7e00dfa-d3b8-45cf-9d3a-2bd5fdfebf54/current/containerDir0/9/chunks does not exist.
2025-07-02 18:46:48,834 [timer0] WARN  server.GrpcLogAppender (LogUtils.java:warn(129)) - 4114dace-2331-46e8-9bd0-01e36750a673@group-BC9AD7F74B25->95ee4113-9599-4433-8033-e07ec30d3bee-AppendLogResponseHandler: Failed appendEntries (Repeated 5 times in the last 5.000s)
org.apache.hadoop.hdds.scm.container.common.helpers.StorageContainerException: Chunks directory /home/runner/work/ozone/ozone/hadoop-ozone/integration-test/target/test-dir/MiniOzoneClusterImpl-b7e00dfa-d3b8-45cf-9d3a-2bd5fdfebf54/ozone-meta/datanode-4/data-0/hdds/b7e00dfa-d3b8-45cf-9d3a-2bd5fdfebf54/current/containerDir0/9/chunks does not exist.
	at org.apache.hadoop.ozone.container.common.transport.server.ratis.ContainerStateMachine.handleCommandResult(ContainerStateMachine.java:661)
	at org.apache.hadoop.ozone.container.common.transport.server.ratis.ContainerStateMachine.lambda$writeStateMachineData$2(ContainerStateMachine.java:623)
	at java.base/java.util.concurrent.FutureTask.run(FutureTask.java:317)
	at java.base/java.util.concurrent.ThreadPoolExecutor.runWorker(ThreadPoolExecutor.java:1144)
	at java.base/java.util.concurrent.ThreadPoolExecutor$Worker.run(ThreadPoolExecutor.java:642)
	at java.base/java.lang.Thread.run(Thread.java:1583)
2025-07-02 18:46:49,031 [EventQueue-PipelineActionsForPipelineActionHandler] INFO  pipeline.PipelineActionHandler (PipelineActionHandler.java:processPipelineAction(89)) - Received pipeline action CLOSE for Pipeline-5e6ba405-497c-4a06-b329-bc9ad7f74b25 from datanode 95ee4113-9599-4433-8033-e07ec30d3bee(localhost/127.0.0.1). Reason : Chunks directory /home/runner/work/ozone/ozone/hadoop-ozone/integration-test/target/test-dir/MiniOzoneClusterImpl-b7e00dfa-d3b8-45cf-9d3a-2bd5fdfebf54/ozone-meta/datanode-4/data-0/hdds/b7e00dfa-d3b8-45cf-9d3a-2bd5fdfebf54/current/containerDir0/9/chunks does not exist.
2025-07-02 18:46:49,230 [EventQueue-PipelineActionsForPipelineActionHandler] INFO  pipeline.PipelineActionHandler (PipelineActionHandler.java:processPipelineAction(89)) - Received pipeline action CLOSE for Pipeline-5e6ba405-497c-4a06-b329-bc9ad7f74b25 from datanode 95ee4113-9599-4433-8033-e07ec30d3bee(localhost/127.0.0.1). Reason : Chunks directory /home/runner/work/ozone/ozone/hadoop-ozone/integration-test/target/test-dir/MiniOzoneClusterImpl-b7e00dfa-d3b8-45cf-9d3a-2bd5fdfebf54/ozone-meta/datanode-4/data-0/hdds/b7e00dfa-d3b8-45cf-9d3a-2bd5fdfebf54/current/containerDir0/9/chunks does not exist.
2025-07-02 18:46:49,431 [EventQueue-PipelineActionsForPipelineActionHandler] INFO  pipeline.PipelineActionHandler (PipelineActionHandler.java:processPipelineAction(89)) - Received pipeline action CLOSE for Pipeline-5e6ba405-497c-4a06-b329-bc9ad7f74b25 from datanode 95ee4113-9599-4433-8033-e07ec30d3bee(localhost/127.0.0.1). Reason : Chunks directory /home/runner/work/ozone/ozone/hadoop-ozone/integration-test/target/test-dir/MiniOzoneClusterImpl-b7e00dfa-d3b8-45cf-9d3a-2bd5fdfebf54/ozone-meta/datanode-4/data-0/hdds/b7e00dfa-d3b8-45cf-9d3a-2bd5fdfebf54/current/containerDir0/9/chunks does not exist.
2025-07-02 18:46:49,499 [c6c1c004-cb80-4a23-8b53-68ef0e0db17b@group-BC9AD7F74B25-StateMachineUpdater] INFO  ratis.ContainerStateMachine (ContainerStateMachine.java:takeSnapshot(427)) - group-BC9AD7F74B25: Taking a snapshot at:(t:1, i:10) file /home/runner/work/ozone/ozone/hadoop-ozone/integration-test/target/test-dir/MiniOzoneClusterImpl-b7e00dfa-d3b8-45cf-9d3a-2bd5fdfebf54/ozone-meta/datanode-5/ratis/5e6ba405-497c-4a06-b329-bc9ad7f74b25/sm/snapshot.1_10
2025-07-02 18:46:49,503 [4114dace-2331-46e8-9bd0-01e36750a673@group-BC9AD7F74B25->95ee4113-9599-4433-8033-e07ec30d3bee-GrpcLogAppender-LogAppenderDaemon] WARN  leader.LogAppender (LogAppenderBase.java:lambda$newAppendEntriesRequest$2(249)) - Failed to get (t:1, i:5), STATEMACHINELOGENTRY, cmdType: WriteChunk traceID: "" containerID: 9 datanodeUuid: "4114dace-2331-46e8-9bd0-01e36750a673" pipelineID: "5e6ba405-497c-4a06-b329-bc9ad7f74b25" writeChunk { blockID { containerID: 9 localID: 115816896921600009 blockCommitSequenceId: 2 replicaIndex: 0 } chunkData { chunkName: "115816896921600009_chunk_2" offset: 5 len: 10 checksumData { type: CRC32 bytesPerChecksum: 16384 checksums: "\317\357R*" } } } version: 3, container path=/home/runner/work/ozone/ozone/hadoop-ozone/integration-test/target/test-dir/MiniOzoneClusterImpl-b7e00dfa-d3b8-45cf-9d3a-2bd5fdfebf54/ozone-meta/datanode-6/data-0/hdds/b7e00dfa-d3b8-45cf-9d3a-2bd5fdfebf54/current/containerDir0/9 in 0.998ms
java.util.concurrent.TimeoutException
	at java.base/java.util.concurrent.CompletableFuture.timedGet(CompletableFuture.java:1960)
	at java.base/java.util.concurrent.CompletableFuture.get(CompletableFuture.java:2095)
	at org.apache.ratis.server.raftlog.RaftLogBase$EntryWithDataImpl.getEntry(RaftLogBase.java:437)
	at org.apache.ratis.util.DataQueue.pollList(DataQueue.java:137)
	at org.apache.ratis.server.leader.LogAppenderBase.newAppendEntriesRequest(LogAppenderBase.java:248)
	at org.apache.ratis.grpc.server.GrpcLogAppender.appendLog(GrpcLogAppender.java:394)
	at org.apache.ratis.grpc.server.GrpcLogAppender.run(GrpcLogAppender.java:269)
	at org.apache.ratis.server.leader.LogAppenderDaemon.run(LogAppenderDaemon.java:80)
	at java.base/java.lang.Thread.run(Thread.java:1583)
2025-07-02 18:46:49,504 [c6c1c004-cb80-4a23-8b53-68ef0e0db17b@group-BC9AD7F74B25-StateMachineUpdater] INFO  ratis.ContainerStateMachine (ContainerStateMachine.java:takeSnapshot(436)) - group-BC9AD7F74B25: Finished taking a snapshot at:(t:1, i:10) file:/home/runner/work/ozone/ozone/hadoop-ozone/integration-test/target/test-dir/MiniOzoneClusterImpl-b7e00dfa-d3b8-45cf-9d3a-2bd5fdfebf54/ozone-meta/datanode-5/ratis/5e6ba405-497c-4a06-b329-bc9ad7f74b25/sm/snapshot.1_10 took: 5 ms
2025-07-02 18:46:49,504 [c6c1c004-cb80-4a23-8b53-68ef0e0db17b@group-BC9AD7F74B25-StateMachineUpdater] INFO  impl.StateMachineUpdater (StateMachineUpdater.java:takeSnapshot(307)) - c6c1c004-cb80-4a23-8b53-68ef0e0db17b@group-BC9AD7F74B25-StateMachineUpdater: Took a snapshot at index 10
2025-07-02 18:46:49,505 [c6c1c004-cb80-4a23-8b53-68ef0e0db17b@group-BC9AD7F74B25-StateMachineUpdater] INFO  impl.StateMachineUpdater (StateMachineUpdater.java:lambda$new$0(101)) - c6c1c004-cb80-4a23-8b53-68ef0e0db17b@group-BC9AD7F74B25-StateMachineUpdater: snapshotIndex: updateIncreasingly 8 -> 10
2025-07-02 18:46:49,508 [95ee4113-9599-4433-8033-e07ec30d3bee-server-thread3] WARN  server.GrpcServerProtocolService (LogUtils.java:warn(129)) - 95ee4113-9599-4433-8033-e07ec30d3bee: Failed APPEND_ENTRIES request 4114dace-2331-46e8-9bd0-01e36750a673->95ee4113-9599-4433-8033-e07ec30d3bee#63-t1,previous=(t:1, i:4),leaderCommit=10,initializing? false,entries: size=6, first=(t:1, i:5), STATEMACHINELOGENTRY, WRITE: logData.size=154, stateMachineData.size=10, logEntryProtoSerializedSize=0
java.util.concurrent.CompletionException: org.apache.hadoop.hdds.scm.container.common.helpers.StorageContainerException: Chunks directory /home/runner/work/ozone/ozone/hadoop-ozone/integration-test/target/test-dir/MiniOzoneClusterImpl-b7e00dfa-d3b8-45cf-9d3a-2bd5fdfebf54/ozone-meta/datanode-4/data-0/hdds/b7e00dfa-d3b8-45cf-9d3a-2bd5fdfebf54/current/containerDir0/9/chunks does not exist.
	at java.base/java.util.concurrent.CompletableFuture.encodeThrowable(CompletableFuture.java:332)
	at java.base/java.util.concurrent.CompletableFuture.completeThrowable(CompletableFuture.java:347)
	at java.base/java.util.concurrent.CompletableFuture$BiRelay.tryFire(CompletableFuture.java:1498)
	at java.base/java.util.concurrent.CompletableFuture$CoCompletion.tryFire(CompletableFuture.java:1219)
	at java.base/java.util.concurrent.CompletableFuture.postComplete(CompletableFuture.java:510)
	at java.base/java.util.concurrent.CompletableFuture.completeExceptionally(CompletableFuture.java:2194)
	at org.apache.ratis.server.raftlog.segmented.SegmentedRaftLog$Task.failed(SegmentedRaftLog.java:109)
	at org.apache.ratis.server.raftlog.segmented.SegmentedRaftLogWorker$WriteLog.failed(SegmentedRaftLogWorker.java:530)
	at org.apache.ratis.server.raftlog.segmented.SegmentedRaftLogWorker.run(SegmentedRaftLogWorker.java:326)
	at java.base/java.util.concurrent.Executors$RunnableAdapter.call(Executors.java:572)
	at java.base/java.util.concurrent.FutureTask.run(FutureTask.java:317)
	at java.base/java.util.concurrent.ThreadPoolExecutor.runWorker(ThreadPoolExecutor.java:1144)
	at java.base/java.util.concurrent.ThreadPoolExecutor$Worker.run(ThreadPoolExecutor.java:642)
	at java.base/java.lang.Thread.run(Thread.java:1583)
Caused by: org.apache.hadoop.hdds.scm.container.common.helpers.StorageContainerException: Chunks directory /home/runner/work/ozone/ozone/hadoop-ozone/integration-test/target/test-dir/MiniOzoneClusterImpl-b7e00dfa-d3b8-45cf-9d3a-2bd5fdfebf54/ozone-meta/datanode-4/data-0/hdds/b7e00dfa-d3b8-45cf-9d3a-2bd5fdfebf54/current/containerDir0/9/chunks does not exist.
	at org.apache.hadoop.ozone.container.common.transport.server.ratis.ContainerStateMachine.handleCommandResult(ContainerStateMachine.java:661)
	at org.apache.hadoop.ozone.container.common.transport.server.ratis.ContainerStateMachine.lambda$writeStateMachineData$2(ContainerStateMachine.java:623)
	... 4 more
2025-07-02 18:46:49,510 [grpc-default-executor-2] WARN  server.GrpcLogAppender (LogUtils.java:warn(129)) - 4114dace-2331-46e8-9bd0-01e36750a673@group-BC9AD7F74B25->95ee4113-9599-4433-8033-e07ec30d3bee-AppendLogResponseHandler: Failed appendEntries
org.apache.hadoop.hdds.scm.container.common.helpers.StorageContainerException: Chunks directory /home/runner/work/ozone/ozone/hadoop-ozone/integration-test/target/test-dir/MiniOzoneClusterImpl-b7e00dfa-d3b8-45cf-9d3a-2bd5fdfebf54/ozone-meta/datanode-4/data-0/hdds/b7e00dfa-d3b8-45cf-9d3a-2bd5fdfebf54/current/containerDir0/9/chunks does not exist.
	at org.apache.hadoop.ozone.container.common.transport.server.ratis.ContainerStateMachine.handleCommandResult(ContainerStateMachine.java:661)
	at org.apache.hadoop.ozone.container.common.transport.server.ratis.ContainerStateMachine.lambda$writeStateMachineData$2(ContainerStateMachine.java:623)
	at java.base/java.util.concurrent.FutureTask.run(FutureTask.java:317)
	at java.base/java.util.concurrent.ThreadPoolExecutor.runWorker(ThreadPoolExecutor.java:1144)
	at java.base/java.util.concurrent.ThreadPoolExecutor$Worker.run(ThreadPoolExecutor.java:642)
	at java.base/java.lang.Thread.run(Thread.java:1583)
2025-07-02 18:46:49,511 [grpc-default-executor-2] INFO  leader.LogAppender (LogAppenderBase.java:lambda$getNextIndexForError$0(215)) - Decrease nextIndex to 5
2025-07-02 18:46:49,511 [grpc-default-executor-2] INFO  leader.LogAppender (LogAppenderBase.java:lambda$getNextIndexForError$0(215)) - Decrease nextIndex to 5
2025-07-02 18:46:49,511 [grpc-default-executor-2] INFO  leader.FollowerInfo (FollowerInfoImpl.java:info(70)) - 4114dace-2331-46e8-9bd0-01e36750a673@group-BC9AD7F74B25->95ee4113-9599-4433-8033-e07ec30d3bee: computeNextIndex nextIndex: updateUnconditionally 11 -> 5
2025-07-02 18:46:49,632 [EventQueue-PipelineActionsForPipelineActionHandler] INFO  pipeline.PipelineActionHandler (PipelineActionHandler.java:processPipelineAction(89)) - Received pipeline action CLOSE for Pipeline-5e6ba405-497c-4a06-b329-bc9ad7f74b25 from datanode 95ee4113-9599-4433-8033-e07ec30d3bee(localhost/127.0.0.1). Reason : Chunks directory /home/runner/work/ozone/ozone/hadoop-ozone/integration-test/target/test-dir/MiniOzoneClusterImpl-b7e00dfa-d3b8-45cf-9d3a-2bd5fdfebf54/ozone-meta/datanode-4/data-0/hdds/b7e00dfa-d3b8-45cf-9d3a-2bd5fdfebf54/current/containerDir0/9/chunks does not exist.
2025-07-02 18:46:49,831 [EventQueue-PipelineActionsForPipelineActionHandler] INFO  pipeline.PipelineActionHandler (PipelineActionHandler.java:processPipelineAction(89)) - Received pipeline action CLOSE for Pipeline-5e6ba405-497c-4a06-b329-bc9ad7f74b25 from datanode 95ee4113-9599-4433-8033-e07ec30d3bee(localhost/127.0.0.1). Reason : Chunks directory /home/runner/work/ozone/ozone/hadoop-ozone/integration-test/target/test-dir/MiniOzoneClusterImpl-b7e00dfa-d3b8-45cf-9d3a-2bd5fdfebf54/ozone-meta/datanode-4/data-0/hdds/b7e00dfa-d3b8-45cf-9d3a-2bd5fdfebf54/current/containerDir0/9/chunks does not exist.
2025-07-02 18:46:50,032 [EventQueue-PipelineActionsForPipelineActionHandler] INFO  pipeline.PipelineActionHandler (PipelineActionHandler.java:processPipelineAction(89)) - Received pipeline action CLOSE for Pipeline-5e6ba405-497c-4a06-b329-bc9ad7f74b25 from datanode 95ee4113-9599-4433-8033-e07ec30d3bee(localhost/127.0.0.1). Reason : Chunks directory /home/runner/work/ozone/ozone/hadoop-ozone/integration-test/target/test-dir/MiniOzoneClusterImpl-b7e00dfa-d3b8-45cf-9d3a-2bd5fdfebf54/ozone-meta/datanode-4/data-0/hdds/b7e00dfa-d3b8-45cf-9d3a-2bd5fdfebf54/current/containerDir0/9/chunks does not exist.
2025-07-02 18:46:50,232 [EventQueue-PipelineActionsForPipelineActionHandler] INFO  pipeline.PipelineActionHandler (PipelineActionHandler.java:processPipelineAction(89)) - Received pipeline action CLOSE for Pipeline-5e6ba405-497c-4a06-b329-bc9ad7f74b25 from datanode 95ee4113-9599-4433-8033-e07ec30d3bee(localhost/127.0.0.1). Reason : Chunks directory /home/runner/work/ozone/ozone/hadoop-ozone/integration-test/target/test-dir/MiniOzoneClusterImpl-b7e00dfa-d3b8-45cf-9d3a-2bd5fdfebf54/ozone-meta/datanode-4/data-0/hdds/b7e00dfa-d3b8-45cf-9d3a-2bd5fdfebf54/current/containerDir0/9/chunks does not exist.
2025-07-02 18:46:50,329 [timer1] WARN  server.GrpcLogAppender (GrpcLogAppender.java:timeoutAppendRequest(448)) - f1637480-4571-474d-8c0e-49126192dfac@group-84D2FC177FB5->75758caf-2019-48e0-9285-4ac26ec01eda-GrpcLogAppender: Timed out HEARTBEAT appendEntries, errorCount=32, request=AppendEntriesRequest:cid=4650,entriesCount=0
2025-07-02 18:46:50,431 [EventQueue-PipelineActionsForPipelineActionHandler] INFO  pipeline.PipelineActionHandler (PipelineActionHandler.java:processPipelineAction(89)) - Received pipeline action CLOSE for Pipeline-5e6ba405-497c-4a06-b329-bc9ad7f74b25 from datanode 95ee4113-9599-4433-8033-e07ec30d3bee(localhost/127.0.0.1). Reason : Chunks directory /home/runner/work/ozone/ozone/hadoop-ozone/integration-test/target/test-dir/MiniOzoneClusterImpl-b7e00dfa-d3b8-45cf-9d3a-2bd5fdfebf54/ozone-meta/datanode-4/data-0/hdds/b7e00dfa-d3b8-45cf-9d3a-2bd5fdfebf54/current/containerDir0/9/chunks does not exist.
2025-07-02 18:46:50,567 [BackgroundPipelineScrubber] INFO  pipeline.PipelineManagerImpl (PipelineManagerImpl.java:scrubPipelines(602)) - Scrubbing pipeline: id: Pipeline-5e6ba405-497c-4a06-b329-bc9ad7f74b25 since it stays at CLOSED stage.
2025-07-02 18:46:50,568 [BackgroundPipelineScrubber] INFO  pipeline.RatisPipelineProvider (RatisPipelineProvider.java:lambda$close$4(273)) - Send pipeline:Pipeline-5e6ba405-497c-4a06-b329-bc9ad7f74b25 close command to datanode 4114dace-2331-46e8-9bd0-01e36750a673
2025-07-02 18:46:50,569 [BackgroundPipelineScrubber] INFO  pipeline.RatisPipelineProvider (RatisPipelineProvider.java:lambda$close$4(273)) - Send pipeline:Pipeline-5e6ba405-497c-4a06-b329-bc9ad7f74b25 close command to datanode c6c1c004-cb80-4a23-8b53-68ef0e0db17b
2025-07-02 18:46:50,569 [BackgroundPipelineScrubber] INFO  pipeline.RatisPipelineProvider (RatisPipelineProvider.java:lambda$close$4(273)) - Send pipeline:Pipeline-5e6ba405-497c-4a06-b329-bc9ad7f74b25 close command to datanode 95ee4113-9599-4433-8033-e07ec30d3bee
2025-07-02 18:46:50,569 [BackgroundPipelineScrubber] INFO  pipeline.PipelineManagerImpl (PipelineManagerImpl.java:removePipeline(464)) - Pipeline Pipeline{ Id: 5e6ba405-497c-4a06-b329-bc9ad7f74b25, Nodes: [ {4114dace-2331-46e8-9bd0-01e36750a673(localhost/127.0.0.1), ReplicaIndex: 0}, {c6c1c004-cb80-4a23-8b53-68ef0e0db17b(localhost/127.0.0.1), ReplicaIndex: 0}, {95ee4113-9599-4433-8033-e07ec30d3bee(localhost/127.0.0.1), ReplicaIndex: 0},], ReplicationConfig: RATIS/THREE, State:CLOSED, leaderId:4114dace-2331-46e8-9bd0-01e36750a673, CreationTimestamp2025-07-02T18:45:19.212Z[Etc/UTC]} removed.
2025-07-02 18:46:50,632 [EventQueue-PipelineActionsForPipelineActionHandler] INFO  pipeline.PipelineActionHandler (PipelineActionHandler.java:processPipelineAction(89)) - Received pipeline action CLOSE for Pipeline-5e6ba405-497c-4a06-b329-bc9ad7f74b25 from datanode 95ee4113-9599-4433-8033-e07ec30d3bee(localhost/127.0.0.1). Reason : Chunks directory /home/runner/work/ozone/ozone/hadoop-ozone/integration-test/target/test-dir/MiniOzoneClusterImpl-b7e00dfa-d3b8-45cf-9d3a-2bd5fdfebf54/ozone-meta/datanode-4/data-0/hdds/b7e00dfa-d3b8-45cf-9d3a-2bd5fdfebf54/current/containerDir0/9/chunks does not exist.
2025-07-02 18:46:50,632 [EventQueue-PipelineReportForPipelineReportHandler] INFO  pipeline.PipelineReportHandler (PipelineReportHandler.java:handlePipelineNotFoundException(98)) - Pipeline Pipeline-5e6ba405-497c-4a06-b329-bc9ad7f74b25, reported by datanode 95ee4113-9599-4433-8033-e07ec30d3bee(localhost/127.0.0.1) is not found.
2025-07-02 18:46:50,632 [EventQueue-PipelineActionsForPipelineActionHandler] WARN  pipeline.PipelineActionHandler (PipelineActionHandler.java:closeUnknownPipeline(117)) - Pipeline action received for unknown Pipeline Pipeline-5e6ba405-497c-4a06-b329-bc9ad7f74b25, firing close pipeline event.
2025-07-02 18:46:50,803 [EventQueue-PipelineReportForPipelineReportHandler] INFO  pipeline.PipelineReportHandler (PipelineReportHandler.java:handlePipelineNotFoundException(98)) - Pipeline Pipeline-5e6ba405-497c-4a06-b329-bc9ad7f74b25, reported by datanode 4114dace-2331-46e8-9bd0-01e36750a673(localhost/127.0.0.1) is not found.
2025-07-02 18:46:50,804 [EventQueue-PipelineReportForPipelineReportHandler] INFO  pipeline.PipelineReportHandler (PipelineReportHandler.java:handlePipelineNotFoundException(98)) - Pipeline Pipeline-5e6ba405-497c-4a06-b329-bc9ad7f74b25, reported by datanode c6c1c004-cb80-4a23-8b53-68ef0e0db17b(localhost/127.0.0.1) is not found.
2025-07-02 18:46:50,831 [EventQueue-PipelineActionsForPipelineActionHandler] INFO  pipeline.PipelineActionHandler (PipelineActionHandler.java:processPipelineAction(89)) - Received pipeline action CLOSE for Pipeline-5e6ba405-497c-4a06-b329-bc9ad7f74b25 from datanode 95ee4113-9599-4433-8033-e07ec30d3bee(localhost/127.0.0.1). Reason : Chunks directory /home/runner/work/ozone/ozone/hadoop-ozone/integration-test/target/test-dir/MiniOzoneClusterImpl-b7e00dfa-d3b8-45cf-9d3a-2bd5fdfebf54/ozone-meta/datanode-4/data-0/hdds/b7e00dfa-d3b8-45cf-9d3a-2bd5fdfebf54/current/containerDir0/9/chunks does not exist.
2025-07-02 18:46:50,831 [EventQueue-PipelineReportForPipelineReportHandler] INFO  pipeline.PipelineReportHandler (PipelineReportHandler.java:handlePipelineNotFoundException(98)) - Pipeline Pipeline-5e6ba405-497c-4a06-b329-bc9ad7f74b25, reported by datanode 95ee4113-9599-4433-8033-e07ec30d3bee(localhost/127.0.0.1) is not found.
2025-07-02 18:46:50,832 [EventQueue-PipelineActionsForPipelineActionHandler] WARN  pipeline.PipelineActionHandler (PipelineActionHandler.java:closeUnknownPipeline(117)) - Pipeline action received for unknown Pipeline Pipeline-5e6ba405-497c-4a06-b329-bc9ad7f74b25, firing close pipeline event.
2025-07-02 18:46:51,002 [EventQueue-PipelineReportForPipelineReportHandler] INFO  pipeline.PipelineReportHandler (PipelineReportHandler.java:handlePipelineNotFoundException(98)) - Pipeline Pipeline-5e6ba405-497c-4a06-b329-bc9ad7f74b25, reported by datanode 4114dace-2331-46e8-9bd0-01e36750a673(localhost/127.0.0.1) is not found.
2025-07-02 18:46:51,003 [EventQueue-PipelineReportForPipelineReportHandler] INFO  pipeline.PipelineReportHandler (PipelineReportHandler.java:handlePipelineNotFoundException(98)) - Pipeline Pipeline-5e6ba405-497c-4a06-b329-bc9ad7f74b25, reported by datanode c6c1c004-cb80-4a23-8b53-68ef0e0db17b(localhost/127.0.0.1) is not found.
2025-07-02 18:46:51,031 [EventQueue-PipelineReportForPipelineReportHandler] INFO  pipeline.PipelineReportHandler (PipelineReportHandler.java:handlePipelineNotFoundException(98)) - Pipeline Pipeline-5e6ba405-497c-4a06-b329-bc9ad7f74b25, reported by datanode 95ee4113-9599-4433-8033-e07ec30d3bee(localhost/127.0.0.1) is not found.
2025-07-02 18:46:51,031 [EventQueue-PipelineActionsForPipelineActionHandler] INFO  pipeline.PipelineActionHandler (PipelineActionHandler.java:processPipelineAction(89)) - Received pipeline action CLOSE for Pipeline-5e6ba405-497c-4a06-b329-bc9ad7f74b25 from datanode 95ee4113-9599-4433-8033-e07ec30d3bee(localhost/127.0.0.1). Reason : Chunks directory /home/runner/work/ozone/ozone/hadoop-ozone/integration-test/target/test-dir/MiniOzoneClusterImpl-b7e00dfa-d3b8-45cf-9d3a-2bd5fdfebf54/ozone-meta/datanode-4/data-0/hdds/b7e00dfa-d3b8-45cf-9d3a-2bd5fdfebf54/current/containerDir0/9/chunks does not exist.
2025-07-02 18:46:51,032 [EventQueue-PipelineActionsForPipelineActionHandler] WARN  pipeline.PipelineActionHandler (PipelineActionHandler.java:closeUnknownPipeline(117)) - Pipeline action received for unknown Pipeline Pipeline-5e6ba405-497c-4a06-b329-bc9ad7f74b25, firing close pipeline event.
2025-07-02 18:46:51,202 [EventQueue-PipelineReportForPipelineReportHandler] INFO  pipeline.PipelineReportHandler (PipelineReportHandler.java:handlePipelineNotFoundException(98)) - Pipeline Pipeline-5e6ba405-497c-4a06-b329-bc9ad7f74b25, reported by datanode 4114dace-2331-46e8-9bd0-01e36750a673(localhost/127.0.0.1) is not found.
2025-07-02 18:46:51,208 [grpc-default-executor-2] INFO  server.RaftServer (RaftServerProxy.java:remove(116)) - 4114dace-2331-46e8-9bd0-01e36750a673: remove    LEADER (RUNNING): 4114dace-2331-46e8-9bd0-01e36750a673@group-BC9AD7F74B25:t1, leader=4114dace-2331-46e8-9bd0-01e36750a673, voted=4114dace-2331-46e8-9bd0-01e36750a673, raftlog=Memoized:4114dace-2331-46e8-9bd0-01e36750a673@group-BC9AD7F74B25-SegmentedRaftLog:OPENED:c10:last(t:1, i:10), conf=conf: {index: 0, cur=peers:[4114dace-2331-46e8-9bd0-01e36750a673|127.0.0.1:15055, 95ee4113-9599-4433-8033-e07ec30d3bee|127.0.0.1:15039, c6c1c004-cb80-4a23-8b53-68ef0e0db17b|127.0.0.1:15047]|listeners:[], old=null}
2025-07-02 18:46:51,208 [grpc-default-executor-2] INFO  server.RaftServer$Division (RaftServerImpl.java:lambda$close$1(527)) - 4114dace-2331-46e8-9bd0-01e36750a673@group-BC9AD7F74B25: shutdown
2025-07-02 18:46:51,208 [grpc-default-executor-2] INFO  util.JmxRegister (JmxRegister.java:unregister(74)) - Successfully un-registered JMX Bean with object name Ratis:service=RaftServer,group=group-BC9AD7F74B25,id=4114dace-2331-46e8-9bd0-01e36750a673
2025-07-02 18:46:51,208 [grpc-default-executor-2] INFO  impl.RoleInfo (RoleInfo.java:shutdownLeaderState(103)) - 4114dace-2331-46e8-9bd0-01e36750a673: shutdown 4114dace-2331-46e8-9bd0-01e36750a673@group-BC9AD7F74B25-LeaderStateImpl
2025-07-02 18:46:51,208 [4114dace-2331-46e8-9bd0-01e36750a673@group-BC9AD7F74B25->c6c1c004-cb80-4a23-8b53-68ef0e0db17b-GrpcLogAppender-LogAppenderDaemon] WARN  server.GrpcLogAppender (GrpcLogAppender.java:mayWait(300)) - 4114dace-2331-46e8-9bd0-01e36750a673@group-BC9AD7F74B25->c6c1c004-cb80-4a23-8b53-68ef0e0db17b-GrpcLogAppender: Wait interrupted by java.lang.InterruptedException
2025-07-02 18:46:51,208 [4114dace-2331-46e8-9bd0-01e36750a673@group-BC9AD7F74B25->95ee4113-9599-4433-8033-e07ec30d3bee-GrpcLogAppender-LogAppenderDaemon] WARN  server.GrpcLogAppender (GrpcLogAppender.java:mayWait(300)) - 4114dace-2331-46e8-9bd0-01e36750a673@group-BC9AD7F74B25->95ee4113-9599-4433-8033-e07ec30d3bee-GrpcLogAppender: Wait interrupted by java.lang.InterruptedException
2025-07-02 18:46:51,208 [grpc-default-executor-2] INFO  impl.PendingRequests (PendingRequests.java:sendNotLeaderResponses(287)) - 4114dace-2331-46e8-9bd0-01e36750a673@group-BC9AD7F74B25-PendingRequests: sendNotLeaderResponses
2025-07-02 18:46:51,209 [grpc-default-executor-7] INFO  server.GrpcServerProtocolService (GrpcServerProtocolService.java:lambda$onCompleted$6(171)) - c6c1c004-cb80-4a23-8b53-68ef0e0db17b: Completed APPEND_ENTRIES, lastRequest: null 
2025-07-02 18:46:51,209 [grpc-default-executor-7] INFO  server.GrpcServerProtocolService (GrpcServerProtocolService.java:lambda$null$7(175)) - c6c1c004-cb80-4a23-8b53-68ef0e0db17b: Completed APPEND_ENTRIES, lastReply: serverReply {
  requestorId: "4114dace-2331-46e8-9bd0-01e36750a673"
  replyId: "c6c1c004-cb80-4a23-8b53-68ef0e0db17b"
  raftGroupId {
    id: "^k\244\005I|J\006\263)\274\232\327\367K%"
  }
  callId: 62
  success: true
}
term: 1
nextIndex: 11
followerCommit: 10
matchIndex: 18446744073709551615
isHearbeat: true
 
2025-07-02 18:46:51,209 [null-request--thread1] INFO  server.GrpcClientProtocolService (GrpcClientProtocolService.java:lambda$processClientRequest$0(284)) - Failed RaftClientRequest:client-B7FDF6D8A510->4114dace-2331-46e8-9bd0-01e36750a673@group-BC9AD7F74B25, cid=182, seq=null, Watch-ALL_COMMITTED(7), Message:<EMPTY>, reply=RaftClientReply:client-B7FDF6D8A510->4114dace-2331-46e8-9bd0-01e36750a673@group-BC9AD7F74B25, cid=182, FAILED org.apache.ratis.protocol.exceptions.NotLeaderException: Server 4114dace-2331-46e8-9bd0-01e36750a673@group-BC9AD7F74B25 is not the leader, logIndex=0, commits[4114dace-2331-46e8-9bd0-01e36750a673:c10]
2025-07-02 18:46:51,210 [grpc-default-executor-3] INFO  server.GrpcLogAppender (GrpcLogAppender.java:onCompleted(558)) - 4114dace-2331-46e8-9bd0-01e36750a673@group-BC9AD7F74B25->c6c1c004-cb80-4a23-8b53-68ef0e0db17b-AppendLogResponseHandler: follower responses appendEntries COMPLETED
2025-07-02 18:46:51,210 [grpc-default-executor-0] INFO  server.GrpcLogAppender (GrpcLogAppender.java:onCompleted(558)) - 4114dace-2331-46e8-9bd0-01e36750a673@group-BC9AD7F74B25->c6c1c004-cb80-4a23-8b53-68ef0e0db17b-AppendLogResponseHandler: follower responses appendEntries COMPLETED
2025-07-02 18:46:51,211 [grpc-default-executor-2] INFO  impl.StateMachineUpdater (StateMachineUpdater.java:stopAndJoin(163)) - 4114dace-2331-46e8-9bd0-01e36750a673@group-BC9AD7F74B25-StateMachineUpdater: set stopIndex = 10
2025-07-02 18:46:51,211 [4114dace-2331-46e8-9bd0-01e36750a673@group-BC9AD7F74B25-StateMachineUpdater] INFO  impl.StateMachineUpdater (StateMachineUpdater.java:stop(140)) - 4114dace-2331-46e8-9bd0-01e36750a673@group-BC9AD7F74B25-StateMachineUpdater: closing ContainerStateMachine, lastApplied=(t:1, i:10)
2025-07-02 18:46:51,211 [4114dace-2331-46e8-9bd0-01e36750a673@group-BC9AD7F74B25-cacheEviction-AwaitToRun] INFO  util.AwaitToRun (AwaitToRun.java:run(49)) - 4114dace-2331-46e8-9bd0-01e36750a673@group-BC9AD7F74B25-cacheEviction-AwaitToRun-AwaitForSignal is interrupted
2025-07-02 18:46:51,231 [EventQueue-PipelineActionsForPipelineActionHandler] INFO  pipeline.PipelineActionHandler (PipelineActionHandler.java:processPipelineAction(89)) - Received pipeline action CLOSE for Pipeline-5e6ba405-497c-4a06-b329-bc9ad7f74b25 from datanode 95ee4113-9599-4433-8033-e07ec30d3bee(localhost/127.0.0.1). Reason : Chunks directory /home/runner/work/ozone/ozone/hadoop-ozone/integration-test/target/test-dir/MiniOzoneClusterImpl-b7e00dfa-d3b8-45cf-9d3a-2bd5fdfebf54/ozone-meta/datanode-4/data-0/hdds/b7e00dfa-d3b8-45cf-9d3a-2bd5fdfebf54/current/containerDir0/9/chunks does not exist.
2025-07-02 18:46:51,232 [EventQueue-PipelineActionsForPipelineActionHandler] WARN  pipeline.PipelineActionHandler (PipelineActionHandler.java:closeUnknownPipeline(117)) - Pipeline action received for unknown Pipeline Pipeline-5e6ba405-497c-4a06-b329-bc9ad7f74b25, firing close pipeline event.
2025-07-02 18:46:51,231 [EventQueue-PipelineReportForPipelineReportHandler] INFO  pipeline.PipelineReportHandler (PipelineReportHandler.java:handlePipelineNotFoundException(98)) - Pipeline Pipeline-5e6ba405-497c-4a06-b329-bc9ad7f74b25, reported by datanode 95ee4113-9599-4433-8033-e07ec30d3bee(localhost/127.0.0.1) is not found.
2025-07-02 18:46:51,236 [grpc-default-executor-5] WARN  server.RaftServer (RaftServerProxy.java:remove(111)) - 4114dace-2331-46e8-9bd0-01e36750a673: does not contain group: group-BC9AD7F74B25
2025-07-02 18:46:51,236 [grpc-default-executor-5] WARN  server.GrpcAdminProtocolService (GrpcAdminProtocolService.java:lambda$groupManagement$1(53)) - Failed groupManagement: GROUPREMOVE, GroupManagementRequest:client-35C212B9A540->4114dace-2331-46e8-9bd0-01e36750a673@group-BC9AD7F74B25, cid=188, seq=null, RW, null, Remove:group-BC9AD7F74B25, delete-dir
org.apache.ratis.protocol.exceptions.GroupMismatchException: 4114dace-2331-46e8-9bd0-01e36750a673: Group group-BC9AD7F74B25 not found.
	at org.apache.ratis.server.impl.RaftServerProxy.groupRemoveAsync(RaftServerProxy.java:548)
	at org.apache.ratis.server.impl.RaftServerProxy.groupManagementAsync(RaftServerProxy.java:499)
	at org.apache.ratis.grpc.server.GrpcAdminProtocolService.lambda$groupManagement$0(GrpcAdminProtocolService.java:51)
	at org.apache.ratis.grpc.GrpcUtil.asyncCall(GrpcUtil.java:172)
	at org.apache.ratis.grpc.server.GrpcAdminProtocolService.groupManagement(GrpcAdminProtocolService.java:51)
	at org.apache.ratis.proto.grpc.AdminProtocolServiceGrpc$MethodHandlers.invoke(AdminProtocolServiceGrpc.java:701)
	at org.apache.ratis.thirdparty.io.grpc.stub.ServerCalls$UnaryServerCallHandler$UnaryServerCallListener.onHalfClose(ServerCalls.java:182)
	at org.apache.ratis.thirdparty.io.grpc.internal.ServerCallImpl$ServerStreamListenerImpl.halfClosed(ServerCallImpl.java:356)
	at org.apache.ratis.thirdparty.io.grpc.internal.ServerImpl$JumpToApplicationThreadServerStreamListener$1HalfClosed.runInContext(ServerImpl.java:861)
	at org.apache.ratis.thirdparty.io.grpc.internal.ContextRunnable.run(ContextRunnable.java:37)
	at org.apache.ratis.thirdparty.io.grpc.internal.SerializingExecutor.run(SerializingExecutor.java:133)
	at java.base/java.util.concurrent.ThreadPoolExecutor.runWorker(ThreadPoolExecutor.java:1144)
	at java.base/java.util.concurrent.ThreadPoolExecutor$Worker.run(ThreadPoolExecutor.java:642)
	at java.base/java.lang.Thread.run(Thread.java:1583)
2025-07-02 18:46:51,244 [grpc-default-executor-5] INFO  server.RaftServer (RaftServerProxy.java:remove(116)) - c6c1c004-cb80-4a23-8b53-68ef0e0db17b: remove  FOLLOWER (RUNNING): c6c1c004-cb80-4a23-8b53-68ef0e0db17b@group-BC9AD7F74B25:t1, leader=4114dace-2331-46e8-9bd0-01e36750a673, voted=4114dace-2331-46e8-9bd0-01e36750a673, raftlog=Memoized:c6c1c004-cb80-4a23-8b53-68ef0e0db17b@group-BC9AD7F74B25-SegmentedRaftLog:OPENED:c10:last(t:1, i:10), conf=conf: {index: 0, cur=peers:[4114dace-2331-46e8-9bd0-01e36750a673|127.0.0.1:15055, 95ee4113-9599-4433-8033-e07ec30d3bee|127.0.0.1:15039, c6c1c004-cb80-4a23-8b53-68ef0e0db17b|127.0.0.1:15047]|listeners:[], old=null}
2025-07-02 18:46:51,244 [grpc-default-executor-5] INFO  server.RaftServer$Division (RaftServerImpl.java:lambda$close$1(527)) - c6c1c004-cb80-4a23-8b53-68ef0e0db17b@group-BC9AD7F74B25: shutdown
2025-07-02 18:46:51,244 [grpc-default-executor-5] INFO  util.JmxRegister (JmxRegister.java:unregister(74)) - Successfully un-registered JMX Bean with object name Ratis:service=RaftServer,group=group-BC9AD7F74B25,id=c6c1c004-cb80-4a23-8b53-68ef0e0db17b
2025-07-02 18:46:51,244 [grpc-default-executor-5] INFO  impl.RoleInfo (RoleInfo.java:shutdownFollowerState(121)) - c6c1c004-cb80-4a23-8b53-68ef0e0db17b: shutdown c6c1c004-cb80-4a23-8b53-68ef0e0db17b@group-BC9AD7F74B25-FollowerState
2025-07-02 18:46:51,244 [grpc-default-executor-5] INFO  impl.StateMachineUpdater (StateMachineUpdater.java:stopAndJoin(163)) - c6c1c004-cb80-4a23-8b53-68ef0e0db17b@group-BC9AD7F74B25-StateMachineUpdater: set stopIndex = 10
2025-07-02 18:46:51,244 [c6c1c004-cb80-4a23-8b53-68ef0e0db17b@group-BC9AD7F74B25-StateMachineUpdater] INFO  impl.StateMachineUpdater (StateMachineUpdater.java:stop(140)) - c6c1c004-cb80-4a23-8b53-68ef0e0db17b@group-BC9AD7F74B25-StateMachineUpdater: closing ContainerStateMachine, lastApplied=(t:1, i:10)
2025-07-02 18:46:51,244 [c6c1c004-cb80-4a23-8b53-68ef0e0db17b@group-BC9AD7F74B25-FollowerState] INFO  impl.FollowerState (FollowerState.java:runImpl(170)) - c6c1c004-cb80-4a23-8b53-68ef0e0db17b@group-BC9AD7F74B25-FollowerState was interrupted
2025-07-02 18:46:51,249 [c6c1c004-cb80-4a23-8b53-68ef0e0db17b@group-BC9AD7F74B25-cacheEviction-AwaitToRun] INFO  util.AwaitToRun (AwaitToRun.java:run(49)) - c6c1c004-cb80-4a23-8b53-68ef0e0db17b@group-BC9AD7F74B25-cacheEviction-AwaitToRun-AwaitForSignal is interrupted
2025-07-02 18:46:51,404 [EventQueue-PipelineReportForPipelineReportHandler] INFO  pipeline.PipelineReportHandler (PipelineReportHandler.java:handlePipelineNotFoundException(98)) - Pipeline Pipeline-5e6ba405-497c-4a06-b329-bc9ad7f74b25, reported by datanode c6c1c004-cb80-4a23-8b53-68ef0e0db17b(localhost/127.0.0.1) is not found.
2025-07-02 18:46:51,432 [EventQueue-PipelineActionsForPipelineActionHandler] INFO  pipeline.PipelineActionHandler (PipelineActionHandler.java:processPipelineAction(89)) - Received pipeline action CLOSE for Pipeline-5e6ba405-497c-4a06-b329-bc9ad7f74b25 from datanode 95ee4113-9599-4433-8033-e07ec30d3bee(localhost/127.0.0.1). Reason : Chunks directory /home/runner/work/ozone/ozone/hadoop-ozone/integration-test/target/test-dir/MiniOzoneClusterImpl-b7e00dfa-d3b8-45cf-9d3a-2bd5fdfebf54/ozone-meta/datanode-4/data-0/hdds/b7e00dfa-d3b8-45cf-9d3a-2bd5fdfebf54/current/containerDir0/9/chunks does not exist.
2025-07-02 18:46:51,432 [EventQueue-PipelineReportForPipelineReportHandler] INFO  pipeline.PipelineReportHandler (PipelineReportHandler.java:handlePipelineNotFoundException(98)) - Pipeline Pipeline-5e6ba405-497c-4a06-b329-bc9ad7f74b25, reported by datanode 95ee4113-9599-4433-8033-e07ec30d3bee(localhost/127.0.0.1) is not found.
2025-07-02 18:46:51,432 [EventQueue-PipelineActionsForPipelineActionHandler] WARN  pipeline.PipelineActionHandler (PipelineActionHandler.java:closeUnknownPipeline(117)) - Pipeline action received for unknown Pipeline Pipeline-5e6ba405-497c-4a06-b329-bc9ad7f74b25, firing close pipeline event.
2025-07-02 18:46:51,632 [EventQueue-PipelineActionsForPipelineActionHandler] INFO  pipeline.PipelineActionHandler (PipelineActionHandler.java:processPipelineAction(89)) - Received pipeline action CLOSE for Pipeline-5e6ba405-497c-4a06-b329-bc9ad7f74b25 from datanode 95ee4113-9599-4433-8033-e07ec30d3bee(localhost/127.0.0.1). Reason : Chunks directory /home/runner/work/ozone/ozone/hadoop-ozone/integration-test/target/test-dir/MiniOzoneClusterImpl-b7e00dfa-d3b8-45cf-9d3a-2bd5fdfebf54/ozone-meta/datanode-4/data-0/hdds/b7e00dfa-d3b8-45cf-9d3a-2bd5fdfebf54/current/containerDir0/9/chunks does not exist.
2025-07-02 18:46:51,632 [EventQueue-PipelineReportForPipelineReportHandler] INFO  pipeline.PipelineReportHandler (PipelineReportHandler.java:handlePipelineNotFoundException(98)) - Pipeline Pipeline-5e6ba405-497c-4a06-b329-bc9ad7f74b25, reported by datanode 95ee4113-9599-4433-8033-e07ec30d3bee(localhost/127.0.0.1) is not found.
2025-07-02 18:46:51,632 [EventQueue-PipelineActionsForPipelineActionHandler] WARN  pipeline.PipelineActionHandler (PipelineActionHandler.java:closeUnknownPipeline(117)) - Pipeline action received for unknown Pipeline Pipeline-5e6ba405-497c-4a06-b329-bc9ad7f74b25, firing close pipeline event.
2025-07-02 18:46:51,831 [EventQueue-PipelineActionsForPipelineActionHandler] INFO  pipeline.PipelineActionHandler (PipelineActionHandler.java:processPipelineAction(89)) - Received pipeline action CLOSE for Pipeline-5e6ba405-497c-4a06-b329-bc9ad7f74b25 from datanode 95ee4113-9599-4433-8033-e07ec30d3bee(localhost/127.0.0.1). Reason : Chunks directory /home/runner/work/ozone/ozone/hadoop-ozone/integration-test/target/test-dir/MiniOzoneClusterImpl-b7e00dfa-d3b8-45cf-9d3a-2bd5fdfebf54/ozone-meta/datanode-4/data-0/hdds/b7e00dfa-d3b8-45cf-9d3a-2bd5fdfebf54/current/containerDir0/9/chunks does not exist.
2025-07-02 18:46:51,831 [EventQueue-PipelineReportForPipelineReportHandler] INFO  pipeline.PipelineReportHandler (PipelineReportHandler.java:handlePipelineNotFoundException(98)) - Pipeline Pipeline-5e6ba405-497c-4a06-b329-bc9ad7f74b25, reported by datanode 95ee4113-9599-4433-8033-e07ec30d3bee(localhost/127.0.0.1) is not found.
2025-07-02 18:46:51,831 [EventQueue-PipelineActionsForPipelineActionHandler] WARN  pipeline.PipelineActionHandler (PipelineActionHandler.java:closeUnknownPipeline(117)) - Pipeline action received for unknown Pipeline Pipeline-5e6ba405-497c-4a06-b329-bc9ad7f74b25, firing close pipeline event.
2025-07-02 18:46:51,997 [grpc-default-executor-2] INFO  segmented.SegmentedRaftLogWorker (SegmentedRaftLogWorker.java:close(254)) - 4114dace-2331-46e8-9bd0-01e36750a673@group-BC9AD7F74B25-SegmentedRaftLogWorker close()
2025-07-02 18:46:51,998 [grpc-default-executor-5] INFO  segmented.SegmentedRaftLogWorker (SegmentedRaftLogWorker.java:close(254)) - c6c1c004-cb80-4a23-8b53-68ef0e0db17b@group-BC9AD7F74B25-SegmentedRaftLogWorker close()
2025-07-02 18:46:51,999 [grpc-default-executor-2] INFO  server.RaftServer$Division (RaftServerImpl.java:groupRemove(497)) - 4114dace-2331-46e8-9bd0-01e36750a673@group-BC9AD7F74B25: Succeed to remove RaftStorageDirectory Storage Directory /home/runner/work/ozone/ozone/hadoop-ozone/integration-test/target/test-dir/MiniOzoneClusterImpl-b7e00dfa-d3b8-45cf-9d3a-2bd5fdfebf54/ozone-meta/datanode-6/ratis/5e6ba405-497c-4a06-b329-bc9ad7f74b25
2025-07-02 18:46:51,999 [grpc-default-executor-5] INFO  server.RaftServer$Division (RaftServerImpl.java:groupRemove(497)) - c6c1c004-cb80-4a23-8b53-68ef0e0db17b@group-BC9AD7F74B25: Succeed to remove RaftStorageDirectory Storage Directory /home/runner/work/ozone/ozone/hadoop-ozone/integration-test/target/test-dir/MiniOzoneClusterImpl-b7e00dfa-d3b8-45cf-9d3a-2bd5fdfebf54/ozone-meta/datanode-5/ratis/5e6ba405-497c-4a06-b329-bc9ad7f74b25
2025-07-02 18:46:52,001 [95ee4113-9599-4433-8033-e07ec30d3bee-PipelineCommandHandlerThread-0] INFO  server.RaftServer (RaftServerProxy.java:remove(116)) - 95ee4113-9599-4433-8033-e07ec30d3bee: remove  FOLLOWER (RUNNING): 95ee4113-9599-4433-8033-e07ec30d3bee@group-BC9AD7F74B25:t1, leader=4114dace-2331-46e8-9bd0-01e36750a673, voted=4114dace-2331-46e8-9bd0-01e36750a673, raftlog=Memoized:95ee4113-9599-4433-8033-e07ec30d3bee@group-BC9AD7F74B25-SegmentedRaftLog:OPENED:c4:last(t:1, i:5), conf=conf: {index: 0, cur=peers:[4114dace-2331-46e8-9bd0-01e36750a673|127.0.0.1:15055, 95ee4113-9599-4433-8033-e07ec30d3bee|127.0.0.1:15039, c6c1c004-cb80-4a23-8b53-68ef0e0db17b|127.0.0.1:15047]|listeners:[], old=null}
2025-07-02 18:46:52,001 [95ee4113-9599-4433-8033-e07ec30d3bee-PipelineCommandHandlerThread-0] INFO  server.RaftServer$Division (RaftServerImpl.java:lambda$close$1(527)) - 95ee4113-9599-4433-8033-e07ec30d3bee@group-BC9AD7F74B25: shutdown
2025-07-02 18:46:52,001 [95ee4113-9599-4433-8033-e07ec30d3bee-PipelineCommandHandlerThread-0] INFO  util.JmxRegister (JmxRegister.java:unregister(74)) - Successfully un-registered JMX Bean with object name Ratis:service=RaftServer,group=group-BC9AD7F74B25,id=95ee4113-9599-4433-8033-e07ec30d3bee
2025-07-02 18:46:52,001 [95ee4113-9599-4433-8033-e07ec30d3bee-PipelineCommandHandlerThread-0] INFO  impl.RoleInfo (RoleInfo.java:shutdownFollowerState(121)) - 95ee4113-9599-4433-8033-e07ec30d3bee: shutdown 95ee4113-9599-4433-8033-e07ec30d3bee@group-BC9AD7F74B25-FollowerState
2025-07-02 18:46:52,001 [95ee4113-9599-4433-8033-e07ec30d3bee-PipelineCommandHandlerThread-0] INFO  impl.StateMachineUpdater (StateMachineUpdater.java:stopAndJoin(163)) - 95ee4113-9599-4433-8033-e07ec30d3bee@group-BC9AD7F74B25-StateMachineUpdater: set stopIndex = 4
2025-07-02 18:46:52,001 [95ee4113-9599-4433-8033-e07ec30d3bee@group-BC9AD7F74B25-FollowerState] INFO  impl.FollowerState (FollowerState.java:runImpl(170)) - 95ee4113-9599-4433-8033-e07ec30d3bee@group-BC9AD7F74B25-FollowerState was interrupted
2025-07-02 18:46:52,002 [95ee4113-9599-4433-8033-e07ec30d3bee@group-BC9AD7F74B25-StateMachineUpdater] ERROR ratis.ContainerStateMachine (ContainerStateMachine.java:takeSnapshot(421)) - Failed to take snapshot  for group-BC9AD7F74B25 as the stateMachine is unhealthy. The last applied index is at (t:1, i:4)
2025-07-02 18:46:52,002 [95ee4113-9599-4433-8033-e07ec30d3bee@group-BC9AD7F74B25-StateMachineUpdater] ERROR impl.StateMachineUpdater (StateMachineUpdater.java:takeSnapshot(302)) - 95ee4113-9599-4433-8033-e07ec30d3bee@group-BC9AD7F74B25-StateMachineUpdater: Failed to take snapshot
org.apache.ratis.protocol.exceptions.StateMachineException: Failed to take snapshot  for group-BC9AD7F74B25 as the stateMachine is unhealthy. The last applied index is at (t:1, i:4)
	at org.apache.hadoop.ozone.container.common.transport.server.ratis.ContainerStateMachine.takeSnapshot(ContainerStateMachine.java:420)
	at org.apache.ratis.server.impl.StateMachineUpdater.takeSnapshot(StateMachineUpdater.java:290)
	at org.apache.ratis.server.impl.StateMachineUpdater.checkAndTakeSnapshot(StateMachineUpdater.java:281)
	at org.apache.ratis.server.impl.StateMachineUpdater.run(StateMachineUpdater.java:194)
	at java.base/java.lang.Thread.run(Thread.java:1583)
2025-07-02 18:46:52,002 [95ee4113-9599-4433-8033-e07ec30d3bee@group-BC9AD7F74B25-StateMachineUpdater] INFO  impl.StateMachineUpdater (StateMachineUpdater.java:stop(140)) - 95ee4113-9599-4433-8033-e07ec30d3bee@group-BC9AD7F74B25-StateMachineUpdater: closing ContainerStateMachine, lastApplied=(t:1, i:4)
2025-07-02 18:46:52,003 [95ee4113-9599-4433-8033-e07ec30d3bee@group-BC9AD7F74B25-cacheEviction-AwaitToRun] INFO  util.AwaitToRun (AwaitToRun.java:run(49)) - 95ee4113-9599-4433-8033-e07ec30d3bee@group-BC9AD7F74B25-cacheEviction-AwaitToRun-AwaitForSignal is interrupted
2025-07-02 18:46:52,006 [grpc-default-executor-5] WARN  server.RaftServer (RaftServerProxy.java:remove(111)) - 95ee4113-9599-4433-8033-e07ec30d3bee: does not contain group: group-BC9AD7F74B25
2025-07-02 18:46:52,006 [grpc-default-executor-5] WARN  server.GrpcAdminProtocolService (GrpcAdminProtocolService.java:lambda$groupManagement$1(53)) - Failed groupManagement: GROUPREMOVE, GroupManagementRequest:client-DE140A1435E8->95ee4113-9599-4433-8033-e07ec30d3bee@group-BC9AD7F74B25, cid=190, seq=null, RW, null, Remove:group-BC9AD7F74B25, delete-dir
org.apache.ratis.protocol.exceptions.GroupMismatchException: 95ee4113-9599-4433-8033-e07ec30d3bee: Group group-BC9AD7F74B25 not found.
	at org.apache.ratis.server.impl.RaftServerProxy.groupRemoveAsync(RaftServerProxy.java:548)
	at org.apache.ratis.server.impl.RaftServerProxy.groupManagementAsync(RaftServerProxy.java:499)
	at org.apache.ratis.grpc.server.GrpcAdminProtocolService.lambda$groupManagement$0(GrpcAdminProtocolService.java:51)
	at org.apache.ratis.grpc.GrpcUtil.asyncCall(GrpcUtil.java:172)
	at org.apache.ratis.grpc.server.GrpcAdminProtocolService.groupManagement(GrpcAdminProtocolService.java:51)
	at org.apache.ratis.proto.grpc.AdminProtocolServiceGrpc$MethodHandlers.invoke(AdminProtocolServiceGrpc.java:701)
	at org.apache.ratis.thirdparty.io.grpc.stub.ServerCalls$UnaryServerCallHandler$UnaryServerCallListener.onHalfClose(ServerCalls.java:182)
	at org.apache.ratis.thirdparty.io.grpc.internal.ServerCallImpl$ServerStreamListenerImpl.halfClosed(ServerCallImpl.java:356)
	at org.apache.ratis.thirdparty.io.grpc.internal.ServerImpl$JumpToApplicationThreadServerStreamListener$1HalfClosed.runInContext(ServerImpl.java:861)
	at org.apache.ratis.thirdparty.io.grpc.internal.ContextRunnable.run(ContextRunnable.java:37)
	at org.apache.ratis.thirdparty.io.grpc.internal.SerializingExecutor.run(SerializingExecutor.java:133)
	at java.base/java.util.concurrent.ThreadPoolExecutor.runWorker(ThreadPoolExecutor.java:1144)
	at java.base/java.util.concurrent.ThreadPoolExecutor$Worker.run(ThreadPoolExecutor.java:642)
	at java.base/java.lang.Thread.run(Thread.java:1583)
2025-07-02 18:46:52,009 [c6c1c004-cb80-4a23-8b53-68ef0e0db17b-PipelineCommandHandlerThread-0] WARN  server.RaftServer (RaftServerProxy.java:remove(111)) - c6c1c004-cb80-4a23-8b53-68ef0e0db17b: does not contain group: group-BC9AD7F74B25
2025-07-02 18:46:52,031 [EventQueue-PipelineReportForPipelineReportHandler] INFO  pipeline.PipelineReportHandler (PipelineReportHandler.java:handlePipelineNotFoundException(98)) - Pipeline Pipeline-5e6ba405-497c-4a06-b329-bc9ad7f74b25, reported by datanode 95ee4113-9599-4433-8033-e07ec30d3bee(localhost/127.0.0.1) is not found.
2025-07-02 18:46:52,452 [timer7] INFO  server.GrpcServerProtocolService (GrpcServerProtocolService.java:lambda$null$7(175)) - 71a26ef2-e834-411c-97c5-a30c78105e8f: Completed APPEND_ENTRIES, lastReply: null  (Repeated 2 times in the last 5.000s)
2025-07-02 18:46:52,452 [timer6] INFO  server.GrpcServerProtocolService (GrpcServerProtocolService.java:lambda$onCompleted$6(171)) - 71a26ef2-e834-411c-97c5-a30c78105e8f: Completed APPEND_ENTRIES, lastRequest: null  (Repeated 4 times in the last 5.001s)
2025-07-02 18:46:52,453 [timer0] INFO  server.GrpcServerProtocolService (GrpcServerProtocolService.java:lambda$onCompleted$6(171)) - 9eb5a351-9325-4150-9d0a-de2b7d27d48d: Completed APPEND_ENTRIES, lastRequest: null  (Repeated 2 times in the last 5.001s)
2025-07-02 18:46:52,454 [timer1] INFO  server.GrpcServerProtocolService (GrpcServerProtocolService.java:lambda$null$7(175)) - 9eb5a351-9325-4150-9d0a-de2b7d27d48d: Completed APPEND_ENTRIES, lastReply: null  (Repeated 2 times in the last 5.002s)
2025-07-02 18:46:52,719 [timer1] WARN  server.GrpcLogAppender (GrpcLogAppender.java:timeoutAppendRequest(448)) - f1637480-4571-474d-8c0e-49126192dfac@group-84D2FC177FB5->75758caf-2019-48e0-9285-4ac26ec01eda-GrpcLogAppender: Timed out HEARTBEAT appendEntries, errorCount=33, request=AppendEntriesRequest:cid=4651,entriesCount=0
2025-07-02 18:46:52,819 [timer0] INFO  server.GrpcServerProtocolService (GrpcServerProtocolService.java:lambda$onCompleted$6(171)) - 92aeff0d-b8ac-4e9e-9ba6-1724c63a8401: Completed APPEND_ENTRIES, lastRequest: 9eb5a351-9325-4150-9d0a-de2b7d27d48d->92aeff0d-b8ac-4e9e-9ba6-1724c63a8401#1-t1,previous=<PROTO_DEFAULT>,leaderCommit=-1,initializing? false,entries: size=1, first=(t:1, i:0), CONFIGURATIONENTRY(current:id:"9eb5a351-9325-4150-9d0a-de2b7d27d48d"address:"127.0.0.1:15079"priority:1dataStreamAddress:"127.0.0.1:15080"clientAddress:"127.0.0.1:15077"adminAddress:"127.0.0.1:15078"startupRole:FOLLOWER, id:"71a26ef2-e834-411c-97c5-a30c78105e8f"address:"127.0.0.1:15071"dataStreamAddress:"127.0.0.1:15072"clientAddress:"127.0.0.1:15069"adminAddress:"127.0.0.1:15070"startupRole:FOLLOWER, id:"92aeff0d-b8ac-4e9e-9ba6-1724c63a8401"address:"127.0.0.1:15063"dataStreamAddress:"127.0.0.1:15064"clientAddress:"127.0.0.1:15061"adminAddress:"127.0.0.1:15062"startupRole:FOLLOWER, old:)  (Repeated 2 times in the last 5.000s)
2025-07-02 18:46:52,820 [timer1] INFO  server.GrpcServerProtocolService (GrpcServerProtocolService.java:lambda$null$7(175)) - 92aeff0d-b8ac-4e9e-9ba6-1724c63a8401: Completed APPEND_ENTRIES, lastReply: null  (Repeated 2 times in the last 5.001s)
2025-07-02 18:46:52,836 [95ee4113-9599-4433-8033-e07ec30d3bee-PipelineCommandHandlerThread-0] INFO  segmented.SegmentedRaftLogWorker (SegmentedRaftLogWorker.java:close(254)) - 95ee4113-9599-4433-8033-e07ec30d3bee@group-BC9AD7F74B25-SegmentedRaftLogWorker close()
2025-07-02 18:46:52,837 [95ee4113-9599-4433-8033-e07ec30d3bee-PipelineCommandHandlerThread-0] INFO  server.RaftServer$Division (RaftServerImpl.java:groupRemove(497)) - 95ee4113-9599-4433-8033-e07ec30d3bee@group-BC9AD7F74B25: Succeed to remove RaftStorageDirectory Storage Directory /home/runner/work/ozone/ozone/hadoop-ozone/integration-test/target/test-dir/MiniOzoneClusterImpl-b7e00dfa-d3b8-45cf-9d3a-2bd5fdfebf54/ozone-meta/datanode-4/ratis/5e6ba405-497c-4a06-b329-bc9ad7f74b25
2025-07-02 18:46:52,837 [95ee4113-9599-4433-8033-e07ec30d3bee-PipelineCommandHandlerThread-0] INFO  commandhandler.ClosePipelineCommandHandler (ClosePipelineCommandHandler.java:lambda$handle$2(142)) - Close Pipeline Pipeline-5e6ba405-497c-4a06-b329-bc9ad7f74b25 command on datanode 95ee4113-9599-4433-8033-e07ec30d3bee(localhost/127.0.0.1).
2025-07-02 18:46:56,209 [timer2] INFO  server.GrpcServerProtocolService (GrpcServerProtocolService.java:lambda$onCompleted$6(171)) - c6c1c004-cb80-4a23-8b53-68ef0e0db17b: Completed APPEND_ENTRIES, lastRequest: 4114dace-2331-46e8-9bd0-01e36750a673->c6c1c004-cb80-4a23-8b53-68ef0e0db17b#60-t1,previous=(t:1, i:9),leaderCommit=9,initializing? false,entries: size=1, first=(t:1, i:10), METADATAENTRY(c:9)  (Repeated 2 times in the last 5.000s)
2025-07-02 18:46:56,210 [timer3] INFO  server.GrpcServerProtocolService (GrpcServerProtocolService.java:lambda$null$7(175)) - c6c1c004-cb80-4a23-8b53-68ef0e0db17b: Completed APPEND_ENTRIES, lastReply: null  (Repeated 2 times in the last 5.001s)
2025-07-02 18:46:57,699 [ForkJoinPool.commonPool-worker-1] WARN  scm.XceiverClientRatis (XceiverClientRatis.java:lambda$watchForCommit$6(313)) - ALL_COMMITTED way commit failed on pipeline Pipeline{ Id: 5e6ba405-497c-4a06-b329-bc9ad7f74b25, Nodes: [ {4114dace-2331-46e8-9bd0-01e36750a673(localhost/127.0.0.1), ReplicaIndex: 0}, {c6c1c004-cb80-4a23-8b53-68ef0e0db17b(localhost/127.0.0.1), ReplicaIndex: 0}, {95ee4113-9599-4433-8033-e07ec30d3bee(localhost/127.0.0.1), ReplicaIndex: 0},], ReplicationConfig: RATIS/THREE, State:OPEN, leaderId:4114dace-2331-46e8-9bd0-01e36750a673, CreationTimestamp2025-07-02T18:45:19.212Z[Etc/UTC]}
java.util.concurrent.CompletionException: org.apache.ratis.protocol.exceptions.RaftRetryFailureException: Failed RaftClientRequest:client-B7FDF6D8A510->c6c1c004-cb80-4a23-8b53-68ef0e0db17b@group-BC9AD7F74B25, cid=182, seq=null, Watch-ALL_COMMITTED(7), null for 2 attempts with RequestTypeDependentRetryPolicy{WRITE->ExceptionDependentRetry(maxAttempts=2147483647; defaultPolicy=MultipleLinearRandomRetry[5x5s, 5x10s, 5x15s, 5x20s, 5x25s, 10x60s]; map={org.apache.ratis.protocol.exceptions.GroupMismatchException->NoRetry, org.apache.ratis.protocol.exceptions.NotReplicatedException->NoRetry, org.apache.ratis.protocol.exceptions.ResourceUnavailableException->org.apache.ratis.retry.ExponentialBackoffRetry@3f3f3ff9, org.apache.ratis.protocol.exceptions.StateMachineException->NoRetry, org.apache.ratis.protocol.exceptions.TimeoutIOException->org.apache.ratis.retry.ExponentialBackoffRetry@3f3f3ff9}), WATCH->ExceptionDependentRetry(maxAttempts=2147483647; defaultPolicy=MultipleLinearRandomRetry[5x5s, 5x10s, 5x15s, 5x20s, 5x25s, 10x60s]; map={org.apache.ratis.protocol.exceptions.GroupMismatchException->NoRetry, org.apache.ratis.protocol.exceptions.NotReplicatedException->NoRetry, org.apache.ratis.protocol.exceptions.ResourceUnavailableException->org.apache.ratis.retry.ExponentialBackoffRetry@3f3f3ff9, org.apache.ratis.protocol.exceptions.StateMachineException->NoRetry, org.apache.ratis.protocol.exceptions.TimeoutIOException->NoRetry})}
	at java.base/java.util.concurrent.CompletableFuture.encodeThrowable(CompletableFuture.java:332)
	at java.base/java.util.concurrent.CompletableFuture.completeThrowable(CompletableFuture.java:347)
	at java.base/java.util.concurrent.CompletableFuture$UniApply.tryFire(CompletableFuture.java:636)
	at java.base/java.util.concurrent.CompletableFuture.postComplete(CompletableFuture.java:510)
	at java.base/java.util.concurrent.CompletableFuture.completeExceptionally(CompletableFuture.java:2194)
	at org.apache.ratis.client.impl.UnorderedAsync.lambda$sendRequestWithRetry$4(UnorderedAsync.java:102)
	at java.base/java.util.concurrent.CompletableFuture.uniWhenComplete(CompletableFuture.java:863)
	at java.base/java.util.concurrent.CompletableFuture$UniWhenComplete.tryFire(CompletableFuture.java:841)
	at java.base/java.util.concurrent.CompletableFuture$Completion.exec(CompletableFuture.java:483)
	at java.base/java.util.concurrent.ForkJoinTask.doExec(ForkJoinTask.java:387)
	at java.base/java.util.concurrent.ForkJoinPool$WorkQueue.topLevelExec(ForkJoinPool.java:1312)
	at java.base/java.util.concurrent.ForkJoinPool.scan(ForkJoinPool.java:1843)
	at java.base/java.util.concurrent.ForkJoinPool.runWorker(ForkJoinPool.java:1808)
	at java.base/java.util.concurrent.ForkJoinWorkerThread.run(ForkJoinWorkerThread.java:188)
Caused by: org.apache.ratis.protocol.exceptions.RaftRetryFailureException: Failed RaftClientRequest:client-B7FDF6D8A510->c6c1c004-cb80-4a23-8b53-68ef0e0db17b@group-BC9AD7F74B25, cid=182, seq=null, Watch-ALL_COMMITTED(7), null for 2 attempts with RequestTypeDependentRetryPolicy{WRITE->ExceptionDependentRetry(maxAttempts=2147483647; defaultPolicy=MultipleLinearRandomRetry[5x5s, 5x10s, 5x15s, 5x20s, 5x25s, 10x60s]; map={org.apache.ratis.protocol.exceptions.GroupMismatchException->NoRetry, org.apache.ratis.protocol.exceptions.NotReplicatedException->NoRetry, org.apache.ratis.protocol.exceptions.ResourceUnavailableException->org.apache.ratis.retry.ExponentialBackoffRetry@3f3f3ff9, org.apache.ratis.protocol.exceptions.StateMachineException->NoRetry, org.apache.ratis.protocol.exceptions.TimeoutIOException->org.apache.ratis.retry.ExponentialBackoffRetry@3f3f3ff9}), WATCH->ExceptionDependentRetry(maxAttempts=2147483647; defaultPolicy=MultipleLinearRandomRetry[5x5s, 5x10s, 5x15s, 5x20s, 5x25s, 10x60s]; map={org.apache.ratis.protocol.exceptions.GroupMismatchException->NoRetry, org.apache.ratis.protocol.exceptions.NotReplicatedException->NoRetry, org.apache.ratis.protocol.exceptions.ResourceUnavailableException->org.apache.ratis.retry.ExponentialBackoffRetry@3f3f3ff9, org.apache.ratis.protocol.exceptions.StateMachineException->NoRetry, org.apache.ratis.protocol.exceptions.TimeoutIOException->NoRetry})}
	at org.apache.ratis.client.impl.RaftClientImpl.noMoreRetries(RaftClientImpl.java:352)
	... 9 more
Caused by: org.apache.ratis.protocol.exceptions.GroupMismatchException: c6c1c004-cb80-4a23-8b53-68ef0e0db17b: group-BC9AD7F74B25 not found.
	at org.apache.ratis.server.impl.RaftServerProxy$ImplMap.get(RaftServerProxy.java:160)
	at org.apache.ratis.server.impl.RaftServerProxy.getImplFuture(RaftServerProxy.java:370)
	at org.apache.ratis.server.impl.RaftServerProxy.submitClientRequestAsync(RaftServerProxy.java:455)
	at org.apache.ratis.grpc.server.GrpcClientProtocolService$RequestStreamObserver.processClientRequest(GrpcClientProtocolService.java:226)
	at org.apache.ratis.grpc.server.GrpcClientProtocolService$UnorderedRequestStreamObserver.processClientRequest(GrpcClientProtocolService.java:282)
	at org.apache.ratis.grpc.server.GrpcClientProtocolService$RequestStreamObserver.onNext(GrpcClientProtocolService.java:246)
	at org.apache.ratis.grpc.server.GrpcClientProtocolService$RequestStreamObserver.onNext(GrpcClientProtocolService.java:169)
	at org.apache.ratis.thirdparty.io.grpc.stub.ServerCalls$StreamingServerCallHandler$StreamingServerCallListener.onMessage(ServerCalls.java:262)
	at org.apache.ratis.thirdparty.io.grpc.internal.ServerCallImpl$ServerStreamListenerImpl.messagesAvailableInternal(ServerCallImpl.java:334)
	at org.apache.ratis.thirdparty.io.grpc.internal.ServerCallImpl$ServerStreamListenerImpl.messagesAvailable(ServerCallImpl.java:319)
	at org.apache.ratis.thirdparty.io.grpc.internal.ServerImpl$JumpToApplicationThreadServerStreamListener$1MessagesAvailable.runInContext(ServerImpl.java:834)
	at org.apache.ratis.thirdparty.io.grpc.internal.ContextRunnable.run(ContextRunnable.java:37)
	at org.apache.ratis.thirdparty.io.grpc.internal.SerializingExecutor.run(SerializingExecutor.java:133)
	at java.base/java.util.concurrent.ThreadPoolExecutor.runWorker(ThreadPoolExecutor.java:1144)
	at java.base/java.util.concurrent.ThreadPoolExecutor$Worker.run(ThreadPoolExecutor.java:642)
	at java.base/java.lang.Thread.run(Thread.java:1583)
2025-07-02 18:46:57,699 [main] ERROR storage.BlockOutputStream (BlockOutputStream.java:handleFlush(689)) - Failed to flush. error: Unexpected Storage Container Exception: java.util.concurrent.CompletionException: org.apache.ratis.protocol.exceptions.RaftRetryFailureException: Failed RaftClientRequest:client-B7FDF6D8A510->c6c1c004-cb80-4a23-8b53-68ef0e0db17b@group-BC9AD7F74B25, cid=182, seq=null, Watch-ALL_COMMITTED(7), null for 2 attempts with RequestTypeDependentRetryPolicy{WRITE->ExceptionDependentRetry(maxAttempts=2147483647; defaultPolicy=MultipleLinearRandomRetry[5x5s, 5x10s, 5x15s, 5x20s, 5x25s, 10x60s]; map={org.apache.ratis.protocol.exceptions.GroupMismatchException->NoRetry, org.apache.ratis.protocol.exceptions.NotReplicatedException->NoRetry, org.apache.ratis.protocol.exceptions.ResourceUnavailableException->org.apache.ratis.retry.ExponentialBackoffRetry@3f3f3ff9, org.apache.ratis.protocol.exceptions.StateMachineException->NoRetry, org.apache.ratis.protocol.exceptions.TimeoutIOException->org.apache.ratis.retry.ExponentialBackoffRetry@3f3f3ff9}), WATCH->ExceptionDependentRetry(maxAttempts=2147483647; defaultPolicy=MultipleLinearRandomRetry[5x5s, 5x10s, 5x15s, 5x20s, 5x25s, 10x60s]; map={org.apache.ratis.protocol.exceptions.GroupMismatchException->NoRetry, org.apache.ratis.protocol.exceptions.NotReplicatedException->NoRetry, org.apache.ratis.protocol.exceptions.ResourceUnavailableException->org.apache.ratis.retry.ExponentialBackoffRetry@3f3f3ff9, org.apache.ratis.protocol.exceptions.StateMachineException->NoRetry, org.apache.ratis.protocol.exceptions.TimeoutIOException->NoRetry})}
java.io.IOException: Unexpected Storage Container Exception: java.util.concurrent.CompletionException: org.apache.ratis.protocol.exceptions.RaftRetryFailureException: Failed RaftClientRequest:client-B7FDF6D8A510->c6c1c004-cb80-4a23-8b53-68ef0e0db17b@group-BC9AD7F74B25, cid=182, seq=null, Watch-ALL_COMMITTED(7), null for 2 attempts with RequestTypeDependentRetryPolicy{WRITE->ExceptionDependentRetry(maxAttempts=2147483647; defaultPolicy=MultipleLinearRandomRetry[5x5s, 5x10s, 5x15s, 5x20s, 5x25s, 10x60s]; map={org.apache.ratis.protocol.exceptions.GroupMismatchException->NoRetry, org.apache.ratis.protocol.exceptions.NotReplicatedException->NoRetry, org.apache.ratis.protocol.exceptions.ResourceUnavailableException->org.apache.ratis.retry.ExponentialBackoffRetry@3f3f3ff9, org.apache.ratis.protocol.exceptions.StateMachineException->NoRetry, org.apache.ratis.protocol.exceptions.TimeoutIOException->org.apache.ratis.retry.ExponentialBackoffRetry@3f3f3ff9}), WATCH->ExceptionDependentRetry(maxAttempts=2147483647; defaultPolicy=MultipleLinearRandomRetry[5x5s, 5x10s, 5x15s, 5x20s, 5x25s, 10x60s]; map={org.apache.ratis.protocol.exceptions.GroupMismatchException->NoRetry, org.apache.ratis.protocol.exceptions.NotReplicatedException->NoRetry, org.apache.ratis.protocol.exceptions.ResourceUnavailableException->org.apache.ratis.retry.ExponentialBackoffRetry@3f3f3ff9, org.apache.ratis.protocol.exceptions.StateMachineException->NoRetry, org.apache.ratis.protocol.exceptions.TimeoutIOException->NoRetry})}
	at org.apache.hadoop.hdds.scm.storage.BlockOutputStream.setIoException(BlockOutputStream.java:825)
	at org.apache.hadoop.hdds.scm.storage.BlockOutputStream.lambda$watchForCommit$3(BlockOutputStream.java:540)
	at java.base/java.util.concurrent.CompletableFuture.uniExceptionally(CompletableFuture.java:990)
	at java.base/java.util.concurrent.CompletableFuture$UniExceptionally.tryFire(CompletableFuture.java:974)
	at java.base/java.util.concurrent.CompletableFuture.postComplete(CompletableFuture.java:510)
	at java.base/java.util.concurrent.CompletableFuture.completeExceptionally(CompletableFuture.java:2194)
	at org.apache.hadoop.hdds.scm.XceiverClientRatis.lambda$watchForCommit$6(XceiverClientRatis.java:329)
	at java.base/java.util.concurrent.CompletableFuture.uniExceptionally(CompletableFuture.java:990)
	at java.base/java.util.concurrent.CompletableFuture$UniExceptionally.tryFire(CompletableFuture.java:974)
	at java.base/java.util.concurrent.CompletableFuture.postComplete(CompletableFuture.java:510)
	at java.base/java.util.concurrent.CompletableFuture.completeExceptionally(CompletableFuture.java:2194)
	at org.apache.ratis.client.impl.UnorderedAsync.lambda$sendRequestWithRetry$4(UnorderedAsync.java:102)
	at java.base/java.util.concurrent.CompletableFuture.uniWhenComplete(CompletableFuture.java:863)
	at java.base/java.util.concurrent.CompletableFuture$UniWhenComplete.tryFire(CompletableFuture.java:841)
	at java.base/java.util.concurrent.CompletableFuture$Completion.exec(CompletableFuture.java:483)
	at java.base/java.util.concurrent.ForkJoinTask.doExec(ForkJoinTask.java:387)
	at java.base/java.util.concurrent.ForkJoinPool$WorkQueue.topLevelExec(ForkJoinPool.java:1312)
	at java.base/java.util.concurrent.ForkJoinPool.scan(ForkJoinPool.java:1843)
	at java.base/java.util.concurrent.ForkJoinPool.runWorker(ForkJoinPool.java:1808)
	at java.base/java.util.concurrent.ForkJoinWorkerThread.run(ForkJoinWorkerThread.java:188)
Caused by: java.util.concurrent.CompletionException: org.apache.ratis.protocol.exceptions.RaftRetryFailureException: Failed RaftClientRequest:client-B7FDF6D8A510->c6c1c004-cb80-4a23-8b53-68ef0e0db17b@group-BC9AD7F74B25, cid=182, seq=null, Watch-ALL_COMMITTED(7), null for 2 attempts with RequestTypeDependentRetryPolicy{WRITE->ExceptionDependentRetry(maxAttempts=2147483647; defaultPolicy=MultipleLinearRandomRetry[5x5s, 5x10s, 5x15s, 5x20s, 5x25s, 10x60s]; map={org.apache.ratis.protocol.exceptions.GroupMismatchException->NoRetry, org.apache.ratis.protocol.exceptions.NotReplicatedException->NoRetry, org.apache.ratis.protocol.exceptions.ResourceUnavailableException->org.apache.ratis.retry.ExponentialBackoffRetry@3f3f3ff9, org.apache.ratis.protocol.exceptions.StateMachineException->NoRetry, org.apache.ratis.protocol.exceptions.TimeoutIOException->org.apache.ratis.retry.ExponentialBackoffRetry@3f3f3ff9}), WATCH->ExceptionDependentRetry(maxAttempts=2147483647; defaultPolicy=MultipleLinearRandomRetry[5x5s, 5x10s, 5x15s, 5x20s, 5x25s, 10x60s]; map={org.apache.ratis.protocol.exceptions.GroupMismatchException->NoRetry, org.apache.ratis.protocol.exceptions.NotReplicatedException->NoRetry, org.apache.ratis.protocol.exceptions.ResourceUnavailableException->org.apache.ratis.retry.ExponentialBackoffRetry@3f3f3ff9, org.apache.ratis.protocol.exceptions.StateMachineException->NoRetry, org.apache.ratis.protocol.exceptions.TimeoutIOException->NoRetry})}
	at java.base/java.util.concurrent.CompletableFuture.encodeThrowable(CompletableFuture.java:332)
	at java.base/java.util.concurrent.CompletableFuture.completeThrowable(CompletableFuture.java:347)
	at java.base/java.util.concurrent.CompletableFuture$UniApply.tryFire(CompletableFuture.java:636)
	... 11 more
Caused by: org.apache.ratis.protocol.exceptions.RaftRetryFailureException: Failed RaftClientRequest:client-B7FDF6D8A510->c6c1c004-cb80-4a23-8b53-68ef0e0db17b@group-BC9AD7F74B25, cid=182, seq=null, Watch-ALL_COMMITTED(7), null for 2 attempts with RequestTypeDependentRetryPolicy{WRITE->ExceptionDependentRetry(maxAttempts=2147483647; defaultPolicy=MultipleLinearRandomRetry[5x5s, 5x10s, 5x15s, 5x20s, 5x25s, 10x60s]; map={org.apache.ratis.protocol.exceptions.GroupMismatchException->NoRetry, org.apache.ratis.protocol.exceptions.NotReplicatedException->NoRetry, org.apache.ratis.protocol.exceptions.ResourceUnavailableException->org.apache.ratis.retry.ExponentialBackoffRetry@3f3f3ff9, org.apache.ratis.protocol.exceptions.StateMachineException->NoRetry, org.apache.ratis.protocol.exceptions.TimeoutIOException->org.apache.ratis.retry.ExponentialBackoffRetry@3f3f3ff9}), WATCH->ExceptionDependentRetry(maxAttempts=2147483647; defaultPolicy=MultipleLinearRandomRetry[5x5s, 5x10s, 5x15s, 5x20s, 5x25s, 10x60s]; map={org.apache.ratis.protocol.exceptions.GroupMismatchException->NoRetry, org.apache.ratis.protocol.exceptions.NotReplicatedException->NoRetry, org.apache.ratis.protocol.exceptions.ResourceUnavailableException->org.apache.ratis.retry.ExponentialBackoffRetry@3f3f3ff9, org.apache.ratis.protocol.exceptions.StateMachineException->NoRetry, org.apache.ratis.protocol.exceptions.TimeoutIOException->NoRetry})}
	at org.apache.ratis.client.impl.RaftClientImpl.noMoreRetries(RaftClientImpl.java:352)
	... 9 more
Caused by: org.apache.ratis.protocol.exceptions.GroupMismatchException: c6c1c004-cb80-4a23-8b53-68ef0e0db17b: group-BC9AD7F74B25 not found.
	at org.apache.ratis.server.impl.RaftServerProxy$ImplMap.get(RaftServerProxy.java:160)
	at org.apache.ratis.server.impl.RaftServerProxy.getImplFuture(RaftServerProxy.java:370)
	at org.apache.ratis.server.impl.RaftServerProxy.submitClientRequestAsync(RaftServerProxy.java:455)
	at org.apache.ratis.grpc.server.GrpcClientProtocolService$RequestStreamObserver.processClientRequest(GrpcClientProtocolService.java:226)
	at org.apache.ratis.grpc.server.GrpcClientProtocolService$UnorderedRequestStreamObserver.processClientRequest(GrpcClientProtocolService.java:282)
	at org.apache.ratis.grpc.server.GrpcClientProtocolService$RequestStreamObserver.onNext(GrpcClientProtocolService.java:246)
	at org.apache.ratis.grpc.server.GrpcClientProtocolService$RequestStreamObserver.onNext(GrpcClientProtocolService.java:169)
	at org.apache.ratis.thirdparty.io.grpc.stub.ServerCalls$StreamingServerCallHandler$StreamingServerCallListener.onMessage(ServerCalls.java:262)
	at org.apache.ratis.thirdparty.io.grpc.internal.ServerCallImpl$ServerStreamListenerImpl.messagesAvailableInternal(ServerCallImpl.java:334)
	at org.apache.ratis.thirdparty.io.grpc.internal.ServerCallImpl$ServerStreamListenerImpl.messagesAvailable(ServerCallImpl.java:319)
	at org.apache.ratis.thirdparty.io.grpc.internal.ServerImpl$JumpToApplicationThreadServerStreamListener$1MessagesAvailable.runInContext(ServerImpl.java:834)
	at org.apache.ratis.thirdparty.io.grpc.internal.ContextRunnable.run(ContextRunnable.java:37)
	at org.apache.ratis.thirdparty.io.grpc.internal.SerializingExecutor.run(SerializingExecutor.java:133)
	at java.base/java.util.concurrent.ThreadPoolExecutor.runWorker(ThreadPoolExecutor.java:1144)
	at java.base/java.util.concurrent.ThreadPoolExecutor$Worker.run(ThreadPoolExecutor.java:642)
	at java.base/java.lang.Thread.run(Thread.java:1583)
2025-07-02 18:46:57,700 [main] WARN  io.KeyOutputStream (KeyOutputStream.java:handleExceptionInternal(377)) - Encountered exception java.io.IOException: Unexpected Storage Container Exception: java.util.concurrent.CompletionException: org.apache.ratis.protocol.exceptions.RaftRetryFailureException: Failed RaftClientRequest:client-B7FDF6D8A510->c6c1c004-cb80-4a23-8b53-68ef0e0db17b@group-BC9AD7F74B25, cid=182, seq=null, Watch-ALL_COMMITTED(7), null for 2 attempts with RequestTypeDependentRetryPolicy{WRITE->ExceptionDependentRetry(maxAttempts=2147483647; defaultPolicy=MultipleLinearRandomRetry[5x5s, 5x10s, 5x15s, 5x20s, 5x25s, 10x60s]; map={org.apache.ratis.protocol.exceptions.GroupMismatchException->NoRetry, org.apache.ratis.protocol.exceptions.NotReplicatedException->NoRetry, org.apache.ratis.protocol.exceptions.ResourceUnavailableException->org.apache.ratis.retry.ExponentialBackoffRetry@3f3f3ff9, org.apache.ratis.protocol.exceptions.StateMachineException->NoRetry, org.apache.ratis.protocol.exceptions.TimeoutIOException->org.apache.ratis.retry.ExponentialBackoffRetry@3f3f3ff9}), WATCH->ExceptionDependentRetry(maxAttempts=2147483647; defaultPolicy=MultipleLinearRandomRetry[5x5s, 5x10s, 5x15s, 5x20s, 5x25s, 10x60s]; map={org.apache.ratis.protocol.exceptions.GroupMismatchException->NoRetry, org.apache.ratis.protocol.exceptions.NotReplicatedException->NoRetry, org.apache.ratis.protocol.exceptions.ResourceUnavailableException->org.apache.ratis.retry.ExponentialBackoffRetry@3f3f3ff9, org.apache.ratis.protocol.exceptions.StateMachineException->NoRetry, org.apache.ratis.protocol.exceptions.TimeoutIOException->NoRetry})} on the pipeline Pipeline{ Id: 5e6ba405-497c-4a06-b329-bc9ad7f74b25, Nodes: [ {4114dace-2331-46e8-9bd0-01e36750a673(localhost/127.0.0.1), ReplicaIndex: 0}, {c6c1c004-cb80-4a23-8b53-68ef0e0db17b(localhost/127.0.0.1), ReplicaIndex: 0}, {95ee4113-9599-4433-8033-e07ec30d3bee(localhost/127.0.0.1), ReplicaIndex: 0},], ReplicationConfig: RATIS/THREE, State:OPEN, leaderId:4114dace-2331-46e8-9bd0-01e36750a673, CreationTimestamp2025-07-02T18:45:19.212Z[Etc/UTC]}. The last committed block length is 5, uncommitted data length is 10 retry count 0
2025-07-02 18:46:57,718 [f74b8a39-8cc1-4de2-93c6-02015e72cd55-ChunkWriter-2-0] WARN  statemachine.DatanodeConfiguration (DatanodeConfiguration.java:validateMinFreeSpace(751)) - hdds.datanode.volume.min.free.space.percent = -1.0 is invalid, should be between 0 and 1
2025-07-02 18:46:57,719 [f74b8a39-8cc1-4de2-93c6-02015e72cd55-ChunkWriter-2-0] WARN  statemachine.DatanodeConfiguration (DatanodeConfiguration.java:validateMinFreeSpace(751)) - hdds.datanode.volume.min.free.space.percent = -1.0 is invalid, should be between 0 and 1
2025-07-02 18:46:57,719 [baa12041-7cca-45c7-810c-7ea11519444b-ChunkWriter-2-0] WARN  statemachine.DatanodeConfiguration (DatanodeConfiguration.java:validateMinFreeSpace(751)) - hdds.datanode.volume.min.free.space.percent = -1.0 is invalid, should be between 0 and 1
2025-07-02 18:46:57,719 [baa12041-7cca-45c7-810c-7ea11519444b-ChunkWriter-2-0] WARN  statemachine.DatanodeConfiguration (DatanodeConfiguration.java:validateMinFreeSpace(751)) - hdds.datanode.volume.min.free.space.percent = -1.0 is invalid, should be between 0 and 1
2025-07-02 18:46:57,719 [75758caf-2019-48e0-9285-4ac26ec01eda-ChunkWriter-2-0] WARN  statemachine.DatanodeConfiguration (DatanodeConfiguration.java:validateMinFreeSpace(751)) - hdds.datanode.volume.min.free.space.percent = -1.0 is invalid, should be between 0 and 1
2025-07-02 18:46:57,720 [75758caf-2019-48e0-9285-4ac26ec01eda-ChunkWriter-2-0] WARN  statemachine.DatanodeConfiguration (DatanodeConfiguration.java:validateMinFreeSpace(751)) - hdds.datanode.volume.min.free.space.percent = -1.0 is invalid, should be between 0 and 1
2025-07-02 18:46:57,731 [f74b8a39-8cc1-4de2-93c6-02015e72cd55@group-88BC538DCFCE-StateMachineUpdater] INFO  ratis.ContainerStateMachine (ContainerStateMachine.java:takeSnapshot(427)) - group-88BC538DCFCE: Taking a snapshot at:(t:1, i:3) file /home/runner/work/ozone/ozone/hadoop-ozone/integration-test/target/test-dir/MiniOzoneClusterImpl-b7e00dfa-d3b8-45cf-9d3a-2bd5fdfebf54/ozone-meta/datanode-10/ratis/1a51bdf4-0f1a-4bbf-8dd1-88bc538dcfce/sm/snapshot.1_3
2025-07-02 18:46:57,732 [main] INFO  io.BlockOutputStreamEntry (BlockOutputStreamEntry.java:writeOnRetry(192)) - BlockOutputStreamEntry:ratis2 conID: 10 locID: 115816896921600010 bcsId: 0 replicaIndex: null: Finish retrying with len 10, currentPosition 10
2025-07-02 18:46:57,732 [main] INFO  io.BlockOutputStreamEntry (BlockOutputStreamEntry.java:finishRetryHandling(141)) - BlockOutputStreamEntry:ratis2 conID: 10 locID: 115816896921600010 bcsId: 0 replicaIndex: null: Exiting retry handling mode
2025-07-02 18:46:57,733 [f74b8a39-8cc1-4de2-93c6-02015e72cd55@group-88BC538DCFCE-StateMachineUpdater] INFO  ratis.ContainerStateMachine (ContainerStateMachine.java:takeSnapshot(436)) - group-88BC538DCFCE: Finished taking a snapshot at:(t:1, i:3) file:/home/runner/work/ozone/ozone/hadoop-ozone/integration-test/target/test-dir/MiniOzoneClusterImpl-b7e00dfa-d3b8-45cf-9d3a-2bd5fdfebf54/ozone-meta/datanode-10/ratis/1a51bdf4-0f1a-4bbf-8dd1-88bc538dcfce/sm/snapshot.1_3 took: 2 ms
2025-07-02 18:46:57,733 [f74b8a39-8cc1-4de2-93c6-02015e72cd55@group-88BC538DCFCE-StateMachineUpdater] INFO  impl.StateMachineUpdater (StateMachineUpdater.java:takeSnapshot(307)) - f74b8a39-8cc1-4de2-93c6-02015e72cd55@group-88BC538DCFCE-StateMachineUpdater: Took a snapshot at index 3
2025-07-02 18:46:57,733 [f74b8a39-8cc1-4de2-93c6-02015e72cd55@group-88BC538DCFCE-StateMachineUpdater] INFO  impl.StateMachineUpdater (StateMachineUpdater.java:lambda$new$0(101)) - f74b8a39-8cc1-4de2-93c6-02015e72cd55@group-88BC538DCFCE-StateMachineUpdater: snapshotIndex: updateIncreasingly 0 -> 3
2025-07-02 18:46:57,737 [75758caf-2019-48e0-9285-4ac26ec01eda@group-88BC538DCFCE-StateMachineUpdater] INFO  ratis.ContainerStateMachine (ContainerStateMachine.java:takeSnapshot(427)) - group-88BC538DCFCE: Taking a snapshot at:(t:1, i:3) file /home/runner/work/ozone/ozone/hadoop-ozone/integration-test/target/test-dir/MiniOzoneClusterImpl-b7e00dfa-d3b8-45cf-9d3a-2bd5fdfebf54/ozone-meta/datanode-1/ratise27c5049-6de8-4653-87a7-5e58b36f95b4/1a51bdf4-0f1a-4bbf-8dd1-88bc538dcfce/sm/snapshot.1_3
2025-07-02 18:46:57,737 [baa12041-7cca-45c7-810c-7ea11519444b@group-88BC538DCFCE-StateMachineUpdater] INFO  ratis.ContainerStateMachine (ContainerStateMachine.java:takeSnapshot(427)) - group-88BC538DCFCE: Taking a snapshot at:(t:1, i:3) file /home/runner/work/ozone/ozone/hadoop-ozone/integration-test/target/test-dir/MiniOzoneClusterImpl-b7e00dfa-d3b8-45cf-9d3a-2bd5fdfebf54/ozone-meta/datanode-3/ratis/1a51bdf4-0f1a-4bbf-8dd1-88bc538dcfce/sm/snapshot.1_3
2025-07-02 18:46:57,740 [75758caf-2019-48e0-9285-4ac26ec01eda@group-88BC538DCFCE-StateMachineUpdater] INFO  ratis.ContainerStateMachine (ContainerStateMachine.java:takeSnapshot(436)) - group-88BC538DCFCE: Finished taking a snapshot at:(t:1, i:3) file:/home/runner/work/ozone/ozone/hadoop-ozone/integration-test/target/test-dir/MiniOzoneClusterImpl-b7e00dfa-d3b8-45cf-9d3a-2bd5fdfebf54/ozone-meta/datanode-1/ratise27c5049-6de8-4653-87a7-5e58b36f95b4/1a51bdf4-0f1a-4bbf-8dd1-88bc538dcfce/sm/snapshot.1_3 took: 3 ms
2025-07-02 18:46:57,740 [75758caf-2019-48e0-9285-4ac26ec01eda@group-88BC538DCFCE-StateMachineUpdater] INFO  impl.StateMachineUpdater (StateMachineUpdater.java:takeSnapshot(307)) - 75758caf-2019-48e0-9285-4ac26ec01eda@group-88BC538DCFCE-StateMachineUpdater: Took a snapshot at index 3
2025-07-02 18:46:57,740 [75758caf-2019-48e0-9285-4ac26ec01eda@group-88BC538DCFCE-StateMachineUpdater] INFO  impl.StateMachineUpdater (StateMachineUpdater.java:lambda$new$0(101)) - 75758caf-2019-48e0-9285-4ac26ec01eda@group-88BC538DCFCE-StateMachineUpdater: snapshotIndex: updateIncreasingly 0 -> 3
2025-07-02 18:46:57,740 [baa12041-7cca-45c7-810c-7ea11519444b@group-88BC538DCFCE-StateMachineUpdater] INFO  ratis.ContainerStateMachine (ContainerStateMachine.java:takeSnapshot(436)) - group-88BC538DCFCE: Finished taking a snapshot at:(t:1, i:3) file:/home/runner/work/ozone/ozone/hadoop-ozone/integration-test/target/test-dir/MiniOzoneClusterImpl-b7e00dfa-d3b8-45cf-9d3a-2bd5fdfebf54/ozone-meta/datanode-3/ratis/1a51bdf4-0f1a-4bbf-8dd1-88bc538dcfce/sm/snapshot.1_3 took: 3 ms
2025-07-02 18:46:57,740 [baa12041-7cca-45c7-810c-7ea11519444b@group-88BC538DCFCE-StateMachineUpdater] INFO  impl.StateMachineUpdater (StateMachineUpdater.java:takeSnapshot(307)) - baa12041-7cca-45c7-810c-7ea11519444b@group-88BC538DCFCE-StateMachineUpdater: Took a snapshot at index 3
2025-07-02 18:46:57,741 [baa12041-7cca-45c7-810c-7ea11519444b@group-88BC538DCFCE-StateMachineUpdater] INFO  impl.StateMachineUpdater (StateMachineUpdater.java:lambda$new$0(101)) - baa12041-7cca-45c7-810c-7ea11519444b@group-88BC538DCFCE-StateMachineUpdater: snapshotIndex: updateIncreasingly 0 -> 3
2025-07-02 18:46:57,741 [f74b8a39-8cc1-4de2-93c6-02015e72cd55@group-88BC538DCFCE-StateMachineUpdater] INFO  ratis.ContainerStateMachine (ContainerStateMachine.java:takeSnapshot(427)) - group-88BC538DCFCE: Taking a snapshot at:(t:1, i:5) file /home/runner/work/ozone/ozone/hadoop-ozone/integration-test/target/test-dir/MiniOzoneClusterImpl-b7e00dfa-d3b8-45cf-9d3a-2bd5fdfebf54/ozone-meta/datanode-10/ratis/1a51bdf4-0f1a-4bbf-8dd1-88bc538dcfce/sm/snapshot.1_5
2025-07-02 18:46:57,742 [f74b8a39-8cc1-4de2-93c6-02015e72cd55@group-88BC538DCFCE-StateMachineUpdater] INFO  ratis.ContainerStateMachine (ContainerStateMachine.java:takeSnapshot(436)) - group-88BC538DCFCE: Finished taking a snapshot at:(t:1, i:5) file:/home/runner/work/ozone/ozone/hadoop-ozone/integration-test/target/test-dir/MiniOzoneClusterImpl-b7e00dfa-d3b8-45cf-9d3a-2bd5fdfebf54/ozone-meta/datanode-10/ratis/1a51bdf4-0f1a-4bbf-8dd1-88bc538dcfce/sm/snapshot.1_5 took: 1 ms
2025-07-02 18:46:57,743 [f74b8a39-8cc1-4de2-93c6-02015e72cd55@group-88BC538DCFCE-StateMachineUpdater] INFO  impl.StateMachineUpdater (StateMachineUpdater.java:takeSnapshot(307)) - f74b8a39-8cc1-4de2-93c6-02015e72cd55@group-88BC538DCFCE-StateMachineUpdater: Took a snapshot at index 5
2025-07-02 18:46:57,743 [f74b8a39-8cc1-4de2-93c6-02015e72cd55@group-88BC538DCFCE-StateMachineUpdater] INFO  impl.StateMachineUpdater (StateMachineUpdater.java:lambda$new$0(101)) - f74b8a39-8cc1-4de2-93c6-02015e72cd55@group-88BC538DCFCE-StateMachineUpdater: snapshotIndex: updateIncreasingly 3 -> 5
2025-07-02 18:46:57,743 [f74b8a39-8cc1-4de2-93c6-02015e72cd55@group-88BC538DCFCE-StateMachineUpdater] INFO  ratis.ContainerStateMachine (ContainerStateMachine.java:takeSnapshot(427)) - group-88BC538DCFCE: Taking a snapshot at:(t:1, i:7) file /home/runner/work/ozone/ozone/hadoop-ozone/integration-test/target/test-dir/MiniOzoneClusterImpl-b7e00dfa-d3b8-45cf-9d3a-2bd5fdfebf54/ozone-meta/datanode-10/ratis/1a51bdf4-0f1a-4bbf-8dd1-88bc538dcfce/sm/snapshot.1_7
2025-07-02 18:46:57,745 [f74b8a39-8cc1-4de2-93c6-02015e72cd55@group-88BC538DCFCE-StateMachineUpdater] INFO  ratis.ContainerStateMachine (ContainerStateMachine.java:takeSnapshot(436)) - group-88BC538DCFCE: Finished taking a snapshot at:(t:1, i:7) file:/home/runner/work/ozone/ozone/hadoop-ozone/integration-test/target/test-dir/MiniOzoneClusterImpl-b7e00dfa-d3b8-45cf-9d3a-2bd5fdfebf54/ozone-meta/datanode-10/ratis/1a51bdf4-0f1a-4bbf-8dd1-88bc538dcfce/sm/snapshot.1_7 took: 2 ms
2025-07-02 18:46:57,745 [baa12041-7cca-45c7-810c-7ea11519444b@group-88BC538DCFCE-StateMachineUpdater] INFO  ratis.ContainerStateMachine (ContainerStateMachine.java:takeSnapshot(427)) - group-88BC538DCFCE: Taking a snapshot at:(t:1, i:7) file /home/runner/work/ozone/ozone/hadoop-ozone/integration-test/target/test-dir/MiniOzoneClusterImpl-b7e00dfa-d3b8-45cf-9d3a-2bd5fdfebf54/ozone-meta/datanode-3/ratis/1a51bdf4-0f1a-4bbf-8dd1-88bc538dcfce/sm/snapshot.1_7
2025-07-02 18:46:57,745 [f74b8a39-8cc1-4de2-93c6-02015e72cd55@group-88BC538DCFCE-StateMachineUpdater] INFO  impl.StateMachineUpdater (StateMachineUpdater.java:takeSnapshot(307)) - f74b8a39-8cc1-4de2-93c6-02015e72cd55@group-88BC538DCFCE-StateMachineUpdater: Took a snapshot at index 7
2025-07-02 18:46:57,745 [f74b8a39-8cc1-4de2-93c6-02015e72cd55@group-88BC538DCFCE-StateMachineUpdater] INFO  impl.StateMachineUpdater (StateMachineUpdater.java:lambda$new$0(101)) - f74b8a39-8cc1-4de2-93c6-02015e72cd55@group-88BC538DCFCE-StateMachineUpdater: snapshotIndex: updateIncreasingly 5 -> 7
2025-07-02 18:46:57,746 [baa12041-7cca-45c7-810c-7ea11519444b@group-88BC538DCFCE-StateMachineUpdater] INFO  ratis.ContainerStateMachine (ContainerStateMachine.java:takeSnapshot(436)) - group-88BC538DCFCE: Finished taking a snapshot at:(t:1, i:7) file:/home/runner/work/ozone/ozone/hadoop-ozone/integration-test/target/test-dir/MiniOzoneClusterImpl-b7e00dfa-d3b8-45cf-9d3a-2bd5fdfebf54/ozone-meta/datanode-3/ratis/1a51bdf4-0f1a-4bbf-8dd1-88bc538dcfce/sm/snapshot.1_7 took: 1 ms
2025-07-02 18:46:57,746 [baa12041-7cca-45c7-810c-7ea11519444b@group-88BC538DCFCE-StateMachineUpdater] INFO  impl.StateMachineUpdater (StateMachineUpdater.java:takeSnapshot(307)) - baa12041-7cca-45c7-810c-7ea11519444b@group-88BC538DCFCE-StateMachineUpdater: Took a snapshot at index 7
2025-07-02 18:46:57,746 [baa12041-7cca-45c7-810c-7ea11519444b@group-88BC538DCFCE-StateMachineUpdater] INFO  impl.StateMachineUpdater (StateMachineUpdater.java:lambda$new$0(101)) - baa12041-7cca-45c7-810c-7ea11519444b@group-88BC538DCFCE-StateMachineUpdater: snapshotIndex: updateIncreasingly 3 -> 7
2025-07-02 18:46:57,746 [75758caf-2019-48e0-9285-4ac26ec01eda@group-88BC538DCFCE-StateMachineUpdater] INFO  ratis.ContainerStateMachine (ContainerStateMachine.java:takeSnapshot(427)) - group-88BC538DCFCE: Taking a snapshot at:(t:1, i:7) file /home/runner/work/ozone/ozone/hadoop-ozone/integration-test/target/test-dir/MiniOzoneClusterImpl-b7e00dfa-d3b8-45cf-9d3a-2bd5fdfebf54/ozone-meta/datanode-1/ratise27c5049-6de8-4653-87a7-5e58b36f95b4/1a51bdf4-0f1a-4bbf-8dd1-88bc538dcfce/sm/snapshot.1_7
2025-07-02 18:46:57,747 [f74b8a39-8cc1-4de2-93c6-02015e72cd55@group-88BC538DCFCE-StateMachineUpdater] INFO  ratis.ContainerStateMachine (ContainerStateMachine.java:takeSnapshot(427)) - group-88BC538DCFCE: Taking a snapshot at:(t:1, i:9) file /home/runner/work/ozone/ozone/hadoop-ozone/integration-test/target/test-dir/MiniOzoneClusterImpl-b7e00dfa-d3b8-45cf-9d3a-2bd5fdfebf54/ozone-meta/datanode-10/ratis/1a51bdf4-0f1a-4bbf-8dd1-88bc538dcfce/sm/snapshot.1_9
2025-07-02 18:46:57,748 [75758caf-2019-48e0-9285-4ac26ec01eda@group-88BC538DCFCE-StateMachineUpdater] INFO  ratis.ContainerStateMachine (ContainerStateMachine.java:takeSnapshot(436)) - group-88BC538DCFCE: Finished taking a snapshot at:(t:1, i:7) file:/home/runner/work/ozone/ozone/hadoop-ozone/integration-test/target/test-dir/MiniOzoneClusterImpl-b7e00dfa-d3b8-45cf-9d3a-2bd5fdfebf54/ozone-meta/datanode-1/ratise27c5049-6de8-4653-87a7-5e58b36f95b4/1a51bdf4-0f1a-4bbf-8dd1-88bc538dcfce/sm/snapshot.1_7 took: 2 ms
2025-07-02 18:46:57,748 [75758caf-2019-48e0-9285-4ac26ec01eda@group-88BC538DCFCE-StateMachineUpdater] INFO  impl.StateMachineUpdater (StateMachineUpdater.java:takeSnapshot(307)) - 75758caf-2019-48e0-9285-4ac26ec01eda@group-88BC538DCFCE-StateMachineUpdater: Took a snapshot at index 7
2025-07-02 18:46:57,748 [75758caf-2019-48e0-9285-4ac26ec01eda@group-88BC538DCFCE-StateMachineUpdater] INFO  impl.StateMachineUpdater (StateMachineUpdater.java:lambda$new$0(101)) - 75758caf-2019-48e0-9285-4ac26ec01eda@group-88BC538DCFCE-StateMachineUpdater: snapshotIndex: updateIncreasingly 3 -> 7
2025-07-02 18:46:57,749 [f74b8a39-8cc1-4de2-93c6-02015e72cd55@group-88BC538DCFCE-StateMachineUpdater] INFO  ratis.ContainerStateMachine (ContainerStateMachine.java:takeSnapshot(436)) - group-88BC538DCFCE: Finished taking a snapshot at:(t:1, i:9) file:/home/runner/work/ozone/ozone/hadoop-ozone/integration-test/target/test-dir/MiniOzoneClusterImpl-b7e00dfa-d3b8-45cf-9d3a-2bd5fdfebf54/ozone-meta/datanode-10/ratis/1a51bdf4-0f1a-4bbf-8dd1-88bc538dcfce/sm/snapshot.1_9 took: 2 ms
2025-07-02 18:46:57,749 [f74b8a39-8cc1-4de2-93c6-02015e72cd55@group-88BC538DCFCE-StateMachineUpdater] INFO  impl.StateMachineUpdater (StateMachineUpdater.java:takeSnapshot(307)) - f74b8a39-8cc1-4de2-93c6-02015e72cd55@group-88BC538DCFCE-StateMachineUpdater: Took a snapshot at index 9
2025-07-02 18:46:57,749 [f74b8a39-8cc1-4de2-93c6-02015e72cd55@group-88BC538DCFCE-StateMachineUpdater] INFO  impl.StateMachineUpdater (StateMachineUpdater.java:lambda$new$0(101)) - f74b8a39-8cc1-4de2-93c6-02015e72cd55@group-88BC538DCFCE-StateMachineUpdater: snapshotIndex: updateIncreasingly 7 -> 9
]]></system-out>
  </testcase>
</testsuite>