<?xml version="1.0" encoding="UTF-8"?>
<testsuite xmlns:xsi="http://www.w3.org/2001/XMLSchema-instance" xsi:noNamespaceSchemaLocation="https://maven.apache.org/surefire/maven-surefire-plugin/xsd/surefire-test-report-3.0.xsd" version="3.0" name="org.apache.hadoop.ozone.om.TestOmSnapshot" time="168.208" tests="39" errors="0" skipped="0" failures="1">
  <properties>
    <property name="awt.toolkit" value="sun.awt.X11.XToolkit"/>
    <property name="file.encoding.pkg" value="sun.io"/>
    <property name="java.specification.version" value="1.8"/>
    <property name="sun.cpu.isalist" value=""/>
    <property name="sun.jnu.encoding" value="UTF-8"/>
    <property name="java.class.path" value="/home/runner/work/ozone/ozone/hadoop-ozone/integration-test/target/test-classes:/home/runner/work/ozone/ozone/hadoop-ozone/integration-test/target/classes:/home/runner/.m2/repository/org/apache/ozone/ozone-common/1.4.0-SNAPSHOT/ozone-common-1.4.0-SNAPSHOT.jar:/home/runner/.m2/repository/io/grpc/grpc-netty/1.51.1/grpc-netty-1.51.1.jar:/home/runner/.m2/repository/io/grpc/grpc-core/1.51.1/grpc-core-1.51.1.jar:/home/runner/.m2/repository/com/google/android/annotations/4.1.1.4/annotations-4.1.1.4.jar:/home/runner/.m2/repository/org/codehaus/mojo/animal-sniffer-annotations/1.21/animal-sniffer-annotations-1.21.jar:/home/runner/.m2/repository/com/google/errorprone/error_prone_annotations/2.2.0/error_prone_annotations-2.2.0.jar:/home/runner/.m2/repository/io/perfmark/perfmark-api/0.25.0/perfmark-api-0.25.0.jar:/home/runner/.m2/repository/io/netty/netty-codec-http2/4.1.86.Final/netty-codec-http2-4.1.86.Final.jar:/home/runner/.m2/repository/io/netty/netty-common/4.1.86.Final/netty-common-4.1.86.Final.jar:/home/runner/.m2/repository/io/netty/netty-buffer/4.1.86.Final/netty-buffer-4.1.86.Final.jar:/home/runner/.m2/repository/io/netty/netty-codec-http/4.1.86.Final/netty-codec-http-4.1.86.Final.jar:/home/runner/.m2/repository/io/netty/netty-handler-proxy/4.1.86.Final/netty-handler-proxy-4.1.86.Final.jar:/home/runner/.m2/repository/io/netty/netty-codec-socks/4.1.86.Final/netty-codec-socks-4.1.86.Final.jar:/home/runner/.m2/repository/io/netty/netty-tcnative-boringssl-static/2.0.54.Final/netty-tcnative-boringssl-static-2.0.54.Final.jar:/home/runner/.m2/repository/io/netty/netty-tcnative-classes/2.0.54.Final/netty-tcnative-classes-2.0.54.Final.jar:/home/runner/.m2/repository/io/netty/netty-tcnative-boringssl-static/2.0.54.Final/netty-tcnative-boringssl-static-2.0.54.Final-linux-x86_64.jar:/home/runner/.m2/repository/io/netty/netty-tcnative-boringssl-static/2.0.54.Final/netty-tcnative-boringssl-static-2.0.54.Final-linux-aarch_64.jar:/home/runner/.m2/repository/io/netty/netty-tcnative-boringssl-static/2.0.54.Final/netty-tcnative-boringssl-static-2.0.54.Final-osx-x86_64.jar:/home/runner/.m2/repository/io/netty/netty-tcnative-boringssl-static/2.0.54.Final/netty-tcnative-boringssl-static-2.0.54.Final-osx-aarch_64.jar:/home/runner/.m2/repository/io/netty/netty-tcnative-boringssl-static/2.0.54.Final/netty-tcnative-boringssl-static-2.0.54.Final-windows-x86_64.jar:/home/runner/.m2/repository/org/apache/commons/commons-compress/1.21/commons-compress-1.21.jar:/home/runner/.m2/repository/org/apache/ozone/hdds-common/1.4.0-SNAPSHOT/hdds-common-1.4.0-SNAPSHOT.jar:/home/runner/.m2/repository/org/apache/ozone/hdds-client/1.4.0-SNAPSHOT/hdds-client-1.4.0-SNAPSHOT.jar:/home/runner/.m2/repository/org/apache/ozone/ozone-interface-client/1.4.0-SNAPSHOT/ozone-interface-client-1.4.0-SNAPSHOT.jar:/home/runner/.m2/repository/org/apache/ozone/hdds-test-utils/1.4.0-SNAPSHOT/hdds-test-utils-1.4.0-SNAPSHOT.jar:/home/runner/.m2/repository/com/google/guava/guava/31.1-jre/guava-31.1-jre.jar:/home/runner/.m2/repository/com/google/guava/failureaccess/1.0.1/failureaccess-1.0.1.jar:/home/runner/.m2/repository/com/google/guava/listenablefuture/9999.0-empty-to-avoid-conflict-with-guava/listenablefuture-9999.0-empty-to-avoid-conflict-with-guava.jar:/home/runner/.m2/repository/com/google/code/findbugs/jsr305/3.0.0/jsr305-3.0.0.jar:/home/runner/.m2/repository/org/checkerframework/checker-qual/3.12.0/checker-qual-3.12.0.jar:/home/runner/.m2/repository/com/google/j2objc/j2objc-annotations/1.3/j2objc-annotations-1.3.jar:/home/runner/.m2/repository/commons-io/commons-io/2.11.0/commons-io-2.11.0.jar:/home/runner/.m2/repository/commons-logging/commons-logging/1.2/commons-logging-1.2.jar:/home/runner/.m2/repository/ch/qos/reload4j/reload4j/1.2.22/reload4j-1.2.22.jar:/home/runner/.m2/repository/org/slf4j/slf4j-api/1.7.36/slf4j-api-1.7.36.jar:/home/runner/.m2/repository/org/apache/ozone/hdds-server-scm/1.4.0-SNAPSHOT/hdds-server-scm-1.4.0-SNAPSHOT.jar:/home/runner/.m2/repository/org/apache/ozone/hdds-container-service/1.4.0-SNAPSHOT/hdds-container-service-1.4.0-SNAPSHOT.jar:/home/runner/.m2/repository/org/apache/ozone/hdds-hadoop-dependency-server/1.4.0-SNAPSHOT/hdds-hadoop-dependency-server-1.4.0-SNAPSHOT.jar:/home/runner/.m2/repository/org/apache/hadoop/hadoop-hdfs/3.3.4/hadoop-hdfs-3.3.4.jar:/home/runner/.m2/repository/org/eclipse/jetty/jetty-util-ajax/9.4.49.v20220914/jetty-util-ajax-9.4.49.v20220914.jar:/home/runner/.m2/repository/commons-daemon/commons-daemon/1.0.13/commons-daemon-1.0.13.jar:/home/runner/.m2/repository/org/apache/ozone/hdds-server-framework/1.4.0-SNAPSHOT/hdds-server-framework-1.4.0-SNAPSHOT.jar:/home/runner/.m2/repository/org/apache/ozone/hdds-interface-server/1.4.0-SNAPSHOT/hdds-interface-server-1.4.0-SNAPSHOT.jar:/home/runner/.m2/repository/org/apache/commons/commons-configuration2/2.1.1/commons-configuration2-2.1.1.jar:/home/runner/.m2/repository/org/apache/logging/log4j/log4j-core/2.17.1/log4j-core-2.17.1.jar:/home/runner/.m2/repository/com/lmax/disruptor/3.4.2/disruptor-3.4.2.jar:/home/runner/.m2/repository/org/eclipse/jetty/jetty-servlet/9.4.49.v20220914/jetty-servlet-9.4.49.v20220914.jar:/home/runner/.m2/repository/org/eclipse/jetty/jetty-security/9.4.49.v20220914/jetty-security-9.4.49.v20220914.jar:/home/runner/.m2/repository/org/rocksdb/rocksdbjni/7.7.3/rocksdbjni-7.7.3.jar:/home/runner/.m2/repository/io/prometheus/simpleclient_dropwizard/0.7.0/simpleclient_dropwizard-0.7.0.jar:/home/runner/.m2/repository/io/prometheus/simpleclient/0.7.0/simpleclient-0.7.0.jar:/home/runner/.m2/repository/io/prometheus/simpleclient_common/0.7.0/simpleclient_common-0.7.0.jar:/home/runner/.m2/repository/com/github/spotbugs/spotbugs-annotations/3.1.12/spotbugs-annotations-3.1.12.jar:/home/runner/.m2/repository/org/awaitility/awaitility/4.2.0/awaitility-4.2.0.jar:/home/runner/.m2/repository/org/hamcrest/hamcrest/2.1/hamcrest-2.1.jar:/home/runner/.m2/repository/io/dropwizard/metrics/metrics-core/3.2.4/metrics-core-3.2.4.jar:/home/runner/.m2/repository/org/apache/commons/commons-text/1.4/commons-text-1.4.jar:/home/runner/.m2/repository/org/apache/hadoop/hadoop-hdfs-client/3.3.4/hadoop-hdfs-client-3.3.4.jar:/home/runner/.m2/repository/com/squareup/okhttp3/okhttp/4.9.3/okhttp-4.9.3.jar:/home/runner/.m2/repository/com/squareup/okio/okio/2.8.0/okio-2.8.0.jar:/home/runner/.m2/repository/org/jetbrains/kotlin/kotlin-stdlib-common/1.6.21/kotlin-stdlib-common-1.6.21.jar:/home/runner/.m2/repository/org/bouncycastle/bcprov-jdk15on/1.67/bcprov-jdk15on-1.67.jar:/home/runner/.m2/repository/com/google/protobuf/protobuf-java/2.5.0/protobuf-java-2.5.0.jar:/home/runner/.m2/repository/org/apache/ozone/ozone-manager/1.4.0-SNAPSHOT/ozone-manager-1.4.0-SNAPSHOT.jar:/home/runner/.m2/repository/org/aspectj/aspectjrt/1.9.7/aspectjrt-1.9.7.jar:/home/runner/.m2/repository/org/aspectj/aspectjweaver/1.9.7/aspectjweaver-1.9.7.jar:/home/runner/.m2/repository/org/apache/ozone/hdds-interface-client/1.4.0-SNAPSHOT/hdds-interface-client-1.4.0-SNAPSHOT.jar:/home/runner/.m2/repository/org/apache/hadoop/thirdparty/hadoop-shaded-protobuf_3_7/1.1.1/hadoop-shaded-protobuf_3_7-1.1.1.jar:/home/runner/.m2/repository/org/apache/ratis/ratis-thirdparty-misc/1.0.3/ratis-thirdparty-misc-1.0.3.jar:/home/runner/.m2/repository/org/apache/ozone/ozone-interface-storage/1.4.0-SNAPSHOT/ozone-interface-storage-1.4.0-SNAPSHOT.jar:/home/runner/.m2/repository/org/apache/ozone/rocksdb-checkpoint-differ/1.4.0-SNAPSHOT/rocksdb-checkpoint-differ-1.4.0-SNAPSHOT.jar:/home/runner/.m2/repository/org/reflections/reflections/0.9.11/reflections-0.9.11.jar:/home/runner/.m2/repository/com/sun/jersey/jersey-client/1.19/jersey-client-1.19.jar:/home/runner/.m2/repository/org/apache/ranger/ranger-intg/2.3.0/ranger-intg-2.3.0.jar:/home/runner/.m2/repository/org/apache/ranger/ranger-plugins-common/2.3.0/ranger-plugins-common-2.3.0.jar:/home/runner/.m2/repository/commons-lang/commons-lang/2.6/commons-lang-2.6.jar:/home/runner/.m2/repository/org/apache/ranger/ranger-plugins-cred/2.3.0/ranger-plugins-cred-2.3.0.jar:/home/runner/.m2/repository/org/apache/ranger/ranger-plugins-audit/2.3.0/ranger-plugins-audit-2.3.0.jar:/home/runner/.m2/repository/org/eclipse/jetty/jetty-client/9.4.49.v20220914/jetty-client-9.4.49.v20220914.jar:/home/runner/.m2/repository/org/apache/httpcomponents/httpmime/4.5.6/httpmime-4.5.6.jar:/home/runner/.m2/repository/org/apache/httpcomponents/httpcore-nio/4.4.13/httpcore-nio-4.4.13.jar:/home/runner/.m2/repository/org/apache/httpcomponents/httpasyncclient/4.1.3/httpasyncclient-4.1.3.jar:/home/runner/.m2/repository/com/carrotsearch/hppc/0.8.0/hppc-0.8.0.jar:/home/runner/.m2/repository/org/apache/orc/orc-core/1.5.8/orc-core-1.5.8.jar:/home/runner/.m2/repository/net/java/dev/jna/jna/5.2.0/jna-5.2.0.jar:/home/runner/.m2/repository/net/java/dev/jna/jna-platform/5.2.0/jna-platform-5.2.0.jar:/home/runner/.m2/repository/com/kstruct/gethostname4j/0.0.2/gethostname4j-0.0.2.jar:/home/runner/.m2/repository/org/apache/ranger/ranger-plugin-classloader/2.3.0/ranger-plugin-classloader-2.3.0.jar:/home/runner/.m2/repository/org/apache/hadoop/hadoop-minikdc/3.3.4/hadoop-minikdc-3.3.4.jar:/home/runner/.m2/repository/org/apache/kerby/kerb-simplekdc/1.0.1/kerb-simplekdc-1.0.1.jar:/home/runner/.m2/repository/org/apache/kerby/kerb-client/1.0.1/kerb-client-1.0.1.jar:/home/runner/.m2/repository/org/apache/kerby/kerby-config/1.0.1/kerby-config-1.0.1.jar:/home/runner/.m2/repository/org/apache/kerby/kerb-common/1.0.1/kerb-common-1.0.1.jar:/home/runner/.m2/repository/org/apache/kerby/kerb-crypto/1.0.1/kerb-crypto-1.0.1.jar:/home/runner/.m2/repository/org/apache/kerby/kerb-util/1.0.1/kerb-util-1.0.1.jar:/home/runner/.m2/repository/org/apache/kerby/token-provider/1.0.1/token-provider-1.0.1.jar:/home/runner/.m2/repository/org/apache/kerby/kerb-admin/1.0.1/kerb-admin-1.0.1.jar:/home/runner/.m2/repository/org/apache/kerby/kerb-server/1.0.1/kerb-server-1.0.1.jar:/home/runner/.m2/repository/org/apache/kerby/kerb-identity/1.0.1/kerb-identity-1.0.1.jar:/home/runner/.m2/repository/org/apache/kerby/kerby-xdr/1.0.1/kerby-xdr-1.0.1.jar:/home/runner/.m2/repository/org/apache/ozone/ozone-s3gateway/1.4.0-SNAPSHOT/ozone-s3gateway-1.4.0-SNAPSHOT.jar:/home/runner/.m2/repository/org/javassist/javassist/3.21.0-GA/javassist-3.21.0-GA.jar:/home/runner/.m2/repository/org/jboss/weld/servlet/weld-servlet/2.4.7.Final/weld-servlet-2.4.7.Final.jar:/home/runner/.m2/repository/org/glassfish/jersey/containers/jersey-container-servlet-core/2.34/jersey-container-servlet-core-2.34.jar:/home/runner/.m2/repository/org/glassfish/hk2/external/jakarta.inject/2.6.1/jakarta.inject-2.6.1.jar:/home/runner/.m2/repository/org/glassfish/jersey/core/jersey-common/2.34/jersey-common-2.34.jar:/home/runner/.m2/repository/jakarta/ws/rs/jakarta.ws.rs-api/2.1.6/jakarta.ws.rs-api-2.1.6.jar:/home/runner/.m2/repository/org/glassfish/jersey/ext/cdi/jersey-cdi1x/2.34/jersey-cdi1x-2.34.jar:/home/runner/.m2/repository/org/glassfish/jersey/inject/jersey-hk2/2.34/jersey-hk2-2.34.jar:/home/runner/.m2/repository/org/glassfish/hk2/hk2-locator/2.6.1/hk2-locator-2.6.1.jar:/home/runner/.m2/repository/org/glassfish/jersey/media/jersey-media-jaxb/2.34/jersey-media-jaxb-2.34.jar:/home/runner/.m2/repository/org/glassfish/hk2/osgi-resource-locator/1.0.3/osgi-resource-locator-1.0.3.jar:/home/runner/.m2/repository/org/glassfish/hk2/hk2-api/2.5.0/hk2-api-2.5.0.jar:/home/runner/.m2/repository/org/glassfish/hk2/hk2-utils/2.5.0/hk2-utils-2.5.0.jar:/home/runner/.m2/repository/org/glassfish/hk2/external/aopalliance-repackaged/2.5.0/aopalliance-repackaged-2.5.0.jar:/home/runner/.m2/repository/com/fasterxml/jackson/dataformat/jackson-dataformat-xml/2.13.4/jackson-dataformat-xml-2.13.4.jar:/home/runner/.m2/repository/com/fasterxml/jackson/core/jackson-core/2.13.4/jackson-core-2.13.4.jar:/home/runner/.m2/repository/org/codehaus/woodstox/stax2-api/4.2.1/stax2-api-4.2.1.jar:/home/runner/.m2/repository/com/fasterxml/woodstox/woodstox-core/5.4.0/woodstox-core-5.4.0.jar:/home/runner/.m2/repository/com/fasterxml/jackson/module/jackson-module-jaxb-annotations/2.13.4/jackson-module-jaxb-annotations-2.13.4.jar:/home/runner/.m2/repository/jakarta/xml/bind/jakarta.xml.bind-api/2.3.3/jakarta.xml.bind-api-2.3.3.jar:/home/runner/.m2/repository/jakarta/activation/jakarta.activation-api/1.2.2/jakarta.activation-api-1.2.2.jar:/home/runner/.m2/repository/javax/enterprise/cdi-api/1.2/cdi-api-1.2.jar:/home/runner/.m2/repository/javax/el/javax.el-api/3.0.0/javax.el-api-3.0.0.jar:/home/runner/.m2/repository/javax/interceptor/javax.interceptor-api/1.2/javax.interceptor-api-1.2.jar:/home/runner/.m2/repository/javax/inject/javax.inject/1/javax.inject-1.jar:/home/runner/.m2/repository/javax/xml/bind/jaxb-api/2.3.0/jaxb-api-2.3.0.jar:/home/runner/.m2/repository/org/glassfish/jaxb/jaxb-runtime/2.3.0.1/jaxb-runtime-2.3.0.1.jar:/home/runner/.m2/repository/org/glassfish/jaxb/jaxb-core/2.3.0.1/jaxb-core-2.3.0.1.jar:/home/runner/.m2/repository/org/glassfish/jaxb/txw2/2.3.0.1/txw2-2.3.0.1.jar:/home/runner/.m2/repository/com/sun/istack/istack-commons-runtime/3.0.5/istack-commons-runtime-3.0.5.jar:/home/runner/.m2/repository/org/jvnet/staxex/stax-ex/1.7.8/stax-ex-1.7.8.jar:/home/runner/.m2/repository/com/sun/xml/fastinfoset/FastInfoset/1.2.13/FastInfoset-1.2.13.jar:/home/runner/.m2/repository/javax/activation/activation/1.1.1/activation-1.1.1.jar:/home/runner/.m2/repository/io/grpc/grpc-protobuf/1.51.1/grpc-protobuf-1.51.1.jar:/home/runner/.m2/repository/io/grpc/grpc-api/1.51.1/grpc-api-1.51.1.jar:/home/runner/.m2/repository/io/grpc/grpc-context/1.51.1/grpc-context-1.51.1.jar:/home/runner/.m2/repository/com/google/api/grpc/proto-google-common-protos/2.9.0/proto-google-common-protos-2.9.0.jar:/home/runner/.m2/repository/io/grpc/grpc-protobuf-lite/1.51.1/grpc-protobuf-lite-1.51.1.jar:/home/runner/.m2/repository/io/grpc/grpc-stub/1.51.1/grpc-stub-1.51.1.jar:/home/runner/.m2/repository/io/netty/netty-transport/4.1.86.Final/netty-transport-4.1.86.Final.jar:/home/runner/.m2/repository/io/netty/netty-resolver/4.1.86.Final/netty-resolver-4.1.86.Final.jar:/home/runner/.m2/repository/org/apache/ozone/ozone-csi/1.4.0-SNAPSHOT/ozone-csi-1.4.0-SNAPSHOT.jar:/home/runner/.m2/repository/com/google/protobuf/protobuf-java-util/3.19.6/protobuf-java-util-3.19.6.jar:/home/runner/.m2/repository/com/google/code/gson/gson/2.9.0/gson-2.9.0.jar:/home/runner/.m2/repository/org/apache/ozone/hdds-config/1.4.0-SNAPSHOT/hdds-config-1.4.0-SNAPSHOT.jar:/home/runner/.m2/repository/io/netty/netty-transport-native-epoll/4.1.86.Final/netty-transport-native-epoll-4.1.86.Final-linux-x86_64.jar:/home/runner/.m2/repository/io/netty/netty-transport-classes-epoll/4.1.86.Final/netty-transport-classes-epoll-4.1.86.Final.jar:/home/runner/.m2/repository/io/netty/netty-transport-native-unix-common/4.1.86.Final/netty-transport-native-unix-common-4.1.86.Final.jar:/home/runner/.m2/repository/org/slf4j/slf4j-reload4j/1.7.36/slf4j-reload4j-1.7.36.jar:/home/runner/.m2/repository/org/apache/ozone/ozone-recon/1.4.0-SNAPSHOT/ozone-recon-1.4.0-SNAPSHOT.jar:/home/runner/.m2/repository/org/apache/ozone/ozone-reconcodegen/1.4.0-SNAPSHOT/ozone-reconcodegen-1.4.0-SNAPSHOT.jar:/home/runner/.m2/repository/com/google/inject/extensions/guice-multibindings/4.0/guice-multibindings-4.0.jar:/home/runner/.m2/repository/com/google/inject/guice/4.0/guice-4.0.jar:/home/runner/.m2/repository/aopalliance/aopalliance/1.0/aopalliance-1.0.jar:/home/runner/.m2/repository/com/google/inject/extensions/guice-assistedinject/4.0/guice-assistedinject-4.0.jar:/home/runner/.m2/repository/com/google/inject/extensions/guice-servlet/4.0/guice-servlet-4.0.jar:/home/runner/.m2/repository/org/glassfish/jersey/containers/jersey-container-servlet/2.34/jersey-container-servlet-2.34.jar:/home/runner/.m2/repository/org/glassfish/hk2/guice-bridge/2.5.0/guice-bridge-2.5.0.jar:/home/runner/.m2/repository/org/glassfish/jersey/core/jersey-server/2.34/jersey-server-2.34.jar:/home/runner/.m2/repository/org/glassfish/jersey/core/jersey-client/2.34/jersey-client-2.34.jar:/home/runner/.m2/repository/jakarta/annotation/jakarta.annotation-api/1.3.5/jakarta.annotation-api-1.3.5.jar:/home/runner/.m2/repository/jakarta/validation/jakarta.validation-api/2.0.2/jakarta.validation-api-2.0.2.jar:/home/runner/.m2/repository/org/glassfish/jersey/media/jersey-media-json-jackson/2.34/jersey-media-json-jackson-2.34.jar:/home/runner/.m2/repository/org/glassfish/jersey/ext/jersey-entity-filtering/2.34/jersey-entity-filtering-2.34.jar:/home/runner/.m2/repository/org/jooq/jooq/3.11.10/jooq-3.11.10.jar:/home/runner/.m2/repository/org/jooq/jooq-meta/3.11.10/jooq-meta-3.11.10.jar:/home/runner/.m2/repository/org/jooq/jooq-codegen/3.11.10/jooq-codegen-3.11.10.jar:/home/runner/.m2/repository/com/jolbox/bonecp/0.8.0.RELEASE/bonecp-0.8.0.RELEASE.jar:/home/runner/.m2/repository/org/apache/derby/derby/10.14.2.0/derby-10.14.2.0.jar:/home/runner/.m2/repository/org/xerial/sqlite-jdbc/3.25.2/sqlite-jdbc-3.25.2.jar:/home/runner/.m2/repository/org/springframework/spring-jdbc/5.3.23/spring-jdbc-5.3.23.jar:/home/runner/.m2/repository/org/springframework/spring-beans/5.3.23/spring-beans-5.3.23.jar:/home/runner/.m2/repository/org/springframework/spring-core/5.3.23/spring-core-5.3.23.jar:/home/runner/.m2/repository/org/springframework/spring-jcl/5.3.23/spring-jcl-5.3.23.jar:/home/runner/.m2/repository/org/springframework/spring-tx/5.3.23/spring-tx-5.3.23.jar:/home/runner/.m2/repository/org/apache/ozone/ozone-client/1.4.0-SNAPSHOT/ozone-client-1.4.0-SNAPSHOT.jar:/home/runner/.m2/repository/org/apache/ozone/hdds-erasurecode/1.4.0-SNAPSHOT/hdds-erasurecode-1.4.0-SNAPSHOT.jar:/home/runner/.m2/repository/org/apache/ozone/ozone-filesystem/1.4.0-SNAPSHOT/ozone-filesystem-1.4.0-SNAPSHOT.jar:/home/runner/.m2/repository/org/apache/ozone/ozone-filesystem-common/1.4.0-SNAPSHOT/ozone-filesystem-common-1.4.0-SNAPSHOT.jar:/home/runner/.m2/repository/org/apache/ozone/ozone-tools/1.4.0-SNAPSHOT/ozone-tools-1.4.0-SNAPSHOT.jar:/home/runner/.m2/repository/com/amazonaws/aws-java-sdk-core/1.12.261/aws-java-sdk-core-1.12.261.jar:/home/runner/.m2/repository/org/apache/httpcomponents/httpclient/4.5.13/httpclient-4.5.13.jar:/home/runner/.m2/repository/org/apache/httpcomponents/httpcore/4.4.13/httpcore-4.4.13.jar:/home/runner/.m2/repository/software/amazon/ion/ion-java/1.0.2/ion-java-1.0.2.jar:/home/runner/.m2/repository/com/fasterxml/jackson/dataformat/jackson-dataformat-cbor/2.13.4/jackson-dataformat-cbor-2.13.4.jar:/home/runner/.m2/repository/joda-time/joda-time/2.10.6/joda-time-2.10.6.jar:/home/runner/.m2/repository/com/amazonaws/aws-java-sdk-s3/1.12.261/aws-java-sdk-s3-1.12.261.jar:/home/runner/.m2/repository/com/amazonaws/aws-java-sdk-kms/1.12.261/aws-java-sdk-kms-1.12.261.jar:/home/runner/.m2/repository/com/amazonaws/jmespath-java/1.12.261/jmespath-java-1.12.261.jar:/home/runner/.m2/repository/org/kohsuke/metainf-services/metainf-services/1.8/metainf-services-1.8.jar:/home/runner/.m2/repository/org/apache/ozone/hdds-tools/1.4.0-SNAPSHOT/hdds-tools-1.4.0-SNAPSHOT.jar:/home/runner/.m2/repository/org/apache/ratis/ratis-tools/2.4.2-8b8bdda-SNAPSHOT/ratis-tools-2.4.2-8b8bdda-SNAPSHOT.jar:/home/runner/.m2/repository/org/apache/ratis/ratis-proto/2.4.2-8b8bdda-SNAPSHOT/ratis-proto-2.4.2-8b8bdda-SNAPSHOT.jar:/home/runner/.m2/repository/org/apache/ratis/ratis-common/2.4.2-8b8bdda-SNAPSHOT/ratis-common-2.4.2-8b8bdda-SNAPSHOT.jar:/home/runner/.m2/repository/commons-cli/commons-cli/1.2/commons-cli-1.2.jar:/home/runner/.m2/repository/org/apache/commons/commons-lang3/3.7/commons-lang3-3.7.jar:/home/runner/.m2/repository/org/apache/ozone/ozone-manager/1.4.0-SNAPSHOT/ozone-manager-1.4.0-SNAPSHOT-tests.jar:/home/runner/.m2/repository/org/apache/ozone/hdds-common/1.4.0-SNAPSHOT/hdds-common-1.4.0-SNAPSHOT-tests.jar:/home/runner/.m2/repository/org/apache/ozone/hdds-hadoop-dependency-client/1.4.0-SNAPSHOT/hdds-hadoop-dependency-client-1.4.0-SNAPSHOT.jar:/home/runner/.m2/repository/info/picocli/picocli/4.6.1/picocli-4.6.1.jar:/home/runner/.m2/repository/com/fasterxml/jackson/core/jackson-annotations/2.13.4/jackson-annotations-2.13.4.jar:/home/runner/.m2/repository/com/fasterxml/jackson/datatype/jackson-datatype-jsr310/2.13.4/jackson-datatype-jsr310-2.13.4.jar:/home/runner/.m2/repository/org/apache/ozone/hdds-annotation-processing/1.4.0-SNAPSHOT/hdds-annotation-processing-1.4.0-SNAPSHOT.jar:/home/runner/.m2/repository/javax/annotation/javax.annotation-api/1.2/javax.annotation-api-1.2.jar:/home/runner/.m2/repository/org/apache/ratis/ratis-server/2.4.2-8b8bdda-SNAPSHOT/ratis-server-2.4.2-8b8bdda-SNAPSHOT.jar:/home/runner/.m2/repository/org/apache/ratis/ratis-client/2.4.2-8b8bdda-SNAPSHOT/ratis-client-2.4.2-8b8bdda-SNAPSHOT.jar:/home/runner/.m2/repository/org/apache/ratis/ratis-server-api/2.4.2-8b8bdda-SNAPSHOT/ratis-server-api-2.4.2-8b8bdda-SNAPSHOT.jar:/home/runner/.m2/repository/org/apache/ratis/ratis-metrics/2.4.2-8b8bdda-SNAPSHOT/ratis-metrics-2.4.2-8b8bdda-SNAPSHOT.jar:/home/runner/.m2/repository/org/apache/ratis/ratis-netty/2.4.2-8b8bdda-SNAPSHOT/ratis-netty-2.4.2-8b8bdda-SNAPSHOT.jar:/home/runner/.m2/repository/org/apache/ratis/ratis-grpc/2.4.2-8b8bdda-SNAPSHOT/ratis-grpc-2.4.2-8b8bdda-SNAPSHOT.jar:/home/runner/.m2/repository/org/apache/logging/log4j/log4j-api/2.17.1/log4j-api-2.17.1.jar:/home/runner/.m2/repository/org/apache/commons/commons-pool2/2.6.0/commons-pool2-2.6.0.jar:/home/runner/.m2/repository/org/bouncycastle/bcpkix-jdk15on/1.67/bcpkix-jdk15on-1.67.jar:/home/runner/.m2/repository/commons-validator/commons-validator/1.6/commons-validator-1.6.jar:/home/runner/.m2/repository/commons-beanutils/commons-beanutils/1.9.4/commons-beanutils-1.9.4.jar:/home/runner/.m2/repository/commons-digester/commons-digester/1.8.1/commons-digester-1.8.1.jar:/home/runner/.m2/repository/commons-collections/commons-collections/3.2.2/commons-collections-3.2.2.jar:/home/runner/.m2/repository/io/jaegertracing/jaeger-client/1.6.0/jaeger-client-1.6.0.jar:/home/runner/.m2/repository/io/jaegertracing/jaeger-thrift/1.6.0/jaeger-thrift-1.6.0.jar:/home/runner/.m2/repository/org/apache/thrift/libthrift/0.14.1/libthrift-0.14.1.jar:/home/runner/.m2/repository/io/jaegertracing/jaeger-core/1.6.0/jaeger-core-1.6.0.jar:/home/runner/.m2/repository/io/jaegertracing/jaeger-tracerresolver/1.6.0/jaeger-tracerresolver-1.6.0.jar:/home/runner/.m2/repository/io/opentracing/contrib/opentracing-tracerresolver/0.1.8/opentracing-tracerresolver-0.1.8.jar:/home/runner/.m2/repository/org/jetbrains/kotlin/kotlin-stdlib/1.6.21/kotlin-stdlib-1.6.21.jar:/home/runner/.m2/repository/org/jetbrains/annotations/13.0/annotations-13.0.jar:/home/runner/.m2/repository/io/opentracing/opentracing-util/0.33.0/opentracing-util-0.33.0.jar:/home/runner/.m2/repository/io/opentracing/opentracing-api/0.33.0/opentracing-api-0.33.0.jar:/home/runner/.m2/repository/io/opentracing/opentracing-noop/0.33.0/opentracing-noop-0.33.0.jar:/home/runner/.m2/repository/org/yaml/snakeyaml/1.33/snakeyaml-1.33.jar:/home/runner/.m2/repository/org/apache/ozone/hdds-interface-admin/1.4.0-SNAPSHOT/hdds-interface-admin-1.4.0-SNAPSHOT.jar:/home/runner/.m2/repository/junit/junit/4.13.1/junit-4.13.1.jar:/home/runner/.m2/repository/org/hamcrest/hamcrest-core/1.3/hamcrest-core-1.3.jar:/home/runner/.m2/repository/org/junit/jupiter/junit-jupiter-api/5.8.2/junit-jupiter-api-5.8.2.jar:/home/runner/.m2/repository/org/opentest4j/opentest4j/1.2.0/opentest4j-1.2.0.jar:/home/runner/.m2/repository/org/junit/platform/junit-platform-commons/1.8.2/junit-platform-commons-1.8.2.jar:/home/runner/.m2/repository/org/apiguardian/apiguardian-api/1.1.2/apiguardian-api-1.1.2.jar:/home/runner/.m2/repository/org/junit/jupiter/junit-jupiter-params/5.8.2/junit-jupiter-params-5.8.2.jar:/home/runner/.m2/repository/org/junit/jupiter/junit-jupiter-migrationsupport/5.8.2/junit-jupiter-migrationsupport-5.8.2.jar:/home/runner/.m2/repository/org/junit/jupiter/junit-jupiter-engine/5.8.2/junit-jupiter-engine-5.8.2.jar:/home/runner/.m2/repository/org/junit/platform/junit-platform-engine/1.8.2/junit-platform-engine-1.8.2.jar:/home/runner/.m2/repository/org/junit/vintage/junit-vintage-engine/5.8.2/junit-vintage-engine-5.8.2.jar:/home/runner/.m2/repository/org/junit/platform/junit-platform-launcher/1.8.2/junit-platform-launcher-1.8.2.jar:/home/runner/.m2/repository/org/mockito/mockito-core/2.28.2/mockito-core-2.28.2.jar:/home/runner/.m2/repository/net/bytebuddy/byte-buddy/1.9.10/byte-buddy-1.9.10.jar:/home/runner/.m2/repository/net/bytebuddy/byte-buddy-agent/1.9.10/byte-buddy-agent-1.9.10.jar:/home/runner/.m2/repository/org/objenesis/objenesis/1.0/objenesis-1.0.jar:/home/runner/.m2/repository/org/apache/hadoop/hadoop-kms/3.3.4/hadoop-kms-3.3.4.jar:/home/runner/.m2/repository/org/apache/hadoop/hadoop-auth/3.3.4/hadoop-auth-3.3.4.jar:/home/runner/.m2/repository/com/nimbusds/nimbus-jose-jwt/9.8.1/nimbus-jose-jwt-9.8.1.jar:/home/runner/.m2/repository/com/github/stephenc/jcip/jcip-annotations/1.0-1/jcip-annotations-1.0-1.jar:/home/runner/.m2/repository/net/minidev/json-smart/2.4.7/json-smart-2.4.7.jar:/home/runner/.m2/repository/net/minidev/accessors-smart/2.4.7/accessors-smart-2.4.7.jar:/home/runner/.m2/repository/org/ow2/asm/asm/5.0.4/asm-5.0.4.jar:/home/runner/.m2/repository/org/apache/zookeeper/zookeeper/3.5.6/zookeeper-3.5.6.jar:/home/runner/.m2/repository/org/apache/zookeeper/zookeeper-jute/3.5.6/zookeeper-jute-3.5.6.jar:/home/runner/.m2/repository/org/apache/yetus/audience-annotations/0.5.0/audience-annotations-0.5.0.jar:/home/runner/.m2/repository/org/apache/curator/curator-framework/4.2.0/curator-framework-4.2.0.jar:/home/runner/.m2/repository/org/apache/hadoop/thirdparty/hadoop-shaded-guava/1.1.1/hadoop-shaded-guava-1.1.1.jar:/home/runner/.m2/repository/com/sun/jersey/jersey-core/1.19/jersey-core-1.19.jar:/home/runner/.m2/repository/javax/ws/rs/jsr311-api/1.1.1/jsr311-api-1.1.1.jar:/home/runner/.m2/repository/com/sun/jersey/jersey-server/1.19/jersey-server-1.19.jar:/home/runner/.m2/repository/javax/servlet/javax.servlet-api/3.1.0/javax.servlet-api-3.1.0.jar:/home/runner/.m2/repository/org/eclipse/jetty/jetty-server/9.4.49.v20220914/jetty-server-9.4.49.v20220914.jar:/home/runner/.m2/repository/org/eclipse/jetty/jetty-http/9.4.49.v20220914/jetty-http-9.4.49.v20220914.jar:/home/runner/.m2/repository/org/eclipse/jetty/jetty-io/9.4.49.v20220914/jetty-io-9.4.49.v20220914.jar:/home/runner/.m2/repository/org/eclipse/jetty/jetty-webapp/9.4.49.v20220914/jetty-webapp-9.4.49.v20220914.jar:/home/runner/.m2/repository/org/eclipse/jetty/jetty-xml/9.4.49.v20220914/jetty-xml-9.4.49.v20220914.jar:/home/runner/.m2/repository/org/apache/hadoop/hadoop-common/3.3.4/hadoop-common-3.3.4.jar:/home/runner/.m2/repository/org/apache/commons/commons-math3/3.1.1/commons-math3-3.1.1.jar:/home/runner/.m2/repository/commons-net/commons-net/3.9.0/commons-net-3.9.0.jar:/home/runner/.m2/repository/com/sun/jersey/jersey-servlet/1.19/jersey-servlet-1.19.jar:/home/runner/.m2/repository/com/sun/jersey/jersey-json/1.19/jersey-json-1.19.jar:/home/runner/.m2/repository/org/codehaus/jettison/jettison/1.1/jettison-1.1.jar:/home/runner/.m2/repository/com/sun/xml/bind/jaxb-impl/2.2.3-1/jaxb-impl-2.2.3-1.jar:/home/runner/.m2/repository/org/codehaus/jackson/jackson-jaxrs/1.9.2/jackson-jaxrs-1.9.2.jar:/home/runner/.m2/repository/org/codehaus/jackson/jackson-xc/1.9.2/jackson-xc-1.9.2.jar:/home/runner/.m2/repository/com/google/re2j/re2j/1.1/re2j-1.1.jar:/home/runner/.m2/repository/com/jcraft/jsch/0.1.54/jsch-0.1.54.jar:/home/runner/.m2/repository/org/apache/curator/curator-client/4.2.0/curator-client-4.2.0.jar:/home/runner/.m2/repository/org/apache/curator/curator-recipes/4.2.0/curator-recipes-4.2.0.jar:/home/runner/.m2/repository/org/apache/kerby/kerb-core/1.0.1/kerb-core-1.0.1.jar:/home/runner/.m2/repository/org/apache/kerby/kerby-pkix/1.0.1/kerby-pkix-1.0.1.jar:/home/runner/.m2/repository/org/apache/kerby/kerby-asn1/1.0.1/kerby-asn1-1.0.1.jar:/home/runner/.m2/repository/org/apache/kerby/kerby-util/1.0.1/kerby-util-1.0.1.jar:/home/runner/.m2/repository/dnsjava/dnsjava/2.1.7/dnsjava-2.1.7.jar:/home/runner/.m2/repository/org/xerial/snappy/snappy-java/1.1.8.2/snappy-java-1.1.8.2.jar:/home/runner/.m2/repository/org/eclipse/jetty/jetty-util/9.4.49.v20220914/jetty-util-9.4.49.v20220914.jar:/home/runner/.m2/repository/com/fasterxml/jackson/core/jackson-databind/2.13.4.2/jackson-databind-2.13.4.2.jar:/home/runner/.m2/repository/org/apache/hadoop/hadoop-kms/3.3.4/hadoop-kms-3.3.4-tests.jar:/home/runner/.m2/repository/org/apache/ozone/hdds-server-scm/1.4.0-SNAPSHOT/hdds-server-scm-1.4.0-SNAPSHOT-tests.jar:/home/runner/.m2/repository/org/apache/ozone/hdds-container-service/1.4.0-SNAPSHOT/hdds-container-service-1.4.0-SNAPSHOT-tests.jar:/home/runner/.m2/repository/com/github/luben/zstd-jni/1.5.2-5/zstd-jni-1.5.2-5.jar:/home/runner/.m2/repository/commons-codec/commons-codec/1.15/commons-codec-1.15.jar:/home/runner/.m2/repository/io/netty/netty-codec/4.1.86.Final/netty-codec-4.1.86.Final.jar:/home/runner/.m2/repository/io/netty/netty-handler/4.1.86.Final/netty-handler-4.1.86.Final.jar:/home/runner/.m2/repository/org/apache/ozone/hdds-hadoop-dependency-test/1.4.0-SNAPSHOT/hdds-hadoop-dependency-test-1.4.0-SNAPSHOT.jar:/home/runner/.m2/repository/org/apache/hadoop/hadoop-common/3.3.4/hadoop-common-3.3.4-tests.jar:/home/runner/.m2/repository/org/apache/hadoop/hadoop-hdfs/3.3.4/hadoop-hdfs-3.3.4-tests.jar:/home/runner/.m2/repository/org/assertj/assertj-core/3.12.2/assertj-core-3.12.2.jar:/home/runner/.m2/repository/org/apache/hadoop/hadoop-distcp/3.3.4/hadoop-distcp-3.3.4.jar:/home/runner/.m2/repository/org/apache/hadoop/hadoop-mapreduce-client-jobclient/3.3.4/hadoop-mapreduce-client-jobclient-3.3.4.jar:/home/runner/.m2/repository/org/apache/hadoop/hadoop-mapreduce-client-common/3.3.4/hadoop-mapreduce-client-common-3.3.4.jar:/home/runner/.m2/repository/org/apache/hadoop/hadoop-yarn-common/3.3.4/hadoop-yarn-common-3.3.4.jar:/home/runner/.m2/repository/org/apache/hadoop/hadoop-yarn-api/3.3.4/hadoop-yarn-api-3.3.4.jar:/home/runner/.m2/repository/com/sun/jersey/contribs/jersey-guice/1.19/jersey-guice-1.19.jar:/home/runner/.m2/repository/com/fasterxml/jackson/jaxrs/jackson-jaxrs-json-provider/2.13.4/jackson-jaxrs-json-provider-2.13.4.jar:/home/runner/.m2/repository/com/fasterxml/jackson/jaxrs/jackson-jaxrs-base/2.13.4/jackson-jaxrs-base-2.13.4.jar:/home/runner/.m2/repository/org/apache/hadoop/hadoop-yarn-client/3.3.4/hadoop-yarn-client-3.3.4.jar:/home/runner/.m2/repository/org/eclipse/jetty/websocket/websocket-client/9.4.43.v20210629/websocket-client-9.4.43.v20210629.jar:/home/runner/.m2/repository/org/eclipse/jetty/websocket/websocket-common/9.4.43.v20210629/websocket-common-9.4.43.v20210629.jar:/home/runner/.m2/repository/org/eclipse/jetty/websocket/websocket-api/9.4.43.v20210629/websocket-api-9.4.43.v20210629.jar:/home/runner/.m2/repository/org/jline/jline/3.9.0/jline-3.9.0.jar:/home/runner/.m2/repository/org/apache/hadoop/hadoop-mapreduce-client-core/3.3.4/hadoop-mapreduce-client-core-3.3.4.jar:/home/runner/.m2/repository/org/apache/avro/avro/1.7.7/avro-1.7.7.jar:/home/runner/.m2/repository/org/codehaus/jackson/jackson-core-asl/1.9.13/jackson-core-asl-1.9.13.jar:/home/runner/.m2/repository/org/codehaus/jackson/jackson-mapper-asl/1.9.13/jackson-mapper-asl-1.9.13.jar:/home/runner/.m2/repository/com/thoughtworks/paranamer/paranamer/2.3/paranamer-2.3.jar:/home/runner/.m2/repository/org/apache/hadoop/hadoop-annotations/3.3.4/hadoop-annotations-3.3.4.jar:/usr/lib/jvm/temurin-8-jdk-amd64/jre/../lib/tools.jar:/home/runner/.m2/repository/io/netty/netty/3.10.6.Final/netty-3.10.6.Final.jar:/home/runner/.m2/repository/org/apache/hadoop/hadoop-distcp/3.3.4/hadoop-distcp-3.3.4-tests.jar:/home/runner/.m2/repository/org/slf4j/jul-to-slf4j/1.7.36/jul-to-slf4j-1.7.36.jar:"/>
    <property name="java.vm.vendor" value="Temurin"/>
    <property name="sun.arch.data.model" value="64"/>
    <property name="test.build.dir" value="/home/runner/work/ozone/ozone/hadoop-ozone/integration-test/target/test-dir"/>
    <property name="test.cache.data" value=""/>
    <property name="java.vendor.url" value="https://adoptium.net/"/>
    <property name="user.timezone" value="Etc/UTC"/>
    <property name="java.vm.specification.version" value="1.8"/>
    <property name="os.name" value="Linux"/>
    <property name="test.build.data" value="/home/runner/work/ozone/ozone/hadoop-ozone/integration-test/target/test-dir"/>
    <property name="sun.java.launcher" value="SUN_STANDARD"/>
    <property name="sun.boot.library.path" value="/usr/lib/jvm/temurin-8-jdk-amd64/jre/lib/amd64"/>
    <property name="sun.java.command" value="/home/runner/work/ozone/ozone/hadoop-ozone/integration-test/target/surefire/surefirebooter6506440955624877051.jar /home/runner/work/ozone/ozone/hadoop-ozone/integration-test/target/surefire 2023-02-22T04-26-36_694-jvmRun1 surefire2864548619426409269tmp surefire_203155193808797831050tmp"/>
    <property name="surefire.test.class.path" value="/home/runner/work/ozone/ozone/hadoop-ozone/integration-test/target/test-classes:/home/runner/work/ozone/ozone/hadoop-ozone/integration-test/target/classes:/home/runner/.m2/repository/org/apache/ozone/ozone-common/1.4.0-SNAPSHOT/ozone-common-1.4.0-SNAPSHOT.jar:/home/runner/.m2/repository/io/grpc/grpc-netty/1.51.1/grpc-netty-1.51.1.jar:/home/runner/.m2/repository/io/grpc/grpc-core/1.51.1/grpc-core-1.51.1.jar:/home/runner/.m2/repository/com/google/android/annotations/4.1.1.4/annotations-4.1.1.4.jar:/home/runner/.m2/repository/org/codehaus/mojo/animal-sniffer-annotations/1.21/animal-sniffer-annotations-1.21.jar:/home/runner/.m2/repository/com/google/errorprone/error_prone_annotations/2.2.0/error_prone_annotations-2.2.0.jar:/home/runner/.m2/repository/io/perfmark/perfmark-api/0.25.0/perfmark-api-0.25.0.jar:/home/runner/.m2/repository/io/netty/netty-codec-http2/4.1.86.Final/netty-codec-http2-4.1.86.Final.jar:/home/runner/.m2/repository/io/netty/netty-common/4.1.86.Final/netty-common-4.1.86.Final.jar:/home/runner/.m2/repository/io/netty/netty-buffer/4.1.86.Final/netty-buffer-4.1.86.Final.jar:/home/runner/.m2/repository/io/netty/netty-codec-http/4.1.86.Final/netty-codec-http-4.1.86.Final.jar:/home/runner/.m2/repository/io/netty/netty-handler-proxy/4.1.86.Final/netty-handler-proxy-4.1.86.Final.jar:/home/runner/.m2/repository/io/netty/netty-codec-socks/4.1.86.Final/netty-codec-socks-4.1.86.Final.jar:/home/runner/.m2/repository/io/netty/netty-tcnative-boringssl-static/2.0.54.Final/netty-tcnative-boringssl-static-2.0.54.Final.jar:/home/runner/.m2/repository/io/netty/netty-tcnative-classes/2.0.54.Final/netty-tcnative-classes-2.0.54.Final.jar:/home/runner/.m2/repository/io/netty/netty-tcnative-boringssl-static/2.0.54.Final/netty-tcnative-boringssl-static-2.0.54.Final-linux-x86_64.jar:/home/runner/.m2/repository/io/netty/netty-tcnative-boringssl-static/2.0.54.Final/netty-tcnative-boringssl-static-2.0.54.Final-linux-aarch_64.jar:/home/runner/.m2/repository/io/netty/netty-tcnative-boringssl-static/2.0.54.Final/netty-tcnative-boringssl-static-2.0.54.Final-osx-x86_64.jar:/home/runner/.m2/repository/io/netty/netty-tcnative-boringssl-static/2.0.54.Final/netty-tcnative-boringssl-static-2.0.54.Final-osx-aarch_64.jar:/home/runner/.m2/repository/io/netty/netty-tcnative-boringssl-static/2.0.54.Final/netty-tcnative-boringssl-static-2.0.54.Final-windows-x86_64.jar:/home/runner/.m2/repository/org/apache/commons/commons-compress/1.21/commons-compress-1.21.jar:/home/runner/.m2/repository/org/apache/ozone/hdds-common/1.4.0-SNAPSHOT/hdds-common-1.4.0-SNAPSHOT.jar:/home/runner/.m2/repository/org/apache/ozone/hdds-client/1.4.0-SNAPSHOT/hdds-client-1.4.0-SNAPSHOT.jar:/home/runner/.m2/repository/org/apache/ozone/ozone-interface-client/1.4.0-SNAPSHOT/ozone-interface-client-1.4.0-SNAPSHOT.jar:/home/runner/.m2/repository/org/apache/ozone/hdds-test-utils/1.4.0-SNAPSHOT/hdds-test-utils-1.4.0-SNAPSHOT.jar:/home/runner/.m2/repository/com/google/guava/guava/31.1-jre/guava-31.1-jre.jar:/home/runner/.m2/repository/com/google/guava/failureaccess/1.0.1/failureaccess-1.0.1.jar:/home/runner/.m2/repository/com/google/guava/listenablefuture/9999.0-empty-to-avoid-conflict-with-guava/listenablefuture-9999.0-empty-to-avoid-conflict-with-guava.jar:/home/runner/.m2/repository/com/google/code/findbugs/jsr305/3.0.0/jsr305-3.0.0.jar:/home/runner/.m2/repository/org/checkerframework/checker-qual/3.12.0/checker-qual-3.12.0.jar:/home/runner/.m2/repository/com/google/j2objc/j2objc-annotations/1.3/j2objc-annotations-1.3.jar:/home/runner/.m2/repository/commons-io/commons-io/2.11.0/commons-io-2.11.0.jar:/home/runner/.m2/repository/commons-logging/commons-logging/1.2/commons-logging-1.2.jar:/home/runner/.m2/repository/ch/qos/reload4j/reload4j/1.2.22/reload4j-1.2.22.jar:/home/runner/.m2/repository/org/slf4j/slf4j-api/1.7.36/slf4j-api-1.7.36.jar:/home/runner/.m2/repository/org/apache/ozone/hdds-server-scm/1.4.0-SNAPSHOT/hdds-server-scm-1.4.0-SNAPSHOT.jar:/home/runner/.m2/repository/org/apache/ozone/hdds-container-service/1.4.0-SNAPSHOT/hdds-container-service-1.4.0-SNAPSHOT.jar:/home/runner/.m2/repository/org/apache/ozone/hdds-hadoop-dependency-server/1.4.0-SNAPSHOT/hdds-hadoop-dependency-server-1.4.0-SNAPSHOT.jar:/home/runner/.m2/repository/org/apache/hadoop/hadoop-hdfs/3.3.4/hadoop-hdfs-3.3.4.jar:/home/runner/.m2/repository/org/eclipse/jetty/jetty-util-ajax/9.4.49.v20220914/jetty-util-ajax-9.4.49.v20220914.jar:/home/runner/.m2/repository/commons-daemon/commons-daemon/1.0.13/commons-daemon-1.0.13.jar:/home/runner/.m2/repository/org/apache/ozone/hdds-server-framework/1.4.0-SNAPSHOT/hdds-server-framework-1.4.0-SNAPSHOT.jar:/home/runner/.m2/repository/org/apache/ozone/hdds-interface-server/1.4.0-SNAPSHOT/hdds-interface-server-1.4.0-SNAPSHOT.jar:/home/runner/.m2/repository/org/apache/commons/commons-configuration2/2.1.1/commons-configuration2-2.1.1.jar:/home/runner/.m2/repository/org/apache/logging/log4j/log4j-core/2.17.1/log4j-core-2.17.1.jar:/home/runner/.m2/repository/com/lmax/disruptor/3.4.2/disruptor-3.4.2.jar:/home/runner/.m2/repository/org/eclipse/jetty/jetty-servlet/9.4.49.v20220914/jetty-servlet-9.4.49.v20220914.jar:/home/runner/.m2/repository/org/eclipse/jetty/jetty-security/9.4.49.v20220914/jetty-security-9.4.49.v20220914.jar:/home/runner/.m2/repository/org/rocksdb/rocksdbjni/7.7.3/rocksdbjni-7.7.3.jar:/home/runner/.m2/repository/io/prometheus/simpleclient_dropwizard/0.7.0/simpleclient_dropwizard-0.7.0.jar:/home/runner/.m2/repository/io/prometheus/simpleclient/0.7.0/simpleclient-0.7.0.jar:/home/runner/.m2/repository/io/prometheus/simpleclient_common/0.7.0/simpleclient_common-0.7.0.jar:/home/runner/.m2/repository/com/github/spotbugs/spotbugs-annotations/3.1.12/spotbugs-annotations-3.1.12.jar:/home/runner/.m2/repository/org/awaitility/awaitility/4.2.0/awaitility-4.2.0.jar:/home/runner/.m2/repository/org/hamcrest/hamcrest/2.1/hamcrest-2.1.jar:/home/runner/.m2/repository/io/dropwizard/metrics/metrics-core/3.2.4/metrics-core-3.2.4.jar:/home/runner/.m2/repository/org/apache/commons/commons-text/1.4/commons-text-1.4.jar:/home/runner/.m2/repository/org/apache/hadoop/hadoop-hdfs-client/3.3.4/hadoop-hdfs-client-3.3.4.jar:/home/runner/.m2/repository/com/squareup/okhttp3/okhttp/4.9.3/okhttp-4.9.3.jar:/home/runner/.m2/repository/com/squareup/okio/okio/2.8.0/okio-2.8.0.jar:/home/runner/.m2/repository/org/jetbrains/kotlin/kotlin-stdlib-common/1.6.21/kotlin-stdlib-common-1.6.21.jar:/home/runner/.m2/repository/org/bouncycastle/bcprov-jdk15on/1.67/bcprov-jdk15on-1.67.jar:/home/runner/.m2/repository/com/google/protobuf/protobuf-java/2.5.0/protobuf-java-2.5.0.jar:/home/runner/.m2/repository/org/apache/ozone/ozone-manager/1.4.0-SNAPSHOT/ozone-manager-1.4.0-SNAPSHOT.jar:/home/runner/.m2/repository/org/aspectj/aspectjrt/1.9.7/aspectjrt-1.9.7.jar:/home/runner/.m2/repository/org/aspectj/aspectjweaver/1.9.7/aspectjweaver-1.9.7.jar:/home/runner/.m2/repository/org/apache/ozone/hdds-interface-client/1.4.0-SNAPSHOT/hdds-interface-client-1.4.0-SNAPSHOT.jar:/home/runner/.m2/repository/org/apache/hadoop/thirdparty/hadoop-shaded-protobuf_3_7/1.1.1/hadoop-shaded-protobuf_3_7-1.1.1.jar:/home/runner/.m2/repository/org/apache/ratis/ratis-thirdparty-misc/1.0.3/ratis-thirdparty-misc-1.0.3.jar:/home/runner/.m2/repository/org/apache/ozone/ozone-interface-storage/1.4.0-SNAPSHOT/ozone-interface-storage-1.4.0-SNAPSHOT.jar:/home/runner/.m2/repository/org/apache/ozone/rocksdb-checkpoint-differ/1.4.0-SNAPSHOT/rocksdb-checkpoint-differ-1.4.0-SNAPSHOT.jar:/home/runner/.m2/repository/org/reflections/reflections/0.9.11/reflections-0.9.11.jar:/home/runner/.m2/repository/com/sun/jersey/jersey-client/1.19/jersey-client-1.19.jar:/home/runner/.m2/repository/org/apache/ranger/ranger-intg/2.3.0/ranger-intg-2.3.0.jar:/home/runner/.m2/repository/org/apache/ranger/ranger-plugins-common/2.3.0/ranger-plugins-common-2.3.0.jar:/home/runner/.m2/repository/commons-lang/commons-lang/2.6/commons-lang-2.6.jar:/home/runner/.m2/repository/org/apache/ranger/ranger-plugins-cred/2.3.0/ranger-plugins-cred-2.3.0.jar:/home/runner/.m2/repository/org/apache/ranger/ranger-plugins-audit/2.3.0/ranger-plugins-audit-2.3.0.jar:/home/runner/.m2/repository/org/eclipse/jetty/jetty-client/9.4.49.v20220914/jetty-client-9.4.49.v20220914.jar:/home/runner/.m2/repository/org/apache/httpcomponents/httpmime/4.5.6/httpmime-4.5.6.jar:/home/runner/.m2/repository/org/apache/httpcomponents/httpcore-nio/4.4.13/httpcore-nio-4.4.13.jar:/home/runner/.m2/repository/org/apache/httpcomponents/httpasyncclient/4.1.3/httpasyncclient-4.1.3.jar:/home/runner/.m2/repository/com/carrotsearch/hppc/0.8.0/hppc-0.8.0.jar:/home/runner/.m2/repository/org/apache/orc/orc-core/1.5.8/orc-core-1.5.8.jar:/home/runner/.m2/repository/net/java/dev/jna/jna/5.2.0/jna-5.2.0.jar:/home/runner/.m2/repository/net/java/dev/jna/jna-platform/5.2.0/jna-platform-5.2.0.jar:/home/runner/.m2/repository/com/kstruct/gethostname4j/0.0.2/gethostname4j-0.0.2.jar:/home/runner/.m2/repository/org/apache/ranger/ranger-plugin-classloader/2.3.0/ranger-plugin-classloader-2.3.0.jar:/home/runner/.m2/repository/org/apache/hadoop/hadoop-minikdc/3.3.4/hadoop-minikdc-3.3.4.jar:/home/runner/.m2/repository/org/apache/kerby/kerb-simplekdc/1.0.1/kerb-simplekdc-1.0.1.jar:/home/runner/.m2/repository/org/apache/kerby/kerb-client/1.0.1/kerb-client-1.0.1.jar:/home/runner/.m2/repository/org/apache/kerby/kerby-config/1.0.1/kerby-config-1.0.1.jar:/home/runner/.m2/repository/org/apache/kerby/kerb-common/1.0.1/kerb-common-1.0.1.jar:/home/runner/.m2/repository/org/apache/kerby/kerb-crypto/1.0.1/kerb-crypto-1.0.1.jar:/home/runner/.m2/repository/org/apache/kerby/kerb-util/1.0.1/kerb-util-1.0.1.jar:/home/runner/.m2/repository/org/apache/kerby/token-provider/1.0.1/token-provider-1.0.1.jar:/home/runner/.m2/repository/org/apache/kerby/kerb-admin/1.0.1/kerb-admin-1.0.1.jar:/home/runner/.m2/repository/org/apache/kerby/kerb-server/1.0.1/kerb-server-1.0.1.jar:/home/runner/.m2/repository/org/apache/kerby/kerb-identity/1.0.1/kerb-identity-1.0.1.jar:/home/runner/.m2/repository/org/apache/kerby/kerby-xdr/1.0.1/kerby-xdr-1.0.1.jar:/home/runner/.m2/repository/org/apache/ozone/ozone-s3gateway/1.4.0-SNAPSHOT/ozone-s3gateway-1.4.0-SNAPSHOT.jar:/home/runner/.m2/repository/org/javassist/javassist/3.21.0-GA/javassist-3.21.0-GA.jar:/home/runner/.m2/repository/org/jboss/weld/servlet/weld-servlet/2.4.7.Final/weld-servlet-2.4.7.Final.jar:/home/runner/.m2/repository/org/glassfish/jersey/containers/jersey-container-servlet-core/2.34/jersey-container-servlet-core-2.34.jar:/home/runner/.m2/repository/org/glassfish/hk2/external/jakarta.inject/2.6.1/jakarta.inject-2.6.1.jar:/home/runner/.m2/repository/org/glassfish/jersey/core/jersey-common/2.34/jersey-common-2.34.jar:/home/runner/.m2/repository/jakarta/ws/rs/jakarta.ws.rs-api/2.1.6/jakarta.ws.rs-api-2.1.6.jar:/home/runner/.m2/repository/org/glassfish/jersey/ext/cdi/jersey-cdi1x/2.34/jersey-cdi1x-2.34.jar:/home/runner/.m2/repository/org/glassfish/jersey/inject/jersey-hk2/2.34/jersey-hk2-2.34.jar:/home/runner/.m2/repository/org/glassfish/hk2/hk2-locator/2.6.1/hk2-locator-2.6.1.jar:/home/runner/.m2/repository/org/glassfish/jersey/media/jersey-media-jaxb/2.34/jersey-media-jaxb-2.34.jar:/home/runner/.m2/repository/org/glassfish/hk2/osgi-resource-locator/1.0.3/osgi-resource-locator-1.0.3.jar:/home/runner/.m2/repository/org/glassfish/hk2/hk2-api/2.5.0/hk2-api-2.5.0.jar:/home/runner/.m2/repository/org/glassfish/hk2/hk2-utils/2.5.0/hk2-utils-2.5.0.jar:/home/runner/.m2/repository/org/glassfish/hk2/external/aopalliance-repackaged/2.5.0/aopalliance-repackaged-2.5.0.jar:/home/runner/.m2/repository/com/fasterxml/jackson/dataformat/jackson-dataformat-xml/2.13.4/jackson-dataformat-xml-2.13.4.jar:/home/runner/.m2/repository/com/fasterxml/jackson/core/jackson-core/2.13.4/jackson-core-2.13.4.jar:/home/runner/.m2/repository/org/codehaus/woodstox/stax2-api/4.2.1/stax2-api-4.2.1.jar:/home/runner/.m2/repository/com/fasterxml/woodstox/woodstox-core/5.4.0/woodstox-core-5.4.0.jar:/home/runner/.m2/repository/com/fasterxml/jackson/module/jackson-module-jaxb-annotations/2.13.4/jackson-module-jaxb-annotations-2.13.4.jar:/home/runner/.m2/repository/jakarta/xml/bind/jakarta.xml.bind-api/2.3.3/jakarta.xml.bind-api-2.3.3.jar:/home/runner/.m2/repository/jakarta/activation/jakarta.activation-api/1.2.2/jakarta.activation-api-1.2.2.jar:/home/runner/.m2/repository/javax/enterprise/cdi-api/1.2/cdi-api-1.2.jar:/home/runner/.m2/repository/javax/el/javax.el-api/3.0.0/javax.el-api-3.0.0.jar:/home/runner/.m2/repository/javax/interceptor/javax.interceptor-api/1.2/javax.interceptor-api-1.2.jar:/home/runner/.m2/repository/javax/inject/javax.inject/1/javax.inject-1.jar:/home/runner/.m2/repository/javax/xml/bind/jaxb-api/2.3.0/jaxb-api-2.3.0.jar:/home/runner/.m2/repository/org/glassfish/jaxb/jaxb-runtime/2.3.0.1/jaxb-runtime-2.3.0.1.jar:/home/runner/.m2/repository/org/glassfish/jaxb/jaxb-core/2.3.0.1/jaxb-core-2.3.0.1.jar:/home/runner/.m2/repository/org/glassfish/jaxb/txw2/2.3.0.1/txw2-2.3.0.1.jar:/home/runner/.m2/repository/com/sun/istack/istack-commons-runtime/3.0.5/istack-commons-runtime-3.0.5.jar:/home/runner/.m2/repository/org/jvnet/staxex/stax-ex/1.7.8/stax-ex-1.7.8.jar:/home/runner/.m2/repository/com/sun/xml/fastinfoset/FastInfoset/1.2.13/FastInfoset-1.2.13.jar:/home/runner/.m2/repository/javax/activation/activation/1.1.1/activation-1.1.1.jar:/home/runner/.m2/repository/io/grpc/grpc-protobuf/1.51.1/grpc-protobuf-1.51.1.jar:/home/runner/.m2/repository/io/grpc/grpc-api/1.51.1/grpc-api-1.51.1.jar:/home/runner/.m2/repository/io/grpc/grpc-context/1.51.1/grpc-context-1.51.1.jar:/home/runner/.m2/repository/com/google/api/grpc/proto-google-common-protos/2.9.0/proto-google-common-protos-2.9.0.jar:/home/runner/.m2/repository/io/grpc/grpc-protobuf-lite/1.51.1/grpc-protobuf-lite-1.51.1.jar:/home/runner/.m2/repository/io/grpc/grpc-stub/1.51.1/grpc-stub-1.51.1.jar:/home/runner/.m2/repository/io/netty/netty-transport/4.1.86.Final/netty-transport-4.1.86.Final.jar:/home/runner/.m2/repository/io/netty/netty-resolver/4.1.86.Final/netty-resolver-4.1.86.Final.jar:/home/runner/.m2/repository/org/apache/ozone/ozone-csi/1.4.0-SNAPSHOT/ozone-csi-1.4.0-SNAPSHOT.jar:/home/runner/.m2/repository/com/google/protobuf/protobuf-java-util/3.19.6/protobuf-java-util-3.19.6.jar:/home/runner/.m2/repository/com/google/code/gson/gson/2.9.0/gson-2.9.0.jar:/home/runner/.m2/repository/org/apache/ozone/hdds-config/1.4.0-SNAPSHOT/hdds-config-1.4.0-SNAPSHOT.jar:/home/runner/.m2/repository/io/netty/netty-transport-native-epoll/4.1.86.Final/netty-transport-native-epoll-4.1.86.Final-linux-x86_64.jar:/home/runner/.m2/repository/io/netty/netty-transport-classes-epoll/4.1.86.Final/netty-transport-classes-epoll-4.1.86.Final.jar:/home/runner/.m2/repository/io/netty/netty-transport-native-unix-common/4.1.86.Final/netty-transport-native-unix-common-4.1.86.Final.jar:/home/runner/.m2/repository/org/slf4j/slf4j-reload4j/1.7.36/slf4j-reload4j-1.7.36.jar:/home/runner/.m2/repository/org/apache/ozone/ozone-recon/1.4.0-SNAPSHOT/ozone-recon-1.4.0-SNAPSHOT.jar:/home/runner/.m2/repository/org/apache/ozone/ozone-reconcodegen/1.4.0-SNAPSHOT/ozone-reconcodegen-1.4.0-SNAPSHOT.jar:/home/runner/.m2/repository/com/google/inject/extensions/guice-multibindings/4.0/guice-multibindings-4.0.jar:/home/runner/.m2/repository/com/google/inject/guice/4.0/guice-4.0.jar:/home/runner/.m2/repository/aopalliance/aopalliance/1.0/aopalliance-1.0.jar:/home/runner/.m2/repository/com/google/inject/extensions/guice-assistedinject/4.0/guice-assistedinject-4.0.jar:/home/runner/.m2/repository/com/google/inject/extensions/guice-servlet/4.0/guice-servlet-4.0.jar:/home/runner/.m2/repository/org/glassfish/jersey/containers/jersey-container-servlet/2.34/jersey-container-servlet-2.34.jar:/home/runner/.m2/repository/org/glassfish/hk2/guice-bridge/2.5.0/guice-bridge-2.5.0.jar:/home/runner/.m2/repository/org/glassfish/jersey/core/jersey-server/2.34/jersey-server-2.34.jar:/home/runner/.m2/repository/org/glassfish/jersey/core/jersey-client/2.34/jersey-client-2.34.jar:/home/runner/.m2/repository/jakarta/annotation/jakarta.annotation-api/1.3.5/jakarta.annotation-api-1.3.5.jar:/home/runner/.m2/repository/jakarta/validation/jakarta.validation-api/2.0.2/jakarta.validation-api-2.0.2.jar:/home/runner/.m2/repository/org/glassfish/jersey/media/jersey-media-json-jackson/2.34/jersey-media-json-jackson-2.34.jar:/home/runner/.m2/repository/org/glassfish/jersey/ext/jersey-entity-filtering/2.34/jersey-entity-filtering-2.34.jar:/home/runner/.m2/repository/org/jooq/jooq/3.11.10/jooq-3.11.10.jar:/home/runner/.m2/repository/org/jooq/jooq-meta/3.11.10/jooq-meta-3.11.10.jar:/home/runner/.m2/repository/org/jooq/jooq-codegen/3.11.10/jooq-codegen-3.11.10.jar:/home/runner/.m2/repository/com/jolbox/bonecp/0.8.0.RELEASE/bonecp-0.8.0.RELEASE.jar:/home/runner/.m2/repository/org/apache/derby/derby/10.14.2.0/derby-10.14.2.0.jar:/home/runner/.m2/repository/org/xerial/sqlite-jdbc/3.25.2/sqlite-jdbc-3.25.2.jar:/home/runner/.m2/repository/org/springframework/spring-jdbc/5.3.23/spring-jdbc-5.3.23.jar:/home/runner/.m2/repository/org/springframework/spring-beans/5.3.23/spring-beans-5.3.23.jar:/home/runner/.m2/repository/org/springframework/spring-core/5.3.23/spring-core-5.3.23.jar:/home/runner/.m2/repository/org/springframework/spring-jcl/5.3.23/spring-jcl-5.3.23.jar:/home/runner/.m2/repository/org/springframework/spring-tx/5.3.23/spring-tx-5.3.23.jar:/home/runner/.m2/repository/org/apache/ozone/ozone-client/1.4.0-SNAPSHOT/ozone-client-1.4.0-SNAPSHOT.jar:/home/runner/.m2/repository/org/apache/ozone/hdds-erasurecode/1.4.0-SNAPSHOT/hdds-erasurecode-1.4.0-SNAPSHOT.jar:/home/runner/.m2/repository/org/apache/ozone/ozone-filesystem/1.4.0-SNAPSHOT/ozone-filesystem-1.4.0-SNAPSHOT.jar:/home/runner/.m2/repository/org/apache/ozone/ozone-filesystem-common/1.4.0-SNAPSHOT/ozone-filesystem-common-1.4.0-SNAPSHOT.jar:/home/runner/.m2/repository/org/apache/ozone/ozone-tools/1.4.0-SNAPSHOT/ozone-tools-1.4.0-SNAPSHOT.jar:/home/runner/.m2/repository/com/amazonaws/aws-java-sdk-core/1.12.261/aws-java-sdk-core-1.12.261.jar:/home/runner/.m2/repository/org/apache/httpcomponents/httpclient/4.5.13/httpclient-4.5.13.jar:/home/runner/.m2/repository/org/apache/httpcomponents/httpcore/4.4.13/httpcore-4.4.13.jar:/home/runner/.m2/repository/software/amazon/ion/ion-java/1.0.2/ion-java-1.0.2.jar:/home/runner/.m2/repository/com/fasterxml/jackson/dataformat/jackson-dataformat-cbor/2.13.4/jackson-dataformat-cbor-2.13.4.jar:/home/runner/.m2/repository/joda-time/joda-time/2.10.6/joda-time-2.10.6.jar:/home/runner/.m2/repository/com/amazonaws/aws-java-sdk-s3/1.12.261/aws-java-sdk-s3-1.12.261.jar:/home/runner/.m2/repository/com/amazonaws/aws-java-sdk-kms/1.12.261/aws-java-sdk-kms-1.12.261.jar:/home/runner/.m2/repository/com/amazonaws/jmespath-java/1.12.261/jmespath-java-1.12.261.jar:/home/runner/.m2/repository/org/kohsuke/metainf-services/metainf-services/1.8/metainf-services-1.8.jar:/home/runner/.m2/repository/org/apache/ozone/hdds-tools/1.4.0-SNAPSHOT/hdds-tools-1.4.0-SNAPSHOT.jar:/home/runner/.m2/repository/org/apache/ratis/ratis-tools/2.4.2-8b8bdda-SNAPSHOT/ratis-tools-2.4.2-8b8bdda-SNAPSHOT.jar:/home/runner/.m2/repository/org/apache/ratis/ratis-proto/2.4.2-8b8bdda-SNAPSHOT/ratis-proto-2.4.2-8b8bdda-SNAPSHOT.jar:/home/runner/.m2/repository/org/apache/ratis/ratis-common/2.4.2-8b8bdda-SNAPSHOT/ratis-common-2.4.2-8b8bdda-SNAPSHOT.jar:/home/runner/.m2/repository/commons-cli/commons-cli/1.2/commons-cli-1.2.jar:/home/runner/.m2/repository/org/apache/commons/commons-lang3/3.7/commons-lang3-3.7.jar:/home/runner/.m2/repository/org/apache/ozone/ozone-manager/1.4.0-SNAPSHOT/ozone-manager-1.4.0-SNAPSHOT-tests.jar:/home/runner/.m2/repository/org/apache/ozone/hdds-common/1.4.0-SNAPSHOT/hdds-common-1.4.0-SNAPSHOT-tests.jar:/home/runner/.m2/repository/org/apache/ozone/hdds-hadoop-dependency-client/1.4.0-SNAPSHOT/hdds-hadoop-dependency-client-1.4.0-SNAPSHOT.jar:/home/runner/.m2/repository/info/picocli/picocli/4.6.1/picocli-4.6.1.jar:/home/runner/.m2/repository/com/fasterxml/jackson/core/jackson-annotations/2.13.4/jackson-annotations-2.13.4.jar:/home/runner/.m2/repository/com/fasterxml/jackson/datatype/jackson-datatype-jsr310/2.13.4/jackson-datatype-jsr310-2.13.4.jar:/home/runner/.m2/repository/org/apache/ozone/hdds-annotation-processing/1.4.0-SNAPSHOT/hdds-annotation-processing-1.4.0-SNAPSHOT.jar:/home/runner/.m2/repository/javax/annotation/javax.annotation-api/1.2/javax.annotation-api-1.2.jar:/home/runner/.m2/repository/org/apache/ratis/ratis-server/2.4.2-8b8bdda-SNAPSHOT/ratis-server-2.4.2-8b8bdda-SNAPSHOT.jar:/home/runner/.m2/repository/org/apache/ratis/ratis-client/2.4.2-8b8bdda-SNAPSHOT/ratis-client-2.4.2-8b8bdda-SNAPSHOT.jar:/home/runner/.m2/repository/org/apache/ratis/ratis-server-api/2.4.2-8b8bdda-SNAPSHOT/ratis-server-api-2.4.2-8b8bdda-SNAPSHOT.jar:/home/runner/.m2/repository/org/apache/ratis/ratis-metrics/2.4.2-8b8bdda-SNAPSHOT/ratis-metrics-2.4.2-8b8bdda-SNAPSHOT.jar:/home/runner/.m2/repository/org/apache/ratis/ratis-netty/2.4.2-8b8bdda-SNAPSHOT/ratis-netty-2.4.2-8b8bdda-SNAPSHOT.jar:/home/runner/.m2/repository/org/apache/ratis/ratis-grpc/2.4.2-8b8bdda-SNAPSHOT/ratis-grpc-2.4.2-8b8bdda-SNAPSHOT.jar:/home/runner/.m2/repository/org/apache/logging/log4j/log4j-api/2.17.1/log4j-api-2.17.1.jar:/home/runner/.m2/repository/org/apache/commons/commons-pool2/2.6.0/commons-pool2-2.6.0.jar:/home/runner/.m2/repository/org/bouncycastle/bcpkix-jdk15on/1.67/bcpkix-jdk15on-1.67.jar:/home/runner/.m2/repository/commons-validator/commons-validator/1.6/commons-validator-1.6.jar:/home/runner/.m2/repository/commons-beanutils/commons-beanutils/1.9.4/commons-beanutils-1.9.4.jar:/home/runner/.m2/repository/commons-digester/commons-digester/1.8.1/commons-digester-1.8.1.jar:/home/runner/.m2/repository/commons-collections/commons-collections/3.2.2/commons-collections-3.2.2.jar:/home/runner/.m2/repository/io/jaegertracing/jaeger-client/1.6.0/jaeger-client-1.6.0.jar:/home/runner/.m2/repository/io/jaegertracing/jaeger-thrift/1.6.0/jaeger-thrift-1.6.0.jar:/home/runner/.m2/repository/org/apache/thrift/libthrift/0.14.1/libthrift-0.14.1.jar:/home/runner/.m2/repository/io/jaegertracing/jaeger-core/1.6.0/jaeger-core-1.6.0.jar:/home/runner/.m2/repository/io/jaegertracing/jaeger-tracerresolver/1.6.0/jaeger-tracerresolver-1.6.0.jar:/home/runner/.m2/repository/io/opentracing/contrib/opentracing-tracerresolver/0.1.8/opentracing-tracerresolver-0.1.8.jar:/home/runner/.m2/repository/org/jetbrains/kotlin/kotlin-stdlib/1.6.21/kotlin-stdlib-1.6.21.jar:/home/runner/.m2/repository/org/jetbrains/annotations/13.0/annotations-13.0.jar:/home/runner/.m2/repository/io/opentracing/opentracing-util/0.33.0/opentracing-util-0.33.0.jar:/home/runner/.m2/repository/io/opentracing/opentracing-api/0.33.0/opentracing-api-0.33.0.jar:/home/runner/.m2/repository/io/opentracing/opentracing-noop/0.33.0/opentracing-noop-0.33.0.jar:/home/runner/.m2/repository/org/yaml/snakeyaml/1.33/snakeyaml-1.33.jar:/home/runner/.m2/repository/org/apache/ozone/hdds-interface-admin/1.4.0-SNAPSHOT/hdds-interface-admin-1.4.0-SNAPSHOT.jar:/home/runner/.m2/repository/junit/junit/4.13.1/junit-4.13.1.jar:/home/runner/.m2/repository/org/hamcrest/hamcrest-core/1.3/hamcrest-core-1.3.jar:/home/runner/.m2/repository/org/junit/jupiter/junit-jupiter-api/5.8.2/junit-jupiter-api-5.8.2.jar:/home/runner/.m2/repository/org/opentest4j/opentest4j/1.2.0/opentest4j-1.2.0.jar:/home/runner/.m2/repository/org/junit/platform/junit-platform-commons/1.8.2/junit-platform-commons-1.8.2.jar:/home/runner/.m2/repository/org/apiguardian/apiguardian-api/1.1.2/apiguardian-api-1.1.2.jar:/home/runner/.m2/repository/org/junit/jupiter/junit-jupiter-params/5.8.2/junit-jupiter-params-5.8.2.jar:/home/runner/.m2/repository/org/junit/jupiter/junit-jupiter-migrationsupport/5.8.2/junit-jupiter-migrationsupport-5.8.2.jar:/home/runner/.m2/repository/org/junit/jupiter/junit-jupiter-engine/5.8.2/junit-jupiter-engine-5.8.2.jar:/home/runner/.m2/repository/org/junit/platform/junit-platform-engine/1.8.2/junit-platform-engine-1.8.2.jar:/home/runner/.m2/repository/org/junit/vintage/junit-vintage-engine/5.8.2/junit-vintage-engine-5.8.2.jar:/home/runner/.m2/repository/org/junit/platform/junit-platform-launcher/1.8.2/junit-platform-launcher-1.8.2.jar:/home/runner/.m2/repository/org/mockito/mockito-core/2.28.2/mockito-core-2.28.2.jar:/home/runner/.m2/repository/net/bytebuddy/byte-buddy/1.9.10/byte-buddy-1.9.10.jar:/home/runner/.m2/repository/net/bytebuddy/byte-buddy-agent/1.9.10/byte-buddy-agent-1.9.10.jar:/home/runner/.m2/repository/org/objenesis/objenesis/1.0/objenesis-1.0.jar:/home/runner/.m2/repository/org/apache/hadoop/hadoop-kms/3.3.4/hadoop-kms-3.3.4.jar:/home/runner/.m2/repository/org/apache/hadoop/hadoop-auth/3.3.4/hadoop-auth-3.3.4.jar:/home/runner/.m2/repository/com/nimbusds/nimbus-jose-jwt/9.8.1/nimbus-jose-jwt-9.8.1.jar:/home/runner/.m2/repository/com/github/stephenc/jcip/jcip-annotations/1.0-1/jcip-annotations-1.0-1.jar:/home/runner/.m2/repository/net/minidev/json-smart/2.4.7/json-smart-2.4.7.jar:/home/runner/.m2/repository/net/minidev/accessors-smart/2.4.7/accessors-smart-2.4.7.jar:/home/runner/.m2/repository/org/ow2/asm/asm/5.0.4/asm-5.0.4.jar:/home/runner/.m2/repository/org/apache/zookeeper/zookeeper/3.5.6/zookeeper-3.5.6.jar:/home/runner/.m2/repository/org/apache/zookeeper/zookeeper-jute/3.5.6/zookeeper-jute-3.5.6.jar:/home/runner/.m2/repository/org/apache/yetus/audience-annotations/0.5.0/audience-annotations-0.5.0.jar:/home/runner/.m2/repository/org/apache/curator/curator-framework/4.2.0/curator-framework-4.2.0.jar:/home/runner/.m2/repository/org/apache/hadoop/thirdparty/hadoop-shaded-guava/1.1.1/hadoop-shaded-guava-1.1.1.jar:/home/runner/.m2/repository/com/sun/jersey/jersey-core/1.19/jersey-core-1.19.jar:/home/runner/.m2/repository/javax/ws/rs/jsr311-api/1.1.1/jsr311-api-1.1.1.jar:/home/runner/.m2/repository/com/sun/jersey/jersey-server/1.19/jersey-server-1.19.jar:/home/runner/.m2/repository/javax/servlet/javax.servlet-api/3.1.0/javax.servlet-api-3.1.0.jar:/home/runner/.m2/repository/org/eclipse/jetty/jetty-server/9.4.49.v20220914/jetty-server-9.4.49.v20220914.jar:/home/runner/.m2/repository/org/eclipse/jetty/jetty-http/9.4.49.v20220914/jetty-http-9.4.49.v20220914.jar:/home/runner/.m2/repository/org/eclipse/jetty/jetty-io/9.4.49.v20220914/jetty-io-9.4.49.v20220914.jar:/home/runner/.m2/repository/org/eclipse/jetty/jetty-webapp/9.4.49.v20220914/jetty-webapp-9.4.49.v20220914.jar:/home/runner/.m2/repository/org/eclipse/jetty/jetty-xml/9.4.49.v20220914/jetty-xml-9.4.49.v20220914.jar:/home/runner/.m2/repository/org/apache/hadoop/hadoop-common/3.3.4/hadoop-common-3.3.4.jar:/home/runner/.m2/repository/org/apache/commons/commons-math3/3.1.1/commons-math3-3.1.1.jar:/home/runner/.m2/repository/commons-net/commons-net/3.9.0/commons-net-3.9.0.jar:/home/runner/.m2/repository/com/sun/jersey/jersey-servlet/1.19/jersey-servlet-1.19.jar:/home/runner/.m2/repository/com/sun/jersey/jersey-json/1.19/jersey-json-1.19.jar:/home/runner/.m2/repository/org/codehaus/jettison/jettison/1.1/jettison-1.1.jar:/home/runner/.m2/repository/com/sun/xml/bind/jaxb-impl/2.2.3-1/jaxb-impl-2.2.3-1.jar:/home/runner/.m2/repository/org/codehaus/jackson/jackson-jaxrs/1.9.2/jackson-jaxrs-1.9.2.jar:/home/runner/.m2/repository/org/codehaus/jackson/jackson-xc/1.9.2/jackson-xc-1.9.2.jar:/home/runner/.m2/repository/com/google/re2j/re2j/1.1/re2j-1.1.jar:/home/runner/.m2/repository/com/jcraft/jsch/0.1.54/jsch-0.1.54.jar:/home/runner/.m2/repository/org/apache/curator/curator-client/4.2.0/curator-client-4.2.0.jar:/home/runner/.m2/repository/org/apache/curator/curator-recipes/4.2.0/curator-recipes-4.2.0.jar:/home/runner/.m2/repository/org/apache/kerby/kerb-core/1.0.1/kerb-core-1.0.1.jar:/home/runner/.m2/repository/org/apache/kerby/kerby-pkix/1.0.1/kerby-pkix-1.0.1.jar:/home/runner/.m2/repository/org/apache/kerby/kerby-asn1/1.0.1/kerby-asn1-1.0.1.jar:/home/runner/.m2/repository/org/apache/kerby/kerby-util/1.0.1/kerby-util-1.0.1.jar:/home/runner/.m2/repository/dnsjava/dnsjava/2.1.7/dnsjava-2.1.7.jar:/home/runner/.m2/repository/org/xerial/snappy/snappy-java/1.1.8.2/snappy-java-1.1.8.2.jar:/home/runner/.m2/repository/org/eclipse/jetty/jetty-util/9.4.49.v20220914/jetty-util-9.4.49.v20220914.jar:/home/runner/.m2/repository/com/fasterxml/jackson/core/jackson-databind/2.13.4.2/jackson-databind-2.13.4.2.jar:/home/runner/.m2/repository/org/apache/hadoop/hadoop-kms/3.3.4/hadoop-kms-3.3.4-tests.jar:/home/runner/.m2/repository/org/apache/ozone/hdds-server-scm/1.4.0-SNAPSHOT/hdds-server-scm-1.4.0-SNAPSHOT-tests.jar:/home/runner/.m2/repository/org/apache/ozone/hdds-container-service/1.4.0-SNAPSHOT/hdds-container-service-1.4.0-SNAPSHOT-tests.jar:/home/runner/.m2/repository/com/github/luben/zstd-jni/1.5.2-5/zstd-jni-1.5.2-5.jar:/home/runner/.m2/repository/commons-codec/commons-codec/1.15/commons-codec-1.15.jar:/home/runner/.m2/repository/io/netty/netty-codec/4.1.86.Final/netty-codec-4.1.86.Final.jar:/home/runner/.m2/repository/io/netty/netty-handler/4.1.86.Final/netty-handler-4.1.86.Final.jar:/home/runner/.m2/repository/org/apache/ozone/hdds-hadoop-dependency-test/1.4.0-SNAPSHOT/hdds-hadoop-dependency-test-1.4.0-SNAPSHOT.jar:/home/runner/.m2/repository/org/apache/hadoop/hadoop-common/3.3.4/hadoop-common-3.3.4-tests.jar:/home/runner/.m2/repository/org/apache/hadoop/hadoop-hdfs/3.3.4/hadoop-hdfs-3.3.4-tests.jar:/home/runner/.m2/repository/org/assertj/assertj-core/3.12.2/assertj-core-3.12.2.jar:/home/runner/.m2/repository/org/apache/hadoop/hadoop-distcp/3.3.4/hadoop-distcp-3.3.4.jar:/home/runner/.m2/repository/org/apache/hadoop/hadoop-mapreduce-client-jobclient/3.3.4/hadoop-mapreduce-client-jobclient-3.3.4.jar:/home/runner/.m2/repository/org/apache/hadoop/hadoop-mapreduce-client-common/3.3.4/hadoop-mapreduce-client-common-3.3.4.jar:/home/runner/.m2/repository/org/apache/hadoop/hadoop-yarn-common/3.3.4/hadoop-yarn-common-3.3.4.jar:/home/runner/.m2/repository/org/apache/hadoop/hadoop-yarn-api/3.3.4/hadoop-yarn-api-3.3.4.jar:/home/runner/.m2/repository/com/sun/jersey/contribs/jersey-guice/1.19/jersey-guice-1.19.jar:/home/runner/.m2/repository/com/fasterxml/jackson/jaxrs/jackson-jaxrs-json-provider/2.13.4/jackson-jaxrs-json-provider-2.13.4.jar:/home/runner/.m2/repository/com/fasterxml/jackson/jaxrs/jackson-jaxrs-base/2.13.4/jackson-jaxrs-base-2.13.4.jar:/home/runner/.m2/repository/org/apache/hadoop/hadoop-yarn-client/3.3.4/hadoop-yarn-client-3.3.4.jar:/home/runner/.m2/repository/org/eclipse/jetty/websocket/websocket-client/9.4.43.v20210629/websocket-client-9.4.43.v20210629.jar:/home/runner/.m2/repository/org/eclipse/jetty/websocket/websocket-common/9.4.43.v20210629/websocket-common-9.4.43.v20210629.jar:/home/runner/.m2/repository/org/eclipse/jetty/websocket/websocket-api/9.4.43.v20210629/websocket-api-9.4.43.v20210629.jar:/home/runner/.m2/repository/org/jline/jline/3.9.0/jline-3.9.0.jar:/home/runner/.m2/repository/org/apache/hadoop/hadoop-mapreduce-client-core/3.3.4/hadoop-mapreduce-client-core-3.3.4.jar:/home/runner/.m2/repository/org/apache/avro/avro/1.7.7/avro-1.7.7.jar:/home/runner/.m2/repository/org/codehaus/jackson/jackson-core-asl/1.9.13/jackson-core-asl-1.9.13.jar:/home/runner/.m2/repository/org/codehaus/jackson/jackson-mapper-asl/1.9.13/jackson-mapper-asl-1.9.13.jar:/home/runner/.m2/repository/com/thoughtworks/paranamer/paranamer/2.3/paranamer-2.3.jar:/home/runner/.m2/repository/org/apache/hadoop/hadoop-annotations/3.3.4/hadoop-annotations-3.3.4.jar:/usr/lib/jvm/temurin-8-jdk-amd64/jre/../lib/tools.jar:/home/runner/.m2/repository/io/netty/netty/3.10.6.Final/netty-3.10.6.Final.jar:/home/runner/.m2/repository/org/apache/hadoop/hadoop-distcp/3.3.4/hadoop-distcp-3.3.4-tests.jar:/home/runner/.m2/repository/org/slf4j/jul-to-slf4j/1.7.36/jul-to-slf4j-1.7.36.jar:"/>
    <property name="sun.cpu.endian" value="little"/>
    <property name="user.home" value="/home/runner"/>
    <property name="user.language" value="en"/>
    <property name="java.specification.vendor" value="Oracle Corporation"/>
    <property name="java.home" value="/usr/lib/jvm/temurin-8-jdk-amd64/jre"/>
    <property name="java.security.krb5.conf" value="/home/runner/work/ozone/ozone/hadoop-ozone/integration-test/target/test-classes/krb5.conf"/>
    <property name="basedir" value="/home/runner/work/ozone/ozone/hadoop-ozone/integration-test"/>
    <property name="file.separator" value="/"/>
    <property name="line.separator" value="&#10;"/>
    <property name="java.vm.specification.vendor" value="Oracle Corporation"/>
    <property name="java.specification.name" value="Java Platform API Specification"/>
    <property name="java.awt.graphicsenv" value="sun.awt.X11GraphicsEnvironment"/>
    <property name="skip.installnpx" value="true"/>
    <property name="surefire.real.class.path" value="/home/runner/work/ozone/ozone/hadoop-ozone/integration-test/target/surefire/surefirebooter6506440955624877051.jar:/home/runner/.m2/repository/org/jacoco/org.jacoco.agent/0.8.5/org.jacoco.agent-0.8.5-runtime.jar"/>
    <property name="hadoop.log.dir" value="/home/runner/work/ozone/ozone/hadoop-ozone/integration-test/target/log"/>
    <property name="sun.boot.class.path" value="/usr/lib/jvm/temurin-8-jdk-amd64/jre/lib/resources.jar:/usr/lib/jvm/temurin-8-jdk-amd64/jre/lib/rt.jar:/usr/lib/jvm/temurin-8-jdk-amd64/jre/lib/sunrsasign.jar:/usr/lib/jvm/temurin-8-jdk-amd64/jre/lib/jsse.jar:/usr/lib/jvm/temurin-8-jdk-amd64/jre/lib/jce.jar:/usr/lib/jvm/temurin-8-jdk-amd64/jre/lib/charsets.jar:/usr/lib/jvm/temurin-8-jdk-amd64/jre/lib/jfr.jar:/usr/lib/jvm/temurin-8-jdk-amd64/jre/classes"/>
    <property name="sun.management.compiler" value="HotSpot 64-Bit Tiered Compilers"/>
    <property name="skip.npx" value="true"/>
    <property name="java.runtime.version" value="1.8.0_362-b09"/>
    <property name="java.net.preferIPv4Stack" value="true"/>
    <property name="user.name" value="runner"/>
    <property name="path.separator" value=":"/>
    <property name="java.security.egd" value="file:///dev/urandom"/>
    <property name="os.version" value="5.15.0-1033-azure"/>
    <property name="java.endorsed.dirs" value="/usr/lib/jvm/temurin-8-jdk-amd64/jre/lib/endorsed"/>
    <property name="java.runtime.name" value="OpenJDK Runtime Environment"/>
    <property name="file.encoding" value="UTF-8"/>
    <property name="java.vm.name" value="OpenJDK 64-Bit Server VM"/>
    <property name="test.build.webapps" value=""/>
    <property name="localRepository" value="/home/runner/.m2/repository"/>
    <property name="jetty.git.hash" value="4231a3b2e4cb8548a412a789936d640a97b1aa0a"/>
    <property name="java.vendor.url.bug" value="https://github.com/adoptium/adoptium-support/issues"/>
    <property name="java.io.tmpdir" value="/tmp"/>
    <property name="require.test.libhadoop" value=""/>
    <property name="java.version" value="1.8.0_362"/>
    <property name="user.dir" value="/home/runner/work/ozone/ozone/hadoop-ozone/integration-test"/>
    <property name="os.arch" value="amd64"/>
    <property name="java.vm.specification.name" value="Java Virtual Machine Specification"/>
    <property name="test.build.classes" value="/home/runner/work/ozone/ozone/hadoop-ozone/integration-test/target/test-classes"/>
    <property name="java.awt.printerjob" value="sun.print.PSPrinterJob"/>
    <property name="sun.os.patch.level" value="unknown"/>
    <property name="org.apache.ratis.thirdparty.io.netty.allocator.useCacheForAllThreads" value="false"/>
    <property name="hadoop.tmp.dir" value="/home/runner/work/ozone/ozone/hadoop-ozone/integration-test/target/tmp"/>
    <property name="java.library.path" value="/usr/java/packages/lib/amd64:/usr/lib64:/lib64:/lib:/usr/lib"/>
    <property name="java.vm.info" value="mixed mode"/>
    <property name="java.vendor" value="Temurin"/>
    <property name="java.vm.version" value="25.362-b09"/>
    <property name="java.specification.maintenance.version" value="4"/>
    <property name="java.ext.dirs" value="/usr/lib/jvm/temurin-8-jdk-amd64/jre/lib/ext:/usr/java/packages/lib/ext"/>
    <property name="sun.io.unicode.encoding" value="UnicodeLittle"/>
    <property name="java.class.version" value="52.0"/>
  </properties>
  <testcase name="testNonExistentBucket" classname="TestOmSnapshot" time="23.182">
    <system-out><![CDATA[2023-02-22 04:44:42,993 [main] WARN  server.ServerUtils (ServerUtils.java:getScmDbDir(148)) - ozone.scm.db.dirs is not configured. We recommend adding this setting. Falling back to ozone.metadata.dirs instead.
2023-02-22 04:44:43,066 [main] WARN  server.ServerUtils (ServerUtils.java:getScmDbDir(148)) - ozone.scm.db.dirs is not configured. We recommend adding this setting. Falling back to ozone.metadata.dirs instead.
2023-02-22 04:44:43,073 [main] INFO  ha.SCMHANodeDetails (SCMHANodeDetails.java:loadSCMHAConfig(209)) - ServiceID for StorageContainerManager is null
2023-02-22 04:44:43,084 [main] WARN  ha.SCMHANodeDetails (SCMHANodeDetails.java:validateSCMHAConfig(182)) - Invalid config ozone.scm.ratis.enable. The config was not specified, but the default value true conflicts with the expected config value false. Falling back to the expected value. Current State of SCM: SCM is running in Non-HA without Ratis Ratis SCM -> Non Ratis SCM or Non HA SCM -> HA SCM is not supported
2023-02-22 04:44:43,084 [main] INFO  ha.SCMHANodeDetails (SCMHANodeDetails.java:loadSCMHAConfig(214)) - ozone.scm.default.service.id is not defined, falling back to ozone.scm.service.ids to find serviceID for StorageContainerManager if it is HA enabled cluster
2023-02-22 04:44:43,589 [main] WARN  utils.HAUtils (HAUtils.java:getMetaDir(342)) - ozone.scm.db.dirs is not configured. We recommend adding this setting. Falling back to ozone.metadata.dirs instead.
2023-02-22 04:44:43,779 [main] WARN  db.DBStoreBuilder (DBStoreBuilder.java:applyDBDefinition(172)) - ozone.scm.db.dirs is not configured. We recommend adding this setting. Falling back to ozone.metadata.dirs instead.
2023-02-22 04:44:43,966 [main] INFO  net.NodeSchemaLoader (NodeSchemaLoader.java:loadSchemaFromFile(129)) - Loading schema from [jar:file:/home/runner/.m2/repository/org/apache/ozone/hdds-common/1.4.0-SNAPSHOT/hdds-common-1.4.0-SNAPSHOT.jar!/network-topology-default.xml]
2023-02-22 04:44:43,967 [main] INFO  net.NodeSchemaLoader (NodeSchemaLoader.java:loadSchema(176)) - Loading network topology layer schema file
2023-02-22 04:44:44,007 [main] INFO  metrics.MetricRegistries (MetricRegistriesLoader.java:load(64)) - Loaded MetricRegistries class org.apache.ratis.metrics.impl.MetricRegistriesImpl
2023-02-22 04:44:44,012 [main] INFO  upgrade.AbstractLayoutVersionManager (AbstractLayoutVersionManager.java:init(83)) - Initializing Layout version manager with metadata layout = DATANODE_SCHEMA_V3 (version = 4), software layout = DATANODE_SCHEMA_V3 (version = 4)
2023-02-22 04:44:44,189 [main] INFO  reflections.Reflections (Reflections.java:scan(232)) - Reflections took 117 ms to scan 7 urls, producing 150 keys and 362 values 
2023-02-22 04:44:44,271 [main] INFO  ha.SequenceIdGenerator (SequenceIdGenerator.java:upgradeToSequenceId(349)) - upgrade localId to 111677748019200000
2023-02-22 04:44:44,271 [main] INFO  ha.SequenceIdGenerator (SequenceIdGenerator.java:upgradeToSequenceId(359)) - upgrade delTxnId to 0
2023-02-22 04:44:44,274 [main] INFO  ha.SequenceIdGenerator (SequenceIdGenerator.java:upgradeToSequenceId(376)) - upgrade containerId to 0
2023-02-22 04:44:44,276 [main] INFO  ha.SequenceIdGenerator (SequenceIdGenerator.java:<init>(220)) - Init the HA SequenceIdGenerator.
2023-02-22 04:44:44,321 [main] WARN  server.ServerUtils (ServerUtils.java:sanitizeUserArgs(73)) - ozone.scm.stale.node.interval value = 300000 is larger than max = 100000 based on the key value of ozone.scm.heartbeat.thread.interval, reset to the max value 100000.
2023-02-22 04:44:44,321 [main] WARN  server.ServerUtils (ServerUtils.java:sanitizeUserArgs(73)) - ozone.scm.stale.node.interval value = 300000 is larger than max = 100000 based on the key value of ozone.scm.heartbeat.thread.interval, reset to the max value 100000.
2023-02-22 04:44:44,327 [main] INFO  node.SCMNodeManager (SCMNodeManager.java:<init>(149)) - Entering startup safe mode.
2023-02-22 04:44:44,389 [main] INFO  algorithms.ContainerPlacementPolicyFactory (ContainerPlacementPolicyFactory.java:getPolicyInternal(86)) - Create container placement policy of type org.apache.hadoop.hdds.scm.container.placement.algorithms.SCMContainerPlacementRandom
2023-02-22 04:44:44,392 [main] INFO  algorithms.ContainerPlacementPolicyFactory (ContainerPlacementPolicyFactory.java:getPolicyInternal(86)) - Create container placement policy of type org.apache.hadoop.hdds.scm.container.placement.algorithms.SCMContainerPlacementRackScatter
2023-02-22 04:44:44,400 [main] INFO  pipeline.PipelineStateManagerImpl (PipelineStateManagerImpl.java:initialize(78)) - No pipeline exists in current db
2023-02-22 04:44:44,428 [main] INFO  algorithms.LeaderChoosePolicyFactory (LeaderChoosePolicyFactory.java:getPolicy(57)) - Create leader choose policy of type org.apache.hadoop.hdds.scm.pipeline.leader.choose.algorithms.MinLeaderCountChoosePolicy
2023-02-22 04:44:44,429 [main] INFO  algorithms.ContainerPlacementPolicyFactory (ContainerPlacementPolicyFactory.java:getPolicyInternal(86)) - Create container placement policy of type org.apache.hadoop.hdds.scm.container.placement.algorithms.SCMContainerPlacementRackScatter
2023-02-22 04:44:44,434 [main] INFO  ha.SCMServiceManager (SCMServiceManager.java:register(42)) - Registering service BackgroundPipelineCreator.
2023-02-22 04:44:44,434 [main] INFO  pipeline.BackgroundPipelineCreator (BackgroundPipelineCreator.java:start(124)) - Starting RatisPipelineUtilsThread.
2023-02-22 04:44:44,440 [main] INFO  BackgroundPipelineScrubber (BackgroundSCMService.java:start(68)) - Starting BackgroundPipelineScrubber Service.
2023-02-22 04:44:44,441 [main] INFO  ha.SCMServiceManager (SCMServiceManager.java:register(42)) - Registering service BackgroundPipelineScrubber.
2023-02-22 04:44:44,447 [main] INFO  ExpiredContainerReplicaOpScrubber (BackgroundSCMService.java:start(68)) - Starting ExpiredContainerReplicaOpScrubber Service.
2023-02-22 04:44:44,457 [main] INFO  ha.SCMServiceManager (SCMServiceManager.java:register(42)) - Registering service ExpiredContainerReplicaOpScrubber.
2023-02-22 04:44:44,501 [main] INFO  algorithms.PipelineChoosePolicyFactory (PipelineChoosePolicyFactory.java:createPipelineChoosePolicyFromClass(73)) - Create pipeline choose policy of type org.apache.hadoop.hdds.scm.pipeline.choose.algorithms.RandomPipelineChoosePolicy
2023-02-22 04:44:44,518 [main] INFO  ha.SCMServiceManager (SCMServiceManager.java:register(42)) - Registering service SCMBlockDeletingService.
2023-02-22 04:44:44,582 [main] INFO  replication.ReplicationManager (ReplicationManager.java:start(266)) - Starting Replication Monitor Thread.
2023-02-22 04:44:44,589 [main] INFO  ha.SCMServiceManager (SCMServiceManager.java:register(42)) - Registering service ReplicationManager.
2023-02-22 04:44:44,593 [ReplicationMonitor] INFO  replication.ReplicationManager (ReplicationManager.java:processAll(341)) - Replication Manager is not ready to run until 3000ms after safemode exit
2023-02-22 04:44:44,601 [main] INFO  safemode.ContainerSafeModeRule (ContainerSafeModeRule.java:<init>(89)) - containers with one replica threshold count 0
2023-02-22 04:44:44,605 [main] INFO  safemode.HealthyPipelineSafeModeRule (HealthyPipelineSafeModeRule.java:initializeRule(169)) - Total pipeline count is 0, healthy pipeline threshold count is 1
2023-02-22 04:44:44,606 [main] INFO  safemode.OneReplicaPipelineSafeModeRule (OneReplicaPipelineSafeModeRule.java:initializeRule(180)) - Total pipeline count is 0, pipeline's with at least one datanode reported threshold count is 0
2023-02-22 04:44:44,883 [main] INFO  audit.AuditLogger (AuditLogger.java:refreshDebugCmdSet(126)) - Refresh DebugCmdSet for SCMAudit to [].
2023-02-22 04:44:44,914 [main] INFO  ipc.CallQueueManager (CallQueueManager.java:<init>(90)) - Using callQueue: class java.util.concurrent.LinkedBlockingQueue, queueCapacity: 2000, scheduler: class org.apache.hadoop.ipc.DefaultRpcScheduler, ipcBackoff: false.
2023-02-22 04:44:44,950 [Socket Reader #1 for port 0] INFO  ipc.Server (Server.java:run(1273)) - Starting Socket Reader #1 for port 0
2023-02-22 04:44:45,013 [Listener at 0.0.0.0/33645] INFO  audit.AuditLogger (AuditLogger.java:refreshDebugCmdSet(126)) - Refresh DebugCmdSet for SCMAudit to [].
2023-02-22 04:44:45,022 [Listener at 0.0.0.0/33645] INFO  ipc.CallQueueManager (CallQueueManager.java:<init>(90)) - Using callQueue: class java.util.concurrent.LinkedBlockingQueue, queueCapacity: 2000, scheduler: class org.apache.hadoop.ipc.DefaultRpcScheduler, ipcBackoff: false.
2023-02-22 04:44:45,022 [Socket Reader #1 for port 0] INFO  ipc.Server (Server.java:run(1273)) - Starting Socket Reader #1 for port 0
2023-02-22 04:44:45,051 [Listener at 0.0.0.0/34903] INFO  audit.AuditLogger (AuditLogger.java:refreshDebugCmdSet(126)) - Refresh DebugCmdSet for SCMAudit to [].
2023-02-22 04:44:45,061 [Listener at 0.0.0.0/34903] INFO  ipc.CallQueueManager (CallQueueManager.java:<init>(90)) - Using callQueue: class java.util.concurrent.LinkedBlockingQueue, queueCapacity: 2000, scheduler: class org.apache.hadoop.ipc.DefaultRpcScheduler, ipcBackoff: false.
2023-02-22 04:44:45,063 [Socket Reader #1 for port 0] INFO  ipc.Server (Server.java:run(1273)) - Starting Socket Reader #1 for port 0
2023-02-22 04:44:45,174 [Listener at 0.0.0.0/44991] INFO  ha.SCMServiceManager (SCMServiceManager.java:register(42)) - Registering service ContainerBalancer.
2023-02-22 04:44:45,179 [Listener at 0.0.0.0/44991] INFO  server.StorageContainerManager (StorageContainerManager.java:<init>(402)) - 
Container Balancer status:
Key                            Value
Running                        true
Container Balancer Configuration values:
Key                                                Value
Threshold                                          10
Max Datanodes to Involve per Iteration(percent)    20
Max Size to Move per Iteration                     500GB
Max Size Entering Target per Iteration             26GB
Max Size Leaving Source per Iteration              26GB

2023-02-22 04:44:45,179 [Listener at 0.0.0.0/44991] INFO  ha.SCMContext (SCMContext.java:updateSafeModeStatus(228)) - Update SafeModeStatus from SafeModeStatus{safeModeStatus=true, preCheckPassed=false} to SafeModeStatus{safeModeStatus=true, preCheckPassed=false}.
2023-02-22 04:44:45,186 [Listener at 0.0.0.0/44991] INFO  server.StorageContainerManager (StorageContainerManager.java:start(1436)) - StorageContainerLocationProtocol RPC server is listening at /0.0.0.0:44991
2023-02-22 04:44:45,241 [Listener at 0.0.0.0/44991] WARN  impl.MetricsConfig (MetricsConfig.java:loadFirst(136)) - Cannot locate configuration: tried hadoop-metrics2-storagecontainermanager.properties,hadoop-metrics2.properties
2023-02-22 04:44:45,252 [Listener at 0.0.0.0/44991] INFO  impl.MetricsSystemImpl (MetricsSystemImpl.java:startTimer(378)) - Scheduled Metric snapshot period at 10 second(s).
2023-02-22 04:44:45,252 [Listener at 0.0.0.0/44991] INFO  impl.MetricsSystemImpl (MetricsSystemImpl.java:start(191)) - StorageContainerManager metrics system started
2023-02-22 04:44:45,480 [Listener at 0.0.0.0/44991] INFO  server.SCMClientProtocolServer (SCMClientProtocolServer.java:start(176)) - RPC server for Client  is listening at /0.0.0.0:44991
2023-02-22 04:44:45,480 [IPC Server Responder] INFO  ipc.Server (Server.java:run(1512)) - IPC Server Responder: starting
2023-02-22 04:44:45,481 [IPC Server listener on 0] INFO  ipc.Server (Server.java:run(1352)) - IPC Server listener on 0: starting
2023-02-22 04:44:45,485 [Listener at 0.0.0.0/44991] INFO  server.StorageContainerManager (StorageContainerManager.java:start(1450)) - ScmBlockLocationProtocol RPC server is listening at /0.0.0.0:34903
2023-02-22 04:44:45,486 [Listener at 0.0.0.0/44991] INFO  server.SCMBlockProtocolServer (SCMBlockProtocolServer.java:start(152)) - RPC server for Block Protocol is listening at /0.0.0.0:34903
2023-02-22 04:44:45,487 [IPC Server Responder] INFO  ipc.Server (Server.java:run(1512)) - IPC Server Responder: starting
2023-02-22 04:44:45,487 [IPC Server listener on 0] INFO  ipc.Server (Server.java:run(1352)) - IPC Server listener on 0: starting
2023-02-22 04:44:45,489 [Listener at 0.0.0.0/44991] INFO  server.SCMDatanodeProtocolServer (SCMDatanodeProtocolServer.java:start(193)) - ScmDatanodeProtocol RPC server for DataNodes is listening at /0.0.0.0:33645
2023-02-22 04:44:45,490 [IPC Server Responder] INFO  ipc.Server (Server.java:run(1512)) - IPC Server Responder: starting
2023-02-22 04:44:45,490 [IPC Server listener on 0] INFO  ipc.Server (Server.java:run(1352)) - IPC Server listener on 0: starting
2023-02-22 04:44:45,506 [org.apache.hadoop.util.JvmPauseMonitor$Monitor@1be3e952] INFO  util.JvmPauseMonitor (JvmPauseMonitor.java:run(188)) - Starting JVM pause monitor
2023-02-22 04:44:45,515 [Listener at 0.0.0.0/44991] INFO  http.BaseHttpServer (BaseHttpServer.java:newHttpServer2BuilderForOzone(213)) - Starting Web-server for scm at: http://0.0.0.0:0
2023-02-22 04:44:45,515 [Listener at 0.0.0.0/44991] INFO  http.BaseHttpServer (BaseHttpServer.java:<init>(108)) - Hadoop Security Enabled: false Ozone Security Enabled: false Ozone HTTP Security Enabled: false 
2023-02-22 04:44:45,554 [Listener at 0.0.0.0/44991] INFO  util.log (Log.java:initialized(170)) - Logging initialized @3993ms to org.eclipse.jetty.util.log.Slf4jLog
2023-02-22 04:44:45,650 [Listener at 0.0.0.0/44991] WARN  server.AuthenticationFilter (AuthenticationFilter.java:constructSecretProvider(240)) - Unable to initialize FileSignerSecretProvider, falling back to use random secrets. Reason: Could not read signature secret file: /home/runner/hadoop-http-auth-signature-secret
2023-02-22 04:44:45,656 [Listener at 0.0.0.0/44991] WARN  http.HttpRequestLog (HttpRequestLog.java:getRequestLog(103)) - Jetty request log can only be enabled using Log4j
2023-02-22 04:44:45,663 [Listener at 0.0.0.0/44991] INFO  http.HttpServer2 (HttpServer2.java:addGlobalFilter(1031)) - Added global filter 'safety' (class=org.apache.hadoop.hdds.server.http.HttpServer2$QuotingInputFilter)
2023-02-22 04:44:45,665 [Listener at 0.0.0.0/44991] INFO  http.HttpServer2 (HttpServer2.java:addFilter(1007)) - Added filter static_user_filter (class=org.apache.hadoop.http.lib.StaticUserWebFilter$StaticUserFilter) to context scm
2023-02-22 04:44:45,666 [Listener at 0.0.0.0/44991] INFO  http.HttpServer2 (HttpServer2.java:addFilter(1015)) - Added filter static_user_filter (class=org.apache.hadoop.http.lib.StaticUserWebFilter$StaticUserFilter) to context static
2023-02-22 04:44:45,666 [Listener at 0.0.0.0/44991] INFO  http.HttpServer2 (HttpServer2.java:addFilter(1015)) - Added filter static_user_filter (class=org.apache.hadoop.http.lib.StaticUserWebFilter$StaticUserFilter) to context logs
2023-02-22 04:44:45,710 [Listener at 0.0.0.0/44991] INFO  http.HttpServer2 (HttpServer2.java:bindListener(1250)) - Jetty bound to port 33551
2023-02-22 04:44:45,711 [Listener at 0.0.0.0/44991] INFO  server.Server (Server.java:doStart(375)) - jetty-9.4.49.v20220914; built: 2022-09-14T01:07:36.601Z; git: 4231a3b2e4cb8548a412a789936d640a97b1aa0a; jvm 1.8.0_362-b09
2023-02-22 04:44:45,743 [Listener at 0.0.0.0/44991] INFO  server.session (DefaultSessionIdManager.java:doStart(334)) - DefaultSessionIdManager workerName=node0
2023-02-22 04:44:45,743 [Listener at 0.0.0.0/44991] INFO  server.session (DefaultSessionIdManager.java:doStart(339)) - No SessionScavenger set, using defaults
2023-02-22 04:44:45,745 [Listener at 0.0.0.0/44991] INFO  server.session (HouseKeeper.java:startScavenging(132)) - node0 Scavenging every 660000ms
2023-02-22 04:44:45,772 [Listener at 0.0.0.0/44991] INFO  handler.ContextHandler (ContextHandler.java:doStart(921)) - Started o.e.j.s.ServletContextHandler@4417755b{logs,/logs,file:///home/runner/work/ozone/ozone/hadoop-ozone/integration-test/target/log,AVAILABLE}
2023-02-22 04:44:45,773 [Listener at 0.0.0.0/44991] INFO  handler.ContextHandler (ContextHandler.java:doStart(921)) - Started o.e.j.s.ServletContextHandler@4c7b4a31{static,/static,file:///home/runner/work/ozone/ozone/hadoop-ozone/integration-test/target/test-classes/webapps/static,AVAILABLE}
2023-02-22 04:44:45,812 [Listener at 0.0.0.0/44991] INFO  handler.ContextHandler (ContextHandler.java:doStart(921)) - Started o.e.j.w.WebAppContext@66e44f9f{scm,/,file:///home/runner/work/ozone/ozone/hadoop-ozone/integration-test/target/test-classes/webapps/scm/,AVAILABLE}{file:/home/runner/work/ozone/ozone/hadoop-ozone/integration-test/target/test-classes/webapps/scm}
2023-02-22 04:44:45,820 [Listener at 0.0.0.0/44991] INFO  server.AbstractConnector (AbstractConnector.java:doStart(333)) - Started ServerConnector@24ccc91b{HTTP/1.1, (http/1.1)}{0.0.0.0:33551}
2023-02-22 04:44:45,820 [Listener at 0.0.0.0/44991] INFO  server.Server (Server.java:doStart(415)) - Started @4260ms
2023-02-22 04:44:45,822 [Listener at 0.0.0.0/44991] INFO  impl.MetricsSinkAdapter (MetricsSinkAdapter.java:start(204)) - Sink prometheus started
2023-02-22 04:44:45,822 [Listener at 0.0.0.0/44991] INFO  impl.MetricsSystemImpl (MetricsSystemImpl.java:registerSink(305)) - Registered sink prometheus
2023-02-22 04:44:45,823 [Listener at 0.0.0.0/44991] INFO  http.BaseHttpServer (BaseHttpServer.java:updateConnectorAddress(333)) - HTTP server of scm listening at http://0.0.0.0:33551
2023-02-22 04:44:45,867 [Listener at 0.0.0.0/44991] INFO  audit.AuditLogger (AuditLogger.java:refreshDebugCmdSet(126)) - Refresh DebugCmdSet for OMAudit to [].
2023-02-22 04:44:45,934 [Listener at 0.0.0.0/44991] INFO  ha.OMHANodeDetails (OMHANodeDetails.java:loadOMHAConfig(121)) - ServiceID for OzoneManager is om-service-test1
2023-02-22 04:44:45,941 [Listener at 0.0.0.0/44991] INFO  ha.OMHANodeDetails (OMHANodeDetails.java:loadOMHAConfig(201)) - Found matching OM address with OMServiceId: om-service-test1, OMNodeId: omNode-1, RPC Address: localhost:36219 and Ratis port: 41041
2023-02-22 04:44:45,941 [Listener at 0.0.0.0/44991] INFO  ha.OMHANodeDetails (ConfUtils.java:setNodeSpecificConfigs(97)) - Setting configuration key ozone.om.http-address with value of key ozone.om.http-address.om-service-test1.omNode-1: 127.0.0.1:39403
2023-02-22 04:44:45,941 [Listener at 0.0.0.0/44991] INFO  ha.OMHANodeDetails (ConfUtils.java:setNodeSpecificConfigs(97)) - Setting configuration key ozone.om.https-address with value of key ozone.om.https-address.om-service-test1.omNode-1: 127.0.0.1:37759
2023-02-22 04:44:45,941 [Listener at 0.0.0.0/44991] INFO  ha.OMHANodeDetails (ConfUtils.java:setNodeSpecificConfigs(97)) - Setting configuration key ozone.om.address with value of key ozone.om.address.om-service-test1.omNode-1: 127.0.0.1:36219
2023-02-22 04:44:45,942 [Listener at 0.0.0.0/44991] WARN  server.ServerUtils (ServerUtils.java:getDBPath(225)) - ozone.om.db.dirs is not configured. We recommend adding this setting. Falling back to ozone.metadata.dirs instead.
2023-02-22 04:44:45,953 [Listener at 0.0.0.0/44991] INFO  proxy.SCMBlockLocationFailoverProxyProvider (SCMBlockLocationFailoverProxyProvider.java:<init>(114)) - Created block location fail-over proxy with 1 nodes: [nodeId=scmNodeId,nodeAddress=/0.0.0.0:34903]
OM initialization succeeded.Current cluster id for sd=/home/runner/work/ozone/ozone/hadoop-ozone/integration-test/target/test-dir/MiniOzoneClusterImpl-23364813-765e-4689-b759-17f9bf3914d5/omNode-1/om;cid=23364813-765e-4689-b759-17f9bf3914d5;layoutVersion=3
2023-02-22 04:44:46,186 [Listener at 0.0.0.0/44991] INFO  ha.OMHANodeDetails (OMHANodeDetails.java:loadOMHAConfig(121)) - ServiceID for OzoneManager is om-service-test1
2023-02-22 04:44:46,186 [Listener at 0.0.0.0/44991] INFO  ha.OMHANodeDetails (OMHANodeDetails.java:loadOMHAConfig(201)) - Found matching OM address with OMServiceId: om-service-test1, OMNodeId: omNode-1, RPC Address: localhost:36219 and Ratis port: 41041
2023-02-22 04:44:46,187 [Listener at 0.0.0.0/44991] INFO  ha.OMHANodeDetails (ConfUtils.java:setNodeSpecificConfigs(97)) - Setting configuration key ozone.om.http-address with value of key ozone.om.http-address.om-service-test1.omNode-1: 127.0.0.1:39403
2023-02-22 04:44:46,187 [Listener at 0.0.0.0/44991] INFO  ha.OMHANodeDetails (ConfUtils.java:setNodeSpecificConfigs(97)) - Setting configuration key ozone.om.https-address with value of key ozone.om.https-address.om-service-test1.omNode-1: 127.0.0.1:37759
2023-02-22 04:44:46,187 [Listener at 0.0.0.0/44991] INFO  ha.OMHANodeDetails (ConfUtils.java:setNodeSpecificConfigs(97)) - Setting configuration key ozone.om.address with value of key ozone.om.address.om-service-test1.omNode-1: 127.0.0.1:36219
2023-02-22 04:44:46,187 [Listener at 0.0.0.0/44991] WARN  server.ServerUtils (ServerUtils.java:getDBPath(225)) - ozone.om.db.dirs is not configured. We recommend adding this setting. Falling back to ozone.metadata.dirs instead.
2023-02-22 04:44:46,190 [Listener at 0.0.0.0/44991] INFO  upgrade.AbstractLayoutVersionManager (AbstractLayoutVersionManager.java:init(83)) - Initializing Layout version manager with metadata layout = MULTITENANCY_SCHEMA (version = 3), software layout = MULTITENANCY_SCHEMA (version = 3)
2023-02-22 04:44:46,286 [Listener at 0.0.0.0/44991] INFO  reflections.Reflections (Reflections.java:scan(232)) - Reflections took 90 ms to scan 2 urls, producing 166 keys and 457 values [using 2 cores]
2023-02-22 04:44:46,290 [Listener at 0.0.0.0/44991] INFO  upgrade.OMLayoutVersionManager (OMLayoutVersionManager.java:lambda$0(115)) - Skipping Upgrade Action MockOmUpgradeAction since it has been finalized.
2023-02-22 04:44:46,291 [Listener at 0.0.0.0/44991] WARN  server.ServerUtils (ServerUtils.java:getDBPath(225)) - ozone.om.db.dirs is not configured. We recommend adding this setting. Falling back to ozone.metadata.dirs instead.
2023-02-22 04:44:46,453 [Listener at 0.0.0.0/44991] INFO  proxy.SCMBlockLocationFailoverProxyProvider (SCMBlockLocationFailoverProxyProvider.java:<init>(114)) - Created block location fail-over proxy with 1 nodes: [nodeId=scmNodeId,nodeAddress=/0.0.0.0:34903]
2023-02-22 04:44:46,463 [Listener at 0.0.0.0/44991] INFO  proxy.SCMBlockLocationFailoverProxyProvider (SCMBlockLocationFailoverProxyProvider.java:<init>(114)) - Created block location fail-over proxy with 1 nodes: [nodeId=scmNodeId,nodeAddress=/0.0.0.0:34903]
2023-02-22 04:44:46,493 [Listener at 0.0.0.0/44991] INFO  om.OzoneManager (OzoneManager.java:<init>(615)) - OM start with adminUsers: [runner]
2023-02-22 04:44:46,503 [Listener at 0.0.0.0/44991] WARN  server.ServerUtils (ServerUtils.java:getDBPath(225)) - ozone.om.db.dirs is not configured. We recommend adding this setting. Falling back to ozone.metadata.dirs instead.
2023-02-22 04:44:46,509 [Listener at 0.0.0.0/44991] INFO  codec.OmKeyInfoCodec (OmKeyInfoCodec.java:<init>(49)) - OmKeyInfoCodec ignorePipeline = true
2023-02-22 04:44:46,510 [Listener at 0.0.0.0/44991] INFO  codec.RepeatedOmKeyInfoCodec (RepeatedOmKeyInfoCodec.java:<init>(41)) - RepeatedOmKeyInfoCodec ignorePipeline = true
2023-02-22 04:44:46,693 [Listener at 0.0.0.0/44991] INFO  om.OzoneManager (OzoneManager.java:instantiateServices(745)) - S3 Multi-Tenancy is disabled
2023-02-22 04:44:46,719 [Listener at 0.0.0.0/44991] WARN  server.ServerUtils (ServerUtils.java:getDBPath(225)) - ozone.om.snapshot.diff.db.dir is not configured. We recommend adding this setting. Falling back to ozone.metadata.dirs instead.
2023-02-22 04:44:46,790 [Listener at 0.0.0.0/44991] INFO  om.OzoneManager (OzoneManager.java:addS3GVolumeToDB(4179)) - Created Volume s3v With Owner runner required for S3Gateway operations.
2023-02-22 04:44:46,845 [Listener at 0.0.0.0/44991] WARN  server.ServerUtils (ServerUtils.java:getDefaultRatisDirectory(237)) - Storage directory for Ratis is not configured. It is a good idea to map this to an SSD disk. Falling back to ozone.metadata.dirs
2023-02-22 04:44:46,846 [Listener at 0.0.0.0/44991] WARN  utils.OzoneManagerRatisUtils (OzoneManagerRatisUtils.java:getOMRatisSnapshotDirectory(436)) - ozone.om.ratis.snapshot.dir is not configured. Falling back to ozone.metadata.dirs config
2023-02-22 04:44:46,856 [Listener at 0.0.0.0/44991] INFO  snapshot.OzoneManagerSnapshotProvider (OzoneManagerSnapshotProvider.java:<init>(76)) - Initializing OM Snapshot Provider
2023-02-22 04:44:46,960 [Listener at 0.0.0.0/44991] WARN  server.ServerUtils (ServerUtils.java:getDefaultRatisDirectory(237)) - Storage directory for Ratis is not configured. It is a good idea to map this to an SSD disk. Falling back to ozone.metadata.dirs
2023-02-22 04:44:46,990 [Listener at 0.0.0.0/44991] INFO  ratis.OzoneManagerRatisServer (OzoneManagerRatisServer.java:<init>(164)) - Instantiating OM Ratis server with groupID: om-service-test1 and peers: localhost:41041, localhost:43563, localhost:43939
2023-02-22 04:44:46,999 [Listener at 0.0.0.0/44991] INFO  ratis.OzoneManagerStateMachine (OzoneManagerStateMachine.java:loadSnapshotInfoFromDB(636)) - LastAppliedIndex is set from TransactionInfo from OM DB as (t:0, i:~)
2023-02-22 04:44:47,045 [Listener at 0.0.0.0/44991] INFO  server.RaftServer (ConfUtils.java:logGet(46)) - raft.rpc.type = GRPC (default)
2023-02-22 04:44:47,111 [Listener at 0.0.0.0/44991] INFO  grpc.GrpcConfigKeys (ConfUtils.java:logFallback(53)) - raft.grpc.admin.host = null (fallback to raft.grpc.server.host)
2023-02-22 04:44:47,112 [Listener at 0.0.0.0/44991] INFO  grpc.GrpcConfigKeys (ConfUtils.java:logFallback(53)) - raft.grpc.admin.port = 41041 (fallback to raft.grpc.server.port)
2023-02-22 04:44:47,113 [Listener at 0.0.0.0/44991] INFO  grpc.GrpcConfigKeys (ConfUtils.java:logFallback(53)) - raft.grpc.client.host = null (fallback to raft.grpc.server.host)
2023-02-22 04:44:47,113 [Listener at 0.0.0.0/44991] INFO  grpc.GrpcConfigKeys (ConfUtils.java:logFallback(53)) - raft.grpc.client.port = 41041 (fallback to raft.grpc.server.port)
2023-02-22 04:44:47,113 [Listener at 0.0.0.0/44991] INFO  grpc.GrpcConfigKeys (ConfUtils.java:logGet(46)) - raft.grpc.server.host = null (default)
2023-02-22 04:44:47,113 [Listener at 0.0.0.0/44991] INFO  grpc.GrpcConfigKeys (ConfUtils.java:logGet(46)) - raft.grpc.server.port = 41041 (custom)
2023-02-22 04:44:47,114 [Listener at 0.0.0.0/44991] INFO  server.GrpcService (ConfUtils.java:logGet(46)) - raft.grpc.message.size.max = 33554432 (custom)
2023-02-22 04:44:47,115 [Listener at 0.0.0.0/44991] INFO  server.RaftServerConfigKeys (ConfUtils.java:logGet(46)) - raft.server.log.appender.buffer.byte-limit = 33554432 (custom)
2023-02-22 04:44:47,116 [Listener at 0.0.0.0/44991] INFO  server.GrpcService (ConfUtils.java:logGet(46)) - raft.grpc.flow.control.window = 1MB (=1048576) (default)
2023-02-22 04:44:47,116 [Listener at 0.0.0.0/44991] INFO  server.RaftServerConfigKeys (ConfUtils.java:logGet(46)) - raft.server.rpc.request.timeout = 3000ms (default)
2023-02-22 04:44:47,127 [Listener at 0.0.0.0/44991] INFO  grpc.GrpcConfigKeys (ConfUtils.java:logGet(46)) - raft.grpc.server.heartbeat.channel = true (default)
2023-02-22 04:44:47,129 [Listener at 0.0.0.0/44991] INFO  grpc.GrpcConfigKeys (ConfUtils.java:logGet(46)) - raft.grpc.server.async.request.thread.pool.cached = true (default)
2023-02-22 04:44:47,130 [Listener at 0.0.0.0/44991] INFO  grpc.GrpcConfigKeys (ConfUtils.java:logGet(46)) - raft.grpc.server.async.request.thread.pool.size = 32 (default)
2023-02-22 04:44:47,329 [Listener at 0.0.0.0/44991] INFO  impl.DataStreamServerImpl (ConfUtils.java:logGet(46)) - raft.datastream.type = DISABLED (default)
2023-02-22 04:44:47,332 [Listener at 0.0.0.0/44991] INFO  server.RaftServerConfigKeys (ConfUtils.java:logGet(46)) - raft.server.threadpool.proxy.cached = true (default)
2023-02-22 04:44:47,333 [Listener at 0.0.0.0/44991] INFO  server.RaftServerConfigKeys (ConfUtils.java:logGet(46)) - raft.server.threadpool.proxy.size = 0 (default)
2023-02-22 04:44:47,333 [Listener at 0.0.0.0/44991] INFO  server.RaftServerConfigKeys (ConfUtils.java:logGet(46)) - raft.server.rpc.slowness.timeout = 2s (custom)
2023-02-22 04:44:47,333 [Listener at 0.0.0.0/44991] INFO  server.RaftServerConfigKeys (ConfUtils.java:logGet(46)) - raft.server.leaderelection.leader.step-down.wait-time = 10s (default)
2023-02-22 04:44:47,336 [Listener at 0.0.0.0/44991] INFO  server.RaftServerConfigKeys (ConfUtils.java:logGet(46)) - raft.server.storage.dir = [/home/runner/work/ozone/ozone/hadoop-ozone/integration-test/target/test-dir/MiniOzoneClusterImpl-23364813-765e-4689-b759-17f9bf3914d5/omNode-1/ratis] (custom)
2023-02-22 04:44:47,346 [Listener at 0.0.0.0/44991] INFO  server.RaftServer (RaftServerProxy.java:addNew(96)) - omNode-1: addNew group-523986131536:[omNode-3|rpc:localhost:43563|priority:0|startupRole:FOLLOWER, omNode-1|rpc:localhost:41041|priority:0|startupRole:FOLLOWER, omNode-2|rpc:localhost:43939|priority:0|startupRole:FOLLOWER] returns group-523986131536:java.util.concurrent.CompletableFuture@3109f8ae[Not completed]
2023-02-22 04:44:47,346 [Listener at 0.0.0.0/44991] INFO  om.OzoneManager (OzoneManager.java:initializeRatisServer(2080)) - OzoneManager Ratis server initialized at port 41041
2023-02-22 04:44:47,349 [Listener at 0.0.0.0/44991] INFO  om.OzoneManager (OzoneManager.java:getRpcServer(1128)) - Creating RPC Server
2023-02-22 04:44:47,380 [pool-56-thread-1] INFO  server.RaftServer$Division (RaftServerImpl.java:<init>(195)) - omNode-1: new RaftServerImpl for group-523986131536:[omNode-3|rpc:localhost:43563|priority:0|startupRole:FOLLOWER, omNode-1|rpc:localhost:41041|priority:0|startupRole:FOLLOWER, omNode-2|rpc:localhost:43939|priority:0|startupRole:FOLLOWER] with OzoneManagerStateMachine:uninitialized
2023-02-22 04:44:47,384 [pool-56-thread-1] INFO  server.RaftServerConfigKeys (ConfUtils.java:logGet(46)) - raft.server.rpc.timeout.min = 1s (custom)
2023-02-22 04:44:47,385 [pool-56-thread-1] INFO  server.RaftServerConfigKeys (ConfUtils.java:logGet(46)) - raft.server.rpc.timeout.max = 1200ms (custom)
2023-02-22 04:44:47,385 [pool-56-thread-1] INFO  server.RaftServerConfigKeys (ConfUtils.java:logGet(46)) - raft.server.rpc.sleep.time = 25ms (default)
2023-02-22 04:44:47,385 [pool-56-thread-1] INFO  server.RaftServerConfigKeys (ConfUtils.java:logGet(46)) - raft.server.rpc.slowness.timeout = 2s (custom)
2023-02-22 04:44:47,385 [pool-56-thread-1] INFO  server.RaftServerConfigKeys (ConfUtils.java:logGet(46)) - raft.server.leaderelection.leader.step-down.wait-time = 10s (default)
2023-02-22 04:44:47,386 [pool-56-thread-1] INFO  server.RaftServerConfigKeys (ConfUtils.java:logGet(46)) - raft.server.sleep.deviation.threshold = 300ms (default)
2023-02-22 04:44:47,404 [pool-56-thread-1] INFO  server.RaftServer$Division (ServerState.java:<init>(118)) - omNode-1@group-523986131536: ConfigurationManager, init=-1: peers:[omNode-3|rpc:localhost:43563|priority:0|startupRole:FOLLOWER, omNode-1|rpc:localhost:41041|priority:0|startupRole:FOLLOWER, omNode-2|rpc:localhost:43939|priority:0|startupRole:FOLLOWER]|listeners:[], old=null, confs=<EMPTY_MAP>
2023-02-22 04:44:47,405 [pool-56-thread-1] INFO  server.RaftServerConfigKeys (ConfUtils.java:logGet(46)) - raft.server.storage.dir = [/home/runner/work/ozone/ozone/hadoop-ozone/integration-test/target/test-dir/MiniOzoneClusterImpl-23364813-765e-4689-b759-17f9bf3914d5/omNode-1/ratis] (custom)
2023-02-22 04:44:47,435 [pool-56-thread-1] INFO  server.RaftServerConfigKeys (ConfUtils.java:logGet(46)) - raft.server.log.corruption.policy = EXCEPTION (default)
2023-02-22 04:44:47,438 [pool-56-thread-1] INFO  server.RaftServerConfigKeys (ConfUtils.java:logGet(46)) - raft.server.storage.free-space.min = 0MB (=0) (default)
2023-02-22 04:44:47,452 [pool-56-thread-1] INFO  server.RaftServerConfigKeys (ConfUtils.java:logGet(46)) - raft.server.notification.no-leader.timeout = 2s (custom)
2023-02-22 04:44:47,467 [pool-56-thread-1] INFO  server.RaftServerConfigKeys (ConfUtils.java:logGet(46)) - raft.server.retrycache.expirytime = 300s (custom)
2023-02-22 04:44:47,467 [pool-56-thread-1] INFO  server.RaftServerConfigKeys (ConfUtils.java:logGet(46)) - raft.server.retrycache.statistics.expirytime = 100μs (default)
2023-02-22 04:44:47,725 [pool-56-thread-1] INFO  server.RaftServerConfigKeys (ConfUtils.java:logGet(46)) - raft.server.log.appender.install.snapshot.enabled = false (custom)
2023-02-22 04:44:47,725 [pool-56-thread-1] INFO  server.RaftServerConfigKeys (ConfUtils.java:logGet(46)) - raft.server.threadpool.server.cached = true (default)
2023-02-22 04:44:47,728 [pool-56-thread-1] INFO  server.RaftServerConfigKeys (ConfUtils.java:logGet(46)) - raft.server.threadpool.server.size = 0 (default)
2023-02-22 04:44:47,729 [pool-56-thread-1] INFO  server.RaftServerConfigKeys (ConfUtils.java:logGet(46)) - raft.server.threadpool.client.cached = true (default)
2023-02-22 04:44:47,730 [pool-56-thread-1] INFO  server.RaftServerConfigKeys (ConfUtils.java:logGet(46)) - raft.server.threadpool.client.size = 0 (default)
2023-02-22 04:44:48,351 [Listener at 0.0.0.0/44991] INFO  reflections.Reflections (Reflections.java:scan(232)) - Reflections took 908 ms to scan 19 urls, producing 69 keys and 4835 values [using 2 cores]
2023-02-22 04:44:48,555 [Listener at 0.0.0.0/44991] INFO  ipc.CallQueueManager (CallQueueManager.java:<init>(90)) - Using callQueue: class java.util.concurrent.LinkedBlockingQueue, queueCapacity: 2000, scheduler: class org.apache.hadoop.ipc.DefaultRpcScheduler, ipcBackoff: false.
2023-02-22 04:44:48,555 [Socket Reader #1 for port 36219] INFO  ipc.Server (Server.java:run(1273)) - Starting Socket Reader #1 for port 36219
2023-02-22 04:44:48,588 [Listener at 127.0.0.1/36219] INFO  impl.MetricsSystemImpl (MetricsSystemImpl.java:init(158)) - OzoneManager metrics system started (again)
2023-02-22 04:44:48,601 [Listener at 127.0.0.1/36219] INFO  om.OzoneManager (OzoneManager.java:start(1548)) - OzoneManager RPC server is listening at localhost/127.0.0.1:36219
2023-02-22 04:44:48,601 [Listener at 127.0.0.1/36219] INFO  ratis.OzoneManagerRatisServer (OzoneManagerRatisServer.java:start(559)) - Starting OzoneManagerRatisServer omNode-1 at port 41041
2023-02-22 04:44:48,603 [omNode-1-impl-thread1] INFO  storage.RaftStorageDirectory (RaftStorageDirectoryImpl.java:analyzeStorage(137)) - The storage directory /home/runner/work/ozone/ozone/hadoop-ozone/integration-test/target/test-dir/MiniOzoneClusterImpl-23364813-765e-4689-b759-17f9bf3914d5/omNode-1/ratis/c9bc4cf4-3bc3-3c60-a66b-523986131536 does not exist. Creating ...
2023-02-22 04:44:48,607 [omNode-1-impl-thread1] INFO  storage.RaftStorageDirectory (RaftStorageDirectoryImpl.java:tryLock(231)) - Lock on /home/runner/work/ozone/ozone/hadoop-ozone/integration-test/target/test-dir/MiniOzoneClusterImpl-23364813-765e-4689-b759-17f9bf3914d5/omNode-1/ratis/c9bc4cf4-3bc3-3c60-a66b-523986131536/in_use.lock acquired by nodename 93364@fv-az748-120
2023-02-22 04:44:48,613 [omNode-1-impl-thread1] INFO  storage.RaftStorage (RaftStorageImpl.java:format(96)) - Storage directory /home/runner/work/ozone/ozone/hadoop-ozone/integration-test/target/test-dir/MiniOzoneClusterImpl-23364813-765e-4689-b759-17f9bf3914d5/omNode-1/ratis/c9bc4cf4-3bc3-3c60-a66b-523986131536 has been successfully formatted.
2023-02-22 04:44:48,615 [omNode-1-impl-thread1] INFO  server.RaftServerConfigKeys (ConfUtils.java:logGet(46)) - raft.server.log.use.memory = false (default)
2023-02-22 04:44:48,622 [omNode-1-impl-thread1] INFO  server.RaftServerConfigKeys (ConfUtils.java:logGet(46)) - raft.server.log.purge.gap = 1000000 (custom)
2023-02-22 04:44:48,622 [omNode-1-impl-thread1] INFO  server.RaftServerConfigKeys (ConfUtils.java:logGet(46)) - raft.server.log.appender.buffer.byte-limit = 33554432 (custom)
2023-02-22 04:44:48,624 [omNode-1-impl-thread1] INFO  server.RaftServerConfigKeys (ConfUtils.java:logGet(46)) - raft.server.log.statemachine.data.read.timeout = 1000ms (default)
2023-02-22 04:44:48,624 [omNode-1-impl-thread1] INFO  server.RaftServerConfigKeys (ConfUtils.java:logGet(46)) - raft.server.log.purge.preservation.log.num = 0 (default)
2023-02-22 04:44:48,626 [omNode-1-impl-thread1] INFO  server.RaftServerConfigKeys (ConfUtils.java:logGet(46)) - raft.server.log.segment.size.max = 4194304 (custom)
2023-02-22 04:44:48,632 [omNode-1-impl-thread1] INFO  server.RaftServerConfigKeys (ConfUtils.java:logGet(46)) - raft.server.log.segment.cache.num.max = 2 (custom)
2023-02-22 04:44:48,632 [omNode-1-impl-thread1] INFO  server.RaftServerConfigKeys (ConfUtils.java:logGet(46)) - raft.server.log.segment.cache.size.max = 200MB (=209715200) (default)
2023-02-22 04:44:48,638 [omNode-1-impl-thread1] INFO  segmented.SegmentedRaftLogWorker (SegmentedRaftLogWorker.java:<init>(189)) - new omNode-1@group-523986131536-SegmentedRaftLogWorker for RaftStorageImpl:Storage Directory /home/runner/work/ozone/ozone/hadoop-ozone/integration-test/target/test-dir/MiniOzoneClusterImpl-23364813-765e-4689-b759-17f9bf3914d5/omNode-1/ratis/c9bc4cf4-3bc3-3c60-a66b-523986131536
2023-02-22 04:44:48,638 [omNode-1-impl-thread1] INFO  server.RaftServerConfigKeys (ConfUtils.java:logGet(46)) - raft.server.log.queue.byte-limit = 64MB (=67108864) (default)
2023-02-22 04:44:48,639 [omNode-1-impl-thread1] INFO  server.RaftServerConfigKeys (ConfUtils.java:logGet(46)) - raft.server.log.queue.element-limit = 4096 (default)
2023-02-22 04:44:48,639 [omNode-1-impl-thread1] INFO  server.RaftServerConfigKeys (ConfUtils.java:logGet(46)) - raft.server.log.segment.size.max = 4194304 (custom)
2023-02-22 04:44:48,640 [omNode-1-impl-thread1] INFO  server.RaftServerConfigKeys (ConfUtils.java:logGet(46)) - raft.server.log.preallocated.size = 4194304 (custom)
2023-02-22 04:44:48,640 [omNode-1-impl-thread1] INFO  server.RaftServerConfigKeys (ConfUtils.java:logGet(46)) - raft.server.log.force.sync.num = 128 (default)
2023-02-22 04:44:48,641 [omNode-1-impl-thread1] INFO  server.RaftServerConfigKeys (ConfUtils.java:logGet(46)) - raft.server.log.statemachine.data.sync = true (default)
2023-02-22 04:44:48,641 [omNode-1-impl-thread1] INFO  server.RaftServerConfigKeys (ConfUtils.java:logGet(46)) - raft.server.log.statemachine.data.sync.timeout = 10s (default)
2023-02-22 04:44:48,641 [omNode-1-impl-thread1] INFO  server.RaftServerConfigKeys (ConfUtils.java:logGet(46)) - raft.server.log.statemachine.data.sync.timeout.retry = -1 (default)
2023-02-22 04:44:48,649 [omNode-1-impl-thread1] INFO  server.RaftServerConfigKeys (ConfUtils.java:logGet(46)) - raft.server.log.write.buffer.size = 64KB (=65536) (default)
2023-02-22 04:44:48,650 [omNode-1-impl-thread1] INFO  server.RaftServerConfigKeys (ConfUtils.java:logGet(46)) - raft.server.log.appender.buffer.byte-limit = 33554432 (custom)
2023-02-22 04:44:48,654 [omNode-1-impl-thread1] INFO  server.RaftServerConfigKeys (ConfUtils.java:logGet(46)) - raft.server.log.unsafe-flush.enabled = false (default)
2023-02-22 04:44:48,654 [omNode-1-impl-thread1] INFO  server.RaftServerConfigKeys (ConfUtils.java:logGet(46)) - raft.server.log.async-flush.enabled = false (default)
2023-02-22 04:44:48,655 [omNode-1-impl-thread1] INFO  server.RaftServerConfigKeys (ConfUtils.java:logGet(46)) - raft.server.log.statemachine.data.caching.enabled = false (default)
2023-02-22 04:44:48,661 [omNode-1-impl-thread1] INFO  segmented.SegmentedRaftLogWorker (SegmentedRaftLogWorker.java:lambda$new$0(135)) - omNode-1@group-523986131536-SegmentedRaftLogWorker: flushIndex: setUnconditionally 0 -> -1
2023-02-22 04:44:48,661 [omNode-1-impl-thread1] INFO  segmented.SegmentedRaftLogWorker (SegmentedRaftLogWorker.java:lambda$new$0(135)) - omNode-1@group-523986131536-SegmentedRaftLogWorker: safeCacheEvictIndex: setUnconditionally 0 -> -1
2023-02-22 04:44:48,662 [omNode-1-impl-thread1] INFO  server.RaftServer$Division (RaftServerImpl.java:start(334)) - omNode-1@group-523986131536: start as a follower, conf=-1: peers:[omNode-3|rpc:localhost:43563|priority:0|startupRole:FOLLOWER, omNode-1|rpc:localhost:41041|priority:0|startupRole:FOLLOWER, omNode-2|rpc:localhost:43939|priority:0|startupRole:FOLLOWER]|listeners:[], old=null
2023-02-22 04:44:48,667 [omNode-1-impl-thread1] INFO  server.RaftServer$Division (RaftServerImpl.java:setRole(321)) - omNode-1@group-523986131536: changes role from      null to FOLLOWER at term 0 for startAsFollower
2023-02-22 04:44:48,669 [omNode-1-impl-thread1] INFO  impl.RoleInfo (RoleInfo.java:updateAndGet(139)) - omNode-1: start omNode-1@group-523986131536-FollowerState
2023-02-22 04:44:48,674 [omNode-1-impl-thread1] INFO  util.JmxRegister (JmxRegister.java:tryRegister(44)) - Successfully registered JMX Bean with object name Ratis:service=RaftServer,group=group-523986131536,id=omNode-1
2023-02-22 04:44:48,676 [omNode-1-impl-thread1] INFO  server.RaftServerConfigKeys (ConfUtils.java:logGet(46)) - raft.server.snapshot.auto.trigger.enabled = true (custom)
2023-02-22 04:44:48,678 [omNode-1-impl-thread1] INFO  server.RaftServerConfigKeys (ConfUtils.java:logGet(46)) - raft.server.snapshot.auto.trigger.threshold = 400000 (default)
2023-02-22 04:44:48,679 [omNode-1-impl-thread1] INFO  server.RaftServerConfigKeys (ConfUtils.java:logGet(46)) - raft.server.snapshot.retention.file.num = -1 (default)
2023-02-22 04:44:48,680 [omNode-1-impl-thread1] INFO  server.RaftServerConfigKeys (ConfUtils.java:logGet(46)) - raft.server.log.purge.upto.snapshot.index = true (custom)
2023-02-22 04:44:48,680 [omNode-1@group-523986131536-FollowerState] INFO  server.RaftServerConfigKeys (ConfUtils.java:logFallback(53)) - raft.server.rpc.first-election.timeout.min = 1s (fallback to raft.server.rpc.timeout.min)
2023-02-22 04:44:48,680 [omNode-1@group-523986131536-FollowerState] INFO  server.RaftServerConfigKeys (ConfUtils.java:logFallback(53)) - raft.server.rpc.first-election.timeout.max = 1200ms (fallback to raft.server.rpc.timeout.max)
2023-02-22 04:44:48,682 [Listener at 127.0.0.1/36219] INFO  server.RaftServer (RaftServerProxy.java:startImpl(393)) - omNode-1: start RPC server
2023-02-22 04:44:48,726 [Listener at 127.0.0.1/36219] INFO  server.GrpcService (GrpcService.java:startImpl(262)) - omNode-1: GrpcService started, listening on 41041
2023-02-22 04:44:48,728 [Listener at 127.0.0.1/36219] INFO  om.OzoneManager (OzoneManager.java:start(1564)) - Version File has different layout version (3) than OM DB (null). That is expected if this OM has never been finalized to a newer layout version.
2023-02-22 04:44:48,730 [JvmPauseMonitor0] INFO  util.JvmPauseMonitor (JvmPauseMonitor.java:run(105)) - JvmPauseMonitor-omNode-1: Started
2023-02-22 04:44:48,749 [Listener at 127.0.0.1/36219] INFO  http.BaseHttpServer (BaseHttpServer.java:newHttpServer2BuilderForOzone(213)) - Starting Web-server for ozoneManager at: http://0.0.0.0:39403
2023-02-22 04:44:48,749 [Listener at 127.0.0.1/36219] INFO  http.BaseHttpServer (BaseHttpServer.java:<init>(108)) - Hadoop Security Enabled: false Ozone Security Enabled: false Ozone HTTP Security Enabled: false 
2023-02-22 04:44:48,751 [Listener at 127.0.0.1/36219] WARN  server.AuthenticationFilter (AuthenticationFilter.java:constructSecretProvider(240)) - Unable to initialize FileSignerSecretProvider, falling back to use random secrets. Reason: Could not read signature secret file: /home/runner/hadoop-http-auth-signature-secret
2023-02-22 04:44:48,757 [Listener at 127.0.0.1/36219] WARN  http.HttpRequestLog (HttpRequestLog.java:getRequestLog(103)) - Jetty request log can only be enabled using Log4j
2023-02-22 04:44:48,760 [Listener at 127.0.0.1/36219] INFO  http.HttpServer2 (HttpServer2.java:addGlobalFilter(1031)) - Added global filter 'safety' (class=org.apache.hadoop.hdds.server.http.HttpServer2$QuotingInputFilter)
2023-02-22 04:44:48,762 [Listener at 127.0.0.1/36219] INFO  http.HttpServer2 (HttpServer2.java:addFilter(1007)) - Added filter static_user_filter (class=org.apache.hadoop.http.lib.StaticUserWebFilter$StaticUserFilter) to context ozoneManager
2023-02-22 04:44:48,762 [Listener at 127.0.0.1/36219] INFO  http.HttpServer2 (HttpServer2.java:addFilter(1015)) - Added filter static_user_filter (class=org.apache.hadoop.http.lib.StaticUserWebFilter$StaticUserFilter) to context logs
2023-02-22 04:44:48,762 [Listener at 127.0.0.1/36219] INFO  http.HttpServer2 (HttpServer2.java:addFilter(1015)) - Added filter static_user_filter (class=org.apache.hadoop.http.lib.StaticUserWebFilter$StaticUserFilter) to context static
2023-02-22 04:44:48,766 [Listener at 127.0.0.1/36219] INFO  http.HttpServer2 (HttpServer2.java:bindListener(1250)) - Jetty bound to port 39403
2023-02-22 04:44:48,766 [Listener at 127.0.0.1/36219] INFO  server.Server (Server.java:doStart(375)) - jetty-9.4.49.v20220914; built: 2022-09-14T01:07:36.601Z; git: 4231a3b2e4cb8548a412a789936d640a97b1aa0a; jvm 1.8.0_362-b09
2023-02-22 04:44:48,767 [Listener at 127.0.0.1/36219] INFO  server.session (DefaultSessionIdManager.java:doStart(334)) - DefaultSessionIdManager workerName=node0
2023-02-22 04:44:48,768 [Listener at 127.0.0.1/36219] INFO  server.session (DefaultSessionIdManager.java:doStart(339)) - No SessionScavenger set, using defaults
2023-02-22 04:44:48,768 [Listener at 127.0.0.1/36219] INFO  server.session (HouseKeeper.java:startScavenging(132)) - node0 Scavenging every 660000ms
2023-02-22 04:44:48,770 [Listener at 127.0.0.1/36219] INFO  handler.ContextHandler (ContextHandler.java:doStart(921)) - Started o.e.j.s.ServletContextHandler@2f05cf02{logs,/logs,file:///home/runner/work/ozone/ozone/hadoop-ozone/integration-test/target/log,AVAILABLE}
2023-02-22 04:44:48,770 [Listener at 127.0.0.1/36219] INFO  handler.ContextHandler (ContextHandler.java:doStart(921)) - Started o.e.j.s.ServletContextHandler@5aaa84b4{static,/static,file:///home/runner/work/ozone/ozone/hadoop-ozone/integration-test/target/test-classes/webapps/static,AVAILABLE}
2023-02-22 04:44:48,774 [Listener at 127.0.0.1/36219] INFO  handler.ContextHandler (ContextHandler.java:doStart(921)) - Started o.e.j.w.WebAppContext@25af328e{ozoneManager,/,file:///home/runner/work/ozone/ozone/hadoop-ozone/integration-test/target/test-classes/webapps/ozoneManager/,AVAILABLE}{file:/home/runner/work/ozone/ozone/hadoop-ozone/integration-test/target/test-classes/webapps/ozoneManager}
2023-02-22 04:44:48,775 [Listener at 127.0.0.1/36219] INFO  server.AbstractConnector (AbstractConnector.java:doStart(333)) - Started ServerConnector@4488e574{HTTP/1.1, (http/1.1)}{0.0.0.0:39403}
2023-02-22 04:44:48,775 [Listener at 127.0.0.1/36219] INFO  server.Server (Server.java:doStart(415)) - Started @7215ms
2023-02-22 04:44:48,776 [Listener at 127.0.0.1/36219] WARN  impl.MetricsSystemImpl (MetricsSystemImpl.java:register(279)) - Sink prometheus already exists!
2023-02-22 04:44:48,777 [Listener at 127.0.0.1/36219] INFO  http.BaseHttpServer (BaseHttpServer.java:updateConnectorAddress(333)) - HTTP server of ozoneManager listening at http://0.0.0.0:39403
2023-02-22 04:44:48,777 [IPC Server Responder] INFO  ipc.Server (Server.java:run(1512)) - IPC Server Responder: starting
2023-02-22 04:44:48,782 [IPC Server listener on 36219] INFO  ipc.Server (Server.java:run(1352)) - IPC Server listener on 36219: starting
2023-02-22 04:44:48,786 [Listener at 127.0.0.1/36219] INFO  om.OzoneManager (OzoneManager.java:startTrashEmptier(2024)) - Trash Interval set to 0. Files deleted won't move to trash
2023-02-22 04:44:48,790 [Listener at 127.0.0.1/36219] INFO  ozone.MiniOzoneHAClusterImpl (MiniOzoneHAClusterImpl.java:createOMService(527)) - Started OzoneManager omNode-1 RPC server at localhost/127.0.0.1:36219
2023-02-22 04:44:48,791 [Listener at 127.0.0.1/36219] INFO  ha.OMHANodeDetails (OMHANodeDetails.java:loadOMHAConfig(121)) - ServiceID for OzoneManager is om-service-test1
2023-02-22 04:44:48,793 [Listener at 127.0.0.1/36219] INFO  ha.OMHANodeDetails (OMHANodeDetails.java:loadOMHAConfig(201)) - Found matching OM address with OMServiceId: om-service-test1, OMNodeId: omNode-2, RPC Address: localhost:40045 and Ratis port: 43939
2023-02-22 04:44:48,793 [Listener at 127.0.0.1/36219] INFO  ha.OMHANodeDetails (ConfUtils.java:setNodeSpecificConfigs(97)) - Setting configuration key ozone.om.http-address with value of key ozone.om.http-address.om-service-test1.omNode-2: 127.0.0.1:44001
2023-02-22 04:44:48,793 [Listener at 127.0.0.1/36219] INFO  ha.OMHANodeDetails (ConfUtils.java:setNodeSpecificConfigs(97)) - Setting configuration key ozone.om.https-address with value of key ozone.om.https-address.om-service-test1.omNode-2: 127.0.0.1:33909
2023-02-22 04:44:48,794 [Listener at 127.0.0.1/36219] INFO  ha.OMHANodeDetails (ConfUtils.java:setNodeSpecificConfigs(97)) - Setting configuration key ozone.om.address with value of key ozone.om.address.om-service-test1.omNode-2: 127.0.0.1:40045
2023-02-22 04:44:48,795 [Listener at 127.0.0.1/36219] WARN  server.ServerUtils (ServerUtils.java:getDBPath(225)) - ozone.om.db.dirs is not configured. We recommend adding this setting. Falling back to ozone.metadata.dirs instead.
2023-02-22 04:44:48,797 [org.apache.hadoop.util.JvmPauseMonitor$Monitor@26ddfb1b] INFO  util.JvmPauseMonitor (JvmPauseMonitor.java:run(188)) - Starting JVM pause monitor
2023-02-22 04:44:48,797 [Listener at 127.0.0.1/36219] INFO  proxy.SCMBlockLocationFailoverProxyProvider (SCMBlockLocationFailoverProxyProvider.java:<init>(114)) - Created block location fail-over proxy with 1 nodes: [nodeId=scmNodeId,nodeAddress=/0.0.0.0:34903]
OM initialization succeeded.Current cluster id for sd=/home/runner/work/ozone/ozone/hadoop-ozone/integration-test/target/test-dir/MiniOzoneClusterImpl-23364813-765e-4689-b759-17f9bf3914d5/omNode-2/om;cid=23364813-765e-4689-b759-17f9bf3914d5;layoutVersion=3
2023-02-22 04:44:48,804 [Listener at 127.0.0.1/36219] INFO  ha.OMHANodeDetails (OMHANodeDetails.java:loadOMHAConfig(121)) - ServiceID for OzoneManager is om-service-test1
2023-02-22 04:44:48,805 [Listener at 127.0.0.1/36219] INFO  ha.OMHANodeDetails (OMHANodeDetails.java:loadOMHAConfig(201)) - Found matching OM address with OMServiceId: om-service-test1, OMNodeId: omNode-2, RPC Address: localhost:40045 and Ratis port: 43939
2023-02-22 04:44:48,805 [Listener at 127.0.0.1/36219] INFO  ha.OMHANodeDetails (ConfUtils.java:setNodeSpecificConfigs(97)) - Setting configuration key ozone.om.http-address with value of key ozone.om.http-address.om-service-test1.omNode-2: 127.0.0.1:44001
2023-02-22 04:44:48,805 [Listener at 127.0.0.1/36219] INFO  ha.OMHANodeDetails (ConfUtils.java:setNodeSpecificConfigs(97)) - Setting configuration key ozone.om.https-address with value of key ozone.om.https-address.om-service-test1.omNode-2: 127.0.0.1:33909
2023-02-22 04:44:48,805 [Listener at 127.0.0.1/36219] INFO  ha.OMHANodeDetails (ConfUtils.java:setNodeSpecificConfigs(97)) - Setting configuration key ozone.om.address with value of key ozone.om.address.om-service-test1.omNode-2: 127.0.0.1:40045
2023-02-22 04:44:48,806 [Listener at 127.0.0.1/36219] WARN  server.ServerUtils (ServerUtils.java:getDBPath(225)) - ozone.om.db.dirs is not configured. We recommend adding this setting. Falling back to ozone.metadata.dirs instead.
2023-02-22 04:44:48,806 [Listener at 127.0.0.1/36219] INFO  upgrade.AbstractLayoutVersionManager (AbstractLayoutVersionManager.java:init(83)) - Initializing Layout version manager with metadata layout = MULTITENANCY_SCHEMA (version = 3), software layout = MULTITENANCY_SCHEMA (version = 3)
2023-02-22 04:44:48,878 [Listener at 127.0.0.1/36219] INFO  reflections.Reflections (Reflections.java:scan(232)) - Reflections took 71 ms to scan 2 urls, producing 166 keys and 457 values [using 2 cores]
2023-02-22 04:44:48,879 [Listener at 127.0.0.1/36219] INFO  upgrade.OMLayoutVersionManager (OMLayoutVersionManager.java:lambda$0(115)) - Skipping Upgrade Action MockOmUpgradeAction since it has been finalized.
2023-02-22 04:44:48,879 [Listener at 127.0.0.1/36219] WARN  server.ServerUtils (ServerUtils.java:getDBPath(225)) - ozone.om.db.dirs is not configured. We recommend adding this setting. Falling back to ozone.metadata.dirs instead.
2023-02-22 04:44:48,880 [Listener at 127.0.0.1/36219] INFO  proxy.SCMBlockLocationFailoverProxyProvider (SCMBlockLocationFailoverProxyProvider.java:<init>(114)) - Created block location fail-over proxy with 1 nodes: [nodeId=scmNodeId,nodeAddress=/0.0.0.0:34903]
2023-02-22 04:44:48,886 [Listener at 127.0.0.1/36219] INFO  proxy.SCMBlockLocationFailoverProxyProvider (SCMBlockLocationFailoverProxyProvider.java:<init>(114)) - Created block location fail-over proxy with 1 nodes: [nodeId=scmNodeId,nodeAddress=/0.0.0.0:34903]
2023-02-22 04:44:48,898 [Listener at 127.0.0.1/36219] INFO  om.OzoneManager (OzoneManager.java:<init>(615)) - OM start with adminUsers: [runner]
2023-02-22 04:44:48,900 [Listener at 127.0.0.1/36219] WARN  server.ServerUtils (ServerUtils.java:getDBPath(225)) - ozone.om.db.dirs is not configured. We recommend adding this setting. Falling back to ozone.metadata.dirs instead.
2023-02-22 04:44:48,900 [Listener at 127.0.0.1/36219] INFO  codec.OmKeyInfoCodec (OmKeyInfoCodec.java:<init>(49)) - OmKeyInfoCodec ignorePipeline = true
2023-02-22 04:44:48,900 [Listener at 127.0.0.1/36219] INFO  codec.RepeatedOmKeyInfoCodec (RepeatedOmKeyInfoCodec.java:<init>(41)) - RepeatedOmKeyInfoCodec ignorePipeline = true
2023-02-22 04:44:49,069 [Listener at 127.0.0.1/36219] INFO  om.OzoneManager (OzoneManager.java:instantiateServices(745)) - S3 Multi-Tenancy is disabled
2023-02-22 04:44:49,070 [Listener at 127.0.0.1/36219] WARN  server.ServerUtils (ServerUtils.java:getDBPath(225)) - ozone.om.snapshot.diff.db.dir is not configured. We recommend adding this setting. Falling back to ozone.metadata.dirs instead.
2023-02-22 04:44:49,079 [Listener at 127.0.0.1/36219] INFO  om.OzoneManager (OzoneManager.java:addS3GVolumeToDB(4179)) - Created Volume s3v With Owner runner required for S3Gateway operations.
2023-02-22 04:44:49,079 [Listener at 127.0.0.1/36219] WARN  server.ServerUtils (ServerUtils.java:getDefaultRatisDirectory(237)) - Storage directory for Ratis is not configured. It is a good idea to map this to an SSD disk. Falling back to ozone.metadata.dirs
2023-02-22 04:44:49,081 [Listener at 127.0.0.1/36219] WARN  utils.OzoneManagerRatisUtils (OzoneManagerRatisUtils.java:getOMRatisSnapshotDirectory(436)) - ozone.om.ratis.snapshot.dir is not configured. Falling back to ozone.metadata.dirs config
2023-02-22 04:44:49,082 [Listener at 127.0.0.1/36219] INFO  snapshot.OzoneManagerSnapshotProvider (OzoneManagerSnapshotProvider.java:<init>(76)) - Initializing OM Snapshot Provider
2023-02-22 04:44:49,085 [Listener at 127.0.0.1/36219] WARN  impl.MetricRegistriesImpl (MetricRegistriesImpl.java:addReporterRegistration(111)) - New reporters are added after registries were created. Some metrics will be missing from the reporter. Please add reporter before adding any new registry.
2023-02-22 04:44:49,086 [Listener at 127.0.0.1/36219] WARN  impl.MetricRegistriesImpl (MetricRegistriesImpl.java:addReporterRegistration(111)) - New reporters are added after registries were created. Some metrics will be missing from the reporter. Please add reporter before adding any new registry.
2023-02-22 04:44:49,086 [Listener at 127.0.0.1/36219] WARN  server.ServerUtils (ServerUtils.java:getDefaultRatisDirectory(237)) - Storage directory for Ratis is not configured. It is a good idea to map this to an SSD disk. Falling back to ozone.metadata.dirs
2023-02-22 04:44:49,087 [Listener at 127.0.0.1/36219] INFO  ratis.OzoneManagerRatisServer (OzoneManagerRatisServer.java:<init>(164)) - Instantiating OM Ratis server with groupID: om-service-test1 and peers: localhost:43939, localhost:43563, localhost:41041
2023-02-22 04:44:49,087 [Listener at 127.0.0.1/36219] INFO  ratis.OzoneManagerStateMachine (OzoneManagerStateMachine.java:loadSnapshotInfoFromDB(636)) - LastAppliedIndex is set from TransactionInfo from OM DB as (t:0, i:~)
2023-02-22 04:44:49,089 [Listener at 127.0.0.1/36219] INFO  server.RaftServer (ConfUtils.java:logGet(46)) - raft.rpc.type = GRPC (default)
2023-02-22 04:44:49,090 [Listener at 127.0.0.1/36219] INFO  grpc.GrpcConfigKeys (ConfUtils.java:logFallback(53)) - raft.grpc.admin.host = null (fallback to raft.grpc.server.host)
2023-02-22 04:44:49,090 [Listener at 127.0.0.1/36219] INFO  grpc.GrpcConfigKeys (ConfUtils.java:logFallback(53)) - raft.grpc.admin.port = 43939 (fallback to raft.grpc.server.port)
2023-02-22 04:44:49,090 [Listener at 127.0.0.1/36219] INFO  grpc.GrpcConfigKeys (ConfUtils.java:logFallback(53)) - raft.grpc.client.host = null (fallback to raft.grpc.server.host)
2023-02-22 04:44:49,090 [Listener at 127.0.0.1/36219] INFO  grpc.GrpcConfigKeys (ConfUtils.java:logFallback(53)) - raft.grpc.client.port = 43939 (fallback to raft.grpc.server.port)
2023-02-22 04:44:49,090 [Listener at 127.0.0.1/36219] INFO  grpc.GrpcConfigKeys (ConfUtils.java:logGet(46)) - raft.grpc.server.host = null (default)
2023-02-22 04:44:49,090 [Listener at 127.0.0.1/36219] INFO  grpc.GrpcConfigKeys (ConfUtils.java:logGet(46)) - raft.grpc.server.port = 43939 (custom)
2023-02-22 04:44:49,091 [Listener at 127.0.0.1/36219] INFO  server.GrpcService (ConfUtils.java:logGet(46)) - raft.grpc.message.size.max = 33554432 (custom)
2023-02-22 04:44:49,091 [Listener at 127.0.0.1/36219] INFO  server.RaftServerConfigKeys (ConfUtils.java:logGet(46)) - raft.server.log.appender.buffer.byte-limit = 33554432 (custom)
2023-02-22 04:44:49,091 [Listener at 127.0.0.1/36219] INFO  server.GrpcService (ConfUtils.java:logGet(46)) - raft.grpc.flow.control.window = 1MB (=1048576) (default)
2023-02-22 04:44:49,091 [Listener at 127.0.0.1/36219] INFO  server.RaftServerConfigKeys (ConfUtils.java:logGet(46)) - raft.server.rpc.request.timeout = 3000ms (default)
2023-02-22 04:44:49,091 [Listener at 127.0.0.1/36219] INFO  grpc.GrpcConfigKeys (ConfUtils.java:logGet(46)) - raft.grpc.server.heartbeat.channel = true (default)
2023-02-22 04:44:49,091 [Listener at 127.0.0.1/36219] INFO  grpc.GrpcConfigKeys (ConfUtils.java:logGet(46)) - raft.grpc.server.async.request.thread.pool.cached = true (default)
2023-02-22 04:44:49,091 [Listener at 127.0.0.1/36219] INFO  grpc.GrpcConfigKeys (ConfUtils.java:logGet(46)) - raft.grpc.server.async.request.thread.pool.size = 32 (default)
2023-02-22 04:44:49,092 [Listener at 127.0.0.1/36219] INFO  impl.DataStreamServerImpl (ConfUtils.java:logGet(46)) - raft.datastream.type = DISABLED (default)
2023-02-22 04:44:49,093 [Listener at 127.0.0.1/36219] INFO  server.RaftServerConfigKeys (ConfUtils.java:logGet(46)) - raft.server.threadpool.proxy.cached = true (default)
2023-02-22 04:44:49,093 [Listener at 127.0.0.1/36219] INFO  server.RaftServerConfigKeys (ConfUtils.java:logGet(46)) - raft.server.threadpool.proxy.size = 0 (default)
2023-02-22 04:44:49,093 [Listener at 127.0.0.1/36219] INFO  server.RaftServerConfigKeys (ConfUtils.java:logGet(46)) - raft.server.rpc.slowness.timeout = 2s (custom)
2023-02-22 04:44:49,093 [Listener at 127.0.0.1/36219] INFO  server.RaftServerConfigKeys (ConfUtils.java:logGet(46)) - raft.server.leaderelection.leader.step-down.wait-time = 10s (default)
2023-02-22 04:44:49,093 [Listener at 127.0.0.1/36219] INFO  server.RaftServerConfigKeys (ConfUtils.java:logGet(46)) - raft.server.storage.dir = [/home/runner/work/ozone/ozone/hadoop-ozone/integration-test/target/test-dir/MiniOzoneClusterImpl-23364813-765e-4689-b759-17f9bf3914d5/omNode-2/ratis] (custom)
2023-02-22 04:44:49,094 [Listener at 127.0.0.1/36219] INFO  server.RaftServer (RaftServerProxy.java:addNew(96)) - omNode-2: addNew group-523986131536:[omNode-3|rpc:localhost:43563|priority:0|startupRole:FOLLOWER, omNode-1|rpc:localhost:41041|priority:0|startupRole:FOLLOWER, omNode-2|rpc:localhost:43939|priority:0|startupRole:FOLLOWER] returns group-523986131536:java.util.concurrent.CompletableFuture@1c97ede3[Not completed]
2023-02-22 04:44:49,094 [Listener at 127.0.0.1/36219] INFO  om.OzoneManager (OzoneManager.java:initializeRatisServer(2080)) - OzoneManager Ratis server initialized at port 43939
2023-02-22 04:44:49,094 [Listener at 127.0.0.1/36219] INFO  om.OzoneManager (OzoneManager.java:getRpcServer(1128)) - Creating RPC Server
2023-02-22 04:44:49,095 [pool-85-thread-1] INFO  server.RaftServer$Division (RaftServerImpl.java:<init>(195)) - omNode-2: new RaftServerImpl for group-523986131536:[omNode-3|rpc:localhost:43563|priority:0|startupRole:FOLLOWER, omNode-1|rpc:localhost:41041|priority:0|startupRole:FOLLOWER, omNode-2|rpc:localhost:43939|priority:0|startupRole:FOLLOWER] with OzoneManagerStateMachine:uninitialized
2023-02-22 04:44:49,096 [pool-85-thread-1] INFO  server.RaftServerConfigKeys (ConfUtils.java:logGet(46)) - raft.server.rpc.timeout.min = 1s (custom)
2023-02-22 04:44:49,096 [pool-85-thread-1] INFO  server.RaftServerConfigKeys (ConfUtils.java:logGet(46)) - raft.server.rpc.timeout.max = 1200ms (custom)
2023-02-22 04:44:49,096 [pool-85-thread-1] INFO  server.RaftServerConfigKeys (ConfUtils.java:logGet(46)) - raft.server.rpc.sleep.time = 25ms (default)
2023-02-22 04:44:49,096 [pool-85-thread-1] INFO  server.RaftServerConfigKeys (ConfUtils.java:logGet(46)) - raft.server.rpc.slowness.timeout = 2s (custom)
2023-02-22 04:44:49,096 [pool-85-thread-1] INFO  server.RaftServerConfigKeys (ConfUtils.java:logGet(46)) - raft.server.leaderelection.leader.step-down.wait-time = 10s (default)
2023-02-22 04:44:49,096 [pool-85-thread-1] INFO  server.RaftServerConfigKeys (ConfUtils.java:logGet(46)) - raft.server.sleep.deviation.threshold = 300ms (default)
2023-02-22 04:44:49,096 [pool-85-thread-1] INFO  server.RaftServer$Division (ServerState.java:<init>(118)) - omNode-2@group-523986131536: ConfigurationManager, init=-1: peers:[omNode-3|rpc:localhost:43563|priority:0|startupRole:FOLLOWER, omNode-1|rpc:localhost:41041|priority:0|startupRole:FOLLOWER, omNode-2|rpc:localhost:43939|priority:0|startupRole:FOLLOWER]|listeners:[], old=null, confs=<EMPTY_MAP>
2023-02-22 04:44:49,096 [pool-85-thread-1] INFO  server.RaftServerConfigKeys (ConfUtils.java:logGet(46)) - raft.server.storage.dir = [/home/runner/work/ozone/ozone/hadoop-ozone/integration-test/target/test-dir/MiniOzoneClusterImpl-23364813-765e-4689-b759-17f9bf3914d5/omNode-2/ratis] (custom)
2023-02-22 04:44:49,096 [pool-85-thread-1] INFO  server.RaftServerConfigKeys (ConfUtils.java:logGet(46)) - raft.server.log.corruption.policy = EXCEPTION (default)
2023-02-22 04:44:49,096 [pool-85-thread-1] INFO  server.RaftServerConfigKeys (ConfUtils.java:logGet(46)) - raft.server.storage.free-space.min = 0MB (=0) (default)
2023-02-22 04:44:49,097 [pool-85-thread-1] INFO  server.RaftServerConfigKeys (ConfUtils.java:logGet(46)) - raft.server.notification.no-leader.timeout = 2s (custom)
2023-02-22 04:44:49,097 [pool-85-thread-1] INFO  server.RaftServerConfigKeys (ConfUtils.java:logGet(46)) - raft.server.retrycache.expirytime = 300s (custom)
2023-02-22 04:44:49,097 [pool-85-thread-1] INFO  server.RaftServerConfigKeys (ConfUtils.java:logGet(46)) - raft.server.retrycache.statistics.expirytime = 100μs (default)
2023-02-22 04:44:49,099 [pool-85-thread-1] INFO  server.RaftServerConfigKeys (ConfUtils.java:logGet(46)) - raft.server.log.appender.install.snapshot.enabled = false (custom)
2023-02-22 04:44:49,099 [pool-85-thread-1] INFO  server.RaftServerConfigKeys (ConfUtils.java:logGet(46)) - raft.server.threadpool.server.cached = true (default)
2023-02-22 04:44:49,099 [pool-85-thread-1] INFO  server.RaftServerConfigKeys (ConfUtils.java:logGet(46)) - raft.server.threadpool.server.size = 0 (default)
2023-02-22 04:44:49,099 [pool-85-thread-1] INFO  server.RaftServerConfigKeys (ConfUtils.java:logGet(46)) - raft.server.threadpool.client.cached = true (default)
2023-02-22 04:44:49,100 [pool-85-thread-1] INFO  server.RaftServerConfigKeys (ConfUtils.java:logGet(46)) - raft.server.threadpool.client.size = 0 (default)
2023-02-22 04:44:49,655 [Listener at 127.0.0.1/36219] INFO  reflections.Reflections (Reflections.java:scan(232)) - Reflections took 560 ms to scan 19 urls, producing 69 keys and 4835 values [using 2 cores]
2023-02-22 04:44:49,657 [Listener at 127.0.0.1/36219] INFO  ipc.CallQueueManager (CallQueueManager.java:<init>(90)) - Using callQueue: class java.util.concurrent.LinkedBlockingQueue, queueCapacity: 2000, scheduler: class org.apache.hadoop.ipc.DefaultRpcScheduler, ipcBackoff: false.
2023-02-22 04:44:49,677 [Socket Reader #1 for port 40045] INFO  ipc.Server (Server.java:run(1273)) - Starting Socket Reader #1 for port 40045
2023-02-22 04:44:49,708 [omNode-1@group-523986131536-FollowerState] INFO  impl.FollowerState (FollowerState.java:run(143)) - omNode-1@group-523986131536-FollowerState: change to CANDIDATE, lastRpcElapsedTime:1038813951ns, electionTimeout:1026ms
2023-02-22 04:44:49,709 [omNode-1@group-523986131536-FollowerState] INFO  impl.RoleInfo (RoleInfo.java:shutdownFollowerState(110)) - omNode-1: shutdown omNode-1@group-523986131536-FollowerState
2023-02-22 04:44:49,714 [omNode-1@group-523986131536-FollowerState] INFO  server.RaftServer$Division (RaftServerImpl.java:setRole(321)) - omNode-1@group-523986131536: changes role from  FOLLOWER to CANDIDATE at term 0 for changeToCandidate
2023-02-22 04:44:49,719 [Listener at 127.0.0.1/40045] INFO  impl.MetricsSystemImpl (MetricsSystemImpl.java:init(158)) - OzoneManager metrics system started (again)
2023-02-22 04:44:49,736 [Listener at 127.0.0.1/40045] INFO  om.OzoneManager (OzoneManager.java:start(1548)) - OzoneManager RPC server is listening at localhost/127.0.0.1:40045
2023-02-22 04:44:49,737 [Listener at 127.0.0.1/40045] INFO  ratis.OzoneManagerRatisServer (OzoneManagerRatisServer.java:start(559)) - Starting OzoneManagerRatisServer omNode-2 at port 43939
2023-02-22 04:44:49,737 [omNode-2-impl-thread1] INFO  storage.RaftStorageDirectory (RaftStorageDirectoryImpl.java:analyzeStorage(137)) - The storage directory /home/runner/work/ozone/ozone/hadoop-ozone/integration-test/target/test-dir/MiniOzoneClusterImpl-23364813-765e-4689-b759-17f9bf3914d5/omNode-2/ratis/c9bc4cf4-3bc3-3c60-a66b-523986131536 does not exist. Creating ...
2023-02-22 04:44:49,738 [omNode-2-impl-thread1] INFO  storage.RaftStorageDirectory (RaftStorageDirectoryImpl.java:tryLock(231)) - Lock on /home/runner/work/ozone/ozone/hadoop-ozone/integration-test/target/test-dir/MiniOzoneClusterImpl-23364813-765e-4689-b759-17f9bf3914d5/omNode-2/ratis/c9bc4cf4-3bc3-3c60-a66b-523986131536/in_use.lock acquired by nodename 93364@fv-az748-120
2023-02-22 04:44:49,739 [omNode-2-impl-thread1] INFO  storage.RaftStorage (RaftStorageImpl.java:format(96)) - Storage directory /home/runner/work/ozone/ozone/hadoop-ozone/integration-test/target/test-dir/MiniOzoneClusterImpl-23364813-765e-4689-b759-17f9bf3914d5/omNode-2/ratis/c9bc4cf4-3bc3-3c60-a66b-523986131536 has been successfully formatted.
2023-02-22 04:44:49,740 [omNode-2-impl-thread1] INFO  server.RaftServerConfigKeys (ConfUtils.java:logGet(46)) - raft.server.log.use.memory = false (default)
2023-02-22 04:44:49,741 [omNode-1@group-523986131536-FollowerState] INFO  server.RaftServerConfigKeys (ConfUtils.java:logGet(46)) - raft.server.leaderelection.pre-vote = true (default)
2023-02-22 04:44:49,741 [omNode-2-impl-thread1] INFO  server.RaftServerConfigKeys (ConfUtils.java:logGet(46)) - raft.server.log.purge.gap = 1000000 (custom)
2023-02-22 04:44:49,741 [omNode-1@group-523986131536-FollowerState] INFO  impl.RoleInfo (RoleInfo.java:updateAndGet(139)) - omNode-1: start omNode-1@group-523986131536-LeaderElection1
2023-02-22 04:44:49,741 [omNode-2-impl-thread1] INFO  server.RaftServerConfigKeys (ConfUtils.java:logGet(46)) - raft.server.log.appender.buffer.byte-limit = 33554432 (custom)
2023-02-22 04:44:49,741 [omNode-2-impl-thread1] INFO  server.RaftServerConfigKeys (ConfUtils.java:logGet(46)) - raft.server.log.statemachine.data.read.timeout = 1000ms (default)
2023-02-22 04:44:49,741 [omNode-2-impl-thread1] INFO  server.RaftServerConfigKeys (ConfUtils.java:logGet(46)) - raft.server.log.purge.preservation.log.num = 0 (default)
2023-02-22 04:44:49,741 [omNode-2-impl-thread1] INFO  server.RaftServerConfigKeys (ConfUtils.java:logGet(46)) - raft.server.log.segment.size.max = 4194304 (custom)
2023-02-22 04:44:49,742 [omNode-2-impl-thread1] INFO  server.RaftServerConfigKeys (ConfUtils.java:logGet(46)) - raft.server.log.segment.cache.num.max = 2 (custom)
2023-02-22 04:44:49,742 [omNode-2-impl-thread1] INFO  server.RaftServerConfigKeys (ConfUtils.java:logGet(46)) - raft.server.log.segment.cache.size.max = 200MB (=209715200) (default)
2023-02-22 04:44:49,742 [omNode-2-impl-thread1] INFO  segmented.SegmentedRaftLogWorker (SegmentedRaftLogWorker.java:<init>(189)) - new omNode-2@group-523986131536-SegmentedRaftLogWorker for RaftStorageImpl:Storage Directory /home/runner/work/ozone/ozone/hadoop-ozone/integration-test/target/test-dir/MiniOzoneClusterImpl-23364813-765e-4689-b759-17f9bf3914d5/omNode-2/ratis/c9bc4cf4-3bc3-3c60-a66b-523986131536
2023-02-22 04:44:49,742 [omNode-2-impl-thread1] INFO  server.RaftServerConfigKeys (ConfUtils.java:logGet(46)) - raft.server.log.queue.byte-limit = 64MB (=67108864) (default)
2023-02-22 04:44:49,742 [omNode-2-impl-thread1] INFO  server.RaftServerConfigKeys (ConfUtils.java:logGet(46)) - raft.server.log.queue.element-limit = 4096 (default)
2023-02-22 04:44:49,742 [omNode-2-impl-thread1] INFO  server.RaftServerConfigKeys (ConfUtils.java:logGet(46)) - raft.server.log.segment.size.max = 4194304 (custom)
2023-02-22 04:44:49,742 [omNode-2-impl-thread1] INFO  server.RaftServerConfigKeys (ConfUtils.java:logGet(46)) - raft.server.log.preallocated.size = 4194304 (custom)
2023-02-22 04:44:49,742 [omNode-2-impl-thread1] INFO  server.RaftServerConfigKeys (ConfUtils.java:logGet(46)) - raft.server.log.force.sync.num = 128 (default)
2023-02-22 04:44:49,742 [omNode-2-impl-thread1] INFO  server.RaftServerConfigKeys (ConfUtils.java:logGet(46)) - raft.server.log.statemachine.data.sync = true (default)
2023-02-22 04:44:49,743 [omNode-2-impl-thread1] INFO  server.RaftServerConfigKeys (ConfUtils.java:logGet(46)) - raft.server.log.statemachine.data.sync.timeout = 10s (default)
2023-02-22 04:44:49,743 [omNode-2-impl-thread1] INFO  server.RaftServerConfigKeys (ConfUtils.java:logGet(46)) - raft.server.log.statemachine.data.sync.timeout.retry = -1 (default)
2023-02-22 04:44:49,743 [omNode-2-impl-thread1] INFO  server.RaftServerConfigKeys (ConfUtils.java:logGet(46)) - raft.server.log.write.buffer.size = 64KB (=65536) (default)
2023-02-22 04:44:49,744 [omNode-2-impl-thread1] INFO  server.RaftServerConfigKeys (ConfUtils.java:logGet(46)) - raft.server.log.appender.buffer.byte-limit = 33554432 (custom)
2023-02-22 04:44:49,747 [omNode-2-impl-thread1] INFO  server.RaftServerConfigKeys (ConfUtils.java:logGet(46)) - raft.server.log.unsafe-flush.enabled = false (default)
2023-02-22 04:44:49,747 [omNode-2-impl-thread1] INFO  server.RaftServerConfigKeys (ConfUtils.java:logGet(46)) - raft.server.log.async-flush.enabled = false (default)
2023-02-22 04:44:49,747 [omNode-2-impl-thread1] INFO  server.RaftServerConfigKeys (ConfUtils.java:logGet(46)) - raft.server.log.statemachine.data.caching.enabled = false (default)
2023-02-22 04:44:49,747 [omNode-2-impl-thread1] INFO  segmented.SegmentedRaftLogWorker (SegmentedRaftLogWorker.java:lambda$new$0(135)) - omNode-2@group-523986131536-SegmentedRaftLogWorker: flushIndex: setUnconditionally 0 -> -1
2023-02-22 04:44:49,747 [omNode-2-impl-thread1] INFO  segmented.SegmentedRaftLogWorker (SegmentedRaftLogWorker.java:lambda$new$0(135)) - omNode-2@group-523986131536-SegmentedRaftLogWorker: safeCacheEvictIndex: setUnconditionally 0 -> -1
2023-02-22 04:44:49,750 [omNode-1@group-523986131536-LeaderElection1] INFO  impl.LeaderElection (LeaderElection.java:askForVotes(312)) - omNode-1@group-523986131536-LeaderElection1 PRE_VOTE round 0: submit vote requests at term 0 for -1: peers:[omNode-3|rpc:localhost:43563|priority:0|startupRole:FOLLOWER, omNode-1|rpc:localhost:41041|priority:0|startupRole:FOLLOWER, omNode-2|rpc:localhost:43939|priority:0|startupRole:FOLLOWER]|listeners:[], old=null
2023-02-22 04:44:49,753 [omNode-2-impl-thread1] INFO  server.RaftServer$Division (RaftServerImpl.java:start(334)) - omNode-2@group-523986131536: start as a follower, conf=-1: peers:[omNode-3|rpc:localhost:43563|priority:0|startupRole:FOLLOWER, omNode-1|rpc:localhost:41041|priority:0|startupRole:FOLLOWER, omNode-2|rpc:localhost:43939|priority:0|startupRole:FOLLOWER]|listeners:[], old=null
2023-02-22 04:44:49,753 [omNode-2-impl-thread1] INFO  server.RaftServer$Division (RaftServerImpl.java:setRole(321)) - omNode-2@group-523986131536: changes role from      null to FOLLOWER at term 0 for startAsFollower
2023-02-22 04:44:49,754 [omNode-2-impl-thread1] INFO  impl.RoleInfo (RoleInfo.java:updateAndGet(139)) - omNode-2: start omNode-2@group-523986131536-FollowerState
2023-02-22 04:44:49,757 [omNode-2-impl-thread1] INFO  util.JmxRegister (JmxRegister.java:tryRegister(44)) - Successfully registered JMX Bean with object name Ratis:service=RaftServer,group=group-523986131536,id=omNode-2
2023-02-22 04:44:49,758 [omNode-2-impl-thread1] INFO  server.RaftServerConfigKeys (ConfUtils.java:logGet(46)) - raft.server.snapshot.auto.trigger.enabled = true (custom)
2023-02-22 04:44:49,758 [omNode-2-impl-thread1] INFO  server.RaftServerConfigKeys (ConfUtils.java:logGet(46)) - raft.server.snapshot.auto.trigger.threshold = 400000 (default)
2023-02-22 04:44:49,758 [omNode-2-impl-thread1] INFO  server.RaftServerConfigKeys (ConfUtils.java:logGet(46)) - raft.server.snapshot.retention.file.num = -1 (default)
2023-02-22 04:44:49,758 [omNode-2-impl-thread1] INFO  server.RaftServerConfigKeys (ConfUtils.java:logGet(46)) - raft.server.log.purge.upto.snapshot.index = true (custom)
2023-02-22 04:44:49,762 [Listener at 127.0.0.1/40045] INFO  server.RaftServer (RaftServerProxy.java:startImpl(393)) - omNode-2: start RPC server
2023-02-22 04:44:49,764 [Listener at 127.0.0.1/40045] INFO  server.GrpcService (GrpcService.java:startImpl(262)) - omNode-2: GrpcService started, listening on 43939
2023-02-22 04:44:49,769 [omNode-2@group-523986131536-FollowerState] INFO  server.RaftServerConfigKeys (ConfUtils.java:logFallback(53)) - raft.server.rpc.first-election.timeout.min = 1s (fallback to raft.server.rpc.timeout.min)
2023-02-22 04:44:49,769 [Listener at 127.0.0.1/40045] INFO  om.OzoneManager (OzoneManager.java:start(1564)) - Version File has different layout version (3) than OM DB (null). That is expected if this OM has never been finalized to a newer layout version.
2023-02-22 04:44:49,769 [omNode-2@group-523986131536-FollowerState] INFO  server.RaftServerConfigKeys (ConfUtils.java:logFallback(53)) - raft.server.rpc.first-election.timeout.max = 1200ms (fallback to raft.server.rpc.timeout.max)
2023-02-22 04:44:49,769 [JvmPauseMonitor1] INFO  util.JvmPauseMonitor (JvmPauseMonitor.java:run(105)) - JvmPauseMonitor-omNode-2: Started
2023-02-22 04:44:49,782 [Listener at 127.0.0.1/40045] INFO  http.BaseHttpServer (BaseHttpServer.java:newHttpServer2BuilderForOzone(213)) - Starting Web-server for ozoneManager at: http://0.0.0.0:44001
2023-02-22 04:44:49,782 [Listener at 127.0.0.1/40045] INFO  http.BaseHttpServer (BaseHttpServer.java:<init>(108)) - Hadoop Security Enabled: false Ozone Security Enabled: false Ozone HTTP Security Enabled: false 
2023-02-22 04:44:49,784 [Listener at 127.0.0.1/40045] WARN  server.AuthenticationFilter (AuthenticationFilter.java:constructSecretProvider(240)) - Unable to initialize FileSignerSecretProvider, falling back to use random secrets. Reason: Could not read signature secret file: /home/runner/hadoop-http-auth-signature-secret
2023-02-22 04:44:49,792 [omNode-1@group-523986131536-LeaderElection1] INFO  server.RaftServerConfigKeys (ConfUtils.java:logFallback(53)) - raft.server.rpc.first-election.timeout.min = 1s (fallback to raft.server.rpc.timeout.min)
2023-02-22 04:44:49,792 [omNode-1@group-523986131536-LeaderElection1] INFO  server.RaftServerConfigKeys (ConfUtils.java:logFallback(53)) - raft.server.rpc.first-election.timeout.max = 1200ms (fallback to raft.server.rpc.timeout.max)
2023-02-22 04:44:49,795 [omNode-1@group-523986131536-LeaderElection1-1] INFO  server.GrpcServerProtocolClient (GrpcServerProtocolClient.java:<init>(63)) - Build channel for omNode-3
2023-02-22 04:44:49,798 [Listener at 127.0.0.1/40045] WARN  http.HttpRequestLog (HttpRequestLog.java:getRequestLog(103)) - Jetty request log can only be enabled using Log4j
2023-02-22 04:44:49,799 [Listener at 127.0.0.1/40045] INFO  http.HttpServer2 (HttpServer2.java:addGlobalFilter(1031)) - Added global filter 'safety' (class=org.apache.hadoop.hdds.server.http.HttpServer2$QuotingInputFilter)
2023-02-22 04:44:49,800 [Listener at 127.0.0.1/40045] INFO  http.HttpServer2 (HttpServer2.java:addFilter(1007)) - Added filter static_user_filter (class=org.apache.hadoop.http.lib.StaticUserWebFilter$StaticUserFilter) to context ozoneManager
2023-02-22 04:44:49,800 [Listener at 127.0.0.1/40045] INFO  http.HttpServer2 (HttpServer2.java:addFilter(1015)) - Added filter static_user_filter (class=org.apache.hadoop.http.lib.StaticUserWebFilter$StaticUserFilter) to context static
2023-02-22 04:44:49,801 [Listener at 127.0.0.1/40045] INFO  http.HttpServer2 (HttpServer2.java:addFilter(1015)) - Added filter static_user_filter (class=org.apache.hadoop.http.lib.StaticUserWebFilter$StaticUserFilter) to context logs
2023-02-22 04:44:49,798 [omNode-1@group-523986131536-LeaderElection1-2] INFO  server.GrpcServerProtocolClient (GrpcServerProtocolClient.java:<init>(63)) - Build channel for omNode-2
2023-02-22 04:44:49,804 [Listener at 127.0.0.1/40045] INFO  http.HttpServer2 (HttpServer2.java:bindListener(1250)) - Jetty bound to port 44001
2023-02-22 04:44:49,804 [Listener at 127.0.0.1/40045] INFO  server.Server (Server.java:doStart(375)) - jetty-9.4.49.v20220914; built: 2022-09-14T01:07:36.601Z; git: 4231a3b2e4cb8548a412a789936d640a97b1aa0a; jvm 1.8.0_362-b09
2023-02-22 04:44:49,810 [Listener at 127.0.0.1/40045] INFO  server.session (DefaultSessionIdManager.java:doStart(334)) - DefaultSessionIdManager workerName=node0
2023-02-22 04:44:49,810 [Listener at 127.0.0.1/40045] INFO  server.session (DefaultSessionIdManager.java:doStart(339)) - No SessionScavenger set, using defaults
2023-02-22 04:44:49,810 [Listener at 127.0.0.1/40045] INFO  server.session (HouseKeeper.java:startScavenging(132)) - node0 Scavenging every 660000ms
2023-02-22 04:44:49,813 [Listener at 127.0.0.1/40045] INFO  handler.ContextHandler (ContextHandler.java:doStart(921)) - Started o.e.j.s.ServletContextHandler@48701496{logs,/logs,file:///home/runner/work/ozone/ozone/hadoop-ozone/integration-test/target/log,AVAILABLE}
2023-02-22 04:44:49,814 [Listener at 127.0.0.1/40045] INFO  handler.ContextHandler (ContextHandler.java:doStart(921)) - Started o.e.j.s.ServletContextHandler@3a65e121{static,/static,file:///home/runner/work/ozone/ozone/hadoop-ozone/integration-test/target/test-classes/webapps/static,AVAILABLE}
2023-02-22 04:44:49,835 [Listener at 127.0.0.1/40045] INFO  handler.ContextHandler (ContextHandler.java:doStart(921)) - Started o.e.j.w.WebAppContext@14d4fe82{ozoneManager,/,file:///home/runner/work/ozone/ozone/hadoop-ozone/integration-test/target/test-classes/webapps/ozoneManager/,AVAILABLE}{file:/home/runner/work/ozone/ozone/hadoop-ozone/integration-test/target/test-classes/webapps/ozoneManager}
2023-02-22 04:44:49,836 [Listener at 127.0.0.1/40045] INFO  server.AbstractConnector (AbstractConnector.java:doStart(333)) - Started ServerConnector@34df1c2{HTTP/1.1, (http/1.1)}{0.0.0.0:44001}
2023-02-22 04:44:49,839 [Listener at 127.0.0.1/40045] INFO  server.Server (Server.java:doStart(415)) - Started @8279ms
2023-02-22 04:44:49,839 [Listener at 127.0.0.1/40045] WARN  impl.MetricsSystemImpl (MetricsSystemImpl.java:register(279)) - Sink prometheus already exists!
2023-02-22 04:44:49,840 [Listener at 127.0.0.1/40045] INFO  http.BaseHttpServer (BaseHttpServer.java:updateConnectorAddress(333)) - HTTP server of ozoneManager listening at http://0.0.0.0:44001
2023-02-22 04:44:49,842 [IPC Server Responder] INFO  ipc.Server (Server.java:run(1512)) - IPC Server Responder: starting
2023-02-22 04:44:49,842 [IPC Server listener on 40045] INFO  ipc.Server (Server.java:run(1352)) - IPC Server listener on 40045: starting
2023-02-22 04:44:49,847 [Listener at 127.0.0.1/40045] INFO  om.OzoneManager (OzoneManager.java:startTrashEmptier(2024)) - Trash Interval set to 0. Files deleted won't move to trash
2023-02-22 04:44:49,848 [Listener at 127.0.0.1/40045] INFO  ozone.MiniOzoneHAClusterImpl (MiniOzoneHAClusterImpl.java:createOMService(527)) - Started OzoneManager omNode-2 RPC server at localhost/127.0.0.1:40045
2023-02-22 04:44:49,849 [Listener at 127.0.0.1/40045] INFO  ha.OMHANodeDetails (OMHANodeDetails.java:loadOMHAConfig(121)) - ServiceID for OzoneManager is om-service-test1
2023-02-22 04:44:49,850 [Listener at 127.0.0.1/40045] INFO  ha.OMHANodeDetails (OMHANodeDetails.java:loadOMHAConfig(201)) - Found matching OM address with OMServiceId: om-service-test1, OMNodeId: omNode-3, RPC Address: localhost:35585 and Ratis port: 43563
2023-02-22 04:44:49,850 [Listener at 127.0.0.1/40045] INFO  ha.OMHANodeDetails (ConfUtils.java:setNodeSpecificConfigs(97)) - Setting configuration key ozone.om.http-address with value of key ozone.om.http-address.om-service-test1.omNode-3: 127.0.0.1:32991
2023-02-22 04:44:49,850 [Listener at 127.0.0.1/40045] INFO  ha.OMHANodeDetails (ConfUtils.java:setNodeSpecificConfigs(97)) - Setting configuration key ozone.om.https-address with value of key ozone.om.https-address.om-service-test1.omNode-3: 127.0.0.1:43593
2023-02-22 04:44:49,850 [Listener at 127.0.0.1/40045] INFO  ha.OMHANodeDetails (ConfUtils.java:setNodeSpecificConfigs(97)) - Setting configuration key ozone.om.address with value of key ozone.om.address.om-service-test1.omNode-3: 127.0.0.1:35585
2023-02-22 04:44:49,850 [Listener at 127.0.0.1/40045] WARN  server.ServerUtils (ServerUtils.java:getDBPath(225)) - ozone.om.db.dirs is not configured. We recommend adding this setting. Falling back to ozone.metadata.dirs instead.
2023-02-22 04:44:49,851 [Listener at 127.0.0.1/40045] INFO  proxy.SCMBlockLocationFailoverProxyProvider (SCMBlockLocationFailoverProxyProvider.java:<init>(114)) - Created block location fail-over proxy with 1 nodes: [nodeId=scmNodeId,nodeAddress=/0.0.0.0:34903]
2023-02-22 04:44:49,854 [org.apache.hadoop.util.JvmPauseMonitor$Monitor@6cbe5b2a] INFO  util.JvmPauseMonitor (JvmPauseMonitor.java:run(188)) - Starting JVM pause monitor
OM initialization succeeded.Current cluster id for sd=/home/runner/work/ozone/ozone/hadoop-ozone/integration-test/target/test-dir/MiniOzoneClusterImpl-23364813-765e-4689-b759-17f9bf3914d5/omNode-3/om;cid=23364813-765e-4689-b759-17f9bf3914d5;layoutVersion=3
2023-02-22 04:44:49,874 [Listener at 127.0.0.1/40045] INFO  ha.OMHANodeDetails (OMHANodeDetails.java:loadOMHAConfig(121)) - ServiceID for OzoneManager is om-service-test1
2023-02-22 04:44:49,875 [Listener at 127.0.0.1/40045] INFO  ha.OMHANodeDetails (OMHANodeDetails.java:loadOMHAConfig(201)) - Found matching OM address with OMServiceId: om-service-test1, OMNodeId: omNode-3, RPC Address: localhost:35585 and Ratis port: 43563
2023-02-22 04:44:49,875 [Listener at 127.0.0.1/40045] INFO  ha.OMHANodeDetails (ConfUtils.java:setNodeSpecificConfigs(97)) - Setting configuration key ozone.om.http-address with value of key ozone.om.http-address.om-service-test1.omNode-3: 127.0.0.1:32991
2023-02-22 04:44:49,875 [Listener at 127.0.0.1/40045] INFO  ha.OMHANodeDetails (ConfUtils.java:setNodeSpecificConfigs(97)) - Setting configuration key ozone.om.https-address with value of key ozone.om.https-address.om-service-test1.omNode-3: 127.0.0.1:43593
2023-02-22 04:44:49,875 [Listener at 127.0.0.1/40045] INFO  ha.OMHANodeDetails (ConfUtils.java:setNodeSpecificConfigs(97)) - Setting configuration key ozone.om.address with value of key ozone.om.address.om-service-test1.omNode-3: 127.0.0.1:35585
2023-02-22 04:44:49,876 [Listener at 127.0.0.1/40045] WARN  server.ServerUtils (ServerUtils.java:getDBPath(225)) - ozone.om.db.dirs is not configured. We recommend adding this setting. Falling back to ozone.metadata.dirs instead.
2023-02-22 04:44:49,876 [Listener at 127.0.0.1/40045] INFO  upgrade.AbstractLayoutVersionManager (AbstractLayoutVersionManager.java:init(83)) - Initializing Layout version manager with metadata layout = MULTITENANCY_SCHEMA (version = 3), software layout = MULTITENANCY_SCHEMA (version = 3)
2023-02-22 04:44:50,013 [Listener at 127.0.0.1/40045] INFO  reflections.Reflections (Reflections.java:scan(232)) - Reflections took 136 ms to scan 2 urls, producing 166 keys and 457 values [using 2 cores]
2023-02-22 04:44:50,014 [Listener at 127.0.0.1/40045] INFO  upgrade.OMLayoutVersionManager (OMLayoutVersionManager.java:lambda$0(115)) - Skipping Upgrade Action MockOmUpgradeAction since it has been finalized.
2023-02-22 04:44:50,014 [Listener at 127.0.0.1/40045] WARN  server.ServerUtils (ServerUtils.java:getDBPath(225)) - ozone.om.db.dirs is not configured. We recommend adding this setting. Falling back to ozone.metadata.dirs instead.
2023-02-22 04:44:50,015 [Listener at 127.0.0.1/40045] INFO  proxy.SCMBlockLocationFailoverProxyProvider (SCMBlockLocationFailoverProxyProvider.java:<init>(114)) - Created block location fail-over proxy with 1 nodes: [nodeId=scmNodeId,nodeAddress=/0.0.0.0:34903]
2023-02-22 04:44:50,016 [Listener at 127.0.0.1/40045] INFO  proxy.SCMBlockLocationFailoverProxyProvider (SCMBlockLocationFailoverProxyProvider.java:<init>(114)) - Created block location fail-over proxy with 1 nodes: [nodeId=scmNodeId,nodeAddress=/0.0.0.0:34903]
2023-02-22 04:44:50,023 [Listener at 127.0.0.1/40045] INFO  om.OzoneManager (OzoneManager.java:<init>(615)) - OM start with adminUsers: [runner]
2023-02-22 04:44:50,025 [Listener at 127.0.0.1/40045] WARN  server.ServerUtils (ServerUtils.java:getDBPath(225)) - ozone.om.db.dirs is not configured. We recommend adding this setting. Falling back to ozone.metadata.dirs instead.
2023-02-22 04:44:50,025 [Listener at 127.0.0.1/40045] INFO  codec.OmKeyInfoCodec (OmKeyInfoCodec.java:<init>(49)) - OmKeyInfoCodec ignorePipeline = true
2023-02-22 04:44:50,031 [Listener at 127.0.0.1/40045] INFO  codec.RepeatedOmKeyInfoCodec (RepeatedOmKeyInfoCodec.java:<init>(41)) - RepeatedOmKeyInfoCodec ignorePipeline = true
2023-02-22 04:44:50,147 [omNode-1@group-523986131536-LeaderElection1] INFO  impl.LeaderElection (LogUtils.java:infoOrTrace(137)) - omNode-1@group-523986131536-LeaderElection1 got exception when requesting votes: java.util.concurrent.ExecutionException: org.apache.ratis.thirdparty.io.grpc.StatusRuntimeException: UNAVAILABLE: io exception
2023-02-22 04:44:50,260 [grpc-default-executor-0] INFO  server.RaftServer$Division (RaftServerImpl.java:requestVote(1218)) - omNode-2@group-523986131536: receive requestVote(PRE_VOTE, omNode-1, group-523986131536, 0, (t:0, i:~))
2023-02-22 04:44:50,270 [grpc-default-executor-0] INFO  impl.VoteContext (VoteContext.java:log(49)) - omNode-2@group-523986131536-FOLLOWER: accept PRE_VOTE from omNode-1: our priority 0 <= candidate's priority 0
2023-02-22 04:44:50,280 [grpc-default-executor-0] INFO  server.RaftServer$Division (RaftServerImpl.java:requestVote(1251)) - omNode-2@group-523986131536 replies to PRE_VOTE vote request: omNode-1<-omNode-2#0:OK-t0. Peer's state: omNode-2@group-523986131536:t0, leader=null, voted=, raftlog=Memoized:omNode-2@group-523986131536-SegmentedRaftLog:OPENED:c-1, conf=-1: peers:[omNode-3|rpc:localhost:43563|priority:0|startupRole:FOLLOWER, omNode-1|rpc:localhost:41041|priority:0|startupRole:FOLLOWER, omNode-2|rpc:localhost:43939|priority:0|startupRole:FOLLOWER]|listeners:[], old=null
2023-02-22 04:44:50,295 [omNode-1@group-523986131536-LeaderElection1] INFO  impl.LeaderElection (LeaderElection.java:logAndReturn(90)) - omNode-1@group-523986131536-LeaderElection1: PRE_VOTE PASSED received 1 response(s) and 1 exception(s):
2023-02-22 04:44:50,296 [omNode-1@group-523986131536-LeaderElection1] INFO  impl.LeaderElection (LeaderElection.java:logAndReturn(94)) -   Response 0: omNode-1<-omNode-2#0:OK-t0
2023-02-22 04:44:50,296 [omNode-1@group-523986131536-LeaderElection1] INFO  impl.LeaderElection (LogUtils.java:infoOrTrace(137)) -   Exception 1: java.util.concurrent.ExecutionException: org.apache.ratis.thirdparty.io.grpc.StatusRuntimeException: UNAVAILABLE: io exception
2023-02-22 04:44:50,296 [omNode-1@group-523986131536-LeaderElection1] INFO  impl.LeaderElection (LeaderElection.java:askForVotes(314)) - omNode-1@group-523986131536-LeaderElection1 PRE_VOTE round 0: result PASSED
2023-02-22 04:44:50,300 [omNode-1@group-523986131536-LeaderElection1] INFO  impl.LeaderElection (LeaderElection.java:askForVotes(312)) - omNode-1@group-523986131536-LeaderElection1 ELECTION round 0: submit vote requests at term 1 for -1: peers:[omNode-3|rpc:localhost:43563|priority:0|startupRole:FOLLOWER, omNode-1|rpc:localhost:41041|priority:0|startupRole:FOLLOWER, omNode-2|rpc:localhost:43939|priority:0|startupRole:FOLLOWER]|listeners:[], old=null
2023-02-22 04:44:50,305 [omNode-1@group-523986131536-LeaderElection1] INFO  server.RaftServerConfigKeys (ConfUtils.java:logFallback(53)) - raft.server.rpc.first-election.timeout.min = 1s (fallback to raft.server.rpc.timeout.min)
2023-02-22 04:44:50,306 [omNode-1@group-523986131536-LeaderElection1] INFO  server.RaftServerConfigKeys (ConfUtils.java:logFallback(53)) - raft.server.rpc.first-election.timeout.max = 1200ms (fallback to raft.server.rpc.timeout.max)
2023-02-22 04:44:50,306 [omNode-1@group-523986131536-LeaderElection1] INFO  impl.LeaderElection (LogUtils.java:infoOrTrace(137)) - omNode-1@group-523986131536-LeaderElection1 got exception when requesting votes: java.util.concurrent.ExecutionException: org.apache.ratis.thirdparty.io.grpc.StatusRuntimeException: UNAVAILABLE: io exception
2023-02-22 04:44:50,351 [Listener at 127.0.0.1/40045] INFO  om.OzoneManager (OzoneManager.java:instantiateServices(745)) - S3 Multi-Tenancy is disabled
2023-02-22 04:44:50,355 [Listener at 127.0.0.1/40045] WARN  server.ServerUtils (ServerUtils.java:getDBPath(225)) - ozone.om.snapshot.diff.db.dir is not configured. We recommend adding this setting. Falling back to ozone.metadata.dirs instead.
2023-02-22 04:44:50,357 [grpc-default-executor-0] INFO  server.RaftServer$Division (RaftServerImpl.java:requestVote(1218)) - omNode-2@group-523986131536: receive requestVote(ELECTION, omNode-1, group-523986131536, 1, (t:0, i:~))
2023-02-22 04:44:50,357 [grpc-default-executor-0] INFO  impl.VoteContext (VoteContext.java:log(49)) - omNode-2@group-523986131536-FOLLOWER: accept ELECTION from omNode-1: our priority 0 <= candidate's priority 0
2023-02-22 04:44:50,358 [grpc-default-executor-0] INFO  server.RaftServer$Division (RaftServerImpl.java:setRole(321)) - omNode-2@group-523986131536: changes role from  FOLLOWER to FOLLOWER at term 1 for candidate:omNode-1
2023-02-22 04:44:50,358 [grpc-default-executor-0] INFO  impl.RoleInfo (RoleInfo.java:shutdownFollowerState(110)) - omNode-2: shutdown omNode-2@group-523986131536-FollowerState
2023-02-22 04:44:50,359 [grpc-default-executor-0] INFO  impl.RoleInfo (RoleInfo.java:updateAndGet(139)) - omNode-2: start omNode-2@group-523986131536-FollowerState
2023-02-22 04:44:50,359 [omNode-2@group-523986131536-FollowerState] INFO  impl.FollowerState (FollowerState.java:run(152)) - omNode-2@group-523986131536-FollowerState was interrupted
2023-02-22 04:44:50,360 [grpc-default-executor-0] INFO  server.RaftServer$Division (RaftServerImpl.java:requestVote(1251)) - omNode-2@group-523986131536 replies to ELECTION vote request: omNode-1<-omNode-2#0:OK-t1. Peer's state: omNode-2@group-523986131536:t1, leader=null, voted=omNode-1, raftlog=Memoized:omNode-2@group-523986131536-SegmentedRaftLog:OPENED:c-1, conf=-1: peers:[omNode-3|rpc:localhost:43563|priority:0|startupRole:FOLLOWER, omNode-1|rpc:localhost:41041|priority:0|startupRole:FOLLOWER, omNode-2|rpc:localhost:43939|priority:0|startupRole:FOLLOWER]|listeners:[], old=null
2023-02-22 04:44:50,360 [omNode-2@group-523986131536-FollowerState] INFO  server.RaftServerConfigKeys (ConfUtils.java:logFallback(53)) - raft.server.rpc.first-election.timeout.min = 1s (fallback to raft.server.rpc.timeout.min)
2023-02-22 04:44:50,360 [omNode-2@group-523986131536-FollowerState] INFO  server.RaftServerConfigKeys (ConfUtils.java:logFallback(53)) - raft.server.rpc.first-election.timeout.max = 1200ms (fallback to raft.server.rpc.timeout.max)
2023-02-22 04:44:50,364 [omNode-1@group-523986131536-LeaderElection1] INFO  impl.LeaderElection (LeaderElection.java:logAndReturn(90)) - omNode-1@group-523986131536-LeaderElection1: ELECTION PASSED received 1 response(s) and 1 exception(s):
2023-02-22 04:44:50,366 [omNode-1@group-523986131536-LeaderElection1] INFO  impl.LeaderElection (LeaderElection.java:logAndReturn(94)) -   Response 0: omNode-1<-omNode-2#0:OK-t1
2023-02-22 04:44:50,366 [omNode-1@group-523986131536-LeaderElection1] INFO  impl.LeaderElection (LogUtils.java:infoOrTrace(137)) -   Exception 1: java.util.concurrent.ExecutionException: org.apache.ratis.thirdparty.io.grpc.StatusRuntimeException: UNAVAILABLE: io exception
2023-02-22 04:44:50,366 [omNode-1@group-523986131536-LeaderElection1] INFO  impl.LeaderElection (LeaderElection.java:askForVotes(314)) - omNode-1@group-523986131536-LeaderElection1 ELECTION round 0: result PASSED
2023-02-22 04:44:50,366 [omNode-1@group-523986131536-LeaderElection1] INFO  impl.RoleInfo (RoleInfo.java:shutdownLeaderElection(130)) - omNode-1: shutdown omNode-1@group-523986131536-LeaderElection1
2023-02-22 04:44:50,367 [omNode-1@group-523986131536-LeaderElection1] INFO  server.RaftServer$Division (RaftServerImpl.java:setRole(321)) - omNode-1@group-523986131536: changes role from CANDIDATE to LEADER at term 1 for changeToLeader
2023-02-22 04:44:50,367 [omNode-1@group-523986131536-LeaderElection1] INFO  server.RaftServer$Division (ServerState.java:setLeader(313)) - omNode-1@group-523986131536: change Leader from null to omNode-1 at term 1 for becomeLeader, leader elected after 2915ms
2023-02-22 04:44:50,371 [Listener at 127.0.0.1/40045] INFO  om.OzoneManager (OzoneManager.java:addS3GVolumeToDB(4179)) - Created Volume s3v With Owner runner required for S3Gateway operations.
2023-02-22 04:44:50,371 [Listener at 127.0.0.1/40045] WARN  server.ServerUtils (ServerUtils.java:getDefaultRatisDirectory(237)) - Storage directory for Ratis is not configured. It is a good idea to map this to an SSD disk. Falling back to ozone.metadata.dirs
2023-02-22 04:44:50,372 [Listener at 127.0.0.1/40045] WARN  utils.OzoneManagerRatisUtils (OzoneManagerRatisUtils.java:getOMRatisSnapshotDirectory(436)) - ozone.om.ratis.snapshot.dir is not configured. Falling back to ozone.metadata.dirs config
2023-02-22 04:44:50,373 [Listener at 127.0.0.1/40045] INFO  snapshot.OzoneManagerSnapshotProvider (OzoneManagerSnapshotProvider.java:<init>(76)) - Initializing OM Snapshot Provider
2023-02-22 04:44:50,377 [omNode-1@group-523986131536-LeaderElection1] INFO  server.RaftServerConfigKeys (ConfUtils.java:logGet(46)) - raft.server.staging.catchup.gap = 1000 (default)
2023-02-22 04:44:50,378 [Listener at 127.0.0.1/40045] WARN  impl.MetricRegistriesImpl (MetricRegistriesImpl.java:addReporterRegistration(111)) - New reporters are added after registries were created. Some metrics will be missing from the reporter. Please add reporter before adding any new registry.
2023-02-22 04:44:50,379 [Listener at 127.0.0.1/40045] WARN  impl.MetricRegistriesImpl (MetricRegistriesImpl.java:addReporterRegistration(111)) - New reporters are added after registries were created. Some metrics will be missing from the reporter. Please add reporter before adding any new registry.
2023-02-22 04:44:50,379 [Listener at 127.0.0.1/40045] WARN  server.ServerUtils (ServerUtils.java:getDefaultRatisDirectory(237)) - Storage directory for Ratis is not configured. It is a good idea to map this to an SSD disk. Falling back to ozone.metadata.dirs
2023-02-22 04:44:50,380 [Listener at 127.0.0.1/40045] INFO  ratis.OzoneManagerRatisServer (OzoneManagerRatisServer.java:<init>(164)) - Instantiating OM Ratis server with groupID: om-service-test1 and peers: localhost:43563, localhost:41041, localhost:43939
2023-02-22 04:44:50,381 [Listener at 127.0.0.1/40045] INFO  ratis.OzoneManagerStateMachine (OzoneManagerStateMachine.java:loadSnapshotInfoFromDB(636)) - LastAppliedIndex is set from TransactionInfo from OM DB as (t:0, i:~)
2023-02-22 04:44:50,385 [Listener at 127.0.0.1/40045] INFO  server.RaftServer (ConfUtils.java:logGet(46)) - raft.rpc.type = GRPC (default)
2023-02-22 04:44:50,385 [Listener at 127.0.0.1/40045] INFO  grpc.GrpcConfigKeys (ConfUtils.java:logFallback(53)) - raft.grpc.admin.host = null (fallback to raft.grpc.server.host)
2023-02-22 04:44:50,386 [Listener at 127.0.0.1/40045] INFO  grpc.GrpcConfigKeys (ConfUtils.java:logFallback(53)) - raft.grpc.admin.port = 43563 (fallback to raft.grpc.server.port)
2023-02-22 04:44:50,386 [Listener at 127.0.0.1/40045] INFO  grpc.GrpcConfigKeys (ConfUtils.java:logFallback(53)) - raft.grpc.client.host = null (fallback to raft.grpc.server.host)
2023-02-22 04:44:50,386 [Listener at 127.0.0.1/40045] INFO  grpc.GrpcConfigKeys (ConfUtils.java:logFallback(53)) - raft.grpc.client.port = 43563 (fallback to raft.grpc.server.port)
2023-02-22 04:44:50,386 [Listener at 127.0.0.1/40045] INFO  grpc.GrpcConfigKeys (ConfUtils.java:logGet(46)) - raft.grpc.server.host = null (default)
2023-02-22 04:44:50,386 [Listener at 127.0.0.1/40045] INFO  grpc.GrpcConfigKeys (ConfUtils.java:logGet(46)) - raft.grpc.server.port = 43563 (custom)
2023-02-22 04:44:50,386 [Listener at 127.0.0.1/40045] INFO  server.GrpcService (ConfUtils.java:logGet(46)) - raft.grpc.message.size.max = 33554432 (custom)
2023-02-22 04:44:50,386 [Listener at 127.0.0.1/40045] INFO  server.RaftServerConfigKeys (ConfUtils.java:logGet(46)) - raft.server.log.appender.buffer.byte-limit = 33554432 (custom)
2023-02-22 04:44:50,386 [Listener at 127.0.0.1/40045] INFO  server.GrpcService (ConfUtils.java:logGet(46)) - raft.grpc.flow.control.window = 1MB (=1048576) (default)
2023-02-22 04:44:50,386 [Listener at 127.0.0.1/40045] INFO  server.RaftServerConfigKeys (ConfUtils.java:logGet(46)) - raft.server.rpc.request.timeout = 3000ms (default)
2023-02-22 04:44:50,387 [Listener at 127.0.0.1/40045] INFO  grpc.GrpcConfigKeys (ConfUtils.java:logGet(46)) - raft.grpc.server.heartbeat.channel = true (default)
2023-02-22 04:44:50,387 [Listener at 127.0.0.1/40045] INFO  grpc.GrpcConfigKeys (ConfUtils.java:logGet(46)) - raft.grpc.server.async.request.thread.pool.cached = true (default)
2023-02-22 04:44:50,387 [Listener at 127.0.0.1/40045] INFO  grpc.GrpcConfigKeys (ConfUtils.java:logGet(46)) - raft.grpc.server.async.request.thread.pool.size = 32 (default)
2023-02-22 04:44:50,389 [Listener at 127.0.0.1/40045] INFO  impl.DataStreamServerImpl (ConfUtils.java:logGet(46)) - raft.datastream.type = DISABLED (default)
2023-02-22 04:44:50,389 [Listener at 127.0.0.1/40045] INFO  server.RaftServerConfigKeys (ConfUtils.java:logGet(46)) - raft.server.threadpool.proxy.cached = true (default)
2023-02-22 04:44:50,389 [Listener at 127.0.0.1/40045] INFO  server.RaftServerConfigKeys (ConfUtils.java:logGet(46)) - raft.server.threadpool.proxy.size = 0 (default)
2023-02-22 04:44:50,389 [Listener at 127.0.0.1/40045] INFO  server.RaftServerConfigKeys (ConfUtils.java:logGet(46)) - raft.server.rpc.slowness.timeout = 2s (custom)
2023-02-22 04:44:50,389 [Listener at 127.0.0.1/40045] INFO  server.RaftServerConfigKeys (ConfUtils.java:logGet(46)) - raft.server.leaderelection.leader.step-down.wait-time = 10s (default)
2023-02-22 04:44:50,390 [Listener at 127.0.0.1/40045] INFO  server.RaftServerConfigKeys (ConfUtils.java:logGet(46)) - raft.server.storage.dir = [/home/runner/work/ozone/ozone/hadoop-ozone/integration-test/target/test-dir/MiniOzoneClusterImpl-23364813-765e-4689-b759-17f9bf3914d5/omNode-3/ratis] (custom)
2023-02-22 04:44:50,397 [omNode-1@group-523986131536-LeaderElection1] INFO  server.RaftServerConfigKeys (ConfUtils.java:logGet(46)) - raft.server.write.element-limit = 4096 (default)
2023-02-22 04:44:50,397 [omNode-1@group-523986131536-LeaderElection1] INFO  server.RaftServerConfigKeys (ConfUtils.java:logGet(46)) - raft.server.write.byte-limit = 64MB (=67108864) (default)
2023-02-22 04:44:50,399 [Listener at 127.0.0.1/40045] INFO  server.RaftServer (RaftServerProxy.java:addNew(96)) - omNode-3: addNew group-523986131536:[omNode-3|rpc:localhost:43563|priority:0|startupRole:FOLLOWER, omNode-1|rpc:localhost:41041|priority:0|startupRole:FOLLOWER, omNode-2|rpc:localhost:43939|priority:0|startupRole:FOLLOWER] returns group-523986131536:java.util.concurrent.CompletableFuture@5d182ffa[Not completed]
2023-02-22 04:44:50,399 [Listener at 127.0.0.1/40045] INFO  om.OzoneManager (OzoneManager.java:initializeRatisServer(2080)) - OzoneManager Ratis server initialized at port 43563
2023-02-22 04:44:50,399 [Listener at 127.0.0.1/40045] INFO  om.OzoneManager (OzoneManager.java:getRpcServer(1128)) - Creating RPC Server
2023-02-22 04:44:50,402 [pool-112-thread-1] INFO  server.RaftServer$Division (RaftServerImpl.java:<init>(195)) - omNode-3: new RaftServerImpl for group-523986131536:[omNode-3|rpc:localhost:43563|priority:0|startupRole:FOLLOWER, omNode-1|rpc:localhost:41041|priority:0|startupRole:FOLLOWER, omNode-2|rpc:localhost:43939|priority:0|startupRole:FOLLOWER] with OzoneManagerStateMachine:uninitialized
2023-02-22 04:44:50,402 [pool-112-thread-1] INFO  server.RaftServerConfigKeys (ConfUtils.java:logGet(46)) - raft.server.rpc.timeout.min = 1s (custom)
2023-02-22 04:44:50,402 [pool-112-thread-1] INFO  server.RaftServerConfigKeys (ConfUtils.java:logGet(46)) - raft.server.rpc.timeout.max = 1200ms (custom)
2023-02-22 04:44:50,402 [pool-112-thread-1] INFO  server.RaftServerConfigKeys (ConfUtils.java:logGet(46)) - raft.server.rpc.sleep.time = 25ms (default)
2023-02-22 04:44:50,402 [pool-112-thread-1] INFO  server.RaftServerConfigKeys (ConfUtils.java:logGet(46)) - raft.server.rpc.slowness.timeout = 2s (custom)
2023-02-22 04:44:50,402 [pool-112-thread-1] INFO  server.RaftServerConfigKeys (ConfUtils.java:logGet(46)) - raft.server.leaderelection.leader.step-down.wait-time = 10s (default)
2023-02-22 04:44:50,402 [pool-112-thread-1] INFO  server.RaftServerConfigKeys (ConfUtils.java:logGet(46)) - raft.server.sleep.deviation.threshold = 300ms (default)
2023-02-22 04:44:50,402 [pool-112-thread-1] INFO  server.RaftServer$Division (ServerState.java:<init>(118)) - omNode-3@group-523986131536: ConfigurationManager, init=-1: peers:[omNode-3|rpc:localhost:43563|priority:0|startupRole:FOLLOWER, omNode-1|rpc:localhost:41041|priority:0|startupRole:FOLLOWER, omNode-2|rpc:localhost:43939|priority:0|startupRole:FOLLOWER]|listeners:[], old=null, confs=<EMPTY_MAP>
2023-02-22 04:44:50,402 [pool-112-thread-1] INFO  server.RaftServerConfigKeys (ConfUtils.java:logGet(46)) - raft.server.storage.dir = [/home/runner/work/ozone/ozone/hadoop-ozone/integration-test/target/test-dir/MiniOzoneClusterImpl-23364813-765e-4689-b759-17f9bf3914d5/omNode-3/ratis] (custom)
2023-02-22 04:44:50,403 [pool-112-thread-1] INFO  server.RaftServerConfigKeys (ConfUtils.java:logGet(46)) - raft.server.log.corruption.policy = EXCEPTION (default)
2023-02-22 04:44:50,403 [pool-112-thread-1] INFO  server.RaftServerConfigKeys (ConfUtils.java:logGet(46)) - raft.server.storage.free-space.min = 0MB (=0) (default)
2023-02-22 04:44:50,404 [pool-112-thread-1] INFO  server.RaftServerConfigKeys (ConfUtils.java:logGet(46)) - raft.server.notification.no-leader.timeout = 2s (custom)
2023-02-22 04:44:50,404 [pool-112-thread-1] INFO  server.RaftServerConfigKeys (ConfUtils.java:logGet(46)) - raft.server.retrycache.expirytime = 300s (custom)
2023-02-22 04:44:50,404 [pool-112-thread-1] INFO  server.RaftServerConfigKeys (ConfUtils.java:logGet(46)) - raft.server.retrycache.statistics.expirytime = 100μs (default)
2023-02-22 04:44:50,408 [pool-112-thread-1] INFO  server.RaftServerConfigKeys (ConfUtils.java:logGet(46)) - raft.server.log.appender.install.snapshot.enabled = false (custom)
2023-02-22 04:44:50,408 [pool-112-thread-1] INFO  server.RaftServerConfigKeys (ConfUtils.java:logGet(46)) - raft.server.threadpool.server.cached = true (default)
2023-02-22 04:44:50,408 [pool-112-thread-1] INFO  server.RaftServerConfigKeys (ConfUtils.java:logGet(46)) - raft.server.threadpool.server.size = 0 (default)
2023-02-22 04:44:50,408 [pool-112-thread-1] INFO  server.RaftServerConfigKeys (ConfUtils.java:logGet(46)) - raft.server.threadpool.client.cached = true (default)
2023-02-22 04:44:50,408 [pool-112-thread-1] INFO  server.RaftServerConfigKeys (ConfUtils.java:logGet(46)) - raft.server.threadpool.client.size = 0 (default)
2023-02-22 04:44:50,412 [omNode-1@group-523986131536-LeaderElection1] INFO  server.RaftServerConfigKeys (ConfUtils.java:logGet(46)) - raft.server.watch.timeout = 10s (default)
2023-02-22 04:44:50,412 [omNode-1@group-523986131536-LeaderElection1] INFO  server.RaftServerConfigKeys (ConfUtils.java:logGet(46)) - raft.server.watch.timeout.denomination = 1s (default)
2023-02-22 04:44:50,413 [omNode-1@group-523986131536-LeaderElection1] INFO  server.RaftServerConfigKeys (ConfUtils.java:logGet(46)) - raft.server.watch.element-limit = 65536 (default)
2023-02-22 04:44:50,422 [omNode-1@group-523986131536-LeaderElection1] INFO  server.RaftServerConfigKeys (ConfUtils.java:logGet(46)) - raft.server.write.element-limit = 4096 (default)
2023-02-22 04:44:50,429 [omNode-1@group-523986131536-LeaderElection1] INFO  server.RaftServerConfigKeys (ConfUtils.java:logGet(46)) - raft.server.write.follower.gap.ratio.max = -1.0 (default)
2023-02-22 04:44:50,450 [omNode-1@group-523986131536-LeaderElection1] INFO  server.RaftServerConfigKeys (ConfUtils.java:logGet(46)) - raft.server.log.appender.snapshot.chunk.size.max = 16MB (=16777216) (default)
2023-02-22 04:44:50,450 [omNode-1@group-523986131536-LeaderElection1] INFO  server.RaftServerConfigKeys (ConfUtils.java:logGet(46)) - raft.server.log.appender.buffer.byte-limit = 33554432 (custom)
2023-02-22 04:44:50,450 [omNode-1@group-523986131536-LeaderElection1] INFO  server.RaftServerConfigKeys (ConfUtils.java:logGet(46)) - raft.server.log.appender.buffer.element-limit = 1024 (custom)
2023-02-22 04:44:50,461 [omNode-1@group-523986131536-LeaderElection1] INFO  grpc.GrpcConfigKeys (ConfUtils.java:logGet(46)) - raft.grpc.server.leader.outstanding.appends.max = 128 (default)
2023-02-22 04:44:50,461 [omNode-1@group-523986131536-LeaderElection1] INFO  server.RaftServerConfigKeys (ConfUtils.java:logGet(46)) - raft.server.rpc.request.timeout = 3000ms (default)
2023-02-22 04:44:50,463 [omNode-1@group-523986131536-LeaderElection1] INFO  server.RaftServerConfigKeys (ConfUtils.java:logGet(46)) - raft.server.log.appender.install.snapshot.enabled = false (custom)
2023-02-22 04:44:50,463 [omNode-1@group-523986131536-LeaderElection1] INFO  grpc.GrpcConfigKeys (ConfUtils.java:logGet(46)) - raft.grpc.server.heartbeat.channel = true (default)
2023-02-22 04:44:50,463 [omNode-1@group-523986131536-LeaderElection1] INFO  server.RaftServerConfigKeys (ConfUtils.java:logGet(46)) - raft.server.log.appender.wait-time.min = 10ms (default)
2023-02-22 04:44:50,472 [omNode-1@group-523986131536-LeaderElection1] INFO  server.RaftServerConfigKeys (ConfUtils.java:logGet(46)) - raft.server.log.appender.snapshot.chunk.size.max = 16MB (=16777216) (default)
2023-02-22 04:44:50,474 [omNode-1@group-523986131536-LeaderElection1] INFO  server.RaftServerConfigKeys (ConfUtils.java:logGet(46)) - raft.server.log.appender.buffer.byte-limit = 33554432 (custom)
2023-02-22 04:44:50,474 [omNode-1@group-523986131536-LeaderElection1] INFO  server.RaftServerConfigKeys (ConfUtils.java:logGet(46)) - raft.server.log.appender.buffer.element-limit = 1024 (custom)
2023-02-22 04:44:50,475 [omNode-1@group-523986131536-LeaderElection1] INFO  grpc.GrpcConfigKeys (ConfUtils.java:logGet(46)) - raft.grpc.server.leader.outstanding.appends.max = 128 (default)
2023-02-22 04:44:50,475 [omNode-1@group-523986131536-LeaderElection1] INFO  server.RaftServerConfigKeys (ConfUtils.java:logGet(46)) - raft.server.rpc.request.timeout = 3000ms (default)
2023-02-22 04:44:50,475 [omNode-1@group-523986131536-LeaderElection1] INFO  server.RaftServerConfigKeys (ConfUtils.java:logGet(46)) - raft.server.log.appender.install.snapshot.enabled = false (custom)
2023-02-22 04:44:50,475 [omNode-1@group-523986131536-LeaderElection1] INFO  grpc.GrpcConfigKeys (ConfUtils.java:logGet(46)) - raft.grpc.server.heartbeat.channel = true (default)
2023-02-22 04:44:50,475 [omNode-1@group-523986131536-LeaderElection1] INFO  server.RaftServerConfigKeys (ConfUtils.java:logGet(46)) - raft.server.log.appender.wait-time.min = 10ms (default)
2023-02-22 04:44:50,482 [omNode-1@group-523986131536-LeaderElection1] INFO  impl.RoleInfo (RoleInfo.java:updateAndGet(139)) - omNode-1: start omNode-1@group-523986131536-LeaderStateImpl
2023-02-22 04:44:50,514 [omNode-1@group-523986131536-LeaderElection1] INFO  segmented.SegmentedRaftLogWorker (SegmentedRaftLogWorker.java:startLogSegment(452)) - omNode-1@group-523986131536-SegmentedRaftLogWorker: Starting segment from index:0
2023-02-22 04:44:50,561 [omNode-1@group-523986131536-LeaderElection1] INFO  server.RaftServer$Division (ServerState.java:setRaftConf(430)) - omNode-1@group-523986131536: set configuration 0: peers:[omNode-3|rpc:localhost:43563|admin:|client:|dataStream:|priority:0|startupRole:FOLLOWER, omNode-1|rpc:localhost:41041|admin:|client:|dataStream:|priority:0|startupRole:FOLLOWER, omNode-2|rpc:localhost:43939|admin:|client:|dataStream:|priority:0|startupRole:FOLLOWER]|listeners:[], old=null
2023-02-22 04:44:50,581 [grpc-default-executor-0] WARN  server.GrpcLogAppender (LogUtils.java:warn(122)) - omNode-1@group-523986131536->omNode-3-AppendLogResponseHandler: Failed appendEntries: org.apache.ratis.thirdparty.io.grpc.StatusRuntimeException: UNAVAILABLE: io exception
2023-02-22 04:44:50,585 [grpc-default-executor-0] WARN  server.GrpcLogAppender (GrpcLogAppender.java:resetClient(131)) - omNode-1@group-523986131536->omNode-3-GrpcLogAppender: Leader has not got in touch with Follower omNode-1@group-523986131536->omNode-3(c-1,m0,n0, attendVote=true, lastRpcSendTime=1355, lastRpcResponseTime=1355) yet, just keep nextIndex unchanged and retry.
2023-02-22 04:44:50,627 [grpc-default-executor-0] WARN  server.GrpcLogAppender (LogUtils.java:warn(122)) - omNode-1@group-523986131536->omNode-3-AppendLogResponseHandler: Failed appendEntries: org.apache.ratis.thirdparty.io.grpc.StatusRuntimeException: UNAVAILABLE: io exception
2023-02-22 04:44:50,631 [grpc-default-executor-0] WARN  server.GrpcLogAppender (GrpcLogAppender.java:resetClient(131)) - omNode-1@group-523986131536->omNode-3-GrpcLogAppender: Leader has not got in touch with Follower omNode-1@group-523986131536->omNode-3(c-1,m0,n1, attendVote=true, lastRpcSendTime=5, lastRpcResponseTime=1401) yet, just keep nextIndex unchanged and retry.
2023-02-22 04:44:50,652 [grpc-default-executor-0] WARN  server.GrpcLogAppender (LogUtils.java:warn(122)) - omNode-1@group-523986131536->omNode-3-AppendLogResponseHandler: Failed appendEntries: org.apache.ratis.thirdparty.io.grpc.StatusRuntimeException: UNAVAILABLE: io exception
2023-02-22 04:44:50,652 [grpc-default-executor-0] WARN  server.GrpcLogAppender (GrpcLogAppender.java:resetClient(131)) - omNode-1@group-523986131536->omNode-3-GrpcLogAppender: Leader has not got in touch with Follower omNode-1@group-523986131536->omNode-3(c-1,m0,n1, attendVote=true, lastRpcSendTime=26, lastRpcResponseTime=1422) yet, just keep nextIndex unchanged and retry.
2023-02-22 04:44:50,652 [grpc-default-executor-2] WARN  server.GrpcLogAppender (LogUtils.java:warn(122)) - omNode-1@group-523986131536->omNode-3-AppendLogResponseHandler: Failed appendEntries: org.apache.ratis.thirdparty.io.grpc.StatusRuntimeException: UNAVAILABLE: io exception
2023-02-22 04:44:50,653 [grpc-default-executor-2] WARN  server.GrpcLogAppender (GrpcLogAppender.java:resetClient(131)) - omNode-1@group-523986131536->omNode-3-GrpcLogAppender: Leader has not got in touch with Follower omNode-1@group-523986131536->omNode-3(c-1,m0,n1, attendVote=true, lastRpcSendTime=28, lastRpcResponseTime=1423) yet, just keep nextIndex unchanged and retry.
2023-02-22 04:44:50,693 [omNode-2-server-thread1] INFO  server.RaftServer$Division (ServerState.java:setLeader(313)) - omNode-2@group-523986131536: change Leader from null to omNode-1 at term 1 for appendEntries, leader elected after 1596ms
2023-02-22 04:44:50,698 [omNode-2-server-thread1] INFO  server.RaftServer$Division (ServerState.java:setRaftConf(430)) - omNode-2@group-523986131536: set configuration 0: peers:[omNode-3|rpc:localhost:43563|admin:|client:|dataStream:|priority:0|startupRole:FOLLOWER, omNode-1|rpc:localhost:41041|admin:|client:|dataStream:|priority:0|startupRole:FOLLOWER, omNode-2|rpc:localhost:43939|admin:|client:|dataStream:|priority:0|startupRole:FOLLOWER]|listeners:[], old=null
2023-02-22 04:44:50,699 [omNode-2-server-thread1] INFO  segmented.SegmentedRaftLogWorker (SegmentedRaftLogWorker.java:startLogSegment(452)) - omNode-2@group-523986131536-SegmentedRaftLogWorker: Starting segment from index:0
2023-02-22 04:44:50,742 [omNode-2@group-523986131536-SegmentedRaftLogWorker] INFO  segmented.SegmentedRaftLogWorker (SegmentedRaftLogWorker.java:execute(656)) - omNode-2@group-523986131536-SegmentedRaftLogWorker: created new log segment /home/runner/work/ozone/ozone/hadoop-ozone/integration-test/target/test-dir/MiniOzoneClusterImpl-23364813-765e-4689-b759-17f9bf3914d5/omNode-2/ratis/c9bc4cf4-3bc3-3c60-a66b-523986131536/current/log_inprogress_0
2023-02-22 04:44:50,744 [omNode-1@group-523986131536-SegmentedRaftLogWorker] INFO  segmented.SegmentedRaftLogWorker (SegmentedRaftLogWorker.java:execute(656)) - omNode-1@group-523986131536-SegmentedRaftLogWorker: created new log segment /home/runner/work/ozone/ozone/hadoop-ozone/integration-test/target/test-dir/MiniOzoneClusterImpl-23364813-765e-4689-b759-17f9bf3914d5/omNode-1/ratis/c9bc4cf4-3bc3-3c60-a66b-523986131536/current/log_inprogress_0
2023-02-22 04:44:50,845 [grpc-default-executor-0] WARN  server.GrpcLogAppender (LogUtils.java:warn(122)) - omNode-1@group-523986131536->omNode-3-AppendLogResponseHandler: Failed appendEntries: org.apache.ratis.thirdparty.io.grpc.StatusRuntimeException: UNAVAILABLE: io exception
2023-02-22 04:44:50,846 [grpc-default-executor-2] WARN  server.GrpcLogAppender (LogUtils.java:warn(122)) - omNode-1@group-523986131536->omNode-3-AppendLogResponseHandler: Failed appendEntries: org.apache.ratis.thirdparty.io.grpc.StatusRuntimeException: UNAVAILABLE: io exception
2023-02-22 04:44:50,849 [grpc-default-executor-0] WARN  server.GrpcLogAppender (GrpcLogAppender.java:resetClient(131)) - omNode-1@group-523986131536->omNode-3-GrpcLogAppender: Leader has not got in touch with Follower omNode-1@group-523986131536->omNode-3(c-1,m0,n1, attendVote=true, lastRpcSendTime=223, lastRpcResponseTime=1619) yet, just keep nextIndex unchanged and retry.
2023-02-22 04:44:50,850 [grpc-default-executor-2] WARN  server.GrpcLogAppender (GrpcLogAppender.java:resetClient(131)) - omNode-1@group-523986131536->omNode-3-GrpcLogAppender: Leader has not got in touch with Follower omNode-1@group-523986131536->omNode-3(c-1,m0,n1, attendVote=true, lastRpcSendTime=224, lastRpcResponseTime=1620) yet, just keep nextIndex unchanged and retry.
2023-02-22 04:44:50,877 [grpc-default-executor-0] WARN  server.GrpcLogAppender (LogUtils.java:warn(122)) - omNode-1@group-523986131536->omNode-3-AppendLogResponseHandler: Failed appendEntries: org.apache.ratis.thirdparty.io.grpc.StatusRuntimeException: UNAVAILABLE: io exception
2023-02-22 04:44:50,878 [grpc-default-executor-0] WARN  server.GrpcLogAppender (GrpcLogAppender.java:resetClient(131)) - omNode-1@group-523986131536->omNode-3-GrpcLogAppender: Leader has not got in touch with Follower omNode-1@group-523986131536->omNode-3(c-1,m0,n1, attendVote=true, lastRpcSendTime=4, lastRpcResponseTime=1648) yet, just keep nextIndex unchanged and retry.
2023-02-22 04:44:50,880 [grpc-default-executor-2] WARN  server.GrpcLogAppender (LogUtils.java:warn(122)) - omNode-1@group-523986131536->omNode-3-AppendLogResponseHandler: Failed appendEntries: org.apache.ratis.thirdparty.io.grpc.StatusRuntimeException: UNAVAILABLE: io exception
2023-02-22 04:44:50,881 [grpc-default-executor-2] WARN  server.GrpcLogAppender (GrpcLogAppender.java:resetClient(131)) - omNode-1@group-523986131536->omNode-3-GrpcLogAppender: Leader has not got in touch with Follower omNode-1@group-523986131536->omNode-3(c-1,m0,n1, attendVote=true, lastRpcSendTime=8, lastRpcResponseTime=1651) yet, just keep nextIndex unchanged and retry.
2023-02-22 04:44:50,996 [omNode-2@group-523986131536-StateMachineUpdater] INFO  ratis.OzoneManagerStateMachine (OzoneManagerStateMachine.java:notifyConfigurationChanged(192)) - Received Configuration change notification from Ratis. New Peer list:
[id: "omNode-3"
address: "localhost:43563"
startupRole: FOLLOWER
, id: "omNode-1"
address: "localhost:41041"
startupRole: FOLLOWER
, id: "omNode-2"
address: "localhost:43939"
startupRole: FOLLOWER
]
2023-02-22 04:44:51,002 [omNode-1@group-523986131536-StateMachineUpdater] INFO  ratis.OzoneManagerStateMachine (OzoneManagerStateMachine.java:notifyConfigurationChanged(192)) - Received Configuration change notification from Ratis. New Peer list:
[id: "omNode-3"
address: "localhost:43563"
startupRole: FOLLOWER
, id: "omNode-1"
address: "localhost:41041"
startupRole: FOLLOWER
, id: "omNode-2"
address: "localhost:43939"
startupRole: FOLLOWER
]
2023-02-22 04:44:51,125 [grpc-default-executor-2] WARN  server.GrpcLogAppender (LogUtils.java:warn(122)) - omNode-1@group-523986131536->omNode-3-AppendLogResponseHandler: Failed appendEntries: org.apache.ratis.thirdparty.io.grpc.StatusRuntimeException: UNAVAILABLE: io exception
2023-02-22 04:44:51,126 [grpc-default-executor-0] WARN  server.GrpcLogAppender (LogUtils.java:warn(122)) - omNode-1@group-523986131536->omNode-3-AppendLogResponseHandler: Failed appendEntries: org.apache.ratis.thirdparty.io.grpc.StatusRuntimeException: UNAVAILABLE: io exception
2023-02-22 04:44:51,126 [grpc-default-executor-2] WARN  server.GrpcLogAppender (GrpcLogAppender.java:resetClient(131)) - omNode-1@group-523986131536->omNode-3-GrpcLogAppender: Leader has not got in touch with Follower omNode-1@group-523986131536->omNode-3(c-1,m0,n1, attendVote=true, lastRpcSendTime=253, lastRpcResponseTime=1896) yet, just keep nextIndex unchanged and retry.
2023-02-22 04:44:51,131 [grpc-default-executor-0] WARN  server.GrpcLogAppender (GrpcLogAppender.java:resetClient(131)) - omNode-1@group-523986131536->omNode-3-GrpcLogAppender: Leader has not got in touch with Follower omNode-1@group-523986131536->omNode-3(c-1,m0,n1, attendVote=true, lastRpcSendTime=257, lastRpcResponseTime=1901) yet, just keep nextIndex unchanged and retry.
2023-02-22 04:44:51,185 [grpc-default-executor-3] WARN  server.GrpcLogAppender (LogUtils.java:warn(122)) - omNode-1@group-523986131536->omNode-3-AppendLogResponseHandler: Failed appendEntries: org.apache.ratis.thirdparty.io.grpc.StatusRuntimeException: UNAVAILABLE: io exception
2023-02-22 04:44:51,189 [grpc-default-executor-0] WARN  server.GrpcLogAppender (LogUtils.java:warn(122)) - omNode-1@group-523986131536->omNode-3-AppendLogResponseHandler: Failed appendEntries: org.apache.ratis.thirdparty.io.grpc.StatusRuntimeException: UNAVAILABLE: io exception
2023-02-22 04:44:51,194 [grpc-default-executor-3] WARN  server.GrpcLogAppender (GrpcLogAppender.java:resetClient(131)) - omNode-1@group-523986131536->omNode-3-GrpcLogAppender: Leader has not got in touch with Follower omNode-1@group-523986131536->omNode-3(c-1,m0,n1, attendVote=true, lastRpcSendTime=56, lastRpcResponseTime=1963) yet, just keep nextIndex unchanged and retry.
2023-02-22 04:44:51,194 [grpc-default-executor-0] WARN  server.GrpcLogAppender (GrpcLogAppender.java:resetClient(131)) - omNode-1@group-523986131536->omNode-3-GrpcLogAppender: Leader has not got in touch with Follower omNode-1@group-523986131536->omNode-3(c-1,m0,n1, attendVote=true, lastRpcSendTime=56, lastRpcResponseTime=1964) yet, just keep nextIndex unchanged and retry.
2023-02-22 04:44:51,213 [Listener at 127.0.0.1/40045] INFO  reflections.Reflections (Reflections.java:scan(232)) - Reflections took 813 ms to scan 19 urls, producing 69 keys and 4835 values [using 2 cores]
2023-02-22 04:44:51,214 [Listener at 127.0.0.1/40045] INFO  ipc.CallQueueManager (CallQueueManager.java:<init>(90)) - Using callQueue: class java.util.concurrent.LinkedBlockingQueue, queueCapacity: 2000, scheduler: class org.apache.hadoop.ipc.DefaultRpcScheduler, ipcBackoff: false.
2023-02-22 04:44:51,228 [Socket Reader #1 for port 35585] INFO  ipc.Server (Server.java:run(1273)) - Starting Socket Reader #1 for port 35585
2023-02-22 04:44:51,240 [Listener at 127.0.0.1/35585] INFO  impl.MetricsSystemImpl (MetricsSystemImpl.java:init(158)) - OzoneManager metrics system started (again)
2023-02-22 04:44:51,251 [Listener at 127.0.0.1/35585] INFO  om.OzoneManager (OzoneManager.java:start(1548)) - OzoneManager RPC server is listening at localhost/127.0.0.1:35585
2023-02-22 04:44:51,251 [Listener at 127.0.0.1/35585] INFO  ratis.OzoneManagerRatisServer (OzoneManagerRatisServer.java:start(559)) - Starting OzoneManagerRatisServer omNode-3 at port 43563
2023-02-22 04:44:51,251 [omNode-3-impl-thread1] INFO  storage.RaftStorageDirectory (RaftStorageDirectoryImpl.java:analyzeStorage(137)) - The storage directory /home/runner/work/ozone/ozone/hadoop-ozone/integration-test/target/test-dir/MiniOzoneClusterImpl-23364813-765e-4689-b759-17f9bf3914d5/omNode-3/ratis/c9bc4cf4-3bc3-3c60-a66b-523986131536 does not exist. Creating ...
2023-02-22 04:44:51,252 [omNode-3-impl-thread1] INFO  storage.RaftStorageDirectory (RaftStorageDirectoryImpl.java:tryLock(231)) - Lock on /home/runner/work/ozone/ozone/hadoop-ozone/integration-test/target/test-dir/MiniOzoneClusterImpl-23364813-765e-4689-b759-17f9bf3914d5/omNode-3/ratis/c9bc4cf4-3bc3-3c60-a66b-523986131536/in_use.lock acquired by nodename 93364@fv-az748-120
2023-02-22 04:44:51,253 [omNode-3-impl-thread1] INFO  storage.RaftStorage (RaftStorageImpl.java:format(96)) - Storage directory /home/runner/work/ozone/ozone/hadoop-ozone/integration-test/target/test-dir/MiniOzoneClusterImpl-23364813-765e-4689-b759-17f9bf3914d5/omNode-3/ratis/c9bc4cf4-3bc3-3c60-a66b-523986131536 has been successfully formatted.
2023-02-22 04:44:51,254 [omNode-3-impl-thread1] INFO  server.RaftServerConfigKeys (ConfUtils.java:logGet(46)) - raft.server.log.use.memory = false (default)
2023-02-22 04:44:51,254 [omNode-3-impl-thread1] INFO  server.RaftServerConfigKeys (ConfUtils.java:logGet(46)) - raft.server.log.purge.gap = 1000000 (custom)
2023-02-22 04:44:51,254 [omNode-3-impl-thread1] INFO  server.RaftServerConfigKeys (ConfUtils.java:logGet(46)) - raft.server.log.appender.buffer.byte-limit = 33554432 (custom)
2023-02-22 04:44:51,254 [omNode-3-impl-thread1] INFO  server.RaftServerConfigKeys (ConfUtils.java:logGet(46)) - raft.server.log.statemachine.data.read.timeout = 1000ms (default)
2023-02-22 04:44:51,254 [omNode-3-impl-thread1] INFO  server.RaftServerConfigKeys (ConfUtils.java:logGet(46)) - raft.server.log.purge.preservation.log.num = 0 (default)
2023-02-22 04:44:51,254 [omNode-3-impl-thread1] INFO  server.RaftServerConfigKeys (ConfUtils.java:logGet(46)) - raft.server.log.segment.size.max = 4194304 (custom)
2023-02-22 04:44:51,255 [omNode-3-impl-thread1] INFO  server.RaftServerConfigKeys (ConfUtils.java:logGet(46)) - raft.server.log.segment.cache.num.max = 2 (custom)
2023-02-22 04:44:51,255 [omNode-3-impl-thread1] INFO  server.RaftServerConfigKeys (ConfUtils.java:logGet(46)) - raft.server.log.segment.cache.size.max = 200MB (=209715200) (default)
2023-02-22 04:44:51,255 [omNode-3-impl-thread1] INFO  segmented.SegmentedRaftLogWorker (SegmentedRaftLogWorker.java:<init>(189)) - new omNode-3@group-523986131536-SegmentedRaftLogWorker for RaftStorageImpl:Storage Directory /home/runner/work/ozone/ozone/hadoop-ozone/integration-test/target/test-dir/MiniOzoneClusterImpl-23364813-765e-4689-b759-17f9bf3914d5/omNode-3/ratis/c9bc4cf4-3bc3-3c60-a66b-523986131536
2023-02-22 04:44:51,255 [omNode-3-impl-thread1] INFO  server.RaftServerConfigKeys (ConfUtils.java:logGet(46)) - raft.server.log.queue.byte-limit = 64MB (=67108864) (default)
2023-02-22 04:44:51,255 [omNode-3-impl-thread1] INFO  server.RaftServerConfigKeys (ConfUtils.java:logGet(46)) - raft.server.log.queue.element-limit = 4096 (default)
2023-02-22 04:44:51,255 [omNode-3-impl-thread1] INFO  server.RaftServerConfigKeys (ConfUtils.java:logGet(46)) - raft.server.log.segment.size.max = 4194304 (custom)
2023-02-22 04:44:51,255 [omNode-3-impl-thread1] INFO  server.RaftServerConfigKeys (ConfUtils.java:logGet(46)) - raft.server.log.preallocated.size = 4194304 (custom)
2023-02-22 04:44:51,255 [omNode-3-impl-thread1] INFO  server.RaftServerConfigKeys (ConfUtils.java:logGet(46)) - raft.server.log.force.sync.num = 128 (default)
2023-02-22 04:44:51,255 [omNode-3-impl-thread1] INFO  server.RaftServerConfigKeys (ConfUtils.java:logGet(46)) - raft.server.log.statemachine.data.sync = true (default)
2023-02-22 04:44:51,255 [omNode-3-impl-thread1] INFO  server.RaftServerConfigKeys (ConfUtils.java:logGet(46)) - raft.server.log.statemachine.data.sync.timeout = 10s (default)
2023-02-22 04:44:51,255 [omNode-3-impl-thread1] INFO  server.RaftServerConfigKeys (ConfUtils.java:logGet(46)) - raft.server.log.statemachine.data.sync.timeout.retry = -1 (default)
2023-02-22 04:44:51,256 [omNode-3-impl-thread1] INFO  server.RaftServerConfigKeys (ConfUtils.java:logGet(46)) - raft.server.log.write.buffer.size = 64KB (=65536) (default)
2023-02-22 04:44:51,256 [omNode-3-impl-thread1] INFO  server.RaftServerConfigKeys (ConfUtils.java:logGet(46)) - raft.server.log.appender.buffer.byte-limit = 33554432 (custom)
2023-02-22 04:44:51,259 [omNode-3-impl-thread1] INFO  server.RaftServerConfigKeys (ConfUtils.java:logGet(46)) - raft.server.log.unsafe-flush.enabled = false (default)
2023-02-22 04:44:51,259 [omNode-3-impl-thread1] INFO  server.RaftServerConfigKeys (ConfUtils.java:logGet(46)) - raft.server.log.async-flush.enabled = false (default)
2023-02-22 04:44:51,259 [omNode-3-impl-thread1] INFO  server.RaftServerConfigKeys (ConfUtils.java:logGet(46)) - raft.server.log.statemachine.data.caching.enabled = false (default)
2023-02-22 04:44:51,259 [omNode-3-impl-thread1] INFO  segmented.SegmentedRaftLogWorker (SegmentedRaftLogWorker.java:lambda$new$0(135)) - omNode-3@group-523986131536-SegmentedRaftLogWorker: flushIndex: setUnconditionally 0 -> -1
2023-02-22 04:44:51,259 [omNode-3-impl-thread1] INFO  segmented.SegmentedRaftLogWorker (SegmentedRaftLogWorker.java:lambda$new$0(135)) - omNode-3@group-523986131536-SegmentedRaftLogWorker: safeCacheEvictIndex: setUnconditionally 0 -> -1
2023-02-22 04:44:51,259 [omNode-3-impl-thread1] INFO  server.RaftServer$Division (RaftServerImpl.java:start(334)) - omNode-3@group-523986131536: start as a follower, conf=-1: peers:[omNode-3|rpc:localhost:43563|priority:0|startupRole:FOLLOWER, omNode-1|rpc:localhost:41041|priority:0|startupRole:FOLLOWER, omNode-2|rpc:localhost:43939|priority:0|startupRole:FOLLOWER]|listeners:[], old=null
2023-02-22 04:44:51,259 [omNode-3-impl-thread1] INFO  server.RaftServer$Division (RaftServerImpl.java:setRole(321)) - omNode-3@group-523986131536: changes role from      null to FOLLOWER at term 0 for startAsFollower
2023-02-22 04:44:51,260 [omNode-3-impl-thread1] INFO  impl.RoleInfo (RoleInfo.java:updateAndGet(139)) - omNode-3: start omNode-3@group-523986131536-FollowerState
2023-02-22 04:44:51,261 [omNode-3-impl-thread1] INFO  util.JmxRegister (JmxRegister.java:tryRegister(44)) - Successfully registered JMX Bean with object name Ratis:service=RaftServer,group=group-523986131536,id=omNode-3
2023-02-22 04:44:51,261 [omNode-3@group-523986131536-FollowerState] INFO  server.RaftServerConfigKeys (ConfUtils.java:logFallback(53)) - raft.server.rpc.first-election.timeout.min = 1s (fallback to raft.server.rpc.timeout.min)
2023-02-22 04:44:51,262 [omNode-3@group-523986131536-FollowerState] INFO  server.RaftServerConfigKeys (ConfUtils.java:logFallback(53)) - raft.server.rpc.first-election.timeout.max = 1200ms (fallback to raft.server.rpc.timeout.max)
2023-02-22 04:44:51,262 [omNode-3-impl-thread1] INFO  server.RaftServerConfigKeys (ConfUtils.java:logGet(46)) - raft.server.snapshot.auto.trigger.enabled = true (custom)
2023-02-22 04:44:51,262 [omNode-3-impl-thread1] INFO  server.RaftServerConfigKeys (ConfUtils.java:logGet(46)) - raft.server.snapshot.auto.trigger.threshold = 400000 (default)
2023-02-22 04:44:51,262 [omNode-3-impl-thread1] INFO  server.RaftServerConfigKeys (ConfUtils.java:logGet(46)) - raft.server.snapshot.retention.file.num = -1 (default)
2023-02-22 04:44:51,262 [omNode-3-impl-thread1] INFO  server.RaftServerConfigKeys (ConfUtils.java:logGet(46)) - raft.server.log.purge.upto.snapshot.index = true (custom)
2023-02-22 04:44:51,263 [Listener at 127.0.0.1/35585] INFO  server.RaftServer (RaftServerProxy.java:startImpl(393)) - omNode-3: start RPC server
2023-02-22 04:44:51,264 [Listener at 127.0.0.1/35585] INFO  server.GrpcService (GrpcService.java:startImpl(262)) - omNode-3: GrpcService started, listening on 43563
2023-02-22 04:44:51,269 [Listener at 127.0.0.1/35585] INFO  om.OzoneManager (OzoneManager.java:start(1564)) - Version File has different layout version (3) than OM DB (null). That is expected if this OM has never been finalized to a newer layout version.
2023-02-22 04:44:51,269 [JvmPauseMonitor2] INFO  util.JvmPauseMonitor (JvmPauseMonitor.java:run(105)) - JvmPauseMonitor-omNode-3: Started
2023-02-22 04:44:51,272 [Listener at 127.0.0.1/35585] INFO  http.BaseHttpServer (BaseHttpServer.java:newHttpServer2BuilderForOzone(213)) - Starting Web-server for ozoneManager at: http://0.0.0.0:32991
2023-02-22 04:44:51,272 [Listener at 127.0.0.1/35585] INFO  http.BaseHttpServer (BaseHttpServer.java:<init>(108)) - Hadoop Security Enabled: false Ozone Security Enabled: false Ozone HTTP Security Enabled: false 
2023-02-22 04:44:51,273 [Listener at 127.0.0.1/35585] WARN  server.AuthenticationFilter (AuthenticationFilter.java:constructSecretProvider(240)) - Unable to initialize FileSignerSecretProvider, falling back to use random secrets. Reason: Could not read signature secret file: /home/runner/hadoop-http-auth-signature-secret
2023-02-22 04:44:51,275 [Listener at 127.0.0.1/35585] WARN  http.HttpRequestLog (HttpRequestLog.java:getRequestLog(103)) - Jetty request log can only be enabled using Log4j
2023-02-22 04:44:51,278 [Listener at 127.0.0.1/35585] INFO  http.HttpServer2 (HttpServer2.java:addGlobalFilter(1031)) - Added global filter 'safety' (class=org.apache.hadoop.hdds.server.http.HttpServer2$QuotingInputFilter)
2023-02-22 04:44:51,279 [Listener at 127.0.0.1/35585] INFO  http.HttpServer2 (HttpServer2.java:addFilter(1007)) - Added filter static_user_filter (class=org.apache.hadoop.http.lib.StaticUserWebFilter$StaticUserFilter) to context ozoneManager
2023-02-22 04:44:51,279 [Listener at 127.0.0.1/35585] INFO  http.HttpServer2 (HttpServer2.java:addFilter(1015)) - Added filter static_user_filter (class=org.apache.hadoop.http.lib.StaticUserWebFilter$StaticUserFilter) to context static
2023-02-22 04:44:51,279 [Listener at 127.0.0.1/35585] INFO  http.HttpServer2 (HttpServer2.java:addFilter(1015)) - Added filter static_user_filter (class=org.apache.hadoop.http.lib.StaticUserWebFilter$StaticUserFilter) to context logs
2023-02-22 04:44:51,280 [Listener at 127.0.0.1/35585] INFO  http.HttpServer2 (HttpServer2.java:bindListener(1250)) - Jetty bound to port 32991
2023-02-22 04:44:51,280 [Listener at 127.0.0.1/35585] INFO  server.Server (Server.java:doStart(375)) - jetty-9.4.49.v20220914; built: 2022-09-14T01:07:36.601Z; git: 4231a3b2e4cb8548a412a789936d640a97b1aa0a; jvm 1.8.0_362-b09
2023-02-22 04:44:51,285 [Listener at 127.0.0.1/35585] INFO  server.session (DefaultSessionIdManager.java:doStart(334)) - DefaultSessionIdManager workerName=node0
2023-02-22 04:44:51,285 [Listener at 127.0.0.1/35585] INFO  server.session (DefaultSessionIdManager.java:doStart(339)) - No SessionScavenger set, using defaults
2023-02-22 04:44:51,285 [Listener at 127.0.0.1/35585] INFO  server.session (HouseKeeper.java:startScavenging(132)) - node0 Scavenging every 600000ms
2023-02-22 04:44:51,286 [Listener at 127.0.0.1/35585] INFO  handler.ContextHandler (ContextHandler.java:doStart(921)) - Started o.e.j.s.ServletContextHandler@7ef42355{logs,/logs,file:///home/runner/work/ozone/ozone/hadoop-ozone/integration-test/target/log,AVAILABLE}
2023-02-22 04:44:51,286 [Listener at 127.0.0.1/35585] INFO  handler.ContextHandler (ContextHandler.java:doStart(921)) - Started o.e.j.s.ServletContextHandler@1f259685{static,/static,file:///home/runner/work/ozone/ozone/hadoop-ozone/integration-test/target/test-classes/webapps/static,AVAILABLE}
2023-02-22 04:44:51,291 [Listener at 127.0.0.1/35585] INFO  handler.ContextHandler (ContextHandler.java:doStart(921)) - Started o.e.j.w.WebAppContext@5587cbd6{ozoneManager,/,file:///home/runner/work/ozone/ozone/hadoop-ozone/integration-test/target/test-classes/webapps/ozoneManager/,AVAILABLE}{file:/home/runner/work/ozone/ozone/hadoop-ozone/integration-test/target/test-classes/webapps/ozoneManager}
2023-02-22 04:44:51,292 [Listener at 127.0.0.1/35585] INFO  server.AbstractConnector (AbstractConnector.java:doStart(333)) - Started ServerConnector@75d9aae4{HTTP/1.1, (http/1.1)}{0.0.0.0:32991}
2023-02-22 04:44:51,292 [Listener at 127.0.0.1/35585] INFO  server.Server (Server.java:doStart(415)) - Started @9732ms
2023-02-22 04:44:51,292 [Listener at 127.0.0.1/35585] WARN  impl.MetricsSystemImpl (MetricsSystemImpl.java:register(279)) - Sink prometheus already exists!
2023-02-22 04:44:51,293 [Listener at 127.0.0.1/35585] INFO  http.BaseHttpServer (BaseHttpServer.java:updateConnectorAddress(333)) - HTTP server of ozoneManager listening at http://0.0.0.0:32991
2023-02-22 04:44:51,293 [IPC Server Responder] INFO  ipc.Server (Server.java:run(1512)) - IPC Server Responder: starting
2023-02-22 04:44:51,296 [IPC Server listener on 35585] INFO  ipc.Server (Server.java:run(1352)) - IPC Server listener on 35585: starting
2023-02-22 04:44:51,298 [Listener at 127.0.0.1/35585] INFO  om.OzoneManager (OzoneManager.java:startTrashEmptier(2024)) - Trash Interval set to 0. Files deleted won't move to trash
2023-02-22 04:44:51,298 [Listener at 127.0.0.1/35585] INFO  ozone.MiniOzoneHAClusterImpl (MiniOzoneHAClusterImpl.java:createOMService(527)) - Started OzoneManager omNode-3 RPC server at localhost/127.0.0.1:35585
2023-02-22 04:44:51,306 [org.apache.hadoop.util.JvmPauseMonitor$Monitor@725e942b] INFO  util.JvmPauseMonitor (JvmPauseMonitor.java:run(188)) - Starting JVM pause monitor
2023-02-22 04:44:51,388 [grpc-default-executor-0] WARN  server.GrpcLogAppender (LogUtils.java:warn(122)) - omNode-1@group-523986131536->omNode-3-AppendLogResponseHandler: Failed appendEntries: org.apache.ratis.thirdparty.io.grpc.StatusRuntimeException: UNAVAILABLE: io exception
2023-02-22 04:44:51,389 [grpc-default-executor-3] WARN  server.GrpcLogAppender (LogUtils.java:warn(122)) - omNode-1@group-523986131536->omNode-3-AppendLogResponseHandler: Failed appendEntries: org.apache.ratis.thirdparty.io.grpc.StatusRuntimeException: UNAVAILABLE: io exception
2023-02-22 04:44:51,389 [grpc-default-executor-0] WARN  server.GrpcLogAppender (GrpcLogAppender.java:resetClient(131)) - omNode-1@group-523986131536->omNode-3-GrpcLogAppender: Leader has not got in touch with Follower omNode-1@group-523986131536->omNode-3(c-1,m0,n1, attendVote=true, lastRpcSendTime=0, lastRpcResponseTime=2159) yet, just keep nextIndex unchanged and retry.
2023-02-22 04:44:51,391 [grpc-default-executor-3] WARN  server.GrpcLogAppender (GrpcLogAppender.java:resetClient(131)) - omNode-1@group-523986131536->omNode-3-GrpcLogAppender: Leader has not got in touch with Follower omNode-1@group-523986131536->omNode-3(c-1,m0,n1, attendVote=true, lastRpcSendTime=2, lastRpcResponseTime=2161) yet, just keep nextIndex unchanged and retry.
2023-02-22 04:44:51,434 [Listener at 127.0.0.1/35585] WARN  impl.MetricRegistriesImpl (MetricRegistriesImpl.java:addReporterRegistration(111)) - New reporters are added after registries were created. Some metrics will be missing from the reporter. Please add reporter before adding any new registry.
2023-02-22 04:44:51,434 [Listener at 127.0.0.1/35585] WARN  impl.MetricRegistriesImpl (MetricRegistriesImpl.java:addReporterRegistration(111)) - New reporters are added after registries were created. Some metrics will be missing from the reporter. Please add reporter before adding any new registry.
2023-02-22 04:44:51,434 [Listener at 127.0.0.1/35585] INFO  impl.MetricsSystemImpl (MetricsSystemImpl.java:init(158)) - HddsDatanode metrics system started (again)
2023-02-22 04:44:51,450 [Listener at 127.0.0.1/35585] INFO  ozone.HddsDatanodeService (HddsDatanodeService.java:start(228)) - HddsDatanodeService host:fv-az748-120.4k5rsvd4cmqu5oxra434zmszlb.cx.internal.cloudapp.net ip:10.1.78.0
2023-02-22 04:44:51,476 [Listener at 127.0.0.1/35585] INFO  upgrade.AbstractLayoutVersionManager (AbstractLayoutVersionManager.java:init(83)) - Initializing Layout version manager with metadata layout = DATANODE_SCHEMA_V3 (version = 4), software layout = DATANODE_SCHEMA_V3 (version = 4)
2023-02-22 04:44:51,523 [Listener at 127.0.0.1/35585] INFO  reflections.Reflections (Reflections.java:scan(232)) - Reflections took 46 ms to scan 7 urls, producing 150 keys and 362 values 
2023-02-22 04:44:51,526 [Listener at 127.0.0.1/35585] INFO  statemachine.DatanodeStateMachine (DatanodeStateMachine.java:getEndPointTaskThreadPoolSize(260)) - Datanode State Machine Task Thread Pool size 2
2023-02-22 04:44:51,575 [Listener at 127.0.0.1/35585] INFO  volume.HddsVolume (HddsVolume.java:<init>(122)) - Creating HddsVolume: /home/runner/work/ozone/ozone/hadoop-ozone/integration-test/target/test-dir/MiniOzoneClusterImpl-23364813-765e-4689-b759-17f9bf3914d5/datanode-0/data-0/containers/hdds of storage type : DISK capacity : 9223372036854775807
2023-02-22 04:44:51,578 [Listener at 127.0.0.1/35585] INFO  volume.MutableVolumeSet (MutableVolumeSet.java:initializeVolumeSet(174)) - Added Volume : /home/runner/work/ozone/ozone/hadoop-ozone/integration-test/target/test-dir/MiniOzoneClusterImpl-23364813-765e-4689-b759-17f9bf3914d5/datanode-0/data-0/containers/hdds to VolumeSet
2023-02-22 04:44:51,578 [Listener at 127.0.0.1/35585] INFO  volume.ThrottledAsyncChecker (ThrottledAsyncChecker.java:schedule(141)) - Scheduling a check for /home/runner/work/ozone/ozone/hadoop-ozone/integration-test/target/test-dir/MiniOzoneClusterImpl-23364813-765e-4689-b759-17f9bf3914d5/datanode-0/data-0/containers/hdds
2023-02-22 04:44:51,597 [Listener at 127.0.0.1/35585] INFO  volume.StorageVolumeChecker (StorageVolumeChecker.java:checkAllVolumes(202)) - Scheduled health check for volume /home/runner/work/ozone/ozone/hadoop-ozone/integration-test/target/test-dir/MiniOzoneClusterImpl-23364813-765e-4689-b759-17f9bf3914d5/datanode-0/data-0/containers/hdds
2023-02-22 04:44:51,615 [Listener at 127.0.0.1/35585] INFO  volume.MutableVolumeSet (MutableVolumeSet.java:initializeVolumeSet(174)) - Added Volume : /home/runner/work/ozone/ozone/hadoop-ozone/integration-test/target/test-dir/MiniOzoneClusterImpl-23364813-765e-4689-b759-17f9bf3914d5/datanode-0/data/ratis to VolumeSet
2023-02-22 04:44:51,615 [Listener at 127.0.0.1/35585] INFO  volume.ThrottledAsyncChecker (ThrottledAsyncChecker.java:schedule(141)) - Scheduling a check for /home/runner/work/ozone/ozone/hadoop-ozone/integration-test/target/test-dir/MiniOzoneClusterImpl-23364813-765e-4689-b759-17f9bf3914d5/datanode-0/data/ratis
2023-02-22 04:44:51,616 [Listener at 127.0.0.1/35585] INFO  volume.StorageVolumeChecker (StorageVolumeChecker.java:checkAllVolumes(202)) - Scheduled health check for volume /home/runner/work/ozone/ozone/hadoop-ozone/integration-test/target/test-dir/MiniOzoneClusterImpl-23364813-765e-4689-b759-17f9bf3914d5/datanode-0/data/ratis
2023-02-22 04:44:51,645 [Thread-248] INFO  ozoneimpl.ContainerReader (ContainerReader.java:readVolume(175)) - Finish verifying containers on volume /home/runner/work/ozone/ozone/hadoop-ozone/integration-test/target/test-dir/MiniOzoneClusterImpl-23364813-765e-4689-b759-17f9bf3914d5/datanode-0/data-0/containers/hdds
2023-02-22 04:44:51,645 [Listener at 127.0.0.1/35585] INFO  ozoneimpl.OzoneContainer (OzoneContainer.java:buildContainerSet(304)) - Build ContainerSet costs 0s
2023-02-22 04:44:51,650 [omNode-3-server-thread1] INFO  server.RaftServer$Division (ServerState.java:setLeader(313)) - omNode-3@group-523986131536: change Leader from null to omNode-1 at term 1 for appendEntries, leader elected after 1246ms
2023-02-22 04:44:51,651 [omNode-3-server-thread1] INFO  server.RaftServer$Division (RaftServerImpl.java:checkInconsistentAppendEntries(1508)) - omNode-3@group-523986131536: Failed appendEntries as previous log entry ((t:1, i:0)) is not found
2023-02-22 04:44:51,651 [omNode-3-server-thread1] INFO  server.RaftServer$Division (RaftServerImpl.java:checkInconsistentAppendEntries(1478)) - omNode-3@group-523986131536: inconsistency entries. Reply:omNode-1<-omNode-3#60710:FAIL-t0,INCONSISTENCY,nextIndex=0,followerCommit=-1,matchIndex=-1
2023-02-22 04:44:51,653 [grpc-default-executor-3] INFO  leader.FollowerInfo (FollowerInfoImpl.java:lambda$new$0(48)) - omNode-1@group-523986131536->omNode-3: nextIndex: updateUnconditionally 1 -> 0
2023-02-22 04:44:51,661 [omNode-3-server-thread2] INFO  server.RaftServer$Division (ServerState.java:setRaftConf(430)) - omNode-3@group-523986131536: set configuration 0: peers:[omNode-3|rpc:localhost:43563|admin:|client:|dataStream:|priority:0|startupRole:FOLLOWER, omNode-1|rpc:localhost:41041|admin:|client:|dataStream:|priority:0|startupRole:FOLLOWER, omNode-2|rpc:localhost:43939|admin:|client:|dataStream:|priority:0|startupRole:FOLLOWER]|listeners:[], old=null
2023-02-22 04:44:51,662 [omNode-3-server-thread2] INFO  segmented.SegmentedRaftLogWorker (SegmentedRaftLogWorker.java:startLogSegment(452)) - omNode-3@group-523986131536-SegmentedRaftLogWorker: Starting segment from index:0
2023-02-22 04:44:51,670 [omNode-3@group-523986131536-SegmentedRaftLogWorker] INFO  segmented.SegmentedRaftLogWorker (SegmentedRaftLogWorker.java:execute(656)) - omNode-3@group-523986131536-SegmentedRaftLogWorker: created new log segment /home/runner/work/ozone/ozone/hadoop-ozone/integration-test/target/test-dir/MiniOzoneClusterImpl-23364813-765e-4689-b759-17f9bf3914d5/omNode-3/ratis/c9bc4cf4-3bc3-3c60-a66b-523986131536/current/log_inprogress_0
2023-02-22 04:44:51,676 [omNode-3@group-523986131536-StateMachineUpdater] INFO  ratis.OzoneManagerStateMachine (OzoneManagerStateMachine.java:notifyConfigurationChanged(192)) - Received Configuration change notification from Ratis. New Peer list:
[id: "omNode-3"
address: "localhost:43563"
startupRole: FOLLOWER
, id: "omNode-1"
address: "localhost:41041"
startupRole: FOLLOWER
, id: "omNode-2"
address: "localhost:43939"
startupRole: FOLLOWER
]
2023-02-22 04:44:51,702 [Listener at 127.0.0.1/35585] INFO  audit.AuditLogger (AuditLogger.java:refreshDebugCmdSet(126)) - Refresh DebugCmdSet for DNAudit to [].
2023-02-22 04:44:51,728 [Listener at 127.0.0.1/35585] INFO  server.RaftServer (ConfUtils.java:logGet(46)) - raft.rpc.type = GRPC (default)
2023-02-22 04:44:51,728 [Listener at 127.0.0.1/35585] INFO  grpc.GrpcConfigKeys (ConfUtils.java:logFallback(53)) - raft.grpc.admin.host = null (fallback to raft.grpc.server.host)
2023-02-22 04:44:51,729 [Listener at 127.0.0.1/35585] INFO  grpc.GrpcConfigKeys (ConfUtils.java:logGet(46)) - raft.grpc.admin.port = 0 (custom)
2023-02-22 04:44:51,729 [Listener at 127.0.0.1/35585] INFO  grpc.GrpcConfigKeys (ConfUtils.java:logFallback(53)) - raft.grpc.client.host = null (fallback to raft.grpc.server.host)
2023-02-22 04:44:51,729 [Listener at 127.0.0.1/35585] INFO  grpc.GrpcConfigKeys (ConfUtils.java:logGet(46)) - raft.grpc.client.port = 0 (custom)
2023-02-22 04:44:51,729 [Listener at 127.0.0.1/35585] INFO  grpc.GrpcConfigKeys (ConfUtils.java:logGet(46)) - raft.grpc.server.host = null (default)
2023-02-22 04:44:51,729 [Listener at 127.0.0.1/35585] INFO  grpc.GrpcConfigKeys (ConfUtils.java:logGet(46)) - raft.grpc.server.port = 0 (default)
2023-02-22 04:44:51,729 [Listener at 127.0.0.1/35585] INFO  server.GrpcService (ConfUtils.java:logGet(46)) - raft.grpc.message.size.max = 32MB (=33554432) (custom)
2023-02-22 04:44:51,729 [Listener at 127.0.0.1/35585] INFO  server.RaftServerConfigKeys (ConfUtils.java:logGet(46)) - raft.server.log.appender.buffer.byte-limit = 33554432 (custom)
2023-02-22 04:44:51,729 [Listener at 127.0.0.1/35585] INFO  server.GrpcService (ConfUtils.java:logGet(46)) - raft.grpc.flow.control.window = 5MB (=5242880) (custom)
2023-02-22 04:44:51,729 [Listener at 127.0.0.1/35585] INFO  server.RaftServerConfigKeys (ConfUtils.java:logGet(46)) - raft.server.rpc.request.timeout = 60s (custom)
2023-02-22 04:44:51,729 [Listener at 127.0.0.1/35585] INFO  grpc.GrpcConfigKeys (ConfUtils.java:logGet(46)) - raft.grpc.server.heartbeat.channel = true (default)
2023-02-22 04:44:51,730 [Listener at 127.0.0.1/35585] INFO  grpc.GrpcConfigKeys (ConfUtils.java:logGet(46)) - raft.grpc.server.async.request.thread.pool.cached = true (default)
2023-02-22 04:44:51,730 [Listener at 127.0.0.1/35585] INFO  grpc.GrpcConfigKeys (ConfUtils.java:logGet(46)) - raft.grpc.server.async.request.thread.pool.size = 32 (default)
2023-02-22 04:44:51,731 [Listener at 127.0.0.1/35585] INFO  impl.DataStreamServerImpl (ConfUtils.java:logGet(46)) - raft.datastream.type = NETTY (custom)
2023-02-22 04:44:51,738 [Listener at 127.0.0.1/35585] INFO  server.RaftServerConfigKeys (ConfUtils.java:logGet(46)) - raft.server.data-stream.async.request.thread.pool.cached = false (default)
2023-02-22 04:44:51,739 [Listener at 127.0.0.1/35585] INFO  server.RaftServerConfigKeys (ConfUtils.java:logGet(46)) - raft.server.data-stream.async.request.thread.pool.size = 20 (custom)
2023-02-22 04:44:51,739 [Listener at 127.0.0.1/35585] INFO  server.RaftServerConfigKeys (ConfUtils.java:logGet(46)) - raft.server.data-stream.async.write.thread.pool.size = 16 (default)
2023-02-22 04:44:51,740 [Listener at 127.0.0.1/35585] INFO  server.RaftServerConfigKeys (ConfUtils.java:logGet(46)) - raft.server.data-stream.client.pool.size = 10 (default)
2023-02-22 04:44:51,742 [Listener at 127.0.0.1/35585] INFO  netty.NettyConfigKeys$DataStream (ConfUtils.java:logGet(46)) - raft.netty.dataStream.server.use-epoll = false (default)
2023-02-22 04:44:51,743 [Listener at 127.0.0.1/35585] INFO  netty.NettyConfigKeys$DataStream (ConfUtils.java:logGet(46)) - raft.netty.dataStream.server.boss-group.size = 0 (default)
2023-02-22 04:44:51,748 [Listener at 127.0.0.1/35585] INFO  netty.NettyConfigKeys$DataStream (ConfUtils.java:logGet(46)) - raft.netty.dataStream.server.worker-group.size = 0 (default)
2023-02-22 04:44:51,749 [Listener at 127.0.0.1/35585] INFO  netty.NettyConfigKeys$DataStream (ConfUtils.java:logGet(46)) - raft.netty.dataStream.server.tls.conf = null (default)
2023-02-22 04:44:51,750 [Listener at 127.0.0.1/35585] INFO  netty.NettyConfigKeys$DataStream (ConfUtils.java:logGet(46)) - raft.netty.dataStream.host = null (default)
2023-02-22 04:44:51,751 [Listener at 127.0.0.1/35585] INFO  netty.NettyConfigKeys$DataStream (ConfUtils.java:logGet(46)) - raft.netty.dataStream.port = 0 (default)
2023-02-22 04:44:51,758 [Listener at 127.0.0.1/35585] INFO  server.RaftServerConfigKeys (ConfUtils.java:logGet(46)) - raft.server.threadpool.proxy.cached = true (default)
2023-02-22 04:44:51,758 [Listener at 127.0.0.1/35585] INFO  server.RaftServerConfigKeys (ConfUtils.java:logGet(46)) - raft.server.threadpool.proxy.size = 0 (default)
2023-02-22 04:44:51,759 [Listener at 127.0.0.1/35585] INFO  server.RaftServerConfigKeys (ConfUtils.java:logGet(46)) - raft.server.rpc.slowness.timeout = 300s (custom)
2023-02-22 04:44:51,759 [Listener at 127.0.0.1/35585] INFO  server.RaftServerConfigKeys (ConfUtils.java:logGet(46)) - raft.server.leaderelection.leader.step-down.wait-time = 10s (default)
2023-02-22 04:44:51,759 [Listener at 127.0.0.1/35585] INFO  server.RaftServerConfigKeys (ConfUtils.java:logGet(46)) - raft.server.storage.dir = [/home/runner/work/ozone/ozone/hadoop-ozone/integration-test/target/test-dir/MiniOzoneClusterImpl-23364813-765e-4689-b759-17f9bf3914d5/datanode-0/data/ratis] (custom)
2023-02-22 04:44:51,769 [fca85417-4002-4831-843c-2e02b9319828-NettyServerStreamRpc-bossGroup--thread1] INFO  logging.LoggingHandler (AbstractInternalLogger.java:log(148)) - [id: 0x7d362704] REGISTERED
2023-02-22 04:44:51,772 [fca85417-4002-4831-843c-2e02b9319828-NettyServerStreamRpc-bossGroup--thread1] INFO  logging.LoggingHandler (AbstractInternalLogger.java:log(148)) - [id: 0x7d362704] BIND: 0.0.0.0/0.0.0.0:0
2023-02-22 04:44:51,773 [fca85417-4002-4831-843c-2e02b9319828-NettyServerStreamRpc-bossGroup--thread1] INFO  logging.LoggingHandler (AbstractInternalLogger.java:log(148)) - [id: 0x7d362704, L:/0:0:0:0:0:0:0:0:33265] ACTIVE
2023-02-22 04:44:51,789 [Listener at 127.0.0.1/35585] INFO  server.XceiverServerGrpc (XceiverServerGrpc.java:<init>(132)) - GrpcServer channel type EpollServerSocketChannel
2023-02-22 04:44:51,853 [Listener at 127.0.0.1/35585] INFO  http.BaseHttpServer (BaseHttpServer.java:newHttpServer2BuilderForOzone(213)) - Starting Web-server for hddsDatanode at: http://0.0.0.0:0
2023-02-22 04:44:51,853 [Listener at 127.0.0.1/35585] INFO  http.BaseHttpServer (BaseHttpServer.java:<init>(108)) - Hadoop Security Enabled: false Ozone Security Enabled: false Ozone HTTP Security Enabled: false 
2023-02-22 04:44:51,854 [Listener at 127.0.0.1/35585] WARN  server.AuthenticationFilter (AuthenticationFilter.java:constructSecretProvider(240)) - Unable to initialize FileSignerSecretProvider, falling back to use random secrets. Reason: Could not read signature secret file: /home/runner/hadoop-http-auth-signature-secret
2023-02-22 04:44:51,855 [Listener at 127.0.0.1/35585] WARN  http.HttpRequestLog (HttpRequestLog.java:getRequestLog(103)) - Jetty request log can only be enabled using Log4j
2023-02-22 04:44:51,856 [Listener at 127.0.0.1/35585] INFO  http.HttpServer2 (HttpServer2.java:addGlobalFilter(1031)) - Added global filter 'safety' (class=org.apache.hadoop.hdds.server.http.HttpServer2$QuotingInputFilter)
2023-02-22 04:44:51,857 [Listener at 127.0.0.1/35585] INFO  http.HttpServer2 (HttpServer2.java:addFilter(1007)) - Added filter static_user_filter (class=org.apache.hadoop.http.lib.StaticUserWebFilter$StaticUserFilter) to context hddsDatanode
2023-02-22 04:44:51,857 [Listener at 127.0.0.1/35585] INFO  http.HttpServer2 (HttpServer2.java:addFilter(1015)) - Added filter static_user_filter (class=org.apache.hadoop.http.lib.StaticUserWebFilter$StaticUserFilter) to context logs
2023-02-22 04:44:51,857 [Listener at 127.0.0.1/35585] INFO  http.HttpServer2 (HttpServer2.java:addFilter(1015)) - Added filter static_user_filter (class=org.apache.hadoop.http.lib.StaticUserWebFilter$StaticUserFilter) to context static
2023-02-22 04:44:51,858 [Listener at 127.0.0.1/35585] INFO  http.HttpServer2 (HttpServer2.java:bindListener(1250)) - Jetty bound to port 38723
2023-02-22 04:44:51,858 [Listener at 127.0.0.1/35585] INFO  server.Server (Server.java:doStart(375)) - jetty-9.4.49.v20220914; built: 2022-09-14T01:07:36.601Z; git: 4231a3b2e4cb8548a412a789936d640a97b1aa0a; jvm 1.8.0_362-b09
2023-02-22 04:44:51,862 [Listener at 127.0.0.1/35585] INFO  server.session (DefaultSessionIdManager.java:doStart(334)) - DefaultSessionIdManager workerName=node0
2023-02-22 04:44:51,863 [Listener at 127.0.0.1/35585] INFO  server.session (DefaultSessionIdManager.java:doStart(339)) - No SessionScavenger set, using defaults
2023-02-22 04:44:51,863 [Listener at 127.0.0.1/35585] INFO  server.session (HouseKeeper.java:startScavenging(132)) - node0 Scavenging every 600000ms
2023-02-22 04:44:51,864 [Listener at 127.0.0.1/35585] INFO  handler.ContextHandler (ContextHandler.java:doStart(921)) - Started o.e.j.s.ServletContextHandler@1d430022{logs,/logs,file:///home/runner/work/ozone/ozone/hadoop-ozone/integration-test/target/log,AVAILABLE}
2023-02-22 04:44:51,864 [Listener at 127.0.0.1/35585] INFO  handler.ContextHandler (ContextHandler.java:doStart(921)) - Started o.e.j.s.ServletContextHandler@66946979{static,/static,jar:file:/home/runner/.m2/repository/org/apache/ozone/hdds-container-service/1.4.0-SNAPSHOT/hdds-container-service-1.4.0-SNAPSHOT.jar!/webapps/static,AVAILABLE}
2023-02-22 04:44:52,096 [Listener at 127.0.0.1/35585] INFO  handler.ContextHandler (ContextHandler.java:doStart(921)) - Started o.e.j.w.WebAppContext@631f8c82{hddsDatanode,/,file:///tmp/jetty-0_0_0_0-38723-hdds-container-service-1_4_0-SNAPSHOT_jar-_-any-8380420966737066862/webapp/,AVAILABLE}{jar:file:/home/runner/.m2/repository/org/apache/ozone/hdds-container-service/1.4.0-SNAPSHOT/hdds-container-service-1.4.0-SNAPSHOT.jar!/webapps/hddsDatanode}
2023-02-22 04:44:52,097 [Listener at 127.0.0.1/35585] INFO  server.AbstractConnector (AbstractConnector.java:doStart(333)) - Started ServerConnector@60c972b9{HTTP/1.1, (http/1.1)}{0.0.0.0:38723}
2023-02-22 04:44:52,097 [Listener at 127.0.0.1/35585] INFO  server.Server (Server.java:doStart(415)) - Started @10537ms
2023-02-22 04:44:52,097 [Listener at 127.0.0.1/35585] WARN  impl.MetricsSystemImpl (MetricsSystemImpl.java:register(279)) - Sink prometheus already exists!
2023-02-22 04:44:52,098 [Listener at 127.0.0.1/35585] INFO  http.BaseHttpServer (BaseHttpServer.java:updateConnectorAddress(333)) - HTTP server of hddsDatanode listening at http://0.0.0.0:38723
2023-02-22 04:44:52,101 [Listener at 127.0.0.1/35585] WARN  impl.MetricRegistriesImpl (MetricRegistriesImpl.java:addReporterRegistration(111)) - New reporters are added after registries were created. Some metrics will be missing from the reporter. Please add reporter before adding any new registry.
2023-02-22 04:44:52,101 [Listener at 127.0.0.1/35585] WARN  impl.MetricRegistriesImpl (MetricRegistriesImpl.java:addReporterRegistration(111)) - New reporters are added after registries were created. Some metrics will be missing from the reporter. Please add reporter before adding any new registry.
2023-02-22 04:44:52,101 [Listener at 127.0.0.1/35585] INFO  impl.MetricsSystemImpl (MetricsSystemImpl.java:init(158)) - HddsDatanode metrics system started (again)
2023-02-22 04:44:52,104 [Datanode State Machine Daemon Thread] INFO  statemachine.DatanodeStateMachine (DatanodeStateMachine.java:lambda$startDaemon$0(516)) - Ozone container server started.
2023-02-22 04:44:52,119 [org.apache.hadoop.util.JvmPauseMonitor$Monitor@5e6ea716] INFO  util.JvmPauseMonitor (JvmPauseMonitor.java:run(188)) - Starting JVM pause monitor
2023-02-22 04:44:52,122 [Listener at 127.0.0.1/35585] INFO  ozone.HddsDatanodeService (HddsDatanodeService.java:start(228)) - HddsDatanodeService host:fv-az748-120.4k5rsvd4cmqu5oxra434zmszlb.cx.internal.cloudapp.net ip:10.1.78.0
2023-02-22 04:44:52,167 [Listener at 127.0.0.1/35585] INFO  upgrade.AbstractLayoutVersionManager (AbstractLayoutVersionManager.java:init(83)) - Initializing Layout version manager with metadata layout = DATANODE_SCHEMA_V3 (version = 4), software layout = DATANODE_SCHEMA_V3 (version = 4)
2023-02-22 04:44:52,200 [Datanode State Machine Task Thread - 0] INFO  datanode.InitDatanodeState (InitDatanodeState.java:persistContainerDatanodeDetails(138)) - DatanodeDetails is persisted to /home/runner/work/ozone/ozone/hadoop-ozone/integration-test/target/test-dir/MiniOzoneClusterImpl-23364813-765e-4689-b759-17f9bf3914d5/datanode-0/meta/datanode.id
2023-02-22 04:44:52,236 [Listener at 127.0.0.1/35585] INFO  reflections.Reflections (Reflections.java:scan(232)) - Reflections took 67 ms to scan 7 urls, producing 150 keys and 362 values 
2023-02-22 04:44:52,237 [Listener at 127.0.0.1/35585] INFO  statemachine.DatanodeStateMachine (DatanodeStateMachine.java:getEndPointTaskThreadPoolSize(260)) - Datanode State Machine Task Thread Pool size 2
2023-02-22 04:44:52,242 [Listener at 127.0.0.1/35585] INFO  volume.HddsVolume (HddsVolume.java:<init>(122)) - Creating HddsVolume: /home/runner/work/ozone/ozone/hadoop-ozone/integration-test/target/test-dir/MiniOzoneClusterImpl-23364813-765e-4689-b759-17f9bf3914d5/datanode-1/data-0/containers/hdds of storage type : DISK capacity : 9223372036854775807
2023-02-22 04:44:52,242 [Listener at 127.0.0.1/35585] INFO  volume.MutableVolumeSet (MutableVolumeSet.java:initializeVolumeSet(174)) - Added Volume : /home/runner/work/ozone/ozone/hadoop-ozone/integration-test/target/test-dir/MiniOzoneClusterImpl-23364813-765e-4689-b759-17f9bf3914d5/datanode-1/data-0/containers/hdds to VolumeSet
2023-02-22 04:44:52,243 [Listener at 127.0.0.1/35585] INFO  volume.ThrottledAsyncChecker (ThrottledAsyncChecker.java:schedule(141)) - Scheduling a check for /home/runner/work/ozone/ozone/hadoop-ozone/integration-test/target/test-dir/MiniOzoneClusterImpl-23364813-765e-4689-b759-17f9bf3914d5/datanode-1/data-0/containers/hdds
2023-02-22 04:44:52,244 [Listener at 127.0.0.1/35585] INFO  volume.StorageVolumeChecker (StorageVolumeChecker.java:checkAllVolumes(202)) - Scheduled health check for volume /home/runner/work/ozone/ozone/hadoop-ozone/integration-test/target/test-dir/MiniOzoneClusterImpl-23364813-765e-4689-b759-17f9bf3914d5/datanode-1/data-0/containers/hdds
2023-02-22 04:44:52,255 [Listener at 127.0.0.1/35585] INFO  volume.MutableVolumeSet (MutableVolumeSet.java:initializeVolumeSet(174)) - Added Volume : /home/runner/work/ozone/ozone/hadoop-ozone/integration-test/target/test-dir/MiniOzoneClusterImpl-23364813-765e-4689-b759-17f9bf3914d5/datanode-1/data/ratis to VolumeSet
2023-02-22 04:44:52,255 [Listener at 127.0.0.1/35585] INFO  volume.ThrottledAsyncChecker (ThrottledAsyncChecker.java:schedule(141)) - Scheduling a check for /home/runner/work/ozone/ozone/hadoop-ozone/integration-test/target/test-dir/MiniOzoneClusterImpl-23364813-765e-4689-b759-17f9bf3914d5/datanode-1/data/ratis
2023-02-22 04:44:52,256 [Listener at 127.0.0.1/35585] INFO  volume.StorageVolumeChecker (StorageVolumeChecker.java:checkAllVolumes(202)) - Scheduled health check for volume /home/runner/work/ozone/ozone/hadoop-ozone/integration-test/target/test-dir/MiniOzoneClusterImpl-23364813-765e-4689-b759-17f9bf3914d5/datanode-1/data/ratis
2023-02-22 04:44:52,266 [Thread-264] INFO  ozoneimpl.ContainerReader (ContainerReader.java:readVolume(175)) - Finish verifying containers on volume /home/runner/work/ozone/ozone/hadoop-ozone/integration-test/target/test-dir/MiniOzoneClusterImpl-23364813-765e-4689-b759-17f9bf3914d5/datanode-1/data-0/containers/hdds
2023-02-22 04:44:52,267 [Listener at 127.0.0.1/35585] INFO  ozoneimpl.OzoneContainer (OzoneContainer.java:buildContainerSet(304)) - Build ContainerSet costs 0s
2023-02-22 04:44:52,270 [Listener at 127.0.0.1/35585] INFO  server.RaftServer (ConfUtils.java:logGet(46)) - raft.rpc.type = GRPC (default)
2023-02-22 04:44:52,270 [Listener at 127.0.0.1/35585] INFO  grpc.GrpcConfigKeys (ConfUtils.java:logFallback(53)) - raft.grpc.admin.host = null (fallback to raft.grpc.server.host)
2023-02-22 04:44:52,270 [Listener at 127.0.0.1/35585] INFO  grpc.GrpcConfigKeys (ConfUtils.java:logGet(46)) - raft.grpc.admin.port = 0 (custom)
2023-02-22 04:44:52,271 [Listener at 127.0.0.1/35585] INFO  grpc.GrpcConfigKeys (ConfUtils.java:logFallback(53)) - raft.grpc.client.host = null (fallback to raft.grpc.server.host)
2023-02-22 04:44:52,271 [Listener at 127.0.0.1/35585] INFO  grpc.GrpcConfigKeys (ConfUtils.java:logGet(46)) - raft.grpc.client.port = 0 (custom)
2023-02-22 04:44:52,271 [Listener at 127.0.0.1/35585] INFO  grpc.GrpcConfigKeys (ConfUtils.java:logGet(46)) - raft.grpc.server.host = null (default)
2023-02-22 04:44:52,271 [Listener at 127.0.0.1/35585] INFO  grpc.GrpcConfigKeys (ConfUtils.java:logGet(46)) - raft.grpc.server.port = 0 (default)
2023-02-22 04:44:52,271 [Listener at 127.0.0.1/35585] INFO  server.GrpcService (ConfUtils.java:logGet(46)) - raft.grpc.message.size.max = 32MB (=33554432) (custom)
2023-02-22 04:44:52,271 [Listener at 127.0.0.1/35585] INFO  server.RaftServerConfigKeys (ConfUtils.java:logGet(46)) - raft.server.log.appender.buffer.byte-limit = 33554432 (custom)
2023-02-22 04:44:52,271 [Listener at 127.0.0.1/35585] INFO  server.GrpcService (ConfUtils.java:logGet(46)) - raft.grpc.flow.control.window = 5MB (=5242880) (custom)
2023-02-22 04:44:52,271 [Listener at 127.0.0.1/35585] INFO  server.RaftServerConfigKeys (ConfUtils.java:logGet(46)) - raft.server.rpc.request.timeout = 60s (custom)
2023-02-22 04:44:52,271 [Listener at 127.0.0.1/35585] INFO  grpc.GrpcConfigKeys (ConfUtils.java:logGet(46)) - raft.grpc.server.heartbeat.channel = true (default)
2023-02-22 04:44:52,272 [Listener at 127.0.0.1/35585] INFO  grpc.GrpcConfigKeys (ConfUtils.java:logGet(46)) - raft.grpc.server.async.request.thread.pool.cached = true (default)
2023-02-22 04:44:52,272 [Listener at 127.0.0.1/35585] INFO  grpc.GrpcConfigKeys (ConfUtils.java:logGet(46)) - raft.grpc.server.async.request.thread.pool.size = 32 (default)
2023-02-22 04:44:52,272 [Listener at 127.0.0.1/35585] INFO  impl.DataStreamServerImpl (ConfUtils.java:logGet(46)) - raft.datastream.type = NETTY (custom)
2023-02-22 04:44:52,273 [Listener at 127.0.0.1/35585] INFO  server.RaftServerConfigKeys (ConfUtils.java:logGet(46)) - raft.server.data-stream.async.request.thread.pool.cached = false (default)
2023-02-22 04:44:52,273 [Listener at 127.0.0.1/35585] INFO  server.RaftServerConfigKeys (ConfUtils.java:logGet(46)) - raft.server.data-stream.async.request.thread.pool.size = 20 (custom)
2023-02-22 04:44:52,273 [Listener at 127.0.0.1/35585] INFO  server.RaftServerConfigKeys (ConfUtils.java:logGet(46)) - raft.server.data-stream.async.write.thread.pool.size = 16 (default)
2023-02-22 04:44:52,273 [Listener at 127.0.0.1/35585] INFO  server.RaftServerConfigKeys (ConfUtils.java:logGet(46)) - raft.server.data-stream.client.pool.size = 10 (default)
2023-02-22 04:44:52,273 [Listener at 127.0.0.1/35585] INFO  netty.NettyConfigKeys$DataStream (ConfUtils.java:logGet(46)) - raft.netty.dataStream.server.use-epoll = false (default)
2023-02-22 04:44:52,274 [Listener at 127.0.0.1/35585] INFO  netty.NettyConfigKeys$DataStream (ConfUtils.java:logGet(46)) - raft.netty.dataStream.server.boss-group.size = 0 (default)
2023-02-22 04:44:52,274 [Listener at 127.0.0.1/35585] INFO  netty.NettyConfigKeys$DataStream (ConfUtils.java:logGet(46)) - raft.netty.dataStream.server.worker-group.size = 0 (default)
2023-02-22 04:44:52,274 [Listener at 127.0.0.1/35585] INFO  netty.NettyConfigKeys$DataStream (ConfUtils.java:logGet(46)) - raft.netty.dataStream.server.tls.conf = null (default)
2023-02-22 04:44:52,274 [Listener at 127.0.0.1/35585] INFO  netty.NettyConfigKeys$DataStream (ConfUtils.java:logGet(46)) - raft.netty.dataStream.host = null (default)
2023-02-22 04:44:52,274 [Listener at 127.0.0.1/35585] INFO  netty.NettyConfigKeys$DataStream (ConfUtils.java:logGet(46)) - raft.netty.dataStream.port = 0 (default)
2023-02-22 04:44:52,275 [Listener at 127.0.0.1/35585] INFO  server.RaftServerConfigKeys (ConfUtils.java:logGet(46)) - raft.server.threadpool.proxy.cached = true (default)
2023-02-22 04:44:52,275 [Listener at 127.0.0.1/35585] INFO  server.RaftServerConfigKeys (ConfUtils.java:logGet(46)) - raft.server.threadpool.proxy.size = 0 (default)
2023-02-22 04:44:52,275 [Listener at 127.0.0.1/35585] INFO  server.RaftServerConfigKeys (ConfUtils.java:logGet(46)) - raft.server.rpc.slowness.timeout = 300s (custom)
2023-02-22 04:44:52,275 [Listener at 127.0.0.1/35585] INFO  server.RaftServerConfigKeys (ConfUtils.java:logGet(46)) - raft.server.leaderelection.leader.step-down.wait-time = 10s (default)
2023-02-22 04:44:52,275 [Listener at 127.0.0.1/35585] INFO  server.RaftServerConfigKeys (ConfUtils.java:logGet(46)) - raft.server.storage.dir = [/home/runner/work/ozone/ozone/hadoop-ozone/integration-test/target/test-dir/MiniOzoneClusterImpl-23364813-765e-4689-b759-17f9bf3914d5/datanode-1/data/ratis] (custom)
2023-02-22 04:44:52,277 [c33c6748-58a2-4781-a6a3-3a6f81ff3630-NettyServerStreamRpc-bossGroup--thread1] INFO  logging.LoggingHandler (AbstractInternalLogger.java:log(148)) - [id: 0x430766ac] REGISTERED
2023-02-22 04:44:52,279 [c33c6748-58a2-4781-a6a3-3a6f81ff3630-NettyServerStreamRpc-bossGroup--thread1] INFO  logging.LoggingHandler (AbstractInternalLogger.java:log(148)) - [id: 0x430766ac] BIND: 0.0.0.0/0.0.0.0:0
2023-02-22 04:44:52,279 [c33c6748-58a2-4781-a6a3-3a6f81ff3630-NettyServerStreamRpc-bossGroup--thread1] INFO  logging.LoggingHandler (AbstractInternalLogger.java:log(148)) - [id: 0x430766ac, L:/0:0:0:0:0:0:0:0:39407] ACTIVE
2023-02-22 04:44:52,280 [Listener at 127.0.0.1/35585] INFO  server.XceiverServerGrpc (XceiverServerGrpc.java:<init>(132)) - GrpcServer channel type EpollServerSocketChannel
2023-02-22 04:44:52,283 [Listener at 127.0.0.1/35585] INFO  http.BaseHttpServer (BaseHttpServer.java:newHttpServer2BuilderForOzone(213)) - Starting Web-server for hddsDatanode at: http://0.0.0.0:0
2023-02-22 04:44:52,283 [Listener at 127.0.0.1/35585] INFO  http.BaseHttpServer (BaseHttpServer.java:<init>(108)) - Hadoop Security Enabled: false Ozone Security Enabled: false Ozone HTTP Security Enabled: false 
2023-02-22 04:44:52,284 [Listener at 127.0.0.1/35585] WARN  server.AuthenticationFilter (AuthenticationFilter.java:constructSecretProvider(240)) - Unable to initialize FileSignerSecretProvider, falling back to use random secrets. Reason: Could not read signature secret file: /home/runner/hadoop-http-auth-signature-secret
2023-02-22 04:44:52,285 [Listener at 127.0.0.1/35585] WARN  http.HttpRequestLog (HttpRequestLog.java:getRequestLog(103)) - Jetty request log can only be enabled using Log4j
2023-02-22 04:44:52,286 [Listener at 127.0.0.1/35585] INFO  http.HttpServer2 (HttpServer2.java:addGlobalFilter(1031)) - Added global filter 'safety' (class=org.apache.hadoop.hdds.server.http.HttpServer2$QuotingInputFilter)
2023-02-22 04:44:52,287 [Listener at 127.0.0.1/35585] INFO  http.HttpServer2 (HttpServer2.java:addFilter(1007)) - Added filter static_user_filter (class=org.apache.hadoop.http.lib.StaticUserWebFilter$StaticUserFilter) to context hddsDatanode
2023-02-22 04:44:52,287 [Listener at 127.0.0.1/35585] INFO  http.HttpServer2 (HttpServer2.java:addFilter(1015)) - Added filter static_user_filter (class=org.apache.hadoop.http.lib.StaticUserWebFilter$StaticUserFilter) to context logs
2023-02-22 04:44:52,287 [Listener at 127.0.0.1/35585] INFO  http.HttpServer2 (HttpServer2.java:addFilter(1015)) - Added filter static_user_filter (class=org.apache.hadoop.http.lib.StaticUserWebFilter$StaticUserFilter) to context static
2023-02-22 04:44:52,288 [Listener at 127.0.0.1/35585] INFO  http.HttpServer2 (HttpServer2.java:bindListener(1250)) - Jetty bound to port 33467
2023-02-22 04:44:52,288 [Listener at 127.0.0.1/35585] INFO  server.Server (Server.java:doStart(375)) - jetty-9.4.49.v20220914; built: 2022-09-14T01:07:36.601Z; git: 4231a3b2e4cb8548a412a789936d640a97b1aa0a; jvm 1.8.0_362-b09
2023-02-22 04:44:52,289 [Listener at 127.0.0.1/35585] INFO  server.session (DefaultSessionIdManager.java:doStart(334)) - DefaultSessionIdManager workerName=node0
2023-02-22 04:44:52,289 [Listener at 127.0.0.1/35585] INFO  server.session (DefaultSessionIdManager.java:doStart(339)) - No SessionScavenger set, using defaults
2023-02-22 04:44:52,289 [Listener at 127.0.0.1/35585] INFO  server.session (HouseKeeper.java:startScavenging(132)) - node0 Scavenging every 600000ms
2023-02-22 04:44:52,290 [Listener at 127.0.0.1/35585] INFO  handler.ContextHandler (ContextHandler.java:doStart(921)) - Started o.e.j.s.ServletContextHandler@4fe3872c{logs,/logs,file:///home/runner/work/ozone/ozone/hadoop-ozone/integration-test/target/log,AVAILABLE}
2023-02-22 04:44:52,290 [Listener at 127.0.0.1/35585] INFO  handler.ContextHandler (ContextHandler.java:doStart(921)) - Started o.e.j.s.ServletContextHandler@51f81027{static,/static,jar:file:/home/runner/.m2/repository/org/apache/ozone/hdds-container-service/1.4.0-SNAPSHOT/hdds-container-service-1.4.0-SNAPSHOT.jar!/webapps/static,AVAILABLE}
2023-02-22 04:44:52,492 [Listener at 127.0.0.1/35585] INFO  handler.ContextHandler (ContextHandler.java:doStart(921)) - Started o.e.j.w.WebAppContext@3b9c1452{hddsDatanode,/,file:///tmp/jetty-0_0_0_0-33467-hdds-container-service-1_4_0-SNAPSHOT_jar-_-any-4625535560729919152/webapp/,AVAILABLE}{jar:file:/home/runner/.m2/repository/org/apache/ozone/hdds-container-service/1.4.0-SNAPSHOT/hdds-container-service-1.4.0-SNAPSHOT.jar!/webapps/hddsDatanode}
2023-02-22 04:44:52,493 [Listener at 127.0.0.1/35585] INFO  server.AbstractConnector (AbstractConnector.java:doStart(333)) - Started ServerConnector@682b48e9{HTTP/1.1, (http/1.1)}{0.0.0.0:33467}
2023-02-22 04:44:52,493 [Listener at 127.0.0.1/35585] INFO  server.Server (Server.java:doStart(415)) - Started @10933ms
2023-02-22 04:44:52,493 [Listener at 127.0.0.1/35585] WARN  impl.MetricsSystemImpl (MetricsSystemImpl.java:register(279)) - Sink prometheus already exists!
2023-02-22 04:44:52,494 [Listener at 127.0.0.1/35585] INFO  http.BaseHttpServer (BaseHttpServer.java:updateConnectorAddress(333)) - HTTP server of hddsDatanode listening at http://0.0.0.0:33467
2023-02-22 04:44:52,496 [Datanode State Machine Daemon Thread] INFO  statemachine.DatanodeStateMachine (DatanodeStateMachine.java:lambda$startDaemon$0(516)) - Ozone container server started.
2023-02-22 04:44:52,497 [Listener at 127.0.0.1/35585] WARN  impl.MetricRegistriesImpl (MetricRegistriesImpl.java:addReporterRegistration(111)) - New reporters are added after registries were created. Some metrics will be missing from the reporter. Please add reporter before adding any new registry.
2023-02-22 04:44:52,497 [Listener at 127.0.0.1/35585] WARN  impl.MetricRegistriesImpl (MetricRegistriesImpl.java:addReporterRegistration(111)) - New reporters are added after registries were created. Some metrics will be missing from the reporter. Please add reporter before adding any new registry.
2023-02-22 04:44:52,498 [Listener at 127.0.0.1/35585] INFO  impl.MetricsSystemImpl (MetricsSystemImpl.java:init(158)) - HddsDatanode metrics system started (again)
2023-02-22 04:44:52,509 [Listener at 127.0.0.1/35585] INFO  ozone.HddsDatanodeService (HddsDatanodeService.java:start(228)) - HddsDatanodeService host:fv-az748-120.4k5rsvd4cmqu5oxra434zmszlb.cx.internal.cloudapp.net ip:10.1.78.0
2023-02-22 04:44:52,520 [org.apache.hadoop.util.JvmPauseMonitor$Monitor@11b3cbe8] INFO  util.JvmPauseMonitor (JvmPauseMonitor.java:run(188)) - Starting JVM pause monitor
2023-02-22 04:44:52,529 [Datanode State Machine Task Thread - 0] INFO  datanode.InitDatanodeState (InitDatanodeState.java:persistContainerDatanodeDetails(138)) - DatanodeDetails is persisted to /home/runner/work/ozone/ozone/hadoop-ozone/integration-test/target/test-dir/MiniOzoneClusterImpl-23364813-765e-4689-b759-17f9bf3914d5/datanode-1/meta/datanode.id
2023-02-22 04:44:52,535 [Listener at 127.0.0.1/35585] INFO  upgrade.AbstractLayoutVersionManager (AbstractLayoutVersionManager.java:init(83)) - Initializing Layout version manager with metadata layout = DATANODE_SCHEMA_V3 (version = 4), software layout = DATANODE_SCHEMA_V3 (version = 4)
2023-02-22 04:44:52,581 [Listener at 127.0.0.1/35585] INFO  reflections.Reflections (Reflections.java:scan(232)) - Reflections took 45 ms to scan 7 urls, producing 150 keys and 362 values 
2023-02-22 04:44:52,582 [Listener at 127.0.0.1/35585] INFO  statemachine.DatanodeStateMachine (DatanodeStateMachine.java:getEndPointTaskThreadPoolSize(260)) - Datanode State Machine Task Thread Pool size 2
2023-02-22 04:44:52,588 [Listener at 127.0.0.1/35585] INFO  volume.HddsVolume (HddsVolume.java:<init>(122)) - Creating HddsVolume: /home/runner/work/ozone/ozone/hadoop-ozone/integration-test/target/test-dir/MiniOzoneClusterImpl-23364813-765e-4689-b759-17f9bf3914d5/datanode-2/data-0/containers/hdds of storage type : DISK capacity : 9223372036854775807
2023-02-22 04:44:52,588 [Listener at 127.0.0.1/35585] INFO  volume.MutableVolumeSet (MutableVolumeSet.java:initializeVolumeSet(174)) - Added Volume : /home/runner/work/ozone/ozone/hadoop-ozone/integration-test/target/test-dir/MiniOzoneClusterImpl-23364813-765e-4689-b759-17f9bf3914d5/datanode-2/data-0/containers/hdds to VolumeSet
2023-02-22 04:44:52,588 [Listener at 127.0.0.1/35585] INFO  volume.ThrottledAsyncChecker (ThrottledAsyncChecker.java:schedule(141)) - Scheduling a check for /home/runner/work/ozone/ozone/hadoop-ozone/integration-test/target/test-dir/MiniOzoneClusterImpl-23364813-765e-4689-b759-17f9bf3914d5/datanode-2/data-0/containers/hdds
2023-02-22 04:44:52,589 [Listener at 127.0.0.1/35585] INFO  volume.StorageVolumeChecker (StorageVolumeChecker.java:checkAllVolumes(202)) - Scheduled health check for volume /home/runner/work/ozone/ozone/hadoop-ozone/integration-test/target/test-dir/MiniOzoneClusterImpl-23364813-765e-4689-b759-17f9bf3914d5/datanode-2/data-0/containers/hdds
2023-02-22 04:44:52,600 [Listener at 127.0.0.1/35585] INFO  volume.MutableVolumeSet (MutableVolumeSet.java:initializeVolumeSet(174)) - Added Volume : /home/runner/work/ozone/ozone/hadoop-ozone/integration-test/target/test-dir/MiniOzoneClusterImpl-23364813-765e-4689-b759-17f9bf3914d5/datanode-2/data/ratis to VolumeSet
2023-02-22 04:44:52,600 [Listener at 127.0.0.1/35585] INFO  volume.ThrottledAsyncChecker (ThrottledAsyncChecker.java:schedule(141)) - Scheduling a check for /home/runner/work/ozone/ozone/hadoop-ozone/integration-test/target/test-dir/MiniOzoneClusterImpl-23364813-765e-4689-b759-17f9bf3914d5/datanode-2/data/ratis
2023-02-22 04:44:52,600 [Listener at 127.0.0.1/35585] INFO  volume.StorageVolumeChecker (StorageVolumeChecker.java:checkAllVolumes(202)) - Scheduled health check for volume /home/runner/work/ozone/ozone/hadoop-ozone/integration-test/target/test-dir/MiniOzoneClusterImpl-23364813-765e-4689-b759-17f9bf3914d5/datanode-2/data/ratis
2023-02-22 04:44:52,617 [Thread-278] INFO  ozoneimpl.ContainerReader (ContainerReader.java:readVolume(175)) - Finish verifying containers on volume /home/runner/work/ozone/ozone/hadoop-ozone/integration-test/target/test-dir/MiniOzoneClusterImpl-23364813-765e-4689-b759-17f9bf3914d5/datanode-2/data-0/containers/hdds
2023-02-22 04:44:52,617 [Listener at 127.0.0.1/35585] INFO  ozoneimpl.OzoneContainer (OzoneContainer.java:buildContainerSet(304)) - Build ContainerSet costs 0s
2023-02-22 04:44:52,623 [Listener at 127.0.0.1/35585] INFO  server.RaftServer (ConfUtils.java:logGet(46)) - raft.rpc.type = GRPC (default)
2023-02-22 04:44:52,624 [Listener at 127.0.0.1/35585] INFO  grpc.GrpcConfigKeys (ConfUtils.java:logFallback(53)) - raft.grpc.admin.host = null (fallback to raft.grpc.server.host)
2023-02-22 04:44:52,624 [Listener at 127.0.0.1/35585] INFO  grpc.GrpcConfigKeys (ConfUtils.java:logGet(46)) - raft.grpc.admin.port = 0 (custom)
2023-02-22 04:44:52,624 [Listener at 127.0.0.1/35585] INFO  grpc.GrpcConfigKeys (ConfUtils.java:logFallback(53)) - raft.grpc.client.host = null (fallback to raft.grpc.server.host)
2023-02-22 04:44:52,624 [Listener at 127.0.0.1/35585] INFO  grpc.GrpcConfigKeys (ConfUtils.java:logGet(46)) - raft.grpc.client.port = 0 (custom)
2023-02-22 04:44:52,624 [Listener at 127.0.0.1/35585] INFO  grpc.GrpcConfigKeys (ConfUtils.java:logGet(46)) - raft.grpc.server.host = null (default)
2023-02-22 04:44:52,624 [Listener at 127.0.0.1/35585] INFO  grpc.GrpcConfigKeys (ConfUtils.java:logGet(46)) - raft.grpc.server.port = 0 (default)
2023-02-22 04:44:52,625 [Listener at 127.0.0.1/35585] INFO  server.GrpcService (ConfUtils.java:logGet(46)) - raft.grpc.message.size.max = 32MB (=33554432) (custom)
2023-02-22 04:44:52,625 [Listener at 127.0.0.1/35585] INFO  server.RaftServerConfigKeys (ConfUtils.java:logGet(46)) - raft.server.log.appender.buffer.byte-limit = 33554432 (custom)
2023-02-22 04:44:52,625 [Listener at 127.0.0.1/35585] INFO  server.GrpcService (ConfUtils.java:logGet(46)) - raft.grpc.flow.control.window = 5MB (=5242880) (custom)
2023-02-22 04:44:52,625 [Listener at 127.0.0.1/35585] INFO  server.RaftServerConfigKeys (ConfUtils.java:logGet(46)) - raft.server.rpc.request.timeout = 60s (custom)
2023-02-22 04:44:52,625 [Listener at 127.0.0.1/35585] INFO  grpc.GrpcConfigKeys (ConfUtils.java:logGet(46)) - raft.grpc.server.heartbeat.channel = true (default)
2023-02-22 04:44:52,625 [Listener at 127.0.0.1/35585] INFO  grpc.GrpcConfigKeys (ConfUtils.java:logGet(46)) - raft.grpc.server.async.request.thread.pool.cached = true (default)
2023-02-22 04:44:52,625 [Listener at 127.0.0.1/35585] INFO  grpc.GrpcConfigKeys (ConfUtils.java:logGet(46)) - raft.grpc.server.async.request.thread.pool.size = 32 (default)
2023-02-22 04:44:52,626 [Listener at 127.0.0.1/35585] INFO  impl.DataStreamServerImpl (ConfUtils.java:logGet(46)) - raft.datastream.type = NETTY (custom)
2023-02-22 04:44:52,627 [Listener at 127.0.0.1/35585] INFO  server.RaftServerConfigKeys (ConfUtils.java:logGet(46)) - raft.server.data-stream.async.request.thread.pool.cached = false (default)
2023-02-22 04:44:52,627 [Listener at 127.0.0.1/35585] INFO  server.RaftServerConfigKeys (ConfUtils.java:logGet(46)) - raft.server.data-stream.async.request.thread.pool.size = 20 (custom)
2023-02-22 04:44:52,627 [Listener at 127.0.0.1/35585] INFO  server.RaftServerConfigKeys (ConfUtils.java:logGet(46)) - raft.server.data-stream.async.write.thread.pool.size = 16 (default)
2023-02-22 04:44:52,627 [Listener at 127.0.0.1/35585] INFO  server.RaftServerConfigKeys (ConfUtils.java:logGet(46)) - raft.server.data-stream.client.pool.size = 10 (default)
2023-02-22 04:44:52,627 [Listener at 127.0.0.1/35585] INFO  netty.NettyConfigKeys$DataStream (ConfUtils.java:logGet(46)) - raft.netty.dataStream.server.use-epoll = false (default)
2023-02-22 04:44:52,627 [Listener at 127.0.0.1/35585] INFO  netty.NettyConfigKeys$DataStream (ConfUtils.java:logGet(46)) - raft.netty.dataStream.server.boss-group.size = 0 (default)
2023-02-22 04:44:52,628 [Listener at 127.0.0.1/35585] INFO  netty.NettyConfigKeys$DataStream (ConfUtils.java:logGet(46)) - raft.netty.dataStream.server.worker-group.size = 0 (default)
2023-02-22 04:44:52,628 [Listener at 127.0.0.1/35585] INFO  netty.NettyConfigKeys$DataStream (ConfUtils.java:logGet(46)) - raft.netty.dataStream.server.tls.conf = null (default)
2023-02-22 04:44:52,629 [Listener at 127.0.0.1/35585] INFO  netty.NettyConfigKeys$DataStream (ConfUtils.java:logGet(46)) - raft.netty.dataStream.host = null (default)
2023-02-22 04:44:52,629 [Listener at 127.0.0.1/35585] INFO  netty.NettyConfigKeys$DataStream (ConfUtils.java:logGet(46)) - raft.netty.dataStream.port = 0 (default)
2023-02-22 04:44:52,629 [Listener at 127.0.0.1/35585] INFO  server.RaftServerConfigKeys (ConfUtils.java:logGet(46)) - raft.server.threadpool.proxy.cached = true (default)
2023-02-22 04:44:52,629 [Listener at 127.0.0.1/35585] INFO  server.RaftServerConfigKeys (ConfUtils.java:logGet(46)) - raft.server.threadpool.proxy.size = 0 (default)
2023-02-22 04:44:52,629 [Listener at 127.0.0.1/35585] INFO  server.RaftServerConfigKeys (ConfUtils.java:logGet(46)) - raft.server.rpc.slowness.timeout = 300s (custom)
2023-02-22 04:44:52,630 [Listener at 127.0.0.1/35585] INFO  server.RaftServerConfigKeys (ConfUtils.java:logGet(46)) - raft.server.leaderelection.leader.step-down.wait-time = 10s (default)
2023-02-22 04:44:52,630 [Listener at 127.0.0.1/35585] INFO  server.RaftServerConfigKeys (ConfUtils.java:logGet(46)) - raft.server.storage.dir = [/home/runner/work/ozone/ozone/hadoop-ozone/integration-test/target/test-dir/MiniOzoneClusterImpl-23364813-765e-4689-b759-17f9bf3914d5/datanode-2/data/ratis] (custom)
2023-02-22 04:44:52,631 [f9f5dbe8-91d3-4a2a-a4dd-ba97f25f1f6e-NettyServerStreamRpc-bossGroup--thread1] INFO  logging.LoggingHandler (AbstractInternalLogger.java:log(148)) - [id: 0x40d23656] REGISTERED
2023-02-22 04:44:52,631 [f9f5dbe8-91d3-4a2a-a4dd-ba97f25f1f6e-NettyServerStreamRpc-bossGroup--thread1] INFO  logging.LoggingHandler (AbstractInternalLogger.java:log(148)) - [id: 0x40d23656] BIND: 0.0.0.0/0.0.0.0:0
2023-02-22 04:44:52,631 [f9f5dbe8-91d3-4a2a-a4dd-ba97f25f1f6e-NettyServerStreamRpc-bossGroup--thread1] INFO  logging.LoggingHandler (AbstractInternalLogger.java:log(148)) - [id: 0x40d23656, L:/0:0:0:0:0:0:0:0:42699] ACTIVE
2023-02-22 04:44:52,632 [Listener at 127.0.0.1/35585] INFO  server.XceiverServerGrpc (XceiverServerGrpc.java:<init>(132)) - GrpcServer channel type EpollServerSocketChannel
2023-02-22 04:44:52,642 [Listener at 127.0.0.1/35585] INFO  http.BaseHttpServer (BaseHttpServer.java:newHttpServer2BuilderForOzone(213)) - Starting Web-server for hddsDatanode at: http://0.0.0.0:0
2023-02-22 04:44:52,642 [Listener at 127.0.0.1/35585] INFO  http.BaseHttpServer (BaseHttpServer.java:<init>(108)) - Hadoop Security Enabled: false Ozone Security Enabled: false Ozone HTTP Security Enabled: false 
2023-02-22 04:44:52,644 [Listener at 127.0.0.1/35585] WARN  server.AuthenticationFilter (AuthenticationFilter.java:constructSecretProvider(240)) - Unable to initialize FileSignerSecretProvider, falling back to use random secrets. Reason: Could not read signature secret file: /home/runner/hadoop-http-auth-signature-secret
2023-02-22 04:44:52,645 [Listener at 127.0.0.1/35585] WARN  http.HttpRequestLog (HttpRequestLog.java:getRequestLog(103)) - Jetty request log can only be enabled using Log4j
2023-02-22 04:44:52,647 [Listener at 127.0.0.1/35585] INFO  http.HttpServer2 (HttpServer2.java:addGlobalFilter(1031)) - Added global filter 'safety' (class=org.apache.hadoop.hdds.server.http.HttpServer2$QuotingInputFilter)
2023-02-22 04:44:52,648 [Listener at 127.0.0.1/35585] INFO  http.HttpServer2 (HttpServer2.java:addFilter(1007)) - Added filter static_user_filter (class=org.apache.hadoop.http.lib.StaticUserWebFilter$StaticUserFilter) to context hddsDatanode
2023-02-22 04:44:52,648 [Listener at 127.0.0.1/35585] INFO  http.HttpServer2 (HttpServer2.java:addFilter(1015)) - Added filter static_user_filter (class=org.apache.hadoop.http.lib.StaticUserWebFilter$StaticUserFilter) to context logs
2023-02-22 04:44:52,648 [Listener at 127.0.0.1/35585] INFO  http.HttpServer2 (HttpServer2.java:addFilter(1015)) - Added filter static_user_filter (class=org.apache.hadoop.http.lib.StaticUserWebFilter$StaticUserFilter) to context static
2023-02-22 04:44:52,649 [Listener at 127.0.0.1/35585] INFO  http.HttpServer2 (HttpServer2.java:bindListener(1250)) - Jetty bound to port 39093
2023-02-22 04:44:52,649 [Listener at 127.0.0.1/35585] INFO  server.Server (Server.java:doStart(375)) - jetty-9.4.49.v20220914; built: 2022-09-14T01:07:36.601Z; git: 4231a3b2e4cb8548a412a789936d640a97b1aa0a; jvm 1.8.0_362-b09
2023-02-22 04:44:52,657 [Listener at 127.0.0.1/35585] INFO  server.session (DefaultSessionIdManager.java:doStart(334)) - DefaultSessionIdManager workerName=node0
2023-02-22 04:44:52,657 [Listener at 127.0.0.1/35585] INFO  server.session (DefaultSessionIdManager.java:doStart(339)) - No SessionScavenger set, using defaults
2023-02-22 04:44:52,657 [Listener at 127.0.0.1/35585] INFO  server.session (HouseKeeper.java:startScavenging(132)) - node0 Scavenging every 600000ms
2023-02-22 04:44:52,658 [Listener at 127.0.0.1/35585] INFO  handler.ContextHandler (ContextHandler.java:doStart(921)) - Started o.e.j.s.ServletContextHandler@635eae2e{logs,/logs,file:///home/runner/work/ozone/ozone/hadoop-ozone/integration-test/target/log,AVAILABLE}
2023-02-22 04:44:52,658 [Listener at 127.0.0.1/35585] INFO  handler.ContextHandler (ContextHandler.java:doStart(921)) - Started o.e.j.s.ServletContextHandler@4ac8e2d3{static,/static,jar:file:/home/runner/.m2/repository/org/apache/ozone/hdds-container-service/1.4.0-SNAPSHOT/hdds-container-service-1.4.0-SNAPSHOT.jar!/webapps/static,AVAILABLE}
2023-02-22 04:44:52,868 [Listener at 127.0.0.1/35585] INFO  handler.ContextHandler (ContextHandler.java:doStart(921)) - Started o.e.j.w.WebAppContext@565eab7e{hddsDatanode,/,file:///tmp/jetty-0_0_0_0-39093-hdds-container-service-1_4_0-SNAPSHOT_jar-_-any-9211988639916639021/webapp/,AVAILABLE}{jar:file:/home/runner/.m2/repository/org/apache/ozone/hdds-container-service/1.4.0-SNAPSHOT/hdds-container-service-1.4.0-SNAPSHOT.jar!/webapps/hddsDatanode}
2023-02-22 04:44:52,873 [Listener at 127.0.0.1/35585] INFO  server.AbstractConnector (AbstractConnector.java:doStart(333)) - Started ServerConnector@51bfc8ef{HTTP/1.1, (http/1.1)}{0.0.0.0:39093}
2023-02-22 04:44:52,873 [Listener at 127.0.0.1/35585] INFO  server.Server (Server.java:doStart(415)) - Started @11313ms
2023-02-22 04:44:52,873 [Listener at 127.0.0.1/35585] WARN  impl.MetricsSystemImpl (MetricsSystemImpl.java:register(279)) - Sink prometheus already exists!
2023-02-22 04:44:52,874 [Listener at 127.0.0.1/35585] INFO  http.BaseHttpServer (BaseHttpServer.java:updateConnectorAddress(333)) - HTTP server of hddsDatanode listening at http://0.0.0.0:39093
2023-02-22 04:44:52,875 [Listener at 127.0.0.1/35585] INFO  ozone.MiniOzoneClusterImpl (MiniOzoneClusterImpl.java:lambda$waitForClusterToBeReady$0(218)) - Waiting for nodes to be ready. Got 0 of 3 DN Heartbeats.
2023-02-22 04:44:52,876 [Listener at 127.0.0.1/35585] INFO  ozone.MiniOzoneClusterImpl (MiniOzoneClusterImpl.java:lambda$waitForClusterToBeReady$0(221)) - Waiting for cluster to exit safe mode
2023-02-22 04:44:52,876 [Listener at 127.0.0.1/35585] INFO  ozone.MiniOzoneClusterImpl (MiniOzoneClusterImpl.java:lambda$waitForClusterToBeReady$0(223)) - SCM became leader
2023-02-22 04:44:52,876 [Datanode State Machine Daemon Thread] INFO  statemachine.DatanodeStateMachine (DatanodeStateMachine.java:lambda$startDaemon$0(516)) - Ozone container server started.
2023-02-22 04:44:52,883 [org.apache.hadoop.util.JvmPauseMonitor$Monitor@50a50ff5] INFO  util.JvmPauseMonitor (JvmPauseMonitor.java:run(188)) - Starting JVM pause monitor
2023-02-22 04:44:52,886 [Datanode State Machine Task Thread - 0] INFO  datanode.InitDatanodeState (InitDatanodeState.java:persistContainerDatanodeDetails(138)) - DatanodeDetails is persisted to /home/runner/work/ozone/ozone/hadoop-ozone/integration-test/target/test-dir/MiniOzoneClusterImpl-23364813-765e-4689-b759-17f9bf3914d5/datanode-2/meta/datanode.id
2023-02-22 04:44:53,876 [Listener at 127.0.0.1/35585] INFO  ozone.MiniOzoneClusterImpl (MiniOzoneClusterImpl.java:lambda$waitForClusterToBeReady$0(218)) - Waiting for nodes to be ready. Got 0 of 3 DN Heartbeats.
2023-02-22 04:44:53,876 [Listener at 127.0.0.1/35585] INFO  ozone.MiniOzoneClusterImpl (MiniOzoneClusterImpl.java:lambda$waitForClusterToBeReady$0(221)) - Waiting for cluster to exit safe mode
2023-02-22 04:44:53,876 [Listener at 127.0.0.1/35585] INFO  ozone.MiniOzoneClusterImpl (MiniOzoneClusterImpl.java:lambda$waitForClusterToBeReady$0(223)) - SCM became leader
2023-02-22 04:44:54,213 [EndpointStateMachine task thread for /0.0.0.0:33645 - 0 ] INFO  utils.DatanodeStoreCache (DatanodeStoreCache.java:addDB(58)) - Added db /home/runner/work/ozone/ozone/hadoop-ozone/integration-test/target/test-dir/MiniOzoneClusterImpl-23364813-765e-4689-b759-17f9bf3914d5/datanode-0/data-0/containers/hdds/23364813-765e-4689-b759-17f9bf3914d5/DS-0553c9a1-23e3-4220-8f89-20f040579948/container.db to cache
2023-02-22 04:44:54,214 [EndpointStateMachine task thread for /0.0.0.0:33645 - 0 ] INFO  volume.HddsVolume (HddsVolume.java:createDbStore(331)) - SchemaV3 db is created and loaded at /home/runner/work/ozone/ozone/hadoop-ozone/integration-test/target/test-dir/MiniOzoneClusterImpl-23364813-765e-4689-b759-17f9bf3914d5/datanode-0/data-0/containers/hdds/23364813-765e-4689-b759-17f9bf3914d5/DS-0553c9a1-23e3-4220-8f89-20f040579948/container.db for volume DS-0553c9a1-23e3-4220-8f89-20f040579948
2023-02-22 04:44:54,215 [EndpointStateMachine task thread for /0.0.0.0:33645 - 0 ] INFO  ozoneimpl.OzoneContainer (OzoneContainer.java:start(398)) - Attempting to start container services.
2023-02-22 04:44:54,216 [EndpointStateMachine task thread for /0.0.0.0:33645 - 0 ] INFO  ozoneimpl.OzoneContainer (OzoneContainer.java:startContainerScrub(315)) - Scheduled background container scanners and the on-demand container scanner have been disabled.
2023-02-22 04:44:54,218 [EndpointStateMachine task thread for /0.0.0.0:33645 - 0 ] INFO  replication.ReplicationServer (ReplicationServer.java:start(109)) - ReplicationServer is started using port 34803
2023-02-22 04:44:54,220 [EndpointStateMachine task thread for /0.0.0.0:33645 - 0 ] INFO  ratis.XceiverServerRatis (XceiverServerRatis.java:start(518)) - Starting XceiverServerRatis fca85417-4002-4831-843c-2e02b9319828
2023-02-22 04:44:54,221 [EndpointStateMachine task thread for /0.0.0.0:33645 - 0 ] INFO  server.RaftServer (RaftServerProxy.java:startImpl(393)) - fca85417-4002-4831-843c-2e02b9319828: start RPC server
2023-02-22 04:44:54,228 [EndpointStateMachine task thread for /0.0.0.0:33645 - 0 ] INFO  server.GrpcService (GrpcService.java:startImpl(262)) - fca85417-4002-4831-843c-2e02b9319828: GrpcService started, listening on 40073
2023-02-22 04:44:54,229 [JvmPauseMonitor3] INFO  util.JvmPauseMonitor (JvmPauseMonitor.java:run(105)) - JvmPauseMonitor-fca85417-4002-4831-843c-2e02b9319828: Started
2023-02-22 04:44:54,229 [EndpointStateMachine task thread for /0.0.0.0:33645 - 0 ] INFO  ratis.XceiverServerRatis (XceiverServerRatis.java:getRealPort(544)) - XceiverServerRatis fca85417-4002-4831-843c-2e02b9319828 is started using port 40073 for RATIS
2023-02-22 04:44:54,229 [EndpointStateMachine task thread for /0.0.0.0:33645 - 0 ] INFO  ratis.XceiverServerRatis (XceiverServerRatis.java:getRealPort(544)) - XceiverServerRatis fca85417-4002-4831-843c-2e02b9319828 is started using port 40073 for RATIS_ADMIN
2023-02-22 04:44:54,229 [EndpointStateMachine task thread for /0.0.0.0:33645 - 0 ] INFO  ratis.XceiverServerRatis (XceiverServerRatis.java:getRealPort(544)) - XceiverServerRatis fca85417-4002-4831-843c-2e02b9319828 is started using port 40073 for RATIS_SERVER
2023-02-22 04:44:54,229 [EndpointStateMachine task thread for /0.0.0.0:33645 - 0 ] INFO  ratis.XceiverServerRatis (XceiverServerRatis.java:getRealPort(544)) - XceiverServerRatis fca85417-4002-4831-843c-2e02b9319828 is started using port 33265 for RATIS_DATASTREAM
2023-02-22 04:44:54,231 [EndpointStateMachine task thread for /0.0.0.0:33645 - 0 ] INFO  server.XceiverServerGrpc (XceiverServerGrpc.java:start(180)) - XceiverServerGrpc fca85417-4002-4831-843c-2e02b9319828 is started using port 44155
2023-02-22 04:44:54,545 [EndpointStateMachine task thread for /0.0.0.0:33645 - 0 ] INFO  utils.DatanodeStoreCache (DatanodeStoreCache.java:addDB(58)) - Added db /home/runner/work/ozone/ozone/hadoop-ozone/integration-test/target/test-dir/MiniOzoneClusterImpl-23364813-765e-4689-b759-17f9bf3914d5/datanode-1/data-0/containers/hdds/23364813-765e-4689-b759-17f9bf3914d5/DS-5fedf6ff-e9a7-4cd9-9894-c62481017186/container.db to cache
2023-02-22 04:44:54,545 [EndpointStateMachine task thread for /0.0.0.0:33645 - 0 ] INFO  volume.HddsVolume (HddsVolume.java:createDbStore(331)) - SchemaV3 db is created and loaded at /home/runner/work/ozone/ozone/hadoop-ozone/integration-test/target/test-dir/MiniOzoneClusterImpl-23364813-765e-4689-b759-17f9bf3914d5/datanode-1/data-0/containers/hdds/23364813-765e-4689-b759-17f9bf3914d5/DS-5fedf6ff-e9a7-4cd9-9894-c62481017186/container.db for volume DS-5fedf6ff-e9a7-4cd9-9894-c62481017186
2023-02-22 04:44:54,546 [EndpointStateMachine task thread for /0.0.0.0:33645 - 0 ] INFO  ozoneimpl.OzoneContainer (OzoneContainer.java:start(398)) - Attempting to start container services.
2023-02-22 04:44:54,546 [EndpointStateMachine task thread for /0.0.0.0:33645 - 0 ] INFO  ozoneimpl.OzoneContainer (OzoneContainer.java:startContainerScrub(315)) - Scheduled background container scanners and the on-demand container scanner have been disabled.
2023-02-22 04:44:54,550 [EndpointStateMachine task thread for /0.0.0.0:33645 - 0 ] INFO  replication.ReplicationServer (ReplicationServer.java:start(109)) - ReplicationServer is started using port 42349
2023-02-22 04:44:54,551 [EndpointStateMachine task thread for /0.0.0.0:33645 - 0 ] INFO  ratis.XceiverServerRatis (XceiverServerRatis.java:start(518)) - Starting XceiverServerRatis c33c6748-58a2-4781-a6a3-3a6f81ff3630
2023-02-22 04:44:54,552 [EndpointStateMachine task thread for /0.0.0.0:33645 - 0 ] INFO  server.RaftServer (RaftServerProxy.java:startImpl(393)) - c33c6748-58a2-4781-a6a3-3a6f81ff3630: start RPC server
2023-02-22 04:44:54,559 [EndpointStateMachine task thread for /0.0.0.0:33645 - 0 ] INFO  server.GrpcService (GrpcService.java:startImpl(262)) - c33c6748-58a2-4781-a6a3-3a6f81ff3630: GrpcService started, listening on 37425
2023-02-22 04:44:54,560 [EndpointStateMachine task thread for /0.0.0.0:33645 - 0 ] INFO  ratis.XceiverServerRatis (XceiverServerRatis.java:getRealPort(544)) - XceiverServerRatis c33c6748-58a2-4781-a6a3-3a6f81ff3630 is started using port 37425 for RATIS
2023-02-22 04:44:54,560 [EndpointStateMachine task thread for /0.0.0.0:33645 - 0 ] INFO  ratis.XceiverServerRatis (XceiverServerRatis.java:getRealPort(544)) - XceiverServerRatis c33c6748-58a2-4781-a6a3-3a6f81ff3630 is started using port 37425 for RATIS_ADMIN
2023-02-22 04:44:54,560 [JvmPauseMonitor4] INFO  util.JvmPauseMonitor (JvmPauseMonitor.java:run(105)) - JvmPauseMonitor-c33c6748-58a2-4781-a6a3-3a6f81ff3630: Started
2023-02-22 04:44:54,560 [EndpointStateMachine task thread for /0.0.0.0:33645 - 0 ] INFO  ratis.XceiverServerRatis (XceiverServerRatis.java:getRealPort(544)) - XceiverServerRatis c33c6748-58a2-4781-a6a3-3a6f81ff3630 is started using port 37425 for RATIS_SERVER
2023-02-22 04:44:54,560 [EndpointStateMachine task thread for /0.0.0.0:33645 - 0 ] INFO  ratis.XceiverServerRatis (XceiverServerRatis.java:getRealPort(544)) - XceiverServerRatis c33c6748-58a2-4781-a6a3-3a6f81ff3630 is started using port 39407 for RATIS_DATASTREAM
2023-02-22 04:44:54,569 [EndpointStateMachine task thread for /0.0.0.0:33645 - 0 ] INFO  server.XceiverServerGrpc (XceiverServerGrpc.java:start(180)) - XceiverServerGrpc c33c6748-58a2-4781-a6a3-3a6f81ff3630 is started using port 43107
2023-02-22 04:44:54,876 [Listener at 127.0.0.1/35585] INFO  ozone.MiniOzoneClusterImpl (MiniOzoneClusterImpl.java:lambda$waitForClusterToBeReady$0(218)) - Waiting for nodes to be ready. Got 0 of 3 DN Heartbeats.
2023-02-22 04:44:54,877 [Listener at 127.0.0.1/35585] INFO  ozone.MiniOzoneClusterImpl (MiniOzoneClusterImpl.java:lambda$waitForClusterToBeReady$0(221)) - Waiting for cluster to exit safe mode
2023-02-22 04:44:54,877 [Listener at 127.0.0.1/35585] INFO  ozone.MiniOzoneClusterImpl (MiniOzoneClusterImpl.java:lambda$waitForClusterToBeReady$0(223)) - SCM became leader
2023-02-22 04:44:54,910 [EndpointStateMachine task thread for /0.0.0.0:33645 - 0 ] INFO  utils.DatanodeStoreCache (DatanodeStoreCache.java:addDB(58)) - Added db /home/runner/work/ozone/ozone/hadoop-ozone/integration-test/target/test-dir/MiniOzoneClusterImpl-23364813-765e-4689-b759-17f9bf3914d5/datanode-2/data-0/containers/hdds/23364813-765e-4689-b759-17f9bf3914d5/DS-50af9e75-0fa2-4cc7-a43b-ee53c0ee947b/container.db to cache
2023-02-22 04:44:54,911 [EndpointStateMachine task thread for /0.0.0.0:33645 - 0 ] INFO  volume.HddsVolume (HddsVolume.java:createDbStore(331)) - SchemaV3 db is created and loaded at /home/runner/work/ozone/ozone/hadoop-ozone/integration-test/target/test-dir/MiniOzoneClusterImpl-23364813-765e-4689-b759-17f9bf3914d5/datanode-2/data-0/containers/hdds/23364813-765e-4689-b759-17f9bf3914d5/DS-50af9e75-0fa2-4cc7-a43b-ee53c0ee947b/container.db for volume DS-50af9e75-0fa2-4cc7-a43b-ee53c0ee947b
2023-02-22 04:44:54,911 [EndpointStateMachine task thread for /0.0.0.0:33645 - 0 ] INFO  ozoneimpl.OzoneContainer (OzoneContainer.java:start(398)) - Attempting to start container services.
2023-02-22 04:44:54,911 [EndpointStateMachine task thread for /0.0.0.0:33645 - 0 ] INFO  ozoneimpl.OzoneContainer (OzoneContainer.java:startContainerScrub(315)) - Scheduled background container scanners and the on-demand container scanner have been disabled.
2023-02-22 04:44:54,916 [EndpointStateMachine task thread for /0.0.0.0:33645 - 0 ] INFO  replication.ReplicationServer (ReplicationServer.java:start(109)) - ReplicationServer is started using port 41067
2023-02-22 04:44:54,917 [EndpointStateMachine task thread for /0.0.0.0:33645 - 0 ] INFO  ratis.XceiverServerRatis (XceiverServerRatis.java:start(518)) - Starting XceiverServerRatis f9f5dbe8-91d3-4a2a-a4dd-ba97f25f1f6e
2023-02-22 04:44:54,921 [EndpointStateMachine task thread for /0.0.0.0:33645 - 0 ] INFO  server.RaftServer (RaftServerProxy.java:startImpl(393)) - f9f5dbe8-91d3-4a2a-a4dd-ba97f25f1f6e: start RPC server
2023-02-22 04:44:54,922 [EndpointStateMachine task thread for /0.0.0.0:33645 - 0 ] INFO  server.GrpcService (GrpcService.java:startImpl(262)) - f9f5dbe8-91d3-4a2a-a4dd-ba97f25f1f6e: GrpcService started, listening on 40235
2023-02-22 04:44:54,922 [EndpointStateMachine task thread for /0.0.0.0:33645 - 0 ] INFO  ratis.XceiverServerRatis (XceiverServerRatis.java:getRealPort(544)) - XceiverServerRatis f9f5dbe8-91d3-4a2a-a4dd-ba97f25f1f6e is started using port 40235 for RATIS
2023-02-22 04:44:54,922 [JvmPauseMonitor5] INFO  util.JvmPauseMonitor (JvmPauseMonitor.java:run(105)) - JvmPauseMonitor-f9f5dbe8-91d3-4a2a-a4dd-ba97f25f1f6e: Started
2023-02-22 04:44:54,922 [EndpointStateMachine task thread for /0.0.0.0:33645 - 0 ] INFO  ratis.XceiverServerRatis (XceiverServerRatis.java:getRealPort(544)) - XceiverServerRatis f9f5dbe8-91d3-4a2a-a4dd-ba97f25f1f6e is started using port 40235 for RATIS_ADMIN
2023-02-22 04:44:54,922 [EndpointStateMachine task thread for /0.0.0.0:33645 - 0 ] INFO  ratis.XceiverServerRatis (XceiverServerRatis.java:getRealPort(544)) - XceiverServerRatis f9f5dbe8-91d3-4a2a-a4dd-ba97f25f1f6e is started using port 40235 for RATIS_SERVER
2023-02-22 04:44:54,923 [EndpointStateMachine task thread for /0.0.0.0:33645 - 0 ] INFO  ratis.XceiverServerRatis (XceiverServerRatis.java:getRealPort(544)) - XceiverServerRatis f9f5dbe8-91d3-4a2a-a4dd-ba97f25f1f6e is started using port 42699 for RATIS_DATASTREAM
2023-02-22 04:44:54,927 [EndpointStateMachine task thread for /0.0.0.0:33645 - 0 ] INFO  server.XceiverServerGrpc (XceiverServerGrpc.java:start(180)) - XceiverServerGrpc f9f5dbe8-91d3-4a2a-a4dd-ba97f25f1f6e is started using port 46373
2023-02-22 04:44:55,877 [Listener at 127.0.0.1/35585] INFO  ozone.MiniOzoneClusterImpl (MiniOzoneClusterImpl.java:lambda$waitForClusterToBeReady$0(218)) - Waiting for nodes to be ready. Got 0 of 3 DN Heartbeats.
2023-02-22 04:44:55,877 [Listener at 127.0.0.1/35585] INFO  ozone.MiniOzoneClusterImpl (MiniOzoneClusterImpl.java:lambda$waitForClusterToBeReady$0(221)) - Waiting for cluster to exit safe mode
2023-02-22 04:44:55,877 [Listener at 127.0.0.1/35585] INFO  ozone.MiniOzoneClusterImpl (MiniOzoneClusterImpl.java:lambda$waitForClusterToBeReady$0(223)) - SCM became leader
2023-02-22 04:44:56,149 [IPC Server handler 14 on default port 33645] INFO  net.NetworkTopologyImpl (NetworkTopologyImpl.java:add(112)) - Added a new node: /default-rack/fca85417-4002-4831-843c-2e02b9319828
2023-02-22 04:44:56,151 [IPC Server handler 14 on default port 33645] INFO  node.SCMNodeManager (SCMNodeManager.java:register(397)) - Registered Data node : fca85417-4002-4831-843c-2e02b9319828{ip: 10.1.78.0, host: fv-az748-120.4k5rsvd4cmqu5oxra434zmszlb.cx.internal.cloudapp.net, ports: [REPLICATION=34803, RATIS=40073, RATIS_ADMIN=40073, RATIS_SERVER=40073, RATIS_DATASTREAM=33265, STANDALONE=44155], networkLocation: /default-rack, certSerialId: null, persistedOpState: null, persistedOpStateExpiryEpochSec: 0}
2023-02-22 04:44:56,156 [EventQueue-NewNodeForNewNodeHandler] INFO  pipeline.BackgroundPipelineCreator (BackgroundPipelineCreator.java:notifyEventTriggered(276)) - trigger a one-shot run on RatisPipelineUtilsThread.
2023-02-22 04:44:56,156 [EventQueue-NodeRegistrationContainerReportForDataNodeSafeModeRule] INFO  safemode.SCMSafeModeManager (DataNodeSafeModeRule.java:process(71)) - SCM in safe mode. 1 DataNodes registered, 3 required.
2023-02-22 04:44:56,157 [EventQueue-NodeRegistrationContainerReportForContainerSafeModeRule] INFO  safemode.SCMSafeModeManager (SCMSafeModeManager.java:validateSafeModeExitRules(200)) - ContainerSafeModeRule rule is successfully validated
2023-02-22 04:44:56,165 [RatisPipelineUtilsThread - 0] INFO  pipeline.RatisPipelineProvider (RatisPipelineProvider.java:lambda$create$0(206)) - Sending CreatePipelineCommand for pipeline:PipelineID=a2a68490-732a-4409-a3ad-df75ffa3266c to datanode:fca85417-4002-4831-843c-2e02b9319828
2023-02-22 04:44:56,169 [EventQueue-PipelineReportForOneReplicaPipelineSafeModeRule] INFO  safemode.SCMSafeModeManager (SCMSafeModeManager.java:validateSafeModeExitRules(200)) - AtleastOneDatanodeReportedRule rule is successfully validated
2023-02-22 04:44:56,180 [RatisPipelineUtilsThread - 0] INFO  pipeline.PipelineStateManagerImpl (PipelineStateManagerImpl.java:addPipeline(103)) - Created pipeline Pipeline[ Id: a2a68490-732a-4409-a3ad-df75ffa3266c, Nodes: fca85417-4002-4831-843c-2e02b9319828(fv-az748-120.4k5rsvd4cmqu5oxra434zmszlb.cx.internal.cloudapp.net/10.1.78.0), ReplicationConfig: RATIS/ONE, State:ALLOCATED, leaderId:, CreationTimestamp2023-02-22T04:44:56.164Z[Etc/UTC]].
2023-02-22 04:44:56,519 [IPC Server handler 16 on default port 33645] INFO  net.NetworkTopologyImpl (NetworkTopologyImpl.java:add(112)) - Added a new node: /default-rack/c33c6748-58a2-4781-a6a3-3a6f81ff3630
2023-02-22 04:44:56,519 [IPC Server handler 16 on default port 33645] INFO  node.SCMNodeManager (SCMNodeManager.java:register(397)) - Registered Data node : c33c6748-58a2-4781-a6a3-3a6f81ff3630{ip: 10.1.78.0, host: fv-az748-120.4k5rsvd4cmqu5oxra434zmszlb.cx.internal.cloudapp.net, ports: [REPLICATION=42349, RATIS=37425, RATIS_ADMIN=37425, RATIS_SERVER=37425, RATIS_DATASTREAM=39407, STANDALONE=43107], networkLocation: /default-rack, certSerialId: null, persistedOpState: null, persistedOpStateExpiryEpochSec: 0}
2023-02-22 04:44:56,519 [EventQueue-NewNodeForNewNodeHandler] INFO  pipeline.BackgroundPipelineCreator (BackgroundPipelineCreator.java:notifyEventTriggered(276)) - trigger a one-shot run on RatisPipelineUtilsThread.
2023-02-22 04:44:56,520 [EventQueue-NodeRegistrationContainerReportForDataNodeSafeModeRule] INFO  safemode.SCMSafeModeManager (DataNodeSafeModeRule.java:process(71)) - SCM in safe mode. 2 DataNodes registered, 3 required.
2023-02-22 04:44:56,520 [RatisPipelineUtilsThread - 0] INFO  pipeline.RatisPipelineProvider (RatisPipelineProvider.java:lambda$create$0(206)) - Sending CreatePipelineCommand for pipeline:PipelineID=25348cb9-0ac3-4bb1-a561-31653456d5e6 to datanode:c33c6748-58a2-4781-a6a3-3a6f81ff3630
2023-02-22 04:44:56,521 [RatisPipelineUtilsThread - 0] INFO  pipeline.PipelineStateManagerImpl (PipelineStateManagerImpl.java:addPipeline(103)) - Created pipeline Pipeline[ Id: 25348cb9-0ac3-4bb1-a561-31653456d5e6, Nodes: c33c6748-58a2-4781-a6a3-3a6f81ff3630(fv-az748-120.4k5rsvd4cmqu5oxra434zmszlb.cx.internal.cloudapp.net/10.1.78.0), ReplicationConfig: RATIS/ONE, State:ALLOCATED, leaderId:, CreationTimestamp2023-02-22T04:44:56.520Z[Etc/UTC]].
2023-02-22 04:44:56,877 [Listener at 127.0.0.1/35585] INFO  ozone.MiniOzoneClusterImpl (MiniOzoneClusterImpl.java:lambda$waitForClusterToBeReady$0(218)) - Waiting for nodes to be ready. Got 2 of 3 DN Heartbeats.
2023-02-22 04:44:56,878 [Listener at 127.0.0.1/35585] INFO  ozone.MiniOzoneClusterImpl (MiniOzoneClusterImpl.java:lambda$waitForClusterToBeReady$0(221)) - Waiting for cluster to exit safe mode
2023-02-22 04:44:56,878 [Listener at 127.0.0.1/35585] INFO  ozone.MiniOzoneClusterImpl (MiniOzoneClusterImpl.java:lambda$waitForClusterToBeReady$0(223)) - SCM became leader
2023-02-22 04:44:56,885 [IPC Server handler 15 on default port 33645] INFO  net.NetworkTopologyImpl (NetworkTopologyImpl.java:add(112)) - Added a new node: /default-rack/f9f5dbe8-91d3-4a2a-a4dd-ba97f25f1f6e
2023-02-22 04:44:56,885 [IPC Server handler 15 on default port 33645] INFO  node.SCMNodeManager (SCMNodeManager.java:register(397)) - Registered Data node : f9f5dbe8-91d3-4a2a-a4dd-ba97f25f1f6e{ip: 10.1.78.0, host: fv-az748-120.4k5rsvd4cmqu5oxra434zmszlb.cx.internal.cloudapp.net, ports: [REPLICATION=41067, RATIS=40235, RATIS_ADMIN=40235, RATIS_SERVER=40235, RATIS_DATASTREAM=42699, STANDALONE=46373], networkLocation: /default-rack, certSerialId: null, persistedOpState: null, persistedOpStateExpiryEpochSec: 0}
2023-02-22 04:44:56,886 [EventQueue-NewNodeForNewNodeHandler] INFO  pipeline.BackgroundPipelineCreator (BackgroundPipelineCreator.java:notifyEventTriggered(276)) - trigger a one-shot run on RatisPipelineUtilsThread.
2023-02-22 04:44:56,886 [EventQueue-NodeRegistrationContainerReportForDataNodeSafeModeRule] INFO  safemode.SCMSafeModeManager (DataNodeSafeModeRule.java:process(71)) - SCM in safe mode. 3 DataNodes registered, 3 required.
2023-02-22 04:44:56,886 [EventQueue-NodeRegistrationContainerReportForDataNodeSafeModeRule] INFO  safemode.SCMSafeModeManager (SCMSafeModeManager.java:validateSafeModeExitRules(200)) - DataNodeSafeModeRule rule is successfully validated
2023-02-22 04:44:56,886 [EventQueue-NodeRegistrationContainerReportForDataNodeSafeModeRule] INFO  safemode.SCMSafeModeManager (SCMSafeModeManager.java:completePreCheck(229)) - All SCM safe mode pre check rules have passed
2023-02-22 04:44:56,886 [EventQueue-NodeRegistrationContainerReportForDataNodeSafeModeRule] INFO  ha.SCMContext (SCMContext.java:updateSafeModeStatus(228)) - Update SafeModeStatus from SafeModeStatus{safeModeStatus=true, preCheckPassed=false} to SafeModeStatus{safeModeStatus=true, preCheckPassed=true}.
2023-02-22 04:44:56,886 [EventQueue-NodeRegistrationContainerReportForDataNodeSafeModeRule] INFO  pipeline.BackgroundPipelineCreator (BackgroundPipelineCreator.java:notifyEventTriggered(276)) - trigger a one-shot run on RatisPipelineUtilsThread.
2023-02-22 04:44:56,886 [RatisPipelineUtilsThread - 0] INFO  pipeline.RatisPipelineProvider (RatisPipelineProvider.java:lambda$create$0(206)) - Sending CreatePipelineCommand for pipeline:PipelineID=3ea7aa19-fdec-49b0-b144-f69d173451ca to datanode:f9f5dbe8-91d3-4a2a-a4dd-ba97f25f1f6e
2023-02-22 04:44:56,887 [RatisPipelineUtilsThread - 0] INFO  pipeline.PipelineStateManagerImpl (PipelineStateManagerImpl.java:addPipeline(103)) - Created pipeline Pipeline[ Id: 3ea7aa19-fdec-49b0-b144-f69d173451ca, Nodes: f9f5dbe8-91d3-4a2a-a4dd-ba97f25f1f6e(fv-az748-120.4k5rsvd4cmqu5oxra434zmszlb.cx.internal.cloudapp.net/10.1.78.0), ReplicationConfig: RATIS/ONE, State:ALLOCATED, leaderId:, CreationTimestamp2023-02-22T04:44:56.886Z[Etc/UTC]].
2023-02-22 04:44:56,891 [RatisPipelineUtilsThread - 0] INFO  pipeline.RatisPipelineProvider (RatisPipelineProvider.java:lambda$create$0(206)) - Sending CreatePipelineCommand for pipeline:PipelineID=16412177-ab87-4f0a-9bab-5723aae7d50b to datanode:f9f5dbe8-91d3-4a2a-a4dd-ba97f25f1f6e
2023-02-22 04:44:56,891 [RatisPipelineUtilsThread - 0] INFO  pipeline.RatisPipelineProvider (RatisPipelineProvider.java:lambda$create$0(206)) - Sending CreatePipelineCommand for pipeline:PipelineID=16412177-ab87-4f0a-9bab-5723aae7d50b to datanode:c33c6748-58a2-4781-a6a3-3a6f81ff3630
2023-02-22 04:44:56,891 [RatisPipelineUtilsThread - 0] INFO  pipeline.RatisPipelineProvider (RatisPipelineProvider.java:lambda$create$0(206)) - Sending CreatePipelineCommand for pipeline:PipelineID=16412177-ab87-4f0a-9bab-5723aae7d50b to datanode:fca85417-4002-4831-843c-2e02b9319828
2023-02-22 04:44:56,892 [RatisPipelineUtilsThread - 0] INFO  pipeline.PipelineStateManagerImpl (PipelineStateManagerImpl.java:addPipeline(103)) - Created pipeline Pipeline[ Id: 16412177-ab87-4f0a-9bab-5723aae7d50b, Nodes: f9f5dbe8-91d3-4a2a-a4dd-ba97f25f1f6e(fv-az748-120.4k5rsvd4cmqu5oxra434zmszlb.cx.internal.cloudapp.net/10.1.78.0)c33c6748-58a2-4781-a6a3-3a6f81ff3630(fv-az748-120.4k5rsvd4cmqu5oxra434zmszlb.cx.internal.cloudapp.net/10.1.78.0)fca85417-4002-4831-843c-2e02b9319828(fv-az748-120.4k5rsvd4cmqu5oxra434zmszlb.cx.internal.cloudapp.net/10.1.78.0), ReplicationConfig: RATIS/THREE, State:ALLOCATED, leaderId:, CreationTimestamp2023-02-22T04:44:56.891Z[Etc/UTC]].
2023-02-22 04:44:56,893 [RatisPipelineUtilsThread - 0] INFO  pipeline.RatisPipelineProvider (RatisPipelineProvider.java:lambda$create$0(206)) - Sending CreatePipelineCommand for pipeline:PipelineID=d16cb455-975d-4849-98a2-51ad6a8c08fa to datanode:f9f5dbe8-91d3-4a2a-a4dd-ba97f25f1f6e
2023-02-22 04:44:56,893 [RatisPipelineUtilsThread - 0] INFO  pipeline.RatisPipelineProvider (RatisPipelineProvider.java:lambda$create$0(206)) - Sending CreatePipelineCommand for pipeline:PipelineID=d16cb455-975d-4849-98a2-51ad6a8c08fa to datanode:c33c6748-58a2-4781-a6a3-3a6f81ff3630
2023-02-22 04:44:56,893 [RatisPipelineUtilsThread - 0] INFO  pipeline.RatisPipelineProvider (RatisPipelineProvider.java:lambda$create$0(206)) - Sending CreatePipelineCommand for pipeline:PipelineID=d16cb455-975d-4849-98a2-51ad6a8c08fa to datanode:fca85417-4002-4831-843c-2e02b9319828
2023-02-22 04:44:56,894 [RatisPipelineUtilsThread - 0] INFO  pipeline.PipelineStateManagerImpl (PipelineStateManagerImpl.java:addPipeline(103)) - Created pipeline Pipeline[ Id: d16cb455-975d-4849-98a2-51ad6a8c08fa, Nodes: f9f5dbe8-91d3-4a2a-a4dd-ba97f25f1f6e(fv-az748-120.4k5rsvd4cmqu5oxra434zmszlb.cx.internal.cloudapp.net/10.1.78.0)c33c6748-58a2-4781-a6a3-3a6f81ff3630(fv-az748-120.4k5rsvd4cmqu5oxra434zmszlb.cx.internal.cloudapp.net/10.1.78.0)fca85417-4002-4831-843c-2e02b9319828(fv-az748-120.4k5rsvd4cmqu5oxra434zmszlb.cx.internal.cloudapp.net/10.1.78.0), ReplicationConfig: RATIS/THREE, State:ALLOCATED, leaderId:, CreationTimestamp2023-02-22T04:44:56.893Z[Etc/UTC]].
2023-02-22 04:44:56,894 [RatisPipelineUtilsThread - 0] INFO  pipeline.PipelineManagerImpl (PipelineManagerImpl.java:recordMetricsForPipeline(826)) - Pipeline: PipelineID=d16cb455-975d-4849-98a2-51ad6a8c08fa contains same datanodes as previous pipelines: PipelineID=16412177-ab87-4f0a-9bab-5723aae7d50b nodeIds: f9f5dbe8-91d3-4a2a-a4dd-ba97f25f1f6e, c33c6748-58a2-4781-a6a3-3a6f81ff3630, fca85417-4002-4831-843c-2e02b9319828
2023-02-22 04:44:56,894 [RatisPipelineUtilsThread - 0] WARN  pipeline.PipelinePlacementPolicy (PipelinePlacementPolicy.java:filterViableNodes(158)) - Pipeline creation failed due to no sufficient healthy datanodes. Required 3. Found 0.
2023-02-22 04:44:56,895 [RatisPipelineUtilsThread - 0] WARN  pipeline.PipelinePlacementPolicy (PipelinePlacementPolicy.java:filterViableNodes(158)) - Pipeline creation failed due to no sufficient healthy datanodes. Required 3. Found 0.
2023-02-22 04:44:57,878 [Listener at 127.0.0.1/35585] INFO  ozone.MiniOzoneClusterImpl (MiniOzoneClusterImpl.java:lambda$waitForClusterToBeReady$0(218)) - Nodes are ready. Got 3 of 3 DN Heartbeats.
2023-02-22 04:44:57,879 [Listener at 127.0.0.1/35585] INFO  ozone.MiniOzoneClusterImpl (MiniOzoneClusterImpl.java:lambda$waitForClusterToBeReady$0(221)) - Waiting for cluster to exit safe mode
2023-02-22 04:44:57,879 [Listener at 127.0.0.1/35585] INFO  ozone.MiniOzoneClusterImpl (MiniOzoneClusterImpl.java:lambda$waitForClusterToBeReady$0(223)) - SCM became leader
2023-02-22 04:44:58,879 [Listener at 127.0.0.1/35585] INFO  ozone.MiniOzoneClusterImpl (MiniOzoneClusterImpl.java:lambda$waitForClusterToBeReady$0(218)) - Nodes are ready. Got 3 of 3 DN Heartbeats.
2023-02-22 04:44:58,879 [Listener at 127.0.0.1/35585] INFO  ozone.MiniOzoneClusterImpl (MiniOzoneClusterImpl.java:lambda$waitForClusterToBeReady$0(221)) - Waiting for cluster to exit safe mode
2023-02-22 04:44:58,879 [Listener at 127.0.0.1/35585] INFO  ozone.MiniOzoneClusterImpl (MiniOzoneClusterImpl.java:lambda$waitForClusterToBeReady$0(223)) - SCM became leader
2023-02-22 04:44:59,141 [Command processor thread] INFO  server.RaftServer (RaftServerProxy.java:addNew(96)) - fca85417-4002-4831-843c-2e02b9319828: addNew group-DF75FFA3266C:[fca85417-4002-4831-843c-2e02b9319828|rpc:10.1.78.0:40073|dataStream:10.1.78.0:33265|priority:1|startupRole:FOLLOWER] returns group-DF75FFA3266C:java.util.concurrent.CompletableFuture@29e97ccf[Not completed]
2023-02-22 04:44:59,154 [pool-127-thread-1] INFO  server.RaftServer$Division (RaftServerImpl.java:<init>(195)) - fca85417-4002-4831-843c-2e02b9319828: new RaftServerImpl for group-DF75FFA3266C:[fca85417-4002-4831-843c-2e02b9319828|rpc:10.1.78.0:40073|dataStream:10.1.78.0:33265|priority:1|startupRole:FOLLOWER] with ContainerStateMachine:uninitialized
2023-02-22 04:44:59,156 [pool-127-thread-1] INFO  server.RaftServerConfigKeys (ConfUtils.java:logGet(46)) - raft.server.rpc.timeout.min = 5s (custom)
2023-02-22 04:44:59,156 [pool-127-thread-1] INFO  server.RaftServerConfigKeys (ConfUtils.java:logGet(46)) - raft.server.rpc.timeout.max = 5200ms (custom)
2023-02-22 04:44:59,156 [pool-127-thread-1] INFO  server.RaftServerConfigKeys (ConfUtils.java:logGet(46)) - raft.server.rpc.sleep.time = 25ms (default)
2023-02-22 04:44:59,157 [pool-127-thread-1] INFO  server.RaftServerConfigKeys (ConfUtils.java:logGet(46)) - raft.server.rpc.slowness.timeout = 300s (custom)
2023-02-22 04:44:59,157 [pool-127-thread-1] INFO  server.RaftServerConfigKeys (ConfUtils.java:logGet(46)) - raft.server.leaderelection.leader.step-down.wait-time = 10s (default)
2023-02-22 04:44:59,157 [pool-127-thread-1] INFO  server.RaftServerConfigKeys (ConfUtils.java:logGet(46)) - raft.server.sleep.deviation.threshold = 300ms (default)
2023-02-22 04:44:59,157 [pool-127-thread-1] INFO  server.RaftServer$Division (ServerState.java:<init>(118)) - fca85417-4002-4831-843c-2e02b9319828@group-DF75FFA3266C: ConfigurationManager, init=-1: peers:[fca85417-4002-4831-843c-2e02b9319828|rpc:10.1.78.0:40073|dataStream:10.1.78.0:33265|priority:1|startupRole:FOLLOWER]|listeners:[], old=null, confs=<EMPTY_MAP>
2023-02-22 04:44:59,157 [pool-127-thread-1] INFO  server.RaftServerConfigKeys (ConfUtils.java:logGet(46)) - raft.server.storage.dir = [/home/runner/work/ozone/ozone/hadoop-ozone/integration-test/target/test-dir/MiniOzoneClusterImpl-23364813-765e-4689-b759-17f9bf3914d5/datanode-0/data/ratis] (custom)
2023-02-22 04:44:59,157 [pool-127-thread-1] INFO  server.RaftServerConfigKeys (ConfUtils.java:logGet(46)) - raft.server.log.corruption.policy = EXCEPTION (default)
2023-02-22 04:44:59,157 [pool-127-thread-1] INFO  server.RaftServerConfigKeys (ConfUtils.java:logGet(46)) - raft.server.storage.free-space.min = 0MB (=0) (default)
2023-02-22 04:44:59,157 [pool-127-thread-1] INFO  server.RaftServerConfigKeys (ConfUtils.java:logGet(46)) - raft.server.notification.no-leader.timeout = 300s (custom)
2023-02-22 04:44:59,157 [pool-127-thread-1] INFO  server.RaftServerConfigKeys (ConfUtils.java:logGet(46)) - raft.server.retrycache.expirytime = 600000ms (custom)
2023-02-22 04:44:59,157 [pool-127-thread-1] INFO  server.RaftServerConfigKeys (ConfUtils.java:logGet(46)) - raft.server.retrycache.statistics.expirytime = 100μs (default)
2023-02-22 04:44:59,161 [pool-127-thread-1] INFO  server.RaftServerConfigKeys (ConfUtils.java:logGet(46)) - raft.server.log.appender.install.snapshot.enabled = false (custom)
2023-02-22 04:44:59,162 [pool-127-thread-1] INFO  server.RaftServerConfigKeys (ConfUtils.java:logGet(46)) - raft.server.threadpool.server.cached = true (default)
2023-02-22 04:44:59,162 [pool-127-thread-1] INFO  server.RaftServerConfigKeys (ConfUtils.java:logGet(46)) - raft.server.threadpool.server.size = 0 (default)
2023-02-22 04:44:59,162 [pool-127-thread-1] INFO  server.RaftServerConfigKeys (ConfUtils.java:logGet(46)) - raft.server.threadpool.client.cached = true (default)
2023-02-22 04:44:59,162 [pool-127-thread-1] INFO  server.RaftServerConfigKeys (ConfUtils.java:logGet(46)) - raft.server.threadpool.client.size = 0 (default)
2023-02-22 04:44:59,162 [pool-127-thread-1] INFO  storage.RaftStorageDirectory (RaftStorageDirectoryImpl.java:analyzeStorage(137)) - The storage directory /home/runner/work/ozone/ozone/hadoop-ozone/integration-test/target/test-dir/MiniOzoneClusterImpl-23364813-765e-4689-b759-17f9bf3914d5/datanode-0/data/ratis/a2a68490-732a-4409-a3ad-df75ffa3266c does not exist. Creating ...
2023-02-22 04:44:59,163 [pool-127-thread-1] INFO  storage.RaftStorageDirectory (RaftStorageDirectoryImpl.java:tryLock(231)) - Lock on /home/runner/work/ozone/ozone/hadoop-ozone/integration-test/target/test-dir/MiniOzoneClusterImpl-23364813-765e-4689-b759-17f9bf3914d5/datanode-0/data/ratis/a2a68490-732a-4409-a3ad-df75ffa3266c/in_use.lock acquired by nodename 93364@fv-az748-120
2023-02-22 04:44:59,165 [pool-127-thread-1] INFO  storage.RaftStorage (RaftStorageImpl.java:format(96)) - Storage directory /home/runner/work/ozone/ozone/hadoop-ozone/integration-test/target/test-dir/MiniOzoneClusterImpl-23364813-765e-4689-b759-17f9bf3914d5/datanode-0/data/ratis/a2a68490-732a-4409-a3ad-df75ffa3266c has been successfully formatted.
2023-02-22 04:44:59,170 [pool-127-thread-1] INFO  ratis.ContainerStateMachine (ContainerStateMachine.java:loadSnapshot(240)) - group-DF75FFA3266C: The snapshot info is null. Setting the last applied indexto:(t:0, i:~)
2023-02-22 04:44:59,170 [pool-127-thread-1] INFO  server.RaftServerConfigKeys (ConfUtils.java:logGet(46)) - raft.server.log.use.memory = false (default)
2023-02-22 04:44:59,176 [pool-127-thread-1] INFO  server.RaftServerConfigKeys (ConfUtils.java:logGet(46)) - raft.server.log.purge.gap = 1000000 (custom)
2023-02-22 04:44:59,176 [pool-127-thread-1] INFO  server.RaftServerConfigKeys (ConfUtils.java:logGet(46)) - raft.server.log.appender.buffer.byte-limit = 33554432 (custom)
2023-02-22 04:44:59,176 [pool-127-thread-1] INFO  server.RaftServerConfigKeys (ConfUtils.java:logGet(46)) - raft.server.log.statemachine.data.read.timeout = 1000ms (default)
2023-02-22 04:44:59,177 [pool-127-thread-1] INFO  server.RaftServerConfigKeys (ConfUtils.java:logGet(46)) - raft.server.log.purge.preservation.log.num = 0 (default)
2023-02-22 04:44:59,177 [pool-127-thread-1] INFO  server.RaftServerConfigKeys (ConfUtils.java:logGet(46)) - raft.server.log.segment.size.max = 1048576 (custom)
2023-02-22 04:44:59,177 [pool-127-thread-1] INFO  server.RaftServerConfigKeys (ConfUtils.java:logGet(46)) - raft.server.log.segment.cache.num.max = 2 (custom)
2023-02-22 04:44:59,177 [pool-127-thread-1] INFO  server.RaftServerConfigKeys (ConfUtils.java:logGet(46)) - raft.server.log.segment.cache.size.max = 200MB (=209715200) (default)
2023-02-22 04:44:59,179 [pool-127-thread-1] INFO  segmented.SegmentedRaftLogWorker (SegmentedRaftLogWorker.java:<init>(189)) - new fca85417-4002-4831-843c-2e02b9319828@group-DF75FFA3266C-SegmentedRaftLogWorker for RaftStorageImpl:Storage Directory /home/runner/work/ozone/ozone/hadoop-ozone/integration-test/target/test-dir/MiniOzoneClusterImpl-23364813-765e-4689-b759-17f9bf3914d5/datanode-0/data/ratis/a2a68490-732a-4409-a3ad-df75ffa3266c
2023-02-22 04:44:59,179 [pool-127-thread-1] INFO  server.RaftServerConfigKeys (ConfUtils.java:logGet(46)) - raft.server.log.queue.byte-limit = 4294967296 (custom)
2023-02-22 04:44:59,179 [pool-127-thread-1] INFO  server.RaftServerConfigKeys (ConfUtils.java:logGet(46)) - raft.server.log.queue.element-limit = 1024 (custom)
2023-02-22 04:44:59,179 [pool-127-thread-1] INFO  server.RaftServerConfigKeys (ConfUtils.java:logGet(46)) - raft.server.log.segment.size.max = 1048576 (custom)
2023-02-22 04:44:59,179 [pool-127-thread-1] INFO  server.RaftServerConfigKeys (ConfUtils.java:logGet(46)) - raft.server.log.preallocated.size = 16384 (custom)
2023-02-22 04:44:59,179 [pool-127-thread-1] INFO  server.RaftServerConfigKeys (ConfUtils.java:logGet(46)) - raft.server.log.force.sync.num = 128 (default)
2023-02-22 04:44:59,179 [pool-127-thread-1] INFO  server.RaftServerConfigKeys (ConfUtils.java:logGet(46)) - raft.server.log.statemachine.data.sync = true (default)
2023-02-22 04:44:59,179 [pool-127-thread-1] INFO  server.RaftServerConfigKeys (ConfUtils.java:logGet(46)) - raft.server.log.statemachine.data.sync.timeout = 10s (default)
2023-02-22 04:44:59,179 [pool-127-thread-1] INFO  server.RaftServerConfigKeys (ConfUtils.java:logGet(46)) - raft.server.log.statemachine.data.sync.timeout.retry = -1 (default)
2023-02-22 04:44:59,180 [pool-127-thread-1] INFO  server.RaftServerConfigKeys (ConfUtils.java:logGet(46)) - raft.server.log.write.buffer.size = 1048576 (custom)
2023-02-22 04:44:59,181 [pool-127-thread-1] INFO  server.RaftServerConfigKeys (ConfUtils.java:logGet(46)) - raft.server.log.appender.buffer.byte-limit = 33554432 (custom)
2023-02-22 04:44:59,188 [pool-127-thread-1] INFO  server.RaftServerConfigKeys (ConfUtils.java:logGet(46)) - raft.server.log.unsafe-flush.enabled = false (default)
2023-02-22 04:44:59,188 [pool-127-thread-1] INFO  server.RaftServerConfigKeys (ConfUtils.java:logGet(46)) - raft.server.log.async-flush.enabled = false (default)
2023-02-22 04:44:59,188 [pool-127-thread-1] INFO  server.RaftServerConfigKeys (ConfUtils.java:logGet(46)) - raft.server.log.statemachine.data.caching.enabled = true (custom)
2023-02-22 04:44:59,194 [pool-127-thread-1] INFO  segmented.SegmentedRaftLogWorker (SegmentedRaftLogWorker.java:lambda$new$0(135)) - fca85417-4002-4831-843c-2e02b9319828@group-DF75FFA3266C-SegmentedRaftLogWorker: flushIndex: setUnconditionally 0 -> -1
2023-02-22 04:44:59,194 [pool-127-thread-1] INFO  segmented.SegmentedRaftLogWorker (SegmentedRaftLogWorker.java:lambda$new$0(135)) - fca85417-4002-4831-843c-2e02b9319828@group-DF75FFA3266C-SegmentedRaftLogWorker: safeCacheEvictIndex: setUnconditionally 0 -> -1
2023-02-22 04:44:59,194 [pool-127-thread-1] INFO  server.RaftServer$Division (RaftServerImpl.java:start(334)) - fca85417-4002-4831-843c-2e02b9319828@group-DF75FFA3266C: start as a follower, conf=-1: peers:[fca85417-4002-4831-843c-2e02b9319828|rpc:10.1.78.0:40073|dataStream:10.1.78.0:33265|priority:1|startupRole:FOLLOWER]|listeners:[], old=null
2023-02-22 04:44:59,194 [pool-127-thread-1] INFO  server.RaftServer$Division (RaftServerImpl.java:setRole(321)) - fca85417-4002-4831-843c-2e02b9319828@group-DF75FFA3266C: changes role from      null to FOLLOWER at term 0 for startAsFollower
2023-02-22 04:44:59,194 [pool-127-thread-1] INFO  impl.RoleInfo (RoleInfo.java:updateAndGet(139)) - fca85417-4002-4831-843c-2e02b9319828: start fca85417-4002-4831-843c-2e02b9319828@group-DF75FFA3266C-FollowerState
2023-02-22 04:44:59,194 [fca85417-4002-4831-843c-2e02b9319828@group-DF75FFA3266C-FollowerState] INFO  server.RaftServerConfigKeys (ConfUtils.java:logFallback(53)) - raft.server.rpc.first-election.timeout.min = 5s (fallback to raft.server.rpc.timeout.min)
2023-02-22 04:44:59,195 [fca85417-4002-4831-843c-2e02b9319828@group-DF75FFA3266C-FollowerState] INFO  server.RaftServerConfigKeys (ConfUtils.java:logFallback(53)) - raft.server.rpc.first-election.timeout.max = 5200ms (fallback to raft.server.rpc.timeout.max)
2023-02-22 04:44:59,196 [EventQueue-PipelineReportForPipelineReportHandler] INFO  pipeline.PipelineManagerImpl (PipelineManagerImpl.java:openPipeline(367)) - Pipeline Pipeline[ Id: a2a68490-732a-4409-a3ad-df75ffa3266c, Nodes: fca85417-4002-4831-843c-2e02b9319828(fv-az748-120.4k5rsvd4cmqu5oxra434zmszlb.cx.internal.cloudapp.net/10.1.78.0), ReplicationConfig: RATIS/ONE, State:ALLOCATED, leaderId:fca85417-4002-4831-843c-2e02b9319828, CreationTimestamp2023-02-22T04:44:56.164Z[Etc/UTC]] moved to OPEN state
2023-02-22 04:44:59,194 [pool-127-thread-1] INFO  util.JmxRegister (JmxRegister.java:tryRegister(44)) - Successfully registered JMX Bean with object name Ratis:service=RaftServer,group=group-DF75FFA3266C,id=fca85417-4002-4831-843c-2e02b9319828
2023-02-22 04:44:59,201 [pool-127-thread-1] INFO  server.RaftServerConfigKeys (ConfUtils.java:logGet(46)) - raft.server.snapshot.auto.trigger.enabled = true (custom)
2023-02-22 04:44:59,201 [pool-127-thread-1] INFO  server.RaftServerConfigKeys (ConfUtils.java:logGet(46)) - raft.server.snapshot.auto.trigger.threshold = 10000 (custom)
2023-02-22 04:44:59,201 [pool-127-thread-1] INFO  server.RaftServerConfigKeys (ConfUtils.java:logGet(46)) - raft.server.snapshot.retention.file.num = 5 (custom)
2023-02-22 04:44:59,201 [pool-127-thread-1] INFO  server.RaftServerConfigKeys (ConfUtils.java:logGet(46)) - raft.server.log.purge.upto.snapshot.index = false (default)
2023-02-22 04:44:59,204 [EventQueue-OpenPipelineForHealthyPipelineSafeModeRule] INFO  safemode.SCMSafeModeManager (HealthyPipelineSafeModeRule.java:process(137)) - SCM in safe mode. Healthy pipelines reported count is 0, required healthy pipeline reported count is 1
2023-02-22 04:44:59,204 [Command processor thread] INFO  ratis.XceiverServerRatis (XceiverServerRatis.java:addGroup(807)) - Created group PipelineID=a2a68490-732a-4409-a3ad-df75ffa3266c
2023-02-22 04:44:59,204 [Command processor thread] INFO  commandhandler.CreatePipelineCommandHandler (CreatePipelineCommandHandler.java:handle(113)) - Created Pipeline RATIS ONE PipelineID=a2a68490-732a-4409-a3ad-df75ffa3266c.
2023-02-22 04:44:59,205 [Command processor thread] INFO  server.RaftServer (RaftServerProxy.java:addNew(96)) - fca85417-4002-4831-843c-2e02b9319828: addNew group-5723AAE7D50B:[f9f5dbe8-91d3-4a2a-a4dd-ba97f25f1f6e|rpc:10.1.78.0:40235|dataStream:10.1.78.0:42699|priority:0|startupRole:FOLLOWER, c33c6748-58a2-4781-a6a3-3a6f81ff3630|rpc:10.1.78.0:37425|dataStream:10.1.78.0:39407|priority:1|startupRole:FOLLOWER, fca85417-4002-4831-843c-2e02b9319828|rpc:10.1.78.0:40073|dataStream:10.1.78.0:33265|priority:0|startupRole:FOLLOWER] returns group-5723AAE7D50B:java.util.concurrent.CompletableFuture@49a3ca43[Not completed]
2023-02-22 04:44:59,206 [pool-127-thread-1] INFO  server.RaftServer$Division (RaftServerImpl.java:<init>(195)) - fca85417-4002-4831-843c-2e02b9319828: new RaftServerImpl for group-5723AAE7D50B:[f9f5dbe8-91d3-4a2a-a4dd-ba97f25f1f6e|rpc:10.1.78.0:40235|dataStream:10.1.78.0:42699|priority:0|startupRole:FOLLOWER, c33c6748-58a2-4781-a6a3-3a6f81ff3630|rpc:10.1.78.0:37425|dataStream:10.1.78.0:39407|priority:1|startupRole:FOLLOWER, fca85417-4002-4831-843c-2e02b9319828|rpc:10.1.78.0:40073|dataStream:10.1.78.0:33265|priority:0|startupRole:FOLLOWER] with ContainerStateMachine:uninitialized
2023-02-22 04:44:59,206 [pool-127-thread-1] INFO  server.RaftServerConfigKeys (ConfUtils.java:logGet(46)) - raft.server.rpc.timeout.min = 5s (custom)
2023-02-22 04:44:59,206 [pool-127-thread-1] INFO  server.RaftServerConfigKeys (ConfUtils.java:logGet(46)) - raft.server.rpc.timeout.max = 5200ms (custom)
2023-02-22 04:44:59,206 [pool-127-thread-1] INFO  server.RaftServerConfigKeys (ConfUtils.java:logGet(46)) - raft.server.rpc.sleep.time = 25ms (default)
2023-02-22 04:44:59,206 [pool-127-thread-1] INFO  server.RaftServerConfigKeys (ConfUtils.java:logGet(46)) - raft.server.rpc.slowness.timeout = 300s (custom)
2023-02-22 04:44:59,206 [pool-127-thread-1] INFO  server.RaftServerConfigKeys (ConfUtils.java:logGet(46)) - raft.server.leaderelection.leader.step-down.wait-time = 10s (default)
2023-02-22 04:44:59,206 [pool-127-thread-1] INFO  server.RaftServerConfigKeys (ConfUtils.java:logGet(46)) - raft.server.sleep.deviation.threshold = 300ms (default)
2023-02-22 04:44:59,206 [pool-127-thread-1] INFO  server.RaftServer$Division (ServerState.java:<init>(118)) - fca85417-4002-4831-843c-2e02b9319828@group-5723AAE7D50B: ConfigurationManager, init=-1: peers:[f9f5dbe8-91d3-4a2a-a4dd-ba97f25f1f6e|rpc:10.1.78.0:40235|dataStream:10.1.78.0:42699|priority:0|startupRole:FOLLOWER, c33c6748-58a2-4781-a6a3-3a6f81ff3630|rpc:10.1.78.0:37425|dataStream:10.1.78.0:39407|priority:1|startupRole:FOLLOWER, fca85417-4002-4831-843c-2e02b9319828|rpc:10.1.78.0:40073|dataStream:10.1.78.0:33265|priority:0|startupRole:FOLLOWER]|listeners:[], old=null, confs=<EMPTY_MAP>
2023-02-22 04:44:59,206 [pool-127-thread-1] INFO  server.RaftServerConfigKeys (ConfUtils.java:logGet(46)) - raft.server.storage.dir = [/home/runner/work/ozone/ozone/hadoop-ozone/integration-test/target/test-dir/MiniOzoneClusterImpl-23364813-765e-4689-b759-17f9bf3914d5/datanode-0/data/ratis] (custom)
2023-02-22 04:44:59,207 [pool-127-thread-1] INFO  server.RaftServerConfigKeys (ConfUtils.java:logGet(46)) - raft.server.log.corruption.policy = EXCEPTION (default)
2023-02-22 04:44:59,207 [pool-127-thread-1] INFO  server.RaftServerConfigKeys (ConfUtils.java:logGet(46)) - raft.server.storage.free-space.min = 0MB (=0) (default)
2023-02-22 04:44:59,207 [pool-127-thread-1] INFO  server.RaftServerConfigKeys (ConfUtils.java:logGet(46)) - raft.server.notification.no-leader.timeout = 300s (custom)
2023-02-22 04:44:59,207 [pool-127-thread-1] INFO  server.RaftServerConfigKeys (ConfUtils.java:logGet(46)) - raft.server.retrycache.expirytime = 600000ms (custom)
2023-02-22 04:44:59,207 [pool-127-thread-1] INFO  server.RaftServerConfigKeys (ConfUtils.java:logGet(46)) - raft.server.retrycache.statistics.expirytime = 100μs (default)
2023-02-22 04:44:59,208 [pool-127-thread-1] INFO  server.RaftServerConfigKeys (ConfUtils.java:logGet(46)) - raft.server.log.appender.install.snapshot.enabled = false (custom)
2023-02-22 04:44:59,208 [pool-127-thread-1] INFO  server.RaftServerConfigKeys (ConfUtils.java:logGet(46)) - raft.server.threadpool.server.cached = true (default)
2023-02-22 04:44:59,208 [pool-127-thread-1] INFO  server.RaftServerConfigKeys (ConfUtils.java:logGet(46)) - raft.server.threadpool.server.size = 0 (default)
2023-02-22 04:44:59,208 [pool-127-thread-1] INFO  server.RaftServerConfigKeys (ConfUtils.java:logGet(46)) - raft.server.threadpool.client.cached = true (default)
2023-02-22 04:44:59,208 [pool-127-thread-1] INFO  server.RaftServerConfigKeys (ConfUtils.java:logGet(46)) - raft.server.threadpool.client.size = 0 (default)
2023-02-22 04:44:59,208 [pool-127-thread-1] INFO  storage.RaftStorageDirectory (RaftStorageDirectoryImpl.java:analyzeStorage(137)) - The storage directory /home/runner/work/ozone/ozone/hadoop-ozone/integration-test/target/test-dir/MiniOzoneClusterImpl-23364813-765e-4689-b759-17f9bf3914d5/datanode-0/data/ratis/16412177-ab87-4f0a-9bab-5723aae7d50b does not exist. Creating ...
2023-02-22 04:44:59,209 [pool-127-thread-1] INFO  storage.RaftStorageDirectory (RaftStorageDirectoryImpl.java:tryLock(231)) - Lock on /home/runner/work/ozone/ozone/hadoop-ozone/integration-test/target/test-dir/MiniOzoneClusterImpl-23364813-765e-4689-b759-17f9bf3914d5/datanode-0/data/ratis/16412177-ab87-4f0a-9bab-5723aae7d50b/in_use.lock acquired by nodename 93364@fv-az748-120
2023-02-22 04:44:59,211 [pool-127-thread-1] INFO  storage.RaftStorage (RaftStorageImpl.java:format(96)) - Storage directory /home/runner/work/ozone/ozone/hadoop-ozone/integration-test/target/test-dir/MiniOzoneClusterImpl-23364813-765e-4689-b759-17f9bf3914d5/datanode-0/data/ratis/16412177-ab87-4f0a-9bab-5723aae7d50b has been successfully formatted.
2023-02-22 04:44:59,211 [pool-127-thread-1] INFO  ratis.ContainerStateMachine (ContainerStateMachine.java:loadSnapshot(240)) - group-5723AAE7D50B: The snapshot info is null. Setting the last applied indexto:(t:0, i:~)
2023-02-22 04:44:59,211 [pool-127-thread-1] INFO  server.RaftServerConfigKeys (ConfUtils.java:logGet(46)) - raft.server.log.use.memory = false (default)
2023-02-22 04:44:59,211 [pool-127-thread-1] INFO  server.RaftServerConfigKeys (ConfUtils.java:logGet(46)) - raft.server.log.purge.gap = 1000000 (custom)
2023-02-22 04:44:59,211 [pool-127-thread-1] INFO  server.RaftServerConfigKeys (ConfUtils.java:logGet(46)) - raft.server.log.appender.buffer.byte-limit = 33554432 (custom)
2023-02-22 04:44:59,212 [pool-127-thread-1] INFO  server.RaftServerConfigKeys (ConfUtils.java:logGet(46)) - raft.server.log.statemachine.data.read.timeout = 1000ms (default)
2023-02-22 04:44:59,212 [pool-127-thread-1] INFO  server.RaftServerConfigKeys (ConfUtils.java:logGet(46)) - raft.server.log.purge.preservation.log.num = 0 (default)
2023-02-22 04:44:59,212 [pool-127-thread-1] INFO  server.RaftServerConfigKeys (ConfUtils.java:logGet(46)) - raft.server.log.segment.size.max = 1048576 (custom)
2023-02-22 04:44:59,213 [pool-127-thread-1] INFO  server.RaftServerConfigKeys (ConfUtils.java:logGet(46)) - raft.server.log.segment.cache.num.max = 2 (custom)
2023-02-22 04:44:59,213 [pool-127-thread-1] INFO  server.RaftServerConfigKeys (ConfUtils.java:logGet(46)) - raft.server.log.segment.cache.size.max = 200MB (=209715200) (default)
2023-02-22 04:44:59,213 [pool-127-thread-1] INFO  segmented.SegmentedRaftLogWorker (SegmentedRaftLogWorker.java:<init>(189)) - new fca85417-4002-4831-843c-2e02b9319828@group-5723AAE7D50B-SegmentedRaftLogWorker for RaftStorageImpl:Storage Directory /home/runner/work/ozone/ozone/hadoop-ozone/integration-test/target/test-dir/MiniOzoneClusterImpl-23364813-765e-4689-b759-17f9bf3914d5/datanode-0/data/ratis/16412177-ab87-4f0a-9bab-5723aae7d50b
2023-02-22 04:44:59,213 [pool-127-thread-1] INFO  server.RaftServerConfigKeys (ConfUtils.java:logGet(46)) - raft.server.log.queue.byte-limit = 4294967296 (custom)
2023-02-22 04:44:59,213 [pool-127-thread-1] INFO  server.RaftServerConfigKeys (ConfUtils.java:logGet(46)) - raft.server.log.queue.element-limit = 1024 (custom)
2023-02-22 04:44:59,213 [pool-127-thread-1] INFO  server.RaftServerConfigKeys (ConfUtils.java:logGet(46)) - raft.server.log.segment.size.max = 1048576 (custom)
2023-02-22 04:44:59,213 [pool-127-thread-1] INFO  server.RaftServerConfigKeys (ConfUtils.java:logGet(46)) - raft.server.log.preallocated.size = 16384 (custom)
2023-02-22 04:44:59,213 [pool-127-thread-1] INFO  server.RaftServerConfigKeys (ConfUtils.java:logGet(46)) - raft.server.log.force.sync.num = 128 (default)
2023-02-22 04:44:59,213 [pool-127-thread-1] INFO  server.RaftServerConfigKeys (ConfUtils.java:logGet(46)) - raft.server.log.statemachine.data.sync = true (default)
2023-02-22 04:44:59,213 [pool-127-thread-1] INFO  server.RaftServerConfigKeys (ConfUtils.java:logGet(46)) - raft.server.log.statemachine.data.sync.timeout = 10s (default)
2023-02-22 04:44:59,213 [pool-127-thread-1] INFO  server.RaftServerConfigKeys (ConfUtils.java:logGet(46)) - raft.server.log.statemachine.data.sync.timeout.retry = -1 (default)
2023-02-22 04:44:59,214 [EventQueue-OpenPipelineForHealthyPipelineSafeModeRule] INFO  safemode.SCMSafeModeManager (HealthyPipelineSafeModeRule.java:process(137)) - SCM in safe mode. Healthy pipelines reported count is 0, required healthy pipeline reported count is 1
2023-02-22 04:44:59,219 [pool-127-thread-1] INFO  server.RaftServerConfigKeys (ConfUtils.java:logGet(46)) - raft.server.log.write.buffer.size = 1048576 (custom)
2023-02-22 04:44:59,219 [pool-127-thread-1] INFO  server.RaftServerConfigKeys (ConfUtils.java:logGet(46)) - raft.server.log.appender.buffer.byte-limit = 33554432 (custom)
2023-02-22 04:44:59,224 [pool-127-thread-1] INFO  server.RaftServerConfigKeys (ConfUtils.java:logGet(46)) - raft.server.log.unsafe-flush.enabled = false (default)
2023-02-22 04:44:59,224 [pool-127-thread-1] INFO  server.RaftServerConfigKeys (ConfUtils.java:logGet(46)) - raft.server.log.async-flush.enabled = false (default)
2023-02-22 04:44:59,224 [pool-127-thread-1] INFO  server.RaftServerConfigKeys (ConfUtils.java:logGet(46)) - raft.server.log.statemachine.data.caching.enabled = true (custom)
2023-02-22 04:44:59,225 [pool-127-thread-1] INFO  segmented.SegmentedRaftLogWorker (SegmentedRaftLogWorker.java:lambda$new$0(135)) - fca85417-4002-4831-843c-2e02b9319828@group-5723AAE7D50B-SegmentedRaftLogWorker: flushIndex: setUnconditionally 0 -> -1
2023-02-22 04:44:59,225 [pool-127-thread-1] INFO  segmented.SegmentedRaftLogWorker (SegmentedRaftLogWorker.java:lambda$new$0(135)) - fca85417-4002-4831-843c-2e02b9319828@group-5723AAE7D50B-SegmentedRaftLogWorker: safeCacheEvictIndex: setUnconditionally 0 -> -1
2023-02-22 04:44:59,227 [pool-127-thread-1] INFO  server.RaftServer$Division (RaftServerImpl.java:start(334)) - fca85417-4002-4831-843c-2e02b9319828@group-5723AAE7D50B: start as a follower, conf=-1: peers:[f9f5dbe8-91d3-4a2a-a4dd-ba97f25f1f6e|rpc:10.1.78.0:40235|dataStream:10.1.78.0:42699|priority:0|startupRole:FOLLOWER, c33c6748-58a2-4781-a6a3-3a6f81ff3630|rpc:10.1.78.0:37425|dataStream:10.1.78.0:39407|priority:1|startupRole:FOLLOWER, fca85417-4002-4831-843c-2e02b9319828|rpc:10.1.78.0:40073|dataStream:10.1.78.0:33265|priority:0|startupRole:FOLLOWER]|listeners:[], old=null
2023-02-22 04:44:59,227 [pool-127-thread-1] INFO  server.RaftServer$Division (RaftServerImpl.java:setRole(321)) - fca85417-4002-4831-843c-2e02b9319828@group-5723AAE7D50B: changes role from      null to FOLLOWER at term 0 for startAsFollower
2023-02-22 04:44:59,227 [pool-127-thread-1] INFO  impl.RoleInfo (RoleInfo.java:updateAndGet(139)) - fca85417-4002-4831-843c-2e02b9319828: start fca85417-4002-4831-843c-2e02b9319828@group-5723AAE7D50B-FollowerState
2023-02-22 04:44:59,229 [pool-127-thread-1] INFO  util.JmxRegister (JmxRegister.java:tryRegister(44)) - Successfully registered JMX Bean with object name Ratis:service=RaftServer,group=group-5723AAE7D50B,id=fca85417-4002-4831-843c-2e02b9319828
2023-02-22 04:44:59,229 [pool-127-thread-1] INFO  server.RaftServerConfigKeys (ConfUtils.java:logGet(46)) - raft.server.snapshot.auto.trigger.enabled = true (custom)
2023-02-22 04:44:59,229 [pool-127-thread-1] INFO  server.RaftServerConfigKeys (ConfUtils.java:logGet(46)) - raft.server.snapshot.auto.trigger.threshold = 10000 (custom)
2023-02-22 04:44:59,229 [pool-127-thread-1] INFO  server.RaftServerConfigKeys (ConfUtils.java:logGet(46)) - raft.server.snapshot.retention.file.num = 5 (custom)
2023-02-22 04:44:59,229 [pool-127-thread-1] INFO  server.RaftServerConfigKeys (ConfUtils.java:logGet(46)) - raft.server.log.purge.upto.snapshot.index = false (default)
2023-02-22 04:44:59,236 [Command processor thread] INFO  ratis.XceiverServerRatis (XceiverServerRatis.java:addGroup(807)) - Created group PipelineID=16412177-ab87-4f0a-9bab-5723aae7d50b
2023-02-22 04:44:59,239 [fca85417-4002-4831-843c-2e02b9319828@group-5723AAE7D50B-FollowerState] INFO  server.RaftServerConfigKeys (ConfUtils.java:logFallback(53)) - raft.server.rpc.first-election.timeout.min = 5s (fallback to raft.server.rpc.timeout.min)
2023-02-22 04:44:59,240 [fca85417-4002-4831-843c-2e02b9319828@group-5723AAE7D50B-FollowerState] INFO  server.RaftServerConfigKeys (ConfUtils.java:logFallback(53)) - raft.server.rpc.first-election.timeout.max = 5200ms (fallback to raft.server.rpc.timeout.max)
2023-02-22 04:44:59,300 [grpc-default-executor-3] INFO  server.RaftServer (RaftServerProxy.java:addNew(96)) - f9f5dbe8-91d3-4a2a-a4dd-ba97f25f1f6e: addNew group-5723AAE7D50B:[f9f5dbe8-91d3-4a2a-a4dd-ba97f25f1f6e|rpc:10.1.78.0:40235|dataStream:10.1.78.0:42699|priority:0|startupRole:FOLLOWER, c33c6748-58a2-4781-a6a3-3a6f81ff3630|rpc:10.1.78.0:37425|dataStream:10.1.78.0:39407|priority:1|startupRole:FOLLOWER, fca85417-4002-4831-843c-2e02b9319828|rpc:10.1.78.0:40073|dataStream:10.1.78.0:33265|priority:0|startupRole:FOLLOWER] returns group-5723AAE7D50B:java.util.concurrent.CompletableFuture@fc85e77[Not completed]
2023-02-22 04:44:59,302 [pool-171-thread-1] INFO  server.RaftServer$Division (RaftServerImpl.java:<init>(195)) - f9f5dbe8-91d3-4a2a-a4dd-ba97f25f1f6e: new RaftServerImpl for group-5723AAE7D50B:[f9f5dbe8-91d3-4a2a-a4dd-ba97f25f1f6e|rpc:10.1.78.0:40235|dataStream:10.1.78.0:42699|priority:0|startupRole:FOLLOWER, c33c6748-58a2-4781-a6a3-3a6f81ff3630|rpc:10.1.78.0:37425|dataStream:10.1.78.0:39407|priority:1|startupRole:FOLLOWER, fca85417-4002-4831-843c-2e02b9319828|rpc:10.1.78.0:40073|dataStream:10.1.78.0:33265|priority:0|startupRole:FOLLOWER] with ContainerStateMachine:uninitialized
2023-02-22 04:44:59,302 [pool-171-thread-1] INFO  server.RaftServerConfigKeys (ConfUtils.java:logGet(46)) - raft.server.rpc.timeout.min = 5s (custom)
2023-02-22 04:44:59,302 [pool-171-thread-1] INFO  server.RaftServerConfigKeys (ConfUtils.java:logGet(46)) - raft.server.rpc.timeout.max = 5200ms (custom)
2023-02-22 04:44:59,302 [pool-171-thread-1] INFO  server.RaftServerConfigKeys (ConfUtils.java:logGet(46)) - raft.server.rpc.sleep.time = 25ms (default)
2023-02-22 04:44:59,302 [pool-171-thread-1] INFO  server.RaftServerConfigKeys (ConfUtils.java:logGet(46)) - raft.server.rpc.slowness.timeout = 300s (custom)
2023-02-22 04:44:59,302 [pool-171-thread-1] INFO  server.RaftServerConfigKeys (ConfUtils.java:logGet(46)) - raft.server.leaderelection.leader.step-down.wait-time = 10s (default)
2023-02-22 04:44:59,302 [pool-171-thread-1] INFO  server.RaftServerConfigKeys (ConfUtils.java:logGet(46)) - raft.server.sleep.deviation.threshold = 300ms (default)
2023-02-22 04:44:59,302 [pool-171-thread-1] INFO  server.RaftServer$Division (ServerState.java:<init>(118)) - f9f5dbe8-91d3-4a2a-a4dd-ba97f25f1f6e@group-5723AAE7D50B: ConfigurationManager, init=-1: peers:[f9f5dbe8-91d3-4a2a-a4dd-ba97f25f1f6e|rpc:10.1.78.0:40235|dataStream:10.1.78.0:42699|priority:0|startupRole:FOLLOWER, c33c6748-58a2-4781-a6a3-3a6f81ff3630|rpc:10.1.78.0:37425|dataStream:10.1.78.0:39407|priority:1|startupRole:FOLLOWER, fca85417-4002-4831-843c-2e02b9319828|rpc:10.1.78.0:40073|dataStream:10.1.78.0:33265|priority:0|startupRole:FOLLOWER]|listeners:[], old=null, confs=<EMPTY_MAP>
2023-02-22 04:44:59,302 [pool-171-thread-1] INFO  server.RaftServerConfigKeys (ConfUtils.java:logGet(46)) - raft.server.storage.dir = [/home/runner/work/ozone/ozone/hadoop-ozone/integration-test/target/test-dir/MiniOzoneClusterImpl-23364813-765e-4689-b759-17f9bf3914d5/datanode-2/data/ratis] (custom)
2023-02-22 04:44:59,302 [pool-171-thread-1] INFO  server.RaftServerConfigKeys (ConfUtils.java:logGet(46)) - raft.server.log.corruption.policy = EXCEPTION (default)
2023-02-22 04:44:59,302 [pool-171-thread-1] INFO  server.RaftServerConfigKeys (ConfUtils.java:logGet(46)) - raft.server.storage.free-space.min = 0MB (=0) (default)
2023-02-22 04:44:59,303 [pool-171-thread-1] INFO  server.RaftServerConfigKeys (ConfUtils.java:logGet(46)) - raft.server.notification.no-leader.timeout = 300s (custom)
2023-02-22 04:44:59,303 [pool-171-thread-1] INFO  server.RaftServerConfigKeys (ConfUtils.java:logGet(46)) - raft.server.retrycache.expirytime = 600000ms (custom)
2023-02-22 04:44:59,303 [pool-171-thread-1] INFO  server.RaftServerConfigKeys (ConfUtils.java:logGet(46)) - raft.server.retrycache.statistics.expirytime = 100μs (default)
2023-02-22 04:44:59,304 [pool-171-thread-1] INFO  server.RaftServerConfigKeys (ConfUtils.java:logGet(46)) - raft.server.log.appender.install.snapshot.enabled = false (custom)
2023-02-22 04:44:59,304 [pool-171-thread-1] INFO  server.RaftServerConfigKeys (ConfUtils.java:logGet(46)) - raft.server.threadpool.server.cached = true (default)
2023-02-22 04:44:59,304 [pool-171-thread-1] INFO  server.RaftServerConfigKeys (ConfUtils.java:logGet(46)) - raft.server.threadpool.server.size = 0 (default)
2023-02-22 04:44:59,304 [pool-171-thread-1] INFO  server.RaftServerConfigKeys (ConfUtils.java:logGet(46)) - raft.server.threadpool.client.cached = true (default)
2023-02-22 04:44:59,304 [pool-171-thread-1] INFO  server.RaftServerConfigKeys (ConfUtils.java:logGet(46)) - raft.server.threadpool.client.size = 0 (default)
2023-02-22 04:44:59,305 [pool-171-thread-1] INFO  storage.RaftStorageDirectory (RaftStorageDirectoryImpl.java:analyzeStorage(137)) - The storage directory /home/runner/work/ozone/ozone/hadoop-ozone/integration-test/target/test-dir/MiniOzoneClusterImpl-23364813-765e-4689-b759-17f9bf3914d5/datanode-2/data/ratis/16412177-ab87-4f0a-9bab-5723aae7d50b does not exist. Creating ...
2023-02-22 04:44:59,306 [pool-171-thread-1] INFO  storage.RaftStorageDirectory (RaftStorageDirectoryImpl.java:tryLock(231)) - Lock on /home/runner/work/ozone/ozone/hadoop-ozone/integration-test/target/test-dir/MiniOzoneClusterImpl-23364813-765e-4689-b759-17f9bf3914d5/datanode-2/data/ratis/16412177-ab87-4f0a-9bab-5723aae7d50b/in_use.lock acquired by nodename 93364@fv-az748-120
2023-02-22 04:44:59,307 [pool-171-thread-1] INFO  storage.RaftStorage (RaftStorageImpl.java:format(96)) - Storage directory /home/runner/work/ozone/ozone/hadoop-ozone/integration-test/target/test-dir/MiniOzoneClusterImpl-23364813-765e-4689-b759-17f9bf3914d5/datanode-2/data/ratis/16412177-ab87-4f0a-9bab-5723aae7d50b has been successfully formatted.
2023-02-22 04:44:59,308 [pool-171-thread-1] INFO  ratis.ContainerStateMachine (ContainerStateMachine.java:loadSnapshot(240)) - group-5723AAE7D50B: The snapshot info is null. Setting the last applied indexto:(t:0, i:~)
2023-02-22 04:44:59,308 [pool-171-thread-1] INFO  server.RaftServerConfigKeys (ConfUtils.java:logGet(46)) - raft.server.log.use.memory = false (default)
2023-02-22 04:44:59,310 [pool-171-thread-1] INFO  server.RaftServerConfigKeys (ConfUtils.java:logGet(46)) - raft.server.log.purge.gap = 1000000 (custom)
2023-02-22 04:44:59,310 [pool-171-thread-1] INFO  server.RaftServerConfigKeys (ConfUtils.java:logGet(46)) - raft.server.log.appender.buffer.byte-limit = 33554432 (custom)
2023-02-22 04:44:59,311 [pool-171-thread-1] INFO  server.RaftServerConfigKeys (ConfUtils.java:logGet(46)) - raft.server.log.statemachine.data.read.timeout = 1000ms (default)
2023-02-22 04:44:59,311 [pool-171-thread-1] INFO  server.RaftServerConfigKeys (ConfUtils.java:logGet(46)) - raft.server.log.purge.preservation.log.num = 0 (default)
2023-02-22 04:44:59,311 [pool-171-thread-1] INFO  server.RaftServerConfigKeys (ConfUtils.java:logGet(46)) - raft.server.log.segment.size.max = 1048576 (custom)
2023-02-22 04:44:59,311 [pool-171-thread-1] INFO  server.RaftServerConfigKeys (ConfUtils.java:logGet(46)) - raft.server.log.segment.cache.num.max = 2 (custom)
2023-02-22 04:44:59,311 [pool-171-thread-1] INFO  server.RaftServerConfigKeys (ConfUtils.java:logGet(46)) - raft.server.log.segment.cache.size.max = 200MB (=209715200) (default)
2023-02-22 04:44:59,311 [pool-171-thread-1] INFO  segmented.SegmentedRaftLogWorker (SegmentedRaftLogWorker.java:<init>(189)) - new f9f5dbe8-91d3-4a2a-a4dd-ba97f25f1f6e@group-5723AAE7D50B-SegmentedRaftLogWorker for RaftStorageImpl:Storage Directory /home/runner/work/ozone/ozone/hadoop-ozone/integration-test/target/test-dir/MiniOzoneClusterImpl-23364813-765e-4689-b759-17f9bf3914d5/datanode-2/data/ratis/16412177-ab87-4f0a-9bab-5723aae7d50b
2023-02-22 04:44:59,311 [pool-171-thread-1] INFO  server.RaftServerConfigKeys (ConfUtils.java:logGet(46)) - raft.server.log.queue.byte-limit = 4294967296 (custom)
2023-02-22 04:44:59,311 [pool-171-thread-1] INFO  server.RaftServerConfigKeys (ConfUtils.java:logGet(46)) - raft.server.log.queue.element-limit = 1024 (custom)
2023-02-22 04:44:59,311 [pool-171-thread-1] INFO  server.RaftServerConfigKeys (ConfUtils.java:logGet(46)) - raft.server.log.segment.size.max = 1048576 (custom)
2023-02-22 04:44:59,313 [pool-171-thread-1] INFO  server.RaftServerConfigKeys (ConfUtils.java:logGet(46)) - raft.server.log.preallocated.size = 16384 (custom)
2023-02-22 04:44:59,313 [pool-171-thread-1] INFO  server.RaftServerConfigKeys (ConfUtils.java:logGet(46)) - raft.server.log.force.sync.num = 128 (default)
2023-02-22 04:44:59,313 [pool-171-thread-1] INFO  server.RaftServerConfigKeys (ConfUtils.java:logGet(46)) - raft.server.log.statemachine.data.sync = true (default)
2023-02-22 04:44:59,313 [pool-171-thread-1] INFO  server.RaftServerConfigKeys (ConfUtils.java:logGet(46)) - raft.server.log.statemachine.data.sync.timeout = 10s (default)
2023-02-22 04:44:59,313 [pool-171-thread-1] INFO  server.RaftServerConfigKeys (ConfUtils.java:logGet(46)) - raft.server.log.statemachine.data.sync.timeout.retry = -1 (default)
2023-02-22 04:44:59,314 [pool-171-thread-1] INFO  server.RaftServerConfigKeys (ConfUtils.java:logGet(46)) - raft.server.log.write.buffer.size = 1048576 (custom)
2023-02-22 04:44:59,314 [pool-171-thread-1] INFO  server.RaftServerConfigKeys (ConfUtils.java:logGet(46)) - raft.server.log.appender.buffer.byte-limit = 33554432 (custom)
2023-02-22 04:44:59,317 [pool-171-thread-1] INFO  server.RaftServerConfigKeys (ConfUtils.java:logGet(46)) - raft.server.log.unsafe-flush.enabled = false (default)
2023-02-22 04:44:59,318 [pool-171-thread-1] INFO  server.RaftServerConfigKeys (ConfUtils.java:logGet(46)) - raft.server.log.async-flush.enabled = false (default)
2023-02-22 04:44:59,318 [pool-171-thread-1] INFO  server.RaftServerConfigKeys (ConfUtils.java:logGet(46)) - raft.server.log.statemachine.data.caching.enabled = true (custom)
2023-02-22 04:44:59,318 [pool-171-thread-1] INFO  segmented.SegmentedRaftLogWorker (SegmentedRaftLogWorker.java:lambda$new$0(135)) - f9f5dbe8-91d3-4a2a-a4dd-ba97f25f1f6e@group-5723AAE7D50B-SegmentedRaftLogWorker: flushIndex: setUnconditionally 0 -> -1
2023-02-22 04:44:59,318 [pool-171-thread-1] INFO  segmented.SegmentedRaftLogWorker (SegmentedRaftLogWorker.java:lambda$new$0(135)) - f9f5dbe8-91d3-4a2a-a4dd-ba97f25f1f6e@group-5723AAE7D50B-SegmentedRaftLogWorker: safeCacheEvictIndex: setUnconditionally 0 -> -1
2023-02-22 04:44:59,321 [pool-171-thread-1] INFO  server.RaftServer$Division (RaftServerImpl.java:start(334)) - f9f5dbe8-91d3-4a2a-a4dd-ba97f25f1f6e@group-5723AAE7D50B: start as a follower, conf=-1: peers:[f9f5dbe8-91d3-4a2a-a4dd-ba97f25f1f6e|rpc:10.1.78.0:40235|dataStream:10.1.78.0:42699|priority:0|startupRole:FOLLOWER, c33c6748-58a2-4781-a6a3-3a6f81ff3630|rpc:10.1.78.0:37425|dataStream:10.1.78.0:39407|priority:1|startupRole:FOLLOWER, fca85417-4002-4831-843c-2e02b9319828|rpc:10.1.78.0:40073|dataStream:10.1.78.0:33265|priority:0|startupRole:FOLLOWER]|listeners:[], old=null
2023-02-22 04:44:59,321 [pool-171-thread-1] INFO  server.RaftServer$Division (RaftServerImpl.java:setRole(321)) - f9f5dbe8-91d3-4a2a-a4dd-ba97f25f1f6e@group-5723AAE7D50B: changes role from      null to FOLLOWER at term 0 for startAsFollower
2023-02-22 04:44:59,321 [pool-171-thread-1] INFO  impl.RoleInfo (RoleInfo.java:updateAndGet(139)) - f9f5dbe8-91d3-4a2a-a4dd-ba97f25f1f6e: start f9f5dbe8-91d3-4a2a-a4dd-ba97f25f1f6e@group-5723AAE7D50B-FollowerState
2023-02-22 04:44:59,322 [pool-171-thread-1] INFO  util.JmxRegister (JmxRegister.java:tryRegister(44)) - Successfully registered JMX Bean with object name Ratis:service=RaftServer,group=group-5723AAE7D50B,id=f9f5dbe8-91d3-4a2a-a4dd-ba97f25f1f6e
2023-02-22 04:44:59,322 [pool-171-thread-1] INFO  server.RaftServerConfigKeys (ConfUtils.java:logGet(46)) - raft.server.snapshot.auto.trigger.enabled = true (custom)
2023-02-22 04:44:59,322 [pool-171-thread-1] INFO  server.RaftServerConfigKeys (ConfUtils.java:logGet(46)) - raft.server.snapshot.auto.trigger.threshold = 10000 (custom)
2023-02-22 04:44:59,322 [pool-171-thread-1] INFO  server.RaftServerConfigKeys (ConfUtils.java:logGet(46)) - raft.server.snapshot.retention.file.num = 5 (custom)
2023-02-22 04:44:59,322 [pool-171-thread-1] INFO  server.RaftServerConfigKeys (ConfUtils.java:logGet(46)) - raft.server.log.purge.upto.snapshot.index = false (default)
2023-02-22 04:44:59,323 [f9f5dbe8-91d3-4a2a-a4dd-ba97f25f1f6e@group-5723AAE7D50B-FollowerState] INFO  server.RaftServerConfigKeys (ConfUtils.java:logFallback(53)) - raft.server.rpc.first-election.timeout.min = 5s (fallback to raft.server.rpc.timeout.min)
2023-02-22 04:44:59,335 [f9f5dbe8-91d3-4a2a-a4dd-ba97f25f1f6e@group-5723AAE7D50B-FollowerState] INFO  server.RaftServerConfigKeys (ConfUtils.java:logFallback(53)) - raft.server.rpc.first-election.timeout.max = 5200ms (fallback to raft.server.rpc.timeout.max)
2023-02-22 04:44:59,374 [grpc-default-executor-3] INFO  server.RaftServer (RaftServerProxy.java:addNew(96)) - c33c6748-58a2-4781-a6a3-3a6f81ff3630: addNew group-5723AAE7D50B:[f9f5dbe8-91d3-4a2a-a4dd-ba97f25f1f6e|rpc:10.1.78.0:40235|dataStream:10.1.78.0:42699|priority:0|startupRole:FOLLOWER, c33c6748-58a2-4781-a6a3-3a6f81ff3630|rpc:10.1.78.0:37425|dataStream:10.1.78.0:39407|priority:1|startupRole:FOLLOWER, fca85417-4002-4831-843c-2e02b9319828|rpc:10.1.78.0:40073|dataStream:10.1.78.0:33265|priority:0|startupRole:FOLLOWER] returns group-5723AAE7D50B:java.util.concurrent.CompletableFuture@6c92b0b0[Not completed]
2023-02-22 04:44:59,376 [pool-149-thread-1] INFO  server.RaftServer$Division (RaftServerImpl.java:<init>(195)) - c33c6748-58a2-4781-a6a3-3a6f81ff3630: new RaftServerImpl for group-5723AAE7D50B:[f9f5dbe8-91d3-4a2a-a4dd-ba97f25f1f6e|rpc:10.1.78.0:40235|dataStream:10.1.78.0:42699|priority:0|startupRole:FOLLOWER, c33c6748-58a2-4781-a6a3-3a6f81ff3630|rpc:10.1.78.0:37425|dataStream:10.1.78.0:39407|priority:1|startupRole:FOLLOWER, fca85417-4002-4831-843c-2e02b9319828|rpc:10.1.78.0:40073|dataStream:10.1.78.0:33265|priority:0|startupRole:FOLLOWER] with ContainerStateMachine:uninitialized
2023-02-22 04:44:59,376 [pool-149-thread-1] INFO  server.RaftServerConfigKeys (ConfUtils.java:logGet(46)) - raft.server.rpc.timeout.min = 5s (custom)
2023-02-22 04:44:59,376 [pool-149-thread-1] INFO  server.RaftServerConfigKeys (ConfUtils.java:logGet(46)) - raft.server.rpc.timeout.max = 5200ms (custom)
2023-02-22 04:44:59,376 [pool-149-thread-1] INFO  server.RaftServerConfigKeys (ConfUtils.java:logGet(46)) - raft.server.rpc.sleep.time = 25ms (default)
2023-02-22 04:44:59,376 [pool-149-thread-1] INFO  server.RaftServerConfigKeys (ConfUtils.java:logGet(46)) - raft.server.rpc.slowness.timeout = 300s (custom)
2023-02-22 04:44:59,376 [pool-149-thread-1] INFO  server.RaftServerConfigKeys (ConfUtils.java:logGet(46)) - raft.server.leaderelection.leader.step-down.wait-time = 10s (default)
2023-02-22 04:44:59,376 [pool-149-thread-1] INFO  server.RaftServerConfigKeys (ConfUtils.java:logGet(46)) - raft.server.sleep.deviation.threshold = 300ms (default)
2023-02-22 04:44:59,376 [pool-149-thread-1] INFO  server.RaftServer$Division (ServerState.java:<init>(118)) - c33c6748-58a2-4781-a6a3-3a6f81ff3630@group-5723AAE7D50B: ConfigurationManager, init=-1: peers:[f9f5dbe8-91d3-4a2a-a4dd-ba97f25f1f6e|rpc:10.1.78.0:40235|dataStream:10.1.78.0:42699|priority:0|startupRole:FOLLOWER, c33c6748-58a2-4781-a6a3-3a6f81ff3630|rpc:10.1.78.0:37425|dataStream:10.1.78.0:39407|priority:1|startupRole:FOLLOWER, fca85417-4002-4831-843c-2e02b9319828|rpc:10.1.78.0:40073|dataStream:10.1.78.0:33265|priority:0|startupRole:FOLLOWER]|listeners:[], old=null, confs=<EMPTY_MAP>
2023-02-22 04:44:59,376 [pool-149-thread-1] INFO  server.RaftServerConfigKeys (ConfUtils.java:logGet(46)) - raft.server.storage.dir = [/home/runner/work/ozone/ozone/hadoop-ozone/integration-test/target/test-dir/MiniOzoneClusterImpl-23364813-765e-4689-b759-17f9bf3914d5/datanode-1/data/ratis] (custom)
2023-02-22 04:44:59,376 [pool-149-thread-1] INFO  server.RaftServerConfigKeys (ConfUtils.java:logGet(46)) - raft.server.log.corruption.policy = EXCEPTION (default)
2023-02-22 04:44:59,376 [pool-149-thread-1] INFO  server.RaftServerConfigKeys (ConfUtils.java:logGet(46)) - raft.server.storage.free-space.min = 0MB (=0) (default)
2023-02-22 04:44:59,376 [pool-149-thread-1] INFO  server.RaftServerConfigKeys (ConfUtils.java:logGet(46)) - raft.server.notification.no-leader.timeout = 300s (custom)
2023-02-22 04:44:59,377 [pool-149-thread-1] INFO  server.RaftServerConfigKeys (ConfUtils.java:logGet(46)) - raft.server.retrycache.expirytime = 600000ms (custom)
2023-02-22 04:44:59,377 [pool-149-thread-1] INFO  server.RaftServerConfigKeys (ConfUtils.java:logGet(46)) - raft.server.retrycache.statistics.expirytime = 100μs (default)
2023-02-22 04:44:59,378 [pool-149-thread-1] INFO  server.RaftServerConfigKeys (ConfUtils.java:logGet(46)) - raft.server.log.appender.install.snapshot.enabled = false (custom)
2023-02-22 04:44:59,378 [pool-149-thread-1] INFO  server.RaftServerConfigKeys (ConfUtils.java:logGet(46)) - raft.server.threadpool.server.cached = true (default)
2023-02-22 04:44:59,378 [pool-149-thread-1] INFO  server.RaftServerConfigKeys (ConfUtils.java:logGet(46)) - raft.server.threadpool.server.size = 0 (default)
2023-02-22 04:44:59,378 [pool-149-thread-1] INFO  server.RaftServerConfigKeys (ConfUtils.java:logGet(46)) - raft.server.threadpool.client.cached = true (default)
2023-02-22 04:44:59,378 [pool-149-thread-1] INFO  server.RaftServerConfigKeys (ConfUtils.java:logGet(46)) - raft.server.threadpool.client.size = 0 (default)
2023-02-22 04:44:59,379 [pool-149-thread-1] INFO  storage.RaftStorageDirectory (RaftStorageDirectoryImpl.java:analyzeStorage(137)) - The storage directory /home/runner/work/ozone/ozone/hadoop-ozone/integration-test/target/test-dir/MiniOzoneClusterImpl-23364813-765e-4689-b759-17f9bf3914d5/datanode-1/data/ratis/16412177-ab87-4f0a-9bab-5723aae7d50b does not exist. Creating ...
2023-02-22 04:44:59,379 [pool-149-thread-1] INFO  storage.RaftStorageDirectory (RaftStorageDirectoryImpl.java:tryLock(231)) - Lock on /home/runner/work/ozone/ozone/hadoop-ozone/integration-test/target/test-dir/MiniOzoneClusterImpl-23364813-765e-4689-b759-17f9bf3914d5/datanode-1/data/ratis/16412177-ab87-4f0a-9bab-5723aae7d50b/in_use.lock acquired by nodename 93364@fv-az748-120
2023-02-22 04:44:59,380 [pool-149-thread-1] INFO  storage.RaftStorage (RaftStorageImpl.java:format(96)) - Storage directory /home/runner/work/ozone/ozone/hadoop-ozone/integration-test/target/test-dir/MiniOzoneClusterImpl-23364813-765e-4689-b759-17f9bf3914d5/datanode-1/data/ratis/16412177-ab87-4f0a-9bab-5723aae7d50b has been successfully formatted.
2023-02-22 04:44:59,381 [pool-149-thread-1] INFO  ratis.ContainerStateMachine (ContainerStateMachine.java:loadSnapshot(240)) - group-5723AAE7D50B: The snapshot info is null. Setting the last applied indexto:(t:0, i:~)
2023-02-22 04:44:59,381 [pool-149-thread-1] INFO  server.RaftServerConfigKeys (ConfUtils.java:logGet(46)) - raft.server.log.use.memory = false (default)
2023-02-22 04:44:59,381 [pool-149-thread-1] INFO  server.RaftServerConfigKeys (ConfUtils.java:logGet(46)) - raft.server.log.purge.gap = 1000000 (custom)
2023-02-22 04:44:59,381 [pool-149-thread-1] INFO  server.RaftServerConfigKeys (ConfUtils.java:logGet(46)) - raft.server.log.appender.buffer.byte-limit = 33554432 (custom)
2023-02-22 04:44:59,382 [pool-149-thread-1] INFO  server.RaftServerConfigKeys (ConfUtils.java:logGet(46)) - raft.server.log.statemachine.data.read.timeout = 1000ms (default)
2023-02-22 04:44:59,382 [pool-149-thread-1] INFO  server.RaftServerConfigKeys (ConfUtils.java:logGet(46)) - raft.server.log.purge.preservation.log.num = 0 (default)
2023-02-22 04:44:59,382 [pool-149-thread-1] INFO  server.RaftServerConfigKeys (ConfUtils.java:logGet(46)) - raft.server.log.segment.size.max = 1048576 (custom)
2023-02-22 04:44:59,385 [pool-149-thread-1] INFO  server.RaftServerConfigKeys (ConfUtils.java:logGet(46)) - raft.server.log.segment.cache.num.max = 2 (custom)
2023-02-22 04:44:59,385 [pool-149-thread-1] INFO  server.RaftServerConfigKeys (ConfUtils.java:logGet(46)) - raft.server.log.segment.cache.size.max = 200MB (=209715200) (default)
2023-02-22 04:44:59,385 [pool-149-thread-1] INFO  segmented.SegmentedRaftLogWorker (SegmentedRaftLogWorker.java:<init>(189)) - new c33c6748-58a2-4781-a6a3-3a6f81ff3630@group-5723AAE7D50B-SegmentedRaftLogWorker for RaftStorageImpl:Storage Directory /home/runner/work/ozone/ozone/hadoop-ozone/integration-test/target/test-dir/MiniOzoneClusterImpl-23364813-765e-4689-b759-17f9bf3914d5/datanode-1/data/ratis/16412177-ab87-4f0a-9bab-5723aae7d50b
2023-02-22 04:44:59,385 [pool-149-thread-1] INFO  server.RaftServerConfigKeys (ConfUtils.java:logGet(46)) - raft.server.log.queue.byte-limit = 4294967296 (custom)
2023-02-22 04:44:59,386 [pool-149-thread-1] INFO  server.RaftServerConfigKeys (ConfUtils.java:logGet(46)) - raft.server.log.queue.element-limit = 1024 (custom)
2023-02-22 04:44:59,386 [pool-149-thread-1] INFO  server.RaftServerConfigKeys (ConfUtils.java:logGet(46)) - raft.server.log.segment.size.max = 1048576 (custom)
2023-02-22 04:44:59,386 [pool-149-thread-1] INFO  server.RaftServerConfigKeys (ConfUtils.java:logGet(46)) - raft.server.log.preallocated.size = 16384 (custom)
2023-02-22 04:44:59,386 [pool-149-thread-1] INFO  server.RaftServerConfigKeys (ConfUtils.java:logGet(46)) - raft.server.log.force.sync.num = 128 (default)
2023-02-22 04:44:59,386 [pool-149-thread-1] INFO  server.RaftServerConfigKeys (ConfUtils.java:logGet(46)) - raft.server.log.statemachine.data.sync = true (default)
2023-02-22 04:44:59,386 [pool-149-thread-1] INFO  server.RaftServerConfigKeys (ConfUtils.java:logGet(46)) - raft.server.log.statemachine.data.sync.timeout = 10s (default)
2023-02-22 04:44:59,386 [pool-149-thread-1] INFO  server.RaftServerConfigKeys (ConfUtils.java:logGet(46)) - raft.server.log.statemachine.data.sync.timeout.retry = -1 (default)
2023-02-22 04:44:59,386 [pool-149-thread-1] INFO  server.RaftServerConfigKeys (ConfUtils.java:logGet(46)) - raft.server.log.write.buffer.size = 1048576 (custom)
2023-02-22 04:44:59,387 [pool-149-thread-1] INFO  server.RaftServerConfigKeys (ConfUtils.java:logGet(46)) - raft.server.log.appender.buffer.byte-limit = 33554432 (custom)
2023-02-22 04:44:59,390 [pool-149-thread-1] INFO  server.RaftServerConfigKeys (ConfUtils.java:logGet(46)) - raft.server.log.unsafe-flush.enabled = false (default)
2023-02-22 04:44:59,390 [pool-149-thread-1] INFO  server.RaftServerConfigKeys (ConfUtils.java:logGet(46)) - raft.server.log.async-flush.enabled = false (default)
2023-02-22 04:44:59,390 [pool-149-thread-1] INFO  server.RaftServerConfigKeys (ConfUtils.java:logGet(46)) - raft.server.log.statemachine.data.caching.enabled = true (custom)
2023-02-22 04:44:59,390 [pool-149-thread-1] INFO  segmented.SegmentedRaftLogWorker (SegmentedRaftLogWorker.java:lambda$new$0(135)) - c33c6748-58a2-4781-a6a3-3a6f81ff3630@group-5723AAE7D50B-SegmentedRaftLogWorker: flushIndex: setUnconditionally 0 -> -1
2023-02-22 04:44:59,390 [pool-149-thread-1] INFO  segmented.SegmentedRaftLogWorker (SegmentedRaftLogWorker.java:lambda$new$0(135)) - c33c6748-58a2-4781-a6a3-3a6f81ff3630@group-5723AAE7D50B-SegmentedRaftLogWorker: safeCacheEvictIndex: setUnconditionally 0 -> -1
2023-02-22 04:44:59,390 [pool-149-thread-1] INFO  server.RaftServer$Division (RaftServerImpl.java:start(334)) - c33c6748-58a2-4781-a6a3-3a6f81ff3630@group-5723AAE7D50B: start as a follower, conf=-1: peers:[f9f5dbe8-91d3-4a2a-a4dd-ba97f25f1f6e|rpc:10.1.78.0:40235|dataStream:10.1.78.0:42699|priority:0|startupRole:FOLLOWER, c33c6748-58a2-4781-a6a3-3a6f81ff3630|rpc:10.1.78.0:37425|dataStream:10.1.78.0:39407|priority:1|startupRole:FOLLOWER, fca85417-4002-4831-843c-2e02b9319828|rpc:10.1.78.0:40073|dataStream:10.1.78.0:33265|priority:0|startupRole:FOLLOWER]|listeners:[], old=null
2023-02-22 04:44:59,390 [pool-149-thread-1] INFO  server.RaftServer$Division (RaftServerImpl.java:setRole(321)) - c33c6748-58a2-4781-a6a3-3a6f81ff3630@group-5723AAE7D50B: changes role from      null to FOLLOWER at term 0 for startAsFollower
2023-02-22 04:44:59,390 [pool-149-thread-1] INFO  impl.RoleInfo (RoleInfo.java:updateAndGet(139)) - c33c6748-58a2-4781-a6a3-3a6f81ff3630: start c33c6748-58a2-4781-a6a3-3a6f81ff3630@group-5723AAE7D50B-FollowerState
2023-02-22 04:44:59,393 [pool-149-thread-1] INFO  util.JmxRegister (JmxRegister.java:tryRegister(44)) - Successfully registered JMX Bean with object name Ratis:service=RaftServer,group=group-5723AAE7D50B,id=c33c6748-58a2-4781-a6a3-3a6f81ff3630
2023-02-22 04:44:59,393 [pool-149-thread-1] INFO  server.RaftServerConfigKeys (ConfUtils.java:logGet(46)) - raft.server.snapshot.auto.trigger.enabled = true (custom)
2023-02-22 04:44:59,393 [pool-149-thread-1] INFO  server.RaftServerConfigKeys (ConfUtils.java:logGet(46)) - raft.server.snapshot.auto.trigger.threshold = 10000 (custom)
2023-02-22 04:44:59,393 [pool-149-thread-1] INFO  server.RaftServerConfigKeys (ConfUtils.java:logGet(46)) - raft.server.snapshot.retention.file.num = 5 (custom)
2023-02-22 04:44:59,393 [pool-149-thread-1] INFO  server.RaftServerConfigKeys (ConfUtils.java:logGet(46)) - raft.server.log.purge.upto.snapshot.index = false (default)
2023-02-22 04:44:59,394 [c33c6748-58a2-4781-a6a3-3a6f81ff3630@group-5723AAE7D50B-FollowerState] INFO  server.RaftServerConfigKeys (ConfUtils.java:logFallback(53)) - raft.server.rpc.first-election.timeout.min = 5s (fallback to raft.server.rpc.timeout.min)
2023-02-22 04:44:59,396 [c33c6748-58a2-4781-a6a3-3a6f81ff3630@group-5723AAE7D50B-FollowerState] INFO  server.RaftServerConfigKeys (ConfUtils.java:logFallback(53)) - raft.server.rpc.first-election.timeout.max = 5200ms (fallback to raft.server.rpc.timeout.max)
2023-02-22 04:44:59,403 [Command processor thread] INFO  commandhandler.CreatePipelineCommandHandler (CreatePipelineCommandHandler.java:handle(113)) - Created Pipeline RATIS THREE PipelineID=16412177-ab87-4f0a-9bab-5723aae7d50b.
2023-02-22 04:44:59,403 [Command processor thread] INFO  server.RaftServer (RaftServerProxy.java:addNew(96)) - fca85417-4002-4831-843c-2e02b9319828: addNew group-51AD6A8C08FA:[f9f5dbe8-91d3-4a2a-a4dd-ba97f25f1f6e|rpc:10.1.78.0:40235|dataStream:10.1.78.0:42699|priority:0|startupRole:FOLLOWER, c33c6748-58a2-4781-a6a3-3a6f81ff3630|rpc:10.1.78.0:37425|dataStream:10.1.78.0:39407|priority:0|startupRole:FOLLOWER, fca85417-4002-4831-843c-2e02b9319828|rpc:10.1.78.0:40073|dataStream:10.1.78.0:33265|priority:1|startupRole:FOLLOWER] returns group-51AD6A8C08FA:java.util.concurrent.CompletableFuture@4c144878[Not completed]
2023-02-22 04:44:59,404 [pool-127-thread-1] INFO  server.RaftServer$Division (RaftServerImpl.java:<init>(195)) - fca85417-4002-4831-843c-2e02b9319828: new RaftServerImpl for group-51AD6A8C08FA:[f9f5dbe8-91d3-4a2a-a4dd-ba97f25f1f6e|rpc:10.1.78.0:40235|dataStream:10.1.78.0:42699|priority:0|startupRole:FOLLOWER, c33c6748-58a2-4781-a6a3-3a6f81ff3630|rpc:10.1.78.0:37425|dataStream:10.1.78.0:39407|priority:0|startupRole:FOLLOWER, fca85417-4002-4831-843c-2e02b9319828|rpc:10.1.78.0:40073|dataStream:10.1.78.0:33265|priority:1|startupRole:FOLLOWER] with ContainerStateMachine:uninitialized
2023-02-22 04:44:59,404 [pool-127-thread-1] INFO  server.RaftServerConfigKeys (ConfUtils.java:logGet(46)) - raft.server.rpc.timeout.min = 5s (custom)
2023-02-22 04:44:59,404 [pool-127-thread-1] INFO  server.RaftServerConfigKeys (ConfUtils.java:logGet(46)) - raft.server.rpc.timeout.max = 5200ms (custom)
2023-02-22 04:44:59,404 [pool-127-thread-1] INFO  server.RaftServerConfigKeys (ConfUtils.java:logGet(46)) - raft.server.rpc.sleep.time = 25ms (default)
2023-02-22 04:44:59,404 [pool-127-thread-1] INFO  server.RaftServerConfigKeys (ConfUtils.java:logGet(46)) - raft.server.rpc.slowness.timeout = 300s (custom)
2023-02-22 04:44:59,404 [pool-127-thread-1] INFO  server.RaftServerConfigKeys (ConfUtils.java:logGet(46)) - raft.server.leaderelection.leader.step-down.wait-time = 10s (default)
2023-02-22 04:44:59,404 [pool-127-thread-1] INFO  server.RaftServerConfigKeys (ConfUtils.java:logGet(46)) - raft.server.sleep.deviation.threshold = 300ms (default)
2023-02-22 04:44:59,404 [pool-127-thread-1] INFO  server.RaftServer$Division (ServerState.java:<init>(118)) - fca85417-4002-4831-843c-2e02b9319828@group-51AD6A8C08FA: ConfigurationManager, init=-1: peers:[f9f5dbe8-91d3-4a2a-a4dd-ba97f25f1f6e|rpc:10.1.78.0:40235|dataStream:10.1.78.0:42699|priority:0|startupRole:FOLLOWER, c33c6748-58a2-4781-a6a3-3a6f81ff3630|rpc:10.1.78.0:37425|dataStream:10.1.78.0:39407|priority:0|startupRole:FOLLOWER, fca85417-4002-4831-843c-2e02b9319828|rpc:10.1.78.0:40073|dataStream:10.1.78.0:33265|priority:1|startupRole:FOLLOWER]|listeners:[], old=null, confs=<EMPTY_MAP>
2023-02-22 04:44:59,405 [pool-127-thread-1] INFO  server.RaftServerConfigKeys (ConfUtils.java:logGet(46)) - raft.server.storage.dir = [/home/runner/work/ozone/ozone/hadoop-ozone/integration-test/target/test-dir/MiniOzoneClusterImpl-23364813-765e-4689-b759-17f9bf3914d5/datanode-0/data/ratis] (custom)
2023-02-22 04:44:59,405 [pool-127-thread-1] INFO  server.RaftServerConfigKeys (ConfUtils.java:logGet(46)) - raft.server.log.corruption.policy = EXCEPTION (default)
2023-02-22 04:44:59,405 [pool-127-thread-1] INFO  server.RaftServerConfigKeys (ConfUtils.java:logGet(46)) - raft.server.storage.free-space.min = 0MB (=0) (default)
2023-02-22 04:44:59,405 [pool-127-thread-1] INFO  server.RaftServerConfigKeys (ConfUtils.java:logGet(46)) - raft.server.notification.no-leader.timeout = 300s (custom)
2023-02-22 04:44:59,405 [pool-127-thread-1] INFO  server.RaftServerConfigKeys (ConfUtils.java:logGet(46)) - raft.server.retrycache.expirytime = 600000ms (custom)
2023-02-22 04:44:59,405 [pool-127-thread-1] INFO  server.RaftServerConfigKeys (ConfUtils.java:logGet(46)) - raft.server.retrycache.statistics.expirytime = 100μs (default)
2023-02-22 04:44:59,406 [pool-127-thread-1] INFO  server.RaftServerConfigKeys (ConfUtils.java:logGet(46)) - raft.server.log.appender.install.snapshot.enabled = false (custom)
2023-02-22 04:44:59,406 [pool-127-thread-1] INFO  server.RaftServerConfigKeys (ConfUtils.java:logGet(46)) - raft.server.threadpool.server.cached = true (default)
2023-02-22 04:44:59,406 [pool-127-thread-1] INFO  server.RaftServerConfigKeys (ConfUtils.java:logGet(46)) - raft.server.threadpool.server.size = 0 (default)
2023-02-22 04:44:59,406 [pool-127-thread-1] INFO  server.RaftServerConfigKeys (ConfUtils.java:logGet(46)) - raft.server.threadpool.client.cached = true (default)
2023-02-22 04:44:59,406 [pool-127-thread-1] INFO  server.RaftServerConfigKeys (ConfUtils.java:logGet(46)) - raft.server.threadpool.client.size = 0 (default)
2023-02-22 04:44:59,406 [pool-127-thread-1] INFO  storage.RaftStorageDirectory (RaftStorageDirectoryImpl.java:analyzeStorage(137)) - The storage directory /home/runner/work/ozone/ozone/hadoop-ozone/integration-test/target/test-dir/MiniOzoneClusterImpl-23364813-765e-4689-b759-17f9bf3914d5/datanode-0/data/ratis/d16cb455-975d-4849-98a2-51ad6a8c08fa does not exist. Creating ...
2023-02-22 04:44:59,409 [pool-127-thread-1] INFO  storage.RaftStorageDirectory (RaftStorageDirectoryImpl.java:tryLock(231)) - Lock on /home/runner/work/ozone/ozone/hadoop-ozone/integration-test/target/test-dir/MiniOzoneClusterImpl-23364813-765e-4689-b759-17f9bf3914d5/datanode-0/data/ratis/d16cb455-975d-4849-98a2-51ad6a8c08fa/in_use.lock acquired by nodename 93364@fv-az748-120
2023-02-22 04:44:59,410 [pool-127-thread-1] INFO  storage.RaftStorage (RaftStorageImpl.java:format(96)) - Storage directory /home/runner/work/ozone/ozone/hadoop-ozone/integration-test/target/test-dir/MiniOzoneClusterImpl-23364813-765e-4689-b759-17f9bf3914d5/datanode-0/data/ratis/d16cb455-975d-4849-98a2-51ad6a8c08fa has been successfully formatted.
2023-02-22 04:44:59,411 [pool-127-thread-1] INFO  ratis.ContainerStateMachine (ContainerStateMachine.java:loadSnapshot(240)) - group-51AD6A8C08FA: The snapshot info is null. Setting the last applied indexto:(t:0, i:~)
2023-02-22 04:44:59,412 [pool-127-thread-1] INFO  server.RaftServerConfigKeys (ConfUtils.java:logGet(46)) - raft.server.log.use.memory = false (default)
2023-02-22 04:44:59,412 [pool-127-thread-1] INFO  server.RaftServerConfigKeys (ConfUtils.java:logGet(46)) - raft.server.log.purge.gap = 1000000 (custom)
2023-02-22 04:44:59,412 [pool-127-thread-1] INFO  server.RaftServerConfigKeys (ConfUtils.java:logGet(46)) - raft.server.log.appender.buffer.byte-limit = 33554432 (custom)
2023-02-22 04:44:59,412 [pool-127-thread-1] INFO  server.RaftServerConfigKeys (ConfUtils.java:logGet(46)) - raft.server.log.statemachine.data.read.timeout = 1000ms (default)
2023-02-22 04:44:59,412 [pool-127-thread-1] INFO  server.RaftServerConfigKeys (ConfUtils.java:logGet(46)) - raft.server.log.purge.preservation.log.num = 0 (default)
2023-02-22 04:44:59,412 [pool-127-thread-1] INFO  server.RaftServerConfigKeys (ConfUtils.java:logGet(46)) - raft.server.log.segment.size.max = 1048576 (custom)
2023-02-22 04:44:59,412 [EventQueue-OpenPipelineForHealthyPipelineSafeModeRule] INFO  safemode.SCMSafeModeManager (HealthyPipelineSafeModeRule.java:process(137)) - SCM in safe mode. Healthy pipelines reported count is 0, required healthy pipeline reported count is 1
2023-02-22 04:44:59,421 [pool-127-thread-1] INFO  server.RaftServerConfigKeys (ConfUtils.java:logGet(46)) - raft.server.log.segment.cache.num.max = 2 (custom)
2023-02-22 04:44:59,422 [pool-127-thread-1] INFO  server.RaftServerConfigKeys (ConfUtils.java:logGet(46)) - raft.server.log.segment.cache.size.max = 200MB (=209715200) (default)
2023-02-22 04:44:59,422 [pool-127-thread-1] INFO  segmented.SegmentedRaftLogWorker (SegmentedRaftLogWorker.java:<init>(189)) - new fca85417-4002-4831-843c-2e02b9319828@group-51AD6A8C08FA-SegmentedRaftLogWorker for RaftStorageImpl:Storage Directory /home/runner/work/ozone/ozone/hadoop-ozone/integration-test/target/test-dir/MiniOzoneClusterImpl-23364813-765e-4689-b759-17f9bf3914d5/datanode-0/data/ratis/d16cb455-975d-4849-98a2-51ad6a8c08fa
2023-02-22 04:44:59,423 [pool-127-thread-1] INFO  server.RaftServerConfigKeys (ConfUtils.java:logGet(46)) - raft.server.log.queue.byte-limit = 4294967296 (custom)
2023-02-22 04:44:59,423 [pool-127-thread-1] INFO  server.RaftServerConfigKeys (ConfUtils.java:logGet(46)) - raft.server.log.queue.element-limit = 1024 (custom)
2023-02-22 04:44:59,423 [pool-127-thread-1] INFO  server.RaftServerConfigKeys (ConfUtils.java:logGet(46)) - raft.server.log.segment.size.max = 1048576 (custom)
2023-02-22 04:44:59,423 [pool-127-thread-1] INFO  server.RaftServerConfigKeys (ConfUtils.java:logGet(46)) - raft.server.log.preallocated.size = 16384 (custom)
2023-02-22 04:44:59,423 [pool-127-thread-1] INFO  server.RaftServerConfigKeys (ConfUtils.java:logGet(46)) - raft.server.log.force.sync.num = 128 (default)
2023-02-22 04:44:59,423 [pool-127-thread-1] INFO  server.RaftServerConfigKeys (ConfUtils.java:logGet(46)) - raft.server.log.statemachine.data.sync = true (default)
2023-02-22 04:44:59,423 [pool-127-thread-1] INFO  server.RaftServerConfigKeys (ConfUtils.java:logGet(46)) - raft.server.log.statemachine.data.sync.timeout = 10s (default)
2023-02-22 04:44:59,423 [pool-127-thread-1] INFO  server.RaftServerConfigKeys (ConfUtils.java:logGet(46)) - raft.server.log.statemachine.data.sync.timeout.retry = -1 (default)
2023-02-22 04:44:59,423 [pool-127-thread-1] INFO  server.RaftServerConfigKeys (ConfUtils.java:logGet(46)) - raft.server.log.write.buffer.size = 1048576 (custom)
2023-02-22 04:44:59,424 [pool-127-thread-1] INFO  server.RaftServerConfigKeys (ConfUtils.java:logGet(46)) - raft.server.log.appender.buffer.byte-limit = 33554432 (custom)
2023-02-22 04:44:59,427 [pool-127-thread-1] INFO  server.RaftServerConfigKeys (ConfUtils.java:logGet(46)) - raft.server.log.unsafe-flush.enabled = false (default)
2023-02-22 04:44:59,427 [pool-127-thread-1] INFO  server.RaftServerConfigKeys (ConfUtils.java:logGet(46)) - raft.server.log.async-flush.enabled = false (default)
2023-02-22 04:44:59,427 [pool-127-thread-1] INFO  server.RaftServerConfigKeys (ConfUtils.java:logGet(46)) - raft.server.log.statemachine.data.caching.enabled = true (custom)
2023-02-22 04:44:59,427 [pool-127-thread-1] INFO  segmented.SegmentedRaftLogWorker (SegmentedRaftLogWorker.java:lambda$new$0(135)) - fca85417-4002-4831-843c-2e02b9319828@group-51AD6A8C08FA-SegmentedRaftLogWorker: flushIndex: setUnconditionally 0 -> -1
2023-02-22 04:44:59,427 [pool-127-thread-1] INFO  segmented.SegmentedRaftLogWorker (SegmentedRaftLogWorker.java:lambda$new$0(135)) - fca85417-4002-4831-843c-2e02b9319828@group-51AD6A8C08FA-SegmentedRaftLogWorker: safeCacheEvictIndex: setUnconditionally 0 -> -1
2023-02-22 04:44:59,428 [pool-127-thread-1] INFO  server.RaftServer$Division (RaftServerImpl.java:start(334)) - fca85417-4002-4831-843c-2e02b9319828@group-51AD6A8C08FA: start as a follower, conf=-1: peers:[f9f5dbe8-91d3-4a2a-a4dd-ba97f25f1f6e|rpc:10.1.78.0:40235|dataStream:10.1.78.0:42699|priority:0|startupRole:FOLLOWER, c33c6748-58a2-4781-a6a3-3a6f81ff3630|rpc:10.1.78.0:37425|dataStream:10.1.78.0:39407|priority:0|startupRole:FOLLOWER, fca85417-4002-4831-843c-2e02b9319828|rpc:10.1.78.0:40073|dataStream:10.1.78.0:33265|priority:1|startupRole:FOLLOWER]|listeners:[], old=null
2023-02-22 04:44:59,428 [pool-127-thread-1] INFO  server.RaftServer$Division (RaftServerImpl.java:setRole(321)) - fca85417-4002-4831-843c-2e02b9319828@group-51AD6A8C08FA: changes role from      null to FOLLOWER at term 0 for startAsFollower
2023-02-22 04:44:59,428 [pool-127-thread-1] INFO  impl.RoleInfo (RoleInfo.java:updateAndGet(139)) - fca85417-4002-4831-843c-2e02b9319828: start fca85417-4002-4831-843c-2e02b9319828@group-51AD6A8C08FA-FollowerState
2023-02-22 04:44:59,428 [pool-127-thread-1] INFO  util.JmxRegister (JmxRegister.java:tryRegister(44)) - Successfully registered JMX Bean with object name Ratis:service=RaftServer,group=group-51AD6A8C08FA,id=fca85417-4002-4831-843c-2e02b9319828
2023-02-22 04:44:59,428 [pool-127-thread-1] INFO  server.RaftServerConfigKeys (ConfUtils.java:logGet(46)) - raft.server.snapshot.auto.trigger.enabled = true (custom)
2023-02-22 04:44:59,428 [pool-127-thread-1] INFO  server.RaftServerConfigKeys (ConfUtils.java:logGet(46)) - raft.server.snapshot.auto.trigger.threshold = 10000 (custom)
2023-02-22 04:44:59,429 [pool-127-thread-1] INFO  server.RaftServerConfigKeys (ConfUtils.java:logGet(46)) - raft.server.snapshot.retention.file.num = 5 (custom)
2023-02-22 04:44:59,429 [pool-127-thread-1] INFO  server.RaftServerConfigKeys (ConfUtils.java:logGet(46)) - raft.server.log.purge.upto.snapshot.index = false (default)
2023-02-22 04:44:59,429 [fca85417-4002-4831-843c-2e02b9319828@group-51AD6A8C08FA-FollowerState] INFO  server.RaftServerConfigKeys (ConfUtils.java:logFallback(53)) - raft.server.rpc.first-election.timeout.min = 5s (fallback to raft.server.rpc.timeout.min)
2023-02-22 04:44:59,438 [fca85417-4002-4831-843c-2e02b9319828@group-51AD6A8C08FA-FollowerState] INFO  server.RaftServerConfigKeys (ConfUtils.java:logFallback(53)) - raft.server.rpc.first-election.timeout.max = 5200ms (fallback to raft.server.rpc.timeout.max)
2023-02-22 04:44:59,438 [Command processor thread] INFO  ratis.XceiverServerRatis (XceiverServerRatis.java:addGroup(807)) - Created group PipelineID=d16cb455-975d-4849-98a2-51ad6a8c08fa
2023-02-22 04:44:59,452 [grpc-default-executor-2] INFO  server.RaftServer (RaftServerProxy.java:addNew(96)) - f9f5dbe8-91d3-4a2a-a4dd-ba97f25f1f6e: addNew group-51AD6A8C08FA:[f9f5dbe8-91d3-4a2a-a4dd-ba97f25f1f6e|rpc:10.1.78.0:40235|dataStream:10.1.78.0:42699|priority:0|startupRole:FOLLOWER, c33c6748-58a2-4781-a6a3-3a6f81ff3630|rpc:10.1.78.0:37425|dataStream:10.1.78.0:39407|priority:0|startupRole:FOLLOWER, fca85417-4002-4831-843c-2e02b9319828|rpc:10.1.78.0:40073|dataStream:10.1.78.0:33265|priority:1|startupRole:FOLLOWER] returns group-51AD6A8C08FA:java.util.concurrent.CompletableFuture@2fe441e8[Not completed]
2023-02-22 04:44:59,453 [pool-171-thread-1] INFO  server.RaftServer$Division (RaftServerImpl.java:<init>(195)) - f9f5dbe8-91d3-4a2a-a4dd-ba97f25f1f6e: new RaftServerImpl for group-51AD6A8C08FA:[f9f5dbe8-91d3-4a2a-a4dd-ba97f25f1f6e|rpc:10.1.78.0:40235|dataStream:10.1.78.0:42699|priority:0|startupRole:FOLLOWER, c33c6748-58a2-4781-a6a3-3a6f81ff3630|rpc:10.1.78.0:37425|dataStream:10.1.78.0:39407|priority:0|startupRole:FOLLOWER, fca85417-4002-4831-843c-2e02b9319828|rpc:10.1.78.0:40073|dataStream:10.1.78.0:33265|priority:1|startupRole:FOLLOWER] with ContainerStateMachine:uninitialized
2023-02-22 04:44:59,453 [pool-171-thread-1] INFO  server.RaftServerConfigKeys (ConfUtils.java:logGet(46)) - raft.server.rpc.timeout.min = 5s (custom)
2023-02-22 04:44:59,453 [pool-171-thread-1] INFO  server.RaftServerConfigKeys (ConfUtils.java:logGet(46)) - raft.server.rpc.timeout.max = 5200ms (custom)
2023-02-22 04:44:59,453 [pool-171-thread-1] INFO  server.RaftServerConfigKeys (ConfUtils.java:logGet(46)) - raft.server.rpc.sleep.time = 25ms (default)
2023-02-22 04:44:59,453 [pool-171-thread-1] INFO  server.RaftServerConfigKeys (ConfUtils.java:logGet(46)) - raft.server.rpc.slowness.timeout = 300s (custom)
2023-02-22 04:44:59,453 [pool-171-thread-1] INFO  server.RaftServerConfigKeys (ConfUtils.java:logGet(46)) - raft.server.leaderelection.leader.step-down.wait-time = 10s (default)
2023-02-22 04:44:59,453 [pool-171-thread-1] INFO  server.RaftServerConfigKeys (ConfUtils.java:logGet(46)) - raft.server.sleep.deviation.threshold = 300ms (default)
2023-02-22 04:44:59,453 [pool-171-thread-1] INFO  server.RaftServer$Division (ServerState.java:<init>(118)) - f9f5dbe8-91d3-4a2a-a4dd-ba97f25f1f6e@group-51AD6A8C08FA: ConfigurationManager, init=-1: peers:[f9f5dbe8-91d3-4a2a-a4dd-ba97f25f1f6e|rpc:10.1.78.0:40235|dataStream:10.1.78.0:42699|priority:0|startupRole:FOLLOWER, c33c6748-58a2-4781-a6a3-3a6f81ff3630|rpc:10.1.78.0:37425|dataStream:10.1.78.0:39407|priority:0|startupRole:FOLLOWER, fca85417-4002-4831-843c-2e02b9319828|rpc:10.1.78.0:40073|dataStream:10.1.78.0:33265|priority:1|startupRole:FOLLOWER]|listeners:[], old=null, confs=<EMPTY_MAP>
2023-02-22 04:44:59,453 [pool-171-thread-1] INFO  server.RaftServerConfigKeys (ConfUtils.java:logGet(46)) - raft.server.storage.dir = [/home/runner/work/ozone/ozone/hadoop-ozone/integration-test/target/test-dir/MiniOzoneClusterImpl-23364813-765e-4689-b759-17f9bf3914d5/datanode-2/data/ratis] (custom)
2023-02-22 04:44:59,454 [pool-171-thread-1] INFO  server.RaftServerConfigKeys (ConfUtils.java:logGet(46)) - raft.server.log.corruption.policy = EXCEPTION (default)
2023-02-22 04:44:59,454 [pool-171-thread-1] INFO  server.RaftServerConfigKeys (ConfUtils.java:logGet(46)) - raft.server.storage.free-space.min = 0MB (=0) (default)
2023-02-22 04:44:59,454 [pool-171-thread-1] INFO  server.RaftServerConfigKeys (ConfUtils.java:logGet(46)) - raft.server.notification.no-leader.timeout = 300s (custom)
2023-02-22 04:44:59,454 [pool-171-thread-1] INFO  server.RaftServerConfigKeys (ConfUtils.java:logGet(46)) - raft.server.retrycache.expirytime = 600000ms (custom)
2023-02-22 04:44:59,454 [pool-171-thread-1] INFO  server.RaftServerConfigKeys (ConfUtils.java:logGet(46)) - raft.server.retrycache.statistics.expirytime = 100μs (default)
2023-02-22 04:44:59,455 [pool-171-thread-1] INFO  server.RaftServerConfigKeys (ConfUtils.java:logGet(46)) - raft.server.log.appender.install.snapshot.enabled = false (custom)
2023-02-22 04:44:59,455 [pool-171-thread-1] INFO  server.RaftServerConfigKeys (ConfUtils.java:logGet(46)) - raft.server.threadpool.server.cached = true (default)
2023-02-22 04:44:59,455 [pool-171-thread-1] INFO  server.RaftServerConfigKeys (ConfUtils.java:logGet(46)) - raft.server.threadpool.server.size = 0 (default)
2023-02-22 04:44:59,455 [pool-171-thread-1] INFO  server.RaftServerConfigKeys (ConfUtils.java:logGet(46)) - raft.server.threadpool.client.cached = true (default)
2023-02-22 04:44:59,455 [pool-171-thread-1] INFO  server.RaftServerConfigKeys (ConfUtils.java:logGet(46)) - raft.server.threadpool.client.size = 0 (default)
2023-02-22 04:44:59,455 [pool-171-thread-1] INFO  storage.RaftStorageDirectory (RaftStorageDirectoryImpl.java:analyzeStorage(137)) - The storage directory /home/runner/work/ozone/ozone/hadoop-ozone/integration-test/target/test-dir/MiniOzoneClusterImpl-23364813-765e-4689-b759-17f9bf3914d5/datanode-2/data/ratis/d16cb455-975d-4849-98a2-51ad6a8c08fa does not exist. Creating ...
2023-02-22 04:44:59,456 [pool-171-thread-1] INFO  storage.RaftStorageDirectory (RaftStorageDirectoryImpl.java:tryLock(231)) - Lock on /home/runner/work/ozone/ozone/hadoop-ozone/integration-test/target/test-dir/MiniOzoneClusterImpl-23364813-765e-4689-b759-17f9bf3914d5/datanode-2/data/ratis/d16cb455-975d-4849-98a2-51ad6a8c08fa/in_use.lock acquired by nodename 93364@fv-az748-120
2023-02-22 04:44:59,457 [pool-171-thread-1] INFO  storage.RaftStorage (RaftStorageImpl.java:format(96)) - Storage directory /home/runner/work/ozone/ozone/hadoop-ozone/integration-test/target/test-dir/MiniOzoneClusterImpl-23364813-765e-4689-b759-17f9bf3914d5/datanode-2/data/ratis/d16cb455-975d-4849-98a2-51ad6a8c08fa has been successfully formatted.
2023-02-22 04:44:59,457 [pool-171-thread-1] INFO  ratis.ContainerStateMachine (ContainerStateMachine.java:loadSnapshot(240)) - group-51AD6A8C08FA: The snapshot info is null. Setting the last applied indexto:(t:0, i:~)
2023-02-22 04:44:59,457 [pool-171-thread-1] INFO  server.RaftServerConfigKeys (ConfUtils.java:logGet(46)) - raft.server.log.use.memory = false (default)
2023-02-22 04:44:59,458 [pool-171-thread-1] INFO  server.RaftServerConfigKeys (ConfUtils.java:logGet(46)) - raft.server.log.purge.gap = 1000000 (custom)
2023-02-22 04:44:59,458 [pool-171-thread-1] INFO  server.RaftServerConfigKeys (ConfUtils.java:logGet(46)) - raft.server.log.appender.buffer.byte-limit = 33554432 (custom)
2023-02-22 04:44:59,460 [pool-171-thread-1] INFO  server.RaftServerConfigKeys (ConfUtils.java:logGet(46)) - raft.server.log.statemachine.data.read.timeout = 1000ms (default)
2023-02-22 04:44:59,460 [pool-171-thread-1] INFO  server.RaftServerConfigKeys (ConfUtils.java:logGet(46)) - raft.server.log.purge.preservation.log.num = 0 (default)
2023-02-22 04:44:59,460 [pool-171-thread-1] INFO  server.RaftServerConfigKeys (ConfUtils.java:logGet(46)) - raft.server.log.segment.size.max = 1048576 (custom)
2023-02-22 04:44:59,461 [pool-171-thread-1] INFO  server.RaftServerConfigKeys (ConfUtils.java:logGet(46)) - raft.server.log.segment.cache.num.max = 2 (custom)
2023-02-22 04:44:59,461 [pool-171-thread-1] INFO  server.RaftServerConfigKeys (ConfUtils.java:logGet(46)) - raft.server.log.segment.cache.size.max = 200MB (=209715200) (default)
2023-02-22 04:44:59,461 [pool-171-thread-1] INFO  segmented.SegmentedRaftLogWorker (SegmentedRaftLogWorker.java:<init>(189)) - new f9f5dbe8-91d3-4a2a-a4dd-ba97f25f1f6e@group-51AD6A8C08FA-SegmentedRaftLogWorker for RaftStorageImpl:Storage Directory /home/runner/work/ozone/ozone/hadoop-ozone/integration-test/target/test-dir/MiniOzoneClusterImpl-23364813-765e-4689-b759-17f9bf3914d5/datanode-2/data/ratis/d16cb455-975d-4849-98a2-51ad6a8c08fa
2023-02-22 04:44:59,461 [pool-171-thread-1] INFO  server.RaftServerConfigKeys (ConfUtils.java:logGet(46)) - raft.server.log.queue.byte-limit = 4294967296 (custom)
2023-02-22 04:44:59,461 [pool-171-thread-1] INFO  server.RaftServerConfigKeys (ConfUtils.java:logGet(46)) - raft.server.log.queue.element-limit = 1024 (custom)
2023-02-22 04:44:59,461 [pool-171-thread-1] INFO  server.RaftServerConfigKeys (ConfUtils.java:logGet(46)) - raft.server.log.segment.size.max = 1048576 (custom)
2023-02-22 04:44:59,461 [pool-171-thread-1] INFO  server.RaftServerConfigKeys (ConfUtils.java:logGet(46)) - raft.server.log.preallocated.size = 16384 (custom)
2023-02-22 04:44:59,461 [pool-171-thread-1] INFO  server.RaftServerConfigKeys (ConfUtils.java:logGet(46)) - raft.server.log.force.sync.num = 128 (default)
2023-02-22 04:44:59,461 [pool-171-thread-1] INFO  server.RaftServerConfigKeys (ConfUtils.java:logGet(46)) - raft.server.log.statemachine.data.sync = true (default)
2023-02-22 04:44:59,461 [pool-171-thread-1] INFO  server.RaftServerConfigKeys (ConfUtils.java:logGet(46)) - raft.server.log.statemachine.data.sync.timeout = 10s (default)
2023-02-22 04:44:59,461 [pool-171-thread-1] INFO  server.RaftServerConfigKeys (ConfUtils.java:logGet(46)) - raft.server.log.statemachine.data.sync.timeout.retry = -1 (default)
2023-02-22 04:44:59,462 [pool-171-thread-1] INFO  server.RaftServerConfigKeys (ConfUtils.java:logGet(46)) - raft.server.log.write.buffer.size = 1048576 (custom)
2023-02-22 04:44:59,463 [pool-171-thread-1] INFO  server.RaftServerConfigKeys (ConfUtils.java:logGet(46)) - raft.server.log.appender.buffer.byte-limit = 33554432 (custom)
2023-02-22 04:44:59,465 [pool-171-thread-1] INFO  server.RaftServerConfigKeys (ConfUtils.java:logGet(46)) - raft.server.log.unsafe-flush.enabled = false (default)
2023-02-22 04:44:59,466 [pool-171-thread-1] INFO  server.RaftServerConfigKeys (ConfUtils.java:logGet(46)) - raft.server.log.async-flush.enabled = false (default)
2023-02-22 04:44:59,466 [pool-171-thread-1] INFO  server.RaftServerConfigKeys (ConfUtils.java:logGet(46)) - raft.server.log.statemachine.data.caching.enabled = true (custom)
2023-02-22 04:44:59,467 [pool-171-thread-1] INFO  segmented.SegmentedRaftLogWorker (SegmentedRaftLogWorker.java:lambda$new$0(135)) - f9f5dbe8-91d3-4a2a-a4dd-ba97f25f1f6e@group-51AD6A8C08FA-SegmentedRaftLogWorker: flushIndex: setUnconditionally 0 -> -1
2023-02-22 04:44:59,467 [pool-171-thread-1] INFO  segmented.SegmentedRaftLogWorker (SegmentedRaftLogWorker.java:lambda$new$0(135)) - f9f5dbe8-91d3-4a2a-a4dd-ba97f25f1f6e@group-51AD6A8C08FA-SegmentedRaftLogWorker: safeCacheEvictIndex: setUnconditionally 0 -> -1
2023-02-22 04:44:59,468 [pool-171-thread-1] INFO  server.RaftServer$Division (RaftServerImpl.java:start(334)) - f9f5dbe8-91d3-4a2a-a4dd-ba97f25f1f6e@group-51AD6A8C08FA: start as a follower, conf=-1: peers:[f9f5dbe8-91d3-4a2a-a4dd-ba97f25f1f6e|rpc:10.1.78.0:40235|dataStream:10.1.78.0:42699|priority:0|startupRole:FOLLOWER, c33c6748-58a2-4781-a6a3-3a6f81ff3630|rpc:10.1.78.0:37425|dataStream:10.1.78.0:39407|priority:0|startupRole:FOLLOWER, fca85417-4002-4831-843c-2e02b9319828|rpc:10.1.78.0:40073|dataStream:10.1.78.0:33265|priority:1|startupRole:FOLLOWER]|listeners:[], old=null
2023-02-22 04:44:59,468 [pool-171-thread-1] INFO  server.RaftServer$Division (RaftServerImpl.java:setRole(321)) - f9f5dbe8-91d3-4a2a-a4dd-ba97f25f1f6e@group-51AD6A8C08FA: changes role from      null to FOLLOWER at term 0 for startAsFollower
2023-02-22 04:44:59,468 [pool-171-thread-1] INFO  impl.RoleInfo (RoleInfo.java:updateAndGet(139)) - f9f5dbe8-91d3-4a2a-a4dd-ba97f25f1f6e: start f9f5dbe8-91d3-4a2a-a4dd-ba97f25f1f6e@group-51AD6A8C08FA-FollowerState
2023-02-22 04:44:59,469 [pool-171-thread-1] INFO  util.JmxRegister (JmxRegister.java:tryRegister(44)) - Successfully registered JMX Bean with object name Ratis:service=RaftServer,group=group-51AD6A8C08FA,id=f9f5dbe8-91d3-4a2a-a4dd-ba97f25f1f6e
2023-02-22 04:44:59,469 [pool-171-thread-1] INFO  server.RaftServerConfigKeys (ConfUtils.java:logGet(46)) - raft.server.snapshot.auto.trigger.enabled = true (custom)
2023-02-22 04:44:59,469 [pool-171-thread-1] INFO  server.RaftServerConfigKeys (ConfUtils.java:logGet(46)) - raft.server.snapshot.auto.trigger.threshold = 10000 (custom)
2023-02-22 04:44:59,469 [pool-171-thread-1] INFO  server.RaftServerConfigKeys (ConfUtils.java:logGet(46)) - raft.server.snapshot.retention.file.num = 5 (custom)
2023-02-22 04:44:59,469 [pool-171-thread-1] INFO  server.RaftServerConfigKeys (ConfUtils.java:logGet(46)) - raft.server.log.purge.upto.snapshot.index = false (default)
2023-02-22 04:44:59,472 [f9f5dbe8-91d3-4a2a-a4dd-ba97f25f1f6e@group-51AD6A8C08FA-FollowerState] INFO  server.RaftServerConfigKeys (ConfUtils.java:logFallback(53)) - raft.server.rpc.first-election.timeout.min = 5s (fallback to raft.server.rpc.timeout.min)
2023-02-22 04:44:59,473 [f9f5dbe8-91d3-4a2a-a4dd-ba97f25f1f6e@group-51AD6A8C08FA-FollowerState] INFO  server.RaftServerConfigKeys (ConfUtils.java:logFallback(53)) - raft.server.rpc.first-election.timeout.max = 5200ms (fallback to raft.server.rpc.timeout.max)
2023-02-22 04:44:59,487 [grpc-default-executor-2] INFO  server.RaftServer (RaftServerProxy.java:addNew(96)) - c33c6748-58a2-4781-a6a3-3a6f81ff3630: addNew group-51AD6A8C08FA:[f9f5dbe8-91d3-4a2a-a4dd-ba97f25f1f6e|rpc:10.1.78.0:40235|dataStream:10.1.78.0:42699|priority:0|startupRole:FOLLOWER, c33c6748-58a2-4781-a6a3-3a6f81ff3630|rpc:10.1.78.0:37425|dataStream:10.1.78.0:39407|priority:0|startupRole:FOLLOWER, fca85417-4002-4831-843c-2e02b9319828|rpc:10.1.78.0:40073|dataStream:10.1.78.0:33265|priority:1|startupRole:FOLLOWER] returns group-51AD6A8C08FA:java.util.concurrent.CompletableFuture@27373f26[Not completed]
2023-02-22 04:44:59,488 [pool-149-thread-1] INFO  server.RaftServer$Division (RaftServerImpl.java:<init>(195)) - c33c6748-58a2-4781-a6a3-3a6f81ff3630: new RaftServerImpl for group-51AD6A8C08FA:[f9f5dbe8-91d3-4a2a-a4dd-ba97f25f1f6e|rpc:10.1.78.0:40235|dataStream:10.1.78.0:42699|priority:0|startupRole:FOLLOWER, c33c6748-58a2-4781-a6a3-3a6f81ff3630|rpc:10.1.78.0:37425|dataStream:10.1.78.0:39407|priority:0|startupRole:FOLLOWER, fca85417-4002-4831-843c-2e02b9319828|rpc:10.1.78.0:40073|dataStream:10.1.78.0:33265|priority:1|startupRole:FOLLOWER] with ContainerStateMachine:uninitialized
2023-02-22 04:44:59,489 [pool-149-thread-1] INFO  server.RaftServerConfigKeys (ConfUtils.java:logGet(46)) - raft.server.rpc.timeout.min = 5s (custom)
2023-02-22 04:44:59,489 [pool-149-thread-1] INFO  server.RaftServerConfigKeys (ConfUtils.java:logGet(46)) - raft.server.rpc.timeout.max = 5200ms (custom)
2023-02-22 04:44:59,489 [pool-149-thread-1] INFO  server.RaftServerConfigKeys (ConfUtils.java:logGet(46)) - raft.server.rpc.sleep.time = 25ms (default)
2023-02-22 04:44:59,489 [pool-149-thread-1] INFO  server.RaftServerConfigKeys (ConfUtils.java:logGet(46)) - raft.server.rpc.slowness.timeout = 300s (custom)
2023-02-22 04:44:59,489 [pool-149-thread-1] INFO  server.RaftServerConfigKeys (ConfUtils.java:logGet(46)) - raft.server.leaderelection.leader.step-down.wait-time = 10s (default)
2023-02-22 04:44:59,489 [pool-149-thread-1] INFO  server.RaftServerConfigKeys (ConfUtils.java:logGet(46)) - raft.server.sleep.deviation.threshold = 300ms (default)
2023-02-22 04:44:59,489 [pool-149-thread-1] INFO  server.RaftServer$Division (ServerState.java:<init>(118)) - c33c6748-58a2-4781-a6a3-3a6f81ff3630@group-51AD6A8C08FA: ConfigurationManager, init=-1: peers:[f9f5dbe8-91d3-4a2a-a4dd-ba97f25f1f6e|rpc:10.1.78.0:40235|dataStream:10.1.78.0:42699|priority:0|startupRole:FOLLOWER, c33c6748-58a2-4781-a6a3-3a6f81ff3630|rpc:10.1.78.0:37425|dataStream:10.1.78.0:39407|priority:0|startupRole:FOLLOWER, fca85417-4002-4831-843c-2e02b9319828|rpc:10.1.78.0:40073|dataStream:10.1.78.0:33265|priority:1|startupRole:FOLLOWER]|listeners:[], old=null, confs=<EMPTY_MAP>
2023-02-22 04:44:59,489 [pool-149-thread-1] INFO  server.RaftServerConfigKeys (ConfUtils.java:logGet(46)) - raft.server.storage.dir = [/home/runner/work/ozone/ozone/hadoop-ozone/integration-test/target/test-dir/MiniOzoneClusterImpl-23364813-765e-4689-b759-17f9bf3914d5/datanode-1/data/ratis] (custom)
2023-02-22 04:44:59,489 [pool-149-thread-1] INFO  server.RaftServerConfigKeys (ConfUtils.java:logGet(46)) - raft.server.log.corruption.policy = EXCEPTION (default)
2023-02-22 04:44:59,489 [pool-149-thread-1] INFO  server.RaftServerConfigKeys (ConfUtils.java:logGet(46)) - raft.server.storage.free-space.min = 0MB (=0) (default)
2023-02-22 04:44:59,489 [pool-149-thread-1] INFO  server.RaftServerConfigKeys (ConfUtils.java:logGet(46)) - raft.server.notification.no-leader.timeout = 300s (custom)
2023-02-22 04:44:59,489 [pool-149-thread-1] INFO  server.RaftServerConfigKeys (ConfUtils.java:logGet(46)) - raft.server.retrycache.expirytime = 600000ms (custom)
2023-02-22 04:44:59,489 [pool-149-thread-1] INFO  server.RaftServerConfigKeys (ConfUtils.java:logGet(46)) - raft.server.retrycache.statistics.expirytime = 100μs (default)
2023-02-22 04:44:59,490 [pool-149-thread-1] INFO  server.RaftServerConfigKeys (ConfUtils.java:logGet(46)) - raft.server.log.appender.install.snapshot.enabled = false (custom)
2023-02-22 04:44:59,490 [pool-149-thread-1] INFO  server.RaftServerConfigKeys (ConfUtils.java:logGet(46)) - raft.server.threadpool.server.cached = true (default)
2023-02-22 04:44:59,490 [pool-149-thread-1] INFO  server.RaftServerConfigKeys (ConfUtils.java:logGet(46)) - raft.server.threadpool.server.size = 0 (default)
2023-02-22 04:44:59,490 [pool-149-thread-1] INFO  server.RaftServerConfigKeys (ConfUtils.java:logGet(46)) - raft.server.threadpool.client.cached = true (default)
2023-02-22 04:44:59,490 [pool-149-thread-1] INFO  server.RaftServerConfigKeys (ConfUtils.java:logGet(46)) - raft.server.threadpool.client.size = 0 (default)
2023-02-22 04:44:59,491 [pool-149-thread-1] INFO  storage.RaftStorageDirectory (RaftStorageDirectoryImpl.java:analyzeStorage(137)) - The storage directory /home/runner/work/ozone/ozone/hadoop-ozone/integration-test/target/test-dir/MiniOzoneClusterImpl-23364813-765e-4689-b759-17f9bf3914d5/datanode-1/data/ratis/d16cb455-975d-4849-98a2-51ad6a8c08fa does not exist. Creating ...
2023-02-22 04:44:59,492 [pool-149-thread-1] INFO  storage.RaftStorageDirectory (RaftStorageDirectoryImpl.java:tryLock(231)) - Lock on /home/runner/work/ozone/ozone/hadoop-ozone/integration-test/target/test-dir/MiniOzoneClusterImpl-23364813-765e-4689-b759-17f9bf3914d5/datanode-1/data/ratis/d16cb455-975d-4849-98a2-51ad6a8c08fa/in_use.lock acquired by nodename 93364@fv-az748-120
2023-02-22 04:44:59,492 [pool-149-thread-1] INFO  storage.RaftStorage (RaftStorageImpl.java:format(96)) - Storage directory /home/runner/work/ozone/ozone/hadoop-ozone/integration-test/target/test-dir/MiniOzoneClusterImpl-23364813-765e-4689-b759-17f9bf3914d5/datanode-1/data/ratis/d16cb455-975d-4849-98a2-51ad6a8c08fa has been successfully formatted.
2023-02-22 04:44:59,493 [pool-149-thread-1] INFO  ratis.ContainerStateMachine (ContainerStateMachine.java:loadSnapshot(240)) - group-51AD6A8C08FA: The snapshot info is null. Setting the last applied indexto:(t:0, i:~)
2023-02-22 04:44:59,493 [pool-149-thread-1] INFO  server.RaftServerConfigKeys (ConfUtils.java:logGet(46)) - raft.server.log.use.memory = false (default)
2023-02-22 04:44:59,493 [pool-149-thread-1] INFO  server.RaftServerConfigKeys (ConfUtils.java:logGet(46)) - raft.server.log.purge.gap = 1000000 (custom)
2023-02-22 04:44:59,493 [pool-149-thread-1] INFO  server.RaftServerConfigKeys (ConfUtils.java:logGet(46)) - raft.server.log.appender.buffer.byte-limit = 33554432 (custom)
2023-02-22 04:44:59,493 [pool-149-thread-1] INFO  server.RaftServerConfigKeys (ConfUtils.java:logGet(46)) - raft.server.log.statemachine.data.read.timeout = 1000ms (default)
2023-02-22 04:44:59,493 [pool-149-thread-1] INFO  server.RaftServerConfigKeys (ConfUtils.java:logGet(46)) - raft.server.log.purge.preservation.log.num = 0 (default)
2023-02-22 04:44:59,493 [pool-149-thread-1] INFO  server.RaftServerConfigKeys (ConfUtils.java:logGet(46)) - raft.server.log.segment.size.max = 1048576 (custom)
2023-02-22 04:44:59,494 [pool-149-thread-1] INFO  server.RaftServerConfigKeys (ConfUtils.java:logGet(46)) - raft.server.log.segment.cache.num.max = 2 (custom)
2023-02-22 04:44:59,494 [pool-149-thread-1] INFO  server.RaftServerConfigKeys (ConfUtils.java:logGet(46)) - raft.server.log.segment.cache.size.max = 200MB (=209715200) (default)
2023-02-22 04:44:59,494 [pool-149-thread-1] INFO  segmented.SegmentedRaftLogWorker (SegmentedRaftLogWorker.java:<init>(189)) - new c33c6748-58a2-4781-a6a3-3a6f81ff3630@group-51AD6A8C08FA-SegmentedRaftLogWorker for RaftStorageImpl:Storage Directory /home/runner/work/ozone/ozone/hadoop-ozone/integration-test/target/test-dir/MiniOzoneClusterImpl-23364813-765e-4689-b759-17f9bf3914d5/datanode-1/data/ratis/d16cb455-975d-4849-98a2-51ad6a8c08fa
2023-02-22 04:44:59,494 [pool-149-thread-1] INFO  server.RaftServerConfigKeys (ConfUtils.java:logGet(46)) - raft.server.log.queue.byte-limit = 4294967296 (custom)
2023-02-22 04:44:59,494 [pool-149-thread-1] INFO  server.RaftServerConfigKeys (ConfUtils.java:logGet(46)) - raft.server.log.queue.element-limit = 1024 (custom)
2023-02-22 04:44:59,494 [pool-149-thread-1] INFO  server.RaftServerConfigKeys (ConfUtils.java:logGet(46)) - raft.server.log.segment.size.max = 1048576 (custom)
2023-02-22 04:44:59,495 [pool-149-thread-1] INFO  server.RaftServerConfigKeys (ConfUtils.java:logGet(46)) - raft.server.log.preallocated.size = 16384 (custom)
2023-02-22 04:44:59,495 [pool-149-thread-1] INFO  server.RaftServerConfigKeys (ConfUtils.java:logGet(46)) - raft.server.log.force.sync.num = 128 (default)
2023-02-22 04:44:59,495 [pool-149-thread-1] INFO  server.RaftServerConfigKeys (ConfUtils.java:logGet(46)) - raft.server.log.statemachine.data.sync = true (default)
2023-02-22 04:44:59,495 [pool-149-thread-1] INFO  server.RaftServerConfigKeys (ConfUtils.java:logGet(46)) - raft.server.log.statemachine.data.sync.timeout = 10s (default)
2023-02-22 04:44:59,495 [pool-149-thread-1] INFO  server.RaftServerConfigKeys (ConfUtils.java:logGet(46)) - raft.server.log.statemachine.data.sync.timeout.retry = -1 (default)
2023-02-22 04:44:59,495 [pool-149-thread-1] INFO  server.RaftServerConfigKeys (ConfUtils.java:logGet(46)) - raft.server.log.write.buffer.size = 1048576 (custom)
2023-02-22 04:44:59,495 [pool-149-thread-1] INFO  server.RaftServerConfigKeys (ConfUtils.java:logGet(46)) - raft.server.log.appender.buffer.byte-limit = 33554432 (custom)
2023-02-22 04:44:59,501 [pool-149-thread-1] INFO  server.RaftServerConfigKeys (ConfUtils.java:logGet(46)) - raft.server.log.unsafe-flush.enabled = false (default)
2023-02-22 04:44:59,501 [pool-149-thread-1] INFO  server.RaftServerConfigKeys (ConfUtils.java:logGet(46)) - raft.server.log.async-flush.enabled = false (default)
2023-02-22 04:44:59,503 [pool-149-thread-1] INFO  server.RaftServerConfigKeys (ConfUtils.java:logGet(46)) - raft.server.log.statemachine.data.caching.enabled = true (custom)
2023-02-22 04:44:59,503 [pool-149-thread-1] INFO  segmented.SegmentedRaftLogWorker (SegmentedRaftLogWorker.java:lambda$new$0(135)) - c33c6748-58a2-4781-a6a3-3a6f81ff3630@group-51AD6A8C08FA-SegmentedRaftLogWorker: flushIndex: setUnconditionally 0 -> -1
2023-02-22 04:44:59,503 [pool-149-thread-1] INFO  segmented.SegmentedRaftLogWorker (SegmentedRaftLogWorker.java:lambda$new$0(135)) - c33c6748-58a2-4781-a6a3-3a6f81ff3630@group-51AD6A8C08FA-SegmentedRaftLogWorker: safeCacheEvictIndex: setUnconditionally 0 -> -1
2023-02-22 04:44:59,503 [pool-149-thread-1] INFO  server.RaftServer$Division (RaftServerImpl.java:start(334)) - c33c6748-58a2-4781-a6a3-3a6f81ff3630@group-51AD6A8C08FA: start as a follower, conf=-1: peers:[f9f5dbe8-91d3-4a2a-a4dd-ba97f25f1f6e|rpc:10.1.78.0:40235|dataStream:10.1.78.0:42699|priority:0|startupRole:FOLLOWER, c33c6748-58a2-4781-a6a3-3a6f81ff3630|rpc:10.1.78.0:37425|dataStream:10.1.78.0:39407|priority:0|startupRole:FOLLOWER, fca85417-4002-4831-843c-2e02b9319828|rpc:10.1.78.0:40073|dataStream:10.1.78.0:33265|priority:1|startupRole:FOLLOWER]|listeners:[], old=null
2023-02-22 04:44:59,503 [pool-149-thread-1] INFO  server.RaftServer$Division (RaftServerImpl.java:setRole(321)) - c33c6748-58a2-4781-a6a3-3a6f81ff3630@group-51AD6A8C08FA: changes role from      null to FOLLOWER at term 0 for startAsFollower
2023-02-22 04:44:59,503 [pool-149-thread-1] INFO  impl.RoleInfo (RoleInfo.java:updateAndGet(139)) - c33c6748-58a2-4781-a6a3-3a6f81ff3630: start c33c6748-58a2-4781-a6a3-3a6f81ff3630@group-51AD6A8C08FA-FollowerState
2023-02-22 04:44:59,504 [pool-149-thread-1] INFO  util.JmxRegister (JmxRegister.java:tryRegister(44)) - Successfully registered JMX Bean with object name Ratis:service=RaftServer,group=group-51AD6A8C08FA,id=c33c6748-58a2-4781-a6a3-3a6f81ff3630
2023-02-22 04:44:59,504 [pool-149-thread-1] INFO  server.RaftServerConfigKeys (ConfUtils.java:logGet(46)) - raft.server.snapshot.auto.trigger.enabled = true (custom)
2023-02-22 04:44:59,504 [pool-149-thread-1] INFO  server.RaftServerConfigKeys (ConfUtils.java:logGet(46)) - raft.server.snapshot.auto.trigger.threshold = 10000 (custom)
2023-02-22 04:44:59,504 [pool-149-thread-1] INFO  server.RaftServerConfigKeys (ConfUtils.java:logGet(46)) - raft.server.snapshot.retention.file.num = 5 (custom)
2023-02-22 04:44:59,504 [pool-149-thread-1] INFO  server.RaftServerConfigKeys (ConfUtils.java:logGet(46)) - raft.server.log.purge.upto.snapshot.index = false (default)
2023-02-22 04:44:59,509 [c33c6748-58a2-4781-a6a3-3a6f81ff3630@group-51AD6A8C08FA-FollowerState] INFO  server.RaftServerConfigKeys (ConfUtils.java:logFallback(53)) - raft.server.rpc.first-election.timeout.min = 5s (fallback to raft.server.rpc.timeout.min)
2023-02-22 04:44:59,510 [c33c6748-58a2-4781-a6a3-3a6f81ff3630@group-51AD6A8C08FA-FollowerState] INFO  server.RaftServerConfigKeys (ConfUtils.java:logFallback(53)) - raft.server.rpc.first-election.timeout.max = 5200ms (fallback to raft.server.rpc.timeout.max)
2023-02-22 04:44:59,512 [Command processor thread] INFO  commandhandler.CreatePipelineCommandHandler (CreatePipelineCommandHandler.java:handle(113)) - Created Pipeline RATIS THREE PipelineID=d16cb455-975d-4849-98a2-51ad6a8c08fa.
2023-02-22 04:44:59,518 [Command processor thread] INFO  server.RaftServer (RaftServerProxy.java:addNew(96)) - c33c6748-58a2-4781-a6a3-3a6f81ff3630: addNew group-31653456D5E6:[c33c6748-58a2-4781-a6a3-3a6f81ff3630|rpc:10.1.78.0:37425|dataStream:10.1.78.0:39407|priority:1|startupRole:FOLLOWER] returns group-31653456D5E6:java.util.concurrent.CompletableFuture@6aefb317[Not completed]
2023-02-22 04:44:59,519 [pool-149-thread-1] INFO  server.RaftServer$Division (RaftServerImpl.java:<init>(195)) - c33c6748-58a2-4781-a6a3-3a6f81ff3630: new RaftServerImpl for group-31653456D5E6:[c33c6748-58a2-4781-a6a3-3a6f81ff3630|rpc:10.1.78.0:37425|dataStream:10.1.78.0:39407|priority:1|startupRole:FOLLOWER] with ContainerStateMachine:uninitialized
2023-02-22 04:44:59,519 [pool-149-thread-1] INFO  server.RaftServerConfigKeys (ConfUtils.java:logGet(46)) - raft.server.rpc.timeout.min = 5s (custom)
2023-02-22 04:44:59,519 [pool-149-thread-1] INFO  server.RaftServerConfigKeys (ConfUtils.java:logGet(46)) - raft.server.rpc.timeout.max = 5200ms (custom)
2023-02-22 04:44:59,519 [pool-149-thread-1] INFO  server.RaftServerConfigKeys (ConfUtils.java:logGet(46)) - raft.server.rpc.sleep.time = 25ms (default)
2023-02-22 04:44:59,519 [pool-149-thread-1] INFO  server.RaftServerConfigKeys (ConfUtils.java:logGet(46)) - raft.server.rpc.slowness.timeout = 300s (custom)
2023-02-22 04:44:59,519 [pool-149-thread-1] INFO  server.RaftServerConfigKeys (ConfUtils.java:logGet(46)) - raft.server.leaderelection.leader.step-down.wait-time = 10s (default)
2023-02-22 04:44:59,519 [pool-149-thread-1] INFO  server.RaftServerConfigKeys (ConfUtils.java:logGet(46)) - raft.server.sleep.deviation.threshold = 300ms (default)
2023-02-22 04:44:59,519 [pool-149-thread-1] INFO  server.RaftServer$Division (ServerState.java:<init>(118)) - c33c6748-58a2-4781-a6a3-3a6f81ff3630@group-31653456D5E6: ConfigurationManager, init=-1: peers:[c33c6748-58a2-4781-a6a3-3a6f81ff3630|rpc:10.1.78.0:37425|dataStream:10.1.78.0:39407|priority:1|startupRole:FOLLOWER]|listeners:[], old=null, confs=<EMPTY_MAP>
2023-02-22 04:44:59,519 [pool-149-thread-1] INFO  server.RaftServerConfigKeys (ConfUtils.java:logGet(46)) - raft.server.storage.dir = [/home/runner/work/ozone/ozone/hadoop-ozone/integration-test/target/test-dir/MiniOzoneClusterImpl-23364813-765e-4689-b759-17f9bf3914d5/datanode-1/data/ratis] (custom)
2023-02-22 04:44:59,519 [pool-149-thread-1] INFO  server.RaftServerConfigKeys (ConfUtils.java:logGet(46)) - raft.server.log.corruption.policy = EXCEPTION (default)
2023-02-22 04:44:59,519 [pool-149-thread-1] INFO  server.RaftServerConfigKeys (ConfUtils.java:logGet(46)) - raft.server.storage.free-space.min = 0MB (=0) (default)
2023-02-22 04:44:59,520 [pool-149-thread-1] INFO  server.RaftServerConfigKeys (ConfUtils.java:logGet(46)) - raft.server.notification.no-leader.timeout = 300s (custom)
2023-02-22 04:44:59,520 [pool-149-thread-1] INFO  server.RaftServerConfigKeys (ConfUtils.java:logGet(46)) - raft.server.retrycache.expirytime = 600000ms (custom)
2023-02-22 04:44:59,520 [pool-149-thread-1] INFO  server.RaftServerConfigKeys (ConfUtils.java:logGet(46)) - raft.server.retrycache.statistics.expirytime = 100μs (default)
2023-02-22 04:44:59,520 [pool-149-thread-1] INFO  server.RaftServerConfigKeys (ConfUtils.java:logGet(46)) - raft.server.log.appender.install.snapshot.enabled = false (custom)
2023-02-22 04:44:59,521 [pool-149-thread-1] INFO  server.RaftServerConfigKeys (ConfUtils.java:logGet(46)) - raft.server.threadpool.server.cached = true (default)
2023-02-22 04:44:59,521 [pool-149-thread-1] INFO  server.RaftServerConfigKeys (ConfUtils.java:logGet(46)) - raft.server.threadpool.server.size = 0 (default)
2023-02-22 04:44:59,521 [pool-149-thread-1] INFO  server.RaftServerConfigKeys (ConfUtils.java:logGet(46)) - raft.server.threadpool.client.cached = true (default)
2023-02-22 04:44:59,521 [pool-149-thread-1] INFO  server.RaftServerConfigKeys (ConfUtils.java:logGet(46)) - raft.server.threadpool.client.size = 0 (default)
2023-02-22 04:44:59,521 [pool-149-thread-1] INFO  storage.RaftStorageDirectory (RaftStorageDirectoryImpl.java:analyzeStorage(137)) - The storage directory /home/runner/work/ozone/ozone/hadoop-ozone/integration-test/target/test-dir/MiniOzoneClusterImpl-23364813-765e-4689-b759-17f9bf3914d5/datanode-1/data/ratis/25348cb9-0ac3-4bb1-a561-31653456d5e6 does not exist. Creating ...
2023-02-22 04:44:59,522 [pool-149-thread-1] INFO  storage.RaftStorageDirectory (RaftStorageDirectoryImpl.java:tryLock(231)) - Lock on /home/runner/work/ozone/ozone/hadoop-ozone/integration-test/target/test-dir/MiniOzoneClusterImpl-23364813-765e-4689-b759-17f9bf3914d5/datanode-1/data/ratis/25348cb9-0ac3-4bb1-a561-31653456d5e6/in_use.lock acquired by nodename 93364@fv-az748-120
2023-02-22 04:44:59,523 [pool-149-thread-1] INFO  storage.RaftStorage (RaftStorageImpl.java:format(96)) - Storage directory /home/runner/work/ozone/ozone/hadoop-ozone/integration-test/target/test-dir/MiniOzoneClusterImpl-23364813-765e-4689-b759-17f9bf3914d5/datanode-1/data/ratis/25348cb9-0ac3-4bb1-a561-31653456d5e6 has been successfully formatted.
2023-02-22 04:44:59,523 [pool-149-thread-1] INFO  ratis.ContainerStateMachine (ContainerStateMachine.java:loadSnapshot(240)) - group-31653456D5E6: The snapshot info is null. Setting the last applied indexto:(t:0, i:~)
2023-02-22 04:44:59,523 [pool-149-thread-1] INFO  server.RaftServerConfigKeys (ConfUtils.java:logGet(46)) - raft.server.log.use.memory = false (default)
2023-02-22 04:44:59,523 [pool-149-thread-1] INFO  server.RaftServerConfigKeys (ConfUtils.java:logGet(46)) - raft.server.log.purge.gap = 1000000 (custom)
2023-02-22 04:44:59,523 [pool-149-thread-1] INFO  server.RaftServerConfigKeys (ConfUtils.java:logGet(46)) - raft.server.log.appender.buffer.byte-limit = 33554432 (custom)
2023-02-22 04:44:59,523 [pool-149-thread-1] INFO  server.RaftServerConfigKeys (ConfUtils.java:logGet(46)) - raft.server.log.statemachine.data.read.timeout = 1000ms (default)
2023-02-22 04:44:59,523 [pool-149-thread-1] INFO  server.RaftServerConfigKeys (ConfUtils.java:logGet(46)) - raft.server.log.purge.preservation.log.num = 0 (default)
2023-02-22 04:44:59,524 [pool-149-thread-1] INFO  server.RaftServerConfigKeys (ConfUtils.java:logGet(46)) - raft.server.log.segment.size.max = 1048576 (custom)
2023-02-22 04:44:59,525 [pool-149-thread-1] INFO  server.RaftServerConfigKeys (ConfUtils.java:logGet(46)) - raft.server.log.segment.cache.num.max = 2 (custom)
2023-02-22 04:44:59,526 [pool-149-thread-1] INFO  server.RaftServerConfigKeys (ConfUtils.java:logGet(46)) - raft.server.log.segment.cache.size.max = 200MB (=209715200) (default)
2023-02-22 04:44:59,526 [pool-149-thread-1] INFO  segmented.SegmentedRaftLogWorker (SegmentedRaftLogWorker.java:<init>(189)) - new c33c6748-58a2-4781-a6a3-3a6f81ff3630@group-31653456D5E6-SegmentedRaftLogWorker for RaftStorageImpl:Storage Directory /home/runner/work/ozone/ozone/hadoop-ozone/integration-test/target/test-dir/MiniOzoneClusterImpl-23364813-765e-4689-b759-17f9bf3914d5/datanode-1/data/ratis/25348cb9-0ac3-4bb1-a561-31653456d5e6
2023-02-22 04:44:59,526 [pool-149-thread-1] INFO  server.RaftServerConfigKeys (ConfUtils.java:logGet(46)) - raft.server.log.queue.byte-limit = 4294967296 (custom)
2023-02-22 04:44:59,526 [pool-149-thread-1] INFO  server.RaftServerConfigKeys (ConfUtils.java:logGet(46)) - raft.server.log.queue.element-limit = 1024 (custom)
2023-02-22 04:44:59,526 [pool-149-thread-1] INFO  server.RaftServerConfigKeys (ConfUtils.java:logGet(46)) - raft.server.log.segment.size.max = 1048576 (custom)
2023-02-22 04:44:59,526 [EventQueue-PipelineReportForPipelineReportHandler] INFO  pipeline.PipelineManagerImpl (PipelineManagerImpl.java:openPipeline(367)) - Pipeline Pipeline[ Id: 25348cb9-0ac3-4bb1-a561-31653456d5e6, Nodes: c33c6748-58a2-4781-a6a3-3a6f81ff3630(fv-az748-120.4k5rsvd4cmqu5oxra434zmszlb.cx.internal.cloudapp.net/10.1.78.0), ReplicationConfig: RATIS/ONE, State:ALLOCATED, leaderId:c33c6748-58a2-4781-a6a3-3a6f81ff3630, CreationTimestamp2023-02-22T04:44:56.520Z[Etc/UTC]] moved to OPEN state
2023-02-22 04:44:59,526 [pool-149-thread-1] INFO  server.RaftServerConfigKeys (ConfUtils.java:logGet(46)) - raft.server.log.preallocated.size = 16384 (custom)
2023-02-22 04:44:59,526 [pool-149-thread-1] INFO  server.RaftServerConfigKeys (ConfUtils.java:logGet(46)) - raft.server.log.force.sync.num = 128 (default)
2023-02-22 04:44:59,526 [pool-149-thread-1] INFO  server.RaftServerConfigKeys (ConfUtils.java:logGet(46)) - raft.server.log.statemachine.data.sync = true (default)
2023-02-22 04:44:59,526 [pool-149-thread-1] INFO  server.RaftServerConfigKeys (ConfUtils.java:logGet(46)) - raft.server.log.statemachine.data.sync.timeout = 10s (default)
2023-02-22 04:44:59,526 [pool-149-thread-1] INFO  server.RaftServerConfigKeys (ConfUtils.java:logGet(46)) - raft.server.log.statemachine.data.sync.timeout.retry = -1 (default)
2023-02-22 04:44:59,528 [EventQueue-OpenPipelineForHealthyPipelineSafeModeRule] INFO  safemode.SCMSafeModeManager (HealthyPipelineSafeModeRule.java:process(137)) - SCM in safe mode. Healthy pipelines reported count is 0, required healthy pipeline reported count is 1
2023-02-22 04:44:59,528 [pool-149-thread-1] INFO  server.RaftServerConfigKeys (ConfUtils.java:logGet(46)) - raft.server.log.write.buffer.size = 1048576 (custom)
2023-02-22 04:44:59,528 [pool-149-thread-1] INFO  server.RaftServerConfigKeys (ConfUtils.java:logGet(46)) - raft.server.log.appender.buffer.byte-limit = 33554432 (custom)
2023-02-22 04:44:59,532 [pool-149-thread-1] INFO  server.RaftServerConfigKeys (ConfUtils.java:logGet(46)) - raft.server.log.unsafe-flush.enabled = false (default)
2023-02-22 04:44:59,532 [pool-149-thread-1] INFO  server.RaftServerConfigKeys (ConfUtils.java:logGet(46)) - raft.server.log.async-flush.enabled = false (default)
2023-02-22 04:44:59,533 [pool-149-thread-1] INFO  server.RaftServerConfigKeys (ConfUtils.java:logGet(46)) - raft.server.log.statemachine.data.caching.enabled = true (custom)
2023-02-22 04:44:59,533 [pool-149-thread-1] INFO  segmented.SegmentedRaftLogWorker (SegmentedRaftLogWorker.java:lambda$new$0(135)) - c33c6748-58a2-4781-a6a3-3a6f81ff3630@group-31653456D5E6-SegmentedRaftLogWorker: flushIndex: setUnconditionally 0 -> -1
2023-02-22 04:44:59,533 [pool-149-thread-1] INFO  segmented.SegmentedRaftLogWorker (SegmentedRaftLogWorker.java:lambda$new$0(135)) - c33c6748-58a2-4781-a6a3-3a6f81ff3630@group-31653456D5E6-SegmentedRaftLogWorker: safeCacheEvictIndex: setUnconditionally 0 -> -1
2023-02-22 04:44:59,533 [pool-149-thread-1] INFO  server.RaftServer$Division (RaftServerImpl.java:start(334)) - c33c6748-58a2-4781-a6a3-3a6f81ff3630@group-31653456D5E6: start as a follower, conf=-1: peers:[c33c6748-58a2-4781-a6a3-3a6f81ff3630|rpc:10.1.78.0:37425|dataStream:10.1.78.0:39407|priority:1|startupRole:FOLLOWER]|listeners:[], old=null
2023-02-22 04:44:59,533 [pool-149-thread-1] INFO  server.RaftServer$Division (RaftServerImpl.java:setRole(321)) - c33c6748-58a2-4781-a6a3-3a6f81ff3630@group-31653456D5E6: changes role from      null to FOLLOWER at term 0 for startAsFollower
2023-02-22 04:44:59,533 [pool-149-thread-1] INFO  impl.RoleInfo (RoleInfo.java:updateAndGet(139)) - c33c6748-58a2-4781-a6a3-3a6f81ff3630: start c33c6748-58a2-4781-a6a3-3a6f81ff3630@group-31653456D5E6-FollowerState
2023-02-22 04:44:59,537 [pool-149-thread-1] INFO  util.JmxRegister (JmxRegister.java:tryRegister(44)) - Successfully registered JMX Bean with object name Ratis:service=RaftServer,group=group-31653456D5E6,id=c33c6748-58a2-4781-a6a3-3a6f81ff3630
2023-02-22 04:44:59,537 [pool-149-thread-1] INFO  server.RaftServerConfigKeys (ConfUtils.java:logGet(46)) - raft.server.snapshot.auto.trigger.enabled = true (custom)
2023-02-22 04:44:59,537 [pool-149-thread-1] INFO  server.RaftServerConfigKeys (ConfUtils.java:logGet(46)) - raft.server.snapshot.auto.trigger.threshold = 10000 (custom)
2023-02-22 04:44:59,537 [pool-149-thread-1] INFO  server.RaftServerConfigKeys (ConfUtils.java:logGet(46)) - raft.server.snapshot.retention.file.num = 5 (custom)
2023-02-22 04:44:59,537 [pool-149-thread-1] INFO  server.RaftServerConfigKeys (ConfUtils.java:logGet(46)) - raft.server.log.purge.upto.snapshot.index = false (default)
2023-02-22 04:44:59,538 [c33c6748-58a2-4781-a6a3-3a6f81ff3630@group-31653456D5E6-FollowerState] INFO  server.RaftServerConfigKeys (ConfUtils.java:logFallback(53)) - raft.server.rpc.first-election.timeout.min = 5s (fallback to raft.server.rpc.timeout.min)
2023-02-22 04:44:59,538 [c33c6748-58a2-4781-a6a3-3a6f81ff3630@group-31653456D5E6-FollowerState] INFO  server.RaftServerConfigKeys (ConfUtils.java:logFallback(53)) - raft.server.rpc.first-election.timeout.max = 5200ms (fallback to raft.server.rpc.timeout.max)
2023-02-22 04:44:59,538 [Command processor thread] INFO  ratis.XceiverServerRatis (XceiverServerRatis.java:addGroup(807)) - Created group PipelineID=25348cb9-0ac3-4bb1-a561-31653456d5e6
2023-02-22 04:44:59,538 [Command processor thread] INFO  commandhandler.CreatePipelineCommandHandler (CreatePipelineCommandHandler.java:handle(113)) - Created Pipeline RATIS ONE PipelineID=25348cb9-0ac3-4bb1-a561-31653456d5e6.
2023-02-22 04:44:59,880 [Listener at 127.0.0.1/35585] INFO  ozone.MiniOzoneClusterImpl (MiniOzoneClusterImpl.java:lambda$waitForClusterToBeReady$0(218)) - Nodes are ready. Got 3 of 3 DN Heartbeats.
2023-02-22 04:44:59,880 [Listener at 127.0.0.1/35585] INFO  ozone.MiniOzoneClusterImpl (MiniOzoneClusterImpl.java:lambda$waitForClusterToBeReady$0(221)) - Waiting for cluster to exit safe mode
2023-02-22 04:44:59,880 [Listener at 127.0.0.1/35585] INFO  ozone.MiniOzoneClusterImpl (MiniOzoneClusterImpl.java:lambda$waitForClusterToBeReady$0(223)) - SCM became leader
2023-02-22 04:44:59,884 [Command processor thread] INFO  server.RaftServer (RaftServerProxy.java:addNew(96)) - f9f5dbe8-91d3-4a2a-a4dd-ba97f25f1f6e: addNew group-F69D173451CA:[f9f5dbe8-91d3-4a2a-a4dd-ba97f25f1f6e|rpc:10.1.78.0:40235|dataStream:10.1.78.0:42699|priority:1|startupRole:FOLLOWER] returns group-F69D173451CA:java.util.concurrent.CompletableFuture@1ebc34a2[Not completed]
2023-02-22 04:44:59,885 [pool-171-thread-1] INFO  server.RaftServer$Division (RaftServerImpl.java:<init>(195)) - f9f5dbe8-91d3-4a2a-a4dd-ba97f25f1f6e: new RaftServerImpl for group-F69D173451CA:[f9f5dbe8-91d3-4a2a-a4dd-ba97f25f1f6e|rpc:10.1.78.0:40235|dataStream:10.1.78.0:42699|priority:1|startupRole:FOLLOWER] with ContainerStateMachine:uninitialized
2023-02-22 04:44:59,885 [pool-171-thread-1] INFO  server.RaftServerConfigKeys (ConfUtils.java:logGet(46)) - raft.server.rpc.timeout.min = 5s (custom)
2023-02-22 04:44:59,885 [pool-171-thread-1] INFO  server.RaftServerConfigKeys (ConfUtils.java:logGet(46)) - raft.server.rpc.timeout.max = 5200ms (custom)
2023-02-22 04:44:59,885 [pool-171-thread-1] INFO  server.RaftServerConfigKeys (ConfUtils.java:logGet(46)) - raft.server.rpc.sleep.time = 25ms (default)
2023-02-22 04:44:59,885 [pool-171-thread-1] INFO  server.RaftServerConfigKeys (ConfUtils.java:logGet(46)) - raft.server.rpc.slowness.timeout = 300s (custom)
2023-02-22 04:44:59,885 [pool-171-thread-1] INFO  server.RaftServerConfigKeys (ConfUtils.java:logGet(46)) - raft.server.leaderelection.leader.step-down.wait-time = 10s (default)
2023-02-22 04:44:59,885 [pool-171-thread-1] INFO  server.RaftServerConfigKeys (ConfUtils.java:logGet(46)) - raft.server.sleep.deviation.threshold = 300ms (default)
2023-02-22 04:44:59,885 [pool-171-thread-1] INFO  server.RaftServer$Division (ServerState.java:<init>(118)) - f9f5dbe8-91d3-4a2a-a4dd-ba97f25f1f6e@group-F69D173451CA: ConfigurationManager, init=-1: peers:[f9f5dbe8-91d3-4a2a-a4dd-ba97f25f1f6e|rpc:10.1.78.0:40235|dataStream:10.1.78.0:42699|priority:1|startupRole:FOLLOWER]|listeners:[], old=null, confs=<EMPTY_MAP>
2023-02-22 04:44:59,885 [pool-171-thread-1] INFO  server.RaftServerConfigKeys (ConfUtils.java:logGet(46)) - raft.server.storage.dir = [/home/runner/work/ozone/ozone/hadoop-ozone/integration-test/target/test-dir/MiniOzoneClusterImpl-23364813-765e-4689-b759-17f9bf3914d5/datanode-2/data/ratis] (custom)
2023-02-22 04:44:59,885 [pool-171-thread-1] INFO  server.RaftServerConfigKeys (ConfUtils.java:logGet(46)) - raft.server.log.corruption.policy = EXCEPTION (default)
2023-02-22 04:44:59,885 [pool-171-thread-1] INFO  server.RaftServerConfigKeys (ConfUtils.java:logGet(46)) - raft.server.storage.free-space.min = 0MB (=0) (default)
2023-02-22 04:44:59,886 [pool-171-thread-1] INFO  server.RaftServerConfigKeys (ConfUtils.java:logGet(46)) - raft.server.notification.no-leader.timeout = 300s (custom)
2023-02-22 04:44:59,886 [pool-171-thread-1] INFO  server.RaftServerConfigKeys (ConfUtils.java:logGet(46)) - raft.server.retrycache.expirytime = 600000ms (custom)
2023-02-22 04:44:59,886 [pool-171-thread-1] INFO  server.RaftServerConfigKeys (ConfUtils.java:logGet(46)) - raft.server.retrycache.statistics.expirytime = 100μs (default)
2023-02-22 04:44:59,887 [pool-171-thread-1] INFO  server.RaftServerConfigKeys (ConfUtils.java:logGet(46)) - raft.server.log.appender.install.snapshot.enabled = false (custom)
2023-02-22 04:44:59,887 [pool-171-thread-1] INFO  server.RaftServerConfigKeys (ConfUtils.java:logGet(46)) - raft.server.threadpool.server.cached = true (default)
2023-02-22 04:44:59,887 [pool-171-thread-1] INFO  server.RaftServerConfigKeys (ConfUtils.java:logGet(46)) - raft.server.threadpool.server.size = 0 (default)
2023-02-22 04:44:59,887 [pool-171-thread-1] INFO  server.RaftServerConfigKeys (ConfUtils.java:logGet(46)) - raft.server.threadpool.client.cached = true (default)
2023-02-22 04:44:59,887 [pool-171-thread-1] INFO  server.RaftServerConfigKeys (ConfUtils.java:logGet(46)) - raft.server.threadpool.client.size = 0 (default)
2023-02-22 04:44:59,887 [pool-171-thread-1] INFO  storage.RaftStorageDirectory (RaftStorageDirectoryImpl.java:analyzeStorage(137)) - The storage directory /home/runner/work/ozone/ozone/hadoop-ozone/integration-test/target/test-dir/MiniOzoneClusterImpl-23364813-765e-4689-b759-17f9bf3914d5/datanode-2/data/ratis/3ea7aa19-fdec-49b0-b144-f69d173451ca does not exist. Creating ...
2023-02-22 04:44:59,890 [pool-171-thread-1] INFO  storage.RaftStorageDirectory (RaftStorageDirectoryImpl.java:tryLock(231)) - Lock on /home/runner/work/ozone/ozone/hadoop-ozone/integration-test/target/test-dir/MiniOzoneClusterImpl-23364813-765e-4689-b759-17f9bf3914d5/datanode-2/data/ratis/3ea7aa19-fdec-49b0-b144-f69d173451ca/in_use.lock acquired by nodename 93364@fv-az748-120
2023-02-22 04:44:59,891 [pool-171-thread-1] INFO  storage.RaftStorage (RaftStorageImpl.java:format(96)) - Storage directory /home/runner/work/ozone/ozone/hadoop-ozone/integration-test/target/test-dir/MiniOzoneClusterImpl-23364813-765e-4689-b759-17f9bf3914d5/datanode-2/data/ratis/3ea7aa19-fdec-49b0-b144-f69d173451ca has been successfully formatted.
2023-02-22 04:44:59,894 [EventQueue-PipelineReportForPipelineReportHandler] INFO  pipeline.PipelineManagerImpl (PipelineManagerImpl.java:openPipeline(367)) - Pipeline Pipeline[ Id: 3ea7aa19-fdec-49b0-b144-f69d173451ca, Nodes: f9f5dbe8-91d3-4a2a-a4dd-ba97f25f1f6e(fv-az748-120.4k5rsvd4cmqu5oxra434zmszlb.cx.internal.cloudapp.net/10.1.78.0), ReplicationConfig: RATIS/ONE, State:ALLOCATED, leaderId:f9f5dbe8-91d3-4a2a-a4dd-ba97f25f1f6e, CreationTimestamp2023-02-22T04:44:56.886Z[Etc/UTC]] moved to OPEN state
2023-02-22 04:44:59,895 [EventQueue-OpenPipelineForHealthyPipelineSafeModeRule] INFO  safemode.SCMSafeModeManager (HealthyPipelineSafeModeRule.java:process(137)) - SCM in safe mode. Healthy pipelines reported count is 0, required healthy pipeline reported count is 1
2023-02-22 04:44:59,895 [pool-171-thread-1] INFO  ratis.ContainerStateMachine (ContainerStateMachine.java:loadSnapshot(240)) - group-F69D173451CA: The snapshot info is null. Setting the last applied indexto:(t:0, i:~)
2023-02-22 04:44:59,895 [pool-171-thread-1] INFO  server.RaftServerConfigKeys (ConfUtils.java:logGet(46)) - raft.server.log.use.memory = false (default)
2023-02-22 04:44:59,895 [pool-171-thread-1] INFO  server.RaftServerConfigKeys (ConfUtils.java:logGet(46)) - raft.server.log.purge.gap = 1000000 (custom)
2023-02-22 04:44:59,895 [pool-171-thread-1] INFO  server.RaftServerConfigKeys (ConfUtils.java:logGet(46)) - raft.server.log.appender.buffer.byte-limit = 33554432 (custom)
2023-02-22 04:44:59,895 [pool-171-thread-1] INFO  server.RaftServerConfigKeys (ConfUtils.java:logGet(46)) - raft.server.log.statemachine.data.read.timeout = 1000ms (default)
2023-02-22 04:44:59,895 [pool-171-thread-1] INFO  server.RaftServerConfigKeys (ConfUtils.java:logGet(46)) - raft.server.log.purge.preservation.log.num = 0 (default)
2023-02-22 04:44:59,896 [pool-171-thread-1] INFO  server.RaftServerConfigKeys (ConfUtils.java:logGet(46)) - raft.server.log.segment.size.max = 1048576 (custom)
2023-02-22 04:44:59,896 [pool-171-thread-1] INFO  server.RaftServerConfigKeys (ConfUtils.java:logGet(46)) - raft.server.log.segment.cache.num.max = 2 (custom)
2023-02-22 04:44:59,896 [pool-171-thread-1] INFO  server.RaftServerConfigKeys (ConfUtils.java:logGet(46)) - raft.server.log.segment.cache.size.max = 200MB (=209715200) (default)
2023-02-22 04:44:59,896 [pool-171-thread-1] INFO  segmented.SegmentedRaftLogWorker (SegmentedRaftLogWorker.java:<init>(189)) - new f9f5dbe8-91d3-4a2a-a4dd-ba97f25f1f6e@group-F69D173451CA-SegmentedRaftLogWorker for RaftStorageImpl:Storage Directory /home/runner/work/ozone/ozone/hadoop-ozone/integration-test/target/test-dir/MiniOzoneClusterImpl-23364813-765e-4689-b759-17f9bf3914d5/datanode-2/data/ratis/3ea7aa19-fdec-49b0-b144-f69d173451ca
2023-02-22 04:44:59,896 [pool-171-thread-1] INFO  server.RaftServerConfigKeys (ConfUtils.java:logGet(46)) - raft.server.log.queue.byte-limit = 4294967296 (custom)
2023-02-22 04:44:59,896 [pool-171-thread-1] INFO  server.RaftServerConfigKeys (ConfUtils.java:logGet(46)) - raft.server.log.queue.element-limit = 1024 (custom)
2023-02-22 04:44:59,896 [pool-171-thread-1] INFO  server.RaftServerConfigKeys (ConfUtils.java:logGet(46)) - raft.server.log.segment.size.max = 1048576 (custom)
2023-02-22 04:44:59,896 [pool-171-thread-1] INFO  server.RaftServerConfigKeys (ConfUtils.java:logGet(46)) - raft.server.log.preallocated.size = 16384 (custom)
2023-02-22 04:44:59,896 [pool-171-thread-1] INFO  server.RaftServerConfigKeys (ConfUtils.java:logGet(46)) - raft.server.log.force.sync.num = 128 (default)
2023-02-22 04:44:59,896 [pool-171-thread-1] INFO  server.RaftServerConfigKeys (ConfUtils.java:logGet(46)) - raft.server.log.statemachine.data.sync = true (default)
2023-02-22 04:44:59,896 [pool-171-thread-1] INFO  server.RaftServerConfigKeys (ConfUtils.java:logGet(46)) - raft.server.log.statemachine.data.sync.timeout = 10s (default)
2023-02-22 04:44:59,896 [pool-171-thread-1] INFO  server.RaftServerConfigKeys (ConfUtils.java:logGet(46)) - raft.server.log.statemachine.data.sync.timeout.retry = -1 (default)
2023-02-22 04:44:59,897 [pool-171-thread-1] INFO  server.RaftServerConfigKeys (ConfUtils.java:logGet(46)) - raft.server.log.write.buffer.size = 1048576 (custom)
2023-02-22 04:44:59,898 [pool-171-thread-1] INFO  server.RaftServerConfigKeys (ConfUtils.java:logGet(46)) - raft.server.log.appender.buffer.byte-limit = 33554432 (custom)
2023-02-22 04:44:59,901 [pool-171-thread-1] INFO  server.RaftServerConfigKeys (ConfUtils.java:logGet(46)) - raft.server.log.unsafe-flush.enabled = false (default)
2023-02-22 04:44:59,901 [pool-171-thread-1] INFO  server.RaftServerConfigKeys (ConfUtils.java:logGet(46)) - raft.server.log.async-flush.enabled = false (default)
2023-02-22 04:44:59,901 [pool-171-thread-1] INFO  server.RaftServerConfigKeys (ConfUtils.java:logGet(46)) - raft.server.log.statemachine.data.caching.enabled = true (custom)
2023-02-22 04:44:59,901 [pool-171-thread-1] INFO  segmented.SegmentedRaftLogWorker (SegmentedRaftLogWorker.java:lambda$new$0(135)) - f9f5dbe8-91d3-4a2a-a4dd-ba97f25f1f6e@group-F69D173451CA-SegmentedRaftLogWorker: flushIndex: setUnconditionally 0 -> -1
2023-02-22 04:44:59,901 [pool-171-thread-1] INFO  segmented.SegmentedRaftLogWorker (SegmentedRaftLogWorker.java:lambda$new$0(135)) - f9f5dbe8-91d3-4a2a-a4dd-ba97f25f1f6e@group-F69D173451CA-SegmentedRaftLogWorker: safeCacheEvictIndex: setUnconditionally 0 -> -1
2023-02-22 04:44:59,901 [pool-171-thread-1] INFO  server.RaftServer$Division (RaftServerImpl.java:start(334)) - f9f5dbe8-91d3-4a2a-a4dd-ba97f25f1f6e@group-F69D173451CA: start as a follower, conf=-1: peers:[f9f5dbe8-91d3-4a2a-a4dd-ba97f25f1f6e|rpc:10.1.78.0:40235|dataStream:10.1.78.0:42699|priority:1|startupRole:FOLLOWER]|listeners:[], old=null
2023-02-22 04:44:59,901 [pool-171-thread-1] INFO  server.RaftServer$Division (RaftServerImpl.java:setRole(321)) - f9f5dbe8-91d3-4a2a-a4dd-ba97f25f1f6e@group-F69D173451CA: changes role from      null to FOLLOWER at term 0 for startAsFollower
2023-02-22 04:44:59,902 [pool-171-thread-1] INFO  impl.RoleInfo (RoleInfo.java:updateAndGet(139)) - f9f5dbe8-91d3-4a2a-a4dd-ba97f25f1f6e: start f9f5dbe8-91d3-4a2a-a4dd-ba97f25f1f6e@group-F69D173451CA-FollowerState
2023-02-22 04:44:59,902 [pool-171-thread-1] INFO  util.JmxRegister (JmxRegister.java:tryRegister(44)) - Successfully registered JMX Bean with object name Ratis:service=RaftServer,group=group-F69D173451CA,id=f9f5dbe8-91d3-4a2a-a4dd-ba97f25f1f6e
2023-02-22 04:44:59,902 [pool-171-thread-1] INFO  server.RaftServerConfigKeys (ConfUtils.java:logGet(46)) - raft.server.snapshot.auto.trigger.enabled = true (custom)
2023-02-22 04:44:59,902 [pool-171-thread-1] INFO  server.RaftServerConfigKeys (ConfUtils.java:logGet(46)) - raft.server.snapshot.auto.trigger.threshold = 10000 (custom)
2023-02-22 04:44:59,902 [pool-171-thread-1] INFO  server.RaftServerConfigKeys (ConfUtils.java:logGet(46)) - raft.server.snapshot.retention.file.num = 5 (custom)
2023-02-22 04:44:59,902 [pool-171-thread-1] INFO  server.RaftServerConfigKeys (ConfUtils.java:logGet(46)) - raft.server.log.purge.upto.snapshot.index = false (default)
2023-02-22 04:44:59,906 [f9f5dbe8-91d3-4a2a-a4dd-ba97f25f1f6e@group-F69D173451CA-FollowerState] INFO  server.RaftServerConfigKeys (ConfUtils.java:logFallback(53)) - raft.server.rpc.first-election.timeout.min = 5s (fallback to raft.server.rpc.timeout.min)
2023-02-22 04:44:59,906 [f9f5dbe8-91d3-4a2a-a4dd-ba97f25f1f6e@group-F69D173451CA-FollowerState] INFO  server.RaftServerConfigKeys (ConfUtils.java:logFallback(53)) - raft.server.rpc.first-election.timeout.max = 5200ms (fallback to raft.server.rpc.timeout.max)
2023-02-22 04:44:59,906 [Command processor thread] INFO  ratis.XceiverServerRatis (XceiverServerRatis.java:addGroup(807)) - Created group PipelineID=3ea7aa19-fdec-49b0-b144-f69d173451ca
2023-02-22 04:44:59,906 [Command processor thread] INFO  commandhandler.CreatePipelineCommandHandler (CreatePipelineCommandHandler.java:handle(113)) - Created Pipeline RATIS ONE PipelineID=3ea7aa19-fdec-49b0-b144-f69d173451ca.
2023-02-22 04:45:00,880 [Listener at 127.0.0.1/35585] INFO  ozone.MiniOzoneClusterImpl (MiniOzoneClusterImpl.java:lambda$waitForClusterToBeReady$0(218)) - Nodes are ready. Got 3 of 3 DN Heartbeats.
2023-02-22 04:45:00,880 [Listener at 127.0.0.1/35585] INFO  ozone.MiniOzoneClusterImpl (MiniOzoneClusterImpl.java:lambda$waitForClusterToBeReady$0(221)) - Waiting for cluster to exit safe mode
2023-02-22 04:45:00,880 [Listener at 127.0.0.1/35585] INFO  ozone.MiniOzoneClusterImpl (MiniOzoneClusterImpl.java:lambda$waitForClusterToBeReady$0(223)) - SCM became leader
2023-02-22 04:45:01,881 [Listener at 127.0.0.1/35585] INFO  ozone.MiniOzoneClusterImpl (MiniOzoneClusterImpl.java:lambda$waitForClusterToBeReady$0(218)) - Nodes are ready. Got 3 of 3 DN Heartbeats.
2023-02-22 04:45:01,881 [Listener at 127.0.0.1/35585] INFO  ozone.MiniOzoneClusterImpl (MiniOzoneClusterImpl.java:lambda$waitForClusterToBeReady$0(221)) - Waiting for cluster to exit safe mode
2023-02-22 04:45:01,881 [Listener at 127.0.0.1/35585] INFO  ozone.MiniOzoneClusterImpl (MiniOzoneClusterImpl.java:lambda$waitForClusterToBeReady$0(223)) - SCM became leader
2023-02-22 04:45:02,881 [Listener at 127.0.0.1/35585] INFO  ozone.MiniOzoneClusterImpl (MiniOzoneClusterImpl.java:lambda$waitForClusterToBeReady$0(218)) - Nodes are ready. Got 3 of 3 DN Heartbeats.
2023-02-22 04:45:02,881 [Listener at 127.0.0.1/35585] INFO  ozone.MiniOzoneClusterImpl (MiniOzoneClusterImpl.java:lambda$waitForClusterToBeReady$0(221)) - Waiting for cluster to exit safe mode
2023-02-22 04:45:02,882 [Listener at 127.0.0.1/35585] INFO  ozone.MiniOzoneClusterImpl (MiniOzoneClusterImpl.java:lambda$waitForClusterToBeReady$0(223)) - SCM became leader
2023-02-22 04:45:03,882 [Listener at 127.0.0.1/35585] INFO  ozone.MiniOzoneClusterImpl (MiniOzoneClusterImpl.java:lambda$waitForClusterToBeReady$0(218)) - Nodes are ready. Got 3 of 3 DN Heartbeats.
2023-02-22 04:45:03,882 [Listener at 127.0.0.1/35585] INFO  ozone.MiniOzoneClusterImpl (MiniOzoneClusterImpl.java:lambda$waitForClusterToBeReady$0(221)) - Waiting for cluster to exit safe mode
2023-02-22 04:45:03,882 [Listener at 127.0.0.1/35585] INFO  ozone.MiniOzoneClusterImpl (MiniOzoneClusterImpl.java:lambda$waitForClusterToBeReady$0(223)) - SCM became leader
2023-02-22 04:45:04,280 [fca85417-4002-4831-843c-2e02b9319828@group-DF75FFA3266C-FollowerState] INFO  impl.FollowerState (FollowerState.java:run(143)) - fca85417-4002-4831-843c-2e02b9319828@group-DF75FFA3266C-FollowerState: change to CANDIDATE, lastRpcElapsedTime:5085519200ns, electionTimeout:5085ms
2023-02-22 04:45:04,280 [fca85417-4002-4831-843c-2e02b9319828@group-DF75FFA3266C-FollowerState] INFO  impl.RoleInfo (RoleInfo.java:shutdownFollowerState(110)) - fca85417-4002-4831-843c-2e02b9319828: shutdown fca85417-4002-4831-843c-2e02b9319828@group-DF75FFA3266C-FollowerState
2023-02-22 04:45:04,280 [fca85417-4002-4831-843c-2e02b9319828@group-DF75FFA3266C-FollowerState] INFO  server.RaftServer$Division (RaftServerImpl.java:setRole(321)) - fca85417-4002-4831-843c-2e02b9319828@group-DF75FFA3266C: changes role from  FOLLOWER to CANDIDATE at term 0 for changeToCandidate
2023-02-22 04:45:04,281 [fca85417-4002-4831-843c-2e02b9319828@group-DF75FFA3266C-FollowerState] INFO  server.RaftServerConfigKeys (ConfUtils.java:logGet(46)) - raft.server.leaderelection.pre-vote = true (default)
2023-02-22 04:45:04,281 [fca85417-4002-4831-843c-2e02b9319828@group-DF75FFA3266C-FollowerState] INFO  impl.RoleInfo (RoleInfo.java:updateAndGet(139)) - fca85417-4002-4831-843c-2e02b9319828: start fca85417-4002-4831-843c-2e02b9319828@group-DF75FFA3266C-LeaderElection2
2023-02-22 04:45:04,289 [fca85417-4002-4831-843c-2e02b9319828@group-DF75FFA3266C-LeaderElection2] INFO  impl.LeaderElection (LeaderElection.java:askForVotes(312)) - fca85417-4002-4831-843c-2e02b9319828@group-DF75FFA3266C-LeaderElection2 PRE_VOTE round 0: submit vote requests at term 0 for -1: peers:[fca85417-4002-4831-843c-2e02b9319828|rpc:10.1.78.0:40073|dataStream:10.1.78.0:33265|priority:1|startupRole:FOLLOWER]|listeners:[], old=null
2023-02-22 04:45:04,289 [fca85417-4002-4831-843c-2e02b9319828@group-DF75FFA3266C-LeaderElection2] INFO  impl.LeaderElection (LeaderElection.java:askForVotes(314)) - fca85417-4002-4831-843c-2e02b9319828@group-DF75FFA3266C-LeaderElection2 PRE_VOTE round 0: result PASSED (term=0)
2023-02-22 04:45:04,290 [fca85417-4002-4831-843c-2e02b9319828@group-DF75FFA3266C-LeaderElection2] INFO  impl.LeaderElection (LeaderElection.java:askForVotes(312)) - fca85417-4002-4831-843c-2e02b9319828@group-DF75FFA3266C-LeaderElection2 ELECTION round 0: submit vote requests at term 1 for -1: peers:[fca85417-4002-4831-843c-2e02b9319828|rpc:10.1.78.0:40073|dataStream:10.1.78.0:33265|priority:1|startupRole:FOLLOWER]|listeners:[], old=null
2023-02-22 04:45:04,290 [fca85417-4002-4831-843c-2e02b9319828@group-DF75FFA3266C-LeaderElection2] INFO  impl.LeaderElection (LeaderElection.java:askForVotes(314)) - fca85417-4002-4831-843c-2e02b9319828@group-DF75FFA3266C-LeaderElection2 ELECTION round 0: result PASSED (term=1)
2023-02-22 04:45:04,290 [fca85417-4002-4831-843c-2e02b9319828@group-DF75FFA3266C-LeaderElection2] INFO  impl.RoleInfo (RoleInfo.java:shutdownLeaderElection(130)) - fca85417-4002-4831-843c-2e02b9319828: shutdown fca85417-4002-4831-843c-2e02b9319828@group-DF75FFA3266C-LeaderElection2
2023-02-22 04:45:04,290 [fca85417-4002-4831-843c-2e02b9319828@group-DF75FFA3266C-LeaderElection2] INFO  server.RaftServer$Division (RaftServerImpl.java:setRole(321)) - fca85417-4002-4831-843c-2e02b9319828@group-DF75FFA3266C: changes role from CANDIDATE to LEADER at term 1 for changeToLeader
2023-02-22 04:45:04,290 [fca85417-4002-4831-843c-2e02b9319828@group-DF75FFA3266C-LeaderElection2] INFO  ratis.XceiverServerRatis (XceiverServerRatis.java:handleLeaderChangedNotification(905)) - Leader change notification received for group: group-DF75FFA3266C with new leaderId: fca85417-4002-4831-843c-2e02b9319828
2023-02-22 04:45:04,291 [fca85417-4002-4831-843c-2e02b9319828@group-DF75FFA3266C-LeaderElection2] INFO  server.RaftServer$Division (ServerState.java:setLeader(313)) - fca85417-4002-4831-843c-2e02b9319828@group-DF75FFA3266C: change Leader from null to fca85417-4002-4831-843c-2e02b9319828 at term 1 for becomeLeader, leader elected after 5133ms
2023-02-22 04:45:04,291 [fca85417-4002-4831-843c-2e02b9319828@group-DF75FFA3266C-LeaderElection2] INFO  server.RaftServerConfigKeys (ConfUtils.java:logGet(46)) - raft.server.staging.catchup.gap = 1000 (default)
2023-02-22 04:45:04,291 [fca85417-4002-4831-843c-2e02b9319828@group-DF75FFA3266C-LeaderElection2] INFO  server.RaftServerConfigKeys (ConfUtils.java:logGet(46)) - raft.server.write.element-limit = 1024 (custom)
2023-02-22 04:45:04,291 [fca85417-4002-4831-843c-2e02b9319828@group-DF75FFA3266C-LeaderElection2] INFO  server.RaftServerConfigKeys (ConfUtils.java:logGet(46)) - raft.server.write.byte-limit = 1024 M (=1073741824) (custom)
2023-02-22 04:45:04,291 [fca85417-4002-4831-843c-2e02b9319828@group-DF75FFA3266C-LeaderElection2] INFO  server.RaftServerConfigKeys (ConfUtils.java:logGet(46)) - raft.server.watch.timeout = 180s (custom)
2023-02-22 04:45:04,292 [fca85417-4002-4831-843c-2e02b9319828@group-DF75FFA3266C-LeaderElection2] INFO  server.RaftServerConfigKeys (ConfUtils.java:logGet(46)) - raft.server.watch.timeout.denomination = 1s (default)
2023-02-22 04:45:04,292 [fca85417-4002-4831-843c-2e02b9319828@group-DF75FFA3266C-LeaderElection2] INFO  server.RaftServerConfigKeys (ConfUtils.java:logGet(46)) - raft.server.watch.element-limit = 65536 (default)
2023-02-22 04:45:04,292 [fca85417-4002-4831-843c-2e02b9319828@group-DF75FFA3266C-LeaderElection2] INFO  server.RaftServerConfigKeys (ConfUtils.java:logGet(46)) - raft.server.write.element-limit = 1024 (custom)
2023-02-22 04:45:04,292 [fca85417-4002-4831-843c-2e02b9319828@group-DF75FFA3266C-LeaderElection2] INFO  server.RaftServerConfigKeys (ConfUtils.java:logGet(46)) - raft.server.write.follower.gap.ratio.max = -1.0 (default)
2023-02-22 04:45:04,292 [fca85417-4002-4831-843c-2e02b9319828@group-DF75FFA3266C-LeaderElection2] INFO  impl.RoleInfo (RoleInfo.java:updateAndGet(139)) - fca85417-4002-4831-843c-2e02b9319828: start fca85417-4002-4831-843c-2e02b9319828@group-DF75FFA3266C-LeaderStateImpl
2023-02-22 04:45:04,292 [fca85417-4002-4831-843c-2e02b9319828@group-DF75FFA3266C-LeaderElection2] INFO  segmented.SegmentedRaftLogWorker (SegmentedRaftLogWorker.java:startLogSegment(452)) - fca85417-4002-4831-843c-2e02b9319828@group-DF75FFA3266C-SegmentedRaftLogWorker: Starting segment from index:0
2023-02-22 04:45:04,292 [EventQueue-OpenPipelineForHealthyPipelineSafeModeRule] INFO  safemode.SCMSafeModeManager (HealthyPipelineSafeModeRule.java:process(137)) - SCM in safe mode. Healthy pipelines reported count is 0, required healthy pipeline reported count is 1
2023-02-22 04:45:04,295 [fca85417-4002-4831-843c-2e02b9319828@group-DF75FFA3266C-LeaderElection2] INFO  server.RaftServer$Division (ServerState.java:setRaftConf(430)) - fca85417-4002-4831-843c-2e02b9319828@group-DF75FFA3266C: set configuration 0: peers:[fca85417-4002-4831-843c-2e02b9319828|rpc:10.1.78.0:40073|dataStream:10.1.78.0:33265|priority:1|startupRole:FOLLOWER]|listeners:[], old=null
2023-02-22 04:45:04,295 [fca85417-4002-4831-843c-2e02b9319828@group-DF75FFA3266C-SegmentedRaftLogWorker] INFO  segmented.SegmentedRaftLogWorker (SegmentedRaftLogWorker.java:execute(656)) - fca85417-4002-4831-843c-2e02b9319828@group-DF75FFA3266C-SegmentedRaftLogWorker: created new log segment /home/runner/work/ozone/ozone/hadoop-ozone/integration-test/target/test-dir/MiniOzoneClusterImpl-23364813-765e-4689-b759-17f9bf3914d5/datanode-0/data/ratis/a2a68490-732a-4409-a3ad-df75ffa3266c/current/log_inprogress_0
2023-02-22 04:45:04,360 [fca85417-4002-4831-843c-2e02b9319828@group-5723AAE7D50B-FollowerState] INFO  impl.FollowerState (FollowerState.java:run(143)) - fca85417-4002-4831-843c-2e02b9319828@group-5723AAE7D50B-FollowerState: change to CANDIDATE, lastRpcElapsedTime:5132890423ns, electionTimeout:5120ms
2023-02-22 04:45:04,360 [fca85417-4002-4831-843c-2e02b9319828@group-5723AAE7D50B-FollowerState] INFO  impl.RoleInfo (RoleInfo.java:shutdownFollowerState(110)) - fca85417-4002-4831-843c-2e02b9319828: shutdown fca85417-4002-4831-843c-2e02b9319828@group-5723AAE7D50B-FollowerState
2023-02-22 04:45:04,360 [fca85417-4002-4831-843c-2e02b9319828@group-5723AAE7D50B-FollowerState] INFO  server.RaftServer$Division (RaftServerImpl.java:setRole(321)) - fca85417-4002-4831-843c-2e02b9319828@group-5723AAE7D50B: changes role from  FOLLOWER to CANDIDATE at term 0 for changeToCandidate
2023-02-22 04:45:04,361 [fca85417-4002-4831-843c-2e02b9319828@group-5723AAE7D50B-FollowerState] INFO  server.RaftServerConfigKeys (ConfUtils.java:logGet(46)) - raft.server.leaderelection.pre-vote = true (default)
2023-02-22 04:45:04,361 [fca85417-4002-4831-843c-2e02b9319828@group-5723AAE7D50B-FollowerState] INFO  impl.RoleInfo (RoleInfo.java:updateAndGet(139)) - fca85417-4002-4831-843c-2e02b9319828: start fca85417-4002-4831-843c-2e02b9319828@group-5723AAE7D50B-LeaderElection3
2023-02-22 04:45:04,362 [fca85417-4002-4831-843c-2e02b9319828@group-5723AAE7D50B-LeaderElection3] INFO  impl.LeaderElection (LeaderElection.java:askForVotes(312)) - fca85417-4002-4831-843c-2e02b9319828@group-5723AAE7D50B-LeaderElection3 PRE_VOTE round 0: submit vote requests at term 0 for -1: peers:[f9f5dbe8-91d3-4a2a-a4dd-ba97f25f1f6e|rpc:10.1.78.0:40235|dataStream:10.1.78.0:42699|priority:0|startupRole:FOLLOWER, c33c6748-58a2-4781-a6a3-3a6f81ff3630|rpc:10.1.78.0:37425|dataStream:10.1.78.0:39407|priority:1|startupRole:FOLLOWER, fca85417-4002-4831-843c-2e02b9319828|rpc:10.1.78.0:40073|dataStream:10.1.78.0:33265|priority:0|startupRole:FOLLOWER]|listeners:[], old=null
2023-02-22 04:45:04,365 [fca85417-4002-4831-843c-2e02b9319828@group-5723AAE7D50B-LeaderElection3-1] INFO  server.GrpcServerProtocolClient (GrpcServerProtocolClient.java:<init>(63)) - Build channel for f9f5dbe8-91d3-4a2a-a4dd-ba97f25f1f6e
2023-02-22 04:45:04,365 [fca85417-4002-4831-843c-2e02b9319828@group-5723AAE7D50B-LeaderElection3] INFO  server.RaftServerConfigKeys (ConfUtils.java:logFallback(53)) - raft.server.rpc.first-election.timeout.min = 5s (fallback to raft.server.rpc.timeout.min)
2023-02-22 04:45:04,369 [fca85417-4002-4831-843c-2e02b9319828@group-5723AAE7D50B-LeaderElection3] INFO  server.RaftServerConfigKeys (ConfUtils.java:logFallback(53)) - raft.server.rpc.first-election.timeout.max = 5200ms (fallback to raft.server.rpc.timeout.max)
2023-02-22 04:45:04,370 [fca85417-4002-4831-843c-2e02b9319828@group-5723AAE7D50B-LeaderElection3-2] INFO  server.GrpcServerProtocolClient (GrpcServerProtocolClient.java:<init>(63)) - Build channel for c33c6748-58a2-4781-a6a3-3a6f81ff3630
2023-02-22 04:45:04,386 [grpc-default-executor-3] INFO  server.RaftServer$Division (RaftServerImpl.java:requestVote(1218)) - f9f5dbe8-91d3-4a2a-a4dd-ba97f25f1f6e@group-5723AAE7D50B: receive requestVote(PRE_VOTE, fca85417-4002-4831-843c-2e02b9319828, group-5723AAE7D50B, 0, (t:0, i:0))
2023-02-22 04:45:04,386 [grpc-default-executor-3] INFO  impl.VoteContext (VoteContext.java:log(49)) - f9f5dbe8-91d3-4a2a-a4dd-ba97f25f1f6e@group-5723AAE7D50B-FOLLOWER: accept PRE_VOTE from fca85417-4002-4831-843c-2e02b9319828: our priority 0 <= candidate's priority 0
2023-02-22 04:45:04,386 [grpc-default-executor-3] INFO  server.RaftServer$Division (RaftServerImpl.java:requestVote(1251)) - f9f5dbe8-91d3-4a2a-a4dd-ba97f25f1f6e@group-5723AAE7D50B replies to PRE_VOTE vote request: fca85417-4002-4831-843c-2e02b9319828<-f9f5dbe8-91d3-4a2a-a4dd-ba97f25f1f6e#0:OK-t0. Peer's state: f9f5dbe8-91d3-4a2a-a4dd-ba97f25f1f6e@group-5723AAE7D50B:t0, leader=null, voted=, raftlog=Memoized:f9f5dbe8-91d3-4a2a-a4dd-ba97f25f1f6e@group-5723AAE7D50B-SegmentedRaftLog:OPENED:c-1, conf=-1: peers:[f9f5dbe8-91d3-4a2a-a4dd-ba97f25f1f6e|rpc:10.1.78.0:40235|dataStream:10.1.78.0:42699|priority:0|startupRole:FOLLOWER, c33c6748-58a2-4781-a6a3-3a6f81ff3630|rpc:10.1.78.0:37425|dataStream:10.1.78.0:39407|priority:1|startupRole:FOLLOWER, fca85417-4002-4831-843c-2e02b9319828|rpc:10.1.78.0:40073|dataStream:10.1.78.0:33265|priority:0|startupRole:FOLLOWER]|listeners:[], old=null
2023-02-22 04:45:04,388 [grpc-default-executor-2] INFO  server.RaftServer$Division (RaftServerImpl.java:requestVote(1218)) - c33c6748-58a2-4781-a6a3-3a6f81ff3630@group-5723AAE7D50B: receive requestVote(PRE_VOTE, fca85417-4002-4831-843c-2e02b9319828, group-5723AAE7D50B, 0, (t:0, i:0))
2023-02-22 04:45:04,388 [grpc-default-executor-2] INFO  impl.VoteContext (VoteContext.java:log(49)) - c33c6748-58a2-4781-a6a3-3a6f81ff3630@group-5723AAE7D50B-FOLLOWER: reject PRE_VOTE from fca85417-4002-4831-843c-2e02b9319828: our priority 1 > candidate's priority 0
2023-02-22 04:45:04,389 [grpc-default-executor-2] INFO  server.RaftServer$Division (RaftServerImpl.java:requestVote(1251)) - c33c6748-58a2-4781-a6a3-3a6f81ff3630@group-5723AAE7D50B replies to PRE_VOTE vote request: fca85417-4002-4831-843c-2e02b9319828<-c33c6748-58a2-4781-a6a3-3a6f81ff3630#0:FAIL-t0. Peer's state: c33c6748-58a2-4781-a6a3-3a6f81ff3630@group-5723AAE7D50B:t0, leader=null, voted=, raftlog=Memoized:c33c6748-58a2-4781-a6a3-3a6f81ff3630@group-5723AAE7D50B-SegmentedRaftLog:OPENED:c-1, conf=-1: peers:[f9f5dbe8-91d3-4a2a-a4dd-ba97f25f1f6e|rpc:10.1.78.0:40235|dataStream:10.1.78.0:42699|priority:0|startupRole:FOLLOWER, c33c6748-58a2-4781-a6a3-3a6f81ff3630|rpc:10.1.78.0:37425|dataStream:10.1.78.0:39407|priority:1|startupRole:FOLLOWER, fca85417-4002-4831-843c-2e02b9319828|rpc:10.1.78.0:40073|dataStream:10.1.78.0:33265|priority:0|startupRole:FOLLOWER]|listeners:[], old=null
2023-02-22 04:45:04,390 [fca85417-4002-4831-843c-2e02b9319828@group-5723AAE7D50B-LeaderElection3] INFO  impl.LeaderElection (LeaderElection.java:logAndReturn(90)) - fca85417-4002-4831-843c-2e02b9319828@group-5723AAE7D50B-LeaderElection3: PRE_VOTE REJECTED received 2 response(s) and 0 exception(s):
2023-02-22 04:45:04,391 [fca85417-4002-4831-843c-2e02b9319828@group-5723AAE7D50B-LeaderElection3] INFO  impl.LeaderElection (LeaderElection.java:logAndReturn(94)) -   Response 0: fca85417-4002-4831-843c-2e02b9319828<-f9f5dbe8-91d3-4a2a-a4dd-ba97f25f1f6e#0:OK-t0
2023-02-22 04:45:04,391 [fca85417-4002-4831-843c-2e02b9319828@group-5723AAE7D50B-LeaderElection3] INFO  impl.LeaderElection (LeaderElection.java:logAndReturn(94)) -   Response 1: fca85417-4002-4831-843c-2e02b9319828<-c33c6748-58a2-4781-a6a3-3a6f81ff3630#0:FAIL-t0
2023-02-22 04:45:04,391 [fca85417-4002-4831-843c-2e02b9319828@group-5723AAE7D50B-LeaderElection3] INFO  impl.LeaderElection (LeaderElection.java:askForVotes(314)) - fca85417-4002-4831-843c-2e02b9319828@group-5723AAE7D50B-LeaderElection3 PRE_VOTE round 0: result REJECTED
2023-02-22 04:45:04,391 [fca85417-4002-4831-843c-2e02b9319828@group-5723AAE7D50B-LeaderElection3] INFO  server.RaftServer$Division (RaftServerImpl.java:setRole(321)) - fca85417-4002-4831-843c-2e02b9319828@group-5723AAE7D50B: changes role from CANDIDATE to FOLLOWER at term 0 for REJECTED
2023-02-22 04:45:04,391 [fca85417-4002-4831-843c-2e02b9319828@group-5723AAE7D50B-LeaderElection3] INFO  impl.RoleInfo (RoleInfo.java:shutdownLeaderElection(130)) - fca85417-4002-4831-843c-2e02b9319828: shutdown fca85417-4002-4831-843c-2e02b9319828@group-5723AAE7D50B-LeaderElection3
2023-02-22 04:45:04,391 [fca85417-4002-4831-843c-2e02b9319828@group-5723AAE7D50B-LeaderElection3] INFO  impl.RoleInfo (RoleInfo.java:updateAndGet(139)) - fca85417-4002-4831-843c-2e02b9319828: start fca85417-4002-4831-843c-2e02b9319828@group-5723AAE7D50B-FollowerState
2023-02-22 04:45:04,394 [fca85417-4002-4831-843c-2e02b9319828@group-5723AAE7D50B-FollowerState] INFO  server.RaftServerConfigKeys (ConfUtils.java:logFallback(53)) - raft.server.rpc.first-election.timeout.min = 5s (fallback to raft.server.rpc.timeout.min)
2023-02-22 04:45:04,395 [fca85417-4002-4831-843c-2e02b9319828@group-5723AAE7D50B-FollowerState] INFO  server.RaftServerConfigKeys (ConfUtils.java:logFallback(53)) - raft.server.rpc.first-election.timeout.max = 5200ms (fallback to raft.server.rpc.timeout.max)
2023-02-22 04:45:04,444 [fca85417-4002-4831-843c-2e02b9319828@group-51AD6A8C08FA-FollowerState] INFO  impl.FollowerState (FollowerState.java:run(143)) - fca85417-4002-4831-843c-2e02b9319828@group-51AD6A8C08FA-FollowerState: change to CANDIDATE, lastRpcElapsedTime:5015534048ns, electionTimeout:5005ms
2023-02-22 04:45:04,444 [fca85417-4002-4831-843c-2e02b9319828@group-51AD6A8C08FA-FollowerState] INFO  impl.RoleInfo (RoleInfo.java:shutdownFollowerState(110)) - fca85417-4002-4831-843c-2e02b9319828: shutdown fca85417-4002-4831-843c-2e02b9319828@group-51AD6A8C08FA-FollowerState
2023-02-22 04:45:04,444 [fca85417-4002-4831-843c-2e02b9319828@group-51AD6A8C08FA-FollowerState] INFO  server.RaftServer$Division (RaftServerImpl.java:setRole(321)) - fca85417-4002-4831-843c-2e02b9319828@group-51AD6A8C08FA: changes role from  FOLLOWER to CANDIDATE at term 0 for changeToCandidate
2023-02-22 04:45:04,445 [fca85417-4002-4831-843c-2e02b9319828@group-51AD6A8C08FA-FollowerState] INFO  server.RaftServerConfigKeys (ConfUtils.java:logGet(46)) - raft.server.leaderelection.pre-vote = true (default)
2023-02-22 04:45:04,445 [fca85417-4002-4831-843c-2e02b9319828@group-51AD6A8C08FA-FollowerState] INFO  impl.RoleInfo (RoleInfo.java:updateAndGet(139)) - fca85417-4002-4831-843c-2e02b9319828: start fca85417-4002-4831-843c-2e02b9319828@group-51AD6A8C08FA-LeaderElection4
2023-02-22 04:45:04,451 [fca85417-4002-4831-843c-2e02b9319828@group-51AD6A8C08FA-LeaderElection4] INFO  impl.LeaderElection (LeaderElection.java:askForVotes(312)) - fca85417-4002-4831-843c-2e02b9319828@group-51AD6A8C08FA-LeaderElection4 PRE_VOTE round 0: submit vote requests at term 0 for -1: peers:[f9f5dbe8-91d3-4a2a-a4dd-ba97f25f1f6e|rpc:10.1.78.0:40235|dataStream:10.1.78.0:42699|priority:0|startupRole:FOLLOWER, c33c6748-58a2-4781-a6a3-3a6f81ff3630|rpc:10.1.78.0:37425|dataStream:10.1.78.0:39407|priority:0|startupRole:FOLLOWER, fca85417-4002-4831-843c-2e02b9319828|rpc:10.1.78.0:40073|dataStream:10.1.78.0:33265|priority:1|startupRole:FOLLOWER]|listeners:[], old=null
2023-02-22 04:45:04,452 [fca85417-4002-4831-843c-2e02b9319828@group-51AD6A8C08FA-LeaderElection4] INFO  server.RaftServerConfigKeys (ConfUtils.java:logFallback(53)) - raft.server.rpc.first-election.timeout.min = 5s (fallback to raft.server.rpc.timeout.min)
2023-02-22 04:45:04,452 [fca85417-4002-4831-843c-2e02b9319828@group-51AD6A8C08FA-LeaderElection4] INFO  server.RaftServerConfigKeys (ConfUtils.java:logFallback(53)) - raft.server.rpc.first-election.timeout.max = 5200ms (fallback to raft.server.rpc.timeout.max)
2023-02-22 04:45:04,454 [grpc-default-executor-2] INFO  server.RaftServer$Division (RaftServerImpl.java:requestVote(1218)) - f9f5dbe8-91d3-4a2a-a4dd-ba97f25f1f6e@group-51AD6A8C08FA: receive requestVote(PRE_VOTE, fca85417-4002-4831-843c-2e02b9319828, group-51AD6A8C08FA, 0, (t:0, i:0))
2023-02-22 04:45:04,455 [grpc-default-executor-2] INFO  impl.VoteContext (VoteContext.java:log(49)) - f9f5dbe8-91d3-4a2a-a4dd-ba97f25f1f6e@group-51AD6A8C08FA-FOLLOWER: accept PRE_VOTE from fca85417-4002-4831-843c-2e02b9319828: our priority 0 <= candidate's priority 1
2023-02-22 04:45:04,455 [grpc-default-executor-3] INFO  server.RaftServer$Division (RaftServerImpl.java:requestVote(1218)) - c33c6748-58a2-4781-a6a3-3a6f81ff3630@group-51AD6A8C08FA: receive requestVote(PRE_VOTE, fca85417-4002-4831-843c-2e02b9319828, group-51AD6A8C08FA, 0, (t:0, i:0))
2023-02-22 04:45:04,455 [grpc-default-executor-2] INFO  server.RaftServer$Division (RaftServerImpl.java:requestVote(1251)) - f9f5dbe8-91d3-4a2a-a4dd-ba97f25f1f6e@group-51AD6A8C08FA replies to PRE_VOTE vote request: fca85417-4002-4831-843c-2e02b9319828<-f9f5dbe8-91d3-4a2a-a4dd-ba97f25f1f6e#0:OK-t0. Peer's state: f9f5dbe8-91d3-4a2a-a4dd-ba97f25f1f6e@group-51AD6A8C08FA:t0, leader=null, voted=, raftlog=Memoized:f9f5dbe8-91d3-4a2a-a4dd-ba97f25f1f6e@group-51AD6A8C08FA-SegmentedRaftLog:OPENED:c-1, conf=-1: peers:[f9f5dbe8-91d3-4a2a-a4dd-ba97f25f1f6e|rpc:10.1.78.0:40235|dataStream:10.1.78.0:42699|priority:0|startupRole:FOLLOWER, c33c6748-58a2-4781-a6a3-3a6f81ff3630|rpc:10.1.78.0:37425|dataStream:10.1.78.0:39407|priority:0|startupRole:FOLLOWER, fca85417-4002-4831-843c-2e02b9319828|rpc:10.1.78.0:40073|dataStream:10.1.78.0:33265|priority:1|startupRole:FOLLOWER]|listeners:[], old=null
2023-02-22 04:45:04,455 [grpc-default-executor-3] INFO  impl.VoteContext (VoteContext.java:log(49)) - c33c6748-58a2-4781-a6a3-3a6f81ff3630@group-51AD6A8C08FA-FOLLOWER: accept PRE_VOTE from fca85417-4002-4831-843c-2e02b9319828: our priority 0 <= candidate's priority 1
2023-02-22 04:45:04,455 [grpc-default-executor-3] INFO  server.RaftServer$Division (RaftServerImpl.java:requestVote(1251)) - c33c6748-58a2-4781-a6a3-3a6f81ff3630@group-51AD6A8C08FA replies to PRE_VOTE vote request: fca85417-4002-4831-843c-2e02b9319828<-c33c6748-58a2-4781-a6a3-3a6f81ff3630#0:OK-t0. Peer's state: c33c6748-58a2-4781-a6a3-3a6f81ff3630@group-51AD6A8C08FA:t0, leader=null, voted=, raftlog=Memoized:c33c6748-58a2-4781-a6a3-3a6f81ff3630@group-51AD6A8C08FA-SegmentedRaftLog:OPENED:c-1, conf=-1: peers:[f9f5dbe8-91d3-4a2a-a4dd-ba97f25f1f6e|rpc:10.1.78.0:40235|dataStream:10.1.78.0:42699|priority:0|startupRole:FOLLOWER, c33c6748-58a2-4781-a6a3-3a6f81ff3630|rpc:10.1.78.0:37425|dataStream:10.1.78.0:39407|priority:0|startupRole:FOLLOWER, fca85417-4002-4831-843c-2e02b9319828|rpc:10.1.78.0:40073|dataStream:10.1.78.0:33265|priority:1|startupRole:FOLLOWER]|listeners:[], old=null
2023-02-22 04:45:04,456 [fca85417-4002-4831-843c-2e02b9319828@group-51AD6A8C08FA-LeaderElection4] INFO  impl.LeaderElection (LeaderElection.java:logAndReturn(90)) - fca85417-4002-4831-843c-2e02b9319828@group-51AD6A8C08FA-LeaderElection4: PRE_VOTE PASSED received 1 response(s) and 0 exception(s):
2023-02-22 04:45:04,457 [fca85417-4002-4831-843c-2e02b9319828@group-51AD6A8C08FA-LeaderElection4] INFO  impl.LeaderElection (LeaderElection.java:logAndReturn(94)) -   Response 0: fca85417-4002-4831-843c-2e02b9319828<-c33c6748-58a2-4781-a6a3-3a6f81ff3630#0:OK-t0
2023-02-22 04:45:04,457 [fca85417-4002-4831-843c-2e02b9319828@group-51AD6A8C08FA-LeaderElection4] INFO  impl.LeaderElection (LeaderElection.java:askForVotes(314)) - fca85417-4002-4831-843c-2e02b9319828@group-51AD6A8C08FA-LeaderElection4 PRE_VOTE round 0: result PASSED
2023-02-22 04:45:04,458 [f9f5dbe8-91d3-4a2a-a4dd-ba97f25f1f6e@group-5723AAE7D50B-FollowerState] INFO  server.RaftServerConfigKeys (ConfUtils.java:logFallback(53)) - raft.server.rpc.first-election.timeout.min = 5s (fallback to raft.server.rpc.timeout.min)
2023-02-22 04:45:04,459 [fca85417-4002-4831-843c-2e02b9319828@group-51AD6A8C08FA-LeaderElection4] INFO  impl.LeaderElection (LeaderElection.java:askForVotes(312)) - fca85417-4002-4831-843c-2e02b9319828@group-51AD6A8C08FA-LeaderElection4 ELECTION round 0: submit vote requests at term 1 for -1: peers:[f9f5dbe8-91d3-4a2a-a4dd-ba97f25f1f6e|rpc:10.1.78.0:40235|dataStream:10.1.78.0:42699|priority:0|startupRole:FOLLOWER, c33c6748-58a2-4781-a6a3-3a6f81ff3630|rpc:10.1.78.0:37425|dataStream:10.1.78.0:39407|priority:0|startupRole:FOLLOWER, fca85417-4002-4831-843c-2e02b9319828|rpc:10.1.78.0:40073|dataStream:10.1.78.0:33265|priority:1|startupRole:FOLLOWER]|listeners:[], old=null
2023-02-22 04:45:04,459 [f9f5dbe8-91d3-4a2a-a4dd-ba97f25f1f6e@group-5723AAE7D50B-FollowerState] INFO  server.RaftServerConfigKeys (ConfUtils.java:logFallback(53)) - raft.server.rpc.first-election.timeout.max = 5200ms (fallback to raft.server.rpc.timeout.max)
2023-02-22 04:45:04,459 [fca85417-4002-4831-843c-2e02b9319828@group-51AD6A8C08FA-LeaderElection4] INFO  server.RaftServerConfigKeys (ConfUtils.java:logFallback(53)) - raft.server.rpc.first-election.timeout.min = 5s (fallback to raft.server.rpc.timeout.min)
2023-02-22 04:45:04,461 [fca85417-4002-4831-843c-2e02b9319828@group-51AD6A8C08FA-LeaderElection4] INFO  server.RaftServerConfigKeys (ConfUtils.java:logFallback(53)) - raft.server.rpc.first-election.timeout.max = 5200ms (fallback to raft.server.rpc.timeout.max)
2023-02-22 04:45:04,461 [grpc-default-executor-2] INFO  server.RaftServer$Division (RaftServerImpl.java:requestVote(1218)) - c33c6748-58a2-4781-a6a3-3a6f81ff3630@group-51AD6A8C08FA: receive requestVote(ELECTION, fca85417-4002-4831-843c-2e02b9319828, group-51AD6A8C08FA, 1, (t:0, i:0))
2023-02-22 04:45:04,461 [grpc-default-executor-3] INFO  server.RaftServer$Division (RaftServerImpl.java:requestVote(1218)) - f9f5dbe8-91d3-4a2a-a4dd-ba97f25f1f6e@group-51AD6A8C08FA: receive requestVote(ELECTION, fca85417-4002-4831-843c-2e02b9319828, group-51AD6A8C08FA, 1, (t:0, i:0))
2023-02-22 04:45:04,462 [grpc-default-executor-2] INFO  impl.VoteContext (VoteContext.java:log(49)) - c33c6748-58a2-4781-a6a3-3a6f81ff3630@group-51AD6A8C08FA-FOLLOWER: accept ELECTION from fca85417-4002-4831-843c-2e02b9319828: our priority 0 <= candidate's priority 1
2023-02-22 04:45:04,462 [grpc-default-executor-2] INFO  server.RaftServer$Division (RaftServerImpl.java:setRole(321)) - c33c6748-58a2-4781-a6a3-3a6f81ff3630@group-51AD6A8C08FA: changes role from  FOLLOWER to FOLLOWER at term 1 for candidate:fca85417-4002-4831-843c-2e02b9319828
2023-02-22 04:45:04,462 [grpc-default-executor-2] INFO  impl.RoleInfo (RoleInfo.java:shutdownFollowerState(110)) - c33c6748-58a2-4781-a6a3-3a6f81ff3630: shutdown c33c6748-58a2-4781-a6a3-3a6f81ff3630@group-51AD6A8C08FA-FollowerState
2023-02-22 04:45:04,462 [c33c6748-58a2-4781-a6a3-3a6f81ff3630@group-51AD6A8C08FA-FollowerState] INFO  impl.FollowerState (FollowerState.java:run(152)) - c33c6748-58a2-4781-a6a3-3a6f81ff3630@group-51AD6A8C08FA-FollowerState was interrupted
2023-02-22 04:45:04,462 [grpc-default-executor-3] INFO  impl.VoteContext (VoteContext.java:log(49)) - f9f5dbe8-91d3-4a2a-a4dd-ba97f25f1f6e@group-51AD6A8C08FA-FOLLOWER: accept ELECTION from fca85417-4002-4831-843c-2e02b9319828: our priority 0 <= candidate's priority 1
2023-02-22 04:45:04,462 [grpc-default-executor-3] INFO  server.RaftServer$Division (RaftServerImpl.java:setRole(321)) - f9f5dbe8-91d3-4a2a-a4dd-ba97f25f1f6e@group-51AD6A8C08FA: changes role from  FOLLOWER to FOLLOWER at term 1 for candidate:fca85417-4002-4831-843c-2e02b9319828
2023-02-22 04:45:04,462 [grpc-default-executor-3] INFO  impl.RoleInfo (RoleInfo.java:shutdownFollowerState(110)) - f9f5dbe8-91d3-4a2a-a4dd-ba97f25f1f6e: shutdown f9f5dbe8-91d3-4a2a-a4dd-ba97f25f1f6e@group-51AD6A8C08FA-FollowerState
2023-02-22 04:45:04,462 [f9f5dbe8-91d3-4a2a-a4dd-ba97f25f1f6e@group-51AD6A8C08FA-FollowerState] INFO  impl.FollowerState (FollowerState.java:run(152)) - f9f5dbe8-91d3-4a2a-a4dd-ba97f25f1f6e@group-51AD6A8C08FA-FollowerState was interrupted
2023-02-22 04:45:04,463 [grpc-default-executor-2] INFO  impl.RoleInfo (RoleInfo.java:updateAndGet(139)) - c33c6748-58a2-4781-a6a3-3a6f81ff3630: start c33c6748-58a2-4781-a6a3-3a6f81ff3630@group-51AD6A8C08FA-FollowerState
2023-02-22 04:45:04,463 [c33c6748-58a2-4781-a6a3-3a6f81ff3630@group-51AD6A8C08FA-FollowerState] INFO  server.RaftServerConfigKeys (ConfUtils.java:logFallback(53)) - raft.server.rpc.first-election.timeout.min = 5s (fallback to raft.server.rpc.timeout.min)
2023-02-22 04:45:04,463 [c33c6748-58a2-4781-a6a3-3a6f81ff3630@group-51AD6A8C08FA-FollowerState] INFO  server.RaftServerConfigKeys (ConfUtils.java:logFallback(53)) - raft.server.rpc.first-election.timeout.max = 5200ms (fallback to raft.server.rpc.timeout.max)
2023-02-22 04:45:04,463 [grpc-default-executor-3] INFO  impl.RoleInfo (RoleInfo.java:updateAndGet(139)) - f9f5dbe8-91d3-4a2a-a4dd-ba97f25f1f6e: start f9f5dbe8-91d3-4a2a-a4dd-ba97f25f1f6e@group-51AD6A8C08FA-FollowerState
2023-02-22 04:45:04,463 [f9f5dbe8-91d3-4a2a-a4dd-ba97f25f1f6e@group-51AD6A8C08FA-FollowerState] INFO  server.RaftServerConfigKeys (ConfUtils.java:logFallback(53)) - raft.server.rpc.first-election.timeout.min = 5s (fallback to raft.server.rpc.timeout.min)
2023-02-22 04:45:04,464 [f9f5dbe8-91d3-4a2a-a4dd-ba97f25f1f6e@group-51AD6A8C08FA-FollowerState] INFO  server.RaftServerConfigKeys (ConfUtils.java:logFallback(53)) - raft.server.rpc.first-election.timeout.max = 5200ms (fallback to raft.server.rpc.timeout.max)
2023-02-22 04:45:04,466 [grpc-default-executor-3] INFO  server.RaftServer$Division (RaftServerImpl.java:requestVote(1251)) - f9f5dbe8-91d3-4a2a-a4dd-ba97f25f1f6e@group-51AD6A8C08FA replies to ELECTION vote request: fca85417-4002-4831-843c-2e02b9319828<-f9f5dbe8-91d3-4a2a-a4dd-ba97f25f1f6e#0:OK-t1. Peer's state: f9f5dbe8-91d3-4a2a-a4dd-ba97f25f1f6e@group-51AD6A8C08FA:t1, leader=null, voted=fca85417-4002-4831-843c-2e02b9319828, raftlog=Memoized:f9f5dbe8-91d3-4a2a-a4dd-ba97f25f1f6e@group-51AD6A8C08FA-SegmentedRaftLog:OPENED:c-1, conf=-1: peers:[f9f5dbe8-91d3-4a2a-a4dd-ba97f25f1f6e|rpc:10.1.78.0:40235|dataStream:10.1.78.0:42699|priority:0|startupRole:FOLLOWER, c33c6748-58a2-4781-a6a3-3a6f81ff3630|rpc:10.1.78.0:37425|dataStream:10.1.78.0:39407|priority:0|startupRole:FOLLOWER, fca85417-4002-4831-843c-2e02b9319828|rpc:10.1.78.0:40073|dataStream:10.1.78.0:33265|priority:1|startupRole:FOLLOWER]|listeners:[], old=null
2023-02-22 04:45:04,466 [grpc-default-executor-2] INFO  server.RaftServer$Division (RaftServerImpl.java:requestVote(1251)) - c33c6748-58a2-4781-a6a3-3a6f81ff3630@group-51AD6A8C08FA replies to ELECTION vote request: fca85417-4002-4831-843c-2e02b9319828<-c33c6748-58a2-4781-a6a3-3a6f81ff3630#0:OK-t1. Peer's state: c33c6748-58a2-4781-a6a3-3a6f81ff3630@group-51AD6A8C08FA:t1, leader=null, voted=fca85417-4002-4831-843c-2e02b9319828, raftlog=Memoized:c33c6748-58a2-4781-a6a3-3a6f81ff3630@group-51AD6A8C08FA-SegmentedRaftLog:OPENED:c-1, conf=-1: peers:[f9f5dbe8-91d3-4a2a-a4dd-ba97f25f1f6e|rpc:10.1.78.0:40235|dataStream:10.1.78.0:42699|priority:0|startupRole:FOLLOWER, c33c6748-58a2-4781-a6a3-3a6f81ff3630|rpc:10.1.78.0:37425|dataStream:10.1.78.0:39407|priority:0|startupRole:FOLLOWER, fca85417-4002-4831-843c-2e02b9319828|rpc:10.1.78.0:40073|dataStream:10.1.78.0:33265|priority:1|startupRole:FOLLOWER]|listeners:[], old=null
2023-02-22 04:45:04,468 [fca85417-4002-4831-843c-2e02b9319828@group-51AD6A8C08FA-LeaderElection4] INFO  impl.LeaderElection (LeaderElection.java:logAndReturn(90)) - fca85417-4002-4831-843c-2e02b9319828@group-51AD6A8C08FA-LeaderElection4: ELECTION PASSED received 1 response(s) and 0 exception(s):
2023-02-22 04:45:04,468 [fca85417-4002-4831-843c-2e02b9319828@group-51AD6A8C08FA-LeaderElection4] INFO  impl.LeaderElection (LeaderElection.java:logAndReturn(94)) -   Response 0: fca85417-4002-4831-843c-2e02b9319828<-c33c6748-58a2-4781-a6a3-3a6f81ff3630#0:OK-t1
2023-02-22 04:45:04,468 [fca85417-4002-4831-843c-2e02b9319828@group-51AD6A8C08FA-LeaderElection4] INFO  impl.LeaderElection (LeaderElection.java:askForVotes(314)) - fca85417-4002-4831-843c-2e02b9319828@group-51AD6A8C08FA-LeaderElection4 ELECTION round 0: result PASSED
2023-02-22 04:45:04,469 [fca85417-4002-4831-843c-2e02b9319828@group-51AD6A8C08FA-LeaderElection4] INFO  impl.RoleInfo (RoleInfo.java:shutdownLeaderElection(130)) - fca85417-4002-4831-843c-2e02b9319828: shutdown fca85417-4002-4831-843c-2e02b9319828@group-51AD6A8C08FA-LeaderElection4
2023-02-22 04:45:04,469 [fca85417-4002-4831-843c-2e02b9319828@group-51AD6A8C08FA-LeaderElection4] INFO  server.RaftServer$Division (RaftServerImpl.java:setRole(321)) - fca85417-4002-4831-843c-2e02b9319828@group-51AD6A8C08FA: changes role from CANDIDATE to LEADER at term 1 for changeToLeader
2023-02-22 04:45:04,469 [fca85417-4002-4831-843c-2e02b9319828@group-51AD6A8C08FA-LeaderElection4] INFO  ratis.XceiverServerRatis (XceiverServerRatis.java:handleLeaderChangedNotification(905)) - Leader change notification received for group: group-51AD6A8C08FA with new leaderId: fca85417-4002-4831-843c-2e02b9319828
2023-02-22 04:45:04,469 [fca85417-4002-4831-843c-2e02b9319828@group-51AD6A8C08FA-LeaderElection4] INFO  server.RaftServer$Division (ServerState.java:setLeader(313)) - fca85417-4002-4831-843c-2e02b9319828@group-51AD6A8C08FA: change Leader from null to fca85417-4002-4831-843c-2e02b9319828 at term 1 for becomeLeader, leader elected after 5063ms
2023-02-22 04:45:04,470 [fca85417-4002-4831-843c-2e02b9319828@group-51AD6A8C08FA-LeaderElection4] INFO  server.RaftServerConfigKeys (ConfUtils.java:logGet(46)) - raft.server.staging.catchup.gap = 1000 (default)
2023-02-22 04:45:04,470 [fca85417-4002-4831-843c-2e02b9319828@group-51AD6A8C08FA-LeaderElection4] INFO  server.RaftServerConfigKeys (ConfUtils.java:logGet(46)) - raft.server.write.element-limit = 1024 (custom)
2023-02-22 04:45:04,470 [fca85417-4002-4831-843c-2e02b9319828@group-51AD6A8C08FA-LeaderElection4] INFO  server.RaftServerConfigKeys (ConfUtils.java:logGet(46)) - raft.server.write.byte-limit = 1024 M (=1073741824) (custom)
2023-02-22 04:45:04,470 [fca85417-4002-4831-843c-2e02b9319828@group-51AD6A8C08FA-LeaderElection4] INFO  server.RaftServerConfigKeys (ConfUtils.java:logGet(46)) - raft.server.watch.timeout = 180s (custom)
2023-02-22 04:45:04,470 [fca85417-4002-4831-843c-2e02b9319828@group-51AD6A8C08FA-LeaderElection4] INFO  server.RaftServerConfigKeys (ConfUtils.java:logGet(46)) - raft.server.watch.timeout.denomination = 1s (default)
2023-02-22 04:45:04,470 [fca85417-4002-4831-843c-2e02b9319828@group-51AD6A8C08FA-LeaderElection4] INFO  server.RaftServerConfigKeys (ConfUtils.java:logGet(46)) - raft.server.watch.element-limit = 65536 (default)
2023-02-22 04:45:04,470 [fca85417-4002-4831-843c-2e02b9319828@group-51AD6A8C08FA-LeaderElection4] INFO  server.RaftServerConfigKeys (ConfUtils.java:logGet(46)) - raft.server.write.element-limit = 1024 (custom)
2023-02-22 04:45:04,470 [fca85417-4002-4831-843c-2e02b9319828@group-51AD6A8C08FA-LeaderElection4] INFO  server.RaftServerConfigKeys (ConfUtils.java:logGet(46)) - raft.server.write.follower.gap.ratio.max = -1.0 (default)
2023-02-22 04:45:04,471 [fca85417-4002-4831-843c-2e02b9319828@group-51AD6A8C08FA-LeaderElection4] INFO  server.RaftServerConfigKeys (ConfUtils.java:logGet(46)) - raft.server.log.appender.snapshot.chunk.size.max = 16MB (=16777216) (default)
2023-02-22 04:45:04,471 [fca85417-4002-4831-843c-2e02b9319828@group-51AD6A8C08FA-LeaderElection4] INFO  server.RaftServerConfigKeys (ConfUtils.java:logGet(46)) - raft.server.log.appender.buffer.byte-limit = 33554432 (custom)
2023-02-22 04:45:04,471 [fca85417-4002-4831-843c-2e02b9319828@group-51AD6A8C08FA-LeaderElection4] INFO  server.RaftServerConfigKeys (ConfUtils.java:logGet(46)) - raft.server.log.appender.buffer.element-limit = 1 (custom)
2023-02-22 04:45:04,471 [fca85417-4002-4831-843c-2e02b9319828@group-51AD6A8C08FA-LeaderElection4] INFO  grpc.GrpcConfigKeys (ConfUtils.java:logGet(46)) - raft.grpc.server.leader.outstanding.appends.max = 128 (default)
2023-02-22 04:45:04,471 [fca85417-4002-4831-843c-2e02b9319828@group-51AD6A8C08FA-LeaderElection4] INFO  server.RaftServerConfigKeys (ConfUtils.java:logGet(46)) - raft.server.rpc.request.timeout = 60s (custom)
2023-02-22 04:45:04,471 [fca85417-4002-4831-843c-2e02b9319828@group-51AD6A8C08FA-LeaderElection4] INFO  server.RaftServerConfigKeys (ConfUtils.java:logGet(46)) - raft.server.log.appender.install.snapshot.enabled = false (custom)
2023-02-22 04:45:04,471 [fca85417-4002-4831-843c-2e02b9319828@group-51AD6A8C08FA-LeaderElection4] INFO  grpc.GrpcConfigKeys (ConfUtils.java:logGet(46)) - raft.grpc.server.heartbeat.channel = true (default)
2023-02-22 04:45:04,471 [fca85417-4002-4831-843c-2e02b9319828@group-51AD6A8C08FA-LeaderElection4] INFO  server.RaftServerConfigKeys (ConfUtils.java:logGet(46)) - raft.server.log.appender.wait-time.min = 10ms (default)
2023-02-22 04:45:04,473 [fca85417-4002-4831-843c-2e02b9319828@group-51AD6A8C08FA-LeaderElection4] INFO  server.RaftServerConfigKeys (ConfUtils.java:logGet(46)) - raft.server.log.appender.snapshot.chunk.size.max = 16MB (=16777216) (default)
2023-02-22 04:45:04,473 [fca85417-4002-4831-843c-2e02b9319828@group-51AD6A8C08FA-LeaderElection4] INFO  server.RaftServerConfigKeys (ConfUtils.java:logGet(46)) - raft.server.log.appender.buffer.byte-limit = 33554432 (custom)
2023-02-22 04:45:04,473 [fca85417-4002-4831-843c-2e02b9319828@group-51AD6A8C08FA-LeaderElection4] INFO  server.RaftServerConfigKeys (ConfUtils.java:logGet(46)) - raft.server.log.appender.buffer.element-limit = 1 (custom)
2023-02-22 04:45:04,473 [fca85417-4002-4831-843c-2e02b9319828@group-51AD6A8C08FA-LeaderElection4] INFO  grpc.GrpcConfigKeys (ConfUtils.java:logGet(46)) - raft.grpc.server.leader.outstanding.appends.max = 128 (default)
2023-02-22 04:45:04,473 [fca85417-4002-4831-843c-2e02b9319828@group-51AD6A8C08FA-LeaderElection4] INFO  server.RaftServerConfigKeys (ConfUtils.java:logGet(46)) - raft.server.rpc.request.timeout = 60s (custom)
2023-02-22 04:45:04,473 [fca85417-4002-4831-843c-2e02b9319828@group-51AD6A8C08FA-LeaderElection4] INFO  server.RaftServerConfigKeys (ConfUtils.java:logGet(46)) - raft.server.log.appender.install.snapshot.enabled = false (custom)
2023-02-22 04:45:04,473 [fca85417-4002-4831-843c-2e02b9319828@group-51AD6A8C08FA-LeaderElection4] INFO  grpc.GrpcConfigKeys (ConfUtils.java:logGet(46)) - raft.grpc.server.heartbeat.channel = true (default)
2023-02-22 04:45:04,473 [fca85417-4002-4831-843c-2e02b9319828@group-51AD6A8C08FA-LeaderElection4] INFO  server.RaftServerConfigKeys (ConfUtils.java:logGet(46)) - raft.server.log.appender.wait-time.min = 10ms (default)
2023-02-22 04:45:04,473 [fca85417-4002-4831-843c-2e02b9319828@group-51AD6A8C08FA-LeaderElection4] INFO  impl.RoleInfo (RoleInfo.java:updateAndGet(139)) - fca85417-4002-4831-843c-2e02b9319828: start fca85417-4002-4831-843c-2e02b9319828@group-51AD6A8C08FA-LeaderStateImpl
2023-02-22 04:45:04,473 [fca85417-4002-4831-843c-2e02b9319828@group-51AD6A8C08FA-LeaderElection4] INFO  segmented.SegmentedRaftLogWorker (SegmentedRaftLogWorker.java:startLogSegment(452)) - fca85417-4002-4831-843c-2e02b9319828@group-51AD6A8C08FA-SegmentedRaftLogWorker: Starting segment from index:0
2023-02-22 04:45:04,475 [fca85417-4002-4831-843c-2e02b9319828@group-51AD6A8C08FA-SegmentedRaftLogWorker] INFO  segmented.SegmentedRaftLogWorker (SegmentedRaftLogWorker.java:execute(656)) - fca85417-4002-4831-843c-2e02b9319828@group-51AD6A8C08FA-SegmentedRaftLogWorker: created new log segment /home/runner/work/ozone/ozone/hadoop-ozone/integration-test/target/test-dir/MiniOzoneClusterImpl-23364813-765e-4689-b759-17f9bf3914d5/datanode-0/data/ratis/d16cb455-975d-4849-98a2-51ad6a8c08fa/current/log_inprogress_0
2023-02-22 04:45:04,480 [EventQueue-PipelineReportForPipelineReportHandler] INFO  pipeline.PipelineManagerImpl (PipelineManagerImpl.java:openPipeline(367)) - Pipeline Pipeline[ Id: d16cb455-975d-4849-98a2-51ad6a8c08fa, Nodes: f9f5dbe8-91d3-4a2a-a4dd-ba97f25f1f6e(fv-az748-120.4k5rsvd4cmqu5oxra434zmszlb.cx.internal.cloudapp.net/10.1.78.0)c33c6748-58a2-4781-a6a3-3a6f81ff3630(fv-az748-120.4k5rsvd4cmqu5oxra434zmszlb.cx.internal.cloudapp.net/10.1.78.0)fca85417-4002-4831-843c-2e02b9319828(fv-az748-120.4k5rsvd4cmqu5oxra434zmszlb.cx.internal.cloudapp.net/10.1.78.0), ReplicationConfig: RATIS/THREE, State:ALLOCATED, leaderId:fca85417-4002-4831-843c-2e02b9319828, CreationTimestamp2023-02-22T04:44:56.893Z[Etc/UTC]] moved to OPEN state
2023-02-22 04:45:04,479 [c33c6748-58a2-4781-a6a3-3a6f81ff3630@group-5723AAE7D50B-FollowerState] INFO  impl.FollowerState (FollowerState.java:run(143)) - c33c6748-58a2-4781-a6a3-3a6f81ff3630@group-5723AAE7D50B-FollowerState: change to CANDIDATE, lastRpcElapsedTime:5088341053ns, electionTimeout:5077ms
2023-02-22 04:45:04,480 [EventQueue-OpenPipelineForHealthyPipelineSafeModeRule] INFO  safemode.SCMSafeModeManager (HealthyPipelineSafeModeRule.java:process(137)) - SCM in safe mode. Healthy pipelines reported count is 0, required healthy pipeline reported count is 1
2023-02-22 04:45:04,489 [EventQueue-OpenPipelineForHealthyPipelineSafeModeRule] INFO  safemode.SCMSafeModeManager (HealthyPipelineSafeModeRule.java:process(137)) - SCM in safe mode. Healthy pipelines reported count is 1, required healthy pipeline reported count is 1
2023-02-22 04:45:04,489 [EventQueue-OpenPipelineForHealthyPipelineSafeModeRule] INFO  safemode.SCMSafeModeManager (SCMSafeModeManager.java:validateSafeModeExitRules(200)) - HealthyPipelineSafeModeRule rule is successfully validated
2023-02-22 04:45:04,488 [fca85417-4002-4831-843c-2e02b9319828@group-51AD6A8C08FA-LeaderElection4] INFO  server.RaftServer$Division (ServerState.java:setRaftConf(430)) - fca85417-4002-4831-843c-2e02b9319828@group-51AD6A8C08FA: set configuration 0: peers:[f9f5dbe8-91d3-4a2a-a4dd-ba97f25f1f6e|rpc:10.1.78.0:40235|dataStream:10.1.78.0:42699|priority:0|startupRole:FOLLOWER, c33c6748-58a2-4781-a6a3-3a6f81ff3630|rpc:10.1.78.0:37425|dataStream:10.1.78.0:39407|priority:0|startupRole:FOLLOWER, fca85417-4002-4831-843c-2e02b9319828|rpc:10.1.78.0:40073|dataStream:10.1.78.0:33265|priority:1|startupRole:FOLLOWER]|listeners:[], old=null
2023-02-22 04:45:04,488 [c33c6748-58a2-4781-a6a3-3a6f81ff3630@group-5723AAE7D50B-FollowerState] INFO  impl.RoleInfo (RoleInfo.java:shutdownFollowerState(110)) - c33c6748-58a2-4781-a6a3-3a6f81ff3630: shutdown c33c6748-58a2-4781-a6a3-3a6f81ff3630@group-5723AAE7D50B-FollowerState
2023-02-22 04:45:04,489 [c33c6748-58a2-4781-a6a3-3a6f81ff3630@group-5723AAE7D50B-FollowerState] INFO  server.RaftServer$Division (RaftServerImpl.java:setRole(321)) - c33c6748-58a2-4781-a6a3-3a6f81ff3630@group-5723AAE7D50B: changes role from  FOLLOWER to CANDIDATE at term 0 for changeToCandidate
2023-02-22 04:45:04,493 [EventQueue-OpenPipelineForHealthyPipelineSafeModeRule] INFO  safemode.SCMSafeModeManager (SCMSafeModeManager.java:validateSafeModeExitRules(215)) - ScmSafeModeManager, all rules are successfully validated
2023-02-22 04:45:04,500 [EventQueue-OpenPipelineForHealthyPipelineSafeModeRule] INFO  safemode.SCMSafeModeManager (SCMSafeModeManager.java:exitSafeMode(244)) - SCM exiting safe mode.
2023-02-22 04:45:04,500 [EventQueue-OpenPipelineForHealthyPipelineSafeModeRule] INFO  ha.SCMContext (SCMContext.java:updateSafeModeStatus(228)) - Update SafeModeStatus from SafeModeStatus{safeModeStatus=true, preCheckPassed=true} to SafeModeStatus{safeModeStatus=false, preCheckPassed=true}.
2023-02-22 04:45:04,500 [EventQueue-OpenPipelineForHealthyPipelineSafeModeRule] INFO  pipeline.BackgroundPipelineCreator (BackgroundPipelineCreator.java:notifyStatusChanged(254)) - Service BackgroundPipelineCreator transitions to RUNNING.
2023-02-22 04:45:04,500 [EventQueue-OpenPipelineForHealthyPipelineSafeModeRule] INFO  BackgroundPipelineScrubber (BackgroundSCMService.java:notifyStatusChanged(82)) - Service BackgroundPipelineScrubber transitions to RUNNING.
2023-02-22 04:45:04,500 [EventQueue-OpenPipelineForHealthyPipelineSafeModeRule] INFO  ExpiredContainerReplicaOpScrubber (BackgroundSCMService.java:notifyStatusChanged(82)) - Service ExpiredContainerReplicaOpScrubber transitions to RUNNING.
2023-02-22 04:45:04,500 [EventQueue-OpenPipelineForHealthyPipelineSafeModeRule] INFO  replication.ReplicationManager (ReplicationManager.java:notifyStatusChanged(1083)) - Service ReplicationManager transitions to RUNNING.
2023-02-22 04:45:04,500 [c33c6748-58a2-4781-a6a3-3a6f81ff3630@group-5723AAE7D50B-FollowerState] INFO  server.RaftServerConfigKeys (ConfUtils.java:logGet(46)) - raft.server.leaderelection.pre-vote = true (default)
2023-02-22 04:45:04,501 [c33c6748-58a2-4781-a6a3-3a6f81ff3630@group-5723AAE7D50B-FollowerState] INFO  impl.RoleInfo (RoleInfo.java:updateAndGet(139)) - c33c6748-58a2-4781-a6a3-3a6f81ff3630: start c33c6748-58a2-4781-a6a3-3a6f81ff3630@group-5723AAE7D50B-LeaderElection5
2023-02-22 04:45:04,497 [c33c6748-58a2-4781-a6a3-3a6f81ff3630-server-thread1] INFO  ratis.XceiverServerRatis (XceiverServerRatis.java:handleLeaderChangedNotification(905)) - Leader change notification received for group: group-51AD6A8C08FA with new leaderId: fca85417-4002-4831-843c-2e02b9319828
2023-02-22 04:45:04,496 [f9f5dbe8-91d3-4a2a-a4dd-ba97f25f1f6e-server-thread1] INFO  ratis.XceiverServerRatis (XceiverServerRatis.java:handleLeaderChangedNotification(905)) - Leader change notification received for group: group-51AD6A8C08FA with new leaderId: fca85417-4002-4831-843c-2e02b9319828
2023-02-22 04:45:04,501 [f9f5dbe8-91d3-4a2a-a4dd-ba97f25f1f6e-server-thread1] INFO  server.RaftServer$Division (ServerState.java:setLeader(313)) - f9f5dbe8-91d3-4a2a-a4dd-ba97f25f1f6e@group-51AD6A8C08FA: change Leader from null to fca85417-4002-4831-843c-2e02b9319828 at term 1 for appendEntries, leader elected after 5041ms
2023-02-22 04:45:04,502 [c33c6748-58a2-4781-a6a3-3a6f81ff3630-server-thread1] INFO  server.RaftServer$Division (ServerState.java:setLeader(313)) - c33c6748-58a2-4781-a6a3-3a6f81ff3630@group-51AD6A8C08FA: change Leader from null to fca85417-4002-4831-843c-2e02b9319828 at term 1 for appendEntries, leader elected after 5007ms
2023-02-22 04:45:04,507 [EventQueue-OpenPipelineForHealthyPipelineSafeModeRule] WARN  balancer.ContainerBalancer (ContainerBalancer.java:shouldRun(131)) - Could not find persisted configuration for ContainerBalancer when checking if ContainerBalancer should run. ContainerBalancer should not run now.
2023-02-22 04:45:04,509 [c33c6748-58a2-4781-a6a3-3a6f81ff3630@group-5723AAE7D50B-LeaderElection5] INFO  impl.LeaderElection (LeaderElection.java:askForVotes(312)) - c33c6748-58a2-4781-a6a3-3a6f81ff3630@group-5723AAE7D50B-LeaderElection5 PRE_VOTE round 0: submit vote requests at term 0 for -1: peers:[f9f5dbe8-91d3-4a2a-a4dd-ba97f25f1f6e|rpc:10.1.78.0:40235|dataStream:10.1.78.0:42699|priority:0|startupRole:FOLLOWER, c33c6748-58a2-4781-a6a3-3a6f81ff3630|rpc:10.1.78.0:37425|dataStream:10.1.78.0:39407|priority:1|startupRole:FOLLOWER, fca85417-4002-4831-843c-2e02b9319828|rpc:10.1.78.0:40073|dataStream:10.1.78.0:33265|priority:0|startupRole:FOLLOWER]|listeners:[], old=null
2023-02-22 04:45:04,514 [c33c6748-58a2-4781-a6a3-3a6f81ff3630@group-5723AAE7D50B-LeaderElection5-1] INFO  server.GrpcServerProtocolClient (GrpcServerProtocolClient.java:<init>(63)) - Build channel for f9f5dbe8-91d3-4a2a-a4dd-ba97f25f1f6e
2023-02-22 04:45:04,516 [c33c6748-58a2-4781-a6a3-3a6f81ff3630@group-5723AAE7D50B-LeaderElection5] INFO  server.RaftServerConfigKeys (ConfUtils.java:logFallback(53)) - raft.server.rpc.first-election.timeout.min = 5s (fallback to raft.server.rpc.timeout.min)
2023-02-22 04:45:04,517 [f9f5dbe8-91d3-4a2a-a4dd-ba97f25f1f6e-server-thread3] INFO  server.RaftServer$Division (ServerState.java:setRaftConf(430)) - f9f5dbe8-91d3-4a2a-a4dd-ba97f25f1f6e@group-51AD6A8C08FA: set configuration 0: peers:[f9f5dbe8-91d3-4a2a-a4dd-ba97f25f1f6e|rpc:10.1.78.0:40235|dataStream:10.1.78.0:42699|priority:0|startupRole:FOLLOWER, c33c6748-58a2-4781-a6a3-3a6f81ff3630|rpc:10.1.78.0:37425|dataStream:10.1.78.0:39407|priority:0|startupRole:FOLLOWER, fca85417-4002-4831-843c-2e02b9319828|rpc:10.1.78.0:40073|dataStream:10.1.78.0:33265|priority:1|startupRole:FOLLOWER]|listeners:[], old=null
2023-02-22 04:45:04,517 [c33c6748-58a2-4781-a6a3-3a6f81ff3630@group-5723AAE7D50B-LeaderElection5] INFO  server.RaftServerConfigKeys (ConfUtils.java:logFallback(53)) - raft.server.rpc.first-election.timeout.max = 5200ms (fallback to raft.server.rpc.timeout.max)
2023-02-22 04:45:04,517 [f9f5dbe8-91d3-4a2a-a4dd-ba97f25f1f6e-server-thread3] INFO  segmented.SegmentedRaftLogWorker (SegmentedRaftLogWorker.java:startLogSegment(452)) - f9f5dbe8-91d3-4a2a-a4dd-ba97f25f1f6e@group-51AD6A8C08FA-SegmentedRaftLogWorker: Starting segment from index:0
2023-02-22 04:45:04,519 [f9f5dbe8-91d3-4a2a-a4dd-ba97f25f1f6e@group-51AD6A8C08FA-SegmentedRaftLogWorker] INFO  segmented.SegmentedRaftLogWorker (SegmentedRaftLogWorker.java:execute(656)) - f9f5dbe8-91d3-4a2a-a4dd-ba97f25f1f6e@group-51AD6A8C08FA-SegmentedRaftLogWorker: created new log segment /home/runner/work/ozone/ozone/hadoop-ozone/integration-test/target/test-dir/MiniOzoneClusterImpl-23364813-765e-4689-b759-17f9bf3914d5/datanode-2/data/ratis/d16cb455-975d-4849-98a2-51ad6a8c08fa/current/log_inprogress_0
2023-02-22 04:45:04,521 [c33c6748-58a2-4781-a6a3-3a6f81ff3630@group-5723AAE7D50B-LeaderElection5-2] INFO  server.GrpcServerProtocolClient (GrpcServerProtocolClient.java:<init>(63)) - Build channel for fca85417-4002-4831-843c-2e02b9319828
2023-02-22 04:45:04,527 [c33c6748-58a2-4781-a6a3-3a6f81ff3630-server-thread3] INFO  server.RaftServer$Division (ServerState.java:setRaftConf(430)) - c33c6748-58a2-4781-a6a3-3a6f81ff3630@group-51AD6A8C08FA: set configuration 0: peers:[f9f5dbe8-91d3-4a2a-a4dd-ba97f25f1f6e|rpc:10.1.78.0:40235|dataStream:10.1.78.0:42699|priority:0|startupRole:FOLLOWER, c33c6748-58a2-4781-a6a3-3a6f81ff3630|rpc:10.1.78.0:37425|dataStream:10.1.78.0:39407|priority:0|startupRole:FOLLOWER, fca85417-4002-4831-843c-2e02b9319828|rpc:10.1.78.0:40073|dataStream:10.1.78.0:33265|priority:1|startupRole:FOLLOWER]|listeners:[], old=null
2023-02-22 04:45:04,537 [grpc-default-executor-4] INFO  server.RaftServer$Division (RaftServerImpl.java:requestVote(1218)) - f9f5dbe8-91d3-4a2a-a4dd-ba97f25f1f6e@group-5723AAE7D50B: receive requestVote(PRE_VOTE, c33c6748-58a2-4781-a6a3-3a6f81ff3630, group-5723AAE7D50B, 0, (t:0, i:0))
2023-02-22 04:45:04,537 [grpc-default-executor-4] INFO  impl.VoteContext (VoteContext.java:log(49)) - f9f5dbe8-91d3-4a2a-a4dd-ba97f25f1f6e@group-5723AAE7D50B-FOLLOWER: accept PRE_VOTE from c33c6748-58a2-4781-a6a3-3a6f81ff3630: our priority 0 <= candidate's priority 1
2023-02-22 04:45:04,537 [grpc-default-executor-4] INFO  server.RaftServer$Division (RaftServerImpl.java:requestVote(1251)) - f9f5dbe8-91d3-4a2a-a4dd-ba97f25f1f6e@group-5723AAE7D50B replies to PRE_VOTE vote request: c33c6748-58a2-4781-a6a3-3a6f81ff3630<-f9f5dbe8-91d3-4a2a-a4dd-ba97f25f1f6e#0:OK-t0. Peer's state: f9f5dbe8-91d3-4a2a-a4dd-ba97f25f1f6e@group-5723AAE7D50B:t0, leader=null, voted=, raftlog=Memoized:f9f5dbe8-91d3-4a2a-a4dd-ba97f25f1f6e@group-5723AAE7D50B-SegmentedRaftLog:OPENED:c-1, conf=-1: peers:[f9f5dbe8-91d3-4a2a-a4dd-ba97f25f1f6e|rpc:10.1.78.0:40235|dataStream:10.1.78.0:42699|priority:0|startupRole:FOLLOWER, c33c6748-58a2-4781-a6a3-3a6f81ff3630|rpc:10.1.78.0:37425|dataStream:10.1.78.0:39407|priority:1|startupRole:FOLLOWER, fca85417-4002-4831-843c-2e02b9319828|rpc:10.1.78.0:40073|dataStream:10.1.78.0:33265|priority:0|startupRole:FOLLOWER]|listeners:[], old=null
2023-02-22 04:45:04,540 [c33c6748-58a2-4781-a6a3-3a6f81ff3630@group-5723AAE7D50B-LeaderElection5] INFO  impl.LeaderElection (LeaderElection.java:logAndReturn(90)) - c33c6748-58a2-4781-a6a3-3a6f81ff3630@group-5723AAE7D50B-LeaderElection5: PRE_VOTE PASSED received 1 response(s) and 0 exception(s):
2023-02-22 04:45:04,540 [c33c6748-58a2-4781-a6a3-3a6f81ff3630@group-5723AAE7D50B-LeaderElection5] INFO  impl.LeaderElection (LeaderElection.java:logAndReturn(94)) -   Response 0: c33c6748-58a2-4781-a6a3-3a6f81ff3630<-f9f5dbe8-91d3-4a2a-a4dd-ba97f25f1f6e#0:OK-t0
2023-02-22 04:45:04,540 [c33c6748-58a2-4781-a6a3-3a6f81ff3630@group-5723AAE7D50B-LeaderElection5] INFO  impl.LeaderElection (LeaderElection.java:askForVotes(314)) - c33c6748-58a2-4781-a6a3-3a6f81ff3630@group-5723AAE7D50B-LeaderElection5 PRE_VOTE round 0: result PASSED
2023-02-22 04:45:04,541 [grpc-default-executor-0] INFO  server.RaftServer$Division (RaftServerImpl.java:requestVote(1218)) - fca85417-4002-4831-843c-2e02b9319828@group-5723AAE7D50B: receive requestVote(PRE_VOTE, c33c6748-58a2-4781-a6a3-3a6f81ff3630, group-5723AAE7D50B, 0, (t:0, i:0))
2023-02-22 04:45:04,542 [c33c6748-58a2-4781-a6a3-3a6f81ff3630@group-5723AAE7D50B-LeaderElection5] INFO  impl.LeaderElection (LeaderElection.java:askForVotes(312)) - c33c6748-58a2-4781-a6a3-3a6f81ff3630@group-5723AAE7D50B-LeaderElection5 ELECTION round 0: submit vote requests at term 1 for -1: peers:[f9f5dbe8-91d3-4a2a-a4dd-ba97f25f1f6e|rpc:10.1.78.0:40235|dataStream:10.1.78.0:42699|priority:0|startupRole:FOLLOWER, c33c6748-58a2-4781-a6a3-3a6f81ff3630|rpc:10.1.78.0:37425|dataStream:10.1.78.0:39407|priority:1|startupRole:FOLLOWER, fca85417-4002-4831-843c-2e02b9319828|rpc:10.1.78.0:40073|dataStream:10.1.78.0:33265|priority:0|startupRole:FOLLOWER]|listeners:[], old=null
2023-02-22 04:45:04,542 [grpc-default-executor-0] INFO  impl.VoteContext (VoteContext.java:log(49)) - fca85417-4002-4831-843c-2e02b9319828@group-5723AAE7D50B-FOLLOWER: accept PRE_VOTE from c33c6748-58a2-4781-a6a3-3a6f81ff3630: our priority 0 <= candidate's priority 1
2023-02-22 04:45:04,542 [grpc-default-executor-0] INFO  server.RaftServer$Division (RaftServerImpl.java:requestVote(1251)) - fca85417-4002-4831-843c-2e02b9319828@group-5723AAE7D50B replies to PRE_VOTE vote request: c33c6748-58a2-4781-a6a3-3a6f81ff3630<-fca85417-4002-4831-843c-2e02b9319828#0:OK-t0. Peer's state: fca85417-4002-4831-843c-2e02b9319828@group-5723AAE7D50B:t0, leader=null, voted=, raftlog=Memoized:fca85417-4002-4831-843c-2e02b9319828@group-5723AAE7D50B-SegmentedRaftLog:OPENED:c-1, conf=-1: peers:[f9f5dbe8-91d3-4a2a-a4dd-ba97f25f1f6e|rpc:10.1.78.0:40235|dataStream:10.1.78.0:42699|priority:0|startupRole:FOLLOWER, c33c6748-58a2-4781-a6a3-3a6f81ff3630|rpc:10.1.78.0:37425|dataStream:10.1.78.0:39407|priority:1|startupRole:FOLLOWER, fca85417-4002-4831-843c-2e02b9319828|rpc:10.1.78.0:40073|dataStream:10.1.78.0:33265|priority:0|startupRole:FOLLOWER]|listeners:[], old=null
2023-02-22 04:45:04,543 [c33c6748-58a2-4781-a6a3-3a6f81ff3630@group-5723AAE7D50B-LeaderElection5] INFO  server.RaftServerConfigKeys (ConfUtils.java:logFallback(53)) - raft.server.rpc.first-election.timeout.min = 5s (fallback to raft.server.rpc.timeout.min)
2023-02-22 04:45:04,544 [c33c6748-58a2-4781-a6a3-3a6f81ff3630@group-5723AAE7D50B-LeaderElection5] INFO  server.RaftServerConfigKeys (ConfUtils.java:logFallback(53)) - raft.server.rpc.first-election.timeout.max = 5200ms (fallback to raft.server.rpc.timeout.max)
2023-02-22 04:45:04,550 [c33c6748-58a2-4781-a6a3-3a6f81ff3630-server-thread3] INFO  segmented.SegmentedRaftLogWorker (SegmentedRaftLogWorker.java:startLogSegment(452)) - c33c6748-58a2-4781-a6a3-3a6f81ff3630@group-51AD6A8C08FA-SegmentedRaftLogWorker: Starting segment from index:0
2023-02-22 04:45:04,551 [c33c6748-58a2-4781-a6a3-3a6f81ff3630@group-51AD6A8C08FA-SegmentedRaftLogWorker] INFO  segmented.SegmentedRaftLogWorker (SegmentedRaftLogWorker.java:execute(656)) - c33c6748-58a2-4781-a6a3-3a6f81ff3630@group-51AD6A8C08FA-SegmentedRaftLogWorker: created new log segment /home/runner/work/ozone/ozone/hadoop-ozone/integration-test/target/test-dir/MiniOzoneClusterImpl-23364813-765e-4689-b759-17f9bf3914d5/datanode-1/data/ratis/d16cb455-975d-4849-98a2-51ad6a8c08fa/current/log_inprogress_0
2023-02-22 04:45:04,561 [grpc-default-executor-0] INFO  server.RaftServer$Division (RaftServerImpl.java:requestVote(1218)) - f9f5dbe8-91d3-4a2a-a4dd-ba97f25f1f6e@group-5723AAE7D50B: receive requestVote(ELECTION, c33c6748-58a2-4781-a6a3-3a6f81ff3630, group-5723AAE7D50B, 1, (t:0, i:0))
2023-02-22 04:45:04,561 [grpc-default-executor-0] INFO  impl.VoteContext (VoteContext.java:log(49)) - f9f5dbe8-91d3-4a2a-a4dd-ba97f25f1f6e@group-5723AAE7D50B-FOLLOWER: accept ELECTION from c33c6748-58a2-4781-a6a3-3a6f81ff3630: our priority 0 <= candidate's priority 1
2023-02-22 04:45:04,561 [grpc-default-executor-0] INFO  server.RaftServer$Division (RaftServerImpl.java:setRole(321)) - f9f5dbe8-91d3-4a2a-a4dd-ba97f25f1f6e@group-5723AAE7D50B: changes role from  FOLLOWER to FOLLOWER at term 1 for candidate:c33c6748-58a2-4781-a6a3-3a6f81ff3630
2023-02-22 04:45:04,561 [grpc-default-executor-0] INFO  impl.RoleInfo (RoleInfo.java:shutdownFollowerState(110)) - f9f5dbe8-91d3-4a2a-a4dd-ba97f25f1f6e: shutdown f9f5dbe8-91d3-4a2a-a4dd-ba97f25f1f6e@group-5723AAE7D50B-FollowerState
2023-02-22 04:45:04,561 [f9f5dbe8-91d3-4a2a-a4dd-ba97f25f1f6e@group-5723AAE7D50B-FollowerState] INFO  impl.FollowerState (FollowerState.java:run(152)) - f9f5dbe8-91d3-4a2a-a4dd-ba97f25f1f6e@group-5723AAE7D50B-FollowerState was interrupted
2023-02-22 04:45:04,561 [grpc-default-executor-2] INFO  server.RaftServer$Division (RaftServerImpl.java:requestVote(1218)) - fca85417-4002-4831-843c-2e02b9319828@group-5723AAE7D50B: receive requestVote(ELECTION, c33c6748-58a2-4781-a6a3-3a6f81ff3630, group-5723AAE7D50B, 1, (t:0, i:0))
2023-02-22 04:45:04,562 [grpc-default-executor-0] INFO  impl.RoleInfo (RoleInfo.java:updateAndGet(139)) - f9f5dbe8-91d3-4a2a-a4dd-ba97f25f1f6e: start f9f5dbe8-91d3-4a2a-a4dd-ba97f25f1f6e@group-5723AAE7D50B-FollowerState
2023-02-22 04:45:04,563 [grpc-default-executor-2] INFO  impl.VoteContext (VoteContext.java:log(49)) - fca85417-4002-4831-843c-2e02b9319828@group-5723AAE7D50B-FOLLOWER: accept ELECTION from c33c6748-58a2-4781-a6a3-3a6f81ff3630: our priority 0 <= candidate's priority 1
2023-02-22 04:45:04,563 [grpc-default-executor-2] INFO  server.RaftServer$Division (RaftServerImpl.java:setRole(321)) - fca85417-4002-4831-843c-2e02b9319828@group-5723AAE7D50B: changes role from  FOLLOWER to FOLLOWER at term 1 for candidate:c33c6748-58a2-4781-a6a3-3a6f81ff3630
2023-02-22 04:45:04,563 [grpc-default-executor-2] INFO  impl.RoleInfo (RoleInfo.java:shutdownFollowerState(110)) - fca85417-4002-4831-843c-2e02b9319828: shutdown fca85417-4002-4831-843c-2e02b9319828@group-5723AAE7D50B-FollowerState
2023-02-22 04:45:04,564 [f9f5dbe8-91d3-4a2a-a4dd-ba97f25f1f6e@group-5723AAE7D50B-FollowerState] INFO  server.RaftServerConfigKeys (ConfUtils.java:logFallback(53)) - raft.server.rpc.first-election.timeout.min = 5s (fallback to raft.server.rpc.timeout.min)
2023-02-22 04:45:04,564 [f9f5dbe8-91d3-4a2a-a4dd-ba97f25f1f6e@group-5723AAE7D50B-FollowerState] INFO  server.RaftServerConfigKeys (ConfUtils.java:logFallback(53)) - raft.server.rpc.first-election.timeout.max = 5200ms (fallback to raft.server.rpc.timeout.max)
2023-02-22 04:45:04,564 [grpc-default-executor-2] INFO  impl.RoleInfo (RoleInfo.java:updateAndGet(139)) - fca85417-4002-4831-843c-2e02b9319828: start fca85417-4002-4831-843c-2e02b9319828@group-5723AAE7D50B-FollowerState
2023-02-22 04:45:04,564 [fca85417-4002-4831-843c-2e02b9319828@group-5723AAE7D50B-FollowerState] INFO  impl.FollowerState (FollowerState.java:run(152)) - fca85417-4002-4831-843c-2e02b9319828@group-5723AAE7D50B-FollowerState was interrupted
2023-02-22 04:45:04,564 [fca85417-4002-4831-843c-2e02b9319828@group-5723AAE7D50B-FollowerState] INFO  server.RaftServerConfigKeys (ConfUtils.java:logFallback(53)) - raft.server.rpc.first-election.timeout.min = 5s (fallback to raft.server.rpc.timeout.min)
2023-02-22 04:45:04,564 [fca85417-4002-4831-843c-2e02b9319828@group-5723AAE7D50B-FollowerState] INFO  server.RaftServerConfigKeys (ConfUtils.java:logFallback(53)) - raft.server.rpc.first-election.timeout.max = 5200ms (fallback to raft.server.rpc.timeout.max)
2023-02-22 04:45:04,565 [grpc-default-executor-0] INFO  server.RaftServer$Division (RaftServerImpl.java:requestVote(1251)) - f9f5dbe8-91d3-4a2a-a4dd-ba97f25f1f6e@group-5723AAE7D50B replies to ELECTION vote request: c33c6748-58a2-4781-a6a3-3a6f81ff3630<-f9f5dbe8-91d3-4a2a-a4dd-ba97f25f1f6e#0:OK-t1. Peer's state: f9f5dbe8-91d3-4a2a-a4dd-ba97f25f1f6e@group-5723AAE7D50B:t1, leader=null, voted=c33c6748-58a2-4781-a6a3-3a6f81ff3630, raftlog=Memoized:f9f5dbe8-91d3-4a2a-a4dd-ba97f25f1f6e@group-5723AAE7D50B-SegmentedRaftLog:OPENED:c-1, conf=-1: peers:[f9f5dbe8-91d3-4a2a-a4dd-ba97f25f1f6e|rpc:10.1.78.0:40235|dataStream:10.1.78.0:42699|priority:0|startupRole:FOLLOWER, c33c6748-58a2-4781-a6a3-3a6f81ff3630|rpc:10.1.78.0:37425|dataStream:10.1.78.0:39407|priority:1|startupRole:FOLLOWER, fca85417-4002-4831-843c-2e02b9319828|rpc:10.1.78.0:40073|dataStream:10.1.78.0:33265|priority:0|startupRole:FOLLOWER]|listeners:[], old=null
2023-02-22 04:45:04,566 [c33c6748-58a2-4781-a6a3-3a6f81ff3630@group-5723AAE7D50B-LeaderElection5] INFO  impl.LeaderElection (LeaderElection.java:logAndReturn(90)) - c33c6748-58a2-4781-a6a3-3a6f81ff3630@group-5723AAE7D50B-LeaderElection5: ELECTION PASSED received 1 response(s) and 0 exception(s):
2023-02-22 04:45:04,566 [c33c6748-58a2-4781-a6a3-3a6f81ff3630@group-5723AAE7D50B-LeaderElection5] INFO  impl.LeaderElection (LeaderElection.java:logAndReturn(94)) -   Response 0: c33c6748-58a2-4781-a6a3-3a6f81ff3630<-f9f5dbe8-91d3-4a2a-a4dd-ba97f25f1f6e#0:OK-t1
2023-02-22 04:45:04,566 [c33c6748-58a2-4781-a6a3-3a6f81ff3630@group-5723AAE7D50B-LeaderElection5] INFO  impl.LeaderElection (LeaderElection.java:askForVotes(314)) - c33c6748-58a2-4781-a6a3-3a6f81ff3630@group-5723AAE7D50B-LeaderElection5 ELECTION round 0: result PASSED
2023-02-22 04:45:04,566 [c33c6748-58a2-4781-a6a3-3a6f81ff3630@group-5723AAE7D50B-LeaderElection5] INFO  impl.RoleInfo (RoleInfo.java:shutdownLeaderElection(130)) - c33c6748-58a2-4781-a6a3-3a6f81ff3630: shutdown c33c6748-58a2-4781-a6a3-3a6f81ff3630@group-5723AAE7D50B-LeaderElection5
2023-02-22 04:45:04,567 [c33c6748-58a2-4781-a6a3-3a6f81ff3630@group-5723AAE7D50B-LeaderElection5] INFO  server.RaftServer$Division (RaftServerImpl.java:setRole(321)) - c33c6748-58a2-4781-a6a3-3a6f81ff3630@group-5723AAE7D50B: changes role from CANDIDATE to LEADER at term 1 for changeToLeader
2023-02-22 04:45:04,567 [c33c6748-58a2-4781-a6a3-3a6f81ff3630@group-5723AAE7D50B-LeaderElection5] INFO  ratis.XceiverServerRatis (XceiverServerRatis.java:handleLeaderChangedNotification(905)) - Leader change notification received for group: group-5723AAE7D50B with new leaderId: c33c6748-58a2-4781-a6a3-3a6f81ff3630
2023-02-22 04:45:04,567 [c33c6748-58a2-4781-a6a3-3a6f81ff3630@group-5723AAE7D50B-LeaderElection5] INFO  server.RaftServer$Division (ServerState.java:setLeader(313)) - c33c6748-58a2-4781-a6a3-3a6f81ff3630@group-5723AAE7D50B: change Leader from null to c33c6748-58a2-4781-a6a3-3a6f81ff3630 at term 1 for becomeLeader, leader elected after 5190ms
2023-02-22 04:45:04,567 [c33c6748-58a2-4781-a6a3-3a6f81ff3630@group-5723AAE7D50B-LeaderElection5] INFO  server.RaftServerConfigKeys (ConfUtils.java:logGet(46)) - raft.server.staging.catchup.gap = 1000 (default)
2023-02-22 04:45:04,567 [c33c6748-58a2-4781-a6a3-3a6f81ff3630@group-5723AAE7D50B-LeaderElection5] INFO  server.RaftServerConfigKeys (ConfUtils.java:logGet(46)) - raft.server.write.element-limit = 1024 (custom)
2023-02-22 04:45:04,567 [c33c6748-58a2-4781-a6a3-3a6f81ff3630@group-5723AAE7D50B-LeaderElection5] INFO  server.RaftServerConfigKeys (ConfUtils.java:logGet(46)) - raft.server.write.byte-limit = 1024 M (=1073741824) (custom)
2023-02-22 04:45:04,568 [c33c6748-58a2-4781-a6a3-3a6f81ff3630@group-5723AAE7D50B-LeaderElection5] INFO  server.RaftServerConfigKeys (ConfUtils.java:logGet(46)) - raft.server.watch.timeout = 180s (custom)
2023-02-22 04:45:04,568 [c33c6748-58a2-4781-a6a3-3a6f81ff3630@group-5723AAE7D50B-LeaderElection5] INFO  server.RaftServerConfigKeys (ConfUtils.java:logGet(46)) - raft.server.watch.timeout.denomination = 1s (default)
2023-02-22 04:45:04,568 [c33c6748-58a2-4781-a6a3-3a6f81ff3630@group-5723AAE7D50B-LeaderElection5] INFO  server.RaftServerConfigKeys (ConfUtils.java:logGet(46)) - raft.server.watch.element-limit = 65536 (default)
2023-02-22 04:45:04,568 [c33c6748-58a2-4781-a6a3-3a6f81ff3630@group-5723AAE7D50B-LeaderElection5] INFO  server.RaftServerConfigKeys (ConfUtils.java:logGet(46)) - raft.server.write.element-limit = 1024 (custom)
2023-02-22 04:45:04,568 [c33c6748-58a2-4781-a6a3-3a6f81ff3630@group-5723AAE7D50B-LeaderElection5] INFO  server.RaftServerConfigKeys (ConfUtils.java:logGet(46)) - raft.server.write.follower.gap.ratio.max = -1.0 (default)
2023-02-22 04:45:04,568 [c33c6748-58a2-4781-a6a3-3a6f81ff3630@group-5723AAE7D50B-LeaderElection5] INFO  server.RaftServerConfigKeys (ConfUtils.java:logGet(46)) - raft.server.log.appender.snapshot.chunk.size.max = 16MB (=16777216) (default)
2023-02-22 04:45:04,568 [c33c6748-58a2-4781-a6a3-3a6f81ff3630@group-5723AAE7D50B-LeaderElection5] INFO  server.RaftServerConfigKeys (ConfUtils.java:logGet(46)) - raft.server.log.appender.buffer.byte-limit = 33554432 (custom)
2023-02-22 04:45:04,568 [c33c6748-58a2-4781-a6a3-3a6f81ff3630@group-5723AAE7D50B-LeaderElection5] INFO  server.RaftServerConfigKeys (ConfUtils.java:logGet(46)) - raft.server.log.appender.buffer.element-limit = 1 (custom)
2023-02-22 04:45:04,568 [c33c6748-58a2-4781-a6a3-3a6f81ff3630@group-5723AAE7D50B-LeaderElection5] INFO  grpc.GrpcConfigKeys (ConfUtils.java:logGet(46)) - raft.grpc.server.leader.outstanding.appends.max = 128 (default)
2023-02-22 04:45:04,568 [c33c6748-58a2-4781-a6a3-3a6f81ff3630@group-5723AAE7D50B-LeaderElection5] INFO  server.RaftServerConfigKeys (ConfUtils.java:logGet(46)) - raft.server.rpc.request.timeout = 60s (custom)
2023-02-22 04:45:04,568 [c33c6748-58a2-4781-a6a3-3a6f81ff3630@group-5723AAE7D50B-LeaderElection5] INFO  server.RaftServerConfigKeys (ConfUtils.java:logGet(46)) - raft.server.log.appender.install.snapshot.enabled = false (custom)
2023-02-22 04:45:04,568 [c33c6748-58a2-4781-a6a3-3a6f81ff3630@group-5723AAE7D50B-LeaderElection5] INFO  grpc.GrpcConfigKeys (ConfUtils.java:logGet(46)) - raft.grpc.server.heartbeat.channel = true (default)
2023-02-22 04:45:04,569 [c33c6748-58a2-4781-a6a3-3a6f81ff3630@group-5723AAE7D50B-LeaderElection5] INFO  server.RaftServerConfigKeys (ConfUtils.java:logGet(46)) - raft.server.log.appender.wait-time.min = 10ms (default)
2023-02-22 04:45:04,569 [grpc-default-executor-2] INFO  server.RaftServer$Division (RaftServerImpl.java:requestVote(1251)) - fca85417-4002-4831-843c-2e02b9319828@group-5723AAE7D50B replies to ELECTION vote request: c33c6748-58a2-4781-a6a3-3a6f81ff3630<-fca85417-4002-4831-843c-2e02b9319828#0:OK-t1. Peer's state: fca85417-4002-4831-843c-2e02b9319828@group-5723AAE7D50B:t1, leader=null, voted=c33c6748-58a2-4781-a6a3-3a6f81ff3630, raftlog=Memoized:fca85417-4002-4831-843c-2e02b9319828@group-5723AAE7D50B-SegmentedRaftLog:OPENED:c-1, conf=-1: peers:[f9f5dbe8-91d3-4a2a-a4dd-ba97f25f1f6e|rpc:10.1.78.0:40235|dataStream:10.1.78.0:42699|priority:0|startupRole:FOLLOWER, c33c6748-58a2-4781-a6a3-3a6f81ff3630|rpc:10.1.78.0:37425|dataStream:10.1.78.0:39407|priority:1|startupRole:FOLLOWER, fca85417-4002-4831-843c-2e02b9319828|rpc:10.1.78.0:40073|dataStream:10.1.78.0:33265|priority:0|startupRole:FOLLOWER]|listeners:[], old=null
2023-02-22 04:45:04,569 [c33c6748-58a2-4781-a6a3-3a6f81ff3630@group-5723AAE7D50B-LeaderElection5] INFO  server.RaftServerConfigKeys (ConfUtils.java:logGet(46)) - raft.server.log.appender.snapshot.chunk.size.max = 16MB (=16777216) (default)
2023-02-22 04:45:04,571 [c33c6748-58a2-4781-a6a3-3a6f81ff3630@group-5723AAE7D50B-LeaderElection5] INFO  server.RaftServerConfigKeys (ConfUtils.java:logGet(46)) - raft.server.log.appender.buffer.byte-limit = 33554432 (custom)
2023-02-22 04:45:04,571 [c33c6748-58a2-4781-a6a3-3a6f81ff3630@group-5723AAE7D50B-LeaderElection5] INFO  server.RaftServerConfigKeys (ConfUtils.java:logGet(46)) - raft.server.log.appender.buffer.element-limit = 1 (custom)
2023-02-22 04:45:04,571 [EventQueue-PipelineReportForPipelineReportHandler] INFO  pipeline.PipelineManagerImpl (PipelineManagerImpl.java:openPipeline(367)) - Pipeline Pipeline[ Id: 16412177-ab87-4f0a-9bab-5723aae7d50b, Nodes: f9f5dbe8-91d3-4a2a-a4dd-ba97f25f1f6e(fv-az748-120.4k5rsvd4cmqu5oxra434zmszlb.cx.internal.cloudapp.net/10.1.78.0)c33c6748-58a2-4781-a6a3-3a6f81ff3630(fv-az748-120.4k5rsvd4cmqu5oxra434zmszlb.cx.internal.cloudapp.net/10.1.78.0)fca85417-4002-4831-843c-2e02b9319828(fv-az748-120.4k5rsvd4cmqu5oxra434zmszlb.cx.internal.cloudapp.net/10.1.78.0), ReplicationConfig: RATIS/THREE, State:ALLOCATED, leaderId:c33c6748-58a2-4781-a6a3-3a6f81ff3630, CreationTimestamp2023-02-22T04:44:56.891Z[Etc/UTC]] moved to OPEN state
2023-02-22 04:45:04,573 [c33c6748-58a2-4781-a6a3-3a6f81ff3630@group-5723AAE7D50B-LeaderElection5] INFO  grpc.GrpcConfigKeys (ConfUtils.java:logGet(46)) - raft.grpc.server.leader.outstanding.appends.max = 128 (default)
2023-02-22 04:45:04,573 [c33c6748-58a2-4781-a6a3-3a6f81ff3630@group-5723AAE7D50B-LeaderElection5] INFO  server.RaftServerConfigKeys (ConfUtils.java:logGet(46)) - raft.server.rpc.request.timeout = 60s (custom)
2023-02-22 04:45:04,573 [c33c6748-58a2-4781-a6a3-3a6f81ff3630@group-5723AAE7D50B-LeaderElection5] INFO  server.RaftServerConfigKeys (ConfUtils.java:logGet(46)) - raft.server.log.appender.install.snapshot.enabled = false (custom)
2023-02-22 04:45:04,573 [c33c6748-58a2-4781-a6a3-3a6f81ff3630@group-5723AAE7D50B-LeaderElection5] INFO  grpc.GrpcConfigKeys (ConfUtils.java:logGet(46)) - raft.grpc.server.heartbeat.channel = true (default)
2023-02-22 04:45:04,573 [c33c6748-58a2-4781-a6a3-3a6f81ff3630@group-5723AAE7D50B-LeaderElection5] INFO  server.RaftServerConfigKeys (ConfUtils.java:logGet(46)) - raft.server.log.appender.wait-time.min = 10ms (default)
2023-02-22 04:45:04,573 [c33c6748-58a2-4781-a6a3-3a6f81ff3630@group-5723AAE7D50B-LeaderElection5] INFO  impl.RoleInfo (RoleInfo.java:updateAndGet(139)) - c33c6748-58a2-4781-a6a3-3a6f81ff3630: start c33c6748-58a2-4781-a6a3-3a6f81ff3630@group-5723AAE7D50B-LeaderStateImpl
2023-02-22 04:45:04,573 [c33c6748-58a2-4781-a6a3-3a6f81ff3630@group-5723AAE7D50B-LeaderElection5] INFO  segmented.SegmentedRaftLogWorker (SegmentedRaftLogWorker.java:startLogSegment(452)) - c33c6748-58a2-4781-a6a3-3a6f81ff3630@group-5723AAE7D50B-SegmentedRaftLogWorker: Starting segment from index:0
2023-02-22 04:45:04,575 [c33c6748-58a2-4781-a6a3-3a6f81ff3630@group-5723AAE7D50B-SegmentedRaftLogWorker] INFO  segmented.SegmentedRaftLogWorker (SegmentedRaftLogWorker.java:execute(656)) - c33c6748-58a2-4781-a6a3-3a6f81ff3630@group-5723AAE7D50B-SegmentedRaftLogWorker: created new log segment /home/runner/work/ozone/ozone/hadoop-ozone/integration-test/target/test-dir/MiniOzoneClusterImpl-23364813-765e-4689-b759-17f9bf3914d5/datanode-1/data/ratis/16412177-ab87-4f0a-9bab-5723aae7d50b/current/log_inprogress_0
2023-02-22 04:45:04,589 [f9f5dbe8-91d3-4a2a-a4dd-ba97f25f1f6e-server-thread1] INFO  ratis.XceiverServerRatis (XceiverServerRatis.java:handleLeaderChangedNotification(905)) - Leader change notification received for group: group-5723AAE7D50B with new leaderId: c33c6748-58a2-4781-a6a3-3a6f81ff3630
2023-02-22 04:45:04,589 [f9f5dbe8-91d3-4a2a-a4dd-ba97f25f1f6e-server-thread1] INFO  server.RaftServer$Division (ServerState.java:setLeader(313)) - f9f5dbe8-91d3-4a2a-a4dd-ba97f25f1f6e@group-5723AAE7D50B: change Leader from null to c33c6748-58a2-4781-a6a3-3a6f81ff3630 at term 1 for appendEntries, leader elected after 5285ms
2023-02-22 04:45:04,590 [fca85417-4002-4831-843c-2e02b9319828-server-thread1] INFO  ratis.XceiverServerRatis (XceiverServerRatis.java:handleLeaderChangedNotification(905)) - Leader change notification received for group: group-5723AAE7D50B with new leaderId: c33c6748-58a2-4781-a6a3-3a6f81ff3630
2023-02-22 04:45:04,591 [fca85417-4002-4831-843c-2e02b9319828-server-thread1] INFO  server.RaftServer$Division (ServerState.java:setLeader(313)) - fca85417-4002-4831-843c-2e02b9319828@group-5723AAE7D50B: change Leader from null to c33c6748-58a2-4781-a6a3-3a6f81ff3630 at term 1 for appendEntries, leader elected after 5383ms
2023-02-22 04:45:04,593 [c33c6748-58a2-4781-a6a3-3a6f81ff3630@group-5723AAE7D50B-LeaderElection5] INFO  server.RaftServer$Division (ServerState.java:setRaftConf(430)) - c33c6748-58a2-4781-a6a3-3a6f81ff3630@group-5723AAE7D50B: set configuration 0: peers:[f9f5dbe8-91d3-4a2a-a4dd-ba97f25f1f6e|rpc:10.1.78.0:40235|dataStream:10.1.78.0:42699|priority:0|startupRole:FOLLOWER, c33c6748-58a2-4781-a6a3-3a6f81ff3630|rpc:10.1.78.0:37425|dataStream:10.1.78.0:39407|priority:1|startupRole:FOLLOWER, fca85417-4002-4831-843c-2e02b9319828|rpc:10.1.78.0:40073|dataStream:10.1.78.0:33265|priority:0|startupRole:FOLLOWER]|listeners:[], old=null
2023-02-22 04:45:04,602 [fca85417-4002-4831-843c-2e02b9319828-server-thread1] INFO  server.RaftServer$Division (ServerState.java:setRaftConf(430)) - fca85417-4002-4831-843c-2e02b9319828@group-5723AAE7D50B: set configuration 0: peers:[f9f5dbe8-91d3-4a2a-a4dd-ba97f25f1f6e|rpc:10.1.78.0:40235|dataStream:10.1.78.0:42699|priority:0|startupRole:FOLLOWER, c33c6748-58a2-4781-a6a3-3a6f81ff3630|rpc:10.1.78.0:37425|dataStream:10.1.78.0:39407|priority:1|startupRole:FOLLOWER, fca85417-4002-4831-843c-2e02b9319828|rpc:10.1.78.0:40073|dataStream:10.1.78.0:33265|priority:0|startupRole:FOLLOWER]|listeners:[], old=null
2023-02-22 04:45:04,602 [fca85417-4002-4831-843c-2e02b9319828-server-thread1] INFO  segmented.SegmentedRaftLogWorker (SegmentedRaftLogWorker.java:startLogSegment(452)) - fca85417-4002-4831-843c-2e02b9319828@group-5723AAE7D50B-SegmentedRaftLogWorker: Starting segment from index:0
2023-02-22 04:45:04,603 [f9f5dbe8-91d3-4a2a-a4dd-ba97f25f1f6e-server-thread2] INFO  server.RaftServer$Division (ServerState.java:setRaftConf(430)) - f9f5dbe8-91d3-4a2a-a4dd-ba97f25f1f6e@group-5723AAE7D50B: set configuration 0: peers:[f9f5dbe8-91d3-4a2a-a4dd-ba97f25f1f6e|rpc:10.1.78.0:40235|dataStream:10.1.78.0:42699|priority:0|startupRole:FOLLOWER, c33c6748-58a2-4781-a6a3-3a6f81ff3630|rpc:10.1.78.0:37425|dataStream:10.1.78.0:39407|priority:1|startupRole:FOLLOWER, fca85417-4002-4831-843c-2e02b9319828|rpc:10.1.78.0:40073|dataStream:10.1.78.0:33265|priority:0|startupRole:FOLLOWER]|listeners:[], old=null
2023-02-22 04:45:04,603 [fca85417-4002-4831-843c-2e02b9319828@group-5723AAE7D50B-SegmentedRaftLogWorker] INFO  segmented.SegmentedRaftLogWorker (SegmentedRaftLogWorker.java:execute(656)) - fca85417-4002-4831-843c-2e02b9319828@group-5723AAE7D50B-SegmentedRaftLogWorker: created new log segment /home/runner/work/ozone/ozone/hadoop-ozone/integration-test/target/test-dir/MiniOzoneClusterImpl-23364813-765e-4689-b759-17f9bf3914d5/datanode-0/data/ratis/16412177-ab87-4f0a-9bab-5723aae7d50b/current/log_inprogress_0
2023-02-22 04:45:04,605 [f9f5dbe8-91d3-4a2a-a4dd-ba97f25f1f6e-server-thread2] INFO  segmented.SegmentedRaftLogWorker (SegmentedRaftLogWorker.java:startLogSegment(452)) - f9f5dbe8-91d3-4a2a-a4dd-ba97f25f1f6e@group-5723AAE7D50B-SegmentedRaftLogWorker: Starting segment from index:0
2023-02-22 04:45:04,608 [f9f5dbe8-91d3-4a2a-a4dd-ba97f25f1f6e@group-5723AAE7D50B-SegmentedRaftLogWorker] INFO  segmented.SegmentedRaftLogWorker (SegmentedRaftLogWorker.java:execute(656)) - f9f5dbe8-91d3-4a2a-a4dd-ba97f25f1f6e@group-5723AAE7D50B-SegmentedRaftLogWorker: created new log segment /home/runner/work/ozone/ozone/hadoop-ozone/integration-test/target/test-dir/MiniOzoneClusterImpl-23364813-765e-4689-b759-17f9bf3914d5/datanode-2/data/ratis/16412177-ab87-4f0a-9bab-5723aae7d50b/current/log_inprogress_0
2023-02-22 04:45:04,705 [c33c6748-58a2-4781-a6a3-3a6f81ff3630@group-31653456D5E6-FollowerState] INFO  impl.FollowerState (FollowerState.java:run(143)) - c33c6748-58a2-4781-a6a3-3a6f81ff3630@group-31653456D5E6-FollowerState: change to CANDIDATE, lastRpcElapsedTime:5172200979ns, electionTimeout:5167ms
2023-02-22 04:45:04,705 [c33c6748-58a2-4781-a6a3-3a6f81ff3630@group-31653456D5E6-FollowerState] INFO  impl.RoleInfo (RoleInfo.java:shutdownFollowerState(110)) - c33c6748-58a2-4781-a6a3-3a6f81ff3630: shutdown c33c6748-58a2-4781-a6a3-3a6f81ff3630@group-31653456D5E6-FollowerState
2023-02-22 04:45:04,706 [c33c6748-58a2-4781-a6a3-3a6f81ff3630@group-31653456D5E6-FollowerState] INFO  server.RaftServer$Division (RaftServerImpl.java:setRole(321)) - c33c6748-58a2-4781-a6a3-3a6f81ff3630@group-31653456D5E6: changes role from  FOLLOWER to CANDIDATE at term 0 for changeToCandidate
2023-02-22 04:45:04,706 [c33c6748-58a2-4781-a6a3-3a6f81ff3630@group-31653456D5E6-FollowerState] INFO  server.RaftServerConfigKeys (ConfUtils.java:logGet(46)) - raft.server.leaderelection.pre-vote = true (default)
2023-02-22 04:45:04,706 [c33c6748-58a2-4781-a6a3-3a6f81ff3630@group-31653456D5E6-FollowerState] INFO  impl.RoleInfo (RoleInfo.java:updateAndGet(139)) - c33c6748-58a2-4781-a6a3-3a6f81ff3630: start c33c6748-58a2-4781-a6a3-3a6f81ff3630@group-31653456D5E6-LeaderElection6
2023-02-22 04:45:04,710 [c33c6748-58a2-4781-a6a3-3a6f81ff3630@group-31653456D5E6-LeaderElection6] INFO  impl.LeaderElection (LeaderElection.java:askForVotes(312)) - c33c6748-58a2-4781-a6a3-3a6f81ff3630@group-31653456D5E6-LeaderElection6 PRE_VOTE round 0: submit vote requests at term 0 for -1: peers:[c33c6748-58a2-4781-a6a3-3a6f81ff3630|rpc:10.1.78.0:37425|dataStream:10.1.78.0:39407|priority:1|startupRole:FOLLOWER]|listeners:[], old=null
2023-02-22 04:45:04,710 [c33c6748-58a2-4781-a6a3-3a6f81ff3630@group-31653456D5E6-LeaderElection6] INFO  impl.LeaderElection (LeaderElection.java:askForVotes(314)) - c33c6748-58a2-4781-a6a3-3a6f81ff3630@group-31653456D5E6-LeaderElection6 PRE_VOTE round 0: result PASSED (term=0)
2023-02-22 04:45:04,711 [c33c6748-58a2-4781-a6a3-3a6f81ff3630@group-31653456D5E6-LeaderElection6] INFO  impl.LeaderElection (LeaderElection.java:askForVotes(312)) - c33c6748-58a2-4781-a6a3-3a6f81ff3630@group-31653456D5E6-LeaderElection6 ELECTION round 0: submit vote requests at term 1 for -1: peers:[c33c6748-58a2-4781-a6a3-3a6f81ff3630|rpc:10.1.78.0:37425|dataStream:10.1.78.0:39407|priority:1|startupRole:FOLLOWER]|listeners:[], old=null
2023-02-22 04:45:04,711 [c33c6748-58a2-4781-a6a3-3a6f81ff3630@group-31653456D5E6-LeaderElection6] INFO  impl.LeaderElection (LeaderElection.java:askForVotes(314)) - c33c6748-58a2-4781-a6a3-3a6f81ff3630@group-31653456D5E6-LeaderElection6 ELECTION round 0: result PASSED (term=1)
2023-02-22 04:45:04,712 [c33c6748-58a2-4781-a6a3-3a6f81ff3630@group-31653456D5E6-LeaderElection6] INFO  impl.RoleInfo (RoleInfo.java:shutdownLeaderElection(130)) - c33c6748-58a2-4781-a6a3-3a6f81ff3630: shutdown c33c6748-58a2-4781-a6a3-3a6f81ff3630@group-31653456D5E6-LeaderElection6
2023-02-22 04:45:04,712 [c33c6748-58a2-4781-a6a3-3a6f81ff3630@group-31653456D5E6-LeaderElection6] INFO  server.RaftServer$Division (RaftServerImpl.java:setRole(321)) - c33c6748-58a2-4781-a6a3-3a6f81ff3630@group-31653456D5E6: changes role from CANDIDATE to LEADER at term 1 for changeToLeader
2023-02-22 04:45:04,712 [c33c6748-58a2-4781-a6a3-3a6f81ff3630@group-31653456D5E6-LeaderElection6] INFO  ratis.XceiverServerRatis (XceiverServerRatis.java:handleLeaderChangedNotification(905)) - Leader change notification received for group: group-31653456D5E6 with new leaderId: c33c6748-58a2-4781-a6a3-3a6f81ff3630
2023-02-22 04:45:04,713 [c33c6748-58a2-4781-a6a3-3a6f81ff3630@group-31653456D5E6-LeaderElection6] INFO  server.RaftServer$Division (ServerState.java:setLeader(313)) - c33c6748-58a2-4781-a6a3-3a6f81ff3630@group-31653456D5E6: change Leader from null to c33c6748-58a2-4781-a6a3-3a6f81ff3630 at term 1 for becomeLeader, leader elected after 5192ms
2023-02-22 04:45:04,713 [c33c6748-58a2-4781-a6a3-3a6f81ff3630@group-31653456D5E6-LeaderElection6] INFO  server.RaftServerConfigKeys (ConfUtils.java:logGet(46)) - raft.server.staging.catchup.gap = 1000 (default)
2023-02-22 04:45:04,713 [c33c6748-58a2-4781-a6a3-3a6f81ff3630@group-31653456D5E6-LeaderElection6] INFO  server.RaftServerConfigKeys (ConfUtils.java:logGet(46)) - raft.server.write.element-limit = 1024 (custom)
2023-02-22 04:45:04,714 [c33c6748-58a2-4781-a6a3-3a6f81ff3630@group-31653456D5E6-LeaderElection6] INFO  server.RaftServerConfigKeys (ConfUtils.java:logGet(46)) - raft.server.write.byte-limit = 1024 M (=1073741824) (custom)
2023-02-22 04:45:04,714 [c33c6748-58a2-4781-a6a3-3a6f81ff3630@group-31653456D5E6-LeaderElection6] INFO  server.RaftServerConfigKeys (ConfUtils.java:logGet(46)) - raft.server.watch.timeout = 180s (custom)
2023-02-22 04:45:04,714 [c33c6748-58a2-4781-a6a3-3a6f81ff3630@group-31653456D5E6-LeaderElection6] INFO  server.RaftServerConfigKeys (ConfUtils.java:logGet(46)) - raft.server.watch.timeout.denomination = 1s (default)
2023-02-22 04:45:04,714 [c33c6748-58a2-4781-a6a3-3a6f81ff3630@group-31653456D5E6-LeaderElection6] INFO  server.RaftServerConfigKeys (ConfUtils.java:logGet(46)) - raft.server.watch.element-limit = 65536 (default)
2023-02-22 04:45:04,714 [c33c6748-58a2-4781-a6a3-3a6f81ff3630@group-31653456D5E6-LeaderElection6] INFO  server.RaftServerConfigKeys (ConfUtils.java:logGet(46)) - raft.server.write.element-limit = 1024 (custom)
2023-02-22 04:45:04,714 [c33c6748-58a2-4781-a6a3-3a6f81ff3630@group-31653456D5E6-LeaderElection6] INFO  server.RaftServerConfigKeys (ConfUtils.java:logGet(46)) - raft.server.write.follower.gap.ratio.max = -1.0 (default)
2023-02-22 04:45:04,714 [c33c6748-58a2-4781-a6a3-3a6f81ff3630@group-31653456D5E6-LeaderElection6] INFO  impl.RoleInfo (RoleInfo.java:updateAndGet(139)) - c33c6748-58a2-4781-a6a3-3a6f81ff3630: start c33c6748-58a2-4781-a6a3-3a6f81ff3630@group-31653456D5E6-LeaderStateImpl
2023-02-22 04:45:04,714 [c33c6748-58a2-4781-a6a3-3a6f81ff3630@group-31653456D5E6-LeaderElection6] INFO  segmented.SegmentedRaftLogWorker (SegmentedRaftLogWorker.java:startLogSegment(452)) - c33c6748-58a2-4781-a6a3-3a6f81ff3630@group-31653456D5E6-SegmentedRaftLogWorker: Starting segment from index:0
2023-02-22 04:45:04,720 [c33c6748-58a2-4781-a6a3-3a6f81ff3630@group-31653456D5E6-LeaderElection6] INFO  server.RaftServer$Division (ServerState.java:setRaftConf(430)) - c33c6748-58a2-4781-a6a3-3a6f81ff3630@group-31653456D5E6: set configuration 0: peers:[c33c6748-58a2-4781-a6a3-3a6f81ff3630|rpc:10.1.78.0:37425|dataStream:10.1.78.0:39407|priority:1|startupRole:FOLLOWER]|listeners:[], old=null
2023-02-22 04:45:04,720 [c33c6748-58a2-4781-a6a3-3a6f81ff3630@group-31653456D5E6-SegmentedRaftLogWorker] INFO  segmented.SegmentedRaftLogWorker (SegmentedRaftLogWorker.java:execute(656)) - c33c6748-58a2-4781-a6a3-3a6f81ff3630@group-31653456D5E6-SegmentedRaftLogWorker: created new log segment /home/runner/work/ozone/ozone/hadoop-ozone/integration-test/target/test-dir/MiniOzoneClusterImpl-23364813-765e-4689-b759-17f9bf3914d5/datanode-1/data/ratis/25348cb9-0ac3-4bb1-a561-31653456d5e6/current/log_inprogress_0
2023-02-22 04:45:04,882 [Listener at 127.0.0.1/35585] INFO  ozone.MiniOzoneClusterImpl (MiniOzoneClusterImpl.java:lambda$waitForClusterToBeReady$0(218)) - Nodes are ready. Got 3 of 3 DN Heartbeats.
2023-02-22 04:45:04,882 [Listener at 127.0.0.1/35585] INFO  ozone.MiniOzoneClusterImpl (MiniOzoneClusterImpl.java:lambda$waitForClusterToBeReady$0(221)) - Cluster exits safe mode
2023-02-22 04:45:04,883 [Listener at 127.0.0.1/35585] INFO  ozone.MiniOzoneClusterImpl (MiniOzoneClusterImpl.java:lambda$waitForClusterToBeReady$0(223)) - SCM became leader
2023-02-22 04:45:05,288 [f9f5dbe8-91d3-4a2a-a4dd-ba97f25f1f6e@group-F69D173451CA-FollowerState] INFO  impl.FollowerState (FollowerState.java:run(143)) - f9f5dbe8-91d3-4a2a-a4dd-ba97f25f1f6e@group-F69D173451CA-FollowerState: change to CANDIDATE, lastRpcElapsedTime:5386847758ns, electionTimeout:5173ms
2023-02-22 04:45:05,289 [f9f5dbe8-91d3-4a2a-a4dd-ba97f25f1f6e@group-F69D173451CA-FollowerState] INFO  impl.RoleInfo (RoleInfo.java:shutdownFollowerState(110)) - f9f5dbe8-91d3-4a2a-a4dd-ba97f25f1f6e: shutdown f9f5dbe8-91d3-4a2a-a4dd-ba97f25f1f6e@group-F69D173451CA-FollowerState
2023-02-22 04:45:05,289 [f9f5dbe8-91d3-4a2a-a4dd-ba97f25f1f6e@group-F69D173451CA-FollowerState] INFO  server.RaftServer$Division (RaftServerImpl.java:setRole(321)) - f9f5dbe8-91d3-4a2a-a4dd-ba97f25f1f6e@group-F69D173451CA: changes role from  FOLLOWER to CANDIDATE at term 0 for changeToCandidate
2023-02-22 04:45:05,289 [JvmPauseMonitor4] WARN  util.JvmPauseMonitor (JvmPauseMonitor.java:detectPause(126)) - JvmPauseMonitor-c33c6748-58a2-4781-a6a3-3a6f81ff3630: Detected pause in JVM or host machine (eg GC): pause of approximately 216501450ns.
GC pool 'PS MarkSweep' had collection(s): count=1 time=158ms
GC pool 'PS Scavenge' had collection(s): count=1 time=74ms
2023-02-22 04:45:05,296 [f9f5dbe8-91d3-4a2a-a4dd-ba97f25f1f6e@group-F69D173451CA-FollowerState] INFO  server.RaftServerConfigKeys (ConfUtils.java:logGet(46)) - raft.server.leaderelection.pre-vote = true (default)
2023-02-22 04:45:05,296 [f9f5dbe8-91d3-4a2a-a4dd-ba97f25f1f6e@group-F69D173451CA-FollowerState] INFO  impl.RoleInfo (RoleInfo.java:updateAndGet(139)) - f9f5dbe8-91d3-4a2a-a4dd-ba97f25f1f6e: start f9f5dbe8-91d3-4a2a-a4dd-ba97f25f1f6e@group-F69D173451CA-LeaderElection7
2023-02-22 04:45:05,301 [f9f5dbe8-91d3-4a2a-a4dd-ba97f25f1f6e@group-F69D173451CA-LeaderElection7] INFO  impl.LeaderElection (LeaderElection.java:askForVotes(312)) - f9f5dbe8-91d3-4a2a-a4dd-ba97f25f1f6e@group-F69D173451CA-LeaderElection7 PRE_VOTE round 0: submit vote requests at term 0 for -1: peers:[f9f5dbe8-91d3-4a2a-a4dd-ba97f25f1f6e|rpc:10.1.78.0:40235|dataStream:10.1.78.0:42699|priority:1|startupRole:FOLLOWER]|listeners:[], old=null
2023-02-22 04:45:05,301 [f9f5dbe8-91d3-4a2a-a4dd-ba97f25f1f6e@group-F69D173451CA-LeaderElection7] INFO  impl.LeaderElection (LeaderElection.java:askForVotes(314)) - f9f5dbe8-91d3-4a2a-a4dd-ba97f25f1f6e@group-F69D173451CA-LeaderElection7 PRE_VOTE round 0: result PASSED (term=0)
2023-02-22 04:45:05,303 [f9f5dbe8-91d3-4a2a-a4dd-ba97f25f1f6e@group-F69D173451CA-LeaderElection7] INFO  impl.LeaderElection (LeaderElection.java:askForVotes(312)) - f9f5dbe8-91d3-4a2a-a4dd-ba97f25f1f6e@group-F69D173451CA-LeaderElection7 ELECTION round 0: submit vote requests at term 1 for -1: peers:[f9f5dbe8-91d3-4a2a-a4dd-ba97f25f1f6e|rpc:10.1.78.0:40235|dataStream:10.1.78.0:42699|priority:1|startupRole:FOLLOWER]|listeners:[], old=null
2023-02-22 04:45:05,303 [f9f5dbe8-91d3-4a2a-a4dd-ba97f25f1f6e@group-F69D173451CA-LeaderElection7] INFO  impl.LeaderElection (LeaderElection.java:askForVotes(314)) - f9f5dbe8-91d3-4a2a-a4dd-ba97f25f1f6e@group-F69D173451CA-LeaderElection7 ELECTION round 0: result PASSED (term=1)
2023-02-22 04:45:05,303 [f9f5dbe8-91d3-4a2a-a4dd-ba97f25f1f6e@group-F69D173451CA-LeaderElection7] INFO  impl.RoleInfo (RoleInfo.java:shutdownLeaderElection(130)) - f9f5dbe8-91d3-4a2a-a4dd-ba97f25f1f6e: shutdown f9f5dbe8-91d3-4a2a-a4dd-ba97f25f1f6e@group-F69D173451CA-LeaderElection7
2023-02-22 04:45:05,303 [f9f5dbe8-91d3-4a2a-a4dd-ba97f25f1f6e@group-F69D173451CA-LeaderElection7] INFO  server.RaftServer$Division (RaftServerImpl.java:setRole(321)) - f9f5dbe8-91d3-4a2a-a4dd-ba97f25f1f6e@group-F69D173451CA: changes role from CANDIDATE to LEADER at term 1 for changeToLeader
2023-02-22 04:45:05,303 [f9f5dbe8-91d3-4a2a-a4dd-ba97f25f1f6e@group-F69D173451CA-LeaderElection7] INFO  ratis.XceiverServerRatis (XceiverServerRatis.java:handleLeaderChangedNotification(905)) - Leader change notification received for group: group-F69D173451CA with new leaderId: f9f5dbe8-91d3-4a2a-a4dd-ba97f25f1f6e
2023-02-22 04:45:05,303 [f9f5dbe8-91d3-4a2a-a4dd-ba97f25f1f6e@group-F69D173451CA-LeaderElection7] INFO  server.RaftServer$Division (ServerState.java:setLeader(313)) - f9f5dbe8-91d3-4a2a-a4dd-ba97f25f1f6e@group-F69D173451CA: change Leader from null to f9f5dbe8-91d3-4a2a-a4dd-ba97f25f1f6e at term 1 for becomeLeader, leader elected after 5417ms
2023-02-22 04:45:05,303 [f9f5dbe8-91d3-4a2a-a4dd-ba97f25f1f6e@group-F69D173451CA-LeaderElection7] INFO  server.RaftServerConfigKeys (ConfUtils.java:logGet(46)) - raft.server.staging.catchup.gap = 1000 (default)
2023-02-22 04:45:05,304 [f9f5dbe8-91d3-4a2a-a4dd-ba97f25f1f6e@group-F69D173451CA-LeaderElection7] INFO  server.RaftServerConfigKeys (ConfUtils.java:logGet(46)) - raft.server.write.element-limit = 1024 (custom)
2023-02-22 04:45:05,304 [f9f5dbe8-91d3-4a2a-a4dd-ba97f25f1f6e@group-F69D173451CA-LeaderElection7] INFO  server.RaftServerConfigKeys (ConfUtils.java:logGet(46)) - raft.server.write.byte-limit = 1024 M (=1073741824) (custom)
2023-02-22 04:45:05,304 [f9f5dbe8-91d3-4a2a-a4dd-ba97f25f1f6e@group-F69D173451CA-LeaderElection7] INFO  server.RaftServerConfigKeys (ConfUtils.java:logGet(46)) - raft.server.watch.timeout = 180s (custom)
2023-02-22 04:45:05,304 [f9f5dbe8-91d3-4a2a-a4dd-ba97f25f1f6e@group-F69D173451CA-LeaderElection7] INFO  server.RaftServerConfigKeys (ConfUtils.java:logGet(46)) - raft.server.watch.timeout.denomination = 1s (default)
2023-02-22 04:45:05,304 [f9f5dbe8-91d3-4a2a-a4dd-ba97f25f1f6e@group-F69D173451CA-LeaderElection7] INFO  server.RaftServerConfigKeys (ConfUtils.java:logGet(46)) - raft.server.watch.element-limit = 65536 (default)
2023-02-22 04:45:05,304 [f9f5dbe8-91d3-4a2a-a4dd-ba97f25f1f6e@group-F69D173451CA-LeaderElection7] INFO  server.RaftServerConfigKeys (ConfUtils.java:logGet(46)) - raft.server.write.element-limit = 1024 (custom)
2023-02-22 04:45:05,304 [f9f5dbe8-91d3-4a2a-a4dd-ba97f25f1f6e@group-F69D173451CA-LeaderElection7] INFO  server.RaftServerConfigKeys (ConfUtils.java:logGet(46)) - raft.server.write.follower.gap.ratio.max = -1.0 (default)
2023-02-22 04:45:05,305 [f9f5dbe8-91d3-4a2a-a4dd-ba97f25f1f6e@group-F69D173451CA-LeaderElection7] INFO  impl.RoleInfo (RoleInfo.java:updateAndGet(139)) - f9f5dbe8-91d3-4a2a-a4dd-ba97f25f1f6e: start f9f5dbe8-91d3-4a2a-a4dd-ba97f25f1f6e@group-F69D173451CA-LeaderStateImpl
2023-02-22 04:45:05,305 [f9f5dbe8-91d3-4a2a-a4dd-ba97f25f1f6e@group-F69D173451CA-LeaderElection7] INFO  segmented.SegmentedRaftLogWorker (SegmentedRaftLogWorker.java:startLogSegment(452)) - f9f5dbe8-91d3-4a2a-a4dd-ba97f25f1f6e@group-F69D173451CA-SegmentedRaftLogWorker: Starting segment from index:0
2023-02-22 04:45:05,306 [f9f5dbe8-91d3-4a2a-a4dd-ba97f25f1f6e@group-F69D173451CA-SegmentedRaftLogWorker] INFO  segmented.SegmentedRaftLogWorker (SegmentedRaftLogWorker.java:execute(656)) - f9f5dbe8-91d3-4a2a-a4dd-ba97f25f1f6e@group-F69D173451CA-SegmentedRaftLogWorker: created new log segment /home/runner/work/ozone/ozone/hadoop-ozone/integration-test/target/test-dir/MiniOzoneClusterImpl-23364813-765e-4689-b759-17f9bf3914d5/datanode-2/data/ratis/3ea7aa19-fdec-49b0-b144-f69d173451ca/current/log_inprogress_0
2023-02-22 04:45:05,317 [f9f5dbe8-91d3-4a2a-a4dd-ba97f25f1f6e@group-F69D173451CA-LeaderElection7] INFO  server.RaftServer$Division (ServerState.java:setRaftConf(430)) - f9f5dbe8-91d3-4a2a-a4dd-ba97f25f1f6e@group-F69D173451CA: set configuration 0: peers:[f9f5dbe8-91d3-4a2a-a4dd-ba97f25f1f6e|rpc:10.1.78.0:40235|dataStream:10.1.78.0:42699|priority:1|startupRole:FOLLOWER]|listeners:[], old=null
2023-02-22 04:45:05,660 [Listener at 127.0.0.1/35585] INFO  rpc.RpcClient (RpcClient.java:createVolume(476)) - Creating Volume: volume88483, with user03424 as owner and space quota set to -1 bytes, counts quota set to -1
2023-02-22 04:45:05,715 [OM StateMachine ApplyTransaction Thread - 0] INFO  volume.OMVolumeCreateRequest (OMVolumeCreateRequest.java:validateAndUpdateCache(195)) - created volume:volume88483 for user:user03424
2023-02-22 04:45:05,718 [OM StateMachine ApplyTransaction Thread - 0] INFO  volume.OMVolumeCreateRequest (OMVolumeCreateRequest.java:validateAndUpdateCache(195)) - created volume:volume88483 for user:user03424
2023-02-22 04:45:05,719 [OM StateMachine ApplyTransaction Thread - 0] INFO  volume.OMVolumeCreateRequest (OMVolumeCreateRequest.java:validateAndUpdateCache(195)) - created volume:volume88483 for user:user03424
2023-02-22 04:45:05,753 [Listener at 127.0.0.1/35585] INFO  rpc.RpcClient (RpcClient.java:createBucket(698)) - Creating Bucket: volume88483/bucket25994, with bucket layout OBJECT_STORE, runner as owner, Versioning false, Storage Type set to DISK and Encryption set to false, Replication Type set to server-side default replication type, Namespace Quota set to -1, Space Quota set to -1 
2023-02-22 04:45:05,776 [OM StateMachine ApplyTransaction Thread - 0] INFO  bucket.OMBucketCreateRequest (OMBucketCreateRequest.java:validateAndUpdateCache(263)) - created bucket: bucket25994 of layout OBJECT_STORE in volume: volume88483
2023-02-22 04:45:05,777 [OM StateMachine ApplyTransaction Thread - 0] INFO  bucket.OMBucketCreateRequest (OMBucketCreateRequest.java:validateAndUpdateCache(263)) - created bucket: bucket25994 of layout OBJECT_STORE in volume: volume88483
2023-02-22 04:45:05,781 [OM StateMachine ApplyTransaction Thread - 0] INFO  bucket.OMBucketCreateRequest (OMBucketCreateRequest.java:validateAndUpdateCache(263)) - created bucket: bucket25994 of layout OBJECT_STORE in volume: volume88483
2023-02-22 04:45:05,799 [Listener at 127.0.0.1/35585] INFO  utils.BackgroundService (BackgroundService.java:shutdown(141)) - Shutting down service KeyDeletingService
2023-02-22 04:45:05,799 [Listener at 127.0.0.1/35585] INFO  utils.BackgroundService (BackgroundService.java:shutdown(141)) - Shutting down service DirectoryDeletingService
2023-02-22 04:45:05,800 [Listener at 127.0.0.1/35585] INFO  utils.BackgroundService (BackgroundService.java:shutdown(141)) - Shutting down service OpenKeyCleanupService
2023-02-22 04:45:05,800 [Listener at 127.0.0.1/35585] INFO  utils.BackgroundService (BackgroundService.java:shutdown(141)) - Shutting down service SstFilteringService
2023-02-22 04:45:05,800 [Listener at 127.0.0.1/35585] WARN  server.ServerUtils (ServerUtils.java:getDBPath(225)) - ozone.om.db.dirs is not configured. We recommend adding this setting. Falling back to ozone.metadata.dirs instead.
2023-02-22 04:45:05,804 [Time-limited test] INFO  rpc.RpcClient (RpcClient.java:createVolume(476)) - Creating Volume: vol-07191, with runner as owner and space quota set to -1 bytes, counts quota set to -1
2023-02-22 04:45:05,813 [OM StateMachine ApplyTransaction Thread - 0] INFO  volume.OMVolumeCreateRequest (OMVolumeCreateRequest.java:validateAndUpdateCache(195)) - created volume:vol-07191 for user:runner
2023-02-22 04:45:05,820 [OM StateMachine ApplyTransaction Thread - 0] INFO  volume.OMVolumeCreateRequest (OMVolumeCreateRequest.java:validateAndUpdateCache(195)) - created volume:vol-07191 for user:runner
2023-02-22 04:45:05,821 [OM StateMachine ApplyTransaction Thread - 0] INFO  volume.OMVolumeCreateRequest (OMVolumeCreateRequest.java:validateAndUpdateCache(195)) - created volume:vol-07191 for user:runner
]]></system-out>
  </testcase>
  <testcase name="testNonExistentBucket" classname="TestOmSnapshot" time="21.686">
    <system-out><![CDATA[2023-02-22 04:45:37,286 [Listener at 127.0.0.1/35585] INFO  ozone.MiniOzoneClusterImpl (MiniOzoneClusterImpl.java:shutdown(450)) - Shutting down the Mini Ozone Cluster
2023-02-22 04:45:37,286 [Listener at 127.0.0.1/35585] INFO  ozone.MiniOzoneHAClusterImpl (MiniOzoneHAClusterImpl.java:stop(312)) - Stopping the OzoneManager omNode-3
2023-02-22 04:45:37,286 [Listener at 127.0.0.1/35585] INFO  om.OzoneManager (OzoneManager.java:stop(2139)) - omNode-3[localhost:35585]: Stopping Ozone Manager
2023-02-22 04:45:37,286 [Listener at 127.0.0.1/35585] INFO  ipc.Server (Server.java:stop(3428)) - Stopping server on 35585
2023-02-22 04:45:37,296 [IPC Server listener on 35585] INFO  ipc.Server (Server.java:run(1384)) - Stopping IPC Server listener on 35585
2023-02-22 04:45:37,297 [IPC Server Responder] INFO  ipc.Server (Server.java:run(1517)) - Stopping IPC Server Responder
2023-02-22 04:45:37,297 [Listener at 127.0.0.1/35585] INFO  server.RaftServer (RaftServerProxy.java:lambda$close$6(409)) - omNode-3: close
2023-02-22 04:45:37,298 [omNode-3-impl-thread1] INFO  server.RaftServer$Division (RaftServerImpl.java:lambda$close$4(458)) - omNode-3@group-523986131536: shutdown
2023-02-22 04:45:37,298 [omNode-3-impl-thread1] INFO  util.JmxRegister (JmxRegister.java:unregister(73)) - Successfully un-registered JMX Bean with object name Ratis:service=RaftServer,group=group-523986131536,id=omNode-3
2023-02-22 04:45:37,298 [omNode-3-impl-thread1] INFO  impl.RoleInfo (RoleInfo.java:shutdownFollowerState(110)) - omNode-3: shutdown omNode-3@group-523986131536-FollowerState
2023-02-22 04:45:37,298 [omNode-3-impl-thread1] INFO  impl.StateMachineUpdater (StateMachineUpdater.java:stopAndJoin(153)) - omNode-3@group-523986131536-StateMachineUpdater: set stopIndex = 708
2023-02-22 04:45:37,298 [omNode-3@group-523986131536-FollowerState] INFO  impl.FollowerState (FollowerState.java:run(152)) - omNode-3@group-523986131536-FollowerState was interrupted
2023-02-22 04:45:37,298 [Listener at 127.0.0.1/35585] INFO  server.GrpcService (GrpcService.java:closeImpl(271)) - omNode-3: shutdown server GrpcServerProtocolService now
2023-02-22 04:45:37,298 [omNode-3@group-523986131536-StateMachineUpdater] INFO  ratis.OzoneManagerStateMachine (OzoneManagerStateMachine.java:takeSnapshot(445)) - Current Snapshot Index (t:1, i:708)
2023-02-22 04:45:37,306 [omNode-3@group-523986131536-StateMachineUpdater] INFO  impl.StateMachineUpdater (StateMachineUpdater.java:takeSnapshot(287)) - omNode-3@group-523986131536-StateMachineUpdater: Took a snapshot at index 708
2023-02-22 04:45:37,306 [omNode-3@group-523986131536-StateMachineUpdater] INFO  impl.StateMachineUpdater (StateMachineUpdater.java:lambda$new$0(92)) - omNode-3@group-523986131536-StateMachineUpdater: snapshotIndex: updateIncreasingly -1 -> 708
2023-02-22 04:45:37,306 [omNode-3@group-523986131536-StateMachineUpdater] INFO  ratis.OzoneManagerStateMachine (OzoneManagerStateMachine.java:close(499)) - StateMachine has shutdown. Shutdown OzoneManager if not already shutdown.
2023-02-22 04:45:37,306 [omNode-3@group-523986131536-StateMachineUpdater] INFO  ratis.OzoneManagerDoubleBuffer (OzoneManagerDoubleBuffer.java:stopDaemon(540)) - Stopping OMDoubleBuffer flush thread
2023-02-22 04:45:37,306 [OMDoubleBufferFlushThread] INFO  ratis.OzoneManagerDoubleBuffer (OzoneManagerDoubleBuffer.java:canFlush(625)) - OMDoubleBuffer flush thread OMDoubleBufferFlushThread is interrupted and will exit.
2023-02-22 04:45:37,314 [omNode-3-impl-thread1] INFO  server.RaftServer$Division (ServerState.java:close(466)) - omNode-3@group-523986131536: closes. applyIndex: 708
2023-02-22 04:45:37,314 [Listener at 127.0.0.1/35585] INFO  server.GrpcService (GrpcService.java:closeImpl(280)) - omNode-3: shutdown server GrpcServerProtocolService successfully
2023-02-22 04:45:37,315 [omNode-3@group-523986131536-SegmentedRaftLogWorker] INFO  segmented.SegmentedRaftLogWorker (SegmentedRaftLogWorker.java:run(347)) - omNode-3@group-523986131536-SegmentedRaftLogWorker was interrupted, exiting. There are 0 tasks remaining in the queue.
2023-02-22 04:45:37,316 [omNode-3-impl-thread1] INFO  segmented.SegmentedRaftLogWorker (SegmentedRaftLogWorker.java:close(257)) - omNode-3@group-523986131536-SegmentedRaftLogWorker close()
2023-02-22 04:45:37,316 [grpc-default-executor-1] WARN  server.GrpcServerProtocolService (LogUtils.java:warn(122)) - omNode-3: installSnapshot onError, lastRequest: null: org.apache.ratis.thirdparty.io.grpc.StatusRuntimeException: CANCELLED: client cancelled
2023-02-22 04:45:37,316 [grpc-default-executor-2] WARN  server.GrpcServerProtocolService (LogUtils.java:warn(122)) - omNode-3: installSnapshot onError, lastRequest: omNode-1->omNode-3#63787-t1,previous=(t:1, i:707),leaderCommit=707,initializing? true,entries: size=1, first=(t:1, i:708), METADATAENTRY(c:707): org.apache.ratis.thirdparty.io.grpc.StatusRuntimeException: CANCELLED: client cancelled
2023-02-22 04:45:37,317 [JvmPauseMonitor2] INFO  util.JvmPauseMonitor (JvmPauseMonitor.java:run(111)) - JvmPauseMonitor-omNode-3: Stopped
2023-02-22 04:45:37,317 [Listener at 127.0.0.1/35585] INFO  ratis.OzoneManagerStateMachine (OzoneManagerStateMachine.java:close(499)) - StateMachine has shutdown. Shutdown OzoneManager if not already shutdown.
2023-02-22 04:45:37,318 [Listener at 127.0.0.1/35585] INFO  ratis.OzoneManagerDoubleBuffer (OzoneManagerDoubleBuffer.java:stopDaemon(549)) - OMDoubleBuffer flush thread is not running.
2023-02-22 04:45:37,318 [Listener at 127.0.0.1/35585] INFO  utils.BackgroundService (BackgroundService.java:shutdown(141)) - Shutting down service KeyDeletingService
2023-02-22 04:45:37,319 [Listener at 127.0.0.1/35585] INFO  utils.BackgroundService (BackgroundService.java:shutdown(141)) - Shutting down service DirectoryDeletingService
2023-02-22 04:45:37,319 [Listener at 127.0.0.1/35585] INFO  utils.BackgroundService (BackgroundService.java:shutdown(141)) - Shutting down service OpenKeyCleanupService
2023-02-22 04:45:37,319 [Listener at 127.0.0.1/35585] INFO  utils.BackgroundService (BackgroundService.java:shutdown(141)) - Shutting down service SstFilteringService
2023-02-22 04:45:37,321 [grpc-default-executor-2] WARN  server.GrpcLogAppender (LogUtils.java:warn(122)) - omNode-1@group-523986131536->omNode-3-AppendLogResponseHandler: Failed appendEntries: org.apache.ratis.thirdparty.io.grpc.StatusRuntimeException: CANCELLED: RST_STREAM closed stream. HTTP/2 error code: CANCEL
2023-02-22 04:45:37,321 [grpc-default-executor-2] INFO  leader.FollowerInfo (FollowerInfoImpl.java:lambda$new$0(48)) - omNode-1@group-523986131536->omNode-3: nextIndex: updateUnconditionally 709 -> 708
2023-02-22 04:45:37,322 [Listener at 127.0.0.1/35585] INFO  handler.ContextHandler (ContextHandler.java:doStop(1159)) - Stopped o.e.j.w.WebAppContext@5587cbd6{ozoneManager,/,null,STOPPED}{file:/home/runner/work/ozone/ozone/hadoop-ozone/integration-test/target/test-classes/webapps/ozoneManager}
2023-02-22 04:45:37,322 [grpc-default-executor-1] WARN  server.GrpcLogAppender (LogUtils.java:warn(122)) - omNode-1@group-523986131536->omNode-3-AppendLogResponseHandler: Failed appendEntries: org.apache.ratis.thirdparty.io.grpc.StatusRuntimeException: CANCELLED: RST_STREAM closed stream. HTTP/2 error code: CANCEL
2023-02-22 04:45:37,323 [grpc-default-executor-1] INFO  leader.FollowerInfo (FollowerInfoImpl.java:lambda$new$0(48)) - omNode-1@group-523986131536->omNode-3: nextIndex: updateUnconditionally 708 -> 707
2023-02-22 04:45:37,330 [grpc-default-executor-2] WARN  server.GrpcLogAppender (LogUtils.java:warn(122)) - omNode-1@group-523986131536->omNode-3-AppendLogResponseHandler: Failed appendEntries: org.apache.ratis.thirdparty.io.grpc.StatusRuntimeException: UNAVAILABLE: io exception
2023-02-22 04:45:37,330 [grpc-default-executor-2] INFO  leader.FollowerInfo (FollowerInfoImpl.java:lambda$new$0(48)) - omNode-1@group-523986131536->omNode-3: nextIndex: updateUnconditionally 709 -> 708
2023-02-22 04:45:37,330 [Listener at 127.0.0.1/35585] INFO  server.AbstractConnector (AbstractConnector.java:doStop(383)) - Stopped ServerConnector@75d9aae4{HTTP/1.1, (http/1.1)}{0.0.0.0:32991}
2023-02-22 04:45:37,330 [Listener at 127.0.0.1/35585] INFO  server.session (HouseKeeper.java:stopScavenging(149)) - node0 Stopped scavenging
2023-02-22 04:45:37,333 [grpc-default-executor-1] WARN  server.GrpcLogAppender (LogUtils.java:warn(122)) - omNode-1@group-523986131536->omNode-3-AppendLogResponseHandler: Failed appendEntries: org.apache.ratis.thirdparty.io.grpc.StatusRuntimeException: UNAVAILABLE: io exception
2023-02-22 04:45:37,333 [grpc-default-executor-1] INFO  leader.FollowerInfo (FollowerInfoImpl.java:lambda$new$0(48)) - omNode-1@group-523986131536->omNode-3: nextIndex: updateUnconditionally 708 -> 707
2023-02-22 04:45:37,336 [Listener at 127.0.0.1/35585] INFO  handler.ContextHandler (ContextHandler.java:doStop(1159)) - Stopped o.e.j.s.ServletContextHandler@1f259685{static,/static,file:///home/runner/work/ozone/ozone/hadoop-ozone/integration-test/target/test-classes/webapps/static,STOPPED}
2023-02-22 04:45:37,336 [Listener at 127.0.0.1/35585] INFO  handler.ContextHandler (ContextHandler.java:doStop(1159)) - Stopped o.e.j.s.ServletContextHandler@7ef42355{logs,/logs,file:///home/runner/work/ozone/ozone/hadoop-ozone/integration-test/target/log,STOPPED}
2023-02-22 04:45:37,351 [Listener at 127.0.0.1/35585] INFO  ozone.MiniOzoneHAClusterImpl (MiniOzoneHAClusterImpl.java:stop(312)) - Stopping the OzoneManager omNode-1
2023-02-22 04:45:37,351 [Listener at 127.0.0.1/35585] INFO  om.OzoneManager (OzoneManager.java:stop(2139)) - omNode-1[localhost:36219]: Stopping Ozone Manager
2023-02-22 04:45:37,351 [Listener at 127.0.0.1/35585] INFO  ipc.Server (Server.java:stop(3428)) - Stopping server on 36219
2023-02-22 04:45:37,354 [IPC Server Responder] INFO  ipc.Server (Server.java:run(1517)) - Stopping IPC Server Responder
2023-02-22 04:45:37,355 [Listener at 127.0.0.1/35585] INFO  server.RaftServer (RaftServerProxy.java:lambda$close$6(409)) - omNode-1: close
2023-02-22 04:45:37,355 [IPC Server listener on 36219] INFO  ipc.Server (Server.java:run(1384)) - Stopping IPC Server listener on 36219
2023-02-22 04:45:37,355 [omNode-1-impl-thread1] INFO  server.RaftServer$Division (RaftServerImpl.java:lambda$close$4(458)) - omNode-1@group-523986131536: shutdown
2023-02-22 04:45:37,355 [omNode-1-impl-thread1] INFO  util.JmxRegister (JmxRegister.java:unregister(73)) - Successfully un-registered JMX Bean with object name Ratis:service=RaftServer,group=group-523986131536,id=omNode-1
2023-02-22 04:45:37,355 [omNode-1-impl-thread1] INFO  impl.RoleInfo (RoleInfo.java:shutdownLeaderState(93)) - omNode-1: shutdown omNode-1@group-523986131536-LeaderStateImpl
2023-02-22 04:45:37,355 [omNode-1-impl-thread1] INFO  impl.PendingRequests (PendingRequests.java:sendNotLeaderResponses(282)) - omNode-1@group-523986131536-PendingRequests: sendNotLeaderResponses
2023-02-22 04:45:37,355 [omNode-1@group-523986131536->omNode-3-GrpcLogAppender-LogAppenderDaemon] WARN  server.GrpcLogAppender (GrpcLogAppender.java:mayWait(200)) - omNode-1@group-523986131536->omNode-3-GrpcLogAppender: Wait interrupted by java.lang.InterruptedException
2023-02-22 04:45:37,357 [omNode-1@group-523986131536->omNode-2-GrpcLogAppender-LogAppenderDaemon] WARN  server.GrpcLogAppender (GrpcLogAppender.java:mayWait(200)) - omNode-1@group-523986131536->omNode-2-GrpcLogAppender: Wait interrupted by java.lang.InterruptedException
2023-02-22 04:45:37,358 [grpc-default-executor-1] INFO  server.GrpcServerProtocolService (GrpcServerProtocolService.java:onCompleted(143)) - omNode-2: Completed APPEND_ENTRIES, lastRequest: omNode-1->omNode-2#3121-t1,previous=(t:1, i:707),leaderCommit=707,initializing? true,entries: size=1, first=(t:1, i:708), METADATAENTRY(c:707)
2023-02-22 04:45:37,358 [Listener at 127.0.0.1/35585] INFO  server.GrpcService (GrpcService.java:closeImpl(271)) - omNode-1: shutdown server GrpcServerProtocolService now
2023-02-22 04:45:37,359 [grpc-default-executor-2] INFO  server.GrpcServerProtocolService (GrpcServerProtocolService.java:onCompleted(143)) - omNode-2: Completed APPEND_ENTRIES, lastRequest: null
2023-02-22 04:45:37,359 [grpc-default-executor-4] INFO  server.GrpcLogAppender (GrpcLogAppender.java:onCompleted(415)) - omNode-1@group-523986131536->omNode-2-AppendLogResponseHandler: follower responses appendEntries COMPLETED
2023-02-22 04:45:37,359 [grpc-default-executor-4] INFO  leader.FollowerInfo (FollowerInfoImpl.java:lambda$new$0(48)) - omNode-1@group-523986131536->omNode-2: nextIndex: updateUnconditionally 709 -> 708
2023-02-22 04:45:37,359 [omNode-1-impl-thread1] INFO  impl.StateMachineUpdater (StateMachineUpdater.java:stopAndJoin(153)) - omNode-1@group-523986131536-StateMachineUpdater: set stopIndex = 708
2023-02-22 04:45:37,359 [omNode-1@group-523986131536-StateMachineUpdater] INFO  ratis.OzoneManagerStateMachine (OzoneManagerStateMachine.java:takeSnapshot(445)) - Current Snapshot Index (t:1, i:708)
2023-02-22 04:45:37,360 [grpc-default-executor-5] INFO  server.GrpcLogAppender (GrpcLogAppender.java:onCompleted(415)) - omNode-1@group-523986131536->omNode-2-AppendLogResponseHandler: follower responses appendEntries COMPLETED
2023-02-22 04:45:37,360 [grpc-default-executor-5] INFO  leader.FollowerInfo (FollowerInfoImpl.java:lambda$new$0(48)) - omNode-1@group-523986131536->omNode-2: nextIndex: updateUnconditionally 708 -> 707
2023-02-22 04:45:37,382 [ForkJoinPool.commonPool-worker-1] INFO  server.GrpcServerProtocolClient (GrpcServerProtocolClient.java:close(101)) - omNode-3 Close channels
2023-02-22 04:45:37,382 [Finalizer] WARN  managed.ManagedRocksObjectUtils (ManagedRocksObjectUtils.java:assertClosed(54)) - RocksIterator is not closed properly
2023-02-22 04:45:37,382 [Finalizer] WARN  managed.ManagedRocksObjectUtils (ManagedRocksObjectUtils.java:assertClosed(54)) - RocksIterator is not closed properly
2023-02-22 04:45:37,382 [Finalizer] WARN  managed.ManagedRocksObjectUtils (ManagedRocksObjectUtils.java:assertClosed(54)) - RocksIterator is not closed properly
2023-02-22 04:45:37,382 [Finalizer] WARN  managed.ManagedRocksObjectUtils (ManagedRocksObjectUtils.java:assertClosed(54)) - RocksIterator is not closed properly
2023-02-22 04:45:37,382 [Finalizer] WARN  managed.ManagedRocksObjectUtils (ManagedRocksObjectUtils.java:assertClosed(54)) - RocksIterator is not closed properly
2023-02-22 04:45:37,382 [Finalizer] WARN  managed.ManagedRocksObjectUtils (ManagedRocksObjectUtils.java:assertClosed(54)) - RocksIterator is not closed properly
2023-02-22 04:45:37,383 [Finalizer] WARN  managed.ManagedRocksObjectUtils (ManagedRocksObjectUtils.java:assertClosed(54)) - ManagedColumnFamilyOptions is not closed properly
2023-02-22 04:45:37,383 [Finalizer] WARN  managed.ManagedRocksObjectUtils (ManagedRocksObjectUtils.java:assertClosed(54)) - ManagedColumnFamilyOptions is not closed properly
2023-02-22 04:45:37,383 [Finalizer] WARN  managed.ManagedRocksObjectUtils (ManagedRocksObjectUtils.java:assertClosed(54)) - ManagedColumnFamilyOptions is not closed properly
2023-02-22 04:45:37,383 [Finalizer] WARN  managed.ManagedRocksObjectUtils (ManagedRocksObjectUtils.java:assertClosed(54)) - ManagedColumnFamilyOptions is not closed properly
2023-02-22 04:45:37,383 [Finalizer] WARN  managed.ManagedRocksObjectUtils (ManagedRocksObjectUtils.java:assertClosed(54)) - ManagedColumnFamilyOptions is not closed properly
2023-02-22 04:45:37,383 [Finalizer] WARN  managed.ManagedRocksObjectUtils (ManagedRocksObjectUtils.java:assertClosed(54)) - ManagedColumnFamilyOptions is not closed properly
2023-02-22 04:45:37,383 [Finalizer] WARN  managed.ManagedRocksObjectUtils (ManagedRocksObjectUtils.java:assertClosed(54)) - ManagedColumnFamilyOptions is not closed properly
2023-02-22 04:45:37,383 [Finalizer] WARN  managed.ManagedRocksObjectUtils (ManagedRocksObjectUtils.java:assertClosed(54)) - ManagedColumnFamilyOptions is not closed properly
2023-02-22 04:45:37,383 [Finalizer] WARN  managed.ManagedRocksObjectUtils (ManagedRocksObjectUtils.java:assertClosed(54)) - RocksIterator is not closed properly
2023-02-22 04:45:37,383 [Finalizer] WARN  managed.ManagedRocksObjectUtils (ManagedRocksObjectUtils.java:assertClosed(54)) - RocksIterator is not closed properly
2023-02-22 04:45:37,383 [Finalizer] WARN  managed.ManagedRocksObjectUtils (ManagedRocksObjectUtils.java:assertClosed(54)) - RocksIterator is not closed properly
2023-02-22 04:45:37,383 [Finalizer] WARN  managed.ManagedRocksObjectUtils (ManagedRocksObjectUtils.java:assertClosed(54)) - RocksIterator is not closed properly
2023-02-22 04:45:37,383 [Finalizer] WARN  managed.ManagedRocksObjectUtils (ManagedRocksObjectUtils.java:assertClosed(54)) - RocksIterator is not closed properly
2023-02-22 04:45:37,383 [Finalizer] WARN  managed.ManagedRocksObjectUtils (ManagedRocksObjectUtils.java:assertClosed(54)) - RocksIterator is not closed properly
2023-02-22 04:45:37,383 [Finalizer] WARN  managed.ManagedRocksObjectUtils (ManagedRocksObjectUtils.java:assertClosed(54)) - ManagedColumnFamilyOptions is not closed properly
2023-02-22 04:45:37,383 [Finalizer] WARN  managed.ManagedRocksObjectUtils (ManagedRocksObjectUtils.java:assertClosed(54)) - ManagedColumnFamilyOptions is not closed properly
2023-02-22 04:45:37,383 [Finalizer] WARN  managed.ManagedRocksObjectUtils (ManagedRocksObjectUtils.java:assertClosed(54)) - ManagedColumnFamilyOptions is not closed properly
2023-02-22 04:45:37,385 [Finalizer] WARN  managed.ManagedRocksObjectUtils (ManagedRocksObjectUtils.java:assertClosed(54)) - ManagedColumnFamilyOptions is not closed properly
2023-02-22 04:45:37,385 [Finalizer] WARN  managed.ManagedRocksObjectUtils (ManagedRocksObjectUtils.java:assertClosed(54)) - ManagedColumnFamilyOptions is not closed properly
2023-02-22 04:45:37,385 [Finalizer] WARN  managed.ManagedRocksObjectUtils (ManagedRocksObjectUtils.java:assertClosed(54)) - ManagedColumnFamilyOptions is not closed properly
2023-02-22 04:45:37,385 [Finalizer] WARN  managed.ManagedRocksObjectUtils (ManagedRocksObjectUtils.java:assertClosed(54)) - ManagedColumnFamilyOptions is not closed properly
2023-02-22 04:45:37,385 [Finalizer] WARN  managed.ManagedRocksObjectUtils (ManagedRocksObjectUtils.java:assertClosed(54)) - ManagedColumnFamilyOptions is not closed properly
2023-02-22 04:45:37,385 [Finalizer] WARN  managed.ManagedRocksObjectUtils (ManagedRocksObjectUtils.java:assertClosed(54)) - RocksIterator is not closed properly
2023-02-22 04:45:37,385 [Finalizer] WARN  managed.ManagedRocksObjectUtils (ManagedRocksObjectUtils.java:assertClosed(54)) - RocksIterator is not closed properly
2023-02-22 04:45:37,385 [Finalizer] WARN  managed.ManagedRocksObjectUtils (ManagedRocksObjectUtils.java:assertClosed(54)) - RocksIterator is not closed properly
2023-02-22 04:45:37,385 [Finalizer] WARN  managed.ManagedRocksObjectUtils (ManagedRocksObjectUtils.java:assertClosed(54)) - RocksIterator is not closed properly
2023-02-22 04:45:37,385 [Finalizer] WARN  managed.ManagedRocksObjectUtils (ManagedRocksObjectUtils.java:assertClosed(54)) - RocksIterator is not closed properly
2023-02-22 04:45:37,385 [Finalizer] WARN  managed.ManagedRocksObjectUtils (ManagedRocksObjectUtils.java:assertClosed(54)) - RocksIterator is not closed properly
2023-02-22 04:45:37,385 [Finalizer] WARN  managed.ManagedRocksObjectUtils (ManagedRocksObjectUtils.java:assertClosed(54)) - ManagedColumnFamilyOptions is not closed properly
2023-02-22 04:45:37,385 [Finalizer] WARN  managed.ManagedRocksObjectUtils (ManagedRocksObjectUtils.java:assertClosed(54)) - ManagedColumnFamilyOptions is not closed properly
2023-02-22 04:45:37,385 [Finalizer] WARN  managed.ManagedRocksObjectUtils (ManagedRocksObjectUtils.java:assertClosed(54)) - ManagedColumnFamilyOptions is not closed properly
2023-02-22 04:45:37,385 [Finalizer] WARN  managed.ManagedRocksObjectUtils (ManagedRocksObjectUtils.java:assertClosed(54)) - ManagedColumnFamilyOptions is not closed properly
2023-02-22 04:45:37,385 [Finalizer] WARN  managed.ManagedRocksObjectUtils (ManagedRocksObjectUtils.java:assertClosed(54)) - ManagedColumnFamilyOptions is not closed properly
2023-02-22 04:45:37,385 [Finalizer] WARN  managed.ManagedRocksObjectUtils (ManagedRocksObjectUtils.java:assertClosed(54)) - ManagedColumnFamilyOptions is not closed properly
2023-02-22 04:45:37,385 [Finalizer] WARN  managed.ManagedRocksObjectUtils (ManagedRocksObjectUtils.java:assertClosed(54)) - ManagedColumnFamilyOptions is not closed properly
2023-02-22 04:45:37,385 [Finalizer] WARN  managed.ManagedRocksObjectUtils (ManagedRocksObjectUtils.java:assertClosed(54)) - ManagedColumnFamilyOptions is not closed properly
2023-02-22 04:45:37,385 [Finalizer] WARN  managed.ManagedRocksObjectUtils (ManagedRocksObjectUtils.java:assertClosed(54)) - RocksIterator is not closed properly
2023-02-22 04:45:37,386 [Finalizer] WARN  managed.ManagedRocksObjectUtils (ManagedRocksObjectUtils.java:assertClosed(54)) - RocksIterator is not closed properly
2023-02-22 04:45:37,386 [Finalizer] WARN  managed.ManagedRocksObjectUtils (ManagedRocksObjectUtils.java:assertClosed(54)) - RocksIterator is not closed properly
2023-02-22 04:45:37,386 [Finalizer] WARN  managed.ManagedRocksObjectUtils (ManagedRocksObjectUtils.java:assertClosed(54)) - RocksIterator is not closed properly
2023-02-22 04:45:37,386 [Finalizer] WARN  managed.ManagedRocksObjectUtils (ManagedRocksObjectUtils.java:assertClosed(54)) - RocksIterator is not closed properly
2023-02-22 04:45:37,386 [Finalizer] WARN  managed.ManagedRocksObjectUtils (ManagedRocksObjectUtils.java:assertClosed(54)) - RocksIterator is not closed properly
2023-02-22 04:45:37,386 [Finalizer] WARN  managed.ManagedRocksObjectUtils (ManagedRocksObjectUtils.java:assertClosed(54)) - ManagedColumnFamilyOptions is not closed properly
2023-02-22 04:45:37,386 [Finalizer] WARN  managed.ManagedRocksObjectUtils (ManagedRocksObjectUtils.java:assertClosed(54)) - ManagedColumnFamilyOptions is not closed properly
2023-02-22 04:45:37,386 [Finalizer] WARN  managed.ManagedRocksObjectUtils (ManagedRocksObjectUtils.java:assertClosed(54)) - ManagedColumnFamilyOptions is not closed properly
2023-02-22 04:45:37,386 [Finalizer] WARN  managed.ManagedRocksObjectUtils (ManagedRocksObjectUtils.java:assertClosed(54)) - ManagedColumnFamilyOptions is not closed properly
2023-02-22 04:45:37,386 [Finalizer] WARN  managed.ManagedRocksObjectUtils (ManagedRocksObjectUtils.java:assertClosed(54)) - ManagedColumnFamilyOptions is not closed properly
2023-02-22 04:45:37,386 [Finalizer] WARN  managed.ManagedRocksObjectUtils (ManagedRocksObjectUtils.java:assertClosed(54)) - ManagedColumnFamilyOptions is not closed properly
2023-02-22 04:45:37,386 [Finalizer] WARN  managed.ManagedRocksObjectUtils (ManagedRocksObjectUtils.java:assertClosed(54)) - ManagedColumnFamilyOptions is not closed properly
2023-02-22 04:45:37,386 [Finalizer] WARN  managed.ManagedRocksObjectUtils (ManagedRocksObjectUtils.java:assertClosed(54)) - ManagedColumnFamilyOptions is not closed properly
2023-02-22 04:45:37,384 [ForkJoinPool.commonPool-worker-1] INFO  server.GrpcServerProtocolClient (GrpcServerProtocolClient.java:close(101)) - omNode-2 Close channels
2023-02-22 04:45:37,391 [Listener at 127.0.0.1/35585] INFO  server.GrpcService (GrpcService.java:closeImpl(280)) - omNode-1: shutdown server GrpcServerProtocolService successfully
2023-02-22 04:45:37,393 [omNode-1@group-523986131536-StateMachineUpdater] INFO  impl.StateMachineUpdater (StateMachineUpdater.java:takeSnapshot(287)) - omNode-1@group-523986131536-StateMachineUpdater: Took a snapshot at index 708
2023-02-22 04:45:37,393 [omNode-1@group-523986131536-StateMachineUpdater] INFO  impl.StateMachineUpdater (StateMachineUpdater.java:lambda$new$0(92)) - omNode-1@group-523986131536-StateMachineUpdater: snapshotIndex: updateIncreasingly -1 -> 708
2023-02-22 04:45:37,393 [omNode-1@group-523986131536-StateMachineUpdater] INFO  ratis.OzoneManagerStateMachine (OzoneManagerStateMachine.java:close(499)) - StateMachine has shutdown. Shutdown OzoneManager if not already shutdown.
2023-02-22 04:45:37,393 [omNode-1@group-523986131536-StateMachineUpdater] INFO  ratis.OzoneManagerDoubleBuffer (OzoneManagerDoubleBuffer.java:stopDaemon(540)) - Stopping OMDoubleBuffer flush thread
2023-02-22 04:45:37,393 [OMDoubleBufferFlushThread] INFO  ratis.OzoneManagerDoubleBuffer (OzoneManagerDoubleBuffer.java:canFlush(625)) - OMDoubleBuffer flush thread OMDoubleBufferFlushThread is interrupted and will exit.
2023-02-22 04:45:37,394 [omNode-1-impl-thread1] INFO  server.RaftServer$Division (ServerState.java:close(466)) - omNode-1@group-523986131536: closes. applyIndex: 708
2023-02-22 04:45:37,394 [omNode-1@group-523986131536-SegmentedRaftLogWorker] INFO  segmented.SegmentedRaftLogWorker (SegmentedRaftLogWorker.java:run(347)) - omNode-1@group-523986131536-SegmentedRaftLogWorker was interrupted, exiting. There are 0 tasks remaining in the queue.
2023-02-22 04:45:37,395 [omNode-1-impl-thread1] INFO  segmented.SegmentedRaftLogWorker (SegmentedRaftLogWorker.java:close(257)) - omNode-1@group-523986131536-SegmentedRaftLogWorker close()
2023-02-22 04:45:37,395 [JvmPauseMonitor0] INFO  util.JvmPauseMonitor (JvmPauseMonitor.java:run(111)) - JvmPauseMonitor-omNode-1: Stopped
2023-02-22 04:45:37,395 [Listener at 127.0.0.1/35585] INFO  ratis.OzoneManagerStateMachine (OzoneManagerStateMachine.java:close(499)) - StateMachine has shutdown. Shutdown OzoneManager if not already shutdown.
2023-02-22 04:45:37,395 [Listener at 127.0.0.1/35585] INFO  ratis.OzoneManagerDoubleBuffer (OzoneManagerDoubleBuffer.java:stopDaemon(549)) - OMDoubleBuffer flush thread is not running.
2023-02-22 04:45:37,396 [Listener at 127.0.0.1/35585] INFO  handler.ContextHandler (ContextHandler.java:doStop(1159)) - Stopped o.e.j.w.WebAppContext@25af328e{ozoneManager,/,null,STOPPED}{file:/home/runner/work/ozone/ozone/hadoop-ozone/integration-test/target/test-classes/webapps/ozoneManager}
2023-02-22 04:45:37,396 [Listener at 127.0.0.1/35585] INFO  server.AbstractConnector (AbstractConnector.java:doStop(383)) - Stopped ServerConnector@4488e574{HTTP/1.1, (http/1.1)}{0.0.0.0:39403}
2023-02-22 04:45:37,396 [Listener at 127.0.0.1/35585] INFO  server.session (HouseKeeper.java:stopScavenging(149)) - node0 Stopped scavenging
2023-02-22 04:45:37,397 [Listener at 127.0.0.1/35585] INFO  handler.ContextHandler (ContextHandler.java:doStop(1159)) - Stopped o.e.j.s.ServletContextHandler@5aaa84b4{static,/static,file:///home/runner/work/ozone/ozone/hadoop-ozone/integration-test/target/test-classes/webapps/static,STOPPED}
2023-02-22 04:45:37,397 [Listener at 127.0.0.1/35585] INFO  handler.ContextHandler (ContextHandler.java:doStop(1159)) - Stopped o.e.j.s.ServletContextHandler@2f05cf02{logs,/logs,file:///home/runner/work/ozone/ozone/hadoop-ozone/integration-test/target/log,STOPPED}
2023-02-22 04:45:37,401 [Listener at 127.0.0.1/35585] INFO  ozone.MiniOzoneHAClusterImpl (MiniOzoneHAClusterImpl.java:stop(312)) - Stopping the OzoneManager omNode-2
2023-02-22 04:45:37,401 [Listener at 127.0.0.1/35585] INFO  om.OzoneManager (OzoneManager.java:stop(2139)) - omNode-2[localhost:40045]: Stopping Ozone Manager
2023-02-22 04:45:37,401 [Listener at 127.0.0.1/35585] INFO  ipc.Server (Server.java:stop(3428)) - Stopping server on 40045
2023-02-22 04:45:37,402 [IPC Server listener on 40045] INFO  ipc.Server (Server.java:run(1384)) - Stopping IPC Server listener on 40045
2023-02-22 04:45:37,404 [IPC Server Responder] INFO  ipc.Server (Server.java:run(1517)) - Stopping IPC Server Responder
2023-02-22 04:45:37,404 [Listener at 127.0.0.1/35585] INFO  server.RaftServer (RaftServerProxy.java:lambda$close$6(409)) - omNode-2: close
2023-02-22 04:45:37,404 [omNode-2-impl-thread1] INFO  server.RaftServer$Division (RaftServerImpl.java:lambda$close$4(458)) - omNode-2@group-523986131536: shutdown
2023-02-22 04:45:37,404 [omNode-2-impl-thread1] INFO  util.JmxRegister (JmxRegister.java:unregister(73)) - Successfully un-registered JMX Bean with object name Ratis:service=RaftServer,group=group-523986131536,id=omNode-2
2023-02-22 04:45:37,404 [omNode-2-impl-thread1] INFO  impl.RoleInfo (RoleInfo.java:shutdownFollowerState(110)) - omNode-2: shutdown omNode-2@group-523986131536-FollowerState
2023-02-22 04:45:37,405 [omNode-2-impl-thread1] INFO  impl.StateMachineUpdater (StateMachineUpdater.java:stopAndJoin(153)) - omNode-2@group-523986131536-StateMachineUpdater: set stopIndex = 708
2023-02-22 04:45:37,405 [omNode-2@group-523986131536-FollowerState] INFO  impl.FollowerState (FollowerState.java:run(152)) - omNode-2@group-523986131536-FollowerState was interrupted
2023-02-22 04:45:37,405 [Listener at 127.0.0.1/35585] INFO  server.GrpcService (GrpcService.java:closeImpl(271)) - omNode-2: shutdown server GrpcServerProtocolService now
2023-02-22 04:45:37,405 [omNode-2@group-523986131536-StateMachineUpdater] INFO  ratis.OzoneManagerStateMachine (OzoneManagerStateMachine.java:takeSnapshot(445)) - Current Snapshot Index (t:1, i:708)
2023-02-22 04:45:37,406 [Listener at 127.0.0.1/35585] INFO  server.GrpcService (GrpcService.java:closeImpl(280)) - omNode-2: shutdown server GrpcServerProtocolService successfully
2023-02-22 04:45:37,411 [omNode-2@group-523986131536-StateMachineUpdater] INFO  impl.StateMachineUpdater (StateMachineUpdater.java:takeSnapshot(287)) - omNode-2@group-523986131536-StateMachineUpdater: Took a snapshot at index 708
2023-02-22 04:45:37,411 [omNode-2@group-523986131536-StateMachineUpdater] INFO  impl.StateMachineUpdater (StateMachineUpdater.java:lambda$new$0(92)) - omNode-2@group-523986131536-StateMachineUpdater: snapshotIndex: updateIncreasingly -1 -> 708
2023-02-22 04:45:37,411 [omNode-2@group-523986131536-StateMachineUpdater] INFO  ratis.OzoneManagerStateMachine (OzoneManagerStateMachine.java:close(499)) - StateMachine has shutdown. Shutdown OzoneManager if not already shutdown.
2023-02-22 04:45:37,411 [omNode-2@group-523986131536-StateMachineUpdater] INFO  ratis.OzoneManagerDoubleBuffer (OzoneManagerDoubleBuffer.java:stopDaemon(540)) - Stopping OMDoubleBuffer flush thread
2023-02-22 04:45:37,412 [OMDoubleBufferFlushThread] INFO  ratis.OzoneManagerDoubleBuffer (OzoneManagerDoubleBuffer.java:canFlush(625)) - OMDoubleBuffer flush thread OMDoubleBufferFlushThread is interrupted and will exit.
2023-02-22 04:45:37,412 [omNode-2-impl-thread1] INFO  server.RaftServer$Division (ServerState.java:close(466)) - omNode-2@group-523986131536: closes. applyIndex: 708
2023-02-22 04:45:37,412 [omNode-2@group-523986131536-SegmentedRaftLogWorker] INFO  segmented.SegmentedRaftLogWorker (SegmentedRaftLogWorker.java:run(347)) - omNode-2@group-523986131536-SegmentedRaftLogWorker was interrupted, exiting. There are 0 tasks remaining in the queue.
2023-02-22 04:45:37,413 [omNode-2-impl-thread1] INFO  segmented.SegmentedRaftLogWorker (SegmentedRaftLogWorker.java:close(257)) - omNode-2@group-523986131536-SegmentedRaftLogWorker close()
2023-02-22 04:45:37,414 [JvmPauseMonitor1] INFO  util.JvmPauseMonitor (JvmPauseMonitor.java:run(111)) - JvmPauseMonitor-omNode-2: Stopped
2023-02-22 04:45:37,414 [Listener at 127.0.0.1/35585] INFO  ratis.OzoneManagerStateMachine (OzoneManagerStateMachine.java:close(499)) - StateMachine has shutdown. Shutdown OzoneManager if not already shutdown.
2023-02-22 04:45:37,414 [Listener at 127.0.0.1/35585] INFO  ratis.OzoneManagerDoubleBuffer (OzoneManagerDoubleBuffer.java:stopDaemon(549)) - OMDoubleBuffer flush thread is not running.
2023-02-22 04:45:37,414 [Listener at 127.0.0.1/35585] INFO  utils.BackgroundService (BackgroundService.java:shutdown(141)) - Shutting down service KeyDeletingService
2023-02-22 04:45:37,414 [Listener at 127.0.0.1/35585] INFO  utils.BackgroundService (BackgroundService.java:shutdown(141)) - Shutting down service DirectoryDeletingService
2023-02-22 04:45:37,414 [Listener at 127.0.0.1/35585] INFO  utils.BackgroundService (BackgroundService.java:shutdown(141)) - Shutting down service OpenKeyCleanupService
2023-02-22 04:45:37,415 [Listener at 127.0.0.1/35585] INFO  utils.BackgroundService (BackgroundService.java:shutdown(141)) - Shutting down service SstFilteringService
2023-02-22 04:45:37,415 [Listener at 127.0.0.1/35585] INFO  handler.ContextHandler (ContextHandler.java:doStop(1159)) - Stopped o.e.j.w.WebAppContext@14d4fe82{ozoneManager,/,null,STOPPED}{file:/home/runner/work/ozone/ozone/hadoop-ozone/integration-test/target/test-classes/webapps/ozoneManager}
2023-02-22 04:45:37,416 [Listener at 127.0.0.1/35585] INFO  server.AbstractConnector (AbstractConnector.java:doStop(383)) - Stopped ServerConnector@34df1c2{HTTP/1.1, (http/1.1)}{0.0.0.0:44001}
2023-02-22 04:45:37,416 [Listener at 127.0.0.1/35585] INFO  server.session (HouseKeeper.java:stopScavenging(149)) - node0 Stopped scavenging
2023-02-22 04:45:37,416 [Listener at 127.0.0.1/35585] INFO  handler.ContextHandler (ContextHandler.java:doStop(1159)) - Stopped o.e.j.s.ServletContextHandler@3a65e121{static,/static,file:///home/runner/work/ozone/ozone/hadoop-ozone/integration-test/target/test-classes/webapps/static,STOPPED}
2023-02-22 04:45:37,417 [Listener at 127.0.0.1/35585] INFO  handler.ContextHandler (ContextHandler.java:doStop(1159)) - Stopped o.e.j.s.ServletContextHandler@48701496{logs,/logs,file:///home/runner/work/ozone/ozone/hadoop-ozone/integration-test/target/log,STOPPED}
2023-02-22 04:45:37,421 [Listener at 127.0.0.1/35585] INFO  ozone.MiniOzoneHAClusterImpl (MiniOzoneHAClusterImpl.java:stop(320)) - Stopping the StorageContainerManager 9f85e5cc-18da-4417-8c36-74eeb037a73d
2023-02-22 04:45:37,421 [Listener at 127.0.0.1/35585] INFO  server.StorageContainerManager (StorageContainerManager.java:stop(1531)) - Container Balancer is not running.
2023-02-22 04:45:37,421 [Listener at 127.0.0.1/35585] INFO  server.StorageContainerManager (StorageContainerManager.java:stop(1538)) - Stopping Replication Manager Service.
2023-02-22 04:45:37,421 [Listener at 127.0.0.1/35585] INFO  replication.ReplicationManager (ReplicationManager.java:stop(299)) - Stopping Replication Monitor Thread.
2023-02-22 04:45:37,421 [Under Replicated Processor] WARN  replication.UnhealthyReplicationProcessor (UnhealthyReplicationProcessor.java:run(149)) - Under Replicated Processor interrupted. Exiting...
2023-02-22 04:45:37,421 [Over Replicated Processor] WARN  replication.UnhealthyReplicationProcessor (UnhealthyReplicationProcessor.java:run(149)) - Over Replicated Processor interrupted. Exiting...
2023-02-22 04:45:37,421 [ReplicationMonitor] INFO  replication.ReplicationManager (ReplicationManager.java:run(745)) - Replication Monitor Thread is stopped
2023-02-22 04:45:37,422 [Listener at 127.0.0.1/35585] INFO  server.StorageContainerManager (StorageContainerManager.java:stop(1545)) - Stopping the Datanode Admin Monitor.
2023-02-22 04:45:37,422 [Listener at 127.0.0.1/35585] INFO  server.StorageContainerManager (StorageContainerManager.java:stop(1552)) - Stopping datanode service RPC server
2023-02-22 04:45:37,422 [Listener at 127.0.0.1/35585] INFO  server.SCMDatanodeProtocolServer (SCMDatanodeProtocolServer.java:stop(424)) - Stopping the RPC server for DataNodes
2023-02-22 04:45:37,422 [Listener at 127.0.0.1/35585] INFO  ipc.Server (Server.java:stop(3428)) - Stopping server on 33645
2023-02-22 04:45:37,424 [IPC Server Responder] INFO  ipc.Server (Server.java:run(1517)) - Stopping IPC Server Responder
2023-02-22 04:45:37,424 [IPC Server listener on 0] INFO  ipc.Server (Server.java:run(1384)) - Stopping IPC Server listener on 0
2023-02-22 04:45:37,453 [SCM Heartbeat Processing Thread - 0] WARN  node.NodeStateManager (NodeStateManager.java:scheduleNextHealthCheck(870)) - Current Thread is interrupted, shutting down HB processing thread for Node Manager.
2023-02-22 04:45:37,454 [Listener at 127.0.0.1/35585] INFO  server.StorageContainerManager (StorageContainerManager.java:stop(1560)) - Stopping block service RPC server
2023-02-22 04:45:37,454 [Listener at 127.0.0.1/35585] INFO  server.SCMBlockProtocolServer (SCMBlockProtocolServer.java:stop(161)) - Stopping the RPC server for Block Protocol
2023-02-22 04:45:37,454 [Listener at 127.0.0.1/35585] INFO  ipc.Server (Server.java:stop(3428)) - Stopping server on 34903
2023-02-22 04:45:37,455 [IPC Server listener on 0] INFO  ipc.Server (Server.java:run(1384)) - Stopping IPC Server listener on 0
2023-02-22 04:45:37,456 [IPC Server Responder] INFO  ipc.Server (Server.java:run(1517)) - Stopping IPC Server Responder
2023-02-22 04:45:37,456 [Listener at 127.0.0.1/35585] INFO  server.StorageContainerManager (StorageContainerManager.java:stop(1567)) - Stopping the StorageContainerLocationProtocol RPC server
2023-02-22 04:45:37,456 [Listener at 127.0.0.1/35585] INFO  server.SCMClientProtocolServer (SCMClientProtocolServer.java:stop(185)) - Stopping the RPC server for Client Protocol
2023-02-22 04:45:37,456 [Listener at 127.0.0.1/35585] INFO  ipc.Server (Server.java:stop(3428)) - Stopping server on 44991
2023-02-22 04:45:37,458 [IPC Server listener on 0] INFO  ipc.Server (Server.java:run(1384)) - Stopping IPC Server listener on 0
2023-02-22 04:45:37,458 [IPC Server Responder] INFO  ipc.Server (Server.java:run(1517)) - Stopping IPC Server Responder
2023-02-22 04:45:37,458 [Listener at 127.0.0.1/35585] INFO  server.StorageContainerManager (StorageContainerManager.java:stop(1574)) - Stopping Storage Container Manager HTTP server.
2023-02-22 04:45:37,459 [Listener at 127.0.0.1/35585] INFO  handler.ContextHandler (ContextHandler.java:doStop(1159)) - Stopped o.e.j.w.WebAppContext@66e44f9f{scm,/,null,STOPPED}{file:/home/runner/work/ozone/ozone/hadoop-ozone/integration-test/target/test-classes/webapps/scm}
2023-02-22 04:45:37,460 [Listener at 127.0.0.1/35585] INFO  server.AbstractConnector (AbstractConnector.java:doStop(383)) - Stopped ServerConnector@24ccc91b{HTTP/1.1, (http/1.1)}{0.0.0.0:0}
2023-02-22 04:45:37,460 [Listener at 127.0.0.1/35585] INFO  server.session (HouseKeeper.java:stopScavenging(149)) - node0 Stopped scavenging
2023-02-22 04:45:37,460 [Listener at 127.0.0.1/35585] INFO  handler.ContextHandler (ContextHandler.java:doStop(1159)) - Stopped o.e.j.s.ServletContextHandler@4c7b4a31{static,/static,file:///home/runner/work/ozone/ozone/hadoop-ozone/integration-test/target/test-classes/webapps/static,STOPPED}
2023-02-22 04:45:37,460 [Listener at 127.0.0.1/35585] INFO  handler.ContextHandler (ContextHandler.java:doStop(1159)) - Stopped o.e.j.s.ServletContextHandler@4417755b{logs,/logs,file:///home/runner/work/ozone/ozone/hadoop-ozone/integration-test/target/log,STOPPED}
2023-02-22 04:45:37,461 [Listener at 127.0.0.1/35585] INFO  server.StorageContainerManager (StorageContainerManager.java:stop(1580)) - Stopping SCM LayoutVersionManager Service.
2023-02-22 04:45:37,461 [Listener at 127.0.0.1/35585] INFO  server.StorageContainerManager (StorageContainerManager.java:stop(1588)) - Stopping Block Manager Service.
2023-02-22 04:45:37,461 [Listener at 127.0.0.1/35585] INFO  utils.BackgroundService (BackgroundService.java:shutdown(141)) - Shutting down service SCMBlockDeletingService
2023-02-22 04:45:37,462 [Listener at 127.0.0.1/35585] INFO  utils.BackgroundService (BackgroundService.java:shutdown(141)) - Shutting down service SCMBlockDeletingService
2023-02-22 04:45:37,462 [Listener at 127.0.0.1/35585] INFO  server.StorageContainerManager (StorageContainerManager.java:stop(1610)) - Stopping SCM Event Queue.
2023-02-22 04:45:37,463 [Listener at 127.0.0.1/35585] INFO  server.StorageContainerManager (StorageContainerManager.java:stop(1621)) - Stopping SCM HA services.
2023-02-22 04:45:37,463 [Listener at 127.0.0.1/35585] INFO  pipeline.BackgroundPipelineCreator (BackgroundPipelineCreator.java:stop(149)) - Stopping RatisPipelineUtilsThread.
2023-02-22 04:45:37,464 [RatisPipelineUtilsThread - 0] WARN  pipeline.BackgroundPipelineCreator (BackgroundPipelineCreator.java:run(180)) - RatisPipelineUtilsThread is interrupted.
2023-02-22 04:45:37,464 [Listener at 127.0.0.1/35585] INFO  BackgroundPipelineScrubber (BackgroundSCMService.java:stop(131)) - Stopping BackgroundPipelineScrubber Service.
2023-02-22 04:45:37,464 [BackgroundPipelineScrubberThread] WARN  BackgroundPipelineScrubber (BackgroundSCMService.java:run(115)) - BackgroundPipelineScrubber is interrupted, exit
2023-02-22 04:45:37,467 [Listener at 127.0.0.1/35585] INFO  impl.MetricsSystemImpl (MetricsSystemImpl.java:stop(210)) - Stopping XceiverClientMetrics metrics system...
2023-02-22 04:45:37,476 [prometheus] INFO  impl.MetricsSinkAdapter (MetricsSinkAdapter.java:publishMetricsFromQueue(141)) - prometheus thread interrupted.
2023-02-22 04:45:37,476 [Listener at 127.0.0.1/35585] INFO  impl.MetricsSystemImpl (MetricsSystemImpl.java:stop(216)) - XceiverClientMetrics metrics system stopped.
2023-02-22 04:45:37,477 [Listener at 127.0.0.1/35585] WARN  pipeline.BackgroundPipelineCreator (BackgroundPipelineCreator.java:stop(145)) - RatisPipelineUtilsThread is not running, just ignore.
2023-02-22 04:45:37,477 [Listener at 127.0.0.1/35585] INFO  BackgroundPipelineScrubber (BackgroundSCMService.java:stop(126)) - BackgroundPipelineScrubber Service is not running, skip stop.
2023-02-22 04:45:37,477 [ExpiredContainerReplicaOpScrubberThread] WARN  ExpiredContainerReplicaOpScrubber (BackgroundSCMService.java:run(115)) - ExpiredContainerReplicaOpScrubber is interrupted, exit
2023-02-22 04:45:37,477 [Listener at 127.0.0.1/35585] INFO  ExpiredContainerReplicaOpScrubber (BackgroundSCMService.java:stop(131)) - Stopping ExpiredContainerReplicaOpScrubber Service.
2023-02-22 04:45:37,477 [Listener at 127.0.0.1/35585] INFO  utils.BackgroundService (BackgroundService.java:shutdown(141)) - Shutting down service SCMBlockDeletingService
2023-02-22 04:45:37,478 [Listener at 127.0.0.1/35585] INFO  replication.ReplicationManager (ReplicationManager.java:stop(309)) - Replication Monitor Thread is not running.
2023-02-22 04:45:37,478 [Listener at 127.0.0.1/35585] WARN  balancer.ContainerBalancer (ContainerBalancer.java:stop(322)) - Cannot stop Container Balancer because it's not running or stopping
2023-02-22 04:45:37,478 [Listener at 127.0.0.1/35585] INFO  server.StorageContainerManager (StorageContainerManager.java:stop(1639)) - Stopping SCM MetadataStore.
2023-02-22 04:45:37,479 [Listener at 127.0.0.1/35585] INFO  ozone.MiniOzoneClusterImpl (MiniOzoneClusterImpl.java:stop(465)) - Stopping the Mini Ozone Cluster
2023-02-22 04:45:37,479 [Listener at 127.0.0.1/35585] INFO  ozone.MiniOzoneClusterImpl (MiniOzoneClusterImpl.java:stopDatanodes(524)) - Stopping the HddsDatanodes
2023-02-22 04:45:37,481 [ForkJoinPool.commonPool-worker-1] INFO  ozoneimpl.OzoneContainer (OzoneContainer.java:stop(420)) - Attempting to stop container services.
2023-02-22 04:45:37,482 [Listener at 127.0.0.1/35585] INFO  ozoneimpl.OzoneContainer (OzoneContainer.java:stop(420)) - Attempting to stop container services.
2023-02-22 04:45:37,484 [ForkJoinPool.commonPool-worker-1] INFO  server.RaftServer (RaftServerProxy.java:lambda$close$6(409)) - fca85417-4002-4831-843c-2e02b9319828: close
2023-02-22 04:45:37,484 [fca85417-4002-4831-843c-2e02b9319828-impl-thread1] INFO  server.RaftServer$Division (RaftServerImpl.java:lambda$close$4(458)) - fca85417-4002-4831-843c-2e02b9319828@group-DF75FFA3266C: shutdown
2023-02-22 04:45:37,485 [fca85417-4002-4831-843c-2e02b9319828-impl-thread1] INFO  util.JmxRegister (JmxRegister.java:unregister(73)) - Successfully un-registered JMX Bean with object name Ratis:service=RaftServer,group=group-DF75FFA3266C,id=fca85417-4002-4831-843c-2e02b9319828
2023-02-22 04:45:37,485 [fca85417-4002-4831-843c-2e02b9319828-impl-thread1] INFO  impl.RoleInfo (RoleInfo.java:shutdownLeaderState(93)) - fca85417-4002-4831-843c-2e02b9319828: shutdown fca85417-4002-4831-843c-2e02b9319828@group-DF75FFA3266C-LeaderStateImpl
2023-02-22 04:45:37,485 [fca85417-4002-4831-843c-2e02b9319828-impl-thread2] INFO  server.RaftServer$Division (RaftServerImpl.java:lambda$close$4(458)) - fca85417-4002-4831-843c-2e02b9319828@group-51AD6A8C08FA: shutdown
2023-02-22 04:45:37,485 [fca85417-4002-4831-843c-2e02b9319828-impl-thread1] INFO  impl.PendingRequests (PendingRequests.java:sendNotLeaderResponses(282)) - fca85417-4002-4831-843c-2e02b9319828@group-DF75FFA3266C-PendingRequests: sendNotLeaderResponses
2023-02-22 04:45:37,485 [fca85417-4002-4831-843c-2e02b9319828-impl-thread2] INFO  util.JmxRegister (JmxRegister.java:unregister(73)) - Successfully un-registered JMX Bean with object name Ratis:service=RaftServer,group=group-51AD6A8C08FA,id=fca85417-4002-4831-843c-2e02b9319828
2023-02-22 04:45:37,485 [fca85417-4002-4831-843c-2e02b9319828-impl-thread2] INFO  impl.RoleInfo (RoleInfo.java:shutdownLeaderState(93)) - fca85417-4002-4831-843c-2e02b9319828: shutdown fca85417-4002-4831-843c-2e02b9319828@group-51AD6A8C08FA-LeaderStateImpl
2023-02-22 04:45:37,485 [fca85417-4002-4831-843c-2e02b9319828-impl-thread1] INFO  impl.StateMachineUpdater (StateMachineUpdater.java:stopAndJoin(153)) - fca85417-4002-4831-843c-2e02b9319828@group-DF75FFA3266C-StateMachineUpdater: set stopIndex = 0
2023-02-22 04:45:37,485 [fca85417-4002-4831-843c-2e02b9319828@group-DF75FFA3266C-StateMachineUpdater] INFO  ratis.ContainerStateMachine (ContainerStateMachine.java:takeSnapshot(308)) - group-DF75FFA3266C: Taking a snapshot at:(t:1, i:0) file /home/runner/work/ozone/ozone/hadoop-ozone/integration-test/target/test-dir/MiniOzoneClusterImpl-23364813-765e-4689-b759-17f9bf3914d5/datanode-0/data/ratis/a2a68490-732a-4409-a3ad-df75ffa3266c/sm/snapshot.1_0
2023-02-22 04:45:37,487 [ForkJoinPool.commonPool-worker-1] INFO  server.GrpcService (GrpcService.java:closeImpl(271)) - fca85417-4002-4831-843c-2e02b9319828: shutdown server GrpcServerProtocolService now
2023-02-22 04:45:37,491 [ForkJoinPool.commonPool-worker-1] INFO  server.GrpcServerProtocolClient (GrpcServerProtocolClient.java:close(101)) - f9f5dbe8-91d3-4a2a-a4dd-ba97f25f1f6e Close channels
2023-02-22 04:45:37,491 [grpc-default-executor-6] WARN  server.GrpcServerProtocolService (LogUtils.java:warn(122)) - fca85417-4002-4831-843c-2e02b9319828: installSnapshot onError, lastRequest: c33c6748-58a2-4781-a6a3-3a6f81ff3630->fca85417-4002-4831-843c-2e02b9319828#1925-t1,previous=(t:1, i:190),leaderCommit=189,initializing? true,entries: size=1, first=(t:1, i:191), METADATAENTRY(c:189): org.apache.ratis.thirdparty.io.grpc.StatusRuntimeException: CANCELLED: client cancelled
2023-02-22 04:45:37,492 [grpc-default-executor-7] WARN  server.GrpcServerProtocolService (LogUtils.java:warn(122)) - fca85417-4002-4831-843c-2e02b9319828: installSnapshot onError, lastRequest: null: org.apache.ratis.thirdparty.io.grpc.StatusRuntimeException: CANCELLED: client cancelled
2023-02-22 04:45:37,493 [fca85417-4002-4831-843c-2e02b9319828-impl-thread3] INFO  server.RaftServer$Division (RaftServerImpl.java:lambda$close$4(458)) - fca85417-4002-4831-843c-2e02b9319828@group-5723AAE7D50B: shutdown
2023-02-22 04:45:37,493 [fca85417-4002-4831-843c-2e02b9319828-impl-thread3] INFO  util.JmxRegister (JmxRegister.java:unregister(73)) - Successfully un-registered JMX Bean with object name Ratis:service=RaftServer,group=group-5723AAE7D50B,id=fca85417-4002-4831-843c-2e02b9319828
2023-02-22 04:45:37,493 [fca85417-4002-4831-843c-2e02b9319828-impl-thread3] INFO  impl.RoleInfo (RoleInfo.java:shutdownFollowerState(110)) - fca85417-4002-4831-843c-2e02b9319828: shutdown fca85417-4002-4831-843c-2e02b9319828@group-5723AAE7D50B-FollowerState
2023-02-22 04:45:37,493 [fca85417-4002-4831-843c-2e02b9319828-impl-thread3] INFO  impl.StateMachineUpdater (StateMachineUpdater.java:stopAndJoin(153)) - fca85417-4002-4831-843c-2e02b9319828@group-5723AAE7D50B-StateMachineUpdater: set stopIndex = 189
2023-02-22 04:45:37,493 [fca85417-4002-4831-843c-2e02b9319828@group-5723AAE7D50B-FollowerState] INFO  impl.FollowerState (FollowerState.java:run(152)) - fca85417-4002-4831-843c-2e02b9319828@group-5723AAE7D50B-FollowerState was interrupted
2023-02-22 04:45:37,493 [fca85417-4002-4831-843c-2e02b9319828@group-5723AAE7D50B-StateMachineUpdater] INFO  ratis.ContainerStateMachine (ContainerStateMachine.java:takeSnapshot(308)) - group-5723AAE7D50B: Taking a snapshot at:(t:1, i:189) file /home/runner/work/ozone/ozone/hadoop-ozone/integration-test/target/test-dir/MiniOzoneClusterImpl-23364813-765e-4689-b759-17f9bf3914d5/datanode-0/data/ratis/16412177-ab87-4f0a-9bab-5723aae7d50b/sm/snapshot.1_189
2023-02-22 04:45:37,493 [grpc-default-executor-2] WARN  server.GrpcClientProtocolService (LogUtils.java:warn(122)) - 2-OrderedRequestStreamObserver2: onError: org.apache.ratis.thirdparty.io.grpc.StatusRuntimeException: CANCELLED: client cancelled
2023-02-22 04:45:37,494 [grpc-default-executor-8] WARN  server.GrpcLogAppender (LogUtils.java:warn(122)) - c33c6748-58a2-4781-a6a3-3a6f81ff3630@group-5723AAE7D50B->fca85417-4002-4831-843c-2e02b9319828-AppendLogResponseHandler: Failed appendEntries: org.apache.ratis.thirdparty.io.grpc.StatusRuntimeException: CANCELLED: RST_STREAM closed stream. HTTP/2 error code: CANCEL
2023-02-22 04:45:37,494 [grpc-default-executor-0] WARN  server.GrpcClientProtocolService (LogUtils.java:warn(122)) - 3-UnorderedRequestStreamObserver3: onError: org.apache.ratis.thirdparty.io.grpc.StatusRuntimeException: CANCELLED: client cancelled
2023-02-22 04:45:37,494 [Listener at 127.0.0.1/35585] INFO  server.RaftServer (RaftServerProxy.java:lambda$close$6(409)) - c33c6748-58a2-4781-a6a3-3a6f81ff3630: close
2023-02-22 04:45:37,494 [c33c6748-58a2-4781-a6a3-3a6f81ff3630-impl-thread1] INFO  server.RaftServer$Division (RaftServerImpl.java:lambda$close$4(458)) - c33c6748-58a2-4781-a6a3-3a6f81ff3630@group-51AD6A8C08FA: shutdown
2023-02-22 04:45:37,494 [c33c6748-58a2-4781-a6a3-3a6f81ff3630-impl-thread1] INFO  util.JmxRegister (JmxRegister.java:unregister(73)) - Successfully un-registered JMX Bean with object name Ratis:service=RaftServer,group=group-51AD6A8C08FA,id=c33c6748-58a2-4781-a6a3-3a6f81ff3630
2023-02-22 04:45:37,495 [c33c6748-58a2-4781-a6a3-3a6f81ff3630-impl-thread1] INFO  impl.RoleInfo (RoleInfo.java:shutdownFollowerState(110)) - c33c6748-58a2-4781-a6a3-3a6f81ff3630: shutdown c33c6748-58a2-4781-a6a3-3a6f81ff3630@group-51AD6A8C08FA-FollowerState
2023-02-22 04:45:37,495 [c33c6748-58a2-4781-a6a3-3a6f81ff3630-impl-thread2] INFO  server.RaftServer$Division (RaftServerImpl.java:lambda$close$4(458)) - c33c6748-58a2-4781-a6a3-3a6f81ff3630@group-31653456D5E6: shutdown
2023-02-22 04:45:37,495 [c33c6748-58a2-4781-a6a3-3a6f81ff3630-impl-thread2] INFO  util.JmxRegister (JmxRegister.java:unregister(73)) - Successfully un-registered JMX Bean with object name Ratis:service=RaftServer,group=group-31653456D5E6,id=c33c6748-58a2-4781-a6a3-3a6f81ff3630
2023-02-22 04:45:37,495 [c33c6748-58a2-4781-a6a3-3a6f81ff3630-impl-thread2] INFO  impl.RoleInfo (RoleInfo.java:shutdownLeaderState(93)) - c33c6748-58a2-4781-a6a3-3a6f81ff3630: shutdown c33c6748-58a2-4781-a6a3-3a6f81ff3630@group-31653456D5E6-LeaderStateImpl
2023-02-22 04:45:37,495 [c33c6748-58a2-4781-a6a3-3a6f81ff3630-impl-thread2] INFO  impl.PendingRequests (PendingRequests.java:sendNotLeaderResponses(282)) - c33c6748-58a2-4781-a6a3-3a6f81ff3630@group-31653456D5E6-PendingRequests: sendNotLeaderResponses
2023-02-22 04:45:37,496 [c33c6748-58a2-4781-a6a3-3a6f81ff3630@group-31653456D5E6-StateMachineUpdater] INFO  ratis.ContainerStateMachine (ContainerStateMachine.java:takeSnapshot(308)) - group-31653456D5E6: Taking a snapshot at:(t:1, i:0) file /home/runner/work/ozone/ozone/hadoop-ozone/integration-test/target/test-dir/MiniOzoneClusterImpl-23364813-765e-4689-b759-17f9bf3914d5/datanode-1/data/ratis/25348cb9-0ac3-4bb1-a561-31653456d5e6/sm/snapshot.1_0
2023-02-22 04:45:37,496 [c33c6748-58a2-4781-a6a3-3a6f81ff3630-impl-thread2] INFO  impl.StateMachineUpdater (StateMachineUpdater.java:stopAndJoin(153)) - c33c6748-58a2-4781-a6a3-3a6f81ff3630@group-31653456D5E6-StateMachineUpdater: set stopIndex = 0
2023-02-22 04:45:37,496 [Listener at 127.0.0.1/35585] INFO  server.GrpcService (GrpcService.java:closeImpl(271)) - c33c6748-58a2-4781-a6a3-3a6f81ff3630: shutdown server GrpcServerProtocolService now
2023-02-22 04:45:37,496 [c33c6748-58a2-4781-a6a3-3a6f81ff3630-impl-thread3] INFO  server.RaftServer$Division (RaftServerImpl.java:lambda$close$4(458)) - c33c6748-58a2-4781-a6a3-3a6f81ff3630@group-5723AAE7D50B: shutdown
2023-02-22 04:45:37,496 [c33c6748-58a2-4781-a6a3-3a6f81ff3630-impl-thread3] INFO  util.JmxRegister (JmxRegister.java:unregister(73)) - Successfully un-registered JMX Bean with object name Ratis:service=RaftServer,group=group-5723AAE7D50B,id=c33c6748-58a2-4781-a6a3-3a6f81ff3630
2023-02-22 04:45:37,496 [c33c6748-58a2-4781-a6a3-3a6f81ff3630-impl-thread3] INFO  impl.RoleInfo (RoleInfo.java:shutdownLeaderState(93)) - c33c6748-58a2-4781-a6a3-3a6f81ff3630: shutdown c33c6748-58a2-4781-a6a3-3a6f81ff3630@group-5723AAE7D50B-LeaderStateImpl
2023-02-22 04:45:37,496 [c33c6748-58a2-4781-a6a3-3a6f81ff3630-impl-thread3] INFO  impl.PendingRequests (PendingRequests.java:sendNotLeaderResponses(282)) - c33c6748-58a2-4781-a6a3-3a6f81ff3630@group-5723AAE7D50B-PendingRequests: sendNotLeaderResponses
2023-02-22 04:45:37,497 [c33c6748-58a2-4781-a6a3-3a6f81ff3630@group-5723AAE7D50B->f9f5dbe8-91d3-4a2a-a4dd-ba97f25f1f6e-GrpcLogAppender-LogAppenderDaemon] WARN  server.GrpcLogAppender (GrpcLogAppender.java:mayWait(200)) - c33c6748-58a2-4781-a6a3-3a6f81ff3630@group-5723AAE7D50B->f9f5dbe8-91d3-4a2a-a4dd-ba97f25f1f6e-GrpcLogAppender: Wait interrupted by java.lang.InterruptedException
2023-02-22 04:45:37,498 [grpc-default-executor-8] INFO  leader.FollowerInfo (FollowerInfoImpl.java:lambda$new$0(48)) - c33c6748-58a2-4781-a6a3-3a6f81ff3630@group-5723AAE7D50B->fca85417-4002-4831-843c-2e02b9319828: nextIndex: updateUnconditionally 192 -> 191
2023-02-22 04:45:37,499 [c33c6748-58a2-4781-a6a3-3a6f81ff3630@group-5723AAE7D50B->fca85417-4002-4831-843c-2e02b9319828-GrpcLogAppender-LogAppenderDaemon] WARN  server.GrpcLogAppender (GrpcLogAppender.java:mayWait(200)) - c33c6748-58a2-4781-a6a3-3a6f81ff3630@group-5723AAE7D50B->fca85417-4002-4831-843c-2e02b9319828-GrpcLogAppender: Wait interrupted by java.lang.InterruptedException
2023-02-22 04:45:37,505 [grpc-default-executor-9] WARN  server.GrpcClientProtocolService (LogUtils.java:warn(122)) - 0-OrderedRequestStreamObserver0: onError: org.apache.ratis.thirdparty.io.grpc.StatusRuntimeException: CANCELLED: client cancelled
2023-02-22 04:45:37,506 [grpc-default-executor-10] WARN  server.GrpcClientProtocolService (LogUtils.java:warn(122)) - 1-UnorderedRequestStreamObserver1: onError: org.apache.ratis.thirdparty.io.grpc.StatusRuntimeException: CANCELLED: client cancelled
2023-02-22 04:45:37,514 [grpc-default-executor-12] WARN  server.GrpcServerProtocolService (LogUtils.java:warn(122)) - c33c6748-58a2-4781-a6a3-3a6f81ff3630: installSnapshot onError, lastRequest: null: org.apache.ratis.thirdparty.io.grpc.StatusRuntimeException: CANCELLED: client cancelled
2023-02-22 04:45:37,524 [fca85417-4002-4831-843c-2e02b9319828@group-DF75FFA3266C-StateMachineUpdater] INFO  ratis.ContainerStateMachine (ContainerStateMachine.java:takeSnapshot(319)) - group-DF75FFA3266C: Finished taking a snapshot at:(t:1, i:0) file:/home/runner/work/ozone/ozone/hadoop-ozone/integration-test/target/test-dir/MiniOzoneClusterImpl-23364813-765e-4689-b759-17f9bf3914d5/datanode-0/data/ratis/a2a68490-732a-4409-a3ad-df75ffa3266c/sm/snapshot.1_0 took: 39 ms
2023-02-22 04:45:37,525 [c33c6748-58a2-4781-a6a3-3a6f81ff3630@group-31653456D5E6-StateMachineUpdater] INFO  ratis.ContainerStateMachine (ContainerStateMachine.java:takeSnapshot(319)) - group-31653456D5E6: Finished taking a snapshot at:(t:1, i:0) file:/home/runner/work/ozone/ozone/hadoop-ozone/integration-test/target/test-dir/MiniOzoneClusterImpl-23364813-765e-4689-b759-17f9bf3914d5/datanode-1/data/ratis/25348cb9-0ac3-4bb1-a561-31653456d5e6/sm/snapshot.1_0 took: 29 ms
2023-02-22 04:45:37,526 [c33c6748-58a2-4781-a6a3-3a6f81ff3630@group-31653456D5E6-StateMachineUpdater] INFO  impl.StateMachineUpdater (StateMachineUpdater.java:takeSnapshot(287)) - c33c6748-58a2-4781-a6a3-3a6f81ff3630@group-31653456D5E6-StateMachineUpdater: Took a snapshot at index 0
2023-02-22 04:45:37,526 [c33c6748-58a2-4781-a6a3-3a6f81ff3630@group-31653456D5E6-StateMachineUpdater] INFO  impl.StateMachineUpdater (StateMachineUpdater.java:lambda$new$0(92)) - c33c6748-58a2-4781-a6a3-3a6f81ff3630@group-31653456D5E6-StateMachineUpdater: snapshotIndex: updateIncreasingly -1 -> 0
2023-02-22 04:45:37,527 [fca85417-4002-4831-843c-2e02b9319828@group-DF75FFA3266C-StateMachineUpdater] INFO  impl.StateMachineUpdater (StateMachineUpdater.java:takeSnapshot(287)) - fca85417-4002-4831-843c-2e02b9319828@group-DF75FFA3266C-StateMachineUpdater: Took a snapshot at index 0
2023-02-22 04:45:37,527 [fca85417-4002-4831-843c-2e02b9319828@group-DF75FFA3266C-StateMachineUpdater] INFO  impl.StateMachineUpdater (StateMachineUpdater.java:lambda$new$0(92)) - fca85417-4002-4831-843c-2e02b9319828@group-DF75FFA3266C-StateMachineUpdater: snapshotIndex: updateIncreasingly -1 -> 0
2023-02-22 04:45:37,527 [fca85417-4002-4831-843c-2e02b9319828@group-5723AAE7D50B-StateMachineUpdater] INFO  ratis.ContainerStateMachine (ContainerStateMachine.java:takeSnapshot(319)) - group-5723AAE7D50B: Finished taking a snapshot at:(t:1, i:189) file:/home/runner/work/ozone/ozone/hadoop-ozone/integration-test/target/test-dir/MiniOzoneClusterImpl-23364813-765e-4689-b759-17f9bf3914d5/datanode-0/data/ratis/16412177-ab87-4f0a-9bab-5723aae7d50b/sm/snapshot.1_189 took: 34 ms
2023-02-22 04:45:37,528 [fca85417-4002-4831-843c-2e02b9319828@group-5723AAE7D50B-StateMachineUpdater] INFO  impl.StateMachineUpdater (StateMachineUpdater.java:takeSnapshot(287)) - fca85417-4002-4831-843c-2e02b9319828@group-5723AAE7D50B-StateMachineUpdater: Took a snapshot at index 189
2023-02-22 04:45:37,528 [fca85417-4002-4831-843c-2e02b9319828@group-5723AAE7D50B-StateMachineUpdater] INFO  impl.StateMachineUpdater (StateMachineUpdater.java:lambda$new$0(92)) - fca85417-4002-4831-843c-2e02b9319828@group-5723AAE7D50B-StateMachineUpdater: snapshotIndex: updateIncreasingly -1 -> 189
2023-02-22 04:45:37,529 [grpc-default-executor-14] WARN  server.GrpcClientProtocolService (LogUtils.java:warn(122)) - 1-OrderedRequestStreamObserver1: onError: org.apache.ratis.thirdparty.io.grpc.StatusRuntimeException: CANCELLED: client cancelled
2023-02-22 04:45:37,531 [fca85417-4002-4831-843c-2e02b9319828-impl-thread2] INFO  impl.PendingRequests (PendingRequests.java:sendNotLeaderResponses(282)) - fca85417-4002-4831-843c-2e02b9319828@group-51AD6A8C08FA-PendingRequests: sendNotLeaderResponses
2023-02-22 04:45:37,531 [fca85417-4002-4831-843c-2e02b9319828@group-51AD6A8C08FA->c33c6748-58a2-4781-a6a3-3a6f81ff3630-GrpcLogAppender-LogAppenderDaemon] WARN  server.GrpcLogAppender (GrpcLogAppender.java:mayWait(200)) - fca85417-4002-4831-843c-2e02b9319828@group-51AD6A8C08FA->c33c6748-58a2-4781-a6a3-3a6f81ff3630-GrpcLogAppender: Wait interrupted by java.lang.InterruptedException
2023-02-22 04:45:37,532 [grpc-default-executor-18] WARN  server.GrpcServerProtocolService (LogUtils.java:warn(122)) - c33c6748-58a2-4781-a6a3-3a6f81ff3630: installSnapshot onError, lastRequest: fca85417-4002-4831-843c-2e02b9319828->c33c6748-58a2-4781-a6a3-3a6f81ff3630#2100-t1,previous=(t:1, i:223),leaderCommit=222,initializing? true,entries: size=1, first=(t:1, i:224), METADATAENTRY(c:222): org.apache.ratis.thirdparty.io.grpc.StatusRuntimeException: CANCELLED: client cancelled
2023-02-22 04:45:37,532 [grpc-default-executor-20] WARN  server.GrpcClientProtocolService (LogUtils.java:warn(122)) - 0-OrderedRequestStreamObserver0: onError: org.apache.ratis.thirdparty.io.grpc.StatusRuntimeException: CANCELLED: client cancelled
2023-02-22 04:45:37,533 [grpc-default-executor-22] WARN  server.GrpcClientProtocolService (LogUtils.java:warn(122)) - 2-UnorderedRequestStreamObserver2: onError: org.apache.ratis.thirdparty.io.grpc.StatusRuntimeException: CANCELLED: client cancelled
2023-02-22 04:45:37,533 [c33c6748-58a2-4781-a6a3-3a6f81ff3630-impl-thread1] INFO  impl.StateMachineUpdater (StateMachineUpdater.java:stopAndJoin(153)) - c33c6748-58a2-4781-a6a3-3a6f81ff3630@group-51AD6A8C08FA-StateMachineUpdater: set stopIndex = 224
2023-02-22 04:45:37,533 [c33c6748-58a2-4781-a6a3-3a6f81ff3630@group-51AD6A8C08FA-FollowerState] INFO  impl.FollowerState (FollowerState.java:run(152)) - c33c6748-58a2-4781-a6a3-3a6f81ff3630@group-51AD6A8C08FA-FollowerState was interrupted
2023-02-22 04:45:37,540 [Listener at 127.0.0.1/35585] INFO  server.GrpcServerProtocolClient (GrpcServerProtocolClient.java:close(101)) - f9f5dbe8-91d3-4a2a-a4dd-ba97f25f1f6e Close channels
2023-02-22 04:45:37,541 [c33c6748-58a2-4781-a6a3-3a6f81ff3630@group-5723AAE7D50B-StateMachineUpdater] INFO  ratis.ContainerStateMachine (ContainerStateMachine.java:takeSnapshot(308)) - group-5723AAE7D50B: Taking a snapshot at:(t:1, i:191) file /home/runner/work/ozone/ozone/hadoop-ozone/integration-test/target/test-dir/MiniOzoneClusterImpl-23364813-765e-4689-b759-17f9bf3914d5/datanode-1/data/ratis/16412177-ab87-4f0a-9bab-5723aae7d50b/sm/snapshot.1_191
2023-02-22 04:45:37,541 [c33c6748-58a2-4781-a6a3-3a6f81ff3630-impl-thread3] INFO  impl.StateMachineUpdater (StateMachineUpdater.java:stopAndJoin(153)) - c33c6748-58a2-4781-a6a3-3a6f81ff3630@group-5723AAE7D50B-StateMachineUpdater: set stopIndex = 191
2023-02-22 04:45:37,541 [grpc-default-executor-15] INFO  server.GrpcLogAppender (GrpcLogAppender.java:onError(404)) - c33c6748-58a2-4781-a6a3-3a6f81ff3630@group-5723AAE7D50B->fca85417-4002-4831-843c-2e02b9319828-GrpcLogAppender is already stopped
2023-02-22 04:45:37,545 [fca85417-4002-4831-843c-2e02b9319828-impl-thread1] INFO  server.RaftServer$Division (ServerState.java:close(466)) - fca85417-4002-4831-843c-2e02b9319828@group-DF75FFA3266C: closes. applyIndex: 0
2023-02-22 04:45:37,546 [c33c6748-58a2-4781-a6a3-3a6f81ff3630-impl-thread2] INFO  server.RaftServer$Division (ServerState.java:close(466)) - c33c6748-58a2-4781-a6a3-3a6f81ff3630@group-31653456D5E6: closes. applyIndex: 0
2023-02-22 04:45:37,546 [c33c6748-58a2-4781-a6a3-3a6f81ff3630@group-5723AAE7D50B-StateMachineUpdater] INFO  ratis.ContainerStateMachine (ContainerStateMachine.java:takeSnapshot(319)) - group-5723AAE7D50B: Finished taking a snapshot at:(t:1, i:191) file:/home/runner/work/ozone/ozone/hadoop-ozone/integration-test/target/test-dir/MiniOzoneClusterImpl-23364813-765e-4689-b759-17f9bf3914d5/datanode-1/data/ratis/16412177-ab87-4f0a-9bab-5723aae7d50b/sm/snapshot.1_191 took: 5 ms
2023-02-22 04:45:37,546 [c33c6748-58a2-4781-a6a3-3a6f81ff3630@group-5723AAE7D50B-StateMachineUpdater] INFO  impl.StateMachineUpdater (StateMachineUpdater.java:takeSnapshot(287)) - c33c6748-58a2-4781-a6a3-3a6f81ff3630@group-5723AAE7D50B-StateMachineUpdater: Took a snapshot at index 191
2023-02-22 04:45:37,546 [c33c6748-58a2-4781-a6a3-3a6f81ff3630@group-5723AAE7D50B-StateMachineUpdater] INFO  impl.StateMachineUpdater (StateMachineUpdater.java:lambda$new$0(92)) - c33c6748-58a2-4781-a6a3-3a6f81ff3630@group-5723AAE7D50B-StateMachineUpdater: snapshotIndex: updateIncreasingly -1 -> 191
2023-02-22 04:45:37,550 [fca85417-4002-4831-843c-2e02b9319828-impl-thread2] INFO  impl.StateMachineUpdater (StateMachineUpdater.java:stopAndJoin(153)) - fca85417-4002-4831-843c-2e02b9319828@group-51AD6A8C08FA-StateMachineUpdater: set stopIndex = 224
2023-02-22 04:45:37,550 [c33c6748-58a2-4781-a6a3-3a6f81ff3630@group-51AD6A8C08FA-StateMachineUpdater] INFO  ratis.ContainerStateMachine (ContainerStateMachine.java:takeSnapshot(308)) - group-51AD6A8C08FA: Taking a snapshot at:(t:1, i:224) file /home/runner/work/ozone/ozone/hadoop-ozone/integration-test/target/test-dir/MiniOzoneClusterImpl-23364813-765e-4689-b759-17f9bf3914d5/datanode-1/data/ratis/d16cb455-975d-4849-98a2-51ad6a8c08fa/sm/snapshot.1_224
2023-02-22 04:45:37,551 [c33c6748-58a2-4781-a6a3-3a6f81ff3630@group-51AD6A8C08FA-StateMachineUpdater] INFO  ratis.ContainerStateMachine (ContainerStateMachine.java:takeSnapshot(319)) - group-51AD6A8C08FA: Finished taking a snapshot at:(t:1, i:224) file:/home/runner/work/ozone/ozone/hadoop-ozone/integration-test/target/test-dir/MiniOzoneClusterImpl-23364813-765e-4689-b759-17f9bf3914d5/datanode-1/data/ratis/d16cb455-975d-4849-98a2-51ad6a8c08fa/sm/snapshot.1_224 took: 0 ms
2023-02-22 04:45:37,551 [c33c6748-58a2-4781-a6a3-3a6f81ff3630@group-51AD6A8C08FA-StateMachineUpdater] INFO  impl.StateMachineUpdater (StateMachineUpdater.java:takeSnapshot(287)) - c33c6748-58a2-4781-a6a3-3a6f81ff3630@group-51AD6A8C08FA-StateMachineUpdater: Took a snapshot at index 224
2023-02-22 04:45:37,551 [c33c6748-58a2-4781-a6a3-3a6f81ff3630@group-51AD6A8C08FA-StateMachineUpdater] INFO  impl.StateMachineUpdater (StateMachineUpdater.java:lambda$new$0(92)) - c33c6748-58a2-4781-a6a3-3a6f81ff3630@group-51AD6A8C08FA-StateMachineUpdater: snapshotIndex: updateIncreasingly -1 -> 224
2023-02-22 04:45:37,551 [fca85417-4002-4831-843c-2e02b9319828@group-51AD6A8C08FA-StateMachineUpdater] INFO  ratis.ContainerStateMachine (ContainerStateMachine.java:takeSnapshot(308)) - group-51AD6A8C08FA: Taking a snapshot at:(t:1, i:224) file /home/runner/work/ozone/ozone/hadoop-ozone/integration-test/target/test-dir/MiniOzoneClusterImpl-23364813-765e-4689-b759-17f9bf3914d5/datanode-0/data/ratis/d16cb455-975d-4849-98a2-51ad6a8c08fa/sm/snapshot.1_224
2023-02-22 04:45:37,552 [grpc-default-executor-13] INFO  server.GrpcServerProtocolService (GrpcServerProtocolService.java:onCompleted(143)) - f9f5dbe8-91d3-4a2a-a4dd-ba97f25f1f6e: Completed APPEND_ENTRIES, lastRequest: null
2023-02-22 04:45:37,552 [c33c6748-58a2-4781-a6a3-3a6f81ff3630-impl-thread3] INFO  server.RaftServer$Division (ServerState.java:close(466)) - c33c6748-58a2-4781-a6a3-3a6f81ff3630@group-5723AAE7D50B: closes. applyIndex: 191
2023-02-22 04:45:37,552 [c33c6748-58a2-4781-a6a3-3a6f81ff3630@group-31653456D5E6-SegmentedRaftLogWorker] INFO  segmented.SegmentedRaftLogWorker (SegmentedRaftLogWorker.java:run(347)) - c33c6748-58a2-4781-a6a3-3a6f81ff3630@group-31653456D5E6-SegmentedRaftLogWorker was interrupted, exiting. There are 0 tasks remaining in the queue.
2023-02-22 04:45:37,553 [c33c6748-58a2-4781-a6a3-3a6f81ff3630@group-5723AAE7D50B-SegmentedRaftLogWorker] INFO  segmented.SegmentedRaftLogWorker (SegmentedRaftLogWorker.java:run(347)) - c33c6748-58a2-4781-a6a3-3a6f81ff3630@group-5723AAE7D50B-SegmentedRaftLogWorker was interrupted, exiting. There are 0 tasks remaining in the queue.
2023-02-22 04:45:37,553 [c33c6748-58a2-4781-a6a3-3a6f81ff3630-impl-thread2] INFO  segmented.SegmentedRaftLogWorker (SegmentedRaftLogWorker.java:close(257)) - c33c6748-58a2-4781-a6a3-3a6f81ff3630@group-31653456D5E6-SegmentedRaftLogWorker close()
2023-02-22 04:45:37,553 [fca85417-4002-4831-843c-2e02b9319828@group-DF75FFA3266C-SegmentedRaftLogWorker] INFO  segmented.SegmentedRaftLogWorker (SegmentedRaftLogWorker.java:run(347)) - fca85417-4002-4831-843c-2e02b9319828@group-DF75FFA3266C-SegmentedRaftLogWorker was interrupted, exiting. There are 0 tasks remaining in the queue.
2023-02-22 04:45:37,553 [fca85417-4002-4831-843c-2e02b9319828-impl-thread3] INFO  server.RaftServer$Division (ServerState.java:close(466)) - fca85417-4002-4831-843c-2e02b9319828@group-5723AAE7D50B: closes. applyIndex: 189
2023-02-22 04:45:37,553 [fca85417-4002-4831-843c-2e02b9319828@group-5723AAE7D50B-SegmentedRaftLogWorker] INFO  segmented.SegmentedRaftLogWorker (SegmentedRaftLogWorker.java:run(347)) - fca85417-4002-4831-843c-2e02b9319828@group-5723AAE7D50B-SegmentedRaftLogWorker was interrupted, exiting. There are 0 tasks remaining in the queue.
2023-02-22 04:45:37,552 [c33c6748-58a2-4781-a6a3-3a6f81ff3630-impl-thread1] INFO  server.RaftServer$Division (ServerState.java:close(466)) - c33c6748-58a2-4781-a6a3-3a6f81ff3630@group-51AD6A8C08FA: closes. applyIndex: 224
2023-02-22 04:45:37,553 [c33c6748-58a2-4781-a6a3-3a6f81ff3630@group-51AD6A8C08FA-SegmentedRaftLogWorker] INFO  segmented.SegmentedRaftLogWorker (SegmentedRaftLogWorker.java:run(347)) - c33c6748-58a2-4781-a6a3-3a6f81ff3630@group-51AD6A8C08FA-SegmentedRaftLogWorker was interrupted, exiting. There are 0 tasks remaining in the queue.
2023-02-22 04:45:37,554 [fca85417-4002-4831-843c-2e02b9319828-impl-thread1] INFO  segmented.SegmentedRaftLogWorker (SegmentedRaftLogWorker.java:close(257)) - fca85417-4002-4831-843c-2e02b9319828@group-DF75FFA3266C-SegmentedRaftLogWorker close()
2023-02-22 04:45:37,554 [fca85417-4002-4831-843c-2e02b9319828-impl-thread3] INFO  segmented.SegmentedRaftLogWorker (SegmentedRaftLogWorker.java:close(257)) - fca85417-4002-4831-843c-2e02b9319828@group-5723AAE7D50B-SegmentedRaftLogWorker close()
2023-02-22 04:45:37,554 [c33c6748-58a2-4781-a6a3-3a6f81ff3630-impl-thread3] INFO  segmented.SegmentedRaftLogWorker (SegmentedRaftLogWorker.java:close(257)) - c33c6748-58a2-4781-a6a3-3a6f81ff3630@group-5723AAE7D50B-SegmentedRaftLogWorker close()
2023-02-22 04:45:37,554 [c33c6748-58a2-4781-a6a3-3a6f81ff3630-impl-thread1] INFO  segmented.SegmentedRaftLogWorker (SegmentedRaftLogWorker.java:close(257)) - c33c6748-58a2-4781-a6a3-3a6f81ff3630@group-51AD6A8C08FA-SegmentedRaftLogWorker close()
2023-02-22 04:45:37,554 [grpc-default-executor-14] INFO  server.GrpcServerProtocolService (GrpcServerProtocolService.java:onCompleted(143)) - f9f5dbe8-91d3-4a2a-a4dd-ba97f25f1f6e: Completed APPEND_ENTRIES, lastRequest: fca85417-4002-4831-843c-2e02b9319828->f9f5dbe8-91d3-4a2a-a4dd-ba97f25f1f6e#2092-t1,previous=(t:1, i:223),leaderCommit=222,initializing? true,entries: size=1, first=(t:1, i:224), METADATAENTRY(c:222)
2023-02-22 04:45:37,555 [fca85417-4002-4831-843c-2e02b9319828@group-51AD6A8C08FA-StateMachineUpdater] INFO  ratis.ContainerStateMachine (ContainerStateMachine.java:takeSnapshot(319)) - group-51AD6A8C08FA: Finished taking a snapshot at:(t:1, i:224) file:/home/runner/work/ozone/ozone/hadoop-ozone/integration-test/target/test-dir/MiniOzoneClusterImpl-23364813-765e-4689-b759-17f9bf3914d5/datanode-0/data/ratis/d16cb455-975d-4849-98a2-51ad6a8c08fa/sm/snapshot.1_224 took: 3 ms
2023-02-22 04:45:37,555 [fca85417-4002-4831-843c-2e02b9319828@group-51AD6A8C08FA-StateMachineUpdater] INFO  impl.StateMachineUpdater (StateMachineUpdater.java:takeSnapshot(287)) - fca85417-4002-4831-843c-2e02b9319828@group-51AD6A8C08FA-StateMachineUpdater: Took a snapshot at index 224
2023-02-22 04:45:37,555 [fca85417-4002-4831-843c-2e02b9319828@group-51AD6A8C08FA-StateMachineUpdater] INFO  impl.StateMachineUpdater (StateMachineUpdater.java:lambda$new$0(92)) - fca85417-4002-4831-843c-2e02b9319828@group-51AD6A8C08FA-StateMachineUpdater: snapshotIndex: updateIncreasingly -1 -> 224
2023-02-22 04:45:37,556 [fca85417-4002-4831-843c-2e02b9319828-impl-thread2] INFO  server.RaftServer$Division (ServerState.java:close(466)) - fca85417-4002-4831-843c-2e02b9319828@group-51AD6A8C08FA: closes. applyIndex: 224
2023-02-22 04:45:37,556 [fca85417-4002-4831-843c-2e02b9319828@group-51AD6A8C08FA-SegmentedRaftLogWorker] INFO  segmented.SegmentedRaftLogWorker (SegmentedRaftLogWorker.java:run(347)) - fca85417-4002-4831-843c-2e02b9319828@group-51AD6A8C08FA-SegmentedRaftLogWorker was interrupted, exiting. There are 0 tasks remaining in the queue.
2023-02-22 04:45:37,556 [grpc-default-executor-13] INFO  server.GrpcLogAppender (GrpcLogAppender.java:onCompleted(415)) - fca85417-4002-4831-843c-2e02b9319828@group-51AD6A8C08FA->f9f5dbe8-91d3-4a2a-a4dd-ba97f25f1f6e-AppendLogResponseHandler: follower responses appendEntries COMPLETED
2023-02-22 04:45:37,557 [grpc-default-executor-13] WARN  server.GrpcLogAppender (GrpcLogAppender.java:resetClient(137)) - fca85417-4002-4831-843c-2e02b9319828@group-51AD6A8C08FA->f9f5dbe8-91d3-4a2a-a4dd-ba97f25f1f6e-GrpcLogAppender: Failed to getClient for f9f5dbe8-91d3-4a2a-a4dd-ba97f25f1f6e
org.apache.ratis.protocol.exceptions.AlreadyClosedException: fca85417-4002-4831-843c-2e02b9319828 is already CLOSED
	at org.apache.ratis.util.PeerProxyMap$PeerAndProxy.getProxy(PeerProxyMap.java:61)
	at org.apache.ratis.util.PeerProxyMap.getProxy(PeerProxyMap.java:115)
	at org.apache.ratis.grpc.server.GrpcLogAppender.getClient(GrpcLogAppender.java:116)
	at org.apache.ratis.grpc.server.GrpcLogAppender.resetClient(GrpcLogAppender.java:121)
	at org.apache.ratis.grpc.server.GrpcLogAppender.access$500(GrpcLogAppender.java:58)
	at org.apache.ratis.grpc.server.GrpcLogAppender$AppendLogResponseHandler.onCompleted(GrpcLogAppender.java:416)
	at org.apache.ratis.thirdparty.io.grpc.stub.ClientCalls$StreamObserverToCallListenerAdapter.onClose(ClientCalls.java:485)
	at org.apache.ratis.thirdparty.io.grpc.internal.ClientCallImpl.closeObserver(ClientCallImpl.java:562)
	at org.apache.ratis.thirdparty.io.grpc.internal.ClientCallImpl.access$300(ClientCallImpl.java:70)
	at org.apache.ratis.thirdparty.io.grpc.internal.ClientCallImpl$ClientStreamListenerImpl$1StreamClosed.runInternal(ClientCallImpl.java:743)
	at org.apache.ratis.thirdparty.io.grpc.internal.ClientCallImpl$ClientStreamListenerImpl$1StreamClosed.runInContext(ClientCallImpl.java:722)
	at org.apache.ratis.thirdparty.io.grpc.internal.ContextRunnable.run(ContextRunnable.java:37)
	at org.apache.ratis.thirdparty.io.grpc.internal.SerializingExecutor.run(SerializingExecutor.java:133)
	at java.util.concurrent.ThreadPoolExecutor.runWorker(ThreadPoolExecutor.java:1149)
	at java.util.concurrent.ThreadPoolExecutor$Worker.run(ThreadPoolExecutor.java:624)
	at java.lang.Thread.run(Thread.java:750)
2023-02-22 04:45:37,557 [fca85417-4002-4831-843c-2e02b9319828-impl-thread2] INFO  segmented.SegmentedRaftLogWorker (SegmentedRaftLogWorker.java:close(257)) - fca85417-4002-4831-843c-2e02b9319828@group-51AD6A8C08FA-SegmentedRaftLogWorker close()
2023-02-22 04:45:37,559 [grpc-default-executor-14] INFO  server.GrpcLogAppender (GrpcLogAppender.java:onError(404)) - fca85417-4002-4831-843c-2e02b9319828@group-51AD6A8C08FA->c33c6748-58a2-4781-a6a3-3a6f81ff3630-GrpcLogAppender is already stopped
2023-02-22 04:45:37,559 [grpc-default-executor-14] INFO  server.GrpcServerProtocolService (GrpcServerProtocolService.java:onCompleted(143)) - f9f5dbe8-91d3-4a2a-a4dd-ba97f25f1f6e: Completed APPEND_ENTRIES, lastRequest: c33c6748-58a2-4781-a6a3-3a6f81ff3630->f9f5dbe8-91d3-4a2a-a4dd-ba97f25f1f6e#2170-t1,previous=(t:1, i:190),leaderCommit=189,initializing? true,entries: size=1, first=(t:1, i:191), METADATAENTRY(c:189)
2023-02-22 04:45:37,561 [grpc-default-executor-13] INFO  server.GrpcServerProtocolService (GrpcServerProtocolService.java:onCompleted(143)) - f9f5dbe8-91d3-4a2a-a4dd-ba97f25f1f6e: Completed APPEND_ENTRIES, lastRequest: null
2023-02-22 04:45:37,561 [grpc-default-executor-19] INFO  server.GrpcLogAppender (GrpcLogAppender.java:onError(404)) - fca85417-4002-4831-843c-2e02b9319828@group-51AD6A8C08FA->c33c6748-58a2-4781-a6a3-3a6f81ff3630-GrpcLogAppender is already stopped
2023-02-22 04:45:37,561 [grpc-default-executor-12] INFO  server.GrpcLogAppender (GrpcLogAppender.java:onCompleted(415)) - c33c6748-58a2-4781-a6a3-3a6f81ff3630@group-5723AAE7D50B->f9f5dbe8-91d3-4a2a-a4dd-ba97f25f1f6e-AppendLogResponseHandler: follower responses appendEntries COMPLETED
2023-02-22 04:45:37,561 [grpc-default-executor-12] WARN  server.GrpcLogAppender (GrpcLogAppender.java:resetClient(137)) - c33c6748-58a2-4781-a6a3-3a6f81ff3630@group-5723AAE7D50B->f9f5dbe8-91d3-4a2a-a4dd-ba97f25f1f6e-GrpcLogAppender: Failed to getClient for f9f5dbe8-91d3-4a2a-a4dd-ba97f25f1f6e
org.apache.ratis.protocol.exceptions.AlreadyClosedException: c33c6748-58a2-4781-a6a3-3a6f81ff3630 is already CLOSED
	at org.apache.ratis.util.PeerProxyMap$PeerAndProxy.getProxy(PeerProxyMap.java:61)
	at org.apache.ratis.util.PeerProxyMap.getProxy(PeerProxyMap.java:115)
	at org.apache.ratis.grpc.server.GrpcLogAppender.getClient(GrpcLogAppender.java:116)
	at org.apache.ratis.grpc.server.GrpcLogAppender.resetClient(GrpcLogAppender.java:121)
	at org.apache.ratis.grpc.server.GrpcLogAppender.access$500(GrpcLogAppender.java:58)
	at org.apache.ratis.grpc.server.GrpcLogAppender$AppendLogResponseHandler.onCompleted(GrpcLogAppender.java:416)
	at org.apache.ratis.thirdparty.io.grpc.stub.ClientCalls$StreamObserverToCallListenerAdapter.onClose(ClientCalls.java:485)
	at org.apache.ratis.thirdparty.io.grpc.internal.ClientCallImpl.closeObserver(ClientCallImpl.java:562)
	at org.apache.ratis.thirdparty.io.grpc.internal.ClientCallImpl.access$300(ClientCallImpl.java:70)
	at org.apache.ratis.thirdparty.io.grpc.internal.ClientCallImpl$ClientStreamListenerImpl$1StreamClosed.runInternal(ClientCallImpl.java:743)
	at org.apache.ratis.thirdparty.io.grpc.internal.ClientCallImpl$ClientStreamListenerImpl$1StreamClosed.runInContext(ClientCallImpl.java:722)
	at org.apache.ratis.thirdparty.io.grpc.internal.ContextRunnable.run(ContextRunnable.java:37)
	at org.apache.ratis.thirdparty.io.grpc.internal.SerializingExecutor.run(SerializingExecutor.java:133)
	at java.util.concurrent.ThreadPoolExecutor.runWorker(ThreadPoolExecutor.java:1149)
	at java.util.concurrent.ThreadPoolExecutor$Worker.run(ThreadPoolExecutor.java:624)
	at java.lang.Thread.run(Thread.java:750)
2023-02-22 04:45:37,562 [grpc-default-executor-15] INFO  server.GrpcLogAppender (GrpcLogAppender.java:onError(404)) - c33c6748-58a2-4781-a6a3-3a6f81ff3630@group-5723AAE7D50B->fca85417-4002-4831-843c-2e02b9319828-GrpcLogAppender is already stopped
2023-02-22 04:45:37,564 [grpc-default-executor-15] INFO  server.GrpcLogAppender (GrpcLogAppender.java:onError(404)) - c33c6748-58a2-4781-a6a3-3a6f81ff3630@group-5723AAE7D50B->fca85417-4002-4831-843c-2e02b9319828-GrpcLogAppender is already stopped
2023-02-22 04:45:37,565 [grpc-default-executor-18] INFO  server.GrpcLogAppender (GrpcLogAppender.java:onCompleted(415)) - c33c6748-58a2-4781-a6a3-3a6f81ff3630@group-5723AAE7D50B->f9f5dbe8-91d3-4a2a-a4dd-ba97f25f1f6e-AppendLogResponseHandler: follower responses appendEntries COMPLETED
2023-02-22 04:45:37,565 [grpc-default-executor-18] WARN  server.GrpcLogAppender (GrpcLogAppender.java:resetClient(137)) - c33c6748-58a2-4781-a6a3-3a6f81ff3630@group-5723AAE7D50B->f9f5dbe8-91d3-4a2a-a4dd-ba97f25f1f6e-GrpcLogAppender: Failed to getClient for f9f5dbe8-91d3-4a2a-a4dd-ba97f25f1f6e
org.apache.ratis.protocol.exceptions.AlreadyClosedException: c33c6748-58a2-4781-a6a3-3a6f81ff3630 is already CLOSED
	at org.apache.ratis.util.PeerProxyMap$PeerAndProxy.getProxy(PeerProxyMap.java:61)
	at org.apache.ratis.util.PeerProxyMap.getProxy(PeerProxyMap.java:115)
	at org.apache.ratis.grpc.server.GrpcLogAppender.getClient(GrpcLogAppender.java:116)
	at org.apache.ratis.grpc.server.GrpcLogAppender.resetClient(GrpcLogAppender.java:121)
	at org.apache.ratis.grpc.server.GrpcLogAppender.access$500(GrpcLogAppender.java:58)
	at org.apache.ratis.grpc.server.GrpcLogAppender$AppendLogResponseHandler.onCompleted(GrpcLogAppender.java:416)
	at org.apache.ratis.thirdparty.io.grpc.stub.ClientCalls$StreamObserverToCallListenerAdapter.onClose(ClientCalls.java:485)
	at org.apache.ratis.thirdparty.io.grpc.internal.DelayedClientCall$DelayedListener$3.run(DelayedClientCall.java:468)
	at org.apache.ratis.thirdparty.io.grpc.internal.DelayedClientCall$DelayedListener.delayOrExecute(DelayedClientCall.java:432)
	at org.apache.ratis.thirdparty.io.grpc.internal.DelayedClientCall$DelayedListener.onClose(DelayedClientCall.java:465)
	at org.apache.ratis.thirdparty.io.grpc.internal.ClientCallImpl.closeObserver(ClientCallImpl.java:562)
	at org.apache.ratis.thirdparty.io.grpc.internal.ClientCallImpl.access$300(ClientCallImpl.java:70)
	at org.apache.ratis.thirdparty.io.grpc.internal.ClientCallImpl$ClientStreamListenerImpl$1StreamClosed.runInternal(ClientCallImpl.java:743)
	at org.apache.ratis.thirdparty.io.grpc.internal.ClientCallImpl$ClientStreamListenerImpl$1StreamClosed.runInContext(ClientCallImpl.java:722)
	at org.apache.ratis.thirdparty.io.grpc.internal.ContextRunnable.run(ContextRunnable.java:37)
	at org.apache.ratis.thirdparty.io.grpc.internal.SerializingExecutor.run(SerializingExecutor.java:133)
	at java.util.concurrent.ThreadPoolExecutor.runWorker(ThreadPoolExecutor.java:1149)
	at java.util.concurrent.ThreadPoolExecutor$Worker.run(ThreadPoolExecutor.java:624)
	at java.lang.Thread.run(Thread.java:750)
2023-02-22 04:45:37,567 [grpc-default-executor-22] INFO  server.GrpcLogAppender (GrpcLogAppender.java:onCompleted(415)) - fca85417-4002-4831-843c-2e02b9319828@group-51AD6A8C08FA->f9f5dbe8-91d3-4a2a-a4dd-ba97f25f1f6e-AppendLogResponseHandler: follower responses appendEntries COMPLETED
2023-02-22 04:45:37,567 [grpc-default-executor-22] WARN  server.GrpcLogAppender (GrpcLogAppender.java:resetClient(137)) - fca85417-4002-4831-843c-2e02b9319828@group-51AD6A8C08FA->f9f5dbe8-91d3-4a2a-a4dd-ba97f25f1f6e-GrpcLogAppender: Failed to getClient for f9f5dbe8-91d3-4a2a-a4dd-ba97f25f1f6e
org.apache.ratis.protocol.exceptions.AlreadyClosedException: fca85417-4002-4831-843c-2e02b9319828 is already CLOSED
	at org.apache.ratis.util.PeerProxyMap$PeerAndProxy.getProxy(PeerProxyMap.java:61)
	at org.apache.ratis.util.PeerProxyMap.getProxy(PeerProxyMap.java:115)
	at org.apache.ratis.grpc.server.GrpcLogAppender.getClient(GrpcLogAppender.java:116)
	at org.apache.ratis.grpc.server.GrpcLogAppender.resetClient(GrpcLogAppender.java:121)
	at org.apache.ratis.grpc.server.GrpcLogAppender.access$500(GrpcLogAppender.java:58)
	at org.apache.ratis.grpc.server.GrpcLogAppender$AppendLogResponseHandler.onCompleted(GrpcLogAppender.java:416)
	at org.apache.ratis.thirdparty.io.grpc.stub.ClientCalls$StreamObserverToCallListenerAdapter.onClose(ClientCalls.java:485)
	at org.apache.ratis.thirdparty.io.grpc.internal.DelayedClientCall$DelayedListener$3.run(DelayedClientCall.java:468)
	at org.apache.ratis.thirdparty.io.grpc.internal.DelayedClientCall$DelayedListener.delayOrExecute(DelayedClientCall.java:432)
	at org.apache.ratis.thirdparty.io.grpc.internal.DelayedClientCall$DelayedListener.onClose(DelayedClientCall.java:465)
	at org.apache.ratis.thirdparty.io.grpc.internal.ClientCallImpl.closeObserver(ClientCallImpl.java:562)
	at org.apache.ratis.thirdparty.io.grpc.internal.ClientCallImpl.access$300(ClientCallImpl.java:70)
	at org.apache.ratis.thirdparty.io.grpc.internal.ClientCallImpl$ClientStreamListenerImpl$1StreamClosed.runInternal(ClientCallImpl.java:743)
	at org.apache.ratis.thirdparty.io.grpc.internal.ClientCallImpl$ClientStreamListenerImpl$1StreamClosed.runInContext(ClientCallImpl.java:722)
	at org.apache.ratis.thirdparty.io.grpc.internal.ContextRunnable.run(ContextRunnable.java:37)
	at org.apache.ratis.thirdparty.io.grpc.internal.SerializingExecutor.run(SerializingExecutor.java:133)
	at java.util.concurrent.ThreadPoolExecutor.runWorker(ThreadPoolExecutor.java:1149)
	at java.util.concurrent.ThreadPoolExecutor$Worker.run(ThreadPoolExecutor.java:624)
	at java.lang.Thread.run(Thread.java:750)
2023-02-22 04:45:37,568 [Listener at 127.0.0.1/35585] INFO  server.GrpcServerProtocolClient (GrpcServerProtocolClient.java:close(101)) - fca85417-4002-4831-843c-2e02b9319828 Close channels
2023-02-22 04:45:37,568 [Listener at 127.0.0.1/35585] INFO  server.GrpcService (GrpcService.java:closeImpl(280)) - c33c6748-58a2-4781-a6a3-3a6f81ff3630: shutdown server GrpcServerProtocolService successfully
2023-02-22 04:45:37,569 [c33c6748-58a2-4781-a6a3-3a6f81ff3630-NettyServerStreamRpc-bossGroup--thread1] INFO  logging.LoggingHandler (AbstractInternalLogger.java:log(148)) - [id: 0x430766ac, L:/0:0:0:0:0:0:0:0:39407] CLOSE
2023-02-22 04:45:37,569 [c33c6748-58a2-4781-a6a3-3a6f81ff3630-NettyServerStreamRpc-bossGroup--thread1] INFO  logging.LoggingHandler (AbstractInternalLogger.java:log(148)) - [id: 0x430766ac, L:/0:0:0:0:0:0:0:0:39407] INACTIVE
2023-02-22 04:45:37,569 [c33c6748-58a2-4781-a6a3-3a6f81ff3630-NettyServerStreamRpc-bossGroup--thread1] INFO  logging.LoggingHandler (AbstractInternalLogger.java:log(148)) - [id: 0x430766ac, L:/0:0:0:0:0:0:0:0:39407] UNREGISTERED
2023-02-22 04:45:37,571 [ForkJoinPool.commonPool-worker-1] INFO  server.GrpcServerProtocolClient (GrpcServerProtocolClient.java:close(101)) - c33c6748-58a2-4781-a6a3-3a6f81ff3630 Close channels
2023-02-22 04:45:37,571 [ForkJoinPool.commonPool-worker-1] INFO  server.GrpcService (GrpcService.java:closeImpl(280)) - fca85417-4002-4831-843c-2e02b9319828: shutdown server GrpcServerProtocolService successfully
2023-02-22 04:45:37,581 [fca85417-4002-4831-843c-2e02b9319828-NettyServerStreamRpc-bossGroup--thread1] INFO  logging.LoggingHandler (AbstractInternalLogger.java:log(148)) - [id: 0x7d362704, L:/0:0:0:0:0:0:0:0:33265] CLOSE
2023-02-22 04:45:37,582 [fca85417-4002-4831-843c-2e02b9319828-NettyServerStreamRpc-bossGroup--thread1] INFO  logging.LoggingHandler (AbstractInternalLogger.java:log(148)) - [id: 0x7d362704, L:/0:0:0:0:0:0:0:0:33265] INACTIVE
2023-02-22 04:45:37,582 [fca85417-4002-4831-843c-2e02b9319828-NettyServerStreamRpc-bossGroup--thread1] INFO  logging.LoggingHandler (AbstractInternalLogger.java:log(148)) - [id: 0x7d362704, L:/0:0:0:0:0:0:0:0:33265] UNREGISTERED
2023-02-22 04:45:37,591 [JvmPauseMonitor4] INFO  util.JvmPauseMonitor (JvmPauseMonitor.java:run(111)) - JvmPauseMonitor-c33c6748-58a2-4781-a6a3-3a6f81ff3630: Stopped
2023-02-22 04:45:37,595 [JvmPauseMonitor3] INFO  util.JvmPauseMonitor (JvmPauseMonitor.java:run(111)) - JvmPauseMonitor-fca85417-4002-4831-843c-2e02b9319828: Stopped
2023-02-22 04:45:37,638 [EndpointStateMachine task thread for /0.0.0.0:33645 - 0 ] WARN  statemachine.EndpointStateMachine (EndpointStateMachine.java:logIfNeeded(242)) - Unable to communicate to SCM server at 0.0.0.0:33645 for past 0 seconds.
java.io.EOFException: End of File Exception between local host is: "fv-az748-120/10.1.78.0"; destination host is: "0.0.0.0":33645; : java.io.EOFException; For more details see:  http://wiki.apache.org/hadoop/EOFException
	at sun.reflect.NativeConstructorAccessorImpl.newInstance0(Native Method)
	at sun.reflect.NativeConstructorAccessorImpl.newInstance(NativeConstructorAccessorImpl.java:62)
	at sun.reflect.DelegatingConstructorAccessorImpl.newInstance(DelegatingConstructorAccessorImpl.java:45)
	at java.lang.reflect.Constructor.newInstance(Constructor.java:423)
	at org.apache.hadoop.net.NetUtils.wrapWithMessage(NetUtils.java:913)
	at org.apache.hadoop.net.NetUtils.wrapException(NetUtils.java:862)
	at org.apache.hadoop.ipc.Client.getRpcResponse(Client.java:1616)
	at org.apache.hadoop.ipc.Client.call(Client.java:1558)
	at org.apache.hadoop.ipc.Client.call(Client.java:1455)
	at org.apache.hadoop.ipc.ProtobufRpcEngine$Invoker.invoke(ProtobufRpcEngine.java:235)
	at org.apache.hadoop.ipc.ProtobufRpcEngine$Invoker.invoke(ProtobufRpcEngine.java:122)
	at com.sun.proxy.$Proxy54.submitRequest(Unknown Source)
	at org.apache.hadoop.ozone.protocolPB.StorageContainerDatanodeProtocolClientSideTranslatorPB.submitRequest(StorageContainerDatanodeProtocolClientSideTranslatorPB.java:117)
	at org.apache.hadoop.ozone.protocolPB.StorageContainerDatanodeProtocolClientSideTranslatorPB.sendHeartbeat(StorageContainerDatanodeProtocolClientSideTranslatorPB.java:149)
	at org.apache.hadoop.ozone.container.common.states.endpoint.HeartbeatEndpointTask.call(HeartbeatEndpointTask.java:185)
	at org.apache.hadoop.ozone.container.common.states.endpoint.HeartbeatEndpointTask.call(HeartbeatEndpointTask.java:87)
	at java.util.concurrent.FutureTask.run(FutureTask.java:266)
	at java.util.concurrent.ThreadPoolExecutor.runWorker(ThreadPoolExecutor.java:1149)
	at java.util.concurrent.ThreadPoolExecutor$Worker.run(ThreadPoolExecutor.java:624)
	at java.lang.Thread.run(Thread.java:750)
Caused by: java.io.EOFException
	at java.io.DataInputStream.readInt(DataInputStream.java:392)
	at org.apache.hadoop.ipc.Client$IpcStreams.readResponse(Client.java:1922)
	at org.apache.hadoop.ipc.Client$Connection.receiveRpcResponse(Client.java:1238)
	at org.apache.hadoop.ipc.Client$Connection.run(Client.java:1134)
2023-02-22 04:45:39,616 [ForkJoinPool.commonPool-worker-1] INFO  volume.HddsVolume (HddsVolume.java:closeDbStore(362)) - SchemaV3 db is stopped at /home/runner/work/ozone/ozone/hadoop-ozone/integration-test/target/test-dir/MiniOzoneClusterImpl-23364813-765e-4689-b759-17f9bf3914d5/datanode-0/data-0/containers/hdds/23364813-765e-4689-b759-17f9bf3914d5/DS-0553c9a1-23e3-4220-8f89-20f040579948/container.db for volume DS-0553c9a1-23e3-4220-8f89-20f040579948
2023-02-22 04:45:39,616 [ForkJoinPool.commonPool-worker-1] INFO  utils.BackgroundService (BackgroundService.java:shutdown(141)) - Shutting down service BlockDeletingService
2023-02-22 04:45:39,619 [Listener at 127.0.0.1/35585] INFO  volume.HddsVolume (HddsVolume.java:closeDbStore(362)) - SchemaV3 db is stopped at /home/runner/work/ozone/ozone/hadoop-ozone/integration-test/target/test-dir/MiniOzoneClusterImpl-23364813-765e-4689-b759-17f9bf3914d5/datanode-1/data-0/containers/hdds/23364813-765e-4689-b759-17f9bf3914d5/DS-5fedf6ff-e9a7-4cd9-9894-c62481017186/container.db for volume DS-5fedf6ff-e9a7-4cd9-9894-c62481017186
2023-02-22 04:45:39,619 [ForkJoinPool.commonPool-worker-1] INFO  utils.BackgroundService (BackgroundService.java:shutdown(141)) - Shutting down service StaleRecoveringContainerScrubbingService
2023-02-22 04:45:39,619 [Listener at 127.0.0.1/35585] INFO  utils.BackgroundService (BackgroundService.java:shutdown(141)) - Shutting down service BlockDeletingService
2023-02-22 04:45:39,620 [Listener at 127.0.0.1/35585] INFO  utils.BackgroundService (BackgroundService.java:shutdown(141)) - Shutting down service StaleRecoveringContainerScrubbingService
2023-02-22 04:45:39,621 [ForkJoinPool.commonPool-worker-1] INFO  statemachine.DatanodeStateMachine (DatanodeStateMachine.java:stopDaemon(600)) - Ozone container server stopped.
2023-02-22 04:45:39,637 [Listener at 127.0.0.1/35585] INFO  statemachine.DatanodeStateMachine (DatanodeStateMachine.java:stopDaemon(600)) - Ozone container server stopped.
2023-02-22 04:45:39,639 [EndpointStateMachine task thread for /0.0.0.0:33645 - 0 ] INFO  ipc.Client (Client.java:handleConnectionFailure(1010)) - Retrying connect to server: 0.0.0.0/0.0.0.0:33645. Already tried 0 time(s); retry policy is RetryUpToMaximumCountWithFixedSleep(maxRetries=15, sleepTime=1000 MILLISECONDS)
2023-02-22 04:45:39,637 [ForkJoinPool.commonPool-worker-1] INFO  handler.ContextHandler (ContextHandler.java:doStop(1159)) - Stopped o.e.j.w.WebAppContext@631f8c82{hddsDatanode,/,null,STOPPED}{jar:file:/home/runner/.m2/repository/org/apache/ozone/hdds-container-service/1.4.0-SNAPSHOT/hdds-container-service-1.4.0-SNAPSHOT.jar!/webapps/hddsDatanode}
2023-02-22 04:45:39,639 [ForkJoinPool.commonPool-worker-1] INFO  server.AbstractConnector (AbstractConnector.java:doStop(383)) - Stopped ServerConnector@60c972b9{HTTP/1.1, (http/1.1)}{0.0.0.0:0}
2023-02-22 04:45:39,640 [ForkJoinPool.commonPool-worker-1] INFO  server.session (HouseKeeper.java:stopScavenging(149)) - node0 Stopped scavenging
2023-02-22 04:45:39,640 [ForkJoinPool.commonPool-worker-1] INFO  handler.ContextHandler (ContextHandler.java:doStop(1159)) - Stopped o.e.j.s.ServletContextHandler@66946979{static,/static,jar:file:/home/runner/.m2/repository/org/apache/ozone/hdds-container-service/1.4.0-SNAPSHOT/hdds-container-service-1.4.0-SNAPSHOT.jar!/webapps/static,STOPPED}
2023-02-22 04:45:39,640 [ForkJoinPool.commonPool-worker-1] INFO  handler.ContextHandler (ContextHandler.java:doStop(1159)) - Stopped o.e.j.s.ServletContextHandler@1d430022{logs,/logs,file:///home/runner/work/ozone/ozone/hadoop-ozone/integration-test/target/log,STOPPED}
2023-02-22 04:45:39,652 [Listener at 127.0.0.1/35585] INFO  handler.ContextHandler (ContextHandler.java:doStop(1159)) - Stopped o.e.j.w.WebAppContext@3b9c1452{hddsDatanode,/,null,STOPPED}{jar:file:/home/runner/.m2/repository/org/apache/ozone/hdds-container-service/1.4.0-SNAPSHOT/hdds-container-service-1.4.0-SNAPSHOT.jar!/webapps/hddsDatanode}
2023-02-22 04:45:39,653 [Listener at 127.0.0.1/35585] INFO  server.AbstractConnector (AbstractConnector.java:doStop(383)) - Stopped ServerConnector@682b48e9{HTTP/1.1, (http/1.1)}{0.0.0.0:0}
2023-02-22 04:45:39,653 [Listener at 127.0.0.1/35585] INFO  server.session (HouseKeeper.java:stopScavenging(149)) - node0 Stopped scavenging
2023-02-22 04:45:39,653 [Listener at 127.0.0.1/35585] INFO  handler.ContextHandler (ContextHandler.java:doStop(1159)) - Stopped o.e.j.s.ServletContextHandler@51f81027{static,/static,jar:file:/home/runner/.m2/repository/org/apache/ozone/hdds-container-service/1.4.0-SNAPSHOT/hdds-container-service-1.4.0-SNAPSHOT.jar!/webapps/static,STOPPED}
2023-02-22 04:45:39,653 [Listener at 127.0.0.1/35585] INFO  handler.ContextHandler (ContextHandler.java:doStop(1159)) - Stopped o.e.j.s.ServletContextHandler@4fe3872c{logs,/logs,file:///home/runner/work/ozone/ozone/hadoop-ozone/integration-test/target/log,STOPPED}
2023-02-22 04:45:40,637 [ForkJoinPool.commonPool-worker-1] INFO  ozoneimpl.OzoneContainer (OzoneContainer.java:stop(420)) - Attempting to stop container services.
2023-02-22 04:45:40,637 [ForkJoinPool.commonPool-worker-1] INFO  server.RaftServer (RaftServerProxy.java:lambda$close$6(409)) - f9f5dbe8-91d3-4a2a-a4dd-ba97f25f1f6e: close
2023-02-22 04:45:40,638 [f9f5dbe8-91d3-4a2a-a4dd-ba97f25f1f6e-impl-thread1] INFO  server.RaftServer$Division (RaftServerImpl.java:lambda$close$4(458)) - f9f5dbe8-91d3-4a2a-a4dd-ba97f25f1f6e@group-51AD6A8C08FA: shutdown
2023-02-22 04:45:40,638 [f9f5dbe8-91d3-4a2a-a4dd-ba97f25f1f6e-impl-thread1] INFO  util.JmxRegister (JmxRegister.java:unregister(73)) - Successfully un-registered JMX Bean with object name Ratis:service=RaftServer,group=group-51AD6A8C08FA,id=f9f5dbe8-91d3-4a2a-a4dd-ba97f25f1f6e
2023-02-22 04:45:40,638 [f9f5dbe8-91d3-4a2a-a4dd-ba97f25f1f6e-impl-thread2] INFO  server.RaftServer$Division (RaftServerImpl.java:lambda$close$4(458)) - f9f5dbe8-91d3-4a2a-a4dd-ba97f25f1f6e@group-F69D173451CA: shutdown
2023-02-22 04:45:40,638 [f9f5dbe8-91d3-4a2a-a4dd-ba97f25f1f6e-impl-thread2] INFO  util.JmxRegister (JmxRegister.java:unregister(73)) - Successfully un-registered JMX Bean with object name Ratis:service=RaftServer,group=group-F69D173451CA,id=f9f5dbe8-91d3-4a2a-a4dd-ba97f25f1f6e
2023-02-22 04:45:40,638 [f9f5dbe8-91d3-4a2a-a4dd-ba97f25f1f6e-impl-thread2] INFO  impl.RoleInfo (RoleInfo.java:shutdownLeaderState(93)) - f9f5dbe8-91d3-4a2a-a4dd-ba97f25f1f6e: shutdown f9f5dbe8-91d3-4a2a-a4dd-ba97f25f1f6e@group-F69D173451CA-LeaderStateImpl
2023-02-22 04:45:40,638 [f9f5dbe8-91d3-4a2a-a4dd-ba97f25f1f6e-impl-thread2] INFO  impl.PendingRequests (PendingRequests.java:sendNotLeaderResponses(282)) - f9f5dbe8-91d3-4a2a-a4dd-ba97f25f1f6e@group-F69D173451CA-PendingRequests: sendNotLeaderResponses
2023-02-22 04:45:40,638 [f9f5dbe8-91d3-4a2a-a4dd-ba97f25f1f6e@group-F69D173451CA-StateMachineUpdater] INFO  ratis.ContainerStateMachine (ContainerStateMachine.java:takeSnapshot(308)) - group-F69D173451CA: Taking a snapshot at:(t:1, i:0) file /home/runner/work/ozone/ozone/hadoop-ozone/integration-test/target/test-dir/MiniOzoneClusterImpl-23364813-765e-4689-b759-17f9bf3914d5/datanode-2/data/ratis/3ea7aa19-fdec-49b0-b144-f69d173451ca/sm/snapshot.1_0
2023-02-22 04:45:40,638 [f9f5dbe8-91d3-4a2a-a4dd-ba97f25f1f6e-impl-thread1] INFO  impl.RoleInfo (RoleInfo.java:shutdownFollowerState(110)) - f9f5dbe8-91d3-4a2a-a4dd-ba97f25f1f6e: shutdown f9f5dbe8-91d3-4a2a-a4dd-ba97f25f1f6e@group-51AD6A8C08FA-FollowerState
2023-02-22 04:45:40,639 [f9f5dbe8-91d3-4a2a-a4dd-ba97f25f1f6e-impl-thread3] INFO  server.RaftServer$Division (RaftServerImpl.java:lambda$close$4(458)) - f9f5dbe8-91d3-4a2a-a4dd-ba97f25f1f6e@group-5723AAE7D50B: shutdown
2023-02-22 04:45:40,639 [ForkJoinPool.commonPool-worker-1] INFO  server.GrpcService (GrpcService.java:closeImpl(271)) - f9f5dbe8-91d3-4a2a-a4dd-ba97f25f1f6e: shutdown server GrpcServerProtocolService now
2023-02-22 04:45:40,640 [EndpointStateMachine task thread for /0.0.0.0:33645 - 0 ] INFO  ipc.Client (Client.java:handleConnectionFailure(1010)) - Retrying connect to server: 0.0.0.0/0.0.0.0:33645. Already tried 1 time(s); retry policy is RetryUpToMaximumCountWithFixedSleep(maxRetries=15, sleepTime=1000 MILLISECONDS)
2023-02-22 04:45:40,639 [f9f5dbe8-91d3-4a2a-a4dd-ba97f25f1f6e-impl-thread2] INFO  impl.StateMachineUpdater (StateMachineUpdater.java:stopAndJoin(153)) - f9f5dbe8-91d3-4a2a-a4dd-ba97f25f1f6e@group-F69D173451CA-StateMachineUpdater: set stopIndex = 0
2023-02-22 04:45:40,640 [f9f5dbe8-91d3-4a2a-a4dd-ba97f25f1f6e-impl-thread3] INFO  util.JmxRegister (JmxRegister.java:unregister(73)) - Successfully un-registered JMX Bean with object name Ratis:service=RaftServer,group=group-5723AAE7D50B,id=f9f5dbe8-91d3-4a2a-a4dd-ba97f25f1f6e
2023-02-22 04:45:40,640 [f9f5dbe8-91d3-4a2a-a4dd-ba97f25f1f6e-impl-thread3] INFO  impl.RoleInfo (RoleInfo.java:shutdownFollowerState(110)) - f9f5dbe8-91d3-4a2a-a4dd-ba97f25f1f6e: shutdown f9f5dbe8-91d3-4a2a-a4dd-ba97f25f1f6e@group-5723AAE7D50B-FollowerState
2023-02-22 04:45:40,640 [f9f5dbe8-91d3-4a2a-a4dd-ba97f25f1f6e@group-5723AAE7D50B-StateMachineUpdater] INFO  ratis.ContainerStateMachine (ContainerStateMachine.java:takeSnapshot(308)) - group-5723AAE7D50B: Taking a snapshot at:(t:1, i:189) file /home/runner/work/ozone/ozone/hadoop-ozone/integration-test/target/test-dir/MiniOzoneClusterImpl-23364813-765e-4689-b759-17f9bf3914d5/datanode-2/data/ratis/16412177-ab87-4f0a-9bab-5723aae7d50b/sm/snapshot.1_189
2023-02-22 04:45:40,640 [f9f5dbe8-91d3-4a2a-a4dd-ba97f25f1f6e@group-5723AAE7D50B-FollowerState] INFO  impl.FollowerState (FollowerState.java:run(152)) - f9f5dbe8-91d3-4a2a-a4dd-ba97f25f1f6e@group-5723AAE7D50B-FollowerState was interrupted
2023-02-22 04:45:40,641 [f9f5dbe8-91d3-4a2a-a4dd-ba97f25f1f6e@group-F69D173451CA-StateMachineUpdater] INFO  ratis.ContainerStateMachine (ContainerStateMachine.java:takeSnapshot(319)) - group-F69D173451CA: Finished taking a snapshot at:(t:1, i:0) file:/home/runner/work/ozone/ozone/hadoop-ozone/integration-test/target/test-dir/MiniOzoneClusterImpl-23364813-765e-4689-b759-17f9bf3914d5/datanode-2/data/ratis/3ea7aa19-fdec-49b0-b144-f69d173451ca/sm/snapshot.1_0 took: 2 ms
2023-02-22 04:45:40,639 [f9f5dbe8-91d3-4a2a-a4dd-ba97f25f1f6e@group-51AD6A8C08FA-StateMachineUpdater] INFO  ratis.ContainerStateMachine (ContainerStateMachine.java:takeSnapshot(308)) - group-51AD6A8C08FA: Taking a snapshot at:(t:1, i:224) file /home/runner/work/ozone/ozone/hadoop-ozone/integration-test/target/test-dir/MiniOzoneClusterImpl-23364813-765e-4689-b759-17f9bf3914d5/datanode-2/data/ratis/d16cb455-975d-4849-98a2-51ad6a8c08fa/sm/snapshot.1_224
2023-02-22 04:45:40,639 [f9f5dbe8-91d3-4a2a-a4dd-ba97f25f1f6e@group-51AD6A8C08FA-FollowerState] INFO  impl.FollowerState (FollowerState.java:run(152)) - f9f5dbe8-91d3-4a2a-a4dd-ba97f25f1f6e@group-51AD6A8C08FA-FollowerState was interrupted
2023-02-22 04:45:40,642 [f9f5dbe8-91d3-4a2a-a4dd-ba97f25f1f6e@group-F69D173451CA-StateMachineUpdater] INFO  impl.StateMachineUpdater (StateMachineUpdater.java:takeSnapshot(287)) - f9f5dbe8-91d3-4a2a-a4dd-ba97f25f1f6e@group-F69D173451CA-StateMachineUpdater: Took a snapshot at index 0
2023-02-22 04:45:40,642 [f9f5dbe8-91d3-4a2a-a4dd-ba97f25f1f6e@group-F69D173451CA-StateMachineUpdater] INFO  impl.StateMachineUpdater (StateMachineUpdater.java:lambda$new$0(92)) - f9f5dbe8-91d3-4a2a-a4dd-ba97f25f1f6e@group-F69D173451CA-StateMachineUpdater: snapshotIndex: updateIncreasingly -1 -> 0
2023-02-22 04:45:40,639 [f9f5dbe8-91d3-4a2a-a4dd-ba97f25f1f6e-impl-thread1] INFO  impl.StateMachineUpdater (StateMachineUpdater.java:stopAndJoin(153)) - f9f5dbe8-91d3-4a2a-a4dd-ba97f25f1f6e@group-51AD6A8C08FA-StateMachineUpdater: set stopIndex = 224
2023-02-22 04:45:40,642 [f9f5dbe8-91d3-4a2a-a4dd-ba97f25f1f6e-impl-thread3] INFO  impl.StateMachineUpdater (StateMachineUpdater.java:stopAndJoin(153)) - f9f5dbe8-91d3-4a2a-a4dd-ba97f25f1f6e@group-5723AAE7D50B-StateMachineUpdater: set stopIndex = 189
2023-02-22 04:45:40,642 [f9f5dbe8-91d3-4a2a-a4dd-ba97f25f1f6e-impl-thread2] INFO  server.RaftServer$Division (ServerState.java:close(466)) - f9f5dbe8-91d3-4a2a-a4dd-ba97f25f1f6e@group-F69D173451CA: closes. applyIndex: 0
2023-02-22 04:45:40,643 [ForkJoinPool.commonPool-worker-1] INFO  server.GrpcService (GrpcService.java:closeImpl(280)) - f9f5dbe8-91d3-4a2a-a4dd-ba97f25f1f6e: shutdown server GrpcServerProtocolService successfully
2023-02-22 04:45:40,643 [f9f5dbe8-91d3-4a2a-a4dd-ba97f25f1f6e@group-51AD6A8C08FA-StateMachineUpdater] INFO  ratis.ContainerStateMachine (ContainerStateMachine.java:takeSnapshot(319)) - group-51AD6A8C08FA: Finished taking a snapshot at:(t:1, i:224) file:/home/runner/work/ozone/ozone/hadoop-ozone/integration-test/target/test-dir/MiniOzoneClusterImpl-23364813-765e-4689-b759-17f9bf3914d5/datanode-2/data/ratis/d16cb455-975d-4849-98a2-51ad6a8c08fa/sm/snapshot.1_224 took: 3 ms
2023-02-22 04:45:40,644 [f9f5dbe8-91d3-4a2a-a4dd-ba97f25f1f6e-NettyServerStreamRpc-bossGroup--thread1] INFO  logging.LoggingHandler (AbstractInternalLogger.java:log(148)) - [id: 0x40d23656, L:/0:0:0:0:0:0:0:0:42699] CLOSE
2023-02-22 04:45:40,645 [f9f5dbe8-91d3-4a2a-a4dd-ba97f25f1f6e@group-51AD6A8C08FA-StateMachineUpdater] INFO  impl.StateMachineUpdater (StateMachineUpdater.java:takeSnapshot(287)) - f9f5dbe8-91d3-4a2a-a4dd-ba97f25f1f6e@group-51AD6A8C08FA-StateMachineUpdater: Took a snapshot at index 224
2023-02-22 04:45:40,645 [f9f5dbe8-91d3-4a2a-a4dd-ba97f25f1f6e@group-51AD6A8C08FA-StateMachineUpdater] INFO  impl.StateMachineUpdater (StateMachineUpdater.java:lambda$new$0(92)) - f9f5dbe8-91d3-4a2a-a4dd-ba97f25f1f6e@group-51AD6A8C08FA-StateMachineUpdater: snapshotIndex: updateIncreasingly -1 -> 224
2023-02-22 04:45:40,642 [f9f5dbe8-91d3-4a2a-a4dd-ba97f25f1f6e@group-5723AAE7D50B-StateMachineUpdater] INFO  ratis.ContainerStateMachine (ContainerStateMachine.java:takeSnapshot(319)) - group-5723AAE7D50B: Finished taking a snapshot at:(t:1, i:189) file:/home/runner/work/ozone/ozone/hadoop-ozone/integration-test/target/test-dir/MiniOzoneClusterImpl-23364813-765e-4689-b759-17f9bf3914d5/datanode-2/data/ratis/16412177-ab87-4f0a-9bab-5723aae7d50b/sm/snapshot.1_189 took: 2 ms
2023-02-22 04:45:40,645 [f9f5dbe8-91d3-4a2a-a4dd-ba97f25f1f6e-impl-thread1] INFO  server.RaftServer$Division (ServerState.java:close(466)) - f9f5dbe8-91d3-4a2a-a4dd-ba97f25f1f6e@group-51AD6A8C08FA: closes. applyIndex: 224
2023-02-22 04:45:40,645 [f9f5dbe8-91d3-4a2a-a4dd-ba97f25f1f6e@group-5723AAE7D50B-StateMachineUpdater] INFO  impl.StateMachineUpdater (StateMachineUpdater.java:takeSnapshot(287)) - f9f5dbe8-91d3-4a2a-a4dd-ba97f25f1f6e@group-5723AAE7D50B-StateMachineUpdater: Took a snapshot at index 189
2023-02-22 04:45:40,645 [f9f5dbe8-91d3-4a2a-a4dd-ba97f25f1f6e-NettyServerStreamRpc-bossGroup--thread1] INFO  logging.LoggingHandler (AbstractInternalLogger.java:log(148)) - [id: 0x40d23656, L:/0:0:0:0:0:0:0:0:42699] INACTIVE
2023-02-22 04:45:40,645 [f9f5dbe8-91d3-4a2a-a4dd-ba97f25f1f6e-NettyServerStreamRpc-bossGroup--thread1] INFO  logging.LoggingHandler (AbstractInternalLogger.java:log(148)) - [id: 0x40d23656, L:/0:0:0:0:0:0:0:0:42699] UNREGISTERED
2023-02-22 04:45:40,644 [f9f5dbe8-91d3-4a2a-a4dd-ba97f25f1f6e@group-F69D173451CA-SegmentedRaftLogWorker] INFO  segmented.SegmentedRaftLogWorker (SegmentedRaftLogWorker.java:run(347)) - f9f5dbe8-91d3-4a2a-a4dd-ba97f25f1f6e@group-F69D173451CA-SegmentedRaftLogWorker was interrupted, exiting. There are 0 tasks remaining in the queue.
2023-02-22 04:45:40,645 [f9f5dbe8-91d3-4a2a-a4dd-ba97f25f1f6e@group-5723AAE7D50B-StateMachineUpdater] INFO  impl.StateMachineUpdater (StateMachineUpdater.java:lambda$new$0(92)) - f9f5dbe8-91d3-4a2a-a4dd-ba97f25f1f6e@group-5723AAE7D50B-StateMachineUpdater: snapshotIndex: updateIncreasingly -1 -> 189
2023-02-22 04:45:40,646 [f9f5dbe8-91d3-4a2a-a4dd-ba97f25f1f6e-impl-thread2] INFO  segmented.SegmentedRaftLogWorker (SegmentedRaftLogWorker.java:close(257)) - f9f5dbe8-91d3-4a2a-a4dd-ba97f25f1f6e@group-F69D173451CA-SegmentedRaftLogWorker close()
2023-02-22 04:45:40,646 [f9f5dbe8-91d3-4a2a-a4dd-ba97f25f1f6e@group-51AD6A8C08FA-SegmentedRaftLogWorker] INFO  segmented.SegmentedRaftLogWorker (SegmentedRaftLogWorker.java:run(347)) - f9f5dbe8-91d3-4a2a-a4dd-ba97f25f1f6e@group-51AD6A8C08FA-SegmentedRaftLogWorker was interrupted, exiting. There are 0 tasks remaining in the queue.
2023-02-22 04:45:40,647 [f9f5dbe8-91d3-4a2a-a4dd-ba97f25f1f6e-impl-thread3] INFO  server.RaftServer$Division (ServerState.java:close(466)) - f9f5dbe8-91d3-4a2a-a4dd-ba97f25f1f6e@group-5723AAE7D50B: closes. applyIndex: 189
2023-02-22 04:45:40,648 [f9f5dbe8-91d3-4a2a-a4dd-ba97f25f1f6e@group-5723AAE7D50B-SegmentedRaftLogWorker] INFO  segmented.SegmentedRaftLogWorker (SegmentedRaftLogWorker.java:run(347)) - f9f5dbe8-91d3-4a2a-a4dd-ba97f25f1f6e@group-5723AAE7D50B-SegmentedRaftLogWorker was interrupted, exiting. There are 0 tasks remaining in the queue.
2023-02-22 04:45:40,648 [f9f5dbe8-91d3-4a2a-a4dd-ba97f25f1f6e-impl-thread3] INFO  segmented.SegmentedRaftLogWorker (SegmentedRaftLogWorker.java:close(257)) - f9f5dbe8-91d3-4a2a-a4dd-ba97f25f1f6e@group-5723AAE7D50B-SegmentedRaftLogWorker close()
2023-02-22 04:45:40,648 [f9f5dbe8-91d3-4a2a-a4dd-ba97f25f1f6e-impl-thread1] INFO  segmented.SegmentedRaftLogWorker (SegmentedRaftLogWorker.java:close(257)) - f9f5dbe8-91d3-4a2a-a4dd-ba97f25f1f6e@group-51AD6A8C08FA-SegmentedRaftLogWorker close()
2023-02-22 04:45:40,657 [JvmPauseMonitor5] INFO  util.JvmPauseMonitor (JvmPauseMonitor.java:run(111)) - JvmPauseMonitor-f9f5dbe8-91d3-4a2a-a4dd-ba97f25f1f6e: Stopped
2023-02-22 04:45:41,640 [EndpointStateMachine task thread for /0.0.0.0:33645 - 0 ] INFO  ipc.Client (Client.java:handleConnectionFailure(1010)) - Retrying connect to server: 0.0.0.0/0.0.0.0:33645. Already tried 2 time(s); retry policy is RetryUpToMaximumCountWithFixedSleep(maxRetries=15, sleepTime=1000 MILLISECONDS)
2023-02-22 04:45:42,641 [EndpointStateMachine task thread for /0.0.0.0:33645 - 0 ] INFO  ipc.Client (Client.java:handleConnectionFailure(1010)) - Retrying connect to server: 0.0.0.0/0.0.0.0:33645. Already tried 3 time(s); retry policy is RetryUpToMaximumCountWithFixedSleep(maxRetries=15, sleepTime=1000 MILLISECONDS)
2023-02-22 04:45:42,664 [ForkJoinPool.commonPool-worker-1] INFO  volume.HddsVolume (HddsVolume.java:closeDbStore(362)) - SchemaV3 db is stopped at /home/runner/work/ozone/ozone/hadoop-ozone/integration-test/target/test-dir/MiniOzoneClusterImpl-23364813-765e-4689-b759-17f9bf3914d5/datanode-2/data-0/containers/hdds/23364813-765e-4689-b759-17f9bf3914d5/DS-50af9e75-0fa2-4cc7-a43b-ee53c0ee947b/container.db for volume DS-50af9e75-0fa2-4cc7-a43b-ee53c0ee947b
2023-02-22 04:45:42,665 [ForkJoinPool.commonPool-worker-1] INFO  utils.BackgroundService (BackgroundService.java:shutdown(141)) - Shutting down service BlockDeletingService
2023-02-22 04:45:42,665 [ForkJoinPool.commonPool-worker-1] INFO  utils.BackgroundService (BackgroundService.java:shutdown(141)) - Shutting down service StaleRecoveringContainerScrubbingService
2023-02-22 04:45:42,666 [ForkJoinPool.commonPool-worker-1] INFO  statemachine.DatanodeStateMachine (DatanodeStateMachine.java:stopDaemon(600)) - Ozone container server stopped.
2023-02-22 04:45:42,676 [ForkJoinPool.commonPool-worker-1] INFO  handler.ContextHandler (ContextHandler.java:doStop(1159)) - Stopped o.e.j.w.WebAppContext@565eab7e{hddsDatanode,/,null,STOPPED}{jar:file:/home/runner/.m2/repository/org/apache/ozone/hdds-container-service/1.4.0-SNAPSHOT/hdds-container-service-1.4.0-SNAPSHOT.jar!/webapps/hddsDatanode}
2023-02-22 04:45:42,677 [ForkJoinPool.commonPool-worker-1] INFO  server.AbstractConnector (AbstractConnector.java:doStop(383)) - Stopped ServerConnector@51bfc8ef{HTTP/1.1, (http/1.1)}{0.0.0.0:0}
2023-02-22 04:45:42,677 [ForkJoinPool.commonPool-worker-1] INFO  server.session (HouseKeeper.java:stopScavenging(149)) - node0 Stopped scavenging
2023-02-22 04:45:42,678 [ForkJoinPool.commonPool-worker-1] INFO  handler.ContextHandler (ContextHandler.java:doStop(1159)) - Stopped o.e.j.s.ServletContextHandler@4ac8e2d3{static,/static,jar:file:/home/runner/.m2/repository/org/apache/ozone/hdds-container-service/1.4.0-SNAPSHOT/hdds-container-service-1.4.0-SNAPSHOT.jar!/webapps/static,STOPPED}
2023-02-22 04:45:42,679 [ForkJoinPool.commonPool-worker-1] INFO  handler.ContextHandler (ContextHandler.java:doStop(1159)) - Stopped o.e.j.s.ServletContextHandler@635eae2e{logs,/logs,file:///home/runner/work/ozone/ozone/hadoop-ozone/integration-test/target/log,STOPPED}
2023-02-22 04:45:43,033 [Listener at 127.0.0.1/35585] WARN  server.ServerUtils (ServerUtils.java:getScmDbDir(148)) - ozone.scm.db.dirs is not configured. We recommend adding this setting. Falling back to ozone.metadata.dirs instead.
2023-02-22 04:45:43,036 [Listener at 127.0.0.1/35585] WARN  server.ServerUtils (ServerUtils.java:getScmDbDir(148)) - ozone.scm.db.dirs is not configured. We recommend adding this setting. Falling back to ozone.metadata.dirs instead.
2023-02-22 04:45:43,037 [Listener at 127.0.0.1/35585] INFO  ha.SCMHANodeDetails (SCMHANodeDetails.java:loadSCMHAConfig(209)) - ServiceID for StorageContainerManager is null
2023-02-22 04:45:43,037 [Listener at 127.0.0.1/35585] INFO  ha.SCMHANodeDetails (SCMHANodeDetails.java:loadSCMHAConfig(214)) - ozone.scm.default.service.id is not defined, falling back to ozone.scm.service.ids to find serviceID for StorageContainerManager if it is HA enabled cluster
2023-02-22 04:45:43,037 [Listener at 127.0.0.1/35585] WARN  utils.HAUtils (HAUtils.java:getMetaDir(342)) - ozone.scm.db.dirs is not configured. We recommend adding this setting. Falling back to ozone.metadata.dirs instead.
2023-02-22 04:45:43,038 [Listener at 127.0.0.1/35585] WARN  db.DBStoreBuilder (DBStoreBuilder.java:applyDBDefinition(172)) - ozone.scm.db.dirs is not configured. We recommend adding this setting. Falling back to ozone.metadata.dirs instead.
2023-02-22 04:45:43,123 [Listener at 127.0.0.1/35585] INFO  net.NodeSchemaLoader (NodeSchemaLoader.java:loadSchemaFromFile(129)) - Loading schema from [jar:file:/home/runner/.m2/repository/org/apache/ozone/hdds-common/1.4.0-SNAPSHOT/hdds-common-1.4.0-SNAPSHOT.jar!/network-topology-default.xml]
2023-02-22 04:45:43,123 [Listener at 127.0.0.1/35585] INFO  net.NodeSchemaLoader (NodeSchemaLoader.java:loadSchema(176)) - Loading network topology layer schema file
2023-02-22 04:45:43,126 [Listener at 127.0.0.1/35585] INFO  upgrade.AbstractLayoutVersionManager (AbstractLayoutVersionManager.java:init(83)) - Initializing Layout version manager with metadata layout = DATANODE_SCHEMA_V3 (version = 4), software layout = DATANODE_SCHEMA_V3 (version = 4)
2023-02-22 04:45:43,172 [Listener at 127.0.0.1/35585] INFO  reflections.Reflections (Reflections.java:scan(232)) - Reflections took 45 ms to scan 7 urls, producing 150 keys and 362 values 
2023-02-22 04:45:43,174 [Listener at 127.0.0.1/35585] INFO  ha.SequenceIdGenerator (SequenceIdGenerator.java:upgradeToSequenceId(349)) - upgrade localId to 111677748019200000
2023-02-22 04:45:43,174 [Listener at 127.0.0.1/35585] INFO  ha.SequenceIdGenerator (SequenceIdGenerator.java:upgradeToSequenceId(359)) - upgrade delTxnId to 0
2023-02-22 04:45:43,175 [Listener at 127.0.0.1/35585] INFO  ha.SequenceIdGenerator (SequenceIdGenerator.java:upgradeToSequenceId(376)) - upgrade containerId to 0
2023-02-22 04:45:43,175 [Listener at 127.0.0.1/35585] INFO  ha.SequenceIdGenerator (SequenceIdGenerator.java:<init>(220)) - Init the HA SequenceIdGenerator.
2023-02-22 04:45:43,175 [Listener at 127.0.0.1/35585] WARN  server.ServerUtils (ServerUtils.java:sanitizeUserArgs(73)) - ozone.scm.stale.node.interval value = 300000 is larger than max = 100000 based on the key value of ozone.scm.heartbeat.thread.interval, reset to the max value 100000.
2023-02-22 04:45:43,175 [Listener at 127.0.0.1/35585] WARN  server.ServerUtils (ServerUtils.java:sanitizeUserArgs(73)) - ozone.scm.stale.node.interval value = 300000 is larger than max = 100000 based on the key value of ozone.scm.heartbeat.thread.interval, reset to the max value 100000.
2023-02-22 04:45:43,175 [Listener at 127.0.0.1/35585] INFO  node.SCMNodeManager (SCMNodeManager.java:<init>(149)) - Entering startup safe mode.
2023-02-22 04:45:43,176 [Listener at 127.0.0.1/35585] INFO  algorithms.ContainerPlacementPolicyFactory (ContainerPlacementPolicyFactory.java:getPolicyInternal(86)) - Create container placement policy of type org.apache.hadoop.hdds.scm.container.placement.algorithms.SCMContainerPlacementRandom
2023-02-22 04:45:43,176 [Listener at 127.0.0.1/35585] INFO  algorithms.ContainerPlacementPolicyFactory (ContainerPlacementPolicyFactory.java:getPolicyInternal(86)) - Create container placement policy of type org.apache.hadoop.hdds.scm.container.placement.algorithms.SCMContainerPlacementRackScatter
2023-02-22 04:45:43,176 [Listener at 127.0.0.1/35585] INFO  pipeline.PipelineStateManagerImpl (PipelineStateManagerImpl.java:initialize(78)) - No pipeline exists in current db
2023-02-22 04:45:43,176 [Listener at 127.0.0.1/35585] INFO  algorithms.LeaderChoosePolicyFactory (LeaderChoosePolicyFactory.java:getPolicy(57)) - Create leader choose policy of type org.apache.hadoop.hdds.scm.pipeline.leader.choose.algorithms.MinLeaderCountChoosePolicy
2023-02-22 04:45:43,177 [Listener at 127.0.0.1/35585] INFO  algorithms.ContainerPlacementPolicyFactory (ContainerPlacementPolicyFactory.java:getPolicyInternal(86)) - Create container placement policy of type org.apache.hadoop.hdds.scm.container.placement.algorithms.SCMContainerPlacementRackScatter
2023-02-22 04:45:43,177 [Listener at 127.0.0.1/35585] INFO  ha.SCMServiceManager (SCMServiceManager.java:register(42)) - Registering service BackgroundPipelineCreator.
2023-02-22 04:45:43,177 [Listener at 127.0.0.1/35585] INFO  pipeline.BackgroundPipelineCreator (BackgroundPipelineCreator.java:start(124)) - Starting RatisPipelineUtilsThread.
2023-02-22 04:45:43,177 [Listener at 127.0.0.1/35585] INFO  BackgroundPipelineScrubber (BackgroundSCMService.java:start(68)) - Starting BackgroundPipelineScrubber Service.
2023-02-22 04:45:43,177 [Listener at 127.0.0.1/35585] INFO  ha.SCMServiceManager (SCMServiceManager.java:register(42)) - Registering service BackgroundPipelineScrubber.
2023-02-22 04:45:43,178 [Listener at 127.0.0.1/35585] INFO  ExpiredContainerReplicaOpScrubber (BackgroundSCMService.java:start(68)) - Starting ExpiredContainerReplicaOpScrubber Service.
2023-02-22 04:45:43,178 [Listener at 127.0.0.1/35585] INFO  ha.SCMServiceManager (SCMServiceManager.java:register(42)) - Registering service ExpiredContainerReplicaOpScrubber.
2023-02-22 04:45:43,179 [Listener at 127.0.0.1/35585] INFO  algorithms.PipelineChoosePolicyFactory (PipelineChoosePolicyFactory.java:createPipelineChoosePolicyFromClass(73)) - Create pipeline choose policy of type org.apache.hadoop.hdds.scm.pipeline.choose.algorithms.RandomPipelineChoosePolicy
2023-02-22 04:45:43,179 [Listener at 127.0.0.1/35585] INFO  ha.SCMServiceManager (SCMServiceManager.java:register(42)) - Registering service SCMBlockDeletingService.
2023-02-22 04:45:43,180 [Listener at 127.0.0.1/35585] INFO  replication.ReplicationManager (ReplicationManager.java:start(266)) - Starting Replication Monitor Thread.
2023-02-22 04:45:43,181 [Listener at 127.0.0.1/35585] INFO  ha.SCMServiceManager (SCMServiceManager.java:register(42)) - Registering service ReplicationManager.
2023-02-22 04:45:43,181 [ReplicationMonitor] INFO  replication.ReplicationManager (ReplicationManager.java:processAll(341)) - Replication Manager is not ready to run until 3000ms after safemode exit
2023-02-22 04:45:43,182 [Listener at 127.0.0.1/35585] INFO  safemode.ContainerSafeModeRule (ContainerSafeModeRule.java:<init>(89)) - containers with one replica threshold count 0
2023-02-22 04:45:43,182 [Listener at 127.0.0.1/35585] INFO  safemode.HealthyPipelineSafeModeRule (HealthyPipelineSafeModeRule.java:initializeRule(169)) - Total pipeline count is 0, healthy pipeline threshold count is 1
2023-02-22 04:45:43,182 [Listener at 127.0.0.1/35585] INFO  safemode.OneReplicaPipelineSafeModeRule (OneReplicaPipelineSafeModeRule.java:initializeRule(180)) - Total pipeline count is 0, pipeline's with at least one datanode reported threshold count is 0
2023-02-22 04:45:43,185 [Listener at 127.0.0.1/35585] INFO  ipc.CallQueueManager (CallQueueManager.java:<init>(90)) - Using callQueue: class java.util.concurrent.LinkedBlockingQueue, queueCapacity: 2000, scheduler: class org.apache.hadoop.ipc.DefaultRpcScheduler, ipcBackoff: false.
2023-02-22 04:45:43,186 [Socket Reader #1 for port 0] INFO  ipc.Server (Server.java:run(1273)) - Starting Socket Reader #1 for port 0
2023-02-22 04:45:43,187 [Listener at 0.0.0.0/38827] INFO  ipc.CallQueueManager (CallQueueManager.java:<init>(90)) - Using callQueue: class java.util.concurrent.LinkedBlockingQueue, queueCapacity: 2000, scheduler: class org.apache.hadoop.ipc.DefaultRpcScheduler, ipcBackoff: false.
2023-02-22 04:45:43,191 [Socket Reader #1 for port 0] INFO  ipc.Server (Server.java:run(1273)) - Starting Socket Reader #1 for port 0
2023-02-22 04:45:43,192 [Listener at 0.0.0.0/44759] INFO  ipc.CallQueueManager (CallQueueManager.java:<init>(90)) - Using callQueue: class java.util.concurrent.LinkedBlockingQueue, queueCapacity: 2000, scheduler: class org.apache.hadoop.ipc.DefaultRpcScheduler, ipcBackoff: false.
2023-02-22 04:45:43,193 [Socket Reader #1 for port 0] INFO  ipc.Server (Server.java:run(1273)) - Starting Socket Reader #1 for port 0
2023-02-22 04:45:43,202 [Listener at 0.0.0.0/39221] INFO  ha.SCMServiceManager (SCMServiceManager.java:register(42)) - Registering service ContainerBalancer.
2023-02-22 04:45:43,202 [Listener at 0.0.0.0/39221] INFO  server.StorageContainerManager (StorageContainerManager.java:<init>(402)) - 
Container Balancer status:
Key                            Value
Running                        true
Container Balancer Configuration values:
Key                                                Value
Threshold                                          10
Max Datanodes to Involve per Iteration(percent)    20
Max Size to Move per Iteration                     500GB
Max Size Entering Target per Iteration             26GB
Max Size Leaving Source per Iteration              26GB

2023-02-22 04:45:43,202 [Listener at 0.0.0.0/39221] INFO  ha.SCMContext (SCMContext.java:updateSafeModeStatus(228)) - Update SafeModeStatus from SafeModeStatus{safeModeStatus=true, preCheckPassed=false} to SafeModeStatus{safeModeStatus=true, preCheckPassed=false}.
2023-02-22 04:45:43,202 [Listener at 0.0.0.0/39221] INFO  server.StorageContainerManager (StorageContainerManager.java:start(1436)) - StorageContainerLocationProtocol RPC server is listening at /0.0.0.0:39221
2023-02-22 04:45:43,203 [Listener at 0.0.0.0/39221] WARN  impl.MetricsConfig (MetricsConfig.java:loadFirst(136)) - Cannot locate configuration: tried hadoop-metrics2-storagecontainermanager.properties,hadoop-metrics2.properties
2023-02-22 04:45:43,207 [Listener at 0.0.0.0/39221] INFO  impl.MetricsSystemImpl (MetricsSystemImpl.java:startTimer(378)) - Scheduled Metric snapshot period at 10 second(s).
2023-02-22 04:45:43,207 [Listener at 0.0.0.0/39221] INFO  impl.MetricsSystemImpl (MetricsSystemImpl.java:start(191)) - StorageContainerManager metrics system started
2023-02-22 04:45:43,222 [Listener at 0.0.0.0/39221] INFO  impl.MetricsSinkAdapter (MetricsSinkAdapter.java:start(204)) - Sink prometheus started
2023-02-22 04:45:43,223 [Listener at 0.0.0.0/39221] INFO  impl.MetricsSystemImpl (MetricsSystemImpl.java:registerSink(305)) - Registered sink prometheus
2023-02-22 04:45:43,240 [Listener at 0.0.0.0/39221] INFO  server.SCMClientProtocolServer (SCMClientProtocolServer.java:start(176)) - RPC server for Client  is listening at /0.0.0.0:39221
2023-02-22 04:45:43,240 [IPC Server Responder] INFO  ipc.Server (Server.java:run(1512)) - IPC Server Responder: starting
2023-02-22 04:45:43,245 [IPC Server listener on 0] INFO  ipc.Server (Server.java:run(1352)) - IPC Server listener on 0: starting
2023-02-22 04:45:43,250 [Listener at 0.0.0.0/39221] INFO  server.StorageContainerManager (StorageContainerManager.java:start(1450)) - ScmBlockLocationProtocol RPC server is listening at /0.0.0.0:44759
2023-02-22 04:45:43,250 [Listener at 0.0.0.0/39221] INFO  server.SCMBlockProtocolServer (SCMBlockProtocolServer.java:start(152)) - RPC server for Block Protocol is listening at /0.0.0.0:44759
2023-02-22 04:45:43,253 [IPC Server Responder] INFO  ipc.Server (Server.java:run(1512)) - IPC Server Responder: starting
2023-02-22 04:45:43,254 [IPC Server listener on 0] INFO  ipc.Server (Server.java:run(1352)) - IPC Server listener on 0: starting
2023-02-22 04:45:43,259 [Listener at 0.0.0.0/39221] INFO  server.SCMDatanodeProtocolServer (SCMDatanodeProtocolServer.java:start(193)) - ScmDatanodeProtocol RPC server for DataNodes is listening at /0.0.0.0:38827
2023-02-22 04:45:43,259 [IPC Server Responder] INFO  ipc.Server (Server.java:run(1512)) - IPC Server Responder: starting
2023-02-22 04:45:43,263 [IPC Server listener on 0] INFO  ipc.Server (Server.java:run(1352)) - IPC Server listener on 0: starting
2023-02-22 04:45:43,268 [Listener at 0.0.0.0/39221] INFO  http.BaseHttpServer (BaseHttpServer.java:newHttpServer2BuilderForOzone(213)) - Starting Web-server for scm at: http://0.0.0.0:0
2023-02-22 04:45:43,268 [Listener at 0.0.0.0/39221] INFO  http.BaseHttpServer (BaseHttpServer.java:<init>(108)) - Hadoop Security Enabled: false Ozone Security Enabled: false Ozone HTTP Security Enabled: false 
2023-02-22 04:45:43,270 [Listener at 0.0.0.0/39221] WARN  server.AuthenticationFilter (AuthenticationFilter.java:constructSecretProvider(240)) - Unable to initialize FileSignerSecretProvider, falling back to use random secrets. Reason: Could not read signature secret file: /home/runner/hadoop-http-auth-signature-secret
2023-02-22 04:45:43,270 [org.apache.hadoop.util.JvmPauseMonitor$Monitor@423bf856] INFO  util.JvmPauseMonitor (JvmPauseMonitor.java:run(188)) - Starting JVM pause monitor
2023-02-22 04:45:43,270 [Listener at 0.0.0.0/39221] WARN  http.HttpRequestLog (HttpRequestLog.java:getRequestLog(103)) - Jetty request log can only be enabled using Log4j
2023-02-22 04:45:43,272 [Listener at 0.0.0.0/39221] INFO  http.HttpServer2 (HttpServer2.java:addGlobalFilter(1031)) - Added global filter 'safety' (class=org.apache.hadoop.hdds.server.http.HttpServer2$QuotingInputFilter)
2023-02-22 04:45:43,272 [Listener at 0.0.0.0/39221] INFO  http.HttpServer2 (HttpServer2.java:addFilter(1007)) - Added filter static_user_filter (class=org.apache.hadoop.http.lib.StaticUserWebFilter$StaticUserFilter) to context scm
2023-02-22 04:45:43,273 [Listener at 0.0.0.0/39221] INFO  http.HttpServer2 (HttpServer2.java:addFilter(1015)) - Added filter static_user_filter (class=org.apache.hadoop.http.lib.StaticUserWebFilter$StaticUserFilter) to context logs
2023-02-22 04:45:43,273 [Listener at 0.0.0.0/39221] INFO  http.HttpServer2 (HttpServer2.java:addFilter(1015)) - Added filter static_user_filter (class=org.apache.hadoop.http.lib.StaticUserWebFilter$StaticUserFilter) to context static
2023-02-22 04:45:43,273 [Listener at 0.0.0.0/39221] INFO  http.HttpServer2 (HttpServer2.java:bindListener(1250)) - Jetty bound to port 38131
2023-02-22 04:45:43,273 [Listener at 0.0.0.0/39221] INFO  server.Server (Server.java:doStart(375)) - jetty-9.4.49.v20220914; built: 2022-09-14T01:07:36.601Z; git: 4231a3b2e4cb8548a412a789936d640a97b1aa0a; jvm 1.8.0_362-b09
2023-02-22 04:45:43,277 [Listener at 0.0.0.0/39221] INFO  server.session (DefaultSessionIdManager.java:doStart(334)) - DefaultSessionIdManager workerName=node0
2023-02-22 04:45:43,277 [Listener at 0.0.0.0/39221] INFO  server.session (DefaultSessionIdManager.java:doStart(339)) - No SessionScavenger set, using defaults
2023-02-22 04:45:43,277 [Listener at 0.0.0.0/39221] INFO  server.session (HouseKeeper.java:startScavenging(132)) - node0 Scavenging every 600000ms
2023-02-22 04:45:43,278 [Listener at 0.0.0.0/39221] INFO  handler.ContextHandler (ContextHandler.java:doStart(921)) - Started o.e.j.s.ServletContextHandler@5f9ae1a9{logs,/logs,file:///home/runner/work/ozone/ozone/hadoop-ozone/integration-test/target/log,AVAILABLE}
2023-02-22 04:45:43,278 [Listener at 0.0.0.0/39221] INFO  handler.ContextHandler (ContextHandler.java:doStart(921)) - Started o.e.j.s.ServletContextHandler@2fc37aad{static,/static,file:///home/runner/work/ozone/ozone/hadoop-ozone/integration-test/target/test-classes/webapps/static,AVAILABLE}
2023-02-22 04:45:43,282 [Listener at 0.0.0.0/39221] INFO  handler.ContextHandler (ContextHandler.java:doStart(921)) - Started o.e.j.w.WebAppContext@67520476{scm,/,file:///home/runner/work/ozone/ozone/hadoop-ozone/integration-test/target/test-classes/webapps/scm/,AVAILABLE}{file:/home/runner/work/ozone/ozone/hadoop-ozone/integration-test/target/test-classes/webapps/scm}
2023-02-22 04:45:43,283 [Listener at 0.0.0.0/39221] INFO  server.AbstractConnector (AbstractConnector.java:doStart(333)) - Started ServerConnector@2f616e3c{HTTP/1.1, (http/1.1)}{0.0.0.0:38131}
2023-02-22 04:45:43,283 [Listener at 0.0.0.0/39221] INFO  server.Server (Server.java:doStart(415)) - Started @61722ms
2023-02-22 04:45:43,283 [Listener at 0.0.0.0/39221] WARN  impl.MetricsSystemImpl (MetricsSystemImpl.java:register(279)) - Sink prometheus already exists!
2023-02-22 04:45:43,283 [Listener at 0.0.0.0/39221] INFO  http.BaseHttpServer (BaseHttpServer.java:updateConnectorAddress(333)) - HTTP server of scm listening at http://0.0.0.0:38131
2023-02-22 04:45:43,285 [Listener at 0.0.0.0/39221] INFO  ha.OMHANodeDetails (OMHANodeDetails.java:loadOMHAConfig(121)) - ServiceID for OzoneManager is om-service-test1
2023-02-22 04:45:43,285 [Listener at 0.0.0.0/39221] INFO  ha.OMHANodeDetails (OMHANodeDetails.java:loadOMHAConfig(201)) - Found matching OM address with OMServiceId: om-service-test1, OMNodeId: omNode-1, RPC Address: localhost:40949 and Ratis port: 37441
2023-02-22 04:45:43,285 [Listener at 0.0.0.0/39221] INFO  ha.OMHANodeDetails (ConfUtils.java:setNodeSpecificConfigs(97)) - Setting configuration key ozone.om.http-address with value of key ozone.om.http-address.om-service-test1.omNode-1: 127.0.0.1:39407
2023-02-22 04:45:43,285 [Listener at 0.0.0.0/39221] INFO  ha.OMHANodeDetails (ConfUtils.java:setNodeSpecificConfigs(97)) - Setting configuration key ozone.om.https-address with value of key ozone.om.https-address.om-service-test1.omNode-1: 127.0.0.1:43063
2023-02-22 04:45:43,286 [Listener at 0.0.0.0/39221] INFO  ha.OMHANodeDetails (ConfUtils.java:setNodeSpecificConfigs(97)) - Setting configuration key ozone.om.address with value of key ozone.om.address.om-service-test1.omNode-1: 127.0.0.1:40949
2023-02-22 04:45:43,286 [Listener at 0.0.0.0/39221] WARN  server.ServerUtils (ServerUtils.java:getDBPath(225)) - ozone.om.db.dirs is not configured. We recommend adding this setting. Falling back to ozone.metadata.dirs instead.
2023-02-22 04:45:43,287 [Listener at 0.0.0.0/39221] INFO  proxy.SCMBlockLocationFailoverProxyProvider (SCMBlockLocationFailoverProxyProvider.java:<init>(114)) - Created block location fail-over proxy with 1 nodes: [nodeId=scmNodeId,nodeAddress=/0.0.0.0:44759]
OM initialization succeeded.Current cluster id for sd=/home/runner/work/ozone/ozone/hadoop-ozone/integration-test/target/test-dir/MiniOzoneClusterImpl-d1b59b44-2044-4343-9d69-28cc870eb01e/omNode-1/om;cid=d1b59b44-2044-4343-9d69-28cc870eb01e;layoutVersion=3
2023-02-22 04:45:43,293 [Listener at 0.0.0.0/39221] INFO  ha.OMHANodeDetails (OMHANodeDetails.java:loadOMHAConfig(121)) - ServiceID for OzoneManager is om-service-test1
2023-02-22 04:45:43,293 [Listener at 0.0.0.0/39221] INFO  ha.OMHANodeDetails (OMHANodeDetails.java:loadOMHAConfig(201)) - Found matching OM address with OMServiceId: om-service-test1, OMNodeId: omNode-1, RPC Address: localhost:40949 and Ratis port: 37441
2023-02-22 04:45:43,294 [Listener at 0.0.0.0/39221] INFO  ha.OMHANodeDetails (ConfUtils.java:setNodeSpecificConfigs(97)) - Setting configuration key ozone.om.http-address with value of key ozone.om.http-address.om-service-test1.omNode-1: 127.0.0.1:39407
2023-02-22 04:45:43,294 [Listener at 0.0.0.0/39221] INFO  ha.OMHANodeDetails (ConfUtils.java:setNodeSpecificConfigs(97)) - Setting configuration key ozone.om.https-address with value of key ozone.om.https-address.om-service-test1.omNode-1: 127.0.0.1:43063
2023-02-22 04:45:43,294 [Listener at 0.0.0.0/39221] INFO  ha.OMHANodeDetails (ConfUtils.java:setNodeSpecificConfigs(97)) - Setting configuration key ozone.om.address with value of key ozone.om.address.om-service-test1.omNode-1: 127.0.0.1:40949
2023-02-22 04:45:43,294 [Listener at 0.0.0.0/39221] WARN  server.ServerUtils (ServerUtils.java:getDBPath(225)) - ozone.om.db.dirs is not configured. We recommend adding this setting. Falling back to ozone.metadata.dirs instead.
2023-02-22 04:45:43,295 [Listener at 0.0.0.0/39221] INFO  upgrade.AbstractLayoutVersionManager (AbstractLayoutVersionManager.java:init(83)) - Initializing Layout version manager with metadata layout = MULTITENANCY_SCHEMA (version = 3), software layout = MULTITENANCY_SCHEMA (version = 3)
2023-02-22 04:45:43,357 [Listener at 0.0.0.0/39221] INFO  reflections.Reflections (Reflections.java:scan(232)) - Reflections took 62 ms to scan 2 urls, producing 166 keys and 457 values [using 2 cores]
2023-02-22 04:45:43,357 [Listener at 0.0.0.0/39221] INFO  upgrade.OMLayoutVersionManager (OMLayoutVersionManager.java:lambda$0(115)) - Skipping Upgrade Action MockOmUpgradeAction since it has been finalized.
2023-02-22 04:45:43,358 [Listener at 0.0.0.0/39221] WARN  server.ServerUtils (ServerUtils.java:getDBPath(225)) - ozone.om.db.dirs is not configured. We recommend adding this setting. Falling back to ozone.metadata.dirs instead.
2023-02-22 04:45:43,358 [Listener at 0.0.0.0/39221] INFO  proxy.SCMBlockLocationFailoverProxyProvider (SCMBlockLocationFailoverProxyProvider.java:<init>(114)) - Created block location fail-over proxy with 1 nodes: [nodeId=scmNodeId,nodeAddress=/0.0.0.0:44759]
2023-02-22 04:45:43,360 [Listener at 0.0.0.0/39221] INFO  proxy.SCMBlockLocationFailoverProxyProvider (SCMBlockLocationFailoverProxyProvider.java:<init>(114)) - Created block location fail-over proxy with 1 nodes: [nodeId=scmNodeId,nodeAddress=/0.0.0.0:44759]
2023-02-22 04:45:43,366 [Listener at 0.0.0.0/39221] INFO  om.OzoneManager (OzoneManager.java:<init>(615)) - OM start with adminUsers: [runner]
2023-02-22 04:45:43,366 [Listener at 0.0.0.0/39221] WARN  server.ServerUtils (ServerUtils.java:getDBPath(225)) - ozone.om.db.dirs is not configured. We recommend adding this setting. Falling back to ozone.metadata.dirs instead.
2023-02-22 04:45:43,368 [Listener at 0.0.0.0/39221] INFO  codec.OmKeyInfoCodec (OmKeyInfoCodec.java:<init>(49)) - OmKeyInfoCodec ignorePipeline = true
2023-02-22 04:45:43,368 [Listener at 0.0.0.0/39221] INFO  codec.RepeatedOmKeyInfoCodec (RepeatedOmKeyInfoCodec.java:<init>(41)) - RepeatedOmKeyInfoCodec ignorePipeline = true
2023-02-22 04:45:43,510 [Listener at 0.0.0.0/39221] INFO  om.OzoneManager (OzoneManager.java:instantiateServices(745)) - S3 Multi-Tenancy is disabled
2023-02-22 04:45:43,511 [Listener at 0.0.0.0/39221] WARN  server.ServerUtils (ServerUtils.java:getDBPath(225)) - ozone.om.snapshot.diff.db.dir is not configured. We recommend adding this setting. Falling back to ozone.metadata.dirs instead.
2023-02-22 04:45:43,519 [Listener at 0.0.0.0/39221] INFO  om.OzoneManager (OzoneManager.java:addS3GVolumeToDB(4179)) - Created Volume s3v With Owner runner required for S3Gateway operations.
2023-02-22 04:45:43,519 [Listener at 0.0.0.0/39221] WARN  server.ServerUtils (ServerUtils.java:getDefaultRatisDirectory(237)) - Storage directory for Ratis is not configured. It is a good idea to map this to an SSD disk. Falling back to ozone.metadata.dirs
2023-02-22 04:45:43,519 [Listener at 0.0.0.0/39221] WARN  utils.OzoneManagerRatisUtils (OzoneManagerRatisUtils.java:getOMRatisSnapshotDirectory(436)) - ozone.om.ratis.snapshot.dir is not configured. Falling back to ozone.metadata.dirs config
2023-02-22 04:45:43,519 [Listener at 0.0.0.0/39221] INFO  snapshot.OzoneManagerSnapshotProvider (OzoneManagerSnapshotProvider.java:<init>(76)) - Initializing OM Snapshot Provider
2023-02-22 04:45:43,520 [Listener at 0.0.0.0/39221] WARN  server.ServerUtils (ServerUtils.java:getDefaultRatisDirectory(237)) - Storage directory for Ratis is not configured. It is a good idea to map this to an SSD disk. Falling back to ozone.metadata.dirs
2023-02-22 04:45:43,522 [Listener at 0.0.0.0/39221] INFO  ratis.OzoneManagerRatisServer (OzoneManagerRatisServer.java:<init>(164)) - Instantiating OM Ratis server with groupID: om-service-test1 and peers: localhost:37441, localhost:36477, localhost:34179
2023-02-22 04:45:43,522 [Listener at 0.0.0.0/39221] INFO  ratis.OzoneManagerStateMachine (OzoneManagerStateMachine.java:loadSnapshotInfoFromDB(636)) - LastAppliedIndex is set from TransactionInfo from OM DB as (t:0, i:~)
2023-02-22 04:45:43,522 [Listener at 0.0.0.0/39221] INFO  server.RaftServer (ConfUtils.java:logGet(46)) - raft.rpc.type = GRPC (default)
2023-02-22 04:45:43,523 [Listener at 0.0.0.0/39221] INFO  grpc.GrpcConfigKeys (ConfUtils.java:logFallback(53)) - raft.grpc.admin.host = null (fallback to raft.grpc.server.host)
2023-02-22 04:45:43,523 [Listener at 0.0.0.0/39221] INFO  grpc.GrpcConfigKeys (ConfUtils.java:logFallback(53)) - raft.grpc.admin.port = 37441 (fallback to raft.grpc.server.port)
2023-02-22 04:45:43,523 [Listener at 0.0.0.0/39221] INFO  grpc.GrpcConfigKeys (ConfUtils.java:logFallback(53)) - raft.grpc.client.host = null (fallback to raft.grpc.server.host)
2023-02-22 04:45:43,523 [Listener at 0.0.0.0/39221] INFO  grpc.GrpcConfigKeys (ConfUtils.java:logFallback(53)) - raft.grpc.client.port = 37441 (fallback to raft.grpc.server.port)
2023-02-22 04:45:43,523 [Listener at 0.0.0.0/39221] INFO  grpc.GrpcConfigKeys (ConfUtils.java:logGet(46)) - raft.grpc.server.host = null (default)
2023-02-22 04:45:43,523 [Listener at 0.0.0.0/39221] INFO  grpc.GrpcConfigKeys (ConfUtils.java:logGet(46)) - raft.grpc.server.port = 37441 (custom)
2023-02-22 04:45:43,523 [Listener at 0.0.0.0/39221] INFO  server.GrpcService (ConfUtils.java:logGet(46)) - raft.grpc.message.size.max = 33554432 (custom)
2023-02-22 04:45:43,523 [Listener at 0.0.0.0/39221] INFO  server.RaftServerConfigKeys (ConfUtils.java:logGet(46)) - raft.server.log.appender.buffer.byte-limit = 33554432 (custom)
2023-02-22 04:45:43,523 [Listener at 0.0.0.0/39221] INFO  server.GrpcService (ConfUtils.java:logGet(46)) - raft.grpc.flow.control.window = 1MB (=1048576) (default)
2023-02-22 04:45:43,523 [Listener at 0.0.0.0/39221] INFO  server.RaftServerConfigKeys (ConfUtils.java:logGet(46)) - raft.server.rpc.request.timeout = 3000ms (default)
2023-02-22 04:45:43,523 [Listener at 0.0.0.0/39221] INFO  grpc.GrpcConfigKeys (ConfUtils.java:logGet(46)) - raft.grpc.server.heartbeat.channel = true (default)
2023-02-22 04:45:43,524 [Listener at 0.0.0.0/39221] INFO  grpc.GrpcConfigKeys (ConfUtils.java:logGet(46)) - raft.grpc.server.async.request.thread.pool.cached = true (default)
2023-02-22 04:45:43,524 [Listener at 0.0.0.0/39221] INFO  grpc.GrpcConfigKeys (ConfUtils.java:logGet(46)) - raft.grpc.server.async.request.thread.pool.size = 32 (default)
2023-02-22 04:45:43,525 [Listener at 0.0.0.0/39221] INFO  impl.DataStreamServerImpl (ConfUtils.java:logGet(46)) - raft.datastream.type = DISABLED (default)
2023-02-22 04:45:43,525 [Listener at 0.0.0.0/39221] INFO  server.RaftServerConfigKeys (ConfUtils.java:logGet(46)) - raft.server.threadpool.proxy.cached = true (default)
2023-02-22 04:45:43,525 [Listener at 0.0.0.0/39221] INFO  server.RaftServerConfigKeys (ConfUtils.java:logGet(46)) - raft.server.threadpool.proxy.size = 0 (default)
2023-02-22 04:45:43,525 [Listener at 0.0.0.0/39221] INFO  server.RaftServerConfigKeys (ConfUtils.java:logGet(46)) - raft.server.rpc.slowness.timeout = 2s (custom)
2023-02-22 04:45:43,525 [Listener at 0.0.0.0/39221] INFO  server.RaftServerConfigKeys (ConfUtils.java:logGet(46)) - raft.server.leaderelection.leader.step-down.wait-time = 10s (default)
2023-02-22 04:45:43,526 [Listener at 0.0.0.0/39221] INFO  server.RaftServerConfigKeys (ConfUtils.java:logGet(46)) - raft.server.storage.dir = [/home/runner/work/ozone/ozone/hadoop-ozone/integration-test/target/test-dir/MiniOzoneClusterImpl-d1b59b44-2044-4343-9d69-28cc870eb01e/omNode-1/ratis] (custom)
2023-02-22 04:45:43,526 [Listener at 0.0.0.0/39221] INFO  server.RaftServer (RaftServerProxy.java:addNew(96)) - omNode-1: addNew group-523986131536:[omNode-3|rpc:localhost:36477|priority:0|startupRole:FOLLOWER, omNode-1|rpc:localhost:37441|priority:0|startupRole:FOLLOWER, omNode-2|rpc:localhost:34179|priority:0|startupRole:FOLLOWER] returns group-523986131536:java.util.concurrent.CompletableFuture@3230879d[Not completed]
2023-02-22 04:45:43,526 [Listener at 0.0.0.0/39221] INFO  om.OzoneManager (OzoneManager.java:initializeRatisServer(2080)) - OzoneManager Ratis server initialized at port 37441
2023-02-22 04:45:43,526 [Listener at 0.0.0.0/39221] INFO  om.OzoneManager (OzoneManager.java:getRpcServer(1128)) - Creating RPC Server
2023-02-22 04:45:43,526 [pool-738-thread-1] INFO  server.RaftServer$Division (RaftServerImpl.java:<init>(195)) - omNode-1: new RaftServerImpl for group-523986131536:[omNode-3|rpc:localhost:36477|priority:0|startupRole:FOLLOWER, omNode-1|rpc:localhost:37441|priority:0|startupRole:FOLLOWER, omNode-2|rpc:localhost:34179|priority:0|startupRole:FOLLOWER] with OzoneManagerStateMachine:uninitialized
2023-02-22 04:45:43,527 [pool-738-thread-1] INFO  server.RaftServerConfigKeys (ConfUtils.java:logGet(46)) - raft.server.rpc.timeout.min = 1s (custom)
2023-02-22 04:45:43,527 [pool-738-thread-1] INFO  server.RaftServerConfigKeys (ConfUtils.java:logGet(46)) - raft.server.rpc.timeout.max = 1200ms (custom)
2023-02-22 04:45:43,527 [pool-738-thread-1] INFO  server.RaftServerConfigKeys (ConfUtils.java:logGet(46)) - raft.server.rpc.sleep.time = 25ms (default)
2023-02-22 04:45:43,527 [pool-738-thread-1] INFO  server.RaftServerConfigKeys (ConfUtils.java:logGet(46)) - raft.server.rpc.slowness.timeout = 2s (custom)
2023-02-22 04:45:43,527 [pool-738-thread-1] INFO  server.RaftServerConfigKeys (ConfUtils.java:logGet(46)) - raft.server.leaderelection.leader.step-down.wait-time = 10s (default)
2023-02-22 04:45:43,527 [pool-738-thread-1] INFO  server.RaftServerConfigKeys (ConfUtils.java:logGet(46)) - raft.server.sleep.deviation.threshold = 300ms (default)
2023-02-22 04:45:43,527 [pool-738-thread-1] INFO  server.RaftServer$Division (ServerState.java:<init>(118)) - omNode-1@group-523986131536: ConfigurationManager, init=-1: peers:[omNode-3|rpc:localhost:36477|priority:0|startupRole:FOLLOWER, omNode-1|rpc:localhost:37441|priority:0|startupRole:FOLLOWER, omNode-2|rpc:localhost:34179|priority:0|startupRole:FOLLOWER]|listeners:[], old=null, confs=<EMPTY_MAP>
2023-02-22 04:45:43,527 [pool-738-thread-1] INFO  server.RaftServerConfigKeys (ConfUtils.java:logGet(46)) - raft.server.storage.dir = [/home/runner/work/ozone/ozone/hadoop-ozone/integration-test/target/test-dir/MiniOzoneClusterImpl-d1b59b44-2044-4343-9d69-28cc870eb01e/omNode-1/ratis] (custom)
2023-02-22 04:45:43,527 [pool-738-thread-1] INFO  server.RaftServerConfigKeys (ConfUtils.java:logGet(46)) - raft.server.log.corruption.policy = EXCEPTION (default)
2023-02-22 04:45:43,527 [pool-738-thread-1] INFO  server.RaftServerConfigKeys (ConfUtils.java:logGet(46)) - raft.server.storage.free-space.min = 0MB (=0) (default)
2023-02-22 04:45:43,527 [pool-738-thread-1] INFO  server.RaftServerConfigKeys (ConfUtils.java:logGet(46)) - raft.server.notification.no-leader.timeout = 2s (custom)
2023-02-22 04:45:43,528 [pool-738-thread-1] INFO  server.RaftServerConfigKeys (ConfUtils.java:logGet(46)) - raft.server.retrycache.expirytime = 300s (custom)
2023-02-22 04:45:43,528 [pool-738-thread-1] INFO  server.RaftServerConfigKeys (ConfUtils.java:logGet(46)) - raft.server.retrycache.statistics.expirytime = 100μs (default)
2023-02-22 04:45:43,528 [pool-738-thread-1] INFO  server.RaftServerConfigKeys (ConfUtils.java:logGet(46)) - raft.server.log.appender.install.snapshot.enabled = false (custom)
2023-02-22 04:45:43,528 [pool-738-thread-1] INFO  server.RaftServerConfigKeys (ConfUtils.java:logGet(46)) - raft.server.threadpool.server.cached = true (default)
2023-02-22 04:45:43,528 [pool-738-thread-1] INFO  server.RaftServerConfigKeys (ConfUtils.java:logGet(46)) - raft.server.threadpool.server.size = 0 (default)
2023-02-22 04:45:43,529 [pool-738-thread-1] INFO  server.RaftServerConfigKeys (ConfUtils.java:logGet(46)) - raft.server.threadpool.client.cached = true (default)
2023-02-22 04:45:43,529 [pool-738-thread-1] INFO  server.RaftServerConfigKeys (ConfUtils.java:logGet(46)) - raft.server.threadpool.client.size = 0 (default)
2023-02-22 04:45:43,641 [EndpointStateMachine task thread for /0.0.0.0:33645 - 0 ] INFO  ipc.Client (Client.java:handleConnectionFailure(1010)) - Retrying connect to server: 0.0.0.0/0.0.0.0:33645. Already tried 4 time(s); retry policy is RetryUpToMaximumCountWithFixedSleep(maxRetries=15, sleepTime=1000 MILLISECONDS)
2023-02-22 04:45:43,865 [Listener at 0.0.0.0/39221] INFO  reflections.Reflections (Reflections.java:scan(232)) - Reflections took 338 ms to scan 19 urls, producing 69 keys and 4835 values [using 2 cores]
2023-02-22 04:45:43,867 [Listener at 0.0.0.0/39221] INFO  ipc.CallQueueManager (CallQueueManager.java:<init>(90)) - Using callQueue: class java.util.concurrent.LinkedBlockingQueue, queueCapacity: 2000, scheduler: class org.apache.hadoop.ipc.DefaultRpcScheduler, ipcBackoff: false.
2023-02-22 04:45:43,867 [Socket Reader #1 for port 40949] INFO  ipc.Server (Server.java:run(1273)) - Starting Socket Reader #1 for port 40949
2023-02-22 04:45:43,884 [Listener at 127.0.0.1/40949] INFO  impl.MetricsSystemImpl (MetricsSystemImpl.java:init(158)) - OzoneManager metrics system started (again)
2023-02-22 04:45:43,895 [Listener at 127.0.0.1/40949] INFO  om.OzoneManager (OzoneManager.java:start(1548)) - OzoneManager RPC server is listening at localhost/127.0.0.1:40949
2023-02-22 04:45:43,895 [Listener at 127.0.0.1/40949] INFO  ratis.OzoneManagerRatisServer (OzoneManagerRatisServer.java:start(559)) - Starting OzoneManagerRatisServer omNode-1 at port 37441
2023-02-22 04:45:43,896 [omNode-1-impl-thread1] INFO  storage.RaftStorageDirectory (RaftStorageDirectoryImpl.java:analyzeStorage(137)) - The storage directory /home/runner/work/ozone/ozone/hadoop-ozone/integration-test/target/test-dir/MiniOzoneClusterImpl-d1b59b44-2044-4343-9d69-28cc870eb01e/omNode-1/ratis/c9bc4cf4-3bc3-3c60-a66b-523986131536 does not exist. Creating ...
2023-02-22 04:45:43,897 [omNode-1-impl-thread1] INFO  storage.RaftStorageDirectory (RaftStorageDirectoryImpl.java:tryLock(231)) - Lock on /home/runner/work/ozone/ozone/hadoop-ozone/integration-test/target/test-dir/MiniOzoneClusterImpl-d1b59b44-2044-4343-9d69-28cc870eb01e/omNode-1/ratis/c9bc4cf4-3bc3-3c60-a66b-523986131536/in_use.lock acquired by nodename 93364@fv-az748-120
2023-02-22 04:45:43,898 [omNode-1-impl-thread1] INFO  storage.RaftStorage (RaftStorageImpl.java:format(96)) - Storage directory /home/runner/work/ozone/ozone/hadoop-ozone/integration-test/target/test-dir/MiniOzoneClusterImpl-d1b59b44-2044-4343-9d69-28cc870eb01e/omNode-1/ratis/c9bc4cf4-3bc3-3c60-a66b-523986131536 has been successfully formatted.
2023-02-22 04:45:43,898 [omNode-1-impl-thread1] INFO  server.RaftServerConfigKeys (ConfUtils.java:logGet(46)) - raft.server.log.use.memory = false (default)
2023-02-22 04:45:43,898 [omNode-1-impl-thread1] INFO  server.RaftServerConfigKeys (ConfUtils.java:logGet(46)) - raft.server.log.purge.gap = 1000000 (custom)
2023-02-22 04:45:43,898 [omNode-1-impl-thread1] INFO  server.RaftServerConfigKeys (ConfUtils.java:logGet(46)) - raft.server.log.appender.buffer.byte-limit = 33554432 (custom)
2023-02-22 04:45:43,898 [omNode-1-impl-thread1] INFO  server.RaftServerConfigKeys (ConfUtils.java:logGet(46)) - raft.server.log.statemachine.data.read.timeout = 1000ms (default)
2023-02-22 04:45:43,898 [omNode-1-impl-thread1] INFO  server.RaftServerConfigKeys (ConfUtils.java:logGet(46)) - raft.server.log.purge.preservation.log.num = 0 (default)
2023-02-22 04:45:43,898 [omNode-1-impl-thread1] INFO  server.RaftServerConfigKeys (ConfUtils.java:logGet(46)) - raft.server.log.segment.size.max = 4194304 (custom)
2023-02-22 04:45:43,899 [omNode-1-impl-thread1] INFO  server.RaftServerConfigKeys (ConfUtils.java:logGet(46)) - raft.server.log.segment.cache.num.max = 2 (custom)
2023-02-22 04:45:43,899 [omNode-1-impl-thread1] INFO  server.RaftServerConfigKeys (ConfUtils.java:logGet(46)) - raft.server.log.segment.cache.size.max = 200MB (=209715200) (default)
2023-02-22 04:45:43,899 [omNode-1-impl-thread1] INFO  segmented.SegmentedRaftLogWorker (SegmentedRaftLogWorker.java:<init>(189)) - new omNode-1@group-523986131536-SegmentedRaftLogWorker for RaftStorageImpl:Storage Directory /home/runner/work/ozone/ozone/hadoop-ozone/integration-test/target/test-dir/MiniOzoneClusterImpl-d1b59b44-2044-4343-9d69-28cc870eb01e/omNode-1/ratis/c9bc4cf4-3bc3-3c60-a66b-523986131536
2023-02-22 04:45:43,899 [omNode-1-impl-thread1] INFO  server.RaftServerConfigKeys (ConfUtils.java:logGet(46)) - raft.server.log.queue.byte-limit = 64MB (=67108864) (default)
2023-02-22 04:45:43,899 [omNode-1-impl-thread1] INFO  server.RaftServerConfigKeys (ConfUtils.java:logGet(46)) - raft.server.log.queue.element-limit = 4096 (default)
2023-02-22 04:45:43,899 [omNode-1-impl-thread1] INFO  server.RaftServerConfigKeys (ConfUtils.java:logGet(46)) - raft.server.log.segment.size.max = 4194304 (custom)
2023-02-22 04:45:43,899 [omNode-1-impl-thread1] INFO  server.RaftServerConfigKeys (ConfUtils.java:logGet(46)) - raft.server.log.preallocated.size = 4194304 (custom)
2023-02-22 04:45:43,899 [omNode-1-impl-thread1] INFO  server.RaftServerConfigKeys (ConfUtils.java:logGet(46)) - raft.server.log.force.sync.num = 128 (default)
2023-02-22 04:45:43,899 [omNode-1-impl-thread1] INFO  server.RaftServerConfigKeys (ConfUtils.java:logGet(46)) - raft.server.log.statemachine.data.sync = true (default)
2023-02-22 04:45:43,899 [omNode-1-impl-thread1] INFO  server.RaftServerConfigKeys (ConfUtils.java:logGet(46)) - raft.server.log.statemachine.data.sync.timeout = 10s (default)
2023-02-22 04:45:43,899 [omNode-1-impl-thread1] INFO  server.RaftServerConfigKeys (ConfUtils.java:logGet(46)) - raft.server.log.statemachine.data.sync.timeout.retry = -1 (default)
2023-02-22 04:45:43,899 [omNode-1-impl-thread1] INFO  server.RaftServerConfigKeys (ConfUtils.java:logGet(46)) - raft.server.log.write.buffer.size = 64KB (=65536) (default)
2023-02-22 04:45:43,899 [omNode-1-impl-thread1] INFO  server.RaftServerConfigKeys (ConfUtils.java:logGet(46)) - raft.server.log.appender.buffer.byte-limit = 33554432 (custom)
2023-02-22 04:45:43,903 [omNode-1-impl-thread1] INFO  server.RaftServerConfigKeys (ConfUtils.java:logGet(46)) - raft.server.log.unsafe-flush.enabled = false (default)
2023-02-22 04:45:43,904 [omNode-1-impl-thread1] INFO  server.RaftServerConfigKeys (ConfUtils.java:logGet(46)) - raft.server.log.async-flush.enabled = false (default)
2023-02-22 04:45:43,904 [omNode-1-impl-thread1] INFO  server.RaftServerConfigKeys (ConfUtils.java:logGet(46)) - raft.server.log.statemachine.data.caching.enabled = false (default)
2023-02-22 04:45:43,904 [omNode-1-impl-thread1] INFO  segmented.SegmentedRaftLogWorker (SegmentedRaftLogWorker.java:lambda$new$0(135)) - omNode-1@group-523986131536-SegmentedRaftLogWorker: flushIndex: setUnconditionally 0 -> -1
2023-02-22 04:45:43,904 [omNode-1-impl-thread1] INFO  segmented.SegmentedRaftLogWorker (SegmentedRaftLogWorker.java:lambda$new$0(135)) - omNode-1@group-523986131536-SegmentedRaftLogWorker: safeCacheEvictIndex: setUnconditionally 0 -> -1
2023-02-22 04:45:43,904 [omNode-1-impl-thread1] INFO  server.RaftServer$Division (RaftServerImpl.java:start(334)) - omNode-1@group-523986131536: start as a follower, conf=-1: peers:[omNode-3|rpc:localhost:36477|priority:0|startupRole:FOLLOWER, omNode-1|rpc:localhost:37441|priority:0|startupRole:FOLLOWER, omNode-2|rpc:localhost:34179|priority:0|startupRole:FOLLOWER]|listeners:[], old=null
2023-02-22 04:45:43,904 [omNode-1-impl-thread1] INFO  server.RaftServer$Division (RaftServerImpl.java:setRole(321)) - omNode-1@group-523986131536: changes role from      null to FOLLOWER at term 0 for startAsFollower
2023-02-22 04:45:43,904 [omNode-1-impl-thread1] INFO  impl.RoleInfo (RoleInfo.java:updateAndGet(139)) - omNode-1: start omNode-1@group-523986131536-FollowerState
2023-02-22 04:45:43,904 [omNode-1@group-523986131536-FollowerState] INFO  server.RaftServerConfigKeys (ConfUtils.java:logFallback(53)) - raft.server.rpc.first-election.timeout.min = 1s (fallback to raft.server.rpc.timeout.min)
2023-02-22 04:45:43,904 [omNode-1-impl-thread1] INFO  util.JmxRegister (JmxRegister.java:tryRegister(44)) - Successfully registered JMX Bean with object name Ratis:service=RaftServer,group=group-523986131536,id=omNode-1
2023-02-22 04:45:43,904 [omNode-1@group-523986131536-FollowerState] INFO  server.RaftServerConfigKeys (ConfUtils.java:logFallback(53)) - raft.server.rpc.first-election.timeout.max = 1200ms (fallback to raft.server.rpc.timeout.max)
2023-02-22 04:45:43,905 [omNode-1-impl-thread1] INFO  server.RaftServerConfigKeys (ConfUtils.java:logGet(46)) - raft.server.snapshot.auto.trigger.enabled = true (custom)
2023-02-22 04:45:43,905 [omNode-1-impl-thread1] INFO  server.RaftServerConfigKeys (ConfUtils.java:logGet(46)) - raft.server.snapshot.auto.trigger.threshold = 400000 (default)
2023-02-22 04:45:43,905 [omNode-1-impl-thread1] INFO  server.RaftServerConfigKeys (ConfUtils.java:logGet(46)) - raft.server.snapshot.retention.file.num = -1 (default)
2023-02-22 04:45:43,905 [omNode-1-impl-thread1] INFO  server.RaftServerConfigKeys (ConfUtils.java:logGet(46)) - raft.server.log.purge.upto.snapshot.index = true (custom)
2023-02-22 04:45:43,905 [Listener at 127.0.0.1/40949] INFO  server.RaftServer (RaftServerProxy.java:startImpl(393)) - omNode-1: start RPC server
2023-02-22 04:45:43,908 [Listener at 127.0.0.1/40949] INFO  server.GrpcService (GrpcService.java:startImpl(262)) - omNode-1: GrpcService started, listening on 37441
2023-02-22 04:45:43,908 [Listener at 127.0.0.1/40949] INFO  om.OzoneManager (OzoneManager.java:start(1564)) - Version File has different layout version (3) than OM DB (null). That is expected if this OM has never been finalized to a newer layout version.
2023-02-22 04:45:43,908 [JvmPauseMonitor6] INFO  util.JvmPauseMonitor (JvmPauseMonitor.java:run(105)) - JvmPauseMonitor-omNode-1: Started
2023-02-22 04:45:43,910 [Listener at 127.0.0.1/40949] INFO  http.BaseHttpServer (BaseHttpServer.java:newHttpServer2BuilderForOzone(213)) - Starting Web-server for ozoneManager at: http://0.0.0.0:39407
2023-02-22 04:45:43,910 [Listener at 127.0.0.1/40949] INFO  http.BaseHttpServer (BaseHttpServer.java:<init>(108)) - Hadoop Security Enabled: false Ozone Security Enabled: false Ozone HTTP Security Enabled: false 
2023-02-22 04:45:43,912 [Listener at 127.0.0.1/40949] WARN  server.AuthenticationFilter (AuthenticationFilter.java:constructSecretProvider(240)) - Unable to initialize FileSignerSecretProvider, falling back to use random secrets. Reason: Could not read signature secret file: /home/runner/hadoop-http-auth-signature-secret
2023-02-22 04:45:43,912 [Listener at 127.0.0.1/40949] WARN  http.HttpRequestLog (HttpRequestLog.java:getRequestLog(103)) - Jetty request log can only be enabled using Log4j
2023-02-22 04:45:43,914 [Listener at 127.0.0.1/40949] INFO  http.HttpServer2 (HttpServer2.java:addGlobalFilter(1031)) - Added global filter 'safety' (class=org.apache.hadoop.hdds.server.http.HttpServer2$QuotingInputFilter)
2023-02-22 04:45:43,917 [Listener at 127.0.0.1/40949] INFO  http.HttpServer2 (HttpServer2.java:addFilter(1007)) - Added filter static_user_filter (class=org.apache.hadoop.http.lib.StaticUserWebFilter$StaticUserFilter) to context ozoneManager
2023-02-22 04:45:43,917 [Listener at 127.0.0.1/40949] INFO  http.HttpServer2 (HttpServer2.java:addFilter(1015)) - Added filter static_user_filter (class=org.apache.hadoop.http.lib.StaticUserWebFilter$StaticUserFilter) to context logs
2023-02-22 04:45:43,917 [Listener at 127.0.0.1/40949] INFO  http.HttpServer2 (HttpServer2.java:addFilter(1015)) - Added filter static_user_filter (class=org.apache.hadoop.http.lib.StaticUserWebFilter$StaticUserFilter) to context static
2023-02-22 04:45:43,918 [Listener at 127.0.0.1/40949] INFO  http.HttpServer2 (HttpServer2.java:bindListener(1250)) - Jetty bound to port 39407
2023-02-22 04:45:43,918 [Listener at 127.0.0.1/40949] INFO  server.Server (Server.java:doStart(375)) - jetty-9.4.49.v20220914; built: 2022-09-14T01:07:36.601Z; git: 4231a3b2e4cb8548a412a789936d640a97b1aa0a; jvm 1.8.0_362-b09
2023-02-22 04:45:43,921 [Listener at 127.0.0.1/40949] INFO  server.session (DefaultSessionIdManager.java:doStart(334)) - DefaultSessionIdManager workerName=node0
2023-02-22 04:45:43,921 [Listener at 127.0.0.1/40949] INFO  server.session (DefaultSessionIdManager.java:doStart(339)) - No SessionScavenger set, using defaults
2023-02-22 04:45:43,921 [Listener at 127.0.0.1/40949] INFO  server.session (HouseKeeper.java:startScavenging(132)) - node0 Scavenging every 600000ms
2023-02-22 04:45:43,922 [Listener at 127.0.0.1/40949] INFO  handler.ContextHandler (ContextHandler.java:doStart(921)) - Started o.e.j.s.ServletContextHandler@424b3233{logs,/logs,file:///home/runner/work/ozone/ozone/hadoop-ozone/integration-test/target/log,AVAILABLE}
2023-02-22 04:45:43,922 [Listener at 127.0.0.1/40949] INFO  handler.ContextHandler (ContextHandler.java:doStart(921)) - Started o.e.j.s.ServletContextHandler@1e006d99{static,/static,file:///home/runner/work/ozone/ozone/hadoop-ozone/integration-test/target/test-classes/webapps/static,AVAILABLE}
2023-02-22 04:45:43,925 [Listener at 127.0.0.1/40949] INFO  handler.ContextHandler (ContextHandler.java:doStart(921)) - Started o.e.j.w.WebAppContext@4a8bf89c{ozoneManager,/,file:///home/runner/work/ozone/ozone/hadoop-ozone/integration-test/target/test-classes/webapps/ozoneManager/,AVAILABLE}{file:/home/runner/work/ozone/ozone/hadoop-ozone/integration-test/target/test-classes/webapps/ozoneManager}
2023-02-22 04:45:43,926 [Listener at 127.0.0.1/40949] INFO  server.AbstractConnector (AbstractConnector.java:doStart(333)) - Started ServerConnector@1fad3858{HTTP/1.1, (http/1.1)}{0.0.0.0:39407}
2023-02-22 04:45:43,926 [Listener at 127.0.0.1/40949] INFO  server.Server (Server.java:doStart(415)) - Started @62366ms
2023-02-22 04:45:43,926 [Listener at 127.0.0.1/40949] WARN  impl.MetricsSystemImpl (MetricsSystemImpl.java:register(279)) - Sink prometheus already exists!
2023-02-22 04:45:43,927 [Listener at 127.0.0.1/40949] INFO  http.BaseHttpServer (BaseHttpServer.java:updateConnectorAddress(333)) - HTTP server of ozoneManager listening at http://0.0.0.0:39407
2023-02-22 04:45:43,927 [IPC Server Responder] INFO  ipc.Server (Server.java:run(1512)) - IPC Server Responder: starting
2023-02-22 04:45:43,927 [IPC Server listener on 40949] INFO  ipc.Server (Server.java:run(1352)) - IPC Server listener on 40949: starting
2023-02-22 04:45:43,930 [Listener at 127.0.0.1/40949] INFO  om.OzoneManager (OzoneManager.java:startTrashEmptier(2024)) - Trash Interval set to 0. Files deleted won't move to trash
2023-02-22 04:45:43,930 [Listener at 127.0.0.1/40949] INFO  ozone.MiniOzoneHAClusterImpl (MiniOzoneHAClusterImpl.java:createOMService(527)) - Started OzoneManager omNode-1 RPC server at localhost/127.0.0.1:40949
2023-02-22 04:45:43,930 [org.apache.hadoop.util.JvmPauseMonitor$Monitor@2f125107] INFO  util.JvmPauseMonitor (JvmPauseMonitor.java:run(188)) - Starting JVM pause monitor
2023-02-22 04:45:43,931 [Listener at 127.0.0.1/40949] INFO  ha.OMHANodeDetails (OMHANodeDetails.java:loadOMHAConfig(121)) - ServiceID for OzoneManager is om-service-test1
2023-02-22 04:45:43,931 [Listener at 127.0.0.1/40949] INFO  ha.OMHANodeDetails (OMHANodeDetails.java:loadOMHAConfig(201)) - Found matching OM address with OMServiceId: om-service-test1, OMNodeId: omNode-2, RPC Address: localhost:42505 and Ratis port: 34179
2023-02-22 04:45:43,932 [Listener at 127.0.0.1/40949] INFO  ha.OMHANodeDetails (ConfUtils.java:setNodeSpecificConfigs(97)) - Setting configuration key ozone.om.http-address with value of key ozone.om.http-address.om-service-test1.omNode-2: 127.0.0.1:35401
2023-02-22 04:45:43,932 [Listener at 127.0.0.1/40949] INFO  ha.OMHANodeDetails (ConfUtils.java:setNodeSpecificConfigs(97)) - Setting configuration key ozone.om.https-address with value of key ozone.om.https-address.om-service-test1.omNode-2: 127.0.0.1:38981
2023-02-22 04:45:43,932 [Listener at 127.0.0.1/40949] INFO  ha.OMHANodeDetails (ConfUtils.java:setNodeSpecificConfigs(97)) - Setting configuration key ozone.om.address with value of key ozone.om.address.om-service-test1.omNode-2: 127.0.0.1:42505
2023-02-22 04:45:43,932 [Listener at 127.0.0.1/40949] WARN  server.ServerUtils (ServerUtils.java:getDBPath(225)) - ozone.om.db.dirs is not configured. We recommend adding this setting. Falling back to ozone.metadata.dirs instead.
2023-02-22 04:45:43,933 [Listener at 127.0.0.1/40949] INFO  proxy.SCMBlockLocationFailoverProxyProvider (SCMBlockLocationFailoverProxyProvider.java:<init>(114)) - Created block location fail-over proxy with 1 nodes: [nodeId=scmNodeId,nodeAddress=/0.0.0.0:44759]
OM initialization succeeded.Current cluster id for sd=/home/runner/work/ozone/ozone/hadoop-ozone/integration-test/target/test-dir/MiniOzoneClusterImpl-d1b59b44-2044-4343-9d69-28cc870eb01e/omNode-2/om;cid=d1b59b44-2044-4343-9d69-28cc870eb01e;layoutVersion=3
2023-02-22 04:45:43,941 [Listener at 127.0.0.1/40949] INFO  ha.OMHANodeDetails (OMHANodeDetails.java:loadOMHAConfig(121)) - ServiceID for OzoneManager is om-service-test1
2023-02-22 04:45:43,942 [Listener at 127.0.0.1/40949] INFO  ha.OMHANodeDetails (OMHANodeDetails.java:loadOMHAConfig(201)) - Found matching OM address with OMServiceId: om-service-test1, OMNodeId: omNode-2, RPC Address: localhost:42505 and Ratis port: 34179
2023-02-22 04:45:43,942 [Listener at 127.0.0.1/40949] INFO  ha.OMHANodeDetails (ConfUtils.java:setNodeSpecificConfigs(97)) - Setting configuration key ozone.om.http-address with value of key ozone.om.http-address.om-service-test1.omNode-2: 127.0.0.1:35401
2023-02-22 04:45:43,942 [Listener at 127.0.0.1/40949] INFO  ha.OMHANodeDetails (ConfUtils.java:setNodeSpecificConfigs(97)) - Setting configuration key ozone.om.https-address with value of key ozone.om.https-address.om-service-test1.omNode-2: 127.0.0.1:38981
2023-02-22 04:45:43,942 [Listener at 127.0.0.1/40949] INFO  ha.OMHANodeDetails (ConfUtils.java:setNodeSpecificConfigs(97)) - Setting configuration key ozone.om.address with value of key ozone.om.address.om-service-test1.omNode-2: 127.0.0.1:42505
2023-02-22 04:45:43,942 [Listener at 127.0.0.1/40949] WARN  server.ServerUtils (ServerUtils.java:getDBPath(225)) - ozone.om.db.dirs is not configured. We recommend adding this setting. Falling back to ozone.metadata.dirs instead.
2023-02-22 04:45:43,943 [Listener at 127.0.0.1/40949] INFO  upgrade.AbstractLayoutVersionManager (AbstractLayoutVersionManager.java:init(83)) - Initializing Layout version manager with metadata layout = MULTITENANCY_SCHEMA (version = 3), software layout = MULTITENANCY_SCHEMA (version = 3)
2023-02-22 04:45:44,059 [Listener at 127.0.0.1/40949] INFO  reflections.Reflections (Reflections.java:scan(232)) - Reflections took 115 ms to scan 2 urls, producing 166 keys and 457 values [using 2 cores]
2023-02-22 04:45:44,059 [Listener at 127.0.0.1/40949] INFO  upgrade.OMLayoutVersionManager (OMLayoutVersionManager.java:lambda$0(115)) - Skipping Upgrade Action MockOmUpgradeAction since it has been finalized.
2023-02-22 04:45:44,060 [Listener at 127.0.0.1/40949] WARN  server.ServerUtils (ServerUtils.java:getDBPath(225)) - ozone.om.db.dirs is not configured. We recommend adding this setting. Falling back to ozone.metadata.dirs instead.
2023-02-22 04:45:44,060 [Listener at 127.0.0.1/40949] INFO  proxy.SCMBlockLocationFailoverProxyProvider (SCMBlockLocationFailoverProxyProvider.java:<init>(114)) - Created block location fail-over proxy with 1 nodes: [nodeId=scmNodeId,nodeAddress=/0.0.0.0:44759]
2023-02-22 04:45:44,062 [Listener at 127.0.0.1/40949] INFO  proxy.SCMBlockLocationFailoverProxyProvider (SCMBlockLocationFailoverProxyProvider.java:<init>(114)) - Created block location fail-over proxy with 1 nodes: [nodeId=scmNodeId,nodeAddress=/0.0.0.0:44759]
2023-02-22 04:45:44,066 [Listener at 127.0.0.1/40949] INFO  om.OzoneManager (OzoneManager.java:<init>(615)) - OM start with adminUsers: [runner]
2023-02-22 04:45:44,067 [Listener at 127.0.0.1/40949] WARN  server.ServerUtils (ServerUtils.java:getDBPath(225)) - ozone.om.db.dirs is not configured. We recommend adding this setting. Falling back to ozone.metadata.dirs instead.
2023-02-22 04:45:44,067 [Listener at 127.0.0.1/40949] INFO  codec.OmKeyInfoCodec (OmKeyInfoCodec.java:<init>(49)) - OmKeyInfoCodec ignorePipeline = true
2023-02-22 04:45:44,067 [Listener at 127.0.0.1/40949] INFO  codec.RepeatedOmKeyInfoCodec (RepeatedOmKeyInfoCodec.java:<init>(41)) - RepeatedOmKeyInfoCodec ignorePipeline = true
2023-02-22 04:45:44,205 [Listener at 127.0.0.1/40949] INFO  om.OzoneManager (OzoneManager.java:instantiateServices(745)) - S3 Multi-Tenancy is disabled
2023-02-22 04:45:44,205 [Listener at 127.0.0.1/40949] WARN  server.ServerUtils (ServerUtils.java:getDBPath(225)) - ozone.om.snapshot.diff.db.dir is not configured. We recommend adding this setting. Falling back to ozone.metadata.dirs instead.
2023-02-22 04:45:44,218 [Listener at 127.0.0.1/40949] INFO  om.OzoneManager (OzoneManager.java:addS3GVolumeToDB(4179)) - Created Volume s3v With Owner runner required for S3Gateway operations.
2023-02-22 04:45:44,218 [Listener at 127.0.0.1/40949] WARN  server.ServerUtils (ServerUtils.java:getDefaultRatisDirectory(237)) - Storage directory for Ratis is not configured. It is a good idea to map this to an SSD disk. Falling back to ozone.metadata.dirs
2023-02-22 04:45:44,218 [Listener at 127.0.0.1/40949] WARN  utils.OzoneManagerRatisUtils (OzoneManagerRatisUtils.java:getOMRatisSnapshotDirectory(436)) - ozone.om.ratis.snapshot.dir is not configured. Falling back to ozone.metadata.dirs config
2023-02-22 04:45:44,218 [Listener at 127.0.0.1/40949] INFO  snapshot.OzoneManagerSnapshotProvider (OzoneManagerSnapshotProvider.java:<init>(76)) - Initializing OM Snapshot Provider
2023-02-22 04:45:44,219 [Listener at 127.0.0.1/40949] WARN  impl.MetricRegistriesImpl (MetricRegistriesImpl.java:addReporterRegistration(111)) - New reporters are added after registries were created. Some metrics will be missing from the reporter. Please add reporter before adding any new registry.
2023-02-22 04:45:44,219 [Listener at 127.0.0.1/40949] WARN  impl.MetricRegistriesImpl (MetricRegistriesImpl.java:addReporterRegistration(111)) - New reporters are added after registries were created. Some metrics will be missing from the reporter. Please add reporter before adding any new registry.
2023-02-22 04:45:44,219 [Listener at 127.0.0.1/40949] WARN  server.ServerUtils (ServerUtils.java:getDefaultRatisDirectory(237)) - Storage directory for Ratis is not configured. It is a good idea to map this to an SSD disk. Falling back to ozone.metadata.dirs
2023-02-22 04:45:44,221 [Listener at 127.0.0.1/40949] INFO  ratis.OzoneManagerRatisServer (OzoneManagerRatisServer.java:<init>(164)) - Instantiating OM Ratis server with groupID: om-service-test1 and peers: localhost:34179, localhost:36477, localhost:37441
2023-02-22 04:45:44,221 [Listener at 127.0.0.1/40949] INFO  ratis.OzoneManagerStateMachine (OzoneManagerStateMachine.java:loadSnapshotInfoFromDB(636)) - LastAppliedIndex is set from TransactionInfo from OM DB as (t:0, i:~)
2023-02-22 04:45:44,222 [Listener at 127.0.0.1/40949] INFO  server.RaftServer (ConfUtils.java:logGet(46)) - raft.rpc.type = GRPC (default)
2023-02-22 04:45:44,222 [Listener at 127.0.0.1/40949] INFO  grpc.GrpcConfigKeys (ConfUtils.java:logFallback(53)) - raft.grpc.admin.host = null (fallback to raft.grpc.server.host)
2023-02-22 04:45:44,222 [Listener at 127.0.0.1/40949] INFO  grpc.GrpcConfigKeys (ConfUtils.java:logFallback(53)) - raft.grpc.admin.port = 34179 (fallback to raft.grpc.server.port)
2023-02-22 04:45:44,222 [Listener at 127.0.0.1/40949] INFO  grpc.GrpcConfigKeys (ConfUtils.java:logFallback(53)) - raft.grpc.client.host = null (fallback to raft.grpc.server.host)
2023-02-22 04:45:44,222 [Listener at 127.0.0.1/40949] INFO  grpc.GrpcConfigKeys (ConfUtils.java:logFallback(53)) - raft.grpc.client.port = 34179 (fallback to raft.grpc.server.port)
2023-02-22 04:45:44,222 [Listener at 127.0.0.1/40949] INFO  grpc.GrpcConfigKeys (ConfUtils.java:logGet(46)) - raft.grpc.server.host = null (default)
2023-02-22 04:45:44,223 [Listener at 127.0.0.1/40949] INFO  grpc.GrpcConfigKeys (ConfUtils.java:logGet(46)) - raft.grpc.server.port = 34179 (custom)
2023-02-22 04:45:44,223 [Listener at 127.0.0.1/40949] INFO  server.GrpcService (ConfUtils.java:logGet(46)) - raft.grpc.message.size.max = 33554432 (custom)
2023-02-22 04:45:44,223 [Listener at 127.0.0.1/40949] INFO  server.RaftServerConfigKeys (ConfUtils.java:logGet(46)) - raft.server.log.appender.buffer.byte-limit = 33554432 (custom)
2023-02-22 04:45:44,223 [Listener at 127.0.0.1/40949] INFO  server.GrpcService (ConfUtils.java:logGet(46)) - raft.grpc.flow.control.window = 1MB (=1048576) (default)
2023-02-22 04:45:44,223 [Listener at 127.0.0.1/40949] INFO  server.RaftServerConfigKeys (ConfUtils.java:logGet(46)) - raft.server.rpc.request.timeout = 3000ms (default)
2023-02-22 04:45:44,223 [Listener at 127.0.0.1/40949] INFO  grpc.GrpcConfigKeys (ConfUtils.java:logGet(46)) - raft.grpc.server.heartbeat.channel = true (default)
2023-02-22 04:45:44,223 [Listener at 127.0.0.1/40949] INFO  grpc.GrpcConfigKeys (ConfUtils.java:logGet(46)) - raft.grpc.server.async.request.thread.pool.cached = true (default)
2023-02-22 04:45:44,223 [Listener at 127.0.0.1/40949] INFO  grpc.GrpcConfigKeys (ConfUtils.java:logGet(46)) - raft.grpc.server.async.request.thread.pool.size = 32 (default)
2023-02-22 04:45:44,226 [Listener at 127.0.0.1/40949] INFO  impl.DataStreamServerImpl (ConfUtils.java:logGet(46)) - raft.datastream.type = DISABLED (default)
2023-02-22 04:45:44,226 [Listener at 127.0.0.1/40949] INFO  server.RaftServerConfigKeys (ConfUtils.java:logGet(46)) - raft.server.threadpool.proxy.cached = true (default)
2023-02-22 04:45:44,226 [Listener at 127.0.0.1/40949] INFO  server.RaftServerConfigKeys (ConfUtils.java:logGet(46)) - raft.server.threadpool.proxy.size = 0 (default)
2023-02-22 04:45:44,226 [Listener at 127.0.0.1/40949] INFO  server.RaftServerConfigKeys (ConfUtils.java:logGet(46)) - raft.server.rpc.slowness.timeout = 2s (custom)
2023-02-22 04:45:44,226 [Listener at 127.0.0.1/40949] INFO  server.RaftServerConfigKeys (ConfUtils.java:logGet(46)) - raft.server.leaderelection.leader.step-down.wait-time = 10s (default)
2023-02-22 04:45:44,226 [Listener at 127.0.0.1/40949] INFO  server.RaftServerConfigKeys (ConfUtils.java:logGet(46)) - raft.server.storage.dir = [/home/runner/work/ozone/ozone/hadoop-ozone/integration-test/target/test-dir/MiniOzoneClusterImpl-d1b59b44-2044-4343-9d69-28cc870eb01e/omNode-2/ratis] (custom)
2023-02-22 04:45:44,227 [Listener at 127.0.0.1/40949] INFO  server.RaftServer (RaftServerProxy.java:addNew(96)) - omNode-2: addNew group-523986131536:[omNode-3|rpc:localhost:36477|priority:0|startupRole:FOLLOWER, omNode-1|rpc:localhost:37441|priority:0|startupRole:FOLLOWER, omNode-2|rpc:localhost:34179|priority:0|startupRole:FOLLOWER] returns group-523986131536:java.util.concurrent.CompletableFuture@3159479b[Not completed]
2023-02-22 04:45:44,227 [Listener at 127.0.0.1/40949] INFO  om.OzoneManager (OzoneManager.java:initializeRatisServer(2080)) - OzoneManager Ratis server initialized at port 34179
2023-02-22 04:45:44,227 [pool-765-thread-1] INFO  server.RaftServer$Division (RaftServerImpl.java:<init>(195)) - omNode-2: new RaftServerImpl for group-523986131536:[omNode-3|rpc:localhost:36477|priority:0|startupRole:FOLLOWER, omNode-1|rpc:localhost:37441|priority:0|startupRole:FOLLOWER, omNode-2|rpc:localhost:34179|priority:0|startupRole:FOLLOWER] with OzoneManagerStateMachine:uninitialized
2023-02-22 04:45:44,227 [Listener at 127.0.0.1/40949] INFO  om.OzoneManager (OzoneManager.java:getRpcServer(1128)) - Creating RPC Server
2023-02-22 04:45:44,227 [pool-765-thread-1] INFO  server.RaftServerConfigKeys (ConfUtils.java:logGet(46)) - raft.server.rpc.timeout.min = 1s (custom)
2023-02-22 04:45:44,227 [pool-765-thread-1] INFO  server.RaftServerConfigKeys (ConfUtils.java:logGet(46)) - raft.server.rpc.timeout.max = 1200ms (custom)
2023-02-22 04:45:44,227 [pool-765-thread-1] INFO  server.RaftServerConfigKeys (ConfUtils.java:logGet(46)) - raft.server.rpc.sleep.time = 25ms (default)
2023-02-22 04:45:44,227 [pool-765-thread-1] INFO  server.RaftServerConfigKeys (ConfUtils.java:logGet(46)) - raft.server.rpc.slowness.timeout = 2s (custom)
2023-02-22 04:45:44,232 [pool-765-thread-1] INFO  server.RaftServerConfigKeys (ConfUtils.java:logGet(46)) - raft.server.leaderelection.leader.step-down.wait-time = 10s (default)
2023-02-22 04:45:44,232 [pool-765-thread-1] INFO  server.RaftServerConfigKeys (ConfUtils.java:logGet(46)) - raft.server.sleep.deviation.threshold = 300ms (default)
2023-02-22 04:45:44,232 [pool-765-thread-1] INFO  server.RaftServer$Division (ServerState.java:<init>(118)) - omNode-2@group-523986131536: ConfigurationManager, init=-1: peers:[omNode-3|rpc:localhost:36477|priority:0|startupRole:FOLLOWER, omNode-1|rpc:localhost:37441|priority:0|startupRole:FOLLOWER, omNode-2|rpc:localhost:34179|priority:0|startupRole:FOLLOWER]|listeners:[], old=null, confs=<EMPTY_MAP>
2023-02-22 04:45:44,232 [pool-765-thread-1] INFO  server.RaftServerConfigKeys (ConfUtils.java:logGet(46)) - raft.server.storage.dir = [/home/runner/work/ozone/ozone/hadoop-ozone/integration-test/target/test-dir/MiniOzoneClusterImpl-d1b59b44-2044-4343-9d69-28cc870eb01e/omNode-2/ratis] (custom)
2023-02-22 04:45:44,233 [pool-765-thread-1] INFO  server.RaftServerConfigKeys (ConfUtils.java:logGet(46)) - raft.server.log.corruption.policy = EXCEPTION (default)
2023-02-22 04:45:44,233 [pool-765-thread-1] INFO  server.RaftServerConfigKeys (ConfUtils.java:logGet(46)) - raft.server.storage.free-space.min = 0MB (=0) (default)
2023-02-22 04:45:44,233 [pool-765-thread-1] INFO  server.RaftServerConfigKeys (ConfUtils.java:logGet(46)) - raft.server.notification.no-leader.timeout = 2s (custom)
2023-02-22 04:45:44,233 [pool-765-thread-1] INFO  server.RaftServerConfigKeys (ConfUtils.java:logGet(46)) - raft.server.retrycache.expirytime = 300s (custom)
2023-02-22 04:45:44,233 [pool-765-thread-1] INFO  server.RaftServerConfigKeys (ConfUtils.java:logGet(46)) - raft.server.retrycache.statistics.expirytime = 100μs (default)
2023-02-22 04:45:44,240 [pool-765-thread-1] INFO  server.RaftServerConfigKeys (ConfUtils.java:logGet(46)) - raft.server.log.appender.install.snapshot.enabled = false (custom)
2023-02-22 04:45:44,240 [pool-765-thread-1] INFO  server.RaftServerConfigKeys (ConfUtils.java:logGet(46)) - raft.server.threadpool.server.cached = true (default)
2023-02-22 04:45:44,240 [pool-765-thread-1] INFO  server.RaftServerConfigKeys (ConfUtils.java:logGet(46)) - raft.server.threadpool.server.size = 0 (default)
2023-02-22 04:45:44,240 [pool-765-thread-1] INFO  server.RaftServerConfigKeys (ConfUtils.java:logGet(46)) - raft.server.threadpool.client.cached = true (default)
2023-02-22 04:45:44,240 [pool-765-thread-1] INFO  server.RaftServerConfigKeys (ConfUtils.java:logGet(46)) - raft.server.threadpool.client.size = 0 (default)
2023-02-22 04:45:44,513 [Listener at 127.0.0.1/40949] INFO  reflections.Reflections (Reflections.java:scan(232)) - Reflections took 285 ms to scan 19 urls, producing 69 keys and 4835 values [using 2 cores]
2023-02-22 04:45:44,514 [Listener at 127.0.0.1/40949] INFO  ipc.CallQueueManager (CallQueueManager.java:<init>(90)) - Using callQueue: class java.util.concurrent.LinkedBlockingQueue, queueCapacity: 2000, scheduler: class org.apache.hadoop.ipc.DefaultRpcScheduler, ipcBackoff: false.
2023-02-22 04:45:44,515 [Socket Reader #1 for port 42505] INFO  ipc.Server (Server.java:run(1273)) - Starting Socket Reader #1 for port 42505
2023-02-22 04:45:44,537 [Listener at 127.0.0.1/42505] INFO  impl.MetricsSystemImpl (MetricsSystemImpl.java:init(158)) - OzoneManager metrics system started (again)
2023-02-22 04:45:44,547 [Listener at 127.0.0.1/42505] INFO  om.OzoneManager (OzoneManager.java:start(1548)) - OzoneManager RPC server is listening at localhost/127.0.0.1:42505
2023-02-22 04:45:44,547 [Listener at 127.0.0.1/42505] INFO  ratis.OzoneManagerRatisServer (OzoneManagerRatisServer.java:start(559)) - Starting OzoneManagerRatisServer omNode-2 at port 34179
2023-02-22 04:45:44,547 [omNode-2-impl-thread1] INFO  storage.RaftStorageDirectory (RaftStorageDirectoryImpl.java:analyzeStorage(137)) - The storage directory /home/runner/work/ozone/ozone/hadoop-ozone/integration-test/target/test-dir/MiniOzoneClusterImpl-d1b59b44-2044-4343-9d69-28cc870eb01e/omNode-2/ratis/c9bc4cf4-3bc3-3c60-a66b-523986131536 does not exist. Creating ...
2023-02-22 04:45:44,549 [omNode-2-impl-thread1] INFO  storage.RaftStorageDirectory (RaftStorageDirectoryImpl.java:tryLock(231)) - Lock on /home/runner/work/ozone/ozone/hadoop-ozone/integration-test/target/test-dir/MiniOzoneClusterImpl-d1b59b44-2044-4343-9d69-28cc870eb01e/omNode-2/ratis/c9bc4cf4-3bc3-3c60-a66b-523986131536/in_use.lock acquired by nodename 93364@fv-az748-120
2023-02-22 04:45:44,550 [omNode-2-impl-thread1] INFO  storage.RaftStorage (RaftStorageImpl.java:format(96)) - Storage directory /home/runner/work/ozone/ozone/hadoop-ozone/integration-test/target/test-dir/MiniOzoneClusterImpl-d1b59b44-2044-4343-9d69-28cc870eb01e/omNode-2/ratis/c9bc4cf4-3bc3-3c60-a66b-523986131536 has been successfully formatted.
2023-02-22 04:45:44,550 [omNode-2-impl-thread1] INFO  server.RaftServerConfigKeys (ConfUtils.java:logGet(46)) - raft.server.log.use.memory = false (default)
2023-02-22 04:45:44,550 [omNode-2-impl-thread1] INFO  server.RaftServerConfigKeys (ConfUtils.java:logGet(46)) - raft.server.log.purge.gap = 1000000 (custom)
2023-02-22 04:45:44,550 [omNode-2-impl-thread1] INFO  server.RaftServerConfigKeys (ConfUtils.java:logGet(46)) - raft.server.log.appender.buffer.byte-limit = 33554432 (custom)
2023-02-22 04:45:44,550 [omNode-2-impl-thread1] INFO  server.RaftServerConfigKeys (ConfUtils.java:logGet(46)) - raft.server.log.statemachine.data.read.timeout = 1000ms (default)
2023-02-22 04:45:44,550 [omNode-2-impl-thread1] INFO  server.RaftServerConfigKeys (ConfUtils.java:logGet(46)) - raft.server.log.purge.preservation.log.num = 0 (default)
2023-02-22 04:45:44,550 [omNode-2-impl-thread1] INFO  server.RaftServerConfigKeys (ConfUtils.java:logGet(46)) - raft.server.log.segment.size.max = 4194304 (custom)
2023-02-22 04:45:44,551 [omNode-2-impl-thread1] INFO  server.RaftServerConfigKeys (ConfUtils.java:logGet(46)) - raft.server.log.segment.cache.num.max = 2 (custom)
2023-02-22 04:45:44,551 [omNode-2-impl-thread1] INFO  server.RaftServerConfigKeys (ConfUtils.java:logGet(46)) - raft.server.log.segment.cache.size.max = 200MB (=209715200) (default)
2023-02-22 04:45:44,551 [omNode-2-impl-thread1] INFO  segmented.SegmentedRaftLogWorker (SegmentedRaftLogWorker.java:<init>(189)) - new omNode-2@group-523986131536-SegmentedRaftLogWorker for RaftStorageImpl:Storage Directory /home/runner/work/ozone/ozone/hadoop-ozone/integration-test/target/test-dir/MiniOzoneClusterImpl-d1b59b44-2044-4343-9d69-28cc870eb01e/omNode-2/ratis/c9bc4cf4-3bc3-3c60-a66b-523986131536
2023-02-22 04:45:44,551 [omNode-2-impl-thread1] INFO  server.RaftServerConfigKeys (ConfUtils.java:logGet(46)) - raft.server.log.queue.byte-limit = 64MB (=67108864) (default)
2023-02-22 04:45:44,551 [omNode-2-impl-thread1] INFO  server.RaftServerConfigKeys (ConfUtils.java:logGet(46)) - raft.server.log.queue.element-limit = 4096 (default)
2023-02-22 04:45:44,551 [omNode-2-impl-thread1] INFO  server.RaftServerConfigKeys (ConfUtils.java:logGet(46)) - raft.server.log.segment.size.max = 4194304 (custom)
2023-02-22 04:45:44,551 [omNode-2-impl-thread1] INFO  server.RaftServerConfigKeys (ConfUtils.java:logGet(46)) - raft.server.log.preallocated.size = 4194304 (custom)
2023-02-22 04:45:44,551 [omNode-2-impl-thread1] INFO  server.RaftServerConfigKeys (ConfUtils.java:logGet(46)) - raft.server.log.force.sync.num = 128 (default)
2023-02-22 04:45:44,551 [omNode-2-impl-thread1] INFO  server.RaftServerConfigKeys (ConfUtils.java:logGet(46)) - raft.server.log.statemachine.data.sync = true (default)
2023-02-22 04:45:44,551 [omNode-2-impl-thread1] INFO  server.RaftServerConfigKeys (ConfUtils.java:logGet(46)) - raft.server.log.statemachine.data.sync.timeout = 10s (default)
2023-02-22 04:45:44,551 [omNode-2-impl-thread1] INFO  server.RaftServerConfigKeys (ConfUtils.java:logGet(46)) - raft.server.log.statemachine.data.sync.timeout.retry = -1 (default)
2023-02-22 04:45:44,551 [omNode-2-impl-thread1] INFO  server.RaftServerConfigKeys (ConfUtils.java:logGet(46)) - raft.server.log.write.buffer.size = 64KB (=65536) (default)
2023-02-22 04:45:44,551 [omNode-2-impl-thread1] INFO  server.RaftServerConfigKeys (ConfUtils.java:logGet(46)) - raft.server.log.appender.buffer.byte-limit = 33554432 (custom)
2023-02-22 04:45:44,554 [omNode-2-impl-thread1] INFO  server.RaftServerConfigKeys (ConfUtils.java:logGet(46)) - raft.server.log.unsafe-flush.enabled = false (default)
2023-02-22 04:45:44,554 [omNode-2-impl-thread1] INFO  server.RaftServerConfigKeys (ConfUtils.java:logGet(46)) - raft.server.log.async-flush.enabled = false (default)
2023-02-22 04:45:44,555 [omNode-2-impl-thread1] INFO  server.RaftServerConfigKeys (ConfUtils.java:logGet(46)) - raft.server.log.statemachine.data.caching.enabled = false (default)
2023-02-22 04:45:44,555 [omNode-2-impl-thread1] INFO  segmented.SegmentedRaftLogWorker (SegmentedRaftLogWorker.java:lambda$new$0(135)) - omNode-2@group-523986131536-SegmentedRaftLogWorker: flushIndex: setUnconditionally 0 -> -1
2023-02-22 04:45:44,555 [omNode-2-impl-thread1] INFO  segmented.SegmentedRaftLogWorker (SegmentedRaftLogWorker.java:lambda$new$0(135)) - omNode-2@group-523986131536-SegmentedRaftLogWorker: safeCacheEvictIndex: setUnconditionally 0 -> -1
2023-02-22 04:45:44,555 [omNode-2-impl-thread1] INFO  server.RaftServer$Division (RaftServerImpl.java:start(334)) - omNode-2@group-523986131536: start as a follower, conf=-1: peers:[omNode-3|rpc:localhost:36477|priority:0|startupRole:FOLLOWER, omNode-1|rpc:localhost:37441|priority:0|startupRole:FOLLOWER, omNode-2|rpc:localhost:34179|priority:0|startupRole:FOLLOWER]|listeners:[], old=null
2023-02-22 04:45:44,555 [omNode-2-impl-thread1] INFO  server.RaftServer$Division (RaftServerImpl.java:setRole(321)) - omNode-2@group-523986131536: changes role from      null to FOLLOWER at term 0 for startAsFollower
2023-02-22 04:45:44,555 [omNode-2-impl-thread1] INFO  impl.RoleInfo (RoleInfo.java:updateAndGet(139)) - omNode-2: start omNode-2@group-523986131536-FollowerState
2023-02-22 04:45:44,555 [omNode-2-impl-thread1] INFO  util.JmxRegister (JmxRegister.java:tryRegister(44)) - Successfully registered JMX Bean with object name Ratis:service=RaftServer,group=group-523986131536,id=omNode-2
2023-02-22 04:45:44,555 [omNode-2-impl-thread1] INFO  server.RaftServerConfigKeys (ConfUtils.java:logGet(46)) - raft.server.snapshot.auto.trigger.enabled = true (custom)
2023-02-22 04:45:44,555 [omNode-2-impl-thread1] INFO  server.RaftServerConfigKeys (ConfUtils.java:logGet(46)) - raft.server.snapshot.auto.trigger.threshold = 400000 (default)
2023-02-22 04:45:44,556 [omNode-2-impl-thread1] INFO  server.RaftServerConfigKeys (ConfUtils.java:logGet(46)) - raft.server.snapshot.retention.file.num = -1 (default)
2023-02-22 04:45:44,556 [omNode-2-impl-thread1] INFO  server.RaftServerConfigKeys (ConfUtils.java:logGet(46)) - raft.server.log.purge.upto.snapshot.index = true (custom)
2023-02-22 04:45:44,556 [omNode-2@group-523986131536-FollowerState] INFO  server.RaftServerConfigKeys (ConfUtils.java:logFallback(53)) - raft.server.rpc.first-election.timeout.min = 1s (fallback to raft.server.rpc.timeout.min)
2023-02-22 04:45:44,556 [omNode-2@group-523986131536-FollowerState] INFO  server.RaftServerConfigKeys (ConfUtils.java:logFallback(53)) - raft.server.rpc.first-election.timeout.max = 1200ms (fallback to raft.server.rpc.timeout.max)
2023-02-22 04:45:44,557 [Listener at 127.0.0.1/42505] INFO  server.RaftServer (RaftServerProxy.java:startImpl(393)) - omNode-2: start RPC server
2023-02-22 04:45:44,559 [Listener at 127.0.0.1/42505] INFO  server.GrpcService (GrpcService.java:startImpl(262)) - omNode-2: GrpcService started, listening on 34179
2023-02-22 04:45:44,561 [Listener at 127.0.0.1/42505] INFO  om.OzoneManager (OzoneManager.java:start(1564)) - Version File has different layout version (3) than OM DB (null). That is expected if this OM has never been finalized to a newer layout version.
2023-02-22 04:45:44,562 [JvmPauseMonitor7] INFO  util.JvmPauseMonitor (JvmPauseMonitor.java:run(105)) - JvmPauseMonitor-omNode-2: Started
2023-02-22 04:45:44,565 [Listener at 127.0.0.1/42505] INFO  http.BaseHttpServer (BaseHttpServer.java:newHttpServer2BuilderForOzone(213)) - Starting Web-server for ozoneManager at: http://0.0.0.0:35401
2023-02-22 04:45:44,566 [Listener at 127.0.0.1/42505] INFO  http.BaseHttpServer (BaseHttpServer.java:<init>(108)) - Hadoop Security Enabled: false Ozone Security Enabled: false Ozone HTTP Security Enabled: false 
2023-02-22 04:45:44,567 [Listener at 127.0.0.1/42505] WARN  server.AuthenticationFilter (AuthenticationFilter.java:constructSecretProvider(240)) - Unable to initialize FileSignerSecretProvider, falling back to use random secrets. Reason: Could not read signature secret file: /home/runner/hadoop-http-auth-signature-secret
2023-02-22 04:45:44,567 [Listener at 127.0.0.1/42505] WARN  http.HttpRequestLog (HttpRequestLog.java:getRequestLog(103)) - Jetty request log can only be enabled using Log4j
2023-02-22 04:45:44,569 [Listener at 127.0.0.1/42505] INFO  http.HttpServer2 (HttpServer2.java:addGlobalFilter(1031)) - Added global filter 'safety' (class=org.apache.hadoop.hdds.server.http.HttpServer2$QuotingInputFilter)
2023-02-22 04:45:44,569 [Listener at 127.0.0.1/42505] INFO  http.HttpServer2 (HttpServer2.java:addFilter(1007)) - Added filter static_user_filter (class=org.apache.hadoop.http.lib.StaticUserWebFilter$StaticUserFilter) to context ozoneManager
2023-02-22 04:45:44,569 [Listener at 127.0.0.1/42505] INFO  http.HttpServer2 (HttpServer2.java:addFilter(1015)) - Added filter static_user_filter (class=org.apache.hadoop.http.lib.StaticUserWebFilter$StaticUserFilter) to context logs
2023-02-22 04:45:44,570 [Listener at 127.0.0.1/42505] INFO  http.HttpServer2 (HttpServer2.java:addFilter(1015)) - Added filter static_user_filter (class=org.apache.hadoop.http.lib.StaticUserWebFilter$StaticUserFilter) to context static
2023-02-22 04:45:44,570 [Listener at 127.0.0.1/42505] INFO  http.HttpServer2 (HttpServer2.java:bindListener(1250)) - Jetty bound to port 35401
2023-02-22 04:45:44,570 [Listener at 127.0.0.1/42505] INFO  server.Server (Server.java:doStart(375)) - jetty-9.4.49.v20220914; built: 2022-09-14T01:07:36.601Z; git: 4231a3b2e4cb8548a412a789936d640a97b1aa0a; jvm 1.8.0_362-b09
2023-02-22 04:45:44,574 [Listener at 127.0.0.1/42505] INFO  server.session (DefaultSessionIdManager.java:doStart(334)) - DefaultSessionIdManager workerName=node0
2023-02-22 04:45:44,574 [Listener at 127.0.0.1/42505] INFO  server.session (DefaultSessionIdManager.java:doStart(339)) - No SessionScavenger set, using defaults
2023-02-22 04:45:44,574 [Listener at 127.0.0.1/42505] INFO  server.session (HouseKeeper.java:startScavenging(132)) - node0 Scavenging every 660000ms
2023-02-22 04:45:44,575 [Listener at 127.0.0.1/42505] INFO  handler.ContextHandler (ContextHandler.java:doStart(921)) - Started o.e.j.s.ServletContextHandler@7db6128{logs,/logs,file:///home/runner/work/ozone/ozone/hadoop-ozone/integration-test/target/log,AVAILABLE}
2023-02-22 04:45:44,575 [Listener at 127.0.0.1/42505] INFO  handler.ContextHandler (ContextHandler.java:doStart(921)) - Started o.e.j.s.ServletContextHandler@819e073{static,/static,file:///home/runner/work/ozone/ozone/hadoop-ozone/integration-test/target/test-classes/webapps/static,AVAILABLE}
2023-02-22 04:45:44,578 [Listener at 127.0.0.1/42505] INFO  handler.ContextHandler (ContextHandler.java:doStart(921)) - Started o.e.j.w.WebAppContext@1320fd4d{ozoneManager,/,file:///home/runner/work/ozone/ozone/hadoop-ozone/integration-test/target/test-classes/webapps/ozoneManager/,AVAILABLE}{file:/home/runner/work/ozone/ozone/hadoop-ozone/integration-test/target/test-classes/webapps/ozoneManager}
2023-02-22 04:45:44,580 [Listener at 127.0.0.1/42505] INFO  server.AbstractConnector (AbstractConnector.java:doStart(333)) - Started ServerConnector@1f57dbd0{HTTP/1.1, (http/1.1)}{0.0.0.0:35401}
2023-02-22 04:45:44,580 [Listener at 127.0.0.1/42505] INFO  server.Server (Server.java:doStart(415)) - Started @63020ms
2023-02-22 04:45:44,580 [Listener at 127.0.0.1/42505] WARN  impl.MetricsSystemImpl (MetricsSystemImpl.java:register(279)) - Sink prometheus already exists!
2023-02-22 04:45:44,581 [Listener at 127.0.0.1/42505] INFO  http.BaseHttpServer (BaseHttpServer.java:updateConnectorAddress(333)) - HTTP server of ozoneManager listening at http://0.0.0.0:35401
2023-02-22 04:45:44,581 [IPC Server Responder] INFO  ipc.Server (Server.java:run(1512)) - IPC Server Responder: starting
2023-02-22 04:45:44,581 [IPC Server listener on 42505] INFO  ipc.Server (Server.java:run(1352)) - IPC Server listener on 42505: starting
2023-02-22 04:45:44,583 [Listener at 127.0.0.1/42505] INFO  om.OzoneManager (OzoneManager.java:startTrashEmptier(2024)) - Trash Interval set to 0. Files deleted won't move to trash
2023-02-22 04:45:44,583 [Listener at 127.0.0.1/42505] INFO  ozone.MiniOzoneHAClusterImpl (MiniOzoneHAClusterImpl.java:createOMService(527)) - Started OzoneManager omNode-2 RPC server at localhost/127.0.0.1:42505
2023-02-22 04:45:44,584 [org.apache.hadoop.util.JvmPauseMonitor$Monitor@55a3119a] INFO  util.JvmPauseMonitor (JvmPauseMonitor.java:run(188)) - Starting JVM pause monitor
2023-02-22 04:45:44,584 [Listener at 127.0.0.1/42505] INFO  ha.OMHANodeDetails (OMHANodeDetails.java:loadOMHAConfig(121)) - ServiceID for OzoneManager is om-service-test1
2023-02-22 04:45:44,585 [Listener at 127.0.0.1/42505] INFO  ha.OMHANodeDetails (OMHANodeDetails.java:loadOMHAConfig(201)) - Found matching OM address with OMServiceId: om-service-test1, OMNodeId: omNode-3, RPC Address: localhost:44521 and Ratis port: 36477
2023-02-22 04:45:44,585 [Listener at 127.0.0.1/42505] INFO  ha.OMHANodeDetails (ConfUtils.java:setNodeSpecificConfigs(97)) - Setting configuration key ozone.om.http-address with value of key ozone.om.http-address.om-service-test1.omNode-3: 127.0.0.1:33017
2023-02-22 04:45:44,585 [Listener at 127.0.0.1/42505] INFO  ha.OMHANodeDetails (ConfUtils.java:setNodeSpecificConfigs(97)) - Setting configuration key ozone.om.https-address with value of key ozone.om.https-address.om-service-test1.omNode-3: 127.0.0.1:42577
2023-02-22 04:45:44,585 [Listener at 127.0.0.1/42505] INFO  ha.OMHANodeDetails (ConfUtils.java:setNodeSpecificConfigs(97)) - Setting configuration key ozone.om.address with value of key ozone.om.address.om-service-test1.omNode-3: 127.0.0.1:44521
2023-02-22 04:45:44,585 [Listener at 127.0.0.1/42505] WARN  server.ServerUtils (ServerUtils.java:getDBPath(225)) - ozone.om.db.dirs is not configured. We recommend adding this setting. Falling back to ozone.metadata.dirs instead.
2023-02-22 04:45:44,592 [Listener at 127.0.0.1/42505] INFO  proxy.SCMBlockLocationFailoverProxyProvider (SCMBlockLocationFailoverProxyProvider.java:<init>(114)) - Created block location fail-over proxy with 1 nodes: [nodeId=scmNodeId,nodeAddress=/0.0.0.0:44759]
OM initialization succeeded.Current cluster id for sd=/home/runner/work/ozone/ozone/hadoop-ozone/integration-test/target/test-dir/MiniOzoneClusterImpl-d1b59b44-2044-4343-9d69-28cc870eb01e/omNode-3/om;cid=d1b59b44-2044-4343-9d69-28cc870eb01e;layoutVersion=3
2023-02-22 04:45:44,596 [Listener at 127.0.0.1/42505] INFO  ha.OMHANodeDetails (OMHANodeDetails.java:loadOMHAConfig(121)) - ServiceID for OzoneManager is om-service-test1
2023-02-22 04:45:44,596 [Listener at 127.0.0.1/42505] INFO  ha.OMHANodeDetails (OMHANodeDetails.java:loadOMHAConfig(201)) - Found matching OM address with OMServiceId: om-service-test1, OMNodeId: omNode-3, RPC Address: localhost:44521 and Ratis port: 36477
2023-02-22 04:45:44,596 [Listener at 127.0.0.1/42505] INFO  ha.OMHANodeDetails (ConfUtils.java:setNodeSpecificConfigs(97)) - Setting configuration key ozone.om.http-address with value of key ozone.om.http-address.om-service-test1.omNode-3: 127.0.0.1:33017
2023-02-22 04:45:44,596 [Listener at 127.0.0.1/42505] INFO  ha.OMHANodeDetails (ConfUtils.java:setNodeSpecificConfigs(97)) - Setting configuration key ozone.om.https-address with value of key ozone.om.https-address.om-service-test1.omNode-3: 127.0.0.1:42577
2023-02-22 04:45:44,596 [Listener at 127.0.0.1/42505] INFO  ha.OMHANodeDetails (ConfUtils.java:setNodeSpecificConfigs(97)) - Setting configuration key ozone.om.address with value of key ozone.om.address.om-service-test1.omNode-3: 127.0.0.1:44521
2023-02-22 04:45:44,597 [Listener at 127.0.0.1/42505] WARN  server.ServerUtils (ServerUtils.java:getDBPath(225)) - ozone.om.db.dirs is not configured. We recommend adding this setting. Falling back to ozone.metadata.dirs instead.
2023-02-22 04:45:44,597 [Listener at 127.0.0.1/42505] INFO  upgrade.AbstractLayoutVersionManager (AbstractLayoutVersionManager.java:init(83)) - Initializing Layout version manager with metadata layout = MULTITENANCY_SCHEMA (version = 3), software layout = MULTITENANCY_SCHEMA (version = 3)
2023-02-22 04:45:44,642 [EndpointStateMachine task thread for /0.0.0.0:33645 - 0 ] INFO  ipc.Client (Client.java:handleConnectionFailure(1010)) - Retrying connect to server: 0.0.0.0/0.0.0.0:33645. Already tried 5 time(s); retry policy is RetryUpToMaximumCountWithFixedSleep(maxRetries=15, sleepTime=1000 MILLISECONDS)
2023-02-22 04:45:44,659 [Listener at 127.0.0.1/42505] INFO  reflections.Reflections (Reflections.java:scan(232)) - Reflections took 61 ms to scan 2 urls, producing 166 keys and 457 values [using 2 cores]
2023-02-22 04:45:44,660 [Listener at 127.0.0.1/42505] INFO  upgrade.OMLayoutVersionManager (OMLayoutVersionManager.java:lambda$0(115)) - Skipping Upgrade Action MockOmUpgradeAction since it has been finalized.
2023-02-22 04:45:44,660 [Listener at 127.0.0.1/42505] WARN  server.ServerUtils (ServerUtils.java:getDBPath(225)) - ozone.om.db.dirs is not configured. We recommend adding this setting. Falling back to ozone.metadata.dirs instead.
2023-02-22 04:45:44,660 [Listener at 127.0.0.1/42505] INFO  proxy.SCMBlockLocationFailoverProxyProvider (SCMBlockLocationFailoverProxyProvider.java:<init>(114)) - Created block location fail-over proxy with 1 nodes: [nodeId=scmNodeId,nodeAddress=/0.0.0.0:44759]
2023-02-22 04:45:44,662 [Listener at 127.0.0.1/42505] INFO  proxy.SCMBlockLocationFailoverProxyProvider (SCMBlockLocationFailoverProxyProvider.java:<init>(114)) - Created block location fail-over proxy with 1 nodes: [nodeId=scmNodeId,nodeAddress=/0.0.0.0:44759]
2023-02-22 04:45:44,669 [Listener at 127.0.0.1/42505] INFO  om.OzoneManager (OzoneManager.java:<init>(615)) - OM start with adminUsers: [runner]
2023-02-22 04:45:44,670 [Listener at 127.0.0.1/42505] WARN  server.ServerUtils (ServerUtils.java:getDBPath(225)) - ozone.om.db.dirs is not configured. We recommend adding this setting. Falling back to ozone.metadata.dirs instead.
2023-02-22 04:45:44,670 [Listener at 127.0.0.1/42505] INFO  codec.OmKeyInfoCodec (OmKeyInfoCodec.java:<init>(49)) - OmKeyInfoCodec ignorePipeline = true
2023-02-22 04:45:44,671 [Listener at 127.0.0.1/42505] INFO  codec.RepeatedOmKeyInfoCodec (RepeatedOmKeyInfoCodec.java:<init>(41)) - RepeatedOmKeyInfoCodec ignorePipeline = true
2023-02-22 04:45:44,821 [Listener at 127.0.0.1/42505] INFO  om.OzoneManager (OzoneManager.java:instantiateServices(745)) - S3 Multi-Tenancy is disabled
2023-02-22 04:45:44,822 [Listener at 127.0.0.1/42505] WARN  server.ServerUtils (ServerUtils.java:getDBPath(225)) - ozone.om.snapshot.diff.db.dir is not configured. We recommend adding this setting. Falling back to ozone.metadata.dirs instead.
2023-02-22 04:45:44,830 [Listener at 127.0.0.1/42505] INFO  om.OzoneManager (OzoneManager.java:addS3GVolumeToDB(4179)) - Created Volume s3v With Owner runner required for S3Gateway operations.
2023-02-22 04:45:44,830 [Listener at 127.0.0.1/42505] WARN  server.ServerUtils (ServerUtils.java:getDefaultRatisDirectory(237)) - Storage directory for Ratis is not configured. It is a good idea to map this to an SSD disk. Falling back to ozone.metadata.dirs
2023-02-22 04:45:44,830 [Listener at 127.0.0.1/42505] WARN  utils.OzoneManagerRatisUtils (OzoneManagerRatisUtils.java:getOMRatisSnapshotDirectory(436)) - ozone.om.ratis.snapshot.dir is not configured. Falling back to ozone.metadata.dirs config
2023-02-22 04:45:44,830 [Listener at 127.0.0.1/42505] INFO  snapshot.OzoneManagerSnapshotProvider (OzoneManagerSnapshotProvider.java:<init>(76)) - Initializing OM Snapshot Provider
2023-02-22 04:45:44,831 [Listener at 127.0.0.1/42505] WARN  impl.MetricRegistriesImpl (MetricRegistriesImpl.java:addReporterRegistration(111)) - New reporters are added after registries were created. Some metrics will be missing from the reporter. Please add reporter before adding any new registry.
2023-02-22 04:45:44,831 [Listener at 127.0.0.1/42505] WARN  impl.MetricRegistriesImpl (MetricRegistriesImpl.java:addReporterRegistration(111)) - New reporters are added after registries were created. Some metrics will be missing from the reporter. Please add reporter before adding any new registry.
2023-02-22 04:45:44,832 [Listener at 127.0.0.1/42505] WARN  server.ServerUtils (ServerUtils.java:getDefaultRatisDirectory(237)) - Storage directory for Ratis is not configured. It is a good idea to map this to an SSD disk. Falling back to ozone.metadata.dirs
2023-02-22 04:45:44,833 [Listener at 127.0.0.1/42505] INFO  ratis.OzoneManagerRatisServer (OzoneManagerRatisServer.java:<init>(164)) - Instantiating OM Ratis server with groupID: om-service-test1 and peers: localhost:36477, localhost:37441, localhost:34179
2023-02-22 04:45:44,833 [Listener at 127.0.0.1/42505] INFO  ratis.OzoneManagerStateMachine (OzoneManagerStateMachine.java:loadSnapshotInfoFromDB(636)) - LastAppliedIndex is set from TransactionInfo from OM DB as (t:0, i:~)
2023-02-22 04:45:44,833 [Listener at 127.0.0.1/42505] INFO  server.RaftServer (ConfUtils.java:logGet(46)) - raft.rpc.type = GRPC (default)
2023-02-22 04:45:44,833 [Listener at 127.0.0.1/42505] INFO  grpc.GrpcConfigKeys (ConfUtils.java:logFallback(53)) - raft.grpc.admin.host = null (fallback to raft.grpc.server.host)
2023-02-22 04:45:44,833 [Listener at 127.0.0.1/42505] INFO  grpc.GrpcConfigKeys (ConfUtils.java:logFallback(53)) - raft.grpc.admin.port = 36477 (fallback to raft.grpc.server.port)
2023-02-22 04:45:44,833 [Listener at 127.0.0.1/42505] INFO  grpc.GrpcConfigKeys (ConfUtils.java:logFallback(53)) - raft.grpc.client.host = null (fallback to raft.grpc.server.host)
2023-02-22 04:45:44,834 [Listener at 127.0.0.1/42505] INFO  grpc.GrpcConfigKeys (ConfUtils.java:logFallback(53)) - raft.grpc.client.port = 36477 (fallback to raft.grpc.server.port)
2023-02-22 04:45:44,834 [Listener at 127.0.0.1/42505] INFO  grpc.GrpcConfigKeys (ConfUtils.java:logGet(46)) - raft.grpc.server.host = null (default)
2023-02-22 04:45:44,834 [Listener at 127.0.0.1/42505] INFO  grpc.GrpcConfigKeys (ConfUtils.java:logGet(46)) - raft.grpc.server.port = 36477 (custom)
2023-02-22 04:45:44,834 [Listener at 127.0.0.1/42505] INFO  server.GrpcService (ConfUtils.java:logGet(46)) - raft.grpc.message.size.max = 33554432 (custom)
2023-02-22 04:45:44,834 [Listener at 127.0.0.1/42505] INFO  server.RaftServerConfigKeys (ConfUtils.java:logGet(46)) - raft.server.log.appender.buffer.byte-limit = 33554432 (custom)
2023-02-22 04:45:44,834 [Listener at 127.0.0.1/42505] INFO  server.GrpcService (ConfUtils.java:logGet(46)) - raft.grpc.flow.control.window = 1MB (=1048576) (default)
2023-02-22 04:45:44,834 [Listener at 127.0.0.1/42505] INFO  server.RaftServerConfigKeys (ConfUtils.java:logGet(46)) - raft.server.rpc.request.timeout = 3000ms (default)
2023-02-22 04:45:44,834 [Listener at 127.0.0.1/42505] INFO  grpc.GrpcConfigKeys (ConfUtils.java:logGet(46)) - raft.grpc.server.heartbeat.channel = true (default)
2023-02-22 04:45:44,834 [Listener at 127.0.0.1/42505] INFO  grpc.GrpcConfigKeys (ConfUtils.java:logGet(46)) - raft.grpc.server.async.request.thread.pool.cached = true (default)
2023-02-22 04:45:44,834 [Listener at 127.0.0.1/42505] INFO  grpc.GrpcConfigKeys (ConfUtils.java:logGet(46)) - raft.grpc.server.async.request.thread.pool.size = 32 (default)
2023-02-22 04:45:44,835 [Listener at 127.0.0.1/42505] INFO  impl.DataStreamServerImpl (ConfUtils.java:logGet(46)) - raft.datastream.type = DISABLED (default)
2023-02-22 04:45:44,835 [Listener at 127.0.0.1/42505] INFO  server.RaftServerConfigKeys (ConfUtils.java:logGet(46)) - raft.server.threadpool.proxy.cached = true (default)
2023-02-22 04:45:44,836 [Listener at 127.0.0.1/42505] INFO  server.RaftServerConfigKeys (ConfUtils.java:logGet(46)) - raft.server.threadpool.proxy.size = 0 (default)
2023-02-22 04:45:44,836 [Listener at 127.0.0.1/42505] INFO  server.RaftServerConfigKeys (ConfUtils.java:logGet(46)) - raft.server.rpc.slowness.timeout = 2s (custom)
2023-02-22 04:45:44,836 [Listener at 127.0.0.1/42505] INFO  server.RaftServerConfigKeys (ConfUtils.java:logGet(46)) - raft.server.leaderelection.leader.step-down.wait-time = 10s (default)
2023-02-22 04:45:44,836 [Listener at 127.0.0.1/42505] INFO  server.RaftServerConfigKeys (ConfUtils.java:logGet(46)) - raft.server.storage.dir = [/home/runner/work/ozone/ozone/hadoop-ozone/integration-test/target/test-dir/MiniOzoneClusterImpl-d1b59b44-2044-4343-9d69-28cc870eb01e/omNode-3/ratis] (custom)
2023-02-22 04:45:44,836 [Listener at 127.0.0.1/42505] INFO  server.RaftServer (RaftServerProxy.java:addNew(96)) - omNode-3: addNew group-523986131536:[omNode-3|rpc:localhost:36477|priority:0|startupRole:FOLLOWER, omNode-1|rpc:localhost:37441|priority:0|startupRole:FOLLOWER, omNode-2|rpc:localhost:34179|priority:0|startupRole:FOLLOWER] returns group-523986131536:java.util.concurrent.CompletableFuture@211448be[Not completed]
2023-02-22 04:45:44,836 [Listener at 127.0.0.1/42505] INFO  om.OzoneManager (OzoneManager.java:initializeRatisServer(2080)) - OzoneManager Ratis server initialized at port 36477
2023-02-22 04:45:44,837 [Listener at 127.0.0.1/42505] INFO  om.OzoneManager (OzoneManager.java:getRpcServer(1128)) - Creating RPC Server
2023-02-22 04:45:44,837 [pool-792-thread-1] INFO  server.RaftServer$Division (RaftServerImpl.java:<init>(195)) - omNode-3: new RaftServerImpl for group-523986131536:[omNode-3|rpc:localhost:36477|priority:0|startupRole:FOLLOWER, omNode-1|rpc:localhost:37441|priority:0|startupRole:FOLLOWER, omNode-2|rpc:localhost:34179|priority:0|startupRole:FOLLOWER] with OzoneManagerStateMachine:uninitialized
2023-02-22 04:45:44,838 [pool-792-thread-1] INFO  server.RaftServerConfigKeys (ConfUtils.java:logGet(46)) - raft.server.rpc.timeout.min = 1s (custom)
2023-02-22 04:45:44,838 [pool-792-thread-1] INFO  server.RaftServerConfigKeys (ConfUtils.java:logGet(46)) - raft.server.rpc.timeout.max = 1200ms (custom)
2023-02-22 04:45:44,838 [pool-792-thread-1] INFO  server.RaftServerConfigKeys (ConfUtils.java:logGet(46)) - raft.server.rpc.sleep.time = 25ms (default)
2023-02-22 04:45:44,838 [pool-792-thread-1] INFO  server.RaftServerConfigKeys (ConfUtils.java:logGet(46)) - raft.server.rpc.slowness.timeout = 2s (custom)
2023-02-22 04:45:44,838 [pool-792-thread-1] INFO  server.RaftServerConfigKeys (ConfUtils.java:logGet(46)) - raft.server.leaderelection.leader.step-down.wait-time = 10s (default)
2023-02-22 04:45:44,838 [pool-792-thread-1] INFO  server.RaftServerConfigKeys (ConfUtils.java:logGet(46)) - raft.server.sleep.deviation.threshold = 300ms (default)
2023-02-22 04:45:44,838 [pool-792-thread-1] INFO  server.RaftServer$Division (ServerState.java:<init>(118)) - omNode-3@group-523986131536: ConfigurationManager, init=-1: peers:[omNode-3|rpc:localhost:36477|priority:0|startupRole:FOLLOWER, omNode-1|rpc:localhost:37441|priority:0|startupRole:FOLLOWER, omNode-2|rpc:localhost:34179|priority:0|startupRole:FOLLOWER]|listeners:[], old=null, confs=<EMPTY_MAP>
2023-02-22 04:45:44,838 [pool-792-thread-1] INFO  server.RaftServerConfigKeys (ConfUtils.java:logGet(46)) - raft.server.storage.dir = [/home/runner/work/ozone/ozone/hadoop-ozone/integration-test/target/test-dir/MiniOzoneClusterImpl-d1b59b44-2044-4343-9d69-28cc870eb01e/omNode-3/ratis] (custom)
2023-02-22 04:45:44,838 [pool-792-thread-1] INFO  server.RaftServerConfigKeys (ConfUtils.java:logGet(46)) - raft.server.log.corruption.policy = EXCEPTION (default)
2023-02-22 04:45:44,838 [pool-792-thread-1] INFO  server.RaftServerConfigKeys (ConfUtils.java:logGet(46)) - raft.server.storage.free-space.min = 0MB (=0) (default)
2023-02-22 04:45:44,838 [pool-792-thread-1] INFO  server.RaftServerConfigKeys (ConfUtils.java:logGet(46)) - raft.server.notification.no-leader.timeout = 2s (custom)
2023-02-22 04:45:44,838 [pool-792-thread-1] INFO  server.RaftServerConfigKeys (ConfUtils.java:logGet(46)) - raft.server.retrycache.expirytime = 300s (custom)
2023-02-22 04:45:44,838 [pool-792-thread-1] INFO  server.RaftServerConfigKeys (ConfUtils.java:logGet(46)) - raft.server.retrycache.statistics.expirytime = 100μs (default)
2023-02-22 04:45:44,839 [pool-792-thread-1] INFO  server.RaftServerConfigKeys (ConfUtils.java:logGet(46)) - raft.server.log.appender.install.snapshot.enabled = false (custom)
2023-02-22 04:45:44,839 [pool-792-thread-1] INFO  server.RaftServerConfigKeys (ConfUtils.java:logGet(46)) - raft.server.threadpool.server.cached = true (default)
2023-02-22 04:45:44,839 [pool-792-thread-1] INFO  server.RaftServerConfigKeys (ConfUtils.java:logGet(46)) - raft.server.threadpool.server.size = 0 (default)
2023-02-22 04:45:44,839 [pool-792-thread-1] INFO  server.RaftServerConfigKeys (ConfUtils.java:logGet(46)) - raft.server.threadpool.client.cached = true (default)
2023-02-22 04:45:44,839 [pool-792-thread-1] INFO  server.RaftServerConfigKeys (ConfUtils.java:logGet(46)) - raft.server.threadpool.client.size = 0 (default)
2023-02-22 04:45:45,079 [omNode-1@group-523986131536-FollowerState] INFO  impl.FollowerState (FollowerState.java:run(143)) - omNode-1@group-523986131536-FollowerState: change to CANDIDATE, lastRpcElapsedTime:1174528430ns, electionTimeout:1174ms
2023-02-22 04:45:45,079 [omNode-1@group-523986131536-FollowerState] INFO  impl.RoleInfo (RoleInfo.java:shutdownFollowerState(110)) - omNode-1: shutdown omNode-1@group-523986131536-FollowerState
2023-02-22 04:45:45,079 [omNode-1@group-523986131536-FollowerState] INFO  server.RaftServer$Division (RaftServerImpl.java:setRole(321)) - omNode-1@group-523986131536: changes role from  FOLLOWER to CANDIDATE at term 0 for changeToCandidate
2023-02-22 04:45:45,079 [omNode-1@group-523986131536-FollowerState] INFO  server.RaftServerConfigKeys (ConfUtils.java:logGet(46)) - raft.server.leaderelection.pre-vote = true (default)
2023-02-22 04:45:45,079 [omNode-1@group-523986131536-FollowerState] INFO  impl.RoleInfo (RoleInfo.java:updateAndGet(139)) - omNode-1: start omNode-1@group-523986131536-LeaderElection8
2023-02-22 04:45:45,094 [omNode-1@group-523986131536-LeaderElection8] INFO  impl.LeaderElection (LeaderElection.java:askForVotes(312)) - omNode-1@group-523986131536-LeaderElection8 PRE_VOTE round 0: submit vote requests at term 0 for -1: peers:[omNode-3|rpc:localhost:36477|priority:0|startupRole:FOLLOWER, omNode-1|rpc:localhost:37441|priority:0|startupRole:FOLLOWER, omNode-2|rpc:localhost:34179|priority:0|startupRole:FOLLOWER]|listeners:[], old=null
2023-02-22 04:45:45,094 [omNode-1@group-523986131536-LeaderElection8-1] INFO  server.GrpcServerProtocolClient (GrpcServerProtocolClient.java:<init>(63)) - Build channel for omNode-3
2023-02-22 04:45:45,100 [omNode-1@group-523986131536-LeaderElection8] INFO  server.RaftServerConfigKeys (ConfUtils.java:logFallback(53)) - raft.server.rpc.first-election.timeout.min = 1s (fallback to raft.server.rpc.timeout.min)
2023-02-22 04:45:45,100 [omNode-1@group-523986131536-LeaderElection8] INFO  server.RaftServerConfigKeys (ConfUtils.java:logFallback(53)) - raft.server.rpc.first-election.timeout.max = 1200ms (fallback to raft.server.rpc.timeout.max)
2023-02-22 04:45:45,108 [omNode-1@group-523986131536-LeaderElection8-2] INFO  server.GrpcServerProtocolClient (GrpcServerProtocolClient.java:<init>(63)) - Build channel for omNode-2
2023-02-22 04:45:45,114 [omNode-1@group-523986131536-LeaderElection8] INFO  impl.LeaderElection (LogUtils.java:infoOrTrace(137)) - omNode-1@group-523986131536-LeaderElection8 got exception when requesting votes: java.util.concurrent.ExecutionException: org.apache.ratis.thirdparty.io.grpc.StatusRuntimeException: UNAVAILABLE: io exception
2023-02-22 04:45:45,128 [grpc-default-executor-22] INFO  server.RaftServer$Division (RaftServerImpl.java:requestVote(1218)) - omNode-2@group-523986131536: receive requestVote(PRE_VOTE, omNode-1, group-523986131536, 0, (t:0, i:~))
2023-02-22 04:45:45,128 [grpc-default-executor-22] INFO  impl.VoteContext (VoteContext.java:log(49)) - omNode-2@group-523986131536-FOLLOWER: accept PRE_VOTE from omNode-1: our priority 0 <= candidate's priority 0
2023-02-22 04:45:45,128 [grpc-default-executor-22] INFO  server.RaftServer$Division (RaftServerImpl.java:requestVote(1251)) - omNode-2@group-523986131536 replies to PRE_VOTE vote request: omNode-1<-omNode-2#0:OK-t0. Peer's state: omNode-2@group-523986131536:t0, leader=null, voted=, raftlog=Memoized:omNode-2@group-523986131536-SegmentedRaftLog:OPENED:c-1, conf=-1: peers:[omNode-3|rpc:localhost:36477|priority:0|startupRole:FOLLOWER, omNode-1|rpc:localhost:37441|priority:0|startupRole:FOLLOWER, omNode-2|rpc:localhost:34179|priority:0|startupRole:FOLLOWER]|listeners:[], old=null
2023-02-22 04:45:45,129 [omNode-1@group-523986131536-LeaderElection8] INFO  impl.LeaderElection (LeaderElection.java:logAndReturn(90)) - omNode-1@group-523986131536-LeaderElection8: PRE_VOTE PASSED received 1 response(s) and 1 exception(s):
2023-02-22 04:45:45,129 [omNode-1@group-523986131536-LeaderElection8] INFO  impl.LeaderElection (LeaderElection.java:logAndReturn(94)) -   Response 0: omNode-1<-omNode-2#0:OK-t0
2023-02-22 04:45:45,129 [omNode-1@group-523986131536-LeaderElection8] INFO  impl.LeaderElection (LogUtils.java:infoOrTrace(137)) -   Exception 1: java.util.concurrent.ExecutionException: org.apache.ratis.thirdparty.io.grpc.StatusRuntimeException: UNAVAILABLE: io exception
2023-02-22 04:45:45,129 [omNode-1@group-523986131536-LeaderElection8] INFO  impl.LeaderElection (LeaderElection.java:askForVotes(314)) - omNode-1@group-523986131536-LeaderElection8 PRE_VOTE round 0: result PASSED
2023-02-22 04:45:45,130 [omNode-1@group-523986131536-LeaderElection8] INFO  impl.LeaderElection (LeaderElection.java:askForVotes(312)) - omNode-1@group-523986131536-LeaderElection8 ELECTION round 0: submit vote requests at term 1 for -1: peers:[omNode-3|rpc:localhost:36477|priority:0|startupRole:FOLLOWER, omNode-1|rpc:localhost:37441|priority:0|startupRole:FOLLOWER, omNode-2|rpc:localhost:34179|priority:0|startupRole:FOLLOWER]|listeners:[], old=null
2023-02-22 04:45:45,157 [omNode-1@group-523986131536-LeaderElection8] INFO  server.RaftServerConfigKeys (ConfUtils.java:logFallback(53)) - raft.server.rpc.first-election.timeout.min = 1s (fallback to raft.server.rpc.timeout.min)
2023-02-22 04:45:45,163 [omNode-1@group-523986131536-LeaderElection8] INFO  server.RaftServerConfigKeys (ConfUtils.java:logFallback(53)) - raft.server.rpc.first-election.timeout.max = 1200ms (fallback to raft.server.rpc.timeout.max)
2023-02-22 04:45:45,163 [omNode-1@group-523986131536-LeaderElection8] INFO  impl.LeaderElection (LogUtils.java:infoOrTrace(137)) - omNode-1@group-523986131536-LeaderElection8 got exception when requesting votes: java.util.concurrent.ExecutionException: org.apache.ratis.thirdparty.io.grpc.StatusRuntimeException: UNAVAILABLE: io exception
2023-02-22 04:45:45,167 [grpc-default-executor-22] INFO  server.RaftServer$Division (RaftServerImpl.java:requestVote(1218)) - omNode-2@group-523986131536: receive requestVote(ELECTION, omNode-1, group-523986131536, 1, (t:0, i:~))
2023-02-22 04:45:45,167 [grpc-default-executor-22] INFO  impl.VoteContext (VoteContext.java:log(49)) - omNode-2@group-523986131536-FOLLOWER: accept ELECTION from omNode-1: our priority 0 <= candidate's priority 0
2023-02-22 04:45:45,167 [grpc-default-executor-22] INFO  server.RaftServer$Division (RaftServerImpl.java:setRole(321)) - omNode-2@group-523986131536: changes role from  FOLLOWER to FOLLOWER at term 1 for candidate:omNode-1
2023-02-22 04:45:45,167 [grpc-default-executor-22] INFO  impl.RoleInfo (RoleInfo.java:shutdownFollowerState(110)) - omNode-2: shutdown omNode-2@group-523986131536-FollowerState
2023-02-22 04:45:45,167 [grpc-default-executor-22] INFO  impl.RoleInfo (RoleInfo.java:updateAndGet(139)) - omNode-2: start omNode-2@group-523986131536-FollowerState
2023-02-22 04:45:45,167 [omNode-2@group-523986131536-FollowerState] INFO  impl.FollowerState (FollowerState.java:run(152)) - omNode-2@group-523986131536-FollowerState was interrupted
2023-02-22 04:45:45,181 [grpc-default-executor-22] INFO  server.RaftServer$Division (RaftServerImpl.java:requestVote(1251)) - omNode-2@group-523986131536 replies to ELECTION vote request: omNode-1<-omNode-2#0:OK-t1. Peer's state: omNode-2@group-523986131536:t1, leader=null, voted=omNode-1, raftlog=Memoized:omNode-2@group-523986131536-SegmentedRaftLog:OPENED:c-1, conf=-1: peers:[omNode-3|rpc:localhost:36477|priority:0|startupRole:FOLLOWER, omNode-1|rpc:localhost:37441|priority:0|startupRole:FOLLOWER, omNode-2|rpc:localhost:34179|priority:0|startupRole:FOLLOWER]|listeners:[], old=null
2023-02-22 04:45:45,182 [omNode-1@group-523986131536-LeaderElection8] INFO  impl.LeaderElection (LeaderElection.java:logAndReturn(90)) - omNode-1@group-523986131536-LeaderElection8: ELECTION PASSED received 1 response(s) and 1 exception(s):
2023-02-22 04:45:45,183 [omNode-1@group-523986131536-LeaderElection8] INFO  impl.LeaderElection (LeaderElection.java:logAndReturn(94)) -   Response 0: omNode-1<-omNode-2#0:OK-t1
2023-02-22 04:45:45,183 [omNode-1@group-523986131536-LeaderElection8] INFO  impl.LeaderElection (LogUtils.java:infoOrTrace(137)) -   Exception 1: java.util.concurrent.ExecutionException: org.apache.ratis.thirdparty.io.grpc.StatusRuntimeException: UNAVAILABLE: io exception
2023-02-22 04:45:45,183 [omNode-1@group-523986131536-LeaderElection8] INFO  impl.LeaderElection (LeaderElection.java:askForVotes(314)) - omNode-1@group-523986131536-LeaderElection8 ELECTION round 0: result PASSED
2023-02-22 04:45:45,183 [omNode-1@group-523986131536-LeaderElection8] INFO  impl.RoleInfo (RoleInfo.java:shutdownLeaderElection(130)) - omNode-1: shutdown omNode-1@group-523986131536-LeaderElection8
2023-02-22 04:45:45,183 [omNode-1@group-523986131536-LeaderElection8] INFO  server.RaftServer$Division (RaftServerImpl.java:setRole(321)) - omNode-1@group-523986131536: changes role from CANDIDATE to LEADER at term 1 for changeToLeader
2023-02-22 04:45:45,183 [omNode-1@group-523986131536-LeaderElection8] INFO  server.RaftServer$Division (ServerState.java:setLeader(313)) - omNode-1@group-523986131536: change Leader from null to omNode-1 at term 1 for becomeLeader, leader elected after 1655ms
2023-02-22 04:45:45,183 [omNode-1@group-523986131536-LeaderElection8] INFO  server.RaftServerConfigKeys (ConfUtils.java:logGet(46)) - raft.server.staging.catchup.gap = 1000 (default)
2023-02-22 04:45:45,183 [omNode-1@group-523986131536-LeaderElection8] INFO  server.RaftServerConfigKeys (ConfUtils.java:logGet(46)) - raft.server.write.element-limit = 4096 (default)
2023-02-22 04:45:45,183 [omNode-1@group-523986131536-LeaderElection8] INFO  server.RaftServerConfigKeys (ConfUtils.java:logGet(46)) - raft.server.write.byte-limit = 64MB (=67108864) (default)
2023-02-22 04:45:45,183 [omNode-1@group-523986131536-LeaderElection8] INFO  server.RaftServerConfigKeys (ConfUtils.java:logGet(46)) - raft.server.watch.timeout = 10s (default)
2023-02-22 04:45:45,183 [omNode-1@group-523986131536-LeaderElection8] INFO  server.RaftServerConfigKeys (ConfUtils.java:logGet(46)) - raft.server.watch.timeout.denomination = 1s (default)
2023-02-22 04:45:45,183 [omNode-1@group-523986131536-LeaderElection8] INFO  server.RaftServerConfigKeys (ConfUtils.java:logGet(46)) - raft.server.watch.element-limit = 65536 (default)
2023-02-22 04:45:45,183 [omNode-1@group-523986131536-LeaderElection8] INFO  server.RaftServerConfigKeys (ConfUtils.java:logGet(46)) - raft.server.write.element-limit = 4096 (default)
2023-02-22 04:45:45,183 [omNode-1@group-523986131536-LeaderElection8] INFO  server.RaftServerConfigKeys (ConfUtils.java:logGet(46)) - raft.server.write.follower.gap.ratio.max = -1.0 (default)
2023-02-22 04:45:45,184 [omNode-1@group-523986131536-LeaderElection8] INFO  server.RaftServerConfigKeys (ConfUtils.java:logGet(46)) - raft.server.log.appender.snapshot.chunk.size.max = 16MB (=16777216) (default)
2023-02-22 04:45:45,184 [omNode-1@group-523986131536-LeaderElection8] INFO  server.RaftServerConfigKeys (ConfUtils.java:logGet(46)) - raft.server.log.appender.buffer.byte-limit = 33554432 (custom)
2023-02-22 04:45:45,184 [omNode-1@group-523986131536-LeaderElection8] INFO  server.RaftServerConfigKeys (ConfUtils.java:logGet(46)) - raft.server.log.appender.buffer.element-limit = 1024 (custom)
2023-02-22 04:45:45,184 [omNode-1@group-523986131536-LeaderElection8] INFO  grpc.GrpcConfigKeys (ConfUtils.java:logGet(46)) - raft.grpc.server.leader.outstanding.appends.max = 128 (default)
2023-02-22 04:45:45,184 [omNode-1@group-523986131536-LeaderElection8] INFO  server.RaftServerConfigKeys (ConfUtils.java:logGet(46)) - raft.server.rpc.request.timeout = 3000ms (default)
2023-02-22 04:45:45,184 [omNode-1@group-523986131536-LeaderElection8] INFO  server.RaftServerConfigKeys (ConfUtils.java:logGet(46)) - raft.server.log.appender.install.snapshot.enabled = false (custom)
2023-02-22 04:45:45,184 [omNode-1@group-523986131536-LeaderElection8] INFO  grpc.GrpcConfigKeys (ConfUtils.java:logGet(46)) - raft.grpc.server.heartbeat.channel = true (default)
2023-02-22 04:45:45,184 [omNode-1@group-523986131536-LeaderElection8] INFO  server.RaftServerConfigKeys (ConfUtils.java:logGet(46)) - raft.server.log.appender.wait-time.min = 10ms (default)
2023-02-22 04:45:45,184 [omNode-1@group-523986131536-LeaderElection8] INFO  server.RaftServerConfigKeys (ConfUtils.java:logGet(46)) - raft.server.log.appender.snapshot.chunk.size.max = 16MB (=16777216) (default)
2023-02-22 04:45:45,184 [omNode-1@group-523986131536-LeaderElection8] INFO  server.RaftServerConfigKeys (ConfUtils.java:logGet(46)) - raft.server.log.appender.buffer.byte-limit = 33554432 (custom)
2023-02-22 04:45:45,184 [omNode-1@group-523986131536-LeaderElection8] INFO  server.RaftServerConfigKeys (ConfUtils.java:logGet(46)) - raft.server.log.appender.buffer.element-limit = 1024 (custom)
2023-02-22 04:45:45,185 [omNode-1@group-523986131536-LeaderElection8] INFO  grpc.GrpcConfigKeys (ConfUtils.java:logGet(46)) - raft.grpc.server.leader.outstanding.appends.max = 128 (default)
2023-02-22 04:45:45,185 [omNode-1@group-523986131536-LeaderElection8] INFO  server.RaftServerConfigKeys (ConfUtils.java:logGet(46)) - raft.server.rpc.request.timeout = 3000ms (default)
2023-02-22 04:45:45,185 [omNode-1@group-523986131536-LeaderElection8] INFO  server.RaftServerConfigKeys (ConfUtils.java:logGet(46)) - raft.server.log.appender.install.snapshot.enabled = false (custom)
2023-02-22 04:45:45,185 [omNode-1@group-523986131536-LeaderElection8] INFO  grpc.GrpcConfigKeys (ConfUtils.java:logGet(46)) - raft.grpc.server.heartbeat.channel = true (default)
2023-02-22 04:45:45,185 [omNode-1@group-523986131536-LeaderElection8] INFO  server.RaftServerConfigKeys (ConfUtils.java:logGet(46)) - raft.server.log.appender.wait-time.min = 10ms (default)
2023-02-22 04:45:45,185 [omNode-1@group-523986131536-LeaderElection8] INFO  impl.RoleInfo (RoleInfo.java:updateAndGet(139)) - omNode-1: start omNode-1@group-523986131536-LeaderStateImpl
2023-02-22 04:45:45,185 [omNode-2@group-523986131536-FollowerState] INFO  server.RaftServerConfigKeys (ConfUtils.java:logFallback(53)) - raft.server.rpc.first-election.timeout.min = 1s (fallback to raft.server.rpc.timeout.min)
2023-02-22 04:45:45,187 [omNode-2@group-523986131536-FollowerState] INFO  server.RaftServerConfigKeys (ConfUtils.java:logFallback(53)) - raft.server.rpc.first-election.timeout.max = 1200ms (fallback to raft.server.rpc.timeout.max)
2023-02-22 04:45:45,189 [omNode-1@group-523986131536-LeaderElection8] INFO  segmented.SegmentedRaftLogWorker (SegmentedRaftLogWorker.java:startLogSegment(452)) - omNode-1@group-523986131536-SegmentedRaftLogWorker: Starting segment from index:0
2023-02-22 04:45:45,194 [grpc-default-executor-18] WARN  server.GrpcLogAppender (LogUtils.java:warn(122)) - omNode-1@group-523986131536->omNode-3-AppendLogResponseHandler: Failed appendEntries: org.apache.ratis.thirdparty.io.grpc.StatusRuntimeException: UNAVAILABLE: io exception
2023-02-22 04:45:45,202 [omNode-1@group-523986131536-LeaderElection8] INFO  server.RaftServer$Division (ServerState.java:setRaftConf(430)) - omNode-1@group-523986131536: set configuration 0: peers:[omNode-3|rpc:localhost:36477|admin:|client:|dataStream:|priority:0|startupRole:FOLLOWER, omNode-1|rpc:localhost:37441|admin:|client:|dataStream:|priority:0|startupRole:FOLLOWER, omNode-2|rpc:localhost:34179|admin:|client:|dataStream:|priority:0|startupRole:FOLLOWER]|listeners:[], old=null
2023-02-22 04:45:45,208 [omNode-1@group-523986131536-SegmentedRaftLogWorker] INFO  segmented.SegmentedRaftLogWorker (SegmentedRaftLogWorker.java:execute(656)) - omNode-1@group-523986131536-SegmentedRaftLogWorker: created new log segment /home/runner/work/ozone/ozone/hadoop-ozone/integration-test/target/test-dir/MiniOzoneClusterImpl-d1b59b44-2044-4343-9d69-28cc870eb01e/omNode-1/ratis/c9bc4cf4-3bc3-3c60-a66b-523986131536/current/log_inprogress_0
2023-02-22 04:45:45,208 [grpc-default-executor-15] WARN  server.GrpcLogAppender (LogUtils.java:warn(122)) - omNode-1@group-523986131536->omNode-3-AppendLogResponseHandler: Failed appendEntries: org.apache.ratis.thirdparty.io.grpc.StatusRuntimeException: UNAVAILABLE: io exception
2023-02-22 04:45:45,210 [omNode-1@group-523986131536-StateMachineUpdater] INFO  ratis.OzoneManagerStateMachine (OzoneManagerStateMachine.java:notifyConfigurationChanged(192)) - Received Configuration change notification from Ratis. New Peer list:
[id: "omNode-3"
address: "localhost:36477"
startupRole: FOLLOWER
, id: "omNode-1"
address: "localhost:37441"
startupRole: FOLLOWER
, id: "omNode-2"
address: "localhost:34179"
startupRole: FOLLOWER
]
2023-02-22 04:45:45,214 [grpc-default-executor-18] WARN  server.GrpcLogAppender (GrpcLogAppender.java:resetClient(131)) - omNode-1@group-523986131536->omNode-3-GrpcLogAppender: Leader has not got in touch with Follower omNode-1@group-523986131536->omNode-3(c-1,m0,n0, attendVote=true, lastRpcSendTime=6, lastRpcResponseTime=1230) yet, just keep nextIndex unchanged and retry.
2023-02-22 04:45:45,214 [grpc-default-executor-15] WARN  server.GrpcLogAppender (GrpcLogAppender.java:resetClient(131)) - omNode-1@group-523986131536->omNode-3-GrpcLogAppender: Leader has not got in touch with Follower omNode-1@group-523986131536->omNode-3(c-1,m0,n0, attendVote=true, lastRpcSendTime=7, lastRpcResponseTime=1230) yet, just keep nextIndex unchanged and retry.
2023-02-22 04:45:45,218 [grpc-default-executor-15] WARN  server.GrpcLogAppender (LogUtils.java:warn(122)) - omNode-1@group-523986131536->omNode-3-AppendLogResponseHandler: Failed appendEntries: org.apache.ratis.thirdparty.io.grpc.StatusRuntimeException: UNAVAILABLE: io exception
2023-02-22 04:45:45,218 [grpc-default-executor-18] WARN  server.GrpcLogAppender (LogUtils.java:warn(122)) - omNode-1@group-523986131536->omNode-3-AppendLogResponseHandler: Failed appendEntries: org.apache.ratis.thirdparty.io.grpc.StatusRuntimeException: UNAVAILABLE: io exception
2023-02-22 04:45:45,219 [grpc-default-executor-15] WARN  server.GrpcLogAppender (GrpcLogAppender.java:resetClient(131)) - omNode-1@group-523986131536->omNode-3-GrpcLogAppender: Leader has not got in touch with Follower omNode-1@group-523986131536->omNode-3(c-1,m0,n1, attendVote=true, lastRpcSendTime=12, lastRpcResponseTime=1235) yet, just keep nextIndex unchanged and retry.
2023-02-22 04:45:45,220 [grpc-default-executor-18] WARN  server.GrpcLogAppender (GrpcLogAppender.java:resetClient(131)) - omNode-1@group-523986131536->omNode-3-GrpcLogAppender: Leader has not got in touch with Follower omNode-1@group-523986131536->omNode-3(c-1,m0,n1, attendVote=true, lastRpcSendTime=12, lastRpcResponseTime=1236) yet, just keep nextIndex unchanged and retry.
2023-02-22 04:45:45,242 [omNode-2-server-thread1] INFO  server.RaftServer$Division (ServerState.java:setLeader(313)) - omNode-2@group-523986131536: change Leader from null to omNode-1 at term 1 for appendEntries, leader elected after 1009ms
2023-02-22 04:45:45,251 [omNode-2-server-thread2] INFO  server.RaftServer$Division (ServerState.java:setRaftConf(430)) - omNode-2@group-523986131536: set configuration 0: peers:[omNode-3|rpc:localhost:36477|admin:|client:|dataStream:|priority:0|startupRole:FOLLOWER, omNode-1|rpc:localhost:37441|admin:|client:|dataStream:|priority:0|startupRole:FOLLOWER, omNode-2|rpc:localhost:34179|admin:|client:|dataStream:|priority:0|startupRole:FOLLOWER]|listeners:[], old=null
2023-02-22 04:45:45,251 [omNode-2-server-thread2] INFO  segmented.SegmentedRaftLogWorker (SegmentedRaftLogWorker.java:startLogSegment(452)) - omNode-2@group-523986131536-SegmentedRaftLogWorker: Starting segment from index:0
2023-02-22 04:45:45,259 [omNode-2@group-523986131536-SegmentedRaftLogWorker] INFO  segmented.SegmentedRaftLogWorker (SegmentedRaftLogWorker.java:execute(656)) - omNode-2@group-523986131536-SegmentedRaftLogWorker: created new log segment /home/runner/work/ozone/ozone/hadoop-ozone/integration-test/target/test-dir/MiniOzoneClusterImpl-d1b59b44-2044-4343-9d69-28cc870eb01e/omNode-2/ratis/c9bc4cf4-3bc3-3c60-a66b-523986131536/current/log_inprogress_0
2023-02-22 04:45:45,261 [omNode-2@group-523986131536-StateMachineUpdater] INFO  ratis.OzoneManagerStateMachine (OzoneManagerStateMachine.java:notifyConfigurationChanged(192)) - Received Configuration change notification from Ratis. New Peer list:
[id: "omNode-3"
address: "localhost:36477"
startupRole: FOLLOWER
, id: "omNode-1"
address: "localhost:37441"
startupRole: FOLLOWER
, id: "omNode-2"
address: "localhost:34179"
startupRole: FOLLOWER
]
2023-02-22 04:45:45,457 [grpc-default-executor-18] WARN  server.GrpcLogAppender (LogUtils.java:warn(122)) - omNode-1@group-523986131536->omNode-3-AppendLogResponseHandler: Failed appendEntries: org.apache.ratis.thirdparty.io.grpc.StatusRuntimeException: UNAVAILABLE: io exception
2023-02-22 04:45:45,459 [grpc-default-executor-22] WARN  server.GrpcLogAppender (LogUtils.java:warn(122)) - omNode-1@group-523986131536->omNode-3-AppendLogResponseHandler: Failed appendEntries: org.apache.ratis.thirdparty.io.grpc.StatusRuntimeException: UNAVAILABLE: io exception
2023-02-22 04:45:45,460 [grpc-default-executor-18] WARN  server.GrpcLogAppender (GrpcLogAppender.java:resetClient(131)) - omNode-1@group-523986131536->omNode-3-GrpcLogAppender: Leader has not got in touch with Follower omNode-1@group-523986131536->omNode-3(c-1,m0,n1, attendVote=true, lastRpcSendTime=0, lastRpcResponseTime=1476) yet, just keep nextIndex unchanged and retry.
2023-02-22 04:45:45,463 [grpc-default-executor-22] WARN  server.GrpcLogAppender (GrpcLogAppender.java:resetClient(131)) - omNode-1@group-523986131536->omNode-3-GrpcLogAppender: Leader has not got in touch with Follower omNode-1@group-523986131536->omNode-3(c-1,m0,n1, attendVote=true, lastRpcSendTime=2, lastRpcResponseTime=1479) yet, just keep nextIndex unchanged and retry.
2023-02-22 04:45:45,466 [Listener at 127.0.0.1/42505] INFO  reflections.Reflections (Reflections.java:scan(232)) - Reflections took 629 ms to scan 19 urls, producing 69 keys and 4835 values [using 2 cores]
2023-02-22 04:45:45,468 [Listener at 127.0.0.1/42505] INFO  ipc.CallQueueManager (CallQueueManager.java:<init>(90)) - Using callQueue: class java.util.concurrent.LinkedBlockingQueue, queueCapacity: 2000, scheduler: class org.apache.hadoop.ipc.DefaultRpcScheduler, ipcBackoff: false.
2023-02-22 04:45:45,470 [Socket Reader #1 for port 44521] INFO  ipc.Server (Server.java:run(1273)) - Starting Socket Reader #1 for port 44521
2023-02-22 04:45:45,513 [Listener at 127.0.0.1/44521] INFO  impl.MetricsSystemImpl (MetricsSystemImpl.java:init(158)) - OzoneManager metrics system started (again)
2023-02-22 04:45:45,536 [Listener at 127.0.0.1/44521] INFO  om.OzoneManager (OzoneManager.java:start(1548)) - OzoneManager RPC server is listening at localhost/127.0.0.1:44521
2023-02-22 04:45:45,537 [Listener at 127.0.0.1/44521] INFO  ratis.OzoneManagerRatisServer (OzoneManagerRatisServer.java:start(559)) - Starting OzoneManagerRatisServer omNode-3 at port 36477
2023-02-22 04:45:45,537 [omNode-3-impl-thread1] INFO  storage.RaftStorageDirectory (RaftStorageDirectoryImpl.java:analyzeStorage(137)) - The storage directory /home/runner/work/ozone/ozone/hadoop-ozone/integration-test/target/test-dir/MiniOzoneClusterImpl-d1b59b44-2044-4343-9d69-28cc870eb01e/omNode-3/ratis/c9bc4cf4-3bc3-3c60-a66b-523986131536 does not exist. Creating ...
2023-02-22 04:45:45,538 [omNode-3-impl-thread1] INFO  storage.RaftStorageDirectory (RaftStorageDirectoryImpl.java:tryLock(231)) - Lock on /home/runner/work/ozone/ozone/hadoop-ozone/integration-test/target/test-dir/MiniOzoneClusterImpl-d1b59b44-2044-4343-9d69-28cc870eb01e/omNode-3/ratis/c9bc4cf4-3bc3-3c60-a66b-523986131536/in_use.lock acquired by nodename 93364@fv-az748-120
2023-02-22 04:45:45,539 [omNode-3-impl-thread1] INFO  storage.RaftStorage (RaftStorageImpl.java:format(96)) - Storage directory /home/runner/work/ozone/ozone/hadoop-ozone/integration-test/target/test-dir/MiniOzoneClusterImpl-d1b59b44-2044-4343-9d69-28cc870eb01e/omNode-3/ratis/c9bc4cf4-3bc3-3c60-a66b-523986131536 has been successfully formatted.
2023-02-22 04:45:45,539 [omNode-3-impl-thread1] INFO  server.RaftServerConfigKeys (ConfUtils.java:logGet(46)) - raft.server.log.use.memory = false (default)
2023-02-22 04:45:45,539 [omNode-3-impl-thread1] INFO  server.RaftServerConfigKeys (ConfUtils.java:logGet(46)) - raft.server.log.purge.gap = 1000000 (custom)
2023-02-22 04:45:45,539 [omNode-3-impl-thread1] INFO  server.RaftServerConfigKeys (ConfUtils.java:logGet(46)) - raft.server.log.appender.buffer.byte-limit = 33554432 (custom)
2023-02-22 04:45:45,539 [omNode-3-impl-thread1] INFO  server.RaftServerConfigKeys (ConfUtils.java:logGet(46)) - raft.server.log.statemachine.data.read.timeout = 1000ms (default)
2023-02-22 04:45:45,539 [omNode-3-impl-thread1] INFO  server.RaftServerConfigKeys (ConfUtils.java:logGet(46)) - raft.server.log.purge.preservation.log.num = 0 (default)
2023-02-22 04:45:45,540 [omNode-3-impl-thread1] INFO  server.RaftServerConfigKeys (ConfUtils.java:logGet(46)) - raft.server.log.segment.size.max = 4194304 (custom)
2023-02-22 04:45:45,540 [omNode-3-impl-thread1] INFO  server.RaftServerConfigKeys (ConfUtils.java:logGet(46)) - raft.server.log.segment.cache.num.max = 2 (custom)
2023-02-22 04:45:45,540 [omNode-3-impl-thread1] INFO  server.RaftServerConfigKeys (ConfUtils.java:logGet(46)) - raft.server.log.segment.cache.size.max = 200MB (=209715200) (default)
2023-02-22 04:45:45,540 [omNode-3-impl-thread1] INFO  segmented.SegmentedRaftLogWorker (SegmentedRaftLogWorker.java:<init>(189)) - new omNode-3@group-523986131536-SegmentedRaftLogWorker for RaftStorageImpl:Storage Directory /home/runner/work/ozone/ozone/hadoop-ozone/integration-test/target/test-dir/MiniOzoneClusterImpl-d1b59b44-2044-4343-9d69-28cc870eb01e/omNode-3/ratis/c9bc4cf4-3bc3-3c60-a66b-523986131536
2023-02-22 04:45:45,540 [omNode-3-impl-thread1] INFO  server.RaftServerConfigKeys (ConfUtils.java:logGet(46)) - raft.server.log.queue.byte-limit = 64MB (=67108864) (default)
2023-02-22 04:45:45,540 [omNode-3-impl-thread1] INFO  server.RaftServerConfigKeys (ConfUtils.java:logGet(46)) - raft.server.log.queue.element-limit = 4096 (default)
2023-02-22 04:45:45,540 [omNode-3-impl-thread1] INFO  server.RaftServerConfigKeys (ConfUtils.java:logGet(46)) - raft.server.log.segment.size.max = 4194304 (custom)
2023-02-22 04:45:45,540 [omNode-3-impl-thread1] INFO  server.RaftServerConfigKeys (ConfUtils.java:logGet(46)) - raft.server.log.preallocated.size = 4194304 (custom)
2023-02-22 04:45:45,540 [omNode-3-impl-thread1] INFO  server.RaftServerConfigKeys (ConfUtils.java:logGet(46)) - raft.server.log.force.sync.num = 128 (default)
2023-02-22 04:45:45,540 [omNode-3-impl-thread1] INFO  server.RaftServerConfigKeys (ConfUtils.java:logGet(46)) - raft.server.log.statemachine.data.sync = true (default)
2023-02-22 04:45:45,540 [omNode-3-impl-thread1] INFO  server.RaftServerConfigKeys (ConfUtils.java:logGet(46)) - raft.server.log.statemachine.data.sync.timeout = 10s (default)
2023-02-22 04:45:45,540 [omNode-3-impl-thread1] INFO  server.RaftServerConfigKeys (ConfUtils.java:logGet(46)) - raft.server.log.statemachine.data.sync.timeout.retry = -1 (default)
2023-02-22 04:45:45,540 [omNode-3-impl-thread1] INFO  server.RaftServerConfigKeys (ConfUtils.java:logGet(46)) - raft.server.log.write.buffer.size = 64KB (=65536) (default)
2023-02-22 04:45:45,540 [omNode-3-impl-thread1] INFO  server.RaftServerConfigKeys (ConfUtils.java:logGet(46)) - raft.server.log.appender.buffer.byte-limit = 33554432 (custom)
2023-02-22 04:45:45,544 [omNode-3-impl-thread1] INFO  server.RaftServerConfigKeys (ConfUtils.java:logGet(46)) - raft.server.log.unsafe-flush.enabled = false (default)
2023-02-22 04:45:45,544 [omNode-3-impl-thread1] INFO  server.RaftServerConfigKeys (ConfUtils.java:logGet(46)) - raft.server.log.async-flush.enabled = false (default)
2023-02-22 04:45:45,544 [omNode-3-impl-thread1] INFO  server.RaftServerConfigKeys (ConfUtils.java:logGet(46)) - raft.server.log.statemachine.data.caching.enabled = false (default)
2023-02-22 04:45:45,545 [omNode-3-impl-thread1] INFO  segmented.SegmentedRaftLogWorker (SegmentedRaftLogWorker.java:lambda$new$0(135)) - omNode-3@group-523986131536-SegmentedRaftLogWorker: flushIndex: setUnconditionally 0 -> -1
2023-02-22 04:45:45,545 [omNode-3-impl-thread1] INFO  segmented.SegmentedRaftLogWorker (SegmentedRaftLogWorker.java:lambda$new$0(135)) - omNode-3@group-523986131536-SegmentedRaftLogWorker: safeCacheEvictIndex: setUnconditionally 0 -> -1
2023-02-22 04:45:45,545 [omNode-3-impl-thread1] INFO  server.RaftServer$Division (RaftServerImpl.java:start(334)) - omNode-3@group-523986131536: start as a follower, conf=-1: peers:[omNode-3|rpc:localhost:36477|priority:0|startupRole:FOLLOWER, omNode-1|rpc:localhost:37441|priority:0|startupRole:FOLLOWER, omNode-2|rpc:localhost:34179|priority:0|startupRole:FOLLOWER]|listeners:[], old=null
2023-02-22 04:45:45,545 [omNode-3-impl-thread1] INFO  server.RaftServer$Division (RaftServerImpl.java:setRole(321)) - omNode-3@group-523986131536: changes role from      null to FOLLOWER at term 0 for startAsFollower
2023-02-22 04:45:45,545 [omNode-3-impl-thread1] INFO  impl.RoleInfo (RoleInfo.java:updateAndGet(139)) - omNode-3: start omNode-3@group-523986131536-FollowerState
2023-02-22 04:45:45,545 [omNode-3-impl-thread1] INFO  util.JmxRegister (JmxRegister.java:tryRegister(44)) - Successfully registered JMX Bean with object name Ratis:service=RaftServer,group=group-523986131536,id=omNode-3
2023-02-22 04:45:45,545 [omNode-3-impl-thread1] INFO  server.RaftServerConfigKeys (ConfUtils.java:logGet(46)) - raft.server.snapshot.auto.trigger.enabled = true (custom)
2023-02-22 04:45:45,545 [omNode-3-impl-thread1] INFO  server.RaftServerConfigKeys (ConfUtils.java:logGet(46)) - raft.server.snapshot.auto.trigger.threshold = 400000 (default)
2023-02-22 04:45:45,545 [omNode-3-impl-thread1] INFO  server.RaftServerConfigKeys (ConfUtils.java:logGet(46)) - raft.server.snapshot.retention.file.num = -1 (default)
2023-02-22 04:45:45,545 [omNode-3-impl-thread1] INFO  server.RaftServerConfigKeys (ConfUtils.java:logGet(46)) - raft.server.log.purge.upto.snapshot.index = true (custom)
2023-02-22 04:45:45,546 [omNode-3@group-523986131536-FollowerState] INFO  server.RaftServerConfigKeys (ConfUtils.java:logFallback(53)) - raft.server.rpc.first-election.timeout.min = 1s (fallback to raft.server.rpc.timeout.min)
2023-02-22 04:45:45,546 [omNode-3@group-523986131536-FollowerState] INFO  server.RaftServerConfigKeys (ConfUtils.java:logFallback(53)) - raft.server.rpc.first-election.timeout.max = 1200ms (fallback to raft.server.rpc.timeout.max)
2023-02-22 04:45:45,546 [Listener at 127.0.0.1/44521] INFO  server.RaftServer (RaftServerProxy.java:startImpl(393)) - omNode-3: start RPC server
2023-02-22 04:45:45,548 [Listener at 127.0.0.1/44521] INFO  server.GrpcService (GrpcService.java:startImpl(262)) - omNode-3: GrpcService started, listening on 36477
2023-02-22 04:45:45,549 [Listener at 127.0.0.1/44521] INFO  om.OzoneManager (OzoneManager.java:start(1564)) - Version File has different layout version (3) than OM DB (null). That is expected if this OM has never been finalized to a newer layout version.
2023-02-22 04:45:45,549 [JvmPauseMonitor8] INFO  util.JvmPauseMonitor (JvmPauseMonitor.java:run(105)) - JvmPauseMonitor-omNode-3: Started
2023-02-22 04:45:45,566 [Listener at 127.0.0.1/44521] INFO  http.BaseHttpServer (BaseHttpServer.java:newHttpServer2BuilderForOzone(213)) - Starting Web-server for ozoneManager at: http://0.0.0.0:33017
2023-02-22 04:45:45,566 [Listener at 127.0.0.1/44521] INFO  http.BaseHttpServer (BaseHttpServer.java:<init>(108)) - Hadoop Security Enabled: false Ozone Security Enabled: false Ozone HTTP Security Enabled: false 
2023-02-22 04:45:45,567 [Listener at 127.0.0.1/44521] WARN  server.AuthenticationFilter (AuthenticationFilter.java:constructSecretProvider(240)) - Unable to initialize FileSignerSecretProvider, falling back to use random secrets. Reason: Could not read signature secret file: /home/runner/hadoop-http-auth-signature-secret
2023-02-22 04:45:45,573 [Listener at 127.0.0.1/44521] WARN  http.HttpRequestLog (HttpRequestLog.java:getRequestLog(103)) - Jetty request log can only be enabled using Log4j
2023-02-22 04:45:45,575 [Listener at 127.0.0.1/44521] INFO  http.HttpServer2 (HttpServer2.java:addGlobalFilter(1031)) - Added global filter 'safety' (class=org.apache.hadoop.hdds.server.http.HttpServer2$QuotingInputFilter)
2023-02-22 04:45:45,575 [Listener at 127.0.0.1/44521] INFO  http.HttpServer2 (HttpServer2.java:addFilter(1007)) - Added filter static_user_filter (class=org.apache.hadoop.http.lib.StaticUserWebFilter$StaticUserFilter) to context ozoneManager
2023-02-22 04:45:45,575 [Listener at 127.0.0.1/44521] INFO  http.HttpServer2 (HttpServer2.java:addFilter(1015)) - Added filter static_user_filter (class=org.apache.hadoop.http.lib.StaticUserWebFilter$StaticUserFilter) to context logs
2023-02-22 04:45:45,575 [Listener at 127.0.0.1/44521] INFO  http.HttpServer2 (HttpServer2.java:addFilter(1015)) - Added filter static_user_filter (class=org.apache.hadoop.http.lib.StaticUserWebFilter$StaticUserFilter) to context static
2023-02-22 04:45:45,576 [Listener at 127.0.0.1/44521] INFO  http.HttpServer2 (HttpServer2.java:bindListener(1250)) - Jetty bound to port 33017
2023-02-22 04:45:45,576 [Listener at 127.0.0.1/44521] INFO  server.Server (Server.java:doStart(375)) - jetty-9.4.49.v20220914; built: 2022-09-14T01:07:36.601Z; git: 4231a3b2e4cb8548a412a789936d640a97b1aa0a; jvm 1.8.0_362-b09
2023-02-22 04:45:45,615 [Listener at 127.0.0.1/44521] INFO  server.session (DefaultSessionIdManager.java:doStart(334)) - DefaultSessionIdManager workerName=node0
2023-02-22 04:45:45,615 [Listener at 127.0.0.1/44521] INFO  server.session (DefaultSessionIdManager.java:doStart(339)) - No SessionScavenger set, using defaults
2023-02-22 04:45:45,616 [Listener at 127.0.0.1/44521] INFO  server.session (HouseKeeper.java:startScavenging(132)) - node0 Scavenging every 660000ms
2023-02-22 04:45:45,620 [Listener at 127.0.0.1/44521] INFO  handler.ContextHandler (ContextHandler.java:doStart(921)) - Started o.e.j.s.ServletContextHandler@267e52da{logs,/logs,file:///home/runner/work/ozone/ozone/hadoop-ozone/integration-test/target/log,AVAILABLE}
2023-02-22 04:45:45,620 [Listener at 127.0.0.1/44521] INFO  handler.ContextHandler (ContextHandler.java:doStart(921)) - Started o.e.j.s.ServletContextHandler@15904558{static,/static,file:///home/runner/work/ozone/ozone/hadoop-ozone/integration-test/target/test-classes/webapps/static,AVAILABLE}
2023-02-22 04:45:45,623 [Listener at 127.0.0.1/44521] INFO  handler.ContextHandler (ContextHandler.java:doStart(921)) - Started o.e.j.w.WebAppContext@66f2f19e{ozoneManager,/,file:///home/runner/work/ozone/ozone/hadoop-ozone/integration-test/target/test-classes/webapps/ozoneManager/,AVAILABLE}{file:/home/runner/work/ozone/ozone/hadoop-ozone/integration-test/target/test-classes/webapps/ozoneManager}
2023-02-22 04:45:45,626 [Listener at 127.0.0.1/44521] INFO  server.AbstractConnector (AbstractConnector.java:doStart(333)) - Started ServerConnector@5231c36c{HTTP/1.1, (http/1.1)}{0.0.0.0:33017}
2023-02-22 04:45:45,626 [Listener at 127.0.0.1/44521] INFO  server.Server (Server.java:doStart(415)) - Started @64066ms
2023-02-22 04:45:45,626 [Listener at 127.0.0.1/44521] WARN  impl.MetricsSystemImpl (MetricsSystemImpl.java:register(279)) - Sink prometheus already exists!
2023-02-22 04:45:45,627 [Listener at 127.0.0.1/44521] INFO  http.BaseHttpServer (BaseHttpServer.java:updateConnectorAddress(333)) - HTTP server of ozoneManager listening at http://0.0.0.0:33017
2023-02-22 04:45:45,627 [IPC Server Responder] INFO  ipc.Server (Server.java:run(1512)) - IPC Server Responder: starting
2023-02-22 04:45:45,627 [IPC Server listener on 44521] INFO  ipc.Server (Server.java:run(1352)) - IPC Server listener on 44521: starting
2023-02-22 04:45:45,629 [Listener at 127.0.0.1/44521] INFO  om.OzoneManager (OzoneManager.java:startTrashEmptier(2024)) - Trash Interval set to 0. Files deleted won't move to trash
2023-02-22 04:45:45,637 [Listener at 127.0.0.1/44521] INFO  ozone.MiniOzoneHAClusterImpl (MiniOzoneHAClusterImpl.java:createOMService(527)) - Started OzoneManager omNode-3 RPC server at localhost/127.0.0.1:44521
2023-02-22 04:45:45,642 [EndpointStateMachine task thread for /0.0.0.0:33645 - 0 ] INFO  ipc.Client (Client.java:handleConnectionFailure(1010)) - Retrying connect to server: 0.0.0.0/0.0.0.0:33645. Already tried 6 time(s); retry policy is RetryUpToMaximumCountWithFixedSleep(maxRetries=15, sleepTime=1000 MILLISECONDS)
2023-02-22 04:45:45,646 [org.apache.hadoop.util.JvmPauseMonitor$Monitor@6d7ac72d] INFO  util.JvmPauseMonitor (JvmPauseMonitor.java:run(188)) - Starting JVM pause monitor
2023-02-22 04:45:45,657 [Listener at 127.0.0.1/44521] WARN  impl.MetricRegistriesImpl (MetricRegistriesImpl.java:addReporterRegistration(111)) - New reporters are added after registries were created. Some metrics will be missing from the reporter. Please add reporter before adding any new registry.
2023-02-22 04:45:45,657 [Listener at 127.0.0.1/44521] WARN  impl.MetricRegistriesImpl (MetricRegistriesImpl.java:addReporterRegistration(111)) - New reporters are added after registries were created. Some metrics will be missing from the reporter. Please add reporter before adding any new registry.
2023-02-22 04:45:45,661 [Listener at 127.0.0.1/44521] INFO  impl.MetricsSystemImpl (MetricsSystemImpl.java:init(158)) - HddsDatanode metrics system started (again)
2023-02-22 04:45:45,686 [Listener at 127.0.0.1/44521] INFO  ozone.HddsDatanodeService (HddsDatanodeService.java:start(228)) - HddsDatanodeService host:fv-az748-120.4k5rsvd4cmqu5oxra434zmszlb.cx.internal.cloudapp.net ip:10.1.78.0
2023-02-22 04:45:45,711 [grpc-default-executor-22] WARN  server.GrpcLogAppender (LogUtils.java:warn(122)) - omNode-1@group-523986131536->omNode-3-AppendLogResponseHandler: Failed appendEntries: org.apache.ratis.thirdparty.io.grpc.StatusRuntimeException: UNAVAILABLE: io exception
2023-02-22 04:45:45,712 [Listener at 127.0.0.1/44521] INFO  upgrade.AbstractLayoutVersionManager (AbstractLayoutVersionManager.java:init(83)) - Initializing Layout version manager with metadata layout = DATANODE_SCHEMA_V3 (version = 4), software layout = DATANODE_SCHEMA_V3 (version = 4)
2023-02-22 04:45:45,721 [grpc-default-executor-18] WARN  server.GrpcLogAppender (LogUtils.java:warn(122)) - omNode-1@group-523986131536->omNode-3-AppendLogResponseHandler: Failed appendEntries: org.apache.ratis.thirdparty.io.grpc.StatusRuntimeException: UNAVAILABLE: io exception
2023-02-22 04:45:45,723 [grpc-default-executor-22] WARN  server.GrpcLogAppender (GrpcLogAppender.java:resetClient(131)) - omNode-1@group-523986131536->omNode-3-GrpcLogAppender: Leader has not got in touch with Follower omNode-1@group-523986131536->omNode-3(c-1,m0,n1, attendVote=true, lastRpcSendTime=1, lastRpcResponseTime=1739) yet, just keep nextIndex unchanged and retry.
2023-02-22 04:45:45,723 [grpc-default-executor-18] WARN  server.GrpcLogAppender (GrpcLogAppender.java:resetClient(131)) - omNode-1@group-523986131536->omNode-3-GrpcLogAppender: Leader has not got in touch with Follower omNode-1@group-523986131536->omNode-3(c-1,m0,n1, attendVote=true, lastRpcSendTime=2, lastRpcResponseTime=1739) yet, just keep nextIndex unchanged and retry.
2023-02-22 04:45:45,784 [Listener at 127.0.0.1/44521] INFO  reflections.Reflections (Reflections.java:scan(232)) - Reflections took 71 ms to scan 7 urls, producing 150 keys and 362 values 
2023-02-22 04:45:45,786 [Listener at 127.0.0.1/44521] INFO  statemachine.DatanodeStateMachine (DatanodeStateMachine.java:getEndPointTaskThreadPoolSize(260)) - Datanode State Machine Task Thread Pool size 2
2023-02-22 04:45:45,788 [Listener at 127.0.0.1/44521] INFO  volume.HddsVolume (HddsVolume.java:<init>(122)) - Creating HddsVolume: /home/runner/work/ozone/ozone/hadoop-ozone/integration-test/target/test-dir/MiniOzoneClusterImpl-d1b59b44-2044-4343-9d69-28cc870eb01e/datanode-0/data-0/containers/hdds of storage type : DISK capacity : 9223372036854775807
2023-02-22 04:45:45,788 [Listener at 127.0.0.1/44521] INFO  volume.MutableVolumeSet (MutableVolumeSet.java:initializeVolumeSet(174)) - Added Volume : /home/runner/work/ozone/ozone/hadoop-ozone/integration-test/target/test-dir/MiniOzoneClusterImpl-d1b59b44-2044-4343-9d69-28cc870eb01e/datanode-0/data-0/containers/hdds to VolumeSet
2023-02-22 04:45:45,788 [Listener at 127.0.0.1/44521] INFO  volume.ThrottledAsyncChecker (ThrottledAsyncChecker.java:schedule(141)) - Scheduling a check for /home/runner/work/ozone/ozone/hadoop-ozone/integration-test/target/test-dir/MiniOzoneClusterImpl-d1b59b44-2044-4343-9d69-28cc870eb01e/datanode-0/data-0/containers/hdds
2023-02-22 04:45:45,790 [Listener at 127.0.0.1/44521] INFO  volume.StorageVolumeChecker (StorageVolumeChecker.java:checkAllVolumes(202)) - Scheduled health check for volume /home/runner/work/ozone/ozone/hadoop-ozone/integration-test/target/test-dir/MiniOzoneClusterImpl-d1b59b44-2044-4343-9d69-28cc870eb01e/datanode-0/data-0/containers/hdds
2023-02-22 04:45:45,806 [Listener at 127.0.0.1/44521] INFO  volume.MutableVolumeSet (MutableVolumeSet.java:initializeVolumeSet(174)) - Added Volume : /home/runner/work/ozone/ozone/hadoop-ozone/integration-test/target/test-dir/MiniOzoneClusterImpl-d1b59b44-2044-4343-9d69-28cc870eb01e/datanode-0/data/ratis to VolumeSet
2023-02-22 04:45:45,806 [Listener at 127.0.0.1/44521] INFO  volume.ThrottledAsyncChecker (ThrottledAsyncChecker.java:schedule(141)) - Scheduling a check for /home/runner/work/ozone/ozone/hadoop-ozone/integration-test/target/test-dir/MiniOzoneClusterImpl-d1b59b44-2044-4343-9d69-28cc870eb01e/datanode-0/data/ratis
2023-02-22 04:45:45,807 [Listener at 127.0.0.1/44521] INFO  volume.StorageVolumeChecker (StorageVolumeChecker.java:checkAllVolumes(202)) - Scheduled health check for volume /home/runner/work/ozone/ozone/hadoop-ozone/integration-test/target/test-dir/MiniOzoneClusterImpl-d1b59b44-2044-4343-9d69-28cc870eb01e/datanode-0/data/ratis
2023-02-22 04:45:45,818 [Thread-7305] INFO  ozoneimpl.ContainerReader (ContainerReader.java:readVolume(175)) - Finish verifying containers on volume /home/runner/work/ozone/ozone/hadoop-ozone/integration-test/target/test-dir/MiniOzoneClusterImpl-d1b59b44-2044-4343-9d69-28cc870eb01e/datanode-0/data-0/containers/hdds
2023-02-22 04:45:45,819 [Listener at 127.0.0.1/44521] INFO  ozoneimpl.OzoneContainer (OzoneContainer.java:buildContainerSet(304)) - Build ContainerSet costs 0s
2023-02-22 04:45:45,821 [Listener at 127.0.0.1/44521] INFO  server.RaftServer (ConfUtils.java:logGet(46)) - raft.rpc.type = GRPC (default)
2023-02-22 04:45:45,821 [Listener at 127.0.0.1/44521] INFO  grpc.GrpcConfigKeys (ConfUtils.java:logFallback(53)) - raft.grpc.admin.host = null (fallback to raft.grpc.server.host)
2023-02-22 04:45:45,821 [Listener at 127.0.0.1/44521] INFO  grpc.GrpcConfigKeys (ConfUtils.java:logGet(46)) - raft.grpc.admin.port = 0 (custom)
2023-02-22 04:45:45,821 [Listener at 127.0.0.1/44521] INFO  grpc.GrpcConfigKeys (ConfUtils.java:logFallback(53)) - raft.grpc.client.host = null (fallback to raft.grpc.server.host)
2023-02-22 04:45:45,822 [Listener at 127.0.0.1/44521] INFO  grpc.GrpcConfigKeys (ConfUtils.java:logGet(46)) - raft.grpc.client.port = 0 (custom)
2023-02-22 04:45:45,823 [Listener at 127.0.0.1/44521] INFO  grpc.GrpcConfigKeys (ConfUtils.java:logGet(46)) - raft.grpc.server.host = null (default)
2023-02-22 04:45:45,823 [Listener at 127.0.0.1/44521] INFO  grpc.GrpcConfigKeys (ConfUtils.java:logGet(46)) - raft.grpc.server.port = 0 (default)
2023-02-22 04:45:45,823 [Listener at 127.0.0.1/44521] INFO  server.GrpcService (ConfUtils.java:logGet(46)) - raft.grpc.message.size.max = 32MB (=33554432) (custom)
2023-02-22 04:45:45,823 [Listener at 127.0.0.1/44521] INFO  server.RaftServerConfigKeys (ConfUtils.java:logGet(46)) - raft.server.log.appender.buffer.byte-limit = 33554432 (custom)
2023-02-22 04:45:45,823 [Listener at 127.0.0.1/44521] INFO  server.GrpcService (ConfUtils.java:logGet(46)) - raft.grpc.flow.control.window = 5MB (=5242880) (custom)
2023-02-22 04:45:45,823 [Listener at 127.0.0.1/44521] INFO  server.RaftServerConfigKeys (ConfUtils.java:logGet(46)) - raft.server.rpc.request.timeout = 60s (custom)
2023-02-22 04:45:45,823 [Listener at 127.0.0.1/44521] INFO  grpc.GrpcConfigKeys (ConfUtils.java:logGet(46)) - raft.grpc.server.heartbeat.channel = true (default)
2023-02-22 04:45:45,823 [Listener at 127.0.0.1/44521] INFO  grpc.GrpcConfigKeys (ConfUtils.java:logGet(46)) - raft.grpc.server.async.request.thread.pool.cached = true (default)
2023-02-22 04:45:45,823 [Listener at 127.0.0.1/44521] INFO  grpc.GrpcConfigKeys (ConfUtils.java:logGet(46)) - raft.grpc.server.async.request.thread.pool.size = 32 (default)
2023-02-22 04:45:45,825 [Listener at 127.0.0.1/44521] INFO  impl.DataStreamServerImpl (ConfUtils.java:logGet(46)) - raft.datastream.type = NETTY (custom)
2023-02-22 04:45:45,825 [Listener at 127.0.0.1/44521] INFO  server.RaftServerConfigKeys (ConfUtils.java:logGet(46)) - raft.server.data-stream.async.request.thread.pool.cached = false (default)
2023-02-22 04:45:45,826 [Listener at 127.0.0.1/44521] INFO  server.RaftServerConfigKeys (ConfUtils.java:logGet(46)) - raft.server.data-stream.async.request.thread.pool.size = 20 (custom)
2023-02-22 04:45:45,828 [Listener at 127.0.0.1/44521] INFO  server.RaftServerConfigKeys (ConfUtils.java:logGet(46)) - raft.server.data-stream.async.write.thread.pool.size = 16 (default)
2023-02-22 04:45:45,828 [Listener at 127.0.0.1/44521] INFO  server.RaftServerConfigKeys (ConfUtils.java:logGet(46)) - raft.server.data-stream.client.pool.size = 10 (default)
2023-02-22 04:45:45,828 [Listener at 127.0.0.1/44521] INFO  netty.NettyConfigKeys$DataStream (ConfUtils.java:logGet(46)) - raft.netty.dataStream.server.use-epoll = false (default)
2023-02-22 04:45:45,828 [Listener at 127.0.0.1/44521] INFO  netty.NettyConfigKeys$DataStream (ConfUtils.java:logGet(46)) - raft.netty.dataStream.server.boss-group.size = 0 (default)
2023-02-22 04:45:45,828 [Listener at 127.0.0.1/44521] INFO  netty.NettyConfigKeys$DataStream (ConfUtils.java:logGet(46)) - raft.netty.dataStream.server.worker-group.size = 0 (default)
2023-02-22 04:45:45,828 [Listener at 127.0.0.1/44521] INFO  netty.NettyConfigKeys$DataStream (ConfUtils.java:logGet(46)) - raft.netty.dataStream.server.tls.conf = null (default)
2023-02-22 04:45:45,829 [Listener at 127.0.0.1/44521] INFO  netty.NettyConfigKeys$DataStream (ConfUtils.java:logGet(46)) - raft.netty.dataStream.host = null (default)
2023-02-22 04:45:45,829 [Listener at 127.0.0.1/44521] INFO  netty.NettyConfigKeys$DataStream (ConfUtils.java:logGet(46)) - raft.netty.dataStream.port = 0 (default)
2023-02-22 04:45:45,831 [Listener at 127.0.0.1/44521] INFO  server.RaftServerConfigKeys (ConfUtils.java:logGet(46)) - raft.server.threadpool.proxy.cached = true (default)
2023-02-22 04:45:45,831 [Listener at 127.0.0.1/44521] INFO  server.RaftServerConfigKeys (ConfUtils.java:logGet(46)) - raft.server.threadpool.proxy.size = 0 (default)
2023-02-22 04:45:45,831 [Listener at 127.0.0.1/44521] INFO  server.RaftServerConfigKeys (ConfUtils.java:logGet(46)) - raft.server.rpc.slowness.timeout = 300s (custom)
2023-02-22 04:45:45,831 [Listener at 127.0.0.1/44521] INFO  server.RaftServerConfigKeys (ConfUtils.java:logGet(46)) - raft.server.leaderelection.leader.step-down.wait-time = 10s (default)
2023-02-22 04:45:45,831 [Listener at 127.0.0.1/44521] INFO  server.RaftServerConfigKeys (ConfUtils.java:logGet(46)) - raft.server.storage.dir = [/home/runner/work/ozone/ozone/hadoop-ozone/integration-test/target/test-dir/MiniOzoneClusterImpl-d1b59b44-2044-4343-9d69-28cc870eb01e/datanode-0/data/ratis] (custom)
2023-02-22 04:45:45,833 [4c420ab8-2e43-407d-b88b-e5dbb58abbd6-NettyServerStreamRpc-bossGroup--thread1] INFO  logging.LoggingHandler (AbstractInternalLogger.java:log(148)) - [id: 0xbe5b606a] REGISTERED
2023-02-22 04:45:45,833 [4c420ab8-2e43-407d-b88b-e5dbb58abbd6-NettyServerStreamRpc-bossGroup--thread1] INFO  logging.LoggingHandler (AbstractInternalLogger.java:log(148)) - [id: 0xbe5b606a] BIND: 0.0.0.0/0.0.0.0:0
2023-02-22 04:45:45,834 [4c420ab8-2e43-407d-b88b-e5dbb58abbd6-NettyServerStreamRpc-bossGroup--thread1] INFO  logging.LoggingHandler (AbstractInternalLogger.java:log(148)) - [id: 0xbe5b606a, L:/0:0:0:0:0:0:0:0:35685] ACTIVE
2023-02-22 04:45:45,835 [Listener at 127.0.0.1/44521] INFO  server.XceiverServerGrpc (XceiverServerGrpc.java:<init>(132)) - GrpcServer channel type EpollServerSocketChannel
2023-02-22 04:45:45,842 [Listener at 127.0.0.1/44521] INFO  http.BaseHttpServer (BaseHttpServer.java:newHttpServer2BuilderForOzone(213)) - Starting Web-server for hddsDatanode at: http://0.0.0.0:0
2023-02-22 04:45:45,842 [Listener at 127.0.0.1/44521] INFO  http.BaseHttpServer (BaseHttpServer.java:<init>(108)) - Hadoop Security Enabled: false Ozone Security Enabled: false Ozone HTTP Security Enabled: false 
2023-02-22 04:45:45,843 [Listener at 127.0.0.1/44521] WARN  server.AuthenticationFilter (AuthenticationFilter.java:constructSecretProvider(240)) - Unable to initialize FileSignerSecretProvider, falling back to use random secrets. Reason: Could not read signature secret file: /home/runner/hadoop-http-auth-signature-secret
2023-02-22 04:45:45,847 [Listener at 127.0.0.1/44521] WARN  http.HttpRequestLog (HttpRequestLog.java:getRequestLog(103)) - Jetty request log can only be enabled using Log4j
2023-02-22 04:45:45,848 [Listener at 127.0.0.1/44521] INFO  http.HttpServer2 (HttpServer2.java:addGlobalFilter(1031)) - Added global filter 'safety' (class=org.apache.hadoop.hdds.server.http.HttpServer2$QuotingInputFilter)
2023-02-22 04:45:45,848 [Listener at 127.0.0.1/44521] INFO  http.HttpServer2 (HttpServer2.java:addFilter(1007)) - Added filter static_user_filter (class=org.apache.hadoop.http.lib.StaticUserWebFilter$StaticUserFilter) to context hddsDatanode
2023-02-22 04:45:45,848 [Listener at 127.0.0.1/44521] INFO  http.HttpServer2 (HttpServer2.java:addFilter(1015)) - Added filter static_user_filter (class=org.apache.hadoop.http.lib.StaticUserWebFilter$StaticUserFilter) to context logs
2023-02-22 04:45:45,849 [Listener at 127.0.0.1/44521] INFO  http.HttpServer2 (HttpServer2.java:addFilter(1015)) - Added filter static_user_filter (class=org.apache.hadoop.http.lib.StaticUserWebFilter$StaticUserFilter) to context static
2023-02-22 04:45:45,849 [Listener at 127.0.0.1/44521] INFO  http.HttpServer2 (HttpServer2.java:bindListener(1250)) - Jetty bound to port 43641
2023-02-22 04:45:45,849 [Listener at 127.0.0.1/44521] INFO  server.Server (Server.java:doStart(375)) - jetty-9.4.49.v20220914; built: 2022-09-14T01:07:36.601Z; git: 4231a3b2e4cb8548a412a789936d640a97b1aa0a; jvm 1.8.0_362-b09
2023-02-22 04:45:45,888 [Listener at 127.0.0.1/44521] INFO  server.session (DefaultSessionIdManager.java:doStart(334)) - DefaultSessionIdManager workerName=node0
2023-02-22 04:45:45,889 [Listener at 127.0.0.1/44521] INFO  server.session (DefaultSessionIdManager.java:doStart(339)) - No SessionScavenger set, using defaults
2023-02-22 04:45:45,889 [Listener at 127.0.0.1/44521] INFO  server.session (HouseKeeper.java:startScavenging(132)) - node0 Scavenging every 600000ms
2023-02-22 04:45:45,894 [Listener at 127.0.0.1/44521] INFO  handler.ContextHandler (ContextHandler.java:doStart(921)) - Started o.e.j.s.ServletContextHandler@50405586{logs,/logs,file:///home/runner/work/ozone/ozone/hadoop-ozone/integration-test/target/log,AVAILABLE}
2023-02-22 04:45:45,894 [Listener at 127.0.0.1/44521] INFO  handler.ContextHandler (ContextHandler.java:doStart(921)) - Started o.e.j.s.ServletContextHandler@20b9dc53{static,/static,jar:file:/home/runner/.m2/repository/org/apache/ozone/hdds-container-service/1.4.0-SNAPSHOT/hdds-container-service-1.4.0-SNAPSHOT.jar!/webapps/static,AVAILABLE}
2023-02-22 04:45:45,992 [omNode-3-server-thread1] INFO  server.RaftServer$Division (ServerState.java:setLeader(313)) - omNode-3@group-523986131536: change Leader from null to omNode-1 at term 1 for appendEntries, leader elected after 1153ms
2023-02-22 04:45:45,992 [omNode-3-server-thread1] INFO  server.RaftServer$Division (RaftServerImpl.java:checkInconsistentAppendEntries(1508)) - omNode-3@group-523986131536: Failed appendEntries as previous log entry ((t:1, i:0)) is not found
2023-02-22 04:45:45,992 [omNode-3-server-thread1] INFO  server.RaftServer$Division (RaftServerImpl.java:checkInconsistentAppendEntries(1478)) - omNode-3@group-523986131536: inconsistency entries. Reply:omNode-1<-omNode-3#597373:FAIL-t0,INCONSISTENCY,nextIndex=0,followerCommit=-1,matchIndex=-1
2023-02-22 04:45:45,993 [grpc-default-executor-15] INFO  leader.FollowerInfo (FollowerInfoImpl.java:lambda$new$0(48)) - omNode-1@group-523986131536->omNode-3: nextIndex: updateUnconditionally 1 -> 0
2023-02-22 04:45:45,995 [omNode-3-server-thread1] INFO  server.RaftServer$Division (ServerState.java:setRaftConf(430)) - omNode-3@group-523986131536: set configuration 0: peers:[omNode-3|rpc:localhost:36477|admin:|client:|dataStream:|priority:0|startupRole:FOLLOWER, omNode-1|rpc:localhost:37441|admin:|client:|dataStream:|priority:0|startupRole:FOLLOWER, omNode-2|rpc:localhost:34179|admin:|client:|dataStream:|priority:0|startupRole:FOLLOWER]|listeners:[], old=null
2023-02-22 04:45:45,995 [omNode-3-server-thread1] INFO  segmented.SegmentedRaftLogWorker (SegmentedRaftLogWorker.java:startLogSegment(452)) - omNode-3@group-523986131536-SegmentedRaftLogWorker: Starting segment from index:0
2023-02-22 04:45:46,004 [omNode-3@group-523986131536-SegmentedRaftLogWorker] INFO  segmented.SegmentedRaftLogWorker (SegmentedRaftLogWorker.java:execute(656)) - omNode-3@group-523986131536-SegmentedRaftLogWorker: created new log segment /home/runner/work/ozone/ozone/hadoop-ozone/integration-test/target/test-dir/MiniOzoneClusterImpl-d1b59b44-2044-4343-9d69-28cc870eb01e/omNode-3/ratis/c9bc4cf4-3bc3-3c60-a66b-523986131536/current/log_inprogress_0
2023-02-22 04:45:46,006 [omNode-3@group-523986131536-StateMachineUpdater] INFO  ratis.OzoneManagerStateMachine (OzoneManagerStateMachine.java:notifyConfigurationChanged(192)) - Received Configuration change notification from Ratis. New Peer list:
[id: "omNode-3"
address: "localhost:36477"
startupRole: FOLLOWER
, id: "omNode-1"
address: "localhost:37441"
startupRole: FOLLOWER
, id: "omNode-2"
address: "localhost:34179"
startupRole: FOLLOWER
]
2023-02-22 04:45:46,164 [Listener at 127.0.0.1/44521] INFO  handler.ContextHandler (ContextHandler.java:doStart(921)) - Started o.e.j.w.WebAppContext@10397fc5{hddsDatanode,/,file:///tmp/jetty-0_0_0_0-43641-hdds-container-service-1_4_0-SNAPSHOT_jar-_-any-7416384546706998310/webapp/,AVAILABLE}{jar:file:/home/runner/.m2/repository/org/apache/ozone/hdds-container-service/1.4.0-SNAPSHOT/hdds-container-service-1.4.0-SNAPSHOT.jar!/webapps/hddsDatanode}
2023-02-22 04:45:46,166 [Listener at 127.0.0.1/44521] INFO  server.AbstractConnector (AbstractConnector.java:doStart(333)) - Started ServerConnector@1b6ebd7b{HTTP/1.1, (http/1.1)}{0.0.0.0:43641}
2023-02-22 04:45:46,166 [Listener at 127.0.0.1/44521] INFO  server.Server (Server.java:doStart(415)) - Started @64606ms
2023-02-22 04:45:46,166 [Listener at 127.0.0.1/44521] WARN  impl.MetricsSystemImpl (MetricsSystemImpl.java:register(279)) - Sink prometheus already exists!
2023-02-22 04:45:46,167 [Listener at 127.0.0.1/44521] INFO  http.BaseHttpServer (BaseHttpServer.java:updateConnectorAddress(333)) - HTTP server of hddsDatanode listening at http://0.0.0.0:43641
2023-02-22 04:45:46,167 [Listener at 127.0.0.1/44521] WARN  impl.MetricRegistriesImpl (MetricRegistriesImpl.java:addReporterRegistration(111)) - New reporters are added after registries were created. Some metrics will be missing from the reporter. Please add reporter before adding any new registry.
2023-02-22 04:45:46,167 [Listener at 127.0.0.1/44521] WARN  impl.MetricRegistriesImpl (MetricRegistriesImpl.java:addReporterRegistration(111)) - New reporters are added after registries were created. Some metrics will be missing from the reporter. Please add reporter before adding any new registry.
2023-02-22 04:45:46,167 [Listener at 127.0.0.1/44521] INFO  impl.MetricsSystemImpl (MetricsSystemImpl.java:init(158)) - HddsDatanode metrics system started (again)
2023-02-22 04:45:46,169 [Datanode State Machine Daemon Thread] INFO  statemachine.DatanodeStateMachine (DatanodeStateMachine.java:lambda$startDaemon$0(516)) - Ozone container server started.
2023-02-22 04:45:46,181 [Listener at 127.0.0.1/44521] INFO  ozone.HddsDatanodeService (HddsDatanodeService.java:start(228)) - HddsDatanodeService host:fv-az748-120.4k5rsvd4cmqu5oxra434zmszlb.cx.internal.cloudapp.net ip:10.1.78.0
2023-02-22 04:45:46,190 [org.apache.hadoop.util.JvmPauseMonitor$Monitor@70d0146] INFO  util.JvmPauseMonitor (JvmPauseMonitor.java:run(188)) - Starting JVM pause monitor
2023-02-22 04:45:46,195 [Datanode State Machine Task Thread - 0] INFO  datanode.InitDatanodeState (InitDatanodeState.java:persistContainerDatanodeDetails(138)) - DatanodeDetails is persisted to /home/runner/work/ozone/ozone/hadoop-ozone/integration-test/target/test-dir/MiniOzoneClusterImpl-d1b59b44-2044-4343-9d69-28cc870eb01e/datanode-0/meta/datanode.id
2023-02-22 04:45:46,200 [Listener at 127.0.0.1/44521] INFO  upgrade.AbstractLayoutVersionManager (AbstractLayoutVersionManager.java:init(83)) - Initializing Layout version manager with metadata layout = DATANODE_SCHEMA_V3 (version = 4), software layout = DATANODE_SCHEMA_V3 (version = 4)
2023-02-22 04:45:46,246 [Listener at 127.0.0.1/44521] INFO  reflections.Reflections (Reflections.java:scan(232)) - Reflections took 45 ms to scan 7 urls, producing 150 keys and 362 values 
2023-02-22 04:45:46,247 [Listener at 127.0.0.1/44521] INFO  statemachine.DatanodeStateMachine (DatanodeStateMachine.java:getEndPointTaskThreadPoolSize(260)) - Datanode State Machine Task Thread Pool size 2
2023-02-22 04:45:46,249 [Listener at 127.0.0.1/44521] INFO  volume.HddsVolume (HddsVolume.java:<init>(122)) - Creating HddsVolume: /home/runner/work/ozone/ozone/hadoop-ozone/integration-test/target/test-dir/MiniOzoneClusterImpl-d1b59b44-2044-4343-9d69-28cc870eb01e/datanode-1/data-0/containers/hdds of storage type : DISK capacity : 9223372036854775807
2023-02-22 04:45:46,249 [Listener at 127.0.0.1/44521] INFO  volume.MutableVolumeSet (MutableVolumeSet.java:initializeVolumeSet(174)) - Added Volume : /home/runner/work/ozone/ozone/hadoop-ozone/integration-test/target/test-dir/MiniOzoneClusterImpl-d1b59b44-2044-4343-9d69-28cc870eb01e/datanode-1/data-0/containers/hdds to VolumeSet
2023-02-22 04:45:46,249 [Listener at 127.0.0.1/44521] INFO  volume.ThrottledAsyncChecker (ThrottledAsyncChecker.java:schedule(141)) - Scheduling a check for /home/runner/work/ozone/ozone/hadoop-ozone/integration-test/target/test-dir/MiniOzoneClusterImpl-d1b59b44-2044-4343-9d69-28cc870eb01e/datanode-1/data-0/containers/hdds
2023-02-22 04:45:46,253 [Listener at 127.0.0.1/44521] INFO  volume.StorageVolumeChecker (StorageVolumeChecker.java:checkAllVolumes(202)) - Scheduled health check for volume /home/runner/work/ozone/ozone/hadoop-ozone/integration-test/target/test-dir/MiniOzoneClusterImpl-d1b59b44-2044-4343-9d69-28cc870eb01e/datanode-1/data-0/containers/hdds
2023-02-22 04:45:46,265 [Listener at 127.0.0.1/44521] INFO  volume.MutableVolumeSet (MutableVolumeSet.java:initializeVolumeSet(174)) - Added Volume : /home/runner/work/ozone/ozone/hadoop-ozone/integration-test/target/test-dir/MiniOzoneClusterImpl-d1b59b44-2044-4343-9d69-28cc870eb01e/datanode-1/data/ratis to VolumeSet
2023-02-22 04:45:46,265 [Listener at 127.0.0.1/44521] INFO  volume.ThrottledAsyncChecker (ThrottledAsyncChecker.java:schedule(141)) - Scheduling a check for /home/runner/work/ozone/ozone/hadoop-ozone/integration-test/target/test-dir/MiniOzoneClusterImpl-d1b59b44-2044-4343-9d69-28cc870eb01e/datanode-1/data/ratis
2023-02-22 04:45:46,265 [Listener at 127.0.0.1/44521] INFO  volume.StorageVolumeChecker (StorageVolumeChecker.java:checkAllVolumes(202)) - Scheduled health check for volume /home/runner/work/ozone/ozone/hadoop-ozone/integration-test/target/test-dir/MiniOzoneClusterImpl-d1b59b44-2044-4343-9d69-28cc870eb01e/datanode-1/data/ratis
2023-02-22 04:45:46,282 [Thread-7320] INFO  ozoneimpl.ContainerReader (ContainerReader.java:readVolume(175)) - Finish verifying containers on volume /home/runner/work/ozone/ozone/hadoop-ozone/integration-test/target/test-dir/MiniOzoneClusterImpl-d1b59b44-2044-4343-9d69-28cc870eb01e/datanode-1/data-0/containers/hdds
2023-02-22 04:45:46,283 [Listener at 127.0.0.1/44521] INFO  ozoneimpl.OzoneContainer (OzoneContainer.java:buildContainerSet(304)) - Build ContainerSet costs 0s
2023-02-22 04:45:46,285 [Listener at 127.0.0.1/44521] INFO  server.RaftServer (ConfUtils.java:logGet(46)) - raft.rpc.type = GRPC (default)
2023-02-22 04:45:46,285 [Listener at 127.0.0.1/44521] INFO  grpc.GrpcConfigKeys (ConfUtils.java:logFallback(53)) - raft.grpc.admin.host = null (fallback to raft.grpc.server.host)
2023-02-22 04:45:46,285 [Listener at 127.0.0.1/44521] INFO  grpc.GrpcConfigKeys (ConfUtils.java:logGet(46)) - raft.grpc.admin.port = 0 (custom)
2023-02-22 04:45:46,285 [Listener at 127.0.0.1/44521] INFO  grpc.GrpcConfigKeys (ConfUtils.java:logFallback(53)) - raft.grpc.client.host = null (fallback to raft.grpc.server.host)
2023-02-22 04:45:46,286 [Listener at 127.0.0.1/44521] INFO  grpc.GrpcConfigKeys (ConfUtils.java:logGet(46)) - raft.grpc.client.port = 0 (custom)
2023-02-22 04:45:46,286 [Listener at 127.0.0.1/44521] INFO  grpc.GrpcConfigKeys (ConfUtils.java:logGet(46)) - raft.grpc.server.host = null (default)
2023-02-22 04:45:46,286 [Listener at 127.0.0.1/44521] INFO  grpc.GrpcConfigKeys (ConfUtils.java:logGet(46)) - raft.grpc.server.port = 0 (default)
2023-02-22 04:45:46,286 [Listener at 127.0.0.1/44521] INFO  server.GrpcService (ConfUtils.java:logGet(46)) - raft.grpc.message.size.max = 32MB (=33554432) (custom)
2023-02-22 04:45:46,286 [Listener at 127.0.0.1/44521] INFO  server.RaftServerConfigKeys (ConfUtils.java:logGet(46)) - raft.server.log.appender.buffer.byte-limit = 33554432 (custom)
2023-02-22 04:45:46,286 [Listener at 127.0.0.1/44521] INFO  server.GrpcService (ConfUtils.java:logGet(46)) - raft.grpc.flow.control.window = 5MB (=5242880) (custom)
2023-02-22 04:45:46,287 [Listener at 127.0.0.1/44521] INFO  server.RaftServerConfigKeys (ConfUtils.java:logGet(46)) - raft.server.rpc.request.timeout = 60s (custom)
2023-02-22 04:45:46,287 [Listener at 127.0.0.1/44521] INFO  grpc.GrpcConfigKeys (ConfUtils.java:logGet(46)) - raft.grpc.server.heartbeat.channel = true (default)
2023-02-22 04:45:46,287 [Listener at 127.0.0.1/44521] INFO  grpc.GrpcConfigKeys (ConfUtils.java:logGet(46)) - raft.grpc.server.async.request.thread.pool.cached = true (default)
2023-02-22 04:45:46,287 [Listener at 127.0.0.1/44521] INFO  grpc.GrpcConfigKeys (ConfUtils.java:logGet(46)) - raft.grpc.server.async.request.thread.pool.size = 32 (default)
2023-02-22 04:45:46,288 [Listener at 127.0.0.1/44521] INFO  impl.DataStreamServerImpl (ConfUtils.java:logGet(46)) - raft.datastream.type = NETTY (custom)
2023-02-22 04:45:46,291 [Listener at 127.0.0.1/44521] INFO  server.RaftServerConfigKeys (ConfUtils.java:logGet(46)) - raft.server.data-stream.async.request.thread.pool.cached = false (default)
2023-02-22 04:45:46,291 [Listener at 127.0.0.1/44521] INFO  server.RaftServerConfigKeys (ConfUtils.java:logGet(46)) - raft.server.data-stream.async.request.thread.pool.size = 20 (custom)
2023-02-22 04:45:46,291 [Listener at 127.0.0.1/44521] INFO  server.RaftServerConfigKeys (ConfUtils.java:logGet(46)) - raft.server.data-stream.async.write.thread.pool.size = 16 (default)
2023-02-22 04:45:46,291 [Listener at 127.0.0.1/44521] INFO  server.RaftServerConfigKeys (ConfUtils.java:logGet(46)) - raft.server.data-stream.client.pool.size = 10 (default)
2023-02-22 04:45:46,291 [Listener at 127.0.0.1/44521] INFO  netty.NettyConfigKeys$DataStream (ConfUtils.java:logGet(46)) - raft.netty.dataStream.server.use-epoll = false (default)
2023-02-22 04:45:46,292 [Listener at 127.0.0.1/44521] INFO  netty.NettyConfigKeys$DataStream (ConfUtils.java:logGet(46)) - raft.netty.dataStream.server.boss-group.size = 0 (default)
2023-02-22 04:45:46,292 [Listener at 127.0.0.1/44521] INFO  netty.NettyConfigKeys$DataStream (ConfUtils.java:logGet(46)) - raft.netty.dataStream.server.worker-group.size = 0 (default)
2023-02-22 04:45:46,292 [Listener at 127.0.0.1/44521] INFO  netty.NettyConfigKeys$DataStream (ConfUtils.java:logGet(46)) - raft.netty.dataStream.server.tls.conf = null (default)
2023-02-22 04:45:46,292 [Listener at 127.0.0.1/44521] INFO  netty.NettyConfigKeys$DataStream (ConfUtils.java:logGet(46)) - raft.netty.dataStream.host = null (default)
2023-02-22 04:45:46,293 [Listener at 127.0.0.1/44521] INFO  netty.NettyConfigKeys$DataStream (ConfUtils.java:logGet(46)) - raft.netty.dataStream.port = 0 (default)
2023-02-22 04:45:46,293 [Listener at 127.0.0.1/44521] INFO  server.RaftServerConfigKeys (ConfUtils.java:logGet(46)) - raft.server.threadpool.proxy.cached = true (default)
2023-02-22 04:45:46,293 [Listener at 127.0.0.1/44521] INFO  server.RaftServerConfigKeys (ConfUtils.java:logGet(46)) - raft.server.threadpool.proxy.size = 0 (default)
2023-02-22 04:45:46,293 [Listener at 127.0.0.1/44521] INFO  server.RaftServerConfigKeys (ConfUtils.java:logGet(46)) - raft.server.rpc.slowness.timeout = 300s (custom)
2023-02-22 04:45:46,293 [Listener at 127.0.0.1/44521] INFO  server.RaftServerConfigKeys (ConfUtils.java:logGet(46)) - raft.server.leaderelection.leader.step-down.wait-time = 10s (default)
2023-02-22 04:45:46,293 [Listener at 127.0.0.1/44521] INFO  server.RaftServerConfigKeys (ConfUtils.java:logGet(46)) - raft.server.storage.dir = [/home/runner/work/ozone/ozone/hadoop-ozone/integration-test/target/test-dir/MiniOzoneClusterImpl-d1b59b44-2044-4343-9d69-28cc870eb01e/datanode-1/data/ratis] (custom)
2023-02-22 04:45:46,294 [06733870-8d62-448b-a196-7afd6df13a68-NettyServerStreamRpc-bossGroup--thread1] INFO  logging.LoggingHandler (AbstractInternalLogger.java:log(148)) - [id: 0xbeda17a4] REGISTERED
2023-02-22 04:45:46,294 [06733870-8d62-448b-a196-7afd6df13a68-NettyServerStreamRpc-bossGroup--thread1] INFO  logging.LoggingHandler (AbstractInternalLogger.java:log(148)) - [id: 0xbeda17a4] BIND: 0.0.0.0/0.0.0.0:0
2023-02-22 04:45:46,295 [06733870-8d62-448b-a196-7afd6df13a68-NettyServerStreamRpc-bossGroup--thread1] INFO  logging.LoggingHandler (AbstractInternalLogger.java:log(148)) - [id: 0xbeda17a4, L:/0:0:0:0:0:0:0:0:46227] ACTIVE
2023-02-22 04:45:46,297 [Listener at 127.0.0.1/44521] INFO  server.XceiverServerGrpc (XceiverServerGrpc.java:<init>(132)) - GrpcServer channel type EpollServerSocketChannel
2023-02-22 04:45:46,302 [Listener at 127.0.0.1/44521] INFO  http.BaseHttpServer (BaseHttpServer.java:newHttpServer2BuilderForOzone(213)) - Starting Web-server for hddsDatanode at: http://0.0.0.0:0
2023-02-22 04:45:46,302 [Listener at 127.0.0.1/44521] INFO  http.BaseHttpServer (BaseHttpServer.java:<init>(108)) - Hadoop Security Enabled: false Ozone Security Enabled: false Ozone HTTP Security Enabled: false 
2023-02-22 04:45:46,303 [Listener at 127.0.0.1/44521] WARN  server.AuthenticationFilter (AuthenticationFilter.java:constructSecretProvider(240)) - Unable to initialize FileSignerSecretProvider, falling back to use random secrets. Reason: Could not read signature secret file: /home/runner/hadoop-http-auth-signature-secret
2023-02-22 04:45:46,303 [Listener at 127.0.0.1/44521] WARN  http.HttpRequestLog (HttpRequestLog.java:getRequestLog(103)) - Jetty request log can only be enabled using Log4j
2023-02-22 04:45:46,304 [Listener at 127.0.0.1/44521] INFO  http.HttpServer2 (HttpServer2.java:addGlobalFilter(1031)) - Added global filter 'safety' (class=org.apache.hadoop.hdds.server.http.HttpServer2$QuotingInputFilter)
2023-02-22 04:45:46,305 [Listener at 127.0.0.1/44521] INFO  http.HttpServer2 (HttpServer2.java:addFilter(1007)) - Added filter static_user_filter (class=org.apache.hadoop.http.lib.StaticUserWebFilter$StaticUserFilter) to context hddsDatanode
2023-02-22 04:45:46,305 [Listener at 127.0.0.1/44521] INFO  http.HttpServer2 (HttpServer2.java:addFilter(1015)) - Added filter static_user_filter (class=org.apache.hadoop.http.lib.StaticUserWebFilter$StaticUserFilter) to context logs
2023-02-22 04:45:46,305 [Listener at 127.0.0.1/44521] INFO  http.HttpServer2 (HttpServer2.java:addFilter(1015)) - Added filter static_user_filter (class=org.apache.hadoop.http.lib.StaticUserWebFilter$StaticUserFilter) to context static
2023-02-22 04:45:46,306 [Listener at 127.0.0.1/44521] INFO  http.HttpServer2 (HttpServer2.java:bindListener(1250)) - Jetty bound to port 40569
2023-02-22 04:45:46,306 [Listener at 127.0.0.1/44521] INFO  server.Server (Server.java:doStart(375)) - jetty-9.4.49.v20220914; built: 2022-09-14T01:07:36.601Z; git: 4231a3b2e4cb8548a412a789936d640a97b1aa0a; jvm 1.8.0_362-b09
2023-02-22 04:45:46,307 [Listener at 127.0.0.1/44521] INFO  server.session (DefaultSessionIdManager.java:doStart(334)) - DefaultSessionIdManager workerName=node0
2023-02-22 04:45:46,307 [Listener at 127.0.0.1/44521] INFO  server.session (DefaultSessionIdManager.java:doStart(339)) - No SessionScavenger set, using defaults
2023-02-22 04:45:46,307 [Listener at 127.0.0.1/44521] INFO  server.session (HouseKeeper.java:startScavenging(132)) - node0 Scavenging every 600000ms
2023-02-22 04:45:46,308 [Listener at 127.0.0.1/44521] INFO  handler.ContextHandler (ContextHandler.java:doStart(921)) - Started o.e.j.s.ServletContextHandler@76a26976{logs,/logs,file:///home/runner/work/ozone/ozone/hadoop-ozone/integration-test/target/log,AVAILABLE}
2023-02-22 04:45:46,308 [Listener at 127.0.0.1/44521] INFO  handler.ContextHandler (ContextHandler.java:doStart(921)) - Started o.e.j.s.ServletContextHandler@c6bd5bf{static,/static,jar:file:/home/runner/.m2/repository/org/apache/ozone/hdds-container-service/1.4.0-SNAPSHOT/hdds-container-service-1.4.0-SNAPSHOT.jar!/webapps/static,AVAILABLE}
2023-02-22 04:45:46,514 [Listener at 127.0.0.1/44521] INFO  handler.ContextHandler (ContextHandler.java:doStart(921)) - Started o.e.j.w.WebAppContext@559e3508{hddsDatanode,/,file:///tmp/jetty-0_0_0_0-40569-hdds-container-service-1_4_0-SNAPSHOT_jar-_-any-6474645917840463457/webapp/,AVAILABLE}{jar:file:/home/runner/.m2/repository/org/apache/ozone/hdds-container-service/1.4.0-SNAPSHOT/hdds-container-service-1.4.0-SNAPSHOT.jar!/webapps/hddsDatanode}
2023-02-22 04:45:46,515 [Listener at 127.0.0.1/44521] INFO  server.AbstractConnector (AbstractConnector.java:doStart(333)) - Started ServerConnector@2d88e629{HTTP/1.1, (http/1.1)}{0.0.0.0:40569}
2023-02-22 04:45:46,515 [Listener at 127.0.0.1/44521] INFO  server.Server (Server.java:doStart(415)) - Started @64955ms
2023-02-22 04:45:46,515 [Listener at 127.0.0.1/44521] WARN  impl.MetricsSystemImpl (MetricsSystemImpl.java:register(279)) - Sink prometheus already exists!
2023-02-22 04:45:46,516 [Listener at 127.0.0.1/44521] INFO  http.BaseHttpServer (BaseHttpServer.java:updateConnectorAddress(333)) - HTTP server of hddsDatanode listening at http://0.0.0.0:40569
2023-02-22 04:45:46,516 [Datanode State Machine Daemon Thread] INFO  statemachine.DatanodeStateMachine (DatanodeStateMachine.java:lambda$startDaemon$0(516)) - Ozone container server started.
2023-02-22 04:45:46,516 [Listener at 127.0.0.1/44521] WARN  impl.MetricRegistriesImpl (MetricRegistriesImpl.java:addReporterRegistration(111)) - New reporters are added after registries were created. Some metrics will be missing from the reporter. Please add reporter before adding any new registry.
2023-02-22 04:45:46,517 [Listener at 127.0.0.1/44521] WARN  impl.MetricRegistriesImpl (MetricRegistriesImpl.java:addReporterRegistration(111)) - New reporters are added after registries were created. Some metrics will be missing from the reporter. Please add reporter before adding any new registry.
2023-02-22 04:45:46,517 [Listener at 127.0.0.1/44521] INFO  impl.MetricsSystemImpl (MetricsSystemImpl.java:init(158)) - HddsDatanode metrics system started (again)
2023-02-22 04:45:46,528 [org.apache.hadoop.util.JvmPauseMonitor$Monitor@2e3c1087] INFO  util.JvmPauseMonitor (JvmPauseMonitor.java:run(188)) - Starting JVM pause monitor
2023-02-22 04:45:46,529 [Listener at 127.0.0.1/44521] INFO  ozone.HddsDatanodeService (HddsDatanodeService.java:start(228)) - HddsDatanodeService host:fv-az748-120.4k5rsvd4cmqu5oxra434zmszlb.cx.internal.cloudapp.net ip:10.1.78.0
2023-02-22 04:45:46,534 [Datanode State Machine Task Thread - 0] INFO  datanode.InitDatanodeState (InitDatanodeState.java:persistContainerDatanodeDetails(138)) - DatanodeDetails is persisted to /home/runner/work/ozone/ozone/hadoop-ozone/integration-test/target/test-dir/MiniOzoneClusterImpl-d1b59b44-2044-4343-9d69-28cc870eb01e/datanode-1/meta/datanode.id
2023-02-22 04:45:46,549 [Listener at 127.0.0.1/44521] INFO  upgrade.AbstractLayoutVersionManager (AbstractLayoutVersionManager.java:init(83)) - Initializing Layout version manager with metadata layout = DATANODE_SCHEMA_V3 (version = 4), software layout = DATANODE_SCHEMA_V3 (version = 4)
2023-02-22 04:45:46,594 [Listener at 127.0.0.1/44521] INFO  reflections.Reflections (Reflections.java:scan(232)) - Reflections took 44 ms to scan 7 urls, producing 150 keys and 362 values 
2023-02-22 04:45:46,596 [Listener at 127.0.0.1/44521] INFO  statemachine.DatanodeStateMachine (DatanodeStateMachine.java:getEndPointTaskThreadPoolSize(260)) - Datanode State Machine Task Thread Pool size 2
2023-02-22 04:45:46,598 [Listener at 127.0.0.1/44521] INFO  volume.HddsVolume (HddsVolume.java:<init>(122)) - Creating HddsVolume: /home/runner/work/ozone/ozone/hadoop-ozone/integration-test/target/test-dir/MiniOzoneClusterImpl-d1b59b44-2044-4343-9d69-28cc870eb01e/datanode-2/data-0/containers/hdds of storage type : DISK capacity : 9223372036854775807
2023-02-22 04:45:46,598 [Listener at 127.0.0.1/44521] INFO  volume.MutableVolumeSet (MutableVolumeSet.java:initializeVolumeSet(174)) - Added Volume : /home/runner/work/ozone/ozone/hadoop-ozone/integration-test/target/test-dir/MiniOzoneClusterImpl-d1b59b44-2044-4343-9d69-28cc870eb01e/datanode-2/data-0/containers/hdds to VolumeSet
2023-02-22 04:45:46,598 [Listener at 127.0.0.1/44521] INFO  volume.ThrottledAsyncChecker (ThrottledAsyncChecker.java:schedule(141)) - Scheduling a check for /home/runner/work/ozone/ozone/hadoop-ozone/integration-test/target/test-dir/MiniOzoneClusterImpl-d1b59b44-2044-4343-9d69-28cc870eb01e/datanode-2/data-0/containers/hdds
2023-02-22 04:45:46,600 [Listener at 127.0.0.1/44521] INFO  volume.StorageVolumeChecker (StorageVolumeChecker.java:checkAllVolumes(202)) - Scheduled health check for volume /home/runner/work/ozone/ozone/hadoop-ozone/integration-test/target/test-dir/MiniOzoneClusterImpl-d1b59b44-2044-4343-9d69-28cc870eb01e/datanode-2/data-0/containers/hdds
2023-02-22 04:45:46,613 [Listener at 127.0.0.1/44521] INFO  volume.MutableVolumeSet (MutableVolumeSet.java:initializeVolumeSet(174)) - Added Volume : /home/runner/work/ozone/ozone/hadoop-ozone/integration-test/target/test-dir/MiniOzoneClusterImpl-d1b59b44-2044-4343-9d69-28cc870eb01e/datanode-2/data/ratis to VolumeSet
2023-02-22 04:45:46,613 [Listener at 127.0.0.1/44521] INFO  volume.ThrottledAsyncChecker (ThrottledAsyncChecker.java:schedule(141)) - Scheduling a check for /home/runner/work/ozone/ozone/hadoop-ozone/integration-test/target/test-dir/MiniOzoneClusterImpl-d1b59b44-2044-4343-9d69-28cc870eb01e/datanode-2/data/ratis
2023-02-22 04:45:46,614 [Listener at 127.0.0.1/44521] INFO  volume.StorageVolumeChecker (StorageVolumeChecker.java:checkAllVolumes(202)) - Scheduled health check for volume /home/runner/work/ozone/ozone/hadoop-ozone/integration-test/target/test-dir/MiniOzoneClusterImpl-d1b59b44-2044-4343-9d69-28cc870eb01e/datanode-2/data/ratis
2023-02-22 04:45:46,625 [Thread-7335] INFO  ozoneimpl.ContainerReader (ContainerReader.java:readVolume(175)) - Finish verifying containers on volume /home/runner/work/ozone/ozone/hadoop-ozone/integration-test/target/test-dir/MiniOzoneClusterImpl-d1b59b44-2044-4343-9d69-28cc870eb01e/datanode-2/data-0/containers/hdds
2023-02-22 04:45:46,625 [Listener at 127.0.0.1/44521] INFO  ozoneimpl.OzoneContainer (OzoneContainer.java:buildContainerSet(304)) - Build ContainerSet costs 0s
2023-02-22 04:45:46,629 [Listener at 127.0.0.1/44521] INFO  server.RaftServer (ConfUtils.java:logGet(46)) - raft.rpc.type = GRPC (default)
2023-02-22 04:45:46,630 [Listener at 127.0.0.1/44521] INFO  grpc.GrpcConfigKeys (ConfUtils.java:logFallback(53)) - raft.grpc.admin.host = null (fallback to raft.grpc.server.host)
2023-02-22 04:45:46,630 [Listener at 127.0.0.1/44521] INFO  grpc.GrpcConfigKeys (ConfUtils.java:logGet(46)) - raft.grpc.admin.port = 0 (custom)
2023-02-22 04:45:46,630 [Listener at 127.0.0.1/44521] INFO  grpc.GrpcConfigKeys (ConfUtils.java:logFallback(53)) - raft.grpc.client.host = null (fallback to raft.grpc.server.host)
2023-02-22 04:45:46,630 [Listener at 127.0.0.1/44521] INFO  grpc.GrpcConfigKeys (ConfUtils.java:logGet(46)) - raft.grpc.client.port = 0 (custom)
2023-02-22 04:45:46,630 [Listener at 127.0.0.1/44521] INFO  grpc.GrpcConfigKeys (ConfUtils.java:logGet(46)) - raft.grpc.server.host = null (default)
2023-02-22 04:45:46,630 [Listener at 127.0.0.1/44521] INFO  grpc.GrpcConfigKeys (ConfUtils.java:logGet(46)) - raft.grpc.server.port = 0 (default)
2023-02-22 04:45:46,630 [Listener at 127.0.0.1/44521] INFO  server.GrpcService (ConfUtils.java:logGet(46)) - raft.grpc.message.size.max = 32MB (=33554432) (custom)
2023-02-22 04:45:46,630 [Listener at 127.0.0.1/44521] INFO  server.RaftServerConfigKeys (ConfUtils.java:logGet(46)) - raft.server.log.appender.buffer.byte-limit = 33554432 (custom)
2023-02-22 04:45:46,630 [Listener at 127.0.0.1/44521] INFO  server.GrpcService (ConfUtils.java:logGet(46)) - raft.grpc.flow.control.window = 5MB (=5242880) (custom)
2023-02-22 04:45:46,631 [Listener at 127.0.0.1/44521] INFO  server.RaftServerConfigKeys (ConfUtils.java:logGet(46)) - raft.server.rpc.request.timeout = 60s (custom)
2023-02-22 04:45:46,631 [Listener at 127.0.0.1/44521] INFO  grpc.GrpcConfigKeys (ConfUtils.java:logGet(46)) - raft.grpc.server.heartbeat.channel = true (default)
2023-02-22 04:45:46,631 [Listener at 127.0.0.1/44521] INFO  grpc.GrpcConfigKeys (ConfUtils.java:logGet(46)) - raft.grpc.server.async.request.thread.pool.cached = true (default)
2023-02-22 04:45:46,631 [Listener at 127.0.0.1/44521] INFO  grpc.GrpcConfigKeys (ConfUtils.java:logGet(46)) - raft.grpc.server.async.request.thread.pool.size = 32 (default)
2023-02-22 04:45:46,632 [Listener at 127.0.0.1/44521] INFO  impl.DataStreamServerImpl (ConfUtils.java:logGet(46)) - raft.datastream.type = NETTY (custom)
2023-02-22 04:45:46,632 [Listener at 127.0.0.1/44521] INFO  server.RaftServerConfigKeys (ConfUtils.java:logGet(46)) - raft.server.data-stream.async.request.thread.pool.cached = false (default)
2023-02-22 04:45:46,632 [Listener at 127.0.0.1/44521] INFO  server.RaftServerConfigKeys (ConfUtils.java:logGet(46)) - raft.server.data-stream.async.request.thread.pool.size = 20 (custom)
2023-02-22 04:45:46,632 [Listener at 127.0.0.1/44521] INFO  server.RaftServerConfigKeys (ConfUtils.java:logGet(46)) - raft.server.data-stream.async.write.thread.pool.size = 16 (default)
2023-02-22 04:45:46,632 [Listener at 127.0.0.1/44521] INFO  server.RaftServerConfigKeys (ConfUtils.java:logGet(46)) - raft.server.data-stream.client.pool.size = 10 (default)
2023-02-22 04:45:46,632 [Listener at 127.0.0.1/44521] INFO  netty.NettyConfigKeys$DataStream (ConfUtils.java:logGet(46)) - raft.netty.dataStream.server.use-epoll = false (default)
2023-02-22 04:45:46,633 [Listener at 127.0.0.1/44521] INFO  netty.NettyConfigKeys$DataStream (ConfUtils.java:logGet(46)) - raft.netty.dataStream.server.boss-group.size = 0 (default)
2023-02-22 04:45:46,633 [Listener at 127.0.0.1/44521] INFO  netty.NettyConfigKeys$DataStream (ConfUtils.java:logGet(46)) - raft.netty.dataStream.server.worker-group.size = 0 (default)
2023-02-22 04:45:46,634 [Listener at 127.0.0.1/44521] INFO  netty.NettyConfigKeys$DataStream (ConfUtils.java:logGet(46)) - raft.netty.dataStream.server.tls.conf = null (default)
2023-02-22 04:45:46,634 [Listener at 127.0.0.1/44521] INFO  netty.NettyConfigKeys$DataStream (ConfUtils.java:logGet(46)) - raft.netty.dataStream.host = null (default)
2023-02-22 04:45:46,634 [Listener at 127.0.0.1/44521] INFO  netty.NettyConfigKeys$DataStream (ConfUtils.java:logGet(46)) - raft.netty.dataStream.port = 0 (default)
2023-02-22 04:45:46,637 [Listener at 127.0.0.1/44521] INFO  server.RaftServerConfigKeys (ConfUtils.java:logGet(46)) - raft.server.threadpool.proxy.cached = true (default)
2023-02-22 04:45:46,637 [Listener at 127.0.0.1/44521] INFO  server.RaftServerConfigKeys (ConfUtils.java:logGet(46)) - raft.server.threadpool.proxy.size = 0 (default)
2023-02-22 04:45:46,637 [Listener at 127.0.0.1/44521] INFO  server.RaftServerConfigKeys (ConfUtils.java:logGet(46)) - raft.server.rpc.slowness.timeout = 300s (custom)
2023-02-22 04:45:46,637 [Listener at 127.0.0.1/44521] INFO  server.RaftServerConfigKeys (ConfUtils.java:logGet(46)) - raft.server.leaderelection.leader.step-down.wait-time = 10s (default)
2023-02-22 04:45:46,638 [Listener at 127.0.0.1/44521] INFO  server.RaftServerConfigKeys (ConfUtils.java:logGet(46)) - raft.server.storage.dir = [/home/runner/work/ozone/ozone/hadoop-ozone/integration-test/target/test-dir/MiniOzoneClusterImpl-d1b59b44-2044-4343-9d69-28cc870eb01e/datanode-2/data/ratis] (custom)
2023-02-22 04:45:46,638 [ffdcdc5d-4960-49c6-84a1-25480d1d38bf-NettyServerStreamRpc-bossGroup--thread1] INFO  logging.LoggingHandler (AbstractInternalLogger.java:log(148)) - [id: 0xe0eb3809] REGISTERED
2023-02-22 04:45:46,638 [ffdcdc5d-4960-49c6-84a1-25480d1d38bf-NettyServerStreamRpc-bossGroup--thread1] INFO  logging.LoggingHandler (AbstractInternalLogger.java:log(148)) - [id: 0xe0eb3809] BIND: 0.0.0.0/0.0.0.0:0
2023-02-22 04:45:46,638 [ffdcdc5d-4960-49c6-84a1-25480d1d38bf-NettyServerStreamRpc-bossGroup--thread1] INFO  logging.LoggingHandler (AbstractInternalLogger.java:log(148)) - [id: 0xe0eb3809, L:/0:0:0:0:0:0:0:0:40923] ACTIVE
2023-02-22 04:45:46,640 [Listener at 127.0.0.1/44521] INFO  server.XceiverServerGrpc (XceiverServerGrpc.java:<init>(132)) - GrpcServer channel type EpollServerSocketChannel
2023-02-22 04:45:46,643 [Listener at 127.0.0.1/44521] INFO  http.BaseHttpServer (BaseHttpServer.java:newHttpServer2BuilderForOzone(213)) - Starting Web-server for hddsDatanode at: http://0.0.0.0:0
2023-02-22 04:45:46,643 [Listener at 127.0.0.1/44521] INFO  http.BaseHttpServer (BaseHttpServer.java:<init>(108)) - Hadoop Security Enabled: false Ozone Security Enabled: false Ozone HTTP Security Enabled: false 
2023-02-22 04:45:46,645 [Listener at 127.0.0.1/44521] WARN  server.AuthenticationFilter (AuthenticationFilter.java:constructSecretProvider(240)) - Unable to initialize FileSignerSecretProvider, falling back to use random secrets. Reason: Could not read signature secret file: /home/runner/hadoop-http-auth-signature-secret
2023-02-22 04:45:46,647 [EndpointStateMachine task thread for /0.0.0.0:33645 - 0 ] INFO  ipc.Client (Client.java:handleConnectionFailure(1010)) - Retrying connect to server: 0.0.0.0/0.0.0.0:33645. Already tried 7 time(s); retry policy is RetryUpToMaximumCountWithFixedSleep(maxRetries=15, sleepTime=1000 MILLISECONDS)
2023-02-22 04:45:46,649 [Listener at 127.0.0.1/44521] WARN  http.HttpRequestLog (HttpRequestLog.java:getRequestLog(103)) - Jetty request log can only be enabled using Log4j
2023-02-22 04:45:46,651 [Listener at 127.0.0.1/44521] INFO  http.HttpServer2 (HttpServer2.java:addGlobalFilter(1031)) - Added global filter 'safety' (class=org.apache.hadoop.hdds.server.http.HttpServer2$QuotingInputFilter)
2023-02-22 04:45:46,651 [Listener at 127.0.0.1/44521] INFO  http.HttpServer2 (HttpServer2.java:addFilter(1007)) - Added filter static_user_filter (class=org.apache.hadoop.http.lib.StaticUserWebFilter$StaticUserFilter) to context hddsDatanode
2023-02-22 04:45:46,651 [Listener at 127.0.0.1/44521] INFO  http.HttpServer2 (HttpServer2.java:addFilter(1015)) - Added filter static_user_filter (class=org.apache.hadoop.http.lib.StaticUserWebFilter$StaticUserFilter) to context logs
2023-02-22 04:45:46,651 [Listener at 127.0.0.1/44521] INFO  http.HttpServer2 (HttpServer2.java:addFilter(1015)) - Added filter static_user_filter (class=org.apache.hadoop.http.lib.StaticUserWebFilter$StaticUserFilter) to context static
2023-02-22 04:45:46,652 [Listener at 127.0.0.1/44521] INFO  http.HttpServer2 (HttpServer2.java:bindListener(1250)) - Jetty bound to port 39309
2023-02-22 04:45:46,652 [Listener at 127.0.0.1/44521] INFO  server.Server (Server.java:doStart(375)) - jetty-9.4.49.v20220914; built: 2022-09-14T01:07:36.601Z; git: 4231a3b2e4cb8548a412a789936d640a97b1aa0a; jvm 1.8.0_362-b09
2023-02-22 04:45:46,653 [Listener at 127.0.0.1/44521] INFO  server.session (DefaultSessionIdManager.java:doStart(334)) - DefaultSessionIdManager workerName=node0
2023-02-22 04:45:46,653 [Listener at 127.0.0.1/44521] INFO  server.session (DefaultSessionIdManager.java:doStart(339)) - No SessionScavenger set, using defaults
2023-02-22 04:45:46,653 [Listener at 127.0.0.1/44521] INFO  server.session (HouseKeeper.java:startScavenging(132)) - node0 Scavenging every 600000ms
2023-02-22 04:45:46,654 [Listener at 127.0.0.1/44521] INFO  handler.ContextHandler (ContextHandler.java:doStart(921)) - Started o.e.j.s.ServletContextHandler@b027738{logs,/logs,file:///home/runner/work/ozone/ozone/hadoop-ozone/integration-test/target/log,AVAILABLE}
2023-02-22 04:45:46,654 [Listener at 127.0.0.1/44521] INFO  handler.ContextHandler (ContextHandler.java:doStart(921)) - Started o.e.j.s.ServletContextHandler@73328c29{static,/static,jar:file:/home/runner/.m2/repository/org/apache/ozone/hdds-container-service/1.4.0-SNAPSHOT/hdds-container-service-1.4.0-SNAPSHOT.jar!/webapps/static,AVAILABLE}
2023-02-22 04:45:46,856 [Listener at 127.0.0.1/44521] INFO  handler.ContextHandler (ContextHandler.java:doStart(921)) - Started o.e.j.w.WebAppContext@e9651f4{hddsDatanode,/,file:///tmp/jetty-0_0_0_0-39309-hdds-container-service-1_4_0-SNAPSHOT_jar-_-any-393562646326767414/webapp/,AVAILABLE}{jar:file:/home/runner/.m2/repository/org/apache/ozone/hdds-container-service/1.4.0-SNAPSHOT/hdds-container-service-1.4.0-SNAPSHOT.jar!/webapps/hddsDatanode}
2023-02-22 04:45:46,858 [Listener at 127.0.0.1/44521] INFO  server.AbstractConnector (AbstractConnector.java:doStart(333)) - Started ServerConnector@5394e749{HTTP/1.1, (http/1.1)}{0.0.0.0:39309}
2023-02-22 04:45:46,859 [Listener at 127.0.0.1/44521] INFO  server.Server (Server.java:doStart(415)) - Started @65298ms
2023-02-22 04:45:46,859 [Listener at 127.0.0.1/44521] WARN  impl.MetricsSystemImpl (MetricsSystemImpl.java:register(279)) - Sink prometheus already exists!
2023-02-22 04:45:46,859 [Listener at 127.0.0.1/44521] INFO  http.BaseHttpServer (BaseHttpServer.java:updateConnectorAddress(333)) - HTTP server of hddsDatanode listening at http://0.0.0.0:39309
2023-02-22 04:45:46,860 [Datanode State Machine Daemon Thread] INFO  statemachine.DatanodeStateMachine (DatanodeStateMachine.java:lambda$startDaemon$0(516)) - Ozone container server started.
2023-02-22 04:45:46,861 [Listener at 127.0.0.1/44521] INFO  ozone.MiniOzoneClusterImpl (MiniOzoneClusterImpl.java:lambda$waitForClusterToBeReady$0(218)) - Waiting for nodes to be ready. Got 0 of 3 DN Heartbeats.
2023-02-22 04:45:46,862 [Listener at 127.0.0.1/44521] INFO  ozone.MiniOzoneClusterImpl (MiniOzoneClusterImpl.java:lambda$waitForClusterToBeReady$0(221)) - Waiting for cluster to exit safe mode
2023-02-22 04:45:46,862 [Listener at 127.0.0.1/44521] INFO  ozone.MiniOzoneClusterImpl (MiniOzoneClusterImpl.java:lambda$waitForClusterToBeReady$0(223)) - SCM became leader
2023-02-22 04:45:46,869 [org.apache.hadoop.util.JvmPauseMonitor$Monitor@4320c211] INFO  util.JvmPauseMonitor (JvmPauseMonitor.java:run(188)) - Starting JVM pause monitor
2023-02-22 04:45:46,871 [Datanode State Machine Task Thread - 0] INFO  datanode.InitDatanodeState (InitDatanodeState.java:persistContainerDatanodeDetails(138)) - DatanodeDetails is persisted to /home/runner/work/ozone/ozone/hadoop-ozone/integration-test/target/test-dir/MiniOzoneClusterImpl-d1b59b44-2044-4343-9d69-28cc870eb01e/datanode-2/meta/datanode.id
2023-02-22 04:45:47,647 [EndpointStateMachine task thread for /0.0.0.0:33645 - 0 ] INFO  ipc.Client (Client.java:handleConnectionFailure(1010)) - Retrying connect to server: 0.0.0.0/0.0.0.0:33645. Already tried 8 time(s); retry policy is RetryUpToMaximumCountWithFixedSleep(maxRetries=15, sleepTime=1000 MILLISECONDS)
2023-02-22 04:45:47,863 [Listener at 127.0.0.1/44521] INFO  ozone.MiniOzoneClusterImpl (MiniOzoneClusterImpl.java:lambda$waitForClusterToBeReady$0(218)) - Waiting for nodes to be ready. Got 0 of 3 DN Heartbeats.
2023-02-22 04:45:47,863 [Listener at 127.0.0.1/44521] INFO  ozone.MiniOzoneClusterImpl (MiniOzoneClusterImpl.java:lambda$waitForClusterToBeReady$0(221)) - Waiting for cluster to exit safe mode
2023-02-22 04:45:47,863 [Listener at 127.0.0.1/44521] INFO  ozone.MiniOzoneClusterImpl (MiniOzoneClusterImpl.java:lambda$waitForClusterToBeReady$0(223)) - SCM became leader
2023-02-22 04:45:48,222 [EndpointStateMachine task thread for /0.0.0.0:38827 - 0 ] INFO  utils.DatanodeStoreCache (DatanodeStoreCache.java:addDB(58)) - Added db /home/runner/work/ozone/ozone/hadoop-ozone/integration-test/target/test-dir/MiniOzoneClusterImpl-d1b59b44-2044-4343-9d69-28cc870eb01e/datanode-0/data-0/containers/hdds/d1b59b44-2044-4343-9d69-28cc870eb01e/DS-7ad53f4f-2ce7-4705-9b91-e7a67d97fdc0/container.db to cache
2023-02-22 04:45:48,222 [EndpointStateMachine task thread for /0.0.0.0:38827 - 0 ] INFO  volume.HddsVolume (HddsVolume.java:createDbStore(331)) - SchemaV3 db is created and loaded at /home/runner/work/ozone/ozone/hadoop-ozone/integration-test/target/test-dir/MiniOzoneClusterImpl-d1b59b44-2044-4343-9d69-28cc870eb01e/datanode-0/data-0/containers/hdds/d1b59b44-2044-4343-9d69-28cc870eb01e/DS-7ad53f4f-2ce7-4705-9b91-e7a67d97fdc0/container.db for volume DS-7ad53f4f-2ce7-4705-9b91-e7a67d97fdc0
2023-02-22 04:45:48,222 [EndpointStateMachine task thread for /0.0.0.0:38827 - 0 ] INFO  ozoneimpl.OzoneContainer (OzoneContainer.java:start(398)) - Attempting to start container services.
2023-02-22 04:45:48,223 [EndpointStateMachine task thread for /0.0.0.0:38827 - 0 ] INFO  ozoneimpl.OzoneContainer (OzoneContainer.java:startContainerScrub(315)) - Scheduled background container scanners and the on-demand container scanner have been disabled.
2023-02-22 04:45:48,225 [EndpointStateMachine task thread for /0.0.0.0:38827 - 0 ] INFO  replication.ReplicationServer (ReplicationServer.java:start(109)) - ReplicationServer is started using port 41615
2023-02-22 04:45:48,226 [EndpointStateMachine task thread for /0.0.0.0:38827 - 0 ] INFO  ratis.XceiverServerRatis (XceiverServerRatis.java:start(518)) - Starting XceiverServerRatis 4c420ab8-2e43-407d-b88b-e5dbb58abbd6
2023-02-22 04:45:48,226 [EndpointStateMachine task thread for /0.0.0.0:38827 - 0 ] INFO  server.RaftServer (RaftServerProxy.java:startImpl(393)) - 4c420ab8-2e43-407d-b88b-e5dbb58abbd6: start RPC server
2023-02-22 04:45:48,231 [EndpointStateMachine task thread for /0.0.0.0:38827 - 0 ] INFO  server.GrpcService (GrpcService.java:startImpl(262)) - 4c420ab8-2e43-407d-b88b-e5dbb58abbd6: GrpcService started, listening on 36163
2023-02-22 04:45:48,231 [EndpointStateMachine task thread for /0.0.0.0:38827 - 0 ] INFO  ratis.XceiverServerRatis (XceiverServerRatis.java:getRealPort(544)) - XceiverServerRatis 4c420ab8-2e43-407d-b88b-e5dbb58abbd6 is started using port 36163 for RATIS
2023-02-22 04:45:48,231 [EndpointStateMachine task thread for /0.0.0.0:38827 - 0 ] INFO  ratis.XceiverServerRatis (XceiverServerRatis.java:getRealPort(544)) - XceiverServerRatis 4c420ab8-2e43-407d-b88b-e5dbb58abbd6 is started using port 36163 for RATIS_ADMIN
2023-02-22 04:45:48,231 [JvmPauseMonitor9] INFO  util.JvmPauseMonitor (JvmPauseMonitor.java:run(105)) - JvmPauseMonitor-4c420ab8-2e43-407d-b88b-e5dbb58abbd6: Started
2023-02-22 04:45:48,231 [EndpointStateMachine task thread for /0.0.0.0:38827 - 0 ] INFO  ratis.XceiverServerRatis (XceiverServerRatis.java:getRealPort(544)) - XceiverServerRatis 4c420ab8-2e43-407d-b88b-e5dbb58abbd6 is started using port 36163 for RATIS_SERVER
2023-02-22 04:45:48,232 [EndpointStateMachine task thread for /0.0.0.0:38827 - 0 ] INFO  ratis.XceiverServerRatis (XceiverServerRatis.java:getRealPort(544)) - XceiverServerRatis 4c420ab8-2e43-407d-b88b-e5dbb58abbd6 is started using port 35685 for RATIS_DATASTREAM
2023-02-22 04:45:48,240 [EndpointStateMachine task thread for /0.0.0.0:38827 - 0 ] INFO  server.XceiverServerGrpc (XceiverServerGrpc.java:start(180)) - XceiverServerGrpc 4c420ab8-2e43-407d-b88b-e5dbb58abbd6 is started using port 35523
2023-02-22 04:45:48,556 [EndpointStateMachine task thread for /0.0.0.0:38827 - 0 ] INFO  utils.DatanodeStoreCache (DatanodeStoreCache.java:addDB(58)) - Added db /home/runner/work/ozone/ozone/hadoop-ozone/integration-test/target/test-dir/MiniOzoneClusterImpl-d1b59b44-2044-4343-9d69-28cc870eb01e/datanode-1/data-0/containers/hdds/d1b59b44-2044-4343-9d69-28cc870eb01e/DS-26133db5-2e33-42b3-97b9-fbb16fc9b42c/container.db to cache
2023-02-22 04:45:48,556 [EndpointStateMachine task thread for /0.0.0.0:38827 - 0 ] INFO  volume.HddsVolume (HddsVolume.java:createDbStore(331)) - SchemaV3 db is created and loaded at /home/runner/work/ozone/ozone/hadoop-ozone/integration-test/target/test-dir/MiniOzoneClusterImpl-d1b59b44-2044-4343-9d69-28cc870eb01e/datanode-1/data-0/containers/hdds/d1b59b44-2044-4343-9d69-28cc870eb01e/DS-26133db5-2e33-42b3-97b9-fbb16fc9b42c/container.db for volume DS-26133db5-2e33-42b3-97b9-fbb16fc9b42c
2023-02-22 04:45:48,556 [EndpointStateMachine task thread for /0.0.0.0:38827 - 0 ] INFO  ozoneimpl.OzoneContainer (OzoneContainer.java:start(398)) - Attempting to start container services.
2023-02-22 04:45:48,557 [EndpointStateMachine task thread for /0.0.0.0:38827 - 0 ] INFO  ozoneimpl.OzoneContainer (OzoneContainer.java:startContainerScrub(315)) - Scheduled background container scanners and the on-demand container scanner have been disabled.
2023-02-22 04:45:48,562 [EndpointStateMachine task thread for /0.0.0.0:38827 - 0 ] INFO  replication.ReplicationServer (ReplicationServer.java:start(109)) - ReplicationServer is started using port 43985
2023-02-22 04:45:48,562 [EndpointStateMachine task thread for /0.0.0.0:38827 - 0 ] INFO  ratis.XceiverServerRatis (XceiverServerRatis.java:start(518)) - Starting XceiverServerRatis 06733870-8d62-448b-a196-7afd6df13a68
2023-02-22 04:45:48,565 [EndpointStateMachine task thread for /0.0.0.0:38827 - 0 ] INFO  server.RaftServer (RaftServerProxy.java:startImpl(393)) - 06733870-8d62-448b-a196-7afd6df13a68: start RPC server
2023-02-22 04:45:48,570 [EndpointStateMachine task thread for /0.0.0.0:38827 - 0 ] INFO  server.GrpcService (GrpcService.java:startImpl(262)) - 06733870-8d62-448b-a196-7afd6df13a68: GrpcService started, listening on 40835
2023-02-22 04:45:48,570 [EndpointStateMachine task thread for /0.0.0.0:38827 - 0 ] INFO  ratis.XceiverServerRatis (XceiverServerRatis.java:getRealPort(544)) - XceiverServerRatis 06733870-8d62-448b-a196-7afd6df13a68 is started using port 40835 for RATIS
2023-02-22 04:45:48,570 [EndpointStateMachine task thread for /0.0.0.0:38827 - 0 ] INFO  ratis.XceiverServerRatis (XceiverServerRatis.java:getRealPort(544)) - XceiverServerRatis 06733870-8d62-448b-a196-7afd6df13a68 is started using port 40835 for RATIS_ADMIN
2023-02-22 04:45:48,570 [JvmPauseMonitor10] INFO  util.JvmPauseMonitor (JvmPauseMonitor.java:run(105)) - JvmPauseMonitor-06733870-8d62-448b-a196-7afd6df13a68: Started
2023-02-22 04:45:48,570 [EndpointStateMachine task thread for /0.0.0.0:38827 - 0 ] INFO  ratis.XceiverServerRatis (XceiverServerRatis.java:getRealPort(544)) - XceiverServerRatis 06733870-8d62-448b-a196-7afd6df13a68 is started using port 40835 for RATIS_SERVER
2023-02-22 04:45:48,571 [EndpointStateMachine task thread for /0.0.0.0:38827 - 0 ] INFO  ratis.XceiverServerRatis (XceiverServerRatis.java:getRealPort(544)) - XceiverServerRatis 06733870-8d62-448b-a196-7afd6df13a68 is started using port 46227 for RATIS_DATASTREAM
2023-02-22 04:45:48,572 [EndpointStateMachine task thread for /0.0.0.0:38827 - 0 ] INFO  server.XceiverServerGrpc (XceiverServerGrpc.java:start(180)) - XceiverServerGrpc 06733870-8d62-448b-a196-7afd6df13a68 is started using port 42367
2023-02-22 04:45:48,648 [EndpointStateMachine task thread for /0.0.0.0:33645 - 0 ] INFO  ipc.Client (Client.java:handleConnectionFailure(1010)) - Retrying connect to server: 0.0.0.0/0.0.0.0:33645. Already tried 9 time(s); retry policy is RetryUpToMaximumCountWithFixedSleep(maxRetries=15, sleepTime=1000 MILLISECONDS)
2023-02-22 04:45:48,863 [Listener at 127.0.0.1/44521] INFO  ozone.MiniOzoneClusterImpl (MiniOzoneClusterImpl.java:lambda$waitForClusterToBeReady$0(218)) - Waiting for nodes to be ready. Got 0 of 3 DN Heartbeats.
2023-02-22 04:45:48,863 [Listener at 127.0.0.1/44521] INFO  ozone.MiniOzoneClusterImpl (MiniOzoneClusterImpl.java:lambda$waitForClusterToBeReady$0(221)) - Waiting for cluster to exit safe mode
2023-02-22 04:45:48,863 [Listener at 127.0.0.1/44521] INFO  ozone.MiniOzoneClusterImpl (MiniOzoneClusterImpl.java:lambda$waitForClusterToBeReady$0(223)) - SCM became leader
2023-02-22 04:45:48,912 [EndpointStateMachine task thread for /0.0.0.0:38827 - 0 ] INFO  utils.DatanodeStoreCache (DatanodeStoreCache.java:addDB(58)) - Added db /home/runner/work/ozone/ozone/hadoop-ozone/integration-test/target/test-dir/MiniOzoneClusterImpl-d1b59b44-2044-4343-9d69-28cc870eb01e/datanode-2/data-0/containers/hdds/d1b59b44-2044-4343-9d69-28cc870eb01e/DS-3e04b4bf-0b66-4d4b-950d-976cedc1521a/container.db to cache
2023-02-22 04:45:48,912 [EndpointStateMachine task thread for /0.0.0.0:38827 - 0 ] INFO  volume.HddsVolume (HddsVolume.java:createDbStore(331)) - SchemaV3 db is created and loaded at /home/runner/work/ozone/ozone/hadoop-ozone/integration-test/target/test-dir/MiniOzoneClusterImpl-d1b59b44-2044-4343-9d69-28cc870eb01e/datanode-2/data-0/containers/hdds/d1b59b44-2044-4343-9d69-28cc870eb01e/DS-3e04b4bf-0b66-4d4b-950d-976cedc1521a/container.db for volume DS-3e04b4bf-0b66-4d4b-950d-976cedc1521a
2023-02-22 04:45:48,912 [EndpointStateMachine task thread for /0.0.0.0:38827 - 0 ] INFO  ozoneimpl.OzoneContainer (OzoneContainer.java:start(398)) - Attempting to start container services.
2023-02-22 04:45:48,912 [EndpointStateMachine task thread for /0.0.0.0:38827 - 0 ] INFO  ozoneimpl.OzoneContainer (OzoneContainer.java:startContainerScrub(315)) - Scheduled background container scanners and the on-demand container scanner have been disabled.
2023-02-22 04:45:48,918 [EndpointStateMachine task thread for /0.0.0.0:38827 - 0 ] INFO  replication.ReplicationServer (ReplicationServer.java:start(109)) - ReplicationServer is started using port 41935
2023-02-22 04:45:48,918 [EndpointStateMachine task thread for /0.0.0.0:38827 - 0 ] INFO  ratis.XceiverServerRatis (XceiverServerRatis.java:start(518)) - Starting XceiverServerRatis ffdcdc5d-4960-49c6-84a1-25480d1d38bf
2023-02-22 04:45:48,919 [EndpointStateMachine task thread for /0.0.0.0:38827 - 0 ] INFO  server.RaftServer (RaftServerProxy.java:startImpl(393)) - ffdcdc5d-4960-49c6-84a1-25480d1d38bf: start RPC server
2023-02-22 04:45:48,921 [EndpointStateMachine task thread for /0.0.0.0:38827 - 0 ] INFO  server.GrpcService (GrpcService.java:startImpl(262)) - ffdcdc5d-4960-49c6-84a1-25480d1d38bf: GrpcService started, listening on 46217
2023-02-22 04:45:48,921 [EndpointStateMachine task thread for /0.0.0.0:38827 - 0 ] INFO  ratis.XceiverServerRatis (XceiverServerRatis.java:getRealPort(544)) - XceiverServerRatis ffdcdc5d-4960-49c6-84a1-25480d1d38bf is started using port 46217 for RATIS
2023-02-22 04:45:48,921 [EndpointStateMachine task thread for /0.0.0.0:38827 - 0 ] INFO  ratis.XceiverServerRatis (XceiverServerRatis.java:getRealPort(544)) - XceiverServerRatis ffdcdc5d-4960-49c6-84a1-25480d1d38bf is started using port 46217 for RATIS_ADMIN
2023-02-22 04:45:48,921 [JvmPauseMonitor11] INFO  util.JvmPauseMonitor (JvmPauseMonitor.java:run(105)) - JvmPauseMonitor-ffdcdc5d-4960-49c6-84a1-25480d1d38bf: Started
2023-02-22 04:45:48,921 [EndpointStateMachine task thread for /0.0.0.0:38827 - 0 ] INFO  ratis.XceiverServerRatis (XceiverServerRatis.java:getRealPort(544)) - XceiverServerRatis ffdcdc5d-4960-49c6-84a1-25480d1d38bf is started using port 46217 for RATIS_SERVER
2023-02-22 04:45:48,921 [EndpointStateMachine task thread for /0.0.0.0:38827 - 0 ] INFO  ratis.XceiverServerRatis (XceiverServerRatis.java:getRealPort(544)) - XceiverServerRatis ffdcdc5d-4960-49c6-84a1-25480d1d38bf is started using port 40923 for RATIS_DATASTREAM
2023-02-22 04:45:48,926 [EndpointStateMachine task thread for /0.0.0.0:38827 - 0 ] INFO  server.XceiverServerGrpc (XceiverServerGrpc.java:start(180)) - XceiverServerGrpc ffdcdc5d-4960-49c6-84a1-25480d1d38bf is started using port 41737
2023-02-22 04:45:49,648 [EndpointStateMachine task thread for /0.0.0.0:33645 - 0 ] INFO  ipc.Client (Client.java:handleConnectionFailure(1010)) - Retrying connect to server: 0.0.0.0/0.0.0.0:33645. Already tried 10 time(s); retry policy is RetryUpToMaximumCountWithFixedSleep(maxRetries=15, sleepTime=1000 MILLISECONDS)
2023-02-22 04:45:49,864 [Listener at 127.0.0.1/44521] INFO  ozone.MiniOzoneClusterImpl (MiniOzoneClusterImpl.java:lambda$waitForClusterToBeReady$0(218)) - Waiting for nodes to be ready. Got 0 of 3 DN Heartbeats.
2023-02-22 04:45:49,864 [Listener at 127.0.0.1/44521] INFO  ozone.MiniOzoneClusterImpl (MiniOzoneClusterImpl.java:lambda$waitForClusterToBeReady$0(221)) - Waiting for cluster to exit safe mode
2023-02-22 04:45:49,864 [Listener at 127.0.0.1/44521] INFO  ozone.MiniOzoneClusterImpl (MiniOzoneClusterImpl.java:lambda$waitForClusterToBeReady$0(223)) - SCM became leader
2023-02-22 04:45:50,192 [IPC Server handler 7 on default port 38827] INFO  net.NetworkTopologyImpl (NetworkTopologyImpl.java:add(112)) - Added a new node: /default-rack/4c420ab8-2e43-407d-b88b-e5dbb58abbd6
2023-02-22 04:45:50,192 [IPC Server handler 7 on default port 38827] INFO  node.SCMNodeManager (SCMNodeManager.java:register(397)) - Registered Data node : 4c420ab8-2e43-407d-b88b-e5dbb58abbd6{ip: 10.1.78.0, host: fv-az748-120.4k5rsvd4cmqu5oxra434zmszlb.cx.internal.cloudapp.net, ports: [REPLICATION=41615, RATIS=36163, RATIS_ADMIN=36163, RATIS_SERVER=36163, RATIS_DATASTREAM=35685, STANDALONE=35523], networkLocation: /default-rack, certSerialId: null, persistedOpState: null, persistedOpStateExpiryEpochSec: 0}
2023-02-22 04:45:50,194 [EventQueue-NodeRegistrationContainerReportForContainerSafeModeRule] INFO  safemode.SCMSafeModeManager (SCMSafeModeManager.java:validateSafeModeExitRules(200)) - ContainerSafeModeRule rule is successfully validated
2023-02-22 04:45:50,201 [EventQueue-NodeRegistrationContainerReportForDataNodeSafeModeRule] INFO  safemode.SCMSafeModeManager (DataNodeSafeModeRule.java:process(71)) - SCM in safe mode. 1 DataNodes registered, 3 required.
2023-02-22 04:45:50,201 [EventQueue-NewNodeForNewNodeHandler] INFO  pipeline.BackgroundPipelineCreator (BackgroundPipelineCreator.java:notifyEventTriggered(276)) - trigger a one-shot run on RatisPipelineUtilsThread.
2023-02-22 04:45:50,202 [EventQueue-PipelineReportForOneReplicaPipelineSafeModeRule] INFO  safemode.SCMSafeModeManager (SCMSafeModeManager.java:validateSafeModeExitRules(200)) - AtleastOneDatanodeReportedRule rule is successfully validated
2023-02-22 04:45:50,202 [RatisPipelineUtilsThread - 0] INFO  pipeline.RatisPipelineProvider (RatisPipelineProvider.java:lambda$create$0(206)) - Sending CreatePipelineCommand for pipeline:PipelineID=0bc60925-52a7-4266-a28c-0c485cd398f6 to datanode:4c420ab8-2e43-407d-b88b-e5dbb58abbd6
2023-02-22 04:45:50,203 [RatisPipelineUtilsThread - 0] INFO  pipeline.PipelineStateManagerImpl (PipelineStateManagerImpl.java:addPipeline(103)) - Created pipeline Pipeline[ Id: 0bc60925-52a7-4266-a28c-0c485cd398f6, Nodes: 4c420ab8-2e43-407d-b88b-e5dbb58abbd6(fv-az748-120.4k5rsvd4cmqu5oxra434zmszlb.cx.internal.cloudapp.net/10.1.78.0), ReplicationConfig: RATIS/ONE, State:ALLOCATED, leaderId:, CreationTimestamp2023-02-22T04:45:50.202Z[Etc/UTC]].
2023-02-22 04:45:50,528 [IPC Server handler 0 on default port 38827] INFO  net.NetworkTopologyImpl (NetworkTopologyImpl.java:add(112)) - Added a new node: /default-rack/06733870-8d62-448b-a196-7afd6df13a68
2023-02-22 04:45:50,528 [IPC Server handler 0 on default port 38827] INFO  node.SCMNodeManager (SCMNodeManager.java:register(397)) - Registered Data node : 06733870-8d62-448b-a196-7afd6df13a68{ip: 10.1.78.0, host: fv-az748-120.4k5rsvd4cmqu5oxra434zmszlb.cx.internal.cloudapp.net, ports: [REPLICATION=43985, RATIS=40835, RATIS_ADMIN=40835, RATIS_SERVER=40835, RATIS_DATASTREAM=46227, STANDALONE=42367], networkLocation: /default-rack, certSerialId: null, persistedOpState: null, persistedOpStateExpiryEpochSec: 0}
2023-02-22 04:45:50,529 [EventQueue-NewNodeForNewNodeHandler] INFO  pipeline.BackgroundPipelineCreator (BackgroundPipelineCreator.java:notifyEventTriggered(276)) - trigger a one-shot run on RatisPipelineUtilsThread.
2023-02-22 04:45:50,531 [EventQueue-NodeRegistrationContainerReportForDataNodeSafeModeRule] INFO  safemode.SCMSafeModeManager (DataNodeSafeModeRule.java:process(71)) - SCM in safe mode. 2 DataNodes registered, 3 required.
2023-02-22 04:45:50,531 [RatisPipelineUtilsThread - 0] INFO  pipeline.RatisPipelineProvider (RatisPipelineProvider.java:lambda$create$0(206)) - Sending CreatePipelineCommand for pipeline:PipelineID=b1a4362c-7d62-4beb-a880-f18b0086bd2a to datanode:06733870-8d62-448b-a196-7afd6df13a68
2023-02-22 04:45:50,532 [RatisPipelineUtilsThread - 0] INFO  pipeline.PipelineStateManagerImpl (PipelineStateManagerImpl.java:addPipeline(103)) - Created pipeline Pipeline[ Id: b1a4362c-7d62-4beb-a880-f18b0086bd2a, Nodes: 06733870-8d62-448b-a196-7afd6df13a68(fv-az748-120.4k5rsvd4cmqu5oxra434zmszlb.cx.internal.cloudapp.net/10.1.78.0), ReplicationConfig: RATIS/ONE, State:ALLOCATED, leaderId:, CreationTimestamp2023-02-22T04:45:50.531Z[Etc/UTC]].
2023-02-22 04:45:50,649 [EndpointStateMachine task thread for /0.0.0.0:33645 - 0 ] INFO  ipc.Client (Client.java:handleConnectionFailure(1010)) - Retrying connect to server: 0.0.0.0/0.0.0.0:33645. Already tried 11 time(s); retry policy is RetryUpToMaximumCountWithFixedSleep(maxRetries=15, sleepTime=1000 MILLISECONDS)
2023-02-22 04:45:50,864 [Listener at 127.0.0.1/44521] INFO  ozone.MiniOzoneClusterImpl (MiniOzoneClusterImpl.java:lambda$waitForClusterToBeReady$0(218)) - Waiting for nodes to be ready. Got 2 of 3 DN Heartbeats.
2023-02-22 04:45:50,864 [Listener at 127.0.0.1/44521] INFO  ozone.MiniOzoneClusterImpl (MiniOzoneClusterImpl.java:lambda$waitForClusterToBeReady$0(221)) - Waiting for cluster to exit safe mode
2023-02-22 04:45:50,864 [Listener at 127.0.0.1/44521] INFO  ozone.MiniOzoneClusterImpl (MiniOzoneClusterImpl.java:lambda$waitForClusterToBeReady$0(223)) - SCM became leader
2023-02-22 04:45:50,870 [IPC Server handler 5 on default port 38827] INFO  net.NetworkTopologyImpl (NetworkTopologyImpl.java:add(112)) - Added a new node: /default-rack/ffdcdc5d-4960-49c6-84a1-25480d1d38bf
2023-02-22 04:45:50,871 [IPC Server handler 5 on default port 38827] INFO  node.SCMNodeManager (SCMNodeManager.java:register(397)) - Registered Data node : ffdcdc5d-4960-49c6-84a1-25480d1d38bf{ip: 10.1.78.0, host: fv-az748-120.4k5rsvd4cmqu5oxra434zmszlb.cx.internal.cloudapp.net, ports: [REPLICATION=41935, RATIS=46217, RATIS_ADMIN=46217, RATIS_SERVER=46217, RATIS_DATASTREAM=40923, STANDALONE=41737], networkLocation: /default-rack, certSerialId: null, persistedOpState: null, persistedOpStateExpiryEpochSec: 0}
2023-02-22 04:45:50,871 [EventQueue-NodeRegistrationContainerReportForDataNodeSafeModeRule] INFO  safemode.SCMSafeModeManager (DataNodeSafeModeRule.java:process(71)) - SCM in safe mode. 3 DataNodes registered, 3 required.
2023-02-22 04:45:50,871 [EventQueue-NodeRegistrationContainerReportForDataNodeSafeModeRule] INFO  safemode.SCMSafeModeManager (SCMSafeModeManager.java:validateSafeModeExitRules(200)) - DataNodeSafeModeRule rule is successfully validated
2023-02-22 04:45:50,871 [EventQueue-NodeRegistrationContainerReportForDataNodeSafeModeRule] INFO  safemode.SCMSafeModeManager (SCMSafeModeManager.java:completePreCheck(229)) - All SCM safe mode pre check rules have passed
2023-02-22 04:45:50,871 [EventQueue-NodeRegistrationContainerReportForDataNodeSafeModeRule] INFO  ha.SCMContext (SCMContext.java:updateSafeModeStatus(228)) - Update SafeModeStatus from SafeModeStatus{safeModeStatus=true, preCheckPassed=false} to SafeModeStatus{safeModeStatus=true, preCheckPassed=true}.
2023-02-22 04:45:50,871 [EventQueue-NodeRegistrationContainerReportForDataNodeSafeModeRule] INFO  pipeline.BackgroundPipelineCreator (BackgroundPipelineCreator.java:notifyEventTriggered(276)) - trigger a one-shot run on RatisPipelineUtilsThread.
2023-02-22 04:45:50,871 [EventQueue-NewNodeForNewNodeHandler] INFO  pipeline.BackgroundPipelineCreator (BackgroundPipelineCreator.java:notifyEventTriggered(276)) - trigger a one-shot run on RatisPipelineUtilsThread.
2023-02-22 04:45:50,871 [RatisPipelineUtilsThread - 0] INFO  pipeline.RatisPipelineProvider (RatisPipelineProvider.java:lambda$create$0(206)) - Sending CreatePipelineCommand for pipeline:PipelineID=2d3482bb-ae33-4d4c-ba22-5482f95b9549 to datanode:ffdcdc5d-4960-49c6-84a1-25480d1d38bf
2023-02-22 04:45:50,872 [RatisPipelineUtilsThread - 0] INFO  pipeline.PipelineStateManagerImpl (PipelineStateManagerImpl.java:addPipeline(103)) - Created pipeline Pipeline[ Id: 2d3482bb-ae33-4d4c-ba22-5482f95b9549, Nodes: ffdcdc5d-4960-49c6-84a1-25480d1d38bf(fv-az748-120.4k5rsvd4cmqu5oxra434zmszlb.cx.internal.cloudapp.net/10.1.78.0), ReplicationConfig: RATIS/ONE, State:ALLOCATED, leaderId:, CreationTimestamp2023-02-22T04:45:50.871Z[Etc/UTC]].
2023-02-22 04:45:50,872 [RatisPipelineUtilsThread - 0] INFO  pipeline.RatisPipelineProvider (RatisPipelineProvider.java:lambda$create$0(206)) - Sending CreatePipelineCommand for pipeline:PipelineID=32b315fb-14a4-4336-ab22-a783d8486497 to datanode:ffdcdc5d-4960-49c6-84a1-25480d1d38bf
2023-02-22 04:45:50,872 [RatisPipelineUtilsThread - 0] INFO  pipeline.RatisPipelineProvider (RatisPipelineProvider.java:lambda$create$0(206)) - Sending CreatePipelineCommand for pipeline:PipelineID=32b315fb-14a4-4336-ab22-a783d8486497 to datanode:4c420ab8-2e43-407d-b88b-e5dbb58abbd6
2023-02-22 04:45:50,872 [RatisPipelineUtilsThread - 0] INFO  pipeline.RatisPipelineProvider (RatisPipelineProvider.java:lambda$create$0(206)) - Sending CreatePipelineCommand for pipeline:PipelineID=32b315fb-14a4-4336-ab22-a783d8486497 to datanode:06733870-8d62-448b-a196-7afd6df13a68
2023-02-22 04:45:50,872 [RatisPipelineUtilsThread - 0] INFO  pipeline.PipelineStateManagerImpl (PipelineStateManagerImpl.java:addPipeline(103)) - Created pipeline Pipeline[ Id: 32b315fb-14a4-4336-ab22-a783d8486497, Nodes: ffdcdc5d-4960-49c6-84a1-25480d1d38bf(fv-az748-120.4k5rsvd4cmqu5oxra434zmszlb.cx.internal.cloudapp.net/10.1.78.0)4c420ab8-2e43-407d-b88b-e5dbb58abbd6(fv-az748-120.4k5rsvd4cmqu5oxra434zmszlb.cx.internal.cloudapp.net/10.1.78.0)06733870-8d62-448b-a196-7afd6df13a68(fv-az748-120.4k5rsvd4cmqu5oxra434zmszlb.cx.internal.cloudapp.net/10.1.78.0), ReplicationConfig: RATIS/THREE, State:ALLOCATED, leaderId:, CreationTimestamp2023-02-22T04:45:50.872Z[Etc/UTC]].
2023-02-22 04:45:50,873 [RatisPipelineUtilsThread - 0] INFO  pipeline.RatisPipelineProvider (RatisPipelineProvider.java:lambda$create$0(206)) - Sending CreatePipelineCommand for pipeline:PipelineID=95791022-8b4e-4ed7-ad2b-4a5e83864a26 to datanode:06733870-8d62-448b-a196-7afd6df13a68
2023-02-22 04:45:50,873 [RatisPipelineUtilsThread - 0] INFO  pipeline.RatisPipelineProvider (RatisPipelineProvider.java:lambda$create$0(206)) - Sending CreatePipelineCommand for pipeline:PipelineID=95791022-8b4e-4ed7-ad2b-4a5e83864a26 to datanode:4c420ab8-2e43-407d-b88b-e5dbb58abbd6
2023-02-22 04:45:50,873 [RatisPipelineUtilsThread - 0] INFO  pipeline.RatisPipelineProvider (RatisPipelineProvider.java:lambda$create$0(206)) - Sending CreatePipelineCommand for pipeline:PipelineID=95791022-8b4e-4ed7-ad2b-4a5e83864a26 to datanode:ffdcdc5d-4960-49c6-84a1-25480d1d38bf
2023-02-22 04:45:50,873 [RatisPipelineUtilsThread - 0] INFO  pipeline.PipelineStateManagerImpl (PipelineStateManagerImpl.java:addPipeline(103)) - Created pipeline Pipeline[ Id: 95791022-8b4e-4ed7-ad2b-4a5e83864a26, Nodes: 06733870-8d62-448b-a196-7afd6df13a68(fv-az748-120.4k5rsvd4cmqu5oxra434zmszlb.cx.internal.cloudapp.net/10.1.78.0)4c420ab8-2e43-407d-b88b-e5dbb58abbd6(fv-az748-120.4k5rsvd4cmqu5oxra434zmszlb.cx.internal.cloudapp.net/10.1.78.0)ffdcdc5d-4960-49c6-84a1-25480d1d38bf(fv-az748-120.4k5rsvd4cmqu5oxra434zmszlb.cx.internal.cloudapp.net/10.1.78.0), ReplicationConfig: RATIS/THREE, State:ALLOCATED, leaderId:, CreationTimestamp2023-02-22T04:45:50.873Z[Etc/UTC]].
2023-02-22 04:45:50,873 [RatisPipelineUtilsThread - 0] INFO  pipeline.PipelineManagerImpl (PipelineManagerImpl.java:recordMetricsForPipeline(826)) - Pipeline: PipelineID=95791022-8b4e-4ed7-ad2b-4a5e83864a26 contains same datanodes as previous pipelines: PipelineID=32b315fb-14a4-4336-ab22-a783d8486497 nodeIds: 06733870-8d62-448b-a196-7afd6df13a68, 4c420ab8-2e43-407d-b88b-e5dbb58abbd6, ffdcdc5d-4960-49c6-84a1-25480d1d38bf
2023-02-22 04:45:50,874 [RatisPipelineUtilsThread - 0] WARN  pipeline.PipelinePlacementPolicy (PipelinePlacementPolicy.java:filterViableNodes(158)) - Pipeline creation failed due to no sufficient healthy datanodes. Required 3. Found 0.
2023-02-22 04:45:50,874 [RatisPipelineUtilsThread - 0] WARN  pipeline.PipelinePlacementPolicy (PipelinePlacementPolicy.java:filterViableNodes(158)) - Pipeline creation failed due to no sufficient healthy datanodes. Required 3. Found 0.
2023-02-22 04:45:51,650 [EndpointStateMachine task thread for /0.0.0.0:33645 - 0 ] INFO  ipc.Client (Client.java:handleConnectionFailure(1010)) - Retrying connect to server: 0.0.0.0/0.0.0.0:33645. Already tried 12 time(s); retry policy is RetryUpToMaximumCountWithFixedSleep(maxRetries=15, sleepTime=1000 MILLISECONDS)
2023-02-22 04:45:51,865 [Listener at 127.0.0.1/44521] INFO  ozone.MiniOzoneClusterImpl (MiniOzoneClusterImpl.java:lambda$waitForClusterToBeReady$0(218)) - Nodes are ready. Got 3 of 3 DN Heartbeats.
2023-02-22 04:45:51,865 [Listener at 127.0.0.1/44521] INFO  ozone.MiniOzoneClusterImpl (MiniOzoneClusterImpl.java:lambda$waitForClusterToBeReady$0(221)) - Waiting for cluster to exit safe mode
2023-02-22 04:45:51,865 [Listener at 127.0.0.1/44521] INFO  ozone.MiniOzoneClusterImpl (MiniOzoneClusterImpl.java:lambda$waitForClusterToBeReady$0(223)) - SCM became leader
2023-02-22 04:45:52,651 [EndpointStateMachine task thread for /0.0.0.0:33645 - 0 ] INFO  ipc.Client (Client.java:handleConnectionFailure(1010)) - Retrying connect to server: 0.0.0.0/0.0.0.0:33645. Already tried 13 time(s); retry policy is RetryUpToMaximumCountWithFixedSleep(maxRetries=15, sleepTime=1000 MILLISECONDS)
2023-02-22 04:45:52,865 [Listener at 127.0.0.1/44521] INFO  ozone.MiniOzoneClusterImpl (MiniOzoneClusterImpl.java:lambda$waitForClusterToBeReady$0(218)) - Nodes are ready. Got 3 of 3 DN Heartbeats.
2023-02-22 04:45:52,865 [Listener at 127.0.0.1/44521] INFO  ozone.MiniOzoneClusterImpl (MiniOzoneClusterImpl.java:lambda$waitForClusterToBeReady$0(221)) - Waiting for cluster to exit safe mode
2023-02-22 04:45:52,865 [Listener at 127.0.0.1/44521] INFO  ozone.MiniOzoneClusterImpl (MiniOzoneClusterImpl.java:lambda$waitForClusterToBeReady$0(223)) - SCM became leader
2023-02-22 04:45:53,193 [Command processor thread] INFO  server.RaftServer (RaftServerProxy.java:addNew(96)) - 4c420ab8-2e43-407d-b88b-e5dbb58abbd6: addNew group-0C485CD398F6:[4c420ab8-2e43-407d-b88b-e5dbb58abbd6|rpc:10.1.78.0:36163|dataStream:10.1.78.0:35685|priority:1|startupRole:FOLLOWER] returns group-0C485CD398F6:java.util.concurrent.CompletableFuture@1e45b7ba[Not completed]
2023-02-22 04:45:53,194 [pool-806-thread-1] INFO  server.RaftServer$Division (RaftServerImpl.java:<init>(195)) - 4c420ab8-2e43-407d-b88b-e5dbb58abbd6: new RaftServerImpl for group-0C485CD398F6:[4c420ab8-2e43-407d-b88b-e5dbb58abbd6|rpc:10.1.78.0:36163|dataStream:10.1.78.0:35685|priority:1|startupRole:FOLLOWER] with ContainerStateMachine:uninitialized
2023-02-22 04:45:53,195 [pool-806-thread-1] INFO  server.RaftServerConfigKeys (ConfUtils.java:logGet(46)) - raft.server.rpc.timeout.min = 5s (custom)
2023-02-22 04:45:53,195 [pool-806-thread-1] INFO  server.RaftServerConfigKeys (ConfUtils.java:logGet(46)) - raft.server.rpc.timeout.max = 5200ms (custom)
2023-02-22 04:45:53,195 [pool-806-thread-1] INFO  server.RaftServerConfigKeys (ConfUtils.java:logGet(46)) - raft.server.rpc.sleep.time = 25ms (default)
2023-02-22 04:45:53,195 [pool-806-thread-1] INFO  server.RaftServerConfigKeys (ConfUtils.java:logGet(46)) - raft.server.rpc.slowness.timeout = 300s (custom)
2023-02-22 04:45:53,195 [pool-806-thread-1] INFO  server.RaftServerConfigKeys (ConfUtils.java:logGet(46)) - raft.server.leaderelection.leader.step-down.wait-time = 10s (default)
2023-02-22 04:45:53,195 [pool-806-thread-1] INFO  server.RaftServerConfigKeys (ConfUtils.java:logGet(46)) - raft.server.sleep.deviation.threshold = 300ms (default)
2023-02-22 04:45:53,197 [pool-806-thread-1] INFO  server.RaftServer$Division (ServerState.java:<init>(118)) - 4c420ab8-2e43-407d-b88b-e5dbb58abbd6@group-0C485CD398F6: ConfigurationManager, init=-1: peers:[4c420ab8-2e43-407d-b88b-e5dbb58abbd6|rpc:10.1.78.0:36163|dataStream:10.1.78.0:35685|priority:1|startupRole:FOLLOWER]|listeners:[], old=null, confs=<EMPTY_MAP>
2023-02-22 04:45:53,197 [pool-806-thread-1] INFO  server.RaftServerConfigKeys (ConfUtils.java:logGet(46)) - raft.server.storage.dir = [/home/runner/work/ozone/ozone/hadoop-ozone/integration-test/target/test-dir/MiniOzoneClusterImpl-d1b59b44-2044-4343-9d69-28cc870eb01e/datanode-0/data/ratis] (custom)
2023-02-22 04:45:53,197 [pool-806-thread-1] INFO  server.RaftServerConfigKeys (ConfUtils.java:logGet(46)) - raft.server.log.corruption.policy = EXCEPTION (default)
2023-02-22 04:45:53,197 [pool-806-thread-1] INFO  server.RaftServerConfigKeys (ConfUtils.java:logGet(46)) - raft.server.storage.free-space.min = 0MB (=0) (default)
2023-02-22 04:45:53,198 [pool-806-thread-1] INFO  server.RaftServerConfigKeys (ConfUtils.java:logGet(46)) - raft.server.notification.no-leader.timeout = 300s (custom)
2023-02-22 04:45:53,198 [pool-806-thread-1] INFO  server.RaftServerConfigKeys (ConfUtils.java:logGet(46)) - raft.server.retrycache.expirytime = 600000ms (custom)
2023-02-22 04:45:53,198 [pool-806-thread-1] INFO  server.RaftServerConfigKeys (ConfUtils.java:logGet(46)) - raft.server.retrycache.statistics.expirytime = 100μs (default)
2023-02-22 04:45:53,200 [pool-806-thread-1] INFO  server.RaftServerConfigKeys (ConfUtils.java:logGet(46)) - raft.server.log.appender.install.snapshot.enabled = false (custom)
2023-02-22 04:45:53,200 [pool-806-thread-1] INFO  server.RaftServerConfigKeys (ConfUtils.java:logGet(46)) - raft.server.threadpool.server.cached = true (default)
2023-02-22 04:45:53,200 [pool-806-thread-1] INFO  server.RaftServerConfigKeys (ConfUtils.java:logGet(46)) - raft.server.threadpool.server.size = 0 (default)
2023-02-22 04:45:53,200 [pool-806-thread-1] INFO  server.RaftServerConfigKeys (ConfUtils.java:logGet(46)) - raft.server.threadpool.client.cached = true (default)
2023-02-22 04:45:53,200 [pool-806-thread-1] INFO  server.RaftServerConfigKeys (ConfUtils.java:logGet(46)) - raft.server.threadpool.client.size = 0 (default)
2023-02-22 04:45:53,200 [pool-806-thread-1] INFO  storage.RaftStorageDirectory (RaftStorageDirectoryImpl.java:analyzeStorage(137)) - The storage directory /home/runner/work/ozone/ozone/hadoop-ozone/integration-test/target/test-dir/MiniOzoneClusterImpl-d1b59b44-2044-4343-9d69-28cc870eb01e/datanode-0/data/ratis/0bc60925-52a7-4266-a28c-0c485cd398f6 does not exist. Creating ...
2023-02-22 04:45:53,201 [pool-806-thread-1] INFO  storage.RaftStorageDirectory (RaftStorageDirectoryImpl.java:tryLock(231)) - Lock on /home/runner/work/ozone/ozone/hadoop-ozone/integration-test/target/test-dir/MiniOzoneClusterImpl-d1b59b44-2044-4343-9d69-28cc870eb01e/datanode-0/data/ratis/0bc60925-52a7-4266-a28c-0c485cd398f6/in_use.lock acquired by nodename 93364@fv-az748-120
2023-02-22 04:45:53,202 [pool-806-thread-1] INFO  storage.RaftStorage (RaftStorageImpl.java:format(96)) - Storage directory /home/runner/work/ozone/ozone/hadoop-ozone/integration-test/target/test-dir/MiniOzoneClusterImpl-d1b59b44-2044-4343-9d69-28cc870eb01e/datanode-0/data/ratis/0bc60925-52a7-4266-a28c-0c485cd398f6 has been successfully formatted.
2023-02-22 04:45:53,203 [pool-806-thread-1] INFO  ratis.ContainerStateMachine (ContainerStateMachine.java:loadSnapshot(240)) - group-0C485CD398F6: The snapshot info is null. Setting the last applied indexto:(t:0, i:~)
2023-02-22 04:45:53,203 [pool-806-thread-1] INFO  server.RaftServerConfigKeys (ConfUtils.java:logGet(46)) - raft.server.log.use.memory = false (default)
2023-02-22 04:45:53,203 [pool-806-thread-1] INFO  server.RaftServerConfigKeys (ConfUtils.java:logGet(46)) - raft.server.log.purge.gap = 1000000 (custom)
2023-02-22 04:45:53,203 [pool-806-thread-1] INFO  server.RaftServerConfigKeys (ConfUtils.java:logGet(46)) - raft.server.log.appender.buffer.byte-limit = 33554432 (custom)
2023-02-22 04:45:53,204 [pool-806-thread-1] INFO  server.RaftServerConfigKeys (ConfUtils.java:logGet(46)) - raft.server.log.statemachine.data.read.timeout = 1000ms (default)
2023-02-22 04:45:53,204 [EventQueue-PipelineReportForPipelineReportHandler] INFO  pipeline.PipelineManagerImpl (PipelineManagerImpl.java:openPipeline(367)) - Pipeline Pipeline[ Id: 0bc60925-52a7-4266-a28c-0c485cd398f6, Nodes: 4c420ab8-2e43-407d-b88b-e5dbb58abbd6(fv-az748-120.4k5rsvd4cmqu5oxra434zmszlb.cx.internal.cloudapp.net/10.1.78.0), ReplicationConfig: RATIS/ONE, State:ALLOCATED, leaderId:4c420ab8-2e43-407d-b88b-e5dbb58abbd6, CreationTimestamp2023-02-22T04:45:50.202Z[Etc/UTC]] moved to OPEN state
2023-02-22 04:45:53,206 [pool-806-thread-1] INFO  server.RaftServerConfigKeys (ConfUtils.java:logGet(46)) - raft.server.log.purge.preservation.log.num = 0 (default)
2023-02-22 04:45:53,206 [pool-806-thread-1] INFO  server.RaftServerConfigKeys (ConfUtils.java:logGet(46)) - raft.server.log.segment.size.max = 1048576 (custom)
2023-02-22 04:45:53,207 [pool-806-thread-1] INFO  server.RaftServerConfigKeys (ConfUtils.java:logGet(46)) - raft.server.log.segment.cache.num.max = 2 (custom)
2023-02-22 04:45:53,207 [pool-806-thread-1] INFO  server.RaftServerConfigKeys (ConfUtils.java:logGet(46)) - raft.server.log.segment.cache.size.max = 200MB (=209715200) (default)
2023-02-22 04:45:53,207 [pool-806-thread-1] INFO  segmented.SegmentedRaftLogWorker (SegmentedRaftLogWorker.java:<init>(189)) - new 4c420ab8-2e43-407d-b88b-e5dbb58abbd6@group-0C485CD398F6-SegmentedRaftLogWorker for RaftStorageImpl:Storage Directory /home/runner/work/ozone/ozone/hadoop-ozone/integration-test/target/test-dir/MiniOzoneClusterImpl-d1b59b44-2044-4343-9d69-28cc870eb01e/datanode-0/data/ratis/0bc60925-52a7-4266-a28c-0c485cd398f6
2023-02-22 04:45:53,207 [pool-806-thread-1] INFO  server.RaftServerConfigKeys (ConfUtils.java:logGet(46)) - raft.server.log.queue.byte-limit = 4294967296 (custom)
2023-02-22 04:45:53,207 [pool-806-thread-1] INFO  server.RaftServerConfigKeys (ConfUtils.java:logGet(46)) - raft.server.log.queue.element-limit = 1024 (custom)
2023-02-22 04:45:53,207 [pool-806-thread-1] INFO  server.RaftServerConfigKeys (ConfUtils.java:logGet(46)) - raft.server.log.segment.size.max = 1048576 (custom)
2023-02-22 04:45:53,207 [pool-806-thread-1] INFO  server.RaftServerConfigKeys (ConfUtils.java:logGet(46)) - raft.server.log.preallocated.size = 16384 (custom)
2023-02-22 04:45:53,207 [pool-806-thread-1] INFO  server.RaftServerConfigKeys (ConfUtils.java:logGet(46)) - raft.server.log.force.sync.num = 128 (default)
2023-02-22 04:45:53,207 [pool-806-thread-1] INFO  server.RaftServerConfigKeys (ConfUtils.java:logGet(46)) - raft.server.log.statemachine.data.sync = true (default)
2023-02-22 04:45:53,207 [pool-806-thread-1] INFO  server.RaftServerConfigKeys (ConfUtils.java:logGet(46)) - raft.server.log.statemachine.data.sync.timeout = 10s (default)
2023-02-22 04:45:53,207 [pool-806-thread-1] INFO  server.RaftServerConfigKeys (ConfUtils.java:logGet(46)) - raft.server.log.statemachine.data.sync.timeout.retry = -1 (default)
2023-02-22 04:45:53,214 [pool-806-thread-1] INFO  server.RaftServerConfigKeys (ConfUtils.java:logGet(46)) - raft.server.log.write.buffer.size = 1048576 (custom)
2023-02-22 04:45:53,215 [pool-806-thread-1] INFO  server.RaftServerConfigKeys (ConfUtils.java:logGet(46)) - raft.server.log.appender.buffer.byte-limit = 33554432 (custom)
2023-02-22 04:45:53,217 [pool-806-thread-1] INFO  server.RaftServerConfigKeys (ConfUtils.java:logGet(46)) - raft.server.log.unsafe-flush.enabled = false (default)
2023-02-22 04:45:53,217 [pool-806-thread-1] INFO  server.RaftServerConfigKeys (ConfUtils.java:logGet(46)) - raft.server.log.async-flush.enabled = false (default)
2023-02-22 04:45:53,217 [pool-806-thread-1] INFO  server.RaftServerConfigKeys (ConfUtils.java:logGet(46)) - raft.server.log.statemachine.data.caching.enabled = true (custom)
2023-02-22 04:45:53,217 [pool-806-thread-1] INFO  segmented.SegmentedRaftLogWorker (SegmentedRaftLogWorker.java:lambda$new$0(135)) - 4c420ab8-2e43-407d-b88b-e5dbb58abbd6@group-0C485CD398F6-SegmentedRaftLogWorker: flushIndex: setUnconditionally 0 -> -1
2023-02-22 04:45:53,217 [pool-806-thread-1] INFO  segmented.SegmentedRaftLogWorker (SegmentedRaftLogWorker.java:lambda$new$0(135)) - 4c420ab8-2e43-407d-b88b-e5dbb58abbd6@group-0C485CD398F6-SegmentedRaftLogWorker: safeCacheEvictIndex: setUnconditionally 0 -> -1
2023-02-22 04:45:53,228 [EventQueue-OpenPipelineForHealthyPipelineSafeModeRule] INFO  safemode.SCMSafeModeManager (HealthyPipelineSafeModeRule.java:process(137)) - SCM in safe mode. Healthy pipelines reported count is 0, required healthy pipeline reported count is 1
2023-02-22 04:45:53,228 [pool-806-thread-1] INFO  server.RaftServer$Division (RaftServerImpl.java:start(334)) - 4c420ab8-2e43-407d-b88b-e5dbb58abbd6@group-0C485CD398F6: start as a follower, conf=-1: peers:[4c420ab8-2e43-407d-b88b-e5dbb58abbd6|rpc:10.1.78.0:36163|dataStream:10.1.78.0:35685|priority:1|startupRole:FOLLOWER]|listeners:[], old=null
2023-02-22 04:45:53,230 [pool-806-thread-1] INFO  server.RaftServer$Division (RaftServerImpl.java:setRole(321)) - 4c420ab8-2e43-407d-b88b-e5dbb58abbd6@group-0C485CD398F6: changes role from      null to FOLLOWER at term 0 for startAsFollower
2023-02-22 04:45:53,230 [pool-806-thread-1] INFO  impl.RoleInfo (RoleInfo.java:updateAndGet(139)) - 4c420ab8-2e43-407d-b88b-e5dbb58abbd6: start 4c420ab8-2e43-407d-b88b-e5dbb58abbd6@group-0C485CD398F6-FollowerState
2023-02-22 04:45:53,231 [pool-806-thread-1] INFO  util.JmxRegister (JmxRegister.java:tryRegister(44)) - Successfully registered JMX Bean with object name Ratis:service=RaftServer,group=group-0C485CD398F6,id=4c420ab8-2e43-407d-b88b-e5dbb58abbd6
2023-02-22 04:45:53,231 [4c420ab8-2e43-407d-b88b-e5dbb58abbd6@group-0C485CD398F6-FollowerState] INFO  server.RaftServerConfigKeys (ConfUtils.java:logFallback(53)) - raft.server.rpc.first-election.timeout.min = 5s (fallback to raft.server.rpc.timeout.min)
2023-02-22 04:45:53,231 [pool-806-thread-1] INFO  server.RaftServerConfigKeys (ConfUtils.java:logGet(46)) - raft.server.snapshot.auto.trigger.enabled = true (custom)
2023-02-22 04:45:53,231 [4c420ab8-2e43-407d-b88b-e5dbb58abbd6@group-0C485CD398F6-FollowerState] INFO  server.RaftServerConfigKeys (ConfUtils.java:logFallback(53)) - raft.server.rpc.first-election.timeout.max = 5200ms (fallback to raft.server.rpc.timeout.max)
2023-02-22 04:45:53,231 [pool-806-thread-1] INFO  server.RaftServerConfigKeys (ConfUtils.java:logGet(46)) - raft.server.snapshot.auto.trigger.threshold = 10000 (custom)
2023-02-22 04:45:53,237 [pool-806-thread-1] INFO  server.RaftServerConfigKeys (ConfUtils.java:logGet(46)) - raft.server.snapshot.retention.file.num = 5 (custom)
2023-02-22 04:45:53,238 [pool-806-thread-1] INFO  server.RaftServerConfigKeys (ConfUtils.java:logGet(46)) - raft.server.log.purge.upto.snapshot.index = false (default)
2023-02-22 04:45:53,243 [Command processor thread] INFO  ratis.XceiverServerRatis (XceiverServerRatis.java:addGroup(807)) - Created group PipelineID=0bc60925-52a7-4266-a28c-0c485cd398f6
2023-02-22 04:45:53,243 [Command processor thread] INFO  commandhandler.CreatePipelineCommandHandler (CreatePipelineCommandHandler.java:handle(113)) - Created Pipeline RATIS ONE PipelineID=0bc60925-52a7-4266-a28c-0c485cd398f6.
2023-02-22 04:45:53,244 [Command processor thread] INFO  server.RaftServer (RaftServerProxy.java:addNew(96)) - 4c420ab8-2e43-407d-b88b-e5dbb58abbd6: addNew group-A783D8486497:[06733870-8d62-448b-a196-7afd6df13a68|rpc:10.1.78.0:40835|dataStream:10.1.78.0:46227|priority:0|startupRole:FOLLOWER, ffdcdc5d-4960-49c6-84a1-25480d1d38bf|rpc:10.1.78.0:46217|dataStream:10.1.78.0:40923|priority:0|startupRole:FOLLOWER, 4c420ab8-2e43-407d-b88b-e5dbb58abbd6|rpc:10.1.78.0:36163|dataStream:10.1.78.0:35685|priority:1|startupRole:FOLLOWER] returns group-A783D8486497:java.util.concurrent.CompletableFuture@1a7a20aa[Not completed]
2023-02-22 04:45:53,265 [pool-806-thread-1] INFO  server.RaftServer$Division (RaftServerImpl.java:<init>(195)) - 4c420ab8-2e43-407d-b88b-e5dbb58abbd6: new RaftServerImpl for group-A783D8486497:[06733870-8d62-448b-a196-7afd6df13a68|rpc:10.1.78.0:40835|dataStream:10.1.78.0:46227|priority:0|startupRole:FOLLOWER, ffdcdc5d-4960-49c6-84a1-25480d1d38bf|rpc:10.1.78.0:46217|dataStream:10.1.78.0:40923|priority:0|startupRole:FOLLOWER, 4c420ab8-2e43-407d-b88b-e5dbb58abbd6|rpc:10.1.78.0:36163|dataStream:10.1.78.0:35685|priority:1|startupRole:FOLLOWER] with ContainerStateMachine:uninitialized
2023-02-22 04:45:53,265 [pool-806-thread-1] INFO  server.RaftServerConfigKeys (ConfUtils.java:logGet(46)) - raft.server.rpc.timeout.min = 5s (custom)
2023-02-22 04:45:53,265 [pool-806-thread-1] INFO  server.RaftServerConfigKeys (ConfUtils.java:logGet(46)) - raft.server.rpc.timeout.max = 5200ms (custom)
2023-02-22 04:45:53,265 [pool-806-thread-1] INFO  server.RaftServerConfigKeys (ConfUtils.java:logGet(46)) - raft.server.rpc.sleep.time = 25ms (default)
2023-02-22 04:45:53,265 [pool-806-thread-1] INFO  server.RaftServerConfigKeys (ConfUtils.java:logGet(46)) - raft.server.rpc.slowness.timeout = 300s (custom)
2023-02-22 04:45:53,265 [pool-806-thread-1] INFO  server.RaftServerConfigKeys (ConfUtils.java:logGet(46)) - raft.server.leaderelection.leader.step-down.wait-time = 10s (default)
2023-02-22 04:45:53,265 [pool-806-thread-1] INFO  server.RaftServerConfigKeys (ConfUtils.java:logGet(46)) - raft.server.sleep.deviation.threshold = 300ms (default)
2023-02-22 04:45:53,265 [pool-806-thread-1] INFO  server.RaftServer$Division (ServerState.java:<init>(118)) - 4c420ab8-2e43-407d-b88b-e5dbb58abbd6@group-A783D8486497: ConfigurationManager, init=-1: peers:[06733870-8d62-448b-a196-7afd6df13a68|rpc:10.1.78.0:40835|dataStream:10.1.78.0:46227|priority:0|startupRole:FOLLOWER, ffdcdc5d-4960-49c6-84a1-25480d1d38bf|rpc:10.1.78.0:46217|dataStream:10.1.78.0:40923|priority:0|startupRole:FOLLOWER, 4c420ab8-2e43-407d-b88b-e5dbb58abbd6|rpc:10.1.78.0:36163|dataStream:10.1.78.0:35685|priority:1|startupRole:FOLLOWER]|listeners:[], old=null, confs=<EMPTY_MAP>
2023-02-22 04:45:53,266 [pool-806-thread-1] INFO  server.RaftServerConfigKeys (ConfUtils.java:logGet(46)) - raft.server.storage.dir = [/home/runner/work/ozone/ozone/hadoop-ozone/integration-test/target/test-dir/MiniOzoneClusterImpl-d1b59b44-2044-4343-9d69-28cc870eb01e/datanode-0/data/ratis] (custom)
2023-02-22 04:45:53,266 [pool-806-thread-1] INFO  server.RaftServerConfigKeys (ConfUtils.java:logGet(46)) - raft.server.log.corruption.policy = EXCEPTION (default)
2023-02-22 04:45:53,266 [pool-806-thread-1] INFO  server.RaftServerConfigKeys (ConfUtils.java:logGet(46)) - raft.server.storage.free-space.min = 0MB (=0) (default)
2023-02-22 04:45:53,266 [pool-806-thread-1] INFO  server.RaftServerConfigKeys (ConfUtils.java:logGet(46)) - raft.server.notification.no-leader.timeout = 300s (custom)
2023-02-22 04:45:53,266 [pool-806-thread-1] INFO  server.RaftServerConfigKeys (ConfUtils.java:logGet(46)) - raft.server.retrycache.expirytime = 600000ms (custom)
2023-02-22 04:45:53,266 [pool-806-thread-1] INFO  server.RaftServerConfigKeys (ConfUtils.java:logGet(46)) - raft.server.retrycache.statistics.expirytime = 100μs (default)
2023-02-22 04:45:53,267 [pool-806-thread-1] INFO  server.RaftServerConfigKeys (ConfUtils.java:logGet(46)) - raft.server.log.appender.install.snapshot.enabled = false (custom)
2023-02-22 04:45:53,267 [pool-806-thread-1] INFO  server.RaftServerConfigKeys (ConfUtils.java:logGet(46)) - raft.server.threadpool.server.cached = true (default)
2023-02-22 04:45:53,267 [pool-806-thread-1] INFO  server.RaftServerConfigKeys (ConfUtils.java:logGet(46)) - raft.server.threadpool.server.size = 0 (default)
2023-02-22 04:45:53,267 [pool-806-thread-1] INFO  server.RaftServerConfigKeys (ConfUtils.java:logGet(46)) - raft.server.threadpool.client.cached = true (default)
2023-02-22 04:45:53,267 [pool-806-thread-1] INFO  server.RaftServerConfigKeys (ConfUtils.java:logGet(46)) - raft.server.threadpool.client.size = 0 (default)
2023-02-22 04:45:53,267 [pool-806-thread-1] INFO  storage.RaftStorageDirectory (RaftStorageDirectoryImpl.java:analyzeStorage(137)) - The storage directory /home/runner/work/ozone/ozone/hadoop-ozone/integration-test/target/test-dir/MiniOzoneClusterImpl-d1b59b44-2044-4343-9d69-28cc870eb01e/datanode-0/data/ratis/32b315fb-14a4-4336-ab22-a783d8486497 does not exist. Creating ...
2023-02-22 04:45:53,268 [pool-806-thread-1] INFO  storage.RaftStorageDirectory (RaftStorageDirectoryImpl.java:tryLock(231)) - Lock on /home/runner/work/ozone/ozone/hadoop-ozone/integration-test/target/test-dir/MiniOzoneClusterImpl-d1b59b44-2044-4343-9d69-28cc870eb01e/datanode-0/data/ratis/32b315fb-14a4-4336-ab22-a783d8486497/in_use.lock acquired by nodename 93364@fv-az748-120
2023-02-22 04:45:53,268 [pool-806-thread-1] INFO  storage.RaftStorage (RaftStorageImpl.java:format(96)) - Storage directory /home/runner/work/ozone/ozone/hadoop-ozone/integration-test/target/test-dir/MiniOzoneClusterImpl-d1b59b44-2044-4343-9d69-28cc870eb01e/datanode-0/data/ratis/32b315fb-14a4-4336-ab22-a783d8486497 has been successfully formatted.
2023-02-22 04:45:53,269 [pool-806-thread-1] INFO  ratis.ContainerStateMachine (ContainerStateMachine.java:loadSnapshot(240)) - group-A783D8486497: The snapshot info is null. Setting the last applied indexto:(t:0, i:~)
2023-02-22 04:45:53,269 [pool-806-thread-1] INFO  server.RaftServerConfigKeys (ConfUtils.java:logGet(46)) - raft.server.log.use.memory = false (default)
2023-02-22 04:45:53,269 [pool-806-thread-1] INFO  server.RaftServerConfigKeys (ConfUtils.java:logGet(46)) - raft.server.log.purge.gap = 1000000 (custom)
2023-02-22 04:45:53,269 [pool-806-thread-1] INFO  server.RaftServerConfigKeys (ConfUtils.java:logGet(46)) - raft.server.log.appender.buffer.byte-limit = 33554432 (custom)
2023-02-22 04:45:53,269 [pool-806-thread-1] INFO  server.RaftServerConfigKeys (ConfUtils.java:logGet(46)) - raft.server.log.statemachine.data.read.timeout = 1000ms (default)
2023-02-22 04:45:53,269 [pool-806-thread-1] INFO  server.RaftServerConfigKeys (ConfUtils.java:logGet(46)) - raft.server.log.purge.preservation.log.num = 0 (default)
2023-02-22 04:45:53,269 [pool-806-thread-1] INFO  server.RaftServerConfigKeys (ConfUtils.java:logGet(46)) - raft.server.log.segment.size.max = 1048576 (custom)
2023-02-22 04:45:53,269 [pool-806-thread-1] INFO  server.RaftServerConfigKeys (ConfUtils.java:logGet(46)) - raft.server.log.segment.cache.num.max = 2 (custom)
2023-02-22 04:45:53,269 [pool-806-thread-1] INFO  server.RaftServerConfigKeys (ConfUtils.java:logGet(46)) - raft.server.log.segment.cache.size.max = 200MB (=209715200) (default)
2023-02-22 04:45:53,269 [pool-806-thread-1] INFO  segmented.SegmentedRaftLogWorker (SegmentedRaftLogWorker.java:<init>(189)) - new 4c420ab8-2e43-407d-b88b-e5dbb58abbd6@group-A783D8486497-SegmentedRaftLogWorker for RaftStorageImpl:Storage Directory /home/runner/work/ozone/ozone/hadoop-ozone/integration-test/target/test-dir/MiniOzoneClusterImpl-d1b59b44-2044-4343-9d69-28cc870eb01e/datanode-0/data/ratis/32b315fb-14a4-4336-ab22-a783d8486497
2023-02-22 04:45:53,270 [pool-806-thread-1] INFO  server.RaftServerConfigKeys (ConfUtils.java:logGet(46)) - raft.server.log.queue.byte-limit = 4294967296 (custom)
2023-02-22 04:45:53,270 [EventQueue-OpenPipelineForHealthyPipelineSafeModeRule] INFO  safemode.SCMSafeModeManager (HealthyPipelineSafeModeRule.java:process(137)) - SCM in safe mode. Healthy pipelines reported count is 0, required healthy pipeline reported count is 1
2023-02-22 04:45:53,271 [pool-806-thread-1] INFO  server.RaftServerConfigKeys (ConfUtils.java:logGet(46)) - raft.server.log.queue.element-limit = 1024 (custom)
2023-02-22 04:45:53,272 [pool-806-thread-1] INFO  server.RaftServerConfigKeys (ConfUtils.java:logGet(46)) - raft.server.log.segment.size.max = 1048576 (custom)
2023-02-22 04:45:53,272 [pool-806-thread-1] INFO  server.RaftServerConfigKeys (ConfUtils.java:logGet(46)) - raft.server.log.preallocated.size = 16384 (custom)
2023-02-22 04:45:53,272 [pool-806-thread-1] INFO  server.RaftServerConfigKeys (ConfUtils.java:logGet(46)) - raft.server.log.force.sync.num = 128 (default)
2023-02-22 04:45:53,272 [pool-806-thread-1] INFO  server.RaftServerConfigKeys (ConfUtils.java:logGet(46)) - raft.server.log.statemachine.data.sync = true (default)
2023-02-22 04:45:53,272 [pool-806-thread-1] INFO  server.RaftServerConfigKeys (ConfUtils.java:logGet(46)) - raft.server.log.statemachine.data.sync.timeout = 10s (default)
2023-02-22 04:45:53,272 [pool-806-thread-1] INFO  server.RaftServerConfigKeys (ConfUtils.java:logGet(46)) - raft.server.log.statemachine.data.sync.timeout.retry = -1 (default)
2023-02-22 04:45:53,272 [pool-806-thread-1] INFO  server.RaftServerConfigKeys (ConfUtils.java:logGet(46)) - raft.server.log.write.buffer.size = 1048576 (custom)
2023-02-22 04:45:53,273 [pool-806-thread-1] INFO  server.RaftServerConfigKeys (ConfUtils.java:logGet(46)) - raft.server.log.appender.buffer.byte-limit = 33554432 (custom)
2023-02-22 04:45:53,278 [pool-806-thread-1] INFO  server.RaftServerConfigKeys (ConfUtils.java:logGet(46)) - raft.server.log.unsafe-flush.enabled = false (default)
2023-02-22 04:45:53,278 [pool-806-thread-1] INFO  server.RaftServerConfigKeys (ConfUtils.java:logGet(46)) - raft.server.log.async-flush.enabled = false (default)
2023-02-22 04:45:53,278 [pool-806-thread-1] INFO  server.RaftServerConfigKeys (ConfUtils.java:logGet(46)) - raft.server.log.statemachine.data.caching.enabled = true (custom)
2023-02-22 04:45:53,278 [pool-806-thread-1] INFO  segmented.SegmentedRaftLogWorker (SegmentedRaftLogWorker.java:lambda$new$0(135)) - 4c420ab8-2e43-407d-b88b-e5dbb58abbd6@group-A783D8486497-SegmentedRaftLogWorker: flushIndex: setUnconditionally 0 -> -1
2023-02-22 04:45:53,278 [pool-806-thread-1] INFO  segmented.SegmentedRaftLogWorker (SegmentedRaftLogWorker.java:lambda$new$0(135)) - 4c420ab8-2e43-407d-b88b-e5dbb58abbd6@group-A783D8486497-SegmentedRaftLogWorker: safeCacheEvictIndex: setUnconditionally 0 -> -1
2023-02-22 04:45:53,283 [pool-806-thread-1] INFO  server.RaftServer$Division (RaftServerImpl.java:start(334)) - 4c420ab8-2e43-407d-b88b-e5dbb58abbd6@group-A783D8486497: start as a follower, conf=-1: peers:[06733870-8d62-448b-a196-7afd6df13a68|rpc:10.1.78.0:40835|dataStream:10.1.78.0:46227|priority:0|startupRole:FOLLOWER, ffdcdc5d-4960-49c6-84a1-25480d1d38bf|rpc:10.1.78.0:46217|dataStream:10.1.78.0:40923|priority:0|startupRole:FOLLOWER, 4c420ab8-2e43-407d-b88b-e5dbb58abbd6|rpc:10.1.78.0:36163|dataStream:10.1.78.0:35685|priority:1|startupRole:FOLLOWER]|listeners:[], old=null
2023-02-22 04:45:53,283 [pool-806-thread-1] INFO  server.RaftServer$Division (RaftServerImpl.java:setRole(321)) - 4c420ab8-2e43-407d-b88b-e5dbb58abbd6@group-A783D8486497: changes role from      null to FOLLOWER at term 0 for startAsFollower
2023-02-22 04:45:53,283 [pool-806-thread-1] INFO  impl.RoleInfo (RoleInfo.java:updateAndGet(139)) - 4c420ab8-2e43-407d-b88b-e5dbb58abbd6: start 4c420ab8-2e43-407d-b88b-e5dbb58abbd6@group-A783D8486497-FollowerState
2023-02-22 04:45:53,289 [pool-806-thread-1] INFO  util.JmxRegister (JmxRegister.java:tryRegister(44)) - Successfully registered JMX Bean with object name Ratis:service=RaftServer,group=group-A783D8486497,id=4c420ab8-2e43-407d-b88b-e5dbb58abbd6
2023-02-22 04:45:53,289 [pool-806-thread-1] INFO  server.RaftServerConfigKeys (ConfUtils.java:logGet(46)) - raft.server.snapshot.auto.trigger.enabled = true (custom)
2023-02-22 04:45:53,289 [pool-806-thread-1] INFO  server.RaftServerConfigKeys (ConfUtils.java:logGet(46)) - raft.server.snapshot.auto.trigger.threshold = 10000 (custom)
2023-02-22 04:45:53,289 [pool-806-thread-1] INFO  server.RaftServerConfigKeys (ConfUtils.java:logGet(46)) - raft.server.snapshot.retention.file.num = 5 (custom)
2023-02-22 04:45:53,289 [pool-806-thread-1] INFO  server.RaftServerConfigKeys (ConfUtils.java:logGet(46)) - raft.server.log.purge.upto.snapshot.index = false (default)
2023-02-22 04:45:53,289 [4c420ab8-2e43-407d-b88b-e5dbb58abbd6@group-A783D8486497-FollowerState] INFO  server.RaftServerConfigKeys (ConfUtils.java:logFallback(53)) - raft.server.rpc.first-election.timeout.min = 5s (fallback to raft.server.rpc.timeout.min)
2023-02-22 04:45:53,306 [4c420ab8-2e43-407d-b88b-e5dbb58abbd6@group-A783D8486497-FollowerState] INFO  server.RaftServerConfigKeys (ConfUtils.java:logFallback(53)) - raft.server.rpc.first-election.timeout.max = 5200ms (fallback to raft.server.rpc.timeout.max)
2023-02-22 04:45:53,295 [Command processor thread] INFO  ratis.XceiverServerRatis (XceiverServerRatis.java:addGroup(807)) - Created group PipelineID=32b315fb-14a4-4336-ab22-a783d8486497
2023-02-22 04:45:53,316 [grpc-default-executor-15] INFO  server.RaftServer (RaftServerProxy.java:addNew(96)) - ffdcdc5d-4960-49c6-84a1-25480d1d38bf: addNew group-A783D8486497:[06733870-8d62-448b-a196-7afd6df13a68|rpc:10.1.78.0:40835|dataStream:10.1.78.0:46227|priority:0|startupRole:FOLLOWER, ffdcdc5d-4960-49c6-84a1-25480d1d38bf|rpc:10.1.78.0:46217|dataStream:10.1.78.0:40923|priority:0|startupRole:FOLLOWER, 4c420ab8-2e43-407d-b88b-e5dbb58abbd6|rpc:10.1.78.0:36163|dataStream:10.1.78.0:35685|priority:1|startupRole:FOLLOWER] returns group-A783D8486497:java.util.concurrent.CompletableFuture@1a7193f6[Not completed]
2023-02-22 04:45:53,317 [pool-850-thread-1] INFO  server.RaftServer$Division (RaftServerImpl.java:<init>(195)) - ffdcdc5d-4960-49c6-84a1-25480d1d38bf: new RaftServerImpl for group-A783D8486497:[06733870-8d62-448b-a196-7afd6df13a68|rpc:10.1.78.0:40835|dataStream:10.1.78.0:46227|priority:0|startupRole:FOLLOWER, ffdcdc5d-4960-49c6-84a1-25480d1d38bf|rpc:10.1.78.0:46217|dataStream:10.1.78.0:40923|priority:0|startupRole:FOLLOWER, 4c420ab8-2e43-407d-b88b-e5dbb58abbd6|rpc:10.1.78.0:36163|dataStream:10.1.78.0:35685|priority:1|startupRole:FOLLOWER] with ContainerStateMachine:uninitialized
2023-02-22 04:45:53,317 [pool-850-thread-1] INFO  server.RaftServerConfigKeys (ConfUtils.java:logGet(46)) - raft.server.rpc.timeout.min = 5s (custom)
2023-02-22 04:45:53,317 [pool-850-thread-1] INFO  server.RaftServerConfigKeys (ConfUtils.java:logGet(46)) - raft.server.rpc.timeout.max = 5200ms (custom)
2023-02-22 04:45:53,317 [pool-850-thread-1] INFO  server.RaftServerConfigKeys (ConfUtils.java:logGet(46)) - raft.server.rpc.sleep.time = 25ms (default)
2023-02-22 04:45:53,317 [pool-850-thread-1] INFO  server.RaftServerConfigKeys (ConfUtils.java:logGet(46)) - raft.server.rpc.slowness.timeout = 300s (custom)
2023-02-22 04:45:53,317 [pool-850-thread-1] INFO  server.RaftServerConfigKeys (ConfUtils.java:logGet(46)) - raft.server.leaderelection.leader.step-down.wait-time = 10s (default)
2023-02-22 04:45:53,317 [pool-850-thread-1] INFO  server.RaftServerConfigKeys (ConfUtils.java:logGet(46)) - raft.server.sleep.deviation.threshold = 300ms (default)
2023-02-22 04:45:53,317 [pool-850-thread-1] INFO  server.RaftServer$Division (ServerState.java:<init>(118)) - ffdcdc5d-4960-49c6-84a1-25480d1d38bf@group-A783D8486497: ConfigurationManager, init=-1: peers:[06733870-8d62-448b-a196-7afd6df13a68|rpc:10.1.78.0:40835|dataStream:10.1.78.0:46227|priority:0|startupRole:FOLLOWER, ffdcdc5d-4960-49c6-84a1-25480d1d38bf|rpc:10.1.78.0:46217|dataStream:10.1.78.0:40923|priority:0|startupRole:FOLLOWER, 4c420ab8-2e43-407d-b88b-e5dbb58abbd6|rpc:10.1.78.0:36163|dataStream:10.1.78.0:35685|priority:1|startupRole:FOLLOWER]|listeners:[], old=null, confs=<EMPTY_MAP>
2023-02-22 04:45:53,317 [pool-850-thread-1] INFO  server.RaftServerConfigKeys (ConfUtils.java:logGet(46)) - raft.server.storage.dir = [/home/runner/work/ozone/ozone/hadoop-ozone/integration-test/target/test-dir/MiniOzoneClusterImpl-d1b59b44-2044-4343-9d69-28cc870eb01e/datanode-2/data/ratis] (custom)
2023-02-22 04:45:53,317 [pool-850-thread-1] INFO  server.RaftServerConfigKeys (ConfUtils.java:logGet(46)) - raft.server.log.corruption.policy = EXCEPTION (default)
2023-02-22 04:45:53,317 [pool-850-thread-1] INFO  server.RaftServerConfigKeys (ConfUtils.java:logGet(46)) - raft.server.storage.free-space.min = 0MB (=0) (default)
2023-02-22 04:45:53,317 [pool-850-thread-1] INFO  server.RaftServerConfigKeys (ConfUtils.java:logGet(46)) - raft.server.notification.no-leader.timeout = 300s (custom)
2023-02-22 04:45:53,317 [pool-850-thread-1] INFO  server.RaftServerConfigKeys (ConfUtils.java:logGet(46)) - raft.server.retrycache.expirytime = 600000ms (custom)
2023-02-22 04:45:53,317 [pool-850-thread-1] INFO  server.RaftServerConfigKeys (ConfUtils.java:logGet(46)) - raft.server.retrycache.statistics.expirytime = 100μs (default)
2023-02-22 04:45:53,318 [pool-850-thread-1] INFO  server.RaftServerConfigKeys (ConfUtils.java:logGet(46)) - raft.server.log.appender.install.snapshot.enabled = false (custom)
2023-02-22 04:45:53,318 [pool-850-thread-1] INFO  server.RaftServerConfigKeys (ConfUtils.java:logGet(46)) - raft.server.threadpool.server.cached = true (default)
2023-02-22 04:45:53,318 [pool-850-thread-1] INFO  server.RaftServerConfigKeys (ConfUtils.java:logGet(46)) - raft.server.threadpool.server.size = 0 (default)
2023-02-22 04:45:53,318 [pool-850-thread-1] INFO  server.RaftServerConfigKeys (ConfUtils.java:logGet(46)) - raft.server.threadpool.client.cached = true (default)
2023-02-22 04:45:53,318 [pool-850-thread-1] INFO  server.RaftServerConfigKeys (ConfUtils.java:logGet(46)) - raft.server.threadpool.client.size = 0 (default)
2023-02-22 04:45:53,318 [pool-850-thread-1] INFO  storage.RaftStorageDirectory (RaftStorageDirectoryImpl.java:analyzeStorage(137)) - The storage directory /home/runner/work/ozone/ozone/hadoop-ozone/integration-test/target/test-dir/MiniOzoneClusterImpl-d1b59b44-2044-4343-9d69-28cc870eb01e/datanode-2/data/ratis/32b315fb-14a4-4336-ab22-a783d8486497 does not exist. Creating ...
2023-02-22 04:45:53,319 [pool-850-thread-1] INFO  storage.RaftStorageDirectory (RaftStorageDirectoryImpl.java:tryLock(231)) - Lock on /home/runner/work/ozone/ozone/hadoop-ozone/integration-test/target/test-dir/MiniOzoneClusterImpl-d1b59b44-2044-4343-9d69-28cc870eb01e/datanode-2/data/ratis/32b315fb-14a4-4336-ab22-a783d8486497/in_use.lock acquired by nodename 93364@fv-az748-120
2023-02-22 04:45:53,320 [pool-850-thread-1] INFO  storage.RaftStorage (RaftStorageImpl.java:format(96)) - Storage directory /home/runner/work/ozone/ozone/hadoop-ozone/integration-test/target/test-dir/MiniOzoneClusterImpl-d1b59b44-2044-4343-9d69-28cc870eb01e/datanode-2/data/ratis/32b315fb-14a4-4336-ab22-a783d8486497 has been successfully formatted.
2023-02-22 04:45:53,329 [pool-850-thread-1] INFO  ratis.ContainerStateMachine (ContainerStateMachine.java:loadSnapshot(240)) - group-A783D8486497: The snapshot info is null. Setting the last applied indexto:(t:0, i:~)
2023-02-22 04:45:53,329 [pool-850-thread-1] INFO  server.RaftServerConfigKeys (ConfUtils.java:logGet(46)) - raft.server.log.use.memory = false (default)
2023-02-22 04:45:53,330 [pool-850-thread-1] INFO  server.RaftServerConfigKeys (ConfUtils.java:logGet(46)) - raft.server.log.purge.gap = 1000000 (custom)
2023-02-22 04:45:53,331 [pool-850-thread-1] INFO  server.RaftServerConfigKeys (ConfUtils.java:logGet(46)) - raft.server.log.appender.buffer.byte-limit = 33554432 (custom)
2023-02-22 04:45:53,331 [pool-850-thread-1] INFO  server.RaftServerConfigKeys (ConfUtils.java:logGet(46)) - raft.server.log.statemachine.data.read.timeout = 1000ms (default)
2023-02-22 04:45:53,331 [pool-850-thread-1] INFO  server.RaftServerConfigKeys (ConfUtils.java:logGet(46)) - raft.server.log.purge.preservation.log.num = 0 (default)
2023-02-22 04:45:53,332 [pool-850-thread-1] INFO  server.RaftServerConfigKeys (ConfUtils.java:logGet(46)) - raft.server.log.segment.size.max = 1048576 (custom)
2023-02-22 04:45:53,332 [pool-850-thread-1] INFO  server.RaftServerConfigKeys (ConfUtils.java:logGet(46)) - raft.server.log.segment.cache.num.max = 2 (custom)
2023-02-22 04:45:53,332 [pool-850-thread-1] INFO  server.RaftServerConfigKeys (ConfUtils.java:logGet(46)) - raft.server.log.segment.cache.size.max = 200MB (=209715200) (default)
2023-02-22 04:45:53,332 [pool-850-thread-1] INFO  segmented.SegmentedRaftLogWorker (SegmentedRaftLogWorker.java:<init>(189)) - new ffdcdc5d-4960-49c6-84a1-25480d1d38bf@group-A783D8486497-SegmentedRaftLogWorker for RaftStorageImpl:Storage Directory /home/runner/work/ozone/ozone/hadoop-ozone/integration-test/target/test-dir/MiniOzoneClusterImpl-d1b59b44-2044-4343-9d69-28cc870eb01e/datanode-2/data/ratis/32b315fb-14a4-4336-ab22-a783d8486497
2023-02-22 04:45:53,332 [pool-850-thread-1] INFO  server.RaftServerConfigKeys (ConfUtils.java:logGet(46)) - raft.server.log.queue.byte-limit = 4294967296 (custom)
2023-02-22 04:45:53,332 [pool-850-thread-1] INFO  server.RaftServerConfigKeys (ConfUtils.java:logGet(46)) - raft.server.log.queue.element-limit = 1024 (custom)
2023-02-22 04:45:53,332 [pool-850-thread-1] INFO  server.RaftServerConfigKeys (ConfUtils.java:logGet(46)) - raft.server.log.segment.size.max = 1048576 (custom)
2023-02-22 04:45:53,332 [pool-850-thread-1] INFO  server.RaftServerConfigKeys (ConfUtils.java:logGet(46)) - raft.server.log.preallocated.size = 16384 (custom)
2023-02-22 04:45:53,332 [pool-850-thread-1] INFO  server.RaftServerConfigKeys (ConfUtils.java:logGet(46)) - raft.server.log.force.sync.num = 128 (default)
2023-02-22 04:45:53,332 [pool-850-thread-1] INFO  server.RaftServerConfigKeys (ConfUtils.java:logGet(46)) - raft.server.log.statemachine.data.sync = true (default)
2023-02-22 04:45:53,332 [pool-850-thread-1] INFO  server.RaftServerConfigKeys (ConfUtils.java:logGet(46)) - raft.server.log.statemachine.data.sync.timeout = 10s (default)
2023-02-22 04:45:53,332 [pool-850-thread-1] INFO  server.RaftServerConfigKeys (ConfUtils.java:logGet(46)) - raft.server.log.statemachine.data.sync.timeout.retry = -1 (default)
2023-02-22 04:45:53,333 [pool-850-thread-1] INFO  server.RaftServerConfigKeys (ConfUtils.java:logGet(46)) - raft.server.log.write.buffer.size = 1048576 (custom)
2023-02-22 04:45:53,334 [pool-850-thread-1] INFO  server.RaftServerConfigKeys (ConfUtils.java:logGet(46)) - raft.server.log.appender.buffer.byte-limit = 33554432 (custom)
2023-02-22 04:45:53,340 [pool-850-thread-1] INFO  server.RaftServerConfigKeys (ConfUtils.java:logGet(46)) - raft.server.log.unsafe-flush.enabled = false (default)
2023-02-22 04:45:53,340 [pool-850-thread-1] INFO  server.RaftServerConfigKeys (ConfUtils.java:logGet(46)) - raft.server.log.async-flush.enabled = false (default)
2023-02-22 04:45:53,342 [pool-850-thread-1] INFO  server.RaftServerConfigKeys (ConfUtils.java:logGet(46)) - raft.server.log.statemachine.data.caching.enabled = true (custom)
2023-02-22 04:45:53,342 [pool-850-thread-1] INFO  segmented.SegmentedRaftLogWorker (SegmentedRaftLogWorker.java:lambda$new$0(135)) - ffdcdc5d-4960-49c6-84a1-25480d1d38bf@group-A783D8486497-SegmentedRaftLogWorker: flushIndex: setUnconditionally 0 -> -1
2023-02-22 04:45:53,342 [pool-850-thread-1] INFO  segmented.SegmentedRaftLogWorker (SegmentedRaftLogWorker.java:lambda$new$0(135)) - ffdcdc5d-4960-49c6-84a1-25480d1d38bf@group-A783D8486497-SegmentedRaftLogWorker: safeCacheEvictIndex: setUnconditionally 0 -> -1
2023-02-22 04:45:53,343 [pool-850-thread-1] INFO  server.RaftServer$Division (RaftServerImpl.java:start(334)) - ffdcdc5d-4960-49c6-84a1-25480d1d38bf@group-A783D8486497: start as a follower, conf=-1: peers:[06733870-8d62-448b-a196-7afd6df13a68|rpc:10.1.78.0:40835|dataStream:10.1.78.0:46227|priority:0|startupRole:FOLLOWER, ffdcdc5d-4960-49c6-84a1-25480d1d38bf|rpc:10.1.78.0:46217|dataStream:10.1.78.0:40923|priority:0|startupRole:FOLLOWER, 4c420ab8-2e43-407d-b88b-e5dbb58abbd6|rpc:10.1.78.0:36163|dataStream:10.1.78.0:35685|priority:1|startupRole:FOLLOWER]|listeners:[], old=null
2023-02-22 04:45:53,343 [pool-850-thread-1] INFO  server.RaftServer$Division (RaftServerImpl.java:setRole(321)) - ffdcdc5d-4960-49c6-84a1-25480d1d38bf@group-A783D8486497: changes role from      null to FOLLOWER at term 0 for startAsFollower
2023-02-22 04:45:53,343 [pool-850-thread-1] INFO  impl.RoleInfo (RoleInfo.java:updateAndGet(139)) - ffdcdc5d-4960-49c6-84a1-25480d1d38bf: start ffdcdc5d-4960-49c6-84a1-25480d1d38bf@group-A783D8486497-FollowerState
2023-02-22 04:45:53,344 [ffdcdc5d-4960-49c6-84a1-25480d1d38bf@group-A783D8486497-FollowerState] INFO  server.RaftServerConfigKeys (ConfUtils.java:logFallback(53)) - raft.server.rpc.first-election.timeout.min = 5s (fallback to raft.server.rpc.timeout.min)
2023-02-22 04:45:53,345 [ffdcdc5d-4960-49c6-84a1-25480d1d38bf@group-A783D8486497-FollowerState] INFO  server.RaftServerConfigKeys (ConfUtils.java:logFallback(53)) - raft.server.rpc.first-election.timeout.max = 5200ms (fallback to raft.server.rpc.timeout.max)
2023-02-22 04:45:53,344 [pool-850-thread-1] INFO  util.JmxRegister (JmxRegister.java:tryRegister(44)) - Successfully registered JMX Bean with object name Ratis:service=RaftServer,group=group-A783D8486497,id=ffdcdc5d-4960-49c6-84a1-25480d1d38bf
2023-02-22 04:45:53,345 [pool-850-thread-1] INFO  server.RaftServerConfigKeys (ConfUtils.java:logGet(46)) - raft.server.snapshot.auto.trigger.enabled = true (custom)
2023-02-22 04:45:53,345 [pool-850-thread-1] INFO  server.RaftServerConfigKeys (ConfUtils.java:logGet(46)) - raft.server.snapshot.auto.trigger.threshold = 10000 (custom)
2023-02-22 04:45:53,345 [pool-850-thread-1] INFO  server.RaftServerConfigKeys (ConfUtils.java:logGet(46)) - raft.server.snapshot.retention.file.num = 5 (custom)
2023-02-22 04:45:53,346 [pool-850-thread-1] INFO  server.RaftServerConfigKeys (ConfUtils.java:logGet(46)) - raft.server.log.purge.upto.snapshot.index = false (default)
2023-02-22 04:45:53,362 [grpc-default-executor-15] INFO  server.RaftServer (RaftServerProxy.java:addNew(96)) - 06733870-8d62-448b-a196-7afd6df13a68: addNew group-A783D8486497:[06733870-8d62-448b-a196-7afd6df13a68|rpc:10.1.78.0:40835|dataStream:10.1.78.0:46227|priority:0|startupRole:FOLLOWER, ffdcdc5d-4960-49c6-84a1-25480d1d38bf|rpc:10.1.78.0:46217|dataStream:10.1.78.0:40923|priority:0|startupRole:FOLLOWER, 4c420ab8-2e43-407d-b88b-e5dbb58abbd6|rpc:10.1.78.0:36163|dataStream:10.1.78.0:35685|priority:1|startupRole:FOLLOWER] returns group-A783D8486497:java.util.concurrent.CompletableFuture@32916bfe[Not completed]
2023-02-22 04:45:53,363 [pool-828-thread-1] INFO  server.RaftServer$Division (RaftServerImpl.java:<init>(195)) - 06733870-8d62-448b-a196-7afd6df13a68: new RaftServerImpl for group-A783D8486497:[06733870-8d62-448b-a196-7afd6df13a68|rpc:10.1.78.0:40835|dataStream:10.1.78.0:46227|priority:0|startupRole:FOLLOWER, ffdcdc5d-4960-49c6-84a1-25480d1d38bf|rpc:10.1.78.0:46217|dataStream:10.1.78.0:40923|priority:0|startupRole:FOLLOWER, 4c420ab8-2e43-407d-b88b-e5dbb58abbd6|rpc:10.1.78.0:36163|dataStream:10.1.78.0:35685|priority:1|startupRole:FOLLOWER] with ContainerStateMachine:uninitialized
2023-02-22 04:45:53,363 [pool-828-thread-1] INFO  server.RaftServerConfigKeys (ConfUtils.java:logGet(46)) - raft.server.rpc.timeout.min = 5s (custom)
2023-02-22 04:45:53,363 [pool-828-thread-1] INFO  server.RaftServerConfigKeys (ConfUtils.java:logGet(46)) - raft.server.rpc.timeout.max = 5200ms (custom)
2023-02-22 04:45:53,363 [pool-828-thread-1] INFO  server.RaftServerConfigKeys (ConfUtils.java:logGet(46)) - raft.server.rpc.sleep.time = 25ms (default)
2023-02-22 04:45:53,363 [pool-828-thread-1] INFO  server.RaftServerConfigKeys (ConfUtils.java:logGet(46)) - raft.server.rpc.slowness.timeout = 300s (custom)
2023-02-22 04:45:53,363 [pool-828-thread-1] INFO  server.RaftServerConfigKeys (ConfUtils.java:logGet(46)) - raft.server.leaderelection.leader.step-down.wait-time = 10s (default)
2023-02-22 04:45:53,364 [pool-828-thread-1] INFO  server.RaftServerConfigKeys (ConfUtils.java:logGet(46)) - raft.server.sleep.deviation.threshold = 300ms (default)
2023-02-22 04:45:53,364 [pool-828-thread-1] INFO  server.RaftServer$Division (ServerState.java:<init>(118)) - 06733870-8d62-448b-a196-7afd6df13a68@group-A783D8486497: ConfigurationManager, init=-1: peers:[06733870-8d62-448b-a196-7afd6df13a68|rpc:10.1.78.0:40835|dataStream:10.1.78.0:46227|priority:0|startupRole:FOLLOWER, ffdcdc5d-4960-49c6-84a1-25480d1d38bf|rpc:10.1.78.0:46217|dataStream:10.1.78.0:40923|priority:0|startupRole:FOLLOWER, 4c420ab8-2e43-407d-b88b-e5dbb58abbd6|rpc:10.1.78.0:36163|dataStream:10.1.78.0:35685|priority:1|startupRole:FOLLOWER]|listeners:[], old=null, confs=<EMPTY_MAP>
2023-02-22 04:45:53,364 [pool-828-thread-1] INFO  server.RaftServerConfigKeys (ConfUtils.java:logGet(46)) - raft.server.storage.dir = [/home/runner/work/ozone/ozone/hadoop-ozone/integration-test/target/test-dir/MiniOzoneClusterImpl-d1b59b44-2044-4343-9d69-28cc870eb01e/datanode-1/data/ratis] (custom)
2023-02-22 04:45:53,364 [pool-828-thread-1] INFO  server.RaftServerConfigKeys (ConfUtils.java:logGet(46)) - raft.server.log.corruption.policy = EXCEPTION (default)
2023-02-22 04:45:53,364 [pool-828-thread-1] INFO  server.RaftServerConfigKeys (ConfUtils.java:logGet(46)) - raft.server.storage.free-space.min = 0MB (=0) (default)
2023-02-22 04:45:53,364 [pool-828-thread-1] INFO  server.RaftServerConfigKeys (ConfUtils.java:logGet(46)) - raft.server.notification.no-leader.timeout = 300s (custom)
2023-02-22 04:45:53,364 [pool-828-thread-1] INFO  server.RaftServerConfigKeys (ConfUtils.java:logGet(46)) - raft.server.retrycache.expirytime = 600000ms (custom)
2023-02-22 04:45:53,364 [pool-828-thread-1] INFO  server.RaftServerConfigKeys (ConfUtils.java:logGet(46)) - raft.server.retrycache.statistics.expirytime = 100μs (default)
2023-02-22 04:45:53,365 [pool-828-thread-1] INFO  server.RaftServerConfigKeys (ConfUtils.java:logGet(46)) - raft.server.log.appender.install.snapshot.enabled = false (custom)
2023-02-22 04:45:53,365 [pool-828-thread-1] INFO  server.RaftServerConfigKeys (ConfUtils.java:logGet(46)) - raft.server.threadpool.server.cached = true (default)
2023-02-22 04:45:53,365 [pool-828-thread-1] INFO  server.RaftServerConfigKeys (ConfUtils.java:logGet(46)) - raft.server.threadpool.server.size = 0 (default)
2023-02-22 04:45:53,365 [pool-828-thread-1] INFO  server.RaftServerConfigKeys (ConfUtils.java:logGet(46)) - raft.server.threadpool.client.cached = true (default)
2023-02-22 04:45:53,365 [pool-828-thread-1] INFO  server.RaftServerConfigKeys (ConfUtils.java:logGet(46)) - raft.server.threadpool.client.size = 0 (default)
2023-02-22 04:45:53,365 [pool-828-thread-1] INFO  storage.RaftStorageDirectory (RaftStorageDirectoryImpl.java:analyzeStorage(137)) - The storage directory /home/runner/work/ozone/ozone/hadoop-ozone/integration-test/target/test-dir/MiniOzoneClusterImpl-d1b59b44-2044-4343-9d69-28cc870eb01e/datanode-1/data/ratis/32b315fb-14a4-4336-ab22-a783d8486497 does not exist. Creating ...
2023-02-22 04:45:53,366 [pool-828-thread-1] INFO  storage.RaftStorageDirectory (RaftStorageDirectoryImpl.java:tryLock(231)) - Lock on /home/runner/work/ozone/ozone/hadoop-ozone/integration-test/target/test-dir/MiniOzoneClusterImpl-d1b59b44-2044-4343-9d69-28cc870eb01e/datanode-1/data/ratis/32b315fb-14a4-4336-ab22-a783d8486497/in_use.lock acquired by nodename 93364@fv-az748-120
2023-02-22 04:45:53,367 [pool-828-thread-1] INFO  storage.RaftStorage (RaftStorageImpl.java:format(96)) - Storage directory /home/runner/work/ozone/ozone/hadoop-ozone/integration-test/target/test-dir/MiniOzoneClusterImpl-d1b59b44-2044-4343-9d69-28cc870eb01e/datanode-1/data/ratis/32b315fb-14a4-4336-ab22-a783d8486497 has been successfully formatted.
2023-02-22 04:45:53,367 [pool-828-thread-1] INFO  ratis.ContainerStateMachine (ContainerStateMachine.java:loadSnapshot(240)) - group-A783D8486497: The snapshot info is null. Setting the last applied indexto:(t:0, i:~)
2023-02-22 04:45:53,367 [pool-828-thread-1] INFO  server.RaftServerConfigKeys (ConfUtils.java:logGet(46)) - raft.server.log.use.memory = false (default)
2023-02-22 04:45:53,368 [pool-828-thread-1] INFO  server.RaftServerConfigKeys (ConfUtils.java:logGet(46)) - raft.server.log.purge.gap = 1000000 (custom)
2023-02-22 04:45:53,368 [pool-828-thread-1] INFO  server.RaftServerConfigKeys (ConfUtils.java:logGet(46)) - raft.server.log.appender.buffer.byte-limit = 33554432 (custom)
2023-02-22 04:45:53,368 [pool-828-thread-1] INFO  server.RaftServerConfigKeys (ConfUtils.java:logGet(46)) - raft.server.log.statemachine.data.read.timeout = 1000ms (default)
2023-02-22 04:45:53,368 [pool-828-thread-1] INFO  server.RaftServerConfigKeys (ConfUtils.java:logGet(46)) - raft.server.log.purge.preservation.log.num = 0 (default)
2023-02-22 04:45:53,368 [pool-828-thread-1] INFO  server.RaftServerConfigKeys (ConfUtils.java:logGet(46)) - raft.server.log.segment.size.max = 1048576 (custom)
2023-02-22 04:45:53,369 [pool-828-thread-1] INFO  server.RaftServerConfigKeys (ConfUtils.java:logGet(46)) - raft.server.log.segment.cache.num.max = 2 (custom)
2023-02-22 04:45:53,369 [pool-828-thread-1] INFO  server.RaftServerConfigKeys (ConfUtils.java:logGet(46)) - raft.server.log.segment.cache.size.max = 200MB (=209715200) (default)
2023-02-22 04:45:53,369 [pool-828-thread-1] INFO  segmented.SegmentedRaftLogWorker (SegmentedRaftLogWorker.java:<init>(189)) - new 06733870-8d62-448b-a196-7afd6df13a68@group-A783D8486497-SegmentedRaftLogWorker for RaftStorageImpl:Storage Directory /home/runner/work/ozone/ozone/hadoop-ozone/integration-test/target/test-dir/MiniOzoneClusterImpl-d1b59b44-2044-4343-9d69-28cc870eb01e/datanode-1/data/ratis/32b315fb-14a4-4336-ab22-a783d8486497
2023-02-22 04:45:53,369 [pool-828-thread-1] INFO  server.RaftServerConfigKeys (ConfUtils.java:logGet(46)) - raft.server.log.queue.byte-limit = 4294967296 (custom)
2023-02-22 04:45:53,369 [pool-828-thread-1] INFO  server.RaftServerConfigKeys (ConfUtils.java:logGet(46)) - raft.server.log.queue.element-limit = 1024 (custom)
2023-02-22 04:45:53,369 [pool-828-thread-1] INFO  server.RaftServerConfigKeys (ConfUtils.java:logGet(46)) - raft.server.log.segment.size.max = 1048576 (custom)
2023-02-22 04:45:53,369 [pool-828-thread-1] INFO  server.RaftServerConfigKeys (ConfUtils.java:logGet(46)) - raft.server.log.preallocated.size = 16384 (custom)
2023-02-22 04:45:53,369 [pool-828-thread-1] INFO  server.RaftServerConfigKeys (ConfUtils.java:logGet(46)) - raft.server.log.force.sync.num = 128 (default)
2023-02-22 04:45:53,369 [pool-828-thread-1] INFO  server.RaftServerConfigKeys (ConfUtils.java:logGet(46)) - raft.server.log.statemachine.data.sync = true (default)
2023-02-22 04:45:53,369 [pool-828-thread-1] INFO  server.RaftServerConfigKeys (ConfUtils.java:logGet(46)) - raft.server.log.statemachine.data.sync.timeout = 10s (default)
2023-02-22 04:45:53,369 [pool-828-thread-1] INFO  server.RaftServerConfigKeys (ConfUtils.java:logGet(46)) - raft.server.log.statemachine.data.sync.timeout.retry = -1 (default)
2023-02-22 04:45:53,370 [pool-828-thread-1] INFO  server.RaftServerConfigKeys (ConfUtils.java:logGet(46)) - raft.server.log.write.buffer.size = 1048576 (custom)
2023-02-22 04:45:53,370 [pool-828-thread-1] INFO  server.RaftServerConfigKeys (ConfUtils.java:logGet(46)) - raft.server.log.appender.buffer.byte-limit = 33554432 (custom)
2023-02-22 04:45:53,373 [pool-828-thread-1] INFO  server.RaftServerConfigKeys (ConfUtils.java:logGet(46)) - raft.server.log.unsafe-flush.enabled = false (default)
2023-02-22 04:45:53,373 [pool-828-thread-1] INFO  server.RaftServerConfigKeys (ConfUtils.java:logGet(46)) - raft.server.log.async-flush.enabled = false (default)
2023-02-22 04:45:53,373 [pool-828-thread-1] INFO  server.RaftServerConfigKeys (ConfUtils.java:logGet(46)) - raft.server.log.statemachine.data.caching.enabled = true (custom)
2023-02-22 04:45:53,373 [pool-828-thread-1] INFO  segmented.SegmentedRaftLogWorker (SegmentedRaftLogWorker.java:lambda$new$0(135)) - 06733870-8d62-448b-a196-7afd6df13a68@group-A783D8486497-SegmentedRaftLogWorker: flushIndex: setUnconditionally 0 -> -1
2023-02-22 04:45:53,373 [pool-828-thread-1] INFO  segmented.SegmentedRaftLogWorker (SegmentedRaftLogWorker.java:lambda$new$0(135)) - 06733870-8d62-448b-a196-7afd6df13a68@group-A783D8486497-SegmentedRaftLogWorker: safeCacheEvictIndex: setUnconditionally 0 -> -1
2023-02-22 04:45:53,379 [pool-828-thread-1] INFO  server.RaftServer$Division (RaftServerImpl.java:start(334)) - 06733870-8d62-448b-a196-7afd6df13a68@group-A783D8486497: start as a follower, conf=-1: peers:[06733870-8d62-448b-a196-7afd6df13a68|rpc:10.1.78.0:40835|dataStream:10.1.78.0:46227|priority:0|startupRole:FOLLOWER, ffdcdc5d-4960-49c6-84a1-25480d1d38bf|rpc:10.1.78.0:46217|dataStream:10.1.78.0:40923|priority:0|startupRole:FOLLOWER, 4c420ab8-2e43-407d-b88b-e5dbb58abbd6|rpc:10.1.78.0:36163|dataStream:10.1.78.0:35685|priority:1|startupRole:FOLLOWER]|listeners:[], old=null
2023-02-22 04:45:53,379 [pool-828-thread-1] INFO  server.RaftServer$Division (RaftServerImpl.java:setRole(321)) - 06733870-8d62-448b-a196-7afd6df13a68@group-A783D8486497: changes role from      null to FOLLOWER at term 0 for startAsFollower
2023-02-22 04:45:53,380 [pool-828-thread-1] INFO  impl.RoleInfo (RoleInfo.java:updateAndGet(139)) - 06733870-8d62-448b-a196-7afd6df13a68: start 06733870-8d62-448b-a196-7afd6df13a68@group-A783D8486497-FollowerState
2023-02-22 04:45:53,380 [pool-828-thread-1] INFO  util.JmxRegister (JmxRegister.java:tryRegister(44)) - Successfully registered JMX Bean with object name Ratis:service=RaftServer,group=group-A783D8486497,id=06733870-8d62-448b-a196-7afd6df13a68
2023-02-22 04:45:53,380 [pool-828-thread-1] INFO  server.RaftServerConfigKeys (ConfUtils.java:logGet(46)) - raft.server.snapshot.auto.trigger.enabled = true (custom)
2023-02-22 04:45:53,380 [pool-828-thread-1] INFO  server.RaftServerConfigKeys (ConfUtils.java:logGet(46)) - raft.server.snapshot.auto.trigger.threshold = 10000 (custom)
2023-02-22 04:45:53,380 [pool-828-thread-1] INFO  server.RaftServerConfigKeys (ConfUtils.java:logGet(46)) - raft.server.snapshot.retention.file.num = 5 (custom)
2023-02-22 04:45:53,380 [pool-828-thread-1] INFO  server.RaftServerConfigKeys (ConfUtils.java:logGet(46)) - raft.server.log.purge.upto.snapshot.index = false (default)
2023-02-22 04:45:53,380 [06733870-8d62-448b-a196-7afd6df13a68@group-A783D8486497-FollowerState] INFO  server.RaftServerConfigKeys (ConfUtils.java:logFallback(53)) - raft.server.rpc.first-election.timeout.min = 5s (fallback to raft.server.rpc.timeout.min)
2023-02-22 04:45:53,386 [06733870-8d62-448b-a196-7afd6df13a68@group-A783D8486497-FollowerState] INFO  server.RaftServerConfigKeys (ConfUtils.java:logFallback(53)) - raft.server.rpc.first-election.timeout.max = 5200ms (fallback to raft.server.rpc.timeout.max)
2023-02-22 04:45:53,390 [Command processor thread] INFO  commandhandler.CreatePipelineCommandHandler (CreatePipelineCommandHandler.java:handle(113)) - Created Pipeline RATIS THREE PipelineID=32b315fb-14a4-4336-ab22-a783d8486497.
2023-02-22 04:45:53,390 [Command processor thread] INFO  server.RaftServer (RaftServerProxy.java:addNew(96)) - 4c420ab8-2e43-407d-b88b-e5dbb58abbd6: addNew group-4A5E83864A26:[06733870-8d62-448b-a196-7afd6df13a68|rpc:10.1.78.0:40835|dataStream:10.1.78.0:46227|priority:1|startupRole:FOLLOWER, 4c420ab8-2e43-407d-b88b-e5dbb58abbd6|rpc:10.1.78.0:36163|dataStream:10.1.78.0:35685|priority:0|startupRole:FOLLOWER, ffdcdc5d-4960-49c6-84a1-25480d1d38bf|rpc:10.1.78.0:46217|dataStream:10.1.78.0:40923|priority:0|startupRole:FOLLOWER] returns group-4A5E83864A26:java.util.concurrent.CompletableFuture@38ee4408[Not completed]
2023-02-22 04:45:53,391 [pool-806-thread-1] INFO  server.RaftServer$Division (RaftServerImpl.java:<init>(195)) - 4c420ab8-2e43-407d-b88b-e5dbb58abbd6: new RaftServerImpl for group-4A5E83864A26:[06733870-8d62-448b-a196-7afd6df13a68|rpc:10.1.78.0:40835|dataStream:10.1.78.0:46227|priority:1|startupRole:FOLLOWER, 4c420ab8-2e43-407d-b88b-e5dbb58abbd6|rpc:10.1.78.0:36163|dataStream:10.1.78.0:35685|priority:0|startupRole:FOLLOWER, ffdcdc5d-4960-49c6-84a1-25480d1d38bf|rpc:10.1.78.0:46217|dataStream:10.1.78.0:40923|priority:0|startupRole:FOLLOWER] with ContainerStateMachine:uninitialized
2023-02-22 04:45:53,391 [pool-806-thread-1] INFO  server.RaftServerConfigKeys (ConfUtils.java:logGet(46)) - raft.server.rpc.timeout.min = 5s (custom)
2023-02-22 04:45:53,391 [pool-806-thread-1] INFO  server.RaftServerConfigKeys (ConfUtils.java:logGet(46)) - raft.server.rpc.timeout.max = 5200ms (custom)
2023-02-22 04:45:53,391 [pool-806-thread-1] INFO  server.RaftServerConfigKeys (ConfUtils.java:logGet(46)) - raft.server.rpc.sleep.time = 25ms (default)
2023-02-22 04:45:53,391 [pool-806-thread-1] INFO  server.RaftServerConfigKeys (ConfUtils.java:logGet(46)) - raft.server.rpc.slowness.timeout = 300s (custom)
2023-02-22 04:45:53,391 [pool-806-thread-1] INFO  server.RaftServerConfigKeys (ConfUtils.java:logGet(46)) - raft.server.leaderelection.leader.step-down.wait-time = 10s (default)
2023-02-22 04:45:53,391 [pool-806-thread-1] INFO  server.RaftServerConfigKeys (ConfUtils.java:logGet(46)) - raft.server.sleep.deviation.threshold = 300ms (default)
2023-02-22 04:45:53,391 [pool-806-thread-1] INFO  server.RaftServer$Division (ServerState.java:<init>(118)) - 4c420ab8-2e43-407d-b88b-e5dbb58abbd6@group-4A5E83864A26: ConfigurationManager, init=-1: peers:[06733870-8d62-448b-a196-7afd6df13a68|rpc:10.1.78.0:40835|dataStream:10.1.78.0:46227|priority:1|startupRole:FOLLOWER, 4c420ab8-2e43-407d-b88b-e5dbb58abbd6|rpc:10.1.78.0:36163|dataStream:10.1.78.0:35685|priority:0|startupRole:FOLLOWER, ffdcdc5d-4960-49c6-84a1-25480d1d38bf|rpc:10.1.78.0:46217|dataStream:10.1.78.0:40923|priority:0|startupRole:FOLLOWER]|listeners:[], old=null, confs=<EMPTY_MAP>
2023-02-22 04:45:53,391 [pool-806-thread-1] INFO  server.RaftServerConfigKeys (ConfUtils.java:logGet(46)) - raft.server.storage.dir = [/home/runner/work/ozone/ozone/hadoop-ozone/integration-test/target/test-dir/MiniOzoneClusterImpl-d1b59b44-2044-4343-9d69-28cc870eb01e/datanode-0/data/ratis] (custom)
2023-02-22 04:45:53,391 [pool-806-thread-1] INFO  server.RaftServerConfigKeys (ConfUtils.java:logGet(46)) - raft.server.log.corruption.policy = EXCEPTION (default)
2023-02-22 04:45:53,391 [pool-806-thread-1] INFO  server.RaftServerConfigKeys (ConfUtils.java:logGet(46)) - raft.server.storage.free-space.min = 0MB (=0) (default)
2023-02-22 04:45:53,391 [pool-806-thread-1] INFO  server.RaftServerConfigKeys (ConfUtils.java:logGet(46)) - raft.server.notification.no-leader.timeout = 300s (custom)
2023-02-22 04:45:53,391 [pool-806-thread-1] INFO  server.RaftServerConfigKeys (ConfUtils.java:logGet(46)) - raft.server.retrycache.expirytime = 600000ms (custom)
2023-02-22 04:45:53,391 [pool-806-thread-1] INFO  server.RaftServerConfigKeys (ConfUtils.java:logGet(46)) - raft.server.retrycache.statistics.expirytime = 100μs (default)
2023-02-22 04:45:53,392 [pool-806-thread-1] INFO  server.RaftServerConfigKeys (ConfUtils.java:logGet(46)) - raft.server.log.appender.install.snapshot.enabled = false (custom)
2023-02-22 04:45:53,392 [pool-806-thread-1] INFO  server.RaftServerConfigKeys (ConfUtils.java:logGet(46)) - raft.server.threadpool.server.cached = true (default)
2023-02-22 04:45:53,392 [pool-806-thread-1] INFO  server.RaftServerConfigKeys (ConfUtils.java:logGet(46)) - raft.server.threadpool.server.size = 0 (default)
2023-02-22 04:45:53,392 [pool-806-thread-1] INFO  server.RaftServerConfigKeys (ConfUtils.java:logGet(46)) - raft.server.threadpool.client.cached = true (default)
2023-02-22 04:45:53,392 [pool-806-thread-1] INFO  server.RaftServerConfigKeys (ConfUtils.java:logGet(46)) - raft.server.threadpool.client.size = 0 (default)
2023-02-22 04:45:53,392 [pool-806-thread-1] INFO  storage.RaftStorageDirectory (RaftStorageDirectoryImpl.java:analyzeStorage(137)) - The storage directory /home/runner/work/ozone/ozone/hadoop-ozone/integration-test/target/test-dir/MiniOzoneClusterImpl-d1b59b44-2044-4343-9d69-28cc870eb01e/datanode-0/data/ratis/95791022-8b4e-4ed7-ad2b-4a5e83864a26 does not exist. Creating ...
2023-02-22 04:45:53,394 [pool-806-thread-1] INFO  storage.RaftStorageDirectory (RaftStorageDirectoryImpl.java:tryLock(231)) - Lock on /home/runner/work/ozone/ozone/hadoop-ozone/integration-test/target/test-dir/MiniOzoneClusterImpl-d1b59b44-2044-4343-9d69-28cc870eb01e/datanode-0/data/ratis/95791022-8b4e-4ed7-ad2b-4a5e83864a26/in_use.lock acquired by nodename 93364@fv-az748-120
2023-02-22 04:45:53,395 [pool-806-thread-1] INFO  storage.RaftStorage (RaftStorageImpl.java:format(96)) - Storage directory /home/runner/work/ozone/ozone/hadoop-ozone/integration-test/target/test-dir/MiniOzoneClusterImpl-d1b59b44-2044-4343-9d69-28cc870eb01e/datanode-0/data/ratis/95791022-8b4e-4ed7-ad2b-4a5e83864a26 has been successfully formatted.
2023-02-22 04:45:53,395 [pool-806-thread-1] INFO  ratis.ContainerStateMachine (ContainerStateMachine.java:loadSnapshot(240)) - group-4A5E83864A26: The snapshot info is null. Setting the last applied indexto:(t:0, i:~)
2023-02-22 04:45:53,395 [pool-806-thread-1] INFO  server.RaftServerConfigKeys (ConfUtils.java:logGet(46)) - raft.server.log.use.memory = false (default)
2023-02-22 04:45:53,395 [pool-806-thread-1] INFO  server.RaftServerConfigKeys (ConfUtils.java:logGet(46)) - raft.server.log.purge.gap = 1000000 (custom)
2023-02-22 04:45:53,395 [pool-806-thread-1] INFO  server.RaftServerConfigKeys (ConfUtils.java:logGet(46)) - raft.server.log.appender.buffer.byte-limit = 33554432 (custom)
2023-02-22 04:45:53,395 [pool-806-thread-1] INFO  server.RaftServerConfigKeys (ConfUtils.java:logGet(46)) - raft.server.log.statemachine.data.read.timeout = 1000ms (default)
2023-02-22 04:45:53,395 [pool-806-thread-1] INFO  server.RaftServerConfigKeys (ConfUtils.java:logGet(46)) - raft.server.log.purge.preservation.log.num = 0 (default)
2023-02-22 04:45:53,395 [pool-806-thread-1] INFO  server.RaftServerConfigKeys (ConfUtils.java:logGet(46)) - raft.server.log.segment.size.max = 1048576 (custom)
2023-02-22 04:45:53,396 [pool-806-thread-1] INFO  server.RaftServerConfigKeys (ConfUtils.java:logGet(46)) - raft.server.log.segment.cache.num.max = 2 (custom)
2023-02-22 04:45:53,396 [pool-806-thread-1] INFO  server.RaftServerConfigKeys (ConfUtils.java:logGet(46)) - raft.server.log.segment.cache.size.max = 200MB (=209715200) (default)
2023-02-22 04:45:53,396 [pool-806-thread-1] INFO  segmented.SegmentedRaftLogWorker (SegmentedRaftLogWorker.java:<init>(189)) - new 4c420ab8-2e43-407d-b88b-e5dbb58abbd6@group-4A5E83864A26-SegmentedRaftLogWorker for RaftStorageImpl:Storage Directory /home/runner/work/ozone/ozone/hadoop-ozone/integration-test/target/test-dir/MiniOzoneClusterImpl-d1b59b44-2044-4343-9d69-28cc870eb01e/datanode-0/data/ratis/95791022-8b4e-4ed7-ad2b-4a5e83864a26
2023-02-22 04:45:53,396 [pool-806-thread-1] INFO  server.RaftServerConfigKeys (ConfUtils.java:logGet(46)) - raft.server.log.queue.byte-limit = 4294967296 (custom)
2023-02-22 04:45:53,396 [pool-806-thread-1] INFO  server.RaftServerConfigKeys (ConfUtils.java:logGet(46)) - raft.server.log.queue.element-limit = 1024 (custom)
2023-02-22 04:45:53,396 [pool-806-thread-1] INFO  server.RaftServerConfigKeys (ConfUtils.java:logGet(46)) - raft.server.log.segment.size.max = 1048576 (custom)
2023-02-22 04:45:53,396 [pool-806-thread-1] INFO  server.RaftServerConfigKeys (ConfUtils.java:logGet(46)) - raft.server.log.preallocated.size = 16384 (custom)
2023-02-22 04:45:53,396 [pool-806-thread-1] INFO  server.RaftServerConfigKeys (ConfUtils.java:logGet(46)) - raft.server.log.force.sync.num = 128 (default)
2023-02-22 04:45:53,396 [pool-806-thread-1] INFO  server.RaftServerConfigKeys (ConfUtils.java:logGet(46)) - raft.server.log.statemachine.data.sync = true (default)
2023-02-22 04:45:53,396 [pool-806-thread-1] INFO  server.RaftServerConfigKeys (ConfUtils.java:logGet(46)) - raft.server.log.statemachine.data.sync.timeout = 10s (default)
2023-02-22 04:45:53,396 [pool-806-thread-1] INFO  server.RaftServerConfigKeys (ConfUtils.java:logGet(46)) - raft.server.log.statemachine.data.sync.timeout.retry = -1 (default)
2023-02-22 04:45:53,397 [pool-806-thread-1] INFO  server.RaftServerConfigKeys (ConfUtils.java:logGet(46)) - raft.server.log.write.buffer.size = 1048576 (custom)
2023-02-22 04:45:53,397 [pool-806-thread-1] INFO  server.RaftServerConfigKeys (ConfUtils.java:logGet(46)) - raft.server.log.appender.buffer.byte-limit = 33554432 (custom)
2023-02-22 04:45:53,399 [EventQueue-OpenPipelineForHealthyPipelineSafeModeRule] INFO  safemode.SCMSafeModeManager (HealthyPipelineSafeModeRule.java:process(137)) - SCM in safe mode. Healthy pipelines reported count is 0, required healthy pipeline reported count is 1
2023-02-22 04:45:53,401 [pool-806-thread-1] INFO  server.RaftServerConfigKeys (ConfUtils.java:logGet(46)) - raft.server.log.unsafe-flush.enabled = false (default)
2023-02-22 04:45:53,401 [pool-806-thread-1] INFO  server.RaftServerConfigKeys (ConfUtils.java:logGet(46)) - raft.server.log.async-flush.enabled = false (default)
2023-02-22 04:45:53,401 [pool-806-thread-1] INFO  server.RaftServerConfigKeys (ConfUtils.java:logGet(46)) - raft.server.log.statemachine.data.caching.enabled = true (custom)
2023-02-22 04:45:53,401 [pool-806-thread-1] INFO  segmented.SegmentedRaftLogWorker (SegmentedRaftLogWorker.java:lambda$new$0(135)) - 4c420ab8-2e43-407d-b88b-e5dbb58abbd6@group-4A5E83864A26-SegmentedRaftLogWorker: flushIndex: setUnconditionally 0 -> -1
2023-02-22 04:45:53,402 [pool-806-thread-1] INFO  segmented.SegmentedRaftLogWorker (SegmentedRaftLogWorker.java:lambda$new$0(135)) - 4c420ab8-2e43-407d-b88b-e5dbb58abbd6@group-4A5E83864A26-SegmentedRaftLogWorker: safeCacheEvictIndex: setUnconditionally 0 -> -1
2023-02-22 04:45:53,402 [pool-806-thread-1] INFO  server.RaftServer$Division (RaftServerImpl.java:start(334)) - 4c420ab8-2e43-407d-b88b-e5dbb58abbd6@group-4A5E83864A26: start as a follower, conf=-1: peers:[06733870-8d62-448b-a196-7afd6df13a68|rpc:10.1.78.0:40835|dataStream:10.1.78.0:46227|priority:1|startupRole:FOLLOWER, 4c420ab8-2e43-407d-b88b-e5dbb58abbd6|rpc:10.1.78.0:36163|dataStream:10.1.78.0:35685|priority:0|startupRole:FOLLOWER, ffdcdc5d-4960-49c6-84a1-25480d1d38bf|rpc:10.1.78.0:46217|dataStream:10.1.78.0:40923|priority:0|startupRole:FOLLOWER]|listeners:[], old=null
2023-02-22 04:45:53,402 [pool-806-thread-1] INFO  server.RaftServer$Division (RaftServerImpl.java:setRole(321)) - 4c420ab8-2e43-407d-b88b-e5dbb58abbd6@group-4A5E83864A26: changes role from      null to FOLLOWER at term 0 for startAsFollower
2023-02-22 04:45:53,402 [pool-806-thread-1] INFO  impl.RoleInfo (RoleInfo.java:updateAndGet(139)) - 4c420ab8-2e43-407d-b88b-e5dbb58abbd6: start 4c420ab8-2e43-407d-b88b-e5dbb58abbd6@group-4A5E83864A26-FollowerState
2023-02-22 04:45:53,407 [4c420ab8-2e43-407d-b88b-e5dbb58abbd6@group-4A5E83864A26-FollowerState] INFO  server.RaftServerConfigKeys (ConfUtils.java:logFallback(53)) - raft.server.rpc.first-election.timeout.min = 5s (fallback to raft.server.rpc.timeout.min)
2023-02-22 04:45:53,408 [4c420ab8-2e43-407d-b88b-e5dbb58abbd6@group-4A5E83864A26-FollowerState] INFO  server.RaftServerConfigKeys (ConfUtils.java:logFallback(53)) - raft.server.rpc.first-election.timeout.max = 5200ms (fallback to raft.server.rpc.timeout.max)
2023-02-22 04:45:53,408 [pool-806-thread-1] INFO  util.JmxRegister (JmxRegister.java:tryRegister(44)) - Successfully registered JMX Bean with object name Ratis:service=RaftServer,group=group-4A5E83864A26,id=4c420ab8-2e43-407d-b88b-e5dbb58abbd6
2023-02-22 04:45:53,408 [pool-806-thread-1] INFO  server.RaftServerConfigKeys (ConfUtils.java:logGet(46)) - raft.server.snapshot.auto.trigger.enabled = true (custom)
2023-02-22 04:45:53,408 [pool-806-thread-1] INFO  server.RaftServerConfigKeys (ConfUtils.java:logGet(46)) - raft.server.snapshot.auto.trigger.threshold = 10000 (custom)
2023-02-22 04:45:53,408 [pool-806-thread-1] INFO  server.RaftServerConfigKeys (ConfUtils.java:logGet(46)) - raft.server.snapshot.retention.file.num = 5 (custom)
2023-02-22 04:45:53,408 [pool-806-thread-1] INFO  server.RaftServerConfigKeys (ConfUtils.java:logGet(46)) - raft.server.log.purge.upto.snapshot.index = false (default)
2023-02-22 04:45:53,408 [Command processor thread] INFO  ratis.XceiverServerRatis (XceiverServerRatis.java:addGroup(807)) - Created group PipelineID=95791022-8b4e-4ed7-ad2b-4a5e83864a26
2023-02-22 04:45:53,414 [grpc-default-executor-15] INFO  server.RaftServer (RaftServerProxy.java:addNew(96)) - 06733870-8d62-448b-a196-7afd6df13a68: addNew group-4A5E83864A26:[06733870-8d62-448b-a196-7afd6df13a68|rpc:10.1.78.0:40835|dataStream:10.1.78.0:46227|priority:1|startupRole:FOLLOWER, 4c420ab8-2e43-407d-b88b-e5dbb58abbd6|rpc:10.1.78.0:36163|dataStream:10.1.78.0:35685|priority:0|startupRole:FOLLOWER, ffdcdc5d-4960-49c6-84a1-25480d1d38bf|rpc:10.1.78.0:46217|dataStream:10.1.78.0:40923|priority:0|startupRole:FOLLOWER] returns group-4A5E83864A26:java.util.concurrent.CompletableFuture@667f2698[Not completed]
2023-02-22 04:45:53,415 [pool-828-thread-1] INFO  server.RaftServer$Division (RaftServerImpl.java:<init>(195)) - 06733870-8d62-448b-a196-7afd6df13a68: new RaftServerImpl for group-4A5E83864A26:[06733870-8d62-448b-a196-7afd6df13a68|rpc:10.1.78.0:40835|dataStream:10.1.78.0:46227|priority:1|startupRole:FOLLOWER, 4c420ab8-2e43-407d-b88b-e5dbb58abbd6|rpc:10.1.78.0:36163|dataStream:10.1.78.0:35685|priority:0|startupRole:FOLLOWER, ffdcdc5d-4960-49c6-84a1-25480d1d38bf|rpc:10.1.78.0:46217|dataStream:10.1.78.0:40923|priority:0|startupRole:FOLLOWER] with ContainerStateMachine:uninitialized
2023-02-22 04:45:53,415 [pool-828-thread-1] INFO  server.RaftServerConfigKeys (ConfUtils.java:logGet(46)) - raft.server.rpc.timeout.min = 5s (custom)
2023-02-22 04:45:53,415 [pool-828-thread-1] INFO  server.RaftServerConfigKeys (ConfUtils.java:logGet(46)) - raft.server.rpc.timeout.max = 5200ms (custom)
2023-02-22 04:45:53,415 [pool-828-thread-1] INFO  server.RaftServerConfigKeys (ConfUtils.java:logGet(46)) - raft.server.rpc.sleep.time = 25ms (default)
2023-02-22 04:45:53,415 [pool-828-thread-1] INFO  server.RaftServerConfigKeys (ConfUtils.java:logGet(46)) - raft.server.rpc.slowness.timeout = 300s (custom)
2023-02-22 04:45:53,415 [pool-828-thread-1] INFO  server.RaftServerConfigKeys (ConfUtils.java:logGet(46)) - raft.server.leaderelection.leader.step-down.wait-time = 10s (default)
2023-02-22 04:45:53,415 [pool-828-thread-1] INFO  server.RaftServerConfigKeys (ConfUtils.java:logGet(46)) - raft.server.sleep.deviation.threshold = 300ms (default)
2023-02-22 04:45:53,415 [pool-828-thread-1] INFO  server.RaftServer$Division (ServerState.java:<init>(118)) - 06733870-8d62-448b-a196-7afd6df13a68@group-4A5E83864A26: ConfigurationManager, init=-1: peers:[06733870-8d62-448b-a196-7afd6df13a68|rpc:10.1.78.0:40835|dataStream:10.1.78.0:46227|priority:1|startupRole:FOLLOWER, 4c420ab8-2e43-407d-b88b-e5dbb58abbd6|rpc:10.1.78.0:36163|dataStream:10.1.78.0:35685|priority:0|startupRole:FOLLOWER, ffdcdc5d-4960-49c6-84a1-25480d1d38bf|rpc:10.1.78.0:46217|dataStream:10.1.78.0:40923|priority:0|startupRole:FOLLOWER]|listeners:[], old=null, confs=<EMPTY_MAP>
2023-02-22 04:45:53,415 [pool-828-thread-1] INFO  server.RaftServerConfigKeys (ConfUtils.java:logGet(46)) - raft.server.storage.dir = [/home/runner/work/ozone/ozone/hadoop-ozone/integration-test/target/test-dir/MiniOzoneClusterImpl-d1b59b44-2044-4343-9d69-28cc870eb01e/datanode-1/data/ratis] (custom)
2023-02-22 04:45:53,415 [pool-828-thread-1] INFO  server.RaftServerConfigKeys (ConfUtils.java:logGet(46)) - raft.server.log.corruption.policy = EXCEPTION (default)
2023-02-22 04:45:53,415 [pool-828-thread-1] INFO  server.RaftServerConfigKeys (ConfUtils.java:logGet(46)) - raft.server.storage.free-space.min = 0MB (=0) (default)
2023-02-22 04:45:53,415 [pool-828-thread-1] INFO  server.RaftServerConfigKeys (ConfUtils.java:logGet(46)) - raft.server.notification.no-leader.timeout = 300s (custom)
2023-02-22 04:45:53,416 [pool-828-thread-1] INFO  server.RaftServerConfigKeys (ConfUtils.java:logGet(46)) - raft.server.retrycache.expirytime = 600000ms (custom)
2023-02-22 04:45:53,416 [pool-828-thread-1] INFO  server.RaftServerConfigKeys (ConfUtils.java:logGet(46)) - raft.server.retrycache.statistics.expirytime = 100μs (default)
2023-02-22 04:45:53,416 [pool-828-thread-1] INFO  server.RaftServerConfigKeys (ConfUtils.java:logGet(46)) - raft.server.log.appender.install.snapshot.enabled = false (custom)
2023-02-22 04:45:53,416 [pool-828-thread-1] INFO  server.RaftServerConfigKeys (ConfUtils.java:logGet(46)) - raft.server.threadpool.server.cached = true (default)
2023-02-22 04:45:53,416 [pool-828-thread-1] INFO  server.RaftServerConfigKeys (ConfUtils.java:logGet(46)) - raft.server.threadpool.server.size = 0 (default)
2023-02-22 04:45:53,416 [pool-828-thread-1] INFO  server.RaftServerConfigKeys (ConfUtils.java:logGet(46)) - raft.server.threadpool.client.cached = true (default)
2023-02-22 04:45:53,416 [pool-828-thread-1] INFO  server.RaftServerConfigKeys (ConfUtils.java:logGet(46)) - raft.server.threadpool.client.size = 0 (default)
2023-02-22 04:45:53,416 [pool-828-thread-1] INFO  storage.RaftStorageDirectory (RaftStorageDirectoryImpl.java:analyzeStorage(137)) - The storage directory /home/runner/work/ozone/ozone/hadoop-ozone/integration-test/target/test-dir/MiniOzoneClusterImpl-d1b59b44-2044-4343-9d69-28cc870eb01e/datanode-1/data/ratis/95791022-8b4e-4ed7-ad2b-4a5e83864a26 does not exist. Creating ...
2023-02-22 04:45:53,417 [pool-828-thread-1] INFO  storage.RaftStorageDirectory (RaftStorageDirectoryImpl.java:tryLock(231)) - Lock on /home/runner/work/ozone/ozone/hadoop-ozone/integration-test/target/test-dir/MiniOzoneClusterImpl-d1b59b44-2044-4343-9d69-28cc870eb01e/datanode-1/data/ratis/95791022-8b4e-4ed7-ad2b-4a5e83864a26/in_use.lock acquired by nodename 93364@fv-az748-120
2023-02-22 04:45:53,418 [pool-828-thread-1] INFO  storage.RaftStorage (RaftStorageImpl.java:format(96)) - Storage directory /home/runner/work/ozone/ozone/hadoop-ozone/integration-test/target/test-dir/MiniOzoneClusterImpl-d1b59b44-2044-4343-9d69-28cc870eb01e/datanode-1/data/ratis/95791022-8b4e-4ed7-ad2b-4a5e83864a26 has been successfully formatted.
2023-02-22 04:45:53,419 [pool-828-thread-1] INFO  ratis.ContainerStateMachine (ContainerStateMachine.java:loadSnapshot(240)) - group-4A5E83864A26: The snapshot info is null. Setting the last applied indexto:(t:0, i:~)
2023-02-22 04:45:53,419 [pool-828-thread-1] INFO  server.RaftServerConfigKeys (ConfUtils.java:logGet(46)) - raft.server.log.use.memory = false (default)
2023-02-22 04:45:53,419 [pool-828-thread-1] INFO  server.RaftServerConfigKeys (ConfUtils.java:logGet(46)) - raft.server.log.purge.gap = 1000000 (custom)
2023-02-22 04:45:53,419 [pool-828-thread-1] INFO  server.RaftServerConfigKeys (ConfUtils.java:logGet(46)) - raft.server.log.appender.buffer.byte-limit = 33554432 (custom)
2023-02-22 04:45:53,419 [pool-828-thread-1] INFO  server.RaftServerConfigKeys (ConfUtils.java:logGet(46)) - raft.server.log.statemachine.data.read.timeout = 1000ms (default)
2023-02-22 04:45:53,420 [pool-828-thread-1] INFO  server.RaftServerConfigKeys (ConfUtils.java:logGet(46)) - raft.server.log.purge.preservation.log.num = 0 (default)
2023-02-22 04:45:53,420 [pool-828-thread-1] INFO  server.RaftServerConfigKeys (ConfUtils.java:logGet(46)) - raft.server.log.segment.size.max = 1048576 (custom)
2023-02-22 04:45:53,420 [pool-828-thread-1] INFO  server.RaftServerConfigKeys (ConfUtils.java:logGet(46)) - raft.server.log.segment.cache.num.max = 2 (custom)
2023-02-22 04:45:53,420 [pool-828-thread-1] INFO  server.RaftServerConfigKeys (ConfUtils.java:logGet(46)) - raft.server.log.segment.cache.size.max = 200MB (=209715200) (default)
2023-02-22 04:45:53,420 [pool-828-thread-1] INFO  segmented.SegmentedRaftLogWorker (SegmentedRaftLogWorker.java:<init>(189)) - new 06733870-8d62-448b-a196-7afd6df13a68@group-4A5E83864A26-SegmentedRaftLogWorker for RaftStorageImpl:Storage Directory /home/runner/work/ozone/ozone/hadoop-ozone/integration-test/target/test-dir/MiniOzoneClusterImpl-d1b59b44-2044-4343-9d69-28cc870eb01e/datanode-1/data/ratis/95791022-8b4e-4ed7-ad2b-4a5e83864a26
2023-02-22 04:45:53,420 [pool-828-thread-1] INFO  server.RaftServerConfigKeys (ConfUtils.java:logGet(46)) - raft.server.log.queue.byte-limit = 4294967296 (custom)
2023-02-22 04:45:53,420 [pool-828-thread-1] INFO  server.RaftServerConfigKeys (ConfUtils.java:logGet(46)) - raft.server.log.queue.element-limit = 1024 (custom)
2023-02-22 04:45:53,420 [pool-828-thread-1] INFO  server.RaftServerConfigKeys (ConfUtils.java:logGet(46)) - raft.server.log.segment.size.max = 1048576 (custom)
2023-02-22 04:45:53,421 [pool-828-thread-1] INFO  server.RaftServerConfigKeys (ConfUtils.java:logGet(46)) - raft.server.log.preallocated.size = 16384 (custom)
2023-02-22 04:45:53,421 [pool-828-thread-1] INFO  server.RaftServerConfigKeys (ConfUtils.java:logGet(46)) - raft.server.log.force.sync.num = 128 (default)
2023-02-22 04:45:53,421 [pool-828-thread-1] INFO  server.RaftServerConfigKeys (ConfUtils.java:logGet(46)) - raft.server.log.statemachine.data.sync = true (default)
2023-02-22 04:45:53,421 [pool-828-thread-1] INFO  server.RaftServerConfigKeys (ConfUtils.java:logGet(46)) - raft.server.log.statemachine.data.sync.timeout = 10s (default)
2023-02-22 04:45:53,421 [pool-828-thread-1] INFO  server.RaftServerConfigKeys (ConfUtils.java:logGet(46)) - raft.server.log.statemachine.data.sync.timeout.retry = -1 (default)
2023-02-22 04:45:53,421 [pool-828-thread-1] INFO  server.RaftServerConfigKeys (ConfUtils.java:logGet(46)) - raft.server.log.write.buffer.size = 1048576 (custom)
2023-02-22 04:45:53,421 [pool-828-thread-1] INFO  server.RaftServerConfigKeys (ConfUtils.java:logGet(46)) - raft.server.log.appender.buffer.byte-limit = 33554432 (custom)
2023-02-22 04:45:53,425 [pool-828-thread-1] INFO  server.RaftServerConfigKeys (ConfUtils.java:logGet(46)) - raft.server.log.unsafe-flush.enabled = false (default)
2023-02-22 04:45:53,425 [pool-828-thread-1] INFO  server.RaftServerConfigKeys (ConfUtils.java:logGet(46)) - raft.server.log.async-flush.enabled = false (default)
2023-02-22 04:45:53,425 [pool-828-thread-1] INFO  server.RaftServerConfigKeys (ConfUtils.java:logGet(46)) - raft.server.log.statemachine.data.caching.enabled = true (custom)
2023-02-22 04:45:53,425 [pool-828-thread-1] INFO  segmented.SegmentedRaftLogWorker (SegmentedRaftLogWorker.java:lambda$new$0(135)) - 06733870-8d62-448b-a196-7afd6df13a68@group-4A5E83864A26-SegmentedRaftLogWorker: flushIndex: setUnconditionally 0 -> -1
2023-02-22 04:45:53,425 [pool-828-thread-1] INFO  segmented.SegmentedRaftLogWorker (SegmentedRaftLogWorker.java:lambda$new$0(135)) - 06733870-8d62-448b-a196-7afd6df13a68@group-4A5E83864A26-SegmentedRaftLogWorker: safeCacheEvictIndex: setUnconditionally 0 -> -1
2023-02-22 04:45:53,425 [pool-828-thread-1] INFO  server.RaftServer$Division (RaftServerImpl.java:start(334)) - 06733870-8d62-448b-a196-7afd6df13a68@group-4A5E83864A26: start as a follower, conf=-1: peers:[06733870-8d62-448b-a196-7afd6df13a68|rpc:10.1.78.0:40835|dataStream:10.1.78.0:46227|priority:1|startupRole:FOLLOWER, 4c420ab8-2e43-407d-b88b-e5dbb58abbd6|rpc:10.1.78.0:36163|dataStream:10.1.78.0:35685|priority:0|startupRole:FOLLOWER, ffdcdc5d-4960-49c6-84a1-25480d1d38bf|rpc:10.1.78.0:46217|dataStream:10.1.78.0:40923|priority:0|startupRole:FOLLOWER]|listeners:[], old=null
2023-02-22 04:45:53,425 [pool-828-thread-1] INFO  server.RaftServer$Division (RaftServerImpl.java:setRole(321)) - 06733870-8d62-448b-a196-7afd6df13a68@group-4A5E83864A26: changes role from      null to FOLLOWER at term 0 for startAsFollower
2023-02-22 04:45:53,426 [pool-828-thread-1] INFO  impl.RoleInfo (RoleInfo.java:updateAndGet(139)) - 06733870-8d62-448b-a196-7afd6df13a68: start 06733870-8d62-448b-a196-7afd6df13a68@group-4A5E83864A26-FollowerState
2023-02-22 04:45:53,426 [pool-828-thread-1] INFO  util.JmxRegister (JmxRegister.java:tryRegister(44)) - Successfully registered JMX Bean with object name Ratis:service=RaftServer,group=group-4A5E83864A26,id=06733870-8d62-448b-a196-7afd6df13a68
2023-02-22 04:45:53,426 [pool-828-thread-1] INFO  server.RaftServerConfigKeys (ConfUtils.java:logGet(46)) - raft.server.snapshot.auto.trigger.enabled = true (custom)
2023-02-22 04:45:53,426 [pool-828-thread-1] INFO  server.RaftServerConfigKeys (ConfUtils.java:logGet(46)) - raft.server.snapshot.auto.trigger.threshold = 10000 (custom)
2023-02-22 04:45:53,426 [pool-828-thread-1] INFO  server.RaftServerConfigKeys (ConfUtils.java:logGet(46)) - raft.server.snapshot.retention.file.num = 5 (custom)
2023-02-22 04:45:53,426 [pool-828-thread-1] INFO  server.RaftServerConfigKeys (ConfUtils.java:logGet(46)) - raft.server.log.purge.upto.snapshot.index = false (default)
2023-02-22 04:45:53,426 [06733870-8d62-448b-a196-7afd6df13a68@group-4A5E83864A26-FollowerState] INFO  server.RaftServerConfigKeys (ConfUtils.java:logFallback(53)) - raft.server.rpc.first-election.timeout.min = 5s (fallback to raft.server.rpc.timeout.min)
2023-02-22 04:45:53,427 [06733870-8d62-448b-a196-7afd6df13a68@group-4A5E83864A26-FollowerState] INFO  server.RaftServerConfigKeys (ConfUtils.java:logFallback(53)) - raft.server.rpc.first-election.timeout.max = 5200ms (fallback to raft.server.rpc.timeout.max)
2023-02-22 04:45:53,438 [grpc-default-executor-15] INFO  server.RaftServer (RaftServerProxy.java:addNew(96)) - ffdcdc5d-4960-49c6-84a1-25480d1d38bf: addNew group-4A5E83864A26:[06733870-8d62-448b-a196-7afd6df13a68|rpc:10.1.78.0:40835|dataStream:10.1.78.0:46227|priority:1|startupRole:FOLLOWER, 4c420ab8-2e43-407d-b88b-e5dbb58abbd6|rpc:10.1.78.0:36163|dataStream:10.1.78.0:35685|priority:0|startupRole:FOLLOWER, ffdcdc5d-4960-49c6-84a1-25480d1d38bf|rpc:10.1.78.0:46217|dataStream:10.1.78.0:40923|priority:0|startupRole:FOLLOWER] returns group-4A5E83864A26:java.util.concurrent.CompletableFuture@189b4fc[Not completed]
2023-02-22 04:45:53,439 [pool-850-thread-1] INFO  server.RaftServer$Division (RaftServerImpl.java:<init>(195)) - ffdcdc5d-4960-49c6-84a1-25480d1d38bf: new RaftServerImpl for group-4A5E83864A26:[06733870-8d62-448b-a196-7afd6df13a68|rpc:10.1.78.0:40835|dataStream:10.1.78.0:46227|priority:1|startupRole:FOLLOWER, 4c420ab8-2e43-407d-b88b-e5dbb58abbd6|rpc:10.1.78.0:36163|dataStream:10.1.78.0:35685|priority:0|startupRole:FOLLOWER, ffdcdc5d-4960-49c6-84a1-25480d1d38bf|rpc:10.1.78.0:46217|dataStream:10.1.78.0:40923|priority:0|startupRole:FOLLOWER] with ContainerStateMachine:uninitialized
2023-02-22 04:45:53,439 [pool-850-thread-1] INFO  server.RaftServerConfigKeys (ConfUtils.java:logGet(46)) - raft.server.rpc.timeout.min = 5s (custom)
2023-02-22 04:45:53,439 [pool-850-thread-1] INFO  server.RaftServerConfigKeys (ConfUtils.java:logGet(46)) - raft.server.rpc.timeout.max = 5200ms (custom)
2023-02-22 04:45:53,439 [pool-850-thread-1] INFO  server.RaftServerConfigKeys (ConfUtils.java:logGet(46)) - raft.server.rpc.sleep.time = 25ms (default)
2023-02-22 04:45:53,439 [pool-850-thread-1] INFO  server.RaftServerConfigKeys (ConfUtils.java:logGet(46)) - raft.server.rpc.slowness.timeout = 300s (custom)
2023-02-22 04:45:53,439 [pool-850-thread-1] INFO  server.RaftServerConfigKeys (ConfUtils.java:logGet(46)) - raft.server.leaderelection.leader.step-down.wait-time = 10s (default)
2023-02-22 04:45:53,439 [pool-850-thread-1] INFO  server.RaftServerConfigKeys (ConfUtils.java:logGet(46)) - raft.server.sleep.deviation.threshold = 300ms (default)
2023-02-22 04:45:53,439 [pool-850-thread-1] INFO  server.RaftServer$Division (ServerState.java:<init>(118)) - ffdcdc5d-4960-49c6-84a1-25480d1d38bf@group-4A5E83864A26: ConfigurationManager, init=-1: peers:[06733870-8d62-448b-a196-7afd6df13a68|rpc:10.1.78.0:40835|dataStream:10.1.78.0:46227|priority:1|startupRole:FOLLOWER, 4c420ab8-2e43-407d-b88b-e5dbb58abbd6|rpc:10.1.78.0:36163|dataStream:10.1.78.0:35685|priority:0|startupRole:FOLLOWER, ffdcdc5d-4960-49c6-84a1-25480d1d38bf|rpc:10.1.78.0:46217|dataStream:10.1.78.0:40923|priority:0|startupRole:FOLLOWER]|listeners:[], old=null, confs=<EMPTY_MAP>
2023-02-22 04:45:53,439 [pool-850-thread-1] INFO  server.RaftServerConfigKeys (ConfUtils.java:logGet(46)) - raft.server.storage.dir = [/home/runner/work/ozone/ozone/hadoop-ozone/integration-test/target/test-dir/MiniOzoneClusterImpl-d1b59b44-2044-4343-9d69-28cc870eb01e/datanode-2/data/ratis] (custom)
2023-02-22 04:45:53,440 [pool-850-thread-1] INFO  server.RaftServerConfigKeys (ConfUtils.java:logGet(46)) - raft.server.log.corruption.policy = EXCEPTION (default)
2023-02-22 04:45:53,440 [pool-850-thread-1] INFO  server.RaftServerConfigKeys (ConfUtils.java:logGet(46)) - raft.server.storage.free-space.min = 0MB (=0) (default)
2023-02-22 04:45:53,440 [pool-850-thread-1] INFO  server.RaftServerConfigKeys (ConfUtils.java:logGet(46)) - raft.server.notification.no-leader.timeout = 300s (custom)
2023-02-22 04:45:53,440 [pool-850-thread-1] INFO  server.RaftServerConfigKeys (ConfUtils.java:logGet(46)) - raft.server.retrycache.expirytime = 600000ms (custom)
2023-02-22 04:45:53,440 [pool-850-thread-1] INFO  server.RaftServerConfigKeys (ConfUtils.java:logGet(46)) - raft.server.retrycache.statistics.expirytime = 100μs (default)
2023-02-22 04:45:53,440 [pool-850-thread-1] INFO  server.RaftServerConfigKeys (ConfUtils.java:logGet(46)) - raft.server.log.appender.install.snapshot.enabled = false (custom)
2023-02-22 04:45:53,440 [pool-850-thread-1] INFO  server.RaftServerConfigKeys (ConfUtils.java:logGet(46)) - raft.server.threadpool.server.cached = true (default)
2023-02-22 04:45:53,440 [pool-850-thread-1] INFO  server.RaftServerConfigKeys (ConfUtils.java:logGet(46)) - raft.server.threadpool.server.size = 0 (default)
2023-02-22 04:45:53,440 [pool-850-thread-1] INFO  server.RaftServerConfigKeys (ConfUtils.java:logGet(46)) - raft.server.threadpool.client.cached = true (default)
2023-02-22 04:45:53,440 [pool-850-thread-1] INFO  server.RaftServerConfigKeys (ConfUtils.java:logGet(46)) - raft.server.threadpool.client.size = 0 (default)
2023-02-22 04:45:53,441 [pool-850-thread-1] INFO  storage.RaftStorageDirectory (RaftStorageDirectoryImpl.java:analyzeStorage(137)) - The storage directory /home/runner/work/ozone/ozone/hadoop-ozone/integration-test/target/test-dir/MiniOzoneClusterImpl-d1b59b44-2044-4343-9d69-28cc870eb01e/datanode-2/data/ratis/95791022-8b4e-4ed7-ad2b-4a5e83864a26 does not exist. Creating ...
2023-02-22 04:45:53,442 [pool-850-thread-1] INFO  storage.RaftStorageDirectory (RaftStorageDirectoryImpl.java:tryLock(231)) - Lock on /home/runner/work/ozone/ozone/hadoop-ozone/integration-test/target/test-dir/MiniOzoneClusterImpl-d1b59b44-2044-4343-9d69-28cc870eb01e/datanode-2/data/ratis/95791022-8b4e-4ed7-ad2b-4a5e83864a26/in_use.lock acquired by nodename 93364@fv-az748-120
2023-02-22 04:45:53,443 [pool-850-thread-1] INFO  storage.RaftStorage (RaftStorageImpl.java:format(96)) - Storage directory /home/runner/work/ozone/ozone/hadoop-ozone/integration-test/target/test-dir/MiniOzoneClusterImpl-d1b59b44-2044-4343-9d69-28cc870eb01e/datanode-2/data/ratis/95791022-8b4e-4ed7-ad2b-4a5e83864a26 has been successfully formatted.
2023-02-22 04:45:53,443 [pool-850-thread-1] INFO  ratis.ContainerStateMachine (ContainerStateMachine.java:loadSnapshot(240)) - group-4A5E83864A26: The snapshot info is null. Setting the last applied indexto:(t:0, i:~)
2023-02-22 04:45:53,443 [pool-850-thread-1] INFO  server.RaftServerConfigKeys (ConfUtils.java:logGet(46)) - raft.server.log.use.memory = false (default)
2023-02-22 04:45:53,444 [pool-850-thread-1] INFO  server.RaftServerConfigKeys (ConfUtils.java:logGet(46)) - raft.server.log.purge.gap = 1000000 (custom)
2023-02-22 04:45:53,445 [pool-850-thread-1] INFO  server.RaftServerConfigKeys (ConfUtils.java:logGet(46)) - raft.server.log.appender.buffer.byte-limit = 33554432 (custom)
2023-02-22 04:45:53,445 [pool-850-thread-1] INFO  server.RaftServerConfigKeys (ConfUtils.java:logGet(46)) - raft.server.log.statemachine.data.read.timeout = 1000ms (default)
2023-02-22 04:45:53,445 [pool-850-thread-1] INFO  server.RaftServerConfigKeys (ConfUtils.java:logGet(46)) - raft.server.log.purge.preservation.log.num = 0 (default)
2023-02-22 04:45:53,445 [pool-850-thread-1] INFO  server.RaftServerConfigKeys (ConfUtils.java:logGet(46)) - raft.server.log.segment.size.max = 1048576 (custom)
2023-02-22 04:45:53,445 [pool-850-thread-1] INFO  server.RaftServerConfigKeys (ConfUtils.java:logGet(46)) - raft.server.log.segment.cache.num.max = 2 (custom)
2023-02-22 04:45:53,445 [pool-850-thread-1] INFO  server.RaftServerConfigKeys (ConfUtils.java:logGet(46)) - raft.server.log.segment.cache.size.max = 200MB (=209715200) (default)
2023-02-22 04:45:53,445 [pool-850-thread-1] INFO  segmented.SegmentedRaftLogWorker (SegmentedRaftLogWorker.java:<init>(189)) - new ffdcdc5d-4960-49c6-84a1-25480d1d38bf@group-4A5E83864A26-SegmentedRaftLogWorker for RaftStorageImpl:Storage Directory /home/runner/work/ozone/ozone/hadoop-ozone/integration-test/target/test-dir/MiniOzoneClusterImpl-d1b59b44-2044-4343-9d69-28cc870eb01e/datanode-2/data/ratis/95791022-8b4e-4ed7-ad2b-4a5e83864a26
2023-02-22 04:45:53,445 [pool-850-thread-1] INFO  server.RaftServerConfigKeys (ConfUtils.java:logGet(46)) - raft.server.log.queue.byte-limit = 4294967296 (custom)
2023-02-22 04:45:53,445 [pool-850-thread-1] INFO  server.RaftServerConfigKeys (ConfUtils.java:logGet(46)) - raft.server.log.queue.element-limit = 1024 (custom)
2023-02-22 04:45:53,445 [pool-850-thread-1] INFO  server.RaftServerConfigKeys (ConfUtils.java:logGet(46)) - raft.server.log.segment.size.max = 1048576 (custom)
2023-02-22 04:45:53,445 [pool-850-thread-1] INFO  server.RaftServerConfigKeys (ConfUtils.java:logGet(46)) - raft.server.log.preallocated.size = 16384 (custom)
2023-02-22 04:45:53,445 [pool-850-thread-1] INFO  server.RaftServerConfigKeys (ConfUtils.java:logGet(46)) - raft.server.log.force.sync.num = 128 (default)
2023-02-22 04:45:53,445 [pool-850-thread-1] INFO  server.RaftServerConfigKeys (ConfUtils.java:logGet(46)) - raft.server.log.statemachine.data.sync = true (default)
2023-02-22 04:45:53,445 [pool-850-thread-1] INFO  server.RaftServerConfigKeys (ConfUtils.java:logGet(46)) - raft.server.log.statemachine.data.sync.timeout = 10s (default)
2023-02-22 04:45:53,445 [pool-850-thread-1] INFO  server.RaftServerConfigKeys (ConfUtils.java:logGet(46)) - raft.server.log.statemachine.data.sync.timeout.retry = -1 (default)
2023-02-22 04:45:53,446 [pool-850-thread-1] INFO  server.RaftServerConfigKeys (ConfUtils.java:logGet(46)) - raft.server.log.write.buffer.size = 1048576 (custom)
2023-02-22 04:45:53,447 [pool-850-thread-1] INFO  server.RaftServerConfigKeys (ConfUtils.java:logGet(46)) - raft.server.log.appender.buffer.byte-limit = 33554432 (custom)
2023-02-22 04:45:53,450 [pool-850-thread-1] INFO  server.RaftServerConfigKeys (ConfUtils.java:logGet(46)) - raft.server.log.unsafe-flush.enabled = false (default)
2023-02-22 04:45:53,450 [pool-850-thread-1] INFO  server.RaftServerConfigKeys (ConfUtils.java:logGet(46)) - raft.server.log.async-flush.enabled = false (default)
2023-02-22 04:45:53,450 [pool-850-thread-1] INFO  server.RaftServerConfigKeys (ConfUtils.java:logGet(46)) - raft.server.log.statemachine.data.caching.enabled = true (custom)
2023-02-22 04:45:53,450 [pool-850-thread-1] INFO  segmented.SegmentedRaftLogWorker (SegmentedRaftLogWorker.java:lambda$new$0(135)) - ffdcdc5d-4960-49c6-84a1-25480d1d38bf@group-4A5E83864A26-SegmentedRaftLogWorker: flushIndex: setUnconditionally 0 -> -1
2023-02-22 04:45:53,450 [pool-850-thread-1] INFO  segmented.SegmentedRaftLogWorker (SegmentedRaftLogWorker.java:lambda$new$0(135)) - ffdcdc5d-4960-49c6-84a1-25480d1d38bf@group-4A5E83864A26-SegmentedRaftLogWorker: safeCacheEvictIndex: setUnconditionally 0 -> -1
2023-02-22 04:45:53,450 [pool-850-thread-1] INFO  server.RaftServer$Division (RaftServerImpl.java:start(334)) - ffdcdc5d-4960-49c6-84a1-25480d1d38bf@group-4A5E83864A26: start as a follower, conf=-1: peers:[06733870-8d62-448b-a196-7afd6df13a68|rpc:10.1.78.0:40835|dataStream:10.1.78.0:46227|priority:1|startupRole:FOLLOWER, 4c420ab8-2e43-407d-b88b-e5dbb58abbd6|rpc:10.1.78.0:36163|dataStream:10.1.78.0:35685|priority:0|startupRole:FOLLOWER, ffdcdc5d-4960-49c6-84a1-25480d1d38bf|rpc:10.1.78.0:46217|dataStream:10.1.78.0:40923|priority:0|startupRole:FOLLOWER]|listeners:[], old=null
2023-02-22 04:45:53,450 [pool-850-thread-1] INFO  server.RaftServer$Division (RaftServerImpl.java:setRole(321)) - ffdcdc5d-4960-49c6-84a1-25480d1d38bf@group-4A5E83864A26: changes role from      null to FOLLOWER at term 0 for startAsFollower
2023-02-22 04:45:53,450 [pool-850-thread-1] INFO  impl.RoleInfo (RoleInfo.java:updateAndGet(139)) - ffdcdc5d-4960-49c6-84a1-25480d1d38bf: start ffdcdc5d-4960-49c6-84a1-25480d1d38bf@group-4A5E83864A26-FollowerState
2023-02-22 04:45:53,453 [pool-850-thread-1] INFO  util.JmxRegister (JmxRegister.java:tryRegister(44)) - Successfully registered JMX Bean with object name Ratis:service=RaftServer,group=group-4A5E83864A26,id=ffdcdc5d-4960-49c6-84a1-25480d1d38bf
2023-02-22 04:45:53,453 [pool-850-thread-1] INFO  server.RaftServerConfigKeys (ConfUtils.java:logGet(46)) - raft.server.snapshot.auto.trigger.enabled = true (custom)
2023-02-22 04:45:53,453 [pool-850-thread-1] INFO  server.RaftServerConfigKeys (ConfUtils.java:logGet(46)) - raft.server.snapshot.auto.trigger.threshold = 10000 (custom)
2023-02-22 04:45:53,453 [pool-850-thread-1] INFO  server.RaftServerConfigKeys (ConfUtils.java:logGet(46)) - raft.server.snapshot.retention.file.num = 5 (custom)
2023-02-22 04:45:53,453 [pool-850-thread-1] INFO  server.RaftServerConfigKeys (ConfUtils.java:logGet(46)) - raft.server.log.purge.upto.snapshot.index = false (default)
2023-02-22 04:45:53,454 [ffdcdc5d-4960-49c6-84a1-25480d1d38bf@group-4A5E83864A26-FollowerState] INFO  server.RaftServerConfigKeys (ConfUtils.java:logFallback(53)) - raft.server.rpc.first-election.timeout.min = 5s (fallback to raft.server.rpc.timeout.min)
2023-02-22 04:45:53,462 [ffdcdc5d-4960-49c6-84a1-25480d1d38bf@group-4A5E83864A26-FollowerState] INFO  server.RaftServerConfigKeys (ConfUtils.java:logFallback(53)) - raft.server.rpc.first-election.timeout.max = 5200ms (fallback to raft.server.rpc.timeout.max)
2023-02-22 04:45:53,466 [Command processor thread] INFO  commandhandler.CreatePipelineCommandHandler (CreatePipelineCommandHandler.java:handle(113)) - Created Pipeline RATIS THREE PipelineID=95791022-8b4e-4ed7-ad2b-4a5e83864a26.
2023-02-22 04:45:53,527 [Command processor thread] INFO  server.RaftServer (RaftServerProxy.java:addNew(96)) - 06733870-8d62-448b-a196-7afd6df13a68: addNew group-F18B0086BD2A:[06733870-8d62-448b-a196-7afd6df13a68|rpc:10.1.78.0:40835|dataStream:10.1.78.0:46227|priority:1|startupRole:FOLLOWER] returns group-F18B0086BD2A:java.util.concurrent.CompletableFuture@2189f150[Not completed]
2023-02-22 04:45:53,528 [pool-828-thread-1] INFO  server.RaftServer$Division (RaftServerImpl.java:<init>(195)) - 06733870-8d62-448b-a196-7afd6df13a68: new RaftServerImpl for group-F18B0086BD2A:[06733870-8d62-448b-a196-7afd6df13a68|rpc:10.1.78.0:40835|dataStream:10.1.78.0:46227|priority:1|startupRole:FOLLOWER] with ContainerStateMachine:uninitialized
2023-02-22 04:45:53,528 [pool-828-thread-1] INFO  server.RaftServerConfigKeys (ConfUtils.java:logGet(46)) - raft.server.rpc.timeout.min = 5s (custom)
2023-02-22 04:45:53,528 [pool-828-thread-1] INFO  server.RaftServerConfigKeys (ConfUtils.java:logGet(46)) - raft.server.rpc.timeout.max = 5200ms (custom)
2023-02-22 04:45:53,528 [pool-828-thread-1] INFO  server.RaftServerConfigKeys (ConfUtils.java:logGet(46)) - raft.server.rpc.sleep.time = 25ms (default)
2023-02-22 04:45:53,528 [pool-828-thread-1] INFO  server.RaftServerConfigKeys (ConfUtils.java:logGet(46)) - raft.server.rpc.slowness.timeout = 300s (custom)
2023-02-22 04:45:53,528 [pool-828-thread-1] INFO  server.RaftServerConfigKeys (ConfUtils.java:logGet(46)) - raft.server.leaderelection.leader.step-down.wait-time = 10s (default)
2023-02-22 04:45:53,528 [pool-828-thread-1] INFO  server.RaftServerConfigKeys (ConfUtils.java:logGet(46)) - raft.server.sleep.deviation.threshold = 300ms (default)
2023-02-22 04:45:53,528 [pool-828-thread-1] INFO  server.RaftServer$Division (ServerState.java:<init>(118)) - 06733870-8d62-448b-a196-7afd6df13a68@group-F18B0086BD2A: ConfigurationManager, init=-1: peers:[06733870-8d62-448b-a196-7afd6df13a68|rpc:10.1.78.0:40835|dataStream:10.1.78.0:46227|priority:1|startupRole:FOLLOWER]|listeners:[], old=null, confs=<EMPTY_MAP>
2023-02-22 04:45:53,528 [pool-828-thread-1] INFO  server.RaftServerConfigKeys (ConfUtils.java:logGet(46)) - raft.server.storage.dir = [/home/runner/work/ozone/ozone/hadoop-ozone/integration-test/target/test-dir/MiniOzoneClusterImpl-d1b59b44-2044-4343-9d69-28cc870eb01e/datanode-1/data/ratis] (custom)
2023-02-22 04:45:53,528 [pool-828-thread-1] INFO  server.RaftServerConfigKeys (ConfUtils.java:logGet(46)) - raft.server.log.corruption.policy = EXCEPTION (default)
2023-02-22 04:45:53,528 [pool-828-thread-1] INFO  server.RaftServerConfigKeys (ConfUtils.java:logGet(46)) - raft.server.storage.free-space.min = 0MB (=0) (default)
2023-02-22 04:45:53,528 [pool-828-thread-1] INFO  server.RaftServerConfigKeys (ConfUtils.java:logGet(46)) - raft.server.notification.no-leader.timeout = 300s (custom)
2023-02-22 04:45:53,528 [pool-828-thread-1] INFO  server.RaftServerConfigKeys (ConfUtils.java:logGet(46)) - raft.server.retrycache.expirytime = 600000ms (custom)
2023-02-22 04:45:53,529 [pool-828-thread-1] INFO  server.RaftServerConfigKeys (ConfUtils.java:logGet(46)) - raft.server.retrycache.statistics.expirytime = 100μs (default)
2023-02-22 04:45:53,529 [pool-828-thread-1] INFO  server.RaftServerConfigKeys (ConfUtils.java:logGet(46)) - raft.server.log.appender.install.snapshot.enabled = false (custom)
2023-02-22 04:45:53,529 [pool-828-thread-1] INFO  server.RaftServerConfigKeys (ConfUtils.java:logGet(46)) - raft.server.threadpool.server.cached = true (default)
2023-02-22 04:45:53,529 [pool-828-thread-1] INFO  server.RaftServerConfigKeys (ConfUtils.java:logGet(46)) - raft.server.threadpool.server.size = 0 (default)
2023-02-22 04:45:53,529 [pool-828-thread-1] INFO  server.RaftServerConfigKeys (ConfUtils.java:logGet(46)) - raft.server.threadpool.client.cached = true (default)
2023-02-22 04:45:53,529 [pool-828-thread-1] INFO  server.RaftServerConfigKeys (ConfUtils.java:logGet(46)) - raft.server.threadpool.client.size = 0 (default)
2023-02-22 04:45:53,530 [pool-828-thread-1] INFO  storage.RaftStorageDirectory (RaftStorageDirectoryImpl.java:analyzeStorage(137)) - The storage directory /home/runner/work/ozone/ozone/hadoop-ozone/integration-test/target/test-dir/MiniOzoneClusterImpl-d1b59b44-2044-4343-9d69-28cc870eb01e/datanode-1/data/ratis/b1a4362c-7d62-4beb-a880-f18b0086bd2a does not exist. Creating ...
2023-02-22 04:45:53,530 [pool-828-thread-1] INFO  storage.RaftStorageDirectory (RaftStorageDirectoryImpl.java:tryLock(231)) - Lock on /home/runner/work/ozone/ozone/hadoop-ozone/integration-test/target/test-dir/MiniOzoneClusterImpl-d1b59b44-2044-4343-9d69-28cc870eb01e/datanode-1/data/ratis/b1a4362c-7d62-4beb-a880-f18b0086bd2a/in_use.lock acquired by nodename 93364@fv-az748-120
2023-02-22 04:45:53,531 [pool-828-thread-1] INFO  storage.RaftStorage (RaftStorageImpl.java:format(96)) - Storage directory /home/runner/work/ozone/ozone/hadoop-ozone/integration-test/target/test-dir/MiniOzoneClusterImpl-d1b59b44-2044-4343-9d69-28cc870eb01e/datanode-1/data/ratis/b1a4362c-7d62-4beb-a880-f18b0086bd2a has been successfully formatted.
2023-02-22 04:45:53,532 [pool-828-thread-1] INFO  ratis.ContainerStateMachine (ContainerStateMachine.java:loadSnapshot(240)) - group-F18B0086BD2A: The snapshot info is null. Setting the last applied indexto:(t:0, i:~)
2023-02-22 04:45:53,533 [EventQueue-PipelineReportForPipelineReportHandler] INFO  pipeline.PipelineManagerImpl (PipelineManagerImpl.java:openPipeline(367)) - Pipeline Pipeline[ Id: b1a4362c-7d62-4beb-a880-f18b0086bd2a, Nodes: 06733870-8d62-448b-a196-7afd6df13a68(fv-az748-120.4k5rsvd4cmqu5oxra434zmszlb.cx.internal.cloudapp.net/10.1.78.0), ReplicationConfig: RATIS/ONE, State:ALLOCATED, leaderId:06733870-8d62-448b-a196-7afd6df13a68, CreationTimestamp2023-02-22T04:45:50.531Z[Etc/UTC]] moved to OPEN state
2023-02-22 04:45:53,534 [EventQueue-OpenPipelineForHealthyPipelineSafeModeRule] INFO  safemode.SCMSafeModeManager (HealthyPipelineSafeModeRule.java:process(137)) - SCM in safe mode. Healthy pipelines reported count is 0, required healthy pipeline reported count is 1
2023-02-22 04:45:53,534 [pool-828-thread-1] INFO  server.RaftServerConfigKeys (ConfUtils.java:logGet(46)) - raft.server.log.use.memory = false (default)
2023-02-22 04:45:53,534 [pool-828-thread-1] INFO  server.RaftServerConfigKeys (ConfUtils.java:logGet(46)) - raft.server.log.purge.gap = 1000000 (custom)
2023-02-22 04:45:53,534 [pool-828-thread-1] INFO  server.RaftServerConfigKeys (ConfUtils.java:logGet(46)) - raft.server.log.appender.buffer.byte-limit = 33554432 (custom)
2023-02-22 04:45:53,534 [pool-828-thread-1] INFO  server.RaftServerConfigKeys (ConfUtils.java:logGet(46)) - raft.server.log.statemachine.data.read.timeout = 1000ms (default)
2023-02-22 04:45:53,534 [pool-828-thread-1] INFO  server.RaftServerConfigKeys (ConfUtils.java:logGet(46)) - raft.server.log.purge.preservation.log.num = 0 (default)
2023-02-22 04:45:53,534 [pool-828-thread-1] INFO  server.RaftServerConfigKeys (ConfUtils.java:logGet(46)) - raft.server.log.segment.size.max = 1048576 (custom)
2023-02-22 04:45:53,535 [pool-828-thread-1] INFO  server.RaftServerConfigKeys (ConfUtils.java:logGet(46)) - raft.server.log.segment.cache.num.max = 2 (custom)
2023-02-22 04:45:53,535 [pool-828-thread-1] INFO  server.RaftServerConfigKeys (ConfUtils.java:logGet(46)) - raft.server.log.segment.cache.size.max = 200MB (=209715200) (default)
2023-02-22 04:45:53,535 [pool-828-thread-1] INFO  segmented.SegmentedRaftLogWorker (SegmentedRaftLogWorker.java:<init>(189)) - new 06733870-8d62-448b-a196-7afd6df13a68@group-F18B0086BD2A-SegmentedRaftLogWorker for RaftStorageImpl:Storage Directory /home/runner/work/ozone/ozone/hadoop-ozone/integration-test/target/test-dir/MiniOzoneClusterImpl-d1b59b44-2044-4343-9d69-28cc870eb01e/datanode-1/data/ratis/b1a4362c-7d62-4beb-a880-f18b0086bd2a
2023-02-22 04:45:53,535 [pool-828-thread-1] INFO  server.RaftServerConfigKeys (ConfUtils.java:logGet(46)) - raft.server.log.queue.byte-limit = 4294967296 (custom)
2023-02-22 04:45:53,535 [pool-828-thread-1] INFO  server.RaftServerConfigKeys (ConfUtils.java:logGet(46)) - raft.server.log.queue.element-limit = 1024 (custom)
2023-02-22 04:45:53,535 [pool-828-thread-1] INFO  server.RaftServerConfigKeys (ConfUtils.java:logGet(46)) - raft.server.log.segment.size.max = 1048576 (custom)
2023-02-22 04:45:53,535 [pool-828-thread-1] INFO  server.RaftServerConfigKeys (ConfUtils.java:logGet(46)) - raft.server.log.preallocated.size = 16384 (custom)
2023-02-22 04:45:53,535 [pool-828-thread-1] INFO  server.RaftServerConfigKeys (ConfUtils.java:logGet(46)) - raft.server.log.force.sync.num = 128 (default)
2023-02-22 04:45:53,535 [pool-828-thread-1] INFO  server.RaftServerConfigKeys (ConfUtils.java:logGet(46)) - raft.server.log.statemachine.data.sync = true (default)
2023-02-22 04:45:53,535 [pool-828-thread-1] INFO  server.RaftServerConfigKeys (ConfUtils.java:logGet(46)) - raft.server.log.statemachine.data.sync.timeout = 10s (default)
2023-02-22 04:45:53,535 [pool-828-thread-1] INFO  server.RaftServerConfigKeys (ConfUtils.java:logGet(46)) - raft.server.log.statemachine.data.sync.timeout.retry = -1 (default)
2023-02-22 04:45:53,536 [pool-828-thread-1] INFO  server.RaftServerConfigKeys (ConfUtils.java:logGet(46)) - raft.server.log.write.buffer.size = 1048576 (custom)
2023-02-22 04:45:53,536 [pool-828-thread-1] INFO  server.RaftServerConfigKeys (ConfUtils.java:logGet(46)) - raft.server.log.appender.buffer.byte-limit = 33554432 (custom)
2023-02-22 04:45:53,538 [pool-828-thread-1] INFO  server.RaftServerConfigKeys (ConfUtils.java:logGet(46)) - raft.server.log.unsafe-flush.enabled = false (default)
2023-02-22 04:45:53,538 [pool-828-thread-1] INFO  server.RaftServerConfigKeys (ConfUtils.java:logGet(46)) - raft.server.log.async-flush.enabled = false (default)
2023-02-22 04:45:53,539 [pool-828-thread-1] INFO  server.RaftServerConfigKeys (ConfUtils.java:logGet(46)) - raft.server.log.statemachine.data.caching.enabled = true (custom)
2023-02-22 04:45:53,539 [pool-828-thread-1] INFO  segmented.SegmentedRaftLogWorker (SegmentedRaftLogWorker.java:lambda$new$0(135)) - 06733870-8d62-448b-a196-7afd6df13a68@group-F18B0086BD2A-SegmentedRaftLogWorker: flushIndex: setUnconditionally 0 -> -1
2023-02-22 04:45:53,539 [pool-828-thread-1] INFO  segmented.SegmentedRaftLogWorker (SegmentedRaftLogWorker.java:lambda$new$0(135)) - 06733870-8d62-448b-a196-7afd6df13a68@group-F18B0086BD2A-SegmentedRaftLogWorker: safeCacheEvictIndex: setUnconditionally 0 -> -1
2023-02-22 04:45:53,539 [pool-828-thread-1] INFO  server.RaftServer$Division (RaftServerImpl.java:start(334)) - 06733870-8d62-448b-a196-7afd6df13a68@group-F18B0086BD2A: start as a follower, conf=-1: peers:[06733870-8d62-448b-a196-7afd6df13a68|rpc:10.1.78.0:40835|dataStream:10.1.78.0:46227|priority:1|startupRole:FOLLOWER]|listeners:[], old=null
2023-02-22 04:45:53,539 [pool-828-thread-1] INFO  server.RaftServer$Division (RaftServerImpl.java:setRole(321)) - 06733870-8d62-448b-a196-7afd6df13a68@group-F18B0086BD2A: changes role from      null to FOLLOWER at term 0 for startAsFollower
2023-02-22 04:45:53,539 [pool-828-thread-1] INFO  impl.RoleInfo (RoleInfo.java:updateAndGet(139)) - 06733870-8d62-448b-a196-7afd6df13a68: start 06733870-8d62-448b-a196-7afd6df13a68@group-F18B0086BD2A-FollowerState
2023-02-22 04:45:53,541 [pool-828-thread-1] INFO  util.JmxRegister (JmxRegister.java:tryRegister(44)) - Successfully registered JMX Bean with object name Ratis:service=RaftServer,group=group-F18B0086BD2A,id=06733870-8d62-448b-a196-7afd6df13a68
2023-02-22 04:45:53,541 [pool-828-thread-1] INFO  server.RaftServerConfigKeys (ConfUtils.java:logGet(46)) - raft.server.snapshot.auto.trigger.enabled = true (custom)
2023-02-22 04:45:53,541 [pool-828-thread-1] INFO  server.RaftServerConfigKeys (ConfUtils.java:logGet(46)) - raft.server.snapshot.auto.trigger.threshold = 10000 (custom)
2023-02-22 04:45:53,541 [pool-828-thread-1] INFO  server.RaftServerConfigKeys (ConfUtils.java:logGet(46)) - raft.server.snapshot.retention.file.num = 5 (custom)
2023-02-22 04:45:53,541 [pool-828-thread-1] INFO  server.RaftServerConfigKeys (ConfUtils.java:logGet(46)) - raft.server.log.purge.upto.snapshot.index = false (default)
2023-02-22 04:45:53,542 [06733870-8d62-448b-a196-7afd6df13a68@group-F18B0086BD2A-FollowerState] INFO  server.RaftServerConfigKeys (ConfUtils.java:logFallback(53)) - raft.server.rpc.first-election.timeout.min = 5s (fallback to raft.server.rpc.timeout.min)
2023-02-22 04:45:53,542 [06733870-8d62-448b-a196-7afd6df13a68@group-F18B0086BD2A-FollowerState] INFO  server.RaftServerConfigKeys (ConfUtils.java:logFallback(53)) - raft.server.rpc.first-election.timeout.max = 5200ms (fallback to raft.server.rpc.timeout.max)
2023-02-22 04:45:53,545 [Command processor thread] INFO  ratis.XceiverServerRatis (XceiverServerRatis.java:addGroup(807)) - Created group PipelineID=b1a4362c-7d62-4beb-a880-f18b0086bd2a
2023-02-22 04:45:53,545 [Command processor thread] INFO  commandhandler.CreatePipelineCommandHandler (CreatePipelineCommandHandler.java:handle(113)) - Created Pipeline RATIS ONE PipelineID=b1a4362c-7d62-4beb-a880-f18b0086bd2a.
2023-02-22 04:45:53,651 [EndpointStateMachine task thread for /0.0.0.0:33645 - 0 ] INFO  ipc.Client (Client.java:handleConnectionFailure(1010)) - Retrying connect to server: 0.0.0.0/0.0.0.0:33645. Already tried 14 time(s); retry policy is RetryUpToMaximumCountWithFixedSleep(maxRetries=15, sleepTime=1000 MILLISECONDS)
2023-02-22 04:45:53,865 [Listener at 127.0.0.1/44521] INFO  ozone.MiniOzoneClusterImpl (MiniOzoneClusterImpl.java:lambda$waitForClusterToBeReady$0(218)) - Nodes are ready. Got 3 of 3 DN Heartbeats.
2023-02-22 04:45:53,866 [Listener at 127.0.0.1/44521] INFO  ozone.MiniOzoneClusterImpl (MiniOzoneClusterImpl.java:lambda$waitForClusterToBeReady$0(221)) - Waiting for cluster to exit safe mode
2023-02-22 04:45:53,866 [Listener at 127.0.0.1/44521] INFO  ozone.MiniOzoneClusterImpl (MiniOzoneClusterImpl.java:lambda$waitForClusterToBeReady$0(223)) - SCM became leader
2023-02-22 04:45:53,870 [Command processor thread] INFO  server.RaftServer (RaftServerProxy.java:addNew(96)) - ffdcdc5d-4960-49c6-84a1-25480d1d38bf: addNew group-5482F95B9549:[ffdcdc5d-4960-49c6-84a1-25480d1d38bf|rpc:10.1.78.0:46217|dataStream:10.1.78.0:40923|priority:1|startupRole:FOLLOWER] returns group-5482F95B9549:java.util.concurrent.CompletableFuture@bb489b5[Not completed]
2023-02-22 04:45:53,870 [pool-850-thread-1] INFO  server.RaftServer$Division (RaftServerImpl.java:<init>(195)) - ffdcdc5d-4960-49c6-84a1-25480d1d38bf: new RaftServerImpl for group-5482F95B9549:[ffdcdc5d-4960-49c6-84a1-25480d1d38bf|rpc:10.1.78.0:46217|dataStream:10.1.78.0:40923|priority:1|startupRole:FOLLOWER] with ContainerStateMachine:uninitialized
2023-02-22 04:45:53,870 [pool-850-thread-1] INFO  server.RaftServerConfigKeys (ConfUtils.java:logGet(46)) - raft.server.rpc.timeout.min = 5s (custom)
2023-02-22 04:45:53,871 [pool-850-thread-1] INFO  server.RaftServerConfigKeys (ConfUtils.java:logGet(46)) - raft.server.rpc.timeout.max = 5200ms (custom)
2023-02-22 04:45:53,871 [pool-850-thread-1] INFO  server.RaftServerConfigKeys (ConfUtils.java:logGet(46)) - raft.server.rpc.sleep.time = 25ms (default)
2023-02-22 04:45:53,871 [pool-850-thread-1] INFO  server.RaftServerConfigKeys (ConfUtils.java:logGet(46)) - raft.server.rpc.slowness.timeout = 300s (custom)
2023-02-22 04:45:53,871 [pool-850-thread-1] INFO  server.RaftServerConfigKeys (ConfUtils.java:logGet(46)) - raft.server.leaderelection.leader.step-down.wait-time = 10s (default)
2023-02-22 04:45:53,871 [pool-850-thread-1] INFO  server.RaftServerConfigKeys (ConfUtils.java:logGet(46)) - raft.server.sleep.deviation.threshold = 300ms (default)
2023-02-22 04:45:53,871 [pool-850-thread-1] INFO  server.RaftServer$Division (ServerState.java:<init>(118)) - ffdcdc5d-4960-49c6-84a1-25480d1d38bf@group-5482F95B9549: ConfigurationManager, init=-1: peers:[ffdcdc5d-4960-49c6-84a1-25480d1d38bf|rpc:10.1.78.0:46217|dataStream:10.1.78.0:40923|priority:1|startupRole:FOLLOWER]|listeners:[], old=null, confs=<EMPTY_MAP>
2023-02-22 04:45:53,871 [pool-850-thread-1] INFO  server.RaftServerConfigKeys (ConfUtils.java:logGet(46)) - raft.server.storage.dir = [/home/runner/work/ozone/ozone/hadoop-ozone/integration-test/target/test-dir/MiniOzoneClusterImpl-d1b59b44-2044-4343-9d69-28cc870eb01e/datanode-2/data/ratis] (custom)
2023-02-22 04:45:53,871 [pool-850-thread-1] INFO  server.RaftServerConfigKeys (ConfUtils.java:logGet(46)) - raft.server.log.corruption.policy = EXCEPTION (default)
2023-02-22 04:45:53,871 [pool-850-thread-1] INFO  server.RaftServerConfigKeys (ConfUtils.java:logGet(46)) - raft.server.storage.free-space.min = 0MB (=0) (default)
2023-02-22 04:45:53,871 [pool-850-thread-1] INFO  server.RaftServerConfigKeys (ConfUtils.java:logGet(46)) - raft.server.notification.no-leader.timeout = 300s (custom)
2023-02-22 04:45:53,871 [pool-850-thread-1] INFO  server.RaftServerConfigKeys (ConfUtils.java:logGet(46)) - raft.server.retrycache.expirytime = 600000ms (custom)
2023-02-22 04:45:53,871 [pool-850-thread-1] INFO  server.RaftServerConfigKeys (ConfUtils.java:logGet(46)) - raft.server.retrycache.statistics.expirytime = 100μs (default)
2023-02-22 04:45:53,872 [pool-850-thread-1] INFO  server.RaftServerConfigKeys (ConfUtils.java:logGet(46)) - raft.server.log.appender.install.snapshot.enabled = false (custom)
2023-02-22 04:45:53,873 [pool-850-thread-1] INFO  server.RaftServerConfigKeys (ConfUtils.java:logGet(46)) - raft.server.threadpool.server.cached = true (default)
2023-02-22 04:45:53,873 [pool-850-thread-1] INFO  server.RaftServerConfigKeys (ConfUtils.java:logGet(46)) - raft.server.threadpool.server.size = 0 (default)
2023-02-22 04:45:53,873 [pool-850-thread-1] INFO  server.RaftServerConfigKeys (ConfUtils.java:logGet(46)) - raft.server.threadpool.client.cached = true (default)
2023-02-22 04:45:53,873 [pool-850-thread-1] INFO  server.RaftServerConfigKeys (ConfUtils.java:logGet(46)) - raft.server.threadpool.client.size = 0 (default)
2023-02-22 04:45:53,873 [pool-850-thread-1] INFO  storage.RaftStorageDirectory (RaftStorageDirectoryImpl.java:analyzeStorage(137)) - The storage directory /home/runner/work/ozone/ozone/hadoop-ozone/integration-test/target/test-dir/MiniOzoneClusterImpl-d1b59b44-2044-4343-9d69-28cc870eb01e/datanode-2/data/ratis/2d3482bb-ae33-4d4c-ba22-5482f95b9549 does not exist. Creating ...
2023-02-22 04:45:53,874 [pool-850-thread-1] INFO  storage.RaftStorageDirectory (RaftStorageDirectoryImpl.java:tryLock(231)) - Lock on /home/runner/work/ozone/ozone/hadoop-ozone/integration-test/target/test-dir/MiniOzoneClusterImpl-d1b59b44-2044-4343-9d69-28cc870eb01e/datanode-2/data/ratis/2d3482bb-ae33-4d4c-ba22-5482f95b9549/in_use.lock acquired by nodename 93364@fv-az748-120
2023-02-22 04:45:53,875 [pool-850-thread-1] INFO  storage.RaftStorage (RaftStorageImpl.java:format(96)) - Storage directory /home/runner/work/ozone/ozone/hadoop-ozone/integration-test/target/test-dir/MiniOzoneClusterImpl-d1b59b44-2044-4343-9d69-28cc870eb01e/datanode-2/data/ratis/2d3482bb-ae33-4d4c-ba22-5482f95b9549 has been successfully formatted.
2023-02-22 04:45:53,876 [pool-850-thread-1] INFO  ratis.ContainerStateMachine (ContainerStateMachine.java:loadSnapshot(240)) - group-5482F95B9549: The snapshot info is null. Setting the last applied indexto:(t:0, i:~)
2023-02-22 04:45:53,876 [EventQueue-PipelineReportForPipelineReportHandler] INFO  pipeline.PipelineManagerImpl (PipelineManagerImpl.java:openPipeline(367)) - Pipeline Pipeline[ Id: 2d3482bb-ae33-4d4c-ba22-5482f95b9549, Nodes: ffdcdc5d-4960-49c6-84a1-25480d1d38bf(fv-az748-120.4k5rsvd4cmqu5oxra434zmszlb.cx.internal.cloudapp.net/10.1.78.0), ReplicationConfig: RATIS/ONE, State:ALLOCATED, leaderId:ffdcdc5d-4960-49c6-84a1-25480d1d38bf, CreationTimestamp2023-02-22T04:45:50.871Z[Etc/UTC]] moved to OPEN state
2023-02-22 04:45:53,877 [EventQueue-OpenPipelineForHealthyPipelineSafeModeRule] INFO  safemode.SCMSafeModeManager (HealthyPipelineSafeModeRule.java:process(137)) - SCM in safe mode. Healthy pipelines reported count is 0, required healthy pipeline reported count is 1
2023-02-22 04:45:53,877 [pool-850-thread-1] INFO  server.RaftServerConfigKeys (ConfUtils.java:logGet(46)) - raft.server.log.use.memory = false (default)
2023-02-22 04:45:53,877 [pool-850-thread-1] INFO  server.RaftServerConfigKeys (ConfUtils.java:logGet(46)) - raft.server.log.purge.gap = 1000000 (custom)
2023-02-22 04:45:53,877 [pool-850-thread-1] INFO  server.RaftServerConfigKeys (ConfUtils.java:logGet(46)) - raft.server.log.appender.buffer.byte-limit = 33554432 (custom)
2023-02-22 04:45:53,877 [pool-850-thread-1] INFO  server.RaftServerConfigKeys (ConfUtils.java:logGet(46)) - raft.server.log.statemachine.data.read.timeout = 1000ms (default)
2023-02-22 04:45:53,877 [pool-850-thread-1] INFO  server.RaftServerConfigKeys (ConfUtils.java:logGet(46)) - raft.server.log.purge.preservation.log.num = 0 (default)
2023-02-22 04:45:53,877 [pool-850-thread-1] INFO  server.RaftServerConfigKeys (ConfUtils.java:logGet(46)) - raft.server.log.segment.size.max = 1048576 (custom)
2023-02-22 04:45:53,878 [pool-850-thread-1] INFO  server.RaftServerConfigKeys (ConfUtils.java:logGet(46)) - raft.server.log.segment.cache.num.max = 2 (custom)
2023-02-22 04:45:53,878 [pool-850-thread-1] INFO  server.RaftServerConfigKeys (ConfUtils.java:logGet(46)) - raft.server.log.segment.cache.size.max = 200MB (=209715200) (default)
2023-02-22 04:45:53,878 [pool-850-thread-1] INFO  segmented.SegmentedRaftLogWorker (SegmentedRaftLogWorker.java:<init>(189)) - new ffdcdc5d-4960-49c6-84a1-25480d1d38bf@group-5482F95B9549-SegmentedRaftLogWorker for RaftStorageImpl:Storage Directory /home/runner/work/ozone/ozone/hadoop-ozone/integration-test/target/test-dir/MiniOzoneClusterImpl-d1b59b44-2044-4343-9d69-28cc870eb01e/datanode-2/data/ratis/2d3482bb-ae33-4d4c-ba22-5482f95b9549
2023-02-22 04:45:53,878 [pool-850-thread-1] INFO  server.RaftServerConfigKeys (ConfUtils.java:logGet(46)) - raft.server.log.queue.byte-limit = 4294967296 (custom)
2023-02-22 04:45:53,878 [pool-850-thread-1] INFO  server.RaftServerConfigKeys (ConfUtils.java:logGet(46)) - raft.server.log.queue.element-limit = 1024 (custom)
2023-02-22 04:45:53,878 [pool-850-thread-1] INFO  server.RaftServerConfigKeys (ConfUtils.java:logGet(46)) - raft.server.log.segment.size.max = 1048576 (custom)
2023-02-22 04:45:53,878 [pool-850-thread-1] INFO  server.RaftServerConfigKeys (ConfUtils.java:logGet(46)) - raft.server.log.preallocated.size = 16384 (custom)
2023-02-22 04:45:53,878 [pool-850-thread-1] INFO  server.RaftServerConfigKeys (ConfUtils.java:logGet(46)) - raft.server.log.force.sync.num = 128 (default)
2023-02-22 04:45:53,878 [pool-850-thread-1] INFO  server.RaftServerConfigKeys (ConfUtils.java:logGet(46)) - raft.server.log.statemachine.data.sync = true (default)
2023-02-22 04:45:53,878 [pool-850-thread-1] INFO  server.RaftServerConfigKeys (ConfUtils.java:logGet(46)) - raft.server.log.statemachine.data.sync.timeout = 10s (default)
2023-02-22 04:45:53,878 [pool-850-thread-1] INFO  server.RaftServerConfigKeys (ConfUtils.java:logGet(46)) - raft.server.log.statemachine.data.sync.timeout.retry = -1 (default)
2023-02-22 04:45:53,879 [pool-850-thread-1] INFO  server.RaftServerConfigKeys (ConfUtils.java:logGet(46)) - raft.server.log.write.buffer.size = 1048576 (custom)
2023-02-22 04:45:53,879 [pool-850-thread-1] INFO  server.RaftServerConfigKeys (ConfUtils.java:logGet(46)) - raft.server.log.appender.buffer.byte-limit = 33554432 (custom)
2023-02-22 04:45:53,882 [pool-850-thread-1] INFO  server.RaftServerConfigKeys (ConfUtils.java:logGet(46)) - raft.server.log.unsafe-flush.enabled = false (default)
2023-02-22 04:45:53,882 [pool-850-thread-1] INFO  server.RaftServerConfigKeys (ConfUtils.java:logGet(46)) - raft.server.log.async-flush.enabled = false (default)
2023-02-22 04:45:53,882 [pool-850-thread-1] INFO  server.RaftServerConfigKeys (ConfUtils.java:logGet(46)) - raft.server.log.statemachine.data.caching.enabled = true (custom)
2023-02-22 04:45:53,883 [pool-850-thread-1] INFO  segmented.SegmentedRaftLogWorker (SegmentedRaftLogWorker.java:lambda$new$0(135)) - ffdcdc5d-4960-49c6-84a1-25480d1d38bf@group-5482F95B9549-SegmentedRaftLogWorker: flushIndex: setUnconditionally 0 -> -1
2023-02-22 04:45:53,883 [pool-850-thread-1] INFO  segmented.SegmentedRaftLogWorker (SegmentedRaftLogWorker.java:lambda$new$0(135)) - ffdcdc5d-4960-49c6-84a1-25480d1d38bf@group-5482F95B9549-SegmentedRaftLogWorker: safeCacheEvictIndex: setUnconditionally 0 -> -1
2023-02-22 04:45:53,883 [pool-850-thread-1] INFO  server.RaftServer$Division (RaftServerImpl.java:start(334)) - ffdcdc5d-4960-49c6-84a1-25480d1d38bf@group-5482F95B9549: start as a follower, conf=-1: peers:[ffdcdc5d-4960-49c6-84a1-25480d1d38bf|rpc:10.1.78.0:46217|dataStream:10.1.78.0:40923|priority:1|startupRole:FOLLOWER]|listeners:[], old=null
2023-02-22 04:45:53,883 [pool-850-thread-1] INFO  server.RaftServer$Division (RaftServerImpl.java:setRole(321)) - ffdcdc5d-4960-49c6-84a1-25480d1d38bf@group-5482F95B9549: changes role from      null to FOLLOWER at term 0 for startAsFollower
2023-02-22 04:45:53,883 [pool-850-thread-1] INFO  impl.RoleInfo (RoleInfo.java:updateAndGet(139)) - ffdcdc5d-4960-49c6-84a1-25480d1d38bf: start ffdcdc5d-4960-49c6-84a1-25480d1d38bf@group-5482F95B9549-FollowerState
2023-02-22 04:45:53,883 [pool-850-thread-1] INFO  util.JmxRegister (JmxRegister.java:tryRegister(44)) - Successfully registered JMX Bean with object name Ratis:service=RaftServer,group=group-5482F95B9549,id=ffdcdc5d-4960-49c6-84a1-25480d1d38bf
2023-02-22 04:45:53,883 [pool-850-thread-1] INFO  server.RaftServerConfigKeys (ConfUtils.java:logGet(46)) - raft.server.snapshot.auto.trigger.enabled = true (custom)
2023-02-22 04:45:53,883 [pool-850-thread-1] INFO  server.RaftServerConfigKeys (ConfUtils.java:logGet(46)) - raft.server.snapshot.auto.trigger.threshold = 10000 (custom)
2023-02-22 04:45:53,883 [pool-850-thread-1] INFO  server.RaftServerConfigKeys (ConfUtils.java:logGet(46)) - raft.server.snapshot.retention.file.num = 5 (custom)
2023-02-22 04:45:53,883 [pool-850-thread-1] INFO  server.RaftServerConfigKeys (ConfUtils.java:logGet(46)) - raft.server.log.purge.upto.snapshot.index = false (default)
2023-02-22 04:45:53,884 [ffdcdc5d-4960-49c6-84a1-25480d1d38bf@group-5482F95B9549-FollowerState] INFO  server.RaftServerConfigKeys (ConfUtils.java:logFallback(53)) - raft.server.rpc.first-election.timeout.min = 5s (fallback to raft.server.rpc.timeout.min)
2023-02-22 04:45:53,884 [ffdcdc5d-4960-49c6-84a1-25480d1d38bf@group-5482F95B9549-FollowerState] INFO  server.RaftServerConfigKeys (ConfUtils.java:logFallback(53)) - raft.server.rpc.first-election.timeout.max = 5200ms (fallback to raft.server.rpc.timeout.max)
2023-02-22 04:45:53,885 [Command processor thread] INFO  ratis.XceiverServerRatis (XceiverServerRatis.java:addGroup(807)) - Created group PipelineID=2d3482bb-ae33-4d4c-ba22-5482f95b9549
2023-02-22 04:45:53,885 [Command processor thread] INFO  commandhandler.CreatePipelineCommandHandler (CreatePipelineCommandHandler.java:handle(113)) - Created Pipeline RATIS ONE PipelineID=2d3482bb-ae33-4d4c-ba22-5482f95b9549.
2023-02-22 04:45:54,653 [EndpointStateMachine task thread for /0.0.0.0:33645 - 0 ] INFO  ipc.Client (Client.java:handleConnectionFailure(1010)) - Retrying connect to server: 0.0.0.0/0.0.0.0:33645. Already tried 0 time(s); retry policy is RetryUpToMaximumCountWithFixedSleep(maxRetries=15, sleepTime=1000 MILLISECONDS)
2023-02-22 04:45:54,866 [Listener at 127.0.0.1/44521] INFO  ozone.MiniOzoneClusterImpl (MiniOzoneClusterImpl.java:lambda$waitForClusterToBeReady$0(218)) - Nodes are ready. Got 3 of 3 DN Heartbeats.
2023-02-22 04:45:54,866 [Listener at 127.0.0.1/44521] INFO  ozone.MiniOzoneClusterImpl (MiniOzoneClusterImpl.java:lambda$waitForClusterToBeReady$0(221)) - Waiting for cluster to exit safe mode
2023-02-22 04:45:54,866 [Listener at 127.0.0.1/44521] INFO  ozone.MiniOzoneClusterImpl (MiniOzoneClusterImpl.java:lambda$waitForClusterToBeReady$0(223)) - SCM became leader
2023-02-22 04:45:55,653 [EndpointStateMachine task thread for /0.0.0.0:33645 - 0 ] INFO  ipc.Client (Client.java:handleConnectionFailure(1010)) - Retrying connect to server: 0.0.0.0/0.0.0.0:33645. Already tried 1 time(s); retry policy is RetryUpToMaximumCountWithFixedSleep(maxRetries=15, sleepTime=1000 MILLISECONDS)
2023-02-22 04:45:55,866 [Listener at 127.0.0.1/44521] INFO  ozone.MiniOzoneClusterImpl (MiniOzoneClusterImpl.java:lambda$waitForClusterToBeReady$0(218)) - Nodes are ready. Got 3 of 3 DN Heartbeats.
2023-02-22 04:45:55,867 [Listener at 127.0.0.1/44521] INFO  ozone.MiniOzoneClusterImpl (MiniOzoneClusterImpl.java:lambda$waitForClusterToBeReady$0(221)) - Waiting for cluster to exit safe mode
2023-02-22 04:45:55,867 [Listener at 127.0.0.1/44521] INFO  ozone.MiniOzoneClusterImpl (MiniOzoneClusterImpl.java:lambda$waitForClusterToBeReady$0(223)) - SCM became leader
2023-02-22 04:45:56,654 [EndpointStateMachine task thread for /0.0.0.0:33645 - 0 ] INFO  ipc.Client (Client.java:handleConnectionFailure(1010)) - Retrying connect to server: 0.0.0.0/0.0.0.0:33645. Already tried 2 time(s); retry policy is RetryUpToMaximumCountWithFixedSleep(maxRetries=15, sleepTime=1000 MILLISECONDS)
2023-02-22 04:45:56,867 [Listener at 127.0.0.1/44521] INFO  ozone.MiniOzoneClusterImpl (MiniOzoneClusterImpl.java:lambda$waitForClusterToBeReady$0(218)) - Nodes are ready. Got 3 of 3 DN Heartbeats.
2023-02-22 04:45:56,867 [Listener at 127.0.0.1/44521] INFO  ozone.MiniOzoneClusterImpl (MiniOzoneClusterImpl.java:lambda$waitForClusterToBeReady$0(221)) - Waiting for cluster to exit safe mode
2023-02-22 04:45:56,867 [Listener at 127.0.0.1/44521] INFO  ozone.MiniOzoneClusterImpl (MiniOzoneClusterImpl.java:lambda$waitForClusterToBeReady$0(223)) - SCM became leader
2023-02-22 04:45:57,654 [EndpointStateMachine task thread for /0.0.0.0:33645 - 0 ] INFO  ipc.Client (Client.java:handleConnectionFailure(1010)) - Retrying connect to server: 0.0.0.0/0.0.0.0:33645. Already tried 3 time(s); retry policy is RetryUpToMaximumCountWithFixedSleep(maxRetries=15, sleepTime=1000 MILLISECONDS)
2023-02-22 04:45:57,867 [Listener at 127.0.0.1/44521] INFO  ozone.MiniOzoneClusterImpl (MiniOzoneClusterImpl.java:lambda$waitForClusterToBeReady$0(218)) - Nodes are ready. Got 3 of 3 DN Heartbeats.
2023-02-22 04:45:57,868 [Listener at 127.0.0.1/44521] INFO  ozone.MiniOzoneClusterImpl (MiniOzoneClusterImpl.java:lambda$waitForClusterToBeReady$0(221)) - Waiting for cluster to exit safe mode
2023-02-22 04:45:57,868 [Listener at 127.0.0.1/44521] INFO  ozone.MiniOzoneClusterImpl (MiniOzoneClusterImpl.java:lambda$waitForClusterToBeReady$0(223)) - SCM became leader
2023-02-22 04:45:58,309 [4c420ab8-2e43-407d-b88b-e5dbb58abbd6@group-0C485CD398F6-FollowerState] INFO  impl.FollowerState (FollowerState.java:run(143)) - 4c420ab8-2e43-407d-b88b-e5dbb58abbd6@group-0C485CD398F6-FollowerState: change to CANDIDATE, lastRpcElapsedTime:5079201592ns, electionTimeout:5072ms
2023-02-22 04:45:58,310 [4c420ab8-2e43-407d-b88b-e5dbb58abbd6@group-0C485CD398F6-FollowerState] INFO  impl.RoleInfo (RoleInfo.java:shutdownFollowerState(110)) - 4c420ab8-2e43-407d-b88b-e5dbb58abbd6: shutdown 4c420ab8-2e43-407d-b88b-e5dbb58abbd6@group-0C485CD398F6-FollowerState
2023-02-22 04:45:58,310 [4c420ab8-2e43-407d-b88b-e5dbb58abbd6@group-0C485CD398F6-FollowerState] INFO  server.RaftServer$Division (RaftServerImpl.java:setRole(321)) - 4c420ab8-2e43-407d-b88b-e5dbb58abbd6@group-0C485CD398F6: changes role from  FOLLOWER to CANDIDATE at term 0 for changeToCandidate
2023-02-22 04:45:58,310 [4c420ab8-2e43-407d-b88b-e5dbb58abbd6@group-0C485CD398F6-FollowerState] INFO  server.RaftServerConfigKeys (ConfUtils.java:logGet(46)) - raft.server.leaderelection.pre-vote = true (default)
2023-02-22 04:45:58,310 [4c420ab8-2e43-407d-b88b-e5dbb58abbd6@group-0C485CD398F6-FollowerState] INFO  impl.RoleInfo (RoleInfo.java:updateAndGet(139)) - 4c420ab8-2e43-407d-b88b-e5dbb58abbd6: start 4c420ab8-2e43-407d-b88b-e5dbb58abbd6@group-0C485CD398F6-LeaderElection9
2023-02-22 04:45:58,312 [4c420ab8-2e43-407d-b88b-e5dbb58abbd6@group-0C485CD398F6-LeaderElection9] INFO  impl.LeaderElection (LeaderElection.java:askForVotes(312)) - 4c420ab8-2e43-407d-b88b-e5dbb58abbd6@group-0C485CD398F6-LeaderElection9 PRE_VOTE round 0: submit vote requests at term 0 for -1: peers:[4c420ab8-2e43-407d-b88b-e5dbb58abbd6|rpc:10.1.78.0:36163|dataStream:10.1.78.0:35685|priority:1|startupRole:FOLLOWER]|listeners:[], old=null
2023-02-22 04:45:58,312 [4c420ab8-2e43-407d-b88b-e5dbb58abbd6@group-0C485CD398F6-LeaderElection9] INFO  impl.LeaderElection (LeaderElection.java:askForVotes(314)) - 4c420ab8-2e43-407d-b88b-e5dbb58abbd6@group-0C485CD398F6-LeaderElection9 PRE_VOTE round 0: result PASSED (term=0)
2023-02-22 04:45:58,313 [4c420ab8-2e43-407d-b88b-e5dbb58abbd6@group-0C485CD398F6-LeaderElection9] INFO  impl.LeaderElection (LeaderElection.java:askForVotes(312)) - 4c420ab8-2e43-407d-b88b-e5dbb58abbd6@group-0C485CD398F6-LeaderElection9 ELECTION round 0: submit vote requests at term 1 for -1: peers:[4c420ab8-2e43-407d-b88b-e5dbb58abbd6|rpc:10.1.78.0:36163|dataStream:10.1.78.0:35685|priority:1|startupRole:FOLLOWER]|listeners:[], old=null
2023-02-22 04:45:58,313 [4c420ab8-2e43-407d-b88b-e5dbb58abbd6@group-0C485CD398F6-LeaderElection9] INFO  impl.LeaderElection (LeaderElection.java:askForVotes(314)) - 4c420ab8-2e43-407d-b88b-e5dbb58abbd6@group-0C485CD398F6-LeaderElection9 ELECTION round 0: result PASSED (term=1)
2023-02-22 04:45:58,313 [4c420ab8-2e43-407d-b88b-e5dbb58abbd6@group-0C485CD398F6-LeaderElection9] INFO  impl.RoleInfo (RoleInfo.java:shutdownLeaderElection(130)) - 4c420ab8-2e43-407d-b88b-e5dbb58abbd6: shutdown 4c420ab8-2e43-407d-b88b-e5dbb58abbd6@group-0C485CD398F6-LeaderElection9
2023-02-22 04:45:58,313 [4c420ab8-2e43-407d-b88b-e5dbb58abbd6@group-0C485CD398F6-LeaderElection9] INFO  server.RaftServer$Division (RaftServerImpl.java:setRole(321)) - 4c420ab8-2e43-407d-b88b-e5dbb58abbd6@group-0C485CD398F6: changes role from CANDIDATE to LEADER at term 1 for changeToLeader
2023-02-22 04:45:58,313 [4c420ab8-2e43-407d-b88b-e5dbb58abbd6@group-0C485CD398F6-LeaderElection9] INFO  ratis.XceiverServerRatis (XceiverServerRatis.java:handleLeaderChangedNotification(905)) - Leader change notification received for group: group-0C485CD398F6 with new leaderId: 4c420ab8-2e43-407d-b88b-e5dbb58abbd6
2023-02-22 04:45:58,313 [4c420ab8-2e43-407d-b88b-e5dbb58abbd6@group-0C485CD398F6-LeaderElection9] INFO  server.RaftServer$Division (ServerState.java:setLeader(313)) - 4c420ab8-2e43-407d-b88b-e5dbb58abbd6@group-0C485CD398F6: change Leader from null to 4c420ab8-2e43-407d-b88b-e5dbb58abbd6 at term 1 for becomeLeader, leader elected after 5115ms
2023-02-22 04:45:58,313 [4c420ab8-2e43-407d-b88b-e5dbb58abbd6@group-0C485CD398F6-LeaderElection9] INFO  server.RaftServerConfigKeys (ConfUtils.java:logGet(46)) - raft.server.staging.catchup.gap = 1000 (default)
2023-02-22 04:45:58,314 [4c420ab8-2e43-407d-b88b-e5dbb58abbd6@group-0C485CD398F6-LeaderElection9] INFO  server.RaftServerConfigKeys (ConfUtils.java:logGet(46)) - raft.server.write.element-limit = 1024 (custom)
2023-02-22 04:45:58,314 [4c420ab8-2e43-407d-b88b-e5dbb58abbd6@group-0C485CD398F6-LeaderElection9] INFO  server.RaftServerConfigKeys (ConfUtils.java:logGet(46)) - raft.server.write.byte-limit = 1024 M (=1073741824) (custom)
2023-02-22 04:45:58,315 [4c420ab8-2e43-407d-b88b-e5dbb58abbd6@group-0C485CD398F6-LeaderElection9] INFO  server.RaftServerConfigKeys (ConfUtils.java:logGet(46)) - raft.server.watch.timeout = 180s (custom)
2023-02-22 04:45:58,315 [4c420ab8-2e43-407d-b88b-e5dbb58abbd6@group-0C485CD398F6-LeaderElection9] INFO  server.RaftServerConfigKeys (ConfUtils.java:logGet(46)) - raft.server.watch.timeout.denomination = 1s (default)
2023-02-22 04:45:58,315 [4c420ab8-2e43-407d-b88b-e5dbb58abbd6@group-0C485CD398F6-LeaderElection9] INFO  server.RaftServerConfigKeys (ConfUtils.java:logGet(46)) - raft.server.watch.element-limit = 65536 (default)
2023-02-22 04:45:58,315 [4c420ab8-2e43-407d-b88b-e5dbb58abbd6@group-0C485CD398F6-LeaderElection9] INFO  server.RaftServerConfigKeys (ConfUtils.java:logGet(46)) - raft.server.write.element-limit = 1024 (custom)
2023-02-22 04:45:58,315 [4c420ab8-2e43-407d-b88b-e5dbb58abbd6@group-0C485CD398F6-LeaderElection9] INFO  server.RaftServerConfigKeys (ConfUtils.java:logGet(46)) - raft.server.write.follower.gap.ratio.max = -1.0 (default)
2023-02-22 04:45:58,315 [4c420ab8-2e43-407d-b88b-e5dbb58abbd6@group-0C485CD398F6-LeaderElection9] INFO  impl.RoleInfo (RoleInfo.java:updateAndGet(139)) - 4c420ab8-2e43-407d-b88b-e5dbb58abbd6: start 4c420ab8-2e43-407d-b88b-e5dbb58abbd6@group-0C485CD398F6-LeaderStateImpl
2023-02-22 04:45:58,315 [EventQueue-OpenPipelineForHealthyPipelineSafeModeRule] INFO  safemode.SCMSafeModeManager (HealthyPipelineSafeModeRule.java:process(137)) - SCM in safe mode. Healthy pipelines reported count is 0, required healthy pipeline reported count is 1
2023-02-22 04:45:58,315 [4c420ab8-2e43-407d-b88b-e5dbb58abbd6@group-0C485CD398F6-LeaderElection9] INFO  segmented.SegmentedRaftLogWorker (SegmentedRaftLogWorker.java:startLogSegment(452)) - 4c420ab8-2e43-407d-b88b-e5dbb58abbd6@group-0C485CD398F6-SegmentedRaftLogWorker: Starting segment from index:0
2023-02-22 04:45:58,318 [4c420ab8-2e43-407d-b88b-e5dbb58abbd6@group-0C485CD398F6-LeaderElection9] INFO  server.RaftServer$Division (ServerState.java:setRaftConf(430)) - 4c420ab8-2e43-407d-b88b-e5dbb58abbd6@group-0C485CD398F6: set configuration 0: peers:[4c420ab8-2e43-407d-b88b-e5dbb58abbd6|rpc:10.1.78.0:36163|dataStream:10.1.78.0:35685|priority:1|startupRole:FOLLOWER]|listeners:[], old=null
2023-02-22 04:45:58,318 [4c420ab8-2e43-407d-b88b-e5dbb58abbd6@group-0C485CD398F6-SegmentedRaftLogWorker] INFO  segmented.SegmentedRaftLogWorker (SegmentedRaftLogWorker.java:execute(656)) - 4c420ab8-2e43-407d-b88b-e5dbb58abbd6@group-0C485CD398F6-SegmentedRaftLogWorker: created new log segment /home/runner/work/ozone/ozone/hadoop-ozone/integration-test/target/test-dir/MiniOzoneClusterImpl-d1b59b44-2044-4343-9d69-28cc870eb01e/datanode-0/data/ratis/0bc60925-52a7-4266-a28c-0c485cd398f6/current/log_inprogress_0
2023-02-22 04:45:58,364 [ffdcdc5d-4960-49c6-84a1-25480d1d38bf@group-A783D8486497-FollowerState] INFO  impl.FollowerState (FollowerState.java:run(143)) - ffdcdc5d-4960-49c6-84a1-25480d1d38bf@group-A783D8486497-FollowerState: change to CANDIDATE, lastRpcElapsedTime:5021047056ns, electionTimeout:5019ms
2023-02-22 04:45:58,364 [ffdcdc5d-4960-49c6-84a1-25480d1d38bf@group-A783D8486497-FollowerState] INFO  impl.RoleInfo (RoleInfo.java:shutdownFollowerState(110)) - ffdcdc5d-4960-49c6-84a1-25480d1d38bf: shutdown ffdcdc5d-4960-49c6-84a1-25480d1d38bf@group-A783D8486497-FollowerState
2023-02-22 04:45:58,364 [ffdcdc5d-4960-49c6-84a1-25480d1d38bf@group-A783D8486497-FollowerState] INFO  server.RaftServer$Division (RaftServerImpl.java:setRole(321)) - ffdcdc5d-4960-49c6-84a1-25480d1d38bf@group-A783D8486497: changes role from  FOLLOWER to CANDIDATE at term 0 for changeToCandidate
2023-02-22 04:45:58,364 [ffdcdc5d-4960-49c6-84a1-25480d1d38bf@group-A783D8486497-FollowerState] INFO  server.RaftServerConfigKeys (ConfUtils.java:logGet(46)) - raft.server.leaderelection.pre-vote = true (default)
2023-02-22 04:45:58,364 [ffdcdc5d-4960-49c6-84a1-25480d1d38bf@group-A783D8486497-FollowerState] INFO  impl.RoleInfo (RoleInfo.java:updateAndGet(139)) - ffdcdc5d-4960-49c6-84a1-25480d1d38bf: start ffdcdc5d-4960-49c6-84a1-25480d1d38bf@group-A783D8486497-LeaderElection10
2023-02-22 04:45:58,366 [ffdcdc5d-4960-49c6-84a1-25480d1d38bf@group-A783D8486497-LeaderElection10] INFO  impl.LeaderElection (LeaderElection.java:askForVotes(312)) - ffdcdc5d-4960-49c6-84a1-25480d1d38bf@group-A783D8486497-LeaderElection10 PRE_VOTE round 0: submit vote requests at term 0 for -1: peers:[06733870-8d62-448b-a196-7afd6df13a68|rpc:10.1.78.0:40835|dataStream:10.1.78.0:46227|priority:0|startupRole:FOLLOWER, ffdcdc5d-4960-49c6-84a1-25480d1d38bf|rpc:10.1.78.0:46217|dataStream:10.1.78.0:40923|priority:0|startupRole:FOLLOWER, 4c420ab8-2e43-407d-b88b-e5dbb58abbd6|rpc:10.1.78.0:36163|dataStream:10.1.78.0:35685|priority:1|startupRole:FOLLOWER]|listeners:[], old=null
2023-02-22 04:45:58,367 [ffdcdc5d-4960-49c6-84a1-25480d1d38bf@group-A783D8486497-LeaderElection10-1] INFO  server.GrpcServerProtocolClient (GrpcServerProtocolClient.java:<init>(63)) - Build channel for 06733870-8d62-448b-a196-7afd6df13a68
2023-02-22 04:45:58,374 [grpc-default-executor-15] INFO  server.RaftServer$Division (RaftServerImpl.java:requestVote(1218)) - 06733870-8d62-448b-a196-7afd6df13a68@group-A783D8486497: receive requestVote(PRE_VOTE, ffdcdc5d-4960-49c6-84a1-25480d1d38bf, group-A783D8486497, 0, (t:0, i:0))
2023-02-22 04:45:58,382 [grpc-default-executor-15] INFO  impl.VoteContext (VoteContext.java:log(49)) - 06733870-8d62-448b-a196-7afd6df13a68@group-A783D8486497-FOLLOWER: accept PRE_VOTE from ffdcdc5d-4960-49c6-84a1-25480d1d38bf: our priority 0 <= candidate's priority 0
2023-02-22 04:45:58,382 [grpc-default-executor-15] INFO  server.RaftServer$Division (RaftServerImpl.java:requestVote(1251)) - 06733870-8d62-448b-a196-7afd6df13a68@group-A783D8486497 replies to PRE_VOTE vote request: ffdcdc5d-4960-49c6-84a1-25480d1d38bf<-06733870-8d62-448b-a196-7afd6df13a68#0:OK-t0. Peer's state: 06733870-8d62-448b-a196-7afd6df13a68@group-A783D8486497:t0, leader=null, voted=, raftlog=Memoized:06733870-8d62-448b-a196-7afd6df13a68@group-A783D8486497-SegmentedRaftLog:OPENED:c-1, conf=-1: peers:[06733870-8d62-448b-a196-7afd6df13a68|rpc:10.1.78.0:40835|dataStream:10.1.78.0:46227|priority:0|startupRole:FOLLOWER, ffdcdc5d-4960-49c6-84a1-25480d1d38bf|rpc:10.1.78.0:46217|dataStream:10.1.78.0:40923|priority:0|startupRole:FOLLOWER, 4c420ab8-2e43-407d-b88b-e5dbb58abbd6|rpc:10.1.78.0:36163|dataStream:10.1.78.0:35685|priority:1|startupRole:FOLLOWER]|listeners:[], old=null
2023-02-22 04:45:58,382 [ffdcdc5d-4960-49c6-84a1-25480d1d38bf@group-A783D8486497-LeaderElection10-2] INFO  server.GrpcServerProtocolClient (GrpcServerProtocolClient.java:<init>(63)) - Build channel for 4c420ab8-2e43-407d-b88b-e5dbb58abbd6
2023-02-22 04:45:58,382 [ffdcdc5d-4960-49c6-84a1-25480d1d38bf@group-A783D8486497-LeaderElection10] INFO  server.RaftServerConfigKeys (ConfUtils.java:logFallback(53)) - raft.server.rpc.first-election.timeout.min = 5s (fallback to raft.server.rpc.timeout.min)
2023-02-22 04:45:58,385 [ffdcdc5d-4960-49c6-84a1-25480d1d38bf@group-A783D8486497-LeaderElection10] INFO  server.RaftServerConfigKeys (ConfUtils.java:logFallback(53)) - raft.server.rpc.first-election.timeout.max = 5200ms (fallback to raft.server.rpc.timeout.max)
2023-02-22 04:45:58,390 [grpc-default-executor-15] INFO  server.RaftServer$Division (RaftServerImpl.java:requestVote(1218)) - 4c420ab8-2e43-407d-b88b-e5dbb58abbd6@group-A783D8486497: receive requestVote(PRE_VOTE, ffdcdc5d-4960-49c6-84a1-25480d1d38bf, group-A783D8486497, 0, (t:0, i:0))
2023-02-22 04:45:58,390 [grpc-default-executor-15] INFO  impl.VoteContext (VoteContext.java:log(49)) - 4c420ab8-2e43-407d-b88b-e5dbb58abbd6@group-A783D8486497-FOLLOWER: reject PRE_VOTE from ffdcdc5d-4960-49c6-84a1-25480d1d38bf: our priority 1 > candidate's priority 0
2023-02-22 04:45:58,391 [grpc-default-executor-15] INFO  server.RaftServer$Division (RaftServerImpl.java:requestVote(1251)) - 4c420ab8-2e43-407d-b88b-e5dbb58abbd6@group-A783D8486497 replies to PRE_VOTE vote request: ffdcdc5d-4960-49c6-84a1-25480d1d38bf<-4c420ab8-2e43-407d-b88b-e5dbb58abbd6#0:FAIL-t0. Peer's state: 4c420ab8-2e43-407d-b88b-e5dbb58abbd6@group-A783D8486497:t0, leader=null, voted=, raftlog=Memoized:4c420ab8-2e43-407d-b88b-e5dbb58abbd6@group-A783D8486497-SegmentedRaftLog:OPENED:c-1, conf=-1: peers:[06733870-8d62-448b-a196-7afd6df13a68|rpc:10.1.78.0:40835|dataStream:10.1.78.0:46227|priority:0|startupRole:FOLLOWER, ffdcdc5d-4960-49c6-84a1-25480d1d38bf|rpc:10.1.78.0:46217|dataStream:10.1.78.0:40923|priority:0|startupRole:FOLLOWER, 4c420ab8-2e43-407d-b88b-e5dbb58abbd6|rpc:10.1.78.0:36163|dataStream:10.1.78.0:35685|priority:1|startupRole:FOLLOWER]|listeners:[], old=null
2023-02-22 04:45:58,394 [ffdcdc5d-4960-49c6-84a1-25480d1d38bf@group-A783D8486497-LeaderElection10] INFO  impl.LeaderElection (LeaderElection.java:logAndReturn(90)) - ffdcdc5d-4960-49c6-84a1-25480d1d38bf@group-A783D8486497-LeaderElection10: PRE_VOTE REJECTED received 2 response(s) and 0 exception(s):
2023-02-22 04:45:58,394 [ffdcdc5d-4960-49c6-84a1-25480d1d38bf@group-A783D8486497-LeaderElection10] INFO  impl.LeaderElection (LeaderElection.java:logAndReturn(94)) -   Response 0: ffdcdc5d-4960-49c6-84a1-25480d1d38bf<-06733870-8d62-448b-a196-7afd6df13a68#0:OK-t0
2023-02-22 04:45:58,394 [ffdcdc5d-4960-49c6-84a1-25480d1d38bf@group-A783D8486497-LeaderElection10] INFO  impl.LeaderElection (LeaderElection.java:logAndReturn(94)) -   Response 1: ffdcdc5d-4960-49c6-84a1-25480d1d38bf<-4c420ab8-2e43-407d-b88b-e5dbb58abbd6#0:FAIL-t0
2023-02-22 04:45:58,394 [ffdcdc5d-4960-49c6-84a1-25480d1d38bf@group-A783D8486497-LeaderElection10] INFO  impl.LeaderElection (LeaderElection.java:askForVotes(314)) - ffdcdc5d-4960-49c6-84a1-25480d1d38bf@group-A783D8486497-LeaderElection10 PRE_VOTE round 0: result REJECTED
2023-02-22 04:45:58,394 [ffdcdc5d-4960-49c6-84a1-25480d1d38bf@group-A783D8486497-LeaderElection10] INFO  server.RaftServer$Division (RaftServerImpl.java:setRole(321)) - ffdcdc5d-4960-49c6-84a1-25480d1d38bf@group-A783D8486497: changes role from CANDIDATE to FOLLOWER at term 0 for REJECTED
2023-02-22 04:45:58,394 [ffdcdc5d-4960-49c6-84a1-25480d1d38bf@group-A783D8486497-LeaderElection10] INFO  impl.RoleInfo (RoleInfo.java:shutdownLeaderElection(130)) - ffdcdc5d-4960-49c6-84a1-25480d1d38bf: shutdown ffdcdc5d-4960-49c6-84a1-25480d1d38bf@group-A783D8486497-LeaderElection10
2023-02-22 04:45:58,394 [ffdcdc5d-4960-49c6-84a1-25480d1d38bf@group-A783D8486497-LeaderElection10] INFO  impl.RoleInfo (RoleInfo.java:updateAndGet(139)) - ffdcdc5d-4960-49c6-84a1-25480d1d38bf: start ffdcdc5d-4960-49c6-84a1-25480d1d38bf@group-A783D8486497-FollowerState
2023-02-22 04:45:58,397 [4c420ab8-2e43-407d-b88b-e5dbb58abbd6@group-A783D8486497-FollowerState] INFO  impl.FollowerState (FollowerState.java:run(143)) - 4c420ab8-2e43-407d-b88b-e5dbb58abbd6@group-A783D8486497-FollowerState: change to CANDIDATE, lastRpcElapsedTime:5113550555ns, electionTimeout:5088ms
2023-02-22 04:45:58,399 [4c420ab8-2e43-407d-b88b-e5dbb58abbd6@group-A783D8486497-FollowerState] INFO  impl.RoleInfo (RoleInfo.java:shutdownFollowerState(110)) - 4c420ab8-2e43-407d-b88b-e5dbb58abbd6: shutdown 4c420ab8-2e43-407d-b88b-e5dbb58abbd6@group-A783D8486497-FollowerState
2023-02-22 04:45:58,399 [4c420ab8-2e43-407d-b88b-e5dbb58abbd6@group-A783D8486497-FollowerState] INFO  server.RaftServer$Division (RaftServerImpl.java:setRole(321)) - 4c420ab8-2e43-407d-b88b-e5dbb58abbd6@group-A783D8486497: changes role from  FOLLOWER to CANDIDATE at term 0 for changeToCandidate
2023-02-22 04:45:58,399 [4c420ab8-2e43-407d-b88b-e5dbb58abbd6@group-A783D8486497-FollowerState] INFO  server.RaftServerConfigKeys (ConfUtils.java:logGet(46)) - raft.server.leaderelection.pre-vote = true (default)
2023-02-22 04:45:58,399 [4c420ab8-2e43-407d-b88b-e5dbb58abbd6@group-A783D8486497-FollowerState] INFO  impl.RoleInfo (RoleInfo.java:updateAndGet(139)) - 4c420ab8-2e43-407d-b88b-e5dbb58abbd6: start 4c420ab8-2e43-407d-b88b-e5dbb58abbd6@group-A783D8486497-LeaderElection11
2023-02-22 04:45:58,404 [ffdcdc5d-4960-49c6-84a1-25480d1d38bf@group-A783D8486497-FollowerState] INFO  server.RaftServerConfigKeys (ConfUtils.java:logFallback(53)) - raft.server.rpc.first-election.timeout.min = 5s (fallback to raft.server.rpc.timeout.min)
2023-02-22 04:45:58,404 [ffdcdc5d-4960-49c6-84a1-25480d1d38bf@group-A783D8486497-FollowerState] INFO  server.RaftServerConfigKeys (ConfUtils.java:logFallback(53)) - raft.server.rpc.first-election.timeout.max = 5200ms (fallback to raft.server.rpc.timeout.max)
2023-02-22 04:45:58,404 [4c420ab8-2e43-407d-b88b-e5dbb58abbd6@group-A783D8486497-LeaderElection11] INFO  impl.LeaderElection (LeaderElection.java:askForVotes(312)) - 4c420ab8-2e43-407d-b88b-e5dbb58abbd6@group-A783D8486497-LeaderElection11 PRE_VOTE round 0: submit vote requests at term 0 for -1: peers:[06733870-8d62-448b-a196-7afd6df13a68|rpc:10.1.78.0:40835|dataStream:10.1.78.0:46227|priority:0|startupRole:FOLLOWER, ffdcdc5d-4960-49c6-84a1-25480d1d38bf|rpc:10.1.78.0:46217|dataStream:10.1.78.0:40923|priority:0|startupRole:FOLLOWER, 4c420ab8-2e43-407d-b88b-e5dbb58abbd6|rpc:10.1.78.0:36163|dataStream:10.1.78.0:35685|priority:1|startupRole:FOLLOWER]|listeners:[], old=null
2023-02-22 04:45:58,407 [4c420ab8-2e43-407d-b88b-e5dbb58abbd6@group-A783D8486497-LeaderElection11-1] INFO  server.GrpcServerProtocolClient (GrpcServerProtocolClient.java:<init>(63)) - Build channel for 06733870-8d62-448b-a196-7afd6df13a68
2023-02-22 04:45:58,409 [4c420ab8-2e43-407d-b88b-e5dbb58abbd6@group-A783D8486497-LeaderElection11] INFO  server.RaftServerConfigKeys (ConfUtils.java:logFallback(53)) - raft.server.rpc.first-election.timeout.min = 5s (fallback to raft.server.rpc.timeout.min)
2023-02-22 04:45:58,410 [4c420ab8-2e43-407d-b88b-e5dbb58abbd6@group-A783D8486497-LeaderElection11] INFO  server.RaftServerConfigKeys (ConfUtils.java:logFallback(53)) - raft.server.rpc.first-election.timeout.max = 5200ms (fallback to raft.server.rpc.timeout.max)
2023-02-22 04:45:58,411 [4c420ab8-2e43-407d-b88b-e5dbb58abbd6@group-A783D8486497-LeaderElection11-2] INFO  server.GrpcServerProtocolClient (GrpcServerProtocolClient.java:<init>(63)) - Build channel for ffdcdc5d-4960-49c6-84a1-25480d1d38bf
2023-02-22 04:45:58,417 [grpc-default-executor-15] INFO  server.RaftServer$Division (RaftServerImpl.java:requestVote(1218)) - ffdcdc5d-4960-49c6-84a1-25480d1d38bf@group-A783D8486497: receive requestVote(PRE_VOTE, 4c420ab8-2e43-407d-b88b-e5dbb58abbd6, group-A783D8486497, 0, (t:0, i:0))
2023-02-22 04:45:58,417 [grpc-default-executor-15] INFO  impl.VoteContext (VoteContext.java:log(49)) - ffdcdc5d-4960-49c6-84a1-25480d1d38bf@group-A783D8486497-FOLLOWER: accept PRE_VOTE from 4c420ab8-2e43-407d-b88b-e5dbb58abbd6: our priority 0 <= candidate's priority 1
2023-02-22 04:45:58,417 [grpc-default-executor-15] INFO  server.RaftServer$Division (RaftServerImpl.java:requestVote(1251)) - ffdcdc5d-4960-49c6-84a1-25480d1d38bf@group-A783D8486497 replies to PRE_VOTE vote request: 4c420ab8-2e43-407d-b88b-e5dbb58abbd6<-ffdcdc5d-4960-49c6-84a1-25480d1d38bf#0:OK-t0. Peer's state: ffdcdc5d-4960-49c6-84a1-25480d1d38bf@group-A783D8486497:t0, leader=null, voted=, raftlog=Memoized:ffdcdc5d-4960-49c6-84a1-25480d1d38bf@group-A783D8486497-SegmentedRaftLog:OPENED:c-1, conf=-1: peers:[06733870-8d62-448b-a196-7afd6df13a68|rpc:10.1.78.0:40835|dataStream:10.1.78.0:46227|priority:0|startupRole:FOLLOWER, ffdcdc5d-4960-49c6-84a1-25480d1d38bf|rpc:10.1.78.0:46217|dataStream:10.1.78.0:40923|priority:0|startupRole:FOLLOWER, 4c420ab8-2e43-407d-b88b-e5dbb58abbd6|rpc:10.1.78.0:36163|dataStream:10.1.78.0:35685|priority:1|startupRole:FOLLOWER]|listeners:[], old=null
2023-02-22 04:45:58,418 [4c420ab8-2e43-407d-b88b-e5dbb58abbd6@group-4A5E83864A26-FollowerState] INFO  impl.FollowerState (FollowerState.java:run(143)) - 4c420ab8-2e43-407d-b88b-e5dbb58abbd6@group-4A5E83864A26-FollowerState: change to CANDIDATE, lastRpcElapsedTime:5015876056ns, electionTimeout:5010ms
2023-02-22 04:45:58,418 [4c420ab8-2e43-407d-b88b-e5dbb58abbd6@group-4A5E83864A26-FollowerState] INFO  impl.RoleInfo (RoleInfo.java:shutdownFollowerState(110)) - 4c420ab8-2e43-407d-b88b-e5dbb58abbd6: shutdown 4c420ab8-2e43-407d-b88b-e5dbb58abbd6@group-4A5E83864A26-FollowerState
2023-02-22 04:45:58,418 [4c420ab8-2e43-407d-b88b-e5dbb58abbd6@group-4A5E83864A26-FollowerState] INFO  server.RaftServer$Division (RaftServerImpl.java:setRole(321)) - 4c420ab8-2e43-407d-b88b-e5dbb58abbd6@group-4A5E83864A26: changes role from  FOLLOWER to CANDIDATE at term 0 for changeToCandidate
2023-02-22 04:45:58,418 [4c420ab8-2e43-407d-b88b-e5dbb58abbd6@group-4A5E83864A26-FollowerState] INFO  server.RaftServerConfigKeys (ConfUtils.java:logGet(46)) - raft.server.leaderelection.pre-vote = true (default)
2023-02-22 04:45:58,418 [4c420ab8-2e43-407d-b88b-e5dbb58abbd6@group-4A5E83864A26-FollowerState] INFO  impl.RoleInfo (RoleInfo.java:updateAndGet(139)) - 4c420ab8-2e43-407d-b88b-e5dbb58abbd6: start 4c420ab8-2e43-407d-b88b-e5dbb58abbd6@group-4A5E83864A26-LeaderElection12
2023-02-22 04:45:58,418 [grpc-default-executor-18] INFO  server.RaftServer$Division (RaftServerImpl.java:requestVote(1218)) - 06733870-8d62-448b-a196-7afd6df13a68@group-A783D8486497: receive requestVote(PRE_VOTE, 4c420ab8-2e43-407d-b88b-e5dbb58abbd6, group-A783D8486497, 0, (t:0, i:0))
2023-02-22 04:45:58,429 [grpc-default-executor-18] INFO  impl.VoteContext (VoteContext.java:log(49)) - 06733870-8d62-448b-a196-7afd6df13a68@group-A783D8486497-FOLLOWER: accept PRE_VOTE from 4c420ab8-2e43-407d-b88b-e5dbb58abbd6: our priority 0 <= candidate's priority 1
2023-02-22 04:45:58,429 [4c420ab8-2e43-407d-b88b-e5dbb58abbd6@group-4A5E83864A26-LeaderElection12] INFO  impl.LeaderElection (LeaderElection.java:askForVotes(312)) - 4c420ab8-2e43-407d-b88b-e5dbb58abbd6@group-4A5E83864A26-LeaderElection12 PRE_VOTE round 0: submit vote requests at term 0 for -1: peers:[06733870-8d62-448b-a196-7afd6df13a68|rpc:10.1.78.0:40835|dataStream:10.1.78.0:46227|priority:1|startupRole:FOLLOWER, 4c420ab8-2e43-407d-b88b-e5dbb58abbd6|rpc:10.1.78.0:36163|dataStream:10.1.78.0:35685|priority:0|startupRole:FOLLOWER, ffdcdc5d-4960-49c6-84a1-25480d1d38bf|rpc:10.1.78.0:46217|dataStream:10.1.78.0:40923|priority:0|startupRole:FOLLOWER]|listeners:[], old=null
2023-02-22 04:45:58,430 [grpc-default-executor-18] INFO  server.RaftServer$Division (RaftServerImpl.java:requestVote(1251)) - 06733870-8d62-448b-a196-7afd6df13a68@group-A783D8486497 replies to PRE_VOTE vote request: 4c420ab8-2e43-407d-b88b-e5dbb58abbd6<-06733870-8d62-448b-a196-7afd6df13a68#0:OK-t0. Peer's state: 06733870-8d62-448b-a196-7afd6df13a68@group-A783D8486497:t0, leader=null, voted=, raftlog=Memoized:06733870-8d62-448b-a196-7afd6df13a68@group-A783D8486497-SegmentedRaftLog:OPENED:c-1, conf=-1: peers:[06733870-8d62-448b-a196-7afd6df13a68|rpc:10.1.78.0:40835|dataStream:10.1.78.0:46227|priority:0|startupRole:FOLLOWER, ffdcdc5d-4960-49c6-84a1-25480d1d38bf|rpc:10.1.78.0:46217|dataStream:10.1.78.0:40923|priority:0|startupRole:FOLLOWER, 4c420ab8-2e43-407d-b88b-e5dbb58abbd6|rpc:10.1.78.0:36163|dataStream:10.1.78.0:35685|priority:1|startupRole:FOLLOWER]|listeners:[], old=null
2023-02-22 04:45:58,429 [4c420ab8-2e43-407d-b88b-e5dbb58abbd6@group-A783D8486497-LeaderElection11] INFO  impl.LeaderElection (LeaderElection.java:logAndReturn(90)) - 4c420ab8-2e43-407d-b88b-e5dbb58abbd6@group-A783D8486497-LeaderElection11: PRE_VOTE PASSED received 1 response(s) and 0 exception(s):
2023-02-22 04:45:58,431 [4c420ab8-2e43-407d-b88b-e5dbb58abbd6@group-A783D8486497-LeaderElection11] INFO  impl.LeaderElection (LeaderElection.java:logAndReturn(94)) -   Response 0: 4c420ab8-2e43-407d-b88b-e5dbb58abbd6<-ffdcdc5d-4960-49c6-84a1-25480d1d38bf#0:OK-t0
2023-02-22 04:45:58,431 [4c420ab8-2e43-407d-b88b-e5dbb58abbd6@group-A783D8486497-LeaderElection11] INFO  impl.LeaderElection (LeaderElection.java:askForVotes(314)) - 4c420ab8-2e43-407d-b88b-e5dbb58abbd6@group-A783D8486497-LeaderElection11 PRE_VOTE round 0: result PASSED
2023-02-22 04:45:58,430 [4c420ab8-2e43-407d-b88b-e5dbb58abbd6@group-4A5E83864A26-LeaderElection12] INFO  server.RaftServerConfigKeys (ConfUtils.java:logFallback(53)) - raft.server.rpc.first-election.timeout.min = 5s (fallback to raft.server.rpc.timeout.min)
2023-02-22 04:45:58,434 [4c420ab8-2e43-407d-b88b-e5dbb58abbd6@group-4A5E83864A26-LeaderElection12] INFO  server.RaftServerConfigKeys (ConfUtils.java:logFallback(53)) - raft.server.rpc.first-election.timeout.max = 5200ms (fallback to raft.server.rpc.timeout.max)
2023-02-22 04:45:58,433 [4c420ab8-2e43-407d-b88b-e5dbb58abbd6@group-A783D8486497-LeaderElection11] INFO  impl.LeaderElection (LeaderElection.java:askForVotes(312)) - 4c420ab8-2e43-407d-b88b-e5dbb58abbd6@group-A783D8486497-LeaderElection11 ELECTION round 0: submit vote requests at term 1 for -1: peers:[06733870-8d62-448b-a196-7afd6df13a68|rpc:10.1.78.0:40835|dataStream:10.1.78.0:46227|priority:0|startupRole:FOLLOWER, ffdcdc5d-4960-49c6-84a1-25480d1d38bf|rpc:10.1.78.0:46217|dataStream:10.1.78.0:40923|priority:0|startupRole:FOLLOWER, 4c420ab8-2e43-407d-b88b-e5dbb58abbd6|rpc:10.1.78.0:36163|dataStream:10.1.78.0:35685|priority:1|startupRole:FOLLOWER]|listeners:[], old=null
2023-02-22 04:45:58,434 [grpc-default-executor-15] INFO  server.RaftServer$Division (RaftServerImpl.java:requestVote(1218)) - ffdcdc5d-4960-49c6-84a1-25480d1d38bf@group-4A5E83864A26: receive requestVote(PRE_VOTE, 4c420ab8-2e43-407d-b88b-e5dbb58abbd6, group-4A5E83864A26, 0, (t:0, i:0))
2023-02-22 04:45:58,434 [grpc-default-executor-15] INFO  impl.VoteContext (VoteContext.java:log(49)) - ffdcdc5d-4960-49c6-84a1-25480d1d38bf@group-4A5E83864A26-FOLLOWER: accept PRE_VOTE from 4c420ab8-2e43-407d-b88b-e5dbb58abbd6: our priority 0 <= candidate's priority 0
2023-02-22 04:45:58,434 [grpc-default-executor-15] INFO  server.RaftServer$Division (RaftServerImpl.java:requestVote(1251)) - ffdcdc5d-4960-49c6-84a1-25480d1d38bf@group-4A5E83864A26 replies to PRE_VOTE vote request: 4c420ab8-2e43-407d-b88b-e5dbb58abbd6<-ffdcdc5d-4960-49c6-84a1-25480d1d38bf#0:OK-t0. Peer's state: ffdcdc5d-4960-49c6-84a1-25480d1d38bf@group-4A5E83864A26:t0, leader=null, voted=, raftlog=Memoized:ffdcdc5d-4960-49c6-84a1-25480d1d38bf@group-4A5E83864A26-SegmentedRaftLog:OPENED:c-1, conf=-1: peers:[06733870-8d62-448b-a196-7afd6df13a68|rpc:10.1.78.0:40835|dataStream:10.1.78.0:46227|priority:1|startupRole:FOLLOWER, 4c420ab8-2e43-407d-b88b-e5dbb58abbd6|rpc:10.1.78.0:36163|dataStream:10.1.78.0:35685|priority:0|startupRole:FOLLOWER, ffdcdc5d-4960-49c6-84a1-25480d1d38bf|rpc:10.1.78.0:46217|dataStream:10.1.78.0:40923|priority:0|startupRole:FOLLOWER]|listeners:[], old=null
2023-02-22 04:45:58,433 [grpc-default-executor-18] INFO  server.RaftServer$Division (RaftServerImpl.java:requestVote(1218)) - 06733870-8d62-448b-a196-7afd6df13a68@group-4A5E83864A26: receive requestVote(PRE_VOTE, 4c420ab8-2e43-407d-b88b-e5dbb58abbd6, group-4A5E83864A26, 0, (t:0, i:0))
2023-02-22 04:45:58,448 [grpc-default-executor-18] INFO  impl.VoteContext (VoteContext.java:log(49)) - 06733870-8d62-448b-a196-7afd6df13a68@group-4A5E83864A26-FOLLOWER: reject PRE_VOTE from 4c420ab8-2e43-407d-b88b-e5dbb58abbd6: our priority 1 > candidate's priority 0
2023-02-22 04:45:58,448 [grpc-default-executor-18] INFO  server.RaftServer$Division (RaftServerImpl.java:requestVote(1251)) - 06733870-8d62-448b-a196-7afd6df13a68@group-4A5E83864A26 replies to PRE_VOTE vote request: 4c420ab8-2e43-407d-b88b-e5dbb58abbd6<-06733870-8d62-448b-a196-7afd6df13a68#0:FAIL-t0. Peer's state: 06733870-8d62-448b-a196-7afd6df13a68@group-4A5E83864A26:t0, leader=null, voted=, raftlog=Memoized:06733870-8d62-448b-a196-7afd6df13a68@group-4A5E83864A26-SegmentedRaftLog:OPENED:c-1, conf=-1: peers:[06733870-8d62-448b-a196-7afd6df13a68|rpc:10.1.78.0:40835|dataStream:10.1.78.0:46227|priority:1|startupRole:FOLLOWER, 4c420ab8-2e43-407d-b88b-e5dbb58abbd6|rpc:10.1.78.0:36163|dataStream:10.1.78.0:35685|priority:0|startupRole:FOLLOWER, ffdcdc5d-4960-49c6-84a1-25480d1d38bf|rpc:10.1.78.0:46217|dataStream:10.1.78.0:40923|priority:0|startupRole:FOLLOWER]|listeners:[], old=null
2023-02-22 04:45:58,448 [grpc-default-executor-22] INFO  server.RaftServer$Division (RaftServerImpl.java:requestVote(1218)) - ffdcdc5d-4960-49c6-84a1-25480d1d38bf@group-A783D8486497: receive requestVote(ELECTION, 4c420ab8-2e43-407d-b88b-e5dbb58abbd6, group-A783D8486497, 1, (t:0, i:0))
2023-02-22 04:45:58,449 [grpc-default-executor-22] INFO  impl.VoteContext (VoteContext.java:log(49)) - ffdcdc5d-4960-49c6-84a1-25480d1d38bf@group-A783D8486497-FOLLOWER: accept ELECTION from 4c420ab8-2e43-407d-b88b-e5dbb58abbd6: our priority 0 <= candidate's priority 1
2023-02-22 04:45:58,449 [grpc-default-executor-22] INFO  server.RaftServer$Division (RaftServerImpl.java:setRole(321)) - ffdcdc5d-4960-49c6-84a1-25480d1d38bf@group-A783D8486497: changes role from  FOLLOWER to FOLLOWER at term 1 for candidate:4c420ab8-2e43-407d-b88b-e5dbb58abbd6
2023-02-22 04:45:58,449 [grpc-default-executor-22] INFO  impl.RoleInfo (RoleInfo.java:shutdownFollowerState(110)) - ffdcdc5d-4960-49c6-84a1-25480d1d38bf: shutdown ffdcdc5d-4960-49c6-84a1-25480d1d38bf@group-A783D8486497-FollowerState
2023-02-22 04:45:58,449 [grpc-default-executor-22] INFO  impl.RoleInfo (RoleInfo.java:updateAndGet(139)) - ffdcdc5d-4960-49c6-84a1-25480d1d38bf: start ffdcdc5d-4960-49c6-84a1-25480d1d38bf@group-A783D8486497-FollowerState
2023-02-22 04:45:58,449 [ffdcdc5d-4960-49c6-84a1-25480d1d38bf@group-A783D8486497-FollowerState] INFO  impl.FollowerState (FollowerState.java:run(152)) - ffdcdc5d-4960-49c6-84a1-25480d1d38bf@group-A783D8486497-FollowerState was interrupted
2023-02-22 04:45:58,447 [grpc-default-executor-15] INFO  server.RaftServer$Division (RaftServerImpl.java:requestVote(1218)) - 06733870-8d62-448b-a196-7afd6df13a68@group-A783D8486497: receive requestVote(ELECTION, 4c420ab8-2e43-407d-b88b-e5dbb58abbd6, group-A783D8486497, 1, (t:0, i:0))
2023-02-22 04:45:58,453 [grpc-default-executor-15] INFO  impl.VoteContext (VoteContext.java:log(49)) - 06733870-8d62-448b-a196-7afd6df13a68@group-A783D8486497-FOLLOWER: accept ELECTION from 4c420ab8-2e43-407d-b88b-e5dbb58abbd6: our priority 0 <= candidate's priority 1
2023-02-22 04:45:58,453 [grpc-default-executor-15] INFO  server.RaftServer$Division (RaftServerImpl.java:setRole(321)) - 06733870-8d62-448b-a196-7afd6df13a68@group-A783D8486497: changes role from  FOLLOWER to FOLLOWER at term 1 for candidate:4c420ab8-2e43-407d-b88b-e5dbb58abbd6
2023-02-22 04:45:58,453 [grpc-default-executor-15] INFO  impl.RoleInfo (RoleInfo.java:shutdownFollowerState(110)) - 06733870-8d62-448b-a196-7afd6df13a68: shutdown 06733870-8d62-448b-a196-7afd6df13a68@group-A783D8486497-FollowerState
2023-02-22 04:45:58,453 [grpc-default-executor-15] INFO  impl.RoleInfo (RoleInfo.java:updateAndGet(139)) - 06733870-8d62-448b-a196-7afd6df13a68: start 06733870-8d62-448b-a196-7afd6df13a68@group-A783D8486497-FollowerState
2023-02-22 04:45:58,453 [06733870-8d62-448b-a196-7afd6df13a68@group-A783D8486497-FollowerState] INFO  impl.FollowerState (FollowerState.java:run(152)) - 06733870-8d62-448b-a196-7afd6df13a68@group-A783D8486497-FollowerState was interrupted
2023-02-22 04:45:58,437 [4c420ab8-2e43-407d-b88b-e5dbb58abbd6@group-A783D8486497-LeaderElection11] INFO  server.RaftServerConfigKeys (ConfUtils.java:logFallback(53)) - raft.server.rpc.first-election.timeout.min = 5s (fallback to raft.server.rpc.timeout.min)
2023-02-22 04:45:58,454 [4c420ab8-2e43-407d-b88b-e5dbb58abbd6@group-A783D8486497-LeaderElection11] INFO  server.RaftServerConfigKeys (ConfUtils.java:logFallback(53)) - raft.server.rpc.first-election.timeout.max = 5200ms (fallback to raft.server.rpc.timeout.max)
2023-02-22 04:45:58,453 [ffdcdc5d-4960-49c6-84a1-25480d1d38bf@group-A783D8486497-FollowerState] INFO  server.RaftServerConfigKeys (ConfUtils.java:logFallback(53)) - raft.server.rpc.first-election.timeout.min = 5s (fallback to raft.server.rpc.timeout.min)
2023-02-22 04:45:58,453 [grpc-default-executor-22] INFO  server.RaftServer$Division (RaftServerImpl.java:requestVote(1251)) - ffdcdc5d-4960-49c6-84a1-25480d1d38bf@group-A783D8486497 replies to ELECTION vote request: 4c420ab8-2e43-407d-b88b-e5dbb58abbd6<-ffdcdc5d-4960-49c6-84a1-25480d1d38bf#0:OK-t1. Peer's state: ffdcdc5d-4960-49c6-84a1-25480d1d38bf@group-A783D8486497:t1, leader=null, voted=4c420ab8-2e43-407d-b88b-e5dbb58abbd6, raftlog=Memoized:ffdcdc5d-4960-49c6-84a1-25480d1d38bf@group-A783D8486497-SegmentedRaftLog:OPENED:c-1, conf=-1: peers:[06733870-8d62-448b-a196-7afd6df13a68|rpc:10.1.78.0:40835|dataStream:10.1.78.0:46227|priority:0|startupRole:FOLLOWER, ffdcdc5d-4960-49c6-84a1-25480d1d38bf|rpc:10.1.78.0:46217|dataStream:10.1.78.0:40923|priority:0|startupRole:FOLLOWER, 4c420ab8-2e43-407d-b88b-e5dbb58abbd6|rpc:10.1.78.0:36163|dataStream:10.1.78.0:35685|priority:1|startupRole:FOLLOWER]|listeners:[], old=null
2023-02-22 04:45:58,449 [4c420ab8-2e43-407d-b88b-e5dbb58abbd6@group-4A5E83864A26-LeaderElection12] INFO  impl.LeaderElection (LeaderElection.java:logAndReturn(90)) - 4c420ab8-2e43-407d-b88b-e5dbb58abbd6@group-4A5E83864A26-LeaderElection12: PRE_VOTE REJECTED received 2 response(s) and 0 exception(s):
2023-02-22 04:45:58,454 [4c420ab8-2e43-407d-b88b-e5dbb58abbd6@group-4A5E83864A26-LeaderElection12] INFO  impl.LeaderElection (LeaderElection.java:logAndReturn(94)) -   Response 0: 4c420ab8-2e43-407d-b88b-e5dbb58abbd6<-06733870-8d62-448b-a196-7afd6df13a68#0:FAIL-t0
2023-02-22 04:45:58,454 [4c420ab8-2e43-407d-b88b-e5dbb58abbd6@group-4A5E83864A26-LeaderElection12] INFO  impl.LeaderElection (LeaderElection.java:logAndReturn(94)) -   Response 1: 4c420ab8-2e43-407d-b88b-e5dbb58abbd6<-ffdcdc5d-4960-49c6-84a1-25480d1d38bf#0:OK-t0
2023-02-22 04:45:58,455 [ffdcdc5d-4960-49c6-84a1-25480d1d38bf@group-A783D8486497-FollowerState] INFO  server.RaftServerConfigKeys (ConfUtils.java:logFallback(53)) - raft.server.rpc.first-election.timeout.max = 5200ms (fallback to raft.server.rpc.timeout.max)
2023-02-22 04:45:58,459 [06733870-8d62-448b-a196-7afd6df13a68@group-A783D8486497-FollowerState] INFO  server.RaftServerConfigKeys (ConfUtils.java:logFallback(53)) - raft.server.rpc.first-election.timeout.min = 5s (fallback to raft.server.rpc.timeout.min)
2023-02-22 04:45:58,458 [4c420ab8-2e43-407d-b88b-e5dbb58abbd6@group-4A5E83864A26-LeaderElection12] INFO  impl.LeaderElection (LeaderElection.java:askForVotes(314)) - 4c420ab8-2e43-407d-b88b-e5dbb58abbd6@group-4A5E83864A26-LeaderElection12 PRE_VOTE round 0: result REJECTED
2023-02-22 04:45:58,459 [06733870-8d62-448b-a196-7afd6df13a68@group-A783D8486497-FollowerState] INFO  server.RaftServerConfigKeys (ConfUtils.java:logFallback(53)) - raft.server.rpc.first-election.timeout.max = 5200ms (fallback to raft.server.rpc.timeout.max)
2023-02-22 04:45:58,459 [4c420ab8-2e43-407d-b88b-e5dbb58abbd6@group-4A5E83864A26-LeaderElection12] INFO  server.RaftServer$Division (RaftServerImpl.java:setRole(321)) - 4c420ab8-2e43-407d-b88b-e5dbb58abbd6@group-4A5E83864A26: changes role from CANDIDATE to FOLLOWER at term 0 for REJECTED
2023-02-22 04:45:58,459 [4c420ab8-2e43-407d-b88b-e5dbb58abbd6@group-A783D8486497-LeaderElection11] INFO  impl.LeaderElection (LeaderElection.java:logAndReturn(90)) - 4c420ab8-2e43-407d-b88b-e5dbb58abbd6@group-A783D8486497-LeaderElection11: ELECTION PASSED received 1 response(s) and 0 exception(s):
2023-02-22 04:45:58,459 [4c420ab8-2e43-407d-b88b-e5dbb58abbd6@group-4A5E83864A26-LeaderElection12] INFO  impl.RoleInfo (RoleInfo.java:shutdownLeaderElection(130)) - 4c420ab8-2e43-407d-b88b-e5dbb58abbd6: shutdown 4c420ab8-2e43-407d-b88b-e5dbb58abbd6@group-4A5E83864A26-LeaderElection12
2023-02-22 04:45:58,460 [4c420ab8-2e43-407d-b88b-e5dbb58abbd6@group-A783D8486497-LeaderElection11] INFO  impl.LeaderElection (LeaderElection.java:logAndReturn(94)) -   Response 0: 4c420ab8-2e43-407d-b88b-e5dbb58abbd6<-ffdcdc5d-4960-49c6-84a1-25480d1d38bf#0:OK-t1
2023-02-22 04:45:58,460 [4c420ab8-2e43-407d-b88b-e5dbb58abbd6@group-4A5E83864A26-LeaderElection12] INFO  impl.RoleInfo (RoleInfo.java:updateAndGet(139)) - 4c420ab8-2e43-407d-b88b-e5dbb58abbd6: start 4c420ab8-2e43-407d-b88b-e5dbb58abbd6@group-4A5E83864A26-FollowerState
2023-02-22 04:45:58,460 [4c420ab8-2e43-407d-b88b-e5dbb58abbd6@group-A783D8486497-LeaderElection11] INFO  impl.LeaderElection (LeaderElection.java:askForVotes(314)) - 4c420ab8-2e43-407d-b88b-e5dbb58abbd6@group-A783D8486497-LeaderElection11 ELECTION round 0: result PASSED
2023-02-22 04:45:58,460 [4c420ab8-2e43-407d-b88b-e5dbb58abbd6@group-A783D8486497-LeaderElection11] INFO  impl.RoleInfo (RoleInfo.java:shutdownLeaderElection(130)) - 4c420ab8-2e43-407d-b88b-e5dbb58abbd6: shutdown 4c420ab8-2e43-407d-b88b-e5dbb58abbd6@group-A783D8486497-LeaderElection11
2023-02-22 04:45:58,460 [4c420ab8-2e43-407d-b88b-e5dbb58abbd6@group-A783D8486497-LeaderElection11] INFO  server.RaftServer$Division (RaftServerImpl.java:setRole(321)) - 4c420ab8-2e43-407d-b88b-e5dbb58abbd6@group-A783D8486497: changes role from CANDIDATE to LEADER at term 1 for changeToLeader
2023-02-22 04:45:58,460 [4c420ab8-2e43-407d-b88b-e5dbb58abbd6@group-A783D8486497-LeaderElection11] INFO  ratis.XceiverServerRatis (XceiverServerRatis.java:handleLeaderChangedNotification(905)) - Leader change notification received for group: group-A783D8486497 with new leaderId: 4c420ab8-2e43-407d-b88b-e5dbb58abbd6
2023-02-22 04:45:58,458 [grpc-default-executor-15] INFO  server.RaftServer$Division (RaftServerImpl.java:requestVote(1251)) - 06733870-8d62-448b-a196-7afd6df13a68@group-A783D8486497 replies to ELECTION vote request: 4c420ab8-2e43-407d-b88b-e5dbb58abbd6<-06733870-8d62-448b-a196-7afd6df13a68#0:OK-t1. Peer's state: 06733870-8d62-448b-a196-7afd6df13a68@group-A783D8486497:t1, leader=null, voted=4c420ab8-2e43-407d-b88b-e5dbb58abbd6, raftlog=Memoized:06733870-8d62-448b-a196-7afd6df13a68@group-A783D8486497-SegmentedRaftLog:OPENED:c-1, conf=-1: peers:[06733870-8d62-448b-a196-7afd6df13a68|rpc:10.1.78.0:40835|dataStream:10.1.78.0:46227|priority:0|startupRole:FOLLOWER, ffdcdc5d-4960-49c6-84a1-25480d1d38bf|rpc:10.1.78.0:46217|dataStream:10.1.78.0:40923|priority:0|startupRole:FOLLOWER, 4c420ab8-2e43-407d-b88b-e5dbb58abbd6|rpc:10.1.78.0:36163|dataStream:10.1.78.0:35685|priority:1|startupRole:FOLLOWER]|listeners:[], old=null
2023-02-22 04:45:58,465 [4c420ab8-2e43-407d-b88b-e5dbb58abbd6@group-A783D8486497-LeaderElection11] INFO  server.RaftServer$Division (ServerState.java:setLeader(313)) - 4c420ab8-2e43-407d-b88b-e5dbb58abbd6@group-A783D8486497: change Leader from null to 4c420ab8-2e43-407d-b88b-e5dbb58abbd6 at term 1 for becomeLeader, leader elected after 5193ms
2023-02-22 04:45:58,465 [4c420ab8-2e43-407d-b88b-e5dbb58abbd6@group-A783D8486497-LeaderElection11] INFO  server.RaftServerConfigKeys (ConfUtils.java:logGet(46)) - raft.server.staging.catchup.gap = 1000 (default)
2023-02-22 04:45:58,466 [4c420ab8-2e43-407d-b88b-e5dbb58abbd6@group-A783D8486497-LeaderElection11] INFO  server.RaftServerConfigKeys (ConfUtils.java:logGet(46)) - raft.server.write.element-limit = 1024 (custom)
2023-02-22 04:45:58,466 [4c420ab8-2e43-407d-b88b-e5dbb58abbd6@group-A783D8486497-LeaderElection11] INFO  server.RaftServerConfigKeys (ConfUtils.java:logGet(46)) - raft.server.write.byte-limit = 1024 M (=1073741824) (custom)
2023-02-22 04:45:58,466 [4c420ab8-2e43-407d-b88b-e5dbb58abbd6@group-A783D8486497-LeaderElection11] INFO  server.RaftServerConfigKeys (ConfUtils.java:logGet(46)) - raft.server.watch.timeout = 180s (custom)
2023-02-22 04:45:58,466 [4c420ab8-2e43-407d-b88b-e5dbb58abbd6@group-A783D8486497-LeaderElection11] INFO  server.RaftServerConfigKeys (ConfUtils.java:logGet(46)) - raft.server.watch.timeout.denomination = 1s (default)
2023-02-22 04:45:58,466 [4c420ab8-2e43-407d-b88b-e5dbb58abbd6@group-A783D8486497-LeaderElection11] INFO  server.RaftServerConfigKeys (ConfUtils.java:logGet(46)) - raft.server.watch.element-limit = 65536 (default)
2023-02-22 04:45:58,466 [4c420ab8-2e43-407d-b88b-e5dbb58abbd6@group-A783D8486497-LeaderElection11] INFO  server.RaftServerConfigKeys (ConfUtils.java:logGet(46)) - raft.server.write.element-limit = 1024 (custom)
2023-02-22 04:45:58,466 [4c420ab8-2e43-407d-b88b-e5dbb58abbd6@group-A783D8486497-LeaderElection11] INFO  server.RaftServerConfigKeys (ConfUtils.java:logGet(46)) - raft.server.write.follower.gap.ratio.max = -1.0 (default)
2023-02-22 04:45:58,466 [4c420ab8-2e43-407d-b88b-e5dbb58abbd6@group-A783D8486497-LeaderElection11] INFO  server.RaftServerConfigKeys (ConfUtils.java:logGet(46)) - raft.server.log.appender.snapshot.chunk.size.max = 16MB (=16777216) (default)
2023-02-22 04:45:58,466 [4c420ab8-2e43-407d-b88b-e5dbb58abbd6@group-A783D8486497-LeaderElection11] INFO  server.RaftServerConfigKeys (ConfUtils.java:logGet(46)) - raft.server.log.appender.buffer.byte-limit = 33554432 (custom)
2023-02-22 04:45:58,467 [4c420ab8-2e43-407d-b88b-e5dbb58abbd6@group-A783D8486497-LeaderElection11] INFO  server.RaftServerConfigKeys (ConfUtils.java:logGet(46)) - raft.server.log.appender.buffer.element-limit = 1 (custom)
2023-02-22 04:45:58,467 [4c420ab8-2e43-407d-b88b-e5dbb58abbd6@group-A783D8486497-LeaderElection11] INFO  grpc.GrpcConfigKeys (ConfUtils.java:logGet(46)) - raft.grpc.server.leader.outstanding.appends.max = 128 (default)
2023-02-22 04:45:58,467 [4c420ab8-2e43-407d-b88b-e5dbb58abbd6@group-A783D8486497-LeaderElection11] INFO  server.RaftServerConfigKeys (ConfUtils.java:logGet(46)) - raft.server.rpc.request.timeout = 60s (custom)
2023-02-22 04:45:58,467 [4c420ab8-2e43-407d-b88b-e5dbb58abbd6@group-A783D8486497-LeaderElection11] INFO  server.RaftServerConfigKeys (ConfUtils.java:logGet(46)) - raft.server.log.appender.install.snapshot.enabled = false (custom)
2023-02-22 04:45:58,467 [4c420ab8-2e43-407d-b88b-e5dbb58abbd6@group-A783D8486497-LeaderElection11] INFO  grpc.GrpcConfigKeys (ConfUtils.java:logGet(46)) - raft.grpc.server.heartbeat.channel = true (default)
2023-02-22 04:45:58,467 [4c420ab8-2e43-407d-b88b-e5dbb58abbd6@group-A783D8486497-LeaderElection11] INFO  server.RaftServerConfigKeys (ConfUtils.java:logGet(46)) - raft.server.log.appender.wait-time.min = 10ms (default)
2023-02-22 04:45:58,467 [4c420ab8-2e43-407d-b88b-e5dbb58abbd6@group-A783D8486497-LeaderElection11] INFO  server.RaftServerConfigKeys (ConfUtils.java:logGet(46)) - raft.server.log.appender.snapshot.chunk.size.max = 16MB (=16777216) (default)
2023-02-22 04:45:58,468 [4c420ab8-2e43-407d-b88b-e5dbb58abbd6@group-A783D8486497-LeaderElection11] INFO  server.RaftServerConfigKeys (ConfUtils.java:logGet(46)) - raft.server.log.appender.buffer.byte-limit = 33554432 (custom)
2023-02-22 04:45:58,468 [4c420ab8-2e43-407d-b88b-e5dbb58abbd6@group-A783D8486497-LeaderElection11] INFO  server.RaftServerConfigKeys (ConfUtils.java:logGet(46)) - raft.server.log.appender.buffer.element-limit = 1 (custom)
2023-02-22 04:45:58,468 [4c420ab8-2e43-407d-b88b-e5dbb58abbd6@group-4A5E83864A26-FollowerState] INFO  server.RaftServerConfigKeys (ConfUtils.java:logFallback(53)) - raft.server.rpc.first-election.timeout.min = 5s (fallback to raft.server.rpc.timeout.min)
2023-02-22 04:45:58,468 [4c420ab8-2e43-407d-b88b-e5dbb58abbd6@group-A783D8486497-LeaderElection11] INFO  grpc.GrpcConfigKeys (ConfUtils.java:logGet(46)) - raft.grpc.server.leader.outstanding.appends.max = 128 (default)
2023-02-22 04:45:58,468 [EventQueue-OpenPipelineForHealthyPipelineSafeModeRule] INFO  safemode.SCMSafeModeManager (HealthyPipelineSafeModeRule.java:process(137)) - SCM in safe mode. Healthy pipelines reported count is 0, required healthy pipeline reported count is 1
2023-02-22 04:45:58,468 [EventQueue-PipelineReportForPipelineReportHandler] INFO  pipeline.PipelineManagerImpl (PipelineManagerImpl.java:openPipeline(367)) - Pipeline Pipeline[ Id: 32b315fb-14a4-4336-ab22-a783d8486497, Nodes: ffdcdc5d-4960-49c6-84a1-25480d1d38bf(fv-az748-120.4k5rsvd4cmqu5oxra434zmszlb.cx.internal.cloudapp.net/10.1.78.0)4c420ab8-2e43-407d-b88b-e5dbb58abbd6(fv-az748-120.4k5rsvd4cmqu5oxra434zmszlb.cx.internal.cloudapp.net/10.1.78.0)06733870-8d62-448b-a196-7afd6df13a68(fv-az748-120.4k5rsvd4cmqu5oxra434zmszlb.cx.internal.cloudapp.net/10.1.78.0), ReplicationConfig: RATIS/THREE, State:ALLOCATED, leaderId:4c420ab8-2e43-407d-b88b-e5dbb58abbd6, CreationTimestamp2023-02-22T04:45:50.872Z[Etc/UTC]] moved to OPEN state
2023-02-22 04:45:58,471 [4c420ab8-2e43-407d-b88b-e5dbb58abbd6@group-4A5E83864A26-FollowerState] INFO  server.RaftServerConfigKeys (ConfUtils.java:logFallback(53)) - raft.server.rpc.first-election.timeout.max = 5200ms (fallback to raft.server.rpc.timeout.max)
2023-02-22 04:45:58,471 [EventQueue-OpenPipelineForHealthyPipelineSafeModeRule] INFO  safemode.SCMSafeModeManager (HealthyPipelineSafeModeRule.java:process(137)) - SCM in safe mode. Healthy pipelines reported count is 1, required healthy pipeline reported count is 1
2023-02-22 04:45:58,472 [EventQueue-OpenPipelineForHealthyPipelineSafeModeRule] INFO  safemode.SCMSafeModeManager (SCMSafeModeManager.java:validateSafeModeExitRules(200)) - HealthyPipelineSafeModeRule rule is successfully validated
2023-02-22 04:45:58,472 [EventQueue-OpenPipelineForHealthyPipelineSafeModeRule] INFO  safemode.SCMSafeModeManager (SCMSafeModeManager.java:validateSafeModeExitRules(215)) - ScmSafeModeManager, all rules are successfully validated
2023-02-22 04:45:58,472 [EventQueue-OpenPipelineForHealthyPipelineSafeModeRule] INFO  safemode.SCMSafeModeManager (SCMSafeModeManager.java:exitSafeMode(244)) - SCM exiting safe mode.
2023-02-22 04:45:58,472 [EventQueue-OpenPipelineForHealthyPipelineSafeModeRule] INFO  ha.SCMContext (SCMContext.java:updateSafeModeStatus(228)) - Update SafeModeStatus from SafeModeStatus{safeModeStatus=true, preCheckPassed=true} to SafeModeStatus{safeModeStatus=false, preCheckPassed=true}.
2023-02-22 04:45:58,472 [EventQueue-OpenPipelineForHealthyPipelineSafeModeRule] INFO  pipeline.BackgroundPipelineCreator (BackgroundPipelineCreator.java:notifyStatusChanged(254)) - Service BackgroundPipelineCreator transitions to RUNNING.
2023-02-22 04:45:58,472 [EventQueue-OpenPipelineForHealthyPipelineSafeModeRule] INFO  BackgroundPipelineScrubber (BackgroundSCMService.java:notifyStatusChanged(82)) - Service BackgroundPipelineScrubber transitions to RUNNING.
2023-02-22 04:45:58,472 [EventQueue-OpenPipelineForHealthyPipelineSafeModeRule] INFO  ExpiredContainerReplicaOpScrubber (BackgroundSCMService.java:notifyStatusChanged(82)) - Service ExpiredContainerReplicaOpScrubber transitions to RUNNING.
2023-02-22 04:45:58,472 [EventQueue-OpenPipelineForHealthyPipelineSafeModeRule] INFO  replication.ReplicationManager (ReplicationManager.java:notifyStatusChanged(1083)) - Service ReplicationManager transitions to RUNNING.
2023-02-22 04:45:58,472 [EventQueue-OpenPipelineForHealthyPipelineSafeModeRule] WARN  balancer.ContainerBalancer (ContainerBalancer.java:shouldRun(131)) - Could not find persisted configuration for ContainerBalancer when checking if ContainerBalancer should run. ContainerBalancer should not run now.
2023-02-22 04:45:58,471 [4c420ab8-2e43-407d-b88b-e5dbb58abbd6@group-A783D8486497-LeaderElection11] INFO  server.RaftServerConfigKeys (ConfUtils.java:logGet(46)) - raft.server.rpc.request.timeout = 60s (custom)
2023-02-22 04:45:58,472 [4c420ab8-2e43-407d-b88b-e5dbb58abbd6@group-A783D8486497-LeaderElection11] INFO  server.RaftServerConfigKeys (ConfUtils.java:logGet(46)) - raft.server.log.appender.install.snapshot.enabled = false (custom)
2023-02-22 04:45:58,472 [4c420ab8-2e43-407d-b88b-e5dbb58abbd6@group-A783D8486497-LeaderElection11] INFO  grpc.GrpcConfigKeys (ConfUtils.java:logGet(46)) - raft.grpc.server.heartbeat.channel = true (default)
2023-02-22 04:45:58,472 [4c420ab8-2e43-407d-b88b-e5dbb58abbd6@group-A783D8486497-LeaderElection11] INFO  server.RaftServerConfigKeys (ConfUtils.java:logGet(46)) - raft.server.log.appender.wait-time.min = 10ms (default)
2023-02-22 04:45:58,473 [4c420ab8-2e43-407d-b88b-e5dbb58abbd6@group-A783D8486497-LeaderElection11] INFO  impl.RoleInfo (RoleInfo.java:updateAndGet(139)) - 4c420ab8-2e43-407d-b88b-e5dbb58abbd6: start 4c420ab8-2e43-407d-b88b-e5dbb58abbd6@group-A783D8486497-LeaderStateImpl
2023-02-22 04:45:58,473 [4c420ab8-2e43-407d-b88b-e5dbb58abbd6@group-A783D8486497-LeaderElection11] INFO  segmented.SegmentedRaftLogWorker (SegmentedRaftLogWorker.java:startLogSegment(452)) - 4c420ab8-2e43-407d-b88b-e5dbb58abbd6@group-A783D8486497-SegmentedRaftLogWorker: Starting segment from index:0
2023-02-22 04:45:58,474 [4c420ab8-2e43-407d-b88b-e5dbb58abbd6@group-A783D8486497-SegmentedRaftLogWorker] INFO  segmented.SegmentedRaftLogWorker (SegmentedRaftLogWorker.java:execute(656)) - 4c420ab8-2e43-407d-b88b-e5dbb58abbd6@group-A783D8486497-SegmentedRaftLogWorker: created new log segment /home/runner/work/ozone/ozone/hadoop-ozone/integration-test/target/test-dir/MiniOzoneClusterImpl-d1b59b44-2044-4343-9d69-28cc870eb01e/datanode-0/data/ratis/32b315fb-14a4-4336-ab22-a783d8486497/current/log_inprogress_0
2023-02-22 04:45:58,478 [4c420ab8-2e43-407d-b88b-e5dbb58abbd6@group-A783D8486497-LeaderElection11] INFO  server.RaftServer$Division (ServerState.java:setRaftConf(430)) - 4c420ab8-2e43-407d-b88b-e5dbb58abbd6@group-A783D8486497: set configuration 0: peers:[06733870-8d62-448b-a196-7afd6df13a68|rpc:10.1.78.0:40835|dataStream:10.1.78.0:46227|priority:0|startupRole:FOLLOWER, ffdcdc5d-4960-49c6-84a1-25480d1d38bf|rpc:10.1.78.0:46217|dataStream:10.1.78.0:40923|priority:0|startupRole:FOLLOWER, 4c420ab8-2e43-407d-b88b-e5dbb58abbd6|rpc:10.1.78.0:36163|dataStream:10.1.78.0:35685|priority:1|startupRole:FOLLOWER]|listeners:[], old=null
2023-02-22 04:45:58,502 [06733870-8d62-448b-a196-7afd6df13a68-server-thread1] INFO  ratis.XceiverServerRatis (XceiverServerRatis.java:handleLeaderChangedNotification(905)) - Leader change notification received for group: group-A783D8486497 with new leaderId: 4c420ab8-2e43-407d-b88b-e5dbb58abbd6
2023-02-22 04:45:58,502 [06733870-8d62-448b-a196-7afd6df13a68-server-thread1] INFO  server.RaftServer$Division (ServerState.java:setLeader(313)) - 06733870-8d62-448b-a196-7afd6df13a68@group-A783D8486497: change Leader from null to 4c420ab8-2e43-407d-b88b-e5dbb58abbd6 at term 1 for appendEntries, leader elected after 5138ms
2023-02-22 04:45:58,504 [ffdcdc5d-4960-49c6-84a1-25480d1d38bf-server-thread2] INFO  ratis.XceiverServerRatis (XceiverServerRatis.java:handleLeaderChangedNotification(905)) - Leader change notification received for group: group-A783D8486497 with new leaderId: 4c420ab8-2e43-407d-b88b-e5dbb58abbd6
2023-02-22 04:45:58,506 [ffdcdc5d-4960-49c6-84a1-25480d1d38bf-server-thread2] INFO  server.RaftServer$Division (ServerState.java:setLeader(313)) - ffdcdc5d-4960-49c6-84a1-25480d1d38bf@group-A783D8486497: change Leader from null to 4c420ab8-2e43-407d-b88b-e5dbb58abbd6 at term 1 for appendEntries, leader elected after 5186ms
2023-02-22 04:45:58,507 [ffdcdc5d-4960-49c6-84a1-25480d1d38bf-server-thread2] INFO  server.RaftServer$Division (ServerState.java:setRaftConf(430)) - ffdcdc5d-4960-49c6-84a1-25480d1d38bf@group-A783D8486497: set configuration 0: peers:[06733870-8d62-448b-a196-7afd6df13a68|rpc:10.1.78.0:40835|dataStream:10.1.78.0:46227|priority:0|startupRole:FOLLOWER, ffdcdc5d-4960-49c6-84a1-25480d1d38bf|rpc:10.1.78.0:46217|dataStream:10.1.78.0:40923|priority:0|startupRole:FOLLOWER, 4c420ab8-2e43-407d-b88b-e5dbb58abbd6|rpc:10.1.78.0:36163|dataStream:10.1.78.0:35685|priority:1|startupRole:FOLLOWER]|listeners:[], old=null
2023-02-22 04:45:58,507 [ffdcdc5d-4960-49c6-84a1-25480d1d38bf-server-thread2] INFO  segmented.SegmentedRaftLogWorker (SegmentedRaftLogWorker.java:startLogSegment(452)) - ffdcdc5d-4960-49c6-84a1-25480d1d38bf@group-A783D8486497-SegmentedRaftLogWorker: Starting segment from index:0
2023-02-22 04:45:58,508 [ffdcdc5d-4960-49c6-84a1-25480d1d38bf@group-A783D8486497-SegmentedRaftLogWorker] INFO  segmented.SegmentedRaftLogWorker (SegmentedRaftLogWorker.java:execute(656)) - ffdcdc5d-4960-49c6-84a1-25480d1d38bf@group-A783D8486497-SegmentedRaftLogWorker: created new log segment /home/runner/work/ozone/ozone/hadoop-ozone/integration-test/target/test-dir/MiniOzoneClusterImpl-d1b59b44-2044-4343-9d69-28cc870eb01e/datanode-2/data/ratis/32b315fb-14a4-4336-ab22-a783d8486497/current/log_inprogress_0
2023-02-22 04:45:58,509 [06733870-8d62-448b-a196-7afd6df13a68-server-thread1] INFO  server.RaftServer$Division (ServerState.java:setRaftConf(430)) - 06733870-8d62-448b-a196-7afd6df13a68@group-A783D8486497: set configuration 0: peers:[06733870-8d62-448b-a196-7afd6df13a68|rpc:10.1.78.0:40835|dataStream:10.1.78.0:46227|priority:0|startupRole:FOLLOWER, ffdcdc5d-4960-49c6-84a1-25480d1d38bf|rpc:10.1.78.0:46217|dataStream:10.1.78.0:40923|priority:0|startupRole:FOLLOWER, 4c420ab8-2e43-407d-b88b-e5dbb58abbd6|rpc:10.1.78.0:36163|dataStream:10.1.78.0:35685|priority:1|startupRole:FOLLOWER]|listeners:[], old=null
2023-02-22 04:45:58,509 [06733870-8d62-448b-a196-7afd6df13a68-server-thread1] INFO  segmented.SegmentedRaftLogWorker (SegmentedRaftLogWorker.java:startLogSegment(452)) - 06733870-8d62-448b-a196-7afd6df13a68@group-A783D8486497-SegmentedRaftLogWorker: Starting segment from index:0
2023-02-22 04:45:58,510 [06733870-8d62-448b-a196-7afd6df13a68@group-A783D8486497-SegmentedRaftLogWorker] INFO  segmented.SegmentedRaftLogWorker (SegmentedRaftLogWorker.java:execute(656)) - 06733870-8d62-448b-a196-7afd6df13a68@group-A783D8486497-SegmentedRaftLogWorker: created new log segment /home/runner/work/ozone/ozone/hadoop-ozone/integration-test/target/test-dir/MiniOzoneClusterImpl-d1b59b44-2044-4343-9d69-28cc870eb01e/datanode-1/data/ratis/32b315fb-14a4-4336-ab22-a783d8486497/current/log_inprogress_0
2023-02-22 04:45:58,594 [06733870-8d62-448b-a196-7afd6df13a68@group-4A5E83864A26-FollowerState] INFO  impl.FollowerState (FollowerState.java:run(143)) - 06733870-8d62-448b-a196-7afd6df13a68@group-4A5E83864A26-FollowerState: change to CANDIDATE, lastRpcElapsedTime:5168598111ns, electionTimeout:5166ms
2023-02-22 04:45:58,594 [06733870-8d62-448b-a196-7afd6df13a68@group-4A5E83864A26-FollowerState] INFO  impl.RoleInfo (RoleInfo.java:shutdownFollowerState(110)) - 06733870-8d62-448b-a196-7afd6df13a68: shutdown 06733870-8d62-448b-a196-7afd6df13a68@group-4A5E83864A26-FollowerState
2023-02-22 04:45:58,594 [06733870-8d62-448b-a196-7afd6df13a68@group-4A5E83864A26-FollowerState] INFO  server.RaftServer$Division (RaftServerImpl.java:setRole(321)) - 06733870-8d62-448b-a196-7afd6df13a68@group-4A5E83864A26: changes role from  FOLLOWER to CANDIDATE at term 0 for changeToCandidate
2023-02-22 04:45:58,595 [06733870-8d62-448b-a196-7afd6df13a68@group-4A5E83864A26-FollowerState] INFO  server.RaftServerConfigKeys (ConfUtils.java:logGet(46)) - raft.server.leaderelection.pre-vote = true (default)
2023-02-22 04:45:58,595 [06733870-8d62-448b-a196-7afd6df13a68@group-4A5E83864A26-FollowerState] INFO  impl.RoleInfo (RoleInfo.java:updateAndGet(139)) - 06733870-8d62-448b-a196-7afd6df13a68: start 06733870-8d62-448b-a196-7afd6df13a68@group-4A5E83864A26-LeaderElection13
2023-02-22 04:45:58,596 [06733870-8d62-448b-a196-7afd6df13a68@group-4A5E83864A26-LeaderElection13] INFO  impl.LeaderElection (LeaderElection.java:askForVotes(312)) - 06733870-8d62-448b-a196-7afd6df13a68@group-4A5E83864A26-LeaderElection13 PRE_VOTE round 0: submit vote requests at term 0 for -1: peers:[06733870-8d62-448b-a196-7afd6df13a68|rpc:10.1.78.0:40835|dataStream:10.1.78.0:46227|priority:1|startupRole:FOLLOWER, 4c420ab8-2e43-407d-b88b-e5dbb58abbd6|rpc:10.1.78.0:36163|dataStream:10.1.78.0:35685|priority:0|startupRole:FOLLOWER, ffdcdc5d-4960-49c6-84a1-25480d1d38bf|rpc:10.1.78.0:46217|dataStream:10.1.78.0:40923|priority:0|startupRole:FOLLOWER]|listeners:[], old=null
2023-02-22 04:45:58,596 [06733870-8d62-448b-a196-7afd6df13a68@group-4A5E83864A26-LeaderElection13-1] INFO  server.GrpcServerProtocolClient (GrpcServerProtocolClient.java:<init>(63)) - Build channel for 4c420ab8-2e43-407d-b88b-e5dbb58abbd6
2023-02-22 04:45:58,597 [06733870-8d62-448b-a196-7afd6df13a68@group-4A5E83864A26-LeaderElection13] INFO  server.RaftServerConfigKeys (ConfUtils.java:logFallback(53)) - raft.server.rpc.first-election.timeout.min = 5s (fallback to raft.server.rpc.timeout.min)
2023-02-22 04:45:58,602 [06733870-8d62-448b-a196-7afd6df13a68@group-4A5E83864A26-LeaderElection13] INFO  server.RaftServerConfigKeys (ConfUtils.java:logFallback(53)) - raft.server.rpc.first-election.timeout.max = 5200ms (fallback to raft.server.rpc.timeout.max)
2023-02-22 04:45:58,602 [06733870-8d62-448b-a196-7afd6df13a68@group-4A5E83864A26-LeaderElection13-2] INFO  server.GrpcServerProtocolClient (GrpcServerProtocolClient.java:<init>(63)) - Build channel for ffdcdc5d-4960-49c6-84a1-25480d1d38bf
2023-02-22 04:45:58,610 [grpc-default-executor-14] INFO  server.RaftServer$Division (RaftServerImpl.java:requestVote(1218)) - ffdcdc5d-4960-49c6-84a1-25480d1d38bf@group-4A5E83864A26: receive requestVote(PRE_VOTE, 06733870-8d62-448b-a196-7afd6df13a68, group-4A5E83864A26, 0, (t:0, i:0))
2023-02-22 04:45:58,610 [grpc-default-executor-14] INFO  impl.VoteContext (VoteContext.java:log(49)) - ffdcdc5d-4960-49c6-84a1-25480d1d38bf@group-4A5E83864A26-FOLLOWER: accept PRE_VOTE from 06733870-8d62-448b-a196-7afd6df13a68: our priority 0 <= candidate's priority 1
2023-02-22 04:45:58,611 [grpc-default-executor-14] INFO  server.RaftServer$Division (RaftServerImpl.java:requestVote(1251)) - ffdcdc5d-4960-49c6-84a1-25480d1d38bf@group-4A5E83864A26 replies to PRE_VOTE vote request: 06733870-8d62-448b-a196-7afd6df13a68<-ffdcdc5d-4960-49c6-84a1-25480d1d38bf#0:OK-t0. Peer's state: ffdcdc5d-4960-49c6-84a1-25480d1d38bf@group-4A5E83864A26:t0, leader=null, voted=, raftlog=Memoized:ffdcdc5d-4960-49c6-84a1-25480d1d38bf@group-4A5E83864A26-SegmentedRaftLog:OPENED:c-1, conf=-1: peers:[06733870-8d62-448b-a196-7afd6df13a68|rpc:10.1.78.0:40835|dataStream:10.1.78.0:46227|priority:1|startupRole:FOLLOWER, 4c420ab8-2e43-407d-b88b-e5dbb58abbd6|rpc:10.1.78.0:36163|dataStream:10.1.78.0:35685|priority:0|startupRole:FOLLOWER, ffdcdc5d-4960-49c6-84a1-25480d1d38bf|rpc:10.1.78.0:46217|dataStream:10.1.78.0:40923|priority:0|startupRole:FOLLOWER]|listeners:[], old=null
2023-02-22 04:45:58,615 [grpc-default-executor-14] INFO  server.RaftServer$Division (RaftServerImpl.java:requestVote(1218)) - 4c420ab8-2e43-407d-b88b-e5dbb58abbd6@group-4A5E83864A26: receive requestVote(PRE_VOTE, 06733870-8d62-448b-a196-7afd6df13a68, group-4A5E83864A26, 0, (t:0, i:0))
2023-02-22 04:45:58,615 [grpc-default-executor-14] INFO  impl.VoteContext (VoteContext.java:log(49)) - 4c420ab8-2e43-407d-b88b-e5dbb58abbd6@group-4A5E83864A26-FOLLOWER: accept PRE_VOTE from 06733870-8d62-448b-a196-7afd6df13a68: our priority 0 <= candidate's priority 1
2023-02-22 04:45:58,615 [grpc-default-executor-14] INFO  server.RaftServer$Division (RaftServerImpl.java:requestVote(1251)) - 4c420ab8-2e43-407d-b88b-e5dbb58abbd6@group-4A5E83864A26 replies to PRE_VOTE vote request: 06733870-8d62-448b-a196-7afd6df13a68<-4c420ab8-2e43-407d-b88b-e5dbb58abbd6#0:OK-t0. Peer's state: 4c420ab8-2e43-407d-b88b-e5dbb58abbd6@group-4A5E83864A26:t0, leader=null, voted=, raftlog=Memoized:4c420ab8-2e43-407d-b88b-e5dbb58abbd6@group-4A5E83864A26-SegmentedRaftLog:OPENED:c-1, conf=-1: peers:[06733870-8d62-448b-a196-7afd6df13a68|rpc:10.1.78.0:40835|dataStream:10.1.78.0:46227|priority:1|startupRole:FOLLOWER, 4c420ab8-2e43-407d-b88b-e5dbb58abbd6|rpc:10.1.78.0:36163|dataStream:10.1.78.0:35685|priority:0|startupRole:FOLLOWER, ffdcdc5d-4960-49c6-84a1-25480d1d38bf|rpc:10.1.78.0:46217|dataStream:10.1.78.0:40923|priority:0|startupRole:FOLLOWER]|listeners:[], old=null
2023-02-22 04:45:58,617 [06733870-8d62-448b-a196-7afd6df13a68@group-4A5E83864A26-LeaderElection13] INFO  impl.LeaderElection (LeaderElection.java:logAndReturn(90)) - 06733870-8d62-448b-a196-7afd6df13a68@group-4A5E83864A26-LeaderElection13: PRE_VOTE PASSED received 1 response(s) and 0 exception(s):
2023-02-22 04:45:58,618 [06733870-8d62-448b-a196-7afd6df13a68@group-4A5E83864A26-LeaderElection13] INFO  impl.LeaderElection (LeaderElection.java:logAndReturn(94)) -   Response 0: 06733870-8d62-448b-a196-7afd6df13a68<-ffdcdc5d-4960-49c6-84a1-25480d1d38bf#0:OK-t0
2023-02-22 04:45:58,619 [06733870-8d62-448b-a196-7afd6df13a68@group-4A5E83864A26-LeaderElection13] INFO  impl.LeaderElection (LeaderElection.java:askForVotes(314)) - 06733870-8d62-448b-a196-7afd6df13a68@group-4A5E83864A26-LeaderElection13 PRE_VOTE round 0: result PASSED
2023-02-22 04:45:58,620 [06733870-8d62-448b-a196-7afd6df13a68@group-4A5E83864A26-LeaderElection13] INFO  impl.LeaderElection (LeaderElection.java:askForVotes(312)) - 06733870-8d62-448b-a196-7afd6df13a68@group-4A5E83864A26-LeaderElection13 ELECTION round 0: submit vote requests at term 1 for -1: peers:[06733870-8d62-448b-a196-7afd6df13a68|rpc:10.1.78.0:40835|dataStream:10.1.78.0:46227|priority:1|startupRole:FOLLOWER, 4c420ab8-2e43-407d-b88b-e5dbb58abbd6|rpc:10.1.78.0:36163|dataStream:10.1.78.0:35685|priority:0|startupRole:FOLLOWER, ffdcdc5d-4960-49c6-84a1-25480d1d38bf|rpc:10.1.78.0:46217|dataStream:10.1.78.0:40923|priority:0|startupRole:FOLLOWER]|listeners:[], old=null
2023-02-22 04:45:58,621 [06733870-8d62-448b-a196-7afd6df13a68@group-4A5E83864A26-LeaderElection13] INFO  server.RaftServerConfigKeys (ConfUtils.java:logFallback(53)) - raft.server.rpc.first-election.timeout.min = 5s (fallback to raft.server.rpc.timeout.min)
2023-02-22 04:45:58,621 [06733870-8d62-448b-a196-7afd6df13a68@group-4A5E83864A26-LeaderElection13] INFO  server.RaftServerConfigKeys (ConfUtils.java:logFallback(53)) - raft.server.rpc.first-election.timeout.max = 5200ms (fallback to raft.server.rpc.timeout.max)
2023-02-22 04:45:58,625 [grpc-default-executor-15] INFO  server.RaftServer$Division (RaftServerImpl.java:requestVote(1218)) - 4c420ab8-2e43-407d-b88b-e5dbb58abbd6@group-4A5E83864A26: receive requestVote(ELECTION, 06733870-8d62-448b-a196-7afd6df13a68, group-4A5E83864A26, 1, (t:0, i:0))
2023-02-22 04:45:58,626 [grpc-default-executor-15] INFO  impl.VoteContext (VoteContext.java:log(49)) - 4c420ab8-2e43-407d-b88b-e5dbb58abbd6@group-4A5E83864A26-FOLLOWER: accept ELECTION from 06733870-8d62-448b-a196-7afd6df13a68: our priority 0 <= candidate's priority 1
2023-02-22 04:45:58,626 [grpc-default-executor-15] INFO  server.RaftServer$Division (RaftServerImpl.java:setRole(321)) - 4c420ab8-2e43-407d-b88b-e5dbb58abbd6@group-4A5E83864A26: changes role from  FOLLOWER to FOLLOWER at term 1 for candidate:06733870-8d62-448b-a196-7afd6df13a68
2023-02-22 04:45:58,626 [grpc-default-executor-15] INFO  impl.RoleInfo (RoleInfo.java:shutdownFollowerState(110)) - 4c420ab8-2e43-407d-b88b-e5dbb58abbd6: shutdown 4c420ab8-2e43-407d-b88b-e5dbb58abbd6@group-4A5E83864A26-FollowerState
2023-02-22 04:45:58,626 [grpc-default-executor-15] INFO  impl.RoleInfo (RoleInfo.java:updateAndGet(139)) - 4c420ab8-2e43-407d-b88b-e5dbb58abbd6: start 4c420ab8-2e43-407d-b88b-e5dbb58abbd6@group-4A5E83864A26-FollowerState
2023-02-22 04:45:58,626 [4c420ab8-2e43-407d-b88b-e5dbb58abbd6@group-4A5E83864A26-FollowerState] INFO  impl.FollowerState (FollowerState.java:run(152)) - 4c420ab8-2e43-407d-b88b-e5dbb58abbd6@group-4A5E83864A26-FollowerState was interrupted
2023-02-22 04:45:58,625 [grpc-default-executor-14] INFO  server.RaftServer$Division (RaftServerImpl.java:requestVote(1218)) - ffdcdc5d-4960-49c6-84a1-25480d1d38bf@group-4A5E83864A26: receive requestVote(ELECTION, 06733870-8d62-448b-a196-7afd6df13a68, group-4A5E83864A26, 1, (t:0, i:0))
2023-02-22 04:45:58,626 [grpc-default-executor-14] INFO  impl.VoteContext (VoteContext.java:log(49)) - ffdcdc5d-4960-49c6-84a1-25480d1d38bf@group-4A5E83864A26-FOLLOWER: accept ELECTION from 06733870-8d62-448b-a196-7afd6df13a68: our priority 0 <= candidate's priority 1
2023-02-22 04:45:58,627 [grpc-default-executor-14] INFO  server.RaftServer$Division (RaftServerImpl.java:setRole(321)) - ffdcdc5d-4960-49c6-84a1-25480d1d38bf@group-4A5E83864A26: changes role from  FOLLOWER to FOLLOWER at term 1 for candidate:06733870-8d62-448b-a196-7afd6df13a68
2023-02-22 04:45:58,627 [grpc-default-executor-14] INFO  impl.RoleInfo (RoleInfo.java:shutdownFollowerState(110)) - ffdcdc5d-4960-49c6-84a1-25480d1d38bf: shutdown ffdcdc5d-4960-49c6-84a1-25480d1d38bf@group-4A5E83864A26-FollowerState
2023-02-22 04:45:58,634 [grpc-default-executor-15] INFO  server.RaftServer$Division (RaftServerImpl.java:requestVote(1251)) - 4c420ab8-2e43-407d-b88b-e5dbb58abbd6@group-4A5E83864A26 replies to ELECTION vote request: 06733870-8d62-448b-a196-7afd6df13a68<-4c420ab8-2e43-407d-b88b-e5dbb58abbd6#0:OK-t1. Peer's state: 4c420ab8-2e43-407d-b88b-e5dbb58abbd6@group-4A5E83864A26:t1, leader=null, voted=06733870-8d62-448b-a196-7afd6df13a68, raftlog=Memoized:4c420ab8-2e43-407d-b88b-e5dbb58abbd6@group-4A5E83864A26-SegmentedRaftLog:OPENED:c-1, conf=-1: peers:[06733870-8d62-448b-a196-7afd6df13a68|rpc:10.1.78.0:40835|dataStream:10.1.78.0:46227|priority:1|startupRole:FOLLOWER, 4c420ab8-2e43-407d-b88b-e5dbb58abbd6|rpc:10.1.78.0:36163|dataStream:10.1.78.0:35685|priority:0|startupRole:FOLLOWER, ffdcdc5d-4960-49c6-84a1-25480d1d38bf|rpc:10.1.78.0:46217|dataStream:10.1.78.0:40923|priority:0|startupRole:FOLLOWER]|listeners:[], old=null
2023-02-22 04:45:58,635 [ffdcdc5d-4960-49c6-84a1-25480d1d38bf@group-4A5E83864A26-FollowerState] INFO  impl.FollowerState (FollowerState.java:run(152)) - ffdcdc5d-4960-49c6-84a1-25480d1d38bf@group-4A5E83864A26-FollowerState was interrupted
2023-02-22 04:45:58,635 [grpc-default-executor-14] INFO  impl.RoleInfo (RoleInfo.java:updateAndGet(139)) - ffdcdc5d-4960-49c6-84a1-25480d1d38bf: start ffdcdc5d-4960-49c6-84a1-25480d1d38bf@group-4A5E83864A26-FollowerState
2023-02-22 04:45:58,636 [06733870-8d62-448b-a196-7afd6df13a68@group-4A5E83864A26-LeaderElection13] INFO  impl.LeaderElection (LeaderElection.java:logAndReturn(90)) - 06733870-8d62-448b-a196-7afd6df13a68@group-4A5E83864A26-LeaderElection13: ELECTION PASSED received 1 response(s) and 0 exception(s):
2023-02-22 04:45:58,636 [06733870-8d62-448b-a196-7afd6df13a68@group-4A5E83864A26-LeaderElection13] INFO  impl.LeaderElection (LeaderElection.java:logAndReturn(94)) -   Response 0: 06733870-8d62-448b-a196-7afd6df13a68<-4c420ab8-2e43-407d-b88b-e5dbb58abbd6#0:OK-t1
2023-02-22 04:45:58,635 [4c420ab8-2e43-407d-b88b-e5dbb58abbd6@group-4A5E83864A26-FollowerState] INFO  server.RaftServerConfigKeys (ConfUtils.java:logFallback(53)) - raft.server.rpc.first-election.timeout.min = 5s (fallback to raft.server.rpc.timeout.min)
2023-02-22 04:45:58,636 [4c420ab8-2e43-407d-b88b-e5dbb58abbd6@group-4A5E83864A26-FollowerState] INFO  server.RaftServerConfigKeys (ConfUtils.java:logFallback(53)) - raft.server.rpc.first-election.timeout.max = 5200ms (fallback to raft.server.rpc.timeout.max)
2023-02-22 04:45:58,638 [06733870-8d62-448b-a196-7afd6df13a68@group-4A5E83864A26-LeaderElection13] INFO  impl.LeaderElection (LeaderElection.java:askForVotes(314)) - 06733870-8d62-448b-a196-7afd6df13a68@group-4A5E83864A26-LeaderElection13 ELECTION round 0: result PASSED
2023-02-22 04:45:58,642 [06733870-8d62-448b-a196-7afd6df13a68@group-4A5E83864A26-LeaderElection13] INFO  impl.RoleInfo (RoleInfo.java:shutdownLeaderElection(130)) - 06733870-8d62-448b-a196-7afd6df13a68: shutdown 06733870-8d62-448b-a196-7afd6df13a68@group-4A5E83864A26-LeaderElection13
2023-02-22 04:45:58,642 [06733870-8d62-448b-a196-7afd6df13a68@group-4A5E83864A26-LeaderElection13] INFO  server.RaftServer$Division (RaftServerImpl.java:setRole(321)) - 06733870-8d62-448b-a196-7afd6df13a68@group-4A5E83864A26: changes role from CANDIDATE to LEADER at term 1 for changeToLeader
2023-02-22 04:45:58,642 [06733870-8d62-448b-a196-7afd6df13a68@group-4A5E83864A26-LeaderElection13] INFO  ratis.XceiverServerRatis (XceiverServerRatis.java:handleLeaderChangedNotification(905)) - Leader change notification received for group: group-4A5E83864A26 with new leaderId: 06733870-8d62-448b-a196-7afd6df13a68
2023-02-22 04:45:58,643 [06733870-8d62-448b-a196-7afd6df13a68@group-4A5E83864A26-LeaderElection13] INFO  server.RaftServer$Division (ServerState.java:setLeader(313)) - 06733870-8d62-448b-a196-7afd6df13a68@group-4A5E83864A26: change Leader from null to 06733870-8d62-448b-a196-7afd6df13a68 at term 1 for becomeLeader, leader elected after 5226ms
2023-02-22 04:45:58,643 [06733870-8d62-448b-a196-7afd6df13a68@group-4A5E83864A26-LeaderElection13] INFO  server.RaftServerConfigKeys (ConfUtils.java:logGet(46)) - raft.server.staging.catchup.gap = 1000 (default)
2023-02-22 04:45:58,643 [06733870-8d62-448b-a196-7afd6df13a68@group-4A5E83864A26-LeaderElection13] INFO  server.RaftServerConfigKeys (ConfUtils.java:logGet(46)) - raft.server.write.element-limit = 1024 (custom)
2023-02-22 04:45:58,643 [06733870-8d62-448b-a196-7afd6df13a68@group-4A5E83864A26-LeaderElection13] INFO  server.RaftServerConfigKeys (ConfUtils.java:logGet(46)) - raft.server.write.byte-limit = 1024 M (=1073741824) (custom)
2023-02-22 04:45:58,643 [06733870-8d62-448b-a196-7afd6df13a68@group-4A5E83864A26-LeaderElection13] INFO  server.RaftServerConfigKeys (ConfUtils.java:logGet(46)) - raft.server.watch.timeout = 180s (custom)
2023-02-22 04:45:58,643 [06733870-8d62-448b-a196-7afd6df13a68@group-4A5E83864A26-LeaderElection13] INFO  server.RaftServerConfigKeys (ConfUtils.java:logGet(46)) - raft.server.watch.timeout.denomination = 1s (default)
2023-02-22 04:45:58,643 [06733870-8d62-448b-a196-7afd6df13a68@group-4A5E83864A26-LeaderElection13] INFO  server.RaftServerConfigKeys (ConfUtils.java:logGet(46)) - raft.server.watch.element-limit = 65536 (default)
2023-02-22 04:45:58,643 [06733870-8d62-448b-a196-7afd6df13a68@group-4A5E83864A26-LeaderElection13] INFO  server.RaftServerConfigKeys (ConfUtils.java:logGet(46)) - raft.server.write.element-limit = 1024 (custom)
2023-02-22 04:45:58,643 [06733870-8d62-448b-a196-7afd6df13a68@group-4A5E83864A26-LeaderElection13] INFO  server.RaftServerConfigKeys (ConfUtils.java:logGet(46)) - raft.server.write.follower.gap.ratio.max = -1.0 (default)
2023-02-22 04:45:58,644 [06733870-8d62-448b-a196-7afd6df13a68@group-4A5E83864A26-LeaderElection13] INFO  server.RaftServerConfigKeys (ConfUtils.java:logGet(46)) - raft.server.log.appender.snapshot.chunk.size.max = 16MB (=16777216) (default)
2023-02-22 04:45:58,644 [06733870-8d62-448b-a196-7afd6df13a68@group-4A5E83864A26-LeaderElection13] INFO  server.RaftServerConfigKeys (ConfUtils.java:logGet(46)) - raft.server.log.appender.buffer.byte-limit = 33554432 (custom)
2023-02-22 04:45:58,644 [06733870-8d62-448b-a196-7afd6df13a68@group-4A5E83864A26-LeaderElection13] INFO  server.RaftServerConfigKeys (ConfUtils.java:logGet(46)) - raft.server.log.appender.buffer.element-limit = 1 (custom)
2023-02-22 04:45:58,644 [06733870-8d62-448b-a196-7afd6df13a68@group-4A5E83864A26-LeaderElection13] INFO  grpc.GrpcConfigKeys (ConfUtils.java:logGet(46)) - raft.grpc.server.leader.outstanding.appends.max = 128 (default)
2023-02-22 04:45:58,644 [06733870-8d62-448b-a196-7afd6df13a68@group-4A5E83864A26-LeaderElection13] INFO  server.RaftServerConfigKeys (ConfUtils.java:logGet(46)) - raft.server.rpc.request.timeout = 60s (custom)
2023-02-22 04:45:58,644 [06733870-8d62-448b-a196-7afd6df13a68@group-4A5E83864A26-LeaderElection13] INFO  server.RaftServerConfigKeys (ConfUtils.java:logGet(46)) - raft.server.log.appender.install.snapshot.enabled = false (custom)
2023-02-22 04:45:58,644 [06733870-8d62-448b-a196-7afd6df13a68@group-4A5E83864A26-LeaderElection13] INFO  grpc.GrpcConfigKeys (ConfUtils.java:logGet(46)) - raft.grpc.server.heartbeat.channel = true (default)
2023-02-22 04:45:58,644 [06733870-8d62-448b-a196-7afd6df13a68@group-4A5E83864A26-LeaderElection13] INFO  server.RaftServerConfigKeys (ConfUtils.java:logGet(46)) - raft.server.log.appender.wait-time.min = 10ms (default)
2023-02-22 04:45:58,645 [06733870-8d62-448b-a196-7afd6df13a68@group-4A5E83864A26-LeaderElection13] INFO  server.RaftServerConfigKeys (ConfUtils.java:logGet(46)) - raft.server.log.appender.snapshot.chunk.size.max = 16MB (=16777216) (default)
2023-02-22 04:45:58,645 [06733870-8d62-448b-a196-7afd6df13a68@group-4A5E83864A26-LeaderElection13] INFO  server.RaftServerConfigKeys (ConfUtils.java:logGet(46)) - raft.server.log.appender.buffer.byte-limit = 33554432 (custom)
2023-02-22 04:45:58,645 [06733870-8d62-448b-a196-7afd6df13a68@group-4A5E83864A26-LeaderElection13] INFO  server.RaftServerConfigKeys (ConfUtils.java:logGet(46)) - raft.server.log.appender.buffer.element-limit = 1 (custom)
2023-02-22 04:45:58,645 [06733870-8d62-448b-a196-7afd6df13a68@group-4A5E83864A26-LeaderElection13] INFO  grpc.GrpcConfigKeys (ConfUtils.java:logGet(46)) - raft.grpc.server.leader.outstanding.appends.max = 128 (default)
2023-02-22 04:45:58,645 [06733870-8d62-448b-a196-7afd6df13a68@group-4A5E83864A26-LeaderElection13] INFO  server.RaftServerConfigKeys (ConfUtils.java:logGet(46)) - raft.server.rpc.request.timeout = 60s (custom)
2023-02-22 04:45:58,645 [06733870-8d62-448b-a196-7afd6df13a68@group-4A5E83864A26-LeaderElection13] INFO  server.RaftServerConfigKeys (ConfUtils.java:logGet(46)) - raft.server.log.appender.install.snapshot.enabled = false (custom)
2023-02-22 04:45:58,645 [06733870-8d62-448b-a196-7afd6df13a68@group-4A5E83864A26-LeaderElection13] INFO  grpc.GrpcConfigKeys (ConfUtils.java:logGet(46)) - raft.grpc.server.heartbeat.channel = true (default)
2023-02-22 04:45:58,645 [06733870-8d62-448b-a196-7afd6df13a68@group-4A5E83864A26-LeaderElection13] INFO  server.RaftServerConfigKeys (ConfUtils.java:logGet(46)) - raft.server.log.appender.wait-time.min = 10ms (default)
2023-02-22 04:45:58,645 [06733870-8d62-448b-a196-7afd6df13a68@group-4A5E83864A26-LeaderElection13] INFO  impl.RoleInfo (RoleInfo.java:updateAndGet(139)) - 06733870-8d62-448b-a196-7afd6df13a68: start 06733870-8d62-448b-a196-7afd6df13a68@group-4A5E83864A26-LeaderStateImpl
2023-02-22 04:45:58,642 [grpc-default-executor-14] INFO  server.RaftServer$Division (RaftServerImpl.java:requestVote(1251)) - ffdcdc5d-4960-49c6-84a1-25480d1d38bf@group-4A5E83864A26 replies to ELECTION vote request: 06733870-8d62-448b-a196-7afd6df13a68<-ffdcdc5d-4960-49c6-84a1-25480d1d38bf#0:OK-t1. Peer's state: ffdcdc5d-4960-49c6-84a1-25480d1d38bf@group-4A5E83864A26:t1, leader=null, voted=06733870-8d62-448b-a196-7afd6df13a68, raftlog=Memoized:ffdcdc5d-4960-49c6-84a1-25480d1d38bf@group-4A5E83864A26-SegmentedRaftLog:OPENED:c-1, conf=-1: peers:[06733870-8d62-448b-a196-7afd6df13a68|rpc:10.1.78.0:40835|dataStream:10.1.78.0:46227|priority:1|startupRole:FOLLOWER, 4c420ab8-2e43-407d-b88b-e5dbb58abbd6|rpc:10.1.78.0:36163|dataStream:10.1.78.0:35685|priority:0|startupRole:FOLLOWER, ffdcdc5d-4960-49c6-84a1-25480d1d38bf|rpc:10.1.78.0:46217|dataStream:10.1.78.0:40923|priority:0|startupRole:FOLLOWER]|listeners:[], old=null
2023-02-22 04:45:58,646 [EventQueue-PipelineReportForPipelineReportHandler] INFO  pipeline.PipelineManagerImpl (PipelineManagerImpl.java:openPipeline(367)) - Pipeline Pipeline[ Id: 95791022-8b4e-4ed7-ad2b-4a5e83864a26, Nodes: 06733870-8d62-448b-a196-7afd6df13a68(fv-az748-120.4k5rsvd4cmqu5oxra434zmszlb.cx.internal.cloudapp.net/10.1.78.0)4c420ab8-2e43-407d-b88b-e5dbb58abbd6(fv-az748-120.4k5rsvd4cmqu5oxra434zmszlb.cx.internal.cloudapp.net/10.1.78.0)ffdcdc5d-4960-49c6-84a1-25480d1d38bf(fv-az748-120.4k5rsvd4cmqu5oxra434zmszlb.cx.internal.cloudapp.net/10.1.78.0), ReplicationConfig: RATIS/THREE, State:ALLOCATED, leaderId:06733870-8d62-448b-a196-7afd6df13a68, CreationTimestamp2023-02-22T04:45:50.873Z[Etc/UTC]] moved to OPEN state
2023-02-22 04:45:58,647 [06733870-8d62-448b-a196-7afd6df13a68@group-4A5E83864A26-LeaderElection13] INFO  segmented.SegmentedRaftLogWorker (SegmentedRaftLogWorker.java:startLogSegment(452)) - 06733870-8d62-448b-a196-7afd6df13a68@group-4A5E83864A26-SegmentedRaftLogWorker: Starting segment from index:0
2023-02-22 04:45:58,647 [ffdcdc5d-4960-49c6-84a1-25480d1d38bf@group-4A5E83864A26-FollowerState] INFO  server.RaftServerConfigKeys (ConfUtils.java:logFallback(53)) - raft.server.rpc.first-election.timeout.min = 5s (fallback to raft.server.rpc.timeout.min)
2023-02-22 04:45:58,659 [06733870-8d62-448b-a196-7afd6df13a68@group-4A5E83864A26-LeaderElection13] INFO  server.RaftServer$Division (ServerState.java:setRaftConf(430)) - 06733870-8d62-448b-a196-7afd6df13a68@group-4A5E83864A26: set configuration 0: peers:[06733870-8d62-448b-a196-7afd6df13a68|rpc:10.1.78.0:40835|dataStream:10.1.78.0:46227|priority:1|startupRole:FOLLOWER, 4c420ab8-2e43-407d-b88b-e5dbb58abbd6|rpc:10.1.78.0:36163|dataStream:10.1.78.0:35685|priority:0|startupRole:FOLLOWER, ffdcdc5d-4960-49c6-84a1-25480d1d38bf|rpc:10.1.78.0:46217|dataStream:10.1.78.0:40923|priority:0|startupRole:FOLLOWER]|listeners:[], old=null
2023-02-22 04:45:58,650 [06733870-8d62-448b-a196-7afd6df13a68@group-4A5E83864A26-SegmentedRaftLogWorker] INFO  segmented.SegmentedRaftLogWorker (SegmentedRaftLogWorker.java:execute(656)) - 06733870-8d62-448b-a196-7afd6df13a68@group-4A5E83864A26-SegmentedRaftLogWorker: created new log segment /home/runner/work/ozone/ozone/hadoop-ozone/integration-test/target/test-dir/MiniOzoneClusterImpl-d1b59b44-2044-4343-9d69-28cc870eb01e/datanode-1/data/ratis/95791022-8b4e-4ed7-ad2b-4a5e83864a26/current/log_inprogress_0
2023-02-22 04:45:58,659 [ffdcdc5d-4960-49c6-84a1-25480d1d38bf@group-4A5E83864A26-FollowerState] INFO  server.RaftServerConfigKeys (ConfUtils.java:logFallback(53)) - raft.server.rpc.first-election.timeout.max = 5200ms (fallback to raft.server.rpc.timeout.max)
2023-02-22 04:45:58,655 [EndpointStateMachine task thread for /0.0.0.0:33645 - 0 ] INFO  ipc.Client (Client.java:handleConnectionFailure(1010)) - Retrying connect to server: 0.0.0.0/0.0.0.0:33645. Already tried 4 time(s); retry policy is RetryUpToMaximumCountWithFixedSleep(maxRetries=15, sleepTime=1000 MILLISECONDS)
2023-02-22 04:45:58,667 [ffdcdc5d-4960-49c6-84a1-25480d1d38bf-server-thread1] INFO  ratis.XceiverServerRatis (XceiverServerRatis.java:handleLeaderChangedNotification(905)) - Leader change notification received for group: group-4A5E83864A26 with new leaderId: 06733870-8d62-448b-a196-7afd6df13a68
2023-02-22 04:45:58,667 [ffdcdc5d-4960-49c6-84a1-25480d1d38bf-server-thread1] INFO  server.RaftServer$Division (ServerState.java:setLeader(313)) - ffdcdc5d-4960-49c6-84a1-25480d1d38bf@group-4A5E83864A26: change Leader from null to 06733870-8d62-448b-a196-7afd6df13a68 at term 1 for appendEntries, leader elected after 5227ms
2023-02-22 04:45:58,669 [ffdcdc5d-4960-49c6-84a1-25480d1d38bf-server-thread2] INFO  server.RaftServer$Division (ServerState.java:setRaftConf(430)) - ffdcdc5d-4960-49c6-84a1-25480d1d38bf@group-4A5E83864A26: set configuration 0: peers:[06733870-8d62-448b-a196-7afd6df13a68|rpc:10.1.78.0:40835|dataStream:10.1.78.0:46227|priority:1|startupRole:FOLLOWER, 4c420ab8-2e43-407d-b88b-e5dbb58abbd6|rpc:10.1.78.0:36163|dataStream:10.1.78.0:35685|priority:0|startupRole:FOLLOWER, ffdcdc5d-4960-49c6-84a1-25480d1d38bf|rpc:10.1.78.0:46217|dataStream:10.1.78.0:40923|priority:0|startupRole:FOLLOWER]|listeners:[], old=null
2023-02-22 04:45:58,670 [ffdcdc5d-4960-49c6-84a1-25480d1d38bf-server-thread2] INFO  segmented.SegmentedRaftLogWorker (SegmentedRaftLogWorker.java:startLogSegment(452)) - ffdcdc5d-4960-49c6-84a1-25480d1d38bf@group-4A5E83864A26-SegmentedRaftLogWorker: Starting segment from index:0
2023-02-22 04:45:58,670 [4c420ab8-2e43-407d-b88b-e5dbb58abbd6-server-thread1] INFO  ratis.XceiverServerRatis (XceiverServerRatis.java:handleLeaderChangedNotification(905)) - Leader change notification received for group: group-4A5E83864A26 with new leaderId: 06733870-8d62-448b-a196-7afd6df13a68
2023-02-22 04:45:58,671 [4c420ab8-2e43-407d-b88b-e5dbb58abbd6-server-thread1] INFO  server.RaftServer$Division (ServerState.java:setLeader(313)) - 4c420ab8-2e43-407d-b88b-e5dbb58abbd6@group-4A5E83864A26: change Leader from null to 06733870-8d62-448b-a196-7afd6df13a68 at term 1 for appendEntries, leader elected after 5278ms
2023-02-22 04:45:58,672 [ffdcdc5d-4960-49c6-84a1-25480d1d38bf@group-4A5E83864A26-SegmentedRaftLogWorker] INFO  segmented.SegmentedRaftLogWorker (SegmentedRaftLogWorker.java:execute(656)) - ffdcdc5d-4960-49c6-84a1-25480d1d38bf@group-4A5E83864A26-SegmentedRaftLogWorker: created new log segment /home/runner/work/ozone/ozone/hadoop-ozone/integration-test/target/test-dir/MiniOzoneClusterImpl-d1b59b44-2044-4343-9d69-28cc870eb01e/datanode-2/data/ratis/95791022-8b4e-4ed7-ad2b-4a5e83864a26/current/log_inprogress_0
2023-02-22 04:45:58,677 [4c420ab8-2e43-407d-b88b-e5dbb58abbd6-server-thread3] INFO  server.RaftServer$Division (ServerState.java:setRaftConf(430)) - 4c420ab8-2e43-407d-b88b-e5dbb58abbd6@group-4A5E83864A26: set configuration 0: peers:[06733870-8d62-448b-a196-7afd6df13a68|rpc:10.1.78.0:40835|dataStream:10.1.78.0:46227|priority:1|startupRole:FOLLOWER, 4c420ab8-2e43-407d-b88b-e5dbb58abbd6|rpc:10.1.78.0:36163|dataStream:10.1.78.0:35685|priority:0|startupRole:FOLLOWER, ffdcdc5d-4960-49c6-84a1-25480d1d38bf|rpc:10.1.78.0:46217|dataStream:10.1.78.0:40923|priority:0|startupRole:FOLLOWER]|listeners:[], old=null
2023-02-22 04:45:58,678 [4c420ab8-2e43-407d-b88b-e5dbb58abbd6-server-thread3] INFO  segmented.SegmentedRaftLogWorker (SegmentedRaftLogWorker.java:startLogSegment(452)) - 4c420ab8-2e43-407d-b88b-e5dbb58abbd6@group-4A5E83864A26-SegmentedRaftLogWorker: Starting segment from index:0
2023-02-22 04:45:58,678 [4c420ab8-2e43-407d-b88b-e5dbb58abbd6@group-4A5E83864A26-SegmentedRaftLogWorker] INFO  segmented.SegmentedRaftLogWorker (SegmentedRaftLogWorker.java:execute(656)) - 4c420ab8-2e43-407d-b88b-e5dbb58abbd6@group-4A5E83864A26-SegmentedRaftLogWorker: created new log segment /home/runner/work/ozone/ozone/hadoop-ozone/integration-test/target/test-dir/MiniOzoneClusterImpl-d1b59b44-2044-4343-9d69-28cc870eb01e/datanode-0/data/ratis/95791022-8b4e-4ed7-ad2b-4a5e83864a26/current/log_inprogress_0
2023-02-22 04:45:58,705 [06733870-8d62-448b-a196-7afd6df13a68@group-F18B0086BD2A-FollowerState] INFO  impl.FollowerState (FollowerState.java:run(143)) - 06733870-8d62-448b-a196-7afd6df13a68@group-F18B0086BD2A-FollowerState: change to CANDIDATE, lastRpcElapsedTime:5166055282ns, electionTimeout:5163ms
2023-02-22 04:45:58,705 [06733870-8d62-448b-a196-7afd6df13a68@group-F18B0086BD2A-FollowerState] INFO  impl.RoleInfo (RoleInfo.java:shutdownFollowerState(110)) - 06733870-8d62-448b-a196-7afd6df13a68: shutdown 06733870-8d62-448b-a196-7afd6df13a68@group-F18B0086BD2A-FollowerState
2023-02-22 04:45:58,705 [06733870-8d62-448b-a196-7afd6df13a68@group-F18B0086BD2A-FollowerState] INFO  server.RaftServer$Division (RaftServerImpl.java:setRole(321)) - 06733870-8d62-448b-a196-7afd6df13a68@group-F18B0086BD2A: changes role from  FOLLOWER to CANDIDATE at term 0 for changeToCandidate
2023-02-22 04:45:58,705 [06733870-8d62-448b-a196-7afd6df13a68@group-F18B0086BD2A-FollowerState] INFO  server.RaftServerConfigKeys (ConfUtils.java:logGet(46)) - raft.server.leaderelection.pre-vote = true (default)
2023-02-22 04:45:58,705 [06733870-8d62-448b-a196-7afd6df13a68@group-F18B0086BD2A-FollowerState] INFO  impl.RoleInfo (RoleInfo.java:updateAndGet(139)) - 06733870-8d62-448b-a196-7afd6df13a68: start 06733870-8d62-448b-a196-7afd6df13a68@group-F18B0086BD2A-LeaderElection14
2023-02-22 04:45:58,707 [06733870-8d62-448b-a196-7afd6df13a68@group-F18B0086BD2A-LeaderElection14] INFO  impl.LeaderElection (LeaderElection.java:askForVotes(312)) - 06733870-8d62-448b-a196-7afd6df13a68@group-F18B0086BD2A-LeaderElection14 PRE_VOTE round 0: submit vote requests at term 0 for -1: peers:[06733870-8d62-448b-a196-7afd6df13a68|rpc:10.1.78.0:40835|dataStream:10.1.78.0:46227|priority:1|startupRole:FOLLOWER]|listeners:[], old=null
2023-02-22 04:45:58,708 [06733870-8d62-448b-a196-7afd6df13a68@group-F18B0086BD2A-LeaderElection14] INFO  impl.LeaderElection (LeaderElection.java:askForVotes(314)) - 06733870-8d62-448b-a196-7afd6df13a68@group-F18B0086BD2A-LeaderElection14 PRE_VOTE round 0: result PASSED (term=0)
2023-02-22 04:45:58,709 [06733870-8d62-448b-a196-7afd6df13a68@group-F18B0086BD2A-LeaderElection14] INFO  impl.LeaderElection (LeaderElection.java:askForVotes(312)) - 06733870-8d62-448b-a196-7afd6df13a68@group-F18B0086BD2A-LeaderElection14 ELECTION round 0: submit vote requests at term 1 for -1: peers:[06733870-8d62-448b-a196-7afd6df13a68|rpc:10.1.78.0:40835|dataStream:10.1.78.0:46227|priority:1|startupRole:FOLLOWER]|listeners:[], old=null
2023-02-22 04:45:58,709 [06733870-8d62-448b-a196-7afd6df13a68@group-F18B0086BD2A-LeaderElection14] INFO  impl.LeaderElection (LeaderElection.java:askForVotes(314)) - 06733870-8d62-448b-a196-7afd6df13a68@group-F18B0086BD2A-LeaderElection14 ELECTION round 0: result PASSED (term=1)
2023-02-22 04:45:58,709 [06733870-8d62-448b-a196-7afd6df13a68@group-F18B0086BD2A-LeaderElection14] INFO  impl.RoleInfo (RoleInfo.java:shutdownLeaderElection(130)) - 06733870-8d62-448b-a196-7afd6df13a68: shutdown 06733870-8d62-448b-a196-7afd6df13a68@group-F18B0086BD2A-LeaderElection14
2023-02-22 04:45:58,709 [06733870-8d62-448b-a196-7afd6df13a68@group-F18B0086BD2A-LeaderElection14] INFO  server.RaftServer$Division (RaftServerImpl.java:setRole(321)) - 06733870-8d62-448b-a196-7afd6df13a68@group-F18B0086BD2A: changes role from CANDIDATE to LEADER at term 1 for changeToLeader
2023-02-22 04:45:58,709 [06733870-8d62-448b-a196-7afd6df13a68@group-F18B0086BD2A-LeaderElection14] INFO  ratis.XceiverServerRatis (XceiverServerRatis.java:handleLeaderChangedNotification(905)) - Leader change notification received for group: group-F18B0086BD2A with new leaderId: 06733870-8d62-448b-a196-7afd6df13a68
2023-02-22 04:45:58,709 [06733870-8d62-448b-a196-7afd6df13a68@group-F18B0086BD2A-LeaderElection14] INFO  server.RaftServer$Division (ServerState.java:setLeader(313)) - 06733870-8d62-448b-a196-7afd6df13a68@group-F18B0086BD2A: change Leader from null to 06733870-8d62-448b-a196-7afd6df13a68 at term 1 for becomeLeader, leader elected after 5180ms
2023-02-22 04:45:58,709 [06733870-8d62-448b-a196-7afd6df13a68@group-F18B0086BD2A-LeaderElection14] INFO  server.RaftServerConfigKeys (ConfUtils.java:logGet(46)) - raft.server.staging.catchup.gap = 1000 (default)
2023-02-22 04:45:58,709 [06733870-8d62-448b-a196-7afd6df13a68@group-F18B0086BD2A-LeaderElection14] INFO  server.RaftServerConfigKeys (ConfUtils.java:logGet(46)) - raft.server.write.element-limit = 1024 (custom)
2023-02-22 04:45:58,710 [06733870-8d62-448b-a196-7afd6df13a68@group-F18B0086BD2A-LeaderElection14] INFO  server.RaftServerConfigKeys (ConfUtils.java:logGet(46)) - raft.server.write.byte-limit = 1024 M (=1073741824) (custom)
2023-02-22 04:45:58,710 [06733870-8d62-448b-a196-7afd6df13a68@group-F18B0086BD2A-LeaderElection14] INFO  server.RaftServerConfigKeys (ConfUtils.java:logGet(46)) - raft.server.watch.timeout = 180s (custom)
2023-02-22 04:45:58,710 [06733870-8d62-448b-a196-7afd6df13a68@group-F18B0086BD2A-LeaderElection14] INFO  server.RaftServerConfigKeys (ConfUtils.java:logGet(46)) - raft.server.watch.timeout.denomination = 1s (default)
2023-02-22 04:45:58,710 [06733870-8d62-448b-a196-7afd6df13a68@group-F18B0086BD2A-LeaderElection14] INFO  server.RaftServerConfigKeys (ConfUtils.java:logGet(46)) - raft.server.watch.element-limit = 65536 (default)
2023-02-22 04:45:58,710 [06733870-8d62-448b-a196-7afd6df13a68@group-F18B0086BD2A-LeaderElection14] INFO  server.RaftServerConfigKeys (ConfUtils.java:logGet(46)) - raft.server.write.element-limit = 1024 (custom)
2023-02-22 04:45:58,710 [06733870-8d62-448b-a196-7afd6df13a68@group-F18B0086BD2A-LeaderElection14] INFO  server.RaftServerConfigKeys (ConfUtils.java:logGet(46)) - raft.server.write.follower.gap.ratio.max = -1.0 (default)
2023-02-22 04:45:58,710 [06733870-8d62-448b-a196-7afd6df13a68@group-F18B0086BD2A-LeaderElection14] INFO  impl.RoleInfo (RoleInfo.java:updateAndGet(139)) - 06733870-8d62-448b-a196-7afd6df13a68: start 06733870-8d62-448b-a196-7afd6df13a68@group-F18B0086BD2A-LeaderStateImpl
2023-02-22 04:45:58,710 [06733870-8d62-448b-a196-7afd6df13a68@group-F18B0086BD2A-LeaderElection14] INFO  segmented.SegmentedRaftLogWorker (SegmentedRaftLogWorker.java:startLogSegment(452)) - 06733870-8d62-448b-a196-7afd6df13a68@group-F18B0086BD2A-SegmentedRaftLogWorker: Starting segment from index:0
2023-02-22 04:45:58,711 [06733870-8d62-448b-a196-7afd6df13a68@group-F18B0086BD2A-SegmentedRaftLogWorker] INFO  segmented.SegmentedRaftLogWorker (SegmentedRaftLogWorker.java:execute(656)) - 06733870-8d62-448b-a196-7afd6df13a68@group-F18B0086BD2A-SegmentedRaftLogWorker: created new log segment /home/runner/work/ozone/ozone/hadoop-ozone/integration-test/target/test-dir/MiniOzoneClusterImpl-d1b59b44-2044-4343-9d69-28cc870eb01e/datanode-1/data/ratis/b1a4362c-7d62-4beb-a880-f18b0086bd2a/current/log_inprogress_0
2023-02-22 04:45:58,711 [06733870-8d62-448b-a196-7afd6df13a68@group-F18B0086BD2A-LeaderElection14] INFO  server.RaftServer$Division (ServerState.java:setRaftConf(430)) - 06733870-8d62-448b-a196-7afd6df13a68@group-F18B0086BD2A: set configuration 0: peers:[06733870-8d62-448b-a196-7afd6df13a68|rpc:10.1.78.0:40835|dataStream:10.1.78.0:46227|priority:1|startupRole:FOLLOWER]|listeners:[], old=null
2023-02-22 04:45:58,868 [Listener at 127.0.0.1/44521] INFO  ozone.MiniOzoneClusterImpl (MiniOzoneClusterImpl.java:lambda$waitForClusterToBeReady$0(218)) - Nodes are ready. Got 3 of 3 DN Heartbeats.
2023-02-22 04:45:58,868 [Listener at 127.0.0.1/44521] INFO  ozone.MiniOzoneClusterImpl (MiniOzoneClusterImpl.java:lambda$waitForClusterToBeReady$0(221)) - Cluster exits safe mode
2023-02-22 04:45:58,868 [Listener at 127.0.0.1/44521] INFO  ozone.MiniOzoneClusterImpl (MiniOzoneClusterImpl.java:lambda$waitForClusterToBeReady$0(223)) - SCM became leader
2023-02-22 04:45:58,901 [Listener at 127.0.0.1/44521] INFO  rpc.RpcClient (RpcClient.java:createVolume(476)) - Creating Volume: volume77710, with user29379 as owner and space quota set to -1 bytes, counts quota set to -1
2023-02-22 04:45:58,929 [OM StateMachine ApplyTransaction Thread - 0] INFO  volume.OMVolumeCreateRequest (OMVolumeCreateRequest.java:validateAndUpdateCache(195)) - created volume:volume77710 for user:user29379
2023-02-22 04:45:58,934 [OM StateMachine ApplyTransaction Thread - 0] INFO  volume.OMVolumeCreateRequest (OMVolumeCreateRequest.java:validateAndUpdateCache(195)) - created volume:volume77710 for user:user29379
2023-02-22 04:45:58,934 [OM StateMachine ApplyTransaction Thread - 0] INFO  volume.OMVolumeCreateRequest (OMVolumeCreateRequest.java:validateAndUpdateCache(195)) - created volume:volume77710 for user:user29379
2023-02-22 04:45:58,939 [Listener at 127.0.0.1/44521] INFO  rpc.RpcClient (RpcClient.java:createBucket(698)) - Creating Bucket: volume77710/bucket66690, with bucket layout FILE_SYSTEM_OPTIMIZED, runner as owner, Versioning false, Storage Type set to DISK and Encryption set to false, Replication Type set to server-side default replication type, Namespace Quota set to -1, Space Quota set to -1 
2023-02-22 04:45:58,943 [OM StateMachine ApplyTransaction Thread - 0] INFO  bucket.OMBucketCreateRequest (OMBucketCreateRequest.java:validateAndUpdateCache(263)) - created bucket: bucket66690 of layout FILE_SYSTEM_OPTIMIZED in volume: volume77710
2023-02-22 04:45:58,950 [OM StateMachine ApplyTransaction Thread - 0] INFO  bucket.OMBucketCreateRequest (OMBucketCreateRequest.java:validateAndUpdateCache(263)) - created bucket: bucket66690 of layout FILE_SYSTEM_OPTIMIZED in volume: volume77710
2023-02-22 04:45:58,952 [OM StateMachine ApplyTransaction Thread - 0] INFO  bucket.OMBucketCreateRequest (OMBucketCreateRequest.java:validateAndUpdateCache(263)) - created bucket: bucket66690 of layout FILE_SYSTEM_OPTIMIZED in volume: volume77710
2023-02-22 04:45:58,961 [Listener at 127.0.0.1/44521] INFO  utils.BackgroundService (BackgroundService.java:shutdown(141)) - Shutting down service KeyDeletingService
2023-02-22 04:45:58,961 [Listener at 127.0.0.1/44521] INFO  utils.BackgroundService (BackgroundService.java:shutdown(141)) - Shutting down service DirectoryDeletingService
2023-02-22 04:45:58,962 [Listener at 127.0.0.1/44521] INFO  utils.BackgroundService (BackgroundService.java:shutdown(141)) - Shutting down service OpenKeyCleanupService
2023-02-22 04:45:58,962 [Listener at 127.0.0.1/44521] INFO  utils.BackgroundService (BackgroundService.java:shutdown(141)) - Shutting down service SstFilteringService
2023-02-22 04:45:58,962 [Listener at 127.0.0.1/44521] WARN  server.ServerUtils (ServerUtils.java:getDBPath(225)) - ozone.om.db.dirs is not configured. We recommend adding this setting. Falling back to ozone.metadata.dirs instead.
2023-02-22 04:45:58,962 [Time-limited test] INFO  rpc.RpcClient (RpcClient.java:createVolume(476)) - Creating Volume: vol-68044, with runner as owner and space quota set to -1 bytes, counts quota set to -1
2023-02-22 04:45:58,966 [OM StateMachine ApplyTransaction Thread - 0] INFO  volume.OMVolumeCreateRequest (OMVolumeCreateRequest.java:validateAndUpdateCache(195)) - created volume:vol-68044 for user:runner
2023-02-22 04:45:58,968 [OM StateMachine ApplyTransaction Thread - 0] INFO  volume.OMVolumeCreateRequest (OMVolumeCreateRequest.java:validateAndUpdateCache(195)) - created volume:vol-68044 for user:runner
2023-02-22 04:45:58,969 [OM StateMachine ApplyTransaction Thread - 0] INFO  volume.OMVolumeCreateRequest (OMVolumeCreateRequest.java:validateAndUpdateCache(195)) - created volume:vol-68044 for user:runner
]]></system-out>
  </testcase>
  <testcase name="testNonExistentBucket" classname="TestOmSnapshot" time="20.696">
    <system-out><![CDATA[2023-02-22 04:46:36,582 [Listener at 127.0.0.1/44521] INFO  ozone.MiniOzoneClusterImpl (MiniOzoneClusterImpl.java:shutdown(450)) - Shutting down the Mini Ozone Cluster
2023-02-22 04:46:36,582 [Listener at 127.0.0.1/44521] INFO  ozone.MiniOzoneHAClusterImpl (MiniOzoneHAClusterImpl.java:stop(312)) - Stopping the OzoneManager omNode-3
2023-02-22 04:46:36,582 [Listener at 127.0.0.1/44521] INFO  om.OzoneManager (OzoneManager.java:stop(2139)) - omNode-3[localhost:44521]: Stopping Ozone Manager
2023-02-22 04:46:36,582 [Listener at 127.0.0.1/44521] INFO  ipc.Server (Server.java:stop(3428)) - Stopping server on 44521
2023-02-22 04:46:36,588 [IPC Server Responder] INFO  ipc.Server (Server.java:run(1517)) - Stopping IPC Server Responder
2023-02-22 04:46:36,588 [IPC Server listener on 44521] INFO  ipc.Server (Server.java:run(1384)) - Stopping IPC Server listener on 44521
2023-02-22 04:46:36,589 [Listener at 127.0.0.1/44521] INFO  server.RaftServer (RaftServerProxy.java:lambda$close$6(409)) - omNode-3: close
2023-02-22 04:46:36,589 [Listener at 127.0.0.1/44521] INFO  server.GrpcService (GrpcService.java:closeImpl(271)) - omNode-3: shutdown server GrpcServerProtocolService now
2023-02-22 04:46:36,589 [omNode-3-impl-thread1] INFO  server.RaftServer$Division (RaftServerImpl.java:lambda$close$4(458)) - omNode-3@group-523986131536: shutdown
2023-02-22 04:46:36,589 [omNode-3-impl-thread1] INFO  util.JmxRegister (JmxRegister.java:unregister(73)) - Successfully un-registered JMX Bean with object name Ratis:service=RaftServer,group=group-523986131536,id=omNode-3
2023-02-22 04:46:36,589 [omNode-3-impl-thread1] INFO  impl.RoleInfo (RoleInfo.java:shutdownFollowerState(110)) - omNode-3: shutdown omNode-3@group-523986131536-FollowerState
2023-02-22 04:46:36,589 [omNode-3-impl-thread1] INFO  impl.StateMachineUpdater (StateMachineUpdater.java:stopAndJoin(153)) - omNode-3@group-523986131536-StateMachineUpdater: set stopIndex = 708
2023-02-22 04:46:36,589 [omNode-3@group-523986131536-FollowerState] INFO  impl.FollowerState (FollowerState.java:run(152)) - omNode-3@group-523986131536-FollowerState was interrupted
2023-02-22 04:46:36,591 [grpc-default-executor-22] WARN  server.GrpcServerProtocolService (LogUtils.java:warn(122)) - omNode-3: installSnapshot onError, lastRequest: omNode-1->omNode-3#600364-t1,previous=(t:1, i:707),leaderCommit=707,initializing? true,entries: size=1, first=(t:1, i:708), METADATAENTRY(c:707): org.apache.ratis.thirdparty.io.grpc.StatusRuntimeException: CANCELLED: client cancelled
2023-02-22 04:46:36,592 [grpc-default-executor-20] WARN  server.GrpcLogAppender (LogUtils.java:warn(122)) - omNode-1@group-523986131536->omNode-3-AppendLogResponseHandler: Failed appendEntries: org.apache.ratis.thirdparty.io.grpc.StatusRuntimeException: CANCELLED: RST_STREAM closed stream. HTTP/2 error code: CANCEL
2023-02-22 04:46:36,592 [grpc-default-executor-20] INFO  leader.FollowerInfo (FollowerInfoImpl.java:lambda$new$0(48)) - omNode-1@group-523986131536->omNode-3: nextIndex: updateUnconditionally 709 -> 708
2023-02-22 04:46:36,592 [omNode-3@group-523986131536-StateMachineUpdater] INFO  ratis.OzoneManagerStateMachine (OzoneManagerStateMachine.java:takeSnapshot(445)) - Current Snapshot Index (t:1, i:708)
2023-02-22 04:46:36,593 [Listener at 127.0.0.1/44521] INFO  server.GrpcService (GrpcService.java:closeImpl(280)) - omNode-3: shutdown server GrpcServerProtocolService successfully
2023-02-22 04:46:36,594 [grpc-default-executor-22] WARN  server.GrpcLogAppender (LogUtils.java:warn(122)) - omNode-1@group-523986131536->omNode-3-AppendLogResponseHandler: Failed appendEntries: org.apache.ratis.thirdparty.io.grpc.StatusRuntimeException: CANCELLED: RST_STREAM closed stream. HTTP/2 error code: CANCEL
2023-02-22 04:46:36,594 [grpc-default-executor-22] INFO  leader.FollowerInfo (FollowerInfoImpl.java:lambda$new$0(48)) - omNode-1@group-523986131536->omNode-3: nextIndex: updateUnconditionally 708 -> 707
2023-02-22 04:46:36,594 [grpc-default-executor-20] WARN  server.GrpcServerProtocolService (LogUtils.java:warn(122)) - omNode-3: installSnapshot onError, lastRequest: null: org.apache.ratis.thirdparty.io.grpc.StatusRuntimeException: CANCELLED: client cancelled
2023-02-22 04:46:36,600 [omNode-3@group-523986131536-StateMachineUpdater] INFO  impl.StateMachineUpdater (StateMachineUpdater.java:takeSnapshot(287)) - omNode-3@group-523986131536-StateMachineUpdater: Took a snapshot at index 708
2023-02-22 04:46:36,600 [omNode-3@group-523986131536-StateMachineUpdater] INFO  impl.StateMachineUpdater (StateMachineUpdater.java:lambda$new$0(92)) - omNode-3@group-523986131536-StateMachineUpdater: snapshotIndex: updateIncreasingly -1 -> 708
2023-02-22 04:46:36,600 [omNode-3@group-523986131536-StateMachineUpdater] INFO  ratis.OzoneManagerStateMachine (OzoneManagerStateMachine.java:close(499)) - StateMachine has shutdown. Shutdown OzoneManager if not already shutdown.
2023-02-22 04:46:36,600 [omNode-3@group-523986131536-StateMachineUpdater] INFO  ratis.OzoneManagerDoubleBuffer (OzoneManagerDoubleBuffer.java:stopDaemon(540)) - Stopping OMDoubleBuffer flush thread
2023-02-22 04:46:36,600 [OMDoubleBufferFlushThread] INFO  ratis.OzoneManagerDoubleBuffer (OzoneManagerDoubleBuffer.java:canFlush(625)) - OMDoubleBuffer flush thread OMDoubleBufferFlushThread is interrupted and will exit.
2023-02-22 04:46:36,601 [omNode-3-impl-thread1] INFO  server.RaftServer$Division (ServerState.java:close(466)) - omNode-3@group-523986131536: closes. applyIndex: 708
2023-02-22 04:46:36,601 [omNode-3@group-523986131536-SegmentedRaftLogWorker] INFO  segmented.SegmentedRaftLogWorker (SegmentedRaftLogWorker.java:run(347)) - omNode-3@group-523986131536-SegmentedRaftLogWorker was interrupted, exiting. There are 0 tasks remaining in the queue.
2023-02-22 04:46:36,602 [grpc-default-executor-22] WARN  server.GrpcLogAppender (LogUtils.java:warn(122)) - omNode-1@group-523986131536->omNode-3-AppendLogResponseHandler: Failed appendEntries: org.apache.ratis.thirdparty.io.grpc.StatusRuntimeException: UNAVAILABLE: io exception
2023-02-22 04:46:36,603 [grpc-default-executor-22] INFO  leader.FollowerInfo (FollowerInfoImpl.java:lambda$new$0(48)) - omNode-1@group-523986131536->omNode-3: nextIndex: updateUnconditionally 709 -> 708
2023-02-22 04:46:36,604 [omNode-3-impl-thread1] INFO  segmented.SegmentedRaftLogWorker (SegmentedRaftLogWorker.java:close(257)) - omNode-3@group-523986131536-SegmentedRaftLogWorker close()
2023-02-22 04:46:36,605 [JvmPauseMonitor8] INFO  util.JvmPauseMonitor (JvmPauseMonitor.java:run(111)) - JvmPauseMonitor-omNode-3: Stopped
2023-02-22 04:46:36,610 [grpc-default-executor-20] WARN  server.GrpcLogAppender (LogUtils.java:warn(122)) - omNode-1@group-523986131536->omNode-3-AppendLogResponseHandler: Failed appendEntries: org.apache.ratis.thirdparty.io.grpc.StatusRuntimeException: UNAVAILABLE: io exception
2023-02-22 04:46:36,610 [Listener at 127.0.0.1/44521] INFO  ratis.OzoneManagerStateMachine (OzoneManagerStateMachine.java:close(499)) - StateMachine has shutdown. Shutdown OzoneManager if not already shutdown.
2023-02-22 04:46:36,610 [Listener at 127.0.0.1/44521] INFO  ratis.OzoneManagerDoubleBuffer (OzoneManagerDoubleBuffer.java:stopDaemon(549)) - OMDoubleBuffer flush thread is not running.
2023-02-22 04:46:36,610 [Listener at 127.0.0.1/44521] INFO  utils.BackgroundService (BackgroundService.java:shutdown(141)) - Shutting down service KeyDeletingService
2023-02-22 04:46:36,610 [Listener at 127.0.0.1/44521] INFO  utils.BackgroundService (BackgroundService.java:shutdown(141)) - Shutting down service DirectoryDeletingService
2023-02-22 04:46:36,610 [Listener at 127.0.0.1/44521] INFO  utils.BackgroundService (BackgroundService.java:shutdown(141)) - Shutting down service OpenKeyCleanupService
2023-02-22 04:46:36,611 [grpc-default-executor-20] INFO  leader.FollowerInfo (FollowerInfoImpl.java:lambda$new$0(48)) - omNode-1@group-523986131536->omNode-3: nextIndex: updateUnconditionally 708 -> 707
2023-02-22 04:46:36,612 [Listener at 127.0.0.1/44521] INFO  utils.BackgroundService (BackgroundService.java:shutdown(141)) - Shutting down service SstFilteringService
2023-02-22 04:46:36,612 [Listener at 127.0.0.1/44521] INFO  handler.ContextHandler (ContextHandler.java:doStop(1159)) - Stopped o.e.j.w.WebAppContext@66f2f19e{ozoneManager,/,null,STOPPED}{file:/home/runner/work/ozone/ozone/hadoop-ozone/integration-test/target/test-classes/webapps/ozoneManager}
2023-02-22 04:46:36,614 [Listener at 127.0.0.1/44521] INFO  server.AbstractConnector (AbstractConnector.java:doStop(383)) - Stopped ServerConnector@5231c36c{HTTP/1.1, (http/1.1)}{0.0.0.0:33017}
2023-02-22 04:46:36,614 [Listener at 127.0.0.1/44521] INFO  server.session (HouseKeeper.java:stopScavenging(149)) - node0 Stopped scavenging
2023-02-22 04:46:36,614 [Listener at 127.0.0.1/44521] INFO  handler.ContextHandler (ContextHandler.java:doStop(1159)) - Stopped o.e.j.s.ServletContextHandler@15904558{static,/static,file:///home/runner/work/ozone/ozone/hadoop-ozone/integration-test/target/test-classes/webapps/static,STOPPED}
2023-02-22 04:46:36,614 [Listener at 127.0.0.1/44521] INFO  handler.ContextHandler (ContextHandler.java:doStop(1159)) - Stopped o.e.j.s.ServletContextHandler@267e52da{logs,/logs,file:///home/runner/work/ozone/ozone/hadoop-ozone/integration-test/target/log,STOPPED}
2023-02-22 04:46:36,619 [Listener at 127.0.0.1/44521] INFO  ozone.MiniOzoneHAClusterImpl (MiniOzoneHAClusterImpl.java:stop(312)) - Stopping the OzoneManager omNode-1
2023-02-22 04:46:36,619 [Listener at 127.0.0.1/44521] INFO  om.OzoneManager (OzoneManager.java:stop(2139)) - omNode-1[localhost:40949]: Stopping Ozone Manager
2023-02-22 04:46:36,619 [Listener at 127.0.0.1/44521] INFO  ipc.Server (Server.java:stop(3428)) - Stopping server on 40949
2023-02-22 04:46:36,623 [IPC Server listener on 40949] INFO  ipc.Server (Server.java:run(1384)) - Stopping IPC Server listener on 40949
2023-02-22 04:46:36,624 [IPC Server Responder] INFO  ipc.Server (Server.java:run(1517)) - Stopping IPC Server Responder
2023-02-22 04:46:36,625 [Listener at 127.0.0.1/44521] INFO  server.RaftServer (RaftServerProxy.java:lambda$close$6(409)) - omNode-1: close
2023-02-22 04:46:36,625 [Listener at 127.0.0.1/44521] INFO  server.GrpcService (GrpcService.java:closeImpl(271)) - omNode-1: shutdown server GrpcServerProtocolService now
2023-02-22 04:46:36,625 [omNode-1-impl-thread1] INFO  server.RaftServer$Division (RaftServerImpl.java:lambda$close$4(458)) - omNode-1@group-523986131536: shutdown
2023-02-22 04:46:36,625 [omNode-1-impl-thread1] INFO  util.JmxRegister (JmxRegister.java:unregister(73)) - Successfully un-registered JMX Bean with object name Ratis:service=RaftServer,group=group-523986131536,id=omNode-1
2023-02-22 04:46:36,625 [omNode-1-impl-thread1] INFO  impl.RoleInfo (RoleInfo.java:shutdownLeaderState(93)) - omNode-1: shutdown omNode-1@group-523986131536-LeaderStateImpl
2023-02-22 04:46:36,625 [omNode-1-impl-thread1] INFO  impl.PendingRequests (PendingRequests.java:sendNotLeaderResponses(282)) - omNode-1@group-523986131536-PendingRequests: sendNotLeaderResponses
2023-02-22 04:46:36,625 [omNode-1@group-523986131536->omNode-3-GrpcLogAppender-LogAppenderDaemon] WARN  server.GrpcLogAppender (GrpcLogAppender.java:mayWait(200)) - omNode-1@group-523986131536->omNode-3-GrpcLogAppender: Wait interrupted by java.lang.InterruptedException
2023-02-22 04:46:36,626 [omNode-1@group-523986131536->omNode-2-GrpcLogAppender-LogAppenderDaemon] WARN  server.GrpcLogAppender (GrpcLogAppender.java:mayWait(200)) - omNode-1@group-523986131536->omNode-2-GrpcLogAppender: Wait interrupted by java.lang.InterruptedException
2023-02-22 04:46:36,627 [omNode-1-impl-thread1] INFO  impl.StateMachineUpdater (StateMachineUpdater.java:stopAndJoin(153)) - omNode-1@group-523986131536-StateMachineUpdater: set stopIndex = 708
2023-02-22 04:46:36,627 [omNode-1@group-523986131536-StateMachineUpdater] INFO  ratis.OzoneManagerStateMachine (OzoneManagerStateMachine.java:takeSnapshot(445)) - Current Snapshot Index (t:1, i:708)
2023-02-22 04:46:36,628 [grpc-default-executor-20] INFO  server.GrpcServerProtocolService (GrpcServerProtocolService.java:onCompleted(143)) - omNode-2: Completed APPEND_ENTRIES, lastRequest: omNode-1->omNode-2#3140-t1,previous=(t:1, i:707),leaderCommit=707,initializing? true,entries: size=1, first=(t:1, i:708), METADATAENTRY(c:707)
2023-02-22 04:46:36,629 [grpc-default-executor-20] INFO  server.GrpcServerProtocolService (GrpcServerProtocolService.java:onCompleted(143)) - omNode-2: Completed APPEND_ENTRIES, lastRequest: null
2023-02-22 04:46:36,629 [grpc-default-executor-22] INFO  server.GrpcLogAppender (GrpcLogAppender.java:onCompleted(415)) - omNode-1@group-523986131536->omNode-2-AppendLogResponseHandler: follower responses appendEntries COMPLETED
2023-02-22 04:46:36,629 [grpc-default-executor-22] INFO  leader.FollowerInfo (FollowerInfoImpl.java:lambda$new$0(48)) - omNode-1@group-523986131536->omNode-2: nextIndex: updateUnconditionally 709 -> 708
2023-02-22 04:46:36,629 [grpc-default-executor-20] INFO  server.GrpcLogAppender (GrpcLogAppender.java:onCompleted(415)) - omNode-1@group-523986131536->omNode-2-AppendLogResponseHandler: follower responses appendEntries COMPLETED
2023-02-22 04:46:36,629 [Listener at 127.0.0.1/44521] INFO  server.GrpcServerProtocolClient (GrpcServerProtocolClient.java:close(101)) - omNode-3 Close channels
2023-02-22 04:46:36,629 [grpc-default-executor-20] INFO  leader.FollowerInfo (FollowerInfoImpl.java:lambda$new$0(48)) - omNode-1@group-523986131536->omNode-2: nextIndex: updateUnconditionally 708 -> 707
2023-02-22 04:46:36,633 [Listener at 127.0.0.1/44521] INFO  server.GrpcServerProtocolClient (GrpcServerProtocolClient.java:close(101)) - omNode-2 Close channels
2023-02-22 04:46:36,634 [Listener at 127.0.0.1/44521] INFO  server.GrpcService (GrpcService.java:closeImpl(280)) - omNode-1: shutdown server GrpcServerProtocolService successfully
2023-02-22 04:46:36,635 [omNode-1@group-523986131536-StateMachineUpdater] INFO  impl.StateMachineUpdater (StateMachineUpdater.java:takeSnapshot(287)) - omNode-1@group-523986131536-StateMachineUpdater: Took a snapshot at index 708
2023-02-22 04:46:36,635 [omNode-1@group-523986131536-StateMachineUpdater] INFO  impl.StateMachineUpdater (StateMachineUpdater.java:lambda$new$0(92)) - omNode-1@group-523986131536-StateMachineUpdater: snapshotIndex: updateIncreasingly -1 -> 708
2023-02-22 04:46:36,635 [omNode-1@group-523986131536-StateMachineUpdater] INFO  ratis.OzoneManagerStateMachine (OzoneManagerStateMachine.java:close(499)) - StateMachine has shutdown. Shutdown OzoneManager if not already shutdown.
2023-02-22 04:46:36,635 [omNode-1@group-523986131536-StateMachineUpdater] INFO  ratis.OzoneManagerDoubleBuffer (OzoneManagerDoubleBuffer.java:stopDaemon(540)) - Stopping OMDoubleBuffer flush thread
2023-02-22 04:46:36,636 [OMDoubleBufferFlushThread] INFO  ratis.OzoneManagerDoubleBuffer (OzoneManagerDoubleBuffer.java:canFlush(625)) - OMDoubleBuffer flush thread OMDoubleBufferFlushThread is interrupted and will exit.
2023-02-22 04:46:36,637 [omNode-1-impl-thread1] INFO  server.RaftServer$Division (ServerState.java:close(466)) - omNode-1@group-523986131536: closes. applyIndex: 708
2023-02-22 04:46:36,637 [omNode-1@group-523986131536-SegmentedRaftLogWorker] INFO  segmented.SegmentedRaftLogWorker (SegmentedRaftLogWorker.java:run(347)) - omNode-1@group-523986131536-SegmentedRaftLogWorker was interrupted, exiting. There are 0 tasks remaining in the queue.
2023-02-22 04:46:36,637 [omNode-1-impl-thread1] INFO  segmented.SegmentedRaftLogWorker (SegmentedRaftLogWorker.java:close(257)) - omNode-1@group-523986131536-SegmentedRaftLogWorker close()
2023-02-22 04:46:36,638 [JvmPauseMonitor6] INFO  util.JvmPauseMonitor (JvmPauseMonitor.java:run(111)) - JvmPauseMonitor-omNode-1: Stopped
2023-02-22 04:46:36,638 [Listener at 127.0.0.1/44521] INFO  ratis.OzoneManagerStateMachine (OzoneManagerStateMachine.java:close(499)) - StateMachine has shutdown. Shutdown OzoneManager if not already shutdown.
2023-02-22 04:46:36,638 [Listener at 127.0.0.1/44521] INFO  ratis.OzoneManagerDoubleBuffer (OzoneManagerDoubleBuffer.java:stopDaemon(549)) - OMDoubleBuffer flush thread is not running.
2023-02-22 04:46:36,638 [Listener at 127.0.0.1/44521] INFO  handler.ContextHandler (ContextHandler.java:doStop(1159)) - Stopped o.e.j.w.WebAppContext@4a8bf89c{ozoneManager,/,null,STOPPED}{file:/home/runner/work/ozone/ozone/hadoop-ozone/integration-test/target/test-classes/webapps/ozoneManager}
2023-02-22 04:46:36,639 [Listener at 127.0.0.1/44521] INFO  server.AbstractConnector (AbstractConnector.java:doStop(383)) - Stopped ServerConnector@1fad3858{HTTP/1.1, (http/1.1)}{0.0.0.0:39407}
2023-02-22 04:46:36,639 [Listener at 127.0.0.1/44521] INFO  server.session (HouseKeeper.java:stopScavenging(149)) - node0 Stopped scavenging
2023-02-22 04:46:36,639 [Listener at 127.0.0.1/44521] INFO  handler.ContextHandler (ContextHandler.java:doStop(1159)) - Stopped o.e.j.s.ServletContextHandler@1e006d99{static,/static,file:///home/runner/work/ozone/ozone/hadoop-ozone/integration-test/target/test-classes/webapps/static,STOPPED}
2023-02-22 04:46:36,639 [Listener at 127.0.0.1/44521] INFO  handler.ContextHandler (ContextHandler.java:doStop(1159)) - Stopped o.e.j.s.ServletContextHandler@424b3233{logs,/logs,file:///home/runner/work/ozone/ozone/hadoop-ozone/integration-test/target/log,STOPPED}
2023-02-22 04:46:36,643 [Listener at 127.0.0.1/44521] INFO  ozone.MiniOzoneHAClusterImpl (MiniOzoneHAClusterImpl.java:stop(312)) - Stopping the OzoneManager omNode-2
2023-02-22 04:46:36,643 [Listener at 127.0.0.1/44521] INFO  om.OzoneManager (OzoneManager.java:stop(2139)) - omNode-2[localhost:42505]: Stopping Ozone Manager
2023-02-22 04:46:36,643 [Listener at 127.0.0.1/44521] INFO  ipc.Server (Server.java:stop(3428)) - Stopping server on 42505
2023-02-22 04:46:36,645 [IPC Server listener on 42505] INFO  ipc.Server (Server.java:run(1384)) - Stopping IPC Server listener on 42505
2023-02-22 04:46:36,646 [IPC Server Responder] INFO  ipc.Server (Server.java:run(1517)) - Stopping IPC Server Responder
2023-02-22 04:46:36,646 [Listener at 127.0.0.1/44521] INFO  server.RaftServer (RaftServerProxy.java:lambda$close$6(409)) - omNode-2: close
2023-02-22 04:46:36,647 [Listener at 127.0.0.1/44521] INFO  server.GrpcService (GrpcService.java:closeImpl(271)) - omNode-2: shutdown server GrpcServerProtocolService now
2023-02-22 04:46:36,647 [omNode-2-impl-thread1] INFO  server.RaftServer$Division (RaftServerImpl.java:lambda$close$4(458)) - omNode-2@group-523986131536: shutdown
2023-02-22 04:46:36,647 [omNode-2-impl-thread1] INFO  util.JmxRegister (JmxRegister.java:unregister(73)) - Successfully un-registered JMX Bean with object name Ratis:service=RaftServer,group=group-523986131536,id=omNode-2
2023-02-22 04:46:36,647 [omNode-2-impl-thread1] INFO  impl.RoleInfo (RoleInfo.java:shutdownFollowerState(110)) - omNode-2: shutdown omNode-2@group-523986131536-FollowerState
2023-02-22 04:46:36,647 [omNode-2-impl-thread1] INFO  impl.StateMachineUpdater (StateMachineUpdater.java:stopAndJoin(153)) - omNode-2@group-523986131536-StateMachineUpdater: set stopIndex = 708
2023-02-22 04:46:36,647 [omNode-2@group-523986131536-FollowerState] INFO  impl.FollowerState (FollowerState.java:run(152)) - omNode-2@group-523986131536-FollowerState was interrupted
2023-02-22 04:46:36,648 [omNode-2@group-523986131536-StateMachineUpdater] INFO  ratis.OzoneManagerStateMachine (OzoneManagerStateMachine.java:takeSnapshot(445)) - Current Snapshot Index (t:1, i:708)
2023-02-22 04:46:36,649 [Listener at 127.0.0.1/44521] INFO  server.GrpcService (GrpcService.java:closeImpl(280)) - omNode-2: shutdown server GrpcServerProtocolService successfully
2023-02-22 04:46:36,654 [omNode-2@group-523986131536-StateMachineUpdater] INFO  impl.StateMachineUpdater (StateMachineUpdater.java:takeSnapshot(287)) - omNode-2@group-523986131536-StateMachineUpdater: Took a snapshot at index 708
2023-02-22 04:46:36,654 [omNode-2@group-523986131536-StateMachineUpdater] INFO  impl.StateMachineUpdater (StateMachineUpdater.java:lambda$new$0(92)) - omNode-2@group-523986131536-StateMachineUpdater: snapshotIndex: updateIncreasingly -1 -> 708
2023-02-22 04:46:36,654 [omNode-2@group-523986131536-StateMachineUpdater] INFO  ratis.OzoneManagerStateMachine (OzoneManagerStateMachine.java:close(499)) - StateMachine has shutdown. Shutdown OzoneManager if not already shutdown.
2023-02-22 04:46:36,654 [omNode-2@group-523986131536-StateMachineUpdater] INFO  ratis.OzoneManagerDoubleBuffer (OzoneManagerDoubleBuffer.java:stopDaemon(540)) - Stopping OMDoubleBuffer flush thread
2023-02-22 04:46:36,655 [OMDoubleBufferFlushThread] INFO  ratis.OzoneManagerDoubleBuffer (OzoneManagerDoubleBuffer.java:canFlush(625)) - OMDoubleBuffer flush thread OMDoubleBufferFlushThread is interrupted and will exit.
2023-02-22 04:46:36,655 [omNode-2-impl-thread1] INFO  server.RaftServer$Division (ServerState.java:close(466)) - omNode-2@group-523986131536: closes. applyIndex: 708
2023-02-22 04:46:36,655 [omNode-2@group-523986131536-SegmentedRaftLogWorker] INFO  segmented.SegmentedRaftLogWorker (SegmentedRaftLogWorker.java:run(347)) - omNode-2@group-523986131536-SegmentedRaftLogWorker was interrupted, exiting. There are 0 tasks remaining in the queue.
2023-02-22 04:46:36,656 [omNode-2-impl-thread1] INFO  segmented.SegmentedRaftLogWorker (SegmentedRaftLogWorker.java:close(257)) - omNode-2@group-523986131536-SegmentedRaftLogWorker close()
2023-02-22 04:46:36,656 [JvmPauseMonitor7] INFO  util.JvmPauseMonitor (JvmPauseMonitor.java:run(111)) - JvmPauseMonitor-omNode-2: Stopped
2023-02-22 04:46:36,656 [Listener at 127.0.0.1/44521] INFO  ratis.OzoneManagerStateMachine (OzoneManagerStateMachine.java:close(499)) - StateMachine has shutdown. Shutdown OzoneManager if not already shutdown.
2023-02-22 04:46:36,656 [Listener at 127.0.0.1/44521] INFO  ratis.OzoneManagerDoubleBuffer (OzoneManagerDoubleBuffer.java:stopDaemon(549)) - OMDoubleBuffer flush thread is not running.
2023-02-22 04:46:36,656 [Listener at 127.0.0.1/44521] INFO  utils.BackgroundService (BackgroundService.java:shutdown(141)) - Shutting down service KeyDeletingService
2023-02-22 04:46:36,657 [Listener at 127.0.0.1/44521] INFO  utils.BackgroundService (BackgroundService.java:shutdown(141)) - Shutting down service DirectoryDeletingService
2023-02-22 04:46:36,657 [Listener at 127.0.0.1/44521] INFO  utils.BackgroundService (BackgroundService.java:shutdown(141)) - Shutting down service OpenKeyCleanupService
2023-02-22 04:46:36,657 [Listener at 127.0.0.1/44521] INFO  utils.BackgroundService (BackgroundService.java:shutdown(141)) - Shutting down service SstFilteringService
2023-02-22 04:46:36,657 [Listener at 127.0.0.1/44521] INFO  handler.ContextHandler (ContextHandler.java:doStop(1159)) - Stopped o.e.j.w.WebAppContext@1320fd4d{ozoneManager,/,null,STOPPED}{file:/home/runner/work/ozone/ozone/hadoop-ozone/integration-test/target/test-classes/webapps/ozoneManager}
2023-02-22 04:46:36,659 [Listener at 127.0.0.1/44521] INFO  server.AbstractConnector (AbstractConnector.java:doStop(383)) - Stopped ServerConnector@1f57dbd0{HTTP/1.1, (http/1.1)}{0.0.0.0:35401}
2023-02-22 04:46:36,660 [Listener at 127.0.0.1/44521] INFO  server.session (HouseKeeper.java:stopScavenging(149)) - node0 Stopped scavenging
2023-02-22 04:46:36,660 [Listener at 127.0.0.1/44521] INFO  handler.ContextHandler (ContextHandler.java:doStop(1159)) - Stopped o.e.j.s.ServletContextHandler@819e073{static,/static,file:///home/runner/work/ozone/ozone/hadoop-ozone/integration-test/target/test-classes/webapps/static,STOPPED}
2023-02-22 04:46:36,661 [Listener at 127.0.0.1/44521] INFO  handler.ContextHandler (ContextHandler.java:doStop(1159)) - Stopped o.e.j.s.ServletContextHandler@7db6128{logs,/logs,file:///home/runner/work/ozone/ozone/hadoop-ozone/integration-test/target/log,STOPPED}
2023-02-22 04:46:36,674 [Listener at 127.0.0.1/44521] INFO  ozone.MiniOzoneHAClusterImpl (MiniOzoneHAClusterImpl.java:stop(320)) - Stopping the StorageContainerManager 2a79b32a-09ae-43b7-9f03-3197bb0dbfe8
2023-02-22 04:46:36,675 [Listener at 127.0.0.1/44521] INFO  server.StorageContainerManager (StorageContainerManager.java:stop(1531)) - Container Balancer is not running.
2023-02-22 04:46:36,675 [Listener at 127.0.0.1/44521] INFO  server.StorageContainerManager (StorageContainerManager.java:stop(1538)) - Stopping Replication Manager Service.
2023-02-22 04:46:36,675 [Listener at 127.0.0.1/44521] INFO  replication.ReplicationManager (ReplicationManager.java:stop(299)) - Stopping Replication Monitor Thread.
2023-02-22 04:46:36,675 [Under Replicated Processor] WARN  replication.UnhealthyReplicationProcessor (UnhealthyReplicationProcessor.java:run(149)) - Under Replicated Processor interrupted. Exiting...
2023-02-22 04:46:36,675 [Over Replicated Processor] WARN  replication.UnhealthyReplicationProcessor (UnhealthyReplicationProcessor.java:run(149)) - Over Replicated Processor interrupted. Exiting...
2023-02-22 04:46:36,677 [ReplicationMonitor] INFO  replication.ReplicationManager (ReplicationManager.java:run(745)) - Replication Monitor Thread is stopped
2023-02-22 04:46:36,678 [Listener at 127.0.0.1/44521] INFO  server.StorageContainerManager (StorageContainerManager.java:stop(1545)) - Stopping the Datanode Admin Monitor.
2023-02-22 04:46:36,678 [Listener at 127.0.0.1/44521] INFO  server.StorageContainerManager (StorageContainerManager.java:stop(1552)) - Stopping datanode service RPC server
2023-02-22 04:46:36,678 [Listener at 127.0.0.1/44521] INFO  server.SCMDatanodeProtocolServer (SCMDatanodeProtocolServer.java:stop(424)) - Stopping the RPC server for DataNodes
2023-02-22 04:46:36,678 [Listener at 127.0.0.1/44521] INFO  ipc.Server (Server.java:stop(3428)) - Stopping server on 38827
2023-02-22 04:46:36,680 [IPC Server listener on 0] INFO  ipc.Server (Server.java:run(1384)) - Stopping IPC Server listener on 0
2023-02-22 04:46:36,687 [IPC Server Responder] INFO  ipc.Server (Server.java:run(1517)) - Stopping IPC Server Responder
2023-02-22 04:46:36,786 [SCM Heartbeat Processing Thread - 0] WARN  node.NodeStateManager (NodeStateManager.java:scheduleNextHealthCheck(870)) - Current Thread is interrupted, shutting down HB processing thread for Node Manager.
2023-02-22 04:46:36,786 [Listener at 127.0.0.1/44521] INFO  server.StorageContainerManager (StorageContainerManager.java:stop(1560)) - Stopping block service RPC server
2023-02-22 04:46:36,787 [Listener at 127.0.0.1/44521] INFO  server.SCMBlockProtocolServer (SCMBlockProtocolServer.java:stop(161)) - Stopping the RPC server for Block Protocol
2023-02-22 04:46:36,787 [Listener at 127.0.0.1/44521] INFO  ipc.Server (Server.java:stop(3428)) - Stopping server on 44759
2023-02-22 04:46:36,789 [Listener at 127.0.0.1/44521] INFO  server.StorageContainerManager (StorageContainerManager.java:stop(1567)) - Stopping the StorageContainerLocationProtocol RPC server
2023-02-22 04:46:36,789 [Listener at 127.0.0.1/44521] INFO  server.SCMClientProtocolServer (SCMClientProtocolServer.java:stop(185)) - Stopping the RPC server for Client Protocol
2023-02-22 04:46:36,789 [Listener at 127.0.0.1/44521] INFO  ipc.Server (Server.java:stop(3428)) - Stopping server on 39221
2023-02-22 04:46:36,789 [IPC Server listener on 0] INFO  ipc.Server (Server.java:run(1384)) - Stopping IPC Server listener on 0
2023-02-22 04:46:36,789 [IPC Server Responder] INFO  ipc.Server (Server.java:run(1517)) - Stopping IPC Server Responder
2023-02-22 04:46:36,792 [Listener at 127.0.0.1/44521] INFO  server.StorageContainerManager (StorageContainerManager.java:stop(1574)) - Stopping Storage Container Manager HTTP server.
2023-02-22 04:46:36,792 [Listener at 127.0.0.1/44521] INFO  handler.ContextHandler (ContextHandler.java:doStop(1159)) - Stopped o.e.j.w.WebAppContext@67520476{scm,/,null,STOPPED}{file:/home/runner/work/ozone/ozone/hadoop-ozone/integration-test/target/test-classes/webapps/scm}
2023-02-22 04:46:36,793 [IPC Server Responder] INFO  ipc.Server (Server.java:run(1517)) - Stopping IPC Server Responder
2023-02-22 04:46:36,793 [IPC Server listener on 0] INFO  ipc.Server (Server.java:run(1384)) - Stopping IPC Server listener on 0
2023-02-22 04:46:36,793 [Listener at 127.0.0.1/44521] INFO  server.AbstractConnector (AbstractConnector.java:doStop(383)) - Stopped ServerConnector@2f616e3c{HTTP/1.1, (http/1.1)}{0.0.0.0:0}
2023-02-22 04:46:36,794 [Listener at 127.0.0.1/44521] INFO  server.session (HouseKeeper.java:stopScavenging(149)) - node0 Stopped scavenging
2023-02-22 04:46:36,794 [Listener at 127.0.0.1/44521] INFO  handler.ContextHandler (ContextHandler.java:doStop(1159)) - Stopped o.e.j.s.ServletContextHandler@2fc37aad{static,/static,file:///home/runner/work/ozone/ozone/hadoop-ozone/integration-test/target/test-classes/webapps/static,STOPPED}
2023-02-22 04:46:36,794 [Listener at 127.0.0.1/44521] INFO  handler.ContextHandler (ContextHandler.java:doStop(1159)) - Stopped o.e.j.s.ServletContextHandler@5f9ae1a9{logs,/logs,file:///home/runner/work/ozone/ozone/hadoop-ozone/integration-test/target/log,STOPPED}
2023-02-22 04:46:36,796 [Listener at 127.0.0.1/44521] INFO  server.StorageContainerManager (StorageContainerManager.java:stop(1580)) - Stopping SCM LayoutVersionManager Service.
2023-02-22 04:46:36,796 [Listener at 127.0.0.1/44521] INFO  server.StorageContainerManager (StorageContainerManager.java:stop(1588)) - Stopping Block Manager Service.
2023-02-22 04:46:36,796 [Listener at 127.0.0.1/44521] INFO  utils.BackgroundService (BackgroundService.java:shutdown(141)) - Shutting down service SCMBlockDeletingService
2023-02-22 04:46:36,796 [Listener at 127.0.0.1/44521] INFO  utils.BackgroundService (BackgroundService.java:shutdown(141)) - Shutting down service SCMBlockDeletingService
2023-02-22 04:46:36,796 [Listener at 127.0.0.1/44521] INFO  server.StorageContainerManager (StorageContainerManager.java:stop(1610)) - Stopping SCM Event Queue.
2023-02-22 04:46:36,798 [Listener at 127.0.0.1/44521] INFO  server.StorageContainerManager (StorageContainerManager.java:stop(1621)) - Stopping SCM HA services.
2023-02-22 04:46:36,798 [Listener at 127.0.0.1/44521] INFO  pipeline.BackgroundPipelineCreator (BackgroundPipelineCreator.java:stop(149)) - Stopping RatisPipelineUtilsThread.
2023-02-22 04:46:36,798 [RatisPipelineUtilsThread - 0] WARN  pipeline.BackgroundPipelineCreator (BackgroundPipelineCreator.java:run(180)) - RatisPipelineUtilsThread is interrupted.
2023-02-22 04:46:36,798 [BackgroundPipelineScrubberThread] WARN  BackgroundPipelineScrubber (BackgroundSCMService.java:run(115)) - BackgroundPipelineScrubber is interrupted, exit
2023-02-22 04:46:36,798 [Listener at 127.0.0.1/44521] INFO  BackgroundPipelineScrubber (BackgroundSCMService.java:stop(131)) - Stopping BackgroundPipelineScrubber Service.
2023-02-22 04:46:36,798 [Listener at 127.0.0.1/44521] INFO  impl.MetricsSystemImpl (MetricsSystemImpl.java:stop(210)) - Stopping HddsDatanode metrics system...
2023-02-22 04:46:36,808 [prometheus] INFO  impl.MetricsSinkAdapter (MetricsSinkAdapter.java:publishMetricsFromQueue(141)) - prometheus thread interrupted.
2023-02-22 04:46:36,808 [Listener at 127.0.0.1/44521] INFO  impl.MetricsSystemImpl (MetricsSystemImpl.java:stop(216)) - HddsDatanode metrics system stopped.
2023-02-22 04:46:36,808 [Listener at 127.0.0.1/44521] WARN  pipeline.BackgroundPipelineCreator (BackgroundPipelineCreator.java:stop(145)) - RatisPipelineUtilsThread is not running, just ignore.
2023-02-22 04:46:36,808 [Listener at 127.0.0.1/44521] INFO  BackgroundPipelineScrubber (BackgroundSCMService.java:stop(126)) - BackgroundPipelineScrubber Service is not running, skip stop.
2023-02-22 04:46:36,808 [Listener at 127.0.0.1/44521] INFO  ExpiredContainerReplicaOpScrubber (BackgroundSCMService.java:stop(131)) - Stopping ExpiredContainerReplicaOpScrubber Service.
2023-02-22 04:46:36,808 [ExpiredContainerReplicaOpScrubberThread] WARN  ExpiredContainerReplicaOpScrubber (BackgroundSCMService.java:run(115)) - ExpiredContainerReplicaOpScrubber is interrupted, exit
2023-02-22 04:46:36,808 [Listener at 127.0.0.1/44521] INFO  utils.BackgroundService (BackgroundService.java:shutdown(141)) - Shutting down service SCMBlockDeletingService
2023-02-22 04:46:36,809 [Listener at 127.0.0.1/44521] INFO  replication.ReplicationManager (ReplicationManager.java:stop(309)) - Replication Monitor Thread is not running.
2023-02-22 04:46:36,809 [Listener at 127.0.0.1/44521] WARN  balancer.ContainerBalancer (ContainerBalancer.java:stop(322)) - Cannot stop Container Balancer because it's not running or stopping
2023-02-22 04:46:36,809 [Listener at 127.0.0.1/44521] INFO  server.StorageContainerManager (StorageContainerManager.java:stop(1639)) - Stopping SCM MetadataStore.
2023-02-22 04:46:36,810 [Listener at 127.0.0.1/44521] INFO  ozone.MiniOzoneClusterImpl (MiniOzoneClusterImpl.java:stop(465)) - Stopping the Mini Ozone Cluster
2023-02-22 04:46:36,810 [Listener at 127.0.0.1/44521] INFO  ozone.MiniOzoneClusterImpl (MiniOzoneClusterImpl.java:stopDatanodes(524)) - Stopping the HddsDatanodes
2023-02-22 04:46:36,811 [ForkJoinPool.commonPool-worker-1] INFO  ozoneimpl.OzoneContainer (OzoneContainer.java:stop(420)) - Attempting to stop container services.
2023-02-22 04:46:36,812 [ForkJoinPool.commonPool-worker-1] INFO  server.RaftServer (RaftServerProxy.java:lambda$close$6(409)) - 4c420ab8-2e43-407d-b88b-e5dbb58abbd6: close
2023-02-22 04:46:36,812 [4c420ab8-2e43-407d-b88b-e5dbb58abbd6-impl-thread1] INFO  server.RaftServer$Division (RaftServerImpl.java:lambda$close$4(458)) - 4c420ab8-2e43-407d-b88b-e5dbb58abbd6@group-0C485CD398F6: shutdown
2023-02-22 04:46:36,812 [4c420ab8-2e43-407d-b88b-e5dbb58abbd6-impl-thread1] INFO  util.JmxRegister (JmxRegister.java:unregister(73)) - Successfully un-registered JMX Bean with object name Ratis:service=RaftServer,group=group-0C485CD398F6,id=4c420ab8-2e43-407d-b88b-e5dbb58abbd6
2023-02-22 04:46:36,812 [4c420ab8-2e43-407d-b88b-e5dbb58abbd6-impl-thread1] INFO  impl.RoleInfo (RoleInfo.java:shutdownLeaderState(93)) - 4c420ab8-2e43-407d-b88b-e5dbb58abbd6: shutdown 4c420ab8-2e43-407d-b88b-e5dbb58abbd6@group-0C485CD398F6-LeaderStateImpl
2023-02-22 04:46:36,812 [4c420ab8-2e43-407d-b88b-e5dbb58abbd6-impl-thread1] INFO  impl.PendingRequests (PendingRequests.java:sendNotLeaderResponses(282)) - 4c420ab8-2e43-407d-b88b-e5dbb58abbd6@group-0C485CD398F6-PendingRequests: sendNotLeaderResponses
2023-02-22 04:46:36,812 [4c420ab8-2e43-407d-b88b-e5dbb58abbd6-impl-thread1] INFO  impl.StateMachineUpdater (StateMachineUpdater.java:stopAndJoin(153)) - 4c420ab8-2e43-407d-b88b-e5dbb58abbd6@group-0C485CD398F6-StateMachineUpdater: set stopIndex = 0
2023-02-22 04:46:36,813 [4c420ab8-2e43-407d-b88b-e5dbb58abbd6@group-0C485CD398F6-StateMachineUpdater] INFO  ratis.ContainerStateMachine (ContainerStateMachine.java:takeSnapshot(308)) - group-0C485CD398F6: Taking a snapshot at:(t:1, i:0) file /home/runner/work/ozone/ozone/hadoop-ozone/integration-test/target/test-dir/MiniOzoneClusterImpl-d1b59b44-2044-4343-9d69-28cc870eb01e/datanode-0/data/ratis/0bc60925-52a7-4266-a28c-0c485cd398f6/sm/snapshot.1_0
2023-02-22 04:46:36,814 [4c420ab8-2e43-407d-b88b-e5dbb58abbd6@group-0C485CD398F6-StateMachineUpdater] INFO  ratis.ContainerStateMachine (ContainerStateMachine.java:takeSnapshot(319)) - group-0C485CD398F6: Finished taking a snapshot at:(t:1, i:0) file:/home/runner/work/ozone/ozone/hadoop-ozone/integration-test/target/test-dir/MiniOzoneClusterImpl-d1b59b44-2044-4343-9d69-28cc870eb01e/datanode-0/data/ratis/0bc60925-52a7-4266-a28c-0c485cd398f6/sm/snapshot.1_0 took: 1 ms
2023-02-22 04:46:36,814 [4c420ab8-2e43-407d-b88b-e5dbb58abbd6@group-0C485CD398F6-StateMachineUpdater] INFO  impl.StateMachineUpdater (StateMachineUpdater.java:takeSnapshot(287)) - 4c420ab8-2e43-407d-b88b-e5dbb58abbd6@group-0C485CD398F6-StateMachineUpdater: Took a snapshot at index 0
2023-02-22 04:46:36,814 [4c420ab8-2e43-407d-b88b-e5dbb58abbd6@group-0C485CD398F6-StateMachineUpdater] INFO  impl.StateMachineUpdater (StateMachineUpdater.java:lambda$new$0(92)) - 4c420ab8-2e43-407d-b88b-e5dbb58abbd6@group-0C485CD398F6-StateMachineUpdater: snapshotIndex: updateIncreasingly -1 -> 0
2023-02-22 04:46:36,816 [4c420ab8-2e43-407d-b88b-e5dbb58abbd6-impl-thread2] INFO  server.RaftServer$Division (RaftServerImpl.java:lambda$close$4(458)) - 4c420ab8-2e43-407d-b88b-e5dbb58abbd6@group-A783D8486497: shutdown
2023-02-22 04:46:36,816 [4c420ab8-2e43-407d-b88b-e5dbb58abbd6-impl-thread2] INFO  util.JmxRegister (JmxRegister.java:unregister(73)) - Successfully un-registered JMX Bean with object name Ratis:service=RaftServer,group=group-A783D8486497,id=4c420ab8-2e43-407d-b88b-e5dbb58abbd6
2023-02-22 04:46:36,816 [4c420ab8-2e43-407d-b88b-e5dbb58abbd6-impl-thread2] INFO  impl.RoleInfo (RoleInfo.java:shutdownLeaderState(93)) - 4c420ab8-2e43-407d-b88b-e5dbb58abbd6: shutdown 4c420ab8-2e43-407d-b88b-e5dbb58abbd6@group-A783D8486497-LeaderStateImpl
2023-02-22 04:46:36,816 [ForkJoinPool.commonPool-worker-1] INFO  server.GrpcService (GrpcService.java:closeImpl(271)) - 4c420ab8-2e43-407d-b88b-e5dbb58abbd6: shutdown server GrpcServerProtocolService now
2023-02-22 04:46:36,817 [Listener at 127.0.0.1/44521] INFO  ozoneimpl.OzoneContainer (OzoneContainer.java:stop(420)) - Attempting to stop container services.
2023-02-22 04:46:36,818 [Listener at 127.0.0.1/44521] INFO  server.RaftServer (RaftServerProxy.java:lambda$close$6(409)) - 06733870-8d62-448b-a196-7afd6df13a68: close
2023-02-22 04:46:36,818 [06733870-8d62-448b-a196-7afd6df13a68-impl-thread1] INFO  server.RaftServer$Division (RaftServerImpl.java:lambda$close$4(458)) - 06733870-8d62-448b-a196-7afd6df13a68@group-A783D8486497: shutdown
2023-02-22 04:46:36,818 [06733870-8d62-448b-a196-7afd6df13a68-impl-thread1] INFO  util.JmxRegister (JmxRegister.java:unregister(73)) - Successfully un-registered JMX Bean with object name Ratis:service=RaftServer,group=group-A783D8486497,id=06733870-8d62-448b-a196-7afd6df13a68
2023-02-22 04:46:36,818 [06733870-8d62-448b-a196-7afd6df13a68-impl-thread1] INFO  impl.RoleInfo (RoleInfo.java:shutdownFollowerState(110)) - 06733870-8d62-448b-a196-7afd6df13a68: shutdown 06733870-8d62-448b-a196-7afd6df13a68@group-A783D8486497-FollowerState
2023-02-22 04:46:36,821 [4c420ab8-2e43-407d-b88b-e5dbb58abbd6-impl-thread3] INFO  server.RaftServer$Division (RaftServerImpl.java:lambda$close$4(458)) - 4c420ab8-2e43-407d-b88b-e5dbb58abbd6@group-4A5E83864A26: shutdown
2023-02-22 04:46:36,821 [4c420ab8-2e43-407d-b88b-e5dbb58abbd6-impl-thread3] INFO  util.JmxRegister (JmxRegister.java:unregister(73)) - Successfully un-registered JMX Bean with object name Ratis:service=RaftServer,group=group-4A5E83864A26,id=4c420ab8-2e43-407d-b88b-e5dbb58abbd6
2023-02-22 04:46:36,821 [4c420ab8-2e43-407d-b88b-e5dbb58abbd6-impl-thread3] INFO  impl.RoleInfo (RoleInfo.java:shutdownFollowerState(110)) - 4c420ab8-2e43-407d-b88b-e5dbb58abbd6: shutdown 4c420ab8-2e43-407d-b88b-e5dbb58abbd6@group-4A5E83864A26-FollowerState
2023-02-22 04:46:36,823 [Listener at 127.0.0.1/44521] INFO  server.GrpcService (GrpcService.java:closeImpl(271)) - 06733870-8d62-448b-a196-7afd6df13a68: shutdown server GrpcServerProtocolService now
2023-02-22 04:46:36,823 [4c420ab8-2e43-407d-b88b-e5dbb58abbd6-impl-thread1] INFO  server.RaftServer$Division (ServerState.java:close(466)) - 4c420ab8-2e43-407d-b88b-e5dbb58abbd6@group-0C485CD398F6: closes. applyIndex: 0
2023-02-22 04:46:36,823 [4c420ab8-2e43-407d-b88b-e5dbb58abbd6-impl-thread2] INFO  impl.PendingRequests (PendingRequests.java:sendNotLeaderResponses(282)) - 4c420ab8-2e43-407d-b88b-e5dbb58abbd6@group-A783D8486497-PendingRequests: sendNotLeaderResponses
2023-02-22 04:46:36,823 [4c420ab8-2e43-407d-b88b-e5dbb58abbd6@group-A783D8486497->ffdcdc5d-4960-49c6-84a1-25480d1d38bf-GrpcLogAppender-LogAppenderDaemon] WARN  server.GrpcLogAppender (GrpcLogAppender.java:mayWait(200)) - 4c420ab8-2e43-407d-b88b-e5dbb58abbd6@group-A783D8486497->ffdcdc5d-4960-49c6-84a1-25480d1d38bf-GrpcLogAppender: Wait interrupted by java.lang.InterruptedException
2023-02-22 04:46:36,823 [4c420ab8-2e43-407d-b88b-e5dbb58abbd6@group-0C485CD398F6-SegmentedRaftLogWorker] INFO  segmented.SegmentedRaftLogWorker (SegmentedRaftLogWorker.java:run(347)) - 4c420ab8-2e43-407d-b88b-e5dbb58abbd6@group-0C485CD398F6-SegmentedRaftLogWorker was interrupted, exiting. There are 0 tasks remaining in the queue.
2023-02-22 04:46:36,824 [ForkJoinPool.commonPool-worker-1] INFO  server.GrpcServerProtocolClient (GrpcServerProtocolClient.java:close(101)) - 06733870-8d62-448b-a196-7afd6df13a68 Close channels
2023-02-22 04:46:36,824 [06733870-8d62-448b-a196-7afd6df13a68-impl-thread3] INFO  server.RaftServer$Division (RaftServerImpl.java:lambda$close$4(458)) - 06733870-8d62-448b-a196-7afd6df13a68@group-4A5E83864A26: shutdown
2023-02-22 04:46:36,828 [grpc-default-executor-15] WARN  server.GrpcLogAppender (LogUtils.java:warn(122)) - 06733870-8d62-448b-a196-7afd6df13a68@group-4A5E83864A26->4c420ab8-2e43-407d-b88b-e5dbb58abbd6-AppendLogResponseHandler: Failed appendEntries: org.apache.ratis.thirdparty.io.grpc.StatusRuntimeException: CANCELLED: RST_STREAM closed stream. HTTP/2 error code: CANCEL
2023-02-22 04:46:36,830 [grpc-default-executor-15] INFO  leader.FollowerInfo (FollowerInfoImpl.java:lambda$new$0(48)) - 06733870-8d62-448b-a196-7afd6df13a68@group-4A5E83864A26->4c420ab8-2e43-407d-b88b-e5dbb58abbd6: nextIndex: updateUnconditionally 207 -> 206
2023-02-22 04:46:36,830 [grpc-default-executor-3] INFO  server.GrpcServerProtocolService (GrpcServerProtocolService.java:onCompleted(143)) - 06733870-8d62-448b-a196-7afd6df13a68: Completed APPEND_ENTRIES, lastRequest: 4c420ab8-2e43-407d-b88b-e5dbb58abbd6->06733870-8d62-448b-a196-7afd6df13a68#3113-t1,previous=(t:1, i:205),leaderCommit=205,initializing? true,entries: size=1, first=(t:1, i:206), METADATAENTRY(c:205)
2023-02-22 04:46:36,831 [grpc-default-executor-0] INFO  server.GrpcServerProtocolService (GrpcServerProtocolService.java:onCompleted(143)) - ffdcdc5d-4960-49c6-84a1-25480d1d38bf: Completed APPEND_ENTRIES, lastRequest: 4c420ab8-2e43-407d-b88b-e5dbb58abbd6->ffdcdc5d-4960-49c6-84a1-25480d1d38bf#3095-t1,previous=(t:1, i:205),leaderCommit=205,initializing? true,entries: size=1, first=(t:1, i:206), METADATAENTRY(c:205)
2023-02-22 04:46:36,831 [grpc-default-executor-2] INFO  server.GrpcServerProtocolService (GrpcServerProtocolService.java:onCompleted(143)) - ffdcdc5d-4960-49c6-84a1-25480d1d38bf: Completed APPEND_ENTRIES, lastRequest: null
2023-02-22 04:46:36,828 [grpc-default-executor-14] WARN  server.GrpcServerProtocolService (LogUtils.java:warn(122)) - 4c420ab8-2e43-407d-b88b-e5dbb58abbd6: installSnapshot onError, lastRequest: 06733870-8d62-448b-a196-7afd6df13a68->4c420ab8-2e43-407d-b88b-e5dbb58abbd6#2386-t1,previous=(t:1, i:205),leaderCommit=204,initializing? true,entries: size=1, first=(t:1, i:206), METADATAENTRY(c:204): org.apache.ratis.thirdparty.io.grpc.StatusRuntimeException: CANCELLED: client cancelled
2023-02-22 04:46:36,828 [06733870-8d62-448b-a196-7afd6df13a68@group-A783D8486497-StateMachineUpdater] INFO  ratis.ContainerStateMachine (ContainerStateMachine.java:takeSnapshot(308)) - group-A783D8486497: Taking a snapshot at:(t:1, i:205) file /home/runner/work/ozone/ozone/hadoop-ozone/integration-test/target/test-dir/MiniOzoneClusterImpl-d1b59b44-2044-4343-9d69-28cc870eb01e/datanode-1/data/ratis/32b315fb-14a4-4336-ab22-a783d8486497/sm/snapshot.1_205
2023-02-22 04:46:36,828 [06733870-8d62-448b-a196-7afd6df13a68@group-A783D8486497-FollowerState] INFO  impl.FollowerState (FollowerState.java:run(152)) - 06733870-8d62-448b-a196-7afd6df13a68@group-A783D8486497-FollowerState was interrupted
2023-02-22 04:46:36,828 [grpc-default-executor-13] WARN  server.GrpcServerProtocolService (LogUtils.java:warn(122)) - 06733870-8d62-448b-a196-7afd6df13a68: installSnapshot onError, lastRequest: null: org.apache.ratis.thirdparty.io.grpc.StatusRuntimeException: CANCELLED: client cancelled
2023-02-22 04:46:36,827 [grpc-default-executor-19] WARN  server.GrpcServerProtocolService (LogUtils.java:warn(122)) - 4c420ab8-2e43-407d-b88b-e5dbb58abbd6: installSnapshot onError, lastRequest: null: org.apache.ratis.thirdparty.io.grpc.StatusRuntimeException: CANCELLED: client cancelled
2023-02-22 04:46:36,827 [grpc-default-executor-12] WARN  server.GrpcClientProtocolService (LogUtils.java:warn(122)) - 1-UnorderedRequestStreamObserver1: onError: org.apache.ratis.thirdparty.io.grpc.StatusRuntimeException: CANCELLED: client cancelled
2023-02-22 04:46:36,827 [4c420ab8-2e43-407d-b88b-e5dbb58abbd6@group-4A5E83864A26-StateMachineUpdater] INFO  ratis.ContainerStateMachine (ContainerStateMachine.java:takeSnapshot(308)) - group-4A5E83864A26: Taking a snapshot at:(t:1, i:206) file /home/runner/work/ozone/ozone/hadoop-ozone/integration-test/target/test-dir/MiniOzoneClusterImpl-d1b59b44-2044-4343-9d69-28cc870eb01e/datanode-0/data/ratis/95791022-8b4e-4ed7-ad2b-4a5e83864a26/sm/snapshot.1_206
2023-02-22 04:46:36,827 [06733870-8d62-448b-a196-7afd6df13a68-impl-thread1] INFO  impl.StateMachineUpdater (StateMachineUpdater.java:stopAndJoin(153)) - 06733870-8d62-448b-a196-7afd6df13a68@group-A783D8486497-StateMachineUpdater: set stopIndex = 205
2023-02-22 04:46:36,827 [grpc-default-executor-16] WARN  server.GrpcClientProtocolService (LogUtils.java:warn(122)) - 4-UnorderedRequestStreamObserver4: onError: org.apache.ratis.thirdparty.io.grpc.StatusRuntimeException: CANCELLED: client cancelled
2023-02-22 04:46:36,827 [grpc-default-executor-18] WARN  server.GrpcClientProtocolService (LogUtils.java:warn(122)) - 3-OrderedRequestStreamObserver3: onError: org.apache.ratis.thirdparty.io.grpc.StatusRuntimeException: CANCELLED: client cancelled
2023-02-22 04:46:36,827 [grpc-default-executor-20] WARN  server.GrpcLogAppender (LogUtils.java:warn(122)) - 06733870-8d62-448b-a196-7afd6df13a68@group-4A5E83864A26->4c420ab8-2e43-407d-b88b-e5dbb58abbd6-AppendLogResponseHandler: Failed appendEntries: org.apache.ratis.thirdparty.io.grpc.StatusRuntimeException: CANCELLED: RST_STREAM closed stream. HTTP/2 error code: CANCEL
2023-02-22 04:46:36,826 [grpc-default-executor-22] WARN  server.GrpcClientProtocolService (LogUtils.java:warn(122)) - 0-OrderedRequestStreamObserver0: onError: org.apache.ratis.thirdparty.io.grpc.StatusRuntimeException: CANCELLED: client cancelled
2023-02-22 04:46:36,832 [4c420ab8-2e43-407d-b88b-e5dbb58abbd6@group-4A5E83864A26-StateMachineUpdater] INFO  ratis.ContainerStateMachine (ContainerStateMachine.java:takeSnapshot(319)) - group-4A5E83864A26: Finished taking a snapshot at:(t:1, i:206) file:/home/runner/work/ozone/ozone/hadoop-ozone/integration-test/target/test-dir/MiniOzoneClusterImpl-d1b59b44-2044-4343-9d69-28cc870eb01e/datanode-0/data/ratis/95791022-8b4e-4ed7-ad2b-4a5e83864a26/sm/snapshot.1_206 took: 5 ms
2023-02-22 04:46:36,833 [4c420ab8-2e43-407d-b88b-e5dbb58abbd6-impl-thread2] INFO  impl.StateMachineUpdater (StateMachineUpdater.java:stopAndJoin(153)) - 4c420ab8-2e43-407d-b88b-e5dbb58abbd6@group-A783D8486497-StateMachineUpdater: set stopIndex = 206
2023-02-22 04:46:36,826 [4c420ab8-2e43-407d-b88b-e5dbb58abbd6@group-4A5E83864A26-FollowerState] INFO  impl.FollowerState (FollowerState.java:run(152)) - 4c420ab8-2e43-407d-b88b-e5dbb58abbd6@group-4A5E83864A26-FollowerState was interrupted
2023-02-22 04:46:36,826 [4c420ab8-2e43-407d-b88b-e5dbb58abbd6-impl-thread3] INFO  impl.StateMachineUpdater (StateMachineUpdater.java:stopAndJoin(153)) - 4c420ab8-2e43-407d-b88b-e5dbb58abbd6@group-4A5E83864A26-StateMachineUpdater: set stopIndex = 206
2023-02-22 04:46:36,833 [4c420ab8-2e43-407d-b88b-e5dbb58abbd6@group-4A5E83864A26-StateMachineUpdater] INFO  impl.StateMachineUpdater (StateMachineUpdater.java:takeSnapshot(287)) - 4c420ab8-2e43-407d-b88b-e5dbb58abbd6@group-4A5E83864A26-StateMachineUpdater: Took a snapshot at index 206
2023-02-22 04:46:36,833 [4c420ab8-2e43-407d-b88b-e5dbb58abbd6@group-4A5E83864A26-StateMachineUpdater] INFO  impl.StateMachineUpdater (StateMachineUpdater.java:lambda$new$0(92)) - 4c420ab8-2e43-407d-b88b-e5dbb58abbd6@group-4A5E83864A26-StateMachineUpdater: snapshotIndex: updateIncreasingly -1 -> 206
2023-02-22 04:46:36,833 [4c420ab8-2e43-407d-b88b-e5dbb58abbd6@group-A783D8486497-StateMachineUpdater] INFO  ratis.ContainerStateMachine (ContainerStateMachine.java:takeSnapshot(308)) - group-A783D8486497: Taking a snapshot at:(t:1, i:206) file /home/runner/work/ozone/ozone/hadoop-ozone/integration-test/target/test-dir/MiniOzoneClusterImpl-d1b59b44-2044-4343-9d69-28cc870eb01e/datanode-0/data/ratis/32b315fb-14a4-4336-ab22-a783d8486497/sm/snapshot.1_206
2023-02-22 04:46:36,824 [4c420ab8-2e43-407d-b88b-e5dbb58abbd6-impl-thread1] INFO  segmented.SegmentedRaftLogWorker (SegmentedRaftLogWorker.java:close(257)) - 4c420ab8-2e43-407d-b88b-e5dbb58abbd6@group-0C485CD398F6-SegmentedRaftLogWorker close()
2023-02-22 04:46:36,834 [grpc-default-executor-11] INFO  server.GrpcLogAppender (GrpcLogAppender.java:onError(404)) - 4c420ab8-2e43-407d-b88b-e5dbb58abbd6@group-A783D8486497->06733870-8d62-448b-a196-7afd6df13a68-GrpcLogAppender is already stopped
2023-02-22 04:46:36,834 [4c420ab8-2e43-407d-b88b-e5dbb58abbd6@group-A783D8486497-StateMachineUpdater] INFO  ratis.ContainerStateMachine (ContainerStateMachine.java:takeSnapshot(319)) - group-A783D8486497: Finished taking a snapshot at:(t:1, i:206) file:/home/runner/work/ozone/ozone/hadoop-ozone/integration-test/target/test-dir/MiniOzoneClusterImpl-d1b59b44-2044-4343-9d69-28cc870eb01e/datanode-0/data/ratis/32b315fb-14a4-4336-ab22-a783d8486497/sm/snapshot.1_206 took: 1 ms
2023-02-22 04:46:36,834 [4c420ab8-2e43-407d-b88b-e5dbb58abbd6@group-A783D8486497-StateMachineUpdater] INFO  impl.StateMachineUpdater (StateMachineUpdater.java:takeSnapshot(287)) - 4c420ab8-2e43-407d-b88b-e5dbb58abbd6@group-A783D8486497-StateMachineUpdater: Took a snapshot at index 206
2023-02-22 04:46:36,834 [4c420ab8-2e43-407d-b88b-e5dbb58abbd6@group-A783D8486497-StateMachineUpdater] INFO  impl.StateMachineUpdater (StateMachineUpdater.java:lambda$new$0(92)) - 4c420ab8-2e43-407d-b88b-e5dbb58abbd6@group-A783D8486497-StateMachineUpdater: snapshotIndex: updateIncreasingly -1 -> 206
2023-02-22 04:46:36,835 [grpc-default-executor-22] WARN  server.GrpcClientProtocolService (LogUtils.java:warn(122)) - 0-OrderedRequestStreamObserver0: onError: org.apache.ratis.thirdparty.io.grpc.StatusRuntimeException: CANCELLED: client cancelled
2023-02-22 04:46:36,835 [grpc-default-executor-16] WARN  server.GrpcClientProtocolService (LogUtils.java:warn(122)) - 1-UnorderedRequestStreamObserver1: onError: org.apache.ratis.thirdparty.io.grpc.StatusRuntimeException: CANCELLED: client cancelled
2023-02-22 04:46:36,825 [06733870-8d62-448b-a196-7afd6df13a68-impl-thread2] INFO  server.RaftServer$Division (RaftServerImpl.java:lambda$close$4(458)) - 06733870-8d62-448b-a196-7afd6df13a68@group-F18B0086BD2A: shutdown
2023-02-22 04:46:36,832 [grpc-default-executor-20] INFO  leader.FollowerInfo (FollowerInfoImpl.java:lambda$new$0(48)) - 06733870-8d62-448b-a196-7afd6df13a68@group-4A5E83864A26->4c420ab8-2e43-407d-b88b-e5dbb58abbd6: nextIndex: updateUnconditionally 206 -> 205
2023-02-22 04:46:36,832 [06733870-8d62-448b-a196-7afd6df13a68@group-A783D8486497-StateMachineUpdater] INFO  ratis.ContainerStateMachine (ContainerStateMachine.java:takeSnapshot(319)) - group-A783D8486497: Finished taking a snapshot at:(t:1, i:205) file:/home/runner/work/ozone/ozone/hadoop-ozone/integration-test/target/test-dir/MiniOzoneClusterImpl-d1b59b44-2044-4343-9d69-28cc870eb01e/datanode-1/data/ratis/32b315fb-14a4-4336-ab22-a783d8486497/sm/snapshot.1_205 took: 5 ms
2023-02-22 04:46:36,830 [Listener at 127.0.0.1/44521] INFO  server.GrpcServerProtocolClient (GrpcServerProtocolClient.java:close(101)) - ffdcdc5d-4960-49c6-84a1-25480d1d38bf Close channels
2023-02-22 04:46:36,837 [4c420ab8-2e43-407d-b88b-e5dbb58abbd6-impl-thread3] INFO  server.RaftServer$Division (ServerState.java:close(466)) - 4c420ab8-2e43-407d-b88b-e5dbb58abbd6@group-4A5E83864A26: closes. applyIndex: 206
2023-02-22 04:46:36,837 [4c420ab8-2e43-407d-b88b-e5dbb58abbd6@group-4A5E83864A26-SegmentedRaftLogWorker] INFO  segmented.SegmentedRaftLogWorker (SegmentedRaftLogWorker.java:run(347)) - 4c420ab8-2e43-407d-b88b-e5dbb58abbd6@group-4A5E83864A26-SegmentedRaftLogWorker was interrupted, exiting. There are 0 tasks remaining in the queue.
2023-02-22 04:46:36,837 [4c420ab8-2e43-407d-b88b-e5dbb58abbd6-impl-thread2] INFO  server.RaftServer$Division (ServerState.java:close(466)) - 4c420ab8-2e43-407d-b88b-e5dbb58abbd6@group-A783D8486497: closes. applyIndex: 206
2023-02-22 04:46:36,829 [06733870-8d62-448b-a196-7afd6df13a68-impl-thread3] INFO  util.JmxRegister (JmxRegister.java:unregister(73)) - Successfully un-registered JMX Bean with object name Ratis:service=RaftServer,group=group-4A5E83864A26,id=06733870-8d62-448b-a196-7afd6df13a68
2023-02-22 04:46:36,838 [4c420ab8-2e43-407d-b88b-e5dbb58abbd6@group-A783D8486497-SegmentedRaftLogWorker] INFO  segmented.SegmentedRaftLogWorker (SegmentedRaftLogWorker.java:run(347)) - 4c420ab8-2e43-407d-b88b-e5dbb58abbd6@group-A783D8486497-SegmentedRaftLogWorker was interrupted, exiting. There are 0 tasks remaining in the queue.
2023-02-22 04:46:36,838 [4c420ab8-2e43-407d-b88b-e5dbb58abbd6-impl-thread2] INFO  segmented.SegmentedRaftLogWorker (SegmentedRaftLogWorker.java:close(257)) - 4c420ab8-2e43-407d-b88b-e5dbb58abbd6@group-A783D8486497-SegmentedRaftLogWorker close()
2023-02-22 04:46:36,838 [4c420ab8-2e43-407d-b88b-e5dbb58abbd6-impl-thread3] INFO  segmented.SegmentedRaftLogWorker (SegmentedRaftLogWorker.java:close(257)) - 4c420ab8-2e43-407d-b88b-e5dbb58abbd6@group-4A5E83864A26-SegmentedRaftLogWorker close()
2023-02-22 04:46:36,837 [06733870-8d62-448b-a196-7afd6df13a68@group-A783D8486497-StateMachineUpdater] INFO  impl.StateMachineUpdater (StateMachineUpdater.java:takeSnapshot(287)) - 06733870-8d62-448b-a196-7afd6df13a68@group-A783D8486497-StateMachineUpdater: Took a snapshot at index 205
2023-02-22 04:46:36,846 [06733870-8d62-448b-a196-7afd6df13a68@group-A783D8486497-StateMachineUpdater] INFO  impl.StateMachineUpdater (StateMachineUpdater.java:lambda$new$0(92)) - 06733870-8d62-448b-a196-7afd6df13a68@group-A783D8486497-StateMachineUpdater: snapshotIndex: updateIncreasingly -1 -> 205
2023-02-22 04:46:36,836 [06733870-8d62-448b-a196-7afd6df13a68-impl-thread2] INFO  util.JmxRegister (JmxRegister.java:unregister(73)) - Successfully un-registered JMX Bean with object name Ratis:service=RaftServer,group=group-F18B0086BD2A,id=06733870-8d62-448b-a196-7afd6df13a68
2023-02-22 04:46:36,842 [06733870-8d62-448b-a196-7afd6df13a68-impl-thread3] INFO  impl.RoleInfo (RoleInfo.java:shutdownLeaderState(93)) - 06733870-8d62-448b-a196-7afd6df13a68: shutdown 06733870-8d62-448b-a196-7afd6df13a68@group-4A5E83864A26-LeaderStateImpl
2023-02-22 04:46:36,846 [06733870-8d62-448b-a196-7afd6df13a68-impl-thread3] INFO  impl.PendingRequests (PendingRequests.java:sendNotLeaderResponses(282)) - 06733870-8d62-448b-a196-7afd6df13a68@group-4A5E83864A26-PendingRequests: sendNotLeaderResponses
2023-02-22 04:46:36,846 [06733870-8d62-448b-a196-7afd6df13a68-impl-thread2] INFO  impl.RoleInfo (RoleInfo.java:shutdownLeaderState(93)) - 06733870-8d62-448b-a196-7afd6df13a68: shutdown 06733870-8d62-448b-a196-7afd6df13a68@group-F18B0086BD2A-LeaderStateImpl
2023-02-22 04:46:36,847 [06733870-8d62-448b-a196-7afd6df13a68-impl-thread2] INFO  impl.PendingRequests (PendingRequests.java:sendNotLeaderResponses(282)) - 06733870-8d62-448b-a196-7afd6df13a68@group-F18B0086BD2A-PendingRequests: sendNotLeaderResponses
2023-02-22 04:46:36,848 [06733870-8d62-448b-a196-7afd6df13a68-impl-thread2] INFO  impl.StateMachineUpdater (StateMachineUpdater.java:stopAndJoin(153)) - 06733870-8d62-448b-a196-7afd6df13a68@group-F18B0086BD2A-StateMachineUpdater: set stopIndex = 0
2023-02-22 04:46:36,848 [06733870-8d62-448b-a196-7afd6df13a68@group-F18B0086BD2A-StateMachineUpdater] INFO  ratis.ContainerStateMachine (ContainerStateMachine.java:takeSnapshot(308)) - group-F18B0086BD2A: Taking a snapshot at:(t:1, i:0) file /home/runner/work/ozone/ozone/hadoop-ozone/integration-test/target/test-dir/MiniOzoneClusterImpl-d1b59b44-2044-4343-9d69-28cc870eb01e/datanode-1/data/ratis/b1a4362c-7d62-4beb-a880-f18b0086bd2a/sm/snapshot.1_0
2023-02-22 04:46:36,848 [grpc-default-executor-11] INFO  server.GrpcLogAppender (GrpcLogAppender.java:onError(404)) - 4c420ab8-2e43-407d-b88b-e5dbb58abbd6@group-A783D8486497->06733870-8d62-448b-a196-7afd6df13a68-GrpcLogAppender is already stopped
2023-02-22 04:46:36,847 [06733870-8d62-448b-a196-7afd6df13a68-impl-thread1] INFO  server.RaftServer$Division (ServerState.java:close(466)) - 06733870-8d62-448b-a196-7afd6df13a68@group-A783D8486497: closes. applyIndex: 205
2023-02-22 04:46:36,848 [06733870-8d62-448b-a196-7afd6df13a68@group-A783D8486497-SegmentedRaftLogWorker] INFO  segmented.SegmentedRaftLogWorker (SegmentedRaftLogWorker.java:run(347)) - 06733870-8d62-448b-a196-7afd6df13a68@group-A783D8486497-SegmentedRaftLogWorker was interrupted, exiting. There are 0 tasks remaining in the queue.
2023-02-22 04:46:36,849 [06733870-8d62-448b-a196-7afd6df13a68@group-F18B0086BD2A-StateMachineUpdater] INFO  ratis.ContainerStateMachine (ContainerStateMachine.java:takeSnapshot(319)) - group-F18B0086BD2A: Finished taking a snapshot at:(t:1, i:0) file:/home/runner/work/ozone/ozone/hadoop-ozone/integration-test/target/test-dir/MiniOzoneClusterImpl-d1b59b44-2044-4343-9d69-28cc870eb01e/datanode-1/data/ratis/b1a4362c-7d62-4beb-a880-f18b0086bd2a/sm/snapshot.1_0 took: 1 ms
2023-02-22 04:46:36,849 [06733870-8d62-448b-a196-7afd6df13a68@group-F18B0086BD2A-StateMachineUpdater] INFO  impl.StateMachineUpdater (StateMachineUpdater.java:takeSnapshot(287)) - 06733870-8d62-448b-a196-7afd6df13a68@group-F18B0086BD2A-StateMachineUpdater: Took a snapshot at index 0
2023-02-22 04:46:36,849 [06733870-8d62-448b-a196-7afd6df13a68@group-F18B0086BD2A-StateMachineUpdater] INFO  impl.StateMachineUpdater (StateMachineUpdater.java:lambda$new$0(92)) - 06733870-8d62-448b-a196-7afd6df13a68@group-F18B0086BD2A-StateMachineUpdater: snapshotIndex: updateIncreasingly -1 -> 0
2023-02-22 04:46:36,849 [06733870-8d62-448b-a196-7afd6df13a68-impl-thread1] INFO  segmented.SegmentedRaftLogWorker (SegmentedRaftLogWorker.java:close(257)) - 06733870-8d62-448b-a196-7afd6df13a68@group-A783D8486497-SegmentedRaftLogWorker close()
2023-02-22 04:46:36,850 [grpc-default-executor-11] INFO  server.GrpcLogAppender (GrpcLogAppender.java:onCompleted(415)) - 4c420ab8-2e43-407d-b88b-e5dbb58abbd6@group-A783D8486497->ffdcdc5d-4960-49c6-84a1-25480d1d38bf-AppendLogResponseHandler: follower responses appendEntries COMPLETED
2023-02-22 04:46:36,850 [grpc-default-executor-11] INFO  leader.FollowerInfo (FollowerInfoImpl.java:lambda$new$0(48)) - 4c420ab8-2e43-407d-b88b-e5dbb58abbd6@group-A783D8486497->ffdcdc5d-4960-49c6-84a1-25480d1d38bf: nextIndex: updateUnconditionally 207 -> 206
2023-02-22 04:46:36,850 [grpc-default-executor-16] INFO  server.GrpcLogAppender (GrpcLogAppender.java:onCompleted(415)) - 4c420ab8-2e43-407d-b88b-e5dbb58abbd6@group-A783D8486497->ffdcdc5d-4960-49c6-84a1-25480d1d38bf-AppendLogResponseHandler: follower responses appendEntries COMPLETED
2023-02-22 04:46:36,850 [grpc-default-executor-16] INFO  leader.FollowerInfo (FollowerInfoImpl.java:lambda$new$0(48)) - 4c420ab8-2e43-407d-b88b-e5dbb58abbd6@group-A783D8486497->ffdcdc5d-4960-49c6-84a1-25480d1d38bf: nextIndex: updateUnconditionally 206 -> 205
2023-02-22 04:46:36,852 [06733870-8d62-448b-a196-7afd6df13a68@group-4A5E83864A26->ffdcdc5d-4960-49c6-84a1-25480d1d38bf-GrpcLogAppender-LogAppenderDaemon] WARN  server.GrpcLogAppender (GrpcLogAppender.java:mayWait(200)) - 06733870-8d62-448b-a196-7afd6df13a68@group-4A5E83864A26->ffdcdc5d-4960-49c6-84a1-25480d1d38bf-GrpcLogAppender: Wait interrupted by java.lang.InterruptedException
2023-02-22 04:46:36,853 [06733870-8d62-448b-a196-7afd6df13a68@group-4A5E83864A26->4c420ab8-2e43-407d-b88b-e5dbb58abbd6-GrpcLogAppender-LogAppenderDaemon] WARN  server.GrpcLogAppender (GrpcLogAppender.java:mayWait(200)) - 06733870-8d62-448b-a196-7afd6df13a68@group-4A5E83864A26->4c420ab8-2e43-407d-b88b-e5dbb58abbd6-GrpcLogAppender: Wait interrupted by java.lang.InterruptedException
2023-02-22 04:46:36,853 [06733870-8d62-448b-a196-7afd6df13a68-impl-thread2] INFO  server.RaftServer$Division (ServerState.java:close(466)) - 06733870-8d62-448b-a196-7afd6df13a68@group-F18B0086BD2A: closes. applyIndex: 0
2023-02-22 04:46:36,853 [06733870-8d62-448b-a196-7afd6df13a68@group-F18B0086BD2A-SegmentedRaftLogWorker] INFO  segmented.SegmentedRaftLogWorker (SegmentedRaftLogWorker.java:run(347)) - 06733870-8d62-448b-a196-7afd6df13a68@group-F18B0086BD2A-SegmentedRaftLogWorker was interrupted, exiting. There are 0 tasks remaining in the queue.
2023-02-22 04:46:36,854 [ForkJoinPool.commonPool-worker-1] INFO  server.GrpcServerProtocolClient (GrpcServerProtocolClient.java:close(101)) - ffdcdc5d-4960-49c6-84a1-25480d1d38bf Close channels
2023-02-22 04:46:36,854 [06733870-8d62-448b-a196-7afd6df13a68-impl-thread2] INFO  segmented.SegmentedRaftLogWorker (SegmentedRaftLogWorker.java:close(257)) - 06733870-8d62-448b-a196-7afd6df13a68@group-F18B0086BD2A-SegmentedRaftLogWorker close()
2023-02-22 04:46:36,854 [grpc-default-executor-20] INFO  server.GrpcServerProtocolService (GrpcServerProtocolService.java:onCompleted(143)) - ffdcdc5d-4960-49c6-84a1-25480d1d38bf: Completed APPEND_ENTRIES, lastRequest: null
2023-02-22 04:46:36,854 [grpc-default-executor-11] INFO  server.GrpcServerProtocolService (GrpcServerProtocolService.java:onCompleted(143)) - ffdcdc5d-4960-49c6-84a1-25480d1d38bf: Completed APPEND_ENTRIES, lastRequest: 06733870-8d62-448b-a196-7afd6df13a68->ffdcdc5d-4960-49c6-84a1-25480d1d38bf#2373-t1,previous=(t:1, i:205),leaderCommit=204,initializing? true,entries: size=1, first=(t:1, i:206), METADATAENTRY(c:204)
2023-02-22 04:46:36,855 [grpc-default-executor-20] INFO  server.GrpcLogAppender (GrpcLogAppender.java:onError(404)) - 06733870-8d62-448b-a196-7afd6df13a68@group-4A5E83864A26->4c420ab8-2e43-407d-b88b-e5dbb58abbd6-GrpcLogAppender is already stopped
2023-02-22 04:46:36,855 [06733870-8d62-448b-a196-7afd6df13a68-impl-thread3] INFO  impl.StateMachineUpdater (StateMachineUpdater.java:stopAndJoin(153)) - 06733870-8d62-448b-a196-7afd6df13a68@group-4A5E83864A26-StateMachineUpdater: set stopIndex = 206
2023-02-22 04:46:36,856 [06733870-8d62-448b-a196-7afd6df13a68@group-4A5E83864A26-StateMachineUpdater] INFO  ratis.ContainerStateMachine (ContainerStateMachine.java:takeSnapshot(308)) - group-4A5E83864A26: Taking a snapshot at:(t:1, i:206) file /home/runner/work/ozone/ozone/hadoop-ozone/integration-test/target/test-dir/MiniOzoneClusterImpl-d1b59b44-2044-4343-9d69-28cc870eb01e/datanode-1/data/ratis/95791022-8b4e-4ed7-ad2b-4a5e83864a26/sm/snapshot.1_206
2023-02-22 04:46:36,856 [grpc-default-executor-20] INFO  server.GrpcLogAppender (GrpcLogAppender.java:onCompleted(415)) - 06733870-8d62-448b-a196-7afd6df13a68@group-4A5E83864A26->ffdcdc5d-4960-49c6-84a1-25480d1d38bf-AppendLogResponseHandler: follower responses appendEntries COMPLETED
2023-02-22 04:46:36,856 [grpc-default-executor-20] WARN  server.GrpcLogAppender (GrpcLogAppender.java:resetClient(137)) - 06733870-8d62-448b-a196-7afd6df13a68@group-4A5E83864A26->ffdcdc5d-4960-49c6-84a1-25480d1d38bf-GrpcLogAppender: Failed to getClient for ffdcdc5d-4960-49c6-84a1-25480d1d38bf
org.apache.ratis.protocol.exceptions.AlreadyClosedException: 06733870-8d62-448b-a196-7afd6df13a68 is already CLOSED
	at org.apache.ratis.util.PeerProxyMap$PeerAndProxy.getProxy(PeerProxyMap.java:61)
	at org.apache.ratis.util.PeerProxyMap.getProxy(PeerProxyMap.java:115)
	at org.apache.ratis.grpc.server.GrpcLogAppender.getClient(GrpcLogAppender.java:116)
	at org.apache.ratis.grpc.server.GrpcLogAppender.resetClient(GrpcLogAppender.java:121)
	at org.apache.ratis.grpc.server.GrpcLogAppender.access$500(GrpcLogAppender.java:58)
	at org.apache.ratis.grpc.server.GrpcLogAppender$AppendLogResponseHandler.onCompleted(GrpcLogAppender.java:416)
	at org.apache.ratis.thirdparty.io.grpc.stub.ClientCalls$StreamObserverToCallListenerAdapter.onClose(ClientCalls.java:485)
	at org.apache.ratis.thirdparty.io.grpc.internal.ClientCallImpl.closeObserver(ClientCallImpl.java:562)
	at org.apache.ratis.thirdparty.io.grpc.internal.ClientCallImpl.access$300(ClientCallImpl.java:70)
	at org.apache.ratis.thirdparty.io.grpc.internal.ClientCallImpl$ClientStreamListenerImpl$1StreamClosed.runInternal(ClientCallImpl.java:743)
	at org.apache.ratis.thirdparty.io.grpc.internal.ClientCallImpl$ClientStreamListenerImpl$1StreamClosed.runInContext(ClientCallImpl.java:722)
	at org.apache.ratis.thirdparty.io.grpc.internal.ContextRunnable.run(ContextRunnable.java:37)
	at org.apache.ratis.thirdparty.io.grpc.internal.SerializingExecutor.run(SerializingExecutor.java:133)
	at java.util.concurrent.ThreadPoolExecutor.runWorker(ThreadPoolExecutor.java:1149)
	at java.util.concurrent.ThreadPoolExecutor$Worker.run(ThreadPoolExecutor.java:624)
	at java.lang.Thread.run(Thread.java:750)
2023-02-22 04:46:36,857 [06733870-8d62-448b-a196-7afd6df13a68@group-4A5E83864A26-StateMachineUpdater] INFO  ratis.ContainerStateMachine (ContainerStateMachine.java:takeSnapshot(319)) - group-4A5E83864A26: Finished taking a snapshot at:(t:1, i:206) file:/home/runner/work/ozone/ozone/hadoop-ozone/integration-test/target/test-dir/MiniOzoneClusterImpl-d1b59b44-2044-4343-9d69-28cc870eb01e/datanode-1/data/ratis/95791022-8b4e-4ed7-ad2b-4a5e83864a26/sm/snapshot.1_206 took: 1 ms
2023-02-22 04:46:36,857 [06733870-8d62-448b-a196-7afd6df13a68@group-4A5E83864A26-StateMachineUpdater] INFO  impl.StateMachineUpdater (StateMachineUpdater.java:takeSnapshot(287)) - 06733870-8d62-448b-a196-7afd6df13a68@group-4A5E83864A26-StateMachineUpdater: Took a snapshot at index 206
2023-02-22 04:46:36,857 [06733870-8d62-448b-a196-7afd6df13a68@group-4A5E83864A26-StateMachineUpdater] INFO  impl.StateMachineUpdater (StateMachineUpdater.java:lambda$new$0(92)) - 06733870-8d62-448b-a196-7afd6df13a68@group-4A5E83864A26-StateMachineUpdater: snapshotIndex: updateIncreasingly -1 -> 206
2023-02-22 04:46:36,858 [grpc-default-executor-11] INFO  server.GrpcLogAppender (GrpcLogAppender.java:onCompleted(415)) - 06733870-8d62-448b-a196-7afd6df13a68@group-4A5E83864A26->ffdcdc5d-4960-49c6-84a1-25480d1d38bf-AppendLogResponseHandler: follower responses appendEntries COMPLETED
2023-02-22 04:46:36,858 [grpc-default-executor-11] WARN  server.GrpcLogAppender (GrpcLogAppender.java:resetClient(137)) - 06733870-8d62-448b-a196-7afd6df13a68@group-4A5E83864A26->ffdcdc5d-4960-49c6-84a1-25480d1d38bf-GrpcLogAppender: Failed to getClient for ffdcdc5d-4960-49c6-84a1-25480d1d38bf
org.apache.ratis.protocol.exceptions.AlreadyClosedException: 06733870-8d62-448b-a196-7afd6df13a68 is already CLOSED
	at org.apache.ratis.util.PeerProxyMap$PeerAndProxy.getProxy(PeerProxyMap.java:61)
	at org.apache.ratis.util.PeerProxyMap.getProxy(PeerProxyMap.java:115)
	at org.apache.ratis.grpc.server.GrpcLogAppender.getClient(GrpcLogAppender.java:116)
	at org.apache.ratis.grpc.server.GrpcLogAppender.resetClient(GrpcLogAppender.java:121)
	at org.apache.ratis.grpc.server.GrpcLogAppender.access$500(GrpcLogAppender.java:58)
	at org.apache.ratis.grpc.server.GrpcLogAppender$AppendLogResponseHandler.onCompleted(GrpcLogAppender.java:416)
	at org.apache.ratis.thirdparty.io.grpc.stub.ClientCalls$StreamObserverToCallListenerAdapter.onClose(ClientCalls.java:485)
	at org.apache.ratis.thirdparty.io.grpc.internal.DelayedClientCall$DelayedListener$3.run(DelayedClientCall.java:468)
	at org.apache.ratis.thirdparty.io.grpc.internal.DelayedClientCall$DelayedListener.delayOrExecute(DelayedClientCall.java:432)
	at org.apache.ratis.thirdparty.io.grpc.internal.DelayedClientCall$DelayedListener.onClose(DelayedClientCall.java:465)
	at org.apache.ratis.thirdparty.io.grpc.internal.ClientCallImpl.closeObserver(ClientCallImpl.java:562)
	at org.apache.ratis.thirdparty.io.grpc.internal.ClientCallImpl.access$300(ClientCallImpl.java:70)
	at org.apache.ratis.thirdparty.io.grpc.internal.ClientCallImpl$ClientStreamListenerImpl$1StreamClosed.runInternal(ClientCallImpl.java:743)
	at org.apache.ratis.thirdparty.io.grpc.internal.ClientCallImpl$ClientStreamListenerImpl$1StreamClosed.runInContext(ClientCallImpl.java:722)
	at org.apache.ratis.thirdparty.io.grpc.internal.ContextRunnable.run(ContextRunnable.java:37)
	at org.apache.ratis.thirdparty.io.grpc.internal.SerializingExecutor.run(SerializingExecutor.java:133)
	at java.util.concurrent.ThreadPoolExecutor.runWorker(ThreadPoolExecutor.java:1149)
	at java.util.concurrent.ThreadPoolExecutor$Worker.run(ThreadPoolExecutor.java:624)
	at java.lang.Thread.run(Thread.java:750)
2023-02-22 04:46:36,861 [06733870-8d62-448b-a196-7afd6df13a68-impl-thread3] INFO  server.RaftServer$Division (ServerState.java:close(466)) - 06733870-8d62-448b-a196-7afd6df13a68@group-4A5E83864A26: closes. applyIndex: 206
2023-02-22 04:46:36,862 [ForkJoinPool.commonPool-worker-1] INFO  server.GrpcService (GrpcService.java:closeImpl(280)) - 4c420ab8-2e43-407d-b88b-e5dbb58abbd6: shutdown server GrpcServerProtocolService successfully
2023-02-22 04:46:36,862 [06733870-8d62-448b-a196-7afd6df13a68@group-4A5E83864A26-SegmentedRaftLogWorker] INFO  segmented.SegmentedRaftLogWorker (SegmentedRaftLogWorker.java:run(347)) - 06733870-8d62-448b-a196-7afd6df13a68@group-4A5E83864A26-SegmentedRaftLogWorker was interrupted, exiting. There are 0 tasks remaining in the queue.
2023-02-22 04:46:36,862 [4c420ab8-2e43-407d-b88b-e5dbb58abbd6-NettyServerStreamRpc-bossGroup--thread1] INFO  logging.LoggingHandler (AbstractInternalLogger.java:log(148)) - [id: 0xbe5b606a, L:/0:0:0:0:0:0:0:0:35685] CLOSE
2023-02-22 04:46:36,862 [06733870-8d62-448b-a196-7afd6df13a68-impl-thread3] INFO  segmented.SegmentedRaftLogWorker (SegmentedRaftLogWorker.java:close(257)) - 06733870-8d62-448b-a196-7afd6df13a68@group-4A5E83864A26-SegmentedRaftLogWorker close()
2023-02-22 04:46:36,862 [4c420ab8-2e43-407d-b88b-e5dbb58abbd6-NettyServerStreamRpc-bossGroup--thread1] INFO  logging.LoggingHandler (AbstractInternalLogger.java:log(148)) - [id: 0xbe5b606a, L:/0:0:0:0:0:0:0:0:35685] INACTIVE
2023-02-22 04:46:36,862 [4c420ab8-2e43-407d-b88b-e5dbb58abbd6-NettyServerStreamRpc-bossGroup--thread1] INFO  logging.LoggingHandler (AbstractInternalLogger.java:log(148)) - [id: 0xbe5b606a, L:/0:0:0:0:0:0:0:0:35685] UNREGISTERED
2023-02-22 04:46:36,864 [grpc-default-executor-20] INFO  server.GrpcLogAppender (GrpcLogAppender.java:onError(404)) - 06733870-8d62-448b-a196-7afd6df13a68@group-4A5E83864A26->4c420ab8-2e43-407d-b88b-e5dbb58abbd6-GrpcLogAppender is already stopped
2023-02-22 04:46:36,864 [Listener at 127.0.0.1/44521] INFO  server.GrpcServerProtocolClient (GrpcServerProtocolClient.java:close(101)) - 4c420ab8-2e43-407d-b88b-e5dbb58abbd6 Close channels
2023-02-22 04:46:36,870 [Listener at 127.0.0.1/44521] INFO  server.GrpcService (GrpcService.java:closeImpl(280)) - 06733870-8d62-448b-a196-7afd6df13a68: shutdown server GrpcServerProtocolService successfully
2023-02-22 04:46:36,870 [06733870-8d62-448b-a196-7afd6df13a68-NettyServerStreamRpc-bossGroup--thread1] INFO  logging.LoggingHandler (AbstractInternalLogger.java:log(148)) - [id: 0xbeda17a4, L:/0:0:0:0:0:0:0:0:46227] CLOSE
2023-02-22 04:46:36,871 [06733870-8d62-448b-a196-7afd6df13a68-NettyServerStreamRpc-bossGroup--thread1] INFO  logging.LoggingHandler (AbstractInternalLogger.java:log(148)) - [id: 0xbeda17a4, L:/0:0:0:0:0:0:0:0:46227] INACTIVE
2023-02-22 04:46:36,871 [06733870-8d62-448b-a196-7afd6df13a68-NettyServerStreamRpc-bossGroup--thread1] INFO  logging.LoggingHandler (AbstractInternalLogger.java:log(148)) - [id: 0xbeda17a4, L:/0:0:0:0:0:0:0:0:46227] UNREGISTERED
2023-02-22 04:46:36,871 [JvmPauseMonitor9] INFO  util.JvmPauseMonitor (JvmPauseMonitor.java:run(111)) - JvmPauseMonitor-4c420ab8-2e43-407d-b88b-e5dbb58abbd6: Stopped
2023-02-22 04:46:36,881 [JvmPauseMonitor10] INFO  util.JvmPauseMonitor (JvmPauseMonitor.java:run(111)) - JvmPauseMonitor-06733870-8d62-448b-a196-7afd6df13a68: Stopped
2023-02-22 04:46:37,294 [EndpointStateMachine task thread for /0.0.0.0:38827 - 0 ] WARN  statemachine.EndpointStateMachine (EndpointStateMachine.java:logIfNeeded(242)) - Unable to communicate to SCM server at 0.0.0.0:38827 for past 0 seconds.
java.io.EOFException: End of File Exception between local host is: "fv-az748-120/10.1.78.0"; destination host is: "0.0.0.0":38827; : java.io.EOFException; For more details see:  http://wiki.apache.org/hadoop/EOFException
	at sun.reflect.NativeConstructorAccessorImpl.newInstance0(Native Method)
	at sun.reflect.NativeConstructorAccessorImpl.newInstance(NativeConstructorAccessorImpl.java:62)
	at sun.reflect.DelegatingConstructorAccessorImpl.newInstance(DelegatingConstructorAccessorImpl.java:45)
	at java.lang.reflect.Constructor.newInstance(Constructor.java:423)
	at org.apache.hadoop.net.NetUtils.wrapWithMessage(NetUtils.java:913)
	at org.apache.hadoop.net.NetUtils.wrapException(NetUtils.java:862)
	at org.apache.hadoop.ipc.Client.getRpcResponse(Client.java:1616)
	at org.apache.hadoop.ipc.Client.call(Client.java:1558)
	at org.apache.hadoop.ipc.Client.call(Client.java:1455)
	at org.apache.hadoop.ipc.ProtobufRpcEngine$Invoker.invoke(ProtobufRpcEngine.java:235)
	at org.apache.hadoop.ipc.ProtobufRpcEngine$Invoker.invoke(ProtobufRpcEngine.java:122)
	at com.sun.proxy.$Proxy54.submitRequest(Unknown Source)
	at org.apache.hadoop.ozone.protocolPB.StorageContainerDatanodeProtocolClientSideTranslatorPB.submitRequest(StorageContainerDatanodeProtocolClientSideTranslatorPB.java:117)
	at org.apache.hadoop.ozone.protocolPB.StorageContainerDatanodeProtocolClientSideTranslatorPB.sendHeartbeat(StorageContainerDatanodeProtocolClientSideTranslatorPB.java:149)
	at org.apache.hadoop.ozone.container.common.states.endpoint.HeartbeatEndpointTask.call(HeartbeatEndpointTask.java:185)
	at org.apache.hadoop.ozone.container.common.states.endpoint.HeartbeatEndpointTask.call(HeartbeatEndpointTask.java:87)
	at java.util.concurrent.FutureTask.run(FutureTask.java:266)
	at java.util.concurrent.ThreadPoolExecutor.runWorker(ThreadPoolExecutor.java:1149)
	at java.util.concurrent.ThreadPoolExecutor$Worker.run(ThreadPoolExecutor.java:624)
	at java.lang.Thread.run(Thread.java:750)
Caused by: java.io.EOFException
	at java.io.DataInputStream.readInt(DataInputStream.java:392)
	at org.apache.hadoop.ipc.Client$IpcStreams.readResponse(Client.java:1922)
	at org.apache.hadoop.ipc.Client$Connection.receiveRpcResponse(Client.java:1238)
	at org.apache.hadoop.ipc.Client$Connection.run(Client.java:1134)
2023-02-22 04:46:38,886 [ForkJoinPool.commonPool-worker-1] INFO  volume.HddsVolume (HddsVolume.java:closeDbStore(362)) - SchemaV3 db is stopped at /home/runner/work/ozone/ozone/hadoop-ozone/integration-test/target/test-dir/MiniOzoneClusterImpl-d1b59b44-2044-4343-9d69-28cc870eb01e/datanode-0/data-0/containers/hdds/d1b59b44-2044-4343-9d69-28cc870eb01e/DS-7ad53f4f-2ce7-4705-9b91-e7a67d97fdc0/container.db for volume DS-7ad53f4f-2ce7-4705-9b91-e7a67d97fdc0
2023-02-22 04:46:38,886 [ForkJoinPool.commonPool-worker-1] INFO  utils.BackgroundService (BackgroundService.java:shutdown(141)) - Shutting down service BlockDeletingService
2023-02-22 04:46:38,887 [Listener at 127.0.0.1/44521] INFO  volume.HddsVolume (HddsVolume.java:closeDbStore(362)) - SchemaV3 db is stopped at /home/runner/work/ozone/ozone/hadoop-ozone/integration-test/target/test-dir/MiniOzoneClusterImpl-d1b59b44-2044-4343-9d69-28cc870eb01e/datanode-1/data-0/containers/hdds/d1b59b44-2044-4343-9d69-28cc870eb01e/DS-26133db5-2e33-42b3-97b9-fbb16fc9b42c/container.db for volume DS-26133db5-2e33-42b3-97b9-fbb16fc9b42c
2023-02-22 04:46:38,887 [Listener at 127.0.0.1/44521] INFO  utils.BackgroundService (BackgroundService.java:shutdown(141)) - Shutting down service BlockDeletingService
2023-02-22 04:46:38,887 [Listener at 127.0.0.1/44521] INFO  utils.BackgroundService (BackgroundService.java:shutdown(141)) - Shutting down service StaleRecoveringContainerScrubbingService
2023-02-22 04:46:38,887 [ForkJoinPool.commonPool-worker-1] INFO  utils.BackgroundService (BackgroundService.java:shutdown(141)) - Shutting down service StaleRecoveringContainerScrubbingService
2023-02-22 04:46:38,889 [ForkJoinPool.commonPool-worker-1] INFO  statemachine.DatanodeStateMachine (DatanodeStateMachine.java:stopDaemon(600)) - Ozone container server stopped.
2023-02-22 04:46:38,889 [Listener at 127.0.0.1/44521] INFO  statemachine.DatanodeStateMachine (DatanodeStateMachine.java:stopDaemon(600)) - Ozone container server stopped.
2023-02-22 04:46:38,899 [ForkJoinPool.commonPool-worker-1] INFO  handler.ContextHandler (ContextHandler.java:doStop(1159)) - Stopped o.e.j.w.WebAppContext@10397fc5{hddsDatanode,/,null,STOPPED}{jar:file:/home/runner/.m2/repository/org/apache/ozone/hdds-container-service/1.4.0-SNAPSHOT/hdds-container-service-1.4.0-SNAPSHOT.jar!/webapps/hddsDatanode}
2023-02-22 04:46:38,900 [ForkJoinPool.commonPool-worker-1] INFO  server.AbstractConnector (AbstractConnector.java:doStop(383)) - Stopped ServerConnector@1b6ebd7b{HTTP/1.1, (http/1.1)}{0.0.0.0:0}
2023-02-22 04:46:38,900 [ForkJoinPool.commonPool-worker-1] INFO  server.session (HouseKeeper.java:stopScavenging(149)) - node0 Stopped scavenging
2023-02-22 04:46:38,901 [Listener at 127.0.0.1/44521] INFO  handler.ContextHandler (ContextHandler.java:doStop(1159)) - Stopped o.e.j.w.WebAppContext@559e3508{hddsDatanode,/,null,STOPPED}{jar:file:/home/runner/.m2/repository/org/apache/ozone/hdds-container-service/1.4.0-SNAPSHOT/hdds-container-service-1.4.0-SNAPSHOT.jar!/webapps/hddsDatanode}
2023-02-22 04:46:38,902 [ForkJoinPool.commonPool-worker-1] INFO  handler.ContextHandler (ContextHandler.java:doStop(1159)) - Stopped o.e.j.s.ServletContextHandler@20b9dc53{static,/static,jar:file:/home/runner/.m2/repository/org/apache/ozone/hdds-container-service/1.4.0-SNAPSHOT/hdds-container-service-1.4.0-SNAPSHOT.jar!/webapps/static,STOPPED}
2023-02-22 04:46:38,902 [ForkJoinPool.commonPool-worker-1] INFO  handler.ContextHandler (ContextHandler.java:doStop(1159)) - Stopped o.e.j.s.ServletContextHandler@50405586{logs,/logs,file:///home/runner/work/ozone/ozone/hadoop-ozone/integration-test/target/log,STOPPED}
2023-02-22 04:46:38,907 [Listener at 127.0.0.1/44521] INFO  server.AbstractConnector (AbstractConnector.java:doStop(383)) - Stopped ServerConnector@2d88e629{HTTP/1.1, (http/1.1)}{0.0.0.0:0}
2023-02-22 04:46:38,907 [Listener at 127.0.0.1/44521] INFO  server.session (HouseKeeper.java:stopScavenging(149)) - node0 Stopped scavenging
2023-02-22 04:46:38,908 [Listener at 127.0.0.1/44521] INFO  handler.ContextHandler (ContextHandler.java:doStop(1159)) - Stopped o.e.j.s.ServletContextHandler@c6bd5bf{static,/static,jar:file:/home/runner/.m2/repository/org/apache/ozone/hdds-container-service/1.4.0-SNAPSHOT/hdds-container-service-1.4.0-SNAPSHOT.jar!/webapps/static,STOPPED}
2023-02-22 04:46:38,908 [Listener at 127.0.0.1/44521] INFO  handler.ContextHandler (ContextHandler.java:doStop(1159)) - Stopped o.e.j.s.ServletContextHandler@76a26976{logs,/logs,file:///home/runner/work/ozone/ozone/hadoop-ozone/integration-test/target/log,STOPPED}
2023-02-22 04:46:39,294 [ForkJoinPool.commonPool-worker-1] INFO  ozoneimpl.OzoneContainer (OzoneContainer.java:stop(420)) - Attempting to stop container services.
2023-02-22 04:46:39,295 [EndpointStateMachine task thread for /0.0.0.0:38827 - 0 ] INFO  ipc.Client (Client.java:handleConnectionFailure(1010)) - Retrying connect to server: 0.0.0.0/0.0.0.0:38827. Already tried 0 time(s); retry policy is RetryUpToMaximumCountWithFixedSleep(maxRetries=15, sleepTime=1000 MILLISECONDS)
2023-02-22 04:46:39,295 [ForkJoinPool.commonPool-worker-1] INFO  server.RaftServer (RaftServerProxy.java:lambda$close$6(409)) - ffdcdc5d-4960-49c6-84a1-25480d1d38bf: close
2023-02-22 04:46:39,295 [ffdcdc5d-4960-49c6-84a1-25480d1d38bf-impl-thread1] INFO  server.RaftServer$Division (RaftServerImpl.java:lambda$close$4(458)) - ffdcdc5d-4960-49c6-84a1-25480d1d38bf@group-5482F95B9549: shutdown
2023-02-22 04:46:39,295 [ffdcdc5d-4960-49c6-84a1-25480d1d38bf-impl-thread1] INFO  util.JmxRegister (JmxRegister.java:unregister(73)) - Successfully un-registered JMX Bean with object name Ratis:service=RaftServer,group=group-5482F95B9549,id=ffdcdc5d-4960-49c6-84a1-25480d1d38bf
2023-02-22 04:46:39,295 [ffdcdc5d-4960-49c6-84a1-25480d1d38bf-impl-thread1] INFO  impl.RoleInfo (RoleInfo.java:shutdownLeaderState(93)) - ffdcdc5d-4960-49c6-84a1-25480d1d38bf: shutdown ffdcdc5d-4960-49c6-84a1-25480d1d38bf@group-5482F95B9549-LeaderStateImpl
2023-02-22 04:46:39,295 [ffdcdc5d-4960-49c6-84a1-25480d1d38bf-impl-thread1] INFO  impl.PendingRequests (PendingRequests.java:sendNotLeaderResponses(282)) - ffdcdc5d-4960-49c6-84a1-25480d1d38bf@group-5482F95B9549-PendingRequests: sendNotLeaderResponses
2023-02-22 04:46:39,296 [ffdcdc5d-4960-49c6-84a1-25480d1d38bf-impl-thread1] INFO  impl.StateMachineUpdater (StateMachineUpdater.java:stopAndJoin(153)) - ffdcdc5d-4960-49c6-84a1-25480d1d38bf@group-5482F95B9549-StateMachineUpdater: set stopIndex = 0
2023-02-22 04:46:39,296 [ffdcdc5d-4960-49c6-84a1-25480d1d38bf@group-5482F95B9549-StateMachineUpdater] INFO  ratis.ContainerStateMachine (ContainerStateMachine.java:takeSnapshot(308)) - group-5482F95B9549: Taking a snapshot at:(t:1, i:0) file /home/runner/work/ozone/ozone/hadoop-ozone/integration-test/target/test-dir/MiniOzoneClusterImpl-d1b59b44-2044-4343-9d69-28cc870eb01e/datanode-2/data/ratis/2d3482bb-ae33-4d4c-ba22-5482f95b9549/sm/snapshot.1_0
2023-02-22 04:46:39,296 [ffdcdc5d-4960-49c6-84a1-25480d1d38bf-impl-thread2] INFO  server.RaftServer$Division (RaftServerImpl.java:lambda$close$4(458)) - ffdcdc5d-4960-49c6-84a1-25480d1d38bf@group-A783D8486497: shutdown
2023-02-22 04:46:39,296 [ffdcdc5d-4960-49c6-84a1-25480d1d38bf-impl-thread2] INFO  util.JmxRegister (JmxRegister.java:unregister(73)) - Successfully un-registered JMX Bean with object name Ratis:service=RaftServer,group=group-A783D8486497,id=ffdcdc5d-4960-49c6-84a1-25480d1d38bf
2023-02-22 04:46:39,296 [ffdcdc5d-4960-49c6-84a1-25480d1d38bf-impl-thread2] INFO  impl.RoleInfo (RoleInfo.java:shutdownFollowerState(110)) - ffdcdc5d-4960-49c6-84a1-25480d1d38bf: shutdown ffdcdc5d-4960-49c6-84a1-25480d1d38bf@group-A783D8486497-FollowerState
2023-02-22 04:46:39,296 [ForkJoinPool.commonPool-worker-1] INFO  server.GrpcService (GrpcService.java:closeImpl(271)) - ffdcdc5d-4960-49c6-84a1-25480d1d38bf: shutdown server GrpcServerProtocolService now
2023-02-22 04:46:39,296 [ffdcdc5d-4960-49c6-84a1-25480d1d38bf-impl-thread2] INFO  impl.StateMachineUpdater (StateMachineUpdater.java:stopAndJoin(153)) - ffdcdc5d-4960-49c6-84a1-25480d1d38bf@group-A783D8486497-StateMachineUpdater: set stopIndex = 205
2023-02-22 04:46:39,298 [ffdcdc5d-4960-49c6-84a1-25480d1d38bf@group-5482F95B9549-StateMachineUpdater] INFO  ratis.ContainerStateMachine (ContainerStateMachine.java:takeSnapshot(319)) - group-5482F95B9549: Finished taking a snapshot at:(t:1, i:0) file:/home/runner/work/ozone/ozone/hadoop-ozone/integration-test/target/test-dir/MiniOzoneClusterImpl-d1b59b44-2044-4343-9d69-28cc870eb01e/datanode-2/data/ratis/2d3482bb-ae33-4d4c-ba22-5482f95b9549/sm/snapshot.1_0 took: 2 ms
2023-02-22 04:46:39,298 [ffdcdc5d-4960-49c6-84a1-25480d1d38bf@group-5482F95B9549-StateMachineUpdater] INFO  impl.StateMachineUpdater (StateMachineUpdater.java:takeSnapshot(287)) - ffdcdc5d-4960-49c6-84a1-25480d1d38bf@group-5482F95B9549-StateMachineUpdater: Took a snapshot at index 0
2023-02-22 04:46:39,298 [ffdcdc5d-4960-49c6-84a1-25480d1d38bf@group-5482F95B9549-StateMachineUpdater] INFO  impl.StateMachineUpdater (StateMachineUpdater.java:lambda$new$0(92)) - ffdcdc5d-4960-49c6-84a1-25480d1d38bf@group-5482F95B9549-StateMachineUpdater: snapshotIndex: updateIncreasingly -1 -> 0
2023-02-22 04:46:39,297 [ForkJoinPool.commonPool-worker-1] INFO  server.GrpcServerProtocolClient (GrpcServerProtocolClient.java:close(101)) - 06733870-8d62-448b-a196-7afd6df13a68 Close channels
2023-02-22 04:46:39,297 [ffdcdc5d-4960-49c6-84a1-25480d1d38bf-impl-thread3] INFO  server.RaftServer$Division (RaftServerImpl.java:lambda$close$4(458)) - ffdcdc5d-4960-49c6-84a1-25480d1d38bf@group-4A5E83864A26: shutdown
2023-02-22 04:46:39,297 [ffdcdc5d-4960-49c6-84a1-25480d1d38bf@group-A783D8486497-StateMachineUpdater] INFO  ratis.ContainerStateMachine (ContainerStateMachine.java:takeSnapshot(308)) - group-A783D8486497: Taking a snapshot at:(t:1, i:205) file /home/runner/work/ozone/ozone/hadoop-ozone/integration-test/target/test-dir/MiniOzoneClusterImpl-d1b59b44-2044-4343-9d69-28cc870eb01e/datanode-2/data/ratis/32b315fb-14a4-4336-ab22-a783d8486497/sm/snapshot.1_205
2023-02-22 04:46:39,299 [ffdcdc5d-4960-49c6-84a1-25480d1d38bf@group-A783D8486497-StateMachineUpdater] INFO  ratis.ContainerStateMachine (ContainerStateMachine.java:takeSnapshot(319)) - group-A783D8486497: Finished taking a snapshot at:(t:1, i:205) file:/home/runner/work/ozone/ozone/hadoop-ozone/integration-test/target/test-dir/MiniOzoneClusterImpl-d1b59b44-2044-4343-9d69-28cc870eb01e/datanode-2/data/ratis/32b315fb-14a4-4336-ab22-a783d8486497/sm/snapshot.1_205 took: 3 ms
2023-02-22 04:46:39,300 [ffdcdc5d-4960-49c6-84a1-25480d1d38bf@group-A783D8486497-StateMachineUpdater] INFO  impl.StateMachineUpdater (StateMachineUpdater.java:takeSnapshot(287)) - ffdcdc5d-4960-49c6-84a1-25480d1d38bf@group-A783D8486497-StateMachineUpdater: Took a snapshot at index 205
2023-02-22 04:46:39,300 [ffdcdc5d-4960-49c6-84a1-25480d1d38bf@group-A783D8486497-StateMachineUpdater] INFO  impl.StateMachineUpdater (StateMachineUpdater.java:lambda$new$0(92)) - ffdcdc5d-4960-49c6-84a1-25480d1d38bf@group-A783D8486497-StateMachineUpdater: snapshotIndex: updateIncreasingly -1 -> 205
2023-02-22 04:46:39,297 [ffdcdc5d-4960-49c6-84a1-25480d1d38bf@group-A783D8486497-FollowerState] INFO  impl.FollowerState (FollowerState.java:run(152)) - ffdcdc5d-4960-49c6-84a1-25480d1d38bf@group-A783D8486497-FollowerState was interrupted
2023-02-22 04:46:39,298 [ffdcdc5d-4960-49c6-84a1-25480d1d38bf-impl-thread1] INFO  server.RaftServer$Division (ServerState.java:close(466)) - ffdcdc5d-4960-49c6-84a1-25480d1d38bf@group-5482F95B9549: closes. applyIndex: 0
2023-02-22 04:46:39,300 [ffdcdc5d-4960-49c6-84a1-25480d1d38bf-impl-thread2] INFO  server.RaftServer$Division (ServerState.java:close(466)) - ffdcdc5d-4960-49c6-84a1-25480d1d38bf@group-A783D8486497: closes. applyIndex: 205
2023-02-22 04:46:39,300 [ffdcdc5d-4960-49c6-84a1-25480d1d38bf@group-A783D8486497-SegmentedRaftLogWorker] INFO  segmented.SegmentedRaftLogWorker (SegmentedRaftLogWorker.java:run(347)) - ffdcdc5d-4960-49c6-84a1-25480d1d38bf@group-A783D8486497-SegmentedRaftLogWorker was interrupted, exiting. There are 0 tasks remaining in the queue.
2023-02-22 04:46:39,298 [ForkJoinPool.commonPool-worker-1] INFO  server.GrpcServerProtocolClient (GrpcServerProtocolClient.java:close(101)) - 4c420ab8-2e43-407d-b88b-e5dbb58abbd6 Close channels
2023-02-22 04:46:39,300 [ffdcdc5d-4960-49c6-84a1-25480d1d38bf@group-5482F95B9549-SegmentedRaftLogWorker] INFO  segmented.SegmentedRaftLogWorker (SegmentedRaftLogWorker.java:run(347)) - ffdcdc5d-4960-49c6-84a1-25480d1d38bf@group-5482F95B9549-SegmentedRaftLogWorker was interrupted, exiting. There are 0 tasks remaining in the queue.
2023-02-22 04:46:39,301 [ForkJoinPool.commonPool-worker-1] INFO  server.GrpcService (GrpcService.java:closeImpl(280)) - ffdcdc5d-4960-49c6-84a1-25480d1d38bf: shutdown server GrpcServerProtocolService successfully
2023-02-22 04:46:39,302 [ffdcdc5d-4960-49c6-84a1-25480d1d38bf-NettyServerStreamRpc-bossGroup--thread1] INFO  logging.LoggingHandler (AbstractInternalLogger.java:log(148)) - [id: 0xe0eb3809, L:/0:0:0:0:0:0:0:0:40923] CLOSE
2023-02-22 04:46:39,302 [ffdcdc5d-4960-49c6-84a1-25480d1d38bf-NettyServerStreamRpc-bossGroup--thread1] INFO  logging.LoggingHandler (AbstractInternalLogger.java:log(148)) - [id: 0xe0eb3809, L:/0:0:0:0:0:0:0:0:40923] INACTIVE
2023-02-22 04:46:39,302 [ffdcdc5d-4960-49c6-84a1-25480d1d38bf-NettyServerStreamRpc-bossGroup--thread1] INFO  logging.LoggingHandler (AbstractInternalLogger.java:log(148)) - [id: 0xe0eb3809, L:/0:0:0:0:0:0:0:0:40923] UNREGISTERED
2023-02-22 04:46:39,301 [ffdcdc5d-4960-49c6-84a1-25480d1d38bf-impl-thread3] INFO  util.JmxRegister (JmxRegister.java:unregister(73)) - Successfully un-registered JMX Bean with object name Ratis:service=RaftServer,group=group-4A5E83864A26,id=ffdcdc5d-4960-49c6-84a1-25480d1d38bf
2023-02-22 04:46:39,301 [ffdcdc5d-4960-49c6-84a1-25480d1d38bf-impl-thread2] INFO  segmented.SegmentedRaftLogWorker (SegmentedRaftLogWorker.java:close(257)) - ffdcdc5d-4960-49c6-84a1-25480d1d38bf@group-A783D8486497-SegmentedRaftLogWorker close()
2023-02-22 04:46:39,301 [ffdcdc5d-4960-49c6-84a1-25480d1d38bf-impl-thread1] INFO  segmented.SegmentedRaftLogWorker (SegmentedRaftLogWorker.java:close(257)) - ffdcdc5d-4960-49c6-84a1-25480d1d38bf@group-5482F95B9549-SegmentedRaftLogWorker close()
2023-02-22 04:46:39,302 [ffdcdc5d-4960-49c6-84a1-25480d1d38bf-impl-thread3] INFO  impl.RoleInfo (RoleInfo.java:shutdownFollowerState(110)) - ffdcdc5d-4960-49c6-84a1-25480d1d38bf: shutdown ffdcdc5d-4960-49c6-84a1-25480d1d38bf@group-4A5E83864A26-FollowerState
2023-02-22 04:46:39,305 [ffdcdc5d-4960-49c6-84a1-25480d1d38bf@group-4A5E83864A26-FollowerState] INFO  impl.FollowerState (FollowerState.java:run(152)) - ffdcdc5d-4960-49c6-84a1-25480d1d38bf@group-4A5E83864A26-FollowerState was interrupted
2023-02-22 04:46:39,307 [ffdcdc5d-4960-49c6-84a1-25480d1d38bf@group-4A5E83864A26-StateMachineUpdater] INFO  ratis.ContainerStateMachine (ContainerStateMachine.java:takeSnapshot(308)) - group-4A5E83864A26: Taking a snapshot at:(t:1, i:206) file /home/runner/work/ozone/ozone/hadoop-ozone/integration-test/target/test-dir/MiniOzoneClusterImpl-d1b59b44-2044-4343-9d69-28cc870eb01e/datanode-2/data/ratis/95791022-8b4e-4ed7-ad2b-4a5e83864a26/sm/snapshot.1_206
2023-02-22 04:46:39,310 [ffdcdc5d-4960-49c6-84a1-25480d1d38bf-impl-thread3] INFO  impl.StateMachineUpdater (StateMachineUpdater.java:stopAndJoin(153)) - ffdcdc5d-4960-49c6-84a1-25480d1d38bf@group-4A5E83864A26-StateMachineUpdater: set stopIndex = 206
2023-02-22 04:46:39,310 [ffdcdc5d-4960-49c6-84a1-25480d1d38bf@group-4A5E83864A26-StateMachineUpdater] INFO  ratis.ContainerStateMachine (ContainerStateMachine.java:takeSnapshot(319)) - group-4A5E83864A26: Finished taking a snapshot at:(t:1, i:206) file:/home/runner/work/ozone/ozone/hadoop-ozone/integration-test/target/test-dir/MiniOzoneClusterImpl-d1b59b44-2044-4343-9d69-28cc870eb01e/datanode-2/data/ratis/95791022-8b4e-4ed7-ad2b-4a5e83864a26/sm/snapshot.1_206 took: 3 ms
2023-02-22 04:46:39,310 [ffdcdc5d-4960-49c6-84a1-25480d1d38bf@group-4A5E83864A26-StateMachineUpdater] INFO  impl.StateMachineUpdater (StateMachineUpdater.java:takeSnapshot(287)) - ffdcdc5d-4960-49c6-84a1-25480d1d38bf@group-4A5E83864A26-StateMachineUpdater: Took a snapshot at index 206
2023-02-22 04:46:39,310 [ffdcdc5d-4960-49c6-84a1-25480d1d38bf@group-4A5E83864A26-StateMachineUpdater] INFO  impl.StateMachineUpdater (StateMachineUpdater.java:lambda$new$0(92)) - ffdcdc5d-4960-49c6-84a1-25480d1d38bf@group-4A5E83864A26-StateMachineUpdater: snapshotIndex: updateIncreasingly -1 -> 206
2023-02-22 04:46:39,311 [ffdcdc5d-4960-49c6-84a1-25480d1d38bf-impl-thread3] INFO  server.RaftServer$Division (ServerState.java:close(466)) - ffdcdc5d-4960-49c6-84a1-25480d1d38bf@group-4A5E83864A26: closes. applyIndex: 206
2023-02-22 04:46:39,311 [ffdcdc5d-4960-49c6-84a1-25480d1d38bf@group-4A5E83864A26-SegmentedRaftLogWorker] INFO  segmented.SegmentedRaftLogWorker (SegmentedRaftLogWorker.java:run(347)) - ffdcdc5d-4960-49c6-84a1-25480d1d38bf@group-4A5E83864A26-SegmentedRaftLogWorker was interrupted, exiting. There are 0 tasks remaining in the queue.
2023-02-22 04:46:39,311 [ffdcdc5d-4960-49c6-84a1-25480d1d38bf-impl-thread3] INFO  segmented.SegmentedRaftLogWorker (SegmentedRaftLogWorker.java:close(257)) - ffdcdc5d-4960-49c6-84a1-25480d1d38bf@group-4A5E83864A26-SegmentedRaftLogWorker close()
2023-02-22 04:46:39,312 [JvmPauseMonitor11] INFO  util.JvmPauseMonitor (JvmPauseMonitor.java:run(111)) - JvmPauseMonitor-ffdcdc5d-4960-49c6-84a1-25480d1d38bf: Stopped
2023-02-22 04:46:40,295 [EndpointStateMachine task thread for /0.0.0.0:38827 - 0 ] INFO  ipc.Client (Client.java:handleConnectionFailure(1010)) - Retrying connect to server: 0.0.0.0/0.0.0.0:38827. Already tried 1 time(s); retry policy is RetryUpToMaximumCountWithFixedSleep(maxRetries=15, sleepTime=1000 MILLISECONDS)
2023-02-22 04:46:41,296 [EndpointStateMachine task thread for /0.0.0.0:38827 - 0 ] INFO  ipc.Client (Client.java:handleConnectionFailure(1010)) - Retrying connect to server: 0.0.0.0/0.0.0.0:38827. Already tried 2 time(s); retry policy is RetryUpToMaximumCountWithFixedSleep(maxRetries=15, sleepTime=1000 MILLISECONDS)
2023-02-22 04:46:41,317 [ForkJoinPool.commonPool-worker-1] INFO  volume.HddsVolume (HddsVolume.java:closeDbStore(362)) - SchemaV3 db is stopped at /home/runner/work/ozone/ozone/hadoop-ozone/integration-test/target/test-dir/MiniOzoneClusterImpl-d1b59b44-2044-4343-9d69-28cc870eb01e/datanode-2/data-0/containers/hdds/d1b59b44-2044-4343-9d69-28cc870eb01e/DS-3e04b4bf-0b66-4d4b-950d-976cedc1521a/container.db for volume DS-3e04b4bf-0b66-4d4b-950d-976cedc1521a
2023-02-22 04:46:41,317 [ForkJoinPool.commonPool-worker-1] INFO  utils.BackgroundService (BackgroundService.java:shutdown(141)) - Shutting down service BlockDeletingService
2023-02-22 04:46:41,317 [ForkJoinPool.commonPool-worker-1] INFO  utils.BackgroundService (BackgroundService.java:shutdown(141)) - Shutting down service StaleRecoveringContainerScrubbingService
2023-02-22 04:46:41,318 [ForkJoinPool.commonPool-worker-1] INFO  statemachine.DatanodeStateMachine (DatanodeStateMachine.java:stopDaemon(600)) - Ozone container server stopped.
2023-02-22 04:46:41,328 [ForkJoinPool.commonPool-worker-1] INFO  handler.ContextHandler (ContextHandler.java:doStop(1159)) - Stopped o.e.j.w.WebAppContext@e9651f4{hddsDatanode,/,null,STOPPED}{jar:file:/home/runner/.m2/repository/org/apache/ozone/hdds-container-service/1.4.0-SNAPSHOT/hdds-container-service-1.4.0-SNAPSHOT.jar!/webapps/hddsDatanode}
2023-02-22 04:46:41,328 [ForkJoinPool.commonPool-worker-1] INFO  server.AbstractConnector (AbstractConnector.java:doStop(383)) - Stopped ServerConnector@5394e749{HTTP/1.1, (http/1.1)}{0.0.0.0:0}
2023-02-22 04:46:41,328 [ForkJoinPool.commonPool-worker-1] INFO  server.session (HouseKeeper.java:stopScavenging(149)) - node0 Stopped scavenging
2023-02-22 04:46:41,329 [ForkJoinPool.commonPool-worker-1] INFO  handler.ContextHandler (ContextHandler.java:doStop(1159)) - Stopped o.e.j.s.ServletContextHandler@73328c29{static,/static,jar:file:/home/runner/.m2/repository/org/apache/ozone/hdds-container-service/1.4.0-SNAPSHOT/hdds-container-service-1.4.0-SNAPSHOT.jar!/webapps/static,STOPPED}
2023-02-22 04:46:41,330 [ForkJoinPool.commonPool-worker-1] INFO  handler.ContextHandler (ContextHandler.java:doStop(1159)) - Stopped o.e.j.s.ServletContextHandler@b027738{logs,/logs,file:///home/runner/work/ozone/ozone/hadoop-ozone/integration-test/target/log,STOPPED}
2023-02-22 04:46:41,633 [Listener at 127.0.0.1/44521] WARN  server.ServerUtils (ServerUtils.java:getScmDbDir(148)) - ozone.scm.db.dirs is not configured. We recommend adding this setting. Falling back to ozone.metadata.dirs instead.
2023-02-22 04:46:41,636 [Listener at 127.0.0.1/44521] WARN  server.ServerUtils (ServerUtils.java:getScmDbDir(148)) - ozone.scm.db.dirs is not configured. We recommend adding this setting. Falling back to ozone.metadata.dirs instead.
2023-02-22 04:46:41,636 [Listener at 127.0.0.1/44521] INFO  ha.SCMHANodeDetails (SCMHANodeDetails.java:loadSCMHAConfig(209)) - ServiceID for StorageContainerManager is null
2023-02-22 04:46:41,636 [Listener at 127.0.0.1/44521] INFO  ha.SCMHANodeDetails (SCMHANodeDetails.java:loadSCMHAConfig(214)) - ozone.scm.default.service.id is not defined, falling back to ozone.scm.service.ids to find serviceID for StorageContainerManager if it is HA enabled cluster
2023-02-22 04:46:41,637 [Listener at 127.0.0.1/44521] WARN  utils.HAUtils (HAUtils.java:getMetaDir(342)) - ozone.scm.db.dirs is not configured. We recommend adding this setting. Falling back to ozone.metadata.dirs instead.
2023-02-22 04:46:41,637 [Listener at 127.0.0.1/44521] WARN  db.DBStoreBuilder (DBStoreBuilder.java:applyDBDefinition(172)) - ozone.scm.db.dirs is not configured. We recommend adding this setting. Falling back to ozone.metadata.dirs instead.
2023-02-22 04:46:41,733 [Listener at 127.0.0.1/44521] INFO  net.NodeSchemaLoader (NodeSchemaLoader.java:loadSchemaFromFile(129)) - Loading schema from [jar:file:/home/runner/.m2/repository/org/apache/ozone/hdds-common/1.4.0-SNAPSHOT/hdds-common-1.4.0-SNAPSHOT.jar!/network-topology-default.xml]
2023-02-22 04:46:41,733 [Listener at 127.0.0.1/44521] INFO  net.NodeSchemaLoader (NodeSchemaLoader.java:loadSchema(176)) - Loading network topology layer schema file
2023-02-22 04:46:41,735 [Listener at 127.0.0.1/44521] INFO  upgrade.AbstractLayoutVersionManager (AbstractLayoutVersionManager.java:init(83)) - Initializing Layout version manager with metadata layout = DATANODE_SCHEMA_V3 (version = 4), software layout = DATANODE_SCHEMA_V3 (version = 4)
2023-02-22 04:46:41,781 [Listener at 127.0.0.1/44521] INFO  reflections.Reflections (Reflections.java:scan(232)) - Reflections took 45 ms to scan 7 urls, producing 150 keys and 362 values 
2023-02-22 04:46:41,786 [Listener at 127.0.0.1/44521] INFO  ha.SequenceIdGenerator (SequenceIdGenerator.java:upgradeToSequenceId(349)) - upgrade localId to 111677748019200000
2023-02-22 04:46:41,786 [Listener at 127.0.0.1/44521] INFO  ha.SequenceIdGenerator (SequenceIdGenerator.java:upgradeToSequenceId(359)) - upgrade delTxnId to 0
2023-02-22 04:46:41,787 [Listener at 127.0.0.1/44521] INFO  ha.SequenceIdGenerator (SequenceIdGenerator.java:upgradeToSequenceId(376)) - upgrade containerId to 0
2023-02-22 04:46:41,787 [Listener at 127.0.0.1/44521] INFO  ha.SequenceIdGenerator (SequenceIdGenerator.java:<init>(220)) - Init the HA SequenceIdGenerator.
2023-02-22 04:46:41,787 [Listener at 127.0.0.1/44521] WARN  server.ServerUtils (ServerUtils.java:sanitizeUserArgs(73)) - ozone.scm.stale.node.interval value = 300000 is larger than max = 100000 based on the key value of ozone.scm.heartbeat.thread.interval, reset to the max value 100000.
2023-02-22 04:46:41,787 [Listener at 127.0.0.1/44521] WARN  server.ServerUtils (ServerUtils.java:sanitizeUserArgs(73)) - ozone.scm.stale.node.interval value = 300000 is larger than max = 100000 based on the key value of ozone.scm.heartbeat.thread.interval, reset to the max value 100000.
2023-02-22 04:46:41,787 [Listener at 127.0.0.1/44521] INFO  node.SCMNodeManager (SCMNodeManager.java:<init>(149)) - Entering startup safe mode.
2023-02-22 04:46:41,788 [Listener at 127.0.0.1/44521] INFO  algorithms.ContainerPlacementPolicyFactory (ContainerPlacementPolicyFactory.java:getPolicyInternal(86)) - Create container placement policy of type org.apache.hadoop.hdds.scm.container.placement.algorithms.SCMContainerPlacementRandom
2023-02-22 04:46:41,788 [Listener at 127.0.0.1/44521] INFO  algorithms.ContainerPlacementPolicyFactory (ContainerPlacementPolicyFactory.java:getPolicyInternal(86)) - Create container placement policy of type org.apache.hadoop.hdds.scm.container.placement.algorithms.SCMContainerPlacementRackScatter
2023-02-22 04:46:41,788 [Listener at 127.0.0.1/44521] INFO  pipeline.PipelineStateManagerImpl (PipelineStateManagerImpl.java:initialize(78)) - No pipeline exists in current db
2023-02-22 04:46:41,788 [Listener at 127.0.0.1/44521] INFO  algorithms.LeaderChoosePolicyFactory (LeaderChoosePolicyFactory.java:getPolicy(57)) - Create leader choose policy of type org.apache.hadoop.hdds.scm.pipeline.leader.choose.algorithms.MinLeaderCountChoosePolicy
2023-02-22 04:46:41,788 [Listener at 127.0.0.1/44521] INFO  algorithms.ContainerPlacementPolicyFactory (ContainerPlacementPolicyFactory.java:getPolicyInternal(86)) - Create container placement policy of type org.apache.hadoop.hdds.scm.container.placement.algorithms.SCMContainerPlacementRackScatter
2023-02-22 04:46:41,788 [Listener at 127.0.0.1/44521] INFO  ha.SCMServiceManager (SCMServiceManager.java:register(42)) - Registering service BackgroundPipelineCreator.
2023-02-22 04:46:41,788 [Listener at 127.0.0.1/44521] INFO  pipeline.BackgroundPipelineCreator (BackgroundPipelineCreator.java:start(124)) - Starting RatisPipelineUtilsThread.
2023-02-22 04:46:41,793 [Listener at 127.0.0.1/44521] INFO  BackgroundPipelineScrubber (BackgroundSCMService.java:start(68)) - Starting BackgroundPipelineScrubber Service.
2023-02-22 04:46:41,793 [Listener at 127.0.0.1/44521] INFO  ha.SCMServiceManager (SCMServiceManager.java:register(42)) - Registering service BackgroundPipelineScrubber.
2023-02-22 04:46:41,794 [Listener at 127.0.0.1/44521] INFO  ExpiredContainerReplicaOpScrubber (BackgroundSCMService.java:start(68)) - Starting ExpiredContainerReplicaOpScrubber Service.
2023-02-22 04:46:41,794 [Listener at 127.0.0.1/44521] INFO  ha.SCMServiceManager (SCMServiceManager.java:register(42)) - Registering service ExpiredContainerReplicaOpScrubber.
2023-02-22 04:46:41,795 [Listener at 127.0.0.1/44521] INFO  algorithms.PipelineChoosePolicyFactory (PipelineChoosePolicyFactory.java:createPipelineChoosePolicyFromClass(73)) - Create pipeline choose policy of type org.apache.hadoop.hdds.scm.pipeline.choose.algorithms.RandomPipelineChoosePolicy
2023-02-22 04:46:41,795 [Listener at 127.0.0.1/44521] INFO  ha.SCMServiceManager (SCMServiceManager.java:register(42)) - Registering service SCMBlockDeletingService.
2023-02-22 04:46:41,795 [Listener at 127.0.0.1/44521] INFO  replication.ReplicationManager (ReplicationManager.java:start(266)) - Starting Replication Monitor Thread.
2023-02-22 04:46:41,800 [Listener at 127.0.0.1/44521] INFO  ha.SCMServiceManager (SCMServiceManager.java:register(42)) - Registering service ReplicationManager.
2023-02-22 04:46:41,800 [Listener at 127.0.0.1/44521] INFO  safemode.ContainerSafeModeRule (ContainerSafeModeRule.java:<init>(89)) - containers with one replica threshold count 0
2023-02-22 04:46:41,801 [Listener at 127.0.0.1/44521] INFO  safemode.HealthyPipelineSafeModeRule (HealthyPipelineSafeModeRule.java:initializeRule(169)) - Total pipeline count is 0, healthy pipeline threshold count is 1
2023-02-22 04:46:41,801 [Listener at 127.0.0.1/44521] INFO  safemode.OneReplicaPipelineSafeModeRule (OneReplicaPipelineSafeModeRule.java:initializeRule(180)) - Total pipeline count is 0, pipeline's with at least one datanode reported threshold count is 0
2023-02-22 04:46:41,802 [ReplicationMonitor] INFO  replication.ReplicationManager (ReplicationManager.java:processAll(341)) - Replication Manager is not ready to run until 3000ms after safemode exit
2023-02-22 04:46:41,802 [Listener at 127.0.0.1/44521] INFO  ipc.CallQueueManager (CallQueueManager.java:<init>(90)) - Using callQueue: class java.util.concurrent.LinkedBlockingQueue, queueCapacity: 2000, scheduler: class org.apache.hadoop.ipc.DefaultRpcScheduler, ipcBackoff: false.
2023-02-22 04:46:41,803 [Socket Reader #1 for port 0] INFO  ipc.Server (Server.java:run(1273)) - Starting Socket Reader #1 for port 0
2023-02-22 04:46:41,804 [Listener at 0.0.0.0/34569] INFO  ipc.CallQueueManager (CallQueueManager.java:<init>(90)) - Using callQueue: class java.util.concurrent.LinkedBlockingQueue, queueCapacity: 2000, scheduler: class org.apache.hadoop.ipc.DefaultRpcScheduler, ipcBackoff: false.
2023-02-22 04:46:41,805 [Socket Reader #1 for port 0] INFO  ipc.Server (Server.java:run(1273)) - Starting Socket Reader #1 for port 0
2023-02-22 04:46:41,806 [Listener at 0.0.0.0/34467] INFO  ipc.CallQueueManager (CallQueueManager.java:<init>(90)) - Using callQueue: class java.util.concurrent.LinkedBlockingQueue, queueCapacity: 2000, scheduler: class org.apache.hadoop.ipc.DefaultRpcScheduler, ipcBackoff: false.
2023-02-22 04:46:41,806 [Socket Reader #1 for port 0] INFO  ipc.Server (Server.java:run(1273)) - Starting Socket Reader #1 for port 0
2023-02-22 04:46:41,810 [Listener at 0.0.0.0/46587] INFO  ha.SCMServiceManager (SCMServiceManager.java:register(42)) - Registering service ContainerBalancer.
2023-02-22 04:46:41,810 [Listener at 0.0.0.0/46587] INFO  server.StorageContainerManager (StorageContainerManager.java:<init>(402)) - 
Container Balancer status:
Key                            Value
Running                        true
Container Balancer Configuration values:
Key                                                Value
Threshold                                          10
Max Datanodes to Involve per Iteration(percent)    20
Max Size to Move per Iteration                     500GB
Max Size Entering Target per Iteration             26GB
Max Size Leaving Source per Iteration              26GB

2023-02-22 04:46:41,810 [Listener at 0.0.0.0/46587] INFO  ha.SCMContext (SCMContext.java:updateSafeModeStatus(228)) - Update SafeModeStatus from SafeModeStatus{safeModeStatus=true, preCheckPassed=false} to SafeModeStatus{safeModeStatus=true, preCheckPassed=false}.
2023-02-22 04:46:41,810 [Listener at 0.0.0.0/46587] INFO  server.StorageContainerManager (StorageContainerManager.java:start(1436)) - StorageContainerLocationProtocol RPC server is listening at /0.0.0.0:46587
2023-02-22 04:46:41,811 [Listener at 0.0.0.0/46587] WARN  impl.MetricsConfig (MetricsConfig.java:loadFirst(136)) - Cannot locate configuration: tried hadoop-metrics2-storagecontainermanager.properties,hadoop-metrics2.properties
2023-02-22 04:46:41,819 [Listener at 0.0.0.0/46587] INFO  impl.MetricsSystemImpl (MetricsSystemImpl.java:startTimer(378)) - Scheduled Metric snapshot period at 10 second(s).
2023-02-22 04:46:41,819 [Listener at 0.0.0.0/46587] INFO  impl.MetricsSystemImpl (MetricsSystemImpl.java:start(191)) - StorageContainerManager metrics system started
2023-02-22 04:46:41,827 [Listener at 0.0.0.0/46587] INFO  impl.MetricsSinkAdapter (MetricsSinkAdapter.java:start(204)) - Sink prometheus started
2023-02-22 04:46:41,827 [Listener at 0.0.0.0/46587] INFO  impl.MetricsSystemImpl (MetricsSystemImpl.java:registerSink(305)) - Registered sink prometheus
2023-02-22 04:46:41,858 [Listener at 0.0.0.0/46587] INFO  server.SCMClientProtocolServer (SCMClientProtocolServer.java:start(176)) - RPC server for Client  is listening at /0.0.0.0:46587
2023-02-22 04:46:41,858 [IPC Server Responder] INFO  ipc.Server (Server.java:run(1512)) - IPC Server Responder: starting
2023-02-22 04:46:41,866 [Listener at 0.0.0.0/46587] INFO  server.StorageContainerManager (StorageContainerManager.java:start(1450)) - ScmBlockLocationProtocol RPC server is listening at /0.0.0.0:34467
2023-02-22 04:46:41,867 [Listener at 0.0.0.0/46587] INFO  server.SCMBlockProtocolServer (SCMBlockProtocolServer.java:start(152)) - RPC server for Block Protocol is listening at /0.0.0.0:34467
2023-02-22 04:46:41,867 [IPC Server Responder] INFO  ipc.Server (Server.java:run(1512)) - IPC Server Responder: starting
2023-02-22 04:46:41,867 [IPC Server listener on 0] INFO  ipc.Server (Server.java:run(1352)) - IPC Server listener on 0: starting
2023-02-22 04:46:41,868 [Listener at 0.0.0.0/46587] INFO  server.SCMDatanodeProtocolServer (SCMDatanodeProtocolServer.java:start(193)) - ScmDatanodeProtocol RPC server for DataNodes is listening at /0.0.0.0:34569
2023-02-22 04:46:41,869 [IPC Server Responder] INFO  ipc.Server (Server.java:run(1512)) - IPC Server Responder: starting
2023-02-22 04:46:41,869 [IPC Server listener on 0] INFO  ipc.Server (Server.java:run(1352)) - IPC Server listener on 0: starting
2023-02-22 04:46:41,871 [IPC Server listener on 0] INFO  ipc.Server (Server.java:run(1352)) - IPC Server listener on 0: starting
2023-02-22 04:46:41,871 [Listener at 0.0.0.0/46587] INFO  http.BaseHttpServer (BaseHttpServer.java:newHttpServer2BuilderForOzone(213)) - Starting Web-server for scm at: http://0.0.0.0:0
2023-02-22 04:46:41,872 [Listener at 0.0.0.0/46587] INFO  http.BaseHttpServer (BaseHttpServer.java:<init>(108)) - Hadoop Security Enabled: false Ozone Security Enabled: false Ozone HTTP Security Enabled: false 
2023-02-22 04:46:41,874 [Listener at 0.0.0.0/46587] WARN  server.AuthenticationFilter (AuthenticationFilter.java:constructSecretProvider(240)) - Unable to initialize FileSignerSecretProvider, falling back to use random secrets. Reason: Could not read signature secret file: /home/runner/hadoop-http-auth-signature-secret
2023-02-22 04:46:41,874 [org.apache.hadoop.util.JvmPauseMonitor$Monitor@48f345c] INFO  util.JvmPauseMonitor (JvmPauseMonitor.java:run(188)) - Starting JVM pause monitor
2023-02-22 04:46:41,878 [Listener at 0.0.0.0/46587] WARN  http.HttpRequestLog (HttpRequestLog.java:getRequestLog(103)) - Jetty request log can only be enabled using Log4j
2023-02-22 04:46:41,879 [Listener at 0.0.0.0/46587] INFO  http.HttpServer2 (HttpServer2.java:addGlobalFilter(1031)) - Added global filter 'safety' (class=org.apache.hadoop.hdds.server.http.HttpServer2$QuotingInputFilter)
2023-02-22 04:46:41,880 [Listener at 0.0.0.0/46587] INFO  http.HttpServer2 (HttpServer2.java:addFilter(1007)) - Added filter static_user_filter (class=org.apache.hadoop.http.lib.StaticUserWebFilter$StaticUserFilter) to context scm
2023-02-22 04:46:41,880 [Listener at 0.0.0.0/46587] INFO  http.HttpServer2 (HttpServer2.java:addFilter(1015)) - Added filter static_user_filter (class=org.apache.hadoop.http.lib.StaticUserWebFilter$StaticUserFilter) to context logs
2023-02-22 04:46:41,880 [Listener at 0.0.0.0/46587] INFO  http.HttpServer2 (HttpServer2.java:addFilter(1015)) - Added filter static_user_filter (class=org.apache.hadoop.http.lib.StaticUserWebFilter$StaticUserFilter) to context static
2023-02-22 04:46:41,881 [Listener at 0.0.0.0/46587] INFO  http.HttpServer2 (HttpServer2.java:bindListener(1250)) - Jetty bound to port 33431
2023-02-22 04:46:41,881 [Listener at 0.0.0.0/46587] INFO  server.Server (Server.java:doStart(375)) - jetty-9.4.49.v20220914; built: 2022-09-14T01:07:36.601Z; git: 4231a3b2e4cb8548a412a789936d640a97b1aa0a; jvm 1.8.0_362-b09
2023-02-22 04:46:41,890 [Listener at 0.0.0.0/46587] INFO  server.session (DefaultSessionIdManager.java:doStart(334)) - DefaultSessionIdManager workerName=node0
2023-02-22 04:46:41,890 [Listener at 0.0.0.0/46587] INFO  server.session (DefaultSessionIdManager.java:doStart(339)) - No SessionScavenger set, using defaults
2023-02-22 04:46:41,890 [Listener at 0.0.0.0/46587] INFO  server.session (HouseKeeper.java:startScavenging(132)) - node0 Scavenging every 660000ms
2023-02-22 04:46:41,891 [Listener at 0.0.0.0/46587] INFO  handler.ContextHandler (ContextHandler.java:doStart(921)) - Started o.e.j.s.ServletContextHandler@3d1719b7{logs,/logs,file:///home/runner/work/ozone/ozone/hadoop-ozone/integration-test/target/log,AVAILABLE}
2023-02-22 04:46:41,891 [Listener at 0.0.0.0/46587] INFO  handler.ContextHandler (ContextHandler.java:doStart(921)) - Started o.e.j.s.ServletContextHandler@e0649c{static,/static,file:///home/runner/work/ozone/ozone/hadoop-ozone/integration-test/target/test-classes/webapps/static,AVAILABLE}
2023-02-22 04:46:41,894 [Listener at 0.0.0.0/46587] INFO  handler.ContextHandler (ContextHandler.java:doStart(921)) - Started o.e.j.w.WebAppContext@3f45c55{scm,/,file:///home/runner/work/ozone/ozone/hadoop-ozone/integration-test/target/test-classes/webapps/scm/,AVAILABLE}{file:/home/runner/work/ozone/ozone/hadoop-ozone/integration-test/target/test-classes/webapps/scm}
2023-02-22 04:46:41,903 [Listener at 0.0.0.0/46587] INFO  server.AbstractConnector (AbstractConnector.java:doStart(333)) - Started ServerConnector@19c41e9f{HTTP/1.1, (http/1.1)}{0.0.0.0:33431}
2023-02-22 04:46:41,903 [Listener at 0.0.0.0/46587] INFO  server.Server (Server.java:doStart(415)) - Started @120343ms
2023-02-22 04:46:41,903 [Listener at 0.0.0.0/46587] WARN  impl.MetricsSystemImpl (MetricsSystemImpl.java:register(279)) - Sink prometheus already exists!
2023-02-22 04:46:41,904 [Listener at 0.0.0.0/46587] INFO  http.BaseHttpServer (BaseHttpServer.java:updateConnectorAddress(333)) - HTTP server of scm listening at http://0.0.0.0:33431
2023-02-22 04:46:41,906 [Listener at 0.0.0.0/46587] INFO  ha.OMHANodeDetails (OMHANodeDetails.java:loadOMHAConfig(121)) - ServiceID for OzoneManager is om-service-test1
2023-02-22 04:46:41,906 [Listener at 0.0.0.0/46587] INFO  ha.OMHANodeDetails (OMHANodeDetails.java:loadOMHAConfig(201)) - Found matching OM address with OMServiceId: om-service-test1, OMNodeId: omNode-1, RPC Address: localhost:46571 and Ratis port: 40145
2023-02-22 04:46:41,906 [Listener at 0.0.0.0/46587] INFO  ha.OMHANodeDetails (ConfUtils.java:setNodeSpecificConfigs(97)) - Setting configuration key ozone.om.http-address with value of key ozone.om.http-address.om-service-test1.omNode-1: 127.0.0.1:41963
2023-02-22 04:46:41,906 [Listener at 0.0.0.0/46587] INFO  ha.OMHANodeDetails (ConfUtils.java:setNodeSpecificConfigs(97)) - Setting configuration key ozone.om.https-address with value of key ozone.om.https-address.om-service-test1.omNode-1: 127.0.0.1:44153
2023-02-22 04:46:41,906 [Listener at 0.0.0.0/46587] INFO  ha.OMHANodeDetails (ConfUtils.java:setNodeSpecificConfigs(97)) - Setting configuration key ozone.om.address with value of key ozone.om.address.om-service-test1.omNode-1: 127.0.0.1:46571
2023-02-22 04:46:41,906 [Listener at 0.0.0.0/46587] WARN  server.ServerUtils (ServerUtils.java:getDBPath(225)) - ozone.om.db.dirs is not configured. We recommend adding this setting. Falling back to ozone.metadata.dirs instead.
2023-02-22 04:46:41,908 [Listener at 0.0.0.0/46587] INFO  proxy.SCMBlockLocationFailoverProxyProvider (SCMBlockLocationFailoverProxyProvider.java:<init>(114)) - Created block location fail-over proxy with 1 nodes: [nodeId=scmNodeId,nodeAddress=/0.0.0.0:34467]
OM initialization succeeded.Current cluster id for sd=/home/runner/work/ozone/ozone/hadoop-ozone/integration-test/target/test-dir/MiniOzoneClusterImpl-7cc88fad-c9bf-4c80-b076-d2cf48673a1e/omNode-1/om;cid=7cc88fad-c9bf-4c80-b076-d2cf48673a1e;layoutVersion=3
2023-02-22 04:46:41,913 [Listener at 0.0.0.0/46587] INFO  ha.OMHANodeDetails (OMHANodeDetails.java:loadOMHAConfig(121)) - ServiceID for OzoneManager is om-service-test1
2023-02-22 04:46:41,914 [Listener at 0.0.0.0/46587] INFO  ha.OMHANodeDetails (OMHANodeDetails.java:loadOMHAConfig(201)) - Found matching OM address with OMServiceId: om-service-test1, OMNodeId: omNode-1, RPC Address: localhost:46571 and Ratis port: 40145
2023-02-22 04:46:41,914 [Listener at 0.0.0.0/46587] INFO  ha.OMHANodeDetails (ConfUtils.java:setNodeSpecificConfigs(97)) - Setting configuration key ozone.om.http-address with value of key ozone.om.http-address.om-service-test1.omNode-1: 127.0.0.1:41963
2023-02-22 04:46:41,914 [Listener at 0.0.0.0/46587] INFO  ha.OMHANodeDetails (ConfUtils.java:setNodeSpecificConfigs(97)) - Setting configuration key ozone.om.https-address with value of key ozone.om.https-address.om-service-test1.omNode-1: 127.0.0.1:44153
2023-02-22 04:46:41,914 [Listener at 0.0.0.0/46587] INFO  ha.OMHANodeDetails (ConfUtils.java:setNodeSpecificConfigs(97)) - Setting configuration key ozone.om.address with value of key ozone.om.address.om-service-test1.omNode-1: 127.0.0.1:46571
2023-02-22 04:46:41,914 [Listener at 0.0.0.0/46587] WARN  server.ServerUtils (ServerUtils.java:getDBPath(225)) - ozone.om.db.dirs is not configured. We recommend adding this setting. Falling back to ozone.metadata.dirs instead.
2023-02-22 04:46:41,916 [Listener at 0.0.0.0/46587] INFO  upgrade.AbstractLayoutVersionManager (AbstractLayoutVersionManager.java:init(83)) - Initializing Layout version manager with metadata layout = MULTITENANCY_SCHEMA (version = 3), software layout = MULTITENANCY_SCHEMA (version = 3)
2023-02-22 04:46:41,980 [Listener at 0.0.0.0/46587] INFO  reflections.Reflections (Reflections.java:scan(232)) - Reflections took 64 ms to scan 2 urls, producing 166 keys and 457 values [using 2 cores]
2023-02-22 04:46:41,980 [Listener at 0.0.0.0/46587] INFO  upgrade.OMLayoutVersionManager (OMLayoutVersionManager.java:lambda$0(115)) - Skipping Upgrade Action MockOmUpgradeAction since it has been finalized.
2023-02-22 04:46:41,981 [Listener at 0.0.0.0/46587] WARN  server.ServerUtils (ServerUtils.java:getDBPath(225)) - ozone.om.db.dirs is not configured. We recommend adding this setting. Falling back to ozone.metadata.dirs instead.
2023-02-22 04:46:41,982 [Listener at 0.0.0.0/46587] INFO  proxy.SCMBlockLocationFailoverProxyProvider (SCMBlockLocationFailoverProxyProvider.java:<init>(114)) - Created block location fail-over proxy with 1 nodes: [nodeId=scmNodeId,nodeAddress=/0.0.0.0:34467]
2023-02-22 04:46:41,983 [Listener at 0.0.0.0/46587] INFO  proxy.SCMBlockLocationFailoverProxyProvider (SCMBlockLocationFailoverProxyProvider.java:<init>(114)) - Created block location fail-over proxy with 1 nodes: [nodeId=scmNodeId,nodeAddress=/0.0.0.0:34467]
2023-02-22 04:46:41,992 [Listener at 0.0.0.0/46587] INFO  om.OzoneManager (OzoneManager.java:<init>(615)) - OM start with adminUsers: [runner]
2023-02-22 04:46:41,998 [Listener at 0.0.0.0/46587] WARN  server.ServerUtils (ServerUtils.java:getDBPath(225)) - ozone.om.db.dirs is not configured. We recommend adding this setting. Falling back to ozone.metadata.dirs instead.
2023-02-22 04:46:41,998 [Listener at 0.0.0.0/46587] INFO  codec.OmKeyInfoCodec (OmKeyInfoCodec.java:<init>(49)) - OmKeyInfoCodec ignorePipeline = true
2023-02-22 04:46:41,998 [Listener at 0.0.0.0/46587] INFO  codec.RepeatedOmKeyInfoCodec (RepeatedOmKeyInfoCodec.java:<init>(41)) - RepeatedOmKeyInfoCodec ignorePipeline = true
2023-02-22 04:46:42,154 [Listener at 0.0.0.0/46587] INFO  om.OzoneManager (OzoneManager.java:instantiateServices(745)) - S3 Multi-Tenancy is disabled
2023-02-22 04:46:42,155 [Listener at 0.0.0.0/46587] WARN  server.ServerUtils (ServerUtils.java:getDBPath(225)) - ozone.om.snapshot.diff.db.dir is not configured. We recommend adding this setting. Falling back to ozone.metadata.dirs instead.
2023-02-22 04:46:42,166 [Listener at 0.0.0.0/46587] INFO  om.OzoneManager (OzoneManager.java:addS3GVolumeToDB(4179)) - Created Volume s3v With Owner runner required for S3Gateway operations.
2023-02-22 04:46:42,166 [Listener at 0.0.0.0/46587] WARN  server.ServerUtils (ServerUtils.java:getDefaultRatisDirectory(237)) - Storage directory for Ratis is not configured. It is a good idea to map this to an SSD disk. Falling back to ozone.metadata.dirs
2023-02-22 04:46:42,166 [Listener at 0.0.0.0/46587] WARN  utils.OzoneManagerRatisUtils (OzoneManagerRatisUtils.java:getOMRatisSnapshotDirectory(436)) - ozone.om.ratis.snapshot.dir is not configured. Falling back to ozone.metadata.dirs config
2023-02-22 04:46:42,166 [Listener at 0.0.0.0/46587] INFO  snapshot.OzoneManagerSnapshotProvider (OzoneManagerSnapshotProvider.java:<init>(76)) - Initializing OM Snapshot Provider
2023-02-22 04:46:42,168 [Listener at 0.0.0.0/46587] WARN  server.ServerUtils (ServerUtils.java:getDefaultRatisDirectory(237)) - Storage directory for Ratis is not configured. It is a good idea to map this to an SSD disk. Falling back to ozone.metadata.dirs
2023-02-22 04:46:42,169 [Listener at 0.0.0.0/46587] INFO  ratis.OzoneManagerRatisServer (OzoneManagerRatisServer.java:<init>(164)) - Instantiating OM Ratis server with groupID: om-service-test1 and peers: localhost:40145, localhost:41063, localhost:40015
2023-02-22 04:46:42,169 [Listener at 0.0.0.0/46587] INFO  ratis.OzoneManagerStateMachine (OzoneManagerStateMachine.java:loadSnapshotInfoFromDB(636)) - LastAppliedIndex is set from TransactionInfo from OM DB as (t:0, i:~)
2023-02-22 04:46:42,169 [Listener at 0.0.0.0/46587] INFO  server.RaftServer (ConfUtils.java:logGet(46)) - raft.rpc.type = GRPC (default)
2023-02-22 04:46:42,169 [Listener at 0.0.0.0/46587] INFO  grpc.GrpcConfigKeys (ConfUtils.java:logFallback(53)) - raft.grpc.admin.host = null (fallback to raft.grpc.server.host)
2023-02-22 04:46:42,169 [Listener at 0.0.0.0/46587] INFO  grpc.GrpcConfigKeys (ConfUtils.java:logFallback(53)) - raft.grpc.admin.port = 40145 (fallback to raft.grpc.server.port)
2023-02-22 04:46:42,170 [Listener at 0.0.0.0/46587] INFO  grpc.GrpcConfigKeys (ConfUtils.java:logFallback(53)) - raft.grpc.client.host = null (fallback to raft.grpc.server.host)
2023-02-22 04:46:42,170 [Listener at 0.0.0.0/46587] INFO  grpc.GrpcConfigKeys (ConfUtils.java:logFallback(53)) - raft.grpc.client.port = 40145 (fallback to raft.grpc.server.port)
2023-02-22 04:46:42,170 [Listener at 0.0.0.0/46587] INFO  grpc.GrpcConfigKeys (ConfUtils.java:logGet(46)) - raft.grpc.server.host = null (default)
2023-02-22 04:46:42,170 [Listener at 0.0.0.0/46587] INFO  grpc.GrpcConfigKeys (ConfUtils.java:logGet(46)) - raft.grpc.server.port = 40145 (custom)
2023-02-22 04:46:42,170 [Listener at 0.0.0.0/46587] INFO  server.GrpcService (ConfUtils.java:logGet(46)) - raft.grpc.message.size.max = 33554432 (custom)
2023-02-22 04:46:42,170 [Listener at 0.0.0.0/46587] INFO  server.RaftServerConfigKeys (ConfUtils.java:logGet(46)) - raft.server.log.appender.buffer.byte-limit = 33554432 (custom)
2023-02-22 04:46:42,170 [Listener at 0.0.0.0/46587] INFO  server.GrpcService (ConfUtils.java:logGet(46)) - raft.grpc.flow.control.window = 1MB (=1048576) (default)
2023-02-22 04:46:42,170 [Listener at 0.0.0.0/46587] INFO  server.RaftServerConfigKeys (ConfUtils.java:logGet(46)) - raft.server.rpc.request.timeout = 3000ms (default)
2023-02-22 04:46:42,170 [Listener at 0.0.0.0/46587] INFO  grpc.GrpcConfigKeys (ConfUtils.java:logGet(46)) - raft.grpc.server.heartbeat.channel = true (default)
2023-02-22 04:46:42,170 [Listener at 0.0.0.0/46587] INFO  grpc.GrpcConfigKeys (ConfUtils.java:logGet(46)) - raft.grpc.server.async.request.thread.pool.cached = true (default)
2023-02-22 04:46:42,170 [Listener at 0.0.0.0/46587] INFO  grpc.GrpcConfigKeys (ConfUtils.java:logGet(46)) - raft.grpc.server.async.request.thread.pool.size = 32 (default)
2023-02-22 04:46:42,171 [Listener at 0.0.0.0/46587] INFO  impl.DataStreamServerImpl (ConfUtils.java:logGet(46)) - raft.datastream.type = DISABLED (default)
2023-02-22 04:46:42,171 [Listener at 0.0.0.0/46587] INFO  server.RaftServerConfigKeys (ConfUtils.java:logGet(46)) - raft.server.threadpool.proxy.cached = true (default)
2023-02-22 04:46:42,172 [Listener at 0.0.0.0/46587] INFO  server.RaftServerConfigKeys (ConfUtils.java:logGet(46)) - raft.server.threadpool.proxy.size = 0 (default)
2023-02-22 04:46:42,172 [Listener at 0.0.0.0/46587] INFO  server.RaftServerConfigKeys (ConfUtils.java:logGet(46)) - raft.server.rpc.slowness.timeout = 2s (custom)
2023-02-22 04:46:42,172 [Listener at 0.0.0.0/46587] INFO  server.RaftServerConfigKeys (ConfUtils.java:logGet(46)) - raft.server.leaderelection.leader.step-down.wait-time = 10s (default)
2023-02-22 04:46:42,172 [Listener at 0.0.0.0/46587] INFO  server.RaftServerConfigKeys (ConfUtils.java:logGet(46)) - raft.server.storage.dir = [/home/runner/work/ozone/ozone/hadoop-ozone/integration-test/target/test-dir/MiniOzoneClusterImpl-7cc88fad-c9bf-4c80-b076-d2cf48673a1e/omNode-1/ratis] (custom)
2023-02-22 04:46:42,172 [Listener at 0.0.0.0/46587] INFO  server.RaftServer (RaftServerProxy.java:addNew(96)) - omNode-1: addNew group-523986131536:[omNode-3|rpc:localhost:41063|priority:0|startupRole:FOLLOWER, omNode-1|rpc:localhost:40145|priority:0|startupRole:FOLLOWER, omNode-2|rpc:localhost:40015|priority:0|startupRole:FOLLOWER] returns group-523986131536:java.util.concurrent.CompletableFuture@320c6e2e[Not completed]
2023-02-22 04:46:42,172 [Listener at 0.0.0.0/46587] INFO  om.OzoneManager (OzoneManager.java:initializeRatisServer(2080)) - OzoneManager Ratis server initialized at port 40145
2023-02-22 04:46:42,172 [pool-1416-thread-1] INFO  server.RaftServer$Division (RaftServerImpl.java:<init>(195)) - omNode-1: new RaftServerImpl for group-523986131536:[omNode-3|rpc:localhost:41063|priority:0|startupRole:FOLLOWER, omNode-1|rpc:localhost:40145|priority:0|startupRole:FOLLOWER, omNode-2|rpc:localhost:40015|priority:0|startupRole:FOLLOWER] with OzoneManagerStateMachine:uninitialized
2023-02-22 04:46:42,173 [Listener at 0.0.0.0/46587] INFO  om.OzoneManager (OzoneManager.java:getRpcServer(1128)) - Creating RPC Server
2023-02-22 04:46:42,173 [pool-1416-thread-1] INFO  server.RaftServerConfigKeys (ConfUtils.java:logGet(46)) - raft.server.rpc.timeout.min = 1s (custom)
2023-02-22 04:46:42,173 [pool-1416-thread-1] INFO  server.RaftServerConfigKeys (ConfUtils.java:logGet(46)) - raft.server.rpc.timeout.max = 1200ms (custom)
2023-02-22 04:46:42,173 [pool-1416-thread-1] INFO  server.RaftServerConfigKeys (ConfUtils.java:logGet(46)) - raft.server.rpc.sleep.time = 25ms (default)
2023-02-22 04:46:42,173 [pool-1416-thread-1] INFO  server.RaftServerConfigKeys (ConfUtils.java:logGet(46)) - raft.server.rpc.slowness.timeout = 2s (custom)
2023-02-22 04:46:42,178 [pool-1416-thread-1] INFO  server.RaftServerConfigKeys (ConfUtils.java:logGet(46)) - raft.server.leaderelection.leader.step-down.wait-time = 10s (default)
2023-02-22 04:46:42,178 [pool-1416-thread-1] INFO  server.RaftServerConfigKeys (ConfUtils.java:logGet(46)) - raft.server.sleep.deviation.threshold = 300ms (default)
2023-02-22 04:46:42,178 [pool-1416-thread-1] INFO  server.RaftServer$Division (ServerState.java:<init>(118)) - omNode-1@group-523986131536: ConfigurationManager, init=-1: peers:[omNode-3|rpc:localhost:41063|priority:0|startupRole:FOLLOWER, omNode-1|rpc:localhost:40145|priority:0|startupRole:FOLLOWER, omNode-2|rpc:localhost:40015|priority:0|startupRole:FOLLOWER]|listeners:[], old=null, confs=<EMPTY_MAP>
2023-02-22 04:46:42,178 [pool-1416-thread-1] INFO  server.RaftServerConfigKeys (ConfUtils.java:logGet(46)) - raft.server.storage.dir = [/home/runner/work/ozone/ozone/hadoop-ozone/integration-test/target/test-dir/MiniOzoneClusterImpl-7cc88fad-c9bf-4c80-b076-d2cf48673a1e/omNode-1/ratis] (custom)
2023-02-22 04:46:42,178 [pool-1416-thread-1] INFO  server.RaftServerConfigKeys (ConfUtils.java:logGet(46)) - raft.server.log.corruption.policy = EXCEPTION (default)
2023-02-22 04:46:42,178 [pool-1416-thread-1] INFO  server.RaftServerConfigKeys (ConfUtils.java:logGet(46)) - raft.server.storage.free-space.min = 0MB (=0) (default)
2023-02-22 04:46:42,178 [pool-1416-thread-1] INFO  server.RaftServerConfigKeys (ConfUtils.java:logGet(46)) - raft.server.notification.no-leader.timeout = 2s (custom)
2023-02-22 04:46:42,178 [pool-1416-thread-1] INFO  server.RaftServerConfigKeys (ConfUtils.java:logGet(46)) - raft.server.retrycache.expirytime = 300s (custom)
2023-02-22 04:46:42,178 [pool-1416-thread-1] INFO  server.RaftServerConfigKeys (ConfUtils.java:logGet(46)) - raft.server.retrycache.statistics.expirytime = 100μs (default)
2023-02-22 04:46:42,179 [pool-1416-thread-1] INFO  server.RaftServerConfigKeys (ConfUtils.java:logGet(46)) - raft.server.log.appender.install.snapshot.enabled = false (custom)
2023-02-22 04:46:42,179 [pool-1416-thread-1] INFO  server.RaftServerConfigKeys (ConfUtils.java:logGet(46)) - raft.server.threadpool.server.cached = true (default)
2023-02-22 04:46:42,179 [pool-1416-thread-1] INFO  server.RaftServerConfigKeys (ConfUtils.java:logGet(46)) - raft.server.threadpool.server.size = 0 (default)
2023-02-22 04:46:42,179 [pool-1416-thread-1] INFO  server.RaftServerConfigKeys (ConfUtils.java:logGet(46)) - raft.server.threadpool.client.cached = true (default)
2023-02-22 04:46:42,179 [pool-1416-thread-1] INFO  server.RaftServerConfigKeys (ConfUtils.java:logGet(46)) - raft.server.threadpool.client.size = 0 (default)
2023-02-22 04:46:42,296 [EndpointStateMachine task thread for /0.0.0.0:38827 - 0 ] INFO  ipc.Client (Client.java:handleConnectionFailure(1010)) - Retrying connect to server: 0.0.0.0/0.0.0.0:38827. Already tried 3 time(s); retry policy is RetryUpToMaximumCountWithFixedSleep(maxRetries=15, sleepTime=1000 MILLISECONDS)
2023-02-22 04:46:42,513 [Listener at 0.0.0.0/46587] INFO  reflections.Reflections (Reflections.java:scan(232)) - Reflections took 340 ms to scan 19 urls, producing 69 keys and 4835 values [using 2 cores]
2023-02-22 04:46:42,515 [Listener at 0.0.0.0/46587] INFO  ipc.CallQueueManager (CallQueueManager.java:<init>(90)) - Using callQueue: class java.util.concurrent.LinkedBlockingQueue, queueCapacity: 2000, scheduler: class org.apache.hadoop.ipc.DefaultRpcScheduler, ipcBackoff: false.
2023-02-22 04:46:42,516 [Socket Reader #1 for port 46571] INFO  ipc.Server (Server.java:run(1273)) - Starting Socket Reader #1 for port 46571
2023-02-22 04:46:42,535 [Listener at 127.0.0.1/46571] INFO  impl.MetricsSystemImpl (MetricsSystemImpl.java:init(158)) - OzoneManager metrics system started (again)
2023-02-22 04:46:42,546 [Listener at 127.0.0.1/46571] INFO  om.OzoneManager (OzoneManager.java:start(1548)) - OzoneManager RPC server is listening at localhost/127.0.0.1:46571
2023-02-22 04:46:42,546 [Listener at 127.0.0.1/46571] INFO  ratis.OzoneManagerRatisServer (OzoneManagerRatisServer.java:start(559)) - Starting OzoneManagerRatisServer omNode-1 at port 40145
2023-02-22 04:46:42,546 [omNode-1-impl-thread1] INFO  storage.RaftStorageDirectory (RaftStorageDirectoryImpl.java:analyzeStorage(137)) - The storage directory /home/runner/work/ozone/ozone/hadoop-ozone/integration-test/target/test-dir/MiniOzoneClusterImpl-7cc88fad-c9bf-4c80-b076-d2cf48673a1e/omNode-1/ratis/c9bc4cf4-3bc3-3c60-a66b-523986131536 does not exist. Creating ...
2023-02-22 04:46:42,548 [omNode-1-impl-thread1] INFO  storage.RaftStorageDirectory (RaftStorageDirectoryImpl.java:tryLock(231)) - Lock on /home/runner/work/ozone/ozone/hadoop-ozone/integration-test/target/test-dir/MiniOzoneClusterImpl-7cc88fad-c9bf-4c80-b076-d2cf48673a1e/omNode-1/ratis/c9bc4cf4-3bc3-3c60-a66b-523986131536/in_use.lock acquired by nodename 93364@fv-az748-120
2023-02-22 04:46:42,549 [omNode-1-impl-thread1] INFO  storage.RaftStorage (RaftStorageImpl.java:format(96)) - Storage directory /home/runner/work/ozone/ozone/hadoop-ozone/integration-test/target/test-dir/MiniOzoneClusterImpl-7cc88fad-c9bf-4c80-b076-d2cf48673a1e/omNode-1/ratis/c9bc4cf4-3bc3-3c60-a66b-523986131536 has been successfully formatted.
2023-02-22 04:46:42,549 [omNode-1-impl-thread1] INFO  server.RaftServerConfigKeys (ConfUtils.java:logGet(46)) - raft.server.log.use.memory = false (default)
2023-02-22 04:46:42,549 [omNode-1-impl-thread1] INFO  server.RaftServerConfigKeys (ConfUtils.java:logGet(46)) - raft.server.log.purge.gap = 1000000 (custom)
2023-02-22 04:46:42,549 [omNode-1-impl-thread1] INFO  server.RaftServerConfigKeys (ConfUtils.java:logGet(46)) - raft.server.log.appender.buffer.byte-limit = 33554432 (custom)
2023-02-22 04:46:42,549 [omNode-1-impl-thread1] INFO  server.RaftServerConfigKeys (ConfUtils.java:logGet(46)) - raft.server.log.statemachine.data.read.timeout = 1000ms (default)
2023-02-22 04:46:42,549 [omNode-1-impl-thread1] INFO  server.RaftServerConfigKeys (ConfUtils.java:logGet(46)) - raft.server.log.purge.preservation.log.num = 0 (default)
2023-02-22 04:46:42,550 [omNode-1-impl-thread1] INFO  server.RaftServerConfigKeys (ConfUtils.java:logGet(46)) - raft.server.log.segment.size.max = 4194304 (custom)
2023-02-22 04:46:42,550 [omNode-1-impl-thread1] INFO  server.RaftServerConfigKeys (ConfUtils.java:logGet(46)) - raft.server.log.segment.cache.num.max = 2 (custom)
2023-02-22 04:46:42,550 [omNode-1-impl-thread1] INFO  server.RaftServerConfigKeys (ConfUtils.java:logGet(46)) - raft.server.log.segment.cache.size.max = 200MB (=209715200) (default)
2023-02-22 04:46:42,550 [omNode-1-impl-thread1] INFO  segmented.SegmentedRaftLogWorker (SegmentedRaftLogWorker.java:<init>(189)) - new omNode-1@group-523986131536-SegmentedRaftLogWorker for RaftStorageImpl:Storage Directory /home/runner/work/ozone/ozone/hadoop-ozone/integration-test/target/test-dir/MiniOzoneClusterImpl-7cc88fad-c9bf-4c80-b076-d2cf48673a1e/omNode-1/ratis/c9bc4cf4-3bc3-3c60-a66b-523986131536
2023-02-22 04:46:42,550 [omNode-1-impl-thread1] INFO  server.RaftServerConfigKeys (ConfUtils.java:logGet(46)) - raft.server.log.queue.byte-limit = 64MB (=67108864) (default)
2023-02-22 04:46:42,550 [omNode-1-impl-thread1] INFO  server.RaftServerConfigKeys (ConfUtils.java:logGet(46)) - raft.server.log.queue.element-limit = 4096 (default)
2023-02-22 04:46:42,550 [omNode-1-impl-thread1] INFO  server.RaftServerConfigKeys (ConfUtils.java:logGet(46)) - raft.server.log.segment.size.max = 4194304 (custom)
2023-02-22 04:46:42,550 [omNode-1-impl-thread1] INFO  server.RaftServerConfigKeys (ConfUtils.java:logGet(46)) - raft.server.log.preallocated.size = 4194304 (custom)
2023-02-22 04:46:42,550 [omNode-1-impl-thread1] INFO  server.RaftServerConfigKeys (ConfUtils.java:logGet(46)) - raft.server.log.force.sync.num = 128 (default)
2023-02-22 04:46:42,550 [omNode-1-impl-thread1] INFO  server.RaftServerConfigKeys (ConfUtils.java:logGet(46)) - raft.server.log.statemachine.data.sync = true (default)
2023-02-22 04:46:42,550 [omNode-1-impl-thread1] INFO  server.RaftServerConfigKeys (ConfUtils.java:logGet(46)) - raft.server.log.statemachine.data.sync.timeout = 10s (default)
2023-02-22 04:46:42,550 [omNode-1-impl-thread1] INFO  server.RaftServerConfigKeys (ConfUtils.java:logGet(46)) - raft.server.log.statemachine.data.sync.timeout.retry = -1 (default)
2023-02-22 04:46:42,550 [omNode-1-impl-thread1] INFO  server.RaftServerConfigKeys (ConfUtils.java:logGet(46)) - raft.server.log.write.buffer.size = 64KB (=65536) (default)
2023-02-22 04:46:42,550 [omNode-1-impl-thread1] INFO  server.RaftServerConfigKeys (ConfUtils.java:logGet(46)) - raft.server.log.appender.buffer.byte-limit = 33554432 (custom)
2023-02-22 04:46:42,593 [omNode-1-impl-thread1] INFO  server.RaftServerConfigKeys (ConfUtils.java:logGet(46)) - raft.server.log.unsafe-flush.enabled = false (default)
2023-02-22 04:46:42,593 [omNode-1-impl-thread1] INFO  server.RaftServerConfigKeys (ConfUtils.java:logGet(46)) - raft.server.log.async-flush.enabled = false (default)
2023-02-22 04:46:42,593 [omNode-1-impl-thread1] INFO  server.RaftServerConfigKeys (ConfUtils.java:logGet(46)) - raft.server.log.statemachine.data.caching.enabled = false (default)
2023-02-22 04:46:42,593 [omNode-1-impl-thread1] INFO  segmented.SegmentedRaftLogWorker (SegmentedRaftLogWorker.java:lambda$new$0(135)) - omNode-1@group-523986131536-SegmentedRaftLogWorker: flushIndex: setUnconditionally 0 -> -1
2023-02-22 04:46:42,593 [omNode-1-impl-thread1] INFO  segmented.SegmentedRaftLogWorker (SegmentedRaftLogWorker.java:lambda$new$0(135)) - omNode-1@group-523986131536-SegmentedRaftLogWorker: safeCacheEvictIndex: setUnconditionally 0 -> -1
2023-02-22 04:46:42,593 [omNode-1-impl-thread1] INFO  server.RaftServer$Division (RaftServerImpl.java:start(334)) - omNode-1@group-523986131536: start as a follower, conf=-1: peers:[omNode-3|rpc:localhost:41063|priority:0|startupRole:FOLLOWER, omNode-1|rpc:localhost:40145|priority:0|startupRole:FOLLOWER, omNode-2|rpc:localhost:40015|priority:0|startupRole:FOLLOWER]|listeners:[], old=null
2023-02-22 04:46:42,593 [omNode-1-impl-thread1] INFO  server.RaftServer$Division (RaftServerImpl.java:setRole(321)) - omNode-1@group-523986131536: changes role from      null to FOLLOWER at term 0 for startAsFollower
2023-02-22 04:46:42,593 [omNode-1-impl-thread1] INFO  impl.RoleInfo (RoleInfo.java:updateAndGet(139)) - omNode-1: start omNode-1@group-523986131536-FollowerState
2023-02-22 04:46:42,595 [omNode-1-impl-thread1] INFO  util.JmxRegister (JmxRegister.java:tryRegister(44)) - Successfully registered JMX Bean with object name Ratis:service=RaftServer,group=group-523986131536,id=omNode-1
2023-02-22 04:46:42,595 [omNode-1-impl-thread1] INFO  server.RaftServerConfigKeys (ConfUtils.java:logGet(46)) - raft.server.snapshot.auto.trigger.enabled = true (custom)
2023-02-22 04:46:42,595 [omNode-1-impl-thread1] INFO  server.RaftServerConfigKeys (ConfUtils.java:logGet(46)) - raft.server.snapshot.auto.trigger.threshold = 400000 (default)
2023-02-22 04:46:42,595 [omNode-1-impl-thread1] INFO  server.RaftServerConfigKeys (ConfUtils.java:logGet(46)) - raft.server.snapshot.retention.file.num = -1 (default)
2023-02-22 04:46:42,595 [omNode-1-impl-thread1] INFO  server.RaftServerConfigKeys (ConfUtils.java:logGet(46)) - raft.server.log.purge.upto.snapshot.index = true (custom)
2023-02-22 04:46:42,595 [omNode-1@group-523986131536-FollowerState] INFO  server.RaftServerConfigKeys (ConfUtils.java:logFallback(53)) - raft.server.rpc.first-election.timeout.min = 1s (fallback to raft.server.rpc.timeout.min)
2023-02-22 04:46:42,595 [omNode-1@group-523986131536-FollowerState] INFO  server.RaftServerConfigKeys (ConfUtils.java:logFallback(53)) - raft.server.rpc.first-election.timeout.max = 1200ms (fallback to raft.server.rpc.timeout.max)
2023-02-22 04:46:42,595 [Listener at 127.0.0.1/46571] INFO  server.RaftServer (RaftServerProxy.java:startImpl(393)) - omNode-1: start RPC server
2023-02-22 04:46:42,601 [Listener at 127.0.0.1/46571] INFO  server.GrpcService (GrpcService.java:startImpl(262)) - omNode-1: GrpcService started, listening on 40145
2023-02-22 04:46:42,602 [Listener at 127.0.0.1/46571] INFO  om.OzoneManager (OzoneManager.java:start(1564)) - Version File has different layout version (3) than OM DB (null). That is expected if this OM has never been finalized to a newer layout version.
2023-02-22 04:46:42,602 [JvmPauseMonitor12] INFO  util.JvmPauseMonitor (JvmPauseMonitor.java:run(105)) - JvmPauseMonitor-omNode-1: Started
2023-02-22 04:46:42,608 [Listener at 127.0.0.1/46571] INFO  http.BaseHttpServer (BaseHttpServer.java:newHttpServer2BuilderForOzone(213)) - Starting Web-server for ozoneManager at: http://0.0.0.0:41963
2023-02-22 04:46:42,608 [Listener at 127.0.0.1/46571] INFO  http.BaseHttpServer (BaseHttpServer.java:<init>(108)) - Hadoop Security Enabled: false Ozone Security Enabled: false Ozone HTTP Security Enabled: false 
2023-02-22 04:46:42,610 [Listener at 127.0.0.1/46571] WARN  server.AuthenticationFilter (AuthenticationFilter.java:constructSecretProvider(240)) - Unable to initialize FileSignerSecretProvider, falling back to use random secrets. Reason: Could not read signature secret file: /home/runner/hadoop-http-auth-signature-secret
2023-02-22 04:46:42,610 [Listener at 127.0.0.1/46571] WARN  http.HttpRequestLog (HttpRequestLog.java:getRequestLog(103)) - Jetty request log can only be enabled using Log4j
2023-02-22 04:46:42,612 [Listener at 127.0.0.1/46571] INFO  http.HttpServer2 (HttpServer2.java:addGlobalFilter(1031)) - Added global filter 'safety' (class=org.apache.hadoop.hdds.server.http.HttpServer2$QuotingInputFilter)
2023-02-22 04:46:42,614 [Listener at 127.0.0.1/46571] INFO  http.HttpServer2 (HttpServer2.java:addFilter(1007)) - Added filter static_user_filter (class=org.apache.hadoop.http.lib.StaticUserWebFilter$StaticUserFilter) to context ozoneManager
2023-02-22 04:46:42,614 [Listener at 127.0.0.1/46571] INFO  http.HttpServer2 (HttpServer2.java:addFilter(1015)) - Added filter static_user_filter (class=org.apache.hadoop.http.lib.StaticUserWebFilter$StaticUserFilter) to context logs
2023-02-22 04:46:42,614 [Listener at 127.0.0.1/46571] INFO  http.HttpServer2 (HttpServer2.java:addFilter(1015)) - Added filter static_user_filter (class=org.apache.hadoop.http.lib.StaticUserWebFilter$StaticUserFilter) to context static
2023-02-22 04:46:42,616 [Listener at 127.0.0.1/46571] INFO  http.HttpServer2 (HttpServer2.java:bindListener(1250)) - Jetty bound to port 41963
2023-02-22 04:46:42,616 [Listener at 127.0.0.1/46571] INFO  server.Server (Server.java:doStart(375)) - jetty-9.4.49.v20220914; built: 2022-09-14T01:07:36.601Z; git: 4231a3b2e4cb8548a412a789936d640a97b1aa0a; jvm 1.8.0_362-b09
2023-02-22 04:46:42,625 [Listener at 127.0.0.1/46571] INFO  server.session (DefaultSessionIdManager.java:doStart(334)) - DefaultSessionIdManager workerName=node0
2023-02-22 04:46:42,626 [Listener at 127.0.0.1/46571] INFO  server.session (DefaultSessionIdManager.java:doStart(339)) - No SessionScavenger set, using defaults
2023-02-22 04:46:42,626 [Listener at 127.0.0.1/46571] INFO  server.session (HouseKeeper.java:startScavenging(132)) - node0 Scavenging every 660000ms
2023-02-22 04:46:42,627 [Listener at 127.0.0.1/46571] INFO  handler.ContextHandler (ContextHandler.java:doStart(921)) - Started o.e.j.s.ServletContextHandler@5168a369{logs,/logs,file:///home/runner/work/ozone/ozone/hadoop-ozone/integration-test/target/log,AVAILABLE}
2023-02-22 04:46:42,627 [Listener at 127.0.0.1/46571] INFO  handler.ContextHandler (ContextHandler.java:doStart(921)) - Started o.e.j.s.ServletContextHandler@6c2f8b38{static,/static,file:///home/runner/work/ozone/ozone/hadoop-ozone/integration-test/target/test-classes/webapps/static,AVAILABLE}
2023-02-22 04:46:42,631 [Listener at 127.0.0.1/46571] INFO  handler.ContextHandler (ContextHandler.java:doStart(921)) - Started o.e.j.w.WebAppContext@28d340f2{ozoneManager,/,file:///home/runner/work/ozone/ozone/hadoop-ozone/integration-test/target/test-classes/webapps/ozoneManager/,AVAILABLE}{file:/home/runner/work/ozone/ozone/hadoop-ozone/integration-test/target/test-classes/webapps/ozoneManager}
2023-02-22 04:46:42,632 [Listener at 127.0.0.1/46571] INFO  server.AbstractConnector (AbstractConnector.java:doStart(333)) - Started ServerConnector@10cd3b79{HTTP/1.1, (http/1.1)}{0.0.0.0:41963}
2023-02-22 04:46:42,632 [Listener at 127.0.0.1/46571] INFO  server.Server (Server.java:doStart(415)) - Started @121072ms
2023-02-22 04:46:42,632 [Listener at 127.0.0.1/46571] WARN  impl.MetricsSystemImpl (MetricsSystemImpl.java:register(279)) - Sink prometheus already exists!
2023-02-22 04:46:42,633 [Listener at 127.0.0.1/46571] INFO  http.BaseHttpServer (BaseHttpServer.java:updateConnectorAddress(333)) - HTTP server of ozoneManager listening at http://0.0.0.0:41963
2023-02-22 04:46:42,635 [IPC Server Responder] INFO  ipc.Server (Server.java:run(1512)) - IPC Server Responder: starting
2023-02-22 04:46:42,636 [IPC Server listener on 46571] INFO  ipc.Server (Server.java:run(1352)) - IPC Server listener on 46571: starting
2023-02-22 04:46:42,639 [Listener at 127.0.0.1/46571] INFO  om.OzoneManager (OzoneManager.java:startTrashEmptier(2024)) - Trash Interval set to 0. Files deleted won't move to trash
2023-02-22 04:46:42,639 [Listener at 127.0.0.1/46571] INFO  ozone.MiniOzoneHAClusterImpl (MiniOzoneHAClusterImpl.java:createOMService(527)) - Started OzoneManager omNode-1 RPC server at localhost/127.0.0.1:46571
2023-02-22 04:46:42,639 [org.apache.hadoop.util.JvmPauseMonitor$Monitor@34b147d2] INFO  util.JvmPauseMonitor (JvmPauseMonitor.java:run(188)) - Starting JVM pause monitor
2023-02-22 04:46:42,640 [Listener at 127.0.0.1/46571] INFO  ha.OMHANodeDetails (OMHANodeDetails.java:loadOMHAConfig(121)) - ServiceID for OzoneManager is om-service-test1
2023-02-22 04:46:42,640 [Listener at 127.0.0.1/46571] INFO  ha.OMHANodeDetails (OMHANodeDetails.java:loadOMHAConfig(201)) - Found matching OM address with OMServiceId: om-service-test1, OMNodeId: omNode-2, RPC Address: localhost:41657 and Ratis port: 40015
2023-02-22 04:46:42,640 [Listener at 127.0.0.1/46571] INFO  ha.OMHANodeDetails (ConfUtils.java:setNodeSpecificConfigs(97)) - Setting configuration key ozone.om.http-address with value of key ozone.om.http-address.om-service-test1.omNode-2: 127.0.0.1:35395
2023-02-22 04:46:42,640 [Listener at 127.0.0.1/46571] INFO  ha.OMHANodeDetails (ConfUtils.java:setNodeSpecificConfigs(97)) - Setting configuration key ozone.om.https-address with value of key ozone.om.https-address.om-service-test1.omNode-2: 127.0.0.1:40489
2023-02-22 04:46:42,640 [Listener at 127.0.0.1/46571] INFO  ha.OMHANodeDetails (ConfUtils.java:setNodeSpecificConfigs(97)) - Setting configuration key ozone.om.address with value of key ozone.om.address.om-service-test1.omNode-2: 127.0.0.1:41657
2023-02-22 04:46:42,640 [Listener at 127.0.0.1/46571] WARN  server.ServerUtils (ServerUtils.java:getDBPath(225)) - ozone.om.db.dirs is not configured. We recommend adding this setting. Falling back to ozone.metadata.dirs instead.
2023-02-22 04:46:42,641 [Listener at 127.0.0.1/46571] INFO  proxy.SCMBlockLocationFailoverProxyProvider (SCMBlockLocationFailoverProxyProvider.java:<init>(114)) - Created block location fail-over proxy with 1 nodes: [nodeId=scmNodeId,nodeAddress=/0.0.0.0:34467]
OM initialization succeeded.Current cluster id for sd=/home/runner/work/ozone/ozone/hadoop-ozone/integration-test/target/test-dir/MiniOzoneClusterImpl-7cc88fad-c9bf-4c80-b076-d2cf48673a1e/omNode-2/om;cid=7cc88fad-c9bf-4c80-b076-d2cf48673a1e;layoutVersion=3
2023-02-22 04:46:42,649 [Listener at 127.0.0.1/46571] INFO  ha.OMHANodeDetails (OMHANodeDetails.java:loadOMHAConfig(121)) - ServiceID for OzoneManager is om-service-test1
2023-02-22 04:46:42,649 [Listener at 127.0.0.1/46571] INFO  ha.OMHANodeDetails (OMHANodeDetails.java:loadOMHAConfig(201)) - Found matching OM address with OMServiceId: om-service-test1, OMNodeId: omNode-2, RPC Address: localhost:41657 and Ratis port: 40015
2023-02-22 04:46:42,649 [Listener at 127.0.0.1/46571] INFO  ha.OMHANodeDetails (ConfUtils.java:setNodeSpecificConfigs(97)) - Setting configuration key ozone.om.http-address with value of key ozone.om.http-address.om-service-test1.omNode-2: 127.0.0.1:35395
2023-02-22 04:46:42,649 [Listener at 127.0.0.1/46571] INFO  ha.OMHANodeDetails (ConfUtils.java:setNodeSpecificConfigs(97)) - Setting configuration key ozone.om.https-address with value of key ozone.om.https-address.om-service-test1.omNode-2: 127.0.0.1:40489
2023-02-22 04:46:42,649 [Listener at 127.0.0.1/46571] INFO  ha.OMHANodeDetails (ConfUtils.java:setNodeSpecificConfigs(97)) - Setting configuration key ozone.om.address with value of key ozone.om.address.om-service-test1.omNode-2: 127.0.0.1:41657
2023-02-22 04:46:42,650 [Listener at 127.0.0.1/46571] WARN  server.ServerUtils (ServerUtils.java:getDBPath(225)) - ozone.om.db.dirs is not configured. We recommend adding this setting. Falling back to ozone.metadata.dirs instead.
2023-02-22 04:46:42,650 [Listener at 127.0.0.1/46571] INFO  upgrade.AbstractLayoutVersionManager (AbstractLayoutVersionManager.java:init(83)) - Initializing Layout version manager with metadata layout = MULTITENANCY_SCHEMA (version = 3), software layout = MULTITENANCY_SCHEMA (version = 3)
2023-02-22 04:46:42,719 [Listener at 127.0.0.1/46571] INFO  reflections.Reflections (Reflections.java:scan(232)) - Reflections took 68 ms to scan 2 urls, producing 166 keys and 457 values [using 2 cores]
2023-02-22 04:46:42,720 [Listener at 127.0.0.1/46571] INFO  upgrade.OMLayoutVersionManager (OMLayoutVersionManager.java:lambda$0(115)) - Skipping Upgrade Action MockOmUpgradeAction since it has been finalized.
2023-02-22 04:46:42,720 [Listener at 127.0.0.1/46571] WARN  server.ServerUtils (ServerUtils.java:getDBPath(225)) - ozone.om.db.dirs is not configured. We recommend adding this setting. Falling back to ozone.metadata.dirs instead.
2023-02-22 04:46:42,721 [Listener at 127.0.0.1/46571] INFO  proxy.SCMBlockLocationFailoverProxyProvider (SCMBlockLocationFailoverProxyProvider.java:<init>(114)) - Created block location fail-over proxy with 1 nodes: [nodeId=scmNodeId,nodeAddress=/0.0.0.0:34467]
2023-02-22 04:46:42,722 [Listener at 127.0.0.1/46571] INFO  proxy.SCMBlockLocationFailoverProxyProvider (SCMBlockLocationFailoverProxyProvider.java:<init>(114)) - Created block location fail-over proxy with 1 nodes: [nodeId=scmNodeId,nodeAddress=/0.0.0.0:34467]
2023-02-22 04:46:42,725 [Listener at 127.0.0.1/46571] INFO  om.OzoneManager (OzoneManager.java:<init>(615)) - OM start with adminUsers: [runner]
2023-02-22 04:46:42,726 [Listener at 127.0.0.1/46571] WARN  server.ServerUtils (ServerUtils.java:getDBPath(225)) - ozone.om.db.dirs is not configured. We recommend adding this setting. Falling back to ozone.metadata.dirs instead.
2023-02-22 04:46:42,726 [Listener at 127.0.0.1/46571] INFO  codec.OmKeyInfoCodec (OmKeyInfoCodec.java:<init>(49)) - OmKeyInfoCodec ignorePipeline = true
2023-02-22 04:46:42,727 [Listener at 127.0.0.1/46571] INFO  codec.RepeatedOmKeyInfoCodec (RepeatedOmKeyInfoCodec.java:<init>(41)) - RepeatedOmKeyInfoCodec ignorePipeline = true
2023-02-22 04:46:42,870 [Listener at 127.0.0.1/46571] INFO  om.OzoneManager (OzoneManager.java:instantiateServices(745)) - S3 Multi-Tenancy is disabled
2023-02-22 04:46:42,871 [Listener at 127.0.0.1/46571] WARN  server.ServerUtils (ServerUtils.java:getDBPath(225)) - ozone.om.snapshot.diff.db.dir is not configured. We recommend adding this setting. Falling back to ozone.metadata.dirs instead.
2023-02-22 04:46:42,879 [Listener at 127.0.0.1/46571] INFO  om.OzoneManager (OzoneManager.java:addS3GVolumeToDB(4179)) - Created Volume s3v With Owner runner required for S3Gateway operations.
2023-02-22 04:46:42,879 [Listener at 127.0.0.1/46571] WARN  server.ServerUtils (ServerUtils.java:getDefaultRatisDirectory(237)) - Storage directory for Ratis is not configured. It is a good idea to map this to an SSD disk. Falling back to ozone.metadata.dirs
2023-02-22 04:46:42,880 [Listener at 127.0.0.1/46571] WARN  utils.OzoneManagerRatisUtils (OzoneManagerRatisUtils.java:getOMRatisSnapshotDirectory(436)) - ozone.om.ratis.snapshot.dir is not configured. Falling back to ozone.metadata.dirs config
2023-02-22 04:46:42,880 [Listener at 127.0.0.1/46571] INFO  snapshot.OzoneManagerSnapshotProvider (OzoneManagerSnapshotProvider.java:<init>(76)) - Initializing OM Snapshot Provider
2023-02-22 04:46:42,881 [Listener at 127.0.0.1/46571] WARN  impl.MetricRegistriesImpl (MetricRegistriesImpl.java:addReporterRegistration(111)) - New reporters are added after registries were created. Some metrics will be missing from the reporter. Please add reporter before adding any new registry.
2023-02-22 04:46:42,881 [Listener at 127.0.0.1/46571] WARN  impl.MetricRegistriesImpl (MetricRegistriesImpl.java:addReporterRegistration(111)) - New reporters are added after registries were created. Some metrics will be missing from the reporter. Please add reporter before adding any new registry.
2023-02-22 04:46:42,881 [Listener at 127.0.0.1/46571] WARN  server.ServerUtils (ServerUtils.java:getDefaultRatisDirectory(237)) - Storage directory for Ratis is not configured. It is a good idea to map this to an SSD disk. Falling back to ozone.metadata.dirs
2023-02-22 04:46:42,883 [Listener at 127.0.0.1/46571] INFO  ratis.OzoneManagerRatisServer (OzoneManagerRatisServer.java:<init>(164)) - Instantiating OM Ratis server with groupID: om-service-test1 and peers: localhost:40015, localhost:41063, localhost:40145
2023-02-22 04:46:42,883 [Listener at 127.0.0.1/46571] INFO  ratis.OzoneManagerStateMachine (OzoneManagerStateMachine.java:loadSnapshotInfoFromDB(636)) - LastAppliedIndex is set from TransactionInfo from OM DB as (t:0, i:~)
2023-02-22 04:46:42,884 [Listener at 127.0.0.1/46571] INFO  server.RaftServer (ConfUtils.java:logGet(46)) - raft.rpc.type = GRPC (default)
2023-02-22 04:46:42,884 [Listener at 127.0.0.1/46571] INFO  grpc.GrpcConfigKeys (ConfUtils.java:logFallback(53)) - raft.grpc.admin.host = null (fallback to raft.grpc.server.host)
2023-02-22 04:46:42,884 [Listener at 127.0.0.1/46571] INFO  grpc.GrpcConfigKeys (ConfUtils.java:logFallback(53)) - raft.grpc.admin.port = 40015 (fallback to raft.grpc.server.port)
2023-02-22 04:46:42,884 [Listener at 127.0.0.1/46571] INFO  grpc.GrpcConfigKeys (ConfUtils.java:logFallback(53)) - raft.grpc.client.host = null (fallback to raft.grpc.server.host)
2023-02-22 04:46:42,884 [Listener at 127.0.0.1/46571] INFO  grpc.GrpcConfigKeys (ConfUtils.java:logFallback(53)) - raft.grpc.client.port = 40015 (fallback to raft.grpc.server.port)
2023-02-22 04:46:42,884 [Listener at 127.0.0.1/46571] INFO  grpc.GrpcConfigKeys (ConfUtils.java:logGet(46)) - raft.grpc.server.host = null (default)
2023-02-22 04:46:42,884 [Listener at 127.0.0.1/46571] INFO  grpc.GrpcConfigKeys (ConfUtils.java:logGet(46)) - raft.grpc.server.port = 40015 (custom)
2023-02-22 04:46:42,884 [Listener at 127.0.0.1/46571] INFO  server.GrpcService (ConfUtils.java:logGet(46)) - raft.grpc.message.size.max = 33554432 (custom)
2023-02-22 04:46:42,884 [Listener at 127.0.0.1/46571] INFO  server.RaftServerConfigKeys (ConfUtils.java:logGet(46)) - raft.server.log.appender.buffer.byte-limit = 33554432 (custom)
2023-02-22 04:46:42,884 [Listener at 127.0.0.1/46571] INFO  server.GrpcService (ConfUtils.java:logGet(46)) - raft.grpc.flow.control.window = 1MB (=1048576) (default)
2023-02-22 04:46:42,885 [Listener at 127.0.0.1/46571] INFO  server.RaftServerConfigKeys (ConfUtils.java:logGet(46)) - raft.server.rpc.request.timeout = 3000ms (default)
2023-02-22 04:46:42,885 [Listener at 127.0.0.1/46571] INFO  grpc.GrpcConfigKeys (ConfUtils.java:logGet(46)) - raft.grpc.server.heartbeat.channel = true (default)
2023-02-22 04:46:42,885 [Listener at 127.0.0.1/46571] INFO  grpc.GrpcConfigKeys (ConfUtils.java:logGet(46)) - raft.grpc.server.async.request.thread.pool.cached = true (default)
2023-02-22 04:46:42,885 [Listener at 127.0.0.1/46571] INFO  grpc.GrpcConfigKeys (ConfUtils.java:logGet(46)) - raft.grpc.server.async.request.thread.pool.size = 32 (default)
2023-02-22 04:46:42,886 [Listener at 127.0.0.1/46571] INFO  impl.DataStreamServerImpl (ConfUtils.java:logGet(46)) - raft.datastream.type = DISABLED (default)
2023-02-22 04:46:42,886 [Listener at 127.0.0.1/46571] INFO  server.RaftServerConfigKeys (ConfUtils.java:logGet(46)) - raft.server.threadpool.proxy.cached = true (default)
2023-02-22 04:46:42,886 [Listener at 127.0.0.1/46571] INFO  server.RaftServerConfigKeys (ConfUtils.java:logGet(46)) - raft.server.threadpool.proxy.size = 0 (default)
2023-02-22 04:46:42,886 [Listener at 127.0.0.1/46571] INFO  server.RaftServerConfigKeys (ConfUtils.java:logGet(46)) - raft.server.rpc.slowness.timeout = 2s (custom)
2023-02-22 04:46:42,886 [Listener at 127.0.0.1/46571] INFO  server.RaftServerConfigKeys (ConfUtils.java:logGet(46)) - raft.server.leaderelection.leader.step-down.wait-time = 10s (default)
2023-02-22 04:46:42,886 [Listener at 127.0.0.1/46571] INFO  server.RaftServerConfigKeys (ConfUtils.java:logGet(46)) - raft.server.storage.dir = [/home/runner/work/ozone/ozone/hadoop-ozone/integration-test/target/test-dir/MiniOzoneClusterImpl-7cc88fad-c9bf-4c80-b076-d2cf48673a1e/omNode-2/ratis] (custom)
2023-02-22 04:46:42,887 [Listener at 127.0.0.1/46571] INFO  server.RaftServer (RaftServerProxy.java:addNew(96)) - omNode-2: addNew group-523986131536:[omNode-3|rpc:localhost:41063|priority:0|startupRole:FOLLOWER, omNode-1|rpc:localhost:40145|priority:0|startupRole:FOLLOWER, omNode-2|rpc:localhost:40015|priority:0|startupRole:FOLLOWER] returns group-523986131536:java.util.concurrent.CompletableFuture@6b406b77[Not completed]
2023-02-22 04:46:42,887 [Listener at 127.0.0.1/46571] INFO  om.OzoneManager (OzoneManager.java:initializeRatisServer(2080)) - OzoneManager Ratis server initialized at port 40015
2023-02-22 04:46:42,887 [Listener at 127.0.0.1/46571] INFO  om.OzoneManager (OzoneManager.java:getRpcServer(1128)) - Creating RPC Server
2023-02-22 04:46:42,887 [pool-1443-thread-1] INFO  server.RaftServer$Division (RaftServerImpl.java:<init>(195)) - omNode-2: new RaftServerImpl for group-523986131536:[omNode-3|rpc:localhost:41063|priority:0|startupRole:FOLLOWER, omNode-1|rpc:localhost:40145|priority:0|startupRole:FOLLOWER, omNode-2|rpc:localhost:40015|priority:0|startupRole:FOLLOWER] with OzoneManagerStateMachine:uninitialized
2023-02-22 04:46:42,888 [pool-1443-thread-1] INFO  server.RaftServerConfigKeys (ConfUtils.java:logGet(46)) - raft.server.rpc.timeout.min = 1s (custom)
2023-02-22 04:46:42,888 [pool-1443-thread-1] INFO  server.RaftServerConfigKeys (ConfUtils.java:logGet(46)) - raft.server.rpc.timeout.max = 1200ms (custom)
2023-02-22 04:46:42,888 [pool-1443-thread-1] INFO  server.RaftServerConfigKeys (ConfUtils.java:logGet(46)) - raft.server.rpc.sleep.time = 25ms (default)
2023-02-22 04:46:42,888 [pool-1443-thread-1] INFO  server.RaftServerConfigKeys (ConfUtils.java:logGet(46)) - raft.server.rpc.slowness.timeout = 2s (custom)
2023-02-22 04:46:42,888 [pool-1443-thread-1] INFO  server.RaftServerConfigKeys (ConfUtils.java:logGet(46)) - raft.server.leaderelection.leader.step-down.wait-time = 10s (default)
2023-02-22 04:46:42,888 [pool-1443-thread-1] INFO  server.RaftServerConfigKeys (ConfUtils.java:logGet(46)) - raft.server.sleep.deviation.threshold = 300ms (default)
2023-02-22 04:46:42,888 [pool-1443-thread-1] INFO  server.RaftServer$Division (ServerState.java:<init>(118)) - omNode-2@group-523986131536: ConfigurationManager, init=-1: peers:[omNode-3|rpc:localhost:41063|priority:0|startupRole:FOLLOWER, omNode-1|rpc:localhost:40145|priority:0|startupRole:FOLLOWER, omNode-2|rpc:localhost:40015|priority:0|startupRole:FOLLOWER]|listeners:[], old=null, confs=<EMPTY_MAP>
2023-02-22 04:46:42,888 [pool-1443-thread-1] INFO  server.RaftServerConfigKeys (ConfUtils.java:logGet(46)) - raft.server.storage.dir = [/home/runner/work/ozone/ozone/hadoop-ozone/integration-test/target/test-dir/MiniOzoneClusterImpl-7cc88fad-c9bf-4c80-b076-d2cf48673a1e/omNode-2/ratis] (custom)
2023-02-22 04:46:42,888 [pool-1443-thread-1] INFO  server.RaftServerConfigKeys (ConfUtils.java:logGet(46)) - raft.server.log.corruption.policy = EXCEPTION (default)
2023-02-22 04:46:42,888 [pool-1443-thread-1] INFO  server.RaftServerConfigKeys (ConfUtils.java:logGet(46)) - raft.server.storage.free-space.min = 0MB (=0) (default)
2023-02-22 04:46:42,889 [pool-1443-thread-1] INFO  server.RaftServerConfigKeys (ConfUtils.java:logGet(46)) - raft.server.notification.no-leader.timeout = 2s (custom)
2023-02-22 04:46:42,889 [pool-1443-thread-1] INFO  server.RaftServerConfigKeys (ConfUtils.java:logGet(46)) - raft.server.retrycache.expirytime = 300s (custom)
2023-02-22 04:46:42,889 [pool-1443-thread-1] INFO  server.RaftServerConfigKeys (ConfUtils.java:logGet(46)) - raft.server.retrycache.statistics.expirytime = 100μs (default)
2023-02-22 04:46:42,889 [pool-1443-thread-1] INFO  server.RaftServerConfigKeys (ConfUtils.java:logGet(46)) - raft.server.log.appender.install.snapshot.enabled = false (custom)
2023-02-22 04:46:42,889 [pool-1443-thread-1] INFO  server.RaftServerConfigKeys (ConfUtils.java:logGet(46)) - raft.server.threadpool.server.cached = true (default)
2023-02-22 04:46:42,889 [pool-1443-thread-1] INFO  server.RaftServerConfigKeys (ConfUtils.java:logGet(46)) - raft.server.threadpool.server.size = 0 (default)
2023-02-22 04:46:42,889 [pool-1443-thread-1] INFO  server.RaftServerConfigKeys (ConfUtils.java:logGet(46)) - raft.server.threadpool.client.cached = true (default)
2023-02-22 04:46:42,889 [pool-1443-thread-1] INFO  server.RaftServerConfigKeys (ConfUtils.java:logGet(46)) - raft.server.threadpool.client.size = 0 (default)
2023-02-22 04:46:43,169 [Listener at 127.0.0.1/46571] INFO  reflections.Reflections (Reflections.java:scan(232)) - Reflections took 281 ms to scan 19 urls, producing 69 keys and 4835 values [using 2 cores]
2023-02-22 04:46:43,170 [Listener at 127.0.0.1/46571] INFO  ipc.CallQueueManager (CallQueueManager.java:<init>(90)) - Using callQueue: class java.util.concurrent.LinkedBlockingQueue, queueCapacity: 2000, scheduler: class org.apache.hadoop.ipc.DefaultRpcScheduler, ipcBackoff: false.
2023-02-22 04:46:43,172 [Socket Reader #1 for port 41657] INFO  ipc.Server (Server.java:run(1273)) - Starting Socket Reader #1 for port 41657
2023-02-22 04:46:43,189 [Listener at 127.0.0.1/41657] INFO  impl.MetricsSystemImpl (MetricsSystemImpl.java:init(158)) - OzoneManager metrics system started (again)
2023-02-22 04:46:43,199 [Listener at 127.0.0.1/41657] INFO  om.OzoneManager (OzoneManager.java:start(1548)) - OzoneManager RPC server is listening at localhost/127.0.0.1:41657
2023-02-22 04:46:43,199 [Listener at 127.0.0.1/41657] INFO  ratis.OzoneManagerRatisServer (OzoneManagerRatisServer.java:start(559)) - Starting OzoneManagerRatisServer omNode-2 at port 40015
2023-02-22 04:46:43,199 [omNode-2-impl-thread1] INFO  storage.RaftStorageDirectory (RaftStorageDirectoryImpl.java:analyzeStorage(137)) - The storage directory /home/runner/work/ozone/ozone/hadoop-ozone/integration-test/target/test-dir/MiniOzoneClusterImpl-7cc88fad-c9bf-4c80-b076-d2cf48673a1e/omNode-2/ratis/c9bc4cf4-3bc3-3c60-a66b-523986131536 does not exist. Creating ...
2023-02-22 04:46:43,200 [omNode-2-impl-thread1] INFO  storage.RaftStorageDirectory (RaftStorageDirectoryImpl.java:tryLock(231)) - Lock on /home/runner/work/ozone/ozone/hadoop-ozone/integration-test/target/test-dir/MiniOzoneClusterImpl-7cc88fad-c9bf-4c80-b076-d2cf48673a1e/omNode-2/ratis/c9bc4cf4-3bc3-3c60-a66b-523986131536/in_use.lock acquired by nodename 93364@fv-az748-120
2023-02-22 04:46:43,201 [omNode-2-impl-thread1] INFO  storage.RaftStorage (RaftStorageImpl.java:format(96)) - Storage directory /home/runner/work/ozone/ozone/hadoop-ozone/integration-test/target/test-dir/MiniOzoneClusterImpl-7cc88fad-c9bf-4c80-b076-d2cf48673a1e/omNode-2/ratis/c9bc4cf4-3bc3-3c60-a66b-523986131536 has been successfully formatted.
2023-02-22 04:46:43,201 [omNode-2-impl-thread1] INFO  server.RaftServerConfigKeys (ConfUtils.java:logGet(46)) - raft.server.log.use.memory = false (default)
2023-02-22 04:46:43,201 [omNode-2-impl-thread1] INFO  server.RaftServerConfigKeys (ConfUtils.java:logGet(46)) - raft.server.log.purge.gap = 1000000 (custom)
2023-02-22 04:46:43,201 [omNode-2-impl-thread1] INFO  server.RaftServerConfigKeys (ConfUtils.java:logGet(46)) - raft.server.log.appender.buffer.byte-limit = 33554432 (custom)
2023-02-22 04:46:43,201 [omNode-2-impl-thread1] INFO  server.RaftServerConfigKeys (ConfUtils.java:logGet(46)) - raft.server.log.statemachine.data.read.timeout = 1000ms (default)
2023-02-22 04:46:43,201 [omNode-2-impl-thread1] INFO  server.RaftServerConfigKeys (ConfUtils.java:logGet(46)) - raft.server.log.purge.preservation.log.num = 0 (default)
2023-02-22 04:46:43,201 [omNode-2-impl-thread1] INFO  server.RaftServerConfigKeys (ConfUtils.java:logGet(46)) - raft.server.log.segment.size.max = 4194304 (custom)
2023-02-22 04:46:43,202 [omNode-2-impl-thread1] INFO  server.RaftServerConfigKeys (ConfUtils.java:logGet(46)) - raft.server.log.segment.cache.num.max = 2 (custom)
2023-02-22 04:46:43,202 [omNode-2-impl-thread1] INFO  server.RaftServerConfigKeys (ConfUtils.java:logGet(46)) - raft.server.log.segment.cache.size.max = 200MB (=209715200) (default)
2023-02-22 04:46:43,202 [omNode-2-impl-thread1] INFO  segmented.SegmentedRaftLogWorker (SegmentedRaftLogWorker.java:<init>(189)) - new omNode-2@group-523986131536-SegmentedRaftLogWorker for RaftStorageImpl:Storage Directory /home/runner/work/ozone/ozone/hadoop-ozone/integration-test/target/test-dir/MiniOzoneClusterImpl-7cc88fad-c9bf-4c80-b076-d2cf48673a1e/omNode-2/ratis/c9bc4cf4-3bc3-3c60-a66b-523986131536
2023-02-22 04:46:43,202 [omNode-2-impl-thread1] INFO  server.RaftServerConfigKeys (ConfUtils.java:logGet(46)) - raft.server.log.queue.byte-limit = 64MB (=67108864) (default)
2023-02-22 04:46:43,202 [omNode-2-impl-thread1] INFO  server.RaftServerConfigKeys (ConfUtils.java:logGet(46)) - raft.server.log.queue.element-limit = 4096 (default)
2023-02-22 04:46:43,202 [omNode-2-impl-thread1] INFO  server.RaftServerConfigKeys (ConfUtils.java:logGet(46)) - raft.server.log.segment.size.max = 4194304 (custom)
2023-02-22 04:46:43,202 [omNode-2-impl-thread1] INFO  server.RaftServerConfigKeys (ConfUtils.java:logGet(46)) - raft.server.log.preallocated.size = 4194304 (custom)
2023-02-22 04:46:43,202 [omNode-2-impl-thread1] INFO  server.RaftServerConfigKeys (ConfUtils.java:logGet(46)) - raft.server.log.force.sync.num = 128 (default)
2023-02-22 04:46:43,202 [omNode-2-impl-thread1] INFO  server.RaftServerConfigKeys (ConfUtils.java:logGet(46)) - raft.server.log.statemachine.data.sync = true (default)
2023-02-22 04:46:43,202 [omNode-2-impl-thread1] INFO  server.RaftServerConfigKeys (ConfUtils.java:logGet(46)) - raft.server.log.statemachine.data.sync.timeout = 10s (default)
2023-02-22 04:46:43,202 [omNode-2-impl-thread1] INFO  server.RaftServerConfigKeys (ConfUtils.java:logGet(46)) - raft.server.log.statemachine.data.sync.timeout.retry = -1 (default)
2023-02-22 04:46:43,202 [omNode-2-impl-thread1] INFO  server.RaftServerConfigKeys (ConfUtils.java:logGet(46)) - raft.server.log.write.buffer.size = 64KB (=65536) (default)
2023-02-22 04:46:43,202 [omNode-2-impl-thread1] INFO  server.RaftServerConfigKeys (ConfUtils.java:logGet(46)) - raft.server.log.appender.buffer.byte-limit = 33554432 (custom)
2023-02-22 04:46:43,206 [omNode-2-impl-thread1] INFO  server.RaftServerConfigKeys (ConfUtils.java:logGet(46)) - raft.server.log.unsafe-flush.enabled = false (default)
2023-02-22 04:46:43,206 [omNode-2-impl-thread1] INFO  server.RaftServerConfigKeys (ConfUtils.java:logGet(46)) - raft.server.log.async-flush.enabled = false (default)
2023-02-22 04:46:43,206 [omNode-2-impl-thread1] INFO  server.RaftServerConfigKeys (ConfUtils.java:logGet(46)) - raft.server.log.statemachine.data.caching.enabled = false (default)
2023-02-22 04:46:43,206 [omNode-2-impl-thread1] INFO  segmented.SegmentedRaftLogWorker (SegmentedRaftLogWorker.java:lambda$new$0(135)) - omNode-2@group-523986131536-SegmentedRaftLogWorker: flushIndex: setUnconditionally 0 -> -1
2023-02-22 04:46:43,206 [omNode-2-impl-thread1] INFO  segmented.SegmentedRaftLogWorker (SegmentedRaftLogWorker.java:lambda$new$0(135)) - omNode-2@group-523986131536-SegmentedRaftLogWorker: safeCacheEvictIndex: setUnconditionally 0 -> -1
2023-02-22 04:46:43,212 [omNode-2-impl-thread1] INFO  server.RaftServer$Division (RaftServerImpl.java:start(334)) - omNode-2@group-523986131536: start as a follower, conf=-1: peers:[omNode-3|rpc:localhost:41063|priority:0|startupRole:FOLLOWER, omNode-1|rpc:localhost:40145|priority:0|startupRole:FOLLOWER, omNode-2|rpc:localhost:40015|priority:0|startupRole:FOLLOWER]|listeners:[], old=null
2023-02-22 04:46:43,212 [omNode-2-impl-thread1] INFO  server.RaftServer$Division (RaftServerImpl.java:setRole(321)) - omNode-2@group-523986131536: changes role from      null to FOLLOWER at term 0 for startAsFollower
2023-02-22 04:46:43,213 [omNode-2-impl-thread1] INFO  impl.RoleInfo (RoleInfo.java:updateAndGet(139)) - omNode-2: start omNode-2@group-523986131536-FollowerState
2023-02-22 04:46:43,214 [omNode-2-impl-thread1] INFO  util.JmxRegister (JmxRegister.java:tryRegister(44)) - Successfully registered JMX Bean with object name Ratis:service=RaftServer,group=group-523986131536,id=omNode-2
2023-02-22 04:46:43,214 [omNode-2-impl-thread1] INFO  server.RaftServerConfigKeys (ConfUtils.java:logGet(46)) - raft.server.snapshot.auto.trigger.enabled = true (custom)
2023-02-22 04:46:43,214 [omNode-2-impl-thread1] INFO  server.RaftServerConfigKeys (ConfUtils.java:logGet(46)) - raft.server.snapshot.auto.trigger.threshold = 400000 (default)
2023-02-22 04:46:43,214 [omNode-2-impl-thread1] INFO  server.RaftServerConfigKeys (ConfUtils.java:logGet(46)) - raft.server.snapshot.retention.file.num = -1 (default)
2023-02-22 04:46:43,214 [omNode-2-impl-thread1] INFO  server.RaftServerConfigKeys (ConfUtils.java:logGet(46)) - raft.server.log.purge.upto.snapshot.index = true (custom)
2023-02-22 04:46:43,215 [omNode-2@group-523986131536-FollowerState] INFO  server.RaftServerConfigKeys (ConfUtils.java:logFallback(53)) - raft.server.rpc.first-election.timeout.min = 1s (fallback to raft.server.rpc.timeout.min)
2023-02-22 04:46:43,215 [omNode-2@group-523986131536-FollowerState] INFO  server.RaftServerConfigKeys (ConfUtils.java:logFallback(53)) - raft.server.rpc.first-election.timeout.max = 1200ms (fallback to raft.server.rpc.timeout.max)
2023-02-22 04:46:43,215 [Listener at 127.0.0.1/41657] INFO  server.RaftServer (RaftServerProxy.java:startImpl(393)) - omNode-2: start RPC server
2023-02-22 04:46:43,217 [Listener at 127.0.0.1/41657] INFO  server.GrpcService (GrpcService.java:startImpl(262)) - omNode-2: GrpcService started, listening on 40015
2023-02-22 04:46:43,217 [Listener at 127.0.0.1/41657] INFO  om.OzoneManager (OzoneManager.java:start(1564)) - Version File has different layout version (3) than OM DB (null). That is expected if this OM has never been finalized to a newer layout version.
2023-02-22 04:46:43,218 [JvmPauseMonitor13] INFO  util.JvmPauseMonitor (JvmPauseMonitor.java:run(105)) - JvmPauseMonitor-omNode-2: Started
2023-02-22 04:46:43,234 [Listener at 127.0.0.1/41657] INFO  http.BaseHttpServer (BaseHttpServer.java:newHttpServer2BuilderForOzone(213)) - Starting Web-server for ozoneManager at: http://0.0.0.0:35395
2023-02-22 04:46:43,234 [Listener at 127.0.0.1/41657] INFO  http.BaseHttpServer (BaseHttpServer.java:<init>(108)) - Hadoop Security Enabled: false Ozone Security Enabled: false Ozone HTTP Security Enabled: false 
2023-02-22 04:46:43,235 [Listener at 127.0.0.1/41657] WARN  server.AuthenticationFilter (AuthenticationFilter.java:constructSecretProvider(240)) - Unable to initialize FileSignerSecretProvider, falling back to use random secrets. Reason: Could not read signature secret file: /home/runner/hadoop-http-auth-signature-secret
2023-02-22 04:46:43,236 [Listener at 127.0.0.1/41657] WARN  http.HttpRequestLog (HttpRequestLog.java:getRequestLog(103)) - Jetty request log can only be enabled using Log4j
2023-02-22 04:46:43,237 [Listener at 127.0.0.1/41657] INFO  http.HttpServer2 (HttpServer2.java:addGlobalFilter(1031)) - Added global filter 'safety' (class=org.apache.hadoop.hdds.server.http.HttpServer2$QuotingInputFilter)
2023-02-22 04:46:43,237 [Listener at 127.0.0.1/41657] INFO  http.HttpServer2 (HttpServer2.java:addFilter(1007)) - Added filter static_user_filter (class=org.apache.hadoop.http.lib.StaticUserWebFilter$StaticUserFilter) to context ozoneManager
2023-02-22 04:46:43,237 [Listener at 127.0.0.1/41657] INFO  http.HttpServer2 (HttpServer2.java:addFilter(1015)) - Added filter static_user_filter (class=org.apache.hadoop.http.lib.StaticUserWebFilter$StaticUserFilter) to context static
2023-02-22 04:46:43,237 [Listener at 127.0.0.1/41657] INFO  http.HttpServer2 (HttpServer2.java:addFilter(1015)) - Added filter static_user_filter (class=org.apache.hadoop.http.lib.StaticUserWebFilter$StaticUserFilter) to context logs
2023-02-22 04:46:43,238 [Listener at 127.0.0.1/41657] INFO  http.HttpServer2 (HttpServer2.java:bindListener(1250)) - Jetty bound to port 35395
2023-02-22 04:46:43,238 [Listener at 127.0.0.1/41657] INFO  server.Server (Server.java:doStart(375)) - jetty-9.4.49.v20220914; built: 2022-09-14T01:07:36.601Z; git: 4231a3b2e4cb8548a412a789936d640a97b1aa0a; jvm 1.8.0_362-b09
2023-02-22 04:46:43,243 [Listener at 127.0.0.1/41657] INFO  server.session (DefaultSessionIdManager.java:doStart(334)) - DefaultSessionIdManager workerName=node0
2023-02-22 04:46:43,243 [Listener at 127.0.0.1/41657] INFO  server.session (DefaultSessionIdManager.java:doStart(339)) - No SessionScavenger set, using defaults
2023-02-22 04:46:43,243 [Listener at 127.0.0.1/41657] INFO  server.session (HouseKeeper.java:startScavenging(132)) - node0 Scavenging every 600000ms
2023-02-22 04:46:43,245 [Listener at 127.0.0.1/41657] INFO  handler.ContextHandler (ContextHandler.java:doStart(921)) - Started o.e.j.s.ServletContextHandler@3c8bf562{logs,/logs,file:///home/runner/work/ozone/ozone/hadoop-ozone/integration-test/target/log,AVAILABLE}
2023-02-22 04:46:43,246 [Listener at 127.0.0.1/41657] INFO  handler.ContextHandler (ContextHandler.java:doStart(921)) - Started o.e.j.s.ServletContextHandler@361397fb{static,/static,file:///home/runner/work/ozone/ozone/hadoop-ozone/integration-test/target/test-classes/webapps/static,AVAILABLE}
2023-02-22 04:46:43,248 [Listener at 127.0.0.1/41657] INFO  handler.ContextHandler (ContextHandler.java:doStart(921)) - Started o.e.j.w.WebAppContext@498fd768{ozoneManager,/,file:///home/runner/work/ozone/ozone/hadoop-ozone/integration-test/target/test-classes/webapps/ozoneManager/,AVAILABLE}{file:/home/runner/work/ozone/ozone/hadoop-ozone/integration-test/target/test-classes/webapps/ozoneManager}
2023-02-22 04:46:43,250 [Listener at 127.0.0.1/41657] INFO  server.AbstractConnector (AbstractConnector.java:doStart(333)) - Started ServerConnector@4c53526a{HTTP/1.1, (http/1.1)}{0.0.0.0:35395}
2023-02-22 04:46:43,251 [Listener at 127.0.0.1/41657] INFO  server.Server (Server.java:doStart(415)) - Started @121690ms
2023-02-22 04:46:43,251 [Listener at 127.0.0.1/41657] WARN  impl.MetricsSystemImpl (MetricsSystemImpl.java:register(279)) - Sink prometheus already exists!
2023-02-22 04:46:43,251 [Listener at 127.0.0.1/41657] INFO  http.BaseHttpServer (BaseHttpServer.java:updateConnectorAddress(333)) - HTTP server of ozoneManager listening at http://0.0.0.0:35395
2023-02-22 04:46:43,258 [IPC Server Responder] INFO  ipc.Server (Server.java:run(1512)) - IPC Server Responder: starting
2023-02-22 04:46:43,258 [IPC Server listener on 41657] INFO  ipc.Server (Server.java:run(1352)) - IPC Server listener on 41657: starting
2023-02-22 04:46:43,259 [Listener at 127.0.0.1/41657] INFO  om.OzoneManager (OzoneManager.java:startTrashEmptier(2024)) - Trash Interval set to 0. Files deleted won't move to trash
2023-02-22 04:46:43,266 [Listener at 127.0.0.1/41657] INFO  ozone.MiniOzoneHAClusterImpl (MiniOzoneHAClusterImpl.java:createOMService(527)) - Started OzoneManager omNode-2 RPC server at localhost/127.0.0.1:41657
2023-02-22 04:46:43,266 [Listener at 127.0.0.1/41657] INFO  ha.OMHANodeDetails (OMHANodeDetails.java:loadOMHAConfig(121)) - ServiceID for OzoneManager is om-service-test1
2023-02-22 04:46:43,267 [Listener at 127.0.0.1/41657] INFO  ha.OMHANodeDetails (OMHANodeDetails.java:loadOMHAConfig(201)) - Found matching OM address with OMServiceId: om-service-test1, OMNodeId: omNode-3, RPC Address: localhost:41863 and Ratis port: 41063
2023-02-22 04:46:43,267 [Listener at 127.0.0.1/41657] INFO  ha.OMHANodeDetails (ConfUtils.java:setNodeSpecificConfigs(97)) - Setting configuration key ozone.om.http-address with value of key ozone.om.http-address.om-service-test1.omNode-3: 127.0.0.1:46411
2023-02-22 04:46:43,267 [Listener at 127.0.0.1/41657] INFO  ha.OMHANodeDetails (ConfUtils.java:setNodeSpecificConfigs(97)) - Setting configuration key ozone.om.https-address with value of key ozone.om.https-address.om-service-test1.omNode-3: 127.0.0.1:38433
2023-02-22 04:46:43,267 [Listener at 127.0.0.1/41657] INFO  ha.OMHANodeDetails (ConfUtils.java:setNodeSpecificConfigs(97)) - Setting configuration key ozone.om.address with value of key ozone.om.address.om-service-test1.omNode-3: 127.0.0.1:41863
2023-02-22 04:46:43,267 [Listener at 127.0.0.1/41657] WARN  server.ServerUtils (ServerUtils.java:getDBPath(225)) - ozone.om.db.dirs is not configured. We recommend adding this setting. Falling back to ozone.metadata.dirs instead.
2023-02-22 04:46:43,268 [Listener at 127.0.0.1/41657] INFO  proxy.SCMBlockLocationFailoverProxyProvider (SCMBlockLocationFailoverProxyProvider.java:<init>(114)) - Created block location fail-over proxy with 1 nodes: [nodeId=scmNodeId,nodeAddress=/0.0.0.0:34467]
2023-02-22 04:46:43,269 [org.apache.hadoop.util.JvmPauseMonitor$Monitor@24973838] INFO  util.JvmPauseMonitor (JvmPauseMonitor.java:run(188)) - Starting JVM pause monitor
OM initialization succeeded.Current cluster id for sd=/home/runner/work/ozone/ozone/hadoop-ozone/integration-test/target/test-dir/MiniOzoneClusterImpl-7cc88fad-c9bf-4c80-b076-d2cf48673a1e/omNode-3/om;cid=7cc88fad-c9bf-4c80-b076-d2cf48673a1e;layoutVersion=3
2023-02-22 04:46:43,281 [Listener at 127.0.0.1/41657] INFO  ha.OMHANodeDetails (OMHANodeDetails.java:loadOMHAConfig(121)) - ServiceID for OzoneManager is om-service-test1
2023-02-22 04:46:43,282 [Listener at 127.0.0.1/41657] INFO  ha.OMHANodeDetails (OMHANodeDetails.java:loadOMHAConfig(201)) - Found matching OM address with OMServiceId: om-service-test1, OMNodeId: omNode-3, RPC Address: localhost:41863 and Ratis port: 41063
2023-02-22 04:46:43,282 [Listener at 127.0.0.1/41657] INFO  ha.OMHANodeDetails (ConfUtils.java:setNodeSpecificConfigs(97)) - Setting configuration key ozone.om.http-address with value of key ozone.om.http-address.om-service-test1.omNode-3: 127.0.0.1:46411
2023-02-22 04:46:43,282 [Listener at 127.0.0.1/41657] INFO  ha.OMHANodeDetails (ConfUtils.java:setNodeSpecificConfigs(97)) - Setting configuration key ozone.om.https-address with value of key ozone.om.https-address.om-service-test1.omNode-3: 127.0.0.1:38433
2023-02-22 04:46:43,282 [Listener at 127.0.0.1/41657] INFO  ha.OMHANodeDetails (ConfUtils.java:setNodeSpecificConfigs(97)) - Setting configuration key ozone.om.address with value of key ozone.om.address.om-service-test1.omNode-3: 127.0.0.1:41863
2023-02-22 04:46:43,282 [Listener at 127.0.0.1/41657] WARN  server.ServerUtils (ServerUtils.java:getDBPath(225)) - ozone.om.db.dirs is not configured. We recommend adding this setting. Falling back to ozone.metadata.dirs instead.
2023-02-22 04:46:43,283 [Listener at 127.0.0.1/41657] INFO  upgrade.AbstractLayoutVersionManager (AbstractLayoutVersionManager.java:init(83)) - Initializing Layout version manager with metadata layout = MULTITENANCY_SCHEMA (version = 3), software layout = MULTITENANCY_SCHEMA (version = 3)
2023-02-22 04:46:43,297 [EndpointStateMachine task thread for /0.0.0.0:38827 - 0 ] INFO  ipc.Client (Client.java:handleConnectionFailure(1010)) - Retrying connect to server: 0.0.0.0/0.0.0.0:38827. Already tried 4 time(s); retry policy is RetryUpToMaximumCountWithFixedSleep(maxRetries=15, sleepTime=1000 MILLISECONDS)
2023-02-22 04:46:43,351 [Listener at 127.0.0.1/41657] INFO  reflections.Reflections (Reflections.java:scan(232)) - Reflections took 67 ms to scan 2 urls, producing 166 keys and 457 values [using 2 cores]
2023-02-22 04:46:43,352 [Listener at 127.0.0.1/41657] INFO  upgrade.OMLayoutVersionManager (OMLayoutVersionManager.java:lambda$0(115)) - Skipping Upgrade Action MockOmUpgradeAction since it has been finalized.
2023-02-22 04:46:43,352 [Listener at 127.0.0.1/41657] WARN  server.ServerUtils (ServerUtils.java:getDBPath(225)) - ozone.om.db.dirs is not configured. We recommend adding this setting. Falling back to ozone.metadata.dirs instead.
2023-02-22 04:46:43,352 [Listener at 127.0.0.1/41657] INFO  proxy.SCMBlockLocationFailoverProxyProvider (SCMBlockLocationFailoverProxyProvider.java:<init>(114)) - Created block location fail-over proxy with 1 nodes: [nodeId=scmNodeId,nodeAddress=/0.0.0.0:34467]
2023-02-22 04:46:43,353 [Listener at 127.0.0.1/41657] INFO  proxy.SCMBlockLocationFailoverProxyProvider (SCMBlockLocationFailoverProxyProvider.java:<init>(114)) - Created block location fail-over proxy with 1 nodes: [nodeId=scmNodeId,nodeAddress=/0.0.0.0:34467]
2023-02-22 04:46:43,360 [Listener at 127.0.0.1/41657] INFO  om.OzoneManager (OzoneManager.java:<init>(615)) - OM start with adminUsers: [runner]
2023-02-22 04:46:43,361 [Listener at 127.0.0.1/41657] WARN  server.ServerUtils (ServerUtils.java:getDBPath(225)) - ozone.om.db.dirs is not configured. We recommend adding this setting. Falling back to ozone.metadata.dirs instead.
2023-02-22 04:46:43,361 [Listener at 127.0.0.1/41657] INFO  codec.OmKeyInfoCodec (OmKeyInfoCodec.java:<init>(49)) - OmKeyInfoCodec ignorePipeline = true
2023-02-22 04:46:43,361 [Listener at 127.0.0.1/41657] INFO  codec.RepeatedOmKeyInfoCodec (RepeatedOmKeyInfoCodec.java:<init>(41)) - RepeatedOmKeyInfoCodec ignorePipeline = true
2023-02-22 04:46:43,509 [Listener at 127.0.0.1/41657] INFO  om.OzoneManager (OzoneManager.java:instantiateServices(745)) - S3 Multi-Tenancy is disabled
2023-02-22 04:46:43,509 [Listener at 127.0.0.1/41657] WARN  server.ServerUtils (ServerUtils.java:getDBPath(225)) - ozone.om.snapshot.diff.db.dir is not configured. We recommend adding this setting. Falling back to ozone.metadata.dirs instead.
2023-02-22 04:46:43,518 [Listener at 127.0.0.1/41657] INFO  om.OzoneManager (OzoneManager.java:addS3GVolumeToDB(4179)) - Created Volume s3v With Owner runner required for S3Gateway operations.
2023-02-22 04:46:43,518 [Listener at 127.0.0.1/41657] WARN  server.ServerUtils (ServerUtils.java:getDefaultRatisDirectory(237)) - Storage directory for Ratis is not configured. It is a good idea to map this to an SSD disk. Falling back to ozone.metadata.dirs
2023-02-22 04:46:43,518 [Listener at 127.0.0.1/41657] WARN  utils.OzoneManagerRatisUtils (OzoneManagerRatisUtils.java:getOMRatisSnapshotDirectory(436)) - ozone.om.ratis.snapshot.dir is not configured. Falling back to ozone.metadata.dirs config
2023-02-22 04:46:43,518 [Listener at 127.0.0.1/41657] INFO  snapshot.OzoneManagerSnapshotProvider (OzoneManagerSnapshotProvider.java:<init>(76)) - Initializing OM Snapshot Provider
2023-02-22 04:46:43,519 [Listener at 127.0.0.1/41657] WARN  impl.MetricRegistriesImpl (MetricRegistriesImpl.java:addReporterRegistration(111)) - New reporters are added after registries were created. Some metrics will be missing from the reporter. Please add reporter before adding any new registry.
2023-02-22 04:46:43,519 [Listener at 127.0.0.1/41657] WARN  impl.MetricRegistriesImpl (MetricRegistriesImpl.java:addReporterRegistration(111)) - New reporters are added after registries were created. Some metrics will be missing from the reporter. Please add reporter before adding any new registry.
2023-02-22 04:46:43,520 [Listener at 127.0.0.1/41657] WARN  server.ServerUtils (ServerUtils.java:getDefaultRatisDirectory(237)) - Storage directory for Ratis is not configured. It is a good idea to map this to an SSD disk. Falling back to ozone.metadata.dirs
2023-02-22 04:46:43,520 [Listener at 127.0.0.1/41657] INFO  ratis.OzoneManagerRatisServer (OzoneManagerRatisServer.java:<init>(164)) - Instantiating OM Ratis server with groupID: om-service-test1 and peers: localhost:41063, localhost:40145, localhost:40015
2023-02-22 04:46:43,520 [Listener at 127.0.0.1/41657] INFO  ratis.OzoneManagerStateMachine (OzoneManagerStateMachine.java:loadSnapshotInfoFromDB(636)) - LastAppliedIndex is set from TransactionInfo from OM DB as (t:0, i:~)
2023-02-22 04:46:43,521 [Listener at 127.0.0.1/41657] INFO  server.RaftServer (ConfUtils.java:logGet(46)) - raft.rpc.type = GRPC (default)
2023-02-22 04:46:43,521 [Listener at 127.0.0.1/41657] INFO  grpc.GrpcConfigKeys (ConfUtils.java:logFallback(53)) - raft.grpc.admin.host = null (fallback to raft.grpc.server.host)
2023-02-22 04:46:43,521 [Listener at 127.0.0.1/41657] INFO  grpc.GrpcConfigKeys (ConfUtils.java:logFallback(53)) - raft.grpc.admin.port = 41063 (fallback to raft.grpc.server.port)
2023-02-22 04:46:43,521 [Listener at 127.0.0.1/41657] INFO  grpc.GrpcConfigKeys (ConfUtils.java:logFallback(53)) - raft.grpc.client.host = null (fallback to raft.grpc.server.host)
2023-02-22 04:46:43,521 [Listener at 127.0.0.1/41657] INFO  grpc.GrpcConfigKeys (ConfUtils.java:logFallback(53)) - raft.grpc.client.port = 41063 (fallback to raft.grpc.server.port)
2023-02-22 04:46:43,521 [Listener at 127.0.0.1/41657] INFO  grpc.GrpcConfigKeys (ConfUtils.java:logGet(46)) - raft.grpc.server.host = null (default)
2023-02-22 04:46:43,521 [Listener at 127.0.0.1/41657] INFO  grpc.GrpcConfigKeys (ConfUtils.java:logGet(46)) - raft.grpc.server.port = 41063 (custom)
2023-02-22 04:46:43,521 [Listener at 127.0.0.1/41657] INFO  server.GrpcService (ConfUtils.java:logGet(46)) - raft.grpc.message.size.max = 33554432 (custom)
2023-02-22 04:46:43,521 [Listener at 127.0.0.1/41657] INFO  server.RaftServerConfigKeys (ConfUtils.java:logGet(46)) - raft.server.log.appender.buffer.byte-limit = 33554432 (custom)
2023-02-22 04:46:43,522 [Listener at 127.0.0.1/41657] INFO  server.GrpcService (ConfUtils.java:logGet(46)) - raft.grpc.flow.control.window = 1MB (=1048576) (default)
2023-02-22 04:46:43,522 [Listener at 127.0.0.1/41657] INFO  server.RaftServerConfigKeys (ConfUtils.java:logGet(46)) - raft.server.rpc.request.timeout = 3000ms (default)
2023-02-22 04:46:43,522 [Listener at 127.0.0.1/41657] INFO  grpc.GrpcConfigKeys (ConfUtils.java:logGet(46)) - raft.grpc.server.heartbeat.channel = true (default)
2023-02-22 04:46:43,522 [Listener at 127.0.0.1/41657] INFO  grpc.GrpcConfigKeys (ConfUtils.java:logGet(46)) - raft.grpc.server.async.request.thread.pool.cached = true (default)
2023-02-22 04:46:43,522 [Listener at 127.0.0.1/41657] INFO  grpc.GrpcConfigKeys (ConfUtils.java:logGet(46)) - raft.grpc.server.async.request.thread.pool.size = 32 (default)
2023-02-22 04:46:43,523 [Listener at 127.0.0.1/41657] INFO  impl.DataStreamServerImpl (ConfUtils.java:logGet(46)) - raft.datastream.type = DISABLED (default)
2023-02-22 04:46:43,523 [Listener at 127.0.0.1/41657] INFO  server.RaftServerConfigKeys (ConfUtils.java:logGet(46)) - raft.server.threadpool.proxy.cached = true (default)
2023-02-22 04:46:43,523 [Listener at 127.0.0.1/41657] INFO  server.RaftServerConfigKeys (ConfUtils.java:logGet(46)) - raft.server.threadpool.proxy.size = 0 (default)
2023-02-22 04:46:43,523 [Listener at 127.0.0.1/41657] INFO  server.RaftServerConfigKeys (ConfUtils.java:logGet(46)) - raft.server.rpc.slowness.timeout = 2s (custom)
2023-02-22 04:46:43,523 [Listener at 127.0.0.1/41657] INFO  server.RaftServerConfigKeys (ConfUtils.java:logGet(46)) - raft.server.leaderelection.leader.step-down.wait-time = 10s (default)
2023-02-22 04:46:43,523 [Listener at 127.0.0.1/41657] INFO  server.RaftServerConfigKeys (ConfUtils.java:logGet(46)) - raft.server.storage.dir = [/home/runner/work/ozone/ozone/hadoop-ozone/integration-test/target/test-dir/MiniOzoneClusterImpl-7cc88fad-c9bf-4c80-b076-d2cf48673a1e/omNode-3/ratis] (custom)
2023-02-22 04:46:43,524 [Listener at 127.0.0.1/41657] INFO  server.RaftServer (RaftServerProxy.java:addNew(96)) - omNode-3: addNew group-523986131536:[omNode-3|rpc:localhost:41063|priority:0|startupRole:FOLLOWER, omNode-1|rpc:localhost:40145|priority:0|startupRole:FOLLOWER, omNode-2|rpc:localhost:40015|priority:0|startupRole:FOLLOWER] returns group-523986131536:java.util.concurrent.CompletableFuture@3692d526[Not completed]
2023-02-22 04:46:43,524 [Listener at 127.0.0.1/41657] INFO  om.OzoneManager (OzoneManager.java:initializeRatisServer(2080)) - OzoneManager Ratis server initialized at port 41063
2023-02-22 04:46:43,524 [Listener at 127.0.0.1/41657] INFO  om.OzoneManager (OzoneManager.java:getRpcServer(1128)) - Creating RPC Server
2023-02-22 04:46:43,525 [pool-1470-thread-1] INFO  server.RaftServer$Division (RaftServerImpl.java:<init>(195)) - omNode-3: new RaftServerImpl for group-523986131536:[omNode-3|rpc:localhost:41063|priority:0|startupRole:FOLLOWER, omNode-1|rpc:localhost:40145|priority:0|startupRole:FOLLOWER, omNode-2|rpc:localhost:40015|priority:0|startupRole:FOLLOWER] with OzoneManagerStateMachine:uninitialized
2023-02-22 04:46:43,525 [pool-1470-thread-1] INFO  server.RaftServerConfigKeys (ConfUtils.java:logGet(46)) - raft.server.rpc.timeout.min = 1s (custom)
2023-02-22 04:46:43,525 [pool-1470-thread-1] INFO  server.RaftServerConfigKeys (ConfUtils.java:logGet(46)) - raft.server.rpc.timeout.max = 1200ms (custom)
2023-02-22 04:46:43,525 [pool-1470-thread-1] INFO  server.RaftServerConfigKeys (ConfUtils.java:logGet(46)) - raft.server.rpc.sleep.time = 25ms (default)
2023-02-22 04:46:43,525 [pool-1470-thread-1] INFO  server.RaftServerConfigKeys (ConfUtils.java:logGet(46)) - raft.server.rpc.slowness.timeout = 2s (custom)
2023-02-22 04:46:43,525 [pool-1470-thread-1] INFO  server.RaftServerConfigKeys (ConfUtils.java:logGet(46)) - raft.server.leaderelection.leader.step-down.wait-time = 10s (default)
2023-02-22 04:46:43,525 [pool-1470-thread-1] INFO  server.RaftServerConfigKeys (ConfUtils.java:logGet(46)) - raft.server.sleep.deviation.threshold = 300ms (default)
2023-02-22 04:46:43,525 [pool-1470-thread-1] INFO  server.RaftServer$Division (ServerState.java:<init>(118)) - omNode-3@group-523986131536: ConfigurationManager, init=-1: peers:[omNode-3|rpc:localhost:41063|priority:0|startupRole:FOLLOWER, omNode-1|rpc:localhost:40145|priority:0|startupRole:FOLLOWER, omNode-2|rpc:localhost:40015|priority:0|startupRole:FOLLOWER]|listeners:[], old=null, confs=<EMPTY_MAP>
2023-02-22 04:46:43,525 [pool-1470-thread-1] INFO  server.RaftServerConfigKeys (ConfUtils.java:logGet(46)) - raft.server.storage.dir = [/home/runner/work/ozone/ozone/hadoop-ozone/integration-test/target/test-dir/MiniOzoneClusterImpl-7cc88fad-c9bf-4c80-b076-d2cf48673a1e/omNode-3/ratis] (custom)
2023-02-22 04:46:43,525 [pool-1470-thread-1] INFO  server.RaftServerConfigKeys (ConfUtils.java:logGet(46)) - raft.server.log.corruption.policy = EXCEPTION (default)
2023-02-22 04:46:43,526 [pool-1470-thread-1] INFO  server.RaftServerConfigKeys (ConfUtils.java:logGet(46)) - raft.server.storage.free-space.min = 0MB (=0) (default)
2023-02-22 04:46:43,526 [pool-1470-thread-1] INFO  server.RaftServerConfigKeys (ConfUtils.java:logGet(46)) - raft.server.notification.no-leader.timeout = 2s (custom)
2023-02-22 04:46:43,526 [pool-1470-thread-1] INFO  server.RaftServerConfigKeys (ConfUtils.java:logGet(46)) - raft.server.retrycache.expirytime = 300s (custom)
2023-02-22 04:46:43,526 [pool-1470-thread-1] INFO  server.RaftServerConfigKeys (ConfUtils.java:logGet(46)) - raft.server.retrycache.statistics.expirytime = 100μs (default)
2023-02-22 04:46:43,526 [pool-1470-thread-1] INFO  server.RaftServerConfigKeys (ConfUtils.java:logGet(46)) - raft.server.log.appender.install.snapshot.enabled = false (custom)
2023-02-22 04:46:43,526 [pool-1470-thread-1] INFO  server.RaftServerConfigKeys (ConfUtils.java:logGet(46)) - raft.server.threadpool.server.cached = true (default)
2023-02-22 04:46:43,526 [pool-1470-thread-1] INFO  server.RaftServerConfigKeys (ConfUtils.java:logGet(46)) - raft.server.threadpool.server.size = 0 (default)
2023-02-22 04:46:43,526 [pool-1470-thread-1] INFO  server.RaftServerConfigKeys (ConfUtils.java:logGet(46)) - raft.server.threadpool.client.cached = true (default)
2023-02-22 04:46:43,526 [pool-1470-thread-1] INFO  server.RaftServerConfigKeys (ConfUtils.java:logGet(46)) - raft.server.threadpool.client.size = 0 (default)
2023-02-22 04:46:43,747 [omNode-1@group-523986131536-FollowerState] INFO  impl.FollowerState (FollowerState.java:run(143)) - omNode-1@group-523986131536-FollowerState: change to CANDIDATE, lastRpcElapsedTime:1154006040ns, electionTimeout:1152ms
2023-02-22 04:46:43,748 [omNode-1@group-523986131536-FollowerState] INFO  impl.RoleInfo (RoleInfo.java:shutdownFollowerState(110)) - omNode-1: shutdown omNode-1@group-523986131536-FollowerState
2023-02-22 04:46:43,748 [omNode-1@group-523986131536-FollowerState] INFO  server.RaftServer$Division (RaftServerImpl.java:setRole(321)) - omNode-1@group-523986131536: changes role from  FOLLOWER to CANDIDATE at term 0 for changeToCandidate
2023-02-22 04:46:43,748 [omNode-1@group-523986131536-FollowerState] INFO  server.RaftServerConfigKeys (ConfUtils.java:logGet(46)) - raft.server.leaderelection.pre-vote = true (default)
2023-02-22 04:46:43,748 [omNode-1@group-523986131536-FollowerState] INFO  impl.RoleInfo (RoleInfo.java:updateAndGet(139)) - omNode-1: start omNode-1@group-523986131536-LeaderElection16
2023-02-22 04:46:43,755 [omNode-1@group-523986131536-LeaderElection16] INFO  impl.LeaderElection (LeaderElection.java:askForVotes(312)) - omNode-1@group-523986131536-LeaderElection16 PRE_VOTE round 0: submit vote requests at term 0 for -1: peers:[omNode-3|rpc:localhost:41063|priority:0|startupRole:FOLLOWER, omNode-1|rpc:localhost:40145|priority:0|startupRole:FOLLOWER, omNode-2|rpc:localhost:40015|priority:0|startupRole:FOLLOWER]|listeners:[], old=null
2023-02-22 04:46:43,756 [omNode-1@group-523986131536-LeaderElection16-1] INFO  server.GrpcServerProtocolClient (GrpcServerProtocolClient.java:<init>(63)) - Build channel for omNode-3
2023-02-22 04:46:43,760 [omNode-1@group-523986131536-LeaderElection16] INFO  server.RaftServerConfigKeys (ConfUtils.java:logFallback(53)) - raft.server.rpc.first-election.timeout.min = 1s (fallback to raft.server.rpc.timeout.min)
2023-02-22 04:46:43,760 [omNode-1@group-523986131536-LeaderElection16] INFO  server.RaftServerConfigKeys (ConfUtils.java:logFallback(53)) - raft.server.rpc.first-election.timeout.max = 1200ms (fallback to raft.server.rpc.timeout.max)
2023-02-22 04:46:43,762 [omNode-1@group-523986131536-LeaderElection16-2] INFO  server.GrpcServerProtocolClient (GrpcServerProtocolClient.java:<init>(63)) - Build channel for omNode-2
2023-02-22 04:46:43,763 [omNode-1@group-523986131536-LeaderElection16] INFO  impl.LeaderElection (LogUtils.java:infoOrTrace(137)) - omNode-1@group-523986131536-LeaderElection16 got exception when requesting votes: java.util.concurrent.ExecutionException: org.apache.ratis.thirdparty.io.grpc.StatusRuntimeException: UNAVAILABLE: io exception
2023-02-22 04:46:43,769 [grpc-default-executor-20] INFO  server.RaftServer$Division (RaftServerImpl.java:requestVote(1218)) - omNode-2@group-523986131536: receive requestVote(PRE_VOTE, omNode-1, group-523986131536, 0, (t:0, i:~))
2023-02-22 04:46:43,769 [grpc-default-executor-20] INFO  impl.VoteContext (VoteContext.java:log(49)) - omNode-2@group-523986131536-FOLLOWER: accept PRE_VOTE from omNode-1: our priority 0 <= candidate's priority 0
2023-02-22 04:46:43,769 [grpc-default-executor-20] INFO  server.RaftServer$Division (RaftServerImpl.java:requestVote(1251)) - omNode-2@group-523986131536 replies to PRE_VOTE vote request: omNode-1<-omNode-2#0:OK-t0. Peer's state: omNode-2@group-523986131536:t0, leader=null, voted=, raftlog=Memoized:omNode-2@group-523986131536-SegmentedRaftLog:OPENED:c-1, conf=-1: peers:[omNode-3|rpc:localhost:41063|priority:0|startupRole:FOLLOWER, omNode-1|rpc:localhost:40145|priority:0|startupRole:FOLLOWER, omNode-2|rpc:localhost:40015|priority:0|startupRole:FOLLOWER]|listeners:[], old=null
2023-02-22 04:46:43,770 [omNode-1@group-523986131536-LeaderElection16] INFO  impl.LeaderElection (LeaderElection.java:logAndReturn(90)) - omNode-1@group-523986131536-LeaderElection16: PRE_VOTE PASSED received 1 response(s) and 1 exception(s):
2023-02-22 04:46:43,770 [omNode-1@group-523986131536-LeaderElection16] INFO  impl.LeaderElection (LeaderElection.java:logAndReturn(94)) -   Response 0: omNode-1<-omNode-2#0:OK-t0
2023-02-22 04:46:43,770 [omNode-1@group-523986131536-LeaderElection16] INFO  impl.LeaderElection (LogUtils.java:infoOrTrace(137)) -   Exception 1: java.util.concurrent.ExecutionException: org.apache.ratis.thirdparty.io.grpc.StatusRuntimeException: UNAVAILABLE: io exception
2023-02-22 04:46:43,771 [omNode-1@group-523986131536-LeaderElection16] INFO  impl.LeaderElection (LeaderElection.java:askForVotes(314)) - omNode-1@group-523986131536-LeaderElection16 PRE_VOTE round 0: result PASSED
2023-02-22 04:46:43,772 [omNode-1@group-523986131536-LeaderElection16] INFO  impl.LeaderElection (LeaderElection.java:askForVotes(312)) - omNode-1@group-523986131536-LeaderElection16 ELECTION round 0: submit vote requests at term 1 for -1: peers:[omNode-3|rpc:localhost:41063|priority:0|startupRole:FOLLOWER, omNode-1|rpc:localhost:40145|priority:0|startupRole:FOLLOWER, omNode-2|rpc:localhost:40015|priority:0|startupRole:FOLLOWER]|listeners:[], old=null
2023-02-22 04:46:43,773 [omNode-1@group-523986131536-LeaderElection16] INFO  server.RaftServerConfigKeys (ConfUtils.java:logFallback(53)) - raft.server.rpc.first-election.timeout.min = 1s (fallback to raft.server.rpc.timeout.min)
2023-02-22 04:46:43,773 [omNode-1@group-523986131536-LeaderElection16] INFO  server.RaftServerConfigKeys (ConfUtils.java:logFallback(53)) - raft.server.rpc.first-election.timeout.max = 1200ms (fallback to raft.server.rpc.timeout.max)
2023-02-22 04:46:43,773 [omNode-1@group-523986131536-LeaderElection16] INFO  impl.LeaderElection (LogUtils.java:infoOrTrace(137)) - omNode-1@group-523986131536-LeaderElection16 got exception when requesting votes: java.util.concurrent.ExecutionException: org.apache.ratis.thirdparty.io.grpc.StatusRuntimeException: UNAVAILABLE: io exception
2023-02-22 04:46:43,775 [grpc-default-executor-20] INFO  server.RaftServer$Division (RaftServerImpl.java:requestVote(1218)) - omNode-2@group-523986131536: receive requestVote(ELECTION, omNode-1, group-523986131536, 1, (t:0, i:~))
2023-02-22 04:46:43,775 [grpc-default-executor-20] INFO  impl.VoteContext (VoteContext.java:log(49)) - omNode-2@group-523986131536-FOLLOWER: accept ELECTION from omNode-1: our priority 0 <= candidate's priority 0
2023-02-22 04:46:43,775 [grpc-default-executor-20] INFO  server.RaftServer$Division (RaftServerImpl.java:setRole(321)) - omNode-2@group-523986131536: changes role from  FOLLOWER to FOLLOWER at term 1 for candidate:omNode-1
2023-02-22 04:46:43,775 [grpc-default-executor-20] INFO  impl.RoleInfo (RoleInfo.java:shutdownFollowerState(110)) - omNode-2: shutdown omNode-2@group-523986131536-FollowerState
2023-02-22 04:46:43,775 [grpc-default-executor-20] INFO  impl.RoleInfo (RoleInfo.java:updateAndGet(139)) - omNode-2: start omNode-2@group-523986131536-FollowerState
2023-02-22 04:46:43,775 [omNode-2@group-523986131536-FollowerState] INFO  impl.FollowerState (FollowerState.java:run(152)) - omNode-2@group-523986131536-FollowerState was interrupted
2023-02-22 04:46:43,785 [grpc-default-executor-20] INFO  server.RaftServer$Division (RaftServerImpl.java:requestVote(1251)) - omNode-2@group-523986131536 replies to ELECTION vote request: omNode-1<-omNode-2#0:OK-t1. Peer's state: omNode-2@group-523986131536:t1, leader=null, voted=omNode-1, raftlog=Memoized:omNode-2@group-523986131536-SegmentedRaftLog:OPENED:c-1, conf=-1: peers:[omNode-3|rpc:localhost:41063|priority:0|startupRole:FOLLOWER, omNode-1|rpc:localhost:40145|priority:0|startupRole:FOLLOWER, omNode-2|rpc:localhost:40015|priority:0|startupRole:FOLLOWER]|listeners:[], old=null
2023-02-22 04:46:43,786 [omNode-2@group-523986131536-FollowerState] INFO  server.RaftServerConfigKeys (ConfUtils.java:logFallback(53)) - raft.server.rpc.first-election.timeout.min = 1s (fallback to raft.server.rpc.timeout.min)
2023-02-22 04:46:43,786 [omNode-2@group-523986131536-FollowerState] INFO  server.RaftServerConfigKeys (ConfUtils.java:logFallback(53)) - raft.server.rpc.first-election.timeout.max = 1200ms (fallback to raft.server.rpc.timeout.max)
2023-02-22 04:46:43,786 [omNode-1@group-523986131536-LeaderElection16] INFO  impl.LeaderElection (LeaderElection.java:logAndReturn(90)) - omNode-1@group-523986131536-LeaderElection16: ELECTION PASSED received 1 response(s) and 1 exception(s):
2023-02-22 04:46:43,787 [omNode-1@group-523986131536-LeaderElection16] INFO  impl.LeaderElection (LeaderElection.java:logAndReturn(94)) -   Response 0: omNode-1<-omNode-2#0:OK-t1
2023-02-22 04:46:43,787 [omNode-1@group-523986131536-LeaderElection16] INFO  impl.LeaderElection (LogUtils.java:infoOrTrace(137)) -   Exception 1: java.util.concurrent.ExecutionException: org.apache.ratis.thirdparty.io.grpc.StatusRuntimeException: UNAVAILABLE: io exception
2023-02-22 04:46:43,787 [omNode-1@group-523986131536-LeaderElection16] INFO  impl.LeaderElection (LeaderElection.java:askForVotes(314)) - omNode-1@group-523986131536-LeaderElection16 ELECTION round 0: result PASSED
2023-02-22 04:46:43,787 [omNode-1@group-523986131536-LeaderElection16] INFO  impl.RoleInfo (RoleInfo.java:shutdownLeaderElection(130)) - omNode-1: shutdown omNode-1@group-523986131536-LeaderElection16
2023-02-22 04:46:43,787 [omNode-1@group-523986131536-LeaderElection16] INFO  server.RaftServer$Division (RaftServerImpl.java:setRole(321)) - omNode-1@group-523986131536: changes role from CANDIDATE to LEADER at term 1 for changeToLeader
2023-02-22 04:46:43,787 [omNode-1@group-523986131536-LeaderElection16] INFO  server.RaftServer$Division (ServerState.java:setLeader(313)) - omNode-1@group-523986131536: change Leader from null to omNode-1 at term 1 for becomeLeader, leader elected after 1608ms
2023-02-22 04:46:43,787 [omNode-1@group-523986131536-LeaderElection16] INFO  server.RaftServerConfigKeys (ConfUtils.java:logGet(46)) - raft.server.staging.catchup.gap = 1000 (default)
2023-02-22 04:46:43,787 [omNode-1@group-523986131536-LeaderElection16] INFO  server.RaftServerConfigKeys (ConfUtils.java:logGet(46)) - raft.server.write.element-limit = 4096 (default)
2023-02-22 04:46:43,787 [omNode-1@group-523986131536-LeaderElection16] INFO  server.RaftServerConfigKeys (ConfUtils.java:logGet(46)) - raft.server.write.byte-limit = 64MB (=67108864) (default)
2023-02-22 04:46:43,787 [omNode-1@group-523986131536-LeaderElection16] INFO  server.RaftServerConfigKeys (ConfUtils.java:logGet(46)) - raft.server.watch.timeout = 10s (default)
2023-02-22 04:46:43,787 [omNode-1@group-523986131536-LeaderElection16] INFO  server.RaftServerConfigKeys (ConfUtils.java:logGet(46)) - raft.server.watch.timeout.denomination = 1s (default)
2023-02-22 04:46:43,787 [omNode-1@group-523986131536-LeaderElection16] INFO  server.RaftServerConfigKeys (ConfUtils.java:logGet(46)) - raft.server.watch.element-limit = 65536 (default)
2023-02-22 04:46:43,787 [omNode-1@group-523986131536-LeaderElection16] INFO  server.RaftServerConfigKeys (ConfUtils.java:logGet(46)) - raft.server.write.element-limit = 4096 (default)
2023-02-22 04:46:43,787 [omNode-1@group-523986131536-LeaderElection16] INFO  server.RaftServerConfigKeys (ConfUtils.java:logGet(46)) - raft.server.write.follower.gap.ratio.max = -1.0 (default)
2023-02-22 04:46:43,788 [omNode-1@group-523986131536-LeaderElection16] INFO  server.RaftServerConfigKeys (ConfUtils.java:logGet(46)) - raft.server.log.appender.snapshot.chunk.size.max = 16MB (=16777216) (default)
2023-02-22 04:46:43,788 [omNode-1@group-523986131536-LeaderElection16] INFO  server.RaftServerConfigKeys (ConfUtils.java:logGet(46)) - raft.server.log.appender.buffer.byte-limit = 33554432 (custom)
2023-02-22 04:46:43,788 [omNode-1@group-523986131536-LeaderElection16] INFO  server.RaftServerConfigKeys (ConfUtils.java:logGet(46)) - raft.server.log.appender.buffer.element-limit = 1024 (custom)
2023-02-22 04:46:43,788 [omNode-1@group-523986131536-LeaderElection16] INFO  grpc.GrpcConfigKeys (ConfUtils.java:logGet(46)) - raft.grpc.server.leader.outstanding.appends.max = 128 (default)
2023-02-22 04:46:43,788 [omNode-1@group-523986131536-LeaderElection16] INFO  server.RaftServerConfigKeys (ConfUtils.java:logGet(46)) - raft.server.rpc.request.timeout = 3000ms (default)
2023-02-22 04:46:43,788 [omNode-1@group-523986131536-LeaderElection16] INFO  server.RaftServerConfigKeys (ConfUtils.java:logGet(46)) - raft.server.log.appender.install.snapshot.enabled = false (custom)
2023-02-22 04:46:43,788 [omNode-1@group-523986131536-LeaderElection16] INFO  grpc.GrpcConfigKeys (ConfUtils.java:logGet(46)) - raft.grpc.server.heartbeat.channel = true (default)
2023-02-22 04:46:43,788 [omNode-1@group-523986131536-LeaderElection16] INFO  server.RaftServerConfigKeys (ConfUtils.java:logGet(46)) - raft.server.log.appender.wait-time.min = 10ms (default)
2023-02-22 04:46:43,788 [omNode-1@group-523986131536-LeaderElection16] INFO  server.RaftServerConfigKeys (ConfUtils.java:logGet(46)) - raft.server.log.appender.snapshot.chunk.size.max = 16MB (=16777216) (default)
2023-02-22 04:46:43,788 [omNode-1@group-523986131536-LeaderElection16] INFO  server.RaftServerConfigKeys (ConfUtils.java:logGet(46)) - raft.server.log.appender.buffer.byte-limit = 33554432 (custom)
2023-02-22 04:46:43,788 [omNode-1@group-523986131536-LeaderElection16] INFO  server.RaftServerConfigKeys (ConfUtils.java:logGet(46)) - raft.server.log.appender.buffer.element-limit = 1024 (custom)
2023-02-22 04:46:43,788 [omNode-1@group-523986131536-LeaderElection16] INFO  grpc.GrpcConfigKeys (ConfUtils.java:logGet(46)) - raft.grpc.server.leader.outstanding.appends.max = 128 (default)
2023-02-22 04:46:43,788 [omNode-1@group-523986131536-LeaderElection16] INFO  server.RaftServerConfigKeys (ConfUtils.java:logGet(46)) - raft.server.rpc.request.timeout = 3000ms (default)
2023-02-22 04:46:43,788 [omNode-1@group-523986131536-LeaderElection16] INFO  server.RaftServerConfigKeys (ConfUtils.java:logGet(46)) - raft.server.log.appender.install.snapshot.enabled = false (custom)
2023-02-22 04:46:43,789 [omNode-1@group-523986131536-LeaderElection16] INFO  grpc.GrpcConfigKeys (ConfUtils.java:logGet(46)) - raft.grpc.server.heartbeat.channel = true (default)
2023-02-22 04:46:43,789 [omNode-1@group-523986131536-LeaderElection16] INFO  server.RaftServerConfigKeys (ConfUtils.java:logGet(46)) - raft.server.log.appender.wait-time.min = 10ms (default)
2023-02-22 04:46:43,789 [omNode-1@group-523986131536-LeaderElection16] INFO  impl.RoleInfo (RoleInfo.java:updateAndGet(139)) - omNode-1: start omNode-1@group-523986131536-LeaderStateImpl
2023-02-22 04:46:43,789 [omNode-1@group-523986131536-LeaderElection16] INFO  segmented.SegmentedRaftLogWorker (SegmentedRaftLogWorker.java:startLogSegment(452)) - omNode-1@group-523986131536-SegmentedRaftLogWorker: Starting segment from index:0
2023-02-22 04:46:43,797 [omNode-1@group-523986131536-SegmentedRaftLogWorker] INFO  segmented.SegmentedRaftLogWorker (SegmentedRaftLogWorker.java:execute(656)) - omNode-1@group-523986131536-SegmentedRaftLogWorker: created new log segment /home/runner/work/ozone/ozone/hadoop-ozone/integration-test/target/test-dir/MiniOzoneClusterImpl-7cc88fad-c9bf-4c80-b076-d2cf48673a1e/omNode-1/ratis/c9bc4cf4-3bc3-3c60-a66b-523986131536/current/log_inprogress_0
2023-02-22 04:46:43,800 [grpc-default-executor-20] WARN  server.GrpcLogAppender (LogUtils.java:warn(122)) - omNode-1@group-523986131536->omNode-3-AppendLogResponseHandler: Failed appendEntries: org.apache.ratis.thirdparty.io.grpc.StatusRuntimeException: UNAVAILABLE: io exception
2023-02-22 04:46:43,817 [grpc-default-executor-11] WARN  server.GrpcLogAppender (LogUtils.java:warn(122)) - omNode-1@group-523986131536->omNode-3-AppendLogResponseHandler: Failed appendEntries: org.apache.ratis.thirdparty.io.grpc.StatusRuntimeException: UNAVAILABLE: io exception
2023-02-22 04:46:43,819 [omNode-1@group-523986131536-LeaderElection16] INFO  server.RaftServer$Division (ServerState.java:setRaftConf(430)) - omNode-1@group-523986131536: set configuration 0: peers:[omNode-3|rpc:localhost:41063|admin:|client:|dataStream:|priority:0|startupRole:FOLLOWER, omNode-1|rpc:localhost:40145|admin:|client:|dataStream:|priority:0|startupRole:FOLLOWER, omNode-2|rpc:localhost:40015|admin:|client:|dataStream:|priority:0|startupRole:FOLLOWER]|listeners:[], old=null
2023-02-22 04:46:43,820 [omNode-1@group-523986131536-StateMachineUpdater] INFO  ratis.OzoneManagerStateMachine (OzoneManagerStateMachine.java:notifyConfigurationChanged(192)) - Received Configuration change notification from Ratis. New Peer list:
[id: "omNode-3"
address: "localhost:41063"
startupRole: FOLLOWER
, id: "omNode-1"
address: "localhost:40145"
startupRole: FOLLOWER
, id: "omNode-2"
address: "localhost:40015"
startupRole: FOLLOWER
]
2023-02-22 04:46:43,824 [grpc-default-executor-20] WARN  server.GrpcLogAppender (GrpcLogAppender.java:resetClient(131)) - omNode-1@group-523986131536->omNode-3-GrpcLogAppender: Leader has not got in touch with Follower omNode-1@group-523986131536->omNode-3(c-1,m0,n0, attendVote=true, lastRpcSendTime=6, lastRpcResponseTime=1236) yet, just keep nextIndex unchanged and retry.
2023-02-22 04:46:43,824 [grpc-default-executor-11] WARN  server.GrpcLogAppender (GrpcLogAppender.java:resetClient(131)) - omNode-1@group-523986131536->omNode-3-GrpcLogAppender: Leader has not got in touch with Follower omNode-1@group-523986131536->omNode-3(c-1,m0,n0, attendVote=true, lastRpcSendTime=7, lastRpcResponseTime=1236) yet, just keep nextIndex unchanged and retry.
2023-02-22 04:46:43,830 [grpc-default-executor-16] WARN  server.GrpcLogAppender (LogUtils.java:warn(122)) - omNode-1@group-523986131536->omNode-3-AppendLogResponseHandler: Failed appendEntries: org.apache.ratis.thirdparty.io.grpc.StatusRuntimeException: UNAVAILABLE: io exception
2023-02-22 04:46:43,830 [grpc-default-executor-16] WARN  server.GrpcLogAppender (GrpcLogAppender.java:resetClient(131)) - omNode-1@group-523986131536->omNode-3-GrpcLogAppender: Leader has not got in touch with Follower omNode-1@group-523986131536->omNode-3(c-1,m0,n1, attendVote=true, lastRpcSendTime=0, lastRpcResponseTime=1242) yet, just keep nextIndex unchanged and retry.
2023-02-22 04:46:43,831 [grpc-default-executor-20] WARN  server.GrpcLogAppender (LogUtils.java:warn(122)) - omNode-1@group-523986131536->omNode-3-AppendLogResponseHandler: Failed appendEntries: org.apache.ratis.thirdparty.io.grpc.StatusRuntimeException: UNAVAILABLE: io exception
2023-02-22 04:46:43,831 [grpc-default-executor-20] WARN  server.GrpcLogAppender (GrpcLogAppender.java:resetClient(131)) - omNode-1@group-523986131536->omNode-3-GrpcLogAppender: Leader has not got in touch with Follower omNode-1@group-523986131536->omNode-3(c-1,m0,n1, attendVote=true, lastRpcSendTime=1, lastRpcResponseTime=1243) yet, just keep nextIndex unchanged and retry.
2023-02-22 04:46:43,838 [omNode-2-server-thread1] INFO  server.RaftServer$Division (ServerState.java:setLeader(313)) - omNode-2@group-523986131536: change Leader from null to omNode-1 at term 1 for appendEntries, leader elected after 949ms
2023-02-22 04:46:43,843 [omNode-2-server-thread1] INFO  server.RaftServer$Division (ServerState.java:setRaftConf(430)) - omNode-2@group-523986131536: set configuration 0: peers:[omNode-3|rpc:localhost:41063|admin:|client:|dataStream:|priority:0|startupRole:FOLLOWER, omNode-1|rpc:localhost:40145|admin:|client:|dataStream:|priority:0|startupRole:FOLLOWER, omNode-2|rpc:localhost:40015|admin:|client:|dataStream:|priority:0|startupRole:FOLLOWER]|listeners:[], old=null
2023-02-22 04:46:43,844 [omNode-2-server-thread1] INFO  segmented.SegmentedRaftLogWorker (SegmentedRaftLogWorker.java:startLogSegment(452)) - omNode-2@group-523986131536-SegmentedRaftLogWorker: Starting segment from index:0
2023-02-22 04:46:43,852 [omNode-2@group-523986131536-SegmentedRaftLogWorker] INFO  segmented.SegmentedRaftLogWorker (SegmentedRaftLogWorker.java:execute(656)) - omNode-2@group-523986131536-SegmentedRaftLogWorker: created new log segment /home/runner/work/ozone/ozone/hadoop-ozone/integration-test/target/test-dir/MiniOzoneClusterImpl-7cc88fad-c9bf-4c80-b076-d2cf48673a1e/omNode-2/ratis/c9bc4cf4-3bc3-3c60-a66b-523986131536/current/log_inprogress_0
2023-02-22 04:46:43,853 [omNode-2@group-523986131536-StateMachineUpdater] INFO  ratis.OzoneManagerStateMachine (OzoneManagerStateMachine.java:notifyConfigurationChanged(192)) - Received Configuration change notification from Ratis. New Peer list:
[id: "omNode-3"
address: "localhost:41063"
startupRole: FOLLOWER
, id: "omNode-1"
address: "localhost:40145"
startupRole: FOLLOWER
, id: "omNode-2"
address: "localhost:40015"
startupRole: FOLLOWER
]
2023-02-22 04:46:43,946 [Listener at 127.0.0.1/41657] INFO  reflections.Reflections (Reflections.java:scan(232)) - Reflections took 421 ms to scan 19 urls, producing 69 keys and 4835 values [using 2 cores]
2023-02-22 04:46:43,947 [Listener at 127.0.0.1/41657] INFO  ipc.CallQueueManager (CallQueueManager.java:<init>(90)) - Using callQueue: class java.util.concurrent.LinkedBlockingQueue, queueCapacity: 2000, scheduler: class org.apache.hadoop.ipc.DefaultRpcScheduler, ipcBackoff: false.
2023-02-22 04:46:43,951 [Socket Reader #1 for port 41863] INFO  ipc.Server (Server.java:run(1273)) - Starting Socket Reader #1 for port 41863
2023-02-22 04:46:43,997 [Listener at 127.0.0.1/41863] INFO  impl.MetricsSystemImpl (MetricsSystemImpl.java:init(158)) - OzoneManager metrics system started (again)
2023-02-22 04:46:44,021 [Listener at 127.0.0.1/41863] INFO  om.OzoneManager (OzoneManager.java:start(1548)) - OzoneManager RPC server is listening at localhost/127.0.0.1:41863
2023-02-22 04:46:44,022 [Listener at 127.0.0.1/41863] INFO  ratis.OzoneManagerRatisServer (OzoneManagerRatisServer.java:start(559)) - Starting OzoneManagerRatisServer omNode-3 at port 41063
2023-02-22 04:46:44,022 [omNode-3-impl-thread1] INFO  storage.RaftStorageDirectory (RaftStorageDirectoryImpl.java:analyzeStorage(137)) - The storage directory /home/runner/work/ozone/ozone/hadoop-ozone/integration-test/target/test-dir/MiniOzoneClusterImpl-7cc88fad-c9bf-4c80-b076-d2cf48673a1e/omNode-3/ratis/c9bc4cf4-3bc3-3c60-a66b-523986131536 does not exist. Creating ...
2023-02-22 04:46:44,023 [omNode-3-impl-thread1] INFO  storage.RaftStorageDirectory (RaftStorageDirectoryImpl.java:tryLock(231)) - Lock on /home/runner/work/ozone/ozone/hadoop-ozone/integration-test/target/test-dir/MiniOzoneClusterImpl-7cc88fad-c9bf-4c80-b076-d2cf48673a1e/omNode-3/ratis/c9bc4cf4-3bc3-3c60-a66b-523986131536/in_use.lock acquired by nodename 93364@fv-az748-120
2023-02-22 04:46:44,024 [omNode-3-impl-thread1] INFO  storage.RaftStorage (RaftStorageImpl.java:format(96)) - Storage directory /home/runner/work/ozone/ozone/hadoop-ozone/integration-test/target/test-dir/MiniOzoneClusterImpl-7cc88fad-c9bf-4c80-b076-d2cf48673a1e/omNode-3/ratis/c9bc4cf4-3bc3-3c60-a66b-523986131536 has been successfully formatted.
2023-02-22 04:46:44,024 [omNode-3-impl-thread1] INFO  server.RaftServerConfigKeys (ConfUtils.java:logGet(46)) - raft.server.log.use.memory = false (default)
2023-02-22 04:46:44,024 [omNode-3-impl-thread1] INFO  server.RaftServerConfigKeys (ConfUtils.java:logGet(46)) - raft.server.log.purge.gap = 1000000 (custom)
2023-02-22 04:46:44,024 [omNode-3-impl-thread1] INFO  server.RaftServerConfigKeys (ConfUtils.java:logGet(46)) - raft.server.log.appender.buffer.byte-limit = 33554432 (custom)
2023-02-22 04:46:44,024 [omNode-3-impl-thread1] INFO  server.RaftServerConfigKeys (ConfUtils.java:logGet(46)) - raft.server.log.statemachine.data.read.timeout = 1000ms (default)
2023-02-22 04:46:44,025 [omNode-3-impl-thread1] INFO  server.RaftServerConfigKeys (ConfUtils.java:logGet(46)) - raft.server.log.purge.preservation.log.num = 0 (default)
2023-02-22 04:46:44,025 [omNode-3-impl-thread1] INFO  server.RaftServerConfigKeys (ConfUtils.java:logGet(46)) - raft.server.log.segment.size.max = 4194304 (custom)
2023-02-22 04:46:44,025 [omNode-3-impl-thread1] INFO  server.RaftServerConfigKeys (ConfUtils.java:logGet(46)) - raft.server.log.segment.cache.num.max = 2 (custom)
2023-02-22 04:46:44,025 [omNode-3-impl-thread1] INFO  server.RaftServerConfigKeys (ConfUtils.java:logGet(46)) - raft.server.log.segment.cache.size.max = 200MB (=209715200) (default)
2023-02-22 04:46:44,025 [omNode-3-impl-thread1] INFO  segmented.SegmentedRaftLogWorker (SegmentedRaftLogWorker.java:<init>(189)) - new omNode-3@group-523986131536-SegmentedRaftLogWorker for RaftStorageImpl:Storage Directory /home/runner/work/ozone/ozone/hadoop-ozone/integration-test/target/test-dir/MiniOzoneClusterImpl-7cc88fad-c9bf-4c80-b076-d2cf48673a1e/omNode-3/ratis/c9bc4cf4-3bc3-3c60-a66b-523986131536
2023-02-22 04:46:44,025 [omNode-3-impl-thread1] INFO  server.RaftServerConfigKeys (ConfUtils.java:logGet(46)) - raft.server.log.queue.byte-limit = 64MB (=67108864) (default)
2023-02-22 04:46:44,025 [omNode-3-impl-thread1] INFO  server.RaftServerConfigKeys (ConfUtils.java:logGet(46)) - raft.server.log.queue.element-limit = 4096 (default)
2023-02-22 04:46:44,025 [omNode-3-impl-thread1] INFO  server.RaftServerConfigKeys (ConfUtils.java:logGet(46)) - raft.server.log.segment.size.max = 4194304 (custom)
2023-02-22 04:46:44,025 [omNode-3-impl-thread1] INFO  server.RaftServerConfigKeys (ConfUtils.java:logGet(46)) - raft.server.log.preallocated.size = 4194304 (custom)
2023-02-22 04:46:44,025 [omNode-3-impl-thread1] INFO  server.RaftServerConfigKeys (ConfUtils.java:logGet(46)) - raft.server.log.force.sync.num = 128 (default)
2023-02-22 04:46:44,025 [omNode-3-impl-thread1] INFO  server.RaftServerConfigKeys (ConfUtils.java:logGet(46)) - raft.server.log.statemachine.data.sync = true (default)
2023-02-22 04:46:44,025 [omNode-3-impl-thread1] INFO  server.RaftServerConfigKeys (ConfUtils.java:logGet(46)) - raft.server.log.statemachine.data.sync.timeout = 10s (default)
2023-02-22 04:46:44,025 [omNode-3-impl-thread1] INFO  server.RaftServerConfigKeys (ConfUtils.java:logGet(46)) - raft.server.log.statemachine.data.sync.timeout.retry = -1 (default)
2023-02-22 04:46:44,026 [omNode-3-impl-thread1] INFO  server.RaftServerConfigKeys (ConfUtils.java:logGet(46)) - raft.server.log.write.buffer.size = 64KB (=65536) (default)
2023-02-22 04:46:44,026 [omNode-3-impl-thread1] INFO  server.RaftServerConfigKeys (ConfUtils.java:logGet(46)) - raft.server.log.appender.buffer.byte-limit = 33554432 (custom)
2023-02-22 04:46:44,029 [omNode-3-impl-thread1] INFO  server.RaftServerConfigKeys (ConfUtils.java:logGet(46)) - raft.server.log.unsafe-flush.enabled = false (default)
2023-02-22 04:46:44,029 [omNode-3-impl-thread1] INFO  server.RaftServerConfigKeys (ConfUtils.java:logGet(46)) - raft.server.log.async-flush.enabled = false (default)
2023-02-22 04:46:44,029 [omNode-3-impl-thread1] INFO  server.RaftServerConfigKeys (ConfUtils.java:logGet(46)) - raft.server.log.statemachine.data.caching.enabled = false (default)
2023-02-22 04:46:44,029 [omNode-3-impl-thread1] INFO  segmented.SegmentedRaftLogWorker (SegmentedRaftLogWorker.java:lambda$new$0(135)) - omNode-3@group-523986131536-SegmentedRaftLogWorker: flushIndex: setUnconditionally 0 -> -1
2023-02-22 04:46:44,029 [omNode-3-impl-thread1] INFO  segmented.SegmentedRaftLogWorker (SegmentedRaftLogWorker.java:lambda$new$0(135)) - omNode-3@group-523986131536-SegmentedRaftLogWorker: safeCacheEvictIndex: setUnconditionally 0 -> -1
2023-02-22 04:46:44,037 [omNode-3-impl-thread1] INFO  server.RaftServer$Division (RaftServerImpl.java:start(334)) - omNode-3@group-523986131536: start as a follower, conf=-1: peers:[omNode-3|rpc:localhost:41063|priority:0|startupRole:FOLLOWER, omNode-1|rpc:localhost:40145|priority:0|startupRole:FOLLOWER, omNode-2|rpc:localhost:40015|priority:0|startupRole:FOLLOWER]|listeners:[], old=null
2023-02-22 04:46:44,037 [omNode-3-impl-thread1] INFO  server.RaftServer$Division (RaftServerImpl.java:setRole(321)) - omNode-3@group-523986131536: changes role from      null to FOLLOWER at term 0 for startAsFollower
2023-02-22 04:46:44,037 [omNode-3-impl-thread1] INFO  impl.RoleInfo (RoleInfo.java:updateAndGet(139)) - omNode-3: start omNode-3@group-523986131536-FollowerState
2023-02-22 04:46:44,041 [omNode-3-impl-thread1] INFO  util.JmxRegister (JmxRegister.java:tryRegister(44)) - Successfully registered JMX Bean with object name Ratis:service=RaftServer,group=group-523986131536,id=omNode-3
2023-02-22 04:46:44,041 [omNode-3-impl-thread1] INFO  server.RaftServerConfigKeys (ConfUtils.java:logGet(46)) - raft.server.snapshot.auto.trigger.enabled = true (custom)
2023-02-22 04:46:44,041 [omNode-3-impl-thread1] INFO  server.RaftServerConfigKeys (ConfUtils.java:logGet(46)) - raft.server.snapshot.auto.trigger.threshold = 400000 (default)
2023-02-22 04:46:44,042 [omNode-3-impl-thread1] INFO  server.RaftServerConfigKeys (ConfUtils.java:logGet(46)) - raft.server.snapshot.retention.file.num = -1 (default)
2023-02-22 04:46:44,042 [omNode-3-impl-thread1] INFO  server.RaftServerConfigKeys (ConfUtils.java:logGet(46)) - raft.server.log.purge.upto.snapshot.index = true (custom)
2023-02-22 04:46:44,042 [omNode-3@group-523986131536-FollowerState] INFO  server.RaftServerConfigKeys (ConfUtils.java:logFallback(53)) - raft.server.rpc.first-election.timeout.min = 1s (fallback to raft.server.rpc.timeout.min)
2023-02-22 04:46:44,042 [omNode-3@group-523986131536-FollowerState] INFO  server.RaftServerConfigKeys (ConfUtils.java:logFallback(53)) - raft.server.rpc.first-election.timeout.max = 1200ms (fallback to raft.server.rpc.timeout.max)
2023-02-22 04:46:44,043 [Listener at 127.0.0.1/41863] INFO  server.RaftServer (RaftServerProxy.java:startImpl(393)) - omNode-3: start RPC server
2023-02-22 04:46:44,045 [Listener at 127.0.0.1/41863] INFO  server.GrpcService (GrpcService.java:startImpl(262)) - omNode-3: GrpcService started, listening on 41063
2023-02-22 04:46:44,045 [Listener at 127.0.0.1/41863] INFO  om.OzoneManager (OzoneManager.java:start(1564)) - Version File has different layout version (3) than OM DB (null). That is expected if this OM has never been finalized to a newer layout version.
2023-02-22 04:46:44,045 [JvmPauseMonitor14] INFO  util.JvmPauseMonitor (JvmPauseMonitor.java:run(105)) - JvmPauseMonitor-omNode-3: Started
2023-02-22 04:46:44,048 [Listener at 127.0.0.1/41863] INFO  http.BaseHttpServer (BaseHttpServer.java:newHttpServer2BuilderForOzone(213)) - Starting Web-server for ozoneManager at: http://0.0.0.0:46411
2023-02-22 04:46:44,048 [Listener at 127.0.0.1/41863] INFO  http.BaseHttpServer (BaseHttpServer.java:<init>(108)) - Hadoop Security Enabled: false Ozone Security Enabled: false Ozone HTTP Security Enabled: false 
2023-02-22 04:46:44,049 [Listener at 127.0.0.1/41863] WARN  server.AuthenticationFilter (AuthenticationFilter.java:constructSecretProvider(240)) - Unable to initialize FileSignerSecretProvider, falling back to use random secrets. Reason: Could not read signature secret file: /home/runner/hadoop-http-auth-signature-secret
2023-02-22 04:46:44,055 [Listener at 127.0.0.1/41863] WARN  http.HttpRequestLog (HttpRequestLog.java:getRequestLog(103)) - Jetty request log can only be enabled using Log4j
2023-02-22 04:46:44,057 [Listener at 127.0.0.1/41863] INFO  http.HttpServer2 (HttpServer2.java:addGlobalFilter(1031)) - Added global filter 'safety' (class=org.apache.hadoop.hdds.server.http.HttpServer2$QuotingInputFilter)
2023-02-22 04:46:44,057 [Listener at 127.0.0.1/41863] INFO  http.HttpServer2 (HttpServer2.java:addFilter(1007)) - Added filter static_user_filter (class=org.apache.hadoop.http.lib.StaticUserWebFilter$StaticUserFilter) to context ozoneManager
2023-02-22 04:46:44,057 [Listener at 127.0.0.1/41863] INFO  http.HttpServer2 (HttpServer2.java:addFilter(1015)) - Added filter static_user_filter (class=org.apache.hadoop.http.lib.StaticUserWebFilter$StaticUserFilter) to context static
2023-02-22 04:46:44,057 [Listener at 127.0.0.1/41863] INFO  http.HttpServer2 (HttpServer2.java:addFilter(1015)) - Added filter static_user_filter (class=org.apache.hadoop.http.lib.StaticUserWebFilter$StaticUserFilter) to context logs
2023-02-22 04:46:44,058 [Listener at 127.0.0.1/41863] INFO  http.HttpServer2 (HttpServer2.java:bindListener(1250)) - Jetty bound to port 46411
2023-02-22 04:46:44,058 [Listener at 127.0.0.1/41863] INFO  server.Server (Server.java:doStart(375)) - jetty-9.4.49.v20220914; built: 2022-09-14T01:07:36.601Z; git: 4231a3b2e4cb8548a412a789936d640a97b1aa0a; jvm 1.8.0_362-b09
2023-02-22 04:46:44,059 [Listener at 127.0.0.1/41863] INFO  server.session (DefaultSessionIdManager.java:doStart(334)) - DefaultSessionIdManager workerName=node0
2023-02-22 04:46:44,059 [Listener at 127.0.0.1/41863] INFO  server.session (DefaultSessionIdManager.java:doStart(339)) - No SessionScavenger set, using defaults
2023-02-22 04:46:44,059 [Listener at 127.0.0.1/41863] INFO  server.session (HouseKeeper.java:startScavenging(132)) - node0 Scavenging every 600000ms
2023-02-22 04:46:44,060 [Listener at 127.0.0.1/41863] INFO  handler.ContextHandler (ContextHandler.java:doStart(921)) - Started o.e.j.s.ServletContextHandler@265e3e27{logs,/logs,file:///home/runner/work/ozone/ozone/hadoop-ozone/integration-test/target/log,AVAILABLE}
2023-02-22 04:46:44,061 [Listener at 127.0.0.1/41863] INFO  handler.ContextHandler (ContextHandler.java:doStart(921)) - Started o.e.j.s.ServletContextHandler@af3b487{static,/static,file:///home/runner/work/ozone/ozone/hadoop-ozone/integration-test/target/test-classes/webapps/static,AVAILABLE}
2023-02-22 04:46:44,063 [Listener at 127.0.0.1/41863] INFO  handler.ContextHandler (ContextHandler.java:doStart(921)) - Started o.e.j.w.WebAppContext@28d1030d{ozoneManager,/,file:///home/runner/work/ozone/ozone/hadoop-ozone/integration-test/target/test-classes/webapps/ozoneManager/,AVAILABLE}{file:/home/runner/work/ozone/ozone/hadoop-ozone/integration-test/target/test-classes/webapps/ozoneManager}
2023-02-22 04:46:44,066 [Listener at 127.0.0.1/41863] INFO  server.AbstractConnector (AbstractConnector.java:doStart(333)) - Started ServerConnector@36bece70{HTTP/1.1, (http/1.1)}{0.0.0.0:46411}
2023-02-22 04:46:44,066 [Listener at 127.0.0.1/41863] INFO  server.Server (Server.java:doStart(415)) - Started @122506ms
2023-02-22 04:46:44,066 [Listener at 127.0.0.1/41863] WARN  impl.MetricsSystemImpl (MetricsSystemImpl.java:register(279)) - Sink prometheus already exists!
2023-02-22 04:46:44,067 [grpc-default-executor-16] WARN  server.GrpcLogAppender (LogUtils.java:warn(122)) - omNode-1@group-523986131536->omNode-3-AppendLogResponseHandler: Failed appendEntries: org.apache.ratis.thirdparty.io.grpc.StatusRuntimeException: UNAVAILABLE: io exception
2023-02-22 04:46:44,068 [grpc-default-executor-16] WARN  server.GrpcLogAppender (GrpcLogAppender.java:resetClient(131)) - omNode-1@group-523986131536->omNode-3-GrpcLogAppender: Leader has not got in touch with Follower omNode-1@group-523986131536->omNode-3(c-1,m0,n1, attendVote=true, lastRpcSendTime=1, lastRpcResponseTime=1480) yet, just keep nextIndex unchanged and retry.
2023-02-22 04:46:44,067 [grpc-default-executor-11] WARN  server.GrpcLogAppender (LogUtils.java:warn(122)) - omNode-1@group-523986131536->omNode-3-AppendLogResponseHandler: Failed appendEntries: org.apache.ratis.thirdparty.io.grpc.StatusRuntimeException: UNAVAILABLE: io exception
2023-02-22 04:46:44,069 [grpc-default-executor-11] WARN  server.GrpcLogAppender (GrpcLogAppender.java:resetClient(131)) - omNode-1@group-523986131536->omNode-3-GrpcLogAppender: Leader has not got in touch with Follower omNode-1@group-523986131536->omNode-3(c-1,m0,n1, attendVote=true, lastRpcSendTime=2, lastRpcResponseTime=1481) yet, just keep nextIndex unchanged and retry.
2023-02-22 04:46:44,067 [Listener at 127.0.0.1/41863] INFO  http.BaseHttpServer (BaseHttpServer.java:updateConnectorAddress(333)) - HTTP server of ozoneManager listening at http://0.0.0.0:46411
2023-02-22 04:46:44,073 [IPC Server Responder] INFO  ipc.Server (Server.java:run(1512)) - IPC Server Responder: starting
2023-02-22 04:46:44,074 [IPC Server listener on 41863] INFO  ipc.Server (Server.java:run(1352)) - IPC Server listener on 41863: starting
2023-02-22 04:46:44,075 [Listener at 127.0.0.1/41863] INFO  om.OzoneManager (OzoneManager.java:startTrashEmptier(2024)) - Trash Interval set to 0. Files deleted won't move to trash
2023-02-22 04:46:44,089 [Listener at 127.0.0.1/41863] INFO  ozone.MiniOzoneHAClusterImpl (MiniOzoneHAClusterImpl.java:createOMService(527)) - Started OzoneManager omNode-3 RPC server at localhost/127.0.0.1:41863
2023-02-22 04:46:44,095 [Listener at 127.0.0.1/41863] WARN  impl.MetricRegistriesImpl (MetricRegistriesImpl.java:addReporterRegistration(111)) - New reporters are added after registries were created. Some metrics will be missing from the reporter. Please add reporter before adding any new registry.
2023-02-22 04:46:44,096 [Listener at 127.0.0.1/41863] WARN  impl.MetricRegistriesImpl (MetricRegistriesImpl.java:addReporterRegistration(111)) - New reporters are added after registries were created. Some metrics will be missing from the reporter. Please add reporter before adding any new registry.
2023-02-22 04:46:44,096 [Listener at 127.0.0.1/41863] INFO  impl.MetricsSystemImpl (MetricsSystemImpl.java:init(158)) - HddsDatanode metrics system started (again)
2023-02-22 04:46:44,095 [org.apache.hadoop.util.JvmPauseMonitor$Monitor@181419c5] INFO  util.JvmPauseMonitor (JvmPauseMonitor.java:run(188)) - Starting JVM pause monitor
2023-02-22 04:46:44,114 [Listener at 127.0.0.1/41863] INFO  ozone.HddsDatanodeService (HddsDatanodeService.java:start(228)) - HddsDatanodeService host:fv-az748-120.4k5rsvd4cmqu5oxra434zmszlb.cx.internal.cloudapp.net ip:10.1.78.0
2023-02-22 04:46:44,142 [Listener at 127.0.0.1/41863] INFO  upgrade.AbstractLayoutVersionManager (AbstractLayoutVersionManager.java:init(83)) - Initializing Layout version manager with metadata layout = DATANODE_SCHEMA_V3 (version = 4), software layout = DATANODE_SCHEMA_V3 (version = 4)
2023-02-22 04:46:44,187 [Listener at 127.0.0.1/41863] INFO  reflections.Reflections (Reflections.java:scan(232)) - Reflections took 44 ms to scan 7 urls, producing 150 keys and 362 values 
2023-02-22 04:46:44,189 [Listener at 127.0.0.1/41863] INFO  statemachine.DatanodeStateMachine (DatanodeStateMachine.java:getEndPointTaskThreadPoolSize(260)) - Datanode State Machine Task Thread Pool size 2
2023-02-22 04:46:44,190 [Listener at 127.0.0.1/41863] INFO  volume.HddsVolume (HddsVolume.java:<init>(122)) - Creating HddsVolume: /home/runner/work/ozone/ozone/hadoop-ozone/integration-test/target/test-dir/MiniOzoneClusterImpl-7cc88fad-c9bf-4c80-b076-d2cf48673a1e/datanode-0/data-0/containers/hdds of storage type : DISK capacity : 9223372036854775807
2023-02-22 04:46:44,190 [Listener at 127.0.0.1/41863] INFO  volume.MutableVolumeSet (MutableVolumeSet.java:initializeVolumeSet(174)) - Added Volume : /home/runner/work/ozone/ozone/hadoop-ozone/integration-test/target/test-dir/MiniOzoneClusterImpl-7cc88fad-c9bf-4c80-b076-d2cf48673a1e/datanode-0/data-0/containers/hdds to VolumeSet
2023-02-22 04:46:44,190 [Listener at 127.0.0.1/41863] INFO  volume.ThrottledAsyncChecker (ThrottledAsyncChecker.java:schedule(141)) - Scheduling a check for /home/runner/work/ozone/ozone/hadoop-ozone/integration-test/target/test-dir/MiniOzoneClusterImpl-7cc88fad-c9bf-4c80-b076-d2cf48673a1e/datanode-0/data-0/containers/hdds
2023-02-22 04:46:44,194 [Listener at 127.0.0.1/41863] INFO  volume.StorageVolumeChecker (StorageVolumeChecker.java:checkAllVolumes(202)) - Scheduled health check for volume /home/runner/work/ozone/ozone/hadoop-ozone/integration-test/target/test-dir/MiniOzoneClusterImpl-7cc88fad-c9bf-4c80-b076-d2cf48673a1e/datanode-0/data-0/containers/hdds
2023-02-22 04:46:44,209 [Listener at 127.0.0.1/41863] INFO  volume.MutableVolumeSet (MutableVolumeSet.java:initializeVolumeSet(174)) - Added Volume : /home/runner/work/ozone/ozone/hadoop-ozone/integration-test/target/test-dir/MiniOzoneClusterImpl-7cc88fad-c9bf-4c80-b076-d2cf48673a1e/datanode-0/data/ratis to VolumeSet
2023-02-22 04:46:44,209 [Listener at 127.0.0.1/41863] INFO  volume.ThrottledAsyncChecker (ThrottledAsyncChecker.java:schedule(141)) - Scheduling a check for /home/runner/work/ozone/ozone/hadoop-ozone/integration-test/target/test-dir/MiniOzoneClusterImpl-7cc88fad-c9bf-4c80-b076-d2cf48673a1e/datanode-0/data/ratis
2023-02-22 04:46:44,209 [Listener at 127.0.0.1/41863] INFO  volume.StorageVolumeChecker (StorageVolumeChecker.java:checkAllVolumes(202)) - Scheduled health check for volume /home/runner/work/ozone/ozone/hadoop-ozone/integration-test/target/test-dir/MiniOzoneClusterImpl-7cc88fad-c9bf-4c80-b076-d2cf48673a1e/datanode-0/data/ratis
2023-02-22 04:46:44,220 [Thread-14050] INFO  ozoneimpl.ContainerReader (ContainerReader.java:readVolume(175)) - Finish verifying containers on volume /home/runner/work/ozone/ozone/hadoop-ozone/integration-test/target/test-dir/MiniOzoneClusterImpl-7cc88fad-c9bf-4c80-b076-d2cf48673a1e/datanode-0/data-0/containers/hdds
2023-02-22 04:46:44,220 [Listener at 127.0.0.1/41863] INFO  ozoneimpl.OzoneContainer (OzoneContainer.java:buildContainerSet(304)) - Build ContainerSet costs 0s
2023-02-22 04:46:44,227 [Listener at 127.0.0.1/41863] INFO  server.RaftServer (ConfUtils.java:logGet(46)) - raft.rpc.type = GRPC (default)
2023-02-22 04:46:44,227 [Listener at 127.0.0.1/41863] INFO  grpc.GrpcConfigKeys (ConfUtils.java:logFallback(53)) - raft.grpc.admin.host = null (fallback to raft.grpc.server.host)
2023-02-22 04:46:44,227 [Listener at 127.0.0.1/41863] INFO  grpc.GrpcConfigKeys (ConfUtils.java:logGet(46)) - raft.grpc.admin.port = 0 (custom)
2023-02-22 04:46:44,227 [Listener at 127.0.0.1/41863] INFO  grpc.GrpcConfigKeys (ConfUtils.java:logFallback(53)) - raft.grpc.client.host = null (fallback to raft.grpc.server.host)
2023-02-22 04:46:44,227 [Listener at 127.0.0.1/41863] INFO  grpc.GrpcConfigKeys (ConfUtils.java:logGet(46)) - raft.grpc.client.port = 0 (custom)
2023-02-22 04:46:44,227 [Listener at 127.0.0.1/41863] INFO  grpc.GrpcConfigKeys (ConfUtils.java:logGet(46)) - raft.grpc.server.host = null (default)
2023-02-22 04:46:44,227 [Listener at 127.0.0.1/41863] INFO  grpc.GrpcConfigKeys (ConfUtils.java:logGet(46)) - raft.grpc.server.port = 0 (default)
2023-02-22 04:46:44,227 [Listener at 127.0.0.1/41863] INFO  server.GrpcService (ConfUtils.java:logGet(46)) - raft.grpc.message.size.max = 32MB (=33554432) (custom)
2023-02-22 04:46:44,228 [Listener at 127.0.0.1/41863] INFO  server.RaftServerConfigKeys (ConfUtils.java:logGet(46)) - raft.server.log.appender.buffer.byte-limit = 33554432 (custom)
2023-02-22 04:46:44,228 [Listener at 127.0.0.1/41863] INFO  server.GrpcService (ConfUtils.java:logGet(46)) - raft.grpc.flow.control.window = 5MB (=5242880) (custom)
2023-02-22 04:46:44,228 [Listener at 127.0.0.1/41863] INFO  server.RaftServerConfigKeys (ConfUtils.java:logGet(46)) - raft.server.rpc.request.timeout = 60s (custom)
2023-02-22 04:46:44,228 [Listener at 127.0.0.1/41863] INFO  grpc.GrpcConfigKeys (ConfUtils.java:logGet(46)) - raft.grpc.server.heartbeat.channel = true (default)
2023-02-22 04:46:44,228 [Listener at 127.0.0.1/41863] INFO  grpc.GrpcConfigKeys (ConfUtils.java:logGet(46)) - raft.grpc.server.async.request.thread.pool.cached = true (default)
2023-02-22 04:46:44,228 [Listener at 127.0.0.1/41863] INFO  grpc.GrpcConfigKeys (ConfUtils.java:logGet(46)) - raft.grpc.server.async.request.thread.pool.size = 32 (default)
2023-02-22 04:46:44,229 [Listener at 127.0.0.1/41863] INFO  impl.DataStreamServerImpl (ConfUtils.java:logGet(46)) - raft.datastream.type = NETTY (custom)
2023-02-22 04:46:44,229 [Listener at 127.0.0.1/41863] INFO  server.RaftServerConfigKeys (ConfUtils.java:logGet(46)) - raft.server.data-stream.async.request.thread.pool.cached = false (default)
2023-02-22 04:46:44,229 [Listener at 127.0.0.1/41863] INFO  server.RaftServerConfigKeys (ConfUtils.java:logGet(46)) - raft.server.data-stream.async.request.thread.pool.size = 20 (custom)
2023-02-22 04:46:44,229 [Listener at 127.0.0.1/41863] INFO  server.RaftServerConfigKeys (ConfUtils.java:logGet(46)) - raft.server.data-stream.async.write.thread.pool.size = 16 (default)
2023-02-22 04:46:44,230 [Listener at 127.0.0.1/41863] INFO  server.RaftServerConfigKeys (ConfUtils.java:logGet(46)) - raft.server.data-stream.client.pool.size = 10 (default)
2023-02-22 04:46:44,230 [Listener at 127.0.0.1/41863] INFO  netty.NettyConfigKeys$DataStream (ConfUtils.java:logGet(46)) - raft.netty.dataStream.server.use-epoll = false (default)
2023-02-22 04:46:44,230 [Listener at 127.0.0.1/41863] INFO  netty.NettyConfigKeys$DataStream (ConfUtils.java:logGet(46)) - raft.netty.dataStream.server.boss-group.size = 0 (default)
2023-02-22 04:46:44,231 [Listener at 127.0.0.1/41863] INFO  netty.NettyConfigKeys$DataStream (ConfUtils.java:logGet(46)) - raft.netty.dataStream.server.worker-group.size = 0 (default)
2023-02-22 04:46:44,232 [Listener at 127.0.0.1/41863] INFO  netty.NettyConfigKeys$DataStream (ConfUtils.java:logGet(46)) - raft.netty.dataStream.server.tls.conf = null (default)
2023-02-22 04:46:44,233 [Listener at 127.0.0.1/41863] INFO  netty.NettyConfigKeys$DataStream (ConfUtils.java:logGet(46)) - raft.netty.dataStream.host = null (default)
2023-02-22 04:46:44,233 [Listener at 127.0.0.1/41863] INFO  netty.NettyConfigKeys$DataStream (ConfUtils.java:logGet(46)) - raft.netty.dataStream.port = 0 (default)
2023-02-22 04:46:44,233 [Listener at 127.0.0.1/41863] INFO  server.RaftServerConfigKeys (ConfUtils.java:logGet(46)) - raft.server.threadpool.proxy.cached = true (default)
2023-02-22 04:46:44,233 [Listener at 127.0.0.1/41863] INFO  server.RaftServerConfigKeys (ConfUtils.java:logGet(46)) - raft.server.threadpool.proxy.size = 0 (default)
2023-02-22 04:46:44,233 [Listener at 127.0.0.1/41863] INFO  server.RaftServerConfigKeys (ConfUtils.java:logGet(46)) - raft.server.rpc.slowness.timeout = 300s (custom)
2023-02-22 04:46:44,234 [Listener at 127.0.0.1/41863] INFO  server.RaftServerConfigKeys (ConfUtils.java:logGet(46)) - raft.server.leaderelection.leader.step-down.wait-time = 10s (default)
2023-02-22 04:46:44,234 [Listener at 127.0.0.1/41863] INFO  server.RaftServerConfigKeys (ConfUtils.java:logGet(46)) - raft.server.storage.dir = [/home/runner/work/ozone/ozone/hadoop-ozone/integration-test/target/test-dir/MiniOzoneClusterImpl-7cc88fad-c9bf-4c80-b076-d2cf48673a1e/datanode-0/data/ratis] (custom)
2023-02-22 04:46:44,235 [d1d6b5b3-8992-4d07-a0d7-3e282a3f9dd5-NettyServerStreamRpc-bossGroup--thread1] INFO  logging.LoggingHandler (AbstractInternalLogger.java:log(148)) - [id: 0xb779cdd7] REGISTERED
2023-02-22 04:46:44,235 [d1d6b5b3-8992-4d07-a0d7-3e282a3f9dd5-NettyServerStreamRpc-bossGroup--thread1] INFO  logging.LoggingHandler (AbstractInternalLogger.java:log(148)) - [id: 0xb779cdd7] BIND: 0.0.0.0/0.0.0.0:0
2023-02-22 04:46:44,235 [d1d6b5b3-8992-4d07-a0d7-3e282a3f9dd5-NettyServerStreamRpc-bossGroup--thread1] INFO  logging.LoggingHandler (AbstractInternalLogger.java:log(148)) - [id: 0xb779cdd7, L:/0:0:0:0:0:0:0:0:39033] ACTIVE
2023-02-22 04:46:44,238 [Listener at 127.0.0.1/41863] INFO  server.XceiverServerGrpc (XceiverServerGrpc.java:<init>(132)) - GrpcServer channel type EpollServerSocketChannel
2023-02-22 04:46:44,248 [Listener at 127.0.0.1/41863] INFO  http.BaseHttpServer (BaseHttpServer.java:newHttpServer2BuilderForOzone(213)) - Starting Web-server for hddsDatanode at: http://0.0.0.0:0
2023-02-22 04:46:44,248 [Listener at 127.0.0.1/41863] INFO  http.BaseHttpServer (BaseHttpServer.java:<init>(108)) - Hadoop Security Enabled: false Ozone Security Enabled: false Ozone HTTP Security Enabled: false 
2023-02-22 04:46:44,249 [Listener at 127.0.0.1/41863] WARN  server.AuthenticationFilter (AuthenticationFilter.java:constructSecretProvider(240)) - Unable to initialize FileSignerSecretProvider, falling back to use random secrets. Reason: Could not read signature secret file: /home/runner/hadoop-http-auth-signature-secret
2023-02-22 04:46:44,250 [Listener at 127.0.0.1/41863] WARN  http.HttpRequestLog (HttpRequestLog.java:getRequestLog(103)) - Jetty request log can only be enabled using Log4j
2023-02-22 04:46:44,251 [Listener at 127.0.0.1/41863] INFO  http.HttpServer2 (HttpServer2.java:addGlobalFilter(1031)) - Added global filter 'safety' (class=org.apache.hadoop.hdds.server.http.HttpServer2$QuotingInputFilter)
2023-02-22 04:46:44,251 [Listener at 127.0.0.1/41863] INFO  http.HttpServer2 (HttpServer2.java:addFilter(1007)) - Added filter static_user_filter (class=org.apache.hadoop.http.lib.StaticUserWebFilter$StaticUserFilter) to context hddsDatanode
2023-02-22 04:46:44,251 [Listener at 127.0.0.1/41863] INFO  http.HttpServer2 (HttpServer2.java:addFilter(1015)) - Added filter static_user_filter (class=org.apache.hadoop.http.lib.StaticUserWebFilter$StaticUserFilter) to context logs
2023-02-22 04:46:44,251 [Listener at 127.0.0.1/41863] INFO  http.HttpServer2 (HttpServer2.java:addFilter(1015)) - Added filter static_user_filter (class=org.apache.hadoop.http.lib.StaticUserWebFilter$StaticUserFilter) to context static
2023-02-22 04:46:44,252 [Listener at 127.0.0.1/41863] INFO  http.HttpServer2 (HttpServer2.java:bindListener(1250)) - Jetty bound to port 45271
2023-02-22 04:46:44,252 [Listener at 127.0.0.1/41863] INFO  server.Server (Server.java:doStart(375)) - jetty-9.4.49.v20220914; built: 2022-09-14T01:07:36.601Z; git: 4231a3b2e4cb8548a412a789936d640a97b1aa0a; jvm 1.8.0_362-b09
2023-02-22 04:46:44,255 [Listener at 127.0.0.1/41863] INFO  server.session (DefaultSessionIdManager.java:doStart(334)) - DefaultSessionIdManager workerName=node0
2023-02-22 04:46:44,255 [Listener at 127.0.0.1/41863] INFO  server.session (DefaultSessionIdManager.java:doStart(339)) - No SessionScavenger set, using defaults
2023-02-22 04:46:44,255 [Listener at 127.0.0.1/41863] INFO  server.session (HouseKeeper.java:startScavenging(132)) - node0 Scavenging every 600000ms
2023-02-22 04:46:44,256 [Listener at 127.0.0.1/41863] INFO  handler.ContextHandler (ContextHandler.java:doStart(921)) - Started o.e.j.s.ServletContextHandler@5a00c334{logs,/logs,file:///home/runner/work/ozone/ozone/hadoop-ozone/integration-test/target/log,AVAILABLE}
2023-02-22 04:46:44,256 [Listener at 127.0.0.1/41863] INFO  handler.ContextHandler (ContextHandler.java:doStart(921)) - Started o.e.j.s.ServletContextHandler@73ec0f58{static,/static,jar:file:/home/runner/.m2/repository/org/apache/ozone/hdds-container-service/1.4.0-SNAPSHOT/hdds-container-service-1.4.0-SNAPSHOT.jar!/webapps/static,AVAILABLE}
2023-02-22 04:46:44,297 [EndpointStateMachine task thread for /0.0.0.0:38827 - 0 ] INFO  ipc.Client (Client.java:handleConnectionFailure(1010)) - Retrying connect to server: 0.0.0.0/0.0.0.0:38827. Already tried 5 time(s); retry policy is RetryUpToMaximumCountWithFixedSleep(maxRetries=15, sleepTime=1000 MILLISECONDS)
2023-02-22 04:46:44,322 [omNode-3-server-thread1] INFO  server.RaftServer$Division (ServerState.java:setLeader(313)) - omNode-3@group-523986131536: change Leader from null to omNode-1 at term 1 for appendEntries, leader elected after 795ms
2023-02-22 04:46:44,322 [omNode-3-server-thread1] INFO  server.RaftServer$Division (RaftServerImpl.java:checkInconsistentAppendEntries(1508)) - omNode-3@group-523986131536: Failed appendEntries as previous log entry ((t:1, i:0)) is not found
2023-02-22 04:46:44,322 [omNode-3-server-thread1] INFO  server.RaftServer$Division (RaftServerImpl.java:checkInconsistentAppendEntries(1478)) - omNode-3@group-523986131536: inconsistency entries. Reply:omNode-1<-omNode-3#509141:FAIL-t0,INCONSISTENCY,nextIndex=0,followerCommit=-1,matchIndex=-1
2023-02-22 04:46:44,322 [grpc-default-executor-16] INFO  leader.FollowerInfo (FollowerInfoImpl.java:lambda$new$0(48)) - omNode-1@group-523986131536->omNode-3: nextIndex: updateUnconditionally 1 -> 0
2023-02-22 04:46:44,326 [omNode-3-server-thread2] INFO  server.RaftServer$Division (ServerState.java:setRaftConf(430)) - omNode-3@group-523986131536: set configuration 0: peers:[omNode-3|rpc:localhost:41063|admin:|client:|dataStream:|priority:0|startupRole:FOLLOWER, omNode-1|rpc:localhost:40145|admin:|client:|dataStream:|priority:0|startupRole:FOLLOWER, omNode-2|rpc:localhost:40015|admin:|client:|dataStream:|priority:0|startupRole:FOLLOWER]|listeners:[], old=null
2023-02-22 04:46:44,326 [omNode-3-server-thread2] INFO  segmented.SegmentedRaftLogWorker (SegmentedRaftLogWorker.java:startLogSegment(452)) - omNode-3@group-523986131536-SegmentedRaftLogWorker: Starting segment from index:0
2023-02-22 04:46:44,334 [omNode-3@group-523986131536-SegmentedRaftLogWorker] INFO  segmented.SegmentedRaftLogWorker (SegmentedRaftLogWorker.java:execute(656)) - omNode-3@group-523986131536-SegmentedRaftLogWorker: created new log segment /home/runner/work/ozone/ozone/hadoop-ozone/integration-test/target/test-dir/MiniOzoneClusterImpl-7cc88fad-c9bf-4c80-b076-d2cf48673a1e/omNode-3/ratis/c9bc4cf4-3bc3-3c60-a66b-523986131536/current/log_inprogress_0
2023-02-22 04:46:44,335 [omNode-3@group-523986131536-StateMachineUpdater] INFO  ratis.OzoneManagerStateMachine (OzoneManagerStateMachine.java:notifyConfigurationChanged(192)) - Received Configuration change notification from Ratis. New Peer list:
[id: "omNode-3"
address: "localhost:41063"
startupRole: FOLLOWER
, id: "omNode-1"
address: "localhost:40145"
startupRole: FOLLOWER
, id: "omNode-2"
address: "localhost:40015"
startupRole: FOLLOWER
]
2023-02-22 04:46:44,465 [Listener at 127.0.0.1/41863] INFO  handler.ContextHandler (ContextHandler.java:doStart(921)) - Started o.e.j.w.WebAppContext@12c2b7ec{hddsDatanode,/,file:///tmp/jetty-0_0_0_0-45271-hdds-container-service-1_4_0-SNAPSHOT_jar-_-any-1360777146891828018/webapp/,AVAILABLE}{jar:file:/home/runner/.m2/repository/org/apache/ozone/hdds-container-service/1.4.0-SNAPSHOT/hdds-container-service-1.4.0-SNAPSHOT.jar!/webapps/hddsDatanode}
2023-02-22 04:46:44,467 [Listener at 127.0.0.1/41863] INFO  server.AbstractConnector (AbstractConnector.java:doStart(333)) - Started ServerConnector@2c7a851f{HTTP/1.1, (http/1.1)}{0.0.0.0:45271}
2023-02-22 04:46:44,467 [Listener at 127.0.0.1/41863] INFO  server.Server (Server.java:doStart(415)) - Started @122907ms
2023-02-22 04:46:44,467 [Listener at 127.0.0.1/41863] WARN  impl.MetricsSystemImpl (MetricsSystemImpl.java:register(279)) - Sink prometheus already exists!
2023-02-22 04:46:44,468 [Listener at 127.0.0.1/41863] INFO  http.BaseHttpServer (BaseHttpServer.java:updateConnectorAddress(333)) - HTTP server of hddsDatanode listening at http://0.0.0.0:45271
2023-02-22 04:46:44,468 [Datanode State Machine Daemon Thread] INFO  statemachine.DatanodeStateMachine (DatanodeStateMachine.java:lambda$startDaemon$0(516)) - Ozone container server started.
2023-02-22 04:46:44,468 [Listener at 127.0.0.1/41863] WARN  impl.MetricRegistriesImpl (MetricRegistriesImpl.java:addReporterRegistration(111)) - New reporters are added after registries were created. Some metrics will be missing from the reporter. Please add reporter before adding any new registry.
2023-02-22 04:46:44,469 [Listener at 127.0.0.1/41863] WARN  impl.MetricRegistriesImpl (MetricRegistriesImpl.java:addReporterRegistration(111)) - New reporters are added after registries were created. Some metrics will be missing from the reporter. Please add reporter before adding any new registry.
2023-02-22 04:46:44,469 [Listener at 127.0.0.1/41863] INFO  impl.MetricsSystemImpl (MetricsSystemImpl.java:init(158)) - HddsDatanode metrics system started (again)
2023-02-22 04:46:44,478 [org.apache.hadoop.util.JvmPauseMonitor$Monitor@1ceb15f0] INFO  util.JvmPauseMonitor (JvmPauseMonitor.java:run(188)) - Starting JVM pause monitor
2023-02-22 04:46:44,479 [Datanode State Machine Task Thread - 0] INFO  datanode.InitDatanodeState (InitDatanodeState.java:persistContainerDatanodeDetails(138)) - DatanodeDetails is persisted to /home/runner/work/ozone/ozone/hadoop-ozone/integration-test/target/test-dir/MiniOzoneClusterImpl-7cc88fad-c9bf-4c80-b076-d2cf48673a1e/datanode-0/meta/datanode.id
2023-02-22 04:46:44,480 [Listener at 127.0.0.1/41863] INFO  ozone.HddsDatanodeService (HddsDatanodeService.java:start(228)) - HddsDatanodeService host:fv-az748-120.4k5rsvd4cmqu5oxra434zmszlb.cx.internal.cloudapp.net ip:10.1.78.0
2023-02-22 04:46:44,497 [Listener at 127.0.0.1/41863] INFO  upgrade.AbstractLayoutVersionManager (AbstractLayoutVersionManager.java:init(83)) - Initializing Layout version manager with metadata layout = DATANODE_SCHEMA_V3 (version = 4), software layout = DATANODE_SCHEMA_V3 (version = 4)
2023-02-22 04:46:44,544 [Listener at 127.0.0.1/41863] INFO  reflections.Reflections (Reflections.java:scan(232)) - Reflections took 45 ms to scan 7 urls, producing 150 keys and 362 values 
2023-02-22 04:46:44,546 [Listener at 127.0.0.1/41863] INFO  statemachine.DatanodeStateMachine (DatanodeStateMachine.java:getEndPointTaskThreadPoolSize(260)) - Datanode State Machine Task Thread Pool size 2
2023-02-22 04:46:44,547 [Listener at 127.0.0.1/41863] INFO  volume.HddsVolume (HddsVolume.java:<init>(122)) - Creating HddsVolume: /home/runner/work/ozone/ozone/hadoop-ozone/integration-test/target/test-dir/MiniOzoneClusterImpl-7cc88fad-c9bf-4c80-b076-d2cf48673a1e/datanode-1/data-0/containers/hdds of storage type : DISK capacity : 9223372036854775807
2023-02-22 04:46:44,547 [Listener at 127.0.0.1/41863] INFO  volume.MutableVolumeSet (MutableVolumeSet.java:initializeVolumeSet(174)) - Added Volume : /home/runner/work/ozone/ozone/hadoop-ozone/integration-test/target/test-dir/MiniOzoneClusterImpl-7cc88fad-c9bf-4c80-b076-d2cf48673a1e/datanode-1/data-0/containers/hdds to VolumeSet
2023-02-22 04:46:44,547 [Listener at 127.0.0.1/41863] INFO  volume.ThrottledAsyncChecker (ThrottledAsyncChecker.java:schedule(141)) - Scheduling a check for /home/runner/work/ozone/ozone/hadoop-ozone/integration-test/target/test-dir/MiniOzoneClusterImpl-7cc88fad-c9bf-4c80-b076-d2cf48673a1e/datanode-1/data-0/containers/hdds
2023-02-22 04:46:44,548 [Listener at 127.0.0.1/41863] INFO  volume.StorageVolumeChecker (StorageVolumeChecker.java:checkAllVolumes(202)) - Scheduled health check for volume /home/runner/work/ozone/ozone/hadoop-ozone/integration-test/target/test-dir/MiniOzoneClusterImpl-7cc88fad-c9bf-4c80-b076-d2cf48673a1e/datanode-1/data-0/containers/hdds
2023-02-22 04:46:44,559 [Listener at 127.0.0.1/41863] INFO  volume.MutableVolumeSet (MutableVolumeSet.java:initializeVolumeSet(174)) - Added Volume : /home/runner/work/ozone/ozone/hadoop-ozone/integration-test/target/test-dir/MiniOzoneClusterImpl-7cc88fad-c9bf-4c80-b076-d2cf48673a1e/datanode-1/data/ratis to VolumeSet
2023-02-22 04:46:44,559 [Listener at 127.0.0.1/41863] INFO  volume.ThrottledAsyncChecker (ThrottledAsyncChecker.java:schedule(141)) - Scheduling a check for /home/runner/work/ozone/ozone/hadoop-ozone/integration-test/target/test-dir/MiniOzoneClusterImpl-7cc88fad-c9bf-4c80-b076-d2cf48673a1e/datanode-1/data/ratis
2023-02-22 04:46:44,561 [Listener at 127.0.0.1/41863] INFO  volume.StorageVolumeChecker (StorageVolumeChecker.java:checkAllVolumes(202)) - Scheduled health check for volume /home/runner/work/ozone/ozone/hadoop-ozone/integration-test/target/test-dir/MiniOzoneClusterImpl-7cc88fad-c9bf-4c80-b076-d2cf48673a1e/datanode-1/data/ratis
2023-02-22 04:46:44,572 [Thread-14066] INFO  ozoneimpl.ContainerReader (ContainerReader.java:readVolume(175)) - Finish verifying containers on volume /home/runner/work/ozone/ozone/hadoop-ozone/integration-test/target/test-dir/MiniOzoneClusterImpl-7cc88fad-c9bf-4c80-b076-d2cf48673a1e/datanode-1/data-0/containers/hdds
2023-02-22 04:46:44,572 [Listener at 127.0.0.1/41863] INFO  ozoneimpl.OzoneContainer (OzoneContainer.java:buildContainerSet(304)) - Build ContainerSet costs 0s
2023-02-22 04:46:44,574 [Listener at 127.0.0.1/41863] INFO  server.RaftServer (ConfUtils.java:logGet(46)) - raft.rpc.type = GRPC (default)
2023-02-22 04:46:44,574 [Listener at 127.0.0.1/41863] INFO  grpc.GrpcConfigKeys (ConfUtils.java:logFallback(53)) - raft.grpc.admin.host = null (fallback to raft.grpc.server.host)
2023-02-22 04:46:44,574 [Listener at 127.0.0.1/41863] INFO  grpc.GrpcConfigKeys (ConfUtils.java:logGet(46)) - raft.grpc.admin.port = 0 (custom)
2023-02-22 04:46:44,574 [Listener at 127.0.0.1/41863] INFO  grpc.GrpcConfigKeys (ConfUtils.java:logFallback(53)) - raft.grpc.client.host = null (fallback to raft.grpc.server.host)
2023-02-22 04:46:44,574 [Listener at 127.0.0.1/41863] INFO  grpc.GrpcConfigKeys (ConfUtils.java:logGet(46)) - raft.grpc.client.port = 0 (custom)
2023-02-22 04:46:44,574 [Listener at 127.0.0.1/41863] INFO  grpc.GrpcConfigKeys (ConfUtils.java:logGet(46)) - raft.grpc.server.host = null (default)
2023-02-22 04:46:44,575 [Listener at 127.0.0.1/41863] INFO  grpc.GrpcConfigKeys (ConfUtils.java:logGet(46)) - raft.grpc.server.port = 0 (default)
2023-02-22 04:46:44,575 [Listener at 127.0.0.1/41863] INFO  server.GrpcService (ConfUtils.java:logGet(46)) - raft.grpc.message.size.max = 32MB (=33554432) (custom)
2023-02-22 04:46:44,575 [Listener at 127.0.0.1/41863] INFO  server.RaftServerConfigKeys (ConfUtils.java:logGet(46)) - raft.server.log.appender.buffer.byte-limit = 33554432 (custom)
2023-02-22 04:46:44,575 [Listener at 127.0.0.1/41863] INFO  server.GrpcService (ConfUtils.java:logGet(46)) - raft.grpc.flow.control.window = 5MB (=5242880) (custom)
2023-02-22 04:46:44,575 [Listener at 127.0.0.1/41863] INFO  server.RaftServerConfigKeys (ConfUtils.java:logGet(46)) - raft.server.rpc.request.timeout = 60s (custom)
2023-02-22 04:46:44,575 [Listener at 127.0.0.1/41863] INFO  grpc.GrpcConfigKeys (ConfUtils.java:logGet(46)) - raft.grpc.server.heartbeat.channel = true (default)
2023-02-22 04:46:44,575 [Listener at 127.0.0.1/41863] INFO  grpc.GrpcConfigKeys (ConfUtils.java:logGet(46)) - raft.grpc.server.async.request.thread.pool.cached = true (default)
2023-02-22 04:46:44,575 [Listener at 127.0.0.1/41863] INFO  grpc.GrpcConfigKeys (ConfUtils.java:logGet(46)) - raft.grpc.server.async.request.thread.pool.size = 32 (default)
2023-02-22 04:46:44,576 [Listener at 127.0.0.1/41863] INFO  impl.DataStreamServerImpl (ConfUtils.java:logGet(46)) - raft.datastream.type = NETTY (custom)
2023-02-22 04:46:44,576 [Listener at 127.0.0.1/41863] INFO  server.RaftServerConfigKeys (ConfUtils.java:logGet(46)) - raft.server.data-stream.async.request.thread.pool.cached = false (default)
2023-02-22 04:46:44,576 [Listener at 127.0.0.1/41863] INFO  server.RaftServerConfigKeys (ConfUtils.java:logGet(46)) - raft.server.data-stream.async.request.thread.pool.size = 20 (custom)
2023-02-22 04:46:44,576 [Listener at 127.0.0.1/41863] INFO  server.RaftServerConfigKeys (ConfUtils.java:logGet(46)) - raft.server.data-stream.async.write.thread.pool.size = 16 (default)
2023-02-22 04:46:44,577 [Listener at 127.0.0.1/41863] INFO  server.RaftServerConfigKeys (ConfUtils.java:logGet(46)) - raft.server.data-stream.client.pool.size = 10 (default)
2023-02-22 04:46:44,577 [Listener at 127.0.0.1/41863] INFO  netty.NettyConfigKeys$DataStream (ConfUtils.java:logGet(46)) - raft.netty.dataStream.server.use-epoll = false (default)
2023-02-22 04:46:44,577 [Listener at 127.0.0.1/41863] INFO  netty.NettyConfigKeys$DataStream (ConfUtils.java:logGet(46)) - raft.netty.dataStream.server.boss-group.size = 0 (default)
2023-02-22 04:46:44,577 [Listener at 127.0.0.1/41863] INFO  netty.NettyConfigKeys$DataStream (ConfUtils.java:logGet(46)) - raft.netty.dataStream.server.worker-group.size = 0 (default)
2023-02-22 04:46:44,577 [Listener at 127.0.0.1/41863] INFO  netty.NettyConfigKeys$DataStream (ConfUtils.java:logGet(46)) - raft.netty.dataStream.server.tls.conf = null (default)
2023-02-22 04:46:44,577 [Listener at 127.0.0.1/41863] INFO  netty.NettyConfigKeys$DataStream (ConfUtils.java:logGet(46)) - raft.netty.dataStream.host = null (default)
2023-02-22 04:46:44,577 [Listener at 127.0.0.1/41863] INFO  netty.NettyConfigKeys$DataStream (ConfUtils.java:logGet(46)) - raft.netty.dataStream.port = 0 (default)
2023-02-22 04:46:44,578 [Listener at 127.0.0.1/41863] INFO  server.RaftServerConfigKeys (ConfUtils.java:logGet(46)) - raft.server.threadpool.proxy.cached = true (default)
2023-02-22 04:46:44,578 [Listener at 127.0.0.1/41863] INFO  server.RaftServerConfigKeys (ConfUtils.java:logGet(46)) - raft.server.threadpool.proxy.size = 0 (default)
2023-02-22 04:46:44,578 [Listener at 127.0.0.1/41863] INFO  server.RaftServerConfigKeys (ConfUtils.java:logGet(46)) - raft.server.rpc.slowness.timeout = 300s (custom)
2023-02-22 04:46:44,578 [bcabacfb-ac1d-48a8-b317-6e9b6c6dcdfe-NettyServerStreamRpc-bossGroup--thread1] INFO  logging.LoggingHandler (AbstractInternalLogger.java:log(148)) - [id: 0xf784bbab] REGISTERED
2023-02-22 04:46:44,578 [Listener at 127.0.0.1/41863] INFO  server.RaftServerConfigKeys (ConfUtils.java:logGet(46)) - raft.server.leaderelection.leader.step-down.wait-time = 10s (default)
2023-02-22 04:46:44,578 [bcabacfb-ac1d-48a8-b317-6e9b6c6dcdfe-NettyServerStreamRpc-bossGroup--thread1] INFO  logging.LoggingHandler (AbstractInternalLogger.java:log(148)) - [id: 0xf784bbab] BIND: 0.0.0.0/0.0.0.0:0
2023-02-22 04:46:44,578 [Listener at 127.0.0.1/41863] INFO  server.RaftServerConfigKeys (ConfUtils.java:logGet(46)) - raft.server.storage.dir = [/home/runner/work/ozone/ozone/hadoop-ozone/integration-test/target/test-dir/MiniOzoneClusterImpl-7cc88fad-c9bf-4c80-b076-d2cf48673a1e/datanode-1/data/ratis] (custom)
2023-02-22 04:46:44,579 [bcabacfb-ac1d-48a8-b317-6e9b6c6dcdfe-NettyServerStreamRpc-bossGroup--thread1] INFO  logging.LoggingHandler (AbstractInternalLogger.java:log(148)) - [id: 0xf784bbab, L:/0:0:0:0:0:0:0:0:38271] ACTIVE
2023-02-22 04:46:44,580 [Listener at 127.0.0.1/41863] INFO  server.XceiverServerGrpc (XceiverServerGrpc.java:<init>(132)) - GrpcServer channel type EpollServerSocketChannel
2023-02-22 04:46:44,582 [Listener at 127.0.0.1/41863] INFO  http.BaseHttpServer (BaseHttpServer.java:newHttpServer2BuilderForOzone(213)) - Starting Web-server for hddsDatanode at: http://0.0.0.0:0
2023-02-22 04:46:44,582 [Listener at 127.0.0.1/41863] INFO  http.BaseHttpServer (BaseHttpServer.java:<init>(108)) - Hadoop Security Enabled: false Ozone Security Enabled: false Ozone HTTP Security Enabled: false 
2023-02-22 04:46:44,583 [Listener at 127.0.0.1/41863] WARN  server.AuthenticationFilter (AuthenticationFilter.java:constructSecretProvider(240)) - Unable to initialize FileSignerSecretProvider, falling back to use random secrets. Reason: Could not read signature secret file: /home/runner/hadoop-http-auth-signature-secret
2023-02-22 04:46:44,584 [Listener at 127.0.0.1/41863] WARN  http.HttpRequestLog (HttpRequestLog.java:getRequestLog(103)) - Jetty request log can only be enabled using Log4j
2023-02-22 04:46:44,585 [Listener at 127.0.0.1/41863] INFO  http.HttpServer2 (HttpServer2.java:addGlobalFilter(1031)) - Added global filter 'safety' (class=org.apache.hadoop.hdds.server.http.HttpServer2$QuotingInputFilter)
2023-02-22 04:46:44,585 [Listener at 127.0.0.1/41863] INFO  http.HttpServer2 (HttpServer2.java:addFilter(1007)) - Added filter static_user_filter (class=org.apache.hadoop.http.lib.StaticUserWebFilter$StaticUserFilter) to context hddsDatanode
2023-02-22 04:46:44,585 [Listener at 127.0.0.1/41863] INFO  http.HttpServer2 (HttpServer2.java:addFilter(1015)) - Added filter static_user_filter (class=org.apache.hadoop.http.lib.StaticUserWebFilter$StaticUserFilter) to context static
2023-02-22 04:46:44,585 [Listener at 127.0.0.1/41863] INFO  http.HttpServer2 (HttpServer2.java:addFilter(1015)) - Added filter static_user_filter (class=org.apache.hadoop.http.lib.StaticUserWebFilter$StaticUserFilter) to context logs
2023-02-22 04:46:44,586 [Listener at 127.0.0.1/41863] INFO  http.HttpServer2 (HttpServer2.java:bindListener(1250)) - Jetty bound to port 41781
2023-02-22 04:46:44,586 [Listener at 127.0.0.1/41863] INFO  server.Server (Server.java:doStart(375)) - jetty-9.4.49.v20220914; built: 2022-09-14T01:07:36.601Z; git: 4231a3b2e4cb8548a412a789936d640a97b1aa0a; jvm 1.8.0_362-b09
2023-02-22 04:46:44,587 [Listener at 127.0.0.1/41863] INFO  server.session (DefaultSessionIdManager.java:doStart(334)) - DefaultSessionIdManager workerName=node0
2023-02-22 04:46:44,587 [Listener at 127.0.0.1/41863] INFO  server.session (DefaultSessionIdManager.java:doStart(339)) - No SessionScavenger set, using defaults
2023-02-22 04:46:44,587 [Listener at 127.0.0.1/41863] INFO  server.session (HouseKeeper.java:startScavenging(132)) - node0 Scavenging every 600000ms
2023-02-22 04:46:44,588 [Listener at 127.0.0.1/41863] INFO  handler.ContextHandler (ContextHandler.java:doStart(921)) - Started o.e.j.s.ServletContextHandler@f967479{logs,/logs,file:///home/runner/work/ozone/ozone/hadoop-ozone/integration-test/target/log,AVAILABLE}
2023-02-22 04:46:44,588 [Listener at 127.0.0.1/41863] INFO  handler.ContextHandler (ContextHandler.java:doStart(921)) - Started o.e.j.s.ServletContextHandler@5e0d57cb{static,/static,jar:file:/home/runner/.m2/repository/org/apache/ozone/hdds-container-service/1.4.0-SNAPSHOT/hdds-container-service-1.4.0-SNAPSHOT.jar!/webapps/static,AVAILABLE}
2023-02-22 04:46:44,792 [Listener at 127.0.0.1/41863] INFO  handler.ContextHandler (ContextHandler.java:doStart(921)) - Started o.e.j.w.WebAppContext@2dafdfe9{hddsDatanode,/,file:///tmp/jetty-0_0_0_0-41781-hdds-container-service-1_4_0-SNAPSHOT_jar-_-any-6043595893433607335/webapp/,AVAILABLE}{jar:file:/home/runner/.m2/repository/org/apache/ozone/hdds-container-service/1.4.0-SNAPSHOT/hdds-container-service-1.4.0-SNAPSHOT.jar!/webapps/hddsDatanode}
2023-02-22 04:46:44,794 [Listener at 127.0.0.1/41863] INFO  server.AbstractConnector (AbstractConnector.java:doStart(333)) - Started ServerConnector@d52ab92{HTTP/1.1, (http/1.1)}{0.0.0.0:41781}
2023-02-22 04:46:44,794 [Listener at 127.0.0.1/41863] INFO  server.Server (Server.java:doStart(415)) - Started @123234ms
2023-02-22 04:46:44,794 [Listener at 127.0.0.1/41863] WARN  impl.MetricsSystemImpl (MetricsSystemImpl.java:register(279)) - Sink prometheus already exists!
2023-02-22 04:46:44,795 [Listener at 127.0.0.1/41863] INFO  http.BaseHttpServer (BaseHttpServer.java:updateConnectorAddress(333)) - HTTP server of hddsDatanode listening at http://0.0.0.0:41781
2023-02-22 04:46:44,796 [Listener at 127.0.0.1/41863] WARN  impl.MetricRegistriesImpl (MetricRegistriesImpl.java:addReporterRegistration(111)) - New reporters are added after registries were created. Some metrics will be missing from the reporter. Please add reporter before adding any new registry.
2023-02-22 04:46:44,796 [Listener at 127.0.0.1/41863] WARN  impl.MetricRegistriesImpl (MetricRegistriesImpl.java:addReporterRegistration(111)) - New reporters are added after registries were created. Some metrics will be missing from the reporter. Please add reporter before adding any new registry.
2023-02-22 04:46:44,796 [Listener at 127.0.0.1/41863] INFO  impl.MetricsSystemImpl (MetricsSystemImpl.java:init(158)) - HddsDatanode metrics system started (again)
2023-02-22 04:46:44,797 [Datanode State Machine Daemon Thread] INFO  statemachine.DatanodeStateMachine (DatanodeStateMachine.java:lambda$startDaemon$0(516)) - Ozone container server started.
2023-02-22 04:46:44,808 [Listener at 127.0.0.1/41863] INFO  ozone.HddsDatanodeService (HddsDatanodeService.java:start(228)) - HddsDatanodeService host:fv-az748-120.4k5rsvd4cmqu5oxra434zmszlb.cx.internal.cloudapp.net ip:10.1.78.0
2023-02-22 04:46:44,813 [org.apache.hadoop.util.JvmPauseMonitor$Monitor@64816be0] INFO  util.JvmPauseMonitor (JvmPauseMonitor.java:run(188)) - Starting JVM pause monitor
2023-02-22 04:46:44,821 [Datanode State Machine Task Thread - 0] INFO  datanode.InitDatanodeState (InitDatanodeState.java:persistContainerDatanodeDetails(138)) - DatanodeDetails is persisted to /home/runner/work/ozone/ozone/hadoop-ozone/integration-test/target/test-dir/MiniOzoneClusterImpl-7cc88fad-c9bf-4c80-b076-d2cf48673a1e/datanode-1/meta/datanode.id
2023-02-22 04:46:44,833 [Listener at 127.0.0.1/41863] INFO  upgrade.AbstractLayoutVersionManager (AbstractLayoutVersionManager.java:init(83)) - Initializing Layout version manager with metadata layout = DATANODE_SCHEMA_V3 (version = 4), software layout = DATANODE_SCHEMA_V3 (version = 4)
2023-02-22 04:46:44,882 [Listener at 127.0.0.1/41863] INFO  reflections.Reflections (Reflections.java:scan(232)) - Reflections took 48 ms to scan 7 urls, producing 150 keys and 362 values 
2023-02-22 04:46:44,883 [Listener at 127.0.0.1/41863] INFO  statemachine.DatanodeStateMachine (DatanodeStateMachine.java:getEndPointTaskThreadPoolSize(260)) - Datanode State Machine Task Thread Pool size 2
2023-02-22 04:46:44,884 [Listener at 127.0.0.1/41863] INFO  volume.HddsVolume (HddsVolume.java:<init>(122)) - Creating HddsVolume: /home/runner/work/ozone/ozone/hadoop-ozone/integration-test/target/test-dir/MiniOzoneClusterImpl-7cc88fad-c9bf-4c80-b076-d2cf48673a1e/datanode-2/data-0/containers/hdds of storage type : DISK capacity : 9223372036854775807
2023-02-22 04:46:44,884 [Listener at 127.0.0.1/41863] INFO  volume.MutableVolumeSet (MutableVolumeSet.java:initializeVolumeSet(174)) - Added Volume : /home/runner/work/ozone/ozone/hadoop-ozone/integration-test/target/test-dir/MiniOzoneClusterImpl-7cc88fad-c9bf-4c80-b076-d2cf48673a1e/datanode-2/data-0/containers/hdds to VolumeSet
2023-02-22 04:46:44,884 [Listener at 127.0.0.1/41863] INFO  volume.ThrottledAsyncChecker (ThrottledAsyncChecker.java:schedule(141)) - Scheduling a check for /home/runner/work/ozone/ozone/hadoop-ozone/integration-test/target/test-dir/MiniOzoneClusterImpl-7cc88fad-c9bf-4c80-b076-d2cf48673a1e/datanode-2/data-0/containers/hdds
2023-02-22 04:46:44,885 [Listener at 127.0.0.1/41863] INFO  volume.StorageVolumeChecker (StorageVolumeChecker.java:checkAllVolumes(202)) - Scheduled health check for volume /home/runner/work/ozone/ozone/hadoop-ozone/integration-test/target/test-dir/MiniOzoneClusterImpl-7cc88fad-c9bf-4c80-b076-d2cf48673a1e/datanode-2/data-0/containers/hdds
2023-02-22 04:46:44,896 [Listener at 127.0.0.1/41863] INFO  volume.MutableVolumeSet (MutableVolumeSet.java:initializeVolumeSet(174)) - Added Volume : /home/runner/work/ozone/ozone/hadoop-ozone/integration-test/target/test-dir/MiniOzoneClusterImpl-7cc88fad-c9bf-4c80-b076-d2cf48673a1e/datanode-2/data/ratis to VolumeSet
2023-02-22 04:46:44,896 [Listener at 127.0.0.1/41863] INFO  volume.ThrottledAsyncChecker (ThrottledAsyncChecker.java:schedule(141)) - Scheduling a check for /home/runner/work/ozone/ozone/hadoop-ozone/integration-test/target/test-dir/MiniOzoneClusterImpl-7cc88fad-c9bf-4c80-b076-d2cf48673a1e/datanode-2/data/ratis
2023-02-22 04:46:44,896 [Listener at 127.0.0.1/41863] INFO  volume.StorageVolumeChecker (StorageVolumeChecker.java:checkAllVolumes(202)) - Scheduled health check for volume /home/runner/work/ozone/ozone/hadoop-ozone/integration-test/target/test-dir/MiniOzoneClusterImpl-7cc88fad-c9bf-4c80-b076-d2cf48673a1e/datanode-2/data/ratis
2023-02-22 04:46:44,907 [Thread-14080] INFO  ozoneimpl.ContainerReader (ContainerReader.java:readVolume(175)) - Finish verifying containers on volume /home/runner/work/ozone/ozone/hadoop-ozone/integration-test/target/test-dir/MiniOzoneClusterImpl-7cc88fad-c9bf-4c80-b076-d2cf48673a1e/datanode-2/data-0/containers/hdds
2023-02-22 04:46:44,907 [Listener at 127.0.0.1/41863] INFO  ozoneimpl.OzoneContainer (OzoneContainer.java:buildContainerSet(304)) - Build ContainerSet costs 0s
2023-02-22 04:46:44,908 [Listener at 127.0.0.1/41863] INFO  server.RaftServer (ConfUtils.java:logGet(46)) - raft.rpc.type = GRPC (default)
2023-02-22 04:46:44,909 [Listener at 127.0.0.1/41863] INFO  grpc.GrpcConfigKeys (ConfUtils.java:logFallback(53)) - raft.grpc.admin.host = null (fallback to raft.grpc.server.host)
2023-02-22 04:46:44,909 [Listener at 127.0.0.1/41863] INFO  grpc.GrpcConfigKeys (ConfUtils.java:logGet(46)) - raft.grpc.admin.port = 0 (custom)
2023-02-22 04:46:44,909 [Listener at 127.0.0.1/41863] INFO  grpc.GrpcConfigKeys (ConfUtils.java:logFallback(53)) - raft.grpc.client.host = null (fallback to raft.grpc.server.host)
2023-02-22 04:46:44,909 [Listener at 127.0.0.1/41863] INFO  grpc.GrpcConfigKeys (ConfUtils.java:logGet(46)) - raft.grpc.client.port = 0 (custom)
2023-02-22 04:46:44,909 [Listener at 127.0.0.1/41863] INFO  grpc.GrpcConfigKeys (ConfUtils.java:logGet(46)) - raft.grpc.server.host = null (default)
2023-02-22 04:46:44,909 [Listener at 127.0.0.1/41863] INFO  grpc.GrpcConfigKeys (ConfUtils.java:logGet(46)) - raft.grpc.server.port = 0 (default)
2023-02-22 04:46:44,909 [Listener at 127.0.0.1/41863] INFO  server.GrpcService (ConfUtils.java:logGet(46)) - raft.grpc.message.size.max = 32MB (=33554432) (custom)
2023-02-22 04:46:44,909 [Listener at 127.0.0.1/41863] INFO  server.RaftServerConfigKeys (ConfUtils.java:logGet(46)) - raft.server.log.appender.buffer.byte-limit = 33554432 (custom)
2023-02-22 04:46:44,909 [Listener at 127.0.0.1/41863] INFO  server.GrpcService (ConfUtils.java:logGet(46)) - raft.grpc.flow.control.window = 5MB (=5242880) (custom)
2023-02-22 04:46:44,909 [Listener at 127.0.0.1/41863] INFO  server.RaftServerConfigKeys (ConfUtils.java:logGet(46)) - raft.server.rpc.request.timeout = 60s (custom)
2023-02-22 04:46:44,910 [Listener at 127.0.0.1/41863] INFO  grpc.GrpcConfigKeys (ConfUtils.java:logGet(46)) - raft.grpc.server.heartbeat.channel = true (default)
2023-02-22 04:46:44,910 [Listener at 127.0.0.1/41863] INFO  grpc.GrpcConfigKeys (ConfUtils.java:logGet(46)) - raft.grpc.server.async.request.thread.pool.cached = true (default)
2023-02-22 04:46:44,910 [Listener at 127.0.0.1/41863] INFO  grpc.GrpcConfigKeys (ConfUtils.java:logGet(46)) - raft.grpc.server.async.request.thread.pool.size = 32 (default)
2023-02-22 04:46:44,911 [Listener at 127.0.0.1/41863] INFO  impl.DataStreamServerImpl (ConfUtils.java:logGet(46)) - raft.datastream.type = NETTY (custom)
2023-02-22 04:46:44,911 [Listener at 127.0.0.1/41863] INFO  server.RaftServerConfigKeys (ConfUtils.java:logGet(46)) - raft.server.data-stream.async.request.thread.pool.cached = false (default)
2023-02-22 04:46:44,911 [Listener at 127.0.0.1/41863] INFO  server.RaftServerConfigKeys (ConfUtils.java:logGet(46)) - raft.server.data-stream.async.request.thread.pool.size = 20 (custom)
2023-02-22 04:46:44,911 [Listener at 127.0.0.1/41863] INFO  server.RaftServerConfigKeys (ConfUtils.java:logGet(46)) - raft.server.data-stream.async.write.thread.pool.size = 16 (default)
2023-02-22 04:46:44,911 [Listener at 127.0.0.1/41863] INFO  server.RaftServerConfigKeys (ConfUtils.java:logGet(46)) - raft.server.data-stream.client.pool.size = 10 (default)
2023-02-22 04:46:44,911 [Listener at 127.0.0.1/41863] INFO  netty.NettyConfigKeys$DataStream (ConfUtils.java:logGet(46)) - raft.netty.dataStream.server.use-epoll = false (default)
2023-02-22 04:46:44,911 [Listener at 127.0.0.1/41863] INFO  netty.NettyConfigKeys$DataStream (ConfUtils.java:logGet(46)) - raft.netty.dataStream.server.boss-group.size = 0 (default)
2023-02-22 04:46:44,912 [Listener at 127.0.0.1/41863] INFO  netty.NettyConfigKeys$DataStream (ConfUtils.java:logGet(46)) - raft.netty.dataStream.server.worker-group.size = 0 (default)
2023-02-22 04:46:44,912 [Listener at 127.0.0.1/41863] INFO  netty.NettyConfigKeys$DataStream (ConfUtils.java:logGet(46)) - raft.netty.dataStream.server.tls.conf = null (default)
2023-02-22 04:46:44,912 [Listener at 127.0.0.1/41863] INFO  netty.NettyConfigKeys$DataStream (ConfUtils.java:logGet(46)) - raft.netty.dataStream.host = null (default)
2023-02-22 04:46:44,912 [Listener at 127.0.0.1/41863] INFO  netty.NettyConfigKeys$DataStream (ConfUtils.java:logGet(46)) - raft.netty.dataStream.port = 0 (default)
2023-02-22 04:46:44,912 [Listener at 127.0.0.1/41863] INFO  server.RaftServerConfigKeys (ConfUtils.java:logGet(46)) - raft.server.threadpool.proxy.cached = true (default)
2023-02-22 04:46:44,913 [Listener at 127.0.0.1/41863] INFO  server.RaftServerConfigKeys (ConfUtils.java:logGet(46)) - raft.server.threadpool.proxy.size = 0 (default)
2023-02-22 04:46:44,913 [Listener at 127.0.0.1/41863] INFO  server.RaftServerConfigKeys (ConfUtils.java:logGet(46)) - raft.server.rpc.slowness.timeout = 300s (custom)
2023-02-22 04:46:44,913 [Listener at 127.0.0.1/41863] INFO  server.RaftServerConfigKeys (ConfUtils.java:logGet(46)) - raft.server.leaderelection.leader.step-down.wait-time = 10s (default)
2023-02-22 04:46:44,913 [Listener at 127.0.0.1/41863] INFO  server.RaftServerConfigKeys (ConfUtils.java:logGet(46)) - raft.server.storage.dir = [/home/runner/work/ozone/ozone/hadoop-ozone/integration-test/target/test-dir/MiniOzoneClusterImpl-7cc88fad-c9bf-4c80-b076-d2cf48673a1e/datanode-2/data/ratis] (custom)
2023-02-22 04:46:44,914 [c601ec4f-f98c-429e-8a55-42b7705082ea-NettyServerStreamRpc-bossGroup--thread1] INFO  logging.LoggingHandler (AbstractInternalLogger.java:log(148)) - [id: 0x2d9f4c71] REGISTERED
2023-02-22 04:46:44,914 [Listener at 127.0.0.1/41863] INFO  server.XceiverServerGrpc (XceiverServerGrpc.java:<init>(132)) - GrpcServer channel type EpollServerSocketChannel
2023-02-22 04:46:44,914 [c601ec4f-f98c-429e-8a55-42b7705082ea-NettyServerStreamRpc-bossGroup--thread1] INFO  logging.LoggingHandler (AbstractInternalLogger.java:log(148)) - [id: 0x2d9f4c71] BIND: 0.0.0.0/0.0.0.0:0
2023-02-22 04:46:44,914 [c601ec4f-f98c-429e-8a55-42b7705082ea-NettyServerStreamRpc-bossGroup--thread1] INFO  logging.LoggingHandler (AbstractInternalLogger.java:log(148)) - [id: 0x2d9f4c71, L:/0:0:0:0:0:0:0:0:37575] ACTIVE
2023-02-22 04:46:44,917 [Listener at 127.0.0.1/41863] INFO  http.BaseHttpServer (BaseHttpServer.java:newHttpServer2BuilderForOzone(213)) - Starting Web-server for hddsDatanode at: http://0.0.0.0:0
2023-02-22 04:46:44,917 [Listener at 127.0.0.1/41863] INFO  http.BaseHttpServer (BaseHttpServer.java:<init>(108)) - Hadoop Security Enabled: false Ozone Security Enabled: false Ozone HTTP Security Enabled: false 
2023-02-22 04:46:44,920 [Listener at 127.0.0.1/41863] WARN  server.AuthenticationFilter (AuthenticationFilter.java:constructSecretProvider(240)) - Unable to initialize FileSignerSecretProvider, falling back to use random secrets. Reason: Could not read signature secret file: /home/runner/hadoop-http-auth-signature-secret
2023-02-22 04:46:44,920 [Listener at 127.0.0.1/41863] WARN  http.HttpRequestLog (HttpRequestLog.java:getRequestLog(103)) - Jetty request log can only be enabled using Log4j
2023-02-22 04:46:44,921 [Listener at 127.0.0.1/41863] INFO  http.HttpServer2 (HttpServer2.java:addGlobalFilter(1031)) - Added global filter 'safety' (class=org.apache.hadoop.hdds.server.http.HttpServer2$QuotingInputFilter)
2023-02-22 04:46:44,921 [Listener at 127.0.0.1/41863] INFO  http.HttpServer2 (HttpServer2.java:addFilter(1007)) - Added filter static_user_filter (class=org.apache.hadoop.http.lib.StaticUserWebFilter$StaticUserFilter) to context hddsDatanode
2023-02-22 04:46:44,921 [Listener at 127.0.0.1/41863] INFO  http.HttpServer2 (HttpServer2.java:addFilter(1015)) - Added filter static_user_filter (class=org.apache.hadoop.http.lib.StaticUserWebFilter$StaticUserFilter) to context static
2023-02-22 04:46:44,922 [Listener at 127.0.0.1/41863] INFO  http.HttpServer2 (HttpServer2.java:addFilter(1015)) - Added filter static_user_filter (class=org.apache.hadoop.http.lib.StaticUserWebFilter$StaticUserFilter) to context logs
2023-02-22 04:46:44,922 [Listener at 127.0.0.1/41863] INFO  http.HttpServer2 (HttpServer2.java:bindListener(1250)) - Jetty bound to port 44087
2023-02-22 04:46:44,922 [Listener at 127.0.0.1/41863] INFO  server.Server (Server.java:doStart(375)) - jetty-9.4.49.v20220914; built: 2022-09-14T01:07:36.601Z; git: 4231a3b2e4cb8548a412a789936d640a97b1aa0a; jvm 1.8.0_362-b09
2023-02-22 04:46:44,923 [Listener at 127.0.0.1/41863] INFO  server.session (DefaultSessionIdManager.java:doStart(334)) - DefaultSessionIdManager workerName=node0
2023-02-22 04:46:44,923 [Listener at 127.0.0.1/41863] INFO  server.session (DefaultSessionIdManager.java:doStart(339)) - No SessionScavenger set, using defaults
2023-02-22 04:46:44,931 [Listener at 127.0.0.1/41863] INFO  server.session (HouseKeeper.java:startScavenging(132)) - node0 Scavenging every 600000ms
2023-02-22 04:46:44,932 [Listener at 127.0.0.1/41863] INFO  handler.ContextHandler (ContextHandler.java:doStart(921)) - Started o.e.j.s.ServletContextHandler@467a5d5f{logs,/logs,file:///home/runner/work/ozone/ozone/hadoop-ozone/integration-test/target/log,AVAILABLE}
2023-02-22 04:46:44,932 [Listener at 127.0.0.1/41863] INFO  handler.ContextHandler (ContextHandler.java:doStart(921)) - Started o.e.j.s.ServletContextHandler@6223136{static,/static,jar:file:/home/runner/.m2/repository/org/apache/ozone/hdds-container-service/1.4.0-SNAPSHOT/hdds-container-service-1.4.0-SNAPSHOT.jar!/webapps/static,AVAILABLE}
2023-02-22 04:46:45,189 [Listener at 127.0.0.1/41863] INFO  handler.ContextHandler (ContextHandler.java:doStart(921)) - Started o.e.j.w.WebAppContext@13d48b82{hddsDatanode,/,file:///tmp/jetty-0_0_0_0-44087-hdds-container-service-1_4_0-SNAPSHOT_jar-_-any-826597801214880656/webapp/,AVAILABLE}{jar:file:/home/runner/.m2/repository/org/apache/ozone/hdds-container-service/1.4.0-SNAPSHOT/hdds-container-service-1.4.0-SNAPSHOT.jar!/webapps/hddsDatanode}
2023-02-22 04:46:45,192 [Listener at 127.0.0.1/41863] INFO  server.AbstractConnector (AbstractConnector.java:doStart(333)) - Started ServerConnector@5aa3d1c8{HTTP/1.1, (http/1.1)}{0.0.0.0:44087}
2023-02-22 04:46:45,192 [Listener at 127.0.0.1/41863] INFO  server.Server (Server.java:doStart(415)) - Started @123631ms
2023-02-22 04:46:45,192 [Listener at 127.0.0.1/41863] WARN  impl.MetricsSystemImpl (MetricsSystemImpl.java:register(279)) - Sink prometheus already exists!
2023-02-22 04:46:45,193 [Listener at 127.0.0.1/41863] INFO  http.BaseHttpServer (BaseHttpServer.java:updateConnectorAddress(333)) - HTTP server of hddsDatanode listening at http://0.0.0.0:44087
2023-02-22 04:46:45,193 [Datanode State Machine Daemon Thread] INFO  statemachine.DatanodeStateMachine (DatanodeStateMachine.java:lambda$startDaemon$0(516)) - Ozone container server started.
2023-02-22 04:46:45,193 [Listener at 127.0.0.1/41863] INFO  ozone.MiniOzoneClusterImpl (MiniOzoneClusterImpl.java:lambda$waitForClusterToBeReady$0(218)) - Waiting for nodes to be ready. Got 0 of 3 DN Heartbeats.
2023-02-22 04:46:45,193 [Listener at 127.0.0.1/41863] INFO  ozone.MiniOzoneClusterImpl (MiniOzoneClusterImpl.java:lambda$waitForClusterToBeReady$0(221)) - Waiting for cluster to exit safe mode
2023-02-22 04:46:45,194 [Listener at 127.0.0.1/41863] INFO  ozone.MiniOzoneClusterImpl (MiniOzoneClusterImpl.java:lambda$waitForClusterToBeReady$0(223)) - SCM became leader
2023-02-22 04:46:45,195 [org.apache.hadoop.util.JvmPauseMonitor$Monitor@3c8d662e] INFO  util.JvmPauseMonitor (JvmPauseMonitor.java:run(188)) - Starting JVM pause monitor
2023-02-22 04:46:45,196 [Datanode State Machine Task Thread - 0] INFO  datanode.InitDatanodeState (InitDatanodeState.java:persistContainerDatanodeDetails(138)) - DatanodeDetails is persisted to /home/runner/work/ozone/ozone/hadoop-ozone/integration-test/target/test-dir/MiniOzoneClusterImpl-7cc88fad-c9bf-4c80-b076-d2cf48673a1e/datanode-2/meta/datanode.id
2023-02-22 04:46:45,298 [EndpointStateMachine task thread for /0.0.0.0:38827 - 0 ] INFO  ipc.Client (Client.java:handleConnectionFailure(1010)) - Retrying connect to server: 0.0.0.0/0.0.0.0:38827. Already tried 6 time(s); retry policy is RetryUpToMaximumCountWithFixedSleep(maxRetries=15, sleepTime=1000 MILLISECONDS)
2023-02-22 04:46:46,195 [Listener at 127.0.0.1/41863] INFO  ozone.MiniOzoneClusterImpl (MiniOzoneClusterImpl.java:lambda$waitForClusterToBeReady$0(218)) - Waiting for nodes to be ready. Got 0 of 3 DN Heartbeats.
2023-02-22 04:46:46,195 [Listener at 127.0.0.1/41863] INFO  ozone.MiniOzoneClusterImpl (MiniOzoneClusterImpl.java:lambda$waitForClusterToBeReady$0(221)) - Waiting for cluster to exit safe mode
2023-02-22 04:46:46,196 [Listener at 127.0.0.1/41863] INFO  ozone.MiniOzoneClusterImpl (MiniOzoneClusterImpl.java:lambda$waitForClusterToBeReady$0(223)) - SCM became leader
2023-02-22 04:46:46,299 [EndpointStateMachine task thread for /0.0.0.0:38827 - 0 ] INFO  ipc.Client (Client.java:handleConnectionFailure(1010)) - Retrying connect to server: 0.0.0.0/0.0.0.0:38827. Already tried 7 time(s); retry policy is RetryUpToMaximumCountWithFixedSleep(maxRetries=15, sleepTime=1000 MILLISECONDS)
2023-02-22 04:46:46,511 [EndpointStateMachine task thread for /0.0.0.0:34569 - 0 ] INFO  utils.DatanodeStoreCache (DatanodeStoreCache.java:addDB(58)) - Added db /home/runner/work/ozone/ozone/hadoop-ozone/integration-test/target/test-dir/MiniOzoneClusterImpl-7cc88fad-c9bf-4c80-b076-d2cf48673a1e/datanode-0/data-0/containers/hdds/7cc88fad-c9bf-4c80-b076-d2cf48673a1e/DS-c0b9f216-ebab-4055-b407-b4101a574dc1/container.db to cache
2023-02-22 04:46:46,511 [EndpointStateMachine task thread for /0.0.0.0:34569 - 0 ] INFO  volume.HddsVolume (HddsVolume.java:createDbStore(331)) - SchemaV3 db is created and loaded at /home/runner/work/ozone/ozone/hadoop-ozone/integration-test/target/test-dir/MiniOzoneClusterImpl-7cc88fad-c9bf-4c80-b076-d2cf48673a1e/datanode-0/data-0/containers/hdds/7cc88fad-c9bf-4c80-b076-d2cf48673a1e/DS-c0b9f216-ebab-4055-b407-b4101a574dc1/container.db for volume DS-c0b9f216-ebab-4055-b407-b4101a574dc1
2023-02-22 04:46:46,511 [EndpointStateMachine task thread for /0.0.0.0:34569 - 0 ] INFO  ozoneimpl.OzoneContainer (OzoneContainer.java:start(398)) - Attempting to start container services.
2023-02-22 04:46:46,511 [EndpointStateMachine task thread for /0.0.0.0:34569 - 0 ] INFO  ozoneimpl.OzoneContainer (OzoneContainer.java:startContainerScrub(315)) - Scheduled background container scanners and the on-demand container scanner have been disabled.
2023-02-22 04:46:46,513 [EndpointStateMachine task thread for /0.0.0.0:34569 - 0 ] INFO  replication.ReplicationServer (ReplicationServer.java:start(109)) - ReplicationServer is started using port 45011
2023-02-22 04:46:46,514 [EndpointStateMachine task thread for /0.0.0.0:34569 - 0 ] INFO  ratis.XceiverServerRatis (XceiverServerRatis.java:start(518)) - Starting XceiverServerRatis d1d6b5b3-8992-4d07-a0d7-3e282a3f9dd5
2023-02-22 04:46:46,514 [EndpointStateMachine task thread for /0.0.0.0:34569 - 0 ] INFO  server.RaftServer (RaftServerProxy.java:startImpl(393)) - d1d6b5b3-8992-4d07-a0d7-3e282a3f9dd5: start RPC server
2023-02-22 04:46:46,516 [EndpointStateMachine task thread for /0.0.0.0:34569 - 0 ] INFO  server.GrpcService (GrpcService.java:startImpl(262)) - d1d6b5b3-8992-4d07-a0d7-3e282a3f9dd5: GrpcService started, listening on 39709
2023-02-22 04:46:46,516 [EndpointStateMachine task thread for /0.0.0.0:34569 - 0 ] INFO  ratis.XceiverServerRatis (XceiverServerRatis.java:getRealPort(544)) - XceiverServerRatis d1d6b5b3-8992-4d07-a0d7-3e282a3f9dd5 is started using port 39709 for RATIS
2023-02-22 04:46:46,516 [EndpointStateMachine task thread for /0.0.0.0:34569 - 0 ] INFO  ratis.XceiverServerRatis (XceiverServerRatis.java:getRealPort(544)) - XceiverServerRatis d1d6b5b3-8992-4d07-a0d7-3e282a3f9dd5 is started using port 39709 for RATIS_ADMIN
2023-02-22 04:46:46,516 [JvmPauseMonitor15] INFO  util.JvmPauseMonitor (JvmPauseMonitor.java:run(105)) - JvmPauseMonitor-d1d6b5b3-8992-4d07-a0d7-3e282a3f9dd5: Started
2023-02-22 04:46:46,516 [EndpointStateMachine task thread for /0.0.0.0:34569 - 0 ] INFO  ratis.XceiverServerRatis (XceiverServerRatis.java:getRealPort(544)) - XceiverServerRatis d1d6b5b3-8992-4d07-a0d7-3e282a3f9dd5 is started using port 39709 for RATIS_SERVER
2023-02-22 04:46:46,516 [EndpointStateMachine task thread for /0.0.0.0:34569 - 0 ] INFO  ratis.XceiverServerRatis (XceiverServerRatis.java:getRealPort(544)) - XceiverServerRatis d1d6b5b3-8992-4d07-a0d7-3e282a3f9dd5 is started using port 39033 for RATIS_DATASTREAM
2023-02-22 04:46:46,520 [EndpointStateMachine task thread for /0.0.0.0:34569 - 0 ] INFO  server.XceiverServerGrpc (XceiverServerGrpc.java:start(180)) - XceiverServerGrpc d1d6b5b3-8992-4d07-a0d7-3e282a3f9dd5 is started using port 40733
2023-02-22 04:46:46,850 [EndpointStateMachine task thread for /0.0.0.0:34569 - 0 ] INFO  utils.DatanodeStoreCache (DatanodeStoreCache.java:addDB(58)) - Added db /home/runner/work/ozone/ozone/hadoop-ozone/integration-test/target/test-dir/MiniOzoneClusterImpl-7cc88fad-c9bf-4c80-b076-d2cf48673a1e/datanode-1/data-0/containers/hdds/7cc88fad-c9bf-4c80-b076-d2cf48673a1e/DS-7eb28856-63ad-41fd-a37f-8665393f554f/container.db to cache
2023-02-22 04:46:46,850 [EndpointStateMachine task thread for /0.0.0.0:34569 - 0 ] INFO  volume.HddsVolume (HddsVolume.java:createDbStore(331)) - SchemaV3 db is created and loaded at /home/runner/work/ozone/ozone/hadoop-ozone/integration-test/target/test-dir/MiniOzoneClusterImpl-7cc88fad-c9bf-4c80-b076-d2cf48673a1e/datanode-1/data-0/containers/hdds/7cc88fad-c9bf-4c80-b076-d2cf48673a1e/DS-7eb28856-63ad-41fd-a37f-8665393f554f/container.db for volume DS-7eb28856-63ad-41fd-a37f-8665393f554f
2023-02-22 04:46:46,851 [EndpointStateMachine task thread for /0.0.0.0:34569 - 0 ] INFO  ozoneimpl.OzoneContainer (OzoneContainer.java:start(398)) - Attempting to start container services.
2023-02-22 04:46:46,851 [EndpointStateMachine task thread for /0.0.0.0:34569 - 0 ] INFO  ozoneimpl.OzoneContainer (OzoneContainer.java:startContainerScrub(315)) - Scheduled background container scanners and the on-demand container scanner have been disabled.
2023-02-22 04:46:46,853 [EndpointStateMachine task thread for /0.0.0.0:34569 - 0 ] INFO  replication.ReplicationServer (ReplicationServer.java:start(109)) - ReplicationServer is started using port 35549
2023-02-22 04:46:46,854 [EndpointStateMachine task thread for /0.0.0.0:34569 - 0 ] INFO  ratis.XceiverServerRatis (XceiverServerRatis.java:start(518)) - Starting XceiverServerRatis bcabacfb-ac1d-48a8-b317-6e9b6c6dcdfe
2023-02-22 04:46:46,858 [EndpointStateMachine task thread for /0.0.0.0:34569 - 0 ] INFO  server.RaftServer (RaftServerProxy.java:startImpl(393)) - bcabacfb-ac1d-48a8-b317-6e9b6c6dcdfe: start RPC server
2023-02-22 04:46:46,859 [EndpointStateMachine task thread for /0.0.0.0:34569 - 0 ] INFO  server.GrpcService (GrpcService.java:startImpl(262)) - bcabacfb-ac1d-48a8-b317-6e9b6c6dcdfe: GrpcService started, listening on 42171
2023-02-22 04:46:46,860 [EndpointStateMachine task thread for /0.0.0.0:34569 - 0 ] INFO  ratis.XceiverServerRatis (XceiverServerRatis.java:getRealPort(544)) - XceiverServerRatis bcabacfb-ac1d-48a8-b317-6e9b6c6dcdfe is started using port 42171 for RATIS
2023-02-22 04:46:46,860 [EndpointStateMachine task thread for /0.0.0.0:34569 - 0 ] INFO  ratis.XceiverServerRatis (XceiverServerRatis.java:getRealPort(544)) - XceiverServerRatis bcabacfb-ac1d-48a8-b317-6e9b6c6dcdfe is started using port 42171 for RATIS_ADMIN
2023-02-22 04:46:46,860 [JvmPauseMonitor16] INFO  util.JvmPauseMonitor (JvmPauseMonitor.java:run(105)) - JvmPauseMonitor-bcabacfb-ac1d-48a8-b317-6e9b6c6dcdfe: Started
2023-02-22 04:46:46,860 [EndpointStateMachine task thread for /0.0.0.0:34569 - 0 ] INFO  ratis.XceiverServerRatis (XceiverServerRatis.java:getRealPort(544)) - XceiverServerRatis bcabacfb-ac1d-48a8-b317-6e9b6c6dcdfe is started using port 42171 for RATIS_SERVER
2023-02-22 04:46:46,860 [EndpointStateMachine task thread for /0.0.0.0:34569 - 0 ] INFO  ratis.XceiverServerRatis (XceiverServerRatis.java:getRealPort(544)) - XceiverServerRatis bcabacfb-ac1d-48a8-b317-6e9b6c6dcdfe is started using port 38271 for RATIS_DATASTREAM
2023-02-22 04:46:46,862 [EndpointStateMachine task thread for /0.0.0.0:34569 - 0 ] INFO  server.XceiverServerGrpc (XceiverServerGrpc.java:start(180)) - XceiverServerGrpc bcabacfb-ac1d-48a8-b317-6e9b6c6dcdfe is started using port 41907
2023-02-22 04:46:47,196 [Listener at 127.0.0.1/41863] INFO  ozone.MiniOzoneClusterImpl (MiniOzoneClusterImpl.java:lambda$waitForClusterToBeReady$0(218)) - Waiting for nodes to be ready. Got 0 of 3 DN Heartbeats.
2023-02-22 04:46:47,196 [Listener at 127.0.0.1/41863] INFO  ozone.MiniOzoneClusterImpl (MiniOzoneClusterImpl.java:lambda$waitForClusterToBeReady$0(221)) - Waiting for cluster to exit safe mode
2023-02-22 04:46:47,196 [Listener at 127.0.0.1/41863] INFO  ozone.MiniOzoneClusterImpl (MiniOzoneClusterImpl.java:lambda$waitForClusterToBeReady$0(223)) - SCM became leader
2023-02-22 04:46:47,219 [EndpointStateMachine task thread for /0.0.0.0:34569 - 0 ] INFO  utils.DatanodeStoreCache (DatanodeStoreCache.java:addDB(58)) - Added db /home/runner/work/ozone/ozone/hadoop-ozone/integration-test/target/test-dir/MiniOzoneClusterImpl-7cc88fad-c9bf-4c80-b076-d2cf48673a1e/datanode-2/data-0/containers/hdds/7cc88fad-c9bf-4c80-b076-d2cf48673a1e/DS-a5ef78e7-f8fa-42d4-84b2-16e78f237278/container.db to cache
2023-02-22 04:46:47,219 [EndpointStateMachine task thread for /0.0.0.0:34569 - 0 ] INFO  volume.HddsVolume (HddsVolume.java:createDbStore(331)) - SchemaV3 db is created and loaded at /home/runner/work/ozone/ozone/hadoop-ozone/integration-test/target/test-dir/MiniOzoneClusterImpl-7cc88fad-c9bf-4c80-b076-d2cf48673a1e/datanode-2/data-0/containers/hdds/7cc88fad-c9bf-4c80-b076-d2cf48673a1e/DS-a5ef78e7-f8fa-42d4-84b2-16e78f237278/container.db for volume DS-a5ef78e7-f8fa-42d4-84b2-16e78f237278
2023-02-22 04:46:47,220 [EndpointStateMachine task thread for /0.0.0.0:34569 - 0 ] INFO  ozoneimpl.OzoneContainer (OzoneContainer.java:start(398)) - Attempting to start container services.
2023-02-22 04:46:47,220 [EndpointStateMachine task thread for /0.0.0.0:34569 - 0 ] INFO  ozoneimpl.OzoneContainer (OzoneContainer.java:startContainerScrub(315)) - Scheduled background container scanners and the on-demand container scanner have been disabled.
2023-02-22 04:46:47,224 [EndpointStateMachine task thread for /0.0.0.0:34569 - 0 ] INFO  replication.ReplicationServer (ReplicationServer.java:start(109)) - ReplicationServer is started using port 41795
2023-02-22 04:46:47,224 [EndpointStateMachine task thread for /0.0.0.0:34569 - 0 ] INFO  ratis.XceiverServerRatis (XceiverServerRatis.java:start(518)) - Starting XceiverServerRatis c601ec4f-f98c-429e-8a55-42b7705082ea
2023-02-22 04:46:47,225 [EndpointStateMachine task thread for /0.0.0.0:34569 - 0 ] INFO  server.RaftServer (RaftServerProxy.java:startImpl(393)) - c601ec4f-f98c-429e-8a55-42b7705082ea: start RPC server
2023-02-22 04:46:47,226 [EndpointStateMachine task thread for /0.0.0.0:34569 - 0 ] INFO  server.GrpcService (GrpcService.java:startImpl(262)) - c601ec4f-f98c-429e-8a55-42b7705082ea: GrpcService started, listening on 38585
2023-02-22 04:46:47,227 [EndpointStateMachine task thread for /0.0.0.0:34569 - 0 ] INFO  ratis.XceiverServerRatis (XceiverServerRatis.java:getRealPort(544)) - XceiverServerRatis c601ec4f-f98c-429e-8a55-42b7705082ea is started using port 38585 for RATIS
2023-02-22 04:46:47,227 [EndpointStateMachine task thread for /0.0.0.0:34569 - 0 ] INFO  ratis.XceiverServerRatis (XceiverServerRatis.java:getRealPort(544)) - XceiverServerRatis c601ec4f-f98c-429e-8a55-42b7705082ea is started using port 38585 for RATIS_ADMIN
2023-02-22 04:46:47,227 [JvmPauseMonitor17] INFO  util.JvmPauseMonitor (JvmPauseMonitor.java:run(105)) - JvmPauseMonitor-c601ec4f-f98c-429e-8a55-42b7705082ea: Started
2023-02-22 04:46:47,227 [EndpointStateMachine task thread for /0.0.0.0:34569 - 0 ] INFO  ratis.XceiverServerRatis (XceiverServerRatis.java:getRealPort(544)) - XceiverServerRatis c601ec4f-f98c-429e-8a55-42b7705082ea is started using port 38585 for RATIS_SERVER
2023-02-22 04:46:47,227 [EndpointStateMachine task thread for /0.0.0.0:34569 - 0 ] INFO  ratis.XceiverServerRatis (XceiverServerRatis.java:getRealPort(544)) - XceiverServerRatis c601ec4f-f98c-429e-8a55-42b7705082ea is started using port 37575 for RATIS_DATASTREAM
2023-02-22 04:46:47,232 [EndpointStateMachine task thread for /0.0.0.0:34569 - 0 ] INFO  server.XceiverServerGrpc (XceiverServerGrpc.java:start(180)) - XceiverServerGrpc c601ec4f-f98c-429e-8a55-42b7705082ea is started using port 44925
2023-02-22 04:46:47,299 [EndpointStateMachine task thread for /0.0.0.0:38827 - 0 ] INFO  ipc.Client (Client.java:handleConnectionFailure(1010)) - Retrying connect to server: 0.0.0.0/0.0.0.0:38827. Already tried 8 time(s); retry policy is RetryUpToMaximumCountWithFixedSleep(maxRetries=15, sleepTime=1000 MILLISECONDS)
2023-02-22 04:46:48,196 [Listener at 127.0.0.1/41863] INFO  ozone.MiniOzoneClusterImpl (MiniOzoneClusterImpl.java:lambda$waitForClusterToBeReady$0(218)) - Waiting for nodes to be ready. Got 0 of 3 DN Heartbeats.
2023-02-22 04:46:48,196 [Listener at 127.0.0.1/41863] INFO  ozone.MiniOzoneClusterImpl (MiniOzoneClusterImpl.java:lambda$waitForClusterToBeReady$0(221)) - Waiting for cluster to exit safe mode
2023-02-22 04:46:48,196 [Listener at 127.0.0.1/41863] INFO  ozone.MiniOzoneClusterImpl (MiniOzoneClusterImpl.java:lambda$waitForClusterToBeReady$0(223)) - SCM became leader
2023-02-22 04:46:48,300 [EndpointStateMachine task thread for /0.0.0.0:38827 - 0 ] INFO  ipc.Client (Client.java:handleConnectionFailure(1010)) - Retrying connect to server: 0.0.0.0/0.0.0.0:38827. Already tried 9 time(s); retry policy is RetryUpToMaximumCountWithFixedSleep(maxRetries=15, sleepTime=1000 MILLISECONDS)
2023-02-22 04:46:48,479 [IPC Server handler 4 on default port 34569] INFO  net.NetworkTopologyImpl (NetworkTopologyImpl.java:add(112)) - Added a new node: /default-rack/d1d6b5b3-8992-4d07-a0d7-3e282a3f9dd5
2023-02-22 04:46:48,479 [IPC Server handler 4 on default port 34569] INFO  node.SCMNodeManager (SCMNodeManager.java:register(397)) - Registered Data node : d1d6b5b3-8992-4d07-a0d7-3e282a3f9dd5{ip: 10.1.78.0, host: fv-az748-120.4k5rsvd4cmqu5oxra434zmszlb.cx.internal.cloudapp.net, ports: [REPLICATION=45011, RATIS=39709, RATIS_ADMIN=39709, RATIS_SERVER=39709, RATIS_DATASTREAM=39033, STANDALONE=40733], networkLocation: /default-rack, certSerialId: null, persistedOpState: null, persistedOpStateExpiryEpochSec: 0}
2023-02-22 04:46:48,482 [EventQueue-NodeRegistrationContainerReportForContainerSafeModeRule] INFO  safemode.SCMSafeModeManager (SCMSafeModeManager.java:validateSafeModeExitRules(200)) - ContainerSafeModeRule rule is successfully validated
2023-02-22 04:46:48,482 [EventQueue-NodeRegistrationContainerReportForDataNodeSafeModeRule] INFO  safemode.SCMSafeModeManager (DataNodeSafeModeRule.java:process(71)) - SCM in safe mode. 1 DataNodes registered, 3 required.
2023-02-22 04:46:48,485 [EventQueue-NewNodeForNewNodeHandler] INFO  pipeline.BackgroundPipelineCreator (BackgroundPipelineCreator.java:notifyEventTriggered(276)) - trigger a one-shot run on RatisPipelineUtilsThread.
2023-02-22 04:46:48,485 [RatisPipelineUtilsThread - 0] INFO  pipeline.RatisPipelineProvider (RatisPipelineProvider.java:lambda$create$0(206)) - Sending CreatePipelineCommand for pipeline:PipelineID=a6b8acb8-e6c3-47cd-a96e-980b3b2dc03e to datanode:d1d6b5b3-8992-4d07-a0d7-3e282a3f9dd5
2023-02-22 04:46:48,485 [EventQueue-PipelineReportForOneReplicaPipelineSafeModeRule] INFO  safemode.SCMSafeModeManager (SCMSafeModeManager.java:validateSafeModeExitRules(200)) - AtleastOneDatanodeReportedRule rule is successfully validated
2023-02-22 04:46:48,486 [RatisPipelineUtilsThread - 0] INFO  pipeline.PipelineStateManagerImpl (PipelineStateManagerImpl.java:addPipeline(103)) - Created pipeline Pipeline[ Id: a6b8acb8-e6c3-47cd-a96e-980b3b2dc03e, Nodes: d1d6b5b3-8992-4d07-a0d7-3e282a3f9dd5(fv-az748-120.4k5rsvd4cmqu5oxra434zmszlb.cx.internal.cloudapp.net/10.1.78.0), ReplicationConfig: RATIS/ONE, State:ALLOCATED, leaderId:, CreationTimestamp2023-02-22T04:46:48.485Z[Etc/UTC]].
2023-02-22 04:46:48,814 [IPC Server handler 6 on default port 34569] INFO  net.NetworkTopologyImpl (NetworkTopologyImpl.java:add(112)) - Added a new node: /default-rack/bcabacfb-ac1d-48a8-b317-6e9b6c6dcdfe
2023-02-22 04:46:48,814 [IPC Server handler 6 on default port 34569] INFO  node.SCMNodeManager (SCMNodeManager.java:register(397)) - Registered Data node : bcabacfb-ac1d-48a8-b317-6e9b6c6dcdfe{ip: 10.1.78.0, host: fv-az748-120.4k5rsvd4cmqu5oxra434zmszlb.cx.internal.cloudapp.net, ports: [REPLICATION=35549, RATIS=42171, RATIS_ADMIN=42171, RATIS_SERVER=42171, RATIS_DATASTREAM=38271, STANDALONE=41907], networkLocation: /default-rack, certSerialId: null, persistedOpState: null, persistedOpStateExpiryEpochSec: 0}
2023-02-22 04:46:48,815 [EventQueue-NodeRegistrationContainerReportForDataNodeSafeModeRule] INFO  safemode.SCMSafeModeManager (DataNodeSafeModeRule.java:process(71)) - SCM in safe mode. 2 DataNodes registered, 3 required.
2023-02-22 04:46:48,815 [EventQueue-NewNodeForNewNodeHandler] INFO  pipeline.BackgroundPipelineCreator (BackgroundPipelineCreator.java:notifyEventTriggered(276)) - trigger a one-shot run on RatisPipelineUtilsThread.
2023-02-22 04:46:48,816 [RatisPipelineUtilsThread - 0] INFO  pipeline.RatisPipelineProvider (RatisPipelineProvider.java:lambda$create$0(206)) - Sending CreatePipelineCommand for pipeline:PipelineID=f9c23855-1c80-4a91-a405-84ff05016659 to datanode:bcabacfb-ac1d-48a8-b317-6e9b6c6dcdfe
2023-02-22 04:46:48,816 [RatisPipelineUtilsThread - 0] INFO  pipeline.PipelineStateManagerImpl (PipelineStateManagerImpl.java:addPipeline(103)) - Created pipeline Pipeline[ Id: f9c23855-1c80-4a91-a405-84ff05016659, Nodes: bcabacfb-ac1d-48a8-b317-6e9b6c6dcdfe(fv-az748-120.4k5rsvd4cmqu5oxra434zmszlb.cx.internal.cloudapp.net/10.1.78.0), ReplicationConfig: RATIS/ONE, State:ALLOCATED, leaderId:, CreationTimestamp2023-02-22T04:46:48.816Z[Etc/UTC]].
2023-02-22 04:46:49,197 [IPC Server handler 4 on default port 34569] INFO  net.NetworkTopologyImpl (NetworkTopologyImpl.java:add(112)) - Added a new node: /default-rack/c601ec4f-f98c-429e-8a55-42b7705082ea
2023-02-22 04:46:49,197 [Listener at 127.0.0.1/41863] INFO  ozone.MiniOzoneClusterImpl (MiniOzoneClusterImpl.java:lambda$waitForClusterToBeReady$0(218)) - Waiting for nodes to be ready. Got 2 of 3 DN Heartbeats.
2023-02-22 04:46:49,197 [Listener at 127.0.0.1/41863] INFO  ozone.MiniOzoneClusterImpl (MiniOzoneClusterImpl.java:lambda$waitForClusterToBeReady$0(221)) - Waiting for cluster to exit safe mode
2023-02-22 04:46:49,197 [Listener at 127.0.0.1/41863] INFO  ozone.MiniOzoneClusterImpl (MiniOzoneClusterImpl.java:lambda$waitForClusterToBeReady$0(223)) - SCM became leader
2023-02-22 04:46:49,197 [IPC Server handler 4 on default port 34569] INFO  node.SCMNodeManager (SCMNodeManager.java:register(397)) - Registered Data node : c601ec4f-f98c-429e-8a55-42b7705082ea{ip: 10.1.78.0, host: fv-az748-120.4k5rsvd4cmqu5oxra434zmszlb.cx.internal.cloudapp.net, ports: [REPLICATION=41795, RATIS=38585, RATIS_ADMIN=38585, RATIS_SERVER=38585, RATIS_DATASTREAM=37575, STANDALONE=44925], networkLocation: /default-rack, certSerialId: null, persistedOpState: null, persistedOpStateExpiryEpochSec: 0}
2023-02-22 04:46:49,199 [EventQueue-NewNodeForNewNodeHandler] INFO  pipeline.BackgroundPipelineCreator (BackgroundPipelineCreator.java:notifyEventTriggered(276)) - trigger a one-shot run on RatisPipelineUtilsThread.
2023-02-22 04:46:49,200 [EventQueue-NodeRegistrationContainerReportForDataNodeSafeModeRule] INFO  safemode.SCMSafeModeManager (DataNodeSafeModeRule.java:process(71)) - SCM in safe mode. 3 DataNodes registered, 3 required.
2023-02-22 04:46:49,200 [EventQueue-NodeRegistrationContainerReportForDataNodeSafeModeRule] INFO  safemode.SCMSafeModeManager (SCMSafeModeManager.java:validateSafeModeExitRules(200)) - DataNodeSafeModeRule rule is successfully validated
2023-02-22 04:46:49,200 [EventQueue-NodeRegistrationContainerReportForDataNodeSafeModeRule] INFO  safemode.SCMSafeModeManager (SCMSafeModeManager.java:completePreCheck(229)) - All SCM safe mode pre check rules have passed
2023-02-22 04:46:49,200 [EventQueue-NodeRegistrationContainerReportForDataNodeSafeModeRule] INFO  ha.SCMContext (SCMContext.java:updateSafeModeStatus(228)) - Update SafeModeStatus from SafeModeStatus{safeModeStatus=true, preCheckPassed=false} to SafeModeStatus{safeModeStatus=true, preCheckPassed=true}.
2023-02-22 04:46:49,200 [EventQueue-NodeRegistrationContainerReportForDataNodeSafeModeRule] INFO  pipeline.BackgroundPipelineCreator (BackgroundPipelineCreator.java:notifyEventTriggered(276)) - trigger a one-shot run on RatisPipelineUtilsThread.
2023-02-22 04:46:49,201 [RatisPipelineUtilsThread - 0] INFO  pipeline.RatisPipelineProvider (RatisPipelineProvider.java:lambda$create$0(206)) - Sending CreatePipelineCommand for pipeline:PipelineID=ca96d707-a250-4c33-98eb-d7340cbed9d6 to datanode:c601ec4f-f98c-429e-8a55-42b7705082ea
2023-02-22 04:46:49,202 [RatisPipelineUtilsThread - 0] INFO  pipeline.PipelineStateManagerImpl (PipelineStateManagerImpl.java:addPipeline(103)) - Created pipeline Pipeline[ Id: ca96d707-a250-4c33-98eb-d7340cbed9d6, Nodes: c601ec4f-f98c-429e-8a55-42b7705082ea(fv-az748-120.4k5rsvd4cmqu5oxra434zmszlb.cx.internal.cloudapp.net/10.1.78.0), ReplicationConfig: RATIS/ONE, State:ALLOCATED, leaderId:, CreationTimestamp2023-02-22T04:46:49.201Z[Etc/UTC]].
2023-02-22 04:46:49,202 [RatisPipelineUtilsThread - 0] INFO  pipeline.RatisPipelineProvider (RatisPipelineProvider.java:lambda$create$0(206)) - Sending CreatePipelineCommand for pipeline:PipelineID=81fdc0e0-6a4a-4b0b-a410-04e6b56b7aa5 to datanode:d1d6b5b3-8992-4d07-a0d7-3e282a3f9dd5
2023-02-22 04:46:49,203 [RatisPipelineUtilsThread - 0] INFO  pipeline.RatisPipelineProvider (RatisPipelineProvider.java:lambda$create$0(206)) - Sending CreatePipelineCommand for pipeline:PipelineID=81fdc0e0-6a4a-4b0b-a410-04e6b56b7aa5 to datanode:bcabacfb-ac1d-48a8-b317-6e9b6c6dcdfe
2023-02-22 04:46:49,203 [RatisPipelineUtilsThread - 0] INFO  pipeline.RatisPipelineProvider (RatisPipelineProvider.java:lambda$create$0(206)) - Sending CreatePipelineCommand for pipeline:PipelineID=81fdc0e0-6a4a-4b0b-a410-04e6b56b7aa5 to datanode:c601ec4f-f98c-429e-8a55-42b7705082ea
2023-02-22 04:46:49,203 [RatisPipelineUtilsThread - 0] INFO  pipeline.PipelineStateManagerImpl (PipelineStateManagerImpl.java:addPipeline(103)) - Created pipeline Pipeline[ Id: 81fdc0e0-6a4a-4b0b-a410-04e6b56b7aa5, Nodes: d1d6b5b3-8992-4d07-a0d7-3e282a3f9dd5(fv-az748-120.4k5rsvd4cmqu5oxra434zmszlb.cx.internal.cloudapp.net/10.1.78.0)bcabacfb-ac1d-48a8-b317-6e9b6c6dcdfe(fv-az748-120.4k5rsvd4cmqu5oxra434zmszlb.cx.internal.cloudapp.net/10.1.78.0)c601ec4f-f98c-429e-8a55-42b7705082ea(fv-az748-120.4k5rsvd4cmqu5oxra434zmszlb.cx.internal.cloudapp.net/10.1.78.0), ReplicationConfig: RATIS/THREE, State:ALLOCATED, leaderId:, CreationTimestamp2023-02-22T04:46:49.202Z[Etc/UTC]].
2023-02-22 04:46:49,204 [RatisPipelineUtilsThread - 0] INFO  pipeline.RatisPipelineProvider (RatisPipelineProvider.java:lambda$create$0(206)) - Sending CreatePipelineCommand for pipeline:PipelineID=bfd8f364-2dce-4e99-903b-9644b19bf3f1 to datanode:bcabacfb-ac1d-48a8-b317-6e9b6c6dcdfe
2023-02-22 04:46:49,204 [RatisPipelineUtilsThread - 0] INFO  pipeline.RatisPipelineProvider (RatisPipelineProvider.java:lambda$create$0(206)) - Sending CreatePipelineCommand for pipeline:PipelineID=bfd8f364-2dce-4e99-903b-9644b19bf3f1 to datanode:d1d6b5b3-8992-4d07-a0d7-3e282a3f9dd5
2023-02-22 04:46:49,204 [RatisPipelineUtilsThread - 0] INFO  pipeline.RatisPipelineProvider (RatisPipelineProvider.java:lambda$create$0(206)) - Sending CreatePipelineCommand for pipeline:PipelineID=bfd8f364-2dce-4e99-903b-9644b19bf3f1 to datanode:c601ec4f-f98c-429e-8a55-42b7705082ea
2023-02-22 04:46:49,204 [RatisPipelineUtilsThread - 0] INFO  pipeline.PipelineStateManagerImpl (PipelineStateManagerImpl.java:addPipeline(103)) - Created pipeline Pipeline[ Id: bfd8f364-2dce-4e99-903b-9644b19bf3f1, Nodes: bcabacfb-ac1d-48a8-b317-6e9b6c6dcdfe(fv-az748-120.4k5rsvd4cmqu5oxra434zmszlb.cx.internal.cloudapp.net/10.1.78.0)d1d6b5b3-8992-4d07-a0d7-3e282a3f9dd5(fv-az748-120.4k5rsvd4cmqu5oxra434zmszlb.cx.internal.cloudapp.net/10.1.78.0)c601ec4f-f98c-429e-8a55-42b7705082ea(fv-az748-120.4k5rsvd4cmqu5oxra434zmszlb.cx.internal.cloudapp.net/10.1.78.0), ReplicationConfig: RATIS/THREE, State:ALLOCATED, leaderId:, CreationTimestamp2023-02-22T04:46:49.204Z[Etc/UTC]].
2023-02-22 04:46:49,204 [RatisPipelineUtilsThread - 0] INFO  pipeline.PipelineManagerImpl (PipelineManagerImpl.java:recordMetricsForPipeline(826)) - Pipeline: PipelineID=bfd8f364-2dce-4e99-903b-9644b19bf3f1 contains same datanodes as previous pipelines: PipelineID=81fdc0e0-6a4a-4b0b-a410-04e6b56b7aa5 nodeIds: bcabacfb-ac1d-48a8-b317-6e9b6c6dcdfe, d1d6b5b3-8992-4d07-a0d7-3e282a3f9dd5, c601ec4f-f98c-429e-8a55-42b7705082ea
2023-02-22 04:46:49,204 [RatisPipelineUtilsThread - 0] WARN  pipeline.PipelinePlacementPolicy (PipelinePlacementPolicy.java:filterViableNodes(158)) - Pipeline creation failed due to no sufficient healthy datanodes. Required 3. Found 0.
2023-02-22 04:46:49,206 [RatisPipelineUtilsThread - 0] WARN  pipeline.PipelinePlacementPolicy (PipelinePlacementPolicy.java:filterViableNodes(158)) - Pipeline creation failed due to no sufficient healthy datanodes. Required 3. Found 0.
2023-02-22 04:46:49,300 [EndpointStateMachine task thread for /0.0.0.0:38827 - 0 ] INFO  ipc.Client (Client.java:handleConnectionFailure(1010)) - Retrying connect to server: 0.0.0.0/0.0.0.0:38827. Already tried 10 time(s); retry policy is RetryUpToMaximumCountWithFixedSleep(maxRetries=15, sleepTime=1000 MILLISECONDS)
2023-02-22 04:46:50,197 [Listener at 127.0.0.1/41863] INFO  ozone.MiniOzoneClusterImpl (MiniOzoneClusterImpl.java:lambda$waitForClusterToBeReady$0(218)) - Nodes are ready. Got 3 of 3 DN Heartbeats.
2023-02-22 04:46:50,197 [Listener at 127.0.0.1/41863] INFO  ozone.MiniOzoneClusterImpl (MiniOzoneClusterImpl.java:lambda$waitForClusterToBeReady$0(221)) - Waiting for cluster to exit safe mode
2023-02-22 04:46:50,197 [Listener at 127.0.0.1/41863] INFO  ozone.MiniOzoneClusterImpl (MiniOzoneClusterImpl.java:lambda$waitForClusterToBeReady$0(223)) - SCM became leader
2023-02-22 04:46:50,302 [EndpointStateMachine task thread for /0.0.0.0:38827 - 0 ] INFO  ipc.Client (Client.java:handleConnectionFailure(1010)) - Retrying connect to server: 0.0.0.0/0.0.0.0:38827. Already tried 11 time(s); retry policy is RetryUpToMaximumCountWithFixedSleep(maxRetries=15, sleepTime=1000 MILLISECONDS)
2023-02-22 04:46:51,198 [Listener at 127.0.0.1/41863] INFO  ozone.MiniOzoneClusterImpl (MiniOzoneClusterImpl.java:lambda$waitForClusterToBeReady$0(218)) - Nodes are ready. Got 3 of 3 DN Heartbeats.
2023-02-22 04:46:51,198 [Listener at 127.0.0.1/41863] INFO  ozone.MiniOzoneClusterImpl (MiniOzoneClusterImpl.java:lambda$waitForClusterToBeReady$0(221)) - Waiting for cluster to exit safe mode
2023-02-22 04:46:51,198 [Listener at 127.0.0.1/41863] INFO  ozone.MiniOzoneClusterImpl (MiniOzoneClusterImpl.java:lambda$waitForClusterToBeReady$0(223)) - SCM became leader
2023-02-22 04:46:51,302 [EndpointStateMachine task thread for /0.0.0.0:38827 - 0 ] INFO  ipc.Client (Client.java:handleConnectionFailure(1010)) - Retrying connect to server: 0.0.0.0/0.0.0.0:38827. Already tried 12 time(s); retry policy is RetryUpToMaximumCountWithFixedSleep(maxRetries=15, sleepTime=1000 MILLISECONDS)
2023-02-22 04:46:51,480 [Command processor thread] INFO  server.RaftServer (RaftServerProxy.java:addNew(96)) - d1d6b5b3-8992-4d07-a0d7-3e282a3f9dd5: addNew group-980B3B2DC03E:[d1d6b5b3-8992-4d07-a0d7-3e282a3f9dd5|rpc:10.1.78.0:39709|dataStream:10.1.78.0:39033|priority:1|startupRole:FOLLOWER] returns group-980B3B2DC03E:java.util.concurrent.CompletableFuture@43e3d931[Not completed]
2023-02-22 04:46:51,480 [pool-1484-thread-1] INFO  server.RaftServer$Division (RaftServerImpl.java:<init>(195)) - d1d6b5b3-8992-4d07-a0d7-3e282a3f9dd5: new RaftServerImpl for group-980B3B2DC03E:[d1d6b5b3-8992-4d07-a0d7-3e282a3f9dd5|rpc:10.1.78.0:39709|dataStream:10.1.78.0:39033|priority:1|startupRole:FOLLOWER] with ContainerStateMachine:uninitialized
2023-02-22 04:46:51,481 [pool-1484-thread-1] INFO  server.RaftServerConfigKeys (ConfUtils.java:logGet(46)) - raft.server.rpc.timeout.min = 5s (custom)
2023-02-22 04:46:51,481 [pool-1484-thread-1] INFO  server.RaftServerConfigKeys (ConfUtils.java:logGet(46)) - raft.server.rpc.timeout.max = 5200ms (custom)
2023-02-22 04:46:51,481 [pool-1484-thread-1] INFO  server.RaftServerConfigKeys (ConfUtils.java:logGet(46)) - raft.server.rpc.sleep.time = 25ms (default)
2023-02-22 04:46:51,481 [pool-1484-thread-1] INFO  server.RaftServerConfigKeys (ConfUtils.java:logGet(46)) - raft.server.rpc.slowness.timeout = 300s (custom)
2023-02-22 04:46:51,481 [pool-1484-thread-1] INFO  server.RaftServerConfigKeys (ConfUtils.java:logGet(46)) - raft.server.leaderelection.leader.step-down.wait-time = 10s (default)
2023-02-22 04:46:51,481 [pool-1484-thread-1] INFO  server.RaftServerConfigKeys (ConfUtils.java:logGet(46)) - raft.server.sleep.deviation.threshold = 300ms (default)
2023-02-22 04:46:51,481 [pool-1484-thread-1] INFO  server.RaftServer$Division (ServerState.java:<init>(118)) - d1d6b5b3-8992-4d07-a0d7-3e282a3f9dd5@group-980B3B2DC03E: ConfigurationManager, init=-1: peers:[d1d6b5b3-8992-4d07-a0d7-3e282a3f9dd5|rpc:10.1.78.0:39709|dataStream:10.1.78.0:39033|priority:1|startupRole:FOLLOWER]|listeners:[], old=null, confs=<EMPTY_MAP>
2023-02-22 04:46:51,481 [pool-1484-thread-1] INFO  server.RaftServerConfigKeys (ConfUtils.java:logGet(46)) - raft.server.storage.dir = [/home/runner/work/ozone/ozone/hadoop-ozone/integration-test/target/test-dir/MiniOzoneClusterImpl-7cc88fad-c9bf-4c80-b076-d2cf48673a1e/datanode-0/data/ratis] (custom)
2023-02-22 04:46:51,481 [pool-1484-thread-1] INFO  server.RaftServerConfigKeys (ConfUtils.java:logGet(46)) - raft.server.log.corruption.policy = EXCEPTION (default)
2023-02-22 04:46:51,481 [pool-1484-thread-1] INFO  server.RaftServerConfigKeys (ConfUtils.java:logGet(46)) - raft.server.storage.free-space.min = 0MB (=0) (default)
2023-02-22 04:46:51,481 [pool-1484-thread-1] INFO  server.RaftServerConfigKeys (ConfUtils.java:logGet(46)) - raft.server.notification.no-leader.timeout = 300s (custom)
2023-02-22 04:46:51,481 [pool-1484-thread-1] INFO  server.RaftServerConfigKeys (ConfUtils.java:logGet(46)) - raft.server.retrycache.expirytime = 600000ms (custom)
2023-02-22 04:46:51,481 [pool-1484-thread-1] INFO  server.RaftServerConfigKeys (ConfUtils.java:logGet(46)) - raft.server.retrycache.statistics.expirytime = 100μs (default)
2023-02-22 04:46:51,482 [pool-1484-thread-1] INFO  server.RaftServerConfigKeys (ConfUtils.java:logGet(46)) - raft.server.log.appender.install.snapshot.enabled = false (custom)
2023-02-22 04:46:51,482 [pool-1484-thread-1] INFO  server.RaftServerConfigKeys (ConfUtils.java:logGet(46)) - raft.server.threadpool.server.cached = true (default)
2023-02-22 04:46:51,482 [pool-1484-thread-1] INFO  server.RaftServerConfigKeys (ConfUtils.java:logGet(46)) - raft.server.threadpool.server.size = 0 (default)
2023-02-22 04:46:51,482 [pool-1484-thread-1] INFO  server.RaftServerConfigKeys (ConfUtils.java:logGet(46)) - raft.server.threadpool.client.cached = true (default)
2023-02-22 04:46:51,482 [pool-1484-thread-1] INFO  server.RaftServerConfigKeys (ConfUtils.java:logGet(46)) - raft.server.threadpool.client.size = 0 (default)
2023-02-22 04:46:51,482 [pool-1484-thread-1] INFO  storage.RaftStorageDirectory (RaftStorageDirectoryImpl.java:analyzeStorage(137)) - The storage directory /home/runner/work/ozone/ozone/hadoop-ozone/integration-test/target/test-dir/MiniOzoneClusterImpl-7cc88fad-c9bf-4c80-b076-d2cf48673a1e/datanode-0/data/ratis/a6b8acb8-e6c3-47cd-a96e-980b3b2dc03e does not exist. Creating ...
2023-02-22 04:46:51,484 [pool-1484-thread-1] INFO  storage.RaftStorageDirectory (RaftStorageDirectoryImpl.java:tryLock(231)) - Lock on /home/runner/work/ozone/ozone/hadoop-ozone/integration-test/target/test-dir/MiniOzoneClusterImpl-7cc88fad-c9bf-4c80-b076-d2cf48673a1e/datanode-0/data/ratis/a6b8acb8-e6c3-47cd-a96e-980b3b2dc03e/in_use.lock acquired by nodename 93364@fv-az748-120
2023-02-22 04:46:51,485 [pool-1484-thread-1] INFO  storage.RaftStorage (RaftStorageImpl.java:format(96)) - Storage directory /home/runner/work/ozone/ozone/hadoop-ozone/integration-test/target/test-dir/MiniOzoneClusterImpl-7cc88fad-c9bf-4c80-b076-d2cf48673a1e/datanode-0/data/ratis/a6b8acb8-e6c3-47cd-a96e-980b3b2dc03e has been successfully formatted.
2023-02-22 04:46:51,486 [pool-1484-thread-1] INFO  ratis.ContainerStateMachine (ContainerStateMachine.java:loadSnapshot(240)) - group-980B3B2DC03E: The snapshot info is null. Setting the last applied indexto:(t:0, i:~)
2023-02-22 04:46:51,486 [pool-1484-thread-1] INFO  server.RaftServerConfigKeys (ConfUtils.java:logGet(46)) - raft.server.log.use.memory = false (default)
2023-02-22 04:46:51,486 [pool-1484-thread-1] INFO  server.RaftServerConfigKeys (ConfUtils.java:logGet(46)) - raft.server.log.purge.gap = 1000000 (custom)
2023-02-22 04:46:51,486 [pool-1484-thread-1] INFO  server.RaftServerConfigKeys (ConfUtils.java:logGet(46)) - raft.server.log.appender.buffer.byte-limit = 33554432 (custom)
2023-02-22 04:46:51,486 [pool-1484-thread-1] INFO  server.RaftServerConfigKeys (ConfUtils.java:logGet(46)) - raft.server.log.statemachine.data.read.timeout = 1000ms (default)
2023-02-22 04:46:51,486 [pool-1484-thread-1] INFO  server.RaftServerConfigKeys (ConfUtils.java:logGet(46)) - raft.server.log.purge.preservation.log.num = 0 (default)
2023-02-22 04:46:51,486 [EventQueue-PipelineReportForPipelineReportHandler] INFO  pipeline.PipelineManagerImpl (PipelineManagerImpl.java:openPipeline(367)) - Pipeline Pipeline[ Id: a6b8acb8-e6c3-47cd-a96e-980b3b2dc03e, Nodes: d1d6b5b3-8992-4d07-a0d7-3e282a3f9dd5(fv-az748-120.4k5rsvd4cmqu5oxra434zmszlb.cx.internal.cloudapp.net/10.1.78.0), ReplicationConfig: RATIS/ONE, State:ALLOCATED, leaderId:d1d6b5b3-8992-4d07-a0d7-3e282a3f9dd5, CreationTimestamp2023-02-22T04:46:48.485Z[Etc/UTC]] moved to OPEN state
2023-02-22 04:46:51,487 [pool-1484-thread-1] INFO  server.RaftServerConfigKeys (ConfUtils.java:logGet(46)) - raft.server.log.segment.size.max = 1048576 (custom)
2023-02-22 04:46:51,488 [EventQueue-OpenPipelineForHealthyPipelineSafeModeRule] INFO  safemode.SCMSafeModeManager (HealthyPipelineSafeModeRule.java:process(137)) - SCM in safe mode. Healthy pipelines reported count is 0, required healthy pipeline reported count is 1
2023-02-22 04:46:51,489 [pool-1484-thread-1] INFO  server.RaftServerConfigKeys (ConfUtils.java:logGet(46)) - raft.server.log.segment.cache.num.max = 2 (custom)
2023-02-22 04:46:51,489 [pool-1484-thread-1] INFO  server.RaftServerConfigKeys (ConfUtils.java:logGet(46)) - raft.server.log.segment.cache.size.max = 200MB (=209715200) (default)
2023-02-22 04:46:51,489 [pool-1484-thread-1] INFO  segmented.SegmentedRaftLogWorker (SegmentedRaftLogWorker.java:<init>(189)) - new d1d6b5b3-8992-4d07-a0d7-3e282a3f9dd5@group-980B3B2DC03E-SegmentedRaftLogWorker for RaftStorageImpl:Storage Directory /home/runner/work/ozone/ozone/hadoop-ozone/integration-test/target/test-dir/MiniOzoneClusterImpl-7cc88fad-c9bf-4c80-b076-d2cf48673a1e/datanode-0/data/ratis/a6b8acb8-e6c3-47cd-a96e-980b3b2dc03e
2023-02-22 04:46:51,489 [pool-1484-thread-1] INFO  server.RaftServerConfigKeys (ConfUtils.java:logGet(46)) - raft.server.log.queue.byte-limit = 4294967296 (custom)
2023-02-22 04:46:51,489 [pool-1484-thread-1] INFO  server.RaftServerConfigKeys (ConfUtils.java:logGet(46)) - raft.server.log.queue.element-limit = 1024 (custom)
2023-02-22 04:46:51,489 [pool-1484-thread-1] INFO  server.RaftServerConfigKeys (ConfUtils.java:logGet(46)) - raft.server.log.segment.size.max = 1048576 (custom)
2023-02-22 04:46:51,489 [pool-1484-thread-1] INFO  server.RaftServerConfigKeys (ConfUtils.java:logGet(46)) - raft.server.log.preallocated.size = 16384 (custom)
2023-02-22 04:46:51,489 [pool-1484-thread-1] INFO  server.RaftServerConfigKeys (ConfUtils.java:logGet(46)) - raft.server.log.force.sync.num = 128 (default)
2023-02-22 04:46:51,489 [pool-1484-thread-1] INFO  server.RaftServerConfigKeys (ConfUtils.java:logGet(46)) - raft.server.log.statemachine.data.sync = true (default)
2023-02-22 04:46:51,490 [pool-1484-thread-1] INFO  server.RaftServerConfigKeys (ConfUtils.java:logGet(46)) - raft.server.log.statemachine.data.sync.timeout = 10s (default)
2023-02-22 04:46:51,490 [pool-1484-thread-1] INFO  server.RaftServerConfigKeys (ConfUtils.java:logGet(46)) - raft.server.log.statemachine.data.sync.timeout.retry = -1 (default)
2023-02-22 04:46:51,490 [pool-1484-thread-1] INFO  server.RaftServerConfigKeys (ConfUtils.java:logGet(46)) - raft.server.log.write.buffer.size = 1048576 (custom)
2023-02-22 04:46:51,490 [pool-1484-thread-1] INFO  server.RaftServerConfigKeys (ConfUtils.java:logGet(46)) - raft.server.log.appender.buffer.byte-limit = 33554432 (custom)
2023-02-22 04:46:51,493 [pool-1484-thread-1] INFO  server.RaftServerConfigKeys (ConfUtils.java:logGet(46)) - raft.server.log.unsafe-flush.enabled = false (default)
2023-02-22 04:46:51,493 [pool-1484-thread-1] INFO  server.RaftServerConfigKeys (ConfUtils.java:logGet(46)) - raft.server.log.async-flush.enabled = false (default)
2023-02-22 04:46:51,493 [pool-1484-thread-1] INFO  server.RaftServerConfigKeys (ConfUtils.java:logGet(46)) - raft.server.log.statemachine.data.caching.enabled = true (custom)
2023-02-22 04:46:51,493 [pool-1484-thread-1] INFO  segmented.SegmentedRaftLogWorker (SegmentedRaftLogWorker.java:lambda$new$0(135)) - d1d6b5b3-8992-4d07-a0d7-3e282a3f9dd5@group-980B3B2DC03E-SegmentedRaftLogWorker: flushIndex: setUnconditionally 0 -> -1
2023-02-22 04:46:51,493 [pool-1484-thread-1] INFO  segmented.SegmentedRaftLogWorker (SegmentedRaftLogWorker.java:lambda$new$0(135)) - d1d6b5b3-8992-4d07-a0d7-3e282a3f9dd5@group-980B3B2DC03E-SegmentedRaftLogWorker: safeCacheEvictIndex: setUnconditionally 0 -> -1
2023-02-22 04:46:51,497 [pool-1484-thread-1] INFO  server.RaftServer$Division (RaftServerImpl.java:start(334)) - d1d6b5b3-8992-4d07-a0d7-3e282a3f9dd5@group-980B3B2DC03E: start as a follower, conf=-1: peers:[d1d6b5b3-8992-4d07-a0d7-3e282a3f9dd5|rpc:10.1.78.0:39709|dataStream:10.1.78.0:39033|priority:1|startupRole:FOLLOWER]|listeners:[], old=null
2023-02-22 04:46:51,497 [pool-1484-thread-1] INFO  server.RaftServer$Division (RaftServerImpl.java:setRole(321)) - d1d6b5b3-8992-4d07-a0d7-3e282a3f9dd5@group-980B3B2DC03E: changes role from      null to FOLLOWER at term 0 for startAsFollower
2023-02-22 04:46:51,497 [pool-1484-thread-1] INFO  impl.RoleInfo (RoleInfo.java:updateAndGet(139)) - d1d6b5b3-8992-4d07-a0d7-3e282a3f9dd5: start d1d6b5b3-8992-4d07-a0d7-3e282a3f9dd5@group-980B3B2DC03E-FollowerState
2023-02-22 04:46:51,504 [pool-1484-thread-1] INFO  util.JmxRegister (JmxRegister.java:tryRegister(44)) - Successfully registered JMX Bean with object name Ratis:service=RaftServer,group=group-980B3B2DC03E,id=d1d6b5b3-8992-4d07-a0d7-3e282a3f9dd5
2023-02-22 04:46:51,504 [d1d6b5b3-8992-4d07-a0d7-3e282a3f9dd5@group-980B3B2DC03E-FollowerState] INFO  server.RaftServerConfigKeys (ConfUtils.java:logFallback(53)) - raft.server.rpc.first-election.timeout.min = 5s (fallback to raft.server.rpc.timeout.min)
2023-02-22 04:46:51,504 [pool-1484-thread-1] INFO  server.RaftServerConfigKeys (ConfUtils.java:logGet(46)) - raft.server.snapshot.auto.trigger.enabled = true (custom)
2023-02-22 04:46:51,504 [d1d6b5b3-8992-4d07-a0d7-3e282a3f9dd5@group-980B3B2DC03E-FollowerState] INFO  server.RaftServerConfigKeys (ConfUtils.java:logFallback(53)) - raft.server.rpc.first-election.timeout.max = 5200ms (fallback to raft.server.rpc.timeout.max)
2023-02-22 04:46:51,504 [pool-1484-thread-1] INFO  server.RaftServerConfigKeys (ConfUtils.java:logGet(46)) - raft.server.snapshot.auto.trigger.threshold = 10000 (custom)
2023-02-22 04:46:51,504 [pool-1484-thread-1] INFO  server.RaftServerConfigKeys (ConfUtils.java:logGet(46)) - raft.server.snapshot.retention.file.num = 5 (custom)
2023-02-22 04:46:51,504 [pool-1484-thread-1] INFO  server.RaftServerConfigKeys (ConfUtils.java:logGet(46)) - raft.server.log.purge.upto.snapshot.index = false (default)
2023-02-22 04:46:51,505 [Command processor thread] INFO  ratis.XceiverServerRatis (XceiverServerRatis.java:addGroup(807)) - Created group PipelineID=a6b8acb8-e6c3-47cd-a96e-980b3b2dc03e
2023-02-22 04:46:51,505 [Command processor thread] INFO  commandhandler.CreatePipelineCommandHandler (CreatePipelineCommandHandler.java:handle(113)) - Created Pipeline RATIS ONE PipelineID=a6b8acb8-e6c3-47cd-a96e-980b3b2dc03e.
2023-02-22 04:46:51,505 [Command processor thread] INFO  server.RaftServer (RaftServerProxy.java:addNew(96)) - d1d6b5b3-8992-4d07-a0d7-3e282a3f9dd5: addNew group-04E6B56B7AA5:[bcabacfb-ac1d-48a8-b317-6e9b6c6dcdfe|rpc:10.1.78.0:42171|dataStream:10.1.78.0:38271|priority:0|startupRole:FOLLOWER, c601ec4f-f98c-429e-8a55-42b7705082ea|rpc:10.1.78.0:38585|dataStream:10.1.78.0:37575|priority:1|startupRole:FOLLOWER, d1d6b5b3-8992-4d07-a0d7-3e282a3f9dd5|rpc:10.1.78.0:39709|dataStream:10.1.78.0:39033|priority:0|startupRole:FOLLOWER] returns group-04E6B56B7AA5:java.util.concurrent.CompletableFuture@47dc4595[Not completed]
2023-02-22 04:46:51,506 [pool-1484-thread-1] INFO  server.RaftServer$Division (RaftServerImpl.java:<init>(195)) - d1d6b5b3-8992-4d07-a0d7-3e282a3f9dd5: new RaftServerImpl for group-04E6B56B7AA5:[bcabacfb-ac1d-48a8-b317-6e9b6c6dcdfe|rpc:10.1.78.0:42171|dataStream:10.1.78.0:38271|priority:0|startupRole:FOLLOWER, c601ec4f-f98c-429e-8a55-42b7705082ea|rpc:10.1.78.0:38585|dataStream:10.1.78.0:37575|priority:1|startupRole:FOLLOWER, d1d6b5b3-8992-4d07-a0d7-3e282a3f9dd5|rpc:10.1.78.0:39709|dataStream:10.1.78.0:39033|priority:0|startupRole:FOLLOWER] with ContainerStateMachine:uninitialized
2023-02-22 04:46:51,506 [pool-1484-thread-1] INFO  server.RaftServerConfigKeys (ConfUtils.java:logGet(46)) - raft.server.rpc.timeout.min = 5s (custom)
2023-02-22 04:46:51,506 [pool-1484-thread-1] INFO  server.RaftServerConfigKeys (ConfUtils.java:logGet(46)) - raft.server.rpc.timeout.max = 5200ms (custom)
2023-02-22 04:46:51,506 [pool-1484-thread-1] INFO  server.RaftServerConfigKeys (ConfUtils.java:logGet(46)) - raft.server.rpc.sleep.time = 25ms (default)
2023-02-22 04:46:51,506 [pool-1484-thread-1] INFO  server.RaftServerConfigKeys (ConfUtils.java:logGet(46)) - raft.server.rpc.slowness.timeout = 300s (custom)
2023-02-22 04:46:51,506 [pool-1484-thread-1] INFO  server.RaftServerConfigKeys (ConfUtils.java:logGet(46)) - raft.server.leaderelection.leader.step-down.wait-time = 10s (default)
2023-02-22 04:46:51,506 [pool-1484-thread-1] INFO  server.RaftServerConfigKeys (ConfUtils.java:logGet(46)) - raft.server.sleep.deviation.threshold = 300ms (default)
2023-02-22 04:46:51,506 [pool-1484-thread-1] INFO  server.RaftServer$Division (ServerState.java:<init>(118)) - d1d6b5b3-8992-4d07-a0d7-3e282a3f9dd5@group-04E6B56B7AA5: ConfigurationManager, init=-1: peers:[bcabacfb-ac1d-48a8-b317-6e9b6c6dcdfe|rpc:10.1.78.0:42171|dataStream:10.1.78.0:38271|priority:0|startupRole:FOLLOWER, c601ec4f-f98c-429e-8a55-42b7705082ea|rpc:10.1.78.0:38585|dataStream:10.1.78.0:37575|priority:1|startupRole:FOLLOWER, d1d6b5b3-8992-4d07-a0d7-3e282a3f9dd5|rpc:10.1.78.0:39709|dataStream:10.1.78.0:39033|priority:0|startupRole:FOLLOWER]|listeners:[], old=null, confs=<EMPTY_MAP>
2023-02-22 04:46:51,506 [pool-1484-thread-1] INFO  server.RaftServerConfigKeys (ConfUtils.java:logGet(46)) - raft.server.storage.dir = [/home/runner/work/ozone/ozone/hadoop-ozone/integration-test/target/test-dir/MiniOzoneClusterImpl-7cc88fad-c9bf-4c80-b076-d2cf48673a1e/datanode-0/data/ratis] (custom)
2023-02-22 04:46:51,507 [pool-1484-thread-1] INFO  server.RaftServerConfigKeys (ConfUtils.java:logGet(46)) - raft.server.log.corruption.policy = EXCEPTION (default)
2023-02-22 04:46:51,507 [pool-1484-thread-1] INFO  server.RaftServerConfigKeys (ConfUtils.java:logGet(46)) - raft.server.storage.free-space.min = 0MB (=0) (default)
2023-02-22 04:46:51,507 [pool-1484-thread-1] INFO  server.RaftServerConfigKeys (ConfUtils.java:logGet(46)) - raft.server.notification.no-leader.timeout = 300s (custom)
2023-02-22 04:46:51,507 [pool-1484-thread-1] INFO  server.RaftServerConfigKeys (ConfUtils.java:logGet(46)) - raft.server.retrycache.expirytime = 600000ms (custom)
2023-02-22 04:46:51,507 [pool-1484-thread-1] INFO  server.RaftServerConfigKeys (ConfUtils.java:logGet(46)) - raft.server.retrycache.statistics.expirytime = 100μs (default)
2023-02-22 04:46:51,507 [pool-1484-thread-1] INFO  server.RaftServerConfigKeys (ConfUtils.java:logGet(46)) - raft.server.log.appender.install.snapshot.enabled = false (custom)
2023-02-22 04:46:51,507 [pool-1484-thread-1] INFO  server.RaftServerConfigKeys (ConfUtils.java:logGet(46)) - raft.server.threadpool.server.cached = true (default)
2023-02-22 04:46:51,507 [pool-1484-thread-1] INFO  server.RaftServerConfigKeys (ConfUtils.java:logGet(46)) - raft.server.threadpool.server.size = 0 (default)
2023-02-22 04:46:51,507 [pool-1484-thread-1] INFO  server.RaftServerConfigKeys (ConfUtils.java:logGet(46)) - raft.server.threadpool.client.cached = true (default)
2023-02-22 04:46:51,507 [pool-1484-thread-1] INFO  server.RaftServerConfigKeys (ConfUtils.java:logGet(46)) - raft.server.threadpool.client.size = 0 (default)
2023-02-22 04:46:51,507 [pool-1484-thread-1] INFO  storage.RaftStorageDirectory (RaftStorageDirectoryImpl.java:analyzeStorage(137)) - The storage directory /home/runner/work/ozone/ozone/hadoop-ozone/integration-test/target/test-dir/MiniOzoneClusterImpl-7cc88fad-c9bf-4c80-b076-d2cf48673a1e/datanode-0/data/ratis/81fdc0e0-6a4a-4b0b-a410-04e6b56b7aa5 does not exist. Creating ...
2023-02-22 04:46:51,508 [pool-1484-thread-1] INFO  storage.RaftStorageDirectory (RaftStorageDirectoryImpl.java:tryLock(231)) - Lock on /home/runner/work/ozone/ozone/hadoop-ozone/integration-test/target/test-dir/MiniOzoneClusterImpl-7cc88fad-c9bf-4c80-b076-d2cf48673a1e/datanode-0/data/ratis/81fdc0e0-6a4a-4b0b-a410-04e6b56b7aa5/in_use.lock acquired by nodename 93364@fv-az748-120
2023-02-22 04:46:51,509 [pool-1484-thread-1] INFO  storage.RaftStorage (RaftStorageImpl.java:format(96)) - Storage directory /home/runner/work/ozone/ozone/hadoop-ozone/integration-test/target/test-dir/MiniOzoneClusterImpl-7cc88fad-c9bf-4c80-b076-d2cf48673a1e/datanode-0/data/ratis/81fdc0e0-6a4a-4b0b-a410-04e6b56b7aa5 has been successfully formatted.
2023-02-22 04:46:51,509 [pool-1484-thread-1] INFO  ratis.ContainerStateMachine (ContainerStateMachine.java:loadSnapshot(240)) - group-04E6B56B7AA5: The snapshot info is null. Setting the last applied indexto:(t:0, i:~)
2023-02-22 04:46:51,509 [pool-1484-thread-1] INFO  server.RaftServerConfigKeys (ConfUtils.java:logGet(46)) - raft.server.log.use.memory = false (default)
2023-02-22 04:46:51,510 [pool-1484-thread-1] INFO  server.RaftServerConfigKeys (ConfUtils.java:logGet(46)) - raft.server.log.purge.gap = 1000000 (custom)
2023-02-22 04:46:51,510 [pool-1484-thread-1] INFO  server.RaftServerConfigKeys (ConfUtils.java:logGet(46)) - raft.server.log.appender.buffer.byte-limit = 33554432 (custom)
2023-02-22 04:46:51,510 [pool-1484-thread-1] INFO  server.RaftServerConfigKeys (ConfUtils.java:logGet(46)) - raft.server.log.statemachine.data.read.timeout = 1000ms (default)
2023-02-22 04:46:51,510 [pool-1484-thread-1] INFO  server.RaftServerConfigKeys (ConfUtils.java:logGet(46)) - raft.server.log.purge.preservation.log.num = 0 (default)
2023-02-22 04:46:51,510 [pool-1484-thread-1] INFO  server.RaftServerConfigKeys (ConfUtils.java:logGet(46)) - raft.server.log.segment.size.max = 1048576 (custom)
2023-02-22 04:46:51,510 [pool-1484-thread-1] INFO  server.RaftServerConfigKeys (ConfUtils.java:logGet(46)) - raft.server.log.segment.cache.num.max = 2 (custom)
2023-02-22 04:46:51,510 [pool-1484-thread-1] INFO  server.RaftServerConfigKeys (ConfUtils.java:logGet(46)) - raft.server.log.segment.cache.size.max = 200MB (=209715200) (default)
2023-02-22 04:46:51,510 [pool-1484-thread-1] INFO  segmented.SegmentedRaftLogWorker (SegmentedRaftLogWorker.java:<init>(189)) - new d1d6b5b3-8992-4d07-a0d7-3e282a3f9dd5@group-04E6B56B7AA5-SegmentedRaftLogWorker for RaftStorageImpl:Storage Directory /home/runner/work/ozone/ozone/hadoop-ozone/integration-test/target/test-dir/MiniOzoneClusterImpl-7cc88fad-c9bf-4c80-b076-d2cf48673a1e/datanode-0/data/ratis/81fdc0e0-6a4a-4b0b-a410-04e6b56b7aa5
2023-02-22 04:46:51,510 [pool-1484-thread-1] INFO  server.RaftServerConfigKeys (ConfUtils.java:logGet(46)) - raft.server.log.queue.byte-limit = 4294967296 (custom)
2023-02-22 04:46:51,510 [pool-1484-thread-1] INFO  server.RaftServerConfigKeys (ConfUtils.java:logGet(46)) - raft.server.log.queue.element-limit = 1024 (custom)
2023-02-22 04:46:51,510 [pool-1484-thread-1] INFO  server.RaftServerConfigKeys (ConfUtils.java:logGet(46)) - raft.server.log.segment.size.max = 1048576 (custom)
2023-02-22 04:46:51,510 [pool-1484-thread-1] INFO  server.RaftServerConfigKeys (ConfUtils.java:logGet(46)) - raft.server.log.preallocated.size = 16384 (custom)
2023-02-22 04:46:51,510 [pool-1484-thread-1] INFO  server.RaftServerConfigKeys (ConfUtils.java:logGet(46)) - raft.server.log.force.sync.num = 128 (default)
2023-02-22 04:46:51,510 [pool-1484-thread-1] INFO  server.RaftServerConfigKeys (ConfUtils.java:logGet(46)) - raft.server.log.statemachine.data.sync = true (default)
2023-02-22 04:46:51,510 [pool-1484-thread-1] INFO  server.RaftServerConfigKeys (ConfUtils.java:logGet(46)) - raft.server.log.statemachine.data.sync.timeout = 10s (default)
2023-02-22 04:46:51,510 [pool-1484-thread-1] INFO  server.RaftServerConfigKeys (ConfUtils.java:logGet(46)) - raft.server.log.statemachine.data.sync.timeout.retry = -1 (default)
2023-02-22 04:46:51,511 [pool-1484-thread-1] INFO  server.RaftServerConfigKeys (ConfUtils.java:logGet(46)) - raft.server.log.write.buffer.size = 1048576 (custom)
2023-02-22 04:46:51,511 [pool-1484-thread-1] INFO  server.RaftServerConfigKeys (ConfUtils.java:logGet(46)) - raft.server.log.appender.buffer.byte-limit = 33554432 (custom)
2023-02-22 04:46:51,511 [EventQueue-OpenPipelineForHealthyPipelineSafeModeRule] INFO  safemode.SCMSafeModeManager (HealthyPipelineSafeModeRule.java:process(137)) - SCM in safe mode. Healthy pipelines reported count is 0, required healthy pipeline reported count is 1
2023-02-22 04:46:51,515 [pool-1484-thread-1] INFO  server.RaftServerConfigKeys (ConfUtils.java:logGet(46)) - raft.server.log.unsafe-flush.enabled = false (default)
2023-02-22 04:46:51,515 [pool-1484-thread-1] INFO  server.RaftServerConfigKeys (ConfUtils.java:logGet(46)) - raft.server.log.async-flush.enabled = false (default)
2023-02-22 04:46:51,515 [pool-1484-thread-1] INFO  server.RaftServerConfigKeys (ConfUtils.java:logGet(46)) - raft.server.log.statemachine.data.caching.enabled = true (custom)
2023-02-22 04:46:51,515 [pool-1484-thread-1] INFO  segmented.SegmentedRaftLogWorker (SegmentedRaftLogWorker.java:lambda$new$0(135)) - d1d6b5b3-8992-4d07-a0d7-3e282a3f9dd5@group-04E6B56B7AA5-SegmentedRaftLogWorker: flushIndex: setUnconditionally 0 -> -1
2023-02-22 04:46:51,515 [pool-1484-thread-1] INFO  segmented.SegmentedRaftLogWorker (SegmentedRaftLogWorker.java:lambda$new$0(135)) - d1d6b5b3-8992-4d07-a0d7-3e282a3f9dd5@group-04E6B56B7AA5-SegmentedRaftLogWorker: safeCacheEvictIndex: setUnconditionally 0 -> -1
2023-02-22 04:46:51,522 [pool-1484-thread-1] INFO  server.RaftServer$Division (RaftServerImpl.java:start(334)) - d1d6b5b3-8992-4d07-a0d7-3e282a3f9dd5@group-04E6B56B7AA5: start as a follower, conf=-1: peers:[bcabacfb-ac1d-48a8-b317-6e9b6c6dcdfe|rpc:10.1.78.0:42171|dataStream:10.1.78.0:38271|priority:0|startupRole:FOLLOWER, c601ec4f-f98c-429e-8a55-42b7705082ea|rpc:10.1.78.0:38585|dataStream:10.1.78.0:37575|priority:1|startupRole:FOLLOWER, d1d6b5b3-8992-4d07-a0d7-3e282a3f9dd5|rpc:10.1.78.0:39709|dataStream:10.1.78.0:39033|priority:0|startupRole:FOLLOWER]|listeners:[], old=null
2023-02-22 04:46:51,522 [pool-1484-thread-1] INFO  server.RaftServer$Division (RaftServerImpl.java:setRole(321)) - d1d6b5b3-8992-4d07-a0d7-3e282a3f9dd5@group-04E6B56B7AA5: changes role from      null to FOLLOWER at term 0 for startAsFollower
2023-02-22 04:46:51,522 [pool-1484-thread-1] INFO  impl.RoleInfo (RoleInfo.java:updateAndGet(139)) - d1d6b5b3-8992-4d07-a0d7-3e282a3f9dd5: start d1d6b5b3-8992-4d07-a0d7-3e282a3f9dd5@group-04E6B56B7AA5-FollowerState
2023-02-22 04:46:51,523 [pool-1484-thread-1] INFO  util.JmxRegister (JmxRegister.java:tryRegister(44)) - Successfully registered JMX Bean with object name Ratis:service=RaftServer,group=group-04E6B56B7AA5,id=d1d6b5b3-8992-4d07-a0d7-3e282a3f9dd5
2023-02-22 04:46:51,523 [pool-1484-thread-1] INFO  server.RaftServerConfigKeys (ConfUtils.java:logGet(46)) - raft.server.snapshot.auto.trigger.enabled = true (custom)
2023-02-22 04:46:51,523 [pool-1484-thread-1] INFO  server.RaftServerConfigKeys (ConfUtils.java:logGet(46)) - raft.server.snapshot.auto.trigger.threshold = 10000 (custom)
2023-02-22 04:46:51,523 [pool-1484-thread-1] INFO  server.RaftServerConfigKeys (ConfUtils.java:logGet(46)) - raft.server.snapshot.retention.file.num = 5 (custom)
2023-02-22 04:46:51,523 [pool-1484-thread-1] INFO  server.RaftServerConfigKeys (ConfUtils.java:logGet(46)) - raft.server.log.purge.upto.snapshot.index = false (default)
2023-02-22 04:46:51,523 [d1d6b5b3-8992-4d07-a0d7-3e282a3f9dd5@group-04E6B56B7AA5-FollowerState] INFO  server.RaftServerConfigKeys (ConfUtils.java:logFallback(53)) - raft.server.rpc.first-election.timeout.min = 5s (fallback to raft.server.rpc.timeout.min)
2023-02-22 04:46:51,526 [d1d6b5b3-8992-4d07-a0d7-3e282a3f9dd5@group-04E6B56B7AA5-FollowerState] INFO  server.RaftServerConfigKeys (ConfUtils.java:logFallback(53)) - raft.server.rpc.first-election.timeout.max = 5200ms (fallback to raft.server.rpc.timeout.max)
2023-02-22 04:46:51,526 [Command processor thread] INFO  ratis.XceiverServerRatis (XceiverServerRatis.java:addGroup(807)) - Created group PipelineID=81fdc0e0-6a4a-4b0b-a410-04e6b56b7aa5
2023-02-22 04:46:51,536 [grpc-default-executor-16] INFO  server.RaftServer (RaftServerProxy.java:addNew(96)) - bcabacfb-ac1d-48a8-b317-6e9b6c6dcdfe: addNew group-04E6B56B7AA5:[bcabacfb-ac1d-48a8-b317-6e9b6c6dcdfe|rpc:10.1.78.0:42171|dataStream:10.1.78.0:38271|priority:0|startupRole:FOLLOWER, c601ec4f-f98c-429e-8a55-42b7705082ea|rpc:10.1.78.0:38585|dataStream:10.1.78.0:37575|priority:1|startupRole:FOLLOWER, d1d6b5b3-8992-4d07-a0d7-3e282a3f9dd5|rpc:10.1.78.0:39709|dataStream:10.1.78.0:39033|priority:0|startupRole:FOLLOWER] returns group-04E6B56B7AA5:java.util.concurrent.CompletableFuture@1454b32[Not completed]
2023-02-22 04:46:51,537 [pool-1506-thread-1] INFO  server.RaftServer$Division (RaftServerImpl.java:<init>(195)) - bcabacfb-ac1d-48a8-b317-6e9b6c6dcdfe: new RaftServerImpl for group-04E6B56B7AA5:[bcabacfb-ac1d-48a8-b317-6e9b6c6dcdfe|rpc:10.1.78.0:42171|dataStream:10.1.78.0:38271|priority:0|startupRole:FOLLOWER, c601ec4f-f98c-429e-8a55-42b7705082ea|rpc:10.1.78.0:38585|dataStream:10.1.78.0:37575|priority:1|startupRole:FOLLOWER, d1d6b5b3-8992-4d07-a0d7-3e282a3f9dd5|rpc:10.1.78.0:39709|dataStream:10.1.78.0:39033|priority:0|startupRole:FOLLOWER] with ContainerStateMachine:uninitialized
2023-02-22 04:46:51,537 [pool-1506-thread-1] INFO  server.RaftServerConfigKeys (ConfUtils.java:logGet(46)) - raft.server.rpc.timeout.min = 5s (custom)
2023-02-22 04:46:51,537 [pool-1506-thread-1] INFO  server.RaftServerConfigKeys (ConfUtils.java:logGet(46)) - raft.server.rpc.timeout.max = 5200ms (custom)
2023-02-22 04:46:51,537 [pool-1506-thread-1] INFO  server.RaftServerConfigKeys (ConfUtils.java:logGet(46)) - raft.server.rpc.sleep.time = 25ms (default)
2023-02-22 04:46:51,537 [pool-1506-thread-1] INFO  server.RaftServerConfigKeys (ConfUtils.java:logGet(46)) - raft.server.rpc.slowness.timeout = 300s (custom)
2023-02-22 04:46:51,537 [pool-1506-thread-1] INFO  server.RaftServerConfigKeys (ConfUtils.java:logGet(46)) - raft.server.leaderelection.leader.step-down.wait-time = 10s (default)
2023-02-22 04:46:51,537 [pool-1506-thread-1] INFO  server.RaftServerConfigKeys (ConfUtils.java:logGet(46)) - raft.server.sleep.deviation.threshold = 300ms (default)
2023-02-22 04:46:51,537 [pool-1506-thread-1] INFO  server.RaftServer$Division (ServerState.java:<init>(118)) - bcabacfb-ac1d-48a8-b317-6e9b6c6dcdfe@group-04E6B56B7AA5: ConfigurationManager, init=-1: peers:[bcabacfb-ac1d-48a8-b317-6e9b6c6dcdfe|rpc:10.1.78.0:42171|dataStream:10.1.78.0:38271|priority:0|startupRole:FOLLOWER, c601ec4f-f98c-429e-8a55-42b7705082ea|rpc:10.1.78.0:38585|dataStream:10.1.78.0:37575|priority:1|startupRole:FOLLOWER, d1d6b5b3-8992-4d07-a0d7-3e282a3f9dd5|rpc:10.1.78.0:39709|dataStream:10.1.78.0:39033|priority:0|startupRole:FOLLOWER]|listeners:[], old=null, confs=<EMPTY_MAP>
2023-02-22 04:46:51,537 [pool-1506-thread-1] INFO  server.RaftServerConfigKeys (ConfUtils.java:logGet(46)) - raft.server.storage.dir = [/home/runner/work/ozone/ozone/hadoop-ozone/integration-test/target/test-dir/MiniOzoneClusterImpl-7cc88fad-c9bf-4c80-b076-d2cf48673a1e/datanode-1/data/ratis] (custom)
2023-02-22 04:46:51,538 [pool-1506-thread-1] INFO  server.RaftServerConfigKeys (ConfUtils.java:logGet(46)) - raft.server.log.corruption.policy = EXCEPTION (default)
2023-02-22 04:46:51,538 [pool-1506-thread-1] INFO  server.RaftServerConfigKeys (ConfUtils.java:logGet(46)) - raft.server.storage.free-space.min = 0MB (=0) (default)
2023-02-22 04:46:51,538 [pool-1506-thread-1] INFO  server.RaftServerConfigKeys (ConfUtils.java:logGet(46)) - raft.server.notification.no-leader.timeout = 300s (custom)
2023-02-22 04:46:51,538 [pool-1506-thread-1] INFO  server.RaftServerConfigKeys (ConfUtils.java:logGet(46)) - raft.server.retrycache.expirytime = 600000ms (custom)
2023-02-22 04:46:51,538 [pool-1506-thread-1] INFO  server.RaftServerConfigKeys (ConfUtils.java:logGet(46)) - raft.server.retrycache.statistics.expirytime = 100μs (default)
2023-02-22 04:46:51,538 [pool-1506-thread-1] INFO  server.RaftServerConfigKeys (ConfUtils.java:logGet(46)) - raft.server.log.appender.install.snapshot.enabled = false (custom)
2023-02-22 04:46:51,538 [pool-1506-thread-1] INFO  server.RaftServerConfigKeys (ConfUtils.java:logGet(46)) - raft.server.threadpool.server.cached = true (default)
2023-02-22 04:46:51,538 [pool-1506-thread-1] INFO  server.RaftServerConfigKeys (ConfUtils.java:logGet(46)) - raft.server.threadpool.server.size = 0 (default)
2023-02-22 04:46:51,538 [pool-1506-thread-1] INFO  server.RaftServerConfigKeys (ConfUtils.java:logGet(46)) - raft.server.threadpool.client.cached = true (default)
2023-02-22 04:46:51,538 [pool-1506-thread-1] INFO  server.RaftServerConfigKeys (ConfUtils.java:logGet(46)) - raft.server.threadpool.client.size = 0 (default)
2023-02-22 04:46:51,538 [pool-1506-thread-1] INFO  storage.RaftStorageDirectory (RaftStorageDirectoryImpl.java:analyzeStorage(137)) - The storage directory /home/runner/work/ozone/ozone/hadoop-ozone/integration-test/target/test-dir/MiniOzoneClusterImpl-7cc88fad-c9bf-4c80-b076-d2cf48673a1e/datanode-1/data/ratis/81fdc0e0-6a4a-4b0b-a410-04e6b56b7aa5 does not exist. Creating ...
2023-02-22 04:46:51,539 [pool-1506-thread-1] INFO  storage.RaftStorageDirectory (RaftStorageDirectoryImpl.java:tryLock(231)) - Lock on /home/runner/work/ozone/ozone/hadoop-ozone/integration-test/target/test-dir/MiniOzoneClusterImpl-7cc88fad-c9bf-4c80-b076-d2cf48673a1e/datanode-1/data/ratis/81fdc0e0-6a4a-4b0b-a410-04e6b56b7aa5/in_use.lock acquired by nodename 93364@fv-az748-120
2023-02-22 04:46:51,540 [pool-1506-thread-1] INFO  storage.RaftStorage (RaftStorageImpl.java:format(96)) - Storage directory /home/runner/work/ozone/ozone/hadoop-ozone/integration-test/target/test-dir/MiniOzoneClusterImpl-7cc88fad-c9bf-4c80-b076-d2cf48673a1e/datanode-1/data/ratis/81fdc0e0-6a4a-4b0b-a410-04e6b56b7aa5 has been successfully formatted.
2023-02-22 04:46:51,542 [pool-1506-thread-1] INFO  ratis.ContainerStateMachine (ContainerStateMachine.java:loadSnapshot(240)) - group-04E6B56B7AA5: The snapshot info is null. Setting the last applied indexto:(t:0, i:~)
2023-02-22 04:46:51,542 [pool-1506-thread-1] INFO  server.RaftServerConfigKeys (ConfUtils.java:logGet(46)) - raft.server.log.use.memory = false (default)
2023-02-22 04:46:51,542 [pool-1506-thread-1] INFO  server.RaftServerConfigKeys (ConfUtils.java:logGet(46)) - raft.server.log.purge.gap = 1000000 (custom)
2023-02-22 04:46:51,542 [pool-1506-thread-1] INFO  server.RaftServerConfigKeys (ConfUtils.java:logGet(46)) - raft.server.log.appender.buffer.byte-limit = 33554432 (custom)
2023-02-22 04:46:51,543 [pool-1506-thread-1] INFO  server.RaftServerConfigKeys (ConfUtils.java:logGet(46)) - raft.server.log.statemachine.data.read.timeout = 1000ms (default)
2023-02-22 04:46:51,543 [pool-1506-thread-1] INFO  server.RaftServerConfigKeys (ConfUtils.java:logGet(46)) - raft.server.log.purge.preservation.log.num = 0 (default)
2023-02-22 04:46:51,543 [pool-1506-thread-1] INFO  server.RaftServerConfigKeys (ConfUtils.java:logGet(46)) - raft.server.log.segment.size.max = 1048576 (custom)
2023-02-22 04:46:51,543 [pool-1506-thread-1] INFO  server.RaftServerConfigKeys (ConfUtils.java:logGet(46)) - raft.server.log.segment.cache.num.max = 2 (custom)
2023-02-22 04:46:51,544 [pool-1506-thread-1] INFO  server.RaftServerConfigKeys (ConfUtils.java:logGet(46)) - raft.server.log.segment.cache.size.max = 200MB (=209715200) (default)
2023-02-22 04:46:51,544 [pool-1506-thread-1] INFO  segmented.SegmentedRaftLogWorker (SegmentedRaftLogWorker.java:<init>(189)) - new bcabacfb-ac1d-48a8-b317-6e9b6c6dcdfe@group-04E6B56B7AA5-SegmentedRaftLogWorker for RaftStorageImpl:Storage Directory /home/runner/work/ozone/ozone/hadoop-ozone/integration-test/target/test-dir/MiniOzoneClusterImpl-7cc88fad-c9bf-4c80-b076-d2cf48673a1e/datanode-1/data/ratis/81fdc0e0-6a4a-4b0b-a410-04e6b56b7aa5
2023-02-22 04:46:51,544 [pool-1506-thread-1] INFO  server.RaftServerConfigKeys (ConfUtils.java:logGet(46)) - raft.server.log.queue.byte-limit = 4294967296 (custom)
2023-02-22 04:46:51,544 [pool-1506-thread-1] INFO  server.RaftServerConfigKeys (ConfUtils.java:logGet(46)) - raft.server.log.queue.element-limit = 1024 (custom)
2023-02-22 04:46:51,544 [pool-1506-thread-1] INFO  server.RaftServerConfigKeys (ConfUtils.java:logGet(46)) - raft.server.log.segment.size.max = 1048576 (custom)
2023-02-22 04:46:51,544 [pool-1506-thread-1] INFO  server.RaftServerConfigKeys (ConfUtils.java:logGet(46)) - raft.server.log.preallocated.size = 16384 (custom)
2023-02-22 04:46:51,544 [pool-1506-thread-1] INFO  server.RaftServerConfigKeys (ConfUtils.java:logGet(46)) - raft.server.log.force.sync.num = 128 (default)
2023-02-22 04:46:51,544 [pool-1506-thread-1] INFO  server.RaftServerConfigKeys (ConfUtils.java:logGet(46)) - raft.server.log.statemachine.data.sync = true (default)
2023-02-22 04:46:51,544 [pool-1506-thread-1] INFO  server.RaftServerConfigKeys (ConfUtils.java:logGet(46)) - raft.server.log.statemachine.data.sync.timeout = 10s (default)
2023-02-22 04:46:51,544 [pool-1506-thread-1] INFO  server.RaftServerConfigKeys (ConfUtils.java:logGet(46)) - raft.server.log.statemachine.data.sync.timeout.retry = -1 (default)
2023-02-22 04:46:51,544 [pool-1506-thread-1] INFO  server.RaftServerConfigKeys (ConfUtils.java:logGet(46)) - raft.server.log.write.buffer.size = 1048576 (custom)
2023-02-22 04:46:51,544 [pool-1506-thread-1] INFO  server.RaftServerConfigKeys (ConfUtils.java:logGet(46)) - raft.server.log.appender.buffer.byte-limit = 33554432 (custom)
2023-02-22 04:46:51,547 [pool-1506-thread-1] INFO  server.RaftServerConfigKeys (ConfUtils.java:logGet(46)) - raft.server.log.unsafe-flush.enabled = false (default)
2023-02-22 04:46:51,547 [pool-1506-thread-1] INFO  server.RaftServerConfigKeys (ConfUtils.java:logGet(46)) - raft.server.log.async-flush.enabled = false (default)
2023-02-22 04:46:51,547 [pool-1506-thread-1] INFO  server.RaftServerConfigKeys (ConfUtils.java:logGet(46)) - raft.server.log.statemachine.data.caching.enabled = true (custom)
2023-02-22 04:46:51,547 [pool-1506-thread-1] INFO  segmented.SegmentedRaftLogWorker (SegmentedRaftLogWorker.java:lambda$new$0(135)) - bcabacfb-ac1d-48a8-b317-6e9b6c6dcdfe@group-04E6B56B7AA5-SegmentedRaftLogWorker: flushIndex: setUnconditionally 0 -> -1
2023-02-22 04:46:51,547 [pool-1506-thread-1] INFO  segmented.SegmentedRaftLogWorker (SegmentedRaftLogWorker.java:lambda$new$0(135)) - bcabacfb-ac1d-48a8-b317-6e9b6c6dcdfe@group-04E6B56B7AA5-SegmentedRaftLogWorker: safeCacheEvictIndex: setUnconditionally 0 -> -1
2023-02-22 04:46:51,547 [pool-1506-thread-1] INFO  server.RaftServer$Division (RaftServerImpl.java:start(334)) - bcabacfb-ac1d-48a8-b317-6e9b6c6dcdfe@group-04E6B56B7AA5: start as a follower, conf=-1: peers:[bcabacfb-ac1d-48a8-b317-6e9b6c6dcdfe|rpc:10.1.78.0:42171|dataStream:10.1.78.0:38271|priority:0|startupRole:FOLLOWER, c601ec4f-f98c-429e-8a55-42b7705082ea|rpc:10.1.78.0:38585|dataStream:10.1.78.0:37575|priority:1|startupRole:FOLLOWER, d1d6b5b3-8992-4d07-a0d7-3e282a3f9dd5|rpc:10.1.78.0:39709|dataStream:10.1.78.0:39033|priority:0|startupRole:FOLLOWER]|listeners:[], old=null
2023-02-22 04:46:51,548 [pool-1506-thread-1] INFO  server.RaftServer$Division (RaftServerImpl.java:setRole(321)) - bcabacfb-ac1d-48a8-b317-6e9b6c6dcdfe@group-04E6B56B7AA5: changes role from      null to FOLLOWER at term 0 for startAsFollower
2023-02-22 04:46:51,548 [pool-1506-thread-1] INFO  impl.RoleInfo (RoleInfo.java:updateAndGet(139)) - bcabacfb-ac1d-48a8-b317-6e9b6c6dcdfe: start bcabacfb-ac1d-48a8-b317-6e9b6c6dcdfe@group-04E6B56B7AA5-FollowerState
2023-02-22 04:46:51,549 [pool-1506-thread-1] INFO  util.JmxRegister (JmxRegister.java:tryRegister(44)) - Successfully registered JMX Bean with object name Ratis:service=RaftServer,group=group-04E6B56B7AA5,id=bcabacfb-ac1d-48a8-b317-6e9b6c6dcdfe
2023-02-22 04:46:51,549 [pool-1506-thread-1] INFO  server.RaftServerConfigKeys (ConfUtils.java:logGet(46)) - raft.server.snapshot.auto.trigger.enabled = true (custom)
2023-02-22 04:46:51,549 [pool-1506-thread-1] INFO  server.RaftServerConfigKeys (ConfUtils.java:logGet(46)) - raft.server.snapshot.auto.trigger.threshold = 10000 (custom)
2023-02-22 04:46:51,549 [pool-1506-thread-1] INFO  server.RaftServerConfigKeys (ConfUtils.java:logGet(46)) - raft.server.snapshot.retention.file.num = 5 (custom)
2023-02-22 04:46:51,549 [pool-1506-thread-1] INFO  server.RaftServerConfigKeys (ConfUtils.java:logGet(46)) - raft.server.log.purge.upto.snapshot.index = false (default)
2023-02-22 04:46:51,550 [bcabacfb-ac1d-48a8-b317-6e9b6c6dcdfe@group-04E6B56B7AA5-FollowerState] INFO  server.RaftServerConfigKeys (ConfUtils.java:logFallback(53)) - raft.server.rpc.first-election.timeout.min = 5s (fallback to raft.server.rpc.timeout.min)
2023-02-22 04:46:51,557 [bcabacfb-ac1d-48a8-b317-6e9b6c6dcdfe@group-04E6B56B7AA5-FollowerState] INFO  server.RaftServerConfigKeys (ConfUtils.java:logFallback(53)) - raft.server.rpc.first-election.timeout.max = 5200ms (fallback to raft.server.rpc.timeout.max)
2023-02-22 04:46:51,570 [grpc-default-executor-16] INFO  server.RaftServer (RaftServerProxy.java:addNew(96)) - c601ec4f-f98c-429e-8a55-42b7705082ea: addNew group-04E6B56B7AA5:[bcabacfb-ac1d-48a8-b317-6e9b6c6dcdfe|rpc:10.1.78.0:42171|dataStream:10.1.78.0:38271|priority:0|startupRole:FOLLOWER, c601ec4f-f98c-429e-8a55-42b7705082ea|rpc:10.1.78.0:38585|dataStream:10.1.78.0:37575|priority:1|startupRole:FOLLOWER, d1d6b5b3-8992-4d07-a0d7-3e282a3f9dd5|rpc:10.1.78.0:39709|dataStream:10.1.78.0:39033|priority:0|startupRole:FOLLOWER] returns group-04E6B56B7AA5:java.util.concurrent.CompletableFuture@39e72200[Not completed]
2023-02-22 04:46:51,571 [pool-1528-thread-1] INFO  server.RaftServer$Division (RaftServerImpl.java:<init>(195)) - c601ec4f-f98c-429e-8a55-42b7705082ea: new RaftServerImpl for group-04E6B56B7AA5:[bcabacfb-ac1d-48a8-b317-6e9b6c6dcdfe|rpc:10.1.78.0:42171|dataStream:10.1.78.0:38271|priority:0|startupRole:FOLLOWER, c601ec4f-f98c-429e-8a55-42b7705082ea|rpc:10.1.78.0:38585|dataStream:10.1.78.0:37575|priority:1|startupRole:FOLLOWER, d1d6b5b3-8992-4d07-a0d7-3e282a3f9dd5|rpc:10.1.78.0:39709|dataStream:10.1.78.0:39033|priority:0|startupRole:FOLLOWER] with ContainerStateMachine:uninitialized
2023-02-22 04:46:51,571 [pool-1528-thread-1] INFO  server.RaftServerConfigKeys (ConfUtils.java:logGet(46)) - raft.server.rpc.timeout.min = 5s (custom)
2023-02-22 04:46:51,571 [pool-1528-thread-1] INFO  server.RaftServerConfigKeys (ConfUtils.java:logGet(46)) - raft.server.rpc.timeout.max = 5200ms (custom)
2023-02-22 04:46:51,571 [pool-1528-thread-1] INFO  server.RaftServerConfigKeys (ConfUtils.java:logGet(46)) - raft.server.rpc.sleep.time = 25ms (default)
2023-02-22 04:46:51,571 [pool-1528-thread-1] INFO  server.RaftServerConfigKeys (ConfUtils.java:logGet(46)) - raft.server.rpc.slowness.timeout = 300s (custom)
2023-02-22 04:46:51,571 [pool-1528-thread-1] INFO  server.RaftServerConfigKeys (ConfUtils.java:logGet(46)) - raft.server.leaderelection.leader.step-down.wait-time = 10s (default)
2023-02-22 04:46:51,571 [pool-1528-thread-1] INFO  server.RaftServerConfigKeys (ConfUtils.java:logGet(46)) - raft.server.sleep.deviation.threshold = 300ms (default)
2023-02-22 04:46:51,571 [pool-1528-thread-1] INFO  server.RaftServer$Division (ServerState.java:<init>(118)) - c601ec4f-f98c-429e-8a55-42b7705082ea@group-04E6B56B7AA5: ConfigurationManager, init=-1: peers:[bcabacfb-ac1d-48a8-b317-6e9b6c6dcdfe|rpc:10.1.78.0:42171|dataStream:10.1.78.0:38271|priority:0|startupRole:FOLLOWER, c601ec4f-f98c-429e-8a55-42b7705082ea|rpc:10.1.78.0:38585|dataStream:10.1.78.0:37575|priority:1|startupRole:FOLLOWER, d1d6b5b3-8992-4d07-a0d7-3e282a3f9dd5|rpc:10.1.78.0:39709|dataStream:10.1.78.0:39033|priority:0|startupRole:FOLLOWER]|listeners:[], old=null, confs=<EMPTY_MAP>
2023-02-22 04:46:51,571 [pool-1528-thread-1] INFO  server.RaftServerConfigKeys (ConfUtils.java:logGet(46)) - raft.server.storage.dir = [/home/runner/work/ozone/ozone/hadoop-ozone/integration-test/target/test-dir/MiniOzoneClusterImpl-7cc88fad-c9bf-4c80-b076-d2cf48673a1e/datanode-2/data/ratis] (custom)
2023-02-22 04:46:51,571 [pool-1528-thread-1] INFO  server.RaftServerConfigKeys (ConfUtils.java:logGet(46)) - raft.server.log.corruption.policy = EXCEPTION (default)
2023-02-22 04:46:51,571 [pool-1528-thread-1] INFO  server.RaftServerConfigKeys (ConfUtils.java:logGet(46)) - raft.server.storage.free-space.min = 0MB (=0) (default)
2023-02-22 04:46:51,571 [pool-1528-thread-1] INFO  server.RaftServerConfigKeys (ConfUtils.java:logGet(46)) - raft.server.notification.no-leader.timeout = 300s (custom)
2023-02-22 04:46:51,571 [pool-1528-thread-1] INFO  server.RaftServerConfigKeys (ConfUtils.java:logGet(46)) - raft.server.retrycache.expirytime = 600000ms (custom)
2023-02-22 04:46:51,571 [pool-1528-thread-1] INFO  server.RaftServerConfigKeys (ConfUtils.java:logGet(46)) - raft.server.retrycache.statistics.expirytime = 100μs (default)
2023-02-22 04:46:51,572 [pool-1528-thread-1] INFO  server.RaftServerConfigKeys (ConfUtils.java:logGet(46)) - raft.server.log.appender.install.snapshot.enabled = false (custom)
2023-02-22 04:46:51,572 [pool-1528-thread-1] INFO  server.RaftServerConfigKeys (ConfUtils.java:logGet(46)) - raft.server.threadpool.server.cached = true (default)
2023-02-22 04:46:51,572 [pool-1528-thread-1] INFO  server.RaftServerConfigKeys (ConfUtils.java:logGet(46)) - raft.server.threadpool.server.size = 0 (default)
2023-02-22 04:46:51,572 [pool-1528-thread-1] INFO  server.RaftServerConfigKeys (ConfUtils.java:logGet(46)) - raft.server.threadpool.client.cached = true (default)
2023-02-22 04:46:51,572 [pool-1528-thread-1] INFO  server.RaftServerConfigKeys (ConfUtils.java:logGet(46)) - raft.server.threadpool.client.size = 0 (default)
2023-02-22 04:46:51,572 [pool-1528-thread-1] INFO  storage.RaftStorageDirectory (RaftStorageDirectoryImpl.java:analyzeStorage(137)) - The storage directory /home/runner/work/ozone/ozone/hadoop-ozone/integration-test/target/test-dir/MiniOzoneClusterImpl-7cc88fad-c9bf-4c80-b076-d2cf48673a1e/datanode-2/data/ratis/81fdc0e0-6a4a-4b0b-a410-04e6b56b7aa5 does not exist. Creating ...
2023-02-22 04:46:51,573 [pool-1528-thread-1] INFO  storage.RaftStorageDirectory (RaftStorageDirectoryImpl.java:tryLock(231)) - Lock on /home/runner/work/ozone/ozone/hadoop-ozone/integration-test/target/test-dir/MiniOzoneClusterImpl-7cc88fad-c9bf-4c80-b076-d2cf48673a1e/datanode-2/data/ratis/81fdc0e0-6a4a-4b0b-a410-04e6b56b7aa5/in_use.lock acquired by nodename 93364@fv-az748-120
2023-02-22 04:46:51,574 [pool-1528-thread-1] INFO  storage.RaftStorage (RaftStorageImpl.java:format(96)) - Storage directory /home/runner/work/ozone/ozone/hadoop-ozone/integration-test/target/test-dir/MiniOzoneClusterImpl-7cc88fad-c9bf-4c80-b076-d2cf48673a1e/datanode-2/data/ratis/81fdc0e0-6a4a-4b0b-a410-04e6b56b7aa5 has been successfully formatted.
2023-02-22 04:46:51,576 [pool-1528-thread-1] INFO  ratis.ContainerStateMachine (ContainerStateMachine.java:loadSnapshot(240)) - group-04E6B56B7AA5: The snapshot info is null. Setting the last applied indexto:(t:0, i:~)
2023-02-22 04:46:51,576 [pool-1528-thread-1] INFO  server.RaftServerConfigKeys (ConfUtils.java:logGet(46)) - raft.server.log.use.memory = false (default)
2023-02-22 04:46:51,576 [pool-1528-thread-1] INFO  server.RaftServerConfigKeys (ConfUtils.java:logGet(46)) - raft.server.log.purge.gap = 1000000 (custom)
2023-02-22 04:46:51,576 [pool-1528-thread-1] INFO  server.RaftServerConfigKeys (ConfUtils.java:logGet(46)) - raft.server.log.appender.buffer.byte-limit = 33554432 (custom)
2023-02-22 04:46:51,576 [pool-1528-thread-1] INFO  server.RaftServerConfigKeys (ConfUtils.java:logGet(46)) - raft.server.log.statemachine.data.read.timeout = 1000ms (default)
2023-02-22 04:46:51,576 [pool-1528-thread-1] INFO  server.RaftServerConfigKeys (ConfUtils.java:logGet(46)) - raft.server.log.purge.preservation.log.num = 0 (default)
2023-02-22 04:46:51,576 [pool-1528-thread-1] INFO  server.RaftServerConfigKeys (ConfUtils.java:logGet(46)) - raft.server.log.segment.size.max = 1048576 (custom)
2023-02-22 04:46:51,577 [pool-1528-thread-1] INFO  server.RaftServerConfigKeys (ConfUtils.java:logGet(46)) - raft.server.log.segment.cache.num.max = 2 (custom)
2023-02-22 04:46:51,577 [pool-1528-thread-1] INFO  server.RaftServerConfigKeys (ConfUtils.java:logGet(46)) - raft.server.log.segment.cache.size.max = 200MB (=209715200) (default)
2023-02-22 04:46:51,577 [pool-1528-thread-1] INFO  segmented.SegmentedRaftLogWorker (SegmentedRaftLogWorker.java:<init>(189)) - new c601ec4f-f98c-429e-8a55-42b7705082ea@group-04E6B56B7AA5-SegmentedRaftLogWorker for RaftStorageImpl:Storage Directory /home/runner/work/ozone/ozone/hadoop-ozone/integration-test/target/test-dir/MiniOzoneClusterImpl-7cc88fad-c9bf-4c80-b076-d2cf48673a1e/datanode-2/data/ratis/81fdc0e0-6a4a-4b0b-a410-04e6b56b7aa5
2023-02-22 04:46:51,577 [pool-1528-thread-1] INFO  server.RaftServerConfigKeys (ConfUtils.java:logGet(46)) - raft.server.log.queue.byte-limit = 4294967296 (custom)
2023-02-22 04:46:51,577 [pool-1528-thread-1] INFO  server.RaftServerConfigKeys (ConfUtils.java:logGet(46)) - raft.server.log.queue.element-limit = 1024 (custom)
2023-02-22 04:46:51,577 [pool-1528-thread-1] INFO  server.RaftServerConfigKeys (ConfUtils.java:logGet(46)) - raft.server.log.segment.size.max = 1048576 (custom)
2023-02-22 04:46:51,577 [pool-1528-thread-1] INFO  server.RaftServerConfigKeys (ConfUtils.java:logGet(46)) - raft.server.log.preallocated.size = 16384 (custom)
2023-02-22 04:46:51,577 [pool-1528-thread-1] INFO  server.RaftServerConfigKeys (ConfUtils.java:logGet(46)) - raft.server.log.force.sync.num = 128 (default)
2023-02-22 04:46:51,577 [pool-1528-thread-1] INFO  server.RaftServerConfigKeys (ConfUtils.java:logGet(46)) - raft.server.log.statemachine.data.sync = true (default)
2023-02-22 04:46:51,577 [pool-1528-thread-1] INFO  server.RaftServerConfigKeys (ConfUtils.java:logGet(46)) - raft.server.log.statemachine.data.sync.timeout = 10s (default)
2023-02-22 04:46:51,577 [pool-1528-thread-1] INFO  server.RaftServerConfigKeys (ConfUtils.java:logGet(46)) - raft.server.log.statemachine.data.sync.timeout.retry = -1 (default)
2023-02-22 04:46:51,577 [pool-1528-thread-1] INFO  server.RaftServerConfigKeys (ConfUtils.java:logGet(46)) - raft.server.log.write.buffer.size = 1048576 (custom)
2023-02-22 04:46:51,578 [pool-1528-thread-1] INFO  server.RaftServerConfigKeys (ConfUtils.java:logGet(46)) - raft.server.log.appender.buffer.byte-limit = 33554432 (custom)
2023-02-22 04:46:51,583 [pool-1528-thread-1] INFO  server.RaftServerConfigKeys (ConfUtils.java:logGet(46)) - raft.server.log.unsafe-flush.enabled = false (default)
2023-02-22 04:46:51,583 [pool-1528-thread-1] INFO  server.RaftServerConfigKeys (ConfUtils.java:logGet(46)) - raft.server.log.async-flush.enabled = false (default)
2023-02-22 04:46:51,583 [pool-1528-thread-1] INFO  server.RaftServerConfigKeys (ConfUtils.java:logGet(46)) - raft.server.log.statemachine.data.caching.enabled = true (custom)
2023-02-22 04:46:51,583 [pool-1528-thread-1] INFO  segmented.SegmentedRaftLogWorker (SegmentedRaftLogWorker.java:lambda$new$0(135)) - c601ec4f-f98c-429e-8a55-42b7705082ea@group-04E6B56B7AA5-SegmentedRaftLogWorker: flushIndex: setUnconditionally 0 -> -1
2023-02-22 04:46:51,583 [pool-1528-thread-1] INFO  segmented.SegmentedRaftLogWorker (SegmentedRaftLogWorker.java:lambda$new$0(135)) - c601ec4f-f98c-429e-8a55-42b7705082ea@group-04E6B56B7AA5-SegmentedRaftLogWorker: safeCacheEvictIndex: setUnconditionally 0 -> -1
2023-02-22 04:46:51,583 [pool-1528-thread-1] INFO  server.RaftServer$Division (RaftServerImpl.java:start(334)) - c601ec4f-f98c-429e-8a55-42b7705082ea@group-04E6B56B7AA5: start as a follower, conf=-1: peers:[bcabacfb-ac1d-48a8-b317-6e9b6c6dcdfe|rpc:10.1.78.0:42171|dataStream:10.1.78.0:38271|priority:0|startupRole:FOLLOWER, c601ec4f-f98c-429e-8a55-42b7705082ea|rpc:10.1.78.0:38585|dataStream:10.1.78.0:37575|priority:1|startupRole:FOLLOWER, d1d6b5b3-8992-4d07-a0d7-3e282a3f9dd5|rpc:10.1.78.0:39709|dataStream:10.1.78.0:39033|priority:0|startupRole:FOLLOWER]|listeners:[], old=null
2023-02-22 04:46:51,583 [pool-1528-thread-1] INFO  server.RaftServer$Division (RaftServerImpl.java:setRole(321)) - c601ec4f-f98c-429e-8a55-42b7705082ea@group-04E6B56B7AA5: changes role from      null to FOLLOWER at term 0 for startAsFollower
2023-02-22 04:46:51,583 [pool-1528-thread-1] INFO  impl.RoleInfo (RoleInfo.java:updateAndGet(139)) - c601ec4f-f98c-429e-8a55-42b7705082ea: start c601ec4f-f98c-429e-8a55-42b7705082ea@group-04E6B56B7AA5-FollowerState
2023-02-22 04:46:51,583 [pool-1528-thread-1] INFO  util.JmxRegister (JmxRegister.java:tryRegister(44)) - Successfully registered JMX Bean with object name Ratis:service=RaftServer,group=group-04E6B56B7AA5,id=c601ec4f-f98c-429e-8a55-42b7705082ea
2023-02-22 04:46:51,583 [pool-1528-thread-1] INFO  server.RaftServerConfigKeys (ConfUtils.java:logGet(46)) - raft.server.snapshot.auto.trigger.enabled = true (custom)
2023-02-22 04:46:51,583 [pool-1528-thread-1] INFO  server.RaftServerConfigKeys (ConfUtils.java:logGet(46)) - raft.server.snapshot.auto.trigger.threshold = 10000 (custom)
2023-02-22 04:46:51,583 [pool-1528-thread-1] INFO  server.RaftServerConfigKeys (ConfUtils.java:logGet(46)) - raft.server.snapshot.retention.file.num = 5 (custom)
2023-02-22 04:46:51,583 [pool-1528-thread-1] INFO  server.RaftServerConfigKeys (ConfUtils.java:logGet(46)) - raft.server.log.purge.upto.snapshot.index = false (default)
2023-02-22 04:46:51,584 [c601ec4f-f98c-429e-8a55-42b7705082ea@group-04E6B56B7AA5-FollowerState] INFO  server.RaftServerConfigKeys (ConfUtils.java:logFallback(53)) - raft.server.rpc.first-election.timeout.min = 5s (fallback to raft.server.rpc.timeout.min)
2023-02-22 04:46:51,590 [c601ec4f-f98c-429e-8a55-42b7705082ea@group-04E6B56B7AA5-FollowerState] INFO  server.RaftServerConfigKeys (ConfUtils.java:logFallback(53)) - raft.server.rpc.first-election.timeout.max = 5200ms (fallback to raft.server.rpc.timeout.max)
2023-02-22 04:46:51,596 [Command processor thread] INFO  commandhandler.CreatePipelineCommandHandler (CreatePipelineCommandHandler.java:handle(113)) - Created Pipeline RATIS THREE PipelineID=81fdc0e0-6a4a-4b0b-a410-04e6b56b7aa5.
2023-02-22 04:46:51,596 [Command processor thread] INFO  server.RaftServer (RaftServerProxy.java:addNew(96)) - d1d6b5b3-8992-4d07-a0d7-3e282a3f9dd5: addNew group-9644B19BF3F1:[bcabacfb-ac1d-48a8-b317-6e9b6c6dcdfe|rpc:10.1.78.0:42171|dataStream:10.1.78.0:38271|priority:0|startupRole:FOLLOWER, c601ec4f-f98c-429e-8a55-42b7705082ea|rpc:10.1.78.0:38585|dataStream:10.1.78.0:37575|priority:0|startupRole:FOLLOWER, d1d6b5b3-8992-4d07-a0d7-3e282a3f9dd5|rpc:10.1.78.0:39709|dataStream:10.1.78.0:39033|priority:1|startupRole:FOLLOWER] returns group-9644B19BF3F1:java.util.concurrent.CompletableFuture@54f36299[Not completed]
2023-02-22 04:46:51,597 [pool-1484-thread-1] INFO  server.RaftServer$Division (RaftServerImpl.java:<init>(195)) - d1d6b5b3-8992-4d07-a0d7-3e282a3f9dd5: new RaftServerImpl for group-9644B19BF3F1:[bcabacfb-ac1d-48a8-b317-6e9b6c6dcdfe|rpc:10.1.78.0:42171|dataStream:10.1.78.0:38271|priority:0|startupRole:FOLLOWER, c601ec4f-f98c-429e-8a55-42b7705082ea|rpc:10.1.78.0:38585|dataStream:10.1.78.0:37575|priority:0|startupRole:FOLLOWER, d1d6b5b3-8992-4d07-a0d7-3e282a3f9dd5|rpc:10.1.78.0:39709|dataStream:10.1.78.0:39033|priority:1|startupRole:FOLLOWER] with ContainerStateMachine:uninitialized
2023-02-22 04:46:51,597 [pool-1484-thread-1] INFO  server.RaftServerConfigKeys (ConfUtils.java:logGet(46)) - raft.server.rpc.timeout.min = 5s (custom)
2023-02-22 04:46:51,597 [pool-1484-thread-1] INFO  server.RaftServerConfigKeys (ConfUtils.java:logGet(46)) - raft.server.rpc.timeout.max = 5200ms (custom)
2023-02-22 04:46:51,597 [pool-1484-thread-1] INFO  server.RaftServerConfigKeys (ConfUtils.java:logGet(46)) - raft.server.rpc.sleep.time = 25ms (default)
2023-02-22 04:46:51,597 [pool-1484-thread-1] INFO  server.RaftServerConfigKeys (ConfUtils.java:logGet(46)) - raft.server.rpc.slowness.timeout = 300s (custom)
2023-02-22 04:46:51,597 [pool-1484-thread-1] INFO  server.RaftServerConfigKeys (ConfUtils.java:logGet(46)) - raft.server.leaderelection.leader.step-down.wait-time = 10s (default)
2023-02-22 04:46:51,597 [pool-1484-thread-1] INFO  server.RaftServerConfigKeys (ConfUtils.java:logGet(46)) - raft.server.sleep.deviation.threshold = 300ms (default)
2023-02-22 04:46:51,597 [pool-1484-thread-1] INFO  server.RaftServer$Division (ServerState.java:<init>(118)) - d1d6b5b3-8992-4d07-a0d7-3e282a3f9dd5@group-9644B19BF3F1: ConfigurationManager, init=-1: peers:[bcabacfb-ac1d-48a8-b317-6e9b6c6dcdfe|rpc:10.1.78.0:42171|dataStream:10.1.78.0:38271|priority:0|startupRole:FOLLOWER, c601ec4f-f98c-429e-8a55-42b7705082ea|rpc:10.1.78.0:38585|dataStream:10.1.78.0:37575|priority:0|startupRole:FOLLOWER, d1d6b5b3-8992-4d07-a0d7-3e282a3f9dd5|rpc:10.1.78.0:39709|dataStream:10.1.78.0:39033|priority:1|startupRole:FOLLOWER]|listeners:[], old=null, confs=<EMPTY_MAP>
2023-02-22 04:46:51,597 [pool-1484-thread-1] INFO  server.RaftServerConfigKeys (ConfUtils.java:logGet(46)) - raft.server.storage.dir = [/home/runner/work/ozone/ozone/hadoop-ozone/integration-test/target/test-dir/MiniOzoneClusterImpl-7cc88fad-c9bf-4c80-b076-d2cf48673a1e/datanode-0/data/ratis] (custom)
2023-02-22 04:46:51,597 [pool-1484-thread-1] INFO  server.RaftServerConfigKeys (ConfUtils.java:logGet(46)) - raft.server.log.corruption.policy = EXCEPTION (default)
2023-02-22 04:46:51,597 [pool-1484-thread-1] INFO  server.RaftServerConfigKeys (ConfUtils.java:logGet(46)) - raft.server.storage.free-space.min = 0MB (=0) (default)
2023-02-22 04:46:51,597 [pool-1484-thread-1] INFO  server.RaftServerConfigKeys (ConfUtils.java:logGet(46)) - raft.server.notification.no-leader.timeout = 300s (custom)
2023-02-22 04:46:51,597 [pool-1484-thread-1] INFO  server.RaftServerConfigKeys (ConfUtils.java:logGet(46)) - raft.server.retrycache.expirytime = 600000ms (custom)
2023-02-22 04:46:51,597 [pool-1484-thread-1] INFO  server.RaftServerConfigKeys (ConfUtils.java:logGet(46)) - raft.server.retrycache.statistics.expirytime = 100μs (default)
2023-02-22 04:46:51,598 [pool-1484-thread-1] INFO  server.RaftServerConfigKeys (ConfUtils.java:logGet(46)) - raft.server.log.appender.install.snapshot.enabled = false (custom)
2023-02-22 04:46:51,598 [pool-1484-thread-1] INFO  server.RaftServerConfigKeys (ConfUtils.java:logGet(46)) - raft.server.threadpool.server.cached = true (default)
2023-02-22 04:46:51,598 [pool-1484-thread-1] INFO  server.RaftServerConfigKeys (ConfUtils.java:logGet(46)) - raft.server.threadpool.server.size = 0 (default)
2023-02-22 04:46:51,598 [pool-1484-thread-1] INFO  server.RaftServerConfigKeys (ConfUtils.java:logGet(46)) - raft.server.threadpool.client.cached = true (default)
2023-02-22 04:46:51,598 [pool-1484-thread-1] INFO  server.RaftServerConfigKeys (ConfUtils.java:logGet(46)) - raft.server.threadpool.client.size = 0 (default)
2023-02-22 04:46:51,598 [pool-1484-thread-1] INFO  storage.RaftStorageDirectory (RaftStorageDirectoryImpl.java:analyzeStorage(137)) - The storage directory /home/runner/work/ozone/ozone/hadoop-ozone/integration-test/target/test-dir/MiniOzoneClusterImpl-7cc88fad-c9bf-4c80-b076-d2cf48673a1e/datanode-0/data/ratis/bfd8f364-2dce-4e99-903b-9644b19bf3f1 does not exist. Creating ...
2023-02-22 04:46:51,599 [pool-1484-thread-1] INFO  storage.RaftStorageDirectory (RaftStorageDirectoryImpl.java:tryLock(231)) - Lock on /home/runner/work/ozone/ozone/hadoop-ozone/integration-test/target/test-dir/MiniOzoneClusterImpl-7cc88fad-c9bf-4c80-b076-d2cf48673a1e/datanode-0/data/ratis/bfd8f364-2dce-4e99-903b-9644b19bf3f1/in_use.lock acquired by nodename 93364@fv-az748-120
2023-02-22 04:46:51,600 [pool-1484-thread-1] INFO  storage.RaftStorage (RaftStorageImpl.java:format(96)) - Storage directory /home/runner/work/ozone/ozone/hadoop-ozone/integration-test/target/test-dir/MiniOzoneClusterImpl-7cc88fad-c9bf-4c80-b076-d2cf48673a1e/datanode-0/data/ratis/bfd8f364-2dce-4e99-903b-9644b19bf3f1 has been successfully formatted.
2023-02-22 04:46:51,600 [pool-1484-thread-1] INFO  ratis.ContainerStateMachine (ContainerStateMachine.java:loadSnapshot(240)) - group-9644B19BF3F1: The snapshot info is null. Setting the last applied indexto:(t:0, i:~)
2023-02-22 04:46:51,600 [pool-1484-thread-1] INFO  server.RaftServerConfigKeys (ConfUtils.java:logGet(46)) - raft.server.log.use.memory = false (default)
2023-02-22 04:46:51,600 [pool-1484-thread-1] INFO  server.RaftServerConfigKeys (ConfUtils.java:logGet(46)) - raft.server.log.purge.gap = 1000000 (custom)
2023-02-22 04:46:51,600 [pool-1484-thread-1] INFO  server.RaftServerConfigKeys (ConfUtils.java:logGet(46)) - raft.server.log.appender.buffer.byte-limit = 33554432 (custom)
2023-02-22 04:46:51,600 [pool-1484-thread-1] INFO  server.RaftServerConfigKeys (ConfUtils.java:logGet(46)) - raft.server.log.statemachine.data.read.timeout = 1000ms (default)
2023-02-22 04:46:51,600 [pool-1484-thread-1] INFO  server.RaftServerConfigKeys (ConfUtils.java:logGet(46)) - raft.server.log.purge.preservation.log.num = 0 (default)
2023-02-22 04:46:51,601 [EventQueue-OpenPipelineForHealthyPipelineSafeModeRule] INFO  safemode.SCMSafeModeManager (HealthyPipelineSafeModeRule.java:process(137)) - SCM in safe mode. Healthy pipelines reported count is 0, required healthy pipeline reported count is 1
2023-02-22 04:46:51,601 [pool-1484-thread-1] INFO  server.RaftServerConfigKeys (ConfUtils.java:logGet(46)) - raft.server.log.segment.size.max = 1048576 (custom)
2023-02-22 04:46:51,602 [pool-1484-thread-1] INFO  server.RaftServerConfigKeys (ConfUtils.java:logGet(46)) - raft.server.log.segment.cache.num.max = 2 (custom)
2023-02-22 04:46:51,602 [pool-1484-thread-1] INFO  server.RaftServerConfigKeys (ConfUtils.java:logGet(46)) - raft.server.log.segment.cache.size.max = 200MB (=209715200) (default)
2023-02-22 04:46:51,602 [pool-1484-thread-1] INFO  segmented.SegmentedRaftLogWorker (SegmentedRaftLogWorker.java:<init>(189)) - new d1d6b5b3-8992-4d07-a0d7-3e282a3f9dd5@group-9644B19BF3F1-SegmentedRaftLogWorker for RaftStorageImpl:Storage Directory /home/runner/work/ozone/ozone/hadoop-ozone/integration-test/target/test-dir/MiniOzoneClusterImpl-7cc88fad-c9bf-4c80-b076-d2cf48673a1e/datanode-0/data/ratis/bfd8f364-2dce-4e99-903b-9644b19bf3f1
2023-02-22 04:46:51,602 [pool-1484-thread-1] INFO  server.RaftServerConfigKeys (ConfUtils.java:logGet(46)) - raft.server.log.queue.byte-limit = 4294967296 (custom)
2023-02-22 04:46:51,602 [pool-1484-thread-1] INFO  server.RaftServerConfigKeys (ConfUtils.java:logGet(46)) - raft.server.log.queue.element-limit = 1024 (custom)
2023-02-22 04:46:51,602 [pool-1484-thread-1] INFO  server.RaftServerConfigKeys (ConfUtils.java:logGet(46)) - raft.server.log.segment.size.max = 1048576 (custom)
2023-02-22 04:46:51,602 [pool-1484-thread-1] INFO  server.RaftServerConfigKeys (ConfUtils.java:logGet(46)) - raft.server.log.preallocated.size = 16384 (custom)
2023-02-22 04:46:51,602 [pool-1484-thread-1] INFO  server.RaftServerConfigKeys (ConfUtils.java:logGet(46)) - raft.server.log.force.sync.num = 128 (default)
2023-02-22 04:46:51,602 [pool-1484-thread-1] INFO  server.RaftServerConfigKeys (ConfUtils.java:logGet(46)) - raft.server.log.statemachine.data.sync = true (default)
2023-02-22 04:46:51,602 [pool-1484-thread-1] INFO  server.RaftServerConfigKeys (ConfUtils.java:logGet(46)) - raft.server.log.statemachine.data.sync.timeout = 10s (default)
2023-02-22 04:46:51,602 [pool-1484-thread-1] INFO  server.RaftServerConfigKeys (ConfUtils.java:logGet(46)) - raft.server.log.statemachine.data.sync.timeout.retry = -1 (default)
2023-02-22 04:46:51,603 [pool-1484-thread-1] INFO  server.RaftServerConfigKeys (ConfUtils.java:logGet(46)) - raft.server.log.write.buffer.size = 1048576 (custom)
2023-02-22 04:46:51,603 [pool-1484-thread-1] INFO  server.RaftServerConfigKeys (ConfUtils.java:logGet(46)) - raft.server.log.appender.buffer.byte-limit = 33554432 (custom)
2023-02-22 04:46:51,606 [pool-1484-thread-1] INFO  server.RaftServerConfigKeys (ConfUtils.java:logGet(46)) - raft.server.log.unsafe-flush.enabled = false (default)
2023-02-22 04:46:51,606 [pool-1484-thread-1] INFO  server.RaftServerConfigKeys (ConfUtils.java:logGet(46)) - raft.server.log.async-flush.enabled = false (default)
2023-02-22 04:46:51,606 [pool-1484-thread-1] INFO  server.RaftServerConfigKeys (ConfUtils.java:logGet(46)) - raft.server.log.statemachine.data.caching.enabled = true (custom)
2023-02-22 04:46:51,606 [pool-1484-thread-1] INFO  segmented.SegmentedRaftLogWorker (SegmentedRaftLogWorker.java:lambda$new$0(135)) - d1d6b5b3-8992-4d07-a0d7-3e282a3f9dd5@group-9644B19BF3F1-SegmentedRaftLogWorker: flushIndex: setUnconditionally 0 -> -1
2023-02-22 04:46:51,606 [pool-1484-thread-1] INFO  segmented.SegmentedRaftLogWorker (SegmentedRaftLogWorker.java:lambda$new$0(135)) - d1d6b5b3-8992-4d07-a0d7-3e282a3f9dd5@group-9644B19BF3F1-SegmentedRaftLogWorker: safeCacheEvictIndex: setUnconditionally 0 -> -1
2023-02-22 04:46:51,606 [pool-1484-thread-1] INFO  server.RaftServer$Division (RaftServerImpl.java:start(334)) - d1d6b5b3-8992-4d07-a0d7-3e282a3f9dd5@group-9644B19BF3F1: start as a follower, conf=-1: peers:[bcabacfb-ac1d-48a8-b317-6e9b6c6dcdfe|rpc:10.1.78.0:42171|dataStream:10.1.78.0:38271|priority:0|startupRole:FOLLOWER, c601ec4f-f98c-429e-8a55-42b7705082ea|rpc:10.1.78.0:38585|dataStream:10.1.78.0:37575|priority:0|startupRole:FOLLOWER, d1d6b5b3-8992-4d07-a0d7-3e282a3f9dd5|rpc:10.1.78.0:39709|dataStream:10.1.78.0:39033|priority:1|startupRole:FOLLOWER]|listeners:[], old=null
2023-02-22 04:46:51,606 [pool-1484-thread-1] INFO  server.RaftServer$Division (RaftServerImpl.java:setRole(321)) - d1d6b5b3-8992-4d07-a0d7-3e282a3f9dd5@group-9644B19BF3F1: changes role from      null to FOLLOWER at term 0 for startAsFollower
2023-02-22 04:46:51,606 [pool-1484-thread-1] INFO  impl.RoleInfo (RoleInfo.java:updateAndGet(139)) - d1d6b5b3-8992-4d07-a0d7-3e282a3f9dd5: start d1d6b5b3-8992-4d07-a0d7-3e282a3f9dd5@group-9644B19BF3F1-FollowerState
2023-02-22 04:46:51,606 [pool-1484-thread-1] INFO  util.JmxRegister (JmxRegister.java:tryRegister(44)) - Successfully registered JMX Bean with object name Ratis:service=RaftServer,group=group-9644B19BF3F1,id=d1d6b5b3-8992-4d07-a0d7-3e282a3f9dd5
2023-02-22 04:46:51,606 [pool-1484-thread-1] INFO  server.RaftServerConfigKeys (ConfUtils.java:logGet(46)) - raft.server.snapshot.auto.trigger.enabled = true (custom)
2023-02-22 04:46:51,607 [d1d6b5b3-8992-4d07-a0d7-3e282a3f9dd5@group-9644B19BF3F1-FollowerState] INFO  server.RaftServerConfigKeys (ConfUtils.java:logFallback(53)) - raft.server.rpc.first-election.timeout.min = 5s (fallback to raft.server.rpc.timeout.min)
2023-02-22 04:46:51,610 [d1d6b5b3-8992-4d07-a0d7-3e282a3f9dd5@group-9644B19BF3F1-FollowerState] INFO  server.RaftServerConfigKeys (ConfUtils.java:logFallback(53)) - raft.server.rpc.first-election.timeout.max = 5200ms (fallback to raft.server.rpc.timeout.max)
2023-02-22 04:46:51,610 [pool-1484-thread-1] INFO  server.RaftServerConfigKeys (ConfUtils.java:logGet(46)) - raft.server.snapshot.auto.trigger.threshold = 10000 (custom)
2023-02-22 04:46:51,610 [pool-1484-thread-1] INFO  server.RaftServerConfigKeys (ConfUtils.java:logGet(46)) - raft.server.snapshot.retention.file.num = 5 (custom)
2023-02-22 04:46:51,610 [pool-1484-thread-1] INFO  server.RaftServerConfigKeys (ConfUtils.java:logGet(46)) - raft.server.log.purge.upto.snapshot.index = false (default)
2023-02-22 04:46:51,610 [Command processor thread] INFO  ratis.XceiverServerRatis (XceiverServerRatis.java:addGroup(807)) - Created group PipelineID=bfd8f364-2dce-4e99-903b-9644b19bf3f1
2023-02-22 04:46:51,618 [grpc-default-executor-16] INFO  server.RaftServer (RaftServerProxy.java:addNew(96)) - bcabacfb-ac1d-48a8-b317-6e9b6c6dcdfe: addNew group-9644B19BF3F1:[bcabacfb-ac1d-48a8-b317-6e9b6c6dcdfe|rpc:10.1.78.0:42171|dataStream:10.1.78.0:38271|priority:0|startupRole:FOLLOWER, c601ec4f-f98c-429e-8a55-42b7705082ea|rpc:10.1.78.0:38585|dataStream:10.1.78.0:37575|priority:0|startupRole:FOLLOWER, d1d6b5b3-8992-4d07-a0d7-3e282a3f9dd5|rpc:10.1.78.0:39709|dataStream:10.1.78.0:39033|priority:1|startupRole:FOLLOWER] returns group-9644B19BF3F1:java.util.concurrent.CompletableFuture@2ebe1a7c[Not completed]
2023-02-22 04:46:51,619 [pool-1506-thread-1] INFO  server.RaftServer$Division (RaftServerImpl.java:<init>(195)) - bcabacfb-ac1d-48a8-b317-6e9b6c6dcdfe: new RaftServerImpl for group-9644B19BF3F1:[bcabacfb-ac1d-48a8-b317-6e9b6c6dcdfe|rpc:10.1.78.0:42171|dataStream:10.1.78.0:38271|priority:0|startupRole:FOLLOWER, c601ec4f-f98c-429e-8a55-42b7705082ea|rpc:10.1.78.0:38585|dataStream:10.1.78.0:37575|priority:0|startupRole:FOLLOWER, d1d6b5b3-8992-4d07-a0d7-3e282a3f9dd5|rpc:10.1.78.0:39709|dataStream:10.1.78.0:39033|priority:1|startupRole:FOLLOWER] with ContainerStateMachine:uninitialized
2023-02-22 04:46:51,619 [pool-1506-thread-1] INFO  server.RaftServerConfigKeys (ConfUtils.java:logGet(46)) - raft.server.rpc.timeout.min = 5s (custom)
2023-02-22 04:46:51,619 [pool-1506-thread-1] INFO  server.RaftServerConfigKeys (ConfUtils.java:logGet(46)) - raft.server.rpc.timeout.max = 5200ms (custom)
2023-02-22 04:46:51,619 [pool-1506-thread-1] INFO  server.RaftServerConfigKeys (ConfUtils.java:logGet(46)) - raft.server.rpc.sleep.time = 25ms (default)
2023-02-22 04:46:51,619 [pool-1506-thread-1] INFO  server.RaftServerConfigKeys (ConfUtils.java:logGet(46)) - raft.server.rpc.slowness.timeout = 300s (custom)
2023-02-22 04:46:51,619 [pool-1506-thread-1] INFO  server.RaftServerConfigKeys (ConfUtils.java:logGet(46)) - raft.server.leaderelection.leader.step-down.wait-time = 10s (default)
2023-02-22 04:46:51,619 [pool-1506-thread-1] INFO  server.RaftServerConfigKeys (ConfUtils.java:logGet(46)) - raft.server.sleep.deviation.threshold = 300ms (default)
2023-02-22 04:46:51,619 [pool-1506-thread-1] INFO  server.RaftServer$Division (ServerState.java:<init>(118)) - bcabacfb-ac1d-48a8-b317-6e9b6c6dcdfe@group-9644B19BF3F1: ConfigurationManager, init=-1: peers:[bcabacfb-ac1d-48a8-b317-6e9b6c6dcdfe|rpc:10.1.78.0:42171|dataStream:10.1.78.0:38271|priority:0|startupRole:FOLLOWER, c601ec4f-f98c-429e-8a55-42b7705082ea|rpc:10.1.78.0:38585|dataStream:10.1.78.0:37575|priority:0|startupRole:FOLLOWER, d1d6b5b3-8992-4d07-a0d7-3e282a3f9dd5|rpc:10.1.78.0:39709|dataStream:10.1.78.0:39033|priority:1|startupRole:FOLLOWER]|listeners:[], old=null, confs=<EMPTY_MAP>
2023-02-22 04:46:51,619 [pool-1506-thread-1] INFO  server.RaftServerConfigKeys (ConfUtils.java:logGet(46)) - raft.server.storage.dir = [/home/runner/work/ozone/ozone/hadoop-ozone/integration-test/target/test-dir/MiniOzoneClusterImpl-7cc88fad-c9bf-4c80-b076-d2cf48673a1e/datanode-1/data/ratis] (custom)
2023-02-22 04:46:51,619 [pool-1506-thread-1] INFO  server.RaftServerConfigKeys (ConfUtils.java:logGet(46)) - raft.server.log.corruption.policy = EXCEPTION (default)
2023-02-22 04:46:51,619 [pool-1506-thread-1] INFO  server.RaftServerConfigKeys (ConfUtils.java:logGet(46)) - raft.server.storage.free-space.min = 0MB (=0) (default)
2023-02-22 04:46:51,619 [pool-1506-thread-1] INFO  server.RaftServerConfigKeys (ConfUtils.java:logGet(46)) - raft.server.notification.no-leader.timeout = 300s (custom)
2023-02-22 04:46:51,619 [pool-1506-thread-1] INFO  server.RaftServerConfigKeys (ConfUtils.java:logGet(46)) - raft.server.retrycache.expirytime = 600000ms (custom)
2023-02-22 04:46:51,619 [pool-1506-thread-1] INFO  server.RaftServerConfigKeys (ConfUtils.java:logGet(46)) - raft.server.retrycache.statistics.expirytime = 100μs (default)
2023-02-22 04:46:51,620 [pool-1506-thread-1] INFO  server.RaftServerConfigKeys (ConfUtils.java:logGet(46)) - raft.server.log.appender.install.snapshot.enabled = false (custom)
2023-02-22 04:46:51,620 [pool-1506-thread-1] INFO  server.RaftServerConfigKeys (ConfUtils.java:logGet(46)) - raft.server.threadpool.server.cached = true (default)
2023-02-22 04:46:51,620 [pool-1506-thread-1] INFO  server.RaftServerConfigKeys (ConfUtils.java:logGet(46)) - raft.server.threadpool.server.size = 0 (default)
2023-02-22 04:46:51,620 [pool-1506-thread-1] INFO  server.RaftServerConfigKeys (ConfUtils.java:logGet(46)) - raft.server.threadpool.client.cached = true (default)
2023-02-22 04:46:51,620 [pool-1506-thread-1] INFO  server.RaftServerConfigKeys (ConfUtils.java:logGet(46)) - raft.server.threadpool.client.size = 0 (default)
2023-02-22 04:46:51,620 [pool-1506-thread-1] INFO  storage.RaftStorageDirectory (RaftStorageDirectoryImpl.java:analyzeStorage(137)) - The storage directory /home/runner/work/ozone/ozone/hadoop-ozone/integration-test/target/test-dir/MiniOzoneClusterImpl-7cc88fad-c9bf-4c80-b076-d2cf48673a1e/datanode-1/data/ratis/bfd8f364-2dce-4e99-903b-9644b19bf3f1 does not exist. Creating ...
2023-02-22 04:46:51,622 [pool-1506-thread-1] INFO  storage.RaftStorageDirectory (RaftStorageDirectoryImpl.java:tryLock(231)) - Lock on /home/runner/work/ozone/ozone/hadoop-ozone/integration-test/target/test-dir/MiniOzoneClusterImpl-7cc88fad-c9bf-4c80-b076-d2cf48673a1e/datanode-1/data/ratis/bfd8f364-2dce-4e99-903b-9644b19bf3f1/in_use.lock acquired by nodename 93364@fv-az748-120
2023-02-22 04:46:51,623 [pool-1506-thread-1] INFO  storage.RaftStorage (RaftStorageImpl.java:format(96)) - Storage directory /home/runner/work/ozone/ozone/hadoop-ozone/integration-test/target/test-dir/MiniOzoneClusterImpl-7cc88fad-c9bf-4c80-b076-d2cf48673a1e/datanode-1/data/ratis/bfd8f364-2dce-4e99-903b-9644b19bf3f1 has been successfully formatted.
2023-02-22 04:46:51,623 [pool-1506-thread-1] INFO  ratis.ContainerStateMachine (ContainerStateMachine.java:loadSnapshot(240)) - group-9644B19BF3F1: The snapshot info is null. Setting the last applied indexto:(t:0, i:~)
2023-02-22 04:46:51,623 [pool-1506-thread-1] INFO  server.RaftServerConfigKeys (ConfUtils.java:logGet(46)) - raft.server.log.use.memory = false (default)
2023-02-22 04:46:51,623 [pool-1506-thread-1] INFO  server.RaftServerConfigKeys (ConfUtils.java:logGet(46)) - raft.server.log.purge.gap = 1000000 (custom)
2023-02-22 04:46:51,624 [pool-1506-thread-1] INFO  server.RaftServerConfigKeys (ConfUtils.java:logGet(46)) - raft.server.log.appender.buffer.byte-limit = 33554432 (custom)
2023-02-22 04:46:51,624 [pool-1506-thread-1] INFO  server.RaftServerConfigKeys (ConfUtils.java:logGet(46)) - raft.server.log.statemachine.data.read.timeout = 1000ms (default)
2023-02-22 04:46:51,624 [pool-1506-thread-1] INFO  server.RaftServerConfigKeys (ConfUtils.java:logGet(46)) - raft.server.log.purge.preservation.log.num = 0 (default)
2023-02-22 04:46:51,624 [pool-1506-thread-1] INFO  server.RaftServerConfigKeys (ConfUtils.java:logGet(46)) - raft.server.log.segment.size.max = 1048576 (custom)
2023-02-22 04:46:51,625 [pool-1506-thread-1] INFO  server.RaftServerConfigKeys (ConfUtils.java:logGet(46)) - raft.server.log.segment.cache.num.max = 2 (custom)
2023-02-22 04:46:51,625 [pool-1506-thread-1] INFO  server.RaftServerConfigKeys (ConfUtils.java:logGet(46)) - raft.server.log.segment.cache.size.max = 200MB (=209715200) (default)
2023-02-22 04:46:51,625 [pool-1506-thread-1] INFO  segmented.SegmentedRaftLogWorker (SegmentedRaftLogWorker.java:<init>(189)) - new bcabacfb-ac1d-48a8-b317-6e9b6c6dcdfe@group-9644B19BF3F1-SegmentedRaftLogWorker for RaftStorageImpl:Storage Directory /home/runner/work/ozone/ozone/hadoop-ozone/integration-test/target/test-dir/MiniOzoneClusterImpl-7cc88fad-c9bf-4c80-b076-d2cf48673a1e/datanode-1/data/ratis/bfd8f364-2dce-4e99-903b-9644b19bf3f1
2023-02-22 04:46:51,625 [pool-1506-thread-1] INFO  server.RaftServerConfigKeys (ConfUtils.java:logGet(46)) - raft.server.log.queue.byte-limit = 4294967296 (custom)
2023-02-22 04:46:51,625 [pool-1506-thread-1] INFO  server.RaftServerConfigKeys (ConfUtils.java:logGet(46)) - raft.server.log.queue.element-limit = 1024 (custom)
2023-02-22 04:46:51,625 [pool-1506-thread-1] INFO  server.RaftServerConfigKeys (ConfUtils.java:logGet(46)) - raft.server.log.segment.size.max = 1048576 (custom)
2023-02-22 04:46:51,625 [pool-1506-thread-1] INFO  server.RaftServerConfigKeys (ConfUtils.java:logGet(46)) - raft.server.log.preallocated.size = 16384 (custom)
2023-02-22 04:46:51,625 [pool-1506-thread-1] INFO  server.RaftServerConfigKeys (ConfUtils.java:logGet(46)) - raft.server.log.force.sync.num = 128 (default)
2023-02-22 04:46:51,625 [pool-1506-thread-1] INFO  server.RaftServerConfigKeys (ConfUtils.java:logGet(46)) - raft.server.log.statemachine.data.sync = true (default)
2023-02-22 04:46:51,625 [pool-1506-thread-1] INFO  server.RaftServerConfigKeys (ConfUtils.java:logGet(46)) - raft.server.log.statemachine.data.sync.timeout = 10s (default)
2023-02-22 04:46:51,625 [pool-1506-thread-1] INFO  server.RaftServerConfigKeys (ConfUtils.java:logGet(46)) - raft.server.log.statemachine.data.sync.timeout.retry = -1 (default)
2023-02-22 04:46:51,625 [pool-1506-thread-1] INFO  server.RaftServerConfigKeys (ConfUtils.java:logGet(46)) - raft.server.log.write.buffer.size = 1048576 (custom)
2023-02-22 04:46:51,626 [pool-1506-thread-1] INFO  server.RaftServerConfigKeys (ConfUtils.java:logGet(46)) - raft.server.log.appender.buffer.byte-limit = 33554432 (custom)
2023-02-22 04:46:51,629 [pool-1506-thread-1] INFO  server.RaftServerConfigKeys (ConfUtils.java:logGet(46)) - raft.server.log.unsafe-flush.enabled = false (default)
2023-02-22 04:46:51,629 [pool-1506-thread-1] INFO  server.RaftServerConfigKeys (ConfUtils.java:logGet(46)) - raft.server.log.async-flush.enabled = false (default)
2023-02-22 04:46:51,629 [pool-1506-thread-1] INFO  server.RaftServerConfigKeys (ConfUtils.java:logGet(46)) - raft.server.log.statemachine.data.caching.enabled = true (custom)
2023-02-22 04:46:51,629 [pool-1506-thread-1] INFO  segmented.SegmentedRaftLogWorker (SegmentedRaftLogWorker.java:lambda$new$0(135)) - bcabacfb-ac1d-48a8-b317-6e9b6c6dcdfe@group-9644B19BF3F1-SegmentedRaftLogWorker: flushIndex: setUnconditionally 0 -> -1
2023-02-22 04:46:51,629 [pool-1506-thread-1] INFO  segmented.SegmentedRaftLogWorker (SegmentedRaftLogWorker.java:lambda$new$0(135)) - bcabacfb-ac1d-48a8-b317-6e9b6c6dcdfe@group-9644B19BF3F1-SegmentedRaftLogWorker: safeCacheEvictIndex: setUnconditionally 0 -> -1
2023-02-22 04:46:51,629 [pool-1506-thread-1] INFO  server.RaftServer$Division (RaftServerImpl.java:start(334)) - bcabacfb-ac1d-48a8-b317-6e9b6c6dcdfe@group-9644B19BF3F1: start as a follower, conf=-1: peers:[bcabacfb-ac1d-48a8-b317-6e9b6c6dcdfe|rpc:10.1.78.0:42171|dataStream:10.1.78.0:38271|priority:0|startupRole:FOLLOWER, c601ec4f-f98c-429e-8a55-42b7705082ea|rpc:10.1.78.0:38585|dataStream:10.1.78.0:37575|priority:0|startupRole:FOLLOWER, d1d6b5b3-8992-4d07-a0d7-3e282a3f9dd5|rpc:10.1.78.0:39709|dataStream:10.1.78.0:39033|priority:1|startupRole:FOLLOWER]|listeners:[], old=null
2023-02-22 04:46:51,629 [pool-1506-thread-1] INFO  server.RaftServer$Division (RaftServerImpl.java:setRole(321)) - bcabacfb-ac1d-48a8-b317-6e9b6c6dcdfe@group-9644B19BF3F1: changes role from      null to FOLLOWER at term 0 for startAsFollower
2023-02-22 04:46:51,629 [pool-1506-thread-1] INFO  impl.RoleInfo (RoleInfo.java:updateAndGet(139)) - bcabacfb-ac1d-48a8-b317-6e9b6c6dcdfe: start bcabacfb-ac1d-48a8-b317-6e9b6c6dcdfe@group-9644B19BF3F1-FollowerState
2023-02-22 04:46:51,630 [pool-1506-thread-1] INFO  util.JmxRegister (JmxRegister.java:tryRegister(44)) - Successfully registered JMX Bean with object name Ratis:service=RaftServer,group=group-9644B19BF3F1,id=bcabacfb-ac1d-48a8-b317-6e9b6c6dcdfe
2023-02-22 04:46:51,630 [pool-1506-thread-1] INFO  server.RaftServerConfigKeys (ConfUtils.java:logGet(46)) - raft.server.snapshot.auto.trigger.enabled = true (custom)
2023-02-22 04:46:51,630 [pool-1506-thread-1] INFO  server.RaftServerConfigKeys (ConfUtils.java:logGet(46)) - raft.server.snapshot.auto.trigger.threshold = 10000 (custom)
2023-02-22 04:46:51,630 [pool-1506-thread-1] INFO  server.RaftServerConfigKeys (ConfUtils.java:logGet(46)) - raft.server.snapshot.retention.file.num = 5 (custom)
2023-02-22 04:46:51,630 [pool-1506-thread-1] INFO  server.RaftServerConfigKeys (ConfUtils.java:logGet(46)) - raft.server.log.purge.upto.snapshot.index = false (default)
2023-02-22 04:46:51,630 [bcabacfb-ac1d-48a8-b317-6e9b6c6dcdfe@group-9644B19BF3F1-FollowerState] INFO  server.RaftServerConfigKeys (ConfUtils.java:logFallback(53)) - raft.server.rpc.first-election.timeout.min = 5s (fallback to raft.server.rpc.timeout.min)
2023-02-22 04:46:51,634 [bcabacfb-ac1d-48a8-b317-6e9b6c6dcdfe@group-9644B19BF3F1-FollowerState] INFO  server.RaftServerConfigKeys (ConfUtils.java:logFallback(53)) - raft.server.rpc.first-election.timeout.max = 5200ms (fallback to raft.server.rpc.timeout.max)
2023-02-22 04:46:51,641 [grpc-default-executor-16] INFO  server.RaftServer (RaftServerProxy.java:addNew(96)) - c601ec4f-f98c-429e-8a55-42b7705082ea: addNew group-9644B19BF3F1:[bcabacfb-ac1d-48a8-b317-6e9b6c6dcdfe|rpc:10.1.78.0:42171|dataStream:10.1.78.0:38271|priority:0|startupRole:FOLLOWER, c601ec4f-f98c-429e-8a55-42b7705082ea|rpc:10.1.78.0:38585|dataStream:10.1.78.0:37575|priority:0|startupRole:FOLLOWER, d1d6b5b3-8992-4d07-a0d7-3e282a3f9dd5|rpc:10.1.78.0:39709|dataStream:10.1.78.0:39033|priority:1|startupRole:FOLLOWER] returns group-9644B19BF3F1:java.util.concurrent.CompletableFuture@2a0a126e[Not completed]
2023-02-22 04:46:51,642 [pool-1528-thread-1] INFO  server.RaftServer$Division (RaftServerImpl.java:<init>(195)) - c601ec4f-f98c-429e-8a55-42b7705082ea: new RaftServerImpl for group-9644B19BF3F1:[bcabacfb-ac1d-48a8-b317-6e9b6c6dcdfe|rpc:10.1.78.0:42171|dataStream:10.1.78.0:38271|priority:0|startupRole:FOLLOWER, c601ec4f-f98c-429e-8a55-42b7705082ea|rpc:10.1.78.0:38585|dataStream:10.1.78.0:37575|priority:0|startupRole:FOLLOWER, d1d6b5b3-8992-4d07-a0d7-3e282a3f9dd5|rpc:10.1.78.0:39709|dataStream:10.1.78.0:39033|priority:1|startupRole:FOLLOWER] with ContainerStateMachine:uninitialized
2023-02-22 04:46:51,642 [pool-1528-thread-1] INFO  server.RaftServerConfigKeys (ConfUtils.java:logGet(46)) - raft.server.rpc.timeout.min = 5s (custom)
2023-02-22 04:46:51,642 [pool-1528-thread-1] INFO  server.RaftServerConfigKeys (ConfUtils.java:logGet(46)) - raft.server.rpc.timeout.max = 5200ms (custom)
2023-02-22 04:46:51,642 [pool-1528-thread-1] INFO  server.RaftServerConfigKeys (ConfUtils.java:logGet(46)) - raft.server.rpc.sleep.time = 25ms (default)
2023-02-22 04:46:51,642 [pool-1528-thread-1] INFO  server.RaftServerConfigKeys (ConfUtils.java:logGet(46)) - raft.server.rpc.slowness.timeout = 300s (custom)
2023-02-22 04:46:51,642 [pool-1528-thread-1] INFO  server.RaftServerConfigKeys (ConfUtils.java:logGet(46)) - raft.server.leaderelection.leader.step-down.wait-time = 10s (default)
2023-02-22 04:46:51,642 [pool-1528-thread-1] INFO  server.RaftServerConfigKeys (ConfUtils.java:logGet(46)) - raft.server.sleep.deviation.threshold = 300ms (default)
2023-02-22 04:46:51,642 [pool-1528-thread-1] INFO  server.RaftServer$Division (ServerState.java:<init>(118)) - c601ec4f-f98c-429e-8a55-42b7705082ea@group-9644B19BF3F1: ConfigurationManager, init=-1: peers:[bcabacfb-ac1d-48a8-b317-6e9b6c6dcdfe|rpc:10.1.78.0:42171|dataStream:10.1.78.0:38271|priority:0|startupRole:FOLLOWER, c601ec4f-f98c-429e-8a55-42b7705082ea|rpc:10.1.78.0:38585|dataStream:10.1.78.0:37575|priority:0|startupRole:FOLLOWER, d1d6b5b3-8992-4d07-a0d7-3e282a3f9dd5|rpc:10.1.78.0:39709|dataStream:10.1.78.0:39033|priority:1|startupRole:FOLLOWER]|listeners:[], old=null, confs=<EMPTY_MAP>
2023-02-22 04:46:51,642 [pool-1528-thread-1] INFO  server.RaftServerConfigKeys (ConfUtils.java:logGet(46)) - raft.server.storage.dir = [/home/runner/work/ozone/ozone/hadoop-ozone/integration-test/target/test-dir/MiniOzoneClusterImpl-7cc88fad-c9bf-4c80-b076-d2cf48673a1e/datanode-2/data/ratis] (custom)
2023-02-22 04:46:51,643 [pool-1528-thread-1] INFO  server.RaftServerConfigKeys (ConfUtils.java:logGet(46)) - raft.server.log.corruption.policy = EXCEPTION (default)
2023-02-22 04:46:51,643 [pool-1528-thread-1] INFO  server.RaftServerConfigKeys (ConfUtils.java:logGet(46)) - raft.server.storage.free-space.min = 0MB (=0) (default)
2023-02-22 04:46:51,643 [pool-1528-thread-1] INFO  server.RaftServerConfigKeys (ConfUtils.java:logGet(46)) - raft.server.notification.no-leader.timeout = 300s (custom)
2023-02-22 04:46:51,643 [pool-1528-thread-1] INFO  server.RaftServerConfigKeys (ConfUtils.java:logGet(46)) - raft.server.retrycache.expirytime = 600000ms (custom)
2023-02-22 04:46:51,643 [pool-1528-thread-1] INFO  server.RaftServerConfigKeys (ConfUtils.java:logGet(46)) - raft.server.retrycache.statistics.expirytime = 100μs (default)
2023-02-22 04:46:51,643 [pool-1528-thread-1] INFO  server.RaftServerConfigKeys (ConfUtils.java:logGet(46)) - raft.server.log.appender.install.snapshot.enabled = false (custom)
2023-02-22 04:46:51,643 [pool-1528-thread-1] INFO  server.RaftServerConfigKeys (ConfUtils.java:logGet(46)) - raft.server.threadpool.server.cached = true (default)
2023-02-22 04:46:51,643 [pool-1528-thread-1] INFO  server.RaftServerConfigKeys (ConfUtils.java:logGet(46)) - raft.server.threadpool.server.size = 0 (default)
2023-02-22 04:46:51,643 [pool-1528-thread-1] INFO  server.RaftServerConfigKeys (ConfUtils.java:logGet(46)) - raft.server.threadpool.client.cached = true (default)
2023-02-22 04:46:51,643 [pool-1528-thread-1] INFO  server.RaftServerConfigKeys (ConfUtils.java:logGet(46)) - raft.server.threadpool.client.size = 0 (default)
2023-02-22 04:46:51,643 [pool-1528-thread-1] INFO  storage.RaftStorageDirectory (RaftStorageDirectoryImpl.java:analyzeStorage(137)) - The storage directory /home/runner/work/ozone/ozone/hadoop-ozone/integration-test/target/test-dir/MiniOzoneClusterImpl-7cc88fad-c9bf-4c80-b076-d2cf48673a1e/datanode-2/data/ratis/bfd8f364-2dce-4e99-903b-9644b19bf3f1 does not exist. Creating ...
2023-02-22 04:46:51,644 [pool-1528-thread-1] INFO  storage.RaftStorageDirectory (RaftStorageDirectoryImpl.java:tryLock(231)) - Lock on /home/runner/work/ozone/ozone/hadoop-ozone/integration-test/target/test-dir/MiniOzoneClusterImpl-7cc88fad-c9bf-4c80-b076-d2cf48673a1e/datanode-2/data/ratis/bfd8f364-2dce-4e99-903b-9644b19bf3f1/in_use.lock acquired by nodename 93364@fv-az748-120
2023-02-22 04:46:51,645 [pool-1528-thread-1] INFO  storage.RaftStorage (RaftStorageImpl.java:format(96)) - Storage directory /home/runner/work/ozone/ozone/hadoop-ozone/integration-test/target/test-dir/MiniOzoneClusterImpl-7cc88fad-c9bf-4c80-b076-d2cf48673a1e/datanode-2/data/ratis/bfd8f364-2dce-4e99-903b-9644b19bf3f1 has been successfully formatted.
2023-02-22 04:46:51,645 [pool-1528-thread-1] INFO  ratis.ContainerStateMachine (ContainerStateMachine.java:loadSnapshot(240)) - group-9644B19BF3F1: The snapshot info is null. Setting the last applied indexto:(t:0, i:~)
2023-02-22 04:46:51,645 [pool-1528-thread-1] INFO  server.RaftServerConfigKeys (ConfUtils.java:logGet(46)) - raft.server.log.use.memory = false (default)
2023-02-22 04:46:51,645 [pool-1528-thread-1] INFO  server.RaftServerConfigKeys (ConfUtils.java:logGet(46)) - raft.server.log.purge.gap = 1000000 (custom)
2023-02-22 04:46:51,645 [pool-1528-thread-1] INFO  server.RaftServerConfigKeys (ConfUtils.java:logGet(46)) - raft.server.log.appender.buffer.byte-limit = 33554432 (custom)
2023-02-22 04:46:51,645 [pool-1528-thread-1] INFO  server.RaftServerConfigKeys (ConfUtils.java:logGet(46)) - raft.server.log.statemachine.data.read.timeout = 1000ms (default)
2023-02-22 04:46:51,645 [pool-1528-thread-1] INFO  server.RaftServerConfigKeys (ConfUtils.java:logGet(46)) - raft.server.log.purge.preservation.log.num = 0 (default)
2023-02-22 04:46:51,646 [pool-1528-thread-1] INFO  server.RaftServerConfigKeys (ConfUtils.java:logGet(46)) - raft.server.log.segment.size.max = 1048576 (custom)
2023-02-22 04:46:51,646 [pool-1528-thread-1] INFO  server.RaftServerConfigKeys (ConfUtils.java:logGet(46)) - raft.server.log.segment.cache.num.max = 2 (custom)
2023-02-22 04:46:51,646 [pool-1528-thread-1] INFO  server.RaftServerConfigKeys (ConfUtils.java:logGet(46)) - raft.server.log.segment.cache.size.max = 200MB (=209715200) (default)
2023-02-22 04:46:51,646 [pool-1528-thread-1] INFO  segmented.SegmentedRaftLogWorker (SegmentedRaftLogWorker.java:<init>(189)) - new c601ec4f-f98c-429e-8a55-42b7705082ea@group-9644B19BF3F1-SegmentedRaftLogWorker for RaftStorageImpl:Storage Directory /home/runner/work/ozone/ozone/hadoop-ozone/integration-test/target/test-dir/MiniOzoneClusterImpl-7cc88fad-c9bf-4c80-b076-d2cf48673a1e/datanode-2/data/ratis/bfd8f364-2dce-4e99-903b-9644b19bf3f1
2023-02-22 04:46:51,647 [pool-1528-thread-1] INFO  server.RaftServerConfigKeys (ConfUtils.java:logGet(46)) - raft.server.log.queue.byte-limit = 4294967296 (custom)
2023-02-22 04:46:51,647 [pool-1528-thread-1] INFO  server.RaftServerConfigKeys (ConfUtils.java:logGet(46)) - raft.server.log.queue.element-limit = 1024 (custom)
2023-02-22 04:46:51,647 [pool-1528-thread-1] INFO  server.RaftServerConfigKeys (ConfUtils.java:logGet(46)) - raft.server.log.segment.size.max = 1048576 (custom)
2023-02-22 04:46:51,647 [pool-1528-thread-1] INFO  server.RaftServerConfigKeys (ConfUtils.java:logGet(46)) - raft.server.log.preallocated.size = 16384 (custom)
2023-02-22 04:46:51,647 [pool-1528-thread-1] INFO  server.RaftServerConfigKeys (ConfUtils.java:logGet(46)) - raft.server.log.force.sync.num = 128 (default)
2023-02-22 04:46:51,647 [pool-1528-thread-1] INFO  server.RaftServerConfigKeys (ConfUtils.java:logGet(46)) - raft.server.log.statemachine.data.sync = true (default)
2023-02-22 04:46:51,647 [pool-1528-thread-1] INFO  server.RaftServerConfigKeys (ConfUtils.java:logGet(46)) - raft.server.log.statemachine.data.sync.timeout = 10s (default)
2023-02-22 04:46:51,647 [pool-1528-thread-1] INFO  server.RaftServerConfigKeys (ConfUtils.java:logGet(46)) - raft.server.log.statemachine.data.sync.timeout.retry = -1 (default)
2023-02-22 04:46:51,647 [pool-1528-thread-1] INFO  server.RaftServerConfigKeys (ConfUtils.java:logGet(46)) - raft.server.log.write.buffer.size = 1048576 (custom)
2023-02-22 04:46:51,648 [pool-1528-thread-1] INFO  server.RaftServerConfigKeys (ConfUtils.java:logGet(46)) - raft.server.log.appender.buffer.byte-limit = 33554432 (custom)
2023-02-22 04:46:51,651 [pool-1528-thread-1] INFO  server.RaftServerConfigKeys (ConfUtils.java:logGet(46)) - raft.server.log.unsafe-flush.enabled = false (default)
2023-02-22 04:46:51,651 [pool-1528-thread-1] INFO  server.RaftServerConfigKeys (ConfUtils.java:logGet(46)) - raft.server.log.async-flush.enabled = false (default)
2023-02-22 04:46:51,651 [pool-1528-thread-1] INFO  server.RaftServerConfigKeys (ConfUtils.java:logGet(46)) - raft.server.log.statemachine.data.caching.enabled = true (custom)
2023-02-22 04:46:51,651 [pool-1528-thread-1] INFO  segmented.SegmentedRaftLogWorker (SegmentedRaftLogWorker.java:lambda$new$0(135)) - c601ec4f-f98c-429e-8a55-42b7705082ea@group-9644B19BF3F1-SegmentedRaftLogWorker: flushIndex: setUnconditionally 0 -> -1
2023-02-22 04:46:51,651 [pool-1528-thread-1] INFO  segmented.SegmentedRaftLogWorker (SegmentedRaftLogWorker.java:lambda$new$0(135)) - c601ec4f-f98c-429e-8a55-42b7705082ea@group-9644B19BF3F1-SegmentedRaftLogWorker: safeCacheEvictIndex: setUnconditionally 0 -> -1
2023-02-22 04:46:51,653 [pool-1528-thread-1] INFO  server.RaftServer$Division (RaftServerImpl.java:start(334)) - c601ec4f-f98c-429e-8a55-42b7705082ea@group-9644B19BF3F1: start as a follower, conf=-1: peers:[bcabacfb-ac1d-48a8-b317-6e9b6c6dcdfe|rpc:10.1.78.0:42171|dataStream:10.1.78.0:38271|priority:0|startupRole:FOLLOWER, c601ec4f-f98c-429e-8a55-42b7705082ea|rpc:10.1.78.0:38585|dataStream:10.1.78.0:37575|priority:0|startupRole:FOLLOWER, d1d6b5b3-8992-4d07-a0d7-3e282a3f9dd5|rpc:10.1.78.0:39709|dataStream:10.1.78.0:39033|priority:1|startupRole:FOLLOWER]|listeners:[], old=null
2023-02-22 04:46:51,653 [pool-1528-thread-1] INFO  server.RaftServer$Division (RaftServerImpl.java:setRole(321)) - c601ec4f-f98c-429e-8a55-42b7705082ea@group-9644B19BF3F1: changes role from      null to FOLLOWER at term 0 for startAsFollower
2023-02-22 04:46:51,653 [pool-1528-thread-1] INFO  impl.RoleInfo (RoleInfo.java:updateAndGet(139)) - c601ec4f-f98c-429e-8a55-42b7705082ea: start c601ec4f-f98c-429e-8a55-42b7705082ea@group-9644B19BF3F1-FollowerState
2023-02-22 04:46:51,657 [pool-1528-thread-1] INFO  util.JmxRegister (JmxRegister.java:tryRegister(44)) - Successfully registered JMX Bean with object name Ratis:service=RaftServer,group=group-9644B19BF3F1,id=c601ec4f-f98c-429e-8a55-42b7705082ea
2023-02-22 04:46:51,657 [pool-1528-thread-1] INFO  server.RaftServerConfigKeys (ConfUtils.java:logGet(46)) - raft.server.snapshot.auto.trigger.enabled = true (custom)
2023-02-22 04:46:51,657 [pool-1528-thread-1] INFO  server.RaftServerConfigKeys (ConfUtils.java:logGet(46)) - raft.server.snapshot.auto.trigger.threshold = 10000 (custom)
2023-02-22 04:46:51,657 [pool-1528-thread-1] INFO  server.RaftServerConfigKeys (ConfUtils.java:logGet(46)) - raft.server.snapshot.retention.file.num = 5 (custom)
2023-02-22 04:46:51,657 [pool-1528-thread-1] INFO  server.RaftServerConfigKeys (ConfUtils.java:logGet(46)) - raft.server.log.purge.upto.snapshot.index = false (default)
2023-02-22 04:46:51,658 [c601ec4f-f98c-429e-8a55-42b7705082ea@group-9644B19BF3F1-FollowerState] INFO  server.RaftServerConfigKeys (ConfUtils.java:logFallback(53)) - raft.server.rpc.first-election.timeout.min = 5s (fallback to raft.server.rpc.timeout.min)
2023-02-22 04:46:51,659 [c601ec4f-f98c-429e-8a55-42b7705082ea@group-9644B19BF3F1-FollowerState] INFO  server.RaftServerConfigKeys (ConfUtils.java:logFallback(53)) - raft.server.rpc.first-election.timeout.max = 5200ms (fallback to raft.server.rpc.timeout.max)
2023-02-22 04:46:51,663 [Command processor thread] INFO  commandhandler.CreatePipelineCommandHandler (CreatePipelineCommandHandler.java:handle(113)) - Created Pipeline RATIS THREE PipelineID=bfd8f364-2dce-4e99-903b-9644b19bf3f1.
2023-02-22 04:46:51,813 [Command processor thread] INFO  server.RaftServer (RaftServerProxy.java:addNew(96)) - bcabacfb-ac1d-48a8-b317-6e9b6c6dcdfe: addNew group-84FF05016659:[bcabacfb-ac1d-48a8-b317-6e9b6c6dcdfe|rpc:10.1.78.0:42171|dataStream:10.1.78.0:38271|priority:1|startupRole:FOLLOWER] returns group-84FF05016659:java.util.concurrent.CompletableFuture@1686a54d[Not completed]
2023-02-22 04:46:51,814 [pool-1506-thread-1] INFO  server.RaftServer$Division (RaftServerImpl.java:<init>(195)) - bcabacfb-ac1d-48a8-b317-6e9b6c6dcdfe: new RaftServerImpl for group-84FF05016659:[bcabacfb-ac1d-48a8-b317-6e9b6c6dcdfe|rpc:10.1.78.0:42171|dataStream:10.1.78.0:38271|priority:1|startupRole:FOLLOWER] with ContainerStateMachine:uninitialized
2023-02-22 04:46:51,814 [pool-1506-thread-1] INFO  server.RaftServerConfigKeys (ConfUtils.java:logGet(46)) - raft.server.rpc.timeout.min = 5s (custom)
2023-02-22 04:46:51,814 [pool-1506-thread-1] INFO  server.RaftServerConfigKeys (ConfUtils.java:logGet(46)) - raft.server.rpc.timeout.max = 5200ms (custom)
2023-02-22 04:46:51,814 [pool-1506-thread-1] INFO  server.RaftServerConfigKeys (ConfUtils.java:logGet(46)) - raft.server.rpc.sleep.time = 25ms (default)
2023-02-22 04:46:51,814 [pool-1506-thread-1] INFO  server.RaftServerConfigKeys (ConfUtils.java:logGet(46)) - raft.server.rpc.slowness.timeout = 300s (custom)
2023-02-22 04:46:51,814 [pool-1506-thread-1] INFO  server.RaftServerConfigKeys (ConfUtils.java:logGet(46)) - raft.server.leaderelection.leader.step-down.wait-time = 10s (default)
2023-02-22 04:46:51,814 [pool-1506-thread-1] INFO  server.RaftServerConfigKeys (ConfUtils.java:logGet(46)) - raft.server.sleep.deviation.threshold = 300ms (default)
2023-02-22 04:46:51,814 [pool-1506-thread-1] INFO  server.RaftServer$Division (ServerState.java:<init>(118)) - bcabacfb-ac1d-48a8-b317-6e9b6c6dcdfe@group-84FF05016659: ConfigurationManager, init=-1: peers:[bcabacfb-ac1d-48a8-b317-6e9b6c6dcdfe|rpc:10.1.78.0:42171|dataStream:10.1.78.0:38271|priority:1|startupRole:FOLLOWER]|listeners:[], old=null, confs=<EMPTY_MAP>
2023-02-22 04:46:51,815 [pool-1506-thread-1] INFO  server.RaftServerConfigKeys (ConfUtils.java:logGet(46)) - raft.server.storage.dir = [/home/runner/work/ozone/ozone/hadoop-ozone/integration-test/target/test-dir/MiniOzoneClusterImpl-7cc88fad-c9bf-4c80-b076-d2cf48673a1e/datanode-1/data/ratis] (custom)
2023-02-22 04:46:51,815 [pool-1506-thread-1] INFO  server.RaftServerConfigKeys (ConfUtils.java:logGet(46)) - raft.server.log.corruption.policy = EXCEPTION (default)
2023-02-22 04:46:51,815 [pool-1506-thread-1] INFO  server.RaftServerConfigKeys (ConfUtils.java:logGet(46)) - raft.server.storage.free-space.min = 0MB (=0) (default)
2023-02-22 04:46:51,815 [pool-1506-thread-1] INFO  server.RaftServerConfigKeys (ConfUtils.java:logGet(46)) - raft.server.notification.no-leader.timeout = 300s (custom)
2023-02-22 04:46:51,815 [pool-1506-thread-1] INFO  server.RaftServerConfigKeys (ConfUtils.java:logGet(46)) - raft.server.retrycache.expirytime = 600000ms (custom)
2023-02-22 04:46:51,815 [pool-1506-thread-1] INFO  server.RaftServerConfigKeys (ConfUtils.java:logGet(46)) - raft.server.retrycache.statistics.expirytime = 100μs (default)
2023-02-22 04:46:51,815 [pool-1506-thread-1] INFO  server.RaftServerConfigKeys (ConfUtils.java:logGet(46)) - raft.server.log.appender.install.snapshot.enabled = false (custom)
2023-02-22 04:46:51,815 [pool-1506-thread-1] INFO  server.RaftServerConfigKeys (ConfUtils.java:logGet(46)) - raft.server.threadpool.server.cached = true (default)
2023-02-22 04:46:51,815 [pool-1506-thread-1] INFO  server.RaftServerConfigKeys (ConfUtils.java:logGet(46)) - raft.server.threadpool.server.size = 0 (default)
2023-02-22 04:46:51,815 [pool-1506-thread-1] INFO  server.RaftServerConfigKeys (ConfUtils.java:logGet(46)) - raft.server.threadpool.client.cached = true (default)
2023-02-22 04:46:51,815 [pool-1506-thread-1] INFO  server.RaftServerConfigKeys (ConfUtils.java:logGet(46)) - raft.server.threadpool.client.size = 0 (default)
2023-02-22 04:46:51,816 [pool-1506-thread-1] INFO  storage.RaftStorageDirectory (RaftStorageDirectoryImpl.java:analyzeStorage(137)) - The storage directory /home/runner/work/ozone/ozone/hadoop-ozone/integration-test/target/test-dir/MiniOzoneClusterImpl-7cc88fad-c9bf-4c80-b076-d2cf48673a1e/datanode-1/data/ratis/f9c23855-1c80-4a91-a405-84ff05016659 does not exist. Creating ...
2023-02-22 04:46:51,816 [pool-1506-thread-1] INFO  storage.RaftStorageDirectory (RaftStorageDirectoryImpl.java:tryLock(231)) - Lock on /home/runner/work/ozone/ozone/hadoop-ozone/integration-test/target/test-dir/MiniOzoneClusterImpl-7cc88fad-c9bf-4c80-b076-d2cf48673a1e/datanode-1/data/ratis/f9c23855-1c80-4a91-a405-84ff05016659/in_use.lock acquired by nodename 93364@fv-az748-120
2023-02-22 04:46:51,817 [pool-1506-thread-1] INFO  storage.RaftStorage (RaftStorageImpl.java:format(96)) - Storage directory /home/runner/work/ozone/ozone/hadoop-ozone/integration-test/target/test-dir/MiniOzoneClusterImpl-7cc88fad-c9bf-4c80-b076-d2cf48673a1e/datanode-1/data/ratis/f9c23855-1c80-4a91-a405-84ff05016659 has been successfully formatted.
2023-02-22 04:46:51,818 [pool-1506-thread-1] INFO  ratis.ContainerStateMachine (ContainerStateMachine.java:loadSnapshot(240)) - group-84FF05016659: The snapshot info is null. Setting the last applied indexto:(t:0, i:~)
2023-02-22 04:46:51,818 [pool-1506-thread-1] INFO  server.RaftServerConfigKeys (ConfUtils.java:logGet(46)) - raft.server.log.use.memory = false (default)
2023-02-22 04:46:51,818 [pool-1506-thread-1] INFO  server.RaftServerConfigKeys (ConfUtils.java:logGet(46)) - raft.server.log.purge.gap = 1000000 (custom)
2023-02-22 04:46:51,818 [pool-1506-thread-1] INFO  server.RaftServerConfigKeys (ConfUtils.java:logGet(46)) - raft.server.log.appender.buffer.byte-limit = 33554432 (custom)
2023-02-22 04:46:51,819 [EventQueue-PipelineReportForPipelineReportHandler] INFO  pipeline.PipelineManagerImpl (PipelineManagerImpl.java:openPipeline(367)) - Pipeline Pipeline[ Id: f9c23855-1c80-4a91-a405-84ff05016659, Nodes: bcabacfb-ac1d-48a8-b317-6e9b6c6dcdfe(fv-az748-120.4k5rsvd4cmqu5oxra434zmszlb.cx.internal.cloudapp.net/10.1.78.0), ReplicationConfig: RATIS/ONE, State:ALLOCATED, leaderId:bcabacfb-ac1d-48a8-b317-6e9b6c6dcdfe, CreationTimestamp2023-02-22T04:46:48.816Z[Etc/UTC]] moved to OPEN state
2023-02-22 04:46:51,820 [pool-1506-thread-1] INFO  server.RaftServerConfigKeys (ConfUtils.java:logGet(46)) - raft.server.log.statemachine.data.read.timeout = 1000ms (default)
2023-02-22 04:46:51,821 [pool-1506-thread-1] INFO  server.RaftServerConfigKeys (ConfUtils.java:logGet(46)) - raft.server.log.purge.preservation.log.num = 0 (default)
2023-02-22 04:46:51,821 [pool-1506-thread-1] INFO  server.RaftServerConfigKeys (ConfUtils.java:logGet(46)) - raft.server.log.segment.size.max = 1048576 (custom)
2023-02-22 04:46:51,821 [EventQueue-OpenPipelineForHealthyPipelineSafeModeRule] INFO  safemode.SCMSafeModeManager (HealthyPipelineSafeModeRule.java:process(137)) - SCM in safe mode. Healthy pipelines reported count is 0, required healthy pipeline reported count is 1
2023-02-22 04:46:51,821 [pool-1506-thread-1] INFO  server.RaftServerConfigKeys (ConfUtils.java:logGet(46)) - raft.server.log.segment.cache.num.max = 2 (custom)
2023-02-22 04:46:51,826 [pool-1506-thread-1] INFO  server.RaftServerConfigKeys (ConfUtils.java:logGet(46)) - raft.server.log.segment.cache.size.max = 200MB (=209715200) (default)
2023-02-22 04:46:51,826 [pool-1506-thread-1] INFO  segmented.SegmentedRaftLogWorker (SegmentedRaftLogWorker.java:<init>(189)) - new bcabacfb-ac1d-48a8-b317-6e9b6c6dcdfe@group-84FF05016659-SegmentedRaftLogWorker for RaftStorageImpl:Storage Directory /home/runner/work/ozone/ozone/hadoop-ozone/integration-test/target/test-dir/MiniOzoneClusterImpl-7cc88fad-c9bf-4c80-b076-d2cf48673a1e/datanode-1/data/ratis/f9c23855-1c80-4a91-a405-84ff05016659
2023-02-22 04:46:51,826 [pool-1506-thread-1] INFO  server.RaftServerConfigKeys (ConfUtils.java:logGet(46)) - raft.server.log.queue.byte-limit = 4294967296 (custom)
2023-02-22 04:46:51,826 [pool-1506-thread-1] INFO  server.RaftServerConfigKeys (ConfUtils.java:logGet(46)) - raft.server.log.queue.element-limit = 1024 (custom)
2023-02-22 04:46:51,826 [pool-1506-thread-1] INFO  server.RaftServerConfigKeys (ConfUtils.java:logGet(46)) - raft.server.log.segment.size.max = 1048576 (custom)
2023-02-22 04:46:51,826 [pool-1506-thread-1] INFO  server.RaftServerConfigKeys (ConfUtils.java:logGet(46)) - raft.server.log.preallocated.size = 16384 (custom)
2023-02-22 04:46:51,826 [pool-1506-thread-1] INFO  server.RaftServerConfigKeys (ConfUtils.java:logGet(46)) - raft.server.log.force.sync.num = 128 (default)
2023-02-22 04:46:51,826 [pool-1506-thread-1] INFO  server.RaftServerConfigKeys (ConfUtils.java:logGet(46)) - raft.server.log.statemachine.data.sync = true (default)
2023-02-22 04:46:51,826 [pool-1506-thread-1] INFO  server.RaftServerConfigKeys (ConfUtils.java:logGet(46)) - raft.server.log.statemachine.data.sync.timeout = 10s (default)
2023-02-22 04:46:51,826 [pool-1506-thread-1] INFO  server.RaftServerConfigKeys (ConfUtils.java:logGet(46)) - raft.server.log.statemachine.data.sync.timeout.retry = -1 (default)
2023-02-22 04:46:51,827 [pool-1506-thread-1] INFO  server.RaftServerConfigKeys (ConfUtils.java:logGet(46)) - raft.server.log.write.buffer.size = 1048576 (custom)
2023-02-22 04:46:51,827 [pool-1506-thread-1] INFO  server.RaftServerConfigKeys (ConfUtils.java:logGet(46)) - raft.server.log.appender.buffer.byte-limit = 33554432 (custom)
2023-02-22 04:46:51,833 [pool-1506-thread-1] INFO  server.RaftServerConfigKeys (ConfUtils.java:logGet(46)) - raft.server.log.unsafe-flush.enabled = false (default)
2023-02-22 04:46:51,833 [pool-1506-thread-1] INFO  server.RaftServerConfigKeys (ConfUtils.java:logGet(46)) - raft.server.log.async-flush.enabled = false (default)
2023-02-22 04:46:51,833 [pool-1506-thread-1] INFO  server.RaftServerConfigKeys (ConfUtils.java:logGet(46)) - raft.server.log.statemachine.data.caching.enabled = true (custom)
2023-02-22 04:46:51,833 [pool-1506-thread-1] INFO  segmented.SegmentedRaftLogWorker (SegmentedRaftLogWorker.java:lambda$new$0(135)) - bcabacfb-ac1d-48a8-b317-6e9b6c6dcdfe@group-84FF05016659-SegmentedRaftLogWorker: flushIndex: setUnconditionally 0 -> -1
2023-02-22 04:46:51,833 [pool-1506-thread-1] INFO  segmented.SegmentedRaftLogWorker (SegmentedRaftLogWorker.java:lambda$new$0(135)) - bcabacfb-ac1d-48a8-b317-6e9b6c6dcdfe@group-84FF05016659-SegmentedRaftLogWorker: safeCacheEvictIndex: setUnconditionally 0 -> -1
2023-02-22 04:46:51,833 [pool-1506-thread-1] INFO  server.RaftServer$Division (RaftServerImpl.java:start(334)) - bcabacfb-ac1d-48a8-b317-6e9b6c6dcdfe@group-84FF05016659: start as a follower, conf=-1: peers:[bcabacfb-ac1d-48a8-b317-6e9b6c6dcdfe|rpc:10.1.78.0:42171|dataStream:10.1.78.0:38271|priority:1|startupRole:FOLLOWER]|listeners:[], old=null
2023-02-22 04:46:51,833 [pool-1506-thread-1] INFO  server.RaftServer$Division (RaftServerImpl.java:setRole(321)) - bcabacfb-ac1d-48a8-b317-6e9b6c6dcdfe@group-84FF05016659: changes role from      null to FOLLOWER at term 0 for startAsFollower
2023-02-22 04:46:51,833 [pool-1506-thread-1] INFO  impl.RoleInfo (RoleInfo.java:updateAndGet(139)) - bcabacfb-ac1d-48a8-b317-6e9b6c6dcdfe: start bcabacfb-ac1d-48a8-b317-6e9b6c6dcdfe@group-84FF05016659-FollowerState
2023-02-22 04:46:51,833 [pool-1506-thread-1] INFO  util.JmxRegister (JmxRegister.java:tryRegister(44)) - Successfully registered JMX Bean with object name Ratis:service=RaftServer,group=group-84FF05016659,id=bcabacfb-ac1d-48a8-b317-6e9b6c6dcdfe
2023-02-22 04:46:51,833 [pool-1506-thread-1] INFO  server.RaftServerConfigKeys (ConfUtils.java:logGet(46)) - raft.server.snapshot.auto.trigger.enabled = true (custom)
2023-02-22 04:46:51,833 [pool-1506-thread-1] INFO  server.RaftServerConfigKeys (ConfUtils.java:logGet(46)) - raft.server.snapshot.auto.trigger.threshold = 10000 (custom)
2023-02-22 04:46:51,833 [pool-1506-thread-1] INFO  server.RaftServerConfigKeys (ConfUtils.java:logGet(46)) - raft.server.snapshot.retention.file.num = 5 (custom)
2023-02-22 04:46:51,834 [pool-1506-thread-1] INFO  server.RaftServerConfigKeys (ConfUtils.java:logGet(46)) - raft.server.log.purge.upto.snapshot.index = false (default)
2023-02-22 04:46:51,834 [bcabacfb-ac1d-48a8-b317-6e9b6c6dcdfe@group-84FF05016659-FollowerState] INFO  server.RaftServerConfigKeys (ConfUtils.java:logFallback(53)) - raft.server.rpc.first-election.timeout.min = 5s (fallback to raft.server.rpc.timeout.min)
2023-02-22 04:46:51,834 [bcabacfb-ac1d-48a8-b317-6e9b6c6dcdfe@group-84FF05016659-FollowerState] INFO  server.RaftServerConfigKeys (ConfUtils.java:logFallback(53)) - raft.server.rpc.first-election.timeout.max = 5200ms (fallback to raft.server.rpc.timeout.max)
2023-02-22 04:46:51,834 [Command processor thread] INFO  ratis.XceiverServerRatis (XceiverServerRatis.java:addGroup(807)) - Created group PipelineID=f9c23855-1c80-4a91-a405-84ff05016659
2023-02-22 04:46:51,834 [Command processor thread] INFO  commandhandler.CreatePipelineCommandHandler (CreatePipelineCommandHandler.java:handle(113)) - Created Pipeline RATIS ONE PipelineID=f9c23855-1c80-4a91-a405-84ff05016659.
2023-02-22 04:46:52,195 [Command processor thread] INFO  server.RaftServer (RaftServerProxy.java:addNew(96)) - c601ec4f-f98c-429e-8a55-42b7705082ea: addNew group-D7340CBED9D6:[c601ec4f-f98c-429e-8a55-42b7705082ea|rpc:10.1.78.0:38585|dataStream:10.1.78.0:37575|priority:1|startupRole:FOLLOWER] returns group-D7340CBED9D6:java.util.concurrent.CompletableFuture@2959a9fa[Not completed]
2023-02-22 04:46:52,196 [pool-1528-thread-1] INFO  server.RaftServer$Division (RaftServerImpl.java:<init>(195)) - c601ec4f-f98c-429e-8a55-42b7705082ea: new RaftServerImpl for group-D7340CBED9D6:[c601ec4f-f98c-429e-8a55-42b7705082ea|rpc:10.1.78.0:38585|dataStream:10.1.78.0:37575|priority:1|startupRole:FOLLOWER] with ContainerStateMachine:uninitialized
2023-02-22 04:46:52,196 [pool-1528-thread-1] INFO  server.RaftServerConfigKeys (ConfUtils.java:logGet(46)) - raft.server.rpc.timeout.min = 5s (custom)
2023-02-22 04:46:52,196 [pool-1528-thread-1] INFO  server.RaftServerConfigKeys (ConfUtils.java:logGet(46)) - raft.server.rpc.timeout.max = 5200ms (custom)
2023-02-22 04:46:52,196 [pool-1528-thread-1] INFO  server.RaftServerConfigKeys (ConfUtils.java:logGet(46)) - raft.server.rpc.sleep.time = 25ms (default)
2023-02-22 04:46:52,196 [pool-1528-thread-1] INFO  server.RaftServerConfigKeys (ConfUtils.java:logGet(46)) - raft.server.rpc.slowness.timeout = 300s (custom)
2023-02-22 04:46:52,196 [pool-1528-thread-1] INFO  server.RaftServerConfigKeys (ConfUtils.java:logGet(46)) - raft.server.leaderelection.leader.step-down.wait-time = 10s (default)
2023-02-22 04:46:52,196 [pool-1528-thread-1] INFO  server.RaftServerConfigKeys (ConfUtils.java:logGet(46)) - raft.server.sleep.deviation.threshold = 300ms (default)
2023-02-22 04:46:52,196 [pool-1528-thread-1] INFO  server.RaftServer$Division (ServerState.java:<init>(118)) - c601ec4f-f98c-429e-8a55-42b7705082ea@group-D7340CBED9D6: ConfigurationManager, init=-1: peers:[c601ec4f-f98c-429e-8a55-42b7705082ea|rpc:10.1.78.0:38585|dataStream:10.1.78.0:37575|priority:1|startupRole:FOLLOWER]|listeners:[], old=null, confs=<EMPTY_MAP>
2023-02-22 04:46:52,196 [pool-1528-thread-1] INFO  server.RaftServerConfigKeys (ConfUtils.java:logGet(46)) - raft.server.storage.dir = [/home/runner/work/ozone/ozone/hadoop-ozone/integration-test/target/test-dir/MiniOzoneClusterImpl-7cc88fad-c9bf-4c80-b076-d2cf48673a1e/datanode-2/data/ratis] (custom)
2023-02-22 04:46:52,197 [pool-1528-thread-1] INFO  server.RaftServerConfigKeys (ConfUtils.java:logGet(46)) - raft.server.log.corruption.policy = EXCEPTION (default)
2023-02-22 04:46:52,197 [pool-1528-thread-1] INFO  server.RaftServerConfigKeys (ConfUtils.java:logGet(46)) - raft.server.storage.free-space.min = 0MB (=0) (default)
2023-02-22 04:46:52,197 [pool-1528-thread-1] INFO  server.RaftServerConfigKeys (ConfUtils.java:logGet(46)) - raft.server.notification.no-leader.timeout = 300s (custom)
2023-02-22 04:46:52,197 [pool-1528-thread-1] INFO  server.RaftServerConfigKeys (ConfUtils.java:logGet(46)) - raft.server.retrycache.expirytime = 600000ms (custom)
2023-02-22 04:46:52,197 [pool-1528-thread-1] INFO  server.RaftServerConfigKeys (ConfUtils.java:logGet(46)) - raft.server.retrycache.statistics.expirytime = 100μs (default)
2023-02-22 04:46:52,197 [pool-1528-thread-1] INFO  server.RaftServerConfigKeys (ConfUtils.java:logGet(46)) - raft.server.log.appender.install.snapshot.enabled = false (custom)
2023-02-22 04:46:52,197 [pool-1528-thread-1] INFO  server.RaftServerConfigKeys (ConfUtils.java:logGet(46)) - raft.server.threadpool.server.cached = true (default)
2023-02-22 04:46:52,197 [pool-1528-thread-1] INFO  server.RaftServerConfigKeys (ConfUtils.java:logGet(46)) - raft.server.threadpool.server.size = 0 (default)
2023-02-22 04:46:52,197 [pool-1528-thread-1] INFO  server.RaftServerConfigKeys (ConfUtils.java:logGet(46)) - raft.server.threadpool.client.cached = true (default)
2023-02-22 04:46:52,198 [pool-1528-thread-1] INFO  server.RaftServerConfigKeys (ConfUtils.java:logGet(46)) - raft.server.threadpool.client.size = 0 (default)
2023-02-22 04:46:52,198 [pool-1528-thread-1] INFO  storage.RaftStorageDirectory (RaftStorageDirectoryImpl.java:analyzeStorage(137)) - The storage directory /home/runner/work/ozone/ozone/hadoop-ozone/integration-test/target/test-dir/MiniOzoneClusterImpl-7cc88fad-c9bf-4c80-b076-d2cf48673a1e/datanode-2/data/ratis/ca96d707-a250-4c33-98eb-d7340cbed9d6 does not exist. Creating ...
2023-02-22 04:46:52,198 [Listener at 127.0.0.1/41863] INFO  ozone.MiniOzoneClusterImpl (MiniOzoneClusterImpl.java:lambda$waitForClusterToBeReady$0(218)) - Nodes are ready. Got 3 of 3 DN Heartbeats.
2023-02-22 04:46:52,198 [Listener at 127.0.0.1/41863] INFO  ozone.MiniOzoneClusterImpl (MiniOzoneClusterImpl.java:lambda$waitForClusterToBeReady$0(221)) - Waiting for cluster to exit safe mode
2023-02-22 04:46:52,198 [Listener at 127.0.0.1/41863] INFO  ozone.MiniOzoneClusterImpl (MiniOzoneClusterImpl.java:lambda$waitForClusterToBeReady$0(223)) - SCM became leader
2023-02-22 04:46:52,199 [pool-1528-thread-1] INFO  storage.RaftStorageDirectory (RaftStorageDirectoryImpl.java:tryLock(231)) - Lock on /home/runner/work/ozone/ozone/hadoop-ozone/integration-test/target/test-dir/MiniOzoneClusterImpl-7cc88fad-c9bf-4c80-b076-d2cf48673a1e/datanode-2/data/ratis/ca96d707-a250-4c33-98eb-d7340cbed9d6/in_use.lock acquired by nodename 93364@fv-az748-120
2023-02-22 04:46:52,199 [pool-1528-thread-1] INFO  storage.RaftStorage (RaftStorageImpl.java:format(96)) - Storage directory /home/runner/work/ozone/ozone/hadoop-ozone/integration-test/target/test-dir/MiniOzoneClusterImpl-7cc88fad-c9bf-4c80-b076-d2cf48673a1e/datanode-2/data/ratis/ca96d707-a250-4c33-98eb-d7340cbed9d6 has been successfully formatted.
2023-02-22 04:46:52,201 [pool-1528-thread-1] INFO  ratis.ContainerStateMachine (ContainerStateMachine.java:loadSnapshot(240)) - group-D7340CBED9D6: The snapshot info is null. Setting the last applied indexto:(t:0, i:~)
2023-02-22 04:46:52,202 [pool-1528-thread-1] INFO  server.RaftServerConfigKeys (ConfUtils.java:logGet(46)) - raft.server.log.use.memory = false (default)
2023-02-22 04:46:52,202 [pool-1528-thread-1] INFO  server.RaftServerConfigKeys (ConfUtils.java:logGet(46)) - raft.server.log.purge.gap = 1000000 (custom)
2023-02-22 04:46:52,202 [pool-1528-thread-1] INFO  server.RaftServerConfigKeys (ConfUtils.java:logGet(46)) - raft.server.log.appender.buffer.byte-limit = 33554432 (custom)
2023-02-22 04:46:52,202 [pool-1528-thread-1] INFO  server.RaftServerConfigKeys (ConfUtils.java:logGet(46)) - raft.server.log.statemachine.data.read.timeout = 1000ms (default)
2023-02-22 04:46:52,202 [pool-1528-thread-1] INFO  server.RaftServerConfigKeys (ConfUtils.java:logGet(46)) - raft.server.log.purge.preservation.log.num = 0 (default)
2023-02-22 04:46:52,202 [pool-1528-thread-1] INFO  server.RaftServerConfigKeys (ConfUtils.java:logGet(46)) - raft.server.log.segment.size.max = 1048576 (custom)
2023-02-22 04:46:52,202 [pool-1528-thread-1] INFO  server.RaftServerConfigKeys (ConfUtils.java:logGet(46)) - raft.server.log.segment.cache.num.max = 2 (custom)
2023-02-22 04:46:52,202 [pool-1528-thread-1] INFO  server.RaftServerConfigKeys (ConfUtils.java:logGet(46)) - raft.server.log.segment.cache.size.max = 200MB (=209715200) (default)
2023-02-22 04:46:52,202 [EventQueue-PipelineReportForPipelineReportHandler] INFO  pipeline.PipelineManagerImpl (PipelineManagerImpl.java:openPipeline(367)) - Pipeline Pipeline[ Id: ca96d707-a250-4c33-98eb-d7340cbed9d6, Nodes: c601ec4f-f98c-429e-8a55-42b7705082ea(fv-az748-120.4k5rsvd4cmqu5oxra434zmszlb.cx.internal.cloudapp.net/10.1.78.0), ReplicationConfig: RATIS/ONE, State:ALLOCATED, leaderId:c601ec4f-f98c-429e-8a55-42b7705082ea, CreationTimestamp2023-02-22T04:46:49.201Z[Etc/UTC]] moved to OPEN state
2023-02-22 04:46:52,202 [pool-1528-thread-1] INFO  segmented.SegmentedRaftLogWorker (SegmentedRaftLogWorker.java:<init>(189)) - new c601ec4f-f98c-429e-8a55-42b7705082ea@group-D7340CBED9D6-SegmentedRaftLogWorker for RaftStorageImpl:Storage Directory /home/runner/work/ozone/ozone/hadoop-ozone/integration-test/target/test-dir/MiniOzoneClusterImpl-7cc88fad-c9bf-4c80-b076-d2cf48673a1e/datanode-2/data/ratis/ca96d707-a250-4c33-98eb-d7340cbed9d6
2023-02-22 04:46:52,202 [pool-1528-thread-1] INFO  server.RaftServerConfigKeys (ConfUtils.java:logGet(46)) - raft.server.log.queue.byte-limit = 4294967296 (custom)
2023-02-22 04:46:52,202 [pool-1528-thread-1] INFO  server.RaftServerConfigKeys (ConfUtils.java:logGet(46)) - raft.server.log.queue.element-limit = 1024 (custom)
2023-02-22 04:46:52,202 [pool-1528-thread-1] INFO  server.RaftServerConfigKeys (ConfUtils.java:logGet(46)) - raft.server.log.segment.size.max = 1048576 (custom)
2023-02-22 04:46:52,202 [pool-1528-thread-1] INFO  server.RaftServerConfigKeys (ConfUtils.java:logGet(46)) - raft.server.log.preallocated.size = 16384 (custom)
2023-02-22 04:46:52,202 [pool-1528-thread-1] INFO  server.RaftServerConfigKeys (ConfUtils.java:logGet(46)) - raft.server.log.force.sync.num = 128 (default)
2023-02-22 04:46:52,202 [pool-1528-thread-1] INFO  server.RaftServerConfigKeys (ConfUtils.java:logGet(46)) - raft.server.log.statemachine.data.sync = true (default)
2023-02-22 04:46:52,202 [pool-1528-thread-1] INFO  server.RaftServerConfigKeys (ConfUtils.java:logGet(46)) - raft.server.log.statemachine.data.sync.timeout = 10s (default)
2023-02-22 04:46:52,202 [EventQueue-OpenPipelineForHealthyPipelineSafeModeRule] INFO  safemode.SCMSafeModeManager (HealthyPipelineSafeModeRule.java:process(137)) - SCM in safe mode. Healthy pipelines reported count is 0, required healthy pipeline reported count is 1
2023-02-22 04:46:52,202 [pool-1528-thread-1] INFO  server.RaftServerConfigKeys (ConfUtils.java:logGet(46)) - raft.server.log.statemachine.data.sync.timeout.retry = -1 (default)
2023-02-22 04:46:52,205 [pool-1528-thread-1] INFO  server.RaftServerConfigKeys (ConfUtils.java:logGet(46)) - raft.server.log.write.buffer.size = 1048576 (custom)
2023-02-22 04:46:52,206 [pool-1528-thread-1] INFO  server.RaftServerConfigKeys (ConfUtils.java:logGet(46)) - raft.server.log.appender.buffer.byte-limit = 33554432 (custom)
2023-02-22 04:46:52,209 [pool-1528-thread-1] INFO  server.RaftServerConfigKeys (ConfUtils.java:logGet(46)) - raft.server.log.unsafe-flush.enabled = false (default)
2023-02-22 04:46:52,209 [pool-1528-thread-1] INFO  server.RaftServerConfigKeys (ConfUtils.java:logGet(46)) - raft.server.log.async-flush.enabled = false (default)
2023-02-22 04:46:52,209 [pool-1528-thread-1] INFO  server.RaftServerConfigKeys (ConfUtils.java:logGet(46)) - raft.server.log.statemachine.data.caching.enabled = true (custom)
2023-02-22 04:46:52,209 [pool-1528-thread-1] INFO  segmented.SegmentedRaftLogWorker (SegmentedRaftLogWorker.java:lambda$new$0(135)) - c601ec4f-f98c-429e-8a55-42b7705082ea@group-D7340CBED9D6-SegmentedRaftLogWorker: flushIndex: setUnconditionally 0 -> -1
2023-02-22 04:46:52,209 [pool-1528-thread-1] INFO  segmented.SegmentedRaftLogWorker (SegmentedRaftLogWorker.java:lambda$new$0(135)) - c601ec4f-f98c-429e-8a55-42b7705082ea@group-D7340CBED9D6-SegmentedRaftLogWorker: safeCacheEvictIndex: setUnconditionally 0 -> -1
2023-02-22 04:46:52,209 [pool-1528-thread-1] INFO  server.RaftServer$Division (RaftServerImpl.java:start(334)) - c601ec4f-f98c-429e-8a55-42b7705082ea@group-D7340CBED9D6: start as a follower, conf=-1: peers:[c601ec4f-f98c-429e-8a55-42b7705082ea|rpc:10.1.78.0:38585|dataStream:10.1.78.0:37575|priority:1|startupRole:FOLLOWER]|listeners:[], old=null
2023-02-22 04:46:52,209 [pool-1528-thread-1] INFO  server.RaftServer$Division (RaftServerImpl.java:setRole(321)) - c601ec4f-f98c-429e-8a55-42b7705082ea@group-D7340CBED9D6: changes role from      null to FOLLOWER at term 0 for startAsFollower
2023-02-22 04:46:52,209 [pool-1528-thread-1] INFO  impl.RoleInfo (RoleInfo.java:updateAndGet(139)) - c601ec4f-f98c-429e-8a55-42b7705082ea: start c601ec4f-f98c-429e-8a55-42b7705082ea@group-D7340CBED9D6-FollowerState
2023-02-22 04:46:52,209 [pool-1528-thread-1] INFO  util.JmxRegister (JmxRegister.java:tryRegister(44)) - Successfully registered JMX Bean with object name Ratis:service=RaftServer,group=group-D7340CBED9D6,id=c601ec4f-f98c-429e-8a55-42b7705082ea
2023-02-22 04:46:52,209 [pool-1528-thread-1] INFO  server.RaftServerConfigKeys (ConfUtils.java:logGet(46)) - raft.server.snapshot.auto.trigger.enabled = true (custom)
2023-02-22 04:46:52,209 [pool-1528-thread-1] INFO  server.RaftServerConfigKeys (ConfUtils.java:logGet(46)) - raft.server.snapshot.auto.trigger.threshold = 10000 (custom)
2023-02-22 04:46:52,210 [pool-1528-thread-1] INFO  server.RaftServerConfigKeys (ConfUtils.java:logGet(46)) - raft.server.snapshot.retention.file.num = 5 (custom)
2023-02-22 04:46:52,210 [pool-1528-thread-1] INFO  server.RaftServerConfigKeys (ConfUtils.java:logGet(46)) - raft.server.log.purge.upto.snapshot.index = false (default)
2023-02-22 04:46:52,210 [c601ec4f-f98c-429e-8a55-42b7705082ea@group-D7340CBED9D6-FollowerState] INFO  server.RaftServerConfigKeys (ConfUtils.java:logFallback(53)) - raft.server.rpc.first-election.timeout.min = 5s (fallback to raft.server.rpc.timeout.min)
2023-02-22 04:46:52,210 [c601ec4f-f98c-429e-8a55-42b7705082ea@group-D7340CBED9D6-FollowerState] INFO  server.RaftServerConfigKeys (ConfUtils.java:logFallback(53)) - raft.server.rpc.first-election.timeout.max = 5200ms (fallback to raft.server.rpc.timeout.max)
2023-02-22 04:46:52,211 [Command processor thread] INFO  ratis.XceiverServerRatis (XceiverServerRatis.java:addGroup(807)) - Created group PipelineID=ca96d707-a250-4c33-98eb-d7340cbed9d6
2023-02-22 04:46:52,211 [Command processor thread] INFO  commandhandler.CreatePipelineCommandHandler (CreatePipelineCommandHandler.java:handle(113)) - Created Pipeline RATIS ONE PipelineID=ca96d707-a250-4c33-98eb-d7340cbed9d6.
2023-02-22 04:46:52,303 [EndpointStateMachine task thread for /0.0.0.0:38827 - 0 ] INFO  ipc.Client (Client.java:handleConnectionFailure(1010)) - Retrying connect to server: 0.0.0.0/0.0.0.0:38827. Already tried 13 time(s); retry policy is RetryUpToMaximumCountWithFixedSleep(maxRetries=15, sleepTime=1000 MILLISECONDS)
2023-02-22 04:46:53,198 [Listener at 127.0.0.1/41863] INFO  ozone.MiniOzoneClusterImpl (MiniOzoneClusterImpl.java:lambda$waitForClusterToBeReady$0(218)) - Nodes are ready. Got 3 of 3 DN Heartbeats.
2023-02-22 04:46:53,199 [Listener at 127.0.0.1/41863] INFO  ozone.MiniOzoneClusterImpl (MiniOzoneClusterImpl.java:lambda$waitForClusterToBeReady$0(221)) - Waiting for cluster to exit safe mode
2023-02-22 04:46:53,199 [Listener at 127.0.0.1/41863] INFO  ozone.MiniOzoneClusterImpl (MiniOzoneClusterImpl.java:lambda$waitForClusterToBeReady$0(223)) - SCM became leader
2023-02-22 04:46:53,303 [EndpointStateMachine task thread for /0.0.0.0:38827 - 0 ] INFO  ipc.Client (Client.java:handleConnectionFailure(1010)) - Retrying connect to server: 0.0.0.0/0.0.0.0:38827. Already tried 14 time(s); retry policy is RetryUpToMaximumCountWithFixedSleep(maxRetries=15, sleepTime=1000 MILLISECONDS)
2023-02-22 04:46:54,199 [Listener at 127.0.0.1/41863] INFO  ozone.MiniOzoneClusterImpl (MiniOzoneClusterImpl.java:lambda$waitForClusterToBeReady$0(218)) - Nodes are ready. Got 3 of 3 DN Heartbeats.
2023-02-22 04:46:54,199 [Listener at 127.0.0.1/41863] INFO  ozone.MiniOzoneClusterImpl (MiniOzoneClusterImpl.java:lambda$waitForClusterToBeReady$0(221)) - Waiting for cluster to exit safe mode
2023-02-22 04:46:54,199 [Listener at 127.0.0.1/41863] INFO  ozone.MiniOzoneClusterImpl (MiniOzoneClusterImpl.java:lambda$waitForClusterToBeReady$0(223)) - SCM became leader
2023-02-22 04:46:55,199 [Listener at 127.0.0.1/41863] INFO  ozone.MiniOzoneClusterImpl (MiniOzoneClusterImpl.java:lambda$waitForClusterToBeReady$0(218)) - Nodes are ready. Got 3 of 3 DN Heartbeats.
2023-02-22 04:46:55,200 [Listener at 127.0.0.1/41863] INFO  ozone.MiniOzoneClusterImpl (MiniOzoneClusterImpl.java:lambda$waitForClusterToBeReady$0(221)) - Waiting for cluster to exit safe mode
2023-02-22 04:46:55,200 [Listener at 127.0.0.1/41863] INFO  ozone.MiniOzoneClusterImpl (MiniOzoneClusterImpl.java:lambda$waitForClusterToBeReady$0(223)) - SCM became leader
2023-02-22 04:46:56,200 [Listener at 127.0.0.1/41863] INFO  ozone.MiniOzoneClusterImpl (MiniOzoneClusterImpl.java:lambda$waitForClusterToBeReady$0(218)) - Nodes are ready. Got 3 of 3 DN Heartbeats.
2023-02-22 04:46:56,200 [Listener at 127.0.0.1/41863] INFO  ozone.MiniOzoneClusterImpl (MiniOzoneClusterImpl.java:lambda$waitForClusterToBeReady$0(221)) - Waiting for cluster to exit safe mode
2023-02-22 04:46:56,200 [Listener at 127.0.0.1/41863] INFO  ozone.MiniOzoneClusterImpl (MiniOzoneClusterImpl.java:lambda$waitForClusterToBeReady$0(223)) - SCM became leader
2023-02-22 04:46:56,553 [d1d6b5b3-8992-4d07-a0d7-3e282a3f9dd5@group-04E6B56B7AA5-FollowerState] INFO  impl.FollowerState (FollowerState.java:run(143)) - d1d6b5b3-8992-4d07-a0d7-3e282a3f9dd5@group-04E6B56B7AA5-FollowerState: change to CANDIDATE, lastRpcElapsedTime:5030261859ns, electionTimeout:5027ms
2023-02-22 04:46:56,553 [d1d6b5b3-8992-4d07-a0d7-3e282a3f9dd5@group-04E6B56B7AA5-FollowerState] INFO  impl.RoleInfo (RoleInfo.java:shutdownFollowerState(110)) - d1d6b5b3-8992-4d07-a0d7-3e282a3f9dd5: shutdown d1d6b5b3-8992-4d07-a0d7-3e282a3f9dd5@group-04E6B56B7AA5-FollowerState
2023-02-22 04:46:56,553 [d1d6b5b3-8992-4d07-a0d7-3e282a3f9dd5@group-04E6B56B7AA5-FollowerState] INFO  server.RaftServer$Division (RaftServerImpl.java:setRole(321)) - d1d6b5b3-8992-4d07-a0d7-3e282a3f9dd5@group-04E6B56B7AA5: changes role from  FOLLOWER to CANDIDATE at term 0 for changeToCandidate
2023-02-22 04:46:56,553 [d1d6b5b3-8992-4d07-a0d7-3e282a3f9dd5@group-04E6B56B7AA5-FollowerState] INFO  server.RaftServerConfigKeys (ConfUtils.java:logGet(46)) - raft.server.leaderelection.pre-vote = true (default)
2023-02-22 04:46:56,553 [d1d6b5b3-8992-4d07-a0d7-3e282a3f9dd5@group-04E6B56B7AA5-FollowerState] INFO  impl.RoleInfo (RoleInfo.java:updateAndGet(139)) - d1d6b5b3-8992-4d07-a0d7-3e282a3f9dd5: start d1d6b5b3-8992-4d07-a0d7-3e282a3f9dd5@group-04E6B56B7AA5-LeaderElection17
2023-02-22 04:46:56,558 [d1d6b5b3-8992-4d07-a0d7-3e282a3f9dd5@group-04E6B56B7AA5-LeaderElection17] INFO  impl.LeaderElection (LeaderElection.java:askForVotes(312)) - d1d6b5b3-8992-4d07-a0d7-3e282a3f9dd5@group-04E6B56B7AA5-LeaderElection17 PRE_VOTE round 0: submit vote requests at term 0 for -1: peers:[bcabacfb-ac1d-48a8-b317-6e9b6c6dcdfe|rpc:10.1.78.0:42171|dataStream:10.1.78.0:38271|priority:0|startupRole:FOLLOWER, c601ec4f-f98c-429e-8a55-42b7705082ea|rpc:10.1.78.0:38585|dataStream:10.1.78.0:37575|priority:1|startupRole:FOLLOWER, d1d6b5b3-8992-4d07-a0d7-3e282a3f9dd5|rpc:10.1.78.0:39709|dataStream:10.1.78.0:39033|priority:0|startupRole:FOLLOWER]|listeners:[], old=null
2023-02-22 04:46:56,559 [d1d6b5b3-8992-4d07-a0d7-3e282a3f9dd5@group-04E6B56B7AA5-LeaderElection17] INFO  server.RaftServerConfigKeys (ConfUtils.java:logFallback(53)) - raft.server.rpc.first-election.timeout.min = 5s (fallback to raft.server.rpc.timeout.min)
2023-02-22 04:46:56,559 [d1d6b5b3-8992-4d07-a0d7-3e282a3f9dd5@group-04E6B56B7AA5-LeaderElection17-1] INFO  server.GrpcServerProtocolClient (GrpcServerProtocolClient.java:<init>(63)) - Build channel for bcabacfb-ac1d-48a8-b317-6e9b6c6dcdfe
2023-02-22 04:46:56,559 [d1d6b5b3-8992-4d07-a0d7-3e282a3f9dd5@group-04E6B56B7AA5-LeaderElection17-2] INFO  server.GrpcServerProtocolClient (GrpcServerProtocolClient.java:<init>(63)) - Build channel for c601ec4f-f98c-429e-8a55-42b7705082ea
2023-02-22 04:46:56,559 [d1d6b5b3-8992-4d07-a0d7-3e282a3f9dd5@group-04E6B56B7AA5-LeaderElection17] INFO  server.RaftServerConfigKeys (ConfUtils.java:logFallback(53)) - raft.server.rpc.first-election.timeout.max = 5200ms (fallback to raft.server.rpc.timeout.max)
2023-02-22 04:46:56,566 [grpc-default-executor-16] INFO  server.RaftServer$Division (RaftServerImpl.java:requestVote(1218)) - c601ec4f-f98c-429e-8a55-42b7705082ea@group-04E6B56B7AA5: receive requestVote(PRE_VOTE, d1d6b5b3-8992-4d07-a0d7-3e282a3f9dd5, group-04E6B56B7AA5, 0, (t:0, i:0))
2023-02-22 04:46:56,566 [grpc-default-executor-16] INFO  impl.VoteContext (VoteContext.java:log(49)) - c601ec4f-f98c-429e-8a55-42b7705082ea@group-04E6B56B7AA5-FOLLOWER: reject PRE_VOTE from d1d6b5b3-8992-4d07-a0d7-3e282a3f9dd5: our priority 1 > candidate's priority 0
2023-02-22 04:46:56,566 [grpc-default-executor-16] INFO  server.RaftServer$Division (RaftServerImpl.java:requestVote(1251)) - c601ec4f-f98c-429e-8a55-42b7705082ea@group-04E6B56B7AA5 replies to PRE_VOTE vote request: d1d6b5b3-8992-4d07-a0d7-3e282a3f9dd5<-c601ec4f-f98c-429e-8a55-42b7705082ea#0:FAIL-t0. Peer's state: c601ec4f-f98c-429e-8a55-42b7705082ea@group-04E6B56B7AA5:t0, leader=null, voted=, raftlog=Memoized:c601ec4f-f98c-429e-8a55-42b7705082ea@group-04E6B56B7AA5-SegmentedRaftLog:OPENED:c-1, conf=-1: peers:[bcabacfb-ac1d-48a8-b317-6e9b6c6dcdfe|rpc:10.1.78.0:42171|dataStream:10.1.78.0:38271|priority:0|startupRole:FOLLOWER, c601ec4f-f98c-429e-8a55-42b7705082ea|rpc:10.1.78.0:38585|dataStream:10.1.78.0:37575|priority:1|startupRole:FOLLOWER, d1d6b5b3-8992-4d07-a0d7-3e282a3f9dd5|rpc:10.1.78.0:39709|dataStream:10.1.78.0:39033|priority:0|startupRole:FOLLOWER]|listeners:[], old=null
2023-02-22 04:46:56,566 [d1d6b5b3-8992-4d07-a0d7-3e282a3f9dd5@group-04E6B56B7AA5-LeaderElection17] INFO  impl.LeaderElection (LeaderElection.java:logAndReturn(90)) - d1d6b5b3-8992-4d07-a0d7-3e282a3f9dd5@group-04E6B56B7AA5-LeaderElection17: PRE_VOTE REJECTED received 1 response(s) and 0 exception(s):
2023-02-22 04:46:56,567 [d1d6b5b3-8992-4d07-a0d7-3e282a3f9dd5@group-04E6B56B7AA5-LeaderElection17] INFO  impl.LeaderElection (LeaderElection.java:logAndReturn(94)) -   Response 0: d1d6b5b3-8992-4d07-a0d7-3e282a3f9dd5<-c601ec4f-f98c-429e-8a55-42b7705082ea#0:FAIL-t0
2023-02-22 04:46:56,567 [d1d6b5b3-8992-4d07-a0d7-3e282a3f9dd5@group-04E6B56B7AA5-LeaderElection17] INFO  impl.LeaderElection (LeaderElection.java:askForVotes(314)) - d1d6b5b3-8992-4d07-a0d7-3e282a3f9dd5@group-04E6B56B7AA5-LeaderElection17 PRE_VOTE round 0: result REJECTED
2023-02-22 04:46:56,567 [d1d6b5b3-8992-4d07-a0d7-3e282a3f9dd5@group-04E6B56B7AA5-LeaderElection17] INFO  server.RaftServer$Division (RaftServerImpl.java:setRole(321)) - d1d6b5b3-8992-4d07-a0d7-3e282a3f9dd5@group-04E6B56B7AA5: changes role from CANDIDATE to FOLLOWER at term 0 for REJECTED
2023-02-22 04:46:56,567 [d1d6b5b3-8992-4d07-a0d7-3e282a3f9dd5@group-04E6B56B7AA5-LeaderElection17] INFO  impl.RoleInfo (RoleInfo.java:shutdownLeaderElection(130)) - d1d6b5b3-8992-4d07-a0d7-3e282a3f9dd5: shutdown d1d6b5b3-8992-4d07-a0d7-3e282a3f9dd5@group-04E6B56B7AA5-LeaderElection17
2023-02-22 04:46:56,567 [d1d6b5b3-8992-4d07-a0d7-3e282a3f9dd5@group-04E6B56B7AA5-LeaderElection17] INFO  impl.RoleInfo (RoleInfo.java:updateAndGet(139)) - d1d6b5b3-8992-4d07-a0d7-3e282a3f9dd5: start d1d6b5b3-8992-4d07-a0d7-3e282a3f9dd5@group-04E6B56B7AA5-FollowerState
2023-02-22 04:46:56,572 [d1d6b5b3-8992-4d07-a0d7-3e282a3f9dd5@group-04E6B56B7AA5-FollowerState] INFO  server.RaftServerConfigKeys (ConfUtils.java:logFallback(53)) - raft.server.rpc.first-election.timeout.min = 5s (fallback to raft.server.rpc.timeout.min)
2023-02-22 04:46:56,573 [d1d6b5b3-8992-4d07-a0d7-3e282a3f9dd5@group-04E6B56B7AA5-FollowerState] INFO  server.RaftServerConfigKeys (ConfUtils.java:logFallback(53)) - raft.server.rpc.first-election.timeout.max = 5200ms (fallback to raft.server.rpc.timeout.max)
2023-02-22 04:46:56,575 [grpc-default-executor-16] INFO  server.RaftServer$Division (RaftServerImpl.java:requestVote(1218)) - bcabacfb-ac1d-48a8-b317-6e9b6c6dcdfe@group-04E6B56B7AA5: receive requestVote(PRE_VOTE, d1d6b5b3-8992-4d07-a0d7-3e282a3f9dd5, group-04E6B56B7AA5, 0, (t:0, i:0))
2023-02-22 04:46:56,575 [grpc-default-executor-16] INFO  impl.VoteContext (VoteContext.java:log(49)) - bcabacfb-ac1d-48a8-b317-6e9b6c6dcdfe@group-04E6B56B7AA5-FOLLOWER: accept PRE_VOTE from d1d6b5b3-8992-4d07-a0d7-3e282a3f9dd5: our priority 0 <= candidate's priority 0
2023-02-22 04:46:56,575 [grpc-default-executor-16] INFO  server.RaftServer$Division (RaftServerImpl.java:requestVote(1251)) - bcabacfb-ac1d-48a8-b317-6e9b6c6dcdfe@group-04E6B56B7AA5 replies to PRE_VOTE vote request: d1d6b5b3-8992-4d07-a0d7-3e282a3f9dd5<-bcabacfb-ac1d-48a8-b317-6e9b6c6dcdfe#0:OK-t0. Peer's state: bcabacfb-ac1d-48a8-b317-6e9b6c6dcdfe@group-04E6B56B7AA5:t0, leader=null, voted=, raftlog=Memoized:bcabacfb-ac1d-48a8-b317-6e9b6c6dcdfe@group-04E6B56B7AA5-SegmentedRaftLog:OPENED:c-1, conf=-1: peers:[bcabacfb-ac1d-48a8-b317-6e9b6c6dcdfe|rpc:10.1.78.0:42171|dataStream:10.1.78.0:38271|priority:0|startupRole:FOLLOWER, c601ec4f-f98c-429e-8a55-42b7705082ea|rpc:10.1.78.0:38585|dataStream:10.1.78.0:37575|priority:1|startupRole:FOLLOWER, d1d6b5b3-8992-4d07-a0d7-3e282a3f9dd5|rpc:10.1.78.0:39709|dataStream:10.1.78.0:39033|priority:0|startupRole:FOLLOWER]|listeners:[], old=null
2023-02-22 04:46:56,612 [c601ec4f-f98c-429e-8a55-42b7705082ea@group-04E6B56B7AA5-FollowerState] INFO  impl.FollowerState (FollowerState.java:run(143)) - c601ec4f-f98c-429e-8a55-42b7705082ea@group-04E6B56B7AA5-FollowerState: change to CANDIDATE, lastRpcElapsedTime:5028848481ns, electionTimeout:5021ms
2023-02-22 04:46:56,612 [c601ec4f-f98c-429e-8a55-42b7705082ea@group-04E6B56B7AA5-FollowerState] INFO  impl.RoleInfo (RoleInfo.java:shutdownFollowerState(110)) - c601ec4f-f98c-429e-8a55-42b7705082ea: shutdown c601ec4f-f98c-429e-8a55-42b7705082ea@group-04E6B56B7AA5-FollowerState
2023-02-22 04:46:56,612 [c601ec4f-f98c-429e-8a55-42b7705082ea@group-04E6B56B7AA5-FollowerState] INFO  server.RaftServer$Division (RaftServerImpl.java:setRole(321)) - c601ec4f-f98c-429e-8a55-42b7705082ea@group-04E6B56B7AA5: changes role from  FOLLOWER to CANDIDATE at term 0 for changeToCandidate
2023-02-22 04:46:56,612 [c601ec4f-f98c-429e-8a55-42b7705082ea@group-04E6B56B7AA5-FollowerState] INFO  server.RaftServerConfigKeys (ConfUtils.java:logGet(46)) - raft.server.leaderelection.pre-vote = true (default)
2023-02-22 04:46:56,612 [c601ec4f-f98c-429e-8a55-42b7705082ea@group-04E6B56B7AA5-FollowerState] INFO  impl.RoleInfo (RoleInfo.java:updateAndGet(139)) - c601ec4f-f98c-429e-8a55-42b7705082ea: start c601ec4f-f98c-429e-8a55-42b7705082ea@group-04E6B56B7AA5-LeaderElection18
2023-02-22 04:46:56,613 [c601ec4f-f98c-429e-8a55-42b7705082ea@group-04E6B56B7AA5-LeaderElection18] INFO  impl.LeaderElection (LeaderElection.java:askForVotes(312)) - c601ec4f-f98c-429e-8a55-42b7705082ea@group-04E6B56B7AA5-LeaderElection18 PRE_VOTE round 0: submit vote requests at term 0 for -1: peers:[bcabacfb-ac1d-48a8-b317-6e9b6c6dcdfe|rpc:10.1.78.0:42171|dataStream:10.1.78.0:38271|priority:0|startupRole:FOLLOWER, c601ec4f-f98c-429e-8a55-42b7705082ea|rpc:10.1.78.0:38585|dataStream:10.1.78.0:37575|priority:1|startupRole:FOLLOWER, d1d6b5b3-8992-4d07-a0d7-3e282a3f9dd5|rpc:10.1.78.0:39709|dataStream:10.1.78.0:39033|priority:0|startupRole:FOLLOWER]|listeners:[], old=null
2023-02-22 04:46:56,614 [c601ec4f-f98c-429e-8a55-42b7705082ea@group-04E6B56B7AA5-LeaderElection18] INFO  server.RaftServerConfigKeys (ConfUtils.java:logFallback(53)) - raft.server.rpc.first-election.timeout.min = 5s (fallback to raft.server.rpc.timeout.min)
2023-02-22 04:46:56,615 [c601ec4f-f98c-429e-8a55-42b7705082ea@group-04E6B56B7AA5-LeaderElection18-1] INFO  server.GrpcServerProtocolClient (GrpcServerProtocolClient.java:<init>(63)) - Build channel for bcabacfb-ac1d-48a8-b317-6e9b6c6dcdfe
2023-02-22 04:46:56,615 [c601ec4f-f98c-429e-8a55-42b7705082ea@group-04E6B56B7AA5-LeaderElection18-2] INFO  server.GrpcServerProtocolClient (GrpcServerProtocolClient.java:<init>(63)) - Build channel for d1d6b5b3-8992-4d07-a0d7-3e282a3f9dd5
2023-02-22 04:46:56,615 [c601ec4f-f98c-429e-8a55-42b7705082ea@group-04E6B56B7AA5-LeaderElection18] INFO  server.RaftServerConfigKeys (ConfUtils.java:logFallback(53)) - raft.server.rpc.first-election.timeout.max = 5200ms (fallback to raft.server.rpc.timeout.max)
2023-02-22 04:46:56,616 [d1d6b5b3-8992-4d07-a0d7-3e282a3f9dd5@group-980B3B2DC03E-FollowerState] INFO  impl.FollowerState (FollowerState.java:run(143)) - d1d6b5b3-8992-4d07-a0d7-3e282a3f9dd5@group-980B3B2DC03E-FollowerState: change to CANDIDATE, lastRpcElapsedTime:5118815835ns, electionTimeout:5112ms
2023-02-22 04:46:56,616 [d1d6b5b3-8992-4d07-a0d7-3e282a3f9dd5@group-980B3B2DC03E-FollowerState] INFO  impl.RoleInfo (RoleInfo.java:shutdownFollowerState(110)) - d1d6b5b3-8992-4d07-a0d7-3e282a3f9dd5: shutdown d1d6b5b3-8992-4d07-a0d7-3e282a3f9dd5@group-980B3B2DC03E-FollowerState
2023-02-22 04:46:56,616 [d1d6b5b3-8992-4d07-a0d7-3e282a3f9dd5@group-980B3B2DC03E-FollowerState] INFO  server.RaftServer$Division (RaftServerImpl.java:setRole(321)) - d1d6b5b3-8992-4d07-a0d7-3e282a3f9dd5@group-980B3B2DC03E: changes role from  FOLLOWER to CANDIDATE at term 0 for changeToCandidate
2023-02-22 04:46:56,616 [d1d6b5b3-8992-4d07-a0d7-3e282a3f9dd5@group-980B3B2DC03E-FollowerState] INFO  server.RaftServerConfigKeys (ConfUtils.java:logGet(46)) - raft.server.leaderelection.pre-vote = true (default)
2023-02-22 04:46:56,616 [d1d6b5b3-8992-4d07-a0d7-3e282a3f9dd5@group-980B3B2DC03E-FollowerState] INFO  impl.RoleInfo (RoleInfo.java:updateAndGet(139)) - d1d6b5b3-8992-4d07-a0d7-3e282a3f9dd5: start d1d6b5b3-8992-4d07-a0d7-3e282a3f9dd5@group-980B3B2DC03E-LeaderElection19
2023-02-22 04:46:56,626 [bcabacfb-ac1d-48a8-b317-6e9b6c6dcdfe@group-04E6B56B7AA5-FollowerState] INFO  server.RaftServerConfigKeys (ConfUtils.java:logFallback(53)) - raft.server.rpc.first-election.timeout.min = 5s (fallback to raft.server.rpc.timeout.min)
2023-02-22 04:46:56,626 [bcabacfb-ac1d-48a8-b317-6e9b6c6dcdfe@group-04E6B56B7AA5-FollowerState] INFO  server.RaftServerConfigKeys (ConfUtils.java:logFallback(53)) - raft.server.rpc.first-election.timeout.max = 5200ms (fallback to raft.server.rpc.timeout.max)
2023-02-22 04:46:56,632 [d1d6b5b3-8992-4d07-a0d7-3e282a3f9dd5@group-980B3B2DC03E-LeaderElection19] INFO  impl.LeaderElection (LeaderElection.java:askForVotes(312)) - d1d6b5b3-8992-4d07-a0d7-3e282a3f9dd5@group-980B3B2DC03E-LeaderElection19 PRE_VOTE round 0: submit vote requests at term 0 for -1: peers:[d1d6b5b3-8992-4d07-a0d7-3e282a3f9dd5|rpc:10.1.78.0:39709|dataStream:10.1.78.0:39033|priority:1|startupRole:FOLLOWER]|listeners:[], old=null
2023-02-22 04:46:56,632 [d1d6b5b3-8992-4d07-a0d7-3e282a3f9dd5@group-980B3B2DC03E-LeaderElection19] INFO  impl.LeaderElection (LeaderElection.java:askForVotes(314)) - d1d6b5b3-8992-4d07-a0d7-3e282a3f9dd5@group-980B3B2DC03E-LeaderElection19 PRE_VOTE round 0: result PASSED (term=0)
2023-02-22 04:46:56,634 [grpc-default-executor-11] INFO  server.RaftServer$Division (RaftServerImpl.java:requestVote(1218)) - d1d6b5b3-8992-4d07-a0d7-3e282a3f9dd5@group-04E6B56B7AA5: receive requestVote(PRE_VOTE, c601ec4f-f98c-429e-8a55-42b7705082ea, group-04E6B56B7AA5, 0, (t:0, i:0))
2023-02-22 04:46:56,634 [grpc-default-executor-11] INFO  impl.VoteContext (VoteContext.java:log(49)) - d1d6b5b3-8992-4d07-a0d7-3e282a3f9dd5@group-04E6B56B7AA5-FOLLOWER: accept PRE_VOTE from c601ec4f-f98c-429e-8a55-42b7705082ea: our priority 0 <= candidate's priority 1
2023-02-22 04:46:56,634 [grpc-default-executor-11] INFO  server.RaftServer$Division (RaftServerImpl.java:requestVote(1251)) - d1d6b5b3-8992-4d07-a0d7-3e282a3f9dd5@group-04E6B56B7AA5 replies to PRE_VOTE vote request: c601ec4f-f98c-429e-8a55-42b7705082ea<-d1d6b5b3-8992-4d07-a0d7-3e282a3f9dd5#0:OK-t0. Peer's state: d1d6b5b3-8992-4d07-a0d7-3e282a3f9dd5@group-04E6B56B7AA5:t0, leader=null, voted=, raftlog=Memoized:d1d6b5b3-8992-4d07-a0d7-3e282a3f9dd5@group-04E6B56B7AA5-SegmentedRaftLog:OPENED:c-1, conf=-1: peers:[bcabacfb-ac1d-48a8-b317-6e9b6c6dcdfe|rpc:10.1.78.0:42171|dataStream:10.1.78.0:38271|priority:0|startupRole:FOLLOWER, c601ec4f-f98c-429e-8a55-42b7705082ea|rpc:10.1.78.0:38585|dataStream:10.1.78.0:37575|priority:1|startupRole:FOLLOWER, d1d6b5b3-8992-4d07-a0d7-3e282a3f9dd5|rpc:10.1.78.0:39709|dataStream:10.1.78.0:39033|priority:0|startupRole:FOLLOWER]|listeners:[], old=null
2023-02-22 04:46:56,635 [d1d6b5b3-8992-4d07-a0d7-3e282a3f9dd5@group-980B3B2DC03E-LeaderElection19] INFO  impl.LeaderElection (LeaderElection.java:askForVotes(312)) - d1d6b5b3-8992-4d07-a0d7-3e282a3f9dd5@group-980B3B2DC03E-LeaderElection19 ELECTION round 0: submit vote requests at term 1 for -1: peers:[d1d6b5b3-8992-4d07-a0d7-3e282a3f9dd5|rpc:10.1.78.0:39709|dataStream:10.1.78.0:39033|priority:1|startupRole:FOLLOWER]|listeners:[], old=null
2023-02-22 04:46:56,635 [d1d6b5b3-8992-4d07-a0d7-3e282a3f9dd5@group-980B3B2DC03E-LeaderElection19] INFO  impl.LeaderElection (LeaderElection.java:askForVotes(314)) - d1d6b5b3-8992-4d07-a0d7-3e282a3f9dd5@group-980B3B2DC03E-LeaderElection19 ELECTION round 0: result PASSED (term=1)
2023-02-22 04:46:56,635 [d1d6b5b3-8992-4d07-a0d7-3e282a3f9dd5@group-980B3B2DC03E-LeaderElection19] INFO  impl.RoleInfo (RoleInfo.java:shutdownLeaderElection(130)) - d1d6b5b3-8992-4d07-a0d7-3e282a3f9dd5: shutdown d1d6b5b3-8992-4d07-a0d7-3e282a3f9dd5@group-980B3B2DC03E-LeaderElection19
2023-02-22 04:46:56,635 [d1d6b5b3-8992-4d07-a0d7-3e282a3f9dd5@group-980B3B2DC03E-LeaderElection19] INFO  server.RaftServer$Division (RaftServerImpl.java:setRole(321)) - d1d6b5b3-8992-4d07-a0d7-3e282a3f9dd5@group-980B3B2DC03E: changes role from CANDIDATE to LEADER at term 1 for changeToLeader
2023-02-22 04:46:56,635 [d1d6b5b3-8992-4d07-a0d7-3e282a3f9dd5@group-980B3B2DC03E-LeaderElection19] INFO  ratis.XceiverServerRatis (XceiverServerRatis.java:handleLeaderChangedNotification(905)) - Leader change notification received for group: group-980B3B2DC03E with new leaderId: d1d6b5b3-8992-4d07-a0d7-3e282a3f9dd5
2023-02-22 04:46:56,635 [d1d6b5b3-8992-4d07-a0d7-3e282a3f9dd5@group-980B3B2DC03E-LeaderElection19] INFO  server.RaftServer$Division (ServerState.java:setLeader(313)) - d1d6b5b3-8992-4d07-a0d7-3e282a3f9dd5@group-980B3B2DC03E: change Leader from null to d1d6b5b3-8992-4d07-a0d7-3e282a3f9dd5 at term 1 for becomeLeader, leader elected after 5153ms
2023-02-22 04:46:56,635 [d1d6b5b3-8992-4d07-a0d7-3e282a3f9dd5@group-980B3B2DC03E-LeaderElection19] INFO  server.RaftServerConfigKeys (ConfUtils.java:logGet(46)) - raft.server.staging.catchup.gap = 1000 (default)
2023-02-22 04:46:56,635 [d1d6b5b3-8992-4d07-a0d7-3e282a3f9dd5@group-980B3B2DC03E-LeaderElection19] INFO  server.RaftServerConfigKeys (ConfUtils.java:logGet(46)) - raft.server.write.element-limit = 1024 (custom)
2023-02-22 04:46:56,635 [d1d6b5b3-8992-4d07-a0d7-3e282a3f9dd5@group-980B3B2DC03E-LeaderElection19] INFO  server.RaftServerConfigKeys (ConfUtils.java:logGet(46)) - raft.server.write.byte-limit = 1024 M (=1073741824) (custom)
2023-02-22 04:46:56,635 [d1d6b5b3-8992-4d07-a0d7-3e282a3f9dd5@group-980B3B2DC03E-LeaderElection19] INFO  server.RaftServerConfigKeys (ConfUtils.java:logGet(46)) - raft.server.watch.timeout = 180s (custom)
2023-02-22 04:46:56,635 [d1d6b5b3-8992-4d07-a0d7-3e282a3f9dd5@group-980B3B2DC03E-LeaderElection19] INFO  server.RaftServerConfigKeys (ConfUtils.java:logGet(46)) - raft.server.watch.timeout.denomination = 1s (default)
2023-02-22 04:46:56,635 [d1d6b5b3-8992-4d07-a0d7-3e282a3f9dd5@group-980B3B2DC03E-LeaderElection19] INFO  server.RaftServerConfigKeys (ConfUtils.java:logGet(46)) - raft.server.watch.element-limit = 65536 (default)
2023-02-22 04:46:56,635 [d1d6b5b3-8992-4d07-a0d7-3e282a3f9dd5@group-980B3B2DC03E-LeaderElection19] INFO  server.RaftServerConfigKeys (ConfUtils.java:logGet(46)) - raft.server.write.element-limit = 1024 (custom)
2023-02-22 04:46:56,635 [d1d6b5b3-8992-4d07-a0d7-3e282a3f9dd5@group-980B3B2DC03E-LeaderElection19] INFO  server.RaftServerConfigKeys (ConfUtils.java:logGet(46)) - raft.server.write.follower.gap.ratio.max = -1.0 (default)
2023-02-22 04:46:56,637 [grpc-default-executor-11] INFO  server.RaftServer$Division (RaftServerImpl.java:requestVote(1218)) - bcabacfb-ac1d-48a8-b317-6e9b6c6dcdfe@group-04E6B56B7AA5: receive requestVote(PRE_VOTE, c601ec4f-f98c-429e-8a55-42b7705082ea, group-04E6B56B7AA5, 0, (t:0, i:0))
2023-02-22 04:46:56,638 [grpc-default-executor-11] INFO  impl.VoteContext (VoteContext.java:log(49)) - bcabacfb-ac1d-48a8-b317-6e9b6c6dcdfe@group-04E6B56B7AA5-FOLLOWER: accept PRE_VOTE from c601ec4f-f98c-429e-8a55-42b7705082ea: our priority 0 <= candidate's priority 1
2023-02-22 04:46:56,638 [grpc-default-executor-11] INFO  server.RaftServer$Division (RaftServerImpl.java:requestVote(1251)) - bcabacfb-ac1d-48a8-b317-6e9b6c6dcdfe@group-04E6B56B7AA5 replies to PRE_VOTE vote request: c601ec4f-f98c-429e-8a55-42b7705082ea<-bcabacfb-ac1d-48a8-b317-6e9b6c6dcdfe#0:OK-t0. Peer's state: bcabacfb-ac1d-48a8-b317-6e9b6c6dcdfe@group-04E6B56B7AA5:t0, leader=null, voted=, raftlog=Memoized:bcabacfb-ac1d-48a8-b317-6e9b6c6dcdfe@group-04E6B56B7AA5-SegmentedRaftLog:OPENED:c-1, conf=-1: peers:[bcabacfb-ac1d-48a8-b317-6e9b6c6dcdfe|rpc:10.1.78.0:42171|dataStream:10.1.78.0:38271|priority:0|startupRole:FOLLOWER, c601ec4f-f98c-429e-8a55-42b7705082ea|rpc:10.1.78.0:38585|dataStream:10.1.78.0:37575|priority:1|startupRole:FOLLOWER, d1d6b5b3-8992-4d07-a0d7-3e282a3f9dd5|rpc:10.1.78.0:39709|dataStream:10.1.78.0:39033|priority:0|startupRole:FOLLOWER]|listeners:[], old=null
2023-02-22 04:46:56,640 [c601ec4f-f98c-429e-8a55-42b7705082ea@group-04E6B56B7AA5-LeaderElection18] INFO  impl.LeaderElection (LeaderElection.java:logAndReturn(90)) - c601ec4f-f98c-429e-8a55-42b7705082ea@group-04E6B56B7AA5-LeaderElection18: PRE_VOTE PASSED received 1 response(s) and 0 exception(s):
2023-02-22 04:46:56,640 [c601ec4f-f98c-429e-8a55-42b7705082ea@group-04E6B56B7AA5-LeaderElection18] INFO  impl.LeaderElection (LeaderElection.java:logAndReturn(94)) -   Response 0: c601ec4f-f98c-429e-8a55-42b7705082ea<-d1d6b5b3-8992-4d07-a0d7-3e282a3f9dd5#0:OK-t0
2023-02-22 04:46:56,640 [c601ec4f-f98c-429e-8a55-42b7705082ea@group-04E6B56B7AA5-LeaderElection18] INFO  impl.LeaderElection (LeaderElection.java:askForVotes(314)) - c601ec4f-f98c-429e-8a55-42b7705082ea@group-04E6B56B7AA5-LeaderElection18 PRE_VOTE round 0: result PASSED
2023-02-22 04:46:56,640 [EventQueue-OpenPipelineForHealthyPipelineSafeModeRule] INFO  safemode.SCMSafeModeManager (HealthyPipelineSafeModeRule.java:process(137)) - SCM in safe mode. Healthy pipelines reported count is 0, required healthy pipeline reported count is 1
2023-02-22 04:46:56,642 [c601ec4f-f98c-429e-8a55-42b7705082ea@group-04E6B56B7AA5-LeaderElection18] INFO  impl.LeaderElection (LeaderElection.java:askForVotes(312)) - c601ec4f-f98c-429e-8a55-42b7705082ea@group-04E6B56B7AA5-LeaderElection18 ELECTION round 0: submit vote requests at term 1 for -1: peers:[bcabacfb-ac1d-48a8-b317-6e9b6c6dcdfe|rpc:10.1.78.0:42171|dataStream:10.1.78.0:38271|priority:0|startupRole:FOLLOWER, c601ec4f-f98c-429e-8a55-42b7705082ea|rpc:10.1.78.0:38585|dataStream:10.1.78.0:37575|priority:1|startupRole:FOLLOWER, d1d6b5b3-8992-4d07-a0d7-3e282a3f9dd5|rpc:10.1.78.0:39709|dataStream:10.1.78.0:39033|priority:0|startupRole:FOLLOWER]|listeners:[], old=null
2023-02-22 04:46:56,644 [c601ec4f-f98c-429e-8a55-42b7705082ea@group-04E6B56B7AA5-LeaderElection18] INFO  server.RaftServerConfigKeys (ConfUtils.java:logFallback(53)) - raft.server.rpc.first-election.timeout.min = 5s (fallback to raft.server.rpc.timeout.min)
2023-02-22 04:46:56,644 [c601ec4f-f98c-429e-8a55-42b7705082ea@group-04E6B56B7AA5-LeaderElection18] INFO  server.RaftServerConfigKeys (ConfUtils.java:logFallback(53)) - raft.server.rpc.first-election.timeout.max = 5200ms (fallback to raft.server.rpc.timeout.max)
2023-02-22 04:46:56,644 [grpc-default-executor-11] INFO  server.RaftServer$Division (RaftServerImpl.java:requestVote(1218)) - bcabacfb-ac1d-48a8-b317-6e9b6c6dcdfe@group-04E6B56B7AA5: receive requestVote(ELECTION, c601ec4f-f98c-429e-8a55-42b7705082ea, group-04E6B56B7AA5, 1, (t:0, i:0))
2023-02-22 04:46:56,640 [d1d6b5b3-8992-4d07-a0d7-3e282a3f9dd5@group-980B3B2DC03E-LeaderElection19] INFO  impl.RoleInfo (RoleInfo.java:updateAndGet(139)) - d1d6b5b3-8992-4d07-a0d7-3e282a3f9dd5: start d1d6b5b3-8992-4d07-a0d7-3e282a3f9dd5@group-980B3B2DC03E-LeaderStateImpl
2023-02-22 04:46:56,645 [grpc-default-executor-11] INFO  impl.VoteContext (VoteContext.java:log(49)) - bcabacfb-ac1d-48a8-b317-6e9b6c6dcdfe@group-04E6B56B7AA5-FOLLOWER: accept ELECTION from c601ec4f-f98c-429e-8a55-42b7705082ea: our priority 0 <= candidate's priority 1
2023-02-22 04:46:56,645 [grpc-default-executor-11] INFO  server.RaftServer$Division (RaftServerImpl.java:setRole(321)) - bcabacfb-ac1d-48a8-b317-6e9b6c6dcdfe@group-04E6B56B7AA5: changes role from  FOLLOWER to FOLLOWER at term 1 for candidate:c601ec4f-f98c-429e-8a55-42b7705082ea
2023-02-22 04:46:56,645 [grpc-default-executor-11] INFO  impl.RoleInfo (RoleInfo.java:shutdownFollowerState(110)) - bcabacfb-ac1d-48a8-b317-6e9b6c6dcdfe: shutdown bcabacfb-ac1d-48a8-b317-6e9b6c6dcdfe@group-04E6B56B7AA5-FollowerState
2023-02-22 04:46:56,645 [d1d6b5b3-8992-4d07-a0d7-3e282a3f9dd5@group-980B3B2DC03E-LeaderElection19] INFO  segmented.SegmentedRaftLogWorker (SegmentedRaftLogWorker.java:startLogSegment(452)) - d1d6b5b3-8992-4d07-a0d7-3e282a3f9dd5@group-980B3B2DC03E-SegmentedRaftLogWorker: Starting segment from index:0
2023-02-22 04:46:56,645 [grpc-default-executor-11] INFO  impl.RoleInfo (RoleInfo.java:updateAndGet(139)) - bcabacfb-ac1d-48a8-b317-6e9b6c6dcdfe: start bcabacfb-ac1d-48a8-b317-6e9b6c6dcdfe@group-04E6B56B7AA5-FollowerState
2023-02-22 04:46:56,645 [bcabacfb-ac1d-48a8-b317-6e9b6c6dcdfe@group-04E6B56B7AA5-FollowerState] INFO  impl.FollowerState (FollowerState.java:run(152)) - bcabacfb-ac1d-48a8-b317-6e9b6c6dcdfe@group-04E6B56B7AA5-FollowerState was interrupted
2023-02-22 04:46:56,646 [bcabacfb-ac1d-48a8-b317-6e9b6c6dcdfe@group-04E6B56B7AA5-FollowerState] INFO  server.RaftServerConfigKeys (ConfUtils.java:logFallback(53)) - raft.server.rpc.first-election.timeout.min = 5s (fallback to raft.server.rpc.timeout.min)
2023-02-22 04:46:56,646 [bcabacfb-ac1d-48a8-b317-6e9b6c6dcdfe@group-04E6B56B7AA5-FollowerState] INFO  server.RaftServerConfigKeys (ConfUtils.java:logFallback(53)) - raft.server.rpc.first-election.timeout.max = 5200ms (fallback to raft.server.rpc.timeout.max)
2023-02-22 04:46:56,649 [grpc-default-executor-11] INFO  server.RaftServer$Division (RaftServerImpl.java:requestVote(1251)) - bcabacfb-ac1d-48a8-b317-6e9b6c6dcdfe@group-04E6B56B7AA5 replies to ELECTION vote request: c601ec4f-f98c-429e-8a55-42b7705082ea<-bcabacfb-ac1d-48a8-b317-6e9b6c6dcdfe#0:OK-t1. Peer's state: bcabacfb-ac1d-48a8-b317-6e9b6c6dcdfe@group-04E6B56B7AA5:t1, leader=null, voted=c601ec4f-f98c-429e-8a55-42b7705082ea, raftlog=Memoized:bcabacfb-ac1d-48a8-b317-6e9b6c6dcdfe@group-04E6B56B7AA5-SegmentedRaftLog:OPENED:c-1, conf=-1: peers:[bcabacfb-ac1d-48a8-b317-6e9b6c6dcdfe|rpc:10.1.78.0:42171|dataStream:10.1.78.0:38271|priority:0|startupRole:FOLLOWER, c601ec4f-f98c-429e-8a55-42b7705082ea|rpc:10.1.78.0:38585|dataStream:10.1.78.0:37575|priority:1|startupRole:FOLLOWER, d1d6b5b3-8992-4d07-a0d7-3e282a3f9dd5|rpc:10.1.78.0:39709|dataStream:10.1.78.0:39033|priority:0|startupRole:FOLLOWER]|listeners:[], old=null
2023-02-22 04:46:56,650 [d1d6b5b3-8992-4d07-a0d7-3e282a3f9dd5@group-980B3B2DC03E-SegmentedRaftLogWorker] INFO  segmented.SegmentedRaftLogWorker (SegmentedRaftLogWorker.java:execute(656)) - d1d6b5b3-8992-4d07-a0d7-3e282a3f9dd5@group-980B3B2DC03E-SegmentedRaftLogWorker: created new log segment /home/runner/work/ozone/ozone/hadoop-ozone/integration-test/target/test-dir/MiniOzoneClusterImpl-7cc88fad-c9bf-4c80-b076-d2cf48673a1e/datanode-0/data/ratis/a6b8acb8-e6c3-47cd-a96e-980b3b2dc03e/current/log_inprogress_0
2023-02-22 04:46:56,654 [d1d6b5b3-8992-4d07-a0d7-3e282a3f9dd5@group-980B3B2DC03E-LeaderElection19] INFO  server.RaftServer$Division (ServerState.java:setRaftConf(430)) - d1d6b5b3-8992-4d07-a0d7-3e282a3f9dd5@group-980B3B2DC03E: set configuration 0: peers:[d1d6b5b3-8992-4d07-a0d7-3e282a3f9dd5|rpc:10.1.78.0:39709|dataStream:10.1.78.0:39033|priority:1|startupRole:FOLLOWER]|listeners:[], old=null
2023-02-22 04:46:56,658 [grpc-default-executor-16] INFO  server.RaftServer$Division (RaftServerImpl.java:requestVote(1218)) - d1d6b5b3-8992-4d07-a0d7-3e282a3f9dd5@group-04E6B56B7AA5: receive requestVote(ELECTION, c601ec4f-f98c-429e-8a55-42b7705082ea, group-04E6B56B7AA5, 1, (t:0, i:0))
2023-02-22 04:46:56,663 [grpc-default-executor-16] INFO  impl.VoteContext (VoteContext.java:log(49)) - d1d6b5b3-8992-4d07-a0d7-3e282a3f9dd5@group-04E6B56B7AA5-FOLLOWER: accept ELECTION from c601ec4f-f98c-429e-8a55-42b7705082ea: our priority 0 <= candidate's priority 1
2023-02-22 04:46:56,663 [grpc-default-executor-16] INFO  server.RaftServer$Division (RaftServerImpl.java:setRole(321)) - d1d6b5b3-8992-4d07-a0d7-3e282a3f9dd5@group-04E6B56B7AA5: changes role from  FOLLOWER to FOLLOWER at term 1 for candidate:c601ec4f-f98c-429e-8a55-42b7705082ea
2023-02-22 04:46:56,663 [grpc-default-executor-16] INFO  impl.RoleInfo (RoleInfo.java:shutdownFollowerState(110)) - d1d6b5b3-8992-4d07-a0d7-3e282a3f9dd5: shutdown d1d6b5b3-8992-4d07-a0d7-3e282a3f9dd5@group-04E6B56B7AA5-FollowerState
2023-02-22 04:46:56,663 [grpc-default-executor-16] INFO  impl.RoleInfo (RoleInfo.java:updateAndGet(139)) - d1d6b5b3-8992-4d07-a0d7-3e282a3f9dd5: start d1d6b5b3-8992-4d07-a0d7-3e282a3f9dd5@group-04E6B56B7AA5-FollowerState
2023-02-22 04:46:56,663 [d1d6b5b3-8992-4d07-a0d7-3e282a3f9dd5@group-04E6B56B7AA5-FollowerState] INFO  impl.FollowerState (FollowerState.java:run(152)) - d1d6b5b3-8992-4d07-a0d7-3e282a3f9dd5@group-04E6B56B7AA5-FollowerState was interrupted
2023-02-22 04:46:56,658 [c601ec4f-f98c-429e-8a55-42b7705082ea@group-04E6B56B7AA5-LeaderElection18] INFO  impl.LeaderElection (LeaderElection.java:logAndReturn(90)) - c601ec4f-f98c-429e-8a55-42b7705082ea@group-04E6B56B7AA5-LeaderElection18: ELECTION PASSED received 1 response(s) and 0 exception(s):
2023-02-22 04:46:56,663 [c601ec4f-f98c-429e-8a55-42b7705082ea@group-04E6B56B7AA5-LeaderElection18] INFO  impl.LeaderElection (LeaderElection.java:logAndReturn(94)) -   Response 0: c601ec4f-f98c-429e-8a55-42b7705082ea<-bcabacfb-ac1d-48a8-b317-6e9b6c6dcdfe#0:OK-t1
2023-02-22 04:46:56,664 [grpc-default-executor-16] INFO  server.RaftServer$Division (RaftServerImpl.java:requestVote(1251)) - d1d6b5b3-8992-4d07-a0d7-3e282a3f9dd5@group-04E6B56B7AA5 replies to ELECTION vote request: c601ec4f-f98c-429e-8a55-42b7705082ea<-d1d6b5b3-8992-4d07-a0d7-3e282a3f9dd5#0:OK-t1. Peer's state: d1d6b5b3-8992-4d07-a0d7-3e282a3f9dd5@group-04E6B56B7AA5:t1, leader=null, voted=c601ec4f-f98c-429e-8a55-42b7705082ea, raftlog=Memoized:d1d6b5b3-8992-4d07-a0d7-3e282a3f9dd5@group-04E6B56B7AA5-SegmentedRaftLog:OPENED:c-1, conf=-1: peers:[bcabacfb-ac1d-48a8-b317-6e9b6c6dcdfe|rpc:10.1.78.0:42171|dataStream:10.1.78.0:38271|priority:0|startupRole:FOLLOWER, c601ec4f-f98c-429e-8a55-42b7705082ea|rpc:10.1.78.0:38585|dataStream:10.1.78.0:37575|priority:1|startupRole:FOLLOWER, d1d6b5b3-8992-4d07-a0d7-3e282a3f9dd5|rpc:10.1.78.0:39709|dataStream:10.1.78.0:39033|priority:0|startupRole:FOLLOWER]|listeners:[], old=null
2023-02-22 04:46:56,669 [c601ec4f-f98c-429e-8a55-42b7705082ea@group-04E6B56B7AA5-LeaderElection18] INFO  impl.LeaderElection (LeaderElection.java:askForVotes(314)) - c601ec4f-f98c-429e-8a55-42b7705082ea@group-04E6B56B7AA5-LeaderElection18 ELECTION round 0: result PASSED
2023-02-22 04:46:56,669 [c601ec4f-f98c-429e-8a55-42b7705082ea@group-04E6B56B7AA5-LeaderElection18] INFO  impl.RoleInfo (RoleInfo.java:shutdownLeaderElection(130)) - c601ec4f-f98c-429e-8a55-42b7705082ea: shutdown c601ec4f-f98c-429e-8a55-42b7705082ea@group-04E6B56B7AA5-LeaderElection18
2023-02-22 04:46:56,669 [c601ec4f-f98c-429e-8a55-42b7705082ea@group-04E6B56B7AA5-LeaderElection18] INFO  server.RaftServer$Division (RaftServerImpl.java:setRole(321)) - c601ec4f-f98c-429e-8a55-42b7705082ea@group-04E6B56B7AA5: changes role from CANDIDATE to LEADER at term 1 for changeToLeader
2023-02-22 04:46:56,669 [c601ec4f-f98c-429e-8a55-42b7705082ea@group-04E6B56B7AA5-LeaderElection18] INFO  ratis.XceiverServerRatis (XceiverServerRatis.java:handleLeaderChangedNotification(905)) - Leader change notification received for group: group-04E6B56B7AA5 with new leaderId: c601ec4f-f98c-429e-8a55-42b7705082ea
2023-02-22 04:46:56,669 [c601ec4f-f98c-429e-8a55-42b7705082ea@group-04E6B56B7AA5-LeaderElection18] INFO  server.RaftServer$Division (ServerState.java:setLeader(313)) - c601ec4f-f98c-429e-8a55-42b7705082ea@group-04E6B56B7AA5: change Leader from null to c601ec4f-f98c-429e-8a55-42b7705082ea at term 1 for becomeLeader, leader elected after 5097ms
2023-02-22 04:46:56,669 [c601ec4f-f98c-429e-8a55-42b7705082ea@group-04E6B56B7AA5-LeaderElection18] INFO  server.RaftServerConfigKeys (ConfUtils.java:logGet(46)) - raft.server.staging.catchup.gap = 1000 (default)
2023-02-22 04:46:56,670 [c601ec4f-f98c-429e-8a55-42b7705082ea@group-04E6B56B7AA5-LeaderElection18] INFO  server.RaftServerConfigKeys (ConfUtils.java:logGet(46)) - raft.server.write.element-limit = 1024 (custom)
2023-02-22 04:46:56,670 [c601ec4f-f98c-429e-8a55-42b7705082ea@group-04E6B56B7AA5-LeaderElection18] INFO  server.RaftServerConfigKeys (ConfUtils.java:logGet(46)) - raft.server.write.byte-limit = 1024 M (=1073741824) (custom)
2023-02-22 04:46:56,670 [c601ec4f-f98c-429e-8a55-42b7705082ea@group-04E6B56B7AA5-LeaderElection18] INFO  server.RaftServerConfigKeys (ConfUtils.java:logGet(46)) - raft.server.watch.timeout = 180s (custom)
2023-02-22 04:46:56,670 [c601ec4f-f98c-429e-8a55-42b7705082ea@group-04E6B56B7AA5-LeaderElection18] INFO  server.RaftServerConfigKeys (ConfUtils.java:logGet(46)) - raft.server.watch.timeout.denomination = 1s (default)
2023-02-22 04:46:56,670 [c601ec4f-f98c-429e-8a55-42b7705082ea@group-04E6B56B7AA5-LeaderElection18] INFO  server.RaftServerConfigKeys (ConfUtils.java:logGet(46)) - raft.server.watch.element-limit = 65536 (default)
2023-02-22 04:46:56,672 [c601ec4f-f98c-429e-8a55-42b7705082ea@group-04E6B56B7AA5-LeaderElection18] INFO  server.RaftServerConfigKeys (ConfUtils.java:logGet(46)) - raft.server.write.element-limit = 1024 (custom)
2023-02-22 04:46:56,672 [c601ec4f-f98c-429e-8a55-42b7705082ea@group-04E6B56B7AA5-LeaderElection18] INFO  server.RaftServerConfigKeys (ConfUtils.java:logGet(46)) - raft.server.write.follower.gap.ratio.max = -1.0 (default)
2023-02-22 04:46:56,672 [c601ec4f-f98c-429e-8a55-42b7705082ea@group-04E6B56B7AA5-LeaderElection18] INFO  server.RaftServerConfigKeys (ConfUtils.java:logGet(46)) - raft.server.log.appender.snapshot.chunk.size.max = 16MB (=16777216) (default)
2023-02-22 04:46:56,672 [c601ec4f-f98c-429e-8a55-42b7705082ea@group-04E6B56B7AA5-LeaderElection18] INFO  server.RaftServerConfigKeys (ConfUtils.java:logGet(46)) - raft.server.log.appender.buffer.byte-limit = 33554432 (custom)
2023-02-22 04:46:56,672 [c601ec4f-f98c-429e-8a55-42b7705082ea@group-04E6B56B7AA5-LeaderElection18] INFO  server.RaftServerConfigKeys (ConfUtils.java:logGet(46)) - raft.server.log.appender.buffer.element-limit = 1 (custom)
2023-02-22 04:46:56,672 [c601ec4f-f98c-429e-8a55-42b7705082ea@group-04E6B56B7AA5-LeaderElection18] INFO  grpc.GrpcConfigKeys (ConfUtils.java:logGet(46)) - raft.grpc.server.leader.outstanding.appends.max = 128 (default)
2023-02-22 04:46:56,674 [EventQueue-PipelineReportForPipelineReportHandler] INFO  pipeline.PipelineManagerImpl (PipelineManagerImpl.java:openPipeline(367)) - Pipeline Pipeline[ Id: 81fdc0e0-6a4a-4b0b-a410-04e6b56b7aa5, Nodes: d1d6b5b3-8992-4d07-a0d7-3e282a3f9dd5(fv-az748-120.4k5rsvd4cmqu5oxra434zmszlb.cx.internal.cloudapp.net/10.1.78.0)bcabacfb-ac1d-48a8-b317-6e9b6c6dcdfe(fv-az748-120.4k5rsvd4cmqu5oxra434zmszlb.cx.internal.cloudapp.net/10.1.78.0)c601ec4f-f98c-429e-8a55-42b7705082ea(fv-az748-120.4k5rsvd4cmqu5oxra434zmszlb.cx.internal.cloudapp.net/10.1.78.0), ReplicationConfig: RATIS/THREE, State:ALLOCATED, leaderId:c601ec4f-f98c-429e-8a55-42b7705082ea, CreationTimestamp2023-02-22T04:46:49.202Z[Etc/UTC]] moved to OPEN state
2023-02-22 04:46:56,675 [EventQueue-OpenPipelineForHealthyPipelineSafeModeRule] INFO  safemode.SCMSafeModeManager (HealthyPipelineSafeModeRule.java:process(137)) - SCM in safe mode. Healthy pipelines reported count is 1, required healthy pipeline reported count is 1
2023-02-22 04:46:56,675 [EventQueue-OpenPipelineForHealthyPipelineSafeModeRule] INFO  safemode.SCMSafeModeManager (SCMSafeModeManager.java:validateSafeModeExitRules(200)) - HealthyPipelineSafeModeRule rule is successfully validated
2023-02-22 04:46:56,675 [EventQueue-OpenPipelineForHealthyPipelineSafeModeRule] INFO  safemode.SCMSafeModeManager (SCMSafeModeManager.java:validateSafeModeExitRules(215)) - ScmSafeModeManager, all rules are successfully validated
2023-02-22 04:46:56,675 [EventQueue-OpenPipelineForHealthyPipelineSafeModeRule] INFO  safemode.SCMSafeModeManager (SCMSafeModeManager.java:exitSafeMode(244)) - SCM exiting safe mode.
2023-02-22 04:46:56,675 [EventQueue-OpenPipelineForHealthyPipelineSafeModeRule] INFO  ha.SCMContext (SCMContext.java:updateSafeModeStatus(228)) - Update SafeModeStatus from SafeModeStatus{safeModeStatus=true, preCheckPassed=true} to SafeModeStatus{safeModeStatus=false, preCheckPassed=true}.
2023-02-22 04:46:56,675 [EventQueue-OpenPipelineForHealthyPipelineSafeModeRule] INFO  pipeline.BackgroundPipelineCreator (BackgroundPipelineCreator.java:notifyStatusChanged(254)) - Service BackgroundPipelineCreator transitions to RUNNING.
2023-02-22 04:46:56,675 [EventQueue-OpenPipelineForHealthyPipelineSafeModeRule] INFO  BackgroundPipelineScrubber (BackgroundSCMService.java:notifyStatusChanged(82)) - Service BackgroundPipelineScrubber transitions to RUNNING.
2023-02-22 04:46:56,675 [EventQueue-OpenPipelineForHealthyPipelineSafeModeRule] INFO  ExpiredContainerReplicaOpScrubber (BackgroundSCMService.java:notifyStatusChanged(82)) - Service ExpiredContainerReplicaOpScrubber transitions to RUNNING.
2023-02-22 04:46:56,675 [EventQueue-OpenPipelineForHealthyPipelineSafeModeRule] INFO  replication.ReplicationManager (ReplicationManager.java:notifyStatusChanged(1083)) - Service ReplicationManager transitions to RUNNING.
2023-02-22 04:46:56,675 [EventQueue-OpenPipelineForHealthyPipelineSafeModeRule] WARN  balancer.ContainerBalancer (ContainerBalancer.java:shouldRun(131)) - Could not find persisted configuration for ContainerBalancer when checking if ContainerBalancer should run. ContainerBalancer should not run now.
2023-02-22 04:46:56,674 [c601ec4f-f98c-429e-8a55-42b7705082ea@group-04E6B56B7AA5-LeaderElection18] INFO  server.RaftServerConfigKeys (ConfUtils.java:logGet(46)) - raft.server.rpc.request.timeout = 60s (custom)
2023-02-22 04:46:56,676 [c601ec4f-f98c-429e-8a55-42b7705082ea@group-04E6B56B7AA5-LeaderElection18] INFO  server.RaftServerConfigKeys (ConfUtils.java:logGet(46)) - raft.server.log.appender.install.snapshot.enabled = false (custom)
2023-02-22 04:46:56,676 [c601ec4f-f98c-429e-8a55-42b7705082ea@group-04E6B56B7AA5-LeaderElection18] INFO  grpc.GrpcConfigKeys (ConfUtils.java:logGet(46)) - raft.grpc.server.heartbeat.channel = true (default)
2023-02-22 04:46:56,676 [c601ec4f-f98c-429e-8a55-42b7705082ea@group-04E6B56B7AA5-LeaderElection18] INFO  server.RaftServerConfigKeys (ConfUtils.java:logGet(46)) - raft.server.log.appender.wait-time.min = 10ms (default)
2023-02-22 04:46:56,676 [c601ec4f-f98c-429e-8a55-42b7705082ea@group-04E6B56B7AA5-LeaderElection18] INFO  server.RaftServerConfigKeys (ConfUtils.java:logGet(46)) - raft.server.log.appender.snapshot.chunk.size.max = 16MB (=16777216) (default)
2023-02-22 04:46:56,676 [c601ec4f-f98c-429e-8a55-42b7705082ea@group-04E6B56B7AA5-LeaderElection18] INFO  server.RaftServerConfigKeys (ConfUtils.java:logGet(46)) - raft.server.log.appender.buffer.byte-limit = 33554432 (custom)
2023-02-22 04:46:56,677 [c601ec4f-f98c-429e-8a55-42b7705082ea@group-04E6B56B7AA5-LeaderElection18] INFO  server.RaftServerConfigKeys (ConfUtils.java:logGet(46)) - raft.server.log.appender.buffer.element-limit = 1 (custom)
2023-02-22 04:46:56,677 [c601ec4f-f98c-429e-8a55-42b7705082ea@group-04E6B56B7AA5-LeaderElection18] INFO  grpc.GrpcConfigKeys (ConfUtils.java:logGet(46)) - raft.grpc.server.leader.outstanding.appends.max = 128 (default)
2023-02-22 04:46:56,677 [c601ec4f-f98c-429e-8a55-42b7705082ea@group-04E6B56B7AA5-LeaderElection18] INFO  server.RaftServerConfigKeys (ConfUtils.java:logGet(46)) - raft.server.rpc.request.timeout = 60s (custom)
2023-02-22 04:46:56,677 [c601ec4f-f98c-429e-8a55-42b7705082ea@group-04E6B56B7AA5-LeaderElection18] INFO  server.RaftServerConfigKeys (ConfUtils.java:logGet(46)) - raft.server.log.appender.install.snapshot.enabled = false (custom)
2023-02-22 04:46:56,677 [c601ec4f-f98c-429e-8a55-42b7705082ea@group-04E6B56B7AA5-LeaderElection18] INFO  grpc.GrpcConfigKeys (ConfUtils.java:logGet(46)) - raft.grpc.server.heartbeat.channel = true (default)
2023-02-22 04:46:56,677 [c601ec4f-f98c-429e-8a55-42b7705082ea@group-04E6B56B7AA5-LeaderElection18] INFO  server.RaftServerConfigKeys (ConfUtils.java:logGet(46)) - raft.server.log.appender.wait-time.min = 10ms (default)
2023-02-22 04:46:56,677 [c601ec4f-f98c-429e-8a55-42b7705082ea@group-04E6B56B7AA5-LeaderElection18] INFO  impl.RoleInfo (RoleInfo.java:updateAndGet(139)) - c601ec4f-f98c-429e-8a55-42b7705082ea: start c601ec4f-f98c-429e-8a55-42b7705082ea@group-04E6B56B7AA5-LeaderStateImpl
2023-02-22 04:46:56,677 [c601ec4f-f98c-429e-8a55-42b7705082ea@group-04E6B56B7AA5-LeaderElection18] INFO  segmented.SegmentedRaftLogWorker (SegmentedRaftLogWorker.java:startLogSegment(452)) - c601ec4f-f98c-429e-8a55-42b7705082ea@group-04E6B56B7AA5-SegmentedRaftLogWorker: Starting segment from index:0
2023-02-22 04:46:56,674 [d1d6b5b3-8992-4d07-a0d7-3e282a3f9dd5@group-04E6B56B7AA5-FollowerState] INFO  server.RaftServerConfigKeys (ConfUtils.java:logFallback(53)) - raft.server.rpc.first-election.timeout.min = 5s (fallback to raft.server.rpc.timeout.min)
2023-02-22 04:46:56,677 [d1d6b5b3-8992-4d07-a0d7-3e282a3f9dd5@group-04E6B56B7AA5-FollowerState] INFO  server.RaftServerConfigKeys (ConfUtils.java:logFallback(53)) - raft.server.rpc.first-election.timeout.max = 5200ms (fallback to raft.server.rpc.timeout.max)
2023-02-22 04:46:56,679 [c601ec4f-f98c-429e-8a55-42b7705082ea@group-04E6B56B7AA5-SegmentedRaftLogWorker] INFO  segmented.SegmentedRaftLogWorker (SegmentedRaftLogWorker.java:execute(656)) - c601ec4f-f98c-429e-8a55-42b7705082ea@group-04E6B56B7AA5-SegmentedRaftLogWorker: created new log segment /home/runner/work/ozone/ozone/hadoop-ozone/integration-test/target/test-dir/MiniOzoneClusterImpl-7cc88fad-c9bf-4c80-b076-d2cf48673a1e/datanode-2/data/ratis/81fdc0e0-6a4a-4b0b-a410-04e6b56b7aa5/current/log_inprogress_0
2023-02-22 04:46:56,686 [c601ec4f-f98c-429e-8a55-42b7705082ea@group-04E6B56B7AA5-LeaderElection18] INFO  server.RaftServer$Division (ServerState.java:setRaftConf(430)) - c601ec4f-f98c-429e-8a55-42b7705082ea@group-04E6B56B7AA5: set configuration 0: peers:[bcabacfb-ac1d-48a8-b317-6e9b6c6dcdfe|rpc:10.1.78.0:42171|dataStream:10.1.78.0:38271|priority:0|startupRole:FOLLOWER, c601ec4f-f98c-429e-8a55-42b7705082ea|rpc:10.1.78.0:38585|dataStream:10.1.78.0:37575|priority:1|startupRole:FOLLOWER, d1d6b5b3-8992-4d07-a0d7-3e282a3f9dd5|rpc:10.1.78.0:39709|dataStream:10.1.78.0:39033|priority:0|startupRole:FOLLOWER]|listeners:[], old=null
2023-02-22 04:46:56,687 [bcabacfb-ac1d-48a8-b317-6e9b6c6dcdfe-server-thread1] INFO  ratis.XceiverServerRatis (XceiverServerRatis.java:handleLeaderChangedNotification(905)) - Leader change notification received for group: group-04E6B56B7AA5 with new leaderId: c601ec4f-f98c-429e-8a55-42b7705082ea
2023-02-22 04:46:56,687 [bcabacfb-ac1d-48a8-b317-6e9b6c6dcdfe-server-thread1] INFO  server.RaftServer$Division (ServerState.java:setLeader(313)) - bcabacfb-ac1d-48a8-b317-6e9b6c6dcdfe@group-04E6B56B7AA5: change Leader from null to c601ec4f-f98c-429e-8a55-42b7705082ea at term 1 for appendEntries, leader elected after 5149ms
2023-02-22 04:46:56,694 [bcabacfb-ac1d-48a8-b317-6e9b6c6dcdfe-server-thread1] INFO  server.RaftServer$Division (ServerState.java:setRaftConf(430)) - bcabacfb-ac1d-48a8-b317-6e9b6c6dcdfe@group-04E6B56B7AA5: set configuration 0: peers:[bcabacfb-ac1d-48a8-b317-6e9b6c6dcdfe|rpc:10.1.78.0:42171|dataStream:10.1.78.0:38271|priority:0|startupRole:FOLLOWER, c601ec4f-f98c-429e-8a55-42b7705082ea|rpc:10.1.78.0:38585|dataStream:10.1.78.0:37575|priority:1|startupRole:FOLLOWER, d1d6b5b3-8992-4d07-a0d7-3e282a3f9dd5|rpc:10.1.78.0:39709|dataStream:10.1.78.0:39033|priority:0|startupRole:FOLLOWER]|listeners:[], old=null
2023-02-22 04:46:56,694 [c601ec4f-f98c-429e-8a55-42b7705082ea@group-9644B19BF3F1-FollowerState] INFO  impl.FollowerState (FollowerState.java:run(143)) - c601ec4f-f98c-429e-8a55-42b7705082ea@group-9644B19BF3F1-FollowerState: change to CANDIDATE, lastRpcElapsedTime:5040432495ns, electionTimeout:5035ms
2023-02-22 04:46:56,694 [c601ec4f-f98c-429e-8a55-42b7705082ea@group-9644B19BF3F1-FollowerState] INFO  impl.RoleInfo (RoleInfo.java:shutdownFollowerState(110)) - c601ec4f-f98c-429e-8a55-42b7705082ea: shutdown c601ec4f-f98c-429e-8a55-42b7705082ea@group-9644B19BF3F1-FollowerState
2023-02-22 04:46:56,694 [c601ec4f-f98c-429e-8a55-42b7705082ea@group-9644B19BF3F1-FollowerState] INFO  server.RaftServer$Division (RaftServerImpl.java:setRole(321)) - c601ec4f-f98c-429e-8a55-42b7705082ea@group-9644B19BF3F1: changes role from  FOLLOWER to CANDIDATE at term 0 for changeToCandidate
2023-02-22 04:46:56,694 [c601ec4f-f98c-429e-8a55-42b7705082ea@group-9644B19BF3F1-FollowerState] INFO  server.RaftServerConfigKeys (ConfUtils.java:logGet(46)) - raft.server.leaderelection.pre-vote = true (default)
2023-02-22 04:46:56,694 [c601ec4f-f98c-429e-8a55-42b7705082ea@group-9644B19BF3F1-FollowerState] INFO  impl.RoleInfo (RoleInfo.java:updateAndGet(139)) - c601ec4f-f98c-429e-8a55-42b7705082ea: start c601ec4f-f98c-429e-8a55-42b7705082ea@group-9644B19BF3F1-LeaderElection20
2023-02-22 04:46:56,698 [bcabacfb-ac1d-48a8-b317-6e9b6c6dcdfe-server-thread1] INFO  segmented.SegmentedRaftLogWorker (SegmentedRaftLogWorker.java:startLogSegment(452)) - bcabacfb-ac1d-48a8-b317-6e9b6c6dcdfe@group-04E6B56B7AA5-SegmentedRaftLogWorker: Starting segment from index:0
2023-02-22 04:46:56,700 [bcabacfb-ac1d-48a8-b317-6e9b6c6dcdfe@group-04E6B56B7AA5-SegmentedRaftLogWorker] INFO  segmented.SegmentedRaftLogWorker (SegmentedRaftLogWorker.java:execute(656)) - bcabacfb-ac1d-48a8-b317-6e9b6c6dcdfe@group-04E6B56B7AA5-SegmentedRaftLogWorker: created new log segment /home/runner/work/ozone/ozone/hadoop-ozone/integration-test/target/test-dir/MiniOzoneClusterImpl-7cc88fad-c9bf-4c80-b076-d2cf48673a1e/datanode-1/data/ratis/81fdc0e0-6a4a-4b0b-a410-04e6b56b7aa5/current/log_inprogress_0
2023-02-22 04:46:56,706 [c601ec4f-f98c-429e-8a55-42b7705082ea@group-9644B19BF3F1-LeaderElection20] INFO  impl.LeaderElection (LeaderElection.java:askForVotes(312)) - c601ec4f-f98c-429e-8a55-42b7705082ea@group-9644B19BF3F1-LeaderElection20 PRE_VOTE round 0: submit vote requests at term 0 for -1: peers:[bcabacfb-ac1d-48a8-b317-6e9b6c6dcdfe|rpc:10.1.78.0:42171|dataStream:10.1.78.0:38271|priority:0|startupRole:FOLLOWER, c601ec4f-f98c-429e-8a55-42b7705082ea|rpc:10.1.78.0:38585|dataStream:10.1.78.0:37575|priority:0|startupRole:FOLLOWER, d1d6b5b3-8992-4d07-a0d7-3e282a3f9dd5|rpc:10.1.78.0:39709|dataStream:10.1.78.0:39033|priority:1|startupRole:FOLLOWER]|listeners:[], old=null
2023-02-22 04:46:56,708 [grpc-default-executor-20] INFO  server.RaftServer$Division (RaftServerImpl.java:requestVote(1218)) - bcabacfb-ac1d-48a8-b317-6e9b6c6dcdfe@group-9644B19BF3F1: receive requestVote(PRE_VOTE, c601ec4f-f98c-429e-8a55-42b7705082ea, group-9644B19BF3F1, 0, (t:0, i:0))
2023-02-22 04:46:56,708 [grpc-default-executor-20] INFO  impl.VoteContext (VoteContext.java:log(49)) - bcabacfb-ac1d-48a8-b317-6e9b6c6dcdfe@group-9644B19BF3F1-FOLLOWER: accept PRE_VOTE from c601ec4f-f98c-429e-8a55-42b7705082ea: our priority 0 <= candidate's priority 0
2023-02-22 04:46:56,708 [grpc-default-executor-20] INFO  server.RaftServer$Division (RaftServerImpl.java:requestVote(1251)) - bcabacfb-ac1d-48a8-b317-6e9b6c6dcdfe@group-9644B19BF3F1 replies to PRE_VOTE vote request: c601ec4f-f98c-429e-8a55-42b7705082ea<-bcabacfb-ac1d-48a8-b317-6e9b6c6dcdfe#0:OK-t0. Peer's state: bcabacfb-ac1d-48a8-b317-6e9b6c6dcdfe@group-9644B19BF3F1:t0, leader=null, voted=, raftlog=Memoized:bcabacfb-ac1d-48a8-b317-6e9b6c6dcdfe@group-9644B19BF3F1-SegmentedRaftLog:OPENED:c-1, conf=-1: peers:[bcabacfb-ac1d-48a8-b317-6e9b6c6dcdfe|rpc:10.1.78.0:42171|dataStream:10.1.78.0:38271|priority:0|startupRole:FOLLOWER, c601ec4f-f98c-429e-8a55-42b7705082ea|rpc:10.1.78.0:38585|dataStream:10.1.78.0:37575|priority:0|startupRole:FOLLOWER, d1d6b5b3-8992-4d07-a0d7-3e282a3f9dd5|rpc:10.1.78.0:39709|dataStream:10.1.78.0:39033|priority:1|startupRole:FOLLOWER]|listeners:[], old=null
2023-02-22 04:46:56,709 [c601ec4f-f98c-429e-8a55-42b7705082ea@group-9644B19BF3F1-LeaderElection20] INFO  server.RaftServerConfigKeys (ConfUtils.java:logFallback(53)) - raft.server.rpc.first-election.timeout.min = 5s (fallback to raft.server.rpc.timeout.min)
2023-02-22 04:46:56,713 [c601ec4f-f98c-429e-8a55-42b7705082ea@group-9644B19BF3F1-LeaderElection20] INFO  server.RaftServerConfigKeys (ConfUtils.java:logFallback(53)) - raft.server.rpc.first-election.timeout.max = 5200ms (fallback to raft.server.rpc.timeout.max)
2023-02-22 04:46:56,714 [d1d6b5b3-8992-4d07-a0d7-3e282a3f9dd5-server-thread1] INFO  ratis.XceiverServerRatis (XceiverServerRatis.java:handleLeaderChangedNotification(905)) - Leader change notification received for group: group-04E6B56B7AA5 with new leaderId: c601ec4f-f98c-429e-8a55-42b7705082ea
2023-02-22 04:46:56,715 [d1d6b5b3-8992-4d07-a0d7-3e282a3f9dd5-server-thread1] INFO  server.RaftServer$Division (ServerState.java:setLeader(313)) - d1d6b5b3-8992-4d07-a0d7-3e282a3f9dd5@group-04E6B56B7AA5: change Leader from null to c601ec4f-f98c-429e-8a55-42b7705082ea at term 1 for appendEntries, leader elected after 5206ms
2023-02-22 04:46:56,717 [d1d6b5b3-8992-4d07-a0d7-3e282a3f9dd5-server-thread3] INFO  server.RaftServer$Division (ServerState.java:setRaftConf(430)) - d1d6b5b3-8992-4d07-a0d7-3e282a3f9dd5@group-04E6B56B7AA5: set configuration 0: peers:[bcabacfb-ac1d-48a8-b317-6e9b6c6dcdfe|rpc:10.1.78.0:42171|dataStream:10.1.78.0:38271|priority:0|startupRole:FOLLOWER, c601ec4f-f98c-429e-8a55-42b7705082ea|rpc:10.1.78.0:38585|dataStream:10.1.78.0:37575|priority:1|startupRole:FOLLOWER, d1d6b5b3-8992-4d07-a0d7-3e282a3f9dd5|rpc:10.1.78.0:39709|dataStream:10.1.78.0:39033|priority:0|startupRole:FOLLOWER]|listeners:[], old=null
2023-02-22 04:46:56,717 [d1d6b5b3-8992-4d07-a0d7-3e282a3f9dd5-server-thread3] INFO  segmented.SegmentedRaftLogWorker (SegmentedRaftLogWorker.java:startLogSegment(452)) - d1d6b5b3-8992-4d07-a0d7-3e282a3f9dd5@group-04E6B56B7AA5-SegmentedRaftLogWorker: Starting segment from index:0
2023-02-22 04:46:56,717 [grpc-default-executor-20] INFO  server.RaftServer$Division (RaftServerImpl.java:requestVote(1218)) - d1d6b5b3-8992-4d07-a0d7-3e282a3f9dd5@group-9644B19BF3F1: receive requestVote(PRE_VOTE, c601ec4f-f98c-429e-8a55-42b7705082ea, group-9644B19BF3F1, 0, (t:0, i:0))
2023-02-22 04:46:56,718 [grpc-default-executor-20] INFO  impl.VoteContext (VoteContext.java:log(49)) - d1d6b5b3-8992-4d07-a0d7-3e282a3f9dd5@group-9644B19BF3F1-FOLLOWER: reject PRE_VOTE from c601ec4f-f98c-429e-8a55-42b7705082ea: our priority 1 > candidate's priority 0
2023-02-22 04:46:56,718 [grpc-default-executor-20] INFO  server.RaftServer$Division (RaftServerImpl.java:requestVote(1251)) - d1d6b5b3-8992-4d07-a0d7-3e282a3f9dd5@group-9644B19BF3F1 replies to PRE_VOTE vote request: c601ec4f-f98c-429e-8a55-42b7705082ea<-d1d6b5b3-8992-4d07-a0d7-3e282a3f9dd5#0:FAIL-t0. Peer's state: d1d6b5b3-8992-4d07-a0d7-3e282a3f9dd5@group-9644B19BF3F1:t0, leader=null, voted=, raftlog=Memoized:d1d6b5b3-8992-4d07-a0d7-3e282a3f9dd5@group-9644B19BF3F1-SegmentedRaftLog:OPENED:c-1, conf=-1: peers:[bcabacfb-ac1d-48a8-b317-6e9b6c6dcdfe|rpc:10.1.78.0:42171|dataStream:10.1.78.0:38271|priority:0|startupRole:FOLLOWER, c601ec4f-f98c-429e-8a55-42b7705082ea|rpc:10.1.78.0:38585|dataStream:10.1.78.0:37575|priority:0|startupRole:FOLLOWER, d1d6b5b3-8992-4d07-a0d7-3e282a3f9dd5|rpc:10.1.78.0:39709|dataStream:10.1.78.0:39033|priority:1|startupRole:FOLLOWER]|listeners:[], old=null
2023-02-22 04:46:56,720 [d1d6b5b3-8992-4d07-a0d7-3e282a3f9dd5@group-04E6B56B7AA5-SegmentedRaftLogWorker] INFO  segmented.SegmentedRaftLogWorker (SegmentedRaftLogWorker.java:execute(656)) - d1d6b5b3-8992-4d07-a0d7-3e282a3f9dd5@group-04E6B56B7AA5-SegmentedRaftLogWorker: created new log segment /home/runner/work/ozone/ozone/hadoop-ozone/integration-test/target/test-dir/MiniOzoneClusterImpl-7cc88fad-c9bf-4c80-b076-d2cf48673a1e/datanode-0/data/ratis/81fdc0e0-6a4a-4b0b-a410-04e6b56b7aa5/current/log_inprogress_0
2023-02-22 04:46:56,721 [c601ec4f-f98c-429e-8a55-42b7705082ea@group-9644B19BF3F1-LeaderElection20] INFO  impl.LeaderElection (LeaderElection.java:logAndReturn(90)) - c601ec4f-f98c-429e-8a55-42b7705082ea@group-9644B19BF3F1-LeaderElection20: PRE_VOTE REJECTED received 2 response(s) and 0 exception(s):
2023-02-22 04:46:56,722 [c601ec4f-f98c-429e-8a55-42b7705082ea@group-9644B19BF3F1-LeaderElection20] INFO  impl.LeaderElection (LeaderElection.java:logAndReturn(94)) -   Response 0: c601ec4f-f98c-429e-8a55-42b7705082ea<-bcabacfb-ac1d-48a8-b317-6e9b6c6dcdfe#0:OK-t0
2023-02-22 04:46:56,722 [c601ec4f-f98c-429e-8a55-42b7705082ea@group-9644B19BF3F1-LeaderElection20] INFO  impl.LeaderElection (LeaderElection.java:logAndReturn(94)) -   Response 1: c601ec4f-f98c-429e-8a55-42b7705082ea<-d1d6b5b3-8992-4d07-a0d7-3e282a3f9dd5#0:FAIL-t0
2023-02-22 04:46:56,722 [c601ec4f-f98c-429e-8a55-42b7705082ea@group-9644B19BF3F1-LeaderElection20] INFO  impl.LeaderElection (LeaderElection.java:askForVotes(314)) - c601ec4f-f98c-429e-8a55-42b7705082ea@group-9644B19BF3F1-LeaderElection20 PRE_VOTE round 0: result REJECTED
2023-02-22 04:46:56,722 [c601ec4f-f98c-429e-8a55-42b7705082ea@group-9644B19BF3F1-LeaderElection20] INFO  server.RaftServer$Division (RaftServerImpl.java:setRole(321)) - c601ec4f-f98c-429e-8a55-42b7705082ea@group-9644B19BF3F1: changes role from CANDIDATE to FOLLOWER at term 0 for REJECTED
2023-02-22 04:46:56,722 [c601ec4f-f98c-429e-8a55-42b7705082ea@group-9644B19BF3F1-LeaderElection20] INFO  impl.RoleInfo (RoleInfo.java:shutdownLeaderElection(130)) - c601ec4f-f98c-429e-8a55-42b7705082ea: shutdown c601ec4f-f98c-429e-8a55-42b7705082ea@group-9644B19BF3F1-LeaderElection20
2023-02-22 04:46:56,722 [c601ec4f-f98c-429e-8a55-42b7705082ea@group-9644B19BF3F1-LeaderElection20] INFO  impl.RoleInfo (RoleInfo.java:updateAndGet(139)) - c601ec4f-f98c-429e-8a55-42b7705082ea: start c601ec4f-f98c-429e-8a55-42b7705082ea@group-9644B19BF3F1-FollowerState
2023-02-22 04:46:56,730 [c601ec4f-f98c-429e-8a55-42b7705082ea@group-9644B19BF3F1-FollowerState] INFO  server.RaftServerConfigKeys (ConfUtils.java:logFallback(53)) - raft.server.rpc.first-election.timeout.min = 5s (fallback to raft.server.rpc.timeout.min)
2023-02-22 04:46:56,730 [c601ec4f-f98c-429e-8a55-42b7705082ea@group-9644B19BF3F1-FollowerState] INFO  server.RaftServerConfigKeys (ConfUtils.java:logFallback(53)) - raft.server.rpc.first-election.timeout.max = 5200ms (fallback to raft.server.rpc.timeout.max)
2023-02-22 04:46:56,780 [d1d6b5b3-8992-4d07-a0d7-3e282a3f9dd5@group-9644B19BF3F1-FollowerState] INFO  impl.FollowerState (FollowerState.java:run(143)) - d1d6b5b3-8992-4d07-a0d7-3e282a3f9dd5@group-9644B19BF3F1-FollowerState: change to CANDIDATE, lastRpcElapsedTime:5173652555ns, electionTimeout:5169ms
2023-02-22 04:46:56,780 [d1d6b5b3-8992-4d07-a0d7-3e282a3f9dd5@group-9644B19BF3F1-FollowerState] INFO  impl.RoleInfo (RoleInfo.java:shutdownFollowerState(110)) - d1d6b5b3-8992-4d07-a0d7-3e282a3f9dd5: shutdown d1d6b5b3-8992-4d07-a0d7-3e282a3f9dd5@group-9644B19BF3F1-FollowerState
2023-02-22 04:46:56,780 [d1d6b5b3-8992-4d07-a0d7-3e282a3f9dd5@group-9644B19BF3F1-FollowerState] INFO  server.RaftServer$Division (RaftServerImpl.java:setRole(321)) - d1d6b5b3-8992-4d07-a0d7-3e282a3f9dd5@group-9644B19BF3F1: changes role from  FOLLOWER to CANDIDATE at term 0 for changeToCandidate
2023-02-22 04:46:56,780 [d1d6b5b3-8992-4d07-a0d7-3e282a3f9dd5@group-9644B19BF3F1-FollowerState] INFO  server.RaftServerConfigKeys (ConfUtils.java:logGet(46)) - raft.server.leaderelection.pre-vote = true (default)
2023-02-22 04:46:56,780 [d1d6b5b3-8992-4d07-a0d7-3e282a3f9dd5@group-9644B19BF3F1-FollowerState] INFO  impl.RoleInfo (RoleInfo.java:updateAndGet(139)) - d1d6b5b3-8992-4d07-a0d7-3e282a3f9dd5: start d1d6b5b3-8992-4d07-a0d7-3e282a3f9dd5@group-9644B19BF3F1-LeaderElection21
2023-02-22 04:46:56,781 [d1d6b5b3-8992-4d07-a0d7-3e282a3f9dd5@group-9644B19BF3F1-LeaderElection21] INFO  impl.LeaderElection (LeaderElection.java:askForVotes(312)) - d1d6b5b3-8992-4d07-a0d7-3e282a3f9dd5@group-9644B19BF3F1-LeaderElection21 PRE_VOTE round 0: submit vote requests at term 0 for -1: peers:[bcabacfb-ac1d-48a8-b317-6e9b6c6dcdfe|rpc:10.1.78.0:42171|dataStream:10.1.78.0:38271|priority:0|startupRole:FOLLOWER, c601ec4f-f98c-429e-8a55-42b7705082ea|rpc:10.1.78.0:38585|dataStream:10.1.78.0:37575|priority:0|startupRole:FOLLOWER, d1d6b5b3-8992-4d07-a0d7-3e282a3f9dd5|rpc:10.1.78.0:39709|dataStream:10.1.78.0:39033|priority:1|startupRole:FOLLOWER]|listeners:[], old=null
2023-02-22 04:46:56,786 [grpc-default-executor-20] INFO  server.RaftServer$Division (RaftServerImpl.java:requestVote(1218)) - bcabacfb-ac1d-48a8-b317-6e9b6c6dcdfe@group-9644B19BF3F1: receive requestVote(PRE_VOTE, d1d6b5b3-8992-4d07-a0d7-3e282a3f9dd5, group-9644B19BF3F1, 0, (t:0, i:0))
2023-02-22 04:46:56,786 [grpc-default-executor-20] INFO  impl.VoteContext (VoteContext.java:log(49)) - bcabacfb-ac1d-48a8-b317-6e9b6c6dcdfe@group-9644B19BF3F1-FOLLOWER: accept PRE_VOTE from d1d6b5b3-8992-4d07-a0d7-3e282a3f9dd5: our priority 0 <= candidate's priority 1
2023-02-22 04:46:56,786 [grpc-default-executor-20] INFO  server.RaftServer$Division (RaftServerImpl.java:requestVote(1251)) - bcabacfb-ac1d-48a8-b317-6e9b6c6dcdfe@group-9644B19BF3F1 replies to PRE_VOTE vote request: d1d6b5b3-8992-4d07-a0d7-3e282a3f9dd5<-bcabacfb-ac1d-48a8-b317-6e9b6c6dcdfe#0:OK-t0. Peer's state: bcabacfb-ac1d-48a8-b317-6e9b6c6dcdfe@group-9644B19BF3F1:t0, leader=null, voted=, raftlog=Memoized:bcabacfb-ac1d-48a8-b317-6e9b6c6dcdfe@group-9644B19BF3F1-SegmentedRaftLog:OPENED:c-1, conf=-1: peers:[bcabacfb-ac1d-48a8-b317-6e9b6c6dcdfe|rpc:10.1.78.0:42171|dataStream:10.1.78.0:38271|priority:0|startupRole:FOLLOWER, c601ec4f-f98c-429e-8a55-42b7705082ea|rpc:10.1.78.0:38585|dataStream:10.1.78.0:37575|priority:0|startupRole:FOLLOWER, d1d6b5b3-8992-4d07-a0d7-3e282a3f9dd5|rpc:10.1.78.0:39709|dataStream:10.1.78.0:39033|priority:1|startupRole:FOLLOWER]|listeners:[], old=null
2023-02-22 04:46:56,787 [d1d6b5b3-8992-4d07-a0d7-3e282a3f9dd5@group-9644B19BF3F1-LeaderElection21] INFO  server.RaftServerConfigKeys (ConfUtils.java:logFallback(53)) - raft.server.rpc.first-election.timeout.min = 5s (fallback to raft.server.rpc.timeout.min)
2023-02-22 04:46:56,790 [d1d6b5b3-8992-4d07-a0d7-3e282a3f9dd5@group-9644B19BF3F1-LeaderElection21] INFO  server.RaftServerConfigKeys (ConfUtils.java:logFallback(53)) - raft.server.rpc.first-election.timeout.max = 5200ms (fallback to raft.server.rpc.timeout.max)
2023-02-22 04:46:56,790 [d1d6b5b3-8992-4d07-a0d7-3e282a3f9dd5@group-9644B19BF3F1-LeaderElection21] INFO  impl.LeaderElection (LeaderElection.java:logAndReturn(90)) - d1d6b5b3-8992-4d07-a0d7-3e282a3f9dd5@group-9644B19BF3F1-LeaderElection21: PRE_VOTE PASSED received 1 response(s) and 0 exception(s):
2023-02-22 04:46:56,790 [d1d6b5b3-8992-4d07-a0d7-3e282a3f9dd5@group-9644B19BF3F1-LeaderElection21] INFO  impl.LeaderElection (LeaderElection.java:logAndReturn(94)) -   Response 0: d1d6b5b3-8992-4d07-a0d7-3e282a3f9dd5<-bcabacfb-ac1d-48a8-b317-6e9b6c6dcdfe#0:OK-t0
2023-02-22 04:46:56,790 [d1d6b5b3-8992-4d07-a0d7-3e282a3f9dd5@group-9644B19BF3F1-LeaderElection21] INFO  impl.LeaderElection (LeaderElection.java:askForVotes(314)) - d1d6b5b3-8992-4d07-a0d7-3e282a3f9dd5@group-9644B19BF3F1-LeaderElection21 PRE_VOTE round 0: result PASSED
2023-02-22 04:46:56,792 [grpc-default-executor-20] INFO  server.RaftServer$Division (RaftServerImpl.java:requestVote(1218)) - c601ec4f-f98c-429e-8a55-42b7705082ea@group-9644B19BF3F1: receive requestVote(PRE_VOTE, d1d6b5b3-8992-4d07-a0d7-3e282a3f9dd5, group-9644B19BF3F1, 0, (t:0, i:0))
2023-02-22 04:46:56,795 [grpc-default-executor-20] INFO  impl.VoteContext (VoteContext.java:log(49)) - c601ec4f-f98c-429e-8a55-42b7705082ea@group-9644B19BF3F1-FOLLOWER: accept PRE_VOTE from d1d6b5b3-8992-4d07-a0d7-3e282a3f9dd5: our priority 0 <= candidate's priority 1
2023-02-22 04:46:56,795 [grpc-default-executor-20] INFO  server.RaftServer$Division (RaftServerImpl.java:requestVote(1251)) - c601ec4f-f98c-429e-8a55-42b7705082ea@group-9644B19BF3F1 replies to PRE_VOTE vote request: d1d6b5b3-8992-4d07-a0d7-3e282a3f9dd5<-c601ec4f-f98c-429e-8a55-42b7705082ea#0:OK-t0. Peer's state: c601ec4f-f98c-429e-8a55-42b7705082ea@group-9644B19BF3F1:t0, leader=null, voted=, raftlog=Memoized:c601ec4f-f98c-429e-8a55-42b7705082ea@group-9644B19BF3F1-SegmentedRaftLog:OPENED:c-1, conf=-1: peers:[bcabacfb-ac1d-48a8-b317-6e9b6c6dcdfe|rpc:10.1.78.0:42171|dataStream:10.1.78.0:38271|priority:0|startupRole:FOLLOWER, c601ec4f-f98c-429e-8a55-42b7705082ea|rpc:10.1.78.0:38585|dataStream:10.1.78.0:37575|priority:0|startupRole:FOLLOWER, d1d6b5b3-8992-4d07-a0d7-3e282a3f9dd5|rpc:10.1.78.0:39709|dataStream:10.1.78.0:39033|priority:1|startupRole:FOLLOWER]|listeners:[], old=null
2023-02-22 04:46:56,792 [d1d6b5b3-8992-4d07-a0d7-3e282a3f9dd5@group-9644B19BF3F1-LeaderElection21] INFO  impl.LeaderElection (LeaderElection.java:askForVotes(312)) - d1d6b5b3-8992-4d07-a0d7-3e282a3f9dd5@group-9644B19BF3F1-LeaderElection21 ELECTION round 0: submit vote requests at term 1 for -1: peers:[bcabacfb-ac1d-48a8-b317-6e9b6c6dcdfe|rpc:10.1.78.0:42171|dataStream:10.1.78.0:38271|priority:0|startupRole:FOLLOWER, c601ec4f-f98c-429e-8a55-42b7705082ea|rpc:10.1.78.0:38585|dataStream:10.1.78.0:37575|priority:0|startupRole:FOLLOWER, d1d6b5b3-8992-4d07-a0d7-3e282a3f9dd5|rpc:10.1.78.0:39709|dataStream:10.1.78.0:39033|priority:1|startupRole:FOLLOWER]|listeners:[], old=null
2023-02-22 04:46:56,797 [d1d6b5b3-8992-4d07-a0d7-3e282a3f9dd5@group-9644B19BF3F1-LeaderElection21] INFO  server.RaftServerConfigKeys (ConfUtils.java:logFallback(53)) - raft.server.rpc.first-election.timeout.min = 5s (fallback to raft.server.rpc.timeout.min)
2023-02-22 04:46:56,797 [d1d6b5b3-8992-4d07-a0d7-3e282a3f9dd5@group-9644B19BF3F1-LeaderElection21] INFO  server.RaftServerConfigKeys (ConfUtils.java:logFallback(53)) - raft.server.rpc.first-election.timeout.max = 5200ms (fallback to raft.server.rpc.timeout.max)
2023-02-22 04:46:56,798 [grpc-default-executor-20] INFO  server.RaftServer$Division (RaftServerImpl.java:requestVote(1218)) - c601ec4f-f98c-429e-8a55-42b7705082ea@group-9644B19BF3F1: receive requestVote(ELECTION, d1d6b5b3-8992-4d07-a0d7-3e282a3f9dd5, group-9644B19BF3F1, 1, (t:0, i:0))
2023-02-22 04:46:56,802 [grpc-default-executor-20] INFO  impl.VoteContext (VoteContext.java:log(49)) - c601ec4f-f98c-429e-8a55-42b7705082ea@group-9644B19BF3F1-FOLLOWER: accept ELECTION from d1d6b5b3-8992-4d07-a0d7-3e282a3f9dd5: our priority 0 <= candidate's priority 1
2023-02-22 04:46:56,802 [grpc-default-executor-20] INFO  server.RaftServer$Division (RaftServerImpl.java:setRole(321)) - c601ec4f-f98c-429e-8a55-42b7705082ea@group-9644B19BF3F1: changes role from  FOLLOWER to FOLLOWER at term 1 for candidate:d1d6b5b3-8992-4d07-a0d7-3e282a3f9dd5
2023-02-22 04:46:56,802 [grpc-default-executor-20] INFO  impl.RoleInfo (RoleInfo.java:shutdownFollowerState(110)) - c601ec4f-f98c-429e-8a55-42b7705082ea: shutdown c601ec4f-f98c-429e-8a55-42b7705082ea@group-9644B19BF3F1-FollowerState
2023-02-22 04:46:56,802 [grpc-default-executor-20] INFO  impl.RoleInfo (RoleInfo.java:updateAndGet(139)) - c601ec4f-f98c-429e-8a55-42b7705082ea: start c601ec4f-f98c-429e-8a55-42b7705082ea@group-9644B19BF3F1-FollowerState
2023-02-22 04:46:56,802 [c601ec4f-f98c-429e-8a55-42b7705082ea@group-9644B19BF3F1-FollowerState] INFO  impl.FollowerState (FollowerState.java:run(152)) - c601ec4f-f98c-429e-8a55-42b7705082ea@group-9644B19BF3F1-FollowerState was interrupted
2023-02-22 04:46:56,807 [bcabacfb-ac1d-48a8-b317-6e9b6c6dcdfe@group-9644B19BF3F1-FollowerState] INFO  server.RaftServerConfigKeys (ConfUtils.java:logFallback(53)) - raft.server.rpc.first-election.timeout.min = 5s (fallback to raft.server.rpc.timeout.min)
2023-02-22 04:46:56,807 [bcabacfb-ac1d-48a8-b317-6e9b6c6dcdfe@group-9644B19BF3F1-FollowerState] INFO  server.RaftServerConfigKeys (ConfUtils.java:logFallback(53)) - raft.server.rpc.first-election.timeout.max = 5200ms (fallback to raft.server.rpc.timeout.max)
2023-02-22 04:46:56,807 [grpc-default-executor-20] INFO  server.RaftServer$Division (RaftServerImpl.java:requestVote(1251)) - c601ec4f-f98c-429e-8a55-42b7705082ea@group-9644B19BF3F1 replies to ELECTION vote request: d1d6b5b3-8992-4d07-a0d7-3e282a3f9dd5<-c601ec4f-f98c-429e-8a55-42b7705082ea#0:OK-t1. Peer's state: c601ec4f-f98c-429e-8a55-42b7705082ea@group-9644B19BF3F1:t1, leader=null, voted=d1d6b5b3-8992-4d07-a0d7-3e282a3f9dd5, raftlog=Memoized:c601ec4f-f98c-429e-8a55-42b7705082ea@group-9644B19BF3F1-SegmentedRaftLog:OPENED:c-1, conf=-1: peers:[bcabacfb-ac1d-48a8-b317-6e9b6c6dcdfe|rpc:10.1.78.0:42171|dataStream:10.1.78.0:38271|priority:0|startupRole:FOLLOWER, c601ec4f-f98c-429e-8a55-42b7705082ea|rpc:10.1.78.0:38585|dataStream:10.1.78.0:37575|priority:0|startupRole:FOLLOWER, d1d6b5b3-8992-4d07-a0d7-3e282a3f9dd5|rpc:10.1.78.0:39709|dataStream:10.1.78.0:39033|priority:1|startupRole:FOLLOWER]|listeners:[], old=null
2023-02-22 04:46:56,807 [d1d6b5b3-8992-4d07-a0d7-3e282a3f9dd5@group-9644B19BF3F1-LeaderElection21] INFO  impl.LeaderElection (LeaderElection.java:logAndReturn(90)) - d1d6b5b3-8992-4d07-a0d7-3e282a3f9dd5@group-9644B19BF3F1-LeaderElection21: ELECTION PASSED received 1 response(s) and 0 exception(s):
2023-02-22 04:46:56,808 [d1d6b5b3-8992-4d07-a0d7-3e282a3f9dd5@group-9644B19BF3F1-LeaderElection21] INFO  impl.LeaderElection (LeaderElection.java:logAndReturn(94)) -   Response 0: d1d6b5b3-8992-4d07-a0d7-3e282a3f9dd5<-c601ec4f-f98c-429e-8a55-42b7705082ea#0:OK-t1
2023-02-22 04:46:56,808 [d1d6b5b3-8992-4d07-a0d7-3e282a3f9dd5@group-9644B19BF3F1-LeaderElection21] INFO  impl.LeaderElection (LeaderElection.java:askForVotes(314)) - d1d6b5b3-8992-4d07-a0d7-3e282a3f9dd5@group-9644B19BF3F1-LeaderElection21 ELECTION round 0: result PASSED
2023-02-22 04:46:56,808 [d1d6b5b3-8992-4d07-a0d7-3e282a3f9dd5@group-9644B19BF3F1-LeaderElection21] INFO  impl.RoleInfo (RoleInfo.java:shutdownLeaderElection(130)) - d1d6b5b3-8992-4d07-a0d7-3e282a3f9dd5: shutdown d1d6b5b3-8992-4d07-a0d7-3e282a3f9dd5@group-9644B19BF3F1-LeaderElection21
2023-02-22 04:46:56,808 [d1d6b5b3-8992-4d07-a0d7-3e282a3f9dd5@group-9644B19BF3F1-LeaderElection21] INFO  server.RaftServer$Division (RaftServerImpl.java:setRole(321)) - d1d6b5b3-8992-4d07-a0d7-3e282a3f9dd5@group-9644B19BF3F1: changes role from CANDIDATE to LEADER at term 1 for changeToLeader
2023-02-22 04:46:56,808 [d1d6b5b3-8992-4d07-a0d7-3e282a3f9dd5@group-9644B19BF3F1-LeaderElection21] INFO  ratis.XceiverServerRatis (XceiverServerRatis.java:handleLeaderChangedNotification(905)) - Leader change notification received for group: group-9644B19BF3F1 with new leaderId: d1d6b5b3-8992-4d07-a0d7-3e282a3f9dd5
2023-02-22 04:46:56,808 [d1d6b5b3-8992-4d07-a0d7-3e282a3f9dd5@group-9644B19BF3F1-LeaderElection21] INFO  server.RaftServer$Division (ServerState.java:setLeader(313)) - d1d6b5b3-8992-4d07-a0d7-3e282a3f9dd5@group-9644B19BF3F1: change Leader from null to d1d6b5b3-8992-4d07-a0d7-3e282a3f9dd5 at term 1 for becomeLeader, leader elected after 5210ms
2023-02-22 04:46:56,808 [d1d6b5b3-8992-4d07-a0d7-3e282a3f9dd5@group-9644B19BF3F1-LeaderElection21] INFO  server.RaftServerConfigKeys (ConfUtils.java:logGet(46)) - raft.server.staging.catchup.gap = 1000 (default)
2023-02-22 04:46:56,808 [d1d6b5b3-8992-4d07-a0d7-3e282a3f9dd5@group-9644B19BF3F1-LeaderElection21] INFO  server.RaftServerConfigKeys (ConfUtils.java:logGet(46)) - raft.server.write.element-limit = 1024 (custom)
2023-02-22 04:46:56,808 [d1d6b5b3-8992-4d07-a0d7-3e282a3f9dd5@group-9644B19BF3F1-LeaderElection21] INFO  server.RaftServerConfigKeys (ConfUtils.java:logGet(46)) - raft.server.write.byte-limit = 1024 M (=1073741824) (custom)
2023-02-22 04:46:56,808 [d1d6b5b3-8992-4d07-a0d7-3e282a3f9dd5@group-9644B19BF3F1-LeaderElection21] INFO  server.RaftServerConfigKeys (ConfUtils.java:logGet(46)) - raft.server.watch.timeout = 180s (custom)
2023-02-22 04:46:56,808 [d1d6b5b3-8992-4d07-a0d7-3e282a3f9dd5@group-9644B19BF3F1-LeaderElection21] INFO  server.RaftServerConfigKeys (ConfUtils.java:logGet(46)) - raft.server.watch.timeout.denomination = 1s (default)
2023-02-22 04:46:56,808 [d1d6b5b3-8992-4d07-a0d7-3e282a3f9dd5@group-9644B19BF3F1-LeaderElection21] INFO  server.RaftServerConfigKeys (ConfUtils.java:logGet(46)) - raft.server.watch.element-limit = 65536 (default)
2023-02-22 04:46:56,808 [d1d6b5b3-8992-4d07-a0d7-3e282a3f9dd5@group-9644B19BF3F1-LeaderElection21] INFO  server.RaftServerConfigKeys (ConfUtils.java:logGet(46)) - raft.server.write.element-limit = 1024 (custom)
2023-02-22 04:46:56,808 [d1d6b5b3-8992-4d07-a0d7-3e282a3f9dd5@group-9644B19BF3F1-LeaderElection21] INFO  server.RaftServerConfigKeys (ConfUtils.java:logGet(46)) - raft.server.write.follower.gap.ratio.max = -1.0 (default)
2023-02-22 04:46:56,809 [d1d6b5b3-8992-4d07-a0d7-3e282a3f9dd5@group-9644B19BF3F1-LeaderElection21] INFO  server.RaftServerConfigKeys (ConfUtils.java:logGet(46)) - raft.server.log.appender.snapshot.chunk.size.max = 16MB (=16777216) (default)
2023-02-22 04:46:56,809 [d1d6b5b3-8992-4d07-a0d7-3e282a3f9dd5@group-9644B19BF3F1-LeaderElection21] INFO  server.RaftServerConfigKeys (ConfUtils.java:logGet(46)) - raft.server.log.appender.buffer.byte-limit = 33554432 (custom)
2023-02-22 04:46:56,809 [d1d6b5b3-8992-4d07-a0d7-3e282a3f9dd5@group-9644B19BF3F1-LeaderElection21] INFO  server.RaftServerConfigKeys (ConfUtils.java:logGet(46)) - raft.server.log.appender.buffer.element-limit = 1 (custom)
2023-02-22 04:46:56,809 [d1d6b5b3-8992-4d07-a0d7-3e282a3f9dd5@group-9644B19BF3F1-LeaderElection21] INFO  grpc.GrpcConfigKeys (ConfUtils.java:logGet(46)) - raft.grpc.server.leader.outstanding.appends.max = 128 (default)
2023-02-22 04:46:56,809 [d1d6b5b3-8992-4d07-a0d7-3e282a3f9dd5@group-9644B19BF3F1-LeaderElection21] INFO  server.RaftServerConfigKeys (ConfUtils.java:logGet(46)) - raft.server.rpc.request.timeout = 60s (custom)
2023-02-22 04:46:56,809 [d1d6b5b3-8992-4d07-a0d7-3e282a3f9dd5@group-9644B19BF3F1-LeaderElection21] INFO  server.RaftServerConfigKeys (ConfUtils.java:logGet(46)) - raft.server.log.appender.install.snapshot.enabled = false (custom)
2023-02-22 04:46:56,809 [d1d6b5b3-8992-4d07-a0d7-3e282a3f9dd5@group-9644B19BF3F1-LeaderElection21] INFO  grpc.GrpcConfigKeys (ConfUtils.java:logGet(46)) - raft.grpc.server.heartbeat.channel = true (default)
2023-02-22 04:46:56,809 [d1d6b5b3-8992-4d07-a0d7-3e282a3f9dd5@group-9644B19BF3F1-LeaderElection21] INFO  server.RaftServerConfigKeys (ConfUtils.java:logGet(46)) - raft.server.log.appender.wait-time.min = 10ms (default)
2023-02-22 04:46:56,813 [c601ec4f-f98c-429e-8a55-42b7705082ea@group-9644B19BF3F1-FollowerState] INFO  server.RaftServerConfigKeys (ConfUtils.java:logFallback(53)) - raft.server.rpc.first-election.timeout.min = 5s (fallback to raft.server.rpc.timeout.min)
2023-02-22 04:46:56,816 [c601ec4f-f98c-429e-8a55-42b7705082ea@group-9644B19BF3F1-FollowerState] INFO  server.RaftServerConfigKeys (ConfUtils.java:logFallback(53)) - raft.server.rpc.first-election.timeout.max = 5200ms (fallback to raft.server.rpc.timeout.max)
2023-02-22 04:46:56,815 [EventQueue-PipelineReportForPipelineReportHandler] INFO  pipeline.PipelineManagerImpl (PipelineManagerImpl.java:openPipeline(367)) - Pipeline Pipeline[ Id: bfd8f364-2dce-4e99-903b-9644b19bf3f1, Nodes: bcabacfb-ac1d-48a8-b317-6e9b6c6dcdfe(fv-az748-120.4k5rsvd4cmqu5oxra434zmszlb.cx.internal.cloudapp.net/10.1.78.0)d1d6b5b3-8992-4d07-a0d7-3e282a3f9dd5(fv-az748-120.4k5rsvd4cmqu5oxra434zmszlb.cx.internal.cloudapp.net/10.1.78.0)c601ec4f-f98c-429e-8a55-42b7705082ea(fv-az748-120.4k5rsvd4cmqu5oxra434zmszlb.cx.internal.cloudapp.net/10.1.78.0), ReplicationConfig: RATIS/THREE, State:ALLOCATED, leaderId:d1d6b5b3-8992-4d07-a0d7-3e282a3f9dd5, CreationTimestamp2023-02-22T04:46:49.204Z[Etc/UTC]] moved to OPEN state
2023-02-22 04:46:56,814 [d1d6b5b3-8992-4d07-a0d7-3e282a3f9dd5@group-9644B19BF3F1-LeaderElection21] INFO  server.RaftServerConfigKeys (ConfUtils.java:logGet(46)) - raft.server.log.appender.snapshot.chunk.size.max = 16MB (=16777216) (default)
2023-02-22 04:46:56,817 [d1d6b5b3-8992-4d07-a0d7-3e282a3f9dd5@group-9644B19BF3F1-LeaderElection21] INFO  server.RaftServerConfigKeys (ConfUtils.java:logGet(46)) - raft.server.log.appender.buffer.byte-limit = 33554432 (custom)
2023-02-22 04:46:56,817 [d1d6b5b3-8992-4d07-a0d7-3e282a3f9dd5@group-9644B19BF3F1-LeaderElection21] INFO  server.RaftServerConfigKeys (ConfUtils.java:logGet(46)) - raft.server.log.appender.buffer.element-limit = 1 (custom)
2023-02-22 04:46:56,817 [d1d6b5b3-8992-4d07-a0d7-3e282a3f9dd5@group-9644B19BF3F1-LeaderElection21] INFO  grpc.GrpcConfigKeys (ConfUtils.java:logGet(46)) - raft.grpc.server.leader.outstanding.appends.max = 128 (default)
2023-02-22 04:46:56,817 [d1d6b5b3-8992-4d07-a0d7-3e282a3f9dd5@group-9644B19BF3F1-LeaderElection21] INFO  server.RaftServerConfigKeys (ConfUtils.java:logGet(46)) - raft.server.rpc.request.timeout = 60s (custom)
2023-02-22 04:46:56,817 [d1d6b5b3-8992-4d07-a0d7-3e282a3f9dd5@group-9644B19BF3F1-LeaderElection21] INFO  server.RaftServerConfigKeys (ConfUtils.java:logGet(46)) - raft.server.log.appender.install.snapshot.enabled = false (custom)
2023-02-22 04:46:56,817 [d1d6b5b3-8992-4d07-a0d7-3e282a3f9dd5@group-9644B19BF3F1-LeaderElection21] INFO  grpc.GrpcConfigKeys (ConfUtils.java:logGet(46)) - raft.grpc.server.heartbeat.channel = true (default)
2023-02-22 04:46:56,817 [d1d6b5b3-8992-4d07-a0d7-3e282a3f9dd5@group-9644B19BF3F1-LeaderElection21] INFO  server.RaftServerConfigKeys (ConfUtils.java:logGet(46)) - raft.server.log.appender.wait-time.min = 10ms (default)
2023-02-22 04:46:56,817 [d1d6b5b3-8992-4d07-a0d7-3e282a3f9dd5@group-9644B19BF3F1-LeaderElection21] INFO  impl.RoleInfo (RoleInfo.java:updateAndGet(139)) - d1d6b5b3-8992-4d07-a0d7-3e282a3f9dd5: start d1d6b5b3-8992-4d07-a0d7-3e282a3f9dd5@group-9644B19BF3F1-LeaderStateImpl
2023-02-22 04:46:56,818 [d1d6b5b3-8992-4d07-a0d7-3e282a3f9dd5@group-9644B19BF3F1-LeaderElection21] INFO  segmented.SegmentedRaftLogWorker (SegmentedRaftLogWorker.java:startLogSegment(452)) - d1d6b5b3-8992-4d07-a0d7-3e282a3f9dd5@group-9644B19BF3F1-SegmentedRaftLogWorker: Starting segment from index:0
2023-02-22 04:46:56,820 [grpc-default-executor-20] INFO  server.RaftServer$Division (RaftServerImpl.java:requestVote(1218)) - bcabacfb-ac1d-48a8-b317-6e9b6c6dcdfe@group-9644B19BF3F1: receive requestVote(ELECTION, d1d6b5b3-8992-4d07-a0d7-3e282a3f9dd5, group-9644B19BF3F1, 1, (t:0, i:0))
2023-02-22 04:46:56,830 [d1d6b5b3-8992-4d07-a0d7-3e282a3f9dd5@group-9644B19BF3F1-LeaderElection21] INFO  server.RaftServer$Division (ServerState.java:setRaftConf(430)) - d1d6b5b3-8992-4d07-a0d7-3e282a3f9dd5@group-9644B19BF3F1: set configuration 0: peers:[bcabacfb-ac1d-48a8-b317-6e9b6c6dcdfe|rpc:10.1.78.0:42171|dataStream:10.1.78.0:38271|priority:0|startupRole:FOLLOWER, c601ec4f-f98c-429e-8a55-42b7705082ea|rpc:10.1.78.0:38585|dataStream:10.1.78.0:37575|priority:0|startupRole:FOLLOWER, d1d6b5b3-8992-4d07-a0d7-3e282a3f9dd5|rpc:10.1.78.0:39709|dataStream:10.1.78.0:39033|priority:1|startupRole:FOLLOWER]|listeners:[], old=null
2023-02-22 04:46:56,830 [grpc-default-executor-20] INFO  impl.VoteContext (VoteContext.java:log(49)) - bcabacfb-ac1d-48a8-b317-6e9b6c6dcdfe@group-9644B19BF3F1-FOLLOWER: accept ELECTION from d1d6b5b3-8992-4d07-a0d7-3e282a3f9dd5: our priority 0 <= candidate's priority 1
2023-02-22 04:46:56,831 [grpc-default-executor-20] INFO  server.RaftServer$Division (RaftServerImpl.java:setRole(321)) - bcabacfb-ac1d-48a8-b317-6e9b6c6dcdfe@group-9644B19BF3F1: changes role from  FOLLOWER to FOLLOWER at term 1 for candidate:d1d6b5b3-8992-4d07-a0d7-3e282a3f9dd5
2023-02-22 04:46:56,821 [d1d6b5b3-8992-4d07-a0d7-3e282a3f9dd5@group-9644B19BF3F1-SegmentedRaftLogWorker] INFO  segmented.SegmentedRaftLogWorker (SegmentedRaftLogWorker.java:execute(656)) - d1d6b5b3-8992-4d07-a0d7-3e282a3f9dd5@group-9644B19BF3F1-SegmentedRaftLogWorker: created new log segment /home/runner/work/ozone/ozone/hadoop-ozone/integration-test/target/test-dir/MiniOzoneClusterImpl-7cc88fad-c9bf-4c80-b076-d2cf48673a1e/datanode-0/data/ratis/bfd8f364-2dce-4e99-903b-9644b19bf3f1/current/log_inprogress_0
2023-02-22 04:46:56,840 [grpc-default-executor-20] INFO  impl.RoleInfo (RoleInfo.java:shutdownFollowerState(110)) - bcabacfb-ac1d-48a8-b317-6e9b6c6dcdfe: shutdown bcabacfb-ac1d-48a8-b317-6e9b6c6dcdfe@group-9644B19BF3F1-FollowerState
2023-02-22 04:46:56,840 [grpc-default-executor-20] INFO  impl.RoleInfo (RoleInfo.java:updateAndGet(139)) - bcabacfb-ac1d-48a8-b317-6e9b6c6dcdfe: start bcabacfb-ac1d-48a8-b317-6e9b6c6dcdfe@group-9644B19BF3F1-FollowerState
2023-02-22 04:46:56,840 [bcabacfb-ac1d-48a8-b317-6e9b6c6dcdfe@group-9644B19BF3F1-FollowerState] INFO  impl.FollowerState (FollowerState.java:run(152)) - bcabacfb-ac1d-48a8-b317-6e9b6c6dcdfe@group-9644B19BF3F1-FollowerState was interrupted
2023-02-22 04:46:56,843 [bcabacfb-ac1d-48a8-b317-6e9b6c6dcdfe@group-9644B19BF3F1-FollowerState] INFO  server.RaftServerConfigKeys (ConfUtils.java:logFallback(53)) - raft.server.rpc.first-election.timeout.min = 5s (fallback to raft.server.rpc.timeout.min)
2023-02-22 04:46:56,843 [bcabacfb-ac1d-48a8-b317-6e9b6c6dcdfe@group-9644B19BF3F1-FollowerState] INFO  server.RaftServerConfigKeys (ConfUtils.java:logFallback(53)) - raft.server.rpc.first-election.timeout.max = 5200ms (fallback to raft.server.rpc.timeout.max)
2023-02-22 04:46:56,844 [grpc-default-executor-20] INFO  server.RaftServer$Division (RaftServerImpl.java:requestVote(1251)) - bcabacfb-ac1d-48a8-b317-6e9b6c6dcdfe@group-9644B19BF3F1 replies to ELECTION vote request: d1d6b5b3-8992-4d07-a0d7-3e282a3f9dd5<-bcabacfb-ac1d-48a8-b317-6e9b6c6dcdfe#0:OK-t1. Peer's state: bcabacfb-ac1d-48a8-b317-6e9b6c6dcdfe@group-9644B19BF3F1:t1, leader=null, voted=d1d6b5b3-8992-4d07-a0d7-3e282a3f9dd5, raftlog=Memoized:bcabacfb-ac1d-48a8-b317-6e9b6c6dcdfe@group-9644B19BF3F1-SegmentedRaftLog:OPENED:c-1, conf=-1: peers:[bcabacfb-ac1d-48a8-b317-6e9b6c6dcdfe|rpc:10.1.78.0:42171|dataStream:10.1.78.0:38271|priority:0|startupRole:FOLLOWER, c601ec4f-f98c-429e-8a55-42b7705082ea|rpc:10.1.78.0:38585|dataStream:10.1.78.0:37575|priority:0|startupRole:FOLLOWER, d1d6b5b3-8992-4d07-a0d7-3e282a3f9dd5|rpc:10.1.78.0:39709|dataStream:10.1.78.0:39033|priority:1|startupRole:FOLLOWER]|listeners:[], old=null
2023-02-22 04:46:56,850 [bcabacfb-ac1d-48a8-b317-6e9b6c6dcdfe-server-thread1] INFO  ratis.XceiverServerRatis (XceiverServerRatis.java:handleLeaderChangedNotification(905)) - Leader change notification received for group: group-9644B19BF3F1 with new leaderId: d1d6b5b3-8992-4d07-a0d7-3e282a3f9dd5
2023-02-22 04:46:56,850 [bcabacfb-ac1d-48a8-b317-6e9b6c6dcdfe-server-thread1] INFO  server.RaftServer$Division (ServerState.java:setLeader(313)) - bcabacfb-ac1d-48a8-b317-6e9b6c6dcdfe@group-9644B19BF3F1: change Leader from null to d1d6b5b3-8992-4d07-a0d7-3e282a3f9dd5 at term 1 for appendEntries, leader elected after 5230ms
2023-02-22 04:46:56,852 [bcabacfb-ac1d-48a8-b317-6e9b6c6dcdfe-server-thread1] INFO  server.RaftServer$Division (ServerState.java:setRaftConf(430)) - bcabacfb-ac1d-48a8-b317-6e9b6c6dcdfe@group-9644B19BF3F1: set configuration 0: peers:[bcabacfb-ac1d-48a8-b317-6e9b6c6dcdfe|rpc:10.1.78.0:42171|dataStream:10.1.78.0:38271|priority:0|startupRole:FOLLOWER, c601ec4f-f98c-429e-8a55-42b7705082ea|rpc:10.1.78.0:38585|dataStream:10.1.78.0:37575|priority:0|startupRole:FOLLOWER, d1d6b5b3-8992-4d07-a0d7-3e282a3f9dd5|rpc:10.1.78.0:39709|dataStream:10.1.78.0:39033|priority:1|startupRole:FOLLOWER]|listeners:[], old=null
2023-02-22 04:46:56,852 [bcabacfb-ac1d-48a8-b317-6e9b6c6dcdfe-server-thread1] INFO  segmented.SegmentedRaftLogWorker (SegmentedRaftLogWorker.java:startLogSegment(452)) - bcabacfb-ac1d-48a8-b317-6e9b6c6dcdfe@group-9644B19BF3F1-SegmentedRaftLogWorker: Starting segment from index:0
2023-02-22 04:46:56,853 [c601ec4f-f98c-429e-8a55-42b7705082ea-server-thread1] INFO  ratis.XceiverServerRatis (XceiverServerRatis.java:handleLeaderChangedNotification(905)) - Leader change notification received for group: group-9644B19BF3F1 with new leaderId: d1d6b5b3-8992-4d07-a0d7-3e282a3f9dd5
2023-02-22 04:46:56,854 [c601ec4f-f98c-429e-8a55-42b7705082ea-server-thread1] INFO  server.RaftServer$Division (ServerState.java:setLeader(313)) - c601ec4f-f98c-429e-8a55-42b7705082ea@group-9644B19BF3F1: change Leader from null to d1d6b5b3-8992-4d07-a0d7-3e282a3f9dd5 at term 1 for appendEntries, leader elected after 5209ms
2023-02-22 04:46:56,856 [bcabacfb-ac1d-48a8-b317-6e9b6c6dcdfe@group-84FF05016659-FollowerState] INFO  impl.FollowerState (FollowerState.java:run(143)) - bcabacfb-ac1d-48a8-b317-6e9b6c6dcdfe@group-84FF05016659-FollowerState: change to CANDIDATE, lastRpcElapsedTime:5022965476ns, electionTimeout:5022ms
2023-02-22 04:46:56,856 [bcabacfb-ac1d-48a8-b317-6e9b6c6dcdfe@group-84FF05016659-FollowerState] INFO  impl.RoleInfo (RoleInfo.java:shutdownFollowerState(110)) - bcabacfb-ac1d-48a8-b317-6e9b6c6dcdfe: shutdown bcabacfb-ac1d-48a8-b317-6e9b6c6dcdfe@group-84FF05016659-FollowerState
2023-02-22 04:46:56,856 [bcabacfb-ac1d-48a8-b317-6e9b6c6dcdfe@group-84FF05016659-FollowerState] INFO  server.RaftServer$Division (RaftServerImpl.java:setRole(321)) - bcabacfb-ac1d-48a8-b317-6e9b6c6dcdfe@group-84FF05016659: changes role from  FOLLOWER to CANDIDATE at term 0 for changeToCandidate
2023-02-22 04:46:56,857 [bcabacfb-ac1d-48a8-b317-6e9b6c6dcdfe@group-84FF05016659-FollowerState] INFO  server.RaftServerConfigKeys (ConfUtils.java:logGet(46)) - raft.server.leaderelection.pre-vote = true (default)
2023-02-22 04:46:56,857 [bcabacfb-ac1d-48a8-b317-6e9b6c6dcdfe@group-84FF05016659-FollowerState] INFO  impl.RoleInfo (RoleInfo.java:updateAndGet(139)) - bcabacfb-ac1d-48a8-b317-6e9b6c6dcdfe: start bcabacfb-ac1d-48a8-b317-6e9b6c6dcdfe@group-84FF05016659-LeaderElection22
2023-02-22 04:46:56,858 [bcabacfb-ac1d-48a8-b317-6e9b6c6dcdfe@group-9644B19BF3F1-SegmentedRaftLogWorker] INFO  segmented.SegmentedRaftLogWorker (SegmentedRaftLogWorker.java:execute(656)) - bcabacfb-ac1d-48a8-b317-6e9b6c6dcdfe@group-9644B19BF3F1-SegmentedRaftLogWorker: created new log segment /home/runner/work/ozone/ozone/hadoop-ozone/integration-test/target/test-dir/MiniOzoneClusterImpl-7cc88fad-c9bf-4c80-b076-d2cf48673a1e/datanode-1/data/ratis/bfd8f364-2dce-4e99-903b-9644b19bf3f1/current/log_inprogress_0
2023-02-22 04:46:56,868 [c601ec4f-f98c-429e-8a55-42b7705082ea-server-thread2] INFO  server.RaftServer$Division (ServerState.java:setRaftConf(430)) - c601ec4f-f98c-429e-8a55-42b7705082ea@group-9644B19BF3F1: set configuration 0: peers:[bcabacfb-ac1d-48a8-b317-6e9b6c6dcdfe|rpc:10.1.78.0:42171|dataStream:10.1.78.0:38271|priority:0|startupRole:FOLLOWER, c601ec4f-f98c-429e-8a55-42b7705082ea|rpc:10.1.78.0:38585|dataStream:10.1.78.0:37575|priority:0|startupRole:FOLLOWER, d1d6b5b3-8992-4d07-a0d7-3e282a3f9dd5|rpc:10.1.78.0:39709|dataStream:10.1.78.0:39033|priority:1|startupRole:FOLLOWER]|listeners:[], old=null
2023-02-22 04:46:56,868 [c601ec4f-f98c-429e-8a55-42b7705082ea-server-thread2] INFO  segmented.SegmentedRaftLogWorker (SegmentedRaftLogWorker.java:startLogSegment(452)) - c601ec4f-f98c-429e-8a55-42b7705082ea@group-9644B19BF3F1-SegmentedRaftLogWorker: Starting segment from index:0
2023-02-22 04:46:56,874 [c601ec4f-f98c-429e-8a55-42b7705082ea@group-9644B19BF3F1-SegmentedRaftLogWorker] INFO  segmented.SegmentedRaftLogWorker (SegmentedRaftLogWorker.java:execute(656)) - c601ec4f-f98c-429e-8a55-42b7705082ea@group-9644B19BF3F1-SegmentedRaftLogWorker: created new log segment /home/runner/work/ozone/ozone/hadoop-ozone/integration-test/target/test-dir/MiniOzoneClusterImpl-7cc88fad-c9bf-4c80-b076-d2cf48673a1e/datanode-2/data/ratis/bfd8f364-2dce-4e99-903b-9644b19bf3f1/current/log_inprogress_0
2023-02-22 04:46:56,875 [bcabacfb-ac1d-48a8-b317-6e9b6c6dcdfe@group-84FF05016659-LeaderElection22] INFO  impl.LeaderElection (LeaderElection.java:askForVotes(312)) - bcabacfb-ac1d-48a8-b317-6e9b6c6dcdfe@group-84FF05016659-LeaderElection22 PRE_VOTE round 0: submit vote requests at term 0 for -1: peers:[bcabacfb-ac1d-48a8-b317-6e9b6c6dcdfe|rpc:10.1.78.0:42171|dataStream:10.1.78.0:38271|priority:1|startupRole:FOLLOWER]|listeners:[], old=null
2023-02-22 04:46:56,875 [bcabacfb-ac1d-48a8-b317-6e9b6c6dcdfe@group-84FF05016659-LeaderElection22] INFO  impl.LeaderElection (LeaderElection.java:askForVotes(314)) - bcabacfb-ac1d-48a8-b317-6e9b6c6dcdfe@group-84FF05016659-LeaderElection22 PRE_VOTE round 0: result PASSED (term=0)
2023-02-22 04:46:56,876 [bcabacfb-ac1d-48a8-b317-6e9b6c6dcdfe@group-84FF05016659-LeaderElection22] INFO  impl.LeaderElection (LeaderElection.java:askForVotes(312)) - bcabacfb-ac1d-48a8-b317-6e9b6c6dcdfe@group-84FF05016659-LeaderElection22 ELECTION round 0: submit vote requests at term 1 for -1: peers:[bcabacfb-ac1d-48a8-b317-6e9b6c6dcdfe|rpc:10.1.78.0:42171|dataStream:10.1.78.0:38271|priority:1|startupRole:FOLLOWER]|listeners:[], old=null
2023-02-22 04:46:56,876 [bcabacfb-ac1d-48a8-b317-6e9b6c6dcdfe@group-84FF05016659-LeaderElection22] INFO  impl.LeaderElection (LeaderElection.java:askForVotes(314)) - bcabacfb-ac1d-48a8-b317-6e9b6c6dcdfe@group-84FF05016659-LeaderElection22 ELECTION round 0: result PASSED (term=1)
2023-02-22 04:46:56,877 [bcabacfb-ac1d-48a8-b317-6e9b6c6dcdfe@group-84FF05016659-LeaderElection22] INFO  impl.RoleInfo (RoleInfo.java:shutdownLeaderElection(130)) - bcabacfb-ac1d-48a8-b317-6e9b6c6dcdfe: shutdown bcabacfb-ac1d-48a8-b317-6e9b6c6dcdfe@group-84FF05016659-LeaderElection22
2023-02-22 04:46:56,877 [bcabacfb-ac1d-48a8-b317-6e9b6c6dcdfe@group-84FF05016659-LeaderElection22] INFO  server.RaftServer$Division (RaftServerImpl.java:setRole(321)) - bcabacfb-ac1d-48a8-b317-6e9b6c6dcdfe@group-84FF05016659: changes role from CANDIDATE to LEADER at term 1 for changeToLeader
2023-02-22 04:46:56,877 [bcabacfb-ac1d-48a8-b317-6e9b6c6dcdfe@group-84FF05016659-LeaderElection22] INFO  ratis.XceiverServerRatis (XceiverServerRatis.java:handleLeaderChangedNotification(905)) - Leader change notification received for group: group-84FF05016659 with new leaderId: bcabacfb-ac1d-48a8-b317-6e9b6c6dcdfe
2023-02-22 04:46:56,878 [bcabacfb-ac1d-48a8-b317-6e9b6c6dcdfe@group-84FF05016659-LeaderElection22] INFO  server.RaftServer$Division (ServerState.java:setLeader(313)) - bcabacfb-ac1d-48a8-b317-6e9b6c6dcdfe@group-84FF05016659: change Leader from null to bcabacfb-ac1d-48a8-b317-6e9b6c6dcdfe at term 1 for becomeLeader, leader elected after 5062ms
2023-02-22 04:46:56,878 [bcabacfb-ac1d-48a8-b317-6e9b6c6dcdfe@group-84FF05016659-LeaderElection22] INFO  server.RaftServerConfigKeys (ConfUtils.java:logGet(46)) - raft.server.staging.catchup.gap = 1000 (default)
2023-02-22 04:46:56,878 [bcabacfb-ac1d-48a8-b317-6e9b6c6dcdfe@group-84FF05016659-LeaderElection22] INFO  server.RaftServerConfigKeys (ConfUtils.java:logGet(46)) - raft.server.write.element-limit = 1024 (custom)
2023-02-22 04:46:56,878 [bcabacfb-ac1d-48a8-b317-6e9b6c6dcdfe@group-84FF05016659-LeaderElection22] INFO  server.RaftServerConfigKeys (ConfUtils.java:logGet(46)) - raft.server.write.byte-limit = 1024 M (=1073741824) (custom)
2023-02-22 04:46:56,878 [bcabacfb-ac1d-48a8-b317-6e9b6c6dcdfe@group-84FF05016659-LeaderElection22] INFO  server.RaftServerConfigKeys (ConfUtils.java:logGet(46)) - raft.server.watch.timeout = 180s (custom)
2023-02-22 04:46:56,878 [bcabacfb-ac1d-48a8-b317-6e9b6c6dcdfe@group-84FF05016659-LeaderElection22] INFO  server.RaftServerConfigKeys (ConfUtils.java:logGet(46)) - raft.server.watch.timeout.denomination = 1s (default)
2023-02-22 04:46:56,878 [bcabacfb-ac1d-48a8-b317-6e9b6c6dcdfe@group-84FF05016659-LeaderElection22] INFO  server.RaftServerConfigKeys (ConfUtils.java:logGet(46)) - raft.server.watch.element-limit = 65536 (default)
2023-02-22 04:46:56,880 [bcabacfb-ac1d-48a8-b317-6e9b6c6dcdfe@group-84FF05016659-LeaderElection22] INFO  server.RaftServerConfigKeys (ConfUtils.java:logGet(46)) - raft.server.write.element-limit = 1024 (custom)
2023-02-22 04:46:56,880 [bcabacfb-ac1d-48a8-b317-6e9b6c6dcdfe@group-84FF05016659-LeaderElection22] INFO  server.RaftServerConfigKeys (ConfUtils.java:logGet(46)) - raft.server.write.follower.gap.ratio.max = -1.0 (default)
2023-02-22 04:46:56,880 [bcabacfb-ac1d-48a8-b317-6e9b6c6dcdfe@group-84FF05016659-LeaderElection22] INFO  impl.RoleInfo (RoleInfo.java:updateAndGet(139)) - bcabacfb-ac1d-48a8-b317-6e9b6c6dcdfe: start bcabacfb-ac1d-48a8-b317-6e9b6c6dcdfe@group-84FF05016659-LeaderStateImpl
2023-02-22 04:46:56,880 [bcabacfb-ac1d-48a8-b317-6e9b6c6dcdfe@group-84FF05016659-LeaderElection22] INFO  segmented.SegmentedRaftLogWorker (SegmentedRaftLogWorker.java:startLogSegment(452)) - bcabacfb-ac1d-48a8-b317-6e9b6c6dcdfe@group-84FF05016659-SegmentedRaftLogWorker: Starting segment from index:0
2023-02-22 04:46:56,886 [bcabacfb-ac1d-48a8-b317-6e9b6c6dcdfe@group-84FF05016659-LeaderElection22] INFO  server.RaftServer$Division (ServerState.java:setRaftConf(430)) - bcabacfb-ac1d-48a8-b317-6e9b6c6dcdfe@group-84FF05016659: set configuration 0: peers:[bcabacfb-ac1d-48a8-b317-6e9b6c6dcdfe|rpc:10.1.78.0:42171|dataStream:10.1.78.0:38271|priority:1|startupRole:FOLLOWER]|listeners:[], old=null
2023-02-22 04:46:56,886 [bcabacfb-ac1d-48a8-b317-6e9b6c6dcdfe@group-84FF05016659-SegmentedRaftLogWorker] INFO  segmented.SegmentedRaftLogWorker (SegmentedRaftLogWorker.java:execute(656)) - bcabacfb-ac1d-48a8-b317-6e9b6c6dcdfe@group-84FF05016659-SegmentedRaftLogWorker: created new log segment /home/runner/work/ozone/ozone/hadoop-ozone/integration-test/target/test-dir/MiniOzoneClusterImpl-7cc88fad-c9bf-4c80-b076-d2cf48673a1e/datanode-1/data/ratis/f9c23855-1c80-4a91-a405-84ff05016659/current/log_inprogress_0
2023-02-22 04:46:57,200 [Listener at 127.0.0.1/41863] INFO  ozone.MiniOzoneClusterImpl (MiniOzoneClusterImpl.java:lambda$waitForClusterToBeReady$0(218)) - Nodes are ready. Got 3 of 3 DN Heartbeats.
2023-02-22 04:46:57,200 [Listener at 127.0.0.1/41863] INFO  ozone.MiniOzoneClusterImpl (MiniOzoneClusterImpl.java:lambda$waitForClusterToBeReady$0(221)) - Cluster exits safe mode
2023-02-22 04:46:57,200 [Listener at 127.0.0.1/41863] INFO  ozone.MiniOzoneClusterImpl (MiniOzoneClusterImpl.java:lambda$waitForClusterToBeReady$0(223)) - SCM became leader
2023-02-22 04:46:57,228 [Listener at 127.0.0.1/41863] INFO  rpc.RpcClient (RpcClient.java:createVolume(476)) - Creating Volume: volume63640, with user31638 as owner and space quota set to -1 bytes, counts quota set to -1
2023-02-22 04:46:57,235 [OM StateMachine ApplyTransaction Thread - 0] INFO  volume.OMVolumeCreateRequest (OMVolumeCreateRequest.java:validateAndUpdateCache(195)) - created volume:volume63640 for user:user31638
2023-02-22 04:46:57,237 [OM StateMachine ApplyTransaction Thread - 0] INFO  volume.OMVolumeCreateRequest (OMVolumeCreateRequest.java:validateAndUpdateCache(195)) - created volume:volume63640 for user:user31638
2023-02-22 04:46:57,238 [OM StateMachine ApplyTransaction Thread - 0] INFO  volume.OMVolumeCreateRequest (OMVolumeCreateRequest.java:validateAndUpdateCache(195)) - created volume:volume63640 for user:user31638
2023-02-22 04:46:57,243 [Listener at 127.0.0.1/41863] INFO  rpc.RpcClient (RpcClient.java:createBucket(698)) - Creating Bucket: volume63640/bucket13845, with bucket layout LEGACY, runner as owner, Versioning false, Storage Type set to DISK and Encryption set to false, Replication Type set to server-side default replication type, Namespace Quota set to -1, Space Quota set to -1 
2023-02-22 04:46:57,246 [OM StateMachine ApplyTransaction Thread - 0] INFO  bucket.OMBucketCreateRequest (OMBucketCreateRequest.java:validateAndUpdateCache(263)) - created bucket: bucket13845 of layout LEGACY in volume: volume63640
2023-02-22 04:46:57,247 [OM StateMachine ApplyTransaction Thread - 0] INFO  bucket.OMBucketCreateRequest (OMBucketCreateRequest.java:validateAndUpdateCache(263)) - created bucket: bucket13845 of layout LEGACY in volume: volume63640
2023-02-22 04:46:57,249 [OM StateMachine ApplyTransaction Thread - 0] INFO  bucket.OMBucketCreateRequest (OMBucketCreateRequest.java:validateAndUpdateCache(263)) - created bucket: bucket13845 of layout LEGACY in volume: volume63640
2023-02-22 04:46:57,258 [Listener at 127.0.0.1/41863] INFO  utils.BackgroundService (BackgroundService.java:shutdown(141)) - Shutting down service KeyDeletingService
2023-02-22 04:46:57,258 [Listener at 127.0.0.1/41863] INFO  utils.BackgroundService (BackgroundService.java:shutdown(141)) - Shutting down service DirectoryDeletingService
2023-02-22 04:46:57,259 [Listener at 127.0.0.1/41863] INFO  utils.BackgroundService (BackgroundService.java:shutdown(141)) - Shutting down service OpenKeyCleanupService
2023-02-22 04:46:57,260 [Listener at 127.0.0.1/41863] INFO  utils.BackgroundService (BackgroundService.java:shutdown(141)) - Shutting down service SstFilteringService
2023-02-22 04:46:57,261 [Listener at 127.0.0.1/41863] WARN  server.ServerUtils (ServerUtils.java:getDBPath(225)) - ozone.om.db.dirs is not configured. We recommend adding this setting. Falling back to ozone.metadata.dirs instead.
2023-02-22 04:46:57,261 [Time-limited test] INFO  rpc.RpcClient (RpcClient.java:createVolume(476)) - Creating Volume: vol-55688, with runner as owner and space quota set to -1 bytes, counts quota set to -1
2023-02-22 04:46:57,265 [OM StateMachine ApplyTransaction Thread - 0] INFO  volume.OMVolumeCreateRequest (OMVolumeCreateRequest.java:validateAndUpdateCache(195)) - created volume:vol-55688 for user:runner
2023-02-22 04:46:57,270 [c601ec4f-f98c-429e-8a55-42b7705082ea@group-D7340CBED9D6-FollowerState] INFO  impl.FollowerState (FollowerState.java:run(143)) - c601ec4f-f98c-429e-8a55-42b7705082ea@group-D7340CBED9D6-FollowerState: change to CANDIDATE, lastRpcElapsedTime:5060406575ns, electionTimeout:5058ms
2023-02-22 04:46:57,270 [c601ec4f-f98c-429e-8a55-42b7705082ea@group-D7340CBED9D6-FollowerState] INFO  impl.RoleInfo (RoleInfo.java:shutdownFollowerState(110)) - c601ec4f-f98c-429e-8a55-42b7705082ea: shutdown c601ec4f-f98c-429e-8a55-42b7705082ea@group-D7340CBED9D6-FollowerState
2023-02-22 04:46:57,270 [c601ec4f-f98c-429e-8a55-42b7705082ea@group-D7340CBED9D6-FollowerState] INFO  server.RaftServer$Division (RaftServerImpl.java:setRole(321)) - c601ec4f-f98c-429e-8a55-42b7705082ea@group-D7340CBED9D6: changes role from  FOLLOWER to CANDIDATE at term 0 for changeToCandidate
2023-02-22 04:46:57,270 [c601ec4f-f98c-429e-8a55-42b7705082ea@group-D7340CBED9D6-FollowerState] INFO  server.RaftServerConfigKeys (ConfUtils.java:logGet(46)) - raft.server.leaderelection.pre-vote = true (default)
2023-02-22 04:46:57,270 [c601ec4f-f98c-429e-8a55-42b7705082ea@group-D7340CBED9D6-FollowerState] INFO  impl.RoleInfo (RoleInfo.java:updateAndGet(139)) - c601ec4f-f98c-429e-8a55-42b7705082ea: start c601ec4f-f98c-429e-8a55-42b7705082ea@group-D7340CBED9D6-LeaderElection23
2023-02-22 04:46:57,275 [OM StateMachine ApplyTransaction Thread - 0] INFO  volume.OMVolumeCreateRequest (OMVolumeCreateRequest.java:validateAndUpdateCache(195)) - created volume:vol-55688 for user:runner
2023-02-22 04:46:57,276 [OM StateMachine ApplyTransaction Thread - 0] INFO  volume.OMVolumeCreateRequest (OMVolumeCreateRequest.java:validateAndUpdateCache(195)) - created volume:vol-55688 for user:runner
2023-02-22 04:46:57,277 [c601ec4f-f98c-429e-8a55-42b7705082ea@group-D7340CBED9D6-LeaderElection23] INFO  impl.LeaderElection (LeaderElection.java:askForVotes(312)) - c601ec4f-f98c-429e-8a55-42b7705082ea@group-D7340CBED9D6-LeaderElection23 PRE_VOTE round 0: submit vote requests at term 0 for -1: peers:[c601ec4f-f98c-429e-8a55-42b7705082ea|rpc:10.1.78.0:38585|dataStream:10.1.78.0:37575|priority:1|startupRole:FOLLOWER]|listeners:[], old=null
2023-02-22 04:46:57,277 [c601ec4f-f98c-429e-8a55-42b7705082ea@group-D7340CBED9D6-LeaderElection23] INFO  impl.LeaderElection (LeaderElection.java:askForVotes(314)) - c601ec4f-f98c-429e-8a55-42b7705082ea@group-D7340CBED9D6-LeaderElection23 PRE_VOTE round 0: result PASSED (term=0)
]]></system-out>
  </testcase>
  <testcase name="testSnapDiffWithMultipleSSTs" classname="TestOmSnapshot" time="3.466">
    <system-out><![CDATA[2023-02-22 04:45:05,844 [Time-limited test] INFO  rpc.RpcClient (RpcClient.java:createVolume(476)) - Creating Volume: vol-97373, with runner as owner and space quota set to -1 bytes, counts quota set to -1
2023-02-22 04:45:05,851 [OM StateMachine ApplyTransaction Thread - 0] INFO  volume.OMVolumeCreateRequest (OMVolumeCreateRequest.java:validateAndUpdateCache(195)) - created volume:vol-97373 for user:runner
2023-02-22 04:45:05,854 [OM StateMachine ApplyTransaction Thread - 0] INFO  volume.OMVolumeCreateRequest (OMVolumeCreateRequest.java:validateAndUpdateCache(195)) - created volume:vol-97373 for user:runner
2023-02-22 04:45:05,855 [OM StateMachine ApplyTransaction Thread - 0] INFO  volume.OMVolumeCreateRequest (OMVolumeCreateRequest.java:validateAndUpdateCache(195)) - created volume:vol-97373 for user:runner
2023-02-22 04:45:05,857 [Time-limited test] INFO  rpc.RpcClient (RpcClient.java:createBucket(698)) - Creating Bucket: vol-97373/buck1, with server-side default bucket layout, runner as owner, Versioning false, Storage Type set to DISK and Encryption set to false, Replication Type set to server-side default replication type, Namespace Quota set to -1, Space Quota set to -1 
2023-02-22 04:45:05,863 [OM StateMachine ApplyTransaction Thread - 0] INFO  bucket.OMBucketCreateRequest (OMBucketCreateRequest.java:validateAndUpdateCache(263)) - created bucket: buck1 of layout OBJECT_STORE in volume: vol-97373
2023-02-22 04:45:05,866 [OM StateMachine ApplyTransaction Thread - 0] INFO  bucket.OMBucketCreateRequest (OMBucketCreateRequest.java:validateAndUpdateCache(263)) - created bucket: buck1 of layout OBJECT_STORE in volume: vol-97373
2023-02-22 04:45:05,867 [Time-limited test] INFO  rpc.RpcClient (RpcClient.java:createBucket(698)) - Creating Bucket: vol-97373/buck2, with server-side default bucket layout, runner as owner, Versioning false, Storage Type set to DISK and Encryption set to false, Replication Type set to server-side default replication type, Namespace Quota set to -1, Space Quota set to -1 
2023-02-22 04:45:05,869 [OM StateMachine ApplyTransaction Thread - 0] INFO  bucket.OMBucketCreateRequest (OMBucketCreateRequest.java:validateAndUpdateCache(263)) - created bucket: buck1 of layout OBJECT_STORE in volume: vol-97373
2023-02-22 04:45:05,872 [OM StateMachine ApplyTransaction Thread - 0] INFO  bucket.OMBucketCreateRequest (OMBucketCreateRequest.java:validateAndUpdateCache(263)) - created bucket: buck2 of layout OBJECT_STORE in volume: vol-97373
2023-02-22 04:45:05,875 [OM StateMachine ApplyTransaction Thread - 0] INFO  bucket.OMBucketCreateRequest (OMBucketCreateRequest.java:validateAndUpdateCache(263)) - created bucket: buck2 of layout OBJECT_STORE in volume: vol-97373
2023-02-22 04:45:05,877 [OM StateMachine ApplyTransaction Thread - 0] INFO  bucket.OMBucketCreateRequest (OMBucketCreateRequest.java:validateAndUpdateCache(263)) - created bucket: buck2 of layout OBJECT_STORE in volume: vol-97373
2023-02-22 04:45:05,927 [IPC Server handler 2 on default port 34903] INFO  ha.SequenceIdGenerator (SequenceIdGenerator.java:getNextId(128)) - Allocate a batch for containerId, change lastId from 0 to 1000.
2023-02-22 04:45:05,937 [IPC Server handler 2 on default port 34903] WARN  ha.SequenceIdGenerator (SequenceIdGenerator.java:allocateBatch(237)) - Failed to allocate a batch for localId, expected lastId is 0, actual lastId is 111677748019200000.
2023-02-22 04:45:05,937 [IPC Server handler 2 on default port 34903] INFO  ha.SequenceIdGenerator (SequenceIdGenerator.java:getNextId(128)) - Allocate a batch for localId, change lastId from 111677748019200000 to 111677748019201000.
2023-02-22 04:45:06,036 [Time-limited test] INFO  impl.MetricsSystemImpl (MetricsSystemImpl.java:init(158)) - XceiverClientMetrics metrics system started (again)
2023-02-22 04:45:06,371 [OM StateMachine ApplyTransaction Thread - 0] INFO  snapshot.OMSnapshotCreateRequest (OMSnapshotCreateRequest.java:validateAndUpdateCache(180)) - Created snapshot 'snap55727' under path 'vol-97373/buck1'
2023-02-22 04:45:06,371 [OM StateMachine ApplyTransaction Thread - 0] INFO  snapshot.OMSnapshotCreateRequest (OMSnapshotCreateRequest.java:validateAndUpdateCache(180)) - Created snapshot 'snap55727' under path 'vol-97373/buck1'
2023-02-22 04:45:06,372 [OM StateMachine ApplyTransaction Thread - 0] INFO  snapshot.OMSnapshotCreateRequest (OMSnapshotCreateRequest.java:validateAndUpdateCache(180)) - Created snapshot 'snap55727' under path 'vol-97373/buck1'
2023-02-22 04:45:06,406 [OMDoubleBufferFlushThread] INFO  db.RDBCheckpointManager (RDBCheckpointManager.java:createCheckpoint(96)) - Created checkpoint in rocksDB at /home/runner/work/ozone/ozone/hadoop-ozone/integration-test/target/test-dir/MiniOzoneClusterImpl-23364813-765e-4689-b759-17f9bf3914d5/omNode-2/db.snapshots/om.db-fd20a1ba-e7af-4e97-bdc2-879855596869 in 27 milliseconds
2023-02-22 04:45:06,411 [OMDoubleBufferFlushThread] INFO  db.RDBCheckpointManager (RDBCheckpointManager.java:createCheckpoint(96)) - Created checkpoint in rocksDB at /home/runner/work/ozone/ozone/hadoop-ozone/integration-test/target/test-dir/MiniOzoneClusterImpl-23364813-765e-4689-b759-17f9bf3914d5/omNode-1/db.snapshots/om.db-fd20a1ba-e7af-4e97-bdc2-879855596869 in 33 milliseconds
2023-02-22 04:45:06,415 [OMDoubleBufferFlushThread] INFO  db.RDBCheckpointManager (RDBCheckpointManager.java:createCheckpoint(96)) - Created checkpoint in rocksDB at /home/runner/work/ozone/ozone/hadoop-ozone/integration-test/target/test-dir/MiniOzoneClusterImpl-23364813-765e-4689-b759-17f9bf3914d5/omNode-3/db.snapshots/om.db-fd20a1ba-e7af-4e97-bdc2-879855596869 in 39 milliseconds
2023-02-22 04:45:06,419 [OMDoubleBufferFlushThread] INFO  db.RDBCheckpointManager (RDBCheckpointManager.java:waitForCheckpointDirectoryExist(125)) - Waited for 13 milliseconds for checkpoint directory /home/runner/work/ozone/ozone/hadoop-ozone/integration-test/target/test-dir/MiniOzoneClusterImpl-23364813-765e-4689-b759-17f9bf3914d5/omNode-2/db.snapshots/om.db-fd20a1ba-e7af-4e97-bdc2-879855596869 availability.
2023-02-22 04:45:06,419 [OMDoubleBufferFlushThread] INFO  om.OmSnapshotManager (OmSnapshotManager.java:createOmSnapshotCheckpoint(163)) - Created checkpoint : /home/runner/work/ozone/ozone/hadoop-ozone/integration-test/target/test-dir/MiniOzoneClusterImpl-23364813-765e-4689-b759-17f9bf3914d5/omNode-2/db.snapshots/om.db-fd20a1ba-e7af-4e97-bdc2-879855596869 for snapshot snap55727
2023-02-22 04:45:06,421 [OMDoubleBufferFlushThread] INFO  db.RDBCheckpointManager (RDBCheckpointManager.java:waitForCheckpointDirectoryExist(125)) - Waited for 9 milliseconds for checkpoint directory /home/runner/work/ozone/ozone/hadoop-ozone/integration-test/target/test-dir/MiniOzoneClusterImpl-23364813-765e-4689-b759-17f9bf3914d5/omNode-1/db.snapshots/om.db-fd20a1ba-e7af-4e97-bdc2-879855596869 availability.
2023-02-22 04:45:06,421 [OMDoubleBufferFlushThread] INFO  db.RDBCheckpointManager (RDBCheckpointManager.java:waitForCheckpointDirectoryExist(125)) - Waited for 6 milliseconds for checkpoint directory /home/runner/work/ozone/ozone/hadoop-ozone/integration-test/target/test-dir/MiniOzoneClusterImpl-23364813-765e-4689-b759-17f9bf3914d5/omNode-3/db.snapshots/om.db-fd20a1ba-e7af-4e97-bdc2-879855596869 availability.
2023-02-22 04:45:06,421 [OMDoubleBufferFlushThread] INFO  om.OmSnapshotManager (OmSnapshotManager.java:createOmSnapshotCheckpoint(163)) - Created checkpoint : /home/runner/work/ozone/ozone/hadoop-ozone/integration-test/target/test-dir/MiniOzoneClusterImpl-23364813-765e-4689-b759-17f9bf3914d5/omNode-1/db.snapshots/om.db-fd20a1ba-e7af-4e97-bdc2-879855596869 for snapshot snap55727
2023-02-22 04:45:06,421 [OMDoubleBufferFlushThread] INFO  om.OmSnapshotManager (OmSnapshotManager.java:createOmSnapshotCheckpoint(163)) - Created checkpoint : /home/runner/work/ozone/ozone/hadoop-ozone/integration-test/target/test-dir/MiniOzoneClusterImpl-23364813-765e-4689-b759-17f9bf3914d5/omNode-3/db.snapshots/om.db-fd20a1ba-e7af-4e97-bdc2-879855596869 for snapshot snap55727
2023-02-22 04:45:08,155 [OM StateMachine ApplyTransaction Thread - 0] INFO  snapshot.OMSnapshotCreateRequest (OMSnapshotCreateRequest.java:validateAndUpdateCache(180)) - Created snapshot 'snap68521' under path 'vol-97373/buck1'
2023-02-22 04:45:08,157 [OM StateMachine ApplyTransaction Thread - 0] INFO  snapshot.OMSnapshotCreateRequest (OMSnapshotCreateRequest.java:validateAndUpdateCache(180)) - Created snapshot 'snap68521' under path 'vol-97373/buck1'
2023-02-22 04:45:08,160 [OM StateMachine ApplyTransaction Thread - 0] INFO  snapshot.OMSnapshotCreateRequest (OMSnapshotCreateRequest.java:validateAndUpdateCache(180)) - Created snapshot 'snap68521' under path 'vol-97373/buck1'
2023-02-22 04:45:08,176 [OMDoubleBufferFlushThread] INFO  db.RDBCheckpointManager (RDBCheckpointManager.java:createCheckpoint(96)) - Created checkpoint in rocksDB at /home/runner/work/ozone/ozone/hadoop-ozone/integration-test/target/test-dir/MiniOzoneClusterImpl-23364813-765e-4689-b759-17f9bf3914d5/omNode-1/db.snapshots/om.db-0de79e57-1bf6-4c63-97b3-85be889c8412 in 20 milliseconds
2023-02-22 04:45:08,177 [OMDoubleBufferFlushThread] INFO  db.RDBCheckpointManager (RDBCheckpointManager.java:waitForCheckpointDirectoryExist(125)) - Waited for 1 milliseconds for checkpoint directory /home/runner/work/ozone/ozone/hadoop-ozone/integration-test/target/test-dir/MiniOzoneClusterImpl-23364813-765e-4689-b759-17f9bf3914d5/omNode-1/db.snapshots/om.db-0de79e57-1bf6-4c63-97b3-85be889c8412 availability.
2023-02-22 04:45:08,177 [OMDoubleBufferFlushThread] INFO  om.OmSnapshotManager (OmSnapshotManager.java:createOmSnapshotCheckpoint(163)) - Created checkpoint : /home/runner/work/ozone/ozone/hadoop-ozone/integration-test/target/test-dir/MiniOzoneClusterImpl-23364813-765e-4689-b759-17f9bf3914d5/omNode-1/db.snapshots/om.db-0de79e57-1bf6-4c63-97b3-85be889c8412 for snapshot snap68521
2023-02-22 04:45:08,179 [OMDoubleBufferFlushThread] INFO  db.RDBCheckpointManager (RDBCheckpointManager.java:createCheckpoint(96)) - Created checkpoint in rocksDB at /home/runner/work/ozone/ozone/hadoop-ozone/integration-test/target/test-dir/MiniOzoneClusterImpl-23364813-765e-4689-b759-17f9bf3914d5/omNode-2/db.snapshots/om.db-0de79e57-1bf6-4c63-97b3-85be889c8412 in 21 milliseconds
2023-02-22 04:45:08,181 [OMDoubleBufferFlushThread] INFO  db.RDBCheckpointManager (RDBCheckpointManager.java:waitForCheckpointDirectoryExist(125)) - Waited for 2 milliseconds for checkpoint directory /home/runner/work/ozone/ozone/hadoop-ozone/integration-test/target/test-dir/MiniOzoneClusterImpl-23364813-765e-4689-b759-17f9bf3914d5/omNode-2/db.snapshots/om.db-0de79e57-1bf6-4c63-97b3-85be889c8412 availability.
2023-02-22 04:45:08,181 [OMDoubleBufferFlushThread] INFO  om.OmSnapshotManager (OmSnapshotManager.java:createOmSnapshotCheckpoint(163)) - Created checkpoint : /home/runner/work/ozone/ozone/hadoop-ozone/integration-test/target/test-dir/MiniOzoneClusterImpl-23364813-765e-4689-b759-17f9bf3914d5/omNode-2/db.snapshots/om.db-0de79e57-1bf6-4c63-97b3-85be889c8412 for snapshot snap68521
2023-02-22 04:45:08,182 [OMDoubleBufferFlushThread] INFO  db.RDBCheckpointManager (RDBCheckpointManager.java:createCheckpoint(96)) - Created checkpoint in rocksDB at /home/runner/work/ozone/ozone/hadoop-ozone/integration-test/target/test-dir/MiniOzoneClusterImpl-23364813-765e-4689-b759-17f9bf3914d5/omNode-3/db.snapshots/om.db-0de79e57-1bf6-4c63-97b3-85be889c8412 in 20 milliseconds
2023-02-22 04:45:08,183 [OMDoubleBufferFlushThread] INFO  db.RDBCheckpointManager (RDBCheckpointManager.java:waitForCheckpointDirectoryExist(125)) - Waited for 1 milliseconds for checkpoint directory /home/runner/work/ozone/ozone/hadoop-ozone/integration-test/target/test-dir/MiniOzoneClusterImpl-23364813-765e-4689-b759-17f9bf3914d5/omNode-3/db.snapshots/om.db-0de79e57-1bf6-4c63-97b3-85be889c8412 availability.
2023-02-22 04:45:08,183 [OMDoubleBufferFlushThread] INFO  om.OmSnapshotManager (OmSnapshotManager.java:createOmSnapshotCheckpoint(163)) - Created checkpoint : /home/runner/work/ozone/ozone/hadoop-ozone/integration-test/target/test-dir/MiniOzoneClusterImpl-23364813-765e-4689-b759-17f9bf3914d5/omNode-3/db.snapshots/om.db-0de79e57-1bf6-4c63-97b3-85be889c8412 for snapshot snap68521
2023-02-22 04:45:09,161 [IPC Server handler 19 on default port 36219] WARN  server.ServerUtils (ServerUtils.java:getDBPath(225)) - ozone.om.db.dirs is not configured. We recommend adding this setting. Falling back to ozone.metadata.dirs instead.
2023-02-22 04:45:09,161 [IPC Server handler 19 on default port 36219] INFO  codec.OmKeyInfoCodec (OmKeyInfoCodec.java:<init>(49)) - OmKeyInfoCodec ignorePipeline = true
2023-02-22 04:45:09,162 [IPC Server handler 19 on default port 36219] INFO  codec.RepeatedOmKeyInfoCodec (RepeatedOmKeyInfoCodec.java:<init>(41)) - RepeatedOmKeyInfoCodec ignorePipeline = true
2023-02-22 04:45:09,200 [IPC Server handler 19 on default port 36219] INFO  audit.AuditLogger (AuditLogger.java:refreshDebugCmdSet(126)) - Refresh DebugCmdSet for OMAudit to [].
2023-02-22 04:45:09,201 [IPC Server handler 19 on default port 36219] WARN  server.ServerUtils (ServerUtils.java:getDBPath(225)) - ozone.om.db.dirs is not configured. We recommend adding this setting. Falling back to ozone.metadata.dirs instead.
2023-02-22 04:45:09,202 [IPC Server handler 19 on default port 36219] INFO  codec.OmKeyInfoCodec (OmKeyInfoCodec.java:<init>(49)) - OmKeyInfoCodec ignorePipeline = true
2023-02-22 04:45:09,202 [IPC Server handler 19 on default port 36219] INFO  codec.RepeatedOmKeyInfoCodec (RepeatedOmKeyInfoCodec.java:<init>(41)) - RepeatedOmKeyInfoCodec ignorePipeline = true
]]></system-out>
  </testcase>
  <testcase name="testSnapDiffWithMultipleSSTs" classname="TestOmSnapshot" time="2.724">
    <failure type="java.lang.AssertionError"><![CDATA[java.lang.AssertionError: expected:<1> but was:<2>
	at org.junit.Assert.fail(Assert.java:89)
	at org.junit.Assert.failNotEquals(Assert.java:835)
	at org.junit.Assert.assertEquals(Assert.java:647)
	at org.junit.Assert.assertEquals(Assert.java:633)
	at org.apache.hadoop.ozone.om.TestOmSnapshot.testSnapDiffWithMultipleSSTs(TestOmSnapshot.java:637)
	at sun.reflect.NativeMethodAccessorImpl.invoke0(Native Method)
	at sun.reflect.NativeMethodAccessorImpl.invoke(NativeMethodAccessorImpl.java:62)
	at sun.reflect.DelegatingMethodAccessorImpl.invoke(DelegatingMethodAccessorImpl.java:43)
	at java.lang.reflect.Method.invoke(Method.java:498)
	at org.junit.runners.model.FrameworkMethod$1.runReflectiveCall(FrameworkMethod.java:59)
	at org.junit.internal.runners.model.ReflectiveCallable.run(ReflectiveCallable.java:12)
	at org.junit.runners.model.FrameworkMethod.invokeExplosively(FrameworkMethod.java:56)
	at org.junit.internal.runners.statements.InvokeMethod.evaluate(InvokeMethod.java:17)
	at org.junit.internal.runners.statements.FailOnTimeout$CallableStatement.call(FailOnTimeout.java:288)
	at org.junit.internal.runners.statements.FailOnTimeout$CallableStatement.call(FailOnTimeout.java:282)
	at java.util.concurrent.FutureTask.run(FutureTask.java:266)
	at java.lang.Thread.run(Thread.java:750)
]]></failure>
    <system-out><![CDATA[2023-02-22 04:45:58,971 [Time-limited test] INFO  rpc.RpcClient (RpcClient.java:createVolume(476)) - Creating Volume: vol-68106, with runner as owner and space quota set to -1 bytes, counts quota set to -1
2023-02-22 04:45:58,978 [OM StateMachine ApplyTransaction Thread - 0] INFO  volume.OMVolumeCreateRequest (OMVolumeCreateRequest.java:validateAndUpdateCache(195)) - created volume:vol-68106 for user:runner
2023-02-22 04:45:58,979 [OM StateMachine ApplyTransaction Thread - 0] INFO  volume.OMVolumeCreateRequest (OMVolumeCreateRequest.java:validateAndUpdateCache(195)) - created volume:vol-68106 for user:runner
2023-02-22 04:45:58,980 [OM StateMachine ApplyTransaction Thread - 0] INFO  volume.OMVolumeCreateRequest (OMVolumeCreateRequest.java:validateAndUpdateCache(195)) - created volume:vol-68106 for user:runner
2023-02-22 04:45:58,981 [Time-limited test] INFO  rpc.RpcClient (RpcClient.java:createBucket(698)) - Creating Bucket: vol-68106/buck1, with server-side default bucket layout, runner as owner, Versioning false, Storage Type set to DISK and Encryption set to false, Replication Type set to server-side default replication type, Namespace Quota set to -1, Space Quota set to -1 
2023-02-22 04:45:58,983 [OM StateMachine ApplyTransaction Thread - 0] INFO  bucket.OMBucketCreateRequest (OMBucketCreateRequest.java:validateAndUpdateCache(263)) - created bucket: buck1 of layout FILE_SYSTEM_OPTIMIZED in volume: vol-68106
2023-02-22 04:45:58,984 [OM StateMachine ApplyTransaction Thread - 0] INFO  bucket.OMBucketCreateRequest (OMBucketCreateRequest.java:validateAndUpdateCache(263)) - created bucket: buck1 of layout FILE_SYSTEM_OPTIMIZED in volume: vol-68106
2023-02-22 04:45:58,984 [OM StateMachine ApplyTransaction Thread - 0] INFO  bucket.OMBucketCreateRequest (OMBucketCreateRequest.java:validateAndUpdateCache(263)) - created bucket: buck1 of layout FILE_SYSTEM_OPTIMIZED in volume: vol-68106
2023-02-22 04:45:58,986 [Time-limited test] INFO  rpc.RpcClient (RpcClient.java:createBucket(698)) - Creating Bucket: vol-68106/buck2, with server-side default bucket layout, runner as owner, Versioning false, Storage Type set to DISK and Encryption set to false, Replication Type set to server-side default replication type, Namespace Quota set to -1, Space Quota set to -1 
2023-02-22 04:45:58,988 [OM StateMachine ApplyTransaction Thread - 0] INFO  bucket.OMBucketCreateRequest (OMBucketCreateRequest.java:validateAndUpdateCache(263)) - created bucket: buck2 of layout FILE_SYSTEM_OPTIMIZED in volume: vol-68106
2023-02-22 04:45:58,989 [OM StateMachine ApplyTransaction Thread - 0] INFO  bucket.OMBucketCreateRequest (OMBucketCreateRequest.java:validateAndUpdateCache(263)) - created bucket: buck2 of layout FILE_SYSTEM_OPTIMIZED in volume: vol-68106
2023-02-22 04:45:58,990 [OM StateMachine ApplyTransaction Thread - 0] INFO  bucket.OMBucketCreateRequest (OMBucketCreateRequest.java:validateAndUpdateCache(263)) - created bucket: buck2 of layout FILE_SYSTEM_OPTIMIZED in volume: vol-68106
2023-02-22 04:45:59,008 [IPC Server handler 4 on default port 44759] INFO  ha.SequenceIdGenerator (SequenceIdGenerator.java:getNextId(128)) - Allocate a batch for containerId, change lastId from 0 to 1000.
2023-02-22 04:45:59,009 [IPC Server handler 4 on default port 44759] WARN  ha.SequenceIdGenerator (SequenceIdGenerator.java:allocateBatch(237)) - Failed to allocate a batch for localId, expected lastId is 0, actual lastId is 111677748019200000.
2023-02-22 04:45:59,009 [IPC Server handler 4 on default port 44759] INFO  ha.SequenceIdGenerator (SequenceIdGenerator.java:getNextId(128)) - Allocate a batch for localId, change lastId from 111677748019200000 to 111677748019201000.
2023-02-22 04:45:59,082 [ffdcdc5d-4960-49c6-84a1-25480d1d38bf@group-5482F95B9549-FollowerState] INFO  impl.FollowerState (FollowerState.java:run(143)) - ffdcdc5d-4960-49c6-84a1-25480d1d38bf@group-5482F95B9549-FollowerState: change to CANDIDATE, lastRpcElapsedTime:5199047146ns, electionTimeout:5198ms
2023-02-22 04:45:59,082 [ffdcdc5d-4960-49c6-84a1-25480d1d38bf@group-5482F95B9549-FollowerState] INFO  impl.RoleInfo (RoleInfo.java:shutdownFollowerState(110)) - ffdcdc5d-4960-49c6-84a1-25480d1d38bf: shutdown ffdcdc5d-4960-49c6-84a1-25480d1d38bf@group-5482F95B9549-FollowerState
2023-02-22 04:45:59,082 [ffdcdc5d-4960-49c6-84a1-25480d1d38bf@group-5482F95B9549-FollowerState] INFO  server.RaftServer$Division (RaftServerImpl.java:setRole(321)) - ffdcdc5d-4960-49c6-84a1-25480d1d38bf@group-5482F95B9549: changes role from  FOLLOWER to CANDIDATE at term 0 for changeToCandidate
2023-02-22 04:45:59,082 [ffdcdc5d-4960-49c6-84a1-25480d1d38bf@group-5482F95B9549-FollowerState] INFO  server.RaftServerConfigKeys (ConfUtils.java:logGet(46)) - raft.server.leaderelection.pre-vote = true (default)
2023-02-22 04:45:59,082 [ffdcdc5d-4960-49c6-84a1-25480d1d38bf@group-5482F95B9549-FollowerState] INFO  impl.RoleInfo (RoleInfo.java:updateAndGet(139)) - ffdcdc5d-4960-49c6-84a1-25480d1d38bf: start ffdcdc5d-4960-49c6-84a1-25480d1d38bf@group-5482F95B9549-LeaderElection15
2023-02-22 04:45:59,090 [ffdcdc5d-4960-49c6-84a1-25480d1d38bf@group-5482F95B9549-LeaderElection15] INFO  impl.LeaderElection (LeaderElection.java:askForVotes(312)) - ffdcdc5d-4960-49c6-84a1-25480d1d38bf@group-5482F95B9549-LeaderElection15 PRE_VOTE round 0: submit vote requests at term 0 for -1: peers:[ffdcdc5d-4960-49c6-84a1-25480d1d38bf|rpc:10.1.78.0:46217|dataStream:10.1.78.0:40923|priority:1|startupRole:FOLLOWER]|listeners:[], old=null
2023-02-22 04:45:59,090 [ffdcdc5d-4960-49c6-84a1-25480d1d38bf@group-5482F95B9549-LeaderElection15] INFO  impl.LeaderElection (LeaderElection.java:askForVotes(314)) - ffdcdc5d-4960-49c6-84a1-25480d1d38bf@group-5482F95B9549-LeaderElection15 PRE_VOTE round 0: result PASSED (term=0)
2023-02-22 04:45:59,094 [ffdcdc5d-4960-49c6-84a1-25480d1d38bf@group-5482F95B9549-LeaderElection15] INFO  impl.LeaderElection (LeaderElection.java:askForVotes(312)) - ffdcdc5d-4960-49c6-84a1-25480d1d38bf@group-5482F95B9549-LeaderElection15 ELECTION round 0: submit vote requests at term 1 for -1: peers:[ffdcdc5d-4960-49c6-84a1-25480d1d38bf|rpc:10.1.78.0:46217|dataStream:10.1.78.0:40923|priority:1|startupRole:FOLLOWER]|listeners:[], old=null
2023-02-22 04:45:59,094 [ffdcdc5d-4960-49c6-84a1-25480d1d38bf@group-5482F95B9549-LeaderElection15] INFO  impl.LeaderElection (LeaderElection.java:askForVotes(314)) - ffdcdc5d-4960-49c6-84a1-25480d1d38bf@group-5482F95B9549-LeaderElection15 ELECTION round 0: result PASSED (term=1)
2023-02-22 04:45:59,094 [ffdcdc5d-4960-49c6-84a1-25480d1d38bf@group-5482F95B9549-LeaderElection15] INFO  impl.RoleInfo (RoleInfo.java:shutdownLeaderElection(130)) - ffdcdc5d-4960-49c6-84a1-25480d1d38bf: shutdown ffdcdc5d-4960-49c6-84a1-25480d1d38bf@group-5482F95B9549-LeaderElection15
2023-02-22 04:45:59,094 [ffdcdc5d-4960-49c6-84a1-25480d1d38bf@group-5482F95B9549-LeaderElection15] INFO  server.RaftServer$Division (RaftServerImpl.java:setRole(321)) - ffdcdc5d-4960-49c6-84a1-25480d1d38bf@group-5482F95B9549: changes role from CANDIDATE to LEADER at term 1 for changeToLeader
2023-02-22 04:45:59,094 [ffdcdc5d-4960-49c6-84a1-25480d1d38bf@group-5482F95B9549-LeaderElection15] INFO  ratis.XceiverServerRatis (XceiverServerRatis.java:handleLeaderChangedNotification(905)) - Leader change notification received for group: group-5482F95B9549 with new leaderId: ffdcdc5d-4960-49c6-84a1-25480d1d38bf
2023-02-22 04:45:59,095 [ffdcdc5d-4960-49c6-84a1-25480d1d38bf@group-5482F95B9549-LeaderElection15] INFO  server.RaftServer$Division (ServerState.java:setLeader(313)) - ffdcdc5d-4960-49c6-84a1-25480d1d38bf@group-5482F95B9549: change Leader from null to ffdcdc5d-4960-49c6-84a1-25480d1d38bf at term 1 for becomeLeader, leader elected after 5223ms
2023-02-22 04:45:59,095 [ffdcdc5d-4960-49c6-84a1-25480d1d38bf@group-5482F95B9549-LeaderElection15] INFO  server.RaftServerConfigKeys (ConfUtils.java:logGet(46)) - raft.server.staging.catchup.gap = 1000 (default)
2023-02-22 04:45:59,095 [ffdcdc5d-4960-49c6-84a1-25480d1d38bf@group-5482F95B9549-LeaderElection15] INFO  server.RaftServerConfigKeys (ConfUtils.java:logGet(46)) - raft.server.write.element-limit = 1024 (custom)
2023-02-22 04:45:59,095 [ffdcdc5d-4960-49c6-84a1-25480d1d38bf@group-5482F95B9549-LeaderElection15] INFO  server.RaftServerConfigKeys (ConfUtils.java:logGet(46)) - raft.server.write.byte-limit = 1024 M (=1073741824) (custom)
2023-02-22 04:45:59,095 [ffdcdc5d-4960-49c6-84a1-25480d1d38bf@group-5482F95B9549-LeaderElection15] INFO  server.RaftServerConfigKeys (ConfUtils.java:logGet(46)) - raft.server.watch.timeout = 180s (custom)
2023-02-22 04:45:59,095 [ffdcdc5d-4960-49c6-84a1-25480d1d38bf@group-5482F95B9549-LeaderElection15] INFO  server.RaftServerConfigKeys (ConfUtils.java:logGet(46)) - raft.server.watch.timeout.denomination = 1s (default)
2023-02-22 04:45:59,095 [ffdcdc5d-4960-49c6-84a1-25480d1d38bf@group-5482F95B9549-LeaderElection15] INFO  server.RaftServerConfigKeys (ConfUtils.java:logGet(46)) - raft.server.watch.element-limit = 65536 (default)
2023-02-22 04:45:59,095 [ffdcdc5d-4960-49c6-84a1-25480d1d38bf@group-5482F95B9549-LeaderElection15] INFO  server.RaftServerConfigKeys (ConfUtils.java:logGet(46)) - raft.server.write.element-limit = 1024 (custom)
2023-02-22 04:45:59,095 [ffdcdc5d-4960-49c6-84a1-25480d1d38bf@group-5482F95B9549-LeaderElection15] INFO  server.RaftServerConfigKeys (ConfUtils.java:logGet(46)) - raft.server.write.follower.gap.ratio.max = -1.0 (default)
2023-02-22 04:45:59,097 [ffdcdc5d-4960-49c6-84a1-25480d1d38bf@group-5482F95B9549-LeaderElection15] INFO  impl.RoleInfo (RoleInfo.java:updateAndGet(139)) - ffdcdc5d-4960-49c6-84a1-25480d1d38bf: start ffdcdc5d-4960-49c6-84a1-25480d1d38bf@group-5482F95B9549-LeaderStateImpl
2023-02-22 04:45:59,097 [ffdcdc5d-4960-49c6-84a1-25480d1d38bf@group-5482F95B9549-LeaderElection15] INFO  segmented.SegmentedRaftLogWorker (SegmentedRaftLogWorker.java:startLogSegment(452)) - ffdcdc5d-4960-49c6-84a1-25480d1d38bf@group-5482F95B9549-SegmentedRaftLogWorker: Starting segment from index:0
2023-02-22 04:45:59,098 [ffdcdc5d-4960-49c6-84a1-25480d1d38bf@group-5482F95B9549-SegmentedRaftLogWorker] INFO  segmented.SegmentedRaftLogWorker (SegmentedRaftLogWorker.java:execute(656)) - ffdcdc5d-4960-49c6-84a1-25480d1d38bf@group-5482F95B9549-SegmentedRaftLogWorker: created new log segment /home/runner/work/ozone/ozone/hadoop-ozone/integration-test/target/test-dir/MiniOzoneClusterImpl-d1b59b44-2044-4343-9d69-28cc870eb01e/datanode-2/data/ratis/2d3482bb-ae33-4d4c-ba22-5482f95b9549/current/log_inprogress_0
2023-02-22 04:45:59,099 [ffdcdc5d-4960-49c6-84a1-25480d1d38bf@group-5482F95B9549-LeaderElection15] INFO  server.RaftServer$Division (ServerState.java:setRaftConf(430)) - ffdcdc5d-4960-49c6-84a1-25480d1d38bf@group-5482F95B9549: set configuration 0: peers:[ffdcdc5d-4960-49c6-84a1-25480d1d38bf|rpc:10.1.78.0:46217|dataStream:10.1.78.0:40923|priority:1|startupRole:FOLLOWER]|listeners:[], old=null
2023-02-22 04:45:59,124 [OM StateMachine ApplyTransaction Thread - 0] INFO  snapshot.OMSnapshotCreateRequest (OMSnapshotCreateRequest.java:validateAndUpdateCache(180)) - Created snapshot 'snap27896' under path 'vol-68106/buck1'
2023-02-22 04:45:59,125 [OM StateMachine ApplyTransaction Thread - 0] INFO  snapshot.OMSnapshotCreateRequest (OMSnapshotCreateRequest.java:validateAndUpdateCache(180)) - Created snapshot 'snap27896' under path 'vol-68106/buck1'
2023-02-22 04:45:59,125 [OM StateMachine ApplyTransaction Thread - 0] INFO  snapshot.OMSnapshotCreateRequest (OMSnapshotCreateRequest.java:validateAndUpdateCache(180)) - Created snapshot 'snap27896' under path 'vol-68106/buck1'
2023-02-22 04:45:59,150 [OMDoubleBufferFlushThread] INFO  db.RDBCheckpointManager (RDBCheckpointManager.java:createCheckpoint(96)) - Created checkpoint in rocksDB at /home/runner/work/ozone/ozone/hadoop-ozone/integration-test/target/test-dir/MiniOzoneClusterImpl-d1b59b44-2044-4343-9d69-28cc870eb01e/omNode-3/db.snapshots/om.db-05789e9d-bff7-4711-8ac5-883d8d6d5809 in 23 milliseconds
2023-02-22 04:45:59,152 [OMDoubleBufferFlushThread] INFO  db.RDBCheckpointManager (RDBCheckpointManager.java:waitForCheckpointDirectoryExist(125)) - Waited for 1 milliseconds for checkpoint directory /home/runner/work/ozone/ozone/hadoop-ozone/integration-test/target/test-dir/MiniOzoneClusterImpl-d1b59b44-2044-4343-9d69-28cc870eb01e/omNode-3/db.snapshots/om.db-05789e9d-bff7-4711-8ac5-883d8d6d5809 availability.
2023-02-22 04:45:59,152 [OMDoubleBufferFlushThread] INFO  om.OmSnapshotManager (OmSnapshotManager.java:createOmSnapshotCheckpoint(163)) - Created checkpoint : /home/runner/work/ozone/ozone/hadoop-ozone/integration-test/target/test-dir/MiniOzoneClusterImpl-d1b59b44-2044-4343-9d69-28cc870eb01e/omNode-3/db.snapshots/om.db-05789e9d-bff7-4711-8ac5-883d8d6d5809 for snapshot snap27896
2023-02-22 04:45:59,159 [OMDoubleBufferFlushThread] INFO  db.RDBCheckpointManager (RDBCheckpointManager.java:createCheckpoint(96)) - Created checkpoint in rocksDB at /home/runner/work/ozone/ozone/hadoop-ozone/integration-test/target/test-dir/MiniOzoneClusterImpl-d1b59b44-2044-4343-9d69-28cc870eb01e/omNode-1/db.snapshots/om.db-05789e9d-bff7-4711-8ac5-883d8d6d5809 in 33 milliseconds
2023-02-22 04:45:59,159 [OMDoubleBufferFlushThread] INFO  db.RDBCheckpointManager (RDBCheckpointManager.java:createCheckpoint(96)) - Created checkpoint in rocksDB at /home/runner/work/ozone/ozone/hadoop-ozone/integration-test/target/test-dir/MiniOzoneClusterImpl-d1b59b44-2044-4343-9d69-28cc870eb01e/omNode-2/db.snapshots/om.db-05789e9d-bff7-4711-8ac5-883d8d6d5809 in 32 milliseconds
2023-02-22 04:45:59,161 [OMDoubleBufferFlushThread] INFO  db.RDBCheckpointManager (RDBCheckpointManager.java:waitForCheckpointDirectoryExist(125)) - Waited for 2 milliseconds for checkpoint directory /home/runner/work/ozone/ozone/hadoop-ozone/integration-test/target/test-dir/MiniOzoneClusterImpl-d1b59b44-2044-4343-9d69-28cc870eb01e/omNode-1/db.snapshots/om.db-05789e9d-bff7-4711-8ac5-883d8d6d5809 availability.
2023-02-22 04:45:59,161 [OMDoubleBufferFlushThread] INFO  om.OmSnapshotManager (OmSnapshotManager.java:createOmSnapshotCheckpoint(163)) - Created checkpoint : /home/runner/work/ozone/ozone/hadoop-ozone/integration-test/target/test-dir/MiniOzoneClusterImpl-d1b59b44-2044-4343-9d69-28cc870eb01e/omNode-1/db.snapshots/om.db-05789e9d-bff7-4711-8ac5-883d8d6d5809 for snapshot snap27896
2023-02-22 04:45:59,168 [OMDoubleBufferFlushThread] INFO  db.RDBCheckpointManager (RDBCheckpointManager.java:waitForCheckpointDirectoryExist(125)) - Waited for 9 milliseconds for checkpoint directory /home/runner/work/ozone/ozone/hadoop-ozone/integration-test/target/test-dir/MiniOzoneClusterImpl-d1b59b44-2044-4343-9d69-28cc870eb01e/omNode-2/db.snapshots/om.db-05789e9d-bff7-4711-8ac5-883d8d6d5809 availability.
2023-02-22 04:45:59,169 [OMDoubleBufferFlushThread] INFO  om.OmSnapshotManager (OmSnapshotManager.java:createOmSnapshotCheckpoint(163)) - Created checkpoint : /home/runner/work/ozone/ozone/hadoop-ozone/integration-test/target/test-dir/MiniOzoneClusterImpl-d1b59b44-2044-4343-9d69-28cc870eb01e/omNode-2/db.snapshots/om.db-05789e9d-bff7-4711-8ac5-883d8d6d5809 for snapshot snap27896
2023-02-22 04:45:59,661 [EndpointStateMachine task thread for /0.0.0.0:33645 - 0 ] INFO  ipc.Client (Client.java:handleConnectionFailure(1010)) - Retrying connect to server: 0.0.0.0/0.0.0.0:33645. Already tried 5 time(s); retry policy is RetryUpToMaximumCountWithFixedSleep(maxRetries=15, sleepTime=1000 MILLISECONDS)
2023-02-22 04:46:00,545 [OM StateMachine ApplyTransaction Thread - 0] INFO  snapshot.OMSnapshotCreateRequest (OMSnapshotCreateRequest.java:validateAndUpdateCache(180)) - Created snapshot 'snap49893' under path 'vol-68106/buck1'
2023-02-22 04:46:00,546 [OM StateMachine ApplyTransaction Thread - 0] INFO  snapshot.OMSnapshotCreateRequest (OMSnapshotCreateRequest.java:validateAndUpdateCache(180)) - Created snapshot 'snap49893' under path 'vol-68106/buck1'
2023-02-22 04:46:00,546 [OM StateMachine ApplyTransaction Thread - 0] INFO  snapshot.OMSnapshotCreateRequest (OMSnapshotCreateRequest.java:validateAndUpdateCache(180)) - Created snapshot 'snap49893' under path 'vol-68106/buck1'
2023-02-22 04:46:00,570 [OMDoubleBufferFlushThread] INFO  db.RDBCheckpointManager (RDBCheckpointManager.java:createCheckpoint(96)) - Created checkpoint in rocksDB at /home/runner/work/ozone/ozone/hadoop-ozone/integration-test/target/test-dir/MiniOzoneClusterImpl-d1b59b44-2044-4343-9d69-28cc870eb01e/omNode-3/db.snapshots/om.db-66eb3f6c-9519-4ea3-a703-89c987c0d611 in 22 milliseconds
2023-02-22 04:46:00,570 [OMDoubleBufferFlushThread] INFO  db.RDBCheckpointManager (RDBCheckpointManager.java:createCheckpoint(96)) - Created checkpoint in rocksDB at /home/runner/work/ozone/ozone/hadoop-ozone/integration-test/target/test-dir/MiniOzoneClusterImpl-d1b59b44-2044-4343-9d69-28cc870eb01e/omNode-2/db.snapshots/om.db-66eb3f6c-9519-4ea3-a703-89c987c0d611 in 22 milliseconds
2023-02-22 04:46:00,576 [OMDoubleBufferFlushThread] INFO  db.RDBCheckpointManager (RDBCheckpointManager.java:waitForCheckpointDirectoryExist(125)) - Waited for 6 milliseconds for checkpoint directory /home/runner/work/ozone/ozone/hadoop-ozone/integration-test/target/test-dir/MiniOzoneClusterImpl-d1b59b44-2044-4343-9d69-28cc870eb01e/omNode-2/db.snapshots/om.db-66eb3f6c-9519-4ea3-a703-89c987c0d611 availability.
2023-02-22 04:46:00,576 [OMDoubleBufferFlushThread] INFO  om.OmSnapshotManager (OmSnapshotManager.java:createOmSnapshotCheckpoint(163)) - Created checkpoint : /home/runner/work/ozone/ozone/hadoop-ozone/integration-test/target/test-dir/MiniOzoneClusterImpl-d1b59b44-2044-4343-9d69-28cc870eb01e/omNode-2/db.snapshots/om.db-66eb3f6c-9519-4ea3-a703-89c987c0d611 for snapshot snap49893
2023-02-22 04:46:00,577 [OMDoubleBufferFlushThread] INFO  db.RDBCheckpointManager (RDBCheckpointManager.java:waitForCheckpointDirectoryExist(125)) - Waited for 7 milliseconds for checkpoint directory /home/runner/work/ozone/ozone/hadoop-ozone/integration-test/target/test-dir/MiniOzoneClusterImpl-d1b59b44-2044-4343-9d69-28cc870eb01e/omNode-3/db.snapshots/om.db-66eb3f6c-9519-4ea3-a703-89c987c0d611 availability.
2023-02-22 04:46:00,577 [OMDoubleBufferFlushThread] INFO  om.OmSnapshotManager (OmSnapshotManager.java:createOmSnapshotCheckpoint(163)) - Created checkpoint : /home/runner/work/ozone/ozone/hadoop-ozone/integration-test/target/test-dir/MiniOzoneClusterImpl-d1b59b44-2044-4343-9d69-28cc870eb01e/omNode-3/db.snapshots/om.db-66eb3f6c-9519-4ea3-a703-89c987c0d611 for snapshot snap49893
2023-02-22 04:46:00,580 [OMDoubleBufferFlushThread] INFO  db.RDBCheckpointManager (RDBCheckpointManager.java:createCheckpoint(96)) - Created checkpoint in rocksDB at /home/runner/work/ozone/ozone/hadoop-ozone/integration-test/target/test-dir/MiniOzoneClusterImpl-d1b59b44-2044-4343-9d69-28cc870eb01e/omNode-1/db.snapshots/om.db-66eb3f6c-9519-4ea3-a703-89c987c0d611 in 33 milliseconds
2023-02-22 04:46:00,581 [OMDoubleBufferFlushThread] INFO  db.RDBCheckpointManager (RDBCheckpointManager.java:waitForCheckpointDirectoryExist(125)) - Waited for 1 milliseconds for checkpoint directory /home/runner/work/ozone/ozone/hadoop-ozone/integration-test/target/test-dir/MiniOzoneClusterImpl-d1b59b44-2044-4343-9d69-28cc870eb01e/omNode-1/db.snapshots/om.db-66eb3f6c-9519-4ea3-a703-89c987c0d611 availability.
2023-02-22 04:46:00,581 [OMDoubleBufferFlushThread] INFO  om.OmSnapshotManager (OmSnapshotManager.java:createOmSnapshotCheckpoint(163)) - Created checkpoint : /home/runner/work/ozone/ozone/hadoop-ozone/integration-test/target/test-dir/MiniOzoneClusterImpl-d1b59b44-2044-4343-9d69-28cc870eb01e/omNode-1/db.snapshots/om.db-66eb3f6c-9519-4ea3-a703-89c987c0d611 for snapshot snap49893
2023-02-22 04:46:00,661 [EndpointStateMachine task thread for /0.0.0.0:33645 - 0 ] INFO  ipc.Client (Client.java:handleConnectionFailure(1010)) - Retrying connect to server: 0.0.0.0/0.0.0.0:33645. Already tried 6 time(s); retry policy is RetryUpToMaximumCountWithFixedSleep(maxRetries=15, sleepTime=1000 MILLISECONDS)
2023-02-22 04:46:01,547 [IPC Server handler 3 on default port 40949] WARN  server.ServerUtils (ServerUtils.java:getDBPath(225)) - ozone.om.db.dirs is not configured. We recommend adding this setting. Falling back to ozone.metadata.dirs instead.
2023-02-22 04:46:01,547 [IPC Server handler 3 on default port 40949] INFO  codec.OmKeyInfoCodec (OmKeyInfoCodec.java:<init>(49)) - OmKeyInfoCodec ignorePipeline = true
2023-02-22 04:46:01,547 [IPC Server handler 3 on default port 40949] INFO  codec.RepeatedOmKeyInfoCodec (RepeatedOmKeyInfoCodec.java:<init>(41)) - RepeatedOmKeyInfoCodec ignorePipeline = true
2023-02-22 04:46:01,577 [IPC Server handler 3 on default port 40949] WARN  server.ServerUtils (ServerUtils.java:getDBPath(225)) - ozone.om.db.dirs is not configured. We recommend adding this setting. Falling back to ozone.metadata.dirs instead.
2023-02-22 04:46:01,577 [IPC Server handler 3 on default port 40949] INFO  codec.OmKeyInfoCodec (OmKeyInfoCodec.java:<init>(49)) - OmKeyInfoCodec ignorePipeline = true
2023-02-22 04:46:01,577 [IPC Server handler 3 on default port 40949] INFO  codec.RepeatedOmKeyInfoCodec (RepeatedOmKeyInfoCodec.java:<init>(41)) - RepeatedOmKeyInfoCodec ignorePipeline = true
2023-02-22 04:46:01,662 [EndpointStateMachine task thread for /0.0.0.0:33645 - 0 ] INFO  ipc.Client (Client.java:handleConnectionFailure(1010)) - Retrying connect to server: 0.0.0.0/0.0.0.0:33645. Already tried 7 time(s); retry policy is RetryUpToMaximumCountWithFixedSleep(maxRetries=15, sleepTime=1000 MILLISECONDS)
]]></system-out>
  </testcase>
  <testcase name="testSnapDiffWithMultipleSSTs" classname="TestOmSnapshot" time="2.542">
    <system-out><![CDATA[2023-02-22 04:46:57,279 [Time-limited test] INFO  rpc.RpcClient (RpcClient.java:createVolume(476)) - Creating Volume: vol-53504, with runner as owner and space quota set to -1 bytes, counts quota set to -1
2023-02-22 04:46:57,279 [c601ec4f-f98c-429e-8a55-42b7705082ea@group-D7340CBED9D6-LeaderElection23] INFO  impl.LeaderElection (LeaderElection.java:askForVotes(312)) - c601ec4f-f98c-429e-8a55-42b7705082ea@group-D7340CBED9D6-LeaderElection23 ELECTION round 0: submit vote requests at term 1 for -1: peers:[c601ec4f-f98c-429e-8a55-42b7705082ea|rpc:10.1.78.0:38585|dataStream:10.1.78.0:37575|priority:1|startupRole:FOLLOWER]|listeners:[], old=null
2023-02-22 04:46:57,279 [c601ec4f-f98c-429e-8a55-42b7705082ea@group-D7340CBED9D6-LeaderElection23] INFO  impl.LeaderElection (LeaderElection.java:askForVotes(314)) - c601ec4f-f98c-429e-8a55-42b7705082ea@group-D7340CBED9D6-LeaderElection23 ELECTION round 0: result PASSED (term=1)
2023-02-22 04:46:57,279 [c601ec4f-f98c-429e-8a55-42b7705082ea@group-D7340CBED9D6-LeaderElection23] INFO  impl.RoleInfo (RoleInfo.java:shutdownLeaderElection(130)) - c601ec4f-f98c-429e-8a55-42b7705082ea: shutdown c601ec4f-f98c-429e-8a55-42b7705082ea@group-D7340CBED9D6-LeaderElection23
2023-02-22 04:46:57,279 [c601ec4f-f98c-429e-8a55-42b7705082ea@group-D7340CBED9D6-LeaderElection23] INFO  server.RaftServer$Division (RaftServerImpl.java:setRole(321)) - c601ec4f-f98c-429e-8a55-42b7705082ea@group-D7340CBED9D6: changes role from CANDIDATE to LEADER at term 1 for changeToLeader
2023-02-22 04:46:57,279 [c601ec4f-f98c-429e-8a55-42b7705082ea@group-D7340CBED9D6-LeaderElection23] INFO  ratis.XceiverServerRatis (XceiverServerRatis.java:handleLeaderChangedNotification(905)) - Leader change notification received for group: group-D7340CBED9D6 with new leaderId: c601ec4f-f98c-429e-8a55-42b7705082ea
2023-02-22 04:46:57,280 [c601ec4f-f98c-429e-8a55-42b7705082ea@group-D7340CBED9D6-LeaderElection23] INFO  server.RaftServer$Division (ServerState.java:setLeader(313)) - c601ec4f-f98c-429e-8a55-42b7705082ea@group-D7340CBED9D6: change Leader from null to c601ec4f-f98c-429e-8a55-42b7705082ea at term 1 for becomeLeader, leader elected after 5082ms
2023-02-22 04:46:57,280 [c601ec4f-f98c-429e-8a55-42b7705082ea@group-D7340CBED9D6-LeaderElection23] INFO  server.RaftServerConfigKeys (ConfUtils.java:logGet(46)) - raft.server.staging.catchup.gap = 1000 (default)
2023-02-22 04:46:57,280 [c601ec4f-f98c-429e-8a55-42b7705082ea@group-D7340CBED9D6-LeaderElection23] INFO  server.RaftServerConfigKeys (ConfUtils.java:logGet(46)) - raft.server.write.element-limit = 1024 (custom)
2023-02-22 04:46:57,280 [c601ec4f-f98c-429e-8a55-42b7705082ea@group-D7340CBED9D6-LeaderElection23] INFO  server.RaftServerConfigKeys (ConfUtils.java:logGet(46)) - raft.server.write.byte-limit = 1024 M (=1073741824) (custom)
2023-02-22 04:46:57,280 [c601ec4f-f98c-429e-8a55-42b7705082ea@group-D7340CBED9D6-LeaderElection23] INFO  server.RaftServerConfigKeys (ConfUtils.java:logGet(46)) - raft.server.watch.timeout = 180s (custom)
2023-02-22 04:46:57,280 [c601ec4f-f98c-429e-8a55-42b7705082ea@group-D7340CBED9D6-LeaderElection23] INFO  server.RaftServerConfigKeys (ConfUtils.java:logGet(46)) - raft.server.watch.timeout.denomination = 1s (default)
2023-02-22 04:46:57,280 [c601ec4f-f98c-429e-8a55-42b7705082ea@group-D7340CBED9D6-LeaderElection23] INFO  server.RaftServerConfigKeys (ConfUtils.java:logGet(46)) - raft.server.watch.element-limit = 65536 (default)
2023-02-22 04:46:57,281 [c601ec4f-f98c-429e-8a55-42b7705082ea@group-D7340CBED9D6-LeaderElection23] INFO  server.RaftServerConfigKeys (ConfUtils.java:logGet(46)) - raft.server.write.element-limit = 1024 (custom)
2023-02-22 04:46:57,281 [c601ec4f-f98c-429e-8a55-42b7705082ea@group-D7340CBED9D6-LeaderElection23] INFO  server.RaftServerConfigKeys (ConfUtils.java:logGet(46)) - raft.server.write.follower.gap.ratio.max = -1.0 (default)
2023-02-22 04:46:57,281 [c601ec4f-f98c-429e-8a55-42b7705082ea@group-D7340CBED9D6-LeaderElection23] INFO  impl.RoleInfo (RoleInfo.java:updateAndGet(139)) - c601ec4f-f98c-429e-8a55-42b7705082ea: start c601ec4f-f98c-429e-8a55-42b7705082ea@group-D7340CBED9D6-LeaderStateImpl
2023-02-22 04:46:57,281 [c601ec4f-f98c-429e-8a55-42b7705082ea@group-D7340CBED9D6-LeaderElection23] INFO  segmented.SegmentedRaftLogWorker (SegmentedRaftLogWorker.java:startLogSegment(452)) - c601ec4f-f98c-429e-8a55-42b7705082ea@group-D7340CBED9D6-SegmentedRaftLogWorker: Starting segment from index:0
2023-02-22 04:46:57,284 [c601ec4f-f98c-429e-8a55-42b7705082ea@group-D7340CBED9D6-SegmentedRaftLogWorker] INFO  segmented.SegmentedRaftLogWorker (SegmentedRaftLogWorker.java:execute(656)) - c601ec4f-f98c-429e-8a55-42b7705082ea@group-D7340CBED9D6-SegmentedRaftLogWorker: created new log segment /home/runner/work/ozone/ozone/hadoop-ozone/integration-test/target/test-dir/MiniOzoneClusterImpl-7cc88fad-c9bf-4c80-b076-d2cf48673a1e/datanode-2/data/ratis/ca96d707-a250-4c33-98eb-d7340cbed9d6/current/log_inprogress_0
2023-02-22 04:46:57,290 [c601ec4f-f98c-429e-8a55-42b7705082ea@group-D7340CBED9D6-LeaderElection23] INFO  server.RaftServer$Division (ServerState.java:setRaftConf(430)) - c601ec4f-f98c-429e-8a55-42b7705082ea@group-D7340CBED9D6: set configuration 0: peers:[c601ec4f-f98c-429e-8a55-42b7705082ea|rpc:10.1.78.0:38585|dataStream:10.1.78.0:37575|priority:1|startupRole:FOLLOWER]|listeners:[], old=null
2023-02-22 04:46:57,291 [OM StateMachine ApplyTransaction Thread - 0] INFO  volume.OMVolumeCreateRequest (OMVolumeCreateRequest.java:validateAndUpdateCache(195)) - created volume:vol-53504 for user:runner
2023-02-22 04:46:57,294 [Time-limited test] INFO  rpc.RpcClient (RpcClient.java:createBucket(698)) - Creating Bucket: vol-53504/buck1, with server-side default bucket layout, runner as owner, Versioning false, Storage Type set to DISK and Encryption set to false, Replication Type set to server-side default replication type, Namespace Quota set to -1, Space Quota set to -1 
2023-02-22 04:46:57,294 [OM StateMachine ApplyTransaction Thread - 0] INFO  volume.OMVolumeCreateRequest (OMVolumeCreateRequest.java:validateAndUpdateCache(195)) - created volume:vol-53504 for user:runner
2023-02-22 04:46:57,295 [OM StateMachine ApplyTransaction Thread - 0] INFO  volume.OMVolumeCreateRequest (OMVolumeCreateRequest.java:validateAndUpdateCache(195)) - created volume:vol-53504 for user:runner
2023-02-22 04:46:57,296 [OM StateMachine ApplyTransaction Thread - 0] INFO  bucket.OMBucketCreateRequest (OMBucketCreateRequest.java:validateAndUpdateCache(263)) - created bucket: buck1 of layout LEGACY in volume: vol-53504
2023-02-22 04:46:57,298 [Time-limited test] INFO  rpc.RpcClient (RpcClient.java:createBucket(698)) - Creating Bucket: vol-53504/buck2, with server-side default bucket layout, runner as owner, Versioning false, Storage Type set to DISK and Encryption set to false, Replication Type set to server-side default replication type, Namespace Quota set to -1, Space Quota set to -1 
2023-02-22 04:46:57,299 [OM StateMachine ApplyTransaction Thread - 0] INFO  bucket.OMBucketCreateRequest (OMBucketCreateRequest.java:validateAndUpdateCache(263)) - created bucket: buck1 of layout LEGACY in volume: vol-53504
2023-02-22 04:46:57,299 [OM StateMachine ApplyTransaction Thread - 0] INFO  bucket.OMBucketCreateRequest (OMBucketCreateRequest.java:validateAndUpdateCache(263)) - created bucket: buck1 of layout LEGACY in volume: vol-53504
2023-02-22 04:46:57,300 [OM StateMachine ApplyTransaction Thread - 0] INFO  bucket.OMBucketCreateRequest (OMBucketCreateRequest.java:validateAndUpdateCache(263)) - created bucket: buck2 of layout LEGACY in volume: vol-53504
2023-02-22 04:46:57,301 [OM StateMachine ApplyTransaction Thread - 0] INFO  bucket.OMBucketCreateRequest (OMBucketCreateRequest.java:validateAndUpdateCache(263)) - created bucket: buck2 of layout LEGACY in volume: vol-53504
2023-02-22 04:46:57,301 [OM StateMachine ApplyTransaction Thread - 0] INFO  bucket.OMBucketCreateRequest (OMBucketCreateRequest.java:validateAndUpdateCache(263)) - created bucket: buck2 of layout LEGACY in volume: vol-53504
2023-02-22 04:46:57,319 [IPC Server handler 3 on default port 34467] INFO  ha.SequenceIdGenerator (SequenceIdGenerator.java:getNextId(128)) - Allocate a batch for containerId, change lastId from 0 to 1000.
2023-02-22 04:46:57,320 [IPC Server handler 3 on default port 34467] WARN  ha.SequenceIdGenerator (SequenceIdGenerator.java:allocateBatch(237)) - Failed to allocate a batch for localId, expected lastId is 0, actual lastId is 111677748019200000.
2023-02-22 04:46:57,320 [IPC Server handler 3 on default port 34467] INFO  ha.SequenceIdGenerator (SequenceIdGenerator.java:getNextId(128)) - Allocate a batch for localId, change lastId from 111677748019200000 to 111677748019201000.
2023-02-22 04:46:57,404 [OM StateMachine ApplyTransaction Thread - 0] INFO  snapshot.OMSnapshotCreateRequest (OMSnapshotCreateRequest.java:validateAndUpdateCache(180)) - Created snapshot 'snap08201' under path 'vol-53504/buck1'
2023-02-22 04:46:57,405 [OM StateMachine ApplyTransaction Thread - 0] INFO  snapshot.OMSnapshotCreateRequest (OMSnapshotCreateRequest.java:validateAndUpdateCache(180)) - Created snapshot 'snap08201' under path 'vol-53504/buck1'
2023-02-22 04:46:57,405 [OM StateMachine ApplyTransaction Thread - 0] INFO  snapshot.OMSnapshotCreateRequest (OMSnapshotCreateRequest.java:validateAndUpdateCache(180)) - Created snapshot 'snap08201' under path 'vol-53504/buck1'
2023-02-22 04:46:57,426 [OMDoubleBufferFlushThread] INFO  db.RDBCheckpointManager (RDBCheckpointManager.java:createCheckpoint(96)) - Created checkpoint in rocksDB at /home/runner/work/ozone/ozone/hadoop-ozone/integration-test/target/test-dir/MiniOzoneClusterImpl-7cc88fad-c9bf-4c80-b076-d2cf48673a1e/omNode-2/db.snapshots/om.db-4f243d3a-f5b6-456d-90a6-5271f95ada5f in 19 milliseconds
2023-02-22 04:46:57,433 [OMDoubleBufferFlushThread] INFO  db.RDBCheckpointManager (RDBCheckpointManager.java:waitForCheckpointDirectoryExist(125)) - Waited for 7 milliseconds for checkpoint directory /home/runner/work/ozone/ozone/hadoop-ozone/integration-test/target/test-dir/MiniOzoneClusterImpl-7cc88fad-c9bf-4c80-b076-d2cf48673a1e/omNode-2/db.snapshots/om.db-4f243d3a-f5b6-456d-90a6-5271f95ada5f availability.
2023-02-22 04:46:57,433 [OMDoubleBufferFlushThread] INFO  om.OmSnapshotManager (OmSnapshotManager.java:createOmSnapshotCheckpoint(163)) - Created checkpoint : /home/runner/work/ozone/ozone/hadoop-ozone/integration-test/target/test-dir/MiniOzoneClusterImpl-7cc88fad-c9bf-4c80-b076-d2cf48673a1e/omNode-2/db.snapshots/om.db-4f243d3a-f5b6-456d-90a6-5271f95ada5f for snapshot snap08201
2023-02-22 04:46:57,447 [OMDoubleBufferFlushThread] INFO  db.RDBCheckpointManager (RDBCheckpointManager.java:createCheckpoint(96)) - Created checkpoint in rocksDB at /home/runner/work/ozone/ozone/hadoop-ozone/integration-test/target/test-dir/MiniOzoneClusterImpl-7cc88fad-c9bf-4c80-b076-d2cf48673a1e/omNode-3/db.snapshots/om.db-4f243d3a-f5b6-456d-90a6-5271f95ada5f in 40 milliseconds
2023-02-22 04:46:57,447 [OMDoubleBufferFlushThread] INFO  db.RDBCheckpointManager (RDBCheckpointManager.java:createCheckpoint(96)) - Created checkpoint in rocksDB at /home/runner/work/ozone/ozone/hadoop-ozone/integration-test/target/test-dir/MiniOzoneClusterImpl-7cc88fad-c9bf-4c80-b076-d2cf48673a1e/omNode-1/db.snapshots/om.db-4f243d3a-f5b6-456d-90a6-5271f95ada5f in 40 milliseconds
2023-02-22 04:46:57,452 [OMDoubleBufferFlushThread] INFO  db.RDBCheckpointManager (RDBCheckpointManager.java:waitForCheckpointDirectoryExist(125)) - Waited for 5 milliseconds for checkpoint directory /home/runner/work/ozone/ozone/hadoop-ozone/integration-test/target/test-dir/MiniOzoneClusterImpl-7cc88fad-c9bf-4c80-b076-d2cf48673a1e/omNode-3/db.snapshots/om.db-4f243d3a-f5b6-456d-90a6-5271f95ada5f availability.
2023-02-22 04:46:57,452 [OMDoubleBufferFlushThread] INFO  om.OmSnapshotManager (OmSnapshotManager.java:createOmSnapshotCheckpoint(163)) - Created checkpoint : /home/runner/work/ozone/ozone/hadoop-ozone/integration-test/target/test-dir/MiniOzoneClusterImpl-7cc88fad-c9bf-4c80-b076-d2cf48673a1e/omNode-3/db.snapshots/om.db-4f243d3a-f5b6-456d-90a6-5271f95ada5f for snapshot snap08201
2023-02-22 04:46:57,455 [OMDoubleBufferFlushThread] INFO  db.RDBCheckpointManager (RDBCheckpointManager.java:waitForCheckpointDirectoryExist(125)) - Waited for 7 milliseconds for checkpoint directory /home/runner/work/ozone/ozone/hadoop-ozone/integration-test/target/test-dir/MiniOzoneClusterImpl-7cc88fad-c9bf-4c80-b076-d2cf48673a1e/omNode-1/db.snapshots/om.db-4f243d3a-f5b6-456d-90a6-5271f95ada5f availability.
2023-02-22 04:46:57,455 [OMDoubleBufferFlushThread] INFO  om.OmSnapshotManager (OmSnapshotManager.java:createOmSnapshotCheckpoint(163)) - Created checkpoint : /home/runner/work/ozone/ozone/hadoop-ozone/integration-test/target/test-dir/MiniOzoneClusterImpl-7cc88fad-c9bf-4c80-b076-d2cf48673a1e/omNode-1/db.snapshots/om.db-4f243d3a-f5b6-456d-90a6-5271f95ada5f for snapshot snap08201
2023-02-22 04:46:58,725 [OM StateMachine ApplyTransaction Thread - 0] INFO  snapshot.OMSnapshotCreateRequest (OMSnapshotCreateRequest.java:validateAndUpdateCache(180)) - Created snapshot 'snap16863' under path 'vol-53504/buck1'
2023-02-22 04:46:58,726 [OM StateMachine ApplyTransaction Thread - 0] INFO  snapshot.OMSnapshotCreateRequest (OMSnapshotCreateRequest.java:validateAndUpdateCache(180)) - Created snapshot 'snap16863' under path 'vol-53504/buck1'
2023-02-22 04:46:58,726 [OM StateMachine ApplyTransaction Thread - 0] INFO  snapshot.OMSnapshotCreateRequest (OMSnapshotCreateRequest.java:validateAndUpdateCache(180)) - Created snapshot 'snap16863' under path 'vol-53504/buck1'
2023-02-22 04:46:58,744 [OMDoubleBufferFlushThread] INFO  db.RDBCheckpointManager (RDBCheckpointManager.java:createCheckpoint(96)) - Created checkpoint in rocksDB at /home/runner/work/ozone/ozone/hadoop-ozone/integration-test/target/test-dir/MiniOzoneClusterImpl-7cc88fad-c9bf-4c80-b076-d2cf48673a1e/omNode-1/db.snapshots/om.db-6d8ebdca-91fc-43df-bfbf-d2589600fcd9 in 17 milliseconds
2023-02-22 04:46:58,744 [OMDoubleBufferFlushThread] INFO  db.RDBCheckpointManager (RDBCheckpointManager.java:waitForCheckpointDirectoryExist(125)) - Waited for 0 milliseconds for checkpoint directory /home/runner/work/ozone/ozone/hadoop-ozone/integration-test/target/test-dir/MiniOzoneClusterImpl-7cc88fad-c9bf-4c80-b076-d2cf48673a1e/omNode-1/db.snapshots/om.db-6d8ebdca-91fc-43df-bfbf-d2589600fcd9 availability.
2023-02-22 04:46:58,745 [OMDoubleBufferFlushThread] INFO  om.OmSnapshotManager (OmSnapshotManager.java:createOmSnapshotCheckpoint(163)) - Created checkpoint : /home/runner/work/ozone/ozone/hadoop-ozone/integration-test/target/test-dir/MiniOzoneClusterImpl-7cc88fad-c9bf-4c80-b076-d2cf48673a1e/omNode-1/db.snapshots/om.db-6d8ebdca-91fc-43df-bfbf-d2589600fcd9 for snapshot snap16863
2023-02-22 04:46:58,746 [OMDoubleBufferFlushThread] INFO  db.RDBCheckpointManager (RDBCheckpointManager.java:createCheckpoint(96)) - Created checkpoint in rocksDB at /home/runner/work/ozone/ozone/hadoop-ozone/integration-test/target/test-dir/MiniOzoneClusterImpl-7cc88fad-c9bf-4c80-b076-d2cf48673a1e/omNode-2/db.snapshots/om.db-6d8ebdca-91fc-43df-bfbf-d2589600fcd9 in 19 milliseconds
2023-02-22 04:46:58,746 [OMDoubleBufferFlushThread] INFO  db.RDBCheckpointManager (RDBCheckpointManager.java:waitForCheckpointDirectoryExist(125)) - Waited for 0 milliseconds for checkpoint directory /home/runner/work/ozone/ozone/hadoop-ozone/integration-test/target/test-dir/MiniOzoneClusterImpl-7cc88fad-c9bf-4c80-b076-d2cf48673a1e/omNode-2/db.snapshots/om.db-6d8ebdca-91fc-43df-bfbf-d2589600fcd9 availability.
2023-02-22 04:46:58,746 [OMDoubleBufferFlushThread] INFO  om.OmSnapshotManager (OmSnapshotManager.java:createOmSnapshotCheckpoint(163)) - Created checkpoint : /home/runner/work/ozone/ozone/hadoop-ozone/integration-test/target/test-dir/MiniOzoneClusterImpl-7cc88fad-c9bf-4c80-b076-d2cf48673a1e/omNode-2/db.snapshots/om.db-6d8ebdca-91fc-43df-bfbf-d2589600fcd9 for snapshot snap16863
2023-02-22 04:46:58,749 [OMDoubleBufferFlushThread] INFO  db.RDBCheckpointManager (RDBCheckpointManager.java:createCheckpoint(96)) - Created checkpoint in rocksDB at /home/runner/work/ozone/ozone/hadoop-ozone/integration-test/target/test-dir/MiniOzoneClusterImpl-7cc88fad-c9bf-4c80-b076-d2cf48673a1e/omNode-3/db.snapshots/om.db-6d8ebdca-91fc-43df-bfbf-d2589600fcd9 in 21 milliseconds
2023-02-22 04:46:58,750 [OMDoubleBufferFlushThread] INFO  db.RDBCheckpointManager (RDBCheckpointManager.java:waitForCheckpointDirectoryExist(125)) - Waited for 1 milliseconds for checkpoint directory /home/runner/work/ozone/ozone/hadoop-ozone/integration-test/target/test-dir/MiniOzoneClusterImpl-7cc88fad-c9bf-4c80-b076-d2cf48673a1e/omNode-3/db.snapshots/om.db-6d8ebdca-91fc-43df-bfbf-d2589600fcd9 availability.
2023-02-22 04:46:58,750 [OMDoubleBufferFlushThread] INFO  om.OmSnapshotManager (OmSnapshotManager.java:createOmSnapshotCheckpoint(163)) - Created checkpoint : /home/runner/work/ozone/ozone/hadoop-ozone/integration-test/target/test-dir/MiniOzoneClusterImpl-7cc88fad-c9bf-4c80-b076-d2cf48673a1e/omNode-3/db.snapshots/om.db-6d8ebdca-91fc-43df-bfbf-d2589600fcd9 for snapshot snap16863
2023-02-22 04:46:59,728 [IPC Server handler 8 on default port 46571] WARN  server.ServerUtils (ServerUtils.java:getDBPath(225)) - ozone.om.db.dirs is not configured. We recommend adding this setting. Falling back to ozone.metadata.dirs instead.
2023-02-22 04:46:59,728 [IPC Server handler 8 on default port 46571] INFO  codec.OmKeyInfoCodec (OmKeyInfoCodec.java:<init>(49)) - OmKeyInfoCodec ignorePipeline = true
2023-02-22 04:46:59,728 [IPC Server handler 8 on default port 46571] INFO  codec.RepeatedOmKeyInfoCodec (RepeatedOmKeyInfoCodec.java:<init>(41)) - RepeatedOmKeyInfoCodec ignorePipeline = true
2023-02-22 04:46:59,743 [IPC Server handler 8 on default port 46571] WARN  server.ServerUtils (ServerUtils.java:getDBPath(225)) - ozone.om.db.dirs is not configured. We recommend adding this setting. Falling back to ozone.metadata.dirs instead.
2023-02-22 04:46:59,743 [IPC Server handler 8 on default port 46571] INFO  codec.OmKeyInfoCodec (OmKeyInfoCodec.java:<init>(49)) - OmKeyInfoCodec ignorePipeline = true
2023-02-22 04:46:59,743 [IPC Server handler 8 on default port 46571] INFO  codec.RepeatedOmKeyInfoCodec (RepeatedOmKeyInfoCodec.java:<init>(41)) - RepeatedOmKeyInfoCodec ignorePipeline = true
]]></system-out>
  </testcase>
  <testcase name="testUniqueSnapshotId" classname="TestOmSnapshot" time="1.083">
    <system-out><![CDATA[2023-02-22 04:45:09,388 [OM StateMachine ApplyTransaction Thread - 0] INFO  snapshot.OMSnapshotCreateRequest (OMSnapshotCreateRequest.java:validateAndUpdateCache(180)) - Created snapshot '114e6717-2f7e-4375-bd63-ddc27115ec39' under path 'volume88483/bucket25994'
2023-02-22 04:45:09,391 [OM StateMachine ApplyTransaction Thread - 0] INFO  snapshot.OMSnapshotCreateRequest (OMSnapshotCreateRequest.java:validateAndUpdateCache(180)) - Created snapshot '114e6717-2f7e-4375-bd63-ddc27115ec39' under path 'volume88483/bucket25994'
2023-02-22 04:45:09,393 [OM StateMachine ApplyTransaction Thread - 0] INFO  snapshot.OMSnapshotCreateRequest (OMSnapshotCreateRequest.java:validateAndUpdateCache(180)) - Created snapshot '114e6717-2f7e-4375-bd63-ddc27115ec39' under path 'volume88483/bucket25994'
2023-02-22 04:45:09,409 [OMDoubleBufferFlushThread] INFO  db.RDBCheckpointManager (RDBCheckpointManager.java:createCheckpoint(96)) - Created checkpoint in rocksDB at /home/runner/work/ozone/ozone/hadoop-ozone/integration-test/target/test-dir/MiniOzoneClusterImpl-23364813-765e-4689-b759-17f9bf3914d5/omNode-1/db.snapshots/om.db-55e3499f-b957-4168-b2bb-1242a33b5ee5 in 20 milliseconds
2023-02-22 04:45:09,410 [OMDoubleBufferFlushThread] INFO  db.RDBCheckpointManager (RDBCheckpointManager.java:waitForCheckpointDirectoryExist(125)) - Waited for 1 milliseconds for checkpoint directory /home/runner/work/ozone/ozone/hadoop-ozone/integration-test/target/test-dir/MiniOzoneClusterImpl-23364813-765e-4689-b759-17f9bf3914d5/omNode-1/db.snapshots/om.db-55e3499f-b957-4168-b2bb-1242a33b5ee5 availability.
2023-02-22 04:45:09,410 [OMDoubleBufferFlushThread] INFO  om.OmSnapshotManager (OmSnapshotManager.java:createOmSnapshotCheckpoint(163)) - Created checkpoint : /home/runner/work/ozone/ozone/hadoop-ozone/integration-test/target/test-dir/MiniOzoneClusterImpl-23364813-765e-4689-b759-17f9bf3914d5/omNode-1/db.snapshots/om.db-55e3499f-b957-4168-b2bb-1242a33b5ee5 for snapshot 114e6717-2f7e-4375-bd63-ddc27115ec39
2023-02-22 04:45:09,416 [OMDoubleBufferFlushThread] INFO  db.RDBCheckpointManager (RDBCheckpointManager.java:createCheckpoint(96)) - Created checkpoint in rocksDB at /home/runner/work/ozone/ozone/hadoop-ozone/integration-test/target/test-dir/MiniOzoneClusterImpl-23364813-765e-4689-b759-17f9bf3914d5/omNode-2/db.snapshots/om.db-55e3499f-b957-4168-b2bb-1242a33b5ee5 in 24 milliseconds
2023-02-22 04:45:09,416 [OMDoubleBufferFlushThread] INFO  db.RDBCheckpointManager (RDBCheckpointManager.java:createCheckpoint(96)) - Created checkpoint in rocksDB at /home/runner/work/ozone/ozone/hadoop-ozone/integration-test/target/test-dir/MiniOzoneClusterImpl-23364813-765e-4689-b759-17f9bf3914d5/omNode-3/db.snapshots/om.db-55e3499f-b957-4168-b2bb-1242a33b5ee5 in 22 milliseconds
2023-02-22 04:45:09,416 [OMDoubleBufferFlushThread] INFO  db.RDBCheckpointManager (RDBCheckpointManager.java:waitForCheckpointDirectoryExist(125)) - Waited for 0 milliseconds for checkpoint directory /home/runner/work/ozone/ozone/hadoop-ozone/integration-test/target/test-dir/MiniOzoneClusterImpl-23364813-765e-4689-b759-17f9bf3914d5/omNode-2/db.snapshots/om.db-55e3499f-b957-4168-b2bb-1242a33b5ee5 availability.
2023-02-22 04:45:09,416 [OMDoubleBufferFlushThread] INFO  om.OmSnapshotManager (OmSnapshotManager.java:createOmSnapshotCheckpoint(163)) - Created checkpoint : /home/runner/work/ozone/ozone/hadoop-ozone/integration-test/target/test-dir/MiniOzoneClusterImpl-23364813-765e-4689-b759-17f9bf3914d5/omNode-2/db.snapshots/om.db-55e3499f-b957-4168-b2bb-1242a33b5ee5 for snapshot 114e6717-2f7e-4375-bd63-ddc27115ec39
2023-02-22 04:45:09,416 [OMDoubleBufferFlushThread] INFO  db.RDBCheckpointManager (RDBCheckpointManager.java:waitForCheckpointDirectoryExist(125)) - Waited for 0 milliseconds for checkpoint directory /home/runner/work/ozone/ozone/hadoop-ozone/integration-test/target/test-dir/MiniOzoneClusterImpl-23364813-765e-4689-b759-17f9bf3914d5/omNode-3/db.snapshots/om.db-55e3499f-b957-4168-b2bb-1242a33b5ee5 availability.
2023-02-22 04:45:09,416 [OMDoubleBufferFlushThread] INFO  om.OmSnapshotManager (OmSnapshotManager.java:createOmSnapshotCheckpoint(163)) - Created checkpoint : /home/runner/work/ozone/ozone/hadoop-ozone/integration-test/target/test-dir/MiniOzoneClusterImpl-23364813-765e-4689-b759-17f9bf3914d5/omNode-3/db.snapshots/om.db-55e3499f-b957-4168-b2bb-1242a33b5ee5 for snapshot 114e6717-2f7e-4375-bd63-ddc27115ec39
]]></system-out>
  </testcase>
  <testcase name="testUniqueSnapshotId" classname="TestOmSnapshot" time="1.048">
    <system-out><![CDATA[2023-02-22 04:46:01,749 [OM StateMachine ApplyTransaction Thread - 0] INFO  snapshot.OMSnapshotCreateRequest (OMSnapshotCreateRequest.java:validateAndUpdateCache(180)) - Created snapshot '239131b8-d51b-419d-8056-9a8c5cdf14c8' under path 'volume77710/bucket66690'
2023-02-22 04:46:01,750 [OM StateMachine ApplyTransaction Thread - 0] INFO  snapshot.OMSnapshotCreateRequest (OMSnapshotCreateRequest.java:validateAndUpdateCache(180)) - Created snapshot '239131b8-d51b-419d-8056-9a8c5cdf14c8' under path 'volume77710/bucket66690'
2023-02-22 04:46:01,752 [OM StateMachine ApplyTransaction Thread - 0] INFO  snapshot.OMSnapshotCreateRequest (OMSnapshotCreateRequest.java:validateAndUpdateCache(180)) - Created snapshot '239131b8-d51b-419d-8056-9a8c5cdf14c8' under path 'volume77710/bucket66690'
2023-02-22 04:46:01,770 [OMDoubleBufferFlushThread] INFO  db.RDBCheckpointManager (RDBCheckpointManager.java:createCheckpoint(96)) - Created checkpoint in rocksDB at /home/runner/work/ozone/ozone/hadoop-ozone/integration-test/target/test-dir/MiniOzoneClusterImpl-d1b59b44-2044-4343-9d69-28cc870eb01e/omNode-1/db.snapshots/om.db-eeea4e95-0a42-4576-b08b-dd90a800abad in 19 milliseconds
2023-02-22 04:46:01,772 [OMDoubleBufferFlushThread] INFO  db.RDBCheckpointManager (RDBCheckpointManager.java:waitForCheckpointDirectoryExist(125)) - Waited for 2 milliseconds for checkpoint directory /home/runner/work/ozone/ozone/hadoop-ozone/integration-test/target/test-dir/MiniOzoneClusterImpl-d1b59b44-2044-4343-9d69-28cc870eb01e/omNode-1/db.snapshots/om.db-eeea4e95-0a42-4576-b08b-dd90a800abad availability.
2023-02-22 04:46:01,772 [OMDoubleBufferFlushThread] INFO  om.OmSnapshotManager (OmSnapshotManager.java:createOmSnapshotCheckpoint(163)) - Created checkpoint : /home/runner/work/ozone/ozone/hadoop-ozone/integration-test/target/test-dir/MiniOzoneClusterImpl-d1b59b44-2044-4343-9d69-28cc870eb01e/omNode-1/db.snapshots/om.db-eeea4e95-0a42-4576-b08b-dd90a800abad for snapshot 239131b8-d51b-419d-8056-9a8c5cdf14c8
2023-02-22 04:46:01,774 [OMDoubleBufferFlushThread] INFO  db.RDBCheckpointManager (RDBCheckpointManager.java:createCheckpoint(96)) - Created checkpoint in rocksDB at /home/runner/work/ozone/ozone/hadoop-ozone/integration-test/target/test-dir/MiniOzoneClusterImpl-d1b59b44-2044-4343-9d69-28cc870eb01e/omNode-3/db.snapshots/om.db-eeea4e95-0a42-4576-b08b-dd90a800abad in 24 milliseconds
2023-02-22 04:46:01,779 [OMDoubleBufferFlushThread] INFO  db.RDBCheckpointManager (RDBCheckpointManager.java:waitForCheckpointDirectoryExist(125)) - Waited for 5 milliseconds for checkpoint directory /home/runner/work/ozone/ozone/hadoop-ozone/integration-test/target/test-dir/MiniOzoneClusterImpl-d1b59b44-2044-4343-9d69-28cc870eb01e/omNode-3/db.snapshots/om.db-eeea4e95-0a42-4576-b08b-dd90a800abad availability.
2023-02-22 04:46:01,779 [OMDoubleBufferFlushThread] INFO  om.OmSnapshotManager (OmSnapshotManager.java:createOmSnapshotCheckpoint(163)) - Created checkpoint : /home/runner/work/ozone/ozone/hadoop-ozone/integration-test/target/test-dir/MiniOzoneClusterImpl-d1b59b44-2044-4343-9d69-28cc870eb01e/omNode-3/db.snapshots/om.db-eeea4e95-0a42-4576-b08b-dd90a800abad for snapshot 239131b8-d51b-419d-8056-9a8c5cdf14c8
2023-02-22 04:46:01,782 [OMDoubleBufferFlushThread] INFO  db.RDBCheckpointManager (RDBCheckpointManager.java:createCheckpoint(96)) - Created checkpoint in rocksDB at /home/runner/work/ozone/ozone/hadoop-ozone/integration-test/target/test-dir/MiniOzoneClusterImpl-d1b59b44-2044-4343-9d69-28cc870eb01e/omNode-2/db.snapshots/om.db-eeea4e95-0a42-4576-b08b-dd90a800abad in 30 milliseconds
2023-02-22 04:46:01,782 [OMDoubleBufferFlushThread] INFO  db.RDBCheckpointManager (RDBCheckpointManager.java:waitForCheckpointDirectoryExist(125)) - Waited for 0 milliseconds for checkpoint directory /home/runner/work/ozone/ozone/hadoop-ozone/integration-test/target/test-dir/MiniOzoneClusterImpl-d1b59b44-2044-4343-9d69-28cc870eb01e/omNode-2/db.snapshots/om.db-eeea4e95-0a42-4576-b08b-dd90a800abad availability.
2023-02-22 04:46:01,782 [OMDoubleBufferFlushThread] INFO  om.OmSnapshotManager (OmSnapshotManager.java:createOmSnapshotCheckpoint(163)) - Created checkpoint : /home/runner/work/ozone/ozone/hadoop-ozone/integration-test/target/test-dir/MiniOzoneClusterImpl-d1b59b44-2044-4343-9d69-28cc870eb01e/omNode-2/db.snapshots/om.db-eeea4e95-0a42-4576-b08b-dd90a800abad for snapshot 239131b8-d51b-419d-8056-9a8c5cdf14c8
2023-02-22 04:46:02,662 [EndpointStateMachine task thread for /0.0.0.0:33645 - 0 ] INFO  ipc.Client (Client.java:handleConnectionFailure(1010)) - Retrying connect to server: 0.0.0.0/0.0.0.0:33645. Already tried 8 time(s); retry policy is RetryUpToMaximumCountWithFixedSleep(maxRetries=15, sleepTime=1000 MILLISECONDS)
]]></system-out>
  </testcase>
  <testcase name="testUniqueSnapshotId" classname="TestOmSnapshot" time="1.044">
    <system-out><![CDATA[2023-02-22 04:46:59,863 [OM StateMachine ApplyTransaction Thread - 0] INFO  snapshot.OMSnapshotCreateRequest (OMSnapshotCreateRequest.java:validateAndUpdateCache(180)) - Created snapshot '1e238a16-87a9-45d3-b62a-ace3d5cb9f72' under path 'volume63640/bucket13845'
2023-02-22 04:46:59,863 [OM StateMachine ApplyTransaction Thread - 0] INFO  snapshot.OMSnapshotCreateRequest (OMSnapshotCreateRequest.java:validateAndUpdateCache(180)) - Created snapshot '1e238a16-87a9-45d3-b62a-ace3d5cb9f72' under path 'volume63640/bucket13845'
2023-02-22 04:46:59,864 [OM StateMachine ApplyTransaction Thread - 0] INFO  snapshot.OMSnapshotCreateRequest (OMSnapshotCreateRequest.java:validateAndUpdateCache(180)) - Created snapshot '1e238a16-87a9-45d3-b62a-ace3d5cb9f72' under path 'volume63640/bucket13845'
2023-02-22 04:46:59,888 [OMDoubleBufferFlushThread] INFO  db.RDBCheckpointManager (RDBCheckpointManager.java:createCheckpoint(96)) - Created checkpoint in rocksDB at /home/runner/work/ozone/ozone/hadoop-ozone/integration-test/target/test-dir/MiniOzoneClusterImpl-7cc88fad-c9bf-4c80-b076-d2cf48673a1e/omNode-2/db.snapshots/om.db-0c1af3a7-b534-457c-b910-4b2c36b20d0a in 23 milliseconds
2023-02-22 04:46:59,889 [OMDoubleBufferFlushThread] INFO  db.RDBCheckpointManager (RDBCheckpointManager.java:waitForCheckpointDirectoryExist(125)) - Waited for 1 milliseconds for checkpoint directory /home/runner/work/ozone/ozone/hadoop-ozone/integration-test/target/test-dir/MiniOzoneClusterImpl-7cc88fad-c9bf-4c80-b076-d2cf48673a1e/omNode-2/db.snapshots/om.db-0c1af3a7-b534-457c-b910-4b2c36b20d0a availability.
2023-02-22 04:46:59,889 [OMDoubleBufferFlushThread] INFO  om.OmSnapshotManager (OmSnapshotManager.java:createOmSnapshotCheckpoint(163)) - Created checkpoint : /home/runner/work/ozone/ozone/hadoop-ozone/integration-test/target/test-dir/MiniOzoneClusterImpl-7cc88fad-c9bf-4c80-b076-d2cf48673a1e/omNode-2/db.snapshots/om.db-0c1af3a7-b534-457c-b910-4b2c36b20d0a for snapshot 1e238a16-87a9-45d3-b62a-ace3d5cb9f72
2023-02-22 04:46:59,890 [OMDoubleBufferFlushThread] INFO  db.RDBCheckpointManager (RDBCheckpointManager.java:createCheckpoint(96)) - Created checkpoint in rocksDB at /home/runner/work/ozone/ozone/hadoop-ozone/integration-test/target/test-dir/MiniOzoneClusterImpl-7cc88fad-c9bf-4c80-b076-d2cf48673a1e/omNode-1/db.snapshots/om.db-0c1af3a7-b534-457c-b910-4b2c36b20d0a in 26 milliseconds
2023-02-22 04:46:59,891 [OMDoubleBufferFlushThread] INFO  db.RDBCheckpointManager (RDBCheckpointManager.java:waitForCheckpointDirectoryExist(125)) - Waited for 0 milliseconds for checkpoint directory /home/runner/work/ozone/ozone/hadoop-ozone/integration-test/target/test-dir/MiniOzoneClusterImpl-7cc88fad-c9bf-4c80-b076-d2cf48673a1e/omNode-1/db.snapshots/om.db-0c1af3a7-b534-457c-b910-4b2c36b20d0a availability.
2023-02-22 04:46:59,891 [OMDoubleBufferFlushThread] INFO  om.OmSnapshotManager (OmSnapshotManager.java:createOmSnapshotCheckpoint(163)) - Created checkpoint : /home/runner/work/ozone/ozone/hadoop-ozone/integration-test/target/test-dir/MiniOzoneClusterImpl-7cc88fad-c9bf-4c80-b076-d2cf48673a1e/omNode-1/db.snapshots/om.db-0c1af3a7-b534-457c-b910-4b2c36b20d0a for snapshot 1e238a16-87a9-45d3-b62a-ace3d5cb9f72
2023-02-22 04:46:59,892 [OMDoubleBufferFlushThread] INFO  db.RDBCheckpointManager (RDBCheckpointManager.java:createCheckpoint(96)) - Created checkpoint in rocksDB at /home/runner/work/ozone/ozone/hadoop-ozone/integration-test/target/test-dir/MiniOzoneClusterImpl-7cc88fad-c9bf-4c80-b076-d2cf48673a1e/omNode-3/db.snapshots/om.db-0c1af3a7-b534-457c-b910-4b2c36b20d0a in 26 milliseconds
2023-02-22 04:46:59,892 [OMDoubleBufferFlushThread] INFO  db.RDBCheckpointManager (RDBCheckpointManager.java:waitForCheckpointDirectoryExist(125)) - Waited for 0 milliseconds for checkpoint directory /home/runner/work/ozone/ozone/hadoop-ozone/integration-test/target/test-dir/MiniOzoneClusterImpl-7cc88fad-c9bf-4c80-b076-d2cf48673a1e/omNode-3/db.snapshots/om.db-0c1af3a7-b534-457c-b910-4b2c36b20d0a availability.
2023-02-22 04:46:59,892 [OMDoubleBufferFlushThread] INFO  om.OmSnapshotManager (OmSnapshotManager.java:createOmSnapshotCheckpoint(163)) - Created checkpoint : /home/runner/work/ozone/ozone/hadoop-ozone/integration-test/target/test-dir/MiniOzoneClusterImpl-7cc88fad-c9bf-4c80-b076-d2cf48673a1e/omNode-3/db.snapshots/om.db-0c1af3a7-b534-457c-b910-4b2c36b20d0a for snapshot 1e238a16-87a9-45d3-b62a-ace3d5cb9f72
]]></system-out>
  </testcase>
  <testcase name="testSnapDiffNonExistentUrl" classname="TestOmSnapshot" time="2.091">
    <system-out><![CDATA[2023-02-22 04:45:10,391 [Time-limited test] INFO  rpc.RpcClient (RpcClient.java:createVolume(476)) - Creating Volume: vol-91252, with runner as owner and space quota set to -1 bytes, counts quota set to -1
2023-02-22 04:45:10,396 [OM StateMachine ApplyTransaction Thread - 0] INFO  volume.OMVolumeCreateRequest (OMVolumeCreateRequest.java:validateAndUpdateCache(195)) - created volume:vol-91252 for user:runner
2023-02-22 04:45:10,398 [OM StateMachine ApplyTransaction Thread - 0] INFO  volume.OMVolumeCreateRequest (OMVolumeCreateRequest.java:validateAndUpdateCache(195)) - created volume:vol-91252 for user:runner
2023-02-22 04:45:10,399 [OM StateMachine ApplyTransaction Thread - 0] INFO  volume.OMVolumeCreateRequest (OMVolumeCreateRequest.java:validateAndUpdateCache(195)) - created volume:vol-91252 for user:runner
2023-02-22 04:45:10,400 [Time-limited test] INFO  rpc.RpcClient (RpcClient.java:createBucket(698)) - Creating Bucket: vol-91252/buck-64377, with server-side default bucket layout, runner as owner, Versioning false, Storage Type set to DISK and Encryption set to false, Replication Type set to server-side default replication type, Namespace Quota set to -1, Space Quota set to -1 
2023-02-22 04:45:10,403 [OM StateMachine ApplyTransaction Thread - 0] INFO  bucket.OMBucketCreateRequest (OMBucketCreateRequest.java:validateAndUpdateCache(263)) - created bucket: buck-64377 of layout OBJECT_STORE in volume: vol-91252
2023-02-22 04:45:10,405 [OM StateMachine ApplyTransaction Thread - 0] INFO  bucket.OMBucketCreateRequest (OMBucketCreateRequest.java:validateAndUpdateCache(263)) - created bucket: buck-64377 of layout OBJECT_STORE in volume: vol-91252
2023-02-22 04:45:10,407 [OM StateMachine ApplyTransaction Thread - 0] INFO  bucket.OMBucketCreateRequest (OMBucketCreateRequest.java:validateAndUpdateCache(263)) - created bucket: buck-64377 of layout OBJECT_STORE in volume: vol-91252
2023-02-22 04:45:10,469 [OM StateMachine ApplyTransaction Thread - 0] INFO  snapshot.OMSnapshotCreateRequest (OMSnapshotCreateRequest.java:validateAndUpdateCache(180)) - Created snapshot 'snap74428' under path 'vol-91252/buck-64377'
2023-02-22 04:45:10,471 [OM StateMachine ApplyTransaction Thread - 0] INFO  snapshot.OMSnapshotCreateRequest (OMSnapshotCreateRequest.java:validateAndUpdateCache(180)) - Created snapshot 'snap74428' under path 'vol-91252/buck-64377'
2023-02-22 04:45:10,471 [OM StateMachine ApplyTransaction Thread - 0] INFO  snapshot.OMSnapshotCreateRequest (OMSnapshotCreateRequest.java:validateAndUpdateCache(180)) - Created snapshot 'snap74428' under path 'vol-91252/buck-64377'
2023-02-22 04:45:10,500 [OMDoubleBufferFlushThread] INFO  db.RDBCheckpointManager (RDBCheckpointManager.java:createCheckpoint(96)) - Created checkpoint in rocksDB at /home/runner/work/ozone/ozone/hadoop-ozone/integration-test/target/test-dir/MiniOzoneClusterImpl-23364813-765e-4689-b759-17f9bf3914d5/omNode-1/db.snapshots/om.db-8edcccd0-80da-49e9-9471-f8595fe14485 in 29 milliseconds
2023-02-22 04:45:10,504 [OMDoubleBufferFlushThread] INFO  db.RDBCheckpointManager (RDBCheckpointManager.java:createCheckpoint(96)) - Created checkpoint in rocksDB at /home/runner/work/ozone/ozone/hadoop-ozone/integration-test/target/test-dir/MiniOzoneClusterImpl-23364813-765e-4689-b759-17f9bf3914d5/omNode-2/db.snapshots/om.db-8edcccd0-80da-49e9-9471-f8595fe14485 in 31 milliseconds
2023-02-22 04:45:10,504 [OMDoubleBufferFlushThread] INFO  db.RDBCheckpointManager (RDBCheckpointManager.java:waitForCheckpointDirectoryExist(125)) - Waited for 4 milliseconds for checkpoint directory /home/runner/work/ozone/ozone/hadoop-ozone/integration-test/target/test-dir/MiniOzoneClusterImpl-23364813-765e-4689-b759-17f9bf3914d5/omNode-1/db.snapshots/om.db-8edcccd0-80da-49e9-9471-f8595fe14485 availability.
2023-02-22 04:45:10,504 [OMDoubleBufferFlushThread] INFO  om.OmSnapshotManager (OmSnapshotManager.java:createOmSnapshotCheckpoint(163)) - Created checkpoint : /home/runner/work/ozone/ozone/hadoop-ozone/integration-test/target/test-dir/MiniOzoneClusterImpl-23364813-765e-4689-b759-17f9bf3914d5/omNode-1/db.snapshots/om.db-8edcccd0-80da-49e9-9471-f8595fe14485 for snapshot snap74428
2023-02-22 04:45:10,505 [OMDoubleBufferFlushThread] INFO  db.RDBCheckpointManager (RDBCheckpointManager.java:waitForCheckpointDirectoryExist(125)) - Waited for 1 milliseconds for checkpoint directory /home/runner/work/ozone/ozone/hadoop-ozone/integration-test/target/test-dir/MiniOzoneClusterImpl-23364813-765e-4689-b759-17f9bf3914d5/omNode-2/db.snapshots/om.db-8edcccd0-80da-49e9-9471-f8595fe14485 availability.
2023-02-22 04:45:10,505 [OMDoubleBufferFlushThread] INFO  om.OmSnapshotManager (OmSnapshotManager.java:createOmSnapshotCheckpoint(163)) - Created checkpoint : /home/runner/work/ozone/ozone/hadoop-ozone/integration-test/target/test-dir/MiniOzoneClusterImpl-23364813-765e-4689-b759-17f9bf3914d5/omNode-2/db.snapshots/om.db-8edcccd0-80da-49e9-9471-f8595fe14485 for snapshot snap74428
2023-02-22 04:45:10,506 [OMDoubleBufferFlushThread] INFO  db.RDBCheckpointManager (RDBCheckpointManager.java:createCheckpoint(96)) - Created checkpoint in rocksDB at /home/runner/work/ozone/ozone/hadoop-ozone/integration-test/target/test-dir/MiniOzoneClusterImpl-23364813-765e-4689-b759-17f9bf3914d5/omNode-3/db.snapshots/om.db-8edcccd0-80da-49e9-9471-f8595fe14485 in 33 milliseconds
2023-02-22 04:45:10,506 [OMDoubleBufferFlushThread] INFO  db.RDBCheckpointManager (RDBCheckpointManager.java:waitForCheckpointDirectoryExist(125)) - Waited for 0 milliseconds for checkpoint directory /home/runner/work/ozone/ozone/hadoop-ozone/integration-test/target/test-dir/MiniOzoneClusterImpl-23364813-765e-4689-b759-17f9bf3914d5/omNode-3/db.snapshots/om.db-8edcccd0-80da-49e9-9471-f8595fe14485 availability.
2023-02-22 04:45:10,506 [OMDoubleBufferFlushThread] INFO  om.OmSnapshotManager (OmSnapshotManager.java:createOmSnapshotCheckpoint(163)) - Created checkpoint : /home/runner/work/ozone/ozone/hadoop-ozone/integration-test/target/test-dir/MiniOzoneClusterImpl-23364813-765e-4689-b759-17f9bf3914d5/omNode-3/db.snapshots/om.db-8edcccd0-80da-49e9-9471-f8595fe14485 for snapshot snap74428
2023-02-22 04:45:11,475 [OM StateMachine ApplyTransaction Thread - 0] INFO  snapshot.OMSnapshotCreateRequest (OMSnapshotCreateRequest.java:validateAndUpdateCache(180)) - Created snapshot 'snap81638' under path 'vol-91252/buck-64377'
2023-02-22 04:45:11,477 [OM StateMachine ApplyTransaction Thread - 0] INFO  snapshot.OMSnapshotCreateRequest (OMSnapshotCreateRequest.java:validateAndUpdateCache(180)) - Created snapshot 'snap81638' under path 'vol-91252/buck-64377'
2023-02-22 04:45:11,478 [OM StateMachine ApplyTransaction Thread - 0] INFO  snapshot.OMSnapshotCreateRequest (OMSnapshotCreateRequest.java:validateAndUpdateCache(180)) - Created snapshot 'snap81638' under path 'vol-91252/buck-64377'
2023-02-22 04:45:11,487 [OMDoubleBufferFlushThread] INFO  db.RDBCheckpointManager (RDBCheckpointManager.java:createCheckpoint(96)) - Created checkpoint in rocksDB at /home/runner/work/ozone/ozone/hadoop-ozone/integration-test/target/test-dir/MiniOzoneClusterImpl-23364813-765e-4689-b759-17f9bf3914d5/omNode-3/db.snapshots/om.db-ec97892d-e571-4540-a64f-e7f5d9b586ae in 8 milliseconds
2023-02-22 04:45:11,489 [OMDoubleBufferFlushThread] INFO  db.RDBCheckpointManager (RDBCheckpointManager.java:waitForCheckpointDirectoryExist(125)) - Waited for 2 milliseconds for checkpoint directory /home/runner/work/ozone/ozone/hadoop-ozone/integration-test/target/test-dir/MiniOzoneClusterImpl-23364813-765e-4689-b759-17f9bf3914d5/omNode-3/db.snapshots/om.db-ec97892d-e571-4540-a64f-e7f5d9b586ae availability.
2023-02-22 04:45:11,489 [OMDoubleBufferFlushThread] INFO  om.OmSnapshotManager (OmSnapshotManager.java:createOmSnapshotCheckpoint(163)) - Created checkpoint : /home/runner/work/ozone/ozone/hadoop-ozone/integration-test/target/test-dir/MiniOzoneClusterImpl-23364813-765e-4689-b759-17f9bf3914d5/omNode-3/db.snapshots/om.db-ec97892d-e571-4540-a64f-e7f5d9b586ae for snapshot snap81638
2023-02-22 04:45:11,491 [OMDoubleBufferFlushThread] INFO  db.RDBCheckpointManager (RDBCheckpointManager.java:createCheckpoint(96)) - Created checkpoint in rocksDB at /home/runner/work/ozone/ozone/hadoop-ozone/integration-test/target/test-dir/MiniOzoneClusterImpl-23364813-765e-4689-b759-17f9bf3914d5/omNode-1/db.snapshots/om.db-ec97892d-e571-4540-a64f-e7f5d9b586ae in 15 milliseconds
2023-02-22 04:45:11,491 [OMDoubleBufferFlushThread] INFO  db.RDBCheckpointManager (RDBCheckpointManager.java:waitForCheckpointDirectoryExist(125)) - Waited for 0 milliseconds for checkpoint directory /home/runner/work/ozone/ozone/hadoop-ozone/integration-test/target/test-dir/MiniOzoneClusterImpl-23364813-765e-4689-b759-17f9bf3914d5/omNode-1/db.snapshots/om.db-ec97892d-e571-4540-a64f-e7f5d9b586ae availability.
2023-02-22 04:45:11,491 [OMDoubleBufferFlushThread] INFO  om.OmSnapshotManager (OmSnapshotManager.java:createOmSnapshotCheckpoint(163)) - Created checkpoint : /home/runner/work/ozone/ozone/hadoop-ozone/integration-test/target/test-dir/MiniOzoneClusterImpl-23364813-765e-4689-b759-17f9bf3914d5/omNode-1/db.snapshots/om.db-ec97892d-e571-4540-a64f-e7f5d9b586ae for snapshot snap81638
2023-02-22 04:45:11,491 [OMDoubleBufferFlushThread] INFO  db.RDBCheckpointManager (RDBCheckpointManager.java:createCheckpoint(96)) - Created checkpoint in rocksDB at /home/runner/work/ozone/ozone/hadoop-ozone/integration-test/target/test-dir/MiniOzoneClusterImpl-23364813-765e-4689-b759-17f9bf3914d5/omNode-2/db.snapshots/om.db-ec97892d-e571-4540-a64f-e7f5d9b586ae in 12 milliseconds
2023-02-22 04:45:11,498 [OMDoubleBufferFlushThread] INFO  db.RDBCheckpointManager (RDBCheckpointManager.java:waitForCheckpointDirectoryExist(125)) - Waited for 7 milliseconds for checkpoint directory /home/runner/work/ozone/ozone/hadoop-ozone/integration-test/target/test-dir/MiniOzoneClusterImpl-23364813-765e-4689-b759-17f9bf3914d5/omNode-2/db.snapshots/om.db-ec97892d-e571-4540-a64f-e7f5d9b586ae availability.
2023-02-22 04:45:11,498 [OMDoubleBufferFlushThread] INFO  om.OmSnapshotManager (OmSnapshotManager.java:createOmSnapshotCheckpoint(163)) - Created checkpoint : /home/runner/work/ozone/ozone/hadoop-ozone/integration-test/target/test-dir/MiniOzoneClusterImpl-23364813-765e-4689-b759-17f9bf3914d5/omNode-2/db.snapshots/om.db-ec97892d-e571-4540-a64f-e7f5d9b586ae for snapshot snap81638
]]></system-out>
  </testcase>
  <testcase name="testSnapDiffNonExistentUrl" classname="TestOmSnapshot" time="2.439">
    <system-out><![CDATA[2023-02-22 04:46:02,752 [Time-limited test] INFO  rpc.RpcClient (RpcClient.java:createVolume(476)) - Creating Volume: vol-33983, with runner as owner and space quota set to -1 bytes, counts quota set to -1
2023-02-22 04:46:02,755 [OM StateMachine ApplyTransaction Thread - 0] INFO  volume.OMVolumeCreateRequest (OMVolumeCreateRequest.java:validateAndUpdateCache(195)) - created volume:vol-33983 for user:runner
2023-02-22 04:46:02,755 [OM StateMachine ApplyTransaction Thread - 0] INFO  volume.OMVolumeCreateRequest (OMVolumeCreateRequest.java:validateAndUpdateCache(195)) - created volume:vol-33983 for user:runner
2023-02-22 04:46:02,756 [Time-limited test] INFO  rpc.RpcClient (RpcClient.java:createBucket(698)) - Creating Bucket: vol-33983/buck-47512, with server-side default bucket layout, runner as owner, Versioning false, Storage Type set to DISK and Encryption set to false, Replication Type set to server-side default replication type, Namespace Quota set to -1, Space Quota set to -1 
2023-02-22 04:46:02,760 [OM StateMachine ApplyTransaction Thread - 0] INFO  volume.OMVolumeCreateRequest (OMVolumeCreateRequest.java:validateAndUpdateCache(195)) - created volume:vol-33983 for user:runner
2023-02-22 04:46:02,761 [OM StateMachine ApplyTransaction Thread - 0] INFO  bucket.OMBucketCreateRequest (OMBucketCreateRequest.java:validateAndUpdateCache(263)) - created bucket: buck-47512 of layout FILE_SYSTEM_OPTIMIZED in volume: vol-33983
2023-02-22 04:46:02,763 [OM StateMachine ApplyTransaction Thread - 0] INFO  bucket.OMBucketCreateRequest (OMBucketCreateRequest.java:validateAndUpdateCache(263)) - created bucket: buck-47512 of layout FILE_SYSTEM_OPTIMIZED in volume: vol-33983
2023-02-22 04:46:02,763 [OM StateMachine ApplyTransaction Thread - 0] INFO  bucket.OMBucketCreateRequest (OMBucketCreateRequest.java:validateAndUpdateCache(263)) - created bucket: buck-47512 of layout FILE_SYSTEM_OPTIMIZED in volume: vol-33983
2023-02-22 04:46:03,143 [JvmPauseMonitor11] WARN  util.JvmPauseMonitor (JvmPauseMonitor.java:detectPause(126)) - JvmPauseMonitor-ffdcdc5d-4960-49c6-84a1-25480d1d38bf: Detected pause in JVM or host machine (eg GC): pause of approximately 208180873ns.
GC pool 'PS MarkSweep' had collection(s): count=1 time=260ms
GC pool 'PS Scavenge' had collection(s): count=1 time=106ms
2023-02-22 04:46:03,143 [JvmPauseMonitor6] WARN  util.JvmPauseMonitor (JvmPauseMonitor.java:detectPause(126)) - JvmPauseMonitor-omNode-1: Detected pause in JVM or host machine (eg GC): pause of approximately 229921124ns.
GC pool 'PS MarkSweep' had collection(s): count=1 time=260ms
GC pool 'PS Scavenge' had collection(s): count=1 time=106ms
2023-02-22 04:46:03,148 [Finalizer] WARN  managed.ManagedRocksObjectUtils (ManagedRocksObjectUtils.java:assertClosed(54)) - RocksIterator is not closed properly
2023-02-22 04:46:03,148 [Finalizer] WARN  managed.ManagedRocksObjectUtils (ManagedRocksObjectUtils.java:assertClosed(54)) - RocksIterator is not closed properly
2023-02-22 04:46:03,148 [Finalizer] WARN  managed.ManagedRocksObjectUtils (ManagedRocksObjectUtils.java:assertClosed(54)) - RocksIterator is not closed properly
2023-02-22 04:46:03,148 [Finalizer] WARN  managed.ManagedRocksObjectUtils (ManagedRocksObjectUtils.java:assertClosed(54)) - RocksIterator is not closed properly
2023-02-22 04:46:03,148 [Finalizer] WARN  managed.ManagedRocksObjectUtils (ManagedRocksObjectUtils.java:assertClosed(54)) - RocksIterator is not closed properly
2023-02-22 04:46:03,148 [Finalizer] WARN  managed.ManagedRocksObjectUtils (ManagedRocksObjectUtils.java:assertClosed(54)) - RocksIterator is not closed properly
2023-02-22 04:46:03,148 [Finalizer] WARN  managed.ManagedRocksObjectUtils (ManagedRocksObjectUtils.java:assertClosed(54)) - ManagedColumnFamilyOptions is not closed properly
2023-02-22 04:46:03,148 [Finalizer] WARN  managed.ManagedRocksObjectUtils (ManagedRocksObjectUtils.java:assertClosed(54)) - ManagedColumnFamilyOptions is not closed properly
2023-02-22 04:46:03,148 [Finalizer] WARN  managed.ManagedRocksObjectUtils (ManagedRocksObjectUtils.java:assertClosed(54)) - ManagedColumnFamilyOptions is not closed properly
2023-02-22 04:46:03,148 [Finalizer] WARN  managed.ManagedRocksObjectUtils (ManagedRocksObjectUtils.java:assertClosed(54)) - ManagedColumnFamilyOptions is not closed properly
2023-02-22 04:46:03,148 [Finalizer] WARN  managed.ManagedRocksObjectUtils (ManagedRocksObjectUtils.java:assertClosed(54)) - ManagedColumnFamilyOptions is not closed properly
2023-02-22 04:46:03,148 [Finalizer] WARN  managed.ManagedRocksObjectUtils (ManagedRocksObjectUtils.java:assertClosed(54)) - ManagedColumnFamilyOptions is not closed properly
2023-02-22 04:46:03,148 [Finalizer] WARN  managed.ManagedRocksObjectUtils (ManagedRocksObjectUtils.java:assertClosed(54)) - ManagedColumnFamilyOptions is not closed properly
2023-02-22 04:46:03,148 [Finalizer] WARN  managed.ManagedRocksObjectUtils (ManagedRocksObjectUtils.java:assertClosed(54)) - ManagedColumnFamilyOptions is not closed properly
2023-02-22 04:46:03,172 [OM StateMachine ApplyTransaction Thread - 0] INFO  snapshot.OMSnapshotCreateRequest (OMSnapshotCreateRequest.java:validateAndUpdateCache(180)) - Created snapshot 'snap44148' under path 'vol-33983/buck-47512'
2023-02-22 04:46:03,175 [OM StateMachine ApplyTransaction Thread - 0] INFO  snapshot.OMSnapshotCreateRequest (OMSnapshotCreateRequest.java:validateAndUpdateCache(180)) - Created snapshot 'snap44148' under path 'vol-33983/buck-47512'
2023-02-22 04:46:03,175 [OM StateMachine ApplyTransaction Thread - 0] INFO  snapshot.OMSnapshotCreateRequest (OMSnapshotCreateRequest.java:validateAndUpdateCache(180)) - Created snapshot 'snap44148' under path 'vol-33983/buck-47512'
2023-02-22 04:46:03,206 [OMDoubleBufferFlushThread] INFO  db.RDBCheckpointManager (RDBCheckpointManager.java:createCheckpoint(96)) - Created checkpoint in rocksDB at /home/runner/work/ozone/ozone/hadoop-ozone/integration-test/target/test-dir/MiniOzoneClusterImpl-d1b59b44-2044-4343-9d69-28cc870eb01e/omNode-2/db.snapshots/om.db-2cd5336b-4536-4a0a-87b2-230d0bc4eb41 in 30 milliseconds
2023-02-22 04:46:03,208 [OMDoubleBufferFlushThread] INFO  db.RDBCheckpointManager (RDBCheckpointManager.java:createCheckpoint(96)) - Created checkpoint in rocksDB at /home/runner/work/ozone/ozone/hadoop-ozone/integration-test/target/test-dir/MiniOzoneClusterImpl-d1b59b44-2044-4343-9d69-28cc870eb01e/omNode-1/db.snapshots/om.db-2cd5336b-4536-4a0a-87b2-230d0bc4eb41 in 34 milliseconds
2023-02-22 04:46:03,225 [OMDoubleBufferFlushThread] INFO  db.RDBCheckpointManager (RDBCheckpointManager.java:waitForCheckpointDirectoryExist(125)) - Waited for 18 milliseconds for checkpoint directory /home/runner/work/ozone/ozone/hadoop-ozone/integration-test/target/test-dir/MiniOzoneClusterImpl-d1b59b44-2044-4343-9d69-28cc870eb01e/omNode-2/db.snapshots/om.db-2cd5336b-4536-4a0a-87b2-230d0bc4eb41 availability.
2023-02-22 04:46:03,225 [OMDoubleBufferFlushThread] INFO  om.OmSnapshotManager (OmSnapshotManager.java:createOmSnapshotCheckpoint(163)) - Created checkpoint : /home/runner/work/ozone/ozone/hadoop-ozone/integration-test/target/test-dir/MiniOzoneClusterImpl-d1b59b44-2044-4343-9d69-28cc870eb01e/omNode-2/db.snapshots/om.db-2cd5336b-4536-4a0a-87b2-230d0bc4eb41 for snapshot snap44148
2023-02-22 04:46:03,226 [OMDoubleBufferFlushThread] INFO  db.RDBCheckpointManager (RDBCheckpointManager.java:waitForCheckpointDirectoryExist(125)) - Waited for 18 milliseconds for checkpoint directory /home/runner/work/ozone/ozone/hadoop-ozone/integration-test/target/test-dir/MiniOzoneClusterImpl-d1b59b44-2044-4343-9d69-28cc870eb01e/omNode-1/db.snapshots/om.db-2cd5336b-4536-4a0a-87b2-230d0bc4eb41 availability.
2023-02-22 04:46:03,226 [OMDoubleBufferFlushThread] INFO  om.OmSnapshotManager (OmSnapshotManager.java:createOmSnapshotCheckpoint(163)) - Created checkpoint : /home/runner/work/ozone/ozone/hadoop-ozone/integration-test/target/test-dir/MiniOzoneClusterImpl-d1b59b44-2044-4343-9d69-28cc870eb01e/omNode-1/db.snapshots/om.db-2cd5336b-4536-4a0a-87b2-230d0bc4eb41 for snapshot snap44148
2023-02-22 04:46:03,233 [OMDoubleBufferFlushThread] INFO  db.RDBCheckpointManager (RDBCheckpointManager.java:createCheckpoint(96)) - Created checkpoint in rocksDB at /home/runner/work/ozone/ozone/hadoop-ozone/integration-test/target/test-dir/MiniOzoneClusterImpl-d1b59b44-2044-4343-9d69-28cc870eb01e/omNode-3/db.snapshots/om.db-2cd5336b-4536-4a0a-87b2-230d0bc4eb41 in 56 milliseconds
2023-02-22 04:46:03,238 [OMDoubleBufferFlushThread] INFO  db.RDBCheckpointManager (RDBCheckpointManager.java:waitForCheckpointDirectoryExist(125)) - Waited for 5 milliseconds for checkpoint directory /home/runner/work/ozone/ozone/hadoop-ozone/integration-test/target/test-dir/MiniOzoneClusterImpl-d1b59b44-2044-4343-9d69-28cc870eb01e/omNode-3/db.snapshots/om.db-2cd5336b-4536-4a0a-87b2-230d0bc4eb41 availability.
2023-02-22 04:46:03,238 [OMDoubleBufferFlushThread] INFO  om.OmSnapshotManager (OmSnapshotManager.java:createOmSnapshotCheckpoint(163)) - Created checkpoint : /home/runner/work/ozone/ozone/hadoop-ozone/integration-test/target/test-dir/MiniOzoneClusterImpl-d1b59b44-2044-4343-9d69-28cc870eb01e/omNode-3/db.snapshots/om.db-2cd5336b-4536-4a0a-87b2-230d0bc4eb41 for snapshot snap44148
2023-02-22 04:46:03,663 [EndpointStateMachine task thread for /0.0.0.0:33645 - 0 ] INFO  ipc.Client (Client.java:handleConnectionFailure(1010)) - Retrying connect to server: 0.0.0.0/0.0.0.0:33645. Already tried 9 time(s); retry policy is RetryUpToMaximumCountWithFixedSleep(maxRetries=15, sleepTime=1000 MILLISECONDS)
2023-02-22 04:46:04,180 [OM StateMachine ApplyTransaction Thread - 0] INFO  snapshot.OMSnapshotCreateRequest (OMSnapshotCreateRequest.java:validateAndUpdateCache(180)) - Created snapshot 'snap40497' under path 'vol-33983/buck-47512'
2023-02-22 04:46:04,181 [OM StateMachine ApplyTransaction Thread - 0] INFO  snapshot.OMSnapshotCreateRequest (OMSnapshotCreateRequest.java:validateAndUpdateCache(180)) - Created snapshot 'snap40497' under path 'vol-33983/buck-47512'
2023-02-22 04:46:04,182 [OM StateMachine ApplyTransaction Thread - 0] INFO  snapshot.OMSnapshotCreateRequest (OMSnapshotCreateRequest.java:validateAndUpdateCache(180)) - Created snapshot 'snap40497' under path 'vol-33983/buck-47512'
2023-02-22 04:46:04,198 [OMDoubleBufferFlushThread] INFO  db.RDBCheckpointManager (RDBCheckpointManager.java:createCheckpoint(96)) - Created checkpoint in rocksDB at /home/runner/work/ozone/ozone/hadoop-ozone/integration-test/target/test-dir/MiniOzoneClusterImpl-d1b59b44-2044-4343-9d69-28cc870eb01e/omNode-3/db.snapshots/om.db-78feab39-dbd9-4ffe-b814-2ddc91b344ce in 16 milliseconds
2023-02-22 04:46:04,200 [OMDoubleBufferFlushThread] INFO  db.RDBCheckpointManager (RDBCheckpointManager.java:waitForCheckpointDirectoryExist(125)) - Waited for 2 milliseconds for checkpoint directory /home/runner/work/ozone/ozone/hadoop-ozone/integration-test/target/test-dir/MiniOzoneClusterImpl-d1b59b44-2044-4343-9d69-28cc870eb01e/omNode-3/db.snapshots/om.db-78feab39-dbd9-4ffe-b814-2ddc91b344ce availability.
2023-02-22 04:46:04,200 [OMDoubleBufferFlushThread] INFO  om.OmSnapshotManager (OmSnapshotManager.java:createOmSnapshotCheckpoint(163)) - Created checkpoint : /home/runner/work/ozone/ozone/hadoop-ozone/integration-test/target/test-dir/MiniOzoneClusterImpl-d1b59b44-2044-4343-9d69-28cc870eb01e/omNode-3/db.snapshots/om.db-78feab39-dbd9-4ffe-b814-2ddc91b344ce for snapshot snap40497
2023-02-22 04:46:04,202 [OMDoubleBufferFlushThread] INFO  db.RDBCheckpointManager (RDBCheckpointManager.java:createCheckpoint(96)) - Created checkpoint in rocksDB at /home/runner/work/ozone/ozone/hadoop-ozone/integration-test/target/test-dir/MiniOzoneClusterImpl-d1b59b44-2044-4343-9d69-28cc870eb01e/omNode-1/db.snapshots/om.db-78feab39-dbd9-4ffe-b814-2ddc91b344ce in 21 milliseconds
2023-02-22 04:46:04,203 [OMDoubleBufferFlushThread] INFO  db.RDBCheckpointManager (RDBCheckpointManager.java:waitForCheckpointDirectoryExist(125)) - Waited for 1 milliseconds for checkpoint directory /home/runner/work/ozone/ozone/hadoop-ozone/integration-test/target/test-dir/MiniOzoneClusterImpl-d1b59b44-2044-4343-9d69-28cc870eb01e/omNode-1/db.snapshots/om.db-78feab39-dbd9-4ffe-b814-2ddc91b344ce availability.
2023-02-22 04:46:04,203 [OMDoubleBufferFlushThread] INFO  om.OmSnapshotManager (OmSnapshotManager.java:createOmSnapshotCheckpoint(163)) - Created checkpoint : /home/runner/work/ozone/ozone/hadoop-ozone/integration-test/target/test-dir/MiniOzoneClusterImpl-d1b59b44-2044-4343-9d69-28cc870eb01e/omNode-1/db.snapshots/om.db-78feab39-dbd9-4ffe-b814-2ddc91b344ce for snapshot snap40497
2023-02-22 04:46:04,204 [OMDoubleBufferFlushThread] INFO  db.RDBCheckpointManager (RDBCheckpointManager.java:createCheckpoint(96)) - Created checkpoint in rocksDB at /home/runner/work/ozone/ozone/hadoop-ozone/integration-test/target/test-dir/MiniOzoneClusterImpl-d1b59b44-2044-4343-9d69-28cc870eb01e/omNode-2/db.snapshots/om.db-78feab39-dbd9-4ffe-b814-2ddc91b344ce in 15 milliseconds
2023-02-22 04:46:04,205 [OMDoubleBufferFlushThread] INFO  db.RDBCheckpointManager (RDBCheckpointManager.java:waitForCheckpointDirectoryExist(125)) - Waited for 1 milliseconds for checkpoint directory /home/runner/work/ozone/ozone/hadoop-ozone/integration-test/target/test-dir/MiniOzoneClusterImpl-d1b59b44-2044-4343-9d69-28cc870eb01e/omNode-2/db.snapshots/om.db-78feab39-dbd9-4ffe-b814-2ddc91b344ce availability.
2023-02-22 04:46:04,205 [OMDoubleBufferFlushThread] INFO  om.OmSnapshotManager (OmSnapshotManager.java:createOmSnapshotCheckpoint(163)) - Created checkpoint : /home/runner/work/ozone/ozone/hadoop-ozone/integration-test/target/test-dir/MiniOzoneClusterImpl-d1b59b44-2044-4343-9d69-28cc870eb01e/omNode-2/db.snapshots/om.db-78feab39-dbd9-4ffe-b814-2ddc91b344ce for snapshot snap40497
2023-02-22 04:46:04,664 [EndpointStateMachine task thread for /0.0.0.0:33645 - 0 ] INFO  ipc.Client (Client.java:handleConnectionFailure(1010)) - Retrying connect to server: 0.0.0.0/0.0.0.0:33645. Already tried 10 time(s); retry policy is RetryUpToMaximumCountWithFixedSleep(maxRetries=15, sleepTime=1000 MILLISECONDS)
]]></system-out>
  </testcase>
  <testcase name="testSnapDiffNonExistentUrl" classname="TestOmSnapshot" time="2.048">
    <system-out><![CDATA[2023-02-22 04:47:00,865 [Time-limited test] INFO  rpc.RpcClient (RpcClient.java:createVolume(476)) - Creating Volume: vol-77893, with runner as owner and space quota set to -1 bytes, counts quota set to -1
2023-02-22 04:47:00,868 [OM StateMachine ApplyTransaction Thread - 0] INFO  volume.OMVolumeCreateRequest (OMVolumeCreateRequest.java:validateAndUpdateCache(195)) - created volume:vol-77893 for user:runner
2023-02-22 04:47:00,870 [OM StateMachine ApplyTransaction Thread - 0] INFO  volume.OMVolumeCreateRequest (OMVolumeCreateRequest.java:validateAndUpdateCache(195)) - created volume:vol-77893 for user:runner
2023-02-22 04:47:00,871 [OM StateMachine ApplyTransaction Thread - 0] INFO  volume.OMVolumeCreateRequest (OMVolumeCreateRequest.java:validateAndUpdateCache(195)) - created volume:vol-77893 for user:runner
2023-02-22 04:47:00,871 [Time-limited test] INFO  rpc.RpcClient (RpcClient.java:createBucket(698)) - Creating Bucket: vol-77893/buck-72035, with server-side default bucket layout, runner as owner, Versioning false, Storage Type set to DISK and Encryption set to false, Replication Type set to server-side default replication type, Namespace Quota set to -1, Space Quota set to -1 
2023-02-22 04:47:00,873 [OM StateMachine ApplyTransaction Thread - 0] INFO  bucket.OMBucketCreateRequest (OMBucketCreateRequest.java:validateAndUpdateCache(263)) - created bucket: buck-72035 of layout LEGACY in volume: vol-77893
2023-02-22 04:47:00,874 [OM StateMachine ApplyTransaction Thread - 0] INFO  bucket.OMBucketCreateRequest (OMBucketCreateRequest.java:validateAndUpdateCache(263)) - created bucket: buck-72035 of layout LEGACY in volume: vol-77893
2023-02-22 04:47:00,875 [OM StateMachine ApplyTransaction Thread - 0] INFO  bucket.OMBucketCreateRequest (OMBucketCreateRequest.java:validateAndUpdateCache(263)) - created bucket: buck-72035 of layout LEGACY in volume: vol-77893
2023-02-22 04:47:00,905 [OM StateMachine ApplyTransaction Thread - 0] INFO  snapshot.OMSnapshotCreateRequest (OMSnapshotCreateRequest.java:validateAndUpdateCache(180)) - Created snapshot 'snap93223' under path 'vol-77893/buck-72035'
2023-02-22 04:47:00,906 [OM StateMachine ApplyTransaction Thread - 0] INFO  snapshot.OMSnapshotCreateRequest (OMSnapshotCreateRequest.java:validateAndUpdateCache(180)) - Created snapshot 'snap93223' under path 'vol-77893/buck-72035'
2023-02-22 04:47:00,906 [OM StateMachine ApplyTransaction Thread - 0] INFO  snapshot.OMSnapshotCreateRequest (OMSnapshotCreateRequest.java:validateAndUpdateCache(180)) - Created snapshot 'snap93223' under path 'vol-77893/buck-72035'
2023-02-22 04:47:00,936 [OMDoubleBufferFlushThread] INFO  db.RDBCheckpointManager (RDBCheckpointManager.java:createCheckpoint(96)) - Created checkpoint in rocksDB at /home/runner/work/ozone/ozone/hadoop-ozone/integration-test/target/test-dir/MiniOzoneClusterImpl-7cc88fad-c9bf-4c80-b076-d2cf48673a1e/omNode-1/db.snapshots/om.db-db38a40c-42a5-463a-a0b6-86204c876f56 in 29 milliseconds
2023-02-22 04:47:00,936 [OMDoubleBufferFlushThread] INFO  db.RDBCheckpointManager (RDBCheckpointManager.java:waitForCheckpointDirectoryExist(125)) - Waited for 0 milliseconds for checkpoint directory /home/runner/work/ozone/ozone/hadoop-ozone/integration-test/target/test-dir/MiniOzoneClusterImpl-7cc88fad-c9bf-4c80-b076-d2cf48673a1e/omNode-1/db.snapshots/om.db-db38a40c-42a5-463a-a0b6-86204c876f56 availability.
2023-02-22 04:47:00,936 [OMDoubleBufferFlushThread] INFO  om.OmSnapshotManager (OmSnapshotManager.java:createOmSnapshotCheckpoint(163)) - Created checkpoint : /home/runner/work/ozone/ozone/hadoop-ozone/integration-test/target/test-dir/MiniOzoneClusterImpl-7cc88fad-c9bf-4c80-b076-d2cf48673a1e/omNode-1/db.snapshots/om.db-db38a40c-42a5-463a-a0b6-86204c876f56 for snapshot snap93223
2023-02-22 04:47:00,939 [OMDoubleBufferFlushThread] INFO  db.RDBCheckpointManager (RDBCheckpointManager.java:createCheckpoint(96)) - Created checkpoint in rocksDB at /home/runner/work/ozone/ozone/hadoop-ozone/integration-test/target/test-dir/MiniOzoneClusterImpl-7cc88fad-c9bf-4c80-b076-d2cf48673a1e/omNode-3/db.snapshots/om.db-db38a40c-42a5-463a-a0b6-86204c876f56 in 30 milliseconds
2023-02-22 04:47:00,940 [OMDoubleBufferFlushThread] INFO  db.RDBCheckpointManager (RDBCheckpointManager.java:waitForCheckpointDirectoryExist(125)) - Waited for 1 milliseconds for checkpoint directory /home/runner/work/ozone/ozone/hadoop-ozone/integration-test/target/test-dir/MiniOzoneClusterImpl-7cc88fad-c9bf-4c80-b076-d2cf48673a1e/omNode-3/db.snapshots/om.db-db38a40c-42a5-463a-a0b6-86204c876f56 availability.
2023-02-22 04:47:00,940 [OMDoubleBufferFlushThread] INFO  om.OmSnapshotManager (OmSnapshotManager.java:createOmSnapshotCheckpoint(163)) - Created checkpoint : /home/runner/work/ozone/ozone/hadoop-ozone/integration-test/target/test-dir/MiniOzoneClusterImpl-7cc88fad-c9bf-4c80-b076-d2cf48673a1e/omNode-3/db.snapshots/om.db-db38a40c-42a5-463a-a0b6-86204c876f56 for snapshot snap93223
2023-02-22 04:47:00,941 [OMDoubleBufferFlushThread] INFO  db.RDBCheckpointManager (RDBCheckpointManager.java:createCheckpoint(96)) - Created checkpoint in rocksDB at /home/runner/work/ozone/ozone/hadoop-ozone/integration-test/target/test-dir/MiniOzoneClusterImpl-7cc88fad-c9bf-4c80-b076-d2cf48673a1e/omNode-2/db.snapshots/om.db-db38a40c-42a5-463a-a0b6-86204c876f56 in 32 milliseconds
2023-02-22 04:47:00,941 [OMDoubleBufferFlushThread] INFO  db.RDBCheckpointManager (RDBCheckpointManager.java:waitForCheckpointDirectoryExist(125)) - Waited for 0 milliseconds for checkpoint directory /home/runner/work/ozone/ozone/hadoop-ozone/integration-test/target/test-dir/MiniOzoneClusterImpl-7cc88fad-c9bf-4c80-b076-d2cf48673a1e/omNode-2/db.snapshots/om.db-db38a40c-42a5-463a-a0b6-86204c876f56 availability.
2023-02-22 04:47:00,941 [OMDoubleBufferFlushThread] INFO  om.OmSnapshotManager (OmSnapshotManager.java:createOmSnapshotCheckpoint(163)) - Created checkpoint : /home/runner/work/ozone/ozone/hadoop-ozone/integration-test/target/test-dir/MiniOzoneClusterImpl-7cc88fad-c9bf-4c80-b076-d2cf48673a1e/omNode-2/db.snapshots/om.db-db38a40c-42a5-463a-a0b6-86204c876f56 for snapshot snap93223
2023-02-22 04:47:01,909 [OM StateMachine ApplyTransaction Thread - 0] INFO  snapshot.OMSnapshotCreateRequest (OMSnapshotCreateRequest.java:validateAndUpdateCache(180)) - Created snapshot 'snap19804' under path 'vol-77893/buck-72035'
2023-02-22 04:47:01,910 [OM StateMachine ApplyTransaction Thread - 0] INFO  snapshot.OMSnapshotCreateRequest (OMSnapshotCreateRequest.java:validateAndUpdateCache(180)) - Created snapshot 'snap19804' under path 'vol-77893/buck-72035'
2023-02-22 04:47:01,910 [OM StateMachine ApplyTransaction Thread - 0] INFO  snapshot.OMSnapshotCreateRequest (OMSnapshotCreateRequest.java:validateAndUpdateCache(180)) - Created snapshot 'snap19804' under path 'vol-77893/buck-72035'
2023-02-22 04:47:01,920 [OMDoubleBufferFlushThread] INFO  db.RDBCheckpointManager (RDBCheckpointManager.java:createCheckpoint(96)) - Created checkpoint in rocksDB at /home/runner/work/ozone/ozone/hadoop-ozone/integration-test/target/test-dir/MiniOzoneClusterImpl-7cc88fad-c9bf-4c80-b076-d2cf48673a1e/omNode-1/db.snapshots/om.db-c89047e0-eae1-42a5-861a-715ecc1fcdb1 in 8 milliseconds
2023-02-22 04:47:01,920 [OMDoubleBufferFlushThread] INFO  db.RDBCheckpointManager (RDBCheckpointManager.java:waitForCheckpointDirectoryExist(125)) - Waited for 0 milliseconds for checkpoint directory /home/runner/work/ozone/ozone/hadoop-ozone/integration-test/target/test-dir/MiniOzoneClusterImpl-7cc88fad-c9bf-4c80-b076-d2cf48673a1e/omNode-1/db.snapshots/om.db-c89047e0-eae1-42a5-861a-715ecc1fcdb1 availability.
2023-02-22 04:47:01,920 [OMDoubleBufferFlushThread] INFO  om.OmSnapshotManager (OmSnapshotManager.java:createOmSnapshotCheckpoint(163)) - Created checkpoint : /home/runner/work/ozone/ozone/hadoop-ozone/integration-test/target/test-dir/MiniOzoneClusterImpl-7cc88fad-c9bf-4c80-b076-d2cf48673a1e/omNode-1/db.snapshots/om.db-c89047e0-eae1-42a5-861a-715ecc1fcdb1 for snapshot snap19804
2023-02-22 04:47:01,923 [OMDoubleBufferFlushThread] INFO  db.RDBCheckpointManager (RDBCheckpointManager.java:createCheckpoint(96)) - Created checkpoint in rocksDB at /home/runner/work/ozone/ozone/hadoop-ozone/integration-test/target/test-dir/MiniOzoneClusterImpl-7cc88fad-c9bf-4c80-b076-d2cf48673a1e/omNode-2/db.snapshots/om.db-c89047e0-eae1-42a5-861a-715ecc1fcdb1 in 11 milliseconds
2023-02-22 04:47:01,923 [OMDoubleBufferFlushThread] INFO  db.RDBCheckpointManager (RDBCheckpointManager.java:createCheckpoint(96)) - Created checkpoint in rocksDB at /home/runner/work/ozone/ozone/hadoop-ozone/integration-test/target/test-dir/MiniOzoneClusterImpl-7cc88fad-c9bf-4c80-b076-d2cf48673a1e/omNode-3/db.snapshots/om.db-c89047e0-eae1-42a5-861a-715ecc1fcdb1 in 11 milliseconds
2023-02-22 04:47:01,923 [OMDoubleBufferFlushThread] INFO  db.RDBCheckpointManager (RDBCheckpointManager.java:waitForCheckpointDirectoryExist(125)) - Waited for 0 milliseconds for checkpoint directory /home/runner/work/ozone/ozone/hadoop-ozone/integration-test/target/test-dir/MiniOzoneClusterImpl-7cc88fad-c9bf-4c80-b076-d2cf48673a1e/omNode-2/db.snapshots/om.db-c89047e0-eae1-42a5-861a-715ecc1fcdb1 availability.
2023-02-22 04:47:01,924 [OMDoubleBufferFlushThread] INFO  om.OmSnapshotManager (OmSnapshotManager.java:createOmSnapshotCheckpoint(163)) - Created checkpoint : /home/runner/work/ozone/ozone/hadoop-ozone/integration-test/target/test-dir/MiniOzoneClusterImpl-7cc88fad-c9bf-4c80-b076-d2cf48673a1e/omNode-2/db.snapshots/om.db-c89047e0-eae1-42a5-861a-715ecc1fcdb1 for snapshot snap19804
2023-02-22 04:47:01,924 [OMDoubleBufferFlushThread] INFO  db.RDBCheckpointManager (RDBCheckpointManager.java:waitForCheckpointDirectoryExist(125)) - Waited for 1 milliseconds for checkpoint directory /home/runner/work/ozone/ozone/hadoop-ozone/integration-test/target/test-dir/MiniOzoneClusterImpl-7cc88fad-c9bf-4c80-b076-d2cf48673a1e/omNode-3/db.snapshots/om.db-c89047e0-eae1-42a5-861a-715ecc1fcdb1 availability.
2023-02-22 04:47:01,924 [OMDoubleBufferFlushThread] INFO  om.OmSnapshotManager (OmSnapshotManager.java:createOmSnapshotCheckpoint(163)) - Created checkpoint : /home/runner/work/ozone/ozone/hadoop-ozone/integration-test/target/test-dir/MiniOzoneClusterImpl-7cc88fad-c9bf-4c80-b076-d2cf48673a1e/omNode-3/db.snapshots/om.db-c89047e0-eae1-42a5-861a-715ecc1fcdb1 for snapshot snap19804
]]></system-out>
  </testcase>
  <testcase name="testListKey" classname="TestOmSnapshot" time="8.219">
    <system-out><![CDATA[2023-02-22 04:45:12,483 [Time-limited test] INFO  rpc.RpcClient (RpcClient.java:createVolume(476)) - Creating Volume: vol-a-75626, with runner as owner and space quota set to -1 bytes, counts quota set to -1
2023-02-22 04:45:12,490 [OM StateMachine ApplyTransaction Thread - 0] INFO  volume.OMVolumeCreateRequest (OMVolumeCreateRequest.java:validateAndUpdateCache(195)) - created volume:vol-a-75626 for user:runner
2023-02-22 04:45:12,492 [OM StateMachine ApplyTransaction Thread - 0] INFO  volume.OMVolumeCreateRequest (OMVolumeCreateRequest.java:validateAndUpdateCache(195)) - created volume:vol-a-75626 for user:runner
2023-02-22 04:45:12,493 [OM StateMachine ApplyTransaction Thread - 0] INFO  volume.OMVolumeCreateRequest (OMVolumeCreateRequest.java:validateAndUpdateCache(195)) - created volume:vol-a-75626 for user:runner
2023-02-22 04:45:12,494 [Time-limited test] INFO  rpc.RpcClient (RpcClient.java:createVolume(476)) - Creating Volume: vol-b-25753, with runner as owner and space quota set to -1 bytes, counts quota set to -1
2023-02-22 04:45:12,497 [OM StateMachine ApplyTransaction Thread - 0] INFO  volume.OMVolumeCreateRequest (OMVolumeCreateRequest.java:validateAndUpdateCache(195)) - created volume:vol-b-25753 for user:runner
2023-02-22 04:45:12,500 [OM StateMachine ApplyTransaction Thread - 0] INFO  volume.OMVolumeCreateRequest (OMVolumeCreateRequest.java:validateAndUpdateCache(195)) - created volume:vol-b-25753 for user:runner
2023-02-22 04:45:12,500 [OM StateMachine ApplyTransaction Thread - 0] INFO  volume.OMVolumeCreateRequest (OMVolumeCreateRequest.java:validateAndUpdateCache(195)) - created volume:vol-b-25753 for user:runner
2023-02-22 04:45:12,501 [Time-limited test] INFO  rpc.RpcClient (RpcClient.java:createBucket(698)) - Creating Bucket: vol-a-75626/buc-a-36554, with server-side default bucket layout, runner as owner, Versioning false, Storage Type set to DISK and Encryption set to false, Replication Type set to server-side default replication type, Namespace Quota set to -1, Space Quota set to -1 
2023-02-22 04:45:12,505 [OM StateMachine ApplyTransaction Thread - 0] INFO  bucket.OMBucketCreateRequest (OMBucketCreateRequest.java:validateAndUpdateCache(263)) - created bucket: buc-a-36554 of layout OBJECT_STORE in volume: vol-a-75626
2023-02-22 04:45:12,506 [Time-limited test] INFO  rpc.RpcClient (RpcClient.java:createBucket(698)) - Creating Bucket: vol-a-75626/buc-b-50422, with server-side default bucket layout, runner as owner, Versioning false, Storage Type set to DISK and Encryption set to false, Replication Type set to server-side default replication type, Namespace Quota set to -1, Space Quota set to -1 
2023-02-22 04:45:12,507 [OM StateMachine ApplyTransaction Thread - 0] INFO  bucket.OMBucketCreateRequest (OMBucketCreateRequest.java:validateAndUpdateCache(263)) - created bucket: buc-a-36554 of layout OBJECT_STORE in volume: vol-a-75626
2023-02-22 04:45:12,507 [OM StateMachine ApplyTransaction Thread - 0] INFO  bucket.OMBucketCreateRequest (OMBucketCreateRequest.java:validateAndUpdateCache(263)) - created bucket: buc-a-36554 of layout OBJECT_STORE in volume: vol-a-75626
2023-02-22 04:45:12,511 [OM StateMachine ApplyTransaction Thread - 0] INFO  bucket.OMBucketCreateRequest (OMBucketCreateRequest.java:validateAndUpdateCache(263)) - created bucket: buc-b-50422 of layout OBJECT_STORE in volume: vol-a-75626
2023-02-22 04:45:12,512 [Time-limited test] INFO  rpc.RpcClient (RpcClient.java:createBucket(698)) - Creating Bucket: vol-b-25753/buc-a-36554, with server-side default bucket layout, runner as owner, Versioning false, Storage Type set to DISK and Encryption set to false, Replication Type set to server-side default replication type, Namespace Quota set to -1, Space Quota set to -1 
2023-02-22 04:45:12,513 [OM StateMachine ApplyTransaction Thread - 0] INFO  bucket.OMBucketCreateRequest (OMBucketCreateRequest.java:validateAndUpdateCache(263)) - created bucket: buc-b-50422 of layout OBJECT_STORE in volume: vol-a-75626
2023-02-22 04:45:12,513 [OM StateMachine ApplyTransaction Thread - 0] INFO  bucket.OMBucketCreateRequest (OMBucketCreateRequest.java:validateAndUpdateCache(263)) - created bucket: buc-b-50422 of layout OBJECT_STORE in volume: vol-a-75626
2023-02-22 04:45:12,517 [OM StateMachine ApplyTransaction Thread - 0] INFO  bucket.OMBucketCreateRequest (OMBucketCreateRequest.java:validateAndUpdateCache(263)) - created bucket: buc-a-36554 of layout OBJECT_STORE in volume: vol-b-25753
2023-02-22 04:45:12,517 [Time-limited test] INFO  rpc.RpcClient (RpcClient.java:createBucket(698)) - Creating Bucket: vol-b-25753/buc-b-50422, with server-side default bucket layout, runner as owner, Versioning false, Storage Type set to DISK and Encryption set to false, Replication Type set to server-side default replication type, Namespace Quota set to -1, Space Quota set to -1 
2023-02-22 04:45:12,519 [OM StateMachine ApplyTransaction Thread - 0] INFO  bucket.OMBucketCreateRequest (OMBucketCreateRequest.java:validateAndUpdateCache(263)) - created bucket: buc-a-36554 of layout OBJECT_STORE in volume: vol-b-25753
2023-02-22 04:45:12,520 [OM StateMachine ApplyTransaction Thread - 0] INFO  bucket.OMBucketCreateRequest (OMBucketCreateRequest.java:validateAndUpdateCache(263)) - created bucket: buc-a-36554 of layout OBJECT_STORE in volume: vol-b-25753
2023-02-22 04:45:12,522 [OM StateMachine ApplyTransaction Thread - 0] INFO  bucket.OMBucketCreateRequest (OMBucketCreateRequest.java:validateAndUpdateCache(263)) - created bucket: buc-b-50422 of layout OBJECT_STORE in volume: vol-b-25753
2023-02-22 04:45:12,523 [OM StateMachine ApplyTransaction Thread - 0] INFO  bucket.OMBucketCreateRequest (OMBucketCreateRequest.java:validateAndUpdateCache(263)) - created bucket: buc-b-50422 of layout OBJECT_STORE in volume: vol-b-25753
2023-02-22 04:45:12,524 [OM StateMachine ApplyTransaction Thread - 0] INFO  bucket.OMBucketCreateRequest (OMBucketCreateRequest.java:validateAndUpdateCache(263)) - created bucket: buc-b-50422 of layout OBJECT_STORE in volume: vol-b-25753
2023-02-22 04:45:14,590 [Under Replicated Processor] INFO  replication.UnhealthyReplicationProcessor (UnhealthyReplicationProcessor.java:processAll(112)) - Processed 0 containers with health state counts {},failed processing 0
2023-02-22 04:45:14,596 [Over Replicated Processor] INFO  replication.UnhealthyReplicationProcessor (UnhealthyReplicationProcessor.java:processAll(112)) - Processed 0 containers with health state counts {},failed processing 0
2023-02-22 04:45:14,629 [Finalizer] WARN  managed.ManagedRocksObjectUtils (ManagedRocksObjectUtils.java:assertClosed(54)) - ManagedColumnFamilyOptions is not closed properly
2023-02-22 04:45:14,629 [Finalizer] WARN  managed.ManagedRocksObjectUtils (ManagedRocksObjectUtils.java:assertClosed(54)) - ManagedColumnFamilyOptions is not closed properly
2023-02-22 04:45:14,629 [Finalizer] WARN  managed.ManagedRocksObjectUtils (ManagedRocksObjectUtils.java:assertClosed(54)) - ManagedColumnFamilyOptions is not closed properly
2023-02-22 04:45:14,629 [Finalizer] WARN  managed.ManagedRocksObjectUtils (ManagedRocksObjectUtils.java:assertClosed(54)) - ManagedColumnFamilyOptions is not closed properly
2023-02-22 04:45:14,629 [Finalizer] WARN  managed.ManagedRocksObjectUtils (ManagedRocksObjectUtils.java:assertClosed(54)) - ManagedColumnFamilyOptions is not closed properly
2023-02-22 04:45:14,629 [Finalizer] WARN  managed.ManagedRocksObjectUtils (ManagedRocksObjectUtils.java:assertClosed(54)) - ManagedColumnFamilyOptions is not closed properly
2023-02-22 04:45:14,629 [Finalizer] WARN  managed.ManagedRocksObjectUtils (ManagedRocksObjectUtils.java:assertClosed(54)) - ManagedColumnFamilyOptions is not closed properly
2023-02-22 04:45:14,629 [Finalizer] WARN  managed.ManagedRocksObjectUtils (ManagedRocksObjectUtils.java:assertClosed(54)) - ManagedColumnFamilyOptions is not closed properly
2023-02-22 04:45:14,629 [Finalizer] WARN  managed.ManagedRocksObjectUtils (ManagedRocksObjectUtils.java:assertClosed(54)) - RocksIterator is not closed properly
2023-02-22 04:45:14,629 [Finalizer] WARN  managed.ManagedRocksObjectUtils (ManagedRocksObjectUtils.java:assertClosed(54)) - RocksIterator is not closed properly
2023-02-22 04:45:14,629 [Finalizer] WARN  managed.ManagedRocksObjectUtils (ManagedRocksObjectUtils.java:assertClosed(54)) - RocksIterator is not closed properly
2023-02-22 04:45:14,629 [Finalizer] WARN  managed.ManagedRocksObjectUtils (ManagedRocksObjectUtils.java:assertClosed(54)) - RocksIterator is not closed properly
2023-02-22 04:45:14,629 [Finalizer] WARN  managed.ManagedRocksObjectUtils (ManagedRocksObjectUtils.java:assertClosed(54)) - RocksIterator is not closed properly
2023-02-22 04:45:14,629 [Finalizer] WARN  managed.ManagedRocksObjectUtils (ManagedRocksObjectUtils.java:assertClosed(54)) - RocksIterator is not closed properly
2023-02-22 04:45:15,020 [OM StateMachine ApplyTransaction Thread - 0] INFO  snapshot.OMSnapshotCreateRequest (OMSnapshotCreateRequest.java:validateAndUpdateCache(180)) - Created snapshot 'bbcf2dfa-a102-4b78-a1d4-81337dc869d7' under path 'vol-a-75626/buc-a-36554'
2023-02-22 04:45:15,022 [OM StateMachine ApplyTransaction Thread - 0] INFO  snapshot.OMSnapshotCreateRequest (OMSnapshotCreateRequest.java:validateAndUpdateCache(180)) - Created snapshot 'bbcf2dfa-a102-4b78-a1d4-81337dc869d7' under path 'vol-a-75626/buc-a-36554'
2023-02-22 04:45:15,022 [OM StateMachine ApplyTransaction Thread - 0] INFO  snapshot.OMSnapshotCreateRequest (OMSnapshotCreateRequest.java:validateAndUpdateCache(180)) - Created snapshot 'bbcf2dfa-a102-4b78-a1d4-81337dc869d7' under path 'vol-a-75626/buc-a-36554'
2023-02-22 04:45:15,054 [OMDoubleBufferFlushThread] INFO  db.RDBCheckpointManager (RDBCheckpointManager.java:createCheckpoint(96)) - Created checkpoint in rocksDB at /home/runner/work/ozone/ozone/hadoop-ozone/integration-test/target/test-dir/MiniOzoneClusterImpl-23364813-765e-4689-b759-17f9bf3914d5/omNode-1/db.snapshots/om.db-1f84bef0-148b-4dcc-b81e-1265ab2d4103 in 32 milliseconds
2023-02-22 04:45:15,056 [OMDoubleBufferFlushThread] INFO  db.RDBCheckpointManager (RDBCheckpointManager.java:createCheckpoint(96)) - Created checkpoint in rocksDB at /home/runner/work/ozone/ozone/hadoop-ozone/integration-test/target/test-dir/MiniOzoneClusterImpl-23364813-765e-4689-b759-17f9bf3914d5/omNode-2/db.snapshots/om.db-1f84bef0-148b-4dcc-b81e-1265ab2d4103 in 33 milliseconds
2023-02-22 04:45:15,057 [OMDoubleBufferFlushThread] INFO  db.RDBCheckpointManager (RDBCheckpointManager.java:waitForCheckpointDirectoryExist(125)) - Waited for 2 milliseconds for checkpoint directory /home/runner/work/ozone/ozone/hadoop-ozone/integration-test/target/test-dir/MiniOzoneClusterImpl-23364813-765e-4689-b759-17f9bf3914d5/omNode-1/db.snapshots/om.db-1f84bef0-148b-4dcc-b81e-1265ab2d4103 availability.
2023-02-22 04:45:15,057 [OMDoubleBufferFlushThread] INFO  om.OmSnapshotManager (OmSnapshotManager.java:createOmSnapshotCheckpoint(163)) - Created checkpoint : /home/runner/work/ozone/ozone/hadoop-ozone/integration-test/target/test-dir/MiniOzoneClusterImpl-23364813-765e-4689-b759-17f9bf3914d5/omNode-1/db.snapshots/om.db-1f84bef0-148b-4dcc-b81e-1265ab2d4103 for snapshot bbcf2dfa-a102-4b78-a1d4-81337dc869d7
2023-02-22 04:45:15,058 [OMDoubleBufferFlushThread] INFO  db.RDBCheckpointManager (RDBCheckpointManager.java:waitForCheckpointDirectoryExist(125)) - Waited for 2 milliseconds for checkpoint directory /home/runner/work/ozone/ozone/hadoop-ozone/integration-test/target/test-dir/MiniOzoneClusterImpl-23364813-765e-4689-b759-17f9bf3914d5/omNode-2/db.snapshots/om.db-1f84bef0-148b-4dcc-b81e-1265ab2d4103 availability.
2023-02-22 04:45:15,058 [OMDoubleBufferFlushThread] INFO  om.OmSnapshotManager (OmSnapshotManager.java:createOmSnapshotCheckpoint(163)) - Created checkpoint : /home/runner/work/ozone/ozone/hadoop-ozone/integration-test/target/test-dir/MiniOzoneClusterImpl-23364813-765e-4689-b759-17f9bf3914d5/omNode-2/db.snapshots/om.db-1f84bef0-148b-4dcc-b81e-1265ab2d4103 for snapshot bbcf2dfa-a102-4b78-a1d4-81337dc869d7
2023-02-22 04:45:15,060 [OMDoubleBufferFlushThread] INFO  db.RDBCheckpointManager (RDBCheckpointManager.java:createCheckpoint(96)) - Created checkpoint in rocksDB at /home/runner/work/ozone/ozone/hadoop-ozone/integration-test/target/test-dir/MiniOzoneClusterImpl-23364813-765e-4689-b759-17f9bf3914d5/omNode-3/db.snapshots/om.db-1f84bef0-148b-4dcc-b81e-1265ab2d4103 in 36 milliseconds
2023-02-22 04:45:15,060 [OMDoubleBufferFlushThread] INFO  db.RDBCheckpointManager (RDBCheckpointManager.java:waitForCheckpointDirectoryExist(125)) - Waited for 0 milliseconds for checkpoint directory /home/runner/work/ozone/ozone/hadoop-ozone/integration-test/target/test-dir/MiniOzoneClusterImpl-23364813-765e-4689-b759-17f9bf3914d5/omNode-3/db.snapshots/om.db-1f84bef0-148b-4dcc-b81e-1265ab2d4103 availability.
2023-02-22 04:45:15,060 [OMDoubleBufferFlushThread] INFO  om.OmSnapshotManager (OmSnapshotManager.java:createOmSnapshotCheckpoint(163)) - Created checkpoint : /home/runner/work/ozone/ozone/hadoop-ozone/integration-test/target/test-dir/MiniOzoneClusterImpl-23364813-765e-4689-b759-17f9bf3914d5/omNode-3/db.snapshots/om.db-1f84bef0-148b-4dcc-b81e-1265ab2d4103 for snapshot bbcf2dfa-a102-4b78-a1d4-81337dc869d7
2023-02-22 04:45:16,030 [IPC Server handler 13 on default port 36219] WARN  server.ServerUtils (ServerUtils.java:getDBPath(225)) - ozone.om.db.dirs is not configured. We recommend adding this setting. Falling back to ozone.metadata.dirs instead.
2023-02-22 04:45:16,031 [IPC Server handler 13 on default port 36219] INFO  codec.OmKeyInfoCodec (OmKeyInfoCodec.java:<init>(49)) - OmKeyInfoCodec ignorePipeline = true
2023-02-22 04:45:16,032 [IPC Server handler 13 on default port 36219] INFO  codec.RepeatedOmKeyInfoCodec (RepeatedOmKeyInfoCodec.java:<init>(41)) - RepeatedOmKeyInfoCodec ignorePipeline = true
2023-02-22 04:45:16,098 [OM StateMachine ApplyTransaction Thread - 0] INFO  snapshot.OMSnapshotCreateRequest (OMSnapshotCreateRequest.java:validateAndUpdateCache(180)) - Created snapshot '969941a6-d927-4afb-a696-9d2ba1f458a6' under path 'vol-a-75626/buc-b-50422'
2023-02-22 04:45:16,101 [OM StateMachine ApplyTransaction Thread - 0] INFO  snapshot.OMSnapshotCreateRequest (OMSnapshotCreateRequest.java:validateAndUpdateCache(180)) - Created snapshot '969941a6-d927-4afb-a696-9d2ba1f458a6' under path 'vol-a-75626/buc-b-50422'
2023-02-22 04:45:16,101 [OM StateMachine ApplyTransaction Thread - 0] INFO  snapshot.OMSnapshotCreateRequest (OMSnapshotCreateRequest.java:validateAndUpdateCache(180)) - Created snapshot '969941a6-d927-4afb-a696-9d2ba1f458a6' under path 'vol-a-75626/buc-b-50422'
2023-02-22 04:45:16,111 [OMDoubleBufferFlushThread] INFO  db.RDBCheckpointManager (RDBCheckpointManager.java:createCheckpoint(96)) - Created checkpoint in rocksDB at /home/runner/work/ozone/ozone/hadoop-ozone/integration-test/target/test-dir/MiniOzoneClusterImpl-23364813-765e-4689-b759-17f9bf3914d5/omNode-1/db.snapshots/om.db-70225c78-efff-4681-abf3-e8f61ebeb5ce in 12 milliseconds
2023-02-22 04:45:16,115 [OMDoubleBufferFlushThread] INFO  db.RDBCheckpointManager (RDBCheckpointManager.java:waitForCheckpointDirectoryExist(125)) - Waited for 4 milliseconds for checkpoint directory /home/runner/work/ozone/ozone/hadoop-ozone/integration-test/target/test-dir/MiniOzoneClusterImpl-23364813-765e-4689-b759-17f9bf3914d5/omNode-1/db.snapshots/om.db-70225c78-efff-4681-abf3-e8f61ebeb5ce availability.
2023-02-22 04:45:16,115 [OMDoubleBufferFlushThread] INFO  om.OmSnapshotManager (OmSnapshotManager.java:createOmSnapshotCheckpoint(163)) - Created checkpoint : /home/runner/work/ozone/ozone/hadoop-ozone/integration-test/target/test-dir/MiniOzoneClusterImpl-23364813-765e-4689-b759-17f9bf3914d5/omNode-1/db.snapshots/om.db-70225c78-efff-4681-abf3-e8f61ebeb5ce for snapshot 969941a6-d927-4afb-a696-9d2ba1f458a6
2023-02-22 04:45:16,118 [OMDoubleBufferFlushThread] INFO  db.RDBCheckpointManager (RDBCheckpointManager.java:createCheckpoint(96)) - Created checkpoint in rocksDB at /home/runner/work/ozone/ozone/hadoop-ozone/integration-test/target/test-dir/MiniOzoneClusterImpl-23364813-765e-4689-b759-17f9bf3914d5/omNode-2/db.snapshots/om.db-70225c78-efff-4681-abf3-e8f61ebeb5ce in 16 milliseconds
2023-02-22 04:45:16,118 [OMDoubleBufferFlushThread] INFO  db.RDBCheckpointManager (RDBCheckpointManager.java:createCheckpoint(96)) - Created checkpoint in rocksDB at /home/runner/work/ozone/ozone/hadoop-ozone/integration-test/target/test-dir/MiniOzoneClusterImpl-23364813-765e-4689-b759-17f9bf3914d5/omNode-3/db.snapshots/om.db-70225c78-efff-4681-abf3-e8f61ebeb5ce in 16 milliseconds
2023-02-22 04:45:16,132 [OMDoubleBufferFlushThread] INFO  db.RDBCheckpointManager (RDBCheckpointManager.java:waitForCheckpointDirectoryExist(125)) - Waited for 14 milliseconds for checkpoint directory /home/runner/work/ozone/ozone/hadoop-ozone/integration-test/target/test-dir/MiniOzoneClusterImpl-23364813-765e-4689-b759-17f9bf3914d5/omNode-3/db.snapshots/om.db-70225c78-efff-4681-abf3-e8f61ebeb5ce availability.
2023-02-22 04:45:16,132 [OMDoubleBufferFlushThread] INFO  om.OmSnapshotManager (OmSnapshotManager.java:createOmSnapshotCheckpoint(163)) - Created checkpoint : /home/runner/work/ozone/ozone/hadoop-ozone/integration-test/target/test-dir/MiniOzoneClusterImpl-23364813-765e-4689-b759-17f9bf3914d5/omNode-3/db.snapshots/om.db-70225c78-efff-4681-abf3-e8f61ebeb5ce for snapshot 969941a6-d927-4afb-a696-9d2ba1f458a6
2023-02-22 04:45:16,133 [OMDoubleBufferFlushThread] INFO  db.RDBCheckpointManager (RDBCheckpointManager.java:waitForCheckpointDirectoryExist(125)) - Waited for 15 milliseconds for checkpoint directory /home/runner/work/ozone/ozone/hadoop-ozone/integration-test/target/test-dir/MiniOzoneClusterImpl-23364813-765e-4689-b759-17f9bf3914d5/omNode-2/db.snapshots/om.db-70225c78-efff-4681-abf3-e8f61ebeb5ce availability.
2023-02-22 04:45:16,133 [OMDoubleBufferFlushThread] INFO  om.OmSnapshotManager (OmSnapshotManager.java:createOmSnapshotCheckpoint(163)) - Created checkpoint : /home/runner/work/ozone/ozone/hadoop-ozone/integration-test/target/test-dir/MiniOzoneClusterImpl-23364813-765e-4689-b759-17f9bf3914d5/omNode-2/db.snapshots/om.db-70225c78-efff-4681-abf3-e8f61ebeb5ce for snapshot 969941a6-d927-4afb-a696-9d2ba1f458a6
2023-02-22 04:45:17,218 [IPC Server handler 17 on default port 36219] WARN  server.ServerUtils (ServerUtils.java:getDBPath(225)) - ozone.om.db.dirs is not configured. We recommend adding this setting. Falling back to ozone.metadata.dirs instead.
2023-02-22 04:45:17,219 [IPC Server handler 17 on default port 36219] INFO  codec.OmKeyInfoCodec (OmKeyInfoCodec.java:<init>(49)) - OmKeyInfoCodec ignorePipeline = true
2023-02-22 04:45:17,219 [IPC Server handler 17 on default port 36219] INFO  codec.RepeatedOmKeyInfoCodec (RepeatedOmKeyInfoCodec.java:<init>(41)) - RepeatedOmKeyInfoCodec ignorePipeline = true
2023-02-22 04:45:17,263 [OM StateMachine ApplyTransaction Thread - 0] INFO  snapshot.OMSnapshotCreateRequest (OMSnapshotCreateRequest.java:validateAndUpdateCache(180)) - Created snapshot '311e9e6a-ba7d-4502-a9a2-d4286ae2aee1' under path 'vol-b-25753/buc-a-36554'
2023-02-22 04:45:17,265 [OM StateMachine ApplyTransaction Thread - 0] INFO  snapshot.OMSnapshotCreateRequest (OMSnapshotCreateRequest.java:validateAndUpdateCache(180)) - Created snapshot '311e9e6a-ba7d-4502-a9a2-d4286ae2aee1' under path 'vol-b-25753/buc-a-36554'
2023-02-22 04:45:17,266 [OM StateMachine ApplyTransaction Thread - 0] INFO  snapshot.OMSnapshotCreateRequest (OMSnapshotCreateRequest.java:validateAndUpdateCache(180)) - Created snapshot '311e9e6a-ba7d-4502-a9a2-d4286ae2aee1' under path 'vol-b-25753/buc-a-36554'
2023-02-22 04:45:17,286 [OMDoubleBufferFlushThread] INFO  db.RDBCheckpointManager (RDBCheckpointManager.java:createCheckpoint(96)) - Created checkpoint in rocksDB at /home/runner/work/ozone/ozone/hadoop-ozone/integration-test/target/test-dir/MiniOzoneClusterImpl-23364813-765e-4689-b759-17f9bf3914d5/omNode-1/db.snapshots/om.db-a56db56a-e498-4e9e-8c92-9d4d0768ecb3 in 21 milliseconds
2023-02-22 04:45:17,286 [OMDoubleBufferFlushThread] INFO  db.RDBCheckpointManager (RDBCheckpointManager.java:waitForCheckpointDirectoryExist(125)) - Waited for 0 milliseconds for checkpoint directory /home/runner/work/ozone/ozone/hadoop-ozone/integration-test/target/test-dir/MiniOzoneClusterImpl-23364813-765e-4689-b759-17f9bf3914d5/omNode-1/db.snapshots/om.db-a56db56a-e498-4e9e-8c92-9d4d0768ecb3 availability.
2023-02-22 04:45:17,286 [OMDoubleBufferFlushThread] INFO  om.OmSnapshotManager (OmSnapshotManager.java:createOmSnapshotCheckpoint(163)) - Created checkpoint : /home/runner/work/ozone/ozone/hadoop-ozone/integration-test/target/test-dir/MiniOzoneClusterImpl-23364813-765e-4689-b759-17f9bf3914d5/omNode-1/db.snapshots/om.db-a56db56a-e498-4e9e-8c92-9d4d0768ecb3 for snapshot 311e9e6a-ba7d-4502-a9a2-d4286ae2aee1
2023-02-22 04:45:17,288 [OMDoubleBufferFlushThread] INFO  db.RDBCheckpointManager (RDBCheckpointManager.java:createCheckpoint(96)) - Created checkpoint in rocksDB at /home/runner/work/ozone/ozone/hadoop-ozone/integration-test/target/test-dir/MiniOzoneClusterImpl-23364813-765e-4689-b759-17f9bf3914d5/omNode-2/db.snapshots/om.db-a56db56a-e498-4e9e-8c92-9d4d0768ecb3 in 21 milliseconds
2023-02-22 04:45:17,289 [OMDoubleBufferFlushThread] INFO  db.RDBCheckpointManager (RDBCheckpointManager.java:createCheckpoint(96)) - Created checkpoint in rocksDB at /home/runner/work/ozone/ozone/hadoop-ozone/integration-test/target/test-dir/MiniOzoneClusterImpl-23364813-765e-4689-b759-17f9bf3914d5/omNode-3/db.snapshots/om.db-a56db56a-e498-4e9e-8c92-9d4d0768ecb3 in 23 milliseconds
2023-02-22 04:45:17,289 [OMDoubleBufferFlushThread] INFO  db.RDBCheckpointManager (RDBCheckpointManager.java:waitForCheckpointDirectoryExist(125)) - Waited for 0 milliseconds for checkpoint directory /home/runner/work/ozone/ozone/hadoop-ozone/integration-test/target/test-dir/MiniOzoneClusterImpl-23364813-765e-4689-b759-17f9bf3914d5/omNode-2/db.snapshots/om.db-a56db56a-e498-4e9e-8c92-9d4d0768ecb3 availability.
2023-02-22 04:45:17,289 [OMDoubleBufferFlushThread] INFO  om.OmSnapshotManager (OmSnapshotManager.java:createOmSnapshotCheckpoint(163)) - Created checkpoint : /home/runner/work/ozone/ozone/hadoop-ozone/integration-test/target/test-dir/MiniOzoneClusterImpl-23364813-765e-4689-b759-17f9bf3914d5/omNode-2/db.snapshots/om.db-a56db56a-e498-4e9e-8c92-9d4d0768ecb3 for snapshot 311e9e6a-ba7d-4502-a9a2-d4286ae2aee1
2023-02-22 04:45:17,290 [OMDoubleBufferFlushThread] INFO  db.RDBCheckpointManager (RDBCheckpointManager.java:waitForCheckpointDirectoryExist(125)) - Waited for 1 milliseconds for checkpoint directory /home/runner/work/ozone/ozone/hadoop-ozone/integration-test/target/test-dir/MiniOzoneClusterImpl-23364813-765e-4689-b759-17f9bf3914d5/omNode-3/db.snapshots/om.db-a56db56a-e498-4e9e-8c92-9d4d0768ecb3 availability.
2023-02-22 04:45:17,290 [OMDoubleBufferFlushThread] INFO  om.OmSnapshotManager (OmSnapshotManager.java:createOmSnapshotCheckpoint(163)) - Created checkpoint : /home/runner/work/ozone/ozone/hadoop-ozone/integration-test/target/test-dir/MiniOzoneClusterImpl-23364813-765e-4689-b759-17f9bf3914d5/omNode-3/db.snapshots/om.db-a56db56a-e498-4e9e-8c92-9d4d0768ecb3 for snapshot 311e9e6a-ba7d-4502-a9a2-d4286ae2aee1
2023-02-22 04:45:18,369 [IPC Server handler 18 on default port 36219] WARN  server.ServerUtils (ServerUtils.java:getDBPath(225)) - ozone.om.db.dirs is not configured. We recommend adding this setting. Falling back to ozone.metadata.dirs instead.
2023-02-22 04:45:18,369 [IPC Server handler 18 on default port 36219] INFO  codec.OmKeyInfoCodec (OmKeyInfoCodec.java:<init>(49)) - OmKeyInfoCodec ignorePipeline = true
2023-02-22 04:45:18,369 [IPC Server handler 18 on default port 36219] INFO  codec.RepeatedOmKeyInfoCodec (RepeatedOmKeyInfoCodec.java:<init>(41)) - RepeatedOmKeyInfoCodec ignorePipeline = true
2023-02-22 04:45:18,434 [OM StateMachine ApplyTransaction Thread - 0] INFO  snapshot.OMSnapshotCreateRequest (OMSnapshotCreateRequest.java:validateAndUpdateCache(180)) - Created snapshot 'cc8c86ef-d473-4370-9d9d-2b80d9d60a90' under path 'vol-b-25753/buc-b-50422'
2023-02-22 04:45:18,435 [OM StateMachine ApplyTransaction Thread - 0] INFO  snapshot.OMSnapshotCreateRequest (OMSnapshotCreateRequest.java:validateAndUpdateCache(180)) - Created snapshot 'cc8c86ef-d473-4370-9d9d-2b80d9d60a90' under path 'vol-b-25753/buc-b-50422'
2023-02-22 04:45:18,436 [OM StateMachine ApplyTransaction Thread - 0] INFO  snapshot.OMSnapshotCreateRequest (OMSnapshotCreateRequest.java:validateAndUpdateCache(180)) - Created snapshot 'cc8c86ef-d473-4370-9d9d-2b80d9d60a90' under path 'vol-b-25753/buc-b-50422'
2023-02-22 04:45:18,459 [OMDoubleBufferFlushThread] INFO  db.RDBCheckpointManager (RDBCheckpointManager.java:createCheckpoint(96)) - Created checkpoint in rocksDB at /home/runner/work/ozone/ozone/hadoop-ozone/integration-test/target/test-dir/MiniOzoneClusterImpl-23364813-765e-4689-b759-17f9bf3914d5/omNode-1/db.snapshots/om.db-6824111d-20ac-4143-8ce5-ae6ab8127ac7 in 25 milliseconds
2023-02-22 04:45:18,460 [OMDoubleBufferFlushThread] INFO  db.RDBCheckpointManager (RDBCheckpointManager.java:waitForCheckpointDirectoryExist(125)) - Waited for 1 milliseconds for checkpoint directory /home/runner/work/ozone/ozone/hadoop-ozone/integration-test/target/test-dir/MiniOzoneClusterImpl-23364813-765e-4689-b759-17f9bf3914d5/omNode-1/db.snapshots/om.db-6824111d-20ac-4143-8ce5-ae6ab8127ac7 availability.
2023-02-22 04:45:18,460 [OMDoubleBufferFlushThread] INFO  om.OmSnapshotManager (OmSnapshotManager.java:createOmSnapshotCheckpoint(163)) - Created checkpoint : /home/runner/work/ozone/ozone/hadoop-ozone/integration-test/target/test-dir/MiniOzoneClusterImpl-23364813-765e-4689-b759-17f9bf3914d5/omNode-1/db.snapshots/om.db-6824111d-20ac-4143-8ce5-ae6ab8127ac7 for snapshot cc8c86ef-d473-4370-9d9d-2b80d9d60a90
2023-02-22 04:45:18,463 [OMDoubleBufferFlushThread] INFO  db.RDBCheckpointManager (RDBCheckpointManager.java:createCheckpoint(96)) - Created checkpoint in rocksDB at /home/runner/work/ozone/ozone/hadoop-ozone/integration-test/target/test-dir/MiniOzoneClusterImpl-23364813-765e-4689-b759-17f9bf3914d5/omNode-2/db.snapshots/om.db-6824111d-20ac-4143-8ce5-ae6ab8127ac7 in 26 milliseconds
2023-02-22 04:45:18,464 [OMDoubleBufferFlushThread] INFO  db.RDBCheckpointManager (RDBCheckpointManager.java:waitForCheckpointDirectoryExist(125)) - Waited for 0 milliseconds for checkpoint directory /home/runner/work/ozone/ozone/hadoop-ozone/integration-test/target/test-dir/MiniOzoneClusterImpl-23364813-765e-4689-b759-17f9bf3914d5/omNode-2/db.snapshots/om.db-6824111d-20ac-4143-8ce5-ae6ab8127ac7 availability.
2023-02-22 04:45:18,464 [OMDoubleBufferFlushThread] INFO  om.OmSnapshotManager (OmSnapshotManager.java:createOmSnapshotCheckpoint(163)) - Created checkpoint : /home/runner/work/ozone/ozone/hadoop-ozone/integration-test/target/test-dir/MiniOzoneClusterImpl-23364813-765e-4689-b759-17f9bf3914d5/omNode-2/db.snapshots/om.db-6824111d-20ac-4143-8ce5-ae6ab8127ac7 for snapshot cc8c86ef-d473-4370-9d9d-2b80d9d60a90
2023-02-22 04:45:18,467 [OMDoubleBufferFlushThread] INFO  db.RDBCheckpointManager (RDBCheckpointManager.java:createCheckpoint(96)) - Created checkpoint in rocksDB at /home/runner/work/ozone/ozone/hadoop-ozone/integration-test/target/test-dir/MiniOzoneClusterImpl-23364813-765e-4689-b759-17f9bf3914d5/omNode-3/db.snapshots/om.db-6824111d-20ac-4143-8ce5-ae6ab8127ac7 in 30 milliseconds
2023-02-22 04:45:18,467 [OMDoubleBufferFlushThread] INFO  db.RDBCheckpointManager (RDBCheckpointManager.java:waitForCheckpointDirectoryExist(125)) - Waited for 0 milliseconds for checkpoint directory /home/runner/work/ozone/ozone/hadoop-ozone/integration-test/target/test-dir/MiniOzoneClusterImpl-23364813-765e-4689-b759-17f9bf3914d5/omNode-3/db.snapshots/om.db-6824111d-20ac-4143-8ce5-ae6ab8127ac7 availability.
2023-02-22 04:45:18,467 [OMDoubleBufferFlushThread] INFO  om.OmSnapshotManager (OmSnapshotManager.java:createOmSnapshotCheckpoint(163)) - Created checkpoint : /home/runner/work/ozone/ozone/hadoop-ozone/integration-test/target/test-dir/MiniOzoneClusterImpl-23364813-765e-4689-b759-17f9bf3914d5/omNode-3/db.snapshots/om.db-6824111d-20ac-4143-8ce5-ae6ab8127ac7 for snapshot cc8c86ef-d473-4370-9d9d-2b80d9d60a90
2023-02-22 04:45:19,512 [IPC Server handler 2 on default port 36219] WARN  server.ServerUtils (ServerUtils.java:getDBPath(225)) - ozone.om.db.dirs is not configured. We recommend adding this setting. Falling back to ozone.metadata.dirs instead.
2023-02-22 04:45:19,512 [IPC Server handler 2 on default port 36219] INFO  codec.OmKeyInfoCodec (OmKeyInfoCodec.java:<init>(49)) - OmKeyInfoCodec ignorePipeline = true
2023-02-22 04:45:19,512 [IPC Server handler 2 on default port 36219] INFO  codec.RepeatedOmKeyInfoCodec (RepeatedOmKeyInfoCodec.java:<init>(41)) - RepeatedOmKeyInfoCodec ignorePipeline = true
2023-02-22 04:45:19,558 [OM StateMachine ApplyTransaction Thread - 0] INFO  snapshot.OMSnapshotCreateRequest (OMSnapshotCreateRequest.java:validateAndUpdateCache(180)) - Created snapshot 'f5c970f5-5cbb-40b2-af61-7f7610ca1dbd' under path 'vol-a-75626/buc-a-36554'
2023-02-22 04:45:19,560 [OM StateMachine ApplyTransaction Thread - 0] INFO  snapshot.OMSnapshotCreateRequest (OMSnapshotCreateRequest.java:validateAndUpdateCache(180)) - Created snapshot 'f5c970f5-5cbb-40b2-af61-7f7610ca1dbd' under path 'vol-a-75626/buc-a-36554'
2023-02-22 04:45:19,560 [OM StateMachine ApplyTransaction Thread - 0] INFO  snapshot.OMSnapshotCreateRequest (OMSnapshotCreateRequest.java:validateAndUpdateCache(180)) - Created snapshot 'f5c970f5-5cbb-40b2-af61-7f7610ca1dbd' under path 'vol-a-75626/buc-a-36554'
2023-02-22 04:45:19,582 [OMDoubleBufferFlushThread] INFO  db.RDBCheckpointManager (RDBCheckpointManager.java:createCheckpoint(96)) - Created checkpoint in rocksDB at /home/runner/work/ozone/ozone/hadoop-ozone/integration-test/target/test-dir/MiniOzoneClusterImpl-23364813-765e-4689-b759-17f9bf3914d5/omNode-1/db.snapshots/om.db-4ce239e4-ffaa-4da5-aef7-c21b9860e6c4 in 21 milliseconds
2023-02-22 04:45:19,582 [OMDoubleBufferFlushThread] INFO  db.RDBCheckpointManager (RDBCheckpointManager.java:waitForCheckpointDirectoryExist(125)) - Waited for 0 milliseconds for checkpoint directory /home/runner/work/ozone/ozone/hadoop-ozone/integration-test/target/test-dir/MiniOzoneClusterImpl-23364813-765e-4689-b759-17f9bf3914d5/omNode-1/db.snapshots/om.db-4ce239e4-ffaa-4da5-aef7-c21b9860e6c4 availability.
2023-02-22 04:45:19,582 [OMDoubleBufferFlushThread] INFO  om.OmSnapshotManager (OmSnapshotManager.java:createOmSnapshotCheckpoint(163)) - Created checkpoint : /home/runner/work/ozone/ozone/hadoop-ozone/integration-test/target/test-dir/MiniOzoneClusterImpl-23364813-765e-4689-b759-17f9bf3914d5/omNode-1/db.snapshots/om.db-4ce239e4-ffaa-4da5-aef7-c21b9860e6c4 for snapshot f5c970f5-5cbb-40b2-af61-7f7610ca1dbd
2023-02-22 04:45:19,587 [OMDoubleBufferFlushThread] INFO  db.RDBCheckpointManager (RDBCheckpointManager.java:createCheckpoint(96)) - Created checkpoint in rocksDB at /home/runner/work/ozone/ozone/hadoop-ozone/integration-test/target/test-dir/MiniOzoneClusterImpl-23364813-765e-4689-b759-17f9bf3914d5/omNode-2/db.snapshots/om.db-4ce239e4-ffaa-4da5-aef7-c21b9860e6c4 in 26 milliseconds
2023-02-22 04:45:19,589 [OMDoubleBufferFlushThread] INFO  db.RDBCheckpointManager (RDBCheckpointManager.java:createCheckpoint(96)) - Created checkpoint in rocksDB at /home/runner/work/ozone/ozone/hadoop-ozone/integration-test/target/test-dir/MiniOzoneClusterImpl-23364813-765e-4689-b759-17f9bf3914d5/omNode-3/db.snapshots/om.db-4ce239e4-ffaa-4da5-aef7-c21b9860e6c4 in 28 milliseconds
2023-02-22 04:45:19,593 [OMDoubleBufferFlushThread] INFO  db.RDBCheckpointManager (RDBCheckpointManager.java:waitForCheckpointDirectoryExist(125)) - Waited for 6 milliseconds for checkpoint directory /home/runner/work/ozone/ozone/hadoop-ozone/integration-test/target/test-dir/MiniOzoneClusterImpl-23364813-765e-4689-b759-17f9bf3914d5/omNode-2/db.snapshots/om.db-4ce239e4-ffaa-4da5-aef7-c21b9860e6c4 availability.
2023-02-22 04:45:19,593 [OMDoubleBufferFlushThread] INFO  om.OmSnapshotManager (OmSnapshotManager.java:createOmSnapshotCheckpoint(163)) - Created checkpoint : /home/runner/work/ozone/ozone/hadoop-ozone/integration-test/target/test-dir/MiniOzoneClusterImpl-23364813-765e-4689-b759-17f9bf3914d5/omNode-2/db.snapshots/om.db-4ce239e4-ffaa-4da5-aef7-c21b9860e6c4 for snapshot f5c970f5-5cbb-40b2-af61-7f7610ca1dbd
2023-02-22 04:45:19,594 [OMDoubleBufferFlushThread] INFO  db.RDBCheckpointManager (RDBCheckpointManager.java:waitForCheckpointDirectoryExist(125)) - Waited for 4 milliseconds for checkpoint directory /home/runner/work/ozone/ozone/hadoop-ozone/integration-test/target/test-dir/MiniOzoneClusterImpl-23364813-765e-4689-b759-17f9bf3914d5/omNode-3/db.snapshots/om.db-4ce239e4-ffaa-4da5-aef7-c21b9860e6c4 availability.
2023-02-22 04:45:19,594 [OMDoubleBufferFlushThread] INFO  om.OmSnapshotManager (OmSnapshotManager.java:createOmSnapshotCheckpoint(163)) - Created checkpoint : /home/runner/work/ozone/ozone/hadoop-ozone/integration-test/target/test-dir/MiniOzoneClusterImpl-23364813-765e-4689-b759-17f9bf3914d5/omNode-3/db.snapshots/om.db-4ce239e4-ffaa-4da5-aef7-c21b9860e6c4 for snapshot f5c970f5-5cbb-40b2-af61-7f7610ca1dbd
2023-02-22 04:45:20,666 [IPC Server handler 6 on default port 36219] WARN  server.ServerUtils (ServerUtils.java:getDBPath(225)) - ozone.om.db.dirs is not configured. We recommend adding this setting. Falling back to ozone.metadata.dirs instead.
2023-02-22 04:45:20,666 [IPC Server handler 6 on default port 36219] INFO  codec.OmKeyInfoCodec (OmKeyInfoCodec.java:<init>(49)) - OmKeyInfoCodec ignorePipeline = true
2023-02-22 04:45:20,667 [IPC Server handler 6 on default port 36219] INFO  codec.RepeatedOmKeyInfoCodec (RepeatedOmKeyInfoCodec.java:<init>(41)) - RepeatedOmKeyInfoCodec ignorePipeline = true
]]></system-out>
  </testcase>
  <testcase name="testListKey" classname="TestOmSnapshot" time="15.117">
    <system-out><![CDATA[2023-02-22 04:46:05,191 [Time-limited test] INFO  rpc.RpcClient (RpcClient.java:createVolume(476)) - Creating Volume: vol-a-23835, with runner as owner and space quota set to -1 bytes, counts quota set to -1
2023-02-22 04:46:05,196 [OM StateMachine ApplyTransaction Thread - 0] INFO  volume.OMVolumeCreateRequest (OMVolumeCreateRequest.java:validateAndUpdateCache(195)) - created volume:vol-a-23835 for user:runner
2023-02-22 04:46:05,200 [OM StateMachine ApplyTransaction Thread - 0] INFO  volume.OMVolumeCreateRequest (OMVolumeCreateRequest.java:validateAndUpdateCache(195)) - created volume:vol-a-23835 for user:runner
2023-02-22 04:46:05,200 [OM StateMachine ApplyTransaction Thread - 0] INFO  volume.OMVolumeCreateRequest (OMVolumeCreateRequest.java:validateAndUpdateCache(195)) - created volume:vol-a-23835 for user:runner
2023-02-22 04:46:05,202 [Time-limited test] INFO  rpc.RpcClient (RpcClient.java:createVolume(476)) - Creating Volume: vol-b-59980, with runner as owner and space quota set to -1 bytes, counts quota set to -1
2023-02-22 04:46:05,204 [OM StateMachine ApplyTransaction Thread - 0] INFO  volume.OMVolumeCreateRequest (OMVolumeCreateRequest.java:validateAndUpdateCache(195)) - created volume:vol-b-59980 for user:runner
2023-02-22 04:46:05,206 [OM StateMachine ApplyTransaction Thread - 0] INFO  volume.OMVolumeCreateRequest (OMVolumeCreateRequest.java:validateAndUpdateCache(195)) - created volume:vol-b-59980 for user:runner
2023-02-22 04:46:05,206 [OM StateMachine ApplyTransaction Thread - 0] INFO  volume.OMVolumeCreateRequest (OMVolumeCreateRequest.java:validateAndUpdateCache(195)) - created volume:vol-b-59980 for user:runner
2023-02-22 04:46:05,208 [Time-limited test] INFO  rpc.RpcClient (RpcClient.java:createBucket(698)) - Creating Bucket: vol-a-23835/buc-a-49042, with server-side default bucket layout, runner as owner, Versioning false, Storage Type set to DISK and Encryption set to false, Replication Type set to server-side default replication type, Namespace Quota set to -1, Space Quota set to -1 
2023-02-22 04:46:05,212 [OM StateMachine ApplyTransaction Thread - 0] INFO  bucket.OMBucketCreateRequest (OMBucketCreateRequest.java:validateAndUpdateCache(263)) - created bucket: buc-a-49042 of layout FILE_SYSTEM_OPTIMIZED in volume: vol-a-23835
2023-02-22 04:46:05,213 [Time-limited test] INFO  rpc.RpcClient (RpcClient.java:createBucket(698)) - Creating Bucket: vol-a-23835/buc-b-87533, with server-side default bucket layout, runner as owner, Versioning false, Storage Type set to DISK and Encryption set to false, Replication Type set to server-side default replication type, Namespace Quota set to -1, Space Quota set to -1 
2023-02-22 04:46:05,213 [OM StateMachine ApplyTransaction Thread - 0] INFO  bucket.OMBucketCreateRequest (OMBucketCreateRequest.java:validateAndUpdateCache(263)) - created bucket: buc-a-49042 of layout FILE_SYSTEM_OPTIMIZED in volume: vol-a-23835
2023-02-22 04:46:05,214 [OM StateMachine ApplyTransaction Thread - 0] INFO  bucket.OMBucketCreateRequest (OMBucketCreateRequest.java:validateAndUpdateCache(263)) - created bucket: buc-a-49042 of layout FILE_SYSTEM_OPTIMIZED in volume: vol-a-23835
2023-02-22 04:46:05,216 [OM StateMachine ApplyTransaction Thread - 0] INFO  bucket.OMBucketCreateRequest (OMBucketCreateRequest.java:validateAndUpdateCache(263)) - created bucket: buc-b-87533 of layout FILE_SYSTEM_OPTIMIZED in volume: vol-a-23835
2023-02-22 04:46:05,217 [Time-limited test] INFO  rpc.RpcClient (RpcClient.java:createBucket(698)) - Creating Bucket: vol-b-59980/buc-a-49042, with server-side default bucket layout, runner as owner, Versioning false, Storage Type set to DISK and Encryption set to false, Replication Type set to server-side default replication type, Namespace Quota set to -1, Space Quota set to -1 
2023-02-22 04:46:05,217 [OM StateMachine ApplyTransaction Thread - 0] INFO  bucket.OMBucketCreateRequest (OMBucketCreateRequest.java:validateAndUpdateCache(263)) - created bucket: buc-b-87533 of layout FILE_SYSTEM_OPTIMIZED in volume: vol-a-23835
2023-02-22 04:46:05,218 [OM StateMachine ApplyTransaction Thread - 0] INFO  bucket.OMBucketCreateRequest (OMBucketCreateRequest.java:validateAndUpdateCache(263)) - created bucket: buc-b-87533 of layout FILE_SYSTEM_OPTIMIZED in volume: vol-a-23835
2023-02-22 04:46:05,219 [OM StateMachine ApplyTransaction Thread - 0] INFO  bucket.OMBucketCreateRequest (OMBucketCreateRequest.java:validateAndUpdateCache(263)) - created bucket: buc-a-49042 of layout FILE_SYSTEM_OPTIMIZED in volume: vol-b-59980
2023-02-22 04:46:05,220 [Time-limited test] INFO  rpc.RpcClient (RpcClient.java:createBucket(698)) - Creating Bucket: vol-b-59980/buc-b-87533, with server-side default bucket layout, runner as owner, Versioning false, Storage Type set to DISK and Encryption set to false, Replication Type set to server-side default replication type, Namespace Quota set to -1, Space Quota set to -1 
2023-02-22 04:46:05,221 [OM StateMachine ApplyTransaction Thread - 0] INFO  bucket.OMBucketCreateRequest (OMBucketCreateRequest.java:validateAndUpdateCache(263)) - created bucket: buc-a-49042 of layout FILE_SYSTEM_OPTIMIZED in volume: vol-b-59980
2023-02-22 04:46:05,221 [OM StateMachine ApplyTransaction Thread - 0] INFO  bucket.OMBucketCreateRequest (OMBucketCreateRequest.java:validateAndUpdateCache(263)) - created bucket: buc-a-49042 of layout FILE_SYSTEM_OPTIMIZED in volume: vol-b-59980
2023-02-22 04:46:05,225 [OM StateMachine ApplyTransaction Thread - 0] INFO  bucket.OMBucketCreateRequest (OMBucketCreateRequest.java:validateAndUpdateCache(263)) - created bucket: buc-b-87533 of layout FILE_SYSTEM_OPTIMIZED in volume: vol-b-59980
2023-02-22 04:46:05,227 [OM StateMachine ApplyTransaction Thread - 0] INFO  bucket.OMBucketCreateRequest (OMBucketCreateRequest.java:validateAndUpdateCache(263)) - created bucket: buc-b-87533 of layout FILE_SYSTEM_OPTIMIZED in volume: vol-b-59980
2023-02-22 04:46:05,227 [OM StateMachine ApplyTransaction Thread - 0] INFO  bucket.OMBucketCreateRequest (OMBucketCreateRequest.java:validateAndUpdateCache(263)) - created bucket: buc-b-87533 of layout FILE_SYSTEM_OPTIMIZED in volume: vol-b-59980
2023-02-22 04:46:05,665 [EndpointStateMachine task thread for /0.0.0.0:33645 - 0 ] INFO  ipc.Client (Client.java:handleConnectionFailure(1010)) - Retrying connect to server: 0.0.0.0/0.0.0.0:33645. Already tried 11 time(s); retry policy is RetryUpToMaximumCountWithFixedSleep(maxRetries=15, sleepTime=1000 MILLISECONDS)
2023-02-22 04:46:06,665 [EndpointStateMachine task thread for /0.0.0.0:33645 - 0 ] INFO  ipc.Client (Client.java:handleConnectionFailure(1010)) - Retrying connect to server: 0.0.0.0/0.0.0.0:33645. Already tried 12 time(s); retry policy is RetryUpToMaximumCountWithFixedSleep(maxRetries=15, sleepTime=1000 MILLISECONDS)
2023-02-22 04:46:07,666 [EndpointStateMachine task thread for /0.0.0.0:33645 - 0 ] INFO  ipc.Client (Client.java:handleConnectionFailure(1010)) - Retrying connect to server: 0.0.0.0/0.0.0.0:33645. Already tried 13 time(s); retry policy is RetryUpToMaximumCountWithFixedSleep(maxRetries=15, sleepTime=1000 MILLISECONDS)
2023-02-22 04:46:08,667 [EndpointStateMachine task thread for /0.0.0.0:33645 - 0 ] INFO  ipc.Client (Client.java:handleConnectionFailure(1010)) - Retrying connect to server: 0.0.0.0/0.0.0.0:33645. Already tried 14 time(s); retry policy is RetryUpToMaximumCountWithFixedSleep(maxRetries=15, sleepTime=1000 MILLISECONDS)
2023-02-22 04:46:13,185 [Over Replicated Processor] INFO  replication.UnhealthyReplicationProcessor (UnhealthyReplicationProcessor.java:processAll(112)) - Processed 0 containers with health state counts {},failed processing 0
2023-02-22 04:46:13,204 [Under Replicated Processor] INFO  replication.UnhealthyReplicationProcessor (UnhealthyReplicationProcessor.java:processAll(112)) - Processed 0 containers with health state counts {},failed processing 0
2023-02-22 04:46:14,679 [OM StateMachine ApplyTransaction Thread - 0] INFO  snapshot.OMSnapshotCreateRequest (OMSnapshotCreateRequest.java:validateAndUpdateCache(180)) - Created snapshot 'fc3d80a4-8b88-4a81-b71e-a88f55e598bb' under path 'vol-a-23835/buc-a-49042'
2023-02-22 04:46:14,680 [OM StateMachine ApplyTransaction Thread - 0] INFO  snapshot.OMSnapshotCreateRequest (OMSnapshotCreateRequest.java:validateAndUpdateCache(180)) - Created snapshot 'fc3d80a4-8b88-4a81-b71e-a88f55e598bb' under path 'vol-a-23835/buc-a-49042'
2023-02-22 04:46:14,680 [OM StateMachine ApplyTransaction Thread - 0] INFO  snapshot.OMSnapshotCreateRequest (OMSnapshotCreateRequest.java:validateAndUpdateCache(180)) - Created snapshot 'fc3d80a4-8b88-4a81-b71e-a88f55e598bb' under path 'vol-a-23835/buc-a-49042'
2023-02-22 04:46:14,710 [OMDoubleBufferFlushThread] INFO  db.RDBCheckpointManager (RDBCheckpointManager.java:createCheckpoint(96)) - Created checkpoint in rocksDB at /home/runner/work/ozone/ozone/hadoop-ozone/integration-test/target/test-dir/MiniOzoneClusterImpl-d1b59b44-2044-4343-9d69-28cc870eb01e/omNode-2/db.snapshots/om.db-95412590-cdee-42d5-9357-191cb949a08b in 28 milliseconds
2023-02-22 04:46:14,714 [OMDoubleBufferFlushThread] INFO  db.RDBCheckpointManager (RDBCheckpointManager.java:waitForCheckpointDirectoryExist(125)) - Waited for 4 milliseconds for checkpoint directory /home/runner/work/ozone/ozone/hadoop-ozone/integration-test/target/test-dir/MiniOzoneClusterImpl-d1b59b44-2044-4343-9d69-28cc870eb01e/omNode-2/db.snapshots/om.db-95412590-cdee-42d5-9357-191cb949a08b availability.
2023-02-22 04:46:14,715 [OMDoubleBufferFlushThread] INFO  om.OmSnapshotManager (OmSnapshotManager.java:createOmSnapshotCheckpoint(163)) - Created checkpoint : /home/runner/work/ozone/ozone/hadoop-ozone/integration-test/target/test-dir/MiniOzoneClusterImpl-d1b59b44-2044-4343-9d69-28cc870eb01e/omNode-2/db.snapshots/om.db-95412590-cdee-42d5-9357-191cb949a08b for snapshot fc3d80a4-8b88-4a81-b71e-a88f55e598bb
2023-02-22 04:46:14,717 [OMDoubleBufferFlushThread] INFO  db.RDBCheckpointManager (RDBCheckpointManager.java:createCheckpoint(96)) - Created checkpoint in rocksDB at /home/runner/work/ozone/ozone/hadoop-ozone/integration-test/target/test-dir/MiniOzoneClusterImpl-d1b59b44-2044-4343-9d69-28cc870eb01e/omNode-1/db.snapshots/om.db-95412590-cdee-42d5-9357-191cb949a08b in 36 milliseconds
2023-02-22 04:46:14,721 [OMDoubleBufferFlushThread] INFO  db.RDBCheckpointManager (RDBCheckpointManager.java:waitForCheckpointDirectoryExist(125)) - Waited for 4 milliseconds for checkpoint directory /home/runner/work/ozone/ozone/hadoop-ozone/integration-test/target/test-dir/MiniOzoneClusterImpl-d1b59b44-2044-4343-9d69-28cc870eb01e/omNode-1/db.snapshots/om.db-95412590-cdee-42d5-9357-191cb949a08b availability.
2023-02-22 04:46:14,722 [OMDoubleBufferFlushThread] INFO  om.OmSnapshotManager (OmSnapshotManager.java:createOmSnapshotCheckpoint(163)) - Created checkpoint : /home/runner/work/ozone/ozone/hadoop-ozone/integration-test/target/test-dir/MiniOzoneClusterImpl-d1b59b44-2044-4343-9d69-28cc870eb01e/omNode-1/db.snapshots/om.db-95412590-cdee-42d5-9357-191cb949a08b for snapshot fc3d80a4-8b88-4a81-b71e-a88f55e598bb
2023-02-22 04:46:14,726 [OMDoubleBufferFlushThread] INFO  db.RDBCheckpointManager (RDBCheckpointManager.java:createCheckpoint(96)) - Created checkpoint in rocksDB at /home/runner/work/ozone/ozone/hadoop-ozone/integration-test/target/test-dir/MiniOzoneClusterImpl-d1b59b44-2044-4343-9d69-28cc870eb01e/omNode-3/db.snapshots/om.db-95412590-cdee-42d5-9357-191cb949a08b in 44 milliseconds
2023-02-22 04:46:14,726 [OMDoubleBufferFlushThread] INFO  db.RDBCheckpointManager (RDBCheckpointManager.java:waitForCheckpointDirectoryExist(125)) - Waited for 0 milliseconds for checkpoint directory /home/runner/work/ozone/ozone/hadoop-ozone/integration-test/target/test-dir/MiniOzoneClusterImpl-d1b59b44-2044-4343-9d69-28cc870eb01e/omNode-3/db.snapshots/om.db-95412590-cdee-42d5-9357-191cb949a08b availability.
2023-02-22 04:46:14,726 [OMDoubleBufferFlushThread] INFO  om.OmSnapshotManager (OmSnapshotManager.java:createOmSnapshotCheckpoint(163)) - Created checkpoint : /home/runner/work/ozone/ozone/hadoop-ozone/integration-test/target/test-dir/MiniOzoneClusterImpl-d1b59b44-2044-4343-9d69-28cc870eb01e/omNode-3/db.snapshots/om.db-95412590-cdee-42d5-9357-191cb949a08b for snapshot fc3d80a4-8b88-4a81-b71e-a88f55e598bb
2023-02-22 04:46:15,684 [IPC Server handler 16 on default port 40949] WARN  server.ServerUtils (ServerUtils.java:getDBPath(225)) - ozone.om.db.dirs is not configured. We recommend adding this setting. Falling back to ozone.metadata.dirs instead.
2023-02-22 04:46:15,684 [IPC Server handler 16 on default port 40949] INFO  codec.OmKeyInfoCodec (OmKeyInfoCodec.java:<init>(49)) - OmKeyInfoCodec ignorePipeline = true
2023-02-22 04:46:15,685 [IPC Server handler 16 on default port 40949] INFO  codec.RepeatedOmKeyInfoCodec (RepeatedOmKeyInfoCodec.java:<init>(41)) - RepeatedOmKeyInfoCodec ignorePipeline = true
04:46:15.738 [IPC Server handler 14 on default port 40949] ERROR OMAudit - user=runner | ip=127.0.0.1 | op=GET_FILE_STATUS {volume=vol-a-23835, bucket=buc-a-49042, key=key-, dataSize=0, replicationConfig=null} | ret=FAILURE
org.apache.hadoop.ozone.om.exceptions.OMException: Unable to get file status: volume: vol-a-23835 bucket: buc-a-49042 key: key-
	at org.apache.hadoop.ozone.om.KeyManagerImpl.getOzoneFileStatusFSO(KeyManagerImpl.java:1259) ~[ozone-manager-1.4.0-SNAPSHOT.jar:?]
	at org.apache.hadoop.ozone.om.KeyManagerImpl.getFileStatus(KeyManagerImpl.java:1078) ~[ozone-manager-1.4.0-SNAPSHOT.jar:?]
	at org.apache.hadoop.ozone.om.OmMetadataReader.getFileStatus(OmMetadataReader.java:288) ~[ozone-manager-1.4.0-SNAPSHOT.jar:?]
	at org.apache.hadoop.ozone.om.OmSnapshot.getFileStatus(OmSnapshot.java:118) ~[ozone-manager-1.4.0-SNAPSHOT.jar:?]
	at org.apache.hadoop.ozone.om.OzoneManager.getFileStatus(OzoneManager.java:3450) ~[ozone-manager-1.4.0-SNAPSHOT.jar:?]
	at org.apache.hadoop.ozone.protocolPB.OzoneManagerRequestHandler.getOzoneFileStatus(OzoneManagerRequestHandler.java:933) ~[ozone-manager-1.4.0-SNAPSHOT.jar:?]
	at org.apache.hadoop.ozone.protocolPB.OzoneManagerRequestHandler.handleReadRequest(OzoneManagerRequestHandler.java:238) ~[ozone-manager-1.4.0-SNAPSHOT.jar:?]
	at org.apache.hadoop.ozone.protocolPB.OzoneManagerProtocolServerSideTranslatorPB.submitReadRequestToOM(OzoneManagerProtocolServerSideTranslatorPB.java:223) ~[ozone-manager-1.4.0-SNAPSHOT.jar:?]
	at org.apache.hadoop.ozone.protocolPB.OzoneManagerProtocolServerSideTranslatorPB.processRequest(OzoneManagerProtocolServerSideTranslatorPB.java:177) ~[ozone-manager-1.4.0-SNAPSHOT.jar:?]
	at org.apache.hadoop.hdds.server.OzoneProtocolMessageDispatcher.processRequest(OzoneProtocolMessageDispatcher.java:87) [hdds-server-framework-1.4.0-SNAPSHOT.jar:?]
	at org.apache.hadoop.ozone.protocolPB.OzoneManagerProtocolServerSideTranslatorPB.submitRequest(OzoneManagerProtocolServerSideTranslatorPB.java:147) [ozone-manager-1.4.0-SNAPSHOT.jar:?]
	at org.apache.hadoop.ozone.protocol.proto.OzoneManagerProtocolProtos$OzoneManagerService$2.callBlockingMethod(OzoneManagerProtocolProtos.java) [ozone-interface-client-1.4.0-SNAPSHOT.jar:?]
	at org.apache.hadoop.ipc.ProtobufRpcEngine$Server.processCall(ProtobufRpcEngine.java:465) [hadoop-common-3.3.4.jar:?]
	at org.apache.hadoop.ipc.ProtobufRpcEngine2$Server$ProtoBufRpcInvoker.call(ProtobufRpcEngine2.java:578) [hadoop-common-3.3.4.jar:?]
	at org.apache.hadoop.ipc.ProtobufRpcEngine2$Server$ProtoBufRpcInvoker.call(ProtobufRpcEngine2.java:556) [hadoop-common-3.3.4.jar:?]
	at org.apache.hadoop.ipc.RPC$Server.call(RPC.java:1093) [hadoop-common-3.3.4.jar:?]
	at org.apache.hadoop.ipc.Server$RpcCall.run(Server.java:1043) [hadoop-common-3.3.4.jar:?]
	at org.apache.hadoop.ipc.Server$RpcCall.run(Server.java:971) [hadoop-common-3.3.4.jar:?]
	at java.security.AccessController.doPrivileged(Native Method) ~[?:1.8.0_362]
	at javax.security.auth.Subject.doAs(Subject.java:422) [?:1.8.0_362]
	at org.apache.hadoop.security.UserGroupInformation.doAs(UserGroupInformation.java:1878) [hadoop-common-3.3.4.jar:?]
	at org.apache.hadoop.ipc.Server$Handler.run(Server.java:2976) [hadoop-common-3.3.4.jar:?]
2023-02-22 04:46:15,746 [OM StateMachine ApplyTransaction Thread - 0] INFO  snapshot.OMSnapshotCreateRequest (OMSnapshotCreateRequest.java:validateAndUpdateCache(180)) - Created snapshot '42508ec8-5f2c-4858-936d-7f6aaf0c3b58' under path 'vol-a-23835/buc-b-87533'
2023-02-22 04:46:15,747 [OM StateMachine ApplyTransaction Thread - 0] INFO  snapshot.OMSnapshotCreateRequest (OMSnapshotCreateRequest.java:validateAndUpdateCache(180)) - Created snapshot '42508ec8-5f2c-4858-936d-7f6aaf0c3b58' under path 'vol-a-23835/buc-b-87533'
2023-02-22 04:46:15,749 [OM StateMachine ApplyTransaction Thread - 0] INFO  snapshot.OMSnapshotCreateRequest (OMSnapshotCreateRequest.java:validateAndUpdateCache(180)) - Created snapshot '42508ec8-5f2c-4858-936d-7f6aaf0c3b58' under path 'vol-a-23835/buc-b-87533'
2023-02-22 04:46:15,756 [OMDoubleBufferFlushThread] INFO  db.RDBCheckpointManager (RDBCheckpointManager.java:createCheckpoint(96)) - Created checkpoint in rocksDB at /home/runner/work/ozone/ozone/hadoop-ozone/integration-test/target/test-dir/MiniOzoneClusterImpl-d1b59b44-2044-4343-9d69-28cc870eb01e/omNode-3/db.snapshots/om.db-bc2babe1-4f9c-48b0-9c71-a07a86a21415 in 7 milliseconds
2023-02-22 04:46:15,759 [OMDoubleBufferFlushThread] INFO  db.RDBCheckpointManager (RDBCheckpointManager.java:waitForCheckpointDirectoryExist(125)) - Waited for 3 milliseconds for checkpoint directory /home/runner/work/ozone/ozone/hadoop-ozone/integration-test/target/test-dir/MiniOzoneClusterImpl-d1b59b44-2044-4343-9d69-28cc870eb01e/omNode-3/db.snapshots/om.db-bc2babe1-4f9c-48b0-9c71-a07a86a21415 availability.
2023-02-22 04:46:15,759 [OMDoubleBufferFlushThread] INFO  om.OmSnapshotManager (OmSnapshotManager.java:createOmSnapshotCheckpoint(163)) - Created checkpoint : /home/runner/work/ozone/ozone/hadoop-ozone/integration-test/target/test-dir/MiniOzoneClusterImpl-d1b59b44-2044-4343-9d69-28cc870eb01e/omNode-3/db.snapshots/om.db-bc2babe1-4f9c-48b0-9c71-a07a86a21415 for snapshot 42508ec8-5f2c-4858-936d-7f6aaf0c3b58
2023-02-22 04:46:15,761 [OMDoubleBufferFlushThread] INFO  db.RDBCheckpointManager (RDBCheckpointManager.java:createCheckpoint(96)) - Created checkpoint in rocksDB at /home/runner/work/ozone/ozone/hadoop-ozone/integration-test/target/test-dir/MiniOzoneClusterImpl-d1b59b44-2044-4343-9d69-28cc870eb01e/omNode-1/db.snapshots/om.db-bc2babe1-4f9c-48b0-9c71-a07a86a21415 in 14 milliseconds
2023-02-22 04:46:15,762 [OMDoubleBufferFlushThread] INFO  db.RDBCheckpointManager (RDBCheckpointManager.java:createCheckpoint(96)) - Created checkpoint in rocksDB at /home/runner/work/ozone/ozone/hadoop-ozone/integration-test/target/test-dir/MiniOzoneClusterImpl-d1b59b44-2044-4343-9d69-28cc870eb01e/omNode-2/db.snapshots/om.db-bc2babe1-4f9c-48b0-9c71-a07a86a21415 in 12 milliseconds
2023-02-22 04:46:15,764 [OMDoubleBufferFlushThread] INFO  db.RDBCheckpointManager (RDBCheckpointManager.java:waitForCheckpointDirectoryExist(125)) - Waited for 3 milliseconds for checkpoint directory /home/runner/work/ozone/ozone/hadoop-ozone/integration-test/target/test-dir/MiniOzoneClusterImpl-d1b59b44-2044-4343-9d69-28cc870eb01e/omNode-1/db.snapshots/om.db-bc2babe1-4f9c-48b0-9c71-a07a86a21415 availability.
2023-02-22 04:46:15,764 [OMDoubleBufferFlushThread] INFO  om.OmSnapshotManager (OmSnapshotManager.java:createOmSnapshotCheckpoint(163)) - Created checkpoint : /home/runner/work/ozone/ozone/hadoop-ozone/integration-test/target/test-dir/MiniOzoneClusterImpl-d1b59b44-2044-4343-9d69-28cc870eb01e/omNode-1/db.snapshots/om.db-bc2babe1-4f9c-48b0-9c71-a07a86a21415 for snapshot 42508ec8-5f2c-4858-936d-7f6aaf0c3b58
2023-02-22 04:46:15,764 [OMDoubleBufferFlushThread] INFO  db.RDBCheckpointManager (RDBCheckpointManager.java:waitForCheckpointDirectoryExist(125)) - Waited for 2 milliseconds for checkpoint directory /home/runner/work/ozone/ozone/hadoop-ozone/integration-test/target/test-dir/MiniOzoneClusterImpl-d1b59b44-2044-4343-9d69-28cc870eb01e/omNode-2/db.snapshots/om.db-bc2babe1-4f9c-48b0-9c71-a07a86a21415 availability.
2023-02-22 04:46:15,764 [OMDoubleBufferFlushThread] INFO  om.OmSnapshotManager (OmSnapshotManager.java:createOmSnapshotCheckpoint(163)) - Created checkpoint : /home/runner/work/ozone/ozone/hadoop-ozone/integration-test/target/test-dir/MiniOzoneClusterImpl-d1b59b44-2044-4343-9d69-28cc870eb01e/omNode-2/db.snapshots/om.db-bc2babe1-4f9c-48b0-9c71-a07a86a21415 for snapshot 42508ec8-5f2c-4858-936d-7f6aaf0c3b58
2023-02-22 04:46:16,821 [IPC Server handler 5 on default port 40949] WARN  server.ServerUtils (ServerUtils.java:getDBPath(225)) - ozone.om.db.dirs is not configured. We recommend adding this setting. Falling back to ozone.metadata.dirs instead.
2023-02-22 04:46:16,822 [IPC Server handler 5 on default port 40949] INFO  codec.OmKeyInfoCodec (OmKeyInfoCodec.java:<init>(49)) - OmKeyInfoCodec ignorePipeline = true
2023-02-22 04:46:16,822 [IPC Server handler 5 on default port 40949] INFO  codec.RepeatedOmKeyInfoCodec (RepeatedOmKeyInfoCodec.java:<init>(41)) - RepeatedOmKeyInfoCodec ignorePipeline = true
04:46:16.875 [IPC Server handler 9 on default port 40949] ERROR OMAudit - user=runner | ip=127.0.0.1 | op=GET_FILE_STATUS {volume=vol-a-23835, bucket=buc-b-87533, key=key-, dataSize=0, replicationConfig=null} | ret=FAILURE
org.apache.hadoop.ozone.om.exceptions.OMException: Unable to get file status: volume: vol-a-23835 bucket: buc-b-87533 key: key-
	at org.apache.hadoop.ozone.om.KeyManagerImpl.getOzoneFileStatusFSO(KeyManagerImpl.java:1259) ~[ozone-manager-1.4.0-SNAPSHOT.jar:?]
	at org.apache.hadoop.ozone.om.KeyManagerImpl.getFileStatus(KeyManagerImpl.java:1078) ~[ozone-manager-1.4.0-SNAPSHOT.jar:?]
	at org.apache.hadoop.ozone.om.OmMetadataReader.getFileStatus(OmMetadataReader.java:288) ~[ozone-manager-1.4.0-SNAPSHOT.jar:?]
	at org.apache.hadoop.ozone.om.OmSnapshot.getFileStatus(OmSnapshot.java:118) ~[ozone-manager-1.4.0-SNAPSHOT.jar:?]
	at org.apache.hadoop.ozone.om.OzoneManager.getFileStatus(OzoneManager.java:3450) ~[ozone-manager-1.4.0-SNAPSHOT.jar:?]
	at org.apache.hadoop.ozone.protocolPB.OzoneManagerRequestHandler.getOzoneFileStatus(OzoneManagerRequestHandler.java:933) ~[ozone-manager-1.4.0-SNAPSHOT.jar:?]
	at org.apache.hadoop.ozone.protocolPB.OzoneManagerRequestHandler.handleReadRequest(OzoneManagerRequestHandler.java:238) ~[ozone-manager-1.4.0-SNAPSHOT.jar:?]
	at org.apache.hadoop.ozone.protocolPB.OzoneManagerProtocolServerSideTranslatorPB.submitReadRequestToOM(OzoneManagerProtocolServerSideTranslatorPB.java:223) ~[ozone-manager-1.4.0-SNAPSHOT.jar:?]
	at org.apache.hadoop.ozone.protocolPB.OzoneManagerProtocolServerSideTranslatorPB.processRequest(OzoneManagerProtocolServerSideTranslatorPB.java:177) ~[ozone-manager-1.4.0-SNAPSHOT.jar:?]
	at org.apache.hadoop.hdds.server.OzoneProtocolMessageDispatcher.processRequest(OzoneProtocolMessageDispatcher.java:87) [hdds-server-framework-1.4.0-SNAPSHOT.jar:?]
	at org.apache.hadoop.ozone.protocolPB.OzoneManagerProtocolServerSideTranslatorPB.submitRequest(OzoneManagerProtocolServerSideTranslatorPB.java:147) [ozone-manager-1.4.0-SNAPSHOT.jar:?]
	at org.apache.hadoop.ozone.protocol.proto.OzoneManagerProtocolProtos$OzoneManagerService$2.callBlockingMethod(OzoneManagerProtocolProtos.java) [ozone-interface-client-1.4.0-SNAPSHOT.jar:?]
	at org.apache.hadoop.ipc.ProtobufRpcEngine$Server.processCall(ProtobufRpcEngine.java:465) [hadoop-common-3.3.4.jar:?]
	at org.apache.hadoop.ipc.ProtobufRpcEngine2$Server$ProtoBufRpcInvoker.call(ProtobufRpcEngine2.java:578) [hadoop-common-3.3.4.jar:?]
	at org.apache.hadoop.ipc.ProtobufRpcEngine2$Server$ProtoBufRpcInvoker.call(ProtobufRpcEngine2.java:556) [hadoop-common-3.3.4.jar:?]
	at org.apache.hadoop.ipc.RPC$Server.call(RPC.java:1093) [hadoop-common-3.3.4.jar:?]
	at org.apache.hadoop.ipc.Server$RpcCall.run(Server.java:1043) [hadoop-common-3.3.4.jar:?]
	at org.apache.hadoop.ipc.Server$RpcCall.run(Server.java:971) [hadoop-common-3.3.4.jar:?]
	at java.security.AccessController.doPrivileged(Native Method) ~[?:1.8.0_362]
	at javax.security.auth.Subject.doAs(Subject.java:422) [?:1.8.0_362]
	at org.apache.hadoop.security.UserGroupInformation.doAs(UserGroupInformation.java:1878) [hadoop-common-3.3.4.jar:?]
	at org.apache.hadoop.ipc.Server$Handler.run(Server.java:2976) [hadoop-common-3.3.4.jar:?]
2023-02-22 04:46:16,880 [OM StateMachine ApplyTransaction Thread - 0] INFO  snapshot.OMSnapshotCreateRequest (OMSnapshotCreateRequest.java:validateAndUpdateCache(180)) - Created snapshot '5ee5f3a5-3ce3-46f5-a589-88f847a409c0' under path 'vol-b-59980/buc-a-49042'
2023-02-22 04:46:16,881 [OM StateMachine ApplyTransaction Thread - 0] INFO  snapshot.OMSnapshotCreateRequest (OMSnapshotCreateRequest.java:validateAndUpdateCache(180)) - Created snapshot '5ee5f3a5-3ce3-46f5-a589-88f847a409c0' under path 'vol-b-59980/buc-a-49042'
2023-02-22 04:46:16,882 [OM StateMachine ApplyTransaction Thread - 0] INFO  snapshot.OMSnapshotCreateRequest (OMSnapshotCreateRequest.java:validateAndUpdateCache(180)) - Created snapshot '5ee5f3a5-3ce3-46f5-a589-88f847a409c0' under path 'vol-b-59980/buc-a-49042'
2023-02-22 04:46:16,905 [OMDoubleBufferFlushThread] INFO  db.RDBCheckpointManager (RDBCheckpointManager.java:createCheckpoint(96)) - Created checkpoint in rocksDB at /home/runner/work/ozone/ozone/hadoop-ozone/integration-test/target/test-dir/MiniOzoneClusterImpl-d1b59b44-2044-4343-9d69-28cc870eb01e/omNode-1/db.snapshots/om.db-72d6b22e-d2f1-4c32-b894-a22318e37507 in 23 milliseconds
2023-02-22 04:46:16,905 [OMDoubleBufferFlushThread] INFO  db.RDBCheckpointManager (RDBCheckpointManager.java:waitForCheckpointDirectoryExist(125)) - Waited for 0 milliseconds for checkpoint directory /home/runner/work/ozone/ozone/hadoop-ozone/integration-test/target/test-dir/MiniOzoneClusterImpl-d1b59b44-2044-4343-9d69-28cc870eb01e/omNode-1/db.snapshots/om.db-72d6b22e-d2f1-4c32-b894-a22318e37507 availability.
2023-02-22 04:46:16,906 [OMDoubleBufferFlushThread] INFO  om.OmSnapshotManager (OmSnapshotManager.java:createOmSnapshotCheckpoint(163)) - Created checkpoint : /home/runner/work/ozone/ozone/hadoop-ozone/integration-test/target/test-dir/MiniOzoneClusterImpl-d1b59b44-2044-4343-9d69-28cc870eb01e/omNode-1/db.snapshots/om.db-72d6b22e-d2f1-4c32-b894-a22318e37507 for snapshot 5ee5f3a5-3ce3-46f5-a589-88f847a409c0
2023-02-22 04:46:16,910 [OMDoubleBufferFlushThread] INFO  db.RDBCheckpointManager (RDBCheckpointManager.java:createCheckpoint(96)) - Created checkpoint in rocksDB at /home/runner/work/ozone/ozone/hadoop-ozone/integration-test/target/test-dir/MiniOzoneClusterImpl-d1b59b44-2044-4343-9d69-28cc870eb01e/omNode-3/db.snapshots/om.db-72d6b22e-d2f1-4c32-b894-a22318e37507 in 26 milliseconds
2023-02-22 04:46:16,911 [OMDoubleBufferFlushThread] INFO  db.RDBCheckpointManager (RDBCheckpointManager.java:createCheckpoint(96)) - Created checkpoint in rocksDB at /home/runner/work/ozone/ozone/hadoop-ozone/integration-test/target/test-dir/MiniOzoneClusterImpl-d1b59b44-2044-4343-9d69-28cc870eb01e/omNode-2/db.snapshots/om.db-72d6b22e-d2f1-4c32-b894-a22318e37507 in 28 milliseconds
2023-02-22 04:46:16,911 [OMDoubleBufferFlushThread] INFO  db.RDBCheckpointManager (RDBCheckpointManager.java:waitForCheckpointDirectoryExist(125)) - Waited for 1 milliseconds for checkpoint directory /home/runner/work/ozone/ozone/hadoop-ozone/integration-test/target/test-dir/MiniOzoneClusterImpl-d1b59b44-2044-4343-9d69-28cc870eb01e/omNode-3/db.snapshots/om.db-72d6b22e-d2f1-4c32-b894-a22318e37507 availability.
2023-02-22 04:46:16,911 [OMDoubleBufferFlushThread] INFO  om.OmSnapshotManager (OmSnapshotManager.java:createOmSnapshotCheckpoint(163)) - Created checkpoint : /home/runner/work/ozone/ozone/hadoop-ozone/integration-test/target/test-dir/MiniOzoneClusterImpl-d1b59b44-2044-4343-9d69-28cc870eb01e/omNode-3/db.snapshots/om.db-72d6b22e-d2f1-4c32-b894-a22318e37507 for snapshot 5ee5f3a5-3ce3-46f5-a589-88f847a409c0
2023-02-22 04:46:16,912 [OMDoubleBufferFlushThread] INFO  db.RDBCheckpointManager (RDBCheckpointManager.java:waitForCheckpointDirectoryExist(125)) - Waited for 1 milliseconds for checkpoint directory /home/runner/work/ozone/ozone/hadoop-ozone/integration-test/target/test-dir/MiniOzoneClusterImpl-d1b59b44-2044-4343-9d69-28cc870eb01e/omNode-2/db.snapshots/om.db-72d6b22e-d2f1-4c32-b894-a22318e37507 availability.
2023-02-22 04:46:16,912 [OMDoubleBufferFlushThread] INFO  om.OmSnapshotManager (OmSnapshotManager.java:createOmSnapshotCheckpoint(163)) - Created checkpoint : /home/runner/work/ozone/ozone/hadoop-ozone/integration-test/target/test-dir/MiniOzoneClusterImpl-d1b59b44-2044-4343-9d69-28cc870eb01e/omNode-2/db.snapshots/om.db-72d6b22e-d2f1-4c32-b894-a22318e37507 for snapshot 5ee5f3a5-3ce3-46f5-a589-88f847a409c0
2023-02-22 04:46:17,957 [IPC Server handler 13 on default port 40949] WARN  server.ServerUtils (ServerUtils.java:getDBPath(225)) - ozone.om.db.dirs is not configured. We recommend adding this setting. Falling back to ozone.metadata.dirs instead.
2023-02-22 04:46:17,957 [IPC Server handler 13 on default port 40949] INFO  codec.OmKeyInfoCodec (OmKeyInfoCodec.java:<init>(49)) - OmKeyInfoCodec ignorePipeline = true
2023-02-22 04:46:17,957 [IPC Server handler 13 on default port 40949] INFO  codec.RepeatedOmKeyInfoCodec (RepeatedOmKeyInfoCodec.java:<init>(41)) - RepeatedOmKeyInfoCodec ignorePipeline = true
04:46:18.018 [IPC Server handler 15 on default port 40949] ERROR OMAudit - user=runner | ip=127.0.0.1 | op=GET_FILE_STATUS {volume=vol-b-59980, bucket=buc-a-49042, key=key-, dataSize=0, replicationConfig=null} | ret=FAILURE
org.apache.hadoop.ozone.om.exceptions.OMException: Unable to get file status: volume: vol-b-59980 bucket: buc-a-49042 key: key-
	at org.apache.hadoop.ozone.om.KeyManagerImpl.getOzoneFileStatusFSO(KeyManagerImpl.java:1259) ~[ozone-manager-1.4.0-SNAPSHOT.jar:?]
	at org.apache.hadoop.ozone.om.KeyManagerImpl.getFileStatus(KeyManagerImpl.java:1078) ~[ozone-manager-1.4.0-SNAPSHOT.jar:?]
	at org.apache.hadoop.ozone.om.OmMetadataReader.getFileStatus(OmMetadataReader.java:288) ~[ozone-manager-1.4.0-SNAPSHOT.jar:?]
	at org.apache.hadoop.ozone.om.OmSnapshot.getFileStatus(OmSnapshot.java:118) ~[ozone-manager-1.4.0-SNAPSHOT.jar:?]
	at org.apache.hadoop.ozone.om.OzoneManager.getFileStatus(OzoneManager.java:3450) ~[ozone-manager-1.4.0-SNAPSHOT.jar:?]
	at org.apache.hadoop.ozone.protocolPB.OzoneManagerRequestHandler.getOzoneFileStatus(OzoneManagerRequestHandler.java:933) ~[ozone-manager-1.4.0-SNAPSHOT.jar:?]
	at org.apache.hadoop.ozone.protocolPB.OzoneManagerRequestHandler.handleReadRequest(OzoneManagerRequestHandler.java:238) ~[ozone-manager-1.4.0-SNAPSHOT.jar:?]
	at org.apache.hadoop.ozone.protocolPB.OzoneManagerProtocolServerSideTranslatorPB.submitReadRequestToOM(OzoneManagerProtocolServerSideTranslatorPB.java:223) ~[ozone-manager-1.4.0-SNAPSHOT.jar:?]
	at org.apache.hadoop.ozone.protocolPB.OzoneManagerProtocolServerSideTranslatorPB.processRequest(OzoneManagerProtocolServerSideTranslatorPB.java:177) ~[ozone-manager-1.4.0-SNAPSHOT.jar:?]
	at org.apache.hadoop.hdds.server.OzoneProtocolMessageDispatcher.processRequest(OzoneProtocolMessageDispatcher.java:87) [hdds-server-framework-1.4.0-SNAPSHOT.jar:?]
	at org.apache.hadoop.ozone.protocolPB.OzoneManagerProtocolServerSideTranslatorPB.submitRequest(OzoneManagerProtocolServerSideTranslatorPB.java:147) [ozone-manager-1.4.0-SNAPSHOT.jar:?]
	at org.apache.hadoop.ozone.protocol.proto.OzoneManagerProtocolProtos$OzoneManagerService$2.callBlockingMethod(OzoneManagerProtocolProtos.java) [ozone-interface-client-1.4.0-SNAPSHOT.jar:?]
	at org.apache.hadoop.ipc.ProtobufRpcEngine$Server.processCall(ProtobufRpcEngine.java:465) [hadoop-common-3.3.4.jar:?]
	at org.apache.hadoop.ipc.ProtobufRpcEngine2$Server$ProtoBufRpcInvoker.call(ProtobufRpcEngine2.java:578) [hadoop-common-3.3.4.jar:?]
	at org.apache.hadoop.ipc.ProtobufRpcEngine2$Server$ProtoBufRpcInvoker.call(ProtobufRpcEngine2.java:556) [hadoop-common-3.3.4.jar:?]
	at org.apache.hadoop.ipc.RPC$Server.call(RPC.java:1093) [hadoop-common-3.3.4.jar:?]
	at org.apache.hadoop.ipc.Server$RpcCall.run(Server.java:1043) [hadoop-common-3.3.4.jar:?]
	at org.apache.hadoop.ipc.Server$RpcCall.run(Server.java:971) [hadoop-common-3.3.4.jar:?]
	at java.security.AccessController.doPrivileged(Native Method) ~[?:1.8.0_362]
	at javax.security.auth.Subject.doAs(Subject.java:422) [?:1.8.0_362]
	at org.apache.hadoop.security.UserGroupInformation.doAs(UserGroupInformation.java:1878) [hadoop-common-3.3.4.jar:?]
	at org.apache.hadoop.ipc.Server$Handler.run(Server.java:2976) [hadoop-common-3.3.4.jar:?]
2023-02-22 04:46:18,024 [OM StateMachine ApplyTransaction Thread - 0] INFO  snapshot.OMSnapshotCreateRequest (OMSnapshotCreateRequest.java:validateAndUpdateCache(180)) - Created snapshot '0bfda222-4fe6-483e-8223-d3c4328eb2fe' under path 'vol-b-59980/buc-b-87533'
2023-02-22 04:46:18,026 [OM StateMachine ApplyTransaction Thread - 0] INFO  snapshot.OMSnapshotCreateRequest (OMSnapshotCreateRequest.java:validateAndUpdateCache(180)) - Created snapshot '0bfda222-4fe6-483e-8223-d3c4328eb2fe' under path 'vol-b-59980/buc-b-87533'
2023-02-22 04:46:18,026 [OM StateMachine ApplyTransaction Thread - 0] INFO  snapshot.OMSnapshotCreateRequest (OMSnapshotCreateRequest.java:validateAndUpdateCache(180)) - Created snapshot '0bfda222-4fe6-483e-8223-d3c4328eb2fe' under path 'vol-b-59980/buc-b-87533'
2023-02-22 04:46:18,047 [OMDoubleBufferFlushThread] INFO  db.RDBCheckpointManager (RDBCheckpointManager.java:createCheckpoint(96)) - Created checkpoint in rocksDB at /home/runner/work/ozone/ozone/hadoop-ozone/integration-test/target/test-dir/MiniOzoneClusterImpl-d1b59b44-2044-4343-9d69-28cc870eb01e/omNode-1/db.snapshots/om.db-25683435-497f-4665-8102-5be0e9e1acbe in 21 milliseconds
2023-02-22 04:46:18,048 [OMDoubleBufferFlushThread] INFO  db.RDBCheckpointManager (RDBCheckpointManager.java:waitForCheckpointDirectoryExist(125)) - Waited for 1 milliseconds for checkpoint directory /home/runner/work/ozone/ozone/hadoop-ozone/integration-test/target/test-dir/MiniOzoneClusterImpl-d1b59b44-2044-4343-9d69-28cc870eb01e/omNode-1/db.snapshots/om.db-25683435-497f-4665-8102-5be0e9e1acbe availability.
2023-02-22 04:46:18,048 [OMDoubleBufferFlushThread] INFO  om.OmSnapshotManager (OmSnapshotManager.java:createOmSnapshotCheckpoint(163)) - Created checkpoint : /home/runner/work/ozone/ozone/hadoop-ozone/integration-test/target/test-dir/MiniOzoneClusterImpl-d1b59b44-2044-4343-9d69-28cc870eb01e/omNode-1/db.snapshots/om.db-25683435-497f-4665-8102-5be0e9e1acbe for snapshot 0bfda222-4fe6-483e-8223-d3c4328eb2fe
2023-02-22 04:46:18,056 [OMDoubleBufferFlushThread] INFO  db.RDBCheckpointManager (RDBCheckpointManager.java:createCheckpoint(96)) - Created checkpoint in rocksDB at /home/runner/work/ozone/ozone/hadoop-ozone/integration-test/target/test-dir/MiniOzoneClusterImpl-d1b59b44-2044-4343-9d69-28cc870eb01e/omNode-2/db.snapshots/om.db-25683435-497f-4665-8102-5be0e9e1acbe in 29 milliseconds
2023-02-22 04:46:18,057 [OMDoubleBufferFlushThread] INFO  db.RDBCheckpointManager (RDBCheckpointManager.java:waitForCheckpointDirectoryExist(125)) - Waited for 1 milliseconds for checkpoint directory /home/runner/work/ozone/ozone/hadoop-ozone/integration-test/target/test-dir/MiniOzoneClusterImpl-d1b59b44-2044-4343-9d69-28cc870eb01e/omNode-2/db.snapshots/om.db-25683435-497f-4665-8102-5be0e9e1acbe availability.
2023-02-22 04:46:18,057 [OMDoubleBufferFlushThread] INFO  om.OmSnapshotManager (OmSnapshotManager.java:createOmSnapshotCheckpoint(163)) - Created checkpoint : /home/runner/work/ozone/ozone/hadoop-ozone/integration-test/target/test-dir/MiniOzoneClusterImpl-d1b59b44-2044-4343-9d69-28cc870eb01e/omNode-2/db.snapshots/om.db-25683435-497f-4665-8102-5be0e9e1acbe for snapshot 0bfda222-4fe6-483e-8223-d3c4328eb2fe
2023-02-22 04:46:18,061 [OMDoubleBufferFlushThread] INFO  db.RDBCheckpointManager (RDBCheckpointManager.java:createCheckpoint(96)) - Created checkpoint in rocksDB at /home/runner/work/ozone/ozone/hadoop-ozone/integration-test/target/test-dir/MiniOzoneClusterImpl-d1b59b44-2044-4343-9d69-28cc870eb01e/omNode-3/db.snapshots/om.db-25683435-497f-4665-8102-5be0e9e1acbe in 33 milliseconds
2023-02-22 04:46:18,062 [OMDoubleBufferFlushThread] INFO  db.RDBCheckpointManager (RDBCheckpointManager.java:waitForCheckpointDirectoryExist(125)) - Waited for 1 milliseconds for checkpoint directory /home/runner/work/ozone/ozone/hadoop-ozone/integration-test/target/test-dir/MiniOzoneClusterImpl-d1b59b44-2044-4343-9d69-28cc870eb01e/omNode-3/db.snapshots/om.db-25683435-497f-4665-8102-5be0e9e1acbe availability.
2023-02-22 04:46:18,062 [OMDoubleBufferFlushThread] INFO  om.OmSnapshotManager (OmSnapshotManager.java:createOmSnapshotCheckpoint(163)) - Created checkpoint : /home/runner/work/ozone/ozone/hadoop-ozone/integration-test/target/test-dir/MiniOzoneClusterImpl-d1b59b44-2044-4343-9d69-28cc870eb01e/omNode-3/db.snapshots/om.db-25683435-497f-4665-8102-5be0e9e1acbe for snapshot 0bfda222-4fe6-483e-8223-d3c4328eb2fe
2023-02-22 04:46:19,093 [IPC Server handler 3 on default port 40949] WARN  server.ServerUtils (ServerUtils.java:getDBPath(225)) - ozone.om.db.dirs is not configured. We recommend adding this setting. Falling back to ozone.metadata.dirs instead.
2023-02-22 04:46:19,093 [IPC Server handler 3 on default port 40949] INFO  codec.OmKeyInfoCodec (OmKeyInfoCodec.java:<init>(49)) - OmKeyInfoCodec ignorePipeline = true
2023-02-22 04:46:19,093 [IPC Server handler 3 on default port 40949] INFO  codec.RepeatedOmKeyInfoCodec (RepeatedOmKeyInfoCodec.java:<init>(41)) - RepeatedOmKeyInfoCodec ignorePipeline = true
04:46:19.160 [IPC Server handler 2 on default port 40949] ERROR OMAudit - user=runner | ip=127.0.0.1 | op=GET_FILE_STATUS {volume=vol-b-59980, bucket=buc-b-87533, key=key-, dataSize=0, replicationConfig=null} | ret=FAILURE
org.apache.hadoop.ozone.om.exceptions.OMException: Unable to get file status: volume: vol-b-59980 bucket: buc-b-87533 key: key-
	at org.apache.hadoop.ozone.om.KeyManagerImpl.getOzoneFileStatusFSO(KeyManagerImpl.java:1259) ~[ozone-manager-1.4.0-SNAPSHOT.jar:?]
	at org.apache.hadoop.ozone.om.KeyManagerImpl.getFileStatus(KeyManagerImpl.java:1078) ~[ozone-manager-1.4.0-SNAPSHOT.jar:?]
	at org.apache.hadoop.ozone.om.OmMetadataReader.getFileStatus(OmMetadataReader.java:288) ~[ozone-manager-1.4.0-SNAPSHOT.jar:?]
	at org.apache.hadoop.ozone.om.OmSnapshot.getFileStatus(OmSnapshot.java:118) ~[ozone-manager-1.4.0-SNAPSHOT.jar:?]
	at org.apache.hadoop.ozone.om.OzoneManager.getFileStatus(OzoneManager.java:3450) ~[ozone-manager-1.4.0-SNAPSHOT.jar:?]
	at org.apache.hadoop.ozone.protocolPB.OzoneManagerRequestHandler.getOzoneFileStatus(OzoneManagerRequestHandler.java:933) ~[ozone-manager-1.4.0-SNAPSHOT.jar:?]
	at org.apache.hadoop.ozone.protocolPB.OzoneManagerRequestHandler.handleReadRequest(OzoneManagerRequestHandler.java:238) ~[ozone-manager-1.4.0-SNAPSHOT.jar:?]
	at org.apache.hadoop.ozone.protocolPB.OzoneManagerProtocolServerSideTranslatorPB.submitReadRequestToOM(OzoneManagerProtocolServerSideTranslatorPB.java:223) ~[ozone-manager-1.4.0-SNAPSHOT.jar:?]
	at org.apache.hadoop.ozone.protocolPB.OzoneManagerProtocolServerSideTranslatorPB.processRequest(OzoneManagerProtocolServerSideTranslatorPB.java:177) ~[ozone-manager-1.4.0-SNAPSHOT.jar:?]
	at org.apache.hadoop.hdds.server.OzoneProtocolMessageDispatcher.processRequest(OzoneProtocolMessageDispatcher.java:87) [hdds-server-framework-1.4.0-SNAPSHOT.jar:?]
	at org.apache.hadoop.ozone.protocolPB.OzoneManagerProtocolServerSideTranslatorPB.submitRequest(OzoneManagerProtocolServerSideTranslatorPB.java:147) [ozone-manager-1.4.0-SNAPSHOT.jar:?]
	at org.apache.hadoop.ozone.protocol.proto.OzoneManagerProtocolProtos$OzoneManagerService$2.callBlockingMethod(OzoneManagerProtocolProtos.java) [ozone-interface-client-1.4.0-SNAPSHOT.jar:?]
	at org.apache.hadoop.ipc.ProtobufRpcEngine$Server.processCall(ProtobufRpcEngine.java:465) [hadoop-common-3.3.4.jar:?]
	at org.apache.hadoop.ipc.ProtobufRpcEngine2$Server$ProtoBufRpcInvoker.call(ProtobufRpcEngine2.java:578) [hadoop-common-3.3.4.jar:?]
	at org.apache.hadoop.ipc.ProtobufRpcEngine2$Server$ProtoBufRpcInvoker.call(ProtobufRpcEngine2.java:556) [hadoop-common-3.3.4.jar:?]
	at org.apache.hadoop.ipc.RPC$Server.call(RPC.java:1093) [hadoop-common-3.3.4.jar:?]
	at org.apache.hadoop.ipc.Server$RpcCall.run(Server.java:1043) [hadoop-common-3.3.4.jar:?]
	at org.apache.hadoop.ipc.Server$RpcCall.run(Server.java:971) [hadoop-common-3.3.4.jar:?]
	at java.security.AccessController.doPrivileged(Native Method) ~[?:1.8.0_362]
	at javax.security.auth.Subject.doAs(Subject.java:422) [?:1.8.0_362]
	at org.apache.hadoop.security.UserGroupInformation.doAs(UserGroupInformation.java:1878) [hadoop-common-3.3.4.jar:?]
	at org.apache.hadoop.ipc.Server$Handler.run(Server.java:2976) [hadoop-common-3.3.4.jar:?]
2023-02-22 04:46:19,166 [OM StateMachine ApplyTransaction Thread - 0] INFO  snapshot.OMSnapshotCreateRequest (OMSnapshotCreateRequest.java:validateAndUpdateCache(180)) - Created snapshot '61bd3539-225b-4049-be93-9ae7ef212ae3' under path 'vol-a-23835/buc-a-49042'
2023-02-22 04:46:19,167 [OM StateMachine ApplyTransaction Thread - 0] INFO  snapshot.OMSnapshotCreateRequest (OMSnapshotCreateRequest.java:validateAndUpdateCache(180)) - Created snapshot '61bd3539-225b-4049-be93-9ae7ef212ae3' under path 'vol-a-23835/buc-a-49042'
2023-02-22 04:46:19,168 [OM StateMachine ApplyTransaction Thread - 0] INFO  snapshot.OMSnapshotCreateRequest (OMSnapshotCreateRequest.java:validateAndUpdateCache(180)) - Created snapshot '61bd3539-225b-4049-be93-9ae7ef212ae3' under path 'vol-a-23835/buc-a-49042'
2023-02-22 04:46:19,190 [OMDoubleBufferFlushThread] INFO  db.RDBCheckpointManager (RDBCheckpointManager.java:createCheckpoint(96)) - Created checkpoint in rocksDB at /home/runner/work/ozone/ozone/hadoop-ozone/integration-test/target/test-dir/MiniOzoneClusterImpl-d1b59b44-2044-4343-9d69-28cc870eb01e/omNode-1/db.snapshots/om.db-a62ee670-1234-42d8-a7f6-1e6ae43a681a in 23 milliseconds
2023-02-22 04:46:19,193 [OMDoubleBufferFlushThread] INFO  db.RDBCheckpointManager (RDBCheckpointManager.java:createCheckpoint(96)) - Created checkpoint in rocksDB at /home/runner/work/ozone/ozone/hadoop-ozone/integration-test/target/test-dir/MiniOzoneClusterImpl-d1b59b44-2044-4343-9d69-28cc870eb01e/omNode-2/db.snapshots/om.db-a62ee670-1234-42d8-a7f6-1e6ae43a681a in 25 milliseconds
2023-02-22 04:46:19,196 [OMDoubleBufferFlushThread] INFO  db.RDBCheckpointManager (RDBCheckpointManager.java:waitForCheckpointDirectoryExist(125)) - Waited for 5 milliseconds for checkpoint directory /home/runner/work/ozone/ozone/hadoop-ozone/integration-test/target/test-dir/MiniOzoneClusterImpl-d1b59b44-2044-4343-9d69-28cc870eb01e/omNode-1/db.snapshots/om.db-a62ee670-1234-42d8-a7f6-1e6ae43a681a availability.
2023-02-22 04:46:19,196 [OMDoubleBufferFlushThread] INFO  om.OmSnapshotManager (OmSnapshotManager.java:createOmSnapshotCheckpoint(163)) - Created checkpoint : /home/runner/work/ozone/ozone/hadoop-ozone/integration-test/target/test-dir/MiniOzoneClusterImpl-d1b59b44-2044-4343-9d69-28cc870eb01e/omNode-1/db.snapshots/om.db-a62ee670-1234-42d8-a7f6-1e6ae43a681a for snapshot 61bd3539-225b-4049-be93-9ae7ef212ae3
2023-02-22 04:46:19,197 [OMDoubleBufferFlushThread] INFO  db.RDBCheckpointManager (RDBCheckpointManager.java:waitForCheckpointDirectoryExist(125)) - Waited for 4 milliseconds for checkpoint directory /home/runner/work/ozone/ozone/hadoop-ozone/integration-test/target/test-dir/MiniOzoneClusterImpl-d1b59b44-2044-4343-9d69-28cc870eb01e/omNode-2/db.snapshots/om.db-a62ee670-1234-42d8-a7f6-1e6ae43a681a availability.
2023-02-22 04:46:19,197 [OMDoubleBufferFlushThread] INFO  om.OmSnapshotManager (OmSnapshotManager.java:createOmSnapshotCheckpoint(163)) - Created checkpoint : /home/runner/work/ozone/ozone/hadoop-ozone/integration-test/target/test-dir/MiniOzoneClusterImpl-d1b59b44-2044-4343-9d69-28cc870eb01e/omNode-2/db.snapshots/om.db-a62ee670-1234-42d8-a7f6-1e6ae43a681a for snapshot 61bd3539-225b-4049-be93-9ae7ef212ae3
2023-02-22 04:46:19,199 [OMDoubleBufferFlushThread] INFO  db.RDBCheckpointManager (RDBCheckpointManager.java:createCheckpoint(96)) - Created checkpoint in rocksDB at /home/runner/work/ozone/ozone/hadoop-ozone/integration-test/target/test-dir/MiniOzoneClusterImpl-d1b59b44-2044-4343-9d69-28cc870eb01e/omNode-3/db.snapshots/om.db-a62ee670-1234-42d8-a7f6-1e6ae43a681a in 30 milliseconds
2023-02-22 04:46:19,200 [OMDoubleBufferFlushThread] INFO  db.RDBCheckpointManager (RDBCheckpointManager.java:waitForCheckpointDirectoryExist(125)) - Waited for 0 milliseconds for checkpoint directory /home/runner/work/ozone/ozone/hadoop-ozone/integration-test/target/test-dir/MiniOzoneClusterImpl-d1b59b44-2044-4343-9d69-28cc870eb01e/omNode-3/db.snapshots/om.db-a62ee670-1234-42d8-a7f6-1e6ae43a681a availability.
2023-02-22 04:46:19,200 [OMDoubleBufferFlushThread] INFO  om.OmSnapshotManager (OmSnapshotManager.java:createOmSnapshotCheckpoint(163)) - Created checkpoint : /home/runner/work/ozone/ozone/hadoop-ozone/integration-test/target/test-dir/MiniOzoneClusterImpl-d1b59b44-2044-4343-9d69-28cc870eb01e/omNode-3/db.snapshots/om.db-a62ee670-1234-42d8-a7f6-1e6ae43a681a for snapshot 61bd3539-225b-4049-be93-9ae7ef212ae3
2023-02-22 04:46:20,237 [IPC Server handler 6 on default port 40949] WARN  server.ServerUtils (ServerUtils.java:getDBPath(225)) - ozone.om.db.dirs is not configured. We recommend adding this setting. Falling back to ozone.metadata.dirs instead.
2023-02-22 04:46:20,237 [IPC Server handler 6 on default port 40949] INFO  codec.OmKeyInfoCodec (OmKeyInfoCodec.java:<init>(49)) - OmKeyInfoCodec ignorePipeline = true
2023-02-22 04:46:20,237 [IPC Server handler 6 on default port 40949] INFO  codec.RepeatedOmKeyInfoCodec (RepeatedOmKeyInfoCodec.java:<init>(41)) - RepeatedOmKeyInfoCodec ignorePipeline = true
04:46:20.296 [IPC Server handler 7 on default port 40949] ERROR OMAudit - user=runner | ip=127.0.0.1 | op=GET_FILE_STATUS {volume=vol-a-23835, bucket=buc-a-49042, key=key-a-, dataSize=0, replicationConfig=null} | ret=FAILURE
org.apache.hadoop.ozone.om.exceptions.OMException: Unable to get file status: volume: vol-a-23835 bucket: buc-a-49042 key: key-a-
	at org.apache.hadoop.ozone.om.KeyManagerImpl.getOzoneFileStatusFSO(KeyManagerImpl.java:1259) ~[ozone-manager-1.4.0-SNAPSHOT.jar:?]
	at org.apache.hadoop.ozone.om.KeyManagerImpl.getFileStatus(KeyManagerImpl.java:1078) ~[ozone-manager-1.4.0-SNAPSHOT.jar:?]
	at org.apache.hadoop.ozone.om.OmMetadataReader.getFileStatus(OmMetadataReader.java:288) ~[ozone-manager-1.4.0-SNAPSHOT.jar:?]
	at org.apache.hadoop.ozone.om.OmSnapshot.getFileStatus(OmSnapshot.java:118) ~[ozone-manager-1.4.0-SNAPSHOT.jar:?]
	at org.apache.hadoop.ozone.om.OzoneManager.getFileStatus(OzoneManager.java:3450) ~[ozone-manager-1.4.0-SNAPSHOT.jar:?]
	at org.apache.hadoop.ozone.protocolPB.OzoneManagerRequestHandler.getOzoneFileStatus(OzoneManagerRequestHandler.java:933) ~[ozone-manager-1.4.0-SNAPSHOT.jar:?]
	at org.apache.hadoop.ozone.protocolPB.OzoneManagerRequestHandler.handleReadRequest(OzoneManagerRequestHandler.java:238) ~[ozone-manager-1.4.0-SNAPSHOT.jar:?]
	at org.apache.hadoop.ozone.protocolPB.OzoneManagerProtocolServerSideTranslatorPB.submitReadRequestToOM(OzoneManagerProtocolServerSideTranslatorPB.java:223) ~[ozone-manager-1.4.0-SNAPSHOT.jar:?]
	at org.apache.hadoop.ozone.protocolPB.OzoneManagerProtocolServerSideTranslatorPB.processRequest(OzoneManagerProtocolServerSideTranslatorPB.java:177) ~[ozone-manager-1.4.0-SNAPSHOT.jar:?]
	at org.apache.hadoop.hdds.server.OzoneProtocolMessageDispatcher.processRequest(OzoneProtocolMessageDispatcher.java:87) [hdds-server-framework-1.4.0-SNAPSHOT.jar:?]
	at org.apache.hadoop.ozone.protocolPB.OzoneManagerProtocolServerSideTranslatorPB.submitRequest(OzoneManagerProtocolServerSideTranslatorPB.java:147) [ozone-manager-1.4.0-SNAPSHOT.jar:?]
	at org.apache.hadoop.ozone.protocol.proto.OzoneManagerProtocolProtos$OzoneManagerService$2.callBlockingMethod(OzoneManagerProtocolProtos.java) [ozone-interface-client-1.4.0-SNAPSHOT.jar:?]
	at org.apache.hadoop.ipc.ProtobufRpcEngine$Server.processCall(ProtobufRpcEngine.java:465) [hadoop-common-3.3.4.jar:?]
	at org.apache.hadoop.ipc.ProtobufRpcEngine2$Server$ProtoBufRpcInvoker.call(ProtobufRpcEngine2.java:578) [hadoop-common-3.3.4.jar:?]
	at org.apache.hadoop.ipc.ProtobufRpcEngine2$Server$ProtoBufRpcInvoker.call(ProtobufRpcEngine2.java:556) [hadoop-common-3.3.4.jar:?]
	at org.apache.hadoop.ipc.RPC$Server.call(RPC.java:1093) [hadoop-common-3.3.4.jar:?]
	at org.apache.hadoop.ipc.Server$RpcCall.run(Server.java:1043) [hadoop-common-3.3.4.jar:?]
	at org.apache.hadoop.ipc.Server$RpcCall.run(Server.java:971) [hadoop-common-3.3.4.jar:?]
	at java.security.AccessController.doPrivileged(Native Method) ~[?:1.8.0_362]
	at javax.security.auth.Subject.doAs(Subject.java:422) [?:1.8.0_362]
	at org.apache.hadoop.security.UserGroupInformation.doAs(UserGroupInformation.java:1878) [hadoop-common-3.3.4.jar:?]
	at org.apache.hadoop.ipc.Server$Handler.run(Server.java:2976) [hadoop-common-3.3.4.jar:?]
04:46:20.304 [IPC Server handler 11 on default port 40949] ERROR OMAudit - user=runner | ip=127.0.0.1 | op=GET_FILE_STATUS {volume=vol-a-23835, bucket=buc-a-49042, key=key-b-, dataSize=0, replicationConfig=null} | ret=FAILURE
org.apache.hadoop.ozone.om.exceptions.OMException: Unable to get file status: volume: vol-a-23835 bucket: buc-a-49042 key: key-b-
	at org.apache.hadoop.ozone.om.KeyManagerImpl.getOzoneFileStatusFSO(KeyManagerImpl.java:1259) ~[ozone-manager-1.4.0-SNAPSHOT.jar:?]
	at org.apache.hadoop.ozone.om.KeyManagerImpl.getFileStatus(KeyManagerImpl.java:1078) ~[ozone-manager-1.4.0-SNAPSHOT.jar:?]
	at org.apache.hadoop.ozone.om.OmMetadataReader.getFileStatus(OmMetadataReader.java:288) ~[ozone-manager-1.4.0-SNAPSHOT.jar:?]
	at org.apache.hadoop.ozone.om.OmSnapshot.getFileStatus(OmSnapshot.java:118) ~[ozone-manager-1.4.0-SNAPSHOT.jar:?]
	at org.apache.hadoop.ozone.om.OzoneManager.getFileStatus(OzoneManager.java:3450) ~[ozone-manager-1.4.0-SNAPSHOT.jar:?]
	at org.apache.hadoop.ozone.protocolPB.OzoneManagerRequestHandler.getOzoneFileStatus(OzoneManagerRequestHandler.java:933) ~[ozone-manager-1.4.0-SNAPSHOT.jar:?]
	at org.apache.hadoop.ozone.protocolPB.OzoneManagerRequestHandler.handleReadRequest(OzoneManagerRequestHandler.java:238) ~[ozone-manager-1.4.0-SNAPSHOT.jar:?]
	at org.apache.hadoop.ozone.protocolPB.OzoneManagerProtocolServerSideTranslatorPB.submitReadRequestToOM(OzoneManagerProtocolServerSideTranslatorPB.java:223) ~[ozone-manager-1.4.0-SNAPSHOT.jar:?]
	at org.apache.hadoop.ozone.protocolPB.OzoneManagerProtocolServerSideTranslatorPB.processRequest(OzoneManagerProtocolServerSideTranslatorPB.java:177) ~[ozone-manager-1.4.0-SNAPSHOT.jar:?]
	at org.apache.hadoop.hdds.server.OzoneProtocolMessageDispatcher.processRequest(OzoneProtocolMessageDispatcher.java:87) [hdds-server-framework-1.4.0-SNAPSHOT.jar:?]
	at org.apache.hadoop.ozone.protocolPB.OzoneManagerProtocolServerSideTranslatorPB.submitRequest(OzoneManagerProtocolServerSideTranslatorPB.java:147) [ozone-manager-1.4.0-SNAPSHOT.jar:?]
	at org.apache.hadoop.ozone.protocol.proto.OzoneManagerProtocolProtos$OzoneManagerService$2.callBlockingMethod(OzoneManagerProtocolProtos.java) [ozone-interface-client-1.4.0-SNAPSHOT.jar:?]
	at org.apache.hadoop.ipc.ProtobufRpcEngine$Server.processCall(ProtobufRpcEngine.java:465) [hadoop-common-3.3.4.jar:?]
	at org.apache.hadoop.ipc.ProtobufRpcEngine2$Server$ProtoBufRpcInvoker.call(ProtobufRpcEngine2.java:578) [hadoop-common-3.3.4.jar:?]
	at org.apache.hadoop.ipc.ProtobufRpcEngine2$Server$ProtoBufRpcInvoker.call(ProtobufRpcEngine2.java:556) [hadoop-common-3.3.4.jar:?]
	at org.apache.hadoop.ipc.RPC$Server.call(RPC.java:1093) [hadoop-common-3.3.4.jar:?]
	at org.apache.hadoop.ipc.Server$RpcCall.run(Server.java:1043) [hadoop-common-3.3.4.jar:?]
	at org.apache.hadoop.ipc.Server$RpcCall.run(Server.java:971) [hadoop-common-3.3.4.jar:?]
	at java.security.AccessController.doPrivileged(Native Method) ~[?:1.8.0_362]
	at javax.security.auth.Subject.doAs(Subject.java:422) [?:1.8.0_362]
	at org.apache.hadoop.security.UserGroupInformation.doAs(UserGroupInformation.java:1878) [hadoop-common-3.3.4.jar:?]
	at org.apache.hadoop.ipc.Server$Handler.run(Server.java:2976) [hadoop-common-3.3.4.jar:?]
]]></system-out>
  </testcase>
  <testcase name="testListKey" classname="TestOmSnapshot" time="6.913">
    <system-out><![CDATA[2023-02-22 04:47:02,917 [Time-limited test] INFO  rpc.RpcClient (RpcClient.java:createVolume(476)) - Creating Volume: vol-a-39225, with runner as owner and space quota set to -1 bytes, counts quota set to -1
2023-02-22 04:47:02,919 [OM StateMachine ApplyTransaction Thread - 0] INFO  volume.OMVolumeCreateRequest (OMVolumeCreateRequest.java:validateAndUpdateCache(195)) - created volume:vol-a-39225 for user:runner
2023-02-22 04:47:02,920 [OM StateMachine ApplyTransaction Thread - 0] INFO  volume.OMVolumeCreateRequest (OMVolumeCreateRequest.java:validateAndUpdateCache(195)) - created volume:vol-a-39225 for user:runner
2023-02-22 04:47:02,921 [OM StateMachine ApplyTransaction Thread - 0] INFO  volume.OMVolumeCreateRequest (OMVolumeCreateRequest.java:validateAndUpdateCache(195)) - created volume:vol-a-39225 for user:runner
2023-02-22 04:47:02,921 [Time-limited test] INFO  rpc.RpcClient (RpcClient.java:createVolume(476)) - Creating Volume: vol-b-69860, with runner as owner and space quota set to -1 bytes, counts quota set to -1
2023-02-22 04:47:02,922 [OM StateMachine ApplyTransaction Thread - 0] INFO  volume.OMVolumeCreateRequest (OMVolumeCreateRequest.java:validateAndUpdateCache(195)) - created volume:vol-b-69860 for user:runner
2023-02-22 04:47:02,923 [OM StateMachine ApplyTransaction Thread - 0] INFO  volume.OMVolumeCreateRequest (OMVolumeCreateRequest.java:validateAndUpdateCache(195)) - created volume:vol-b-69860 for user:runner
2023-02-22 04:47:02,924 [OM StateMachine ApplyTransaction Thread - 0] INFO  volume.OMVolumeCreateRequest (OMVolumeCreateRequest.java:validateAndUpdateCache(195)) - created volume:vol-b-69860 for user:runner
2023-02-22 04:47:02,925 [Time-limited test] INFO  rpc.RpcClient (RpcClient.java:createBucket(698)) - Creating Bucket: vol-a-39225/buc-a-75009, with server-side default bucket layout, runner as owner, Versioning false, Storage Type set to DISK and Encryption set to false, Replication Type set to server-side default replication type, Namespace Quota set to -1, Space Quota set to -1 
2023-02-22 04:47:02,927 [OM StateMachine ApplyTransaction Thread - 0] INFO  bucket.OMBucketCreateRequest (OMBucketCreateRequest.java:validateAndUpdateCache(263)) - created bucket: buc-a-75009 of layout LEGACY in volume: vol-a-39225
2023-02-22 04:47:02,927 [OM StateMachine ApplyTransaction Thread - 0] INFO  bucket.OMBucketCreateRequest (OMBucketCreateRequest.java:validateAndUpdateCache(263)) - created bucket: buc-a-75009 of layout LEGACY in volume: vol-a-39225
2023-02-22 04:47:02,927 [Time-limited test] INFO  rpc.RpcClient (RpcClient.java:createBucket(698)) - Creating Bucket: vol-a-39225/buc-b-19335, with server-side default bucket layout, runner as owner, Versioning false, Storage Type set to DISK and Encryption set to false, Replication Type set to server-side default replication type, Namespace Quota set to -1, Space Quota set to -1 
2023-02-22 04:47:02,928 [OM StateMachine ApplyTransaction Thread - 0] INFO  bucket.OMBucketCreateRequest (OMBucketCreateRequest.java:validateAndUpdateCache(263)) - created bucket: buc-a-75009 of layout LEGACY in volume: vol-a-39225
2023-02-22 04:47:02,929 [OM StateMachine ApplyTransaction Thread - 0] INFO  bucket.OMBucketCreateRequest (OMBucketCreateRequest.java:validateAndUpdateCache(263)) - created bucket: buc-b-19335 of layout LEGACY in volume: vol-a-39225
2023-02-22 04:47:02,929 [Time-limited test] INFO  rpc.RpcClient (RpcClient.java:createBucket(698)) - Creating Bucket: vol-b-69860/buc-a-75009, with server-side default bucket layout, runner as owner, Versioning false, Storage Type set to DISK and Encryption set to false, Replication Type set to server-side default replication type, Namespace Quota set to -1, Space Quota set to -1 
2023-02-22 04:47:02,930 [OM StateMachine ApplyTransaction Thread - 0] INFO  bucket.OMBucketCreateRequest (OMBucketCreateRequest.java:validateAndUpdateCache(263)) - created bucket: buc-b-19335 of layout LEGACY in volume: vol-a-39225
2023-02-22 04:47:02,931 [OM StateMachine ApplyTransaction Thread - 0] INFO  bucket.OMBucketCreateRequest (OMBucketCreateRequest.java:validateAndUpdateCache(263)) - created bucket: buc-b-19335 of layout LEGACY in volume: vol-a-39225
2023-02-22 04:47:02,932 [OM StateMachine ApplyTransaction Thread - 0] INFO  bucket.OMBucketCreateRequest (OMBucketCreateRequest.java:validateAndUpdateCache(263)) - created bucket: buc-a-75009 of layout LEGACY in volume: vol-b-69860
2023-02-22 04:47:02,932 [Time-limited test] INFO  rpc.RpcClient (RpcClient.java:createBucket(698)) - Creating Bucket: vol-b-69860/buc-b-19335, with server-side default bucket layout, runner as owner, Versioning false, Storage Type set to DISK and Encryption set to false, Replication Type set to server-side default replication type, Namespace Quota set to -1, Space Quota set to -1 
2023-02-22 04:47:02,932 [OM StateMachine ApplyTransaction Thread - 0] INFO  bucket.OMBucketCreateRequest (OMBucketCreateRequest.java:validateAndUpdateCache(263)) - created bucket: buc-a-75009 of layout LEGACY in volume: vol-b-69860
2023-02-22 04:47:02,933 [OM StateMachine ApplyTransaction Thread - 0] INFO  bucket.OMBucketCreateRequest (OMBucketCreateRequest.java:validateAndUpdateCache(263)) - created bucket: buc-a-75009 of layout LEGACY in volume: vol-b-69860
2023-02-22 04:47:02,934 [OM StateMachine ApplyTransaction Thread - 0] INFO  bucket.OMBucketCreateRequest (OMBucketCreateRequest.java:validateAndUpdateCache(263)) - created bucket: buc-b-19335 of layout LEGACY in volume: vol-b-69860
2023-02-22 04:47:02,935 [OM StateMachine ApplyTransaction Thread - 0] INFO  bucket.OMBucketCreateRequest (OMBucketCreateRequest.java:validateAndUpdateCache(263)) - created bucket: buc-b-19335 of layout LEGACY in volume: vol-b-69860
2023-02-22 04:47:02,935 [OM StateMachine ApplyTransaction Thread - 0] INFO  bucket.OMBucketCreateRequest (OMBucketCreateRequest.java:validateAndUpdateCache(263)) - created bucket: buc-b-19335 of layout LEGACY in volume: vol-b-69860
2023-02-22 04:47:04,402 [Finalizer] WARN  managed.ManagedRocksObjectUtils (ManagedRocksObjectUtils.java:assertClosed(54)) - ManagedColumnFamilyOptions is not closed properly
2023-02-22 04:47:04,402 [Finalizer] WARN  managed.ManagedRocksObjectUtils (ManagedRocksObjectUtils.java:assertClosed(54)) - ManagedColumnFamilyOptions is not closed properly
2023-02-22 04:47:04,402 [Finalizer] WARN  managed.ManagedRocksObjectUtils (ManagedRocksObjectUtils.java:assertClosed(54)) - ManagedColumnFamilyOptions is not closed properly
2023-02-22 04:47:04,402 [Finalizer] WARN  managed.ManagedRocksObjectUtils (ManagedRocksObjectUtils.java:assertClosed(54)) - ManagedColumnFamilyOptions is not closed properly
2023-02-22 04:47:04,402 [Finalizer] WARN  managed.ManagedRocksObjectUtils (ManagedRocksObjectUtils.java:assertClosed(54)) - ManagedColumnFamilyOptions is not closed properly
2023-02-22 04:47:04,402 [Finalizer] WARN  managed.ManagedRocksObjectUtils (ManagedRocksObjectUtils.java:assertClosed(54)) - ManagedColumnFamilyOptions is not closed properly
2023-02-22 04:47:04,402 [Finalizer] WARN  managed.ManagedRocksObjectUtils (ManagedRocksObjectUtils.java:assertClosed(54)) - ManagedColumnFamilyOptions is not closed properly
2023-02-22 04:47:04,402 [Finalizer] WARN  managed.ManagedRocksObjectUtils (ManagedRocksObjectUtils.java:assertClosed(54)) - ManagedColumnFamilyOptions is not closed properly
2023-02-22 04:47:04,402 [Finalizer] WARN  managed.ManagedRocksObjectUtils (ManagedRocksObjectUtils.java:assertClosed(54)) - RocksIterator is not closed properly
2023-02-22 04:47:04,402 [Finalizer] WARN  managed.ManagedRocksObjectUtils (ManagedRocksObjectUtils.java:assertClosed(54)) - RocksIterator is not closed properly
2023-02-22 04:47:04,402 [Finalizer] WARN  managed.ManagedRocksObjectUtils (ManagedRocksObjectUtils.java:assertClosed(54)) - RocksIterator is not closed properly
2023-02-22 04:47:04,402 [Finalizer] WARN  managed.ManagedRocksObjectUtils (ManagedRocksObjectUtils.java:assertClosed(54)) - RocksIterator is not closed properly
2023-02-22 04:47:04,402 [Finalizer] WARN  managed.ManagedRocksObjectUtils (ManagedRocksObjectUtils.java:assertClosed(54)) - RocksIterator is not closed properly
2023-02-22 04:47:04,402 [Finalizer] WARN  managed.ManagedRocksObjectUtils (ManagedRocksObjectUtils.java:assertClosed(54)) - RocksIterator is not closed properly
2023-02-22 04:47:04,436 [OM StateMachine ApplyTransaction Thread - 0] INFO  snapshot.OMSnapshotCreateRequest (OMSnapshotCreateRequest.java:validateAndUpdateCache(180)) - Created snapshot '84aef437-09bd-4bee-ad6e-e73550680664' under path 'vol-a-39225/buc-a-75009'
2023-02-22 04:47:04,437 [OM StateMachine ApplyTransaction Thread - 0] INFO  snapshot.OMSnapshotCreateRequest (OMSnapshotCreateRequest.java:validateAndUpdateCache(180)) - Created snapshot '84aef437-09bd-4bee-ad6e-e73550680664' under path 'vol-a-39225/buc-a-75009'
2023-02-22 04:47:04,438 [OM StateMachine ApplyTransaction Thread - 0] INFO  snapshot.OMSnapshotCreateRequest (OMSnapshotCreateRequest.java:validateAndUpdateCache(180)) - Created snapshot '84aef437-09bd-4bee-ad6e-e73550680664' under path 'vol-a-39225/buc-a-75009'
2023-02-22 04:47:04,469 [OMDoubleBufferFlushThread] INFO  db.RDBCheckpointManager (RDBCheckpointManager.java:createCheckpoint(96)) - Created checkpoint in rocksDB at /home/runner/work/ozone/ozone/hadoop-ozone/integration-test/target/test-dir/MiniOzoneClusterImpl-7cc88fad-c9bf-4c80-b076-d2cf48673a1e/omNode-3/db.snapshots/om.db-5fb52ca7-39c8-4f24-9190-341aead2c3b4 in 31 milliseconds
2023-02-22 04:47:04,469 [OMDoubleBufferFlushThread] INFO  db.RDBCheckpointManager (RDBCheckpointManager.java:createCheckpoint(96)) - Created checkpoint in rocksDB at /home/runner/work/ozone/ozone/hadoop-ozone/integration-test/target/test-dir/MiniOzoneClusterImpl-7cc88fad-c9bf-4c80-b076-d2cf48673a1e/omNode-2/db.snapshots/om.db-5fb52ca7-39c8-4f24-9190-341aead2c3b4 in 31 milliseconds
2023-02-22 04:47:04,471 [OMDoubleBufferFlushThread] INFO  db.RDBCheckpointManager (RDBCheckpointManager.java:createCheckpoint(96)) - Created checkpoint in rocksDB at /home/runner/work/ozone/ozone/hadoop-ozone/integration-test/target/test-dir/MiniOzoneClusterImpl-7cc88fad-c9bf-4c80-b076-d2cf48673a1e/omNode-1/db.snapshots/om.db-5fb52ca7-39c8-4f24-9190-341aead2c3b4 in 33 milliseconds
2023-02-22 04:47:04,478 [OMDoubleBufferFlushThread] INFO  db.RDBCheckpointManager (RDBCheckpointManager.java:waitForCheckpointDirectoryExist(125)) - Waited for 9 milliseconds for checkpoint directory /home/runner/work/ozone/ozone/hadoop-ozone/integration-test/target/test-dir/MiniOzoneClusterImpl-7cc88fad-c9bf-4c80-b076-d2cf48673a1e/omNode-3/db.snapshots/om.db-5fb52ca7-39c8-4f24-9190-341aead2c3b4 availability.
2023-02-22 04:47:04,478 [OMDoubleBufferFlushThread] INFO  om.OmSnapshotManager (OmSnapshotManager.java:createOmSnapshotCheckpoint(163)) - Created checkpoint : /home/runner/work/ozone/ozone/hadoop-ozone/integration-test/target/test-dir/MiniOzoneClusterImpl-7cc88fad-c9bf-4c80-b076-d2cf48673a1e/omNode-3/db.snapshots/om.db-5fb52ca7-39c8-4f24-9190-341aead2c3b4 for snapshot 84aef437-09bd-4bee-ad6e-e73550680664
2023-02-22 04:47:04,478 [OMDoubleBufferFlushThread] INFO  db.RDBCheckpointManager (RDBCheckpointManager.java:waitForCheckpointDirectoryExist(125)) - Waited for 9 milliseconds for checkpoint directory /home/runner/work/ozone/ozone/hadoop-ozone/integration-test/target/test-dir/MiniOzoneClusterImpl-7cc88fad-c9bf-4c80-b076-d2cf48673a1e/omNode-2/db.snapshots/om.db-5fb52ca7-39c8-4f24-9190-341aead2c3b4 availability.
2023-02-22 04:47:04,478 [OMDoubleBufferFlushThread] INFO  om.OmSnapshotManager (OmSnapshotManager.java:createOmSnapshotCheckpoint(163)) - Created checkpoint : /home/runner/work/ozone/ozone/hadoop-ozone/integration-test/target/test-dir/MiniOzoneClusterImpl-7cc88fad-c9bf-4c80-b076-d2cf48673a1e/omNode-2/db.snapshots/om.db-5fb52ca7-39c8-4f24-9190-341aead2c3b4 for snapshot 84aef437-09bd-4bee-ad6e-e73550680664
2023-02-22 04:47:04,478 [OMDoubleBufferFlushThread] INFO  db.RDBCheckpointManager (RDBCheckpointManager.java:waitForCheckpointDirectoryExist(125)) - Waited for 7 milliseconds for checkpoint directory /home/runner/work/ozone/ozone/hadoop-ozone/integration-test/target/test-dir/MiniOzoneClusterImpl-7cc88fad-c9bf-4c80-b076-d2cf48673a1e/omNode-1/db.snapshots/om.db-5fb52ca7-39c8-4f24-9190-341aead2c3b4 availability.
2023-02-22 04:47:04,478 [OMDoubleBufferFlushThread] INFO  om.OmSnapshotManager (OmSnapshotManager.java:createOmSnapshotCheckpoint(163)) - Created checkpoint : /home/runner/work/ozone/ozone/hadoop-ozone/integration-test/target/test-dir/MiniOzoneClusterImpl-7cc88fad-c9bf-4c80-b076-d2cf48673a1e/omNode-1/db.snapshots/om.db-5fb52ca7-39c8-4f24-9190-341aead2c3b4 for snapshot 84aef437-09bd-4bee-ad6e-e73550680664
2023-02-22 04:47:05,438 [IPC Server handler 4 on default port 46571] WARN  server.ServerUtils (ServerUtils.java:getDBPath(225)) - ozone.om.db.dirs is not configured. We recommend adding this setting. Falling back to ozone.metadata.dirs instead.
2023-02-22 04:47:05,438 [IPC Server handler 4 on default port 46571] INFO  codec.OmKeyInfoCodec (OmKeyInfoCodec.java:<init>(49)) - OmKeyInfoCodec ignorePipeline = true
2023-02-22 04:47:05,438 [IPC Server handler 4 on default port 46571] INFO  codec.RepeatedOmKeyInfoCodec (RepeatedOmKeyInfoCodec.java:<init>(41)) - RepeatedOmKeyInfoCodec ignorePipeline = true
2023-02-22 04:47:05,465 [OM StateMachine ApplyTransaction Thread - 0] INFO  snapshot.OMSnapshotCreateRequest (OMSnapshotCreateRequest.java:validateAndUpdateCache(180)) - Created snapshot 'a404d2b8-7d0a-4bb6-9fb4-86415bb0a6e2' under path 'vol-a-39225/buc-b-19335'
2023-02-22 04:47:05,466 [OM StateMachine ApplyTransaction Thread - 0] INFO  snapshot.OMSnapshotCreateRequest (OMSnapshotCreateRequest.java:validateAndUpdateCache(180)) - Created snapshot 'a404d2b8-7d0a-4bb6-9fb4-86415bb0a6e2' under path 'vol-a-39225/buc-b-19335'
2023-02-22 04:47:05,467 [OM StateMachine ApplyTransaction Thread - 0] INFO  snapshot.OMSnapshotCreateRequest (OMSnapshotCreateRequest.java:validateAndUpdateCache(180)) - Created snapshot 'a404d2b8-7d0a-4bb6-9fb4-86415bb0a6e2' under path 'vol-a-39225/buc-b-19335'
2023-02-22 04:47:05,477 [OMDoubleBufferFlushThread] INFO  db.RDBCheckpointManager (RDBCheckpointManager.java:createCheckpoint(96)) - Created checkpoint in rocksDB at /home/runner/work/ozone/ozone/hadoop-ozone/integration-test/target/test-dir/MiniOzoneClusterImpl-7cc88fad-c9bf-4c80-b076-d2cf48673a1e/omNode-3/db.snapshots/om.db-eaf2cd76-6ee0-4075-bbc7-114c8d250335 in 9 milliseconds
2023-02-22 04:47:05,478 [OMDoubleBufferFlushThread] INFO  db.RDBCheckpointManager (RDBCheckpointManager.java:waitForCheckpointDirectoryExist(125)) - Waited for 0 milliseconds for checkpoint directory /home/runner/work/ozone/ozone/hadoop-ozone/integration-test/target/test-dir/MiniOzoneClusterImpl-7cc88fad-c9bf-4c80-b076-d2cf48673a1e/omNode-3/db.snapshots/om.db-eaf2cd76-6ee0-4075-bbc7-114c8d250335 availability.
2023-02-22 04:47:05,478 [OMDoubleBufferFlushThread] INFO  om.OmSnapshotManager (OmSnapshotManager.java:createOmSnapshotCheckpoint(163)) - Created checkpoint : /home/runner/work/ozone/ozone/hadoop-ozone/integration-test/target/test-dir/MiniOzoneClusterImpl-7cc88fad-c9bf-4c80-b076-d2cf48673a1e/omNode-3/db.snapshots/om.db-eaf2cd76-6ee0-4075-bbc7-114c8d250335 for snapshot a404d2b8-7d0a-4bb6-9fb4-86415bb0a6e2
2023-02-22 04:47:05,480 [OMDoubleBufferFlushThread] INFO  db.RDBCheckpointManager (RDBCheckpointManager.java:createCheckpoint(96)) - Created checkpoint in rocksDB at /home/runner/work/ozone/ozone/hadoop-ozone/integration-test/target/test-dir/MiniOzoneClusterImpl-7cc88fad-c9bf-4c80-b076-d2cf48673a1e/omNode-1/db.snapshots/om.db-eaf2cd76-6ee0-4075-bbc7-114c8d250335 in 13 milliseconds
2023-02-22 04:47:05,481 [OMDoubleBufferFlushThread] INFO  db.RDBCheckpointManager (RDBCheckpointManager.java:waitForCheckpointDirectoryExist(125)) - Waited for 1 milliseconds for checkpoint directory /home/runner/work/ozone/ozone/hadoop-ozone/integration-test/target/test-dir/MiniOzoneClusterImpl-7cc88fad-c9bf-4c80-b076-d2cf48673a1e/omNode-1/db.snapshots/om.db-eaf2cd76-6ee0-4075-bbc7-114c8d250335 availability.
2023-02-22 04:47:05,481 [OMDoubleBufferFlushThread] INFO  om.OmSnapshotManager (OmSnapshotManager.java:createOmSnapshotCheckpoint(163)) - Created checkpoint : /home/runner/work/ozone/ozone/hadoop-ozone/integration-test/target/test-dir/MiniOzoneClusterImpl-7cc88fad-c9bf-4c80-b076-d2cf48673a1e/omNode-1/db.snapshots/om.db-eaf2cd76-6ee0-4075-bbc7-114c8d250335 for snapshot a404d2b8-7d0a-4bb6-9fb4-86415bb0a6e2
2023-02-22 04:47:05,482 [OMDoubleBufferFlushThread] INFO  db.RDBCheckpointManager (RDBCheckpointManager.java:createCheckpoint(96)) - Created checkpoint in rocksDB at /home/runner/work/ozone/ozone/hadoop-ozone/integration-test/target/test-dir/MiniOzoneClusterImpl-7cc88fad-c9bf-4c80-b076-d2cf48673a1e/omNode-2/db.snapshots/om.db-eaf2cd76-6ee0-4075-bbc7-114c8d250335 in 14 milliseconds
2023-02-22 04:47:05,483 [OMDoubleBufferFlushThread] INFO  db.RDBCheckpointManager (RDBCheckpointManager.java:waitForCheckpointDirectoryExist(125)) - Waited for 0 milliseconds for checkpoint directory /home/runner/work/ozone/ozone/hadoop-ozone/integration-test/target/test-dir/MiniOzoneClusterImpl-7cc88fad-c9bf-4c80-b076-d2cf48673a1e/omNode-2/db.snapshots/om.db-eaf2cd76-6ee0-4075-bbc7-114c8d250335 availability.
2023-02-22 04:47:05,483 [OMDoubleBufferFlushThread] INFO  om.OmSnapshotManager (OmSnapshotManager.java:createOmSnapshotCheckpoint(163)) - Created checkpoint : /home/runner/work/ozone/ozone/hadoop-ozone/integration-test/target/test-dir/MiniOzoneClusterImpl-7cc88fad-c9bf-4c80-b076-d2cf48673a1e/omNode-2/db.snapshots/om.db-eaf2cd76-6ee0-4075-bbc7-114c8d250335 for snapshot a404d2b8-7d0a-4bb6-9fb4-86415bb0a6e2
2023-02-22 04:47:06,518 [IPC Server handler 17 on default port 46571] WARN  server.ServerUtils (ServerUtils.java:getDBPath(225)) - ozone.om.db.dirs is not configured. We recommend adding this setting. Falling back to ozone.metadata.dirs instead.
2023-02-22 04:47:06,518 [IPC Server handler 17 on default port 46571] INFO  codec.OmKeyInfoCodec (OmKeyInfoCodec.java:<init>(49)) - OmKeyInfoCodec ignorePipeline = true
2023-02-22 04:47:06,518 [IPC Server handler 17 on default port 46571] INFO  codec.RepeatedOmKeyInfoCodec (RepeatedOmKeyInfoCodec.java:<init>(41)) - RepeatedOmKeyInfoCodec ignorePipeline = true
2023-02-22 04:47:06,566 [OM StateMachine ApplyTransaction Thread - 0] INFO  snapshot.OMSnapshotCreateRequest (OMSnapshotCreateRequest.java:validateAndUpdateCache(180)) - Created snapshot 'c44ebabb-3c07-4bc4-be41-33bf7d5ccae3' under path 'vol-b-69860/buc-a-75009'
2023-02-22 04:47:06,567 [OM StateMachine ApplyTransaction Thread - 0] INFO  snapshot.OMSnapshotCreateRequest (OMSnapshotCreateRequest.java:validateAndUpdateCache(180)) - Created snapshot 'c44ebabb-3c07-4bc4-be41-33bf7d5ccae3' under path 'vol-b-69860/buc-a-75009'
2023-02-22 04:47:06,568 [OM StateMachine ApplyTransaction Thread - 0] INFO  snapshot.OMSnapshotCreateRequest (OMSnapshotCreateRequest.java:validateAndUpdateCache(180)) - Created snapshot 'c44ebabb-3c07-4bc4-be41-33bf7d5ccae3' under path 'vol-b-69860/buc-a-75009'
2023-02-22 04:47:06,591 [OMDoubleBufferFlushThread] INFO  db.RDBCheckpointManager (RDBCheckpointManager.java:createCheckpoint(96)) - Created checkpoint in rocksDB at /home/runner/work/ozone/ozone/hadoop-ozone/integration-test/target/test-dir/MiniOzoneClusterImpl-7cc88fad-c9bf-4c80-b076-d2cf48673a1e/omNode-1/db.snapshots/om.db-8472b394-91c2-476e-8d2f-6971fb15374a in 23 milliseconds
2023-02-22 04:47:06,592 [OMDoubleBufferFlushThread] INFO  db.RDBCheckpointManager (RDBCheckpointManager.java:createCheckpoint(96)) - Created checkpoint in rocksDB at /home/runner/work/ozone/ozone/hadoop-ozone/integration-test/target/test-dir/MiniOzoneClusterImpl-7cc88fad-c9bf-4c80-b076-d2cf48673a1e/omNode-2/db.snapshots/om.db-8472b394-91c2-476e-8d2f-6971fb15374a in 23 milliseconds
2023-02-22 04:47:06,597 [OMDoubleBufferFlushThread] INFO  db.RDBCheckpointManager (RDBCheckpointManager.java:waitForCheckpointDirectoryExist(125)) - Waited for 6 milliseconds for checkpoint directory /home/runner/work/ozone/ozone/hadoop-ozone/integration-test/target/test-dir/MiniOzoneClusterImpl-7cc88fad-c9bf-4c80-b076-d2cf48673a1e/omNode-1/db.snapshots/om.db-8472b394-91c2-476e-8d2f-6971fb15374a availability.
2023-02-22 04:47:06,597 [OMDoubleBufferFlushThread] INFO  om.OmSnapshotManager (OmSnapshotManager.java:createOmSnapshotCheckpoint(163)) - Created checkpoint : /home/runner/work/ozone/ozone/hadoop-ozone/integration-test/target/test-dir/MiniOzoneClusterImpl-7cc88fad-c9bf-4c80-b076-d2cf48673a1e/omNode-1/db.snapshots/om.db-8472b394-91c2-476e-8d2f-6971fb15374a for snapshot c44ebabb-3c07-4bc4-be41-33bf7d5ccae3
2023-02-22 04:47:06,598 [OMDoubleBufferFlushThread] INFO  db.RDBCheckpointManager (RDBCheckpointManager.java:waitForCheckpointDirectoryExist(125)) - Waited for 6 milliseconds for checkpoint directory /home/runner/work/ozone/ozone/hadoop-ozone/integration-test/target/test-dir/MiniOzoneClusterImpl-7cc88fad-c9bf-4c80-b076-d2cf48673a1e/omNode-2/db.snapshots/om.db-8472b394-91c2-476e-8d2f-6971fb15374a availability.
2023-02-22 04:47:06,598 [OMDoubleBufferFlushThread] INFO  om.OmSnapshotManager (OmSnapshotManager.java:createOmSnapshotCheckpoint(163)) - Created checkpoint : /home/runner/work/ozone/ozone/hadoop-ozone/integration-test/target/test-dir/MiniOzoneClusterImpl-7cc88fad-c9bf-4c80-b076-d2cf48673a1e/omNode-2/db.snapshots/om.db-8472b394-91c2-476e-8d2f-6971fb15374a for snapshot c44ebabb-3c07-4bc4-be41-33bf7d5ccae3
2023-02-22 04:47:06,601 [OMDoubleBufferFlushThread] INFO  db.RDBCheckpointManager (RDBCheckpointManager.java:createCheckpoint(96)) - Created checkpoint in rocksDB at /home/runner/work/ozone/ozone/hadoop-ozone/integration-test/target/test-dir/MiniOzoneClusterImpl-7cc88fad-c9bf-4c80-b076-d2cf48673a1e/omNode-3/db.snapshots/om.db-8472b394-91c2-476e-8d2f-6971fb15374a in 33 milliseconds
2023-02-22 04:47:06,601 [OMDoubleBufferFlushThread] INFO  db.RDBCheckpointManager (RDBCheckpointManager.java:waitForCheckpointDirectoryExist(125)) - Waited for 0 milliseconds for checkpoint directory /home/runner/work/ozone/ozone/hadoop-ozone/integration-test/target/test-dir/MiniOzoneClusterImpl-7cc88fad-c9bf-4c80-b076-d2cf48673a1e/omNode-3/db.snapshots/om.db-8472b394-91c2-476e-8d2f-6971fb15374a availability.
2023-02-22 04:47:06,602 [OMDoubleBufferFlushThread] INFO  om.OmSnapshotManager (OmSnapshotManager.java:createOmSnapshotCheckpoint(163)) - Created checkpoint : /home/runner/work/ozone/ozone/hadoop-ozone/integration-test/target/test-dir/MiniOzoneClusterImpl-7cc88fad-c9bf-4c80-b076-d2cf48673a1e/omNode-3/db.snapshots/om.db-8472b394-91c2-476e-8d2f-6971fb15374a for snapshot c44ebabb-3c07-4bc4-be41-33bf7d5ccae3
2023-02-22 04:47:07,623 [IPC Server handler 9 on default port 46571] WARN  server.ServerUtils (ServerUtils.java:getDBPath(225)) - ozone.om.db.dirs is not configured. We recommend adding this setting. Falling back to ozone.metadata.dirs instead.
2023-02-22 04:47:07,623 [IPC Server handler 9 on default port 46571] INFO  codec.OmKeyInfoCodec (OmKeyInfoCodec.java:<init>(49)) - OmKeyInfoCodec ignorePipeline = true
2023-02-22 04:47:07,623 [IPC Server handler 9 on default port 46571] INFO  codec.RepeatedOmKeyInfoCodec (RepeatedOmKeyInfoCodec.java:<init>(41)) - RepeatedOmKeyInfoCodec ignorePipeline = true
2023-02-22 04:47:07,650 [OM StateMachine ApplyTransaction Thread - 0] INFO  snapshot.OMSnapshotCreateRequest (OMSnapshotCreateRequest.java:validateAndUpdateCache(180)) - Created snapshot 'ec1abfa3-0b3a-4c85-929d-9b09696a8e4a' under path 'vol-b-69860/buc-b-19335'
2023-02-22 04:47:07,651 [OM StateMachine ApplyTransaction Thread - 0] INFO  snapshot.OMSnapshotCreateRequest (OMSnapshotCreateRequest.java:validateAndUpdateCache(180)) - Created snapshot 'ec1abfa3-0b3a-4c85-929d-9b09696a8e4a' under path 'vol-b-69860/buc-b-19335'
2023-02-22 04:47:07,652 [OM StateMachine ApplyTransaction Thread - 0] INFO  snapshot.OMSnapshotCreateRequest (OMSnapshotCreateRequest.java:validateAndUpdateCache(180)) - Created snapshot 'ec1abfa3-0b3a-4c85-929d-9b09696a8e4a' under path 'vol-b-69860/buc-b-19335'
2023-02-22 04:47:07,672 [OMDoubleBufferFlushThread] INFO  db.RDBCheckpointManager (RDBCheckpointManager.java:createCheckpoint(96)) - Created checkpoint in rocksDB at /home/runner/work/ozone/ozone/hadoop-ozone/integration-test/target/test-dir/MiniOzoneClusterImpl-7cc88fad-c9bf-4c80-b076-d2cf48673a1e/omNode-2/db.snapshots/om.db-57042b11-bb4e-4134-b238-ef0c106a33db in 19 milliseconds
2023-02-22 04:47:07,673 [OMDoubleBufferFlushThread] INFO  db.RDBCheckpointManager (RDBCheckpointManager.java:waitForCheckpointDirectoryExist(125)) - Waited for 0 milliseconds for checkpoint directory /home/runner/work/ozone/ozone/hadoop-ozone/integration-test/target/test-dir/MiniOzoneClusterImpl-7cc88fad-c9bf-4c80-b076-d2cf48673a1e/omNode-2/db.snapshots/om.db-57042b11-bb4e-4134-b238-ef0c106a33db availability.
2023-02-22 04:47:07,673 [OMDoubleBufferFlushThread] INFO  om.OmSnapshotManager (OmSnapshotManager.java:createOmSnapshotCheckpoint(163)) - Created checkpoint : /home/runner/work/ozone/ozone/hadoop-ozone/integration-test/target/test-dir/MiniOzoneClusterImpl-7cc88fad-c9bf-4c80-b076-d2cf48673a1e/omNode-2/db.snapshots/om.db-57042b11-bb4e-4134-b238-ef0c106a33db for snapshot ec1abfa3-0b3a-4c85-929d-9b09696a8e4a
2023-02-22 04:47:07,677 [OMDoubleBufferFlushThread] INFO  db.RDBCheckpointManager (RDBCheckpointManager.java:createCheckpoint(96)) - Created checkpoint in rocksDB at /home/runner/work/ozone/ozone/hadoop-ozone/integration-test/target/test-dir/MiniOzoneClusterImpl-7cc88fad-c9bf-4c80-b076-d2cf48673a1e/omNode-3/db.snapshots/om.db-57042b11-bb4e-4134-b238-ef0c106a33db in 25 milliseconds
2023-02-22 04:47:07,677 [OMDoubleBufferFlushThread] INFO  db.RDBCheckpointManager (RDBCheckpointManager.java:waitForCheckpointDirectoryExist(125)) - Waited for 0 milliseconds for checkpoint directory /home/runner/work/ozone/ozone/hadoop-ozone/integration-test/target/test-dir/MiniOzoneClusterImpl-7cc88fad-c9bf-4c80-b076-d2cf48673a1e/omNode-3/db.snapshots/om.db-57042b11-bb4e-4134-b238-ef0c106a33db availability.
2023-02-22 04:47:07,678 [OMDoubleBufferFlushThread] INFO  om.OmSnapshotManager (OmSnapshotManager.java:createOmSnapshotCheckpoint(163)) - Created checkpoint : /home/runner/work/ozone/ozone/hadoop-ozone/integration-test/target/test-dir/MiniOzoneClusterImpl-7cc88fad-c9bf-4c80-b076-d2cf48673a1e/omNode-3/db.snapshots/om.db-57042b11-bb4e-4134-b238-ef0c106a33db for snapshot ec1abfa3-0b3a-4c85-929d-9b09696a8e4a
2023-02-22 04:47:07,680 [OMDoubleBufferFlushThread] INFO  db.RDBCheckpointManager (RDBCheckpointManager.java:createCheckpoint(96)) - Created checkpoint in rocksDB at /home/runner/work/ozone/ozone/hadoop-ozone/integration-test/target/test-dir/MiniOzoneClusterImpl-7cc88fad-c9bf-4c80-b076-d2cf48673a1e/omNode-1/db.snapshots/om.db-57042b11-bb4e-4134-b238-ef0c106a33db in 28 milliseconds
2023-02-22 04:47:07,680 [OMDoubleBufferFlushThread] INFO  db.RDBCheckpointManager (RDBCheckpointManager.java:waitForCheckpointDirectoryExist(125)) - Waited for 0 milliseconds for checkpoint directory /home/runner/work/ozone/ozone/hadoop-ozone/integration-test/target/test-dir/MiniOzoneClusterImpl-7cc88fad-c9bf-4c80-b076-d2cf48673a1e/omNode-1/db.snapshots/om.db-57042b11-bb4e-4134-b238-ef0c106a33db availability.
2023-02-22 04:47:07,680 [OMDoubleBufferFlushThread] INFO  om.OmSnapshotManager (OmSnapshotManager.java:createOmSnapshotCheckpoint(163)) - Created checkpoint : /home/runner/work/ozone/ozone/hadoop-ozone/integration-test/target/test-dir/MiniOzoneClusterImpl-7cc88fad-c9bf-4c80-b076-d2cf48673a1e/omNode-1/db.snapshots/om.db-57042b11-bb4e-4134-b238-ef0c106a33db for snapshot ec1abfa3-0b3a-4c85-929d-9b09696a8e4a
2023-02-22 04:47:08,705 [IPC Server handler 0 on default port 46571] WARN  server.ServerUtils (ServerUtils.java:getDBPath(225)) - ozone.om.db.dirs is not configured. We recommend adding this setting. Falling back to ozone.metadata.dirs instead.
2023-02-22 04:47:08,706 [IPC Server handler 0 on default port 46571] INFO  codec.OmKeyInfoCodec (OmKeyInfoCodec.java:<init>(49)) - OmKeyInfoCodec ignorePipeline = true
2023-02-22 04:47:08,706 [IPC Server handler 0 on default port 46571] INFO  codec.RepeatedOmKeyInfoCodec (RepeatedOmKeyInfoCodec.java:<init>(41)) - RepeatedOmKeyInfoCodec ignorePipeline = true
2023-02-22 04:47:08,732 [OM StateMachine ApplyTransaction Thread - 0] INFO  snapshot.OMSnapshotCreateRequest (OMSnapshotCreateRequest.java:validateAndUpdateCache(180)) - Created snapshot '424eb22b-ee8e-4dc0-a143-c26be426a1b8' under path 'vol-a-39225/buc-a-75009'
2023-02-22 04:47:08,734 [OM StateMachine ApplyTransaction Thread - 0] INFO  snapshot.OMSnapshotCreateRequest (OMSnapshotCreateRequest.java:validateAndUpdateCache(180)) - Created snapshot '424eb22b-ee8e-4dc0-a143-c26be426a1b8' under path 'vol-a-39225/buc-a-75009'
2023-02-22 04:47:08,735 [OM StateMachine ApplyTransaction Thread - 0] INFO  snapshot.OMSnapshotCreateRequest (OMSnapshotCreateRequest.java:validateAndUpdateCache(180)) - Created snapshot '424eb22b-ee8e-4dc0-a143-c26be426a1b8' under path 'vol-a-39225/buc-a-75009'
2023-02-22 04:47:08,753 [OMDoubleBufferFlushThread] INFO  db.RDBCheckpointManager (RDBCheckpointManager.java:createCheckpoint(96)) - Created checkpoint in rocksDB at /home/runner/work/ozone/ozone/hadoop-ozone/integration-test/target/test-dir/MiniOzoneClusterImpl-7cc88fad-c9bf-4c80-b076-d2cf48673a1e/omNode-2/db.snapshots/om.db-1ca227a8-988b-4667-b006-573df21305f7 in 18 milliseconds
2023-02-22 04:47:08,754 [OMDoubleBufferFlushThread] INFO  db.RDBCheckpointManager (RDBCheckpointManager.java:waitForCheckpointDirectoryExist(125)) - Waited for 1 milliseconds for checkpoint directory /home/runner/work/ozone/ozone/hadoop-ozone/integration-test/target/test-dir/MiniOzoneClusterImpl-7cc88fad-c9bf-4c80-b076-d2cf48673a1e/omNode-2/db.snapshots/om.db-1ca227a8-988b-4667-b006-573df21305f7 availability.
2023-02-22 04:47:08,754 [OMDoubleBufferFlushThread] INFO  om.OmSnapshotManager (OmSnapshotManager.java:createOmSnapshotCheckpoint(163)) - Created checkpoint : /home/runner/work/ozone/ozone/hadoop-ozone/integration-test/target/test-dir/MiniOzoneClusterImpl-7cc88fad-c9bf-4c80-b076-d2cf48673a1e/omNode-2/db.snapshots/om.db-1ca227a8-988b-4667-b006-573df21305f7 for snapshot 424eb22b-ee8e-4dc0-a143-c26be426a1b8
2023-02-22 04:47:08,754 [OMDoubleBufferFlushThread] INFO  db.RDBCheckpointManager (RDBCheckpointManager.java:createCheckpoint(96)) - Created checkpoint in rocksDB at /home/runner/work/ozone/ozone/hadoop-ozone/integration-test/target/test-dir/MiniOzoneClusterImpl-7cc88fad-c9bf-4c80-b076-d2cf48673a1e/omNode-1/db.snapshots/om.db-1ca227a8-988b-4667-b006-573df21305f7 in 20 milliseconds
2023-02-22 04:47:08,755 [OMDoubleBufferFlushThread] INFO  db.RDBCheckpointManager (RDBCheckpointManager.java:waitForCheckpointDirectoryExist(125)) - Waited for 1 milliseconds for checkpoint directory /home/runner/work/ozone/ozone/hadoop-ozone/integration-test/target/test-dir/MiniOzoneClusterImpl-7cc88fad-c9bf-4c80-b076-d2cf48673a1e/omNode-1/db.snapshots/om.db-1ca227a8-988b-4667-b006-573df21305f7 availability.
2023-02-22 04:47:08,755 [OMDoubleBufferFlushThread] INFO  om.OmSnapshotManager (OmSnapshotManager.java:createOmSnapshotCheckpoint(163)) - Created checkpoint : /home/runner/work/ozone/ozone/hadoop-ozone/integration-test/target/test-dir/MiniOzoneClusterImpl-7cc88fad-c9bf-4c80-b076-d2cf48673a1e/omNode-1/db.snapshots/om.db-1ca227a8-988b-4667-b006-573df21305f7 for snapshot 424eb22b-ee8e-4dc0-a143-c26be426a1b8
2023-02-22 04:47:08,757 [OMDoubleBufferFlushThread] INFO  db.RDBCheckpointManager (RDBCheckpointManager.java:createCheckpoint(96)) - Created checkpoint in rocksDB at /home/runner/work/ozone/ozone/hadoop-ozone/integration-test/target/test-dir/MiniOzoneClusterImpl-7cc88fad-c9bf-4c80-b076-d2cf48673a1e/omNode-3/db.snapshots/om.db-1ca227a8-988b-4667-b006-573df21305f7 in 21 milliseconds
2023-02-22 04:47:08,758 [OMDoubleBufferFlushThread] INFO  db.RDBCheckpointManager (RDBCheckpointManager.java:waitForCheckpointDirectoryExist(125)) - Waited for 1 milliseconds for checkpoint directory /home/runner/work/ozone/ozone/hadoop-ozone/integration-test/target/test-dir/MiniOzoneClusterImpl-7cc88fad-c9bf-4c80-b076-d2cf48673a1e/omNode-3/db.snapshots/om.db-1ca227a8-988b-4667-b006-573df21305f7 availability.
2023-02-22 04:47:08,758 [OMDoubleBufferFlushThread] INFO  om.OmSnapshotManager (OmSnapshotManager.java:createOmSnapshotCheckpoint(163)) - Created checkpoint : /home/runner/work/ozone/ozone/hadoop-ozone/integration-test/target/test-dir/MiniOzoneClusterImpl-7cc88fad-c9bf-4c80-b076-d2cf48673a1e/omNode-3/db.snapshots/om.db-1ca227a8-988b-4667-b006-573df21305f7 for snapshot 424eb22b-ee8e-4dc0-a143-c26be426a1b8
2023-02-22 04:47:09,790 [IPC Server handler 4 on default port 46571] WARN  server.ServerUtils (ServerUtils.java:getDBPath(225)) - ozone.om.db.dirs is not configured. We recommend adding this setting. Falling back to ozone.metadata.dirs instead.
2023-02-22 04:47:09,791 [IPC Server handler 4 on default port 46571] INFO  codec.OmKeyInfoCodec (OmKeyInfoCodec.java:<init>(49)) - OmKeyInfoCodec ignorePipeline = true
2023-02-22 04:47:09,791 [IPC Server handler 4 on default port 46571] INFO  codec.RepeatedOmKeyInfoCodec (RepeatedOmKeyInfoCodec.java:<init>(41)) - RepeatedOmKeyInfoCodec ignorePipeline = true
]]></system-out>
  </testcase>
  <testcase name="testBucketDeleteIfSnapshotExists" classname="TestOmSnapshot" time="1.131">
    <system-out><![CDATA[2023-02-22 04:45:20,705 [Time-limited test] INFO  rpc.RpcClient (RpcClient.java:createVolume(476)) - Creating Volume: vol-71763, with runner as owner and space quota set to -1 bytes, counts quota set to -1
2023-02-22 04:45:20,708 [OM StateMachine ApplyTransaction Thread - 0] INFO  volume.OMVolumeCreateRequest (OMVolumeCreateRequest.java:validateAndUpdateCache(195)) - created volume:vol-71763 for user:runner
2023-02-22 04:45:20,710 [OM StateMachine ApplyTransaction Thread - 0] INFO  volume.OMVolumeCreateRequest (OMVolumeCreateRequest.java:validateAndUpdateCache(195)) - created volume:vol-71763 for user:runner
2023-02-22 04:45:20,710 [OM StateMachine ApplyTransaction Thread - 0] INFO  volume.OMVolumeCreateRequest (OMVolumeCreateRequest.java:validateAndUpdateCache(195)) - created volume:vol-71763 for user:runner
2023-02-22 04:45:20,713 [Time-limited test] INFO  rpc.RpcClient (RpcClient.java:createBucket(698)) - Creating Bucket: vol-71763/buc-16285, with server-side default bucket layout, runner as owner, Versioning false, Storage Type set to DISK and Encryption set to false, Replication Type set to server-side default replication type, Namespace Quota set to -1, Space Quota set to -1 
2023-02-22 04:45:20,715 [OM StateMachine ApplyTransaction Thread - 0] INFO  bucket.OMBucketCreateRequest (OMBucketCreateRequest.java:validateAndUpdateCache(263)) - created bucket: buc-16285 of layout OBJECT_STORE in volume: vol-71763
2023-02-22 04:45:20,717 [OM StateMachine ApplyTransaction Thread - 0] INFO  bucket.OMBucketCreateRequest (OMBucketCreateRequest.java:validateAndUpdateCache(263)) - created bucket: buc-16285 of layout OBJECT_STORE in volume: vol-71763
2023-02-22 04:45:20,717 [OM StateMachine ApplyTransaction Thread - 0] INFO  bucket.OMBucketCreateRequest (OMBucketCreateRequest.java:validateAndUpdateCache(263)) - created bucket: buc-16285 of layout OBJECT_STORE in volume: vol-71763
2023-02-22 04:45:20,718 [Time-limited test] INFO  rpc.RpcClient (RpcClient.java:createBucket(698)) - Creating Bucket: vol-71763/buc-46835, with server-side default bucket layout, runner as owner, Versioning false, Storage Type set to DISK and Encryption set to false, Replication Type set to server-side default replication type, Namespace Quota set to -1, Space Quota set to -1 
2023-02-22 04:45:20,720 [OM StateMachine ApplyTransaction Thread - 0] INFO  bucket.OMBucketCreateRequest (OMBucketCreateRequest.java:validateAndUpdateCache(263)) - created bucket: buc-46835 of layout OBJECT_STORE in volume: vol-71763
2023-02-22 04:45:20,721 [OM StateMachine ApplyTransaction Thread - 0] INFO  bucket.OMBucketCreateRequest (OMBucketCreateRequest.java:validateAndUpdateCache(263)) - created bucket: buc-46835 of layout OBJECT_STORE in volume: vol-71763
2023-02-22 04:45:20,721 [OM StateMachine ApplyTransaction Thread - 0] INFO  bucket.OMBucketCreateRequest (OMBucketCreateRequest.java:validateAndUpdateCache(263)) - created bucket: buc-46835 of layout OBJECT_STORE in volume: vol-71763
2023-02-22 04:45:20,778 [OM StateMachine ApplyTransaction Thread - 0] INFO  snapshot.OMSnapshotCreateRequest (OMSnapshotCreateRequest.java:validateAndUpdateCache(180)) - Created snapshot 'd24ab2e2-208c-4e2b-9212-cba8ca496788' under path 'vol-71763/buc-16285'
2023-02-22 04:45:20,780 [OM StateMachine ApplyTransaction Thread - 0] INFO  snapshot.OMSnapshotCreateRequest (OMSnapshotCreateRequest.java:validateAndUpdateCache(180)) - Created snapshot 'd24ab2e2-208c-4e2b-9212-cba8ca496788' under path 'vol-71763/buc-16285'
2023-02-22 04:45:20,780 [OM StateMachine ApplyTransaction Thread - 0] INFO  snapshot.OMSnapshotCreateRequest (OMSnapshotCreateRequest.java:validateAndUpdateCache(180)) - Created snapshot 'd24ab2e2-208c-4e2b-9212-cba8ca496788' under path 'vol-71763/buc-16285'
2023-02-22 04:45:20,813 [OMDoubleBufferFlushThread] INFO  db.RDBCheckpointManager (RDBCheckpointManager.java:createCheckpoint(96)) - Created checkpoint in rocksDB at /home/runner/work/ozone/ozone/hadoop-ozone/integration-test/target/test-dir/MiniOzoneClusterImpl-23364813-765e-4689-b759-17f9bf3914d5/omNode-1/db.snapshots/om.db-38fa8b2a-97d8-401e-9883-49fc491926e4 in 32 milliseconds
2023-02-22 04:45:20,817 [OMDoubleBufferFlushThread] INFO  db.RDBCheckpointManager (RDBCheckpointManager.java:waitForCheckpointDirectoryExist(125)) - Waited for 3 milliseconds for checkpoint directory /home/runner/work/ozone/ozone/hadoop-ozone/integration-test/target/test-dir/MiniOzoneClusterImpl-23364813-765e-4689-b759-17f9bf3914d5/omNode-1/db.snapshots/om.db-38fa8b2a-97d8-401e-9883-49fc491926e4 availability.
2023-02-22 04:45:20,817 [OMDoubleBufferFlushThread] INFO  om.OmSnapshotManager (OmSnapshotManager.java:createOmSnapshotCheckpoint(163)) - Created checkpoint : /home/runner/work/ozone/ozone/hadoop-ozone/integration-test/target/test-dir/MiniOzoneClusterImpl-23364813-765e-4689-b759-17f9bf3914d5/omNode-1/db.snapshots/om.db-38fa8b2a-97d8-401e-9883-49fc491926e4 for snapshot d24ab2e2-208c-4e2b-9212-cba8ca496788
2023-02-22 04:45:20,821 [OMDoubleBufferFlushThread] INFO  db.RDBCheckpointManager (RDBCheckpointManager.java:createCheckpoint(96)) - Created checkpoint in rocksDB at /home/runner/work/ozone/ozone/hadoop-ozone/integration-test/target/test-dir/MiniOzoneClusterImpl-23364813-765e-4689-b759-17f9bf3914d5/omNode-3/db.snapshots/om.db-38fa8b2a-97d8-401e-9883-49fc491926e4 in 39 milliseconds
2023-02-22 04:45:20,821 [OMDoubleBufferFlushThread] INFO  db.RDBCheckpointManager (RDBCheckpointManager.java:waitForCheckpointDirectoryExist(125)) - Waited for 0 milliseconds for checkpoint directory /home/runner/work/ozone/ozone/hadoop-ozone/integration-test/target/test-dir/MiniOzoneClusterImpl-23364813-765e-4689-b759-17f9bf3914d5/omNode-3/db.snapshots/om.db-38fa8b2a-97d8-401e-9883-49fc491926e4 availability.
2023-02-22 04:45:20,821 [OMDoubleBufferFlushThread] INFO  om.OmSnapshotManager (OmSnapshotManager.java:createOmSnapshotCheckpoint(163)) - Created checkpoint : /home/runner/work/ozone/ozone/hadoop-ozone/integration-test/target/test-dir/MiniOzoneClusterImpl-23364813-765e-4689-b759-17f9bf3914d5/omNode-3/db.snapshots/om.db-38fa8b2a-97d8-401e-9883-49fc491926e4 for snapshot d24ab2e2-208c-4e2b-9212-cba8ca496788
2023-02-22 04:45:20,823 [OMDoubleBufferFlushThread] INFO  db.RDBCheckpointManager (RDBCheckpointManager.java:createCheckpoint(96)) - Created checkpoint in rocksDB at /home/runner/work/ozone/ozone/hadoop-ozone/integration-test/target/test-dir/MiniOzoneClusterImpl-23364813-765e-4689-b759-17f9bf3914d5/omNode-2/db.snapshots/om.db-38fa8b2a-97d8-401e-9883-49fc491926e4 in 41 milliseconds
2023-02-22 04:45:20,823 [OMDoubleBufferFlushThread] INFO  db.RDBCheckpointManager (RDBCheckpointManager.java:waitForCheckpointDirectoryExist(125)) - Waited for 0 milliseconds for checkpoint directory /home/runner/work/ozone/ozone/hadoop-ozone/integration-test/target/test-dir/MiniOzoneClusterImpl-23364813-765e-4689-b759-17f9bf3914d5/omNode-2/db.snapshots/om.db-38fa8b2a-97d8-401e-9883-49fc491926e4 availability.
2023-02-22 04:45:20,823 [OMDoubleBufferFlushThread] INFO  om.OmSnapshotManager (OmSnapshotManager.java:createOmSnapshotCheckpoint(163)) - Created checkpoint : /home/runner/work/ozone/ozone/hadoop-ozone/integration-test/target/test-dir/MiniOzoneClusterImpl-23364813-765e-4689-b759-17f9bf3914d5/omNode-2/db.snapshots/om.db-38fa8b2a-97d8-401e-9883-49fc491926e4 for snapshot d24ab2e2-208c-4e2b-9212-cba8ca496788
04:45:21.808 [OM StateMachine ApplyTransaction Thread - 0] ERROR OMAudit - user=runner | ip=127.0.0.1 | op=DELETE_BUCKET {volume=vol-71763, bucket=buc-16285} | ret=FAILURE
org.apache.hadoop.ozone.om.exceptions.OMException: Bucket buc-16285 can't be deleted when it has snapshots
	at org.apache.hadoop.ozone.om.request.bucket.OMBucketDeleteRequest.validateAndUpdateCache(OMBucketDeleteRequest.java:151) ~[ozone-manager-1.4.0-SNAPSHOT.jar:?]
	at org.apache.hadoop.ozone.protocolPB.OzoneManagerRequestHandler.handleWriteRequest(OzoneManagerRequestHandler.java:337) ~[ozone-manager-1.4.0-SNAPSHOT.jar:?]
	at org.apache.hadoop.ozone.om.ratis.OzoneManagerStateMachine.runCommand(OzoneManagerStateMachine.java:533) ~[ozone-manager-1.4.0-SNAPSHOT.jar:?]
	at org.apache.hadoop.ozone.om.ratis.OzoneManagerStateMachine.lambda$1(OzoneManagerStateMachine.java:324) ~[ozone-manager-1.4.0-SNAPSHOT.jar:?]
	at java.util.concurrent.CompletableFuture$AsyncSupply.run(CompletableFuture.java:1604) [?:1.8.0_362]
	at java.util.concurrent.ThreadPoolExecutor.runWorker(ThreadPoolExecutor.java:1149) [?:1.8.0_362]
	at java.util.concurrent.ThreadPoolExecutor$Worker.run(ThreadPoolExecutor.java:624) [?:1.8.0_362]
	at java.lang.Thread.run(Thread.java:750) [?:1.8.0_362]
04:45:21.808 [OM StateMachine ApplyTransaction Thread - 0] ERROR OMAudit - user=runner | ip=127.0.0.1 | op=DELETE_BUCKET {volume=vol-71763, bucket=buc-16285} | ret=FAILURE
org.apache.hadoop.ozone.om.exceptions.OMException: Bucket buc-16285 can't be deleted when it has snapshots
	at org.apache.hadoop.ozone.om.request.bucket.OMBucketDeleteRequest.validateAndUpdateCache(OMBucketDeleteRequest.java:151) ~[ozone-manager-1.4.0-SNAPSHOT.jar:?]
	at org.apache.hadoop.ozone.protocolPB.OzoneManagerRequestHandler.handleWriteRequest(OzoneManagerRequestHandler.java:337) ~[ozone-manager-1.4.0-SNAPSHOT.jar:?]
	at org.apache.hadoop.ozone.om.ratis.OzoneManagerStateMachine.runCommand(OzoneManagerStateMachine.java:533) ~[ozone-manager-1.4.0-SNAPSHOT.jar:?]
	at org.apache.hadoop.ozone.om.ratis.OzoneManagerStateMachine.lambda$1(OzoneManagerStateMachine.java:324) ~[ozone-manager-1.4.0-SNAPSHOT.jar:?]
	at java.util.concurrent.CompletableFuture$AsyncSupply.run(CompletableFuture.java:1604) [?:1.8.0_362]
	at java.util.concurrent.ThreadPoolExecutor.runWorker(ThreadPoolExecutor.java:1149) [?:1.8.0_362]
	at java.util.concurrent.ThreadPoolExecutor$Worker.run(ThreadPoolExecutor.java:624) [?:1.8.0_362]
	at java.lang.Thread.run(Thread.java:750) [?:1.8.0_362]
2023-02-22 04:45:21,820 [OM StateMachine ApplyTransaction Thread - 0] ERROR bucket.OMBucketDeleteRequest (OMBucketDeleteRequest.java:validateAndUpdateCache(213)) - Delete bucket failed for bucket:buc-16285 in volume:vol-71763
CONTAINS_SNAPSHOT org.apache.hadoop.ozone.om.exceptions.OMException: Bucket buc-16285 can't be deleted when it has snapshots
	at org.apache.hadoop.ozone.om.request.bucket.OMBucketDeleteRequest.validateAndUpdateCache(OMBucketDeleteRequest.java:151)
	at org.apache.hadoop.ozone.protocolPB.OzoneManagerRequestHandler.handleWriteRequest(OzoneManagerRequestHandler.java:337)
	at org.apache.hadoop.ozone.om.ratis.OzoneManagerStateMachine.runCommand(OzoneManagerStateMachine.java:533)
	at org.apache.hadoop.ozone.om.ratis.OzoneManagerStateMachine.lambda$1(OzoneManagerStateMachine.java:324)
	at java.util.concurrent.CompletableFuture$AsyncSupply.run(CompletableFuture.java:1604)
	at java.util.concurrent.ThreadPoolExecutor.runWorker(ThreadPoolExecutor.java:1149)
	at java.util.concurrent.ThreadPoolExecutor$Worker.run(ThreadPoolExecutor.java:624)
	at java.lang.Thread.run(Thread.java:750)
04:45:21.808 [OM StateMachine ApplyTransaction Thread - 0] ERROR OMAudit - user=runner | ip=127.0.0.1 | op=DELETE_BUCKET {volume=vol-71763, bucket=buc-16285} | ret=FAILURE
org.apache.hadoop.ozone.om.exceptions.OMException: Bucket buc-16285 can't be deleted when it has snapshots
	at org.apache.hadoop.ozone.om.request.bucket.OMBucketDeleteRequest.validateAndUpdateCache(OMBucketDeleteRequest.java:151) ~[ozone-manager-1.4.0-SNAPSHOT.jar:?]
	at org.apache.hadoop.ozone.protocolPB.OzoneManagerRequestHandler.handleWriteRequest(OzoneManagerRequestHandler.java:337) ~[ozone-manager-1.4.0-SNAPSHOT.jar:?]
	at org.apache.hadoop.ozone.om.ratis.OzoneManagerStateMachine.runCommand(OzoneManagerStateMachine.java:533) ~[ozone-manager-1.4.0-SNAPSHOT.jar:?]
	at org.apache.hadoop.ozone.om.ratis.OzoneManagerStateMachine.lambda$1(OzoneManagerStateMachine.java:324) ~[ozone-manager-1.4.0-SNAPSHOT.jar:?]
	at java.util.concurrent.CompletableFuture$AsyncSupply.run(CompletableFuture.java:1604) [?:1.8.0_362]
	at java.util.concurrent.ThreadPoolExecutor.runWorker(ThreadPoolExecutor.java:1149) [?:1.8.0_362]
	at java.util.concurrent.ThreadPoolExecutor$Worker.run(ThreadPoolExecutor.java:624) [?:1.8.0_362]
	at java.lang.Thread.run(Thread.java:750) [?:1.8.0_362]
2023-02-22 04:45:21,821 [OM StateMachine ApplyTransaction Thread - 0] ERROR bucket.OMBucketDeleteRequest (OMBucketDeleteRequest.java:validateAndUpdateCache(213)) - Delete bucket failed for bucket:buc-16285 in volume:vol-71763
CONTAINS_SNAPSHOT org.apache.hadoop.ozone.om.exceptions.OMException: Bucket buc-16285 can't be deleted when it has snapshots
	at org.apache.hadoop.ozone.om.request.bucket.OMBucketDeleteRequest.validateAndUpdateCache(OMBucketDeleteRequest.java:151)
	at org.apache.hadoop.ozone.protocolPB.OzoneManagerRequestHandler.handleWriteRequest(OzoneManagerRequestHandler.java:337)
	at org.apache.hadoop.ozone.om.ratis.OzoneManagerStateMachine.runCommand(OzoneManagerStateMachine.java:533)
	at org.apache.hadoop.ozone.om.ratis.OzoneManagerStateMachine.lambda$1(OzoneManagerStateMachine.java:324)
	at java.util.concurrent.CompletableFuture$AsyncSupply.run(CompletableFuture.java:1604)
	at java.util.concurrent.ThreadPoolExecutor.runWorker(ThreadPoolExecutor.java:1149)
	at java.util.concurrent.ThreadPoolExecutor$Worker.run(ThreadPoolExecutor.java:624)
	at java.lang.Thread.run(Thread.java:750)
2023-02-22 04:45:21,820 [OM StateMachine ApplyTransaction Thread - 0] ERROR bucket.OMBucketDeleteRequest (OMBucketDeleteRequest.java:validateAndUpdateCache(213)) - Delete bucket failed for bucket:buc-16285 in volume:vol-71763
CONTAINS_SNAPSHOT org.apache.hadoop.ozone.om.exceptions.OMException: Bucket buc-16285 can't be deleted when it has snapshots
	at org.apache.hadoop.ozone.om.request.bucket.OMBucketDeleteRequest.validateAndUpdateCache(OMBucketDeleteRequest.java:151)
	at org.apache.hadoop.ozone.protocolPB.OzoneManagerRequestHandler.handleWriteRequest(OzoneManagerRequestHandler.java:337)
	at org.apache.hadoop.ozone.om.ratis.OzoneManagerStateMachine.runCommand(OzoneManagerStateMachine.java:533)
	at org.apache.hadoop.ozone.om.ratis.OzoneManagerStateMachine.lambda$1(OzoneManagerStateMachine.java:324)
	at java.util.concurrent.CompletableFuture$AsyncSupply.run(CompletableFuture.java:1604)
	at java.util.concurrent.ThreadPoolExecutor.runWorker(ThreadPoolExecutor.java:1149)
	at java.util.concurrent.ThreadPoolExecutor$Worker.run(ThreadPoolExecutor.java:624)
	at java.lang.Thread.run(Thread.java:750)
]]></system-out>
  </testcase>
  <testcase name="testBucketDeleteIfSnapshotExists" classname="TestOmSnapshot" time="1.078">
    <system-out><![CDATA[2023-02-22 04:46:20,307 [Time-limited test] INFO  rpc.RpcClient (RpcClient.java:createVolume(476)) - Creating Volume: vol-58013, with runner as owner and space quota set to -1 bytes, counts quota set to -1
2023-02-22 04:46:20,310 [OM StateMachine ApplyTransaction Thread - 0] INFO  volume.OMVolumeCreateRequest (OMVolumeCreateRequest.java:validateAndUpdateCache(195)) - created volume:vol-58013 for user:runner
2023-02-22 04:46:20,311 [OM StateMachine ApplyTransaction Thread - 0] INFO  volume.OMVolumeCreateRequest (OMVolumeCreateRequest.java:validateAndUpdateCache(195)) - created volume:vol-58013 for user:runner
2023-02-22 04:46:20,311 [OM StateMachine ApplyTransaction Thread - 0] INFO  volume.OMVolumeCreateRequest (OMVolumeCreateRequest.java:validateAndUpdateCache(195)) - created volume:vol-58013 for user:runner
2023-02-22 04:46:20,312 [Time-limited test] INFO  rpc.RpcClient (RpcClient.java:createBucket(698)) - Creating Bucket: vol-58013/buc-63202, with server-side default bucket layout, runner as owner, Versioning false, Storage Type set to DISK and Encryption set to false, Replication Type set to server-side default replication type, Namespace Quota set to -1, Space Quota set to -1 
2023-02-22 04:46:20,314 [OM StateMachine ApplyTransaction Thread - 0] INFO  bucket.OMBucketCreateRequest (OMBucketCreateRequest.java:validateAndUpdateCache(263)) - created bucket: buc-63202 of layout FILE_SYSTEM_OPTIMIZED in volume: vol-58013
2023-02-22 04:46:20,314 [Time-limited test] INFO  rpc.RpcClient (RpcClient.java:createBucket(698)) - Creating Bucket: vol-58013/buc-96634, with server-side default bucket layout, runner as owner, Versioning false, Storage Type set to DISK and Encryption set to false, Replication Type set to server-side default replication type, Namespace Quota set to -1, Space Quota set to -1 
2023-02-22 04:46:20,315 [OM StateMachine ApplyTransaction Thread - 0] INFO  bucket.OMBucketCreateRequest (OMBucketCreateRequest.java:validateAndUpdateCache(263)) - created bucket: buc-63202 of layout FILE_SYSTEM_OPTIMIZED in volume: vol-58013
2023-02-22 04:46:20,315 [OM StateMachine ApplyTransaction Thread - 0] INFO  bucket.OMBucketCreateRequest (OMBucketCreateRequest.java:validateAndUpdateCache(263)) - created bucket: buc-63202 of layout FILE_SYSTEM_OPTIMIZED in volume: vol-58013
2023-02-22 04:46:20,317 [OM StateMachine ApplyTransaction Thread - 0] INFO  bucket.OMBucketCreateRequest (OMBucketCreateRequest.java:validateAndUpdateCache(263)) - created bucket: buc-96634 of layout FILE_SYSTEM_OPTIMIZED in volume: vol-58013
2023-02-22 04:46:20,318 [OM StateMachine ApplyTransaction Thread - 0] INFO  bucket.OMBucketCreateRequest (OMBucketCreateRequest.java:validateAndUpdateCache(263)) - created bucket: buc-96634 of layout FILE_SYSTEM_OPTIMIZED in volume: vol-58013
2023-02-22 04:46:20,318 [OM StateMachine ApplyTransaction Thread - 0] INFO  bucket.OMBucketCreateRequest (OMBucketCreateRequest.java:validateAndUpdateCache(263)) - created bucket: buc-96634 of layout FILE_SYSTEM_OPTIMIZED in volume: vol-58013
2023-02-22 04:46:20,360 [OM StateMachine ApplyTransaction Thread - 0] INFO  snapshot.OMSnapshotCreateRequest (OMSnapshotCreateRequest.java:validateAndUpdateCache(180)) - Created snapshot 'a5c0520d-e5cb-44d1-a6cc-273f32de7178' under path 'vol-58013/buc-63202'
2023-02-22 04:46:20,362 [OM StateMachine ApplyTransaction Thread - 0] INFO  snapshot.OMSnapshotCreateRequest (OMSnapshotCreateRequest.java:validateAndUpdateCache(180)) - Created snapshot 'a5c0520d-e5cb-44d1-a6cc-273f32de7178' under path 'vol-58013/buc-63202'
2023-02-22 04:46:20,362 [OM StateMachine ApplyTransaction Thread - 0] INFO  snapshot.OMSnapshotCreateRequest (OMSnapshotCreateRequest.java:validateAndUpdateCache(180)) - Created snapshot 'a5c0520d-e5cb-44d1-a6cc-273f32de7178' under path 'vol-58013/buc-63202'
2023-02-22 04:46:20,394 [OMDoubleBufferFlushThread] INFO  db.RDBCheckpointManager (RDBCheckpointManager.java:createCheckpoint(96)) - Created checkpoint in rocksDB at /home/runner/work/ozone/ozone/hadoop-ozone/integration-test/target/test-dir/MiniOzoneClusterImpl-d1b59b44-2044-4343-9d69-28cc870eb01e/omNode-1/db.snapshots/om.db-0fe57777-fe54-4be2-8519-3cf55f39fbdf in 30 milliseconds
2023-02-22 04:46:20,398 [OMDoubleBufferFlushThread] INFO  db.RDBCheckpointManager (RDBCheckpointManager.java:waitForCheckpointDirectoryExist(125)) - Waited for 4 milliseconds for checkpoint directory /home/runner/work/ozone/ozone/hadoop-ozone/integration-test/target/test-dir/MiniOzoneClusterImpl-d1b59b44-2044-4343-9d69-28cc870eb01e/omNode-1/db.snapshots/om.db-0fe57777-fe54-4be2-8519-3cf55f39fbdf availability.
2023-02-22 04:46:20,398 [OMDoubleBufferFlushThread] INFO  om.OmSnapshotManager (OmSnapshotManager.java:createOmSnapshotCheckpoint(163)) - Created checkpoint : /home/runner/work/ozone/ozone/hadoop-ozone/integration-test/target/test-dir/MiniOzoneClusterImpl-d1b59b44-2044-4343-9d69-28cc870eb01e/omNode-1/db.snapshots/om.db-0fe57777-fe54-4be2-8519-3cf55f39fbdf for snapshot a5c0520d-e5cb-44d1-a6cc-273f32de7178
2023-02-22 04:46:20,402 [OMDoubleBufferFlushThread] INFO  db.RDBCheckpointManager (RDBCheckpointManager.java:createCheckpoint(96)) - Created checkpoint in rocksDB at /home/runner/work/ozone/ozone/hadoop-ozone/integration-test/target/test-dir/MiniOzoneClusterImpl-d1b59b44-2044-4343-9d69-28cc870eb01e/omNode-2/db.snapshots/om.db-0fe57777-fe54-4be2-8519-3cf55f39fbdf in 38 milliseconds
2023-02-22 04:46:20,405 [OMDoubleBufferFlushThread] INFO  db.RDBCheckpointManager (RDBCheckpointManager.java:waitForCheckpointDirectoryExist(125)) - Waited for 3 milliseconds for checkpoint directory /home/runner/work/ozone/ozone/hadoop-ozone/integration-test/target/test-dir/MiniOzoneClusterImpl-d1b59b44-2044-4343-9d69-28cc870eb01e/omNode-2/db.snapshots/om.db-0fe57777-fe54-4be2-8519-3cf55f39fbdf availability.
2023-02-22 04:46:20,406 [OMDoubleBufferFlushThread] INFO  om.OmSnapshotManager (OmSnapshotManager.java:createOmSnapshotCheckpoint(163)) - Created checkpoint : /home/runner/work/ozone/ozone/hadoop-ozone/integration-test/target/test-dir/MiniOzoneClusterImpl-d1b59b44-2044-4343-9d69-28cc870eb01e/omNode-2/db.snapshots/om.db-0fe57777-fe54-4be2-8519-3cf55f39fbdf for snapshot a5c0520d-e5cb-44d1-a6cc-273f32de7178
2023-02-22 04:46:20,410 [OMDoubleBufferFlushThread] INFO  db.RDBCheckpointManager (RDBCheckpointManager.java:createCheckpoint(96)) - Created checkpoint in rocksDB at /home/runner/work/ozone/ozone/hadoop-ozone/integration-test/target/test-dir/MiniOzoneClusterImpl-d1b59b44-2044-4343-9d69-28cc870eb01e/omNode-3/db.snapshots/om.db-0fe57777-fe54-4be2-8519-3cf55f39fbdf in 45 milliseconds
2023-02-22 04:46:20,410 [OMDoubleBufferFlushThread] INFO  db.RDBCheckpointManager (RDBCheckpointManager.java:waitForCheckpointDirectoryExist(125)) - Waited for 0 milliseconds for checkpoint directory /home/runner/work/ozone/ozone/hadoop-ozone/integration-test/target/test-dir/MiniOzoneClusterImpl-d1b59b44-2044-4343-9d69-28cc870eb01e/omNode-3/db.snapshots/om.db-0fe57777-fe54-4be2-8519-3cf55f39fbdf availability.
2023-02-22 04:46:20,410 [OMDoubleBufferFlushThread] INFO  om.OmSnapshotManager (OmSnapshotManager.java:createOmSnapshotCheckpoint(163)) - Created checkpoint : /home/runner/work/ozone/ozone/hadoop-ozone/integration-test/target/test-dir/MiniOzoneClusterImpl-d1b59b44-2044-4343-9d69-28cc870eb01e/omNode-3/db.snapshots/om.db-0fe57777-fe54-4be2-8519-3cf55f39fbdf for snapshot a5c0520d-e5cb-44d1-a6cc-273f32de7178
04:46:21.380 [OM StateMachine ApplyTransaction Thread - 0] ERROR OMAudit - user=runner | ip=127.0.0.1 | op=DELETE_BUCKET {volume=vol-58013, bucket=buc-63202} | ret=FAILURE
org.apache.hadoop.ozone.om.exceptions.OMException: Bucket buc-63202 can't be deleted when it has snapshots
	at org.apache.hadoop.ozone.om.request.bucket.OMBucketDeleteRequest.validateAndUpdateCache(OMBucketDeleteRequest.java:151) ~[ozone-manager-1.4.0-SNAPSHOT.jar:?]
	at org.apache.hadoop.ozone.protocolPB.OzoneManagerRequestHandler.handleWriteRequest(OzoneManagerRequestHandler.java:337) ~[ozone-manager-1.4.0-SNAPSHOT.jar:?]
	at org.apache.hadoop.ozone.om.ratis.OzoneManagerStateMachine.runCommand(OzoneManagerStateMachine.java:533) ~[ozone-manager-1.4.0-SNAPSHOT.jar:?]
	at org.apache.hadoop.ozone.om.ratis.OzoneManagerStateMachine.lambda$1(OzoneManagerStateMachine.java:324) ~[ozone-manager-1.4.0-SNAPSHOT.jar:?]
	at java.util.concurrent.CompletableFuture$AsyncSupply.run(CompletableFuture.java:1604) [?:1.8.0_362]
	at java.util.concurrent.ThreadPoolExecutor.runWorker(ThreadPoolExecutor.java:1149) [?:1.8.0_362]
	at java.util.concurrent.ThreadPoolExecutor$Worker.run(ThreadPoolExecutor.java:624) [?:1.8.0_362]
	at java.lang.Thread.run(Thread.java:750) [?:1.8.0_362]
2023-02-22 04:46:21,381 [OM StateMachine ApplyTransaction Thread - 0] ERROR bucket.OMBucketDeleteRequest (OMBucketDeleteRequest.java:validateAndUpdateCache(213)) - Delete bucket failed for bucket:buc-63202 in volume:vol-58013
CONTAINS_SNAPSHOT org.apache.hadoop.ozone.om.exceptions.OMException: Bucket buc-63202 can't be deleted when it has snapshots
	at org.apache.hadoop.ozone.om.request.bucket.OMBucketDeleteRequest.validateAndUpdateCache(OMBucketDeleteRequest.java:151)
	at org.apache.hadoop.ozone.protocolPB.OzoneManagerRequestHandler.handleWriteRequest(OzoneManagerRequestHandler.java:337)
	at org.apache.hadoop.ozone.om.ratis.OzoneManagerStateMachine.runCommand(OzoneManagerStateMachine.java:533)
	at org.apache.hadoop.ozone.om.ratis.OzoneManagerStateMachine.lambda$1(OzoneManagerStateMachine.java:324)
	at java.util.concurrent.CompletableFuture$AsyncSupply.run(CompletableFuture.java:1604)
	at java.util.concurrent.ThreadPoolExecutor.runWorker(ThreadPoolExecutor.java:1149)
	at java.util.concurrent.ThreadPoolExecutor$Worker.run(ThreadPoolExecutor.java:624)
	at java.lang.Thread.run(Thread.java:750)
04:46:21.382 [OM StateMachine ApplyTransaction Thread - 0] ERROR OMAudit - user=runner | ip=127.0.0.1 | op=DELETE_BUCKET {volume=vol-58013, bucket=buc-63202} | ret=FAILURE
org.apache.hadoop.ozone.om.exceptions.OMException: Bucket buc-63202 can't be deleted when it has snapshots
	at org.apache.hadoop.ozone.om.request.bucket.OMBucketDeleteRequest.validateAndUpdateCache(OMBucketDeleteRequest.java:151) ~[ozone-manager-1.4.0-SNAPSHOT.jar:?]
	at org.apache.hadoop.ozone.protocolPB.OzoneManagerRequestHandler.handleWriteRequest(OzoneManagerRequestHandler.java:337) ~[ozone-manager-1.4.0-SNAPSHOT.jar:?]
	at org.apache.hadoop.ozone.om.ratis.OzoneManagerStateMachine.runCommand(OzoneManagerStateMachine.java:533) ~[ozone-manager-1.4.0-SNAPSHOT.jar:?]
	at org.apache.hadoop.ozone.om.ratis.OzoneManagerStateMachine.lambda$1(OzoneManagerStateMachine.java:324) ~[ozone-manager-1.4.0-SNAPSHOT.jar:?]
	at java.util.concurrent.CompletableFuture$AsyncSupply.run(CompletableFuture.java:1604) [?:1.8.0_362]
	at java.util.concurrent.ThreadPoolExecutor.runWorker(ThreadPoolExecutor.java:1149) [?:1.8.0_362]
	at java.util.concurrent.ThreadPoolExecutor$Worker.run(ThreadPoolExecutor.java:624) [?:1.8.0_362]
	at java.lang.Thread.run(Thread.java:750) [?:1.8.0_362]
2023-02-22 04:46:21,382 [OM StateMachine ApplyTransaction Thread - 0] ERROR bucket.OMBucketDeleteRequest (OMBucketDeleteRequest.java:validateAndUpdateCache(213)) - Delete bucket failed for bucket:buc-63202 in volume:vol-58013
CONTAINS_SNAPSHOT org.apache.hadoop.ozone.om.exceptions.OMException: Bucket buc-63202 can't be deleted when it has snapshots
	at org.apache.hadoop.ozone.om.request.bucket.OMBucketDeleteRequest.validateAndUpdateCache(OMBucketDeleteRequest.java:151)
	at org.apache.hadoop.ozone.protocolPB.OzoneManagerRequestHandler.handleWriteRequest(OzoneManagerRequestHandler.java:337)
	at org.apache.hadoop.ozone.om.ratis.OzoneManagerStateMachine.runCommand(OzoneManagerStateMachine.java:533)
	at org.apache.hadoop.ozone.om.ratis.OzoneManagerStateMachine.lambda$1(OzoneManagerStateMachine.java:324)
	at java.util.concurrent.CompletableFuture$AsyncSupply.run(CompletableFuture.java:1604)
	at java.util.concurrent.ThreadPoolExecutor.runWorker(ThreadPoolExecutor.java:1149)
	at java.util.concurrent.ThreadPoolExecutor$Worker.run(ThreadPoolExecutor.java:624)
	at java.lang.Thread.run(Thread.java:750)
04:46:21.384 [OM StateMachine ApplyTransaction Thread - 0] ERROR OMAudit - user=runner | ip=127.0.0.1 | op=DELETE_BUCKET {volume=vol-58013, bucket=buc-63202} | ret=FAILURE
org.apache.hadoop.ozone.om.exceptions.OMException: Bucket buc-63202 can't be deleted when it has snapshots
	at org.apache.hadoop.ozone.om.request.bucket.OMBucketDeleteRequest.validateAndUpdateCache(OMBucketDeleteRequest.java:151) ~[ozone-manager-1.4.0-SNAPSHOT.jar:?]
	at org.apache.hadoop.ozone.protocolPB.OzoneManagerRequestHandler.handleWriteRequest(OzoneManagerRequestHandler.java:337) ~[ozone-manager-1.4.0-SNAPSHOT.jar:?]
	at org.apache.hadoop.ozone.om.ratis.OzoneManagerStateMachine.runCommand(OzoneManagerStateMachine.java:533) ~[ozone-manager-1.4.0-SNAPSHOT.jar:?]
	at org.apache.hadoop.ozone.om.ratis.OzoneManagerStateMachine.lambda$1(OzoneManagerStateMachine.java:324) ~[ozone-manager-1.4.0-SNAPSHOT.jar:?]
	at java.util.concurrent.CompletableFuture$AsyncSupply.run(CompletableFuture.java:1604) [?:1.8.0_362]
	at java.util.concurrent.ThreadPoolExecutor.runWorker(ThreadPoolExecutor.java:1149) [?:1.8.0_362]
	at java.util.concurrent.ThreadPoolExecutor$Worker.run(ThreadPoolExecutor.java:624) [?:1.8.0_362]
	at java.lang.Thread.run(Thread.java:750) [?:1.8.0_362]
2023-02-22 04:46:21,384 [OM StateMachine ApplyTransaction Thread - 0] ERROR bucket.OMBucketDeleteRequest (OMBucketDeleteRequest.java:validateAndUpdateCache(213)) - Delete bucket failed for bucket:buc-63202 in volume:vol-58013
CONTAINS_SNAPSHOT org.apache.hadoop.ozone.om.exceptions.OMException: Bucket buc-63202 can't be deleted when it has snapshots
	at org.apache.hadoop.ozone.om.request.bucket.OMBucketDeleteRequest.validateAndUpdateCache(OMBucketDeleteRequest.java:151)
	at org.apache.hadoop.ozone.protocolPB.OzoneManagerRequestHandler.handleWriteRequest(OzoneManagerRequestHandler.java:337)
	at org.apache.hadoop.ozone.om.ratis.OzoneManagerStateMachine.runCommand(OzoneManagerStateMachine.java:533)
	at org.apache.hadoop.ozone.om.ratis.OzoneManagerStateMachine.lambda$1(OzoneManagerStateMachine.java:324)
	at java.util.concurrent.CompletableFuture$AsyncSupply.run(CompletableFuture.java:1604)
	at java.util.concurrent.ThreadPoolExecutor.runWorker(ThreadPoolExecutor.java:1149)
	at java.util.concurrent.ThreadPoolExecutor$Worker.run(ThreadPoolExecutor.java:624)
	at java.lang.Thread.run(Thread.java:750)
]]></system-out>
  </testcase>
  <testcase name="testBucketDeleteIfSnapshotExists" classname="TestOmSnapshot" time="1.076">
    <system-out><![CDATA[2023-02-22 04:47:09,826 [Time-limited test] INFO  rpc.RpcClient (RpcClient.java:createVolume(476)) - Creating Volume: vol-73400, with runner as owner and space quota set to -1 bytes, counts quota set to -1
2023-02-22 04:47:09,829 [OM StateMachine ApplyTransaction Thread - 0] INFO  volume.OMVolumeCreateRequest (OMVolumeCreateRequest.java:validateAndUpdateCache(195)) - created volume:vol-73400 for user:runner
2023-02-22 04:47:09,830 [OM StateMachine ApplyTransaction Thread - 0] INFO  volume.OMVolumeCreateRequest (OMVolumeCreateRequest.java:validateAndUpdateCache(195)) - created volume:vol-73400 for user:runner
2023-02-22 04:47:09,830 [OM StateMachine ApplyTransaction Thread - 0] INFO  volume.OMVolumeCreateRequest (OMVolumeCreateRequest.java:validateAndUpdateCache(195)) - created volume:vol-73400 for user:runner
2023-02-22 04:47:09,832 [Time-limited test] INFO  rpc.RpcClient (RpcClient.java:createBucket(698)) - Creating Bucket: vol-73400/buc-02806, with server-side default bucket layout, runner as owner, Versioning false, Storage Type set to DISK and Encryption set to false, Replication Type set to server-side default replication type, Namespace Quota set to -1, Space Quota set to -1 
2023-02-22 04:47:09,833 [OM StateMachine ApplyTransaction Thread - 0] INFO  bucket.OMBucketCreateRequest (OMBucketCreateRequest.java:validateAndUpdateCache(263)) - created bucket: buc-02806 of layout LEGACY in volume: vol-73400
2023-02-22 04:47:09,834 [OM StateMachine ApplyTransaction Thread - 0] INFO  bucket.OMBucketCreateRequest (OMBucketCreateRequest.java:validateAndUpdateCache(263)) - created bucket: buc-02806 of layout LEGACY in volume: vol-73400
2023-02-22 04:47:09,835 [OM StateMachine ApplyTransaction Thread - 0] INFO  bucket.OMBucketCreateRequest (OMBucketCreateRequest.java:validateAndUpdateCache(263)) - created bucket: buc-02806 of layout LEGACY in volume: vol-73400
2023-02-22 04:47:09,836 [Time-limited test] INFO  rpc.RpcClient (RpcClient.java:createBucket(698)) - Creating Bucket: vol-73400/buc-63562, with server-side default bucket layout, runner as owner, Versioning false, Storage Type set to DISK and Encryption set to false, Replication Type set to server-side default replication type, Namespace Quota set to -1, Space Quota set to -1 
2023-02-22 04:47:09,837 [OM StateMachine ApplyTransaction Thread - 0] INFO  bucket.OMBucketCreateRequest (OMBucketCreateRequest.java:validateAndUpdateCache(263)) - created bucket: buc-63562 of layout LEGACY in volume: vol-73400
2023-02-22 04:47:09,838 [OM StateMachine ApplyTransaction Thread - 0] INFO  bucket.OMBucketCreateRequest (OMBucketCreateRequest.java:validateAndUpdateCache(263)) - created bucket: buc-63562 of layout LEGACY in volume: vol-73400
2023-02-22 04:47:09,838 [OM StateMachine ApplyTransaction Thread - 0] INFO  bucket.OMBucketCreateRequest (OMBucketCreateRequest.java:validateAndUpdateCache(263)) - created bucket: buc-63562 of layout LEGACY in volume: vol-73400
2023-02-22 04:47:09,882 [OM StateMachine ApplyTransaction Thread - 0] INFO  snapshot.OMSnapshotCreateRequest (OMSnapshotCreateRequest.java:validateAndUpdateCache(180)) - Created snapshot '93f8b4ab-ae36-4287-9dfc-b6a04384b374' under path 'vol-73400/buc-02806'
2023-02-22 04:47:09,883 [OM StateMachine ApplyTransaction Thread - 0] INFO  snapshot.OMSnapshotCreateRequest (OMSnapshotCreateRequest.java:validateAndUpdateCache(180)) - Created snapshot '93f8b4ab-ae36-4287-9dfc-b6a04384b374' under path 'vol-73400/buc-02806'
2023-02-22 04:47:09,883 [OM StateMachine ApplyTransaction Thread - 0] INFO  snapshot.OMSnapshotCreateRequest (OMSnapshotCreateRequest.java:validateAndUpdateCache(180)) - Created snapshot '93f8b4ab-ae36-4287-9dfc-b6a04384b374' under path 'vol-73400/buc-02806'
2023-02-22 04:47:09,916 [OMDoubleBufferFlushThread] INFO  db.RDBCheckpointManager (RDBCheckpointManager.java:createCheckpoint(96)) - Created checkpoint in rocksDB at /home/runner/work/ozone/ozone/hadoop-ozone/integration-test/target/test-dir/MiniOzoneClusterImpl-7cc88fad-c9bf-4c80-b076-d2cf48673a1e/omNode-2/db.snapshots/om.db-4f34bc6b-da58-4896-ab19-eaf2cde2e23b in 31 milliseconds
2023-02-22 04:47:09,921 [OMDoubleBufferFlushThread] INFO  db.RDBCheckpointManager (RDBCheckpointManager.java:waitForCheckpointDirectoryExist(125)) - Waited for 4 milliseconds for checkpoint directory /home/runner/work/ozone/ozone/hadoop-ozone/integration-test/target/test-dir/MiniOzoneClusterImpl-7cc88fad-c9bf-4c80-b076-d2cf48673a1e/omNode-2/db.snapshots/om.db-4f34bc6b-da58-4896-ab19-eaf2cde2e23b availability.
2023-02-22 04:47:09,921 [OMDoubleBufferFlushThread] INFO  om.OmSnapshotManager (OmSnapshotManager.java:createOmSnapshotCheckpoint(163)) - Created checkpoint : /home/runner/work/ozone/ozone/hadoop-ozone/integration-test/target/test-dir/MiniOzoneClusterImpl-7cc88fad-c9bf-4c80-b076-d2cf48673a1e/omNode-2/db.snapshots/om.db-4f34bc6b-da58-4896-ab19-eaf2cde2e23b for snapshot 93f8b4ab-ae36-4287-9dfc-b6a04384b374
2023-02-22 04:47:09,923 [OMDoubleBufferFlushThread] INFO  db.RDBCheckpointManager (RDBCheckpointManager.java:createCheckpoint(96)) - Created checkpoint in rocksDB at /home/runner/work/ozone/ozone/hadoop-ozone/integration-test/target/test-dir/MiniOzoneClusterImpl-7cc88fad-c9bf-4c80-b076-d2cf48673a1e/omNode-1/db.snapshots/om.db-4f34bc6b-da58-4896-ab19-eaf2cde2e23b in 39 milliseconds
2023-02-22 04:47:09,926 [OMDoubleBufferFlushThread] INFO  db.RDBCheckpointManager (RDBCheckpointManager.java:waitForCheckpointDirectoryExist(125)) - Waited for 3 milliseconds for checkpoint directory /home/runner/work/ozone/ozone/hadoop-ozone/integration-test/target/test-dir/MiniOzoneClusterImpl-7cc88fad-c9bf-4c80-b076-d2cf48673a1e/omNode-1/db.snapshots/om.db-4f34bc6b-da58-4896-ab19-eaf2cde2e23b availability.
2023-02-22 04:47:09,926 [OMDoubleBufferFlushThread] INFO  om.OmSnapshotManager (OmSnapshotManager.java:createOmSnapshotCheckpoint(163)) - Created checkpoint : /home/runner/work/ozone/ozone/hadoop-ozone/integration-test/target/test-dir/MiniOzoneClusterImpl-7cc88fad-c9bf-4c80-b076-d2cf48673a1e/omNode-1/db.snapshots/om.db-4f34bc6b-da58-4896-ab19-eaf2cde2e23b for snapshot 93f8b4ab-ae36-4287-9dfc-b6a04384b374
2023-02-22 04:47:09,926 [OMDoubleBufferFlushThread] INFO  db.RDBCheckpointManager (RDBCheckpointManager.java:createCheckpoint(96)) - Created checkpoint in rocksDB at /home/runner/work/ozone/ozone/hadoop-ozone/integration-test/target/test-dir/MiniOzoneClusterImpl-7cc88fad-c9bf-4c80-b076-d2cf48673a1e/omNode-3/db.snapshots/om.db-4f34bc6b-da58-4896-ab19-eaf2cde2e23b in 41 milliseconds
2023-02-22 04:47:09,929 [OMDoubleBufferFlushThread] INFO  db.RDBCheckpointManager (RDBCheckpointManager.java:waitForCheckpointDirectoryExist(125)) - Waited for 3 milliseconds for checkpoint directory /home/runner/work/ozone/ozone/hadoop-ozone/integration-test/target/test-dir/MiniOzoneClusterImpl-7cc88fad-c9bf-4c80-b076-d2cf48673a1e/omNode-3/db.snapshots/om.db-4f34bc6b-da58-4896-ab19-eaf2cde2e23b availability.
2023-02-22 04:47:09,929 [OMDoubleBufferFlushThread] INFO  om.OmSnapshotManager (OmSnapshotManager.java:createOmSnapshotCheckpoint(163)) - Created checkpoint : /home/runner/work/ozone/ozone/hadoop-ozone/integration-test/target/test-dir/MiniOzoneClusterImpl-7cc88fad-c9bf-4c80-b076-d2cf48673a1e/omNode-3/db.snapshots/om.db-4f34bc6b-da58-4896-ab19-eaf2cde2e23b for snapshot 93f8b4ab-ae36-4287-9dfc-b6a04384b374
04:47:10.897 [OM StateMachine ApplyTransaction Thread - 0] ERROR OMAudit - user=runner | ip=127.0.0.1 | op=DELETE_BUCKET {volume=vol-73400, bucket=buc-02806} | ret=FAILURE
org.apache.hadoop.ozone.om.exceptions.OMException: Bucket buc-02806 can't be deleted when it has snapshots
	at org.apache.hadoop.ozone.om.request.bucket.OMBucketDeleteRequest.validateAndUpdateCache(OMBucketDeleteRequest.java:151) ~[ozone-manager-1.4.0-SNAPSHOT.jar:?]
	at org.apache.hadoop.ozone.protocolPB.OzoneManagerRequestHandler.handleWriteRequest(OzoneManagerRequestHandler.java:337) ~[ozone-manager-1.4.0-SNAPSHOT.jar:?]
	at org.apache.hadoop.ozone.om.ratis.OzoneManagerStateMachine.runCommand(OzoneManagerStateMachine.java:533) ~[ozone-manager-1.4.0-SNAPSHOT.jar:?]
	at org.apache.hadoop.ozone.om.ratis.OzoneManagerStateMachine.lambda$1(OzoneManagerStateMachine.java:324) ~[ozone-manager-1.4.0-SNAPSHOT.jar:?]
	at java.util.concurrent.CompletableFuture$AsyncSupply.run(CompletableFuture.java:1604) [?:1.8.0_362]
	at java.util.concurrent.ThreadPoolExecutor.runWorker(ThreadPoolExecutor.java:1149) [?:1.8.0_362]
	at java.util.concurrent.ThreadPoolExecutor$Worker.run(ThreadPoolExecutor.java:624) [?:1.8.0_362]
	at java.lang.Thread.run(Thread.java:750) [?:1.8.0_362]
2023-02-22 04:47:10,897 [OM StateMachine ApplyTransaction Thread - 0] ERROR bucket.OMBucketDeleteRequest (OMBucketDeleteRequest.java:validateAndUpdateCache(213)) - Delete bucket failed for bucket:buc-02806 in volume:vol-73400
CONTAINS_SNAPSHOT org.apache.hadoop.ozone.om.exceptions.OMException: Bucket buc-02806 can't be deleted when it has snapshots
	at org.apache.hadoop.ozone.om.request.bucket.OMBucketDeleteRequest.validateAndUpdateCache(OMBucketDeleteRequest.java:151)
	at org.apache.hadoop.ozone.protocolPB.OzoneManagerRequestHandler.handleWriteRequest(OzoneManagerRequestHandler.java:337)
	at org.apache.hadoop.ozone.om.ratis.OzoneManagerStateMachine.runCommand(OzoneManagerStateMachine.java:533)
	at org.apache.hadoop.ozone.om.ratis.OzoneManagerStateMachine.lambda$1(OzoneManagerStateMachine.java:324)
	at java.util.concurrent.CompletableFuture$AsyncSupply.run(CompletableFuture.java:1604)
	at java.util.concurrent.ThreadPoolExecutor.runWorker(ThreadPoolExecutor.java:1149)
	at java.util.concurrent.ThreadPoolExecutor$Worker.run(ThreadPoolExecutor.java:624)
	at java.lang.Thread.run(Thread.java:750)
04:47:10.899 [OM StateMachine ApplyTransaction Thread - 0] ERROR OMAudit - user=runner | ip=127.0.0.1 | op=DELETE_BUCKET {volume=vol-73400, bucket=buc-02806} | ret=FAILURE
org.apache.hadoop.ozone.om.exceptions.OMException: Bucket buc-02806 can't be deleted when it has snapshots
	at org.apache.hadoop.ozone.om.request.bucket.OMBucketDeleteRequest.validateAndUpdateCache(OMBucketDeleteRequest.java:151) ~[ozone-manager-1.4.0-SNAPSHOT.jar:?]
	at org.apache.hadoop.ozone.protocolPB.OzoneManagerRequestHandler.handleWriteRequest(OzoneManagerRequestHandler.java:337) ~[ozone-manager-1.4.0-SNAPSHOT.jar:?]
	at org.apache.hadoop.ozone.om.ratis.OzoneManagerStateMachine.runCommand(OzoneManagerStateMachine.java:533) ~[ozone-manager-1.4.0-SNAPSHOT.jar:?]
	at org.apache.hadoop.ozone.om.ratis.OzoneManagerStateMachine.lambda$1(OzoneManagerStateMachine.java:324) ~[ozone-manager-1.4.0-SNAPSHOT.jar:?]
	at java.util.concurrent.CompletableFuture$AsyncSupply.run(CompletableFuture.java:1604) [?:1.8.0_362]
	at java.util.concurrent.ThreadPoolExecutor.runWorker(ThreadPoolExecutor.java:1149) [?:1.8.0_362]
	at java.util.concurrent.ThreadPoolExecutor$Worker.run(ThreadPoolExecutor.java:624) [?:1.8.0_362]
	at java.lang.Thread.run(Thread.java:750) [?:1.8.0_362]
2023-02-22 04:47:10,899 [OM StateMachine ApplyTransaction Thread - 0] ERROR bucket.OMBucketDeleteRequest (OMBucketDeleteRequest.java:validateAndUpdateCache(213)) - Delete bucket failed for bucket:buc-02806 in volume:vol-73400
CONTAINS_SNAPSHOT org.apache.hadoop.ozone.om.exceptions.OMException: Bucket buc-02806 can't be deleted when it has snapshots
	at org.apache.hadoop.ozone.om.request.bucket.OMBucketDeleteRequest.validateAndUpdateCache(OMBucketDeleteRequest.java:151)
	at org.apache.hadoop.ozone.protocolPB.OzoneManagerRequestHandler.handleWriteRequest(OzoneManagerRequestHandler.java:337)
	at org.apache.hadoop.ozone.om.ratis.OzoneManagerStateMachine.runCommand(OzoneManagerStateMachine.java:533)
	at org.apache.hadoop.ozone.om.ratis.OzoneManagerStateMachine.lambda$1(OzoneManagerStateMachine.java:324)
	at java.util.concurrent.CompletableFuture$AsyncSupply.run(CompletableFuture.java:1604)
	at java.util.concurrent.ThreadPoolExecutor.runWorker(ThreadPoolExecutor.java:1149)
	at java.util.concurrent.ThreadPoolExecutor$Worker.run(ThreadPoolExecutor.java:624)
	at java.lang.Thread.run(Thread.java:750)
04:47:10.900 [OM StateMachine ApplyTransaction Thread - 0] ERROR OMAudit - user=runner | ip=127.0.0.1 | op=DELETE_BUCKET {volume=vol-73400, bucket=buc-02806} | ret=FAILURE
org.apache.hadoop.ozone.om.exceptions.OMException: Bucket buc-02806 can't be deleted when it has snapshots
	at org.apache.hadoop.ozone.om.request.bucket.OMBucketDeleteRequest.validateAndUpdateCache(OMBucketDeleteRequest.java:151) ~[ozone-manager-1.4.0-SNAPSHOT.jar:?]
	at org.apache.hadoop.ozone.protocolPB.OzoneManagerRequestHandler.handleWriteRequest(OzoneManagerRequestHandler.java:337) ~[ozone-manager-1.4.0-SNAPSHOT.jar:?]
	at org.apache.hadoop.ozone.om.ratis.OzoneManagerStateMachine.runCommand(OzoneManagerStateMachine.java:533) ~[ozone-manager-1.4.0-SNAPSHOT.jar:?]
	at org.apache.hadoop.ozone.om.ratis.OzoneManagerStateMachine.lambda$1(OzoneManagerStateMachine.java:324) ~[ozone-manager-1.4.0-SNAPSHOT.jar:?]
	at java.util.concurrent.CompletableFuture$AsyncSupply.run(CompletableFuture.java:1604) [?:1.8.0_362]
	at java.util.concurrent.ThreadPoolExecutor.runWorker(ThreadPoolExecutor.java:1149) [?:1.8.0_362]
	at java.util.concurrent.ThreadPoolExecutor$Worker.run(ThreadPoolExecutor.java:624) [?:1.8.0_362]
	at java.lang.Thread.run(Thread.java:750) [?:1.8.0_362]
2023-02-22 04:47:10,900 [OM StateMachine ApplyTransaction Thread - 0] ERROR bucket.OMBucketDeleteRequest (OMBucketDeleteRequest.java:validateAndUpdateCache(213)) - Delete bucket failed for bucket:buc-02806 in volume:vol-73400
CONTAINS_SNAPSHOT org.apache.hadoop.ozone.om.exceptions.OMException: Bucket buc-02806 can't be deleted when it has snapshots
	at org.apache.hadoop.ozone.om.request.bucket.OMBucketDeleteRequest.validateAndUpdateCache(OMBucketDeleteRequest.java:151)
	at org.apache.hadoop.ozone.protocolPB.OzoneManagerRequestHandler.handleWriteRequest(OzoneManagerRequestHandler.java:337)
	at org.apache.hadoop.ozone.om.ratis.OzoneManagerStateMachine.runCommand(OzoneManagerStateMachine.java:533)
	at org.apache.hadoop.ozone.om.ratis.OzoneManagerStateMachine.lambda$1(OzoneManagerStateMachine.java:324)
	at java.util.concurrent.CompletableFuture$AsyncSupply.run(CompletableFuture.java:1604)
	at java.util.concurrent.ThreadPoolExecutor.runWorker(ThreadPoolExecutor.java:1149)
	at java.util.concurrent.ThreadPoolExecutor$Worker.run(ThreadPoolExecutor.java:624)
	at java.lang.Thread.run(Thread.java:750)
]]></system-out>
  </testcase>
  <testcase name="testListDeleteKey" classname="TestOmSnapshot" time="2.14">
    <system-out><![CDATA[2023-02-22 04:45:21,833 [Time-limited test] INFO  rpc.RpcClient (RpcClient.java:createVolume(476)) - Creating Volume: vol-00090, with runner as owner and space quota set to -1 bytes, counts quota set to -1
2023-02-22 04:45:21,836 [OM StateMachine ApplyTransaction Thread - 0] INFO  volume.OMVolumeCreateRequest (OMVolumeCreateRequest.java:validateAndUpdateCache(195)) - created volume:vol-00090 for user:runner
2023-02-22 04:45:21,837 [OM StateMachine ApplyTransaction Thread - 0] INFO  volume.OMVolumeCreateRequest (OMVolumeCreateRequest.java:validateAndUpdateCache(195)) - created volume:vol-00090 for user:runner
2023-02-22 04:45:21,837 [OM StateMachine ApplyTransaction Thread - 0] INFO  volume.OMVolumeCreateRequest (OMVolumeCreateRequest.java:validateAndUpdateCache(195)) - created volume:vol-00090 for user:runner
2023-02-22 04:45:21,839 [Time-limited test] INFO  rpc.RpcClient (RpcClient.java:createBucket(698)) - Creating Bucket: vol-00090/buc-05083, with server-side default bucket layout, runner as owner, Versioning false, Storage Type set to DISK and Encryption set to false, Replication Type set to server-side default replication type, Namespace Quota set to -1, Space Quota set to -1 
2023-02-22 04:45:21,842 [OM StateMachine ApplyTransaction Thread - 0] INFO  bucket.OMBucketCreateRequest (OMBucketCreateRequest.java:validateAndUpdateCache(263)) - created bucket: buc-05083 of layout OBJECT_STORE in volume: vol-00090
2023-02-22 04:45:21,844 [OM StateMachine ApplyTransaction Thread - 0] INFO  bucket.OMBucketCreateRequest (OMBucketCreateRequest.java:validateAndUpdateCache(263)) - created bucket: buc-05083 of layout OBJECT_STORE in volume: vol-00090
2023-02-22 04:45:21,845 [OM StateMachine ApplyTransaction Thread - 0] INFO  bucket.OMBucketCreateRequest (OMBucketCreateRequest.java:validateAndUpdateCache(263)) - created bucket: buc-05083 of layout OBJECT_STORE in volume: vol-00090
2023-02-22 04:45:21,872 [OM StateMachine ApplyTransaction Thread - 0] INFO  snapshot.OMSnapshotCreateRequest (OMSnapshotCreateRequest.java:validateAndUpdateCache(180)) - Created snapshot '4c8c4f14-6252-4bc4-979f-745409e8fc95' under path 'vol-00090/buc-05083'
2023-02-22 04:45:21,874 [OM StateMachine ApplyTransaction Thread - 0] INFO  snapshot.OMSnapshotCreateRequest (OMSnapshotCreateRequest.java:validateAndUpdateCache(180)) - Created snapshot '4c8c4f14-6252-4bc4-979f-745409e8fc95' under path 'vol-00090/buc-05083'
2023-02-22 04:45:21,874 [OM StateMachine ApplyTransaction Thread - 0] INFO  snapshot.OMSnapshotCreateRequest (OMSnapshotCreateRequest.java:validateAndUpdateCache(180)) - Created snapshot '4c8c4f14-6252-4bc4-979f-745409e8fc95' under path 'vol-00090/buc-05083'
2023-02-22 04:45:21,907 [OMDoubleBufferFlushThread] INFO  db.RDBCheckpointManager (RDBCheckpointManager.java:createCheckpoint(96)) - Created checkpoint in rocksDB at /home/runner/work/ozone/ozone/hadoop-ozone/integration-test/target/test-dir/MiniOzoneClusterImpl-23364813-765e-4689-b759-17f9bf3914d5/omNode-1/db.snapshots/om.db-e2feebea-519d-4ec9-89c1-fe6dc709658d in 34 milliseconds
2023-02-22 04:45:21,910 [OMDoubleBufferFlushThread] INFO  db.RDBCheckpointManager (RDBCheckpointManager.java:waitForCheckpointDirectoryExist(125)) - Waited for 3 milliseconds for checkpoint directory /home/runner/work/ozone/ozone/hadoop-ozone/integration-test/target/test-dir/MiniOzoneClusterImpl-23364813-765e-4689-b759-17f9bf3914d5/omNode-1/db.snapshots/om.db-e2feebea-519d-4ec9-89c1-fe6dc709658d availability.
2023-02-22 04:45:21,910 [OMDoubleBufferFlushThread] INFO  om.OmSnapshotManager (OmSnapshotManager.java:createOmSnapshotCheckpoint(163)) - Created checkpoint : /home/runner/work/ozone/ozone/hadoop-ozone/integration-test/target/test-dir/MiniOzoneClusterImpl-23364813-765e-4689-b759-17f9bf3914d5/omNode-1/db.snapshots/om.db-e2feebea-519d-4ec9-89c1-fe6dc709658d for snapshot 4c8c4f14-6252-4bc4-979f-745409e8fc95
2023-02-22 04:45:21,916 [OMDoubleBufferFlushThread] INFO  db.RDBCheckpointManager (RDBCheckpointManager.java:createCheckpoint(96)) - Created checkpoint in rocksDB at /home/runner/work/ozone/ozone/hadoop-ozone/integration-test/target/test-dir/MiniOzoneClusterImpl-23364813-765e-4689-b759-17f9bf3914d5/omNode-2/db.snapshots/om.db-e2feebea-519d-4ec9-89c1-fe6dc709658d in 41 milliseconds
2023-02-22 04:45:21,916 [OMDoubleBufferFlushThread] INFO  db.RDBCheckpointManager (RDBCheckpointManager.java:createCheckpoint(96)) - Created checkpoint in rocksDB at /home/runner/work/ozone/ozone/hadoop-ozone/integration-test/target/test-dir/MiniOzoneClusterImpl-23364813-765e-4689-b759-17f9bf3914d5/omNode-3/db.snapshots/om.db-e2feebea-519d-4ec9-89c1-fe6dc709658d in 41 milliseconds
2023-02-22 04:45:21,917 [OMDoubleBufferFlushThread] INFO  db.RDBCheckpointManager (RDBCheckpointManager.java:waitForCheckpointDirectoryExist(125)) - Waited for 1 milliseconds for checkpoint directory /home/runner/work/ozone/ozone/hadoop-ozone/integration-test/target/test-dir/MiniOzoneClusterImpl-23364813-765e-4689-b759-17f9bf3914d5/omNode-2/db.snapshots/om.db-e2feebea-519d-4ec9-89c1-fe6dc709658d availability.
2023-02-22 04:45:21,917 [OMDoubleBufferFlushThread] INFO  om.OmSnapshotManager (OmSnapshotManager.java:createOmSnapshotCheckpoint(163)) - Created checkpoint : /home/runner/work/ozone/ozone/hadoop-ozone/integration-test/target/test-dir/MiniOzoneClusterImpl-23364813-765e-4689-b759-17f9bf3914d5/omNode-2/db.snapshots/om.db-e2feebea-519d-4ec9-89c1-fe6dc709658d for snapshot 4c8c4f14-6252-4bc4-979f-745409e8fc95
2023-02-22 04:45:21,918 [OMDoubleBufferFlushThread] INFO  db.RDBCheckpointManager (RDBCheckpointManager.java:waitForCheckpointDirectoryExist(125)) - Waited for 2 milliseconds for checkpoint directory /home/runner/work/ozone/ozone/hadoop-ozone/integration-test/target/test-dir/MiniOzoneClusterImpl-23364813-765e-4689-b759-17f9bf3914d5/omNode-3/db.snapshots/om.db-e2feebea-519d-4ec9-89c1-fe6dc709658d availability.
2023-02-22 04:45:21,918 [OMDoubleBufferFlushThread] INFO  om.OmSnapshotManager (OmSnapshotManager.java:createOmSnapshotCheckpoint(163)) - Created checkpoint : /home/runner/work/ozone/ozone/hadoop-ozone/integration-test/target/test-dir/MiniOzoneClusterImpl-23364813-765e-4689-b759-17f9bf3914d5/omNode-3/db.snapshots/om.db-e2feebea-519d-4ec9-89c1-fe6dc709658d for snapshot 4c8c4f14-6252-4bc4-979f-745409e8fc95
2023-02-22 04:45:22,881 [IPC Server handler 9 on default port 36219] WARN  server.ServerUtils (ServerUtils.java:getDBPath(225)) - ozone.om.db.dirs is not configured. We recommend adding this setting. Falling back to ozone.metadata.dirs instead.
2023-02-22 04:45:22,881 [IPC Server handler 9 on default port 36219] INFO  codec.OmKeyInfoCodec (OmKeyInfoCodec.java:<init>(49)) - OmKeyInfoCodec ignorePipeline = true
2023-02-22 04:45:22,882 [IPC Server handler 9 on default port 36219] INFO  codec.RepeatedOmKeyInfoCodec (RepeatedOmKeyInfoCodec.java:<init>(41)) - RepeatedOmKeyInfoCodec ignorePipeline = true
2023-02-22 04:45:22,917 [OM StateMachine ApplyTransaction Thread - 0] INFO  snapshot.OMSnapshotCreateRequest (OMSnapshotCreateRequest.java:validateAndUpdateCache(180)) - Created snapshot '79ca93f1-7757-4fba-8a0a-46dcb39b8216' under path 'vol-00090/buc-05083'
2023-02-22 04:45:22,918 [OM StateMachine ApplyTransaction Thread - 0] INFO  snapshot.OMSnapshotCreateRequest (OMSnapshotCreateRequest.java:validateAndUpdateCache(180)) - Created snapshot '79ca93f1-7757-4fba-8a0a-46dcb39b8216' under path 'vol-00090/buc-05083'
2023-02-22 04:45:22,919 [OM StateMachine ApplyTransaction Thread - 0] INFO  snapshot.OMSnapshotCreateRequest (OMSnapshotCreateRequest.java:validateAndUpdateCache(180)) - Created snapshot '79ca93f1-7757-4fba-8a0a-46dcb39b8216' under path 'vol-00090/buc-05083'
2023-02-22 04:45:22,944 [OMDoubleBufferFlushThread] INFO  db.RDBCheckpointManager (RDBCheckpointManager.java:createCheckpoint(96)) - Created checkpoint in rocksDB at /home/runner/work/ozone/ozone/hadoop-ozone/integration-test/target/test-dir/MiniOzoneClusterImpl-23364813-765e-4689-b759-17f9bf3914d5/omNode-2/db.snapshots/om.db-828571ae-eefc-44b1-8102-f0884f2325c8 in 23 milliseconds
2023-02-22 04:45:22,946 [OMDoubleBufferFlushThread] INFO  db.RDBCheckpointManager (RDBCheckpointManager.java:waitForCheckpointDirectoryExist(125)) - Waited for 2 milliseconds for checkpoint directory /home/runner/work/ozone/ozone/hadoop-ozone/integration-test/target/test-dir/MiniOzoneClusterImpl-23364813-765e-4689-b759-17f9bf3914d5/omNode-2/db.snapshots/om.db-828571ae-eefc-44b1-8102-f0884f2325c8 availability.
2023-02-22 04:45:22,946 [OMDoubleBufferFlushThread] INFO  om.OmSnapshotManager (OmSnapshotManager.java:createOmSnapshotCheckpoint(163)) - Created checkpoint : /home/runner/work/ozone/ozone/hadoop-ozone/integration-test/target/test-dir/MiniOzoneClusterImpl-23364813-765e-4689-b759-17f9bf3914d5/omNode-2/db.snapshots/om.db-828571ae-eefc-44b1-8102-f0884f2325c8 for snapshot 79ca93f1-7757-4fba-8a0a-46dcb39b8216
2023-02-22 04:45:22,951 [OMDoubleBufferFlushThread] INFO  db.RDBCheckpointManager (RDBCheckpointManager.java:createCheckpoint(96)) - Created checkpoint in rocksDB at /home/runner/work/ozone/ozone/hadoop-ozone/integration-test/target/test-dir/MiniOzoneClusterImpl-23364813-765e-4689-b759-17f9bf3914d5/omNode-1/db.snapshots/om.db-828571ae-eefc-44b1-8102-f0884f2325c8 in 33 milliseconds
2023-02-22 04:45:22,951 [OMDoubleBufferFlushThread] INFO  db.RDBCheckpointManager (RDBCheckpointManager.java:waitForCheckpointDirectoryExist(125)) - Waited for 0 milliseconds for checkpoint directory /home/runner/work/ozone/ozone/hadoop-ozone/integration-test/target/test-dir/MiniOzoneClusterImpl-23364813-765e-4689-b759-17f9bf3914d5/omNode-1/db.snapshots/om.db-828571ae-eefc-44b1-8102-f0884f2325c8 availability.
2023-02-22 04:45:22,952 [OMDoubleBufferFlushThread] INFO  om.OmSnapshotManager (OmSnapshotManager.java:createOmSnapshotCheckpoint(163)) - Created checkpoint : /home/runner/work/ozone/ozone/hadoop-ozone/integration-test/target/test-dir/MiniOzoneClusterImpl-23364813-765e-4689-b759-17f9bf3914d5/omNode-1/db.snapshots/om.db-828571ae-eefc-44b1-8102-f0884f2325c8 for snapshot 79ca93f1-7757-4fba-8a0a-46dcb39b8216
2023-02-22 04:45:22,952 [OMDoubleBufferFlushThread] INFO  db.RDBCheckpointManager (RDBCheckpointManager.java:createCheckpoint(96)) - Created checkpoint in rocksDB at /home/runner/work/ozone/ozone/hadoop-ozone/integration-test/target/test-dir/MiniOzoneClusterImpl-23364813-765e-4689-b759-17f9bf3914d5/omNode-3/db.snapshots/om.db-828571ae-eefc-44b1-8102-f0884f2325c8 in 32 milliseconds
2023-02-22 04:45:22,956 [OMDoubleBufferFlushThread] INFO  db.RDBCheckpointManager (RDBCheckpointManager.java:waitForCheckpointDirectoryExist(125)) - Waited for 4 milliseconds for checkpoint directory /home/runner/work/ozone/ozone/hadoop-ozone/integration-test/target/test-dir/MiniOzoneClusterImpl-23364813-765e-4689-b759-17f9bf3914d5/omNode-3/db.snapshots/om.db-828571ae-eefc-44b1-8102-f0884f2325c8 availability.
2023-02-22 04:45:22,956 [OMDoubleBufferFlushThread] INFO  om.OmSnapshotManager (OmSnapshotManager.java:createOmSnapshotCheckpoint(163)) - Created checkpoint : /home/runner/work/ozone/ozone/hadoop-ozone/integration-test/target/test-dir/MiniOzoneClusterImpl-23364813-765e-4689-b759-17f9bf3914d5/omNode-3/db.snapshots/om.db-828571ae-eefc-44b1-8102-f0884f2325c8 for snapshot 79ca93f1-7757-4fba-8a0a-46dcb39b8216
2023-02-22 04:45:23,918 [IPC Server handler 1 on default port 36219] WARN  server.ServerUtils (ServerUtils.java:getDBPath(225)) - ozone.om.db.dirs is not configured. We recommend adding this setting. Falling back to ozone.metadata.dirs instead.
2023-02-22 04:45:23,919 [IPC Server handler 1 on default port 36219] INFO  codec.OmKeyInfoCodec (OmKeyInfoCodec.java:<init>(49)) - OmKeyInfoCodec ignorePipeline = true
2023-02-22 04:45:23,919 [IPC Server handler 1 on default port 36219] INFO  codec.RepeatedOmKeyInfoCodec (RepeatedOmKeyInfoCodec.java:<init>(41)) - RepeatedOmKeyInfoCodec ignorePipeline = true
]]></system-out>
  </testcase>
  <testcase name="testListDeleteKey" classname="TestOmSnapshot" time="2.117">
    <system-out><![CDATA[2023-02-22 04:46:21,389 [Time-limited test] INFO  rpc.RpcClient (RpcClient.java:createVolume(476)) - Creating Volume: vol-90441, with runner as owner and space quota set to -1 bytes, counts quota set to -1
2023-02-22 04:46:21,391 [OM StateMachine ApplyTransaction Thread - 0] INFO  volume.OMVolumeCreateRequest (OMVolumeCreateRequest.java:validateAndUpdateCache(195)) - created volume:vol-90441 for user:runner
2023-02-22 04:46:21,393 [OM StateMachine ApplyTransaction Thread - 0] INFO  volume.OMVolumeCreateRequest (OMVolumeCreateRequest.java:validateAndUpdateCache(195)) - created volume:vol-90441 for user:runner
2023-02-22 04:46:21,393 [OM StateMachine ApplyTransaction Thread - 0] INFO  volume.OMVolumeCreateRequest (OMVolumeCreateRequest.java:validateAndUpdateCache(195)) - created volume:vol-90441 for user:runner
2023-02-22 04:46:21,395 [Time-limited test] INFO  rpc.RpcClient (RpcClient.java:createBucket(698)) - Creating Bucket: vol-90441/buc-48656, with server-side default bucket layout, runner as owner, Versioning false, Storage Type set to DISK and Encryption set to false, Replication Type set to server-side default replication type, Namespace Quota set to -1, Space Quota set to -1 
2023-02-22 04:46:21,397 [OM StateMachine ApplyTransaction Thread - 0] INFO  bucket.OMBucketCreateRequest (OMBucketCreateRequest.java:validateAndUpdateCache(263)) - created bucket: buc-48656 of layout FILE_SYSTEM_OPTIMIZED in volume: vol-90441
2023-02-22 04:46:21,397 [OM StateMachine ApplyTransaction Thread - 0] INFO  bucket.OMBucketCreateRequest (OMBucketCreateRequest.java:validateAndUpdateCache(263)) - created bucket: buc-48656 of layout FILE_SYSTEM_OPTIMIZED in volume: vol-90441
2023-02-22 04:46:21,398 [OM StateMachine ApplyTransaction Thread - 0] INFO  bucket.OMBucketCreateRequest (OMBucketCreateRequest.java:validateAndUpdateCache(263)) - created bucket: buc-48656 of layout FILE_SYSTEM_OPTIMIZED in volume: vol-90441
2023-02-22 04:46:21,419 [OM StateMachine ApplyTransaction Thread - 0] INFO  snapshot.OMSnapshotCreateRequest (OMSnapshotCreateRequest.java:validateAndUpdateCache(180)) - Created snapshot 'c416eec6-2bd5-4e8f-b67e-c405b742f05c' under path 'vol-90441/buc-48656'
2023-02-22 04:46:21,420 [OM StateMachine ApplyTransaction Thread - 0] INFO  snapshot.OMSnapshotCreateRequest (OMSnapshotCreateRequest.java:validateAndUpdateCache(180)) - Created snapshot 'c416eec6-2bd5-4e8f-b67e-c405b742f05c' under path 'vol-90441/buc-48656'
2023-02-22 04:46:21,421 [OM StateMachine ApplyTransaction Thread - 0] INFO  snapshot.OMSnapshotCreateRequest (OMSnapshotCreateRequest.java:validateAndUpdateCache(180)) - Created snapshot 'c416eec6-2bd5-4e8f-b67e-c405b742f05c' under path 'vol-90441/buc-48656'
2023-02-22 04:46:21,452 [OMDoubleBufferFlushThread] INFO  db.RDBCheckpointManager (RDBCheckpointManager.java:createCheckpoint(96)) - Created checkpoint in rocksDB at /home/runner/work/ozone/ozone/hadoop-ozone/integration-test/target/test-dir/MiniOzoneClusterImpl-d1b59b44-2044-4343-9d69-28cc870eb01e/omNode-1/db.snapshots/om.db-c8c659bc-e0ce-4006-ab83-7c0de418b57f in 31 milliseconds
2023-02-22 04:46:21,456 [OMDoubleBufferFlushThread] INFO  db.RDBCheckpointManager (RDBCheckpointManager.java:waitForCheckpointDirectoryExist(125)) - Waited for 4 milliseconds for checkpoint directory /home/runner/work/ozone/ozone/hadoop-ozone/integration-test/target/test-dir/MiniOzoneClusterImpl-d1b59b44-2044-4343-9d69-28cc870eb01e/omNode-1/db.snapshots/om.db-c8c659bc-e0ce-4006-ab83-7c0de418b57f availability.
2023-02-22 04:46:21,456 [OMDoubleBufferFlushThread] INFO  om.OmSnapshotManager (OmSnapshotManager.java:createOmSnapshotCheckpoint(163)) - Created checkpoint : /home/runner/work/ozone/ozone/hadoop-ozone/integration-test/target/test-dir/MiniOzoneClusterImpl-d1b59b44-2044-4343-9d69-28cc870eb01e/omNode-1/db.snapshots/om.db-c8c659bc-e0ce-4006-ab83-7c0de418b57f for snapshot c416eec6-2bd5-4e8f-b67e-c405b742f05c
2023-02-22 04:46:21,460 [OMDoubleBufferFlushThread] INFO  db.RDBCheckpointManager (RDBCheckpointManager.java:createCheckpoint(96)) - Created checkpoint in rocksDB at /home/runner/work/ozone/ozone/hadoop-ozone/integration-test/target/test-dir/MiniOzoneClusterImpl-d1b59b44-2044-4343-9d69-28cc870eb01e/omNode-2/db.snapshots/om.db-c8c659bc-e0ce-4006-ab83-7c0de418b57f in 38 milliseconds
2023-02-22 04:46:21,462 [OMDoubleBufferFlushThread] INFO  db.RDBCheckpointManager (RDBCheckpointManager.java:waitForCheckpointDirectoryExist(125)) - Waited for 2 milliseconds for checkpoint directory /home/runner/work/ozone/ozone/hadoop-ozone/integration-test/target/test-dir/MiniOzoneClusterImpl-d1b59b44-2044-4343-9d69-28cc870eb01e/omNode-2/db.snapshots/om.db-c8c659bc-e0ce-4006-ab83-7c0de418b57f availability.
2023-02-22 04:46:21,462 [OMDoubleBufferFlushThread] INFO  om.OmSnapshotManager (OmSnapshotManager.java:createOmSnapshotCheckpoint(163)) - Created checkpoint : /home/runner/work/ozone/ozone/hadoop-ozone/integration-test/target/test-dir/MiniOzoneClusterImpl-d1b59b44-2044-4343-9d69-28cc870eb01e/omNode-2/db.snapshots/om.db-c8c659bc-e0ce-4006-ab83-7c0de418b57f for snapshot c416eec6-2bd5-4e8f-b67e-c405b742f05c
2023-02-22 04:46:21,466 [OMDoubleBufferFlushThread] INFO  db.RDBCheckpointManager (RDBCheckpointManager.java:createCheckpoint(96)) - Created checkpoint in rocksDB at /home/runner/work/ozone/ozone/hadoop-ozone/integration-test/target/test-dir/MiniOzoneClusterImpl-d1b59b44-2044-4343-9d69-28cc870eb01e/omNode-3/db.snapshots/om.db-c8c659bc-e0ce-4006-ab83-7c0de418b57f in 44 milliseconds
2023-02-22 04:46:21,466 [OMDoubleBufferFlushThread] INFO  db.RDBCheckpointManager (RDBCheckpointManager.java:waitForCheckpointDirectoryExist(125)) - Waited for 0 milliseconds for checkpoint directory /home/runner/work/ozone/ozone/hadoop-ozone/integration-test/target/test-dir/MiniOzoneClusterImpl-d1b59b44-2044-4343-9d69-28cc870eb01e/omNode-3/db.snapshots/om.db-c8c659bc-e0ce-4006-ab83-7c0de418b57f availability.
2023-02-22 04:46:21,466 [OMDoubleBufferFlushThread] INFO  om.OmSnapshotManager (OmSnapshotManager.java:createOmSnapshotCheckpoint(163)) - Created checkpoint : /home/runner/work/ozone/ozone/hadoop-ozone/integration-test/target/test-dir/MiniOzoneClusterImpl-d1b59b44-2044-4343-9d69-28cc870eb01e/omNode-3/db.snapshots/om.db-c8c659bc-e0ce-4006-ab83-7c0de418b57f for snapshot c416eec6-2bd5-4e8f-b67e-c405b742f05c
2023-02-22 04:46:22,428 [IPC Server handler 3 on default port 40949] WARN  server.ServerUtils (ServerUtils.java:getDBPath(225)) - ozone.om.db.dirs is not configured. We recommend adding this setting. Falling back to ozone.metadata.dirs instead.
2023-02-22 04:46:22,429 [IPC Server handler 3 on default port 40949] INFO  codec.OmKeyInfoCodec (OmKeyInfoCodec.java:<init>(49)) - OmKeyInfoCodec ignorePipeline = true
2023-02-22 04:46:22,429 [IPC Server handler 3 on default port 40949] INFO  codec.RepeatedOmKeyInfoCodec (RepeatedOmKeyInfoCodec.java:<init>(41)) - RepeatedOmKeyInfoCodec ignorePipeline = true
04:46:22.460 [IPC Server handler 16 on default port 40949] ERROR OMAudit - user=runner | ip=127.0.0.1 | op=GET_FILE_STATUS {volume=vol-90441, bucket=buc-48656, key=key-, dataSize=0, replicationConfig=null} | ret=FAILURE
org.apache.hadoop.ozone.om.exceptions.OMException: Unable to get file status: volume: vol-90441 bucket: buc-48656 key: key-
	at org.apache.hadoop.ozone.om.KeyManagerImpl.getOzoneFileStatusFSO(KeyManagerImpl.java:1259) ~[ozone-manager-1.4.0-SNAPSHOT.jar:?]
	at org.apache.hadoop.ozone.om.KeyManagerImpl.getFileStatus(KeyManagerImpl.java:1078) ~[ozone-manager-1.4.0-SNAPSHOT.jar:?]
	at org.apache.hadoop.ozone.om.OmMetadataReader.getFileStatus(OmMetadataReader.java:288) ~[ozone-manager-1.4.0-SNAPSHOT.jar:?]
	at org.apache.hadoop.ozone.om.OmSnapshot.getFileStatus(OmSnapshot.java:118) ~[ozone-manager-1.4.0-SNAPSHOT.jar:?]
	at org.apache.hadoop.ozone.om.OzoneManager.getFileStatus(OzoneManager.java:3450) ~[ozone-manager-1.4.0-SNAPSHOT.jar:?]
	at org.apache.hadoop.ozone.protocolPB.OzoneManagerRequestHandler.getOzoneFileStatus(OzoneManagerRequestHandler.java:933) ~[ozone-manager-1.4.0-SNAPSHOT.jar:?]
	at org.apache.hadoop.ozone.protocolPB.OzoneManagerRequestHandler.handleReadRequest(OzoneManagerRequestHandler.java:238) ~[ozone-manager-1.4.0-SNAPSHOT.jar:?]
	at org.apache.hadoop.ozone.protocolPB.OzoneManagerProtocolServerSideTranslatorPB.submitReadRequestToOM(OzoneManagerProtocolServerSideTranslatorPB.java:223) ~[ozone-manager-1.4.0-SNAPSHOT.jar:?]
	at org.apache.hadoop.ozone.protocolPB.OzoneManagerProtocolServerSideTranslatorPB.processRequest(OzoneManagerProtocolServerSideTranslatorPB.java:177) ~[ozone-manager-1.4.0-SNAPSHOT.jar:?]
	at org.apache.hadoop.hdds.server.OzoneProtocolMessageDispatcher.processRequest(OzoneProtocolMessageDispatcher.java:87) [hdds-server-framework-1.4.0-SNAPSHOT.jar:?]
	at org.apache.hadoop.ozone.protocolPB.OzoneManagerProtocolServerSideTranslatorPB.submitRequest(OzoneManagerProtocolServerSideTranslatorPB.java:147) [ozone-manager-1.4.0-SNAPSHOT.jar:?]
	at org.apache.hadoop.ozone.protocol.proto.OzoneManagerProtocolProtos$OzoneManagerService$2.callBlockingMethod(OzoneManagerProtocolProtos.java) [ozone-interface-client-1.4.0-SNAPSHOT.jar:?]
	at org.apache.hadoop.ipc.ProtobufRpcEngine$Server.processCall(ProtobufRpcEngine.java:465) [hadoop-common-3.3.4.jar:?]
	at org.apache.hadoop.ipc.ProtobufRpcEngine2$Server$ProtoBufRpcInvoker.call(ProtobufRpcEngine2.java:578) [hadoop-common-3.3.4.jar:?]
	at org.apache.hadoop.ipc.ProtobufRpcEngine2$Server$ProtoBufRpcInvoker.call(ProtobufRpcEngine2.java:556) [hadoop-common-3.3.4.jar:?]
	at org.apache.hadoop.ipc.RPC$Server.call(RPC.java:1093) [hadoop-common-3.3.4.jar:?]
	at org.apache.hadoop.ipc.Server$RpcCall.run(Server.java:1043) [hadoop-common-3.3.4.jar:?]
	at org.apache.hadoop.ipc.Server$RpcCall.run(Server.java:971) [hadoop-common-3.3.4.jar:?]
	at java.security.AccessController.doPrivileged(Native Method) ~[?:1.8.0_362]
	at javax.security.auth.Subject.doAs(Subject.java:422) [?:1.8.0_362]
	at org.apache.hadoop.security.UserGroupInformation.doAs(UserGroupInformation.java:1878) [hadoop-common-3.3.4.jar:?]
	at org.apache.hadoop.ipc.Server$Handler.run(Server.java:2976) [hadoop-common-3.3.4.jar:?]
2023-02-22 04:46:22,466 [OM StateMachine ApplyTransaction Thread - 0] INFO  snapshot.OMSnapshotCreateRequest (OMSnapshotCreateRequest.java:validateAndUpdateCache(180)) - Created snapshot 'ad351580-1801-4ad3-8832-3bcf366b79dc' under path 'vol-90441/buc-48656'
2023-02-22 04:46:22,466 [OM StateMachine ApplyTransaction Thread - 0] INFO  snapshot.OMSnapshotCreateRequest (OMSnapshotCreateRequest.java:validateAndUpdateCache(180)) - Created snapshot 'ad351580-1801-4ad3-8832-3bcf366b79dc' under path 'vol-90441/buc-48656'
2023-02-22 04:46:22,467 [OM StateMachine ApplyTransaction Thread - 0] INFO  snapshot.OMSnapshotCreateRequest (OMSnapshotCreateRequest.java:validateAndUpdateCache(180)) - Created snapshot 'ad351580-1801-4ad3-8832-3bcf366b79dc' under path 'vol-90441/buc-48656'
2023-02-22 04:46:22,488 [OMDoubleBufferFlushThread] INFO  db.RDBCheckpointManager (RDBCheckpointManager.java:createCheckpoint(96)) - Created checkpoint in rocksDB at /home/runner/work/ozone/ozone/hadoop-ozone/integration-test/target/test-dir/MiniOzoneClusterImpl-d1b59b44-2044-4343-9d69-28cc870eb01e/omNode-2/db.snapshots/om.db-e9d1e82d-adad-4dd2-b204-875ea121899d in 20 milliseconds
2023-02-22 04:46:22,494 [OMDoubleBufferFlushThread] INFO  db.RDBCheckpointManager (RDBCheckpointManager.java:waitForCheckpointDirectoryExist(125)) - Waited for 5 milliseconds for checkpoint directory /home/runner/work/ozone/ozone/hadoop-ozone/integration-test/target/test-dir/MiniOzoneClusterImpl-d1b59b44-2044-4343-9d69-28cc870eb01e/omNode-2/db.snapshots/om.db-e9d1e82d-adad-4dd2-b204-875ea121899d availability.
2023-02-22 04:46:22,494 [OMDoubleBufferFlushThread] INFO  om.OmSnapshotManager (OmSnapshotManager.java:createOmSnapshotCheckpoint(163)) - Created checkpoint : /home/runner/work/ozone/ozone/hadoop-ozone/integration-test/target/test-dir/MiniOzoneClusterImpl-d1b59b44-2044-4343-9d69-28cc870eb01e/omNode-2/db.snapshots/om.db-e9d1e82d-adad-4dd2-b204-875ea121899d for snapshot ad351580-1801-4ad3-8832-3bcf366b79dc
2023-02-22 04:46:22,500 [OMDoubleBufferFlushThread] INFO  db.RDBCheckpointManager (RDBCheckpointManager.java:createCheckpoint(96)) - Created checkpoint in rocksDB at /home/runner/work/ozone/ozone/hadoop-ozone/integration-test/target/test-dir/MiniOzoneClusterImpl-d1b59b44-2044-4343-9d69-28cc870eb01e/omNode-1/db.snapshots/om.db-e9d1e82d-adad-4dd2-b204-875ea121899d in 33 milliseconds
2023-02-22 04:46:22,501 [OMDoubleBufferFlushThread] INFO  db.RDBCheckpointManager (RDBCheckpointManager.java:waitForCheckpointDirectoryExist(125)) - Waited for 0 milliseconds for checkpoint directory /home/runner/work/ozone/ozone/hadoop-ozone/integration-test/target/test-dir/MiniOzoneClusterImpl-d1b59b44-2044-4343-9d69-28cc870eb01e/omNode-1/db.snapshots/om.db-e9d1e82d-adad-4dd2-b204-875ea121899d availability.
2023-02-22 04:46:22,502 [OMDoubleBufferFlushThread] INFO  om.OmSnapshotManager (OmSnapshotManager.java:createOmSnapshotCheckpoint(163)) - Created checkpoint : /home/runner/work/ozone/ozone/hadoop-ozone/integration-test/target/test-dir/MiniOzoneClusterImpl-d1b59b44-2044-4343-9d69-28cc870eb01e/omNode-1/db.snapshots/om.db-e9d1e82d-adad-4dd2-b204-875ea121899d for snapshot ad351580-1801-4ad3-8832-3bcf366b79dc
2023-02-22 04:46:22,505 [OMDoubleBufferFlushThread] INFO  db.RDBCheckpointManager (RDBCheckpointManager.java:createCheckpoint(96)) - Created checkpoint in rocksDB at /home/runner/work/ozone/ozone/hadoop-ozone/integration-test/target/test-dir/MiniOzoneClusterImpl-d1b59b44-2044-4343-9d69-28cc870eb01e/omNode-3/db.snapshots/om.db-e9d1e82d-adad-4dd2-b204-875ea121899d in 36 milliseconds
2023-02-22 04:46:22,515 [OMDoubleBufferFlushThread] INFO  db.RDBCheckpointManager (RDBCheckpointManager.java:waitForCheckpointDirectoryExist(125)) - Waited for 10 milliseconds for checkpoint directory /home/runner/work/ozone/ozone/hadoop-ozone/integration-test/target/test-dir/MiniOzoneClusterImpl-d1b59b44-2044-4343-9d69-28cc870eb01e/omNode-3/db.snapshots/om.db-e9d1e82d-adad-4dd2-b204-875ea121899d availability.
2023-02-22 04:46:22,515 [OMDoubleBufferFlushThread] INFO  om.OmSnapshotManager (OmSnapshotManager.java:createOmSnapshotCheckpoint(163)) - Created checkpoint : /home/runner/work/ozone/ozone/hadoop-ozone/integration-test/target/test-dir/MiniOzoneClusterImpl-d1b59b44-2044-4343-9d69-28cc870eb01e/omNode-3/db.snapshots/om.db-e9d1e82d-adad-4dd2-b204-875ea121899d for snapshot ad351580-1801-4ad3-8832-3bcf366b79dc
2023-02-22 04:46:23,471 [IPC Server handler 1 on default port 40949] WARN  server.ServerUtils (ServerUtils.java:getDBPath(225)) - ozone.om.db.dirs is not configured. We recommend adding this setting. Falling back to ozone.metadata.dirs instead.
2023-02-22 04:46:23,471 [IPC Server handler 1 on default port 40949] INFO  codec.OmKeyInfoCodec (OmKeyInfoCodec.java:<init>(49)) - OmKeyInfoCodec ignorePipeline = true
2023-02-22 04:46:23,471 [IPC Server handler 1 on default port 40949] INFO  codec.RepeatedOmKeyInfoCodec (RepeatedOmKeyInfoCodec.java:<init>(41)) - RepeatedOmKeyInfoCodec ignorePipeline = true
]]></system-out>
  </testcase>
  <testcase name="testListDeleteKey" classname="TestOmSnapshot" time="2.106">
    <system-out><![CDATA[2023-02-22 04:47:10,905 [Time-limited test] INFO  rpc.RpcClient (RpcClient.java:createVolume(476)) - Creating Volume: vol-62264, with runner as owner and space quota set to -1 bytes, counts quota set to -1
2023-02-22 04:47:10,907 [OM StateMachine ApplyTransaction Thread - 0] INFO  volume.OMVolumeCreateRequest (OMVolumeCreateRequest.java:validateAndUpdateCache(195)) - created volume:vol-62264 for user:runner
2023-02-22 04:47:10,907 [OM StateMachine ApplyTransaction Thread - 0] INFO  volume.OMVolumeCreateRequest (OMVolumeCreateRequest.java:validateAndUpdateCache(195)) - created volume:vol-62264 for user:runner
2023-02-22 04:47:10,908 [OM StateMachine ApplyTransaction Thread - 0] INFO  volume.OMVolumeCreateRequest (OMVolumeCreateRequest.java:validateAndUpdateCache(195)) - created volume:vol-62264 for user:runner
2023-02-22 04:47:10,909 [Time-limited test] INFO  rpc.RpcClient (RpcClient.java:createBucket(698)) - Creating Bucket: vol-62264/buc-21598, with server-side default bucket layout, runner as owner, Versioning false, Storage Type set to DISK and Encryption set to false, Replication Type set to server-side default replication type, Namespace Quota set to -1, Space Quota set to -1 
2023-02-22 04:47:10,911 [OM StateMachine ApplyTransaction Thread - 0] INFO  bucket.OMBucketCreateRequest (OMBucketCreateRequest.java:validateAndUpdateCache(263)) - created bucket: buc-21598 of layout LEGACY in volume: vol-62264
2023-02-22 04:47:10,911 [OM StateMachine ApplyTransaction Thread - 0] INFO  bucket.OMBucketCreateRequest (OMBucketCreateRequest.java:validateAndUpdateCache(263)) - created bucket: buc-21598 of layout LEGACY in volume: vol-62264
2023-02-22 04:47:10,912 [OM StateMachine ApplyTransaction Thread - 0] INFO  bucket.OMBucketCreateRequest (OMBucketCreateRequest.java:validateAndUpdateCache(263)) - created bucket: buc-21598 of layout LEGACY in volume: vol-62264
2023-02-22 04:47:10,926 [OM StateMachine ApplyTransaction Thread - 0] INFO  snapshot.OMSnapshotCreateRequest (OMSnapshotCreateRequest.java:validateAndUpdateCache(180)) - Created snapshot 'e133470f-0cd4-4288-9bf9-085e0859a4d2' under path 'vol-62264/buc-21598'
2023-02-22 04:47:10,927 [OM StateMachine ApplyTransaction Thread - 0] INFO  snapshot.OMSnapshotCreateRequest (OMSnapshotCreateRequest.java:validateAndUpdateCache(180)) - Created snapshot 'e133470f-0cd4-4288-9bf9-085e0859a4d2' under path 'vol-62264/buc-21598'
2023-02-22 04:47:10,928 [OM StateMachine ApplyTransaction Thread - 0] INFO  snapshot.OMSnapshotCreateRequest (OMSnapshotCreateRequest.java:validateAndUpdateCache(180)) - Created snapshot 'e133470f-0cd4-4288-9bf9-085e0859a4d2' under path 'vol-62264/buc-21598'
2023-02-22 04:47:10,964 [OMDoubleBufferFlushThread] INFO  db.RDBCheckpointManager (RDBCheckpointManager.java:createCheckpoint(96)) - Created checkpoint in rocksDB at /home/runner/work/ozone/ozone/hadoop-ozone/integration-test/target/test-dir/MiniOzoneClusterImpl-7cc88fad-c9bf-4c80-b076-d2cf48673a1e/omNode-3/db.snapshots/om.db-ec146488-078f-4259-ab04-7dafd9b39e91 in 36 milliseconds
2023-02-22 04:47:10,965 [OMDoubleBufferFlushThread] INFO  db.RDBCheckpointManager (RDBCheckpointManager.java:waitForCheckpointDirectoryExist(125)) - Waited for 1 milliseconds for checkpoint directory /home/runner/work/ozone/ozone/hadoop-ozone/integration-test/target/test-dir/MiniOzoneClusterImpl-7cc88fad-c9bf-4c80-b076-d2cf48673a1e/omNode-3/db.snapshots/om.db-ec146488-078f-4259-ab04-7dafd9b39e91 availability.
2023-02-22 04:47:10,965 [OMDoubleBufferFlushThread] INFO  om.OmSnapshotManager (OmSnapshotManager.java:createOmSnapshotCheckpoint(163)) - Created checkpoint : /home/runner/work/ozone/ozone/hadoop-ozone/integration-test/target/test-dir/MiniOzoneClusterImpl-7cc88fad-c9bf-4c80-b076-d2cf48673a1e/omNode-3/db.snapshots/om.db-ec146488-078f-4259-ab04-7dafd9b39e91 for snapshot e133470f-0cd4-4288-9bf9-085e0859a4d2
2023-02-22 04:47:10,967 [OMDoubleBufferFlushThread] INFO  db.RDBCheckpointManager (RDBCheckpointManager.java:createCheckpoint(96)) - Created checkpoint in rocksDB at /home/runner/work/ozone/ozone/hadoop-ozone/integration-test/target/test-dir/MiniOzoneClusterImpl-7cc88fad-c9bf-4c80-b076-d2cf48673a1e/omNode-1/db.snapshots/om.db-ec146488-078f-4259-ab04-7dafd9b39e91 in 39 milliseconds
2023-02-22 04:47:10,967 [OMDoubleBufferFlushThread] INFO  db.RDBCheckpointManager (RDBCheckpointManager.java:waitForCheckpointDirectoryExist(125)) - Waited for 0 milliseconds for checkpoint directory /home/runner/work/ozone/ozone/hadoop-ozone/integration-test/target/test-dir/MiniOzoneClusterImpl-7cc88fad-c9bf-4c80-b076-d2cf48673a1e/omNode-1/db.snapshots/om.db-ec146488-078f-4259-ab04-7dafd9b39e91 availability.
2023-02-22 04:47:10,967 [OMDoubleBufferFlushThread] INFO  om.OmSnapshotManager (OmSnapshotManager.java:createOmSnapshotCheckpoint(163)) - Created checkpoint : /home/runner/work/ozone/ozone/hadoop-ozone/integration-test/target/test-dir/MiniOzoneClusterImpl-7cc88fad-c9bf-4c80-b076-d2cf48673a1e/omNode-1/db.snapshots/om.db-ec146488-078f-4259-ab04-7dafd9b39e91 for snapshot e133470f-0cd4-4288-9bf9-085e0859a4d2
2023-02-22 04:47:10,971 [OMDoubleBufferFlushThread] INFO  db.RDBCheckpointManager (RDBCheckpointManager.java:createCheckpoint(96)) - Created checkpoint in rocksDB at /home/runner/work/ozone/ozone/hadoop-ozone/integration-test/target/test-dir/MiniOzoneClusterImpl-7cc88fad-c9bf-4c80-b076-d2cf48673a1e/omNode-2/db.snapshots/om.db-ec146488-078f-4259-ab04-7dafd9b39e91 in 42 milliseconds
2023-02-22 04:47:10,971 [OMDoubleBufferFlushThread] INFO  db.RDBCheckpointManager (RDBCheckpointManager.java:waitForCheckpointDirectoryExist(125)) - Waited for 0 milliseconds for checkpoint directory /home/runner/work/ozone/ozone/hadoop-ozone/integration-test/target/test-dir/MiniOzoneClusterImpl-7cc88fad-c9bf-4c80-b076-d2cf48673a1e/omNode-2/db.snapshots/om.db-ec146488-078f-4259-ab04-7dafd9b39e91 availability.
2023-02-22 04:47:10,971 [OMDoubleBufferFlushThread] INFO  om.OmSnapshotManager (OmSnapshotManager.java:createOmSnapshotCheckpoint(163)) - Created checkpoint : /home/runner/work/ozone/ozone/hadoop-ozone/integration-test/target/test-dir/MiniOzoneClusterImpl-7cc88fad-c9bf-4c80-b076-d2cf48673a1e/omNode-2/db.snapshots/om.db-ec146488-078f-4259-ab04-7dafd9b39e91 for snapshot e133470f-0cd4-4288-9bf9-085e0859a4d2
2023-02-22 04:47:11,800 [Under Replicated Processor] INFO  replication.UnhealthyReplicationProcessor (UnhealthyReplicationProcessor.java:processAll(112)) - Processed 0 containers with health state counts {},failed processing 0
2023-02-22 04:47:11,803 [Over Replicated Processor] INFO  replication.UnhealthyReplicationProcessor (UnhealthyReplicationProcessor.java:processAll(112)) - Processed 0 containers with health state counts {},failed processing 0
2023-02-22 04:47:11,933 [IPC Server handler 7 on default port 46571] WARN  server.ServerUtils (ServerUtils.java:getDBPath(225)) - ozone.om.db.dirs is not configured. We recommend adding this setting. Falling back to ozone.metadata.dirs instead.
2023-02-22 04:47:11,933 [IPC Server handler 7 on default port 46571] INFO  codec.OmKeyInfoCodec (OmKeyInfoCodec.java:<init>(49)) - OmKeyInfoCodec ignorePipeline = true
2023-02-22 04:47:11,933 [IPC Server handler 7 on default port 46571] INFO  codec.RepeatedOmKeyInfoCodec (RepeatedOmKeyInfoCodec.java:<init>(41)) - RepeatedOmKeyInfoCodec ignorePipeline = true
2023-02-22 04:47:11,965 [OM StateMachine ApplyTransaction Thread - 0] INFO  snapshot.OMSnapshotCreateRequest (OMSnapshotCreateRequest.java:validateAndUpdateCache(180)) - Created snapshot 'a478cbb9-c8c4-491d-8c7f-4c4b02b8ec81' under path 'vol-62264/buc-21598'
2023-02-22 04:47:11,966 [OM StateMachine ApplyTransaction Thread - 0] INFO  snapshot.OMSnapshotCreateRequest (OMSnapshotCreateRequest.java:validateAndUpdateCache(180)) - Created snapshot 'a478cbb9-c8c4-491d-8c7f-4c4b02b8ec81' under path 'vol-62264/buc-21598'
2023-02-22 04:47:11,966 [OM StateMachine ApplyTransaction Thread - 0] INFO  snapshot.OMSnapshotCreateRequest (OMSnapshotCreateRequest.java:validateAndUpdateCache(180)) - Created snapshot 'a478cbb9-c8c4-491d-8c7f-4c4b02b8ec81' under path 'vol-62264/buc-21598'
2023-02-22 04:47:11,987 [OMDoubleBufferFlushThread] INFO  db.RDBCheckpointManager (RDBCheckpointManager.java:createCheckpoint(96)) - Created checkpoint in rocksDB at /home/runner/work/ozone/ozone/hadoop-ozone/integration-test/target/test-dir/MiniOzoneClusterImpl-7cc88fad-c9bf-4c80-b076-d2cf48673a1e/omNode-1/db.snapshots/om.db-5a8bc2b4-ac5f-4887-a021-7c9f1d914b5d in 20 milliseconds
2023-02-22 04:47:11,988 [OMDoubleBufferFlushThread] INFO  db.RDBCheckpointManager (RDBCheckpointManager.java:createCheckpoint(96)) - Created checkpoint in rocksDB at /home/runner/work/ozone/ozone/hadoop-ozone/integration-test/target/test-dir/MiniOzoneClusterImpl-7cc88fad-c9bf-4c80-b076-d2cf48673a1e/omNode-2/db.snapshots/om.db-5a8bc2b4-ac5f-4887-a021-7c9f1d914b5d in 20 milliseconds
2023-02-22 04:47:11,989 [OMDoubleBufferFlushThread] INFO  db.RDBCheckpointManager (RDBCheckpointManager.java:waitForCheckpointDirectoryExist(125)) - Waited for 2 milliseconds for checkpoint directory /home/runner/work/ozone/ozone/hadoop-ozone/integration-test/target/test-dir/MiniOzoneClusterImpl-7cc88fad-c9bf-4c80-b076-d2cf48673a1e/omNode-1/db.snapshots/om.db-5a8bc2b4-ac5f-4887-a021-7c9f1d914b5d availability.
2023-02-22 04:47:11,989 [OMDoubleBufferFlushThread] INFO  om.OmSnapshotManager (OmSnapshotManager.java:createOmSnapshotCheckpoint(163)) - Created checkpoint : /home/runner/work/ozone/ozone/hadoop-ozone/integration-test/target/test-dir/MiniOzoneClusterImpl-7cc88fad-c9bf-4c80-b076-d2cf48673a1e/omNode-1/db.snapshots/om.db-5a8bc2b4-ac5f-4887-a021-7c9f1d914b5d for snapshot a478cbb9-c8c4-491d-8c7f-4c4b02b8ec81
2023-02-22 04:47:11,990 [OMDoubleBufferFlushThread] INFO  db.RDBCheckpointManager (RDBCheckpointManager.java:waitForCheckpointDirectoryExist(125)) - Waited for 2 milliseconds for checkpoint directory /home/runner/work/ozone/ozone/hadoop-ozone/integration-test/target/test-dir/MiniOzoneClusterImpl-7cc88fad-c9bf-4c80-b076-d2cf48673a1e/omNode-2/db.snapshots/om.db-5a8bc2b4-ac5f-4887-a021-7c9f1d914b5d availability.
2023-02-22 04:47:11,990 [OMDoubleBufferFlushThread] INFO  om.OmSnapshotManager (OmSnapshotManager.java:createOmSnapshotCheckpoint(163)) - Created checkpoint : /home/runner/work/ozone/ozone/hadoop-ozone/integration-test/target/test-dir/MiniOzoneClusterImpl-7cc88fad-c9bf-4c80-b076-d2cf48673a1e/omNode-2/db.snapshots/om.db-5a8bc2b4-ac5f-4887-a021-7c9f1d914b5d for snapshot a478cbb9-c8c4-491d-8c7f-4c4b02b8ec81
2023-02-22 04:47:11,992 [OMDoubleBufferFlushThread] INFO  db.RDBCheckpointManager (RDBCheckpointManager.java:createCheckpoint(96)) - Created checkpoint in rocksDB at /home/runner/work/ozone/ozone/hadoop-ozone/integration-test/target/test-dir/MiniOzoneClusterImpl-7cc88fad-c9bf-4c80-b076-d2cf48673a1e/omNode-3/db.snapshots/om.db-5a8bc2b4-ac5f-4887-a021-7c9f1d914b5d in 24 milliseconds
2023-02-22 04:47:11,993 [OMDoubleBufferFlushThread] INFO  db.RDBCheckpointManager (RDBCheckpointManager.java:waitForCheckpointDirectoryExist(125)) - Waited for 1 milliseconds for checkpoint directory /home/runner/work/ozone/ozone/hadoop-ozone/integration-test/target/test-dir/MiniOzoneClusterImpl-7cc88fad-c9bf-4c80-b076-d2cf48673a1e/omNode-3/db.snapshots/om.db-5a8bc2b4-ac5f-4887-a021-7c9f1d914b5d availability.
2023-02-22 04:47:11,993 [OMDoubleBufferFlushThread] INFO  om.OmSnapshotManager (OmSnapshotManager.java:createOmSnapshotCheckpoint(163)) - Created checkpoint : /home/runner/work/ozone/ozone/hadoop-ozone/integration-test/target/test-dir/MiniOzoneClusterImpl-7cc88fad-c9bf-4c80-b076-d2cf48673a1e/omNode-3/db.snapshots/om.db-5a8bc2b4-ac5f-4887-a021-7c9f1d914b5d for snapshot a478cbb9-c8c4-491d-8c7f-4c4b02b8ec81
2023-02-22 04:47:12,967 [IPC Server handler 5 on default port 46571] WARN  server.ServerUtils (ServerUtils.java:getDBPath(225)) - ozone.om.db.dirs is not configured. We recommend adding this setting. Falling back to ozone.metadata.dirs instead.
2023-02-22 04:47:12,967 [IPC Server handler 5 on default port 46571] INFO  codec.OmKeyInfoCodec (OmKeyInfoCodec.java:<init>(49)) - OmKeyInfoCodec ignorePipeline = true
2023-02-22 04:47:12,967 [IPC Server handler 5 on default port 46571] INFO  codec.RepeatedOmKeyInfoCodec (RepeatedOmKeyInfoCodec.java:<init>(41)) - RepeatedOmKeyInfoCodec ignorePipeline = true
]]></system-out>
  </testcase>
  <testcase name="testListAddNewKey" classname="TestOmSnapshot" time="2.169">
    <system-out><![CDATA[2023-02-22 04:45:23,973 [Time-limited test] INFO  rpc.RpcClient (RpcClient.java:createVolume(476)) - Creating Volume: vol-34479, with runner as owner and space quota set to -1 bytes, counts quota set to -1
2023-02-22 04:45:23,976 [OM StateMachine ApplyTransaction Thread - 0] INFO  volume.OMVolumeCreateRequest (OMVolumeCreateRequest.java:validateAndUpdateCache(195)) - created volume:vol-34479 for user:runner
2023-02-22 04:45:23,978 [OM StateMachine ApplyTransaction Thread - 0] INFO  volume.OMVolumeCreateRequest (OMVolumeCreateRequest.java:validateAndUpdateCache(195)) - created volume:vol-34479 for user:runner
2023-02-22 04:45:23,979 [OM StateMachine ApplyTransaction Thread - 0] INFO  volume.OMVolumeCreateRequest (OMVolumeCreateRequest.java:validateAndUpdateCache(195)) - created volume:vol-34479 for user:runner
2023-02-22 04:45:23,981 [Time-limited test] INFO  rpc.RpcClient (RpcClient.java:createBucket(698)) - Creating Bucket: vol-34479/buc-98917, with server-side default bucket layout, runner as owner, Versioning false, Storage Type set to DISK and Encryption set to false, Replication Type set to server-side default replication type, Namespace Quota set to -1, Space Quota set to -1 
2023-02-22 04:45:23,984 [OM StateMachine ApplyTransaction Thread - 0] INFO  bucket.OMBucketCreateRequest (OMBucketCreateRequest.java:validateAndUpdateCache(263)) - created bucket: buc-98917 of layout OBJECT_STORE in volume: vol-34479
2023-02-22 04:45:23,985 [OM StateMachine ApplyTransaction Thread - 0] INFO  bucket.OMBucketCreateRequest (OMBucketCreateRequest.java:validateAndUpdateCache(263)) - created bucket: buc-98917 of layout OBJECT_STORE in volume: vol-34479
2023-02-22 04:45:23,987 [OM StateMachine ApplyTransaction Thread - 0] INFO  bucket.OMBucketCreateRequest (OMBucketCreateRequest.java:validateAndUpdateCache(263)) - created bucket: buc-98917 of layout OBJECT_STORE in volume: vol-34479
2023-02-22 04:45:24,023 [OM StateMachine ApplyTransaction Thread - 0] INFO  snapshot.OMSnapshotCreateRequest (OMSnapshotCreateRequest.java:validateAndUpdateCache(180)) - Created snapshot 'bd489c9a-47c5-4fe5-88f5-903f278b6cf8' under path 'vol-34479/buc-98917'
2023-02-22 04:45:24,025 [OM StateMachine ApplyTransaction Thread - 0] INFO  snapshot.OMSnapshotCreateRequest (OMSnapshotCreateRequest.java:validateAndUpdateCache(180)) - Created snapshot 'bd489c9a-47c5-4fe5-88f5-903f278b6cf8' under path 'vol-34479/buc-98917'
2023-02-22 04:45:24,027 [OM StateMachine ApplyTransaction Thread - 0] INFO  snapshot.OMSnapshotCreateRequest (OMSnapshotCreateRequest.java:validateAndUpdateCache(180)) - Created snapshot 'bd489c9a-47c5-4fe5-88f5-903f278b6cf8' under path 'vol-34479/buc-98917'
2023-02-22 04:45:24,056 [OMDoubleBufferFlushThread] INFO  db.RDBCheckpointManager (RDBCheckpointManager.java:createCheckpoint(96)) - Created checkpoint in rocksDB at /home/runner/work/ozone/ozone/hadoop-ozone/integration-test/target/test-dir/MiniOzoneClusterImpl-23364813-765e-4689-b759-17f9bf3914d5/omNode-3/db.snapshots/om.db-319fb29f-4e73-4744-bf69-251e69357198 in 28 milliseconds
2023-02-22 04:45:24,057 [OMDoubleBufferFlushThread] INFO  db.RDBCheckpointManager (RDBCheckpointManager.java:createCheckpoint(96)) - Created checkpoint in rocksDB at /home/runner/work/ozone/ozone/hadoop-ozone/integration-test/target/test-dir/MiniOzoneClusterImpl-23364813-765e-4689-b759-17f9bf3914d5/omNode-1/db.snapshots/om.db-319fb29f-4e73-4744-bf69-251e69357198 in 30 milliseconds
2023-02-22 04:45:24,057 [OMDoubleBufferFlushThread] INFO  db.RDBCheckpointManager (RDBCheckpointManager.java:createCheckpoint(96)) - Created checkpoint in rocksDB at /home/runner/work/ozone/ozone/hadoop-ozone/integration-test/target/test-dir/MiniOzoneClusterImpl-23364813-765e-4689-b759-17f9bf3914d5/omNode-2/db.snapshots/om.db-319fb29f-4e73-4744-bf69-251e69357198 in 29 milliseconds
2023-02-22 04:45:24,061 [OMDoubleBufferFlushThread] INFO  db.RDBCheckpointManager (RDBCheckpointManager.java:waitForCheckpointDirectoryExist(125)) - Waited for 5 milliseconds for checkpoint directory /home/runner/work/ozone/ozone/hadoop-ozone/integration-test/target/test-dir/MiniOzoneClusterImpl-23364813-765e-4689-b759-17f9bf3914d5/omNode-3/db.snapshots/om.db-319fb29f-4e73-4744-bf69-251e69357198 availability.
2023-02-22 04:45:24,061 [OMDoubleBufferFlushThread] INFO  om.OmSnapshotManager (OmSnapshotManager.java:createOmSnapshotCheckpoint(163)) - Created checkpoint : /home/runner/work/ozone/ozone/hadoop-ozone/integration-test/target/test-dir/MiniOzoneClusterImpl-23364813-765e-4689-b759-17f9bf3914d5/omNode-3/db.snapshots/om.db-319fb29f-4e73-4744-bf69-251e69357198 for snapshot bd489c9a-47c5-4fe5-88f5-903f278b6cf8
2023-02-22 04:45:24,062 [OMDoubleBufferFlushThread] INFO  db.RDBCheckpointManager (RDBCheckpointManager.java:waitForCheckpointDirectoryExist(125)) - Waited for 5 milliseconds for checkpoint directory /home/runner/work/ozone/ozone/hadoop-ozone/integration-test/target/test-dir/MiniOzoneClusterImpl-23364813-765e-4689-b759-17f9bf3914d5/omNode-1/db.snapshots/om.db-319fb29f-4e73-4744-bf69-251e69357198 availability.
2023-02-22 04:45:24,062 [OMDoubleBufferFlushThread] INFO  om.OmSnapshotManager (OmSnapshotManager.java:createOmSnapshotCheckpoint(163)) - Created checkpoint : /home/runner/work/ozone/ozone/hadoop-ozone/integration-test/target/test-dir/MiniOzoneClusterImpl-23364813-765e-4689-b759-17f9bf3914d5/omNode-1/db.snapshots/om.db-319fb29f-4e73-4744-bf69-251e69357198 for snapshot bd489c9a-47c5-4fe5-88f5-903f278b6cf8
2023-02-22 04:45:24,062 [OMDoubleBufferFlushThread] INFO  db.RDBCheckpointManager (RDBCheckpointManager.java:waitForCheckpointDirectoryExist(125)) - Waited for 5 milliseconds for checkpoint directory /home/runner/work/ozone/ozone/hadoop-ozone/integration-test/target/test-dir/MiniOzoneClusterImpl-23364813-765e-4689-b759-17f9bf3914d5/omNode-2/db.snapshots/om.db-319fb29f-4e73-4744-bf69-251e69357198 availability.
2023-02-22 04:45:24,062 [OMDoubleBufferFlushThread] INFO  om.OmSnapshotManager (OmSnapshotManager.java:createOmSnapshotCheckpoint(163)) - Created checkpoint : /home/runner/work/ozone/ozone/hadoop-ozone/integration-test/target/test-dir/MiniOzoneClusterImpl-23364813-765e-4689-b759-17f9bf3914d5/omNode-2/db.snapshots/om.db-319fb29f-4e73-4744-bf69-251e69357198 for snapshot bd489c9a-47c5-4fe5-88f5-903f278b6cf8
2023-02-22 04:45:25,056 [OM StateMachine ApplyTransaction Thread - 0] INFO  snapshot.OMSnapshotCreateRequest (OMSnapshotCreateRequest.java:validateAndUpdateCache(180)) - Created snapshot '23b3766d-4a69-4309-b673-d0b60a9c4485' under path 'vol-34479/buc-98917'
2023-02-22 04:45:25,058 [OM StateMachine ApplyTransaction Thread - 0] INFO  snapshot.OMSnapshotCreateRequest (OMSnapshotCreateRequest.java:validateAndUpdateCache(180)) - Created snapshot '23b3766d-4a69-4309-b673-d0b60a9c4485' under path 'vol-34479/buc-98917'
2023-02-22 04:45:25,058 [OM StateMachine ApplyTransaction Thread - 0] INFO  snapshot.OMSnapshotCreateRequest (OMSnapshotCreateRequest.java:validateAndUpdateCache(180)) - Created snapshot '23b3766d-4a69-4309-b673-d0b60a9c4485' under path 'vol-34479/buc-98917'
2023-02-22 04:45:25,079 [OMDoubleBufferFlushThread] INFO  db.RDBCheckpointManager (RDBCheckpointManager.java:createCheckpoint(96)) - Created checkpoint in rocksDB at /home/runner/work/ozone/ozone/hadoop-ozone/integration-test/target/test-dir/MiniOzoneClusterImpl-23364813-765e-4689-b759-17f9bf3914d5/omNode-1/db.snapshots/om.db-13910eb8-e7ae-44ca-bf5b-ce2338b6534e in 22 milliseconds
2023-02-22 04:45:25,080 [OMDoubleBufferFlushThread] INFO  db.RDBCheckpointManager (RDBCheckpointManager.java:createCheckpoint(96)) - Created checkpoint in rocksDB at /home/runner/work/ozone/ozone/hadoop-ozone/integration-test/target/test-dir/MiniOzoneClusterImpl-23364813-765e-4689-b759-17f9bf3914d5/omNode-3/db.snapshots/om.db-13910eb8-e7ae-44ca-bf5b-ce2338b6534e in 21 milliseconds
2023-02-22 04:45:25,081 [OMDoubleBufferFlushThread] INFO  db.RDBCheckpointManager (RDBCheckpointManager.java:waitForCheckpointDirectoryExist(125)) - Waited for 2 milliseconds for checkpoint directory /home/runner/work/ozone/ozone/hadoop-ozone/integration-test/target/test-dir/MiniOzoneClusterImpl-23364813-765e-4689-b759-17f9bf3914d5/omNode-1/db.snapshots/om.db-13910eb8-e7ae-44ca-bf5b-ce2338b6534e availability.
2023-02-22 04:45:25,081 [OMDoubleBufferFlushThread] INFO  om.OmSnapshotManager (OmSnapshotManager.java:createOmSnapshotCheckpoint(163)) - Created checkpoint : /home/runner/work/ozone/ozone/hadoop-ozone/integration-test/target/test-dir/MiniOzoneClusterImpl-23364813-765e-4689-b759-17f9bf3914d5/omNode-1/db.snapshots/om.db-13910eb8-e7ae-44ca-bf5b-ce2338b6534e for snapshot 23b3766d-4a69-4309-b673-d0b60a9c4485
2023-02-22 04:45:25,081 [OMDoubleBufferFlushThread] INFO  db.RDBCheckpointManager (RDBCheckpointManager.java:waitForCheckpointDirectoryExist(125)) - Waited for 1 milliseconds for checkpoint directory /home/runner/work/ozone/ozone/hadoop-ozone/integration-test/target/test-dir/MiniOzoneClusterImpl-23364813-765e-4689-b759-17f9bf3914d5/omNode-3/db.snapshots/om.db-13910eb8-e7ae-44ca-bf5b-ce2338b6534e availability.
2023-02-22 04:45:25,082 [OMDoubleBufferFlushThread] INFO  om.OmSnapshotManager (OmSnapshotManager.java:createOmSnapshotCheckpoint(163)) - Created checkpoint : /home/runner/work/ozone/ozone/hadoop-ozone/integration-test/target/test-dir/MiniOzoneClusterImpl-23364813-765e-4689-b759-17f9bf3914d5/omNode-3/db.snapshots/om.db-13910eb8-e7ae-44ca-bf5b-ce2338b6534e for snapshot 23b3766d-4a69-4309-b673-d0b60a9c4485
2023-02-22 04:45:25,082 [OMDoubleBufferFlushThread] INFO  db.RDBCheckpointManager (RDBCheckpointManager.java:createCheckpoint(96)) - Created checkpoint in rocksDB at /home/runner/work/ozone/ozone/hadoop-ozone/integration-test/target/test-dir/MiniOzoneClusterImpl-23364813-765e-4689-b759-17f9bf3914d5/omNode-2/db.snapshots/om.db-13910eb8-e7ae-44ca-bf5b-ce2338b6534e in 23 milliseconds
2023-02-22 04:45:25,083 [OMDoubleBufferFlushThread] INFO  db.RDBCheckpointManager (RDBCheckpointManager.java:waitForCheckpointDirectoryExist(125)) - Waited for 1 milliseconds for checkpoint directory /home/runner/work/ozone/ozone/hadoop-ozone/integration-test/target/test-dir/MiniOzoneClusterImpl-23364813-765e-4689-b759-17f9bf3914d5/omNode-2/db.snapshots/om.db-13910eb8-e7ae-44ca-bf5b-ce2338b6534e availability.
2023-02-22 04:45:25,083 [OMDoubleBufferFlushThread] INFO  om.OmSnapshotManager (OmSnapshotManager.java:createOmSnapshotCheckpoint(163)) - Created checkpoint : /home/runner/work/ozone/ozone/hadoop-ozone/integration-test/target/test-dir/MiniOzoneClusterImpl-23364813-765e-4689-b759-17f9bf3914d5/omNode-2/db.snapshots/om.db-13910eb8-e7ae-44ca-bf5b-ce2338b6534e for snapshot 23b3766d-4a69-4309-b673-d0b60a9c4485
2023-02-22 04:45:26,058 [IPC Server handler 11 on default port 36219] WARN  server.ServerUtils (ServerUtils.java:getDBPath(225)) - ozone.om.db.dirs is not configured. We recommend adding this setting. Falling back to ozone.metadata.dirs instead.
2023-02-22 04:45:26,058 [IPC Server handler 11 on default port 36219] INFO  codec.OmKeyInfoCodec (OmKeyInfoCodec.java:<init>(49)) - OmKeyInfoCodec ignorePipeline = true
2023-02-22 04:45:26,058 [IPC Server handler 11 on default port 36219] INFO  codec.RepeatedOmKeyInfoCodec (RepeatedOmKeyInfoCodec.java:<init>(41)) - RepeatedOmKeyInfoCodec ignorePipeline = true
2023-02-22 04:45:26,092 [IPC Server handler 14 on default port 36219] WARN  server.ServerUtils (ServerUtils.java:getDBPath(225)) - ozone.om.db.dirs is not configured. We recommend adding this setting. Falling back to ozone.metadata.dirs instead.
2023-02-22 04:45:26,093 [IPC Server handler 14 on default port 36219] INFO  codec.OmKeyInfoCodec (OmKeyInfoCodec.java:<init>(49)) - OmKeyInfoCodec ignorePipeline = true
2023-02-22 04:45:26,093 [IPC Server handler 14 on default port 36219] INFO  codec.RepeatedOmKeyInfoCodec (RepeatedOmKeyInfoCodec.java:<init>(41)) - RepeatedOmKeyInfoCodec ignorePipeline = true
]]></system-out>
  </testcase>
  <testcase name="testListAddNewKey" classname="TestOmSnapshot" time="2.172">
    <system-out><![CDATA[2023-02-22 04:46:23,503 [Time-limited test] INFO  rpc.RpcClient (RpcClient.java:createVolume(476)) - Creating Volume: vol-96217, with runner as owner and space quota set to -1 bytes, counts quota set to -1
2023-02-22 04:46:23,506 [OM StateMachine ApplyTransaction Thread - 0] INFO  volume.OMVolumeCreateRequest (OMVolumeCreateRequest.java:validateAndUpdateCache(195)) - created volume:vol-96217 for user:runner
2023-02-22 04:46:23,506 [OM StateMachine ApplyTransaction Thread - 0] INFO  volume.OMVolumeCreateRequest (OMVolumeCreateRequest.java:validateAndUpdateCache(195)) - created volume:vol-96217 for user:runner
2023-02-22 04:46:23,507 [OM StateMachine ApplyTransaction Thread - 0] INFO  volume.OMVolumeCreateRequest (OMVolumeCreateRequest.java:validateAndUpdateCache(195)) - created volume:vol-96217 for user:runner
2023-02-22 04:46:23,509 [Time-limited test] INFO  rpc.RpcClient (RpcClient.java:createBucket(698)) - Creating Bucket: vol-96217/buc-13343, with server-side default bucket layout, runner as owner, Versioning false, Storage Type set to DISK and Encryption set to false, Replication Type set to server-side default replication type, Namespace Quota set to -1, Space Quota set to -1 
2023-02-22 04:46:23,510 [OM StateMachine ApplyTransaction Thread - 0] INFO  bucket.OMBucketCreateRequest (OMBucketCreateRequest.java:validateAndUpdateCache(263)) - created bucket: buc-13343 of layout FILE_SYSTEM_OPTIMIZED in volume: vol-96217
2023-02-22 04:46:23,511 [OM StateMachine ApplyTransaction Thread - 0] INFO  bucket.OMBucketCreateRequest (OMBucketCreateRequest.java:validateAndUpdateCache(263)) - created bucket: buc-13343 of layout FILE_SYSTEM_OPTIMIZED in volume: vol-96217
2023-02-22 04:46:23,514 [OM StateMachine ApplyTransaction Thread - 0] INFO  bucket.OMBucketCreateRequest (OMBucketCreateRequest.java:validateAndUpdateCache(263)) - created bucket: buc-13343 of layout FILE_SYSTEM_OPTIMIZED in volume: vol-96217
2023-02-22 04:46:23,547 [OM StateMachine ApplyTransaction Thread - 0] INFO  snapshot.OMSnapshotCreateRequest (OMSnapshotCreateRequest.java:validateAndUpdateCache(180)) - Created snapshot 'b6324365-b57f-4332-ae6d-3d385d91b59b' under path 'vol-96217/buc-13343'
2023-02-22 04:46:23,548 [OM StateMachine ApplyTransaction Thread - 0] INFO  snapshot.OMSnapshotCreateRequest (OMSnapshotCreateRequest.java:validateAndUpdateCache(180)) - Created snapshot 'b6324365-b57f-4332-ae6d-3d385d91b59b' under path 'vol-96217/buc-13343'
2023-02-22 04:46:23,549 [OM StateMachine ApplyTransaction Thread - 0] INFO  snapshot.OMSnapshotCreateRequest (OMSnapshotCreateRequest.java:validateAndUpdateCache(180)) - Created snapshot 'b6324365-b57f-4332-ae6d-3d385d91b59b' under path 'vol-96217/buc-13343'
2023-02-22 04:46:23,581 [OMDoubleBufferFlushThread] INFO  db.RDBCheckpointManager (RDBCheckpointManager.java:createCheckpoint(96)) - Created checkpoint in rocksDB at /home/runner/work/ozone/ozone/hadoop-ozone/integration-test/target/test-dir/MiniOzoneClusterImpl-d1b59b44-2044-4343-9d69-28cc870eb01e/omNode-3/db.snapshots/om.db-b08911c5-a120-4b28-88cc-db017435d5f5 in 32 milliseconds
2023-02-22 04:46:23,582 [OMDoubleBufferFlushThread] INFO  db.RDBCheckpointManager (RDBCheckpointManager.java:createCheckpoint(96)) - Created checkpoint in rocksDB at /home/runner/work/ozone/ozone/hadoop-ozone/integration-test/target/test-dir/MiniOzoneClusterImpl-d1b59b44-2044-4343-9d69-28cc870eb01e/omNode-1/db.snapshots/om.db-b08911c5-a120-4b28-88cc-db017435d5f5 in 33 milliseconds
2023-02-22 04:46:23,582 [OMDoubleBufferFlushThread] INFO  db.RDBCheckpointManager (RDBCheckpointManager.java:waitForCheckpointDirectoryExist(125)) - Waited for 1 milliseconds for checkpoint directory /home/runner/work/ozone/ozone/hadoop-ozone/integration-test/target/test-dir/MiniOzoneClusterImpl-d1b59b44-2044-4343-9d69-28cc870eb01e/omNode-3/db.snapshots/om.db-b08911c5-a120-4b28-88cc-db017435d5f5 availability.
2023-02-22 04:46:23,582 [OMDoubleBufferFlushThread] INFO  om.OmSnapshotManager (OmSnapshotManager.java:createOmSnapshotCheckpoint(163)) - Created checkpoint : /home/runner/work/ozone/ozone/hadoop-ozone/integration-test/target/test-dir/MiniOzoneClusterImpl-d1b59b44-2044-4343-9d69-28cc870eb01e/omNode-3/db.snapshots/om.db-b08911c5-a120-4b28-88cc-db017435d5f5 for snapshot b6324365-b57f-4332-ae6d-3d385d91b59b
2023-02-22 04:46:23,582 [OMDoubleBufferFlushThread] INFO  db.RDBCheckpointManager (RDBCheckpointManager.java:waitForCheckpointDirectoryExist(125)) - Waited for 0 milliseconds for checkpoint directory /home/runner/work/ozone/ozone/hadoop-ozone/integration-test/target/test-dir/MiniOzoneClusterImpl-d1b59b44-2044-4343-9d69-28cc870eb01e/omNode-1/db.snapshots/om.db-b08911c5-a120-4b28-88cc-db017435d5f5 availability.
2023-02-22 04:46:23,583 [OMDoubleBufferFlushThread] INFO  om.OmSnapshotManager (OmSnapshotManager.java:createOmSnapshotCheckpoint(163)) - Created checkpoint : /home/runner/work/ozone/ozone/hadoop-ozone/integration-test/target/test-dir/MiniOzoneClusterImpl-d1b59b44-2044-4343-9d69-28cc870eb01e/omNode-1/db.snapshots/om.db-b08911c5-a120-4b28-88cc-db017435d5f5 for snapshot b6324365-b57f-4332-ae6d-3d385d91b59b
2023-02-22 04:46:23,586 [OMDoubleBufferFlushThread] INFO  db.RDBCheckpointManager (RDBCheckpointManager.java:createCheckpoint(96)) - Created checkpoint in rocksDB at /home/runner/work/ozone/ozone/hadoop-ozone/integration-test/target/test-dir/MiniOzoneClusterImpl-d1b59b44-2044-4343-9d69-28cc870eb01e/omNode-2/db.snapshots/om.db-b08911c5-a120-4b28-88cc-db017435d5f5 in 37 milliseconds
2023-02-22 04:46:23,593 [OMDoubleBufferFlushThread] INFO  db.RDBCheckpointManager (RDBCheckpointManager.java:waitForCheckpointDirectoryExist(125)) - Waited for 7 milliseconds for checkpoint directory /home/runner/work/ozone/ozone/hadoop-ozone/integration-test/target/test-dir/MiniOzoneClusterImpl-d1b59b44-2044-4343-9d69-28cc870eb01e/omNode-2/db.snapshots/om.db-b08911c5-a120-4b28-88cc-db017435d5f5 availability.
2023-02-22 04:46:23,593 [OMDoubleBufferFlushThread] INFO  om.OmSnapshotManager (OmSnapshotManager.java:createOmSnapshotCheckpoint(163)) - Created checkpoint : /home/runner/work/ozone/ozone/hadoop-ozone/integration-test/target/test-dir/MiniOzoneClusterImpl-d1b59b44-2044-4343-9d69-28cc870eb01e/omNode-2/db.snapshots/om.db-b08911c5-a120-4b28-88cc-db017435d5f5 for snapshot b6324365-b57f-4332-ae6d-3d385d91b59b
2023-02-22 04:46:24,569 [OM StateMachine ApplyTransaction Thread - 0] INFO  snapshot.OMSnapshotCreateRequest (OMSnapshotCreateRequest.java:validateAndUpdateCache(180)) - Created snapshot 'b019488c-7147-4a79-ba9a-b177491c5ee7' under path 'vol-96217/buc-13343'
2023-02-22 04:46:24,571 [OM StateMachine ApplyTransaction Thread - 0] INFO  snapshot.OMSnapshotCreateRequest (OMSnapshotCreateRequest.java:validateAndUpdateCache(180)) - Created snapshot 'b019488c-7147-4a79-ba9a-b177491c5ee7' under path 'vol-96217/buc-13343'
2023-02-22 04:46:24,571 [OM StateMachine ApplyTransaction Thread - 0] INFO  snapshot.OMSnapshotCreateRequest (OMSnapshotCreateRequest.java:validateAndUpdateCache(180)) - Created snapshot 'b019488c-7147-4a79-ba9a-b177491c5ee7' under path 'vol-96217/buc-13343'
2023-02-22 04:46:24,592 [OMDoubleBufferFlushThread] INFO  db.RDBCheckpointManager (RDBCheckpointManager.java:createCheckpoint(96)) - Created checkpoint in rocksDB at /home/runner/work/ozone/ozone/hadoop-ozone/integration-test/target/test-dir/MiniOzoneClusterImpl-d1b59b44-2044-4343-9d69-28cc870eb01e/omNode-1/db.snapshots/om.db-a6e32078-e008-470b-94b9-7a8b6b46b0f9 in 21 milliseconds
2023-02-22 04:46:24,593 [OMDoubleBufferFlushThread] INFO  db.RDBCheckpointManager (RDBCheckpointManager.java:waitForCheckpointDirectoryExist(125)) - Waited for 1 milliseconds for checkpoint directory /home/runner/work/ozone/ozone/hadoop-ozone/integration-test/target/test-dir/MiniOzoneClusterImpl-d1b59b44-2044-4343-9d69-28cc870eb01e/omNode-1/db.snapshots/om.db-a6e32078-e008-470b-94b9-7a8b6b46b0f9 availability.
2023-02-22 04:46:24,593 [OMDoubleBufferFlushThread] INFO  om.OmSnapshotManager (OmSnapshotManager.java:createOmSnapshotCheckpoint(163)) - Created checkpoint : /home/runner/work/ozone/ozone/hadoop-ozone/integration-test/target/test-dir/MiniOzoneClusterImpl-d1b59b44-2044-4343-9d69-28cc870eb01e/omNode-1/db.snapshots/om.db-a6e32078-e008-470b-94b9-7a8b6b46b0f9 for snapshot b019488c-7147-4a79-ba9a-b177491c5ee7
2023-02-22 04:46:24,594 [OMDoubleBufferFlushThread] INFO  db.RDBCheckpointManager (RDBCheckpointManager.java:createCheckpoint(96)) - Created checkpoint in rocksDB at /home/runner/work/ozone/ozone/hadoop-ozone/integration-test/target/test-dir/MiniOzoneClusterImpl-d1b59b44-2044-4343-9d69-28cc870eb01e/omNode-2/db.snapshots/om.db-a6e32078-e008-470b-94b9-7a8b6b46b0f9 in 22 milliseconds
2023-02-22 04:46:24,595 [OMDoubleBufferFlushThread] INFO  db.RDBCheckpointManager (RDBCheckpointManager.java:waitForCheckpointDirectoryExist(125)) - Waited for 1 milliseconds for checkpoint directory /home/runner/work/ozone/ozone/hadoop-ozone/integration-test/target/test-dir/MiniOzoneClusterImpl-d1b59b44-2044-4343-9d69-28cc870eb01e/omNode-2/db.snapshots/om.db-a6e32078-e008-470b-94b9-7a8b6b46b0f9 availability.
2023-02-22 04:46:24,595 [OMDoubleBufferFlushThread] INFO  om.OmSnapshotManager (OmSnapshotManager.java:createOmSnapshotCheckpoint(163)) - Created checkpoint : /home/runner/work/ozone/ozone/hadoop-ozone/integration-test/target/test-dir/MiniOzoneClusterImpl-d1b59b44-2044-4343-9d69-28cc870eb01e/omNode-2/db.snapshots/om.db-a6e32078-e008-470b-94b9-7a8b6b46b0f9 for snapshot b019488c-7147-4a79-ba9a-b177491c5ee7
2023-02-22 04:46:24,597 [OMDoubleBufferFlushThread] INFO  db.RDBCheckpointManager (RDBCheckpointManager.java:createCheckpoint(96)) - Created checkpoint in rocksDB at /home/runner/work/ozone/ozone/hadoop-ozone/integration-test/target/test-dir/MiniOzoneClusterImpl-d1b59b44-2044-4343-9d69-28cc870eb01e/omNode-3/db.snapshots/om.db-a6e32078-e008-470b-94b9-7a8b6b46b0f9 in 25 milliseconds
2023-02-22 04:46:24,599 [OMDoubleBufferFlushThread] INFO  db.RDBCheckpointManager (RDBCheckpointManager.java:waitForCheckpointDirectoryExist(125)) - Waited for 2 milliseconds for checkpoint directory /home/runner/work/ozone/ozone/hadoop-ozone/integration-test/target/test-dir/MiniOzoneClusterImpl-d1b59b44-2044-4343-9d69-28cc870eb01e/omNode-3/db.snapshots/om.db-a6e32078-e008-470b-94b9-7a8b6b46b0f9 availability.
2023-02-22 04:46:24,599 [OMDoubleBufferFlushThread] INFO  om.OmSnapshotManager (OmSnapshotManager.java:createOmSnapshotCheckpoint(163)) - Created checkpoint : /home/runner/work/ozone/ozone/hadoop-ozone/integration-test/target/test-dir/MiniOzoneClusterImpl-d1b59b44-2044-4343-9d69-28cc870eb01e/omNode-3/db.snapshots/om.db-a6e32078-e008-470b-94b9-7a8b6b46b0f9 for snapshot b019488c-7147-4a79-ba9a-b177491c5ee7
2023-02-22 04:46:25,571 [IPC Server handler 17 on default port 40949] WARN  server.ServerUtils (ServerUtils.java:getDBPath(225)) - ozone.om.db.dirs is not configured. We recommend adding this setting. Falling back to ozone.metadata.dirs instead.
2023-02-22 04:46:25,571 [IPC Server handler 17 on default port 40949] INFO  codec.OmKeyInfoCodec (OmKeyInfoCodec.java:<init>(49)) - OmKeyInfoCodec ignorePipeline = true
2023-02-22 04:46:25,571 [IPC Server handler 17 on default port 40949] INFO  codec.RepeatedOmKeyInfoCodec (RepeatedOmKeyInfoCodec.java:<init>(41)) - RepeatedOmKeyInfoCodec ignorePipeline = true
04:46:25.606 [IPC Server handler 18 on default port 40949] ERROR OMAudit - user=runner | ip=127.0.0.1 | op=GET_FILE_STATUS {volume=vol-96217, bucket=buc-13343, key=key-, dataSize=0, replicationConfig=null} | ret=FAILURE
org.apache.hadoop.ozone.om.exceptions.OMException: Unable to get file status: volume: vol-96217 bucket: buc-13343 key: key-
	at org.apache.hadoop.ozone.om.KeyManagerImpl.getOzoneFileStatusFSO(KeyManagerImpl.java:1259) ~[ozone-manager-1.4.0-SNAPSHOT.jar:?]
	at org.apache.hadoop.ozone.om.KeyManagerImpl.getFileStatus(KeyManagerImpl.java:1078) ~[ozone-manager-1.4.0-SNAPSHOT.jar:?]
	at org.apache.hadoop.ozone.om.OmMetadataReader.getFileStatus(OmMetadataReader.java:288) ~[ozone-manager-1.4.0-SNAPSHOT.jar:?]
	at org.apache.hadoop.ozone.om.OmSnapshot.getFileStatus(OmSnapshot.java:118) ~[ozone-manager-1.4.0-SNAPSHOT.jar:?]
	at org.apache.hadoop.ozone.om.OzoneManager.getFileStatus(OzoneManager.java:3450) ~[ozone-manager-1.4.0-SNAPSHOT.jar:?]
	at org.apache.hadoop.ozone.protocolPB.OzoneManagerRequestHandler.getOzoneFileStatus(OzoneManagerRequestHandler.java:933) ~[ozone-manager-1.4.0-SNAPSHOT.jar:?]
	at org.apache.hadoop.ozone.protocolPB.OzoneManagerRequestHandler.handleReadRequest(OzoneManagerRequestHandler.java:238) ~[ozone-manager-1.4.0-SNAPSHOT.jar:?]
	at org.apache.hadoop.ozone.protocolPB.OzoneManagerProtocolServerSideTranslatorPB.submitReadRequestToOM(OzoneManagerProtocolServerSideTranslatorPB.java:223) ~[ozone-manager-1.4.0-SNAPSHOT.jar:?]
	at org.apache.hadoop.ozone.protocolPB.OzoneManagerProtocolServerSideTranslatorPB.processRequest(OzoneManagerProtocolServerSideTranslatorPB.java:177) ~[ozone-manager-1.4.0-SNAPSHOT.jar:?]
	at org.apache.hadoop.hdds.server.OzoneProtocolMessageDispatcher.processRequest(OzoneProtocolMessageDispatcher.java:87) [hdds-server-framework-1.4.0-SNAPSHOT.jar:?]
	at org.apache.hadoop.ozone.protocolPB.OzoneManagerProtocolServerSideTranslatorPB.submitRequest(OzoneManagerProtocolServerSideTranslatorPB.java:147) [ozone-manager-1.4.0-SNAPSHOT.jar:?]
	at org.apache.hadoop.ozone.protocol.proto.OzoneManagerProtocolProtos$OzoneManagerService$2.callBlockingMethod(OzoneManagerProtocolProtos.java) [ozone-interface-client-1.4.0-SNAPSHOT.jar:?]
	at org.apache.hadoop.ipc.ProtobufRpcEngine$Server.processCall(ProtobufRpcEngine.java:465) [hadoop-common-3.3.4.jar:?]
	at org.apache.hadoop.ipc.ProtobufRpcEngine2$Server$ProtoBufRpcInvoker.call(ProtobufRpcEngine2.java:578) [hadoop-common-3.3.4.jar:?]
	at org.apache.hadoop.ipc.ProtobufRpcEngine2$Server$ProtoBufRpcInvoker.call(ProtobufRpcEngine2.java:556) [hadoop-common-3.3.4.jar:?]
	at org.apache.hadoop.ipc.RPC$Server.call(RPC.java:1093) [hadoop-common-3.3.4.jar:?]
	at org.apache.hadoop.ipc.Server$RpcCall.run(Server.java:1043) [hadoop-common-3.3.4.jar:?]
	at org.apache.hadoop.ipc.Server$RpcCall.run(Server.java:971) [hadoop-common-3.3.4.jar:?]
	at java.security.AccessController.doPrivileged(Native Method) ~[?:1.8.0_362]
	at javax.security.auth.Subject.doAs(Subject.java:422) [?:1.8.0_362]
	at org.apache.hadoop.security.UserGroupInformation.doAs(UserGroupInformation.java:1878) [hadoop-common-3.3.4.jar:?]
	at org.apache.hadoop.ipc.Server$Handler.run(Server.java:2976) [hadoop-common-3.3.4.jar:?]
2023-02-22 04:46:25,610 [IPC Server handler 4 on default port 40949] WARN  server.ServerUtils (ServerUtils.java:getDBPath(225)) - ozone.om.db.dirs is not configured. We recommend adding this setting. Falling back to ozone.metadata.dirs instead.
2023-02-22 04:46:25,610 [IPC Server handler 4 on default port 40949] INFO  codec.OmKeyInfoCodec (OmKeyInfoCodec.java:<init>(49)) - OmKeyInfoCodec ignorePipeline = true
2023-02-22 04:46:25,610 [IPC Server handler 4 on default port 40949] INFO  codec.RepeatedOmKeyInfoCodec (RepeatedOmKeyInfoCodec.java:<init>(41)) - RepeatedOmKeyInfoCodec ignorePipeline = true
04:46:25.659 [IPC Server handler 2 on default port 40949] ERROR OMAudit - user=runner | ip=127.0.0.1 | op=GET_FILE_STATUS {volume=vol-96217, bucket=buc-13343, key=key-, dataSize=0, replicationConfig=null} | ret=FAILURE
org.apache.hadoop.ozone.om.exceptions.OMException: Unable to get file status: volume: vol-96217 bucket: buc-13343 key: key-
	at org.apache.hadoop.ozone.om.KeyManagerImpl.getOzoneFileStatusFSO(KeyManagerImpl.java:1259) ~[ozone-manager-1.4.0-SNAPSHOT.jar:?]
	at org.apache.hadoop.ozone.om.KeyManagerImpl.getFileStatus(KeyManagerImpl.java:1078) ~[ozone-manager-1.4.0-SNAPSHOT.jar:?]
	at org.apache.hadoop.ozone.om.OmMetadataReader.getFileStatus(OmMetadataReader.java:288) ~[ozone-manager-1.4.0-SNAPSHOT.jar:?]
	at org.apache.hadoop.ozone.om.OmSnapshot.getFileStatus(OmSnapshot.java:118) ~[ozone-manager-1.4.0-SNAPSHOT.jar:?]
	at org.apache.hadoop.ozone.om.OzoneManager.getFileStatus(OzoneManager.java:3450) ~[ozone-manager-1.4.0-SNAPSHOT.jar:?]
	at org.apache.hadoop.ozone.protocolPB.OzoneManagerRequestHandler.getOzoneFileStatus(OzoneManagerRequestHandler.java:933) ~[ozone-manager-1.4.0-SNAPSHOT.jar:?]
	at org.apache.hadoop.ozone.protocolPB.OzoneManagerRequestHandler.handleReadRequest(OzoneManagerRequestHandler.java:238) ~[ozone-manager-1.4.0-SNAPSHOT.jar:?]
	at org.apache.hadoop.ozone.protocolPB.OzoneManagerProtocolServerSideTranslatorPB.submitReadRequestToOM(OzoneManagerProtocolServerSideTranslatorPB.java:223) ~[ozone-manager-1.4.0-SNAPSHOT.jar:?]
	at org.apache.hadoop.ozone.protocolPB.OzoneManagerProtocolServerSideTranslatorPB.processRequest(OzoneManagerProtocolServerSideTranslatorPB.java:177) ~[ozone-manager-1.4.0-SNAPSHOT.jar:?]
	at org.apache.hadoop.hdds.server.OzoneProtocolMessageDispatcher.processRequest(OzoneProtocolMessageDispatcher.java:87) [hdds-server-framework-1.4.0-SNAPSHOT.jar:?]
	at org.apache.hadoop.ozone.protocolPB.OzoneManagerProtocolServerSideTranslatorPB.submitRequest(OzoneManagerProtocolServerSideTranslatorPB.java:147) [ozone-manager-1.4.0-SNAPSHOT.jar:?]
	at org.apache.hadoop.ozone.protocol.proto.OzoneManagerProtocolProtos$OzoneManagerService$2.callBlockingMethod(OzoneManagerProtocolProtos.java) [ozone-interface-client-1.4.0-SNAPSHOT.jar:?]
	at org.apache.hadoop.ipc.ProtobufRpcEngine$Server.processCall(ProtobufRpcEngine.java:465) [hadoop-common-3.3.4.jar:?]
	at org.apache.hadoop.ipc.ProtobufRpcEngine2$Server$ProtoBufRpcInvoker.call(ProtobufRpcEngine2.java:578) [hadoop-common-3.3.4.jar:?]
	at org.apache.hadoop.ipc.ProtobufRpcEngine2$Server$ProtoBufRpcInvoker.call(ProtobufRpcEngine2.java:556) [hadoop-common-3.3.4.jar:?]
	at org.apache.hadoop.ipc.RPC$Server.call(RPC.java:1093) [hadoop-common-3.3.4.jar:?]
	at org.apache.hadoop.ipc.Server$RpcCall.run(Server.java:1043) [hadoop-common-3.3.4.jar:?]
	at org.apache.hadoop.ipc.Server$RpcCall.run(Server.java:971) [hadoop-common-3.3.4.jar:?]
	at java.security.AccessController.doPrivileged(Native Method) ~[?:1.8.0_362]
	at javax.security.auth.Subject.doAs(Subject.java:422) [?:1.8.0_362]
	at org.apache.hadoop.security.UserGroupInformation.doAs(UserGroupInformation.java:1878) [hadoop-common-3.3.4.jar:?]
	at org.apache.hadoop.ipc.Server$Handler.run(Server.java:2976) [hadoop-common-3.3.4.jar:?]
]]></system-out>
  </testcase>
  <testcase name="testListAddNewKey" classname="TestOmSnapshot" time="2.118">
    <system-out><![CDATA[2023-02-22 04:47:13,008 [Time-limited test] INFO  rpc.RpcClient (RpcClient.java:createVolume(476)) - Creating Volume: vol-71574, with runner as owner and space quota set to -1 bytes, counts quota set to -1
2023-02-22 04:47:13,011 [OM StateMachine ApplyTransaction Thread - 0] INFO  volume.OMVolumeCreateRequest (OMVolumeCreateRequest.java:validateAndUpdateCache(195)) - created volume:vol-71574 for user:runner
2023-02-22 04:47:13,011 [OM StateMachine ApplyTransaction Thread - 0] INFO  volume.OMVolumeCreateRequest (OMVolumeCreateRequest.java:validateAndUpdateCache(195)) - created volume:vol-71574 for user:runner
2023-02-22 04:47:13,012 [OM StateMachine ApplyTransaction Thread - 0] INFO  volume.OMVolumeCreateRequest (OMVolumeCreateRequest.java:validateAndUpdateCache(195)) - created volume:vol-71574 for user:runner
2023-02-22 04:47:13,014 [Time-limited test] INFO  rpc.RpcClient (RpcClient.java:createBucket(698)) - Creating Bucket: vol-71574/buc-90037, with server-side default bucket layout, runner as owner, Versioning false, Storage Type set to DISK and Encryption set to false, Replication Type set to server-side default replication type, Namespace Quota set to -1, Space Quota set to -1 
2023-02-22 04:47:13,016 [OM StateMachine ApplyTransaction Thread - 0] INFO  bucket.OMBucketCreateRequest (OMBucketCreateRequest.java:validateAndUpdateCache(263)) - created bucket: buc-90037 of layout LEGACY in volume: vol-71574
2023-02-22 04:47:13,016 [OM StateMachine ApplyTransaction Thread - 0] INFO  bucket.OMBucketCreateRequest (OMBucketCreateRequest.java:validateAndUpdateCache(263)) - created bucket: buc-90037 of layout LEGACY in volume: vol-71574
2023-02-22 04:47:13,017 [OM StateMachine ApplyTransaction Thread - 0] INFO  bucket.OMBucketCreateRequest (OMBucketCreateRequest.java:validateAndUpdateCache(263)) - created bucket: buc-90037 of layout LEGACY in volume: vol-71574
2023-02-22 04:47:13,039 [OM StateMachine ApplyTransaction Thread - 0] INFO  snapshot.OMSnapshotCreateRequest (OMSnapshotCreateRequest.java:validateAndUpdateCache(180)) - Created snapshot '69dd17a6-f017-41e6-a376-c5dcde49eaaa' under path 'vol-71574/buc-90037'
2023-02-22 04:47:13,040 [OM StateMachine ApplyTransaction Thread - 0] INFO  snapshot.OMSnapshotCreateRequest (OMSnapshotCreateRequest.java:validateAndUpdateCache(180)) - Created snapshot '69dd17a6-f017-41e6-a376-c5dcde49eaaa' under path 'vol-71574/buc-90037'
2023-02-22 04:47:13,040 [OM StateMachine ApplyTransaction Thread - 0] INFO  snapshot.OMSnapshotCreateRequest (OMSnapshotCreateRequest.java:validateAndUpdateCache(180)) - Created snapshot '69dd17a6-f017-41e6-a376-c5dcde49eaaa' under path 'vol-71574/buc-90037'
2023-02-22 04:47:13,071 [OMDoubleBufferFlushThread] INFO  db.RDBCheckpointManager (RDBCheckpointManager.java:createCheckpoint(96)) - Created checkpoint in rocksDB at /home/runner/work/ozone/ozone/hadoop-ozone/integration-test/target/test-dir/MiniOzoneClusterImpl-7cc88fad-c9bf-4c80-b076-d2cf48673a1e/omNode-3/db.snapshots/om.db-3d021ceb-7f5d-43d6-aa37-5574d441f093 in 30 milliseconds
2023-02-22 04:47:13,071 [OMDoubleBufferFlushThread] INFO  db.RDBCheckpointManager (RDBCheckpointManager.java:createCheckpoint(96)) - Created checkpoint in rocksDB at /home/runner/work/ozone/ozone/hadoop-ozone/integration-test/target/test-dir/MiniOzoneClusterImpl-7cc88fad-c9bf-4c80-b076-d2cf48673a1e/omNode-1/db.snapshots/om.db-3d021ceb-7f5d-43d6-aa37-5574d441f093 in 31 milliseconds
2023-02-22 04:47:13,075 [OMDoubleBufferFlushThread] INFO  db.RDBCheckpointManager (RDBCheckpointManager.java:waitForCheckpointDirectoryExist(125)) - Waited for 4 milliseconds for checkpoint directory /home/runner/work/ozone/ozone/hadoop-ozone/integration-test/target/test-dir/MiniOzoneClusterImpl-7cc88fad-c9bf-4c80-b076-d2cf48673a1e/omNode-3/db.snapshots/om.db-3d021ceb-7f5d-43d6-aa37-5574d441f093 availability.
2023-02-22 04:47:13,075 [OMDoubleBufferFlushThread] INFO  om.OmSnapshotManager (OmSnapshotManager.java:createOmSnapshotCheckpoint(163)) - Created checkpoint : /home/runner/work/ozone/ozone/hadoop-ozone/integration-test/target/test-dir/MiniOzoneClusterImpl-7cc88fad-c9bf-4c80-b076-d2cf48673a1e/omNode-3/db.snapshots/om.db-3d021ceb-7f5d-43d6-aa37-5574d441f093 for snapshot 69dd17a6-f017-41e6-a376-c5dcde49eaaa
2023-02-22 04:47:13,075 [OMDoubleBufferFlushThread] INFO  db.RDBCheckpointManager (RDBCheckpointManager.java:waitForCheckpointDirectoryExist(125)) - Waited for 3 milliseconds for checkpoint directory /home/runner/work/ozone/ozone/hadoop-ozone/integration-test/target/test-dir/MiniOzoneClusterImpl-7cc88fad-c9bf-4c80-b076-d2cf48673a1e/omNode-1/db.snapshots/om.db-3d021ceb-7f5d-43d6-aa37-5574d441f093 availability.
2023-02-22 04:47:13,076 [OMDoubleBufferFlushThread] INFO  om.OmSnapshotManager (OmSnapshotManager.java:createOmSnapshotCheckpoint(163)) - Created checkpoint : /home/runner/work/ozone/ozone/hadoop-ozone/integration-test/target/test-dir/MiniOzoneClusterImpl-7cc88fad-c9bf-4c80-b076-d2cf48673a1e/omNode-1/db.snapshots/om.db-3d021ceb-7f5d-43d6-aa37-5574d441f093 for snapshot 69dd17a6-f017-41e6-a376-c5dcde49eaaa
2023-02-22 04:47:13,080 [OMDoubleBufferFlushThread] INFO  db.RDBCheckpointManager (RDBCheckpointManager.java:createCheckpoint(96)) - Created checkpoint in rocksDB at /home/runner/work/ozone/ozone/hadoop-ozone/integration-test/target/test-dir/MiniOzoneClusterImpl-7cc88fad-c9bf-4c80-b076-d2cf48673a1e/omNode-2/db.snapshots/om.db-3d021ceb-7f5d-43d6-aa37-5574d441f093 in 39 milliseconds
2023-02-22 04:47:13,080 [OMDoubleBufferFlushThread] INFO  db.RDBCheckpointManager (RDBCheckpointManager.java:waitForCheckpointDirectoryExist(125)) - Waited for 0 milliseconds for checkpoint directory /home/runner/work/ozone/ozone/hadoop-ozone/integration-test/target/test-dir/MiniOzoneClusterImpl-7cc88fad-c9bf-4c80-b076-d2cf48673a1e/omNode-2/db.snapshots/om.db-3d021ceb-7f5d-43d6-aa37-5574d441f093 availability.
2023-02-22 04:47:13,080 [OMDoubleBufferFlushThread] INFO  om.OmSnapshotManager (OmSnapshotManager.java:createOmSnapshotCheckpoint(163)) - Created checkpoint : /home/runner/work/ozone/ozone/hadoop-ozone/integration-test/target/test-dir/MiniOzoneClusterImpl-7cc88fad-c9bf-4c80-b076-d2cf48673a1e/omNode-2/db.snapshots/om.db-3d021ceb-7f5d-43d6-aa37-5574d441f093 for snapshot 69dd17a6-f017-41e6-a376-c5dcde49eaaa
2023-02-22 04:47:14,055 [OM StateMachine ApplyTransaction Thread - 0] INFO  snapshot.OMSnapshotCreateRequest (OMSnapshotCreateRequest.java:validateAndUpdateCache(180)) - Created snapshot 'eb775f84-16cb-42d0-9f18-cc07145f72ff' under path 'vol-71574/buc-90037'
2023-02-22 04:47:14,056 [OM StateMachine ApplyTransaction Thread - 0] INFO  snapshot.OMSnapshotCreateRequest (OMSnapshotCreateRequest.java:validateAndUpdateCache(180)) - Created snapshot 'eb775f84-16cb-42d0-9f18-cc07145f72ff' under path 'vol-71574/buc-90037'
2023-02-22 04:47:14,057 [OM StateMachine ApplyTransaction Thread - 0] INFO  snapshot.OMSnapshotCreateRequest (OMSnapshotCreateRequest.java:validateAndUpdateCache(180)) - Created snapshot 'eb775f84-16cb-42d0-9f18-cc07145f72ff' under path 'vol-71574/buc-90037'
2023-02-22 04:47:14,081 [OMDoubleBufferFlushThread] INFO  db.RDBCheckpointManager (RDBCheckpointManager.java:createCheckpoint(96)) - Created checkpoint in rocksDB at /home/runner/work/ozone/ozone/hadoop-ozone/integration-test/target/test-dir/MiniOzoneClusterImpl-7cc88fad-c9bf-4c80-b076-d2cf48673a1e/omNode-3/db.snapshots/om.db-8f737efb-063b-4a0a-b453-04f5070bef1f in 23 milliseconds
2023-02-22 04:47:14,082 [OMDoubleBufferFlushThread] INFO  db.RDBCheckpointManager (RDBCheckpointManager.java:createCheckpoint(96)) - Created checkpoint in rocksDB at /home/runner/work/ozone/ozone/hadoop-ozone/integration-test/target/test-dir/MiniOzoneClusterImpl-7cc88fad-c9bf-4c80-b076-d2cf48673a1e/omNode-1/db.snapshots/om.db-8f737efb-063b-4a0a-b453-04f5070bef1f in 25 milliseconds
2023-02-22 04:47:14,082 [OMDoubleBufferFlushThread] INFO  db.RDBCheckpointManager (RDBCheckpointManager.java:createCheckpoint(96)) - Created checkpoint in rocksDB at /home/runner/work/ozone/ozone/hadoop-ozone/integration-test/target/test-dir/MiniOzoneClusterImpl-7cc88fad-c9bf-4c80-b076-d2cf48673a1e/omNode-2/db.snapshots/om.db-8f737efb-063b-4a0a-b453-04f5070bef1f in 24 milliseconds
2023-02-22 04:47:14,086 [OMDoubleBufferFlushThread] INFO  db.RDBCheckpointManager (RDBCheckpointManager.java:waitForCheckpointDirectoryExist(125)) - Waited for 5 milliseconds for checkpoint directory /home/runner/work/ozone/ozone/hadoop-ozone/integration-test/target/test-dir/MiniOzoneClusterImpl-7cc88fad-c9bf-4c80-b076-d2cf48673a1e/omNode-3/db.snapshots/om.db-8f737efb-063b-4a0a-b453-04f5070bef1f availability.
2023-02-22 04:47:14,086 [OMDoubleBufferFlushThread] INFO  om.OmSnapshotManager (OmSnapshotManager.java:createOmSnapshotCheckpoint(163)) - Created checkpoint : /home/runner/work/ozone/ozone/hadoop-ozone/integration-test/target/test-dir/MiniOzoneClusterImpl-7cc88fad-c9bf-4c80-b076-d2cf48673a1e/omNode-3/db.snapshots/om.db-8f737efb-063b-4a0a-b453-04f5070bef1f for snapshot eb775f84-16cb-42d0-9f18-cc07145f72ff
2023-02-22 04:47:14,086 [OMDoubleBufferFlushThread] INFO  db.RDBCheckpointManager (RDBCheckpointManager.java:waitForCheckpointDirectoryExist(125)) - Waited for 4 milliseconds for checkpoint directory /home/runner/work/ozone/ozone/hadoop-ozone/integration-test/target/test-dir/MiniOzoneClusterImpl-7cc88fad-c9bf-4c80-b076-d2cf48673a1e/omNode-1/db.snapshots/om.db-8f737efb-063b-4a0a-b453-04f5070bef1f availability.
2023-02-22 04:47:14,086 [OMDoubleBufferFlushThread] INFO  om.OmSnapshotManager (OmSnapshotManager.java:createOmSnapshotCheckpoint(163)) - Created checkpoint : /home/runner/work/ozone/ozone/hadoop-ozone/integration-test/target/test-dir/MiniOzoneClusterImpl-7cc88fad-c9bf-4c80-b076-d2cf48673a1e/omNode-1/db.snapshots/om.db-8f737efb-063b-4a0a-b453-04f5070bef1f for snapshot eb775f84-16cb-42d0-9f18-cc07145f72ff
2023-02-22 04:47:14,086 [OMDoubleBufferFlushThread] INFO  db.RDBCheckpointManager (RDBCheckpointManager.java:waitForCheckpointDirectoryExist(125)) - Waited for 3 milliseconds for checkpoint directory /home/runner/work/ozone/ozone/hadoop-ozone/integration-test/target/test-dir/MiniOzoneClusterImpl-7cc88fad-c9bf-4c80-b076-d2cf48673a1e/omNode-2/db.snapshots/om.db-8f737efb-063b-4a0a-b453-04f5070bef1f availability.
2023-02-22 04:47:14,086 [OMDoubleBufferFlushThread] INFO  om.OmSnapshotManager (OmSnapshotManager.java:createOmSnapshotCheckpoint(163)) - Created checkpoint : /home/runner/work/ozone/ozone/hadoop-ozone/integration-test/target/test-dir/MiniOzoneClusterImpl-7cc88fad-c9bf-4c80-b076-d2cf48673a1e/omNode-2/db.snapshots/om.db-8f737efb-063b-4a0a-b453-04f5070bef1f for snapshot eb775f84-16cb-42d0-9f18-cc07145f72ff
2023-02-22 04:47:15,058 [IPC Server handler 15 on default port 46571] WARN  server.ServerUtils (ServerUtils.java:getDBPath(225)) - ozone.om.db.dirs is not configured. We recommend adding this setting. Falling back to ozone.metadata.dirs instead.
2023-02-22 04:47:15,058 [IPC Server handler 15 on default port 46571] INFO  codec.OmKeyInfoCodec (OmKeyInfoCodec.java:<init>(49)) - OmKeyInfoCodec ignorePipeline = true
2023-02-22 04:47:15,058 [IPC Server handler 15 on default port 46571] INFO  codec.RepeatedOmKeyInfoCodec (RepeatedOmKeyInfoCodec.java:<init>(41)) - RepeatedOmKeyInfoCodec ignorePipeline = true
2023-02-22 04:47:15,092 [IPC Server handler 13 on default port 46571] WARN  server.ServerUtils (ServerUtils.java:getDBPath(225)) - ozone.om.db.dirs is not configured. We recommend adding this setting. Falling back to ozone.metadata.dirs instead.
2023-02-22 04:47:15,093 [IPC Server handler 13 on default port 46571] INFO  codec.OmKeyInfoCodec (OmKeyInfoCodec.java:<init>(49)) - OmKeyInfoCodec ignorePipeline = true
2023-02-22 04:47:15,093 [IPC Server handler 13 on default port 46571] INFO  codec.RepeatedOmKeyInfoCodec (RepeatedOmKeyInfoCodec.java:<init>(41)) - RepeatedOmKeyInfoCodec ignorePipeline = true
]]></system-out>
  </testcase>
  <testcase name="testSnapDiff" classname="TestOmSnapshot" time="5.664">
    <system-out><![CDATA[2023-02-22 04:45:26,145 [Time-limited test] INFO  rpc.RpcClient (RpcClient.java:createVolume(476)) - Creating Volume: vol-64478, with runner as owner and space quota set to -1 bytes, counts quota set to -1
2023-02-22 04:45:26,150 [OM StateMachine ApplyTransaction Thread - 0] INFO  volume.OMVolumeCreateRequest (OMVolumeCreateRequest.java:validateAndUpdateCache(195)) - created volume:vol-64478 for user:runner
2023-02-22 04:45:26,152 [OM StateMachine ApplyTransaction Thread - 0] INFO  volume.OMVolumeCreateRequest (OMVolumeCreateRequest.java:validateAndUpdateCache(195)) - created volume:vol-64478 for user:runner
2023-02-22 04:45:26,153 [OM StateMachine ApplyTransaction Thread - 0] INFO  volume.OMVolumeCreateRequest (OMVolumeCreateRequest.java:validateAndUpdateCache(195)) - created volume:vol-64478 for user:runner
2023-02-22 04:45:26,158 [Time-limited test] INFO  rpc.RpcClient (RpcClient.java:createBucket(698)) - Creating Bucket: vol-64478/buck-87383, with server-side default bucket layout, runner as owner, Versioning false, Storage Type set to DISK and Encryption set to false, Replication Type set to server-side default replication type, Namespace Quota set to -1, Space Quota set to -1 
2023-02-22 04:45:26,161 [OM StateMachine ApplyTransaction Thread - 0] INFO  bucket.OMBucketCreateRequest (OMBucketCreateRequest.java:validateAndUpdateCache(263)) - created bucket: buck-87383 of layout OBJECT_STORE in volume: vol-64478
2023-02-22 04:45:26,163 [OM StateMachine ApplyTransaction Thread - 0] INFO  bucket.OMBucketCreateRequest (OMBucketCreateRequest.java:validateAndUpdateCache(263)) - created bucket: buck-87383 of layout OBJECT_STORE in volume: vol-64478
2023-02-22 04:45:26,163 [OM StateMachine ApplyTransaction Thread - 0] INFO  bucket.OMBucketCreateRequest (OMBucketCreateRequest.java:validateAndUpdateCache(263)) - created bucket: buck-87383 of layout OBJECT_STORE in volume: vol-64478
2023-02-22 04:45:26,197 [OM StateMachine ApplyTransaction Thread - 0] INFO  snapshot.OMSnapshotCreateRequest (OMSnapshotCreateRequest.java:validateAndUpdateCache(180)) - Created snapshot 'snap40244' under path 'vol-64478/buck-87383'
2023-02-22 04:45:26,197 [OM StateMachine ApplyTransaction Thread - 0] INFO  snapshot.OMSnapshotCreateRequest (OMSnapshotCreateRequest.java:validateAndUpdateCache(180)) - Created snapshot 'snap40244' under path 'vol-64478/buck-87383'
2023-02-22 04:45:26,198 [OM StateMachine ApplyTransaction Thread - 0] INFO  snapshot.OMSnapshotCreateRequest (OMSnapshotCreateRequest.java:validateAndUpdateCache(180)) - Created snapshot 'snap40244' under path 'vol-64478/buck-87383'
2023-02-22 04:45:26,229 [OMDoubleBufferFlushThread] INFO  db.RDBCheckpointManager (RDBCheckpointManager.java:createCheckpoint(96)) - Created checkpoint in rocksDB at /home/runner/work/ozone/ozone/hadoop-ozone/integration-test/target/test-dir/MiniOzoneClusterImpl-23364813-765e-4689-b759-17f9bf3914d5/omNode-1/db.snapshots/om.db-8cc106ba-d2c9-4b4f-bd05-969d75264a80 in 30 milliseconds
2023-02-22 04:45:26,233 [OMDoubleBufferFlushThread] INFO  db.RDBCheckpointManager (RDBCheckpointManager.java:waitForCheckpointDirectoryExist(125)) - Waited for 4 milliseconds for checkpoint directory /home/runner/work/ozone/ozone/hadoop-ozone/integration-test/target/test-dir/MiniOzoneClusterImpl-23364813-765e-4689-b759-17f9bf3914d5/omNode-1/db.snapshots/om.db-8cc106ba-d2c9-4b4f-bd05-969d75264a80 availability.
2023-02-22 04:45:26,233 [OMDoubleBufferFlushThread] INFO  om.OmSnapshotManager (OmSnapshotManager.java:createOmSnapshotCheckpoint(163)) - Created checkpoint : /home/runner/work/ozone/ozone/hadoop-ozone/integration-test/target/test-dir/MiniOzoneClusterImpl-23364813-765e-4689-b759-17f9bf3914d5/omNode-1/db.snapshots/om.db-8cc106ba-d2c9-4b4f-bd05-969d75264a80 for snapshot snap40244
2023-02-22 04:45:26,239 [OMDoubleBufferFlushThread] INFO  db.RDBCheckpointManager (RDBCheckpointManager.java:createCheckpoint(96)) - Created checkpoint in rocksDB at /home/runner/work/ozone/ozone/hadoop-ozone/integration-test/target/test-dir/MiniOzoneClusterImpl-23364813-765e-4689-b759-17f9bf3914d5/omNode-2/db.snapshots/om.db-8cc106ba-d2c9-4b4f-bd05-969d75264a80 in 40 milliseconds
2023-02-22 04:45:26,240 [OMDoubleBufferFlushThread] INFO  db.RDBCheckpointManager (RDBCheckpointManager.java:createCheckpoint(96)) - Created checkpoint in rocksDB at /home/runner/work/ozone/ozone/hadoop-ozone/integration-test/target/test-dir/MiniOzoneClusterImpl-23364813-765e-4689-b759-17f9bf3914d5/omNode-3/db.snapshots/om.db-8cc106ba-d2c9-4b4f-bd05-969d75264a80 in 41 milliseconds
2023-02-22 04:45:26,245 [OMDoubleBufferFlushThread] INFO  db.RDBCheckpointManager (RDBCheckpointManager.java:waitForCheckpointDirectoryExist(125)) - Waited for 6 milliseconds for checkpoint directory /home/runner/work/ozone/ozone/hadoop-ozone/integration-test/target/test-dir/MiniOzoneClusterImpl-23364813-765e-4689-b759-17f9bf3914d5/omNode-2/db.snapshots/om.db-8cc106ba-d2c9-4b4f-bd05-969d75264a80 availability.
2023-02-22 04:45:26,245 [OMDoubleBufferFlushThread] INFO  om.OmSnapshotManager (OmSnapshotManager.java:createOmSnapshotCheckpoint(163)) - Created checkpoint : /home/runner/work/ozone/ozone/hadoop-ozone/integration-test/target/test-dir/MiniOzoneClusterImpl-23364813-765e-4689-b759-17f9bf3914d5/omNode-2/db.snapshots/om.db-8cc106ba-d2c9-4b4f-bd05-969d75264a80 for snapshot snap40244
2023-02-22 04:45:26,246 [OMDoubleBufferFlushThread] INFO  db.RDBCheckpointManager (RDBCheckpointManager.java:waitForCheckpointDirectoryExist(125)) - Waited for 6 milliseconds for checkpoint directory /home/runner/work/ozone/ozone/hadoop-ozone/integration-test/target/test-dir/MiniOzoneClusterImpl-23364813-765e-4689-b759-17f9bf3914d5/omNode-3/db.snapshots/om.db-8cc106ba-d2c9-4b4f-bd05-969d75264a80 availability.
2023-02-22 04:45:26,246 [OMDoubleBufferFlushThread] INFO  om.OmSnapshotManager (OmSnapshotManager.java:createOmSnapshotCheckpoint(163)) - Created checkpoint : /home/runner/work/ozone/ozone/hadoop-ozone/integration-test/target/test-dir/MiniOzoneClusterImpl-23364813-765e-4689-b759-17f9bf3914d5/omNode-3/db.snapshots/om.db-8cc106ba-d2c9-4b4f-bd05-969d75264a80 for snapshot snap40244
2023-02-22 04:45:27,203 [OM StateMachine ApplyTransaction Thread - 0] INFO  snapshot.OMSnapshotCreateRequest (OMSnapshotCreateRequest.java:validateAndUpdateCache(180)) - Created snapshot 'snap22437' under path 'vol-64478/buck-87383'
2023-02-22 04:45:27,203 [OM StateMachine ApplyTransaction Thread - 0] INFO  snapshot.OMSnapshotCreateRequest (OMSnapshotCreateRequest.java:validateAndUpdateCache(180)) - Created snapshot 'snap22437' under path 'vol-64478/buck-87383'
2023-02-22 04:45:27,204 [OM StateMachine ApplyTransaction Thread - 0] INFO  snapshot.OMSnapshotCreateRequest (OMSnapshotCreateRequest.java:validateAndUpdateCache(180)) - Created snapshot 'snap22437' under path 'vol-64478/buck-87383'
2023-02-22 04:45:27,215 [OMDoubleBufferFlushThread] INFO  db.RDBCheckpointManager (RDBCheckpointManager.java:createCheckpoint(96)) - Created checkpoint in rocksDB at /home/runner/work/ozone/ozone/hadoop-ozone/integration-test/target/test-dir/MiniOzoneClusterImpl-23364813-765e-4689-b759-17f9bf3914d5/omNode-2/db.snapshots/om.db-d624c379-8fe2-4088-a05d-7b61e8e09e35 in 10 milliseconds
2023-02-22 04:45:27,216 [OMDoubleBufferFlushThread] INFO  db.RDBCheckpointManager (RDBCheckpointManager.java:waitForCheckpointDirectoryExist(125)) - Waited for 1 milliseconds for checkpoint directory /home/runner/work/ozone/ozone/hadoop-ozone/integration-test/target/test-dir/MiniOzoneClusterImpl-23364813-765e-4689-b759-17f9bf3914d5/omNode-2/db.snapshots/om.db-d624c379-8fe2-4088-a05d-7b61e8e09e35 availability.
2023-02-22 04:45:27,216 [OMDoubleBufferFlushThread] INFO  om.OmSnapshotManager (OmSnapshotManager.java:createOmSnapshotCheckpoint(163)) - Created checkpoint : /home/runner/work/ozone/ozone/hadoop-ozone/integration-test/target/test-dir/MiniOzoneClusterImpl-23364813-765e-4689-b759-17f9bf3914d5/omNode-2/db.snapshots/om.db-d624c379-8fe2-4088-a05d-7b61e8e09e35 for snapshot snap22437
2023-02-22 04:45:27,222 [OMDoubleBufferFlushThread] INFO  db.RDBCheckpointManager (RDBCheckpointManager.java:createCheckpoint(96)) - Created checkpoint in rocksDB at /home/runner/work/ozone/ozone/hadoop-ozone/integration-test/target/test-dir/MiniOzoneClusterImpl-23364813-765e-4689-b759-17f9bf3914d5/omNode-3/db.snapshots/om.db-d624c379-8fe2-4088-a05d-7b61e8e09e35 in 18 milliseconds
2023-02-22 04:45:27,222 [OMDoubleBufferFlushThread] INFO  db.RDBCheckpointManager (RDBCheckpointManager.java:createCheckpoint(96)) - Created checkpoint in rocksDB at /home/runner/work/ozone/ozone/hadoop-ozone/integration-test/target/test-dir/MiniOzoneClusterImpl-23364813-765e-4689-b759-17f9bf3914d5/omNode-1/db.snapshots/om.db-d624c379-8fe2-4088-a05d-7b61e8e09e35 in 17 milliseconds
2023-02-22 04:45:27,223 [OMDoubleBufferFlushThread] INFO  db.RDBCheckpointManager (RDBCheckpointManager.java:waitForCheckpointDirectoryExist(125)) - Waited for 1 milliseconds for checkpoint directory /home/runner/work/ozone/ozone/hadoop-ozone/integration-test/target/test-dir/MiniOzoneClusterImpl-23364813-765e-4689-b759-17f9bf3914d5/omNode-3/db.snapshots/om.db-d624c379-8fe2-4088-a05d-7b61e8e09e35 availability.
2023-02-22 04:45:27,223 [OMDoubleBufferFlushThread] INFO  db.RDBCheckpointManager (RDBCheckpointManager.java:waitForCheckpointDirectoryExist(125)) - Waited for 1 milliseconds for checkpoint directory /home/runner/work/ozone/ozone/hadoop-ozone/integration-test/target/test-dir/MiniOzoneClusterImpl-23364813-765e-4689-b759-17f9bf3914d5/omNode-1/db.snapshots/om.db-d624c379-8fe2-4088-a05d-7b61e8e09e35 availability.
2023-02-22 04:45:27,223 [OMDoubleBufferFlushThread] INFO  om.OmSnapshotManager (OmSnapshotManager.java:createOmSnapshotCheckpoint(163)) - Created checkpoint : /home/runner/work/ozone/ozone/hadoop-ozone/integration-test/target/test-dir/MiniOzoneClusterImpl-23364813-765e-4689-b759-17f9bf3914d5/omNode-1/db.snapshots/om.db-d624c379-8fe2-4088-a05d-7b61e8e09e35 for snapshot snap22437
2023-02-22 04:45:27,223 [OMDoubleBufferFlushThread] INFO  om.OmSnapshotManager (OmSnapshotManager.java:createOmSnapshotCheckpoint(163)) - Created checkpoint : /home/runner/work/ozone/ozone/hadoop-ozone/integration-test/target/test-dir/MiniOzoneClusterImpl-23364813-765e-4689-b759-17f9bf3914d5/omNode-3/db.snapshots/om.db-d624c379-8fe2-4088-a05d-7b61e8e09e35 for snapshot snap22437
2023-02-22 04:45:28,206 [IPC Server handler 13 on default port 36219] WARN  server.ServerUtils (ServerUtils.java:getDBPath(225)) - ozone.om.db.dirs is not configured. We recommend adding this setting. Falling back to ozone.metadata.dirs instead.
2023-02-22 04:45:28,206 [IPC Server handler 13 on default port 36219] INFO  codec.OmKeyInfoCodec (OmKeyInfoCodec.java:<init>(49)) - OmKeyInfoCodec ignorePipeline = true
2023-02-22 04:45:28,206 [IPC Server handler 13 on default port 36219] INFO  codec.RepeatedOmKeyInfoCodec (RepeatedOmKeyInfoCodec.java:<init>(41)) - RepeatedOmKeyInfoCodec ignorePipeline = true
2023-02-22 04:45:28,238 [IPC Server handler 13 on default port 36219] WARN  server.ServerUtils (ServerUtils.java:getDBPath(225)) - ozone.om.db.dirs is not configured. We recommend adding this setting. Falling back to ozone.metadata.dirs instead.
2023-02-22 04:45:28,239 [IPC Server handler 13 on default port 36219] INFO  codec.OmKeyInfoCodec (OmKeyInfoCodec.java:<init>(49)) - OmKeyInfoCodec ignorePipeline = true
2023-02-22 04:45:28,239 [IPC Server handler 13 on default port 36219] INFO  codec.RepeatedOmKeyInfoCodec (RepeatedOmKeyInfoCodec.java:<init>(41)) - RepeatedOmKeyInfoCodec ignorePipeline = true
2023-02-22 04:45:28,294 [IPC Server handler 13 on default port 36219] WARN  snapshot.SnapshotDiffManager (SnapshotDiffManager.java:getDeltaFiles(372)) - RocksDBCheckpointDiffer is not available, falling back to slow path
2023-02-22 04:45:28,398 [OM StateMachine ApplyTransaction Thread - 0] INFO  snapshot.OMSnapshotCreateRequest (OMSnapshotCreateRequest.java:validateAndUpdateCache(180)) - Created snapshot 'snap43955' under path 'vol-64478/buck-87383'
2023-02-22 04:45:28,399 [OM StateMachine ApplyTransaction Thread - 0] INFO  snapshot.OMSnapshotCreateRequest (OMSnapshotCreateRequest.java:validateAndUpdateCache(180)) - Created snapshot 'snap43955' under path 'vol-64478/buck-87383'
2023-02-22 04:45:28,399 [OM StateMachine ApplyTransaction Thread - 0] INFO  snapshot.OMSnapshotCreateRequest (OMSnapshotCreateRequest.java:validateAndUpdateCache(180)) - Created snapshot 'snap43955' under path 'vol-64478/buck-87383'
2023-02-22 04:45:28,423 [OMDoubleBufferFlushThread] INFO  db.RDBCheckpointManager (RDBCheckpointManager.java:createCheckpoint(96)) - Created checkpoint in rocksDB at /home/runner/work/ozone/ozone/hadoop-ozone/integration-test/target/test-dir/MiniOzoneClusterImpl-23364813-765e-4689-b759-17f9bf3914d5/omNode-1/db.snapshots/om.db-ee0e1def-c4d9-4059-ad98-765dc6d9c96e in 24 milliseconds
2023-02-22 04:45:28,426 [OMDoubleBufferFlushThread] INFO  db.RDBCheckpointManager (RDBCheckpointManager.java:waitForCheckpointDirectoryExist(125)) - Waited for 3 milliseconds for checkpoint directory /home/runner/work/ozone/ozone/hadoop-ozone/integration-test/target/test-dir/MiniOzoneClusterImpl-23364813-765e-4689-b759-17f9bf3914d5/omNode-1/db.snapshots/om.db-ee0e1def-c4d9-4059-ad98-765dc6d9c96e availability.
2023-02-22 04:45:28,426 [OMDoubleBufferFlushThread] INFO  om.OmSnapshotManager (OmSnapshotManager.java:createOmSnapshotCheckpoint(163)) - Created checkpoint : /home/runner/work/ozone/ozone/hadoop-ozone/integration-test/target/test-dir/MiniOzoneClusterImpl-23364813-765e-4689-b759-17f9bf3914d5/omNode-1/db.snapshots/om.db-ee0e1def-c4d9-4059-ad98-765dc6d9c96e for snapshot snap43955
2023-02-22 04:45:28,432 [OMDoubleBufferFlushThread] INFO  db.RDBCheckpointManager (RDBCheckpointManager.java:createCheckpoint(96)) - Created checkpoint in rocksDB at /home/runner/work/ozone/ozone/hadoop-ozone/integration-test/target/test-dir/MiniOzoneClusterImpl-23364813-765e-4689-b759-17f9bf3914d5/omNode-3/db.snapshots/om.db-ee0e1def-c4d9-4059-ad98-765dc6d9c96e in 32 milliseconds
2023-02-22 04:45:28,432 [OMDoubleBufferFlushThread] INFO  db.RDBCheckpointManager (RDBCheckpointManager.java:createCheckpoint(96)) - Created checkpoint in rocksDB at /home/runner/work/ozone/ozone/hadoop-ozone/integration-test/target/test-dir/MiniOzoneClusterImpl-23364813-765e-4689-b759-17f9bf3914d5/omNode-2/db.snapshots/om.db-ee0e1def-c4d9-4059-ad98-765dc6d9c96e in 32 milliseconds
2023-02-22 04:45:28,432 [OMDoubleBufferFlushThread] INFO  db.RDBCheckpointManager (RDBCheckpointManager.java:waitForCheckpointDirectoryExist(125)) - Waited for 0 milliseconds for checkpoint directory /home/runner/work/ozone/ozone/hadoop-ozone/integration-test/target/test-dir/MiniOzoneClusterImpl-23364813-765e-4689-b759-17f9bf3914d5/omNode-3/db.snapshots/om.db-ee0e1def-c4d9-4059-ad98-765dc6d9c96e availability.
2023-02-22 04:45:28,432 [OMDoubleBufferFlushThread] INFO  om.OmSnapshotManager (OmSnapshotManager.java:createOmSnapshotCheckpoint(163)) - Created checkpoint : /home/runner/work/ozone/ozone/hadoop-ozone/integration-test/target/test-dir/MiniOzoneClusterImpl-23364813-765e-4689-b759-17f9bf3914d5/omNode-3/db.snapshots/om.db-ee0e1def-c4d9-4059-ad98-765dc6d9c96e for snapshot snap43955
2023-02-22 04:45:28,433 [OMDoubleBufferFlushThread] INFO  db.RDBCheckpointManager (RDBCheckpointManager.java:waitForCheckpointDirectoryExist(125)) - Waited for 1 milliseconds for checkpoint directory /home/runner/work/ozone/ozone/hadoop-ozone/integration-test/target/test-dir/MiniOzoneClusterImpl-23364813-765e-4689-b759-17f9bf3914d5/omNode-2/db.snapshots/om.db-ee0e1def-c4d9-4059-ad98-765dc6d9c96e availability.
2023-02-22 04:45:28,433 [OMDoubleBufferFlushThread] INFO  om.OmSnapshotManager (OmSnapshotManager.java:createOmSnapshotCheckpoint(163)) - Created checkpoint : /home/runner/work/ozone/ozone/hadoop-ozone/integration-test/target/test-dir/MiniOzoneClusterImpl-23364813-765e-4689-b759-17f9bf3914d5/omNode-2/db.snapshots/om.db-ee0e1def-c4d9-4059-ad98-765dc6d9c96e for snapshot snap43955
2023-02-22 04:45:29,401 [IPC Server handler 10 on default port 36219] WARN  server.ServerUtils (ServerUtils.java:getDBPath(225)) - ozone.om.db.dirs is not configured. We recommend adding this setting. Falling back to ozone.metadata.dirs instead.
2023-02-22 04:45:29,401 [IPC Server handler 10 on default port 36219] INFO  codec.OmKeyInfoCodec (OmKeyInfoCodec.java:<init>(49)) - OmKeyInfoCodec ignorePipeline = true
2023-02-22 04:45:29,401 [IPC Server handler 10 on default port 36219] INFO  codec.RepeatedOmKeyInfoCodec (RepeatedOmKeyInfoCodec.java:<init>(41)) - RepeatedOmKeyInfoCodec ignorePipeline = true
2023-02-22 04:45:29,545 [OM StateMachine ApplyTransaction Thread - 0] INFO  snapshot.OMSnapshotCreateRequest (OMSnapshotCreateRequest.java:validateAndUpdateCache(180)) - Created snapshot 'snap19807' under path 'vol-64478/buck-87383'
2023-02-22 04:45:29,546 [OM StateMachine ApplyTransaction Thread - 0] INFO  snapshot.OMSnapshotCreateRequest (OMSnapshotCreateRequest.java:validateAndUpdateCache(180)) - Created snapshot 'snap19807' under path 'vol-64478/buck-87383'
2023-02-22 04:45:29,546 [OM StateMachine ApplyTransaction Thread - 0] INFO  snapshot.OMSnapshotCreateRequest (OMSnapshotCreateRequest.java:validateAndUpdateCache(180)) - Created snapshot 'snap19807' under path 'vol-64478/buck-87383'
2023-02-22 04:45:29,562 [OMDoubleBufferFlushThread] INFO  db.RDBCheckpointManager (RDBCheckpointManager.java:createCheckpoint(96)) - Created checkpoint in rocksDB at /home/runner/work/ozone/ozone/hadoop-ozone/integration-test/target/test-dir/MiniOzoneClusterImpl-23364813-765e-4689-b759-17f9bf3914d5/omNode-1/db.snapshots/om.db-56feef81-8a34-44ab-bf76-cfc8e85a2cfe in 15 milliseconds
2023-02-22 04:45:29,565 [OMDoubleBufferFlushThread] INFO  db.RDBCheckpointManager (RDBCheckpointManager.java:createCheckpoint(96)) - Created checkpoint in rocksDB at /home/runner/work/ozone/ozone/hadoop-ozone/integration-test/target/test-dir/MiniOzoneClusterImpl-23364813-765e-4689-b759-17f9bf3914d5/omNode-2/db.snapshots/om.db-56feef81-8a34-44ab-bf76-cfc8e85a2cfe in 16 milliseconds
2023-02-22 04:45:29,573 [OMDoubleBufferFlushThread] INFO  db.RDBCheckpointManager (RDBCheckpointManager.java:waitForCheckpointDirectoryExist(125)) - Waited for 8 milliseconds for checkpoint directory /home/runner/work/ozone/ozone/hadoop-ozone/integration-test/target/test-dir/MiniOzoneClusterImpl-23364813-765e-4689-b759-17f9bf3914d5/omNode-2/db.snapshots/om.db-56feef81-8a34-44ab-bf76-cfc8e85a2cfe availability.
2023-02-22 04:45:29,573 [OMDoubleBufferFlushThread] INFO  om.OmSnapshotManager (OmSnapshotManager.java:createOmSnapshotCheckpoint(163)) - Created checkpoint : /home/runner/work/ozone/ozone/hadoop-ozone/integration-test/target/test-dir/MiniOzoneClusterImpl-23364813-765e-4689-b759-17f9bf3914d5/omNode-2/db.snapshots/om.db-56feef81-8a34-44ab-bf76-cfc8e85a2cfe for snapshot snap19807
2023-02-22 04:45:29,573 [OMDoubleBufferFlushThread] INFO  db.RDBCheckpointManager (RDBCheckpointManager.java:waitForCheckpointDirectoryExist(125)) - Waited for 11 milliseconds for checkpoint directory /home/runner/work/ozone/ozone/hadoop-ozone/integration-test/target/test-dir/MiniOzoneClusterImpl-23364813-765e-4689-b759-17f9bf3914d5/omNode-1/db.snapshots/om.db-56feef81-8a34-44ab-bf76-cfc8e85a2cfe availability.
2023-02-22 04:45:29,574 [OMDoubleBufferFlushThread] INFO  om.OmSnapshotManager (OmSnapshotManager.java:createOmSnapshotCheckpoint(163)) - Created checkpoint : /home/runner/work/ozone/ozone/hadoop-ozone/integration-test/target/test-dir/MiniOzoneClusterImpl-23364813-765e-4689-b759-17f9bf3914d5/omNode-1/db.snapshots/om.db-56feef81-8a34-44ab-bf76-cfc8e85a2cfe for snapshot snap19807
2023-02-22 04:45:29,578 [OMDoubleBufferFlushThread] INFO  db.RDBCheckpointManager (RDBCheckpointManager.java:createCheckpoint(96)) - Created checkpoint in rocksDB at /home/runner/work/ozone/ozone/hadoop-ozone/integration-test/target/test-dir/MiniOzoneClusterImpl-23364813-765e-4689-b759-17f9bf3914d5/omNode-3/db.snapshots/om.db-56feef81-8a34-44ab-bf76-cfc8e85a2cfe in 30 milliseconds
2023-02-22 04:45:29,584 [OMDoubleBufferFlushThread] INFO  db.RDBCheckpointManager (RDBCheckpointManager.java:waitForCheckpointDirectoryExist(125)) - Waited for 6 milliseconds for checkpoint directory /home/runner/work/ozone/ozone/hadoop-ozone/integration-test/target/test-dir/MiniOzoneClusterImpl-23364813-765e-4689-b759-17f9bf3914d5/omNode-3/db.snapshots/om.db-56feef81-8a34-44ab-bf76-cfc8e85a2cfe availability.
2023-02-22 04:45:29,584 [OMDoubleBufferFlushThread] INFO  om.OmSnapshotManager (OmSnapshotManager.java:createOmSnapshotCheckpoint(163)) - Created checkpoint : /home/runner/work/ozone/ozone/hadoop-ozone/integration-test/target/test-dir/MiniOzoneClusterImpl-23364813-765e-4689-b759-17f9bf3914d5/omNode-3/db.snapshots/om.db-56feef81-8a34-44ab-bf76-cfc8e85a2cfe for snapshot snap19807
2023-02-22 04:45:30,548 [IPC Server handler 18 on default port 36219] WARN  server.ServerUtils (ServerUtils.java:getDBPath(225)) - ozone.om.db.dirs is not configured. We recommend adding this setting. Falling back to ozone.metadata.dirs instead.
2023-02-22 04:45:30,549 [IPC Server handler 18 on default port 36219] INFO  codec.OmKeyInfoCodec (OmKeyInfoCodec.java:<init>(49)) - OmKeyInfoCodec ignorePipeline = true
2023-02-22 04:45:30,549 [IPC Server handler 18 on default port 36219] INFO  codec.RepeatedOmKeyInfoCodec (RepeatedOmKeyInfoCodec.java:<init>(41)) - RepeatedOmKeyInfoCodec ignorePipeline = true
2023-02-22 04:45:30,679 [OM StateMachine ApplyTransaction Thread - 0] INFO  snapshot.OMSnapshotCreateRequest (OMSnapshotCreateRequest.java:validateAndUpdateCache(180)) - Created snapshot 'snap11603' under path 'vol-64478/buck-87383'
2023-02-22 04:45:30,680 [OM StateMachine ApplyTransaction Thread - 0] INFO  snapshot.OMSnapshotCreateRequest (OMSnapshotCreateRequest.java:validateAndUpdateCache(180)) - Created snapshot 'snap11603' under path 'vol-64478/buck-87383'
2023-02-22 04:45:30,680 [OM StateMachine ApplyTransaction Thread - 0] INFO  snapshot.OMSnapshotCreateRequest (OMSnapshotCreateRequest.java:validateAndUpdateCache(180)) - Created snapshot 'snap11603' under path 'vol-64478/buck-87383'
2023-02-22 04:45:30,699 [OMDoubleBufferFlushThread] INFO  db.RDBCheckpointManager (RDBCheckpointManager.java:createCheckpoint(96)) - Created checkpoint in rocksDB at /home/runner/work/ozone/ozone/hadoop-ozone/integration-test/target/test-dir/MiniOzoneClusterImpl-23364813-765e-4689-b759-17f9bf3914d5/omNode-1/db.snapshots/om.db-454c99c7-69a5-4fa4-8953-99d72cd70bb6 in 18 milliseconds
2023-02-22 04:45:30,701 [OMDoubleBufferFlushThread] INFO  db.RDBCheckpointManager (RDBCheckpointManager.java:waitForCheckpointDirectoryExist(125)) - Waited for 1 milliseconds for checkpoint directory /home/runner/work/ozone/ozone/hadoop-ozone/integration-test/target/test-dir/MiniOzoneClusterImpl-23364813-765e-4689-b759-17f9bf3914d5/omNode-1/db.snapshots/om.db-454c99c7-69a5-4fa4-8953-99d72cd70bb6 availability.
2023-02-22 04:45:30,701 [OMDoubleBufferFlushThread] INFO  om.OmSnapshotManager (OmSnapshotManager.java:createOmSnapshotCheckpoint(163)) - Created checkpoint : /home/runner/work/ozone/ozone/hadoop-ozone/integration-test/target/test-dir/MiniOzoneClusterImpl-23364813-765e-4689-b759-17f9bf3914d5/omNode-1/db.snapshots/om.db-454c99c7-69a5-4fa4-8953-99d72cd70bb6 for snapshot snap11603
2023-02-22 04:45:30,705 [OMDoubleBufferFlushThread] INFO  db.RDBCheckpointManager (RDBCheckpointManager.java:createCheckpoint(96)) - Created checkpoint in rocksDB at /home/runner/work/ozone/ozone/hadoop-ozone/integration-test/target/test-dir/MiniOzoneClusterImpl-23364813-765e-4689-b759-17f9bf3914d5/omNode-2/db.snapshots/om.db-454c99c7-69a5-4fa4-8953-99d72cd70bb6 in 24 milliseconds
2023-02-22 04:45:30,705 [OMDoubleBufferFlushThread] INFO  db.RDBCheckpointManager (RDBCheckpointManager.java:createCheckpoint(96)) - Created checkpoint in rocksDB at /home/runner/work/ozone/ozone/hadoop-ozone/integration-test/target/test-dir/MiniOzoneClusterImpl-23364813-765e-4689-b759-17f9bf3914d5/omNode-3/db.snapshots/om.db-454c99c7-69a5-4fa4-8953-99d72cd70bb6 in 23 milliseconds
2023-02-22 04:45:30,705 [OMDoubleBufferFlushThread] INFO  db.RDBCheckpointManager (RDBCheckpointManager.java:waitForCheckpointDirectoryExist(125)) - Waited for 0 milliseconds for checkpoint directory /home/runner/work/ozone/ozone/hadoop-ozone/integration-test/target/test-dir/MiniOzoneClusterImpl-23364813-765e-4689-b759-17f9bf3914d5/omNode-3/db.snapshots/om.db-454c99c7-69a5-4fa4-8953-99d72cd70bb6 availability.
2023-02-22 04:45:30,705 [OMDoubleBufferFlushThread] INFO  om.OmSnapshotManager (OmSnapshotManager.java:createOmSnapshotCheckpoint(163)) - Created checkpoint : /home/runner/work/ozone/ozone/hadoop-ozone/integration-test/target/test-dir/MiniOzoneClusterImpl-23364813-765e-4689-b759-17f9bf3914d5/omNode-3/db.snapshots/om.db-454c99c7-69a5-4fa4-8953-99d72cd70bb6 for snapshot snap11603
2023-02-22 04:45:30,706 [OMDoubleBufferFlushThread] INFO  db.RDBCheckpointManager (RDBCheckpointManager.java:waitForCheckpointDirectoryExist(125)) - Waited for 1 milliseconds for checkpoint directory /home/runner/work/ozone/ozone/hadoop-ozone/integration-test/target/test-dir/MiniOzoneClusterImpl-23364813-765e-4689-b759-17f9bf3914d5/omNode-2/db.snapshots/om.db-454c99c7-69a5-4fa4-8953-99d72cd70bb6 availability.
2023-02-22 04:45:30,706 [OMDoubleBufferFlushThread] INFO  om.OmSnapshotManager (OmSnapshotManager.java:createOmSnapshotCheckpoint(163)) - Created checkpoint : /home/runner/work/ozone/ozone/hadoop-ozone/integration-test/target/test-dir/MiniOzoneClusterImpl-23364813-765e-4689-b759-17f9bf3914d5/omNode-2/db.snapshots/om.db-454c99c7-69a5-4fa4-8953-99d72cd70bb6 for snapshot snap11603
2023-02-22 04:45:31,683 [IPC Server handler 9 on default port 36219] WARN  server.ServerUtils (ServerUtils.java:getDBPath(225)) - ozone.om.db.dirs is not configured. We recommend adding this setting. Falling back to ozone.metadata.dirs instead.
2023-02-22 04:45:31,683 [IPC Server handler 9 on default port 36219] INFO  codec.OmKeyInfoCodec (OmKeyInfoCodec.java:<init>(49)) - OmKeyInfoCodec ignorePipeline = true
2023-02-22 04:45:31,683 [IPC Server handler 9 on default port 36219] INFO  codec.RepeatedOmKeyInfoCodec (RepeatedOmKeyInfoCodec.java:<init>(41)) - RepeatedOmKeyInfoCodec ignorePipeline = true
]]></system-out>
  </testcase>
  <testcase name="testSnapDiff" classname="TestOmSnapshot" time="5.627">
    <system-out><![CDATA[2023-02-22 04:46:25,676 [Time-limited test] INFO  rpc.RpcClient (RpcClient.java:createVolume(476)) - Creating Volume: vol-99886, with runner as owner and space quota set to -1 bytes, counts quota set to -1
2023-02-22 04:46:25,679 [OM StateMachine ApplyTransaction Thread - 0] INFO  volume.OMVolumeCreateRequest (OMVolumeCreateRequest.java:validateAndUpdateCache(195)) - created volume:vol-99886 for user:runner
2023-02-22 04:46:25,680 [OM StateMachine ApplyTransaction Thread - 0] INFO  volume.OMVolumeCreateRequest (OMVolumeCreateRequest.java:validateAndUpdateCache(195)) - created volume:vol-99886 for user:runner
2023-02-22 04:46:25,680 [OM StateMachine ApplyTransaction Thread - 0] INFO  volume.OMVolumeCreateRequest (OMVolumeCreateRequest.java:validateAndUpdateCache(195)) - created volume:vol-99886 for user:runner
2023-02-22 04:46:25,683 [Time-limited test] INFO  rpc.RpcClient (RpcClient.java:createBucket(698)) - Creating Bucket: vol-99886/buck-32959, with server-side default bucket layout, runner as owner, Versioning false, Storage Type set to DISK and Encryption set to false, Replication Type set to server-side default replication type, Namespace Quota set to -1, Space Quota set to -1 
2023-02-22 04:46:25,684 [OM StateMachine ApplyTransaction Thread - 0] INFO  bucket.OMBucketCreateRequest (OMBucketCreateRequest.java:validateAndUpdateCache(263)) - created bucket: buck-32959 of layout FILE_SYSTEM_OPTIMIZED in volume: vol-99886
2023-02-22 04:46:25,685 [OM StateMachine ApplyTransaction Thread - 0] INFO  bucket.OMBucketCreateRequest (OMBucketCreateRequest.java:validateAndUpdateCache(263)) - created bucket: buck-32959 of layout FILE_SYSTEM_OPTIMIZED in volume: vol-99886
2023-02-22 04:46:25,686 [OM StateMachine ApplyTransaction Thread - 0] INFO  bucket.OMBucketCreateRequest (OMBucketCreateRequest.java:validateAndUpdateCache(263)) - created bucket: buck-32959 of layout FILE_SYSTEM_OPTIMIZED in volume: vol-99886
2023-02-22 04:46:25,711 [OM StateMachine ApplyTransaction Thread - 0] INFO  snapshot.OMSnapshotCreateRequest (OMSnapshotCreateRequest.java:validateAndUpdateCache(180)) - Created snapshot 'snap97069' under path 'vol-99886/buck-32959'
2023-02-22 04:46:25,712 [OM StateMachine ApplyTransaction Thread - 0] INFO  snapshot.OMSnapshotCreateRequest (OMSnapshotCreateRequest.java:validateAndUpdateCache(180)) - Created snapshot 'snap97069' under path 'vol-99886/buck-32959'
2023-02-22 04:46:25,713 [OM StateMachine ApplyTransaction Thread - 0] INFO  snapshot.OMSnapshotCreateRequest (OMSnapshotCreateRequest.java:validateAndUpdateCache(180)) - Created snapshot 'snap97069' under path 'vol-99886/buck-32959'
2023-02-22 04:46:25,745 [OMDoubleBufferFlushThread] INFO  db.RDBCheckpointManager (RDBCheckpointManager.java:createCheckpoint(96)) - Created checkpoint in rocksDB at /home/runner/work/ozone/ozone/hadoop-ozone/integration-test/target/test-dir/MiniOzoneClusterImpl-d1b59b44-2044-4343-9d69-28cc870eb01e/omNode-2/db.snapshots/om.db-9674890f-dbc2-46ec-ae9b-088f2efaa559 in 31 milliseconds
2023-02-22 04:46:25,745 [OMDoubleBufferFlushThread] INFO  db.RDBCheckpointManager (RDBCheckpointManager.java:createCheckpoint(96)) - Created checkpoint in rocksDB at /home/runner/work/ozone/ozone/hadoop-ozone/integration-test/target/test-dir/MiniOzoneClusterImpl-d1b59b44-2044-4343-9d69-28cc870eb01e/omNode-3/db.snapshots/om.db-9674890f-dbc2-46ec-ae9b-088f2efaa559 in 32 milliseconds
2023-02-22 04:46:25,745 [OMDoubleBufferFlushThread] INFO  db.RDBCheckpointManager (RDBCheckpointManager.java:createCheckpoint(96)) - Created checkpoint in rocksDB at /home/runner/work/ozone/ozone/hadoop-ozone/integration-test/target/test-dir/MiniOzoneClusterImpl-d1b59b44-2044-4343-9d69-28cc870eb01e/omNode-1/db.snapshots/om.db-9674890f-dbc2-46ec-ae9b-088f2efaa559 in 32 milliseconds
2023-02-22 04:46:25,747 [OMDoubleBufferFlushThread] INFO  db.RDBCheckpointManager (RDBCheckpointManager.java:waitForCheckpointDirectoryExist(125)) - Waited for 2 milliseconds for checkpoint directory /home/runner/work/ozone/ozone/hadoop-ozone/integration-test/target/test-dir/MiniOzoneClusterImpl-d1b59b44-2044-4343-9d69-28cc870eb01e/omNode-1/db.snapshots/om.db-9674890f-dbc2-46ec-ae9b-088f2efaa559 availability.
2023-02-22 04:46:25,747 [OMDoubleBufferFlushThread] INFO  om.OmSnapshotManager (OmSnapshotManager.java:createOmSnapshotCheckpoint(163)) - Created checkpoint : /home/runner/work/ozone/ozone/hadoop-ozone/integration-test/target/test-dir/MiniOzoneClusterImpl-d1b59b44-2044-4343-9d69-28cc870eb01e/omNode-1/db.snapshots/om.db-9674890f-dbc2-46ec-ae9b-088f2efaa559 for snapshot snap97069
2023-02-22 04:46:25,748 [OMDoubleBufferFlushThread] INFO  db.RDBCheckpointManager (RDBCheckpointManager.java:waitForCheckpointDirectoryExist(125)) - Waited for 3 milliseconds for checkpoint directory /home/runner/work/ozone/ozone/hadoop-ozone/integration-test/target/test-dir/MiniOzoneClusterImpl-d1b59b44-2044-4343-9d69-28cc870eb01e/omNode-2/db.snapshots/om.db-9674890f-dbc2-46ec-ae9b-088f2efaa559 availability.
2023-02-22 04:46:25,748 [OMDoubleBufferFlushThread] INFO  om.OmSnapshotManager (OmSnapshotManager.java:createOmSnapshotCheckpoint(163)) - Created checkpoint : /home/runner/work/ozone/ozone/hadoop-ozone/integration-test/target/test-dir/MiniOzoneClusterImpl-d1b59b44-2044-4343-9d69-28cc870eb01e/omNode-2/db.snapshots/om.db-9674890f-dbc2-46ec-ae9b-088f2efaa559 for snapshot snap97069
2023-02-22 04:46:25,748 [OMDoubleBufferFlushThread] INFO  db.RDBCheckpointManager (RDBCheckpointManager.java:waitForCheckpointDirectoryExist(125)) - Waited for 3 milliseconds for checkpoint directory /home/runner/work/ozone/ozone/hadoop-ozone/integration-test/target/test-dir/MiniOzoneClusterImpl-d1b59b44-2044-4343-9d69-28cc870eb01e/omNode-3/db.snapshots/om.db-9674890f-dbc2-46ec-ae9b-088f2efaa559 availability.
2023-02-22 04:46:25,748 [OMDoubleBufferFlushThread] INFO  om.OmSnapshotManager (OmSnapshotManager.java:createOmSnapshotCheckpoint(163)) - Created checkpoint : /home/runner/work/ozone/ozone/hadoop-ozone/integration-test/target/test-dir/MiniOzoneClusterImpl-d1b59b44-2044-4343-9d69-28cc870eb01e/omNode-3/db.snapshots/om.db-9674890f-dbc2-46ec-ae9b-088f2efaa559 for snapshot snap97069
2023-02-22 04:46:26,717 [OM StateMachine ApplyTransaction Thread - 0] INFO  snapshot.OMSnapshotCreateRequest (OMSnapshotCreateRequest.java:validateAndUpdateCache(180)) - Created snapshot 'snap98508' under path 'vol-99886/buck-32959'
2023-02-22 04:46:26,718 [OM StateMachine ApplyTransaction Thread - 0] INFO  snapshot.OMSnapshotCreateRequest (OMSnapshotCreateRequest.java:validateAndUpdateCache(180)) - Created snapshot 'snap98508' under path 'vol-99886/buck-32959'
2023-02-22 04:46:26,718 [OM StateMachine ApplyTransaction Thread - 0] INFO  snapshot.OMSnapshotCreateRequest (OMSnapshotCreateRequest.java:validateAndUpdateCache(180)) - Created snapshot 'snap98508' under path 'vol-99886/buck-32959'
2023-02-22 04:46:26,731 [OMDoubleBufferFlushThread] INFO  db.RDBCheckpointManager (RDBCheckpointManager.java:createCheckpoint(96)) - Created checkpoint in rocksDB at /home/runner/work/ozone/ozone/hadoop-ozone/integration-test/target/test-dir/MiniOzoneClusterImpl-d1b59b44-2044-4343-9d69-28cc870eb01e/omNode-3/db.snapshots/om.db-8d9076b8-4864-4a58-aeb0-12c8d8c7b397 in 12 milliseconds
2023-02-22 04:46:26,732 [OMDoubleBufferFlushThread] INFO  db.RDBCheckpointManager (RDBCheckpointManager.java:createCheckpoint(96)) - Created checkpoint in rocksDB at /home/runner/work/ozone/ozone/hadoop-ozone/integration-test/target/test-dir/MiniOzoneClusterImpl-d1b59b44-2044-4343-9d69-28cc870eb01e/omNode-1/db.snapshots/om.db-8d9076b8-4864-4a58-aeb0-12c8d8c7b397 in 13 milliseconds
2023-02-22 04:46:26,732 [OMDoubleBufferFlushThread] INFO  db.RDBCheckpointManager (RDBCheckpointManager.java:waitForCheckpointDirectoryExist(125)) - Waited for 0 milliseconds for checkpoint directory /home/runner/work/ozone/ozone/hadoop-ozone/integration-test/target/test-dir/MiniOzoneClusterImpl-d1b59b44-2044-4343-9d69-28cc870eb01e/omNode-1/db.snapshots/om.db-8d9076b8-4864-4a58-aeb0-12c8d8c7b397 availability.
2023-02-22 04:46:26,732 [OMDoubleBufferFlushThread] INFO  om.OmSnapshotManager (OmSnapshotManager.java:createOmSnapshotCheckpoint(163)) - Created checkpoint : /home/runner/work/ozone/ozone/hadoop-ozone/integration-test/target/test-dir/MiniOzoneClusterImpl-d1b59b44-2044-4343-9d69-28cc870eb01e/omNode-1/db.snapshots/om.db-8d9076b8-4864-4a58-aeb0-12c8d8c7b397 for snapshot snap98508
2023-02-22 04:46:26,732 [OMDoubleBufferFlushThread] INFO  db.RDBCheckpointManager (RDBCheckpointManager.java:waitForCheckpointDirectoryExist(125)) - Waited for 0 milliseconds for checkpoint directory /home/runner/work/ozone/ozone/hadoop-ozone/integration-test/target/test-dir/MiniOzoneClusterImpl-d1b59b44-2044-4343-9d69-28cc870eb01e/omNode-3/db.snapshots/om.db-8d9076b8-4864-4a58-aeb0-12c8d8c7b397 availability.
2023-02-22 04:46:26,732 [OMDoubleBufferFlushThread] INFO  om.OmSnapshotManager (OmSnapshotManager.java:createOmSnapshotCheckpoint(163)) - Created checkpoint : /home/runner/work/ozone/ozone/hadoop-ozone/integration-test/target/test-dir/MiniOzoneClusterImpl-d1b59b44-2044-4343-9d69-28cc870eb01e/omNode-3/db.snapshots/om.db-8d9076b8-4864-4a58-aeb0-12c8d8c7b397 for snapshot snap98508
2023-02-22 04:46:26,732 [OMDoubleBufferFlushThread] INFO  db.RDBCheckpointManager (RDBCheckpointManager.java:createCheckpoint(96)) - Created checkpoint in rocksDB at /home/runner/work/ozone/ozone/hadoop-ozone/integration-test/target/test-dir/MiniOzoneClusterImpl-d1b59b44-2044-4343-9d69-28cc870eb01e/omNode-2/db.snapshots/om.db-8d9076b8-4864-4a58-aeb0-12c8d8c7b397 in 12 milliseconds
2023-02-22 04:46:26,733 [OMDoubleBufferFlushThread] INFO  db.RDBCheckpointManager (RDBCheckpointManager.java:waitForCheckpointDirectoryExist(125)) - Waited for 1 milliseconds for checkpoint directory /home/runner/work/ozone/ozone/hadoop-ozone/integration-test/target/test-dir/MiniOzoneClusterImpl-d1b59b44-2044-4343-9d69-28cc870eb01e/omNode-2/db.snapshots/om.db-8d9076b8-4864-4a58-aeb0-12c8d8c7b397 availability.
2023-02-22 04:46:26,733 [OMDoubleBufferFlushThread] INFO  om.OmSnapshotManager (OmSnapshotManager.java:createOmSnapshotCheckpoint(163)) - Created checkpoint : /home/runner/work/ozone/ozone/hadoop-ozone/integration-test/target/test-dir/MiniOzoneClusterImpl-d1b59b44-2044-4343-9d69-28cc870eb01e/omNode-2/db.snapshots/om.db-8d9076b8-4864-4a58-aeb0-12c8d8c7b397 for snapshot snap98508
2023-02-22 04:46:27,719 [IPC Server handler 13 on default port 40949] WARN  server.ServerUtils (ServerUtils.java:getDBPath(225)) - ozone.om.db.dirs is not configured. We recommend adding this setting. Falling back to ozone.metadata.dirs instead.
2023-02-22 04:46:27,719 [IPC Server handler 13 on default port 40949] INFO  codec.OmKeyInfoCodec (OmKeyInfoCodec.java:<init>(49)) - OmKeyInfoCodec ignorePipeline = true
2023-02-22 04:46:27,719 [IPC Server handler 13 on default port 40949] INFO  codec.RepeatedOmKeyInfoCodec (RepeatedOmKeyInfoCodec.java:<init>(41)) - RepeatedOmKeyInfoCodec ignorePipeline = true
2023-02-22 04:46:27,748 [IPC Server handler 13 on default port 40949] WARN  server.ServerUtils (ServerUtils.java:getDBPath(225)) - ozone.om.db.dirs is not configured. We recommend adding this setting. Falling back to ozone.metadata.dirs instead.
2023-02-22 04:46:27,748 [IPC Server handler 13 on default port 40949] INFO  codec.OmKeyInfoCodec (OmKeyInfoCodec.java:<init>(49)) - OmKeyInfoCodec ignorePipeline = true
2023-02-22 04:46:27,748 [IPC Server handler 13 on default port 40949] INFO  codec.RepeatedOmKeyInfoCodec (RepeatedOmKeyInfoCodec.java:<init>(41)) - RepeatedOmKeyInfoCodec ignorePipeline = true
2023-02-22 04:46:27,802 [IPC Server handler 13 on default port 40949] WARN  snapshot.SnapshotDiffManager (SnapshotDiffManager.java:getDeltaFiles(372)) - RocksDBCheckpointDiffer is not available, falling back to slow path
2023-02-22 04:46:27,834 [IPC Server handler 13 on default port 40949] WARN  snapshot.SnapshotDiffManager (SnapshotDiffManager.java:getDeltaFiles(372)) - RocksDBCheckpointDiffer is not available, falling back to slow path
2023-02-22 04:46:27,914 [OM StateMachine ApplyTransaction Thread - 0] INFO  snapshot.OMSnapshotCreateRequest (OMSnapshotCreateRequest.java:validateAndUpdateCache(180)) - Created snapshot 'snap73029' under path 'vol-99886/buck-32959'
2023-02-22 04:46:27,915 [OM StateMachine ApplyTransaction Thread - 0] INFO  snapshot.OMSnapshotCreateRequest (OMSnapshotCreateRequest.java:validateAndUpdateCache(180)) - Created snapshot 'snap73029' under path 'vol-99886/buck-32959'
2023-02-22 04:46:27,916 [OM StateMachine ApplyTransaction Thread - 0] INFO  snapshot.OMSnapshotCreateRequest (OMSnapshotCreateRequest.java:validateAndUpdateCache(180)) - Created snapshot 'snap73029' under path 'vol-99886/buck-32959'
2023-02-22 04:46:27,941 [OMDoubleBufferFlushThread] INFO  db.RDBCheckpointManager (RDBCheckpointManager.java:createCheckpoint(96)) - Created checkpoint in rocksDB at /home/runner/work/ozone/ozone/hadoop-ozone/integration-test/target/test-dir/MiniOzoneClusterImpl-d1b59b44-2044-4343-9d69-28cc870eb01e/omNode-3/db.snapshots/om.db-f19f8504-1116-4efe-ab27-5668d8b4c377 in 25 milliseconds
2023-02-22 04:46:27,942 [OMDoubleBufferFlushThread] INFO  db.RDBCheckpointManager (RDBCheckpointManager.java:createCheckpoint(96)) - Created checkpoint in rocksDB at /home/runner/work/ozone/ozone/hadoop-ozone/integration-test/target/test-dir/MiniOzoneClusterImpl-d1b59b44-2044-4343-9d69-28cc870eb01e/omNode-1/db.snapshots/om.db-f19f8504-1116-4efe-ab27-5668d8b4c377 in 27 milliseconds
2023-02-22 04:46:27,944 [OMDoubleBufferFlushThread] INFO  db.RDBCheckpointManager (RDBCheckpointManager.java:createCheckpoint(96)) - Created checkpoint in rocksDB at /home/runner/work/ozone/ozone/hadoop-ozone/integration-test/target/test-dir/MiniOzoneClusterImpl-d1b59b44-2044-4343-9d69-28cc870eb01e/omNode-2/db.snapshots/om.db-f19f8504-1116-4efe-ab27-5668d8b4c377 in 28 milliseconds
2023-02-22 04:46:27,949 [OMDoubleBufferFlushThread] INFO  db.RDBCheckpointManager (RDBCheckpointManager.java:waitForCheckpointDirectoryExist(125)) - Waited for 6 milliseconds for checkpoint directory /home/runner/work/ozone/ozone/hadoop-ozone/integration-test/target/test-dir/MiniOzoneClusterImpl-d1b59b44-2044-4343-9d69-28cc870eb01e/omNode-1/db.snapshots/om.db-f19f8504-1116-4efe-ab27-5668d8b4c377 availability.
2023-02-22 04:46:27,949 [OMDoubleBufferFlushThread] INFO  om.OmSnapshotManager (OmSnapshotManager.java:createOmSnapshotCheckpoint(163)) - Created checkpoint : /home/runner/work/ozone/ozone/hadoop-ozone/integration-test/target/test-dir/MiniOzoneClusterImpl-d1b59b44-2044-4343-9d69-28cc870eb01e/omNode-1/db.snapshots/om.db-f19f8504-1116-4efe-ab27-5668d8b4c377 for snapshot snap73029
2023-02-22 04:46:27,950 [OMDoubleBufferFlushThread] INFO  db.RDBCheckpointManager (RDBCheckpointManager.java:waitForCheckpointDirectoryExist(125)) - Waited for 5 milliseconds for checkpoint directory /home/runner/work/ozone/ozone/hadoop-ozone/integration-test/target/test-dir/MiniOzoneClusterImpl-d1b59b44-2044-4343-9d69-28cc870eb01e/omNode-2/db.snapshots/om.db-f19f8504-1116-4efe-ab27-5668d8b4c377 availability.
2023-02-22 04:46:27,950 [OMDoubleBufferFlushThread] INFO  om.OmSnapshotManager (OmSnapshotManager.java:createOmSnapshotCheckpoint(163)) - Created checkpoint : /home/runner/work/ozone/ozone/hadoop-ozone/integration-test/target/test-dir/MiniOzoneClusterImpl-d1b59b44-2044-4343-9d69-28cc870eb01e/omNode-2/db.snapshots/om.db-f19f8504-1116-4efe-ab27-5668d8b4c377 for snapshot snap73029
2023-02-22 04:46:27,952 [OMDoubleBufferFlushThread] INFO  db.RDBCheckpointManager (RDBCheckpointManager.java:waitForCheckpointDirectoryExist(125)) - Waited for 11 milliseconds for checkpoint directory /home/runner/work/ozone/ozone/hadoop-ozone/integration-test/target/test-dir/MiniOzoneClusterImpl-d1b59b44-2044-4343-9d69-28cc870eb01e/omNode-3/db.snapshots/om.db-f19f8504-1116-4efe-ab27-5668d8b4c377 availability.
2023-02-22 04:46:27,952 [OMDoubleBufferFlushThread] INFO  om.OmSnapshotManager (OmSnapshotManager.java:createOmSnapshotCheckpoint(163)) - Created checkpoint : /home/runner/work/ozone/ozone/hadoop-ozone/integration-test/target/test-dir/MiniOzoneClusterImpl-d1b59b44-2044-4343-9d69-28cc870eb01e/omNode-3/db.snapshots/om.db-f19f8504-1116-4efe-ab27-5668d8b4c377 for snapshot snap73029
2023-02-22 04:46:28,916 [IPC Server handler 4 on default port 40949] WARN  server.ServerUtils (ServerUtils.java:getDBPath(225)) - ozone.om.db.dirs is not configured. We recommend adding this setting. Falling back to ozone.metadata.dirs instead.
2023-02-22 04:46:28,916 [IPC Server handler 4 on default port 40949] INFO  codec.OmKeyInfoCodec (OmKeyInfoCodec.java:<init>(49)) - OmKeyInfoCodec ignorePipeline = true
2023-02-22 04:46:28,916 [IPC Server handler 4 on default port 40949] INFO  codec.RepeatedOmKeyInfoCodec (RepeatedOmKeyInfoCodec.java:<init>(41)) - RepeatedOmKeyInfoCodec ignorePipeline = true
2023-02-22 04:46:29,057 [OM StateMachine ApplyTransaction Thread - 0] INFO  snapshot.OMSnapshotCreateRequest (OMSnapshotCreateRequest.java:validateAndUpdateCache(180)) - Created snapshot 'snap40256' under path 'vol-99886/buck-32959'
2023-02-22 04:46:29,058 [OM StateMachine ApplyTransaction Thread - 0] INFO  snapshot.OMSnapshotCreateRequest (OMSnapshotCreateRequest.java:validateAndUpdateCache(180)) - Created snapshot 'snap40256' under path 'vol-99886/buck-32959'
2023-02-22 04:46:29,059 [OM StateMachine ApplyTransaction Thread - 0] INFO  snapshot.OMSnapshotCreateRequest (OMSnapshotCreateRequest.java:validateAndUpdateCache(180)) - Created snapshot 'snap40256' under path 'vol-99886/buck-32959'
2023-02-22 04:46:29,079 [OMDoubleBufferFlushThread] INFO  db.RDBCheckpointManager (RDBCheckpointManager.java:createCheckpoint(96)) - Created checkpoint in rocksDB at /home/runner/work/ozone/ozone/hadoop-ozone/integration-test/target/test-dir/MiniOzoneClusterImpl-d1b59b44-2044-4343-9d69-28cc870eb01e/omNode-1/db.snapshots/om.db-0db4b279-47dc-483f-8580-5a1268971584 in 20 milliseconds
2023-02-22 04:46:29,079 [OMDoubleBufferFlushThread] INFO  db.RDBCheckpointManager (RDBCheckpointManager.java:createCheckpoint(96)) - Created checkpoint in rocksDB at /home/runner/work/ozone/ozone/hadoop-ozone/integration-test/target/test-dir/MiniOzoneClusterImpl-d1b59b44-2044-4343-9d69-28cc870eb01e/omNode-3/db.snapshots/om.db-0db4b279-47dc-483f-8580-5a1268971584 in 20 milliseconds
2023-02-22 04:46:29,081 [OMDoubleBufferFlushThread] INFO  db.RDBCheckpointManager (RDBCheckpointManager.java:waitForCheckpointDirectoryExist(125)) - Waited for 2 milliseconds for checkpoint directory /home/runner/work/ozone/ozone/hadoop-ozone/integration-test/target/test-dir/MiniOzoneClusterImpl-d1b59b44-2044-4343-9d69-28cc870eb01e/omNode-1/db.snapshots/om.db-0db4b279-47dc-483f-8580-5a1268971584 availability.
2023-02-22 04:46:29,082 [OMDoubleBufferFlushThread] INFO  om.OmSnapshotManager (OmSnapshotManager.java:createOmSnapshotCheckpoint(163)) - Created checkpoint : /home/runner/work/ozone/ozone/hadoop-ozone/integration-test/target/test-dir/MiniOzoneClusterImpl-d1b59b44-2044-4343-9d69-28cc870eb01e/omNode-1/db.snapshots/om.db-0db4b279-47dc-483f-8580-5a1268971584 for snapshot snap40256
2023-02-22 04:46:29,083 [OMDoubleBufferFlushThread] INFO  db.RDBCheckpointManager (RDBCheckpointManager.java:createCheckpoint(96)) - Created checkpoint in rocksDB at /home/runner/work/ozone/ozone/hadoop-ozone/integration-test/target/test-dir/MiniOzoneClusterImpl-d1b59b44-2044-4343-9d69-28cc870eb01e/omNode-2/db.snapshots/om.db-0db4b279-47dc-483f-8580-5a1268971584 in 23 milliseconds
2023-02-22 04:46:29,085 [OMDoubleBufferFlushThread] INFO  db.RDBCheckpointManager (RDBCheckpointManager.java:waitForCheckpointDirectoryExist(125)) - Waited for 5 milliseconds for checkpoint directory /home/runner/work/ozone/ozone/hadoop-ozone/integration-test/target/test-dir/MiniOzoneClusterImpl-d1b59b44-2044-4343-9d69-28cc870eb01e/omNode-3/db.snapshots/om.db-0db4b279-47dc-483f-8580-5a1268971584 availability.
2023-02-22 04:46:29,085 [OMDoubleBufferFlushThread] INFO  om.OmSnapshotManager (OmSnapshotManager.java:createOmSnapshotCheckpoint(163)) - Created checkpoint : /home/runner/work/ozone/ozone/hadoop-ozone/integration-test/target/test-dir/MiniOzoneClusterImpl-d1b59b44-2044-4343-9d69-28cc870eb01e/omNode-3/db.snapshots/om.db-0db4b279-47dc-483f-8580-5a1268971584 for snapshot snap40256
2023-02-22 04:46:29,086 [OMDoubleBufferFlushThread] INFO  db.RDBCheckpointManager (RDBCheckpointManager.java:waitForCheckpointDirectoryExist(125)) - Waited for 3 milliseconds for checkpoint directory /home/runner/work/ozone/ozone/hadoop-ozone/integration-test/target/test-dir/MiniOzoneClusterImpl-d1b59b44-2044-4343-9d69-28cc870eb01e/omNode-2/db.snapshots/om.db-0db4b279-47dc-483f-8580-5a1268971584 availability.
2023-02-22 04:46:29,086 [OMDoubleBufferFlushThread] INFO  om.OmSnapshotManager (OmSnapshotManager.java:createOmSnapshotCheckpoint(163)) - Created checkpoint : /home/runner/work/ozone/ozone/hadoop-ozone/integration-test/target/test-dir/MiniOzoneClusterImpl-d1b59b44-2044-4343-9d69-28cc870eb01e/omNode-2/db.snapshots/om.db-0db4b279-47dc-483f-8580-5a1268971584 for snapshot snap40256
2023-02-22 04:46:30,059 [IPC Server handler 16 on default port 40949] WARN  server.ServerUtils (ServerUtils.java:getDBPath(225)) - ozone.om.db.dirs is not configured. We recommend adding this setting. Falling back to ozone.metadata.dirs instead.
2023-02-22 04:46:30,059 [IPC Server handler 16 on default port 40949] INFO  codec.OmKeyInfoCodec (OmKeyInfoCodec.java:<init>(49)) - OmKeyInfoCodec ignorePipeline = true
2023-02-22 04:46:30,059 [IPC Server handler 16 on default port 40949] INFO  codec.RepeatedOmKeyInfoCodec (RepeatedOmKeyInfoCodec.java:<init>(41)) - RepeatedOmKeyInfoCodec ignorePipeline = true
2023-02-22 04:46:30,181 [OM StateMachine ApplyTransaction Thread - 0] INFO  snapshot.OMSnapshotCreateRequest (OMSnapshotCreateRequest.java:validateAndUpdateCache(180)) - Created snapshot 'snap58781' under path 'vol-99886/buck-32959'
2023-02-22 04:46:30,181 [OM StateMachine ApplyTransaction Thread - 0] INFO  snapshot.OMSnapshotCreateRequest (OMSnapshotCreateRequest.java:validateAndUpdateCache(180)) - Created snapshot 'snap58781' under path 'vol-99886/buck-32959'
2023-02-22 04:46:30,181 [OM StateMachine ApplyTransaction Thread - 0] INFO  snapshot.OMSnapshotCreateRequest (OMSnapshotCreateRequest.java:validateAndUpdateCache(180)) - Created snapshot 'snap58781' under path 'vol-99886/buck-32959'
2023-02-22 04:46:30,202 [OMDoubleBufferFlushThread] INFO  db.RDBCheckpointManager (RDBCheckpointManager.java:createCheckpoint(96)) - Created checkpoint in rocksDB at /home/runner/work/ozone/ozone/hadoop-ozone/integration-test/target/test-dir/MiniOzoneClusterImpl-d1b59b44-2044-4343-9d69-28cc870eb01e/omNode-3/db.snapshots/om.db-dc7b5324-68f7-43e5-9bc0-5daf1061e861 in 16 milliseconds
2023-02-22 04:46:30,206 [OMDoubleBufferFlushThread] INFO  db.RDBCheckpointManager (RDBCheckpointManager.java:waitForCheckpointDirectoryExist(125)) - Waited for 3 milliseconds for checkpoint directory /home/runner/work/ozone/ozone/hadoop-ozone/integration-test/target/test-dir/MiniOzoneClusterImpl-d1b59b44-2044-4343-9d69-28cc870eb01e/omNode-3/db.snapshots/om.db-dc7b5324-68f7-43e5-9bc0-5daf1061e861 availability.
2023-02-22 04:46:30,206 [OMDoubleBufferFlushThread] INFO  om.OmSnapshotManager (OmSnapshotManager.java:createOmSnapshotCheckpoint(163)) - Created checkpoint : /home/runner/work/ozone/ozone/hadoop-ozone/integration-test/target/test-dir/MiniOzoneClusterImpl-d1b59b44-2044-4343-9d69-28cc870eb01e/omNode-3/db.snapshots/om.db-dc7b5324-68f7-43e5-9bc0-5daf1061e861 for snapshot snap58781
2023-02-22 04:46:30,211 [OMDoubleBufferFlushThread] INFO  db.RDBCheckpointManager (RDBCheckpointManager.java:createCheckpoint(96)) - Created checkpoint in rocksDB at /home/runner/work/ozone/ozone/hadoop-ozone/integration-test/target/test-dir/MiniOzoneClusterImpl-d1b59b44-2044-4343-9d69-28cc870eb01e/omNode-2/db.snapshots/om.db-dc7b5324-68f7-43e5-9bc0-5daf1061e861 in 24 milliseconds
2023-02-22 04:46:30,215 [OMDoubleBufferFlushThread] INFO  db.RDBCheckpointManager (RDBCheckpointManager.java:waitForCheckpointDirectoryExist(125)) - Waited for 4 milliseconds for checkpoint directory /home/runner/work/ozone/ozone/hadoop-ozone/integration-test/target/test-dir/MiniOzoneClusterImpl-d1b59b44-2044-4343-9d69-28cc870eb01e/omNode-2/db.snapshots/om.db-dc7b5324-68f7-43e5-9bc0-5daf1061e861 availability.
2023-02-22 04:46:30,215 [OMDoubleBufferFlushThread] INFO  om.OmSnapshotManager (OmSnapshotManager.java:createOmSnapshotCheckpoint(163)) - Created checkpoint : /home/runner/work/ozone/ozone/hadoop-ozone/integration-test/target/test-dir/MiniOzoneClusterImpl-d1b59b44-2044-4343-9d69-28cc870eb01e/omNode-2/db.snapshots/om.db-dc7b5324-68f7-43e5-9bc0-5daf1061e861 for snapshot snap58781
2023-02-22 04:46:30,218 [OMDoubleBufferFlushThread] INFO  db.RDBCheckpointManager (RDBCheckpointManager.java:createCheckpoint(96)) - Created checkpoint in rocksDB at /home/runner/work/ozone/ozone/hadoop-ozone/integration-test/target/test-dir/MiniOzoneClusterImpl-d1b59b44-2044-4343-9d69-28cc870eb01e/omNode-1/db.snapshots/om.db-dc7b5324-68f7-43e5-9bc0-5daf1061e861 in 30 milliseconds
2023-02-22 04:46:30,221 [OMDoubleBufferFlushThread] INFO  db.RDBCheckpointManager (RDBCheckpointManager.java:waitForCheckpointDirectoryExist(125)) - Waited for 3 milliseconds for checkpoint directory /home/runner/work/ozone/ozone/hadoop-ozone/integration-test/target/test-dir/MiniOzoneClusterImpl-d1b59b44-2044-4343-9d69-28cc870eb01e/omNode-1/db.snapshots/om.db-dc7b5324-68f7-43e5-9bc0-5daf1061e861 availability.
2023-02-22 04:46:30,221 [OMDoubleBufferFlushThread] INFO  om.OmSnapshotManager (OmSnapshotManager.java:createOmSnapshotCheckpoint(163)) - Created checkpoint : /home/runner/work/ozone/ozone/hadoop-ozone/integration-test/target/test-dir/MiniOzoneClusterImpl-d1b59b44-2044-4343-9d69-28cc870eb01e/omNode-1/db.snapshots/om.db-dc7b5324-68f7-43e5-9bc0-5daf1061e861 for snapshot snap58781
2023-02-22 04:46:31,182 [IPC Server handler 1 on default port 40949] WARN  server.ServerUtils (ServerUtils.java:getDBPath(225)) - ozone.om.db.dirs is not configured. We recommend adding this setting. Falling back to ozone.metadata.dirs instead.
2023-02-22 04:46:31,183 [IPC Server handler 1 on default port 40949] INFO  codec.OmKeyInfoCodec (OmKeyInfoCodec.java:<init>(49)) - OmKeyInfoCodec ignorePipeline = true
2023-02-22 04:46:31,183 [IPC Server handler 1 on default port 40949] INFO  codec.RepeatedOmKeyInfoCodec (RepeatedOmKeyInfoCodec.java:<init>(41)) - RepeatedOmKeyInfoCodec ignorePipeline = true
]]></system-out>
  </testcase>
  <testcase name="testSnapDiff" classname="TestOmSnapshot" time="5.529">
    <system-out><![CDATA[2023-02-22 04:47:15,126 [Time-limited test] INFO  rpc.RpcClient (RpcClient.java:createVolume(476)) - Creating Volume: vol-30386, with runner as owner and space quota set to -1 bytes, counts quota set to -1
2023-02-22 04:47:15,130 [OM StateMachine ApplyTransaction Thread - 0] INFO  volume.OMVolumeCreateRequest (OMVolumeCreateRequest.java:validateAndUpdateCache(195)) - created volume:vol-30386 for user:runner
2023-02-22 04:47:15,131 [OM StateMachine ApplyTransaction Thread - 0] INFO  volume.OMVolumeCreateRequest (OMVolumeCreateRequest.java:validateAndUpdateCache(195)) - created volume:vol-30386 for user:runner
2023-02-22 04:47:15,131 [OM StateMachine ApplyTransaction Thread - 0] INFO  volume.OMVolumeCreateRequest (OMVolumeCreateRequest.java:validateAndUpdateCache(195)) - created volume:vol-30386 for user:runner
2023-02-22 04:47:15,135 [Time-limited test] INFO  rpc.RpcClient (RpcClient.java:createBucket(698)) - Creating Bucket: vol-30386/buck-36619, with server-side default bucket layout, runner as owner, Versioning false, Storage Type set to DISK and Encryption set to false, Replication Type set to server-side default replication type, Namespace Quota set to -1, Space Quota set to -1 
2023-02-22 04:47:15,136 [OM StateMachine ApplyTransaction Thread - 0] INFO  bucket.OMBucketCreateRequest (OMBucketCreateRequest.java:validateAndUpdateCache(263)) - created bucket: buck-36619 of layout LEGACY in volume: vol-30386
2023-02-22 04:47:15,137 [OM StateMachine ApplyTransaction Thread - 0] INFO  bucket.OMBucketCreateRequest (OMBucketCreateRequest.java:validateAndUpdateCache(263)) - created bucket: buck-36619 of layout LEGACY in volume: vol-30386
2023-02-22 04:47:15,138 [OM StateMachine ApplyTransaction Thread - 0] INFO  bucket.OMBucketCreateRequest (OMBucketCreateRequest.java:validateAndUpdateCache(263)) - created bucket: buck-36619 of layout LEGACY in volume: vol-30386
2023-02-22 04:47:15,158 [OM StateMachine ApplyTransaction Thread - 0] INFO  snapshot.OMSnapshotCreateRequest (OMSnapshotCreateRequest.java:validateAndUpdateCache(180)) - Created snapshot 'snap43884' under path 'vol-30386/buck-36619'
2023-02-22 04:47:15,159 [OM StateMachine ApplyTransaction Thread - 0] INFO  snapshot.OMSnapshotCreateRequest (OMSnapshotCreateRequest.java:validateAndUpdateCache(180)) - Created snapshot 'snap43884' under path 'vol-30386/buck-36619'
2023-02-22 04:47:15,159 [OM StateMachine ApplyTransaction Thread - 0] INFO  snapshot.OMSnapshotCreateRequest (OMSnapshotCreateRequest.java:validateAndUpdateCache(180)) - Created snapshot 'snap43884' under path 'vol-30386/buck-36619'
2023-02-22 04:47:15,189 [OMDoubleBufferFlushThread] INFO  db.RDBCheckpointManager (RDBCheckpointManager.java:createCheckpoint(96)) - Created checkpoint in rocksDB at /home/runner/work/ozone/ozone/hadoop-ozone/integration-test/target/test-dir/MiniOzoneClusterImpl-7cc88fad-c9bf-4c80-b076-d2cf48673a1e/omNode-2/db.snapshots/om.db-572f57af-d32c-435b-a8c2-aecfaee8b071 in 29 milliseconds
2023-02-22 04:47:15,195 [OMDoubleBufferFlushThread] INFO  db.RDBCheckpointManager (RDBCheckpointManager.java:waitForCheckpointDirectoryExist(125)) - Waited for 6 milliseconds for checkpoint directory /home/runner/work/ozone/ozone/hadoop-ozone/integration-test/target/test-dir/MiniOzoneClusterImpl-7cc88fad-c9bf-4c80-b076-d2cf48673a1e/omNode-2/db.snapshots/om.db-572f57af-d32c-435b-a8c2-aecfaee8b071 availability.
2023-02-22 04:47:15,195 [OMDoubleBufferFlushThread] INFO  om.OmSnapshotManager (OmSnapshotManager.java:createOmSnapshotCheckpoint(163)) - Created checkpoint : /home/runner/work/ozone/ozone/hadoop-ozone/integration-test/target/test-dir/MiniOzoneClusterImpl-7cc88fad-c9bf-4c80-b076-d2cf48673a1e/omNode-2/db.snapshots/om.db-572f57af-d32c-435b-a8c2-aecfaee8b071 for snapshot snap43884
2023-02-22 04:47:15,201 [OMDoubleBufferFlushThread] INFO  db.RDBCheckpointManager (RDBCheckpointManager.java:createCheckpoint(96)) - Created checkpoint in rocksDB at /home/runner/work/ozone/ozone/hadoop-ozone/integration-test/target/test-dir/MiniOzoneClusterImpl-7cc88fad-c9bf-4c80-b076-d2cf48673a1e/omNode-3/db.snapshots/om.db-572f57af-d32c-435b-a8c2-aecfaee8b071 in 41 milliseconds
2023-02-22 04:47:15,201 [OMDoubleBufferFlushThread] INFO  db.RDBCheckpointManager (RDBCheckpointManager.java:createCheckpoint(96)) - Created checkpoint in rocksDB at /home/runner/work/ozone/ozone/hadoop-ozone/integration-test/target/test-dir/MiniOzoneClusterImpl-7cc88fad-c9bf-4c80-b076-d2cf48673a1e/omNode-1/db.snapshots/om.db-572f57af-d32c-435b-a8c2-aecfaee8b071 in 41 milliseconds
2023-02-22 04:47:15,205 [OMDoubleBufferFlushThread] INFO  db.RDBCheckpointManager (RDBCheckpointManager.java:waitForCheckpointDirectoryExist(125)) - Waited for 4 milliseconds for checkpoint directory /home/runner/work/ozone/ozone/hadoop-ozone/integration-test/target/test-dir/MiniOzoneClusterImpl-7cc88fad-c9bf-4c80-b076-d2cf48673a1e/omNode-3/db.snapshots/om.db-572f57af-d32c-435b-a8c2-aecfaee8b071 availability.
2023-02-22 04:47:15,205 [OMDoubleBufferFlushThread] INFO  om.OmSnapshotManager (OmSnapshotManager.java:createOmSnapshotCheckpoint(163)) - Created checkpoint : /home/runner/work/ozone/ozone/hadoop-ozone/integration-test/target/test-dir/MiniOzoneClusterImpl-7cc88fad-c9bf-4c80-b076-d2cf48673a1e/omNode-3/db.snapshots/om.db-572f57af-d32c-435b-a8c2-aecfaee8b071 for snapshot snap43884
2023-02-22 04:47:15,206 [OMDoubleBufferFlushThread] INFO  db.RDBCheckpointManager (RDBCheckpointManager.java:waitForCheckpointDirectoryExist(125)) - Waited for 5 milliseconds for checkpoint directory /home/runner/work/ozone/ozone/hadoop-ozone/integration-test/target/test-dir/MiniOzoneClusterImpl-7cc88fad-c9bf-4c80-b076-d2cf48673a1e/omNode-1/db.snapshots/om.db-572f57af-d32c-435b-a8c2-aecfaee8b071 availability.
2023-02-22 04:47:15,206 [OMDoubleBufferFlushThread] INFO  om.OmSnapshotManager (OmSnapshotManager.java:createOmSnapshotCheckpoint(163)) - Created checkpoint : /home/runner/work/ozone/ozone/hadoop-ozone/integration-test/target/test-dir/MiniOzoneClusterImpl-7cc88fad-c9bf-4c80-b076-d2cf48673a1e/omNode-1/db.snapshots/om.db-572f57af-d32c-435b-a8c2-aecfaee8b071 for snapshot snap43884
2023-02-22 04:47:16,161 [OM StateMachine ApplyTransaction Thread - 0] INFO  snapshot.OMSnapshotCreateRequest (OMSnapshotCreateRequest.java:validateAndUpdateCache(180)) - Created snapshot 'snap57111' under path 'vol-30386/buck-36619'
2023-02-22 04:47:16,161 [OM StateMachine ApplyTransaction Thread - 0] INFO  snapshot.OMSnapshotCreateRequest (OMSnapshotCreateRequest.java:validateAndUpdateCache(180)) - Created snapshot 'snap57111' under path 'vol-30386/buck-36619'
2023-02-22 04:47:16,162 [OM StateMachine ApplyTransaction Thread - 0] INFO  snapshot.OMSnapshotCreateRequest (OMSnapshotCreateRequest.java:validateAndUpdateCache(180)) - Created snapshot 'snap57111' under path 'vol-30386/buck-36619'
2023-02-22 04:47:16,173 [OMDoubleBufferFlushThread] INFO  db.RDBCheckpointManager (RDBCheckpointManager.java:createCheckpoint(96)) - Created checkpoint in rocksDB at /home/runner/work/ozone/ozone/hadoop-ozone/integration-test/target/test-dir/MiniOzoneClusterImpl-7cc88fad-c9bf-4c80-b076-d2cf48673a1e/omNode-3/db.snapshots/om.db-5c6b0138-99e1-4351-9674-b68df41a74fb in 11 milliseconds
2023-02-22 04:47:16,174 [OMDoubleBufferFlushThread] INFO  db.RDBCheckpointManager (RDBCheckpointManager.java:waitForCheckpointDirectoryExist(125)) - Waited for 1 milliseconds for checkpoint directory /home/runner/work/ozone/ozone/hadoop-ozone/integration-test/target/test-dir/MiniOzoneClusterImpl-7cc88fad-c9bf-4c80-b076-d2cf48673a1e/omNode-3/db.snapshots/om.db-5c6b0138-99e1-4351-9674-b68df41a74fb availability.
2023-02-22 04:47:16,174 [OMDoubleBufferFlushThread] INFO  om.OmSnapshotManager (OmSnapshotManager.java:createOmSnapshotCheckpoint(163)) - Created checkpoint : /home/runner/work/ozone/ozone/hadoop-ozone/integration-test/target/test-dir/MiniOzoneClusterImpl-7cc88fad-c9bf-4c80-b076-d2cf48673a1e/omNode-3/db.snapshots/om.db-5c6b0138-99e1-4351-9674-b68df41a74fb for snapshot snap57111
2023-02-22 04:47:16,174 [OMDoubleBufferFlushThread] INFO  db.RDBCheckpointManager (RDBCheckpointManager.java:createCheckpoint(96)) - Created checkpoint in rocksDB at /home/runner/work/ozone/ozone/hadoop-ozone/integration-test/target/test-dir/MiniOzoneClusterImpl-7cc88fad-c9bf-4c80-b076-d2cf48673a1e/omNode-2/db.snapshots/om.db-5c6b0138-99e1-4351-9674-b68df41a74fb in 11 milliseconds
2023-02-22 04:47:16,175 [OMDoubleBufferFlushThread] INFO  db.RDBCheckpointManager (RDBCheckpointManager.java:createCheckpoint(96)) - Created checkpoint in rocksDB at /home/runner/work/ozone/ozone/hadoop-ozone/integration-test/target/test-dir/MiniOzoneClusterImpl-7cc88fad-c9bf-4c80-b076-d2cf48673a1e/omNode-1/db.snapshots/om.db-5c6b0138-99e1-4351-9674-b68df41a74fb in 12 milliseconds
2023-02-22 04:47:16,175 [OMDoubleBufferFlushThread] INFO  db.RDBCheckpointManager (RDBCheckpointManager.java:waitForCheckpointDirectoryExist(125)) - Waited for 1 milliseconds for checkpoint directory /home/runner/work/ozone/ozone/hadoop-ozone/integration-test/target/test-dir/MiniOzoneClusterImpl-7cc88fad-c9bf-4c80-b076-d2cf48673a1e/omNode-2/db.snapshots/om.db-5c6b0138-99e1-4351-9674-b68df41a74fb availability.
2023-02-22 04:47:16,175 [OMDoubleBufferFlushThread] INFO  om.OmSnapshotManager (OmSnapshotManager.java:createOmSnapshotCheckpoint(163)) - Created checkpoint : /home/runner/work/ozone/ozone/hadoop-ozone/integration-test/target/test-dir/MiniOzoneClusterImpl-7cc88fad-c9bf-4c80-b076-d2cf48673a1e/omNode-2/db.snapshots/om.db-5c6b0138-99e1-4351-9674-b68df41a74fb for snapshot snap57111
2023-02-22 04:47:16,175 [OMDoubleBufferFlushThread] INFO  db.RDBCheckpointManager (RDBCheckpointManager.java:waitForCheckpointDirectoryExist(125)) - Waited for 0 milliseconds for checkpoint directory /home/runner/work/ozone/ozone/hadoop-ozone/integration-test/target/test-dir/MiniOzoneClusterImpl-7cc88fad-c9bf-4c80-b076-d2cf48673a1e/omNode-1/db.snapshots/om.db-5c6b0138-99e1-4351-9674-b68df41a74fb availability.
2023-02-22 04:47:16,175 [OMDoubleBufferFlushThread] INFO  om.OmSnapshotManager (OmSnapshotManager.java:createOmSnapshotCheckpoint(163)) - Created checkpoint : /home/runner/work/ozone/ozone/hadoop-ozone/integration-test/target/test-dir/MiniOzoneClusterImpl-7cc88fad-c9bf-4c80-b076-d2cf48673a1e/omNode-1/db.snapshots/om.db-5c6b0138-99e1-4351-9674-b68df41a74fb for snapshot snap57111
2023-02-22 04:47:17,163 [IPC Server handler 11 on default port 46571] WARN  server.ServerUtils (ServerUtils.java:getDBPath(225)) - ozone.om.db.dirs is not configured. We recommend adding this setting. Falling back to ozone.metadata.dirs instead.
2023-02-22 04:47:17,163 [IPC Server handler 11 on default port 46571] INFO  codec.OmKeyInfoCodec (OmKeyInfoCodec.java:<init>(49)) - OmKeyInfoCodec ignorePipeline = true
2023-02-22 04:47:17,163 [IPC Server handler 11 on default port 46571] INFO  codec.RepeatedOmKeyInfoCodec (RepeatedOmKeyInfoCodec.java:<init>(41)) - RepeatedOmKeyInfoCodec ignorePipeline = true
2023-02-22 04:47:17,183 [IPC Server handler 11 on default port 46571] WARN  server.ServerUtils (ServerUtils.java:getDBPath(225)) - ozone.om.db.dirs is not configured. We recommend adding this setting. Falling back to ozone.metadata.dirs instead.
2023-02-22 04:47:17,184 [IPC Server handler 11 on default port 46571] INFO  codec.OmKeyInfoCodec (OmKeyInfoCodec.java:<init>(49)) - OmKeyInfoCodec ignorePipeline = true
2023-02-22 04:47:17,184 [IPC Server handler 11 on default port 46571] INFO  codec.RepeatedOmKeyInfoCodec (RepeatedOmKeyInfoCodec.java:<init>(41)) - RepeatedOmKeyInfoCodec ignorePipeline = true
2023-02-22 04:47:17,229 [IPC Server handler 11 on default port 46571] WARN  snapshot.SnapshotDiffManager (SnapshotDiffManager.java:getDeltaFiles(372)) - RocksDBCheckpointDiffer is not available, falling back to slow path
2023-02-22 04:47:17,313 [OM StateMachine ApplyTransaction Thread - 0] INFO  snapshot.OMSnapshotCreateRequest (OMSnapshotCreateRequest.java:validateAndUpdateCache(180)) - Created snapshot 'snap16796' under path 'vol-30386/buck-36619'
2023-02-22 04:47:17,314 [OM StateMachine ApplyTransaction Thread - 0] INFO  snapshot.OMSnapshotCreateRequest (OMSnapshotCreateRequest.java:validateAndUpdateCache(180)) - Created snapshot 'snap16796' under path 'vol-30386/buck-36619'
2023-02-22 04:47:17,314 [OM StateMachine ApplyTransaction Thread - 0] INFO  snapshot.OMSnapshotCreateRequest (OMSnapshotCreateRequest.java:validateAndUpdateCache(180)) - Created snapshot 'snap16796' under path 'vol-30386/buck-36619'
2023-02-22 04:47:17,342 [OMDoubleBufferFlushThread] INFO  db.RDBCheckpointManager (RDBCheckpointManager.java:createCheckpoint(96)) - Created checkpoint in rocksDB at /home/runner/work/ozone/ozone/hadoop-ozone/integration-test/target/test-dir/MiniOzoneClusterImpl-7cc88fad-c9bf-4c80-b076-d2cf48673a1e/omNode-2/db.snapshots/om.db-ba0509ab-4c36-4455-a72c-77502051d631 in 27 milliseconds
2023-02-22 04:47:17,343 [OMDoubleBufferFlushThread] INFO  db.RDBCheckpointManager (RDBCheckpointManager.java:waitForCheckpointDirectoryExist(125)) - Waited for 0 milliseconds for checkpoint directory /home/runner/work/ozone/ozone/hadoop-ozone/integration-test/target/test-dir/MiniOzoneClusterImpl-7cc88fad-c9bf-4c80-b076-d2cf48673a1e/omNode-2/db.snapshots/om.db-ba0509ab-4c36-4455-a72c-77502051d631 availability.
2023-02-22 04:47:17,343 [OMDoubleBufferFlushThread] INFO  om.OmSnapshotManager (OmSnapshotManager.java:createOmSnapshotCheckpoint(163)) - Created checkpoint : /home/runner/work/ozone/ozone/hadoop-ozone/integration-test/target/test-dir/MiniOzoneClusterImpl-7cc88fad-c9bf-4c80-b076-d2cf48673a1e/omNode-2/db.snapshots/om.db-ba0509ab-4c36-4455-a72c-77502051d631 for snapshot snap16796
2023-02-22 04:47:17,345 [OMDoubleBufferFlushThread] INFO  db.RDBCheckpointManager (RDBCheckpointManager.java:createCheckpoint(96)) - Created checkpoint in rocksDB at /home/runner/work/ozone/ozone/hadoop-ozone/integration-test/target/test-dir/MiniOzoneClusterImpl-7cc88fad-c9bf-4c80-b076-d2cf48673a1e/omNode-3/db.snapshots/om.db-ba0509ab-4c36-4455-a72c-77502051d631 in 30 milliseconds
2023-02-22 04:47:17,345 [OMDoubleBufferFlushThread] INFO  db.RDBCheckpointManager (RDBCheckpointManager.java:createCheckpoint(96)) - Created checkpoint in rocksDB at /home/runner/work/ozone/ozone/hadoop-ozone/integration-test/target/test-dir/MiniOzoneClusterImpl-7cc88fad-c9bf-4c80-b076-d2cf48673a1e/omNode-1/db.snapshots/om.db-ba0509ab-4c36-4455-a72c-77502051d631 in 30 milliseconds
2023-02-22 04:47:17,345 [OMDoubleBufferFlushThread] INFO  db.RDBCheckpointManager (RDBCheckpointManager.java:waitForCheckpointDirectoryExist(125)) - Waited for 0 milliseconds for checkpoint directory /home/runner/work/ozone/ozone/hadoop-ozone/integration-test/target/test-dir/MiniOzoneClusterImpl-7cc88fad-c9bf-4c80-b076-d2cf48673a1e/omNode-3/db.snapshots/om.db-ba0509ab-4c36-4455-a72c-77502051d631 availability.
2023-02-22 04:47:17,346 [OMDoubleBufferFlushThread] INFO  om.OmSnapshotManager (OmSnapshotManager.java:createOmSnapshotCheckpoint(163)) - Created checkpoint : /home/runner/work/ozone/ozone/hadoop-ozone/integration-test/target/test-dir/MiniOzoneClusterImpl-7cc88fad-c9bf-4c80-b076-d2cf48673a1e/omNode-3/db.snapshots/om.db-ba0509ab-4c36-4455-a72c-77502051d631 for snapshot snap16796
2023-02-22 04:47:17,345 [OMDoubleBufferFlushThread] INFO  db.RDBCheckpointManager (RDBCheckpointManager.java:waitForCheckpointDirectoryExist(125)) - Waited for 0 milliseconds for checkpoint directory /home/runner/work/ozone/ozone/hadoop-ozone/integration-test/target/test-dir/MiniOzoneClusterImpl-7cc88fad-c9bf-4c80-b076-d2cf48673a1e/omNode-1/db.snapshots/om.db-ba0509ab-4c36-4455-a72c-77502051d631 availability.
2023-02-22 04:47:17,346 [OMDoubleBufferFlushThread] INFO  om.OmSnapshotManager (OmSnapshotManager.java:createOmSnapshotCheckpoint(163)) - Created checkpoint : /home/runner/work/ozone/ozone/hadoop-ozone/integration-test/target/test-dir/MiniOzoneClusterImpl-7cc88fad-c9bf-4c80-b076-d2cf48673a1e/omNode-1/db.snapshots/om.db-ba0509ab-4c36-4455-a72c-77502051d631 for snapshot snap16796
2023-02-22 04:47:18,315 [IPC Server handler 14 on default port 46571] WARN  server.ServerUtils (ServerUtils.java:getDBPath(225)) - ozone.om.db.dirs is not configured. We recommend adding this setting. Falling back to ozone.metadata.dirs instead.
2023-02-22 04:47:18,315 [IPC Server handler 14 on default port 46571] INFO  codec.OmKeyInfoCodec (OmKeyInfoCodec.java:<init>(49)) - OmKeyInfoCodec ignorePipeline = true
2023-02-22 04:47:18,315 [IPC Server handler 14 on default port 46571] INFO  codec.RepeatedOmKeyInfoCodec (RepeatedOmKeyInfoCodec.java:<init>(41)) - RepeatedOmKeyInfoCodec ignorePipeline = true
2023-02-22 04:47:18,448 [OM StateMachine ApplyTransaction Thread - 0] INFO  snapshot.OMSnapshotCreateRequest (OMSnapshotCreateRequest.java:validateAndUpdateCache(180)) - Created snapshot 'snap92996' under path 'vol-30386/buck-36619'
2023-02-22 04:47:18,449 [OM StateMachine ApplyTransaction Thread - 0] INFO  snapshot.OMSnapshotCreateRequest (OMSnapshotCreateRequest.java:validateAndUpdateCache(180)) - Created snapshot 'snap92996' under path 'vol-30386/buck-36619'
2023-02-22 04:47:18,449 [OM StateMachine ApplyTransaction Thread - 0] INFO  snapshot.OMSnapshotCreateRequest (OMSnapshotCreateRequest.java:validateAndUpdateCache(180)) - Created snapshot 'snap92996' under path 'vol-30386/buck-36619'
2023-02-22 04:47:18,466 [OMDoubleBufferFlushThread] INFO  db.RDBCheckpointManager (RDBCheckpointManager.java:createCheckpoint(96)) - Created checkpoint in rocksDB at /home/runner/work/ozone/ozone/hadoop-ozone/integration-test/target/test-dir/MiniOzoneClusterImpl-7cc88fad-c9bf-4c80-b076-d2cf48673a1e/omNode-1/db.snapshots/om.db-32f19720-5c74-49aa-ab6a-73f31c9a1267 in 17 milliseconds
2023-02-22 04:47:18,467 [OMDoubleBufferFlushThread] INFO  db.RDBCheckpointManager (RDBCheckpointManager.java:waitForCheckpointDirectoryExist(125)) - Waited for 1 milliseconds for checkpoint directory /home/runner/work/ozone/ozone/hadoop-ozone/integration-test/target/test-dir/MiniOzoneClusterImpl-7cc88fad-c9bf-4c80-b076-d2cf48673a1e/omNode-1/db.snapshots/om.db-32f19720-5c74-49aa-ab6a-73f31c9a1267 availability.
2023-02-22 04:47:18,467 [OMDoubleBufferFlushThread] INFO  om.OmSnapshotManager (OmSnapshotManager.java:createOmSnapshotCheckpoint(163)) - Created checkpoint : /home/runner/work/ozone/ozone/hadoop-ozone/integration-test/target/test-dir/MiniOzoneClusterImpl-7cc88fad-c9bf-4c80-b076-d2cf48673a1e/omNode-1/db.snapshots/om.db-32f19720-5c74-49aa-ab6a-73f31c9a1267 for snapshot snap92996
2023-02-22 04:47:18,467 [OMDoubleBufferFlushThread] INFO  db.RDBCheckpointManager (RDBCheckpointManager.java:createCheckpoint(96)) - Created checkpoint in rocksDB at /home/runner/work/ozone/ozone/hadoop-ozone/integration-test/target/test-dir/MiniOzoneClusterImpl-7cc88fad-c9bf-4c80-b076-d2cf48673a1e/omNode-2/db.snapshots/om.db-32f19720-5c74-49aa-ab6a-73f31c9a1267 in 17 milliseconds
2023-02-22 04:47:18,470 [OMDoubleBufferFlushThread] INFO  db.RDBCheckpointManager (RDBCheckpointManager.java:createCheckpoint(96)) - Created checkpoint in rocksDB at /home/runner/work/ozone/ozone/hadoop-ozone/integration-test/target/test-dir/MiniOzoneClusterImpl-7cc88fad-c9bf-4c80-b076-d2cf48673a1e/omNode-3/db.snapshots/om.db-32f19720-5c74-49aa-ab6a-73f31c9a1267 in 20 milliseconds
2023-02-22 04:47:18,471 [OMDoubleBufferFlushThread] INFO  db.RDBCheckpointManager (RDBCheckpointManager.java:waitForCheckpointDirectoryExist(125)) - Waited for 1 milliseconds for checkpoint directory /home/runner/work/ozone/ozone/hadoop-ozone/integration-test/target/test-dir/MiniOzoneClusterImpl-7cc88fad-c9bf-4c80-b076-d2cf48673a1e/omNode-3/db.snapshots/om.db-32f19720-5c74-49aa-ab6a-73f31c9a1267 availability.
2023-02-22 04:47:18,472 [OMDoubleBufferFlushThread] INFO  om.OmSnapshotManager (OmSnapshotManager.java:createOmSnapshotCheckpoint(163)) - Created checkpoint : /home/runner/work/ozone/ozone/hadoop-ozone/integration-test/target/test-dir/MiniOzoneClusterImpl-7cc88fad-c9bf-4c80-b076-d2cf48673a1e/omNode-3/db.snapshots/om.db-32f19720-5c74-49aa-ab6a-73f31c9a1267 for snapshot snap92996
2023-02-22 04:47:18,472 [OMDoubleBufferFlushThread] INFO  db.RDBCheckpointManager (RDBCheckpointManager.java:waitForCheckpointDirectoryExist(125)) - Waited for 5 milliseconds for checkpoint directory /home/runner/work/ozone/ozone/hadoop-ozone/integration-test/target/test-dir/MiniOzoneClusterImpl-7cc88fad-c9bf-4c80-b076-d2cf48673a1e/omNode-2/db.snapshots/om.db-32f19720-5c74-49aa-ab6a-73f31c9a1267 availability.
2023-02-22 04:47:18,472 [OMDoubleBufferFlushThread] INFO  om.OmSnapshotManager (OmSnapshotManager.java:createOmSnapshotCheckpoint(163)) - Created checkpoint : /home/runner/work/ozone/ozone/hadoop-ozone/integration-test/target/test-dir/MiniOzoneClusterImpl-7cc88fad-c9bf-4c80-b076-d2cf48673a1e/omNode-2/db.snapshots/om.db-32f19720-5c74-49aa-ab6a-73f31c9a1267 for snapshot snap92996
2023-02-22 04:47:19,449 [IPC Server handler 10 on default port 46571] WARN  server.ServerUtils (ServerUtils.java:getDBPath(225)) - ozone.om.db.dirs is not configured. We recommend adding this setting. Falling back to ozone.metadata.dirs instead.
2023-02-22 04:47:19,450 [IPC Server handler 10 on default port 46571] INFO  codec.OmKeyInfoCodec (OmKeyInfoCodec.java:<init>(49)) - OmKeyInfoCodec ignorePipeline = true
2023-02-22 04:47:19,450 [IPC Server handler 10 on default port 46571] INFO  codec.RepeatedOmKeyInfoCodec (RepeatedOmKeyInfoCodec.java:<init>(41)) - RepeatedOmKeyInfoCodec ignorePipeline = true
2023-02-22 04:47:19,558 [OM StateMachine ApplyTransaction Thread - 0] INFO  snapshot.OMSnapshotCreateRequest (OMSnapshotCreateRequest.java:validateAndUpdateCache(180)) - Created snapshot 'snap30725' under path 'vol-30386/buck-36619'
2023-02-22 04:47:19,558 [OM StateMachine ApplyTransaction Thread - 0] INFO  snapshot.OMSnapshotCreateRequest (OMSnapshotCreateRequest.java:validateAndUpdateCache(180)) - Created snapshot 'snap30725' under path 'vol-30386/buck-36619'
2023-02-22 04:47:19,558 [OM StateMachine ApplyTransaction Thread - 0] INFO  snapshot.OMSnapshotCreateRequest (OMSnapshotCreateRequest.java:validateAndUpdateCache(180)) - Created snapshot 'snap30725' under path 'vol-30386/buck-36619'
2023-02-22 04:47:19,580 [OMDoubleBufferFlushThread] INFO  db.RDBCheckpointManager (RDBCheckpointManager.java:createCheckpoint(96)) - Created checkpoint in rocksDB at /home/runner/work/ozone/ozone/hadoop-ozone/integration-test/target/test-dir/MiniOzoneClusterImpl-7cc88fad-c9bf-4c80-b076-d2cf48673a1e/omNode-2/db.snapshots/om.db-2448e658-c9a3-4836-bd31-55b61eb778ef in 20 milliseconds
2023-02-22 04:47:19,582 [OMDoubleBufferFlushThread] INFO  db.RDBCheckpointManager (RDBCheckpointManager.java:createCheckpoint(96)) - Created checkpoint in rocksDB at /home/runner/work/ozone/ozone/hadoop-ozone/integration-test/target/test-dir/MiniOzoneClusterImpl-7cc88fad-c9bf-4c80-b076-d2cf48673a1e/omNode-3/db.snapshots/om.db-2448e658-c9a3-4836-bd31-55b61eb778ef in 22 milliseconds
2023-02-22 04:47:19,583 [OMDoubleBufferFlushThread] INFO  db.RDBCheckpointManager (RDBCheckpointManager.java:waitForCheckpointDirectoryExist(125)) - Waited for 3 milliseconds for checkpoint directory /home/runner/work/ozone/ozone/hadoop-ozone/integration-test/target/test-dir/MiniOzoneClusterImpl-7cc88fad-c9bf-4c80-b076-d2cf48673a1e/omNode-2/db.snapshots/om.db-2448e658-c9a3-4836-bd31-55b61eb778ef availability.
2023-02-22 04:47:19,583 [OMDoubleBufferFlushThread] INFO  om.OmSnapshotManager (OmSnapshotManager.java:createOmSnapshotCheckpoint(163)) - Created checkpoint : /home/runner/work/ozone/ozone/hadoop-ozone/integration-test/target/test-dir/MiniOzoneClusterImpl-7cc88fad-c9bf-4c80-b076-d2cf48673a1e/omNode-2/db.snapshots/om.db-2448e658-c9a3-4836-bd31-55b61eb778ef for snapshot snap30725
2023-02-22 04:47:19,583 [OMDoubleBufferFlushThread] INFO  db.RDBCheckpointManager (RDBCheckpointManager.java:waitForCheckpointDirectoryExist(125)) - Waited for 1 milliseconds for checkpoint directory /home/runner/work/ozone/ozone/hadoop-ozone/integration-test/target/test-dir/MiniOzoneClusterImpl-7cc88fad-c9bf-4c80-b076-d2cf48673a1e/omNode-3/db.snapshots/om.db-2448e658-c9a3-4836-bd31-55b61eb778ef availability.
2023-02-22 04:47:19,583 [OMDoubleBufferFlushThread] INFO  om.OmSnapshotManager (OmSnapshotManager.java:createOmSnapshotCheckpoint(163)) - Created checkpoint : /home/runner/work/ozone/ozone/hadoop-ozone/integration-test/target/test-dir/MiniOzoneClusterImpl-7cc88fad-c9bf-4c80-b076-d2cf48673a1e/omNode-3/db.snapshots/om.db-2448e658-c9a3-4836-bd31-55b61eb778ef for snapshot snap30725
2023-02-22 04:47:19,587 [OMDoubleBufferFlushThread] INFO  db.RDBCheckpointManager (RDBCheckpointManager.java:createCheckpoint(96)) - Created checkpoint in rocksDB at /home/runner/work/ozone/ozone/hadoop-ozone/integration-test/target/test-dir/MiniOzoneClusterImpl-7cc88fad-c9bf-4c80-b076-d2cf48673a1e/omNode-1/db.snapshots/om.db-2448e658-c9a3-4836-bd31-55b61eb778ef in 27 milliseconds
2023-02-22 04:47:19,587 [OMDoubleBufferFlushThread] INFO  db.RDBCheckpointManager (RDBCheckpointManager.java:waitForCheckpointDirectoryExist(125)) - Waited for 0 milliseconds for checkpoint directory /home/runner/work/ozone/ozone/hadoop-ozone/integration-test/target/test-dir/MiniOzoneClusterImpl-7cc88fad-c9bf-4c80-b076-d2cf48673a1e/omNode-1/db.snapshots/om.db-2448e658-c9a3-4836-bd31-55b61eb778ef availability.
2023-02-22 04:47:19,587 [OMDoubleBufferFlushThread] INFO  om.OmSnapshotManager (OmSnapshotManager.java:createOmSnapshotCheckpoint(163)) - Created checkpoint : /home/runner/work/ozone/ozone/hadoop-ozone/integration-test/target/test-dir/MiniOzoneClusterImpl-7cc88fad-c9bf-4c80-b076-d2cf48673a1e/omNode-1/db.snapshots/om.db-2448e658-c9a3-4836-bd31-55b61eb778ef for snapshot snap30725
2023-02-22 04:47:20,560 [IPC Server handler 1 on default port 46571] WARN  server.ServerUtils (ServerUtils.java:getDBPath(225)) - ozone.om.db.dirs is not configured. We recommend adding this setting. Falling back to ozone.metadata.dirs instead.
2023-02-22 04:47:20,560 [IPC Server handler 1 on default port 46571] INFO  codec.OmKeyInfoCodec (OmKeyInfoCodec.java:<init>(49)) - OmKeyInfoCodec ignorePipeline = true
2023-02-22 04:47:20,560 [IPC Server handler 1 on default port 46571] INFO  codec.RepeatedOmKeyInfoCodec (RepeatedOmKeyInfoCodec.java:<init>(41)) - RepeatedOmKeyInfoCodec ignorePipeline = true
]]></system-out>
  </testcase>
  <testcase name="testListKeyOnEmptyBucket" classname="TestOmSnapshot" time="1.075">
    <system-out><![CDATA[2023-02-22 04:45:31,807 [Time-limited test] INFO  rpc.RpcClient (RpcClient.java:createVolume(476)) - Creating Volume: vol-83152, with runner as owner and space quota set to -1 bytes, counts quota set to -1
2023-02-22 04:45:31,810 [OM StateMachine ApplyTransaction Thread - 0] INFO  volume.OMVolumeCreateRequest (OMVolumeCreateRequest.java:validateAndUpdateCache(195)) - created volume:vol-83152 for user:runner
2023-02-22 04:45:31,811 [OM StateMachine ApplyTransaction Thread - 0] INFO  volume.OMVolumeCreateRequest (OMVolumeCreateRequest.java:validateAndUpdateCache(195)) - created volume:vol-83152 for user:runner
2023-02-22 04:45:31,813 [OM StateMachine ApplyTransaction Thread - 0] INFO  volume.OMVolumeCreateRequest (OMVolumeCreateRequest.java:validateAndUpdateCache(195)) - created volume:vol-83152 for user:runner
2023-02-22 04:45:31,821 [Time-limited test] INFO  rpc.RpcClient (RpcClient.java:createBucket(698)) - Creating Bucket: vol-83152/buc-53150, with server-side default bucket layout, runner as owner, Versioning false, Storage Type set to DISK and Encryption set to false, Replication Type set to server-side default replication type, Namespace Quota set to -1, Space Quota set to -1 
2023-02-22 04:45:31,823 [OM StateMachine ApplyTransaction Thread - 0] INFO  bucket.OMBucketCreateRequest (OMBucketCreateRequest.java:validateAndUpdateCache(263)) - created bucket: buc-53150 of layout OBJECT_STORE in volume: vol-83152
2023-02-22 04:45:31,824 [OM StateMachine ApplyTransaction Thread - 0] INFO  bucket.OMBucketCreateRequest (OMBucketCreateRequest.java:validateAndUpdateCache(263)) - created bucket: buc-53150 of layout OBJECT_STORE in volume: vol-83152
2023-02-22 04:45:31,824 [OM StateMachine ApplyTransaction Thread - 0] INFO  bucket.OMBucketCreateRequest (OMBucketCreateRequest.java:validateAndUpdateCache(263)) - created bucket: buc-53150 of layout OBJECT_STORE in volume: vol-83152
2023-02-22 04:45:31,827 [OM StateMachine ApplyTransaction Thread - 0] INFO  snapshot.OMSnapshotCreateRequest (OMSnapshotCreateRequest.java:validateAndUpdateCache(180)) - Created snapshot 'c3f891a0-4fc0-4404-8ae3-cd2c5d4a5e09' under path 'vol-83152/buc-53150'
2023-02-22 04:45:31,828 [OM StateMachine ApplyTransaction Thread - 0] INFO  snapshot.OMSnapshotCreateRequest (OMSnapshotCreateRequest.java:validateAndUpdateCache(180)) - Created snapshot 'c3f891a0-4fc0-4404-8ae3-cd2c5d4a5e09' under path 'vol-83152/buc-53150'
2023-02-22 04:45:31,828 [OM StateMachine ApplyTransaction Thread - 0] INFO  snapshot.OMSnapshotCreateRequest (OMSnapshotCreateRequest.java:validateAndUpdateCache(180)) - Created snapshot 'c3f891a0-4fc0-4404-8ae3-cd2c5d4a5e09' under path 'vol-83152/buc-53150'
2023-02-22 04:45:31,857 [OMDoubleBufferFlushThread] INFO  db.RDBCheckpointManager (RDBCheckpointManager.java:createCheckpoint(96)) - Created checkpoint in rocksDB at /home/runner/work/ozone/ozone/hadoop-ozone/integration-test/target/test-dir/MiniOzoneClusterImpl-23364813-765e-4689-b759-17f9bf3914d5/omNode-1/db.snapshots/om.db-5e02dac0-d27e-4e6e-9627-9905d187603d in 29 milliseconds
2023-02-22 04:45:31,858 [OMDoubleBufferFlushThread] INFO  db.RDBCheckpointManager (RDBCheckpointManager.java:createCheckpoint(96)) - Created checkpoint in rocksDB at /home/runner/work/ozone/ozone/hadoop-ozone/integration-test/target/test-dir/MiniOzoneClusterImpl-23364813-765e-4689-b759-17f9bf3914d5/omNode-3/db.snapshots/om.db-5e02dac0-d27e-4e6e-9627-9905d187603d in 29 milliseconds
2023-02-22 04:45:31,859 [OMDoubleBufferFlushThread] INFO  db.RDBCheckpointManager (RDBCheckpointManager.java:createCheckpoint(96)) - Created checkpoint in rocksDB at /home/runner/work/ozone/ozone/hadoop-ozone/integration-test/target/test-dir/MiniOzoneClusterImpl-23364813-765e-4689-b759-17f9bf3914d5/omNode-2/db.snapshots/om.db-5e02dac0-d27e-4e6e-9627-9905d187603d in 30 milliseconds
2023-02-22 04:45:31,864 [OMDoubleBufferFlushThread] INFO  db.RDBCheckpointManager (RDBCheckpointManager.java:waitForCheckpointDirectoryExist(125)) - Waited for 7 milliseconds for checkpoint directory /home/runner/work/ozone/ozone/hadoop-ozone/integration-test/target/test-dir/MiniOzoneClusterImpl-23364813-765e-4689-b759-17f9bf3914d5/omNode-1/db.snapshots/om.db-5e02dac0-d27e-4e6e-9627-9905d187603d availability.
2023-02-22 04:45:31,864 [OMDoubleBufferFlushThread] INFO  om.OmSnapshotManager (OmSnapshotManager.java:createOmSnapshotCheckpoint(163)) - Created checkpoint : /home/runner/work/ozone/ozone/hadoop-ozone/integration-test/target/test-dir/MiniOzoneClusterImpl-23364813-765e-4689-b759-17f9bf3914d5/omNode-1/db.snapshots/om.db-5e02dac0-d27e-4e6e-9627-9905d187603d for snapshot c3f891a0-4fc0-4404-8ae3-cd2c5d4a5e09
2023-02-22 04:45:31,864 [OMDoubleBufferFlushThread] INFO  db.RDBCheckpointManager (RDBCheckpointManager.java:waitForCheckpointDirectoryExist(125)) - Waited for 6 milliseconds for checkpoint directory /home/runner/work/ozone/ozone/hadoop-ozone/integration-test/target/test-dir/MiniOzoneClusterImpl-23364813-765e-4689-b759-17f9bf3914d5/omNode-3/db.snapshots/om.db-5e02dac0-d27e-4e6e-9627-9905d187603d availability.
2023-02-22 04:45:31,864 [OMDoubleBufferFlushThread] INFO  om.OmSnapshotManager (OmSnapshotManager.java:createOmSnapshotCheckpoint(163)) - Created checkpoint : /home/runner/work/ozone/ozone/hadoop-ozone/integration-test/target/test-dir/MiniOzoneClusterImpl-23364813-765e-4689-b759-17f9bf3914d5/omNode-3/db.snapshots/om.db-5e02dac0-d27e-4e6e-9627-9905d187603d for snapshot c3f891a0-4fc0-4404-8ae3-cd2c5d4a5e09
2023-02-22 04:45:31,865 [OMDoubleBufferFlushThread] INFO  db.RDBCheckpointManager (RDBCheckpointManager.java:waitForCheckpointDirectoryExist(125)) - Waited for 5 milliseconds for checkpoint directory /home/runner/work/ozone/ozone/hadoop-ozone/integration-test/target/test-dir/MiniOzoneClusterImpl-23364813-765e-4689-b759-17f9bf3914d5/omNode-2/db.snapshots/om.db-5e02dac0-d27e-4e6e-9627-9905d187603d availability.
2023-02-22 04:45:31,865 [OMDoubleBufferFlushThread] INFO  om.OmSnapshotManager (OmSnapshotManager.java:createOmSnapshotCheckpoint(163)) - Created checkpoint : /home/runner/work/ozone/ozone/hadoop-ozone/integration-test/target/test-dir/MiniOzoneClusterImpl-23364813-765e-4689-b759-17f9bf3914d5/omNode-2/db.snapshots/om.db-5e02dac0-d27e-4e6e-9627-9905d187603d for snapshot c3f891a0-4fc0-4404-8ae3-cd2c5d4a5e09
2023-02-22 04:45:32,832 [IPC Server handler 6 on default port 36219] WARN  server.ServerUtils (ServerUtils.java:getDBPath(225)) - ozone.om.db.dirs is not configured. We recommend adding this setting. Falling back to ozone.metadata.dirs instead.
2023-02-22 04:45:32,832 [IPC Server handler 6 on default port 36219] INFO  codec.OmKeyInfoCodec (OmKeyInfoCodec.java:<init>(49)) - OmKeyInfoCodec ignorePipeline = true
2023-02-22 04:45:32,832 [IPC Server handler 6 on default port 36219] INFO  codec.RepeatedOmKeyInfoCodec (RepeatedOmKeyInfoCodec.java:<init>(41)) - RepeatedOmKeyInfoCodec ignorePipeline = true
]]></system-out>
  </testcase>
  <testcase name="testListKeyOnEmptyBucket" classname="TestOmSnapshot" time="1.068">
    <system-out><![CDATA[2023-02-22 04:46:31,303 [Time-limited test] INFO  rpc.RpcClient (RpcClient.java:createVolume(476)) - Creating Volume: vol-27058, with runner as owner and space quota set to -1 bytes, counts quota set to -1
2023-02-22 04:46:31,305 [OM StateMachine ApplyTransaction Thread - 0] INFO  volume.OMVolumeCreateRequest (OMVolumeCreateRequest.java:validateAndUpdateCache(195)) - created volume:vol-27058 for user:runner
2023-02-22 04:46:31,307 [OM StateMachine ApplyTransaction Thread - 0] INFO  volume.OMVolumeCreateRequest (OMVolumeCreateRequest.java:validateAndUpdateCache(195)) - created volume:vol-27058 for user:runner
2023-02-22 04:46:31,307 [OM StateMachine ApplyTransaction Thread - 0] INFO  volume.OMVolumeCreateRequest (OMVolumeCreateRequest.java:validateAndUpdateCache(195)) - created volume:vol-27058 for user:runner
2023-02-22 04:46:31,308 [Time-limited test] INFO  rpc.RpcClient (RpcClient.java:createBucket(698)) - Creating Bucket: vol-27058/buc-48775, with server-side default bucket layout, runner as owner, Versioning false, Storage Type set to DISK and Encryption set to false, Replication Type set to server-side default replication type, Namespace Quota set to -1, Space Quota set to -1 
2023-02-22 04:46:31,310 [OM StateMachine ApplyTransaction Thread - 0] INFO  bucket.OMBucketCreateRequest (OMBucketCreateRequest.java:validateAndUpdateCache(263)) - created bucket: buc-48775 of layout FILE_SYSTEM_OPTIMIZED in volume: vol-27058
2023-02-22 04:46:31,311 [OM StateMachine ApplyTransaction Thread - 0] INFO  bucket.OMBucketCreateRequest (OMBucketCreateRequest.java:validateAndUpdateCache(263)) - created bucket: buc-48775 of layout FILE_SYSTEM_OPTIMIZED in volume: vol-27058
2023-02-22 04:46:31,312 [OM StateMachine ApplyTransaction Thread - 0] INFO  bucket.OMBucketCreateRequest (OMBucketCreateRequest.java:validateAndUpdateCache(263)) - created bucket: buc-48775 of layout FILE_SYSTEM_OPTIMIZED in volume: vol-27058
2023-02-22 04:46:31,314 [OM StateMachine ApplyTransaction Thread - 0] INFO  snapshot.OMSnapshotCreateRequest (OMSnapshotCreateRequest.java:validateAndUpdateCache(180)) - Created snapshot '311821be-88ba-420c-aae6-9747caf4f2cf' under path 'vol-27058/buc-48775'
2023-02-22 04:46:31,315 [OM StateMachine ApplyTransaction Thread - 0] INFO  snapshot.OMSnapshotCreateRequest (OMSnapshotCreateRequest.java:validateAndUpdateCache(180)) - Created snapshot '311821be-88ba-420c-aae6-9747caf4f2cf' under path 'vol-27058/buc-48775'
2023-02-22 04:46:31,316 [OM StateMachine ApplyTransaction Thread - 0] INFO  snapshot.OMSnapshotCreateRequest (OMSnapshotCreateRequest.java:validateAndUpdateCache(180)) - Created snapshot '311821be-88ba-420c-aae6-9747caf4f2cf' under path 'vol-27058/buc-48775'
2023-02-22 04:46:31,339 [OMDoubleBufferFlushThread] INFO  db.RDBCheckpointManager (RDBCheckpointManager.java:createCheckpoint(96)) - Created checkpoint in rocksDB at /home/runner/work/ozone/ozone/hadoop-ozone/integration-test/target/test-dir/MiniOzoneClusterImpl-d1b59b44-2044-4343-9d69-28cc870eb01e/omNode-3/db.snapshots/om.db-d94ecc33-6fe2-4fa2-a213-3fb030440ae4 in 23 milliseconds
2023-02-22 04:46:31,340 [OMDoubleBufferFlushThread] INFO  db.RDBCheckpointManager (RDBCheckpointManager.java:waitForCheckpointDirectoryExist(125)) - Waited for 1 milliseconds for checkpoint directory /home/runner/work/ozone/ozone/hadoop-ozone/integration-test/target/test-dir/MiniOzoneClusterImpl-d1b59b44-2044-4343-9d69-28cc870eb01e/omNode-3/db.snapshots/om.db-d94ecc33-6fe2-4fa2-a213-3fb030440ae4 availability.
2023-02-22 04:46:31,340 [OMDoubleBufferFlushThread] INFO  om.OmSnapshotManager (OmSnapshotManager.java:createOmSnapshotCheckpoint(163)) - Created checkpoint : /home/runner/work/ozone/ozone/hadoop-ozone/integration-test/target/test-dir/MiniOzoneClusterImpl-d1b59b44-2044-4343-9d69-28cc870eb01e/omNode-3/db.snapshots/om.db-d94ecc33-6fe2-4fa2-a213-3fb030440ae4 for snapshot 311821be-88ba-420c-aae6-9747caf4f2cf
2023-02-22 04:46:31,341 [OMDoubleBufferFlushThread] INFO  db.RDBCheckpointManager (RDBCheckpointManager.java:createCheckpoint(96)) - Created checkpoint in rocksDB at /home/runner/work/ozone/ozone/hadoop-ozone/integration-test/target/test-dir/MiniOzoneClusterImpl-d1b59b44-2044-4343-9d69-28cc870eb01e/omNode-1/db.snapshots/om.db-d94ecc33-6fe2-4fa2-a213-3fb030440ae4 in 25 milliseconds
2023-02-22 04:46:31,343 [OMDoubleBufferFlushThread] INFO  db.RDBCheckpointManager (RDBCheckpointManager.java:waitForCheckpointDirectoryExist(125)) - Waited for 2 milliseconds for checkpoint directory /home/runner/work/ozone/ozone/hadoop-ozone/integration-test/target/test-dir/MiniOzoneClusterImpl-d1b59b44-2044-4343-9d69-28cc870eb01e/omNode-1/db.snapshots/om.db-d94ecc33-6fe2-4fa2-a213-3fb030440ae4 availability.
2023-02-22 04:46:31,343 [OMDoubleBufferFlushThread] INFO  om.OmSnapshotManager (OmSnapshotManager.java:createOmSnapshotCheckpoint(163)) - Created checkpoint : /home/runner/work/ozone/ozone/hadoop-ozone/integration-test/target/test-dir/MiniOzoneClusterImpl-d1b59b44-2044-4343-9d69-28cc870eb01e/omNode-1/db.snapshots/om.db-d94ecc33-6fe2-4fa2-a213-3fb030440ae4 for snapshot 311821be-88ba-420c-aae6-9747caf4f2cf
2023-02-22 04:46:31,345 [OMDoubleBufferFlushThread] INFO  db.RDBCheckpointManager (RDBCheckpointManager.java:createCheckpoint(96)) - Created checkpoint in rocksDB at /home/runner/work/ozone/ozone/hadoop-ozone/integration-test/target/test-dir/MiniOzoneClusterImpl-d1b59b44-2044-4343-9d69-28cc870eb01e/omNode-2/db.snapshots/om.db-d94ecc33-6fe2-4fa2-a213-3fb030440ae4 in 27 milliseconds
2023-02-22 04:46:31,345 [OMDoubleBufferFlushThread] INFO  db.RDBCheckpointManager (RDBCheckpointManager.java:waitForCheckpointDirectoryExist(125)) - Waited for 0 milliseconds for checkpoint directory /home/runner/work/ozone/ozone/hadoop-ozone/integration-test/target/test-dir/MiniOzoneClusterImpl-d1b59b44-2044-4343-9d69-28cc870eb01e/omNode-2/db.snapshots/om.db-d94ecc33-6fe2-4fa2-a213-3fb030440ae4 availability.
2023-02-22 04:46:31,345 [OMDoubleBufferFlushThread] INFO  om.OmSnapshotManager (OmSnapshotManager.java:createOmSnapshotCheckpoint(163)) - Created checkpoint : /home/runner/work/ozone/ozone/hadoop-ozone/integration-test/target/test-dir/MiniOzoneClusterImpl-d1b59b44-2044-4343-9d69-28cc870eb01e/omNode-2/db.snapshots/om.db-d94ecc33-6fe2-4fa2-a213-3fb030440ae4 for snapshot 311821be-88ba-420c-aae6-9747caf4f2cf
2023-02-22 04:46:32,321 [IPC Server handler 12 on default port 40949] WARN  server.ServerUtils (ServerUtils.java:getDBPath(225)) - ozone.om.db.dirs is not configured. We recommend adding this setting. Falling back to ozone.metadata.dirs instead.
2023-02-22 04:46:32,321 [IPC Server handler 12 on default port 40949] INFO  codec.OmKeyInfoCodec (OmKeyInfoCodec.java:<init>(49)) - OmKeyInfoCodec ignorePipeline = true
2023-02-22 04:46:32,321 [IPC Server handler 12 on default port 40949] INFO  codec.RepeatedOmKeyInfoCodec (RepeatedOmKeyInfoCodec.java:<init>(41)) - RepeatedOmKeyInfoCodec ignorePipeline = true
2023-02-22 04:46:32,367 [Finalizer] WARN  managed.ManagedRocksObjectUtils (ManagedRocksObjectUtils.java:assertClosed(54)) - ManagedColumnFamilyOptions is not closed properly
2023-02-22 04:46:32,367 [Finalizer] WARN  managed.ManagedRocksObjectUtils (ManagedRocksObjectUtils.java:assertClosed(54)) - ManagedColumnFamilyOptions is not closed properly
2023-02-22 04:46:32,367 [Finalizer] WARN  managed.ManagedRocksObjectUtils (ManagedRocksObjectUtils.java:assertClosed(54)) - ManagedColumnFamilyOptions is not closed properly
2023-02-22 04:46:32,367 [Finalizer] WARN  managed.ManagedRocksObjectUtils (ManagedRocksObjectUtils.java:assertClosed(54)) - ManagedColumnFamilyOptions is not closed properly
2023-02-22 04:46:32,367 [Finalizer] WARN  managed.ManagedRocksObjectUtils (ManagedRocksObjectUtils.java:assertClosed(54)) - ManagedColumnFamilyOptions is not closed properly
2023-02-22 04:46:32,367 [Finalizer] WARN  managed.ManagedRocksObjectUtils (ManagedRocksObjectUtils.java:assertClosed(54)) - ManagedColumnFamilyOptions is not closed properly
2023-02-22 04:46:32,367 [Finalizer] WARN  managed.ManagedRocksObjectUtils (ManagedRocksObjectUtils.java:assertClosed(54)) - ManagedColumnFamilyOptions is not closed properly
2023-02-22 04:46:32,367 [Finalizer] WARN  managed.ManagedRocksObjectUtils (ManagedRocksObjectUtils.java:assertClosed(54)) - ManagedColumnFamilyOptions is not closed properly
2023-02-22 04:46:32,367 [Finalizer] WARN  managed.ManagedRocksObjectUtils (ManagedRocksObjectUtils.java:assertClosed(54)) - RocksIterator is not closed properly
2023-02-22 04:46:32,367 [Finalizer] WARN  managed.ManagedRocksObjectUtils (ManagedRocksObjectUtils.java:assertClosed(54)) - RocksIterator is not closed properly
2023-02-22 04:46:32,367 [Finalizer] WARN  managed.ManagedRocksObjectUtils (ManagedRocksObjectUtils.java:assertClosed(54)) - RocksIterator is not closed properly
2023-02-22 04:46:32,367 [Finalizer] WARN  managed.ManagedRocksObjectUtils (ManagedRocksObjectUtils.java:assertClosed(54)) - RocksIterator is not closed properly
2023-02-22 04:46:32,367 [Finalizer] WARN  managed.ManagedRocksObjectUtils (ManagedRocksObjectUtils.java:assertClosed(54)) - RocksIterator is not closed properly
2023-02-22 04:46:32,367 [Finalizer] WARN  managed.ManagedRocksObjectUtils (ManagedRocksObjectUtils.java:assertClosed(54)) - RocksIterator is not closed properly
2023-02-22 04:46:32,367 [Finalizer] WARN  managed.ManagedRocksObjectUtils (ManagedRocksObjectUtils.java:assertClosed(54)) - ManagedColumnFamilyOptions is not closed properly
2023-02-22 04:46:32,367 [Finalizer] WARN  managed.ManagedRocksObjectUtils (ManagedRocksObjectUtils.java:assertClosed(54)) - ManagedColumnFamilyOptions is not closed properly
2023-02-22 04:46:32,367 [Finalizer] WARN  managed.ManagedRocksObjectUtils (ManagedRocksObjectUtils.java:assertClosed(54)) - ManagedColumnFamilyOptions is not closed properly
2023-02-22 04:46:32,367 [Finalizer] WARN  managed.ManagedRocksObjectUtils (ManagedRocksObjectUtils.java:assertClosed(54)) - ManagedColumnFamilyOptions is not closed properly
2023-02-22 04:46:32,367 [Finalizer] WARN  managed.ManagedRocksObjectUtils (ManagedRocksObjectUtils.java:assertClosed(54)) - ManagedColumnFamilyOptions is not closed properly
2023-02-22 04:46:32,367 [Finalizer] WARN  managed.ManagedRocksObjectUtils (ManagedRocksObjectUtils.java:assertClosed(54)) - ManagedColumnFamilyOptions is not closed properly
2023-02-22 04:46:32,367 [Finalizer] WARN  managed.ManagedRocksObjectUtils (ManagedRocksObjectUtils.java:assertClosed(54)) - ManagedColumnFamilyOptions is not closed properly
2023-02-22 04:46:32,367 [Finalizer] WARN  managed.ManagedRocksObjectUtils (ManagedRocksObjectUtils.java:assertClosed(54)) - ManagedColumnFamilyOptions is not closed properly
2023-02-22 04:46:32,367 [Finalizer] WARN  managed.ManagedRocksObjectUtils (ManagedRocksObjectUtils.java:assertClosed(54)) - RocksIterator is not closed properly
2023-02-22 04:46:32,367 [Finalizer] WARN  managed.ManagedRocksObjectUtils (ManagedRocksObjectUtils.java:assertClosed(54)) - RocksIterator is not closed properly
2023-02-22 04:46:32,367 [Finalizer] WARN  managed.ManagedRocksObjectUtils (ManagedRocksObjectUtils.java:assertClosed(54)) - RocksIterator is not closed properly
2023-02-22 04:46:32,367 [Finalizer] WARN  managed.ManagedRocksObjectUtils (ManagedRocksObjectUtils.java:assertClosed(54)) - RocksIterator is not closed properly
2023-02-22 04:46:32,368 [Finalizer] WARN  managed.ManagedRocksObjectUtils (ManagedRocksObjectUtils.java:assertClosed(54)) - RocksIterator is not closed properly
2023-02-22 04:46:32,368 [Finalizer] WARN  managed.ManagedRocksObjectUtils (ManagedRocksObjectUtils.java:assertClosed(54)) - RocksIterator is not closed properly
2023-02-22 04:46:32,368 [Finalizer] WARN  managed.ManagedRocksObjectUtils (ManagedRocksObjectUtils.java:assertClosed(54)) - ManagedColumnFamilyOptions is not closed properly
2023-02-22 04:46:32,368 [Finalizer] WARN  managed.ManagedRocksObjectUtils (ManagedRocksObjectUtils.java:assertClosed(54)) - ManagedColumnFamilyOptions is not closed properly
2023-02-22 04:46:32,368 [Finalizer] WARN  managed.ManagedRocksObjectUtils (ManagedRocksObjectUtils.java:assertClosed(54)) - ManagedColumnFamilyOptions is not closed properly
2023-02-22 04:46:32,368 [Finalizer] WARN  managed.ManagedRocksObjectUtils (ManagedRocksObjectUtils.java:assertClosed(54)) - ManagedColumnFamilyOptions is not closed properly
2023-02-22 04:46:32,368 [Finalizer] WARN  managed.ManagedRocksObjectUtils (ManagedRocksObjectUtils.java:assertClosed(54)) - ManagedColumnFamilyOptions is not closed properly
2023-02-22 04:46:32,368 [Finalizer] WARN  managed.ManagedRocksObjectUtils (ManagedRocksObjectUtils.java:assertClosed(54)) - ManagedColumnFamilyOptions is not closed properly
2023-02-22 04:46:32,368 [Finalizer] WARN  managed.ManagedRocksObjectUtils (ManagedRocksObjectUtils.java:assertClosed(54)) - ManagedColumnFamilyOptions is not closed properly
2023-02-22 04:46:32,368 [Finalizer] WARN  managed.ManagedRocksObjectUtils (ManagedRocksObjectUtils.java:assertClosed(54)) - ManagedColumnFamilyOptions is not closed properly
2023-02-22 04:46:32,368 [Finalizer] WARN  managed.ManagedRocksObjectUtils (ManagedRocksObjectUtils.java:assertClosed(54)) - RocksIterator is not closed properly
2023-02-22 04:46:32,368 [Finalizer] WARN  managed.ManagedRocksObjectUtils (ManagedRocksObjectUtils.java:assertClosed(54)) - RocksIterator is not closed properly
2023-02-22 04:46:32,368 [Finalizer] WARN  managed.ManagedRocksObjectUtils (ManagedRocksObjectUtils.java:assertClosed(54)) - RocksIterator is not closed properly
2023-02-22 04:46:32,368 [Finalizer] WARN  managed.ManagedRocksObjectUtils (ManagedRocksObjectUtils.java:assertClosed(54)) - RocksIterator is not closed properly
2023-02-22 04:46:32,368 [Finalizer] WARN  managed.ManagedRocksObjectUtils (ManagedRocksObjectUtils.java:assertClosed(54)) - RocksIterator is not closed properly
2023-02-22 04:46:32,368 [Finalizer] WARN  managed.ManagedRocksObjectUtils (ManagedRocksObjectUtils.java:assertClosed(54)) - RocksIterator is not closed properly
2023-02-22 04:46:32,368 [Finalizer] WARN  managed.ManagedRocksObjectUtils (ManagedRocksObjectUtils.java:assertClosed(54)) - ManagedColumnFamilyOptions is not closed properly
2023-02-22 04:46:32,368 [Finalizer] WARN  managed.ManagedRocksObjectUtils (ManagedRocksObjectUtils.java:assertClosed(54)) - ManagedColumnFamilyOptions is not closed properly
2023-02-22 04:46:32,368 [Finalizer] WARN  managed.ManagedRocksObjectUtils (ManagedRocksObjectUtils.java:assertClosed(54)) - ManagedColumnFamilyOptions is not closed properly
2023-02-22 04:46:32,368 [Finalizer] WARN  managed.ManagedRocksObjectUtils (ManagedRocksObjectUtils.java:assertClosed(54)) - ManagedColumnFamilyOptions is not closed properly
2023-02-22 04:46:32,368 [Finalizer] WARN  managed.ManagedRocksObjectUtils (ManagedRocksObjectUtils.java:assertClosed(54)) - ManagedColumnFamilyOptions is not closed properly
2023-02-22 04:46:32,368 [Finalizer] WARN  managed.ManagedRocksObjectUtils (ManagedRocksObjectUtils.java:assertClosed(54)) - ManagedColumnFamilyOptions is not closed properly
2023-02-22 04:46:32,368 [Finalizer] WARN  managed.ManagedRocksObjectUtils (ManagedRocksObjectUtils.java:assertClosed(54)) - ManagedColumnFamilyOptions is not closed properly
2023-02-22 04:46:32,368 [Finalizer] WARN  managed.ManagedRocksObjectUtils (ManagedRocksObjectUtils.java:assertClosed(54)) - ManagedColumnFamilyOptions is not closed properly
2023-02-22 04:46:32,368 [Finalizer] WARN  managed.ManagedRocksObjectUtils (ManagedRocksObjectUtils.java:assertClosed(54)) - RocksIterator is not closed properly
2023-02-22 04:46:32,368 [Finalizer] WARN  managed.ManagedRocksObjectUtils (ManagedRocksObjectUtils.java:assertClosed(54)) - RocksIterator is not closed properly
2023-02-22 04:46:32,368 [Finalizer] WARN  managed.ManagedRocksObjectUtils (ManagedRocksObjectUtils.java:assertClosed(54)) - RocksIterator is not closed properly
2023-02-22 04:46:32,368 [Finalizer] WARN  managed.ManagedRocksObjectUtils (ManagedRocksObjectUtils.java:assertClosed(54)) - RocksIterator is not closed properly
2023-02-22 04:46:32,368 [Finalizer] WARN  managed.ManagedRocksObjectUtils (ManagedRocksObjectUtils.java:assertClosed(54)) - RocksIterator is not closed properly
2023-02-22 04:46:32,368 [Finalizer] WARN  managed.ManagedRocksObjectUtils (ManagedRocksObjectUtils.java:assertClosed(54)) - RocksIterator is not closed properly
]]></system-out>
  </testcase>
  <testcase name="testListKeyOnEmptyBucket" classname="TestOmSnapshot" time="1.052">
    <system-out><![CDATA[2023-02-22 04:47:20,655 [Time-limited test] INFO  rpc.RpcClient (RpcClient.java:createVolume(476)) - Creating Volume: vol-69281, with runner as owner and space quota set to -1 bytes, counts quota set to -1
2023-02-22 04:47:20,657 [OM StateMachine ApplyTransaction Thread - 0] INFO  volume.OMVolumeCreateRequest (OMVolumeCreateRequest.java:validateAndUpdateCache(195)) - created volume:vol-69281 for user:runner
2023-02-22 04:47:20,658 [OM StateMachine ApplyTransaction Thread - 0] INFO  volume.OMVolumeCreateRequest (OMVolumeCreateRequest.java:validateAndUpdateCache(195)) - created volume:vol-69281 for user:runner
2023-02-22 04:47:20,658 [OM StateMachine ApplyTransaction Thread - 0] INFO  volume.OMVolumeCreateRequest (OMVolumeCreateRequest.java:validateAndUpdateCache(195)) - created volume:vol-69281 for user:runner
2023-02-22 04:47:20,659 [Time-limited test] INFO  rpc.RpcClient (RpcClient.java:createBucket(698)) - Creating Bucket: vol-69281/buc-94035, with server-side default bucket layout, runner as owner, Versioning false, Storage Type set to DISK and Encryption set to false, Replication Type set to server-side default replication type, Namespace Quota set to -1, Space Quota set to -1 
2023-02-22 04:47:20,661 [OM StateMachine ApplyTransaction Thread - 0] INFO  bucket.OMBucketCreateRequest (OMBucketCreateRequest.java:validateAndUpdateCache(263)) - created bucket: buc-94035 of layout LEGACY in volume: vol-69281
2023-02-22 04:47:20,662 [OM StateMachine ApplyTransaction Thread - 0] INFO  bucket.OMBucketCreateRequest (OMBucketCreateRequest.java:validateAndUpdateCache(263)) - created bucket: buc-94035 of layout LEGACY in volume: vol-69281
2023-02-22 04:47:20,663 [OM StateMachine ApplyTransaction Thread - 0] INFO  bucket.OMBucketCreateRequest (OMBucketCreateRequest.java:validateAndUpdateCache(263)) - created bucket: buc-94035 of layout LEGACY in volume: vol-69281
2023-02-22 04:47:20,667 [OM StateMachine ApplyTransaction Thread - 0] INFO  snapshot.OMSnapshotCreateRequest (OMSnapshotCreateRequest.java:validateAndUpdateCache(180)) - Created snapshot 'c630644c-1d9a-4f8a-989c-aa86b8b0af1c' under path 'vol-69281/buc-94035'
2023-02-22 04:47:20,668 [OM StateMachine ApplyTransaction Thread - 0] INFO  snapshot.OMSnapshotCreateRequest (OMSnapshotCreateRequest.java:validateAndUpdateCache(180)) - Created snapshot 'c630644c-1d9a-4f8a-989c-aa86b8b0af1c' under path 'vol-69281/buc-94035'
2023-02-22 04:47:20,668 [OM StateMachine ApplyTransaction Thread - 0] INFO  snapshot.OMSnapshotCreateRequest (OMSnapshotCreateRequest.java:validateAndUpdateCache(180)) - Created snapshot 'c630644c-1d9a-4f8a-989c-aa86b8b0af1c' under path 'vol-69281/buc-94035'
2023-02-22 04:47:20,692 [OMDoubleBufferFlushThread] INFO  db.RDBCheckpointManager (RDBCheckpointManager.java:createCheckpoint(96)) - Created checkpoint in rocksDB at /home/runner/work/ozone/ozone/hadoop-ozone/integration-test/target/test-dir/MiniOzoneClusterImpl-7cc88fad-c9bf-4c80-b076-d2cf48673a1e/omNode-1/db.snapshots/om.db-37b8948b-69fb-470e-bb9f-ad114b1c891f in 24 milliseconds
2023-02-22 04:47:20,692 [OMDoubleBufferFlushThread] INFO  db.RDBCheckpointManager (RDBCheckpointManager.java:createCheckpoint(96)) - Created checkpoint in rocksDB at /home/runner/work/ozone/ozone/hadoop-ozone/integration-test/target/test-dir/MiniOzoneClusterImpl-7cc88fad-c9bf-4c80-b076-d2cf48673a1e/omNode-3/db.snapshots/om.db-37b8948b-69fb-470e-bb9f-ad114b1c891f in 23 milliseconds
2023-02-22 04:47:20,697 [OMDoubleBufferFlushThread] INFO  db.RDBCheckpointManager (RDBCheckpointManager.java:waitForCheckpointDirectoryExist(125)) - Waited for 5 milliseconds for checkpoint directory /home/runner/work/ozone/ozone/hadoop-ozone/integration-test/target/test-dir/MiniOzoneClusterImpl-7cc88fad-c9bf-4c80-b076-d2cf48673a1e/omNode-1/db.snapshots/om.db-37b8948b-69fb-470e-bb9f-ad114b1c891f availability.
2023-02-22 04:47:20,697 [OMDoubleBufferFlushThread] INFO  om.OmSnapshotManager (OmSnapshotManager.java:createOmSnapshotCheckpoint(163)) - Created checkpoint : /home/runner/work/ozone/ozone/hadoop-ozone/integration-test/target/test-dir/MiniOzoneClusterImpl-7cc88fad-c9bf-4c80-b076-d2cf48673a1e/omNode-1/db.snapshots/om.db-37b8948b-69fb-470e-bb9f-ad114b1c891f for snapshot c630644c-1d9a-4f8a-989c-aa86b8b0af1c
2023-02-22 04:47:20,700 [OMDoubleBufferFlushThread] INFO  db.RDBCheckpointManager (RDBCheckpointManager.java:waitForCheckpointDirectoryExist(125)) - Waited for 8 milliseconds for checkpoint directory /home/runner/work/ozone/ozone/hadoop-ozone/integration-test/target/test-dir/MiniOzoneClusterImpl-7cc88fad-c9bf-4c80-b076-d2cf48673a1e/omNode-3/db.snapshots/om.db-37b8948b-69fb-470e-bb9f-ad114b1c891f availability.
2023-02-22 04:47:20,700 [OMDoubleBufferFlushThread] INFO  om.OmSnapshotManager (OmSnapshotManager.java:createOmSnapshotCheckpoint(163)) - Created checkpoint : /home/runner/work/ozone/ozone/hadoop-ozone/integration-test/target/test-dir/MiniOzoneClusterImpl-7cc88fad-c9bf-4c80-b076-d2cf48673a1e/omNode-3/db.snapshots/om.db-37b8948b-69fb-470e-bb9f-ad114b1c891f for snapshot c630644c-1d9a-4f8a-989c-aa86b8b0af1c
2023-02-22 04:47:20,701 [OMDoubleBufferFlushThread] INFO  db.RDBCheckpointManager (RDBCheckpointManager.java:createCheckpoint(96)) - Created checkpoint in rocksDB at /home/runner/work/ozone/ozone/hadoop-ozone/integration-test/target/test-dir/MiniOzoneClusterImpl-7cc88fad-c9bf-4c80-b076-d2cf48673a1e/omNode-2/db.snapshots/om.db-37b8948b-69fb-470e-bb9f-ad114b1c891f in 32 milliseconds
2023-02-22 04:47:20,702 [OMDoubleBufferFlushThread] INFO  db.RDBCheckpointManager (RDBCheckpointManager.java:waitForCheckpointDirectoryExist(125)) - Waited for 0 milliseconds for checkpoint directory /home/runner/work/ozone/ozone/hadoop-ozone/integration-test/target/test-dir/MiniOzoneClusterImpl-7cc88fad-c9bf-4c80-b076-d2cf48673a1e/omNode-2/db.snapshots/om.db-37b8948b-69fb-470e-bb9f-ad114b1c891f availability.
2023-02-22 04:47:20,702 [OMDoubleBufferFlushThread] INFO  om.OmSnapshotManager (OmSnapshotManager.java:createOmSnapshotCheckpoint(163)) - Created checkpoint : /home/runner/work/ozone/ozone/hadoop-ozone/integration-test/target/test-dir/MiniOzoneClusterImpl-7cc88fad-c9bf-4c80-b076-d2cf48673a1e/omNode-2/db.snapshots/om.db-37b8948b-69fb-470e-bb9f-ad114b1c891f for snapshot c630644c-1d9a-4f8a-989c-aa86b8b0af1c
2023-02-22 04:47:21,670 [IPC Server handler 4 on default port 46571] WARN  server.ServerUtils (ServerUtils.java:getDBPath(225)) - ozone.om.db.dirs is not configured. We recommend adding this setting. Falling back to ozone.metadata.dirs instead.
2023-02-22 04:47:21,671 [IPC Server handler 4 on default port 46571] INFO  codec.OmKeyInfoCodec (OmKeyInfoCodec.java:<init>(49)) - OmKeyInfoCodec ignorePipeline = true
2023-02-22 04:47:21,671 [IPC Server handler 4 on default port 46571] INFO  codec.RepeatedOmKeyInfoCodec (RepeatedOmKeyInfoCodec.java:<init>(41)) - RepeatedOmKeyInfoCodec ignorePipeline = true
]]></system-out>
  </testcase>
  <testcase name="checkKey" classname="TestOmSnapshot" time="1.296">
    <system-out><![CDATA[2023-02-22 04:45:32,935 [OM StateMachine ApplyTransaction Thread - 0] INFO  snapshot.OMSnapshotCreateRequest (OMSnapshotCreateRequest.java:validateAndUpdateCache(180)) - Created snapshot 'b771016f-ef47-4b28-9012-0fc3b24bf11b' under path 'volume88483/bucket25994'
2023-02-22 04:45:32,935 [OM StateMachine ApplyTransaction Thread - 0] INFO  snapshot.OMSnapshotCreateRequest (OMSnapshotCreateRequest.java:validateAndUpdateCache(180)) - Created snapshot 'b771016f-ef47-4b28-9012-0fc3b24bf11b' under path 'volume88483/bucket25994'
2023-02-22 04:45:32,936 [OM StateMachine ApplyTransaction Thread - 0] INFO  snapshot.OMSnapshotCreateRequest (OMSnapshotCreateRequest.java:validateAndUpdateCache(180)) - Created snapshot 'b771016f-ef47-4b28-9012-0fc3b24bf11b' under path 'volume88483/bucket25994'
2023-02-22 04:45:32,957 [OMDoubleBufferFlushThread] INFO  db.RDBCheckpointManager (RDBCheckpointManager.java:createCheckpoint(96)) - Created checkpoint in rocksDB at /home/runner/work/ozone/ozone/hadoop-ozone/integration-test/target/test-dir/MiniOzoneClusterImpl-23364813-765e-4689-b759-17f9bf3914d5/omNode-2/db.snapshots/om.db-43705adb-3343-456a-9038-1bf0fafbf533 in 21 milliseconds
2023-02-22 04:45:32,959 [OMDoubleBufferFlushThread] INFO  db.RDBCheckpointManager (RDBCheckpointManager.java:waitForCheckpointDirectoryExist(125)) - Waited for 2 milliseconds for checkpoint directory /home/runner/work/ozone/ozone/hadoop-ozone/integration-test/target/test-dir/MiniOzoneClusterImpl-23364813-765e-4689-b759-17f9bf3914d5/omNode-2/db.snapshots/om.db-43705adb-3343-456a-9038-1bf0fafbf533 availability.
2023-02-22 04:45:32,959 [OMDoubleBufferFlushThread] INFO  om.OmSnapshotManager (OmSnapshotManager.java:createOmSnapshotCheckpoint(163)) - Created checkpoint : /home/runner/work/ozone/ozone/hadoop-ozone/integration-test/target/test-dir/MiniOzoneClusterImpl-23364813-765e-4689-b759-17f9bf3914d5/omNode-2/db.snapshots/om.db-43705adb-3343-456a-9038-1bf0fafbf533 for snapshot b771016f-ef47-4b28-9012-0fc3b24bf11b
2023-02-22 04:45:32,964 [OMDoubleBufferFlushThread] INFO  db.RDBCheckpointManager (RDBCheckpointManager.java:createCheckpoint(96)) - Created checkpoint in rocksDB at /home/runner/work/ozone/ozone/hadoop-ozone/integration-test/target/test-dir/MiniOzoneClusterImpl-23364813-765e-4689-b759-17f9bf3914d5/omNode-1/db.snapshots/om.db-43705adb-3343-456a-9038-1bf0fafbf533 in 28 milliseconds
2023-02-22 04:45:32,965 [OMDoubleBufferFlushThread] INFO  db.RDBCheckpointManager (RDBCheckpointManager.java:waitForCheckpointDirectoryExist(125)) - Waited for 0 milliseconds for checkpoint directory /home/runner/work/ozone/ozone/hadoop-ozone/integration-test/target/test-dir/MiniOzoneClusterImpl-23364813-765e-4689-b759-17f9bf3914d5/omNode-1/db.snapshots/om.db-43705adb-3343-456a-9038-1bf0fafbf533 availability.
2023-02-22 04:45:32,965 [OMDoubleBufferFlushThread] INFO  om.OmSnapshotManager (OmSnapshotManager.java:createOmSnapshotCheckpoint(163)) - Created checkpoint : /home/runner/work/ozone/ozone/hadoop-ozone/integration-test/target/test-dir/MiniOzoneClusterImpl-23364813-765e-4689-b759-17f9bf3914d5/omNode-1/db.snapshots/om.db-43705adb-3343-456a-9038-1bf0fafbf533 for snapshot b771016f-ef47-4b28-9012-0fc3b24bf11b
2023-02-22 04:45:32,966 [OMDoubleBufferFlushThread] INFO  db.RDBCheckpointManager (RDBCheckpointManager.java:createCheckpoint(96)) - Created checkpoint in rocksDB at /home/runner/work/ozone/ozone/hadoop-ozone/integration-test/target/test-dir/MiniOzoneClusterImpl-23364813-765e-4689-b759-17f9bf3914d5/omNode-3/db.snapshots/om.db-43705adb-3343-456a-9038-1bf0fafbf533 in 28 milliseconds
2023-02-22 04:45:32,967 [OMDoubleBufferFlushThread] INFO  db.RDBCheckpointManager (RDBCheckpointManager.java:waitForCheckpointDirectoryExist(125)) - Waited for 1 milliseconds for checkpoint directory /home/runner/work/ozone/ozone/hadoop-ozone/integration-test/target/test-dir/MiniOzoneClusterImpl-23364813-765e-4689-b759-17f9bf3914d5/omNode-3/db.snapshots/om.db-43705adb-3343-456a-9038-1bf0fafbf533 availability.
2023-02-22 04:45:32,967 [OMDoubleBufferFlushThread] INFO  om.OmSnapshotManager (OmSnapshotManager.java:createOmSnapshotCheckpoint(163)) - Created checkpoint : /home/runner/work/ozone/ozone/hadoop-ozone/integration-test/target/test-dir/MiniOzoneClusterImpl-23364813-765e-4689-b759-17f9bf3914d5/omNode-3/db.snapshots/om.db-43705adb-3343-456a-9038-1bf0fafbf533 for snapshot b771016f-ef47-4b28-9012-0fc3b24bf11b
04:45:33.942 [OM StateMachine ApplyTransaction Thread - 0] ERROR OMAudit - user=runner | ip=127.0.0.1 | op=DELETE_KEY {volume=volume88483, bucket=bucket25994, key=dir1, dataSize=0, replicationType=NONE, replicationFactor=ZERO} | ret=FAILURE
org.apache.hadoop.ozone.om.exceptions.OMException: Key not found
	at org.apache.hadoop.ozone.om.request.key.OMKeyDeleteRequest.validateAndUpdateCache(OMKeyDeleteRequest.java:152) ~[ozone-manager-1.4.0-SNAPSHOT.jar:?]
	at org.apache.hadoop.ozone.om.request.key.OMKeyDeleteRequest.validateAndUpdateCache(OMKeyDeleteRequest.java:98) ~[ozone-manager-1.4.0-SNAPSHOT.jar:?]
	at org.apache.hadoop.ozone.protocolPB.OzoneManagerRequestHandler.handleWriteRequest(OzoneManagerRequestHandler.java:337) ~[ozone-manager-1.4.0-SNAPSHOT.jar:?]
	at org.apache.hadoop.ozone.om.ratis.OzoneManagerStateMachine.runCommand(OzoneManagerStateMachine.java:533) ~[ozone-manager-1.4.0-SNAPSHOT.jar:?]
	at org.apache.hadoop.ozone.om.ratis.OzoneManagerStateMachine.lambda$1(OzoneManagerStateMachine.java:324) ~[ozone-manager-1.4.0-SNAPSHOT.jar:?]
	at java.util.concurrent.CompletableFuture$AsyncSupply.run(CompletableFuture.java:1604) [?:1.8.0_362]
	at java.util.concurrent.ThreadPoolExecutor.runWorker(ThreadPoolExecutor.java:1149) [?:1.8.0_362]
	at java.util.concurrent.ThreadPoolExecutor$Worker.run(ThreadPoolExecutor.java:624) [?:1.8.0_362]
	at java.lang.Thread.run(Thread.java:750) [?:1.8.0_362]
2023-02-22 04:45:33,942 [OM StateMachine ApplyTransaction Thread - 0] ERROR key.OMKeyDeleteRequest (OMKeyDeleteRequest.java:validateAndUpdateCache(208)) - Key delete failed. Volume:volume88483, Bucket:bucket25994, Key:dir1.
KEY_NOT_FOUND org.apache.hadoop.ozone.om.exceptions.OMException: Key not found
	at org.apache.hadoop.ozone.om.request.key.OMKeyDeleteRequest.validateAndUpdateCache(OMKeyDeleteRequest.java:152)
	at org.apache.hadoop.ozone.om.request.key.OMKeyDeleteRequest.validateAndUpdateCache(OMKeyDeleteRequest.java:98)
	at org.apache.hadoop.ozone.protocolPB.OzoneManagerRequestHandler.handleWriteRequest(OzoneManagerRequestHandler.java:337)
	at org.apache.hadoop.ozone.om.ratis.OzoneManagerStateMachine.runCommand(OzoneManagerStateMachine.java:533)
	at org.apache.hadoop.ozone.om.ratis.OzoneManagerStateMachine.lambda$1(OzoneManagerStateMachine.java:324)
	at java.util.concurrent.CompletableFuture$AsyncSupply.run(CompletableFuture.java:1604)
	at java.util.concurrent.ThreadPoolExecutor.runWorker(ThreadPoolExecutor.java:1149)
	at java.util.concurrent.ThreadPoolExecutor$Worker.run(ThreadPoolExecutor.java:624)
	at java.lang.Thread.run(Thread.java:750)
2023-02-22 04:45:33,949 [IPC Server handler 17 on default port 36219] WARN  server.ServerUtils (ServerUtils.java:getDBPath(225)) - ozone.om.db.dirs is not configured. We recommend adding this setting. Falling back to ozone.metadata.dirs instead.
2023-02-22 04:45:33,950 [IPC Server handler 17 on default port 36219] INFO  codec.OmKeyInfoCodec (OmKeyInfoCodec.java:<init>(49)) - OmKeyInfoCodec ignorePipeline = true
2023-02-22 04:45:33,950 [IPC Server handler 17 on default port 36219] INFO  codec.RepeatedOmKeyInfoCodec (RepeatedOmKeyInfoCodec.java:<init>(41)) - RepeatedOmKeyInfoCodec ignorePipeline = true
04:45:33.951 [OM StateMachine ApplyTransaction Thread - 0] ERROR OMAudit - user=runner | ip=127.0.0.1 | op=DELETE_KEY {volume=volume88483, bucket=bucket25994, key=dir1, dataSize=0, replicationType=NONE, replicationFactor=ZERO} | ret=FAILURE
org.apache.hadoop.ozone.om.exceptions.OMException: Key not found
	at org.apache.hadoop.ozone.om.request.key.OMKeyDeleteRequest.validateAndUpdateCache(OMKeyDeleteRequest.java:152) ~[ozone-manager-1.4.0-SNAPSHOT.jar:?]
	at org.apache.hadoop.ozone.om.request.key.OMKeyDeleteRequest.validateAndUpdateCache(OMKeyDeleteRequest.java:98) ~[ozone-manager-1.4.0-SNAPSHOT.jar:?]
	at org.apache.hadoop.ozone.protocolPB.OzoneManagerRequestHandler.handleWriteRequest(OzoneManagerRequestHandler.java:337) ~[ozone-manager-1.4.0-SNAPSHOT.jar:?]
	at org.apache.hadoop.ozone.om.ratis.OzoneManagerStateMachine.runCommand(OzoneManagerStateMachine.java:533) ~[ozone-manager-1.4.0-SNAPSHOT.jar:?]
	at org.apache.hadoop.ozone.om.ratis.OzoneManagerStateMachine.lambda$1(OzoneManagerStateMachine.java:324) ~[ozone-manager-1.4.0-SNAPSHOT.jar:?]
	at java.util.concurrent.CompletableFuture$AsyncSupply.run(CompletableFuture.java:1604) [?:1.8.0_362]
	at java.util.concurrent.ThreadPoolExecutor.runWorker(ThreadPoolExecutor.java:1149) [?:1.8.0_362]
	at java.util.concurrent.ThreadPoolExecutor$Worker.run(ThreadPoolExecutor.java:624) [?:1.8.0_362]
	at java.lang.Thread.run(Thread.java:750) [?:1.8.0_362]
2023-02-22 04:45:33,951 [OM StateMachine ApplyTransaction Thread - 0] ERROR key.OMKeyDeleteRequest (OMKeyDeleteRequest.java:validateAndUpdateCache(208)) - Key delete failed. Volume:volume88483, Bucket:bucket25994, Key:dir1.
KEY_NOT_FOUND org.apache.hadoop.ozone.om.exceptions.OMException: Key not found
	at org.apache.hadoop.ozone.om.request.key.OMKeyDeleteRequest.validateAndUpdateCache(OMKeyDeleteRequest.java:152)
	at org.apache.hadoop.ozone.om.request.key.OMKeyDeleteRequest.validateAndUpdateCache(OMKeyDeleteRequest.java:98)
	at org.apache.hadoop.ozone.protocolPB.OzoneManagerRequestHandler.handleWriteRequest(OzoneManagerRequestHandler.java:337)
	at org.apache.hadoop.ozone.om.ratis.OzoneManagerStateMachine.runCommand(OzoneManagerStateMachine.java:533)
	at org.apache.hadoop.ozone.om.ratis.OzoneManagerStateMachine.lambda$1(OzoneManagerStateMachine.java:324)
	at java.util.concurrent.CompletableFuture$AsyncSupply.run(CompletableFuture.java:1604)
	at java.util.concurrent.ThreadPoolExecutor.runWorker(ThreadPoolExecutor.java:1149)
	at java.util.concurrent.ThreadPoolExecutor$Worker.run(ThreadPoolExecutor.java:624)
	at java.lang.Thread.run(Thread.java:750)
04:45:33.951 [OM StateMachine ApplyTransaction Thread - 0] ERROR OMAudit - user=runner | ip=127.0.0.1 | op=DELETE_KEY {volume=volume88483, bucket=bucket25994, key=dir1, dataSize=0, replicationType=NONE, replicationFactor=ZERO} | ret=FAILURE
org.apache.hadoop.ozone.om.exceptions.OMException: Key not found
	at org.apache.hadoop.ozone.om.request.key.OMKeyDeleteRequest.validateAndUpdateCache(OMKeyDeleteRequest.java:152) ~[ozone-manager-1.4.0-SNAPSHOT.jar:?]
	at org.apache.hadoop.ozone.om.request.key.OMKeyDeleteRequest.validateAndUpdateCache(OMKeyDeleteRequest.java:98) ~[ozone-manager-1.4.0-SNAPSHOT.jar:?]
	at org.apache.hadoop.ozone.protocolPB.OzoneManagerRequestHandler.handleWriteRequest(OzoneManagerRequestHandler.java:337) ~[ozone-manager-1.4.0-SNAPSHOT.jar:?]
	at org.apache.hadoop.ozone.om.ratis.OzoneManagerStateMachine.runCommand(OzoneManagerStateMachine.java:533) ~[ozone-manager-1.4.0-SNAPSHOT.jar:?]
	at org.apache.hadoop.ozone.om.ratis.OzoneManagerStateMachine.lambda$1(OzoneManagerStateMachine.java:324) ~[ozone-manager-1.4.0-SNAPSHOT.jar:?]
	at java.util.concurrent.CompletableFuture$AsyncSupply.run(CompletableFuture.java:1604) [?:1.8.0_362]
	at java.util.concurrent.ThreadPoolExecutor.runWorker(ThreadPoolExecutor.java:1149) [?:1.8.0_362]
	at java.util.concurrent.ThreadPoolExecutor$Worker.run(ThreadPoolExecutor.java:624) [?:1.8.0_362]
	at java.lang.Thread.run(Thread.java:750) [?:1.8.0_362]
2023-02-22 04:45:33,951 [OM StateMachine ApplyTransaction Thread - 0] ERROR key.OMKeyDeleteRequest (OMKeyDeleteRequest.java:validateAndUpdateCache(208)) - Key delete failed. Volume:volume88483, Bucket:bucket25994, Key:dir1.
KEY_NOT_FOUND org.apache.hadoop.ozone.om.exceptions.OMException: Key not found
	at org.apache.hadoop.ozone.om.request.key.OMKeyDeleteRequest.validateAndUpdateCache(OMKeyDeleteRequest.java:152)
	at org.apache.hadoop.ozone.om.request.key.OMKeyDeleteRequest.validateAndUpdateCache(OMKeyDeleteRequest.java:98)
	at org.apache.hadoop.ozone.protocolPB.OzoneManagerRequestHandler.handleWriteRequest(OzoneManagerRequestHandler.java:337)
	at org.apache.hadoop.ozone.om.ratis.OzoneManagerStateMachine.runCommand(OzoneManagerStateMachine.java:533)
	at org.apache.hadoop.ozone.om.ratis.OzoneManagerStateMachine.lambda$1(OzoneManagerStateMachine.java:324)
	at java.util.concurrent.CompletableFuture$AsyncSupply.run(CompletableFuture.java:1604)
	at java.util.concurrent.ThreadPoolExecutor.runWorker(ThreadPoolExecutor.java:1149)
	at java.util.concurrent.ThreadPoolExecutor$Worker.run(ThreadPoolExecutor.java:624)
	at java.lang.Thread.run(Thread.java:750)
]]></system-out>
  </testcase>
  <testcase name="checkKey" classname="TestOmSnapshot" time="1.117">
    <system-out><![CDATA[2023-02-22 04:46:32,437 [OM StateMachine ApplyTransaction Thread - 0] INFO  snapshot.OMSnapshotCreateRequest (OMSnapshotCreateRequest.java:validateAndUpdateCache(180)) - Created snapshot 'b0dbd252-54a9-4107-8e4e-3012e1800e1f' under path 'volume77710/bucket66690'
2023-02-22 04:46:32,439 [OM StateMachine ApplyTransaction Thread - 0] INFO  snapshot.OMSnapshotCreateRequest (OMSnapshotCreateRequest.java:validateAndUpdateCache(180)) - Created snapshot 'b0dbd252-54a9-4107-8e4e-3012e1800e1f' under path 'volume77710/bucket66690'
2023-02-22 04:46:32,439 [OM StateMachine ApplyTransaction Thread - 0] INFO  snapshot.OMSnapshotCreateRequest (OMSnapshotCreateRequest.java:validateAndUpdateCache(180)) - Created snapshot 'b0dbd252-54a9-4107-8e4e-3012e1800e1f' under path 'volume77710/bucket66690'
2023-02-22 04:46:32,465 [OMDoubleBufferFlushThread] INFO  db.RDBCheckpointManager (RDBCheckpointManager.java:createCheckpoint(96)) - Created checkpoint in rocksDB at /home/runner/work/ozone/ozone/hadoop-ozone/integration-test/target/test-dir/MiniOzoneClusterImpl-d1b59b44-2044-4343-9d69-28cc870eb01e/omNode-1/db.snapshots/om.db-72e6130e-ee93-4638-8a60-cfd60848f423 in 26 milliseconds
2023-02-22 04:46:32,466 [OMDoubleBufferFlushThread] INFO  db.RDBCheckpointManager (RDBCheckpointManager.java:createCheckpoint(96)) - Created checkpoint in rocksDB at /home/runner/work/ozone/ozone/hadoop-ozone/integration-test/target/test-dir/MiniOzoneClusterImpl-d1b59b44-2044-4343-9d69-28cc870eb01e/omNode-3/db.snapshots/om.db-72e6130e-ee93-4638-8a60-cfd60848f423 in 25 milliseconds
2023-02-22 04:46:32,465 [OMDoubleBufferFlushThread] INFO  db.RDBCheckpointManager (RDBCheckpointManager.java:createCheckpoint(96)) - Created checkpoint in rocksDB at /home/runner/work/ozone/ozone/hadoop-ozone/integration-test/target/test-dir/MiniOzoneClusterImpl-d1b59b44-2044-4343-9d69-28cc870eb01e/omNode-2/db.snapshots/om.db-72e6130e-ee93-4638-8a60-cfd60848f423 in 23 milliseconds
2023-02-22 04:46:32,466 [OMDoubleBufferFlushThread] INFO  db.RDBCheckpointManager (RDBCheckpointManager.java:waitForCheckpointDirectoryExist(125)) - Waited for 0 milliseconds for checkpoint directory /home/runner/work/ozone/ozone/hadoop-ozone/integration-test/target/test-dir/MiniOzoneClusterImpl-d1b59b44-2044-4343-9d69-28cc870eb01e/omNode-3/db.snapshots/om.db-72e6130e-ee93-4638-8a60-cfd60848f423 availability.
2023-02-22 04:46:32,466 [OMDoubleBufferFlushThread] INFO  om.OmSnapshotManager (OmSnapshotManager.java:createOmSnapshotCheckpoint(163)) - Created checkpoint : /home/runner/work/ozone/ozone/hadoop-ozone/integration-test/target/test-dir/MiniOzoneClusterImpl-d1b59b44-2044-4343-9d69-28cc870eb01e/omNode-3/db.snapshots/om.db-72e6130e-ee93-4638-8a60-cfd60848f423 for snapshot b0dbd252-54a9-4107-8e4e-3012e1800e1f
2023-02-22 04:46:32,467 [OMDoubleBufferFlushThread] INFO  db.RDBCheckpointManager (RDBCheckpointManager.java:waitForCheckpointDirectoryExist(125)) - Waited for 1 milliseconds for checkpoint directory /home/runner/work/ozone/ozone/hadoop-ozone/integration-test/target/test-dir/MiniOzoneClusterImpl-d1b59b44-2044-4343-9d69-28cc870eb01e/omNode-2/db.snapshots/om.db-72e6130e-ee93-4638-8a60-cfd60848f423 availability.
2023-02-22 04:46:32,467 [OMDoubleBufferFlushThread] INFO  om.OmSnapshotManager (OmSnapshotManager.java:createOmSnapshotCheckpoint(163)) - Created checkpoint : /home/runner/work/ozone/ozone/hadoop-ozone/integration-test/target/test-dir/MiniOzoneClusterImpl-d1b59b44-2044-4343-9d69-28cc870eb01e/omNode-2/db.snapshots/om.db-72e6130e-ee93-4638-8a60-cfd60848f423 for snapshot b0dbd252-54a9-4107-8e4e-3012e1800e1f
2023-02-22 04:46:32,468 [OMDoubleBufferFlushThread] INFO  db.RDBCheckpointManager (RDBCheckpointManager.java:waitForCheckpointDirectoryExist(125)) - Waited for 2 milliseconds for checkpoint directory /home/runner/work/ozone/ozone/hadoop-ozone/integration-test/target/test-dir/MiniOzoneClusterImpl-d1b59b44-2044-4343-9d69-28cc870eb01e/omNode-1/db.snapshots/om.db-72e6130e-ee93-4638-8a60-cfd60848f423 availability.
2023-02-22 04:46:32,468 [OMDoubleBufferFlushThread] INFO  om.OmSnapshotManager (OmSnapshotManager.java:createOmSnapshotCheckpoint(163)) - Created checkpoint : /home/runner/work/ozone/ozone/hadoop-ozone/integration-test/target/test-dir/MiniOzoneClusterImpl-d1b59b44-2044-4343-9d69-28cc870eb01e/omNode-1/db.snapshots/om.db-72e6130e-ee93-4638-8a60-cfd60848f423 for snapshot b0dbd252-54a9-4107-8e4e-3012e1800e1f
2023-02-22 04:46:33,447 [IPC Server handler 18 on default port 40949] WARN  server.ServerUtils (ServerUtils.java:getDBPath(225)) - ozone.om.db.dirs is not configured. We recommend adding this setting. Falling back to ozone.metadata.dirs instead.
2023-02-22 04:46:33,448 [IPC Server handler 18 on default port 40949] INFO  codec.OmKeyInfoCodec (OmKeyInfoCodec.java:<init>(49)) - OmKeyInfoCodec ignorePipeline = true
2023-02-22 04:46:33,448 [IPC Server handler 18 on default port 40949] INFO  codec.RepeatedOmKeyInfoCodec (RepeatedOmKeyInfoCodec.java:<init>(41)) - RepeatedOmKeyInfoCodec ignorePipeline = true
]]></system-out>
  </testcase>
  <testcase name="checkKey" classname="TestOmSnapshot" time="1.099">
    <system-out><![CDATA[2023-02-22 04:47:21,753 [OM StateMachine ApplyTransaction Thread - 0] INFO  snapshot.OMSnapshotCreateRequest (OMSnapshotCreateRequest.java:validateAndUpdateCache(180)) - Created snapshot '7c371259-d9e4-4af5-a97d-174a2305b4d9' under path 'volume63640/bucket13845'
2023-02-22 04:47:21,757 [OM StateMachine ApplyTransaction Thread - 0] INFO  snapshot.OMSnapshotCreateRequest (OMSnapshotCreateRequest.java:validateAndUpdateCache(180)) - Created snapshot '7c371259-d9e4-4af5-a97d-174a2305b4d9' under path 'volume63640/bucket13845'
2023-02-22 04:47:21,758 [OM StateMachine ApplyTransaction Thread - 0] INFO  snapshot.OMSnapshotCreateRequest (OMSnapshotCreateRequest.java:validateAndUpdateCache(180)) - Created snapshot '7c371259-d9e4-4af5-a97d-174a2305b4d9' under path 'volume63640/bucket13845'
2023-02-22 04:47:21,778 [OMDoubleBufferFlushThread] INFO  db.RDBCheckpointManager (RDBCheckpointManager.java:createCheckpoint(96)) - Created checkpoint in rocksDB at /home/runner/work/ozone/ozone/hadoop-ozone/integration-test/target/test-dir/MiniOzoneClusterImpl-7cc88fad-c9bf-4c80-b076-d2cf48673a1e/omNode-2/db.snapshots/om.db-39729251-65b9-46e1-a21e-6352714e9b11 in 20 milliseconds
2023-02-22 04:47:21,783 [OMDoubleBufferFlushThread] INFO  db.RDBCheckpointManager (RDBCheckpointManager.java:waitForCheckpointDirectoryExist(125)) - Waited for 5 milliseconds for checkpoint directory /home/runner/work/ozone/ozone/hadoop-ozone/integration-test/target/test-dir/MiniOzoneClusterImpl-7cc88fad-c9bf-4c80-b076-d2cf48673a1e/omNode-2/db.snapshots/om.db-39729251-65b9-46e1-a21e-6352714e9b11 availability.
2023-02-22 04:47:21,784 [OMDoubleBufferFlushThread] INFO  om.OmSnapshotManager (OmSnapshotManager.java:createOmSnapshotCheckpoint(163)) - Created checkpoint : /home/runner/work/ozone/ozone/hadoop-ozone/integration-test/target/test-dir/MiniOzoneClusterImpl-7cc88fad-c9bf-4c80-b076-d2cf48673a1e/omNode-2/db.snapshots/om.db-39729251-65b9-46e1-a21e-6352714e9b11 for snapshot 7c371259-d9e4-4af5-a97d-174a2305b4d9
2023-02-22 04:47:21,785 [OMDoubleBufferFlushThread] INFO  db.RDBCheckpointManager (RDBCheckpointManager.java:createCheckpoint(96)) - Created checkpoint in rocksDB at /home/runner/work/ozone/ozone/hadoop-ozone/integration-test/target/test-dir/MiniOzoneClusterImpl-7cc88fad-c9bf-4c80-b076-d2cf48673a1e/omNode-1/db.snapshots/om.db-39729251-65b9-46e1-a21e-6352714e9b11 in 27 milliseconds
2023-02-22 04:47:21,788 [OMDoubleBufferFlushThread] INFO  db.RDBCheckpointManager (RDBCheckpointManager.java:waitForCheckpointDirectoryExist(125)) - Waited for 2 milliseconds for checkpoint directory /home/runner/work/ozone/ozone/hadoop-ozone/integration-test/target/test-dir/MiniOzoneClusterImpl-7cc88fad-c9bf-4c80-b076-d2cf48673a1e/omNode-1/db.snapshots/om.db-39729251-65b9-46e1-a21e-6352714e9b11 availability.
2023-02-22 04:47:21,788 [OMDoubleBufferFlushThread] INFO  om.OmSnapshotManager (OmSnapshotManager.java:createOmSnapshotCheckpoint(163)) - Created checkpoint : /home/runner/work/ozone/ozone/hadoop-ozone/integration-test/target/test-dir/MiniOzoneClusterImpl-7cc88fad-c9bf-4c80-b076-d2cf48673a1e/omNode-1/db.snapshots/om.db-39729251-65b9-46e1-a21e-6352714e9b11 for snapshot 7c371259-d9e4-4af5-a97d-174a2305b4d9
2023-02-22 04:47:21,790 [OMDoubleBufferFlushThread] INFO  db.RDBCheckpointManager (RDBCheckpointManager.java:createCheckpoint(96)) - Created checkpoint in rocksDB at /home/runner/work/ozone/ozone/hadoop-ozone/integration-test/target/test-dir/MiniOzoneClusterImpl-7cc88fad-c9bf-4c80-b076-d2cf48673a1e/omNode-3/db.snapshots/om.db-39729251-65b9-46e1-a21e-6352714e9b11 in 30 milliseconds
2023-02-22 04:47:21,790 [OMDoubleBufferFlushThread] INFO  db.RDBCheckpointManager (RDBCheckpointManager.java:waitForCheckpointDirectoryExist(125)) - Waited for 0 milliseconds for checkpoint directory /home/runner/work/ozone/ozone/hadoop-ozone/integration-test/target/test-dir/MiniOzoneClusterImpl-7cc88fad-c9bf-4c80-b076-d2cf48673a1e/omNode-3/db.snapshots/om.db-39729251-65b9-46e1-a21e-6352714e9b11 availability.
2023-02-22 04:47:21,790 [OMDoubleBufferFlushThread] INFO  om.OmSnapshotManager (OmSnapshotManager.java:createOmSnapshotCheckpoint(163)) - Created checkpoint : /home/runner/work/ozone/ozone/hadoop-ozone/integration-test/target/test-dir/MiniOzoneClusterImpl-7cc88fad-c9bf-4c80-b076-d2cf48673a1e/omNode-3/db.snapshots/om.db-39729251-65b9-46e1-a21e-6352714e9b11 for snapshot 7c371259-d9e4-4af5-a97d-174a2305b4d9
04:47:22.761 [OM StateMachine ApplyTransaction Thread - 0] ERROR OMAudit - user=runner | ip=127.0.0.1 | op=DELETE_KEY {volume=volume63640, bucket=bucket13845, key=dir1, dataSize=0, replicationType=NONE, replicationFactor=ZERO} | ret=FAILURE
org.apache.hadoop.ozone.om.exceptions.OMException: Key not found
	at org.apache.hadoop.ozone.om.request.key.OMKeyDeleteRequest.validateAndUpdateCache(OMKeyDeleteRequest.java:152) ~[ozone-manager-1.4.0-SNAPSHOT.jar:?]
	at org.apache.hadoop.ozone.om.request.key.OMKeyDeleteRequest.validateAndUpdateCache(OMKeyDeleteRequest.java:98) ~[ozone-manager-1.4.0-SNAPSHOT.jar:?]
	at org.apache.hadoop.ozone.protocolPB.OzoneManagerRequestHandler.handleWriteRequest(OzoneManagerRequestHandler.java:337) ~[ozone-manager-1.4.0-SNAPSHOT.jar:?]
	at org.apache.hadoop.ozone.om.ratis.OzoneManagerStateMachine.runCommand(OzoneManagerStateMachine.java:533) ~[ozone-manager-1.4.0-SNAPSHOT.jar:?]
	at org.apache.hadoop.ozone.om.ratis.OzoneManagerStateMachine.lambda$1(OzoneManagerStateMachine.java:324) ~[ozone-manager-1.4.0-SNAPSHOT.jar:?]
	at java.util.concurrent.CompletableFuture$AsyncSupply.run(CompletableFuture.java:1604) [?:1.8.0_362]
	at java.util.concurrent.ThreadPoolExecutor.runWorker(ThreadPoolExecutor.java:1149) [?:1.8.0_362]
	at java.util.concurrent.ThreadPoolExecutor$Worker.run(ThreadPoolExecutor.java:624) [?:1.8.0_362]
	at java.lang.Thread.run(Thread.java:750) [?:1.8.0_362]
2023-02-22 04:47:22,762 [OM StateMachine ApplyTransaction Thread - 0] ERROR key.OMKeyDeleteRequest (OMKeyDeleteRequest.java:validateAndUpdateCache(208)) - Key delete failed. Volume:volume63640, Bucket:bucket13845, Key:dir1.
KEY_NOT_FOUND org.apache.hadoop.ozone.om.exceptions.OMException: Key not found
	at org.apache.hadoop.ozone.om.request.key.OMKeyDeleteRequest.validateAndUpdateCache(OMKeyDeleteRequest.java:152)
	at org.apache.hadoop.ozone.om.request.key.OMKeyDeleteRequest.validateAndUpdateCache(OMKeyDeleteRequest.java:98)
	at org.apache.hadoop.ozone.protocolPB.OzoneManagerRequestHandler.handleWriteRequest(OzoneManagerRequestHandler.java:337)
	at org.apache.hadoop.ozone.om.ratis.OzoneManagerStateMachine.runCommand(OzoneManagerStateMachine.java:533)
	at org.apache.hadoop.ozone.om.ratis.OzoneManagerStateMachine.lambda$1(OzoneManagerStateMachine.java:324)
	at java.util.concurrent.CompletableFuture$AsyncSupply.run(CompletableFuture.java:1604)
	at java.util.concurrent.ThreadPoolExecutor.runWorker(ThreadPoolExecutor.java:1149)
	at java.util.concurrent.ThreadPoolExecutor$Worker.run(ThreadPoolExecutor.java:624)
	at java.lang.Thread.run(Thread.java:750)
2023-02-22 04:47:22,763 [IPC Server handler 19 on default port 46571] WARN  server.ServerUtils (ServerUtils.java:getDBPath(225)) - ozone.om.db.dirs is not configured. We recommend adding this setting. Falling back to ozone.metadata.dirs instead.
2023-02-22 04:47:22,763 [IPC Server handler 19 on default port 46571] INFO  codec.OmKeyInfoCodec (OmKeyInfoCodec.java:<init>(49)) - OmKeyInfoCodec ignorePipeline = true
2023-02-22 04:47:22,763 [IPC Server handler 19 on default port 46571] INFO  codec.RepeatedOmKeyInfoCodec (RepeatedOmKeyInfoCodec.java:<init>(41)) - RepeatedOmKeyInfoCodec ignorePipeline = true
04:47:22.765 [OM StateMachine ApplyTransaction Thread - 0] ERROR OMAudit - user=runner | ip=127.0.0.1 | op=DELETE_KEY {volume=volume63640, bucket=bucket13845, key=dir1, dataSize=0, replicationType=NONE, replicationFactor=ZERO} | ret=FAILURE
org.apache.hadoop.ozone.om.exceptions.OMException: Key not found
	at org.apache.hadoop.ozone.om.request.key.OMKeyDeleteRequest.validateAndUpdateCache(OMKeyDeleteRequest.java:152) ~[ozone-manager-1.4.0-SNAPSHOT.jar:?]
	at org.apache.hadoop.ozone.om.request.key.OMKeyDeleteRequest.validateAndUpdateCache(OMKeyDeleteRequest.java:98) ~[ozone-manager-1.4.0-SNAPSHOT.jar:?]
	at org.apache.hadoop.ozone.protocolPB.OzoneManagerRequestHandler.handleWriteRequest(OzoneManagerRequestHandler.java:337) ~[ozone-manager-1.4.0-SNAPSHOT.jar:?]
	at org.apache.hadoop.ozone.om.ratis.OzoneManagerStateMachine.runCommand(OzoneManagerStateMachine.java:533) ~[ozone-manager-1.4.0-SNAPSHOT.jar:?]
	at org.apache.hadoop.ozone.om.ratis.OzoneManagerStateMachine.lambda$1(OzoneManagerStateMachine.java:324) ~[ozone-manager-1.4.0-SNAPSHOT.jar:?]
	at java.util.concurrent.CompletableFuture$AsyncSupply.run(CompletableFuture.java:1604) [?:1.8.0_362]
	at java.util.concurrent.ThreadPoolExecutor.runWorker(ThreadPoolExecutor.java:1149) [?:1.8.0_362]
	at java.util.concurrent.ThreadPoolExecutor$Worker.run(ThreadPoolExecutor.java:624) [?:1.8.0_362]
	at java.lang.Thread.run(Thread.java:750) [?:1.8.0_362]
2023-02-22 04:47:22,765 [OM StateMachine ApplyTransaction Thread - 0] ERROR key.OMKeyDeleteRequest (OMKeyDeleteRequest.java:validateAndUpdateCache(208)) - Key delete failed. Volume:volume63640, Bucket:bucket13845, Key:dir1.
KEY_NOT_FOUND org.apache.hadoop.ozone.om.exceptions.OMException: Key not found
	at org.apache.hadoop.ozone.om.request.key.OMKeyDeleteRequest.validateAndUpdateCache(OMKeyDeleteRequest.java:152)
	at org.apache.hadoop.ozone.om.request.key.OMKeyDeleteRequest.validateAndUpdateCache(OMKeyDeleteRequest.java:98)
	at org.apache.hadoop.ozone.protocolPB.OzoneManagerRequestHandler.handleWriteRequest(OzoneManagerRequestHandler.java:337)
	at org.apache.hadoop.ozone.om.ratis.OzoneManagerStateMachine.runCommand(OzoneManagerStateMachine.java:533)
	at org.apache.hadoop.ozone.om.ratis.OzoneManagerStateMachine.lambda$1(OzoneManagerStateMachine.java:324)
	at java.util.concurrent.CompletableFuture$AsyncSupply.run(CompletableFuture.java:1604)
	at java.util.concurrent.ThreadPoolExecutor.runWorker(ThreadPoolExecutor.java:1149)
	at java.util.concurrent.ThreadPoolExecutor$Worker.run(ThreadPoolExecutor.java:624)
	at java.lang.Thread.run(Thread.java:750)
04:47:22.765 [OM StateMachine ApplyTransaction Thread - 0] ERROR OMAudit - user=runner | ip=127.0.0.1 | op=DELETE_KEY {volume=volume63640, bucket=bucket13845, key=dir1, dataSize=0, replicationType=NONE, replicationFactor=ZERO} | ret=FAILURE
org.apache.hadoop.ozone.om.exceptions.OMException: Key not found
	at org.apache.hadoop.ozone.om.request.key.OMKeyDeleteRequest.validateAndUpdateCache(OMKeyDeleteRequest.java:152) ~[ozone-manager-1.4.0-SNAPSHOT.jar:?]
	at org.apache.hadoop.ozone.om.request.key.OMKeyDeleteRequest.validateAndUpdateCache(OMKeyDeleteRequest.java:98) ~[ozone-manager-1.4.0-SNAPSHOT.jar:?]
	at org.apache.hadoop.ozone.protocolPB.OzoneManagerRequestHandler.handleWriteRequest(OzoneManagerRequestHandler.java:337) ~[ozone-manager-1.4.0-SNAPSHOT.jar:?]
	at org.apache.hadoop.ozone.om.ratis.OzoneManagerStateMachine.runCommand(OzoneManagerStateMachine.java:533) ~[ozone-manager-1.4.0-SNAPSHOT.jar:?]
	at org.apache.hadoop.ozone.om.ratis.OzoneManagerStateMachine.lambda$1(OzoneManagerStateMachine.java:324) ~[ozone-manager-1.4.0-SNAPSHOT.jar:?]
	at java.util.concurrent.CompletableFuture$AsyncSupply.run(CompletableFuture.java:1604) [?:1.8.0_362]
	at java.util.concurrent.ThreadPoolExecutor.runWorker(ThreadPoolExecutor.java:1149) [?:1.8.0_362]
	at java.util.concurrent.ThreadPoolExecutor$Worker.run(ThreadPoolExecutor.java:624) [?:1.8.0_362]
	at java.lang.Thread.run(Thread.java:750) [?:1.8.0_362]
2023-02-22 04:47:22,765 [OM StateMachine ApplyTransaction Thread - 0] ERROR key.OMKeyDeleteRequest (OMKeyDeleteRequest.java:validateAndUpdateCache(208)) - Key delete failed. Volume:volume63640, Bucket:bucket13845, Key:dir1.
KEY_NOT_FOUND org.apache.hadoop.ozone.om.exceptions.OMException: Key not found
	at org.apache.hadoop.ozone.om.request.key.OMKeyDeleteRequest.validateAndUpdateCache(OMKeyDeleteRequest.java:152)
	at org.apache.hadoop.ozone.om.request.key.OMKeyDeleteRequest.validateAndUpdateCache(OMKeyDeleteRequest.java:98)
	at org.apache.hadoop.ozone.protocolPB.OzoneManagerRequestHandler.handleWriteRequest(OzoneManagerRequestHandler.java:337)
	at org.apache.hadoop.ozone.om.ratis.OzoneManagerStateMachine.runCommand(OzoneManagerStateMachine.java:533)
	at org.apache.hadoop.ozone.om.ratis.OzoneManagerStateMachine.lambda$1(OzoneManagerStateMachine.java:324)
	at java.util.concurrent.CompletableFuture$AsyncSupply.run(CompletableFuture.java:1604)
	at java.util.concurrent.ThreadPoolExecutor.runWorker(ThreadPoolExecutor.java:1149)
	at java.util.concurrent.ThreadPoolExecutor$Worker.run(ThreadPoolExecutor.java:624)
	at java.lang.Thread.run(Thread.java:750)
]]></system-out>
  </testcase>
  <testcase name="testSnapDiffNoSnapshot" classname="TestOmSnapshot" time="1.043">
    <system-out><![CDATA[2023-02-22 04:45:34,177 [Time-limited test] INFO  rpc.RpcClient (RpcClient.java:createVolume(476)) - Creating Volume: vol-68886, with runner as owner and space quota set to -1 bytes, counts quota set to -1
2023-02-22 04:45:34,179 [OM StateMachine ApplyTransaction Thread - 0] INFO  volume.OMVolumeCreateRequest (OMVolumeCreateRequest.java:validateAndUpdateCache(195)) - created volume:vol-68886 for user:runner
2023-02-22 04:45:34,181 [OM StateMachine ApplyTransaction Thread - 0] INFO  volume.OMVolumeCreateRequest (OMVolumeCreateRequest.java:validateAndUpdateCache(195)) - created volume:vol-68886 for user:runner
2023-02-22 04:45:34,182 [OM StateMachine ApplyTransaction Thread - 0] INFO  volume.OMVolumeCreateRequest (OMVolumeCreateRequest.java:validateAndUpdateCache(195)) - created volume:vol-68886 for user:runner
2023-02-22 04:45:34,182 [Time-limited test] INFO  rpc.RpcClient (RpcClient.java:createBucket(698)) - Creating Bucket: vol-68886/buck-55380, with server-side default bucket layout, runner as owner, Versioning false, Storage Type set to DISK and Encryption set to false, Replication Type set to server-side default replication type, Namespace Quota set to -1, Space Quota set to -1 
2023-02-22 04:45:34,185 [OM StateMachine ApplyTransaction Thread - 0] INFO  bucket.OMBucketCreateRequest (OMBucketCreateRequest.java:validateAndUpdateCache(263)) - created bucket: buck-55380 of layout OBJECT_STORE in volume: vol-68886
2023-02-22 04:45:34,186 [OM StateMachine ApplyTransaction Thread - 0] INFO  bucket.OMBucketCreateRequest (OMBucketCreateRequest.java:validateAndUpdateCache(263)) - created bucket: buck-55380 of layout OBJECT_STORE in volume: vol-68886
2023-02-22 04:45:34,187 [OM StateMachine ApplyTransaction Thread - 0] INFO  bucket.OMBucketCreateRequest (OMBucketCreateRequest.java:validateAndUpdateCache(263)) - created bucket: buck-55380 of layout OBJECT_STORE in volume: vol-68886
2023-02-22 04:45:34,215 [OM StateMachine ApplyTransaction Thread - 0] INFO  snapshot.OMSnapshotCreateRequest (OMSnapshotCreateRequest.java:validateAndUpdateCache(180)) - Created snapshot 'snap85498' under path 'vol-68886/buck-55380'
2023-02-22 04:45:34,216 [OM StateMachine ApplyTransaction Thread - 0] INFO  snapshot.OMSnapshotCreateRequest (OMSnapshotCreateRequest.java:validateAndUpdateCache(180)) - Created snapshot 'snap85498' under path 'vol-68886/buck-55380'
2023-02-22 04:45:34,216 [OM StateMachine ApplyTransaction Thread - 0] INFO  snapshot.OMSnapshotCreateRequest (OMSnapshotCreateRequest.java:validateAndUpdateCache(180)) - Created snapshot 'snap85498' under path 'vol-68886/buck-55380'
2023-02-22 04:45:34,247 [OMDoubleBufferFlushThread] INFO  db.RDBCheckpointManager (RDBCheckpointManager.java:createCheckpoint(96)) - Created checkpoint in rocksDB at /home/runner/work/ozone/ozone/hadoop-ozone/integration-test/target/test-dir/MiniOzoneClusterImpl-23364813-765e-4689-b759-17f9bf3914d5/omNode-1/db.snapshots/om.db-1130a02a-a56c-4ef5-a9b2-5d38f16e65d3 in 31 milliseconds
2023-02-22 04:45:34,250 [OMDoubleBufferFlushThread] INFO  db.RDBCheckpointManager (RDBCheckpointManager.java:waitForCheckpointDirectoryExist(125)) - Waited for 3 milliseconds for checkpoint directory /home/runner/work/ozone/ozone/hadoop-ozone/integration-test/target/test-dir/MiniOzoneClusterImpl-23364813-765e-4689-b759-17f9bf3914d5/omNode-1/db.snapshots/om.db-1130a02a-a56c-4ef5-a9b2-5d38f16e65d3 availability.
2023-02-22 04:45:34,250 [OMDoubleBufferFlushThread] INFO  om.OmSnapshotManager (OmSnapshotManager.java:createOmSnapshotCheckpoint(163)) - Created checkpoint : /home/runner/work/ozone/ozone/hadoop-ozone/integration-test/target/test-dir/MiniOzoneClusterImpl-23364813-765e-4689-b759-17f9bf3914d5/omNode-1/db.snapshots/om.db-1130a02a-a56c-4ef5-a9b2-5d38f16e65d3 for snapshot snap85498
2023-02-22 04:45:34,260 [OMDoubleBufferFlushThread] INFO  db.RDBCheckpointManager (RDBCheckpointManager.java:createCheckpoint(96)) - Created checkpoint in rocksDB at /home/runner/work/ozone/ozone/hadoop-ozone/integration-test/target/test-dir/MiniOzoneClusterImpl-23364813-765e-4689-b759-17f9bf3914d5/omNode-2/db.snapshots/om.db-1130a02a-a56c-4ef5-a9b2-5d38f16e65d3 in 43 milliseconds
2023-02-22 04:45:34,260 [OMDoubleBufferFlushThread] INFO  db.RDBCheckpointManager (RDBCheckpointManager.java:waitForCheckpointDirectoryExist(125)) - Waited for 0 milliseconds for checkpoint directory /home/runner/work/ozone/ozone/hadoop-ozone/integration-test/target/test-dir/MiniOzoneClusterImpl-23364813-765e-4689-b759-17f9bf3914d5/omNode-2/db.snapshots/om.db-1130a02a-a56c-4ef5-a9b2-5d38f16e65d3 availability.
2023-02-22 04:45:34,260 [OMDoubleBufferFlushThread] INFO  om.OmSnapshotManager (OmSnapshotManager.java:createOmSnapshotCheckpoint(163)) - Created checkpoint : /home/runner/work/ozone/ozone/hadoop-ozone/integration-test/target/test-dir/MiniOzoneClusterImpl-23364813-765e-4689-b759-17f9bf3914d5/omNode-2/db.snapshots/om.db-1130a02a-a56c-4ef5-a9b2-5d38f16e65d3 for snapshot snap85498
2023-02-22 04:45:34,262 [OMDoubleBufferFlushThread] INFO  db.RDBCheckpointManager (RDBCheckpointManager.java:createCheckpoint(96)) - Created checkpoint in rocksDB at /home/runner/work/ozone/ozone/hadoop-ozone/integration-test/target/test-dir/MiniOzoneClusterImpl-23364813-765e-4689-b759-17f9bf3914d5/omNode-3/db.snapshots/om.db-1130a02a-a56c-4ef5-a9b2-5d38f16e65d3 in 44 milliseconds
2023-02-22 04:45:34,263 [OMDoubleBufferFlushThread] INFO  db.RDBCheckpointManager (RDBCheckpointManager.java:waitForCheckpointDirectoryExist(125)) - Waited for 1 milliseconds for checkpoint directory /home/runner/work/ozone/ozone/hadoop-ozone/integration-test/target/test-dir/MiniOzoneClusterImpl-23364813-765e-4689-b759-17f9bf3914d5/omNode-3/db.snapshots/om.db-1130a02a-a56c-4ef5-a9b2-5d38f16e65d3 availability.
2023-02-22 04:45:34,263 [OMDoubleBufferFlushThread] INFO  om.OmSnapshotManager (OmSnapshotManager.java:createOmSnapshotCheckpoint(163)) - Created checkpoint : /home/runner/work/ozone/ozone/hadoop-ozone/integration-test/target/test-dir/MiniOzoneClusterImpl-23364813-765e-4689-b759-17f9bf3914d5/omNode-3/db.snapshots/om.db-1130a02a-a56c-4ef5-a9b2-5d38f16e65d3 for snapshot snap85498
]]></system-out>
  </testcase>
  <testcase name="testSnapDiffNoSnapshot" classname="TestOmSnapshot" time="1.044">
    <system-out><![CDATA[2023-02-22 04:46:33,489 [Time-limited test] INFO  rpc.RpcClient (RpcClient.java:createVolume(476)) - Creating Volume: vol-43642, with runner as owner and space quota set to -1 bytes, counts quota set to -1
2023-02-22 04:46:33,492 [OM StateMachine ApplyTransaction Thread - 0] INFO  volume.OMVolumeCreateRequest (OMVolumeCreateRequest.java:validateAndUpdateCache(195)) - created volume:vol-43642 for user:runner
2023-02-22 04:46:33,492 [OM StateMachine ApplyTransaction Thread - 0] INFO  volume.OMVolumeCreateRequest (OMVolumeCreateRequest.java:validateAndUpdateCache(195)) - created volume:vol-43642 for user:runner
2023-02-22 04:46:33,493 [OM StateMachine ApplyTransaction Thread - 0] INFO  volume.OMVolumeCreateRequest (OMVolumeCreateRequest.java:validateAndUpdateCache(195)) - created volume:vol-43642 for user:runner
2023-02-22 04:46:33,497 [Time-limited test] INFO  rpc.RpcClient (RpcClient.java:createBucket(698)) - Creating Bucket: vol-43642/buck-11736, with server-side default bucket layout, runner as owner, Versioning false, Storage Type set to DISK and Encryption set to false, Replication Type set to server-side default replication type, Namespace Quota set to -1, Space Quota set to -1 
2023-02-22 04:46:33,500 [OM StateMachine ApplyTransaction Thread - 0] INFO  bucket.OMBucketCreateRequest (OMBucketCreateRequest.java:validateAndUpdateCache(263)) - created bucket: buck-11736 of layout FILE_SYSTEM_OPTIMIZED in volume: vol-43642
2023-02-22 04:46:33,501 [OM StateMachine ApplyTransaction Thread - 0] INFO  bucket.OMBucketCreateRequest (OMBucketCreateRequest.java:validateAndUpdateCache(263)) - created bucket: buck-11736 of layout FILE_SYSTEM_OPTIMIZED in volume: vol-43642
2023-02-22 04:46:33,501 [OM StateMachine ApplyTransaction Thread - 0] INFO  bucket.OMBucketCreateRequest (OMBucketCreateRequest.java:validateAndUpdateCache(263)) - created bucket: buck-11736 of layout FILE_SYSTEM_OPTIMIZED in volume: vol-43642
2023-02-22 04:46:33,527 [OM StateMachine ApplyTransaction Thread - 0] INFO  snapshot.OMSnapshotCreateRequest (OMSnapshotCreateRequest.java:validateAndUpdateCache(180)) - Created snapshot 'snap87765' under path 'vol-43642/buck-11736'
2023-02-22 04:46:33,528 [OM StateMachine ApplyTransaction Thread - 0] INFO  snapshot.OMSnapshotCreateRequest (OMSnapshotCreateRequest.java:validateAndUpdateCache(180)) - Created snapshot 'snap87765' under path 'vol-43642/buck-11736'
2023-02-22 04:46:33,528 [OM StateMachine ApplyTransaction Thread - 0] INFO  snapshot.OMSnapshotCreateRequest (OMSnapshotCreateRequest.java:validateAndUpdateCache(180)) - Created snapshot 'snap87765' under path 'vol-43642/buck-11736'
2023-02-22 04:46:33,574 [OMDoubleBufferFlushThread] INFO  db.RDBCheckpointManager (RDBCheckpointManager.java:createCheckpoint(96)) - Created checkpoint in rocksDB at /home/runner/work/ozone/ozone/hadoop-ozone/integration-test/target/test-dir/MiniOzoneClusterImpl-d1b59b44-2044-4343-9d69-28cc870eb01e/omNode-1/db.snapshots/om.db-30b2552b-dacc-49a2-bf4d-284ef3d1dd31 in 45 milliseconds
2023-02-22 04:46:33,578 [OMDoubleBufferFlushThread] INFO  db.RDBCheckpointManager (RDBCheckpointManager.java:waitForCheckpointDirectoryExist(125)) - Waited for 4 milliseconds for checkpoint directory /home/runner/work/ozone/ozone/hadoop-ozone/integration-test/target/test-dir/MiniOzoneClusterImpl-d1b59b44-2044-4343-9d69-28cc870eb01e/omNode-1/db.snapshots/om.db-30b2552b-dacc-49a2-bf4d-284ef3d1dd31 availability.
2023-02-22 04:46:33,578 [OMDoubleBufferFlushThread] INFO  om.OmSnapshotManager (OmSnapshotManager.java:createOmSnapshotCheckpoint(163)) - Created checkpoint : /home/runner/work/ozone/ozone/hadoop-ozone/integration-test/target/test-dir/MiniOzoneClusterImpl-d1b59b44-2044-4343-9d69-28cc870eb01e/omNode-1/db.snapshots/om.db-30b2552b-dacc-49a2-bf4d-284ef3d1dd31 for snapshot snap87765
2023-02-22 04:46:33,584 [OMDoubleBufferFlushThread] INFO  db.RDBCheckpointManager (RDBCheckpointManager.java:createCheckpoint(96)) - Created checkpoint in rocksDB at /home/runner/work/ozone/ozone/hadoop-ozone/integration-test/target/test-dir/MiniOzoneClusterImpl-d1b59b44-2044-4343-9d69-28cc870eb01e/omNode-2/db.snapshots/om.db-30b2552b-dacc-49a2-bf4d-284ef3d1dd31 in 54 milliseconds
2023-02-22 04:46:33,585 [OMDoubleBufferFlushThread] INFO  db.RDBCheckpointManager (RDBCheckpointManager.java:createCheckpoint(96)) - Created checkpoint in rocksDB at /home/runner/work/ozone/ozone/hadoop-ozone/integration-test/target/test-dir/MiniOzoneClusterImpl-d1b59b44-2044-4343-9d69-28cc870eb01e/omNode-3/db.snapshots/om.db-30b2552b-dacc-49a2-bf4d-284ef3d1dd31 in 54 milliseconds
2023-02-22 04:46:33,591 [OMDoubleBufferFlushThread] INFO  db.RDBCheckpointManager (RDBCheckpointManager.java:waitForCheckpointDirectoryExist(125)) - Waited for 7 milliseconds for checkpoint directory /home/runner/work/ozone/ozone/hadoop-ozone/integration-test/target/test-dir/MiniOzoneClusterImpl-d1b59b44-2044-4343-9d69-28cc870eb01e/omNode-2/db.snapshots/om.db-30b2552b-dacc-49a2-bf4d-284ef3d1dd31 availability.
2023-02-22 04:46:33,591 [OMDoubleBufferFlushThread] INFO  om.OmSnapshotManager (OmSnapshotManager.java:createOmSnapshotCheckpoint(163)) - Created checkpoint : /home/runner/work/ozone/ozone/hadoop-ozone/integration-test/target/test-dir/MiniOzoneClusterImpl-d1b59b44-2044-4343-9d69-28cc870eb01e/omNode-2/db.snapshots/om.db-30b2552b-dacc-49a2-bf4d-284ef3d1dd31 for snapshot snap87765
2023-02-22 04:46:33,592 [OMDoubleBufferFlushThread] INFO  db.RDBCheckpointManager (RDBCheckpointManager.java:waitForCheckpointDirectoryExist(125)) - Waited for 7 milliseconds for checkpoint directory /home/runner/work/ozone/ozone/hadoop-ozone/integration-test/target/test-dir/MiniOzoneClusterImpl-d1b59b44-2044-4343-9d69-28cc870eb01e/omNode-3/db.snapshots/om.db-30b2552b-dacc-49a2-bf4d-284ef3d1dd31 availability.
2023-02-22 04:46:33,592 [OMDoubleBufferFlushThread] INFO  om.OmSnapshotManager (OmSnapshotManager.java:createOmSnapshotCheckpoint(163)) - Created checkpoint : /home/runner/work/ozone/ozone/hadoop-ozone/integration-test/target/test-dir/MiniOzoneClusterImpl-d1b59b44-2044-4343-9d69-28cc870eb01e/omNode-3/db.snapshots/om.db-30b2552b-dacc-49a2-bf4d-284ef3d1dd31 for snapshot snap87765
]]></system-out>
  </testcase>
  <testcase name="testSnapDiffNoSnapshot" classname="TestOmSnapshot" time="1.036">
    <system-out><![CDATA[2023-02-22 04:47:22,809 [Time-limited test] INFO  rpc.RpcClient (RpcClient.java:createVolume(476)) - Creating Volume: vol-09477, with runner as owner and space quota set to -1 bytes, counts quota set to -1
2023-02-22 04:47:22,811 [OM StateMachine ApplyTransaction Thread - 0] INFO  volume.OMVolumeCreateRequest (OMVolumeCreateRequest.java:validateAndUpdateCache(195)) - created volume:vol-09477 for user:runner
2023-02-22 04:47:22,811 [OM StateMachine ApplyTransaction Thread - 0] INFO  volume.OMVolumeCreateRequest (OMVolumeCreateRequest.java:validateAndUpdateCache(195)) - created volume:vol-09477 for user:runner
2023-02-22 04:47:22,812 [OM StateMachine ApplyTransaction Thread - 0] INFO  volume.OMVolumeCreateRequest (OMVolumeCreateRequest.java:validateAndUpdateCache(195)) - created volume:vol-09477 for user:runner
2023-02-22 04:47:22,812 [Time-limited test] INFO  rpc.RpcClient (RpcClient.java:createBucket(698)) - Creating Bucket: vol-09477/buck-83110, with server-side default bucket layout, runner as owner, Versioning false, Storage Type set to DISK and Encryption set to false, Replication Type set to server-side default replication type, Namespace Quota set to -1, Space Quota set to -1 
2023-02-22 04:47:22,815 [OM StateMachine ApplyTransaction Thread - 0] INFO  bucket.OMBucketCreateRequest (OMBucketCreateRequest.java:validateAndUpdateCache(263)) - created bucket: buck-83110 of layout LEGACY in volume: vol-09477
2023-02-22 04:47:22,815 [OM StateMachine ApplyTransaction Thread - 0] INFO  bucket.OMBucketCreateRequest (OMBucketCreateRequest.java:validateAndUpdateCache(263)) - created bucket: buck-83110 of layout LEGACY in volume: vol-09477
2023-02-22 04:47:22,815 [OM StateMachine ApplyTransaction Thread - 0] INFO  bucket.OMBucketCreateRequest (OMBucketCreateRequest.java:validateAndUpdateCache(263)) - created bucket: buck-83110 of layout LEGACY in volume: vol-09477
2023-02-22 04:47:22,839 [OM StateMachine ApplyTransaction Thread - 0] INFO  snapshot.OMSnapshotCreateRequest (OMSnapshotCreateRequest.java:validateAndUpdateCache(180)) - Created snapshot 'snap00817' under path 'vol-09477/buck-83110'
2023-02-22 04:47:22,840 [OM StateMachine ApplyTransaction Thread - 0] INFO  snapshot.OMSnapshotCreateRequest (OMSnapshotCreateRequest.java:validateAndUpdateCache(180)) - Created snapshot 'snap00817' under path 'vol-09477/buck-83110'
2023-02-22 04:47:22,840 [OM StateMachine ApplyTransaction Thread - 0] INFO  snapshot.OMSnapshotCreateRequest (OMSnapshotCreateRequest.java:validateAndUpdateCache(180)) - Created snapshot 'snap00817' under path 'vol-09477/buck-83110'
2023-02-22 04:47:22,875 [OMDoubleBufferFlushThread] INFO  db.RDBCheckpointManager (RDBCheckpointManager.java:createCheckpoint(96)) - Created checkpoint in rocksDB at /home/runner/work/ozone/ozone/hadoop-ozone/integration-test/target/test-dir/MiniOzoneClusterImpl-7cc88fad-c9bf-4c80-b076-d2cf48673a1e/omNode-1/db.snapshots/om.db-7da839b5-dcf6-488c-975a-dc85c2fefe68 in 34 milliseconds
2023-02-22 04:47:22,876 [OMDoubleBufferFlushThread] INFO  db.RDBCheckpointManager (RDBCheckpointManager.java:waitForCheckpointDirectoryExist(125)) - Waited for 1 milliseconds for checkpoint directory /home/runner/work/ozone/ozone/hadoop-ozone/integration-test/target/test-dir/MiniOzoneClusterImpl-7cc88fad-c9bf-4c80-b076-d2cf48673a1e/omNode-1/db.snapshots/om.db-7da839b5-dcf6-488c-975a-dc85c2fefe68 availability.
2023-02-22 04:47:22,876 [OMDoubleBufferFlushThread] INFO  om.OmSnapshotManager (OmSnapshotManager.java:createOmSnapshotCheckpoint(163)) - Created checkpoint : /home/runner/work/ozone/ozone/hadoop-ozone/integration-test/target/test-dir/MiniOzoneClusterImpl-7cc88fad-c9bf-4c80-b076-d2cf48673a1e/omNode-1/db.snapshots/om.db-7da839b5-dcf6-488c-975a-dc85c2fefe68 for snapshot snap00817
2023-02-22 04:47:22,883 [OMDoubleBufferFlushThread] INFO  db.RDBCheckpointManager (RDBCheckpointManager.java:createCheckpoint(96)) - Created checkpoint in rocksDB at /home/runner/work/ozone/ozone/hadoop-ozone/integration-test/target/test-dir/MiniOzoneClusterImpl-7cc88fad-c9bf-4c80-b076-d2cf48673a1e/omNode-2/db.snapshots/om.db-7da839b5-dcf6-488c-975a-dc85c2fefe68 in 41 milliseconds
2023-02-22 04:47:22,883 [OMDoubleBufferFlushThread] INFO  db.RDBCheckpointManager (RDBCheckpointManager.java:createCheckpoint(96)) - Created checkpoint in rocksDB at /home/runner/work/ozone/ozone/hadoop-ozone/integration-test/target/test-dir/MiniOzoneClusterImpl-7cc88fad-c9bf-4c80-b076-d2cf48673a1e/omNode-3/db.snapshots/om.db-7da839b5-dcf6-488c-975a-dc85c2fefe68 in 42 milliseconds
2023-02-22 04:47:22,883 [OMDoubleBufferFlushThread] INFO  db.RDBCheckpointManager (RDBCheckpointManager.java:waitForCheckpointDirectoryExist(125)) - Waited for 0 milliseconds for checkpoint directory /home/runner/work/ozone/ozone/hadoop-ozone/integration-test/target/test-dir/MiniOzoneClusterImpl-7cc88fad-c9bf-4c80-b076-d2cf48673a1e/omNode-2/db.snapshots/om.db-7da839b5-dcf6-488c-975a-dc85c2fefe68 availability.
2023-02-22 04:47:22,883 [OMDoubleBufferFlushThread] INFO  om.OmSnapshotManager (OmSnapshotManager.java:createOmSnapshotCheckpoint(163)) - Created checkpoint : /home/runner/work/ozone/ozone/hadoop-ozone/integration-test/target/test-dir/MiniOzoneClusterImpl-7cc88fad-c9bf-4c80-b076-d2cf48673a1e/omNode-2/db.snapshots/om.db-7da839b5-dcf6-488c-975a-dc85c2fefe68 for snapshot snap00817
2023-02-22 04:47:22,884 [OMDoubleBufferFlushThread] INFO  db.RDBCheckpointManager (RDBCheckpointManager.java:waitForCheckpointDirectoryExist(125)) - Waited for 1 milliseconds for checkpoint directory /home/runner/work/ozone/ozone/hadoop-ozone/integration-test/target/test-dir/MiniOzoneClusterImpl-7cc88fad-c9bf-4c80-b076-d2cf48673a1e/omNode-3/db.snapshots/om.db-7da839b5-dcf6-488c-975a-dc85c2fefe68 availability.
2023-02-22 04:47:22,884 [OMDoubleBufferFlushThread] INFO  om.OmSnapshotManager (OmSnapshotManager.java:createOmSnapshotCheckpoint(163)) - Created checkpoint : /home/runner/work/ozone/ozone/hadoop-ozone/integration-test/target/test-dir/MiniOzoneClusterImpl-7cc88fad-c9bf-4c80-b076-d2cf48673a1e/omNode-3/db.snapshots/om.db-7da839b5-dcf6-488c-975a-dc85c2fefe68 for snapshot snap00817
]]></system-out>
  </testcase>
  <testcase name="testSnapDiffMissingMandatoryParams" classname="TestOmSnapshot" time="2.064">
    <system-out><![CDATA[2023-02-22 04:45:35,220 [Time-limited test] INFO  rpc.RpcClient (RpcClient.java:createVolume(476)) - Creating Volume: vol-64030, with runner as owner and space quota set to -1 bytes, counts quota set to -1
2023-02-22 04:45:35,223 [OM StateMachine ApplyTransaction Thread - 0] INFO  volume.OMVolumeCreateRequest (OMVolumeCreateRequest.java:validateAndUpdateCache(195)) - created volume:vol-64030 for user:runner
2023-02-22 04:45:35,224 [OM StateMachine ApplyTransaction Thread - 0] INFO  volume.OMVolumeCreateRequest (OMVolumeCreateRequest.java:validateAndUpdateCache(195)) - created volume:vol-64030 for user:runner
2023-02-22 04:45:35,224 [OM StateMachine ApplyTransaction Thread - 0] INFO  volume.OMVolumeCreateRequest (OMVolumeCreateRequest.java:validateAndUpdateCache(195)) - created volume:vol-64030 for user:runner
2023-02-22 04:45:35,225 [Time-limited test] INFO  rpc.RpcClient (RpcClient.java:createBucket(698)) - Creating Bucket: vol-64030/buck-67637, with server-side default bucket layout, runner as owner, Versioning false, Storage Type set to DISK and Encryption set to false, Replication Type set to server-side default replication type, Namespace Quota set to -1, Space Quota set to -1 
2023-02-22 04:45:35,227 [OM StateMachine ApplyTransaction Thread - 0] INFO  bucket.OMBucketCreateRequest (OMBucketCreateRequest.java:validateAndUpdateCache(263)) - created bucket: buck-67637 of layout OBJECT_STORE in volume: vol-64030
2023-02-22 04:45:35,228 [OM StateMachine ApplyTransaction Thread - 0] INFO  bucket.OMBucketCreateRequest (OMBucketCreateRequest.java:validateAndUpdateCache(263)) - created bucket: buck-67637 of layout OBJECT_STORE in volume: vol-64030
2023-02-22 04:45:35,228 [OM StateMachine ApplyTransaction Thread - 0] INFO  bucket.OMBucketCreateRequest (OMBucketCreateRequest.java:validateAndUpdateCache(263)) - created bucket: buck-67637 of layout OBJECT_STORE in volume: vol-64030
2023-02-22 04:45:35,271 [OM StateMachine ApplyTransaction Thread - 0] INFO  snapshot.OMSnapshotCreateRequest (OMSnapshotCreateRequest.java:validateAndUpdateCache(180)) - Created snapshot 'snap41749' under path 'vol-64030/buck-67637'
2023-02-22 04:45:35,273 [OM StateMachine ApplyTransaction Thread - 0] INFO  snapshot.OMSnapshotCreateRequest (OMSnapshotCreateRequest.java:validateAndUpdateCache(180)) - Created snapshot 'snap41749' under path 'vol-64030/buck-67637'
2023-02-22 04:45:35,274 [OM StateMachine ApplyTransaction Thread - 0] INFO  snapshot.OMSnapshotCreateRequest (OMSnapshotCreateRequest.java:validateAndUpdateCache(180)) - Created snapshot 'snap41749' under path 'vol-64030/buck-67637'
2023-02-22 04:45:35,303 [OMDoubleBufferFlushThread] INFO  db.RDBCheckpointManager (RDBCheckpointManager.java:createCheckpoint(96)) - Created checkpoint in rocksDB at /home/runner/work/ozone/ozone/hadoop-ozone/integration-test/target/test-dir/MiniOzoneClusterImpl-23364813-765e-4689-b759-17f9bf3914d5/omNode-1/db.snapshots/om.db-89984989-ad8e-4f6f-bf29-7e084d356b9f in 31 milliseconds
2023-02-22 04:45:35,305 [OMDoubleBufferFlushThread] INFO  db.RDBCheckpointManager (RDBCheckpointManager.java:waitForCheckpointDirectoryExist(125)) - Waited for 2 milliseconds for checkpoint directory /home/runner/work/ozone/ozone/hadoop-ozone/integration-test/target/test-dir/MiniOzoneClusterImpl-23364813-765e-4689-b759-17f9bf3914d5/omNode-1/db.snapshots/om.db-89984989-ad8e-4f6f-bf29-7e084d356b9f availability.
2023-02-22 04:45:35,305 [OMDoubleBufferFlushThread] INFO  om.OmSnapshotManager (OmSnapshotManager.java:createOmSnapshotCheckpoint(163)) - Created checkpoint : /home/runner/work/ozone/ozone/hadoop-ozone/integration-test/target/test-dir/MiniOzoneClusterImpl-23364813-765e-4689-b759-17f9bf3914d5/omNode-1/db.snapshots/om.db-89984989-ad8e-4f6f-bf29-7e084d356b9f for snapshot snap41749
2023-02-22 04:45:35,313 [OMDoubleBufferFlushThread] INFO  db.RDBCheckpointManager (RDBCheckpointManager.java:createCheckpoint(96)) - Created checkpoint in rocksDB at /home/runner/work/ozone/ozone/hadoop-ozone/integration-test/target/test-dir/MiniOzoneClusterImpl-23364813-765e-4689-b759-17f9bf3914d5/omNode-3/db.snapshots/om.db-89984989-ad8e-4f6f-bf29-7e084d356b9f in 38 milliseconds
2023-02-22 04:45:35,314 [OMDoubleBufferFlushThread] INFO  db.RDBCheckpointManager (RDBCheckpointManager.java:waitForCheckpointDirectoryExist(125)) - Waited for 1 milliseconds for checkpoint directory /home/runner/work/ozone/ozone/hadoop-ozone/integration-test/target/test-dir/MiniOzoneClusterImpl-23364813-765e-4689-b759-17f9bf3914d5/omNode-3/db.snapshots/om.db-89984989-ad8e-4f6f-bf29-7e084d356b9f availability.
2023-02-22 04:45:35,314 [OMDoubleBufferFlushThread] INFO  om.OmSnapshotManager (OmSnapshotManager.java:createOmSnapshotCheckpoint(163)) - Created checkpoint : /home/runner/work/ozone/ozone/hadoop-ozone/integration-test/target/test-dir/MiniOzoneClusterImpl-23364813-765e-4689-b759-17f9bf3914d5/omNode-3/db.snapshots/om.db-89984989-ad8e-4f6f-bf29-7e084d356b9f for snapshot snap41749
2023-02-22 04:45:35,314 [OMDoubleBufferFlushThread] INFO  db.RDBCheckpointManager (RDBCheckpointManager.java:createCheckpoint(96)) - Created checkpoint in rocksDB at /home/runner/work/ozone/ozone/hadoop-ozone/integration-test/target/test-dir/MiniOzoneClusterImpl-23364813-765e-4689-b759-17f9bf3914d5/omNode-2/db.snapshots/om.db-89984989-ad8e-4f6f-bf29-7e084d356b9f in 39 milliseconds
2023-02-22 04:45:35,317 [OMDoubleBufferFlushThread] INFO  db.RDBCheckpointManager (RDBCheckpointManager.java:waitForCheckpointDirectoryExist(125)) - Waited for 3 milliseconds for checkpoint directory /home/runner/work/ozone/ozone/hadoop-ozone/integration-test/target/test-dir/MiniOzoneClusterImpl-23364813-765e-4689-b759-17f9bf3914d5/omNode-2/db.snapshots/om.db-89984989-ad8e-4f6f-bf29-7e084d356b9f availability.
2023-02-22 04:45:35,317 [OMDoubleBufferFlushThread] INFO  om.OmSnapshotManager (OmSnapshotManager.java:createOmSnapshotCheckpoint(163)) - Created checkpoint : /home/runner/work/ozone/ozone/hadoop-ozone/integration-test/target/test-dir/MiniOzoneClusterImpl-23364813-765e-4689-b759-17f9bf3914d5/omNode-2/db.snapshots/om.db-89984989-ad8e-4f6f-bf29-7e084d356b9f for snapshot snap41749
2023-02-22 04:45:36,277 [OM StateMachine ApplyTransaction Thread - 0] INFO  snapshot.OMSnapshotCreateRequest (OMSnapshotCreateRequest.java:validateAndUpdateCache(180)) - Created snapshot 'snap50428' under path 'vol-64030/buck-67637'
2023-02-22 04:45:36,278 [OM StateMachine ApplyTransaction Thread - 0] INFO  snapshot.OMSnapshotCreateRequest (OMSnapshotCreateRequest.java:validateAndUpdateCache(180)) - Created snapshot 'snap50428' under path 'vol-64030/buck-67637'
2023-02-22 04:45:36,281 [OM StateMachine ApplyTransaction Thread - 0] INFO  snapshot.OMSnapshotCreateRequest (OMSnapshotCreateRequest.java:validateAndUpdateCache(180)) - Created snapshot 'snap50428' under path 'vol-64030/buck-67637'
2023-02-22 04:45:36,292 [OMDoubleBufferFlushThread] INFO  db.RDBCheckpointManager (RDBCheckpointManager.java:createCheckpoint(96)) - Created checkpoint in rocksDB at /home/runner/work/ozone/ozone/hadoop-ozone/integration-test/target/test-dir/MiniOzoneClusterImpl-23364813-765e-4689-b759-17f9bf3914d5/omNode-2/db.snapshots/om.db-86c23f3c-0b82-4be6-b4de-cc553dfde0bc in 13 milliseconds
2023-02-22 04:45:36,298 [OMDoubleBufferFlushThread] INFO  db.RDBCheckpointManager (RDBCheckpointManager.java:waitForCheckpointDirectoryExist(125)) - Waited for 6 milliseconds for checkpoint directory /home/runner/work/ozone/ozone/hadoop-ozone/integration-test/target/test-dir/MiniOzoneClusterImpl-23364813-765e-4689-b759-17f9bf3914d5/omNode-2/db.snapshots/om.db-86c23f3c-0b82-4be6-b4de-cc553dfde0bc availability.
2023-02-22 04:45:36,298 [OMDoubleBufferFlushThread] INFO  om.OmSnapshotManager (OmSnapshotManager.java:createOmSnapshotCheckpoint(163)) - Created checkpoint : /home/runner/work/ozone/ozone/hadoop-ozone/integration-test/target/test-dir/MiniOzoneClusterImpl-23364813-765e-4689-b759-17f9bf3914d5/omNode-2/db.snapshots/om.db-86c23f3c-0b82-4be6-b4de-cc553dfde0bc for snapshot snap50428
2023-02-22 04:45:36,300 [OMDoubleBufferFlushThread] INFO  db.RDBCheckpointManager (RDBCheckpointManager.java:createCheckpoint(96)) - Created checkpoint in rocksDB at /home/runner/work/ozone/ozone/hadoop-ozone/integration-test/target/test-dir/MiniOzoneClusterImpl-23364813-765e-4689-b759-17f9bf3914d5/omNode-1/db.snapshots/om.db-86c23f3c-0b82-4be6-b4de-cc553dfde0bc in 22 milliseconds
2023-02-22 04:45:36,300 [OMDoubleBufferFlushThread] INFO  db.RDBCheckpointManager (RDBCheckpointManager.java:createCheckpoint(96)) - Created checkpoint in rocksDB at /home/runner/work/ozone/ozone/hadoop-ozone/integration-test/target/test-dir/MiniOzoneClusterImpl-23364813-765e-4689-b759-17f9bf3914d5/omNode-3/db.snapshots/om.db-86c23f3c-0b82-4be6-b4de-cc553dfde0bc in 18 milliseconds
2023-02-22 04:45:36,308 [OMDoubleBufferFlushThread] INFO  db.RDBCheckpointManager (RDBCheckpointManager.java:waitForCheckpointDirectoryExist(125)) - Waited for 8 milliseconds for checkpoint directory /home/runner/work/ozone/ozone/hadoop-ozone/integration-test/target/test-dir/MiniOzoneClusterImpl-23364813-765e-4689-b759-17f9bf3914d5/omNode-3/db.snapshots/om.db-86c23f3c-0b82-4be6-b4de-cc553dfde0bc availability.
2023-02-22 04:45:36,308 [OMDoubleBufferFlushThread] INFO  om.OmSnapshotManager (OmSnapshotManager.java:createOmSnapshotCheckpoint(163)) - Created checkpoint : /home/runner/work/ozone/ozone/hadoop-ozone/integration-test/target/test-dir/MiniOzoneClusterImpl-23364813-765e-4689-b759-17f9bf3914d5/omNode-3/db.snapshots/om.db-86c23f3c-0b82-4be6-b4de-cc553dfde0bc for snapshot snap50428
2023-02-22 04:45:36,308 [OMDoubleBufferFlushThread] INFO  db.RDBCheckpointManager (RDBCheckpointManager.java:waitForCheckpointDirectoryExist(125)) - Waited for 8 milliseconds for checkpoint directory /home/runner/work/ozone/ozone/hadoop-ozone/integration-test/target/test-dir/MiniOzoneClusterImpl-23364813-765e-4689-b759-17f9bf3914d5/omNode-1/db.snapshots/om.db-86c23f3c-0b82-4be6-b4de-cc553dfde0bc availability.
2023-02-22 04:45:36,309 [OMDoubleBufferFlushThread] INFO  om.OmSnapshotManager (OmSnapshotManager.java:createOmSnapshotCheckpoint(163)) - Created checkpoint : /home/runner/work/ozone/ozone/hadoop-ozone/integration-test/target/test-dir/MiniOzoneClusterImpl-23364813-765e-4689-b759-17f9bf3914d5/omNode-1/db.snapshots/om.db-86c23f3c-0b82-4be6-b4de-cc553dfde0bc for snapshot snap50428
]]></system-out>
  </testcase>
  <testcase name="testSnapDiffMissingMandatoryParams" classname="TestOmSnapshot" time="2.05">
    <system-out><![CDATA[2023-02-22 04:46:34,531 [Time-limited test] INFO  rpc.RpcClient (RpcClient.java:createVolume(476)) - Creating Volume: vol-86563, with runner as owner and space quota set to -1 bytes, counts quota set to -1
2023-02-22 04:46:34,533 [OM StateMachine ApplyTransaction Thread - 0] INFO  volume.OMVolumeCreateRequest (OMVolumeCreateRequest.java:validateAndUpdateCache(195)) - created volume:vol-86563 for user:runner
2023-02-22 04:46:34,536 [OM StateMachine ApplyTransaction Thread - 0] INFO  volume.OMVolumeCreateRequest (OMVolumeCreateRequest.java:validateAndUpdateCache(195)) - created volume:vol-86563 for user:runner
2023-02-22 04:46:34,537 [OM StateMachine ApplyTransaction Thread - 0] INFO  volume.OMVolumeCreateRequest (OMVolumeCreateRequest.java:validateAndUpdateCache(195)) - created volume:vol-86563 for user:runner
2023-02-22 04:46:34,538 [Time-limited test] INFO  rpc.RpcClient (RpcClient.java:createBucket(698)) - Creating Bucket: vol-86563/buck-32925, with server-side default bucket layout, runner as owner, Versioning false, Storage Type set to DISK and Encryption set to false, Replication Type set to server-side default replication type, Namespace Quota set to -1, Space Quota set to -1 
2023-02-22 04:46:34,540 [OM StateMachine ApplyTransaction Thread - 0] INFO  bucket.OMBucketCreateRequest (OMBucketCreateRequest.java:validateAndUpdateCache(263)) - created bucket: buck-32925 of layout FILE_SYSTEM_OPTIMIZED in volume: vol-86563
2023-02-22 04:46:34,541 [OM StateMachine ApplyTransaction Thread - 0] INFO  bucket.OMBucketCreateRequest (OMBucketCreateRequest.java:validateAndUpdateCache(263)) - created bucket: buck-32925 of layout FILE_SYSTEM_OPTIMIZED in volume: vol-86563
2023-02-22 04:46:34,542 [OM StateMachine ApplyTransaction Thread - 0] INFO  bucket.OMBucketCreateRequest (OMBucketCreateRequest.java:validateAndUpdateCache(263)) - created bucket: buck-32925 of layout FILE_SYSTEM_OPTIMIZED in volume: vol-86563
2023-02-22 04:46:34,574 [OM StateMachine ApplyTransaction Thread - 0] INFO  snapshot.OMSnapshotCreateRequest (OMSnapshotCreateRequest.java:validateAndUpdateCache(180)) - Created snapshot 'snap38937' under path 'vol-86563/buck-32925'
2023-02-22 04:46:34,576 [OM StateMachine ApplyTransaction Thread - 0] INFO  snapshot.OMSnapshotCreateRequest (OMSnapshotCreateRequest.java:validateAndUpdateCache(180)) - Created snapshot 'snap38937' under path 'vol-86563/buck-32925'
2023-02-22 04:46:34,576 [OM StateMachine ApplyTransaction Thread - 0] INFO  snapshot.OMSnapshotCreateRequest (OMSnapshotCreateRequest.java:validateAndUpdateCache(180)) - Created snapshot 'snap38937' under path 'vol-86563/buck-32925'
2023-02-22 04:46:34,605 [OMDoubleBufferFlushThread] INFO  db.RDBCheckpointManager (RDBCheckpointManager.java:createCheckpoint(96)) - Created checkpoint in rocksDB at /home/runner/work/ozone/ozone/hadoop-ozone/integration-test/target/test-dir/MiniOzoneClusterImpl-d1b59b44-2044-4343-9d69-28cc870eb01e/omNode-3/db.snapshots/om.db-f7760917-c503-41f8-9324-0f0c1e2d1c29 in 28 milliseconds
2023-02-22 04:46:34,605 [OMDoubleBufferFlushThread] INFO  db.RDBCheckpointManager (RDBCheckpointManager.java:waitForCheckpointDirectoryExist(125)) - Waited for 0 milliseconds for checkpoint directory /home/runner/work/ozone/ozone/hadoop-ozone/integration-test/target/test-dir/MiniOzoneClusterImpl-d1b59b44-2044-4343-9d69-28cc870eb01e/omNode-3/db.snapshots/om.db-f7760917-c503-41f8-9324-0f0c1e2d1c29 availability.
2023-02-22 04:46:34,605 [OMDoubleBufferFlushThread] INFO  om.OmSnapshotManager (OmSnapshotManager.java:createOmSnapshotCheckpoint(163)) - Created checkpoint : /home/runner/work/ozone/ozone/hadoop-ozone/integration-test/target/test-dir/MiniOzoneClusterImpl-d1b59b44-2044-4343-9d69-28cc870eb01e/omNode-3/db.snapshots/om.db-f7760917-c503-41f8-9324-0f0c1e2d1c29 for snapshot snap38937
2023-02-22 04:46:34,613 [OMDoubleBufferFlushThread] INFO  db.RDBCheckpointManager (RDBCheckpointManager.java:createCheckpoint(96)) - Created checkpoint in rocksDB at /home/runner/work/ozone/ozone/hadoop-ozone/integration-test/target/test-dir/MiniOzoneClusterImpl-d1b59b44-2044-4343-9d69-28cc870eb01e/omNode-1/db.snapshots/om.db-f7760917-c503-41f8-9324-0f0c1e2d1c29 in 36 milliseconds
2023-02-22 04:46:34,613 [OMDoubleBufferFlushThread] INFO  db.RDBCheckpointManager (RDBCheckpointManager.java:waitForCheckpointDirectoryExist(125)) - Waited for 0 milliseconds for checkpoint directory /home/runner/work/ozone/ozone/hadoop-ozone/integration-test/target/test-dir/MiniOzoneClusterImpl-d1b59b44-2044-4343-9d69-28cc870eb01e/omNode-1/db.snapshots/om.db-f7760917-c503-41f8-9324-0f0c1e2d1c29 availability.
2023-02-22 04:46:34,613 [OMDoubleBufferFlushThread] INFO  om.OmSnapshotManager (OmSnapshotManager.java:createOmSnapshotCheckpoint(163)) - Created checkpoint : /home/runner/work/ozone/ozone/hadoop-ozone/integration-test/target/test-dir/MiniOzoneClusterImpl-d1b59b44-2044-4343-9d69-28cc870eb01e/omNode-1/db.snapshots/om.db-f7760917-c503-41f8-9324-0f0c1e2d1c29 for snapshot snap38937
2023-02-22 04:46:34,615 [OMDoubleBufferFlushThread] INFO  db.RDBCheckpointManager (RDBCheckpointManager.java:createCheckpoint(96)) - Created checkpoint in rocksDB at /home/runner/work/ozone/ozone/hadoop-ozone/integration-test/target/test-dir/MiniOzoneClusterImpl-d1b59b44-2044-4343-9d69-28cc870eb01e/omNode-2/db.snapshots/om.db-f7760917-c503-41f8-9324-0f0c1e2d1c29 in 37 milliseconds
2023-02-22 04:46:34,615 [OMDoubleBufferFlushThread] INFO  db.RDBCheckpointManager (RDBCheckpointManager.java:waitForCheckpointDirectoryExist(125)) - Waited for 0 milliseconds for checkpoint directory /home/runner/work/ozone/ozone/hadoop-ozone/integration-test/target/test-dir/MiniOzoneClusterImpl-d1b59b44-2044-4343-9d69-28cc870eb01e/omNode-2/db.snapshots/om.db-f7760917-c503-41f8-9324-0f0c1e2d1c29 availability.
2023-02-22 04:46:34,615 [OMDoubleBufferFlushThread] INFO  om.OmSnapshotManager (OmSnapshotManager.java:createOmSnapshotCheckpoint(163)) - Created checkpoint : /home/runner/work/ozone/ozone/hadoop-ozone/integration-test/target/test-dir/MiniOzoneClusterImpl-d1b59b44-2044-4343-9d69-28cc870eb01e/omNode-2/db.snapshots/om.db-f7760917-c503-41f8-9324-0f0c1e2d1c29 for snapshot snap38937
2023-02-22 04:46:35,579 [OM StateMachine ApplyTransaction Thread - 0] INFO  snapshot.OMSnapshotCreateRequest (OMSnapshotCreateRequest.java:validateAndUpdateCache(180)) - Created snapshot 'snap95121' under path 'vol-86563/buck-32925'
2023-02-22 04:46:35,580 [OM StateMachine ApplyTransaction Thread - 0] INFO  snapshot.OMSnapshotCreateRequest (OMSnapshotCreateRequest.java:validateAndUpdateCache(180)) - Created snapshot 'snap95121' under path 'vol-86563/buck-32925'
2023-02-22 04:46:35,580 [OM StateMachine ApplyTransaction Thread - 0] INFO  snapshot.OMSnapshotCreateRequest (OMSnapshotCreateRequest.java:validateAndUpdateCache(180)) - Created snapshot 'snap95121' under path 'vol-86563/buck-32925'
2023-02-22 04:46:35,593 [OMDoubleBufferFlushThread] INFO  db.RDBCheckpointManager (RDBCheckpointManager.java:createCheckpoint(96)) - Created checkpoint in rocksDB at /home/runner/work/ozone/ozone/hadoop-ozone/integration-test/target/test-dir/MiniOzoneClusterImpl-d1b59b44-2044-4343-9d69-28cc870eb01e/omNode-1/db.snapshots/om.db-dd42bb38-6d8c-4681-ba91-b7ad450645bf in 13 milliseconds
2023-02-22 04:46:35,593 [OMDoubleBufferFlushThread] INFO  db.RDBCheckpointManager (RDBCheckpointManager.java:createCheckpoint(96)) - Created checkpoint in rocksDB at /home/runner/work/ozone/ozone/hadoop-ozone/integration-test/target/test-dir/MiniOzoneClusterImpl-d1b59b44-2044-4343-9d69-28cc870eb01e/omNode-2/db.snapshots/om.db-dd42bb38-6d8c-4681-ba91-b7ad450645bf in 11 milliseconds
2023-02-22 04:46:35,593 [OMDoubleBufferFlushThread] INFO  db.RDBCheckpointManager (RDBCheckpointManager.java:createCheckpoint(96)) - Created checkpoint in rocksDB at /home/runner/work/ozone/ozone/hadoop-ozone/integration-test/target/test-dir/MiniOzoneClusterImpl-d1b59b44-2044-4343-9d69-28cc870eb01e/omNode-3/db.snapshots/om.db-dd42bb38-6d8c-4681-ba91-b7ad450645bf in 12 milliseconds
2023-02-22 04:46:35,594 [OMDoubleBufferFlushThread] INFO  db.RDBCheckpointManager (RDBCheckpointManager.java:waitForCheckpointDirectoryExist(125)) - Waited for 1 milliseconds for checkpoint directory /home/runner/work/ozone/ozone/hadoop-ozone/integration-test/target/test-dir/MiniOzoneClusterImpl-d1b59b44-2044-4343-9d69-28cc870eb01e/omNode-1/db.snapshots/om.db-dd42bb38-6d8c-4681-ba91-b7ad450645bf availability.
2023-02-22 04:46:35,594 [OMDoubleBufferFlushThread] INFO  db.RDBCheckpointManager (RDBCheckpointManager.java:waitForCheckpointDirectoryExist(125)) - Waited for 1 milliseconds for checkpoint directory /home/runner/work/ozone/ozone/hadoop-ozone/integration-test/target/test-dir/MiniOzoneClusterImpl-d1b59b44-2044-4343-9d69-28cc870eb01e/omNode-2/db.snapshots/om.db-dd42bb38-6d8c-4681-ba91-b7ad450645bf availability.
2023-02-22 04:46:35,594 [OMDoubleBufferFlushThread] INFO  om.OmSnapshotManager (OmSnapshotManager.java:createOmSnapshotCheckpoint(163)) - Created checkpoint : /home/runner/work/ozone/ozone/hadoop-ozone/integration-test/target/test-dir/MiniOzoneClusterImpl-d1b59b44-2044-4343-9d69-28cc870eb01e/omNode-1/db.snapshots/om.db-dd42bb38-6d8c-4681-ba91-b7ad450645bf for snapshot snap95121
2023-02-22 04:46:35,594 [OMDoubleBufferFlushThread] INFO  om.OmSnapshotManager (OmSnapshotManager.java:createOmSnapshotCheckpoint(163)) - Created checkpoint : /home/runner/work/ozone/ozone/hadoop-ozone/integration-test/target/test-dir/MiniOzoneClusterImpl-d1b59b44-2044-4343-9d69-28cc870eb01e/omNode-2/db.snapshots/om.db-dd42bb38-6d8c-4681-ba91-b7ad450645bf for snapshot snap95121
2023-02-22 04:46:35,594 [OMDoubleBufferFlushThread] INFO  db.RDBCheckpointManager (RDBCheckpointManager.java:waitForCheckpointDirectoryExist(125)) - Waited for 1 milliseconds for checkpoint directory /home/runner/work/ozone/ozone/hadoop-ozone/integration-test/target/test-dir/MiniOzoneClusterImpl-d1b59b44-2044-4343-9d69-28cc870eb01e/omNode-3/db.snapshots/om.db-dd42bb38-6d8c-4681-ba91-b7ad450645bf availability.
2023-02-22 04:46:35,594 [OMDoubleBufferFlushThread] INFO  om.OmSnapshotManager (OmSnapshotManager.java:createOmSnapshotCheckpoint(163)) - Created checkpoint : /home/runner/work/ozone/ozone/hadoop-ozone/integration-test/target/test-dir/MiniOzoneClusterImpl-d1b59b44-2044-4343-9d69-28cc870eb01e/omNode-3/db.snapshots/om.db-dd42bb38-6d8c-4681-ba91-b7ad450645bf for snapshot snap95121
]]></system-out>
  </testcase>
  <testcase name="testSnapDiffMissingMandatoryParams" classname="TestOmSnapshot" time="2.035">
    <system-out><![CDATA[2023-02-22 04:47:23,842 [Time-limited test] INFO  rpc.RpcClient (RpcClient.java:createVolume(476)) - Creating Volume: vol-58871, with runner as owner and space quota set to -1 bytes, counts quota set to -1
2023-02-22 04:47:23,844 [OM StateMachine ApplyTransaction Thread - 0] INFO  volume.OMVolumeCreateRequest (OMVolumeCreateRequest.java:validateAndUpdateCache(195)) - created volume:vol-58871 for user:runner
2023-02-22 04:47:23,845 [OM StateMachine ApplyTransaction Thread - 0] INFO  volume.OMVolumeCreateRequest (OMVolumeCreateRequest.java:validateAndUpdateCache(195)) - created volume:vol-58871 for user:runner
2023-02-22 04:47:23,845 [OM StateMachine ApplyTransaction Thread - 0] INFO  volume.OMVolumeCreateRequest (OMVolumeCreateRequest.java:validateAndUpdateCache(195)) - created volume:vol-58871 for user:runner
2023-02-22 04:47:23,847 [Time-limited test] INFO  rpc.RpcClient (RpcClient.java:createBucket(698)) - Creating Bucket: vol-58871/buck-08507, with server-side default bucket layout, runner as owner, Versioning false, Storage Type set to DISK and Encryption set to false, Replication Type set to server-side default replication type, Namespace Quota set to -1, Space Quota set to -1 
2023-02-22 04:47:23,848 [OM StateMachine ApplyTransaction Thread - 0] INFO  bucket.OMBucketCreateRequest (OMBucketCreateRequest.java:validateAndUpdateCache(263)) - created bucket: buck-08507 of layout LEGACY in volume: vol-58871
2023-02-22 04:47:23,849 [OM StateMachine ApplyTransaction Thread - 0] INFO  bucket.OMBucketCreateRequest (OMBucketCreateRequest.java:validateAndUpdateCache(263)) - created bucket: buck-08507 of layout LEGACY in volume: vol-58871
2023-02-22 04:47:23,850 [OM StateMachine ApplyTransaction Thread - 0] INFO  bucket.OMBucketCreateRequest (OMBucketCreateRequest.java:validateAndUpdateCache(263)) - created bucket: buck-08507 of layout LEGACY in volume: vol-58871
2023-02-22 04:47:23,869 [OM StateMachine ApplyTransaction Thread - 0] INFO  snapshot.OMSnapshotCreateRequest (OMSnapshotCreateRequest.java:validateAndUpdateCache(180)) - Created snapshot 'snap88669' under path 'vol-58871/buck-08507'
2023-02-22 04:47:23,873 [OM StateMachine ApplyTransaction Thread - 0] INFO  snapshot.OMSnapshotCreateRequest (OMSnapshotCreateRequest.java:validateAndUpdateCache(180)) - Created snapshot 'snap88669' under path 'vol-58871/buck-08507'
2023-02-22 04:47:23,874 [OM StateMachine ApplyTransaction Thread - 0] INFO  snapshot.OMSnapshotCreateRequest (OMSnapshotCreateRequest.java:validateAndUpdateCache(180)) - Created snapshot 'snap88669' under path 'vol-58871/buck-08507'
2023-02-22 04:47:23,902 [OMDoubleBufferFlushThread] INFO  db.RDBCheckpointManager (RDBCheckpointManager.java:createCheckpoint(96)) - Created checkpoint in rocksDB at /home/runner/work/ozone/ozone/hadoop-ozone/integration-test/target/test-dir/MiniOzoneClusterImpl-7cc88fad-c9bf-4c80-b076-d2cf48673a1e/omNode-3/db.snapshots/om.db-f83f3559-e16f-4b11-88ed-18a86b0f327a in 27 milliseconds
2023-02-22 04:47:23,903 [OMDoubleBufferFlushThread] INFO  db.RDBCheckpointManager (RDBCheckpointManager.java:waitForCheckpointDirectoryExist(125)) - Waited for 1 milliseconds for checkpoint directory /home/runner/work/ozone/ozone/hadoop-ozone/integration-test/target/test-dir/MiniOzoneClusterImpl-7cc88fad-c9bf-4c80-b076-d2cf48673a1e/omNode-3/db.snapshots/om.db-f83f3559-e16f-4b11-88ed-18a86b0f327a availability.
2023-02-22 04:47:23,903 [OMDoubleBufferFlushThread] INFO  om.OmSnapshotManager (OmSnapshotManager.java:createOmSnapshotCheckpoint(163)) - Created checkpoint : /home/runner/work/ozone/ozone/hadoop-ozone/integration-test/target/test-dir/MiniOzoneClusterImpl-7cc88fad-c9bf-4c80-b076-d2cf48673a1e/omNode-3/db.snapshots/om.db-f83f3559-e16f-4b11-88ed-18a86b0f327a for snapshot snap88669
2023-02-22 04:47:23,904 [OMDoubleBufferFlushThread] INFO  db.RDBCheckpointManager (RDBCheckpointManager.java:createCheckpoint(96)) - Created checkpoint in rocksDB at /home/runner/work/ozone/ozone/hadoop-ozone/integration-test/target/test-dir/MiniOzoneClusterImpl-7cc88fad-c9bf-4c80-b076-d2cf48673a1e/omNode-1/db.snapshots/om.db-f83f3559-e16f-4b11-88ed-18a86b0f327a in 34 milliseconds
2023-02-22 04:47:23,904 [OMDoubleBufferFlushThread] INFO  db.RDBCheckpointManager (RDBCheckpointManager.java:waitForCheckpointDirectoryExist(125)) - Waited for 0 milliseconds for checkpoint directory /home/runner/work/ozone/ozone/hadoop-ozone/integration-test/target/test-dir/MiniOzoneClusterImpl-7cc88fad-c9bf-4c80-b076-d2cf48673a1e/omNode-1/db.snapshots/om.db-f83f3559-e16f-4b11-88ed-18a86b0f327a availability.
2023-02-22 04:47:23,905 [OMDoubleBufferFlushThread] INFO  om.OmSnapshotManager (OmSnapshotManager.java:createOmSnapshotCheckpoint(163)) - Created checkpoint : /home/runner/work/ozone/ozone/hadoop-ozone/integration-test/target/test-dir/MiniOzoneClusterImpl-7cc88fad-c9bf-4c80-b076-d2cf48673a1e/omNode-1/db.snapshots/om.db-f83f3559-e16f-4b11-88ed-18a86b0f327a for snapshot snap88669
2023-02-22 04:47:23,906 [OMDoubleBufferFlushThread] INFO  db.RDBCheckpointManager (RDBCheckpointManager.java:createCheckpoint(96)) - Created checkpoint in rocksDB at /home/runner/work/ozone/ozone/hadoop-ozone/integration-test/target/test-dir/MiniOzoneClusterImpl-7cc88fad-c9bf-4c80-b076-d2cf48673a1e/omNode-2/db.snapshots/om.db-f83f3559-e16f-4b11-88ed-18a86b0f327a in 31 milliseconds
2023-02-22 04:47:23,906 [OMDoubleBufferFlushThread] INFO  db.RDBCheckpointManager (RDBCheckpointManager.java:waitForCheckpointDirectoryExist(125)) - Waited for 0 milliseconds for checkpoint directory /home/runner/work/ozone/ozone/hadoop-ozone/integration-test/target/test-dir/MiniOzoneClusterImpl-7cc88fad-c9bf-4c80-b076-d2cf48673a1e/omNode-2/db.snapshots/om.db-f83f3559-e16f-4b11-88ed-18a86b0f327a availability.
2023-02-22 04:47:23,906 [OMDoubleBufferFlushThread] INFO  om.OmSnapshotManager (OmSnapshotManager.java:createOmSnapshotCheckpoint(163)) - Created checkpoint : /home/runner/work/ozone/ozone/hadoop-ozone/integration-test/target/test-dir/MiniOzoneClusterImpl-7cc88fad-c9bf-4c80-b076-d2cf48673a1e/omNode-2/db.snapshots/om.db-f83f3559-e16f-4b11-88ed-18a86b0f327a for snapshot snap88669
2023-02-22 04:47:24,873 [OM StateMachine ApplyTransaction Thread - 0] INFO  snapshot.OMSnapshotCreateRequest (OMSnapshotCreateRequest.java:validateAndUpdateCache(180)) - Created snapshot 'snap23516' under path 'vol-58871/buck-08507'
2023-02-22 04:47:24,873 [OM StateMachine ApplyTransaction Thread - 0] INFO  snapshot.OMSnapshotCreateRequest (OMSnapshotCreateRequest.java:validateAndUpdateCache(180)) - Created snapshot 'snap23516' under path 'vol-58871/buck-08507'
2023-02-22 04:47:24,875 [OM StateMachine ApplyTransaction Thread - 0] INFO  snapshot.OMSnapshotCreateRequest (OMSnapshotCreateRequest.java:validateAndUpdateCache(180)) - Created snapshot 'snap23516' under path 'vol-58871/buck-08507'
2023-02-22 04:47:24,891 [OMDoubleBufferFlushThread] INFO  db.RDBCheckpointManager (RDBCheckpointManager.java:createCheckpoint(96)) - Created checkpoint in rocksDB at /home/runner/work/ozone/ozone/hadoop-ozone/integration-test/target/test-dir/MiniOzoneClusterImpl-7cc88fad-c9bf-4c80-b076-d2cf48673a1e/omNode-3/db.snapshots/om.db-16130d96-3219-48a6-9c6d-80c8435c0ed3 in 16 milliseconds
2023-02-22 04:47:24,891 [OMDoubleBufferFlushThread] INFO  db.RDBCheckpointManager (RDBCheckpointManager.java:waitForCheckpointDirectoryExist(125)) - Waited for 0 milliseconds for checkpoint directory /home/runner/work/ozone/ozone/hadoop-ozone/integration-test/target/test-dir/MiniOzoneClusterImpl-7cc88fad-c9bf-4c80-b076-d2cf48673a1e/omNode-3/db.snapshots/om.db-16130d96-3219-48a6-9c6d-80c8435c0ed3 availability.
2023-02-22 04:47:24,891 [OMDoubleBufferFlushThread] INFO  om.OmSnapshotManager (OmSnapshotManager.java:createOmSnapshotCheckpoint(163)) - Created checkpoint : /home/runner/work/ozone/ozone/hadoop-ozone/integration-test/target/test-dir/MiniOzoneClusterImpl-7cc88fad-c9bf-4c80-b076-d2cf48673a1e/omNode-3/db.snapshots/om.db-16130d96-3219-48a6-9c6d-80c8435c0ed3 for snapshot snap23516
2023-02-22 04:47:24,892 [OMDoubleBufferFlushThread] INFO  db.RDBCheckpointManager (RDBCheckpointManager.java:createCheckpoint(96)) - Created checkpoint in rocksDB at /home/runner/work/ozone/ozone/hadoop-ozone/integration-test/target/test-dir/MiniOzoneClusterImpl-7cc88fad-c9bf-4c80-b076-d2cf48673a1e/omNode-1/db.snapshots/om.db-16130d96-3219-48a6-9c6d-80c8435c0ed3 in 17 milliseconds
2023-02-22 04:47:24,893 [OMDoubleBufferFlushThread] INFO  db.RDBCheckpointManager (RDBCheckpointManager.java:waitForCheckpointDirectoryExist(125)) - Waited for 1 milliseconds for checkpoint directory /home/runner/work/ozone/ozone/hadoop-ozone/integration-test/target/test-dir/MiniOzoneClusterImpl-7cc88fad-c9bf-4c80-b076-d2cf48673a1e/omNode-1/db.snapshots/om.db-16130d96-3219-48a6-9c6d-80c8435c0ed3 availability.
2023-02-22 04:47:24,893 [OMDoubleBufferFlushThread] INFO  db.RDBCheckpointManager (RDBCheckpointManager.java:createCheckpoint(96)) - Created checkpoint in rocksDB at /home/runner/work/ozone/ozone/hadoop-ozone/integration-test/target/test-dir/MiniOzoneClusterImpl-7cc88fad-c9bf-4c80-b076-d2cf48673a1e/omNode-2/db.snapshots/om.db-16130d96-3219-48a6-9c6d-80c8435c0ed3 in 16 milliseconds
2023-02-22 04:47:24,893 [OMDoubleBufferFlushThread] INFO  om.OmSnapshotManager (OmSnapshotManager.java:createOmSnapshotCheckpoint(163)) - Created checkpoint : /home/runner/work/ozone/ozone/hadoop-ozone/integration-test/target/test-dir/MiniOzoneClusterImpl-7cc88fad-c9bf-4c80-b076-d2cf48673a1e/omNode-1/db.snapshots/om.db-16130d96-3219-48a6-9c6d-80c8435c0ed3 for snapshot snap23516
2023-02-22 04:47:24,893 [OMDoubleBufferFlushThread] INFO  db.RDBCheckpointManager (RDBCheckpointManager.java:waitForCheckpointDirectoryExist(125)) - Waited for 0 milliseconds for checkpoint directory /home/runner/work/ozone/ozone/hadoop-ozone/integration-test/target/test-dir/MiniOzoneClusterImpl-7cc88fad-c9bf-4c80-b076-d2cf48673a1e/omNode-2/db.snapshots/om.db-16130d96-3219-48a6-9c6d-80c8435c0ed3 availability.
2023-02-22 04:47:24,894 [OMDoubleBufferFlushThread] INFO  om.OmSnapshotManager (OmSnapshotManager.java:createOmSnapshotCheckpoint(163)) - Created checkpoint : /home/runner/work/ozone/ozone/hadoop-ozone/integration-test/target/test-dir/MiniOzoneClusterImpl-7cc88fad-c9bf-4c80-b076-d2cf48673a1e/omNode-2/db.snapshots/om.db-16130d96-3219-48a6-9c6d-80c8435c0ed3 for snapshot snap23516
]]></system-out>
  </testcase>
</testsuite>