<?xml version="1.0" encoding="UTF-8"?>
<testsuite xmlns:xsi="http://www.w3.org/2001/XMLSchema-instance" xsi:noNamespaceSchemaLocation="https://maven.apache.org/surefire/maven-surefire-plugin/xsd/surefire-test-report.xsd" name="org.apache.hadoop.ozone.TestMiniOzoneCluster" time="237.329" tests="5" errors="1" skipped="0" failures="0">
  <properties>
    <property name="awt.toolkit" value="sun.awt.X11.XToolkit"/>
    <property name="file.encoding.pkg" value="sun.io"/>
    <property name="java.specification.version" value="1.8"/>
    <property name="sun.cpu.isalist" value=""/>
    <property name="sun.jnu.encoding" value="UTF-8"/>
    <property name="java.class.path" value="/home/runner/work/ozone/ozone/hadoop-ozone/integration-test/target/test-classes:/home/runner/work/ozone/ozone/hadoop-ozone/integration-test/target/classes:/home/runner/.m2/repository/org/apache/ozone/ozone-common/1.3.0-SNAPSHOT/ozone-common-1.3.0-SNAPSHOT.jar:/home/runner/.m2/repository/org/apache/commons/commons-compress/1.21/commons-compress-1.21.jar:/home/runner/.m2/repository/org/apache/ozone/hdds-common/1.3.0-SNAPSHOT/hdds-common-1.3.0-SNAPSHOT.jar:/home/runner/.m2/repository/org/apache/ozone/hdds-client/1.3.0-SNAPSHOT/hdds-client-1.3.0-SNAPSHOT.jar:/home/runner/.m2/repository/org/apache/ozone/ozone-interface-client/1.3.0-SNAPSHOT/ozone-interface-client-1.3.0-SNAPSHOT.jar:/home/runner/.m2/repository/org/apache/ozone/hdds-test-utils/1.3.0-SNAPSHOT/hdds-test-utils-1.3.0-SNAPSHOT.jar:/home/runner/.m2/repository/com/google/guava/guava/30.1.1-jre/guava-30.1.1-jre.jar:/home/runner/.m2/repository/com/google/guava/failureaccess/1.0.1/failureaccess-1.0.1.jar:/home/runner/.m2/repository/com/google/guava/listenablefuture/9999.0-empty-to-avoid-conflict-with-guava/listenablefuture-9999.0-empty-to-avoid-conflict-with-guava.jar:/home/runner/.m2/repository/com/google/code/findbugs/jsr305/3.0.0/jsr305-3.0.0.jar:/home/runner/.m2/repository/org/checkerframework/checker-qual/3.8.0/checker-qual-3.8.0.jar:/home/runner/.m2/repository/com/google/errorprone/error_prone_annotations/2.2.0/error_prone_annotations-2.2.0.jar:/home/runner/.m2/repository/com/google/j2objc/j2objc-annotations/1.3/j2objc-annotations-1.3.jar:/home/runner/.m2/repository/commons-io/commons-io/2.11.0/commons-io-2.11.0.jar:/home/runner/.m2/repository/commons-logging/commons-logging/1.2/commons-logging-1.2.jar:/home/runner/.m2/repository/log4j/log4j/1.2.17/log4j-1.2.17.jar:/home/runner/.m2/repository/org/slf4j/slf4j-api/1.7.30/slf4j-api-1.7.30.jar:/home/runner/.m2/repository/org/apache/ozone/hdds-server-scm/1.3.0-SNAPSHOT/hdds-server-scm-1.3.0-SNAPSHOT.jar:/home/runner/.m2/repository/org/apache/ozone/hdds-container-service/1.3.0-SNAPSHOT/hdds-container-service-1.3.0-SNAPSHOT.jar:/home/runner/.m2/repository/org/apache/ozone/hdds-hadoop-dependency-server/1.3.0-SNAPSHOT/hdds-hadoop-dependency-server-1.3.0-SNAPSHOT.jar:/home/runner/.m2/repository/org/apache/hadoop/hadoop-hdfs/3.3.1/hadoop-hdfs-3.3.1.jar:/home/runner/.m2/repository/org/apache/ozone/hdds-server-framework/1.3.0-SNAPSHOT/hdds-server-framework-1.3.0-SNAPSHOT.jar:/home/runner/.m2/repository/org/apache/ozone/hdds-interface-server/1.3.0-SNAPSHOT/hdds-interface-server-1.3.0-SNAPSHOT.jar:/home/runner/.m2/repository/org/apache/logging/log4j/log4j-core/2.17.1/log4j-core-2.17.1.jar:/home/runner/.m2/repository/com/lmax/disruptor/3.4.2/disruptor-3.4.2.jar:/home/runner/.m2/repository/org/eclipse/jetty/jetty-servlet/9.4.43.v20210629/jetty-servlet-9.4.43.v20210629.jar:/home/runner/.m2/repository/org/eclipse/jetty/jetty-security/9.4.43.v20210629/jetty-security-9.4.43.v20210629.jar:/home/runner/.m2/repository/org/rocksdb/rocksdbjni/6.25.3/rocksdbjni-6.25.3.jar:/home/runner/.m2/repository/io/prometheus/simpleclient_dropwizard/0.7.0/simpleclient_dropwizard-0.7.0.jar:/home/runner/.m2/repository/io/prometheus/simpleclient/0.7.0/simpleclient-0.7.0.jar:/home/runner/.m2/repository/io/prometheus/simpleclient_common/0.7.0/simpleclient_common-0.7.0.jar:/home/runner/.m2/repository/com/fasterxml/jackson/datatype/jackson-datatype-jsr310/2.12.1/jackson-datatype-jsr310-2.12.1.jar:/home/runner/.m2/repository/io/dropwizard/metrics/metrics-core/3.2.4/metrics-core-3.2.4.jar:/home/runner/.m2/repository/org/apache/hadoop/hadoop-hdfs-client/3.3.1/hadoop-hdfs-client-3.3.1.jar:/home/runner/.m2/repository/org/bouncycastle/bcprov-jdk15on/1.67/bcprov-jdk15on-1.67.jar:/home/runner/.m2/repository/com/google/protobuf/protobuf-java/2.5.0/protobuf-java-2.5.0.jar:/home/runner/.m2/repository/org/apache/ozone/ozone-manager/1.3.0-SNAPSHOT/ozone-manager-1.3.0-SNAPSHOT.jar:/home/runner/.m2/repository/org/aspectj/aspectjrt/1.9.7/aspectjrt-1.9.7.jar:/home/runner/.m2/repository/org/aspectj/aspectjweaver/1.9.7/aspectjweaver-1.9.7.jar:/home/runner/.m2/repository/org/apache/ozone/hdds-interface-client/1.3.0-SNAPSHOT/hdds-interface-client-1.3.0-SNAPSHOT.jar:/home/runner/.m2/repository/org/apache/hadoop/thirdparty/hadoop-shaded-protobuf_3_7/1.1.1/hadoop-shaded-protobuf_3_7-1.1.1.jar:/home/runner/.m2/repository/org/apache/ozone/ozone-interface-storage/1.3.0-SNAPSHOT/ozone-interface-storage-1.3.0-SNAPSHOT.jar:/home/runner/.m2/repository/org/reflections/reflections/0.9.11/reflections-0.9.11.jar:/home/runner/.m2/repository/org/apache/hadoop/hadoop-minikdc/3.3.1/hadoop-minikdc-3.3.1.jar:/home/runner/.m2/repository/org/apache/kerby/kerb-simplekdc/1.0.1/kerb-simplekdc-1.0.1.jar:/home/runner/.m2/repository/org/apache/kerby/kerb-client/1.0.1/kerb-client-1.0.1.jar:/home/runner/.m2/repository/org/apache/kerby/kerby-config/1.0.1/kerby-config-1.0.1.jar:/home/runner/.m2/repository/org/apache/kerby/kerb-common/1.0.1/kerb-common-1.0.1.jar:/home/runner/.m2/repository/org/apache/kerby/kerb-crypto/1.0.1/kerb-crypto-1.0.1.jar:/home/runner/.m2/repository/org/apache/kerby/kerb-util/1.0.1/kerb-util-1.0.1.jar:/home/runner/.m2/repository/org/apache/kerby/token-provider/1.0.1/token-provider-1.0.1.jar:/home/runner/.m2/repository/org/apache/kerby/kerb-admin/1.0.1/kerb-admin-1.0.1.jar:/home/runner/.m2/repository/org/apache/kerby/kerb-server/1.0.1/kerb-server-1.0.1.jar:/home/runner/.m2/repository/org/apache/kerby/kerb-identity/1.0.1/kerb-identity-1.0.1.jar:/home/runner/.m2/repository/org/apache/kerby/kerby-xdr/1.0.1/kerby-xdr-1.0.1.jar:/home/runner/.m2/repository/org/slf4j/slf4j-log4j12/1.7.30/slf4j-log4j12-1.7.30.jar:/home/runner/.m2/repository/org/apache/ozone/ozone-s3gateway/1.3.0-SNAPSHOT/ozone-s3gateway-1.3.0-SNAPSHOT.jar:/home/runner/.m2/repository/org/javassist/javassist/3.21.0-GA/javassist-3.21.0-GA.jar:/home/runner/.m2/repository/org/jboss/weld/servlet/weld-servlet/2.4.7.Final/weld-servlet-2.4.7.Final.jar:/home/runner/.m2/repository/org/glassfish/jersey/containers/jersey-container-servlet-core/2.33/jersey-container-servlet-core-2.33.jar:/home/runner/.m2/repository/org/glassfish/hk2/external/jakarta.inject/2.6.1/jakarta.inject-2.6.1.jar:/home/runner/.m2/repository/org/glassfish/jersey/core/jersey-common/2.33/jersey-common-2.33.jar:/home/runner/.m2/repository/jakarta/ws/rs/jakarta.ws.rs-api/2.1.6/jakarta.ws.rs-api-2.1.6.jar:/home/runner/.m2/repository/org/glassfish/jersey/ext/cdi/jersey-cdi1x/2.33/jersey-cdi1x-2.33.jar:/home/runner/.m2/repository/org/glassfish/jersey/inject/jersey-hk2/2.33/jersey-hk2-2.33.jar:/home/runner/.m2/repository/org/glassfish/hk2/hk2-locator/2.6.1/hk2-locator-2.6.1.jar:/home/runner/.m2/repository/org/glassfish/jersey/media/jersey-media-jaxb/2.33/jersey-media-jaxb-2.33.jar:/home/runner/.m2/repository/org/glassfish/hk2/osgi-resource-locator/1.0.3/osgi-resource-locator-1.0.3.jar:/home/runner/.m2/repository/org/glassfish/hk2/hk2-api/2.5.0/hk2-api-2.5.0.jar:/home/runner/.m2/repository/org/glassfish/hk2/hk2-utils/2.5.0/hk2-utils-2.5.0.jar:/home/runner/.m2/repository/org/glassfish/hk2/external/aopalliance-repackaged/2.5.0/aopalliance-repackaged-2.5.0.jar:/home/runner/.m2/repository/com/fasterxml/jackson/dataformat/jackson-dataformat-xml/2.12.1/jackson-dataformat-xml-2.12.1.jar:/home/runner/.m2/repository/com/fasterxml/jackson/core/jackson-core/2.12.1/jackson-core-2.12.1.jar:/home/runner/.m2/repository/com/fasterxml/jackson/module/jackson-module-jaxb-annotations/2.12.1/jackson-module-jaxb-annotations-2.12.1.jar:/home/runner/.m2/repository/jakarta/xml/bind/jakarta.xml.bind-api/2.3.2/jakarta.xml.bind-api-2.3.2.jar:/home/runner/.m2/repository/org/codehaus/woodstox/stax2-api/3.1.4/stax2-api-3.1.4.jar:/home/runner/.m2/repository/com/fasterxml/woodstox/woodstox-core/5.0.3/woodstox-core-5.0.3.jar:/home/runner/.m2/repository/javax/enterprise/cdi-api/1.2/cdi-api-1.2.jar:/home/runner/.m2/repository/javax/el/javax.el-api/3.0.0/javax.el-api-3.0.0.jar:/home/runner/.m2/repository/javax/interceptor/javax.interceptor-api/1.2/javax.interceptor-api-1.2.jar:/home/runner/.m2/repository/javax/inject/javax.inject/1/javax.inject-1.jar:/home/runner/.m2/repository/javax/xml/bind/jaxb-api/2.3.0/jaxb-api-2.3.0.jar:/home/runner/.m2/repository/org/glassfish/jaxb/jaxb-runtime/2.3.0.1/jaxb-runtime-2.3.0.1.jar:/home/runner/.m2/repository/org/glassfish/jaxb/jaxb-core/2.3.0.1/jaxb-core-2.3.0.1.jar:/home/runner/.m2/repository/org/glassfish/jaxb/txw2/2.3.0.1/txw2-2.3.0.1.jar:/home/runner/.m2/repository/com/sun/istack/istack-commons-runtime/3.0.5/istack-commons-runtime-3.0.5.jar:/home/runner/.m2/repository/org/jvnet/staxex/stax-ex/1.7.8/stax-ex-1.7.8.jar:/home/runner/.m2/repository/com/sun/xml/fastinfoset/FastInfoset/1.2.13/FastInfoset-1.2.13.jar:/home/runner/.m2/repository/javax/activation/activation/1.1.1/activation-1.1.1.jar:/home/runner/.m2/repository/org/apache/ozone/ozone-csi/1.3.0-SNAPSHOT/ozone-csi-1.3.0-SNAPSHOT.jar:/home/runner/.m2/repository/com/google/protobuf/protobuf-java-util/3.12.0/protobuf-java-util-3.12.0.jar:/home/runner/.m2/repository/com/google/code/gson/gson/2.2.4/gson-2.2.4.jar:/home/runner/.m2/repository/org/apache/ozone/hdds-config/1.3.0-SNAPSHOT/hdds-config-1.3.0-SNAPSHOT.jar:/home/runner/.m2/repository/io/grpc/grpc-netty/1.33.0/grpc-netty-1.33.0.jar:/home/runner/.m2/repository/io/grpc/grpc-core/1.33.0/grpc-core-1.33.0.jar:/home/runner/.m2/repository/com/google/android/annotations/4.1.1.4/annotations-4.1.1.4.jar:/home/runner/.m2/repository/io/netty/netty-codec-http2/4.1.63.Final/netty-codec-http2-4.1.63.Final.jar:/home/runner/.m2/repository/io/netty/netty-codec-http/4.1.63.Final/netty-codec-http-4.1.63.Final.jar:/home/runner/.m2/repository/io/netty/netty-handler-proxy/4.1.63.Final/netty-handler-proxy-4.1.63.Final.jar:/home/runner/.m2/repository/io/netty/netty-codec-socks/4.1.63.Final/netty-codec-socks-4.1.63.Final.jar:/home/runner/.m2/repository/io/perfmark/perfmark-api/0.19.0/perfmark-api-0.19.0.jar:/home/runner/.m2/repository/org/codehaus/mojo/animal-sniffer-annotations/1.18/animal-sniffer-annotations-1.18.jar:/home/runner/.m2/repository/io/netty/netty-transport-native-epoll/4.1.63.Final/netty-transport-native-epoll-4.1.63.Final.jar:/home/runner/.m2/repository/io/netty/netty-common/4.1.63.Final/netty-common-4.1.63.Final.jar:/home/runner/.m2/repository/io/netty/netty-buffer/4.1.63.Final/netty-buffer-4.1.63.Final.jar:/home/runner/.m2/repository/io/netty/netty-transport-native-unix-common/4.1.63.Final/netty-transport-native-unix-common-4.1.63.Final.jar:/home/runner/.m2/repository/io/grpc/grpc-protobuf/1.33.0/grpc-protobuf-1.33.0.jar:/home/runner/.m2/repository/io/grpc/grpc-api/1.33.0/grpc-api-1.33.0.jar:/home/runner/.m2/repository/io/grpc/grpc-context/1.33.0/grpc-context-1.33.0.jar:/home/runner/.m2/repository/com/google/api/grpc/proto-google-common-protos/1.17.0/proto-google-common-protos-1.17.0.jar:/home/runner/.m2/repository/io/grpc/grpc-protobuf-lite/1.33.0/grpc-protobuf-lite-1.33.0.jar:/home/runner/.m2/repository/io/grpc/grpc-stub/1.33.0/grpc-stub-1.33.0.jar:/home/runner/.m2/repository/org/apache/ozone/ozone-recon/1.3.0-SNAPSHOT/ozone-recon-1.3.0-SNAPSHOT.jar:/home/runner/.m2/repository/org/apache/ozone/ozone-reconcodegen/1.3.0-SNAPSHOT/ozone-reconcodegen-1.3.0-SNAPSHOT.jar:/home/runner/.m2/repository/com/google/inject/extensions/guice-multibindings/4.0/guice-multibindings-4.0.jar:/home/runner/.m2/repository/com/google/inject/guice/4.0/guice-4.0.jar:/home/runner/.m2/repository/aopalliance/aopalliance/1.0/aopalliance-1.0.jar:/home/runner/.m2/repository/com/google/inject/extensions/guice-assistedinject/4.0/guice-assistedinject-4.0.jar:/home/runner/.m2/repository/com/google/inject/extensions/guice-servlet/4.0/guice-servlet-4.0.jar:/home/runner/.m2/repository/org/glassfish/jersey/containers/jersey-container-servlet/2.33/jersey-container-servlet-2.33.jar:/home/runner/.m2/repository/org/glassfish/hk2/guice-bridge/2.5.0/guice-bridge-2.5.0.jar:/home/runner/.m2/repository/org/glassfish/jersey/core/jersey-server/2.33/jersey-server-2.33.jar:/home/runner/.m2/repository/org/glassfish/jersey/core/jersey-client/2.33/jersey-client-2.33.jar:/home/runner/.m2/repository/jakarta/annotation/jakarta.annotation-api/1.3.5/jakarta.annotation-api-1.3.5.jar:/home/runner/.m2/repository/jakarta/validation/jakarta.validation-api/2.0.2/jakarta.validation-api-2.0.2.jar:/home/runner/.m2/repository/org/glassfish/jersey/media/jersey-media-json-jackson/2.33/jersey-media-json-jackson-2.33.jar:/home/runner/.m2/repository/org/glassfish/jersey/ext/jersey-entity-filtering/2.33/jersey-entity-filtering-2.33.jar:/home/runner/.m2/repository/org/jooq/jooq/3.11.10/jooq-3.11.10.jar:/home/runner/.m2/repository/org/jooq/jooq-meta/3.11.10/jooq-meta-3.11.10.jar:/home/runner/.m2/repository/org/jooq/jooq-codegen/3.11.10/jooq-codegen-3.11.10.jar:/home/runner/.m2/repository/com/jolbox/bonecp/0.8.0.RELEASE/bonecp-0.8.0.RELEASE.jar:/home/runner/.m2/repository/org/apache/derby/derby/10.14.2.0/derby-10.14.2.0.jar:/home/runner/.m2/repository/org/xerial/sqlite-jdbc/3.25.2/sqlite-jdbc-3.25.2.jar:/home/runner/.m2/repository/org/springframework/spring-jdbc/5.2.18.RELEASE/spring-jdbc-5.2.18.RELEASE.jar:/home/runner/.m2/repository/org/springframework/spring-beans/5.2.18.RELEASE/spring-beans-5.2.18.RELEASE.jar:/home/runner/.m2/repository/org/springframework/spring-core/5.2.18.RELEASE/spring-core-5.2.18.RELEASE.jar:/home/runner/.m2/repository/org/springframework/spring-jcl/5.2.18.RELEASE/spring-jcl-5.2.18.RELEASE.jar:/home/runner/.m2/repository/org/springframework/spring-tx/5.2.18.RELEASE/spring-tx-5.2.18.RELEASE.jar:/home/runner/.m2/repository/org/apache/ozone/ozone-client/1.3.0-SNAPSHOT/ozone-client-1.3.0-SNAPSHOT.jar:/home/runner/.m2/repository/org/apache/ozone/ozone-filesystem/1.3.0-SNAPSHOT/ozone-filesystem-1.3.0-SNAPSHOT.jar:/home/runner/.m2/repository/org/apache/ozone/ozone-filesystem-common/1.3.0-SNAPSHOT/ozone-filesystem-common-1.3.0-SNAPSHOT.jar:/home/runner/.m2/repository/org/apache/ozone/ozone-tools/1.3.0-SNAPSHOT/ozone-tools-1.3.0-SNAPSHOT.jar:/home/runner/.m2/repository/org/apache/ratis/ratis-tools/2.2.0/ratis-tools-2.2.0.jar:/home/runner/.m2/repository/com/amazonaws/aws-java-sdk-core/1.12.124/aws-java-sdk-core-1.12.124.jar:/home/runner/.m2/repository/org/apache/httpcomponents/httpclient/4.5.13/httpclient-4.5.13.jar:/home/runner/.m2/repository/org/apache/httpcomponents/httpcore/4.4.13/httpcore-4.4.13.jar:/home/runner/.m2/repository/software/amazon/ion/ion-java/1.0.2/ion-java-1.0.2.jar:/home/runner/.m2/repository/com/fasterxml/jackson/dataformat/jackson-dataformat-cbor/2.12.1/jackson-dataformat-cbor-2.12.1.jar:/home/runner/.m2/repository/joda-time/joda-time/2.8.1/joda-time-2.8.1.jar:/home/runner/.m2/repository/com/amazonaws/aws-java-sdk-s3/1.12.124/aws-java-sdk-s3-1.12.124.jar:/home/runner/.m2/repository/com/amazonaws/aws-java-sdk-kms/1.12.124/aws-java-sdk-kms-1.12.124.jar:/home/runner/.m2/repository/com/amazonaws/jmespath-java/1.12.124/jmespath-java-1.12.124.jar:/home/runner/.m2/repository/org/kohsuke/metainf-services/metainf-services/1.8/metainf-services-1.8.jar:/home/runner/.m2/repository/org/apache/ozone/hdds-tools/1.3.0-SNAPSHOT/hdds-tools-1.3.0-SNAPSHOT.jar:/home/runner/.m2/repository/commons-cli/commons-cli/1.2/commons-cli-1.2.jar:/home/runner/.m2/repository/org/apache/commons/commons-lang3/3.7/commons-lang3-3.7.jar:/home/runner/.m2/repository/org/apache/ozone/ozone-manager/1.3.0-SNAPSHOT/ozone-manager-1.3.0-SNAPSHOT-tests.jar:/home/runner/.m2/repository/org/apache/ozone/hdds-common/1.3.0-SNAPSHOT/hdds-common-1.3.0-SNAPSHOT-tests.jar:/home/runner/.m2/repository/org/apache/ozone/hdds-hadoop-dependency-client/1.3.0-SNAPSHOT/hdds-hadoop-dependency-client-1.3.0-SNAPSHOT.jar:/home/runner/.m2/repository/info/picocli/picocli/4.6.1/picocli-4.6.1.jar:/home/runner/.m2/repository/com/fasterxml/jackson/core/jackson-annotations/2.12.1/jackson-annotations-2.12.1.jar:/home/runner/.m2/repository/javax/annotation/javax.annotation-api/1.2/javax.annotation-api-1.2.jar:/home/runner/.m2/repository/org/apache/ratis/ratis-server/2.2.0/ratis-server-2.2.0.jar:/home/runner/.m2/repository/org/apache/ratis/ratis-client/2.2.0/ratis-client-2.2.0.jar:/home/runner/.m2/repository/org/apache/ratis/ratis-server-api/2.2.0/ratis-server-api-2.2.0.jar:/home/runner/.m2/repository/org/apache/ratis/ratis-metrics/2.2.0/ratis-metrics-2.2.0.jar:/home/runner/.m2/repository/org/apache/ratis/ratis-netty/2.2.0/ratis-netty-2.2.0.jar:/home/runner/.m2/repository/org/apache/ratis/ratis-grpc/2.2.0/ratis-grpc-2.2.0.jar:/home/runner/.m2/repository/org/apache/logging/log4j/log4j-api/2.17.1/log4j-api-2.17.1.jar:/home/runner/.m2/repository/org/apache/commons/commons-pool2/2.6.0/commons-pool2-2.6.0.jar:/home/runner/.m2/repository/org/bouncycastle/bcpkix-jdk15on/1.67/bcpkix-jdk15on-1.67.jar:/home/runner/.m2/repository/commons-validator/commons-validator/1.6/commons-validator-1.6.jar:/home/runner/.m2/repository/commons-beanutils/commons-beanutils/1.9.4/commons-beanutils-1.9.4.jar:/home/runner/.m2/repository/commons-digester/commons-digester/1.8.1/commons-digester-1.8.1.jar:/home/runner/.m2/repository/commons-collections/commons-collections/3.2.2/commons-collections-3.2.2.jar:/home/runner/.m2/repository/io/jaegertracing/jaeger-client/1.6.0/jaeger-client-1.6.0.jar:/home/runner/.m2/repository/io/jaegertracing/jaeger-thrift/1.6.0/jaeger-thrift-1.6.0.jar:/home/runner/.m2/repository/org/apache/thrift/libthrift/0.14.1/libthrift-0.14.1.jar:/home/runner/.m2/repository/com/squareup/okhttp3/okhttp/4.9.0/okhttp-4.9.0.jar:/home/runner/.m2/repository/com/squareup/okio/okio/2.8.0/okio-2.8.0.jar:/home/runner/.m2/repository/io/jaegertracing/jaeger-core/1.6.0/jaeger-core-1.6.0.jar:/home/runner/.m2/repository/io/jaegertracing/jaeger-tracerresolver/1.6.0/jaeger-tracerresolver-1.6.0.jar:/home/runner/.m2/repository/io/opentracing/contrib/opentracing-tracerresolver/0.1.8/opentracing-tracerresolver-0.1.8.jar:/home/runner/.m2/repository/org/jetbrains/kotlin/kotlin-stdlib/1.4.31/kotlin-stdlib-1.4.31.jar:/home/runner/.m2/repository/org/jetbrains/kotlin/kotlin-stdlib-common/1.4.31/kotlin-stdlib-common-1.4.31.jar:/home/runner/.m2/repository/org/jetbrains/annotations/13.0/annotations-13.0.jar:/home/runner/.m2/repository/io/opentracing/opentracing-util/0.33.0/opentracing-util-0.33.0.jar:/home/runner/.m2/repository/io/opentracing/opentracing-api/0.33.0/opentracing-api-0.33.0.jar:/home/runner/.m2/repository/io/opentracing/opentracing-noop/0.33.0/opentracing-noop-0.33.0.jar:/home/runner/.m2/repository/org/yaml/snakeyaml/1.26/snakeyaml-1.26.jar:/home/runner/.m2/repository/org/apache/ozone/hdds-interface-admin/1.3.0-SNAPSHOT/hdds-interface-admin-1.3.0-SNAPSHOT.jar:/home/runner/.m2/repository/junit/junit/4.13.1/junit-4.13.1.jar:/home/runner/.m2/repository/org/hamcrest/hamcrest-core/1.3/hamcrest-core-1.3.jar:/home/runner/.m2/repository/org/junit/jupiter/junit-jupiter-api/5.7.0/junit-jupiter-api-5.7.0.jar:/home/runner/.m2/repository/org/apiguardian/apiguardian-api/1.1.0/apiguardian-api-1.1.0.jar:/home/runner/.m2/repository/org/opentest4j/opentest4j/1.2.0/opentest4j-1.2.0.jar:/home/runner/.m2/repository/org/junit/platform/junit-platform-commons/1.7.0/junit-platform-commons-1.7.0.jar:/home/runner/.m2/repository/org/junit/jupiter/junit-jupiter-engine/5.7.0/junit-jupiter-engine-5.7.0.jar:/home/runner/.m2/repository/org/junit/platform/junit-platform-engine/1.7.0/junit-platform-engine-1.7.0.jar:/home/runner/.m2/repository/org/junit/vintage/junit-vintage-engine/5.7.0/junit-vintage-engine-5.7.0.jar:/home/runner/.m2/repository/org/junit/platform/junit-platform-launcher/1.7.0/junit-platform-launcher-1.7.0.jar:/home/runner/.m2/repository/org/mockito/mockito-core/2.28.2/mockito-core-2.28.2.jar:/home/runner/.m2/repository/net/bytebuddy/byte-buddy/1.9.10/byte-buddy-1.9.10.jar:/home/runner/.m2/repository/net/bytebuddy/byte-buddy-agent/1.9.10/byte-buddy-agent-1.9.10.jar:/home/runner/.m2/repository/org/objenesis/objenesis/1.0/objenesis-1.0.jar:/home/runner/.m2/repository/org/apache/hadoop/hadoop-kms/3.3.1/hadoop-kms-3.3.1.jar:/home/runner/.m2/repository/org/apache/hadoop/hadoop-auth/3.3.1/hadoop-auth-3.3.1.jar:/home/runner/.m2/repository/com/nimbusds/nimbus-jose-jwt/7.9/nimbus-jose-jwt-7.9.jar:/home/runner/.m2/repository/com/github/stephenc/jcip/jcip-annotations/1.0-1/jcip-annotations-1.0-1.jar:/home/runner/.m2/repository/net/minidev/json-smart/2.4.7/json-smart-2.4.7.jar:/home/runner/.m2/repository/net/minidev/accessors-smart/2.4.7/accessors-smart-2.4.7.jar:/home/runner/.m2/repository/org/ow2/asm/asm/5.0.4/asm-5.0.4.jar:/home/runner/.m2/repository/org/apache/zookeeper/zookeeper/3.5.6/zookeeper-3.5.6.jar:/home/runner/.m2/repository/org/apache/zookeeper/zookeeper-jute/3.5.6/zookeeper-jute-3.5.6.jar:/home/runner/.m2/repository/org/apache/yetus/audience-annotations/0.5.0/audience-annotations-0.5.0.jar:/home/runner/.m2/repository/org/apache/curator/curator-framework/4.2.0/curator-framework-4.2.0.jar:/home/runner/.m2/repository/org/apache/hadoop/thirdparty/hadoop-shaded-guava/1.1.1/hadoop-shaded-guava-1.1.1.jar:/home/runner/.m2/repository/com/sun/jersey/jersey-core/1.19/jersey-core-1.19.jar:/home/runner/.m2/repository/javax/ws/rs/jsr311-api/1.1.1/jsr311-api-1.1.1.jar:/home/runner/.m2/repository/com/sun/jersey/jersey-server/1.19/jersey-server-1.19.jar:/home/runner/.m2/repository/javax/servlet/javax.servlet-api/3.1.0/javax.servlet-api-3.1.0.jar:/home/runner/.m2/repository/org/eclipse/jetty/jetty-server/9.4.43.v20210629/jetty-server-9.4.43.v20210629.jar:/home/runner/.m2/repository/org/eclipse/jetty/jetty-http/9.4.43.v20210629/jetty-http-9.4.43.v20210629.jar:/home/runner/.m2/repository/org/eclipse/jetty/jetty-io/9.4.43.v20210629/jetty-io-9.4.43.v20210629.jar:/home/runner/.m2/repository/org/eclipse/jetty/jetty-webapp/9.4.43.v20210629/jetty-webapp-9.4.43.v20210629.jar:/home/runner/.m2/repository/org/eclipse/jetty/jetty-xml/9.4.43.v20210629/jetty-xml-9.4.43.v20210629.jar:/home/runner/.m2/repository/org/apache/hadoop/hadoop-common/3.3.1/hadoop-common-3.3.1.jar:/home/runner/.m2/repository/org/apache/commons/commons-math3/3.1.1/commons-math3-3.1.1.jar:/home/runner/.m2/repository/commons-net/commons-net/3.6/commons-net-3.6.jar:/home/runner/.m2/repository/jakarta/activation/jakarta.activation-api/1.2.1/jakarta.activation-api-1.2.1.jar:/home/runner/.m2/repository/com/sun/jersey/jersey-servlet/1.19/jersey-servlet-1.19.jar:/home/runner/.m2/repository/com/sun/jersey/jersey-json/1.19/jersey-json-1.19.jar:/home/runner/.m2/repository/org/codehaus/jettison/jettison/1.1/jettison-1.1.jar:/home/runner/.m2/repository/com/sun/xml/bind/jaxb-impl/2.2.3-1/jaxb-impl-2.2.3-1.jar:/home/runner/.m2/repository/org/codehaus/jackson/jackson-jaxrs/1.9.2/jackson-jaxrs-1.9.2.jar:/home/runner/.m2/repository/org/codehaus/jackson/jackson-xc/1.9.2/jackson-xc-1.9.2.jar:/home/runner/.m2/repository/org/apache/commons/commons-configuration2/2.1.1/commons-configuration2-2.1.1.jar:/home/runner/.m2/repository/org/apache/commons/commons-text/1.4/commons-text-1.4.jar:/home/runner/.m2/repository/com/google/re2j/re2j/1.1/re2j-1.1.jar:/home/runner/.m2/repository/com/jcraft/jsch/0.1.54/jsch-0.1.54.jar:/home/runner/.m2/repository/org/apache/curator/curator-client/4.2.0/curator-client-4.2.0.jar:/home/runner/.m2/repository/org/apache/curator/curator-recipes/4.2.0/curator-recipes-4.2.0.jar:/home/runner/.m2/repository/org/apache/kerby/kerb-core/1.0.1/kerb-core-1.0.1.jar:/home/runner/.m2/repository/org/apache/kerby/kerby-pkix/1.0.1/kerby-pkix-1.0.1.jar:/home/runner/.m2/repository/org/apache/kerby/kerby-asn1/1.0.1/kerby-asn1-1.0.1.jar:/home/runner/.m2/repository/org/apache/kerby/kerby-util/1.0.1/kerby-util-1.0.1.jar:/home/runner/.m2/repository/dnsjava/dnsjava/2.1.7/dnsjava-2.1.7.jar:/home/runner/.m2/repository/org/xerial/snappy/snappy-java/1.1.8.2/snappy-java-1.1.8.2.jar:/home/runner/.m2/repository/org/slf4j/jul-to-slf4j/1.7.30/jul-to-slf4j-1.7.30.jar:/home/runner/.m2/repository/org/eclipse/jetty/jetty-util/9.4.43.v20210629/jetty-util-9.4.43.v20210629.jar:/home/runner/.m2/repository/com/fasterxml/jackson/core/jackson-databind/2.12.1/jackson-databind-2.12.1.jar:/home/runner/.m2/repository/org/apache/hadoop/hadoop-kms/3.3.1/hadoop-kms-3.3.1-tests.jar:/home/runner/.m2/repository/org/apache/ozone/hdds-server-scm/1.3.0-SNAPSHOT/hdds-server-scm-1.3.0-SNAPSHOT-tests.jar:/home/runner/.m2/repository/org/apache/ozone/hdds-container-service/1.3.0-SNAPSHOT/hdds-container-service-1.3.0-SNAPSHOT-tests.jar:/home/runner/.m2/repository/commons-codec/commons-codec/1.11/commons-codec-1.11.jar:/home/runner/.m2/repository/io/netty/netty-transport/4.1.63.Final/netty-transport-4.1.63.Final.jar:/home/runner/.m2/repository/io/netty/netty-resolver/4.1.63.Final/netty-resolver-4.1.63.Final.jar:/home/runner/.m2/repository/io/netty/netty-codec/4.1.63.Final/netty-codec-4.1.63.Final.jar:/home/runner/.m2/repository/io/netty/netty-handler/4.1.63.Final/netty-handler-4.1.63.Final.jar:/home/runner/.m2/repository/org/apache/ozone/hdds-hadoop-dependency-test/1.3.0-SNAPSHOT/hdds-hadoop-dependency-test-1.3.0-SNAPSHOT.jar:/home/runner/.m2/repository/org/apache/hadoop/hadoop-common/3.3.1/hadoop-common-3.3.1-tests.jar:/home/runner/.m2/repository/org/assertj/assertj-core/3.12.2/assertj-core-3.12.2.jar:/home/runner/.m2/repository/org/apache/hadoop/hadoop-hdfs/3.3.1/hadoop-hdfs-3.3.1-tests.jar:/home/runner/.m2/repository/org/eclipse/jetty/jetty-util-ajax/9.4.43.v20210629/jetty-util-ajax-9.4.43.v20210629.jar:/home/runner/.m2/repository/commons-daemon/commons-daemon/1.0.13/commons-daemon-1.0.13.jar:/home/runner/.m2/repository/io/netty/netty/3.10.6.Final/netty-3.10.6.Final.jar:/home/runner/.m2/repository/io/netty/netty-all/4.1.63.Final/netty-all-4.1.63.Final.jar:/home/runner/.m2/repository/org/apache/htrace/htrace-core4/4.1.0-incubating/htrace-core4-4.1.0-incubating.jar:/home/runner/.m2/repository/org/fusesource/leveldbjni/leveldbjni-all/1.8/leveldbjni-all-1.8.jar:/home/runner/.m2/repository/org/apache/hadoop/hadoop-distcp/3.3.1/hadoop-distcp-3.3.1.jar:/home/runner/.m2/repository/org/apache/hadoop/hadoop-mapreduce-client-jobclient/3.3.1/hadoop-mapreduce-client-jobclient-3.3.1.jar:/home/runner/.m2/repository/org/apache/hadoop/hadoop-mapreduce-client-common/3.3.1/hadoop-mapreduce-client-common-3.3.1.jar:/home/runner/.m2/repository/org/apache/hadoop/hadoop-yarn-common/3.3.1/hadoop-yarn-common-3.3.1.jar:/home/runner/.m2/repository/org/apache/hadoop/hadoop-yarn-api/3.3.1/hadoop-yarn-api-3.3.1.jar:/home/runner/.m2/repository/com/sun/jersey/jersey-client/1.19/jersey-client-1.19.jar:/home/runner/.m2/repository/com/sun/jersey/contribs/jersey-guice/1.19/jersey-guice-1.19.jar:/home/runner/.m2/repository/com/fasterxml/jackson/jaxrs/jackson-jaxrs-json-provider/2.12.1/jackson-jaxrs-json-provider-2.12.1.jar:/home/runner/.m2/repository/com/fasterxml/jackson/jaxrs/jackson-jaxrs-base/2.12.1/jackson-jaxrs-base-2.12.1.jar:/home/runner/.m2/repository/org/apache/hadoop/hadoop-yarn-client/3.3.1/hadoop-yarn-client-3.3.1.jar:/home/runner/.m2/repository/org/eclipse/jetty/websocket/websocket-client/9.4.40.v20210413/websocket-client-9.4.40.v20210413.jar:/home/runner/.m2/repository/org/eclipse/jetty/jetty-client/9.4.40.v20210413/jetty-client-9.4.40.v20210413.jar:/home/runner/.m2/repository/org/eclipse/jetty/websocket/websocket-common/9.4.40.v20210413/websocket-common-9.4.40.v20210413.jar:/home/runner/.m2/repository/org/eclipse/jetty/websocket/websocket-api/9.4.40.v20210413/websocket-api-9.4.40.v20210413.jar:/home/runner/.m2/repository/org/jline/jline/3.9.0/jline-3.9.0.jar:/home/runner/.m2/repository/org/apache/hadoop/hadoop-mapreduce-client-core/3.3.1/hadoop-mapreduce-client-core-3.3.1.jar:/home/runner/.m2/repository/org/apache/avro/avro/1.7.7/avro-1.7.7.jar:/home/runner/.m2/repository/org/codehaus/jackson/jackson-core-asl/1.9.13/jackson-core-asl-1.9.13.jar:/home/runner/.m2/repository/org/codehaus/jackson/jackson-mapper-asl/1.9.13/jackson-mapper-asl-1.9.13.jar:/home/runner/.m2/repository/com/thoughtworks/paranamer/paranamer/2.3/paranamer-2.3.jar:/home/runner/.m2/repository/org/apache/hadoop/hadoop-annotations/3.3.1/hadoop-annotations-3.3.1.jar:/usr/lib/jvm/temurin-8-jdk-amd64/jre/../lib/tools.jar:/home/runner/.m2/repository/org/apache/hadoop/hadoop-distcp/3.3.1/hadoop-distcp-3.3.1-tests.jar:/home/runner/.m2/repository/org/apache/ratis/ratis-common/2.2.0/ratis-common-2.2.0.jar:/home/runner/.m2/repository/org/apache/ratis/ratis-thirdparty-misc/0.7.0/ratis-thirdparty-misc-0.7.0.jar:/home/runner/.m2/repository/org/apache/ratis/ratis-proto/2.2.0/ratis-proto-2.2.0.jar:"/>
    <property name="java.vm.vendor" value="Temurin"/>
    <property name="sun.arch.data.model" value="64"/>
    <property name="test.build.dir" value="/home/runner/work/ozone/ozone/hadoop-ozone/integration-test/target/test-dir"/>
    <property name="test.cache.data" value=""/>
    <property name="java.vendor.url" value="https://adoptium.net/"/>
    <property name="user.timezone" value=""/>
    <property name="java.vm.specification.version" value="1.8"/>
    <property name="os.name" value="Linux"/>
    <property name="test.build.data" value="/home/runner/work/ozone/ozone/hadoop-ozone/integration-test/target/test-dir"/>
    <property name="sun.java.launcher" value="SUN_STANDARD"/>
    <property name="sun.boot.library.path" value="/usr/lib/jvm/temurin-8-jdk-amd64/jre/lib/amd64"/>
    <property name="sun.java.command" value="/home/runner/work/ozone/ozone/hadoop-ozone/integration-test/target/surefire/surefirebooter1705626540247098997.jar /home/runner/work/ozone/ozone/hadoop-ozone/integration-test/target/surefire 2022-03-12T12-47-40_567-jvmRun1 surefire5529562544024630413tmp surefire_854954507131209275407tmp"/>
    <property name="surefire.test.class.path" value="/home/runner/work/ozone/ozone/hadoop-ozone/integration-test/target/test-classes:/home/runner/work/ozone/ozone/hadoop-ozone/integration-test/target/classes:/home/runner/.m2/repository/org/apache/ozone/ozone-common/1.3.0-SNAPSHOT/ozone-common-1.3.0-SNAPSHOT.jar:/home/runner/.m2/repository/org/apache/commons/commons-compress/1.21/commons-compress-1.21.jar:/home/runner/.m2/repository/org/apache/ozone/hdds-common/1.3.0-SNAPSHOT/hdds-common-1.3.0-SNAPSHOT.jar:/home/runner/.m2/repository/org/apache/ozone/hdds-client/1.3.0-SNAPSHOT/hdds-client-1.3.0-SNAPSHOT.jar:/home/runner/.m2/repository/org/apache/ozone/ozone-interface-client/1.3.0-SNAPSHOT/ozone-interface-client-1.3.0-SNAPSHOT.jar:/home/runner/.m2/repository/org/apache/ozone/hdds-test-utils/1.3.0-SNAPSHOT/hdds-test-utils-1.3.0-SNAPSHOT.jar:/home/runner/.m2/repository/com/google/guava/guava/30.1.1-jre/guava-30.1.1-jre.jar:/home/runner/.m2/repository/com/google/guava/failureaccess/1.0.1/failureaccess-1.0.1.jar:/home/runner/.m2/repository/com/google/guava/listenablefuture/9999.0-empty-to-avoid-conflict-with-guava/listenablefuture-9999.0-empty-to-avoid-conflict-with-guava.jar:/home/runner/.m2/repository/com/google/code/findbugs/jsr305/3.0.0/jsr305-3.0.0.jar:/home/runner/.m2/repository/org/checkerframework/checker-qual/3.8.0/checker-qual-3.8.0.jar:/home/runner/.m2/repository/com/google/errorprone/error_prone_annotations/2.2.0/error_prone_annotations-2.2.0.jar:/home/runner/.m2/repository/com/google/j2objc/j2objc-annotations/1.3/j2objc-annotations-1.3.jar:/home/runner/.m2/repository/commons-io/commons-io/2.11.0/commons-io-2.11.0.jar:/home/runner/.m2/repository/commons-logging/commons-logging/1.2/commons-logging-1.2.jar:/home/runner/.m2/repository/log4j/log4j/1.2.17/log4j-1.2.17.jar:/home/runner/.m2/repository/org/slf4j/slf4j-api/1.7.30/slf4j-api-1.7.30.jar:/home/runner/.m2/repository/org/apache/ozone/hdds-server-scm/1.3.0-SNAPSHOT/hdds-server-scm-1.3.0-SNAPSHOT.jar:/home/runner/.m2/repository/org/apache/ozone/hdds-container-service/1.3.0-SNAPSHOT/hdds-container-service-1.3.0-SNAPSHOT.jar:/home/runner/.m2/repository/org/apache/ozone/hdds-hadoop-dependency-server/1.3.0-SNAPSHOT/hdds-hadoop-dependency-server-1.3.0-SNAPSHOT.jar:/home/runner/.m2/repository/org/apache/hadoop/hadoop-hdfs/3.3.1/hadoop-hdfs-3.3.1.jar:/home/runner/.m2/repository/org/apache/ozone/hdds-server-framework/1.3.0-SNAPSHOT/hdds-server-framework-1.3.0-SNAPSHOT.jar:/home/runner/.m2/repository/org/apache/ozone/hdds-interface-server/1.3.0-SNAPSHOT/hdds-interface-server-1.3.0-SNAPSHOT.jar:/home/runner/.m2/repository/org/apache/logging/log4j/log4j-core/2.17.1/log4j-core-2.17.1.jar:/home/runner/.m2/repository/com/lmax/disruptor/3.4.2/disruptor-3.4.2.jar:/home/runner/.m2/repository/org/eclipse/jetty/jetty-servlet/9.4.43.v20210629/jetty-servlet-9.4.43.v20210629.jar:/home/runner/.m2/repository/org/eclipse/jetty/jetty-security/9.4.43.v20210629/jetty-security-9.4.43.v20210629.jar:/home/runner/.m2/repository/org/rocksdb/rocksdbjni/6.25.3/rocksdbjni-6.25.3.jar:/home/runner/.m2/repository/io/prometheus/simpleclient_dropwizard/0.7.0/simpleclient_dropwizard-0.7.0.jar:/home/runner/.m2/repository/io/prometheus/simpleclient/0.7.0/simpleclient-0.7.0.jar:/home/runner/.m2/repository/io/prometheus/simpleclient_common/0.7.0/simpleclient_common-0.7.0.jar:/home/runner/.m2/repository/com/fasterxml/jackson/datatype/jackson-datatype-jsr310/2.12.1/jackson-datatype-jsr310-2.12.1.jar:/home/runner/.m2/repository/io/dropwizard/metrics/metrics-core/3.2.4/metrics-core-3.2.4.jar:/home/runner/.m2/repository/org/apache/hadoop/hadoop-hdfs-client/3.3.1/hadoop-hdfs-client-3.3.1.jar:/home/runner/.m2/repository/org/bouncycastle/bcprov-jdk15on/1.67/bcprov-jdk15on-1.67.jar:/home/runner/.m2/repository/com/google/protobuf/protobuf-java/2.5.0/protobuf-java-2.5.0.jar:/home/runner/.m2/repository/org/apache/ozone/ozone-manager/1.3.0-SNAPSHOT/ozone-manager-1.3.0-SNAPSHOT.jar:/home/runner/.m2/repository/org/aspectj/aspectjrt/1.9.7/aspectjrt-1.9.7.jar:/home/runner/.m2/repository/org/aspectj/aspectjweaver/1.9.7/aspectjweaver-1.9.7.jar:/home/runner/.m2/repository/org/apache/ozone/hdds-interface-client/1.3.0-SNAPSHOT/hdds-interface-client-1.3.0-SNAPSHOT.jar:/home/runner/.m2/repository/org/apache/hadoop/thirdparty/hadoop-shaded-protobuf_3_7/1.1.1/hadoop-shaded-protobuf_3_7-1.1.1.jar:/home/runner/.m2/repository/org/apache/ozone/ozone-interface-storage/1.3.0-SNAPSHOT/ozone-interface-storage-1.3.0-SNAPSHOT.jar:/home/runner/.m2/repository/org/reflections/reflections/0.9.11/reflections-0.9.11.jar:/home/runner/.m2/repository/org/apache/hadoop/hadoop-minikdc/3.3.1/hadoop-minikdc-3.3.1.jar:/home/runner/.m2/repository/org/apache/kerby/kerb-simplekdc/1.0.1/kerb-simplekdc-1.0.1.jar:/home/runner/.m2/repository/org/apache/kerby/kerb-client/1.0.1/kerb-client-1.0.1.jar:/home/runner/.m2/repository/org/apache/kerby/kerby-config/1.0.1/kerby-config-1.0.1.jar:/home/runner/.m2/repository/org/apache/kerby/kerb-common/1.0.1/kerb-common-1.0.1.jar:/home/runner/.m2/repository/org/apache/kerby/kerb-crypto/1.0.1/kerb-crypto-1.0.1.jar:/home/runner/.m2/repository/org/apache/kerby/kerb-util/1.0.1/kerb-util-1.0.1.jar:/home/runner/.m2/repository/org/apache/kerby/token-provider/1.0.1/token-provider-1.0.1.jar:/home/runner/.m2/repository/org/apache/kerby/kerb-admin/1.0.1/kerb-admin-1.0.1.jar:/home/runner/.m2/repository/org/apache/kerby/kerb-server/1.0.1/kerb-server-1.0.1.jar:/home/runner/.m2/repository/org/apache/kerby/kerb-identity/1.0.1/kerb-identity-1.0.1.jar:/home/runner/.m2/repository/org/apache/kerby/kerby-xdr/1.0.1/kerby-xdr-1.0.1.jar:/home/runner/.m2/repository/org/slf4j/slf4j-log4j12/1.7.30/slf4j-log4j12-1.7.30.jar:/home/runner/.m2/repository/org/apache/ozone/ozone-s3gateway/1.3.0-SNAPSHOT/ozone-s3gateway-1.3.0-SNAPSHOT.jar:/home/runner/.m2/repository/org/javassist/javassist/3.21.0-GA/javassist-3.21.0-GA.jar:/home/runner/.m2/repository/org/jboss/weld/servlet/weld-servlet/2.4.7.Final/weld-servlet-2.4.7.Final.jar:/home/runner/.m2/repository/org/glassfish/jersey/containers/jersey-container-servlet-core/2.33/jersey-container-servlet-core-2.33.jar:/home/runner/.m2/repository/org/glassfish/hk2/external/jakarta.inject/2.6.1/jakarta.inject-2.6.1.jar:/home/runner/.m2/repository/org/glassfish/jersey/core/jersey-common/2.33/jersey-common-2.33.jar:/home/runner/.m2/repository/jakarta/ws/rs/jakarta.ws.rs-api/2.1.6/jakarta.ws.rs-api-2.1.6.jar:/home/runner/.m2/repository/org/glassfish/jersey/ext/cdi/jersey-cdi1x/2.33/jersey-cdi1x-2.33.jar:/home/runner/.m2/repository/org/glassfish/jersey/inject/jersey-hk2/2.33/jersey-hk2-2.33.jar:/home/runner/.m2/repository/org/glassfish/hk2/hk2-locator/2.6.1/hk2-locator-2.6.1.jar:/home/runner/.m2/repository/org/glassfish/jersey/media/jersey-media-jaxb/2.33/jersey-media-jaxb-2.33.jar:/home/runner/.m2/repository/org/glassfish/hk2/osgi-resource-locator/1.0.3/osgi-resource-locator-1.0.3.jar:/home/runner/.m2/repository/org/glassfish/hk2/hk2-api/2.5.0/hk2-api-2.5.0.jar:/home/runner/.m2/repository/org/glassfish/hk2/hk2-utils/2.5.0/hk2-utils-2.5.0.jar:/home/runner/.m2/repository/org/glassfish/hk2/external/aopalliance-repackaged/2.5.0/aopalliance-repackaged-2.5.0.jar:/home/runner/.m2/repository/com/fasterxml/jackson/dataformat/jackson-dataformat-xml/2.12.1/jackson-dataformat-xml-2.12.1.jar:/home/runner/.m2/repository/com/fasterxml/jackson/core/jackson-core/2.12.1/jackson-core-2.12.1.jar:/home/runner/.m2/repository/com/fasterxml/jackson/module/jackson-module-jaxb-annotations/2.12.1/jackson-module-jaxb-annotations-2.12.1.jar:/home/runner/.m2/repository/jakarta/xml/bind/jakarta.xml.bind-api/2.3.2/jakarta.xml.bind-api-2.3.2.jar:/home/runner/.m2/repository/org/codehaus/woodstox/stax2-api/3.1.4/stax2-api-3.1.4.jar:/home/runner/.m2/repository/com/fasterxml/woodstox/woodstox-core/5.0.3/woodstox-core-5.0.3.jar:/home/runner/.m2/repository/javax/enterprise/cdi-api/1.2/cdi-api-1.2.jar:/home/runner/.m2/repository/javax/el/javax.el-api/3.0.0/javax.el-api-3.0.0.jar:/home/runner/.m2/repository/javax/interceptor/javax.interceptor-api/1.2/javax.interceptor-api-1.2.jar:/home/runner/.m2/repository/javax/inject/javax.inject/1/javax.inject-1.jar:/home/runner/.m2/repository/javax/xml/bind/jaxb-api/2.3.0/jaxb-api-2.3.0.jar:/home/runner/.m2/repository/org/glassfish/jaxb/jaxb-runtime/2.3.0.1/jaxb-runtime-2.3.0.1.jar:/home/runner/.m2/repository/org/glassfish/jaxb/jaxb-core/2.3.0.1/jaxb-core-2.3.0.1.jar:/home/runner/.m2/repository/org/glassfish/jaxb/txw2/2.3.0.1/txw2-2.3.0.1.jar:/home/runner/.m2/repository/com/sun/istack/istack-commons-runtime/3.0.5/istack-commons-runtime-3.0.5.jar:/home/runner/.m2/repository/org/jvnet/staxex/stax-ex/1.7.8/stax-ex-1.7.8.jar:/home/runner/.m2/repository/com/sun/xml/fastinfoset/FastInfoset/1.2.13/FastInfoset-1.2.13.jar:/home/runner/.m2/repository/javax/activation/activation/1.1.1/activation-1.1.1.jar:/home/runner/.m2/repository/org/apache/ozone/ozone-csi/1.3.0-SNAPSHOT/ozone-csi-1.3.0-SNAPSHOT.jar:/home/runner/.m2/repository/com/google/protobuf/protobuf-java-util/3.12.0/protobuf-java-util-3.12.0.jar:/home/runner/.m2/repository/com/google/code/gson/gson/2.2.4/gson-2.2.4.jar:/home/runner/.m2/repository/org/apache/ozone/hdds-config/1.3.0-SNAPSHOT/hdds-config-1.3.0-SNAPSHOT.jar:/home/runner/.m2/repository/io/grpc/grpc-netty/1.33.0/grpc-netty-1.33.0.jar:/home/runner/.m2/repository/io/grpc/grpc-core/1.33.0/grpc-core-1.33.0.jar:/home/runner/.m2/repository/com/google/android/annotations/4.1.1.4/annotations-4.1.1.4.jar:/home/runner/.m2/repository/io/netty/netty-codec-http2/4.1.63.Final/netty-codec-http2-4.1.63.Final.jar:/home/runner/.m2/repository/io/netty/netty-codec-http/4.1.63.Final/netty-codec-http-4.1.63.Final.jar:/home/runner/.m2/repository/io/netty/netty-handler-proxy/4.1.63.Final/netty-handler-proxy-4.1.63.Final.jar:/home/runner/.m2/repository/io/netty/netty-codec-socks/4.1.63.Final/netty-codec-socks-4.1.63.Final.jar:/home/runner/.m2/repository/io/perfmark/perfmark-api/0.19.0/perfmark-api-0.19.0.jar:/home/runner/.m2/repository/org/codehaus/mojo/animal-sniffer-annotations/1.18/animal-sniffer-annotations-1.18.jar:/home/runner/.m2/repository/io/netty/netty-transport-native-epoll/4.1.63.Final/netty-transport-native-epoll-4.1.63.Final.jar:/home/runner/.m2/repository/io/netty/netty-common/4.1.63.Final/netty-common-4.1.63.Final.jar:/home/runner/.m2/repository/io/netty/netty-buffer/4.1.63.Final/netty-buffer-4.1.63.Final.jar:/home/runner/.m2/repository/io/netty/netty-transport-native-unix-common/4.1.63.Final/netty-transport-native-unix-common-4.1.63.Final.jar:/home/runner/.m2/repository/io/grpc/grpc-protobuf/1.33.0/grpc-protobuf-1.33.0.jar:/home/runner/.m2/repository/io/grpc/grpc-api/1.33.0/grpc-api-1.33.0.jar:/home/runner/.m2/repository/io/grpc/grpc-context/1.33.0/grpc-context-1.33.0.jar:/home/runner/.m2/repository/com/google/api/grpc/proto-google-common-protos/1.17.0/proto-google-common-protos-1.17.0.jar:/home/runner/.m2/repository/io/grpc/grpc-protobuf-lite/1.33.0/grpc-protobuf-lite-1.33.0.jar:/home/runner/.m2/repository/io/grpc/grpc-stub/1.33.0/grpc-stub-1.33.0.jar:/home/runner/.m2/repository/org/apache/ozone/ozone-recon/1.3.0-SNAPSHOT/ozone-recon-1.3.0-SNAPSHOT.jar:/home/runner/.m2/repository/org/apache/ozone/ozone-reconcodegen/1.3.0-SNAPSHOT/ozone-reconcodegen-1.3.0-SNAPSHOT.jar:/home/runner/.m2/repository/com/google/inject/extensions/guice-multibindings/4.0/guice-multibindings-4.0.jar:/home/runner/.m2/repository/com/google/inject/guice/4.0/guice-4.0.jar:/home/runner/.m2/repository/aopalliance/aopalliance/1.0/aopalliance-1.0.jar:/home/runner/.m2/repository/com/google/inject/extensions/guice-assistedinject/4.0/guice-assistedinject-4.0.jar:/home/runner/.m2/repository/com/google/inject/extensions/guice-servlet/4.0/guice-servlet-4.0.jar:/home/runner/.m2/repository/org/glassfish/jersey/containers/jersey-container-servlet/2.33/jersey-container-servlet-2.33.jar:/home/runner/.m2/repository/org/glassfish/hk2/guice-bridge/2.5.0/guice-bridge-2.5.0.jar:/home/runner/.m2/repository/org/glassfish/jersey/core/jersey-server/2.33/jersey-server-2.33.jar:/home/runner/.m2/repository/org/glassfish/jersey/core/jersey-client/2.33/jersey-client-2.33.jar:/home/runner/.m2/repository/jakarta/annotation/jakarta.annotation-api/1.3.5/jakarta.annotation-api-1.3.5.jar:/home/runner/.m2/repository/jakarta/validation/jakarta.validation-api/2.0.2/jakarta.validation-api-2.0.2.jar:/home/runner/.m2/repository/org/glassfish/jersey/media/jersey-media-json-jackson/2.33/jersey-media-json-jackson-2.33.jar:/home/runner/.m2/repository/org/glassfish/jersey/ext/jersey-entity-filtering/2.33/jersey-entity-filtering-2.33.jar:/home/runner/.m2/repository/org/jooq/jooq/3.11.10/jooq-3.11.10.jar:/home/runner/.m2/repository/org/jooq/jooq-meta/3.11.10/jooq-meta-3.11.10.jar:/home/runner/.m2/repository/org/jooq/jooq-codegen/3.11.10/jooq-codegen-3.11.10.jar:/home/runner/.m2/repository/com/jolbox/bonecp/0.8.0.RELEASE/bonecp-0.8.0.RELEASE.jar:/home/runner/.m2/repository/org/apache/derby/derby/10.14.2.0/derby-10.14.2.0.jar:/home/runner/.m2/repository/org/xerial/sqlite-jdbc/3.25.2/sqlite-jdbc-3.25.2.jar:/home/runner/.m2/repository/org/springframework/spring-jdbc/5.2.18.RELEASE/spring-jdbc-5.2.18.RELEASE.jar:/home/runner/.m2/repository/org/springframework/spring-beans/5.2.18.RELEASE/spring-beans-5.2.18.RELEASE.jar:/home/runner/.m2/repository/org/springframework/spring-core/5.2.18.RELEASE/spring-core-5.2.18.RELEASE.jar:/home/runner/.m2/repository/org/springframework/spring-jcl/5.2.18.RELEASE/spring-jcl-5.2.18.RELEASE.jar:/home/runner/.m2/repository/org/springframework/spring-tx/5.2.18.RELEASE/spring-tx-5.2.18.RELEASE.jar:/home/runner/.m2/repository/org/apache/ozone/ozone-client/1.3.0-SNAPSHOT/ozone-client-1.3.0-SNAPSHOT.jar:/home/runner/.m2/repository/org/apache/ozone/ozone-filesystem/1.3.0-SNAPSHOT/ozone-filesystem-1.3.0-SNAPSHOT.jar:/home/runner/.m2/repository/org/apache/ozone/ozone-filesystem-common/1.3.0-SNAPSHOT/ozone-filesystem-common-1.3.0-SNAPSHOT.jar:/home/runner/.m2/repository/org/apache/ozone/ozone-tools/1.3.0-SNAPSHOT/ozone-tools-1.3.0-SNAPSHOT.jar:/home/runner/.m2/repository/org/apache/ratis/ratis-tools/2.2.0/ratis-tools-2.2.0.jar:/home/runner/.m2/repository/com/amazonaws/aws-java-sdk-core/1.12.124/aws-java-sdk-core-1.12.124.jar:/home/runner/.m2/repository/org/apache/httpcomponents/httpclient/4.5.13/httpclient-4.5.13.jar:/home/runner/.m2/repository/org/apache/httpcomponents/httpcore/4.4.13/httpcore-4.4.13.jar:/home/runner/.m2/repository/software/amazon/ion/ion-java/1.0.2/ion-java-1.0.2.jar:/home/runner/.m2/repository/com/fasterxml/jackson/dataformat/jackson-dataformat-cbor/2.12.1/jackson-dataformat-cbor-2.12.1.jar:/home/runner/.m2/repository/joda-time/joda-time/2.8.1/joda-time-2.8.1.jar:/home/runner/.m2/repository/com/amazonaws/aws-java-sdk-s3/1.12.124/aws-java-sdk-s3-1.12.124.jar:/home/runner/.m2/repository/com/amazonaws/aws-java-sdk-kms/1.12.124/aws-java-sdk-kms-1.12.124.jar:/home/runner/.m2/repository/com/amazonaws/jmespath-java/1.12.124/jmespath-java-1.12.124.jar:/home/runner/.m2/repository/org/kohsuke/metainf-services/metainf-services/1.8/metainf-services-1.8.jar:/home/runner/.m2/repository/org/apache/ozone/hdds-tools/1.3.0-SNAPSHOT/hdds-tools-1.3.0-SNAPSHOT.jar:/home/runner/.m2/repository/commons-cli/commons-cli/1.2/commons-cli-1.2.jar:/home/runner/.m2/repository/org/apache/commons/commons-lang3/3.7/commons-lang3-3.7.jar:/home/runner/.m2/repository/org/apache/ozone/ozone-manager/1.3.0-SNAPSHOT/ozone-manager-1.3.0-SNAPSHOT-tests.jar:/home/runner/.m2/repository/org/apache/ozone/hdds-common/1.3.0-SNAPSHOT/hdds-common-1.3.0-SNAPSHOT-tests.jar:/home/runner/.m2/repository/org/apache/ozone/hdds-hadoop-dependency-client/1.3.0-SNAPSHOT/hdds-hadoop-dependency-client-1.3.0-SNAPSHOT.jar:/home/runner/.m2/repository/info/picocli/picocli/4.6.1/picocli-4.6.1.jar:/home/runner/.m2/repository/com/fasterxml/jackson/core/jackson-annotations/2.12.1/jackson-annotations-2.12.1.jar:/home/runner/.m2/repository/javax/annotation/javax.annotation-api/1.2/javax.annotation-api-1.2.jar:/home/runner/.m2/repository/org/apache/ratis/ratis-server/2.2.0/ratis-server-2.2.0.jar:/home/runner/.m2/repository/org/apache/ratis/ratis-client/2.2.0/ratis-client-2.2.0.jar:/home/runner/.m2/repository/org/apache/ratis/ratis-server-api/2.2.0/ratis-server-api-2.2.0.jar:/home/runner/.m2/repository/org/apache/ratis/ratis-metrics/2.2.0/ratis-metrics-2.2.0.jar:/home/runner/.m2/repository/org/apache/ratis/ratis-netty/2.2.0/ratis-netty-2.2.0.jar:/home/runner/.m2/repository/org/apache/ratis/ratis-grpc/2.2.0/ratis-grpc-2.2.0.jar:/home/runner/.m2/repository/org/apache/logging/log4j/log4j-api/2.17.1/log4j-api-2.17.1.jar:/home/runner/.m2/repository/org/apache/commons/commons-pool2/2.6.0/commons-pool2-2.6.0.jar:/home/runner/.m2/repository/org/bouncycastle/bcpkix-jdk15on/1.67/bcpkix-jdk15on-1.67.jar:/home/runner/.m2/repository/commons-validator/commons-validator/1.6/commons-validator-1.6.jar:/home/runner/.m2/repository/commons-beanutils/commons-beanutils/1.9.4/commons-beanutils-1.9.4.jar:/home/runner/.m2/repository/commons-digester/commons-digester/1.8.1/commons-digester-1.8.1.jar:/home/runner/.m2/repository/commons-collections/commons-collections/3.2.2/commons-collections-3.2.2.jar:/home/runner/.m2/repository/io/jaegertracing/jaeger-client/1.6.0/jaeger-client-1.6.0.jar:/home/runner/.m2/repository/io/jaegertracing/jaeger-thrift/1.6.0/jaeger-thrift-1.6.0.jar:/home/runner/.m2/repository/org/apache/thrift/libthrift/0.14.1/libthrift-0.14.1.jar:/home/runner/.m2/repository/com/squareup/okhttp3/okhttp/4.9.0/okhttp-4.9.0.jar:/home/runner/.m2/repository/com/squareup/okio/okio/2.8.0/okio-2.8.0.jar:/home/runner/.m2/repository/io/jaegertracing/jaeger-core/1.6.0/jaeger-core-1.6.0.jar:/home/runner/.m2/repository/io/jaegertracing/jaeger-tracerresolver/1.6.0/jaeger-tracerresolver-1.6.0.jar:/home/runner/.m2/repository/io/opentracing/contrib/opentracing-tracerresolver/0.1.8/opentracing-tracerresolver-0.1.8.jar:/home/runner/.m2/repository/org/jetbrains/kotlin/kotlin-stdlib/1.4.31/kotlin-stdlib-1.4.31.jar:/home/runner/.m2/repository/org/jetbrains/kotlin/kotlin-stdlib-common/1.4.31/kotlin-stdlib-common-1.4.31.jar:/home/runner/.m2/repository/org/jetbrains/annotations/13.0/annotations-13.0.jar:/home/runner/.m2/repository/io/opentracing/opentracing-util/0.33.0/opentracing-util-0.33.0.jar:/home/runner/.m2/repository/io/opentracing/opentracing-api/0.33.0/opentracing-api-0.33.0.jar:/home/runner/.m2/repository/io/opentracing/opentracing-noop/0.33.0/opentracing-noop-0.33.0.jar:/home/runner/.m2/repository/org/yaml/snakeyaml/1.26/snakeyaml-1.26.jar:/home/runner/.m2/repository/org/apache/ozone/hdds-interface-admin/1.3.0-SNAPSHOT/hdds-interface-admin-1.3.0-SNAPSHOT.jar:/home/runner/.m2/repository/junit/junit/4.13.1/junit-4.13.1.jar:/home/runner/.m2/repository/org/hamcrest/hamcrest-core/1.3/hamcrest-core-1.3.jar:/home/runner/.m2/repository/org/junit/jupiter/junit-jupiter-api/5.7.0/junit-jupiter-api-5.7.0.jar:/home/runner/.m2/repository/org/apiguardian/apiguardian-api/1.1.0/apiguardian-api-1.1.0.jar:/home/runner/.m2/repository/org/opentest4j/opentest4j/1.2.0/opentest4j-1.2.0.jar:/home/runner/.m2/repository/org/junit/platform/junit-platform-commons/1.7.0/junit-platform-commons-1.7.0.jar:/home/runner/.m2/repository/org/junit/jupiter/junit-jupiter-engine/5.7.0/junit-jupiter-engine-5.7.0.jar:/home/runner/.m2/repository/org/junit/platform/junit-platform-engine/1.7.0/junit-platform-engine-1.7.0.jar:/home/runner/.m2/repository/org/junit/vintage/junit-vintage-engine/5.7.0/junit-vintage-engine-5.7.0.jar:/home/runner/.m2/repository/org/junit/platform/junit-platform-launcher/1.7.0/junit-platform-launcher-1.7.0.jar:/home/runner/.m2/repository/org/mockito/mockito-core/2.28.2/mockito-core-2.28.2.jar:/home/runner/.m2/repository/net/bytebuddy/byte-buddy/1.9.10/byte-buddy-1.9.10.jar:/home/runner/.m2/repository/net/bytebuddy/byte-buddy-agent/1.9.10/byte-buddy-agent-1.9.10.jar:/home/runner/.m2/repository/org/objenesis/objenesis/1.0/objenesis-1.0.jar:/home/runner/.m2/repository/org/apache/hadoop/hadoop-kms/3.3.1/hadoop-kms-3.3.1.jar:/home/runner/.m2/repository/org/apache/hadoop/hadoop-auth/3.3.1/hadoop-auth-3.3.1.jar:/home/runner/.m2/repository/com/nimbusds/nimbus-jose-jwt/7.9/nimbus-jose-jwt-7.9.jar:/home/runner/.m2/repository/com/github/stephenc/jcip/jcip-annotations/1.0-1/jcip-annotations-1.0-1.jar:/home/runner/.m2/repository/net/minidev/json-smart/2.4.7/json-smart-2.4.7.jar:/home/runner/.m2/repository/net/minidev/accessors-smart/2.4.7/accessors-smart-2.4.7.jar:/home/runner/.m2/repository/org/ow2/asm/asm/5.0.4/asm-5.0.4.jar:/home/runner/.m2/repository/org/apache/zookeeper/zookeeper/3.5.6/zookeeper-3.5.6.jar:/home/runner/.m2/repository/org/apache/zookeeper/zookeeper-jute/3.5.6/zookeeper-jute-3.5.6.jar:/home/runner/.m2/repository/org/apache/yetus/audience-annotations/0.5.0/audience-annotations-0.5.0.jar:/home/runner/.m2/repository/org/apache/curator/curator-framework/4.2.0/curator-framework-4.2.0.jar:/home/runner/.m2/repository/org/apache/hadoop/thirdparty/hadoop-shaded-guava/1.1.1/hadoop-shaded-guava-1.1.1.jar:/home/runner/.m2/repository/com/sun/jersey/jersey-core/1.19/jersey-core-1.19.jar:/home/runner/.m2/repository/javax/ws/rs/jsr311-api/1.1.1/jsr311-api-1.1.1.jar:/home/runner/.m2/repository/com/sun/jersey/jersey-server/1.19/jersey-server-1.19.jar:/home/runner/.m2/repository/javax/servlet/javax.servlet-api/3.1.0/javax.servlet-api-3.1.0.jar:/home/runner/.m2/repository/org/eclipse/jetty/jetty-server/9.4.43.v20210629/jetty-server-9.4.43.v20210629.jar:/home/runner/.m2/repository/org/eclipse/jetty/jetty-http/9.4.43.v20210629/jetty-http-9.4.43.v20210629.jar:/home/runner/.m2/repository/org/eclipse/jetty/jetty-io/9.4.43.v20210629/jetty-io-9.4.43.v20210629.jar:/home/runner/.m2/repository/org/eclipse/jetty/jetty-webapp/9.4.43.v20210629/jetty-webapp-9.4.43.v20210629.jar:/home/runner/.m2/repository/org/eclipse/jetty/jetty-xml/9.4.43.v20210629/jetty-xml-9.4.43.v20210629.jar:/home/runner/.m2/repository/org/apache/hadoop/hadoop-common/3.3.1/hadoop-common-3.3.1.jar:/home/runner/.m2/repository/org/apache/commons/commons-math3/3.1.1/commons-math3-3.1.1.jar:/home/runner/.m2/repository/commons-net/commons-net/3.6/commons-net-3.6.jar:/home/runner/.m2/repository/jakarta/activation/jakarta.activation-api/1.2.1/jakarta.activation-api-1.2.1.jar:/home/runner/.m2/repository/com/sun/jersey/jersey-servlet/1.19/jersey-servlet-1.19.jar:/home/runner/.m2/repository/com/sun/jersey/jersey-json/1.19/jersey-json-1.19.jar:/home/runner/.m2/repository/org/codehaus/jettison/jettison/1.1/jettison-1.1.jar:/home/runner/.m2/repository/com/sun/xml/bind/jaxb-impl/2.2.3-1/jaxb-impl-2.2.3-1.jar:/home/runner/.m2/repository/org/codehaus/jackson/jackson-jaxrs/1.9.2/jackson-jaxrs-1.9.2.jar:/home/runner/.m2/repository/org/codehaus/jackson/jackson-xc/1.9.2/jackson-xc-1.9.2.jar:/home/runner/.m2/repository/org/apache/commons/commons-configuration2/2.1.1/commons-configuration2-2.1.1.jar:/home/runner/.m2/repository/org/apache/commons/commons-text/1.4/commons-text-1.4.jar:/home/runner/.m2/repository/com/google/re2j/re2j/1.1/re2j-1.1.jar:/home/runner/.m2/repository/com/jcraft/jsch/0.1.54/jsch-0.1.54.jar:/home/runner/.m2/repository/org/apache/curator/curator-client/4.2.0/curator-client-4.2.0.jar:/home/runner/.m2/repository/org/apache/curator/curator-recipes/4.2.0/curator-recipes-4.2.0.jar:/home/runner/.m2/repository/org/apache/kerby/kerb-core/1.0.1/kerb-core-1.0.1.jar:/home/runner/.m2/repository/org/apache/kerby/kerby-pkix/1.0.1/kerby-pkix-1.0.1.jar:/home/runner/.m2/repository/org/apache/kerby/kerby-asn1/1.0.1/kerby-asn1-1.0.1.jar:/home/runner/.m2/repository/org/apache/kerby/kerby-util/1.0.1/kerby-util-1.0.1.jar:/home/runner/.m2/repository/dnsjava/dnsjava/2.1.7/dnsjava-2.1.7.jar:/home/runner/.m2/repository/org/xerial/snappy/snappy-java/1.1.8.2/snappy-java-1.1.8.2.jar:/home/runner/.m2/repository/org/slf4j/jul-to-slf4j/1.7.30/jul-to-slf4j-1.7.30.jar:/home/runner/.m2/repository/org/eclipse/jetty/jetty-util/9.4.43.v20210629/jetty-util-9.4.43.v20210629.jar:/home/runner/.m2/repository/com/fasterxml/jackson/core/jackson-databind/2.12.1/jackson-databind-2.12.1.jar:/home/runner/.m2/repository/org/apache/hadoop/hadoop-kms/3.3.1/hadoop-kms-3.3.1-tests.jar:/home/runner/.m2/repository/org/apache/ozone/hdds-server-scm/1.3.0-SNAPSHOT/hdds-server-scm-1.3.0-SNAPSHOT-tests.jar:/home/runner/.m2/repository/org/apache/ozone/hdds-container-service/1.3.0-SNAPSHOT/hdds-container-service-1.3.0-SNAPSHOT-tests.jar:/home/runner/.m2/repository/commons-codec/commons-codec/1.11/commons-codec-1.11.jar:/home/runner/.m2/repository/io/netty/netty-transport/4.1.63.Final/netty-transport-4.1.63.Final.jar:/home/runner/.m2/repository/io/netty/netty-resolver/4.1.63.Final/netty-resolver-4.1.63.Final.jar:/home/runner/.m2/repository/io/netty/netty-codec/4.1.63.Final/netty-codec-4.1.63.Final.jar:/home/runner/.m2/repository/io/netty/netty-handler/4.1.63.Final/netty-handler-4.1.63.Final.jar:/home/runner/.m2/repository/org/apache/ozone/hdds-hadoop-dependency-test/1.3.0-SNAPSHOT/hdds-hadoop-dependency-test-1.3.0-SNAPSHOT.jar:/home/runner/.m2/repository/org/apache/hadoop/hadoop-common/3.3.1/hadoop-common-3.3.1-tests.jar:/home/runner/.m2/repository/org/assertj/assertj-core/3.12.2/assertj-core-3.12.2.jar:/home/runner/.m2/repository/org/apache/hadoop/hadoop-hdfs/3.3.1/hadoop-hdfs-3.3.1-tests.jar:/home/runner/.m2/repository/org/eclipse/jetty/jetty-util-ajax/9.4.43.v20210629/jetty-util-ajax-9.4.43.v20210629.jar:/home/runner/.m2/repository/commons-daemon/commons-daemon/1.0.13/commons-daemon-1.0.13.jar:/home/runner/.m2/repository/io/netty/netty/3.10.6.Final/netty-3.10.6.Final.jar:/home/runner/.m2/repository/io/netty/netty-all/4.1.63.Final/netty-all-4.1.63.Final.jar:/home/runner/.m2/repository/org/apache/htrace/htrace-core4/4.1.0-incubating/htrace-core4-4.1.0-incubating.jar:/home/runner/.m2/repository/org/fusesource/leveldbjni/leveldbjni-all/1.8/leveldbjni-all-1.8.jar:/home/runner/.m2/repository/org/apache/hadoop/hadoop-distcp/3.3.1/hadoop-distcp-3.3.1.jar:/home/runner/.m2/repository/org/apache/hadoop/hadoop-mapreduce-client-jobclient/3.3.1/hadoop-mapreduce-client-jobclient-3.3.1.jar:/home/runner/.m2/repository/org/apache/hadoop/hadoop-mapreduce-client-common/3.3.1/hadoop-mapreduce-client-common-3.3.1.jar:/home/runner/.m2/repository/org/apache/hadoop/hadoop-yarn-common/3.3.1/hadoop-yarn-common-3.3.1.jar:/home/runner/.m2/repository/org/apache/hadoop/hadoop-yarn-api/3.3.1/hadoop-yarn-api-3.3.1.jar:/home/runner/.m2/repository/com/sun/jersey/jersey-client/1.19/jersey-client-1.19.jar:/home/runner/.m2/repository/com/sun/jersey/contribs/jersey-guice/1.19/jersey-guice-1.19.jar:/home/runner/.m2/repository/com/fasterxml/jackson/jaxrs/jackson-jaxrs-json-provider/2.12.1/jackson-jaxrs-json-provider-2.12.1.jar:/home/runner/.m2/repository/com/fasterxml/jackson/jaxrs/jackson-jaxrs-base/2.12.1/jackson-jaxrs-base-2.12.1.jar:/home/runner/.m2/repository/org/apache/hadoop/hadoop-yarn-client/3.3.1/hadoop-yarn-client-3.3.1.jar:/home/runner/.m2/repository/org/eclipse/jetty/websocket/websocket-client/9.4.40.v20210413/websocket-client-9.4.40.v20210413.jar:/home/runner/.m2/repository/org/eclipse/jetty/jetty-client/9.4.40.v20210413/jetty-client-9.4.40.v20210413.jar:/home/runner/.m2/repository/org/eclipse/jetty/websocket/websocket-common/9.4.40.v20210413/websocket-common-9.4.40.v20210413.jar:/home/runner/.m2/repository/org/eclipse/jetty/websocket/websocket-api/9.4.40.v20210413/websocket-api-9.4.40.v20210413.jar:/home/runner/.m2/repository/org/jline/jline/3.9.0/jline-3.9.0.jar:/home/runner/.m2/repository/org/apache/hadoop/hadoop-mapreduce-client-core/3.3.1/hadoop-mapreduce-client-core-3.3.1.jar:/home/runner/.m2/repository/org/apache/avro/avro/1.7.7/avro-1.7.7.jar:/home/runner/.m2/repository/org/codehaus/jackson/jackson-core-asl/1.9.13/jackson-core-asl-1.9.13.jar:/home/runner/.m2/repository/org/codehaus/jackson/jackson-mapper-asl/1.9.13/jackson-mapper-asl-1.9.13.jar:/home/runner/.m2/repository/com/thoughtworks/paranamer/paranamer/2.3/paranamer-2.3.jar:/home/runner/.m2/repository/org/apache/hadoop/hadoop-annotations/3.3.1/hadoop-annotations-3.3.1.jar:/usr/lib/jvm/temurin-8-jdk-amd64/jre/../lib/tools.jar:/home/runner/.m2/repository/org/apache/hadoop/hadoop-distcp/3.3.1/hadoop-distcp-3.3.1-tests.jar:/home/runner/.m2/repository/org/apache/ratis/ratis-common/2.2.0/ratis-common-2.2.0.jar:/home/runner/.m2/repository/org/apache/ratis/ratis-thirdparty-misc/0.7.0/ratis-thirdparty-misc-0.7.0.jar:/home/runner/.m2/repository/org/apache/ratis/ratis-proto/2.2.0/ratis-proto-2.2.0.jar:"/>
    <property name="sun.cpu.endian" value="little"/>
    <property name="user.home" value="/home/runner"/>
    <property name="user.language" value="en"/>
    <property name="java.specification.vendor" value="Oracle Corporation"/>
    <property name="java.home" value="/usr/lib/jvm/temurin-8-jdk-amd64/jre"/>
    <property name="java.security.krb5.conf" value="/home/runner/work/ozone/ozone/hadoop-ozone/integration-test/target/test-classes/krb5.conf"/>
    <property name="basedir" value="/home/runner/work/ozone/ozone/hadoop-ozone/integration-test"/>
    <property name="file.separator" value="/"/>
    <property name="line.separator" value="&#10;"/>
    <property name="java.vm.specification.vendor" value="Oracle Corporation"/>
    <property name="java.specification.name" value="Java Platform API Specification"/>
    <property name="java.awt.graphicsenv" value="sun.awt.X11GraphicsEnvironment"/>
    <property name="skip.installnpx" value="true"/>
    <property name="surefire.real.class.path" value="/home/runner/work/ozone/ozone/hadoop-ozone/integration-test/target/surefire/surefirebooter1705626540247098997.jar:/home/runner/.m2/repository/org/jacoco/org.jacoco.agent/0.8.5/org.jacoco.agent-0.8.5-runtime.jar"/>
    <property name="hadoop.log.dir" value="/home/runner/work/ozone/ozone/hadoop-ozone/integration-test/target/log"/>
    <property name="sun.boot.class.path" value="/usr/lib/jvm/temurin-8-jdk-amd64/jre/lib/resources.jar:/usr/lib/jvm/temurin-8-jdk-amd64/jre/lib/rt.jar:/usr/lib/jvm/temurin-8-jdk-amd64/jre/lib/sunrsasign.jar:/usr/lib/jvm/temurin-8-jdk-amd64/jre/lib/jsse.jar:/usr/lib/jvm/temurin-8-jdk-amd64/jre/lib/jce.jar:/usr/lib/jvm/temurin-8-jdk-amd64/jre/lib/charsets.jar:/usr/lib/jvm/temurin-8-jdk-amd64/jre/lib/jfr.jar:/usr/lib/jvm/temurin-8-jdk-amd64/jre/classes"/>
    <property name="sun.management.compiler" value="HotSpot 64-Bit Tiered Compilers"/>
    <property name="skip.npx" value="true"/>
    <property name="java.runtime.version" value="1.8.0_322-b06"/>
    <property name="java.net.preferIPv4Stack" value="true"/>
    <property name="user.name" value="runner"/>
    <property name="path.separator" value=":"/>
    <property name="java.security.egd" value="file:///dev/urandom"/>
    <property name="os.version" value="5.4.0-1070-azure"/>
    <property name="java.endorsed.dirs" value="/usr/lib/jvm/temurin-8-jdk-amd64/jre/lib/endorsed"/>
    <property name="java.runtime.name" value="OpenJDK Runtime Environment"/>
    <property name="file.encoding" value="UTF-8"/>
    <property name="java.vm.name" value="OpenJDK 64-Bit Server VM"/>
    <property name="test.build.webapps" value=""/>
    <property name="localRepository" value="/home/runner/.m2/repository"/>
    <property name="java.vendor.url.bug" value="https://github.com/adoptium/adoptium-support/issues"/>
    <property name="java.io.tmpdir" value="/tmp"/>
    <property name="require.test.libhadoop" value=""/>
    <property name="java.version" value="1.8.0_322"/>
    <property name="user.dir" value="/home/runner/work/ozone/ozone/hadoop-ozone/integration-test"/>
    <property name="os.arch" value="amd64"/>
    <property name="java.vm.specification.name" value="Java Virtual Machine Specification"/>
    <property name="test.build.classes" value="/home/runner/work/ozone/ozone/hadoop-ozone/integration-test/target/test-classes"/>
    <property name="java.awt.printerjob" value="sun.print.PSPrinterJob"/>
    <property name="sun.os.patch.level" value="unknown"/>
    <property name="hadoop.tmp.dir" value="/home/runner/work/ozone/ozone/hadoop-ozone/integration-test/target/tmp"/>
    <property name="java.library.path" value="/usr/java/packages/lib/amd64:/usr/lib64:/lib64:/lib:/usr/lib"/>
    <property name="java.vm.info" value="mixed mode"/>
    <property name="java.vendor" value="Temurin"/>
    <property name="java.vm.version" value="25.322-b06"/>
    <property name="java.ext.dirs" value="/usr/lib/jvm/temurin-8-jdk-amd64/jre/lib/ext:/usr/java/packages/lib/ext"/>
    <property name="sun.io.unicode.encoding" value="UnicodeLittle"/>
    <property name="java.class.version" value="52.0"/>
  </properties>
  <testcase name="testMultipleDataDirs" classname="org.apache.hadoop.ozone.TestMiniOzoneCluster" time="30.862"/>
  <testcase name="testStartMultipleDatanodes" classname="org.apache.hadoop.ozone.TestMiniOzoneCluster" time="80.49">
    <error message="test timed out after 60000 milliseconds" type="org.junit.runners.model.TestTimedOutException">org.junit.runners.model.TestTimedOutException: test timed out after 60000 milliseconds
	at java.lang.Thread.sleep(Native Method)
	at org.apache.ozone.test.GenericTestUtils.waitFor(GenericTestUtils.java:218)
	at org.apache.hadoop.ozone.MiniOzoneClusterImpl.waitForClusterToBeReady(MiniOzoneClusterImpl.java:212)
	at org.apache.hadoop.ozone.TestMiniOzoneCluster.testStartMultipleDatanodes(TestMiniOzoneCluster.java:119)
	at sun.reflect.NativeMethodAccessorImpl.invoke0(Native Method)
	at sun.reflect.NativeMethodAccessorImpl.invoke(NativeMethodAccessorImpl.java:62)
	at sun.reflect.DelegatingMethodAccessorImpl.invoke(DelegatingMethodAccessorImpl.java:43)
	at java.lang.reflect.Method.invoke(Method.java:498)
	at org.junit.runners.model.FrameworkMethod$1.runReflectiveCall(FrameworkMethod.java:59)
	at org.junit.internal.runners.model.ReflectiveCallable.run(ReflectiveCallable.java:12)
	at org.junit.runners.model.FrameworkMethod.invokeExplosively(FrameworkMethod.java:56)
	at org.junit.internal.runners.statements.InvokeMethod.evaluate(InvokeMethod.java:17)
	at org.junit.internal.runners.statements.FailOnTimeout$CallableStatement.call(FailOnTimeout.java:288)
	at org.junit.internal.runners.statements.FailOnTimeout$CallableStatement.call(FailOnTimeout.java:282)
	at java.util.concurrent.FutureTask.run(FutureTask.java:266)
	at java.lang.Thread.run(Thread.java:750)
</error>
    <system-out><![CDATA[2022-03-12 14:25:17,459 [Time-limited test] WARN  server.ServerUtils (ServerUtils.java:getScmDbDir(148)) - ozone.scm.db.dirs is not configured. We recommend adding this setting. Falling back to ozone.metadata.dirs instead.
2022-03-12 14:25:17,463 [Time-limited test] INFO  ha.SCMHANodeDetails (SCMHANodeDetails.java:loadSCMHAConfig(157)) - ServiceID for StorageContainerManager is null
2022-03-12 14:25:17,463 [Time-limited test] INFO  ha.SCMHANodeDetails (SCMHANodeDetails.java:loadSCMHAConfig(162)) - ozone.scm.default.service.id is not defined, falling back to ozone.scm.service.ids to find serviceID for StorageContainerManager if it is HA enabled cluster
2022-03-12 14:25:17,464 [Time-limited test] INFO  server.RaftServer (ConfUtils.java:logGet(44)) - raft.rpc.type = GRPC (default)
2022-03-12 14:25:17,464 [Time-limited test] INFO  grpc.GrpcFactory (GrpcFactory.java:checkPooledByteBufAllocatorUseCacheForAllThreads(48)) - PERFORMANCE WARNING: useCacheForAllThreads is true that may cause Netty to create a lot garbage objects and, as a result, trigger GC.
	It is recommended to disable useCacheForAllThreads by setting -Dorg.apache.ratis.thirdparty.io.netty.allocator.useCacheForAllThreads=false in command line.
2022-03-12 14:25:17,464 [Time-limited test] INFO  grpc.GrpcConfigKeys (ConfUtils.java:logGet(44)) - raft.grpc.admin.port = -1 (default)
2022-03-12 14:25:17,464 [Time-limited test] INFO  grpc.GrpcConfigKeys (ConfUtils.java:logGet(44)) - raft.grpc.server.port = 9894 (custom)
2022-03-12 14:25:17,464 [Time-limited test] INFO  grpc.GrpcConfigKeys (ConfUtils.java:logGet(44)) - raft.grpc.client.port = -1 (default)
2022-03-12 14:25:17,464 [Time-limited test] INFO  grpc.GrpcConfigKeys (ConfUtils.java:logGet(44)) - raft.grpc.server.port = 9894 (custom)
2022-03-12 14:25:17,464 [Time-limited test] INFO  grpc.GrpcConfigKeys (ConfUtils.java:logGet(44)) - raft.grpc.server.port = 9894 (custom)
2022-03-12 14:25:17,464 [Time-limited test] INFO  server.GrpcService (ConfUtils.java:logGet(44)) - raft.grpc.message.size.max = 32m (=33554432) (custom)
2022-03-12 14:25:17,464 [Time-limited test] INFO  server.RaftServerConfigKeys (ConfUtils.java:logGet(44)) - raft.server.log.appender.buffer.byte-limit = 33554432 (custom)
2022-03-12 14:25:17,464 [Time-limited test] INFO  server.GrpcService (ConfUtils.java:logGet(44)) - raft.grpc.flow.control.window = 1MB (=1048576) (default)
2022-03-12 14:25:17,465 [Time-limited test] INFO  server.RaftServerConfigKeys (ConfUtils.java:logGet(44)) - raft.server.rpc.request.timeout = 30000ms (custom)
2022-03-12 14:25:17,466 [Time-limited test] INFO  impl.DataStreamServerImpl (ConfUtils.java:logGet(44)) - raft.datastream.type = DISABLED (default)
2022-03-12 14:25:17,466 [Time-limited test] INFO  server.RaftServerConfigKeys (ConfUtils.java:logGet(44)) - raft.server.rpc.slowness.timeout = 120000ms (custom)
2022-03-12 14:25:17,466 [Time-limited test] INFO  server.RaftServerConfigKeys (ConfUtils.java:logGet(44)) - raft.server.leaderelection.leader.step-down.wait-time = 10s (default)
2022-03-12 14:25:17,466 [Time-limited test] INFO  server.RaftServerConfigKeys (ConfUtils.java:logGet(44)) - raft.server.storage.dir = [/home/runner/work/ozone/ozone/hadoop-ozone/integration-test/target/test-dir/MiniOzoneClusterImpl-f5f50f7a-5524-4be5-b9ff-96e951a72c81/ozone-meta/scm-ha] (custom)
2022-03-12 14:25:17,468 [Time-limited test] INFO  server.RaftServer (RaftServerProxy.java:addNew(95)) - aecb911e-51ce-44d3-bc8f-bb6a71cbbcf4: addNew group-96E951A72C81:[aecb911e-51ce-44d3-bc8f-bb6a71cbbcf4|rpc:fv-az297-111:9894|priority:0] returns group-96E951A72C81:java.util.concurrent.CompletableFuture@cefe1c8[Not completed]
2022-03-12 14:25:17,468 [pool-89-thread-1] INFO  server.RaftServer$Division (RaftServerImpl.java:<init>(184)) - aecb911e-51ce-44d3-bc8f-bb6a71cbbcf4: new RaftServerImpl for group-96E951A72C81:[aecb911e-51ce-44d3-bc8f-bb6a71cbbcf4|rpc:fv-az297-111:9894|priority:0] with SCMStateMachine:uninitialized
2022-03-12 14:25:17,468 [pool-89-thread-1] INFO  server.RaftServerConfigKeys (ConfUtils.java:logGet(44)) - raft.server.rpc.timeout.min = 5000ms (custom)
2022-03-12 14:25:17,468 [pool-89-thread-1] INFO  server.RaftServerConfigKeys (ConfUtils.java:logGet(44)) - raft.server.rpc.timeout.max = 5200ms (custom)
2022-03-12 14:25:17,468 [pool-89-thread-1] INFO  server.RaftServerConfigKeys (ConfUtils.java:logGet(44)) - raft.server.rpc.sleep.time = 25ms (default)
2022-03-12 14:25:17,469 [pool-89-thread-1] INFO  server.RaftServerConfigKeys (ConfUtils.java:logGet(44)) - raft.server.rpc.slowness.timeout = 120000ms (custom)
2022-03-12 14:25:17,469 [pool-89-thread-1] INFO  server.RaftServerConfigKeys (ConfUtils.java:logGet(44)) - raft.server.leaderelection.leader.step-down.wait-time = 10s (default)
2022-03-12 14:25:17,469 [pool-89-thread-1] INFO  server.RaftServerConfigKeys (ConfUtils.java:logGet(44)) - raft.server.sleep.deviation.threshold = 300ms (default)
2022-03-12 14:25:17,469 [pool-89-thread-1] INFO  server.RaftServerConfigKeys (ConfUtils.java:logGet(44)) - raft.server.log.appender.install.snapshot.enabled = false (custom)
2022-03-12 14:25:17,469 [pool-89-thread-1] INFO  server.RaftServer$Division (ServerState.java:<init>(105)) - aecb911e-51ce-44d3-bc8f-bb6a71cbbcf4@group-96E951A72C81: ConfigurationManager, init=-1: [aecb911e-51ce-44d3-bc8f-bb6a71cbbcf4|rpc:fv-az297-111:9894|priority:0], old=null, confs=<EMPTY_MAP>
2022-03-12 14:25:17,470 [pool-89-thread-1] INFO  server.RaftServerConfigKeys (ConfUtils.java:logGet(44)) - raft.server.storage.dir = [/home/runner/work/ozone/ozone/hadoop-ozone/integration-test/target/test-dir/MiniOzoneClusterImpl-f5f50f7a-5524-4be5-b9ff-96e951a72c81/ozone-meta/scm-ha] (custom)
2022-03-12 14:25:17,470 [pool-89-thread-1] INFO  server.RaftServerConfigKeys (ConfUtils.java:logGet(44)) - raft.server.log.corruption.policy = EXCEPTION (default)
2022-03-12 14:25:17,478 [pool-89-thread-1] INFO  server.RaftServerConfigKeys (ConfUtils.java:logGet(44)) - raft.server.storage.free-space.min = 0MB (=0) (default)
2022-03-12 14:25:17,478 [pool-89-thread-1] INFO  storage.RaftStorageDirectory (RaftStorageDirectoryImpl.java:analyzeStorage(135)) - The storage directory /home/runner/work/ozone/ozone/hadoop-ozone/integration-test/target/test-dir/MiniOzoneClusterImpl-f5f50f7a-5524-4be5-b9ff-96e951a72c81/ozone-meta/scm-ha/f5f50f7a-5524-4be5-b9ff-96e951a72c81 does not exist. Creating ...
2022-03-12 14:25:17,479 [pool-89-thread-1] INFO  storage.RaftStorageDirectory (RaftStorageDirectoryImpl.java:tryLock(230)) - Lock on /home/runner/work/ozone/ozone/hadoop-ozone/integration-test/target/test-dir/MiniOzoneClusterImpl-f5f50f7a-5524-4be5-b9ff-96e951a72c81/ozone-meta/scm-ha/f5f50f7a-5524-4be5-b9ff-96e951a72c81/in_use.lock acquired by nodename 10814@fv-az297-111
2022-03-12 14:25:17,481 [pool-89-thread-1] INFO  storage.RaftStorage (RaftStorageImpl.java:format(89)) - Storage directory /home/runner/work/ozone/ozone/hadoop-ozone/integration-test/target/test-dir/MiniOzoneClusterImpl-f5f50f7a-5524-4be5-b9ff-96e951a72c81/ozone-meta/scm-ha/f5f50f7a-5524-4be5-b9ff-96e951a72c81 has been successfully formatted.
2022-03-12 14:25:17,481 [pool-89-thread-1] INFO  server.RaftServerConfigKeys (ConfUtils.java:logGet(44)) - raft.server.notification.no-leader.timeout = 60s (default)
2022-03-12 14:25:17,481 [pool-89-thread-1] INFO  server.RaftServerConfigKeys (ConfUtils.java:logGet(44)) - raft.server.log.use.memory = false (default)
2022-03-12 14:25:17,482 [pool-89-thread-1] INFO  server.RaftServerConfigKeys (ConfUtils.java:logGet(44)) - raft.server.log.purge.gap = 1000000 (custom)
2022-03-12 14:25:17,482 [pool-89-thread-1] INFO  server.RaftServerConfigKeys (ConfUtils.java:logGet(44)) - raft.server.log.appender.buffer.byte-limit = 33554432 (custom)
2022-03-12 14:25:17,483 [pool-89-thread-1] INFO  server.RaftServerConfigKeys (ConfUtils.java:logGet(44)) - raft.server.log.segment.size.max = 4194304 (custom)
2022-03-12 14:25:17,488 [pool-89-thread-1] INFO  server.RaftServerConfigKeys (ConfUtils.java:logGet(44)) - raft.server.log.segment.cache.num.max = 2 (custom)
2022-03-12 14:25:17,488 [pool-89-thread-1] INFO  server.RaftServerConfigKeys (ConfUtils.java:logGet(44)) - raft.server.log.segment.cache.size.max = 200MB (=209715200) (default)
2022-03-12 14:25:17,488 [pool-89-thread-1] INFO  segmented.SegmentedRaftLogWorker (SegmentedRaftLogWorker.java:<init>(182)) - new aecb911e-51ce-44d3-bc8f-bb6a71cbbcf4@group-96E951A72C81-SegmentedRaftLogWorker for RaftStorageImpl:Storage Directory /home/runner/work/ozone/ozone/hadoop-ozone/integration-test/target/test-dir/MiniOzoneClusterImpl-f5f50f7a-5524-4be5-b9ff-96e951a72c81/ozone-meta/scm-ha/f5f50f7a-5524-4be5-b9ff-96e951a72c81
2022-03-12 14:25:17,488 [pool-89-thread-1] INFO  server.RaftServerConfigKeys (ConfUtils.java:logGet(44)) - raft.server.log.queue.byte-limit = 64MB (=67108864) (default)
2022-03-12 14:25:17,488 [pool-89-thread-1] INFO  server.RaftServerConfigKeys (ConfUtils.java:logGet(44)) - raft.server.log.queue.element-limit = 4096 (default)
2022-03-12 14:25:17,488 [pool-89-thread-1] INFO  server.RaftServerConfigKeys (ConfUtils.java:logGet(44)) - raft.server.log.segment.size.max = 4194304 (custom)
2022-03-12 14:25:17,488 [pool-89-thread-1] INFO  server.RaftServerConfigKeys (ConfUtils.java:logGet(44)) - raft.server.log.preallocated.size = 4194304 (custom)
2022-03-12 14:25:17,488 [pool-89-thread-1] INFO  server.RaftServerConfigKeys (ConfUtils.java:logGet(44)) - raft.server.log.force.sync.num = 128 (default)
2022-03-12 14:25:17,488 [pool-89-thread-1] INFO  server.RaftServerConfigKeys (ConfUtils.java:logGet(44)) - raft.server.log.statemachine.data.sync = true (default)
2022-03-12 14:25:17,488 [pool-89-thread-1] INFO  server.RaftServerConfigKeys (ConfUtils.java:logGet(44)) - raft.server.log.statemachine.data.sync.timeout = 10s (default)
2022-03-12 14:25:17,488 [pool-89-thread-1] INFO  server.RaftServerConfigKeys (ConfUtils.java:logGet(44)) - raft.server.log.statemachine.data.sync.timeout.retry = -1 (default)
2022-03-12 14:25:17,492 [pool-89-thread-1] INFO  server.RaftServerConfigKeys (ConfUtils.java:logGet(44)) - raft.server.log.write.buffer.size = 64KB (=65536) (default)
2022-03-12 14:25:17,493 [pool-89-thread-1] INFO  server.RaftServerConfigKeys (ConfUtils.java:logGet(44)) - raft.server.log.statemachine.data.caching.enabled = false (default)
2022-03-12 14:25:17,494 [pool-89-thread-1] INFO  segmented.SegmentedRaftLogWorker (SegmentedRaftLogWorker.java:lambda$new$0(133)) - aecb911e-51ce-44d3-bc8f-bb6a71cbbcf4@group-96E951A72C81-SegmentedRaftLogWorker: flushIndex: setUnconditionally 0 -> -1
2022-03-12 14:25:17,496 [pool-89-thread-1] INFO  segmented.SegmentedRaftLogWorker (SegmentedRaftLogWorker.java:lambda$new$0(133)) - aecb911e-51ce-44d3-bc8f-bb6a71cbbcf4@group-96E951A72C81-SegmentedRaftLogWorker: safeCacheEvictIndex: setUnconditionally 0 -> -1
2022-03-12 14:25:17,504 [pool-89-thread-1] INFO  server.RaftServerConfigKeys (ConfUtils.java:logGet(44)) - raft.server.snapshot.auto.trigger.enabled = true (custom)
2022-03-12 14:25:17,504 [pool-89-thread-1] INFO  server.RaftServerConfigKeys (ConfUtils.java:logGet(44)) - raft.server.snapshot.auto.trigger.threshold = 1000 (custom)
2022-03-12 14:25:17,504 [pool-89-thread-1] INFO  server.RaftServerConfigKeys (ConfUtils.java:logGet(44)) - raft.server.snapshot.retention.file.num = -1 (default)
2022-03-12 14:25:17,504 [pool-89-thread-1] INFO  server.RaftServerConfigKeys (ConfUtils.java:logGet(44)) - raft.server.log.purge.upto.snapshot.index = false (default)
2022-03-12 14:25:17,504 [pool-89-thread-1] INFO  server.RaftServerConfigKeys (ConfUtils.java:logGet(44)) - raft.server.retrycache.expirytime = 60000ms (default)
2022-03-12 14:25:17,504 [pool-89-thread-1] INFO  server.RaftServerConfigKeys (ConfUtils.java:logGet(44)) - raft.server.retrycache.statistics.expirytime = 100μs (default)
2022-03-12 14:25:17,507 [Time-limited test] INFO  server.RaftServer$Division (RaftServerImpl.java:start(301)) - aecb911e-51ce-44d3-bc8f-bb6a71cbbcf4@group-96E951A72C81: start as a follower, conf=-1: [aecb911e-51ce-44d3-bc8f-bb6a71cbbcf4|rpc:fv-az297-111:9894|priority:0], old=null
2022-03-12 14:25:17,507 [Time-limited test] INFO  server.RaftServer$Division (RaftServerImpl.java:setRole(290)) - aecb911e-51ce-44d3-bc8f-bb6a71cbbcf4@group-96E951A72C81: changes role from      null to FOLLOWER at term 0 for startAsFollower
2022-03-12 14:25:17,507 [Time-limited test] INFO  impl.RoleInfo (RoleInfo.java:updateAndGet(130)) - aecb911e-51ce-44d3-bc8f-bb6a71cbbcf4: start aecb911e-51ce-44d3-bc8f-bb6a71cbbcf4@group-96E951A72C81-FollowerState
2022-03-12 14:25:17,512 [Time-limited test] INFO  util.JmxRegister (JmxRegister.java:tryRegister(44)) - Successfully registered JMX Bean with object name Ratis:service=RaftServer,group=group-96E951A72C81,id=aecb911e-51ce-44d3-bc8f-bb6a71cbbcf4
2022-03-12 14:25:17,520 [Time-limited test] INFO  server.RaftServer (RaftServerProxy.java:lambda$start$5(374)) - aecb911e-51ce-44d3-bc8f-bb6a71cbbcf4: start RPC server
2022-03-12 14:25:17,522 [Time-limited test] INFO  server.GrpcService (GrpcService.java:startImpl(253)) - aecb911e-51ce-44d3-bc8f-bb6a71cbbcf4: GrpcService started, listening on 9894
2022-03-12 14:25:17,526 [org.apache.ratis.util.JvmPauseMonitor$$Lambda$431/253481993@29c2917e] INFO  util.JvmPauseMonitor (JvmPauseMonitor.java:run(103)) - JvmPauseMonitor-aecb911e-51ce-44d3-bc8f-bb6a71cbbcf4: Started
2022-03-12 14:25:22,600 [aecb911e-51ce-44d3-bc8f-bb6a71cbbcf4@group-96E951A72C81-FollowerState] INFO  impl.FollowerState (FollowerState.java:run(134)) - aecb911e-51ce-44d3-bc8f-bb6a71cbbcf4@group-96E951A72C81-FollowerState: change to CANDIDATE, lastRpcElapsedTime:5092834596ns, electionTimeout:5088ms
2022-03-12 14:25:22,600 [aecb911e-51ce-44d3-bc8f-bb6a71cbbcf4@group-96E951A72C81-FollowerState] INFO  impl.RoleInfo (RoleInfo.java:shutdownFollowerState(108)) - aecb911e-51ce-44d3-bc8f-bb6a71cbbcf4: shutdown aecb911e-51ce-44d3-bc8f-bb6a71cbbcf4@group-96E951A72C81-FollowerState
2022-03-12 14:25:22,601 [aecb911e-51ce-44d3-bc8f-bb6a71cbbcf4@group-96E951A72C81-FollowerState] INFO  server.RaftServer$Division (RaftServerImpl.java:setRole(290)) - aecb911e-51ce-44d3-bc8f-bb6a71cbbcf4@group-96E951A72C81: changes role from  FOLLOWER to CANDIDATE at term 0 for changeToCandidate
2022-03-12 14:25:22,601 [aecb911e-51ce-44d3-bc8f-bb6a71cbbcf4@group-96E951A72C81-FollowerState] INFO  server.RaftServerConfigKeys (ConfUtils.java:logGet(44)) - raft.server.leaderelection.pre-vote = false (custom)
2022-03-12 14:25:22,601 [aecb911e-51ce-44d3-bc8f-bb6a71cbbcf4@group-96E951A72C81-FollowerState] INFO  impl.RoleInfo (RoleInfo.java:updateAndGet(130)) - aecb911e-51ce-44d3-bc8f-bb6a71cbbcf4: start aecb911e-51ce-44d3-bc8f-bb6a71cbbcf4@group-96E951A72C81-LeaderElection4
2022-03-12 14:25:22,607 [aecb911e-51ce-44d3-bc8f-bb6a71cbbcf4@group-96E951A72C81-LeaderElection4] INFO  impl.LeaderElection (LeaderElection.java:askForVotes(306)) - aecb911e-51ce-44d3-bc8f-bb6a71cbbcf4@group-96E951A72C81-LeaderElection4 ELECTION round 0: submit vote requests at term 1 for -1: [aecb911e-51ce-44d3-bc8f-bb6a71cbbcf4|rpc:fv-az297-111:9894|priority:0], old=null
2022-03-12 14:25:22,607 [aecb911e-51ce-44d3-bc8f-bb6a71cbbcf4@group-96E951A72C81-LeaderElection4] INFO  impl.LeaderElection (LeaderElection.java:askForVotes(308)) - aecb911e-51ce-44d3-bc8f-bb6a71cbbcf4@group-96E951A72C81-LeaderElection4 ELECTION round 0: result PASSED (term=1)
2022-03-12 14:25:22,607 [aecb911e-51ce-44d3-bc8f-bb6a71cbbcf4@group-96E951A72C81-LeaderElection4] INFO  impl.RoleInfo (RoleInfo.java:shutdownLeaderElection(121)) - aecb911e-51ce-44d3-bc8f-bb6a71cbbcf4: shutdown aecb911e-51ce-44d3-bc8f-bb6a71cbbcf4@group-96E951A72C81-LeaderElection4
2022-03-12 14:25:22,608 [aecb911e-51ce-44d3-bc8f-bb6a71cbbcf4@group-96E951A72C81-LeaderElection4] INFO  server.RaftServer$Division (RaftServerImpl.java:setRole(290)) - aecb911e-51ce-44d3-bc8f-bb6a71cbbcf4@group-96E951A72C81: changes role from CANDIDATE to LEADER at term 1 for changeToLeader
2022-03-12 14:25:22,608 [aecb911e-51ce-44d3-bc8f-bb6a71cbbcf4@group-96E951A72C81-LeaderElection4] INFO  server.RaftServer$Division (ServerState.java:setLeader(285)) - aecb911e-51ce-44d3-bc8f-bb6a71cbbcf4@group-96E951A72C81: change Leader from null to aecb911e-51ce-44d3-bc8f-bb6a71cbbcf4 at term 1 for becomeLeader, leader elected after 5126ms
2022-03-12 14:25:22,608 [aecb911e-51ce-44d3-bc8f-bb6a71cbbcf4@group-96E951A72C81-LeaderElection4] INFO  server.RaftServerConfigKeys (ConfUtils.java:logGet(44)) - raft.server.staging.catchup.gap = 1000 (default)
2022-03-12 14:25:22,609 [aecb911e-51ce-44d3-bc8f-bb6a71cbbcf4@group-96E951A72C81-LeaderElection4] INFO  server.RaftServerConfigKeys (ConfUtils.java:logGet(44)) - raft.server.write.element-limit = 4096 (default)
2022-03-12 14:25:22,609 [aecb911e-51ce-44d3-bc8f-bb6a71cbbcf4@group-96E951A72C81-LeaderElection4] INFO  server.RaftServerConfigKeys (ConfUtils.java:logGet(44)) - raft.server.write.byte-limit = 64MB (=67108864) (default)
2022-03-12 14:25:22,610 [aecb911e-51ce-44d3-bc8f-bb6a71cbbcf4@group-96E951A72C81-LeaderElection4] INFO  server.RaftServerConfigKeys (ConfUtils.java:logGet(44)) - raft.server.watch.timeout = 10s (default)
2022-03-12 14:25:22,610 [aecb911e-51ce-44d3-bc8f-bb6a71cbbcf4@group-96E951A72C81-LeaderElection4] INFO  server.RaftServerConfigKeys (ConfUtils.java:logGet(44)) - raft.server.watch.timeout.denomination = 1s (default)
2022-03-12 14:25:22,610 [aecb911e-51ce-44d3-bc8f-bb6a71cbbcf4@group-96E951A72C81-LeaderElection4] INFO  server.RaftServerConfigKeys (ConfUtils.java:logGet(44)) - raft.server.watch.element-limit = 65536 (default)
2022-03-12 14:25:22,611 [aecb911e-51ce-44d3-bc8f-bb6a71cbbcf4@group-96E951A72C81-LeaderElection4] INFO  server.RaftServerConfigKeys (ConfUtils.java:logGet(44)) - raft.server.write.element-limit = 4096 (default)
2022-03-12 14:25:22,611 [aecb911e-51ce-44d3-bc8f-bb6a71cbbcf4@group-96E951A72C81-LeaderElection4] INFO  server.RaftServerConfigKeys (ConfUtils.java:logGet(44)) - raft.server.write.follower.gap.ratio.max = -1.0 (default)
2022-03-12 14:25:22,612 [aecb911e-51ce-44d3-bc8f-bb6a71cbbcf4@group-96E951A72C81-LeaderElection4] INFO  impl.RoleInfo (RoleInfo.java:updateAndGet(130)) - aecb911e-51ce-44d3-bc8f-bb6a71cbbcf4: start aecb911e-51ce-44d3-bc8f-bb6a71cbbcf4@group-96E951A72C81-LeaderStateImpl
2022-03-12 14:25:22,613 [aecb911e-51ce-44d3-bc8f-bb6a71cbbcf4@group-96E951A72C81-LeaderElection4] INFO  segmented.SegmentedRaftLogWorker (SegmentedRaftLogWorker.java:startLogSegment(394)) - aecb911e-51ce-44d3-bc8f-bb6a71cbbcf4@group-96E951A72C81-SegmentedRaftLogWorker: Starting segment from index:0
2022-03-12 14:25:22,620 [aecb911e-51ce-44d3-bc8f-bb6a71cbbcf4@group-96E951A72C81-LeaderElection4] INFO  server.RaftServer$Division (ServerState.java:setRaftConf(387)) - aecb911e-51ce-44d3-bc8f-bb6a71cbbcf4@group-96E951A72C81: set configuration 0: [aecb911e-51ce-44d3-bc8f-bb6a71cbbcf4|rpc:fv-az297-111:9894|admin:|client:|dataStream:|priority:0], old=null
2022-03-12 14:25:22,624 [aecb911e-51ce-44d3-bc8f-bb6a71cbbcf4@group-96E951A72C81-SegmentedRaftLogWorker] INFO  segmented.SegmentedRaftLogWorker (SegmentedRaftLogWorker.java:execute(601)) - aecb911e-51ce-44d3-bc8f-bb6a71cbbcf4@group-96E951A72C81-SegmentedRaftLogWorker: created new log segment /home/runner/work/ozone/ozone/hadoop-ozone/integration-test/target/test-dir/MiniOzoneClusterImpl-f5f50f7a-5524-4be5-b9ff-96e951a72c81/ozone-meta/scm-ha/f5f50f7a-5524-4be5-b9ff-96e951a72c81/current/log_inprogress_0
2022-03-12 14:25:23,527 [Time-limited test] INFO  server.RaftServer (RaftServerProxy.java:lambda$close$6(391)) - aecb911e-51ce-44d3-bc8f-bb6a71cbbcf4: close
2022-03-12 14:25:23,527 [Time-limited test] INFO  server.RaftServer$Division (RaftServerImpl.java:lambda$close$4(412)) - aecb911e-51ce-44d3-bc8f-bb6a71cbbcf4@group-96E951A72C81: shutdown
2022-03-12 14:25:23,527 [Time-limited test] INFO  util.JmxRegister (JmxRegister.java:unregister(73)) - Successfully un-registered JMX Bean with object name Ratis:service=RaftServer,group=group-96E951A72C81,id=aecb911e-51ce-44d3-bc8f-bb6a71cbbcf4
2022-03-12 14:25:23,527 [Time-limited test] INFO  impl.RoleInfo (RoleInfo.java:shutdownLeaderState(91)) - aecb911e-51ce-44d3-bc8f-bb6a71cbbcf4: shutdown aecb911e-51ce-44d3-bc8f-bb6a71cbbcf4@group-96E951A72C81-LeaderStateImpl
2022-03-12 14:25:23,527 [Time-limited test] INFO  impl.PendingRequests (PendingRequests.java:sendNotLeaderResponses(282)) - aecb911e-51ce-44d3-bc8f-bb6a71cbbcf4@group-96E951A72C81-PendingRequests: sendNotLeaderResponses
2022-03-12 14:25:23,528 [Time-limited test] INFO  impl.StateMachineUpdater (StateMachineUpdater.java:stopAndJoin(149)) - aecb911e-51ce-44d3-bc8f-bb6a71cbbcf4@group-96E951A72C81-StateMachineUpdater: set stopIndex = 0
2022-03-12 14:25:23,528 [aecb911e-51ce-44d3-bc8f-bb6a71cbbcf4@group-96E951A72C81-StateMachineUpdater] INFO  impl.StateMachineUpdater (StateMachineUpdater.java:takeSnapshot(281)) - aecb911e-51ce-44d3-bc8f-bb6a71cbbcf4@group-96E951A72C81-StateMachineUpdater: Took a snapshot at index 0
2022-03-12 14:25:23,528 [aecb911e-51ce-44d3-bc8f-bb6a71cbbcf4@group-96E951A72C81-StateMachineUpdater] INFO  impl.StateMachineUpdater (StateMachineUpdater.java:lambda$new$0(89)) - aecb911e-51ce-44d3-bc8f-bb6a71cbbcf4@group-96E951A72C81-StateMachineUpdater: snapshotIndex: updateIncreasingly -1 -> 0
2022-03-12 14:25:23,532 [Time-limited test] INFO  server.RaftServer$Division (ServerState.java:close(419)) - aecb911e-51ce-44d3-bc8f-bb6a71cbbcf4@group-96E951A72C81: closes. applyIndex: 0
2022-03-12 14:25:23,532 [aecb911e-51ce-44d3-bc8f-bb6a71cbbcf4@group-96E951A72C81-SegmentedRaftLogWorker] INFO  segmented.SegmentedRaftLogWorker (SegmentedRaftLogWorker.java:run(327)) - aecb911e-51ce-44d3-bc8f-bb6a71cbbcf4@group-96E951A72C81-SegmentedRaftLogWorker was interrupted, exiting. There are 0 tasks remaining in the queue.
2022-03-12 14:25:23,533 [Time-limited test] INFO  segmented.SegmentedRaftLogWorker (SegmentedRaftLogWorker.java:close(237)) - aecb911e-51ce-44d3-bc8f-bb6a71cbbcf4@group-96E951A72C81-SegmentedRaftLogWorker close()
2022-03-12 14:25:23,534 [Time-limited test] INFO  server.GrpcService (GrpcService.java:closeImpl(262)) - aecb911e-51ce-44d3-bc8f-bb6a71cbbcf4: shutdown server with port 9894 now
2022-03-12 14:25:23,536 [Time-limited test] INFO  server.GrpcService (GrpcService.java:closeImpl(271)) - aecb911e-51ce-44d3-bc8f-bb6a71cbbcf4: shutdown server with port 9894 successfully
2022-03-12 14:25:23,536 [org.apache.ratis.util.JvmPauseMonitor$$Lambda$431/253481993@29c2917e] INFO  util.JvmPauseMonitor (JvmPauseMonitor.java:run(109)) - JvmPauseMonitor-aecb911e-51ce-44d3-bc8f-bb6a71cbbcf4: Stopped
2022-03-12 14:25:23,536 [Time-limited test] INFO  ha.SCMHANodeDetails (SCMHANodeDetails.java:loadSCMHAConfig(157)) - ServiceID for StorageContainerManager is null
2022-03-12 14:25:23,536 [Time-limited test] INFO  ha.SCMHANodeDetails (SCMHANodeDetails.java:loadSCMHAConfig(162)) - ozone.scm.default.service.id is not defined, falling back to ozone.scm.service.ids to find serviceID for StorageContainerManager if it is HA enabled cluster
2022-03-12 14:25:23,538 [Time-limited test] WARN  server.ServerUtils (ServerUtils.java:getScmDbDir(148)) - ozone.scm.db.dirs is not configured. We recommend adding this setting. Falling back to ozone.metadata.dirs instead.
2022-03-12 14:25:23,538 [Time-limited test] INFO  upgrade.AbstractLayoutVersionManager (AbstractLayoutVersionManager.java:init(79)) - Initializing Layout version manager with metadata layout = SCM_HA (version = 2), software layout = SCM_HA (version = 2)
2022-03-12 14:25:23,649 [Time-limited test] INFO  reflections.Reflections (Reflections.java:scan(232)) - Reflections took 108 ms to scan 7 urls, producing 122 keys and 286 values 
2022-03-12 14:25:23,659 [Time-limited test] WARN  utils.HAUtils (HAUtils.java:getMetaDir(342)) - ozone.scm.db.dirs is not configured. We recommend adding this setting. Falling back to ozone.metadata.dirs instead.
2022-03-12 14:25:23,661 [Time-limited test] WARN  db.DBStoreBuilder (DBStoreBuilder.java:applyDBDefinition(145)) - ozone.scm.db.dirs is not configured. We recommend adding this setting. Falling back to ozone.metadata.dirs instead.
2022-03-12 14:25:23,759 [Time-limited test] INFO  net.NodeSchemaLoader (NodeSchemaLoader.java:loadSchemaFromFile(129)) - Loading schema from [jar:file:/home/runner/.m2/repository/org/apache/ozone/hdds-common/1.3.0-SNAPSHOT/hdds-common-1.3.0-SNAPSHOT.jar!/network-topology-default.xml]
2022-03-12 14:25:23,760 [Time-limited test] INFO  net.NodeSchemaLoader (NodeSchemaLoader.java:loadSchema(176)) - Loading network topology layer schema file
2022-03-12 14:25:23,765 [Time-limited test] INFO  ha.SCMRatisServerImpl (SCMRatisServerImpl.java:<init>(87)) - starting Raft server for scm:aecb911e-51ce-44d3-bc8f-bb6a71cbbcf4
2022-03-12 14:25:23,767 [Time-limited test] INFO  server.RaftServer (ConfUtils.java:logGet(44)) - raft.rpc.type = GRPC (default)
2022-03-12 14:25:23,767 [Time-limited test] INFO  grpc.GrpcFactory (GrpcFactory.java:checkPooledByteBufAllocatorUseCacheForAllThreads(48)) - PERFORMANCE WARNING: useCacheForAllThreads is true that may cause Netty to create a lot garbage objects and, as a result, trigger GC.
	It is recommended to disable useCacheForAllThreads by setting -Dorg.apache.ratis.thirdparty.io.netty.allocator.useCacheForAllThreads=false in command line.
2022-03-12 14:25:23,767 [Time-limited test] INFO  grpc.GrpcConfigKeys (ConfUtils.java:logGet(44)) - raft.grpc.admin.port = -1 (default)
2022-03-12 14:25:23,767 [Time-limited test] INFO  grpc.GrpcConfigKeys (ConfUtils.java:logGet(44)) - raft.grpc.server.port = 9894 (custom)
2022-03-12 14:25:23,767 [Time-limited test] INFO  grpc.GrpcConfigKeys (ConfUtils.java:logGet(44)) - raft.grpc.client.port = -1 (default)
2022-03-12 14:25:23,768 [Time-limited test] INFO  grpc.GrpcConfigKeys (ConfUtils.java:logGet(44)) - raft.grpc.server.port = 9894 (custom)
2022-03-12 14:25:23,768 [Time-limited test] INFO  grpc.GrpcConfigKeys (ConfUtils.java:logGet(44)) - raft.grpc.server.port = 9894 (custom)
2022-03-12 14:25:23,768 [Time-limited test] INFO  server.GrpcService (ConfUtils.java:logGet(44)) - raft.grpc.message.size.max = 32m (=33554432) (custom)
2022-03-12 14:25:23,768 [Time-limited test] INFO  server.RaftServerConfigKeys (ConfUtils.java:logGet(44)) - raft.server.log.appender.buffer.byte-limit = 33554432 (custom)
2022-03-12 14:25:23,768 [Time-limited test] INFO  server.GrpcService (ConfUtils.java:logGet(44)) - raft.grpc.flow.control.window = 1MB (=1048576) (default)
2022-03-12 14:25:23,769 [Time-limited test] INFO  server.RaftServerConfigKeys (ConfUtils.java:logGet(44)) - raft.server.rpc.request.timeout = 30000ms (custom)
2022-03-12 14:25:23,770 [Time-limited test] INFO  impl.DataStreamServerImpl (ConfUtils.java:logGet(44)) - raft.datastream.type = DISABLED (default)
2022-03-12 14:25:23,770 [Time-limited test] INFO  server.RaftServerConfigKeys (ConfUtils.java:logGet(44)) - raft.server.rpc.slowness.timeout = 120000ms (custom)
2022-03-12 14:25:23,770 [Time-limited test] INFO  server.RaftServerConfigKeys (ConfUtils.java:logGet(44)) - raft.server.leaderelection.leader.step-down.wait-time = 10s (default)
2022-03-12 14:25:23,774 [Time-limited test] INFO  server.RaftServerConfigKeys (ConfUtils.java:logGet(44)) - raft.server.storage.dir = [/home/runner/work/ozone/ozone/hadoop-ozone/integration-test/target/test-dir/MiniOzoneClusterImpl-f5f50f7a-5524-4be5-b9ff-96e951a72c81/ozone-meta/scm-ha] (custom)
2022-03-12 14:25:23,774 [Time-limited test] INFO  server.RaftServer (RaftServerProxy.java:lambda$null$1(235)) - aecb911e-51ce-44d3-bc8f-bb6a71cbbcf4: found a subdirectory /home/runner/work/ozone/ozone/hadoop-ozone/integration-test/target/test-dir/MiniOzoneClusterImpl-f5f50f7a-5524-4be5-b9ff-96e951a72c81/ozone-meta/scm-ha/f5f50f7a-5524-4be5-b9ff-96e951a72c81
2022-03-12 14:25:23,780 [Time-limited test] INFO  server.RaftServer (RaftServerProxy.java:addNew(95)) - aecb911e-51ce-44d3-bc8f-bb6a71cbbcf4: addNew group-96E951A72C81:[] returns group-96E951A72C81:java.util.concurrent.CompletableFuture@1ae65e1f[Not completed]
2022-03-12 14:25:23,780 [pool-102-thread-1] INFO  server.RaftServer$Division (RaftServerImpl.java:<init>(184)) - aecb911e-51ce-44d3-bc8f-bb6a71cbbcf4: new RaftServerImpl for group-96E951A72C81:[] with SCMStateMachine:uninitialized
2022-03-12 14:25:23,781 [pool-102-thread-1] INFO  server.RaftServerConfigKeys (ConfUtils.java:logGet(44)) - raft.server.rpc.timeout.min = 5000ms (custom)
2022-03-12 14:25:23,781 [pool-102-thread-1] INFO  server.RaftServerConfigKeys (ConfUtils.java:logGet(44)) - raft.server.rpc.timeout.max = 5200ms (custom)
2022-03-12 14:25:23,781 [pool-102-thread-1] INFO  server.RaftServerConfigKeys (ConfUtils.java:logGet(44)) - raft.server.rpc.sleep.time = 25ms (default)
2022-03-12 14:25:23,781 [pool-102-thread-1] INFO  server.RaftServerConfigKeys (ConfUtils.java:logGet(44)) - raft.server.rpc.slowness.timeout = 120000ms (custom)
2022-03-12 14:25:23,781 [pool-102-thread-1] INFO  server.RaftServerConfigKeys (ConfUtils.java:logGet(44)) - raft.server.leaderelection.leader.step-down.wait-time = 10s (default)
2022-03-12 14:25:23,784 [pool-102-thread-1] INFO  server.RaftServerConfigKeys (ConfUtils.java:logGet(44)) - raft.server.sleep.deviation.threshold = 300ms (default)
2022-03-12 14:25:23,785 [pool-102-thread-1] INFO  server.RaftServerConfigKeys (ConfUtils.java:logGet(44)) - raft.server.log.appender.install.snapshot.enabled = false (custom)
2022-03-12 14:25:23,785 [pool-102-thread-1] INFO  server.RaftServer$Division (ServerState.java:<init>(105)) - aecb911e-51ce-44d3-bc8f-bb6a71cbbcf4@group-96E951A72C81: ConfigurationManager, init=-1: [], old=null, confs=<EMPTY_MAP>
2022-03-12 14:25:23,785 [pool-102-thread-1] INFO  server.RaftServerConfigKeys (ConfUtils.java:logGet(44)) - raft.server.storage.dir = [/home/runner/work/ozone/ozone/hadoop-ozone/integration-test/target/test-dir/MiniOzoneClusterImpl-f5f50f7a-5524-4be5-b9ff-96e951a72c81/ozone-meta/scm-ha] (custom)
2022-03-12 14:25:23,785 [pool-102-thread-1] INFO  server.RaftServerConfigKeys (ConfUtils.java:logGet(44)) - raft.server.log.corruption.policy = EXCEPTION (default)
2022-03-12 14:25:23,785 [pool-102-thread-1] INFO  server.RaftServerConfigKeys (ConfUtils.java:logGet(44)) - raft.server.storage.free-space.min = 0MB (=0) (default)
2022-03-12 14:25:23,786 [pool-102-thread-1] INFO  storage.RaftStorageDirectory (RaftStorageDirectoryImpl.java:tryLock(230)) - Lock on /home/runner/work/ozone/ozone/hadoop-ozone/integration-test/target/test-dir/MiniOzoneClusterImpl-f5f50f7a-5524-4be5-b9ff-96e951a72c81/ozone-meta/scm-ha/f5f50f7a-5524-4be5-b9ff-96e951a72c81/in_use.lock acquired by nodename 10814@fv-az297-111
2022-03-12 14:25:23,787 [pool-102-thread-1] INFO  storage.RaftStorage (RaftStorageImpl.java:analyzeAndRecoverStorage(110)) - Read RaftStorageMetadata{term=1, votedFor=aecb911e-51ce-44d3-bc8f-bb6a71cbbcf4} from /home/runner/work/ozone/ozone/hadoop-ozone/integration-test/target/test-dir/MiniOzoneClusterImpl-f5f50f7a-5524-4be5-b9ff-96e951a72c81/ozone-meta/scm-ha/f5f50f7a-5524-4be5-b9ff-96e951a72c81/current/raft-meta
2022-03-12 14:25:23,787 [pool-102-thread-1] INFO  server.RaftServer$Division (ServerState.java:setRaftConf(387)) - aecb911e-51ce-44d3-bc8f-bb6a71cbbcf4@group-96E951A72C81: set configuration 0: [aecb911e-51ce-44d3-bc8f-bb6a71cbbcf4|rpc:fv-az297-111:9894|admin:|client:|dataStream:|priority:0], old=null
2022-03-12 14:25:23,787 [pool-102-thread-1] INFO  server.RaftServerConfigKeys (ConfUtils.java:logGet(44)) - raft.server.notification.no-leader.timeout = 60s (default)
2022-03-12 14:25:23,788 [pool-102-thread-1] INFO  server.RaftServerConfigKeys (ConfUtils.java:logGet(44)) - raft.server.log.use.memory = false (default)
2022-03-12 14:25:23,788 [pool-102-thread-1] INFO  server.RaftServerConfigKeys (ConfUtils.java:logGet(44)) - raft.server.log.purge.gap = 1000000 (custom)
2022-03-12 14:25:23,788 [pool-102-thread-1] INFO  server.RaftServerConfigKeys (ConfUtils.java:logGet(44)) - raft.server.log.appender.buffer.byte-limit = 33554432 (custom)
2022-03-12 14:25:23,788 [pool-102-thread-1] INFO  server.RaftServerConfigKeys (ConfUtils.java:logGet(44)) - raft.server.log.segment.size.max = 4194304 (custom)
2022-03-12 14:25:23,789 [pool-102-thread-1] INFO  server.RaftServerConfigKeys (ConfUtils.java:logGet(44)) - raft.server.log.segment.cache.num.max = 2 (custom)
2022-03-12 14:25:23,789 [pool-102-thread-1] INFO  server.RaftServerConfigKeys (ConfUtils.java:logGet(44)) - raft.server.log.segment.cache.size.max = 200MB (=209715200) (default)
2022-03-12 14:25:23,789 [pool-102-thread-1] INFO  segmented.SegmentedRaftLogWorker (SegmentedRaftLogWorker.java:<init>(182)) - new aecb911e-51ce-44d3-bc8f-bb6a71cbbcf4@group-96E951A72C81-SegmentedRaftLogWorker for RaftStorageImpl:Storage Directory /home/runner/work/ozone/ozone/hadoop-ozone/integration-test/target/test-dir/MiniOzoneClusterImpl-f5f50f7a-5524-4be5-b9ff-96e951a72c81/ozone-meta/scm-ha/f5f50f7a-5524-4be5-b9ff-96e951a72c81
2022-03-12 14:25:23,789 [pool-102-thread-1] INFO  server.RaftServerConfigKeys (ConfUtils.java:logGet(44)) - raft.server.log.queue.byte-limit = 64MB (=67108864) (default)
2022-03-12 14:25:23,789 [pool-102-thread-1] INFO  server.RaftServerConfigKeys (ConfUtils.java:logGet(44)) - raft.server.log.queue.element-limit = 4096 (default)
2022-03-12 14:25:23,789 [pool-102-thread-1] INFO  server.RaftServerConfigKeys (ConfUtils.java:logGet(44)) - raft.server.log.segment.size.max = 4194304 (custom)
2022-03-12 14:25:23,790 [pool-102-thread-1] INFO  server.RaftServerConfigKeys (ConfUtils.java:logGet(44)) - raft.server.log.preallocated.size = 4194304 (custom)
2022-03-12 14:25:23,790 [pool-102-thread-1] INFO  server.RaftServerConfigKeys (ConfUtils.java:logGet(44)) - raft.server.log.force.sync.num = 128 (default)
2022-03-12 14:25:23,790 [pool-102-thread-1] INFO  server.RaftServerConfigKeys (ConfUtils.java:logGet(44)) - raft.server.log.statemachine.data.sync = true (default)
2022-03-12 14:25:23,790 [pool-102-thread-1] INFO  server.RaftServerConfigKeys (ConfUtils.java:logGet(44)) - raft.server.log.statemachine.data.sync.timeout = 10s (default)
2022-03-12 14:25:23,790 [pool-102-thread-1] INFO  server.RaftServerConfigKeys (ConfUtils.java:logGet(44)) - raft.server.log.statemachine.data.sync.timeout.retry = -1 (default)
2022-03-12 14:25:23,803 [pool-102-thread-1] INFO  server.RaftServerConfigKeys (ConfUtils.java:logGet(44)) - raft.server.log.write.buffer.size = 64KB (=65536) (default)
2022-03-12 14:25:23,804 [pool-102-thread-1] INFO  server.RaftServerConfigKeys (ConfUtils.java:logGet(44)) - raft.server.log.statemachine.data.caching.enabled = false (default)
2022-03-12 14:25:23,804 [pool-102-thread-1] INFO  server.RaftServer$Division (ServerState.java:setRaftConf(387)) - aecb911e-51ce-44d3-bc8f-bb6a71cbbcf4@group-96E951A72C81: set configuration 0: [aecb911e-51ce-44d3-bc8f-bb6a71cbbcf4|rpc:fv-az297-111:9894|admin:|client:|dataStream:|priority:0], old=null
2022-03-12 14:25:23,805 [pool-102-thread-1] INFO  segmented.LogSegment (LogSegment.java:loadSegment(173)) - Successfully read 1 entries from segment file /home/runner/work/ozone/ozone/hadoop-ozone/integration-test/target/test-dir/MiniOzoneClusterImpl-f5f50f7a-5524-4be5-b9ff-96e951a72c81/ozone-meta/scm-ha/f5f50f7a-5524-4be5-b9ff-96e951a72c81/current/log_inprogress_0
2022-03-12 14:25:23,805 [pool-102-thread-1] INFO  segmented.SegmentedRaftLogWorker (SegmentedRaftLogWorker.java:lambda$new$0(133)) - aecb911e-51ce-44d3-bc8f-bb6a71cbbcf4@group-96E951A72C81-SegmentedRaftLogWorker: flushIndex: setUnconditionally 0 -> 0
2022-03-12 14:25:23,805 [pool-102-thread-1] INFO  segmented.SegmentedRaftLogWorker (SegmentedRaftLogWorker.java:lambda$new$0(133)) - aecb911e-51ce-44d3-bc8f-bb6a71cbbcf4@group-96E951A72C81-SegmentedRaftLogWorker: safeCacheEvictIndex: setUnconditionally 0 -> -1
2022-03-12 14:25:23,811 [pool-102-thread-1] INFO  server.RaftServerConfigKeys (ConfUtils.java:logGet(44)) - raft.server.snapshot.auto.trigger.enabled = true (custom)
2022-03-12 14:25:23,812 [pool-102-thread-1] INFO  server.RaftServerConfigKeys (ConfUtils.java:logGet(44)) - raft.server.snapshot.auto.trigger.threshold = 1000 (custom)
2022-03-12 14:25:23,812 [pool-102-thread-1] INFO  server.RaftServerConfigKeys (ConfUtils.java:logGet(44)) - raft.server.snapshot.retention.file.num = -1 (default)
2022-03-12 14:25:23,812 [pool-102-thread-1] INFO  server.RaftServerConfigKeys (ConfUtils.java:logGet(44)) - raft.server.log.purge.upto.snapshot.index = false (default)
2022-03-12 14:25:23,812 [pool-102-thread-1] INFO  server.RaftServerConfigKeys (ConfUtils.java:logGet(44)) - raft.server.retrycache.expirytime = 60000ms (default)
2022-03-12 14:25:23,812 [pool-102-thread-1] INFO  server.RaftServerConfigKeys (ConfUtils.java:logGet(44)) - raft.server.retrycache.statistics.expirytime = 100μs (default)
2022-03-12 14:25:23,820 [Time-limited test] INFO  ha.SCMSnapshotProvider (SCMSnapshotProvider.java:<init>(66)) - Initializing SCM Snapshot Provider
2022-03-12 14:25:23,820 [Time-limited test] WARN  server.ServerUtils (ServerUtils.java:getDefaultRatisDirectory(237)) - Storage directory for Ratis is not configured. It is a good idea to map this to an SSD disk. Falling back to ozone.metadata.dirs
2022-03-12 14:25:23,820 [Time-limited test] WARN  ha.SCMHAUtils (SCMHAUtils.java:getSCMRatisSnapshotDirectory(151)) - SCM snapshot dir is not configured. Falling back to ozone.metadata.dirs config
2022-03-12 14:25:23,822 [Time-limited test] INFO  ha.SequenceIdGenerator (SequenceIdGenerator.java:upgradeToSequenceId(347)) - upgrade localId to 109611004723200000
2022-03-12 14:25:23,822 [Time-limited test] INFO  ha.SequenceIdGenerator (SequenceIdGenerator.java:upgradeToSequenceId(357)) - upgrade delTxnId to 0
2022-03-12 14:25:23,822 [Time-limited test] INFO  ha.SequenceIdGenerator (SequenceIdGenerator.java:upgradeToSequenceId(371)) - upgrade containerId to 0
2022-03-12 14:25:23,822 [Time-limited test] INFO  ha.SequenceIdGenerator (SequenceIdGenerator.java:<init>(218)) - Init the HA SequenceIdGenerator.
2022-03-12 14:25:23,822 [Time-limited test] WARN  server.ServerUtils (ServerUtils.java:sanitizeUserArgs(73)) - ozone.scm.stale.node.interval value = 300000 is larger than max = 100000 based on the key value of ozone.scm.heartbeat.thread.interval, reset to the max value 100000.
2022-03-12 14:25:23,823 [Time-limited test] WARN  server.ServerUtils (ServerUtils.java:sanitizeUserArgs(73)) - ozone.scm.stale.node.interval value = 300000 is larger than max = 100000 based on the key value of ozone.scm.heartbeat.thread.interval, reset to the max value 100000.
2022-03-12 14:25:23,823 [Time-limited test] INFO  node.SCMNodeManager (SCMNodeManager.java:<init>(146)) - Entering startup safe mode.
2022-03-12 14:25:23,824 [Time-limited test] INFO  algorithms.ContainerPlacementPolicyFactory (ContainerPlacementPolicyFactory.java:getPolicy(60)) - Create container placement policy of type org.apache.hadoop.hdds.scm.container.placement.algorithms.SCMContainerPlacementRandom
2022-03-12 14:25:23,824 [Time-limited test] INFO  pipeline.PipelineStateManagerImpl (PipelineStateManagerImpl.java:initialize(78)) - No pipeline exists in current db
2022-03-12 14:25:23,824 [Time-limited test] INFO  algorithms.LeaderChoosePolicyFactory (LeaderChoosePolicyFactory.java:getPolicy(57)) - Create leader choose policy of type org.apache.hadoop.hdds.scm.pipeline.leader.choose.algorithms.MinLeaderCountChoosePolicy
2022-03-12 14:25:23,825 [Time-limited test] INFO  ha.SCMServiceManager (SCMServiceManager.java:register(42)) - Registering service BackgroundPipelineCreator.
2022-03-12 14:25:23,825 [Time-limited test] INFO  pipeline.BackgroundPipelineCreator (BackgroundPipelineCreator.java:start(130)) - Starting RatisPipelineUtilsThread.
2022-03-12 14:25:23,832 [Time-limited test] INFO  algorithms.PipelineChoosePolicyFactory (PipelineChoosePolicyFactory.java:createPipelineChoosePolicyFromClass(73)) - Create pipeline choose policy of type org.apache.hadoop.hdds.scm.pipeline.choose.algorithms.RandomPipelineChoosePolicy
2022-03-12 14:25:23,833 [Time-limited test] INFO  ha.SCMServiceManager (SCMServiceManager.java:register(42)) - Registering service SCMBlockDeletingService.
2022-03-12 14:25:23,833 [Time-limited test] INFO  ha.SCMServiceManager (SCMServiceManager.java:register(42)) - Registering service ReplicationManager.
2022-03-12 14:25:23,834 [Time-limited test] INFO  container.ReplicationManager (ReplicationManager.java:start(326)) - Starting Replication Monitor Thread.
2022-03-12 14:25:23,840 [Time-limited test] INFO  safemode.ContainerSafeModeRule (ContainerSafeModeRule.java:<init>(89)) - containers with one replica threshold count 0
2022-03-12 14:25:23,840 [Time-limited test] INFO  safemode.HealthyPipelineSafeModeRule (HealthyPipelineSafeModeRule.java:initializeRule(156)) - Total pipeline count is 0, healthy pipeline threshold count is 1
2022-03-12 14:25:23,841 [Time-limited test] INFO  safemode.OneReplicaPipelineSafeModeRule (OneReplicaPipelineSafeModeRule.java:initializeRule(180)) - Total pipeline count is 0, pipeline's with at least one datanode reported threshold count is 0
2022-03-12 14:25:23,848 [Time-limited test] INFO  ipc.CallQueueManager (CallQueueManager.java:<init>(90)) - Using callQueue: class java.util.concurrent.LinkedBlockingQueue, queueCapacity: 2000, scheduler: class org.apache.hadoop.ipc.DefaultRpcScheduler, ipcBackoff: false.
2022-03-12 14:25:23,851 [Socket Reader #1 for port 0] INFO  ipc.Server (Server.java:run(1265)) - Starting Socket Reader #1 for port 0
2022-03-12 14:25:23,852 [Listener at 0.0.0.0/37097] INFO  ipc.CallQueueManager (CallQueueManager.java:<init>(90)) - Using callQueue: class java.util.concurrent.LinkedBlockingQueue, queueCapacity: 2000, scheduler: class org.apache.hadoop.ipc.DefaultRpcScheduler, ipcBackoff: false.
2022-03-12 14:25:23,857 [Listener at 0.0.0.0/34809] INFO  ipc.CallQueueManager (CallQueueManager.java:<init>(90)) - Using callQueue: class java.util.concurrent.LinkedBlockingQueue, queueCapacity: 2000, scheduler: class org.apache.hadoop.ipc.DefaultRpcScheduler, ipcBackoff: false.
2022-03-12 14:25:23,859 [Socket Reader #1 for port 0] INFO  ipc.Server (Server.java:run(1265)) - Starting Socket Reader #1 for port 0
2022-03-12 14:25:23,859 [Socket Reader #1 for port 0] INFO  ipc.Server (Server.java:run(1265)) - Starting Socket Reader #1 for port 0
2022-03-12 14:25:23,865 [ReplicationMonitor] INFO  container.ReplicationManager (ReplicationManager.java:processAll(374)) - Replication Manager is not ready to run until 3000ms after safemode exit
2022-03-12 14:25:23,888 [Listener at 0.0.0.0/38763] INFO  server.StorageContainerManager (StorageContainerManager.java:<init>(389)) - 
Container Balancer status:
Key                            Value
Running                        false
Container Balancer Configuration values:
Key                                                Value
Threshold                                          10
Max Datanodes to Involve per Iteration(percent)    20
Max Size to Move per Iteration                     500GB
Max Size Entering Target per Iteration             26GB
Max Size Leaving Source per Iteration              26GB

2022-03-12 14:25:23,889 [Listener at 0.0.0.0/38763] WARN  events.EventQueue (EventQueue.java:fireEvent(194)) - No event handler registered for event TypedEvent{payloadType=SafeModeStatus, name='Safe mode status'}
2022-03-12 14:25:23,889 [Listener at 0.0.0.0/38763] INFO  ha.SCMContext (SCMContext.java:updateSafeModeStatus(211)) - Update SafeModeStatus from SafeModeStatus{safeModeStatus=true, preCheckPassed=false} to SafeModeStatus{safeModeStatus=true, preCheckPassed=false}.
2022-03-12 14:25:23,889 [Listener at 0.0.0.0/38763] INFO  server.StorageContainerManager (StorageContainerManager.java:start(1327)) - StorageContainerLocationProtocol RPC server is listening at /0.0.0.0:38763
2022-03-12 14:25:23,889 [Listener at 0.0.0.0/38763] INFO  ha.SCMRatisServerImpl (SCMRatisServerImpl.java:start(177)) - starting ratis server 0.0.0.0:9894
2022-03-12 14:25:23,889 [Listener at 0.0.0.0/38763] INFO  server.RaftServer$Division (RaftServerImpl.java:start(301)) - aecb911e-51ce-44d3-bc8f-bb6a71cbbcf4@group-96E951A72C81: start as a follower, conf=0: [aecb911e-51ce-44d3-bc8f-bb6a71cbbcf4|rpc:fv-az297-111:9894|admin:|client:|dataStream:|priority:0], old=null
2022-03-12 14:25:23,890 [Listener at 0.0.0.0/38763] INFO  server.RaftServer$Division (RaftServerImpl.java:setRole(290)) - aecb911e-51ce-44d3-bc8f-bb6a71cbbcf4@group-96E951A72C81: changes role from      null to FOLLOWER at term 1 for startAsFollower
2022-03-12 14:25:23,890 [Listener at 0.0.0.0/38763] INFO  impl.RoleInfo (RoleInfo.java:updateAndGet(130)) - aecb911e-51ce-44d3-bc8f-bb6a71cbbcf4: start aecb911e-51ce-44d3-bc8f-bb6a71cbbcf4@group-96E951A72C81-FollowerState
2022-03-12 14:25:23,890 [Listener at 0.0.0.0/38763] INFO  util.JmxRegister (JmxRegister.java:tryRegister(44)) - Successfully registered JMX Bean with object name Ratis:service=RaftServer,group=group-96E951A72C81,id=aecb911e-51ce-44d3-bc8f-bb6a71cbbcf4
2022-03-12 14:25:23,892 [Listener at 0.0.0.0/38763] INFO  server.RaftServer (RaftServerProxy.java:lambda$start$5(374)) - aecb911e-51ce-44d3-bc8f-bb6a71cbbcf4: start RPC server
2022-03-12 14:25:23,896 [Listener at 0.0.0.0/38763] INFO  server.GrpcService (GrpcService.java:startImpl(253)) - aecb911e-51ce-44d3-bc8f-bb6a71cbbcf4: GrpcService started, listening on 9894
2022-03-12 14:25:23,896 [Listener at 0.0.0.0/38763] INFO  ha.SCMHAManagerImpl (SCMHAManagerImpl.java:start(121)) -  scm role is FOLLOWER peers [aecb911e-51ce-44d3-bc8f-bb6a71cbbcf4|rpc:fv-az297-111:9894|admin:|client:|dataStream:|priority:0]
2022-03-12 14:25:23,897 [Listener at 0.0.0.0/38763] INFO  ha.InterSCMGrpcService (InterSCMGrpcProtocolService.java:start(94)) - Starting SCM Grpc Service at port 9895
2022-03-12 14:25:23,900 [org.apache.ratis.util.JvmPauseMonitor$$Lambda$431/253481993@59248e24] INFO  util.JvmPauseMonitor (JvmPauseMonitor.java:run(103)) - JvmPauseMonitor-aecb911e-51ce-44d3-bc8f-bb6a71cbbcf4: Started
2022-03-12 14:25:23,901 [Listener at 0.0.0.0/38763] WARN  impl.MetricsConfig (MetricsConfig.java:loadFirst(136)) - Cannot locate configuration: tried hadoop-metrics2-storagecontainermanager.properties,hadoop-metrics2.properties
2022-03-12 14:25:23,902 [Listener at 0.0.0.0/38763] INFO  impl.MetricsSystemImpl (MetricsSystemImpl.java:startTimer(378)) - Scheduled Metric snapshot period at 10 second(s).
2022-03-12 14:25:23,902 [Listener at 0.0.0.0/38763] INFO  impl.MetricsSystemImpl (MetricsSystemImpl.java:start(191)) - StorageContainerManager metrics system started
2022-03-12 14:25:23,907 [Listener at 0.0.0.0/38763] INFO  impl.MetricsSinkAdapter (MetricsSinkAdapter.java:start(204)) - Sink prometheus started
2022-03-12 14:25:23,908 [Listener at 0.0.0.0/38763] INFO  impl.MetricsSystemImpl (MetricsSystemImpl.java:registerSink(305)) - Registered sink prometheus
2022-03-12 14:25:23,921 [Listener at 0.0.0.0/38763] INFO  server.SCMClientProtocolServer (SCMClientProtocolServer.java:start(165)) - RPC server for Client  is listening at /0.0.0.0:38763
2022-03-12 14:25:23,922 [IPC Server Responder] INFO  ipc.Server (Server.java:run(1507)) - IPC Server Responder: starting
2022-03-12 14:25:23,922 [IPC Server listener on 0] INFO  ipc.Server (Server.java:run(1344)) - IPC Server listener on 0: starting
2022-03-12 14:25:23,935 [Listener at 0.0.0.0/38763] INFO  server.StorageContainerManager (StorageContainerManager.java:start(1342)) - ScmBlockLocationProtocol RPC server is listening at /0.0.0.0:34809
2022-03-12 14:25:23,935 [Listener at 0.0.0.0/38763] INFO  server.SCMBlockProtocolServer (SCMBlockProtocolServer.java:start(151)) - RPC server for Block Protocol is listening at /0.0.0.0:34809
2022-03-12 14:25:23,936 [IPC Server Responder] INFO  ipc.Server (Server.java:run(1507)) - IPC Server Responder: starting
2022-03-12 14:25:23,940 [IPC Server listener on 0] INFO  ipc.Server (Server.java:run(1344)) - IPC Server listener on 0: starting
2022-03-12 14:25:23,948 [Listener at 0.0.0.0/38763] INFO  http.BaseHttpServer (BaseHttpServer.java:newHttpServer2BuilderForOzone(209)) - Starting Web-server for scm at: http://0.0.0.0:0
2022-03-12 14:25:23,948 [Listener at 0.0.0.0/38763] INFO  http.BaseHttpServer (BaseHttpServer.java:<init>(107)) - Hadoop Security Enabled: false Ozone Security Enabled: false Ozone HTTP Security Enabled: false 
2022-03-12 14:25:23,948 [org.apache.hadoop.util.JvmPauseMonitor$Monitor@26a67774] INFO  util.JvmPauseMonitor (JvmPauseMonitor.java:run(188)) - Starting JVM pause monitor
2022-03-12 14:25:23,949 [Listener at 0.0.0.0/38763] INFO  server.AuthenticationFilter (AuthenticationFilter.java:constructSecretProvider(240)) - Unable to initialize FileSignerSecretProvider, falling back to use random secrets.
2022-03-12 14:25:23,952 [Listener at 0.0.0.0/38763] WARN  http.HttpRequestLog (HttpRequestLog.java:getRequestLog(103)) - Jetty request log can only be enabled using Log4j
2022-03-12 14:25:23,953 [Listener at 0.0.0.0/38763] INFO  http.HttpServer2 (HttpServer2.java:addGlobalFilter(1030)) - Added global filter 'safety' (class=org.apache.hadoop.hdds.server.http.HttpServer2$QuotingInputFilter)
2022-03-12 14:25:23,954 [Listener at 0.0.0.0/38763] INFO  http.HttpServer2 (HttpServer2.java:addFilter(1006)) - Added filter static_user_filter (class=org.apache.hadoop.http.lib.StaticUserWebFilter$StaticUserFilter) to context scm
2022-03-12 14:25:23,954 [Listener at 0.0.0.0/38763] INFO  http.HttpServer2 (HttpServer2.java:addFilter(1014)) - Added filter static_user_filter (class=org.apache.hadoop.http.lib.StaticUserWebFilter$StaticUserFilter) to context logs
2022-03-12 14:25:23,954 [Listener at 0.0.0.0/38763] INFO  http.HttpServer2 (HttpServer2.java:addFilter(1014)) - Added filter static_user_filter (class=org.apache.hadoop.http.lib.StaticUserWebFilter$StaticUserFilter) to context static
2022-03-12 14:25:23,955 [Listener at 0.0.0.0/38763] INFO  http.HttpServer2 (HttpServer2.java:bindListener(1249)) - Jetty bound to port 36279
2022-03-12 14:25:23,955 [Listener at 0.0.0.0/38763] INFO  server.Server (Server.java:doStart(375)) - jetty-9.4.43.v20210629; built: 2021-06-30T11:07:22.254Z; git: 526006ecfa3af7f1a27ef3a288e2bef7ea9dd7e8; jvm 1.8.0_322-b06
2022-03-12 14:25:23,967 [Listener at 0.0.0.0/38763] INFO  server.session (DefaultSessionIdManager.java:doStart(334)) - DefaultSessionIdManager workerName=node0
2022-03-12 14:25:23,967 [Listener at 0.0.0.0/38763] INFO  server.session (DefaultSessionIdManager.java:doStart(339)) - No SessionScavenger set, using defaults
2022-03-12 14:25:23,967 [Listener at 0.0.0.0/38763] INFO  server.session (HouseKeeper.java:startScavenging(132)) - node0 Scavenging every 600000ms
2022-03-12 14:25:23,968 [Listener at 0.0.0.0/38763] INFO  handler.ContextHandler (ContextHandler.java:doStart(915)) - Started o.e.j.s.ServletContextHandler@50742175{logs,/logs,file:///home/runner/work/ozone/ozone/hadoop-ozone/integration-test/target/log,AVAILABLE}
2022-03-12 14:25:23,968 [Listener at 0.0.0.0/38763] INFO  handler.ContextHandler (ContextHandler.java:doStart(915)) - Started o.e.j.s.ServletContextHandler@5246ea7e{static,/static,file:///home/runner/work/ozone/ozone/hadoop-ozone/integration-test/target/test-classes/webapps/static,AVAILABLE}
2022-03-12 14:25:23,976 [Listener at 0.0.0.0/38763] INFO  handler.ContextHandler (ContextHandler.java:doStart(915)) - Started o.e.j.w.WebAppContext@20b93b11{scm,/,file:///home/runner/work/ozone/ozone/hadoop-ozone/integration-test/target/test-classes/webapps/scm/,AVAILABLE}{file:/home/runner/work/ozone/ozone/hadoop-ozone/integration-test/target/test-classes/webapps/scm}
2022-03-12 14:25:23,977 [Listener at 0.0.0.0/38763] INFO  server.AbstractConnector (AbstractConnector.java:doStart(331)) - Started ServerConnector@56407293{HTTP/1.1, (http/1.1)}{0.0.0.0:36279}
2022-03-12 14:25:23,978 [Listener at 0.0.0.0/38763] INFO  server.Server (Server.java:doStart(415)) - Started @38536ms
2022-03-12 14:25:23,978 [Listener at 0.0.0.0/38763] WARN  impl.MetricsSystemImpl (MetricsSystemImpl.java:register(279)) - Sink prometheus already exists!
2022-03-12 14:25:23,978 [Listener at 0.0.0.0/38763] INFO  http.BaseHttpServer (BaseHttpServer.java:updateConnectorAddress(329)) - HTTP server of scm listening at http://0.0.0.0:36279
2022-03-12 14:25:23,978 [Listener at 0.0.0.0/38763] WARN  server.ServerUtils (ServerUtils.java:getDBPath(225)) - ozone.om.db.dirs is not configured. We recommend adding this setting. Falling back to ozone.metadata.dirs instead.
2022-03-12 14:25:23,980 [Listener at 0.0.0.0/38763] INFO  ha.OMHANodeDetails (OMHANodeDetails.java:loadOMHAConfig(112)) - ozone.om.internal.service.id is not defined, falling back to ozone.om.service.ids to find serviceID for OzoneManager if it is HA enabled cluster
2022-03-12 14:25:23,980 [Listener at 0.0.0.0/38763] INFO  ha.OMHANodeDetails (OMHANodeDetails.java:loadOMHAConfig(218)) - Configuration does not have ozone.om.address set. Falling back to the default OM address /127.0.0.1:0
2022-03-12 14:25:23,980 [Listener at 0.0.0.0/38763] INFO  ha.OMHANodeDetails (OMHANodeDetails.java:getOMNodeDetailsForNonHA(246)) - OM Service ID is not set. Setting it to the default ID: omServiceIdDefault
2022-03-12 14:25:23,980 [Listener at 0.0.0.0/38763] INFO  ha.OMHANodeDetails (OMHANodeDetails.java:getOMNodeDetailsForNonHA(253)) - OM Node ID is not set. Setting it to the default ID: om1
2022-03-12 14:25:23,981 [Listener at 0.0.0.0/38763] WARN  server.ServerUtils (ServerUtils.java:getDBPath(225)) - ozone.om.db.dirs is not configured. We recommend adding this setting. Falling back to ozone.metadata.dirs instead.
2022-03-12 14:25:23,981 [Listener at 0.0.0.0/38763] INFO  upgrade.AbstractLayoutVersionManager (AbstractLayoutVersionManager.java:init(79)) - Initializing Layout version manager with metadata layout = INITIAL_VERSION (version = 0), software layout = INITIAL_VERSION (version = 0)
2022-03-12 14:25:24,063 [Listener at 0.0.0.0/38763] INFO  reflections.Reflections (Reflections.java:scan(232)) - Reflections took 81 ms to scan 2 urls, producing 134 keys and 349 values [using 2 cores]
2022-03-12 14:25:24,063 [Listener at 0.0.0.0/38763] INFO  upgrade.OMLayoutVersionManager (OMLayoutVersionManager.java:lambda$0(115)) - Skipping Upgrade Action MockOmUpgradeAction since it has been finalized.
2022-03-12 14:25:24,063 [Listener at 0.0.0.0/38763] WARN  server.ServerUtils (ServerUtils.java:getDBPath(225)) - ozone.om.db.dirs is not configured. We recommend adding this setting. Falling back to ozone.metadata.dirs instead.
2022-03-12 14:25:26,085 [Listener at 0.0.0.0/38763] INFO  retry.RetryInvocationHandler (RetryInvocationHandler.java:log(411)) - com.google.protobuf.ServiceException: org.apache.hadoop.ipc.RemoteException(org.apache.hadoop.hdds.ratis.ServerNotLeaderException): Server:aecb911e-51ce-44d3-bc8f-bb6a71cbbcf4 is not the leader. Could not determine the leader node.
	at org.apache.hadoop.hdds.ratis.ServerNotLeaderException.convertToNotLeaderException(ServerNotLeaderException.java:109)
	at org.apache.hadoop.hdds.scm.ha.RatisUtil.checkRatisException(RatisUtil.java:246)
	at org.apache.hadoop.hdds.scm.protocol.ScmBlockLocationProtocolServerSideTranslatorPB.send(ScmBlockLocationProtocolServerSideTranslatorPB.java:108)
	at org.apache.hadoop.hdds.protocol.proto.ScmBlockLocationProtocolProtos$ScmBlockLocationProtocolService$2.callBlockingMethod(ScmBlockLocationProtocolProtos.java:13937)
	at org.apache.hadoop.ipc.ProtobufRpcEngine$Server.processCall(ProtobufRpcEngine.java:466)
	at org.apache.hadoop.ipc.ProtobufRpcEngine2$Server$ProtoBufRpcInvoker.call(ProtobufRpcEngine2.java:574)
	at org.apache.hadoop.ipc.ProtobufRpcEngine2$Server$ProtoBufRpcInvoker.call(ProtobufRpcEngine2.java:552)
	at org.apache.hadoop.ipc.RPC$Server.call(RPC.java:1093)
	at org.apache.hadoop.ipc.Server$RpcCall.run(Server.java:1035)
	at org.apache.hadoop.ipc.Server$RpcCall.run(Server.java:963)
	at java.security.AccessController.doPrivileged(Native Method)
	at javax.security.auth.Subject.doAs(Subject.java:422)
	at org.apache.hadoop.security.UserGroupInformation.doAs(UserGroupInformation.java:1878)
	at org.apache.hadoop.ipc.Server$Handler.run(Server.java:2966)
, while invoking $Proxy44.send over nodeId=scmNodeId,nodeAddress=/0.0.0.0:34809 after 1 failover attempts. Trying to failover after sleeping for 2000ms.
2022-03-12 14:25:28,090 [Listener at 0.0.0.0/38763] INFO  retry.RetryInvocationHandler (RetryInvocationHandler.java:log(411)) - com.google.protobuf.ServiceException: org.apache.hadoop.ipc.RemoteException(org.apache.hadoop.hdds.ratis.ServerNotLeaderException): Server:aecb911e-51ce-44d3-bc8f-bb6a71cbbcf4 is not the leader. Could not determine the leader node.
	at org.apache.hadoop.hdds.ratis.ServerNotLeaderException.convertToNotLeaderException(ServerNotLeaderException.java:109)
	at org.apache.hadoop.hdds.scm.ha.RatisUtil.checkRatisException(RatisUtil.java:246)
	at org.apache.hadoop.hdds.scm.protocol.ScmBlockLocationProtocolServerSideTranslatorPB.send(ScmBlockLocationProtocolServerSideTranslatorPB.java:108)
	at org.apache.hadoop.hdds.protocol.proto.ScmBlockLocationProtocolProtos$ScmBlockLocationProtocolService$2.callBlockingMethod(ScmBlockLocationProtocolProtos.java:13937)
	at org.apache.hadoop.ipc.ProtobufRpcEngine$Server.processCall(ProtobufRpcEngine.java:466)
	at org.apache.hadoop.ipc.ProtobufRpcEngine2$Server$ProtoBufRpcInvoker.call(ProtobufRpcEngine2.java:574)
	at org.apache.hadoop.ipc.ProtobufRpcEngine2$Server$ProtoBufRpcInvoker.call(ProtobufRpcEngine2.java:552)
	at org.apache.hadoop.ipc.RPC$Server.call(RPC.java:1093)
	at org.apache.hadoop.ipc.Server$RpcCall.run(Server.java:1035)
	at org.apache.hadoop.ipc.Server$RpcCall.run(Server.java:963)
	at java.security.AccessController.doPrivileged(Native Method)
	at javax.security.auth.Subject.doAs(Subject.java:422)
	at org.apache.hadoop.security.UserGroupInformation.doAs(UserGroupInformation.java:1878)
	at org.apache.hadoop.ipc.Server$Handler.run(Server.java:2966)
, while invoking $Proxy44.send over nodeId=scmNodeId,nodeAddress=/0.0.0.0:34809 after 2 failover attempts. Trying to failover after sleeping for 2000ms.
2022-03-12 14:25:28,979 [aecb911e-51ce-44d3-bc8f-bb6a71cbbcf4@group-96E951A72C81-FollowerState] INFO  impl.FollowerState (FollowerState.java:run(134)) - aecb911e-51ce-44d3-bc8f-bb6a71cbbcf4@group-96E951A72C81-FollowerState: change to CANDIDATE, lastRpcElapsedTime:5089752063ns, electionTimeout:5083ms
2022-03-12 14:25:28,980 [aecb911e-51ce-44d3-bc8f-bb6a71cbbcf4@group-96E951A72C81-FollowerState] INFO  impl.RoleInfo (RoleInfo.java:shutdownFollowerState(108)) - aecb911e-51ce-44d3-bc8f-bb6a71cbbcf4: shutdown aecb911e-51ce-44d3-bc8f-bb6a71cbbcf4@group-96E951A72C81-FollowerState
2022-03-12 14:25:28,980 [aecb911e-51ce-44d3-bc8f-bb6a71cbbcf4@group-96E951A72C81-FollowerState] INFO  server.RaftServer$Division (RaftServerImpl.java:setRole(290)) - aecb911e-51ce-44d3-bc8f-bb6a71cbbcf4@group-96E951A72C81: changes role from  FOLLOWER to CANDIDATE at term 1 for changeToCandidate
2022-03-12 14:25:28,980 [aecb911e-51ce-44d3-bc8f-bb6a71cbbcf4@group-96E951A72C81-FollowerState] INFO  server.RaftServerConfigKeys (ConfUtils.java:logGet(44)) - raft.server.leaderelection.pre-vote = false (custom)
2022-03-12 14:25:28,981 [aecb911e-51ce-44d3-bc8f-bb6a71cbbcf4@group-96E951A72C81-FollowerState] INFO  impl.RoleInfo (RoleInfo.java:updateAndGet(130)) - aecb911e-51ce-44d3-bc8f-bb6a71cbbcf4: start aecb911e-51ce-44d3-bc8f-bb6a71cbbcf4@group-96E951A72C81-LeaderElection5
2022-03-12 14:25:28,988 [aecb911e-51ce-44d3-bc8f-bb6a71cbbcf4@group-96E951A72C81-LeaderElection5] INFO  impl.LeaderElection (LeaderElection.java:askForVotes(306)) - aecb911e-51ce-44d3-bc8f-bb6a71cbbcf4@group-96E951A72C81-LeaderElection5 ELECTION round 0: submit vote requests at term 2 for 0: [aecb911e-51ce-44d3-bc8f-bb6a71cbbcf4|rpc:fv-az297-111:9894|admin:|client:|dataStream:|priority:0], old=null
2022-03-12 14:25:28,988 [aecb911e-51ce-44d3-bc8f-bb6a71cbbcf4@group-96E951A72C81-LeaderElection5] INFO  impl.LeaderElection (LeaderElection.java:askForVotes(308)) - aecb911e-51ce-44d3-bc8f-bb6a71cbbcf4@group-96E951A72C81-LeaderElection5 ELECTION round 0: result PASSED (term=2)
2022-03-12 14:25:28,988 [aecb911e-51ce-44d3-bc8f-bb6a71cbbcf4@group-96E951A72C81-LeaderElection5] INFO  impl.RoleInfo (RoleInfo.java:shutdownLeaderElection(121)) - aecb911e-51ce-44d3-bc8f-bb6a71cbbcf4: shutdown aecb911e-51ce-44d3-bc8f-bb6a71cbbcf4@group-96E951A72C81-LeaderElection5
2022-03-12 14:25:28,989 [aecb911e-51ce-44d3-bc8f-bb6a71cbbcf4@group-96E951A72C81-LeaderElection5] INFO  server.RaftServer$Division (RaftServerImpl.java:setRole(290)) - aecb911e-51ce-44d3-bc8f-bb6a71cbbcf4@group-96E951A72C81: changes role from CANDIDATE to LEADER at term 2 for changeToLeader
2022-03-12 14:25:28,989 [aecb911e-51ce-44d3-bc8f-bb6a71cbbcf4@group-96E951A72C81-LeaderElection5] INFO  ha.SCMStateMachine (SCMStateMachine.java:notifyLeaderChanged(259)) - current SCM becomes leader of term 2.
2022-03-12 14:25:28,989 [aecb911e-51ce-44d3-bc8f-bb6a71cbbcf4@group-96E951A72C81-LeaderElection5] INFO  ha.SCMContext (SCMContext.java:updateLeaderAndTerm(90)) - update <isLeader,term> from <false,0> to <true,2>
2022-03-12 14:25:28,995 [aecb911e-51ce-44d3-bc8f-bb6a71cbbcf4@group-96E951A72C81-LeaderElection5] INFO  server.RaftServer$Division (ServerState.java:setLeader(285)) - aecb911e-51ce-44d3-bc8f-bb6a71cbbcf4@group-96E951A72C81: change Leader from null to aecb911e-51ce-44d3-bc8f-bb6a71cbbcf4 at term 2 for becomeLeader, leader elected after 5201ms
2022-03-12 14:25:28,995 [aecb911e-51ce-44d3-bc8f-bb6a71cbbcf4@group-96E951A72C81-LeaderElection5] INFO  server.RaftServerConfigKeys (ConfUtils.java:logGet(44)) - raft.server.staging.catchup.gap = 1000 (default)
2022-03-12 14:25:28,996 [aecb911e-51ce-44d3-bc8f-bb6a71cbbcf4@group-96E951A72C81-LeaderElection5] INFO  server.RaftServerConfigKeys (ConfUtils.java:logGet(44)) - raft.server.write.element-limit = 4096 (default)
2022-03-12 14:25:28,997 [aecb911e-51ce-44d3-bc8f-bb6a71cbbcf4@group-96E951A72C81-LeaderElection5] INFO  server.RaftServerConfigKeys (ConfUtils.java:logGet(44)) - raft.server.write.byte-limit = 64MB (=67108864) (default)
2022-03-12 14:25:28,997 [aecb911e-51ce-44d3-bc8f-bb6a71cbbcf4@group-96E951A72C81-LeaderElection5] INFO  server.RaftServerConfigKeys (ConfUtils.java:logGet(44)) - raft.server.watch.timeout = 10s (default)
2022-03-12 14:25:28,997 [aecb911e-51ce-44d3-bc8f-bb6a71cbbcf4@group-96E951A72C81-LeaderElection5] INFO  server.RaftServerConfigKeys (ConfUtils.java:logGet(44)) - raft.server.watch.timeout.denomination = 1s (default)
2022-03-12 14:25:28,997 [aecb911e-51ce-44d3-bc8f-bb6a71cbbcf4@group-96E951A72C81-LeaderElection5] INFO  server.RaftServerConfigKeys (ConfUtils.java:logGet(44)) - raft.server.watch.element-limit = 65536 (default)
2022-03-12 14:25:28,997 [aecb911e-51ce-44d3-bc8f-bb6a71cbbcf4@group-96E951A72C81-LeaderElection5] INFO  server.RaftServerConfigKeys (ConfUtils.java:logGet(44)) - raft.server.write.element-limit = 4096 (default)
2022-03-12 14:25:28,997 [aecb911e-51ce-44d3-bc8f-bb6a71cbbcf4@group-96E951A72C81-LeaderElection5] INFO  server.RaftServerConfigKeys (ConfUtils.java:logGet(44)) - raft.server.write.follower.gap.ratio.max = -1.0 (default)
2022-03-12 14:25:28,997 [aecb911e-51ce-44d3-bc8f-bb6a71cbbcf4@group-96E951A72C81-LeaderElection5] INFO  impl.RoleInfo (RoleInfo.java:updateAndGet(130)) - aecb911e-51ce-44d3-bc8f-bb6a71cbbcf4: start aecb911e-51ce-44d3-bc8f-bb6a71cbbcf4@group-96E951A72C81-LeaderStateImpl
2022-03-12 14:25:28,998 [aecb911e-51ce-44d3-bc8f-bb6a71cbbcf4@group-96E951A72C81-LeaderElection5] INFO  segmented.SegmentedRaftLogWorker (SegmentedRaftLogWorker.java:rollLogSegment(399)) - aecb911e-51ce-44d3-bc8f-bb6a71cbbcf4@group-96E951A72C81-SegmentedRaftLogWorker: Rolling segment log-0_0 to index:0
2022-03-12 14:25:29,001 [aecb911e-51ce-44d3-bc8f-bb6a71cbbcf4@group-96E951A72C81-SegmentedRaftLogWorker] INFO  segmented.SegmentedRaftLogWorker (SegmentedRaftLogWorker.java:execute(558)) - aecb911e-51ce-44d3-bc8f-bb6a71cbbcf4@group-96E951A72C81-SegmentedRaftLogWorker: Rolled log segment from /home/runner/work/ozone/ozone/hadoop-ozone/integration-test/target/test-dir/MiniOzoneClusterImpl-f5f50f7a-5524-4be5-b9ff-96e951a72c81/ozone-meta/scm-ha/f5f50f7a-5524-4be5-b9ff-96e951a72c81/current/log_inprogress_0 to /home/runner/work/ozone/ozone/hadoop-ozone/integration-test/target/test-dir/MiniOzoneClusterImpl-f5f50f7a-5524-4be5-b9ff-96e951a72c81/ozone-meta/scm-ha/f5f50f7a-5524-4be5-b9ff-96e951a72c81/current/log_0-0
2022-03-12 14:25:29,012 [aecb911e-51ce-44d3-bc8f-bb6a71cbbcf4@group-96E951A72C81-LeaderElection5] INFO  server.RaftServer$Division (ServerState.java:setRaftConf(387)) - aecb911e-51ce-44d3-bc8f-bb6a71cbbcf4@group-96E951A72C81: set configuration 1: [aecb911e-51ce-44d3-bc8f-bb6a71cbbcf4|rpc:fv-az297-111:9894|admin:|client:|dataStream:|priority:0], old=null
2022-03-12 14:25:29,013 [aecb911e-51ce-44d3-bc8f-bb6a71cbbcf4@group-96E951A72C81-SegmentedRaftLogWorker] INFO  segmented.SegmentedRaftLogWorker (SegmentedRaftLogWorker.java:execute(601)) - aecb911e-51ce-44d3-bc8f-bb6a71cbbcf4@group-96E951A72C81-SegmentedRaftLogWorker: created new log segment /home/runner/work/ozone/ozone/hadoop-ozone/integration-test/target/test-dir/MiniOzoneClusterImpl-f5f50f7a-5524-4be5-b9ff-96e951a72c81/ozone-meta/scm-ha/f5f50f7a-5524-4be5-b9ff-96e951a72c81/current/log_inprogress_1
2022-03-12 14:25:29,016 [aecb911e-51ce-44d3-bc8f-bb6a71cbbcf4@group-96E951A72C81-StateMachineUpdater] INFO  ha.SCMContext (SCMContext.java:setLeaderReady(117)) - update <isLeaderReady> from <false> to <true>
2022-03-12 14:25:29,016 [aecb911e-51ce-44d3-bc8f-bb6a71cbbcf4@group-96E951A72C81-StateMachineUpdater] INFO  pipeline.BackgroundPipelineCreator (BackgroundPipelineCreator.java:notifyStatusChanged(264)) - Service BackgroundPipelineCreator transitions to RUNNING.
2022-03-12 14:25:29,016 [aecb911e-51ce-44d3-bc8f-bb6a71cbbcf4@group-96E951A72C81-StateMachineUpdater] INFO  safemode.HealthyPipelineSafeModeRule (HealthyPipelineSafeModeRule.java:initializeRule(152)) - Refreshed total pipeline count is 0, healthy pipeline threshold count is 1
2022-03-12 14:25:29,016 [aecb911e-51ce-44d3-bc8f-bb6a71cbbcf4@group-96E951A72C81-StateMachineUpdater] INFO  safemode.ContainerSafeModeRule (ContainerSafeModeRule.java:reInitializeRule(177)) - Refreshed one replica container threshold 0, currentThreshold 0
2022-03-12 14:25:29,016 [aecb911e-51ce-44d3-bc8f-bb6a71cbbcf4@group-96E951A72C81-StateMachineUpdater] INFO  safemode.OneReplicaPipelineSafeModeRule (OneReplicaPipelineSafeModeRule.java:initializeRule(176)) - Refreshed Total pipeline count is 0, pipeline's with at least one datanode reported threshold count is 0
2022-03-12 14:25:29,017 [aecb911e-51ce-44d3-bc8f-bb6a71cbbcf4@group-96E951A72C81-StateMachineUpdater] INFO  server.SCMDatanodeProtocolServer (SCMDatanodeProtocolServer.java:start(183)) - ScmDatanodeProtocol RPC server for DataNodes is listening at /0.0.0.0:37097
2022-03-12 14:25:29,019 [IPC Server listener on 0] INFO  ipc.Server (Server.java:run(1344)) - IPC Server listener on 0: starting
2022-03-12 14:25:29,024 [IPC Server Responder] INFO  ipc.Server (Server.java:run(1507)) - IPC Server Responder: starting
2022-03-12 14:25:30,093 [Listener at 0.0.0.0/38763] WARN  server.ServerUtils (ServerUtils.java:getDBPath(225)) - ozone.om.db.dirs is not configured. We recommend adding this setting. Falling back to ozone.metadata.dirs instead.
2022-03-12 14:25:30,094 [Listener at 0.0.0.0/38763] INFO  codec.OmKeyInfoCodec (OmKeyInfoCodec.java:<init>(49)) - OmKeyInfoCodec ignorePipeline = true
2022-03-12 14:25:30,094 [Listener at 0.0.0.0/38763] INFO  codec.RepeatedOmKeyInfoCodec (RepeatedOmKeyInfoCodec.java:<init>(41)) - RepeatedOmKeyInfoCodec ignorePipeline = true
2022-03-12 14:25:30,207 [Listener at 0.0.0.0/38763] INFO  om.OzoneManager (OzoneManager.java:addS3GVolumeToDB(3733)) - Created Volume s3v With Owner runner required for S3Gateway operations.
2022-03-12 14:25:30,208 [Listener at 0.0.0.0/38763] WARN  server.ServerUtils (ServerUtils.java:getDefaultRatisDirectory(237)) - Storage directory for Ratis is not configured. It is a good idea to map this to an SSD disk. Falling back to ozone.metadata.dirs
2022-03-12 14:25:30,208 [Listener at 0.0.0.0/38763] WARN  utils.OzoneManagerRatisUtils (OzoneManagerRatisUtils.java:getOMRatisSnapshotDirectory(330)) - ozone.om.ratis.snapshot.dir is not configured. Falling back to ozone.metadata.dirs config
2022-03-12 14:25:30,209 [Listener at 0.0.0.0/38763] WARN  impl.MetricRegistriesImpl (MetricRegistriesImpl.java:addReporterRegistration(111)) - New reporters are added after registries were created. Some metrics will be missing from the reporter. Please add reporter before adding any new registry.
2022-03-12 14:25:30,209 [Listener at 0.0.0.0/38763] WARN  impl.MetricRegistriesImpl (MetricRegistriesImpl.java:addReporterRegistration(111)) - New reporters are added after registries were created. Some metrics will be missing from the reporter. Please add reporter before adding any new registry.
2022-03-12 14:25:30,209 [Listener at 0.0.0.0/38763] WARN  server.ServerUtils (ServerUtils.java:getDefaultRatisDirectory(237)) - Storage directory for Ratis is not configured. It is a good idea to map this to an SSD disk. Falling back to ozone.metadata.dirs
2022-03-12 14:25:30,210 [Listener at 0.0.0.0/38763] INFO  ratis.OzoneManagerRatisServer (OzoneManagerRatisServer.java:<init>(159)) - Instantiating OM Ratis server with groupID: omServiceIdDefault and peers: localhost:9872
2022-03-12 14:25:30,210 [Listener at 0.0.0.0/38763] INFO  ratis.OzoneManagerStateMachine (OzoneManagerStateMachine.java:loadSnapshotInfoFromDB(605)) - LastAppliedIndex is set from TransactionInfo from OM DB as (t:0, i:~)
2022-03-12 14:25:30,212 [Listener at 0.0.0.0/38763] INFO  server.RaftServer (ConfUtils.java:logGet(44)) - raft.rpc.type = GRPC (default)
2022-03-12 14:25:30,212 [Listener at 0.0.0.0/38763] INFO  grpc.GrpcFactory (GrpcFactory.java:checkPooledByteBufAllocatorUseCacheForAllThreads(48)) - PERFORMANCE WARNING: useCacheForAllThreads is true that may cause Netty to create a lot garbage objects and, as a result, trigger GC.
	It is recommended to disable useCacheForAllThreads by setting -Dorg.apache.ratis.thirdparty.io.netty.allocator.useCacheForAllThreads=false in command line.
2022-03-12 14:25:30,212 [Listener at 0.0.0.0/38763] INFO  grpc.GrpcConfigKeys (ConfUtils.java:logGet(44)) - raft.grpc.admin.port = -1 (default)
2022-03-12 14:25:30,212 [Listener at 0.0.0.0/38763] INFO  grpc.GrpcConfigKeys (ConfUtils.java:logGet(44)) - raft.grpc.server.port = 9872 (custom)
2022-03-12 14:25:30,212 [Listener at 0.0.0.0/38763] INFO  grpc.GrpcConfigKeys (ConfUtils.java:logGet(44)) - raft.grpc.client.port = -1 (default)
2022-03-12 14:25:30,212 [Listener at 0.0.0.0/38763] INFO  grpc.GrpcConfigKeys (ConfUtils.java:logGet(44)) - raft.grpc.server.port = 9872 (custom)
2022-03-12 14:25:30,212 [Listener at 0.0.0.0/38763] INFO  grpc.GrpcConfigKeys (ConfUtils.java:logGet(44)) - raft.grpc.server.port = 9872 (custom)
2022-03-12 14:25:30,212 [Listener at 0.0.0.0/38763] INFO  server.GrpcService (ConfUtils.java:logGet(44)) - raft.grpc.message.size.max = 33554432 (custom)
2022-03-12 14:25:30,212 [Listener at 0.0.0.0/38763] INFO  server.RaftServerConfigKeys (ConfUtils.java:logGet(44)) - raft.server.log.appender.buffer.byte-limit = 33554432 (custom)
2022-03-12 14:25:30,212 [Listener at 0.0.0.0/38763] INFO  server.GrpcService (ConfUtils.java:logGet(44)) - raft.grpc.flow.control.window = 1MB (=1048576) (default)
2022-03-12 14:25:30,213 [Listener at 0.0.0.0/38763] INFO  server.RaftServerConfigKeys (ConfUtils.java:logGet(44)) - raft.server.rpc.request.timeout = 3000ms (default)
2022-03-12 14:25:30,214 [Listener at 0.0.0.0/38763] INFO  impl.DataStreamServerImpl (ConfUtils.java:logGet(44)) - raft.datastream.type = DISABLED (default)
2022-03-12 14:25:30,214 [Listener at 0.0.0.0/38763] INFO  server.RaftServerConfigKeys (ConfUtils.java:logGet(44)) - raft.server.rpc.slowness.timeout = 120s (custom)
2022-03-12 14:25:30,214 [Listener at 0.0.0.0/38763] INFO  server.RaftServerConfigKeys (ConfUtils.java:logGet(44)) - raft.server.leaderelection.leader.step-down.wait-time = 10s (default)
2022-03-12 14:25:30,214 [Listener at 0.0.0.0/38763] INFO  server.RaftServerConfigKeys (ConfUtils.java:logGet(44)) - raft.server.storage.dir = [/home/runner/work/ozone/ozone/hadoop-ozone/integration-test/target/test-dir/MiniOzoneClusterImpl-f5f50f7a-5524-4be5-b9ff-96e951a72c81/ozone-meta/ratis] (custom)
2022-03-12 14:25:30,219 [Listener at 0.0.0.0/38763] INFO  server.RaftServer (RaftServerProxy.java:addNew(95)) - om1: addNew group-C5BA1605619E:[om1|rpc:localhost:9872|priority:0] returns group-C5BA1605619E:java.util.concurrent.CompletableFuture@60c90a7d[Not completed]
2022-03-12 14:25:30,219 [Listener at 0.0.0.0/38763] INFO  om.OzoneManager (OzoneManager.java:initializeRatisServer(1834)) - OzoneManager Ratis server initialized at port 9872
2022-03-12 14:25:30,226 [Listener at 0.0.0.0/38763] INFO  ipc.CallQueueManager (CallQueueManager.java:<init>(90)) - Using callQueue: class java.util.concurrent.LinkedBlockingQueue, queueCapacity: 2000, scheduler: class org.apache.hadoop.ipc.DefaultRpcScheduler, ipcBackoff: false.
2022-03-12 14:25:30,227 [pool-138-thread-1] INFO  server.RaftServer$Division (RaftServerImpl.java:<init>(184)) - om1: new RaftServerImpl for group-C5BA1605619E:[om1|rpc:localhost:9872|priority:0] with OzoneManagerStateMachine:uninitialized
2022-03-12 14:25:30,227 [Socket Reader #1 for port 0] INFO  ipc.Server (Server.java:run(1265)) - Starting Socket Reader #1 for port 0
2022-03-12 14:25:30,235 [pool-138-thread-1] INFO  server.RaftServerConfigKeys (ConfUtils.java:logGet(44)) - raft.server.rpc.timeout.min = 1s (custom)
2022-03-12 14:25:30,235 [pool-138-thread-1] INFO  server.RaftServerConfigKeys (ConfUtils.java:logGet(44)) - raft.server.rpc.timeout.max = 1200ms (custom)
2022-03-12 14:25:30,235 [pool-138-thread-1] INFO  server.RaftServerConfigKeys (ConfUtils.java:logGet(44)) - raft.server.rpc.sleep.time = 25ms (default)
2022-03-12 14:25:30,235 [pool-138-thread-1] INFO  server.RaftServerConfigKeys (ConfUtils.java:logGet(44)) - raft.server.rpc.slowness.timeout = 120s (custom)
2022-03-12 14:25:30,235 [pool-138-thread-1] INFO  server.RaftServerConfigKeys (ConfUtils.java:logGet(44)) - raft.server.leaderelection.leader.step-down.wait-time = 10s (default)
2022-03-12 14:25:30,235 [pool-138-thread-1] INFO  server.RaftServerConfigKeys (ConfUtils.java:logGet(44)) - raft.server.sleep.deviation.threshold = 300ms (default)
2022-03-12 14:25:30,235 [pool-138-thread-1] INFO  server.RaftServerConfigKeys (ConfUtils.java:logGet(44)) - raft.server.log.appender.install.snapshot.enabled = false (custom)
2022-03-12 14:25:30,235 [pool-138-thread-1] INFO  server.RaftServer$Division (ServerState.java:<init>(105)) - om1@group-C5BA1605619E: ConfigurationManager, init=-1: [om1|rpc:localhost:9872|priority:0], old=null, confs=<EMPTY_MAP>
2022-03-12 14:25:30,235 [pool-138-thread-1] INFO  server.RaftServerConfigKeys (ConfUtils.java:logGet(44)) - raft.server.storage.dir = [/home/runner/work/ozone/ozone/hadoop-ozone/integration-test/target/test-dir/MiniOzoneClusterImpl-f5f50f7a-5524-4be5-b9ff-96e951a72c81/ozone-meta/ratis] (custom)
2022-03-12 14:25:30,235 [pool-138-thread-1] INFO  server.RaftServerConfigKeys (ConfUtils.java:logGet(44)) - raft.server.log.corruption.policy = EXCEPTION (default)
2022-03-12 14:25:30,235 [pool-138-thread-1] INFO  server.RaftServerConfigKeys (ConfUtils.java:logGet(44)) - raft.server.storage.free-space.min = 0MB (=0) (default)
2022-03-12 14:25:30,235 [pool-138-thread-1] INFO  storage.RaftStorageDirectory (RaftStorageDirectoryImpl.java:analyzeStorage(135)) - The storage directory /home/runner/work/ozone/ozone/hadoop-ozone/integration-test/target/test-dir/MiniOzoneClusterImpl-f5f50f7a-5524-4be5-b9ff-96e951a72c81/ozone-meta/ratis/bf265839-605b-3f16-9796-c5ba1605619e does not exist. Creating ...
2022-03-12 14:25:30,238 [pool-138-thread-1] INFO  storage.RaftStorageDirectory (RaftStorageDirectoryImpl.java:tryLock(230)) - Lock on /home/runner/work/ozone/ozone/hadoop-ozone/integration-test/target/test-dir/MiniOzoneClusterImpl-f5f50f7a-5524-4be5-b9ff-96e951a72c81/ozone-meta/ratis/bf265839-605b-3f16-9796-c5ba1605619e/in_use.lock acquired by nodename 10814@fv-az297-111
2022-03-12 14:25:30,239 [pool-138-thread-1] INFO  storage.RaftStorage (RaftStorageImpl.java:format(89)) - Storage directory /home/runner/work/ozone/ozone/hadoop-ozone/integration-test/target/test-dir/MiniOzoneClusterImpl-f5f50f7a-5524-4be5-b9ff-96e951a72c81/ozone-meta/ratis/bf265839-605b-3f16-9796-c5ba1605619e has been successfully formatted.
2022-03-12 14:25:30,239 [pool-138-thread-1] INFO  server.RaftServerConfigKeys (ConfUtils.java:logGet(44)) - raft.server.notification.no-leader.timeout = 120s (custom)
2022-03-12 14:25:30,239 [pool-138-thread-1] INFO  server.RaftServerConfigKeys (ConfUtils.java:logGet(44)) - raft.server.log.use.memory = false (default)
2022-03-12 14:25:30,240 [pool-138-thread-1] INFO  server.RaftServerConfigKeys (ConfUtils.java:logGet(44)) - raft.server.log.purge.gap = 1000000 (custom)
2022-03-12 14:25:30,240 [pool-138-thread-1] INFO  server.RaftServerConfigKeys (ConfUtils.java:logGet(44)) - raft.server.log.appender.buffer.byte-limit = 33554432 (custom)
2022-03-12 14:25:30,240 [pool-138-thread-1] INFO  server.RaftServerConfigKeys (ConfUtils.java:logGet(44)) - raft.server.log.segment.size.max = 4194304 (custom)
2022-03-12 14:25:30,240 [pool-138-thread-1] INFO  server.RaftServerConfigKeys (ConfUtils.java:logGet(44)) - raft.server.log.segment.cache.num.max = 2 (custom)
2022-03-12 14:25:30,240 [pool-138-thread-1] INFO  server.RaftServerConfigKeys (ConfUtils.java:logGet(44)) - raft.server.log.segment.cache.size.max = 200MB (=209715200) (default)
2022-03-12 14:25:30,240 [pool-138-thread-1] INFO  segmented.SegmentedRaftLogWorker (SegmentedRaftLogWorker.java:<init>(182)) - new om1@group-C5BA1605619E-SegmentedRaftLogWorker for RaftStorageImpl:Storage Directory /home/runner/work/ozone/ozone/hadoop-ozone/integration-test/target/test-dir/MiniOzoneClusterImpl-f5f50f7a-5524-4be5-b9ff-96e951a72c81/ozone-meta/ratis/bf265839-605b-3f16-9796-c5ba1605619e
2022-03-12 14:25:30,240 [pool-138-thread-1] INFO  server.RaftServerConfigKeys (ConfUtils.java:logGet(44)) - raft.server.log.queue.byte-limit = 64MB (=67108864) (default)
2022-03-12 14:25:30,240 [pool-138-thread-1] INFO  server.RaftServerConfigKeys (ConfUtils.java:logGet(44)) - raft.server.log.queue.element-limit = 4096 (default)
2022-03-12 14:25:30,240 [pool-138-thread-1] INFO  server.RaftServerConfigKeys (ConfUtils.java:logGet(44)) - raft.server.log.segment.size.max = 4194304 (custom)
2022-03-12 14:25:30,240 [pool-138-thread-1] INFO  server.RaftServerConfigKeys (ConfUtils.java:logGet(44)) - raft.server.log.preallocated.size = 4194304 (custom)
2022-03-12 14:25:30,240 [pool-138-thread-1] INFO  server.RaftServerConfigKeys (ConfUtils.java:logGet(44)) - raft.server.log.force.sync.num = 128 (default)
2022-03-12 14:25:30,240 [pool-138-thread-1] INFO  server.RaftServerConfigKeys (ConfUtils.java:logGet(44)) - raft.server.log.statemachine.data.sync = true (default)
2022-03-12 14:25:30,241 [pool-138-thread-1] INFO  server.RaftServerConfigKeys (ConfUtils.java:logGet(44)) - raft.server.log.statemachine.data.sync.timeout = 10s (default)
2022-03-12 14:25:30,241 [pool-138-thread-1] INFO  server.RaftServerConfigKeys (ConfUtils.java:logGet(44)) - raft.server.log.statemachine.data.sync.timeout.retry = -1 (default)
2022-03-12 14:25:30,241 [pool-138-thread-1] INFO  server.RaftServerConfigKeys (ConfUtils.java:logGet(44)) - raft.server.log.write.buffer.size = 64KB (=65536) (default)
2022-03-12 14:25:30,241 [pool-138-thread-1] INFO  server.RaftServerConfigKeys (ConfUtils.java:logGet(44)) - raft.server.log.statemachine.data.caching.enabled = false (default)
2022-03-12 14:25:30,241 [pool-138-thread-1] INFO  segmented.SegmentedRaftLogWorker (SegmentedRaftLogWorker.java:lambda$new$0(133)) - om1@group-C5BA1605619E-SegmentedRaftLogWorker: flushIndex: setUnconditionally 0 -> -1
2022-03-12 14:25:30,241 [pool-138-thread-1] INFO  segmented.SegmentedRaftLogWorker (SegmentedRaftLogWorker.java:lambda$new$0(133)) - om1@group-C5BA1605619E-SegmentedRaftLogWorker: safeCacheEvictIndex: setUnconditionally 0 -> -1
2022-03-12 14:25:30,252 [pool-138-thread-1] INFO  server.RaftServerConfigKeys (ConfUtils.java:logGet(44)) - raft.server.snapshot.auto.trigger.enabled = true (custom)
2022-03-12 14:25:30,252 [pool-138-thread-1] INFO  server.RaftServerConfigKeys (ConfUtils.java:logGet(44)) - raft.server.snapshot.auto.trigger.threshold = 400000 (default)
2022-03-12 14:25:30,252 [pool-138-thread-1] INFO  server.RaftServerConfigKeys (ConfUtils.java:logGet(44)) - raft.server.snapshot.retention.file.num = -1 (default)
2022-03-12 14:25:30,252 [pool-138-thread-1] INFO  server.RaftServerConfigKeys (ConfUtils.java:logGet(44)) - raft.server.log.purge.upto.snapshot.index = true (custom)
2022-03-12 14:25:30,252 [pool-138-thread-1] INFO  server.RaftServerConfigKeys (ConfUtils.java:logGet(44)) - raft.server.retrycache.expirytime = 300s (custom)
2022-03-12 14:25:30,252 [pool-138-thread-1] INFO  server.RaftServerConfigKeys (ConfUtils.java:logGet(44)) - raft.server.retrycache.statistics.expirytime = 100μs (default)
2022-03-12 14:25:30,254 [Listener at 127.0.0.1/33353] INFO  impl.MetricsSystemImpl (MetricsSystemImpl.java:init(158)) - OzoneManager metrics system started (again)
2022-03-12 14:25:30,264 [Listener at 127.0.0.1/33353] INFO  om.OzoneManager (OzoneManager.java:start(1365)) - OzoneManager RPC server is listening at localhost/127.0.0.1:33353
2022-03-12 14:25:30,265 [Listener at 127.0.0.1/33353] INFO  ratis.OzoneManagerRatisServer (OzoneManagerRatisServer.java:start(554)) - Starting OzoneManagerRatisServer om1 at port 9872
2022-03-12 14:25:30,265 [Listener at 127.0.0.1/33353] INFO  server.RaftServer$Division (RaftServerImpl.java:start(301)) - om1@group-C5BA1605619E: start as a follower, conf=-1: [om1|rpc:localhost:9872|priority:0], old=null
2022-03-12 14:25:30,265 [Listener at 127.0.0.1/33353] INFO  server.RaftServer$Division (RaftServerImpl.java:setRole(290)) - om1@group-C5BA1605619E: changes role from      null to FOLLOWER at term 0 for startAsFollower
2022-03-12 14:25:30,265 [Listener at 127.0.0.1/33353] INFO  impl.RoleInfo (RoleInfo.java:updateAndGet(130)) - om1: start om1@group-C5BA1605619E-FollowerState
2022-03-12 14:25:30,265 [Listener at 127.0.0.1/33353] INFO  util.JmxRegister (JmxRegister.java:tryRegister(44)) - Successfully registered JMX Bean with object name Ratis:service=RaftServer,group=group-C5BA1605619E,id=om1
2022-03-12 14:25:30,267 [Listener at 127.0.0.1/33353] INFO  server.RaftServer (RaftServerProxy.java:lambda$start$5(374)) - om1: start RPC server
2022-03-12 14:25:30,274 [Listener at 127.0.0.1/33353] INFO  server.GrpcService (GrpcService.java:startImpl(253)) - om1: GrpcService started, listening on 9872
2022-03-12 14:25:30,279 [Listener at 127.0.0.1/33353] INFO  om.OzoneManager (OzoneManager.java:start(1381)) - Version File has different layout version (0) than OM DB (null). That is expected if this OM has never been finalized to a newer layout version.
2022-03-12 14:25:30,280 [org.apache.ratis.util.JvmPauseMonitor$$Lambda$431/253481993@752e8805] INFO  util.JvmPauseMonitor (JvmPauseMonitor.java:run(103)) - JvmPauseMonitor-om1: Started
2022-03-12 14:25:30,285 [Listener at 127.0.0.1/33353] INFO  http.BaseHttpServer (BaseHttpServer.java:newHttpServer2BuilderForOzone(209)) - Starting Web-server for ozoneManager at: http://0.0.0.0:0
2022-03-12 14:25:30,285 [Listener at 127.0.0.1/33353] INFO  http.BaseHttpServer (BaseHttpServer.java:<init>(107)) - Hadoop Security Enabled: false Ozone Security Enabled: false Ozone HTTP Security Enabled: false 
2022-03-12 14:25:30,286 [Listener at 127.0.0.1/33353] INFO  server.AuthenticationFilter (AuthenticationFilter.java:constructSecretProvider(240)) - Unable to initialize FileSignerSecretProvider, falling back to use random secrets.
2022-03-12 14:25:30,288 [Listener at 127.0.0.1/33353] WARN  http.HttpRequestLog (HttpRequestLog.java:getRequestLog(103)) - Jetty request log can only be enabled using Log4j
2022-03-12 14:25:30,290 [Listener at 127.0.0.1/33353] INFO  http.HttpServer2 (HttpServer2.java:addGlobalFilter(1030)) - Added global filter 'safety' (class=org.apache.hadoop.hdds.server.http.HttpServer2$QuotingInputFilter)
2022-03-12 14:25:30,291 [Listener at 127.0.0.1/33353] INFO  http.HttpServer2 (HttpServer2.java:addFilter(1006)) - Added filter static_user_filter (class=org.apache.hadoop.http.lib.StaticUserWebFilter$StaticUserFilter) to context ozoneManager
2022-03-12 14:25:30,291 [Listener at 127.0.0.1/33353] INFO  http.HttpServer2 (HttpServer2.java:addFilter(1014)) - Added filter static_user_filter (class=org.apache.hadoop.http.lib.StaticUserWebFilter$StaticUserFilter) to context static
2022-03-12 14:25:30,291 [Listener at 127.0.0.1/33353] INFO  http.HttpServer2 (HttpServer2.java:addFilter(1014)) - Added filter static_user_filter (class=org.apache.hadoop.http.lib.StaticUserWebFilter$StaticUserFilter) to context logs
2022-03-12 14:25:30,294 [Listener at 127.0.0.1/33353] INFO  http.HttpServer2 (HttpServer2.java:bindListener(1249)) - Jetty bound to port 34371
2022-03-12 14:25:30,294 [Listener at 127.0.0.1/33353] INFO  server.Server (Server.java:doStart(375)) - jetty-9.4.43.v20210629; built: 2021-06-30T11:07:22.254Z; git: 526006ecfa3af7f1a27ef3a288e2bef7ea9dd7e8; jvm 1.8.0_322-b06
2022-03-12 14:25:30,304 [Listener at 127.0.0.1/33353] INFO  server.session (DefaultSessionIdManager.java:doStart(334)) - DefaultSessionIdManager workerName=node0
2022-03-12 14:25:30,304 [Listener at 127.0.0.1/33353] INFO  server.session (DefaultSessionIdManager.java:doStart(339)) - No SessionScavenger set, using defaults
2022-03-12 14:25:30,305 [Listener at 127.0.0.1/33353] INFO  server.session (HouseKeeper.java:startScavenging(132)) - node0 Scavenging every 660000ms
2022-03-12 14:25:30,305 [Listener at 127.0.0.1/33353] INFO  handler.ContextHandler (ContextHandler.java:doStart(915)) - Started o.e.j.s.ServletContextHandler@44a5b6fa{logs,/logs,file:///home/runner/work/ozone/ozone/hadoop-ozone/integration-test/target/log,AVAILABLE}
2022-03-12 14:25:30,305 [Listener at 127.0.0.1/33353] INFO  handler.ContextHandler (ContextHandler.java:doStart(915)) - Started o.e.j.s.ServletContextHandler@36b67e00{static,/static,file:///home/runner/work/ozone/ozone/hadoop-ozone/integration-test/target/test-classes/webapps/static,AVAILABLE}
2022-03-12 14:25:30,309 [Listener at 127.0.0.1/33353] INFO  handler.ContextHandler (ContextHandler.java:doStart(915)) - Started o.e.j.w.WebAppContext@52fc09e7{ozoneManager,/,file:///home/runner/work/ozone/ozone/hadoop-ozone/integration-test/target/test-classes/webapps/ozoneManager/,AVAILABLE}{file:/home/runner/work/ozone/ozone/hadoop-ozone/integration-test/target/test-classes/webapps/ozoneManager}
2022-03-12 14:25:30,311 [Listener at 127.0.0.1/33353] INFO  server.AbstractConnector (AbstractConnector.java:doStart(331)) - Started ServerConnector@2e3daea{HTTP/1.1, (http/1.1)}{0.0.0.0:34371}
2022-03-12 14:25:30,311 [Listener at 127.0.0.1/33353] INFO  server.Server (Server.java:doStart(415)) - Started @44870ms
2022-03-12 14:25:30,311 [Listener at 127.0.0.1/33353] WARN  impl.MetricsSystemImpl (MetricsSystemImpl.java:register(279)) - Sink prometheus already exists!
2022-03-12 14:25:30,315 [Listener at 127.0.0.1/33353] INFO  http.BaseHttpServer (BaseHttpServer.java:updateConnectorAddress(329)) - HTTP server of ozoneManager listening at http://0.0.0.0:34371
2022-03-12 14:25:30,315 [IPC Server Responder] INFO  ipc.Server (Server.java:run(1507)) - IPC Server Responder: starting
2022-03-12 14:25:30,315 [IPC Server listener on 0] INFO  ipc.Server (Server.java:run(1344)) - IPC Server listener on 0: starting
2022-03-12 14:25:30,319 [Listener at 127.0.0.1/33353] INFO  om.OzoneManager (OzoneManager.java:startTrashEmptier(1792)) - Trash Interval set to 0. Files deleted will not move to trash
2022-03-12 14:25:30,328 [Listener at 127.0.0.1/33353] WARN  impl.MetricRegistriesImpl (MetricRegistriesImpl.java:addReporterRegistration(111)) - New reporters are added after registries were created. Some metrics will be missing from the reporter. Please add reporter before adding any new registry.
2022-03-12 14:25:30,329 [Listener at 127.0.0.1/33353] WARN  impl.MetricRegistriesImpl (MetricRegistriesImpl.java:addReporterRegistration(111)) - New reporters are added after registries were created. Some metrics will be missing from the reporter. Please add reporter before adding any new registry.
2022-03-12 14:25:30,329 [Listener at 127.0.0.1/33353] INFO  impl.MetricsSystemImpl (MetricsSystemImpl.java:init(158)) - HddsDatanode metrics system started (again)
2022-03-12 14:25:30,332 [org.apache.hadoop.util.JvmPauseMonitor$Monitor@557d875f] INFO  util.JvmPauseMonitor (JvmPauseMonitor.java:run(188)) - Starting JVM pause monitor
2022-03-12 14:25:30,348 [Listener at 127.0.0.1/33353] INFO  ozone.HddsDatanodeService (HddsDatanodeService.java:start(233)) - HddsDatanodeService host:fv-az297-111.nmf1rxwemy4u5di1sxxf4ejcwb.jx.internal.cloudapp.net ip:10.1.0.8
2022-03-12 14:25:30,369 [Listener at 127.0.0.1/33353] INFO  upgrade.AbstractLayoutVersionManager (AbstractLayoutVersionManager.java:init(79)) - Initializing Layout version manager with metadata layout = SCM_HA (version = 2), software layout = SCM_HA (version = 2)
2022-03-12 14:25:30,450 [Listener at 127.0.0.1/33353] INFO  reflections.Reflections (Reflections.java:scan(232)) - Reflections took 79 ms to scan 7 urls, producing 122 keys and 286 values 
2022-03-12 14:25:30,451 [Listener at 127.0.0.1/33353] INFO  statemachine.DatanodeStateMachine (DatanodeStateMachine.java:getEndPointTaskThreadPoolSize(222)) - Datanode State Machine Task Thread Pool size 2
2022-03-12 14:25:30,462 [Listener at 127.0.0.1/33353] INFO  volume.HddsVolume (HddsVolume.java:<init>(120)) - Creating HddsVolume: /home/runner/work/ozone/ozone/hadoop-ozone/integration-test/target/test-dir/MiniOzoneClusterImpl-f5f50f7a-5524-4be5-b9ff-96e951a72c81/datanode-0/data-0/containers/hdds of storage type : DISK capacity : 9223372036854775807
2022-03-12 14:25:30,463 [Listener at 127.0.0.1/33353] INFO  volume.MutableVolumeSet (MutableVolumeSet.java:initializeVolumeSet(168)) - Added Volume : /home/runner/work/ozone/ozone/hadoop-ozone/integration-test/target/test-dir/MiniOzoneClusterImpl-f5f50f7a-5524-4be5-b9ff-96e951a72c81/datanode-0/data-0/containers/hdds to VolumeSet
2022-03-12 14:25:30,463 [Listener at 127.0.0.1/33353] INFO  volume.ThrottledAsyncChecker (ThrottledAsyncChecker.java:schedule(141)) - Scheduling a check for /home/runner/work/ozone/ozone/hadoop-ozone/integration-test/target/test-dir/MiniOzoneClusterImpl-f5f50f7a-5524-4be5-b9ff-96e951a72c81/datanode-0/data-0/containers/hdds
2022-03-12 14:25:30,464 [Listener at 127.0.0.1/33353] INFO  volume.StorageVolumeChecker (StorageVolumeChecker.java:checkAllVolumes(202)) - Scheduled health check for volume /home/runner/work/ozone/ozone/hadoop-ozone/integration-test/target/test-dir/MiniOzoneClusterImpl-f5f50f7a-5524-4be5-b9ff-96e951a72c81/datanode-0/data-0/containers/hdds
2022-03-12 14:25:30,488 [Listener at 127.0.0.1/33353] INFO  volume.MutableVolumeSet (MutableVolumeSet.java:initializeVolumeSet(168)) - Added Volume : /home/runner/work/ozone/ozone/hadoop-ozone/integration-test/target/test-dir/MiniOzoneClusterImpl-f5f50f7a-5524-4be5-b9ff-96e951a72c81/datanode-0/data/ratis to VolumeSet
2022-03-12 14:25:30,488 [Listener at 127.0.0.1/33353] INFO  volume.ThrottledAsyncChecker (ThrottledAsyncChecker.java:schedule(141)) - Scheduling a check for /home/runner/work/ozone/ozone/hadoop-ozone/integration-test/target/test-dir/MiniOzoneClusterImpl-f5f50f7a-5524-4be5-b9ff-96e951a72c81/datanode-0/data/ratis
2022-03-12 14:25:30,488 [Listener at 127.0.0.1/33353] INFO  volume.StorageVolumeChecker (StorageVolumeChecker.java:checkAllVolumes(202)) - Scheduled health check for volume /home/runner/work/ozone/ozone/hadoop-ozone/integration-test/target/test-dir/MiniOzoneClusterImpl-f5f50f7a-5524-4be5-b9ff-96e951a72c81/datanode-0/data/ratis
2022-03-12 14:25:30,512 [Thread-298] INFO  ozoneimpl.ContainerReader (ContainerReader.java:readVolume(172)) - Finish verifying containers on volume /home/runner/work/ozone/ozone/hadoop-ozone/integration-test/target/test-dir/MiniOzoneClusterImpl-f5f50f7a-5524-4be5-b9ff-96e951a72c81/datanode-0/data-0/containers/hdds
2022-03-12 14:25:30,512 [Listener at 127.0.0.1/33353] INFO  ozoneimpl.OzoneContainer (OzoneContainer.java:buildContainerSet(257)) - Build ContainerSet costs 0s
2022-03-12 14:25:30,515 [Listener at 127.0.0.1/33353] INFO  server.RaftServer (ConfUtils.java:logGet(44)) - raft.rpc.type = GRPC (default)
2022-03-12 14:25:30,515 [Listener at 127.0.0.1/33353] INFO  grpc.GrpcFactory (GrpcFactory.java:checkPooledByteBufAllocatorUseCacheForAllThreads(48)) - PERFORMANCE WARNING: useCacheForAllThreads is true that may cause Netty to create a lot garbage objects and, as a result, trigger GC.
	It is recommended to disable useCacheForAllThreads by setting -Dorg.apache.ratis.thirdparty.io.netty.allocator.useCacheForAllThreads=false in command line.
2022-03-12 14:25:30,515 [Listener at 127.0.0.1/33353] INFO  grpc.GrpcConfigKeys (ConfUtils.java:logGet(44)) - raft.grpc.admin.port = 0 (custom)
2022-03-12 14:25:30,515 [Listener at 127.0.0.1/33353] INFO  grpc.GrpcConfigKeys (ConfUtils.java:logGet(44)) - raft.grpc.client.port = 0 (custom)
2022-03-12 14:25:30,515 [Listener at 127.0.0.1/33353] INFO  grpc.GrpcConfigKeys (ConfUtils.java:logGet(44)) - raft.grpc.server.port = 0 (default)
2022-03-12 14:25:30,515 [Listener at 127.0.0.1/33353] INFO  server.GrpcService (ConfUtils.java:logGet(44)) - raft.grpc.message.size.max = 32MB (=33554432) (custom)
2022-03-12 14:25:30,515 [Listener at 127.0.0.1/33353] INFO  server.RaftServerConfigKeys (ConfUtils.java:logGet(44)) - raft.server.log.appender.buffer.byte-limit = 33554432 (custom)
2022-03-12 14:25:30,516 [Listener at 127.0.0.1/33353] INFO  server.GrpcService (ConfUtils.java:logGet(44)) - raft.grpc.flow.control.window = 5MB (=5242880) (custom)
2022-03-12 14:25:30,516 [Listener at 127.0.0.1/33353] INFO  server.RaftServerConfigKeys (ConfUtils.java:logGet(44)) - raft.server.rpc.request.timeout = 60s (custom)
2022-03-12 14:25:30,519 [Listener at 127.0.0.1/33353] INFO  impl.DataStreamServerImpl (ConfUtils.java:logGet(44)) - raft.datastream.type = DISABLED (default)
2022-03-12 14:25:30,519 [Listener at 127.0.0.1/33353] INFO  server.RaftServerConfigKeys (ConfUtils.java:logGet(44)) - raft.server.rpc.slowness.timeout = 300s (custom)
2022-03-12 14:25:30,519 [Listener at 127.0.0.1/33353] INFO  server.RaftServerConfigKeys (ConfUtils.java:logGet(44)) - raft.server.leaderelection.leader.step-down.wait-time = 10s (default)
2022-03-12 14:25:30,519 [Listener at 127.0.0.1/33353] INFO  server.RaftServerConfigKeys (ConfUtils.java:logGet(44)) - raft.server.storage.dir = [/home/runner/work/ozone/ozone/hadoop-ozone/integration-test/target/test-dir/MiniOzoneClusterImpl-f5f50f7a-5524-4be5-b9ff-96e951a72c81/datanode-0/data/ratis] (custom)
2022-03-12 14:25:30,520 [Listener at 127.0.0.1/33353] INFO  server.XceiverServerGrpc (XceiverServerGrpc.java:<init>(132)) - GrpcServer channel type EpollServerSocketChannel
2022-03-12 14:25:30,527 [Listener at 127.0.0.1/33353] INFO  http.BaseHttpServer (BaseHttpServer.java:newHttpServer2BuilderForOzone(209)) - Starting Web-server for hddsDatanode at: http://0.0.0.0:0
2022-03-12 14:25:30,528 [Listener at 127.0.0.1/33353] INFO  http.BaseHttpServer (BaseHttpServer.java:<init>(107)) - Hadoop Security Enabled: false Ozone Security Enabled: false Ozone HTTP Security Enabled: false 
2022-03-12 14:25:30,529 [Listener at 127.0.0.1/33353] INFO  server.AuthenticationFilter (AuthenticationFilter.java:constructSecretProvider(240)) - Unable to initialize FileSignerSecretProvider, falling back to use random secrets.
2022-03-12 14:25:30,536 [Listener at 127.0.0.1/33353] WARN  http.HttpRequestLog (HttpRequestLog.java:getRequestLog(103)) - Jetty request log can only be enabled using Log4j
2022-03-12 14:25:30,537 [Listener at 127.0.0.1/33353] INFO  http.HttpServer2 (HttpServer2.java:addGlobalFilter(1030)) - Added global filter 'safety' (class=org.apache.hadoop.hdds.server.http.HttpServer2$QuotingInputFilter)
2022-03-12 14:25:30,538 [Listener at 127.0.0.1/33353] INFO  http.HttpServer2 (HttpServer2.java:addFilter(1006)) - Added filter static_user_filter (class=org.apache.hadoop.http.lib.StaticUserWebFilter$StaticUserFilter) to context hddsDatanode
2022-03-12 14:25:30,538 [Listener at 127.0.0.1/33353] INFO  http.HttpServer2 (HttpServer2.java:addFilter(1014)) - Added filter static_user_filter (class=org.apache.hadoop.http.lib.StaticUserWebFilter$StaticUserFilter) to context logs
2022-03-12 14:25:30,538 [Listener at 127.0.0.1/33353] INFO  http.HttpServer2 (HttpServer2.java:addFilter(1014)) - Added filter static_user_filter (class=org.apache.hadoop.http.lib.StaticUserWebFilter$StaticUserFilter) to context static
2022-03-12 14:25:30,539 [Listener at 127.0.0.1/33353] INFO  http.HttpServer2 (HttpServer2.java:bindListener(1249)) - Jetty bound to port 45009
2022-03-12 14:25:30,539 [Listener at 127.0.0.1/33353] INFO  server.Server (Server.java:doStart(375)) - jetty-9.4.43.v20210629; built: 2021-06-30T11:07:22.254Z; git: 526006ecfa3af7f1a27ef3a288e2bef7ea9dd7e8; jvm 1.8.0_322-b06
2022-03-12 14:25:30,552 [Listener at 127.0.0.1/33353] INFO  server.session (DefaultSessionIdManager.java:doStart(334)) - DefaultSessionIdManager workerName=node0
2022-03-12 14:25:30,553 [Listener at 127.0.0.1/33353] INFO  server.session (DefaultSessionIdManager.java:doStart(339)) - No SessionScavenger set, using defaults
2022-03-12 14:25:30,553 [Listener at 127.0.0.1/33353] INFO  server.session (HouseKeeper.java:startScavenging(132)) - node0 Scavenging every 600000ms
2022-03-12 14:25:30,554 [Listener at 127.0.0.1/33353] INFO  handler.ContextHandler (ContextHandler.java:doStart(915)) - Started o.e.j.s.ServletContextHandler@10fe2a02{logs,/logs,file:///home/runner/work/ozone/ozone/hadoop-ozone/integration-test/target/log,AVAILABLE}
2022-03-12 14:25:30,554 [Listener at 127.0.0.1/33353] INFO  handler.ContextHandler (ContextHandler.java:doStart(915)) - Started o.e.j.s.ServletContextHandler@7247e7e8{static,/static,jar:file:/home/runner/.m2/repository/org/apache/ozone/hdds-container-service/1.3.0-SNAPSHOT/hdds-container-service-1.3.0-SNAPSHOT.jar!/webapps/static,AVAILABLE}
2022-03-12 14:25:30,595 [Listener at 127.0.0.1/33353] INFO  handler.ContextHandler (ContextHandler.java:doStart(915)) - Started o.e.j.w.WebAppContext@11560bac{hddsDatanode,/,file:///tmp/jetty-0_0_0_0-45009-hdds-container-service-1_3_0-SNAPSHOT_jar-_-any-2476749309565851709/webapp/,AVAILABLE}{jar:file:/home/runner/.m2/repository/org/apache/ozone/hdds-container-service/1.3.0-SNAPSHOT/hdds-container-service-1.3.0-SNAPSHOT.jar!/webapps/hddsDatanode}
2022-03-12 14:25:30,599 [Listener at 127.0.0.1/33353] INFO  server.AbstractConnector (AbstractConnector.java:doStart(331)) - Started ServerConnector@489810e4{HTTP/1.1, (http/1.1)}{0.0.0.0:45009}
2022-03-12 14:25:30,599 [Listener at 127.0.0.1/33353] INFO  server.Server (Server.java:doStart(415)) - Started @45157ms
2022-03-12 14:25:30,599 [Listener at 127.0.0.1/33353] WARN  impl.MetricsSystemImpl (MetricsSystemImpl.java:register(279)) - Sink prometheus already exists!
2022-03-12 14:25:30,600 [Listener at 127.0.0.1/33353] INFO  http.BaseHttpServer (BaseHttpServer.java:updateConnectorAddress(329)) - HTTP server of hddsDatanode listening at http://0.0.0.0:45009
2022-03-12 14:25:30,600 [Listener at 127.0.0.1/33353] WARN  impl.MetricRegistriesImpl (MetricRegistriesImpl.java:addReporterRegistration(111)) - New reporters are added after registries were created. Some metrics will be missing from the reporter. Please add reporter before adding any new registry.
2022-03-12 14:25:30,600 [Listener at 127.0.0.1/33353] WARN  impl.MetricRegistriesImpl (MetricRegistriesImpl.java:addReporterRegistration(111)) - New reporters are added after registries were created. Some metrics will be missing from the reporter. Please add reporter before adding any new registry.
2022-03-12 14:25:30,600 [Listener at 127.0.0.1/33353] INFO  impl.MetricsSystemImpl (MetricsSystemImpl.java:init(158)) - HddsDatanode metrics system started (again)
2022-03-12 14:25:30,608 [Datanode State Machine Daemon Thread] INFO  statemachine.DatanodeStateMachine (DatanodeStateMachine.java:lambda$startDaemon$0(470)) - Ozone container server started.
2022-03-12 14:25:30,633 [org.apache.hadoop.util.JvmPauseMonitor$Monitor@509417d2] INFO  util.JvmPauseMonitor (JvmPauseMonitor.java:run(188)) - Starting JVM pause monitor
2022-03-12 14:25:30,635 [Listener at 127.0.0.1/33353] INFO  ozone.HddsDatanodeService (HddsDatanodeService.java:start(233)) - HddsDatanodeService host:fv-az297-111.nmf1rxwemy4u5di1sxxf4ejcwb.jx.internal.cloudapp.net ip:10.1.0.8
2022-03-12 14:25:30,648 [Datanode State Machine Task Thread - 0] INFO  datanode.InitDatanodeState (InitDatanodeState.java:persistContainerDatanodeDetails(138)) - DatanodeDetails is persisted to /home/runner/work/ozone/ozone/hadoop-ozone/integration-test/target/test-dir/MiniOzoneClusterImpl-f5f50f7a-5524-4be5-b9ff-96e951a72c81/datanode-0/meta/datanode.id
2022-03-12 14:25:30,664 [Listener at 127.0.0.1/33353] INFO  upgrade.AbstractLayoutVersionManager (AbstractLayoutVersionManager.java:init(79)) - Initializing Layout version manager with metadata layout = SCM_HA (version = 2), software layout = SCM_HA (version = 2)
2022-03-12 14:25:30,727 [Listener at 127.0.0.1/33353] INFO  reflections.Reflections (Reflections.java:scan(232)) - Reflections took 58 ms to scan 7 urls, producing 122 keys and 286 values 
2022-03-12 14:25:30,733 [Listener at 127.0.0.1/33353] INFO  statemachine.DatanodeStateMachine (DatanodeStateMachine.java:getEndPointTaskThreadPoolSize(222)) - Datanode State Machine Task Thread Pool size 2
2022-03-12 14:25:30,741 [Listener at 127.0.0.1/33353] INFO  volume.HddsVolume (HddsVolume.java:<init>(120)) - Creating HddsVolume: /home/runner/work/ozone/ozone/hadoop-ozone/integration-test/target/test-dir/MiniOzoneClusterImpl-f5f50f7a-5524-4be5-b9ff-96e951a72c81/datanode-1/data-0/containers/hdds of storage type : DISK capacity : 9223372036854775807
2022-03-12 14:25:30,741 [Listener at 127.0.0.1/33353] INFO  volume.MutableVolumeSet (MutableVolumeSet.java:initializeVolumeSet(168)) - Added Volume : /home/runner/work/ozone/ozone/hadoop-ozone/integration-test/target/test-dir/MiniOzoneClusterImpl-f5f50f7a-5524-4be5-b9ff-96e951a72c81/datanode-1/data-0/containers/hdds to VolumeSet
2022-03-12 14:25:30,741 [Listener at 127.0.0.1/33353] INFO  volume.ThrottledAsyncChecker (ThrottledAsyncChecker.java:schedule(141)) - Scheduling a check for /home/runner/work/ozone/ozone/hadoop-ozone/integration-test/target/test-dir/MiniOzoneClusterImpl-f5f50f7a-5524-4be5-b9ff-96e951a72c81/datanode-1/data-0/containers/hdds
2022-03-12 14:25:30,760 [Listener at 127.0.0.1/33353] INFO  volume.StorageVolumeChecker (StorageVolumeChecker.java:checkAllVolumes(202)) - Scheduled health check for volume /home/runner/work/ozone/ozone/hadoop-ozone/integration-test/target/test-dir/MiniOzoneClusterImpl-f5f50f7a-5524-4be5-b9ff-96e951a72c81/datanode-1/data-0/containers/hdds
2022-03-12 14:25:30,778 [Listener at 127.0.0.1/33353] INFO  volume.MutableVolumeSet (MutableVolumeSet.java:initializeVolumeSet(168)) - Added Volume : /home/runner/work/ozone/ozone/hadoop-ozone/integration-test/target/test-dir/MiniOzoneClusterImpl-f5f50f7a-5524-4be5-b9ff-96e951a72c81/datanode-1/data/ratis to VolumeSet
2022-03-12 14:25:30,778 [Listener at 127.0.0.1/33353] INFO  volume.ThrottledAsyncChecker (ThrottledAsyncChecker.java:schedule(141)) - Scheduling a check for /home/runner/work/ozone/ozone/hadoop-ozone/integration-test/target/test-dir/MiniOzoneClusterImpl-f5f50f7a-5524-4be5-b9ff-96e951a72c81/datanode-1/data/ratis
2022-03-12 14:25:30,778 [Listener at 127.0.0.1/33353] INFO  volume.StorageVolumeChecker (StorageVolumeChecker.java:checkAllVolumes(202)) - Scheduled health check for volume /home/runner/work/ozone/ozone/hadoop-ozone/integration-test/target/test-dir/MiniOzoneClusterImpl-f5f50f7a-5524-4be5-b9ff-96e951a72c81/datanode-1/data/ratis
2022-03-12 14:25:30,791 [Thread-310] INFO  ozoneimpl.ContainerReader (ContainerReader.java:readVolume(172)) - Finish verifying containers on volume /home/runner/work/ozone/ozone/hadoop-ozone/integration-test/target/test-dir/MiniOzoneClusterImpl-f5f50f7a-5524-4be5-b9ff-96e951a72c81/datanode-1/data-0/containers/hdds
2022-03-12 14:25:30,791 [Listener at 127.0.0.1/33353] INFO  ozoneimpl.OzoneContainer (OzoneContainer.java:buildContainerSet(257)) - Build ContainerSet costs 0s
2022-03-12 14:25:30,795 [Listener at 127.0.0.1/33353] INFO  server.RaftServer (ConfUtils.java:logGet(44)) - raft.rpc.type = GRPC (default)
2022-03-12 14:25:30,797 [Listener at 127.0.0.1/33353] INFO  grpc.GrpcFactory (GrpcFactory.java:checkPooledByteBufAllocatorUseCacheForAllThreads(48)) - PERFORMANCE WARNING: useCacheForAllThreads is true that may cause Netty to create a lot garbage objects and, as a result, trigger GC.
	It is recommended to disable useCacheForAllThreads by setting -Dorg.apache.ratis.thirdparty.io.netty.allocator.useCacheForAllThreads=false in command line.
2022-03-12 14:25:30,797 [Listener at 127.0.0.1/33353] INFO  grpc.GrpcConfigKeys (ConfUtils.java:logGet(44)) - raft.grpc.admin.port = 0 (custom)
2022-03-12 14:25:30,797 [Listener at 127.0.0.1/33353] INFO  grpc.GrpcConfigKeys (ConfUtils.java:logGet(44)) - raft.grpc.client.port = 0 (custom)
2022-03-12 14:25:30,797 [Listener at 127.0.0.1/33353] INFO  grpc.GrpcConfigKeys (ConfUtils.java:logGet(44)) - raft.grpc.server.port = 0 (default)
2022-03-12 14:25:30,797 [Listener at 127.0.0.1/33353] INFO  server.GrpcService (ConfUtils.java:logGet(44)) - raft.grpc.message.size.max = 32MB (=33554432) (custom)
2022-03-12 14:25:30,797 [Listener at 127.0.0.1/33353] INFO  server.RaftServerConfigKeys (ConfUtils.java:logGet(44)) - raft.server.log.appender.buffer.byte-limit = 33554432 (custom)
2022-03-12 14:25:30,797 [Listener at 127.0.0.1/33353] INFO  server.GrpcService (ConfUtils.java:logGet(44)) - raft.grpc.flow.control.window = 5MB (=5242880) (custom)
2022-03-12 14:25:30,797 [Listener at 127.0.0.1/33353] INFO  server.RaftServerConfigKeys (ConfUtils.java:logGet(44)) - raft.server.rpc.request.timeout = 60s (custom)
2022-03-12 14:25:30,798 [Listener at 127.0.0.1/33353] INFO  impl.DataStreamServerImpl (ConfUtils.java:logGet(44)) - raft.datastream.type = DISABLED (default)
2022-03-12 14:25:30,799 [Listener at 127.0.0.1/33353] INFO  server.RaftServerConfigKeys (ConfUtils.java:logGet(44)) - raft.server.rpc.slowness.timeout = 300s (custom)
2022-03-12 14:25:30,799 [Listener at 127.0.0.1/33353] INFO  server.RaftServerConfigKeys (ConfUtils.java:logGet(44)) - raft.server.leaderelection.leader.step-down.wait-time = 10s (default)
2022-03-12 14:25:30,799 [Listener at 127.0.0.1/33353] INFO  server.RaftServerConfigKeys (ConfUtils.java:logGet(44)) - raft.server.storage.dir = [/home/runner/work/ozone/ozone/hadoop-ozone/integration-test/target/test-dir/MiniOzoneClusterImpl-f5f50f7a-5524-4be5-b9ff-96e951a72c81/datanode-1/data/ratis] (custom)
2022-03-12 14:25:30,802 [Listener at 127.0.0.1/33353] INFO  server.XceiverServerGrpc (XceiverServerGrpc.java:<init>(132)) - GrpcServer channel type EpollServerSocketChannel
2022-03-12 14:25:30,808 [Listener at 127.0.0.1/33353] INFO  http.BaseHttpServer (BaseHttpServer.java:newHttpServer2BuilderForOzone(209)) - Starting Web-server for hddsDatanode at: http://0.0.0.0:0
2022-03-12 14:25:30,808 [Listener at 127.0.0.1/33353] INFO  http.BaseHttpServer (BaseHttpServer.java:<init>(107)) - Hadoop Security Enabled: false Ozone Security Enabled: false Ozone HTTP Security Enabled: false 
2022-03-12 14:25:30,809 [Listener at 127.0.0.1/33353] INFO  server.AuthenticationFilter (AuthenticationFilter.java:constructSecretProvider(240)) - Unable to initialize FileSignerSecretProvider, falling back to use random secrets.
2022-03-12 14:25:30,810 [Listener at 127.0.0.1/33353] WARN  http.HttpRequestLog (HttpRequestLog.java:getRequestLog(103)) - Jetty request log can only be enabled using Log4j
2022-03-12 14:25:30,811 [Listener at 127.0.0.1/33353] INFO  http.HttpServer2 (HttpServer2.java:addGlobalFilter(1030)) - Added global filter 'safety' (class=org.apache.hadoop.hdds.server.http.HttpServer2$QuotingInputFilter)
2022-03-12 14:25:30,812 [Listener at 127.0.0.1/33353] INFO  http.HttpServer2 (HttpServer2.java:addFilter(1006)) - Added filter static_user_filter (class=org.apache.hadoop.http.lib.StaticUserWebFilter$StaticUserFilter) to context hddsDatanode
2022-03-12 14:25:30,812 [Listener at 127.0.0.1/33353] INFO  http.HttpServer2 (HttpServer2.java:addFilter(1014)) - Added filter static_user_filter (class=org.apache.hadoop.http.lib.StaticUserWebFilter$StaticUserFilter) to context logs
2022-03-12 14:25:30,812 [Listener at 127.0.0.1/33353] INFO  http.HttpServer2 (HttpServer2.java:addFilter(1014)) - Added filter static_user_filter (class=org.apache.hadoop.http.lib.StaticUserWebFilter$StaticUserFilter) to context static
2022-03-12 14:25:30,813 [Listener at 127.0.0.1/33353] INFO  http.HttpServer2 (HttpServer2.java:bindListener(1249)) - Jetty bound to port 33479
2022-03-12 14:25:30,813 [Listener at 127.0.0.1/33353] INFO  server.Server (Server.java:doStart(375)) - jetty-9.4.43.v20210629; built: 2021-06-30T11:07:22.254Z; git: 526006ecfa3af7f1a27ef3a288e2bef7ea9dd7e8; jvm 1.8.0_322-b06
2022-03-12 14:25:30,867 [Listener at 127.0.0.1/33353] INFO  server.session (DefaultSessionIdManager.java:doStart(334)) - DefaultSessionIdManager workerName=node0
2022-03-12 14:25:30,867 [Listener at 127.0.0.1/33353] INFO  server.session (DefaultSessionIdManager.java:doStart(339)) - No SessionScavenger set, using defaults
2022-03-12 14:25:30,868 [Listener at 127.0.0.1/33353] INFO  server.session (HouseKeeper.java:startScavenging(132)) - node0 Scavenging every 660000ms
2022-03-12 14:25:30,872 [Listener at 127.0.0.1/33353] INFO  handler.ContextHandler (ContextHandler.java:doStart(915)) - Started o.e.j.s.ServletContextHandler@e5ffa7c{logs,/logs,file:///home/runner/work/ozone/ozone/hadoop-ozone/integration-test/target/log,AVAILABLE}
2022-03-12 14:25:30,873 [Listener at 127.0.0.1/33353] INFO  handler.ContextHandler (ContextHandler.java:doStart(915)) - Started o.e.j.s.ServletContextHandler@4a7154e8{static,/static,jar:file:/home/runner/.m2/repository/org/apache/ozone/hdds-container-service/1.3.0-SNAPSHOT/hdds-container-service-1.3.0-SNAPSHOT.jar!/webapps/static,AVAILABLE}
2022-03-12 14:25:30,949 [Listener at 127.0.0.1/33353] INFO  handler.ContextHandler (ContextHandler.java:doStart(915)) - Started o.e.j.w.WebAppContext@6598bc78{hddsDatanode,/,file:///tmp/jetty-0_0_0_0-33479-hdds-container-service-1_3_0-SNAPSHOT_jar-_-any-4317417785052400484/webapp/,AVAILABLE}{jar:file:/home/runner/.m2/repository/org/apache/ozone/hdds-container-service/1.3.0-SNAPSHOT/hdds-container-service-1.3.0-SNAPSHOT.jar!/webapps/hddsDatanode}
2022-03-12 14:25:30,961 [Listener at 127.0.0.1/33353] INFO  server.AbstractConnector (AbstractConnector.java:doStart(331)) - Started ServerConnector@4f2cf046{HTTP/1.1, (http/1.1)}{0.0.0.0:33479}
2022-03-12 14:25:30,961 [Listener at 127.0.0.1/33353] INFO  server.Server (Server.java:doStart(415)) - Started @45520ms
2022-03-12 14:25:30,961 [Listener at 127.0.0.1/33353] WARN  impl.MetricsSystemImpl (MetricsSystemImpl.java:register(279)) - Sink prometheus already exists!
2022-03-12 14:25:30,962 [Listener at 127.0.0.1/33353] INFO  http.BaseHttpServer (BaseHttpServer.java:updateConnectorAddress(329)) - HTTP server of hddsDatanode listening at http://0.0.0.0:33479
2022-03-12 14:25:30,972 [Datanode State Machine Daemon Thread] INFO  statemachine.DatanodeStateMachine (DatanodeStateMachine.java:lambda$startDaemon$0(470)) - Ozone container server started.
2022-03-12 14:25:30,972 [Listener at 127.0.0.1/33353] WARN  impl.MetricRegistriesImpl (MetricRegistriesImpl.java:addReporterRegistration(111)) - New reporters are added after registries were created. Some metrics will be missing from the reporter. Please add reporter before adding any new registry.
2022-03-12 14:25:30,973 [Listener at 127.0.0.1/33353] WARN  impl.MetricRegistriesImpl (MetricRegistriesImpl.java:addReporterRegistration(111)) - New reporters are added after registries were created. Some metrics will be missing from the reporter. Please add reporter before adding any new registry.
2022-03-12 14:25:30,973 [Listener at 127.0.0.1/33353] INFO  impl.MetricsSystemImpl (MetricsSystemImpl.java:init(158)) - HddsDatanode metrics system started (again)
2022-03-12 14:25:30,990 [Listener at 127.0.0.1/33353] INFO  ozone.HddsDatanodeService (HddsDatanodeService.java:start(233)) - HddsDatanodeService host:fv-az297-111.nmf1rxwemy4u5di1sxxf4ejcwb.jx.internal.cloudapp.net ip:10.1.0.8
2022-03-12 14:25:31,016 [Listener at 127.0.0.1/33353] INFO  upgrade.AbstractLayoutVersionManager (AbstractLayoutVersionManager.java:init(79)) - Initializing Layout version manager with metadata layout = SCM_HA (version = 2), software layout = SCM_HA (version = 2)
2022-03-12 14:25:31,021 [org.apache.hadoop.util.JvmPauseMonitor$Monitor@11e7e7f0] INFO  util.JvmPauseMonitor (JvmPauseMonitor.java:run(188)) - Starting JVM pause monitor
2022-03-12 14:25:31,029 [Datanode State Machine Task Thread - 0] INFO  datanode.InitDatanodeState (InitDatanodeState.java:persistContainerDatanodeDetails(138)) - DatanodeDetails is persisted to /home/runner/work/ozone/ozone/hadoop-ozone/integration-test/target/test-dir/MiniOzoneClusterImpl-f5f50f7a-5524-4be5-b9ff-96e951a72c81/datanode-1/meta/datanode.id
2022-03-12 14:25:31,100 [Listener at 127.0.0.1/33353] INFO  reflections.Reflections (Reflections.java:scan(232)) - Reflections took 80 ms to scan 7 urls, producing 122 keys and 286 values 
2022-03-12 14:25:31,103 [Listener at 127.0.0.1/33353] INFO  statemachine.DatanodeStateMachine (DatanodeStateMachine.java:getEndPointTaskThreadPoolSize(222)) - Datanode State Machine Task Thread Pool size 2
2022-03-12 14:25:31,105 [Listener at 127.0.0.1/33353] INFO  volume.HddsVolume (HddsVolume.java:<init>(120)) - Creating HddsVolume: /home/runner/work/ozone/ozone/hadoop-ozone/integration-test/target/test-dir/MiniOzoneClusterImpl-f5f50f7a-5524-4be5-b9ff-96e951a72c81/datanode-2/data-0/containers/hdds of storage type : DISK capacity : 9223372036854775807
2022-03-12 14:25:31,105 [Listener at 127.0.0.1/33353] INFO  volume.MutableVolumeSet (MutableVolumeSet.java:initializeVolumeSet(168)) - Added Volume : /home/runner/work/ozone/ozone/hadoop-ozone/integration-test/target/test-dir/MiniOzoneClusterImpl-f5f50f7a-5524-4be5-b9ff-96e951a72c81/datanode-2/data-0/containers/hdds to VolumeSet
2022-03-12 14:25:31,106 [Listener at 127.0.0.1/33353] INFO  volume.ThrottledAsyncChecker (ThrottledAsyncChecker.java:schedule(141)) - Scheduling a check for /home/runner/work/ozone/ozone/hadoop-ozone/integration-test/target/test-dir/MiniOzoneClusterImpl-f5f50f7a-5524-4be5-b9ff-96e951a72c81/datanode-2/data-0/containers/hdds
2022-03-12 14:25:31,107 [Listener at 127.0.0.1/33353] INFO  volume.StorageVolumeChecker (StorageVolumeChecker.java:checkAllVolumes(202)) - Scheduled health check for volume /home/runner/work/ozone/ozone/hadoop-ozone/integration-test/target/test-dir/MiniOzoneClusterImpl-f5f50f7a-5524-4be5-b9ff-96e951a72c81/datanode-2/data-0/containers/hdds
2022-03-12 14:25:31,119 [Listener at 127.0.0.1/33353] INFO  volume.MutableVolumeSet (MutableVolumeSet.java:initializeVolumeSet(168)) - Added Volume : /home/runner/work/ozone/ozone/hadoop-ozone/integration-test/target/test-dir/MiniOzoneClusterImpl-f5f50f7a-5524-4be5-b9ff-96e951a72c81/datanode-2/data/ratis to VolumeSet
2022-03-12 14:25:31,119 [Listener at 127.0.0.1/33353] INFO  volume.ThrottledAsyncChecker (ThrottledAsyncChecker.java:schedule(141)) - Scheduling a check for /home/runner/work/ozone/ozone/hadoop-ozone/integration-test/target/test-dir/MiniOzoneClusterImpl-f5f50f7a-5524-4be5-b9ff-96e951a72c81/datanode-2/data/ratis
2022-03-12 14:25:31,119 [Listener at 127.0.0.1/33353] INFO  volume.StorageVolumeChecker (StorageVolumeChecker.java:checkAllVolumes(202)) - Scheduled health check for volume /home/runner/work/ozone/ozone/hadoop-ozone/integration-test/target/test-dir/MiniOzoneClusterImpl-f5f50f7a-5524-4be5-b9ff-96e951a72c81/datanode-2/data/ratis
2022-03-12 14:25:31,130 [Thread-322] INFO  ozoneimpl.ContainerReader (ContainerReader.java:readVolume(172)) - Finish verifying containers on volume /home/runner/work/ozone/ozone/hadoop-ozone/integration-test/target/test-dir/MiniOzoneClusterImpl-f5f50f7a-5524-4be5-b9ff-96e951a72c81/datanode-2/data-0/containers/hdds
2022-03-12 14:25:31,130 [Listener at 127.0.0.1/33353] INFO  ozoneimpl.OzoneContainer (OzoneContainer.java:buildContainerSet(257)) - Build ContainerSet costs 0s
2022-03-12 14:25:31,133 [Listener at 127.0.0.1/33353] INFO  server.RaftServer (ConfUtils.java:logGet(44)) - raft.rpc.type = GRPC (default)
2022-03-12 14:25:31,133 [Listener at 127.0.0.1/33353] INFO  grpc.GrpcFactory (GrpcFactory.java:checkPooledByteBufAllocatorUseCacheForAllThreads(48)) - PERFORMANCE WARNING: useCacheForAllThreads is true that may cause Netty to create a lot garbage objects and, as a result, trigger GC.
	It is recommended to disable useCacheForAllThreads by setting -Dorg.apache.ratis.thirdparty.io.netty.allocator.useCacheForAllThreads=false in command line.
2022-03-12 14:25:31,134 [Listener at 127.0.0.1/33353] INFO  grpc.GrpcConfigKeys (ConfUtils.java:logGet(44)) - raft.grpc.admin.port = 0 (custom)
2022-03-12 14:25:31,134 [Listener at 127.0.0.1/33353] INFO  grpc.GrpcConfigKeys (ConfUtils.java:logGet(44)) - raft.grpc.client.port = 0 (custom)
2022-03-12 14:25:31,134 [Listener at 127.0.0.1/33353] INFO  grpc.GrpcConfigKeys (ConfUtils.java:logGet(44)) - raft.grpc.server.port = 0 (default)
2022-03-12 14:25:31,134 [Listener at 127.0.0.1/33353] INFO  server.GrpcService (ConfUtils.java:logGet(44)) - raft.grpc.message.size.max = 32MB (=33554432) (custom)
2022-03-12 14:25:31,134 [Listener at 127.0.0.1/33353] INFO  server.RaftServerConfigKeys (ConfUtils.java:logGet(44)) - raft.server.log.appender.buffer.byte-limit = 33554432 (custom)
2022-03-12 14:25:31,134 [Listener at 127.0.0.1/33353] INFO  server.GrpcService (ConfUtils.java:logGet(44)) - raft.grpc.flow.control.window = 5MB (=5242880) (custom)
2022-03-12 14:25:31,134 [Listener at 127.0.0.1/33353] INFO  server.RaftServerConfigKeys (ConfUtils.java:logGet(44)) - raft.server.rpc.request.timeout = 60s (custom)
2022-03-12 14:25:31,136 [Listener at 127.0.0.1/33353] INFO  impl.DataStreamServerImpl (ConfUtils.java:logGet(44)) - raft.datastream.type = DISABLED (default)
2022-03-12 14:25:31,136 [Listener at 127.0.0.1/33353] INFO  server.RaftServerConfigKeys (ConfUtils.java:logGet(44)) - raft.server.rpc.slowness.timeout = 300s (custom)
2022-03-12 14:25:31,136 [Listener at 127.0.0.1/33353] INFO  server.RaftServerConfigKeys (ConfUtils.java:logGet(44)) - raft.server.leaderelection.leader.step-down.wait-time = 10s (default)
2022-03-12 14:25:31,136 [Listener at 127.0.0.1/33353] INFO  server.RaftServerConfigKeys (ConfUtils.java:logGet(44)) - raft.server.storage.dir = [/home/runner/work/ozone/ozone/hadoop-ozone/integration-test/target/test-dir/MiniOzoneClusterImpl-f5f50f7a-5524-4be5-b9ff-96e951a72c81/datanode-2/data/ratis] (custom)
2022-03-12 14:25:31,138 [Listener at 127.0.0.1/33353] INFO  server.XceiverServerGrpc (XceiverServerGrpc.java:<init>(132)) - GrpcServer channel type EpollServerSocketChannel
2022-03-12 14:25:31,140 [Listener at 127.0.0.1/33353] INFO  http.BaseHttpServer (BaseHttpServer.java:newHttpServer2BuilderForOzone(209)) - Starting Web-server for hddsDatanode at: http://0.0.0.0:0
2022-03-12 14:25:31,140 [Listener at 127.0.0.1/33353] INFO  http.BaseHttpServer (BaseHttpServer.java:<init>(107)) - Hadoop Security Enabled: false Ozone Security Enabled: false Ozone HTTP Security Enabled: false 
2022-03-12 14:25:31,141 [Listener at 127.0.0.1/33353] INFO  server.AuthenticationFilter (AuthenticationFilter.java:constructSecretProvider(240)) - Unable to initialize FileSignerSecretProvider, falling back to use random secrets.
2022-03-12 14:25:31,152 [Listener at 127.0.0.1/33353] WARN  http.HttpRequestLog (HttpRequestLog.java:getRequestLog(103)) - Jetty request log can only be enabled using Log4j
2022-03-12 14:25:31,153 [Listener at 127.0.0.1/33353] INFO  http.HttpServer2 (HttpServer2.java:addGlobalFilter(1030)) - Added global filter 'safety' (class=org.apache.hadoop.hdds.server.http.HttpServer2$QuotingInputFilter)
2022-03-12 14:25:31,154 [Listener at 127.0.0.1/33353] INFO  http.HttpServer2 (HttpServer2.java:addFilter(1006)) - Added filter static_user_filter (class=org.apache.hadoop.http.lib.StaticUserWebFilter$StaticUserFilter) to context hddsDatanode
2022-03-12 14:25:31,154 [Listener at 127.0.0.1/33353] INFO  http.HttpServer2 (HttpServer2.java:addFilter(1014)) - Added filter static_user_filter (class=org.apache.hadoop.http.lib.StaticUserWebFilter$StaticUserFilter) to context static
2022-03-12 14:25:31,154 [Listener at 127.0.0.1/33353] INFO  http.HttpServer2 (HttpServer2.java:addFilter(1014)) - Added filter static_user_filter (class=org.apache.hadoop.http.lib.StaticUserWebFilter$StaticUserFilter) to context logs
2022-03-12 14:25:31,154 [Listener at 127.0.0.1/33353] INFO  http.HttpServer2 (HttpServer2.java:bindListener(1249)) - Jetty bound to port 39435
2022-03-12 14:25:31,154 [Listener at 127.0.0.1/33353] INFO  server.Server (Server.java:doStart(375)) - jetty-9.4.43.v20210629; built: 2021-06-30T11:07:22.254Z; git: 526006ecfa3af7f1a27ef3a288e2bef7ea9dd7e8; jvm 1.8.0_322-b06
2022-03-12 14:25:31,198 [Listener at 127.0.0.1/33353] INFO  server.session (DefaultSessionIdManager.java:doStart(334)) - DefaultSessionIdManager workerName=node0
2022-03-12 14:25:31,198 [Listener at 127.0.0.1/33353] INFO  server.session (DefaultSessionIdManager.java:doStart(339)) - No SessionScavenger set, using defaults
2022-03-12 14:25:31,198 [Listener at 127.0.0.1/33353] INFO  server.session (HouseKeeper.java:startScavenging(132)) - node0 Scavenging every 660000ms
2022-03-12 14:25:31,199 [Listener at 127.0.0.1/33353] INFO  handler.ContextHandler (ContextHandler.java:doStart(915)) - Started o.e.j.s.ServletContextHandler@6be900a7{logs,/logs,file:///home/runner/work/ozone/ozone/hadoop-ozone/integration-test/target/log,AVAILABLE}
2022-03-12 14:25:31,202 [Listener at 127.0.0.1/33353] INFO  handler.ContextHandler (ContextHandler.java:doStart(915)) - Started o.e.j.s.ServletContextHandler@6be04e4d{static,/static,jar:file:/home/runner/.m2/repository/org/apache/ozone/hdds-container-service/1.3.0-SNAPSHOT/hdds-container-service-1.3.0-SNAPSHOT.jar!/webapps/static,AVAILABLE}
2022-03-12 14:25:31,251 [Listener at 127.0.0.1/33353] INFO  handler.ContextHandler (ContextHandler.java:doStart(915)) - Started o.e.j.w.WebAppContext@164c2b1c{hddsDatanode,/,file:///tmp/jetty-0_0_0_0-39435-hdds-container-service-1_3_0-SNAPSHOT_jar-_-any-989889162301544839/webapp/,AVAILABLE}{jar:file:/home/runner/.m2/repository/org/apache/ozone/hdds-container-service/1.3.0-SNAPSHOT/hdds-container-service-1.3.0-SNAPSHOT.jar!/webapps/hddsDatanode}
2022-03-12 14:25:31,253 [Listener at 127.0.0.1/33353] INFO  server.AbstractConnector (AbstractConnector.java:doStart(331)) - Started ServerConnector@7599974b{HTTP/1.1, (http/1.1)}{0.0.0.0:39435}
2022-03-12 14:25:31,254 [Listener at 127.0.0.1/33353] INFO  server.Server (Server.java:doStart(415)) - Started @45812ms
2022-03-12 14:25:31,254 [Listener at 127.0.0.1/33353] WARN  impl.MetricsSystemImpl (MetricsSystemImpl.java:register(279)) - Sink prometheus already exists!
2022-03-12 14:25:31,254 [Listener at 127.0.0.1/33353] INFO  http.BaseHttpServer (BaseHttpServer.java:updateConnectorAddress(329)) - HTTP server of hddsDatanode listening at http://0.0.0.0:39435
2022-03-12 14:25:31,256 [Listener at 127.0.0.1/33353] INFO  ozone.MiniOzoneClusterImpl (MiniOzoneClusterImpl.java:lambda$waitForClusterToBeReady$0(219)) - Waiting for nodes to be ready. Got 0 of 3 DN Heartbeats.
2022-03-12 14:25:31,256 [Listener at 127.0.0.1/33353] INFO  ozone.MiniOzoneClusterImpl (MiniOzoneClusterImpl.java:lambda$waitForClusterToBeReady$0(222)) - Waiting for cluster to exit safe mode
2022-03-12 14:25:31,256 [Listener at 127.0.0.1/33353] INFO  ozone.MiniOzoneClusterImpl (MiniOzoneClusterImpl.java:lambda$waitForClusterToBeReady$0(224)) - SCM became leader
2022-03-12 14:25:31,256 [Datanode State Machine Daemon Thread] INFO  statemachine.DatanodeStateMachine (DatanodeStateMachine.java:lambda$startDaemon$0(470)) - Ozone container server started.
2022-03-12 14:25:31,268 [org.apache.hadoop.util.JvmPauseMonitor$Monitor@6b5ad89f] INFO  util.JvmPauseMonitor (JvmPauseMonitor.java:run(188)) - Starting JVM pause monitor
2022-03-12 14:25:31,277 [Datanode State Machine Task Thread - 0] INFO  datanode.InitDatanodeState (InitDatanodeState.java:persistContainerDatanodeDetails(138)) - DatanodeDetails is persisted to /home/runner/work/ozone/ozone/hadoop-ozone/integration-test/target/test-dir/MiniOzoneClusterImpl-f5f50f7a-5524-4be5-b9ff-96e951a72c81/datanode-2/meta/datanode.id
2022-03-12 14:25:31,327 [om1@group-C5BA1605619E-FollowerState] INFO  impl.FollowerState (FollowerState.java:run(134)) - om1@group-C5BA1605619E-FollowerState: change to CANDIDATE, lastRpcElapsedTime:1062015704ns, electionTimeout:1058ms
2022-03-12 14:25:31,327 [om1@group-C5BA1605619E-FollowerState] INFO  impl.RoleInfo (RoleInfo.java:shutdownFollowerState(108)) - om1: shutdown om1@group-C5BA1605619E-FollowerState
2022-03-12 14:25:31,328 [om1@group-C5BA1605619E-FollowerState] INFO  server.RaftServer$Division (RaftServerImpl.java:setRole(290)) - om1@group-C5BA1605619E: changes role from  FOLLOWER to CANDIDATE at term 0 for changeToCandidate
2022-03-12 14:25:31,328 [om1@group-C5BA1605619E-FollowerState] INFO  server.RaftServerConfigKeys (ConfUtils.java:logGet(44)) - raft.server.leaderelection.pre-vote = false (custom)
2022-03-12 14:25:31,328 [om1@group-C5BA1605619E-FollowerState] INFO  impl.RoleInfo (RoleInfo.java:updateAndGet(130)) - om1: start om1@group-C5BA1605619E-LeaderElection6
2022-03-12 14:25:31,335 [om1@group-C5BA1605619E-LeaderElection6] INFO  impl.LeaderElection (LeaderElection.java:askForVotes(306)) - om1@group-C5BA1605619E-LeaderElection6 ELECTION round 0: submit vote requests at term 1 for -1: [om1|rpc:localhost:9872|priority:0], old=null
2022-03-12 14:25:31,335 [om1@group-C5BA1605619E-LeaderElection6] INFO  impl.LeaderElection (LeaderElection.java:askForVotes(308)) - om1@group-C5BA1605619E-LeaderElection6 ELECTION round 0: result PASSED (term=1)
2022-03-12 14:25:31,335 [om1@group-C5BA1605619E-LeaderElection6] INFO  impl.RoleInfo (RoleInfo.java:shutdownLeaderElection(121)) - om1: shutdown om1@group-C5BA1605619E-LeaderElection6
2022-03-12 14:25:31,335 [om1@group-C5BA1605619E-LeaderElection6] INFO  server.RaftServer$Division (RaftServerImpl.java:setRole(290)) - om1@group-C5BA1605619E: changes role from CANDIDATE to LEADER at term 1 for changeToLeader
2022-03-12 14:25:31,335 [om1@group-C5BA1605619E-LeaderElection6] INFO  server.RaftServer$Division (ServerState.java:setLeader(285)) - om1@group-C5BA1605619E: change Leader from null to om1 at term 1 for becomeLeader, leader elected after 1095ms
2022-03-12 14:25:31,335 [om1@group-C5BA1605619E-LeaderElection6] INFO  server.RaftServerConfigKeys (ConfUtils.java:logGet(44)) - raft.server.staging.catchup.gap = 1000 (default)
2022-03-12 14:25:31,335 [om1@group-C5BA1605619E-LeaderElection6] INFO  server.RaftServerConfigKeys (ConfUtils.java:logGet(44)) - raft.server.write.element-limit = 4096 (default)
2022-03-12 14:25:31,336 [om1@group-C5BA1605619E-LeaderElection6] INFO  server.RaftServerConfigKeys (ConfUtils.java:logGet(44)) - raft.server.write.byte-limit = 64MB (=67108864) (default)
2022-03-12 14:25:31,336 [om1@group-C5BA1605619E-LeaderElection6] INFO  server.RaftServerConfigKeys (ConfUtils.java:logGet(44)) - raft.server.watch.timeout = 10s (default)
2022-03-12 14:25:31,336 [om1@group-C5BA1605619E-LeaderElection6] INFO  server.RaftServerConfigKeys (ConfUtils.java:logGet(44)) - raft.server.watch.timeout.denomination = 1s (default)
2022-03-12 14:25:31,336 [om1@group-C5BA1605619E-LeaderElection6] INFO  server.RaftServerConfigKeys (ConfUtils.java:logGet(44)) - raft.server.watch.element-limit = 65536 (default)
2022-03-12 14:25:31,337 [om1@group-C5BA1605619E-LeaderElection6] INFO  server.RaftServerConfigKeys (ConfUtils.java:logGet(44)) - raft.server.write.element-limit = 4096 (default)
2022-03-12 14:25:31,338 [om1@group-C5BA1605619E-LeaderElection6] INFO  server.RaftServerConfigKeys (ConfUtils.java:logGet(44)) - raft.server.write.follower.gap.ratio.max = -1.0 (default)
2022-03-12 14:25:31,338 [om1@group-C5BA1605619E-LeaderElection6] INFO  impl.RoleInfo (RoleInfo.java:updateAndGet(130)) - om1: start om1@group-C5BA1605619E-LeaderStateImpl
2022-03-12 14:25:31,339 [om1@group-C5BA1605619E-LeaderElection6] INFO  segmented.SegmentedRaftLogWorker (SegmentedRaftLogWorker.java:startLogSegment(394)) - om1@group-C5BA1605619E-SegmentedRaftLogWorker: Starting segment from index:0
2022-03-12 14:25:31,348 [om1@group-C5BA1605619E-LeaderElection6] INFO  server.RaftServer$Division (ServerState.java:setRaftConf(387)) - om1@group-C5BA1605619E: set configuration 0: [om1|rpc:localhost:9872|admin:|client:|dataStream:|priority:0], old=null
2022-03-12 14:25:31,353 [om1@group-C5BA1605619E-SegmentedRaftLogWorker] INFO  segmented.SegmentedRaftLogWorker (SegmentedRaftLogWorker.java:execute(601)) - om1@group-C5BA1605619E-SegmentedRaftLogWorker: created new log segment /home/runner/work/ozone/ozone/hadoop-ozone/integration-test/target/test-dir/MiniOzoneClusterImpl-f5f50f7a-5524-4be5-b9ff-96e951a72c81/ozone-meta/ratis/bf265839-605b-3f16-9796-c5ba1605619e/current/log_inprogress_0
2022-03-12 14:25:31,354 [om1@group-C5BA1605619E-StateMachineUpdater] INFO  ratis.OzoneManagerStateMachine (OzoneManagerStateMachine.java:notifyConfigurationChanged(188)) - Received Configuration change notification from Ratis. New Peer list:
[id: "om1"
address: "localhost:9872"
]
2022-03-12 14:25:32,256 [Listener at 127.0.0.1/33353] INFO  ozone.MiniOzoneClusterImpl (MiniOzoneClusterImpl.java:lambda$waitForClusterToBeReady$0(219)) - Waiting for nodes to be ready. Got 0 of 3 DN Heartbeats.
2022-03-12 14:25:32,257 [Listener at 127.0.0.1/33353] INFO  ozone.MiniOzoneClusterImpl (MiniOzoneClusterImpl.java:lambda$waitForClusterToBeReady$0(222)) - Waiting for cluster to exit safe mode
2022-03-12 14:25:32,257 [Listener at 127.0.0.1/33353] INFO  ozone.MiniOzoneClusterImpl (MiniOzoneClusterImpl.java:lambda$waitForClusterToBeReady$0(224)) - SCM became leader
2022-03-12 14:25:32,647 [EndpointStateMachine task thread for /0.0.0.0:37097 - 0 ] INFO  ozoneimpl.OzoneContainer (OzoneContainer.java:start(335)) - Attempting to start container services.
2022-03-12 14:25:32,648 [EndpointStateMachine task thread for /0.0.0.0:37097 - 0 ] INFO  ozoneimpl.OzoneContainer (OzoneContainer.java:startContainerScrub(270)) - Background container scanner has been disabled.
2022-03-12 14:25:32,653 [EndpointStateMachine task thread for /0.0.0.0:37097 - 0 ] INFO  replication.ReplicationServer (ReplicationServer.java:start(111)) - ReplicationServer is started using port 42207
2022-03-12 14:25:32,653 [EndpointStateMachine task thread for /0.0.0.0:37097 - 0 ] INFO  ratis.XceiverServerRatis (XceiverServerRatis.java:start(487)) - Starting XceiverServerRatis d4fb544e-91d6-444d-a862-ad6d9a9779bb
2022-03-12 14:25:32,655 [EndpointStateMachine task thread for /0.0.0.0:37097 - 0 ] INFO  server.RaftServer (RaftServerProxy.java:lambda$start$5(374)) - d4fb544e-91d6-444d-a862-ad6d9a9779bb: start RPC server
2022-03-12 14:25:32,661 [EndpointStateMachine task thread for /0.0.0.0:37097 - 0 ] INFO  server.GrpcService (GrpcService.java:startImpl(253)) - d4fb544e-91d6-444d-a862-ad6d9a9779bb: GrpcService started, listening on 36501
2022-03-12 14:25:32,664 [EndpointStateMachine task thread for /0.0.0.0:37097 - 0 ] INFO  ratis.XceiverServerRatis (XceiverServerRatis.java:getRealPort(508)) - XceiverServerRatis d4fb544e-91d6-444d-a862-ad6d9a9779bb is started using port 36501 for RATIS
2022-03-12 14:25:32,664 [EndpointStateMachine task thread for /0.0.0.0:37097 - 0 ] INFO  ratis.XceiverServerRatis (XceiverServerRatis.java:getRealPort(508)) - XceiverServerRatis d4fb544e-91d6-444d-a862-ad6d9a9779bb is started using port 36501 for RATIS_ADMIN
2022-03-12 14:25:32,664 [EndpointStateMachine task thread for /0.0.0.0:37097 - 0 ] INFO  ratis.XceiverServerRatis (XceiverServerRatis.java:getRealPort(508)) - XceiverServerRatis d4fb544e-91d6-444d-a862-ad6d9a9779bb is started using port 36501 for RATIS_SERVER
2022-03-12 14:25:32,664 [org.apache.ratis.util.JvmPauseMonitor$$Lambda$431/253481993@21790c4d] INFO  util.JvmPauseMonitor (JvmPauseMonitor.java:run(103)) - JvmPauseMonitor-d4fb544e-91d6-444d-a862-ad6d9a9779bb: Started
2022-03-12 14:25:32,673 [EndpointStateMachine task thread for /0.0.0.0:37097 - 0 ] INFO  server.XceiverServerGrpc (XceiverServerGrpc.java:start(180)) - XceiverServerGrpc d4fb544e-91d6-444d-a862-ad6d9a9779bb is started using port 35667
2022-03-12 14:25:33,034 [EndpointStateMachine task thread for /0.0.0.0:37097 - 0 ] INFO  ozoneimpl.OzoneContainer (OzoneContainer.java:start(335)) - Attempting to start container services.
2022-03-12 14:25:33,035 [EndpointStateMachine task thread for /0.0.0.0:37097 - 0 ] INFO  ozoneimpl.OzoneContainer (OzoneContainer.java:startContainerScrub(270)) - Background container scanner has been disabled.
2022-03-12 14:25:33,040 [EndpointStateMachine task thread for /0.0.0.0:37097 - 0 ] INFO  replication.ReplicationServer (ReplicationServer.java:start(111)) - ReplicationServer is started using port 33349
2022-03-12 14:25:33,041 [EndpointStateMachine task thread for /0.0.0.0:37097 - 0 ] INFO  ratis.XceiverServerRatis (XceiverServerRatis.java:start(487)) - Starting XceiverServerRatis 0367229f-3e47-487a-a81f-dafd2c48bc0a
2022-03-12 14:25:33,049 [EndpointStateMachine task thread for /0.0.0.0:37097 - 0 ] INFO  server.RaftServer (RaftServerProxy.java:lambda$start$5(374)) - 0367229f-3e47-487a-a81f-dafd2c48bc0a: start RPC server
2022-03-12 14:25:33,055 [EndpointStateMachine task thread for /0.0.0.0:37097 - 0 ] INFO  server.GrpcService (GrpcService.java:startImpl(253)) - 0367229f-3e47-487a-a81f-dafd2c48bc0a: GrpcService started, listening on 38083
2022-03-12 14:25:33,060 [EndpointStateMachine task thread for /0.0.0.0:37097 - 0 ] INFO  ratis.XceiverServerRatis (XceiverServerRatis.java:getRealPort(508)) - XceiverServerRatis 0367229f-3e47-487a-a81f-dafd2c48bc0a is started using port 38083 for RATIS
2022-03-12 14:25:33,060 [EndpointStateMachine task thread for /0.0.0.0:37097 - 0 ] INFO  ratis.XceiverServerRatis (XceiverServerRatis.java:getRealPort(508)) - XceiverServerRatis 0367229f-3e47-487a-a81f-dafd2c48bc0a is started using port 38083 for RATIS_ADMIN
2022-03-12 14:25:33,060 [EndpointStateMachine task thread for /0.0.0.0:37097 - 0 ] INFO  ratis.XceiverServerRatis (XceiverServerRatis.java:getRealPort(508)) - XceiverServerRatis 0367229f-3e47-487a-a81f-dafd2c48bc0a is started using port 38083 for RATIS_SERVER
2022-03-12 14:25:33,060 [org.apache.ratis.util.JvmPauseMonitor$$Lambda$431/253481993@13a6f47d] INFO  util.JvmPauseMonitor (JvmPauseMonitor.java:run(103)) - JvmPauseMonitor-0367229f-3e47-487a-a81f-dafd2c48bc0a: Started
2022-03-12 14:25:33,062 [EndpointStateMachine task thread for /0.0.0.0:37097 - 0 ] INFO  server.XceiverServerGrpc (XceiverServerGrpc.java:start(180)) - XceiverServerGrpc 0367229f-3e47-487a-a81f-dafd2c48bc0a is started using port 35485
2022-03-12 14:25:33,257 [Listener at 127.0.0.1/33353] INFO  ozone.MiniOzoneClusterImpl (MiniOzoneClusterImpl.java:lambda$waitForClusterToBeReady$0(219)) - Waiting for nodes to be ready. Got 0 of 3 DN Heartbeats.
2022-03-12 14:25:33,257 [Listener at 127.0.0.1/33353] INFO  ozone.MiniOzoneClusterImpl (MiniOzoneClusterImpl.java:lambda$waitForClusterToBeReady$0(222)) - Waiting for cluster to exit safe mode
2022-03-12 14:25:33,257 [Listener at 127.0.0.1/33353] INFO  ozone.MiniOzoneClusterImpl (MiniOzoneClusterImpl.java:lambda$waitForClusterToBeReady$0(224)) - SCM became leader
2022-03-12 14:25:33,274 [EndpointStateMachine task thread for /0.0.0.0:37097 - 0 ] INFO  ozoneimpl.OzoneContainer (OzoneContainer.java:start(335)) - Attempting to start container services.
2022-03-12 14:25:33,275 [EndpointStateMachine task thread for /0.0.0.0:37097 - 0 ] INFO  ozoneimpl.OzoneContainer (OzoneContainer.java:startContainerScrub(270)) - Background container scanner has been disabled.
2022-03-12 14:25:33,278 [EndpointStateMachine task thread for /0.0.0.0:37097 - 0 ] INFO  replication.ReplicationServer (ReplicationServer.java:start(111)) - ReplicationServer is started using port 46449
2022-03-12 14:25:33,278 [EndpointStateMachine task thread for /0.0.0.0:37097 - 0 ] INFO  ratis.XceiverServerRatis (XceiverServerRatis.java:start(487)) - Starting XceiverServerRatis f8b47a51-d582-4728-836c-b6b8cb6674d2
2022-03-12 14:25:33,284 [EndpointStateMachine task thread for /0.0.0.0:37097 - 0 ] INFO  server.RaftServer (RaftServerProxy.java:lambda$start$5(374)) - f8b47a51-d582-4728-836c-b6b8cb6674d2: start RPC server
2022-03-12 14:25:33,288 [EndpointStateMachine task thread for /0.0.0.0:37097 - 0 ] INFO  server.GrpcService (GrpcService.java:startImpl(253)) - f8b47a51-d582-4728-836c-b6b8cb6674d2: GrpcService started, listening on 34337
2022-03-12 14:25:33,289 [EndpointStateMachine task thread for /0.0.0.0:37097 - 0 ] INFO  ratis.XceiverServerRatis (XceiverServerRatis.java:getRealPort(508)) - XceiverServerRatis f8b47a51-d582-4728-836c-b6b8cb6674d2 is started using port 34337 for RATIS
2022-03-12 14:25:33,289 [EndpointStateMachine task thread for /0.0.0.0:37097 - 0 ] INFO  ratis.XceiverServerRatis (XceiverServerRatis.java:getRealPort(508)) - XceiverServerRatis f8b47a51-d582-4728-836c-b6b8cb6674d2 is started using port 34337 for RATIS_ADMIN
2022-03-12 14:25:33,289 [EndpointStateMachine task thread for /0.0.0.0:37097 - 0 ] INFO  ratis.XceiverServerRatis (XceiverServerRatis.java:getRealPort(508)) - XceiverServerRatis f8b47a51-d582-4728-836c-b6b8cb6674d2 is started using port 34337 for RATIS_SERVER
2022-03-12 14:25:33,289 [org.apache.ratis.util.JvmPauseMonitor$$Lambda$431/253481993@1fa3cd59] INFO  util.JvmPauseMonitor (JvmPauseMonitor.java:run(103)) - JvmPauseMonitor-f8b47a51-d582-4728-836c-b6b8cb6674d2: Started
2022-03-12 14:25:33,295 [EndpointStateMachine task thread for /0.0.0.0:37097 - 0 ] INFO  server.XceiverServerGrpc (XceiverServerGrpc.java:start(180)) - XceiverServerGrpc f8b47a51-d582-4728-836c-b6b8cb6674d2 is started using port 35733
2022-03-12 14:25:34,258 [Listener at 127.0.0.1/33353] INFO  ozone.MiniOzoneClusterImpl (MiniOzoneClusterImpl.java:lambda$waitForClusterToBeReady$0(219)) - Waiting for nodes to be ready. Got 0 of 3 DN Heartbeats.
2022-03-12 14:25:34,258 [Listener at 127.0.0.1/33353] INFO  ozone.MiniOzoneClusterImpl (MiniOzoneClusterImpl.java:lambda$waitForClusterToBeReady$0(222)) - Waiting for cluster to exit safe mode
2022-03-12 14:25:34,258 [Listener at 127.0.0.1/33353] INFO  ozone.MiniOzoneClusterImpl (MiniOzoneClusterImpl.java:lambda$waitForClusterToBeReady$0(224)) - SCM became leader
2022-03-12 14:25:34,639 [IPC Server handler 1 on default port 37097] INFO  net.NetworkTopologyImpl (NetworkTopologyImpl.java:add(112)) - Added a new node: /default-rack/d4fb544e-91d6-444d-a862-ad6d9a9779bb
2022-03-12 14:25:34,639 [IPC Server handler 1 on default port 37097] INFO  node.SCMNodeManager (SCMNodeManager.java:register(391)) - Registered Data node : d4fb544e-91d6-444d-a862-ad6d9a9779bb{ip: 10.1.0.8, host: fv-az297-111.nmf1rxwemy4u5di1sxxf4ejcwb.jx.internal.cloudapp.net, ports: [REPLICATION=42207, RATIS=36501, RATIS_ADMIN=36501, RATIS_SERVER=36501, STANDALONE=35667], networkLocation: /default-rack, certSerialId: null, persistedOpState: null, persistedOpStateExpiryEpochSec: 0}
2022-03-12 14:25:34,640 [EventQueue-NewNodeForNewNodeHandler] INFO  pipeline.BackgroundPipelineCreator (BackgroundPipelineCreator.java:notifyEventTriggered(285)) - trigger a one-shot run on RatisPipelineUtilsThread.
2022-03-12 14:25:34,641 [RatisPipelineUtilsThread - 0] INFO  pipeline.RatisPipelineProvider (RatisPipelineProvider.java:lambda$create$0(183)) - Sending CreatePipelineCommand for pipeline:PipelineID=8c06a477-57b0-4147-bb6e-baf98d51e095 to datanode:d4fb544e-91d6-444d-a862-ad6d9a9779bb
2022-03-12 14:25:34,642 [EventQueue-NodeRegistrationContainerReportForDataNodeSafeModeRule] INFO  safemode.SCMSafeModeManager (DataNodeSafeModeRule.java:process(71)) - SCM in safe mode. 1 DataNodes registered, 3 required.
2022-03-12 14:25:34,653 [EventQueue-NodeRegistrationContainerReportForContainerSafeModeRule] INFO  safemode.SCMSafeModeManager (SCMSafeModeManager.java:validateSafeModeExitRules(204)) - ContainerSafeModeRule rule is successfully validated
2022-03-12 14:25:34,660 [EventQueue-PipelineReportForOneReplicaPipelineSafeModeRule] INFO  safemode.SCMSafeModeManager (SCMSafeModeManager.java:validateSafeModeExitRules(204)) - AtleastOneDatanodeReportedRule rule is successfully validated
2022-03-12 14:25:34,667 [aecb911e-51ce-44d3-bc8f-bb6a71cbbcf4@group-96E951A72C81-StateMachineUpdater] INFO  pipeline.PipelineStateManagerImpl (PipelineStateManagerImpl.java:addPipeline(101)) - Created pipeline Pipeline[ Id: 8c06a477-57b0-4147-bb6e-baf98d51e095, Nodes: d4fb544e-91d6-444d-a862-ad6d9a9779bb{ip: 10.1.0.8, host: fv-az297-111.nmf1rxwemy4u5di1sxxf4ejcwb.jx.internal.cloudapp.net, ports: [REPLICATION=42207, RATIS=36501, RATIS_ADMIN=36501, RATIS_SERVER=36501, STANDALONE=35667], networkLocation: /default-rack, certSerialId: null, persistedOpState: IN_SERVICE, persistedOpStateExpiryEpochSec: 0}, ReplicationConfig: RATIS/ONE, State:ALLOCATED, leaderId:, CreationTimestamp2022-03-12T14:25:34.641Z[Etc/UTC]].
2022-03-12 14:25:34,668 [aecb911e-51ce-44d3-bc8f-bb6a71cbbcf4@group-96E951A72C81-StateMachineUpdater] INFO  safemode.HealthyPipelineSafeModeRule (HealthyPipelineSafeModeRule.java:initializeRule(152)) - Refreshed total pipeline count is 0, healthy pipeline threshold count is 1
2022-03-12 14:25:35,025 [IPC Server handler 17 on default port 37097] INFO  net.NetworkTopologyImpl (NetworkTopologyImpl.java:add(112)) - Added a new node: /default-rack/0367229f-3e47-487a-a81f-dafd2c48bc0a
2022-03-12 14:25:35,026 [IPC Server handler 17 on default port 37097] INFO  node.SCMNodeManager (SCMNodeManager.java:register(391)) - Registered Data node : 0367229f-3e47-487a-a81f-dafd2c48bc0a{ip: 10.1.0.8, host: fv-az297-111.nmf1rxwemy4u5di1sxxf4ejcwb.jx.internal.cloudapp.net, ports: [REPLICATION=33349, RATIS=38083, RATIS_ADMIN=38083, RATIS_SERVER=38083, STANDALONE=35485], networkLocation: /default-rack, certSerialId: null, persistedOpState: null, persistedOpStateExpiryEpochSec: 0}
2022-03-12 14:25:35,026 [EventQueue-NewNodeForNewNodeHandler] INFO  pipeline.BackgroundPipelineCreator (BackgroundPipelineCreator.java:notifyEventTriggered(285)) - trigger a one-shot run on RatisPipelineUtilsThread.
2022-03-12 14:25:35,027 [EventQueue-NodeRegistrationContainerReportForDataNodeSafeModeRule] INFO  safemode.SCMSafeModeManager (DataNodeSafeModeRule.java:process(71)) - SCM in safe mode. 2 DataNodes registered, 3 required.
2022-03-12 14:25:35,029 [RatisPipelineUtilsThread - 0] INFO  pipeline.RatisPipelineProvider (RatisPipelineProvider.java:lambda$create$0(183)) - Sending CreatePipelineCommand for pipeline:PipelineID=82d9d219-8982-44c6-a959-a8783ecace45 to datanode:0367229f-3e47-487a-a81f-dafd2c48bc0a
2022-03-12 14:25:35,031 [aecb911e-51ce-44d3-bc8f-bb6a71cbbcf4@group-96E951A72C81-StateMachineUpdater] INFO  pipeline.PipelineStateManagerImpl (PipelineStateManagerImpl.java:addPipeline(101)) - Created pipeline Pipeline[ Id: 82d9d219-8982-44c6-a959-a8783ecace45, Nodes: 0367229f-3e47-487a-a81f-dafd2c48bc0a{ip: 10.1.0.8, host: fv-az297-111.nmf1rxwemy4u5di1sxxf4ejcwb.jx.internal.cloudapp.net, ports: [REPLICATION=33349, RATIS=38083, RATIS_ADMIN=38083, RATIS_SERVER=38083, STANDALONE=35485], networkLocation: /default-rack, certSerialId: null, persistedOpState: IN_SERVICE, persistedOpStateExpiryEpochSec: 0}, ReplicationConfig: RATIS/ONE, State:ALLOCATED, leaderId:, CreationTimestamp2022-03-12T14:25:35.029Z[Etc/UTC]].
2022-03-12 14:25:35,031 [aecb911e-51ce-44d3-bc8f-bb6a71cbbcf4@group-96E951A72C81-StateMachineUpdater] INFO  safemode.HealthyPipelineSafeModeRule (HealthyPipelineSafeModeRule.java:initializeRule(152)) - Refreshed total pipeline count is 0, healthy pipeline threshold count is 1
2022-03-12 14:25:35,258 [Listener at 127.0.0.1/33353] INFO  ozone.MiniOzoneClusterImpl (MiniOzoneClusterImpl.java:lambda$waitForClusterToBeReady$0(219)) - Waiting for nodes to be ready. Got 2 of 3 DN Heartbeats.
2022-03-12 14:25:35,259 [Listener at 127.0.0.1/33353] INFO  ozone.MiniOzoneClusterImpl (MiniOzoneClusterImpl.java:lambda$waitForClusterToBeReady$0(222)) - Waiting for cluster to exit safe mode
2022-03-12 14:25:35,259 [Listener at 127.0.0.1/33353] INFO  ozone.MiniOzoneClusterImpl (MiniOzoneClusterImpl.java:lambda$waitForClusterToBeReady$0(224)) - SCM became leader
2022-03-12 14:25:35,270 [IPC Server handler 0 on default port 37097] INFO  net.NetworkTopologyImpl (NetworkTopologyImpl.java:add(112)) - Added a new node: /default-rack/f8b47a51-d582-4728-836c-b6b8cb6674d2
2022-03-12 14:25:35,271 [IPC Server handler 0 on default port 37097] INFO  node.SCMNodeManager (SCMNodeManager.java:register(391)) - Registered Data node : f8b47a51-d582-4728-836c-b6b8cb6674d2{ip: 10.1.0.8, host: fv-az297-111.nmf1rxwemy4u5di1sxxf4ejcwb.jx.internal.cloudapp.net, ports: [REPLICATION=46449, RATIS=34337, RATIS_ADMIN=34337, RATIS_SERVER=34337, STANDALONE=35733], networkLocation: /default-rack, certSerialId: null, persistedOpState: null, persistedOpStateExpiryEpochSec: 0}
2022-03-12 14:25:35,271 [EventQueue-NewNodeForNewNodeHandler] INFO  pipeline.BackgroundPipelineCreator (BackgroundPipelineCreator.java:notifyEventTriggered(285)) - trigger a one-shot run on RatisPipelineUtilsThread.
2022-03-12 14:25:35,272 [EventQueue-NodeRegistrationContainerReportForDataNodeSafeModeRule] INFO  safemode.SCMSafeModeManager (DataNodeSafeModeRule.java:process(71)) - SCM in safe mode. 3 DataNodes registered, 3 required.
2022-03-12 14:25:35,272 [EventQueue-NodeRegistrationContainerReportForDataNodeSafeModeRule] INFO  safemode.SCMSafeModeManager (SCMSafeModeManager.java:validateSafeModeExitRules(204)) - DataNodeSafeModeRule rule is successfully validated
2022-03-12 14:25:35,272 [EventQueue-NodeRegistrationContainerReportForDataNodeSafeModeRule] INFO  safemode.SCMSafeModeManager (SCMSafeModeManager.java:completePreCheck(233)) - All SCM safe mode pre check rules have passed
2022-03-12 14:25:35,272 [EventQueue-NodeRegistrationContainerReportForDataNodeSafeModeRule] WARN  events.EventQueue (EventQueue.java:fireEvent(194)) - No event handler registered for event TypedEvent{payloadType=SafeModeStatus, name='Safe mode status'}
2022-03-12 14:25:35,272 [EventQueue-NodeRegistrationContainerReportForDataNodeSafeModeRule] INFO  ha.SCMContext (SCMContext.java:updateSafeModeStatus(211)) - Update SafeModeStatus from SafeModeStatus{safeModeStatus=true, preCheckPassed=false} to SafeModeStatus{safeModeStatus=true, preCheckPassed=true}.
2022-03-12 14:25:35,272 [EventQueue-NodeRegistrationContainerReportForDataNodeSafeModeRule] INFO  pipeline.BackgroundPipelineCreator (BackgroundPipelineCreator.java:notifyEventTriggered(285)) - trigger a one-shot run on RatisPipelineUtilsThread.
2022-03-12 14:25:35,273 [RatisPipelineUtilsThread - 0] INFO  pipeline.RatisPipelineProvider (RatisPipelineProvider.java:lambda$create$0(183)) - Sending CreatePipelineCommand for pipeline:PipelineID=6bbd408a-315a-4618-b37a-cdbe3b011f1c to datanode:f8b47a51-d582-4728-836c-b6b8cb6674d2
2022-03-12 14:25:35,275 [aecb911e-51ce-44d3-bc8f-bb6a71cbbcf4@group-96E951A72C81-StateMachineUpdater] INFO  pipeline.PipelineStateManagerImpl (PipelineStateManagerImpl.java:addPipeline(101)) - Created pipeline Pipeline[ Id: 6bbd408a-315a-4618-b37a-cdbe3b011f1c, Nodes: f8b47a51-d582-4728-836c-b6b8cb6674d2{ip: 10.1.0.8, host: fv-az297-111.nmf1rxwemy4u5di1sxxf4ejcwb.jx.internal.cloudapp.net, ports: [REPLICATION=46449, RATIS=34337, RATIS_ADMIN=34337, RATIS_SERVER=34337, STANDALONE=35733], networkLocation: /default-rack, certSerialId: null, persistedOpState: IN_SERVICE, persistedOpStateExpiryEpochSec: 0}, ReplicationConfig: RATIS/ONE, State:ALLOCATED, leaderId:, CreationTimestamp2022-03-12T14:25:35.273Z[Etc/UTC]].
2022-03-12 14:25:35,275 [aecb911e-51ce-44d3-bc8f-bb6a71cbbcf4@group-96E951A72C81-StateMachineUpdater] INFO  safemode.HealthyPipelineSafeModeRule (HealthyPipelineSafeModeRule.java:initializeRule(152)) - Refreshed total pipeline count is 0, healthy pipeline threshold count is 1
2022-03-12 14:25:35,279 [RatisPipelineUtilsThread - 0] INFO  pipeline.RatisPipelineProvider (RatisPipelineProvider.java:lambda$create$0(183)) - Sending CreatePipelineCommand for pipeline:PipelineID=8db74e3c-1381-4571-927b-1b7447cb48d6 to datanode:0367229f-3e47-487a-a81f-dafd2c48bc0a
2022-03-12 14:25:35,281 [RatisPipelineUtilsThread - 0] INFO  pipeline.RatisPipelineProvider (RatisPipelineProvider.java:lambda$create$0(183)) - Sending CreatePipelineCommand for pipeline:PipelineID=8db74e3c-1381-4571-927b-1b7447cb48d6 to datanode:d4fb544e-91d6-444d-a862-ad6d9a9779bb
2022-03-12 14:25:35,281 [RatisPipelineUtilsThread - 0] INFO  pipeline.RatisPipelineProvider (RatisPipelineProvider.java:lambda$create$0(183)) - Sending CreatePipelineCommand for pipeline:PipelineID=8db74e3c-1381-4571-927b-1b7447cb48d6 to datanode:f8b47a51-d582-4728-836c-b6b8cb6674d2
2022-03-12 14:25:35,284 [aecb911e-51ce-44d3-bc8f-bb6a71cbbcf4@group-96E951A72C81-StateMachineUpdater] INFO  pipeline.PipelineStateManagerImpl (PipelineStateManagerImpl.java:addPipeline(101)) - Created pipeline Pipeline[ Id: 8db74e3c-1381-4571-927b-1b7447cb48d6, Nodes: 0367229f-3e47-487a-a81f-dafd2c48bc0a{ip: 10.1.0.8, host: fv-az297-111.nmf1rxwemy4u5di1sxxf4ejcwb.jx.internal.cloudapp.net, ports: [REPLICATION=33349, RATIS=38083, RATIS_ADMIN=38083, RATIS_SERVER=38083, STANDALONE=35485], networkLocation: /default-rack, certSerialId: null, persistedOpState: IN_SERVICE, persistedOpStateExpiryEpochSec: 0}d4fb544e-91d6-444d-a862-ad6d9a9779bb{ip: 10.1.0.8, host: fv-az297-111.nmf1rxwemy4u5di1sxxf4ejcwb.jx.internal.cloudapp.net, ports: [REPLICATION=42207, RATIS=36501, RATIS_ADMIN=36501, RATIS_SERVER=36501, STANDALONE=35667], networkLocation: /default-rack, certSerialId: null, persistedOpState: IN_SERVICE, persistedOpStateExpiryEpochSec: 0}f8b47a51-d582-4728-836c-b6b8cb6674d2{ip: 10.1.0.8, host: fv-az297-111.nmf1rxwemy4u5di1sxxf4ejcwb.jx.internal.cloudapp.net, ports: [REPLICATION=46449, RATIS=34337, RATIS_ADMIN=34337, RATIS_SERVER=34337, STANDALONE=35733], networkLocation: /default-rack, certSerialId: null, persistedOpState: IN_SERVICE, persistedOpStateExpiryEpochSec: 0}, ReplicationConfig: RATIS/THREE, State:ALLOCATED, leaderId:, CreationTimestamp2022-03-12T14:25:35.279Z[Etc/UTC]].
2022-03-12 14:25:35,285 [aecb911e-51ce-44d3-bc8f-bb6a71cbbcf4@group-96E951A72C81-StateMachineUpdater] INFO  safemode.HealthyPipelineSafeModeRule (HealthyPipelineSafeModeRule.java:initializeRule(152)) - Refreshed total pipeline count is 0, healthy pipeline threshold count is 1
2022-03-12 14:25:36,260 [Listener at 127.0.0.1/33353] INFO  ozone.MiniOzoneClusterImpl (MiniOzoneClusterImpl.java:lambda$waitForClusterToBeReady$0(219)) - Nodes are ready. Got 3 of 3 DN Heartbeats.
2022-03-12 14:25:36,261 [Listener at 127.0.0.1/33353] INFO  ozone.MiniOzoneClusterImpl (MiniOzoneClusterImpl.java:lambda$waitForClusterToBeReady$0(222)) - Waiting for cluster to exit safe mode
2022-03-12 14:25:36,261 [Listener at 127.0.0.1/33353] INFO  ozone.MiniOzoneClusterImpl (MiniOzoneClusterImpl.java:lambda$waitForClusterToBeReady$0(224)) - SCM became leader
2022-03-12 14:25:37,261 [Listener at 127.0.0.1/33353] INFO  ozone.MiniOzoneClusterImpl (MiniOzoneClusterImpl.java:lambda$waitForClusterToBeReady$0(219)) - Nodes are ready. Got 3 of 3 DN Heartbeats.
2022-03-12 14:25:37,261 [Listener at 127.0.0.1/33353] INFO  ozone.MiniOzoneClusterImpl (MiniOzoneClusterImpl.java:lambda$waitForClusterToBeReady$0(222)) - Waiting for cluster to exit safe mode
2022-03-12 14:25:37,261 [Listener at 127.0.0.1/33353] INFO  ozone.MiniOzoneClusterImpl (MiniOzoneClusterImpl.java:lambda$waitForClusterToBeReady$0(224)) - SCM became leader
2022-03-12 14:25:37,649 [Command processor thread] INFO  server.RaftServer (RaftServerProxy.java:addNew(95)) - d4fb544e-91d6-444d-a862-ad6d9a9779bb: addNew group-BAF98D51E095:[d4fb544e-91d6-444d-a862-ad6d9a9779bb|rpc:10.1.0.8:36501|priority:1] returns group-BAF98D51E095:java.util.concurrent.CompletableFuture@af8c4f5[Not completed]
2022-03-12 14:25:37,674 [pool-151-thread-1] INFO  server.RaftServer$Division (RaftServerImpl.java:<init>(184)) - d4fb544e-91d6-444d-a862-ad6d9a9779bb: new RaftServerImpl for group-BAF98D51E095:[d4fb544e-91d6-444d-a862-ad6d9a9779bb|rpc:10.1.0.8:36501|priority:1] with ContainerStateMachine:uninitialized
2022-03-12 14:25:37,676 [pool-151-thread-1] INFO  server.RaftServerConfigKeys (ConfUtils.java:logGet(44)) - raft.server.rpc.timeout.min = 5s (custom)
2022-03-12 14:25:37,677 [pool-151-thread-1] INFO  server.RaftServerConfigKeys (ConfUtils.java:logGet(44)) - raft.server.rpc.timeout.max = 5200ms (custom)
2022-03-12 14:25:37,677 [pool-151-thread-1] INFO  server.RaftServerConfigKeys (ConfUtils.java:logGet(44)) - raft.server.rpc.sleep.time = 25ms (default)
2022-03-12 14:25:37,677 [pool-151-thread-1] INFO  server.RaftServerConfigKeys (ConfUtils.java:logGet(44)) - raft.server.rpc.slowness.timeout = 300s (custom)
2022-03-12 14:25:37,677 [pool-151-thread-1] INFO  server.RaftServerConfigKeys (ConfUtils.java:logGet(44)) - raft.server.leaderelection.leader.step-down.wait-time = 10s (default)
2022-03-12 14:25:37,677 [pool-151-thread-1] INFO  server.RaftServerConfigKeys (ConfUtils.java:logGet(44)) - raft.server.sleep.deviation.threshold = 300ms (default)
2022-03-12 14:25:37,677 [pool-151-thread-1] INFO  server.RaftServerConfigKeys (ConfUtils.java:logGet(44)) - raft.server.log.appender.install.snapshot.enabled = false (custom)
2022-03-12 14:25:37,677 [pool-151-thread-1] INFO  server.RaftServer$Division (ServerState.java:<init>(105)) - d4fb544e-91d6-444d-a862-ad6d9a9779bb@group-BAF98D51E095: ConfigurationManager, init=-1: [d4fb544e-91d6-444d-a862-ad6d9a9779bb|rpc:10.1.0.8:36501|priority:1], old=null, confs=<EMPTY_MAP>
2022-03-12 14:25:37,677 [pool-151-thread-1] INFO  server.RaftServerConfigKeys (ConfUtils.java:logGet(44)) - raft.server.storage.dir = [/home/runner/work/ozone/ozone/hadoop-ozone/integration-test/target/test-dir/MiniOzoneClusterImpl-f5f50f7a-5524-4be5-b9ff-96e951a72c81/datanode-0/data/ratis] (custom)
2022-03-12 14:25:37,677 [pool-151-thread-1] INFO  server.RaftServerConfigKeys (ConfUtils.java:logGet(44)) - raft.server.log.corruption.policy = EXCEPTION (default)
2022-03-12 14:25:37,677 [pool-151-thread-1] INFO  server.RaftServerConfigKeys (ConfUtils.java:logGet(44)) - raft.server.storage.free-space.min = 0MB (=0) (default)
2022-03-12 14:25:37,677 [pool-151-thread-1] INFO  storage.RaftStorageDirectory (RaftStorageDirectoryImpl.java:analyzeStorage(135)) - The storage directory /home/runner/work/ozone/ozone/hadoop-ozone/integration-test/target/test-dir/MiniOzoneClusterImpl-f5f50f7a-5524-4be5-b9ff-96e951a72c81/datanode-0/data/ratis/8c06a477-57b0-4147-bb6e-baf98d51e095 does not exist. Creating ...
2022-03-12 14:25:37,679 [pool-151-thread-1] INFO  storage.RaftStorageDirectory (RaftStorageDirectoryImpl.java:tryLock(230)) - Lock on /home/runner/work/ozone/ozone/hadoop-ozone/integration-test/target/test-dir/MiniOzoneClusterImpl-f5f50f7a-5524-4be5-b9ff-96e951a72c81/datanode-0/data/ratis/8c06a477-57b0-4147-bb6e-baf98d51e095/in_use.lock acquired by nodename 10814@fv-az297-111
2022-03-12 14:25:37,680 [pool-151-thread-1] INFO  storage.RaftStorage (RaftStorageImpl.java:format(89)) - Storage directory /home/runner/work/ozone/ozone/hadoop-ozone/integration-test/target/test-dir/MiniOzoneClusterImpl-f5f50f7a-5524-4be5-b9ff-96e951a72c81/datanode-0/data/ratis/8c06a477-57b0-4147-bb6e-baf98d51e095 has been successfully formatted.
2022-03-12 14:25:37,684 [pool-151-thread-1] INFO  ratis.ContainerStateMachine (ContainerStateMachine.java:loadSnapshot(236)) - group-BAF98D51E095: The snapshot info is null. Setting the last applied indexto:(t:0, i:~)
2022-03-12 14:25:37,684 [pool-151-thread-1] INFO  server.RaftServerConfigKeys (ConfUtils.java:logGet(44)) - raft.server.notification.no-leader.timeout = 300s (custom)
2022-03-12 14:25:37,684 [pool-151-thread-1] INFO  server.RaftServerConfigKeys (ConfUtils.java:logGet(44)) - raft.server.log.use.memory = false (default)
2022-03-12 14:25:37,684 [pool-151-thread-1] INFO  server.RaftServerConfigKeys (ConfUtils.java:logGet(44)) - raft.server.log.purge.gap = 1000000 (custom)
2022-03-12 14:25:37,684 [pool-151-thread-1] INFO  server.RaftServerConfigKeys (ConfUtils.java:logGet(44)) - raft.server.log.appender.buffer.byte-limit = 33554432 (custom)
2022-03-12 14:25:37,685 [pool-151-thread-1] INFO  server.RaftServerConfigKeys (ConfUtils.java:logGet(44)) - raft.server.log.segment.size.max = 1048576 (custom)
2022-03-12 14:25:37,685 [pool-151-thread-1] INFO  server.RaftServerConfigKeys (ConfUtils.java:logGet(44)) - raft.server.log.segment.cache.num.max = 2 (custom)
2022-03-12 14:25:37,685 [pool-151-thread-1] INFO  server.RaftServerConfigKeys (ConfUtils.java:logGet(44)) - raft.server.log.segment.cache.size.max = 200MB (=209715200) (default)
2022-03-12 14:25:37,685 [pool-151-thread-1] INFO  segmented.SegmentedRaftLogWorker (SegmentedRaftLogWorker.java:<init>(182)) - new d4fb544e-91d6-444d-a862-ad6d9a9779bb@group-BAF98D51E095-SegmentedRaftLogWorker for RaftStorageImpl:Storage Directory /home/runner/work/ozone/ozone/hadoop-ozone/integration-test/target/test-dir/MiniOzoneClusterImpl-f5f50f7a-5524-4be5-b9ff-96e951a72c81/datanode-0/data/ratis/8c06a477-57b0-4147-bb6e-baf98d51e095
2022-03-12 14:25:37,685 [pool-151-thread-1] INFO  server.RaftServerConfigKeys (ConfUtils.java:logGet(44)) - raft.server.log.queue.byte-limit = 4294967296 (custom)
2022-03-12 14:25:37,686 [pool-151-thread-1] INFO  server.RaftServerConfigKeys (ConfUtils.java:logGet(44)) - raft.server.log.queue.element-limit = 1024 (custom)
2022-03-12 14:25:37,686 [pool-151-thread-1] INFO  server.RaftServerConfigKeys (ConfUtils.java:logGet(44)) - raft.server.log.segment.size.max = 1048576 (custom)
2022-03-12 14:25:37,686 [pool-151-thread-1] INFO  server.RaftServerConfigKeys (ConfUtils.java:logGet(44)) - raft.server.log.preallocated.size = 16384 (custom)
2022-03-12 14:25:37,686 [pool-151-thread-1] INFO  server.RaftServerConfigKeys (ConfUtils.java:logGet(44)) - raft.server.log.force.sync.num = 128 (default)
2022-03-12 14:25:37,686 [pool-151-thread-1] INFO  server.RaftServerConfigKeys (ConfUtils.java:logGet(44)) - raft.server.log.statemachine.data.sync = true (default)
2022-03-12 14:25:37,686 [pool-151-thread-1] INFO  server.RaftServerConfigKeys (ConfUtils.java:logGet(44)) - raft.server.log.statemachine.data.sync.timeout = 10s (default)
2022-03-12 14:25:37,686 [pool-151-thread-1] INFO  server.RaftServerConfigKeys (ConfUtils.java:logGet(44)) - raft.server.log.statemachine.data.sync.timeout.retry = -1 (default)
2022-03-12 14:25:37,687 [pool-151-thread-1] INFO  server.RaftServerConfigKeys (ConfUtils.java:logGet(44)) - raft.server.log.write.buffer.size = 1048576 (custom)
2022-03-12 14:25:37,693 [pool-151-thread-1] INFO  server.RaftServerConfigKeys (ConfUtils.java:logGet(44)) - raft.server.log.statemachine.data.caching.enabled = true (custom)
2022-03-12 14:25:37,693 [pool-151-thread-1] INFO  segmented.SegmentedRaftLogWorker (SegmentedRaftLogWorker.java:lambda$new$0(133)) - d4fb544e-91d6-444d-a862-ad6d9a9779bb@group-BAF98D51E095-SegmentedRaftLogWorker: flushIndex: setUnconditionally 0 -> -1
2022-03-12 14:25:37,693 [pool-151-thread-1] INFO  segmented.SegmentedRaftLogWorker (SegmentedRaftLogWorker.java:lambda$new$0(133)) - d4fb544e-91d6-444d-a862-ad6d9a9779bb@group-BAF98D51E095-SegmentedRaftLogWorker: safeCacheEvictIndex: setUnconditionally 0 -> -1
2022-03-12 14:25:37,704 [pool-151-thread-1] INFO  server.RaftServerConfigKeys (ConfUtils.java:logGet(44)) - raft.server.snapshot.auto.trigger.enabled = true (custom)
2022-03-12 14:25:37,704 [pool-151-thread-1] INFO  server.RaftServerConfigKeys (ConfUtils.java:logGet(44)) - raft.server.snapshot.auto.trigger.threshold = 10000 (custom)
2022-03-12 14:25:37,704 [pool-151-thread-1] INFO  server.RaftServerConfigKeys (ConfUtils.java:logGet(44)) - raft.server.snapshot.retention.file.num = 5 (custom)
2022-03-12 14:25:37,704 [pool-151-thread-1] INFO  server.RaftServerConfigKeys (ConfUtils.java:logGet(44)) - raft.server.log.purge.upto.snapshot.index = false (default)
2022-03-12 14:25:37,704 [pool-151-thread-1] INFO  server.RaftServerConfigKeys (ConfUtils.java:logGet(44)) - raft.server.retrycache.expirytime = 600000ms (custom)
2022-03-12 14:25:37,704 [pool-151-thread-1] INFO  server.RaftServerConfigKeys (ConfUtils.java:logGet(44)) - raft.server.retrycache.statistics.expirytime = 100μs (default)
2022-03-12 14:25:37,711 [pool-151-thread-1] INFO  server.RaftServer$Division (RaftServerImpl.java:start(301)) - d4fb544e-91d6-444d-a862-ad6d9a9779bb@group-BAF98D51E095: start as a follower, conf=-1: [d4fb544e-91d6-444d-a862-ad6d9a9779bb|rpc:10.1.0.8:36501|priority:1], old=null
2022-03-12 14:25:37,712 [pool-151-thread-1] INFO  server.RaftServer$Division (RaftServerImpl.java:setRole(290)) - d4fb544e-91d6-444d-a862-ad6d9a9779bb@group-BAF98D51E095: changes role from      null to FOLLOWER at term 0 for startAsFollower
2022-03-12 14:25:37,714 [pool-151-thread-1] INFO  impl.RoleInfo (RoleInfo.java:updateAndGet(130)) - d4fb544e-91d6-444d-a862-ad6d9a9779bb: start d4fb544e-91d6-444d-a862-ad6d9a9779bb@group-BAF98D51E095-FollowerState
2022-03-12 14:25:37,711 [EventQueue-PipelineReportForPipelineReportHandler] INFO  pipeline.PipelineManagerImpl (PipelineManagerImpl.java:openPipeline(291)) - Pipeline Pipeline[ Id: 8c06a477-57b0-4147-bb6e-baf98d51e095, Nodes: d4fb544e-91d6-444d-a862-ad6d9a9779bb{ip: 10.1.0.8, host: fv-az297-111.nmf1rxwemy4u5di1sxxf4ejcwb.jx.internal.cloudapp.net, ports: [REPLICATION=42207, RATIS=36501, RATIS_ADMIN=36501, RATIS_SERVER=36501, STANDALONE=35667], networkLocation: /default-rack, certSerialId: null, persistedOpState: IN_SERVICE, persistedOpStateExpiryEpochSec: 0}, ReplicationConfig: RATIS/ONE, State:ALLOCATED, leaderId:d4fb544e-91d6-444d-a862-ad6d9a9779bb, CreationTimestamp2022-03-12T14:25:34.641Z[Etc/UTC]] moved to OPEN state
2022-03-12 14:25:37,732 [pool-151-thread-1] INFO  util.JmxRegister (JmxRegister.java:tryRegister(44)) - Successfully registered JMX Bean with object name Ratis:service=RaftServer,group=group-BAF98D51E095,id=d4fb544e-91d6-444d-a862-ad6d9a9779bb
2022-03-12 14:25:37,737 [aecb911e-51ce-44d3-bc8f-bb6a71cbbcf4@group-96E951A72C81-StateMachineUpdater] INFO  safemode.HealthyPipelineSafeModeRule (HealthyPipelineSafeModeRule.java:initializeRule(152)) - Refreshed total pipeline count is 0, healthy pipeline threshold count is 1
2022-03-12 14:25:37,739 [Command processor thread] INFO  ratis.XceiverServerRatis (XceiverServerRatis.java:addGroup(771)) - Created group PipelineID=8c06a477-57b0-4147-bb6e-baf98d51e095
2022-03-12 14:25:37,741 [Command processor thread] INFO  commandhandler.CreatePipelineCommandHandler (CreatePipelineCommandHandler.java:handle(106)) - Created Pipeline RATIS ONE PipelineID=8c06a477-57b0-4147-bb6e-baf98d51e095.
2022-03-12 14:25:37,741 [Command processor thread] INFO  server.RaftServer (RaftServerProxy.java:addNew(95)) - d4fb544e-91d6-444d-a862-ad6d9a9779bb: addNew group-1B7447CB48D6:[0367229f-3e47-487a-a81f-dafd2c48bc0a|rpc:10.1.0.8:38083|priority:1, d4fb544e-91d6-444d-a862-ad6d9a9779bb|rpc:10.1.0.8:36501|priority:0, f8b47a51-d582-4728-836c-b6b8cb6674d2|rpc:10.1.0.8:34337|priority:0] returns group-1B7447CB48D6:java.util.concurrent.CompletableFuture@6edc6c59[Not completed]
2022-03-12 14:25:37,744 [pool-151-thread-1] INFO  server.RaftServer$Division (RaftServerImpl.java:<init>(184)) - d4fb544e-91d6-444d-a862-ad6d9a9779bb: new RaftServerImpl for group-1B7447CB48D6:[0367229f-3e47-487a-a81f-dafd2c48bc0a|rpc:10.1.0.8:38083|priority:1, d4fb544e-91d6-444d-a862-ad6d9a9779bb|rpc:10.1.0.8:36501|priority:0, f8b47a51-d582-4728-836c-b6b8cb6674d2|rpc:10.1.0.8:34337|priority:0] with ContainerStateMachine:uninitialized
2022-03-12 14:25:37,744 [pool-151-thread-1] INFO  server.RaftServerConfigKeys (ConfUtils.java:logGet(44)) - raft.server.rpc.timeout.min = 5s (custom)
2022-03-12 14:25:37,744 [pool-151-thread-1] INFO  server.RaftServerConfigKeys (ConfUtils.java:logGet(44)) - raft.server.rpc.timeout.max = 5200ms (custom)
2022-03-12 14:25:37,744 [pool-151-thread-1] INFO  server.RaftServerConfigKeys (ConfUtils.java:logGet(44)) - raft.server.rpc.sleep.time = 25ms (default)
2022-03-12 14:25:37,744 [pool-151-thread-1] INFO  server.RaftServerConfigKeys (ConfUtils.java:logGet(44)) - raft.server.rpc.slowness.timeout = 300s (custom)
2022-03-12 14:25:37,744 [pool-151-thread-1] INFO  server.RaftServerConfigKeys (ConfUtils.java:logGet(44)) - raft.server.leaderelection.leader.step-down.wait-time = 10s (default)
2022-03-12 14:25:37,744 [pool-151-thread-1] INFO  server.RaftServerConfigKeys (ConfUtils.java:logGet(44)) - raft.server.sleep.deviation.threshold = 300ms (default)
2022-03-12 14:25:37,744 [pool-151-thread-1] INFO  server.RaftServerConfigKeys (ConfUtils.java:logGet(44)) - raft.server.log.appender.install.snapshot.enabled = false (custom)
2022-03-12 14:25:37,744 [pool-151-thread-1] INFO  server.RaftServer$Division (ServerState.java:<init>(105)) - d4fb544e-91d6-444d-a862-ad6d9a9779bb@group-1B7447CB48D6: ConfigurationManager, init=-1: [0367229f-3e47-487a-a81f-dafd2c48bc0a|rpc:10.1.0.8:38083|priority:1, d4fb544e-91d6-444d-a862-ad6d9a9779bb|rpc:10.1.0.8:36501|priority:0, f8b47a51-d582-4728-836c-b6b8cb6674d2|rpc:10.1.0.8:34337|priority:0], old=null, confs=<EMPTY_MAP>
2022-03-12 14:25:37,745 [pool-151-thread-1] INFO  server.RaftServerConfigKeys (ConfUtils.java:logGet(44)) - raft.server.storage.dir = [/home/runner/work/ozone/ozone/hadoop-ozone/integration-test/target/test-dir/MiniOzoneClusterImpl-f5f50f7a-5524-4be5-b9ff-96e951a72c81/datanode-0/data/ratis] (custom)
2022-03-12 14:25:37,745 [pool-151-thread-1] INFO  server.RaftServerConfigKeys (ConfUtils.java:logGet(44)) - raft.server.log.corruption.policy = EXCEPTION (default)
2022-03-12 14:25:37,745 [pool-151-thread-1] INFO  server.RaftServerConfigKeys (ConfUtils.java:logGet(44)) - raft.server.storage.free-space.min = 0MB (=0) (default)
2022-03-12 14:25:37,745 [pool-151-thread-1] INFO  storage.RaftStorageDirectory (RaftStorageDirectoryImpl.java:analyzeStorage(135)) - The storage directory /home/runner/work/ozone/ozone/hadoop-ozone/integration-test/target/test-dir/MiniOzoneClusterImpl-f5f50f7a-5524-4be5-b9ff-96e951a72c81/datanode-0/data/ratis/8db74e3c-1381-4571-927b-1b7447cb48d6 does not exist. Creating ...
2022-03-12 14:25:37,747 [pool-151-thread-1] INFO  storage.RaftStorageDirectory (RaftStorageDirectoryImpl.java:tryLock(230)) - Lock on /home/runner/work/ozone/ozone/hadoop-ozone/integration-test/target/test-dir/MiniOzoneClusterImpl-f5f50f7a-5524-4be5-b9ff-96e951a72c81/datanode-0/data/ratis/8db74e3c-1381-4571-927b-1b7447cb48d6/in_use.lock acquired by nodename 10814@fv-az297-111
2022-03-12 14:25:37,748 [pool-151-thread-1] INFO  storage.RaftStorage (RaftStorageImpl.java:format(89)) - Storage directory /home/runner/work/ozone/ozone/hadoop-ozone/integration-test/target/test-dir/MiniOzoneClusterImpl-f5f50f7a-5524-4be5-b9ff-96e951a72c81/datanode-0/data/ratis/8db74e3c-1381-4571-927b-1b7447cb48d6 has been successfully formatted.
2022-03-12 14:25:37,752 [pool-151-thread-1] INFO  ratis.ContainerStateMachine (ContainerStateMachine.java:loadSnapshot(236)) - group-1B7447CB48D6: The snapshot info is null. Setting the last applied indexto:(t:0, i:~)
2022-03-12 14:25:37,759 [pool-151-thread-1] INFO  server.RaftServerConfigKeys (ConfUtils.java:logGet(44)) - raft.server.notification.no-leader.timeout = 300s (custom)
2022-03-12 14:25:37,760 [pool-151-thread-1] INFO  server.RaftServerConfigKeys (ConfUtils.java:logGet(44)) - raft.server.log.use.memory = false (default)
2022-03-12 14:25:37,760 [pool-151-thread-1] INFO  server.RaftServerConfigKeys (ConfUtils.java:logGet(44)) - raft.server.log.purge.gap = 1000000 (custom)
2022-03-12 14:25:37,760 [pool-151-thread-1] INFO  server.RaftServerConfigKeys (ConfUtils.java:logGet(44)) - raft.server.log.appender.buffer.byte-limit = 33554432 (custom)
2022-03-12 14:25:37,760 [EventQueue-OpenPipelineForHealthyPipelineSafeModeRule] INFO  safemode.SCMSafeModeManager (HealthyPipelineSafeModeRule.java:process(124)) - SCM in safe mode. Healthy pipelines reported count is 0, required healthy pipeline reported count is 1
2022-03-12 14:25:37,761 [EventQueue-OpenPipelineForHealthyPipelineSafeModeRule] INFO  safemode.SCMSafeModeManager (HealthyPipelineSafeModeRule.java:process(124)) - SCM in safe mode. Healthy pipelines reported count is 0, required healthy pipeline reported count is 1
2022-03-12 14:25:37,760 [pool-151-thread-1] INFO  server.RaftServerConfigKeys (ConfUtils.java:logGet(44)) - raft.server.log.segment.size.max = 1048576 (custom)
2022-03-12 14:25:37,762 [pool-151-thread-1] INFO  server.RaftServerConfigKeys (ConfUtils.java:logGet(44)) - raft.server.log.segment.cache.num.max = 2 (custom)
2022-03-12 14:25:37,762 [pool-151-thread-1] INFO  server.RaftServerConfigKeys (ConfUtils.java:logGet(44)) - raft.server.log.segment.cache.size.max = 200MB (=209715200) (default)
2022-03-12 14:25:37,763 [pool-151-thread-1] INFO  segmented.SegmentedRaftLogWorker (SegmentedRaftLogWorker.java:<init>(182)) - new d4fb544e-91d6-444d-a862-ad6d9a9779bb@group-1B7447CB48D6-SegmentedRaftLogWorker for RaftStorageImpl:Storage Directory /home/runner/work/ozone/ozone/hadoop-ozone/integration-test/target/test-dir/MiniOzoneClusterImpl-f5f50f7a-5524-4be5-b9ff-96e951a72c81/datanode-0/data/ratis/8db74e3c-1381-4571-927b-1b7447cb48d6
2022-03-12 14:25:37,763 [pool-151-thread-1] INFO  server.RaftServerConfigKeys (ConfUtils.java:logGet(44)) - raft.server.log.queue.byte-limit = 4294967296 (custom)
2022-03-12 14:25:37,763 [pool-151-thread-1] INFO  server.RaftServerConfigKeys (ConfUtils.java:logGet(44)) - raft.server.log.queue.element-limit = 1024 (custom)
2022-03-12 14:25:37,763 [pool-151-thread-1] INFO  server.RaftServerConfigKeys (ConfUtils.java:logGet(44)) - raft.server.log.segment.size.max = 1048576 (custom)
2022-03-12 14:25:37,763 [pool-151-thread-1] INFO  server.RaftServerConfigKeys (ConfUtils.java:logGet(44)) - raft.server.log.preallocated.size = 16384 (custom)
2022-03-12 14:25:37,763 [pool-151-thread-1] INFO  server.RaftServerConfigKeys (ConfUtils.java:logGet(44)) - raft.server.log.force.sync.num = 128 (default)
2022-03-12 14:25:37,763 [pool-151-thread-1] INFO  server.RaftServerConfigKeys (ConfUtils.java:logGet(44)) - raft.server.log.statemachine.data.sync = true (default)
2022-03-12 14:25:37,763 [pool-151-thread-1] INFO  server.RaftServerConfigKeys (ConfUtils.java:logGet(44)) - raft.server.log.statemachine.data.sync.timeout = 10s (default)
2022-03-12 14:25:37,763 [pool-151-thread-1] INFO  server.RaftServerConfigKeys (ConfUtils.java:logGet(44)) - raft.server.log.statemachine.data.sync.timeout.retry = -1 (default)
2022-03-12 14:25:37,764 [pool-151-thread-1] INFO  server.RaftServerConfigKeys (ConfUtils.java:logGet(44)) - raft.server.log.write.buffer.size = 1048576 (custom)
2022-03-12 14:25:37,764 [pool-151-thread-1] INFO  server.RaftServerConfigKeys (ConfUtils.java:logGet(44)) - raft.server.log.statemachine.data.caching.enabled = true (custom)
2022-03-12 14:25:37,765 [pool-151-thread-1] INFO  segmented.SegmentedRaftLogWorker (SegmentedRaftLogWorker.java:lambda$new$0(133)) - d4fb544e-91d6-444d-a862-ad6d9a9779bb@group-1B7447CB48D6-SegmentedRaftLogWorker: flushIndex: setUnconditionally 0 -> -1
2022-03-12 14:25:37,765 [pool-151-thread-1] INFO  segmented.SegmentedRaftLogWorker (SegmentedRaftLogWorker.java:lambda$new$0(133)) - d4fb544e-91d6-444d-a862-ad6d9a9779bb@group-1B7447CB48D6-SegmentedRaftLogWorker: safeCacheEvictIndex: setUnconditionally 0 -> -1
2022-03-12 14:25:37,767 [pool-151-thread-1] INFO  server.RaftServerConfigKeys (ConfUtils.java:logGet(44)) - raft.server.snapshot.auto.trigger.enabled = true (custom)
2022-03-12 14:25:37,767 [pool-151-thread-1] INFO  server.RaftServerConfigKeys (ConfUtils.java:logGet(44)) - raft.server.snapshot.auto.trigger.threshold = 10000 (custom)
2022-03-12 14:25:37,767 [pool-151-thread-1] INFO  server.RaftServerConfigKeys (ConfUtils.java:logGet(44)) - raft.server.snapshot.retention.file.num = 5 (custom)
2022-03-12 14:25:37,767 [pool-151-thread-1] INFO  server.RaftServerConfigKeys (ConfUtils.java:logGet(44)) - raft.server.log.purge.upto.snapshot.index = false (default)
2022-03-12 14:25:37,767 [pool-151-thread-1] INFO  server.RaftServerConfigKeys (ConfUtils.java:logGet(44)) - raft.server.retrycache.expirytime = 600000ms (custom)
2022-03-12 14:25:37,767 [pool-151-thread-1] INFO  server.RaftServerConfigKeys (ConfUtils.java:logGet(44)) - raft.server.retrycache.statistics.expirytime = 100μs (default)
2022-03-12 14:25:37,768 [pool-151-thread-1] INFO  server.RaftServer$Division (RaftServerImpl.java:start(301)) - d4fb544e-91d6-444d-a862-ad6d9a9779bb@group-1B7447CB48D6: start as a follower, conf=-1: [0367229f-3e47-487a-a81f-dafd2c48bc0a|rpc:10.1.0.8:38083|priority:1, d4fb544e-91d6-444d-a862-ad6d9a9779bb|rpc:10.1.0.8:36501|priority:0, f8b47a51-d582-4728-836c-b6b8cb6674d2|rpc:10.1.0.8:34337|priority:0], old=null
2022-03-12 14:25:37,768 [pool-151-thread-1] INFO  server.RaftServer$Division (RaftServerImpl.java:setRole(290)) - d4fb544e-91d6-444d-a862-ad6d9a9779bb@group-1B7447CB48D6: changes role from      null to FOLLOWER at term 0 for startAsFollower
2022-03-12 14:25:37,769 [pool-151-thread-1] INFO  impl.RoleInfo (RoleInfo.java:updateAndGet(130)) - d4fb544e-91d6-444d-a862-ad6d9a9779bb: start d4fb544e-91d6-444d-a862-ad6d9a9779bb@group-1B7447CB48D6-FollowerState
2022-03-12 14:25:37,775 [pool-151-thread-1] INFO  util.JmxRegister (JmxRegister.java:tryRegister(44)) - Successfully registered JMX Bean with object name Ratis:service=RaftServer,group=group-1B7447CB48D6,id=d4fb544e-91d6-444d-a862-ad6d9a9779bb
2022-03-12 14:25:37,776 [Command processor thread] INFO  ratis.XceiverServerRatis (XceiverServerRatis.java:addGroup(771)) - Created group PipelineID=8db74e3c-1381-4571-927b-1b7447cb48d6
2022-03-12 14:25:38,023 [Command processor thread] INFO  server.RaftServer (RaftServerProxy.java:addNew(95)) - 0367229f-3e47-487a-a81f-dafd2c48bc0a: addNew group-A8783ECACE45:[0367229f-3e47-487a-a81f-dafd2c48bc0a|rpc:10.1.0.8:38083|priority:1] returns group-A8783ECACE45:java.util.concurrent.CompletableFuture@46539be6[Not completed]
2022-03-12 14:25:38,026 [pool-172-thread-1] INFO  server.RaftServer$Division (RaftServerImpl.java:<init>(184)) - 0367229f-3e47-487a-a81f-dafd2c48bc0a: new RaftServerImpl for group-A8783ECACE45:[0367229f-3e47-487a-a81f-dafd2c48bc0a|rpc:10.1.0.8:38083|priority:1] with ContainerStateMachine:uninitialized
2022-03-12 14:25:38,026 [pool-172-thread-1] INFO  server.RaftServerConfigKeys (ConfUtils.java:logGet(44)) - raft.server.rpc.timeout.min = 5s (custom)
2022-03-12 14:25:38,026 [pool-172-thread-1] INFO  server.RaftServerConfigKeys (ConfUtils.java:logGet(44)) - raft.server.rpc.timeout.max = 5200ms (custom)
2022-03-12 14:25:38,026 [pool-172-thread-1] INFO  server.RaftServerConfigKeys (ConfUtils.java:logGet(44)) - raft.server.rpc.sleep.time = 25ms (default)
2022-03-12 14:25:38,026 [pool-172-thread-1] INFO  server.RaftServerConfigKeys (ConfUtils.java:logGet(44)) - raft.server.rpc.slowness.timeout = 300s (custom)
2022-03-12 14:25:38,026 [pool-172-thread-1] INFO  server.RaftServerConfigKeys (ConfUtils.java:logGet(44)) - raft.server.leaderelection.leader.step-down.wait-time = 10s (default)
2022-03-12 14:25:38,026 [pool-172-thread-1] INFO  server.RaftServerConfigKeys (ConfUtils.java:logGet(44)) - raft.server.sleep.deviation.threshold = 300ms (default)
2022-03-12 14:25:38,026 [pool-172-thread-1] INFO  server.RaftServerConfigKeys (ConfUtils.java:logGet(44)) - raft.server.log.appender.install.snapshot.enabled = false (custom)
2022-03-12 14:25:38,027 [pool-172-thread-1] INFO  server.RaftServer$Division (ServerState.java:<init>(105)) - 0367229f-3e47-487a-a81f-dafd2c48bc0a@group-A8783ECACE45: ConfigurationManager, init=-1: [0367229f-3e47-487a-a81f-dafd2c48bc0a|rpc:10.1.0.8:38083|priority:1], old=null, confs=<EMPTY_MAP>
2022-03-12 14:25:38,027 [pool-172-thread-1] INFO  server.RaftServerConfigKeys (ConfUtils.java:logGet(44)) - raft.server.storage.dir = [/home/runner/work/ozone/ozone/hadoop-ozone/integration-test/target/test-dir/MiniOzoneClusterImpl-f5f50f7a-5524-4be5-b9ff-96e951a72c81/datanode-1/data/ratis] (custom)
2022-03-12 14:25:38,027 [pool-172-thread-1] INFO  server.RaftServerConfigKeys (ConfUtils.java:logGet(44)) - raft.server.log.corruption.policy = EXCEPTION (default)
2022-03-12 14:25:38,027 [pool-172-thread-1] INFO  server.RaftServerConfigKeys (ConfUtils.java:logGet(44)) - raft.server.storage.free-space.min = 0MB (=0) (default)
2022-03-12 14:25:38,027 [pool-172-thread-1] INFO  storage.RaftStorageDirectory (RaftStorageDirectoryImpl.java:analyzeStorage(135)) - The storage directory /home/runner/work/ozone/ozone/hadoop-ozone/integration-test/target/test-dir/MiniOzoneClusterImpl-f5f50f7a-5524-4be5-b9ff-96e951a72c81/datanode-1/data/ratis/82d9d219-8982-44c6-a959-a8783ecace45 does not exist. Creating ...
2022-03-12 14:25:38,035 [pool-172-thread-1] INFO  storage.RaftStorageDirectory (RaftStorageDirectoryImpl.java:tryLock(230)) - Lock on /home/runner/work/ozone/ozone/hadoop-ozone/integration-test/target/test-dir/MiniOzoneClusterImpl-f5f50f7a-5524-4be5-b9ff-96e951a72c81/datanode-1/data/ratis/82d9d219-8982-44c6-a959-a8783ecace45/in_use.lock acquired by nodename 10814@fv-az297-111
2022-03-12 14:25:38,048 [pool-172-thread-1] INFO  storage.RaftStorage (RaftStorageImpl.java:format(89)) - Storage directory /home/runner/work/ozone/ozone/hadoop-ozone/integration-test/target/test-dir/MiniOzoneClusterImpl-f5f50f7a-5524-4be5-b9ff-96e951a72c81/datanode-1/data/ratis/82d9d219-8982-44c6-a959-a8783ecace45 has been successfully formatted.
2022-03-12 14:25:38,050 [pool-172-thread-1] INFO  ratis.ContainerStateMachine (ContainerStateMachine.java:loadSnapshot(236)) - group-A8783ECACE45: The snapshot info is null. Setting the last applied indexto:(t:0, i:~)
2022-03-12 14:25:38,052 [pool-172-thread-1] INFO  server.RaftServerConfigKeys (ConfUtils.java:logGet(44)) - raft.server.notification.no-leader.timeout = 300s (custom)
2022-03-12 14:25:38,052 [pool-172-thread-1] INFO  server.RaftServerConfigKeys (ConfUtils.java:logGet(44)) - raft.server.log.use.memory = false (default)
2022-03-12 14:25:38,052 [pool-172-thread-1] INFO  server.RaftServerConfigKeys (ConfUtils.java:logGet(44)) - raft.server.log.purge.gap = 1000000 (custom)
2022-03-12 14:25:38,052 [pool-172-thread-1] INFO  server.RaftServerConfigKeys (ConfUtils.java:logGet(44)) - raft.server.log.appender.buffer.byte-limit = 33554432 (custom)
2022-03-12 14:25:38,052 [pool-172-thread-1] INFO  server.RaftServerConfigKeys (ConfUtils.java:logGet(44)) - raft.server.log.segment.size.max = 1048576 (custom)
2022-03-12 14:25:38,053 [pool-172-thread-1] INFO  server.RaftServerConfigKeys (ConfUtils.java:logGet(44)) - raft.server.log.segment.cache.num.max = 2 (custom)
2022-03-12 14:25:38,053 [pool-172-thread-1] INFO  server.RaftServerConfigKeys (ConfUtils.java:logGet(44)) - raft.server.log.segment.cache.size.max = 200MB (=209715200) (default)
2022-03-12 14:25:38,053 [pool-172-thread-1] INFO  segmented.SegmentedRaftLogWorker (SegmentedRaftLogWorker.java:<init>(182)) - new 0367229f-3e47-487a-a81f-dafd2c48bc0a@group-A8783ECACE45-SegmentedRaftLogWorker for RaftStorageImpl:Storage Directory /home/runner/work/ozone/ozone/hadoop-ozone/integration-test/target/test-dir/MiniOzoneClusterImpl-f5f50f7a-5524-4be5-b9ff-96e951a72c81/datanode-1/data/ratis/82d9d219-8982-44c6-a959-a8783ecace45
2022-03-12 14:25:38,053 [pool-172-thread-1] INFO  server.RaftServerConfigKeys (ConfUtils.java:logGet(44)) - raft.server.log.queue.byte-limit = 4294967296 (custom)
2022-03-12 14:25:38,053 [pool-172-thread-1] INFO  server.RaftServerConfigKeys (ConfUtils.java:logGet(44)) - raft.server.log.queue.element-limit = 1024 (custom)
2022-03-12 14:25:38,053 [pool-172-thread-1] INFO  server.RaftServerConfigKeys (ConfUtils.java:logGet(44)) - raft.server.log.segment.size.max = 1048576 (custom)
2022-03-12 14:25:38,053 [pool-172-thread-1] INFO  server.RaftServerConfigKeys (ConfUtils.java:logGet(44)) - raft.server.log.preallocated.size = 16384 (custom)
2022-03-12 14:25:38,053 [pool-172-thread-1] INFO  server.RaftServerConfigKeys (ConfUtils.java:logGet(44)) - raft.server.log.force.sync.num = 128 (default)
2022-03-12 14:25:38,053 [pool-172-thread-1] INFO  server.RaftServerConfigKeys (ConfUtils.java:logGet(44)) - raft.server.log.statemachine.data.sync = true (default)
2022-03-12 14:25:38,053 [pool-172-thread-1] INFO  server.RaftServerConfigKeys (ConfUtils.java:logGet(44)) - raft.server.log.statemachine.data.sync.timeout = 10s (default)
2022-03-12 14:25:38,053 [pool-172-thread-1] INFO  server.RaftServerConfigKeys (ConfUtils.java:logGet(44)) - raft.server.log.statemachine.data.sync.timeout.retry = -1 (default)
2022-03-12 14:25:38,054 [pool-172-thread-1] INFO  server.RaftServerConfigKeys (ConfUtils.java:logGet(44)) - raft.server.log.write.buffer.size = 1048576 (custom)
2022-03-12 14:25:38,054 [pool-172-thread-1] INFO  server.RaftServerConfigKeys (ConfUtils.java:logGet(44)) - raft.server.log.statemachine.data.caching.enabled = true (custom)
2022-03-12 14:25:38,055 [pool-172-thread-1] INFO  segmented.SegmentedRaftLogWorker (SegmentedRaftLogWorker.java:lambda$new$0(133)) - 0367229f-3e47-487a-a81f-dafd2c48bc0a@group-A8783ECACE45-SegmentedRaftLogWorker: flushIndex: setUnconditionally 0 -> -1
2022-03-12 14:25:38,055 [pool-172-thread-1] INFO  segmented.SegmentedRaftLogWorker (SegmentedRaftLogWorker.java:lambda$new$0(133)) - 0367229f-3e47-487a-a81f-dafd2c48bc0a@group-A8783ECACE45-SegmentedRaftLogWorker: safeCacheEvictIndex: setUnconditionally 0 -> -1
2022-03-12 14:25:38,060 [pool-172-thread-1] INFO  server.RaftServerConfigKeys (ConfUtils.java:logGet(44)) - raft.server.snapshot.auto.trigger.enabled = true (custom)
2022-03-12 14:25:38,060 [pool-172-thread-1] INFO  server.RaftServerConfigKeys (ConfUtils.java:logGet(44)) - raft.server.snapshot.auto.trigger.threshold = 10000 (custom)
2022-03-12 14:25:38,060 [pool-172-thread-1] INFO  server.RaftServerConfigKeys (ConfUtils.java:logGet(44)) - raft.server.snapshot.retention.file.num = 5 (custom)
2022-03-12 14:25:38,060 [pool-172-thread-1] INFO  server.RaftServerConfigKeys (ConfUtils.java:logGet(44)) - raft.server.log.purge.upto.snapshot.index = false (default)
2022-03-12 14:25:38,060 [pool-172-thread-1] INFO  server.RaftServerConfigKeys (ConfUtils.java:logGet(44)) - raft.server.retrycache.expirytime = 600000ms (custom)
2022-03-12 14:25:38,061 [pool-172-thread-1] INFO  server.RaftServerConfigKeys (ConfUtils.java:logGet(44)) - raft.server.retrycache.statistics.expirytime = 100μs (default)
2022-03-12 14:25:38,066 [pool-172-thread-1] INFO  server.RaftServer$Division (RaftServerImpl.java:start(301)) - 0367229f-3e47-487a-a81f-dafd2c48bc0a@group-A8783ECACE45: start as a follower, conf=-1: [0367229f-3e47-487a-a81f-dafd2c48bc0a|rpc:10.1.0.8:38083|priority:1], old=null
2022-03-12 14:25:38,066 [EventQueue-PipelineReportForPipelineReportHandler] INFO  pipeline.PipelineManagerImpl (PipelineManagerImpl.java:openPipeline(291)) - Pipeline Pipeline[ Id: 82d9d219-8982-44c6-a959-a8783ecace45, Nodes: 0367229f-3e47-487a-a81f-dafd2c48bc0a{ip: 10.1.0.8, host: fv-az297-111.nmf1rxwemy4u5di1sxxf4ejcwb.jx.internal.cloudapp.net, ports: [REPLICATION=33349, RATIS=38083, RATIS_ADMIN=38083, RATIS_SERVER=38083, STANDALONE=35485], networkLocation: /default-rack, certSerialId: null, persistedOpState: IN_SERVICE, persistedOpStateExpiryEpochSec: 0}, ReplicationConfig: RATIS/ONE, State:ALLOCATED, leaderId:0367229f-3e47-487a-a81f-dafd2c48bc0a, CreationTimestamp2022-03-12T14:25:35.029Z[Etc/UTC]] moved to OPEN state
2022-03-12 14:25:38,066 [pool-172-thread-1] INFO  server.RaftServer$Division (RaftServerImpl.java:setRole(290)) - 0367229f-3e47-487a-a81f-dafd2c48bc0a@group-A8783ECACE45: changes role from      null to FOLLOWER at term 0 for startAsFollower
2022-03-12 14:25:38,066 [pool-172-thread-1] INFO  impl.RoleInfo (RoleInfo.java:updateAndGet(130)) - 0367229f-3e47-487a-a81f-dafd2c48bc0a: start 0367229f-3e47-487a-a81f-dafd2c48bc0a@group-A8783ECACE45-FollowerState
2022-03-12 14:25:38,068 [aecb911e-51ce-44d3-bc8f-bb6a71cbbcf4@group-96E951A72C81-StateMachineUpdater] INFO  safemode.HealthyPipelineSafeModeRule (HealthyPipelineSafeModeRule.java:initializeRule(152)) - Refreshed total pipeline count is 0, healthy pipeline threshold count is 1
2022-03-12 14:25:38,076 [pool-172-thread-1] INFO  util.JmxRegister (JmxRegister.java:tryRegister(44)) - Successfully registered JMX Bean with object name Ratis:service=RaftServer,group=group-A8783ECACE45,id=0367229f-3e47-487a-a81f-dafd2c48bc0a
2022-03-12 14:25:38,096 [EventQueue-OpenPipelineForHealthyPipelineSafeModeRule] INFO  safemode.SCMSafeModeManager (HealthyPipelineSafeModeRule.java:process(124)) - SCM in safe mode. Healthy pipelines reported count is 0, required healthy pipeline reported count is 1
2022-03-12 14:25:38,096 [Command processor thread] INFO  ratis.XceiverServerRatis (XceiverServerRatis.java:addGroup(771)) - Created group PipelineID=82d9d219-8982-44c6-a959-a8783ecace45
2022-03-12 14:25:38,096 [Command processor thread] INFO  commandhandler.CreatePipelineCommandHandler (CreatePipelineCommandHandler.java:handle(106)) - Created Pipeline RATIS ONE PipelineID=82d9d219-8982-44c6-a959-a8783ecace45.
2022-03-12 14:25:38,108 [Command processor thread] INFO  server.RaftServer (RaftServerProxy.java:addNew(95)) - 0367229f-3e47-487a-a81f-dafd2c48bc0a: addNew group-1B7447CB48D6:[0367229f-3e47-487a-a81f-dafd2c48bc0a|rpc:10.1.0.8:38083|priority:1, d4fb544e-91d6-444d-a862-ad6d9a9779bb|rpc:10.1.0.8:36501|priority:0, f8b47a51-d582-4728-836c-b6b8cb6674d2|rpc:10.1.0.8:34337|priority:0] returns group-1B7447CB48D6:java.util.concurrent.CompletableFuture@426c07f4[Not completed]
2022-03-12 14:25:38,110 [pool-172-thread-1] INFO  server.RaftServer$Division (RaftServerImpl.java:<init>(184)) - 0367229f-3e47-487a-a81f-dafd2c48bc0a: new RaftServerImpl for group-1B7447CB48D6:[0367229f-3e47-487a-a81f-dafd2c48bc0a|rpc:10.1.0.8:38083|priority:1, d4fb544e-91d6-444d-a862-ad6d9a9779bb|rpc:10.1.0.8:36501|priority:0, f8b47a51-d582-4728-836c-b6b8cb6674d2|rpc:10.1.0.8:34337|priority:0] with ContainerStateMachine:uninitialized
2022-03-12 14:25:38,110 [pool-172-thread-1] INFO  server.RaftServerConfigKeys (ConfUtils.java:logGet(44)) - raft.server.rpc.timeout.min = 5s (custom)
2022-03-12 14:25:38,110 [pool-172-thread-1] INFO  server.RaftServerConfigKeys (ConfUtils.java:logGet(44)) - raft.server.rpc.timeout.max = 5200ms (custom)
2022-03-12 14:25:38,110 [pool-172-thread-1] INFO  server.RaftServerConfigKeys (ConfUtils.java:logGet(44)) - raft.server.rpc.sleep.time = 25ms (default)
2022-03-12 14:25:38,110 [pool-172-thread-1] INFO  server.RaftServerConfigKeys (ConfUtils.java:logGet(44)) - raft.server.rpc.slowness.timeout = 300s (custom)
2022-03-12 14:25:38,110 [pool-172-thread-1] INFO  server.RaftServerConfigKeys (ConfUtils.java:logGet(44)) - raft.server.leaderelection.leader.step-down.wait-time = 10s (default)
2022-03-12 14:25:38,110 [pool-172-thread-1] INFO  server.RaftServerConfigKeys (ConfUtils.java:logGet(44)) - raft.server.sleep.deviation.threshold = 300ms (default)
2022-03-12 14:25:38,110 [pool-172-thread-1] INFO  server.RaftServerConfigKeys (ConfUtils.java:logGet(44)) - raft.server.log.appender.install.snapshot.enabled = false (custom)
2022-03-12 14:25:38,110 [pool-172-thread-1] INFO  server.RaftServer$Division (ServerState.java:<init>(105)) - 0367229f-3e47-487a-a81f-dafd2c48bc0a@group-1B7447CB48D6: ConfigurationManager, init=-1: [0367229f-3e47-487a-a81f-dafd2c48bc0a|rpc:10.1.0.8:38083|priority:1, d4fb544e-91d6-444d-a862-ad6d9a9779bb|rpc:10.1.0.8:36501|priority:0, f8b47a51-d582-4728-836c-b6b8cb6674d2|rpc:10.1.0.8:34337|priority:0], old=null, confs=<EMPTY_MAP>
2022-03-12 14:25:38,110 [pool-172-thread-1] INFO  server.RaftServerConfigKeys (ConfUtils.java:logGet(44)) - raft.server.storage.dir = [/home/runner/work/ozone/ozone/hadoop-ozone/integration-test/target/test-dir/MiniOzoneClusterImpl-f5f50f7a-5524-4be5-b9ff-96e951a72c81/datanode-1/data/ratis] (custom)
2022-03-12 14:25:38,110 [pool-172-thread-1] INFO  server.RaftServerConfigKeys (ConfUtils.java:logGet(44)) - raft.server.log.corruption.policy = EXCEPTION (default)
2022-03-12 14:25:38,110 [pool-172-thread-1] INFO  server.RaftServerConfigKeys (ConfUtils.java:logGet(44)) - raft.server.storage.free-space.min = 0MB (=0) (default)
2022-03-12 14:25:38,110 [pool-172-thread-1] INFO  storage.RaftStorageDirectory (RaftStorageDirectoryImpl.java:analyzeStorage(135)) - The storage directory /home/runner/work/ozone/ozone/hadoop-ozone/integration-test/target/test-dir/MiniOzoneClusterImpl-f5f50f7a-5524-4be5-b9ff-96e951a72c81/datanode-1/data/ratis/8db74e3c-1381-4571-927b-1b7447cb48d6 does not exist. Creating ...
2022-03-12 14:25:38,112 [pool-172-thread-1] INFO  storage.RaftStorageDirectory (RaftStorageDirectoryImpl.java:tryLock(230)) - Lock on /home/runner/work/ozone/ozone/hadoop-ozone/integration-test/target/test-dir/MiniOzoneClusterImpl-f5f50f7a-5524-4be5-b9ff-96e951a72c81/datanode-1/data/ratis/8db74e3c-1381-4571-927b-1b7447cb48d6/in_use.lock acquired by nodename 10814@fv-az297-111
2022-03-12 14:25:38,113 [pool-172-thread-1] INFO  storage.RaftStorage (RaftStorageImpl.java:format(89)) - Storage directory /home/runner/work/ozone/ozone/hadoop-ozone/integration-test/target/test-dir/MiniOzoneClusterImpl-f5f50f7a-5524-4be5-b9ff-96e951a72c81/datanode-1/data/ratis/8db74e3c-1381-4571-927b-1b7447cb48d6 has been successfully formatted.
2022-03-12 14:25:38,113 [pool-172-thread-1] INFO  ratis.ContainerStateMachine (ContainerStateMachine.java:loadSnapshot(236)) - group-1B7447CB48D6: The snapshot info is null. Setting the last applied indexto:(t:0, i:~)
2022-03-12 14:25:38,113 [pool-172-thread-1] INFO  server.RaftServerConfigKeys (ConfUtils.java:logGet(44)) - raft.server.notification.no-leader.timeout = 300s (custom)
2022-03-12 14:25:38,113 [pool-172-thread-1] INFO  server.RaftServerConfigKeys (ConfUtils.java:logGet(44)) - raft.server.log.use.memory = false (default)
2022-03-12 14:25:38,113 [pool-172-thread-1] INFO  server.RaftServerConfigKeys (ConfUtils.java:logGet(44)) - raft.server.log.purge.gap = 1000000 (custom)
2022-03-12 14:25:38,113 [pool-172-thread-1] INFO  server.RaftServerConfigKeys (ConfUtils.java:logGet(44)) - raft.server.log.appender.buffer.byte-limit = 33554432 (custom)
2022-03-12 14:25:38,114 [pool-172-thread-1] INFO  server.RaftServerConfigKeys (ConfUtils.java:logGet(44)) - raft.server.log.segment.size.max = 1048576 (custom)
2022-03-12 14:25:38,117 [EventQueue-OpenPipelineForHealthyPipelineSafeModeRule] INFO  safemode.SCMSafeModeManager (HealthyPipelineSafeModeRule.java:process(124)) - SCM in safe mode. Healthy pipelines reported count is 0, required healthy pipeline reported count is 1
2022-03-12 14:25:38,120 [pool-172-thread-1] INFO  server.RaftServerConfigKeys (ConfUtils.java:logGet(44)) - raft.server.log.segment.cache.num.max = 2 (custom)
2022-03-12 14:25:38,120 [pool-172-thread-1] INFO  server.RaftServerConfigKeys (ConfUtils.java:logGet(44)) - raft.server.log.segment.cache.size.max = 200MB (=209715200) (default)
2022-03-12 14:25:38,122 [pool-172-thread-1] INFO  segmented.SegmentedRaftLogWorker (SegmentedRaftLogWorker.java:<init>(182)) - new 0367229f-3e47-487a-a81f-dafd2c48bc0a@group-1B7447CB48D6-SegmentedRaftLogWorker for RaftStorageImpl:Storage Directory /home/runner/work/ozone/ozone/hadoop-ozone/integration-test/target/test-dir/MiniOzoneClusterImpl-f5f50f7a-5524-4be5-b9ff-96e951a72c81/datanode-1/data/ratis/8db74e3c-1381-4571-927b-1b7447cb48d6
2022-03-12 14:25:38,123 [pool-172-thread-1] INFO  server.RaftServerConfigKeys (ConfUtils.java:logGet(44)) - raft.server.log.queue.byte-limit = 4294967296 (custom)
2022-03-12 14:25:38,123 [pool-172-thread-1] INFO  server.RaftServerConfigKeys (ConfUtils.java:logGet(44)) - raft.server.log.queue.element-limit = 1024 (custom)
2022-03-12 14:25:38,123 [pool-172-thread-1] INFO  server.RaftServerConfigKeys (ConfUtils.java:logGet(44)) - raft.server.log.segment.size.max = 1048576 (custom)
2022-03-12 14:25:38,123 [pool-172-thread-1] INFO  server.RaftServerConfigKeys (ConfUtils.java:logGet(44)) - raft.server.log.preallocated.size = 16384 (custom)
2022-03-12 14:25:38,123 [pool-172-thread-1] INFO  server.RaftServerConfigKeys (ConfUtils.java:logGet(44)) - raft.server.log.force.sync.num = 128 (default)
2022-03-12 14:25:38,123 [pool-172-thread-1] INFO  server.RaftServerConfigKeys (ConfUtils.java:logGet(44)) - raft.server.log.statemachine.data.sync = true (default)
2022-03-12 14:25:38,123 [pool-172-thread-1] INFO  server.RaftServerConfigKeys (ConfUtils.java:logGet(44)) - raft.server.log.statemachine.data.sync.timeout = 10s (default)
2022-03-12 14:25:38,123 [pool-172-thread-1] INFO  server.RaftServerConfigKeys (ConfUtils.java:logGet(44)) - raft.server.log.statemachine.data.sync.timeout.retry = -1 (default)
2022-03-12 14:25:38,124 [pool-172-thread-1] INFO  server.RaftServerConfigKeys (ConfUtils.java:logGet(44)) - raft.server.log.write.buffer.size = 1048576 (custom)
2022-03-12 14:25:38,124 [pool-172-thread-1] INFO  server.RaftServerConfigKeys (ConfUtils.java:logGet(44)) - raft.server.log.statemachine.data.caching.enabled = true (custom)
2022-03-12 14:25:38,124 [pool-172-thread-1] INFO  segmented.SegmentedRaftLogWorker (SegmentedRaftLogWorker.java:lambda$new$0(133)) - 0367229f-3e47-487a-a81f-dafd2c48bc0a@group-1B7447CB48D6-SegmentedRaftLogWorker: flushIndex: setUnconditionally 0 -> -1
2022-03-12 14:25:38,124 [pool-172-thread-1] INFO  segmented.SegmentedRaftLogWorker (SegmentedRaftLogWorker.java:lambda$new$0(133)) - 0367229f-3e47-487a-a81f-dafd2c48bc0a@group-1B7447CB48D6-SegmentedRaftLogWorker: safeCacheEvictIndex: setUnconditionally 0 -> -1
2022-03-12 14:25:38,132 [pool-172-thread-1] INFO  server.RaftServerConfigKeys (ConfUtils.java:logGet(44)) - raft.server.snapshot.auto.trigger.enabled = true (custom)
2022-03-12 14:25:38,132 [pool-172-thread-1] INFO  server.RaftServerConfigKeys (ConfUtils.java:logGet(44)) - raft.server.snapshot.auto.trigger.threshold = 10000 (custom)
2022-03-12 14:25:38,132 [pool-172-thread-1] INFO  server.RaftServerConfigKeys (ConfUtils.java:logGet(44)) - raft.server.snapshot.retention.file.num = 5 (custom)
2022-03-12 14:25:38,132 [pool-172-thread-1] INFO  server.RaftServerConfigKeys (ConfUtils.java:logGet(44)) - raft.server.log.purge.upto.snapshot.index = false (default)
2022-03-12 14:25:38,132 [pool-172-thread-1] INFO  server.RaftServerConfigKeys (ConfUtils.java:logGet(44)) - raft.server.retrycache.expirytime = 600000ms (custom)
2022-03-12 14:25:38,132 [pool-172-thread-1] INFO  server.RaftServerConfigKeys (ConfUtils.java:logGet(44)) - raft.server.retrycache.statistics.expirytime = 100μs (default)
2022-03-12 14:25:38,133 [pool-172-thread-1] INFO  server.RaftServer$Division (RaftServerImpl.java:start(301)) - 0367229f-3e47-487a-a81f-dafd2c48bc0a@group-1B7447CB48D6: start as a follower, conf=-1: [0367229f-3e47-487a-a81f-dafd2c48bc0a|rpc:10.1.0.8:38083|priority:1, d4fb544e-91d6-444d-a862-ad6d9a9779bb|rpc:10.1.0.8:36501|priority:0, f8b47a51-d582-4728-836c-b6b8cb6674d2|rpc:10.1.0.8:34337|priority:0], old=null
2022-03-12 14:25:38,133 [pool-172-thread-1] INFO  server.RaftServer$Division (RaftServerImpl.java:setRole(290)) - 0367229f-3e47-487a-a81f-dafd2c48bc0a@group-1B7447CB48D6: changes role from      null to FOLLOWER at term 0 for startAsFollower
2022-03-12 14:25:38,133 [pool-172-thread-1] INFO  impl.RoleInfo (RoleInfo.java:updateAndGet(130)) - 0367229f-3e47-487a-a81f-dafd2c48bc0a: start 0367229f-3e47-487a-a81f-dafd2c48bc0a@group-1B7447CB48D6-FollowerState
2022-03-12 14:25:38,144 [pool-172-thread-1] INFO  util.JmxRegister (JmxRegister.java:tryRegister(44)) - Successfully registered JMX Bean with object name Ratis:service=RaftServer,group=group-1B7447CB48D6,id=0367229f-3e47-487a-a81f-dafd2c48bc0a
2022-03-12 14:25:38,152 [Command processor thread] INFO  ratis.XceiverServerRatis (XceiverServerRatis.java:addGroup(771)) - Created group PipelineID=8db74e3c-1381-4571-927b-1b7447cb48d6
2022-03-12 14:25:38,262 [Listener at 127.0.0.1/33353] INFO  ozone.MiniOzoneClusterImpl (MiniOzoneClusterImpl.java:lambda$waitForClusterToBeReady$0(219)) - Nodes are ready. Got 3 of 3 DN Heartbeats.
2022-03-12 14:25:38,263 [Listener at 127.0.0.1/33353] INFO  ozone.MiniOzoneClusterImpl (MiniOzoneClusterImpl.java:lambda$waitForClusterToBeReady$0(222)) - Waiting for cluster to exit safe mode
2022-03-12 14:25:38,263 [Listener at 127.0.0.1/33353] INFO  ozone.MiniOzoneClusterImpl (MiniOzoneClusterImpl.java:lambda$waitForClusterToBeReady$0(224)) - SCM became leader
2022-03-12 14:25:38,292 [Command processor thread] INFO  server.RaftServer (RaftServerProxy.java:addNew(95)) - f8b47a51-d582-4728-836c-b6b8cb6674d2: addNew group-CDBE3B011F1C:[f8b47a51-d582-4728-836c-b6b8cb6674d2|rpc:10.1.0.8:34337|priority:1] returns group-CDBE3B011F1C:java.util.concurrent.CompletableFuture@4ca68431[Not completed]
2022-03-12 14:25:38,305 [pool-193-thread-1] INFO  server.RaftServer$Division (RaftServerImpl.java:<init>(184)) - f8b47a51-d582-4728-836c-b6b8cb6674d2: new RaftServerImpl for group-CDBE3B011F1C:[f8b47a51-d582-4728-836c-b6b8cb6674d2|rpc:10.1.0.8:34337|priority:1] with ContainerStateMachine:uninitialized
2022-03-12 14:25:38,306 [pool-193-thread-1] INFO  server.RaftServerConfigKeys (ConfUtils.java:logGet(44)) - raft.server.rpc.timeout.min = 5s (custom)
2022-03-12 14:25:38,306 [pool-193-thread-1] INFO  server.RaftServerConfigKeys (ConfUtils.java:logGet(44)) - raft.server.rpc.timeout.max = 5200ms (custom)
2022-03-12 14:25:38,306 [pool-193-thread-1] INFO  server.RaftServerConfigKeys (ConfUtils.java:logGet(44)) - raft.server.rpc.sleep.time = 25ms (default)
2022-03-12 14:25:38,306 [pool-193-thread-1] INFO  server.RaftServerConfigKeys (ConfUtils.java:logGet(44)) - raft.server.rpc.slowness.timeout = 300s (custom)
2022-03-12 14:25:38,306 [pool-193-thread-1] INFO  server.RaftServerConfigKeys (ConfUtils.java:logGet(44)) - raft.server.leaderelection.leader.step-down.wait-time = 10s (default)
2022-03-12 14:25:38,306 [pool-193-thread-1] INFO  server.RaftServerConfigKeys (ConfUtils.java:logGet(44)) - raft.server.sleep.deviation.threshold = 300ms (default)
2022-03-12 14:25:38,306 [pool-193-thread-1] INFO  server.RaftServerConfigKeys (ConfUtils.java:logGet(44)) - raft.server.log.appender.install.snapshot.enabled = false (custom)
2022-03-12 14:25:38,306 [pool-193-thread-1] INFO  server.RaftServer$Division (ServerState.java:<init>(105)) - f8b47a51-d582-4728-836c-b6b8cb6674d2@group-CDBE3B011F1C: ConfigurationManager, init=-1: [f8b47a51-d582-4728-836c-b6b8cb6674d2|rpc:10.1.0.8:34337|priority:1], old=null, confs=<EMPTY_MAP>
2022-03-12 14:25:38,306 [pool-193-thread-1] INFO  server.RaftServerConfigKeys (ConfUtils.java:logGet(44)) - raft.server.storage.dir = [/home/runner/work/ozone/ozone/hadoop-ozone/integration-test/target/test-dir/MiniOzoneClusterImpl-f5f50f7a-5524-4be5-b9ff-96e951a72c81/datanode-2/data/ratis] (custom)
2022-03-12 14:25:38,307 [pool-193-thread-1] INFO  server.RaftServerConfigKeys (ConfUtils.java:logGet(44)) - raft.server.log.corruption.policy = EXCEPTION (default)
2022-03-12 14:25:38,307 [pool-193-thread-1] INFO  server.RaftServerConfigKeys (ConfUtils.java:logGet(44)) - raft.server.storage.free-space.min = 0MB (=0) (default)
2022-03-12 14:25:38,307 [pool-193-thread-1] INFO  storage.RaftStorageDirectory (RaftStorageDirectoryImpl.java:analyzeStorage(135)) - The storage directory /home/runner/work/ozone/ozone/hadoop-ozone/integration-test/target/test-dir/MiniOzoneClusterImpl-f5f50f7a-5524-4be5-b9ff-96e951a72c81/datanode-2/data/ratis/6bbd408a-315a-4618-b37a-cdbe3b011f1c does not exist. Creating ...
2022-03-12 14:25:38,314 [pool-193-thread-1] INFO  storage.RaftStorageDirectory (RaftStorageDirectoryImpl.java:tryLock(230)) - Lock on /home/runner/work/ozone/ozone/hadoop-ozone/integration-test/target/test-dir/MiniOzoneClusterImpl-f5f50f7a-5524-4be5-b9ff-96e951a72c81/datanode-2/data/ratis/6bbd408a-315a-4618-b37a-cdbe3b011f1c/in_use.lock acquired by nodename 10814@fv-az297-111
2022-03-12 14:25:38,315 [pool-193-thread-1] INFO  storage.RaftStorage (RaftStorageImpl.java:format(89)) - Storage directory /home/runner/work/ozone/ozone/hadoop-ozone/integration-test/target/test-dir/MiniOzoneClusterImpl-f5f50f7a-5524-4be5-b9ff-96e951a72c81/datanode-2/data/ratis/6bbd408a-315a-4618-b37a-cdbe3b011f1c has been successfully formatted.
2022-03-12 14:25:38,328 [pool-193-thread-1] INFO  ratis.ContainerStateMachine (ContainerStateMachine.java:loadSnapshot(236)) - group-CDBE3B011F1C: The snapshot info is null. Setting the last applied indexto:(t:0, i:~)
2022-03-12 14:25:38,328 [pool-193-thread-1] INFO  server.RaftServerConfigKeys (ConfUtils.java:logGet(44)) - raft.server.notification.no-leader.timeout = 300s (custom)
2022-03-12 14:25:38,328 [pool-193-thread-1] INFO  server.RaftServerConfigKeys (ConfUtils.java:logGet(44)) - raft.server.log.use.memory = false (default)
2022-03-12 14:25:38,328 [pool-193-thread-1] INFO  server.RaftServerConfigKeys (ConfUtils.java:logGet(44)) - raft.server.log.purge.gap = 1000000 (custom)
2022-03-12 14:25:38,328 [pool-193-thread-1] INFO  server.RaftServerConfigKeys (ConfUtils.java:logGet(44)) - raft.server.log.appender.buffer.byte-limit = 33554432 (custom)
2022-03-12 14:25:38,328 [pool-193-thread-1] INFO  server.RaftServerConfigKeys (ConfUtils.java:logGet(44)) - raft.server.log.segment.size.max = 1048576 (custom)
2022-03-12 14:25:38,329 [pool-193-thread-1] INFO  server.RaftServerConfigKeys (ConfUtils.java:logGet(44)) - raft.server.log.segment.cache.num.max = 2 (custom)
2022-03-12 14:25:38,329 [pool-193-thread-1] INFO  server.RaftServerConfigKeys (ConfUtils.java:logGet(44)) - raft.server.log.segment.cache.size.max = 200MB (=209715200) (default)
2022-03-12 14:25:38,329 [pool-193-thread-1] INFO  segmented.SegmentedRaftLogWorker (SegmentedRaftLogWorker.java:<init>(182)) - new f8b47a51-d582-4728-836c-b6b8cb6674d2@group-CDBE3B011F1C-SegmentedRaftLogWorker for RaftStorageImpl:Storage Directory /home/runner/work/ozone/ozone/hadoop-ozone/integration-test/target/test-dir/MiniOzoneClusterImpl-f5f50f7a-5524-4be5-b9ff-96e951a72c81/datanode-2/data/ratis/6bbd408a-315a-4618-b37a-cdbe3b011f1c
2022-03-12 14:25:38,329 [pool-193-thread-1] INFO  server.RaftServerConfigKeys (ConfUtils.java:logGet(44)) - raft.server.log.queue.byte-limit = 4294967296 (custom)
2022-03-12 14:25:38,329 [pool-193-thread-1] INFO  server.RaftServerConfigKeys (ConfUtils.java:logGet(44)) - raft.server.log.queue.element-limit = 1024 (custom)
2022-03-12 14:25:38,329 [pool-193-thread-1] INFO  server.RaftServerConfigKeys (ConfUtils.java:logGet(44)) - raft.server.log.segment.size.max = 1048576 (custom)
2022-03-12 14:25:38,329 [pool-193-thread-1] INFO  server.RaftServerConfigKeys (ConfUtils.java:logGet(44)) - raft.server.log.preallocated.size = 16384 (custom)
2022-03-12 14:25:38,329 [pool-193-thread-1] INFO  server.RaftServerConfigKeys (ConfUtils.java:logGet(44)) - raft.server.log.force.sync.num = 128 (default)
2022-03-12 14:25:38,329 [pool-193-thread-1] INFO  server.RaftServerConfigKeys (ConfUtils.java:logGet(44)) - raft.server.log.statemachine.data.sync = true (default)
2022-03-12 14:25:38,329 [pool-193-thread-1] INFO  server.RaftServerConfigKeys (ConfUtils.java:logGet(44)) - raft.server.log.statemachine.data.sync.timeout = 10s (default)
2022-03-12 14:25:38,329 [pool-193-thread-1] INFO  server.RaftServerConfigKeys (ConfUtils.java:logGet(44)) - raft.server.log.statemachine.data.sync.timeout.retry = -1 (default)
2022-03-12 14:25:38,330 [pool-193-thread-1] INFO  server.RaftServerConfigKeys (ConfUtils.java:logGet(44)) - raft.server.log.write.buffer.size = 1048576 (custom)
2022-03-12 14:25:38,330 [pool-193-thread-1] INFO  server.RaftServerConfigKeys (ConfUtils.java:logGet(44)) - raft.server.log.statemachine.data.caching.enabled = true (custom)
2022-03-12 14:25:38,330 [pool-193-thread-1] INFO  segmented.SegmentedRaftLogWorker (SegmentedRaftLogWorker.java:lambda$new$0(133)) - f8b47a51-d582-4728-836c-b6b8cb6674d2@group-CDBE3B011F1C-SegmentedRaftLogWorker: flushIndex: setUnconditionally 0 -> -1
2022-03-12 14:25:38,330 [pool-193-thread-1] INFO  segmented.SegmentedRaftLogWorker (SegmentedRaftLogWorker.java:lambda$new$0(133)) - f8b47a51-d582-4728-836c-b6b8cb6674d2@group-CDBE3B011F1C-SegmentedRaftLogWorker: safeCacheEvictIndex: setUnconditionally 0 -> -1
2022-03-12 14:25:38,345 [EventQueue-PipelineReportForPipelineReportHandler] INFO  pipeline.PipelineManagerImpl (PipelineManagerImpl.java:openPipeline(291)) - Pipeline Pipeline[ Id: 6bbd408a-315a-4618-b37a-cdbe3b011f1c, Nodes: f8b47a51-d582-4728-836c-b6b8cb6674d2{ip: 10.1.0.8, host: fv-az297-111.nmf1rxwemy4u5di1sxxf4ejcwb.jx.internal.cloudapp.net, ports: [REPLICATION=46449, RATIS=34337, RATIS_ADMIN=34337, RATIS_SERVER=34337, STANDALONE=35733], networkLocation: /default-rack, certSerialId: null, persistedOpState: IN_SERVICE, persistedOpStateExpiryEpochSec: 0}, ReplicationConfig: RATIS/ONE, State:ALLOCATED, leaderId:f8b47a51-d582-4728-836c-b6b8cb6674d2, CreationTimestamp2022-03-12T14:25:35.273Z[Etc/UTC]] moved to OPEN state
2022-03-12 14:25:38,348 [aecb911e-51ce-44d3-bc8f-bb6a71cbbcf4@group-96E951A72C81-StateMachineUpdater] INFO  safemode.HealthyPipelineSafeModeRule (HealthyPipelineSafeModeRule.java:initializeRule(152)) - Refreshed total pipeline count is 0, healthy pipeline threshold count is 1
2022-03-12 14:25:38,349 [EventQueue-OpenPipelineForHealthyPipelineSafeModeRule] INFO  safemode.SCMSafeModeManager (HealthyPipelineSafeModeRule.java:process(124)) - SCM in safe mode. Healthy pipelines reported count is 0, required healthy pipeline reported count is 1
2022-03-12 14:25:38,349 [pool-193-thread-1] INFO  server.RaftServerConfigKeys (ConfUtils.java:logGet(44)) - raft.server.snapshot.auto.trigger.enabled = true (custom)
2022-03-12 14:25:38,352 [pool-193-thread-1] INFO  server.RaftServerConfigKeys (ConfUtils.java:logGet(44)) - raft.server.snapshot.auto.trigger.threshold = 10000 (custom)
2022-03-12 14:25:38,352 [pool-193-thread-1] INFO  server.RaftServerConfigKeys (ConfUtils.java:logGet(44)) - raft.server.snapshot.retention.file.num = 5 (custom)
2022-03-12 14:25:38,353 [pool-193-thread-1] INFO  server.RaftServerConfigKeys (ConfUtils.java:logGet(44)) - raft.server.log.purge.upto.snapshot.index = false (default)
2022-03-12 14:25:38,353 [pool-193-thread-1] INFO  server.RaftServerConfigKeys (ConfUtils.java:logGet(44)) - raft.server.retrycache.expirytime = 600000ms (custom)
2022-03-12 14:25:38,353 [pool-193-thread-1] INFO  server.RaftServerConfigKeys (ConfUtils.java:logGet(44)) - raft.server.retrycache.statistics.expirytime = 100μs (default)
2022-03-12 14:25:38,354 [pool-193-thread-1] INFO  server.RaftServer$Division (RaftServerImpl.java:start(301)) - f8b47a51-d582-4728-836c-b6b8cb6674d2@group-CDBE3B011F1C: start as a follower, conf=-1: [f8b47a51-d582-4728-836c-b6b8cb6674d2|rpc:10.1.0.8:34337|priority:1], old=null
2022-03-12 14:25:38,354 [pool-193-thread-1] INFO  server.RaftServer$Division (RaftServerImpl.java:setRole(290)) - f8b47a51-d582-4728-836c-b6b8cb6674d2@group-CDBE3B011F1C: changes role from      null to FOLLOWER at term 0 for startAsFollower
2022-03-12 14:25:38,354 [pool-193-thread-1] INFO  impl.RoleInfo (RoleInfo.java:updateAndGet(130)) - f8b47a51-d582-4728-836c-b6b8cb6674d2: start f8b47a51-d582-4728-836c-b6b8cb6674d2@group-CDBE3B011F1C-FollowerState
2022-03-12 14:25:38,356 [pool-193-thread-1] INFO  util.JmxRegister (JmxRegister.java:tryRegister(44)) - Successfully registered JMX Bean with object name Ratis:service=RaftServer,group=group-CDBE3B011F1C,id=f8b47a51-d582-4728-836c-b6b8cb6674d2
2022-03-12 14:25:38,357 [Command processor thread] INFO  ratis.XceiverServerRatis (XceiverServerRatis.java:addGroup(771)) - Created group PipelineID=6bbd408a-315a-4618-b37a-cdbe3b011f1c
2022-03-12 14:25:38,357 [Command processor thread] INFO  commandhandler.CreatePipelineCommandHandler (CreatePipelineCommandHandler.java:handle(106)) - Created Pipeline RATIS ONE PipelineID=6bbd408a-315a-4618-b37a-cdbe3b011f1c.
2022-03-12 14:25:38,357 [Command processor thread] INFO  server.RaftServer (RaftServerProxy.java:addNew(95)) - f8b47a51-d582-4728-836c-b6b8cb6674d2: addNew group-1B7447CB48D6:[0367229f-3e47-487a-a81f-dafd2c48bc0a|rpc:10.1.0.8:38083|priority:1, d4fb544e-91d6-444d-a862-ad6d9a9779bb|rpc:10.1.0.8:36501|priority:0, f8b47a51-d582-4728-836c-b6b8cb6674d2|rpc:10.1.0.8:34337|priority:0] returns group-1B7447CB48D6:java.util.concurrent.CompletableFuture@4899097d[Not completed]
2022-03-12 14:25:38,358 [pool-193-thread-1] INFO  server.RaftServer$Division (RaftServerImpl.java:<init>(184)) - f8b47a51-d582-4728-836c-b6b8cb6674d2: new RaftServerImpl for group-1B7447CB48D6:[0367229f-3e47-487a-a81f-dafd2c48bc0a|rpc:10.1.0.8:38083|priority:1, d4fb544e-91d6-444d-a862-ad6d9a9779bb|rpc:10.1.0.8:36501|priority:0, f8b47a51-d582-4728-836c-b6b8cb6674d2|rpc:10.1.0.8:34337|priority:0] with ContainerStateMachine:uninitialized
2022-03-12 14:25:38,358 [pool-193-thread-1] INFO  server.RaftServerConfigKeys (ConfUtils.java:logGet(44)) - raft.server.rpc.timeout.min = 5s (custom)
2022-03-12 14:25:38,358 [pool-193-thread-1] INFO  server.RaftServerConfigKeys (ConfUtils.java:logGet(44)) - raft.server.rpc.timeout.max = 5200ms (custom)
2022-03-12 14:25:38,358 [pool-193-thread-1] INFO  server.RaftServerConfigKeys (ConfUtils.java:logGet(44)) - raft.server.rpc.sleep.time = 25ms (default)
2022-03-12 14:25:38,358 [pool-193-thread-1] INFO  server.RaftServerConfigKeys (ConfUtils.java:logGet(44)) - raft.server.rpc.slowness.timeout = 300s (custom)
2022-03-12 14:25:38,358 [pool-193-thread-1] INFO  server.RaftServerConfigKeys (ConfUtils.java:logGet(44)) - raft.server.leaderelection.leader.step-down.wait-time = 10s (default)
2022-03-12 14:25:38,358 [pool-193-thread-1] INFO  server.RaftServerConfigKeys (ConfUtils.java:logGet(44)) - raft.server.sleep.deviation.threshold = 300ms (default)
2022-03-12 14:25:38,358 [pool-193-thread-1] INFO  server.RaftServerConfigKeys (ConfUtils.java:logGet(44)) - raft.server.log.appender.install.snapshot.enabled = false (custom)
2022-03-12 14:25:38,358 [pool-193-thread-1] INFO  server.RaftServer$Division (ServerState.java:<init>(105)) - f8b47a51-d582-4728-836c-b6b8cb6674d2@group-1B7447CB48D6: ConfigurationManager, init=-1: [0367229f-3e47-487a-a81f-dafd2c48bc0a|rpc:10.1.0.8:38083|priority:1, d4fb544e-91d6-444d-a862-ad6d9a9779bb|rpc:10.1.0.8:36501|priority:0, f8b47a51-d582-4728-836c-b6b8cb6674d2|rpc:10.1.0.8:34337|priority:0], old=null, confs=<EMPTY_MAP>
2022-03-12 14:25:38,359 [pool-193-thread-1] INFO  server.RaftServerConfigKeys (ConfUtils.java:logGet(44)) - raft.server.storage.dir = [/home/runner/work/ozone/ozone/hadoop-ozone/integration-test/target/test-dir/MiniOzoneClusterImpl-f5f50f7a-5524-4be5-b9ff-96e951a72c81/datanode-2/data/ratis] (custom)
2022-03-12 14:25:38,359 [pool-193-thread-1] INFO  server.RaftServerConfigKeys (ConfUtils.java:logGet(44)) - raft.server.log.corruption.policy = EXCEPTION (default)
2022-03-12 14:25:38,359 [pool-193-thread-1] INFO  server.RaftServerConfigKeys (ConfUtils.java:logGet(44)) - raft.server.storage.free-space.min = 0MB (=0) (default)
2022-03-12 14:25:38,359 [pool-193-thread-1] INFO  storage.RaftStorageDirectory (RaftStorageDirectoryImpl.java:analyzeStorage(135)) - The storage directory /home/runner/work/ozone/ozone/hadoop-ozone/integration-test/target/test-dir/MiniOzoneClusterImpl-f5f50f7a-5524-4be5-b9ff-96e951a72c81/datanode-2/data/ratis/8db74e3c-1381-4571-927b-1b7447cb48d6 does not exist. Creating ...
2022-03-12 14:25:38,364 [pool-193-thread-1] INFO  storage.RaftStorageDirectory (RaftStorageDirectoryImpl.java:tryLock(230)) - Lock on /home/runner/work/ozone/ozone/hadoop-ozone/integration-test/target/test-dir/MiniOzoneClusterImpl-f5f50f7a-5524-4be5-b9ff-96e951a72c81/datanode-2/data/ratis/8db74e3c-1381-4571-927b-1b7447cb48d6/in_use.lock acquired by nodename 10814@fv-az297-111
2022-03-12 14:25:38,366 [pool-193-thread-1] INFO  storage.RaftStorage (RaftStorageImpl.java:format(89)) - Storage directory /home/runner/work/ozone/ozone/hadoop-ozone/integration-test/target/test-dir/MiniOzoneClusterImpl-f5f50f7a-5524-4be5-b9ff-96e951a72c81/datanode-2/data/ratis/8db74e3c-1381-4571-927b-1b7447cb48d6 has been successfully formatted.
2022-03-12 14:25:38,369 [pool-193-thread-1] INFO  ratis.ContainerStateMachine (ContainerStateMachine.java:loadSnapshot(236)) - group-1B7447CB48D6: The snapshot info is null. Setting the last applied indexto:(t:0, i:~)
2022-03-12 14:25:38,369 [pool-193-thread-1] INFO  server.RaftServerConfigKeys (ConfUtils.java:logGet(44)) - raft.server.notification.no-leader.timeout = 300s (custom)
2022-03-12 14:25:38,369 [pool-193-thread-1] INFO  server.RaftServerConfigKeys (ConfUtils.java:logGet(44)) - raft.server.log.use.memory = false (default)
2022-03-12 14:25:38,369 [pool-193-thread-1] INFO  server.RaftServerConfigKeys (ConfUtils.java:logGet(44)) - raft.server.log.purge.gap = 1000000 (custom)
2022-03-12 14:25:38,369 [pool-193-thread-1] INFO  server.RaftServerConfigKeys (ConfUtils.java:logGet(44)) - raft.server.log.appender.buffer.byte-limit = 33554432 (custom)
2022-03-12 14:25:38,369 [pool-193-thread-1] INFO  server.RaftServerConfigKeys (ConfUtils.java:logGet(44)) - raft.server.log.segment.size.max = 1048576 (custom)
2022-03-12 14:25:38,376 [pool-193-thread-1] INFO  server.RaftServerConfigKeys (ConfUtils.java:logGet(44)) - raft.server.log.segment.cache.num.max = 2 (custom)
2022-03-12 14:25:38,377 [pool-193-thread-1] INFO  server.RaftServerConfigKeys (ConfUtils.java:logGet(44)) - raft.server.log.segment.cache.size.max = 200MB (=209715200) (default)
2022-03-12 14:25:38,377 [pool-193-thread-1] INFO  segmented.SegmentedRaftLogWorker (SegmentedRaftLogWorker.java:<init>(182)) - new f8b47a51-d582-4728-836c-b6b8cb6674d2@group-1B7447CB48D6-SegmentedRaftLogWorker for RaftStorageImpl:Storage Directory /home/runner/work/ozone/ozone/hadoop-ozone/integration-test/target/test-dir/MiniOzoneClusterImpl-f5f50f7a-5524-4be5-b9ff-96e951a72c81/datanode-2/data/ratis/8db74e3c-1381-4571-927b-1b7447cb48d6
2022-03-12 14:25:38,377 [pool-193-thread-1] INFO  server.RaftServerConfigKeys (ConfUtils.java:logGet(44)) - raft.server.log.queue.byte-limit = 4294967296 (custom)
2022-03-12 14:25:38,377 [pool-193-thread-1] INFO  server.RaftServerConfigKeys (ConfUtils.java:logGet(44)) - raft.server.log.queue.element-limit = 1024 (custom)
2022-03-12 14:25:38,377 [pool-193-thread-1] INFO  server.RaftServerConfigKeys (ConfUtils.java:logGet(44)) - raft.server.log.segment.size.max = 1048576 (custom)
2022-03-12 14:25:38,377 [pool-193-thread-1] INFO  server.RaftServerConfigKeys (ConfUtils.java:logGet(44)) - raft.server.log.preallocated.size = 16384 (custom)
2022-03-12 14:25:38,377 [pool-193-thread-1] INFO  server.RaftServerConfigKeys (ConfUtils.java:logGet(44)) - raft.server.log.force.sync.num = 128 (default)
2022-03-12 14:25:38,377 [pool-193-thread-1] INFO  server.RaftServerConfigKeys (ConfUtils.java:logGet(44)) - raft.server.log.statemachine.data.sync = true (default)
2022-03-12 14:25:38,377 [pool-193-thread-1] INFO  server.RaftServerConfigKeys (ConfUtils.java:logGet(44)) - raft.server.log.statemachine.data.sync.timeout = 10s (default)
2022-03-12 14:25:38,377 [pool-193-thread-1] INFO  server.RaftServerConfigKeys (ConfUtils.java:logGet(44)) - raft.server.log.statemachine.data.sync.timeout.retry = -1 (default)
2022-03-12 14:25:38,379 [EventQueue-OpenPipelineForHealthyPipelineSafeModeRule] INFO  safemode.SCMSafeModeManager (HealthyPipelineSafeModeRule.java:process(124)) - SCM in safe mode. Healthy pipelines reported count is 0, required healthy pipeline reported count is 1
2022-03-12 14:25:38,380 [pool-193-thread-1] INFO  server.RaftServerConfigKeys (ConfUtils.java:logGet(44)) - raft.server.log.write.buffer.size = 1048576 (custom)
2022-03-12 14:25:38,380 [pool-193-thread-1] INFO  server.RaftServerConfigKeys (ConfUtils.java:logGet(44)) - raft.server.log.statemachine.data.caching.enabled = true (custom)
2022-03-12 14:25:38,380 [pool-193-thread-1] INFO  segmented.SegmentedRaftLogWorker (SegmentedRaftLogWorker.java:lambda$new$0(133)) - f8b47a51-d582-4728-836c-b6b8cb6674d2@group-1B7447CB48D6-SegmentedRaftLogWorker: flushIndex: setUnconditionally 0 -> -1
2022-03-12 14:25:38,380 [pool-193-thread-1] INFO  segmented.SegmentedRaftLogWorker (SegmentedRaftLogWorker.java:lambda$new$0(133)) - f8b47a51-d582-4728-836c-b6b8cb6674d2@group-1B7447CB48D6-SegmentedRaftLogWorker: safeCacheEvictIndex: setUnconditionally 0 -> -1
2022-03-12 14:25:38,384 [pool-193-thread-1] INFO  server.RaftServerConfigKeys (ConfUtils.java:logGet(44)) - raft.server.snapshot.auto.trigger.enabled = true (custom)
2022-03-12 14:25:38,384 [pool-193-thread-1] INFO  server.RaftServerConfigKeys (ConfUtils.java:logGet(44)) - raft.server.snapshot.auto.trigger.threshold = 10000 (custom)
2022-03-12 14:25:38,384 [pool-193-thread-1] INFO  server.RaftServerConfigKeys (ConfUtils.java:logGet(44)) - raft.server.snapshot.retention.file.num = 5 (custom)
2022-03-12 14:25:38,384 [pool-193-thread-1] INFO  server.RaftServerConfigKeys (ConfUtils.java:logGet(44)) - raft.server.log.purge.upto.snapshot.index = false (default)
2022-03-12 14:25:38,384 [pool-193-thread-1] INFO  server.RaftServerConfigKeys (ConfUtils.java:logGet(44)) - raft.server.retrycache.expirytime = 600000ms (custom)
2022-03-12 14:25:38,384 [pool-193-thread-1] INFO  server.RaftServerConfigKeys (ConfUtils.java:logGet(44)) - raft.server.retrycache.statistics.expirytime = 100μs (default)
2022-03-12 14:25:38,385 [pool-193-thread-1] INFO  server.RaftServer$Division (RaftServerImpl.java:start(301)) - f8b47a51-d582-4728-836c-b6b8cb6674d2@group-1B7447CB48D6: start as a follower, conf=-1: [0367229f-3e47-487a-a81f-dafd2c48bc0a|rpc:10.1.0.8:38083|priority:1, d4fb544e-91d6-444d-a862-ad6d9a9779bb|rpc:10.1.0.8:36501|priority:0, f8b47a51-d582-4728-836c-b6b8cb6674d2|rpc:10.1.0.8:34337|priority:0], old=null
2022-03-12 14:25:38,385 [pool-193-thread-1] INFO  server.RaftServer$Division (RaftServerImpl.java:setRole(290)) - f8b47a51-d582-4728-836c-b6b8cb6674d2@group-1B7447CB48D6: changes role from      null to FOLLOWER at term 0 for startAsFollower
2022-03-12 14:25:38,386 [pool-193-thread-1] INFO  impl.RoleInfo (RoleInfo.java:updateAndGet(130)) - f8b47a51-d582-4728-836c-b6b8cb6674d2: start f8b47a51-d582-4728-836c-b6b8cb6674d2@group-1B7447CB48D6-FollowerState
2022-03-12 14:25:38,396 [pool-193-thread-1] INFO  util.JmxRegister (JmxRegister.java:tryRegister(44)) - Successfully registered JMX Bean with object name Ratis:service=RaftServer,group=group-1B7447CB48D6,id=f8b47a51-d582-4728-836c-b6b8cb6674d2
2022-03-12 14:25:38,401 [Command processor thread] INFO  ratis.XceiverServerRatis (XceiverServerRatis.java:addGroup(771)) - Created group PipelineID=8db74e3c-1381-4571-927b-1b7447cb48d6
2022-03-12 14:25:38,664 [Command processor thread] INFO  commandhandler.CreatePipelineCommandHandler (CreatePipelineCommandHandler.java:handle(106)) - Created Pipeline RATIS THREE PipelineID=8db74e3c-1381-4571-927b-1b7447cb48d6.
2022-03-12 14:25:38,685 [Command processor thread] INFO  commandhandler.CreatePipelineCommandHandler (CreatePipelineCommandHandler.java:handle(106)) - Created Pipeline RATIS THREE PipelineID=8db74e3c-1381-4571-927b-1b7447cb48d6.
2022-03-12 14:25:38,697 [Command processor thread] INFO  commandhandler.CreatePipelineCommandHandler (CreatePipelineCommandHandler.java:handle(106)) - Created Pipeline RATIS THREE PipelineID=8db74e3c-1381-4571-927b-1b7447cb48d6.
2022-03-12 14:25:39,263 [Listener at 127.0.0.1/33353] INFO  ozone.MiniOzoneClusterImpl (MiniOzoneClusterImpl.java:lambda$waitForClusterToBeReady$0(219)) - Nodes are ready. Got 3 of 3 DN Heartbeats.
2022-03-12 14:25:39,263 [Listener at 127.0.0.1/33353] INFO  ozone.MiniOzoneClusterImpl (MiniOzoneClusterImpl.java:lambda$waitForClusterToBeReady$0(222)) - Waiting for cluster to exit safe mode
2022-03-12 14:25:39,263 [Listener at 127.0.0.1/33353] INFO  ozone.MiniOzoneClusterImpl (MiniOzoneClusterImpl.java:lambda$waitForClusterToBeReady$0(224)) - SCM became leader
2022-03-12 14:25:40,264 [Listener at 127.0.0.1/33353] INFO  ozone.MiniOzoneClusterImpl (MiniOzoneClusterImpl.java:lambda$waitForClusterToBeReady$0(219)) - Nodes are ready. Got 3 of 3 DN Heartbeats.
2022-03-12 14:25:40,264 [Listener at 127.0.0.1/33353] INFO  ozone.MiniOzoneClusterImpl (MiniOzoneClusterImpl.java:lambda$waitForClusterToBeReady$0(222)) - Waiting for cluster to exit safe mode
2022-03-12 14:25:40,264 [Listener at 127.0.0.1/33353] INFO  ozone.MiniOzoneClusterImpl (MiniOzoneClusterImpl.java:lambda$waitForClusterToBeReady$0(224)) - SCM became leader
2022-03-12 14:25:41,264 [Listener at 127.0.0.1/33353] INFO  ozone.MiniOzoneClusterImpl (MiniOzoneClusterImpl.java:lambda$waitForClusterToBeReady$0(219)) - Nodes are ready. Got 3 of 3 DN Heartbeats.
2022-03-12 14:25:41,265 [Listener at 127.0.0.1/33353] INFO  ozone.MiniOzoneClusterImpl (MiniOzoneClusterImpl.java:lambda$waitForClusterToBeReady$0(222)) - Waiting for cluster to exit safe mode
2022-03-12 14:25:41,265 [Listener at 127.0.0.1/33353] INFO  ozone.MiniOzoneClusterImpl (MiniOzoneClusterImpl.java:lambda$waitForClusterToBeReady$0(224)) - SCM became leader
2022-03-12 14:25:42,265 [Listener at 127.0.0.1/33353] INFO  ozone.MiniOzoneClusterImpl (MiniOzoneClusterImpl.java:lambda$waitForClusterToBeReady$0(219)) - Nodes are ready. Got 3 of 3 DN Heartbeats.
2022-03-12 14:25:42,265 [Listener at 127.0.0.1/33353] INFO  ozone.MiniOzoneClusterImpl (MiniOzoneClusterImpl.java:lambda$waitForClusterToBeReady$0(222)) - Waiting for cluster to exit safe mode
2022-03-12 14:25:42,265 [Listener at 127.0.0.1/33353] INFO  ozone.MiniOzoneClusterImpl (MiniOzoneClusterImpl.java:lambda$waitForClusterToBeReady$0(224)) - SCM became leader
2022-03-12 14:25:42,819 [d4fb544e-91d6-444d-a862-ad6d9a9779bb@group-1B7447CB48D6-FollowerState] INFO  impl.FollowerState (FollowerState.java:run(134)) - d4fb544e-91d6-444d-a862-ad6d9a9779bb@group-1B7447CB48D6-FollowerState: change to CANDIDATE, lastRpcElapsedTime:5050072559ns, electionTimeout:5043ms
2022-03-12 14:25:42,819 [d4fb544e-91d6-444d-a862-ad6d9a9779bb@group-1B7447CB48D6-FollowerState] INFO  impl.RoleInfo (RoleInfo.java:shutdownFollowerState(108)) - d4fb544e-91d6-444d-a862-ad6d9a9779bb: shutdown d4fb544e-91d6-444d-a862-ad6d9a9779bb@group-1B7447CB48D6-FollowerState
2022-03-12 14:25:42,819 [d4fb544e-91d6-444d-a862-ad6d9a9779bb@group-1B7447CB48D6-FollowerState] INFO  server.RaftServer$Division (RaftServerImpl.java:setRole(290)) - d4fb544e-91d6-444d-a862-ad6d9a9779bb@group-1B7447CB48D6: changes role from  FOLLOWER to CANDIDATE at term 0 for changeToCandidate
2022-03-12 14:25:42,820 [d4fb544e-91d6-444d-a862-ad6d9a9779bb@group-1B7447CB48D6-FollowerState] INFO  server.RaftServerConfigKeys (ConfUtils.java:logGet(44)) - raft.server.leaderelection.pre-vote = false (custom)
2022-03-12 14:25:42,820 [d4fb544e-91d6-444d-a862-ad6d9a9779bb@group-1B7447CB48D6-FollowerState] INFO  impl.RoleInfo (RoleInfo.java:updateAndGet(130)) - d4fb544e-91d6-444d-a862-ad6d9a9779bb: start d4fb544e-91d6-444d-a862-ad6d9a9779bb@group-1B7447CB48D6-LeaderElection7
2022-03-12 14:25:42,829 [d4fb544e-91d6-444d-a862-ad6d9a9779bb@group-1B7447CB48D6-LeaderElection7] INFO  impl.LeaderElection (LeaderElection.java:askForVotes(306)) - d4fb544e-91d6-444d-a862-ad6d9a9779bb@group-1B7447CB48D6-LeaderElection7 ELECTION round 0: submit vote requests at term 1 for -1: [0367229f-3e47-487a-a81f-dafd2c48bc0a|rpc:10.1.0.8:38083|priority:1, d4fb544e-91d6-444d-a862-ad6d9a9779bb|rpc:10.1.0.8:36501|priority:0, f8b47a51-d582-4728-836c-b6b8cb6674d2|rpc:10.1.0.8:34337|priority:0], old=null
2022-03-12 14:25:42,851 [grpc-default-executor-2] INFO  server.RaftServer$Division (RaftServerImpl.java:requestVote(1046)) - f8b47a51-d582-4728-836c-b6b8cb6674d2@group-1B7447CB48D6: receive requestVote(ELECTION, d4fb544e-91d6-444d-a862-ad6d9a9779bb, group-1B7447CB48D6, 1, (t:0, i:0))
2022-03-12 14:25:42,852 [grpc-default-executor-2] INFO  impl.VoteContext (VoteContext.java:log(48)) - f8b47a51-d582-4728-836c-b6b8cb6674d2@group-1B7447CB48D6-FOLLOWER: accept ELECTION from d4fb544e-91d6-444d-a862-ad6d9a9779bb: our priority 0 <= candidate's priority 0
2022-03-12 14:25:42,853 [grpc-default-executor-2] INFO  server.RaftServer$Division (RaftServerImpl.java:setRole(290)) - f8b47a51-d582-4728-836c-b6b8cb6674d2@group-1B7447CB48D6: changes role from  FOLLOWER to FOLLOWER at term 1 for candidate:d4fb544e-91d6-444d-a862-ad6d9a9779bb
2022-03-12 14:25:42,853 [grpc-default-executor-2] INFO  impl.RoleInfo (RoleInfo.java:shutdownFollowerState(108)) - f8b47a51-d582-4728-836c-b6b8cb6674d2: shutdown f8b47a51-d582-4728-836c-b6b8cb6674d2@group-1B7447CB48D6-FollowerState
2022-03-12 14:25:42,854 [f8b47a51-d582-4728-836c-b6b8cb6674d2@group-1B7447CB48D6-FollowerState] INFO  impl.FollowerState (FollowerState.java:run(143)) - f8b47a51-d582-4728-836c-b6b8cb6674d2@group-1B7447CB48D6-FollowerState was interrupted: {}
java.lang.InterruptedException: sleep interrupted
	at java.lang.Thread.sleep(Native Method)
	at java.lang.Thread.sleep(Thread.java:342)
	at java.util.concurrent.TimeUnit.sleep(TimeUnit.java:386)
	at org.apache.ratis.util.TimeDuration.sleep(TimeDuration.java:324)
	at org.apache.ratis.util.TimeDuration.sleep(TimeDuration.java:309)
	at org.apache.ratis.server.impl.FollowerState.run(FollowerState.java:118)
2022-03-12 14:25:42,855 [grpc-default-executor-2] INFO  impl.RoleInfo (RoleInfo.java:updateAndGet(130)) - f8b47a51-d582-4728-836c-b6b8cb6674d2: start f8b47a51-d582-4728-836c-b6b8cb6674d2@group-1B7447CB48D6-FollowerState
2022-03-12 14:25:42,865 [grpc-default-executor-0] INFO  server.RaftServer$Division (RaftServerImpl.java:requestVote(1046)) - 0367229f-3e47-487a-a81f-dafd2c48bc0a@group-1B7447CB48D6: receive requestVote(ELECTION, d4fb544e-91d6-444d-a862-ad6d9a9779bb, group-1B7447CB48D6, 1, (t:0, i:0))
2022-03-12 14:25:42,865 [grpc-default-executor-0] INFO  impl.VoteContext (VoteContext.java:log(48)) - 0367229f-3e47-487a-a81f-dafd2c48bc0a@group-1B7447CB48D6-FOLLOWER: reject ELECTION from d4fb544e-91d6-444d-a862-ad6d9a9779bb: our priority 1 > candidate's priority 0
2022-03-12 14:25:42,876 [grpc-default-executor-0] INFO  server.RaftServer$Division (RaftServerImpl.java:setRole(290)) - 0367229f-3e47-487a-a81f-dafd2c48bc0a@group-1B7447CB48D6: changes role from  FOLLOWER to FOLLOWER at term 1 for candidate:d4fb544e-91d6-444d-a862-ad6d9a9779bb
2022-03-12 14:25:42,876 [grpc-default-executor-0] INFO  impl.RoleInfo (RoleInfo.java:shutdownFollowerState(108)) - 0367229f-3e47-487a-a81f-dafd2c48bc0a: shutdown 0367229f-3e47-487a-a81f-dafd2c48bc0a@group-1B7447CB48D6-FollowerState
2022-03-12 14:25:42,876 [grpc-default-executor-0] INFO  impl.RoleInfo (RoleInfo.java:updateAndGet(130)) - 0367229f-3e47-487a-a81f-dafd2c48bc0a: start 0367229f-3e47-487a-a81f-dafd2c48bc0a@group-1B7447CB48D6-FollowerState
2022-03-12 14:25:42,876 [0367229f-3e47-487a-a81f-dafd2c48bc0a@group-1B7447CB48D6-FollowerState] INFO  impl.FollowerState (FollowerState.java:run(143)) - 0367229f-3e47-487a-a81f-dafd2c48bc0a@group-1B7447CB48D6-FollowerState was interrupted: {}
java.lang.InterruptedException: sleep interrupted
	at java.lang.Thread.sleep(Native Method)
	at java.lang.Thread.sleep(Thread.java:342)
	at java.util.concurrent.TimeUnit.sleep(TimeUnit.java:386)
	at org.apache.ratis.util.TimeDuration.sleep(TimeDuration.java:324)
	at org.apache.ratis.util.TimeDuration.sleep(TimeDuration.java:309)
	at org.apache.ratis.server.impl.FollowerState.run(FollowerState.java:118)
2022-03-12 14:25:42,884 [grpc-default-executor-2] INFO  server.RaftServer$Division (RaftServerImpl.java:requestVote(1078)) - f8b47a51-d582-4728-836c-b6b8cb6674d2@group-1B7447CB48D6 replies to ELECTION vote request: d4fb544e-91d6-444d-a862-ad6d9a9779bb<-f8b47a51-d582-4728-836c-b6b8cb6674d2#0:OK-t1. Peer's state: f8b47a51-d582-4728-836c-b6b8cb6674d2@group-1B7447CB48D6:t1, leader=null, voted=d4fb544e-91d6-444d-a862-ad6d9a9779bb, raftlog=f8b47a51-d582-4728-836c-b6b8cb6674d2@group-1B7447CB48D6-SegmentedRaftLog:OPENED:c-1, conf=-1: [0367229f-3e47-487a-a81f-dafd2c48bc0a|rpc:10.1.0.8:38083|priority:1, d4fb544e-91d6-444d-a862-ad6d9a9779bb|rpc:10.1.0.8:36501|priority:0, f8b47a51-d582-4728-836c-b6b8cb6674d2|rpc:10.1.0.8:34337|priority:0], old=null
2022-03-12 14:25:42,885 [grpc-default-executor-0] INFO  server.RaftServer$Division (RaftServerImpl.java:requestVote(1078)) - 0367229f-3e47-487a-a81f-dafd2c48bc0a@group-1B7447CB48D6 replies to ELECTION vote request: d4fb544e-91d6-444d-a862-ad6d9a9779bb<-0367229f-3e47-487a-a81f-dafd2c48bc0a#0:FAIL-t1. Peer's state: 0367229f-3e47-487a-a81f-dafd2c48bc0a@group-1B7447CB48D6:t1, leader=null, voted=null, raftlog=0367229f-3e47-487a-a81f-dafd2c48bc0a@group-1B7447CB48D6-SegmentedRaftLog:OPENED:c-1, conf=-1: [0367229f-3e47-487a-a81f-dafd2c48bc0a|rpc:10.1.0.8:38083|priority:1, d4fb544e-91d6-444d-a862-ad6d9a9779bb|rpc:10.1.0.8:36501|priority:0, f8b47a51-d582-4728-836c-b6b8cb6674d2|rpc:10.1.0.8:34337|priority:0], old=null
2022-03-12 14:25:42,892 [d4fb544e-91d6-444d-a862-ad6d9a9779bb@group-1B7447CB48D6-LeaderElection7] INFO  impl.LeaderElection (LeaderElection.java:logAndReturn(89)) - d4fb544e-91d6-444d-a862-ad6d9a9779bb@group-1B7447CB48D6-LeaderElection7: ELECTION REJECTED received 1 response(s) and 0 exception(s):
2022-03-12 14:25:42,893 [d4fb544e-91d6-444d-a862-ad6d9a9779bb@group-1B7447CB48D6-LeaderElection7] INFO  impl.LeaderElection (LeaderElection.java:logAndReturn(93)) -   Response 0: d4fb544e-91d6-444d-a862-ad6d9a9779bb<-0367229f-3e47-487a-a81f-dafd2c48bc0a#0:FAIL-t1
2022-03-12 14:25:42,893 [d4fb544e-91d6-444d-a862-ad6d9a9779bb@group-1B7447CB48D6-LeaderElection7] INFO  impl.LeaderElection (LeaderElection.java:askForVotes(308)) - d4fb544e-91d6-444d-a862-ad6d9a9779bb@group-1B7447CB48D6-LeaderElection7 ELECTION round 0: result REJECTED
2022-03-12 14:25:42,896 [d4fb544e-91d6-444d-a862-ad6d9a9779bb@group-BAF98D51E095-FollowerState] INFO  impl.FollowerState (FollowerState.java:run(134)) - d4fb544e-91d6-444d-a862-ad6d9a9779bb@group-BAF98D51E095-FollowerState: change to CANDIDATE, lastRpcElapsedTime:5182343790ns, electionTimeout:5162ms
2022-03-12 14:25:42,900 [d4fb544e-91d6-444d-a862-ad6d9a9779bb@group-BAF98D51E095-FollowerState] INFO  impl.RoleInfo (RoleInfo.java:shutdownFollowerState(108)) - d4fb544e-91d6-444d-a862-ad6d9a9779bb: shutdown d4fb544e-91d6-444d-a862-ad6d9a9779bb@group-BAF98D51E095-FollowerState
2022-03-12 14:25:42,900 [d4fb544e-91d6-444d-a862-ad6d9a9779bb@group-BAF98D51E095-FollowerState] INFO  server.RaftServer$Division (RaftServerImpl.java:setRole(290)) - d4fb544e-91d6-444d-a862-ad6d9a9779bb@group-BAF98D51E095: changes role from  FOLLOWER to CANDIDATE at term 0 for changeToCandidate
2022-03-12 14:25:42,900 [d4fb544e-91d6-444d-a862-ad6d9a9779bb@group-BAF98D51E095-FollowerState] INFO  server.RaftServerConfigKeys (ConfUtils.java:logGet(44)) - raft.server.leaderelection.pre-vote = false (custom)
2022-03-12 14:25:42,900 [d4fb544e-91d6-444d-a862-ad6d9a9779bb@group-BAF98D51E095-FollowerState] INFO  impl.RoleInfo (RoleInfo.java:updateAndGet(130)) - d4fb544e-91d6-444d-a862-ad6d9a9779bb: start d4fb544e-91d6-444d-a862-ad6d9a9779bb@group-BAF98D51E095-LeaderElection8
2022-03-12 14:25:42,896 [d4fb544e-91d6-444d-a862-ad6d9a9779bb@group-1B7447CB48D6-LeaderElection7] INFO  server.RaftServer$Division (RaftServerImpl.java:setRole(290)) - d4fb544e-91d6-444d-a862-ad6d9a9779bb@group-1B7447CB48D6: changes role from CANDIDATE to FOLLOWER at term 1 for REJECTED
2022-03-12 14:25:42,901 [d4fb544e-91d6-444d-a862-ad6d9a9779bb@group-1B7447CB48D6-LeaderElection7] INFO  impl.RoleInfo (RoleInfo.java:shutdownLeaderElection(121)) - d4fb544e-91d6-444d-a862-ad6d9a9779bb: shutdown d4fb544e-91d6-444d-a862-ad6d9a9779bb@group-1B7447CB48D6-LeaderElection7
2022-03-12 14:25:42,901 [d4fb544e-91d6-444d-a862-ad6d9a9779bb@group-1B7447CB48D6-LeaderElection7] INFO  impl.RoleInfo (RoleInfo.java:updateAndGet(130)) - d4fb544e-91d6-444d-a862-ad6d9a9779bb: start d4fb544e-91d6-444d-a862-ad6d9a9779bb@group-1B7447CB48D6-FollowerState
2022-03-12 14:25:42,907 [d4fb544e-91d6-444d-a862-ad6d9a9779bb@group-BAF98D51E095-LeaderElection8] INFO  impl.LeaderElection (LeaderElection.java:askForVotes(306)) - d4fb544e-91d6-444d-a862-ad6d9a9779bb@group-BAF98D51E095-LeaderElection8 ELECTION round 0: submit vote requests at term 1 for -1: [d4fb544e-91d6-444d-a862-ad6d9a9779bb|rpc:10.1.0.8:36501|priority:1], old=null
2022-03-12 14:25:42,907 [d4fb544e-91d6-444d-a862-ad6d9a9779bb@group-BAF98D51E095-LeaderElection8] INFO  impl.LeaderElection (LeaderElection.java:askForVotes(308)) - d4fb544e-91d6-444d-a862-ad6d9a9779bb@group-BAF98D51E095-LeaderElection8 ELECTION round 0: result PASSED (term=1)
2022-03-12 14:25:42,907 [d4fb544e-91d6-444d-a862-ad6d9a9779bb@group-BAF98D51E095-LeaderElection8] INFO  impl.RoleInfo (RoleInfo.java:shutdownLeaderElection(121)) - d4fb544e-91d6-444d-a862-ad6d9a9779bb: shutdown d4fb544e-91d6-444d-a862-ad6d9a9779bb@group-BAF98D51E095-LeaderElection8
2022-03-12 14:25:42,907 [d4fb544e-91d6-444d-a862-ad6d9a9779bb@group-BAF98D51E095-LeaderElection8] INFO  server.RaftServer$Division (RaftServerImpl.java:setRole(290)) - d4fb544e-91d6-444d-a862-ad6d9a9779bb@group-BAF98D51E095: changes role from CANDIDATE to LEADER at term 1 for changeToLeader
2022-03-12 14:25:42,908 [d4fb544e-91d6-444d-a862-ad6d9a9779bb@group-BAF98D51E095-LeaderElection8] INFO  ratis.XceiverServerRatis (XceiverServerRatis.java:handleLeaderChangedNotification(869)) - Leader change notification received for group: group-BAF98D51E095 with new leaderId: d4fb544e-91d6-444d-a862-ad6d9a9779bb
2022-03-12 14:25:42,918 [EventQueue-OpenPipelineForHealthyPipelineSafeModeRule] INFO  safemode.SCMSafeModeManager (HealthyPipelineSafeModeRule.java:process(124)) - SCM in safe mode. Healthy pipelines reported count is 0, required healthy pipeline reported count is 1
2022-03-12 14:25:42,919 [d4fb544e-91d6-444d-a862-ad6d9a9779bb@group-BAF98D51E095-LeaderElection8] INFO  server.RaftServer$Division (ServerState.java:setLeader(285)) - d4fb544e-91d6-444d-a862-ad6d9a9779bb@group-BAF98D51E095: change Leader from null to d4fb544e-91d6-444d-a862-ad6d9a9779bb at term 1 for becomeLeader, leader elected after 5223ms
2022-03-12 14:25:42,921 [d4fb544e-91d6-444d-a862-ad6d9a9779bb@group-BAF98D51E095-LeaderElection8] INFO  server.RaftServerConfigKeys (ConfUtils.java:logGet(44)) - raft.server.staging.catchup.gap = 1000 (default)
2022-03-12 14:25:42,921 [d4fb544e-91d6-444d-a862-ad6d9a9779bb@group-BAF98D51E095-LeaderElection8] INFO  server.RaftServerConfigKeys (ConfUtils.java:logGet(44)) - raft.server.write.element-limit = 1024 (custom)
2022-03-12 14:25:42,921 [d4fb544e-91d6-444d-a862-ad6d9a9779bb@group-BAF98D51E095-LeaderElection8] INFO  server.RaftServerConfigKeys (ConfUtils.java:logGet(44)) - raft.server.write.byte-limit = 1024 M (=1073741824) (custom)
2022-03-12 14:25:42,922 [d4fb544e-91d6-444d-a862-ad6d9a9779bb@group-BAF98D51E095-LeaderElection8] INFO  server.RaftServerConfigKeys (ConfUtils.java:logGet(44)) - raft.server.watch.timeout = 180s (custom)
2022-03-12 14:25:42,922 [d4fb544e-91d6-444d-a862-ad6d9a9779bb@group-BAF98D51E095-LeaderElection8] INFO  server.RaftServerConfigKeys (ConfUtils.java:logGet(44)) - raft.server.watch.timeout.denomination = 1s (default)
2022-03-12 14:25:42,922 [d4fb544e-91d6-444d-a862-ad6d9a9779bb@group-BAF98D51E095-LeaderElection8] INFO  server.RaftServerConfigKeys (ConfUtils.java:logGet(44)) - raft.server.watch.element-limit = 65536 (default)
2022-03-12 14:25:42,922 [d4fb544e-91d6-444d-a862-ad6d9a9779bb@group-BAF98D51E095-LeaderElection8] INFO  server.RaftServerConfigKeys (ConfUtils.java:logGet(44)) - raft.server.write.element-limit = 1024 (custom)
2022-03-12 14:25:42,922 [d4fb544e-91d6-444d-a862-ad6d9a9779bb@group-BAF98D51E095-LeaderElection8] INFO  server.RaftServerConfigKeys (ConfUtils.java:logGet(44)) - raft.server.write.follower.gap.ratio.max = -1.0 (default)
2022-03-12 14:25:42,922 [d4fb544e-91d6-444d-a862-ad6d9a9779bb@group-BAF98D51E095-LeaderElection8] INFO  impl.RoleInfo (RoleInfo.java:updateAndGet(130)) - d4fb544e-91d6-444d-a862-ad6d9a9779bb: start d4fb544e-91d6-444d-a862-ad6d9a9779bb@group-BAF98D51E095-LeaderStateImpl
2022-03-12 14:25:42,922 [d4fb544e-91d6-444d-a862-ad6d9a9779bb@group-BAF98D51E095-LeaderElection8] INFO  segmented.SegmentedRaftLogWorker (SegmentedRaftLogWorker.java:startLogSegment(394)) - d4fb544e-91d6-444d-a862-ad6d9a9779bb@group-BAF98D51E095-SegmentedRaftLogWorker: Starting segment from index:0
2022-03-12 14:25:42,924 [d4fb544e-91d6-444d-a862-ad6d9a9779bb@group-BAF98D51E095-SegmentedRaftLogWorker] INFO  segmented.SegmentedRaftLogWorker (SegmentedRaftLogWorker.java:execute(601)) - d4fb544e-91d6-444d-a862-ad6d9a9779bb@group-BAF98D51E095-SegmentedRaftLogWorker: created new log segment /home/runner/work/ozone/ozone/hadoop-ozone/integration-test/target/test-dir/MiniOzoneClusterImpl-f5f50f7a-5524-4be5-b9ff-96e951a72c81/datanode-0/data/ratis/8c06a477-57b0-4147-bb6e-baf98d51e095/current/log_inprogress_0
2022-03-12 14:25:42,927 [d4fb544e-91d6-444d-a862-ad6d9a9779bb@group-BAF98D51E095-LeaderElection8] INFO  server.RaftServer$Division (ServerState.java:setRaftConf(387)) - d4fb544e-91d6-444d-a862-ad6d9a9779bb@group-BAF98D51E095: set configuration 0: [d4fb544e-91d6-444d-a862-ad6d9a9779bb|rpc:10.1.0.8:36501|dataStream:|priority:1], old=null
2022-03-12 14:25:43,124 [0367229f-3e47-487a-a81f-dafd2c48bc0a@group-A8783ECACE45-FollowerState] INFO  impl.FollowerState (FollowerState.java:run(134)) - 0367229f-3e47-487a-a81f-dafd2c48bc0a@group-A8783ECACE45-FollowerState: change to CANDIDATE, lastRpcElapsedTime:5057729883ns, electionTimeout:5035ms
2022-03-12 14:25:43,124 [0367229f-3e47-487a-a81f-dafd2c48bc0a@group-A8783ECACE45-FollowerState] INFO  impl.RoleInfo (RoleInfo.java:shutdownFollowerState(108)) - 0367229f-3e47-487a-a81f-dafd2c48bc0a: shutdown 0367229f-3e47-487a-a81f-dafd2c48bc0a@group-A8783ECACE45-FollowerState
2022-03-12 14:25:43,124 [0367229f-3e47-487a-a81f-dafd2c48bc0a@group-A8783ECACE45-FollowerState] INFO  server.RaftServer$Division (RaftServerImpl.java:setRole(290)) - 0367229f-3e47-487a-a81f-dafd2c48bc0a@group-A8783ECACE45: changes role from  FOLLOWER to CANDIDATE at term 0 for changeToCandidate
2022-03-12 14:25:43,125 [0367229f-3e47-487a-a81f-dafd2c48bc0a@group-A8783ECACE45-FollowerState] INFO  server.RaftServerConfigKeys (ConfUtils.java:logGet(44)) - raft.server.leaderelection.pre-vote = false (custom)
2022-03-12 14:25:43,125 [0367229f-3e47-487a-a81f-dafd2c48bc0a@group-A8783ECACE45-FollowerState] INFO  impl.RoleInfo (RoleInfo.java:updateAndGet(130)) - 0367229f-3e47-487a-a81f-dafd2c48bc0a: start 0367229f-3e47-487a-a81f-dafd2c48bc0a@group-A8783ECACE45-LeaderElection9
2022-03-12 14:25:43,137 [0367229f-3e47-487a-a81f-dafd2c48bc0a@group-A8783ECACE45-LeaderElection9] INFO  impl.LeaderElection (LeaderElection.java:askForVotes(306)) - 0367229f-3e47-487a-a81f-dafd2c48bc0a@group-A8783ECACE45-LeaderElection9 ELECTION round 0: submit vote requests at term 1 for -1: [0367229f-3e47-487a-a81f-dafd2c48bc0a|rpc:10.1.0.8:38083|priority:1], old=null
2022-03-12 14:25:43,137 [0367229f-3e47-487a-a81f-dafd2c48bc0a@group-A8783ECACE45-LeaderElection9] INFO  impl.LeaderElection (LeaderElection.java:askForVotes(308)) - 0367229f-3e47-487a-a81f-dafd2c48bc0a@group-A8783ECACE45-LeaderElection9 ELECTION round 0: result PASSED (term=1)
2022-03-12 14:25:43,137 [0367229f-3e47-487a-a81f-dafd2c48bc0a@group-A8783ECACE45-LeaderElection9] INFO  impl.RoleInfo (RoleInfo.java:shutdownLeaderElection(121)) - 0367229f-3e47-487a-a81f-dafd2c48bc0a: shutdown 0367229f-3e47-487a-a81f-dafd2c48bc0a@group-A8783ECACE45-LeaderElection9
2022-03-12 14:25:43,137 [0367229f-3e47-487a-a81f-dafd2c48bc0a@group-A8783ECACE45-LeaderElection9] INFO  server.RaftServer$Division (RaftServerImpl.java:setRole(290)) - 0367229f-3e47-487a-a81f-dafd2c48bc0a@group-A8783ECACE45: changes role from CANDIDATE to LEADER at term 1 for changeToLeader
2022-03-12 14:25:43,137 [0367229f-3e47-487a-a81f-dafd2c48bc0a@group-A8783ECACE45-LeaderElection9] INFO  ratis.XceiverServerRatis (XceiverServerRatis.java:handleLeaderChangedNotification(869)) - Leader change notification received for group: group-A8783ECACE45 with new leaderId: 0367229f-3e47-487a-a81f-dafd2c48bc0a
2022-03-12 14:25:43,141 [EventQueue-OpenPipelineForHealthyPipelineSafeModeRule] INFO  safemode.SCMSafeModeManager (HealthyPipelineSafeModeRule.java:process(124)) - SCM in safe mode. Healthy pipelines reported count is 0, required healthy pipeline reported count is 1
2022-03-12 14:25:43,142 [0367229f-3e47-487a-a81f-dafd2c48bc0a@group-A8783ECACE45-LeaderElection9] INFO  server.RaftServer$Division (ServerState.java:setLeader(285)) - 0367229f-3e47-487a-a81f-dafd2c48bc0a@group-A8783ECACE45: change Leader from null to 0367229f-3e47-487a-a81f-dafd2c48bc0a at term 1 for becomeLeader, leader elected after 5085ms
2022-03-12 14:25:43,142 [0367229f-3e47-487a-a81f-dafd2c48bc0a@group-A8783ECACE45-LeaderElection9] INFO  server.RaftServerConfigKeys (ConfUtils.java:logGet(44)) - raft.server.staging.catchup.gap = 1000 (default)
2022-03-12 14:25:43,142 [0367229f-3e47-487a-a81f-dafd2c48bc0a@group-A8783ECACE45-LeaderElection9] INFO  server.RaftServerConfigKeys (ConfUtils.java:logGet(44)) - raft.server.write.element-limit = 1024 (custom)
2022-03-12 14:25:43,143 [0367229f-3e47-487a-a81f-dafd2c48bc0a@group-A8783ECACE45-LeaderElection9] INFO  server.RaftServerConfigKeys (ConfUtils.java:logGet(44)) - raft.server.write.byte-limit = 1024 M (=1073741824) (custom)
2022-03-12 14:25:43,143 [0367229f-3e47-487a-a81f-dafd2c48bc0a@group-A8783ECACE45-LeaderElection9] INFO  server.RaftServerConfigKeys (ConfUtils.java:logGet(44)) - raft.server.watch.timeout = 180s (custom)
2022-03-12 14:25:43,143 [0367229f-3e47-487a-a81f-dafd2c48bc0a@group-A8783ECACE45-LeaderElection9] INFO  server.RaftServerConfigKeys (ConfUtils.java:logGet(44)) - raft.server.watch.timeout.denomination = 1s (default)
2022-03-12 14:25:43,143 [0367229f-3e47-487a-a81f-dafd2c48bc0a@group-A8783ECACE45-LeaderElection9] INFO  server.RaftServerConfigKeys (ConfUtils.java:logGet(44)) - raft.server.watch.element-limit = 65536 (default)
2022-03-12 14:25:43,143 [0367229f-3e47-487a-a81f-dafd2c48bc0a@group-A8783ECACE45-LeaderElection9] INFO  server.RaftServerConfigKeys (ConfUtils.java:logGet(44)) - raft.server.write.element-limit = 1024 (custom)
2022-03-12 14:25:43,143 [0367229f-3e47-487a-a81f-dafd2c48bc0a@group-A8783ECACE45-LeaderElection9] INFO  server.RaftServerConfigKeys (ConfUtils.java:logGet(44)) - raft.server.write.follower.gap.ratio.max = -1.0 (default)
2022-03-12 14:25:43,143 [0367229f-3e47-487a-a81f-dafd2c48bc0a@group-A8783ECACE45-LeaderElection9] INFO  impl.RoleInfo (RoleInfo.java:updateAndGet(130)) - 0367229f-3e47-487a-a81f-dafd2c48bc0a: start 0367229f-3e47-487a-a81f-dafd2c48bc0a@group-A8783ECACE45-LeaderStateImpl
2022-03-12 14:25:43,144 [0367229f-3e47-487a-a81f-dafd2c48bc0a@group-A8783ECACE45-LeaderElection9] INFO  segmented.SegmentedRaftLogWorker (SegmentedRaftLogWorker.java:startLogSegment(394)) - 0367229f-3e47-487a-a81f-dafd2c48bc0a@group-A8783ECACE45-SegmentedRaftLogWorker: Starting segment from index:0
2022-03-12 14:25:43,145 [0367229f-3e47-487a-a81f-dafd2c48bc0a@group-A8783ECACE45-SegmentedRaftLogWorker] INFO  segmented.SegmentedRaftLogWorker (SegmentedRaftLogWorker.java:execute(601)) - 0367229f-3e47-487a-a81f-dafd2c48bc0a@group-A8783ECACE45-SegmentedRaftLogWorker: created new log segment /home/runner/work/ozone/ozone/hadoop-ozone/integration-test/target/test-dir/MiniOzoneClusterImpl-f5f50f7a-5524-4be5-b9ff-96e951a72c81/datanode-1/data/ratis/82d9d219-8982-44c6-a959-a8783ecace45/current/log_inprogress_0
2022-03-12 14:25:43,146 [0367229f-3e47-487a-a81f-dafd2c48bc0a@group-A8783ECACE45-LeaderElection9] INFO  server.RaftServer$Division (ServerState.java:setRaftConf(387)) - 0367229f-3e47-487a-a81f-dafd2c48bc0a@group-A8783ECACE45: set configuration 0: [0367229f-3e47-487a-a81f-dafd2c48bc0a|rpc:10.1.0.8:38083|dataStream:|priority:1], old=null
2022-03-12 14:25:43,266 [Listener at 127.0.0.1/33353] INFO  ozone.MiniOzoneClusterImpl (MiniOzoneClusterImpl.java:lambda$waitForClusterToBeReady$0(219)) - Nodes are ready. Got 3 of 3 DN Heartbeats.
2022-03-12 14:25:43,266 [Listener at 127.0.0.1/33353] INFO  ozone.MiniOzoneClusterImpl (MiniOzoneClusterImpl.java:lambda$waitForClusterToBeReady$0(222)) - Waiting for cluster to exit safe mode
2022-03-12 14:25:43,266 [Listener at 127.0.0.1/33353] INFO  ozone.MiniOzoneClusterImpl (MiniOzoneClusterImpl.java:lambda$waitForClusterToBeReady$0(224)) - SCM became leader
2022-03-12 14:25:43,487 [f8b47a51-d582-4728-836c-b6b8cb6674d2@group-CDBE3B011F1C-FollowerState] INFO  impl.FollowerState (FollowerState.java:run(134)) - f8b47a51-d582-4728-836c-b6b8cb6674d2@group-CDBE3B011F1C-FollowerState: change to CANDIDATE, lastRpcElapsedTime:5133472405ns, electionTimeout:5118ms
2022-03-12 14:25:43,488 [f8b47a51-d582-4728-836c-b6b8cb6674d2@group-CDBE3B011F1C-FollowerState] INFO  impl.RoleInfo (RoleInfo.java:shutdownFollowerState(108)) - f8b47a51-d582-4728-836c-b6b8cb6674d2: shutdown f8b47a51-d582-4728-836c-b6b8cb6674d2@group-CDBE3B011F1C-FollowerState
2022-03-12 14:25:43,488 [f8b47a51-d582-4728-836c-b6b8cb6674d2@group-CDBE3B011F1C-FollowerState] INFO  server.RaftServer$Division (RaftServerImpl.java:setRole(290)) - f8b47a51-d582-4728-836c-b6b8cb6674d2@group-CDBE3B011F1C: changes role from  FOLLOWER to CANDIDATE at term 0 for changeToCandidate
2022-03-12 14:25:43,490 [f8b47a51-d582-4728-836c-b6b8cb6674d2@group-CDBE3B011F1C-FollowerState] INFO  server.RaftServerConfigKeys (ConfUtils.java:logGet(44)) - raft.server.leaderelection.pre-vote = false (custom)
2022-03-12 14:25:43,490 [f8b47a51-d582-4728-836c-b6b8cb6674d2@group-CDBE3B011F1C-FollowerState] INFO  impl.RoleInfo (RoleInfo.java:updateAndGet(130)) - f8b47a51-d582-4728-836c-b6b8cb6674d2: start f8b47a51-d582-4728-836c-b6b8cb6674d2@group-CDBE3B011F1C-LeaderElection10
2022-03-12 14:25:43,498 [f8b47a51-d582-4728-836c-b6b8cb6674d2@group-CDBE3B011F1C-LeaderElection10] INFO  impl.LeaderElection (LeaderElection.java:askForVotes(306)) - f8b47a51-d582-4728-836c-b6b8cb6674d2@group-CDBE3B011F1C-LeaderElection10 ELECTION round 0: submit vote requests at term 1 for -1: [f8b47a51-d582-4728-836c-b6b8cb6674d2|rpc:10.1.0.8:34337|priority:1], old=null
2022-03-12 14:25:43,499 [f8b47a51-d582-4728-836c-b6b8cb6674d2@group-CDBE3B011F1C-LeaderElection10] INFO  impl.LeaderElection (LeaderElection.java:askForVotes(308)) - f8b47a51-d582-4728-836c-b6b8cb6674d2@group-CDBE3B011F1C-LeaderElection10 ELECTION round 0: result PASSED (term=1)
2022-03-12 14:25:43,499 [f8b47a51-d582-4728-836c-b6b8cb6674d2@group-CDBE3B011F1C-LeaderElection10] INFO  impl.RoleInfo (RoleInfo.java:shutdownLeaderElection(121)) - f8b47a51-d582-4728-836c-b6b8cb6674d2: shutdown f8b47a51-d582-4728-836c-b6b8cb6674d2@group-CDBE3B011F1C-LeaderElection10
2022-03-12 14:25:43,499 [f8b47a51-d582-4728-836c-b6b8cb6674d2@group-CDBE3B011F1C-LeaderElection10] INFO  server.RaftServer$Division (RaftServerImpl.java:setRole(290)) - f8b47a51-d582-4728-836c-b6b8cb6674d2@group-CDBE3B011F1C: changes role from CANDIDATE to LEADER at term 1 for changeToLeader
2022-03-12 14:25:43,499 [f8b47a51-d582-4728-836c-b6b8cb6674d2@group-CDBE3B011F1C-LeaderElection10] INFO  ratis.XceiverServerRatis (XceiverServerRatis.java:handleLeaderChangedNotification(869)) - Leader change notification received for group: group-CDBE3B011F1C with new leaderId: f8b47a51-d582-4728-836c-b6b8cb6674d2
2022-03-12 14:25:43,501 [EventQueue-OpenPipelineForHealthyPipelineSafeModeRule] INFO  safemode.SCMSafeModeManager (HealthyPipelineSafeModeRule.java:process(124)) - SCM in safe mode. Healthy pipelines reported count is 0, required healthy pipeline reported count is 1
2022-03-12 14:25:43,502 [f8b47a51-d582-4728-836c-b6b8cb6674d2@group-CDBE3B011F1C-LeaderElection10] INFO  server.RaftServer$Division (ServerState.java:setLeader(285)) - f8b47a51-d582-4728-836c-b6b8cb6674d2@group-CDBE3B011F1C: change Leader from null to f8b47a51-d582-4728-836c-b6b8cb6674d2 at term 1 for becomeLeader, leader elected after 5170ms
2022-03-12 14:25:43,503 [f8b47a51-d582-4728-836c-b6b8cb6674d2@group-CDBE3B011F1C-LeaderElection10] INFO  server.RaftServerConfigKeys (ConfUtils.java:logGet(44)) - raft.server.staging.catchup.gap = 1000 (default)
2022-03-12 14:25:43,503 [f8b47a51-d582-4728-836c-b6b8cb6674d2@group-CDBE3B011F1C-LeaderElection10] INFO  server.RaftServerConfigKeys (ConfUtils.java:logGet(44)) - raft.server.write.element-limit = 1024 (custom)
2022-03-12 14:25:43,503 [f8b47a51-d582-4728-836c-b6b8cb6674d2@group-CDBE3B011F1C-LeaderElection10] INFO  server.RaftServerConfigKeys (ConfUtils.java:logGet(44)) - raft.server.write.byte-limit = 1024 M (=1073741824) (custom)
2022-03-12 14:25:43,503 [f8b47a51-d582-4728-836c-b6b8cb6674d2@group-CDBE3B011F1C-LeaderElection10] INFO  server.RaftServerConfigKeys (ConfUtils.java:logGet(44)) - raft.server.watch.timeout = 180s (custom)
2022-03-12 14:25:43,503 [f8b47a51-d582-4728-836c-b6b8cb6674d2@group-CDBE3B011F1C-LeaderElection10] INFO  server.RaftServerConfigKeys (ConfUtils.java:logGet(44)) - raft.server.watch.timeout.denomination = 1s (default)
2022-03-12 14:25:43,503 [f8b47a51-d582-4728-836c-b6b8cb6674d2@group-CDBE3B011F1C-LeaderElection10] INFO  server.RaftServerConfigKeys (ConfUtils.java:logGet(44)) - raft.server.watch.element-limit = 65536 (default)
2022-03-12 14:25:43,504 [f8b47a51-d582-4728-836c-b6b8cb6674d2@group-CDBE3B011F1C-LeaderElection10] INFO  server.RaftServerConfigKeys (ConfUtils.java:logGet(44)) - raft.server.write.element-limit = 1024 (custom)
2022-03-12 14:25:43,504 [f8b47a51-d582-4728-836c-b6b8cb6674d2@group-CDBE3B011F1C-LeaderElection10] INFO  server.RaftServerConfigKeys (ConfUtils.java:logGet(44)) - raft.server.write.follower.gap.ratio.max = -1.0 (default)
2022-03-12 14:25:43,504 [f8b47a51-d582-4728-836c-b6b8cb6674d2@group-CDBE3B011F1C-LeaderElection10] INFO  impl.RoleInfo (RoleInfo.java:updateAndGet(130)) - f8b47a51-d582-4728-836c-b6b8cb6674d2: start f8b47a51-d582-4728-836c-b6b8cb6674d2@group-CDBE3B011F1C-LeaderStateImpl
2022-03-12 14:25:43,505 [f8b47a51-d582-4728-836c-b6b8cb6674d2@group-CDBE3B011F1C-LeaderElection10] INFO  segmented.SegmentedRaftLogWorker (SegmentedRaftLogWorker.java:startLogSegment(394)) - f8b47a51-d582-4728-836c-b6b8cb6674d2@group-CDBE3B011F1C-SegmentedRaftLogWorker: Starting segment from index:0
2022-03-12 14:25:43,506 [f8b47a51-d582-4728-836c-b6b8cb6674d2@group-CDBE3B011F1C-SegmentedRaftLogWorker] INFO  segmented.SegmentedRaftLogWorker (SegmentedRaftLogWorker.java:execute(601)) - f8b47a51-d582-4728-836c-b6b8cb6674d2@group-CDBE3B011F1C-SegmentedRaftLogWorker: created new log segment /home/runner/work/ozone/ozone/hadoop-ozone/integration-test/target/test-dir/MiniOzoneClusterImpl-f5f50f7a-5524-4be5-b9ff-96e951a72c81/datanode-2/data/ratis/6bbd408a-315a-4618-b37a-cdbe3b011f1c/current/log_inprogress_0
2022-03-12 14:25:43,512 [f8b47a51-d582-4728-836c-b6b8cb6674d2@group-CDBE3B011F1C-LeaderElection10] INFO  server.RaftServer$Division (ServerState.java:setRaftConf(387)) - f8b47a51-d582-4728-836c-b6b8cb6674d2@group-CDBE3B011F1C: set configuration 0: [f8b47a51-d582-4728-836c-b6b8cb6674d2|rpc:10.1.0.8:34337|dataStream:|priority:1], old=null
2022-03-12 14:25:44,266 [Listener at 127.0.0.1/33353] INFO  ozone.MiniOzoneClusterImpl (MiniOzoneClusterImpl.java:lambda$waitForClusterToBeReady$0(219)) - Nodes are ready. Got 3 of 3 DN Heartbeats.
2022-03-12 14:25:44,266 [Listener at 127.0.0.1/33353] INFO  ozone.MiniOzoneClusterImpl (MiniOzoneClusterImpl.java:lambda$waitForClusterToBeReady$0(222)) - Waiting for cluster to exit safe mode
2022-03-12 14:25:44,266 [Listener at 127.0.0.1/33353] INFO  ozone.MiniOzoneClusterImpl (MiniOzoneClusterImpl.java:lambda$waitForClusterToBeReady$0(224)) - SCM became leader
2022-03-12 14:25:45,267 [Listener at 127.0.0.1/33353] INFO  ozone.MiniOzoneClusterImpl (MiniOzoneClusterImpl.java:lambda$waitForClusterToBeReady$0(219)) - Nodes are ready. Got 3 of 3 DN Heartbeats.
2022-03-12 14:25:45,267 [Listener at 127.0.0.1/33353] INFO  ozone.MiniOzoneClusterImpl (MiniOzoneClusterImpl.java:lambda$waitForClusterToBeReady$0(222)) - Waiting for cluster to exit safe mode
2022-03-12 14:25:45,267 [Listener at 127.0.0.1/33353] INFO  ozone.MiniOzoneClusterImpl (MiniOzoneClusterImpl.java:lambda$waitForClusterToBeReady$0(224)) - SCM became leader
2022-03-12 14:25:46,267 [Listener at 127.0.0.1/33353] INFO  ozone.MiniOzoneClusterImpl (MiniOzoneClusterImpl.java:lambda$waitForClusterToBeReady$0(219)) - Nodes are ready. Got 3 of 3 DN Heartbeats.
2022-03-12 14:25:46,268 [Listener at 127.0.0.1/33353] INFO  ozone.MiniOzoneClusterImpl (MiniOzoneClusterImpl.java:lambda$waitForClusterToBeReady$0(222)) - Waiting for cluster to exit safe mode
2022-03-12 14:25:46,268 [Listener at 127.0.0.1/33353] INFO  ozone.MiniOzoneClusterImpl (MiniOzoneClusterImpl.java:lambda$waitForClusterToBeReady$0(224)) - SCM became leader
2022-03-12 14:25:47,268 [Listener at 127.0.0.1/33353] INFO  ozone.MiniOzoneClusterImpl (MiniOzoneClusterImpl.java:lambda$waitForClusterToBeReady$0(219)) - Nodes are ready. Got 3 of 3 DN Heartbeats.
2022-03-12 14:25:47,268 [Listener at 127.0.0.1/33353] INFO  ozone.MiniOzoneClusterImpl (MiniOzoneClusterImpl.java:lambda$waitForClusterToBeReady$0(222)) - Waiting for cluster to exit safe mode
2022-03-12 14:25:47,268 [Listener at 127.0.0.1/33353] INFO  ozone.MiniOzoneClusterImpl (MiniOzoneClusterImpl.java:lambda$waitForClusterToBeReady$0(224)) - SCM became leader
2022-03-12 14:25:47,880 [f8b47a51-d582-4728-836c-b6b8cb6674d2@group-1B7447CB48D6-FollowerState] INFO  impl.FollowerState (FollowerState.java:run(134)) - f8b47a51-d582-4728-836c-b6b8cb6674d2@group-1B7447CB48D6-FollowerState: change to CANDIDATE, lastRpcElapsedTime:5012961374ns, electionTimeout:5007ms
2022-03-12 14:25:47,880 [f8b47a51-d582-4728-836c-b6b8cb6674d2@group-1B7447CB48D6-FollowerState] INFO  impl.RoleInfo (RoleInfo.java:shutdownFollowerState(108)) - f8b47a51-d582-4728-836c-b6b8cb6674d2: shutdown f8b47a51-d582-4728-836c-b6b8cb6674d2@group-1B7447CB48D6-FollowerState
2022-03-12 14:25:47,880 [f8b47a51-d582-4728-836c-b6b8cb6674d2@group-1B7447CB48D6-FollowerState] INFO  server.RaftServer$Division (RaftServerImpl.java:setRole(290)) - f8b47a51-d582-4728-836c-b6b8cb6674d2@group-1B7447CB48D6: changes role from  FOLLOWER to CANDIDATE at term 1 for changeToCandidate
2022-03-12 14:25:47,880 [f8b47a51-d582-4728-836c-b6b8cb6674d2@group-1B7447CB48D6-FollowerState] INFO  server.RaftServerConfigKeys (ConfUtils.java:logGet(44)) - raft.server.leaderelection.pre-vote = false (custom)
2022-03-12 14:25:47,880 [f8b47a51-d582-4728-836c-b6b8cb6674d2@group-1B7447CB48D6-FollowerState] INFO  impl.RoleInfo (RoleInfo.java:updateAndGet(130)) - f8b47a51-d582-4728-836c-b6b8cb6674d2: start f8b47a51-d582-4728-836c-b6b8cb6674d2@group-1B7447CB48D6-LeaderElection11
2022-03-12 14:25:47,892 [f8b47a51-d582-4728-836c-b6b8cb6674d2@group-1B7447CB48D6-LeaderElection11] INFO  impl.LeaderElection (LeaderElection.java:askForVotes(306)) - f8b47a51-d582-4728-836c-b6b8cb6674d2@group-1B7447CB48D6-LeaderElection11 ELECTION round 0: submit vote requests at term 2 for -1: [0367229f-3e47-487a-a81f-dafd2c48bc0a|rpc:10.1.0.8:38083|priority:1, d4fb544e-91d6-444d-a862-ad6d9a9779bb|rpc:10.1.0.8:36501|priority:0, f8b47a51-d582-4728-836c-b6b8cb6674d2|rpc:10.1.0.8:34337|priority:0], old=null
2022-03-12 14:25:47,911 [grpc-default-executor-2] INFO  server.RaftServer$Division (RaftServerImpl.java:requestVote(1046)) - 0367229f-3e47-487a-a81f-dafd2c48bc0a@group-1B7447CB48D6: receive requestVote(ELECTION, f8b47a51-d582-4728-836c-b6b8cb6674d2, group-1B7447CB48D6, 2, (t:0, i:0))
2022-03-12 14:25:47,912 [grpc-default-executor-2] INFO  impl.VoteContext (VoteContext.java:log(48)) - 0367229f-3e47-487a-a81f-dafd2c48bc0a@group-1B7447CB48D6-FOLLOWER: reject ELECTION from f8b47a51-d582-4728-836c-b6b8cb6674d2: our priority 1 > candidate's priority 0
2022-03-12 14:25:47,912 [grpc-default-executor-2] INFO  server.RaftServer$Division (RaftServerImpl.java:setRole(290)) - 0367229f-3e47-487a-a81f-dafd2c48bc0a@group-1B7447CB48D6: changes role from  FOLLOWER to FOLLOWER at term 2 for candidate:f8b47a51-d582-4728-836c-b6b8cb6674d2
2022-03-12 14:25:47,912 [grpc-default-executor-2] INFO  impl.RoleInfo (RoleInfo.java:shutdownFollowerState(108)) - 0367229f-3e47-487a-a81f-dafd2c48bc0a: shutdown 0367229f-3e47-487a-a81f-dafd2c48bc0a@group-1B7447CB48D6-FollowerState
2022-03-12 14:25:47,912 [grpc-default-executor-2] INFO  impl.RoleInfo (RoleInfo.java:updateAndGet(130)) - 0367229f-3e47-487a-a81f-dafd2c48bc0a: start 0367229f-3e47-487a-a81f-dafd2c48bc0a@group-1B7447CB48D6-FollowerState
2022-03-12 14:25:47,912 [0367229f-3e47-487a-a81f-dafd2c48bc0a@group-1B7447CB48D6-FollowerState] INFO  impl.FollowerState (FollowerState.java:run(143)) - 0367229f-3e47-487a-a81f-dafd2c48bc0a@group-1B7447CB48D6-FollowerState was interrupted: {}
java.lang.InterruptedException: sleep interrupted
	at java.lang.Thread.sleep(Native Method)
	at java.lang.Thread.sleep(Thread.java:342)
	at java.util.concurrent.TimeUnit.sleep(TimeUnit.java:386)
	at org.apache.ratis.util.TimeDuration.sleep(TimeDuration.java:324)
	at org.apache.ratis.util.TimeDuration.sleep(TimeDuration.java:309)
	at org.apache.ratis.server.impl.FollowerState.run(FollowerState.java:118)
2022-03-12 14:25:47,914 [grpc-default-executor-2] INFO  server.RaftServer$Division (RaftServerImpl.java:requestVote(1078)) - 0367229f-3e47-487a-a81f-dafd2c48bc0a@group-1B7447CB48D6 replies to ELECTION vote request: f8b47a51-d582-4728-836c-b6b8cb6674d2<-0367229f-3e47-487a-a81f-dafd2c48bc0a#0:FAIL-t2. Peer's state: 0367229f-3e47-487a-a81f-dafd2c48bc0a@group-1B7447CB48D6:t2, leader=null, voted=null, raftlog=0367229f-3e47-487a-a81f-dafd2c48bc0a@group-1B7447CB48D6-SegmentedRaftLog:OPENED:c-1, conf=-1: [0367229f-3e47-487a-a81f-dafd2c48bc0a|rpc:10.1.0.8:38083|priority:1, d4fb544e-91d6-444d-a862-ad6d9a9779bb|rpc:10.1.0.8:36501|priority:0, f8b47a51-d582-4728-836c-b6b8cb6674d2|rpc:10.1.0.8:34337|priority:0], old=null
2022-03-12 14:25:47,916 [f8b47a51-d582-4728-836c-b6b8cb6674d2@group-1B7447CB48D6-LeaderElection11] INFO  impl.LeaderElection (LeaderElection.java:logAndReturn(89)) - f8b47a51-d582-4728-836c-b6b8cb6674d2@group-1B7447CB48D6-LeaderElection11: ELECTION REJECTED received 1 response(s) and 0 exception(s):
2022-03-12 14:25:47,919 [f8b47a51-d582-4728-836c-b6b8cb6674d2@group-1B7447CB48D6-LeaderElection11] INFO  impl.LeaderElection (LeaderElection.java:logAndReturn(93)) -   Response 0: f8b47a51-d582-4728-836c-b6b8cb6674d2<-0367229f-3e47-487a-a81f-dafd2c48bc0a#0:FAIL-t2
2022-03-12 14:25:47,919 [f8b47a51-d582-4728-836c-b6b8cb6674d2@group-1B7447CB48D6-LeaderElection11] INFO  impl.LeaderElection (LeaderElection.java:askForVotes(308)) - f8b47a51-d582-4728-836c-b6b8cb6674d2@group-1B7447CB48D6-LeaderElection11 ELECTION round 0: result REJECTED
2022-03-12 14:25:47,919 [f8b47a51-d582-4728-836c-b6b8cb6674d2@group-1B7447CB48D6-LeaderElection11] INFO  server.RaftServer$Division (RaftServerImpl.java:setRole(290)) - f8b47a51-d582-4728-836c-b6b8cb6674d2@group-1B7447CB48D6: changes role from CANDIDATE to FOLLOWER at term 2 for REJECTED
2022-03-12 14:25:47,919 [f8b47a51-d582-4728-836c-b6b8cb6674d2@group-1B7447CB48D6-LeaderElection11] INFO  impl.RoleInfo (RoleInfo.java:shutdownLeaderElection(121)) - f8b47a51-d582-4728-836c-b6b8cb6674d2: shutdown f8b47a51-d582-4728-836c-b6b8cb6674d2@group-1B7447CB48D6-LeaderElection11
2022-03-12 14:25:47,919 [f8b47a51-d582-4728-836c-b6b8cb6674d2@group-1B7447CB48D6-LeaderElection11] INFO  impl.RoleInfo (RoleInfo.java:updateAndGet(130)) - f8b47a51-d582-4728-836c-b6b8cb6674d2: start f8b47a51-d582-4728-836c-b6b8cb6674d2@group-1B7447CB48D6-FollowerState
2022-03-12 14:25:47,922 [grpc-default-executor-2] INFO  server.RaftServer$Division (RaftServerImpl.java:requestVote(1046)) - d4fb544e-91d6-444d-a862-ad6d9a9779bb@group-1B7447CB48D6: receive requestVote(ELECTION, f8b47a51-d582-4728-836c-b6b8cb6674d2, group-1B7447CB48D6, 2, (t:0, i:0))
2022-03-12 14:25:47,922 [grpc-default-executor-2] INFO  impl.VoteContext (VoteContext.java:log(48)) - d4fb544e-91d6-444d-a862-ad6d9a9779bb@group-1B7447CB48D6-FOLLOWER: accept ELECTION from f8b47a51-d582-4728-836c-b6b8cb6674d2: our priority 0 <= candidate's priority 0
2022-03-12 14:25:47,922 [grpc-default-executor-2] INFO  server.RaftServer$Division (RaftServerImpl.java:setRole(290)) - d4fb544e-91d6-444d-a862-ad6d9a9779bb@group-1B7447CB48D6: changes role from  FOLLOWER to FOLLOWER at term 2 for candidate:f8b47a51-d582-4728-836c-b6b8cb6674d2
2022-03-12 14:25:47,922 [grpc-default-executor-2] INFO  impl.RoleInfo (RoleInfo.java:shutdownFollowerState(108)) - d4fb544e-91d6-444d-a862-ad6d9a9779bb: shutdown d4fb544e-91d6-444d-a862-ad6d9a9779bb@group-1B7447CB48D6-FollowerState
2022-03-12 14:25:47,922 [grpc-default-executor-2] INFO  impl.RoleInfo (RoleInfo.java:updateAndGet(130)) - d4fb544e-91d6-444d-a862-ad6d9a9779bb: start d4fb544e-91d6-444d-a862-ad6d9a9779bb@group-1B7447CB48D6-FollowerState
2022-03-12 14:25:47,922 [d4fb544e-91d6-444d-a862-ad6d9a9779bb@group-1B7447CB48D6-FollowerState] INFO  impl.FollowerState (FollowerState.java:run(143)) - d4fb544e-91d6-444d-a862-ad6d9a9779bb@group-1B7447CB48D6-FollowerState was interrupted: {}
java.lang.InterruptedException: sleep interrupted
	at java.lang.Thread.sleep(Native Method)
	at java.lang.Thread.sleep(Thread.java:342)
	at java.util.concurrent.TimeUnit.sleep(TimeUnit.java:386)
	at org.apache.ratis.util.TimeDuration.sleep(TimeDuration.java:324)
	at org.apache.ratis.util.TimeDuration.sleep(TimeDuration.java:309)
	at org.apache.ratis.server.impl.FollowerState.run(FollowerState.java:118)
2022-03-12 14:25:47,928 [grpc-default-executor-2] INFO  server.RaftServer$Division (RaftServerImpl.java:requestVote(1078)) - d4fb544e-91d6-444d-a862-ad6d9a9779bb@group-1B7447CB48D6 replies to ELECTION vote request: f8b47a51-d582-4728-836c-b6b8cb6674d2<-d4fb544e-91d6-444d-a862-ad6d9a9779bb#0:OK-t2. Peer's state: d4fb544e-91d6-444d-a862-ad6d9a9779bb@group-1B7447CB48D6:t2, leader=null, voted=f8b47a51-d582-4728-836c-b6b8cb6674d2, raftlog=d4fb544e-91d6-444d-a862-ad6d9a9779bb@group-1B7447CB48D6-SegmentedRaftLog:OPENED:c-1, conf=-1: [0367229f-3e47-487a-a81f-dafd2c48bc0a|rpc:10.1.0.8:38083|priority:1, d4fb544e-91d6-444d-a862-ad6d9a9779bb|rpc:10.1.0.8:36501|priority:0, f8b47a51-d582-4728-836c-b6b8cb6674d2|rpc:10.1.0.8:34337|priority:0], old=null
2022-03-12 14:25:48,269 [Listener at 127.0.0.1/33353] INFO  ozone.MiniOzoneClusterImpl (MiniOzoneClusterImpl.java:lambda$waitForClusterToBeReady$0(219)) - Nodes are ready. Got 3 of 3 DN Heartbeats.
2022-03-12 14:25:48,269 [Listener at 127.0.0.1/33353] INFO  ozone.MiniOzoneClusterImpl (MiniOzoneClusterImpl.java:lambda$waitForClusterToBeReady$0(222)) - Waiting for cluster to exit safe mode
2022-03-12 14:25:48,269 [Listener at 127.0.0.1/33353] INFO  ozone.MiniOzoneClusterImpl (MiniOzoneClusterImpl.java:lambda$waitForClusterToBeReady$0(224)) - SCM became leader
2022-03-12 14:25:49,269 [Listener at 127.0.0.1/33353] INFO  ozone.MiniOzoneClusterImpl (MiniOzoneClusterImpl.java:lambda$waitForClusterToBeReady$0(219)) - Nodes are ready. Got 3 of 3 DN Heartbeats.
2022-03-12 14:25:49,270 [Listener at 127.0.0.1/33353] INFO  ozone.MiniOzoneClusterImpl (MiniOzoneClusterImpl.java:lambda$waitForClusterToBeReady$0(222)) - Waiting for cluster to exit safe mode
2022-03-12 14:25:49,270 [Listener at 127.0.0.1/33353] INFO  ozone.MiniOzoneClusterImpl (MiniOzoneClusterImpl.java:lambda$waitForClusterToBeReady$0(224)) - SCM became leader
2022-03-12 14:25:50,270 [Listener at 127.0.0.1/33353] INFO  ozone.MiniOzoneClusterImpl (MiniOzoneClusterImpl.java:lambda$waitForClusterToBeReady$0(219)) - Nodes are ready. Got 3 of 3 DN Heartbeats.
2022-03-12 14:25:50,270 [Listener at 127.0.0.1/33353] INFO  ozone.MiniOzoneClusterImpl (MiniOzoneClusterImpl.java:lambda$waitForClusterToBeReady$0(222)) - Waiting for cluster to exit safe mode
2022-03-12 14:25:50,270 [Listener at 127.0.0.1/33353] INFO  ozone.MiniOzoneClusterImpl (MiniOzoneClusterImpl.java:lambda$waitForClusterToBeReady$0(224)) - SCM became leader
2022-03-12 14:25:51,271 [Listener at 127.0.0.1/33353] INFO  ozone.MiniOzoneClusterImpl (MiniOzoneClusterImpl.java:lambda$waitForClusterToBeReady$0(219)) - Nodes are ready. Got 3 of 3 DN Heartbeats.
2022-03-12 14:25:51,271 [Listener at 127.0.0.1/33353] INFO  ozone.MiniOzoneClusterImpl (MiniOzoneClusterImpl.java:lambda$waitForClusterToBeReady$0(222)) - Waiting for cluster to exit safe mode
2022-03-12 14:25:51,271 [Listener at 127.0.0.1/33353] INFO  ozone.MiniOzoneClusterImpl (MiniOzoneClusterImpl.java:lambda$waitForClusterToBeReady$0(224)) - SCM became leader
2022-03-12 14:25:52,271 [Listener at 127.0.0.1/33353] INFO  ozone.MiniOzoneClusterImpl (MiniOzoneClusterImpl.java:lambda$waitForClusterToBeReady$0(219)) - Nodes are ready. Got 3 of 3 DN Heartbeats.
2022-03-12 14:25:52,272 [Listener at 127.0.0.1/33353] INFO  ozone.MiniOzoneClusterImpl (MiniOzoneClusterImpl.java:lambda$waitForClusterToBeReady$0(222)) - Waiting for cluster to exit safe mode
2022-03-12 14:25:52,272 [Listener at 127.0.0.1/33353] INFO  ozone.MiniOzoneClusterImpl (MiniOzoneClusterImpl.java:lambda$waitForClusterToBeReady$0(224)) - SCM became leader
2022-03-12 14:25:52,950 [f8b47a51-d582-4728-836c-b6b8cb6674d2@group-1B7447CB48D6-FollowerState] INFO  impl.FollowerState (FollowerState.java:run(134)) - f8b47a51-d582-4728-836c-b6b8cb6674d2@group-1B7447CB48D6-FollowerState: change to CANDIDATE, lastRpcElapsedTime:5030734973ns, electionTimeout:5022ms
2022-03-12 14:25:52,951 [f8b47a51-d582-4728-836c-b6b8cb6674d2@group-1B7447CB48D6-FollowerState] INFO  impl.RoleInfo (RoleInfo.java:shutdownFollowerState(108)) - f8b47a51-d582-4728-836c-b6b8cb6674d2: shutdown f8b47a51-d582-4728-836c-b6b8cb6674d2@group-1B7447CB48D6-FollowerState
2022-03-12 14:25:52,951 [f8b47a51-d582-4728-836c-b6b8cb6674d2@group-1B7447CB48D6-FollowerState] INFO  server.RaftServer$Division (RaftServerImpl.java:setRole(290)) - f8b47a51-d582-4728-836c-b6b8cb6674d2@group-1B7447CB48D6: changes role from  FOLLOWER to CANDIDATE at term 2 for changeToCandidate
2022-03-12 14:25:52,951 [f8b47a51-d582-4728-836c-b6b8cb6674d2@group-1B7447CB48D6-FollowerState] INFO  server.RaftServerConfigKeys (ConfUtils.java:logGet(44)) - raft.server.leaderelection.pre-vote = false (custom)
2022-03-12 14:25:52,951 [f8b47a51-d582-4728-836c-b6b8cb6674d2@group-1B7447CB48D6-FollowerState] INFO  impl.RoleInfo (RoleInfo.java:updateAndGet(130)) - f8b47a51-d582-4728-836c-b6b8cb6674d2: start f8b47a51-d582-4728-836c-b6b8cb6674d2@group-1B7447CB48D6-LeaderElection12
2022-03-12 14:25:52,959 [f8b47a51-d582-4728-836c-b6b8cb6674d2@group-1B7447CB48D6-LeaderElection12] INFO  impl.LeaderElection (LeaderElection.java:askForVotes(306)) - f8b47a51-d582-4728-836c-b6b8cb6674d2@group-1B7447CB48D6-LeaderElection12 ELECTION round 0: submit vote requests at term 3 for -1: [0367229f-3e47-487a-a81f-dafd2c48bc0a|rpc:10.1.0.8:38083|priority:1, d4fb544e-91d6-444d-a862-ad6d9a9779bb|rpc:10.1.0.8:36501|priority:0, f8b47a51-d582-4728-836c-b6b8cb6674d2|rpc:10.1.0.8:34337|priority:0], old=null
2022-03-12 14:25:52,965 [grpc-default-executor-2] INFO  server.RaftServer$Division (RaftServerImpl.java:requestVote(1046)) - 0367229f-3e47-487a-a81f-dafd2c48bc0a@group-1B7447CB48D6: receive requestVote(ELECTION, f8b47a51-d582-4728-836c-b6b8cb6674d2, group-1B7447CB48D6, 3, (t:0, i:0))
2022-03-12 14:25:52,965 [grpc-default-executor-2] INFO  impl.VoteContext (VoteContext.java:log(48)) - 0367229f-3e47-487a-a81f-dafd2c48bc0a@group-1B7447CB48D6-FOLLOWER: reject ELECTION from f8b47a51-d582-4728-836c-b6b8cb6674d2: our priority 1 > candidate's priority 0
2022-03-12 14:25:52,965 [grpc-default-executor-2] INFO  server.RaftServer$Division (RaftServerImpl.java:setRole(290)) - 0367229f-3e47-487a-a81f-dafd2c48bc0a@group-1B7447CB48D6: changes role from  FOLLOWER to FOLLOWER at term 3 for candidate:f8b47a51-d582-4728-836c-b6b8cb6674d2
2022-03-12 14:25:52,965 [grpc-default-executor-2] INFO  impl.RoleInfo (RoleInfo.java:shutdownFollowerState(108)) - 0367229f-3e47-487a-a81f-dafd2c48bc0a: shutdown 0367229f-3e47-487a-a81f-dafd2c48bc0a@group-1B7447CB48D6-FollowerState
2022-03-12 14:25:52,965 [grpc-default-executor-2] INFO  impl.RoleInfo (RoleInfo.java:updateAndGet(130)) - 0367229f-3e47-487a-a81f-dafd2c48bc0a: start 0367229f-3e47-487a-a81f-dafd2c48bc0a@group-1B7447CB48D6-FollowerState
2022-03-12 14:25:52,965 [0367229f-3e47-487a-a81f-dafd2c48bc0a@group-1B7447CB48D6-FollowerState] INFO  impl.FollowerState (FollowerState.java:run(143)) - 0367229f-3e47-487a-a81f-dafd2c48bc0a@group-1B7447CB48D6-FollowerState was interrupted: {}
java.lang.InterruptedException: sleep interrupted
	at java.lang.Thread.sleep(Native Method)
	at java.lang.Thread.sleep(Thread.java:342)
	at java.util.concurrent.TimeUnit.sleep(TimeUnit.java:386)
	at org.apache.ratis.util.TimeDuration.sleep(TimeDuration.java:324)
	at org.apache.ratis.util.TimeDuration.sleep(TimeDuration.java:309)
	at org.apache.ratis.server.impl.FollowerState.run(FollowerState.java:118)
2022-03-12 14:25:52,973 [grpc-default-executor-2] INFO  server.RaftServer$Division (RaftServerImpl.java:requestVote(1078)) - 0367229f-3e47-487a-a81f-dafd2c48bc0a@group-1B7447CB48D6 replies to ELECTION vote request: f8b47a51-d582-4728-836c-b6b8cb6674d2<-0367229f-3e47-487a-a81f-dafd2c48bc0a#0:FAIL-t3. Peer's state: 0367229f-3e47-487a-a81f-dafd2c48bc0a@group-1B7447CB48D6:t3, leader=null, voted=null, raftlog=0367229f-3e47-487a-a81f-dafd2c48bc0a@group-1B7447CB48D6-SegmentedRaftLog:OPENED:c-1, conf=-1: [0367229f-3e47-487a-a81f-dafd2c48bc0a|rpc:10.1.0.8:38083|priority:1, d4fb544e-91d6-444d-a862-ad6d9a9779bb|rpc:10.1.0.8:36501|priority:0, f8b47a51-d582-4728-836c-b6b8cb6674d2|rpc:10.1.0.8:34337|priority:0], old=null
2022-03-12 14:25:52,975 [f8b47a51-d582-4728-836c-b6b8cb6674d2@group-1B7447CB48D6-LeaderElection12] INFO  impl.LeaderElection (LeaderElection.java:logAndReturn(89)) - f8b47a51-d582-4728-836c-b6b8cb6674d2@group-1B7447CB48D6-LeaderElection12: ELECTION REJECTED received 1 response(s) and 0 exception(s):
2022-03-12 14:25:52,975 [f8b47a51-d582-4728-836c-b6b8cb6674d2@group-1B7447CB48D6-LeaderElection12] INFO  impl.LeaderElection (LeaderElection.java:logAndReturn(93)) -   Response 0: f8b47a51-d582-4728-836c-b6b8cb6674d2<-0367229f-3e47-487a-a81f-dafd2c48bc0a#0:FAIL-t3
2022-03-12 14:25:52,975 [f8b47a51-d582-4728-836c-b6b8cb6674d2@group-1B7447CB48D6-LeaderElection12] INFO  impl.LeaderElection (LeaderElection.java:askForVotes(308)) - f8b47a51-d582-4728-836c-b6b8cb6674d2@group-1B7447CB48D6-LeaderElection12 ELECTION round 0: result REJECTED
2022-03-12 14:25:52,976 [f8b47a51-d582-4728-836c-b6b8cb6674d2@group-1B7447CB48D6-LeaderElection12] INFO  server.RaftServer$Division (RaftServerImpl.java:setRole(290)) - f8b47a51-d582-4728-836c-b6b8cb6674d2@group-1B7447CB48D6: changes role from CANDIDATE to FOLLOWER at term 3 for REJECTED
2022-03-12 14:25:52,976 [f8b47a51-d582-4728-836c-b6b8cb6674d2@group-1B7447CB48D6-LeaderElection12] INFO  impl.RoleInfo (RoleInfo.java:shutdownLeaderElection(121)) - f8b47a51-d582-4728-836c-b6b8cb6674d2: shutdown f8b47a51-d582-4728-836c-b6b8cb6674d2@group-1B7447CB48D6-LeaderElection12
2022-03-12 14:25:52,976 [f8b47a51-d582-4728-836c-b6b8cb6674d2@group-1B7447CB48D6-LeaderElection12] INFO  impl.RoleInfo (RoleInfo.java:updateAndGet(130)) - f8b47a51-d582-4728-836c-b6b8cb6674d2: start f8b47a51-d582-4728-836c-b6b8cb6674d2@group-1B7447CB48D6-FollowerState
2022-03-12 14:25:52,984 [grpc-default-executor-2] INFO  server.RaftServer$Division (RaftServerImpl.java:requestVote(1046)) - d4fb544e-91d6-444d-a862-ad6d9a9779bb@group-1B7447CB48D6: receive requestVote(ELECTION, f8b47a51-d582-4728-836c-b6b8cb6674d2, group-1B7447CB48D6, 3, (t:0, i:0))
2022-03-12 14:25:52,986 [grpc-default-executor-2] INFO  impl.VoteContext (VoteContext.java:log(48)) - d4fb544e-91d6-444d-a862-ad6d9a9779bb@group-1B7447CB48D6-FOLLOWER: accept ELECTION from f8b47a51-d582-4728-836c-b6b8cb6674d2: our priority 0 <= candidate's priority 0
2022-03-12 14:25:52,986 [grpc-default-executor-2] INFO  server.RaftServer$Division (RaftServerImpl.java:setRole(290)) - d4fb544e-91d6-444d-a862-ad6d9a9779bb@group-1B7447CB48D6: changes role from  FOLLOWER to FOLLOWER at term 3 for candidate:f8b47a51-d582-4728-836c-b6b8cb6674d2
2022-03-12 14:25:52,986 [grpc-default-executor-2] INFO  impl.RoleInfo (RoleInfo.java:shutdownFollowerState(108)) - d4fb544e-91d6-444d-a862-ad6d9a9779bb: shutdown d4fb544e-91d6-444d-a862-ad6d9a9779bb@group-1B7447CB48D6-FollowerState
2022-03-12 14:25:52,987 [grpc-default-executor-2] INFO  impl.RoleInfo (RoleInfo.java:updateAndGet(130)) - d4fb544e-91d6-444d-a862-ad6d9a9779bb: start d4fb544e-91d6-444d-a862-ad6d9a9779bb@group-1B7447CB48D6-FollowerState
2022-03-12 14:25:52,987 [d4fb544e-91d6-444d-a862-ad6d9a9779bb@group-1B7447CB48D6-FollowerState] INFO  impl.FollowerState (FollowerState.java:run(143)) - d4fb544e-91d6-444d-a862-ad6d9a9779bb@group-1B7447CB48D6-FollowerState was interrupted: {}
java.lang.InterruptedException: sleep interrupted
	at java.lang.Thread.sleep(Native Method)
	at java.lang.Thread.sleep(Thread.java:342)
	at java.util.concurrent.TimeUnit.sleep(TimeUnit.java:386)
	at org.apache.ratis.util.TimeDuration.sleep(TimeDuration.java:324)
	at org.apache.ratis.util.TimeDuration.sleep(TimeDuration.java:309)
	at org.apache.ratis.server.impl.FollowerState.run(FollowerState.java:118)
2022-03-12 14:25:52,992 [grpc-default-executor-2] INFO  server.RaftServer$Division (RaftServerImpl.java:requestVote(1078)) - d4fb544e-91d6-444d-a862-ad6d9a9779bb@group-1B7447CB48D6 replies to ELECTION vote request: f8b47a51-d582-4728-836c-b6b8cb6674d2<-d4fb544e-91d6-444d-a862-ad6d9a9779bb#0:OK-t3. Peer's state: d4fb544e-91d6-444d-a862-ad6d9a9779bb@group-1B7447CB48D6:t3, leader=null, voted=f8b47a51-d582-4728-836c-b6b8cb6674d2, raftlog=d4fb544e-91d6-444d-a862-ad6d9a9779bb@group-1B7447CB48D6-SegmentedRaftLog:OPENED:c-1, conf=-1: [0367229f-3e47-487a-a81f-dafd2c48bc0a|rpc:10.1.0.8:38083|priority:1, d4fb544e-91d6-444d-a862-ad6d9a9779bb|rpc:10.1.0.8:36501|priority:0, f8b47a51-d582-4728-836c-b6b8cb6674d2|rpc:10.1.0.8:34337|priority:0], old=null
2022-03-12 14:25:53,272 [Listener at 127.0.0.1/33353] INFO  ozone.MiniOzoneClusterImpl (MiniOzoneClusterImpl.java:lambda$waitForClusterToBeReady$0(219)) - Nodes are ready. Got 3 of 3 DN Heartbeats.
2022-03-12 14:25:53,272 [Listener at 127.0.0.1/33353] INFO  ozone.MiniOzoneClusterImpl (MiniOzoneClusterImpl.java:lambda$waitForClusterToBeReady$0(222)) - Waiting for cluster to exit safe mode
2022-03-12 14:25:53,272 [Listener at 127.0.0.1/33353] INFO  ozone.MiniOzoneClusterImpl (MiniOzoneClusterImpl.java:lambda$waitForClusterToBeReady$0(224)) - SCM became leader
2022-03-12 14:25:54,273 [Listener at 127.0.0.1/33353] INFO  ozone.MiniOzoneClusterImpl (MiniOzoneClusterImpl.java:lambda$waitForClusterToBeReady$0(219)) - Nodes are ready. Got 3 of 3 DN Heartbeats.
2022-03-12 14:25:54,273 [Listener at 127.0.0.1/33353] INFO  ozone.MiniOzoneClusterImpl (MiniOzoneClusterImpl.java:lambda$waitForClusterToBeReady$0(222)) - Waiting for cluster to exit safe mode
2022-03-12 14:25:54,273 [Listener at 127.0.0.1/33353] INFO  ozone.MiniOzoneClusterImpl (MiniOzoneClusterImpl.java:lambda$waitForClusterToBeReady$0(224)) - SCM became leader
2022-03-12 14:25:55,273 [Listener at 127.0.0.1/33353] INFO  ozone.MiniOzoneClusterImpl (MiniOzoneClusterImpl.java:lambda$waitForClusterToBeReady$0(219)) - Nodes are ready. Got 3 of 3 DN Heartbeats.
2022-03-12 14:25:55,274 [Listener at 127.0.0.1/33353] INFO  ozone.MiniOzoneClusterImpl (MiniOzoneClusterImpl.java:lambda$waitForClusterToBeReady$0(222)) - Waiting for cluster to exit safe mode
2022-03-12 14:25:55,274 [Listener at 127.0.0.1/33353] INFO  ozone.MiniOzoneClusterImpl (MiniOzoneClusterImpl.java:lambda$waitForClusterToBeReady$0(224)) - SCM became leader
2022-03-12 14:25:56,274 [Listener at 127.0.0.1/33353] INFO  ozone.MiniOzoneClusterImpl (MiniOzoneClusterImpl.java:lambda$waitForClusterToBeReady$0(219)) - Nodes are ready. Got 3 of 3 DN Heartbeats.
2022-03-12 14:25:56,274 [Listener at 127.0.0.1/33353] INFO  ozone.MiniOzoneClusterImpl (MiniOzoneClusterImpl.java:lambda$waitForClusterToBeReady$0(222)) - Waiting for cluster to exit safe mode
2022-03-12 14:25:56,274 [Listener at 127.0.0.1/33353] INFO  ozone.MiniOzoneClusterImpl (MiniOzoneClusterImpl.java:lambda$waitForClusterToBeReady$0(224)) - SCM became leader
2022-03-12 14:25:57,275 [Listener at 127.0.0.1/33353] INFO  ozone.MiniOzoneClusterImpl (MiniOzoneClusterImpl.java:lambda$waitForClusterToBeReady$0(219)) - Nodes are ready. Got 3 of 3 DN Heartbeats.
2022-03-12 14:25:57,275 [Listener at 127.0.0.1/33353] INFO  ozone.MiniOzoneClusterImpl (MiniOzoneClusterImpl.java:lambda$waitForClusterToBeReady$0(222)) - Waiting for cluster to exit safe mode
2022-03-12 14:25:57,275 [Listener at 127.0.0.1/33353] INFO  ozone.MiniOzoneClusterImpl (MiniOzoneClusterImpl.java:lambda$waitForClusterToBeReady$0(224)) - SCM became leader
2022-03-12 14:25:58,018 [d4fb544e-91d6-444d-a862-ad6d9a9779bb@group-1B7447CB48D6-FollowerState] INFO  impl.FollowerState (FollowerState.java:run(134)) - d4fb544e-91d6-444d-a862-ad6d9a9779bb@group-1B7447CB48D6-FollowerState: change to CANDIDATE, lastRpcElapsedTime:5026715321ns, electionTimeout:5024ms
2022-03-12 14:25:58,019 [d4fb544e-91d6-444d-a862-ad6d9a9779bb@group-1B7447CB48D6-FollowerState] INFO  impl.RoleInfo (RoleInfo.java:shutdownFollowerState(108)) - d4fb544e-91d6-444d-a862-ad6d9a9779bb: shutdown d4fb544e-91d6-444d-a862-ad6d9a9779bb@group-1B7447CB48D6-FollowerState
2022-03-12 14:25:58,020 [d4fb544e-91d6-444d-a862-ad6d9a9779bb@group-1B7447CB48D6-FollowerState] INFO  server.RaftServer$Division (RaftServerImpl.java:setRole(290)) - d4fb544e-91d6-444d-a862-ad6d9a9779bb@group-1B7447CB48D6: changes role from  FOLLOWER to CANDIDATE at term 3 for changeToCandidate
2022-03-12 14:25:58,020 [d4fb544e-91d6-444d-a862-ad6d9a9779bb@group-1B7447CB48D6-FollowerState] INFO  server.RaftServerConfigKeys (ConfUtils.java:logGet(44)) - raft.server.leaderelection.pre-vote = false (custom)
2022-03-12 14:25:58,020 [d4fb544e-91d6-444d-a862-ad6d9a9779bb@group-1B7447CB48D6-FollowerState] INFO  impl.RoleInfo (RoleInfo.java:updateAndGet(130)) - d4fb544e-91d6-444d-a862-ad6d9a9779bb: start d4fb544e-91d6-444d-a862-ad6d9a9779bb@group-1B7447CB48D6-LeaderElection13
2022-03-12 14:25:58,027 [d4fb544e-91d6-444d-a862-ad6d9a9779bb@group-1B7447CB48D6-LeaderElection13] INFO  impl.LeaderElection (LeaderElection.java:askForVotes(306)) - d4fb544e-91d6-444d-a862-ad6d9a9779bb@group-1B7447CB48D6-LeaderElection13 ELECTION round 0: submit vote requests at term 4 for -1: [0367229f-3e47-487a-a81f-dafd2c48bc0a|rpc:10.1.0.8:38083|priority:1, d4fb544e-91d6-444d-a862-ad6d9a9779bb|rpc:10.1.0.8:36501|priority:0, f8b47a51-d582-4728-836c-b6b8cb6674d2|rpc:10.1.0.8:34337|priority:0], old=null
2022-03-12 14:25:58,036 [grpc-default-executor-2] INFO  server.RaftServer$Division (RaftServerImpl.java:requestVote(1046)) - 0367229f-3e47-487a-a81f-dafd2c48bc0a@group-1B7447CB48D6: receive requestVote(ELECTION, d4fb544e-91d6-444d-a862-ad6d9a9779bb, group-1B7447CB48D6, 4, (t:0, i:0))
2022-03-12 14:25:58,037 [grpc-default-executor-2] INFO  impl.VoteContext (VoteContext.java:log(48)) - 0367229f-3e47-487a-a81f-dafd2c48bc0a@group-1B7447CB48D6-FOLLOWER: reject ELECTION from d4fb544e-91d6-444d-a862-ad6d9a9779bb: our priority 1 > candidate's priority 0
2022-03-12 14:25:58,037 [grpc-default-executor-2] INFO  server.RaftServer$Division (RaftServerImpl.java:setRole(290)) - 0367229f-3e47-487a-a81f-dafd2c48bc0a@group-1B7447CB48D6: changes role from  FOLLOWER to FOLLOWER at term 4 for candidate:d4fb544e-91d6-444d-a862-ad6d9a9779bb
2022-03-12 14:25:58,037 [grpc-default-executor-2] INFO  impl.RoleInfo (RoleInfo.java:shutdownFollowerState(108)) - 0367229f-3e47-487a-a81f-dafd2c48bc0a: shutdown 0367229f-3e47-487a-a81f-dafd2c48bc0a@group-1B7447CB48D6-FollowerState
2022-03-12 14:25:58,037 [grpc-default-executor-2] INFO  impl.RoleInfo (RoleInfo.java:updateAndGet(130)) - 0367229f-3e47-487a-a81f-dafd2c48bc0a: start 0367229f-3e47-487a-a81f-dafd2c48bc0a@group-1B7447CB48D6-FollowerState
2022-03-12 14:25:58,037 [0367229f-3e47-487a-a81f-dafd2c48bc0a@group-1B7447CB48D6-FollowerState] INFO  impl.FollowerState (FollowerState.java:run(143)) - 0367229f-3e47-487a-a81f-dafd2c48bc0a@group-1B7447CB48D6-FollowerState was interrupted: {}
java.lang.InterruptedException: sleep interrupted
	at java.lang.Thread.sleep(Native Method)
	at java.lang.Thread.sleep(Thread.java:342)
	at java.util.concurrent.TimeUnit.sleep(TimeUnit.java:386)
	at org.apache.ratis.util.TimeDuration.sleep(TimeDuration.java:324)
	at org.apache.ratis.util.TimeDuration.sleep(TimeDuration.java:309)
	at org.apache.ratis.server.impl.FollowerState.run(FollowerState.java:118)
2022-03-12 14:25:58,039 [grpc-default-executor-2] INFO  server.RaftServer$Division (RaftServerImpl.java:requestVote(1078)) - 0367229f-3e47-487a-a81f-dafd2c48bc0a@group-1B7447CB48D6 replies to ELECTION vote request: d4fb544e-91d6-444d-a862-ad6d9a9779bb<-0367229f-3e47-487a-a81f-dafd2c48bc0a#0:FAIL-t4. Peer's state: 0367229f-3e47-487a-a81f-dafd2c48bc0a@group-1B7447CB48D6:t4, leader=null, voted=null, raftlog=0367229f-3e47-487a-a81f-dafd2c48bc0a@group-1B7447CB48D6-SegmentedRaftLog:OPENED:c-1, conf=-1: [0367229f-3e47-487a-a81f-dafd2c48bc0a|rpc:10.1.0.8:38083|priority:1, d4fb544e-91d6-444d-a862-ad6d9a9779bb|rpc:10.1.0.8:36501|priority:0, f8b47a51-d582-4728-836c-b6b8cb6674d2|rpc:10.1.0.8:34337|priority:0], old=null
2022-03-12 14:25:58,043 [d4fb544e-91d6-444d-a862-ad6d9a9779bb@group-1B7447CB48D6-LeaderElection13] INFO  impl.LeaderElection (LeaderElection.java:logAndReturn(89)) - d4fb544e-91d6-444d-a862-ad6d9a9779bb@group-1B7447CB48D6-LeaderElection13: ELECTION REJECTED received 1 response(s) and 0 exception(s):
2022-03-12 14:25:58,043 [d4fb544e-91d6-444d-a862-ad6d9a9779bb@group-1B7447CB48D6-LeaderElection13] INFO  impl.LeaderElection (LeaderElection.java:logAndReturn(93)) -   Response 0: d4fb544e-91d6-444d-a862-ad6d9a9779bb<-0367229f-3e47-487a-a81f-dafd2c48bc0a#0:FAIL-t4
2022-03-12 14:25:58,043 [d4fb544e-91d6-444d-a862-ad6d9a9779bb@group-1B7447CB48D6-LeaderElection13] INFO  impl.LeaderElection (LeaderElection.java:askForVotes(308)) - d4fb544e-91d6-444d-a862-ad6d9a9779bb@group-1B7447CB48D6-LeaderElection13 ELECTION round 0: result REJECTED
2022-03-12 14:25:58,043 [d4fb544e-91d6-444d-a862-ad6d9a9779bb@group-1B7447CB48D6-LeaderElection13] INFO  server.RaftServer$Division (RaftServerImpl.java:setRole(290)) - d4fb544e-91d6-444d-a862-ad6d9a9779bb@group-1B7447CB48D6: changes role from CANDIDATE to FOLLOWER at term 4 for REJECTED
2022-03-12 14:25:58,043 [d4fb544e-91d6-444d-a862-ad6d9a9779bb@group-1B7447CB48D6-LeaderElection13] INFO  impl.RoleInfo (RoleInfo.java:shutdownLeaderElection(121)) - d4fb544e-91d6-444d-a862-ad6d9a9779bb: shutdown d4fb544e-91d6-444d-a862-ad6d9a9779bb@group-1B7447CB48D6-LeaderElection13
2022-03-12 14:25:58,043 [d4fb544e-91d6-444d-a862-ad6d9a9779bb@group-1B7447CB48D6-LeaderElection13] INFO  impl.RoleInfo (RoleInfo.java:updateAndGet(130)) - d4fb544e-91d6-444d-a862-ad6d9a9779bb: start d4fb544e-91d6-444d-a862-ad6d9a9779bb@group-1B7447CB48D6-FollowerState
2022-03-12 14:25:58,052 [grpc-default-executor-2] INFO  server.RaftServer$Division (RaftServerImpl.java:requestVote(1046)) - f8b47a51-d582-4728-836c-b6b8cb6674d2@group-1B7447CB48D6: receive requestVote(ELECTION, d4fb544e-91d6-444d-a862-ad6d9a9779bb, group-1B7447CB48D6, 4, (t:0, i:0))
2022-03-12 14:25:58,053 [grpc-default-executor-2] INFO  impl.VoteContext (VoteContext.java:log(48)) - f8b47a51-d582-4728-836c-b6b8cb6674d2@group-1B7447CB48D6-FOLLOWER: accept ELECTION from d4fb544e-91d6-444d-a862-ad6d9a9779bb: our priority 0 <= candidate's priority 0
2022-03-12 14:25:58,053 [grpc-default-executor-2] INFO  server.RaftServer$Division (RaftServerImpl.java:setRole(290)) - f8b47a51-d582-4728-836c-b6b8cb6674d2@group-1B7447CB48D6: changes role from  FOLLOWER to FOLLOWER at term 4 for candidate:d4fb544e-91d6-444d-a862-ad6d9a9779bb
2022-03-12 14:25:58,053 [grpc-default-executor-2] INFO  impl.RoleInfo (RoleInfo.java:shutdownFollowerState(108)) - f8b47a51-d582-4728-836c-b6b8cb6674d2: shutdown f8b47a51-d582-4728-836c-b6b8cb6674d2@group-1B7447CB48D6-FollowerState
2022-03-12 14:25:58,053 [grpc-default-executor-2] INFO  impl.RoleInfo (RoleInfo.java:updateAndGet(130)) - f8b47a51-d582-4728-836c-b6b8cb6674d2: start f8b47a51-d582-4728-836c-b6b8cb6674d2@group-1B7447CB48D6-FollowerState
2022-03-12 14:25:58,053 [f8b47a51-d582-4728-836c-b6b8cb6674d2@group-1B7447CB48D6-FollowerState] INFO  impl.FollowerState (FollowerState.java:run(143)) - f8b47a51-d582-4728-836c-b6b8cb6674d2@group-1B7447CB48D6-FollowerState was interrupted: {}
java.lang.InterruptedException: sleep interrupted
	at java.lang.Thread.sleep(Native Method)
	at java.lang.Thread.sleep(Thread.java:342)
	at java.util.concurrent.TimeUnit.sleep(TimeUnit.java:386)
	at org.apache.ratis.util.TimeDuration.sleep(TimeDuration.java:324)
	at org.apache.ratis.util.TimeDuration.sleep(TimeDuration.java:309)
	at org.apache.ratis.server.impl.FollowerState.run(FollowerState.java:118)
2022-03-12 14:25:58,056 [grpc-default-executor-2] INFO  server.RaftServer$Division (RaftServerImpl.java:requestVote(1078)) - f8b47a51-d582-4728-836c-b6b8cb6674d2@group-1B7447CB48D6 replies to ELECTION vote request: d4fb544e-91d6-444d-a862-ad6d9a9779bb<-f8b47a51-d582-4728-836c-b6b8cb6674d2#0:OK-t4. Peer's state: f8b47a51-d582-4728-836c-b6b8cb6674d2@group-1B7447CB48D6:t4, leader=null, voted=d4fb544e-91d6-444d-a862-ad6d9a9779bb, raftlog=f8b47a51-d582-4728-836c-b6b8cb6674d2@group-1B7447CB48D6-SegmentedRaftLog:OPENED:c-1, conf=-1: [0367229f-3e47-487a-a81f-dafd2c48bc0a|rpc:10.1.0.8:38083|priority:1, d4fb544e-91d6-444d-a862-ad6d9a9779bb|rpc:10.1.0.8:36501|priority:0, f8b47a51-d582-4728-836c-b6b8cb6674d2|rpc:10.1.0.8:34337|priority:0], old=null
2022-03-12 14:25:58,275 [Listener at 127.0.0.1/33353] INFO  ozone.MiniOzoneClusterImpl (MiniOzoneClusterImpl.java:lambda$waitForClusterToBeReady$0(219)) - Nodes are ready. Got 3 of 3 DN Heartbeats.
2022-03-12 14:25:58,276 [Listener at 127.0.0.1/33353] INFO  ozone.MiniOzoneClusterImpl (MiniOzoneClusterImpl.java:lambda$waitForClusterToBeReady$0(222)) - Waiting for cluster to exit safe mode
2022-03-12 14:25:58,276 [Listener at 127.0.0.1/33353] INFO  ozone.MiniOzoneClusterImpl (MiniOzoneClusterImpl.java:lambda$waitForClusterToBeReady$0(224)) - SCM became leader
2022-03-12 14:25:59,276 [Listener at 127.0.0.1/33353] INFO  ozone.MiniOzoneClusterImpl (MiniOzoneClusterImpl.java:lambda$waitForClusterToBeReady$0(219)) - Nodes are ready. Got 3 of 3 DN Heartbeats.
2022-03-12 14:25:59,276 [Listener at 127.0.0.1/33353] INFO  ozone.MiniOzoneClusterImpl (MiniOzoneClusterImpl.java:lambda$waitForClusterToBeReady$0(222)) - Waiting for cluster to exit safe mode
2022-03-12 14:25:59,276 [Listener at 127.0.0.1/33353] INFO  ozone.MiniOzoneClusterImpl (MiniOzoneClusterImpl.java:lambda$waitForClusterToBeReady$0(224)) - SCM became leader
2022-03-12 14:26:00,277 [Listener at 127.0.0.1/33353] INFO  ozone.MiniOzoneClusterImpl (MiniOzoneClusterImpl.java:lambda$waitForClusterToBeReady$0(219)) - Nodes are ready. Got 3 of 3 DN Heartbeats.
2022-03-12 14:26:00,277 [Listener at 127.0.0.1/33353] INFO  ozone.MiniOzoneClusterImpl (MiniOzoneClusterImpl.java:lambda$waitForClusterToBeReady$0(222)) - Waiting for cluster to exit safe mode
2022-03-12 14:26:00,277 [Listener at 127.0.0.1/33353] INFO  ozone.MiniOzoneClusterImpl (MiniOzoneClusterImpl.java:lambda$waitForClusterToBeReady$0(224)) - SCM became leader
2022-03-12 14:26:01,277 [Listener at 127.0.0.1/33353] INFO  ozone.MiniOzoneClusterImpl (MiniOzoneClusterImpl.java:lambda$waitForClusterToBeReady$0(219)) - Nodes are ready. Got 3 of 3 DN Heartbeats.
2022-03-12 14:26:01,278 [Listener at 127.0.0.1/33353] INFO  ozone.MiniOzoneClusterImpl (MiniOzoneClusterImpl.java:lambda$waitForClusterToBeReady$0(222)) - Waiting for cluster to exit safe mode
2022-03-12 14:26:01,278 [Listener at 127.0.0.1/33353] INFO  ozone.MiniOzoneClusterImpl (MiniOzoneClusterImpl.java:lambda$waitForClusterToBeReady$0(224)) - SCM became leader
2022-03-12 14:26:02,278 [Listener at 127.0.0.1/33353] INFO  ozone.MiniOzoneClusterImpl (MiniOzoneClusterImpl.java:lambda$waitForClusterToBeReady$0(219)) - Nodes are ready. Got 3 of 3 DN Heartbeats.
2022-03-12 14:26:02,278 [Listener at 127.0.0.1/33353] INFO  ozone.MiniOzoneClusterImpl (MiniOzoneClusterImpl.java:lambda$waitForClusterToBeReady$0(222)) - Waiting for cluster to exit safe mode
2022-03-12 14:26:02,278 [Listener at 127.0.0.1/33353] INFO  ozone.MiniOzoneClusterImpl (MiniOzoneClusterImpl.java:lambda$waitForClusterToBeReady$0(224)) - SCM became leader
2022-03-12 14:26:03,134 [d4fb544e-91d6-444d-a862-ad6d9a9779bb@group-1B7447CB48D6-FollowerState] INFO  impl.FollowerState (FollowerState.java:run(134)) - d4fb544e-91d6-444d-a862-ad6d9a9779bb@group-1B7447CB48D6-FollowerState: change to CANDIDATE, lastRpcElapsedTime:5090806266ns, electionTimeout:5080ms
2022-03-12 14:26:03,135 [d4fb544e-91d6-444d-a862-ad6d9a9779bb@group-1B7447CB48D6-FollowerState] INFO  impl.RoleInfo (RoleInfo.java:shutdownFollowerState(108)) - d4fb544e-91d6-444d-a862-ad6d9a9779bb: shutdown d4fb544e-91d6-444d-a862-ad6d9a9779bb@group-1B7447CB48D6-FollowerState
2022-03-12 14:26:03,135 [d4fb544e-91d6-444d-a862-ad6d9a9779bb@group-1B7447CB48D6-FollowerState] INFO  server.RaftServer$Division (RaftServerImpl.java:setRole(290)) - d4fb544e-91d6-444d-a862-ad6d9a9779bb@group-1B7447CB48D6: changes role from  FOLLOWER to CANDIDATE at term 4 for changeToCandidate
2022-03-12 14:26:03,135 [d4fb544e-91d6-444d-a862-ad6d9a9779bb@group-1B7447CB48D6-FollowerState] INFO  server.RaftServerConfigKeys (ConfUtils.java:logGet(44)) - raft.server.leaderelection.pre-vote = false (custom)
2022-03-12 14:26:03,135 [d4fb544e-91d6-444d-a862-ad6d9a9779bb@group-1B7447CB48D6-FollowerState] INFO  impl.RoleInfo (RoleInfo.java:updateAndGet(130)) - d4fb544e-91d6-444d-a862-ad6d9a9779bb: start d4fb544e-91d6-444d-a862-ad6d9a9779bb@group-1B7447CB48D6-LeaderElection14
2022-03-12 14:26:03,139 [d4fb544e-91d6-444d-a862-ad6d9a9779bb@group-1B7447CB48D6-LeaderElection14] INFO  impl.LeaderElection (LeaderElection.java:askForVotes(306)) - d4fb544e-91d6-444d-a862-ad6d9a9779bb@group-1B7447CB48D6-LeaderElection14 ELECTION round 0: submit vote requests at term 5 for -1: [0367229f-3e47-487a-a81f-dafd2c48bc0a|rpc:10.1.0.8:38083|priority:1, d4fb544e-91d6-444d-a862-ad6d9a9779bb|rpc:10.1.0.8:36501|priority:0, f8b47a51-d582-4728-836c-b6b8cb6674d2|rpc:10.1.0.8:34337|priority:0], old=null
2022-03-12 14:26:03,144 [grpc-default-executor-0] INFO  server.RaftServer$Division (RaftServerImpl.java:requestVote(1046)) - 0367229f-3e47-487a-a81f-dafd2c48bc0a@group-1B7447CB48D6: receive requestVote(ELECTION, d4fb544e-91d6-444d-a862-ad6d9a9779bb, group-1B7447CB48D6, 5, (t:0, i:0))
2022-03-12 14:26:03,144 [grpc-default-executor-0] INFO  impl.VoteContext (VoteContext.java:log(48)) - 0367229f-3e47-487a-a81f-dafd2c48bc0a@group-1B7447CB48D6-FOLLOWER: reject ELECTION from d4fb544e-91d6-444d-a862-ad6d9a9779bb: our priority 1 > candidate's priority 0
2022-03-12 14:26:03,144 [grpc-default-executor-0] INFO  server.RaftServer$Division (RaftServerImpl.java:setRole(290)) - 0367229f-3e47-487a-a81f-dafd2c48bc0a@group-1B7447CB48D6: changes role from  FOLLOWER to FOLLOWER at term 5 for candidate:d4fb544e-91d6-444d-a862-ad6d9a9779bb
2022-03-12 14:26:03,144 [grpc-default-executor-0] INFO  impl.RoleInfo (RoleInfo.java:shutdownFollowerState(108)) - 0367229f-3e47-487a-a81f-dafd2c48bc0a: shutdown 0367229f-3e47-487a-a81f-dafd2c48bc0a@group-1B7447CB48D6-FollowerState
2022-03-12 14:26:03,144 [grpc-default-executor-0] INFO  impl.RoleInfo (RoleInfo.java:updateAndGet(130)) - 0367229f-3e47-487a-a81f-dafd2c48bc0a: start 0367229f-3e47-487a-a81f-dafd2c48bc0a@group-1B7447CB48D6-FollowerState
2022-03-12 14:26:03,145 [0367229f-3e47-487a-a81f-dafd2c48bc0a@group-1B7447CB48D6-FollowerState] INFO  impl.FollowerState (FollowerState.java:run(143)) - 0367229f-3e47-487a-a81f-dafd2c48bc0a@group-1B7447CB48D6-FollowerState was interrupted: {}
java.lang.InterruptedException: sleep interrupted
	at java.lang.Thread.sleep(Native Method)
	at java.lang.Thread.sleep(Thread.java:342)
	at java.util.concurrent.TimeUnit.sleep(TimeUnit.java:386)
	at org.apache.ratis.util.TimeDuration.sleep(TimeDuration.java:324)
	at org.apache.ratis.util.TimeDuration.sleep(TimeDuration.java:309)
	at org.apache.ratis.server.impl.FollowerState.run(FollowerState.java:118)
2022-03-12 14:26:03,148 [grpc-default-executor-2] INFO  server.RaftServer$Division (RaftServerImpl.java:requestVote(1046)) - f8b47a51-d582-4728-836c-b6b8cb6674d2@group-1B7447CB48D6: receive requestVote(ELECTION, d4fb544e-91d6-444d-a862-ad6d9a9779bb, group-1B7447CB48D6, 5, (t:0, i:0))
2022-03-12 14:26:03,148 [grpc-default-executor-2] INFO  impl.VoteContext (VoteContext.java:log(48)) - f8b47a51-d582-4728-836c-b6b8cb6674d2@group-1B7447CB48D6-FOLLOWER: accept ELECTION from d4fb544e-91d6-444d-a862-ad6d9a9779bb: our priority 0 <= candidate's priority 0
2022-03-12 14:26:03,148 [grpc-default-executor-2] INFO  server.RaftServer$Division (RaftServerImpl.java:setRole(290)) - f8b47a51-d582-4728-836c-b6b8cb6674d2@group-1B7447CB48D6: changes role from  FOLLOWER to FOLLOWER at term 5 for candidate:d4fb544e-91d6-444d-a862-ad6d9a9779bb
2022-03-12 14:26:03,148 [grpc-default-executor-2] INFO  impl.RoleInfo (RoleInfo.java:shutdownFollowerState(108)) - f8b47a51-d582-4728-836c-b6b8cb6674d2: shutdown f8b47a51-d582-4728-836c-b6b8cb6674d2@group-1B7447CB48D6-FollowerState
2022-03-12 14:26:03,148 [grpc-default-executor-2] INFO  impl.RoleInfo (RoleInfo.java:updateAndGet(130)) - f8b47a51-d582-4728-836c-b6b8cb6674d2: start f8b47a51-d582-4728-836c-b6b8cb6674d2@group-1B7447CB48D6-FollowerState
2022-03-12 14:26:03,148 [f8b47a51-d582-4728-836c-b6b8cb6674d2@group-1B7447CB48D6-FollowerState] INFO  impl.FollowerState (FollowerState.java:run(143)) - f8b47a51-d582-4728-836c-b6b8cb6674d2@group-1B7447CB48D6-FollowerState was interrupted: {}
java.lang.InterruptedException: sleep interrupted
	at java.lang.Thread.sleep(Native Method)
	at java.lang.Thread.sleep(Thread.java:342)
	at java.util.concurrent.TimeUnit.sleep(TimeUnit.java:386)
	at org.apache.ratis.util.TimeDuration.sleep(TimeDuration.java:324)
	at org.apache.ratis.util.TimeDuration.sleep(TimeDuration.java:309)
	at org.apache.ratis.server.impl.FollowerState.run(FollowerState.java:118)
2022-03-12 14:26:03,150 [grpc-default-executor-0] INFO  server.RaftServer$Division (RaftServerImpl.java:requestVote(1078)) - 0367229f-3e47-487a-a81f-dafd2c48bc0a@group-1B7447CB48D6 replies to ELECTION vote request: d4fb544e-91d6-444d-a862-ad6d9a9779bb<-0367229f-3e47-487a-a81f-dafd2c48bc0a#0:FAIL-t5. Peer's state: 0367229f-3e47-487a-a81f-dafd2c48bc0a@group-1B7447CB48D6:t5, leader=null, voted=null, raftlog=0367229f-3e47-487a-a81f-dafd2c48bc0a@group-1B7447CB48D6-SegmentedRaftLog:OPENED:c-1, conf=-1: [0367229f-3e47-487a-a81f-dafd2c48bc0a|rpc:10.1.0.8:38083|priority:1, d4fb544e-91d6-444d-a862-ad6d9a9779bb|rpc:10.1.0.8:36501|priority:0, f8b47a51-d582-4728-836c-b6b8cb6674d2|rpc:10.1.0.8:34337|priority:0], old=null
2022-03-12 14:26:03,150 [grpc-default-executor-2] INFO  server.RaftServer$Division (RaftServerImpl.java:requestVote(1078)) - f8b47a51-d582-4728-836c-b6b8cb6674d2@group-1B7447CB48D6 replies to ELECTION vote request: d4fb544e-91d6-444d-a862-ad6d9a9779bb<-f8b47a51-d582-4728-836c-b6b8cb6674d2#0:OK-t5. Peer's state: f8b47a51-d582-4728-836c-b6b8cb6674d2@group-1B7447CB48D6:t5, leader=null, voted=d4fb544e-91d6-444d-a862-ad6d9a9779bb, raftlog=f8b47a51-d582-4728-836c-b6b8cb6674d2@group-1B7447CB48D6-SegmentedRaftLog:OPENED:c-1, conf=-1: [0367229f-3e47-487a-a81f-dafd2c48bc0a|rpc:10.1.0.8:38083|priority:1, d4fb544e-91d6-444d-a862-ad6d9a9779bb|rpc:10.1.0.8:36501|priority:0, f8b47a51-d582-4728-836c-b6b8cb6674d2|rpc:10.1.0.8:34337|priority:0], old=null
2022-03-12 14:26:03,152 [d4fb544e-91d6-444d-a862-ad6d9a9779bb@group-1B7447CB48D6-LeaderElection14] INFO  impl.LeaderElection (LeaderElection.java:logAndReturn(89)) - d4fb544e-91d6-444d-a862-ad6d9a9779bb@group-1B7447CB48D6-LeaderElection14: ELECTION REJECTED received 1 response(s) and 0 exception(s):
2022-03-12 14:26:03,153 [d4fb544e-91d6-444d-a862-ad6d9a9779bb@group-1B7447CB48D6-LeaderElection14] INFO  impl.LeaderElection (LeaderElection.java:logAndReturn(93)) -   Response 0: d4fb544e-91d6-444d-a862-ad6d9a9779bb<-0367229f-3e47-487a-a81f-dafd2c48bc0a#0:FAIL-t5
2022-03-12 14:26:03,153 [d4fb544e-91d6-444d-a862-ad6d9a9779bb@group-1B7447CB48D6-LeaderElection14] INFO  impl.LeaderElection (LeaderElection.java:askForVotes(308)) - d4fb544e-91d6-444d-a862-ad6d9a9779bb@group-1B7447CB48D6-LeaderElection14 ELECTION round 0: result REJECTED
2022-03-12 14:26:03,153 [d4fb544e-91d6-444d-a862-ad6d9a9779bb@group-1B7447CB48D6-LeaderElection14] INFO  server.RaftServer$Division (RaftServerImpl.java:setRole(290)) - d4fb544e-91d6-444d-a862-ad6d9a9779bb@group-1B7447CB48D6: changes role from CANDIDATE to FOLLOWER at term 5 for REJECTED
2022-03-12 14:26:03,153 [d4fb544e-91d6-444d-a862-ad6d9a9779bb@group-1B7447CB48D6-LeaderElection14] INFO  impl.RoleInfo (RoleInfo.java:shutdownLeaderElection(121)) - d4fb544e-91d6-444d-a862-ad6d9a9779bb: shutdown d4fb544e-91d6-444d-a862-ad6d9a9779bb@group-1B7447CB48D6-LeaderElection14
2022-03-12 14:26:03,153 [d4fb544e-91d6-444d-a862-ad6d9a9779bb@group-1B7447CB48D6-LeaderElection14] INFO  impl.RoleInfo (RoleInfo.java:updateAndGet(130)) - d4fb544e-91d6-444d-a862-ad6d9a9779bb: start d4fb544e-91d6-444d-a862-ad6d9a9779bb@group-1B7447CB48D6-FollowerState
2022-03-12 14:26:03,279 [Listener at 127.0.0.1/33353] INFO  ozone.MiniOzoneClusterImpl (MiniOzoneClusterImpl.java:lambda$waitForClusterToBeReady$0(219)) - Nodes are ready. Got 3 of 3 DN Heartbeats.
2022-03-12 14:26:03,280 [Listener at 127.0.0.1/33353] INFO  ozone.MiniOzoneClusterImpl (MiniOzoneClusterImpl.java:lambda$waitForClusterToBeReady$0(222)) - Waiting for cluster to exit safe mode
2022-03-12 14:26:03,280 [Listener at 127.0.0.1/33353] INFO  ozone.MiniOzoneClusterImpl (MiniOzoneClusterImpl.java:lambda$waitForClusterToBeReady$0(224)) - SCM became leader
2022-03-12 14:26:04,280 [Listener at 127.0.0.1/33353] INFO  ozone.MiniOzoneClusterImpl (MiniOzoneClusterImpl.java:lambda$waitForClusterToBeReady$0(219)) - Nodes are ready. Got 3 of 3 DN Heartbeats.
2022-03-12 14:26:04,280 [Listener at 127.0.0.1/33353] INFO  ozone.MiniOzoneClusterImpl (MiniOzoneClusterImpl.java:lambda$waitForClusterToBeReady$0(222)) - Waiting for cluster to exit safe mode
2022-03-12 14:26:04,280 [Listener at 127.0.0.1/33353] INFO  ozone.MiniOzoneClusterImpl (MiniOzoneClusterImpl.java:lambda$waitForClusterToBeReady$0(224)) - SCM became leader
2022-03-12 14:26:05,281 [Listener at 127.0.0.1/33353] INFO  ozone.MiniOzoneClusterImpl (MiniOzoneClusterImpl.java:lambda$waitForClusterToBeReady$0(219)) - Nodes are ready. Got 3 of 3 DN Heartbeats.
2022-03-12 14:26:05,281 [Listener at 127.0.0.1/33353] INFO  ozone.MiniOzoneClusterImpl (MiniOzoneClusterImpl.java:lambda$waitForClusterToBeReady$0(222)) - Waiting for cluster to exit safe mode
2022-03-12 14:26:05,281 [Listener at 127.0.0.1/33353] INFO  ozone.MiniOzoneClusterImpl (MiniOzoneClusterImpl.java:lambda$waitForClusterToBeReady$0(224)) - SCM became leader
2022-03-12 14:26:06,281 [Listener at 127.0.0.1/33353] INFO  ozone.MiniOzoneClusterImpl (MiniOzoneClusterImpl.java:lambda$waitForClusterToBeReady$0(219)) - Nodes are ready. Got 3 of 3 DN Heartbeats.
2022-03-12 14:26:06,281 [Listener at 127.0.0.1/33353] INFO  ozone.MiniOzoneClusterImpl (MiniOzoneClusterImpl.java:lambda$waitForClusterToBeReady$0(222)) - Waiting for cluster to exit safe mode
2022-03-12 14:26:06,281 [Listener at 127.0.0.1/33353] INFO  ozone.MiniOzoneClusterImpl (MiniOzoneClusterImpl.java:lambda$waitForClusterToBeReady$0(224)) - SCM became leader
2022-03-12 14:26:07,282 [Listener at 127.0.0.1/33353] INFO  ozone.MiniOzoneClusterImpl (MiniOzoneClusterImpl.java:lambda$waitForClusterToBeReady$0(219)) - Nodes are ready. Got 3 of 3 DN Heartbeats.
2022-03-12 14:26:07,282 [Listener at 127.0.0.1/33353] INFO  ozone.MiniOzoneClusterImpl (MiniOzoneClusterImpl.java:lambda$waitForClusterToBeReady$0(222)) - Waiting for cluster to exit safe mode
2022-03-12 14:26:07,282 [Listener at 127.0.0.1/33353] INFO  ozone.MiniOzoneClusterImpl (MiniOzoneClusterImpl.java:lambda$waitForClusterToBeReady$0(224)) - SCM became leader
2022-03-12 14:26:08,195 [d4fb544e-91d6-444d-a862-ad6d9a9779bb@group-1B7447CB48D6-FollowerState] INFO  impl.FollowerState (FollowerState.java:run(134)) - d4fb544e-91d6-444d-a862-ad6d9a9779bb@group-1B7447CB48D6-FollowerState: change to CANDIDATE, lastRpcElapsedTime:5041647386ns, electionTimeout:5040ms
2022-03-12 14:26:08,195 [d4fb544e-91d6-444d-a862-ad6d9a9779bb@group-1B7447CB48D6-FollowerState] INFO  impl.RoleInfo (RoleInfo.java:shutdownFollowerState(108)) - d4fb544e-91d6-444d-a862-ad6d9a9779bb: shutdown d4fb544e-91d6-444d-a862-ad6d9a9779bb@group-1B7447CB48D6-FollowerState
2022-03-12 14:26:08,195 [d4fb544e-91d6-444d-a862-ad6d9a9779bb@group-1B7447CB48D6-FollowerState] INFO  server.RaftServer$Division (RaftServerImpl.java:setRole(290)) - d4fb544e-91d6-444d-a862-ad6d9a9779bb@group-1B7447CB48D6: changes role from  FOLLOWER to CANDIDATE at term 5 for changeToCandidate
2022-03-12 14:26:08,195 [d4fb544e-91d6-444d-a862-ad6d9a9779bb@group-1B7447CB48D6-FollowerState] INFO  server.RaftServerConfigKeys (ConfUtils.java:logGet(44)) - raft.server.leaderelection.pre-vote = false (custom)
2022-03-12 14:26:08,195 [d4fb544e-91d6-444d-a862-ad6d9a9779bb@group-1B7447CB48D6-FollowerState] INFO  impl.RoleInfo (RoleInfo.java:updateAndGet(130)) - d4fb544e-91d6-444d-a862-ad6d9a9779bb: start d4fb544e-91d6-444d-a862-ad6d9a9779bb@group-1B7447CB48D6-LeaderElection15
2022-03-12 14:26:08,204 [d4fb544e-91d6-444d-a862-ad6d9a9779bb@group-1B7447CB48D6-LeaderElection15] INFO  impl.LeaderElection (LeaderElection.java:askForVotes(306)) - d4fb544e-91d6-444d-a862-ad6d9a9779bb@group-1B7447CB48D6-LeaderElection15 ELECTION round 0: submit vote requests at term 6 for -1: [0367229f-3e47-487a-a81f-dafd2c48bc0a|rpc:10.1.0.8:38083|priority:1, d4fb544e-91d6-444d-a862-ad6d9a9779bb|rpc:10.1.0.8:36501|priority:0, f8b47a51-d582-4728-836c-b6b8cb6674d2|rpc:10.1.0.8:34337|priority:0], old=null
2022-03-12 14:26:08,214 [grpc-default-executor-0] INFO  server.RaftServer$Division (RaftServerImpl.java:requestVote(1046)) - 0367229f-3e47-487a-a81f-dafd2c48bc0a@group-1B7447CB48D6: receive requestVote(ELECTION, d4fb544e-91d6-444d-a862-ad6d9a9779bb, group-1B7447CB48D6, 6, (t:0, i:0))
2022-03-12 14:26:08,214 [grpc-default-executor-0] INFO  impl.VoteContext (VoteContext.java:log(48)) - 0367229f-3e47-487a-a81f-dafd2c48bc0a@group-1B7447CB48D6-FOLLOWER: reject ELECTION from d4fb544e-91d6-444d-a862-ad6d9a9779bb: our priority 1 > candidate's priority 0
2022-03-12 14:26:08,214 [grpc-default-executor-0] INFO  server.RaftServer$Division (RaftServerImpl.java:setRole(290)) - 0367229f-3e47-487a-a81f-dafd2c48bc0a@group-1B7447CB48D6: changes role from  FOLLOWER to FOLLOWER at term 6 for candidate:d4fb544e-91d6-444d-a862-ad6d9a9779bb
2022-03-12 14:26:08,214 [grpc-default-executor-0] INFO  impl.RoleInfo (RoleInfo.java:shutdownFollowerState(108)) - 0367229f-3e47-487a-a81f-dafd2c48bc0a: shutdown 0367229f-3e47-487a-a81f-dafd2c48bc0a@group-1B7447CB48D6-FollowerState
2022-03-12 14:26:08,215 [grpc-default-executor-0] INFO  impl.RoleInfo (RoleInfo.java:updateAndGet(130)) - 0367229f-3e47-487a-a81f-dafd2c48bc0a: start 0367229f-3e47-487a-a81f-dafd2c48bc0a@group-1B7447CB48D6-FollowerState
2022-03-12 14:26:08,215 [0367229f-3e47-487a-a81f-dafd2c48bc0a@group-1B7447CB48D6-FollowerState] INFO  impl.FollowerState (FollowerState.java:run(143)) - 0367229f-3e47-487a-a81f-dafd2c48bc0a@group-1B7447CB48D6-FollowerState was interrupted: {}
java.lang.InterruptedException: sleep interrupted
	at java.lang.Thread.sleep(Native Method)
	at java.lang.Thread.sleep(Thread.java:342)
	at java.util.concurrent.TimeUnit.sleep(TimeUnit.java:386)
	at org.apache.ratis.util.TimeDuration.sleep(TimeDuration.java:324)
	at org.apache.ratis.util.TimeDuration.sleep(TimeDuration.java:309)
	at org.apache.ratis.server.impl.FollowerState.run(FollowerState.java:118)
2022-03-12 14:26:08,223 [grpc-default-executor-2] INFO  server.RaftServer$Division (RaftServerImpl.java:requestVote(1046)) - f8b47a51-d582-4728-836c-b6b8cb6674d2@group-1B7447CB48D6: receive requestVote(ELECTION, d4fb544e-91d6-444d-a862-ad6d9a9779bb, group-1B7447CB48D6, 6, (t:0, i:0))
2022-03-12 14:26:08,223 [grpc-default-executor-2] INFO  impl.VoteContext (VoteContext.java:log(48)) - f8b47a51-d582-4728-836c-b6b8cb6674d2@group-1B7447CB48D6-FOLLOWER: accept ELECTION from d4fb544e-91d6-444d-a862-ad6d9a9779bb: our priority 0 <= candidate's priority 0
2022-03-12 14:26:08,223 [grpc-default-executor-2] INFO  server.RaftServer$Division (RaftServerImpl.java:setRole(290)) - f8b47a51-d582-4728-836c-b6b8cb6674d2@group-1B7447CB48D6: changes role from  FOLLOWER to FOLLOWER at term 6 for candidate:d4fb544e-91d6-444d-a862-ad6d9a9779bb
2022-03-12 14:26:08,223 [grpc-default-executor-2] INFO  impl.RoleInfo (RoleInfo.java:shutdownFollowerState(108)) - f8b47a51-d582-4728-836c-b6b8cb6674d2: shutdown f8b47a51-d582-4728-836c-b6b8cb6674d2@group-1B7447CB48D6-FollowerState
2022-03-12 14:26:08,224 [grpc-default-executor-2] INFO  impl.RoleInfo (RoleInfo.java:updateAndGet(130)) - f8b47a51-d582-4728-836c-b6b8cb6674d2: start f8b47a51-d582-4728-836c-b6b8cb6674d2@group-1B7447CB48D6-FollowerState
2022-03-12 14:26:08,224 [f8b47a51-d582-4728-836c-b6b8cb6674d2@group-1B7447CB48D6-FollowerState] INFO  impl.FollowerState (FollowerState.java:run(143)) - f8b47a51-d582-4728-836c-b6b8cb6674d2@group-1B7447CB48D6-FollowerState was interrupted: {}
java.lang.InterruptedException: sleep interrupted
	at java.lang.Thread.sleep(Native Method)
	at java.lang.Thread.sleep(Thread.java:342)
	at java.util.concurrent.TimeUnit.sleep(TimeUnit.java:386)
	at org.apache.ratis.util.TimeDuration.sleep(TimeDuration.java:324)
	at org.apache.ratis.util.TimeDuration.sleep(TimeDuration.java:309)
	at org.apache.ratis.server.impl.FollowerState.run(FollowerState.java:118)
2022-03-12 14:26:08,224 [grpc-default-executor-0] INFO  server.RaftServer$Division (RaftServerImpl.java:requestVote(1078)) - 0367229f-3e47-487a-a81f-dafd2c48bc0a@group-1B7447CB48D6 replies to ELECTION vote request: d4fb544e-91d6-444d-a862-ad6d9a9779bb<-0367229f-3e47-487a-a81f-dafd2c48bc0a#0:FAIL-t6. Peer's state: 0367229f-3e47-487a-a81f-dafd2c48bc0a@group-1B7447CB48D6:t6, leader=null, voted=null, raftlog=0367229f-3e47-487a-a81f-dafd2c48bc0a@group-1B7447CB48D6-SegmentedRaftLog:OPENED:c-1, conf=-1: [0367229f-3e47-487a-a81f-dafd2c48bc0a|rpc:10.1.0.8:38083|priority:1, d4fb544e-91d6-444d-a862-ad6d9a9779bb|rpc:10.1.0.8:36501|priority:0, f8b47a51-d582-4728-836c-b6b8cb6674d2|rpc:10.1.0.8:34337|priority:0], old=null
2022-03-12 14:26:08,226 [grpc-default-executor-2] INFO  server.RaftServer$Division (RaftServerImpl.java:requestVote(1078)) - f8b47a51-d582-4728-836c-b6b8cb6674d2@group-1B7447CB48D6 replies to ELECTION vote request: d4fb544e-91d6-444d-a862-ad6d9a9779bb<-f8b47a51-d582-4728-836c-b6b8cb6674d2#0:OK-t6. Peer's state: f8b47a51-d582-4728-836c-b6b8cb6674d2@group-1B7447CB48D6:t6, leader=null, voted=d4fb544e-91d6-444d-a862-ad6d9a9779bb, raftlog=f8b47a51-d582-4728-836c-b6b8cb6674d2@group-1B7447CB48D6-SegmentedRaftLog:OPENED:c-1, conf=-1: [0367229f-3e47-487a-a81f-dafd2c48bc0a|rpc:10.1.0.8:38083|priority:1, d4fb544e-91d6-444d-a862-ad6d9a9779bb|rpc:10.1.0.8:36501|priority:0, f8b47a51-d582-4728-836c-b6b8cb6674d2|rpc:10.1.0.8:34337|priority:0], old=null
2022-03-12 14:26:08,227 [d4fb544e-91d6-444d-a862-ad6d9a9779bb@group-1B7447CB48D6-LeaderElection15] INFO  impl.LeaderElection (LeaderElection.java:logAndReturn(89)) - d4fb544e-91d6-444d-a862-ad6d9a9779bb@group-1B7447CB48D6-LeaderElection15: ELECTION REJECTED received 1 response(s) and 0 exception(s):
2022-03-12 14:26:08,236 [d4fb544e-91d6-444d-a862-ad6d9a9779bb@group-1B7447CB48D6-LeaderElection15] INFO  impl.LeaderElection (LeaderElection.java:logAndReturn(93)) -   Response 0: d4fb544e-91d6-444d-a862-ad6d9a9779bb<-0367229f-3e47-487a-a81f-dafd2c48bc0a#0:FAIL-t6
2022-03-12 14:26:08,236 [d4fb544e-91d6-444d-a862-ad6d9a9779bb@group-1B7447CB48D6-LeaderElection15] INFO  impl.LeaderElection (LeaderElection.java:askForVotes(308)) - d4fb544e-91d6-444d-a862-ad6d9a9779bb@group-1B7447CB48D6-LeaderElection15 ELECTION round 0: result REJECTED
2022-03-12 14:26:08,237 [d4fb544e-91d6-444d-a862-ad6d9a9779bb@group-1B7447CB48D6-LeaderElection15] INFO  server.RaftServer$Division (RaftServerImpl.java:setRole(290)) - d4fb544e-91d6-444d-a862-ad6d9a9779bb@group-1B7447CB48D6: changes role from CANDIDATE to FOLLOWER at term 6 for REJECTED
2022-03-12 14:26:08,237 [d4fb544e-91d6-444d-a862-ad6d9a9779bb@group-1B7447CB48D6-LeaderElection15] INFO  impl.RoleInfo (RoleInfo.java:shutdownLeaderElection(121)) - d4fb544e-91d6-444d-a862-ad6d9a9779bb: shutdown d4fb544e-91d6-444d-a862-ad6d9a9779bb@group-1B7447CB48D6-LeaderElection15
2022-03-12 14:26:08,237 [d4fb544e-91d6-444d-a862-ad6d9a9779bb@group-1B7447CB48D6-LeaderElection15] INFO  impl.RoleInfo (RoleInfo.java:updateAndGet(130)) - d4fb544e-91d6-444d-a862-ad6d9a9779bb: start d4fb544e-91d6-444d-a862-ad6d9a9779bb@group-1B7447CB48D6-FollowerState
2022-03-12 14:26:08,282 [Listener at 127.0.0.1/33353] INFO  ozone.MiniOzoneClusterImpl (MiniOzoneClusterImpl.java:lambda$waitForClusterToBeReady$0(219)) - Nodes are ready. Got 3 of 3 DN Heartbeats.
2022-03-12 14:26:08,283 [Listener at 127.0.0.1/33353] INFO  ozone.MiniOzoneClusterImpl (MiniOzoneClusterImpl.java:lambda$waitForClusterToBeReady$0(222)) - Waiting for cluster to exit safe mode
2022-03-12 14:26:08,283 [Listener at 127.0.0.1/33353] INFO  ozone.MiniOzoneClusterImpl (MiniOzoneClusterImpl.java:lambda$waitForClusterToBeReady$0(224)) - SCM became leader
2022-03-12 14:26:09,283 [Listener at 127.0.0.1/33353] INFO  ozone.MiniOzoneClusterImpl (MiniOzoneClusterImpl.java:lambda$waitForClusterToBeReady$0(219)) - Nodes are ready. Got 3 of 3 DN Heartbeats.
2022-03-12 14:26:09,284 [Listener at 127.0.0.1/33353] INFO  ozone.MiniOzoneClusterImpl (MiniOzoneClusterImpl.java:lambda$waitForClusterToBeReady$0(222)) - Waiting for cluster to exit safe mode
2022-03-12 14:26:09,284 [Listener at 127.0.0.1/33353] INFO  ozone.MiniOzoneClusterImpl (MiniOzoneClusterImpl.java:lambda$waitForClusterToBeReady$0(224)) - SCM became leader
2022-03-12 14:26:10,284 [Listener at 127.0.0.1/33353] INFO  ozone.MiniOzoneClusterImpl (MiniOzoneClusterImpl.java:lambda$waitForClusterToBeReady$0(219)) - Nodes are ready. Got 3 of 3 DN Heartbeats.
2022-03-12 14:26:10,284 [Listener at 127.0.0.1/33353] INFO  ozone.MiniOzoneClusterImpl (MiniOzoneClusterImpl.java:lambda$waitForClusterToBeReady$0(222)) - Waiting for cluster to exit safe mode
2022-03-12 14:26:10,284 [Listener at 127.0.0.1/33353] INFO  ozone.MiniOzoneClusterImpl (MiniOzoneClusterImpl.java:lambda$waitForClusterToBeReady$0(224)) - SCM became leader
2022-03-12 14:26:11,285 [Listener at 127.0.0.1/33353] INFO  ozone.MiniOzoneClusterImpl (MiniOzoneClusterImpl.java:lambda$waitForClusterToBeReady$0(219)) - Nodes are ready. Got 3 of 3 DN Heartbeats.
2022-03-12 14:26:11,285 [Listener at 127.0.0.1/33353] INFO  ozone.MiniOzoneClusterImpl (MiniOzoneClusterImpl.java:lambda$waitForClusterToBeReady$0(222)) - Waiting for cluster to exit safe mode
2022-03-12 14:26:11,285 [Listener at 127.0.0.1/33353] INFO  ozone.MiniOzoneClusterImpl (MiniOzoneClusterImpl.java:lambda$waitForClusterToBeReady$0(224)) - SCM became leader
2022-03-12 14:26:12,285 [Listener at 127.0.0.1/33353] INFO  ozone.MiniOzoneClusterImpl (MiniOzoneClusterImpl.java:lambda$waitForClusterToBeReady$0(219)) - Nodes are ready. Got 3 of 3 DN Heartbeats.
2022-03-12 14:26:12,286 [Listener at 127.0.0.1/33353] INFO  ozone.MiniOzoneClusterImpl (MiniOzoneClusterImpl.java:lambda$waitForClusterToBeReady$0(222)) - Waiting for cluster to exit safe mode
2022-03-12 14:26:12,286 [Listener at 127.0.0.1/33353] INFO  ozone.MiniOzoneClusterImpl (MiniOzoneClusterImpl.java:lambda$waitForClusterToBeReady$0(224)) - SCM became leader
2022-03-12 14:26:13,258 [f8b47a51-d582-4728-836c-b6b8cb6674d2@group-1B7447CB48D6-FollowerState] INFO  impl.FollowerState (FollowerState.java:run(134)) - f8b47a51-d582-4728-836c-b6b8cb6674d2@group-1B7447CB48D6-FollowerState: change to CANDIDATE, lastRpcElapsedTime:5031517635ns, electionTimeout:5021ms
2022-03-12 14:26:13,258 [f8b47a51-d582-4728-836c-b6b8cb6674d2@group-1B7447CB48D6-FollowerState] INFO  impl.RoleInfo (RoleInfo.java:shutdownFollowerState(108)) - f8b47a51-d582-4728-836c-b6b8cb6674d2: shutdown f8b47a51-d582-4728-836c-b6b8cb6674d2@group-1B7447CB48D6-FollowerState
2022-03-12 14:26:13,258 [f8b47a51-d582-4728-836c-b6b8cb6674d2@group-1B7447CB48D6-FollowerState] INFO  server.RaftServer$Division (RaftServerImpl.java:setRole(290)) - f8b47a51-d582-4728-836c-b6b8cb6674d2@group-1B7447CB48D6: changes role from  FOLLOWER to CANDIDATE at term 6 for changeToCandidate
2022-03-12 14:26:13,258 [f8b47a51-d582-4728-836c-b6b8cb6674d2@group-1B7447CB48D6-FollowerState] INFO  server.RaftServerConfigKeys (ConfUtils.java:logGet(44)) - raft.server.leaderelection.pre-vote = false (custom)
2022-03-12 14:26:13,258 [f8b47a51-d582-4728-836c-b6b8cb6674d2@group-1B7447CB48D6-FollowerState] INFO  impl.RoleInfo (RoleInfo.java:updateAndGet(130)) - f8b47a51-d582-4728-836c-b6b8cb6674d2: start f8b47a51-d582-4728-836c-b6b8cb6674d2@group-1B7447CB48D6-LeaderElection16
2022-03-12 14:26:13,265 [0367229f-3e47-487a-a81f-dafd2c48bc0a@group-1B7447CB48D6-FollowerState] INFO  impl.FollowerState (FollowerState.java:run(134)) - 0367229f-3e47-487a-a81f-dafd2c48bc0a@group-1B7447CB48D6-FollowerState: change to CANDIDATE, lastRpcElapsedTime:5050414539ns, electionTimeout:5036ms
2022-03-12 14:26:13,265 [0367229f-3e47-487a-a81f-dafd2c48bc0a@group-1B7447CB48D6-FollowerState] INFO  impl.RoleInfo (RoleInfo.java:shutdownFollowerState(108)) - 0367229f-3e47-487a-a81f-dafd2c48bc0a: shutdown 0367229f-3e47-487a-a81f-dafd2c48bc0a@group-1B7447CB48D6-FollowerState
2022-03-12 14:26:13,265 [0367229f-3e47-487a-a81f-dafd2c48bc0a@group-1B7447CB48D6-FollowerState] INFO  server.RaftServer$Division (RaftServerImpl.java:setRole(290)) - 0367229f-3e47-487a-a81f-dafd2c48bc0a@group-1B7447CB48D6: changes role from  FOLLOWER to CANDIDATE at term 6 for changeToCandidate
2022-03-12 14:26:13,265 [0367229f-3e47-487a-a81f-dafd2c48bc0a@group-1B7447CB48D6-FollowerState] INFO  server.RaftServerConfigKeys (ConfUtils.java:logGet(44)) - raft.server.leaderelection.pre-vote = false (custom)
2022-03-12 14:26:13,265 [0367229f-3e47-487a-a81f-dafd2c48bc0a@group-1B7447CB48D6-FollowerState] INFO  impl.RoleInfo (RoleInfo.java:updateAndGet(130)) - 0367229f-3e47-487a-a81f-dafd2c48bc0a: start 0367229f-3e47-487a-a81f-dafd2c48bc0a@group-1B7447CB48D6-LeaderElection17
2022-03-12 14:26:13,267 [f8b47a51-d582-4728-836c-b6b8cb6674d2@group-1B7447CB48D6-LeaderElection16] INFO  impl.LeaderElection (LeaderElection.java:askForVotes(306)) - f8b47a51-d582-4728-836c-b6b8cb6674d2@group-1B7447CB48D6-LeaderElection16 ELECTION round 0: submit vote requests at term 7 for -1: [0367229f-3e47-487a-a81f-dafd2c48bc0a|rpc:10.1.0.8:38083|priority:1, d4fb544e-91d6-444d-a862-ad6d9a9779bb|rpc:10.1.0.8:36501|priority:0, f8b47a51-d582-4728-836c-b6b8cb6674d2|rpc:10.1.0.8:34337|priority:0], old=null
2022-03-12 14:26:13,277 [grpc-default-executor-2] INFO  server.RaftServer$Division (RaftServerImpl.java:requestVote(1046)) - 0367229f-3e47-487a-a81f-dafd2c48bc0a@group-1B7447CB48D6: receive requestVote(ELECTION, f8b47a51-d582-4728-836c-b6b8cb6674d2, group-1B7447CB48D6, 7, (t:0, i:0))
2022-03-12 14:26:13,278 [grpc-default-executor-2] INFO  impl.VoteContext (VoteContext.java:log(48)) - 0367229f-3e47-487a-a81f-dafd2c48bc0a@group-1B7447CB48D6-CANDIDATE: reject ELECTION from f8b47a51-d582-4728-836c-b6b8cb6674d2: already has voted for 0367229f-3e47-487a-a81f-dafd2c48bc0a at current term 7
2022-03-12 14:26:13,279 [grpc-default-executor-2] INFO  server.RaftServer$Division (RaftServerImpl.java:requestVote(1078)) - 0367229f-3e47-487a-a81f-dafd2c48bc0a@group-1B7447CB48D6 replies to ELECTION vote request: f8b47a51-d582-4728-836c-b6b8cb6674d2<-0367229f-3e47-487a-a81f-dafd2c48bc0a#0:FAIL-t7. Peer's state: 0367229f-3e47-487a-a81f-dafd2c48bc0a@group-1B7447CB48D6:t7, leader=null, voted=0367229f-3e47-487a-a81f-dafd2c48bc0a, raftlog=0367229f-3e47-487a-a81f-dafd2c48bc0a@group-1B7447CB48D6-SegmentedRaftLog:OPENED:c-1, conf=-1: [0367229f-3e47-487a-a81f-dafd2c48bc0a|rpc:10.1.0.8:38083|priority:1, d4fb544e-91d6-444d-a862-ad6d9a9779bb|rpc:10.1.0.8:36501|priority:0, f8b47a51-d582-4728-836c-b6b8cb6674d2|rpc:10.1.0.8:34337|priority:0], old=null
2022-03-12 14:26:13,280 [0367229f-3e47-487a-a81f-dafd2c48bc0a@group-1B7447CB48D6-LeaderElection17] INFO  impl.LeaderElection (LeaderElection.java:askForVotes(306)) - 0367229f-3e47-487a-a81f-dafd2c48bc0a@group-1B7447CB48D6-LeaderElection17 ELECTION round 0: submit vote requests at term 7 for -1: [0367229f-3e47-487a-a81f-dafd2c48bc0a|rpc:10.1.0.8:38083|priority:1, d4fb544e-91d6-444d-a862-ad6d9a9779bb|rpc:10.1.0.8:36501|priority:0, f8b47a51-d582-4728-836c-b6b8cb6674d2|rpc:10.1.0.8:34337|priority:0], old=null
2022-03-12 14:26:13,285 [grpc-default-executor-2] INFO  server.RaftServer$Division (RaftServerImpl.java:requestVote(1046)) - d4fb544e-91d6-444d-a862-ad6d9a9779bb@group-1B7447CB48D6: receive requestVote(ELECTION, f8b47a51-d582-4728-836c-b6b8cb6674d2, group-1B7447CB48D6, 7, (t:0, i:0))
2022-03-12 14:26:13,285 [f8b47a51-d582-4728-836c-b6b8cb6674d2@group-1B7447CB48D6-LeaderElection16] INFO  impl.LeaderElection (LeaderElection.java:logAndReturn(89)) - f8b47a51-d582-4728-836c-b6b8cb6674d2@group-1B7447CB48D6-LeaderElection16: ELECTION REJECTED received 1 response(s) and 0 exception(s):
2022-03-12 14:26:13,286 [Listener at 127.0.0.1/33353] INFO  ozone.MiniOzoneClusterImpl (MiniOzoneClusterImpl.java:lambda$waitForClusterToBeReady$0(219)) - Nodes are ready. Got 3 of 3 DN Heartbeats.
2022-03-12 14:26:13,286 [Listener at 127.0.0.1/33353] INFO  ozone.MiniOzoneClusterImpl (MiniOzoneClusterImpl.java:lambda$waitForClusterToBeReady$0(222)) - Waiting for cluster to exit safe mode
2022-03-12 14:26:13,286 [Listener at 127.0.0.1/33353] INFO  ozone.MiniOzoneClusterImpl (MiniOzoneClusterImpl.java:lambda$waitForClusterToBeReady$0(224)) - SCM became leader
2022-03-12 14:26:13,286 [f8b47a51-d582-4728-836c-b6b8cb6674d2@group-1B7447CB48D6-LeaderElection16] INFO  impl.LeaderElection (LeaderElection.java:logAndReturn(93)) -   Response 0: f8b47a51-d582-4728-836c-b6b8cb6674d2<-0367229f-3e47-487a-a81f-dafd2c48bc0a#0:FAIL-t7
2022-03-12 14:26:13,286 [f8b47a51-d582-4728-836c-b6b8cb6674d2@group-1B7447CB48D6-LeaderElection16] INFO  impl.LeaderElection (LeaderElection.java:askForVotes(308)) - f8b47a51-d582-4728-836c-b6b8cb6674d2@group-1B7447CB48D6-LeaderElection16 ELECTION round 0: result REJECTED
2022-03-12 14:26:13,286 [f8b47a51-d582-4728-836c-b6b8cb6674d2@group-1B7447CB48D6-LeaderElection16] INFO  server.RaftServer$Division (RaftServerImpl.java:setRole(290)) - f8b47a51-d582-4728-836c-b6b8cb6674d2@group-1B7447CB48D6: changes role from CANDIDATE to FOLLOWER at term 7 for REJECTED
2022-03-12 14:26:13,287 [f8b47a51-d582-4728-836c-b6b8cb6674d2@group-1B7447CB48D6-LeaderElection16] INFO  impl.RoleInfo (RoleInfo.java:shutdownLeaderElection(121)) - f8b47a51-d582-4728-836c-b6b8cb6674d2: shutdown f8b47a51-d582-4728-836c-b6b8cb6674d2@group-1B7447CB48D6-LeaderElection16
2022-03-12 14:26:13,287 [f8b47a51-d582-4728-836c-b6b8cb6674d2@group-1B7447CB48D6-LeaderElection16] INFO  impl.RoleInfo (RoleInfo.java:updateAndGet(130)) - f8b47a51-d582-4728-836c-b6b8cb6674d2: start f8b47a51-d582-4728-836c-b6b8cb6674d2@group-1B7447CB48D6-FollowerState
2022-03-12 14:26:13,288 [grpc-default-executor-2] INFO  impl.VoteContext (VoteContext.java:log(48)) - d4fb544e-91d6-444d-a862-ad6d9a9779bb@group-1B7447CB48D6-FOLLOWER: accept ELECTION from f8b47a51-d582-4728-836c-b6b8cb6674d2: our priority 0 <= candidate's priority 0
2022-03-12 14:26:13,288 [grpc-default-executor-2] INFO  server.RaftServer$Division (RaftServerImpl.java:setRole(290)) - d4fb544e-91d6-444d-a862-ad6d9a9779bb@group-1B7447CB48D6: changes role from  FOLLOWER to FOLLOWER at term 7 for candidate:f8b47a51-d582-4728-836c-b6b8cb6674d2
2022-03-12 14:26:13,288 [grpc-default-executor-2] INFO  impl.RoleInfo (RoleInfo.java:shutdownFollowerState(108)) - d4fb544e-91d6-444d-a862-ad6d9a9779bb: shutdown d4fb544e-91d6-444d-a862-ad6d9a9779bb@group-1B7447CB48D6-FollowerState
2022-03-12 14:26:13,293 [grpc-default-executor-2] INFO  impl.RoleInfo (RoleInfo.java:updateAndGet(130)) - d4fb544e-91d6-444d-a862-ad6d9a9779bb: start d4fb544e-91d6-444d-a862-ad6d9a9779bb@group-1B7447CB48D6-FollowerState
2022-03-12 14:26:13,293 [d4fb544e-91d6-444d-a862-ad6d9a9779bb@group-1B7447CB48D6-FollowerState] INFO  impl.FollowerState (FollowerState.java:run(143)) - d4fb544e-91d6-444d-a862-ad6d9a9779bb@group-1B7447CB48D6-FollowerState was interrupted: {}
java.lang.InterruptedException: sleep interrupted
	at java.lang.Thread.sleep(Native Method)
	at java.lang.Thread.sleep(Thread.java:342)
	at java.util.concurrent.TimeUnit.sleep(TimeUnit.java:386)
	at org.apache.ratis.util.TimeDuration.sleep(TimeDuration.java:324)
	at org.apache.ratis.util.TimeDuration.sleep(TimeDuration.java:309)
	at org.apache.ratis.server.impl.FollowerState.run(FollowerState.java:118)
2022-03-12 14:26:13,295 [grpc-default-executor-2] INFO  server.RaftServer$Division (RaftServerImpl.java:requestVote(1078)) - d4fb544e-91d6-444d-a862-ad6d9a9779bb@group-1B7447CB48D6 replies to ELECTION vote request: f8b47a51-d582-4728-836c-b6b8cb6674d2<-d4fb544e-91d6-444d-a862-ad6d9a9779bb#0:OK-t7. Peer's state: d4fb544e-91d6-444d-a862-ad6d9a9779bb@group-1B7447CB48D6:t7, leader=null, voted=f8b47a51-d582-4728-836c-b6b8cb6674d2, raftlog=d4fb544e-91d6-444d-a862-ad6d9a9779bb@group-1B7447CB48D6-SegmentedRaftLog:OPENED:c-1, conf=-1: [0367229f-3e47-487a-a81f-dafd2c48bc0a|rpc:10.1.0.8:38083|priority:1, d4fb544e-91d6-444d-a862-ad6d9a9779bb|rpc:10.1.0.8:36501|priority:0, f8b47a51-d582-4728-836c-b6b8cb6674d2|rpc:10.1.0.8:34337|priority:0], old=null
2022-03-12 14:26:13,303 [grpc-default-executor-0] INFO  server.RaftServer$Division (RaftServerImpl.java:requestVote(1046)) - d4fb544e-91d6-444d-a862-ad6d9a9779bb@group-1B7447CB48D6: receive requestVote(ELECTION, 0367229f-3e47-487a-a81f-dafd2c48bc0a, group-1B7447CB48D6, 7, (t:0, i:0))
2022-03-12 14:26:13,303 [grpc-default-executor-0] INFO  impl.VoteContext (VoteContext.java:log(48)) - d4fb544e-91d6-444d-a862-ad6d9a9779bb@group-1B7447CB48D6-FOLLOWER: reject ELECTION from 0367229f-3e47-487a-a81f-dafd2c48bc0a: already has voted for f8b47a51-d582-4728-836c-b6b8cb6674d2 at current term 7
2022-03-12 14:26:13,303 [grpc-default-executor-0] INFO  server.RaftServer$Division (RaftServerImpl.java:requestVote(1078)) - d4fb544e-91d6-444d-a862-ad6d9a9779bb@group-1B7447CB48D6 replies to ELECTION vote request: 0367229f-3e47-487a-a81f-dafd2c48bc0a<-d4fb544e-91d6-444d-a862-ad6d9a9779bb#0:FAIL-t7. Peer's state: d4fb544e-91d6-444d-a862-ad6d9a9779bb@group-1B7447CB48D6:t7, leader=null, voted=f8b47a51-d582-4728-836c-b6b8cb6674d2, raftlog=d4fb544e-91d6-444d-a862-ad6d9a9779bb@group-1B7447CB48D6-SegmentedRaftLog:OPENED:c-1, conf=-1: [0367229f-3e47-487a-a81f-dafd2c48bc0a|rpc:10.1.0.8:38083|priority:1, d4fb544e-91d6-444d-a862-ad6d9a9779bb|rpc:10.1.0.8:36501|priority:0, f8b47a51-d582-4728-836c-b6b8cb6674d2|rpc:10.1.0.8:34337|priority:0], old=null
2022-03-12 14:26:13,311 [grpc-default-executor-0] INFO  server.RaftServer$Division (RaftServerImpl.java:requestVote(1046)) - f8b47a51-d582-4728-836c-b6b8cb6674d2@group-1B7447CB48D6: receive requestVote(ELECTION, 0367229f-3e47-487a-a81f-dafd2c48bc0a, group-1B7447CB48D6, 7, (t:0, i:0))
2022-03-12 14:26:13,312 [grpc-default-executor-0] INFO  impl.VoteContext (VoteContext.java:log(48)) - f8b47a51-d582-4728-836c-b6b8cb6674d2@group-1B7447CB48D6-FOLLOWER: reject ELECTION from 0367229f-3e47-487a-a81f-dafd2c48bc0a: already has voted for f8b47a51-d582-4728-836c-b6b8cb6674d2 at current term 7
2022-03-12 14:26:13,312 [grpc-default-executor-0] INFO  server.RaftServer$Division (RaftServerImpl.java:requestVote(1078)) - f8b47a51-d582-4728-836c-b6b8cb6674d2@group-1B7447CB48D6 replies to ELECTION vote request: 0367229f-3e47-487a-a81f-dafd2c48bc0a<-f8b47a51-d582-4728-836c-b6b8cb6674d2#0:FAIL-t7. Peer's state: f8b47a51-d582-4728-836c-b6b8cb6674d2@group-1B7447CB48D6:t7, leader=null, voted=f8b47a51-d582-4728-836c-b6b8cb6674d2, raftlog=f8b47a51-d582-4728-836c-b6b8cb6674d2@group-1B7447CB48D6-SegmentedRaftLog:OPENED:c-1, conf=-1: [0367229f-3e47-487a-a81f-dafd2c48bc0a|rpc:10.1.0.8:38083|priority:1, d4fb544e-91d6-444d-a862-ad6d9a9779bb|rpc:10.1.0.8:36501|priority:0, f8b47a51-d582-4728-836c-b6b8cb6674d2|rpc:10.1.0.8:34337|priority:0], old=null
2022-03-12 14:26:13,314 [0367229f-3e47-487a-a81f-dafd2c48bc0a@group-1B7447CB48D6-LeaderElection17] INFO  impl.LeaderElection (LeaderElection.java:logAndReturn(89)) - 0367229f-3e47-487a-a81f-dafd2c48bc0a@group-1B7447CB48D6-LeaderElection17: ELECTION REJECTED received 2 response(s) and 0 exception(s):
2022-03-12 14:26:13,314 [0367229f-3e47-487a-a81f-dafd2c48bc0a@group-1B7447CB48D6-LeaderElection17] INFO  impl.LeaderElection (LeaderElection.java:logAndReturn(93)) -   Response 0: 0367229f-3e47-487a-a81f-dafd2c48bc0a<-d4fb544e-91d6-444d-a862-ad6d9a9779bb#0:FAIL-t7
2022-03-12 14:26:13,314 [0367229f-3e47-487a-a81f-dafd2c48bc0a@group-1B7447CB48D6-LeaderElection17] INFO  impl.LeaderElection (LeaderElection.java:logAndReturn(93)) -   Response 1: 0367229f-3e47-487a-a81f-dafd2c48bc0a<-f8b47a51-d582-4728-836c-b6b8cb6674d2#0:FAIL-t7
2022-03-12 14:26:13,314 [0367229f-3e47-487a-a81f-dafd2c48bc0a@group-1B7447CB48D6-LeaderElection17] INFO  impl.LeaderElection (LeaderElection.java:askForVotes(308)) - 0367229f-3e47-487a-a81f-dafd2c48bc0a@group-1B7447CB48D6-LeaderElection17 ELECTION round 0: result REJECTED
2022-03-12 14:26:13,314 [0367229f-3e47-487a-a81f-dafd2c48bc0a@group-1B7447CB48D6-LeaderElection17] INFO  server.RaftServer$Division (RaftServerImpl.java:setRole(290)) - 0367229f-3e47-487a-a81f-dafd2c48bc0a@group-1B7447CB48D6: changes role from CANDIDATE to FOLLOWER at term 7 for REJECTED
2022-03-12 14:26:13,315 [0367229f-3e47-487a-a81f-dafd2c48bc0a@group-1B7447CB48D6-LeaderElection17] INFO  impl.RoleInfo (RoleInfo.java:shutdownLeaderElection(121)) - 0367229f-3e47-487a-a81f-dafd2c48bc0a: shutdown 0367229f-3e47-487a-a81f-dafd2c48bc0a@group-1B7447CB48D6-LeaderElection17
2022-03-12 14:26:13,315 [0367229f-3e47-487a-a81f-dafd2c48bc0a@group-1B7447CB48D6-LeaderElection17] INFO  impl.RoleInfo (RoleInfo.java:updateAndGet(130)) - 0367229f-3e47-487a-a81f-dafd2c48bc0a: start 0367229f-3e47-487a-a81f-dafd2c48bc0a@group-1B7447CB48D6-FollowerState
2022-03-12 14:26:14,286 [Listener at 127.0.0.1/33353] INFO  ozone.MiniOzoneClusterImpl (MiniOzoneClusterImpl.java:lambda$waitForClusterToBeReady$0(219)) - Nodes are ready. Got 3 of 3 DN Heartbeats.
2022-03-12 14:26:14,287 [Listener at 127.0.0.1/33353] INFO  ozone.MiniOzoneClusterImpl (MiniOzoneClusterImpl.java:lambda$waitForClusterToBeReady$0(222)) - Waiting for cluster to exit safe mode
2022-03-12 14:26:14,288 [Listener at 127.0.0.1/33353] INFO  ozone.MiniOzoneClusterImpl (MiniOzoneClusterImpl.java:lambda$waitForClusterToBeReady$0(224)) - SCM became leader
2022-03-12 14:26:15,288 [Listener at 127.0.0.1/33353] INFO  ozone.MiniOzoneClusterImpl (MiniOzoneClusterImpl.java:lambda$waitForClusterToBeReady$0(219)) - Nodes are ready. Got 3 of 3 DN Heartbeats.
2022-03-12 14:26:15,288 [Listener at 127.0.0.1/33353] INFO  ozone.MiniOzoneClusterImpl (MiniOzoneClusterImpl.java:lambda$waitForClusterToBeReady$0(222)) - Waiting for cluster to exit safe mode
2022-03-12 14:26:15,288 [Listener at 127.0.0.1/33353] INFO  ozone.MiniOzoneClusterImpl (MiniOzoneClusterImpl.java:lambda$waitForClusterToBeReady$0(224)) - SCM became leader
2022-03-12 14:26:16,288 [Listener at 127.0.0.1/33353] INFO  ozone.MiniOzoneClusterImpl (MiniOzoneClusterImpl.java:lambda$waitForClusterToBeReady$0(219)) - Nodes are ready. Got 3 of 3 DN Heartbeats.
2022-03-12 14:26:16,289 [Listener at 127.0.0.1/33353] INFO  ozone.MiniOzoneClusterImpl (MiniOzoneClusterImpl.java:lambda$waitForClusterToBeReady$0(222)) - Waiting for cluster to exit safe mode
2022-03-12 14:26:16,289 [Listener at 127.0.0.1/33353] INFO  ozone.MiniOzoneClusterImpl (MiniOzoneClusterImpl.java:lambda$waitForClusterToBeReady$0(224)) - SCM became leader
2022-03-12 14:26:17,289 [Listener at 127.0.0.1/33353] INFO  ozone.MiniOzoneClusterImpl (MiniOzoneClusterImpl.java:lambda$waitForClusterToBeReady$0(219)) - Nodes are ready. Got 3 of 3 DN Heartbeats.
2022-03-12 14:26:17,289 [Listener at 127.0.0.1/33353] INFO  ozone.MiniOzoneClusterImpl (MiniOzoneClusterImpl.java:lambda$waitForClusterToBeReady$0(222)) - Waiting for cluster to exit safe mode
2022-03-12 14:26:17,289 [Listener at 127.0.0.1/33353] INFO  ozone.MiniOzoneClusterImpl (MiniOzoneClusterImpl.java:lambda$waitForClusterToBeReady$0(224)) - SCM became leader
2022-03-12 14:26:17,460 [Time-limited test] INFO  ozone.MiniOzoneClusterImpl (MiniOzoneClusterImpl.java:shutdown(449)) - Shutting down the Mini Ozone Cluster
2022-03-12 14:26:17,460 [Time-limited test] INFO  ozone.MiniOzoneClusterImpl (MiniOzoneClusterImpl.java:stop(464)) - Stopping the Mini Ozone Cluster
2022-03-12 14:26:17,460 [Time-limited test] INFO  ozone.MiniOzoneClusterImpl (MiniOzoneClusterImpl.java:stopOM(546)) - Stopping the OzoneManager
2022-03-12 14:26:17,460 [Time-limited test] INFO  om.OzoneManager (OzoneManager.java:stop(1893)) - om1[localhost:0]: Stopping Ozone Manager
2022-03-12 14:26:17,463 [Time-limited test] INFO  ipc.Server (Server.java:stop(3414)) - Stopping server on 33353
2022-03-12 14:26:17,466 [IPC Server listener on 0] INFO  ipc.Server (Server.java:run(1376)) - Stopping IPC Server listener on 0
2022-03-12 14:26:17,467 [IPC Server Responder] INFO  ipc.Server (Server.java:run(1512)) - Stopping IPC Server Responder
2022-03-12 14:26:17,468 [Time-limited test] INFO  server.RaftServer (RaftServerProxy.java:lambda$close$6(391)) - om1: close
2022-03-12 14:26:17,468 [Time-limited test] INFO  server.RaftServer$Division (RaftServerImpl.java:lambda$close$4(412)) - om1@group-C5BA1605619E: shutdown
2022-03-12 14:26:17,469 [Time-limited test] INFO  util.JmxRegister (JmxRegister.java:unregister(73)) - Successfully un-registered JMX Bean with object name Ratis:service=RaftServer,group=group-C5BA1605619E,id=om1
2022-03-12 14:26:17,469 [Time-limited test] INFO  impl.RoleInfo (RoleInfo.java:shutdownLeaderState(91)) - om1: shutdown om1@group-C5BA1605619E-LeaderStateImpl
2022-03-12 14:26:17,469 [Time-limited test] INFO  impl.PendingRequests (PendingRequests.java:sendNotLeaderResponses(282)) - om1@group-C5BA1605619E-PendingRequests: sendNotLeaderResponses
2022-03-12 14:26:17,470 [om1@group-C5BA1605619E-StateMachineUpdater] INFO  ratis.OzoneManagerStateMachine (OzoneManagerStateMachine.java:takeSnapshot(417)) - Current Snapshot Index (t:1, i:0)
2022-03-12 14:26:17,471 [om1@group-C5BA1605619E-StateMachineUpdater] INFO  impl.StateMachineUpdater (StateMachineUpdater.java:takeSnapshot(281)) - om1@group-C5BA1605619E-StateMachineUpdater: Took a snapshot at index 0
2022-03-12 14:26:17,471 [om1@group-C5BA1605619E-StateMachineUpdater] INFO  impl.StateMachineUpdater (StateMachineUpdater.java:lambda$new$0(89)) - om1@group-C5BA1605619E-StateMachineUpdater: snapshotIndex: updateIncreasingly -1 -> 0
2022-03-12 14:26:17,471 [om1@group-C5BA1605619E-StateMachineUpdater] INFO  ratis.OzoneManagerStateMachine (OzoneManagerStateMachine.java:close(471)) - StateMachine has shutdown. Shutdown OzoneManager if not already shutdown.
2022-03-12 14:26:17,471 [Time-limited test] INFO  impl.StateMachineUpdater (StateMachineUpdater.java:stopAndJoin(149)) - om1@group-C5BA1605619E-StateMachineUpdater: set stopIndex = 0
2022-03-12 14:26:17,471 [Time-limited test] INFO  server.RaftServer$Division (ServerState.java:close(419)) - om1@group-C5BA1605619E: closes. applyIndex: 0
2022-03-12 14:26:17,472 [om1@group-C5BA1605619E-SegmentedRaftLogWorker] INFO  segmented.SegmentedRaftLogWorker (SegmentedRaftLogWorker.java:run(327)) - om1@group-C5BA1605619E-SegmentedRaftLogWorker was interrupted, exiting. There are 0 tasks remaining in the queue.
2022-03-12 14:26:17,473 [Time-limited test] INFO  segmented.SegmentedRaftLogWorker (SegmentedRaftLogWorker.java:close(237)) - om1@group-C5BA1605619E-SegmentedRaftLogWorker close()
2022-03-12 14:26:17,474 [Time-limited test] INFO  server.GrpcService (GrpcService.java:closeImpl(262)) - om1: shutdown server with port 9872 now
2022-03-12 14:26:17,474 [Time-limited test] INFO  server.GrpcService (GrpcService.java:closeImpl(271)) - om1: shutdown server with port 9872 successfully
2022-03-12 14:26:17,475 [org.apache.ratis.util.JvmPauseMonitor$$Lambda$431/253481993@752e8805] INFO  util.JvmPauseMonitor (JvmPauseMonitor.java:run(109)) - JvmPauseMonitor-om1: Stopped
2022-03-12 14:26:17,475 [Time-limited test] INFO  ratis.OzoneManagerDoubleBuffer (OzoneManagerDoubleBuffer.java:stop(437)) - Stopping OMDoubleBuffer flush thread
2022-03-12 14:26:17,475 [OMDoubleBufferFlushThread] INFO  ratis.OzoneManagerDoubleBuffer (OzoneManagerDoubleBuffer.java:flushTransactions(356)) - OMDoubleBuffer flush thread OMDoubleBufferFlushThread is interrupted and will exit. OMDoubleBufferFlushThread
2022-03-12 14:26:17,475 [Time-limited test] INFO  utils.BackgroundService (BackgroundService.java:shutdown(132)) - Shutting down service KeyDeletingService
2022-03-12 14:26:17,476 [Time-limited test] INFO  utils.BackgroundService (BackgroundService.java:shutdown(132)) - Shutting down service DirectoryDeletingService
2022-03-12 14:26:17,479 [Time-limited test] INFO  handler.ContextHandler (ContextHandler.java:doStop(1153)) - Stopped o.e.j.w.WebAppContext@52fc09e7{ozoneManager,/,null,STOPPED}{file:/home/runner/work/ozone/ozone/hadoop-ozone/integration-test/target/test-classes/webapps/ozoneManager}
2022-03-12 14:26:17,480 [Time-limited test] INFO  server.AbstractConnector (AbstractConnector.java:doStop(381)) - Stopped ServerConnector@2e3daea{HTTP/1.1, (http/1.1)}{0.0.0.0:0}
2022-03-12 14:26:17,480 [Time-limited test] INFO  server.session (HouseKeeper.java:stopScavenging(149)) - node0 Stopped scavenging
2022-03-12 14:26:17,483 [Time-limited test] INFO  handler.ContextHandler (ContextHandler.java:doStop(1153)) - Stopped o.e.j.s.ServletContextHandler@36b67e00{static,/static,file:///home/runner/work/ozone/ozone/hadoop-ozone/integration-test/target/test-classes/webapps/static,STOPPED}
2022-03-12 14:26:17,484 [Time-limited test] INFO  handler.ContextHandler (ContextHandler.java:doStop(1153)) - Stopped o.e.j.s.ServletContextHandler@44a5b6fa{logs,/logs,file:///home/runner/work/ozone/ozone/hadoop-ozone/integration-test/target/log,STOPPED}
2022-03-12 14:26:17,488 [Time-limited test] INFO  ozone.MiniOzoneClusterImpl (MiniOzoneClusterImpl.java:stopDatanodes(523)) - Stopping the HddsDatanodes
2022-03-12 14:26:18,445 [f8b47a51-d582-4728-836c-b6b8cb6674d2@group-1B7447CB48D6-FollowerState] INFO  impl.FollowerState (FollowerState.java:run(134)) - f8b47a51-d582-4728-836c-b6b8cb6674d2@group-1B7447CB48D6-FollowerState: change to CANDIDATE, lastRpcElapsedTime:5158752899ns, electionTimeout:5145ms
2022-03-12 14:26:18,446 [f8b47a51-d582-4728-836c-b6b8cb6674d2@group-1B7447CB48D6-FollowerState] INFO  impl.RoleInfo (RoleInfo.java:shutdownFollowerState(108)) - f8b47a51-d582-4728-836c-b6b8cb6674d2: shutdown f8b47a51-d582-4728-836c-b6b8cb6674d2@group-1B7447CB48D6-FollowerState
2022-03-12 14:26:18,446 [f8b47a51-d582-4728-836c-b6b8cb6674d2@group-1B7447CB48D6-FollowerState] INFO  server.RaftServer$Division (RaftServerImpl.java:setRole(290)) - f8b47a51-d582-4728-836c-b6b8cb6674d2@group-1B7447CB48D6: changes role from  FOLLOWER to CANDIDATE at term 7 for changeToCandidate
2022-03-12 14:26:18,446 [f8b47a51-d582-4728-836c-b6b8cb6674d2@group-1B7447CB48D6-FollowerState] INFO  server.RaftServerConfigKeys (ConfUtils.java:logGet(44)) - raft.server.leaderelection.pre-vote = false (custom)
2022-03-12 14:26:18,446 [f8b47a51-d582-4728-836c-b6b8cb6674d2@group-1B7447CB48D6-FollowerState] INFO  impl.RoleInfo (RoleInfo.java:updateAndGet(130)) - f8b47a51-d582-4728-836c-b6b8cb6674d2: start f8b47a51-d582-4728-836c-b6b8cb6674d2@group-1B7447CB48D6-LeaderElection18
2022-03-12 14:26:18,454 [f8b47a51-d582-4728-836c-b6b8cb6674d2@group-1B7447CB48D6-LeaderElection18] INFO  impl.LeaderElection (LeaderElection.java:askForVotes(306)) - f8b47a51-d582-4728-836c-b6b8cb6674d2@group-1B7447CB48D6-LeaderElection18 ELECTION round 0: submit vote requests at term 8 for -1: [0367229f-3e47-487a-a81f-dafd2c48bc0a|rpc:10.1.0.8:38083|priority:1, d4fb544e-91d6-444d-a862-ad6d9a9779bb|rpc:10.1.0.8:36501|priority:0, f8b47a51-d582-4728-836c-b6b8cb6674d2|rpc:10.1.0.8:34337|priority:0], old=null
2022-03-12 14:26:18,468 [grpc-default-executor-0] INFO  server.RaftServer$Division (RaftServerImpl.java:requestVote(1046)) - 0367229f-3e47-487a-a81f-dafd2c48bc0a@group-1B7447CB48D6: receive requestVote(ELECTION, f8b47a51-d582-4728-836c-b6b8cb6674d2, group-1B7447CB48D6, 8, (t:0, i:0))
2022-03-12 14:26:18,468 [grpc-default-executor-0] INFO  impl.VoteContext (VoteContext.java:log(48)) - 0367229f-3e47-487a-a81f-dafd2c48bc0a@group-1B7447CB48D6-FOLLOWER: reject ELECTION from f8b47a51-d582-4728-836c-b6b8cb6674d2: our priority 1 > candidate's priority 0
2022-03-12 14:26:18,468 [grpc-default-executor-0] INFO  server.RaftServer$Division (RaftServerImpl.java:setRole(290)) - 0367229f-3e47-487a-a81f-dafd2c48bc0a@group-1B7447CB48D6: changes role from  FOLLOWER to FOLLOWER at term 8 for candidate:f8b47a51-d582-4728-836c-b6b8cb6674d2
2022-03-12 14:26:18,468 [grpc-default-executor-0] INFO  impl.RoleInfo (RoleInfo.java:shutdownFollowerState(108)) - 0367229f-3e47-487a-a81f-dafd2c48bc0a: shutdown 0367229f-3e47-487a-a81f-dafd2c48bc0a@group-1B7447CB48D6-FollowerState
2022-03-12 14:26:18,468 [grpc-default-executor-0] INFO  impl.RoleInfo (RoleInfo.java:updateAndGet(130)) - 0367229f-3e47-487a-a81f-dafd2c48bc0a: start 0367229f-3e47-487a-a81f-dafd2c48bc0a@group-1B7447CB48D6-FollowerState
2022-03-12 14:26:18,469 [0367229f-3e47-487a-a81f-dafd2c48bc0a@group-1B7447CB48D6-FollowerState] INFO  impl.FollowerState (FollowerState.java:run(143)) - 0367229f-3e47-487a-a81f-dafd2c48bc0a@group-1B7447CB48D6-FollowerState was interrupted: {}
java.lang.InterruptedException: sleep interrupted
	at java.lang.Thread.sleep(Native Method)
	at java.lang.Thread.sleep(Thread.java:342)
	at java.util.concurrent.TimeUnit.sleep(TimeUnit.java:386)
	at org.apache.ratis.util.TimeDuration.sleep(TimeDuration.java:324)
	at org.apache.ratis.util.TimeDuration.sleep(TimeDuration.java:309)
	at org.apache.ratis.server.impl.FollowerState.run(FollowerState.java:118)
2022-03-12 14:26:18,470 [grpc-default-executor-0] INFO  server.RaftServer$Division (RaftServerImpl.java:requestVote(1078)) - 0367229f-3e47-487a-a81f-dafd2c48bc0a@group-1B7447CB48D6 replies to ELECTION vote request: f8b47a51-d582-4728-836c-b6b8cb6674d2<-0367229f-3e47-487a-a81f-dafd2c48bc0a#0:FAIL-t8. Peer's state: 0367229f-3e47-487a-a81f-dafd2c48bc0a@group-1B7447CB48D6:t8, leader=null, voted=null, raftlog=0367229f-3e47-487a-a81f-dafd2c48bc0a@group-1B7447CB48D6-SegmentedRaftLog:OPENED:c-1, conf=-1: [0367229f-3e47-487a-a81f-dafd2c48bc0a|rpc:10.1.0.8:38083|priority:1, d4fb544e-91d6-444d-a862-ad6d9a9779bb|rpc:10.1.0.8:36501|priority:0, f8b47a51-d582-4728-836c-b6b8cb6674d2|rpc:10.1.0.8:34337|priority:0], old=null
2022-03-12 14:26:18,480 [grpc-default-executor-0] INFO  server.RaftServer$Division (RaftServerImpl.java:requestVote(1046)) - d4fb544e-91d6-444d-a862-ad6d9a9779bb@group-1B7447CB48D6: receive requestVote(ELECTION, f8b47a51-d582-4728-836c-b6b8cb6674d2, group-1B7447CB48D6, 8, (t:0, i:0))
2022-03-12 14:26:18,480 [grpc-default-executor-0] INFO  impl.VoteContext (VoteContext.java:log(48)) - d4fb544e-91d6-444d-a862-ad6d9a9779bb@group-1B7447CB48D6-FOLLOWER: accept ELECTION from f8b47a51-d582-4728-836c-b6b8cb6674d2: our priority 0 <= candidate's priority 0
2022-03-12 14:26:18,480 [grpc-default-executor-0] INFO  server.RaftServer$Division (RaftServerImpl.java:setRole(290)) - d4fb544e-91d6-444d-a862-ad6d9a9779bb@group-1B7447CB48D6: changes role from  FOLLOWER to FOLLOWER at term 8 for candidate:f8b47a51-d582-4728-836c-b6b8cb6674d2
2022-03-12 14:26:18,480 [grpc-default-executor-0] INFO  impl.RoleInfo (RoleInfo.java:shutdownFollowerState(108)) - d4fb544e-91d6-444d-a862-ad6d9a9779bb: shutdown d4fb544e-91d6-444d-a862-ad6d9a9779bb@group-1B7447CB48D6-FollowerState
2022-03-12 14:26:18,480 [grpc-default-executor-0] INFO  impl.RoleInfo (RoleInfo.java:updateAndGet(130)) - d4fb544e-91d6-444d-a862-ad6d9a9779bb: start d4fb544e-91d6-444d-a862-ad6d9a9779bb@group-1B7447CB48D6-FollowerState
2022-03-12 14:26:18,480 [d4fb544e-91d6-444d-a862-ad6d9a9779bb@group-1B7447CB48D6-FollowerState] INFO  impl.FollowerState (FollowerState.java:run(143)) - d4fb544e-91d6-444d-a862-ad6d9a9779bb@group-1B7447CB48D6-FollowerState was interrupted: {}
java.lang.InterruptedException: sleep interrupted
	at java.lang.Thread.sleep(Native Method)
	at java.lang.Thread.sleep(Thread.java:342)
	at java.util.concurrent.TimeUnit.sleep(TimeUnit.java:386)
	at org.apache.ratis.util.TimeDuration.sleep(TimeDuration.java:324)
	at org.apache.ratis.util.TimeDuration.sleep(TimeDuration.java:309)
	at org.apache.ratis.server.impl.FollowerState.run(FollowerState.java:118)
2022-03-12 14:26:18,483 [f8b47a51-d582-4728-836c-b6b8cb6674d2@group-1B7447CB48D6-LeaderElection18] INFO  impl.LeaderElection (LeaderElection.java:logAndReturn(89)) - f8b47a51-d582-4728-836c-b6b8cb6674d2@group-1B7447CB48D6-LeaderElection18: ELECTION REJECTED received 1 response(s) and 0 exception(s):
2022-03-12 14:26:18,483 [f8b47a51-d582-4728-836c-b6b8cb6674d2@group-1B7447CB48D6-LeaderElection18] INFO  impl.LeaderElection (LeaderElection.java:logAndReturn(93)) -   Response 0: f8b47a51-d582-4728-836c-b6b8cb6674d2<-0367229f-3e47-487a-a81f-dafd2c48bc0a#0:FAIL-t8
2022-03-12 14:26:18,483 [f8b47a51-d582-4728-836c-b6b8cb6674d2@group-1B7447CB48D6-LeaderElection18] INFO  impl.LeaderElection (LeaderElection.java:askForVotes(308)) - f8b47a51-d582-4728-836c-b6b8cb6674d2@group-1B7447CB48D6-LeaderElection18 ELECTION round 0: result REJECTED
2022-03-12 14:26:18,483 [f8b47a51-d582-4728-836c-b6b8cb6674d2@group-1B7447CB48D6-LeaderElection18] INFO  server.RaftServer$Division (RaftServerImpl.java:setRole(290)) - f8b47a51-d582-4728-836c-b6b8cb6674d2@group-1B7447CB48D6: changes role from CANDIDATE to FOLLOWER at term 8 for REJECTED
2022-03-12 14:26:18,483 [f8b47a51-d582-4728-836c-b6b8cb6674d2@group-1B7447CB48D6-LeaderElection18] INFO  impl.RoleInfo (RoleInfo.java:shutdownLeaderElection(121)) - f8b47a51-d582-4728-836c-b6b8cb6674d2: shutdown f8b47a51-d582-4728-836c-b6b8cb6674d2@group-1B7447CB48D6-LeaderElection18
2022-03-12 14:26:18,483 [f8b47a51-d582-4728-836c-b6b8cb6674d2@group-1B7447CB48D6-LeaderElection18] INFO  impl.RoleInfo (RoleInfo.java:updateAndGet(130)) - f8b47a51-d582-4728-836c-b6b8cb6674d2: start f8b47a51-d582-4728-836c-b6b8cb6674d2@group-1B7447CB48D6-FollowerState
2022-03-12 14:26:18,484 [grpc-default-executor-0] INFO  server.RaftServer$Division (RaftServerImpl.java:requestVote(1078)) - d4fb544e-91d6-444d-a862-ad6d9a9779bb@group-1B7447CB48D6 replies to ELECTION vote request: f8b47a51-d582-4728-836c-b6b8cb6674d2<-d4fb544e-91d6-444d-a862-ad6d9a9779bb#0:OK-t8. Peer's state: d4fb544e-91d6-444d-a862-ad6d9a9779bb@group-1B7447CB48D6:t8, leader=null, voted=f8b47a51-d582-4728-836c-b6b8cb6674d2, raftlog=d4fb544e-91d6-444d-a862-ad6d9a9779bb@group-1B7447CB48D6-SegmentedRaftLog:OPENED:c-1, conf=-1: [0367229f-3e47-487a-a81f-dafd2c48bc0a|rpc:10.1.0.8:38083|priority:1, d4fb544e-91d6-444d-a862-ad6d9a9779bb|rpc:10.1.0.8:36501|priority:0, f8b47a51-d582-4728-836c-b6b8cb6674d2|rpc:10.1.0.8:34337|priority:0], old=null
2022-03-12 14:26:22,494 [ForkJoinPool.commonPool-worker-1] INFO  ozoneimpl.OzoneContainer (OzoneContainer.java:stop(356)) - Attempting to stop container services.
2022-03-12 14:26:22,494 [Time-limited test] INFO  ozoneimpl.OzoneContainer (OzoneContainer.java:stop(356)) - Attempting to stop container services.
2022-03-12 14:26:22,495 [ForkJoinPool.commonPool-worker-1] INFO  server.RaftServer (RaftServerProxy.java:lambda$close$6(391)) - d4fb544e-91d6-444d-a862-ad6d9a9779bb: close
2022-03-12 14:26:22,495 [ForkJoinPool.commonPool-worker-1] INFO  server.RaftServer$Division (RaftServerImpl.java:lambda$close$4(412)) - d4fb544e-91d6-444d-a862-ad6d9a9779bb@group-BAF98D51E095: shutdown
2022-03-12 14:26:22,496 [ForkJoinPool.commonPool-worker-1] INFO  util.JmxRegister (JmxRegister.java:unregister(73)) - Successfully un-registered JMX Bean with object name Ratis:service=RaftServer,group=group-BAF98D51E095,id=d4fb544e-91d6-444d-a862-ad6d9a9779bb
2022-03-12 14:26:22,496 [ForkJoinPool.commonPool-worker-1] INFO  impl.RoleInfo (RoleInfo.java:shutdownLeaderState(91)) - d4fb544e-91d6-444d-a862-ad6d9a9779bb: shutdown d4fb544e-91d6-444d-a862-ad6d9a9779bb@group-BAF98D51E095-LeaderStateImpl
2022-03-12 14:26:22,497 [ForkJoinPool.commonPool-worker-1] INFO  impl.PendingRequests (PendingRequests.java:sendNotLeaderResponses(282)) - d4fb544e-91d6-444d-a862-ad6d9a9779bb@group-BAF98D51E095-PendingRequests: sendNotLeaderResponses
2022-03-12 14:26:22,497 [ForkJoinPool.commonPool-worker-1] INFO  impl.StateMachineUpdater (StateMachineUpdater.java:stopAndJoin(149)) - d4fb544e-91d6-444d-a862-ad6d9a9779bb@group-BAF98D51E095-StateMachineUpdater: set stopIndex = 0
2022-03-12 14:26:22,498 [d4fb544e-91d6-444d-a862-ad6d9a9779bb@group-BAF98D51E095-StateMachineUpdater] INFO  ratis.ContainerStateMachine (ContainerStateMachine.java:takeSnapshot(304)) - group-BAF98D51E095: Taking a snapshot at:(t:1, i:0) file /home/runner/work/ozone/ozone/hadoop-ozone/integration-test/target/test-dir/MiniOzoneClusterImpl-f5f50f7a-5524-4be5-b9ff-96e951a72c81/datanode-0/data/ratis/8c06a477-57b0-4147-bb6e-baf98d51e095/sm/snapshot.1_0
2022-03-12 14:26:22,496 [Time-limited test] INFO  server.RaftServer (RaftServerProxy.java:lambda$close$6(391)) - 0367229f-3e47-487a-a81f-dafd2c48bc0a: close
2022-03-12 14:26:22,505 [Time-limited test] INFO  server.RaftServer$Division (RaftServerImpl.java:lambda$close$4(412)) - 0367229f-3e47-487a-a81f-dafd2c48bc0a@group-1B7447CB48D6: shutdown
2022-03-12 14:26:22,505 [Time-limited test] INFO  util.JmxRegister (JmxRegister.java:unregister(73)) - Successfully un-registered JMX Bean with object name Ratis:service=RaftServer,group=group-1B7447CB48D6,id=0367229f-3e47-487a-a81f-dafd2c48bc0a
2022-03-12 14:26:22,505 [Time-limited test] INFO  impl.RoleInfo (RoleInfo.java:shutdownFollowerState(108)) - 0367229f-3e47-487a-a81f-dafd2c48bc0a: shutdown 0367229f-3e47-487a-a81f-dafd2c48bc0a@group-1B7447CB48D6-FollowerState
2022-03-12 14:26:22,505 [Time-limited test] INFO  impl.StateMachineUpdater (StateMachineUpdater.java:stopAndJoin(149)) - 0367229f-3e47-487a-a81f-dafd2c48bc0a@group-1B7447CB48D6-StateMachineUpdater: set stopIndex = -1
2022-03-12 14:26:22,505 [0367229f-3e47-487a-a81f-dafd2c48bc0a@group-1B7447CB48D6-FollowerState] INFO  impl.FollowerState (FollowerState.java:run(143)) - 0367229f-3e47-487a-a81f-dafd2c48bc0a@group-1B7447CB48D6-FollowerState was interrupted: {}
java.lang.InterruptedException: sleep interrupted
	at java.lang.Thread.sleep(Native Method)
	at java.lang.Thread.sleep(Thread.java:342)
	at java.util.concurrent.TimeUnit.sleep(TimeUnit.java:386)
	at org.apache.ratis.util.TimeDuration.sleep(TimeDuration.java:324)
	at org.apache.ratis.util.TimeDuration.sleep(TimeDuration.java:309)
	at org.apache.ratis.server.impl.FollowerState.run(FollowerState.java:118)
2022-03-12 14:26:22,506 [Time-limited test] INFO  server.RaftServer$Division (ServerState.java:close(419)) - 0367229f-3e47-487a-a81f-dafd2c48bc0a@group-1B7447CB48D6: closes. applyIndex: -1
2022-03-12 14:26:22,506 [0367229f-3e47-487a-a81f-dafd2c48bc0a@group-1B7447CB48D6-SegmentedRaftLogWorker] INFO  segmented.SegmentedRaftLogWorker (SegmentedRaftLogWorker.java:run(327)) - 0367229f-3e47-487a-a81f-dafd2c48bc0a@group-1B7447CB48D6-SegmentedRaftLogWorker was interrupted, exiting. There are 0 tasks remaining in the queue.
2022-03-12 14:26:22,511 [Time-limited test] INFO  segmented.SegmentedRaftLogWorker (SegmentedRaftLogWorker.java:close(237)) - 0367229f-3e47-487a-a81f-dafd2c48bc0a@group-1B7447CB48D6-SegmentedRaftLogWorker close()
2022-03-12 14:26:22,515 [Time-limited test] INFO  server.RaftServer$Division (RaftServerImpl.java:lambda$close$4(412)) - 0367229f-3e47-487a-a81f-dafd2c48bc0a@group-A8783ECACE45: shutdown
2022-03-12 14:26:22,515 [Time-limited test] INFO  util.JmxRegister (JmxRegister.java:unregister(73)) - Successfully un-registered JMX Bean with object name Ratis:service=RaftServer,group=group-A8783ECACE45,id=0367229f-3e47-487a-a81f-dafd2c48bc0a
2022-03-12 14:26:22,515 [Time-limited test] INFO  impl.RoleInfo (RoleInfo.java:shutdownLeaderState(91)) - 0367229f-3e47-487a-a81f-dafd2c48bc0a: shutdown 0367229f-3e47-487a-a81f-dafd2c48bc0a@group-A8783ECACE45-LeaderStateImpl
2022-03-12 14:26:22,515 [Time-limited test] INFO  impl.PendingRequests (PendingRequests.java:sendNotLeaderResponses(282)) - 0367229f-3e47-487a-a81f-dafd2c48bc0a@group-A8783ECACE45-PendingRequests: sendNotLeaderResponses
2022-03-12 14:26:22,516 [Time-limited test] INFO  impl.StateMachineUpdater (StateMachineUpdater.java:stopAndJoin(149)) - 0367229f-3e47-487a-a81f-dafd2c48bc0a@group-A8783ECACE45-StateMachineUpdater: set stopIndex = 0
2022-03-12 14:26:22,516 [0367229f-3e47-487a-a81f-dafd2c48bc0a@group-A8783ECACE45-StateMachineUpdater] INFO  ratis.ContainerStateMachine (ContainerStateMachine.java:takeSnapshot(304)) - group-A8783ECACE45: Taking a snapshot at:(t:1, i:0) file /home/runner/work/ozone/ozone/hadoop-ozone/integration-test/target/test-dir/MiniOzoneClusterImpl-f5f50f7a-5524-4be5-b9ff-96e951a72c81/datanode-1/data/ratis/82d9d219-8982-44c6-a959-a8783ecace45/sm/snapshot.1_0
2022-03-12 14:26:22,571 [0367229f-3e47-487a-a81f-dafd2c48bc0a@group-A8783ECACE45-StateMachineUpdater] INFO  ratis.ContainerStateMachine (ContainerStateMachine.java:takeSnapshot(315)) - group-A8783ECACE45: Finished taking a snapshot at:(t:1, i:0) file:/home/runner/work/ozone/ozone/hadoop-ozone/integration-test/target/test-dir/MiniOzoneClusterImpl-f5f50f7a-5524-4be5-b9ff-96e951a72c81/datanode-1/data/ratis/82d9d219-8982-44c6-a959-a8783ecace45/sm/snapshot.1_0 took: 55 ms
2022-03-12 14:26:22,573 [0367229f-3e47-487a-a81f-dafd2c48bc0a@group-A8783ECACE45-StateMachineUpdater] INFO  impl.StateMachineUpdater (StateMachineUpdater.java:takeSnapshot(281)) - 0367229f-3e47-487a-a81f-dafd2c48bc0a@group-A8783ECACE45-StateMachineUpdater: Took a snapshot at index 0
2022-03-12 14:26:22,573 [0367229f-3e47-487a-a81f-dafd2c48bc0a@group-A8783ECACE45-StateMachineUpdater] INFO  impl.StateMachineUpdater (StateMachineUpdater.java:lambda$new$0(89)) - 0367229f-3e47-487a-a81f-dafd2c48bc0a@group-A8783ECACE45-StateMachineUpdater: snapshotIndex: updateIncreasingly -1 -> 0
2022-03-12 14:26:22,573 [d4fb544e-91d6-444d-a862-ad6d9a9779bb@group-BAF98D51E095-StateMachineUpdater] INFO  ratis.ContainerStateMachine (ContainerStateMachine.java:takeSnapshot(315)) - group-BAF98D51E095: Finished taking a snapshot at:(t:1, i:0) file:/home/runner/work/ozone/ozone/hadoop-ozone/integration-test/target/test-dir/MiniOzoneClusterImpl-f5f50f7a-5524-4be5-b9ff-96e951a72c81/datanode-0/data/ratis/8c06a477-57b0-4147-bb6e-baf98d51e095/sm/snapshot.1_0 took: 75 ms
2022-03-12 14:26:22,573 [d4fb544e-91d6-444d-a862-ad6d9a9779bb@group-BAF98D51E095-StateMachineUpdater] INFO  impl.StateMachineUpdater (StateMachineUpdater.java:takeSnapshot(281)) - d4fb544e-91d6-444d-a862-ad6d9a9779bb@group-BAF98D51E095-StateMachineUpdater: Took a snapshot at index 0
2022-03-12 14:26:22,573 [d4fb544e-91d6-444d-a862-ad6d9a9779bb@group-BAF98D51E095-StateMachineUpdater] INFO  impl.StateMachineUpdater (StateMachineUpdater.java:lambda$new$0(89)) - d4fb544e-91d6-444d-a862-ad6d9a9779bb@group-BAF98D51E095-StateMachineUpdater: snapshotIndex: updateIncreasingly -1 -> 0
2022-03-12 14:26:22,574 [ForkJoinPool.commonPool-worker-1] INFO  server.RaftServer$Division (ServerState.java:close(419)) - d4fb544e-91d6-444d-a862-ad6d9a9779bb@group-BAF98D51E095: closes. applyIndex: 0
2022-03-12 14:26:22,574 [d4fb544e-91d6-444d-a862-ad6d9a9779bb@group-BAF98D51E095-SegmentedRaftLogWorker] INFO  segmented.SegmentedRaftLogWorker (SegmentedRaftLogWorker.java:run(327)) - d4fb544e-91d6-444d-a862-ad6d9a9779bb@group-BAF98D51E095-SegmentedRaftLogWorker was interrupted, exiting. There are 0 tasks remaining in the queue.
2022-03-12 14:26:22,575 [ForkJoinPool.commonPool-worker-1] INFO  segmented.SegmentedRaftLogWorker (SegmentedRaftLogWorker.java:close(237)) - d4fb544e-91d6-444d-a862-ad6d9a9779bb@group-BAF98D51E095-SegmentedRaftLogWorker close()
2022-03-12 14:26:22,580 [Time-limited test] INFO  server.RaftServer$Division (ServerState.java:close(419)) - 0367229f-3e47-487a-a81f-dafd2c48bc0a@group-A8783ECACE45: closes. applyIndex: 0
2022-03-12 14:26:22,580 [0367229f-3e47-487a-a81f-dafd2c48bc0a@group-A8783ECACE45-SegmentedRaftLogWorker] INFO  segmented.SegmentedRaftLogWorker (SegmentedRaftLogWorker.java:run(327)) - 0367229f-3e47-487a-a81f-dafd2c48bc0a@group-A8783ECACE45-SegmentedRaftLogWorker was interrupted, exiting. There are 0 tasks remaining in the queue.
2022-03-12 14:26:22,580 [ForkJoinPool.commonPool-worker-1] INFO  server.RaftServer$Division (RaftServerImpl.java:lambda$close$4(412)) - d4fb544e-91d6-444d-a862-ad6d9a9779bb@group-1B7447CB48D6: shutdown
2022-03-12 14:26:22,580 [ForkJoinPool.commonPool-worker-1] INFO  util.JmxRegister (JmxRegister.java:unregister(73)) - Successfully un-registered JMX Bean with object name Ratis:service=RaftServer,group=group-1B7447CB48D6,id=d4fb544e-91d6-444d-a862-ad6d9a9779bb
2022-03-12 14:26:22,580 [ForkJoinPool.commonPool-worker-1] INFO  impl.RoleInfo (RoleInfo.java:shutdownFollowerState(108)) - d4fb544e-91d6-444d-a862-ad6d9a9779bb: shutdown d4fb544e-91d6-444d-a862-ad6d9a9779bb@group-1B7447CB48D6-FollowerState
2022-03-12 14:26:22,580 [ForkJoinPool.commonPool-worker-1] INFO  impl.StateMachineUpdater (StateMachineUpdater.java:stopAndJoin(149)) - d4fb544e-91d6-444d-a862-ad6d9a9779bb@group-1B7447CB48D6-StateMachineUpdater: set stopIndex = -1
2022-03-12 14:26:22,581 [d4fb544e-91d6-444d-a862-ad6d9a9779bb@group-1B7447CB48D6-FollowerState] INFO  impl.FollowerState (FollowerState.java:run(143)) - d4fb544e-91d6-444d-a862-ad6d9a9779bb@group-1B7447CB48D6-FollowerState was interrupted: {}
java.lang.InterruptedException: sleep interrupted
	at java.lang.Thread.sleep(Native Method)
	at java.lang.Thread.sleep(Thread.java:342)
	at java.util.concurrent.TimeUnit.sleep(TimeUnit.java:386)
	at org.apache.ratis.util.TimeDuration.sleep(TimeDuration.java:324)
	at org.apache.ratis.util.TimeDuration.sleep(TimeDuration.java:309)
	at org.apache.ratis.server.impl.FollowerState.run(FollowerState.java:118)
2022-03-12 14:26:22,581 [ForkJoinPool.commonPool-worker-1] INFO  server.RaftServer$Division (ServerState.java:close(419)) - d4fb544e-91d6-444d-a862-ad6d9a9779bb@group-1B7447CB48D6: closes. applyIndex: -1
2022-03-12 14:26:22,581 [d4fb544e-91d6-444d-a862-ad6d9a9779bb@group-1B7447CB48D6-SegmentedRaftLogWorker] INFO  segmented.SegmentedRaftLogWorker (SegmentedRaftLogWorker.java:run(327)) - d4fb544e-91d6-444d-a862-ad6d9a9779bb@group-1B7447CB48D6-SegmentedRaftLogWorker was interrupted, exiting. There are 0 tasks remaining in the queue.
2022-03-12 14:26:22,581 [ForkJoinPool.commonPool-worker-1] INFO  segmented.SegmentedRaftLogWorker (SegmentedRaftLogWorker.java:close(237)) - d4fb544e-91d6-444d-a862-ad6d9a9779bb@group-1B7447CB48D6-SegmentedRaftLogWorker close()
2022-03-12 14:26:22,582 [Time-limited test] INFO  segmented.SegmentedRaftLogWorker (SegmentedRaftLogWorker.java:close(237)) - 0367229f-3e47-487a-a81f-dafd2c48bc0a@group-A8783ECACE45-SegmentedRaftLogWorker close()
2022-03-12 14:26:22,583 [ForkJoinPool.commonPool-worker-1] INFO  server.GrpcService (GrpcService.java:closeImpl(262)) - d4fb544e-91d6-444d-a862-ad6d9a9779bb: shutdown server with port 36501 now
2022-03-12 14:26:22,585 [Time-limited test] INFO  server.GrpcService (GrpcService.java:closeImpl(262)) - 0367229f-3e47-487a-a81f-dafd2c48bc0a: shutdown server with port 38083 now
2022-03-12 14:26:22,603 [ForkJoinPool.commonPool-worker-1] INFO  server.GrpcService (GrpcService.java:closeImpl(271)) - d4fb544e-91d6-444d-a862-ad6d9a9779bb: shutdown server with port 36501 successfully
2022-03-12 14:26:22,604 [org.apache.ratis.util.JvmPauseMonitor$$Lambda$431/253481993@21790c4d] INFO  util.JvmPauseMonitor (JvmPauseMonitor.java:run(109)) - JvmPauseMonitor-d4fb544e-91d6-444d-a862-ad6d9a9779bb: Stopped
2022-03-12 14:26:22,608 [Time-limited test] INFO  server.GrpcService (GrpcService.java:closeImpl(271)) - 0367229f-3e47-487a-a81f-dafd2c48bc0a: shutdown server with port 38083 successfully
2022-03-12 14:26:22,608 [org.apache.ratis.util.JvmPauseMonitor$$Lambda$431/253481993@13a6f47d] INFO  util.JvmPauseMonitor (JvmPauseMonitor.java:run(109)) - JvmPauseMonitor-0367229f-3e47-487a-a81f-dafd2c48bc0a: Stopped
2022-03-12 14:26:23,637 [f8b47a51-d582-4728-836c-b6b8cb6674d2@group-1B7447CB48D6-FollowerState] INFO  impl.FollowerState (FollowerState.java:run(134)) - f8b47a51-d582-4728-836c-b6b8cb6674d2@group-1B7447CB48D6-FollowerState: change to CANDIDATE, lastRpcElapsedTime:5154087236ns, electionTimeout:5152ms
2022-03-12 14:26:23,637 [f8b47a51-d582-4728-836c-b6b8cb6674d2@group-1B7447CB48D6-FollowerState] INFO  impl.RoleInfo (RoleInfo.java:shutdownFollowerState(108)) - f8b47a51-d582-4728-836c-b6b8cb6674d2: shutdown f8b47a51-d582-4728-836c-b6b8cb6674d2@group-1B7447CB48D6-FollowerState
2022-03-12 14:26:23,637 [f8b47a51-d582-4728-836c-b6b8cb6674d2@group-1B7447CB48D6-FollowerState] INFO  server.RaftServer$Division (RaftServerImpl.java:setRole(290)) - f8b47a51-d582-4728-836c-b6b8cb6674d2@group-1B7447CB48D6: changes role from  FOLLOWER to CANDIDATE at term 8 for changeToCandidate
2022-03-12 14:26:23,637 [f8b47a51-d582-4728-836c-b6b8cb6674d2@group-1B7447CB48D6-FollowerState] INFO  server.RaftServerConfigKeys (ConfUtils.java:logGet(44)) - raft.server.leaderelection.pre-vote = false (custom)
2022-03-12 14:26:23,638 [f8b47a51-d582-4728-836c-b6b8cb6674d2@group-1B7447CB48D6-FollowerState] INFO  impl.RoleInfo (RoleInfo.java:updateAndGet(130)) - f8b47a51-d582-4728-836c-b6b8cb6674d2: start f8b47a51-d582-4728-836c-b6b8cb6674d2@group-1B7447CB48D6-LeaderElection19
2022-03-12 14:26:23,644 [f8b47a51-d582-4728-836c-b6b8cb6674d2@group-1B7447CB48D6-LeaderElection19] INFO  impl.LeaderElection (LeaderElection.java:askForVotes(306)) - f8b47a51-d582-4728-836c-b6b8cb6674d2@group-1B7447CB48D6-LeaderElection19 ELECTION round 0: submit vote requests at term 9 for -1: [0367229f-3e47-487a-a81f-dafd2c48bc0a|rpc:10.1.0.8:38083|priority:1, d4fb544e-91d6-444d-a862-ad6d9a9779bb|rpc:10.1.0.8:36501|priority:0, f8b47a51-d582-4728-836c-b6b8cb6674d2|rpc:10.1.0.8:34337|priority:0], old=null
2022-03-12 14:26:23,663 [f8b47a51-d582-4728-836c-b6b8cb6674d2@group-1B7447CB48D6-LeaderElection19] INFO  impl.LeaderElection (LogUtils.java:infoOrTrace(137)) - f8b47a51-d582-4728-836c-b6b8cb6674d2@group-1B7447CB48D6-LeaderElection19 got exception when requesting votes: java.util.concurrent.ExecutionException: org.apache.ratis.thirdparty.io.grpc.StatusRuntimeException: UNAVAILABLE: io exception
2022-03-12 14:26:23,665 [f8b47a51-d582-4728-836c-b6b8cb6674d2@group-1B7447CB48D6-LeaderElection19] INFO  impl.LeaderElection (LogUtils.java:infoOrTrace(137)) - f8b47a51-d582-4728-836c-b6b8cb6674d2@group-1B7447CB48D6-LeaderElection19 got exception when requesting votes: java.util.concurrent.ExecutionException: org.apache.ratis.thirdparty.io.grpc.StatusRuntimeException: UNAVAILABLE: io exception
2022-03-12 14:26:23,665 [f8b47a51-d582-4728-836c-b6b8cb6674d2@group-1B7447CB48D6-LeaderElection19] INFO  impl.LeaderElection (LeaderElection.java:logAndReturn(89)) - f8b47a51-d582-4728-836c-b6b8cb6674d2@group-1B7447CB48D6-LeaderElection19: ELECTION REJECTED received 0 response(s) and 2 exception(s):
2022-03-12 14:26:23,665 [f8b47a51-d582-4728-836c-b6b8cb6674d2@group-1B7447CB48D6-LeaderElection19] INFO  impl.LeaderElection (LogUtils.java:infoOrTrace(137)) -   Exception 0: java.util.concurrent.ExecutionException: org.apache.ratis.thirdparty.io.grpc.StatusRuntimeException: UNAVAILABLE: io exception
2022-03-12 14:26:23,665 [f8b47a51-d582-4728-836c-b6b8cb6674d2@group-1B7447CB48D6-LeaderElection19] INFO  impl.LeaderElection (LogUtils.java:infoOrTrace(137)) -   Exception 1: java.util.concurrent.ExecutionException: org.apache.ratis.thirdparty.io.grpc.StatusRuntimeException: UNAVAILABLE: io exception
2022-03-12 14:26:23,665 [f8b47a51-d582-4728-836c-b6b8cb6674d2@group-1B7447CB48D6-LeaderElection19] INFO  impl.LeaderElection (LeaderElection.java:askForVotes(308)) - f8b47a51-d582-4728-836c-b6b8cb6674d2@group-1B7447CB48D6-LeaderElection19 ELECTION round 0: result REJECTED
2022-03-12 14:26:23,666 [f8b47a51-d582-4728-836c-b6b8cb6674d2@group-1B7447CB48D6-LeaderElection19] INFO  server.RaftServer$Division (RaftServerImpl.java:setRole(290)) - f8b47a51-d582-4728-836c-b6b8cb6674d2@group-1B7447CB48D6: changes role from CANDIDATE to FOLLOWER at term 9 for REJECTED
2022-03-12 14:26:23,666 [f8b47a51-d582-4728-836c-b6b8cb6674d2@group-1B7447CB48D6-LeaderElection19] INFO  impl.RoleInfo (RoleInfo.java:shutdownLeaderElection(121)) - f8b47a51-d582-4728-836c-b6b8cb6674d2: shutdown f8b47a51-d582-4728-836c-b6b8cb6674d2@group-1B7447CB48D6-LeaderElection19
2022-03-12 14:26:23,666 [f8b47a51-d582-4728-836c-b6b8cb6674d2@group-1B7447CB48D6-LeaderElection19] INFO  impl.RoleInfo (RoleInfo.java:updateAndGet(130)) - f8b47a51-d582-4728-836c-b6b8cb6674d2: start f8b47a51-d582-4728-836c-b6b8cb6674d2@group-1B7447CB48D6-FollowerState
2022-03-12 14:26:24,612 [ForkJoinPool.commonPool-worker-1] INFO  utils.BackgroundService (BackgroundService.java:shutdown(132)) - Shutting down service BlockDeletingService
2022-03-12 14:26:24,618 [Time-limited test] INFO  utils.BackgroundService (BackgroundService.java:shutdown(132)) - Shutting down service BlockDeletingService
2022-03-12 14:26:27,631 [ForkJoinPool.commonPool-worker-1] INFO  statemachine.DatanodeStateMachine (DatanodeStateMachine.java:stopDaemon(529)) - Ozone container server stopped.
2022-03-12 14:26:27,631 [Time-limited test] INFO  statemachine.DatanodeStateMachine (DatanodeStateMachine.java:stopDaemon(529)) - Ozone container server stopped.
2022-03-12 14:26:27,634 [ForkJoinPool.commonPool-worker-1] INFO  handler.ContextHandler (ContextHandler.java:doStop(1153)) - Stopped o.e.j.w.WebAppContext@11560bac{hddsDatanode,/,null,STOPPED}{jar:file:/home/runner/.m2/repository/org/apache/ozone/hdds-container-service/1.3.0-SNAPSHOT/hdds-container-service-1.3.0-SNAPSHOT.jar!/webapps/hddsDatanode}
2022-03-12 14:26:27,634 [Time-limited test] INFO  handler.ContextHandler (ContextHandler.java:doStop(1153)) - Stopped o.e.j.w.WebAppContext@6598bc78{hddsDatanode,/,null,STOPPED}{jar:file:/home/runner/.m2/repository/org/apache/ozone/hdds-container-service/1.3.0-SNAPSHOT/hdds-container-service-1.3.0-SNAPSHOT.jar!/webapps/hddsDatanode}
2022-03-12 14:26:27,635 [Time-limited test] INFO  server.AbstractConnector (AbstractConnector.java:doStop(381)) - Stopped ServerConnector@4f2cf046{HTTP/1.1, (http/1.1)}{0.0.0.0:0}
2022-03-12 14:26:27,635 [Time-limited test] INFO  server.session (HouseKeeper.java:stopScavenging(149)) - node0 Stopped scavenging
2022-03-12 14:26:27,636 [Time-limited test] INFO  handler.ContextHandler (ContextHandler.java:doStop(1153)) - Stopped o.e.j.s.ServletContextHandler@4a7154e8{static,/static,jar:file:/home/runner/.m2/repository/org/apache/ozone/hdds-container-service/1.3.0-SNAPSHOT/hdds-container-service-1.3.0-SNAPSHOT.jar!/webapps/static,STOPPED}
2022-03-12 14:26:27,636 [Time-limited test] INFO  handler.ContextHandler (ContextHandler.java:doStop(1153)) - Stopped o.e.j.s.ServletContextHandler@e5ffa7c{logs,/logs,file:///home/runner/work/ozone/ozone/hadoop-ozone/integration-test/target/log,STOPPED}
2022-03-12 14:26:27,636 [ForkJoinPool.commonPool-worker-1] INFO  server.AbstractConnector (AbstractConnector.java:doStop(381)) - Stopped ServerConnector@489810e4{HTTP/1.1, (http/1.1)}{0.0.0.0:0}
2022-03-12 14:26:27,636 [ForkJoinPool.commonPool-worker-1] INFO  server.session (HouseKeeper.java:stopScavenging(149)) - node0 Stopped scavenging
2022-03-12 14:26:27,637 [ForkJoinPool.commonPool-worker-1] INFO  handler.ContextHandler (ContextHandler.java:doStop(1153)) - Stopped o.e.j.s.ServletContextHandler@7247e7e8{static,/static,jar:file:/home/runner/.m2/repository/org/apache/ozone/hdds-container-service/1.3.0-SNAPSHOT/hdds-container-service-1.3.0-SNAPSHOT.jar!/webapps/static,STOPPED}
2022-03-12 14:26:27,638 [ForkJoinPool.commonPool-worker-1] INFO  handler.ContextHandler (ContextHandler.java:doStop(1153)) - Stopped o.e.j.s.ServletContextHandler@10fe2a02{logs,/logs,file:///home/runner/work/ozone/ozone/hadoop-ozone/integration-test/target/log,STOPPED}
2022-03-12 14:26:28,837 [f8b47a51-d582-4728-836c-b6b8cb6674d2@group-1B7447CB48D6-FollowerState] INFO  impl.FollowerState (FollowerState.java:run(134)) - f8b47a51-d582-4728-836c-b6b8cb6674d2@group-1B7447CB48D6-FollowerState: change to CANDIDATE, lastRpcElapsedTime:5170987621ns, electionTimeout:5169ms
2022-03-12 14:26:28,837 [f8b47a51-d582-4728-836c-b6b8cb6674d2@group-1B7447CB48D6-FollowerState] INFO  impl.RoleInfo (RoleInfo.java:shutdownFollowerState(108)) - f8b47a51-d582-4728-836c-b6b8cb6674d2: shutdown f8b47a51-d582-4728-836c-b6b8cb6674d2@group-1B7447CB48D6-FollowerState
2022-03-12 14:26:28,837 [f8b47a51-d582-4728-836c-b6b8cb6674d2@group-1B7447CB48D6-FollowerState] INFO  server.RaftServer$Division (RaftServerImpl.java:setRole(290)) - f8b47a51-d582-4728-836c-b6b8cb6674d2@group-1B7447CB48D6: changes role from  FOLLOWER to CANDIDATE at term 9 for changeToCandidate
2022-03-12 14:26:28,837 [f8b47a51-d582-4728-836c-b6b8cb6674d2@group-1B7447CB48D6-FollowerState] INFO  server.RaftServerConfigKeys (ConfUtils.java:logGet(44)) - raft.server.leaderelection.pre-vote = false (custom)
2022-03-12 14:26:28,837 [f8b47a51-d582-4728-836c-b6b8cb6674d2@group-1B7447CB48D6-FollowerState] INFO  impl.RoleInfo (RoleInfo.java:updateAndGet(130)) - f8b47a51-d582-4728-836c-b6b8cb6674d2: start f8b47a51-d582-4728-836c-b6b8cb6674d2@group-1B7447CB48D6-LeaderElection20
2022-03-12 14:26:28,851 [f8b47a51-d582-4728-836c-b6b8cb6674d2@group-1B7447CB48D6-LeaderElection20] INFO  impl.LeaderElection (LeaderElection.java:askForVotes(306)) - f8b47a51-d582-4728-836c-b6b8cb6674d2@group-1B7447CB48D6-LeaderElection20 ELECTION round 0: submit vote requests at term 10 for -1: [0367229f-3e47-487a-a81f-dafd2c48bc0a|rpc:10.1.0.8:38083|priority:1, d4fb544e-91d6-444d-a862-ad6d9a9779bb|rpc:10.1.0.8:36501|priority:0, f8b47a51-d582-4728-836c-b6b8cb6674d2|rpc:10.1.0.8:34337|priority:0], old=null
2022-03-12 14:26:28,857 [f8b47a51-d582-4728-836c-b6b8cb6674d2@group-1B7447CB48D6-LeaderElection20] INFO  impl.LeaderElection (LogUtils.java:infoOrTrace(137)) - f8b47a51-d582-4728-836c-b6b8cb6674d2@group-1B7447CB48D6-LeaderElection20 got exception when requesting votes: java.util.concurrent.ExecutionException: org.apache.ratis.thirdparty.io.grpc.StatusRuntimeException: UNAVAILABLE: io exception
2022-03-12 14:26:28,864 [f8b47a51-d582-4728-836c-b6b8cb6674d2@group-1B7447CB48D6-LeaderElection20] INFO  impl.LeaderElection (LogUtils.java:infoOrTrace(137)) - f8b47a51-d582-4728-836c-b6b8cb6674d2@group-1B7447CB48D6-LeaderElection20 got exception when requesting votes: java.util.concurrent.ExecutionException: org.apache.ratis.thirdparty.io.grpc.StatusRuntimeException: UNAVAILABLE: io exception
2022-03-12 14:26:28,864 [f8b47a51-d582-4728-836c-b6b8cb6674d2@group-1B7447CB48D6-LeaderElection20] INFO  impl.LeaderElection (LeaderElection.java:logAndReturn(89)) - f8b47a51-d582-4728-836c-b6b8cb6674d2@group-1B7447CB48D6-LeaderElection20: ELECTION REJECTED received 0 response(s) and 2 exception(s):
2022-03-12 14:26:28,864 [f8b47a51-d582-4728-836c-b6b8cb6674d2@group-1B7447CB48D6-LeaderElection20] INFO  impl.LeaderElection (LogUtils.java:infoOrTrace(137)) -   Exception 0: java.util.concurrent.ExecutionException: org.apache.ratis.thirdparty.io.grpc.StatusRuntimeException: UNAVAILABLE: io exception
2022-03-12 14:26:28,864 [f8b47a51-d582-4728-836c-b6b8cb6674d2@group-1B7447CB48D6-LeaderElection20] INFO  impl.LeaderElection (LogUtils.java:infoOrTrace(137)) -   Exception 1: java.util.concurrent.ExecutionException: org.apache.ratis.thirdparty.io.grpc.StatusRuntimeException: UNAVAILABLE: io exception
2022-03-12 14:26:28,864 [f8b47a51-d582-4728-836c-b6b8cb6674d2@group-1B7447CB48D6-LeaderElection20] INFO  impl.LeaderElection (LeaderElection.java:askForVotes(308)) - f8b47a51-d582-4728-836c-b6b8cb6674d2@group-1B7447CB48D6-LeaderElection20 ELECTION round 0: result REJECTED
2022-03-12 14:26:28,864 [f8b47a51-d582-4728-836c-b6b8cb6674d2@group-1B7447CB48D6-LeaderElection20] INFO  server.RaftServer$Division (RaftServerImpl.java:setRole(290)) - f8b47a51-d582-4728-836c-b6b8cb6674d2@group-1B7447CB48D6: changes role from CANDIDATE to FOLLOWER at term 10 for REJECTED
2022-03-12 14:26:28,864 [f8b47a51-d582-4728-836c-b6b8cb6674d2@group-1B7447CB48D6-LeaderElection20] INFO  impl.RoleInfo (RoleInfo.java:shutdownLeaderElection(121)) - f8b47a51-d582-4728-836c-b6b8cb6674d2: shutdown f8b47a51-d582-4728-836c-b6b8cb6674d2@group-1B7447CB48D6-LeaderElection20
2022-03-12 14:26:28,868 [f8b47a51-d582-4728-836c-b6b8cb6674d2@group-1B7447CB48D6-LeaderElection20] INFO  impl.RoleInfo (RoleInfo.java:updateAndGet(130)) - f8b47a51-d582-4728-836c-b6b8cb6674d2: start f8b47a51-d582-4728-836c-b6b8cb6674d2@group-1B7447CB48D6-FollowerState
2022-03-12 14:26:32,642 [Time-limited test] INFO  ozoneimpl.OzoneContainer (OzoneContainer.java:stop(356)) - Attempting to stop container services.
2022-03-12 14:26:32,642 [Time-limited test] INFO  server.RaftServer (RaftServerProxy.java:lambda$close$6(391)) - f8b47a51-d582-4728-836c-b6b8cb6674d2: close
2022-03-12 14:26:32,646 [Time-limited test] INFO  server.RaftServer$Division (RaftServerImpl.java:lambda$close$4(412)) - f8b47a51-d582-4728-836c-b6b8cb6674d2@group-1B7447CB48D6: shutdown
2022-03-12 14:26:32,646 [Time-limited test] INFO  util.JmxRegister (JmxRegister.java:unregister(73)) - Successfully un-registered JMX Bean with object name Ratis:service=RaftServer,group=group-1B7447CB48D6,id=f8b47a51-d582-4728-836c-b6b8cb6674d2
2022-03-12 14:26:32,646 [Time-limited test] INFO  impl.RoleInfo (RoleInfo.java:shutdownFollowerState(108)) - f8b47a51-d582-4728-836c-b6b8cb6674d2: shutdown f8b47a51-d582-4728-836c-b6b8cb6674d2@group-1B7447CB48D6-FollowerState
2022-03-12 14:26:32,646 [Time-limited test] INFO  impl.StateMachineUpdater (StateMachineUpdater.java:stopAndJoin(149)) - f8b47a51-d582-4728-836c-b6b8cb6674d2@group-1B7447CB48D6-StateMachineUpdater: set stopIndex = -1
2022-03-12 14:26:32,647 [Time-limited test] INFO  server.RaftServer$Division (ServerState.java:close(419)) - f8b47a51-d582-4728-836c-b6b8cb6674d2@group-1B7447CB48D6: closes. applyIndex: -1
2022-03-12 14:26:32,647 [f8b47a51-d582-4728-836c-b6b8cb6674d2@group-1B7447CB48D6-SegmentedRaftLogWorker] INFO  segmented.SegmentedRaftLogWorker (SegmentedRaftLogWorker.java:run(327)) - f8b47a51-d582-4728-836c-b6b8cb6674d2@group-1B7447CB48D6-SegmentedRaftLogWorker was interrupted, exiting. There are 0 tasks remaining in the queue.
2022-03-12 14:26:32,647 [Time-limited test] INFO  segmented.SegmentedRaftLogWorker (SegmentedRaftLogWorker.java:close(237)) - f8b47a51-d582-4728-836c-b6b8cb6674d2@group-1B7447CB48D6-SegmentedRaftLogWorker close()
2022-03-12 14:26:32,648 [f8b47a51-d582-4728-836c-b6b8cb6674d2@group-1B7447CB48D6-FollowerState] INFO  impl.FollowerState (FollowerState.java:run(143)) - f8b47a51-d582-4728-836c-b6b8cb6674d2@group-1B7447CB48D6-FollowerState was interrupted: {}
java.lang.InterruptedException: sleep interrupted
	at java.lang.Thread.sleep(Native Method)
	at java.lang.Thread.sleep(Thread.java:342)
	at java.util.concurrent.TimeUnit.sleep(TimeUnit.java:386)
	at org.apache.ratis.util.TimeDuration.sleep(TimeDuration.java:324)
	at org.apache.ratis.util.TimeDuration.sleep(TimeDuration.java:309)
	at org.apache.ratis.server.impl.FollowerState.run(FollowerState.java:118)
2022-03-12 14:26:32,648 [Time-limited test] INFO  server.RaftServer$Division (RaftServerImpl.java:lambda$close$4(412)) - f8b47a51-d582-4728-836c-b6b8cb6674d2@group-CDBE3B011F1C: shutdown
2022-03-12 14:26:32,649 [Time-limited test] INFO  util.JmxRegister (JmxRegister.java:unregister(73)) - Successfully un-registered JMX Bean with object name Ratis:service=RaftServer,group=group-CDBE3B011F1C,id=f8b47a51-d582-4728-836c-b6b8cb6674d2
2022-03-12 14:26:32,649 [Time-limited test] INFO  impl.RoleInfo (RoleInfo.java:shutdownLeaderState(91)) - f8b47a51-d582-4728-836c-b6b8cb6674d2: shutdown f8b47a51-d582-4728-836c-b6b8cb6674d2@group-CDBE3B011F1C-LeaderStateImpl
2022-03-12 14:26:32,649 [Time-limited test] INFO  impl.PendingRequests (PendingRequests.java:sendNotLeaderResponses(282)) - f8b47a51-d582-4728-836c-b6b8cb6674d2@group-CDBE3B011F1C-PendingRequests: sendNotLeaderResponses
2022-03-12 14:26:32,649 [Time-limited test] INFO  impl.StateMachineUpdater (StateMachineUpdater.java:stopAndJoin(149)) - f8b47a51-d582-4728-836c-b6b8cb6674d2@group-CDBE3B011F1C-StateMachineUpdater: set stopIndex = 0
2022-03-12 14:26:32,650 [f8b47a51-d582-4728-836c-b6b8cb6674d2@group-CDBE3B011F1C-StateMachineUpdater] INFO  ratis.ContainerStateMachine (ContainerStateMachine.java:takeSnapshot(304)) - group-CDBE3B011F1C: Taking a snapshot at:(t:1, i:0) file /home/runner/work/ozone/ozone/hadoop-ozone/integration-test/target/test-dir/MiniOzoneClusterImpl-f5f50f7a-5524-4be5-b9ff-96e951a72c81/datanode-2/data/ratis/6bbd408a-315a-4618-b37a-cdbe3b011f1c/sm/snapshot.1_0
2022-03-12 14:26:32,651 [f8b47a51-d582-4728-836c-b6b8cb6674d2@group-CDBE3B011F1C-StateMachineUpdater] INFO  ratis.ContainerStateMachine (ContainerStateMachine.java:takeSnapshot(315)) - group-CDBE3B011F1C: Finished taking a snapshot at:(t:1, i:0) file:/home/runner/work/ozone/ozone/hadoop-ozone/integration-test/target/test-dir/MiniOzoneClusterImpl-f5f50f7a-5524-4be5-b9ff-96e951a72c81/datanode-2/data/ratis/6bbd408a-315a-4618-b37a-cdbe3b011f1c/sm/snapshot.1_0 took: 1 ms
2022-03-12 14:26:32,651 [f8b47a51-d582-4728-836c-b6b8cb6674d2@group-CDBE3B011F1C-StateMachineUpdater] INFO  impl.StateMachineUpdater (StateMachineUpdater.java:takeSnapshot(281)) - f8b47a51-d582-4728-836c-b6b8cb6674d2@group-CDBE3B011F1C-StateMachineUpdater: Took a snapshot at index 0
2022-03-12 14:26:32,651 [f8b47a51-d582-4728-836c-b6b8cb6674d2@group-CDBE3B011F1C-StateMachineUpdater] INFO  impl.StateMachineUpdater (StateMachineUpdater.java:lambda$new$0(89)) - f8b47a51-d582-4728-836c-b6b8cb6674d2@group-CDBE3B011F1C-StateMachineUpdater: snapshotIndex: updateIncreasingly -1 -> 0
2022-03-12 14:26:32,652 [Time-limited test] INFO  server.RaftServer$Division (ServerState.java:close(419)) - f8b47a51-d582-4728-836c-b6b8cb6674d2@group-CDBE3B011F1C: closes. applyIndex: 0
2022-03-12 14:26:32,653 [f8b47a51-d582-4728-836c-b6b8cb6674d2@group-CDBE3B011F1C-SegmentedRaftLogWorker] INFO  segmented.SegmentedRaftLogWorker (SegmentedRaftLogWorker.java:run(327)) - f8b47a51-d582-4728-836c-b6b8cb6674d2@group-CDBE3B011F1C-SegmentedRaftLogWorker was interrupted, exiting. There are 0 tasks remaining in the queue.
2022-03-12 14:26:32,656 [Time-limited test] INFO  segmented.SegmentedRaftLogWorker (SegmentedRaftLogWorker.java:close(237)) - f8b47a51-d582-4728-836c-b6b8cb6674d2@group-CDBE3B011F1C-SegmentedRaftLogWorker close()
2022-03-12 14:26:32,668 [Time-limited test] INFO  server.GrpcService (GrpcService.java:closeImpl(262)) - f8b47a51-d582-4728-836c-b6b8cb6674d2: shutdown server with port 34337 now
2022-03-12 14:26:32,677 [Time-limited test] INFO  server.GrpcService (GrpcService.java:closeImpl(271)) - f8b47a51-d582-4728-836c-b6b8cb6674d2: shutdown server with port 34337 successfully
2022-03-12 14:26:32,677 [org.apache.ratis.util.JvmPauseMonitor$$Lambda$431/253481993@1fa3cd59] INFO  util.JvmPauseMonitor (JvmPauseMonitor.java:run(109)) - JvmPauseMonitor-f8b47a51-d582-4728-836c-b6b8cb6674d2: Stopped
2022-03-12 14:26:34,689 [Time-limited test] INFO  utils.BackgroundService (BackgroundService.java:shutdown(132)) - Shutting down service BlockDeletingService
2022-03-12 14:26:37,698 [Time-limited test] INFO  statemachine.DatanodeStateMachine (DatanodeStateMachine.java:stopDaemon(529)) - Ozone container server stopped.
2022-03-12 14:26:37,701 [Time-limited test] INFO  handler.ContextHandler (ContextHandler.java:doStop(1153)) - Stopped o.e.j.w.WebAppContext@164c2b1c{hddsDatanode,/,null,STOPPED}{jar:file:/home/runner/.m2/repository/org/apache/ozone/hdds-container-service/1.3.0-SNAPSHOT/hdds-container-service-1.3.0-SNAPSHOT.jar!/webapps/hddsDatanode}
2022-03-12 14:26:37,702 [Time-limited test] INFO  server.AbstractConnector (AbstractConnector.java:doStop(381)) - Stopped ServerConnector@7599974b{HTTP/1.1, (http/1.1)}{0.0.0.0:0}
2022-03-12 14:26:37,702 [Time-limited test] INFO  server.session (HouseKeeper.java:stopScavenging(149)) - node0 Stopped scavenging
2022-03-12 14:26:37,703 [Time-limited test] INFO  handler.ContextHandler (ContextHandler.java:doStop(1153)) - Stopped o.e.j.s.ServletContextHandler@6be04e4d{static,/static,jar:file:/home/runner/.m2/repository/org/apache/ozone/hdds-container-service/1.3.0-SNAPSHOT/hdds-container-service-1.3.0-SNAPSHOT.jar!/webapps/static,STOPPED}
2022-03-12 14:26:37,708 [Time-limited test] INFO  handler.ContextHandler (ContextHandler.java:doStop(1153)) - Stopped o.e.j.s.ServletContextHandler@6be900a7{logs,/logs,file:///home/runner/work/ozone/ozone/hadoop-ozone/integration-test/target/log,STOPPED}
2022-03-12 14:26:37,709 [Time-limited test] INFO  ozone.MiniOzoneClusterImpl (MiniOzoneClusterImpl.java:stopSCM(538)) - Stopping the StorageContainerManager
2022-03-12 14:26:37,709 [Time-limited test] INFO  server.StorageContainerManager (StorageContainerManager.java:stop(1414)) - Stopping Container Balancer service.
2022-03-12 14:26:37,716 [Time-limited test] INFO  balancer.ContainerBalancer (ContainerBalancer.java:stop(802)) - Container Balancer is not running.
2022-03-12 14:26:37,716 [Time-limited test] INFO  server.StorageContainerManager (StorageContainerManager.java:stop(1421)) - Stopping Replication Manager Service.
2022-03-12 14:26:37,716 [Time-limited test] INFO  container.ReplicationManager (ReplicationManager.java:stop(357)) - Stopping Replication Monitor Thread.
2022-03-12 14:26:37,717 [Time-limited test] INFO  server.StorageContainerManager (StorageContainerManager.java:stop(1428)) - Stopping the Datanode Admin Monitor.
2022-03-12 14:26:37,717 [Time-limited test] INFO  server.StorageContainerManager (StorageContainerManager.java:stop(1435)) - Stopping Lease Manager of the command watchers
2022-03-12 14:26:37,717 [Time-limited test] INFO  server.StorageContainerManager (StorageContainerManager.java:stop(1442)) - Stopping datanode service RPC server
2022-03-12 14:26:37,717 [Time-limited test] INFO  server.SCMDatanodeProtocolServer (SCMDatanodeProtocolServer.java:stop(400)) - Stopping the RPC server for DataNodes
2022-03-12 14:26:37,717 [Time-limited test] INFO  ipc.Server (Server.java:stop(3414)) - Stopping server on 37097
2022-03-12 14:26:37,719 [IPC Server listener on 0] INFO  ipc.Server (Server.java:run(1376)) - Stopping IPC Server listener on 0
2022-03-12 14:26:37,719 [IPC Server Responder] INFO  ipc.Server (Server.java:run(1512)) - Stopping IPC Server Responder
2022-03-12 14:26:37,816 [SCM Heartbeat Processing Thread - 0] WARN  node.NodeStateManager (NodeStateManager.java:scheduleNextHealthCheck(815)) - Current Thread is interrupted, shutting down HB processing thread for Node Manager.
2022-03-12 14:26:37,817 [Time-limited test] INFO  server.StorageContainerManager (StorageContainerManager.java:stop(1450)) - Stopping block service RPC server
2022-03-12 14:26:37,817 [Time-limited test] INFO  server.SCMBlockProtocolServer (SCMBlockProtocolServer.java:stop(160)) - Stopping the RPC server for Block Protocol
2022-03-12 14:26:37,818 [Time-limited test] INFO  ipc.Server (Server.java:stop(3414)) - Stopping server on 34809
2022-03-12 14:26:37,819 [IPC Server listener on 0] INFO  ipc.Server (Server.java:run(1376)) - Stopping IPC Server listener on 0
2022-03-12 14:26:37,819 [IPC Server Responder] INFO  ipc.Server (Server.java:run(1512)) - Stopping IPC Server Responder
2022-03-12 14:26:37,820 [Time-limited test] INFO  server.StorageContainerManager (StorageContainerManager.java:stop(1457)) - Stopping the StorageContainerLocationProtocol RPC server
2022-03-12 14:26:37,821 [Time-limited test] INFO  server.SCMClientProtocolServer (SCMClientProtocolServer.java:stop(174)) - Stopping the RPC server for Client Protocol
2022-03-12 14:26:37,821 [Time-limited test] INFO  ipc.Server (Server.java:stop(3414)) - Stopping server on 38763
2022-03-12 14:26:37,828 [IPC Server Responder] INFO  ipc.Server (Server.java:run(1512)) - Stopping IPC Server Responder
2022-03-12 14:26:37,828 [IPC Server listener on 0] INFO  ipc.Server (Server.java:run(1376)) - Stopping IPC Server listener on 0
2022-03-12 14:26:37,828 [Time-limited test] INFO  server.StorageContainerManager (StorageContainerManager.java:stop(1464)) - Stopping Storage Container Manager HTTP server.
2022-03-12 14:26:37,836 [Time-limited test] INFO  handler.ContextHandler (ContextHandler.java:doStop(1153)) - Stopped o.e.j.w.WebAppContext@20b93b11{scm,/,null,STOPPED}{file:/home/runner/work/ozone/ozone/hadoop-ozone/integration-test/target/test-classes/webapps/scm}
2022-03-12 14:26:37,836 [Time-limited test] INFO  server.AbstractConnector (AbstractConnector.java:doStop(381)) - Stopped ServerConnector@56407293{HTTP/1.1, (http/1.1)}{0.0.0.0:0}
2022-03-12 14:26:37,837 [Time-limited test] INFO  server.session (HouseKeeper.java:stopScavenging(149)) - node0 Stopped scavenging
2022-03-12 14:26:37,837 [Time-limited test] INFO  handler.ContextHandler (ContextHandler.java:doStop(1153)) - Stopped o.e.j.s.ServletContextHandler@5246ea7e{static,/static,file:///home/runner/work/ozone/ozone/hadoop-ozone/integration-test/target/test-classes/webapps/static,STOPPED}
2022-03-12 14:26:37,837 [Time-limited test] INFO  handler.ContextHandler (ContextHandler.java:doStop(1153)) - Stopped o.e.j.s.ServletContextHandler@50742175{logs,/logs,file:///home/runner/work/ozone/ozone/hadoop-ozone/integration-test/target/log,STOPPED}
2022-03-12 14:26:37,839 [Time-limited test] INFO  server.StorageContainerManager (StorageContainerManager.java:stop(1475)) - Stopping Block Manager Service.
2022-03-12 14:26:37,839 [Time-limited test] INFO  utils.BackgroundService (BackgroundService.java:shutdown(132)) - Shutting down service SCMBlockDeletingService
2022-03-12 14:26:37,844 [Time-limited test] INFO  utils.BackgroundService (BackgroundService.java:shutdown(132)) - Shutting down service SCMBlockDeletingService
2022-03-12 14:26:37,844 [Time-limited test] INFO  server.StorageContainerManager (StorageContainerManager.java:stop(1502)) - Stopping SCM Event Queue.
2022-03-12 14:26:37,863 [Time-limited test] INFO  server.StorageContainerManager (StorageContainerManager.java:stop(1513)) - Stopping SCM HA services.
2022-03-12 14:26:37,863 [Time-limited test] INFO  ha.SCMRatisServerImpl (SCMRatisServerImpl.java:stop(236)) - stopping ratis server 0.0.0.0:9894
2022-03-12 14:26:37,863 [Time-limited test] INFO  server.RaftServer (RaftServerProxy.java:lambda$close$6(391)) - aecb911e-51ce-44d3-bc8f-bb6a71cbbcf4: close
2022-03-12 14:26:37,864 [Time-limited test] INFO  server.RaftServer$Division (RaftServerImpl.java:lambda$close$4(412)) - aecb911e-51ce-44d3-bc8f-bb6a71cbbcf4@group-96E951A72C81: shutdown
2022-03-12 14:26:37,864 [Time-limited test] INFO  util.JmxRegister (JmxRegister.java:unregister(73)) - Successfully un-registered JMX Bean with object name Ratis:service=RaftServer,group=group-96E951A72C81,id=aecb911e-51ce-44d3-bc8f-bb6a71cbbcf4
2022-03-12 14:26:37,864 [Time-limited test] INFO  impl.RoleInfo (RoleInfo.java:shutdownLeaderState(91)) - aecb911e-51ce-44d3-bc8f-bb6a71cbbcf4: shutdown aecb911e-51ce-44d3-bc8f-bb6a71cbbcf4@group-96E951A72C81-LeaderStateImpl
2022-03-12 14:26:37,864 [Time-limited test] INFO  impl.PendingRequests (PendingRequests.java:sendNotLeaderResponses(282)) - aecb911e-51ce-44d3-bc8f-bb6a71cbbcf4@group-96E951A72C81-PendingRequests: sendNotLeaderResponses
2022-03-12 14:26:37,864 [Time-limited test] INFO  ha.SCMStateMachine (SCMStateMachine.java:notifyNotLeader(190)) - current leader SCM steps down.
2022-03-12 14:26:37,864 [Time-limited test] INFO  ha.SCMContext (SCMContext.java:updateLeaderAndTerm(90)) - update <isLeader,term> from <true,2> to <false,0>
2022-03-12 14:26:37,864 [Time-limited test] INFO  ha.SCMContext (SCMContext.java:updateLeaderAndTerm(97)) - update <isLeaderReady> from <false> to <false>
2022-03-12 14:26:37,865 [Time-limited test] INFO  impl.StateMachineUpdater (StateMachineUpdater.java:stopAndJoin(149)) - aecb911e-51ce-44d3-bc8f-bb6a71cbbcf4@group-96E951A72C81-StateMachineUpdater: set stopIndex = 16
2022-03-12 14:26:37,872 [aecb911e-51ce-44d3-bc8f-bb6a71cbbcf4@group-96E951A72C81-StateMachineUpdater] INFO  ha.SCMStateMachine (SCMStateMachine.java:takeSnapshot(297)) - Current Snapshot Index 16, takeSnapshot took 0 ms
2022-03-12 14:26:37,872 [aecb911e-51ce-44d3-bc8f-bb6a71cbbcf4@group-96E951A72C81-StateMachineUpdater] INFO  impl.StateMachineUpdater (StateMachineUpdater.java:takeSnapshot(281)) - aecb911e-51ce-44d3-bc8f-bb6a71cbbcf4@group-96E951A72C81-StateMachineUpdater: Took a snapshot at index 16
2022-03-12 14:26:37,872 [aecb911e-51ce-44d3-bc8f-bb6a71cbbcf4@group-96E951A72C81-StateMachineUpdater] INFO  impl.StateMachineUpdater (StateMachineUpdater.java:lambda$new$0(89)) - aecb911e-51ce-44d3-bc8f-bb6a71cbbcf4@group-96E951A72C81-StateMachineUpdater: snapshotIndex: updateIncreasingly -1 -> 16
2022-03-12 14:26:37,873 [Time-limited test] INFO  server.RaftServer$Division (ServerState.java:close(419)) - aecb911e-51ce-44d3-bc8f-bb6a71cbbcf4@group-96E951A72C81: closes. applyIndex: 16
2022-03-12 14:26:37,876 [aecb911e-51ce-44d3-bc8f-bb6a71cbbcf4@group-96E951A72C81-SegmentedRaftLogWorker] INFO  segmented.SegmentedRaftLogWorker (SegmentedRaftLogWorker.java:run(327)) - aecb911e-51ce-44d3-bc8f-bb6a71cbbcf4@group-96E951A72C81-SegmentedRaftLogWorker was interrupted, exiting. There are 0 tasks remaining in the queue.
2022-03-12 14:26:37,876 [Time-limited test] INFO  segmented.SegmentedRaftLogWorker (SegmentedRaftLogWorker.java:close(237)) - aecb911e-51ce-44d3-bc8f-bb6a71cbbcf4@group-96E951A72C81-SegmentedRaftLogWorker close()
2022-03-12 14:26:37,877 [Time-limited test] INFO  server.GrpcService (GrpcService.java:closeImpl(262)) - aecb911e-51ce-44d3-bc8f-bb6a71cbbcf4: shutdown server with port 9894 now
2022-03-12 14:26:37,878 [Time-limited test] INFO  server.GrpcService (GrpcService.java:closeImpl(271)) - aecb911e-51ce-44d3-bc8f-bb6a71cbbcf4: shutdown server with port 9894 successfully
2022-03-12 14:26:37,878 [org.apache.ratis.util.JvmPauseMonitor$$Lambda$431/253481993@59248e24] INFO  util.JvmPauseMonitor (JvmPauseMonitor.java:run(109)) - JvmPauseMonitor-aecb911e-51ce-44d3-bc8f-bb6a71cbbcf4: Stopped
2022-03-12 14:26:37,878 [Time-limited test] INFO  pipeline.BackgroundPipelineCreator (BackgroundPipelineCreator.java:stop(158)) - Stopping RatisPipelineUtilsThread.
2022-03-12 14:26:37,878 [Time-limited test] INFO  server.StorageContainerManager (StorageContainerManager.java:stop(1523)) - Stopping SCM MetadataStore.
2022-03-12 14:26:37,880 [Time-limited test] INFO  impl.MetricsSystemImpl (MetricsSystemImpl.java:stop(210)) - Stopping HddsDatanode metrics system...
2022-03-12 14:26:37,900 [prometheus] INFO  impl.MetricsSinkAdapter (MetricsSinkAdapter.java:publishMetricsFromQueue(141)) - prometheus thread interrupted.
2022-03-12 14:26:37,900 [Time-limited test] INFO  impl.MetricsSystemImpl (MetricsSystemImpl.java:stop(216)) - HddsDatanode metrics system stopped.
]]></system-out>
  </testcase>
  <testcase name="testDNstartAfterSCM" classname="org.apache.hadoop.ozone.TestMiniOzoneCluster" time="100.371"/>
  <testcase name="testDatanodeIDPersistent" classname="org.apache.hadoop.ozone.TestMiniOzoneCluster" time="0.109"/>
  <testcase name="testContainerRandomPort" classname="org.apache.hadoop.ozone.TestMiniOzoneCluster" time="25.252"/>
</testsuite>