<?xml version="1.0" encoding="UTF-8"?>
<testsuite xmlns:xsi="http://www.w3.org/2001/XMLSchema-instance" xsi:noNamespaceSchemaLocation="https://maven.apache.org/surefire/maven-surefire-plugin/xsd/surefire-test-report-3.0.xsd" version="3.0" name="org.apache.hadoop.fs.ozone.TestOzoneFileSystem" time="196.29" tests="168" errors="0" skipped="0" failures="1">
  <properties>
    <property name="awt.toolkit" value="sun.awt.X11.XToolkit"/>
    <property name="file.encoding.pkg" value="sun.io"/>
    <property name="java.specification.version" value="1.8"/>
    <property name="sun.cpu.isalist" value=""/>
    <property name="sun.jnu.encoding" value="UTF-8"/>
    <property name="java.class.path" value="/home/runner/work/ozone/ozone/hadoop-ozone/integration-test/target/test-classes:/home/runner/work/ozone/ozone/hadoop-ozone/integration-test/target/classes:/home/runner/.m2/repository/org/apache/ozone/ozone-common/1.4.0-SNAPSHOT/ozone-common-1.4.0-SNAPSHOT.jar:/home/runner/.m2/repository/io/grpc/grpc-netty/1.51.1/grpc-netty-1.51.1.jar:/home/runner/.m2/repository/io/grpc/grpc-core/1.51.1/grpc-core-1.51.1.jar:/home/runner/.m2/repository/com/google/android/annotations/4.1.1.4/annotations-4.1.1.4.jar:/home/runner/.m2/repository/org/codehaus/mojo/animal-sniffer-annotations/1.21/animal-sniffer-annotations-1.21.jar:/home/runner/.m2/repository/com/google/errorprone/error_prone_annotations/2.2.0/error_prone_annotations-2.2.0.jar:/home/runner/.m2/repository/io/perfmark/perfmark-api/0.25.0/perfmark-api-0.25.0.jar:/home/runner/.m2/repository/io/netty/netty-codec-http2/4.1.86.Final/netty-codec-http2-4.1.86.Final.jar:/home/runner/.m2/repository/io/netty/netty-common/4.1.86.Final/netty-common-4.1.86.Final.jar:/home/runner/.m2/repository/io/netty/netty-buffer/4.1.86.Final/netty-buffer-4.1.86.Final.jar:/home/runner/.m2/repository/io/netty/netty-codec-http/4.1.86.Final/netty-codec-http-4.1.86.Final.jar:/home/runner/.m2/repository/io/netty/netty-handler-proxy/4.1.86.Final/netty-handler-proxy-4.1.86.Final.jar:/home/runner/.m2/repository/io/netty/netty-codec-socks/4.1.86.Final/netty-codec-socks-4.1.86.Final.jar:/home/runner/.m2/repository/io/netty/netty-tcnative-boringssl-static/2.0.54.Final/netty-tcnative-boringssl-static-2.0.54.Final.jar:/home/runner/.m2/repository/io/netty/netty-tcnative-classes/2.0.54.Final/netty-tcnative-classes-2.0.54.Final.jar:/home/runner/.m2/repository/io/netty/netty-tcnative-boringssl-static/2.0.54.Final/netty-tcnative-boringssl-static-2.0.54.Final-linux-x86_64.jar:/home/runner/.m2/repository/io/netty/netty-tcnative-boringssl-static/2.0.54.Final/netty-tcnative-boringssl-static-2.0.54.Final-linux-aarch_64.jar:/home/runner/.m2/repository/io/netty/netty-tcnative-boringssl-static/2.0.54.Final/netty-tcnative-boringssl-static-2.0.54.Final-osx-x86_64.jar:/home/runner/.m2/repository/io/netty/netty-tcnative-boringssl-static/2.0.54.Final/netty-tcnative-boringssl-static-2.0.54.Final-osx-aarch_64.jar:/home/runner/.m2/repository/io/netty/netty-tcnative-boringssl-static/2.0.54.Final/netty-tcnative-boringssl-static-2.0.54.Final-windows-x86_64.jar:/home/runner/.m2/repository/org/apache/commons/commons-compress/1.21/commons-compress-1.21.jar:/home/runner/.m2/repository/org/apache/ozone/hdds-common/1.4.0-SNAPSHOT/hdds-common-1.4.0-SNAPSHOT.jar:/home/runner/.m2/repository/org/apache/ozone/hdds-client/1.4.0-SNAPSHOT/hdds-client-1.4.0-SNAPSHOT.jar:/home/runner/.m2/repository/org/apache/ozone/ozone-interface-client/1.4.0-SNAPSHOT/ozone-interface-client-1.4.0-SNAPSHOT.jar:/home/runner/.m2/repository/org/apache/ozone/hdds-test-utils/1.4.0-SNAPSHOT/hdds-test-utils-1.4.0-SNAPSHOT.jar:/home/runner/.m2/repository/com/google/guava/guava/31.1-jre/guava-31.1-jre.jar:/home/runner/.m2/repository/com/google/guava/failureaccess/1.0.1/failureaccess-1.0.1.jar:/home/runner/.m2/repository/com/google/guava/listenablefuture/9999.0-empty-to-avoid-conflict-with-guava/listenablefuture-9999.0-empty-to-avoid-conflict-with-guava.jar:/home/runner/.m2/repository/com/google/code/findbugs/jsr305/3.0.0/jsr305-3.0.0.jar:/home/runner/.m2/repository/org/checkerframework/checker-qual/3.12.0/checker-qual-3.12.0.jar:/home/runner/.m2/repository/com/google/j2objc/j2objc-annotations/1.3/j2objc-annotations-1.3.jar:/home/runner/.m2/repository/commons-io/commons-io/2.11.0/commons-io-2.11.0.jar:/home/runner/.m2/repository/commons-logging/commons-logging/1.2/commons-logging-1.2.jar:/home/runner/.m2/repository/ch/qos/reload4j/reload4j/1.2.22/reload4j-1.2.22.jar:/home/runner/.m2/repository/org/slf4j/slf4j-api/1.7.36/slf4j-api-1.7.36.jar:/home/runner/.m2/repository/org/apache/ozone/hdds-server-scm/1.4.0-SNAPSHOT/hdds-server-scm-1.4.0-SNAPSHOT.jar:/home/runner/.m2/repository/org/apache/ozone/hdds-container-service/1.4.0-SNAPSHOT/hdds-container-service-1.4.0-SNAPSHOT.jar:/home/runner/.m2/repository/org/apache/ozone/hdds-hadoop-dependency-server/1.4.0-SNAPSHOT/hdds-hadoop-dependency-server-1.4.0-SNAPSHOT.jar:/home/runner/.m2/repository/org/apache/hadoop/hadoop-hdfs/3.3.4/hadoop-hdfs-3.3.4.jar:/home/runner/.m2/repository/org/eclipse/jetty/jetty-util-ajax/9.4.49.v20220914/jetty-util-ajax-9.4.49.v20220914.jar:/home/runner/.m2/repository/commons-daemon/commons-daemon/1.0.13/commons-daemon-1.0.13.jar:/home/runner/.m2/repository/org/apache/ozone/hdds-server-framework/1.4.0-SNAPSHOT/hdds-server-framework-1.4.0-SNAPSHOT.jar:/home/runner/.m2/repository/org/apache/ozone/hdds-interface-server/1.4.0-SNAPSHOT/hdds-interface-server-1.4.0-SNAPSHOT.jar:/home/runner/.m2/repository/org/apache/commons/commons-configuration2/2.1.1/commons-configuration2-2.1.1.jar:/home/runner/.m2/repository/org/apache/logging/log4j/log4j-core/2.17.1/log4j-core-2.17.1.jar:/home/runner/.m2/repository/com/lmax/disruptor/3.4.2/disruptor-3.4.2.jar:/home/runner/.m2/repository/org/eclipse/jetty/jetty-servlet/9.4.49.v20220914/jetty-servlet-9.4.49.v20220914.jar:/home/runner/.m2/repository/org/eclipse/jetty/jetty-security/9.4.49.v20220914/jetty-security-9.4.49.v20220914.jar:/home/runner/.m2/repository/org/rocksdb/rocksdbjni/7.7.3/rocksdbjni-7.7.3.jar:/home/runner/.m2/repository/io/prometheus/simpleclient_dropwizard/0.7.0/simpleclient_dropwizard-0.7.0.jar:/home/runner/.m2/repository/io/prometheus/simpleclient/0.7.0/simpleclient-0.7.0.jar:/home/runner/.m2/repository/io/prometheus/simpleclient_common/0.7.0/simpleclient_common-0.7.0.jar:/home/runner/.m2/repository/com/github/spotbugs/spotbugs-annotations/3.1.12/spotbugs-annotations-3.1.12.jar:/home/runner/.m2/repository/org/awaitility/awaitility/4.2.0/awaitility-4.2.0.jar:/home/runner/.m2/repository/org/hamcrest/hamcrest/2.1/hamcrest-2.1.jar:/home/runner/.m2/repository/io/dropwizard/metrics/metrics-core/3.2.4/metrics-core-3.2.4.jar:/home/runner/.m2/repository/org/apache/commons/commons-text/1.4/commons-text-1.4.jar:/home/runner/.m2/repository/org/apache/hadoop/hadoop-hdfs-client/3.3.4/hadoop-hdfs-client-3.3.4.jar:/home/runner/.m2/repository/com/squareup/okhttp3/okhttp/4.9.3/okhttp-4.9.3.jar:/home/runner/.m2/repository/com/squareup/okio/okio/2.8.0/okio-2.8.0.jar:/home/runner/.m2/repository/org/jetbrains/kotlin/kotlin-stdlib-common/1.6.21/kotlin-stdlib-common-1.6.21.jar:/home/runner/.m2/repository/org/bouncycastle/bcprov-jdk15on/1.67/bcprov-jdk15on-1.67.jar:/home/runner/.m2/repository/com/google/protobuf/protobuf-java/2.5.0/protobuf-java-2.5.0.jar:/home/runner/.m2/repository/org/apache/ozone/ozone-manager/1.4.0-SNAPSHOT/ozone-manager-1.4.0-SNAPSHOT.jar:/home/runner/.m2/repository/org/aspectj/aspectjrt/1.9.7/aspectjrt-1.9.7.jar:/home/runner/.m2/repository/org/aspectj/aspectjweaver/1.9.7/aspectjweaver-1.9.7.jar:/home/runner/.m2/repository/org/apache/ozone/hdds-interface-client/1.4.0-SNAPSHOT/hdds-interface-client-1.4.0-SNAPSHOT.jar:/home/runner/.m2/repository/org/apache/hadoop/thirdparty/hadoop-shaded-protobuf_3_7/1.1.1/hadoop-shaded-protobuf_3_7-1.1.1.jar:/home/runner/.m2/repository/org/apache/ratis/ratis-thirdparty-misc/1.0.3/ratis-thirdparty-misc-1.0.3.jar:/home/runner/.m2/repository/org/apache/ozone/ozone-interface-storage/1.4.0-SNAPSHOT/ozone-interface-storage-1.4.0-SNAPSHOT.jar:/home/runner/.m2/repository/org/apache/ozone/rocksdb-checkpoint-differ/1.4.0-SNAPSHOT/rocksdb-checkpoint-differ-1.4.0-SNAPSHOT.jar:/home/runner/.m2/repository/org/reflections/reflections/0.9.11/reflections-0.9.11.jar:/home/runner/.m2/repository/com/sun/jersey/jersey-client/1.19/jersey-client-1.19.jar:/home/runner/.m2/repository/org/apache/ranger/ranger-intg/2.3.0/ranger-intg-2.3.0.jar:/home/runner/.m2/repository/org/apache/ranger/ranger-plugins-common/2.3.0/ranger-plugins-common-2.3.0.jar:/home/runner/.m2/repository/commons-lang/commons-lang/2.6/commons-lang-2.6.jar:/home/runner/.m2/repository/org/apache/ranger/ranger-plugins-cred/2.3.0/ranger-plugins-cred-2.3.0.jar:/home/runner/.m2/repository/org/apache/ranger/ranger-plugins-audit/2.3.0/ranger-plugins-audit-2.3.0.jar:/home/runner/.m2/repository/org/eclipse/jetty/jetty-client/9.4.49.v20220914/jetty-client-9.4.49.v20220914.jar:/home/runner/.m2/repository/org/apache/httpcomponents/httpmime/4.5.6/httpmime-4.5.6.jar:/home/runner/.m2/repository/org/apache/httpcomponents/httpcore-nio/4.4.13/httpcore-nio-4.4.13.jar:/home/runner/.m2/repository/org/apache/httpcomponents/httpasyncclient/4.1.3/httpasyncclient-4.1.3.jar:/home/runner/.m2/repository/com/carrotsearch/hppc/0.8.0/hppc-0.8.0.jar:/home/runner/.m2/repository/org/apache/orc/orc-core/1.5.8/orc-core-1.5.8.jar:/home/runner/.m2/repository/net/java/dev/jna/jna/5.2.0/jna-5.2.0.jar:/home/runner/.m2/repository/net/java/dev/jna/jna-platform/5.2.0/jna-platform-5.2.0.jar:/home/runner/.m2/repository/com/kstruct/gethostname4j/0.0.2/gethostname4j-0.0.2.jar:/home/runner/.m2/repository/org/apache/ranger/ranger-plugin-classloader/2.3.0/ranger-plugin-classloader-2.3.0.jar:/home/runner/.m2/repository/org/apache/hadoop/hadoop-minikdc/3.3.4/hadoop-minikdc-3.3.4.jar:/home/runner/.m2/repository/org/apache/kerby/kerb-simplekdc/1.0.1/kerb-simplekdc-1.0.1.jar:/home/runner/.m2/repository/org/apache/kerby/kerb-client/1.0.1/kerb-client-1.0.1.jar:/home/runner/.m2/repository/org/apache/kerby/kerby-config/1.0.1/kerby-config-1.0.1.jar:/home/runner/.m2/repository/org/apache/kerby/kerb-common/1.0.1/kerb-common-1.0.1.jar:/home/runner/.m2/repository/org/apache/kerby/kerb-crypto/1.0.1/kerb-crypto-1.0.1.jar:/home/runner/.m2/repository/org/apache/kerby/kerb-util/1.0.1/kerb-util-1.0.1.jar:/home/runner/.m2/repository/org/apache/kerby/token-provider/1.0.1/token-provider-1.0.1.jar:/home/runner/.m2/repository/org/apache/kerby/kerb-admin/1.0.1/kerb-admin-1.0.1.jar:/home/runner/.m2/repository/org/apache/kerby/kerb-server/1.0.1/kerb-server-1.0.1.jar:/home/runner/.m2/repository/org/apache/kerby/kerb-identity/1.0.1/kerb-identity-1.0.1.jar:/home/runner/.m2/repository/org/apache/kerby/kerby-xdr/1.0.1/kerby-xdr-1.0.1.jar:/home/runner/.m2/repository/org/apache/ozone/ozone-s3gateway/1.4.0-SNAPSHOT/ozone-s3gateway-1.4.0-SNAPSHOT.jar:/home/runner/.m2/repository/org/javassist/javassist/3.21.0-GA/javassist-3.21.0-GA.jar:/home/runner/.m2/repository/org/jboss/weld/servlet/weld-servlet/2.4.7.Final/weld-servlet-2.4.7.Final.jar:/home/runner/.m2/repository/org/glassfish/jersey/containers/jersey-container-servlet-core/2.34/jersey-container-servlet-core-2.34.jar:/home/runner/.m2/repository/org/glassfish/hk2/external/jakarta.inject/2.6.1/jakarta.inject-2.6.1.jar:/home/runner/.m2/repository/org/glassfish/jersey/core/jersey-common/2.34/jersey-common-2.34.jar:/home/runner/.m2/repository/jakarta/ws/rs/jakarta.ws.rs-api/2.1.6/jakarta.ws.rs-api-2.1.6.jar:/home/runner/.m2/repository/org/glassfish/jersey/ext/cdi/jersey-cdi1x/2.34/jersey-cdi1x-2.34.jar:/home/runner/.m2/repository/org/glassfish/jersey/inject/jersey-hk2/2.34/jersey-hk2-2.34.jar:/home/runner/.m2/repository/org/glassfish/hk2/hk2-locator/2.6.1/hk2-locator-2.6.1.jar:/home/runner/.m2/repository/org/glassfish/jersey/media/jersey-media-jaxb/2.34/jersey-media-jaxb-2.34.jar:/home/runner/.m2/repository/org/glassfish/hk2/osgi-resource-locator/1.0.3/osgi-resource-locator-1.0.3.jar:/home/runner/.m2/repository/org/glassfish/hk2/hk2-api/2.5.0/hk2-api-2.5.0.jar:/home/runner/.m2/repository/org/glassfish/hk2/hk2-utils/2.5.0/hk2-utils-2.5.0.jar:/home/runner/.m2/repository/org/glassfish/hk2/external/aopalliance-repackaged/2.5.0/aopalliance-repackaged-2.5.0.jar:/home/runner/.m2/repository/com/fasterxml/jackson/dataformat/jackson-dataformat-xml/2.13.4/jackson-dataformat-xml-2.13.4.jar:/home/runner/.m2/repository/com/fasterxml/jackson/core/jackson-core/2.13.4/jackson-core-2.13.4.jar:/home/runner/.m2/repository/org/codehaus/woodstox/stax2-api/4.2.1/stax2-api-4.2.1.jar:/home/runner/.m2/repository/com/fasterxml/woodstox/woodstox-core/5.4.0/woodstox-core-5.4.0.jar:/home/runner/.m2/repository/com/fasterxml/jackson/module/jackson-module-jaxb-annotations/2.13.4/jackson-module-jaxb-annotations-2.13.4.jar:/home/runner/.m2/repository/jakarta/xml/bind/jakarta.xml.bind-api/2.3.3/jakarta.xml.bind-api-2.3.3.jar:/home/runner/.m2/repository/jakarta/activation/jakarta.activation-api/1.2.2/jakarta.activation-api-1.2.2.jar:/home/runner/.m2/repository/javax/enterprise/cdi-api/1.2/cdi-api-1.2.jar:/home/runner/.m2/repository/javax/el/javax.el-api/3.0.0/javax.el-api-3.0.0.jar:/home/runner/.m2/repository/javax/interceptor/javax.interceptor-api/1.2/javax.interceptor-api-1.2.jar:/home/runner/.m2/repository/javax/inject/javax.inject/1/javax.inject-1.jar:/home/runner/.m2/repository/javax/xml/bind/jaxb-api/2.3.0/jaxb-api-2.3.0.jar:/home/runner/.m2/repository/org/glassfish/jaxb/jaxb-runtime/2.3.0.1/jaxb-runtime-2.3.0.1.jar:/home/runner/.m2/repository/org/glassfish/jaxb/jaxb-core/2.3.0.1/jaxb-core-2.3.0.1.jar:/home/runner/.m2/repository/org/glassfish/jaxb/txw2/2.3.0.1/txw2-2.3.0.1.jar:/home/runner/.m2/repository/com/sun/istack/istack-commons-runtime/3.0.5/istack-commons-runtime-3.0.5.jar:/home/runner/.m2/repository/org/jvnet/staxex/stax-ex/1.7.8/stax-ex-1.7.8.jar:/home/runner/.m2/repository/com/sun/xml/fastinfoset/FastInfoset/1.2.13/FastInfoset-1.2.13.jar:/home/runner/.m2/repository/javax/activation/activation/1.1.1/activation-1.1.1.jar:/home/runner/.m2/repository/io/grpc/grpc-protobuf/1.51.1/grpc-protobuf-1.51.1.jar:/home/runner/.m2/repository/io/grpc/grpc-api/1.51.1/grpc-api-1.51.1.jar:/home/runner/.m2/repository/io/grpc/grpc-context/1.51.1/grpc-context-1.51.1.jar:/home/runner/.m2/repository/com/google/api/grpc/proto-google-common-protos/2.9.0/proto-google-common-protos-2.9.0.jar:/home/runner/.m2/repository/io/grpc/grpc-protobuf-lite/1.51.1/grpc-protobuf-lite-1.51.1.jar:/home/runner/.m2/repository/io/grpc/grpc-stub/1.51.1/grpc-stub-1.51.1.jar:/home/runner/.m2/repository/io/netty/netty-transport/4.1.86.Final/netty-transport-4.1.86.Final.jar:/home/runner/.m2/repository/io/netty/netty-resolver/4.1.86.Final/netty-resolver-4.1.86.Final.jar:/home/runner/.m2/repository/org/apache/ozone/ozone-csi/1.4.0-SNAPSHOT/ozone-csi-1.4.0-SNAPSHOT.jar:/home/runner/.m2/repository/com/google/protobuf/protobuf-java-util/3.19.6/protobuf-java-util-3.19.6.jar:/home/runner/.m2/repository/com/google/code/gson/gson/2.9.0/gson-2.9.0.jar:/home/runner/.m2/repository/org/apache/ozone/hdds-config/1.4.0-SNAPSHOT/hdds-config-1.4.0-SNAPSHOT.jar:/home/runner/.m2/repository/io/netty/netty-transport-native-epoll/4.1.86.Final/netty-transport-native-epoll-4.1.86.Final-linux-x86_64.jar:/home/runner/.m2/repository/io/netty/netty-transport-classes-epoll/4.1.86.Final/netty-transport-classes-epoll-4.1.86.Final.jar:/home/runner/.m2/repository/io/netty/netty-transport-native-unix-common/4.1.86.Final/netty-transport-native-unix-common-4.1.86.Final.jar:/home/runner/.m2/repository/org/slf4j/slf4j-reload4j/1.7.36/slf4j-reload4j-1.7.36.jar:/home/runner/.m2/repository/org/apache/ozone/ozone-recon/1.4.0-SNAPSHOT/ozone-recon-1.4.0-SNAPSHOT.jar:/home/runner/.m2/repository/org/apache/ozone/ozone-reconcodegen/1.4.0-SNAPSHOT/ozone-reconcodegen-1.4.0-SNAPSHOT.jar:/home/runner/.m2/repository/com/google/inject/extensions/guice-multibindings/4.0/guice-multibindings-4.0.jar:/home/runner/.m2/repository/com/google/inject/guice/4.0/guice-4.0.jar:/home/runner/.m2/repository/aopalliance/aopalliance/1.0/aopalliance-1.0.jar:/home/runner/.m2/repository/com/google/inject/extensions/guice-assistedinject/4.0/guice-assistedinject-4.0.jar:/home/runner/.m2/repository/com/google/inject/extensions/guice-servlet/4.0/guice-servlet-4.0.jar:/home/runner/.m2/repository/org/glassfish/jersey/containers/jersey-container-servlet/2.34/jersey-container-servlet-2.34.jar:/home/runner/.m2/repository/org/glassfish/hk2/guice-bridge/2.5.0/guice-bridge-2.5.0.jar:/home/runner/.m2/repository/org/glassfish/jersey/core/jersey-server/2.34/jersey-server-2.34.jar:/home/runner/.m2/repository/org/glassfish/jersey/core/jersey-client/2.34/jersey-client-2.34.jar:/home/runner/.m2/repository/jakarta/annotation/jakarta.annotation-api/1.3.5/jakarta.annotation-api-1.3.5.jar:/home/runner/.m2/repository/jakarta/validation/jakarta.validation-api/2.0.2/jakarta.validation-api-2.0.2.jar:/home/runner/.m2/repository/org/glassfish/jersey/media/jersey-media-json-jackson/2.34/jersey-media-json-jackson-2.34.jar:/home/runner/.m2/repository/org/glassfish/jersey/ext/jersey-entity-filtering/2.34/jersey-entity-filtering-2.34.jar:/home/runner/.m2/repository/org/jooq/jooq/3.11.10/jooq-3.11.10.jar:/home/runner/.m2/repository/org/jooq/jooq-meta/3.11.10/jooq-meta-3.11.10.jar:/home/runner/.m2/repository/org/jooq/jooq-codegen/3.11.10/jooq-codegen-3.11.10.jar:/home/runner/.m2/repository/com/jolbox/bonecp/0.8.0.RELEASE/bonecp-0.8.0.RELEASE.jar:/home/runner/.m2/repository/org/apache/derby/derby/10.14.2.0/derby-10.14.2.0.jar:/home/runner/.m2/repository/org/xerial/sqlite-jdbc/3.25.2/sqlite-jdbc-3.25.2.jar:/home/runner/.m2/repository/org/springframework/spring-jdbc/5.3.23/spring-jdbc-5.3.23.jar:/home/runner/.m2/repository/org/springframework/spring-beans/5.3.23/spring-beans-5.3.23.jar:/home/runner/.m2/repository/org/springframework/spring-core/5.3.23/spring-core-5.3.23.jar:/home/runner/.m2/repository/org/springframework/spring-jcl/5.3.23/spring-jcl-5.3.23.jar:/home/runner/.m2/repository/org/springframework/spring-tx/5.3.23/spring-tx-5.3.23.jar:/home/runner/.m2/repository/org/apache/ozone/ozone-client/1.4.0-SNAPSHOT/ozone-client-1.4.0-SNAPSHOT.jar:/home/runner/.m2/repository/org/apache/ozone/hdds-erasurecode/1.4.0-SNAPSHOT/hdds-erasurecode-1.4.0-SNAPSHOT.jar:/home/runner/.m2/repository/org/apache/ozone/ozone-filesystem/1.4.0-SNAPSHOT/ozone-filesystem-1.4.0-SNAPSHOT.jar:/home/runner/.m2/repository/org/apache/ozone/ozone-filesystem-common/1.4.0-SNAPSHOT/ozone-filesystem-common-1.4.0-SNAPSHOT.jar:/home/runner/.m2/repository/org/apache/ozone/ozone-tools/1.4.0-SNAPSHOT/ozone-tools-1.4.0-SNAPSHOT.jar:/home/runner/.m2/repository/com/amazonaws/aws-java-sdk-core/1.12.261/aws-java-sdk-core-1.12.261.jar:/home/runner/.m2/repository/org/apache/httpcomponents/httpclient/4.5.13/httpclient-4.5.13.jar:/home/runner/.m2/repository/org/apache/httpcomponents/httpcore/4.4.13/httpcore-4.4.13.jar:/home/runner/.m2/repository/software/amazon/ion/ion-java/1.0.2/ion-java-1.0.2.jar:/home/runner/.m2/repository/com/fasterxml/jackson/dataformat/jackson-dataformat-cbor/2.13.4/jackson-dataformat-cbor-2.13.4.jar:/home/runner/.m2/repository/joda-time/joda-time/2.10.6/joda-time-2.10.6.jar:/home/runner/.m2/repository/com/amazonaws/aws-java-sdk-s3/1.12.261/aws-java-sdk-s3-1.12.261.jar:/home/runner/.m2/repository/com/amazonaws/aws-java-sdk-kms/1.12.261/aws-java-sdk-kms-1.12.261.jar:/home/runner/.m2/repository/com/amazonaws/jmespath-java/1.12.261/jmespath-java-1.12.261.jar:/home/runner/.m2/repository/org/kohsuke/metainf-services/metainf-services/1.8/metainf-services-1.8.jar:/home/runner/.m2/repository/org/apache/ozone/hdds-tools/1.4.0-SNAPSHOT/hdds-tools-1.4.0-SNAPSHOT.jar:/home/runner/.m2/repository/org/apache/ratis/ratis-tools/2.4.2-8b8bdda-SNAPSHOT/ratis-tools-2.4.2-8b8bdda-SNAPSHOT.jar:/home/runner/.m2/repository/org/apache/ratis/ratis-proto/2.4.2-8b8bdda-SNAPSHOT/ratis-proto-2.4.2-8b8bdda-SNAPSHOT.jar:/home/runner/.m2/repository/org/apache/ratis/ratis-common/2.4.2-8b8bdda-SNAPSHOT/ratis-common-2.4.2-8b8bdda-SNAPSHOT.jar:/home/runner/.m2/repository/commons-cli/commons-cli/1.2/commons-cli-1.2.jar:/home/runner/.m2/repository/org/apache/commons/commons-lang3/3.7/commons-lang3-3.7.jar:/home/runner/.m2/repository/org/apache/ozone/ozone-manager/1.4.0-SNAPSHOT/ozone-manager-1.4.0-SNAPSHOT-tests.jar:/home/runner/.m2/repository/org/apache/ozone/hdds-common/1.4.0-SNAPSHOT/hdds-common-1.4.0-SNAPSHOT-tests.jar:/home/runner/.m2/repository/org/apache/ozone/hdds-hadoop-dependency-client/1.4.0-SNAPSHOT/hdds-hadoop-dependency-client-1.4.0-SNAPSHOT.jar:/home/runner/.m2/repository/info/picocli/picocli/4.6.1/picocli-4.6.1.jar:/home/runner/.m2/repository/com/fasterxml/jackson/core/jackson-annotations/2.13.4/jackson-annotations-2.13.4.jar:/home/runner/.m2/repository/com/fasterxml/jackson/datatype/jackson-datatype-jsr310/2.13.4/jackson-datatype-jsr310-2.13.4.jar:/home/runner/.m2/repository/org/apache/ozone/hdds-annotation-processing/1.4.0-SNAPSHOT/hdds-annotation-processing-1.4.0-SNAPSHOT.jar:/home/runner/.m2/repository/javax/annotation/javax.annotation-api/1.2/javax.annotation-api-1.2.jar:/home/runner/.m2/repository/org/apache/ratis/ratis-server/2.4.2-8b8bdda-SNAPSHOT/ratis-server-2.4.2-8b8bdda-SNAPSHOT.jar:/home/runner/.m2/repository/org/apache/ratis/ratis-client/2.4.2-8b8bdda-SNAPSHOT/ratis-client-2.4.2-8b8bdda-SNAPSHOT.jar:/home/runner/.m2/repository/org/apache/ratis/ratis-server-api/2.4.2-8b8bdda-SNAPSHOT/ratis-server-api-2.4.2-8b8bdda-SNAPSHOT.jar:/home/runner/.m2/repository/org/apache/ratis/ratis-metrics/2.4.2-8b8bdda-SNAPSHOT/ratis-metrics-2.4.2-8b8bdda-SNAPSHOT.jar:/home/runner/.m2/repository/org/apache/ratis/ratis-netty/2.4.2-8b8bdda-SNAPSHOT/ratis-netty-2.4.2-8b8bdda-SNAPSHOT.jar:/home/runner/.m2/repository/org/apache/ratis/ratis-grpc/2.4.2-8b8bdda-SNAPSHOT/ratis-grpc-2.4.2-8b8bdda-SNAPSHOT.jar:/home/runner/.m2/repository/org/apache/logging/log4j/log4j-api/2.17.1/log4j-api-2.17.1.jar:/home/runner/.m2/repository/org/apache/commons/commons-pool2/2.6.0/commons-pool2-2.6.0.jar:/home/runner/.m2/repository/org/bouncycastle/bcpkix-jdk15on/1.67/bcpkix-jdk15on-1.67.jar:/home/runner/.m2/repository/commons-validator/commons-validator/1.6/commons-validator-1.6.jar:/home/runner/.m2/repository/commons-beanutils/commons-beanutils/1.9.4/commons-beanutils-1.9.4.jar:/home/runner/.m2/repository/commons-digester/commons-digester/1.8.1/commons-digester-1.8.1.jar:/home/runner/.m2/repository/commons-collections/commons-collections/3.2.2/commons-collections-3.2.2.jar:/home/runner/.m2/repository/io/jaegertracing/jaeger-client/1.6.0/jaeger-client-1.6.0.jar:/home/runner/.m2/repository/io/jaegertracing/jaeger-thrift/1.6.0/jaeger-thrift-1.6.0.jar:/home/runner/.m2/repository/org/apache/thrift/libthrift/0.14.1/libthrift-0.14.1.jar:/home/runner/.m2/repository/io/jaegertracing/jaeger-core/1.6.0/jaeger-core-1.6.0.jar:/home/runner/.m2/repository/io/jaegertracing/jaeger-tracerresolver/1.6.0/jaeger-tracerresolver-1.6.0.jar:/home/runner/.m2/repository/io/opentracing/contrib/opentracing-tracerresolver/0.1.8/opentracing-tracerresolver-0.1.8.jar:/home/runner/.m2/repository/org/jetbrains/kotlin/kotlin-stdlib/1.6.21/kotlin-stdlib-1.6.21.jar:/home/runner/.m2/repository/org/jetbrains/annotations/13.0/annotations-13.0.jar:/home/runner/.m2/repository/io/opentracing/opentracing-util/0.33.0/opentracing-util-0.33.0.jar:/home/runner/.m2/repository/io/opentracing/opentracing-api/0.33.0/opentracing-api-0.33.0.jar:/home/runner/.m2/repository/io/opentracing/opentracing-noop/0.33.0/opentracing-noop-0.33.0.jar:/home/runner/.m2/repository/org/yaml/snakeyaml/1.33/snakeyaml-1.33.jar:/home/runner/.m2/repository/org/apache/ozone/hdds-interface-admin/1.4.0-SNAPSHOT/hdds-interface-admin-1.4.0-SNAPSHOT.jar:/home/runner/.m2/repository/junit/junit/4.13.1/junit-4.13.1.jar:/home/runner/.m2/repository/org/hamcrest/hamcrest-core/1.3/hamcrest-core-1.3.jar:/home/runner/.m2/repository/org/junit/jupiter/junit-jupiter-api/5.8.2/junit-jupiter-api-5.8.2.jar:/home/runner/.m2/repository/org/opentest4j/opentest4j/1.2.0/opentest4j-1.2.0.jar:/home/runner/.m2/repository/org/junit/platform/junit-platform-commons/1.8.2/junit-platform-commons-1.8.2.jar:/home/runner/.m2/repository/org/apiguardian/apiguardian-api/1.1.2/apiguardian-api-1.1.2.jar:/home/runner/.m2/repository/org/junit/jupiter/junit-jupiter-params/5.8.2/junit-jupiter-params-5.8.2.jar:/home/runner/.m2/repository/org/junit/jupiter/junit-jupiter-migrationsupport/5.8.2/junit-jupiter-migrationsupport-5.8.2.jar:/home/runner/.m2/repository/org/junit/jupiter/junit-jupiter-engine/5.8.2/junit-jupiter-engine-5.8.2.jar:/home/runner/.m2/repository/org/junit/platform/junit-platform-engine/1.8.2/junit-platform-engine-1.8.2.jar:/home/runner/.m2/repository/org/junit/vintage/junit-vintage-engine/5.8.2/junit-vintage-engine-5.8.2.jar:/home/runner/.m2/repository/org/junit/platform/junit-platform-launcher/1.8.2/junit-platform-launcher-1.8.2.jar:/home/runner/.m2/repository/org/mockito/mockito-core/2.28.2/mockito-core-2.28.2.jar:/home/runner/.m2/repository/net/bytebuddy/byte-buddy/1.9.10/byte-buddy-1.9.10.jar:/home/runner/.m2/repository/net/bytebuddy/byte-buddy-agent/1.9.10/byte-buddy-agent-1.9.10.jar:/home/runner/.m2/repository/org/objenesis/objenesis/1.0/objenesis-1.0.jar:/home/runner/.m2/repository/org/apache/hadoop/hadoop-kms/3.3.4/hadoop-kms-3.3.4.jar:/home/runner/.m2/repository/org/apache/hadoop/hadoop-auth/3.3.4/hadoop-auth-3.3.4.jar:/home/runner/.m2/repository/com/nimbusds/nimbus-jose-jwt/9.8.1/nimbus-jose-jwt-9.8.1.jar:/home/runner/.m2/repository/com/github/stephenc/jcip/jcip-annotations/1.0-1/jcip-annotations-1.0-1.jar:/home/runner/.m2/repository/net/minidev/json-smart/2.4.7/json-smart-2.4.7.jar:/home/runner/.m2/repository/net/minidev/accessors-smart/2.4.7/accessors-smart-2.4.7.jar:/home/runner/.m2/repository/org/ow2/asm/asm/5.0.4/asm-5.0.4.jar:/home/runner/.m2/repository/org/apache/zookeeper/zookeeper/3.5.6/zookeeper-3.5.6.jar:/home/runner/.m2/repository/org/apache/zookeeper/zookeeper-jute/3.5.6/zookeeper-jute-3.5.6.jar:/home/runner/.m2/repository/org/apache/yetus/audience-annotations/0.5.0/audience-annotations-0.5.0.jar:/home/runner/.m2/repository/org/apache/curator/curator-framework/4.2.0/curator-framework-4.2.0.jar:/home/runner/.m2/repository/org/apache/hadoop/thirdparty/hadoop-shaded-guava/1.1.1/hadoop-shaded-guava-1.1.1.jar:/home/runner/.m2/repository/com/sun/jersey/jersey-core/1.19/jersey-core-1.19.jar:/home/runner/.m2/repository/javax/ws/rs/jsr311-api/1.1.1/jsr311-api-1.1.1.jar:/home/runner/.m2/repository/com/sun/jersey/jersey-server/1.19/jersey-server-1.19.jar:/home/runner/.m2/repository/javax/servlet/javax.servlet-api/3.1.0/javax.servlet-api-3.1.0.jar:/home/runner/.m2/repository/org/eclipse/jetty/jetty-server/9.4.49.v20220914/jetty-server-9.4.49.v20220914.jar:/home/runner/.m2/repository/org/eclipse/jetty/jetty-http/9.4.49.v20220914/jetty-http-9.4.49.v20220914.jar:/home/runner/.m2/repository/org/eclipse/jetty/jetty-io/9.4.49.v20220914/jetty-io-9.4.49.v20220914.jar:/home/runner/.m2/repository/org/eclipse/jetty/jetty-webapp/9.4.49.v20220914/jetty-webapp-9.4.49.v20220914.jar:/home/runner/.m2/repository/org/eclipse/jetty/jetty-xml/9.4.49.v20220914/jetty-xml-9.4.49.v20220914.jar:/home/runner/.m2/repository/org/apache/hadoop/hadoop-common/3.3.4/hadoop-common-3.3.4.jar:/home/runner/.m2/repository/org/apache/commons/commons-math3/3.1.1/commons-math3-3.1.1.jar:/home/runner/.m2/repository/commons-net/commons-net/3.9.0/commons-net-3.9.0.jar:/home/runner/.m2/repository/com/sun/jersey/jersey-servlet/1.19/jersey-servlet-1.19.jar:/home/runner/.m2/repository/com/sun/jersey/jersey-json/1.19/jersey-json-1.19.jar:/home/runner/.m2/repository/org/codehaus/jettison/jettison/1.1/jettison-1.1.jar:/home/runner/.m2/repository/com/sun/xml/bind/jaxb-impl/2.2.3-1/jaxb-impl-2.2.3-1.jar:/home/runner/.m2/repository/org/codehaus/jackson/jackson-jaxrs/1.9.2/jackson-jaxrs-1.9.2.jar:/home/runner/.m2/repository/org/codehaus/jackson/jackson-xc/1.9.2/jackson-xc-1.9.2.jar:/home/runner/.m2/repository/com/google/re2j/re2j/1.1/re2j-1.1.jar:/home/runner/.m2/repository/com/jcraft/jsch/0.1.54/jsch-0.1.54.jar:/home/runner/.m2/repository/org/apache/curator/curator-client/4.2.0/curator-client-4.2.0.jar:/home/runner/.m2/repository/org/apache/curator/curator-recipes/4.2.0/curator-recipes-4.2.0.jar:/home/runner/.m2/repository/org/apache/kerby/kerb-core/1.0.1/kerb-core-1.0.1.jar:/home/runner/.m2/repository/org/apache/kerby/kerby-pkix/1.0.1/kerby-pkix-1.0.1.jar:/home/runner/.m2/repository/org/apache/kerby/kerby-asn1/1.0.1/kerby-asn1-1.0.1.jar:/home/runner/.m2/repository/org/apache/kerby/kerby-util/1.0.1/kerby-util-1.0.1.jar:/home/runner/.m2/repository/dnsjava/dnsjava/2.1.7/dnsjava-2.1.7.jar:/home/runner/.m2/repository/org/xerial/snappy/snappy-java/1.1.8.2/snappy-java-1.1.8.2.jar:/home/runner/.m2/repository/org/eclipse/jetty/jetty-util/9.4.49.v20220914/jetty-util-9.4.49.v20220914.jar:/home/runner/.m2/repository/com/fasterxml/jackson/core/jackson-databind/2.13.4.2/jackson-databind-2.13.4.2.jar:/home/runner/.m2/repository/org/apache/hadoop/hadoop-kms/3.3.4/hadoop-kms-3.3.4-tests.jar:/home/runner/.m2/repository/org/apache/ozone/hdds-server-scm/1.4.0-SNAPSHOT/hdds-server-scm-1.4.0-SNAPSHOT-tests.jar:/home/runner/.m2/repository/org/apache/ozone/hdds-container-service/1.4.0-SNAPSHOT/hdds-container-service-1.4.0-SNAPSHOT-tests.jar:/home/runner/.m2/repository/com/github/luben/zstd-jni/1.5.2-5/zstd-jni-1.5.2-5.jar:/home/runner/.m2/repository/commons-codec/commons-codec/1.15/commons-codec-1.15.jar:/home/runner/.m2/repository/io/netty/netty-codec/4.1.86.Final/netty-codec-4.1.86.Final.jar:/home/runner/.m2/repository/io/netty/netty-handler/4.1.86.Final/netty-handler-4.1.86.Final.jar:/home/runner/.m2/repository/org/apache/ozone/hdds-hadoop-dependency-test/1.4.0-SNAPSHOT/hdds-hadoop-dependency-test-1.4.0-SNAPSHOT.jar:/home/runner/.m2/repository/org/apache/hadoop/hadoop-common/3.3.4/hadoop-common-3.3.4-tests.jar:/home/runner/.m2/repository/org/apache/hadoop/hadoop-hdfs/3.3.4/hadoop-hdfs-3.3.4-tests.jar:/home/runner/.m2/repository/org/assertj/assertj-core/3.12.2/assertj-core-3.12.2.jar:/home/runner/.m2/repository/org/apache/hadoop/hadoop-distcp/3.3.4/hadoop-distcp-3.3.4.jar:/home/runner/.m2/repository/org/apache/hadoop/hadoop-mapreduce-client-jobclient/3.3.4/hadoop-mapreduce-client-jobclient-3.3.4.jar:/home/runner/.m2/repository/org/apache/hadoop/hadoop-mapreduce-client-common/3.3.4/hadoop-mapreduce-client-common-3.3.4.jar:/home/runner/.m2/repository/org/apache/hadoop/hadoop-yarn-common/3.3.4/hadoop-yarn-common-3.3.4.jar:/home/runner/.m2/repository/org/apache/hadoop/hadoop-yarn-api/3.3.4/hadoop-yarn-api-3.3.4.jar:/home/runner/.m2/repository/com/sun/jersey/contribs/jersey-guice/1.19/jersey-guice-1.19.jar:/home/runner/.m2/repository/com/fasterxml/jackson/jaxrs/jackson-jaxrs-json-provider/2.13.4/jackson-jaxrs-json-provider-2.13.4.jar:/home/runner/.m2/repository/com/fasterxml/jackson/jaxrs/jackson-jaxrs-base/2.13.4/jackson-jaxrs-base-2.13.4.jar:/home/runner/.m2/repository/org/apache/hadoop/hadoop-yarn-client/3.3.4/hadoop-yarn-client-3.3.4.jar:/home/runner/.m2/repository/org/eclipse/jetty/websocket/websocket-client/9.4.43.v20210629/websocket-client-9.4.43.v20210629.jar:/home/runner/.m2/repository/org/eclipse/jetty/websocket/websocket-common/9.4.43.v20210629/websocket-common-9.4.43.v20210629.jar:/home/runner/.m2/repository/org/eclipse/jetty/websocket/websocket-api/9.4.43.v20210629/websocket-api-9.4.43.v20210629.jar:/home/runner/.m2/repository/org/jline/jline/3.9.0/jline-3.9.0.jar:/home/runner/.m2/repository/org/apache/hadoop/hadoop-mapreduce-client-core/3.3.4/hadoop-mapreduce-client-core-3.3.4.jar:/home/runner/.m2/repository/org/apache/avro/avro/1.7.7/avro-1.7.7.jar:/home/runner/.m2/repository/org/codehaus/jackson/jackson-core-asl/1.9.13/jackson-core-asl-1.9.13.jar:/home/runner/.m2/repository/org/codehaus/jackson/jackson-mapper-asl/1.9.13/jackson-mapper-asl-1.9.13.jar:/home/runner/.m2/repository/com/thoughtworks/paranamer/paranamer/2.3/paranamer-2.3.jar:/home/runner/.m2/repository/org/apache/hadoop/hadoop-annotations/3.3.4/hadoop-annotations-3.3.4.jar:/usr/lib/jvm/temurin-8-jdk-amd64/jre/../lib/tools.jar:/home/runner/.m2/repository/io/netty/netty/3.10.6.Final/netty-3.10.6.Final.jar:/home/runner/.m2/repository/org/apache/hadoop/hadoop-distcp/3.3.4/hadoop-distcp-3.3.4-tests.jar:/home/runner/.m2/repository/org/slf4j/jul-to-slf4j/1.7.36/jul-to-slf4j-1.7.36.jar:"/>
    <property name="java.vm.vendor" value="Temurin"/>
    <property name="sun.arch.data.model" value="64"/>
    <property name="test.build.dir" value="/home/runner/work/ozone/ozone/hadoop-ozone/integration-test/target/test-dir"/>
    <property name="test.cache.data" value=""/>
    <property name="java.vendor.url" value="https://adoptium.net/"/>
    <property name="user.timezone" value="Etc/UTC"/>
    <property name="java.vm.specification.version" value="1.8"/>
    <property name="os.name" value="Linux"/>
    <property name="test.build.data" value="/home/runner/work/ozone/ozone/hadoop-ozone/integration-test/target/test-dir"/>
    <property name="sun.java.launcher" value="SUN_STANDARD"/>
    <property name="sun.boot.library.path" value="/usr/lib/jvm/temurin-8-jdk-amd64/jre/lib/amd64"/>
    <property name="sun.java.command" value="/home/runner/work/ozone/ozone/hadoop-ozone/integration-test/target/surefire/surefirebooter206961841621703811.jar /home/runner/work/ozone/ozone/hadoop-ozone/integration-test/target/surefire 2023-02-14T08-11-46_878-jvmRun1 surefire3236252128468705833tmp surefire_69126707453522745261tmp"/>
    <property name="surefire.test.class.path" value="/home/runner/work/ozone/ozone/hadoop-ozone/integration-test/target/test-classes:/home/runner/work/ozone/ozone/hadoop-ozone/integration-test/target/classes:/home/runner/.m2/repository/org/apache/ozone/ozone-common/1.4.0-SNAPSHOT/ozone-common-1.4.0-SNAPSHOT.jar:/home/runner/.m2/repository/io/grpc/grpc-netty/1.51.1/grpc-netty-1.51.1.jar:/home/runner/.m2/repository/io/grpc/grpc-core/1.51.1/grpc-core-1.51.1.jar:/home/runner/.m2/repository/com/google/android/annotations/4.1.1.4/annotations-4.1.1.4.jar:/home/runner/.m2/repository/org/codehaus/mojo/animal-sniffer-annotations/1.21/animal-sniffer-annotations-1.21.jar:/home/runner/.m2/repository/com/google/errorprone/error_prone_annotations/2.2.0/error_prone_annotations-2.2.0.jar:/home/runner/.m2/repository/io/perfmark/perfmark-api/0.25.0/perfmark-api-0.25.0.jar:/home/runner/.m2/repository/io/netty/netty-codec-http2/4.1.86.Final/netty-codec-http2-4.1.86.Final.jar:/home/runner/.m2/repository/io/netty/netty-common/4.1.86.Final/netty-common-4.1.86.Final.jar:/home/runner/.m2/repository/io/netty/netty-buffer/4.1.86.Final/netty-buffer-4.1.86.Final.jar:/home/runner/.m2/repository/io/netty/netty-codec-http/4.1.86.Final/netty-codec-http-4.1.86.Final.jar:/home/runner/.m2/repository/io/netty/netty-handler-proxy/4.1.86.Final/netty-handler-proxy-4.1.86.Final.jar:/home/runner/.m2/repository/io/netty/netty-codec-socks/4.1.86.Final/netty-codec-socks-4.1.86.Final.jar:/home/runner/.m2/repository/io/netty/netty-tcnative-boringssl-static/2.0.54.Final/netty-tcnative-boringssl-static-2.0.54.Final.jar:/home/runner/.m2/repository/io/netty/netty-tcnative-classes/2.0.54.Final/netty-tcnative-classes-2.0.54.Final.jar:/home/runner/.m2/repository/io/netty/netty-tcnative-boringssl-static/2.0.54.Final/netty-tcnative-boringssl-static-2.0.54.Final-linux-x86_64.jar:/home/runner/.m2/repository/io/netty/netty-tcnative-boringssl-static/2.0.54.Final/netty-tcnative-boringssl-static-2.0.54.Final-linux-aarch_64.jar:/home/runner/.m2/repository/io/netty/netty-tcnative-boringssl-static/2.0.54.Final/netty-tcnative-boringssl-static-2.0.54.Final-osx-x86_64.jar:/home/runner/.m2/repository/io/netty/netty-tcnative-boringssl-static/2.0.54.Final/netty-tcnative-boringssl-static-2.0.54.Final-osx-aarch_64.jar:/home/runner/.m2/repository/io/netty/netty-tcnative-boringssl-static/2.0.54.Final/netty-tcnative-boringssl-static-2.0.54.Final-windows-x86_64.jar:/home/runner/.m2/repository/org/apache/commons/commons-compress/1.21/commons-compress-1.21.jar:/home/runner/.m2/repository/org/apache/ozone/hdds-common/1.4.0-SNAPSHOT/hdds-common-1.4.0-SNAPSHOT.jar:/home/runner/.m2/repository/org/apache/ozone/hdds-client/1.4.0-SNAPSHOT/hdds-client-1.4.0-SNAPSHOT.jar:/home/runner/.m2/repository/org/apache/ozone/ozone-interface-client/1.4.0-SNAPSHOT/ozone-interface-client-1.4.0-SNAPSHOT.jar:/home/runner/.m2/repository/org/apache/ozone/hdds-test-utils/1.4.0-SNAPSHOT/hdds-test-utils-1.4.0-SNAPSHOT.jar:/home/runner/.m2/repository/com/google/guava/guava/31.1-jre/guava-31.1-jre.jar:/home/runner/.m2/repository/com/google/guava/failureaccess/1.0.1/failureaccess-1.0.1.jar:/home/runner/.m2/repository/com/google/guava/listenablefuture/9999.0-empty-to-avoid-conflict-with-guava/listenablefuture-9999.0-empty-to-avoid-conflict-with-guava.jar:/home/runner/.m2/repository/com/google/code/findbugs/jsr305/3.0.0/jsr305-3.0.0.jar:/home/runner/.m2/repository/org/checkerframework/checker-qual/3.12.0/checker-qual-3.12.0.jar:/home/runner/.m2/repository/com/google/j2objc/j2objc-annotations/1.3/j2objc-annotations-1.3.jar:/home/runner/.m2/repository/commons-io/commons-io/2.11.0/commons-io-2.11.0.jar:/home/runner/.m2/repository/commons-logging/commons-logging/1.2/commons-logging-1.2.jar:/home/runner/.m2/repository/ch/qos/reload4j/reload4j/1.2.22/reload4j-1.2.22.jar:/home/runner/.m2/repository/org/slf4j/slf4j-api/1.7.36/slf4j-api-1.7.36.jar:/home/runner/.m2/repository/org/apache/ozone/hdds-server-scm/1.4.0-SNAPSHOT/hdds-server-scm-1.4.0-SNAPSHOT.jar:/home/runner/.m2/repository/org/apache/ozone/hdds-container-service/1.4.0-SNAPSHOT/hdds-container-service-1.4.0-SNAPSHOT.jar:/home/runner/.m2/repository/org/apache/ozone/hdds-hadoop-dependency-server/1.4.0-SNAPSHOT/hdds-hadoop-dependency-server-1.4.0-SNAPSHOT.jar:/home/runner/.m2/repository/org/apache/hadoop/hadoop-hdfs/3.3.4/hadoop-hdfs-3.3.4.jar:/home/runner/.m2/repository/org/eclipse/jetty/jetty-util-ajax/9.4.49.v20220914/jetty-util-ajax-9.4.49.v20220914.jar:/home/runner/.m2/repository/commons-daemon/commons-daemon/1.0.13/commons-daemon-1.0.13.jar:/home/runner/.m2/repository/org/apache/ozone/hdds-server-framework/1.4.0-SNAPSHOT/hdds-server-framework-1.4.0-SNAPSHOT.jar:/home/runner/.m2/repository/org/apache/ozone/hdds-interface-server/1.4.0-SNAPSHOT/hdds-interface-server-1.4.0-SNAPSHOT.jar:/home/runner/.m2/repository/org/apache/commons/commons-configuration2/2.1.1/commons-configuration2-2.1.1.jar:/home/runner/.m2/repository/org/apache/logging/log4j/log4j-core/2.17.1/log4j-core-2.17.1.jar:/home/runner/.m2/repository/com/lmax/disruptor/3.4.2/disruptor-3.4.2.jar:/home/runner/.m2/repository/org/eclipse/jetty/jetty-servlet/9.4.49.v20220914/jetty-servlet-9.4.49.v20220914.jar:/home/runner/.m2/repository/org/eclipse/jetty/jetty-security/9.4.49.v20220914/jetty-security-9.4.49.v20220914.jar:/home/runner/.m2/repository/org/rocksdb/rocksdbjni/7.7.3/rocksdbjni-7.7.3.jar:/home/runner/.m2/repository/io/prometheus/simpleclient_dropwizard/0.7.0/simpleclient_dropwizard-0.7.0.jar:/home/runner/.m2/repository/io/prometheus/simpleclient/0.7.0/simpleclient-0.7.0.jar:/home/runner/.m2/repository/io/prometheus/simpleclient_common/0.7.0/simpleclient_common-0.7.0.jar:/home/runner/.m2/repository/com/github/spotbugs/spotbugs-annotations/3.1.12/spotbugs-annotations-3.1.12.jar:/home/runner/.m2/repository/org/awaitility/awaitility/4.2.0/awaitility-4.2.0.jar:/home/runner/.m2/repository/org/hamcrest/hamcrest/2.1/hamcrest-2.1.jar:/home/runner/.m2/repository/io/dropwizard/metrics/metrics-core/3.2.4/metrics-core-3.2.4.jar:/home/runner/.m2/repository/org/apache/commons/commons-text/1.4/commons-text-1.4.jar:/home/runner/.m2/repository/org/apache/hadoop/hadoop-hdfs-client/3.3.4/hadoop-hdfs-client-3.3.4.jar:/home/runner/.m2/repository/com/squareup/okhttp3/okhttp/4.9.3/okhttp-4.9.3.jar:/home/runner/.m2/repository/com/squareup/okio/okio/2.8.0/okio-2.8.0.jar:/home/runner/.m2/repository/org/jetbrains/kotlin/kotlin-stdlib-common/1.6.21/kotlin-stdlib-common-1.6.21.jar:/home/runner/.m2/repository/org/bouncycastle/bcprov-jdk15on/1.67/bcprov-jdk15on-1.67.jar:/home/runner/.m2/repository/com/google/protobuf/protobuf-java/2.5.0/protobuf-java-2.5.0.jar:/home/runner/.m2/repository/org/apache/ozone/ozone-manager/1.4.0-SNAPSHOT/ozone-manager-1.4.0-SNAPSHOT.jar:/home/runner/.m2/repository/org/aspectj/aspectjrt/1.9.7/aspectjrt-1.9.7.jar:/home/runner/.m2/repository/org/aspectj/aspectjweaver/1.9.7/aspectjweaver-1.9.7.jar:/home/runner/.m2/repository/org/apache/ozone/hdds-interface-client/1.4.0-SNAPSHOT/hdds-interface-client-1.4.0-SNAPSHOT.jar:/home/runner/.m2/repository/org/apache/hadoop/thirdparty/hadoop-shaded-protobuf_3_7/1.1.1/hadoop-shaded-protobuf_3_7-1.1.1.jar:/home/runner/.m2/repository/org/apache/ratis/ratis-thirdparty-misc/1.0.3/ratis-thirdparty-misc-1.0.3.jar:/home/runner/.m2/repository/org/apache/ozone/ozone-interface-storage/1.4.0-SNAPSHOT/ozone-interface-storage-1.4.0-SNAPSHOT.jar:/home/runner/.m2/repository/org/apache/ozone/rocksdb-checkpoint-differ/1.4.0-SNAPSHOT/rocksdb-checkpoint-differ-1.4.0-SNAPSHOT.jar:/home/runner/.m2/repository/org/reflections/reflections/0.9.11/reflections-0.9.11.jar:/home/runner/.m2/repository/com/sun/jersey/jersey-client/1.19/jersey-client-1.19.jar:/home/runner/.m2/repository/org/apache/ranger/ranger-intg/2.3.0/ranger-intg-2.3.0.jar:/home/runner/.m2/repository/org/apache/ranger/ranger-plugins-common/2.3.0/ranger-plugins-common-2.3.0.jar:/home/runner/.m2/repository/commons-lang/commons-lang/2.6/commons-lang-2.6.jar:/home/runner/.m2/repository/org/apache/ranger/ranger-plugins-cred/2.3.0/ranger-plugins-cred-2.3.0.jar:/home/runner/.m2/repository/org/apache/ranger/ranger-plugins-audit/2.3.0/ranger-plugins-audit-2.3.0.jar:/home/runner/.m2/repository/org/eclipse/jetty/jetty-client/9.4.49.v20220914/jetty-client-9.4.49.v20220914.jar:/home/runner/.m2/repository/org/apache/httpcomponents/httpmime/4.5.6/httpmime-4.5.6.jar:/home/runner/.m2/repository/org/apache/httpcomponents/httpcore-nio/4.4.13/httpcore-nio-4.4.13.jar:/home/runner/.m2/repository/org/apache/httpcomponents/httpasyncclient/4.1.3/httpasyncclient-4.1.3.jar:/home/runner/.m2/repository/com/carrotsearch/hppc/0.8.0/hppc-0.8.0.jar:/home/runner/.m2/repository/org/apache/orc/orc-core/1.5.8/orc-core-1.5.8.jar:/home/runner/.m2/repository/net/java/dev/jna/jna/5.2.0/jna-5.2.0.jar:/home/runner/.m2/repository/net/java/dev/jna/jna-platform/5.2.0/jna-platform-5.2.0.jar:/home/runner/.m2/repository/com/kstruct/gethostname4j/0.0.2/gethostname4j-0.0.2.jar:/home/runner/.m2/repository/org/apache/ranger/ranger-plugin-classloader/2.3.0/ranger-plugin-classloader-2.3.0.jar:/home/runner/.m2/repository/org/apache/hadoop/hadoop-minikdc/3.3.4/hadoop-minikdc-3.3.4.jar:/home/runner/.m2/repository/org/apache/kerby/kerb-simplekdc/1.0.1/kerb-simplekdc-1.0.1.jar:/home/runner/.m2/repository/org/apache/kerby/kerb-client/1.0.1/kerb-client-1.0.1.jar:/home/runner/.m2/repository/org/apache/kerby/kerby-config/1.0.1/kerby-config-1.0.1.jar:/home/runner/.m2/repository/org/apache/kerby/kerb-common/1.0.1/kerb-common-1.0.1.jar:/home/runner/.m2/repository/org/apache/kerby/kerb-crypto/1.0.1/kerb-crypto-1.0.1.jar:/home/runner/.m2/repository/org/apache/kerby/kerb-util/1.0.1/kerb-util-1.0.1.jar:/home/runner/.m2/repository/org/apache/kerby/token-provider/1.0.1/token-provider-1.0.1.jar:/home/runner/.m2/repository/org/apache/kerby/kerb-admin/1.0.1/kerb-admin-1.0.1.jar:/home/runner/.m2/repository/org/apache/kerby/kerb-server/1.0.1/kerb-server-1.0.1.jar:/home/runner/.m2/repository/org/apache/kerby/kerb-identity/1.0.1/kerb-identity-1.0.1.jar:/home/runner/.m2/repository/org/apache/kerby/kerby-xdr/1.0.1/kerby-xdr-1.0.1.jar:/home/runner/.m2/repository/org/apache/ozone/ozone-s3gateway/1.4.0-SNAPSHOT/ozone-s3gateway-1.4.0-SNAPSHOT.jar:/home/runner/.m2/repository/org/javassist/javassist/3.21.0-GA/javassist-3.21.0-GA.jar:/home/runner/.m2/repository/org/jboss/weld/servlet/weld-servlet/2.4.7.Final/weld-servlet-2.4.7.Final.jar:/home/runner/.m2/repository/org/glassfish/jersey/containers/jersey-container-servlet-core/2.34/jersey-container-servlet-core-2.34.jar:/home/runner/.m2/repository/org/glassfish/hk2/external/jakarta.inject/2.6.1/jakarta.inject-2.6.1.jar:/home/runner/.m2/repository/org/glassfish/jersey/core/jersey-common/2.34/jersey-common-2.34.jar:/home/runner/.m2/repository/jakarta/ws/rs/jakarta.ws.rs-api/2.1.6/jakarta.ws.rs-api-2.1.6.jar:/home/runner/.m2/repository/org/glassfish/jersey/ext/cdi/jersey-cdi1x/2.34/jersey-cdi1x-2.34.jar:/home/runner/.m2/repository/org/glassfish/jersey/inject/jersey-hk2/2.34/jersey-hk2-2.34.jar:/home/runner/.m2/repository/org/glassfish/hk2/hk2-locator/2.6.1/hk2-locator-2.6.1.jar:/home/runner/.m2/repository/org/glassfish/jersey/media/jersey-media-jaxb/2.34/jersey-media-jaxb-2.34.jar:/home/runner/.m2/repository/org/glassfish/hk2/osgi-resource-locator/1.0.3/osgi-resource-locator-1.0.3.jar:/home/runner/.m2/repository/org/glassfish/hk2/hk2-api/2.5.0/hk2-api-2.5.0.jar:/home/runner/.m2/repository/org/glassfish/hk2/hk2-utils/2.5.0/hk2-utils-2.5.0.jar:/home/runner/.m2/repository/org/glassfish/hk2/external/aopalliance-repackaged/2.5.0/aopalliance-repackaged-2.5.0.jar:/home/runner/.m2/repository/com/fasterxml/jackson/dataformat/jackson-dataformat-xml/2.13.4/jackson-dataformat-xml-2.13.4.jar:/home/runner/.m2/repository/com/fasterxml/jackson/core/jackson-core/2.13.4/jackson-core-2.13.4.jar:/home/runner/.m2/repository/org/codehaus/woodstox/stax2-api/4.2.1/stax2-api-4.2.1.jar:/home/runner/.m2/repository/com/fasterxml/woodstox/woodstox-core/5.4.0/woodstox-core-5.4.0.jar:/home/runner/.m2/repository/com/fasterxml/jackson/module/jackson-module-jaxb-annotations/2.13.4/jackson-module-jaxb-annotations-2.13.4.jar:/home/runner/.m2/repository/jakarta/xml/bind/jakarta.xml.bind-api/2.3.3/jakarta.xml.bind-api-2.3.3.jar:/home/runner/.m2/repository/jakarta/activation/jakarta.activation-api/1.2.2/jakarta.activation-api-1.2.2.jar:/home/runner/.m2/repository/javax/enterprise/cdi-api/1.2/cdi-api-1.2.jar:/home/runner/.m2/repository/javax/el/javax.el-api/3.0.0/javax.el-api-3.0.0.jar:/home/runner/.m2/repository/javax/interceptor/javax.interceptor-api/1.2/javax.interceptor-api-1.2.jar:/home/runner/.m2/repository/javax/inject/javax.inject/1/javax.inject-1.jar:/home/runner/.m2/repository/javax/xml/bind/jaxb-api/2.3.0/jaxb-api-2.3.0.jar:/home/runner/.m2/repository/org/glassfish/jaxb/jaxb-runtime/2.3.0.1/jaxb-runtime-2.3.0.1.jar:/home/runner/.m2/repository/org/glassfish/jaxb/jaxb-core/2.3.0.1/jaxb-core-2.3.0.1.jar:/home/runner/.m2/repository/org/glassfish/jaxb/txw2/2.3.0.1/txw2-2.3.0.1.jar:/home/runner/.m2/repository/com/sun/istack/istack-commons-runtime/3.0.5/istack-commons-runtime-3.0.5.jar:/home/runner/.m2/repository/org/jvnet/staxex/stax-ex/1.7.8/stax-ex-1.7.8.jar:/home/runner/.m2/repository/com/sun/xml/fastinfoset/FastInfoset/1.2.13/FastInfoset-1.2.13.jar:/home/runner/.m2/repository/javax/activation/activation/1.1.1/activation-1.1.1.jar:/home/runner/.m2/repository/io/grpc/grpc-protobuf/1.51.1/grpc-protobuf-1.51.1.jar:/home/runner/.m2/repository/io/grpc/grpc-api/1.51.1/grpc-api-1.51.1.jar:/home/runner/.m2/repository/io/grpc/grpc-context/1.51.1/grpc-context-1.51.1.jar:/home/runner/.m2/repository/com/google/api/grpc/proto-google-common-protos/2.9.0/proto-google-common-protos-2.9.0.jar:/home/runner/.m2/repository/io/grpc/grpc-protobuf-lite/1.51.1/grpc-protobuf-lite-1.51.1.jar:/home/runner/.m2/repository/io/grpc/grpc-stub/1.51.1/grpc-stub-1.51.1.jar:/home/runner/.m2/repository/io/netty/netty-transport/4.1.86.Final/netty-transport-4.1.86.Final.jar:/home/runner/.m2/repository/io/netty/netty-resolver/4.1.86.Final/netty-resolver-4.1.86.Final.jar:/home/runner/.m2/repository/org/apache/ozone/ozone-csi/1.4.0-SNAPSHOT/ozone-csi-1.4.0-SNAPSHOT.jar:/home/runner/.m2/repository/com/google/protobuf/protobuf-java-util/3.19.6/protobuf-java-util-3.19.6.jar:/home/runner/.m2/repository/com/google/code/gson/gson/2.9.0/gson-2.9.0.jar:/home/runner/.m2/repository/org/apache/ozone/hdds-config/1.4.0-SNAPSHOT/hdds-config-1.4.0-SNAPSHOT.jar:/home/runner/.m2/repository/io/netty/netty-transport-native-epoll/4.1.86.Final/netty-transport-native-epoll-4.1.86.Final-linux-x86_64.jar:/home/runner/.m2/repository/io/netty/netty-transport-classes-epoll/4.1.86.Final/netty-transport-classes-epoll-4.1.86.Final.jar:/home/runner/.m2/repository/io/netty/netty-transport-native-unix-common/4.1.86.Final/netty-transport-native-unix-common-4.1.86.Final.jar:/home/runner/.m2/repository/org/slf4j/slf4j-reload4j/1.7.36/slf4j-reload4j-1.7.36.jar:/home/runner/.m2/repository/org/apache/ozone/ozone-recon/1.4.0-SNAPSHOT/ozone-recon-1.4.0-SNAPSHOT.jar:/home/runner/.m2/repository/org/apache/ozone/ozone-reconcodegen/1.4.0-SNAPSHOT/ozone-reconcodegen-1.4.0-SNAPSHOT.jar:/home/runner/.m2/repository/com/google/inject/extensions/guice-multibindings/4.0/guice-multibindings-4.0.jar:/home/runner/.m2/repository/com/google/inject/guice/4.0/guice-4.0.jar:/home/runner/.m2/repository/aopalliance/aopalliance/1.0/aopalliance-1.0.jar:/home/runner/.m2/repository/com/google/inject/extensions/guice-assistedinject/4.0/guice-assistedinject-4.0.jar:/home/runner/.m2/repository/com/google/inject/extensions/guice-servlet/4.0/guice-servlet-4.0.jar:/home/runner/.m2/repository/org/glassfish/jersey/containers/jersey-container-servlet/2.34/jersey-container-servlet-2.34.jar:/home/runner/.m2/repository/org/glassfish/hk2/guice-bridge/2.5.0/guice-bridge-2.5.0.jar:/home/runner/.m2/repository/org/glassfish/jersey/core/jersey-server/2.34/jersey-server-2.34.jar:/home/runner/.m2/repository/org/glassfish/jersey/core/jersey-client/2.34/jersey-client-2.34.jar:/home/runner/.m2/repository/jakarta/annotation/jakarta.annotation-api/1.3.5/jakarta.annotation-api-1.3.5.jar:/home/runner/.m2/repository/jakarta/validation/jakarta.validation-api/2.0.2/jakarta.validation-api-2.0.2.jar:/home/runner/.m2/repository/org/glassfish/jersey/media/jersey-media-json-jackson/2.34/jersey-media-json-jackson-2.34.jar:/home/runner/.m2/repository/org/glassfish/jersey/ext/jersey-entity-filtering/2.34/jersey-entity-filtering-2.34.jar:/home/runner/.m2/repository/org/jooq/jooq/3.11.10/jooq-3.11.10.jar:/home/runner/.m2/repository/org/jooq/jooq-meta/3.11.10/jooq-meta-3.11.10.jar:/home/runner/.m2/repository/org/jooq/jooq-codegen/3.11.10/jooq-codegen-3.11.10.jar:/home/runner/.m2/repository/com/jolbox/bonecp/0.8.0.RELEASE/bonecp-0.8.0.RELEASE.jar:/home/runner/.m2/repository/org/apache/derby/derby/10.14.2.0/derby-10.14.2.0.jar:/home/runner/.m2/repository/org/xerial/sqlite-jdbc/3.25.2/sqlite-jdbc-3.25.2.jar:/home/runner/.m2/repository/org/springframework/spring-jdbc/5.3.23/spring-jdbc-5.3.23.jar:/home/runner/.m2/repository/org/springframework/spring-beans/5.3.23/spring-beans-5.3.23.jar:/home/runner/.m2/repository/org/springframework/spring-core/5.3.23/spring-core-5.3.23.jar:/home/runner/.m2/repository/org/springframework/spring-jcl/5.3.23/spring-jcl-5.3.23.jar:/home/runner/.m2/repository/org/springframework/spring-tx/5.3.23/spring-tx-5.3.23.jar:/home/runner/.m2/repository/org/apache/ozone/ozone-client/1.4.0-SNAPSHOT/ozone-client-1.4.0-SNAPSHOT.jar:/home/runner/.m2/repository/org/apache/ozone/hdds-erasurecode/1.4.0-SNAPSHOT/hdds-erasurecode-1.4.0-SNAPSHOT.jar:/home/runner/.m2/repository/org/apache/ozone/ozone-filesystem/1.4.0-SNAPSHOT/ozone-filesystem-1.4.0-SNAPSHOT.jar:/home/runner/.m2/repository/org/apache/ozone/ozone-filesystem-common/1.4.0-SNAPSHOT/ozone-filesystem-common-1.4.0-SNAPSHOT.jar:/home/runner/.m2/repository/org/apache/ozone/ozone-tools/1.4.0-SNAPSHOT/ozone-tools-1.4.0-SNAPSHOT.jar:/home/runner/.m2/repository/com/amazonaws/aws-java-sdk-core/1.12.261/aws-java-sdk-core-1.12.261.jar:/home/runner/.m2/repository/org/apache/httpcomponents/httpclient/4.5.13/httpclient-4.5.13.jar:/home/runner/.m2/repository/org/apache/httpcomponents/httpcore/4.4.13/httpcore-4.4.13.jar:/home/runner/.m2/repository/software/amazon/ion/ion-java/1.0.2/ion-java-1.0.2.jar:/home/runner/.m2/repository/com/fasterxml/jackson/dataformat/jackson-dataformat-cbor/2.13.4/jackson-dataformat-cbor-2.13.4.jar:/home/runner/.m2/repository/joda-time/joda-time/2.10.6/joda-time-2.10.6.jar:/home/runner/.m2/repository/com/amazonaws/aws-java-sdk-s3/1.12.261/aws-java-sdk-s3-1.12.261.jar:/home/runner/.m2/repository/com/amazonaws/aws-java-sdk-kms/1.12.261/aws-java-sdk-kms-1.12.261.jar:/home/runner/.m2/repository/com/amazonaws/jmespath-java/1.12.261/jmespath-java-1.12.261.jar:/home/runner/.m2/repository/org/kohsuke/metainf-services/metainf-services/1.8/metainf-services-1.8.jar:/home/runner/.m2/repository/org/apache/ozone/hdds-tools/1.4.0-SNAPSHOT/hdds-tools-1.4.0-SNAPSHOT.jar:/home/runner/.m2/repository/org/apache/ratis/ratis-tools/2.4.2-8b8bdda-SNAPSHOT/ratis-tools-2.4.2-8b8bdda-SNAPSHOT.jar:/home/runner/.m2/repository/org/apache/ratis/ratis-proto/2.4.2-8b8bdda-SNAPSHOT/ratis-proto-2.4.2-8b8bdda-SNAPSHOT.jar:/home/runner/.m2/repository/org/apache/ratis/ratis-common/2.4.2-8b8bdda-SNAPSHOT/ratis-common-2.4.2-8b8bdda-SNAPSHOT.jar:/home/runner/.m2/repository/commons-cli/commons-cli/1.2/commons-cli-1.2.jar:/home/runner/.m2/repository/org/apache/commons/commons-lang3/3.7/commons-lang3-3.7.jar:/home/runner/.m2/repository/org/apache/ozone/ozone-manager/1.4.0-SNAPSHOT/ozone-manager-1.4.0-SNAPSHOT-tests.jar:/home/runner/.m2/repository/org/apache/ozone/hdds-common/1.4.0-SNAPSHOT/hdds-common-1.4.0-SNAPSHOT-tests.jar:/home/runner/.m2/repository/org/apache/ozone/hdds-hadoop-dependency-client/1.4.0-SNAPSHOT/hdds-hadoop-dependency-client-1.4.0-SNAPSHOT.jar:/home/runner/.m2/repository/info/picocli/picocli/4.6.1/picocli-4.6.1.jar:/home/runner/.m2/repository/com/fasterxml/jackson/core/jackson-annotations/2.13.4/jackson-annotations-2.13.4.jar:/home/runner/.m2/repository/com/fasterxml/jackson/datatype/jackson-datatype-jsr310/2.13.4/jackson-datatype-jsr310-2.13.4.jar:/home/runner/.m2/repository/org/apache/ozone/hdds-annotation-processing/1.4.0-SNAPSHOT/hdds-annotation-processing-1.4.0-SNAPSHOT.jar:/home/runner/.m2/repository/javax/annotation/javax.annotation-api/1.2/javax.annotation-api-1.2.jar:/home/runner/.m2/repository/org/apache/ratis/ratis-server/2.4.2-8b8bdda-SNAPSHOT/ratis-server-2.4.2-8b8bdda-SNAPSHOT.jar:/home/runner/.m2/repository/org/apache/ratis/ratis-client/2.4.2-8b8bdda-SNAPSHOT/ratis-client-2.4.2-8b8bdda-SNAPSHOT.jar:/home/runner/.m2/repository/org/apache/ratis/ratis-server-api/2.4.2-8b8bdda-SNAPSHOT/ratis-server-api-2.4.2-8b8bdda-SNAPSHOT.jar:/home/runner/.m2/repository/org/apache/ratis/ratis-metrics/2.4.2-8b8bdda-SNAPSHOT/ratis-metrics-2.4.2-8b8bdda-SNAPSHOT.jar:/home/runner/.m2/repository/org/apache/ratis/ratis-netty/2.4.2-8b8bdda-SNAPSHOT/ratis-netty-2.4.2-8b8bdda-SNAPSHOT.jar:/home/runner/.m2/repository/org/apache/ratis/ratis-grpc/2.4.2-8b8bdda-SNAPSHOT/ratis-grpc-2.4.2-8b8bdda-SNAPSHOT.jar:/home/runner/.m2/repository/org/apache/logging/log4j/log4j-api/2.17.1/log4j-api-2.17.1.jar:/home/runner/.m2/repository/org/apache/commons/commons-pool2/2.6.0/commons-pool2-2.6.0.jar:/home/runner/.m2/repository/org/bouncycastle/bcpkix-jdk15on/1.67/bcpkix-jdk15on-1.67.jar:/home/runner/.m2/repository/commons-validator/commons-validator/1.6/commons-validator-1.6.jar:/home/runner/.m2/repository/commons-beanutils/commons-beanutils/1.9.4/commons-beanutils-1.9.4.jar:/home/runner/.m2/repository/commons-digester/commons-digester/1.8.1/commons-digester-1.8.1.jar:/home/runner/.m2/repository/commons-collections/commons-collections/3.2.2/commons-collections-3.2.2.jar:/home/runner/.m2/repository/io/jaegertracing/jaeger-client/1.6.0/jaeger-client-1.6.0.jar:/home/runner/.m2/repository/io/jaegertracing/jaeger-thrift/1.6.0/jaeger-thrift-1.6.0.jar:/home/runner/.m2/repository/org/apache/thrift/libthrift/0.14.1/libthrift-0.14.1.jar:/home/runner/.m2/repository/io/jaegertracing/jaeger-core/1.6.0/jaeger-core-1.6.0.jar:/home/runner/.m2/repository/io/jaegertracing/jaeger-tracerresolver/1.6.0/jaeger-tracerresolver-1.6.0.jar:/home/runner/.m2/repository/io/opentracing/contrib/opentracing-tracerresolver/0.1.8/opentracing-tracerresolver-0.1.8.jar:/home/runner/.m2/repository/org/jetbrains/kotlin/kotlin-stdlib/1.6.21/kotlin-stdlib-1.6.21.jar:/home/runner/.m2/repository/org/jetbrains/annotations/13.0/annotations-13.0.jar:/home/runner/.m2/repository/io/opentracing/opentracing-util/0.33.0/opentracing-util-0.33.0.jar:/home/runner/.m2/repository/io/opentracing/opentracing-api/0.33.0/opentracing-api-0.33.0.jar:/home/runner/.m2/repository/io/opentracing/opentracing-noop/0.33.0/opentracing-noop-0.33.0.jar:/home/runner/.m2/repository/org/yaml/snakeyaml/1.33/snakeyaml-1.33.jar:/home/runner/.m2/repository/org/apache/ozone/hdds-interface-admin/1.4.0-SNAPSHOT/hdds-interface-admin-1.4.0-SNAPSHOT.jar:/home/runner/.m2/repository/junit/junit/4.13.1/junit-4.13.1.jar:/home/runner/.m2/repository/org/hamcrest/hamcrest-core/1.3/hamcrest-core-1.3.jar:/home/runner/.m2/repository/org/junit/jupiter/junit-jupiter-api/5.8.2/junit-jupiter-api-5.8.2.jar:/home/runner/.m2/repository/org/opentest4j/opentest4j/1.2.0/opentest4j-1.2.0.jar:/home/runner/.m2/repository/org/junit/platform/junit-platform-commons/1.8.2/junit-platform-commons-1.8.2.jar:/home/runner/.m2/repository/org/apiguardian/apiguardian-api/1.1.2/apiguardian-api-1.1.2.jar:/home/runner/.m2/repository/org/junit/jupiter/junit-jupiter-params/5.8.2/junit-jupiter-params-5.8.2.jar:/home/runner/.m2/repository/org/junit/jupiter/junit-jupiter-migrationsupport/5.8.2/junit-jupiter-migrationsupport-5.8.2.jar:/home/runner/.m2/repository/org/junit/jupiter/junit-jupiter-engine/5.8.2/junit-jupiter-engine-5.8.2.jar:/home/runner/.m2/repository/org/junit/platform/junit-platform-engine/1.8.2/junit-platform-engine-1.8.2.jar:/home/runner/.m2/repository/org/junit/vintage/junit-vintage-engine/5.8.2/junit-vintage-engine-5.8.2.jar:/home/runner/.m2/repository/org/junit/platform/junit-platform-launcher/1.8.2/junit-platform-launcher-1.8.2.jar:/home/runner/.m2/repository/org/mockito/mockito-core/2.28.2/mockito-core-2.28.2.jar:/home/runner/.m2/repository/net/bytebuddy/byte-buddy/1.9.10/byte-buddy-1.9.10.jar:/home/runner/.m2/repository/net/bytebuddy/byte-buddy-agent/1.9.10/byte-buddy-agent-1.9.10.jar:/home/runner/.m2/repository/org/objenesis/objenesis/1.0/objenesis-1.0.jar:/home/runner/.m2/repository/org/apache/hadoop/hadoop-kms/3.3.4/hadoop-kms-3.3.4.jar:/home/runner/.m2/repository/org/apache/hadoop/hadoop-auth/3.3.4/hadoop-auth-3.3.4.jar:/home/runner/.m2/repository/com/nimbusds/nimbus-jose-jwt/9.8.1/nimbus-jose-jwt-9.8.1.jar:/home/runner/.m2/repository/com/github/stephenc/jcip/jcip-annotations/1.0-1/jcip-annotations-1.0-1.jar:/home/runner/.m2/repository/net/minidev/json-smart/2.4.7/json-smart-2.4.7.jar:/home/runner/.m2/repository/net/minidev/accessors-smart/2.4.7/accessors-smart-2.4.7.jar:/home/runner/.m2/repository/org/ow2/asm/asm/5.0.4/asm-5.0.4.jar:/home/runner/.m2/repository/org/apache/zookeeper/zookeeper/3.5.6/zookeeper-3.5.6.jar:/home/runner/.m2/repository/org/apache/zookeeper/zookeeper-jute/3.5.6/zookeeper-jute-3.5.6.jar:/home/runner/.m2/repository/org/apache/yetus/audience-annotations/0.5.0/audience-annotations-0.5.0.jar:/home/runner/.m2/repository/org/apache/curator/curator-framework/4.2.0/curator-framework-4.2.0.jar:/home/runner/.m2/repository/org/apache/hadoop/thirdparty/hadoop-shaded-guava/1.1.1/hadoop-shaded-guava-1.1.1.jar:/home/runner/.m2/repository/com/sun/jersey/jersey-core/1.19/jersey-core-1.19.jar:/home/runner/.m2/repository/javax/ws/rs/jsr311-api/1.1.1/jsr311-api-1.1.1.jar:/home/runner/.m2/repository/com/sun/jersey/jersey-server/1.19/jersey-server-1.19.jar:/home/runner/.m2/repository/javax/servlet/javax.servlet-api/3.1.0/javax.servlet-api-3.1.0.jar:/home/runner/.m2/repository/org/eclipse/jetty/jetty-server/9.4.49.v20220914/jetty-server-9.4.49.v20220914.jar:/home/runner/.m2/repository/org/eclipse/jetty/jetty-http/9.4.49.v20220914/jetty-http-9.4.49.v20220914.jar:/home/runner/.m2/repository/org/eclipse/jetty/jetty-io/9.4.49.v20220914/jetty-io-9.4.49.v20220914.jar:/home/runner/.m2/repository/org/eclipse/jetty/jetty-webapp/9.4.49.v20220914/jetty-webapp-9.4.49.v20220914.jar:/home/runner/.m2/repository/org/eclipse/jetty/jetty-xml/9.4.49.v20220914/jetty-xml-9.4.49.v20220914.jar:/home/runner/.m2/repository/org/apache/hadoop/hadoop-common/3.3.4/hadoop-common-3.3.4.jar:/home/runner/.m2/repository/org/apache/commons/commons-math3/3.1.1/commons-math3-3.1.1.jar:/home/runner/.m2/repository/commons-net/commons-net/3.9.0/commons-net-3.9.0.jar:/home/runner/.m2/repository/com/sun/jersey/jersey-servlet/1.19/jersey-servlet-1.19.jar:/home/runner/.m2/repository/com/sun/jersey/jersey-json/1.19/jersey-json-1.19.jar:/home/runner/.m2/repository/org/codehaus/jettison/jettison/1.1/jettison-1.1.jar:/home/runner/.m2/repository/com/sun/xml/bind/jaxb-impl/2.2.3-1/jaxb-impl-2.2.3-1.jar:/home/runner/.m2/repository/org/codehaus/jackson/jackson-jaxrs/1.9.2/jackson-jaxrs-1.9.2.jar:/home/runner/.m2/repository/org/codehaus/jackson/jackson-xc/1.9.2/jackson-xc-1.9.2.jar:/home/runner/.m2/repository/com/google/re2j/re2j/1.1/re2j-1.1.jar:/home/runner/.m2/repository/com/jcraft/jsch/0.1.54/jsch-0.1.54.jar:/home/runner/.m2/repository/org/apache/curator/curator-client/4.2.0/curator-client-4.2.0.jar:/home/runner/.m2/repository/org/apache/curator/curator-recipes/4.2.0/curator-recipes-4.2.0.jar:/home/runner/.m2/repository/org/apache/kerby/kerb-core/1.0.1/kerb-core-1.0.1.jar:/home/runner/.m2/repository/org/apache/kerby/kerby-pkix/1.0.1/kerby-pkix-1.0.1.jar:/home/runner/.m2/repository/org/apache/kerby/kerby-asn1/1.0.1/kerby-asn1-1.0.1.jar:/home/runner/.m2/repository/org/apache/kerby/kerby-util/1.0.1/kerby-util-1.0.1.jar:/home/runner/.m2/repository/dnsjava/dnsjava/2.1.7/dnsjava-2.1.7.jar:/home/runner/.m2/repository/org/xerial/snappy/snappy-java/1.1.8.2/snappy-java-1.1.8.2.jar:/home/runner/.m2/repository/org/eclipse/jetty/jetty-util/9.4.49.v20220914/jetty-util-9.4.49.v20220914.jar:/home/runner/.m2/repository/com/fasterxml/jackson/core/jackson-databind/2.13.4.2/jackson-databind-2.13.4.2.jar:/home/runner/.m2/repository/org/apache/hadoop/hadoop-kms/3.3.4/hadoop-kms-3.3.4-tests.jar:/home/runner/.m2/repository/org/apache/ozone/hdds-server-scm/1.4.0-SNAPSHOT/hdds-server-scm-1.4.0-SNAPSHOT-tests.jar:/home/runner/.m2/repository/org/apache/ozone/hdds-container-service/1.4.0-SNAPSHOT/hdds-container-service-1.4.0-SNAPSHOT-tests.jar:/home/runner/.m2/repository/com/github/luben/zstd-jni/1.5.2-5/zstd-jni-1.5.2-5.jar:/home/runner/.m2/repository/commons-codec/commons-codec/1.15/commons-codec-1.15.jar:/home/runner/.m2/repository/io/netty/netty-codec/4.1.86.Final/netty-codec-4.1.86.Final.jar:/home/runner/.m2/repository/io/netty/netty-handler/4.1.86.Final/netty-handler-4.1.86.Final.jar:/home/runner/.m2/repository/org/apache/ozone/hdds-hadoop-dependency-test/1.4.0-SNAPSHOT/hdds-hadoop-dependency-test-1.4.0-SNAPSHOT.jar:/home/runner/.m2/repository/org/apache/hadoop/hadoop-common/3.3.4/hadoop-common-3.3.4-tests.jar:/home/runner/.m2/repository/org/apache/hadoop/hadoop-hdfs/3.3.4/hadoop-hdfs-3.3.4-tests.jar:/home/runner/.m2/repository/org/assertj/assertj-core/3.12.2/assertj-core-3.12.2.jar:/home/runner/.m2/repository/org/apache/hadoop/hadoop-distcp/3.3.4/hadoop-distcp-3.3.4.jar:/home/runner/.m2/repository/org/apache/hadoop/hadoop-mapreduce-client-jobclient/3.3.4/hadoop-mapreduce-client-jobclient-3.3.4.jar:/home/runner/.m2/repository/org/apache/hadoop/hadoop-mapreduce-client-common/3.3.4/hadoop-mapreduce-client-common-3.3.4.jar:/home/runner/.m2/repository/org/apache/hadoop/hadoop-yarn-common/3.3.4/hadoop-yarn-common-3.3.4.jar:/home/runner/.m2/repository/org/apache/hadoop/hadoop-yarn-api/3.3.4/hadoop-yarn-api-3.3.4.jar:/home/runner/.m2/repository/com/sun/jersey/contribs/jersey-guice/1.19/jersey-guice-1.19.jar:/home/runner/.m2/repository/com/fasterxml/jackson/jaxrs/jackson-jaxrs-json-provider/2.13.4/jackson-jaxrs-json-provider-2.13.4.jar:/home/runner/.m2/repository/com/fasterxml/jackson/jaxrs/jackson-jaxrs-base/2.13.4/jackson-jaxrs-base-2.13.4.jar:/home/runner/.m2/repository/org/apache/hadoop/hadoop-yarn-client/3.3.4/hadoop-yarn-client-3.3.4.jar:/home/runner/.m2/repository/org/eclipse/jetty/websocket/websocket-client/9.4.43.v20210629/websocket-client-9.4.43.v20210629.jar:/home/runner/.m2/repository/org/eclipse/jetty/websocket/websocket-common/9.4.43.v20210629/websocket-common-9.4.43.v20210629.jar:/home/runner/.m2/repository/org/eclipse/jetty/websocket/websocket-api/9.4.43.v20210629/websocket-api-9.4.43.v20210629.jar:/home/runner/.m2/repository/org/jline/jline/3.9.0/jline-3.9.0.jar:/home/runner/.m2/repository/org/apache/hadoop/hadoop-mapreduce-client-core/3.3.4/hadoop-mapreduce-client-core-3.3.4.jar:/home/runner/.m2/repository/org/apache/avro/avro/1.7.7/avro-1.7.7.jar:/home/runner/.m2/repository/org/codehaus/jackson/jackson-core-asl/1.9.13/jackson-core-asl-1.9.13.jar:/home/runner/.m2/repository/org/codehaus/jackson/jackson-mapper-asl/1.9.13/jackson-mapper-asl-1.9.13.jar:/home/runner/.m2/repository/com/thoughtworks/paranamer/paranamer/2.3/paranamer-2.3.jar:/home/runner/.m2/repository/org/apache/hadoop/hadoop-annotations/3.3.4/hadoop-annotations-3.3.4.jar:/usr/lib/jvm/temurin-8-jdk-amd64/jre/../lib/tools.jar:/home/runner/.m2/repository/io/netty/netty/3.10.6.Final/netty-3.10.6.Final.jar:/home/runner/.m2/repository/org/apache/hadoop/hadoop-distcp/3.3.4/hadoop-distcp-3.3.4-tests.jar:/home/runner/.m2/repository/org/slf4j/jul-to-slf4j/1.7.36/jul-to-slf4j-1.7.36.jar:"/>
    <property name="sun.cpu.endian" value="little"/>
    <property name="user.home" value="/home/runner"/>
    <property name="user.language" value="en"/>
    <property name="java.specification.vendor" value="Oracle Corporation"/>
    <property name="java.home" value="/usr/lib/jvm/temurin-8-jdk-amd64/jre"/>
    <property name="java.security.krb5.conf" value="/home/runner/work/ozone/ozone/hadoop-ozone/integration-test/target/test-classes/krb5.conf"/>
    <property name="basedir" value="/home/runner/work/ozone/ozone/hadoop-ozone/integration-test"/>
    <property name="file.separator" value="/"/>
    <property name="line.separator" value="&#10;"/>
    <property name="java.vm.specification.vendor" value="Oracle Corporation"/>
    <property name="java.specification.name" value="Java Platform API Specification"/>
    <property name="java.awt.graphicsenv" value="sun.awt.X11GraphicsEnvironment"/>
    <property name="skip.installnpx" value="true"/>
    <property name="surefire.real.class.path" value="/home/runner/work/ozone/ozone/hadoop-ozone/integration-test/target/surefire/surefirebooter206961841621703811.jar:/home/runner/.m2/repository/org/jacoco/org.jacoco.agent/0.8.5/org.jacoco.agent-0.8.5-runtime.jar"/>
    <property name="hadoop.log.dir" value="/home/runner/work/ozone/ozone/hadoop-ozone/integration-test/target/log"/>
    <property name="sun.boot.class.path" value="/usr/lib/jvm/temurin-8-jdk-amd64/jre/lib/resources.jar:/usr/lib/jvm/temurin-8-jdk-amd64/jre/lib/rt.jar:/usr/lib/jvm/temurin-8-jdk-amd64/jre/lib/sunrsasign.jar:/usr/lib/jvm/temurin-8-jdk-amd64/jre/lib/jsse.jar:/usr/lib/jvm/temurin-8-jdk-amd64/jre/lib/jce.jar:/usr/lib/jvm/temurin-8-jdk-amd64/jre/lib/charsets.jar:/usr/lib/jvm/temurin-8-jdk-amd64/jre/lib/jfr.jar:/usr/lib/jvm/temurin-8-jdk-amd64/jre/classes"/>
    <property name="sun.management.compiler" value="HotSpot 64-Bit Tiered Compilers"/>
    <property name="skip.npx" value="true"/>
    <property name="java.runtime.version" value="1.8.0_362-b09"/>
    <property name="java.net.preferIPv4Stack" value="true"/>
    <property name="user.name" value="runner"/>
    <property name="path.separator" value=":"/>
    <property name="java.security.egd" value="file:///dev/urandom"/>
    <property name="os.version" value="5.15.0-1031-azure"/>
    <property name="java.endorsed.dirs" value="/usr/lib/jvm/temurin-8-jdk-amd64/jre/lib/endorsed"/>
    <property name="java.runtime.name" value="OpenJDK Runtime Environment"/>
    <property name="file.encoding" value="UTF-8"/>
    <property name="java.vm.name" value="OpenJDK 64-Bit Server VM"/>
    <property name="test.build.webapps" value=""/>
    <property name="localRepository" value="/home/runner/.m2/repository"/>
    <property name="jetty.git.hash" value="4231a3b2e4cb8548a412a789936d640a97b1aa0a"/>
    <property name="java.vendor.url.bug" value="https://github.com/adoptium/adoptium-support/issues"/>
    <property name="java.io.tmpdir" value="/tmp"/>
    <property name="require.test.libhadoop" value=""/>
    <property name="java.version" value="1.8.0_362"/>
    <property name="user.dir" value="/home/runner/work/ozone/ozone/hadoop-ozone/integration-test"/>
    <property name="os.arch" value="amd64"/>
    <property name="java.vm.specification.name" value="Java Virtual Machine Specification"/>
    <property name="test.build.classes" value="/home/runner/work/ozone/ozone/hadoop-ozone/integration-test/target/test-classes"/>
    <property name="java.awt.printerjob" value="sun.print.PSPrinterJob"/>
    <property name="sun.os.patch.level" value="unknown"/>
    <property name="org.apache.ratis.thirdparty.io.netty.allocator.useCacheForAllThreads" value="false"/>
    <property name="hadoop.tmp.dir" value="/home/runner/work/ozone/ozone/hadoop-ozone/integration-test/target/tmp"/>
    <property name="java.library.path" value="/usr/java/packages/lib/amd64:/usr/lib64:/lib64:/lib:/usr/lib"/>
    <property name="java.vm.info" value="mixed mode"/>
    <property name="java.vendor" value="Temurin"/>
    <property name="java.vm.version" value="25.362-b09"/>
    <property name="java.specification.maintenance.version" value="4"/>
    <property name="java.ext.dirs" value="/usr/lib/jvm/temurin-8-jdk-amd64/jre/lib/ext:/usr/java/packages/lib/ext"/>
    <property name="sun.io.unicode.encoding" value="UnicodeLittle"/>
    <property name="java.class.version" value="52.0"/>
  </properties>
  <testcase name="testGetTrashRoot" classname="TestOzoneFileSystem" time="19.717">
    <system-out><![CDATA[2023-02-14 08:17:05,388 [main] WARN  server.ServerUtils (ServerUtils.java:getScmDbDir(148)) - ozone.scm.db.dirs is not configured. We recommend adding this setting. Falling back to ozone.metadata.dirs instead.
2023-02-14 08:17:05,465 [main] WARN  server.ServerUtils (ServerUtils.java:getScmDbDir(148)) - ozone.scm.db.dirs is not configured. We recommend adding this setting. Falling back to ozone.metadata.dirs instead.
2023-02-14 08:17:05,468 [main] INFO  ha.SCMHANodeDetails (SCMHANodeDetails.java:loadSCMHAConfig(209)) - ServiceID for StorageContainerManager is null
2023-02-14 08:17:05,477 [main] WARN  ha.SCMHANodeDetails (SCMHANodeDetails.java:validateSCMHAConfig(182)) - Invalid config ozone.scm.ratis.enable. The config was not specified, but the default value true conflicts with the expected config value false. Falling back to the expected value. Current State of SCM: SCM is running in Non-HA without Ratis Ratis SCM -> Non Ratis SCM or Non HA SCM -> HA SCM is not supported
2023-02-14 08:17:05,477 [main] INFO  ha.SCMHANodeDetails (SCMHANodeDetails.java:loadSCMHAConfig(214)) - ozone.scm.default.service.id is not defined, falling back to ozone.scm.service.ids to find serviceID for StorageContainerManager if it is HA enabled cluster
2023-02-14 08:17:05,960 [main] WARN  utils.HAUtils (HAUtils.java:getMetaDir(342)) - ozone.scm.db.dirs is not configured. We recommend adding this setting. Falling back to ozone.metadata.dirs instead.
2023-02-14 08:17:06,170 [main] WARN  db.DBStoreBuilder (DBStoreBuilder.java:applyDBDefinition(172)) - ozone.scm.db.dirs is not configured. We recommend adding this setting. Falling back to ozone.metadata.dirs instead.
2023-02-14 08:17:06,347 [main] INFO  net.NodeSchemaLoader (NodeSchemaLoader.java:loadSchemaFromFile(129)) - Loading schema from [jar:file:/home/runner/.m2/repository/org/apache/ozone/hdds-common/1.4.0-SNAPSHOT/hdds-common-1.4.0-SNAPSHOT.jar!/network-topology-default.xml]
2023-02-14 08:17:06,348 [main] INFO  net.NodeSchemaLoader (NodeSchemaLoader.java:loadSchema(176)) - Loading network topology layer schema file
2023-02-14 08:17:06,386 [main] INFO  metrics.MetricRegistries (MetricRegistriesLoader.java:load(64)) - Loaded MetricRegistries class org.apache.ratis.metrics.impl.MetricRegistriesImpl
2023-02-14 08:17:06,390 [main] INFO  upgrade.AbstractLayoutVersionManager (AbstractLayoutVersionManager.java:init(83)) - Initializing Layout version manager with metadata layout = DATANODE_SCHEMA_V3 (version = 4), software layout = DATANODE_SCHEMA_V3 (version = 4)
2023-02-14 08:17:06,626 [main] INFO  reflections.Reflections (Reflections.java:scan(232)) - Reflections took 156 ms to scan 7 urls, producing 150 keys and 363 values 
2023-02-14 08:17:06,725 [main] INFO  ha.SequenceIdGenerator (SequenceIdGenerator.java:upgradeToSequenceId(349)) - upgrade localId to 111677748019200000
2023-02-14 08:17:06,725 [main] INFO  ha.SequenceIdGenerator (SequenceIdGenerator.java:upgradeToSequenceId(359)) - upgrade delTxnId to 0
2023-02-14 08:17:06,728 [main] INFO  ha.SequenceIdGenerator (SequenceIdGenerator.java:upgradeToSequenceId(376)) - upgrade containerId to 0
2023-02-14 08:17:06,729 [main] INFO  ha.SequenceIdGenerator (SequenceIdGenerator.java:<init>(220)) - Init the HA SequenceIdGenerator.
2023-02-14 08:17:06,777 [main] WARN  server.ServerUtils (ServerUtils.java:sanitizeUserArgs(73)) - ozone.scm.stale.node.interval value = 300000 is larger than max = 100000 based on the key value of ozone.scm.heartbeat.thread.interval, reset to the max value 100000.
2023-02-14 08:17:06,778 [main] WARN  server.ServerUtils (ServerUtils.java:sanitizeUserArgs(73)) - ozone.scm.stale.node.interval value = 300000 is larger than max = 100000 based on the key value of ozone.scm.heartbeat.thread.interval, reset to the max value 100000.
2023-02-14 08:17:06,784 [main] INFO  node.SCMNodeManager (SCMNodeManager.java:<init>(149)) - Entering startup safe mode.
2023-02-14 08:17:06,854 [main] INFO  algorithms.ContainerPlacementPolicyFactory (ContainerPlacementPolicyFactory.java:getPolicyInternal(86)) - Create container placement policy of type org.apache.hadoop.hdds.scm.container.placement.algorithms.SCMContainerPlacementRandom
2023-02-14 08:17:06,857 [main] INFO  algorithms.ContainerPlacementPolicyFactory (ContainerPlacementPolicyFactory.java:getPolicyInternal(86)) - Create container placement policy of type org.apache.hadoop.hdds.scm.container.placement.algorithms.SCMContainerPlacementRackScatter
2023-02-14 08:17:06,864 [main] INFO  pipeline.PipelineStateManagerImpl (PipelineStateManagerImpl.java:initialize(78)) - No pipeline exists in current db
2023-02-14 08:17:06,899 [main] INFO  algorithms.LeaderChoosePolicyFactory (LeaderChoosePolicyFactory.java:getPolicy(57)) - Create leader choose policy of type org.apache.hadoop.hdds.scm.pipeline.leader.choose.algorithms.MinLeaderCountChoosePolicy
2023-02-14 08:17:06,899 [main] INFO  algorithms.ContainerPlacementPolicyFactory (ContainerPlacementPolicyFactory.java:getPolicyInternal(86)) - Create container placement policy of type org.apache.hadoop.hdds.scm.container.placement.algorithms.SCMContainerPlacementRackScatter
2023-02-14 08:17:06,907 [main] INFO  ha.SCMServiceManager (SCMServiceManager.java:register(42)) - Registering service BackgroundPipelineCreator.
2023-02-14 08:17:06,907 [main] INFO  pipeline.BackgroundPipelineCreator (BackgroundPipelineCreator.java:start(124)) - Starting RatisPipelineUtilsThread.
2023-02-14 08:17:06,910 [main] INFO  BackgroundPipelineScrubber (BackgroundSCMService.java:start(68)) - Starting BackgroundPipelineScrubber Service.
2023-02-14 08:17:06,911 [main] INFO  ha.SCMServiceManager (SCMServiceManager.java:register(42)) - Registering service BackgroundPipelineScrubber.
2023-02-14 08:17:06,916 [main] INFO  ExpiredContainerReplicaOpScrubber (BackgroundSCMService.java:start(68)) - Starting ExpiredContainerReplicaOpScrubber Service.
2023-02-14 08:17:06,916 [main] INFO  ha.SCMServiceManager (SCMServiceManager.java:register(42)) - Registering service ExpiredContainerReplicaOpScrubber.
2023-02-14 08:17:06,951 [main] INFO  algorithms.PipelineChoosePolicyFactory (PipelineChoosePolicyFactory.java:createPipelineChoosePolicyFromClass(73)) - Create pipeline choose policy of type org.apache.hadoop.hdds.scm.pipeline.choose.algorithms.RandomPipelineChoosePolicy
2023-02-14 08:17:06,973 [main] INFO  ha.SCMServiceManager (SCMServiceManager.java:register(42)) - Registering service SCMBlockDeletingService.
2023-02-14 08:17:07,027 [main] INFO  replication.ReplicationManager (ReplicationManager.java:start(263)) - Starting Replication Monitor Thread.
2023-02-14 08:17:07,035 [main] INFO  ha.SCMServiceManager (SCMServiceManager.java:register(42)) - Registering service ReplicationManager.
2023-02-14 08:17:07,039 [ReplicationMonitor] INFO  replication.ReplicationManager (ReplicationManager.java:processAll(334)) - Replication Manager is not ready to run until 3000ms after safemode exit
2023-02-14 08:17:07,050 [main] INFO  safemode.ContainerSafeModeRule (ContainerSafeModeRule.java:<init>(89)) - containers with one replica threshold count 0
2023-02-14 08:17:07,055 [main] INFO  safemode.HealthyPipelineSafeModeRule (HealthyPipelineSafeModeRule.java:initializeRule(169)) - Total pipeline count is 0, healthy pipeline threshold count is 1
2023-02-14 08:17:07,057 [main] INFO  safemode.OneReplicaPipelineSafeModeRule (OneReplicaPipelineSafeModeRule.java:initializeRule(180)) - Total pipeline count is 0, pipeline's with at least one datanode reported threshold count is 0
2023-02-14 08:17:07,294 [main] INFO  audit.AuditLogger (AuditLogger.java:refreshDebugCmdSet(126)) - Refresh DebugCmdSet for SCMAudit to [].
2023-02-14 08:17:07,321 [main] INFO  ipc.CallQueueManager (CallQueueManager.java:<init>(90)) - Using callQueue: class java.util.concurrent.LinkedBlockingQueue, queueCapacity: 2000, scheduler: class org.apache.hadoop.ipc.DefaultRpcScheduler, ipcBackoff: false.
2023-02-14 08:17:07,353 [Socket Reader #1 for port 0] INFO  ipc.Server (Server.java:run(1273)) - Starting Socket Reader #1 for port 0
2023-02-14 08:17:07,408 [Listener at 0.0.0.0/37079] INFO  audit.AuditLogger (AuditLogger.java:refreshDebugCmdSet(126)) - Refresh DebugCmdSet for SCMAudit to [].
2023-02-14 08:17:07,413 [Listener at 0.0.0.0/37079] INFO  ipc.CallQueueManager (CallQueueManager.java:<init>(90)) - Using callQueue: class java.util.concurrent.LinkedBlockingQueue, queueCapacity: 2000, scheduler: class org.apache.hadoop.ipc.DefaultRpcScheduler, ipcBackoff: false.
2023-02-14 08:17:07,414 [Socket Reader #1 for port 0] INFO  ipc.Server (Server.java:run(1273)) - Starting Socket Reader #1 for port 0
2023-02-14 08:17:07,445 [Listener at 0.0.0.0/32841] INFO  audit.AuditLogger (AuditLogger.java:refreshDebugCmdSet(126)) - Refresh DebugCmdSet for SCMAudit to [].
2023-02-14 08:17:07,520 [Listener at 0.0.0.0/32841] INFO  ipc.CallQueueManager (CallQueueManager.java:<init>(90)) - Using callQueue: class java.util.concurrent.LinkedBlockingQueue, queueCapacity: 2000, scheduler: class org.apache.hadoop.ipc.DefaultRpcScheduler, ipcBackoff: false.
2023-02-14 08:17:07,521 [Socket Reader #1 for port 0] INFO  ipc.Server (Server.java:run(1273)) - Starting Socket Reader #1 for port 0
2023-02-14 08:17:07,561 [Listener at 0.0.0.0/46137] INFO  ha.SCMServiceManager (SCMServiceManager.java:register(42)) - Registering service ContainerBalancer.
2023-02-14 08:17:07,562 [Listener at 0.0.0.0/46137] INFO  server.StorageContainerManager (StorageContainerManager.java:<init>(401)) - 
Container Balancer status:
Key                            Value
Running                        true
Container Balancer Configuration values:
Key                                                Value
Threshold                                          10
Max Datanodes to Involve per Iteration(percent)    20
Max Size to Move per Iteration                     500GB
Max Size Entering Target per Iteration             26GB
Max Size Leaving Source per Iteration              26GB

2023-02-14 08:17:07,562 [Listener at 0.0.0.0/46137] INFO  ha.SCMContext (SCMContext.java:updateSafeModeStatus(228)) - Update SafeModeStatus from SafeModeStatus{safeModeStatus=true, preCheckPassed=false} to SafeModeStatus{safeModeStatus=true, preCheckPassed=false}.
2023-02-14 08:17:07,567 [Listener at 0.0.0.0/46137] INFO  server.StorageContainerManager (StorageContainerManager.java:start(1435)) - StorageContainerLocationProtocol RPC server is listening at /0.0.0.0:46137
2023-02-14 08:17:07,618 [Listener at 0.0.0.0/46137] WARN  impl.MetricsConfig (MetricsConfig.java:loadFirst(136)) - Cannot locate configuration: tried hadoop-metrics2-storagecontainermanager.properties,hadoop-metrics2.properties
2023-02-14 08:17:07,630 [Listener at 0.0.0.0/46137] INFO  impl.MetricsSystemImpl (MetricsSystemImpl.java:startTimer(378)) - Scheduled Metric snapshot period at 10 second(s).
2023-02-14 08:17:07,630 [Listener at 0.0.0.0/46137] INFO  impl.MetricsSystemImpl (MetricsSystemImpl.java:start(191)) - StorageContainerManager metrics system started
2023-02-14 08:17:07,837 [Listener at 0.0.0.0/46137] INFO  server.SCMClientProtocolServer (SCMClientProtocolServer.java:start(169)) - RPC server for Client  is listening at /0.0.0.0:46137
2023-02-14 08:17:07,837 [IPC Server Responder] INFO  ipc.Server (Server.java:run(1512)) - IPC Server Responder: starting
2023-02-14 08:17:07,838 [IPC Server listener on 0] INFO  ipc.Server (Server.java:run(1352)) - IPC Server listener on 0: starting
2023-02-14 08:17:07,846 [Listener at 0.0.0.0/46137] INFO  server.StorageContainerManager (StorageContainerManager.java:start(1449)) - ScmBlockLocationProtocol RPC server is listening at /0.0.0.0:32841
2023-02-14 08:17:07,847 [Listener at 0.0.0.0/46137] INFO  server.SCMBlockProtocolServer (SCMBlockProtocolServer.java:start(152)) - RPC server for Block Protocol is listening at /0.0.0.0:32841
2023-02-14 08:17:07,848 [IPC Server Responder] INFO  ipc.Server (Server.java:run(1512)) - IPC Server Responder: starting
2023-02-14 08:17:07,848 [IPC Server listener on 0] INFO  ipc.Server (Server.java:run(1352)) - IPC Server listener on 0: starting
2023-02-14 08:17:07,850 [Listener at 0.0.0.0/46137] INFO  server.SCMDatanodeProtocolServer (SCMDatanodeProtocolServer.java:start(193)) - ScmDatanodeProtocol RPC server for DataNodes is listening at /0.0.0.0:37079
2023-02-14 08:17:07,851 [IPC Server Responder] INFO  ipc.Server (Server.java:run(1512)) - IPC Server Responder: starting
2023-02-14 08:17:07,851 [IPC Server listener on 0] INFO  ipc.Server (Server.java:run(1352)) - IPC Server listener on 0: starting
2023-02-14 08:17:07,875 [org.apache.hadoop.util.JvmPauseMonitor$Monitor@5f3c866c] INFO  util.JvmPauseMonitor (JvmPauseMonitor.java:run(188)) - Starting JVM pause monitor
2023-02-14 08:17:07,882 [Listener at 0.0.0.0/46137] INFO  http.BaseHttpServer (BaseHttpServer.java:newHttpServer2BuilderForOzone(213)) - Starting Web-server for scm at: http://0.0.0.0:0
2023-02-14 08:17:07,882 [Listener at 0.0.0.0/46137] INFO  http.BaseHttpServer (BaseHttpServer.java:<init>(108)) - Hadoop Security Enabled: false Ozone Security Enabled: false Ozone HTTP Security Enabled: false 
2023-02-14 08:17:07,919 [Listener at 0.0.0.0/46137] INFO  util.log (Log.java:initialized(170)) - Logging initialized @3995ms to org.eclipse.jetty.util.log.Slf4jLog
2023-02-14 08:17:08,007 [Listener at 0.0.0.0/46137] WARN  server.AuthenticationFilter (AuthenticationFilter.java:constructSecretProvider(240)) - Unable to initialize FileSignerSecretProvider, falling back to use random secrets. Reason: Could not read signature secret file: /home/runner/hadoop-http-auth-signature-secret
2023-02-14 08:17:08,015 [Listener at 0.0.0.0/46137] WARN  http.HttpRequestLog (HttpRequestLog.java:getRequestLog(103)) - Jetty request log can only be enabled using Log4j
2023-02-14 08:17:08,021 [Listener at 0.0.0.0/46137] INFO  http.HttpServer2 (HttpServer2.java:addGlobalFilter(1031)) - Added global filter 'safety' (class=org.apache.hadoop.hdds.server.http.HttpServer2$QuotingInputFilter)
2023-02-14 08:17:08,023 [Listener at 0.0.0.0/46137] INFO  http.HttpServer2 (HttpServer2.java:addFilter(1007)) - Added filter static_user_filter (class=org.apache.hadoop.http.lib.StaticUserWebFilter$StaticUserFilter) to context scm
2023-02-14 08:17:08,023 [Listener at 0.0.0.0/46137] INFO  http.HttpServer2 (HttpServer2.java:addFilter(1015)) - Added filter static_user_filter (class=org.apache.hadoop.http.lib.StaticUserWebFilter$StaticUserFilter) to context static
2023-02-14 08:17:08,023 [Listener at 0.0.0.0/46137] INFO  http.HttpServer2 (HttpServer2.java:addFilter(1015)) - Added filter static_user_filter (class=org.apache.hadoop.http.lib.StaticUserWebFilter$StaticUserFilter) to context logs
2023-02-14 08:17:08,059 [Listener at 0.0.0.0/46137] INFO  http.HttpServer2 (HttpServer2.java:bindListener(1250)) - Jetty bound to port 43189
2023-02-14 08:17:08,061 [Listener at 0.0.0.0/46137] INFO  server.Server (Server.java:doStart(375)) - jetty-9.4.49.v20220914; built: 2022-09-14T01:07:36.601Z; git: 4231a3b2e4cb8548a412a789936d640a97b1aa0a; jvm 1.8.0_362-b09
2023-02-14 08:17:08,088 [Listener at 0.0.0.0/46137] INFO  server.session (DefaultSessionIdManager.java:doStart(334)) - DefaultSessionIdManager workerName=node0
2023-02-14 08:17:08,088 [Listener at 0.0.0.0/46137] INFO  server.session (DefaultSessionIdManager.java:doStart(339)) - No SessionScavenger set, using defaults
2023-02-14 08:17:08,090 [Listener at 0.0.0.0/46137] INFO  server.session (HouseKeeper.java:startScavenging(132)) - node0 Scavenging every 600000ms
2023-02-14 08:17:08,104 [Listener at 0.0.0.0/46137] INFO  handler.ContextHandler (ContextHandler.java:doStart(921)) - Started o.e.j.s.ServletContextHandler@2c7ac998{logs,/logs,file:///home/runner/work/ozone/ozone/hadoop-ozone/integration-test/target/log,AVAILABLE}
2023-02-14 08:17:08,105 [Listener at 0.0.0.0/46137] INFO  handler.ContextHandler (ContextHandler.java:doStart(921)) - Started o.e.j.s.ServletContextHandler@2b0d818d{static,/static,file:///home/runner/work/ozone/ozone/hadoop-ozone/integration-test/target/test-classes/webapps/static,AVAILABLE}
2023-02-14 08:17:08,152 [Listener at 0.0.0.0/46137] INFO  handler.ContextHandler (ContextHandler.java:doStart(921)) - Started o.e.j.w.WebAppContext@3074575a{scm,/,file:///home/runner/work/ozone/ozone/hadoop-ozone/integration-test/target/test-classes/webapps/scm/,AVAILABLE}{file:/home/runner/work/ozone/ozone/hadoop-ozone/integration-test/target/test-classes/webapps/scm}
2023-02-14 08:17:08,162 [Listener at 0.0.0.0/46137] INFO  server.AbstractConnector (AbstractConnector.java:doStart(333)) - Started ServerConnector@2d398cfb{HTTP/1.1, (http/1.1)}{0.0.0.0:43189}
2023-02-14 08:17:08,162 [Listener at 0.0.0.0/46137] INFO  server.Server (Server.java:doStart(415)) - Started @4239ms
2023-02-14 08:17:08,165 [Listener at 0.0.0.0/46137] INFO  impl.MetricsSinkAdapter (MetricsSinkAdapter.java:start(204)) - Sink prometheus started
2023-02-14 08:17:08,166 [Listener at 0.0.0.0/46137] INFO  impl.MetricsSystemImpl (MetricsSystemImpl.java:registerSink(305)) - Registered sink prometheus
2023-02-14 08:17:08,167 [Listener at 0.0.0.0/46137] INFO  http.BaseHttpServer (BaseHttpServer.java:updateConnectorAddress(333)) - HTTP server of scm listening at http://0.0.0.0:43189
2023-02-14 08:17:08,169 [Listener at 0.0.0.0/46137] WARN  server.ServerUtils (ServerUtils.java:getDBPath(225)) - ozone.om.db.dirs is not configured. We recommend adding this setting. Falling back to ozone.metadata.dirs instead.
2023-02-14 08:17:08,232 [Listener at 0.0.0.0/46137] INFO  audit.AuditLogger (AuditLogger.java:refreshDebugCmdSet(126)) - Refresh DebugCmdSet for OMAudit to [].
2023-02-14 08:17:08,308 [Listener at 0.0.0.0/46137] INFO  ha.OMHANodeDetails (OMHANodeDetails.java:loadOMHAConfig(115)) - ozone.om.internal.service.id is not defined, falling back to ozone.om.service.ids to find serviceID for OzoneManager if it is HA enabled cluster
2023-02-14 08:17:08,311 [Listener at 0.0.0.0/46137] INFO  ha.OMHANodeDetails (OMHANodeDetails.java:loadOMHAConfig(226)) - Configuration does not have ozone.om.address set. Falling back to the default OM address /127.0.0.1:0
2023-02-14 08:17:08,311 [Listener at 0.0.0.0/46137] INFO  ha.OMHANodeDetails (OMHANodeDetails.java:getOMNodeDetailsForNonHA(254)) - OM Service ID is not set. Setting it to the default ID: omServiceIdDefault
2023-02-14 08:17:08,312 [Listener at 0.0.0.0/46137] INFO  ha.OMHANodeDetails (OMHANodeDetails.java:getOMNodeDetailsForNonHA(261)) - OM Node ID is not set. Setting it to the default ID: om1
2023-02-14 08:17:08,316 [Listener at 0.0.0.0/46137] WARN  server.ServerUtils (ServerUtils.java:getDBPath(225)) - ozone.om.db.dirs is not configured. We recommend adding this setting. Falling back to ozone.metadata.dirs instead.
2023-02-14 08:17:08,319 [Listener at 0.0.0.0/46137] INFO  upgrade.AbstractLayoutVersionManager (AbstractLayoutVersionManager.java:init(83)) - Initializing Layout version manager with metadata layout = MULTITENANCY_SCHEMA (version = 3), software layout = MULTITENANCY_SCHEMA (version = 3)
2023-02-14 08:17:08,414 [Listener at 0.0.0.0/46137] INFO  reflections.Reflections (Reflections.java:scan(232)) - Reflections took 88 ms to scan 2 urls, producing 162 keys and 450 values [using 2 cores]
2023-02-14 08:17:08,420 [Listener at 0.0.0.0/46137] INFO  upgrade.OMLayoutVersionManager (OMLayoutVersionManager.java:lambda$0(115)) - Skipping Upgrade Action MockOmUpgradeAction since it has been finalized.
2023-02-14 08:17:08,422 [Listener at 0.0.0.0/46137] WARN  server.ServerUtils (ServerUtils.java:getDBPath(225)) - ozone.om.db.dirs is not configured. We recommend adding this setting. Falling back to ozone.metadata.dirs instead.
2023-02-14 08:17:08,584 [Listener at 0.0.0.0/46137] INFO  proxy.SCMBlockLocationFailoverProxyProvider (SCMBlockLocationFailoverProxyProvider.java:<init>(114)) - Created block location fail-over proxy with 1 nodes: [nodeId=scmNodeId,nodeAddress=/0.0.0.0:32841]
2023-02-14 08:17:08,632 [Listener at 0.0.0.0/46137] INFO  proxy.SCMBlockLocationFailoverProxyProvider (SCMBlockLocationFailoverProxyProvider.java:<init>(114)) - Created block location fail-over proxy with 1 nodes: [nodeId=scmNodeId,nodeAddress=/0.0.0.0:32841]
2023-02-14 08:17:08,805 [Listener at 0.0.0.0/46137] INFO  om.OzoneManager (OzoneManager.java:<init>(615)) - OM start with adminUsers: [runner]
2023-02-14 08:17:08,814 [Listener at 0.0.0.0/46137] WARN  server.ServerUtils (ServerUtils.java:getDBPath(225)) - ozone.om.db.dirs is not configured. We recommend adding this setting. Falling back to ozone.metadata.dirs instead.
2023-02-14 08:17:08,820 [Listener at 0.0.0.0/46137] INFO  codec.OmKeyInfoCodec (OmKeyInfoCodec.java:<init>(49)) - OmKeyInfoCodec ignorePipeline = true
2023-02-14 08:17:08,821 [Listener at 0.0.0.0/46137] INFO  codec.RepeatedOmKeyInfoCodec (RepeatedOmKeyInfoCodec.java:<init>(41)) - RepeatedOmKeyInfoCodec ignorePipeline = true
2023-02-14 08:17:09,000 [Listener at 0.0.0.0/46137] INFO  om.OzoneManager (OzoneManager.java:instantiateServices(745)) - S3 Multi-Tenancy is disabled
2023-02-14 08:17:09,077 [Listener at 0.0.0.0/46137] INFO  om.OzoneManager (OzoneManager.java:addS3GVolumeToDB(4172)) - Created Volume s3v With Owner runner required for S3Gateway operations.
2023-02-14 08:17:09,130 [Listener at 0.0.0.0/46137] WARN  server.ServerUtils (ServerUtils.java:getDefaultRatisDirectory(237)) - Storage directory for Ratis is not configured. It is a good idea to map this to an SSD disk. Falling back to ozone.metadata.dirs
2023-02-14 08:17:09,130 [Listener at 0.0.0.0/46137] WARN  utils.OzoneManagerRatisUtils (OzoneManagerRatisUtils.java:getOMRatisSnapshotDirectory(436)) - ozone.om.ratis.snapshot.dir is not configured. Falling back to ozone.metadata.dirs config
2023-02-14 08:17:09,146 [Listener at 0.0.0.0/46137] WARN  server.ServerUtils (ServerUtils.java:getDefaultRatisDirectory(237)) - Storage directory for Ratis is not configured. It is a good idea to map this to an SSD disk. Falling back to ozone.metadata.dirs
2023-02-14 08:17:09,172 [Listener at 0.0.0.0/46137] INFO  ratis.OzoneManagerRatisServer (OzoneManagerRatisServer.java:<init>(160)) - Instantiating OM Ratis server with groupID: omServiceIdDefault and peers: localhost:9872
2023-02-14 08:17:09,179 [Listener at 0.0.0.0/46137] INFO  ratis.OzoneManagerStateMachine (OzoneManagerStateMachine.java:loadSnapshotInfoFromDB(636)) - LastAppliedIndex is set from TransactionInfo from OM DB as (t:0, i:~)
2023-02-14 08:17:09,221 [Listener at 0.0.0.0/46137] INFO  server.RaftServer (ConfUtils.java:logGet(46)) - raft.rpc.type = GRPC (default)
2023-02-14 08:17:09,281 [Listener at 0.0.0.0/46137] INFO  grpc.GrpcConfigKeys (ConfUtils.java:logFallback(53)) - raft.grpc.admin.host = null (fallback to raft.grpc.server.host)
2023-02-14 08:17:09,282 [Listener at 0.0.0.0/46137] INFO  grpc.GrpcConfigKeys (ConfUtils.java:logFallback(53)) - raft.grpc.admin.port = 9872 (fallback to raft.grpc.server.port)
2023-02-14 08:17:09,283 [Listener at 0.0.0.0/46137] INFO  grpc.GrpcConfigKeys (ConfUtils.java:logFallback(53)) - raft.grpc.client.host = null (fallback to raft.grpc.server.host)
2023-02-14 08:17:09,283 [Listener at 0.0.0.0/46137] INFO  grpc.GrpcConfigKeys (ConfUtils.java:logFallback(53)) - raft.grpc.client.port = 9872 (fallback to raft.grpc.server.port)
2023-02-14 08:17:09,283 [Listener at 0.0.0.0/46137] INFO  grpc.GrpcConfigKeys (ConfUtils.java:logGet(46)) - raft.grpc.server.host = null (default)
2023-02-14 08:17:09,283 [Listener at 0.0.0.0/46137] INFO  grpc.GrpcConfigKeys (ConfUtils.java:logGet(46)) - raft.grpc.server.port = 9872 (custom)
2023-02-14 08:17:09,284 [Listener at 0.0.0.0/46137] INFO  server.GrpcService (ConfUtils.java:logGet(46)) - raft.grpc.message.size.max = 33554432 (custom)
2023-02-14 08:17:09,285 [Listener at 0.0.0.0/46137] INFO  server.RaftServerConfigKeys (ConfUtils.java:logGet(46)) - raft.server.log.appender.buffer.byte-limit = 33554432 (custom)
2023-02-14 08:17:09,285 [Listener at 0.0.0.0/46137] INFO  server.GrpcService (ConfUtils.java:logGet(46)) - raft.grpc.flow.control.window = 1MB (=1048576) (default)
2023-02-14 08:17:09,285 [Listener at 0.0.0.0/46137] INFO  server.RaftServerConfigKeys (ConfUtils.java:logGet(46)) - raft.server.rpc.request.timeout = 3000ms (default)
2023-02-14 08:17:09,295 [Listener at 0.0.0.0/46137] INFO  grpc.GrpcConfigKeys (ConfUtils.java:logGet(46)) - raft.grpc.server.heartbeat.channel = true (default)
2023-02-14 08:17:09,297 [Listener at 0.0.0.0/46137] INFO  grpc.GrpcConfigKeys (ConfUtils.java:logGet(46)) - raft.grpc.server.async.request.thread.pool.cached = true (default)
2023-02-14 08:17:09,297 [Listener at 0.0.0.0/46137] INFO  grpc.GrpcConfigKeys (ConfUtils.java:logGet(46)) - raft.grpc.server.async.request.thread.pool.size = 32 (default)
2023-02-14 08:17:09,474 [Listener at 0.0.0.0/46137] INFO  impl.DataStreamServerImpl (ConfUtils.java:logGet(46)) - raft.datastream.type = DISABLED (default)
2023-02-14 08:17:09,476 [Listener at 0.0.0.0/46137] INFO  server.RaftServerConfigKeys (ConfUtils.java:logGet(46)) - raft.server.threadpool.proxy.cached = true (default)
2023-02-14 08:17:09,477 [Listener at 0.0.0.0/46137] INFO  server.RaftServerConfigKeys (ConfUtils.java:logGet(46)) - raft.server.threadpool.proxy.size = 0 (default)
2023-02-14 08:17:09,477 [Listener at 0.0.0.0/46137] INFO  server.RaftServerConfigKeys (ConfUtils.java:logGet(46)) - raft.server.rpc.slowness.timeout = 120s (custom)
2023-02-14 08:17:09,477 [Listener at 0.0.0.0/46137] INFO  server.RaftServerConfigKeys (ConfUtils.java:logGet(46)) - raft.server.leaderelection.leader.step-down.wait-time = 10s (default)
2023-02-14 08:17:09,480 [Listener at 0.0.0.0/46137] INFO  server.RaftServerConfigKeys (ConfUtils.java:logGet(46)) - raft.server.storage.dir = [/home/runner/work/ozone/ozone/hadoop-ozone/integration-test/target/test-dir/MiniOzoneClusterImpl-b6fac55f-b4cf-4cde-8675-802fd5a9473d/ozone-meta/ratis] (custom)
2023-02-14 08:17:09,488 [Listener at 0.0.0.0/46137] INFO  server.RaftServer (RaftServerProxy.java:addNew(96)) - om1: addNew group-C5BA1605619E:[om1|rpc:localhost:9872|priority:0|startupRole:FOLLOWER] returns group-C5BA1605619E:java.util.concurrent.CompletableFuture@7476c5c2[Not completed]
2023-02-14 08:17:09,488 [Listener at 0.0.0.0/46137] INFO  om.OzoneManager (OzoneManager.java:initializeRatisServer(2080)) - OzoneManager Ratis server initialized at port 9872
2023-02-14 08:17:09,505 [Listener at 0.0.0.0/46137] INFO  om.OzoneManager (OzoneManager.java:getRpcServer(1128)) - Creating RPC Server
2023-02-14 08:17:09,517 [pool-56-thread-1] INFO  server.RaftServer$Division (RaftServerImpl.java:<init>(195)) - om1: new RaftServerImpl for group-C5BA1605619E:[om1|rpc:localhost:9872|priority:0|startupRole:FOLLOWER] with OzoneManagerStateMachine:uninitialized
2023-02-14 08:17:09,521 [pool-56-thread-1] INFO  server.RaftServerConfigKeys (ConfUtils.java:logGet(46)) - raft.server.rpc.timeout.min = 1s (custom)
2023-02-14 08:17:09,521 [pool-56-thread-1] INFO  server.RaftServerConfigKeys (ConfUtils.java:logGet(46)) - raft.server.rpc.timeout.max = 1200ms (custom)
2023-02-14 08:17:09,521 [pool-56-thread-1] INFO  server.RaftServerConfigKeys (ConfUtils.java:logGet(46)) - raft.server.rpc.sleep.time = 25ms (default)
2023-02-14 08:17:09,523 [pool-56-thread-1] INFO  server.RaftServerConfigKeys (ConfUtils.java:logGet(46)) - raft.server.rpc.slowness.timeout = 120s (custom)
2023-02-14 08:17:09,523 [pool-56-thread-1] INFO  server.RaftServerConfigKeys (ConfUtils.java:logGet(46)) - raft.server.leaderelection.leader.step-down.wait-time = 10s (default)
2023-02-14 08:17:09,523 [pool-56-thread-1] INFO  server.RaftServerConfigKeys (ConfUtils.java:logGet(46)) - raft.server.sleep.deviation.threshold = 300ms (default)
2023-02-14 08:17:09,565 [pool-56-thread-1] INFO  server.RaftServer$Division (ServerState.java:<init>(118)) - om1@group-C5BA1605619E: ConfigurationManager, init=-1: peers:[om1|rpc:localhost:9872|priority:0|startupRole:FOLLOWER]|listeners:[], old=null, confs=<EMPTY_MAP>
2023-02-14 08:17:09,565 [pool-56-thread-1] INFO  server.RaftServerConfigKeys (ConfUtils.java:logGet(46)) - raft.server.storage.dir = [/home/runner/work/ozone/ozone/hadoop-ozone/integration-test/target/test-dir/MiniOzoneClusterImpl-b6fac55f-b4cf-4cde-8675-802fd5a9473d/ozone-meta/ratis] (custom)
2023-02-14 08:17:09,569 [pool-56-thread-1] INFO  server.RaftServerConfigKeys (ConfUtils.java:logGet(46)) - raft.server.log.corruption.policy = EXCEPTION (default)
2023-02-14 08:17:09,570 [pool-56-thread-1] INFO  server.RaftServerConfigKeys (ConfUtils.java:logGet(46)) - raft.server.storage.free-space.min = 0MB (=0) (default)
2023-02-14 08:17:09,587 [pool-56-thread-1] INFO  server.RaftServerConfigKeys (ConfUtils.java:logGet(46)) - raft.server.notification.no-leader.timeout = 120s (custom)
2023-02-14 08:17:09,590 [pool-56-thread-1] INFO  server.RaftServerConfigKeys (ConfUtils.java:logGet(46)) - raft.server.retrycache.expirytime = 300s (custom)
2023-02-14 08:17:09,590 [pool-56-thread-1] INFO  server.RaftServerConfigKeys (ConfUtils.java:logGet(46)) - raft.server.retrycache.statistics.expirytime = 100μs (default)
2023-02-14 08:17:09,679 [pool-56-thread-1] INFO  server.RaftServerConfigKeys (ConfUtils.java:logGet(46)) - raft.server.log.appender.install.snapshot.enabled = false (custom)
2023-02-14 08:17:09,679 [pool-56-thread-1] INFO  server.RaftServerConfigKeys (ConfUtils.java:logGet(46)) - raft.server.threadpool.server.cached = true (default)
2023-02-14 08:17:09,679 [pool-56-thread-1] INFO  server.RaftServerConfigKeys (ConfUtils.java:logGet(46)) - raft.server.threadpool.server.size = 0 (default)
2023-02-14 08:17:09,681 [pool-56-thread-1] INFO  server.RaftServerConfigKeys (ConfUtils.java:logGet(46)) - raft.server.threadpool.client.cached = true (default)
2023-02-14 08:17:09,681 [pool-56-thread-1] INFO  server.RaftServerConfigKeys (ConfUtils.java:logGet(46)) - raft.server.threadpool.client.size = 0 (default)
2023-02-14 08:17:10,112 [Listener at 0.0.0.0/46137] INFO  reflections.Reflections (Reflections.java:scan(232)) - Reflections took 526 ms to scan 19 urls, producing 69 keys and 4763 values [using 2 cores]
2023-02-14 08:17:10,419 [Listener at 0.0.0.0/46137] INFO  ipc.CallQueueManager (CallQueueManager.java:<init>(90)) - Using callQueue: class java.util.concurrent.LinkedBlockingQueue, queueCapacity: 2000, scheduler: class org.apache.hadoop.ipc.DefaultRpcScheduler, ipcBackoff: false.
2023-02-14 08:17:10,419 [Socket Reader #1 for port 0] INFO  ipc.Server (Server.java:run(1273)) - Starting Socket Reader #1 for port 0
2023-02-14 08:17:10,444 [Listener at 127.0.0.1/34711] INFO  impl.MetricsSystemImpl (MetricsSystemImpl.java:init(158)) - OzoneManager metrics system started (again)
2023-02-14 08:17:10,456 [Listener at 127.0.0.1/34711] INFO  om.OzoneManager (OzoneManager.java:start(1548)) - OzoneManager RPC server is listening at localhost/127.0.0.1:34711
2023-02-14 08:17:10,456 [Listener at 127.0.0.1/34711] INFO  ratis.OzoneManagerRatisServer (OzoneManagerRatisServer.java:start(555)) - Starting OzoneManagerRatisServer om1 at port 9872
2023-02-14 08:17:10,459 [om1-impl-thread1] INFO  storage.RaftStorageDirectory (RaftStorageDirectoryImpl.java:analyzeStorage(137)) - The storage directory /home/runner/work/ozone/ozone/hadoop-ozone/integration-test/target/test-dir/MiniOzoneClusterImpl-b6fac55f-b4cf-4cde-8675-802fd5a9473d/ozone-meta/ratis/bf265839-605b-3f16-9796-c5ba1605619e does not exist. Creating ...
2023-02-14 08:17:10,462 [om1-impl-thread1] INFO  storage.RaftStorageDirectory (RaftStorageDirectoryImpl.java:tryLock(231)) - Lock on /home/runner/work/ozone/ozone/hadoop-ozone/integration-test/target/test-dir/MiniOzoneClusterImpl-b6fac55f-b4cf-4cde-8675-802fd5a9473d/ozone-meta/ratis/bf265839-605b-3f16-9796-c5ba1605619e/in_use.lock acquired by nodename 11911@fv-az476-382
2023-02-14 08:17:10,467 [om1-impl-thread1] INFO  storage.RaftStorage (RaftStorageImpl.java:format(96)) - Storage directory /home/runner/work/ozone/ozone/hadoop-ozone/integration-test/target/test-dir/MiniOzoneClusterImpl-b6fac55f-b4cf-4cde-8675-802fd5a9473d/ozone-meta/ratis/bf265839-605b-3f16-9796-c5ba1605619e has been successfully formatted.
2023-02-14 08:17:10,468 [om1-impl-thread1] INFO  server.RaftServerConfigKeys (ConfUtils.java:logGet(46)) - raft.server.log.use.memory = false (default)
2023-02-14 08:17:10,475 [om1-impl-thread1] INFO  server.RaftServerConfigKeys (ConfUtils.java:logGet(46)) - raft.server.log.purge.gap = 1000000 (custom)
2023-02-14 08:17:10,475 [om1-impl-thread1] INFO  server.RaftServerConfigKeys (ConfUtils.java:logGet(46)) - raft.server.log.appender.buffer.byte-limit = 33554432 (custom)
2023-02-14 08:17:10,476 [om1-impl-thread1] INFO  server.RaftServerConfigKeys (ConfUtils.java:logGet(46)) - raft.server.log.statemachine.data.read.timeout = 1000ms (default)
2023-02-14 08:17:10,477 [om1-impl-thread1] INFO  server.RaftServerConfigKeys (ConfUtils.java:logGet(46)) - raft.server.log.purge.preservation.log.num = 0 (default)
2023-02-14 08:17:10,479 [om1-impl-thread1] INFO  server.RaftServerConfigKeys (ConfUtils.java:logGet(46)) - raft.server.log.segment.size.max = 4194304 (custom)
2023-02-14 08:17:10,484 [om1-impl-thread1] INFO  server.RaftServerConfigKeys (ConfUtils.java:logGet(46)) - raft.server.log.segment.cache.num.max = 2 (custom)
2023-02-14 08:17:10,484 [om1-impl-thread1] INFO  server.RaftServerConfigKeys (ConfUtils.java:logGet(46)) - raft.server.log.segment.cache.size.max = 200MB (=209715200) (default)
2023-02-14 08:17:10,489 [om1-impl-thread1] INFO  segmented.SegmentedRaftLogWorker (SegmentedRaftLogWorker.java:<init>(189)) - new om1@group-C5BA1605619E-SegmentedRaftLogWorker for RaftStorageImpl:Storage Directory /home/runner/work/ozone/ozone/hadoop-ozone/integration-test/target/test-dir/MiniOzoneClusterImpl-b6fac55f-b4cf-4cde-8675-802fd5a9473d/ozone-meta/ratis/bf265839-605b-3f16-9796-c5ba1605619e
2023-02-14 08:17:10,489 [om1-impl-thread1] INFO  server.RaftServerConfigKeys (ConfUtils.java:logGet(46)) - raft.server.log.queue.byte-limit = 64MB (=67108864) (default)
2023-02-14 08:17:10,490 [om1-impl-thread1] INFO  server.RaftServerConfigKeys (ConfUtils.java:logGet(46)) - raft.server.log.queue.element-limit = 4096 (default)
2023-02-14 08:17:10,491 [om1-impl-thread1] INFO  server.RaftServerConfigKeys (ConfUtils.java:logGet(46)) - raft.server.log.segment.size.max = 4194304 (custom)
2023-02-14 08:17:10,491 [om1-impl-thread1] INFO  server.RaftServerConfigKeys (ConfUtils.java:logGet(46)) - raft.server.log.preallocated.size = 4194304 (custom)
2023-02-14 08:17:10,491 [om1-impl-thread1] INFO  server.RaftServerConfigKeys (ConfUtils.java:logGet(46)) - raft.server.log.force.sync.num = 128 (default)
2023-02-14 08:17:10,492 [om1-impl-thread1] INFO  server.RaftServerConfigKeys (ConfUtils.java:logGet(46)) - raft.server.log.statemachine.data.sync = true (default)
2023-02-14 08:17:10,492 [om1-impl-thread1] INFO  server.RaftServerConfigKeys (ConfUtils.java:logGet(46)) - raft.server.log.statemachine.data.sync.timeout = 10s (default)
2023-02-14 08:17:10,492 [om1-impl-thread1] INFO  server.RaftServerConfigKeys (ConfUtils.java:logGet(46)) - raft.server.log.statemachine.data.sync.timeout.retry = -1 (default)
2023-02-14 08:17:10,499 [om1-impl-thread1] INFO  server.RaftServerConfigKeys (ConfUtils.java:logGet(46)) - raft.server.log.write.buffer.size = 64KB (=65536) (default)
2023-02-14 08:17:10,499 [om1-impl-thread1] INFO  server.RaftServerConfigKeys (ConfUtils.java:logGet(46)) - raft.server.log.appender.buffer.byte-limit = 33554432 (custom)
2023-02-14 08:17:10,502 [om1-impl-thread1] INFO  server.RaftServerConfigKeys (ConfUtils.java:logGet(46)) - raft.server.log.unsafe-flush.enabled = false (default)
2023-02-14 08:17:10,502 [om1-impl-thread1] INFO  server.RaftServerConfigKeys (ConfUtils.java:logGet(46)) - raft.server.log.async-flush.enabled = false (default)
2023-02-14 08:17:10,503 [om1-impl-thread1] INFO  server.RaftServerConfigKeys (ConfUtils.java:logGet(46)) - raft.server.log.statemachine.data.caching.enabled = false (default)
2023-02-14 08:17:10,508 [om1-impl-thread1] INFO  segmented.SegmentedRaftLogWorker (SegmentedRaftLogWorker.java:lambda$new$0(135)) - om1@group-C5BA1605619E-SegmentedRaftLogWorker: flushIndex: setUnconditionally 0 -> -1
2023-02-14 08:17:10,508 [om1-impl-thread1] INFO  segmented.SegmentedRaftLogWorker (SegmentedRaftLogWorker.java:lambda$new$0(135)) - om1@group-C5BA1605619E-SegmentedRaftLogWorker: safeCacheEvictIndex: setUnconditionally 0 -> -1
2023-02-14 08:17:10,511 [om1-impl-thread1] INFO  server.RaftServer$Division (RaftServerImpl.java:start(334)) - om1@group-C5BA1605619E: start as a follower, conf=-1: peers:[om1|rpc:localhost:9872|priority:0|startupRole:FOLLOWER]|listeners:[], old=null
2023-02-14 08:17:10,513 [om1-impl-thread1] INFO  server.RaftServer$Division (RaftServerImpl.java:setRole(321)) - om1@group-C5BA1605619E: changes role from      null to FOLLOWER at term 0 for startAsFollower
2023-02-14 08:17:10,515 [om1-impl-thread1] INFO  impl.RoleInfo (RoleInfo.java:updateAndGet(139)) - om1: start om1@group-C5BA1605619E-FollowerState
2023-02-14 08:17:10,515 [om1@group-C5BA1605619E-FollowerState] INFO  server.RaftServerConfigKeys (ConfUtils.java:logFallback(53)) - raft.server.rpc.first-election.timeout.min = 1s (fallback to raft.server.rpc.timeout.min)
2023-02-14 08:17:10,515 [om1@group-C5BA1605619E-FollowerState] INFO  server.RaftServerConfigKeys (ConfUtils.java:logFallback(53)) - raft.server.rpc.first-election.timeout.max = 1200ms (fallback to raft.server.rpc.timeout.max)
2023-02-14 08:17:10,516 [om1-impl-thread1] INFO  util.JmxRegister (JmxRegister.java:tryRegister(44)) - Successfully registered JMX Bean with object name Ratis:service=RaftServer,group=group-C5BA1605619E,id=om1
2023-02-14 08:17:10,518 [om1-impl-thread1] INFO  server.RaftServerConfigKeys (ConfUtils.java:logGet(46)) - raft.server.snapshot.auto.trigger.enabled = true (custom)
2023-02-14 08:17:10,519 [om1-impl-thread1] INFO  server.RaftServerConfigKeys (ConfUtils.java:logGet(46)) - raft.server.snapshot.auto.trigger.threshold = 400000 (default)
2023-02-14 08:17:10,519 [om1-impl-thread1] INFO  server.RaftServerConfigKeys (ConfUtils.java:logGet(46)) - raft.server.snapshot.retention.file.num = -1 (default)
2023-02-14 08:17:10,520 [om1-impl-thread1] INFO  server.RaftServerConfigKeys (ConfUtils.java:logGet(46)) - raft.server.log.purge.upto.snapshot.index = true (custom)
2023-02-14 08:17:10,522 [Listener at 127.0.0.1/34711] INFO  server.RaftServer (RaftServerProxy.java:startImpl(393)) - om1: start RPC server
2023-02-14 08:17:10,565 [Listener at 127.0.0.1/34711] INFO  server.GrpcService (GrpcService.java:startImpl(262)) - om1: GrpcService started, listening on 9872
2023-02-14 08:17:10,566 [Listener at 127.0.0.1/34711] INFO  om.OzoneManager (OzoneManager.java:start(1564)) - Version File has different layout version (3) than OM DB (null). That is expected if this OM has never been finalized to a newer layout version.
2023-02-14 08:17:10,568 [JvmPauseMonitor0] INFO  util.JvmPauseMonitor (JvmPauseMonitor.java:run(105)) - JvmPauseMonitor-om1: Started
2023-02-14 08:17:10,578 [Listener at 127.0.0.1/34711] INFO  http.BaseHttpServer (BaseHttpServer.java:newHttpServer2BuilderForOzone(213)) - Starting Web-server for ozoneManager at: http://0.0.0.0:0
2023-02-14 08:17:10,578 [Listener at 127.0.0.1/34711] INFO  http.BaseHttpServer (BaseHttpServer.java:<init>(108)) - Hadoop Security Enabled: false Ozone Security Enabled: false Ozone HTTP Security Enabled: false 
2023-02-14 08:17:10,579 [Listener at 127.0.0.1/34711] WARN  server.AuthenticationFilter (AuthenticationFilter.java:constructSecretProvider(240)) - Unable to initialize FileSignerSecretProvider, falling back to use random secrets. Reason: Could not read signature secret file: /home/runner/hadoop-http-auth-signature-secret
2023-02-14 08:17:10,581 [Listener at 127.0.0.1/34711] WARN  http.HttpRequestLog (HttpRequestLog.java:getRequestLog(103)) - Jetty request log can only be enabled using Log4j
2023-02-14 08:17:10,584 [Listener at 127.0.0.1/34711] INFO  http.HttpServer2 (HttpServer2.java:addGlobalFilter(1031)) - Added global filter 'safety' (class=org.apache.hadoop.hdds.server.http.HttpServer2$QuotingInputFilter)
2023-02-14 08:17:10,585 [Listener at 127.0.0.1/34711] INFO  http.HttpServer2 (HttpServer2.java:addFilter(1007)) - Added filter static_user_filter (class=org.apache.hadoop.http.lib.StaticUserWebFilter$StaticUserFilter) to context ozoneManager
2023-02-14 08:17:10,585 [Listener at 127.0.0.1/34711] INFO  http.HttpServer2 (HttpServer2.java:addFilter(1015)) - Added filter static_user_filter (class=org.apache.hadoop.http.lib.StaticUserWebFilter$StaticUserFilter) to context static
2023-02-14 08:17:10,586 [Listener at 127.0.0.1/34711] INFO  http.HttpServer2 (HttpServer2.java:addFilter(1015)) - Added filter static_user_filter (class=org.apache.hadoop.http.lib.StaticUserWebFilter$StaticUserFilter) to context logs
2023-02-14 08:17:10,591 [Listener at 127.0.0.1/34711] INFO  http.HttpServer2 (HttpServer2.java:bindListener(1250)) - Jetty bound to port 37453
2023-02-14 08:17:10,591 [Listener at 127.0.0.1/34711] INFO  server.Server (Server.java:doStart(375)) - jetty-9.4.49.v20220914; built: 2022-09-14T01:07:36.601Z; git: 4231a3b2e4cb8548a412a789936d640a97b1aa0a; jvm 1.8.0_362-b09
2023-02-14 08:17:10,593 [Listener at 127.0.0.1/34711] INFO  server.session (DefaultSessionIdManager.java:doStart(334)) - DefaultSessionIdManager workerName=node0
2023-02-14 08:17:10,593 [Listener at 127.0.0.1/34711] INFO  server.session (DefaultSessionIdManager.java:doStart(339)) - No SessionScavenger set, using defaults
2023-02-14 08:17:10,593 [Listener at 127.0.0.1/34711] INFO  server.session (HouseKeeper.java:startScavenging(132)) - node0 Scavenging every 600000ms
2023-02-14 08:17:10,594 [Listener at 127.0.0.1/34711] INFO  handler.ContextHandler (ContextHandler.java:doStart(921)) - Started o.e.j.s.ServletContextHandler@7b86bf7c{logs,/logs,file:///home/runner/work/ozone/ozone/hadoop-ozone/integration-test/target/log,AVAILABLE}
2023-02-14 08:17:10,595 [Listener at 127.0.0.1/34711] INFO  handler.ContextHandler (ContextHandler.java:doStart(921)) - Started o.e.j.s.ServletContextHandler@68996698{static,/static,file:///home/runner/work/ozone/ozone/hadoop-ozone/integration-test/target/test-classes/webapps/static,AVAILABLE}
2023-02-14 08:17:10,599 [Listener at 127.0.0.1/34711] INFO  handler.ContextHandler (ContextHandler.java:doStart(921)) - Started o.e.j.w.WebAppContext@2ce33999{ozoneManager,/,file:///home/runner/work/ozone/ozone/hadoop-ozone/integration-test/target/test-classes/webapps/ozoneManager/,AVAILABLE}{file:/home/runner/work/ozone/ozone/hadoop-ozone/integration-test/target/test-classes/webapps/ozoneManager}
2023-02-14 08:17:10,601 [Listener at 127.0.0.1/34711] INFO  server.AbstractConnector (AbstractConnector.java:doStart(333)) - Started ServerConnector@2efe360c{HTTP/1.1, (http/1.1)}{0.0.0.0:37453}
2023-02-14 08:17:10,602 [Listener at 127.0.0.1/34711] INFO  server.Server (Server.java:doStart(415)) - Started @6678ms
2023-02-14 08:17:10,602 [Listener at 127.0.0.1/34711] WARN  impl.MetricsSystemImpl (MetricsSystemImpl.java:register(279)) - Sink prometheus already exists!
2023-02-14 08:17:10,602 [Listener at 127.0.0.1/34711] INFO  http.BaseHttpServer (BaseHttpServer.java:updateConnectorAddress(333)) - HTTP server of ozoneManager listening at http://0.0.0.0:37453
2023-02-14 08:17:10,606 [IPC Server Responder] INFO  ipc.Server (Server.java:run(1512)) - IPC Server Responder: starting
2023-02-14 08:17:10,608 [IPC Server listener on 0] INFO  ipc.Server (Server.java:run(1352)) - IPC Server listener on 0: starting
2023-02-14 08:17:10,652 [Listener at 127.0.0.1/34711] INFO  om.TrashPolicyOzone (TrashPolicyOzone.java:<init>(277)) - Ozone Manager trash configuration: Deletion interval = 0 minutes, Emptier interval = 0 minutes.
2023-02-14 08:17:10,663 [org.apache.hadoop.util.JvmPauseMonitor$Monitor@10ed3435] INFO  util.JvmPauseMonitor (JvmPauseMonitor.java:run(188)) - Starting JVM pause monitor
2023-02-14 08:17:10,781 [Listener at 127.0.0.1/34711] WARN  impl.MetricRegistriesImpl (MetricRegistriesImpl.java:addReporterRegistration(111)) - New reporters are added after registries were created. Some metrics will be missing from the reporter. Please add reporter before adding any new registry.
2023-02-14 08:17:10,782 [Listener at 127.0.0.1/34711] WARN  impl.MetricRegistriesImpl (MetricRegistriesImpl.java:addReporterRegistration(111)) - New reporters are added after registries were created. Some metrics will be missing from the reporter. Please add reporter before adding any new registry.
2023-02-14 08:17:10,782 [Listener at 127.0.0.1/34711] INFO  impl.MetricsSystemImpl (MetricsSystemImpl.java:init(158)) - HddsDatanode metrics system started (again)
2023-02-14 08:17:10,797 [Listener at 127.0.0.1/34711] INFO  ozone.HddsDatanodeService (HddsDatanodeService.java:start(228)) - HddsDatanodeService host:fv-az476-382.2mevl5kwmm3ezivwarakluutxb.phxx.internal.cloudapp.net ip:10.1.0.19
2023-02-14 08:17:10,820 [Listener at 127.0.0.1/34711] INFO  upgrade.AbstractLayoutVersionManager (AbstractLayoutVersionManager.java:init(83)) - Initializing Layout version manager with metadata layout = DATANODE_SCHEMA_V3 (version = 4), software layout = DATANODE_SCHEMA_V3 (version = 4)
2023-02-14 08:17:10,870 [Listener at 127.0.0.1/34711] INFO  reflections.Reflections (Reflections.java:scan(232)) - Reflections took 49 ms to scan 7 urls, producing 150 keys and 363 values 
2023-02-14 08:17:10,874 [Listener at 127.0.0.1/34711] INFO  statemachine.DatanodeStateMachine (DatanodeStateMachine.java:getEndPointTaskThreadPoolSize(260)) - Datanode State Machine Task Thread Pool size 2
2023-02-14 08:17:10,923 [Listener at 127.0.0.1/34711] INFO  volume.HddsVolume (HddsVolume.java:<init>(122)) - Creating HddsVolume: /home/runner/work/ozone/ozone/hadoop-ozone/integration-test/target/test-dir/MiniOzoneClusterImpl-b6fac55f-b4cf-4cde-8675-802fd5a9473d/datanode-0/data-0/containers/hdds of storage type : DISK capacity : 9223372036854775807
2023-02-14 08:17:10,925 [Listener at 127.0.0.1/34711] INFO  volume.MutableVolumeSet (MutableVolumeSet.java:initializeVolumeSet(174)) - Added Volume : /home/runner/work/ozone/ozone/hadoop-ozone/integration-test/target/test-dir/MiniOzoneClusterImpl-b6fac55f-b4cf-4cde-8675-802fd5a9473d/datanode-0/data-0/containers/hdds to VolumeSet
2023-02-14 08:17:10,926 [Listener at 127.0.0.1/34711] INFO  volume.ThrottledAsyncChecker (ThrottledAsyncChecker.java:schedule(141)) - Scheduling a check for /home/runner/work/ozone/ozone/hadoop-ozone/integration-test/target/test-dir/MiniOzoneClusterImpl-b6fac55f-b4cf-4cde-8675-802fd5a9473d/datanode-0/data-0/containers/hdds
2023-02-14 08:17:10,939 [Listener at 127.0.0.1/34711] INFO  volume.StorageVolumeChecker (StorageVolumeChecker.java:checkAllVolumes(202)) - Scheduled health check for volume /home/runner/work/ozone/ozone/hadoop-ozone/integration-test/target/test-dir/MiniOzoneClusterImpl-b6fac55f-b4cf-4cde-8675-802fd5a9473d/datanode-0/data-0/containers/hdds
2023-02-14 08:17:10,959 [Listener at 127.0.0.1/34711] INFO  volume.MutableVolumeSet (MutableVolumeSet.java:initializeVolumeSet(174)) - Added Volume : /home/runner/work/ozone/ozone/hadoop-ozone/integration-test/target/test-dir/MiniOzoneClusterImpl-b6fac55f-b4cf-4cde-8675-802fd5a9473d/datanode-0/data/ratis to VolumeSet
2023-02-14 08:17:10,959 [Listener at 127.0.0.1/34711] INFO  volume.ThrottledAsyncChecker (ThrottledAsyncChecker.java:schedule(141)) - Scheduling a check for /home/runner/work/ozone/ozone/hadoop-ozone/integration-test/target/test-dir/MiniOzoneClusterImpl-b6fac55f-b4cf-4cde-8675-802fd5a9473d/datanode-0/data/ratis
2023-02-14 08:17:10,959 [Listener at 127.0.0.1/34711] INFO  volume.StorageVolumeChecker (StorageVolumeChecker.java:checkAllVolumes(202)) - Scheduled health check for volume /home/runner/work/ozone/ozone/hadoop-ozone/integration-test/target/test-dir/MiniOzoneClusterImpl-b6fac55f-b4cf-4cde-8675-802fd5a9473d/datanode-0/data/ratis
2023-02-14 08:17:10,981 [Thread-136] INFO  ozoneimpl.ContainerReader (ContainerReader.java:readVolume(175)) - Finish verifying containers on volume /home/runner/work/ozone/ozone/hadoop-ozone/integration-test/target/test-dir/MiniOzoneClusterImpl-b6fac55f-b4cf-4cde-8675-802fd5a9473d/datanode-0/data-0/containers/hdds
2023-02-14 08:17:10,981 [Listener at 127.0.0.1/34711] INFO  ozoneimpl.OzoneContainer (OzoneContainer.java:buildContainerSet(304)) - Build ContainerSet costs 0s
2023-02-14 08:17:11,025 [Listener at 127.0.0.1/34711] INFO  audit.AuditLogger (AuditLogger.java:refreshDebugCmdSet(126)) - Refresh DebugCmdSet for DNAudit to [].
2023-02-14 08:17:11,051 [Listener at 127.0.0.1/34711] INFO  server.RaftServer (ConfUtils.java:logGet(46)) - raft.rpc.type = GRPC (default)
2023-02-14 08:17:11,052 [Listener at 127.0.0.1/34711] INFO  grpc.GrpcConfigKeys (ConfUtils.java:logFallback(53)) - raft.grpc.admin.host = null (fallback to raft.grpc.server.host)
2023-02-14 08:17:11,052 [Listener at 127.0.0.1/34711] INFO  grpc.GrpcConfigKeys (ConfUtils.java:logGet(46)) - raft.grpc.admin.port = 0 (custom)
2023-02-14 08:17:11,052 [Listener at 127.0.0.1/34711] INFO  grpc.GrpcConfigKeys (ConfUtils.java:logFallback(53)) - raft.grpc.client.host = null (fallback to raft.grpc.server.host)
2023-02-14 08:17:11,052 [Listener at 127.0.0.1/34711] INFO  grpc.GrpcConfigKeys (ConfUtils.java:logGet(46)) - raft.grpc.client.port = 0 (custom)
2023-02-14 08:17:11,052 [Listener at 127.0.0.1/34711] INFO  grpc.GrpcConfigKeys (ConfUtils.java:logGet(46)) - raft.grpc.server.host = null (default)
2023-02-14 08:17:11,053 [Listener at 127.0.0.1/34711] INFO  grpc.GrpcConfigKeys (ConfUtils.java:logGet(46)) - raft.grpc.server.port = 0 (default)
2023-02-14 08:17:11,053 [Listener at 127.0.0.1/34711] INFO  server.GrpcService (ConfUtils.java:logGet(46)) - raft.grpc.message.size.max = 32MB (=33554432) (custom)
2023-02-14 08:17:11,053 [Listener at 127.0.0.1/34711] INFO  server.RaftServerConfigKeys (ConfUtils.java:logGet(46)) - raft.server.log.appender.buffer.byte-limit = 33554432 (custom)
2023-02-14 08:17:11,053 [Listener at 127.0.0.1/34711] INFO  server.GrpcService (ConfUtils.java:logGet(46)) - raft.grpc.flow.control.window = 5MB (=5242880) (custom)
2023-02-14 08:17:11,053 [Listener at 127.0.0.1/34711] INFO  server.RaftServerConfigKeys (ConfUtils.java:logGet(46)) - raft.server.rpc.request.timeout = 60s (custom)
2023-02-14 08:17:11,053 [Listener at 127.0.0.1/34711] INFO  grpc.GrpcConfigKeys (ConfUtils.java:logGet(46)) - raft.grpc.server.heartbeat.channel = true (default)
2023-02-14 08:17:11,053 [Listener at 127.0.0.1/34711] INFO  grpc.GrpcConfigKeys (ConfUtils.java:logGet(46)) - raft.grpc.server.async.request.thread.pool.cached = true (default)
2023-02-14 08:17:11,054 [Listener at 127.0.0.1/34711] INFO  grpc.GrpcConfigKeys (ConfUtils.java:logGet(46)) - raft.grpc.server.async.request.thread.pool.size = 32 (default)
2023-02-14 08:17:11,055 [Listener at 127.0.0.1/34711] INFO  impl.DataStreamServerImpl (ConfUtils.java:logGet(46)) - raft.datastream.type = NETTY (custom)
2023-02-14 08:17:11,063 [Listener at 127.0.0.1/34711] INFO  server.RaftServerConfigKeys (ConfUtils.java:logGet(46)) - raft.server.data-stream.async.request.thread.pool.cached = false (default)
2023-02-14 08:17:11,063 [Listener at 127.0.0.1/34711] INFO  server.RaftServerConfigKeys (ConfUtils.java:logGet(46)) - raft.server.data-stream.async.request.thread.pool.size = 20 (custom)
2023-02-14 08:17:11,063 [Listener at 127.0.0.1/34711] INFO  server.RaftServerConfigKeys (ConfUtils.java:logGet(46)) - raft.server.data-stream.async.write.thread.pool.size = 16 (default)
2023-02-14 08:17:11,064 [Listener at 127.0.0.1/34711] INFO  server.RaftServerConfigKeys (ConfUtils.java:logGet(46)) - raft.server.data-stream.client.pool.size = 10 (default)
2023-02-14 08:17:11,066 [Listener at 127.0.0.1/34711] INFO  netty.NettyConfigKeys$DataStream (ConfUtils.java:logGet(46)) - raft.netty.dataStream.server.use-epoll = false (default)
2023-02-14 08:17:11,067 [Listener at 127.0.0.1/34711] INFO  netty.NettyConfigKeys$DataStream (ConfUtils.java:logGet(46)) - raft.netty.dataStream.server.boss-group.size = 0 (default)
2023-02-14 08:17:11,072 [Listener at 127.0.0.1/34711] INFO  netty.NettyConfigKeys$DataStream (ConfUtils.java:logGet(46)) - raft.netty.dataStream.server.worker-group.size = 0 (default)
2023-02-14 08:17:11,073 [Listener at 127.0.0.1/34711] INFO  netty.NettyConfigKeys$DataStream (ConfUtils.java:logGet(46)) - raft.netty.dataStream.server.tls.conf = null (default)
2023-02-14 08:17:11,074 [Listener at 127.0.0.1/34711] INFO  netty.NettyConfigKeys$DataStream (ConfUtils.java:logGet(46)) - raft.netty.dataStream.host = null (default)
2023-02-14 08:17:11,075 [Listener at 127.0.0.1/34711] INFO  netty.NettyConfigKeys$DataStream (ConfUtils.java:logGet(46)) - raft.netty.dataStream.port = 0 (default)
2023-02-14 08:17:11,083 [Listener at 127.0.0.1/34711] INFO  server.RaftServerConfigKeys (ConfUtils.java:logGet(46)) - raft.server.threadpool.proxy.cached = true (default)
2023-02-14 08:17:11,083 [Listener at 127.0.0.1/34711] INFO  server.RaftServerConfigKeys (ConfUtils.java:logGet(46)) - raft.server.threadpool.proxy.size = 0 (default)
2023-02-14 08:17:11,083 [Listener at 127.0.0.1/34711] INFO  server.RaftServerConfigKeys (ConfUtils.java:logGet(46)) - raft.server.rpc.slowness.timeout = 300s (custom)
2023-02-14 08:17:11,083 [Listener at 127.0.0.1/34711] INFO  server.RaftServerConfigKeys (ConfUtils.java:logGet(46)) - raft.server.leaderelection.leader.step-down.wait-time = 10s (default)
2023-02-14 08:17:11,083 [Listener at 127.0.0.1/34711] INFO  server.RaftServerConfigKeys (ConfUtils.java:logGet(46)) - raft.server.storage.dir = [/home/runner/work/ozone/ozone/hadoop-ozone/integration-test/target/test-dir/MiniOzoneClusterImpl-b6fac55f-b4cf-4cde-8675-802fd5a9473d/datanode-0/data/ratis] (custom)
2023-02-14 08:17:11,108 [f91196cd-4755-4cf6-996a-4ead370c0744-NettyServerStreamRpc-bossGroup--thread1] INFO  logging.LoggingHandler (AbstractInternalLogger.java:log(148)) - [id: 0xcde44fe3] REGISTERED
2023-02-14 08:17:11,109 [f91196cd-4755-4cf6-996a-4ead370c0744-NettyServerStreamRpc-bossGroup--thread1] INFO  logging.LoggingHandler (AbstractInternalLogger.java:log(148)) - [id: 0xcde44fe3] BIND: 0.0.0.0/0.0.0.0:0
2023-02-14 08:17:11,110 [f91196cd-4755-4cf6-996a-4ead370c0744-NettyServerStreamRpc-bossGroup--thread1] INFO  logging.LoggingHandler (AbstractInternalLogger.java:log(148)) - [id: 0xcde44fe3, L:/0:0:0:0:0:0:0:0:38337] ACTIVE
2023-02-14 08:17:11,118 [Listener at 127.0.0.1/34711] INFO  server.XceiverServerGrpc (XceiverServerGrpc.java:<init>(132)) - GrpcServer channel type EpollServerSocketChannel
2023-02-14 08:17:11,182 [Listener at 127.0.0.1/34711] INFO  http.BaseHttpServer (BaseHttpServer.java:newHttpServer2BuilderForOzone(213)) - Starting Web-server for hddsDatanode at: http://0.0.0.0:0
2023-02-14 08:17:11,182 [Listener at 127.0.0.1/34711] INFO  http.BaseHttpServer (BaseHttpServer.java:<init>(108)) - Hadoop Security Enabled: false Ozone Security Enabled: false Ozone HTTP Security Enabled: false 
2023-02-14 08:17:11,183 [Listener at 127.0.0.1/34711] WARN  server.AuthenticationFilter (AuthenticationFilter.java:constructSecretProvider(240)) - Unable to initialize FileSignerSecretProvider, falling back to use random secrets. Reason: Could not read signature secret file: /home/runner/hadoop-http-auth-signature-secret
2023-02-14 08:17:11,184 [Listener at 127.0.0.1/34711] WARN  http.HttpRequestLog (HttpRequestLog.java:getRequestLog(103)) - Jetty request log can only be enabled using Log4j
2023-02-14 08:17:11,185 [Listener at 127.0.0.1/34711] INFO  http.HttpServer2 (HttpServer2.java:addGlobalFilter(1031)) - Added global filter 'safety' (class=org.apache.hadoop.hdds.server.http.HttpServer2$QuotingInputFilter)
2023-02-14 08:17:11,186 [Listener at 127.0.0.1/34711] INFO  http.HttpServer2 (HttpServer2.java:addFilter(1007)) - Added filter static_user_filter (class=org.apache.hadoop.http.lib.StaticUserWebFilter$StaticUserFilter) to context hddsDatanode
2023-02-14 08:17:11,186 [Listener at 127.0.0.1/34711] INFO  http.HttpServer2 (HttpServer2.java:addFilter(1015)) - Added filter static_user_filter (class=org.apache.hadoop.http.lib.StaticUserWebFilter$StaticUserFilter) to context static
2023-02-14 08:17:11,186 [Listener at 127.0.0.1/34711] INFO  http.HttpServer2 (HttpServer2.java:addFilter(1015)) - Added filter static_user_filter (class=org.apache.hadoop.http.lib.StaticUserWebFilter$StaticUserFilter) to context logs
2023-02-14 08:17:11,187 [Listener at 127.0.0.1/34711] INFO  http.HttpServer2 (HttpServer2.java:bindListener(1250)) - Jetty bound to port 39699
2023-02-14 08:17:11,187 [Listener at 127.0.0.1/34711] INFO  server.Server (Server.java:doStart(375)) - jetty-9.4.49.v20220914; built: 2022-09-14T01:07:36.601Z; git: 4231a3b2e4cb8548a412a789936d640a97b1aa0a; jvm 1.8.0_362-b09
2023-02-14 08:17:11,190 [Listener at 127.0.0.1/34711] INFO  server.session (DefaultSessionIdManager.java:doStart(334)) - DefaultSessionIdManager workerName=node0
2023-02-14 08:17:11,190 [Listener at 127.0.0.1/34711] INFO  server.session (DefaultSessionIdManager.java:doStart(339)) - No SessionScavenger set, using defaults
2023-02-14 08:17:11,191 [Listener at 127.0.0.1/34711] INFO  server.session (HouseKeeper.java:startScavenging(132)) - node0 Scavenging every 660000ms
2023-02-14 08:17:11,192 [Listener at 127.0.0.1/34711] INFO  handler.ContextHandler (ContextHandler.java:doStart(921)) - Started o.e.j.s.ServletContextHandler@26a04ce7{logs,/logs,file:///home/runner/work/ozone/ozone/hadoop-ozone/integration-test/target/log,AVAILABLE}
2023-02-14 08:17:11,192 [Listener at 127.0.0.1/34711] INFO  handler.ContextHandler (ContextHandler.java:doStart(921)) - Started o.e.j.s.ServletContextHandler@7c018b33{static,/static,jar:file:/home/runner/.m2/repository/org/apache/ozone/hdds-container-service/1.4.0-SNAPSHOT/hdds-container-service-1.4.0-SNAPSHOT.jar!/webapps/static,AVAILABLE}
2023-02-14 08:17:11,424 [Listener at 127.0.0.1/34711] INFO  handler.ContextHandler (ContextHandler.java:doStart(921)) - Started o.e.j.w.WebAppContext@7a9b56b2{hddsDatanode,/,file:///tmp/jetty-0_0_0_0-39699-hdds-container-service-1_4_0-SNAPSHOT_jar-_-any-5287867119156612062/webapp/,AVAILABLE}{jar:file:/home/runner/.m2/repository/org/apache/ozone/hdds-container-service/1.4.0-SNAPSHOT/hdds-container-service-1.4.0-SNAPSHOT.jar!/webapps/hddsDatanode}
2023-02-14 08:17:11,427 [Listener at 127.0.0.1/34711] INFO  server.AbstractConnector (AbstractConnector.java:doStart(333)) - Started ServerConnector@2a97559f{HTTP/1.1, (http/1.1)}{0.0.0.0:39699}
2023-02-14 08:17:11,431 [Listener at 127.0.0.1/34711] INFO  server.Server (Server.java:doStart(415)) - Started @7507ms
2023-02-14 08:17:11,431 [Listener at 127.0.0.1/34711] WARN  impl.MetricsSystemImpl (MetricsSystemImpl.java:register(279)) - Sink prometheus already exists!
2023-02-14 08:17:11,432 [Listener at 127.0.0.1/34711] INFO  http.BaseHttpServer (BaseHttpServer.java:updateConnectorAddress(333)) - HTTP server of hddsDatanode listening at http://0.0.0.0:39699
2023-02-14 08:17:11,435 [Listener at 127.0.0.1/34711] WARN  impl.MetricRegistriesImpl (MetricRegistriesImpl.java:addReporterRegistration(111)) - New reporters are added after registries were created. Some metrics will be missing from the reporter. Please add reporter before adding any new registry.
2023-02-14 08:17:11,435 [Listener at 127.0.0.1/34711] WARN  impl.MetricRegistriesImpl (MetricRegistriesImpl.java:addReporterRegistration(111)) - New reporters are added after registries were created. Some metrics will be missing from the reporter. Please add reporter before adding any new registry.
2023-02-14 08:17:11,435 [Listener at 127.0.0.1/34711] INFO  impl.MetricsSystemImpl (MetricsSystemImpl.java:init(158)) - HddsDatanode metrics system started (again)
2023-02-14 08:17:11,440 [Datanode State Machine Daemon Thread] INFO  statemachine.DatanodeStateMachine (DatanodeStateMachine.java:lambda$startDaemon$0(516)) - Ozone container server started.
2023-02-14 08:17:11,458 [Listener at 127.0.0.1/34711] INFO  ozone.HddsDatanodeService (HddsDatanodeService.java:start(228)) - HddsDatanodeService host:fv-az476-382.2mevl5kwmm3ezivwarakluutxb.phxx.internal.cloudapp.net ip:10.1.0.19
2023-02-14 08:17:11,465 [org.apache.hadoop.util.JvmPauseMonitor$Monitor@4d24588f] INFO  util.JvmPauseMonitor (JvmPauseMonitor.java:run(188)) - Starting JVM pause monitor
2023-02-14 08:17:11,515 [Listener at 127.0.0.1/34711] INFO  upgrade.AbstractLayoutVersionManager (AbstractLayoutVersionManager.java:init(83)) - Initializing Layout version manager with metadata layout = DATANODE_SCHEMA_V3 (version = 4), software layout = DATANODE_SCHEMA_V3 (version = 4)
2023-02-14 08:17:11,619 [Datanode State Machine Task Thread - 0] INFO  datanode.InitDatanodeState (InitDatanodeState.java:persistContainerDatanodeDetails(138)) - DatanodeDetails is persisted to /home/runner/work/ozone/ozone/hadoop-ozone/integration-test/target/test-dir/MiniOzoneClusterImpl-b6fac55f-b4cf-4cde-8675-802fd5a9473d/datanode-0/meta/datanode.id
2023-02-14 08:17:11,624 [Listener at 127.0.0.1/34711] INFO  reflections.Reflections (Reflections.java:scan(232)) - Reflections took 108 ms to scan 7 urls, producing 150 keys and 363 values 
2023-02-14 08:17:11,625 [Listener at 127.0.0.1/34711] INFO  statemachine.DatanodeStateMachine (DatanodeStateMachine.java:getEndPointTaskThreadPoolSize(260)) - Datanode State Machine Task Thread Pool size 2
2023-02-14 08:17:11,628 [Listener at 127.0.0.1/34711] INFO  volume.HddsVolume (HddsVolume.java:<init>(122)) - Creating HddsVolume: /home/runner/work/ozone/ozone/hadoop-ozone/integration-test/target/test-dir/MiniOzoneClusterImpl-b6fac55f-b4cf-4cde-8675-802fd5a9473d/datanode-1/data-0/containers/hdds of storage type : DISK capacity : 9223372036854775807
2023-02-14 08:17:11,628 [Listener at 127.0.0.1/34711] INFO  volume.MutableVolumeSet (MutableVolumeSet.java:initializeVolumeSet(174)) - Added Volume : /home/runner/work/ozone/ozone/hadoop-ozone/integration-test/target/test-dir/MiniOzoneClusterImpl-b6fac55f-b4cf-4cde-8675-802fd5a9473d/datanode-1/data-0/containers/hdds to VolumeSet
2023-02-14 08:17:11,628 [Listener at 127.0.0.1/34711] INFO  volume.ThrottledAsyncChecker (ThrottledAsyncChecker.java:schedule(141)) - Scheduling a check for /home/runner/work/ozone/ozone/hadoop-ozone/integration-test/target/test-dir/MiniOzoneClusterImpl-b6fac55f-b4cf-4cde-8675-802fd5a9473d/datanode-1/data-0/containers/hdds
2023-02-14 08:17:11,630 [Listener at 127.0.0.1/34711] INFO  volume.StorageVolumeChecker (StorageVolumeChecker.java:checkAllVolumes(202)) - Scheduled health check for volume /home/runner/work/ozone/ozone/hadoop-ozone/integration-test/target/test-dir/MiniOzoneClusterImpl-b6fac55f-b4cf-4cde-8675-802fd5a9473d/datanode-1/data-0/containers/hdds
2023-02-14 08:17:11,642 [Listener at 127.0.0.1/34711] INFO  volume.MutableVolumeSet (MutableVolumeSet.java:initializeVolumeSet(174)) - Added Volume : /home/runner/work/ozone/ozone/hadoop-ozone/integration-test/target/test-dir/MiniOzoneClusterImpl-b6fac55f-b4cf-4cde-8675-802fd5a9473d/datanode-1/data/ratis to VolumeSet
2023-02-14 08:17:11,642 [Listener at 127.0.0.1/34711] INFO  volume.ThrottledAsyncChecker (ThrottledAsyncChecker.java:schedule(141)) - Scheduling a check for /home/runner/work/ozone/ozone/hadoop-ozone/integration-test/target/test-dir/MiniOzoneClusterImpl-b6fac55f-b4cf-4cde-8675-802fd5a9473d/datanode-1/data/ratis
2023-02-14 08:17:11,642 [Listener at 127.0.0.1/34711] INFO  volume.StorageVolumeChecker (StorageVolumeChecker.java:checkAllVolumes(202)) - Scheduled health check for volume /home/runner/work/ozone/ozone/hadoop-ozone/integration-test/target/test-dir/MiniOzoneClusterImpl-b6fac55f-b4cf-4cde-8675-802fd5a9473d/datanode-1/data/ratis
2023-02-14 08:17:11,653 [Thread-150] INFO  ozoneimpl.ContainerReader (ContainerReader.java:readVolume(175)) - Finish verifying containers on volume /home/runner/work/ozone/ozone/hadoop-ozone/integration-test/target/test-dir/MiniOzoneClusterImpl-b6fac55f-b4cf-4cde-8675-802fd5a9473d/datanode-1/data-0/containers/hdds
2023-02-14 08:17:11,654 [Listener at 127.0.0.1/34711] INFO  ozoneimpl.OzoneContainer (OzoneContainer.java:buildContainerSet(304)) - Build ContainerSet costs 0s
2023-02-14 08:17:11,657 [Listener at 127.0.0.1/34711] INFO  server.RaftServer (ConfUtils.java:logGet(46)) - raft.rpc.type = GRPC (default)
2023-02-14 08:17:11,657 [Listener at 127.0.0.1/34711] INFO  grpc.GrpcConfigKeys (ConfUtils.java:logFallback(53)) - raft.grpc.admin.host = null (fallback to raft.grpc.server.host)
2023-02-14 08:17:11,657 [Listener at 127.0.0.1/34711] INFO  grpc.GrpcConfigKeys (ConfUtils.java:logGet(46)) - raft.grpc.admin.port = 0 (custom)
2023-02-14 08:17:11,657 [Listener at 127.0.0.1/34711] INFO  grpc.GrpcConfigKeys (ConfUtils.java:logFallback(53)) - raft.grpc.client.host = null (fallback to raft.grpc.server.host)
2023-02-14 08:17:11,658 [Listener at 127.0.0.1/34711] INFO  grpc.GrpcConfigKeys (ConfUtils.java:logGet(46)) - raft.grpc.client.port = 0 (custom)
2023-02-14 08:17:11,658 [Listener at 127.0.0.1/34711] INFO  grpc.GrpcConfigKeys (ConfUtils.java:logGet(46)) - raft.grpc.server.host = null (default)
2023-02-14 08:17:11,658 [Listener at 127.0.0.1/34711] INFO  grpc.GrpcConfigKeys (ConfUtils.java:logGet(46)) - raft.grpc.server.port = 0 (default)
2023-02-14 08:17:11,658 [Listener at 127.0.0.1/34711] INFO  server.GrpcService (ConfUtils.java:logGet(46)) - raft.grpc.message.size.max = 32MB (=33554432) (custom)
2023-02-14 08:17:11,658 [Listener at 127.0.0.1/34711] INFO  server.RaftServerConfigKeys (ConfUtils.java:logGet(46)) - raft.server.log.appender.buffer.byte-limit = 33554432 (custom)
2023-02-14 08:17:11,658 [Listener at 127.0.0.1/34711] INFO  server.GrpcService (ConfUtils.java:logGet(46)) - raft.grpc.flow.control.window = 5MB (=5242880) (custom)
2023-02-14 08:17:11,658 [Listener at 127.0.0.1/34711] INFO  server.RaftServerConfigKeys (ConfUtils.java:logGet(46)) - raft.server.rpc.request.timeout = 60s (custom)
2023-02-14 08:17:11,659 [Listener at 127.0.0.1/34711] INFO  grpc.GrpcConfigKeys (ConfUtils.java:logGet(46)) - raft.grpc.server.heartbeat.channel = true (default)
2023-02-14 08:17:11,659 [Listener at 127.0.0.1/34711] INFO  grpc.GrpcConfigKeys (ConfUtils.java:logGet(46)) - raft.grpc.server.async.request.thread.pool.cached = true (default)
2023-02-14 08:17:11,659 [Listener at 127.0.0.1/34711] INFO  grpc.GrpcConfigKeys (ConfUtils.java:logGet(46)) - raft.grpc.server.async.request.thread.pool.size = 32 (default)
2023-02-14 08:17:11,660 [Listener at 127.0.0.1/34711] INFO  impl.DataStreamServerImpl (ConfUtils.java:logGet(46)) - raft.datastream.type = NETTY (custom)
2023-02-14 08:17:11,660 [Listener at 127.0.0.1/34711] INFO  server.RaftServerConfigKeys (ConfUtils.java:logGet(46)) - raft.server.data-stream.async.request.thread.pool.cached = false (default)
2023-02-14 08:17:11,660 [Listener at 127.0.0.1/34711] INFO  server.RaftServerConfigKeys (ConfUtils.java:logGet(46)) - raft.server.data-stream.async.request.thread.pool.size = 20 (custom)
2023-02-14 08:17:11,660 [Listener at 127.0.0.1/34711] INFO  server.RaftServerConfigKeys (ConfUtils.java:logGet(46)) - raft.server.data-stream.async.write.thread.pool.size = 16 (default)
2023-02-14 08:17:11,661 [Listener at 127.0.0.1/34711] INFO  server.RaftServerConfigKeys (ConfUtils.java:logGet(46)) - raft.server.data-stream.client.pool.size = 10 (default)
2023-02-14 08:17:11,661 [Listener at 127.0.0.1/34711] INFO  netty.NettyConfigKeys$DataStream (ConfUtils.java:logGet(46)) - raft.netty.dataStream.server.use-epoll = false (default)
2023-02-14 08:17:11,661 [Listener at 127.0.0.1/34711] INFO  netty.NettyConfigKeys$DataStream (ConfUtils.java:logGet(46)) - raft.netty.dataStream.server.boss-group.size = 0 (default)
2023-02-14 08:17:11,661 [Listener at 127.0.0.1/34711] INFO  netty.NettyConfigKeys$DataStream (ConfUtils.java:logGet(46)) - raft.netty.dataStream.server.worker-group.size = 0 (default)
2023-02-14 08:17:11,661 [Listener at 127.0.0.1/34711] INFO  netty.NettyConfigKeys$DataStream (ConfUtils.java:logGet(46)) - raft.netty.dataStream.server.tls.conf = null (default)
2023-02-14 08:17:11,662 [Listener at 127.0.0.1/34711] INFO  netty.NettyConfigKeys$DataStream (ConfUtils.java:logGet(46)) - raft.netty.dataStream.host = null (default)
2023-02-14 08:17:11,662 [Listener at 127.0.0.1/34711] INFO  netty.NettyConfigKeys$DataStream (ConfUtils.java:logGet(46)) - raft.netty.dataStream.port = 0 (default)
2023-02-14 08:17:11,666 [Listener at 127.0.0.1/34711] INFO  server.RaftServerConfigKeys (ConfUtils.java:logGet(46)) - raft.server.threadpool.proxy.cached = true (default)
2023-02-14 08:17:11,666 [Listener at 127.0.0.1/34711] INFO  server.RaftServerConfigKeys (ConfUtils.java:logGet(46)) - raft.server.threadpool.proxy.size = 0 (default)
2023-02-14 08:17:11,666 [Listener at 127.0.0.1/34711] INFO  server.RaftServerConfigKeys (ConfUtils.java:logGet(46)) - raft.server.rpc.slowness.timeout = 300s (custom)
2023-02-14 08:17:11,666 [Listener at 127.0.0.1/34711] INFO  server.RaftServerConfigKeys (ConfUtils.java:logGet(46)) - raft.server.leaderelection.leader.step-down.wait-time = 10s (default)
2023-02-14 08:17:11,666 [Listener at 127.0.0.1/34711] INFO  server.RaftServerConfigKeys (ConfUtils.java:logGet(46)) - raft.server.storage.dir = [/home/runner/work/ozone/ozone/hadoop-ozone/integration-test/target/test-dir/MiniOzoneClusterImpl-b6fac55f-b4cf-4cde-8675-802fd5a9473d/datanode-1/data/ratis] (custom)
2023-02-14 08:17:11,673 [Listener at 127.0.0.1/34711] INFO  server.XceiverServerGrpc (XceiverServerGrpc.java:<init>(132)) - GrpcServer channel type EpollServerSocketChannel
2023-02-14 08:17:11,674 [36e1e605-60e1-4f03-904e-89ea76d9efd4-NettyServerStreamRpc-bossGroup--thread1] INFO  logging.LoggingHandler (AbstractInternalLogger.java:log(148)) - [id: 0xdc8ba491] REGISTERED
2023-02-14 08:17:11,675 [36e1e605-60e1-4f03-904e-89ea76d9efd4-NettyServerStreamRpc-bossGroup--thread1] INFO  logging.LoggingHandler (AbstractInternalLogger.java:log(148)) - [id: 0xdc8ba491] BIND: 0.0.0.0/0.0.0.0:0
2023-02-14 08:17:11,675 [36e1e605-60e1-4f03-904e-89ea76d9efd4-NettyServerStreamRpc-bossGroup--thread1] INFO  logging.LoggingHandler (AbstractInternalLogger.java:log(148)) - [id: 0xdc8ba491, L:/0:0:0:0:0:0:0:0:41129] ACTIVE
2023-02-14 08:17:11,681 [Listener at 127.0.0.1/34711] INFO  http.BaseHttpServer (BaseHttpServer.java:newHttpServer2BuilderForOzone(213)) - Starting Web-server for hddsDatanode at: http://0.0.0.0:0
2023-02-14 08:17:11,681 [Listener at 127.0.0.1/34711] INFO  http.BaseHttpServer (BaseHttpServer.java:<init>(108)) - Hadoop Security Enabled: false Ozone Security Enabled: false Ozone HTTP Security Enabled: false 
2023-02-14 08:17:11,682 [Listener at 127.0.0.1/34711] WARN  server.AuthenticationFilter (AuthenticationFilter.java:constructSecretProvider(240)) - Unable to initialize FileSignerSecretProvider, falling back to use random secrets. Reason: Could not read signature secret file: /home/runner/hadoop-http-auth-signature-secret
2023-02-14 08:17:11,686 [Listener at 127.0.0.1/34711] WARN  http.HttpRequestLog (HttpRequestLog.java:getRequestLog(103)) - Jetty request log can only be enabled using Log4j
2023-02-14 08:17:11,689 [Listener at 127.0.0.1/34711] INFO  http.HttpServer2 (HttpServer2.java:addGlobalFilter(1031)) - Added global filter 'safety' (class=org.apache.hadoop.hdds.server.http.HttpServer2$QuotingInputFilter)
2023-02-14 08:17:11,690 [Listener at 127.0.0.1/34711] INFO  http.HttpServer2 (HttpServer2.java:addFilter(1007)) - Added filter static_user_filter (class=org.apache.hadoop.http.lib.StaticUserWebFilter$StaticUserFilter) to context hddsDatanode
2023-02-14 08:17:11,690 [Listener at 127.0.0.1/34711] INFO  http.HttpServer2 (HttpServer2.java:addFilter(1015)) - Added filter static_user_filter (class=org.apache.hadoop.http.lib.StaticUserWebFilter$StaticUserFilter) to context logs
2023-02-14 08:17:11,690 [Listener at 127.0.0.1/34711] INFO  http.HttpServer2 (HttpServer2.java:addFilter(1015)) - Added filter static_user_filter (class=org.apache.hadoop.http.lib.StaticUserWebFilter$StaticUserFilter) to context static
2023-02-14 08:17:11,691 [Listener at 127.0.0.1/34711] INFO  http.HttpServer2 (HttpServer2.java:bindListener(1250)) - Jetty bound to port 38093
2023-02-14 08:17:11,691 [Listener at 127.0.0.1/34711] INFO  server.Server (Server.java:doStart(375)) - jetty-9.4.49.v20220914; built: 2022-09-14T01:07:36.601Z; git: 4231a3b2e4cb8548a412a789936d640a97b1aa0a; jvm 1.8.0_362-b09
2023-02-14 08:17:11,695 [Listener at 127.0.0.1/34711] INFO  server.session (DefaultSessionIdManager.java:doStart(334)) - DefaultSessionIdManager workerName=node0
2023-02-14 08:17:11,695 [Listener at 127.0.0.1/34711] INFO  server.session (DefaultSessionIdManager.java:doStart(339)) - No SessionScavenger set, using defaults
2023-02-14 08:17:11,695 [Listener at 127.0.0.1/34711] INFO  server.session (HouseKeeper.java:startScavenging(132)) - node0 Scavenging every 600000ms
2023-02-14 08:17:11,696 [Listener at 127.0.0.1/34711] INFO  handler.ContextHandler (ContextHandler.java:doStart(921)) - Started o.e.j.s.ServletContextHandler@1706caf5{logs,/logs,file:///home/runner/work/ozone/ozone/hadoop-ozone/integration-test/target/log,AVAILABLE}
2023-02-14 08:17:11,696 [Listener at 127.0.0.1/34711] INFO  handler.ContextHandler (ContextHandler.java:doStart(921)) - Started o.e.j.s.ServletContextHandler@70c36138{static,/static,jar:file:/home/runner/.m2/repository/org/apache/ozone/hdds-container-service/1.4.0-SNAPSHOT/hdds-container-service-1.4.0-SNAPSHOT.jar!/webapps/static,AVAILABLE}
2023-02-14 08:17:11,715 [om1@group-C5BA1605619E-FollowerState] INFO  impl.FollowerState (FollowerState.java:run(143)) - om1@group-C5BA1605619E-FollowerState: change to CANDIDATE, lastRpcElapsedTime:1200858009ns, electionTimeout:1199ms
2023-02-14 08:17:11,716 [om1@group-C5BA1605619E-FollowerState] INFO  impl.RoleInfo (RoleInfo.java:shutdownFollowerState(110)) - om1: shutdown om1@group-C5BA1605619E-FollowerState
2023-02-14 08:17:11,716 [om1@group-C5BA1605619E-FollowerState] INFO  server.RaftServer$Division (RaftServerImpl.java:setRole(321)) - om1@group-C5BA1605619E: changes role from  FOLLOWER to CANDIDATE at term 0 for changeToCandidate
2023-02-14 08:17:11,720 [om1@group-C5BA1605619E-FollowerState] INFO  server.RaftServerConfigKeys (ConfUtils.java:logGet(46)) - raft.server.leaderelection.pre-vote = false (custom)
2023-02-14 08:17:11,720 [om1@group-C5BA1605619E-FollowerState] INFO  impl.RoleInfo (RoleInfo.java:updateAndGet(139)) - om1: start om1@group-C5BA1605619E-LeaderElection1
2023-02-14 08:17:11,728 [om1@group-C5BA1605619E-LeaderElection1] INFO  impl.LeaderElection (LeaderElection.java:askForVotes(312)) - om1@group-C5BA1605619E-LeaderElection1 ELECTION round 0: submit vote requests at term 1 for -1: peers:[om1|rpc:localhost:9872|priority:0|startupRole:FOLLOWER]|listeners:[], old=null
2023-02-14 08:17:11,729 [om1@group-C5BA1605619E-LeaderElection1] INFO  impl.LeaderElection (LeaderElection.java:askForVotes(314)) - om1@group-C5BA1605619E-LeaderElection1 ELECTION round 0: result PASSED (term=1)
2023-02-14 08:17:11,729 [om1@group-C5BA1605619E-LeaderElection1] INFO  impl.RoleInfo (RoleInfo.java:shutdownLeaderElection(130)) - om1: shutdown om1@group-C5BA1605619E-LeaderElection1
2023-02-14 08:17:11,731 [om1@group-C5BA1605619E-LeaderElection1] INFO  server.RaftServer$Division (RaftServerImpl.java:setRole(321)) - om1@group-C5BA1605619E: changes role from CANDIDATE to LEADER at term 1 for changeToLeader
2023-02-14 08:17:11,731 [om1@group-C5BA1605619E-LeaderElection1] INFO  server.RaftServer$Division (ServerState.java:setLeader(313)) - om1@group-C5BA1605619E: change Leader from null to om1 at term 1 for becomeLeader, leader elected after 2143ms
2023-02-14 08:17:11,741 [om1@group-C5BA1605619E-LeaderElection1] INFO  server.RaftServerConfigKeys (ConfUtils.java:logGet(46)) - raft.server.staging.catchup.gap = 1000 (default)
2023-02-14 08:17:11,751 [om1@group-C5BA1605619E-LeaderElection1] INFO  server.RaftServerConfigKeys (ConfUtils.java:logGet(46)) - raft.server.write.element-limit = 4096 (default)
2023-02-14 08:17:11,752 [om1@group-C5BA1605619E-LeaderElection1] INFO  server.RaftServerConfigKeys (ConfUtils.java:logGet(46)) - raft.server.write.byte-limit = 64MB (=67108864) (default)
2023-02-14 08:17:11,758 [om1@group-C5BA1605619E-LeaderElection1] INFO  server.RaftServerConfigKeys (ConfUtils.java:logGet(46)) - raft.server.watch.timeout = 10s (default)
2023-02-14 08:17:11,759 [om1@group-C5BA1605619E-LeaderElection1] INFO  server.RaftServerConfigKeys (ConfUtils.java:logGet(46)) - raft.server.watch.timeout.denomination = 1s (default)
2023-02-14 08:17:11,759 [om1@group-C5BA1605619E-LeaderElection1] INFO  server.RaftServerConfigKeys (ConfUtils.java:logGet(46)) - raft.server.watch.element-limit = 65536 (default)
2023-02-14 08:17:11,767 [om1@group-C5BA1605619E-LeaderElection1] INFO  server.RaftServerConfigKeys (ConfUtils.java:logGet(46)) - raft.server.write.element-limit = 4096 (default)
2023-02-14 08:17:11,772 [om1@group-C5BA1605619E-LeaderElection1] INFO  server.RaftServerConfigKeys (ConfUtils.java:logGet(46)) - raft.server.write.follower.gap.ratio.max = -1.0 (default)
2023-02-14 08:17:11,774 [om1@group-C5BA1605619E-LeaderElection1] INFO  impl.RoleInfo (RoleInfo.java:updateAndGet(139)) - om1: start om1@group-C5BA1605619E-LeaderStateImpl
2023-02-14 08:17:11,800 [om1@group-C5BA1605619E-LeaderElection1] INFO  segmented.SegmentedRaftLogWorker (SegmentedRaftLogWorker.java:startLogSegment(452)) - om1@group-C5BA1605619E-SegmentedRaftLogWorker: Starting segment from index:0
2023-02-14 08:17:11,874 [om1@group-C5BA1605619E-LeaderElection1] INFO  server.RaftServer$Division (ServerState.java:setRaftConf(430)) - om1@group-C5BA1605619E: set configuration 0: peers:[om1|rpc:localhost:9872|admin:|client:|dataStream:|priority:0|startupRole:FOLLOWER]|listeners:[], old=null
2023-02-14 08:17:11,970 [om1@group-C5BA1605619E-SegmentedRaftLogWorker] INFO  segmented.SegmentedRaftLogWorker (SegmentedRaftLogWorker.java:execute(656)) - om1@group-C5BA1605619E-SegmentedRaftLogWorker: created new log segment /home/runner/work/ozone/ozone/hadoop-ozone/integration-test/target/test-dir/MiniOzoneClusterImpl-b6fac55f-b4cf-4cde-8675-802fd5a9473d/ozone-meta/ratis/bf265839-605b-3f16-9796-c5ba1605619e/current/log_inprogress_0
2023-02-14 08:17:12,008 [Listener at 127.0.0.1/34711] INFO  handler.ContextHandler (ContextHandler.java:doStart(921)) - Started o.e.j.w.WebAppContext@36c9698e{hddsDatanode,/,file:///tmp/jetty-0_0_0_0-38093-hdds-container-service-1_4_0-SNAPSHOT_jar-_-any-7031155725623558218/webapp/,AVAILABLE}{jar:file:/home/runner/.m2/repository/org/apache/ozone/hdds-container-service/1.4.0-SNAPSHOT/hdds-container-service-1.4.0-SNAPSHOT.jar!/webapps/hddsDatanode}
2023-02-14 08:17:12,010 [Listener at 127.0.0.1/34711] INFO  server.AbstractConnector (AbstractConnector.java:doStart(333)) - Started ServerConnector@7f14dc05{HTTP/1.1, (http/1.1)}{0.0.0.0:38093}
2023-02-14 08:17:12,011 [Listener at 127.0.0.1/34711] INFO  server.Server (Server.java:doStart(415)) - Started @8087ms
2023-02-14 08:17:12,011 [Listener at 127.0.0.1/34711] WARN  impl.MetricsSystemImpl (MetricsSystemImpl.java:register(279)) - Sink prometheus already exists!
2023-02-14 08:17:12,014 [Listener at 127.0.0.1/34711] INFO  http.BaseHttpServer (BaseHttpServer.java:updateConnectorAddress(333)) - HTTP server of hddsDatanode listening at http://0.0.0.0:38093
2023-02-14 08:17:12,019 [Listener at 127.0.0.1/34711] WARN  impl.MetricRegistriesImpl (MetricRegistriesImpl.java:addReporterRegistration(111)) - New reporters are added after registries were created. Some metrics will be missing from the reporter. Please add reporter before adding any new registry.
2023-02-14 08:17:12,019 [Listener at 127.0.0.1/34711] WARN  impl.MetricRegistriesImpl (MetricRegistriesImpl.java:addReporterRegistration(111)) - New reporters are added after registries were created. Some metrics will be missing from the reporter. Please add reporter before adding any new registry.
2023-02-14 08:17:12,019 [Listener at 127.0.0.1/34711] INFO  impl.MetricsSystemImpl (MetricsSystemImpl.java:init(158)) - HddsDatanode metrics system started (again)
2023-02-14 08:17:12,026 [Datanode State Machine Daemon Thread] INFO  statemachine.DatanodeStateMachine (DatanodeStateMachine.java:lambda$startDaemon$0(516)) - Ozone container server started.
2023-02-14 08:17:12,034 [org.apache.hadoop.util.JvmPauseMonitor$Monitor@63362f99] INFO  util.JvmPauseMonitor (JvmPauseMonitor.java:run(188)) - Starting JVM pause monitor
2023-02-14 08:17:12,041 [Listener at 127.0.0.1/34711] INFO  ozone.HddsDatanodeService (HddsDatanodeService.java:start(228)) - HddsDatanodeService host:fv-az476-382.2mevl5kwmm3ezivwarakluutxb.phxx.internal.cloudapp.net ip:10.1.0.19
2023-02-14 08:17:12,052 [Datanode State Machine Task Thread - 0] INFO  datanode.InitDatanodeState (InitDatanodeState.java:persistContainerDatanodeDetails(138)) - DatanodeDetails is persisted to /home/runner/work/ozone/ozone/hadoop-ozone/integration-test/target/test-dir/MiniOzoneClusterImpl-b6fac55f-b4cf-4cde-8675-802fd5a9473d/datanode-1/meta/datanode.id
2023-02-14 08:17:12,074 [Listener at 127.0.0.1/34711] INFO  upgrade.AbstractLayoutVersionManager (AbstractLayoutVersionManager.java:init(83)) - Initializing Layout version manager with metadata layout = DATANODE_SCHEMA_V3 (version = 4), software layout = DATANODE_SCHEMA_V3 (version = 4)
2023-02-14 08:17:12,117 [om1@group-C5BA1605619E-StateMachineUpdater] INFO  ratis.OzoneManagerStateMachine (OzoneManagerStateMachine.java:notifyConfigurationChanged(192)) - Received Configuration change notification from Ratis. New Peer list:
[id: "om1"
address: "localhost:9872"
startupRole: FOLLOWER
]
2023-02-14 08:17:12,124 [Listener at 127.0.0.1/34711] INFO  reflections.Reflections (Reflections.java:scan(232)) - Reflections took 49 ms to scan 7 urls, producing 150 keys and 363 values 
2023-02-14 08:17:12,125 [Listener at 127.0.0.1/34711] INFO  statemachine.DatanodeStateMachine (DatanodeStateMachine.java:getEndPointTaskThreadPoolSize(260)) - Datanode State Machine Task Thread Pool size 2
2023-02-14 08:17:12,127 [Listener at 127.0.0.1/34711] INFO  volume.HddsVolume (HddsVolume.java:<init>(122)) - Creating HddsVolume: /home/runner/work/ozone/ozone/hadoop-ozone/integration-test/target/test-dir/MiniOzoneClusterImpl-b6fac55f-b4cf-4cde-8675-802fd5a9473d/datanode-2/data-0/containers/hdds of storage type : DISK capacity : 9223372036854775807
2023-02-14 08:17:12,128 [Listener at 127.0.0.1/34711] INFO  volume.MutableVolumeSet (MutableVolumeSet.java:initializeVolumeSet(174)) - Added Volume : /home/runner/work/ozone/ozone/hadoop-ozone/integration-test/target/test-dir/MiniOzoneClusterImpl-b6fac55f-b4cf-4cde-8675-802fd5a9473d/datanode-2/data-0/containers/hdds to VolumeSet
2023-02-14 08:17:12,128 [Listener at 127.0.0.1/34711] INFO  volume.ThrottledAsyncChecker (ThrottledAsyncChecker.java:schedule(141)) - Scheduling a check for /home/runner/work/ozone/ozone/hadoop-ozone/integration-test/target/test-dir/MiniOzoneClusterImpl-b6fac55f-b4cf-4cde-8675-802fd5a9473d/datanode-2/data-0/containers/hdds
2023-02-14 08:17:12,133 [Listener at 127.0.0.1/34711] INFO  volume.StorageVolumeChecker (StorageVolumeChecker.java:checkAllVolumes(202)) - Scheduled health check for volume /home/runner/work/ozone/ozone/hadoop-ozone/integration-test/target/test-dir/MiniOzoneClusterImpl-b6fac55f-b4cf-4cde-8675-802fd5a9473d/datanode-2/data-0/containers/hdds
2023-02-14 08:17:12,144 [Listener at 127.0.0.1/34711] INFO  volume.MutableVolumeSet (MutableVolumeSet.java:initializeVolumeSet(174)) - Added Volume : /home/runner/work/ozone/ozone/hadoop-ozone/integration-test/target/test-dir/MiniOzoneClusterImpl-b6fac55f-b4cf-4cde-8675-802fd5a9473d/datanode-2/data/ratis to VolumeSet
2023-02-14 08:17:12,144 [Listener at 127.0.0.1/34711] INFO  volume.ThrottledAsyncChecker (ThrottledAsyncChecker.java:schedule(141)) - Scheduling a check for /home/runner/work/ozone/ozone/hadoop-ozone/integration-test/target/test-dir/MiniOzoneClusterImpl-b6fac55f-b4cf-4cde-8675-802fd5a9473d/datanode-2/data/ratis
2023-02-14 08:17:12,145 [Listener at 127.0.0.1/34711] INFO  volume.StorageVolumeChecker (StorageVolumeChecker.java:checkAllVolumes(202)) - Scheduled health check for volume /home/runner/work/ozone/ozone/hadoop-ozone/integration-test/target/test-dir/MiniOzoneClusterImpl-b6fac55f-b4cf-4cde-8675-802fd5a9473d/datanode-2/data/ratis
2023-02-14 08:17:12,155 [Thread-166] INFO  ozoneimpl.ContainerReader (ContainerReader.java:readVolume(175)) - Finish verifying containers on volume /home/runner/work/ozone/ozone/hadoop-ozone/integration-test/target/test-dir/MiniOzoneClusterImpl-b6fac55f-b4cf-4cde-8675-802fd5a9473d/datanode-2/data-0/containers/hdds
2023-02-14 08:17:12,155 [Listener at 127.0.0.1/34711] INFO  ozoneimpl.OzoneContainer (OzoneContainer.java:buildContainerSet(304)) - Build ContainerSet costs 0s
2023-02-14 08:17:12,159 [Listener at 127.0.0.1/34711] INFO  server.RaftServer (ConfUtils.java:logGet(46)) - raft.rpc.type = GRPC (default)
2023-02-14 08:17:12,159 [Listener at 127.0.0.1/34711] INFO  grpc.GrpcConfigKeys (ConfUtils.java:logFallback(53)) - raft.grpc.admin.host = null (fallback to raft.grpc.server.host)
2023-02-14 08:17:12,159 [Listener at 127.0.0.1/34711] INFO  grpc.GrpcConfigKeys (ConfUtils.java:logGet(46)) - raft.grpc.admin.port = 0 (custom)
2023-02-14 08:17:12,159 [Listener at 127.0.0.1/34711] INFO  grpc.GrpcConfigKeys (ConfUtils.java:logFallback(53)) - raft.grpc.client.host = null (fallback to raft.grpc.server.host)
2023-02-14 08:17:12,159 [Listener at 127.0.0.1/34711] INFO  grpc.GrpcConfigKeys (ConfUtils.java:logGet(46)) - raft.grpc.client.port = 0 (custom)
2023-02-14 08:17:12,160 [Listener at 127.0.0.1/34711] INFO  grpc.GrpcConfigKeys (ConfUtils.java:logGet(46)) - raft.grpc.server.host = null (default)
2023-02-14 08:17:12,160 [Listener at 127.0.0.1/34711] INFO  grpc.GrpcConfigKeys (ConfUtils.java:logGet(46)) - raft.grpc.server.port = 0 (default)
2023-02-14 08:17:12,160 [Listener at 127.0.0.1/34711] INFO  server.GrpcService (ConfUtils.java:logGet(46)) - raft.grpc.message.size.max = 32MB (=33554432) (custom)
2023-02-14 08:17:12,160 [Listener at 127.0.0.1/34711] INFO  server.RaftServerConfigKeys (ConfUtils.java:logGet(46)) - raft.server.log.appender.buffer.byte-limit = 33554432 (custom)
2023-02-14 08:17:12,160 [Listener at 127.0.0.1/34711] INFO  server.GrpcService (ConfUtils.java:logGet(46)) - raft.grpc.flow.control.window = 5MB (=5242880) (custom)
2023-02-14 08:17:12,160 [Listener at 127.0.0.1/34711] INFO  server.RaftServerConfigKeys (ConfUtils.java:logGet(46)) - raft.server.rpc.request.timeout = 60s (custom)
2023-02-14 08:17:12,160 [Listener at 127.0.0.1/34711] INFO  grpc.GrpcConfigKeys (ConfUtils.java:logGet(46)) - raft.grpc.server.heartbeat.channel = true (default)
2023-02-14 08:17:12,160 [Listener at 127.0.0.1/34711] INFO  grpc.GrpcConfigKeys (ConfUtils.java:logGet(46)) - raft.grpc.server.async.request.thread.pool.cached = true (default)
2023-02-14 08:17:12,160 [Listener at 127.0.0.1/34711] INFO  grpc.GrpcConfigKeys (ConfUtils.java:logGet(46)) - raft.grpc.server.async.request.thread.pool.size = 32 (default)
2023-02-14 08:17:12,161 [Listener at 127.0.0.1/34711] INFO  impl.DataStreamServerImpl (ConfUtils.java:logGet(46)) - raft.datastream.type = NETTY (custom)
2023-02-14 08:17:12,162 [Listener at 127.0.0.1/34711] INFO  server.RaftServerConfigKeys (ConfUtils.java:logGet(46)) - raft.server.data-stream.async.request.thread.pool.cached = false (default)
2023-02-14 08:17:12,162 [Listener at 127.0.0.1/34711] INFO  server.RaftServerConfigKeys (ConfUtils.java:logGet(46)) - raft.server.data-stream.async.request.thread.pool.size = 20 (custom)
2023-02-14 08:17:12,162 [Listener at 127.0.0.1/34711] INFO  server.RaftServerConfigKeys (ConfUtils.java:logGet(46)) - raft.server.data-stream.async.write.thread.pool.size = 16 (default)
2023-02-14 08:17:12,162 [Listener at 127.0.0.1/34711] INFO  server.RaftServerConfigKeys (ConfUtils.java:logGet(46)) - raft.server.data-stream.client.pool.size = 10 (default)
2023-02-14 08:17:12,162 [Listener at 127.0.0.1/34711] INFO  netty.NettyConfigKeys$DataStream (ConfUtils.java:logGet(46)) - raft.netty.dataStream.server.use-epoll = false (default)
2023-02-14 08:17:12,162 [Listener at 127.0.0.1/34711] INFO  netty.NettyConfigKeys$DataStream (ConfUtils.java:logGet(46)) - raft.netty.dataStream.server.boss-group.size = 0 (default)
2023-02-14 08:17:12,163 [Listener at 127.0.0.1/34711] INFO  netty.NettyConfigKeys$DataStream (ConfUtils.java:logGet(46)) - raft.netty.dataStream.server.worker-group.size = 0 (default)
2023-02-14 08:17:12,163 [Listener at 127.0.0.1/34711] INFO  netty.NettyConfigKeys$DataStream (ConfUtils.java:logGet(46)) - raft.netty.dataStream.server.tls.conf = null (default)
2023-02-14 08:17:12,163 [Listener at 127.0.0.1/34711] INFO  netty.NettyConfigKeys$DataStream (ConfUtils.java:logGet(46)) - raft.netty.dataStream.host = null (default)
2023-02-14 08:17:12,163 [Listener at 127.0.0.1/34711] INFO  netty.NettyConfigKeys$DataStream (ConfUtils.java:logGet(46)) - raft.netty.dataStream.port = 0 (default)
2023-02-14 08:17:12,164 [Listener at 127.0.0.1/34711] INFO  server.RaftServerConfigKeys (ConfUtils.java:logGet(46)) - raft.server.threadpool.proxy.cached = true (default)
2023-02-14 08:17:12,164 [Listener at 127.0.0.1/34711] INFO  server.RaftServerConfigKeys (ConfUtils.java:logGet(46)) - raft.server.threadpool.proxy.size = 0 (default)
2023-02-14 08:17:12,164 [Listener at 127.0.0.1/34711] INFO  server.RaftServerConfigKeys (ConfUtils.java:logGet(46)) - raft.server.rpc.slowness.timeout = 300s (custom)
2023-02-14 08:17:12,164 [Listener at 127.0.0.1/34711] INFO  server.RaftServerConfigKeys (ConfUtils.java:logGet(46)) - raft.server.leaderelection.leader.step-down.wait-time = 10s (default)
2023-02-14 08:17:12,164 [Listener at 127.0.0.1/34711] INFO  server.RaftServerConfigKeys (ConfUtils.java:logGet(46)) - raft.server.storage.dir = [/home/runner/work/ozone/ozone/hadoop-ozone/integration-test/target/test-dir/MiniOzoneClusterImpl-b6fac55f-b4cf-4cde-8675-802fd5a9473d/datanode-2/data/ratis] (custom)
2023-02-14 08:17:12,171 [3f6fb327-55b5-41b7-853a-8e3dfa7d6293-NettyServerStreamRpc-bossGroup--thread1] INFO  logging.LoggingHandler (AbstractInternalLogger.java:log(148)) - [id: 0x68f4df4c] REGISTERED
2023-02-14 08:17:12,171 [3f6fb327-55b5-41b7-853a-8e3dfa7d6293-NettyServerStreamRpc-bossGroup--thread1] INFO  logging.LoggingHandler (AbstractInternalLogger.java:log(148)) - [id: 0x68f4df4c] BIND: 0.0.0.0/0.0.0.0:0
2023-02-14 08:17:12,171 [3f6fb327-55b5-41b7-853a-8e3dfa7d6293-NettyServerStreamRpc-bossGroup--thread1] INFO  logging.LoggingHandler (AbstractInternalLogger.java:log(148)) - [id: 0x68f4df4c, L:/0:0:0:0:0:0:0:0:43503] ACTIVE
2023-02-14 08:17:12,173 [Listener at 127.0.0.1/34711] INFO  server.XceiverServerGrpc (XceiverServerGrpc.java:<init>(132)) - GrpcServer channel type EpollServerSocketChannel
2023-02-14 08:17:12,183 [Listener at 127.0.0.1/34711] INFO  http.BaseHttpServer (BaseHttpServer.java:newHttpServer2BuilderForOzone(213)) - Starting Web-server for hddsDatanode at: http://0.0.0.0:0
2023-02-14 08:17:12,183 [Listener at 127.0.0.1/34711] INFO  http.BaseHttpServer (BaseHttpServer.java:<init>(108)) - Hadoop Security Enabled: false Ozone Security Enabled: false Ozone HTTP Security Enabled: false 
2023-02-14 08:17:12,185 [Listener at 127.0.0.1/34711] WARN  server.AuthenticationFilter (AuthenticationFilter.java:constructSecretProvider(240)) - Unable to initialize FileSignerSecretProvider, falling back to use random secrets. Reason: Could not read signature secret file: /home/runner/hadoop-http-auth-signature-secret
2023-02-14 08:17:12,185 [Listener at 127.0.0.1/34711] WARN  http.HttpRequestLog (HttpRequestLog.java:getRequestLog(103)) - Jetty request log can only be enabled using Log4j
2023-02-14 08:17:12,186 [Listener at 127.0.0.1/34711] INFO  http.HttpServer2 (HttpServer2.java:addGlobalFilter(1031)) - Added global filter 'safety' (class=org.apache.hadoop.hdds.server.http.HttpServer2$QuotingInputFilter)
2023-02-14 08:17:12,187 [Listener at 127.0.0.1/34711] INFO  http.HttpServer2 (HttpServer2.java:addFilter(1007)) - Added filter static_user_filter (class=org.apache.hadoop.http.lib.StaticUserWebFilter$StaticUserFilter) to context hddsDatanode
2023-02-14 08:17:12,187 [Listener at 127.0.0.1/34711] INFO  http.HttpServer2 (HttpServer2.java:addFilter(1015)) - Added filter static_user_filter (class=org.apache.hadoop.http.lib.StaticUserWebFilter$StaticUserFilter) to context logs
2023-02-14 08:17:12,187 [Listener at 127.0.0.1/34711] INFO  http.HttpServer2 (HttpServer2.java:addFilter(1015)) - Added filter static_user_filter (class=org.apache.hadoop.http.lib.StaticUserWebFilter$StaticUserFilter) to context static
2023-02-14 08:17:12,188 [Listener at 127.0.0.1/34711] INFO  http.HttpServer2 (HttpServer2.java:bindListener(1250)) - Jetty bound to port 32951
2023-02-14 08:17:12,188 [Listener at 127.0.0.1/34711] INFO  server.Server (Server.java:doStart(375)) - jetty-9.4.49.v20220914; built: 2022-09-14T01:07:36.601Z; git: 4231a3b2e4cb8548a412a789936d640a97b1aa0a; jvm 1.8.0_362-b09
2023-02-14 08:17:12,194 [Listener at 127.0.0.1/34711] INFO  server.session (DefaultSessionIdManager.java:doStart(334)) - DefaultSessionIdManager workerName=node0
2023-02-14 08:17:12,194 [Listener at 127.0.0.1/34711] INFO  server.session (DefaultSessionIdManager.java:doStart(339)) - No SessionScavenger set, using defaults
2023-02-14 08:17:12,195 [Listener at 127.0.0.1/34711] INFO  server.session (HouseKeeper.java:startScavenging(132)) - node0 Scavenging every 600000ms
2023-02-14 08:17:12,195 [Listener at 127.0.0.1/34711] INFO  handler.ContextHandler (ContextHandler.java:doStart(921)) - Started o.e.j.s.ServletContextHandler@708a2978{logs,/logs,file:///home/runner/work/ozone/ozone/hadoop-ozone/integration-test/target/log,AVAILABLE}
2023-02-14 08:17:12,196 [Listener at 127.0.0.1/34711] INFO  handler.ContextHandler (ContextHandler.java:doStart(921)) - Started o.e.j.s.ServletContextHandler@41f4534f{static,/static,jar:file:/home/runner/.m2/repository/org/apache/ozone/hdds-container-service/1.4.0-SNAPSHOT/hdds-container-service-1.4.0-SNAPSHOT.jar!/webapps/static,AVAILABLE}
2023-02-14 08:17:12,400 [Listener at 127.0.0.1/34711] INFO  handler.ContextHandler (ContextHandler.java:doStart(921)) - Started o.e.j.w.WebAppContext@7f500542{hddsDatanode,/,file:///tmp/jetty-0_0_0_0-32951-hdds-container-service-1_4_0-SNAPSHOT_jar-_-any-3937417064165362761/webapp/,AVAILABLE}{jar:file:/home/runner/.m2/repository/org/apache/ozone/hdds-container-service/1.4.0-SNAPSHOT/hdds-container-service-1.4.0-SNAPSHOT.jar!/webapps/hddsDatanode}
2023-02-14 08:17:12,403 [Listener at 127.0.0.1/34711] INFO  server.AbstractConnector (AbstractConnector.java:doStart(333)) - Started ServerConnector@302295f6{HTTP/1.1, (http/1.1)}{0.0.0.0:32951}
2023-02-14 08:17:12,404 [Listener at 127.0.0.1/34711] INFO  server.Server (Server.java:doStart(415)) - Started @8480ms
2023-02-14 08:17:12,404 [Listener at 127.0.0.1/34711] WARN  impl.MetricsSystemImpl (MetricsSystemImpl.java:register(279)) - Sink prometheus already exists!
2023-02-14 08:17:12,404 [Listener at 127.0.0.1/34711] INFO  http.BaseHttpServer (BaseHttpServer.java:updateConnectorAddress(333)) - HTTP server of hddsDatanode listening at http://0.0.0.0:32951
2023-02-14 08:17:12,405 [Listener at 127.0.0.1/34711] WARN  impl.MetricRegistriesImpl (MetricRegistriesImpl.java:addReporterRegistration(111)) - New reporters are added after registries were created. Some metrics will be missing from the reporter. Please add reporter before adding any new registry.
2023-02-14 08:17:12,405 [Listener at 127.0.0.1/34711] WARN  impl.MetricRegistriesImpl (MetricRegistriesImpl.java:addReporterRegistration(111)) - New reporters are added after registries were created. Some metrics will be missing from the reporter. Please add reporter before adding any new registry.
2023-02-14 08:17:12,405 [Listener at 127.0.0.1/34711] INFO  impl.MetricsSystemImpl (MetricsSystemImpl.java:init(158)) - HddsDatanode metrics system started (again)
2023-02-14 08:17:12,406 [Datanode State Machine Daemon Thread] INFO  statemachine.DatanodeStateMachine (DatanodeStateMachine.java:lambda$startDaemon$0(516)) - Ozone container server started.
2023-02-14 08:17:12,414 [org.apache.hadoop.util.JvmPauseMonitor$Monitor@64190fe6] INFO  util.JvmPauseMonitor (JvmPauseMonitor.java:run(188)) - Starting JVM pause monitor
2023-02-14 08:17:12,418 [Datanode State Machine Task Thread - 0] INFO  datanode.InitDatanodeState (InitDatanodeState.java:persistContainerDatanodeDetails(138)) - DatanodeDetails is persisted to /home/runner/work/ozone/ozone/hadoop-ozone/integration-test/target/test-dir/MiniOzoneClusterImpl-b6fac55f-b4cf-4cde-8675-802fd5a9473d/datanode-2/meta/datanode.id
2023-02-14 08:17:12,422 [Listener at 127.0.0.1/34711] INFO  ozone.HddsDatanodeService (HddsDatanodeService.java:start(228)) - HddsDatanodeService host:fv-az476-382.2mevl5kwmm3ezivwarakluutxb.phxx.internal.cloudapp.net ip:10.1.0.19
2023-02-14 08:17:12,439 [Listener at 127.0.0.1/34711] INFO  upgrade.AbstractLayoutVersionManager (AbstractLayoutVersionManager.java:init(83)) - Initializing Layout version manager with metadata layout = DATANODE_SCHEMA_V3 (version = 4), software layout = DATANODE_SCHEMA_V3 (version = 4)
2023-02-14 08:17:12,486 [Listener at 127.0.0.1/34711] INFO  reflections.Reflections (Reflections.java:scan(232)) - Reflections took 46 ms to scan 7 urls, producing 150 keys and 363 values 
2023-02-14 08:17:12,488 [Listener at 127.0.0.1/34711] INFO  statemachine.DatanodeStateMachine (DatanodeStateMachine.java:getEndPointTaskThreadPoolSize(260)) - Datanode State Machine Task Thread Pool size 2
2023-02-14 08:17:12,490 [Listener at 127.0.0.1/34711] INFO  volume.HddsVolume (HddsVolume.java:<init>(122)) - Creating HddsVolume: /home/runner/work/ozone/ozone/hadoop-ozone/integration-test/target/test-dir/MiniOzoneClusterImpl-b6fac55f-b4cf-4cde-8675-802fd5a9473d/datanode-3/data-0/containers/hdds of storage type : DISK capacity : 9223372036854775807
2023-02-14 08:17:12,490 [Listener at 127.0.0.1/34711] INFO  volume.MutableVolumeSet (MutableVolumeSet.java:initializeVolumeSet(174)) - Added Volume : /home/runner/work/ozone/ozone/hadoop-ozone/integration-test/target/test-dir/MiniOzoneClusterImpl-b6fac55f-b4cf-4cde-8675-802fd5a9473d/datanode-3/data-0/containers/hdds to VolumeSet
2023-02-14 08:17:12,490 [Listener at 127.0.0.1/34711] INFO  volume.ThrottledAsyncChecker (ThrottledAsyncChecker.java:schedule(141)) - Scheduling a check for /home/runner/work/ozone/ozone/hadoop-ozone/integration-test/target/test-dir/MiniOzoneClusterImpl-b6fac55f-b4cf-4cde-8675-802fd5a9473d/datanode-3/data-0/containers/hdds
2023-02-14 08:17:12,493 [Listener at 127.0.0.1/34711] INFO  volume.StorageVolumeChecker (StorageVolumeChecker.java:checkAllVolumes(202)) - Scheduled health check for volume /home/runner/work/ozone/ozone/hadoop-ozone/integration-test/target/test-dir/MiniOzoneClusterImpl-b6fac55f-b4cf-4cde-8675-802fd5a9473d/datanode-3/data-0/containers/hdds
2023-02-14 08:17:12,505 [Listener at 127.0.0.1/34711] INFO  volume.MutableVolumeSet (MutableVolumeSet.java:initializeVolumeSet(174)) - Added Volume : /home/runner/work/ozone/ozone/hadoop-ozone/integration-test/target/test-dir/MiniOzoneClusterImpl-b6fac55f-b4cf-4cde-8675-802fd5a9473d/datanode-3/data/ratis to VolumeSet
2023-02-14 08:17:12,505 [Listener at 127.0.0.1/34711] INFO  volume.ThrottledAsyncChecker (ThrottledAsyncChecker.java:schedule(141)) - Scheduling a check for /home/runner/work/ozone/ozone/hadoop-ozone/integration-test/target/test-dir/MiniOzoneClusterImpl-b6fac55f-b4cf-4cde-8675-802fd5a9473d/datanode-3/data/ratis
2023-02-14 08:17:12,505 [Listener at 127.0.0.1/34711] INFO  volume.StorageVolumeChecker (StorageVolumeChecker.java:checkAllVolumes(202)) - Scheduled health check for volume /home/runner/work/ozone/ozone/hadoop-ozone/integration-test/target/test-dir/MiniOzoneClusterImpl-b6fac55f-b4cf-4cde-8675-802fd5a9473d/datanode-3/data/ratis
2023-02-14 08:17:12,518 [Thread-180] INFO  ozoneimpl.ContainerReader (ContainerReader.java:readVolume(175)) - Finish verifying containers on volume /home/runner/work/ozone/ozone/hadoop-ozone/integration-test/target/test-dir/MiniOzoneClusterImpl-b6fac55f-b4cf-4cde-8675-802fd5a9473d/datanode-3/data-0/containers/hdds
2023-02-14 08:17:12,518 [Listener at 127.0.0.1/34711] INFO  ozoneimpl.OzoneContainer (OzoneContainer.java:buildContainerSet(304)) - Build ContainerSet costs 0s
2023-02-14 08:17:12,521 [Listener at 127.0.0.1/34711] INFO  server.RaftServer (ConfUtils.java:logGet(46)) - raft.rpc.type = GRPC (default)
2023-02-14 08:17:12,522 [Listener at 127.0.0.1/34711] INFO  grpc.GrpcConfigKeys (ConfUtils.java:logFallback(53)) - raft.grpc.admin.host = null (fallback to raft.grpc.server.host)
2023-02-14 08:17:12,522 [Listener at 127.0.0.1/34711] INFO  grpc.GrpcConfigKeys (ConfUtils.java:logGet(46)) - raft.grpc.admin.port = 0 (custom)
2023-02-14 08:17:12,522 [Listener at 127.0.0.1/34711] INFO  grpc.GrpcConfigKeys (ConfUtils.java:logFallback(53)) - raft.grpc.client.host = null (fallback to raft.grpc.server.host)
2023-02-14 08:17:12,522 [Listener at 127.0.0.1/34711] INFO  grpc.GrpcConfigKeys (ConfUtils.java:logGet(46)) - raft.grpc.client.port = 0 (custom)
2023-02-14 08:17:12,522 [Listener at 127.0.0.1/34711] INFO  grpc.GrpcConfigKeys (ConfUtils.java:logGet(46)) - raft.grpc.server.host = null (default)
2023-02-14 08:17:12,522 [Listener at 127.0.0.1/34711] INFO  grpc.GrpcConfigKeys (ConfUtils.java:logGet(46)) - raft.grpc.server.port = 0 (default)
2023-02-14 08:17:12,522 [Listener at 127.0.0.1/34711] INFO  server.GrpcService (ConfUtils.java:logGet(46)) - raft.grpc.message.size.max = 32MB (=33554432) (custom)
2023-02-14 08:17:12,522 [Listener at 127.0.0.1/34711] INFO  server.RaftServerConfigKeys (ConfUtils.java:logGet(46)) - raft.server.log.appender.buffer.byte-limit = 33554432 (custom)
2023-02-14 08:17:12,523 [Listener at 127.0.0.1/34711] INFO  server.GrpcService (ConfUtils.java:logGet(46)) - raft.grpc.flow.control.window = 5MB (=5242880) (custom)
2023-02-14 08:17:12,523 [Listener at 127.0.0.1/34711] INFO  server.RaftServerConfigKeys (ConfUtils.java:logGet(46)) - raft.server.rpc.request.timeout = 60s (custom)
2023-02-14 08:17:12,523 [Listener at 127.0.0.1/34711] INFO  grpc.GrpcConfigKeys (ConfUtils.java:logGet(46)) - raft.grpc.server.heartbeat.channel = true (default)
2023-02-14 08:17:12,523 [Listener at 127.0.0.1/34711] INFO  grpc.GrpcConfigKeys (ConfUtils.java:logGet(46)) - raft.grpc.server.async.request.thread.pool.cached = true (default)
2023-02-14 08:17:12,523 [Listener at 127.0.0.1/34711] INFO  grpc.GrpcConfigKeys (ConfUtils.java:logGet(46)) - raft.grpc.server.async.request.thread.pool.size = 32 (default)
2023-02-14 08:17:12,524 [Listener at 127.0.0.1/34711] INFO  impl.DataStreamServerImpl (ConfUtils.java:logGet(46)) - raft.datastream.type = NETTY (custom)
2023-02-14 08:17:12,524 [Listener at 127.0.0.1/34711] INFO  server.RaftServerConfigKeys (ConfUtils.java:logGet(46)) - raft.server.data-stream.async.request.thread.pool.cached = false (default)
2023-02-14 08:17:12,524 [Listener at 127.0.0.1/34711] INFO  server.RaftServerConfigKeys (ConfUtils.java:logGet(46)) - raft.server.data-stream.async.request.thread.pool.size = 20 (custom)
2023-02-14 08:17:12,524 [Listener at 127.0.0.1/34711] INFO  server.RaftServerConfigKeys (ConfUtils.java:logGet(46)) - raft.server.data-stream.async.write.thread.pool.size = 16 (default)
2023-02-14 08:17:12,525 [Listener at 127.0.0.1/34711] INFO  server.RaftServerConfigKeys (ConfUtils.java:logGet(46)) - raft.server.data-stream.client.pool.size = 10 (default)
2023-02-14 08:17:12,525 [Listener at 127.0.0.1/34711] INFO  netty.NettyConfigKeys$DataStream (ConfUtils.java:logGet(46)) - raft.netty.dataStream.server.use-epoll = false (default)
2023-02-14 08:17:12,525 [Listener at 127.0.0.1/34711] INFO  netty.NettyConfigKeys$DataStream (ConfUtils.java:logGet(46)) - raft.netty.dataStream.server.boss-group.size = 0 (default)
2023-02-14 08:17:12,525 [Listener at 127.0.0.1/34711] INFO  netty.NettyConfigKeys$DataStream (ConfUtils.java:logGet(46)) - raft.netty.dataStream.server.worker-group.size = 0 (default)
2023-02-14 08:17:12,525 [Listener at 127.0.0.1/34711] INFO  netty.NettyConfigKeys$DataStream (ConfUtils.java:logGet(46)) - raft.netty.dataStream.server.tls.conf = null (default)
2023-02-14 08:17:12,525 [Listener at 127.0.0.1/34711] INFO  netty.NettyConfigKeys$DataStream (ConfUtils.java:logGet(46)) - raft.netty.dataStream.host = null (default)
2023-02-14 08:17:12,526 [Listener at 127.0.0.1/34711] INFO  netty.NettyConfigKeys$DataStream (ConfUtils.java:logGet(46)) - raft.netty.dataStream.port = 0 (default)
2023-02-14 08:17:12,526 [Listener at 127.0.0.1/34711] INFO  server.RaftServerConfigKeys (ConfUtils.java:logGet(46)) - raft.server.threadpool.proxy.cached = true (default)
2023-02-14 08:17:12,526 [Listener at 127.0.0.1/34711] INFO  server.RaftServerConfigKeys (ConfUtils.java:logGet(46)) - raft.server.threadpool.proxy.size = 0 (default)
2023-02-14 08:17:12,526 [Listener at 127.0.0.1/34711] INFO  server.RaftServerConfigKeys (ConfUtils.java:logGet(46)) - raft.server.rpc.slowness.timeout = 300s (custom)
2023-02-14 08:17:12,526 [Listener at 127.0.0.1/34711] INFO  server.RaftServerConfigKeys (ConfUtils.java:logGet(46)) - raft.server.leaderelection.leader.step-down.wait-time = 10s (default)
2023-02-14 08:17:12,527 [Listener at 127.0.0.1/34711] INFO  server.RaftServerConfigKeys (ConfUtils.java:logGet(46)) - raft.server.storage.dir = [/home/runner/work/ozone/ozone/hadoop-ozone/integration-test/target/test-dir/MiniOzoneClusterImpl-b6fac55f-b4cf-4cde-8675-802fd5a9473d/datanode-3/data/ratis] (custom)
2023-02-14 08:17:12,532 [88d3c63d-3e2f-409f-802f-d9c0d2dac669-NettyServerStreamRpc-bossGroup--thread1] INFO  logging.LoggingHandler (AbstractInternalLogger.java:log(148)) - [id: 0x644046a4] REGISTERED
2023-02-14 08:17:12,532 [88d3c63d-3e2f-409f-802f-d9c0d2dac669-NettyServerStreamRpc-bossGroup--thread1] INFO  logging.LoggingHandler (AbstractInternalLogger.java:log(148)) - [id: 0x644046a4] BIND: 0.0.0.0/0.0.0.0:0
2023-02-14 08:17:12,532 [88d3c63d-3e2f-409f-802f-d9c0d2dac669-NettyServerStreamRpc-bossGroup--thread1] INFO  logging.LoggingHandler (AbstractInternalLogger.java:log(148)) - [id: 0x644046a4, L:/0:0:0:0:0:0:0:0:46651] ACTIVE
2023-02-14 08:17:12,535 [Listener at 127.0.0.1/34711] INFO  server.XceiverServerGrpc (XceiverServerGrpc.java:<init>(132)) - GrpcServer channel type EpollServerSocketChannel
2023-02-14 08:17:12,539 [Listener at 127.0.0.1/34711] INFO  http.BaseHttpServer (BaseHttpServer.java:newHttpServer2BuilderForOzone(213)) - Starting Web-server for hddsDatanode at: http://0.0.0.0:0
2023-02-14 08:17:12,540 [Listener at 127.0.0.1/34711] INFO  http.BaseHttpServer (BaseHttpServer.java:<init>(108)) - Hadoop Security Enabled: false Ozone Security Enabled: false Ozone HTTP Security Enabled: false 
2023-02-14 08:17:12,541 [Listener at 127.0.0.1/34711] WARN  server.AuthenticationFilter (AuthenticationFilter.java:constructSecretProvider(240)) - Unable to initialize FileSignerSecretProvider, falling back to use random secrets. Reason: Could not read signature secret file: /home/runner/hadoop-http-auth-signature-secret
2023-02-14 08:17:12,542 [Listener at 127.0.0.1/34711] WARN  http.HttpRequestLog (HttpRequestLog.java:getRequestLog(103)) - Jetty request log can only be enabled using Log4j
2023-02-14 08:17:12,543 [Listener at 127.0.0.1/34711] INFO  http.HttpServer2 (HttpServer2.java:addGlobalFilter(1031)) - Added global filter 'safety' (class=org.apache.hadoop.hdds.server.http.HttpServer2$QuotingInputFilter)
2023-02-14 08:17:12,544 [Listener at 127.0.0.1/34711] INFO  http.HttpServer2 (HttpServer2.java:addFilter(1007)) - Added filter static_user_filter (class=org.apache.hadoop.http.lib.StaticUserWebFilter$StaticUserFilter) to context hddsDatanode
2023-02-14 08:17:12,544 [Listener at 127.0.0.1/34711] INFO  http.HttpServer2 (HttpServer2.java:addFilter(1015)) - Added filter static_user_filter (class=org.apache.hadoop.http.lib.StaticUserWebFilter$StaticUserFilter) to context logs
2023-02-14 08:17:12,544 [Listener at 127.0.0.1/34711] INFO  http.HttpServer2 (HttpServer2.java:addFilter(1015)) - Added filter static_user_filter (class=org.apache.hadoop.http.lib.StaticUserWebFilter$StaticUserFilter) to context static
2023-02-14 08:17:12,547 [Listener at 127.0.0.1/34711] INFO  http.HttpServer2 (HttpServer2.java:bindListener(1250)) - Jetty bound to port 44875
2023-02-14 08:17:12,547 [Listener at 127.0.0.1/34711] INFO  server.Server (Server.java:doStart(375)) - jetty-9.4.49.v20220914; built: 2022-09-14T01:07:36.601Z; git: 4231a3b2e4cb8548a412a789936d640a97b1aa0a; jvm 1.8.0_362-b09
2023-02-14 08:17:12,549 [Listener at 127.0.0.1/34711] INFO  server.session (DefaultSessionIdManager.java:doStart(334)) - DefaultSessionIdManager workerName=node0
2023-02-14 08:17:12,549 [Listener at 127.0.0.1/34711] INFO  server.session (DefaultSessionIdManager.java:doStart(339)) - No SessionScavenger set, using defaults
2023-02-14 08:17:12,549 [Listener at 127.0.0.1/34711] INFO  server.session (HouseKeeper.java:startScavenging(132)) - node0 Scavenging every 600000ms
2023-02-14 08:17:12,550 [Listener at 127.0.0.1/34711] INFO  handler.ContextHandler (ContextHandler.java:doStart(921)) - Started o.e.j.s.ServletContextHandler@702bb00f{logs,/logs,file:///home/runner/work/ozone/ozone/hadoop-ozone/integration-test/target/log,AVAILABLE}
2023-02-14 08:17:12,550 [Listener at 127.0.0.1/34711] INFO  handler.ContextHandler (ContextHandler.java:doStart(921)) - Started o.e.j.s.ServletContextHandler@6a3323fb{static,/static,jar:file:/home/runner/.m2/repository/org/apache/ozone/hdds-container-service/1.4.0-SNAPSHOT/hdds-container-service-1.4.0-SNAPSHOT.jar!/webapps/static,AVAILABLE}
2023-02-14 08:17:12,746 [Listener at 127.0.0.1/34711] INFO  handler.ContextHandler (ContextHandler.java:doStart(921)) - Started o.e.j.w.WebAppContext@9af31c1{hddsDatanode,/,file:///tmp/jetty-0_0_0_0-44875-hdds-container-service-1_4_0-SNAPSHOT_jar-_-any-8371054529052572778/webapp/,AVAILABLE}{jar:file:/home/runner/.m2/repository/org/apache/ozone/hdds-container-service/1.4.0-SNAPSHOT/hdds-container-service-1.4.0-SNAPSHOT.jar!/webapps/hddsDatanode}
2023-02-14 08:17:12,747 [Listener at 127.0.0.1/34711] INFO  server.AbstractConnector (AbstractConnector.java:doStart(333)) - Started ServerConnector@277a0b1e{HTTP/1.1, (http/1.1)}{0.0.0.0:44875}
2023-02-14 08:17:12,747 [Listener at 127.0.0.1/34711] INFO  server.Server (Server.java:doStart(415)) - Started @8824ms
2023-02-14 08:17:12,747 [Listener at 127.0.0.1/34711] WARN  impl.MetricsSystemImpl (MetricsSystemImpl.java:register(279)) - Sink prometheus already exists!
2023-02-14 08:17:12,748 [Listener at 127.0.0.1/34711] INFO  http.BaseHttpServer (BaseHttpServer.java:updateConnectorAddress(333)) - HTTP server of hddsDatanode listening at http://0.0.0.0:44875
2023-02-14 08:17:12,748 [Datanode State Machine Daemon Thread] INFO  statemachine.DatanodeStateMachine (DatanodeStateMachine.java:lambda$startDaemon$0(516)) - Ozone container server started.
2023-02-14 08:17:12,749 [Listener at 127.0.0.1/34711] WARN  impl.MetricRegistriesImpl (MetricRegistriesImpl.java:addReporterRegistration(111)) - New reporters are added after registries were created. Some metrics will be missing from the reporter. Please add reporter before adding any new registry.
2023-02-14 08:17:12,749 [Listener at 127.0.0.1/34711] WARN  impl.MetricRegistriesImpl (MetricRegistriesImpl.java:addReporterRegistration(111)) - New reporters are added after registries were created. Some metrics will be missing from the reporter. Please add reporter before adding any new registry.
2023-02-14 08:17:12,749 [Listener at 127.0.0.1/34711] INFO  impl.MetricsSystemImpl (MetricsSystemImpl.java:init(158)) - HddsDatanode metrics system started (again)
2023-02-14 08:17:12,758 [org.apache.hadoop.util.JvmPauseMonitor$Monitor@34de80d4] INFO  util.JvmPauseMonitor (JvmPauseMonitor.java:run(188)) - Starting JVM pause monitor
2023-02-14 08:17:12,760 [Listener at 127.0.0.1/34711] INFO  ozone.HddsDatanodeService (HddsDatanodeService.java:start(228)) - HddsDatanodeService host:fv-az476-382.2mevl5kwmm3ezivwarakluutxb.phxx.internal.cloudapp.net ip:10.1.0.19
2023-02-14 08:17:12,766 [Datanode State Machine Task Thread - 0] INFO  datanode.InitDatanodeState (InitDatanodeState.java:persistContainerDatanodeDetails(138)) - DatanodeDetails is persisted to /home/runner/work/ozone/ozone/hadoop-ozone/integration-test/target/test-dir/MiniOzoneClusterImpl-b6fac55f-b4cf-4cde-8675-802fd5a9473d/datanode-3/meta/datanode.id
2023-02-14 08:17:12,776 [Listener at 127.0.0.1/34711] INFO  upgrade.AbstractLayoutVersionManager (AbstractLayoutVersionManager.java:init(83)) - Initializing Layout version manager with metadata layout = DATANODE_SCHEMA_V3 (version = 4), software layout = DATANODE_SCHEMA_V3 (version = 4)
2023-02-14 08:17:12,821 [Listener at 127.0.0.1/34711] INFO  reflections.Reflections (Reflections.java:scan(232)) - Reflections took 43 ms to scan 7 urls, producing 150 keys and 363 values 
2023-02-14 08:17:12,823 [Listener at 127.0.0.1/34711] INFO  statemachine.DatanodeStateMachine (DatanodeStateMachine.java:getEndPointTaskThreadPoolSize(260)) - Datanode State Machine Task Thread Pool size 2
2023-02-14 08:17:12,825 [Listener at 127.0.0.1/34711] INFO  volume.HddsVolume (HddsVolume.java:<init>(122)) - Creating HddsVolume: /home/runner/work/ozone/ozone/hadoop-ozone/integration-test/target/test-dir/MiniOzoneClusterImpl-b6fac55f-b4cf-4cde-8675-802fd5a9473d/datanode-4/data-0/containers/hdds of storage type : DISK capacity : 9223372036854775807
2023-02-14 08:17:12,825 [Listener at 127.0.0.1/34711] INFO  volume.MutableVolumeSet (MutableVolumeSet.java:initializeVolumeSet(174)) - Added Volume : /home/runner/work/ozone/ozone/hadoop-ozone/integration-test/target/test-dir/MiniOzoneClusterImpl-b6fac55f-b4cf-4cde-8675-802fd5a9473d/datanode-4/data-0/containers/hdds to VolumeSet
2023-02-14 08:17:12,825 [Listener at 127.0.0.1/34711] INFO  volume.ThrottledAsyncChecker (ThrottledAsyncChecker.java:schedule(141)) - Scheduling a check for /home/runner/work/ozone/ozone/hadoop-ozone/integration-test/target/test-dir/MiniOzoneClusterImpl-b6fac55f-b4cf-4cde-8675-802fd5a9473d/datanode-4/data-0/containers/hdds
2023-02-14 08:17:12,830 [Listener at 127.0.0.1/34711] INFO  volume.StorageVolumeChecker (StorageVolumeChecker.java:checkAllVolumes(202)) - Scheduled health check for volume /home/runner/work/ozone/ozone/hadoop-ozone/integration-test/target/test-dir/MiniOzoneClusterImpl-b6fac55f-b4cf-4cde-8675-802fd5a9473d/datanode-4/data-0/containers/hdds
2023-02-14 08:17:12,841 [Listener at 127.0.0.1/34711] INFO  volume.MutableVolumeSet (MutableVolumeSet.java:initializeVolumeSet(174)) - Added Volume : /home/runner/work/ozone/ozone/hadoop-ozone/integration-test/target/test-dir/MiniOzoneClusterImpl-b6fac55f-b4cf-4cde-8675-802fd5a9473d/datanode-4/data/ratis to VolumeSet
2023-02-14 08:17:12,841 [Listener at 127.0.0.1/34711] INFO  volume.ThrottledAsyncChecker (ThrottledAsyncChecker.java:schedule(141)) - Scheduling a check for /home/runner/work/ozone/ozone/hadoop-ozone/integration-test/target/test-dir/MiniOzoneClusterImpl-b6fac55f-b4cf-4cde-8675-802fd5a9473d/datanode-4/data/ratis
2023-02-14 08:17:12,842 [Listener at 127.0.0.1/34711] INFO  volume.StorageVolumeChecker (StorageVolumeChecker.java:checkAllVolumes(202)) - Scheduled health check for volume /home/runner/work/ozone/ozone/hadoop-ozone/integration-test/target/test-dir/MiniOzoneClusterImpl-b6fac55f-b4cf-4cde-8675-802fd5a9473d/datanode-4/data/ratis
2023-02-14 08:17:12,852 [Thread-194] INFO  ozoneimpl.ContainerReader (ContainerReader.java:readVolume(175)) - Finish verifying containers on volume /home/runner/work/ozone/ozone/hadoop-ozone/integration-test/target/test-dir/MiniOzoneClusterImpl-b6fac55f-b4cf-4cde-8675-802fd5a9473d/datanode-4/data-0/containers/hdds
2023-02-14 08:17:12,852 [Listener at 127.0.0.1/34711] INFO  ozoneimpl.OzoneContainer (OzoneContainer.java:buildContainerSet(304)) - Build ContainerSet costs 0s
2023-02-14 08:17:12,855 [Listener at 127.0.0.1/34711] INFO  server.RaftServer (ConfUtils.java:logGet(46)) - raft.rpc.type = GRPC (default)
2023-02-14 08:17:12,855 [Listener at 127.0.0.1/34711] INFO  grpc.GrpcConfigKeys (ConfUtils.java:logFallback(53)) - raft.grpc.admin.host = null (fallback to raft.grpc.server.host)
2023-02-14 08:17:12,855 [Listener at 127.0.0.1/34711] INFO  grpc.GrpcConfigKeys (ConfUtils.java:logGet(46)) - raft.grpc.admin.port = 0 (custom)
2023-02-14 08:17:12,856 [Listener at 127.0.0.1/34711] INFO  grpc.GrpcConfigKeys (ConfUtils.java:logFallback(53)) - raft.grpc.client.host = null (fallback to raft.grpc.server.host)
2023-02-14 08:17:12,856 [Listener at 127.0.0.1/34711] INFO  grpc.GrpcConfigKeys (ConfUtils.java:logGet(46)) - raft.grpc.client.port = 0 (custom)
2023-02-14 08:17:12,856 [Listener at 127.0.0.1/34711] INFO  grpc.GrpcConfigKeys (ConfUtils.java:logGet(46)) - raft.grpc.server.host = null (default)
2023-02-14 08:17:12,856 [Listener at 127.0.0.1/34711] INFO  grpc.GrpcConfigKeys (ConfUtils.java:logGet(46)) - raft.grpc.server.port = 0 (default)
2023-02-14 08:17:12,856 [Listener at 127.0.0.1/34711] INFO  server.GrpcService (ConfUtils.java:logGet(46)) - raft.grpc.message.size.max = 32MB (=33554432) (custom)
2023-02-14 08:17:12,856 [Listener at 127.0.0.1/34711] INFO  server.RaftServerConfigKeys (ConfUtils.java:logGet(46)) - raft.server.log.appender.buffer.byte-limit = 33554432 (custom)
2023-02-14 08:17:12,856 [Listener at 127.0.0.1/34711] INFO  server.GrpcService (ConfUtils.java:logGet(46)) - raft.grpc.flow.control.window = 5MB (=5242880) (custom)
2023-02-14 08:17:12,856 [Listener at 127.0.0.1/34711] INFO  server.RaftServerConfigKeys (ConfUtils.java:logGet(46)) - raft.server.rpc.request.timeout = 60s (custom)
2023-02-14 08:17:12,856 [Listener at 127.0.0.1/34711] INFO  grpc.GrpcConfigKeys (ConfUtils.java:logGet(46)) - raft.grpc.server.heartbeat.channel = true (default)
2023-02-14 08:17:12,856 [Listener at 127.0.0.1/34711] INFO  grpc.GrpcConfigKeys (ConfUtils.java:logGet(46)) - raft.grpc.server.async.request.thread.pool.cached = true (default)
2023-02-14 08:17:12,857 [Listener at 127.0.0.1/34711] INFO  grpc.GrpcConfigKeys (ConfUtils.java:logGet(46)) - raft.grpc.server.async.request.thread.pool.size = 32 (default)
2023-02-14 08:17:12,857 [Listener at 127.0.0.1/34711] INFO  impl.DataStreamServerImpl (ConfUtils.java:logGet(46)) - raft.datastream.type = NETTY (custom)
2023-02-14 08:17:12,858 [Listener at 127.0.0.1/34711] INFO  server.RaftServerConfigKeys (ConfUtils.java:logGet(46)) - raft.server.data-stream.async.request.thread.pool.cached = false (default)
2023-02-14 08:17:12,858 [Listener at 127.0.0.1/34711] INFO  server.RaftServerConfigKeys (ConfUtils.java:logGet(46)) - raft.server.data-stream.async.request.thread.pool.size = 20 (custom)
2023-02-14 08:17:12,858 [Listener at 127.0.0.1/34711] INFO  server.RaftServerConfigKeys (ConfUtils.java:logGet(46)) - raft.server.data-stream.async.write.thread.pool.size = 16 (default)
2023-02-14 08:17:12,858 [Listener at 127.0.0.1/34711] INFO  server.RaftServerConfigKeys (ConfUtils.java:logGet(46)) - raft.server.data-stream.client.pool.size = 10 (default)
2023-02-14 08:17:12,858 [Listener at 127.0.0.1/34711] INFO  netty.NettyConfigKeys$DataStream (ConfUtils.java:logGet(46)) - raft.netty.dataStream.server.use-epoll = false (default)
2023-02-14 08:17:12,858 [Listener at 127.0.0.1/34711] INFO  netty.NettyConfigKeys$DataStream (ConfUtils.java:logGet(46)) - raft.netty.dataStream.server.boss-group.size = 0 (default)
2023-02-14 08:17:12,859 [Listener at 127.0.0.1/34711] INFO  netty.NettyConfigKeys$DataStream (ConfUtils.java:logGet(46)) - raft.netty.dataStream.server.worker-group.size = 0 (default)
2023-02-14 08:17:12,859 [Listener at 127.0.0.1/34711] INFO  netty.NettyConfigKeys$DataStream (ConfUtils.java:logGet(46)) - raft.netty.dataStream.server.tls.conf = null (default)
2023-02-14 08:17:12,859 [Listener at 127.0.0.1/34711] INFO  netty.NettyConfigKeys$DataStream (ConfUtils.java:logGet(46)) - raft.netty.dataStream.host = null (default)
2023-02-14 08:17:12,859 [Listener at 127.0.0.1/34711] INFO  netty.NettyConfigKeys$DataStream (ConfUtils.java:logGet(46)) - raft.netty.dataStream.port = 0 (default)
2023-02-14 08:17:12,860 [Listener at 127.0.0.1/34711] INFO  server.RaftServerConfigKeys (ConfUtils.java:logGet(46)) - raft.server.threadpool.proxy.cached = true (default)
2023-02-14 08:17:12,860 [Listener at 127.0.0.1/34711] INFO  server.RaftServerConfigKeys (ConfUtils.java:logGet(46)) - raft.server.threadpool.proxy.size = 0 (default)
2023-02-14 08:17:12,860 [Listener at 127.0.0.1/34711] INFO  server.RaftServerConfigKeys (ConfUtils.java:logGet(46)) - raft.server.rpc.slowness.timeout = 300s (custom)
2023-02-14 08:17:12,860 [Listener at 127.0.0.1/34711] INFO  server.RaftServerConfigKeys (ConfUtils.java:logGet(46)) - raft.server.leaderelection.leader.step-down.wait-time = 10s (default)
2023-02-14 08:17:12,860 [Listener at 127.0.0.1/34711] INFO  server.RaftServerConfigKeys (ConfUtils.java:logGet(46)) - raft.server.storage.dir = [/home/runner/work/ozone/ozone/hadoop-ozone/integration-test/target/test-dir/MiniOzoneClusterImpl-b6fac55f-b4cf-4cde-8675-802fd5a9473d/datanode-4/data/ratis] (custom)
2023-02-14 08:17:12,863 [1b99b404-66b9-4d1b-b018-91bc4acf8ed2-NettyServerStreamRpc-bossGroup--thread1] INFO  logging.LoggingHandler (AbstractInternalLogger.java:log(148)) - [id: 0x1f4dcd75] REGISTERED
2023-02-14 08:17:12,863 [1b99b404-66b9-4d1b-b018-91bc4acf8ed2-NettyServerStreamRpc-bossGroup--thread1] INFO  logging.LoggingHandler (AbstractInternalLogger.java:log(148)) - [id: 0x1f4dcd75] BIND: 0.0.0.0/0.0.0.0:0
2023-02-14 08:17:12,864 [1b99b404-66b9-4d1b-b018-91bc4acf8ed2-NettyServerStreamRpc-bossGroup--thread1] INFO  logging.LoggingHandler (AbstractInternalLogger.java:log(148)) - [id: 0x1f4dcd75, L:/0:0:0:0:0:0:0:0:35453] ACTIVE
2023-02-14 08:17:12,868 [Listener at 127.0.0.1/34711] INFO  server.XceiverServerGrpc (XceiverServerGrpc.java:<init>(132)) - GrpcServer channel type EpollServerSocketChannel
2023-02-14 08:17:12,875 [Listener at 127.0.0.1/34711] INFO  http.BaseHttpServer (BaseHttpServer.java:newHttpServer2BuilderForOzone(213)) - Starting Web-server for hddsDatanode at: http://0.0.0.0:0
2023-02-14 08:17:12,875 [Listener at 127.0.0.1/34711] INFO  http.BaseHttpServer (BaseHttpServer.java:<init>(108)) - Hadoop Security Enabled: false Ozone Security Enabled: false Ozone HTTP Security Enabled: false 
2023-02-14 08:17:12,877 [Listener at 127.0.0.1/34711] WARN  server.AuthenticationFilter (AuthenticationFilter.java:constructSecretProvider(240)) - Unable to initialize FileSignerSecretProvider, falling back to use random secrets. Reason: Could not read signature secret file: /home/runner/hadoop-http-auth-signature-secret
2023-02-14 08:17:12,878 [Listener at 127.0.0.1/34711] WARN  http.HttpRequestLog (HttpRequestLog.java:getRequestLog(103)) - Jetty request log can only be enabled using Log4j
2023-02-14 08:17:12,880 [Listener at 127.0.0.1/34711] INFO  http.HttpServer2 (HttpServer2.java:addGlobalFilter(1031)) - Added global filter 'safety' (class=org.apache.hadoop.hdds.server.http.HttpServer2$QuotingInputFilter)
2023-02-14 08:17:12,881 [Listener at 127.0.0.1/34711] INFO  http.HttpServer2 (HttpServer2.java:addFilter(1007)) - Added filter static_user_filter (class=org.apache.hadoop.http.lib.StaticUserWebFilter$StaticUserFilter) to context hddsDatanode
2023-02-14 08:17:12,881 [Listener at 127.0.0.1/34711] INFO  http.HttpServer2 (HttpServer2.java:addFilter(1015)) - Added filter static_user_filter (class=org.apache.hadoop.http.lib.StaticUserWebFilter$StaticUserFilter) to context logs
2023-02-14 08:17:12,882 [Listener at 127.0.0.1/34711] INFO  http.HttpServer2 (HttpServer2.java:addFilter(1015)) - Added filter static_user_filter (class=org.apache.hadoop.http.lib.StaticUserWebFilter$StaticUserFilter) to context static
2023-02-14 08:17:12,882 [Listener at 127.0.0.1/34711] INFO  http.HttpServer2 (HttpServer2.java:bindListener(1250)) - Jetty bound to port 38579
2023-02-14 08:17:12,882 [Listener at 127.0.0.1/34711] INFO  server.Server (Server.java:doStart(375)) - jetty-9.4.49.v20220914; built: 2022-09-14T01:07:36.601Z; git: 4231a3b2e4cb8548a412a789936d640a97b1aa0a; jvm 1.8.0_362-b09
2023-02-14 08:17:12,884 [Listener at 127.0.0.1/34711] INFO  server.session (DefaultSessionIdManager.java:doStart(334)) - DefaultSessionIdManager workerName=node0
2023-02-14 08:17:12,884 [Listener at 127.0.0.1/34711] INFO  server.session (DefaultSessionIdManager.java:doStart(339)) - No SessionScavenger set, using defaults
2023-02-14 08:17:12,884 [Listener at 127.0.0.1/34711] INFO  server.session (HouseKeeper.java:startScavenging(132)) - node0 Scavenging every 660000ms
2023-02-14 08:17:12,885 [Listener at 127.0.0.1/34711] INFO  handler.ContextHandler (ContextHandler.java:doStart(921)) - Started o.e.j.s.ServletContextHandler@71d0c4ac{logs,/logs,file:///home/runner/work/ozone/ozone/hadoop-ozone/integration-test/target/log,AVAILABLE}
2023-02-14 08:17:12,885 [Listener at 127.0.0.1/34711] INFO  handler.ContextHandler (ContextHandler.java:doStart(921)) - Started o.e.j.s.ServletContextHandler@18dfd811{static,/static,jar:file:/home/runner/.m2/repository/org/apache/ozone/hdds-container-service/1.4.0-SNAPSHOT/hdds-container-service-1.4.0-SNAPSHOT.jar!/webapps/static,AVAILABLE}
2023-02-14 08:17:13,085 [Listener at 127.0.0.1/34711] INFO  handler.ContextHandler (ContextHandler.java:doStart(921)) - Started o.e.j.w.WebAppContext@716f3b97{hddsDatanode,/,file:///tmp/jetty-0_0_0_0-38579-hdds-container-service-1_4_0-SNAPSHOT_jar-_-any-2296224482479999499/webapp/,AVAILABLE}{jar:file:/home/runner/.m2/repository/org/apache/ozone/hdds-container-service/1.4.0-SNAPSHOT/hdds-container-service-1.4.0-SNAPSHOT.jar!/webapps/hddsDatanode}
2023-02-14 08:17:13,087 [Listener at 127.0.0.1/34711] INFO  server.AbstractConnector (AbstractConnector.java:doStart(333)) - Started ServerConnector@563f000f{HTTP/1.1, (http/1.1)}{0.0.0.0:38579}
2023-02-14 08:17:13,087 [Listener at 127.0.0.1/34711] INFO  server.Server (Server.java:doStart(415)) - Started @9163ms
2023-02-14 08:17:13,087 [Listener at 127.0.0.1/34711] WARN  impl.MetricsSystemImpl (MetricsSystemImpl.java:register(279)) - Sink prometheus already exists!
2023-02-14 08:17:13,087 [Listener at 127.0.0.1/34711] INFO  http.BaseHttpServer (BaseHttpServer.java:updateConnectorAddress(333)) - HTTP server of hddsDatanode listening at http://0.0.0.0:38579
2023-02-14 08:17:13,092 [Datanode State Machine Daemon Thread] INFO  statemachine.DatanodeStateMachine (DatanodeStateMachine.java:lambda$startDaemon$0(516)) - Ozone container server started.
2023-02-14 08:17:13,093 [Listener at 127.0.0.1/34711] INFO  ozone.MiniOzoneClusterImpl (MiniOzoneClusterImpl.java:lambda$waitForClusterToBeReady$0(218)) - Waiting for nodes to be ready. Got 0 of 5 DN Heartbeats.
2023-02-14 08:17:13,093 [Listener at 127.0.0.1/34711] INFO  ozone.MiniOzoneClusterImpl (MiniOzoneClusterImpl.java:lambda$waitForClusterToBeReady$0(221)) - Waiting for cluster to exit safe mode
2023-02-14 08:17:13,094 [Listener at 127.0.0.1/34711] INFO  ozone.MiniOzoneClusterImpl (MiniOzoneClusterImpl.java:lambda$waitForClusterToBeReady$0(223)) - SCM became leader
2023-02-14 08:17:13,095 [org.apache.hadoop.util.JvmPauseMonitor$Monitor@700d16aa] INFO  util.JvmPauseMonitor (JvmPauseMonitor.java:run(188)) - Starting JVM pause monitor
2023-02-14 08:17:13,096 [Datanode State Machine Task Thread - 0] INFO  datanode.InitDatanodeState (InitDatanodeState.java:persistContainerDatanodeDetails(138)) - DatanodeDetails is persisted to /home/runner/work/ozone/ozone/hadoop-ozone/integration-test/target/test-dir/MiniOzoneClusterImpl-b6fac55f-b4cf-4cde-8675-802fd5a9473d/datanode-4/meta/datanode.id
2023-02-14 08:17:13,545 [EndpointStateMachine task thread for /0.0.0.0:37079 - 0 ] INFO  utils.DatanodeStoreCache (DatanodeStoreCache.java:addDB(58)) - Added db /home/runner/work/ozone/ozone/hadoop-ozone/integration-test/target/test-dir/MiniOzoneClusterImpl-b6fac55f-b4cf-4cde-8675-802fd5a9473d/datanode-0/data-0/containers/hdds/b6fac55f-b4cf-4cde-8675-802fd5a9473d/DS-12de41bc-efea-4491-8944-cb70445b0290/container.db to cache
2023-02-14 08:17:13,545 [EndpointStateMachine task thread for /0.0.0.0:37079 - 0 ] INFO  volume.HddsVolume (HddsVolume.java:createDbStore(331)) - SchemaV3 db is created and loaded at /home/runner/work/ozone/ozone/hadoop-ozone/integration-test/target/test-dir/MiniOzoneClusterImpl-b6fac55f-b4cf-4cde-8675-802fd5a9473d/datanode-0/data-0/containers/hdds/b6fac55f-b4cf-4cde-8675-802fd5a9473d/DS-12de41bc-efea-4491-8944-cb70445b0290/container.db for volume DS-12de41bc-efea-4491-8944-cb70445b0290
2023-02-14 08:17:13,546 [EndpointStateMachine task thread for /0.0.0.0:37079 - 0 ] INFO  ozoneimpl.OzoneContainer (OzoneContainer.java:start(398)) - Attempting to start container services.
2023-02-14 08:17:13,549 [EndpointStateMachine task thread for /0.0.0.0:37079 - 0 ] INFO  ozoneimpl.OzoneContainer (OzoneContainer.java:startContainerScrub(315)) - Scheduled background container scanners and the on-demand container scanner have been disabled.
2023-02-14 08:17:13,551 [EndpointStateMachine task thread for /0.0.0.0:37079 - 0 ] INFO  replication.ReplicationServer (ReplicationServer.java:start(109)) - ReplicationServer is started using port 33359
2023-02-14 08:17:13,553 [EndpointStateMachine task thread for /0.0.0.0:37079 - 0 ] INFO  ratis.XceiverServerRatis (XceiverServerRatis.java:start(518)) - Starting XceiverServerRatis f91196cd-4755-4cf6-996a-4ead370c0744
2023-02-14 08:17:13,554 [EndpointStateMachine task thread for /0.0.0.0:37079 - 0 ] INFO  server.RaftServer (RaftServerProxy.java:startImpl(393)) - f91196cd-4755-4cf6-996a-4ead370c0744: start RPC server
2023-02-14 08:17:13,560 [EndpointStateMachine task thread for /0.0.0.0:37079 - 0 ] INFO  server.GrpcService (GrpcService.java:startImpl(262)) - f91196cd-4755-4cf6-996a-4ead370c0744: GrpcService started, listening on 34709
2023-02-14 08:17:13,562 [EndpointStateMachine task thread for /0.0.0.0:37079 - 0 ] INFO  ratis.XceiverServerRatis (XceiverServerRatis.java:getRealPort(544)) - XceiverServerRatis f91196cd-4755-4cf6-996a-4ead370c0744 is started using port 34709 for RATIS
2023-02-14 08:17:13,562 [EndpointStateMachine task thread for /0.0.0.0:37079 - 0 ] INFO  ratis.XceiverServerRatis (XceiverServerRatis.java:getRealPort(544)) - XceiverServerRatis f91196cd-4755-4cf6-996a-4ead370c0744 is started using port 34709 for RATIS_ADMIN
2023-02-14 08:17:13,562 [EndpointStateMachine task thread for /0.0.0.0:37079 - 0 ] INFO  ratis.XceiverServerRatis (XceiverServerRatis.java:getRealPort(544)) - XceiverServerRatis f91196cd-4755-4cf6-996a-4ead370c0744 is started using port 34709 for RATIS_SERVER
2023-02-14 08:17:13,562 [EndpointStateMachine task thread for /0.0.0.0:37079 - 0 ] INFO  ratis.XceiverServerRatis (XceiverServerRatis.java:getRealPort(544)) - XceiverServerRatis f91196cd-4755-4cf6-996a-4ead370c0744 is started using port 38337 for RATIS_DATASTREAM
2023-02-14 08:17:13,563 [JvmPauseMonitor1] INFO  util.JvmPauseMonitor (JvmPauseMonitor.java:run(105)) - JvmPauseMonitor-f91196cd-4755-4cf6-996a-4ead370c0744: Started
2023-02-14 08:17:13,570 [EndpointStateMachine task thread for /0.0.0.0:37079 - 0 ] INFO  server.XceiverServerGrpc (XceiverServerGrpc.java:start(180)) - XceiverServerGrpc f91196cd-4755-4cf6-996a-4ead370c0744 is started using port 44071
2023-02-14 08:17:14,058 [EndpointStateMachine task thread for /0.0.0.0:37079 - 0 ] INFO  utils.DatanodeStoreCache (DatanodeStoreCache.java:addDB(58)) - Added db /home/runner/work/ozone/ozone/hadoop-ozone/integration-test/target/test-dir/MiniOzoneClusterImpl-b6fac55f-b4cf-4cde-8675-802fd5a9473d/datanode-1/data-0/containers/hdds/b6fac55f-b4cf-4cde-8675-802fd5a9473d/DS-43f650dc-fcd5-4e56-8b97-2227a7f79b6a/container.db to cache
2023-02-14 08:17:14,058 [EndpointStateMachine task thread for /0.0.0.0:37079 - 0 ] INFO  volume.HddsVolume (HddsVolume.java:createDbStore(331)) - SchemaV3 db is created and loaded at /home/runner/work/ozone/ozone/hadoop-ozone/integration-test/target/test-dir/MiniOzoneClusterImpl-b6fac55f-b4cf-4cde-8675-802fd5a9473d/datanode-1/data-0/containers/hdds/b6fac55f-b4cf-4cde-8675-802fd5a9473d/DS-43f650dc-fcd5-4e56-8b97-2227a7f79b6a/container.db for volume DS-43f650dc-fcd5-4e56-8b97-2227a7f79b6a
2023-02-14 08:17:14,059 [EndpointStateMachine task thread for /0.0.0.0:37079 - 0 ] INFO  ozoneimpl.OzoneContainer (OzoneContainer.java:start(398)) - Attempting to start container services.
2023-02-14 08:17:14,059 [EndpointStateMachine task thread for /0.0.0.0:37079 - 0 ] INFO  ozoneimpl.OzoneContainer (OzoneContainer.java:startContainerScrub(315)) - Scheduled background container scanners and the on-demand container scanner have been disabled.
2023-02-14 08:17:14,060 [EndpointStateMachine task thread for /0.0.0.0:37079 - 0 ] INFO  replication.ReplicationServer (ReplicationServer.java:start(109)) - ReplicationServer is started using port 35989
2023-02-14 08:17:14,061 [EndpointStateMachine task thread for /0.0.0.0:37079 - 0 ] INFO  ratis.XceiverServerRatis (XceiverServerRatis.java:start(518)) - Starting XceiverServerRatis 36e1e605-60e1-4f03-904e-89ea76d9efd4
2023-02-14 08:17:14,061 [EndpointStateMachine task thread for /0.0.0.0:37079 - 0 ] INFO  server.RaftServer (RaftServerProxy.java:startImpl(393)) - 36e1e605-60e1-4f03-904e-89ea76d9efd4: start RPC server
2023-02-14 08:17:14,063 [EndpointStateMachine task thread for /0.0.0.0:37079 - 0 ] INFO  server.GrpcService (GrpcService.java:startImpl(262)) - 36e1e605-60e1-4f03-904e-89ea76d9efd4: GrpcService started, listening on 42805
2023-02-14 08:17:14,063 [EndpointStateMachine task thread for /0.0.0.0:37079 - 0 ] INFO  ratis.XceiverServerRatis (XceiverServerRatis.java:getRealPort(544)) - XceiverServerRatis 36e1e605-60e1-4f03-904e-89ea76d9efd4 is started using port 42805 for RATIS
2023-02-14 08:17:14,063 [EndpointStateMachine task thread for /0.0.0.0:37079 - 0 ] INFO  ratis.XceiverServerRatis (XceiverServerRatis.java:getRealPort(544)) - XceiverServerRatis 36e1e605-60e1-4f03-904e-89ea76d9efd4 is started using port 42805 for RATIS_ADMIN
2023-02-14 08:17:14,063 [EndpointStateMachine task thread for /0.0.0.0:37079 - 0 ] INFO  ratis.XceiverServerRatis (XceiverServerRatis.java:getRealPort(544)) - XceiverServerRatis 36e1e605-60e1-4f03-904e-89ea76d9efd4 is started using port 42805 for RATIS_SERVER
2023-02-14 08:17:14,063 [EndpointStateMachine task thread for /0.0.0.0:37079 - 0 ] INFO  ratis.XceiverServerRatis (XceiverServerRatis.java:getRealPort(544)) - XceiverServerRatis 36e1e605-60e1-4f03-904e-89ea76d9efd4 is started using port 41129 for RATIS_DATASTREAM
2023-02-14 08:17:14,064 [JvmPauseMonitor2] INFO  util.JvmPauseMonitor (JvmPauseMonitor.java:run(105)) - JvmPauseMonitor-36e1e605-60e1-4f03-904e-89ea76d9efd4: Started
2023-02-14 08:17:14,071 [EndpointStateMachine task thread for /0.0.0.0:37079 - 0 ] INFO  server.XceiverServerGrpc (XceiverServerGrpc.java:start(180)) - XceiverServerGrpc 36e1e605-60e1-4f03-904e-89ea76d9efd4 is started using port 42739
2023-02-14 08:17:14,094 [Listener at 127.0.0.1/34711] INFO  ozone.MiniOzoneClusterImpl (MiniOzoneClusterImpl.java:lambda$waitForClusterToBeReady$0(218)) - Waiting for nodes to be ready. Got 0 of 5 DN Heartbeats.
2023-02-14 08:17:14,094 [Listener at 127.0.0.1/34711] INFO  ozone.MiniOzoneClusterImpl (MiniOzoneClusterImpl.java:lambda$waitForClusterToBeReady$0(221)) - Waiting for cluster to exit safe mode
2023-02-14 08:17:14,094 [Listener at 127.0.0.1/34711] INFO  ozone.MiniOzoneClusterImpl (MiniOzoneClusterImpl.java:lambda$waitForClusterToBeReady$0(223)) - SCM became leader
2023-02-14 08:17:14,439 [EndpointStateMachine task thread for /0.0.0.0:37079 - 0 ] INFO  utils.DatanodeStoreCache (DatanodeStoreCache.java:addDB(58)) - Added db /home/runner/work/ozone/ozone/hadoop-ozone/integration-test/target/test-dir/MiniOzoneClusterImpl-b6fac55f-b4cf-4cde-8675-802fd5a9473d/datanode-2/data-0/containers/hdds/b6fac55f-b4cf-4cde-8675-802fd5a9473d/DS-635551e7-258e-4e91-a03d-6c814951d26d/container.db to cache
2023-02-14 08:17:14,439 [EndpointStateMachine task thread for /0.0.0.0:37079 - 0 ] INFO  volume.HddsVolume (HddsVolume.java:createDbStore(331)) - SchemaV3 db is created and loaded at /home/runner/work/ozone/ozone/hadoop-ozone/integration-test/target/test-dir/MiniOzoneClusterImpl-b6fac55f-b4cf-4cde-8675-802fd5a9473d/datanode-2/data-0/containers/hdds/b6fac55f-b4cf-4cde-8675-802fd5a9473d/DS-635551e7-258e-4e91-a03d-6c814951d26d/container.db for volume DS-635551e7-258e-4e91-a03d-6c814951d26d
2023-02-14 08:17:14,439 [EndpointStateMachine task thread for /0.0.0.0:37079 - 0 ] INFO  ozoneimpl.OzoneContainer (OzoneContainer.java:start(398)) - Attempting to start container services.
2023-02-14 08:17:14,439 [EndpointStateMachine task thread for /0.0.0.0:37079 - 0 ] INFO  ozoneimpl.OzoneContainer (OzoneContainer.java:startContainerScrub(315)) - Scheduled background container scanners and the on-demand container scanner have been disabled.
2023-02-14 08:17:14,447 [EndpointStateMachine task thread for /0.0.0.0:37079 - 0 ] INFO  replication.ReplicationServer (ReplicationServer.java:start(109)) - ReplicationServer is started using port 38941
2023-02-14 08:17:14,447 [EndpointStateMachine task thread for /0.0.0.0:37079 - 0 ] INFO  ratis.XceiverServerRatis (XceiverServerRatis.java:start(518)) - Starting XceiverServerRatis 3f6fb327-55b5-41b7-853a-8e3dfa7d6293
2023-02-14 08:17:14,452 [EndpointStateMachine task thread for /0.0.0.0:37079 - 0 ] INFO  server.RaftServer (RaftServerProxy.java:startImpl(393)) - 3f6fb327-55b5-41b7-853a-8e3dfa7d6293: start RPC server
2023-02-14 08:17:14,453 [EndpointStateMachine task thread for /0.0.0.0:37079 - 0 ] INFO  server.GrpcService (GrpcService.java:startImpl(262)) - 3f6fb327-55b5-41b7-853a-8e3dfa7d6293: GrpcService started, listening on 43559
2023-02-14 08:17:14,453 [EndpointStateMachine task thread for /0.0.0.0:37079 - 0 ] INFO  ratis.XceiverServerRatis (XceiverServerRatis.java:getRealPort(544)) - XceiverServerRatis 3f6fb327-55b5-41b7-853a-8e3dfa7d6293 is started using port 43559 for RATIS
2023-02-14 08:17:14,453 [JvmPauseMonitor3] INFO  util.JvmPauseMonitor (JvmPauseMonitor.java:run(105)) - JvmPauseMonitor-3f6fb327-55b5-41b7-853a-8e3dfa7d6293: Started
2023-02-14 08:17:14,453 [EndpointStateMachine task thread for /0.0.0.0:37079 - 0 ] INFO  ratis.XceiverServerRatis (XceiverServerRatis.java:getRealPort(544)) - XceiverServerRatis 3f6fb327-55b5-41b7-853a-8e3dfa7d6293 is started using port 43559 for RATIS_ADMIN
2023-02-14 08:17:14,454 [EndpointStateMachine task thread for /0.0.0.0:37079 - 0 ] INFO  ratis.XceiverServerRatis (XceiverServerRatis.java:getRealPort(544)) - XceiverServerRatis 3f6fb327-55b5-41b7-853a-8e3dfa7d6293 is started using port 43559 for RATIS_SERVER
2023-02-14 08:17:14,454 [EndpointStateMachine task thread for /0.0.0.0:37079 - 0 ] INFO  ratis.XceiverServerRatis (XceiverServerRatis.java:getRealPort(544)) - XceiverServerRatis 3f6fb327-55b5-41b7-853a-8e3dfa7d6293 is started using port 43503 for RATIS_DATASTREAM
2023-02-14 08:17:14,456 [EndpointStateMachine task thread for /0.0.0.0:37079 - 0 ] INFO  server.XceiverServerGrpc (XceiverServerGrpc.java:start(180)) - XceiverServerGrpc 3f6fb327-55b5-41b7-853a-8e3dfa7d6293 is started using port 36917
2023-02-14 08:17:14,781 [EndpointStateMachine task thread for /0.0.0.0:37079 - 0 ] INFO  utils.DatanodeStoreCache (DatanodeStoreCache.java:addDB(58)) - Added db /home/runner/work/ozone/ozone/hadoop-ozone/integration-test/target/test-dir/MiniOzoneClusterImpl-b6fac55f-b4cf-4cde-8675-802fd5a9473d/datanode-3/data-0/containers/hdds/b6fac55f-b4cf-4cde-8675-802fd5a9473d/DS-f3582133-aeb9-4947-87f5-c56e3e3a88c3/container.db to cache
2023-02-14 08:17:14,781 [EndpointStateMachine task thread for /0.0.0.0:37079 - 0 ] INFO  volume.HddsVolume (HddsVolume.java:createDbStore(331)) - SchemaV3 db is created and loaded at /home/runner/work/ozone/ozone/hadoop-ozone/integration-test/target/test-dir/MiniOzoneClusterImpl-b6fac55f-b4cf-4cde-8675-802fd5a9473d/datanode-3/data-0/containers/hdds/b6fac55f-b4cf-4cde-8675-802fd5a9473d/DS-f3582133-aeb9-4947-87f5-c56e3e3a88c3/container.db for volume DS-f3582133-aeb9-4947-87f5-c56e3e3a88c3
2023-02-14 08:17:14,782 [EndpointStateMachine task thread for /0.0.0.0:37079 - 0 ] INFO  ozoneimpl.OzoneContainer (OzoneContainer.java:start(398)) - Attempting to start container services.
2023-02-14 08:17:14,782 [EndpointStateMachine task thread for /0.0.0.0:37079 - 0 ] INFO  ozoneimpl.OzoneContainer (OzoneContainer.java:startContainerScrub(315)) - Scheduled background container scanners and the on-demand container scanner have been disabled.
2023-02-14 08:17:14,785 [EndpointStateMachine task thread for /0.0.0.0:37079 - 0 ] INFO  replication.ReplicationServer (ReplicationServer.java:start(109)) - ReplicationServer is started using port 43477
2023-02-14 08:17:14,785 [EndpointStateMachine task thread for /0.0.0.0:37079 - 0 ] INFO  ratis.XceiverServerRatis (XceiverServerRatis.java:start(518)) - Starting XceiverServerRatis 88d3c63d-3e2f-409f-802f-d9c0d2dac669
2023-02-14 08:17:14,789 [EndpointStateMachine task thread for /0.0.0.0:37079 - 0 ] INFO  server.RaftServer (RaftServerProxy.java:startImpl(393)) - 88d3c63d-3e2f-409f-802f-d9c0d2dac669: start RPC server
2023-02-14 08:17:14,791 [EndpointStateMachine task thread for /0.0.0.0:37079 - 0 ] INFO  server.GrpcService (GrpcService.java:startImpl(262)) - 88d3c63d-3e2f-409f-802f-d9c0d2dac669: GrpcService started, listening on 39647
2023-02-14 08:17:14,791 [EndpointStateMachine task thread for /0.0.0.0:37079 - 0 ] INFO  ratis.XceiverServerRatis (XceiverServerRatis.java:getRealPort(544)) - XceiverServerRatis 88d3c63d-3e2f-409f-802f-d9c0d2dac669 is started using port 39647 for RATIS
2023-02-14 08:17:14,791 [JvmPauseMonitor4] INFO  util.JvmPauseMonitor (JvmPauseMonitor.java:run(105)) - JvmPauseMonitor-88d3c63d-3e2f-409f-802f-d9c0d2dac669: Started
2023-02-14 08:17:14,791 [EndpointStateMachine task thread for /0.0.0.0:37079 - 0 ] INFO  ratis.XceiverServerRatis (XceiverServerRatis.java:getRealPort(544)) - XceiverServerRatis 88d3c63d-3e2f-409f-802f-d9c0d2dac669 is started using port 39647 for RATIS_ADMIN
2023-02-14 08:17:14,791 [EndpointStateMachine task thread for /0.0.0.0:37079 - 0 ] INFO  ratis.XceiverServerRatis (XceiverServerRatis.java:getRealPort(544)) - XceiverServerRatis 88d3c63d-3e2f-409f-802f-d9c0d2dac669 is started using port 39647 for RATIS_SERVER
2023-02-14 08:17:14,791 [EndpointStateMachine task thread for /0.0.0.0:37079 - 0 ] INFO  ratis.XceiverServerRatis (XceiverServerRatis.java:getRealPort(544)) - XceiverServerRatis 88d3c63d-3e2f-409f-802f-d9c0d2dac669 is started using port 46651 for RATIS_DATASTREAM
2023-02-14 08:17:14,795 [EndpointStateMachine task thread for /0.0.0.0:37079 - 0 ] INFO  server.XceiverServerGrpc (XceiverServerGrpc.java:start(180)) - XceiverServerGrpc 88d3c63d-3e2f-409f-802f-d9c0d2dac669 is started using port 43929
2023-02-14 08:17:15,094 [Listener at 127.0.0.1/34711] INFO  ozone.MiniOzoneClusterImpl (MiniOzoneClusterImpl.java:lambda$waitForClusterToBeReady$0(218)) - Waiting for nodes to be ready. Got 0 of 5 DN Heartbeats.
2023-02-14 08:17:15,094 [Listener at 127.0.0.1/34711] INFO  ozone.MiniOzoneClusterImpl (MiniOzoneClusterImpl.java:lambda$waitForClusterToBeReady$0(221)) - Waiting for cluster to exit safe mode
2023-02-14 08:17:15,095 [Listener at 127.0.0.1/34711] INFO  ozone.MiniOzoneClusterImpl (MiniOzoneClusterImpl.java:lambda$waitForClusterToBeReady$0(223)) - SCM became leader
2023-02-14 08:17:15,119 [EndpointStateMachine task thread for /0.0.0.0:37079 - 0 ] INFO  utils.DatanodeStoreCache (DatanodeStoreCache.java:addDB(58)) - Added db /home/runner/work/ozone/ozone/hadoop-ozone/integration-test/target/test-dir/MiniOzoneClusterImpl-b6fac55f-b4cf-4cde-8675-802fd5a9473d/datanode-4/data-0/containers/hdds/b6fac55f-b4cf-4cde-8675-802fd5a9473d/DS-64bd4f83-418b-42a4-a2e9-e07f892384a3/container.db to cache
2023-02-14 08:17:15,119 [EndpointStateMachine task thread for /0.0.0.0:37079 - 0 ] INFO  volume.HddsVolume (HddsVolume.java:createDbStore(331)) - SchemaV3 db is created and loaded at /home/runner/work/ozone/ozone/hadoop-ozone/integration-test/target/test-dir/MiniOzoneClusterImpl-b6fac55f-b4cf-4cde-8675-802fd5a9473d/datanode-4/data-0/containers/hdds/b6fac55f-b4cf-4cde-8675-802fd5a9473d/DS-64bd4f83-418b-42a4-a2e9-e07f892384a3/container.db for volume DS-64bd4f83-418b-42a4-a2e9-e07f892384a3
2023-02-14 08:17:15,119 [EndpointStateMachine task thread for /0.0.0.0:37079 - 0 ] INFO  ozoneimpl.OzoneContainer (OzoneContainer.java:start(398)) - Attempting to start container services.
2023-02-14 08:17:15,119 [EndpointStateMachine task thread for /0.0.0.0:37079 - 0 ] INFO  ozoneimpl.OzoneContainer (OzoneContainer.java:startContainerScrub(315)) - Scheduled background container scanners and the on-demand container scanner have been disabled.
2023-02-14 08:17:15,121 [EndpointStateMachine task thread for /0.0.0.0:37079 - 0 ] INFO  replication.ReplicationServer (ReplicationServer.java:start(109)) - ReplicationServer is started using port 33517
2023-02-14 08:17:15,121 [EndpointStateMachine task thread for /0.0.0.0:37079 - 0 ] INFO  ratis.XceiverServerRatis (XceiverServerRatis.java:start(518)) - Starting XceiverServerRatis 1b99b404-66b9-4d1b-b018-91bc4acf8ed2
2023-02-14 08:17:15,122 [EndpointStateMachine task thread for /0.0.0.0:37079 - 0 ] INFO  server.RaftServer (RaftServerProxy.java:startImpl(393)) - 1b99b404-66b9-4d1b-b018-91bc4acf8ed2: start RPC server
2023-02-14 08:17:15,123 [EndpointStateMachine task thread for /0.0.0.0:37079 - 0 ] INFO  server.GrpcService (GrpcService.java:startImpl(262)) - 1b99b404-66b9-4d1b-b018-91bc4acf8ed2: GrpcService started, listening on 35395
2023-02-14 08:17:15,124 [EndpointStateMachine task thread for /0.0.0.0:37079 - 0 ] INFO  ratis.XceiverServerRatis (XceiverServerRatis.java:getRealPort(544)) - XceiverServerRatis 1b99b404-66b9-4d1b-b018-91bc4acf8ed2 is started using port 35395 for RATIS
2023-02-14 08:17:15,124 [JvmPauseMonitor5] INFO  util.JvmPauseMonitor (JvmPauseMonitor.java:run(105)) - JvmPauseMonitor-1b99b404-66b9-4d1b-b018-91bc4acf8ed2: Started
2023-02-14 08:17:15,124 [EndpointStateMachine task thread for /0.0.0.0:37079 - 0 ] INFO  ratis.XceiverServerRatis (XceiverServerRatis.java:getRealPort(544)) - XceiverServerRatis 1b99b404-66b9-4d1b-b018-91bc4acf8ed2 is started using port 35395 for RATIS_ADMIN
2023-02-14 08:17:15,124 [EndpointStateMachine task thread for /0.0.0.0:37079 - 0 ] INFO  ratis.XceiverServerRatis (XceiverServerRatis.java:getRealPort(544)) - XceiverServerRatis 1b99b404-66b9-4d1b-b018-91bc4acf8ed2 is started using port 35395 for RATIS_SERVER
2023-02-14 08:17:15,124 [EndpointStateMachine task thread for /0.0.0.0:37079 - 0 ] INFO  ratis.XceiverServerRatis (XceiverServerRatis.java:getRealPort(544)) - XceiverServerRatis 1b99b404-66b9-4d1b-b018-91bc4acf8ed2 is started using port 35453 for RATIS_DATASTREAM
2023-02-14 08:17:15,126 [EndpointStateMachine task thread for /0.0.0.0:37079 - 0 ] INFO  server.XceiverServerGrpc (XceiverServerGrpc.java:start(180)) - XceiverServerGrpc 1b99b404-66b9-4d1b-b018-91bc4acf8ed2 is started using port 41515
2023-02-14 08:17:15,485 [IPC Server handler 2 on default port 37079] INFO  net.NetworkTopologyImpl (NetworkTopologyImpl.java:add(112)) - Added a new node: /default-rack/f91196cd-4755-4cf6-996a-4ead370c0744
2023-02-14 08:17:15,487 [IPC Server handler 2 on default port 37079] INFO  node.SCMNodeManager (SCMNodeManager.java:register(397)) - Registered Data node : f91196cd-4755-4cf6-996a-4ead370c0744{ip: 10.1.0.19, host: fv-az476-382.2mevl5kwmm3ezivwarakluutxb.phxx.internal.cloudapp.net, ports: [REPLICATION=33359, RATIS=34709, RATIS_ADMIN=34709, RATIS_SERVER=34709, RATIS_DATASTREAM=38337, STANDALONE=44071], networkLocation: /default-rack, certSerialId: null, persistedOpState: null, persistedOpStateExpiryEpochSec: 0}
2023-02-14 08:17:15,489 [EventQueue-NewNodeForNewNodeHandler] INFO  pipeline.BackgroundPipelineCreator (BackgroundPipelineCreator.java:notifyEventTriggered(276)) - trigger a one-shot run on RatisPipelineUtilsThread.
2023-02-14 08:17:15,495 [RatisPipelineUtilsThread - 0] INFO  pipeline.RatisPipelineProvider (RatisPipelineProvider.java:lambda$create$0(206)) - Sending CreatePipelineCommand for pipeline:PipelineID=dc71b7f1-af04-4370-b2dc-c521c322a115 to datanode:f91196cd-4755-4cf6-996a-4ead370c0744
2023-02-14 08:17:15,501 [EventQueue-NodeRegistrationContainerReportForDataNodeSafeModeRule] INFO  safemode.SCMSafeModeManager (DataNodeSafeModeRule.java:process(71)) - SCM in safe mode. 1 DataNodes registered, 3 required.
2023-02-14 08:17:15,503 [EventQueue-NodeRegistrationContainerReportForContainerSafeModeRule] INFO  safemode.SCMSafeModeManager (SCMSafeModeManager.java:validateSafeModeExitRules(200)) - ContainerSafeModeRule rule is successfully validated
2023-02-14 08:17:15,504 [RatisPipelineUtilsThread - 0] INFO  pipeline.PipelineStateManagerImpl (PipelineStateManagerImpl.java:addPipeline(103)) - Created pipeline Pipeline[ Id: dc71b7f1-af04-4370-b2dc-c521c322a115, Nodes: f91196cd-4755-4cf6-996a-4ead370c0744(fv-az476-382.2mevl5kwmm3ezivwarakluutxb.phxx.internal.cloudapp.net/10.1.0.19), ReplicationConfig: RATIS/ONE, State:ALLOCATED, leaderId:, CreationTimestamp2023-02-14T08:17:15.494Z[Etc/UTC]].
2023-02-14 08:17:15,506 [EventQueue-PipelineReportForOneReplicaPipelineSafeModeRule] INFO  safemode.SCMSafeModeManager (SCMSafeModeManager.java:validateSafeModeExitRules(200)) - AtleastOneDatanodeReportedRule rule is successfully validated
2023-02-14 08:17:16,036 [IPC Server handler 0 on default port 37079] INFO  net.NetworkTopologyImpl (NetworkTopologyImpl.java:add(112)) - Added a new node: /default-rack/36e1e605-60e1-4f03-904e-89ea76d9efd4
2023-02-14 08:17:16,036 [IPC Server handler 0 on default port 37079] INFO  node.SCMNodeManager (SCMNodeManager.java:register(397)) - Registered Data node : 36e1e605-60e1-4f03-904e-89ea76d9efd4{ip: 10.1.0.19, host: fv-az476-382.2mevl5kwmm3ezivwarakluutxb.phxx.internal.cloudapp.net, ports: [REPLICATION=35989, RATIS=42805, RATIS_ADMIN=42805, RATIS_SERVER=42805, RATIS_DATASTREAM=41129, STANDALONE=42739], networkLocation: /default-rack, certSerialId: null, persistedOpState: null, persistedOpStateExpiryEpochSec: 0}
2023-02-14 08:17:16,036 [EventQueue-NodeRegistrationContainerReportForDataNodeSafeModeRule] INFO  safemode.SCMSafeModeManager (DataNodeSafeModeRule.java:process(71)) - SCM in safe mode. 2 DataNodes registered, 3 required.
2023-02-14 08:17:16,037 [EventQueue-NewNodeForNewNodeHandler] INFO  pipeline.BackgroundPipelineCreator (BackgroundPipelineCreator.java:notifyEventTriggered(276)) - trigger a one-shot run on RatisPipelineUtilsThread.
2023-02-14 08:17:16,038 [RatisPipelineUtilsThread - 0] INFO  pipeline.RatisPipelineProvider (RatisPipelineProvider.java:lambda$create$0(206)) - Sending CreatePipelineCommand for pipeline:PipelineID=c1d126bc-92f6-40e7-a743-a647bd31ef9b to datanode:36e1e605-60e1-4f03-904e-89ea76d9efd4
2023-02-14 08:17:16,039 [RatisPipelineUtilsThread - 0] INFO  pipeline.PipelineStateManagerImpl (PipelineStateManagerImpl.java:addPipeline(103)) - Created pipeline Pipeline[ Id: c1d126bc-92f6-40e7-a743-a647bd31ef9b, Nodes: 36e1e605-60e1-4f03-904e-89ea76d9efd4(fv-az476-382.2mevl5kwmm3ezivwarakluutxb.phxx.internal.cloudapp.net/10.1.0.19), ReplicationConfig: RATIS/ONE, State:ALLOCATED, leaderId:, CreationTimestamp2023-02-14T08:17:16.038Z[Etc/UTC]].
2023-02-14 08:17:16,095 [Listener at 127.0.0.1/34711] INFO  ozone.MiniOzoneClusterImpl (MiniOzoneClusterImpl.java:lambda$waitForClusterToBeReady$0(218)) - Waiting for nodes to be ready. Got 2 of 5 DN Heartbeats.
2023-02-14 08:17:16,095 [Listener at 127.0.0.1/34711] INFO  ozone.MiniOzoneClusterImpl (MiniOzoneClusterImpl.java:lambda$waitForClusterToBeReady$0(221)) - Waiting for cluster to exit safe mode
2023-02-14 08:17:16,095 [Listener at 127.0.0.1/34711] INFO  ozone.MiniOzoneClusterImpl (MiniOzoneClusterImpl.java:lambda$waitForClusterToBeReady$0(223)) - SCM became leader
2023-02-14 08:17:16,417 [IPC Server handler 2 on default port 37079] INFO  net.NetworkTopologyImpl (NetworkTopologyImpl.java:add(112)) - Added a new node: /default-rack/3f6fb327-55b5-41b7-853a-8e3dfa7d6293
2023-02-14 08:17:16,417 [IPC Server handler 2 on default port 37079] INFO  node.SCMNodeManager (SCMNodeManager.java:register(397)) - Registered Data node : 3f6fb327-55b5-41b7-853a-8e3dfa7d6293{ip: 10.1.0.19, host: fv-az476-382.2mevl5kwmm3ezivwarakluutxb.phxx.internal.cloudapp.net, ports: [REPLICATION=38941, RATIS=43559, RATIS_ADMIN=43559, RATIS_SERVER=43559, RATIS_DATASTREAM=43503, STANDALONE=36917], networkLocation: /default-rack, certSerialId: null, persistedOpState: null, persistedOpStateExpiryEpochSec: 0}
2023-02-14 08:17:16,417 [EventQueue-NewNodeForNewNodeHandler] INFO  pipeline.BackgroundPipelineCreator (BackgroundPipelineCreator.java:notifyEventTriggered(276)) - trigger a one-shot run on RatisPipelineUtilsThread.
2023-02-14 08:17:16,417 [EventQueue-NodeRegistrationContainerReportForDataNodeSafeModeRule] INFO  safemode.SCMSafeModeManager (DataNodeSafeModeRule.java:process(71)) - SCM in safe mode. 3 DataNodes registered, 3 required.
2023-02-14 08:17:16,418 [EventQueue-NodeRegistrationContainerReportForDataNodeSafeModeRule] INFO  safemode.SCMSafeModeManager (SCMSafeModeManager.java:validateSafeModeExitRules(200)) - DataNodeSafeModeRule rule is successfully validated
2023-02-14 08:17:16,418 [EventQueue-NodeRegistrationContainerReportForDataNodeSafeModeRule] INFO  safemode.SCMSafeModeManager (SCMSafeModeManager.java:completePreCheck(229)) - All SCM safe mode pre check rules have passed
2023-02-14 08:17:16,418 [EventQueue-NodeRegistrationContainerReportForDataNodeSafeModeRule] INFO  ha.SCMContext (SCMContext.java:updateSafeModeStatus(228)) - Update SafeModeStatus from SafeModeStatus{safeModeStatus=true, preCheckPassed=false} to SafeModeStatus{safeModeStatus=true, preCheckPassed=true}.
2023-02-14 08:17:16,418 [EventQueue-NodeRegistrationContainerReportForDataNodeSafeModeRule] INFO  pipeline.BackgroundPipelineCreator (BackgroundPipelineCreator.java:notifyEventTriggered(276)) - trigger a one-shot run on RatisPipelineUtilsThread.
2023-02-14 08:17:16,419 [RatisPipelineUtilsThread - 0] INFO  pipeline.RatisPipelineProvider (RatisPipelineProvider.java:lambda$create$0(206)) - Sending CreatePipelineCommand for pipeline:PipelineID=03e632fe-c106-4ff5-bc71-5486c0d054bd to datanode:3f6fb327-55b5-41b7-853a-8e3dfa7d6293
2023-02-14 08:17:16,419 [RatisPipelineUtilsThread - 0] INFO  pipeline.PipelineStateManagerImpl (PipelineStateManagerImpl.java:addPipeline(103)) - Created pipeline Pipeline[ Id: 03e632fe-c106-4ff5-bc71-5486c0d054bd, Nodes: 3f6fb327-55b5-41b7-853a-8e3dfa7d6293(fv-az476-382.2mevl5kwmm3ezivwarakluutxb.phxx.internal.cloudapp.net/10.1.0.19), ReplicationConfig: RATIS/ONE, State:ALLOCATED, leaderId:, CreationTimestamp2023-02-14T08:17:16.419Z[Etc/UTC]].
2023-02-14 08:17:16,422 [RatisPipelineUtilsThread - 0] INFO  pipeline.RatisPipelineProvider (RatisPipelineProvider.java:lambda$create$0(206)) - Sending CreatePipelineCommand for pipeline:PipelineID=17bd0d4e-b858-4960-8a30-123277d10a4c to datanode:36e1e605-60e1-4f03-904e-89ea76d9efd4
2023-02-14 08:17:16,423 [RatisPipelineUtilsThread - 0] INFO  pipeline.RatisPipelineProvider (RatisPipelineProvider.java:lambda$create$0(206)) - Sending CreatePipelineCommand for pipeline:PipelineID=17bd0d4e-b858-4960-8a30-123277d10a4c to datanode:3f6fb327-55b5-41b7-853a-8e3dfa7d6293
2023-02-14 08:17:16,423 [RatisPipelineUtilsThread - 0] INFO  pipeline.RatisPipelineProvider (RatisPipelineProvider.java:lambda$create$0(206)) - Sending CreatePipelineCommand for pipeline:PipelineID=17bd0d4e-b858-4960-8a30-123277d10a4c to datanode:f91196cd-4755-4cf6-996a-4ead370c0744
2023-02-14 08:17:16,423 [RatisPipelineUtilsThread - 0] INFO  pipeline.PipelineStateManagerImpl (PipelineStateManagerImpl.java:addPipeline(103)) - Created pipeline Pipeline[ Id: 17bd0d4e-b858-4960-8a30-123277d10a4c, Nodes: 36e1e605-60e1-4f03-904e-89ea76d9efd4(fv-az476-382.2mevl5kwmm3ezivwarakluutxb.phxx.internal.cloudapp.net/10.1.0.19)3f6fb327-55b5-41b7-853a-8e3dfa7d6293(fv-az476-382.2mevl5kwmm3ezivwarakluutxb.phxx.internal.cloudapp.net/10.1.0.19)f91196cd-4755-4cf6-996a-4ead370c0744(fv-az476-382.2mevl5kwmm3ezivwarakluutxb.phxx.internal.cloudapp.net/10.1.0.19), ReplicationConfig: RATIS/THREE, State:ALLOCATED, leaderId:, CreationTimestamp2023-02-14T08:17:16.422Z[Etc/UTC]].
2023-02-14 08:17:16,425 [RatisPipelineUtilsThread - 0] INFO  pipeline.RatisPipelineProvider (RatisPipelineProvider.java:lambda$create$0(206)) - Sending CreatePipelineCommand for pipeline:PipelineID=9eec0e4b-2d4f-42f5-9ecb-a6e1fc536e89 to datanode:f91196cd-4755-4cf6-996a-4ead370c0744
2023-02-14 08:17:16,425 [RatisPipelineUtilsThread - 0] INFO  pipeline.RatisPipelineProvider (RatisPipelineProvider.java:lambda$create$0(206)) - Sending CreatePipelineCommand for pipeline:PipelineID=9eec0e4b-2d4f-42f5-9ecb-a6e1fc536e89 to datanode:3f6fb327-55b5-41b7-853a-8e3dfa7d6293
2023-02-14 08:17:16,425 [RatisPipelineUtilsThread - 0] INFO  pipeline.RatisPipelineProvider (RatisPipelineProvider.java:lambda$create$0(206)) - Sending CreatePipelineCommand for pipeline:PipelineID=9eec0e4b-2d4f-42f5-9ecb-a6e1fc536e89 to datanode:36e1e605-60e1-4f03-904e-89ea76d9efd4
2023-02-14 08:17:16,426 [RatisPipelineUtilsThread - 0] INFO  pipeline.PipelineStateManagerImpl (PipelineStateManagerImpl.java:addPipeline(103)) - Created pipeline Pipeline[ Id: 9eec0e4b-2d4f-42f5-9ecb-a6e1fc536e89, Nodes: f91196cd-4755-4cf6-996a-4ead370c0744(fv-az476-382.2mevl5kwmm3ezivwarakluutxb.phxx.internal.cloudapp.net/10.1.0.19)3f6fb327-55b5-41b7-853a-8e3dfa7d6293(fv-az476-382.2mevl5kwmm3ezivwarakluutxb.phxx.internal.cloudapp.net/10.1.0.19)36e1e605-60e1-4f03-904e-89ea76d9efd4(fv-az476-382.2mevl5kwmm3ezivwarakluutxb.phxx.internal.cloudapp.net/10.1.0.19), ReplicationConfig: RATIS/THREE, State:ALLOCATED, leaderId:, CreationTimestamp2023-02-14T08:17:16.425Z[Etc/UTC]].
2023-02-14 08:17:16,426 [RatisPipelineUtilsThread - 0] INFO  pipeline.PipelineManagerImpl (PipelineManagerImpl.java:recordMetricsForPipeline(826)) - Pipeline: PipelineID=9eec0e4b-2d4f-42f5-9ecb-a6e1fc536e89 contains same datanodes as previous pipelines: PipelineID=17bd0d4e-b858-4960-8a30-123277d10a4c nodeIds: f91196cd-4755-4cf6-996a-4ead370c0744, 3f6fb327-55b5-41b7-853a-8e3dfa7d6293, 36e1e605-60e1-4f03-904e-89ea76d9efd4
2023-02-14 08:17:16,426 [RatisPipelineUtilsThread - 0] WARN  pipeline.PipelinePlacementPolicy (PipelinePlacementPolicy.java:filterViableNodes(158)) - Pipeline creation failed due to no sufficient healthy datanodes. Required 3. Found 0.
2023-02-14 08:17:16,427 [RatisPipelineUtilsThread - 0] WARN  pipeline.PipelinePlacementPolicy (PipelinePlacementPolicy.java:filterViableNodes(158)) - Pipeline creation failed due to no sufficient healthy datanodes. Required 3. Found 0.
2023-02-14 08:17:16,761 [IPC Server handler 3 on default port 37079] INFO  net.NetworkTopologyImpl (NetworkTopologyImpl.java:add(112)) - Added a new node: /default-rack/88d3c63d-3e2f-409f-802f-d9c0d2dac669
2023-02-14 08:17:16,762 [IPC Server handler 3 on default port 37079] INFO  node.SCMNodeManager (SCMNodeManager.java:register(397)) - Registered Data node : 88d3c63d-3e2f-409f-802f-d9c0d2dac669{ip: 10.1.0.19, host: fv-az476-382.2mevl5kwmm3ezivwarakluutxb.phxx.internal.cloudapp.net, ports: [REPLICATION=43477, RATIS=39647, RATIS_ADMIN=39647, RATIS_SERVER=39647, RATIS_DATASTREAM=46651, STANDALONE=43929], networkLocation: /default-rack, certSerialId: null, persistedOpState: null, persistedOpStateExpiryEpochSec: 0}
2023-02-14 08:17:16,763 [EventQueue-NewNodeForNewNodeHandler] INFO  pipeline.BackgroundPipelineCreator (BackgroundPipelineCreator.java:notifyEventTriggered(276)) - trigger a one-shot run on RatisPipelineUtilsThread.
2023-02-14 08:17:16,763 [RatisPipelineUtilsThread - 0] INFO  pipeline.RatisPipelineProvider (RatisPipelineProvider.java:lambda$create$0(206)) - Sending CreatePipelineCommand for pipeline:PipelineID=977e0f19-2caf-4054-97b0-5aae25b4e728 to datanode:88d3c63d-3e2f-409f-802f-d9c0d2dac669
2023-02-14 08:17:16,764 [RatisPipelineUtilsThread - 0] INFO  pipeline.PipelineStateManagerImpl (PipelineStateManagerImpl.java:addPipeline(103)) - Created pipeline Pipeline[ Id: 977e0f19-2caf-4054-97b0-5aae25b4e728, Nodes: 88d3c63d-3e2f-409f-802f-d9c0d2dac669(fv-az476-382.2mevl5kwmm3ezivwarakluutxb.phxx.internal.cloudapp.net/10.1.0.19), ReplicationConfig: RATIS/ONE, State:ALLOCATED, leaderId:, CreationTimestamp2023-02-14T08:17:16.763Z[Etc/UTC]].
2023-02-14 08:17:16,765 [RatisPipelineUtilsThread - 0] WARN  pipeline.PipelinePlacementPolicy (PipelinePlacementPolicy.java:filterViableNodes(158)) - Pipeline creation failed due to no sufficient healthy datanodes. Required 3. Found 1.
2023-02-14 08:17:17,095 [Listener at 127.0.0.1/34711] INFO  ozone.MiniOzoneClusterImpl (MiniOzoneClusterImpl.java:lambda$waitForClusterToBeReady$0(218)) - Waiting for nodes to be ready. Got 4 of 5 DN Heartbeats.
2023-02-14 08:17:17,096 [Listener at 127.0.0.1/34711] INFO  ozone.MiniOzoneClusterImpl (MiniOzoneClusterImpl.java:lambda$waitForClusterToBeReady$0(221)) - Waiting for cluster to exit safe mode
2023-02-14 08:17:17,096 [Listener at 127.0.0.1/34711] INFO  ozone.MiniOzoneClusterImpl (MiniOzoneClusterImpl.java:lambda$waitForClusterToBeReady$0(223)) - SCM became leader
2023-02-14 08:17:17,097 [IPC Server handler 1 on default port 37079] INFO  net.NetworkTopologyImpl (NetworkTopologyImpl.java:add(112)) - Added a new node: /default-rack/1b99b404-66b9-4d1b-b018-91bc4acf8ed2
2023-02-14 08:17:17,097 [IPC Server handler 1 on default port 37079] INFO  node.SCMNodeManager (SCMNodeManager.java:register(397)) - Registered Data node : 1b99b404-66b9-4d1b-b018-91bc4acf8ed2{ip: 10.1.0.19, host: fv-az476-382.2mevl5kwmm3ezivwarakluutxb.phxx.internal.cloudapp.net, ports: [REPLICATION=33517, RATIS=35395, RATIS_ADMIN=35395, RATIS_SERVER=35395, RATIS_DATASTREAM=35453, STANDALONE=41515], networkLocation: /default-rack, certSerialId: null, persistedOpState: null, persistedOpStateExpiryEpochSec: 0}
2023-02-14 08:17:17,097 [EventQueue-NewNodeForNewNodeHandler] INFO  pipeline.BackgroundPipelineCreator (BackgroundPipelineCreator.java:notifyEventTriggered(276)) - trigger a one-shot run on RatisPipelineUtilsThread.
2023-02-14 08:17:17,098 [RatisPipelineUtilsThread - 0] INFO  pipeline.RatisPipelineProvider (RatisPipelineProvider.java:lambda$create$0(206)) - Sending CreatePipelineCommand for pipeline:PipelineID=b845a268-8de8-434a-84e6-5c3c7b0c83a9 to datanode:1b99b404-66b9-4d1b-b018-91bc4acf8ed2
2023-02-14 08:17:17,099 [RatisPipelineUtilsThread - 0] INFO  pipeline.PipelineStateManagerImpl (PipelineStateManagerImpl.java:addPipeline(103)) - Created pipeline Pipeline[ Id: b845a268-8de8-434a-84e6-5c3c7b0c83a9, Nodes: 1b99b404-66b9-4d1b-b018-91bc4acf8ed2(fv-az476-382.2mevl5kwmm3ezivwarakluutxb.phxx.internal.cloudapp.net/10.1.0.19), ReplicationConfig: RATIS/ONE, State:ALLOCATED, leaderId:, CreationTimestamp2023-02-14T08:17:17.098Z[Etc/UTC]].
2023-02-14 08:17:17,099 [RatisPipelineUtilsThread - 0] WARN  pipeline.PipelinePlacementPolicy (PipelinePlacementPolicy.java:filterViableNodes(158)) - Pipeline creation failed due to no sufficient healthy datanodes. Required 3. Found 2.
2023-02-14 08:17:18,096 [Listener at 127.0.0.1/34711] INFO  ozone.MiniOzoneClusterImpl (MiniOzoneClusterImpl.java:lambda$waitForClusterToBeReady$0(218)) - Nodes are ready. Got 5 of 5 DN Heartbeats.
2023-02-14 08:17:18,096 [Listener at 127.0.0.1/34711] INFO  ozone.MiniOzoneClusterImpl (MiniOzoneClusterImpl.java:lambda$waitForClusterToBeReady$0(221)) - Waiting for cluster to exit safe mode
2023-02-14 08:17:18,096 [Listener at 127.0.0.1/34711] INFO  ozone.MiniOzoneClusterImpl (MiniOzoneClusterImpl.java:lambda$waitForClusterToBeReady$0(223)) - SCM became leader
2023-02-14 08:17:18,482 [Command processor thread] INFO  server.RaftServer (RaftServerProxy.java:addNew(96)) - f91196cd-4755-4cf6-996a-4ead370c0744: addNew group-C521C322A115:[f91196cd-4755-4cf6-996a-4ead370c0744|rpc:10.1.0.19:34709|dataStream:10.1.0.19:38337|priority:1|startupRole:FOLLOWER] returns group-C521C322A115:java.util.concurrent.CompletableFuture@5e7f52ff[Not completed]
2023-02-14 08:17:18,491 [pool-74-thread-1] INFO  server.RaftServer$Division (RaftServerImpl.java:<init>(195)) - f91196cd-4755-4cf6-996a-4ead370c0744: new RaftServerImpl for group-C521C322A115:[f91196cd-4755-4cf6-996a-4ead370c0744|rpc:10.1.0.19:34709|dataStream:10.1.0.19:38337|priority:1|startupRole:FOLLOWER] with ContainerStateMachine:uninitialized
2023-02-14 08:17:18,492 [pool-74-thread-1] INFO  server.RaftServerConfigKeys (ConfUtils.java:logGet(46)) - raft.server.rpc.timeout.min = 5s (custom)
2023-02-14 08:17:18,492 [pool-74-thread-1] INFO  server.RaftServerConfigKeys (ConfUtils.java:logGet(46)) - raft.server.rpc.timeout.max = 5200ms (custom)
2023-02-14 08:17:18,492 [pool-74-thread-1] INFO  server.RaftServerConfigKeys (ConfUtils.java:logGet(46)) - raft.server.rpc.sleep.time = 25ms (default)
2023-02-14 08:17:18,492 [pool-74-thread-1] INFO  server.RaftServerConfigKeys (ConfUtils.java:logGet(46)) - raft.server.rpc.slowness.timeout = 300s (custom)
2023-02-14 08:17:18,492 [pool-74-thread-1] INFO  server.RaftServerConfigKeys (ConfUtils.java:logGet(46)) - raft.server.leaderelection.leader.step-down.wait-time = 10s (default)
2023-02-14 08:17:18,492 [pool-74-thread-1] INFO  server.RaftServerConfigKeys (ConfUtils.java:logGet(46)) - raft.server.sleep.deviation.threshold = 300ms (default)
2023-02-14 08:17:18,492 [pool-74-thread-1] INFO  server.RaftServer$Division (ServerState.java:<init>(118)) - f91196cd-4755-4cf6-996a-4ead370c0744@group-C521C322A115: ConfigurationManager, init=-1: peers:[f91196cd-4755-4cf6-996a-4ead370c0744|rpc:10.1.0.19:34709|dataStream:10.1.0.19:38337|priority:1|startupRole:FOLLOWER]|listeners:[], old=null, confs=<EMPTY_MAP>
2023-02-14 08:17:18,492 [pool-74-thread-1] INFO  server.RaftServerConfigKeys (ConfUtils.java:logGet(46)) - raft.server.storage.dir = [/home/runner/work/ozone/ozone/hadoop-ozone/integration-test/target/test-dir/MiniOzoneClusterImpl-b6fac55f-b4cf-4cde-8675-802fd5a9473d/datanode-0/data/ratis] (custom)
2023-02-14 08:17:18,492 [pool-74-thread-1] INFO  server.RaftServerConfigKeys (ConfUtils.java:logGet(46)) - raft.server.log.corruption.policy = EXCEPTION (default)
2023-02-14 08:17:18,492 [pool-74-thread-1] INFO  server.RaftServerConfigKeys (ConfUtils.java:logGet(46)) - raft.server.storage.free-space.min = 0MB (=0) (default)
2023-02-14 08:17:18,492 [pool-74-thread-1] INFO  server.RaftServerConfigKeys (ConfUtils.java:logGet(46)) - raft.server.notification.no-leader.timeout = 300s (custom)
2023-02-14 08:17:18,492 [pool-74-thread-1] INFO  server.RaftServerConfigKeys (ConfUtils.java:logGet(46)) - raft.server.retrycache.expirytime = 600000ms (custom)
2023-02-14 08:17:18,492 [pool-74-thread-1] INFO  server.RaftServerConfigKeys (ConfUtils.java:logGet(46)) - raft.server.retrycache.statistics.expirytime = 100μs (default)
2023-02-14 08:17:18,495 [pool-74-thread-1] INFO  server.RaftServerConfigKeys (ConfUtils.java:logGet(46)) - raft.server.log.appender.install.snapshot.enabled = false (custom)
2023-02-14 08:17:18,495 [pool-74-thread-1] INFO  server.RaftServerConfigKeys (ConfUtils.java:logGet(46)) - raft.server.threadpool.server.cached = true (default)
2023-02-14 08:17:18,495 [pool-74-thread-1] INFO  server.RaftServerConfigKeys (ConfUtils.java:logGet(46)) - raft.server.threadpool.server.size = 0 (default)
2023-02-14 08:17:18,495 [pool-74-thread-1] INFO  server.RaftServerConfigKeys (ConfUtils.java:logGet(46)) - raft.server.threadpool.client.cached = true (default)
2023-02-14 08:17:18,495 [pool-74-thread-1] INFO  server.RaftServerConfigKeys (ConfUtils.java:logGet(46)) - raft.server.threadpool.client.size = 0 (default)
2023-02-14 08:17:18,495 [pool-74-thread-1] INFO  storage.RaftStorageDirectory (RaftStorageDirectoryImpl.java:analyzeStorage(137)) - The storage directory /home/runner/work/ozone/ozone/hadoop-ozone/integration-test/target/test-dir/MiniOzoneClusterImpl-b6fac55f-b4cf-4cde-8675-802fd5a9473d/datanode-0/data/ratis/dc71b7f1-af04-4370-b2dc-c521c322a115 does not exist. Creating ...
2023-02-14 08:17:18,497 [pool-74-thread-1] INFO  storage.RaftStorageDirectory (RaftStorageDirectoryImpl.java:tryLock(231)) - Lock on /home/runner/work/ozone/ozone/hadoop-ozone/integration-test/target/test-dir/MiniOzoneClusterImpl-b6fac55f-b4cf-4cde-8675-802fd5a9473d/datanode-0/data/ratis/dc71b7f1-af04-4370-b2dc-c521c322a115/in_use.lock acquired by nodename 11911@fv-az476-382
2023-02-14 08:17:18,497 [pool-74-thread-1] INFO  storage.RaftStorage (RaftStorageImpl.java:format(96)) - Storage directory /home/runner/work/ozone/ozone/hadoop-ozone/integration-test/target/test-dir/MiniOzoneClusterImpl-b6fac55f-b4cf-4cde-8675-802fd5a9473d/datanode-0/data/ratis/dc71b7f1-af04-4370-b2dc-c521c322a115 has been successfully formatted.
2023-02-14 08:17:18,507 [pool-74-thread-1] INFO  ratis.ContainerStateMachine (ContainerStateMachine.java:loadSnapshot(240)) - group-C521C322A115: The snapshot info is null. Setting the last applied indexto:(t:0, i:~)
2023-02-14 08:17:18,507 [pool-74-thread-1] INFO  server.RaftServerConfigKeys (ConfUtils.java:logGet(46)) - raft.server.log.use.memory = false (default)
2023-02-14 08:17:18,507 [pool-74-thread-1] INFO  server.RaftServerConfigKeys (ConfUtils.java:logGet(46)) - raft.server.log.purge.gap = 1000000 (custom)
2023-02-14 08:17:18,507 [pool-74-thread-1] INFO  server.RaftServerConfigKeys (ConfUtils.java:logGet(46)) - raft.server.log.appender.buffer.byte-limit = 33554432 (custom)
2023-02-14 08:17:18,507 [pool-74-thread-1] INFO  server.RaftServerConfigKeys (ConfUtils.java:logGet(46)) - raft.server.log.statemachine.data.read.timeout = 1000ms (default)
2023-02-14 08:17:18,508 [pool-74-thread-1] INFO  server.RaftServerConfigKeys (ConfUtils.java:logGet(46)) - raft.server.log.purge.preservation.log.num = 0 (default)
2023-02-14 08:17:18,509 [pool-74-thread-1] INFO  server.RaftServerConfigKeys (ConfUtils.java:logGet(46)) - raft.server.log.segment.size.max = 1048576 (custom)
2023-02-14 08:17:18,510 [pool-74-thread-1] INFO  server.RaftServerConfigKeys (ConfUtils.java:logGet(46)) - raft.server.log.segment.cache.num.max = 2 (custom)
2023-02-14 08:17:18,512 [pool-74-thread-1] INFO  server.RaftServerConfigKeys (ConfUtils.java:logGet(46)) - raft.server.log.segment.cache.size.max = 200MB (=209715200) (default)
2023-02-14 08:17:18,512 [pool-74-thread-1] INFO  segmented.SegmentedRaftLogWorker (SegmentedRaftLogWorker.java:<init>(189)) - new f91196cd-4755-4cf6-996a-4ead370c0744@group-C521C322A115-SegmentedRaftLogWorker for RaftStorageImpl:Storage Directory /home/runner/work/ozone/ozone/hadoop-ozone/integration-test/target/test-dir/MiniOzoneClusterImpl-b6fac55f-b4cf-4cde-8675-802fd5a9473d/datanode-0/data/ratis/dc71b7f1-af04-4370-b2dc-c521c322a115
2023-02-14 08:17:18,512 [pool-74-thread-1] INFO  server.RaftServerConfigKeys (ConfUtils.java:logGet(46)) - raft.server.log.queue.byte-limit = 4294967296 (custom)
2023-02-14 08:17:18,512 [pool-74-thread-1] INFO  server.RaftServerConfigKeys (ConfUtils.java:logGet(46)) - raft.server.log.queue.element-limit = 1024 (custom)
2023-02-14 08:17:18,512 [pool-74-thread-1] INFO  server.RaftServerConfigKeys (ConfUtils.java:logGet(46)) - raft.server.log.segment.size.max = 1048576 (custom)
2023-02-14 08:17:18,512 [pool-74-thread-1] INFO  server.RaftServerConfigKeys (ConfUtils.java:logGet(46)) - raft.server.log.preallocated.size = 16384 (custom)
2023-02-14 08:17:18,512 [pool-74-thread-1] INFO  server.RaftServerConfigKeys (ConfUtils.java:logGet(46)) - raft.server.log.force.sync.num = 128 (default)
2023-02-14 08:17:18,512 [pool-74-thread-1] INFO  server.RaftServerConfigKeys (ConfUtils.java:logGet(46)) - raft.server.log.statemachine.data.sync = true (default)
2023-02-14 08:17:18,512 [pool-74-thread-1] INFO  server.RaftServerConfigKeys (ConfUtils.java:logGet(46)) - raft.server.log.statemachine.data.sync.timeout = 10s (default)
2023-02-14 08:17:18,512 [pool-74-thread-1] INFO  server.RaftServerConfigKeys (ConfUtils.java:logGet(46)) - raft.server.log.statemachine.data.sync.timeout.retry = -1 (default)
2023-02-14 08:17:18,516 [pool-74-thread-1] INFO  server.RaftServerConfigKeys (ConfUtils.java:logGet(46)) - raft.server.log.write.buffer.size = 1048576 (custom)
2023-02-14 08:17:18,517 [pool-74-thread-1] INFO  server.RaftServerConfigKeys (ConfUtils.java:logGet(46)) - raft.server.log.appender.buffer.byte-limit = 33554432 (custom)
2023-02-14 08:17:18,543 [pool-74-thread-1] INFO  server.RaftServerConfigKeys (ConfUtils.java:logGet(46)) - raft.server.log.unsafe-flush.enabled = false (default)
2023-02-14 08:17:18,543 [pool-74-thread-1] INFO  server.RaftServerConfigKeys (ConfUtils.java:logGet(46)) - raft.server.log.async-flush.enabled = false (default)
2023-02-14 08:17:18,543 [pool-74-thread-1] INFO  server.RaftServerConfigKeys (ConfUtils.java:logGet(46)) - raft.server.log.statemachine.data.caching.enabled = true (custom)
2023-02-14 08:17:18,543 [pool-74-thread-1] INFO  segmented.SegmentedRaftLogWorker (SegmentedRaftLogWorker.java:lambda$new$0(135)) - f91196cd-4755-4cf6-996a-4ead370c0744@group-C521C322A115-SegmentedRaftLogWorker: flushIndex: setUnconditionally 0 -> -1
2023-02-14 08:17:18,543 [pool-74-thread-1] INFO  segmented.SegmentedRaftLogWorker (SegmentedRaftLogWorker.java:lambda$new$0(135)) - f91196cd-4755-4cf6-996a-4ead370c0744@group-C521C322A115-SegmentedRaftLogWorker: safeCacheEvictIndex: setUnconditionally 0 -> -1
2023-02-14 08:17:18,546 [pool-74-thread-1] INFO  server.RaftServer$Division (RaftServerImpl.java:start(334)) - f91196cd-4755-4cf6-996a-4ead370c0744@group-C521C322A115: start as a follower, conf=-1: peers:[f91196cd-4755-4cf6-996a-4ead370c0744|rpc:10.1.0.19:34709|dataStream:10.1.0.19:38337|priority:1|startupRole:FOLLOWER]|listeners:[], old=null
2023-02-14 08:17:18,547 [pool-74-thread-1] INFO  server.RaftServer$Division (RaftServerImpl.java:setRole(321)) - f91196cd-4755-4cf6-996a-4ead370c0744@group-C521C322A115: changes role from      null to FOLLOWER at term 0 for startAsFollower
2023-02-14 08:17:18,547 [pool-74-thread-1] INFO  impl.RoleInfo (RoleInfo.java:updateAndGet(139)) - f91196cd-4755-4cf6-996a-4ead370c0744: start f91196cd-4755-4cf6-996a-4ead370c0744@group-C521C322A115-FollowerState
2023-02-14 08:17:18,547 [pool-74-thread-1] INFO  util.JmxRegister (JmxRegister.java:tryRegister(44)) - Successfully registered JMX Bean with object name Ratis:service=RaftServer,group=group-C521C322A115,id=f91196cd-4755-4cf6-996a-4ead370c0744
2023-02-14 08:17:18,547 [pool-74-thread-1] INFO  server.RaftServerConfigKeys (ConfUtils.java:logGet(46)) - raft.server.snapshot.auto.trigger.enabled = true (custom)
2023-02-14 08:17:18,547 [pool-74-thread-1] INFO  server.RaftServerConfigKeys (ConfUtils.java:logGet(46)) - raft.server.snapshot.auto.trigger.threshold = 10000 (custom)
2023-02-14 08:17:18,547 [pool-74-thread-1] INFO  server.RaftServerConfigKeys (ConfUtils.java:logGet(46)) - raft.server.snapshot.retention.file.num = 5 (custom)
2023-02-14 08:17:18,547 [pool-74-thread-1] INFO  server.RaftServerConfigKeys (ConfUtils.java:logGet(46)) - raft.server.log.purge.upto.snapshot.index = false (default)
2023-02-14 08:17:18,548 [f91196cd-4755-4cf6-996a-4ead370c0744@group-C521C322A115-FollowerState] INFO  server.RaftServerConfigKeys (ConfUtils.java:logFallback(53)) - raft.server.rpc.first-election.timeout.min = 5s (fallback to raft.server.rpc.timeout.min)
2023-02-14 08:17:18,548 [f91196cd-4755-4cf6-996a-4ead370c0744@group-C521C322A115-FollowerState] INFO  server.RaftServerConfigKeys (ConfUtils.java:logFallback(53)) - raft.server.rpc.first-election.timeout.max = 5200ms (fallback to raft.server.rpc.timeout.max)
2023-02-14 08:17:18,559 [EventQueue-PipelineReportForPipelineReportHandler] INFO  pipeline.PipelineManagerImpl (PipelineManagerImpl.java:openPipeline(367)) - Pipeline Pipeline[ Id: dc71b7f1-af04-4370-b2dc-c521c322a115, Nodes: f91196cd-4755-4cf6-996a-4ead370c0744(fv-az476-382.2mevl5kwmm3ezivwarakluutxb.phxx.internal.cloudapp.net/10.1.0.19), ReplicationConfig: RATIS/ONE, State:ALLOCATED, leaderId:f91196cd-4755-4cf6-996a-4ead370c0744, CreationTimestamp2023-02-14T08:17:15.494Z[Etc/UTC]] moved to OPEN state
2023-02-14 08:17:18,565 [Command processor thread] INFO  ratis.XceiverServerRatis (XceiverServerRatis.java:addGroup(807)) - Created group PipelineID=dc71b7f1-af04-4370-b2dc-c521c322a115
2023-02-14 08:17:18,565 [Command processor thread] INFO  commandhandler.CreatePipelineCommandHandler (CreatePipelineCommandHandler.java:handle(113)) - Created Pipeline RATIS ONE PipelineID=dc71b7f1-af04-4370-b2dc-c521c322a115.
2023-02-14 08:17:18,565 [Command processor thread] INFO  server.RaftServer (RaftServerProxy.java:addNew(96)) - f91196cd-4755-4cf6-996a-4ead370c0744: addNew group-123277D10A4C:[f91196cd-4755-4cf6-996a-4ead370c0744|rpc:10.1.0.19:34709|dataStream:10.1.0.19:38337|priority:1|startupRole:FOLLOWER, 3f6fb327-55b5-41b7-853a-8e3dfa7d6293|rpc:10.1.0.19:43559|dataStream:10.1.0.19:43503|priority:0|startupRole:FOLLOWER, 36e1e605-60e1-4f03-904e-89ea76d9efd4|rpc:10.1.0.19:42805|dataStream:10.1.0.19:41129|priority:0|startupRole:FOLLOWER] returns group-123277D10A4C:java.util.concurrent.CompletableFuture@76c16d6b[Not completed]
2023-02-14 08:17:18,568 [EventQueue-OpenPipelineForHealthyPipelineSafeModeRule] INFO  safemode.SCMSafeModeManager (HealthyPipelineSafeModeRule.java:process(137)) - SCM in safe mode. Healthy pipelines reported count is 0, required healthy pipeline reported count is 1
2023-02-14 08:17:18,569 [pool-74-thread-1] INFO  server.RaftServer$Division (RaftServerImpl.java:<init>(195)) - f91196cd-4755-4cf6-996a-4ead370c0744: new RaftServerImpl for group-123277D10A4C:[f91196cd-4755-4cf6-996a-4ead370c0744|rpc:10.1.0.19:34709|dataStream:10.1.0.19:38337|priority:1|startupRole:FOLLOWER, 3f6fb327-55b5-41b7-853a-8e3dfa7d6293|rpc:10.1.0.19:43559|dataStream:10.1.0.19:43503|priority:0|startupRole:FOLLOWER, 36e1e605-60e1-4f03-904e-89ea76d9efd4|rpc:10.1.0.19:42805|dataStream:10.1.0.19:41129|priority:0|startupRole:FOLLOWER] with ContainerStateMachine:uninitialized
2023-02-14 08:17:18,570 [pool-74-thread-1] INFO  server.RaftServerConfigKeys (ConfUtils.java:logGet(46)) - raft.server.rpc.timeout.min = 5s (custom)
2023-02-14 08:17:18,570 [pool-74-thread-1] INFO  server.RaftServerConfigKeys (ConfUtils.java:logGet(46)) - raft.server.rpc.timeout.max = 5200ms (custom)
2023-02-14 08:17:18,570 [pool-74-thread-1] INFO  server.RaftServerConfigKeys (ConfUtils.java:logGet(46)) - raft.server.rpc.sleep.time = 25ms (default)
2023-02-14 08:17:18,570 [pool-74-thread-1] INFO  server.RaftServerConfigKeys (ConfUtils.java:logGet(46)) - raft.server.rpc.slowness.timeout = 300s (custom)
2023-02-14 08:17:18,570 [pool-74-thread-1] INFO  server.RaftServerConfigKeys (ConfUtils.java:logGet(46)) - raft.server.leaderelection.leader.step-down.wait-time = 10s (default)
2023-02-14 08:17:18,570 [pool-74-thread-1] INFO  server.RaftServerConfigKeys (ConfUtils.java:logGet(46)) - raft.server.sleep.deviation.threshold = 300ms (default)
2023-02-14 08:17:18,570 [pool-74-thread-1] INFO  server.RaftServer$Division (ServerState.java:<init>(118)) - f91196cd-4755-4cf6-996a-4ead370c0744@group-123277D10A4C: ConfigurationManager, init=-1: peers:[f91196cd-4755-4cf6-996a-4ead370c0744|rpc:10.1.0.19:34709|dataStream:10.1.0.19:38337|priority:1|startupRole:FOLLOWER, 3f6fb327-55b5-41b7-853a-8e3dfa7d6293|rpc:10.1.0.19:43559|dataStream:10.1.0.19:43503|priority:0|startupRole:FOLLOWER, 36e1e605-60e1-4f03-904e-89ea76d9efd4|rpc:10.1.0.19:42805|dataStream:10.1.0.19:41129|priority:0|startupRole:FOLLOWER]|listeners:[], old=null, confs=<EMPTY_MAP>
2023-02-14 08:17:18,570 [pool-74-thread-1] INFO  server.RaftServerConfigKeys (ConfUtils.java:logGet(46)) - raft.server.storage.dir = [/home/runner/work/ozone/ozone/hadoop-ozone/integration-test/target/test-dir/MiniOzoneClusterImpl-b6fac55f-b4cf-4cde-8675-802fd5a9473d/datanode-0/data/ratis] (custom)
2023-02-14 08:17:18,570 [pool-74-thread-1] INFO  server.RaftServerConfigKeys (ConfUtils.java:logGet(46)) - raft.server.log.corruption.policy = EXCEPTION (default)
2023-02-14 08:17:18,570 [pool-74-thread-1] INFO  server.RaftServerConfigKeys (ConfUtils.java:logGet(46)) - raft.server.storage.free-space.min = 0MB (=0) (default)
2023-02-14 08:17:18,570 [pool-74-thread-1] INFO  server.RaftServerConfigKeys (ConfUtils.java:logGet(46)) - raft.server.notification.no-leader.timeout = 300s (custom)
2023-02-14 08:17:18,570 [pool-74-thread-1] INFO  server.RaftServerConfigKeys (ConfUtils.java:logGet(46)) - raft.server.retrycache.expirytime = 600000ms (custom)
2023-02-14 08:17:18,571 [pool-74-thread-1] INFO  server.RaftServerConfigKeys (ConfUtils.java:logGet(46)) - raft.server.retrycache.statistics.expirytime = 100μs (default)
2023-02-14 08:17:18,572 [pool-74-thread-1] INFO  server.RaftServerConfigKeys (ConfUtils.java:logGet(46)) - raft.server.log.appender.install.snapshot.enabled = false (custom)
2023-02-14 08:17:18,572 [pool-74-thread-1] INFO  server.RaftServerConfigKeys (ConfUtils.java:logGet(46)) - raft.server.threadpool.server.cached = true (default)
2023-02-14 08:17:18,572 [pool-74-thread-1] INFO  server.RaftServerConfigKeys (ConfUtils.java:logGet(46)) - raft.server.threadpool.server.size = 0 (default)
2023-02-14 08:17:18,573 [pool-74-thread-1] INFO  server.RaftServerConfigKeys (ConfUtils.java:logGet(46)) - raft.server.threadpool.client.cached = true (default)
2023-02-14 08:17:18,573 [pool-74-thread-1] INFO  server.RaftServerConfigKeys (ConfUtils.java:logGet(46)) - raft.server.threadpool.client.size = 0 (default)
2023-02-14 08:17:18,573 [pool-74-thread-1] INFO  storage.RaftStorageDirectory (RaftStorageDirectoryImpl.java:analyzeStorage(137)) - The storage directory /home/runner/work/ozone/ozone/hadoop-ozone/integration-test/target/test-dir/MiniOzoneClusterImpl-b6fac55f-b4cf-4cde-8675-802fd5a9473d/datanode-0/data/ratis/17bd0d4e-b858-4960-8a30-123277d10a4c does not exist. Creating ...
2023-02-14 08:17:18,573 [pool-74-thread-1] INFO  storage.RaftStorageDirectory (RaftStorageDirectoryImpl.java:tryLock(231)) - Lock on /home/runner/work/ozone/ozone/hadoop-ozone/integration-test/target/test-dir/MiniOzoneClusterImpl-b6fac55f-b4cf-4cde-8675-802fd5a9473d/datanode-0/data/ratis/17bd0d4e-b858-4960-8a30-123277d10a4c/in_use.lock acquired by nodename 11911@fv-az476-382
2023-02-14 08:17:18,574 [pool-74-thread-1] INFO  storage.RaftStorage (RaftStorageImpl.java:format(96)) - Storage directory /home/runner/work/ozone/ozone/hadoop-ozone/integration-test/target/test-dir/MiniOzoneClusterImpl-b6fac55f-b4cf-4cde-8675-802fd5a9473d/datanode-0/data/ratis/17bd0d4e-b858-4960-8a30-123277d10a4c has been successfully formatted.
2023-02-14 08:17:18,575 [pool-74-thread-1] INFO  ratis.ContainerStateMachine (ContainerStateMachine.java:loadSnapshot(240)) - group-123277D10A4C: The snapshot info is null. Setting the last applied indexto:(t:0, i:~)
2023-02-14 08:17:18,575 [pool-74-thread-1] INFO  server.RaftServerConfigKeys (ConfUtils.java:logGet(46)) - raft.server.log.use.memory = false (default)
2023-02-14 08:17:18,575 [pool-74-thread-1] INFO  server.RaftServerConfigKeys (ConfUtils.java:logGet(46)) - raft.server.log.purge.gap = 1000000 (custom)
2023-02-14 08:17:18,580 [EventQueue-OpenPipelineForHealthyPipelineSafeModeRule] INFO  safemode.SCMSafeModeManager (HealthyPipelineSafeModeRule.java:process(137)) - SCM in safe mode. Healthy pipelines reported count is 0, required healthy pipeline reported count is 1
2023-02-14 08:17:18,582 [pool-74-thread-1] INFO  server.RaftServerConfigKeys (ConfUtils.java:logGet(46)) - raft.server.log.appender.buffer.byte-limit = 33554432 (custom)
2023-02-14 08:17:18,582 [pool-74-thread-1] INFO  server.RaftServerConfigKeys (ConfUtils.java:logGet(46)) - raft.server.log.statemachine.data.read.timeout = 1000ms (default)
2023-02-14 08:17:18,582 [pool-74-thread-1] INFO  server.RaftServerConfigKeys (ConfUtils.java:logGet(46)) - raft.server.log.purge.preservation.log.num = 0 (default)
2023-02-14 08:17:18,582 [pool-74-thread-1] INFO  server.RaftServerConfigKeys (ConfUtils.java:logGet(46)) - raft.server.log.segment.size.max = 1048576 (custom)
2023-02-14 08:17:18,583 [pool-74-thread-1] INFO  server.RaftServerConfigKeys (ConfUtils.java:logGet(46)) - raft.server.log.segment.cache.num.max = 2 (custom)
2023-02-14 08:17:18,583 [pool-74-thread-1] INFO  server.RaftServerConfigKeys (ConfUtils.java:logGet(46)) - raft.server.log.segment.cache.size.max = 200MB (=209715200) (default)
2023-02-14 08:17:18,583 [pool-74-thread-1] INFO  segmented.SegmentedRaftLogWorker (SegmentedRaftLogWorker.java:<init>(189)) - new f91196cd-4755-4cf6-996a-4ead370c0744@group-123277D10A4C-SegmentedRaftLogWorker for RaftStorageImpl:Storage Directory /home/runner/work/ozone/ozone/hadoop-ozone/integration-test/target/test-dir/MiniOzoneClusterImpl-b6fac55f-b4cf-4cde-8675-802fd5a9473d/datanode-0/data/ratis/17bd0d4e-b858-4960-8a30-123277d10a4c
2023-02-14 08:17:18,583 [pool-74-thread-1] INFO  server.RaftServerConfigKeys (ConfUtils.java:logGet(46)) - raft.server.log.queue.byte-limit = 4294967296 (custom)
2023-02-14 08:17:18,583 [pool-74-thread-1] INFO  server.RaftServerConfigKeys (ConfUtils.java:logGet(46)) - raft.server.log.queue.element-limit = 1024 (custom)
2023-02-14 08:17:18,583 [pool-74-thread-1] INFO  server.RaftServerConfigKeys (ConfUtils.java:logGet(46)) - raft.server.log.segment.size.max = 1048576 (custom)
2023-02-14 08:17:18,583 [pool-74-thread-1] INFO  server.RaftServerConfigKeys (ConfUtils.java:logGet(46)) - raft.server.log.preallocated.size = 16384 (custom)
2023-02-14 08:17:18,583 [pool-74-thread-1] INFO  server.RaftServerConfigKeys (ConfUtils.java:logGet(46)) - raft.server.log.force.sync.num = 128 (default)
2023-02-14 08:17:18,583 [pool-74-thread-1] INFO  server.RaftServerConfigKeys (ConfUtils.java:logGet(46)) - raft.server.log.statemachine.data.sync = true (default)
2023-02-14 08:17:18,583 [pool-74-thread-1] INFO  server.RaftServerConfigKeys (ConfUtils.java:logGet(46)) - raft.server.log.statemachine.data.sync.timeout = 10s (default)
2023-02-14 08:17:18,583 [pool-74-thread-1] INFO  server.RaftServerConfigKeys (ConfUtils.java:logGet(46)) - raft.server.log.statemachine.data.sync.timeout.retry = -1 (default)
2023-02-14 08:17:18,586 [pool-74-thread-1] INFO  server.RaftServerConfigKeys (ConfUtils.java:logGet(46)) - raft.server.log.write.buffer.size = 1048576 (custom)
2023-02-14 08:17:18,588 [pool-74-thread-1] INFO  server.RaftServerConfigKeys (ConfUtils.java:logGet(46)) - raft.server.log.appender.buffer.byte-limit = 33554432 (custom)
2023-02-14 08:17:18,594 [pool-74-thread-1] INFO  server.RaftServerConfigKeys (ConfUtils.java:logGet(46)) - raft.server.log.unsafe-flush.enabled = false (default)
2023-02-14 08:17:18,594 [pool-74-thread-1] INFO  server.RaftServerConfigKeys (ConfUtils.java:logGet(46)) - raft.server.log.async-flush.enabled = false (default)
2023-02-14 08:17:18,594 [pool-74-thread-1] INFO  server.RaftServerConfigKeys (ConfUtils.java:logGet(46)) - raft.server.log.statemachine.data.caching.enabled = true (custom)
2023-02-14 08:17:18,594 [pool-74-thread-1] INFO  segmented.SegmentedRaftLogWorker (SegmentedRaftLogWorker.java:lambda$new$0(135)) - f91196cd-4755-4cf6-996a-4ead370c0744@group-123277D10A4C-SegmentedRaftLogWorker: flushIndex: setUnconditionally 0 -> -1
2023-02-14 08:17:18,594 [pool-74-thread-1] INFO  segmented.SegmentedRaftLogWorker (SegmentedRaftLogWorker.java:lambda$new$0(135)) - f91196cd-4755-4cf6-996a-4ead370c0744@group-123277D10A4C-SegmentedRaftLogWorker: safeCacheEvictIndex: setUnconditionally 0 -> -1
2023-02-14 08:17:18,594 [pool-74-thread-1] INFO  server.RaftServer$Division (RaftServerImpl.java:start(334)) - f91196cd-4755-4cf6-996a-4ead370c0744@group-123277D10A4C: start as a follower, conf=-1: peers:[f91196cd-4755-4cf6-996a-4ead370c0744|rpc:10.1.0.19:34709|dataStream:10.1.0.19:38337|priority:1|startupRole:FOLLOWER, 3f6fb327-55b5-41b7-853a-8e3dfa7d6293|rpc:10.1.0.19:43559|dataStream:10.1.0.19:43503|priority:0|startupRole:FOLLOWER, 36e1e605-60e1-4f03-904e-89ea76d9efd4|rpc:10.1.0.19:42805|dataStream:10.1.0.19:41129|priority:0|startupRole:FOLLOWER]|listeners:[], old=null
2023-02-14 08:17:18,594 [pool-74-thread-1] INFO  server.RaftServer$Division (RaftServerImpl.java:setRole(321)) - f91196cd-4755-4cf6-996a-4ead370c0744@group-123277D10A4C: changes role from      null to FOLLOWER at term 0 for startAsFollower
2023-02-14 08:17:18,595 [pool-74-thread-1] INFO  impl.RoleInfo (RoleInfo.java:updateAndGet(139)) - f91196cd-4755-4cf6-996a-4ead370c0744: start f91196cd-4755-4cf6-996a-4ead370c0744@group-123277D10A4C-FollowerState
2023-02-14 08:17:18,598 [pool-74-thread-1] INFO  util.JmxRegister (JmxRegister.java:tryRegister(44)) - Successfully registered JMX Bean with object name Ratis:service=RaftServer,group=group-123277D10A4C,id=f91196cd-4755-4cf6-996a-4ead370c0744
2023-02-14 08:17:18,598 [pool-74-thread-1] INFO  server.RaftServerConfigKeys (ConfUtils.java:logGet(46)) - raft.server.snapshot.auto.trigger.enabled = true (custom)
2023-02-14 08:17:18,598 [pool-74-thread-1] INFO  server.RaftServerConfigKeys (ConfUtils.java:logGet(46)) - raft.server.snapshot.auto.trigger.threshold = 10000 (custom)
2023-02-14 08:17:18,598 [pool-74-thread-1] INFO  server.RaftServerConfigKeys (ConfUtils.java:logGet(46)) - raft.server.snapshot.retention.file.num = 5 (custom)
2023-02-14 08:17:18,598 [pool-74-thread-1] INFO  server.RaftServerConfigKeys (ConfUtils.java:logGet(46)) - raft.server.log.purge.upto.snapshot.index = false (default)
2023-02-14 08:17:18,599 [f91196cd-4755-4cf6-996a-4ead370c0744@group-123277D10A4C-FollowerState] INFO  server.RaftServerConfigKeys (ConfUtils.java:logFallback(53)) - raft.server.rpc.first-election.timeout.min = 5s (fallback to raft.server.rpc.timeout.min)
2023-02-14 08:17:18,600 [Command processor thread] INFO  ratis.XceiverServerRatis (XceiverServerRatis.java:addGroup(807)) - Created group PipelineID=17bd0d4e-b858-4960-8a30-123277d10a4c
2023-02-14 08:17:18,600 [f91196cd-4755-4cf6-996a-4ead370c0744@group-123277D10A4C-FollowerState] INFO  server.RaftServerConfigKeys (ConfUtils.java:logFallback(53)) - raft.server.rpc.first-election.timeout.max = 5200ms (fallback to raft.server.rpc.timeout.max)
2023-02-14 08:17:18,919 [grpc-default-executor-0] INFO  server.RaftServer (RaftServerProxy.java:addNew(96)) - 36e1e605-60e1-4f03-904e-89ea76d9efd4: addNew group-123277D10A4C:[f91196cd-4755-4cf6-996a-4ead370c0744|rpc:10.1.0.19:34709|dataStream:10.1.0.19:38337|priority:1|startupRole:FOLLOWER, 3f6fb327-55b5-41b7-853a-8e3dfa7d6293|rpc:10.1.0.19:43559|dataStream:10.1.0.19:43503|priority:0|startupRole:FOLLOWER, 36e1e605-60e1-4f03-904e-89ea76d9efd4|rpc:10.1.0.19:42805|dataStream:10.1.0.19:41129|priority:0|startupRole:FOLLOWER] returns group-123277D10A4C:java.util.concurrent.CompletableFuture@61fe5560[Not completed]
2023-02-14 08:17:18,921 [pool-96-thread-1] INFO  server.RaftServer$Division (RaftServerImpl.java:<init>(195)) - 36e1e605-60e1-4f03-904e-89ea76d9efd4: new RaftServerImpl for group-123277D10A4C:[f91196cd-4755-4cf6-996a-4ead370c0744|rpc:10.1.0.19:34709|dataStream:10.1.0.19:38337|priority:1|startupRole:FOLLOWER, 3f6fb327-55b5-41b7-853a-8e3dfa7d6293|rpc:10.1.0.19:43559|dataStream:10.1.0.19:43503|priority:0|startupRole:FOLLOWER, 36e1e605-60e1-4f03-904e-89ea76d9efd4|rpc:10.1.0.19:42805|dataStream:10.1.0.19:41129|priority:0|startupRole:FOLLOWER] with ContainerStateMachine:uninitialized
2023-02-14 08:17:18,922 [pool-96-thread-1] INFO  server.RaftServerConfigKeys (ConfUtils.java:logGet(46)) - raft.server.rpc.timeout.min = 5s (custom)
2023-02-14 08:17:18,922 [pool-96-thread-1] INFO  server.RaftServerConfigKeys (ConfUtils.java:logGet(46)) - raft.server.rpc.timeout.max = 5200ms (custom)
2023-02-14 08:17:18,922 [pool-96-thread-1] INFO  server.RaftServerConfigKeys (ConfUtils.java:logGet(46)) - raft.server.rpc.sleep.time = 25ms (default)
2023-02-14 08:17:18,922 [pool-96-thread-1] INFO  server.RaftServerConfigKeys (ConfUtils.java:logGet(46)) - raft.server.rpc.slowness.timeout = 300s (custom)
2023-02-14 08:17:18,922 [pool-96-thread-1] INFO  server.RaftServerConfigKeys (ConfUtils.java:logGet(46)) - raft.server.leaderelection.leader.step-down.wait-time = 10s (default)
2023-02-14 08:17:18,922 [pool-96-thread-1] INFO  server.RaftServerConfigKeys (ConfUtils.java:logGet(46)) - raft.server.sleep.deviation.threshold = 300ms (default)
2023-02-14 08:17:18,922 [pool-96-thread-1] INFO  server.RaftServer$Division (ServerState.java:<init>(118)) - 36e1e605-60e1-4f03-904e-89ea76d9efd4@group-123277D10A4C: ConfigurationManager, init=-1: peers:[f91196cd-4755-4cf6-996a-4ead370c0744|rpc:10.1.0.19:34709|dataStream:10.1.0.19:38337|priority:1|startupRole:FOLLOWER, 3f6fb327-55b5-41b7-853a-8e3dfa7d6293|rpc:10.1.0.19:43559|dataStream:10.1.0.19:43503|priority:0|startupRole:FOLLOWER, 36e1e605-60e1-4f03-904e-89ea76d9efd4|rpc:10.1.0.19:42805|dataStream:10.1.0.19:41129|priority:0|startupRole:FOLLOWER]|listeners:[], old=null, confs=<EMPTY_MAP>
2023-02-14 08:17:18,922 [pool-96-thread-1] INFO  server.RaftServerConfigKeys (ConfUtils.java:logGet(46)) - raft.server.storage.dir = [/home/runner/work/ozone/ozone/hadoop-ozone/integration-test/target/test-dir/MiniOzoneClusterImpl-b6fac55f-b4cf-4cde-8675-802fd5a9473d/datanode-1/data/ratis] (custom)
2023-02-14 08:17:18,922 [pool-96-thread-1] INFO  server.RaftServerConfigKeys (ConfUtils.java:logGet(46)) - raft.server.log.corruption.policy = EXCEPTION (default)
2023-02-14 08:17:18,922 [pool-96-thread-1] INFO  server.RaftServerConfigKeys (ConfUtils.java:logGet(46)) - raft.server.storage.free-space.min = 0MB (=0) (default)
2023-02-14 08:17:18,922 [pool-96-thread-1] INFO  server.RaftServerConfigKeys (ConfUtils.java:logGet(46)) - raft.server.notification.no-leader.timeout = 300s (custom)
2023-02-14 08:17:18,923 [pool-96-thread-1] INFO  server.RaftServerConfigKeys (ConfUtils.java:logGet(46)) - raft.server.retrycache.expirytime = 600000ms (custom)
2023-02-14 08:17:18,923 [pool-96-thread-1] INFO  server.RaftServerConfigKeys (ConfUtils.java:logGet(46)) - raft.server.retrycache.statistics.expirytime = 100μs (default)
2023-02-14 08:17:18,930 [pool-96-thread-1] INFO  server.RaftServerConfigKeys (ConfUtils.java:logGet(46)) - raft.server.log.appender.install.snapshot.enabled = false (custom)
2023-02-14 08:17:18,930 [pool-96-thread-1] INFO  server.RaftServerConfigKeys (ConfUtils.java:logGet(46)) - raft.server.threadpool.server.cached = true (default)
2023-02-14 08:17:18,930 [pool-96-thread-1] INFO  server.RaftServerConfigKeys (ConfUtils.java:logGet(46)) - raft.server.threadpool.server.size = 0 (default)
2023-02-14 08:17:18,930 [pool-96-thread-1] INFO  server.RaftServerConfigKeys (ConfUtils.java:logGet(46)) - raft.server.threadpool.client.cached = true (default)
2023-02-14 08:17:18,930 [pool-96-thread-1] INFO  server.RaftServerConfigKeys (ConfUtils.java:logGet(46)) - raft.server.threadpool.client.size = 0 (default)
2023-02-14 08:17:18,930 [pool-96-thread-1] INFO  storage.RaftStorageDirectory (RaftStorageDirectoryImpl.java:analyzeStorage(137)) - The storage directory /home/runner/work/ozone/ozone/hadoop-ozone/integration-test/target/test-dir/MiniOzoneClusterImpl-b6fac55f-b4cf-4cde-8675-802fd5a9473d/datanode-1/data/ratis/17bd0d4e-b858-4960-8a30-123277d10a4c does not exist. Creating ...
2023-02-14 08:17:18,931 [pool-96-thread-1] INFO  storage.RaftStorageDirectory (RaftStorageDirectoryImpl.java:tryLock(231)) - Lock on /home/runner/work/ozone/ozone/hadoop-ozone/integration-test/target/test-dir/MiniOzoneClusterImpl-b6fac55f-b4cf-4cde-8675-802fd5a9473d/datanode-1/data/ratis/17bd0d4e-b858-4960-8a30-123277d10a4c/in_use.lock acquired by nodename 11911@fv-az476-382
2023-02-14 08:17:18,932 [pool-96-thread-1] INFO  storage.RaftStorage (RaftStorageImpl.java:format(96)) - Storage directory /home/runner/work/ozone/ozone/hadoop-ozone/integration-test/target/test-dir/MiniOzoneClusterImpl-b6fac55f-b4cf-4cde-8675-802fd5a9473d/datanode-1/data/ratis/17bd0d4e-b858-4960-8a30-123277d10a4c has been successfully formatted.
2023-02-14 08:17:18,933 [pool-96-thread-1] INFO  ratis.ContainerStateMachine (ContainerStateMachine.java:loadSnapshot(240)) - group-123277D10A4C: The snapshot info is null. Setting the last applied indexto:(t:0, i:~)
2023-02-14 08:17:18,936 [pool-96-thread-1] INFO  server.RaftServerConfigKeys (ConfUtils.java:logGet(46)) - raft.server.log.use.memory = false (default)
2023-02-14 08:17:18,936 [pool-96-thread-1] INFO  server.RaftServerConfigKeys (ConfUtils.java:logGet(46)) - raft.server.log.purge.gap = 1000000 (custom)
2023-02-14 08:17:18,936 [pool-96-thread-1] INFO  server.RaftServerConfigKeys (ConfUtils.java:logGet(46)) - raft.server.log.appender.buffer.byte-limit = 33554432 (custom)
2023-02-14 08:17:18,936 [pool-96-thread-1] INFO  server.RaftServerConfigKeys (ConfUtils.java:logGet(46)) - raft.server.log.statemachine.data.read.timeout = 1000ms (default)
2023-02-14 08:17:18,936 [pool-96-thread-1] INFO  server.RaftServerConfigKeys (ConfUtils.java:logGet(46)) - raft.server.log.purge.preservation.log.num = 0 (default)
2023-02-14 08:17:18,936 [pool-96-thread-1] INFO  server.RaftServerConfigKeys (ConfUtils.java:logGet(46)) - raft.server.log.segment.size.max = 1048576 (custom)
2023-02-14 08:17:18,937 [pool-96-thread-1] INFO  server.RaftServerConfigKeys (ConfUtils.java:logGet(46)) - raft.server.log.segment.cache.num.max = 2 (custom)
2023-02-14 08:17:18,937 [pool-96-thread-1] INFO  server.RaftServerConfigKeys (ConfUtils.java:logGet(46)) - raft.server.log.segment.cache.size.max = 200MB (=209715200) (default)
2023-02-14 08:17:18,937 [pool-96-thread-1] INFO  segmented.SegmentedRaftLogWorker (SegmentedRaftLogWorker.java:<init>(189)) - new 36e1e605-60e1-4f03-904e-89ea76d9efd4@group-123277D10A4C-SegmentedRaftLogWorker for RaftStorageImpl:Storage Directory /home/runner/work/ozone/ozone/hadoop-ozone/integration-test/target/test-dir/MiniOzoneClusterImpl-b6fac55f-b4cf-4cde-8675-802fd5a9473d/datanode-1/data/ratis/17bd0d4e-b858-4960-8a30-123277d10a4c
2023-02-14 08:17:18,937 [pool-96-thread-1] INFO  server.RaftServerConfigKeys (ConfUtils.java:logGet(46)) - raft.server.log.queue.byte-limit = 4294967296 (custom)
2023-02-14 08:17:18,937 [pool-96-thread-1] INFO  server.RaftServerConfigKeys (ConfUtils.java:logGet(46)) - raft.server.log.queue.element-limit = 1024 (custom)
2023-02-14 08:17:18,937 [pool-96-thread-1] INFO  server.RaftServerConfigKeys (ConfUtils.java:logGet(46)) - raft.server.log.segment.size.max = 1048576 (custom)
2023-02-14 08:17:18,937 [pool-96-thread-1] INFO  server.RaftServerConfigKeys (ConfUtils.java:logGet(46)) - raft.server.log.preallocated.size = 16384 (custom)
2023-02-14 08:17:18,938 [pool-96-thread-1] INFO  server.RaftServerConfigKeys (ConfUtils.java:logGet(46)) - raft.server.log.force.sync.num = 128 (default)
2023-02-14 08:17:18,938 [pool-96-thread-1] INFO  server.RaftServerConfigKeys (ConfUtils.java:logGet(46)) - raft.server.log.statemachine.data.sync = true (default)
2023-02-14 08:17:18,938 [pool-96-thread-1] INFO  server.RaftServerConfigKeys (ConfUtils.java:logGet(46)) - raft.server.log.statemachine.data.sync.timeout = 10s (default)
2023-02-14 08:17:18,938 [pool-96-thread-1] INFO  server.RaftServerConfigKeys (ConfUtils.java:logGet(46)) - raft.server.log.statemachine.data.sync.timeout.retry = -1 (default)
2023-02-14 08:17:18,940 [pool-96-thread-1] INFO  server.RaftServerConfigKeys (ConfUtils.java:logGet(46)) - raft.server.log.write.buffer.size = 1048576 (custom)
2023-02-14 08:17:18,940 [pool-96-thread-1] INFO  server.RaftServerConfigKeys (ConfUtils.java:logGet(46)) - raft.server.log.appender.buffer.byte-limit = 33554432 (custom)
2023-02-14 08:17:18,943 [pool-96-thread-1] INFO  server.RaftServerConfigKeys (ConfUtils.java:logGet(46)) - raft.server.log.unsafe-flush.enabled = false (default)
2023-02-14 08:17:18,943 [pool-96-thread-1] INFO  server.RaftServerConfigKeys (ConfUtils.java:logGet(46)) - raft.server.log.async-flush.enabled = false (default)
2023-02-14 08:17:18,943 [pool-96-thread-1] INFO  server.RaftServerConfigKeys (ConfUtils.java:logGet(46)) - raft.server.log.statemachine.data.caching.enabled = true (custom)
2023-02-14 08:17:18,944 [pool-96-thread-1] INFO  segmented.SegmentedRaftLogWorker (SegmentedRaftLogWorker.java:lambda$new$0(135)) - 36e1e605-60e1-4f03-904e-89ea76d9efd4@group-123277D10A4C-SegmentedRaftLogWorker: flushIndex: setUnconditionally 0 -> -1
2023-02-14 08:17:18,944 [pool-96-thread-1] INFO  segmented.SegmentedRaftLogWorker (SegmentedRaftLogWorker.java:lambda$new$0(135)) - 36e1e605-60e1-4f03-904e-89ea76d9efd4@group-123277D10A4C-SegmentedRaftLogWorker: safeCacheEvictIndex: setUnconditionally 0 -> -1
2023-02-14 08:17:18,944 [pool-96-thread-1] INFO  server.RaftServer$Division (RaftServerImpl.java:start(334)) - 36e1e605-60e1-4f03-904e-89ea76d9efd4@group-123277D10A4C: start as a follower, conf=-1: peers:[f91196cd-4755-4cf6-996a-4ead370c0744|rpc:10.1.0.19:34709|dataStream:10.1.0.19:38337|priority:1|startupRole:FOLLOWER, 3f6fb327-55b5-41b7-853a-8e3dfa7d6293|rpc:10.1.0.19:43559|dataStream:10.1.0.19:43503|priority:0|startupRole:FOLLOWER, 36e1e605-60e1-4f03-904e-89ea76d9efd4|rpc:10.1.0.19:42805|dataStream:10.1.0.19:41129|priority:0|startupRole:FOLLOWER]|listeners:[], old=null
2023-02-14 08:17:18,944 [pool-96-thread-1] INFO  server.RaftServer$Division (RaftServerImpl.java:setRole(321)) - 36e1e605-60e1-4f03-904e-89ea76d9efd4@group-123277D10A4C: changes role from      null to FOLLOWER at term 0 for startAsFollower
2023-02-14 08:17:18,944 [pool-96-thread-1] INFO  impl.RoleInfo (RoleInfo.java:updateAndGet(139)) - 36e1e605-60e1-4f03-904e-89ea76d9efd4: start 36e1e605-60e1-4f03-904e-89ea76d9efd4@group-123277D10A4C-FollowerState
2023-02-14 08:17:18,944 [36e1e605-60e1-4f03-904e-89ea76d9efd4@group-123277D10A4C-FollowerState] INFO  server.RaftServerConfigKeys (ConfUtils.java:logFallback(53)) - raft.server.rpc.first-election.timeout.min = 5s (fallback to raft.server.rpc.timeout.min)
2023-02-14 08:17:18,944 [pool-96-thread-1] INFO  util.JmxRegister (JmxRegister.java:tryRegister(44)) - Successfully registered JMX Bean with object name Ratis:service=RaftServer,group=group-123277D10A4C,id=36e1e605-60e1-4f03-904e-89ea76d9efd4
2023-02-14 08:17:18,945 [36e1e605-60e1-4f03-904e-89ea76d9efd4@group-123277D10A4C-FollowerState] INFO  server.RaftServerConfigKeys (ConfUtils.java:logFallback(53)) - raft.server.rpc.first-election.timeout.max = 5200ms (fallback to raft.server.rpc.timeout.max)
2023-02-14 08:17:18,945 [pool-96-thread-1] INFO  server.RaftServerConfigKeys (ConfUtils.java:logGet(46)) - raft.server.snapshot.auto.trigger.enabled = true (custom)
2023-02-14 08:17:18,945 [pool-96-thread-1] INFO  server.RaftServerConfigKeys (ConfUtils.java:logGet(46)) - raft.server.snapshot.auto.trigger.threshold = 10000 (custom)
2023-02-14 08:17:18,945 [pool-96-thread-1] INFO  server.RaftServerConfigKeys (ConfUtils.java:logGet(46)) - raft.server.snapshot.retention.file.num = 5 (custom)
2023-02-14 08:17:18,945 [pool-96-thread-1] INFO  server.RaftServerConfigKeys (ConfUtils.java:logGet(46)) - raft.server.log.purge.upto.snapshot.index = false (default)
2023-02-14 08:17:18,996 [grpc-default-executor-0] INFO  server.RaftServer (RaftServerProxy.java:addNew(96)) - 3f6fb327-55b5-41b7-853a-8e3dfa7d6293: addNew group-123277D10A4C:[f91196cd-4755-4cf6-996a-4ead370c0744|rpc:10.1.0.19:34709|dataStream:10.1.0.19:38337|priority:1|startupRole:FOLLOWER, 3f6fb327-55b5-41b7-853a-8e3dfa7d6293|rpc:10.1.0.19:43559|dataStream:10.1.0.19:43503|priority:0|startupRole:FOLLOWER, 36e1e605-60e1-4f03-904e-89ea76d9efd4|rpc:10.1.0.19:42805|dataStream:10.1.0.19:41129|priority:0|startupRole:FOLLOWER] returns group-123277D10A4C:java.util.concurrent.CompletableFuture@69bf15c6[Not completed]
2023-02-14 08:17:18,999 [pool-118-thread-1] INFO  server.RaftServer$Division (RaftServerImpl.java:<init>(195)) - 3f6fb327-55b5-41b7-853a-8e3dfa7d6293: new RaftServerImpl for group-123277D10A4C:[f91196cd-4755-4cf6-996a-4ead370c0744|rpc:10.1.0.19:34709|dataStream:10.1.0.19:38337|priority:1|startupRole:FOLLOWER, 3f6fb327-55b5-41b7-853a-8e3dfa7d6293|rpc:10.1.0.19:43559|dataStream:10.1.0.19:43503|priority:0|startupRole:FOLLOWER, 36e1e605-60e1-4f03-904e-89ea76d9efd4|rpc:10.1.0.19:42805|dataStream:10.1.0.19:41129|priority:0|startupRole:FOLLOWER] with ContainerStateMachine:uninitialized
2023-02-14 08:17:18,999 [pool-118-thread-1] INFO  server.RaftServerConfigKeys (ConfUtils.java:logGet(46)) - raft.server.rpc.timeout.min = 5s (custom)
2023-02-14 08:17:18,999 [pool-118-thread-1] INFO  server.RaftServerConfigKeys (ConfUtils.java:logGet(46)) - raft.server.rpc.timeout.max = 5200ms (custom)
2023-02-14 08:17:18,999 [pool-118-thread-1] INFO  server.RaftServerConfigKeys (ConfUtils.java:logGet(46)) - raft.server.rpc.sleep.time = 25ms (default)
2023-02-14 08:17:19,000 [pool-118-thread-1] INFO  server.RaftServerConfigKeys (ConfUtils.java:logGet(46)) - raft.server.rpc.slowness.timeout = 300s (custom)
2023-02-14 08:17:19,000 [pool-118-thread-1] INFO  server.RaftServerConfigKeys (ConfUtils.java:logGet(46)) - raft.server.leaderelection.leader.step-down.wait-time = 10s (default)
2023-02-14 08:17:19,000 [pool-118-thread-1] INFO  server.RaftServerConfigKeys (ConfUtils.java:logGet(46)) - raft.server.sleep.deviation.threshold = 300ms (default)
2023-02-14 08:17:19,000 [pool-118-thread-1] INFO  server.RaftServer$Division (ServerState.java:<init>(118)) - 3f6fb327-55b5-41b7-853a-8e3dfa7d6293@group-123277D10A4C: ConfigurationManager, init=-1: peers:[f91196cd-4755-4cf6-996a-4ead370c0744|rpc:10.1.0.19:34709|dataStream:10.1.0.19:38337|priority:1|startupRole:FOLLOWER, 3f6fb327-55b5-41b7-853a-8e3dfa7d6293|rpc:10.1.0.19:43559|dataStream:10.1.0.19:43503|priority:0|startupRole:FOLLOWER, 36e1e605-60e1-4f03-904e-89ea76d9efd4|rpc:10.1.0.19:42805|dataStream:10.1.0.19:41129|priority:0|startupRole:FOLLOWER]|listeners:[], old=null, confs=<EMPTY_MAP>
2023-02-14 08:17:19,000 [pool-118-thread-1] INFO  server.RaftServerConfigKeys (ConfUtils.java:logGet(46)) - raft.server.storage.dir = [/home/runner/work/ozone/ozone/hadoop-ozone/integration-test/target/test-dir/MiniOzoneClusterImpl-b6fac55f-b4cf-4cde-8675-802fd5a9473d/datanode-2/data/ratis] (custom)
2023-02-14 08:17:19,000 [pool-118-thread-1] INFO  server.RaftServerConfigKeys (ConfUtils.java:logGet(46)) - raft.server.log.corruption.policy = EXCEPTION (default)
2023-02-14 08:17:19,000 [pool-118-thread-1] INFO  server.RaftServerConfigKeys (ConfUtils.java:logGet(46)) - raft.server.storage.free-space.min = 0MB (=0) (default)
2023-02-14 08:17:19,000 [pool-118-thread-1] INFO  server.RaftServerConfigKeys (ConfUtils.java:logGet(46)) - raft.server.notification.no-leader.timeout = 300s (custom)
2023-02-14 08:17:19,000 [pool-118-thread-1] INFO  server.RaftServerConfigKeys (ConfUtils.java:logGet(46)) - raft.server.retrycache.expirytime = 600000ms (custom)
2023-02-14 08:17:19,000 [pool-118-thread-1] INFO  server.RaftServerConfigKeys (ConfUtils.java:logGet(46)) - raft.server.retrycache.statistics.expirytime = 100μs (default)
2023-02-14 08:17:19,004 [pool-118-thread-1] INFO  server.RaftServerConfigKeys (ConfUtils.java:logGet(46)) - raft.server.log.appender.install.snapshot.enabled = false (custom)
2023-02-14 08:17:19,004 [pool-118-thread-1] INFO  server.RaftServerConfigKeys (ConfUtils.java:logGet(46)) - raft.server.threadpool.server.cached = true (default)
2023-02-14 08:17:19,004 [pool-118-thread-1] INFO  server.RaftServerConfigKeys (ConfUtils.java:logGet(46)) - raft.server.threadpool.server.size = 0 (default)
2023-02-14 08:17:19,004 [pool-118-thread-1] INFO  server.RaftServerConfigKeys (ConfUtils.java:logGet(46)) - raft.server.threadpool.client.cached = true (default)
2023-02-14 08:17:19,004 [pool-118-thread-1] INFO  server.RaftServerConfigKeys (ConfUtils.java:logGet(46)) - raft.server.threadpool.client.size = 0 (default)
2023-02-14 08:17:19,004 [pool-118-thread-1] INFO  storage.RaftStorageDirectory (RaftStorageDirectoryImpl.java:analyzeStorage(137)) - The storage directory /home/runner/work/ozone/ozone/hadoop-ozone/integration-test/target/test-dir/MiniOzoneClusterImpl-b6fac55f-b4cf-4cde-8675-802fd5a9473d/datanode-2/data/ratis/17bd0d4e-b858-4960-8a30-123277d10a4c does not exist. Creating ...
2023-02-14 08:17:19,005 [pool-118-thread-1] INFO  storage.RaftStorageDirectory (RaftStorageDirectoryImpl.java:tryLock(231)) - Lock on /home/runner/work/ozone/ozone/hadoop-ozone/integration-test/target/test-dir/MiniOzoneClusterImpl-b6fac55f-b4cf-4cde-8675-802fd5a9473d/datanode-2/data/ratis/17bd0d4e-b858-4960-8a30-123277d10a4c/in_use.lock acquired by nodename 11911@fv-az476-382
2023-02-14 08:17:19,006 [pool-118-thread-1] INFO  storage.RaftStorage (RaftStorageImpl.java:format(96)) - Storage directory /home/runner/work/ozone/ozone/hadoop-ozone/integration-test/target/test-dir/MiniOzoneClusterImpl-b6fac55f-b4cf-4cde-8675-802fd5a9473d/datanode-2/data/ratis/17bd0d4e-b858-4960-8a30-123277d10a4c has been successfully formatted.
2023-02-14 08:17:19,007 [pool-118-thread-1] INFO  ratis.ContainerStateMachine (ContainerStateMachine.java:loadSnapshot(240)) - group-123277D10A4C: The snapshot info is null. Setting the last applied indexto:(t:0, i:~)
2023-02-14 08:17:19,007 [pool-118-thread-1] INFO  server.RaftServerConfigKeys (ConfUtils.java:logGet(46)) - raft.server.log.use.memory = false (default)
2023-02-14 08:17:19,007 [pool-118-thread-1] INFO  server.RaftServerConfigKeys (ConfUtils.java:logGet(46)) - raft.server.log.purge.gap = 1000000 (custom)
2023-02-14 08:17:19,008 [pool-118-thread-1] INFO  server.RaftServerConfigKeys (ConfUtils.java:logGet(46)) - raft.server.log.appender.buffer.byte-limit = 33554432 (custom)
2023-02-14 08:17:19,008 [pool-118-thread-1] INFO  server.RaftServerConfigKeys (ConfUtils.java:logGet(46)) - raft.server.log.statemachine.data.read.timeout = 1000ms (default)
2023-02-14 08:17:19,008 [pool-118-thread-1] INFO  server.RaftServerConfigKeys (ConfUtils.java:logGet(46)) - raft.server.log.purge.preservation.log.num = 0 (default)
2023-02-14 08:17:19,011 [pool-118-thread-1] INFO  server.RaftServerConfigKeys (ConfUtils.java:logGet(46)) - raft.server.log.segment.size.max = 1048576 (custom)
2023-02-14 08:17:19,012 [pool-118-thread-1] INFO  server.RaftServerConfigKeys (ConfUtils.java:logGet(46)) - raft.server.log.segment.cache.num.max = 2 (custom)
2023-02-14 08:17:19,012 [pool-118-thread-1] INFO  server.RaftServerConfigKeys (ConfUtils.java:logGet(46)) - raft.server.log.segment.cache.size.max = 200MB (=209715200) (default)
2023-02-14 08:17:19,012 [pool-118-thread-1] INFO  segmented.SegmentedRaftLogWorker (SegmentedRaftLogWorker.java:<init>(189)) - new 3f6fb327-55b5-41b7-853a-8e3dfa7d6293@group-123277D10A4C-SegmentedRaftLogWorker for RaftStorageImpl:Storage Directory /home/runner/work/ozone/ozone/hadoop-ozone/integration-test/target/test-dir/MiniOzoneClusterImpl-b6fac55f-b4cf-4cde-8675-802fd5a9473d/datanode-2/data/ratis/17bd0d4e-b858-4960-8a30-123277d10a4c
2023-02-14 08:17:19,012 [pool-118-thread-1] INFO  server.RaftServerConfigKeys (ConfUtils.java:logGet(46)) - raft.server.log.queue.byte-limit = 4294967296 (custom)
2023-02-14 08:17:19,012 [pool-118-thread-1] INFO  server.RaftServerConfigKeys (ConfUtils.java:logGet(46)) - raft.server.log.queue.element-limit = 1024 (custom)
2023-02-14 08:17:19,012 [pool-118-thread-1] INFO  server.RaftServerConfigKeys (ConfUtils.java:logGet(46)) - raft.server.log.segment.size.max = 1048576 (custom)
2023-02-14 08:17:19,012 [pool-118-thread-1] INFO  server.RaftServerConfigKeys (ConfUtils.java:logGet(46)) - raft.server.log.preallocated.size = 16384 (custom)
2023-02-14 08:17:19,012 [pool-118-thread-1] INFO  server.RaftServerConfigKeys (ConfUtils.java:logGet(46)) - raft.server.log.force.sync.num = 128 (default)
2023-02-14 08:17:19,012 [pool-118-thread-1] INFO  server.RaftServerConfigKeys (ConfUtils.java:logGet(46)) - raft.server.log.statemachine.data.sync = true (default)
2023-02-14 08:17:19,012 [pool-118-thread-1] INFO  server.RaftServerConfigKeys (ConfUtils.java:logGet(46)) - raft.server.log.statemachine.data.sync.timeout = 10s (default)
2023-02-14 08:17:19,012 [pool-118-thread-1] INFO  server.RaftServerConfigKeys (ConfUtils.java:logGet(46)) - raft.server.log.statemachine.data.sync.timeout.retry = -1 (default)
2023-02-14 08:17:19,015 [pool-118-thread-1] INFO  server.RaftServerConfigKeys (ConfUtils.java:logGet(46)) - raft.server.log.write.buffer.size = 1048576 (custom)
2023-02-14 08:17:19,016 [pool-118-thread-1] INFO  server.RaftServerConfigKeys (ConfUtils.java:logGet(46)) - raft.server.log.appender.buffer.byte-limit = 33554432 (custom)
2023-02-14 08:17:19,019 [pool-118-thread-1] INFO  server.RaftServerConfigKeys (ConfUtils.java:logGet(46)) - raft.server.log.unsafe-flush.enabled = false (default)
2023-02-14 08:17:19,019 [pool-118-thread-1] INFO  server.RaftServerConfigKeys (ConfUtils.java:logGet(46)) - raft.server.log.async-flush.enabled = false (default)
2023-02-14 08:17:19,019 [pool-118-thread-1] INFO  server.RaftServerConfigKeys (ConfUtils.java:logGet(46)) - raft.server.log.statemachine.data.caching.enabled = true (custom)
2023-02-14 08:17:19,019 [pool-118-thread-1] INFO  segmented.SegmentedRaftLogWorker (SegmentedRaftLogWorker.java:lambda$new$0(135)) - 3f6fb327-55b5-41b7-853a-8e3dfa7d6293@group-123277D10A4C-SegmentedRaftLogWorker: flushIndex: setUnconditionally 0 -> -1
2023-02-14 08:17:19,019 [pool-118-thread-1] INFO  segmented.SegmentedRaftLogWorker (SegmentedRaftLogWorker.java:lambda$new$0(135)) - 3f6fb327-55b5-41b7-853a-8e3dfa7d6293@group-123277D10A4C-SegmentedRaftLogWorker: safeCacheEvictIndex: setUnconditionally 0 -> -1
2023-02-14 08:17:19,019 [pool-118-thread-1] INFO  server.RaftServer$Division (RaftServerImpl.java:start(334)) - 3f6fb327-55b5-41b7-853a-8e3dfa7d6293@group-123277D10A4C: start as a follower, conf=-1: peers:[f91196cd-4755-4cf6-996a-4ead370c0744|rpc:10.1.0.19:34709|dataStream:10.1.0.19:38337|priority:1|startupRole:FOLLOWER, 3f6fb327-55b5-41b7-853a-8e3dfa7d6293|rpc:10.1.0.19:43559|dataStream:10.1.0.19:43503|priority:0|startupRole:FOLLOWER, 36e1e605-60e1-4f03-904e-89ea76d9efd4|rpc:10.1.0.19:42805|dataStream:10.1.0.19:41129|priority:0|startupRole:FOLLOWER]|listeners:[], old=null
2023-02-14 08:17:19,019 [pool-118-thread-1] INFO  server.RaftServer$Division (RaftServerImpl.java:setRole(321)) - 3f6fb327-55b5-41b7-853a-8e3dfa7d6293@group-123277D10A4C: changes role from      null to FOLLOWER at term 0 for startAsFollower
2023-02-14 08:17:19,019 [pool-118-thread-1] INFO  impl.RoleInfo (RoleInfo.java:updateAndGet(139)) - 3f6fb327-55b5-41b7-853a-8e3dfa7d6293: start 3f6fb327-55b5-41b7-853a-8e3dfa7d6293@group-123277D10A4C-FollowerState
2023-02-14 08:17:19,020 [pool-118-thread-1] INFO  util.JmxRegister (JmxRegister.java:tryRegister(44)) - Successfully registered JMX Bean with object name Ratis:service=RaftServer,group=group-123277D10A4C,id=3f6fb327-55b5-41b7-853a-8e3dfa7d6293
2023-02-14 08:17:19,020 [3f6fb327-55b5-41b7-853a-8e3dfa7d6293@group-123277D10A4C-FollowerState] INFO  server.RaftServerConfigKeys (ConfUtils.java:logFallback(53)) - raft.server.rpc.first-election.timeout.min = 5s (fallback to raft.server.rpc.timeout.min)
2023-02-14 08:17:19,023 [pool-118-thread-1] INFO  server.RaftServerConfigKeys (ConfUtils.java:logGet(46)) - raft.server.snapshot.auto.trigger.enabled = true (custom)
2023-02-14 08:17:19,023 [pool-118-thread-1] INFO  server.RaftServerConfigKeys (ConfUtils.java:logGet(46)) - raft.server.snapshot.auto.trigger.threshold = 10000 (custom)
2023-02-14 08:17:19,023 [pool-118-thread-1] INFO  server.RaftServerConfigKeys (ConfUtils.java:logGet(46)) - raft.server.snapshot.retention.file.num = 5 (custom)
2023-02-14 08:17:19,023 [pool-118-thread-1] INFO  server.RaftServerConfigKeys (ConfUtils.java:logGet(46)) - raft.server.log.purge.upto.snapshot.index = false (default)
2023-02-14 08:17:19,023 [3f6fb327-55b5-41b7-853a-8e3dfa7d6293@group-123277D10A4C-FollowerState] INFO  server.RaftServerConfigKeys (ConfUtils.java:logFallback(53)) - raft.server.rpc.first-election.timeout.max = 5200ms (fallback to raft.server.rpc.timeout.max)
2023-02-14 08:17:19,035 [Command processor thread] INFO  server.RaftServer (RaftServerProxy.java:addNew(96)) - 36e1e605-60e1-4f03-904e-89ea76d9efd4: addNew group-A647BD31EF9B:[36e1e605-60e1-4f03-904e-89ea76d9efd4|rpc:10.1.0.19:42805|dataStream:10.1.0.19:41129|priority:1|startupRole:FOLLOWER] returns group-A647BD31EF9B:java.util.concurrent.CompletableFuture@1da6fed8[Not completed]
2023-02-14 08:17:19,036 [pool-96-thread-1] INFO  server.RaftServer$Division (RaftServerImpl.java:<init>(195)) - 36e1e605-60e1-4f03-904e-89ea76d9efd4: new RaftServerImpl for group-A647BD31EF9B:[36e1e605-60e1-4f03-904e-89ea76d9efd4|rpc:10.1.0.19:42805|dataStream:10.1.0.19:41129|priority:1|startupRole:FOLLOWER] with ContainerStateMachine:uninitialized
2023-02-14 08:17:19,036 [pool-96-thread-1] INFO  server.RaftServerConfigKeys (ConfUtils.java:logGet(46)) - raft.server.rpc.timeout.min = 5s (custom)
2023-02-14 08:17:19,036 [pool-96-thread-1] INFO  server.RaftServerConfigKeys (ConfUtils.java:logGet(46)) - raft.server.rpc.timeout.max = 5200ms (custom)
2023-02-14 08:17:19,036 [pool-96-thread-1] INFO  server.RaftServerConfigKeys (ConfUtils.java:logGet(46)) - raft.server.rpc.sleep.time = 25ms (default)
2023-02-14 08:17:19,036 [pool-96-thread-1] INFO  server.RaftServerConfigKeys (ConfUtils.java:logGet(46)) - raft.server.rpc.slowness.timeout = 300s (custom)
2023-02-14 08:17:19,036 [pool-96-thread-1] INFO  server.RaftServerConfigKeys (ConfUtils.java:logGet(46)) - raft.server.leaderelection.leader.step-down.wait-time = 10s (default)
2023-02-14 08:17:19,036 [pool-96-thread-1] INFO  server.RaftServerConfigKeys (ConfUtils.java:logGet(46)) - raft.server.sleep.deviation.threshold = 300ms (default)
2023-02-14 08:17:19,036 [pool-96-thread-1] INFO  server.RaftServer$Division (ServerState.java:<init>(118)) - 36e1e605-60e1-4f03-904e-89ea76d9efd4@group-A647BD31EF9B: ConfigurationManager, init=-1: peers:[36e1e605-60e1-4f03-904e-89ea76d9efd4|rpc:10.1.0.19:42805|dataStream:10.1.0.19:41129|priority:1|startupRole:FOLLOWER]|listeners:[], old=null, confs=<EMPTY_MAP>
2023-02-14 08:17:19,037 [pool-96-thread-1] INFO  server.RaftServerConfigKeys (ConfUtils.java:logGet(46)) - raft.server.storage.dir = [/home/runner/work/ozone/ozone/hadoop-ozone/integration-test/target/test-dir/MiniOzoneClusterImpl-b6fac55f-b4cf-4cde-8675-802fd5a9473d/datanode-1/data/ratis] (custom)
2023-02-14 08:17:19,037 [pool-96-thread-1] INFO  server.RaftServerConfigKeys (ConfUtils.java:logGet(46)) - raft.server.log.corruption.policy = EXCEPTION (default)
2023-02-14 08:17:19,037 [pool-96-thread-1] INFO  server.RaftServerConfigKeys (ConfUtils.java:logGet(46)) - raft.server.storage.free-space.min = 0MB (=0) (default)
2023-02-14 08:17:19,037 [pool-96-thread-1] INFO  server.RaftServerConfigKeys (ConfUtils.java:logGet(46)) - raft.server.notification.no-leader.timeout = 300s (custom)
2023-02-14 08:17:19,037 [pool-96-thread-1] INFO  server.RaftServerConfigKeys (ConfUtils.java:logGet(46)) - raft.server.retrycache.expirytime = 600000ms (custom)
2023-02-14 08:17:19,037 [pool-96-thread-1] INFO  server.RaftServerConfigKeys (ConfUtils.java:logGet(46)) - raft.server.retrycache.statistics.expirytime = 100μs (default)
2023-02-14 08:17:19,038 [pool-96-thread-1] INFO  server.RaftServerConfigKeys (ConfUtils.java:logGet(46)) - raft.server.log.appender.install.snapshot.enabled = false (custom)
2023-02-14 08:17:19,038 [pool-96-thread-1] INFO  server.RaftServerConfigKeys (ConfUtils.java:logGet(46)) - raft.server.threadpool.server.cached = true (default)
2023-02-14 08:17:19,038 [pool-96-thread-1] INFO  server.RaftServerConfigKeys (ConfUtils.java:logGet(46)) - raft.server.threadpool.server.size = 0 (default)
2023-02-14 08:17:19,039 [pool-96-thread-1] INFO  server.RaftServerConfigKeys (ConfUtils.java:logGet(46)) - raft.server.threadpool.client.cached = true (default)
2023-02-14 08:17:19,039 [pool-96-thread-1] INFO  server.RaftServerConfigKeys (ConfUtils.java:logGet(46)) - raft.server.threadpool.client.size = 0 (default)
2023-02-14 08:17:19,039 [pool-96-thread-1] INFO  storage.RaftStorageDirectory (RaftStorageDirectoryImpl.java:analyzeStorage(137)) - The storage directory /home/runner/work/ozone/ozone/hadoop-ozone/integration-test/target/test-dir/MiniOzoneClusterImpl-b6fac55f-b4cf-4cde-8675-802fd5a9473d/datanode-1/data/ratis/c1d126bc-92f6-40e7-a743-a647bd31ef9b does not exist. Creating ...
2023-02-14 08:17:19,041 [pool-96-thread-1] INFO  storage.RaftStorageDirectory (RaftStorageDirectoryImpl.java:tryLock(231)) - Lock on /home/runner/work/ozone/ozone/hadoop-ozone/integration-test/target/test-dir/MiniOzoneClusterImpl-b6fac55f-b4cf-4cde-8675-802fd5a9473d/datanode-1/data/ratis/c1d126bc-92f6-40e7-a743-a647bd31ef9b/in_use.lock acquired by nodename 11911@fv-az476-382
2023-02-14 08:17:19,042 [Command processor thread] INFO  commandhandler.CreatePipelineCommandHandler (CreatePipelineCommandHandler.java:handle(113)) - Created Pipeline RATIS THREE PipelineID=17bd0d4e-b858-4960-8a30-123277d10a4c.
2023-02-14 08:17:19,042 [Command processor thread] INFO  server.RaftServer (RaftServerProxy.java:addNew(96)) - f91196cd-4755-4cf6-996a-4ead370c0744: addNew group-A6E1FC536E89:[f91196cd-4755-4cf6-996a-4ead370c0744|rpc:10.1.0.19:34709|dataStream:10.1.0.19:38337|priority:0|startupRole:FOLLOWER, 3f6fb327-55b5-41b7-853a-8e3dfa7d6293|rpc:10.1.0.19:43559|dataStream:10.1.0.19:43503|priority:1|startupRole:FOLLOWER, 36e1e605-60e1-4f03-904e-89ea76d9efd4|rpc:10.1.0.19:42805|dataStream:10.1.0.19:41129|priority:0|startupRole:FOLLOWER] returns group-A6E1FC536E89:java.util.concurrent.CompletableFuture@19bff4d6[Not completed]
2023-02-14 08:17:19,044 [pool-74-thread-1] INFO  server.RaftServer$Division (RaftServerImpl.java:<init>(195)) - f91196cd-4755-4cf6-996a-4ead370c0744: new RaftServerImpl for group-A6E1FC536E89:[f91196cd-4755-4cf6-996a-4ead370c0744|rpc:10.1.0.19:34709|dataStream:10.1.0.19:38337|priority:0|startupRole:FOLLOWER, 3f6fb327-55b5-41b7-853a-8e3dfa7d6293|rpc:10.1.0.19:43559|dataStream:10.1.0.19:43503|priority:1|startupRole:FOLLOWER, 36e1e605-60e1-4f03-904e-89ea76d9efd4|rpc:10.1.0.19:42805|dataStream:10.1.0.19:41129|priority:0|startupRole:FOLLOWER] with ContainerStateMachine:uninitialized
2023-02-14 08:17:19,044 [pool-74-thread-1] INFO  server.RaftServerConfigKeys (ConfUtils.java:logGet(46)) - raft.server.rpc.timeout.min = 5s (custom)
2023-02-14 08:17:19,044 [pool-74-thread-1] INFO  server.RaftServerConfigKeys (ConfUtils.java:logGet(46)) - raft.server.rpc.timeout.max = 5200ms (custom)
2023-02-14 08:17:19,044 [pool-74-thread-1] INFO  server.RaftServerConfigKeys (ConfUtils.java:logGet(46)) - raft.server.rpc.sleep.time = 25ms (default)
2023-02-14 08:17:19,044 [pool-74-thread-1] INFO  server.RaftServerConfigKeys (ConfUtils.java:logGet(46)) - raft.server.rpc.slowness.timeout = 300s (custom)
2023-02-14 08:17:19,044 [pool-74-thread-1] INFO  server.RaftServerConfigKeys (ConfUtils.java:logGet(46)) - raft.server.leaderelection.leader.step-down.wait-time = 10s (default)
2023-02-14 08:17:19,044 [pool-74-thread-1] INFO  server.RaftServerConfigKeys (ConfUtils.java:logGet(46)) - raft.server.sleep.deviation.threshold = 300ms (default)
2023-02-14 08:17:19,044 [pool-74-thread-1] INFO  server.RaftServer$Division (ServerState.java:<init>(118)) - f91196cd-4755-4cf6-996a-4ead370c0744@group-A6E1FC536E89: ConfigurationManager, init=-1: peers:[f91196cd-4755-4cf6-996a-4ead370c0744|rpc:10.1.0.19:34709|dataStream:10.1.0.19:38337|priority:0|startupRole:FOLLOWER, 3f6fb327-55b5-41b7-853a-8e3dfa7d6293|rpc:10.1.0.19:43559|dataStream:10.1.0.19:43503|priority:1|startupRole:FOLLOWER, 36e1e605-60e1-4f03-904e-89ea76d9efd4|rpc:10.1.0.19:42805|dataStream:10.1.0.19:41129|priority:0|startupRole:FOLLOWER]|listeners:[], old=null, confs=<EMPTY_MAP>
2023-02-14 08:17:19,044 [pool-74-thread-1] INFO  server.RaftServerConfigKeys (ConfUtils.java:logGet(46)) - raft.server.storage.dir = [/home/runner/work/ozone/ozone/hadoop-ozone/integration-test/target/test-dir/MiniOzoneClusterImpl-b6fac55f-b4cf-4cde-8675-802fd5a9473d/datanode-0/data/ratis] (custom)
2023-02-14 08:17:19,044 [pool-74-thread-1] INFO  server.RaftServerConfigKeys (ConfUtils.java:logGet(46)) - raft.server.log.corruption.policy = EXCEPTION (default)
2023-02-14 08:17:19,044 [pool-74-thread-1] INFO  server.RaftServerConfigKeys (ConfUtils.java:logGet(46)) - raft.server.storage.free-space.min = 0MB (=0) (default)
2023-02-14 08:17:19,044 [pool-74-thread-1] INFO  server.RaftServerConfigKeys (ConfUtils.java:logGet(46)) - raft.server.notification.no-leader.timeout = 300s (custom)
2023-02-14 08:17:19,044 [pool-74-thread-1] INFO  server.RaftServerConfigKeys (ConfUtils.java:logGet(46)) - raft.server.retrycache.expirytime = 600000ms (custom)
2023-02-14 08:17:19,044 [pool-74-thread-1] INFO  server.RaftServerConfigKeys (ConfUtils.java:logGet(46)) - raft.server.retrycache.statistics.expirytime = 100μs (default)
2023-02-14 08:17:19,045 [pool-74-thread-1] INFO  server.RaftServerConfigKeys (ConfUtils.java:logGet(46)) - raft.server.log.appender.install.snapshot.enabled = false (custom)
2023-02-14 08:17:19,045 [pool-74-thread-1] INFO  server.RaftServerConfigKeys (ConfUtils.java:logGet(46)) - raft.server.threadpool.server.cached = true (default)
2023-02-14 08:17:19,045 [pool-74-thread-1] INFO  server.RaftServerConfigKeys (ConfUtils.java:logGet(46)) - raft.server.threadpool.server.size = 0 (default)
2023-02-14 08:17:19,045 [pool-74-thread-1] INFO  server.RaftServerConfigKeys (ConfUtils.java:logGet(46)) - raft.server.threadpool.client.cached = true (default)
2023-02-14 08:17:19,045 [pool-74-thread-1] INFO  server.RaftServerConfigKeys (ConfUtils.java:logGet(46)) - raft.server.threadpool.client.size = 0 (default)
2023-02-14 08:17:19,045 [pool-74-thread-1] INFO  storage.RaftStorageDirectory (RaftStorageDirectoryImpl.java:analyzeStorage(137)) - The storage directory /home/runner/work/ozone/ozone/hadoop-ozone/integration-test/target/test-dir/MiniOzoneClusterImpl-b6fac55f-b4cf-4cde-8675-802fd5a9473d/datanode-0/data/ratis/9eec0e4b-2d4f-42f5-9ecb-a6e1fc536e89 does not exist. Creating ...
2023-02-14 08:17:19,046 [pool-74-thread-1] INFO  storage.RaftStorageDirectory (RaftStorageDirectoryImpl.java:tryLock(231)) - Lock on /home/runner/work/ozone/ozone/hadoop-ozone/integration-test/target/test-dir/MiniOzoneClusterImpl-b6fac55f-b4cf-4cde-8675-802fd5a9473d/datanode-0/data/ratis/9eec0e4b-2d4f-42f5-9ecb-a6e1fc536e89/in_use.lock acquired by nodename 11911@fv-az476-382
2023-02-14 08:17:19,047 [pool-96-thread-1] INFO  storage.RaftStorage (RaftStorageImpl.java:format(96)) - Storage directory /home/runner/work/ozone/ozone/hadoop-ozone/integration-test/target/test-dir/MiniOzoneClusterImpl-b6fac55f-b4cf-4cde-8675-802fd5a9473d/datanode-1/data/ratis/c1d126bc-92f6-40e7-a743-a647bd31ef9b has been successfully formatted.
2023-02-14 08:17:19,048 [pool-74-thread-1] INFO  storage.RaftStorage (RaftStorageImpl.java:format(96)) - Storage directory /home/runner/work/ozone/ozone/hadoop-ozone/integration-test/target/test-dir/MiniOzoneClusterImpl-b6fac55f-b4cf-4cde-8675-802fd5a9473d/datanode-0/data/ratis/9eec0e4b-2d4f-42f5-9ecb-a6e1fc536e89 has been successfully formatted.
2023-02-14 08:17:19,048 [pool-96-thread-1] INFO  ratis.ContainerStateMachine (ContainerStateMachine.java:loadSnapshot(240)) - group-A647BD31EF9B: The snapshot info is null. Setting the last applied indexto:(t:0, i:~)
2023-02-14 08:17:19,048 [pool-96-thread-1] INFO  server.RaftServerConfigKeys (ConfUtils.java:logGet(46)) - raft.server.log.use.memory = false (default)
2023-02-14 08:17:19,048 [pool-96-thread-1] INFO  server.RaftServerConfigKeys (ConfUtils.java:logGet(46)) - raft.server.log.purge.gap = 1000000 (custom)
2023-02-14 08:17:19,048 [pool-96-thread-1] INFO  server.RaftServerConfigKeys (ConfUtils.java:logGet(46)) - raft.server.log.appender.buffer.byte-limit = 33554432 (custom)
2023-02-14 08:17:19,048 [pool-96-thread-1] INFO  server.RaftServerConfigKeys (ConfUtils.java:logGet(46)) - raft.server.log.statemachine.data.read.timeout = 1000ms (default)
2023-02-14 08:17:19,048 [pool-96-thread-1] INFO  server.RaftServerConfigKeys (ConfUtils.java:logGet(46)) - raft.server.log.purge.preservation.log.num = 0 (default)
2023-02-14 08:17:19,049 [pool-96-thread-1] INFO  server.RaftServerConfigKeys (ConfUtils.java:logGet(46)) - raft.server.log.segment.size.max = 1048576 (custom)
2023-02-14 08:17:19,050 [pool-74-thread-1] INFO  ratis.ContainerStateMachine (ContainerStateMachine.java:loadSnapshot(240)) - group-A6E1FC536E89: The snapshot info is null. Setting the last applied indexto:(t:0, i:~)
2023-02-14 08:17:19,050 [pool-96-thread-1] INFO  server.RaftServerConfigKeys (ConfUtils.java:logGet(46)) - raft.server.log.segment.cache.num.max = 2 (custom)
2023-02-14 08:17:19,050 [EventQueue-PipelineReportForPipelineReportHandler] INFO  pipeline.PipelineManagerImpl (PipelineManagerImpl.java:openPipeline(367)) - Pipeline Pipeline[ Id: c1d126bc-92f6-40e7-a743-a647bd31ef9b, Nodes: 36e1e605-60e1-4f03-904e-89ea76d9efd4(fv-az476-382.2mevl5kwmm3ezivwarakluutxb.phxx.internal.cloudapp.net/10.1.0.19), ReplicationConfig: RATIS/ONE, State:ALLOCATED, leaderId:36e1e605-60e1-4f03-904e-89ea76d9efd4, CreationTimestamp2023-02-14T08:17:16.038Z[Etc/UTC]] moved to OPEN state
2023-02-14 08:17:19,050 [EventQueue-OpenPipelineForHealthyPipelineSafeModeRule] INFO  safemode.SCMSafeModeManager (HealthyPipelineSafeModeRule.java:process(137)) - SCM in safe mode. Healthy pipelines reported count is 0, required healthy pipeline reported count is 1
2023-02-14 08:17:19,050 [pool-96-thread-1] INFO  server.RaftServerConfigKeys (ConfUtils.java:logGet(46)) - raft.server.log.segment.cache.size.max = 200MB (=209715200) (default)
2023-02-14 08:17:19,051 [pool-96-thread-1] INFO  segmented.SegmentedRaftLogWorker (SegmentedRaftLogWorker.java:<init>(189)) - new 36e1e605-60e1-4f03-904e-89ea76d9efd4@group-A647BD31EF9B-SegmentedRaftLogWorker for RaftStorageImpl:Storage Directory /home/runner/work/ozone/ozone/hadoop-ozone/integration-test/target/test-dir/MiniOzoneClusterImpl-b6fac55f-b4cf-4cde-8675-802fd5a9473d/datanode-1/data/ratis/c1d126bc-92f6-40e7-a743-a647bd31ef9b
2023-02-14 08:17:19,051 [pool-96-thread-1] INFO  server.RaftServerConfigKeys (ConfUtils.java:logGet(46)) - raft.server.log.queue.byte-limit = 4294967296 (custom)
2023-02-14 08:17:19,051 [pool-96-thread-1] INFO  server.RaftServerConfigKeys (ConfUtils.java:logGet(46)) - raft.server.log.queue.element-limit = 1024 (custom)
2023-02-14 08:17:19,052 [pool-96-thread-1] INFO  server.RaftServerConfigKeys (ConfUtils.java:logGet(46)) - raft.server.log.segment.size.max = 1048576 (custom)
2023-02-14 08:17:19,052 [pool-96-thread-1] INFO  server.RaftServerConfigKeys (ConfUtils.java:logGet(46)) - raft.server.log.preallocated.size = 16384 (custom)
2023-02-14 08:17:19,052 [pool-96-thread-1] INFO  server.RaftServerConfigKeys (ConfUtils.java:logGet(46)) - raft.server.log.force.sync.num = 128 (default)
2023-02-14 08:17:19,052 [pool-96-thread-1] INFO  server.RaftServerConfigKeys (ConfUtils.java:logGet(46)) - raft.server.log.statemachine.data.sync = true (default)
2023-02-14 08:17:19,052 [pool-96-thread-1] INFO  server.RaftServerConfigKeys (ConfUtils.java:logGet(46)) - raft.server.log.statemachine.data.sync.timeout = 10s (default)
2023-02-14 08:17:19,052 [EventQueue-OpenPipelineForHealthyPipelineSafeModeRule] INFO  safemode.SCMSafeModeManager (HealthyPipelineSafeModeRule.java:process(137)) - SCM in safe mode. Healthy pipelines reported count is 0, required healthy pipeline reported count is 1
2023-02-14 08:17:19,052 [pool-96-thread-1] INFO  server.RaftServerConfigKeys (ConfUtils.java:logGet(46)) - raft.server.log.statemachine.data.sync.timeout.retry = -1 (default)
2023-02-14 08:17:19,051 [pool-74-thread-1] INFO  server.RaftServerConfigKeys (ConfUtils.java:logGet(46)) - raft.server.log.use.memory = false (default)
2023-02-14 08:17:19,052 [pool-74-thread-1] INFO  server.RaftServerConfigKeys (ConfUtils.java:logGet(46)) - raft.server.log.purge.gap = 1000000 (custom)
2023-02-14 08:17:19,052 [pool-74-thread-1] INFO  server.RaftServerConfigKeys (ConfUtils.java:logGet(46)) - raft.server.log.appender.buffer.byte-limit = 33554432 (custom)
2023-02-14 08:17:19,052 [pool-74-thread-1] INFO  server.RaftServerConfigKeys (ConfUtils.java:logGet(46)) - raft.server.log.statemachine.data.read.timeout = 1000ms (default)
2023-02-14 08:17:19,052 [pool-74-thread-1] INFO  server.RaftServerConfigKeys (ConfUtils.java:logGet(46)) - raft.server.log.purge.preservation.log.num = 0 (default)
2023-02-14 08:17:19,053 [pool-74-thread-1] INFO  server.RaftServerConfigKeys (ConfUtils.java:logGet(46)) - raft.server.log.segment.size.max = 1048576 (custom)
2023-02-14 08:17:19,053 [pool-96-thread-1] INFO  server.RaftServerConfigKeys (ConfUtils.java:logGet(46)) - raft.server.log.write.buffer.size = 1048576 (custom)
2023-02-14 08:17:19,054 [pool-96-thread-1] INFO  server.RaftServerConfigKeys (ConfUtils.java:logGet(46)) - raft.server.log.appender.buffer.byte-limit = 33554432 (custom)
2023-02-14 08:17:19,053 [pool-74-thread-1] INFO  server.RaftServerConfigKeys (ConfUtils.java:logGet(46)) - raft.server.log.segment.cache.num.max = 2 (custom)
2023-02-14 08:17:19,055 [pool-74-thread-1] INFO  server.RaftServerConfigKeys (ConfUtils.java:logGet(46)) - raft.server.log.segment.cache.size.max = 200MB (=209715200) (default)
2023-02-14 08:17:19,055 [pool-74-thread-1] INFO  segmented.SegmentedRaftLogWorker (SegmentedRaftLogWorker.java:<init>(189)) - new f91196cd-4755-4cf6-996a-4ead370c0744@group-A6E1FC536E89-SegmentedRaftLogWorker for RaftStorageImpl:Storage Directory /home/runner/work/ozone/ozone/hadoop-ozone/integration-test/target/test-dir/MiniOzoneClusterImpl-b6fac55f-b4cf-4cde-8675-802fd5a9473d/datanode-0/data/ratis/9eec0e4b-2d4f-42f5-9ecb-a6e1fc536e89
2023-02-14 08:17:19,055 [pool-74-thread-1] INFO  server.RaftServerConfigKeys (ConfUtils.java:logGet(46)) - raft.server.log.queue.byte-limit = 4294967296 (custom)
2023-02-14 08:17:19,055 [pool-74-thread-1] INFO  server.RaftServerConfigKeys (ConfUtils.java:logGet(46)) - raft.server.log.queue.element-limit = 1024 (custom)
2023-02-14 08:17:19,055 [pool-74-thread-1] INFO  server.RaftServerConfigKeys (ConfUtils.java:logGet(46)) - raft.server.log.segment.size.max = 1048576 (custom)
2023-02-14 08:17:19,055 [pool-74-thread-1] INFO  server.RaftServerConfigKeys (ConfUtils.java:logGet(46)) - raft.server.log.preallocated.size = 16384 (custom)
2023-02-14 08:17:19,055 [pool-74-thread-1] INFO  server.RaftServerConfigKeys (ConfUtils.java:logGet(46)) - raft.server.log.force.sync.num = 128 (default)
2023-02-14 08:17:19,055 [pool-74-thread-1] INFO  server.RaftServerConfigKeys (ConfUtils.java:logGet(46)) - raft.server.log.statemachine.data.sync = true (default)
2023-02-14 08:17:19,055 [pool-74-thread-1] INFO  server.RaftServerConfigKeys (ConfUtils.java:logGet(46)) - raft.server.log.statemachine.data.sync.timeout = 10s (default)
2023-02-14 08:17:19,055 [pool-74-thread-1] INFO  server.RaftServerConfigKeys (ConfUtils.java:logGet(46)) - raft.server.log.statemachine.data.sync.timeout.retry = -1 (default)
2023-02-14 08:17:19,056 [pool-74-thread-1] INFO  server.RaftServerConfigKeys (ConfUtils.java:logGet(46)) - raft.server.log.write.buffer.size = 1048576 (custom)
2023-02-14 08:17:19,056 [pool-74-thread-1] INFO  server.RaftServerConfigKeys (ConfUtils.java:logGet(46)) - raft.server.log.appender.buffer.byte-limit = 33554432 (custom)
2023-02-14 08:17:19,061 [pool-74-thread-1] INFO  server.RaftServerConfigKeys (ConfUtils.java:logGet(46)) - raft.server.log.unsafe-flush.enabled = false (default)
2023-02-14 08:17:19,061 [pool-74-thread-1] INFO  server.RaftServerConfigKeys (ConfUtils.java:logGet(46)) - raft.server.log.async-flush.enabled = false (default)
2023-02-14 08:17:19,061 [pool-74-thread-1] INFO  server.RaftServerConfigKeys (ConfUtils.java:logGet(46)) - raft.server.log.statemachine.data.caching.enabled = true (custom)
2023-02-14 08:17:19,061 [pool-96-thread-1] INFO  server.RaftServerConfigKeys (ConfUtils.java:logGet(46)) - raft.server.log.unsafe-flush.enabled = false (default)
2023-02-14 08:17:19,061 [pool-96-thread-1] INFO  server.RaftServerConfigKeys (ConfUtils.java:logGet(46)) - raft.server.log.async-flush.enabled = false (default)
2023-02-14 08:17:19,061 [pool-74-thread-1] INFO  segmented.SegmentedRaftLogWorker (SegmentedRaftLogWorker.java:lambda$new$0(135)) - f91196cd-4755-4cf6-996a-4ead370c0744@group-A6E1FC536E89-SegmentedRaftLogWorker: flushIndex: setUnconditionally 0 -> -1
2023-02-14 08:17:19,061 [pool-74-thread-1] INFO  segmented.SegmentedRaftLogWorker (SegmentedRaftLogWorker.java:lambda$new$0(135)) - f91196cd-4755-4cf6-996a-4ead370c0744@group-A6E1FC536E89-SegmentedRaftLogWorker: safeCacheEvictIndex: setUnconditionally 0 -> -1
2023-02-14 08:17:19,061 [pool-96-thread-1] INFO  server.RaftServerConfigKeys (ConfUtils.java:logGet(46)) - raft.server.log.statemachine.data.caching.enabled = true (custom)
2023-02-14 08:17:19,062 [pool-96-thread-1] INFO  segmented.SegmentedRaftLogWorker (SegmentedRaftLogWorker.java:lambda$new$0(135)) - 36e1e605-60e1-4f03-904e-89ea76d9efd4@group-A647BD31EF9B-SegmentedRaftLogWorker: flushIndex: setUnconditionally 0 -> -1
2023-02-14 08:17:19,062 [pool-96-thread-1] INFO  segmented.SegmentedRaftLogWorker (SegmentedRaftLogWorker.java:lambda$new$0(135)) - 36e1e605-60e1-4f03-904e-89ea76d9efd4@group-A647BD31EF9B-SegmentedRaftLogWorker: safeCacheEvictIndex: setUnconditionally 0 -> -1
2023-02-14 08:17:19,067 [pool-74-thread-1] INFO  server.RaftServer$Division (RaftServerImpl.java:start(334)) - f91196cd-4755-4cf6-996a-4ead370c0744@group-A6E1FC536E89: start as a follower, conf=-1: peers:[f91196cd-4755-4cf6-996a-4ead370c0744|rpc:10.1.0.19:34709|dataStream:10.1.0.19:38337|priority:0|startupRole:FOLLOWER, 3f6fb327-55b5-41b7-853a-8e3dfa7d6293|rpc:10.1.0.19:43559|dataStream:10.1.0.19:43503|priority:1|startupRole:FOLLOWER, 36e1e605-60e1-4f03-904e-89ea76d9efd4|rpc:10.1.0.19:42805|dataStream:10.1.0.19:41129|priority:0|startupRole:FOLLOWER]|listeners:[], old=null
2023-02-14 08:17:19,067 [pool-74-thread-1] INFO  server.RaftServer$Division (RaftServerImpl.java:setRole(321)) - f91196cd-4755-4cf6-996a-4ead370c0744@group-A6E1FC536E89: changes role from      null to FOLLOWER at term 0 for startAsFollower
2023-02-14 08:17:19,067 [pool-74-thread-1] INFO  impl.RoleInfo (RoleInfo.java:updateAndGet(139)) - f91196cd-4755-4cf6-996a-4ead370c0744: start f91196cd-4755-4cf6-996a-4ead370c0744@group-A6E1FC536E89-FollowerState
2023-02-14 08:17:19,067 [pool-74-thread-1] INFO  util.JmxRegister (JmxRegister.java:tryRegister(44)) - Successfully registered JMX Bean with object name Ratis:service=RaftServer,group=group-A6E1FC536E89,id=f91196cd-4755-4cf6-996a-4ead370c0744
2023-02-14 08:17:19,067 [pool-74-thread-1] INFO  server.RaftServerConfigKeys (ConfUtils.java:logGet(46)) - raft.server.snapshot.auto.trigger.enabled = true (custom)
2023-02-14 08:17:19,067 [pool-74-thread-1] INFO  server.RaftServerConfigKeys (ConfUtils.java:logGet(46)) - raft.server.snapshot.auto.trigger.threshold = 10000 (custom)
2023-02-14 08:17:19,067 [pool-74-thread-1] INFO  server.RaftServerConfigKeys (ConfUtils.java:logGet(46)) - raft.server.snapshot.retention.file.num = 5 (custom)
2023-02-14 08:17:19,067 [pool-74-thread-1] INFO  server.RaftServerConfigKeys (ConfUtils.java:logGet(46)) - raft.server.log.purge.upto.snapshot.index = false (default)
2023-02-14 08:17:19,068 [f91196cd-4755-4cf6-996a-4ead370c0744@group-A6E1FC536E89-FollowerState] INFO  server.RaftServerConfigKeys (ConfUtils.java:logFallback(53)) - raft.server.rpc.first-election.timeout.min = 5s (fallback to raft.server.rpc.timeout.min)
2023-02-14 08:17:19,071 [f91196cd-4755-4cf6-996a-4ead370c0744@group-A6E1FC536E89-FollowerState] INFO  server.RaftServerConfigKeys (ConfUtils.java:logFallback(53)) - raft.server.rpc.first-election.timeout.max = 5200ms (fallback to raft.server.rpc.timeout.max)
2023-02-14 08:17:19,071 [Command processor thread] INFO  ratis.XceiverServerRatis (XceiverServerRatis.java:addGroup(807)) - Created group PipelineID=9eec0e4b-2d4f-42f5-9ecb-a6e1fc536e89
2023-02-14 08:17:19,074 [pool-96-thread-1] INFO  server.RaftServer$Division (RaftServerImpl.java:start(334)) - 36e1e605-60e1-4f03-904e-89ea76d9efd4@group-A647BD31EF9B: start as a follower, conf=-1: peers:[36e1e605-60e1-4f03-904e-89ea76d9efd4|rpc:10.1.0.19:42805|dataStream:10.1.0.19:41129|priority:1|startupRole:FOLLOWER]|listeners:[], old=null
2023-02-14 08:17:19,074 [pool-96-thread-1] INFO  server.RaftServer$Division (RaftServerImpl.java:setRole(321)) - 36e1e605-60e1-4f03-904e-89ea76d9efd4@group-A647BD31EF9B: changes role from      null to FOLLOWER at term 0 for startAsFollower
2023-02-14 08:17:19,074 [pool-96-thread-1] INFO  impl.RoleInfo (RoleInfo.java:updateAndGet(139)) - 36e1e605-60e1-4f03-904e-89ea76d9efd4: start 36e1e605-60e1-4f03-904e-89ea76d9efd4@group-A647BD31EF9B-FollowerState
2023-02-14 08:17:19,075 [pool-96-thread-1] INFO  util.JmxRegister (JmxRegister.java:tryRegister(44)) - Successfully registered JMX Bean with object name Ratis:service=RaftServer,group=group-A647BD31EF9B,id=36e1e605-60e1-4f03-904e-89ea76d9efd4
2023-02-14 08:17:19,076 [pool-96-thread-1] INFO  server.RaftServerConfigKeys (ConfUtils.java:logGet(46)) - raft.server.snapshot.auto.trigger.enabled = true (custom)
2023-02-14 08:17:19,076 [pool-96-thread-1] INFO  server.RaftServerConfigKeys (ConfUtils.java:logGet(46)) - raft.server.snapshot.auto.trigger.threshold = 10000 (custom)
2023-02-14 08:17:19,076 [pool-96-thread-1] INFO  server.RaftServerConfigKeys (ConfUtils.java:logGet(46)) - raft.server.snapshot.retention.file.num = 5 (custom)
2023-02-14 08:17:19,076 [pool-96-thread-1] INFO  server.RaftServerConfigKeys (ConfUtils.java:logGet(46)) - raft.server.log.purge.upto.snapshot.index = false (default)
2023-02-14 08:17:19,076 [36e1e605-60e1-4f03-904e-89ea76d9efd4@group-A647BD31EF9B-FollowerState] INFO  server.RaftServerConfigKeys (ConfUtils.java:logFallback(53)) - raft.server.rpc.first-election.timeout.min = 5s (fallback to raft.server.rpc.timeout.min)
2023-02-14 08:17:19,076 [36e1e605-60e1-4f03-904e-89ea76d9efd4@group-A647BD31EF9B-FollowerState] INFO  server.RaftServerConfigKeys (ConfUtils.java:logFallback(53)) - raft.server.rpc.first-election.timeout.max = 5200ms (fallback to raft.server.rpc.timeout.max)
2023-02-14 08:17:19,078 [Command processor thread] INFO  ratis.XceiverServerRatis (XceiverServerRatis.java:addGroup(807)) - Created group PipelineID=c1d126bc-92f6-40e7-a743-a647bd31ef9b
2023-02-14 08:17:19,078 [Command processor thread] INFO  commandhandler.CreatePipelineCommandHandler (CreatePipelineCommandHandler.java:handle(113)) - Created Pipeline RATIS ONE PipelineID=c1d126bc-92f6-40e7-a743-a647bd31ef9b.
2023-02-14 08:17:19,079 [Command processor thread] INFO  server.RaftServer (RaftServerProxy.java:addNew(96)) - 36e1e605-60e1-4f03-904e-89ea76d9efd4: addNew group-A6E1FC536E89:[f91196cd-4755-4cf6-996a-4ead370c0744|rpc:10.1.0.19:34709|dataStream:10.1.0.19:38337|priority:0|startupRole:FOLLOWER, 3f6fb327-55b5-41b7-853a-8e3dfa7d6293|rpc:10.1.0.19:43559|dataStream:10.1.0.19:43503|priority:1|startupRole:FOLLOWER, 36e1e605-60e1-4f03-904e-89ea76d9efd4|rpc:10.1.0.19:42805|dataStream:10.1.0.19:41129|priority:0|startupRole:FOLLOWER] returns group-A6E1FC536E89:java.util.concurrent.CompletableFuture@1361031c[Not completed]
2023-02-14 08:17:19,081 [pool-96-thread-1] INFO  server.RaftServer$Division (RaftServerImpl.java:<init>(195)) - 36e1e605-60e1-4f03-904e-89ea76d9efd4: new RaftServerImpl for group-A6E1FC536E89:[f91196cd-4755-4cf6-996a-4ead370c0744|rpc:10.1.0.19:34709|dataStream:10.1.0.19:38337|priority:0|startupRole:FOLLOWER, 3f6fb327-55b5-41b7-853a-8e3dfa7d6293|rpc:10.1.0.19:43559|dataStream:10.1.0.19:43503|priority:1|startupRole:FOLLOWER, 36e1e605-60e1-4f03-904e-89ea76d9efd4|rpc:10.1.0.19:42805|dataStream:10.1.0.19:41129|priority:0|startupRole:FOLLOWER] with ContainerStateMachine:uninitialized
2023-02-14 08:17:19,081 [pool-96-thread-1] INFO  server.RaftServerConfigKeys (ConfUtils.java:logGet(46)) - raft.server.rpc.timeout.min = 5s (custom)
2023-02-14 08:17:19,081 [pool-96-thread-1] INFO  server.RaftServerConfigKeys (ConfUtils.java:logGet(46)) - raft.server.rpc.timeout.max = 5200ms (custom)
2023-02-14 08:17:19,081 [pool-96-thread-1] INFO  server.RaftServerConfigKeys (ConfUtils.java:logGet(46)) - raft.server.rpc.sleep.time = 25ms (default)
2023-02-14 08:17:19,081 [pool-96-thread-1] INFO  server.RaftServerConfigKeys (ConfUtils.java:logGet(46)) - raft.server.rpc.slowness.timeout = 300s (custom)
2023-02-14 08:17:19,081 [pool-96-thread-1] INFO  server.RaftServerConfigKeys (ConfUtils.java:logGet(46)) - raft.server.leaderelection.leader.step-down.wait-time = 10s (default)
2023-02-14 08:17:19,081 [pool-96-thread-1] INFO  server.RaftServerConfigKeys (ConfUtils.java:logGet(46)) - raft.server.sleep.deviation.threshold = 300ms (default)
2023-02-14 08:17:19,081 [pool-96-thread-1] INFO  server.RaftServer$Division (ServerState.java:<init>(118)) - 36e1e605-60e1-4f03-904e-89ea76d9efd4@group-A6E1FC536E89: ConfigurationManager, init=-1: peers:[f91196cd-4755-4cf6-996a-4ead370c0744|rpc:10.1.0.19:34709|dataStream:10.1.0.19:38337|priority:0|startupRole:FOLLOWER, 3f6fb327-55b5-41b7-853a-8e3dfa7d6293|rpc:10.1.0.19:43559|dataStream:10.1.0.19:43503|priority:1|startupRole:FOLLOWER, 36e1e605-60e1-4f03-904e-89ea76d9efd4|rpc:10.1.0.19:42805|dataStream:10.1.0.19:41129|priority:0|startupRole:FOLLOWER]|listeners:[], old=null, confs=<EMPTY_MAP>
2023-02-14 08:17:19,081 [pool-96-thread-1] INFO  server.RaftServerConfigKeys (ConfUtils.java:logGet(46)) - raft.server.storage.dir = [/home/runner/work/ozone/ozone/hadoop-ozone/integration-test/target/test-dir/MiniOzoneClusterImpl-b6fac55f-b4cf-4cde-8675-802fd5a9473d/datanode-1/data/ratis] (custom)
2023-02-14 08:17:19,081 [pool-96-thread-1] INFO  server.RaftServerConfigKeys (ConfUtils.java:logGet(46)) - raft.server.log.corruption.policy = EXCEPTION (default)
2023-02-14 08:17:19,081 [pool-96-thread-1] INFO  server.RaftServerConfigKeys (ConfUtils.java:logGet(46)) - raft.server.storage.free-space.min = 0MB (=0) (default)
2023-02-14 08:17:19,081 [pool-96-thread-1] INFO  server.RaftServerConfigKeys (ConfUtils.java:logGet(46)) - raft.server.notification.no-leader.timeout = 300s (custom)
2023-02-14 08:17:19,081 [pool-96-thread-1] INFO  server.RaftServerConfigKeys (ConfUtils.java:logGet(46)) - raft.server.retrycache.expirytime = 600000ms (custom)
2023-02-14 08:17:19,081 [pool-96-thread-1] INFO  server.RaftServerConfigKeys (ConfUtils.java:logGet(46)) - raft.server.retrycache.statistics.expirytime = 100μs (default)
2023-02-14 08:17:19,086 [pool-96-thread-1] INFO  server.RaftServerConfigKeys (ConfUtils.java:logGet(46)) - raft.server.log.appender.install.snapshot.enabled = false (custom)
2023-02-14 08:17:19,086 [pool-96-thread-1] INFO  server.RaftServerConfigKeys (ConfUtils.java:logGet(46)) - raft.server.threadpool.server.cached = true (default)
2023-02-14 08:17:19,086 [pool-96-thread-1] INFO  server.RaftServerConfigKeys (ConfUtils.java:logGet(46)) - raft.server.threadpool.server.size = 0 (default)
2023-02-14 08:17:19,086 [pool-96-thread-1] INFO  server.RaftServerConfigKeys (ConfUtils.java:logGet(46)) - raft.server.threadpool.client.cached = true (default)
2023-02-14 08:17:19,086 [pool-96-thread-1] INFO  server.RaftServerConfigKeys (ConfUtils.java:logGet(46)) - raft.server.threadpool.client.size = 0 (default)
2023-02-14 08:17:19,086 [pool-96-thread-1] INFO  storage.RaftStorageDirectory (RaftStorageDirectoryImpl.java:analyzeStorage(137)) - The storage directory /home/runner/work/ozone/ozone/hadoop-ozone/integration-test/target/test-dir/MiniOzoneClusterImpl-b6fac55f-b4cf-4cde-8675-802fd5a9473d/datanode-1/data/ratis/9eec0e4b-2d4f-42f5-9ecb-a6e1fc536e89 does not exist. Creating ...
2023-02-14 08:17:19,088 [pool-96-thread-1] INFO  storage.RaftStorageDirectory (RaftStorageDirectoryImpl.java:tryLock(231)) - Lock on /home/runner/work/ozone/ozone/hadoop-ozone/integration-test/target/test-dir/MiniOzoneClusterImpl-b6fac55f-b4cf-4cde-8675-802fd5a9473d/datanode-1/data/ratis/9eec0e4b-2d4f-42f5-9ecb-a6e1fc536e89/in_use.lock acquired by nodename 11911@fv-az476-382
2023-02-14 08:17:19,089 [pool-96-thread-1] INFO  storage.RaftStorage (RaftStorageImpl.java:format(96)) - Storage directory /home/runner/work/ozone/ozone/hadoop-ozone/integration-test/target/test-dir/MiniOzoneClusterImpl-b6fac55f-b4cf-4cde-8675-802fd5a9473d/datanode-1/data/ratis/9eec0e4b-2d4f-42f5-9ecb-a6e1fc536e89 has been successfully formatted.
2023-02-14 08:17:19,090 [grpc-default-executor-0] INFO  server.RaftServer (RaftServerProxy.java:addNew(96)) - 3f6fb327-55b5-41b7-853a-8e3dfa7d6293: addNew group-A6E1FC536E89:[f91196cd-4755-4cf6-996a-4ead370c0744|rpc:10.1.0.19:34709|dataStream:10.1.0.19:38337|priority:0|startupRole:FOLLOWER, 3f6fb327-55b5-41b7-853a-8e3dfa7d6293|rpc:10.1.0.19:43559|dataStream:10.1.0.19:43503|priority:1|startupRole:FOLLOWER, 36e1e605-60e1-4f03-904e-89ea76d9efd4|rpc:10.1.0.19:42805|dataStream:10.1.0.19:41129|priority:0|startupRole:FOLLOWER] returns group-A6E1FC536E89:java.util.concurrent.CompletableFuture@463c5364[Not completed]
2023-02-14 08:17:19,091 [pool-118-thread-1] INFO  server.RaftServer$Division (RaftServerImpl.java:<init>(195)) - 3f6fb327-55b5-41b7-853a-8e3dfa7d6293: new RaftServerImpl for group-A6E1FC536E89:[f91196cd-4755-4cf6-996a-4ead370c0744|rpc:10.1.0.19:34709|dataStream:10.1.0.19:38337|priority:0|startupRole:FOLLOWER, 3f6fb327-55b5-41b7-853a-8e3dfa7d6293|rpc:10.1.0.19:43559|dataStream:10.1.0.19:43503|priority:1|startupRole:FOLLOWER, 36e1e605-60e1-4f03-904e-89ea76d9efd4|rpc:10.1.0.19:42805|dataStream:10.1.0.19:41129|priority:0|startupRole:FOLLOWER] with ContainerStateMachine:uninitialized
2023-02-14 08:17:19,092 [pool-118-thread-1] INFO  server.RaftServerConfigKeys (ConfUtils.java:logGet(46)) - raft.server.rpc.timeout.min = 5s (custom)
2023-02-14 08:17:19,092 [pool-118-thread-1] INFO  server.RaftServerConfigKeys (ConfUtils.java:logGet(46)) - raft.server.rpc.timeout.max = 5200ms (custom)
2023-02-14 08:17:19,092 [pool-118-thread-1] INFO  server.RaftServerConfigKeys (ConfUtils.java:logGet(46)) - raft.server.rpc.sleep.time = 25ms (default)
2023-02-14 08:17:19,092 [pool-118-thread-1] INFO  server.RaftServerConfigKeys (ConfUtils.java:logGet(46)) - raft.server.rpc.slowness.timeout = 300s (custom)
2023-02-14 08:17:19,092 [pool-118-thread-1] INFO  server.RaftServerConfigKeys (ConfUtils.java:logGet(46)) - raft.server.leaderelection.leader.step-down.wait-time = 10s (default)
2023-02-14 08:17:19,092 [pool-118-thread-1] INFO  server.RaftServerConfigKeys (ConfUtils.java:logGet(46)) - raft.server.sleep.deviation.threshold = 300ms (default)
2023-02-14 08:17:19,092 [pool-118-thread-1] INFO  server.RaftServer$Division (ServerState.java:<init>(118)) - 3f6fb327-55b5-41b7-853a-8e3dfa7d6293@group-A6E1FC536E89: ConfigurationManager, init=-1: peers:[f91196cd-4755-4cf6-996a-4ead370c0744|rpc:10.1.0.19:34709|dataStream:10.1.0.19:38337|priority:0|startupRole:FOLLOWER, 3f6fb327-55b5-41b7-853a-8e3dfa7d6293|rpc:10.1.0.19:43559|dataStream:10.1.0.19:43503|priority:1|startupRole:FOLLOWER, 36e1e605-60e1-4f03-904e-89ea76d9efd4|rpc:10.1.0.19:42805|dataStream:10.1.0.19:41129|priority:0|startupRole:FOLLOWER]|listeners:[], old=null, confs=<EMPTY_MAP>
2023-02-14 08:17:19,092 [pool-118-thread-1] INFO  server.RaftServerConfigKeys (ConfUtils.java:logGet(46)) - raft.server.storage.dir = [/home/runner/work/ozone/ozone/hadoop-ozone/integration-test/target/test-dir/MiniOzoneClusterImpl-b6fac55f-b4cf-4cde-8675-802fd5a9473d/datanode-2/data/ratis] (custom)
2023-02-14 08:17:19,092 [pool-118-thread-1] INFO  server.RaftServerConfigKeys (ConfUtils.java:logGet(46)) - raft.server.log.corruption.policy = EXCEPTION (default)
2023-02-14 08:17:19,092 [pool-118-thread-1] INFO  server.RaftServerConfigKeys (ConfUtils.java:logGet(46)) - raft.server.storage.free-space.min = 0MB (=0) (default)
2023-02-14 08:17:19,092 [pool-118-thread-1] INFO  server.RaftServerConfigKeys (ConfUtils.java:logGet(46)) - raft.server.notification.no-leader.timeout = 300s (custom)
2023-02-14 08:17:19,092 [pool-118-thread-1] INFO  server.RaftServerConfigKeys (ConfUtils.java:logGet(46)) - raft.server.retrycache.expirytime = 600000ms (custom)
2023-02-14 08:17:19,092 [pool-118-thread-1] INFO  server.RaftServerConfigKeys (ConfUtils.java:logGet(46)) - raft.server.retrycache.statistics.expirytime = 100μs (default)
2023-02-14 08:17:19,092 [EventQueue-OpenPipelineForHealthyPipelineSafeModeRule] INFO  safemode.SCMSafeModeManager (HealthyPipelineSafeModeRule.java:process(137)) - SCM in safe mode. Healthy pipelines reported count is 0, required healthy pipeline reported count is 1
2023-02-14 08:17:19,090 [pool-96-thread-1] INFO  ratis.ContainerStateMachine (ContainerStateMachine.java:loadSnapshot(240)) - group-A6E1FC536E89: The snapshot info is null. Setting the last applied indexto:(t:0, i:~)
2023-02-14 08:17:19,094 [pool-96-thread-1] INFO  server.RaftServerConfigKeys (ConfUtils.java:logGet(46)) - raft.server.log.use.memory = false (default)
2023-02-14 08:17:19,094 [pool-96-thread-1] INFO  server.RaftServerConfigKeys (ConfUtils.java:logGet(46)) - raft.server.log.purge.gap = 1000000 (custom)
2023-02-14 08:17:19,094 [pool-96-thread-1] INFO  server.RaftServerConfigKeys (ConfUtils.java:logGet(46)) - raft.server.log.appender.buffer.byte-limit = 33554432 (custom)
2023-02-14 08:17:19,094 [pool-96-thread-1] INFO  server.RaftServerConfigKeys (ConfUtils.java:logGet(46)) - raft.server.log.statemachine.data.read.timeout = 1000ms (default)
2023-02-14 08:17:19,094 [pool-96-thread-1] INFO  server.RaftServerConfigKeys (ConfUtils.java:logGet(46)) - raft.server.log.purge.preservation.log.num = 0 (default)
2023-02-14 08:17:19,093 [pool-118-thread-1] INFO  server.RaftServerConfigKeys (ConfUtils.java:logGet(46)) - raft.server.log.appender.install.snapshot.enabled = false (custom)
2023-02-14 08:17:19,095 [pool-118-thread-1] INFO  server.RaftServerConfigKeys (ConfUtils.java:logGet(46)) - raft.server.threadpool.server.cached = true (default)
2023-02-14 08:17:19,095 [pool-118-thread-1] INFO  server.RaftServerConfigKeys (ConfUtils.java:logGet(46)) - raft.server.threadpool.server.size = 0 (default)
2023-02-14 08:17:19,095 [pool-118-thread-1] INFO  server.RaftServerConfigKeys (ConfUtils.java:logGet(46)) - raft.server.threadpool.client.cached = true (default)
2023-02-14 08:17:19,095 [pool-118-thread-1] INFO  server.RaftServerConfigKeys (ConfUtils.java:logGet(46)) - raft.server.threadpool.client.size = 0 (default)
2023-02-14 08:17:19,095 [pool-118-thread-1] INFO  storage.RaftStorageDirectory (RaftStorageDirectoryImpl.java:analyzeStorage(137)) - The storage directory /home/runner/work/ozone/ozone/hadoop-ozone/integration-test/target/test-dir/MiniOzoneClusterImpl-b6fac55f-b4cf-4cde-8675-802fd5a9473d/datanode-2/data/ratis/9eec0e4b-2d4f-42f5-9ecb-a6e1fc536e89 does not exist. Creating ...
2023-02-14 08:17:19,095 [pool-96-thread-1] INFO  server.RaftServerConfigKeys (ConfUtils.java:logGet(46)) - raft.server.log.segment.size.max = 1048576 (custom)
2023-02-14 08:17:19,097 [pool-118-thread-1] INFO  storage.RaftStorageDirectory (RaftStorageDirectoryImpl.java:tryLock(231)) - Lock on /home/runner/work/ozone/ozone/hadoop-ozone/integration-test/target/test-dir/MiniOzoneClusterImpl-b6fac55f-b4cf-4cde-8675-802fd5a9473d/datanode-2/data/ratis/9eec0e4b-2d4f-42f5-9ecb-a6e1fc536e89/in_use.lock acquired by nodename 11911@fv-az476-382
2023-02-14 08:17:19,096 [Listener at 127.0.0.1/34711] INFO  ozone.MiniOzoneClusterImpl (MiniOzoneClusterImpl.java:lambda$waitForClusterToBeReady$0(218)) - Nodes are ready. Got 5 of 5 DN Heartbeats.
2023-02-14 08:17:19,098 [Listener at 127.0.0.1/34711] INFO  ozone.MiniOzoneClusterImpl (MiniOzoneClusterImpl.java:lambda$waitForClusterToBeReady$0(221)) - Waiting for cluster to exit safe mode
2023-02-14 08:17:19,098 [Listener at 127.0.0.1/34711] INFO  ozone.MiniOzoneClusterImpl (MiniOzoneClusterImpl.java:lambda$waitForClusterToBeReady$0(223)) - SCM became leader
2023-02-14 08:17:19,098 [pool-96-thread-1] INFO  server.RaftServerConfigKeys (ConfUtils.java:logGet(46)) - raft.server.log.segment.cache.num.max = 2 (custom)
2023-02-14 08:17:19,098 [pool-96-thread-1] INFO  server.RaftServerConfigKeys (ConfUtils.java:logGet(46)) - raft.server.log.segment.cache.size.max = 200MB (=209715200) (default)
2023-02-14 08:17:19,098 [pool-96-thread-1] INFO  segmented.SegmentedRaftLogWorker (SegmentedRaftLogWorker.java:<init>(189)) - new 36e1e605-60e1-4f03-904e-89ea76d9efd4@group-A6E1FC536E89-SegmentedRaftLogWorker for RaftStorageImpl:Storage Directory /home/runner/work/ozone/ozone/hadoop-ozone/integration-test/target/test-dir/MiniOzoneClusterImpl-b6fac55f-b4cf-4cde-8675-802fd5a9473d/datanode-1/data/ratis/9eec0e4b-2d4f-42f5-9ecb-a6e1fc536e89
2023-02-14 08:17:19,098 [pool-96-thread-1] INFO  server.RaftServerConfigKeys (ConfUtils.java:logGet(46)) - raft.server.log.queue.byte-limit = 4294967296 (custom)
2023-02-14 08:17:19,098 [pool-96-thread-1] INFO  server.RaftServerConfigKeys (ConfUtils.java:logGet(46)) - raft.server.log.queue.element-limit = 1024 (custom)
2023-02-14 08:17:19,099 [pool-96-thread-1] INFO  server.RaftServerConfigKeys (ConfUtils.java:logGet(46)) - raft.server.log.segment.size.max = 1048576 (custom)
2023-02-14 08:17:19,099 [pool-96-thread-1] INFO  server.RaftServerConfigKeys (ConfUtils.java:logGet(46)) - raft.server.log.preallocated.size = 16384 (custom)
2023-02-14 08:17:19,099 [pool-96-thread-1] INFO  server.RaftServerConfigKeys (ConfUtils.java:logGet(46)) - raft.server.log.force.sync.num = 128 (default)
2023-02-14 08:17:19,099 [pool-96-thread-1] INFO  server.RaftServerConfigKeys (ConfUtils.java:logGet(46)) - raft.server.log.statemachine.data.sync = true (default)
2023-02-14 08:17:19,099 [pool-96-thread-1] INFO  server.RaftServerConfigKeys (ConfUtils.java:logGet(46)) - raft.server.log.statemachine.data.sync.timeout = 10s (default)
2023-02-14 08:17:19,099 [pool-96-thread-1] INFO  server.RaftServerConfigKeys (ConfUtils.java:logGet(46)) - raft.server.log.statemachine.data.sync.timeout.retry = -1 (default)
2023-02-14 08:17:19,099 [pool-118-thread-1] INFO  storage.RaftStorage (RaftStorageImpl.java:format(96)) - Storage directory /home/runner/work/ozone/ozone/hadoop-ozone/integration-test/target/test-dir/MiniOzoneClusterImpl-b6fac55f-b4cf-4cde-8675-802fd5a9473d/datanode-2/data/ratis/9eec0e4b-2d4f-42f5-9ecb-a6e1fc536e89 has been successfully formatted.
2023-02-14 08:17:19,099 [pool-118-thread-1] INFO  ratis.ContainerStateMachine (ContainerStateMachine.java:loadSnapshot(240)) - group-A6E1FC536E89: The snapshot info is null. Setting the last applied indexto:(t:0, i:~)
2023-02-14 08:17:19,100 [pool-118-thread-1] INFO  server.RaftServerConfigKeys (ConfUtils.java:logGet(46)) - raft.server.log.use.memory = false (default)
2023-02-14 08:17:19,100 [pool-118-thread-1] INFO  server.RaftServerConfigKeys (ConfUtils.java:logGet(46)) - raft.server.log.purge.gap = 1000000 (custom)
2023-02-14 08:17:19,100 [pool-118-thread-1] INFO  server.RaftServerConfigKeys (ConfUtils.java:logGet(46)) - raft.server.log.appender.buffer.byte-limit = 33554432 (custom)
2023-02-14 08:17:19,100 [pool-118-thread-1] INFO  server.RaftServerConfigKeys (ConfUtils.java:logGet(46)) - raft.server.log.statemachine.data.read.timeout = 1000ms (default)
2023-02-14 08:17:19,100 [pool-118-thread-1] INFO  server.RaftServerConfigKeys (ConfUtils.java:logGet(46)) - raft.server.log.purge.preservation.log.num = 0 (default)
2023-02-14 08:17:19,100 [pool-118-thread-1] INFO  server.RaftServerConfigKeys (ConfUtils.java:logGet(46)) - raft.server.log.segment.size.max = 1048576 (custom)
2023-02-14 08:17:19,100 [pool-118-thread-1] INFO  server.RaftServerConfigKeys (ConfUtils.java:logGet(46)) - raft.server.log.segment.cache.num.max = 2 (custom)
2023-02-14 08:17:19,100 [pool-118-thread-1] INFO  server.RaftServerConfigKeys (ConfUtils.java:logGet(46)) - raft.server.log.segment.cache.size.max = 200MB (=209715200) (default)
2023-02-14 08:17:19,100 [pool-118-thread-1] INFO  segmented.SegmentedRaftLogWorker (SegmentedRaftLogWorker.java:<init>(189)) - new 3f6fb327-55b5-41b7-853a-8e3dfa7d6293@group-A6E1FC536E89-SegmentedRaftLogWorker for RaftStorageImpl:Storage Directory /home/runner/work/ozone/ozone/hadoop-ozone/integration-test/target/test-dir/MiniOzoneClusterImpl-b6fac55f-b4cf-4cde-8675-802fd5a9473d/datanode-2/data/ratis/9eec0e4b-2d4f-42f5-9ecb-a6e1fc536e89
2023-02-14 08:17:19,100 [pool-118-thread-1] INFO  server.RaftServerConfigKeys (ConfUtils.java:logGet(46)) - raft.server.log.queue.byte-limit = 4294967296 (custom)
2023-02-14 08:17:19,100 [pool-118-thread-1] INFO  server.RaftServerConfigKeys (ConfUtils.java:logGet(46)) - raft.server.log.queue.element-limit = 1024 (custom)
2023-02-14 08:17:19,100 [pool-118-thread-1] INFO  server.RaftServerConfigKeys (ConfUtils.java:logGet(46)) - raft.server.log.segment.size.max = 1048576 (custom)
2023-02-14 08:17:19,100 [pool-118-thread-1] INFO  server.RaftServerConfigKeys (ConfUtils.java:logGet(46)) - raft.server.log.preallocated.size = 16384 (custom)
2023-02-14 08:17:19,101 [pool-118-thread-1] INFO  server.RaftServerConfigKeys (ConfUtils.java:logGet(46)) - raft.server.log.force.sync.num = 128 (default)
2023-02-14 08:17:19,101 [pool-118-thread-1] INFO  server.RaftServerConfigKeys (ConfUtils.java:logGet(46)) - raft.server.log.statemachine.data.sync = true (default)
2023-02-14 08:17:19,101 [pool-118-thread-1] INFO  server.RaftServerConfigKeys (ConfUtils.java:logGet(46)) - raft.server.log.statemachine.data.sync.timeout = 10s (default)
2023-02-14 08:17:19,101 [pool-118-thread-1] INFO  server.RaftServerConfigKeys (ConfUtils.java:logGet(46)) - raft.server.log.statemachine.data.sync.timeout.retry = -1 (default)
2023-02-14 08:17:19,101 [pool-118-thread-1] INFO  server.RaftServerConfigKeys (ConfUtils.java:logGet(46)) - raft.server.log.write.buffer.size = 1048576 (custom)
2023-02-14 08:17:19,102 [pool-118-thread-1] INFO  server.RaftServerConfigKeys (ConfUtils.java:logGet(46)) - raft.server.log.appender.buffer.byte-limit = 33554432 (custom)
2023-02-14 08:17:19,105 [pool-118-thread-1] INFO  server.RaftServerConfigKeys (ConfUtils.java:logGet(46)) - raft.server.log.unsafe-flush.enabled = false (default)
2023-02-14 08:17:19,105 [pool-118-thread-1] INFO  server.RaftServerConfigKeys (ConfUtils.java:logGet(46)) - raft.server.log.async-flush.enabled = false (default)
2023-02-14 08:17:19,105 [pool-118-thread-1] INFO  server.RaftServerConfigKeys (ConfUtils.java:logGet(46)) - raft.server.log.statemachine.data.caching.enabled = true (custom)
2023-02-14 08:17:19,105 [pool-118-thread-1] INFO  segmented.SegmentedRaftLogWorker (SegmentedRaftLogWorker.java:lambda$new$0(135)) - 3f6fb327-55b5-41b7-853a-8e3dfa7d6293@group-A6E1FC536E89-SegmentedRaftLogWorker: flushIndex: setUnconditionally 0 -> -1
2023-02-14 08:17:19,105 [pool-118-thread-1] INFO  segmented.SegmentedRaftLogWorker (SegmentedRaftLogWorker.java:lambda$new$0(135)) - 3f6fb327-55b5-41b7-853a-8e3dfa7d6293@group-A6E1FC536E89-SegmentedRaftLogWorker: safeCacheEvictIndex: setUnconditionally 0 -> -1
2023-02-14 08:17:19,105 [pool-96-thread-1] INFO  server.RaftServerConfigKeys (ConfUtils.java:logGet(46)) - raft.server.log.write.buffer.size = 1048576 (custom)
2023-02-14 08:17:19,106 [pool-96-thread-1] INFO  server.RaftServerConfigKeys (ConfUtils.java:logGet(46)) - raft.server.log.appender.buffer.byte-limit = 33554432 (custom)
2023-02-14 08:17:19,109 [pool-96-thread-1] INFO  server.RaftServerConfigKeys (ConfUtils.java:logGet(46)) - raft.server.log.unsafe-flush.enabled = false (default)
2023-02-14 08:17:19,109 [pool-96-thread-1] INFO  server.RaftServerConfigKeys (ConfUtils.java:logGet(46)) - raft.server.log.async-flush.enabled = false (default)
2023-02-14 08:17:19,109 [pool-96-thread-1] INFO  server.RaftServerConfigKeys (ConfUtils.java:logGet(46)) - raft.server.log.statemachine.data.caching.enabled = true (custom)
2023-02-14 08:17:19,109 [pool-96-thread-1] INFO  segmented.SegmentedRaftLogWorker (SegmentedRaftLogWorker.java:lambda$new$0(135)) - 36e1e605-60e1-4f03-904e-89ea76d9efd4@group-A6E1FC536E89-SegmentedRaftLogWorker: flushIndex: setUnconditionally 0 -> -1
2023-02-14 08:17:19,109 [pool-96-thread-1] INFO  segmented.SegmentedRaftLogWorker (SegmentedRaftLogWorker.java:lambda$new$0(135)) - 36e1e605-60e1-4f03-904e-89ea76d9efd4@group-A6E1FC536E89-SegmentedRaftLogWorker: safeCacheEvictIndex: setUnconditionally 0 -> -1
2023-02-14 08:17:19,109 [pool-118-thread-1] INFO  server.RaftServer$Division (RaftServerImpl.java:start(334)) - 3f6fb327-55b5-41b7-853a-8e3dfa7d6293@group-A6E1FC536E89: start as a follower, conf=-1: peers:[f91196cd-4755-4cf6-996a-4ead370c0744|rpc:10.1.0.19:34709|dataStream:10.1.0.19:38337|priority:0|startupRole:FOLLOWER, 3f6fb327-55b5-41b7-853a-8e3dfa7d6293|rpc:10.1.0.19:43559|dataStream:10.1.0.19:43503|priority:1|startupRole:FOLLOWER, 36e1e605-60e1-4f03-904e-89ea76d9efd4|rpc:10.1.0.19:42805|dataStream:10.1.0.19:41129|priority:0|startupRole:FOLLOWER]|listeners:[], old=null
2023-02-14 08:17:19,109 [pool-118-thread-1] INFO  server.RaftServer$Division (RaftServerImpl.java:setRole(321)) - 3f6fb327-55b5-41b7-853a-8e3dfa7d6293@group-A6E1FC536E89: changes role from      null to FOLLOWER at term 0 for startAsFollower
2023-02-14 08:17:19,109 [pool-118-thread-1] INFO  impl.RoleInfo (RoleInfo.java:updateAndGet(139)) - 3f6fb327-55b5-41b7-853a-8e3dfa7d6293: start 3f6fb327-55b5-41b7-853a-8e3dfa7d6293@group-A6E1FC536E89-FollowerState
2023-02-14 08:17:19,110 [pool-118-thread-1] INFO  util.JmxRegister (JmxRegister.java:tryRegister(44)) - Successfully registered JMX Bean with object name Ratis:service=RaftServer,group=group-A6E1FC536E89,id=3f6fb327-55b5-41b7-853a-8e3dfa7d6293
2023-02-14 08:17:19,110 [pool-118-thread-1] INFO  server.RaftServerConfigKeys (ConfUtils.java:logGet(46)) - raft.server.snapshot.auto.trigger.enabled = true (custom)
2023-02-14 08:17:19,110 [pool-118-thread-1] INFO  server.RaftServerConfigKeys (ConfUtils.java:logGet(46)) - raft.server.snapshot.auto.trigger.threshold = 10000 (custom)
2023-02-14 08:17:19,110 [pool-118-thread-1] INFO  server.RaftServerConfigKeys (ConfUtils.java:logGet(46)) - raft.server.snapshot.retention.file.num = 5 (custom)
2023-02-14 08:17:19,110 [pool-118-thread-1] INFO  server.RaftServerConfigKeys (ConfUtils.java:logGet(46)) - raft.server.log.purge.upto.snapshot.index = false (default)
2023-02-14 08:17:19,110 [3f6fb327-55b5-41b7-853a-8e3dfa7d6293@group-A6E1FC536E89-FollowerState] INFO  server.RaftServerConfigKeys (ConfUtils.java:logFallback(53)) - raft.server.rpc.first-election.timeout.min = 5s (fallback to raft.server.rpc.timeout.min)
2023-02-14 08:17:19,119 [3f6fb327-55b5-41b7-853a-8e3dfa7d6293@group-A6E1FC536E89-FollowerState] INFO  server.RaftServerConfigKeys (ConfUtils.java:logFallback(53)) - raft.server.rpc.first-election.timeout.max = 5200ms (fallback to raft.server.rpc.timeout.max)
2023-02-14 08:17:19,115 [pool-96-thread-1] INFO  server.RaftServer$Division (RaftServerImpl.java:start(334)) - 36e1e605-60e1-4f03-904e-89ea76d9efd4@group-A6E1FC536E89: start as a follower, conf=-1: peers:[f91196cd-4755-4cf6-996a-4ead370c0744|rpc:10.1.0.19:34709|dataStream:10.1.0.19:38337|priority:0|startupRole:FOLLOWER, 3f6fb327-55b5-41b7-853a-8e3dfa7d6293|rpc:10.1.0.19:43559|dataStream:10.1.0.19:43503|priority:1|startupRole:FOLLOWER, 36e1e605-60e1-4f03-904e-89ea76d9efd4|rpc:10.1.0.19:42805|dataStream:10.1.0.19:41129|priority:0|startupRole:FOLLOWER]|listeners:[], old=null
2023-02-14 08:17:19,120 [pool-96-thread-1] INFO  server.RaftServer$Division (RaftServerImpl.java:setRole(321)) - 36e1e605-60e1-4f03-904e-89ea76d9efd4@group-A6E1FC536E89: changes role from      null to FOLLOWER at term 0 for startAsFollower
2023-02-14 08:17:19,120 [pool-96-thread-1] INFO  impl.RoleInfo (RoleInfo.java:updateAndGet(139)) - 36e1e605-60e1-4f03-904e-89ea76d9efd4: start 36e1e605-60e1-4f03-904e-89ea76d9efd4@group-A6E1FC536E89-FollowerState
2023-02-14 08:17:19,121 [pool-96-thread-1] INFO  util.JmxRegister (JmxRegister.java:tryRegister(44)) - Successfully registered JMX Bean with object name Ratis:service=RaftServer,group=group-A6E1FC536E89,id=36e1e605-60e1-4f03-904e-89ea76d9efd4
2023-02-14 08:17:19,121 [pool-96-thread-1] INFO  server.RaftServerConfigKeys (ConfUtils.java:logGet(46)) - raft.server.snapshot.auto.trigger.enabled = true (custom)
2023-02-14 08:17:19,121 [pool-96-thread-1] INFO  server.RaftServerConfigKeys (ConfUtils.java:logGet(46)) - raft.server.snapshot.auto.trigger.threshold = 10000 (custom)
2023-02-14 08:17:19,121 [pool-96-thread-1] INFO  server.RaftServerConfigKeys (ConfUtils.java:logGet(46)) - raft.server.snapshot.retention.file.num = 5 (custom)
2023-02-14 08:17:19,121 [pool-96-thread-1] INFO  server.RaftServerConfigKeys (ConfUtils.java:logGet(46)) - raft.server.log.purge.upto.snapshot.index = false (default)
2023-02-14 08:17:19,122 [36e1e605-60e1-4f03-904e-89ea76d9efd4@group-A6E1FC536E89-FollowerState] INFO  server.RaftServerConfigKeys (ConfUtils.java:logFallback(53)) - raft.server.rpc.first-election.timeout.min = 5s (fallback to raft.server.rpc.timeout.min)
2023-02-14 08:17:19,125 [Command processor thread] INFO  ratis.XceiverServerRatis (XceiverServerRatis.java:addGroup(807)) - Created group PipelineID=9eec0e4b-2d4f-42f5-9ecb-a6e1fc536e89
2023-02-14 08:17:19,126 [36e1e605-60e1-4f03-904e-89ea76d9efd4@group-A6E1FC536E89-FollowerState] INFO  server.RaftServerConfigKeys (ConfUtils.java:logFallback(53)) - raft.server.rpc.first-election.timeout.max = 5200ms (fallback to raft.server.rpc.timeout.max)
2023-02-14 08:17:19,179 [Command processor thread] INFO  commandhandler.CreatePipelineCommandHandler (CreatePipelineCommandHandler.java:handle(113)) - Created Pipeline RATIS THREE PipelineID=9eec0e4b-2d4f-42f5-9ecb-a6e1fc536e89.
2023-02-14 08:17:19,200 [Command processor thread] INFO  commandhandler.CreatePipelineCommandHandler (CreatePipelineCommandHandler.java:handle(113)) - Created Pipeline RATIS THREE PipelineID=9eec0e4b-2d4f-42f5-9ecb-a6e1fc536e89.
2023-02-14 08:17:19,415 [Command processor thread] INFO  server.RaftServer (RaftServerProxy.java:addNew(96)) - 3f6fb327-55b5-41b7-853a-8e3dfa7d6293: addNew group-5486C0D054BD:[3f6fb327-55b5-41b7-853a-8e3dfa7d6293|rpc:10.1.0.19:43559|dataStream:10.1.0.19:43503|priority:1|startupRole:FOLLOWER] returns group-5486C0D054BD:java.util.concurrent.CompletableFuture@1c318c[Not completed]
2023-02-14 08:17:19,416 [pool-118-thread-1] INFO  server.RaftServer$Division (RaftServerImpl.java:<init>(195)) - 3f6fb327-55b5-41b7-853a-8e3dfa7d6293: new RaftServerImpl for group-5486C0D054BD:[3f6fb327-55b5-41b7-853a-8e3dfa7d6293|rpc:10.1.0.19:43559|dataStream:10.1.0.19:43503|priority:1|startupRole:FOLLOWER] with ContainerStateMachine:uninitialized
2023-02-14 08:17:19,416 [pool-118-thread-1] INFO  server.RaftServerConfigKeys (ConfUtils.java:logGet(46)) - raft.server.rpc.timeout.min = 5s (custom)
2023-02-14 08:17:19,416 [pool-118-thread-1] INFO  server.RaftServerConfigKeys (ConfUtils.java:logGet(46)) - raft.server.rpc.timeout.max = 5200ms (custom)
2023-02-14 08:17:19,416 [pool-118-thread-1] INFO  server.RaftServerConfigKeys (ConfUtils.java:logGet(46)) - raft.server.rpc.sleep.time = 25ms (default)
2023-02-14 08:17:19,416 [pool-118-thread-1] INFO  server.RaftServerConfigKeys (ConfUtils.java:logGet(46)) - raft.server.rpc.slowness.timeout = 300s (custom)
2023-02-14 08:17:19,416 [pool-118-thread-1] INFO  server.RaftServerConfigKeys (ConfUtils.java:logGet(46)) - raft.server.leaderelection.leader.step-down.wait-time = 10s (default)
2023-02-14 08:17:19,416 [pool-118-thread-1] INFO  server.RaftServerConfigKeys (ConfUtils.java:logGet(46)) - raft.server.sleep.deviation.threshold = 300ms (default)
2023-02-14 08:17:19,416 [pool-118-thread-1] INFO  server.RaftServer$Division (ServerState.java:<init>(118)) - 3f6fb327-55b5-41b7-853a-8e3dfa7d6293@group-5486C0D054BD: ConfigurationManager, init=-1: peers:[3f6fb327-55b5-41b7-853a-8e3dfa7d6293|rpc:10.1.0.19:43559|dataStream:10.1.0.19:43503|priority:1|startupRole:FOLLOWER]|listeners:[], old=null, confs=<EMPTY_MAP>
2023-02-14 08:17:19,416 [pool-118-thread-1] INFO  server.RaftServerConfigKeys (ConfUtils.java:logGet(46)) - raft.server.storage.dir = [/home/runner/work/ozone/ozone/hadoop-ozone/integration-test/target/test-dir/MiniOzoneClusterImpl-b6fac55f-b4cf-4cde-8675-802fd5a9473d/datanode-2/data/ratis] (custom)
2023-02-14 08:17:19,417 [pool-118-thread-1] INFO  server.RaftServerConfigKeys (ConfUtils.java:logGet(46)) - raft.server.log.corruption.policy = EXCEPTION (default)
2023-02-14 08:17:19,417 [pool-118-thread-1] INFO  server.RaftServerConfigKeys (ConfUtils.java:logGet(46)) - raft.server.storage.free-space.min = 0MB (=0) (default)
2023-02-14 08:17:19,417 [pool-118-thread-1] INFO  server.RaftServerConfigKeys (ConfUtils.java:logGet(46)) - raft.server.notification.no-leader.timeout = 300s (custom)
2023-02-14 08:17:19,417 [pool-118-thread-1] INFO  server.RaftServerConfigKeys (ConfUtils.java:logGet(46)) - raft.server.retrycache.expirytime = 600000ms (custom)
2023-02-14 08:17:19,417 [pool-118-thread-1] INFO  server.RaftServerConfigKeys (ConfUtils.java:logGet(46)) - raft.server.retrycache.statistics.expirytime = 100μs (default)
2023-02-14 08:17:19,418 [pool-118-thread-1] INFO  server.RaftServerConfigKeys (ConfUtils.java:logGet(46)) - raft.server.log.appender.install.snapshot.enabled = false (custom)
2023-02-14 08:17:19,418 [pool-118-thread-1] INFO  server.RaftServerConfigKeys (ConfUtils.java:logGet(46)) - raft.server.threadpool.server.cached = true (default)
2023-02-14 08:17:19,418 [pool-118-thread-1] INFO  server.RaftServerConfigKeys (ConfUtils.java:logGet(46)) - raft.server.threadpool.server.size = 0 (default)
2023-02-14 08:17:19,418 [pool-118-thread-1] INFO  server.RaftServerConfigKeys (ConfUtils.java:logGet(46)) - raft.server.threadpool.client.cached = true (default)
2023-02-14 08:17:19,418 [pool-118-thread-1] INFO  server.RaftServerConfigKeys (ConfUtils.java:logGet(46)) - raft.server.threadpool.client.size = 0 (default)
2023-02-14 08:17:19,418 [pool-118-thread-1] INFO  storage.RaftStorageDirectory (RaftStorageDirectoryImpl.java:analyzeStorage(137)) - The storage directory /home/runner/work/ozone/ozone/hadoop-ozone/integration-test/target/test-dir/MiniOzoneClusterImpl-b6fac55f-b4cf-4cde-8675-802fd5a9473d/datanode-2/data/ratis/03e632fe-c106-4ff5-bc71-5486c0d054bd does not exist. Creating ...
2023-02-14 08:17:19,419 [pool-118-thread-1] INFO  storage.RaftStorageDirectory (RaftStorageDirectoryImpl.java:tryLock(231)) - Lock on /home/runner/work/ozone/ozone/hadoop-ozone/integration-test/target/test-dir/MiniOzoneClusterImpl-b6fac55f-b4cf-4cde-8675-802fd5a9473d/datanode-2/data/ratis/03e632fe-c106-4ff5-bc71-5486c0d054bd/in_use.lock acquired by nodename 11911@fv-az476-382
2023-02-14 08:17:19,420 [pool-118-thread-1] INFO  storage.RaftStorage (RaftStorageImpl.java:format(96)) - Storage directory /home/runner/work/ozone/ozone/hadoop-ozone/integration-test/target/test-dir/MiniOzoneClusterImpl-b6fac55f-b4cf-4cde-8675-802fd5a9473d/datanode-2/data/ratis/03e632fe-c106-4ff5-bc71-5486c0d054bd has been successfully formatted.
2023-02-14 08:17:19,421 [pool-118-thread-1] INFO  ratis.ContainerStateMachine (ContainerStateMachine.java:loadSnapshot(240)) - group-5486C0D054BD: The snapshot info is null. Setting the last applied indexto:(t:0, i:~)
2023-02-14 08:17:19,421 [pool-118-thread-1] INFO  server.RaftServerConfigKeys (ConfUtils.java:logGet(46)) - raft.server.log.use.memory = false (default)
2023-02-14 08:17:19,421 [pool-118-thread-1] INFO  server.RaftServerConfigKeys (ConfUtils.java:logGet(46)) - raft.server.log.purge.gap = 1000000 (custom)
2023-02-14 08:17:19,421 [pool-118-thread-1] INFO  server.RaftServerConfigKeys (ConfUtils.java:logGet(46)) - raft.server.log.appender.buffer.byte-limit = 33554432 (custom)
2023-02-14 08:17:19,421 [pool-118-thread-1] INFO  server.RaftServerConfigKeys (ConfUtils.java:logGet(46)) - raft.server.log.statemachine.data.read.timeout = 1000ms (default)
2023-02-14 08:17:19,421 [pool-118-thread-1] INFO  server.RaftServerConfigKeys (ConfUtils.java:logGet(46)) - raft.server.log.purge.preservation.log.num = 0 (default)
2023-02-14 08:17:19,421 [pool-118-thread-1] INFO  server.RaftServerConfigKeys (ConfUtils.java:logGet(46)) - raft.server.log.segment.size.max = 1048576 (custom)
2023-02-14 08:17:19,421 [pool-118-thread-1] INFO  server.RaftServerConfigKeys (ConfUtils.java:logGet(46)) - raft.server.log.segment.cache.num.max = 2 (custom)
2023-02-14 08:17:19,422 [pool-118-thread-1] INFO  server.RaftServerConfigKeys (ConfUtils.java:logGet(46)) - raft.server.log.segment.cache.size.max = 200MB (=209715200) (default)
2023-02-14 08:17:19,422 [pool-118-thread-1] INFO  segmented.SegmentedRaftLogWorker (SegmentedRaftLogWorker.java:<init>(189)) - new 3f6fb327-55b5-41b7-853a-8e3dfa7d6293@group-5486C0D054BD-SegmentedRaftLogWorker for RaftStorageImpl:Storage Directory /home/runner/work/ozone/ozone/hadoop-ozone/integration-test/target/test-dir/MiniOzoneClusterImpl-b6fac55f-b4cf-4cde-8675-802fd5a9473d/datanode-2/data/ratis/03e632fe-c106-4ff5-bc71-5486c0d054bd
2023-02-14 08:17:19,423 [pool-118-thread-1] INFO  server.RaftServerConfigKeys (ConfUtils.java:logGet(46)) - raft.server.log.queue.byte-limit = 4294967296 (custom)
2023-02-14 08:17:19,423 [pool-118-thread-1] INFO  server.RaftServerConfigKeys (ConfUtils.java:logGet(46)) - raft.server.log.queue.element-limit = 1024 (custom)
2023-02-14 08:17:19,423 [pool-118-thread-1] INFO  server.RaftServerConfigKeys (ConfUtils.java:logGet(46)) - raft.server.log.segment.size.max = 1048576 (custom)
2023-02-14 08:17:19,423 [pool-118-thread-1] INFO  server.RaftServerConfigKeys (ConfUtils.java:logGet(46)) - raft.server.log.preallocated.size = 16384 (custom)
2023-02-14 08:17:19,423 [pool-118-thread-1] INFO  server.RaftServerConfigKeys (ConfUtils.java:logGet(46)) - raft.server.log.force.sync.num = 128 (default)
2023-02-14 08:17:19,423 [pool-118-thread-1] INFO  server.RaftServerConfigKeys (ConfUtils.java:logGet(46)) - raft.server.log.statemachine.data.sync = true (default)
2023-02-14 08:17:19,423 [pool-118-thread-1] INFO  server.RaftServerConfigKeys (ConfUtils.java:logGet(46)) - raft.server.log.statemachine.data.sync.timeout = 10s (default)
2023-02-14 08:17:19,423 [EventQueue-PipelineReportForPipelineReportHandler] INFO  pipeline.PipelineManagerImpl (PipelineManagerImpl.java:openPipeline(367)) - Pipeline Pipeline[ Id: 03e632fe-c106-4ff5-bc71-5486c0d054bd, Nodes: 3f6fb327-55b5-41b7-853a-8e3dfa7d6293(fv-az476-382.2mevl5kwmm3ezivwarakluutxb.phxx.internal.cloudapp.net/10.1.0.19), ReplicationConfig: RATIS/ONE, State:ALLOCATED, leaderId:3f6fb327-55b5-41b7-853a-8e3dfa7d6293, CreationTimestamp2023-02-14T08:17:16.419Z[Etc/UTC]] moved to OPEN state
2023-02-14 08:17:19,424 [EventQueue-OpenPipelineForHealthyPipelineSafeModeRule] INFO  safemode.SCMSafeModeManager (HealthyPipelineSafeModeRule.java:process(137)) - SCM in safe mode. Healthy pipelines reported count is 0, required healthy pipeline reported count is 1
2023-02-14 08:17:19,424 [pool-118-thread-1] INFO  server.RaftServerConfigKeys (ConfUtils.java:logGet(46)) - raft.server.log.statemachine.data.sync.timeout.retry = -1 (default)
2023-02-14 08:17:19,425 [pool-118-thread-1] INFO  server.RaftServerConfigKeys (ConfUtils.java:logGet(46)) - raft.server.log.write.buffer.size = 1048576 (custom)
2023-02-14 08:17:19,426 [pool-118-thread-1] INFO  server.RaftServerConfigKeys (ConfUtils.java:logGet(46)) - raft.server.log.appender.buffer.byte-limit = 33554432 (custom)
2023-02-14 08:17:19,429 [pool-118-thread-1] INFO  server.RaftServerConfigKeys (ConfUtils.java:logGet(46)) - raft.server.log.unsafe-flush.enabled = false (default)
2023-02-14 08:17:19,429 [pool-118-thread-1] INFO  server.RaftServerConfigKeys (ConfUtils.java:logGet(46)) - raft.server.log.async-flush.enabled = false (default)
2023-02-14 08:17:19,429 [pool-118-thread-1] INFO  server.RaftServerConfigKeys (ConfUtils.java:logGet(46)) - raft.server.log.statemachine.data.caching.enabled = true (custom)
2023-02-14 08:17:19,429 [pool-118-thread-1] INFO  segmented.SegmentedRaftLogWorker (SegmentedRaftLogWorker.java:lambda$new$0(135)) - 3f6fb327-55b5-41b7-853a-8e3dfa7d6293@group-5486C0D054BD-SegmentedRaftLogWorker: flushIndex: setUnconditionally 0 -> -1
2023-02-14 08:17:19,429 [pool-118-thread-1] INFO  segmented.SegmentedRaftLogWorker (SegmentedRaftLogWorker.java:lambda$new$0(135)) - 3f6fb327-55b5-41b7-853a-8e3dfa7d6293@group-5486C0D054BD-SegmentedRaftLogWorker: safeCacheEvictIndex: setUnconditionally 0 -> -1
2023-02-14 08:17:19,429 [pool-118-thread-1] INFO  server.RaftServer$Division (RaftServerImpl.java:start(334)) - 3f6fb327-55b5-41b7-853a-8e3dfa7d6293@group-5486C0D054BD: start as a follower, conf=-1: peers:[3f6fb327-55b5-41b7-853a-8e3dfa7d6293|rpc:10.1.0.19:43559|dataStream:10.1.0.19:43503|priority:1|startupRole:FOLLOWER]|listeners:[], old=null
2023-02-14 08:17:19,429 [pool-118-thread-1] INFO  server.RaftServer$Division (RaftServerImpl.java:setRole(321)) - 3f6fb327-55b5-41b7-853a-8e3dfa7d6293@group-5486C0D054BD: changes role from      null to FOLLOWER at term 0 for startAsFollower
2023-02-14 08:17:19,429 [pool-118-thread-1] INFO  impl.RoleInfo (RoleInfo.java:updateAndGet(139)) - 3f6fb327-55b5-41b7-853a-8e3dfa7d6293: start 3f6fb327-55b5-41b7-853a-8e3dfa7d6293@group-5486C0D054BD-FollowerState
2023-02-14 08:17:19,430 [pool-118-thread-1] INFO  util.JmxRegister (JmxRegister.java:tryRegister(44)) - Successfully registered JMX Bean with object name Ratis:service=RaftServer,group=group-5486C0D054BD,id=3f6fb327-55b5-41b7-853a-8e3dfa7d6293
2023-02-14 08:17:19,430 [pool-118-thread-1] INFO  server.RaftServerConfigKeys (ConfUtils.java:logGet(46)) - raft.server.snapshot.auto.trigger.enabled = true (custom)
2023-02-14 08:17:19,430 [pool-118-thread-1] INFO  server.RaftServerConfigKeys (ConfUtils.java:logGet(46)) - raft.server.snapshot.auto.trigger.threshold = 10000 (custom)
2023-02-14 08:17:19,430 [pool-118-thread-1] INFO  server.RaftServerConfigKeys (ConfUtils.java:logGet(46)) - raft.server.snapshot.retention.file.num = 5 (custom)
2023-02-14 08:17:19,430 [pool-118-thread-1] INFO  server.RaftServerConfigKeys (ConfUtils.java:logGet(46)) - raft.server.log.purge.upto.snapshot.index = false (default)
2023-02-14 08:17:19,430 [3f6fb327-55b5-41b7-853a-8e3dfa7d6293@group-5486C0D054BD-FollowerState] INFO  server.RaftServerConfigKeys (ConfUtils.java:logFallback(53)) - raft.server.rpc.first-election.timeout.min = 5s (fallback to raft.server.rpc.timeout.min)
2023-02-14 08:17:19,430 [3f6fb327-55b5-41b7-853a-8e3dfa7d6293@group-5486C0D054BD-FollowerState] INFO  server.RaftServerConfigKeys (ConfUtils.java:logFallback(53)) - raft.server.rpc.first-election.timeout.max = 5200ms (fallback to raft.server.rpc.timeout.max)
2023-02-14 08:17:19,431 [Command processor thread] INFO  ratis.XceiverServerRatis (XceiverServerRatis.java:addGroup(807)) - Created group PipelineID=03e632fe-c106-4ff5-bc71-5486c0d054bd
2023-02-14 08:17:19,431 [Command processor thread] INFO  commandhandler.CreatePipelineCommandHandler (CreatePipelineCommandHandler.java:handle(113)) - Created Pipeline RATIS ONE PipelineID=03e632fe-c106-4ff5-bc71-5486c0d054bd.
2023-02-14 08:17:19,761 [Command processor thread] INFO  server.RaftServer (RaftServerProxy.java:addNew(96)) - 88d3c63d-3e2f-409f-802f-d9c0d2dac669: addNew group-5AAE25B4E728:[88d3c63d-3e2f-409f-802f-d9c0d2dac669|rpc:10.1.0.19:39647|dataStream:10.1.0.19:46651|priority:1|startupRole:FOLLOWER] returns group-5AAE25B4E728:java.util.concurrent.CompletableFuture@5f06a2f8[Not completed]
2023-02-14 08:17:19,764 [pool-140-thread-1] INFO  server.RaftServer$Division (RaftServerImpl.java:<init>(195)) - 88d3c63d-3e2f-409f-802f-d9c0d2dac669: new RaftServerImpl for group-5AAE25B4E728:[88d3c63d-3e2f-409f-802f-d9c0d2dac669|rpc:10.1.0.19:39647|dataStream:10.1.0.19:46651|priority:1|startupRole:FOLLOWER] with ContainerStateMachine:uninitialized
2023-02-14 08:17:19,764 [pool-140-thread-1] INFO  server.RaftServerConfigKeys (ConfUtils.java:logGet(46)) - raft.server.rpc.timeout.min = 5s (custom)
2023-02-14 08:17:19,764 [pool-140-thread-1] INFO  server.RaftServerConfigKeys (ConfUtils.java:logGet(46)) - raft.server.rpc.timeout.max = 5200ms (custom)
2023-02-14 08:17:19,764 [pool-140-thread-1] INFO  server.RaftServerConfigKeys (ConfUtils.java:logGet(46)) - raft.server.rpc.sleep.time = 25ms (default)
2023-02-14 08:17:19,764 [pool-140-thread-1] INFO  server.RaftServerConfigKeys (ConfUtils.java:logGet(46)) - raft.server.rpc.slowness.timeout = 300s (custom)
2023-02-14 08:17:19,764 [pool-140-thread-1] INFO  server.RaftServerConfigKeys (ConfUtils.java:logGet(46)) - raft.server.leaderelection.leader.step-down.wait-time = 10s (default)
2023-02-14 08:17:19,764 [pool-140-thread-1] INFO  server.RaftServerConfigKeys (ConfUtils.java:logGet(46)) - raft.server.sleep.deviation.threshold = 300ms (default)
2023-02-14 08:17:19,764 [pool-140-thread-1] INFO  server.RaftServer$Division (ServerState.java:<init>(118)) - 88d3c63d-3e2f-409f-802f-d9c0d2dac669@group-5AAE25B4E728: ConfigurationManager, init=-1: peers:[88d3c63d-3e2f-409f-802f-d9c0d2dac669|rpc:10.1.0.19:39647|dataStream:10.1.0.19:46651|priority:1|startupRole:FOLLOWER]|listeners:[], old=null, confs=<EMPTY_MAP>
2023-02-14 08:17:19,764 [pool-140-thread-1] INFO  server.RaftServerConfigKeys (ConfUtils.java:logGet(46)) - raft.server.storage.dir = [/home/runner/work/ozone/ozone/hadoop-ozone/integration-test/target/test-dir/MiniOzoneClusterImpl-b6fac55f-b4cf-4cde-8675-802fd5a9473d/datanode-3/data/ratis] (custom)
2023-02-14 08:17:19,764 [pool-140-thread-1] INFO  server.RaftServerConfigKeys (ConfUtils.java:logGet(46)) - raft.server.log.corruption.policy = EXCEPTION (default)
2023-02-14 08:17:19,764 [pool-140-thread-1] INFO  server.RaftServerConfigKeys (ConfUtils.java:logGet(46)) - raft.server.storage.free-space.min = 0MB (=0) (default)
2023-02-14 08:17:19,764 [pool-140-thread-1] INFO  server.RaftServerConfigKeys (ConfUtils.java:logGet(46)) - raft.server.notification.no-leader.timeout = 300s (custom)
2023-02-14 08:17:19,765 [pool-140-thread-1] INFO  server.RaftServerConfigKeys (ConfUtils.java:logGet(46)) - raft.server.retrycache.expirytime = 600000ms (custom)
2023-02-14 08:17:19,765 [pool-140-thread-1] INFO  server.RaftServerConfigKeys (ConfUtils.java:logGet(46)) - raft.server.retrycache.statistics.expirytime = 100μs (default)
2023-02-14 08:17:19,766 [pool-140-thread-1] INFO  server.RaftServerConfigKeys (ConfUtils.java:logGet(46)) - raft.server.log.appender.install.snapshot.enabled = false (custom)
2023-02-14 08:17:19,766 [pool-140-thread-1] INFO  server.RaftServerConfigKeys (ConfUtils.java:logGet(46)) - raft.server.threadpool.server.cached = true (default)
2023-02-14 08:17:19,766 [pool-140-thread-1] INFO  server.RaftServerConfigKeys (ConfUtils.java:logGet(46)) - raft.server.threadpool.server.size = 0 (default)
2023-02-14 08:17:19,766 [pool-140-thread-1] INFO  server.RaftServerConfigKeys (ConfUtils.java:logGet(46)) - raft.server.threadpool.client.cached = true (default)
2023-02-14 08:17:19,766 [pool-140-thread-1] INFO  server.RaftServerConfigKeys (ConfUtils.java:logGet(46)) - raft.server.threadpool.client.size = 0 (default)
2023-02-14 08:17:19,766 [pool-140-thread-1] INFO  storage.RaftStorageDirectory (RaftStorageDirectoryImpl.java:analyzeStorage(137)) - The storage directory /home/runner/work/ozone/ozone/hadoop-ozone/integration-test/target/test-dir/MiniOzoneClusterImpl-b6fac55f-b4cf-4cde-8675-802fd5a9473d/datanode-3/data/ratis/977e0f19-2caf-4054-97b0-5aae25b4e728 does not exist. Creating ...
2023-02-14 08:17:19,767 [pool-140-thread-1] INFO  storage.RaftStorageDirectory (RaftStorageDirectoryImpl.java:tryLock(231)) - Lock on /home/runner/work/ozone/ozone/hadoop-ozone/integration-test/target/test-dir/MiniOzoneClusterImpl-b6fac55f-b4cf-4cde-8675-802fd5a9473d/datanode-3/data/ratis/977e0f19-2caf-4054-97b0-5aae25b4e728/in_use.lock acquired by nodename 11911@fv-az476-382
2023-02-14 08:17:19,768 [pool-140-thread-1] INFO  storage.RaftStorage (RaftStorageImpl.java:format(96)) - Storage directory /home/runner/work/ozone/ozone/hadoop-ozone/integration-test/target/test-dir/MiniOzoneClusterImpl-b6fac55f-b4cf-4cde-8675-802fd5a9473d/datanode-3/data/ratis/977e0f19-2caf-4054-97b0-5aae25b4e728 has been successfully formatted.
2023-02-14 08:17:19,768 [pool-140-thread-1] INFO  ratis.ContainerStateMachine (ContainerStateMachine.java:loadSnapshot(240)) - group-5AAE25B4E728: The snapshot info is null. Setting the last applied indexto:(t:0, i:~)
2023-02-14 08:17:19,768 [pool-140-thread-1] INFO  server.RaftServerConfigKeys (ConfUtils.java:logGet(46)) - raft.server.log.use.memory = false (default)
2023-02-14 08:17:19,768 [pool-140-thread-1] INFO  server.RaftServerConfigKeys (ConfUtils.java:logGet(46)) - raft.server.log.purge.gap = 1000000 (custom)
2023-02-14 08:17:19,769 [pool-140-thread-1] INFO  server.RaftServerConfigKeys (ConfUtils.java:logGet(46)) - raft.server.log.appender.buffer.byte-limit = 33554432 (custom)
2023-02-14 08:17:19,769 [pool-140-thread-1] INFO  server.RaftServerConfigKeys (ConfUtils.java:logGet(46)) - raft.server.log.statemachine.data.read.timeout = 1000ms (default)
2023-02-14 08:17:19,769 [pool-140-thread-1] INFO  server.RaftServerConfigKeys (ConfUtils.java:logGet(46)) - raft.server.log.purge.preservation.log.num = 0 (default)
2023-02-14 08:17:19,769 [pool-140-thread-1] INFO  server.RaftServerConfigKeys (ConfUtils.java:logGet(46)) - raft.server.log.segment.size.max = 1048576 (custom)
2023-02-14 08:17:19,769 [pool-140-thread-1] INFO  server.RaftServerConfigKeys (ConfUtils.java:logGet(46)) - raft.server.log.segment.cache.num.max = 2 (custom)
2023-02-14 08:17:19,769 [pool-140-thread-1] INFO  server.RaftServerConfigKeys (ConfUtils.java:logGet(46)) - raft.server.log.segment.cache.size.max = 200MB (=209715200) (default)
2023-02-14 08:17:19,769 [pool-140-thread-1] INFO  segmented.SegmentedRaftLogWorker (SegmentedRaftLogWorker.java:<init>(189)) - new 88d3c63d-3e2f-409f-802f-d9c0d2dac669@group-5AAE25B4E728-SegmentedRaftLogWorker for RaftStorageImpl:Storage Directory /home/runner/work/ozone/ozone/hadoop-ozone/integration-test/target/test-dir/MiniOzoneClusterImpl-b6fac55f-b4cf-4cde-8675-802fd5a9473d/datanode-3/data/ratis/977e0f19-2caf-4054-97b0-5aae25b4e728
2023-02-14 08:17:19,769 [pool-140-thread-1] INFO  server.RaftServerConfigKeys (ConfUtils.java:logGet(46)) - raft.server.log.queue.byte-limit = 4294967296 (custom)
2023-02-14 08:17:19,769 [pool-140-thread-1] INFO  server.RaftServerConfigKeys (ConfUtils.java:logGet(46)) - raft.server.log.queue.element-limit = 1024 (custom)
2023-02-14 08:17:19,769 [pool-140-thread-1] INFO  server.RaftServerConfigKeys (ConfUtils.java:logGet(46)) - raft.server.log.segment.size.max = 1048576 (custom)
2023-02-14 08:17:19,769 [pool-140-thread-1] INFO  server.RaftServerConfigKeys (ConfUtils.java:logGet(46)) - raft.server.log.preallocated.size = 16384 (custom)
2023-02-14 08:17:19,769 [pool-140-thread-1] INFO  server.RaftServerConfigKeys (ConfUtils.java:logGet(46)) - raft.server.log.force.sync.num = 128 (default)
2023-02-14 08:17:19,770 [pool-140-thread-1] INFO  server.RaftServerConfigKeys (ConfUtils.java:logGet(46)) - raft.server.log.statemachine.data.sync = true (default)
2023-02-14 08:17:19,770 [pool-140-thread-1] INFO  server.RaftServerConfigKeys (ConfUtils.java:logGet(46)) - raft.server.log.statemachine.data.sync.timeout = 10s (default)
2023-02-14 08:17:19,770 [pool-140-thread-1] INFO  server.RaftServerConfigKeys (ConfUtils.java:logGet(46)) - raft.server.log.statemachine.data.sync.timeout.retry = -1 (default)
2023-02-14 08:17:19,770 [pool-140-thread-1] INFO  server.RaftServerConfigKeys (ConfUtils.java:logGet(46)) - raft.server.log.write.buffer.size = 1048576 (custom)
2023-02-14 08:17:19,771 [pool-140-thread-1] INFO  server.RaftServerConfigKeys (ConfUtils.java:logGet(46)) - raft.server.log.appender.buffer.byte-limit = 33554432 (custom)
2023-02-14 08:17:19,772 [EventQueue-PipelineReportForPipelineReportHandler] INFO  pipeline.PipelineManagerImpl (PipelineManagerImpl.java:openPipeline(367)) - Pipeline Pipeline[ Id: 977e0f19-2caf-4054-97b0-5aae25b4e728, Nodes: 88d3c63d-3e2f-409f-802f-d9c0d2dac669(fv-az476-382.2mevl5kwmm3ezivwarakluutxb.phxx.internal.cloudapp.net/10.1.0.19), ReplicationConfig: RATIS/ONE, State:ALLOCATED, leaderId:88d3c63d-3e2f-409f-802f-d9c0d2dac669, CreationTimestamp2023-02-14T08:17:16.763Z[Etc/UTC]] moved to OPEN state
2023-02-14 08:17:19,772 [EventQueue-OpenPipelineForHealthyPipelineSafeModeRule] INFO  safemode.SCMSafeModeManager (HealthyPipelineSafeModeRule.java:process(137)) - SCM in safe mode. Healthy pipelines reported count is 0, required healthy pipeline reported count is 1
2023-02-14 08:17:20,007 [JvmPauseMonitor4] WARN  util.JvmPauseMonitor (JvmPauseMonitor.java:detectPause(126)) - JvmPauseMonitor-88d3c63d-3e2f-409f-802f-d9c0d2dac669: Detected pause in JVM or host machine (eg GC): pause of approximately 213775531ns.
GC pool 'PS MarkSweep' had collection(s): count=1 time=168ms
GC pool 'PS Scavenge' had collection(s): count=1 time=60ms
2023-02-14 08:17:20,007 [pool-140-thread-1] INFO  server.RaftServerConfigKeys (ConfUtils.java:logGet(46)) - raft.server.log.unsafe-flush.enabled = false (default)
2023-02-14 08:17:20,007 [pool-140-thread-1] INFO  server.RaftServerConfigKeys (ConfUtils.java:logGet(46)) - raft.server.log.async-flush.enabled = false (default)
2023-02-14 08:17:20,007 [pool-140-thread-1] INFO  server.RaftServerConfigKeys (ConfUtils.java:logGet(46)) - raft.server.log.statemachine.data.caching.enabled = true (custom)
2023-02-14 08:17:20,008 [pool-140-thread-1] INFO  segmented.SegmentedRaftLogWorker (SegmentedRaftLogWorker.java:lambda$new$0(135)) - 88d3c63d-3e2f-409f-802f-d9c0d2dac669@group-5AAE25B4E728-SegmentedRaftLogWorker: flushIndex: setUnconditionally 0 -> -1
2023-02-14 08:17:20,008 [pool-140-thread-1] INFO  segmented.SegmentedRaftLogWorker (SegmentedRaftLogWorker.java:lambda$new$0(135)) - 88d3c63d-3e2f-409f-802f-d9c0d2dac669@group-5AAE25B4E728-SegmentedRaftLogWorker: safeCacheEvictIndex: setUnconditionally 0 -> -1
2023-02-14 08:17:20,009 [pool-140-thread-1] INFO  server.RaftServer$Division (RaftServerImpl.java:start(334)) - 88d3c63d-3e2f-409f-802f-d9c0d2dac669@group-5AAE25B4E728: start as a follower, conf=-1: peers:[88d3c63d-3e2f-409f-802f-d9c0d2dac669|rpc:10.1.0.19:39647|dataStream:10.1.0.19:46651|priority:1|startupRole:FOLLOWER]|listeners:[], old=null
2023-02-14 08:17:20,009 [pool-140-thread-1] INFO  server.RaftServer$Division (RaftServerImpl.java:setRole(321)) - 88d3c63d-3e2f-409f-802f-d9c0d2dac669@group-5AAE25B4E728: changes role from      null to FOLLOWER at term 0 for startAsFollower
2023-02-14 08:17:20,009 [pool-140-thread-1] INFO  impl.RoleInfo (RoleInfo.java:updateAndGet(139)) - 88d3c63d-3e2f-409f-802f-d9c0d2dac669: start 88d3c63d-3e2f-409f-802f-d9c0d2dac669@group-5AAE25B4E728-FollowerState
2023-02-14 08:17:20,009 [88d3c63d-3e2f-409f-802f-d9c0d2dac669@group-5AAE25B4E728-FollowerState] INFO  server.RaftServerConfigKeys (ConfUtils.java:logFallback(53)) - raft.server.rpc.first-election.timeout.min = 5s (fallback to raft.server.rpc.timeout.min)
2023-02-14 08:17:20,009 [pool-140-thread-1] INFO  util.JmxRegister (JmxRegister.java:tryRegister(44)) - Successfully registered JMX Bean with object name Ratis:service=RaftServer,group=group-5AAE25B4E728,id=88d3c63d-3e2f-409f-802f-d9c0d2dac669
2023-02-14 08:17:20,009 [pool-140-thread-1] INFO  server.RaftServerConfigKeys (ConfUtils.java:logGet(46)) - raft.server.snapshot.auto.trigger.enabled = true (custom)
2023-02-14 08:17:20,009 [pool-140-thread-1] INFO  server.RaftServerConfigKeys (ConfUtils.java:logGet(46)) - raft.server.snapshot.auto.trigger.threshold = 10000 (custom)
2023-02-14 08:17:20,009 [pool-140-thread-1] INFO  server.RaftServerConfigKeys (ConfUtils.java:logGet(46)) - raft.server.snapshot.retention.file.num = 5 (custom)
2023-02-14 08:17:20,009 [pool-140-thread-1] INFO  server.RaftServerConfigKeys (ConfUtils.java:logGet(46)) - raft.server.log.purge.upto.snapshot.index = false (default)
2023-02-14 08:17:20,010 [88d3c63d-3e2f-409f-802f-d9c0d2dac669@group-5AAE25B4E728-FollowerState] INFO  server.RaftServerConfigKeys (ConfUtils.java:logFallback(53)) - raft.server.rpc.first-election.timeout.max = 5200ms (fallback to raft.server.rpc.timeout.max)
2023-02-14 08:17:20,012 [Command processor thread] INFO  ratis.XceiverServerRatis (XceiverServerRatis.java:addGroup(807)) - Created group PipelineID=977e0f19-2caf-4054-97b0-5aae25b4e728
2023-02-14 08:17:20,012 [Command processor thread] INFO  commandhandler.CreatePipelineCommandHandler (CreatePipelineCommandHandler.java:handle(113)) - Created Pipeline RATIS ONE PipelineID=977e0f19-2caf-4054-97b0-5aae25b4e728.
2023-02-14 08:17:20,096 [Command processor thread] INFO  server.RaftServer (RaftServerProxy.java:addNew(96)) - 1b99b404-66b9-4d1b-b018-91bc4acf8ed2: addNew group-5C3C7B0C83A9:[1b99b404-66b9-4d1b-b018-91bc4acf8ed2|rpc:10.1.0.19:35395|dataStream:10.1.0.19:35453|priority:1|startupRole:FOLLOWER] returns group-5C3C7B0C83A9:java.util.concurrent.CompletableFuture@56ecd3d9[Not completed]
2023-02-14 08:17:20,098 [Listener at 127.0.0.1/34711] INFO  ozone.MiniOzoneClusterImpl (MiniOzoneClusterImpl.java:lambda$waitForClusterToBeReady$0(218)) - Nodes are ready. Got 5 of 5 DN Heartbeats.
2023-02-14 08:17:20,099 [Listener at 127.0.0.1/34711] INFO  ozone.MiniOzoneClusterImpl (MiniOzoneClusterImpl.java:lambda$waitForClusterToBeReady$0(221)) - Waiting for cluster to exit safe mode
2023-02-14 08:17:20,099 [Listener at 127.0.0.1/34711] INFO  ozone.MiniOzoneClusterImpl (MiniOzoneClusterImpl.java:lambda$waitForClusterToBeReady$0(223)) - SCM became leader
2023-02-14 08:17:20,099 [pool-162-thread-1] INFO  server.RaftServer$Division (RaftServerImpl.java:<init>(195)) - 1b99b404-66b9-4d1b-b018-91bc4acf8ed2: new RaftServerImpl for group-5C3C7B0C83A9:[1b99b404-66b9-4d1b-b018-91bc4acf8ed2|rpc:10.1.0.19:35395|dataStream:10.1.0.19:35453|priority:1|startupRole:FOLLOWER] with ContainerStateMachine:uninitialized
2023-02-14 08:17:20,099 [pool-162-thread-1] INFO  server.RaftServerConfigKeys (ConfUtils.java:logGet(46)) - raft.server.rpc.timeout.min = 5s (custom)
2023-02-14 08:17:20,099 [pool-162-thread-1] INFO  server.RaftServerConfigKeys (ConfUtils.java:logGet(46)) - raft.server.rpc.timeout.max = 5200ms (custom)
2023-02-14 08:17:20,099 [pool-162-thread-1] INFO  server.RaftServerConfigKeys (ConfUtils.java:logGet(46)) - raft.server.rpc.sleep.time = 25ms (default)
2023-02-14 08:17:20,099 [pool-162-thread-1] INFO  server.RaftServerConfigKeys (ConfUtils.java:logGet(46)) - raft.server.rpc.slowness.timeout = 300s (custom)
2023-02-14 08:17:20,099 [pool-162-thread-1] INFO  server.RaftServerConfigKeys (ConfUtils.java:logGet(46)) - raft.server.leaderelection.leader.step-down.wait-time = 10s (default)
2023-02-14 08:17:20,099 [pool-162-thread-1] INFO  server.RaftServerConfigKeys (ConfUtils.java:logGet(46)) - raft.server.sleep.deviation.threshold = 300ms (default)
2023-02-14 08:17:20,099 [pool-162-thread-1] INFO  server.RaftServer$Division (ServerState.java:<init>(118)) - 1b99b404-66b9-4d1b-b018-91bc4acf8ed2@group-5C3C7B0C83A9: ConfigurationManager, init=-1: peers:[1b99b404-66b9-4d1b-b018-91bc4acf8ed2|rpc:10.1.0.19:35395|dataStream:10.1.0.19:35453|priority:1|startupRole:FOLLOWER]|listeners:[], old=null, confs=<EMPTY_MAP>
2023-02-14 08:17:20,099 [pool-162-thread-1] INFO  server.RaftServerConfigKeys (ConfUtils.java:logGet(46)) - raft.server.storage.dir = [/home/runner/work/ozone/ozone/hadoop-ozone/integration-test/target/test-dir/MiniOzoneClusterImpl-b6fac55f-b4cf-4cde-8675-802fd5a9473d/datanode-4/data/ratis] (custom)
2023-02-14 08:17:20,100 [pool-162-thread-1] INFO  server.RaftServerConfigKeys (ConfUtils.java:logGet(46)) - raft.server.log.corruption.policy = EXCEPTION (default)
2023-02-14 08:17:20,100 [pool-162-thread-1] INFO  server.RaftServerConfigKeys (ConfUtils.java:logGet(46)) - raft.server.storage.free-space.min = 0MB (=0) (default)
2023-02-14 08:17:20,100 [pool-162-thread-1] INFO  server.RaftServerConfigKeys (ConfUtils.java:logGet(46)) - raft.server.notification.no-leader.timeout = 300s (custom)
2023-02-14 08:17:20,100 [pool-162-thread-1] INFO  server.RaftServerConfigKeys (ConfUtils.java:logGet(46)) - raft.server.retrycache.expirytime = 600000ms (custom)
2023-02-14 08:17:20,100 [pool-162-thread-1] INFO  server.RaftServerConfigKeys (ConfUtils.java:logGet(46)) - raft.server.retrycache.statistics.expirytime = 100μs (default)
2023-02-14 08:17:20,104 [pool-162-thread-1] INFO  server.RaftServerConfigKeys (ConfUtils.java:logGet(46)) - raft.server.log.appender.install.snapshot.enabled = false (custom)
2023-02-14 08:17:20,104 [pool-162-thread-1] INFO  server.RaftServerConfigKeys (ConfUtils.java:logGet(46)) - raft.server.threadpool.server.cached = true (default)
2023-02-14 08:17:20,104 [pool-162-thread-1] INFO  server.RaftServerConfigKeys (ConfUtils.java:logGet(46)) - raft.server.threadpool.server.size = 0 (default)
2023-02-14 08:17:20,104 [pool-162-thread-1] INFO  server.RaftServerConfigKeys (ConfUtils.java:logGet(46)) - raft.server.threadpool.client.cached = true (default)
2023-02-14 08:17:20,104 [pool-162-thread-1] INFO  server.RaftServerConfigKeys (ConfUtils.java:logGet(46)) - raft.server.threadpool.client.size = 0 (default)
2023-02-14 08:17:20,104 [pool-162-thread-1] INFO  storage.RaftStorageDirectory (RaftStorageDirectoryImpl.java:analyzeStorage(137)) - The storage directory /home/runner/work/ozone/ozone/hadoop-ozone/integration-test/target/test-dir/MiniOzoneClusterImpl-b6fac55f-b4cf-4cde-8675-802fd5a9473d/datanode-4/data/ratis/b845a268-8de8-434a-84e6-5c3c7b0c83a9 does not exist. Creating ...
2023-02-14 08:17:20,105 [pool-162-thread-1] INFO  storage.RaftStorageDirectory (RaftStorageDirectoryImpl.java:tryLock(231)) - Lock on /home/runner/work/ozone/ozone/hadoop-ozone/integration-test/target/test-dir/MiniOzoneClusterImpl-b6fac55f-b4cf-4cde-8675-802fd5a9473d/datanode-4/data/ratis/b845a268-8de8-434a-84e6-5c3c7b0c83a9/in_use.lock acquired by nodename 11911@fv-az476-382
2023-02-14 08:17:20,106 [pool-162-thread-1] INFO  storage.RaftStorage (RaftStorageImpl.java:format(96)) - Storage directory /home/runner/work/ozone/ozone/hadoop-ozone/integration-test/target/test-dir/MiniOzoneClusterImpl-b6fac55f-b4cf-4cde-8675-802fd5a9473d/datanode-4/data/ratis/b845a268-8de8-434a-84e6-5c3c7b0c83a9 has been successfully formatted.
2023-02-14 08:17:20,106 [pool-162-thread-1] INFO  ratis.ContainerStateMachine (ContainerStateMachine.java:loadSnapshot(240)) - group-5C3C7B0C83A9: The snapshot info is null. Setting the last applied indexto:(t:0, i:~)
2023-02-14 08:17:20,107 [pool-162-thread-1] INFO  server.RaftServerConfigKeys (ConfUtils.java:logGet(46)) - raft.server.log.use.memory = false (default)
2023-02-14 08:17:20,107 [pool-162-thread-1] INFO  server.RaftServerConfigKeys (ConfUtils.java:logGet(46)) - raft.server.log.purge.gap = 1000000 (custom)
2023-02-14 08:17:20,107 [pool-162-thread-1] INFO  server.RaftServerConfigKeys (ConfUtils.java:logGet(46)) - raft.server.log.appender.buffer.byte-limit = 33554432 (custom)
2023-02-14 08:17:20,107 [pool-162-thread-1] INFO  server.RaftServerConfigKeys (ConfUtils.java:logGet(46)) - raft.server.log.statemachine.data.read.timeout = 1000ms (default)
2023-02-14 08:17:20,107 [pool-162-thread-1] INFO  server.RaftServerConfigKeys (ConfUtils.java:logGet(46)) - raft.server.log.purge.preservation.log.num = 0 (default)
2023-02-14 08:17:20,109 [EventQueue-PipelineReportForPipelineReportHandler] INFO  pipeline.PipelineManagerImpl (PipelineManagerImpl.java:openPipeline(367)) - Pipeline Pipeline[ Id: b845a268-8de8-434a-84e6-5c3c7b0c83a9, Nodes: 1b99b404-66b9-4d1b-b018-91bc4acf8ed2(fv-az476-382.2mevl5kwmm3ezivwarakluutxb.phxx.internal.cloudapp.net/10.1.0.19), ReplicationConfig: RATIS/ONE, State:ALLOCATED, leaderId:1b99b404-66b9-4d1b-b018-91bc4acf8ed2, CreationTimestamp2023-02-14T08:17:17.098Z[Etc/UTC]] moved to OPEN state
2023-02-14 08:17:20,109 [EventQueue-OpenPipelineForHealthyPipelineSafeModeRule] INFO  safemode.SCMSafeModeManager (HealthyPipelineSafeModeRule.java:process(137)) - SCM in safe mode. Healthy pipelines reported count is 0, required healthy pipeline reported count is 1
2023-02-14 08:17:20,109 [pool-162-thread-1] INFO  server.RaftServerConfigKeys (ConfUtils.java:logGet(46)) - raft.server.log.segment.size.max = 1048576 (custom)
2023-02-14 08:17:20,110 [pool-162-thread-1] INFO  server.RaftServerConfigKeys (ConfUtils.java:logGet(46)) - raft.server.log.segment.cache.num.max = 2 (custom)
2023-02-14 08:17:20,110 [pool-162-thread-1] INFO  server.RaftServerConfigKeys (ConfUtils.java:logGet(46)) - raft.server.log.segment.cache.size.max = 200MB (=209715200) (default)
2023-02-14 08:17:20,110 [pool-162-thread-1] INFO  segmented.SegmentedRaftLogWorker (SegmentedRaftLogWorker.java:<init>(189)) - new 1b99b404-66b9-4d1b-b018-91bc4acf8ed2@group-5C3C7B0C83A9-SegmentedRaftLogWorker for RaftStorageImpl:Storage Directory /home/runner/work/ozone/ozone/hadoop-ozone/integration-test/target/test-dir/MiniOzoneClusterImpl-b6fac55f-b4cf-4cde-8675-802fd5a9473d/datanode-4/data/ratis/b845a268-8de8-434a-84e6-5c3c7b0c83a9
2023-02-14 08:17:20,110 [pool-162-thread-1] INFO  server.RaftServerConfigKeys (ConfUtils.java:logGet(46)) - raft.server.log.queue.byte-limit = 4294967296 (custom)
2023-02-14 08:17:20,110 [pool-162-thread-1] INFO  server.RaftServerConfigKeys (ConfUtils.java:logGet(46)) - raft.server.log.queue.element-limit = 1024 (custom)
2023-02-14 08:17:20,110 [pool-162-thread-1] INFO  server.RaftServerConfigKeys (ConfUtils.java:logGet(46)) - raft.server.log.segment.size.max = 1048576 (custom)
2023-02-14 08:17:20,110 [pool-162-thread-1] INFO  server.RaftServerConfigKeys (ConfUtils.java:logGet(46)) - raft.server.log.preallocated.size = 16384 (custom)
2023-02-14 08:17:20,110 [pool-162-thread-1] INFO  server.RaftServerConfigKeys (ConfUtils.java:logGet(46)) - raft.server.log.force.sync.num = 128 (default)
2023-02-14 08:17:20,110 [pool-162-thread-1] INFO  server.RaftServerConfigKeys (ConfUtils.java:logGet(46)) - raft.server.log.statemachine.data.sync = true (default)
2023-02-14 08:17:20,110 [pool-162-thread-1] INFO  server.RaftServerConfigKeys (ConfUtils.java:logGet(46)) - raft.server.log.statemachine.data.sync.timeout = 10s (default)
2023-02-14 08:17:20,110 [pool-162-thread-1] INFO  server.RaftServerConfigKeys (ConfUtils.java:logGet(46)) - raft.server.log.statemachine.data.sync.timeout.retry = -1 (default)
2023-02-14 08:17:20,111 [pool-162-thread-1] INFO  server.RaftServerConfigKeys (ConfUtils.java:logGet(46)) - raft.server.log.write.buffer.size = 1048576 (custom)
2023-02-14 08:17:20,111 [pool-162-thread-1] INFO  server.RaftServerConfigKeys (ConfUtils.java:logGet(46)) - raft.server.log.appender.buffer.byte-limit = 33554432 (custom)
2023-02-14 08:17:20,114 [pool-162-thread-1] INFO  server.RaftServerConfigKeys (ConfUtils.java:logGet(46)) - raft.server.log.unsafe-flush.enabled = false (default)
2023-02-14 08:17:20,114 [pool-162-thread-1] INFO  server.RaftServerConfigKeys (ConfUtils.java:logGet(46)) - raft.server.log.async-flush.enabled = false (default)
2023-02-14 08:17:20,114 [pool-162-thread-1] INFO  server.RaftServerConfigKeys (ConfUtils.java:logGet(46)) - raft.server.log.statemachine.data.caching.enabled = true (custom)
2023-02-14 08:17:20,115 [pool-162-thread-1] INFO  segmented.SegmentedRaftLogWorker (SegmentedRaftLogWorker.java:lambda$new$0(135)) - 1b99b404-66b9-4d1b-b018-91bc4acf8ed2@group-5C3C7B0C83A9-SegmentedRaftLogWorker: flushIndex: setUnconditionally 0 -> -1
2023-02-14 08:17:20,115 [pool-162-thread-1] INFO  segmented.SegmentedRaftLogWorker (SegmentedRaftLogWorker.java:lambda$new$0(135)) - 1b99b404-66b9-4d1b-b018-91bc4acf8ed2@group-5C3C7B0C83A9-SegmentedRaftLogWorker: safeCacheEvictIndex: setUnconditionally 0 -> -1
2023-02-14 08:17:20,115 [pool-162-thread-1] INFO  server.RaftServer$Division (RaftServerImpl.java:start(334)) - 1b99b404-66b9-4d1b-b018-91bc4acf8ed2@group-5C3C7B0C83A9: start as a follower, conf=-1: peers:[1b99b404-66b9-4d1b-b018-91bc4acf8ed2|rpc:10.1.0.19:35395|dataStream:10.1.0.19:35453|priority:1|startupRole:FOLLOWER]|listeners:[], old=null
2023-02-14 08:17:20,115 [pool-162-thread-1] INFO  server.RaftServer$Division (RaftServerImpl.java:setRole(321)) - 1b99b404-66b9-4d1b-b018-91bc4acf8ed2@group-5C3C7B0C83A9: changes role from      null to FOLLOWER at term 0 for startAsFollower
2023-02-14 08:17:20,115 [pool-162-thread-1] INFO  impl.RoleInfo (RoleInfo.java:updateAndGet(139)) - 1b99b404-66b9-4d1b-b018-91bc4acf8ed2: start 1b99b404-66b9-4d1b-b018-91bc4acf8ed2@group-5C3C7B0C83A9-FollowerState
2023-02-14 08:17:20,120 [pool-162-thread-1] INFO  util.JmxRegister (JmxRegister.java:tryRegister(44)) - Successfully registered JMX Bean with object name Ratis:service=RaftServer,group=group-5C3C7B0C83A9,id=1b99b404-66b9-4d1b-b018-91bc4acf8ed2
2023-02-14 08:17:20,120 [pool-162-thread-1] INFO  server.RaftServerConfigKeys (ConfUtils.java:logGet(46)) - raft.server.snapshot.auto.trigger.enabled = true (custom)
2023-02-14 08:17:20,120 [pool-162-thread-1] INFO  server.RaftServerConfigKeys (ConfUtils.java:logGet(46)) - raft.server.snapshot.auto.trigger.threshold = 10000 (custom)
2023-02-14 08:17:20,120 [pool-162-thread-1] INFO  server.RaftServerConfigKeys (ConfUtils.java:logGet(46)) - raft.server.snapshot.retention.file.num = 5 (custom)
2023-02-14 08:17:20,120 [pool-162-thread-1] INFO  server.RaftServerConfigKeys (ConfUtils.java:logGet(46)) - raft.server.log.purge.upto.snapshot.index = false (default)
2023-02-14 08:17:20,121 [1b99b404-66b9-4d1b-b018-91bc4acf8ed2@group-5C3C7B0C83A9-FollowerState] INFO  server.RaftServerConfigKeys (ConfUtils.java:logFallback(53)) - raft.server.rpc.first-election.timeout.min = 5s (fallback to raft.server.rpc.timeout.min)
2023-02-14 08:17:20,121 [1b99b404-66b9-4d1b-b018-91bc4acf8ed2@group-5C3C7B0C83A9-FollowerState] INFO  server.RaftServerConfigKeys (ConfUtils.java:logFallback(53)) - raft.server.rpc.first-election.timeout.max = 5200ms (fallback to raft.server.rpc.timeout.max)
2023-02-14 08:17:20,122 [Command processor thread] INFO  ratis.XceiverServerRatis (XceiverServerRatis.java:addGroup(807)) - Created group PipelineID=b845a268-8de8-434a-84e6-5c3c7b0c83a9
2023-02-14 08:17:20,122 [Command processor thread] INFO  commandhandler.CreatePipelineCommandHandler (CreatePipelineCommandHandler.java:handle(113)) - Created Pipeline RATIS ONE PipelineID=b845a268-8de8-434a-84e6-5c3c7b0c83a9.
2023-02-14 08:17:21,099 [Listener at 127.0.0.1/34711] INFO  ozone.MiniOzoneClusterImpl (MiniOzoneClusterImpl.java:lambda$waitForClusterToBeReady$0(218)) - Nodes are ready. Got 5 of 5 DN Heartbeats.
2023-02-14 08:17:21,099 [Listener at 127.0.0.1/34711] INFO  ozone.MiniOzoneClusterImpl (MiniOzoneClusterImpl.java:lambda$waitForClusterToBeReady$0(221)) - Waiting for cluster to exit safe mode
2023-02-14 08:17:21,099 [Listener at 127.0.0.1/34711] INFO  ozone.MiniOzoneClusterImpl (MiniOzoneClusterImpl.java:lambda$waitForClusterToBeReady$0(223)) - SCM became leader
2023-02-14 08:17:22,099 [Listener at 127.0.0.1/34711] INFO  ozone.MiniOzoneClusterImpl (MiniOzoneClusterImpl.java:lambda$waitForClusterToBeReady$0(218)) - Nodes are ready. Got 5 of 5 DN Heartbeats.
2023-02-14 08:17:22,099 [Listener at 127.0.0.1/34711] INFO  ozone.MiniOzoneClusterImpl (MiniOzoneClusterImpl.java:lambda$waitForClusterToBeReady$0(221)) - Waiting for cluster to exit safe mode
2023-02-14 08:17:22,100 [Listener at 127.0.0.1/34711] INFO  ozone.MiniOzoneClusterImpl (MiniOzoneClusterImpl.java:lambda$waitForClusterToBeReady$0(223)) - SCM became leader
2023-02-14 08:17:23,100 [Listener at 127.0.0.1/34711] INFO  ozone.MiniOzoneClusterImpl (MiniOzoneClusterImpl.java:lambda$waitForClusterToBeReady$0(218)) - Nodes are ready. Got 5 of 5 DN Heartbeats.
2023-02-14 08:17:23,100 [Listener at 127.0.0.1/34711] INFO  ozone.MiniOzoneClusterImpl (MiniOzoneClusterImpl.java:lambda$waitForClusterToBeReady$0(221)) - Waiting for cluster to exit safe mode
2023-02-14 08:17:23,100 [Listener at 127.0.0.1/34711] INFO  ozone.MiniOzoneClusterImpl (MiniOzoneClusterImpl.java:lambda$waitForClusterToBeReady$0(223)) - SCM became leader
2023-02-14 08:17:23,620 [f91196cd-4755-4cf6-996a-4ead370c0744@group-C521C322A115-FollowerState] INFO  impl.FollowerState (FollowerState.java:run(143)) - f91196cd-4755-4cf6-996a-4ead370c0744@group-C521C322A115-FollowerState: change to CANDIDATE, lastRpcElapsedTime:5073596026ns, electionTimeout:5072ms
2023-02-14 08:17:23,621 [f91196cd-4755-4cf6-996a-4ead370c0744@group-C521C322A115-FollowerState] INFO  impl.RoleInfo (RoleInfo.java:shutdownFollowerState(110)) - f91196cd-4755-4cf6-996a-4ead370c0744: shutdown f91196cd-4755-4cf6-996a-4ead370c0744@group-C521C322A115-FollowerState
2023-02-14 08:17:23,621 [f91196cd-4755-4cf6-996a-4ead370c0744@group-C521C322A115-FollowerState] INFO  server.RaftServer$Division (RaftServerImpl.java:setRole(321)) - f91196cd-4755-4cf6-996a-4ead370c0744@group-C521C322A115: changes role from  FOLLOWER to CANDIDATE at term 0 for changeToCandidate
2023-02-14 08:17:23,621 [f91196cd-4755-4cf6-996a-4ead370c0744@group-C521C322A115-FollowerState] INFO  server.RaftServerConfigKeys (ConfUtils.java:logGet(46)) - raft.server.leaderelection.pre-vote = false (custom)
2023-02-14 08:17:23,621 [f91196cd-4755-4cf6-996a-4ead370c0744@group-C521C322A115-FollowerState] INFO  impl.RoleInfo (RoleInfo.java:updateAndGet(139)) - f91196cd-4755-4cf6-996a-4ead370c0744: start f91196cd-4755-4cf6-996a-4ead370c0744@group-C521C322A115-LeaderElection2
2023-02-14 08:17:23,625 [f91196cd-4755-4cf6-996a-4ead370c0744@group-C521C322A115-LeaderElection2] INFO  impl.LeaderElection (LeaderElection.java:askForVotes(312)) - f91196cd-4755-4cf6-996a-4ead370c0744@group-C521C322A115-LeaderElection2 ELECTION round 0: submit vote requests at term 1 for -1: peers:[f91196cd-4755-4cf6-996a-4ead370c0744|rpc:10.1.0.19:34709|dataStream:10.1.0.19:38337|priority:1|startupRole:FOLLOWER]|listeners:[], old=null
2023-02-14 08:17:23,625 [f91196cd-4755-4cf6-996a-4ead370c0744@group-C521C322A115-LeaderElection2] INFO  impl.LeaderElection (LeaderElection.java:askForVotes(314)) - f91196cd-4755-4cf6-996a-4ead370c0744@group-C521C322A115-LeaderElection2 ELECTION round 0: result PASSED (term=1)
2023-02-14 08:17:23,625 [f91196cd-4755-4cf6-996a-4ead370c0744@group-C521C322A115-LeaderElection2] INFO  impl.RoleInfo (RoleInfo.java:shutdownLeaderElection(130)) - f91196cd-4755-4cf6-996a-4ead370c0744: shutdown f91196cd-4755-4cf6-996a-4ead370c0744@group-C521C322A115-LeaderElection2
2023-02-14 08:17:23,625 [f91196cd-4755-4cf6-996a-4ead370c0744@group-C521C322A115-LeaderElection2] INFO  server.RaftServer$Division (RaftServerImpl.java:setRole(321)) - f91196cd-4755-4cf6-996a-4ead370c0744@group-C521C322A115: changes role from CANDIDATE to LEADER at term 1 for changeToLeader
2023-02-14 08:17:23,625 [f91196cd-4755-4cf6-996a-4ead370c0744@group-C521C322A115-LeaderElection2] INFO  ratis.XceiverServerRatis (XceiverServerRatis.java:handleLeaderChangedNotification(905)) - Leader change notification received for group: group-C521C322A115 with new leaderId: f91196cd-4755-4cf6-996a-4ead370c0744
2023-02-14 08:17:23,626 [f91196cd-4755-4cf6-996a-4ead370c0744@group-C521C322A115-LeaderElection2] INFO  server.RaftServer$Division (ServerState.java:setLeader(313)) - f91196cd-4755-4cf6-996a-4ead370c0744@group-C521C322A115: change Leader from null to f91196cd-4755-4cf6-996a-4ead370c0744 at term 1 for becomeLeader, leader elected after 5132ms
2023-02-14 08:17:23,626 [f91196cd-4755-4cf6-996a-4ead370c0744@group-C521C322A115-LeaderElection2] INFO  server.RaftServerConfigKeys (ConfUtils.java:logGet(46)) - raft.server.staging.catchup.gap = 1000 (default)
2023-02-14 08:17:23,626 [f91196cd-4755-4cf6-996a-4ead370c0744@group-C521C322A115-LeaderElection2] INFO  server.RaftServerConfigKeys (ConfUtils.java:logGet(46)) - raft.server.write.element-limit = 1024 (custom)
2023-02-14 08:17:23,626 [f91196cd-4755-4cf6-996a-4ead370c0744@group-C521C322A115-LeaderElection2] INFO  server.RaftServerConfigKeys (ConfUtils.java:logGet(46)) - raft.server.write.byte-limit = 1024 M (=1073741824) (custom)
2023-02-14 08:17:23,627 [f91196cd-4755-4cf6-996a-4ead370c0744@group-C521C322A115-LeaderElection2] INFO  server.RaftServerConfigKeys (ConfUtils.java:logGet(46)) - raft.server.watch.timeout = 180s (custom)
2023-02-14 08:17:23,627 [f91196cd-4755-4cf6-996a-4ead370c0744@group-C521C322A115-LeaderElection2] INFO  server.RaftServerConfigKeys (ConfUtils.java:logGet(46)) - raft.server.watch.timeout.denomination = 1s (default)
2023-02-14 08:17:23,627 [f91196cd-4755-4cf6-996a-4ead370c0744@group-C521C322A115-LeaderElection2] INFO  server.RaftServerConfigKeys (ConfUtils.java:logGet(46)) - raft.server.watch.element-limit = 65536 (default)
2023-02-14 08:17:23,627 [f91196cd-4755-4cf6-996a-4ead370c0744@group-C521C322A115-LeaderElection2] INFO  server.RaftServerConfigKeys (ConfUtils.java:logGet(46)) - raft.server.write.element-limit = 1024 (custom)
2023-02-14 08:17:23,627 [f91196cd-4755-4cf6-996a-4ead370c0744@group-C521C322A115-LeaderElection2] INFO  server.RaftServerConfigKeys (ConfUtils.java:logGet(46)) - raft.server.write.follower.gap.ratio.max = -1.0 (default)
2023-02-14 08:17:23,627 [f91196cd-4755-4cf6-996a-4ead370c0744@group-C521C322A115-LeaderElection2] INFO  impl.RoleInfo (RoleInfo.java:updateAndGet(139)) - f91196cd-4755-4cf6-996a-4ead370c0744: start f91196cd-4755-4cf6-996a-4ead370c0744@group-C521C322A115-LeaderStateImpl
2023-02-14 08:17:23,627 [EventQueue-OpenPipelineForHealthyPipelineSafeModeRule] INFO  safemode.SCMSafeModeManager (HealthyPipelineSafeModeRule.java:process(137)) - SCM in safe mode. Healthy pipelines reported count is 0, required healthy pipeline reported count is 1
2023-02-14 08:17:23,627 [f91196cd-4755-4cf6-996a-4ead370c0744@group-C521C322A115-LeaderElection2] INFO  segmented.SegmentedRaftLogWorker (SegmentedRaftLogWorker.java:startLogSegment(452)) - f91196cd-4755-4cf6-996a-4ead370c0744@group-C521C322A115-SegmentedRaftLogWorker: Starting segment from index:0
2023-02-14 08:17:23,628 [f91196cd-4755-4cf6-996a-4ead370c0744@group-C521C322A115-SegmentedRaftLogWorker] INFO  segmented.SegmentedRaftLogWorker (SegmentedRaftLogWorker.java:execute(656)) - f91196cd-4755-4cf6-996a-4ead370c0744@group-C521C322A115-SegmentedRaftLogWorker: created new log segment /home/runner/work/ozone/ozone/hadoop-ozone/integration-test/target/test-dir/MiniOzoneClusterImpl-b6fac55f-b4cf-4cde-8675-802fd5a9473d/datanode-0/data/ratis/dc71b7f1-af04-4370-b2dc-c521c322a115/current/log_inprogress_0
2023-02-14 08:17:23,630 [f91196cd-4755-4cf6-996a-4ead370c0744@group-C521C322A115-LeaderElection2] INFO  server.RaftServer$Division (ServerState.java:setRaftConf(430)) - f91196cd-4755-4cf6-996a-4ead370c0744@group-C521C322A115: set configuration 0: peers:[f91196cd-4755-4cf6-996a-4ead370c0744|rpc:10.1.0.19:34709|dataStream:10.1.0.19:38337|priority:1|startupRole:FOLLOWER]|listeners:[], old=null
2023-02-14 08:17:23,800 [f91196cd-4755-4cf6-996a-4ead370c0744@group-123277D10A4C-FollowerState] INFO  impl.FollowerState (FollowerState.java:run(143)) - f91196cd-4755-4cf6-996a-4ead370c0744@group-123277D10A4C-FollowerState: change to CANDIDATE, lastRpcElapsedTime:5205472484ns, electionTimeout:5200ms
2023-02-14 08:17:23,801 [f91196cd-4755-4cf6-996a-4ead370c0744@group-123277D10A4C-FollowerState] INFO  impl.RoleInfo (RoleInfo.java:shutdownFollowerState(110)) - f91196cd-4755-4cf6-996a-4ead370c0744: shutdown f91196cd-4755-4cf6-996a-4ead370c0744@group-123277D10A4C-FollowerState
2023-02-14 08:17:23,801 [f91196cd-4755-4cf6-996a-4ead370c0744@group-123277D10A4C-FollowerState] INFO  server.RaftServer$Division (RaftServerImpl.java:setRole(321)) - f91196cd-4755-4cf6-996a-4ead370c0744@group-123277D10A4C: changes role from  FOLLOWER to CANDIDATE at term 0 for changeToCandidate
2023-02-14 08:17:23,801 [f91196cd-4755-4cf6-996a-4ead370c0744@group-123277D10A4C-FollowerState] INFO  server.RaftServerConfigKeys (ConfUtils.java:logGet(46)) - raft.server.leaderelection.pre-vote = false (custom)
2023-02-14 08:17:23,801 [f91196cd-4755-4cf6-996a-4ead370c0744@group-123277D10A4C-FollowerState] INFO  impl.RoleInfo (RoleInfo.java:updateAndGet(139)) - f91196cd-4755-4cf6-996a-4ead370c0744: start f91196cd-4755-4cf6-996a-4ead370c0744@group-123277D10A4C-LeaderElection3
2023-02-14 08:17:23,804 [f91196cd-4755-4cf6-996a-4ead370c0744@group-123277D10A4C-LeaderElection3] INFO  impl.LeaderElection (LeaderElection.java:askForVotes(312)) - f91196cd-4755-4cf6-996a-4ead370c0744@group-123277D10A4C-LeaderElection3 ELECTION round 0: submit vote requests at term 1 for -1: peers:[f91196cd-4755-4cf6-996a-4ead370c0744|rpc:10.1.0.19:34709|dataStream:10.1.0.19:38337|priority:1|startupRole:FOLLOWER, 3f6fb327-55b5-41b7-853a-8e3dfa7d6293|rpc:10.1.0.19:43559|dataStream:10.1.0.19:43503|priority:0|startupRole:FOLLOWER, 36e1e605-60e1-4f03-904e-89ea76d9efd4|rpc:10.1.0.19:42805|dataStream:10.1.0.19:41129|priority:0|startupRole:FOLLOWER]|listeners:[], old=null
2023-02-14 08:17:23,809 [f91196cd-4755-4cf6-996a-4ead370c0744@group-123277D10A4C-LeaderElection3-1] INFO  server.GrpcServerProtocolClient (GrpcServerProtocolClient.java:<init>(63)) - Build channel for 3f6fb327-55b5-41b7-853a-8e3dfa7d6293
2023-02-14 08:17:23,810 [f91196cd-4755-4cf6-996a-4ead370c0744@group-123277D10A4C-LeaderElection3] INFO  server.RaftServerConfigKeys (ConfUtils.java:logFallback(53)) - raft.server.rpc.first-election.timeout.min = 5s (fallback to raft.server.rpc.timeout.min)
2023-02-14 08:17:23,814 [f91196cd-4755-4cf6-996a-4ead370c0744@group-123277D10A4C-LeaderElection3] INFO  server.RaftServerConfigKeys (ConfUtils.java:logFallback(53)) - raft.server.rpc.first-election.timeout.max = 5200ms (fallback to raft.server.rpc.timeout.max)
2023-02-14 08:17:23,817 [f91196cd-4755-4cf6-996a-4ead370c0744@group-123277D10A4C-LeaderElection3-2] INFO  server.GrpcServerProtocolClient (GrpcServerProtocolClient.java:<init>(63)) - Build channel for 36e1e605-60e1-4f03-904e-89ea76d9efd4
2023-02-14 08:17:23,828 [grpc-default-executor-0] INFO  server.RaftServer$Division (RaftServerImpl.java:requestVote(1218)) - 3f6fb327-55b5-41b7-853a-8e3dfa7d6293@group-123277D10A4C: receive requestVote(ELECTION, f91196cd-4755-4cf6-996a-4ead370c0744, group-123277D10A4C, 1, (t:0, i:0))
2023-02-14 08:17:23,830 [grpc-default-executor-0] INFO  impl.VoteContext (VoteContext.java:log(49)) - 3f6fb327-55b5-41b7-853a-8e3dfa7d6293@group-123277D10A4C-FOLLOWER: accept ELECTION from f91196cd-4755-4cf6-996a-4ead370c0744: our priority 0 <= candidate's priority 1
2023-02-14 08:17:23,831 [grpc-default-executor-0] INFO  server.RaftServer$Division (RaftServerImpl.java:setRole(321)) - 3f6fb327-55b5-41b7-853a-8e3dfa7d6293@group-123277D10A4C: changes role from  FOLLOWER to FOLLOWER at term 1 for candidate:f91196cd-4755-4cf6-996a-4ead370c0744
2023-02-14 08:17:23,831 [grpc-default-executor-0] INFO  impl.RoleInfo (RoleInfo.java:shutdownFollowerState(110)) - 3f6fb327-55b5-41b7-853a-8e3dfa7d6293: shutdown 3f6fb327-55b5-41b7-853a-8e3dfa7d6293@group-123277D10A4C-FollowerState
2023-02-14 08:17:23,831 [3f6fb327-55b5-41b7-853a-8e3dfa7d6293@group-123277D10A4C-FollowerState] INFO  impl.FollowerState (FollowerState.java:run(152)) - 3f6fb327-55b5-41b7-853a-8e3dfa7d6293@group-123277D10A4C-FollowerState was interrupted
2023-02-14 08:17:23,834 [grpc-default-executor-0] INFO  impl.RoleInfo (RoleInfo.java:updateAndGet(139)) - 3f6fb327-55b5-41b7-853a-8e3dfa7d6293: start 3f6fb327-55b5-41b7-853a-8e3dfa7d6293@group-123277D10A4C-FollowerState
2023-02-14 08:17:23,839 [3f6fb327-55b5-41b7-853a-8e3dfa7d6293@group-123277D10A4C-FollowerState] INFO  server.RaftServerConfigKeys (ConfUtils.java:logFallback(53)) - raft.server.rpc.first-election.timeout.min = 5s (fallback to raft.server.rpc.timeout.min)
2023-02-14 08:17:23,839 [3f6fb327-55b5-41b7-853a-8e3dfa7d6293@group-123277D10A4C-FollowerState] INFO  server.RaftServerConfigKeys (ConfUtils.java:logFallback(53)) - raft.server.rpc.first-election.timeout.max = 5200ms (fallback to raft.server.rpc.timeout.max)
2023-02-14 08:17:23,845 [grpc-default-executor-0] INFO  server.RaftServer$Division (RaftServerImpl.java:requestVote(1251)) - 3f6fb327-55b5-41b7-853a-8e3dfa7d6293@group-123277D10A4C replies to ELECTION vote request: f91196cd-4755-4cf6-996a-4ead370c0744<-3f6fb327-55b5-41b7-853a-8e3dfa7d6293#0:OK-t1. Peer's state: 3f6fb327-55b5-41b7-853a-8e3dfa7d6293@group-123277D10A4C:t1, leader=null, voted=f91196cd-4755-4cf6-996a-4ead370c0744, raftlog=Memoized:3f6fb327-55b5-41b7-853a-8e3dfa7d6293@group-123277D10A4C-SegmentedRaftLog:OPENED:c-1, conf=-1: peers:[f91196cd-4755-4cf6-996a-4ead370c0744|rpc:10.1.0.19:34709|dataStream:10.1.0.19:38337|priority:1|startupRole:FOLLOWER, 3f6fb327-55b5-41b7-853a-8e3dfa7d6293|rpc:10.1.0.19:43559|dataStream:10.1.0.19:43503|priority:0|startupRole:FOLLOWER, 36e1e605-60e1-4f03-904e-89ea76d9efd4|rpc:10.1.0.19:42805|dataStream:10.1.0.19:41129|priority:0|startupRole:FOLLOWER]|listeners:[], old=null
2023-02-14 08:17:23,860 [f91196cd-4755-4cf6-996a-4ead370c0744@group-123277D10A4C-LeaderElection3] INFO  impl.LeaderElection (LeaderElection.java:logAndReturn(90)) - f91196cd-4755-4cf6-996a-4ead370c0744@group-123277D10A4C-LeaderElection3: ELECTION PASSED received 1 response(s) and 0 exception(s):
2023-02-14 08:17:23,860 [f91196cd-4755-4cf6-996a-4ead370c0744@group-123277D10A4C-LeaderElection3] INFO  impl.LeaderElection (LeaderElection.java:logAndReturn(94)) -   Response 0: f91196cd-4755-4cf6-996a-4ead370c0744<-3f6fb327-55b5-41b7-853a-8e3dfa7d6293#0:OK-t1
2023-02-14 08:17:23,860 [f91196cd-4755-4cf6-996a-4ead370c0744@group-123277D10A4C-LeaderElection3] INFO  impl.LeaderElection (LeaderElection.java:askForVotes(314)) - f91196cd-4755-4cf6-996a-4ead370c0744@group-123277D10A4C-LeaderElection3 ELECTION round 0: result PASSED
2023-02-14 08:17:23,860 [f91196cd-4755-4cf6-996a-4ead370c0744@group-123277D10A4C-LeaderElection3] INFO  impl.RoleInfo (RoleInfo.java:shutdownLeaderElection(130)) - f91196cd-4755-4cf6-996a-4ead370c0744: shutdown f91196cd-4755-4cf6-996a-4ead370c0744@group-123277D10A4C-LeaderElection3
2023-02-14 08:17:23,860 [f91196cd-4755-4cf6-996a-4ead370c0744@group-123277D10A4C-LeaderElection3] INFO  server.RaftServer$Division (RaftServerImpl.java:setRole(321)) - f91196cd-4755-4cf6-996a-4ead370c0744@group-123277D10A4C: changes role from CANDIDATE to LEADER at term 1 for changeToLeader
2023-02-14 08:17:23,860 [f91196cd-4755-4cf6-996a-4ead370c0744@group-123277D10A4C-LeaderElection3] INFO  ratis.XceiverServerRatis (XceiverServerRatis.java:handleLeaderChangedNotification(905)) - Leader change notification received for group: group-123277D10A4C with new leaderId: f91196cd-4755-4cf6-996a-4ead370c0744
2023-02-14 08:17:23,860 [f91196cd-4755-4cf6-996a-4ead370c0744@group-123277D10A4C-LeaderElection3] INFO  server.RaftServer$Division (ServerState.java:setLeader(313)) - f91196cd-4755-4cf6-996a-4ead370c0744@group-123277D10A4C: change Leader from null to f91196cd-4755-4cf6-996a-4ead370c0744 at term 1 for becomeLeader, leader elected after 5289ms
2023-02-14 08:17:23,860 [f91196cd-4755-4cf6-996a-4ead370c0744@group-123277D10A4C-LeaderElection3] INFO  server.RaftServerConfigKeys (ConfUtils.java:logGet(46)) - raft.server.staging.catchup.gap = 1000 (default)
2023-02-14 08:17:23,861 [f91196cd-4755-4cf6-996a-4ead370c0744@group-123277D10A4C-LeaderElection3] INFO  server.RaftServerConfigKeys (ConfUtils.java:logGet(46)) - raft.server.write.element-limit = 1024 (custom)
2023-02-14 08:17:23,861 [f91196cd-4755-4cf6-996a-4ead370c0744@group-123277D10A4C-LeaderElection3] INFO  server.RaftServerConfigKeys (ConfUtils.java:logGet(46)) - raft.server.write.byte-limit = 1024 M (=1073741824) (custom)
2023-02-14 08:17:23,861 [f91196cd-4755-4cf6-996a-4ead370c0744@group-123277D10A4C-LeaderElection3] INFO  server.RaftServerConfigKeys (ConfUtils.java:logGet(46)) - raft.server.watch.timeout = 180s (custom)
2023-02-14 08:17:23,861 [f91196cd-4755-4cf6-996a-4ead370c0744@group-123277D10A4C-LeaderElection3] INFO  server.RaftServerConfigKeys (ConfUtils.java:logGet(46)) - raft.server.watch.timeout.denomination = 1s (default)
2023-02-14 08:17:23,861 [f91196cd-4755-4cf6-996a-4ead370c0744@group-123277D10A4C-LeaderElection3] INFO  server.RaftServerConfigKeys (ConfUtils.java:logGet(46)) - raft.server.watch.element-limit = 65536 (default)
2023-02-14 08:17:23,861 [f91196cd-4755-4cf6-996a-4ead370c0744@group-123277D10A4C-LeaderElection3] INFO  server.RaftServerConfigKeys (ConfUtils.java:logGet(46)) - raft.server.write.element-limit = 1024 (custom)
2023-02-14 08:17:23,861 [f91196cd-4755-4cf6-996a-4ead370c0744@group-123277D10A4C-LeaderElection3] INFO  server.RaftServerConfigKeys (ConfUtils.java:logGet(46)) - raft.server.write.follower.gap.ratio.max = -1.0 (default)
2023-02-14 08:17:23,863 [EventQueue-PipelineReportForPipelineReportHandler] INFO  pipeline.PipelineManagerImpl (PipelineManagerImpl.java:openPipeline(367)) - Pipeline Pipeline[ Id: 17bd0d4e-b858-4960-8a30-123277d10a4c, Nodes: 36e1e605-60e1-4f03-904e-89ea76d9efd4(fv-az476-382.2mevl5kwmm3ezivwarakluutxb.phxx.internal.cloudapp.net/10.1.0.19)3f6fb327-55b5-41b7-853a-8e3dfa7d6293(fv-az476-382.2mevl5kwmm3ezivwarakluutxb.phxx.internal.cloudapp.net/10.1.0.19)f91196cd-4755-4cf6-996a-4ead370c0744(fv-az476-382.2mevl5kwmm3ezivwarakluutxb.phxx.internal.cloudapp.net/10.1.0.19), ReplicationConfig: RATIS/THREE, State:ALLOCATED, leaderId:f91196cd-4755-4cf6-996a-4ead370c0744, CreationTimestamp2023-02-14T08:17:16.422Z[Etc/UTC]] moved to OPEN state
2023-02-14 08:17:23,864 [grpc-default-executor-1] INFO  server.RaftServer$Division (RaftServerImpl.java:requestVote(1218)) - 36e1e605-60e1-4f03-904e-89ea76d9efd4@group-123277D10A4C: receive requestVote(ELECTION, f91196cd-4755-4cf6-996a-4ead370c0744, group-123277D10A4C, 1, (t:0, i:0))
2023-02-14 08:17:23,865 [EventQueue-OpenPipelineForHealthyPipelineSafeModeRule] INFO  safemode.SCMSafeModeManager (HealthyPipelineSafeModeRule.java:process(137)) - SCM in safe mode. Healthy pipelines reported count is 1, required healthy pipeline reported count is 1
2023-02-14 08:17:23,867 [EventQueue-OpenPipelineForHealthyPipelineSafeModeRule] INFO  safemode.SCMSafeModeManager (SCMSafeModeManager.java:validateSafeModeExitRules(200)) - HealthyPipelineSafeModeRule rule is successfully validated
2023-02-14 08:17:23,867 [EventQueue-OpenPipelineForHealthyPipelineSafeModeRule] INFO  safemode.SCMSafeModeManager (SCMSafeModeManager.java:validateSafeModeExitRules(215)) - ScmSafeModeManager, all rules are successfully validated
2023-02-14 08:17:23,864 [grpc-default-executor-1] INFO  impl.VoteContext (VoteContext.java:log(49)) - 36e1e605-60e1-4f03-904e-89ea76d9efd4@group-123277D10A4C-FOLLOWER: accept ELECTION from f91196cd-4755-4cf6-996a-4ead370c0744: our priority 0 <= candidate's priority 1
2023-02-14 08:17:23,867 [EventQueue-OpenPipelineForHealthyPipelineSafeModeRule] INFO  safemode.SCMSafeModeManager (SCMSafeModeManager.java:exitSafeMode(244)) - SCM exiting safe mode.
2023-02-14 08:17:23,867 [grpc-default-executor-1] INFO  server.RaftServer$Division (RaftServerImpl.java:setRole(321)) - 36e1e605-60e1-4f03-904e-89ea76d9efd4@group-123277D10A4C: changes role from  FOLLOWER to FOLLOWER at term 1 for candidate:f91196cd-4755-4cf6-996a-4ead370c0744
2023-02-14 08:17:23,867 [EventQueue-OpenPipelineForHealthyPipelineSafeModeRule] INFO  ha.SCMContext (SCMContext.java:updateSafeModeStatus(228)) - Update SafeModeStatus from SafeModeStatus{safeModeStatus=true, preCheckPassed=true} to SafeModeStatus{safeModeStatus=false, preCheckPassed=true}.
2023-02-14 08:17:23,867 [grpc-default-executor-1] INFO  impl.RoleInfo (RoleInfo.java:shutdownFollowerState(110)) - 36e1e605-60e1-4f03-904e-89ea76d9efd4: shutdown 36e1e605-60e1-4f03-904e-89ea76d9efd4@group-123277D10A4C-FollowerState
2023-02-14 08:17:23,867 [EventQueue-OpenPipelineForHealthyPipelineSafeModeRule] INFO  pipeline.BackgroundPipelineCreator (BackgroundPipelineCreator.java:notifyStatusChanged(254)) - Service BackgroundPipelineCreator transitions to RUNNING.
2023-02-14 08:17:23,867 [EventQueue-OpenPipelineForHealthyPipelineSafeModeRule] INFO  BackgroundPipelineScrubber (BackgroundSCMService.java:notifyStatusChanged(82)) - Service BackgroundPipelineScrubber transitions to RUNNING.
2023-02-14 08:17:23,867 [EventQueue-OpenPipelineForHealthyPipelineSafeModeRule] INFO  ExpiredContainerReplicaOpScrubber (BackgroundSCMService.java:notifyStatusChanged(82)) - Service ExpiredContainerReplicaOpScrubber transitions to RUNNING.
2023-02-14 08:17:23,867 [EventQueue-OpenPipelineForHealthyPipelineSafeModeRule] INFO  replication.ReplicationManager (ReplicationManager.java:notifyStatusChanged(1001)) - Service ReplicationManager transitions to RUNNING.
2023-02-14 08:17:23,868 [36e1e605-60e1-4f03-904e-89ea76d9efd4@group-123277D10A4C-FollowerState] INFO  impl.FollowerState (FollowerState.java:run(152)) - 36e1e605-60e1-4f03-904e-89ea76d9efd4@group-123277D10A4C-FollowerState was interrupted
2023-02-14 08:17:23,871 [EventQueue-OpenPipelineForHealthyPipelineSafeModeRule] WARN  balancer.ContainerBalancer (ContainerBalancer.java:shouldRun(131)) - Could not find persisted configuration for ContainerBalancer when checking if ContainerBalancer should run. ContainerBalancer should not run now.
2023-02-14 08:17:23,871 [grpc-default-executor-1] INFO  impl.RoleInfo (RoleInfo.java:updateAndGet(139)) - 36e1e605-60e1-4f03-904e-89ea76d9efd4: start 36e1e605-60e1-4f03-904e-89ea76d9efd4@group-123277D10A4C-FollowerState
2023-02-14 08:17:23,873 [36e1e605-60e1-4f03-904e-89ea76d9efd4@group-123277D10A4C-FollowerState] INFO  server.RaftServerConfigKeys (ConfUtils.java:logFallback(53)) - raft.server.rpc.first-election.timeout.min = 5s (fallback to raft.server.rpc.timeout.min)
2023-02-14 08:17:23,873 [36e1e605-60e1-4f03-904e-89ea76d9efd4@group-123277D10A4C-FollowerState] INFO  server.RaftServerConfigKeys (ConfUtils.java:logFallback(53)) - raft.server.rpc.first-election.timeout.max = 5200ms (fallback to raft.server.rpc.timeout.max)
2023-02-14 08:17:23,874 [grpc-default-executor-1] INFO  server.RaftServer$Division (RaftServerImpl.java:requestVote(1251)) - 36e1e605-60e1-4f03-904e-89ea76d9efd4@group-123277D10A4C replies to ELECTION vote request: f91196cd-4755-4cf6-996a-4ead370c0744<-36e1e605-60e1-4f03-904e-89ea76d9efd4#0:OK-t1. Peer's state: 36e1e605-60e1-4f03-904e-89ea76d9efd4@group-123277D10A4C:t1, leader=null, voted=f91196cd-4755-4cf6-996a-4ead370c0744, raftlog=Memoized:36e1e605-60e1-4f03-904e-89ea76d9efd4@group-123277D10A4C-SegmentedRaftLog:OPENED:c-1, conf=-1: peers:[f91196cd-4755-4cf6-996a-4ead370c0744|rpc:10.1.0.19:34709|dataStream:10.1.0.19:38337|priority:1|startupRole:FOLLOWER, 3f6fb327-55b5-41b7-853a-8e3dfa7d6293|rpc:10.1.0.19:43559|dataStream:10.1.0.19:43503|priority:0|startupRole:FOLLOWER, 36e1e605-60e1-4f03-904e-89ea76d9efd4|rpc:10.1.0.19:42805|dataStream:10.1.0.19:41129|priority:0|startupRole:FOLLOWER]|listeners:[], old=null
2023-02-14 08:17:23,879 [f91196cd-4755-4cf6-996a-4ead370c0744@group-123277D10A4C-LeaderElection3] INFO  server.RaftServerConfigKeys (ConfUtils.java:logGet(46)) - raft.server.log.appender.snapshot.chunk.size.max = 16MB (=16777216) (default)
2023-02-14 08:17:23,879 [f91196cd-4755-4cf6-996a-4ead370c0744@group-123277D10A4C-LeaderElection3] INFO  server.RaftServerConfigKeys (ConfUtils.java:logGet(46)) - raft.server.log.appender.buffer.byte-limit = 33554432 (custom)
2023-02-14 08:17:23,880 [f91196cd-4755-4cf6-996a-4ead370c0744@group-123277D10A4C-LeaderElection3] INFO  server.RaftServerConfigKeys (ConfUtils.java:logGet(46)) - raft.server.log.appender.buffer.element-limit = 1 (custom)
2023-02-14 08:17:23,883 [f91196cd-4755-4cf6-996a-4ead370c0744@group-123277D10A4C-LeaderElection3] INFO  grpc.GrpcConfigKeys (ConfUtils.java:logGet(46)) - raft.grpc.server.leader.outstanding.appends.max = 128 (default)
2023-02-14 08:17:23,883 [f91196cd-4755-4cf6-996a-4ead370c0744@group-123277D10A4C-LeaderElection3] INFO  server.RaftServerConfigKeys (ConfUtils.java:logGet(46)) - raft.server.rpc.request.timeout = 60s (custom)
2023-02-14 08:17:23,883 [f91196cd-4755-4cf6-996a-4ead370c0744@group-123277D10A4C-LeaderElection3] INFO  server.RaftServerConfigKeys (ConfUtils.java:logGet(46)) - raft.server.log.appender.install.snapshot.enabled = false (custom)
2023-02-14 08:17:23,883 [f91196cd-4755-4cf6-996a-4ead370c0744@group-123277D10A4C-LeaderElection3] INFO  grpc.GrpcConfigKeys (ConfUtils.java:logGet(46)) - raft.grpc.server.heartbeat.channel = true (default)
2023-02-14 08:17:23,883 [f91196cd-4755-4cf6-996a-4ead370c0744@group-123277D10A4C-LeaderElection3] INFO  server.RaftServerConfigKeys (ConfUtils.java:logGet(46)) - raft.server.log.appender.wait-time.min = 10ms (default)
2023-02-14 08:17:23,886 [f91196cd-4755-4cf6-996a-4ead370c0744@group-123277D10A4C-LeaderElection3] INFO  server.RaftServerConfigKeys (ConfUtils.java:logGet(46)) - raft.server.log.appender.snapshot.chunk.size.max = 16MB (=16777216) (default)
2023-02-14 08:17:23,886 [f91196cd-4755-4cf6-996a-4ead370c0744@group-123277D10A4C-LeaderElection3] INFO  server.RaftServerConfigKeys (ConfUtils.java:logGet(46)) - raft.server.log.appender.buffer.byte-limit = 33554432 (custom)
2023-02-14 08:17:23,886 [f91196cd-4755-4cf6-996a-4ead370c0744@group-123277D10A4C-LeaderElection3] INFO  server.RaftServerConfigKeys (ConfUtils.java:logGet(46)) - raft.server.log.appender.buffer.element-limit = 1 (custom)
2023-02-14 08:17:23,886 [f91196cd-4755-4cf6-996a-4ead370c0744@group-123277D10A4C-LeaderElection3] INFO  grpc.GrpcConfigKeys (ConfUtils.java:logGet(46)) - raft.grpc.server.leader.outstanding.appends.max = 128 (default)
2023-02-14 08:17:23,886 [f91196cd-4755-4cf6-996a-4ead370c0744@group-123277D10A4C-LeaderElection3] INFO  server.RaftServerConfigKeys (ConfUtils.java:logGet(46)) - raft.server.rpc.request.timeout = 60s (custom)
2023-02-14 08:17:23,886 [f91196cd-4755-4cf6-996a-4ead370c0744@group-123277D10A4C-LeaderElection3] INFO  server.RaftServerConfigKeys (ConfUtils.java:logGet(46)) - raft.server.log.appender.install.snapshot.enabled = false (custom)
2023-02-14 08:17:23,886 [f91196cd-4755-4cf6-996a-4ead370c0744@group-123277D10A4C-LeaderElection3] INFO  grpc.GrpcConfigKeys (ConfUtils.java:logGet(46)) - raft.grpc.server.heartbeat.channel = true (default)
2023-02-14 08:17:23,886 [f91196cd-4755-4cf6-996a-4ead370c0744@group-123277D10A4C-LeaderElection3] INFO  server.RaftServerConfigKeys (ConfUtils.java:logGet(46)) - raft.server.log.appender.wait-time.min = 10ms (default)
2023-02-14 08:17:23,887 [f91196cd-4755-4cf6-996a-4ead370c0744@group-123277D10A4C-LeaderElection3] INFO  impl.RoleInfo (RoleInfo.java:updateAndGet(139)) - f91196cd-4755-4cf6-996a-4ead370c0744: start f91196cd-4755-4cf6-996a-4ead370c0744@group-123277D10A4C-LeaderStateImpl
2023-02-14 08:17:23,887 [f91196cd-4755-4cf6-996a-4ead370c0744@group-123277D10A4C-LeaderElection3] INFO  segmented.SegmentedRaftLogWorker (SegmentedRaftLogWorker.java:startLogSegment(452)) - f91196cd-4755-4cf6-996a-4ead370c0744@group-123277D10A4C-SegmentedRaftLogWorker: Starting segment from index:0
2023-02-14 08:17:23,888 [f91196cd-4755-4cf6-996a-4ead370c0744@group-123277D10A4C-SegmentedRaftLogWorker] INFO  segmented.SegmentedRaftLogWorker (SegmentedRaftLogWorker.java:execute(656)) - f91196cd-4755-4cf6-996a-4ead370c0744@group-123277D10A4C-SegmentedRaftLogWorker: created new log segment /home/runner/work/ozone/ozone/hadoop-ozone/integration-test/target/test-dir/MiniOzoneClusterImpl-b6fac55f-b4cf-4cde-8675-802fd5a9473d/datanode-0/data/ratis/17bd0d4e-b858-4960-8a30-123277d10a4c/current/log_inprogress_0
2023-02-14 08:17:23,895 [f91196cd-4755-4cf6-996a-4ead370c0744@group-123277D10A4C-LeaderElection3] INFO  server.RaftServer$Division (ServerState.java:setRaftConf(430)) - f91196cd-4755-4cf6-996a-4ead370c0744@group-123277D10A4C: set configuration 0: peers:[f91196cd-4755-4cf6-996a-4ead370c0744|rpc:10.1.0.19:34709|dataStream:10.1.0.19:38337|priority:1|startupRole:FOLLOWER, 3f6fb327-55b5-41b7-853a-8e3dfa7d6293|rpc:10.1.0.19:43559|dataStream:10.1.0.19:43503|priority:0|startupRole:FOLLOWER, 36e1e605-60e1-4f03-904e-89ea76d9efd4|rpc:10.1.0.19:42805|dataStream:10.1.0.19:41129|priority:0|startupRole:FOLLOWER]|listeners:[], old=null
2023-02-14 08:17:23,934 [36e1e605-60e1-4f03-904e-89ea76d9efd4-server-thread1] INFO  ratis.XceiverServerRatis (XceiverServerRatis.java:handleLeaderChangedNotification(905)) - Leader change notification received for group: group-123277D10A4C with new leaderId: f91196cd-4755-4cf6-996a-4ead370c0744
2023-02-14 08:17:23,935 [36e1e605-60e1-4f03-904e-89ea76d9efd4-server-thread1] INFO  server.RaftServer$Division (ServerState.java:setLeader(313)) - 36e1e605-60e1-4f03-904e-89ea76d9efd4@group-123277D10A4C: change Leader from null to f91196cd-4755-4cf6-996a-4ead370c0744 at term 1 for appendEntries, leader elected after 5012ms
2023-02-14 08:17:23,938 [3f6fb327-55b5-41b7-853a-8e3dfa7d6293-server-thread2] INFO  ratis.XceiverServerRatis (XceiverServerRatis.java:handleLeaderChangedNotification(905)) - Leader change notification received for group: group-123277D10A4C with new leaderId: f91196cd-4755-4cf6-996a-4ead370c0744
2023-02-14 08:17:23,939 [3f6fb327-55b5-41b7-853a-8e3dfa7d6293-server-thread2] INFO  server.RaftServer$Division (ServerState.java:setLeader(313)) - 3f6fb327-55b5-41b7-853a-8e3dfa7d6293@group-123277D10A4C: change Leader from null to f91196cd-4755-4cf6-996a-4ead370c0744 at term 1 for appendEntries, leader elected after 4938ms
2023-02-14 08:17:23,947 [3f6fb327-55b5-41b7-853a-8e3dfa7d6293-server-thread1] INFO  server.RaftServer$Division (ServerState.java:setRaftConf(430)) - 3f6fb327-55b5-41b7-853a-8e3dfa7d6293@group-123277D10A4C: set configuration 0: peers:[f91196cd-4755-4cf6-996a-4ead370c0744|rpc:10.1.0.19:34709|dataStream:10.1.0.19:38337|priority:1|startupRole:FOLLOWER, 3f6fb327-55b5-41b7-853a-8e3dfa7d6293|rpc:10.1.0.19:43559|dataStream:10.1.0.19:43503|priority:0|startupRole:FOLLOWER, 36e1e605-60e1-4f03-904e-89ea76d9efd4|rpc:10.1.0.19:42805|dataStream:10.1.0.19:41129|priority:0|startupRole:FOLLOWER]|listeners:[], old=null
2023-02-14 08:17:23,948 [3f6fb327-55b5-41b7-853a-8e3dfa7d6293-server-thread1] INFO  segmented.SegmentedRaftLogWorker (SegmentedRaftLogWorker.java:startLogSegment(452)) - 3f6fb327-55b5-41b7-853a-8e3dfa7d6293@group-123277D10A4C-SegmentedRaftLogWorker: Starting segment from index:0
2023-02-14 08:17:23,949 [3f6fb327-55b5-41b7-853a-8e3dfa7d6293@group-123277D10A4C-SegmentedRaftLogWorker] INFO  segmented.SegmentedRaftLogWorker (SegmentedRaftLogWorker.java:execute(656)) - 3f6fb327-55b5-41b7-853a-8e3dfa7d6293@group-123277D10A4C-SegmentedRaftLogWorker: created new log segment /home/runner/work/ozone/ozone/hadoop-ozone/integration-test/target/test-dir/MiniOzoneClusterImpl-b6fac55f-b4cf-4cde-8675-802fd5a9473d/datanode-2/data/ratis/17bd0d4e-b858-4960-8a30-123277d10a4c/current/log_inprogress_0
2023-02-14 08:17:23,951 [36e1e605-60e1-4f03-904e-89ea76d9efd4-server-thread3] INFO  server.RaftServer$Division (ServerState.java:setRaftConf(430)) - 36e1e605-60e1-4f03-904e-89ea76d9efd4@group-123277D10A4C: set configuration 0: peers:[f91196cd-4755-4cf6-996a-4ead370c0744|rpc:10.1.0.19:34709|dataStream:10.1.0.19:38337|priority:1|startupRole:FOLLOWER, 3f6fb327-55b5-41b7-853a-8e3dfa7d6293|rpc:10.1.0.19:43559|dataStream:10.1.0.19:43503|priority:0|startupRole:FOLLOWER, 36e1e605-60e1-4f03-904e-89ea76d9efd4|rpc:10.1.0.19:42805|dataStream:10.1.0.19:41129|priority:0|startupRole:FOLLOWER]|listeners:[], old=null
2023-02-14 08:17:23,951 [36e1e605-60e1-4f03-904e-89ea76d9efd4-server-thread3] INFO  segmented.SegmentedRaftLogWorker (SegmentedRaftLogWorker.java:startLogSegment(452)) - 36e1e605-60e1-4f03-904e-89ea76d9efd4@group-123277D10A4C-SegmentedRaftLogWorker: Starting segment from index:0
2023-02-14 08:17:23,953 [36e1e605-60e1-4f03-904e-89ea76d9efd4@group-123277D10A4C-SegmentedRaftLogWorker] INFO  segmented.SegmentedRaftLogWorker (SegmentedRaftLogWorker.java:execute(656)) - 36e1e605-60e1-4f03-904e-89ea76d9efd4@group-123277D10A4C-SegmentedRaftLogWorker: created new log segment /home/runner/work/ozone/ozone/hadoop-ozone/integration-test/target/test-dir/MiniOzoneClusterImpl-b6fac55f-b4cf-4cde-8675-802fd5a9473d/datanode-1/data/ratis/17bd0d4e-b858-4960-8a30-123277d10a4c/current/log_inprogress_0
2023-02-14 08:17:24,100 [Listener at 127.0.0.1/34711] INFO  ozone.MiniOzoneClusterImpl (MiniOzoneClusterImpl.java:lambda$waitForClusterToBeReady$0(218)) - Nodes are ready. Got 5 of 5 DN Heartbeats.
2023-02-14 08:17:24,100 [Listener at 127.0.0.1/34711] INFO  ozone.MiniOzoneClusterImpl (MiniOzoneClusterImpl.java:lambda$waitForClusterToBeReady$0(221)) - Cluster exits safe mode
2023-02-14 08:17:24,100 [Listener at 127.0.0.1/34711] INFO  ozone.MiniOzoneClusterImpl (MiniOzoneClusterImpl.java:lambda$waitForClusterToBeReady$0(223)) - SCM became leader
2023-02-14 08:17:24,105 [f91196cd-4755-4cf6-996a-4ead370c0744@group-A6E1FC536E89-FollowerState] INFO  impl.FollowerState (FollowerState.java:run(143)) - f91196cd-4755-4cf6-996a-4ead370c0744@group-A6E1FC536E89-FollowerState: change to CANDIDATE, lastRpcElapsedTime:5038296063ns, electionTimeout:5034ms
2023-02-14 08:17:24,105 [f91196cd-4755-4cf6-996a-4ead370c0744@group-A6E1FC536E89-FollowerState] INFO  impl.RoleInfo (RoleInfo.java:shutdownFollowerState(110)) - f91196cd-4755-4cf6-996a-4ead370c0744: shutdown f91196cd-4755-4cf6-996a-4ead370c0744@group-A6E1FC536E89-FollowerState
2023-02-14 08:17:24,105 [f91196cd-4755-4cf6-996a-4ead370c0744@group-A6E1FC536E89-FollowerState] INFO  server.RaftServer$Division (RaftServerImpl.java:setRole(321)) - f91196cd-4755-4cf6-996a-4ead370c0744@group-A6E1FC536E89: changes role from  FOLLOWER to CANDIDATE at term 0 for changeToCandidate
2023-02-14 08:17:24,111 [f91196cd-4755-4cf6-996a-4ead370c0744@group-A6E1FC536E89-FollowerState] INFO  server.RaftServerConfigKeys (ConfUtils.java:logGet(46)) - raft.server.leaderelection.pre-vote = false (custom)
2023-02-14 08:17:24,111 [f91196cd-4755-4cf6-996a-4ead370c0744@group-A6E1FC536E89-FollowerState] INFO  impl.RoleInfo (RoleInfo.java:updateAndGet(139)) - f91196cd-4755-4cf6-996a-4ead370c0744: start f91196cd-4755-4cf6-996a-4ead370c0744@group-A6E1FC536E89-LeaderElection4
2023-02-14 08:17:24,120 [f91196cd-4755-4cf6-996a-4ead370c0744@group-A6E1FC536E89-LeaderElection4] INFO  impl.LeaderElection (LeaderElection.java:askForVotes(312)) - f91196cd-4755-4cf6-996a-4ead370c0744@group-A6E1FC536E89-LeaderElection4 ELECTION round 0: submit vote requests at term 1 for -1: peers:[f91196cd-4755-4cf6-996a-4ead370c0744|rpc:10.1.0.19:34709|dataStream:10.1.0.19:38337|priority:0|startupRole:FOLLOWER, 3f6fb327-55b5-41b7-853a-8e3dfa7d6293|rpc:10.1.0.19:43559|dataStream:10.1.0.19:43503|priority:1|startupRole:FOLLOWER, 36e1e605-60e1-4f03-904e-89ea76d9efd4|rpc:10.1.0.19:42805|dataStream:10.1.0.19:41129|priority:0|startupRole:FOLLOWER]|listeners:[], old=null
2023-02-14 08:17:24,133 [f91196cd-4755-4cf6-996a-4ead370c0744@group-A6E1FC536E89-LeaderElection4] INFO  server.RaftServerConfigKeys (ConfUtils.java:logFallback(53)) - raft.server.rpc.first-election.timeout.min = 5s (fallback to raft.server.rpc.timeout.min)
2023-02-14 08:17:24,134 [f91196cd-4755-4cf6-996a-4ead370c0744@group-A6E1FC536E89-LeaderElection4] INFO  server.RaftServerConfigKeys (ConfUtils.java:logFallback(53)) - raft.server.rpc.first-election.timeout.max = 5200ms (fallback to raft.server.rpc.timeout.max)
2023-02-14 08:17:24,135 [grpc-default-executor-2] INFO  server.RaftServer$Division (RaftServerImpl.java:requestVote(1218)) - 3f6fb327-55b5-41b7-853a-8e3dfa7d6293@group-A6E1FC536E89: receive requestVote(ELECTION, f91196cd-4755-4cf6-996a-4ead370c0744, group-A6E1FC536E89, 1, (t:0, i:0))
2023-02-14 08:17:24,139 [grpc-default-executor-2] INFO  impl.VoteContext (VoteContext.java:log(49)) - 3f6fb327-55b5-41b7-853a-8e3dfa7d6293@group-A6E1FC536E89-FOLLOWER: reject ELECTION from f91196cd-4755-4cf6-996a-4ead370c0744: our priority 1 > candidate's priority 0
2023-02-14 08:17:24,139 [grpc-default-executor-2] INFO  server.RaftServer$Division (RaftServerImpl.java:setRole(321)) - 3f6fb327-55b5-41b7-853a-8e3dfa7d6293@group-A6E1FC536E89: changes role from  FOLLOWER to FOLLOWER at term 1 for candidate:f91196cd-4755-4cf6-996a-4ead370c0744
2023-02-14 08:17:24,139 [grpc-default-executor-2] INFO  impl.RoleInfo (RoleInfo.java:shutdownFollowerState(110)) - 3f6fb327-55b5-41b7-853a-8e3dfa7d6293: shutdown 3f6fb327-55b5-41b7-853a-8e3dfa7d6293@group-A6E1FC536E89-FollowerState
2023-02-14 08:17:24,139 [3f6fb327-55b5-41b7-853a-8e3dfa7d6293@group-A6E1FC536E89-FollowerState] INFO  impl.FollowerState (FollowerState.java:run(152)) - 3f6fb327-55b5-41b7-853a-8e3dfa7d6293@group-A6E1FC536E89-FollowerState was interrupted
2023-02-14 08:17:24,140 [grpc-default-executor-0] INFO  server.RaftServer$Division (RaftServerImpl.java:requestVote(1218)) - 36e1e605-60e1-4f03-904e-89ea76d9efd4@group-A6E1FC536E89: receive requestVote(ELECTION, f91196cd-4755-4cf6-996a-4ead370c0744, group-A6E1FC536E89, 1, (t:0, i:0))
2023-02-14 08:17:24,140 [grpc-default-executor-0] INFO  impl.VoteContext (VoteContext.java:log(49)) - 36e1e605-60e1-4f03-904e-89ea76d9efd4@group-A6E1FC536E89-FOLLOWER: accept ELECTION from f91196cd-4755-4cf6-996a-4ead370c0744: our priority 0 <= candidate's priority 0
2023-02-14 08:17:24,140 [grpc-default-executor-0] INFO  server.RaftServer$Division (RaftServerImpl.java:setRole(321)) - 36e1e605-60e1-4f03-904e-89ea76d9efd4@group-A6E1FC536E89: changes role from  FOLLOWER to FOLLOWER at term 1 for candidate:f91196cd-4755-4cf6-996a-4ead370c0744
2023-02-14 08:17:24,140 [grpc-default-executor-0] INFO  impl.RoleInfo (RoleInfo.java:shutdownFollowerState(110)) - 36e1e605-60e1-4f03-904e-89ea76d9efd4: shutdown 36e1e605-60e1-4f03-904e-89ea76d9efd4@group-A6E1FC536E89-FollowerState
2023-02-14 08:17:24,140 [grpc-default-executor-2] INFO  impl.RoleInfo (RoleInfo.java:updateAndGet(139)) - 3f6fb327-55b5-41b7-853a-8e3dfa7d6293: start 3f6fb327-55b5-41b7-853a-8e3dfa7d6293@group-A6E1FC536E89-FollowerState
2023-02-14 08:17:24,140 [36e1e605-60e1-4f03-904e-89ea76d9efd4@group-A6E1FC536E89-FollowerState] INFO  impl.FollowerState (FollowerState.java:run(152)) - 36e1e605-60e1-4f03-904e-89ea76d9efd4@group-A6E1FC536E89-FollowerState was interrupted
2023-02-14 08:17:24,153 [grpc-default-executor-0] INFO  impl.RoleInfo (RoleInfo.java:updateAndGet(139)) - 36e1e605-60e1-4f03-904e-89ea76d9efd4: start 36e1e605-60e1-4f03-904e-89ea76d9efd4@group-A6E1FC536E89-FollowerState
2023-02-14 08:17:24,154 [grpc-default-executor-2] INFO  server.RaftServer$Division (RaftServerImpl.java:requestVote(1251)) - 3f6fb327-55b5-41b7-853a-8e3dfa7d6293@group-A6E1FC536E89 replies to ELECTION vote request: f91196cd-4755-4cf6-996a-4ead370c0744<-3f6fb327-55b5-41b7-853a-8e3dfa7d6293#0:FAIL-t1. Peer's state: 3f6fb327-55b5-41b7-853a-8e3dfa7d6293@group-A6E1FC536E89:t1, leader=null, voted=null, raftlog=Memoized:3f6fb327-55b5-41b7-853a-8e3dfa7d6293@group-A6E1FC536E89-SegmentedRaftLog:OPENED:c-1, conf=-1: peers:[f91196cd-4755-4cf6-996a-4ead370c0744|rpc:10.1.0.19:34709|dataStream:10.1.0.19:38337|priority:0|startupRole:FOLLOWER, 3f6fb327-55b5-41b7-853a-8e3dfa7d6293|rpc:10.1.0.19:43559|dataStream:10.1.0.19:43503|priority:1|startupRole:FOLLOWER, 36e1e605-60e1-4f03-904e-89ea76d9efd4|rpc:10.1.0.19:42805|dataStream:10.1.0.19:41129|priority:0|startupRole:FOLLOWER]|listeners:[], old=null
2023-02-14 08:17:24,171 [3f6fb327-55b5-41b7-853a-8e3dfa7d6293@group-A6E1FC536E89-FollowerState] INFO  server.RaftServerConfigKeys (ConfUtils.java:logFallback(53)) - raft.server.rpc.first-election.timeout.min = 5s (fallback to raft.server.rpc.timeout.min)
2023-02-14 08:17:24,171 [3f6fb327-55b5-41b7-853a-8e3dfa7d6293@group-A6E1FC536E89-FollowerState] INFO  server.RaftServerConfigKeys (ConfUtils.java:logFallback(53)) - raft.server.rpc.first-election.timeout.max = 5200ms (fallback to raft.server.rpc.timeout.max)
2023-02-14 08:17:24,171 [grpc-default-executor-0] INFO  server.RaftServer$Division (RaftServerImpl.java:requestVote(1251)) - 36e1e605-60e1-4f03-904e-89ea76d9efd4@group-A6E1FC536E89 replies to ELECTION vote request: f91196cd-4755-4cf6-996a-4ead370c0744<-36e1e605-60e1-4f03-904e-89ea76d9efd4#0:OK-t1. Peer's state: 36e1e605-60e1-4f03-904e-89ea76d9efd4@group-A6E1FC536E89:t1, leader=null, voted=f91196cd-4755-4cf6-996a-4ead370c0744, raftlog=Memoized:36e1e605-60e1-4f03-904e-89ea76d9efd4@group-A6E1FC536E89-SegmentedRaftLog:OPENED:c-1, conf=-1: peers:[f91196cd-4755-4cf6-996a-4ead370c0744|rpc:10.1.0.19:34709|dataStream:10.1.0.19:38337|priority:0|startupRole:FOLLOWER, 3f6fb327-55b5-41b7-853a-8e3dfa7d6293|rpc:10.1.0.19:43559|dataStream:10.1.0.19:43503|priority:1|startupRole:FOLLOWER, 36e1e605-60e1-4f03-904e-89ea76d9efd4|rpc:10.1.0.19:42805|dataStream:10.1.0.19:41129|priority:0|startupRole:FOLLOWER]|listeners:[], old=null
2023-02-14 08:17:24,172 [f91196cd-4755-4cf6-996a-4ead370c0744@group-A6E1FC536E89-LeaderElection4] INFO  impl.LeaderElection (LeaderElection.java:logAndReturn(90)) - f91196cd-4755-4cf6-996a-4ead370c0744@group-A6E1FC536E89-LeaderElection4: ELECTION REJECTED received 1 response(s) and 0 exception(s):
2023-02-14 08:17:24,173 [f91196cd-4755-4cf6-996a-4ead370c0744@group-A6E1FC536E89-LeaderElection4] INFO  impl.LeaderElection (LeaderElection.java:logAndReturn(94)) -   Response 0: f91196cd-4755-4cf6-996a-4ead370c0744<-3f6fb327-55b5-41b7-853a-8e3dfa7d6293#0:FAIL-t1
2023-02-14 08:17:24,173 [f91196cd-4755-4cf6-996a-4ead370c0744@group-A6E1FC536E89-LeaderElection4] INFO  impl.LeaderElection (LeaderElection.java:askForVotes(314)) - f91196cd-4755-4cf6-996a-4ead370c0744@group-A6E1FC536E89-LeaderElection4 ELECTION round 0: result REJECTED
2023-02-14 08:17:24,173 [f91196cd-4755-4cf6-996a-4ead370c0744@group-A6E1FC536E89-LeaderElection4] INFO  server.RaftServer$Division (RaftServerImpl.java:setRole(321)) - f91196cd-4755-4cf6-996a-4ead370c0744@group-A6E1FC536E89: changes role from CANDIDATE to FOLLOWER at term 1 for REJECTED
2023-02-14 08:17:24,173 [f91196cd-4755-4cf6-996a-4ead370c0744@group-A6E1FC536E89-LeaderElection4] INFO  impl.RoleInfo (RoleInfo.java:shutdownLeaderElection(130)) - f91196cd-4755-4cf6-996a-4ead370c0744: shutdown f91196cd-4755-4cf6-996a-4ead370c0744@group-A6E1FC536E89-LeaderElection4
2023-02-14 08:17:24,172 [36e1e605-60e1-4f03-904e-89ea76d9efd4@group-A6E1FC536E89-FollowerState] INFO  server.RaftServerConfigKeys (ConfUtils.java:logFallback(53)) - raft.server.rpc.first-election.timeout.min = 5s (fallback to raft.server.rpc.timeout.min)
2023-02-14 08:17:24,173 [f91196cd-4755-4cf6-996a-4ead370c0744@group-A6E1FC536E89-LeaderElection4] INFO  impl.RoleInfo (RoleInfo.java:updateAndGet(139)) - f91196cd-4755-4cf6-996a-4ead370c0744: start f91196cd-4755-4cf6-996a-4ead370c0744@group-A6E1FC536E89-FollowerState
2023-02-14 08:17:24,174 [36e1e605-60e1-4f03-904e-89ea76d9efd4@group-A6E1FC536E89-FollowerState] INFO  server.RaftServerConfigKeys (ConfUtils.java:logFallback(53)) - raft.server.rpc.first-election.timeout.max = 5200ms (fallback to raft.server.rpc.timeout.max)
2023-02-14 08:17:24,179 [f91196cd-4755-4cf6-996a-4ead370c0744@group-A6E1FC536E89-FollowerState] INFO  server.RaftServerConfigKeys (ConfUtils.java:logFallback(53)) - raft.server.rpc.first-election.timeout.min = 5s (fallback to raft.server.rpc.timeout.min)
2023-02-14 08:17:24,179 [f91196cd-4755-4cf6-996a-4ead370c0744@group-A6E1FC536E89-FollowerState] INFO  server.RaftServerConfigKeys (ConfUtils.java:logFallback(53)) - raft.server.rpc.first-election.timeout.max = 5200ms (fallback to raft.server.rpc.timeout.max)
2023-02-14 08:17:24,269 [36e1e605-60e1-4f03-904e-89ea76d9efd4@group-A647BD31EF9B-FollowerState] INFO  impl.FollowerState (FollowerState.java:run(143)) - 36e1e605-60e1-4f03-904e-89ea76d9efd4@group-A647BD31EF9B-FollowerState: change to CANDIDATE, lastRpcElapsedTime:5194717195ns, electionTimeout:5191ms
2023-02-14 08:17:24,269 [36e1e605-60e1-4f03-904e-89ea76d9efd4@group-A647BD31EF9B-FollowerState] INFO  impl.RoleInfo (RoleInfo.java:shutdownFollowerState(110)) - 36e1e605-60e1-4f03-904e-89ea76d9efd4: shutdown 36e1e605-60e1-4f03-904e-89ea76d9efd4@group-A647BD31EF9B-FollowerState
2023-02-14 08:17:24,269 [36e1e605-60e1-4f03-904e-89ea76d9efd4@group-A647BD31EF9B-FollowerState] INFO  server.RaftServer$Division (RaftServerImpl.java:setRole(321)) - 36e1e605-60e1-4f03-904e-89ea76d9efd4@group-A647BD31EF9B: changes role from  FOLLOWER to CANDIDATE at term 0 for changeToCandidate
2023-02-14 08:17:24,270 [36e1e605-60e1-4f03-904e-89ea76d9efd4@group-A647BD31EF9B-FollowerState] INFO  server.RaftServerConfigKeys (ConfUtils.java:logGet(46)) - raft.server.leaderelection.pre-vote = false (custom)
2023-02-14 08:17:24,270 [36e1e605-60e1-4f03-904e-89ea76d9efd4@group-A647BD31EF9B-FollowerState] INFO  impl.RoleInfo (RoleInfo.java:updateAndGet(139)) - 36e1e605-60e1-4f03-904e-89ea76d9efd4: start 36e1e605-60e1-4f03-904e-89ea76d9efd4@group-A647BD31EF9B-LeaderElection5
2023-02-14 08:17:24,276 [36e1e605-60e1-4f03-904e-89ea76d9efd4@group-A647BD31EF9B-LeaderElection5] INFO  impl.LeaderElection (LeaderElection.java:askForVotes(312)) - 36e1e605-60e1-4f03-904e-89ea76d9efd4@group-A647BD31EF9B-LeaderElection5 ELECTION round 0: submit vote requests at term 1 for -1: peers:[36e1e605-60e1-4f03-904e-89ea76d9efd4|rpc:10.1.0.19:42805|dataStream:10.1.0.19:41129|priority:1|startupRole:FOLLOWER]|listeners:[], old=null
2023-02-14 08:17:24,276 [36e1e605-60e1-4f03-904e-89ea76d9efd4@group-A647BD31EF9B-LeaderElection5] INFO  impl.LeaderElection (LeaderElection.java:askForVotes(314)) - 36e1e605-60e1-4f03-904e-89ea76d9efd4@group-A647BD31EF9B-LeaderElection5 ELECTION round 0: result PASSED (term=1)
2023-02-14 08:17:24,276 [36e1e605-60e1-4f03-904e-89ea76d9efd4@group-A647BD31EF9B-LeaderElection5] INFO  impl.RoleInfo (RoleInfo.java:shutdownLeaderElection(130)) - 36e1e605-60e1-4f03-904e-89ea76d9efd4: shutdown 36e1e605-60e1-4f03-904e-89ea76d9efd4@group-A647BD31EF9B-LeaderElection5
2023-02-14 08:17:24,276 [36e1e605-60e1-4f03-904e-89ea76d9efd4@group-A647BD31EF9B-LeaderElection5] INFO  server.RaftServer$Division (RaftServerImpl.java:setRole(321)) - 36e1e605-60e1-4f03-904e-89ea76d9efd4@group-A647BD31EF9B: changes role from CANDIDATE to LEADER at term 1 for changeToLeader
2023-02-14 08:17:24,276 [36e1e605-60e1-4f03-904e-89ea76d9efd4@group-A647BD31EF9B-LeaderElection5] INFO  ratis.XceiverServerRatis (XceiverServerRatis.java:handleLeaderChangedNotification(905)) - Leader change notification received for group: group-A647BD31EF9B with new leaderId: 36e1e605-60e1-4f03-904e-89ea76d9efd4
2023-02-14 08:17:24,278 [36e1e605-60e1-4f03-904e-89ea76d9efd4@group-A647BD31EF9B-LeaderElection5] INFO  server.RaftServer$Division (ServerState.java:setLeader(313)) - 36e1e605-60e1-4f03-904e-89ea76d9efd4@group-A647BD31EF9B: change Leader from null to 36e1e605-60e1-4f03-904e-89ea76d9efd4 at term 1 for becomeLeader, leader elected after 5239ms
2023-02-14 08:17:24,278 [36e1e605-60e1-4f03-904e-89ea76d9efd4@group-A647BD31EF9B-LeaderElection5] INFO  server.RaftServerConfigKeys (ConfUtils.java:logGet(46)) - raft.server.staging.catchup.gap = 1000 (default)
2023-02-14 08:17:24,279 [36e1e605-60e1-4f03-904e-89ea76d9efd4@group-A647BD31EF9B-LeaderElection5] INFO  server.RaftServerConfigKeys (ConfUtils.java:logGet(46)) - raft.server.write.element-limit = 1024 (custom)
2023-02-14 08:17:24,279 [36e1e605-60e1-4f03-904e-89ea76d9efd4@group-A647BD31EF9B-LeaderElection5] INFO  server.RaftServerConfigKeys (ConfUtils.java:logGet(46)) - raft.server.write.byte-limit = 1024 M (=1073741824) (custom)
2023-02-14 08:17:24,279 [36e1e605-60e1-4f03-904e-89ea76d9efd4@group-A647BD31EF9B-LeaderElection5] INFO  server.RaftServerConfigKeys (ConfUtils.java:logGet(46)) - raft.server.watch.timeout = 180s (custom)
2023-02-14 08:17:24,279 [36e1e605-60e1-4f03-904e-89ea76d9efd4@group-A647BD31EF9B-LeaderElection5] INFO  server.RaftServerConfigKeys (ConfUtils.java:logGet(46)) - raft.server.watch.timeout.denomination = 1s (default)
2023-02-14 08:17:24,279 [36e1e605-60e1-4f03-904e-89ea76d9efd4@group-A647BD31EF9B-LeaderElection5] INFO  server.RaftServerConfigKeys (ConfUtils.java:logGet(46)) - raft.server.watch.element-limit = 65536 (default)
2023-02-14 08:17:24,279 [36e1e605-60e1-4f03-904e-89ea76d9efd4@group-A647BD31EF9B-LeaderElection5] INFO  server.RaftServerConfigKeys (ConfUtils.java:logGet(46)) - raft.server.write.element-limit = 1024 (custom)
2023-02-14 08:17:24,280 [36e1e605-60e1-4f03-904e-89ea76d9efd4@group-A647BD31EF9B-LeaderElection5] INFO  server.RaftServerConfigKeys (ConfUtils.java:logGet(46)) - raft.server.write.follower.gap.ratio.max = -1.0 (default)
2023-02-14 08:17:24,280 [36e1e605-60e1-4f03-904e-89ea76d9efd4@group-A647BD31EF9B-LeaderElection5] INFO  impl.RoleInfo (RoleInfo.java:updateAndGet(139)) - 36e1e605-60e1-4f03-904e-89ea76d9efd4: start 36e1e605-60e1-4f03-904e-89ea76d9efd4@group-A647BD31EF9B-LeaderStateImpl
2023-02-14 08:17:24,280 [36e1e605-60e1-4f03-904e-89ea76d9efd4@group-A647BD31EF9B-LeaderElection5] INFO  segmented.SegmentedRaftLogWorker (SegmentedRaftLogWorker.java:startLogSegment(452)) - 36e1e605-60e1-4f03-904e-89ea76d9efd4@group-A647BD31EF9B-SegmentedRaftLogWorker: Starting segment from index:0
2023-02-14 08:17:24,287 [36e1e605-60e1-4f03-904e-89ea76d9efd4@group-A647BD31EF9B-SegmentedRaftLogWorker] INFO  segmented.SegmentedRaftLogWorker (SegmentedRaftLogWorker.java:execute(656)) - 36e1e605-60e1-4f03-904e-89ea76d9efd4@group-A647BD31EF9B-SegmentedRaftLogWorker: created new log segment /home/runner/work/ozone/ozone/hadoop-ozone/integration-test/target/test-dir/MiniOzoneClusterImpl-b6fac55f-b4cf-4cde-8675-802fd5a9473d/datanode-1/data/ratis/c1d126bc-92f6-40e7-a743-a647bd31ef9b/current/log_inprogress_0
2023-02-14 08:17:24,287 [36e1e605-60e1-4f03-904e-89ea76d9efd4@group-A647BD31EF9B-LeaderElection5] INFO  server.RaftServer$Division (ServerState.java:setRaftConf(430)) - 36e1e605-60e1-4f03-904e-89ea76d9efd4@group-A647BD31EF9B: set configuration 0: peers:[36e1e605-60e1-4f03-904e-89ea76d9efd4|rpc:10.1.0.19:42805|dataStream:10.1.0.19:41129|priority:1|startupRole:FOLLOWER]|listeners:[], old=null
2023-02-14 08:17:24,492 [3f6fb327-55b5-41b7-853a-8e3dfa7d6293@group-5486C0D054BD-FollowerState] INFO  impl.FollowerState (FollowerState.java:run(143)) - 3f6fb327-55b5-41b7-853a-8e3dfa7d6293@group-5486C0D054BD-FollowerState: change to CANDIDATE, lastRpcElapsedTime:5062073937ns, electionTimeout:5061ms
2023-02-14 08:17:24,492 [3f6fb327-55b5-41b7-853a-8e3dfa7d6293@group-5486C0D054BD-FollowerState] INFO  impl.RoleInfo (RoleInfo.java:shutdownFollowerState(110)) - 3f6fb327-55b5-41b7-853a-8e3dfa7d6293: shutdown 3f6fb327-55b5-41b7-853a-8e3dfa7d6293@group-5486C0D054BD-FollowerState
2023-02-14 08:17:24,492 [3f6fb327-55b5-41b7-853a-8e3dfa7d6293@group-5486C0D054BD-FollowerState] INFO  server.RaftServer$Division (RaftServerImpl.java:setRole(321)) - 3f6fb327-55b5-41b7-853a-8e3dfa7d6293@group-5486C0D054BD: changes role from  FOLLOWER to CANDIDATE at term 0 for changeToCandidate
2023-02-14 08:17:24,493 [3f6fb327-55b5-41b7-853a-8e3dfa7d6293@group-5486C0D054BD-FollowerState] INFO  server.RaftServerConfigKeys (ConfUtils.java:logGet(46)) - raft.server.leaderelection.pre-vote = false (custom)
2023-02-14 08:17:24,493 [3f6fb327-55b5-41b7-853a-8e3dfa7d6293@group-5486C0D054BD-FollowerState] INFO  impl.RoleInfo (RoleInfo.java:updateAndGet(139)) - 3f6fb327-55b5-41b7-853a-8e3dfa7d6293: start 3f6fb327-55b5-41b7-853a-8e3dfa7d6293@group-5486C0D054BD-LeaderElection6
2023-02-14 08:17:24,500 [3f6fb327-55b5-41b7-853a-8e3dfa7d6293@group-5486C0D054BD-LeaderElection6] INFO  impl.LeaderElection (LeaderElection.java:askForVotes(312)) - 3f6fb327-55b5-41b7-853a-8e3dfa7d6293@group-5486C0D054BD-LeaderElection6 ELECTION round 0: submit vote requests at term 1 for -1: peers:[3f6fb327-55b5-41b7-853a-8e3dfa7d6293|rpc:10.1.0.19:43559|dataStream:10.1.0.19:43503|priority:1|startupRole:FOLLOWER]|listeners:[], old=null
2023-02-14 08:17:24,500 [3f6fb327-55b5-41b7-853a-8e3dfa7d6293@group-5486C0D054BD-LeaderElection6] INFO  impl.LeaderElection (LeaderElection.java:askForVotes(314)) - 3f6fb327-55b5-41b7-853a-8e3dfa7d6293@group-5486C0D054BD-LeaderElection6 ELECTION round 0: result PASSED (term=1)
2023-02-14 08:17:24,500 [3f6fb327-55b5-41b7-853a-8e3dfa7d6293@group-5486C0D054BD-LeaderElection6] INFO  impl.RoleInfo (RoleInfo.java:shutdownLeaderElection(130)) - 3f6fb327-55b5-41b7-853a-8e3dfa7d6293: shutdown 3f6fb327-55b5-41b7-853a-8e3dfa7d6293@group-5486C0D054BD-LeaderElection6
2023-02-14 08:17:24,501 [3f6fb327-55b5-41b7-853a-8e3dfa7d6293@group-5486C0D054BD-LeaderElection6] INFO  server.RaftServer$Division (RaftServerImpl.java:setRole(321)) - 3f6fb327-55b5-41b7-853a-8e3dfa7d6293@group-5486C0D054BD: changes role from CANDIDATE to LEADER at term 1 for changeToLeader
2023-02-14 08:17:24,501 [3f6fb327-55b5-41b7-853a-8e3dfa7d6293@group-5486C0D054BD-LeaderElection6] INFO  ratis.XceiverServerRatis (XceiverServerRatis.java:handleLeaderChangedNotification(905)) - Leader change notification received for group: group-5486C0D054BD with new leaderId: 3f6fb327-55b5-41b7-853a-8e3dfa7d6293
2023-02-14 08:17:24,501 [3f6fb327-55b5-41b7-853a-8e3dfa7d6293@group-5486C0D054BD-LeaderElection6] INFO  server.RaftServer$Division (ServerState.java:setLeader(313)) - 3f6fb327-55b5-41b7-853a-8e3dfa7d6293@group-5486C0D054BD: change Leader from null to 3f6fb327-55b5-41b7-853a-8e3dfa7d6293 at term 1 for becomeLeader, leader elected after 5083ms
2023-02-14 08:17:24,501 [3f6fb327-55b5-41b7-853a-8e3dfa7d6293@group-5486C0D054BD-LeaderElection6] INFO  server.RaftServerConfigKeys (ConfUtils.java:logGet(46)) - raft.server.staging.catchup.gap = 1000 (default)
2023-02-14 08:17:24,501 [3f6fb327-55b5-41b7-853a-8e3dfa7d6293@group-5486C0D054BD-LeaderElection6] INFO  server.RaftServerConfigKeys (ConfUtils.java:logGet(46)) - raft.server.write.element-limit = 1024 (custom)
2023-02-14 08:17:24,502 [3f6fb327-55b5-41b7-853a-8e3dfa7d6293@group-5486C0D054BD-LeaderElection6] INFO  server.RaftServerConfigKeys (ConfUtils.java:logGet(46)) - raft.server.write.byte-limit = 1024 M (=1073741824) (custom)
2023-02-14 08:17:24,504 [3f6fb327-55b5-41b7-853a-8e3dfa7d6293@group-5486C0D054BD-LeaderElection6] INFO  server.RaftServerConfigKeys (ConfUtils.java:logGet(46)) - raft.server.watch.timeout = 180s (custom)
2023-02-14 08:17:24,504 [3f6fb327-55b5-41b7-853a-8e3dfa7d6293@group-5486C0D054BD-LeaderElection6] INFO  server.RaftServerConfigKeys (ConfUtils.java:logGet(46)) - raft.server.watch.timeout.denomination = 1s (default)
2023-02-14 08:17:24,504 [3f6fb327-55b5-41b7-853a-8e3dfa7d6293@group-5486C0D054BD-LeaderElection6] INFO  server.RaftServerConfigKeys (ConfUtils.java:logGet(46)) - raft.server.watch.element-limit = 65536 (default)
2023-02-14 08:17:24,505 [3f6fb327-55b5-41b7-853a-8e3dfa7d6293@group-5486C0D054BD-LeaderElection6] INFO  server.RaftServerConfigKeys (ConfUtils.java:logGet(46)) - raft.server.write.element-limit = 1024 (custom)
2023-02-14 08:17:24,505 [3f6fb327-55b5-41b7-853a-8e3dfa7d6293@group-5486C0D054BD-LeaderElection6] INFO  server.RaftServerConfigKeys (ConfUtils.java:logGet(46)) - raft.server.write.follower.gap.ratio.max = -1.0 (default)
2023-02-14 08:17:24,505 [3f6fb327-55b5-41b7-853a-8e3dfa7d6293@group-5486C0D054BD-LeaderElection6] INFO  impl.RoleInfo (RoleInfo.java:updateAndGet(139)) - 3f6fb327-55b5-41b7-853a-8e3dfa7d6293: start 3f6fb327-55b5-41b7-853a-8e3dfa7d6293@group-5486C0D054BD-LeaderStateImpl
2023-02-14 08:17:24,505 [3f6fb327-55b5-41b7-853a-8e3dfa7d6293@group-5486C0D054BD-LeaderElection6] INFO  segmented.SegmentedRaftLogWorker (SegmentedRaftLogWorker.java:startLogSegment(452)) - 3f6fb327-55b5-41b7-853a-8e3dfa7d6293@group-5486C0D054BD-SegmentedRaftLogWorker: Starting segment from index:0
2023-02-14 08:17:24,506 [3f6fb327-55b5-41b7-853a-8e3dfa7d6293@group-5486C0D054BD-SegmentedRaftLogWorker] INFO  segmented.SegmentedRaftLogWorker (SegmentedRaftLogWorker.java:execute(656)) - 3f6fb327-55b5-41b7-853a-8e3dfa7d6293@group-5486C0D054BD-SegmentedRaftLogWorker: created new log segment /home/runner/work/ozone/ozone/hadoop-ozone/integration-test/target/test-dir/MiniOzoneClusterImpl-b6fac55f-b4cf-4cde-8675-802fd5a9473d/datanode-2/data/ratis/03e632fe-c106-4ff5-bc71-5486c0d054bd/current/log_inprogress_0
2023-02-14 08:17:24,517 [3f6fb327-55b5-41b7-853a-8e3dfa7d6293@group-5486C0D054BD-LeaderElection6] INFO  server.RaftServer$Division (ServerState.java:setRaftConf(430)) - 3f6fb327-55b5-41b7-853a-8e3dfa7d6293@group-5486C0D054BD: set configuration 0: peers:[3f6fb327-55b5-41b7-853a-8e3dfa7d6293|rpc:10.1.0.19:43559|dataStream:10.1.0.19:43503|priority:1|startupRole:FOLLOWER]|listeners:[], old=null
2023-02-14 08:17:24,613 [Listener at 127.0.0.1/34711] INFO  rpc.RpcClient (RpcClient.java:createVolume(476)) - Creating Volume: volume67802, with user19334 as owner and space quota set to -1 bytes, counts quota set to -1
2023-02-14 08:17:24,657 [OM StateMachine ApplyTransaction Thread - 0] INFO  volume.OMVolumeCreateRequest (OMVolumeCreateRequest.java:validateAndUpdateCache(195)) - created volume:volume67802 for user:user19334
2023-02-14 08:17:24,671 [Listener at 127.0.0.1/34711] INFO  rpc.RpcClient (RpcClient.java:createBucket(699)) - Creating Bucket: volume67802/bucket15311, with bucket layout LEGACY, runner as owner, Versioning false, Storage Type set to DISK and Encryption set to false, Replication Type set to server-side default replication type, Namespace Quota set to -1, Space Quota set to -1 
2023-02-14 08:17:24,687 [OM StateMachine ApplyTransaction Thread - 0] INFO  bucket.OMBucketCreateRequest (OMBucketCreateRequest.java:validateAndUpdateCache(263)) - created bucket: bucket15311 of layout LEGACY in volume: volume67802
]]></system-out>
  </testcase>
  <testcase name="testGetTrashRoot" classname="TestOzoneFileSystem" time="20.273">
    <system-out><![CDATA[2023-02-14 08:18:03,526 [Listener at 127.0.0.1/34711] INFO  ozone.MiniOzoneClusterImpl (MiniOzoneClusterImpl.java:shutdown(450)) - Shutting down the Mini Ozone Cluster
2023-02-14 08:18:03,526 [Listener at 127.0.0.1/34711] INFO  ozone.MiniOzoneClusterImpl (MiniOzoneClusterImpl.java:stop(465)) - Stopping the Mini Ozone Cluster
2023-02-14 08:18:03,526 [Listener at 127.0.0.1/34711] INFO  ozone.MiniOzoneClusterImpl (MiniOzoneClusterImpl.java:stopOM(547)) - Stopping the OzoneManager
2023-02-14 08:18:03,527 [Listener at 127.0.0.1/34711] INFO  om.OzoneManager (OzoneManager.java:stop(2139)) - om1[localhost:0]: Stopping Ozone Manager
2023-02-14 08:18:03,528 [Listener at 127.0.0.1/34711] INFO  ipc.Server (Server.java:stop(3428)) - Stopping server on 34711
2023-02-14 08:18:03,531 [IPC Server listener on 0] INFO  ipc.Server (Server.java:run(1384)) - Stopping IPC Server listener on 0
2023-02-14 08:18:03,531 [IPC Server Responder] INFO  ipc.Server (Server.java:run(1517)) - Stopping IPC Server Responder
2023-02-14 08:18:03,535 [Listener at 127.0.0.1/34711] INFO  server.RaftServer (RaftServerProxy.java:lambda$close$6(409)) - om1: close
2023-02-14 08:18:03,535 [om1-impl-thread1] INFO  server.RaftServer$Division (RaftServerImpl.java:lambda$close$4(458)) - om1@group-C5BA1605619E: shutdown
2023-02-14 08:18:03,536 [om1-impl-thread1] INFO  util.JmxRegister (JmxRegister.java:unregister(73)) - Successfully un-registered JMX Bean with object name Ratis:service=RaftServer,group=group-C5BA1605619E,id=om1
2023-02-14 08:18:03,536 [om1-impl-thread1] INFO  impl.RoleInfo (RoleInfo.java:shutdownLeaderState(93)) - om1: shutdown om1@group-C5BA1605619E-LeaderStateImpl
2023-02-14 08:18:03,536 [om1-impl-thread1] INFO  impl.PendingRequests (PendingRequests.java:sendNotLeaderResponses(282)) - om1@group-C5BA1605619E-PendingRequests: sendNotLeaderResponses
2023-02-14 08:18:03,538 [Listener at 127.0.0.1/34711] INFO  server.GrpcService (GrpcService.java:closeImpl(271)) - om1: shutdown server GrpcServerProtocolService now
2023-02-14 08:18:03,540 [om1-impl-thread1] INFO  impl.StateMachineUpdater (StateMachineUpdater.java:stopAndJoin(153)) - om1@group-C5BA1605619E-StateMachineUpdater: set stopIndex = 37010
2023-02-14 08:18:03,540 [om1@group-C5BA1605619E-StateMachineUpdater] INFO  ratis.OzoneManagerStateMachine (OzoneManagerStateMachine.java:takeSnapshot(445)) - Current Snapshot Index (t:1, i:37010)
2023-02-14 08:18:03,544 [Listener at 127.0.0.1/34711] INFO  server.GrpcService (GrpcService.java:closeImpl(280)) - om1: shutdown server GrpcServerProtocolService successfully
2023-02-14 08:18:03,576 [om1@group-C5BA1605619E-StateMachineUpdater] INFO  impl.StateMachineUpdater (StateMachineUpdater.java:takeSnapshot(287)) - om1@group-C5BA1605619E-StateMachineUpdater: Took a snapshot at index 37010
2023-02-14 08:18:03,577 [om1@group-C5BA1605619E-StateMachineUpdater] INFO  impl.StateMachineUpdater (StateMachineUpdater.java:lambda$new$0(92)) - om1@group-C5BA1605619E-StateMachineUpdater: snapshotIndex: updateIncreasingly -1 -> 37010
2023-02-14 08:18:03,577 [om1@group-C5BA1605619E-StateMachineUpdater] INFO  ratis.OzoneManagerStateMachine (OzoneManagerStateMachine.java:close(499)) - StateMachine has shutdown. Shutdown OzoneManager if not already shutdown.
2023-02-14 08:18:03,577 [om1@group-C5BA1605619E-StateMachineUpdater] INFO  ratis.OzoneManagerDoubleBuffer (OzoneManagerDoubleBuffer.java:stopDaemon(541)) - Stopping OMDoubleBuffer flush thread
2023-02-14 08:18:03,578 [OMDoubleBufferFlushThread] INFO  ratis.OzoneManagerDoubleBuffer (OzoneManagerDoubleBuffer.java:canFlush(626)) - OMDoubleBuffer flush thread OMDoubleBufferFlushThread is interrupted and will exit.
2023-02-14 08:18:03,579 [om1-impl-thread1] INFO  server.RaftServer$Division (ServerState.java:close(466)) - om1@group-C5BA1605619E: closes. applyIndex: 37010
2023-02-14 08:18:03,590 [om1@group-C5BA1605619E-SegmentedRaftLogWorker] INFO  segmented.SegmentedRaftLogWorker (SegmentedRaftLogWorker.java:run(347)) - om1@group-C5BA1605619E-SegmentedRaftLogWorker was interrupted, exiting. There are 0 tasks remaining in the queue.
2023-02-14 08:18:03,592 [om1-impl-thread1] INFO  segmented.SegmentedRaftLogWorker (SegmentedRaftLogWorker.java:close(257)) - om1@group-C5BA1605619E-SegmentedRaftLogWorker close()
2023-02-14 08:18:03,593 [JvmPauseMonitor0] INFO  util.JvmPauseMonitor (JvmPauseMonitor.java:run(111)) - JvmPauseMonitor-om1: Stopped
2023-02-14 08:18:03,593 [Listener at 127.0.0.1/34711] INFO  ratis.OzoneManagerStateMachine (OzoneManagerStateMachine.java:close(499)) - StateMachine has shutdown. Shutdown OzoneManager if not already shutdown.
2023-02-14 08:18:03,593 [Listener at 127.0.0.1/34711] INFO  ratis.OzoneManagerDoubleBuffer (OzoneManagerDoubleBuffer.java:stopDaemon(550)) - OMDoubleBuffer flush thread is not running.
2023-02-14 08:18:03,593 [Listener at 127.0.0.1/34711] INFO  utils.BackgroundService (BackgroundService.java:shutdown(141)) - Shutting down service KeyDeletingService
2023-02-14 08:18:03,594 [Listener at 127.0.0.1/34711] INFO  utils.BackgroundService (BackgroundService.java:shutdown(141)) - Shutting down service DirectoryDeletingService
2023-02-14 08:18:03,594 [Listener at 127.0.0.1/34711] INFO  utils.BackgroundService (BackgroundService.java:shutdown(141)) - Shutting down service OpenKeyCleanupService
2023-02-14 08:18:03,594 [Listener at 127.0.0.1/34711] INFO  utils.BackgroundService (BackgroundService.java:shutdown(141)) - Shutting down service SstFilteringService
2023-02-14 08:18:03,596 [Listener at 127.0.0.1/34711] INFO  handler.ContextHandler (ContextHandler.java:doStop(1159)) - Stopped o.e.j.w.WebAppContext@2ce33999{ozoneManager,/,null,STOPPED}{file:/home/runner/work/ozone/ozone/hadoop-ozone/integration-test/target/test-classes/webapps/ozoneManager}
2023-02-14 08:18:03,600 [Listener at 127.0.0.1/34711] INFO  server.AbstractConnector (AbstractConnector.java:doStop(383)) - Stopped ServerConnector@2efe360c{HTTP/1.1, (http/1.1)}{0.0.0.0:0}
2023-02-14 08:18:03,600 [Listener at 127.0.0.1/34711] INFO  server.session (HouseKeeper.java:stopScavenging(149)) - node0 Stopped scavenging
2023-02-14 08:18:03,600 [Listener at 127.0.0.1/34711] INFO  handler.ContextHandler (ContextHandler.java:doStop(1159)) - Stopped o.e.j.s.ServletContextHandler@68996698{static,/static,file:///home/runner/work/ozone/ozone/hadoop-ozone/integration-test/target/test-classes/webapps/static,STOPPED}
2023-02-14 08:18:03,601 [Listener at 127.0.0.1/34711] INFO  handler.ContextHandler (ContextHandler.java:doStop(1159)) - Stopped o.e.j.s.ServletContextHandler@7b86bf7c{logs,/logs,file:///home/runner/work/ozone/ozone/hadoop-ozone/integration-test/target/log,STOPPED}
2023-02-14 08:18:03,603 [Trash Emptier] ERROR om.TrashPolicyOzone (TrashPolicyOzone.java:run(350)) - Error attempting to shutdown
java.lang.InterruptedException
	at java.util.concurrent.locks.AbstractQueuedSynchronizer$ConditionObject.awaitNanos(AbstractQueuedSynchronizer.java:2067)
	at java.util.concurrent.ThreadPoolExecutor.awaitTermination(ThreadPoolExecutor.java:1475)
	at org.apache.hadoop.ozone.om.TrashPolicyOzone$Emptier.run(TrashPolicyOzone.java:348)
	at java.lang.Thread.run(Thread.java:750)
2023-02-14 08:18:03,612 [Listener at 127.0.0.1/34711] INFO  ozone.MiniOzoneClusterImpl (MiniOzoneClusterImpl.java:stopDatanodes(524)) - Stopping the HddsDatanodes
2023-02-14 08:18:03,617 [ForkJoinPool.commonPool-worker-0] INFO  ozoneimpl.OzoneContainer (OzoneContainer.java:stop(420)) - Attempting to stop container services.
2023-02-14 08:18:03,617 [Listener at 127.0.0.1/34711] INFO  ozoneimpl.OzoneContainer (OzoneContainer.java:stop(420)) - Attempting to stop container services.
2023-02-14 08:18:03,620 [Listener at 127.0.0.1/34711] INFO  server.RaftServer (RaftServerProxy.java:lambda$close$6(409)) - 3f6fb327-55b5-41b7-853a-8e3dfa7d6293: close
2023-02-14 08:18:03,620 [ForkJoinPool.commonPool-worker-0] INFO  server.RaftServer (RaftServerProxy.java:lambda$close$6(409)) - 36e1e605-60e1-4f03-904e-89ea76d9efd4: close
2023-02-14 08:18:03,620 [3f6fb327-55b5-41b7-853a-8e3dfa7d6293-impl-thread1] INFO  server.RaftServer$Division (RaftServerImpl.java:lambda$close$4(458)) - 3f6fb327-55b5-41b7-853a-8e3dfa7d6293@group-5486C0D054BD: shutdown
2023-02-14 08:18:03,620 [36e1e605-60e1-4f03-904e-89ea76d9efd4-impl-thread1] INFO  server.RaftServer$Division (RaftServerImpl.java:lambda$close$4(458)) - 36e1e605-60e1-4f03-904e-89ea76d9efd4@group-A647BD31EF9B: shutdown
2023-02-14 08:18:03,620 [3f6fb327-55b5-41b7-853a-8e3dfa7d6293-impl-thread1] INFO  util.JmxRegister (JmxRegister.java:unregister(73)) - Successfully un-registered JMX Bean with object name Ratis:service=RaftServer,group=group-5486C0D054BD,id=3f6fb327-55b5-41b7-853a-8e3dfa7d6293
2023-02-14 08:18:03,620 [36e1e605-60e1-4f03-904e-89ea76d9efd4-impl-thread1] INFO  util.JmxRegister (JmxRegister.java:unregister(73)) - Successfully un-registered JMX Bean with object name Ratis:service=RaftServer,group=group-A647BD31EF9B,id=36e1e605-60e1-4f03-904e-89ea76d9efd4
2023-02-14 08:18:03,620 [3f6fb327-55b5-41b7-853a-8e3dfa7d6293-impl-thread1] INFO  impl.RoleInfo (RoleInfo.java:shutdownLeaderState(93)) - 3f6fb327-55b5-41b7-853a-8e3dfa7d6293: shutdown 3f6fb327-55b5-41b7-853a-8e3dfa7d6293@group-5486C0D054BD-LeaderStateImpl
2023-02-14 08:18:03,620 [36e1e605-60e1-4f03-904e-89ea76d9efd4-impl-thread1] INFO  impl.RoleInfo (RoleInfo.java:shutdownLeaderState(93)) - 36e1e605-60e1-4f03-904e-89ea76d9efd4: shutdown 36e1e605-60e1-4f03-904e-89ea76d9efd4@group-A647BD31EF9B-LeaderStateImpl
2023-02-14 08:18:03,620 [3f6fb327-55b5-41b7-853a-8e3dfa7d6293-impl-thread1] INFO  impl.PendingRequests (PendingRequests.java:sendNotLeaderResponses(282)) - 3f6fb327-55b5-41b7-853a-8e3dfa7d6293@group-5486C0D054BD-PendingRequests: sendNotLeaderResponses
2023-02-14 08:18:03,621 [3f6fb327-55b5-41b7-853a-8e3dfa7d6293-impl-thread1] INFO  impl.StateMachineUpdater (StateMachineUpdater.java:stopAndJoin(153)) - 3f6fb327-55b5-41b7-853a-8e3dfa7d6293@group-5486C0D054BD-StateMachineUpdater: set stopIndex = 0
2023-02-14 08:18:03,621 [3f6fb327-55b5-41b7-853a-8e3dfa7d6293@group-5486C0D054BD-StateMachineUpdater] INFO  ratis.ContainerStateMachine (ContainerStateMachine.java:takeSnapshot(308)) - group-5486C0D054BD: Taking a snapshot at:(t:1, i:0) file /home/runner/work/ozone/ozone/hadoop-ozone/integration-test/target/test-dir/MiniOzoneClusterImpl-b6fac55f-b4cf-4cde-8675-802fd5a9473d/datanode-2/data/ratis/03e632fe-c106-4ff5-bc71-5486c0d054bd/sm/snapshot.1_0
2023-02-14 08:18:03,620 [36e1e605-60e1-4f03-904e-89ea76d9efd4-impl-thread1] INFO  impl.PendingRequests (PendingRequests.java:sendNotLeaderResponses(282)) - 36e1e605-60e1-4f03-904e-89ea76d9efd4@group-A647BD31EF9B-PendingRequests: sendNotLeaderResponses
2023-02-14 08:18:03,622 [36e1e605-60e1-4f03-904e-89ea76d9efd4-impl-thread1] INFO  impl.StateMachineUpdater (StateMachineUpdater.java:stopAndJoin(153)) - 36e1e605-60e1-4f03-904e-89ea76d9efd4@group-A647BD31EF9B-StateMachineUpdater: set stopIndex = 0
2023-02-14 08:18:03,622 [36e1e605-60e1-4f03-904e-89ea76d9efd4@group-A647BD31EF9B-StateMachineUpdater] INFO  ratis.ContainerStateMachine (ContainerStateMachine.java:takeSnapshot(308)) - group-A647BD31EF9B: Taking a snapshot at:(t:1, i:0) file /home/runner/work/ozone/ozone/hadoop-ozone/integration-test/target/test-dir/MiniOzoneClusterImpl-b6fac55f-b4cf-4cde-8675-802fd5a9473d/datanode-1/data/ratis/c1d126bc-92f6-40e7-a743-a647bd31ef9b/sm/snapshot.1_0
2023-02-14 08:18:03,630 [36e1e605-60e1-4f03-904e-89ea76d9efd4-impl-thread2] INFO  server.RaftServer$Division (RaftServerImpl.java:lambda$close$4(458)) - 36e1e605-60e1-4f03-904e-89ea76d9efd4@group-123277D10A4C: shutdown
2023-02-14 08:18:03,630 [36e1e605-60e1-4f03-904e-89ea76d9efd4-impl-thread2] INFO  util.JmxRegister (JmxRegister.java:unregister(73)) - Successfully un-registered JMX Bean with object name Ratis:service=RaftServer,group=group-123277D10A4C,id=36e1e605-60e1-4f03-904e-89ea76d9efd4
2023-02-14 08:18:03,630 [36e1e605-60e1-4f03-904e-89ea76d9efd4-impl-thread2] INFO  impl.RoleInfo (RoleInfo.java:shutdownFollowerState(110)) - 36e1e605-60e1-4f03-904e-89ea76d9efd4: shutdown 36e1e605-60e1-4f03-904e-89ea76d9efd4@group-123277D10A4C-FollowerState
2023-02-14 08:18:03,634 [3f6fb327-55b5-41b7-853a-8e3dfa7d6293-impl-thread2] INFO  server.RaftServer$Division (RaftServerImpl.java:lambda$close$4(458)) - 3f6fb327-55b5-41b7-853a-8e3dfa7d6293@group-123277D10A4C: shutdown
2023-02-14 08:18:03,634 [3f6fb327-55b5-41b7-853a-8e3dfa7d6293-impl-thread2] INFO  util.JmxRegister (JmxRegister.java:unregister(73)) - Successfully un-registered JMX Bean with object name Ratis:service=RaftServer,group=group-123277D10A4C,id=3f6fb327-55b5-41b7-853a-8e3dfa7d6293
2023-02-14 08:18:03,634 [3f6fb327-55b5-41b7-853a-8e3dfa7d6293-impl-thread2] INFO  impl.RoleInfo (RoleInfo.java:shutdownFollowerState(110)) - 3f6fb327-55b5-41b7-853a-8e3dfa7d6293: shutdown 3f6fb327-55b5-41b7-853a-8e3dfa7d6293@group-123277D10A4C-FollowerState
2023-02-14 08:18:03,640 [Listener at 127.0.0.1/34711] INFO  server.GrpcService (GrpcService.java:closeImpl(271)) - 3f6fb327-55b5-41b7-853a-8e3dfa7d6293: shutdown server GrpcServerProtocolService now
2023-02-14 08:18:03,640 [3f6fb327-55b5-41b7-853a-8e3dfa7d6293-impl-thread3] INFO  server.RaftServer$Division (RaftServerImpl.java:lambda$close$4(458)) - 3f6fb327-55b5-41b7-853a-8e3dfa7d6293@group-A6E1FC536E89: shutdown
2023-02-14 08:18:03,640 [36e1e605-60e1-4f03-904e-89ea76d9efd4-impl-thread2] INFO  impl.StateMachineUpdater (StateMachineUpdater.java:stopAndJoin(153)) - 36e1e605-60e1-4f03-904e-89ea76d9efd4@group-123277D10A4C-StateMachineUpdater: set stopIndex = 30
2023-02-14 08:18:03,640 [36e1e605-60e1-4f03-904e-89ea76d9efd4@group-123277D10A4C-FollowerState] INFO  impl.FollowerState (FollowerState.java:run(152)) - 36e1e605-60e1-4f03-904e-89ea76d9efd4@group-123277D10A4C-FollowerState was interrupted
2023-02-14 08:18:03,643 [ForkJoinPool.commonPool-worker-0] INFO  server.GrpcService (GrpcService.java:closeImpl(271)) - 36e1e605-60e1-4f03-904e-89ea76d9efd4: shutdown server GrpcServerProtocolService now
2023-02-14 08:18:03,643 [36e1e605-60e1-4f03-904e-89ea76d9efd4-impl-thread3] INFO  server.RaftServer$Division (RaftServerImpl.java:lambda$close$4(458)) - 36e1e605-60e1-4f03-904e-89ea76d9efd4@group-A6E1FC536E89: shutdown
2023-02-14 08:18:03,647 [ForkJoinPool.commonPool-worker-0] INFO  server.GrpcServerProtocolClient (GrpcServerProtocolClient.java:close(101)) - f91196cd-4755-4cf6-996a-4ead370c0744 Close channels
2023-02-14 08:18:03,648 [Listener at 127.0.0.1/34711] INFO  server.GrpcServerProtocolClient (GrpcServerProtocolClient.java:close(101)) - f91196cd-4755-4cf6-996a-4ead370c0744 Close channels
2023-02-14 08:18:03,650 [grpc-default-executor-4] WARN  server.GrpcServerProtocolService (LogUtils.java:warn(122)) - 36e1e605-60e1-4f03-904e-89ea76d9efd4: installSnapshot onError, lastRequest: f91196cd-4755-4cf6-996a-4ead370c0744->36e1e605-60e1-4f03-904e-89ea76d9efd4#408-t1,previous=(t:1, i:29),leaderCommit=28,initializing? true,entries: size=1, first=(t:1, i:30), METADATAENTRY(c:28): org.apache.ratis.thirdparty.io.grpc.StatusRuntimeException: CANCELLED: client cancelled
2023-02-14 08:18:03,654 [3f6fb327-55b5-41b7-853a-8e3dfa7d6293@group-123277D10A4C-FollowerState] INFO  impl.FollowerState (FollowerState.java:run(152)) - 3f6fb327-55b5-41b7-853a-8e3dfa7d6293@group-123277D10A4C-FollowerState was interrupted
2023-02-14 08:18:03,657 [3f6fb327-55b5-41b7-853a-8e3dfa7d6293-impl-thread3] INFO  util.JmxRegister (JmxRegister.java:unregister(73)) - Successfully un-registered JMX Bean with object name Ratis:service=RaftServer,group=group-A6E1FC536E89,id=3f6fb327-55b5-41b7-853a-8e3dfa7d6293
2023-02-14 08:18:03,663 [ForkJoinPool.commonPool-worker-0] INFO  server.GrpcServerProtocolClient (GrpcServerProtocolClient.java:close(101)) - 3f6fb327-55b5-41b7-853a-8e3dfa7d6293 Close channels
2023-02-14 08:18:03,661 [grpc-default-executor-3] WARN  server.GrpcServerProtocolService (LogUtils.java:warn(122)) - 36e1e605-60e1-4f03-904e-89ea76d9efd4: installSnapshot onError, lastRequest: 3f6fb327-55b5-41b7-853a-8e3dfa7d6293->36e1e605-60e1-4f03-904e-89ea76d9efd4#1-t3,previous=(t:0, i:0),leaderCommit=0,initializing? true,entries: size=1, first=(t:3, i:0), CONFIGURATIONENTRY(current:id: "f91196cd-4755-4cf6-996a-4ead370c0744"
address: "10.1.0.19:34709"
dataStreamAddress: "10.1.0.19:38337"
clientAddress: "10.1.0.19:34709"
adminAddress: "10.1.0.19:34709"
startupRole: FOLLOWER
,id: "3f6fb327-55b5-41b7-853a-8e3dfa7d6293"
address: "10.1.0.19:43559"
priority: 1
dataStreamAddress: "10.1.0.19:43503"
clientAddress: "10.1.0.19:43559"
adminAddress: "10.1.0.19:43559"
startupRole: FOLLOWER
,id: "36e1e605-60e1-4f03-904e-89ea76d9efd4"
address: "10.1.0.19:42805"
dataStreamAddress: "10.1.0.19:41129"
clientAddress: "10.1.0.19:42805"
adminAddress: "10.1.0.19:42805"
startupRole: FOLLOWER
, old:): org.apache.ratis.thirdparty.io.grpc.StatusRuntimeException: CANCELLED: client cancelled
2023-02-14 08:18:03,659 [grpc-default-executor-5] WARN  server.GrpcServerProtocolService (LogUtils.java:warn(122)) - 36e1e605-60e1-4f03-904e-89ea76d9efd4: installSnapshot onError, lastRequest: null: org.apache.ratis.thirdparty.io.grpc.StatusRuntimeException: CANCELLED: client cancelled
2023-02-14 08:18:03,663 [36e1e605-60e1-4f03-904e-89ea76d9efd4@group-123277D10A4C-StateMachineUpdater] INFO  ratis.ContainerStateMachine (ContainerStateMachine.java:takeSnapshot(308)) - group-123277D10A4C: Taking a snapshot at:(t:1, i:30) file /home/runner/work/ozone/ozone/hadoop-ozone/integration-test/target/test-dir/MiniOzoneClusterImpl-b6fac55f-b4cf-4cde-8675-802fd5a9473d/datanode-1/data/ratis/17bd0d4e-b858-4960-8a30-123277d10a4c/sm/snapshot.1_30
2023-02-14 08:18:03,664 [3f6fb327-55b5-41b7-853a-8e3dfa7d6293@group-123277D10A4C-StateMachineUpdater] INFO  ratis.ContainerStateMachine (ContainerStateMachine.java:takeSnapshot(308)) - group-123277D10A4C: Taking a snapshot at:(t:1, i:30) file /home/runner/work/ozone/ozone/hadoop-ozone/integration-test/target/test-dir/MiniOzoneClusterImpl-b6fac55f-b4cf-4cde-8675-802fd5a9473d/datanode-2/data/ratis/17bd0d4e-b858-4960-8a30-123277d10a4c/sm/snapshot.1_30
2023-02-14 08:18:03,664 [36e1e605-60e1-4f03-904e-89ea76d9efd4-impl-thread3] INFO  util.JmxRegister (JmxRegister.java:unregister(73)) - Successfully un-registered JMX Bean with object name Ratis:service=RaftServer,group=group-A6E1FC536E89,id=36e1e605-60e1-4f03-904e-89ea76d9efd4
2023-02-14 08:18:03,664 [36e1e605-60e1-4f03-904e-89ea76d9efd4-impl-thread3] INFO  impl.RoleInfo (RoleInfo.java:shutdownFollowerState(110)) - 36e1e605-60e1-4f03-904e-89ea76d9efd4: shutdown 36e1e605-60e1-4f03-904e-89ea76d9efd4@group-A6E1FC536E89-FollowerState
2023-02-14 08:18:03,664 [36e1e605-60e1-4f03-904e-89ea76d9efd4@group-A6E1FC536E89-StateMachineUpdater] INFO  ratis.ContainerStateMachine (ContainerStateMachine.java:takeSnapshot(308)) - group-A6E1FC536E89: Taking a snapshot at:(t:3, i:0) file /home/runner/work/ozone/ozone/hadoop-ozone/integration-test/target/test-dir/MiniOzoneClusterImpl-b6fac55f-b4cf-4cde-8675-802fd5a9473d/datanode-1/data/ratis/9eec0e4b-2d4f-42f5-9ecb-a6e1fc536e89/sm/snapshot.3_0
2023-02-14 08:18:03,664 [36e1e605-60e1-4f03-904e-89ea76d9efd4@group-A6E1FC536E89-FollowerState] INFO  impl.FollowerState (FollowerState.java:run(152)) - 36e1e605-60e1-4f03-904e-89ea76d9efd4@group-A6E1FC536E89-FollowerState was interrupted
2023-02-14 08:18:03,658 [grpc-default-executor-2] WARN  server.GrpcServerProtocolService (LogUtils.java:warn(122)) - 36e1e605-60e1-4f03-904e-89ea76d9efd4: installSnapshot onError, lastRequest: null: org.apache.ratis.thirdparty.io.grpc.StatusRuntimeException: CANCELLED: client cancelled
2023-02-14 08:18:03,657 [grpc-default-executor-0] WARN  server.GrpcServerProtocolService (LogUtils.java:warn(122)) - 3f6fb327-55b5-41b7-853a-8e3dfa7d6293: installSnapshot onError, lastRequest: null: org.apache.ratis.thirdparty.io.grpc.StatusRuntimeException: CANCELLED: client cancelled
2023-02-14 08:18:03,658 [3f6fb327-55b5-41b7-853a-8e3dfa7d6293-impl-thread2] INFO  impl.StateMachineUpdater (StateMachineUpdater.java:stopAndJoin(153)) - 3f6fb327-55b5-41b7-853a-8e3dfa7d6293@group-123277D10A4C-StateMachineUpdater: set stopIndex = 30
2023-02-14 08:18:03,664 [36e1e605-60e1-4f03-904e-89ea76d9efd4-impl-thread3] INFO  impl.StateMachineUpdater (StateMachineUpdater.java:stopAndJoin(153)) - 36e1e605-60e1-4f03-904e-89ea76d9efd4@group-A6E1FC536E89-StateMachineUpdater: set stopIndex = 0
2023-02-14 08:18:03,663 [3f6fb327-55b5-41b7-853a-8e3dfa7d6293-impl-thread3] INFO  impl.RoleInfo (RoleInfo.java:shutdownLeaderState(93)) - 3f6fb327-55b5-41b7-853a-8e3dfa7d6293: shutdown 3f6fb327-55b5-41b7-853a-8e3dfa7d6293@group-A6E1FC536E89-LeaderStateImpl
2023-02-14 08:18:03,665 [3f6fb327-55b5-41b7-853a-8e3dfa7d6293-impl-thread3] INFO  impl.PendingRequests (PendingRequests.java:sendNotLeaderResponses(282)) - 3f6fb327-55b5-41b7-853a-8e3dfa7d6293@group-A6E1FC536E89-PendingRequests: sendNotLeaderResponses
2023-02-14 08:18:03,665 [grpc-default-executor-5] WARN  server.GrpcLogAppender (LogUtils.java:warn(122)) - 3f6fb327-55b5-41b7-853a-8e3dfa7d6293@group-A6E1FC536E89->36e1e605-60e1-4f03-904e-89ea76d9efd4-AppendLogResponseHandler: Failed appendEntries: org.apache.ratis.thirdparty.io.grpc.StatusRuntimeException: CANCELLED: RST_STREAM closed stream. HTTP/2 error code: CANCEL
2023-02-14 08:18:03,666 [grpc-default-executor-2] WARN  server.GrpcLogAppender (LogUtils.java:warn(122)) - f91196cd-4755-4cf6-996a-4ead370c0744@group-123277D10A4C->3f6fb327-55b5-41b7-853a-8e3dfa7d6293-AppendLogResponseHandler: Failed appendEntries: org.apache.ratis.thirdparty.io.grpc.StatusRuntimeException: CANCELLED: RST_STREAM closed stream. HTTP/2 error code: CANCEL
2023-02-14 08:18:03,667 [ForkJoinPool.commonPool-worker-0] INFO  server.GrpcService (GrpcService.java:closeImpl(280)) - 36e1e605-60e1-4f03-904e-89ea76d9efd4: shutdown server GrpcServerProtocolService successfully
2023-02-14 08:18:03,667 [3f6fb327-55b5-41b7-853a-8e3dfa7d6293@group-A6E1FC536E89->36e1e605-60e1-4f03-904e-89ea76d9efd4-GrpcLogAppender-LogAppenderDaemon] WARN  server.GrpcLogAppender (GrpcLogAppender.java:mayWait(200)) - 3f6fb327-55b5-41b7-853a-8e3dfa7d6293@group-A6E1FC536E89->36e1e605-60e1-4f03-904e-89ea76d9efd4-GrpcLogAppender: Wait interrupted by java.lang.InterruptedException
2023-02-14 08:18:03,667 [36e1e605-60e1-4f03-904e-89ea76d9efd4-NettyServerStreamRpc-bossGroup--thread1] INFO  logging.LoggingHandler (AbstractInternalLogger.java:log(148)) - [id: 0xdc8ba491, L:/0:0:0:0:0:0:0:0:41129] CLOSE
2023-02-14 08:18:03,667 [36e1e605-60e1-4f03-904e-89ea76d9efd4-NettyServerStreamRpc-bossGroup--thread1] INFO  logging.LoggingHandler (AbstractInternalLogger.java:log(148)) - [id: 0xdc8ba491, L:/0:0:0:0:0:0:0:0:41129] INACTIVE
2023-02-14 08:18:03,668 [36e1e605-60e1-4f03-904e-89ea76d9efd4-NettyServerStreamRpc-bossGroup--thread1] INFO  logging.LoggingHandler (AbstractInternalLogger.java:log(148)) - [id: 0xdc8ba491, L:/0:0:0:0:0:0:0:0:41129] UNREGISTERED
2023-02-14 08:18:03,668 [3f6fb327-55b5-41b7-853a-8e3dfa7d6293@group-A6E1FC536E89->f91196cd-4755-4cf6-996a-4ead370c0744-GrpcLogAppender-LogAppenderDaemon] WARN  server.GrpcLogAppender (GrpcLogAppender.java:mayWait(200)) - 3f6fb327-55b5-41b7-853a-8e3dfa7d6293@group-A6E1FC536E89->f91196cd-4755-4cf6-996a-4ead370c0744-GrpcLogAppender: Wait interrupted by java.lang.InterruptedException
2023-02-14 08:18:03,675 [grpc-default-executor-7] WARN  server.GrpcServerProtocolService (LogUtils.java:warn(122)) - 3f6fb327-55b5-41b7-853a-8e3dfa7d6293: installSnapshot onError, lastRequest: f91196cd-4755-4cf6-996a-4ead370c0744->3f6fb327-55b5-41b7-853a-8e3dfa7d6293#397-t1,previous=(t:1, i:29),leaderCommit=28,initializing? true,entries: size=1, first=(t:1, i:30), METADATAENTRY(c:28): org.apache.ratis.thirdparty.io.grpc.StatusRuntimeException: CANCELLED: client cancelled
2023-02-14 08:18:03,676 [grpc-default-executor-3] WARN  server.GrpcLogAppender (LogUtils.java:warn(122)) - f91196cd-4755-4cf6-996a-4ead370c0744@group-123277D10A4C->36e1e605-60e1-4f03-904e-89ea76d9efd4-AppendLogResponseHandler: Failed appendEntries: org.apache.ratis.thirdparty.io.grpc.StatusRuntimeException: CANCELLED: RST_STREAM closed stream. HTTP/2 error code: CANCEL
2023-02-14 08:18:03,678 [grpc-default-executor-3] INFO  leader.FollowerInfo (FollowerInfoImpl.java:lambda$new$0(48)) - f91196cd-4755-4cf6-996a-4ead370c0744@group-123277D10A4C->36e1e605-60e1-4f03-904e-89ea76d9efd4: nextIndex: updateUnconditionally 31 -> 30
2023-02-14 08:18:03,688 [grpc-default-executor-7] WARN  server.GrpcLogAppender (LogUtils.java:warn(122)) - f91196cd-4755-4cf6-996a-4ead370c0744@group-123277D10A4C->3f6fb327-55b5-41b7-853a-8e3dfa7d6293-AppendLogResponseHandler: Failed appendEntries: org.apache.ratis.thirdparty.io.grpc.StatusRuntimeException: CANCELLED: RST_STREAM closed stream. HTTP/2 error code: CANCEL
2023-02-14 08:18:03,688 [grpc-default-executor-7] INFO  leader.FollowerInfo (FollowerInfoImpl.java:lambda$new$0(48)) - f91196cd-4755-4cf6-996a-4ead370c0744@group-123277D10A4C->3f6fb327-55b5-41b7-853a-8e3dfa7d6293: nextIndex: updateUnconditionally 31 -> 30
2023-02-14 08:18:03,690 [grpc-default-executor-0] WARN  server.GrpcLogAppender (LogUtils.java:warn(122)) - f91196cd-4755-4cf6-996a-4ead370c0744@group-123277D10A4C->36e1e605-60e1-4f03-904e-89ea76d9efd4-AppendLogResponseHandler: Failed appendEntries: org.apache.ratis.thirdparty.io.grpc.StatusRuntimeException: CANCELLED: RST_STREAM closed stream. HTTP/2 error code: CANCEL
2023-02-14 08:18:03,690 [grpc-default-executor-0] INFO  leader.FollowerInfo (FollowerInfoImpl.java:lambda$new$0(48)) - f91196cd-4755-4cf6-996a-4ead370c0744@group-123277D10A4C->36e1e605-60e1-4f03-904e-89ea76d9efd4: nextIndex: updateUnconditionally 31 -> 30
2023-02-14 08:18:03,690 [grpc-default-executor-5] WARN  server.GrpcLogAppender (GrpcLogAppender.java:resetClient(131)) - 3f6fb327-55b5-41b7-853a-8e3dfa7d6293@group-A6E1FC536E89->36e1e605-60e1-4f03-904e-89ea76d9efd4-GrpcLogAppender: Leader has not got in touch with Follower 3f6fb327-55b5-41b7-853a-8e3dfa7d6293@group-A6E1FC536E89->36e1e605-60e1-4f03-904e-89ea76d9efd4(c0,m0,n1, attendVote=true, lastRpcSendTime=1693, lastRpcResponseTime=1692) yet, just keep nextIndex unchanged and retry.
2023-02-14 08:18:03,691 [3f6fb327-55b5-41b7-853a-8e3dfa7d6293-impl-thread3] INFO  impl.StateMachineUpdater (StateMachineUpdater.java:stopAndJoin(153)) - 3f6fb327-55b5-41b7-853a-8e3dfa7d6293@group-A6E1FC536E89-StateMachineUpdater: set stopIndex = 0
2023-02-14 08:18:03,691 [grpc-default-executor-2] INFO  leader.FollowerInfo (FollowerInfoImpl.java:lambda$new$0(48)) - f91196cd-4755-4cf6-996a-4ead370c0744@group-123277D10A4C->3f6fb327-55b5-41b7-853a-8e3dfa7d6293: nextIndex: updateUnconditionally 31 -> 30
2023-02-14 08:18:03,694 [3f6fb327-55b5-41b7-853a-8e3dfa7d6293@group-A6E1FC536E89-StateMachineUpdater] INFO  ratis.ContainerStateMachine (ContainerStateMachine.java:takeSnapshot(308)) - group-A6E1FC536E89: Taking a snapshot at:(t:3, i:0) file /home/runner/work/ozone/ozone/hadoop-ozone/integration-test/target/test-dir/MiniOzoneClusterImpl-b6fac55f-b4cf-4cde-8675-802fd5a9473d/datanode-2/data/ratis/9eec0e4b-2d4f-42f5-9ecb-a6e1fc536e89/sm/snapshot.3_0
2023-02-14 08:18:03,695 [grpc-default-executor-5] WARN  server.GrpcLogAppender (LogUtils.java:warn(122)) - f91196cd-4755-4cf6-996a-4ead370c0744@group-123277D10A4C->36e1e605-60e1-4f03-904e-89ea76d9efd4-AppendLogResponseHandler: Failed appendEntries: org.apache.ratis.thirdparty.io.grpc.StatusRuntimeException: UNAVAILABLE: Connection closed after GOAWAY. HTTP/2 error code: NO_ERROR, debug data: app_requested
2023-02-14 08:18:03,695 [grpc-default-executor-5] INFO  leader.FollowerInfo (FollowerInfoImpl.java:lambda$new$0(48)) - f91196cd-4755-4cf6-996a-4ead370c0744@group-123277D10A4C->36e1e605-60e1-4f03-904e-89ea76d9efd4: nextIndex: updateUnconditionally 30 -> 29
2023-02-14 08:18:03,695 [grpc-default-executor-2] INFO  server.GrpcLogAppender (GrpcLogAppender.java:onError(404)) - 3f6fb327-55b5-41b7-853a-8e3dfa7d6293@group-A6E1FC536E89->36e1e605-60e1-4f03-904e-89ea76d9efd4-GrpcLogAppender is already stopped
2023-02-14 08:18:03,697 [grpc-default-executor-2] INFO  server.GrpcServerProtocolService (GrpcServerProtocolService.java:onCompleted(143)) - f91196cd-4755-4cf6-996a-4ead370c0744: Completed APPEND_ENTRIES, lastRequest: null
2023-02-14 08:18:03,697 [grpc-default-executor-7] INFO  server.GrpcServerProtocolService (GrpcServerProtocolService.java:onCompleted(143)) - f91196cd-4755-4cf6-996a-4ead370c0744: Completed APPEND_ENTRIES, lastRequest: 3f6fb327-55b5-41b7-853a-8e3dfa7d6293->f91196cd-4755-4cf6-996a-4ead370c0744#1-t3,previous=(t:0, i:0),leaderCommit=0,initializing? true,entries: size=1, first=(t:3, i:0), CONFIGURATIONENTRY(current:id: "f91196cd-4755-4cf6-996a-4ead370c0744"
address: "10.1.0.19:34709"
dataStreamAddress: "10.1.0.19:38337"
clientAddress: "10.1.0.19:34709"
adminAddress: "10.1.0.19:34709"
startupRole: FOLLOWER
,id: "3f6fb327-55b5-41b7-853a-8e3dfa7d6293"
address: "10.1.0.19:43559"
priority: 1
dataStreamAddress: "10.1.0.19:43503"
clientAddress: "10.1.0.19:43559"
adminAddress: "10.1.0.19:43559"
startupRole: FOLLOWER
,id: "36e1e605-60e1-4f03-904e-89ea76d9efd4"
address: "10.1.0.19:42805"
dataStreamAddress: "10.1.0.19:41129"
clientAddress: "10.1.0.19:42805"
adminAddress: "10.1.0.19:42805"
startupRole: FOLLOWER
, old:)
2023-02-14 08:18:03,704 [grpc-default-executor-1] INFO  server.GrpcLogAppender (GrpcLogAppender.java:onCompleted(415)) - 3f6fb327-55b5-41b7-853a-8e3dfa7d6293@group-A6E1FC536E89->f91196cd-4755-4cf6-996a-4ead370c0744-AppendLogResponseHandler: follower responses appendEntries COMPLETED
2023-02-14 08:18:03,704 [grpc-default-executor-1] WARN  server.GrpcLogAppender (GrpcLogAppender.java:resetClient(137)) - 3f6fb327-55b5-41b7-853a-8e3dfa7d6293@group-A6E1FC536E89->f91196cd-4755-4cf6-996a-4ead370c0744-GrpcLogAppender: Failed to getClient for f91196cd-4755-4cf6-996a-4ead370c0744
org.apache.ratis.protocol.exceptions.AlreadyClosedException: 3f6fb327-55b5-41b7-853a-8e3dfa7d6293 is already CLOSED
	at org.apache.ratis.util.PeerProxyMap$PeerAndProxy.getProxy(PeerProxyMap.java:61)
	at org.apache.ratis.util.PeerProxyMap.getProxy(PeerProxyMap.java:115)
	at org.apache.ratis.grpc.server.GrpcLogAppender.getClient(GrpcLogAppender.java:116)
	at org.apache.ratis.grpc.server.GrpcLogAppender.resetClient(GrpcLogAppender.java:121)
	at org.apache.ratis.grpc.server.GrpcLogAppender.access$500(GrpcLogAppender.java:58)
	at org.apache.ratis.grpc.server.GrpcLogAppender$AppendLogResponseHandler.onCompleted(GrpcLogAppender.java:416)
	at org.apache.ratis.thirdparty.io.grpc.stub.ClientCalls$StreamObserverToCallListenerAdapter.onClose(ClientCalls.java:485)
	at org.apache.ratis.thirdparty.io.grpc.internal.ClientCallImpl.closeObserver(ClientCallImpl.java:562)
	at org.apache.ratis.thirdparty.io.grpc.internal.ClientCallImpl.access$300(ClientCallImpl.java:70)
	at org.apache.ratis.thirdparty.io.grpc.internal.ClientCallImpl$ClientStreamListenerImpl$1StreamClosed.runInternal(ClientCallImpl.java:743)
	at org.apache.ratis.thirdparty.io.grpc.internal.ClientCallImpl$ClientStreamListenerImpl$1StreamClosed.runInContext(ClientCallImpl.java:722)
	at org.apache.ratis.thirdparty.io.grpc.internal.ContextRunnable.run(ContextRunnable.java:37)
	at org.apache.ratis.thirdparty.io.grpc.internal.SerializingExecutor.run(SerializingExecutor.java:133)
	at java.util.concurrent.ThreadPoolExecutor.runWorker(ThreadPoolExecutor.java:1149)
	at java.util.concurrent.ThreadPoolExecutor$Worker.run(ThreadPoolExecutor.java:624)
	at java.lang.Thread.run(Thread.java:750)
2023-02-14 08:18:03,705 [grpc-default-executor-1] INFO  server.GrpcLogAppender (GrpcLogAppender.java:onCompleted(415)) - 3f6fb327-55b5-41b7-853a-8e3dfa7d6293@group-A6E1FC536E89->f91196cd-4755-4cf6-996a-4ead370c0744-AppendLogResponseHandler: follower responses appendEntries COMPLETED
2023-02-14 08:18:03,705 [grpc-default-executor-1] WARN  server.GrpcLogAppender (GrpcLogAppender.java:resetClient(137)) - 3f6fb327-55b5-41b7-853a-8e3dfa7d6293@group-A6E1FC536E89->f91196cd-4755-4cf6-996a-4ead370c0744-GrpcLogAppender: Failed to getClient for f91196cd-4755-4cf6-996a-4ead370c0744
org.apache.ratis.protocol.exceptions.AlreadyClosedException: 3f6fb327-55b5-41b7-853a-8e3dfa7d6293 is already CLOSED
	at org.apache.ratis.util.PeerProxyMap$PeerAndProxy.getProxy(PeerProxyMap.java:61)
	at org.apache.ratis.util.PeerProxyMap.getProxy(PeerProxyMap.java:115)
	at org.apache.ratis.grpc.server.GrpcLogAppender.getClient(GrpcLogAppender.java:116)
	at org.apache.ratis.grpc.server.GrpcLogAppender.resetClient(GrpcLogAppender.java:121)
	at org.apache.ratis.grpc.server.GrpcLogAppender.access$500(GrpcLogAppender.java:58)
	at org.apache.ratis.grpc.server.GrpcLogAppender$AppendLogResponseHandler.onCompleted(GrpcLogAppender.java:416)
	at org.apache.ratis.thirdparty.io.grpc.stub.ClientCalls$StreamObserverToCallListenerAdapter.onClose(ClientCalls.java:485)
	at org.apache.ratis.thirdparty.io.grpc.internal.ClientCallImpl.closeObserver(ClientCallImpl.java:562)
	at org.apache.ratis.thirdparty.io.grpc.internal.ClientCallImpl.access$300(ClientCallImpl.java:70)
	at org.apache.ratis.thirdparty.io.grpc.internal.ClientCallImpl$ClientStreamListenerImpl$1StreamClosed.runInternal(ClientCallImpl.java:743)
	at org.apache.ratis.thirdparty.io.grpc.internal.ClientCallImpl$ClientStreamListenerImpl$1StreamClosed.runInContext(ClientCallImpl.java:722)
	at org.apache.ratis.thirdparty.io.grpc.internal.ContextRunnable.run(ContextRunnable.java:37)
	at org.apache.ratis.thirdparty.io.grpc.internal.SerializingExecutor.run(SerializingExecutor.java:133)
	at java.util.concurrent.ThreadPoolExecutor.runWorker(ThreadPoolExecutor.java:1149)
	at java.util.concurrent.ThreadPoolExecutor$Worker.run(ThreadPoolExecutor.java:624)
	at java.lang.Thread.run(Thread.java:750)
2023-02-14 08:18:03,709 [grpc-default-executor-1] WARN  server.GrpcLogAppender (LogUtils.java:warn(122)) - f91196cd-4755-4cf6-996a-4ead370c0744@group-123277D10A4C->36e1e605-60e1-4f03-904e-89ea76d9efd4-AppendLogResponseHandler: Failed appendEntries: org.apache.ratis.thirdparty.io.grpc.StatusRuntimeException: UNAVAILABLE: io exception
2023-02-14 08:18:03,709 [grpc-default-executor-1] INFO  leader.FollowerInfo (FollowerInfoImpl.java:lambda$new$0(48)) - f91196cd-4755-4cf6-996a-4ead370c0744@group-123277D10A4C->36e1e605-60e1-4f03-904e-89ea76d9efd4: nextIndex: updateUnconditionally 29 -> 28
2023-02-14 08:18:03,709 [grpc-default-executor-3] WARN  server.GrpcLogAppender (LogUtils.java:warn(122)) - f91196cd-4755-4cf6-996a-4ead370c0744@group-123277D10A4C->3f6fb327-55b5-41b7-853a-8e3dfa7d6293-AppendLogResponseHandler: Failed appendEntries: org.apache.ratis.thirdparty.io.grpc.StatusRuntimeException: UNAVAILABLE: io exception
2023-02-14 08:18:03,710 [grpc-default-executor-3] INFO  leader.FollowerInfo (FollowerInfoImpl.java:lambda$new$0(48)) - f91196cd-4755-4cf6-996a-4ead370c0744@group-123277D10A4C->3f6fb327-55b5-41b7-853a-8e3dfa7d6293: nextIndex: updateUnconditionally 30 -> 29
2023-02-14 08:18:03,710 [grpc-default-executor-2] WARN  server.GrpcLogAppender (LogUtils.java:warn(122)) - f91196cd-4755-4cf6-996a-4ead370c0744@group-123277D10A4C->3f6fb327-55b5-41b7-853a-8e3dfa7d6293-AppendLogResponseHandler: Failed appendEntries: org.apache.ratis.thirdparty.io.grpc.StatusRuntimeException: UNAVAILABLE: io exception
2023-02-14 08:18:03,710 [grpc-default-executor-2] INFO  leader.FollowerInfo (FollowerInfoImpl.java:lambda$new$0(48)) - f91196cd-4755-4cf6-996a-4ead370c0744@group-123277D10A4C->3f6fb327-55b5-41b7-853a-8e3dfa7d6293: nextIndex: updateUnconditionally 29 -> 28
2023-02-14 08:18:03,715 [Listener at 127.0.0.1/34711] INFO  server.GrpcServerProtocolClient (GrpcServerProtocolClient.java:close(101)) - 36e1e605-60e1-4f03-904e-89ea76d9efd4 Close channels
2023-02-14 08:18:03,715 [3f6fb327-55b5-41b7-853a-8e3dfa7d6293@group-A6E1FC536E89-StateMachineUpdater] INFO  ratis.ContainerStateMachine (ContainerStateMachine.java:takeSnapshot(319)) - group-A6E1FC536E89: Finished taking a snapshot at:(t:3, i:0) file:/home/runner/work/ozone/ozone/hadoop-ozone/integration-test/target/test-dir/MiniOzoneClusterImpl-b6fac55f-b4cf-4cde-8675-802fd5a9473d/datanode-2/data/ratis/9eec0e4b-2d4f-42f5-9ecb-a6e1fc536e89/sm/snapshot.3_0 took: 21 ms
2023-02-14 08:18:03,717 [Listener at 127.0.0.1/34711] INFO  server.GrpcService (GrpcService.java:closeImpl(280)) - 3f6fb327-55b5-41b7-853a-8e3dfa7d6293: shutdown server GrpcServerProtocolService successfully
2023-02-14 08:18:03,717 [3f6fb327-55b5-41b7-853a-8e3dfa7d6293-NettyServerStreamRpc-bossGroup--thread1] INFO  logging.LoggingHandler (AbstractInternalLogger.java:log(148)) - [id: 0x68f4df4c, L:/0:0:0:0:0:0:0:0:43503] CLOSE
2023-02-14 08:18:03,718 [3f6fb327-55b5-41b7-853a-8e3dfa7d6293-NettyServerStreamRpc-bossGroup--thread1] INFO  logging.LoggingHandler (AbstractInternalLogger.java:log(148)) - [id: 0x68f4df4c, L:/0:0:0:0:0:0:0:0:43503] INACTIVE
2023-02-14 08:18:03,718 [3f6fb327-55b5-41b7-853a-8e3dfa7d6293-NettyServerStreamRpc-bossGroup--thread1] INFO  logging.LoggingHandler (AbstractInternalLogger.java:log(148)) - [id: 0x68f4df4c, L:/0:0:0:0:0:0:0:0:43503] UNREGISTERED
2023-02-14 08:18:03,718 [3f6fb327-55b5-41b7-853a-8e3dfa7d6293@group-5486C0D054BD-StateMachineUpdater] INFO  ratis.ContainerStateMachine (ContainerStateMachine.java:takeSnapshot(319)) - group-5486C0D054BD: Finished taking a snapshot at:(t:1, i:0) file:/home/runner/work/ozone/ozone/hadoop-ozone/integration-test/target/test-dir/MiniOzoneClusterImpl-b6fac55f-b4cf-4cde-8675-802fd5a9473d/datanode-2/data/ratis/03e632fe-c106-4ff5-bc71-5486c0d054bd/sm/snapshot.1_0 took: 96 ms
2023-02-14 08:18:03,717 [36e1e605-60e1-4f03-904e-89ea76d9efd4@group-A6E1FC536E89-StateMachineUpdater] INFO  ratis.ContainerStateMachine (ContainerStateMachine.java:takeSnapshot(319)) - group-A6E1FC536E89: Finished taking a snapshot at:(t:3, i:0) file:/home/runner/work/ozone/ozone/hadoop-ozone/integration-test/target/test-dir/MiniOzoneClusterImpl-b6fac55f-b4cf-4cde-8675-802fd5a9473d/datanode-1/data/ratis/9eec0e4b-2d4f-42f5-9ecb-a6e1fc536e89/sm/snapshot.3_0 took: 54 ms
2023-02-14 08:18:03,719 [36e1e605-60e1-4f03-904e-89ea76d9efd4@group-A647BD31EF9B-StateMachineUpdater] INFO  ratis.ContainerStateMachine (ContainerStateMachine.java:takeSnapshot(319)) - group-A647BD31EF9B: Finished taking a snapshot at:(t:1, i:0) file:/home/runner/work/ozone/ozone/hadoop-ozone/integration-test/target/test-dir/MiniOzoneClusterImpl-b6fac55f-b4cf-4cde-8675-802fd5a9473d/datanode-1/data/ratis/c1d126bc-92f6-40e7-a743-a647bd31ef9b/sm/snapshot.1_0 took: 96 ms
2023-02-14 08:18:03,721 [3f6fb327-55b5-41b7-853a-8e3dfa7d6293@group-123277D10A4C-StateMachineUpdater] INFO  ratis.ContainerStateMachine (ContainerStateMachine.java:takeSnapshot(319)) - group-123277D10A4C: Finished taking a snapshot at:(t:1, i:30) file:/home/runner/work/ozone/ozone/hadoop-ozone/integration-test/target/test-dir/MiniOzoneClusterImpl-b6fac55f-b4cf-4cde-8675-802fd5a9473d/datanode-2/data/ratis/17bd0d4e-b858-4960-8a30-123277d10a4c/sm/snapshot.1_30 took: 57 ms
2023-02-14 08:18:03,722 [3f6fb327-55b5-41b7-853a-8e3dfa7d6293@group-123277D10A4C-StateMachineUpdater] INFO  impl.StateMachineUpdater (StateMachineUpdater.java:takeSnapshot(287)) - 3f6fb327-55b5-41b7-853a-8e3dfa7d6293@group-123277D10A4C-StateMachineUpdater: Took a snapshot at index 30
2023-02-14 08:18:03,722 [3f6fb327-55b5-41b7-853a-8e3dfa7d6293@group-123277D10A4C-StateMachineUpdater] INFO  impl.StateMachineUpdater (StateMachineUpdater.java:lambda$new$0(92)) - 3f6fb327-55b5-41b7-853a-8e3dfa7d6293@group-123277D10A4C-StateMachineUpdater: snapshotIndex: updateIncreasingly -1 -> 30
2023-02-14 08:18:03,722 [3f6fb327-55b5-41b7-853a-8e3dfa7d6293@group-A6E1FC536E89-StateMachineUpdater] INFO  impl.StateMachineUpdater (StateMachineUpdater.java:takeSnapshot(287)) - 3f6fb327-55b5-41b7-853a-8e3dfa7d6293@group-A6E1FC536E89-StateMachineUpdater: Took a snapshot at index 0
2023-02-14 08:18:03,722 [3f6fb327-55b5-41b7-853a-8e3dfa7d6293@group-A6E1FC536E89-StateMachineUpdater] INFO  impl.StateMachineUpdater (StateMachineUpdater.java:lambda$new$0(92)) - 3f6fb327-55b5-41b7-853a-8e3dfa7d6293@group-A6E1FC536E89-StateMachineUpdater: snapshotIndex: updateIncreasingly -1 -> 0
2023-02-14 08:18:03,726 [36e1e605-60e1-4f03-904e-89ea76d9efd4@group-123277D10A4C-StateMachineUpdater] INFO  ratis.ContainerStateMachine (ContainerStateMachine.java:takeSnapshot(319)) - group-123277D10A4C: Finished taking a snapshot at:(t:1, i:30) file:/home/runner/work/ozone/ozone/hadoop-ozone/integration-test/target/test-dir/MiniOzoneClusterImpl-b6fac55f-b4cf-4cde-8675-802fd5a9473d/datanode-1/data/ratis/17bd0d4e-b858-4960-8a30-123277d10a4c/sm/snapshot.1_30 took: 63 ms
2023-02-14 08:18:03,726 [36e1e605-60e1-4f03-904e-89ea76d9efd4@group-123277D10A4C-StateMachineUpdater] INFO  impl.StateMachineUpdater (StateMachineUpdater.java:takeSnapshot(287)) - 36e1e605-60e1-4f03-904e-89ea76d9efd4@group-123277D10A4C-StateMachineUpdater: Took a snapshot at index 30
2023-02-14 08:18:03,726 [36e1e605-60e1-4f03-904e-89ea76d9efd4@group-123277D10A4C-StateMachineUpdater] INFO  impl.StateMachineUpdater (StateMachineUpdater.java:lambda$new$0(92)) - 36e1e605-60e1-4f03-904e-89ea76d9efd4@group-123277D10A4C-StateMachineUpdater: snapshotIndex: updateIncreasingly -1 -> 30
2023-02-14 08:18:03,727 [36e1e605-60e1-4f03-904e-89ea76d9efd4@group-A647BD31EF9B-StateMachineUpdater] INFO  impl.StateMachineUpdater (StateMachineUpdater.java:takeSnapshot(287)) - 36e1e605-60e1-4f03-904e-89ea76d9efd4@group-A647BD31EF9B-StateMachineUpdater: Took a snapshot at index 0
2023-02-14 08:18:03,727 [3f6fb327-55b5-41b7-853a-8e3dfa7d6293-impl-thread2] INFO  server.RaftServer$Division (ServerState.java:close(466)) - 3f6fb327-55b5-41b7-853a-8e3dfa7d6293@group-123277D10A4C: closes. applyIndex: 30
2023-02-14 08:18:03,727 [36e1e605-60e1-4f03-904e-89ea76d9efd4@group-A647BD31EF9B-StateMachineUpdater] INFO  impl.StateMachineUpdater (StateMachineUpdater.java:lambda$new$0(92)) - 36e1e605-60e1-4f03-904e-89ea76d9efd4@group-A647BD31EF9B-StateMachineUpdater: snapshotIndex: updateIncreasingly -1 -> 0
2023-02-14 08:18:03,727 [36e1e605-60e1-4f03-904e-89ea76d9efd4-impl-thread1] INFO  server.RaftServer$Division (ServerState.java:close(466)) - 36e1e605-60e1-4f03-904e-89ea76d9efd4@group-A647BD31EF9B: closes. applyIndex: 0
2023-02-14 08:18:03,727 [36e1e605-60e1-4f03-904e-89ea76d9efd4@group-A6E1FC536E89-StateMachineUpdater] INFO  impl.StateMachineUpdater (StateMachineUpdater.java:takeSnapshot(287)) - 36e1e605-60e1-4f03-904e-89ea76d9efd4@group-A6E1FC536E89-StateMachineUpdater: Took a snapshot at index 0
2023-02-14 08:18:03,727 [36e1e605-60e1-4f03-904e-89ea76d9efd4@group-A6E1FC536E89-StateMachineUpdater] INFO  impl.StateMachineUpdater (StateMachineUpdater.java:lambda$new$0(92)) - 36e1e605-60e1-4f03-904e-89ea76d9efd4@group-A6E1FC536E89-StateMachineUpdater: snapshotIndex: updateIncreasingly -1 -> 0
2023-02-14 08:18:03,727 [3f6fb327-55b5-41b7-853a-8e3dfa7d6293@group-123277D10A4C-SegmentedRaftLogWorker] INFO  segmented.SegmentedRaftLogWorker (SegmentedRaftLogWorker.java:run(347)) - 3f6fb327-55b5-41b7-853a-8e3dfa7d6293@group-123277D10A4C-SegmentedRaftLogWorker was interrupted, exiting. There are 0 tasks remaining in the queue.
2023-02-14 08:18:03,727 [3f6fb327-55b5-41b7-853a-8e3dfa7d6293@group-5486C0D054BD-StateMachineUpdater] INFO  impl.StateMachineUpdater (StateMachineUpdater.java:takeSnapshot(287)) - 3f6fb327-55b5-41b7-853a-8e3dfa7d6293@group-5486C0D054BD-StateMachineUpdater: Took a snapshot at index 0
2023-02-14 08:18:03,727 [3f6fb327-55b5-41b7-853a-8e3dfa7d6293@group-5486C0D054BD-StateMachineUpdater] INFO  impl.StateMachineUpdater (StateMachineUpdater.java:lambda$new$0(92)) - 3f6fb327-55b5-41b7-853a-8e3dfa7d6293@group-5486C0D054BD-StateMachineUpdater: snapshotIndex: updateIncreasingly -1 -> 0
2023-02-14 08:18:03,727 [36e1e605-60e1-4f03-904e-89ea76d9efd4@group-A647BD31EF9B-SegmentedRaftLogWorker] INFO  segmented.SegmentedRaftLogWorker (SegmentedRaftLogWorker.java:run(347)) - 36e1e605-60e1-4f03-904e-89ea76d9efd4@group-A647BD31EF9B-SegmentedRaftLogWorker was interrupted, exiting. There are 0 tasks remaining in the queue.
2023-02-14 08:18:03,727 [36e1e605-60e1-4f03-904e-89ea76d9efd4-impl-thread3] INFO  server.RaftServer$Division (ServerState.java:close(466)) - 36e1e605-60e1-4f03-904e-89ea76d9efd4@group-A6E1FC536E89: closes. applyIndex: 0
2023-02-14 08:18:03,728 [3f6fb327-55b5-41b7-853a-8e3dfa7d6293-impl-thread1] INFO  server.RaftServer$Division (ServerState.java:close(466)) - 3f6fb327-55b5-41b7-853a-8e3dfa7d6293@group-5486C0D054BD: closes. applyIndex: 0
2023-02-14 08:18:03,728 [3f6fb327-55b5-41b7-853a-8e3dfa7d6293@group-5486C0D054BD-SegmentedRaftLogWorker] INFO  segmented.SegmentedRaftLogWorker (SegmentedRaftLogWorker.java:run(347)) - 3f6fb327-55b5-41b7-853a-8e3dfa7d6293@group-5486C0D054BD-SegmentedRaftLogWorker was interrupted, exiting. There are 0 tasks remaining in the queue.
2023-02-14 08:18:03,730 [36e1e605-60e1-4f03-904e-89ea76d9efd4-impl-thread1] INFO  segmented.SegmentedRaftLogWorker (SegmentedRaftLogWorker.java:close(257)) - 36e1e605-60e1-4f03-904e-89ea76d9efd4@group-A647BD31EF9B-SegmentedRaftLogWorker close()
2023-02-14 08:18:03,730 [3f6fb327-55b5-41b7-853a-8e3dfa7d6293-impl-thread1] INFO  segmented.SegmentedRaftLogWorker (SegmentedRaftLogWorker.java:close(257)) - 3f6fb327-55b5-41b7-853a-8e3dfa7d6293@group-5486C0D054BD-SegmentedRaftLogWorker close()
2023-02-14 08:18:03,732 [36e1e605-60e1-4f03-904e-89ea76d9efd4-impl-thread2] INFO  server.RaftServer$Division (ServerState.java:close(466)) - 36e1e605-60e1-4f03-904e-89ea76d9efd4@group-123277D10A4C: closes. applyIndex: 30
2023-02-14 08:18:03,732 [36e1e605-60e1-4f03-904e-89ea76d9efd4@group-123277D10A4C-SegmentedRaftLogWorker] INFO  segmented.SegmentedRaftLogWorker (SegmentedRaftLogWorker.java:run(347)) - 36e1e605-60e1-4f03-904e-89ea76d9efd4@group-123277D10A4C-SegmentedRaftLogWorker was interrupted, exiting. There are 0 tasks remaining in the queue.
2023-02-14 08:18:03,732 [36e1e605-60e1-4f03-904e-89ea76d9efd4@group-A6E1FC536E89-SegmentedRaftLogWorker] INFO  segmented.SegmentedRaftLogWorker (SegmentedRaftLogWorker.java:run(347)) - 36e1e605-60e1-4f03-904e-89ea76d9efd4@group-A6E1FC536E89-SegmentedRaftLogWorker was interrupted, exiting. There are 0 tasks remaining in the queue.
2023-02-14 08:18:03,735 [3f6fb327-55b5-41b7-853a-8e3dfa7d6293-impl-thread2] INFO  segmented.SegmentedRaftLogWorker (SegmentedRaftLogWorker.java:close(257)) - 3f6fb327-55b5-41b7-853a-8e3dfa7d6293@group-123277D10A4C-SegmentedRaftLogWorker close()
2023-02-14 08:18:03,736 [3f6fb327-55b5-41b7-853a-8e3dfa7d6293-impl-thread3] INFO  server.RaftServer$Division (ServerState.java:close(466)) - 3f6fb327-55b5-41b7-853a-8e3dfa7d6293@group-A6E1FC536E89: closes. applyIndex: 0
2023-02-14 08:18:03,736 [3f6fb327-55b5-41b7-853a-8e3dfa7d6293@group-A6E1FC536E89-SegmentedRaftLogWorker] INFO  segmented.SegmentedRaftLogWorker (SegmentedRaftLogWorker.java:run(347)) - 3f6fb327-55b5-41b7-853a-8e3dfa7d6293@group-A6E1FC536E89-SegmentedRaftLogWorker was interrupted, exiting. There are 0 tasks remaining in the queue.
2023-02-14 08:18:03,736 [36e1e605-60e1-4f03-904e-89ea76d9efd4-impl-thread2] INFO  segmented.SegmentedRaftLogWorker (SegmentedRaftLogWorker.java:close(257)) - 36e1e605-60e1-4f03-904e-89ea76d9efd4@group-123277D10A4C-SegmentedRaftLogWorker close()
2023-02-14 08:18:03,738 [36e1e605-60e1-4f03-904e-89ea76d9efd4-impl-thread3] INFO  segmented.SegmentedRaftLogWorker (SegmentedRaftLogWorker.java:close(257)) - 36e1e605-60e1-4f03-904e-89ea76d9efd4@group-A6E1FC536E89-SegmentedRaftLogWorker close()
2023-02-14 08:18:03,738 [3f6fb327-55b5-41b7-853a-8e3dfa7d6293-impl-thread3] INFO  segmented.SegmentedRaftLogWorker (SegmentedRaftLogWorker.java:close(257)) - 3f6fb327-55b5-41b7-853a-8e3dfa7d6293@group-A6E1FC536E89-SegmentedRaftLogWorker close()
2023-02-14 08:18:03,740 [JvmPauseMonitor3] INFO  util.JvmPauseMonitor (JvmPauseMonitor.java:run(111)) - JvmPauseMonitor-3f6fb327-55b5-41b7-853a-8e3dfa7d6293: Stopped
2023-02-14 08:18:03,742 [JvmPauseMonitor2] INFO  util.JvmPauseMonitor (JvmPauseMonitor.java:run(111)) - JvmPauseMonitor-36e1e605-60e1-4f03-904e-89ea76d9efd4: Stopped
2023-02-14 08:18:03,930 [grpc-default-executor-2] WARN  server.GrpcLogAppender (LogUtils.java:warn(122)) - f91196cd-4755-4cf6-996a-4ead370c0744@group-123277D10A4C->36e1e605-60e1-4f03-904e-89ea76d9efd4-AppendLogResponseHandler: Failed appendEntries: org.apache.ratis.thirdparty.io.grpc.StatusRuntimeException: UNAVAILABLE: io exception
2023-02-14 08:18:03,932 [grpc-default-executor-7] WARN  server.GrpcLogAppender (LogUtils.java:warn(122)) - f91196cd-4755-4cf6-996a-4ead370c0744@group-123277D10A4C->36e1e605-60e1-4f03-904e-89ea76d9efd4-AppendLogResponseHandler: Failed appendEntries: org.apache.ratis.thirdparty.io.grpc.StatusRuntimeException: UNAVAILABLE: io exception
2023-02-14 08:18:03,933 [grpc-default-executor-2] INFO  leader.FollowerInfo (FollowerInfoImpl.java:lambda$new$0(48)) - f91196cd-4755-4cf6-996a-4ead370c0744@group-123277D10A4C->36e1e605-60e1-4f03-904e-89ea76d9efd4: nextIndex: updateUnconditionally 28 -> 27
2023-02-14 08:18:03,933 [grpc-default-executor-7] INFO  leader.FollowerInfo (FollowerInfoImpl.java:lambda$new$0(48)) - f91196cd-4755-4cf6-996a-4ead370c0744@group-123277D10A4C->36e1e605-60e1-4f03-904e-89ea76d9efd4: nextIndex: updateUnconditionally 27 -> 26
2023-02-14 08:18:03,936 [grpc-default-executor-7] WARN  server.GrpcLogAppender (LogUtils.java:warn(122)) - f91196cd-4755-4cf6-996a-4ead370c0744@group-123277D10A4C->3f6fb327-55b5-41b7-853a-8e3dfa7d6293-AppendLogResponseHandler: Failed appendEntries: org.apache.ratis.thirdparty.io.grpc.StatusRuntimeException: UNAVAILABLE: io exception
2023-02-14 08:18:03,936 [grpc-default-executor-2] WARN  server.GrpcLogAppender (LogUtils.java:warn(122)) - f91196cd-4755-4cf6-996a-4ead370c0744@group-123277D10A4C->3f6fb327-55b5-41b7-853a-8e3dfa7d6293-AppendLogResponseHandler: Failed appendEntries: org.apache.ratis.thirdparty.io.grpc.StatusRuntimeException: UNAVAILABLE: io exception
2023-02-14 08:18:03,936 [grpc-default-executor-7] INFO  leader.FollowerInfo (FollowerInfoImpl.java:lambda$new$0(48)) - f91196cd-4755-4cf6-996a-4ead370c0744@group-123277D10A4C->3f6fb327-55b5-41b7-853a-8e3dfa7d6293: nextIndex: updateUnconditionally 28 -> 27
2023-02-14 08:18:03,937 [grpc-default-executor-2] INFO  leader.FollowerInfo (FollowerInfoImpl.java:lambda$new$0(48)) - f91196cd-4755-4cf6-996a-4ead370c0744@group-123277D10A4C->3f6fb327-55b5-41b7-853a-8e3dfa7d6293: nextIndex: updateUnconditionally 27 -> 26
2023-02-14 08:18:03,942 [grpc-default-executor-2] WARN  server.GrpcLogAppender (LogUtils.java:warn(122)) - f91196cd-4755-4cf6-996a-4ead370c0744@group-123277D10A4C->36e1e605-60e1-4f03-904e-89ea76d9efd4-AppendLogResponseHandler: Failed appendEntries: org.apache.ratis.thirdparty.io.grpc.StatusRuntimeException: UNAVAILABLE: io exception
2023-02-14 08:18:03,942 [grpc-default-executor-7] WARN  server.GrpcLogAppender (LogUtils.java:warn(122)) - f91196cd-4755-4cf6-996a-4ead370c0744@group-123277D10A4C->36e1e605-60e1-4f03-904e-89ea76d9efd4-AppendLogResponseHandler: Failed appendEntries: org.apache.ratis.thirdparty.io.grpc.StatusRuntimeException: UNAVAILABLE: io exception
2023-02-14 08:18:03,946 [grpc-default-executor-3] WARN  server.GrpcLogAppender (LogUtils.java:warn(122)) - f91196cd-4755-4cf6-996a-4ead370c0744@group-123277D10A4C->3f6fb327-55b5-41b7-853a-8e3dfa7d6293-AppendLogResponseHandler: Failed appendEntries: org.apache.ratis.thirdparty.io.grpc.StatusRuntimeException: UNAVAILABLE: io exception
2023-02-14 08:18:03,948 [grpc-default-executor-2] INFO  leader.FollowerInfo (FollowerInfoImpl.java:lambda$new$0(48)) - f91196cd-4755-4cf6-996a-4ead370c0744@group-123277D10A4C->36e1e605-60e1-4f03-904e-89ea76d9efd4: nextIndex: updateUnconditionally 27 -> 26
2023-02-14 08:18:03,948 [grpc-default-executor-7] INFO  leader.FollowerInfo (FollowerInfoImpl.java:lambda$new$0(48)) - f91196cd-4755-4cf6-996a-4ead370c0744@group-123277D10A4C->36e1e605-60e1-4f03-904e-89ea76d9efd4: nextIndex: updateUnconditionally 26 -> 25
2023-02-14 08:18:03,949 [grpc-default-executor-0] WARN  server.GrpcLogAppender (LogUtils.java:warn(122)) - f91196cd-4755-4cf6-996a-4ead370c0744@group-123277D10A4C->3f6fb327-55b5-41b7-853a-8e3dfa7d6293-AppendLogResponseHandler: Failed appendEntries: org.apache.ratis.thirdparty.io.grpc.StatusRuntimeException: UNAVAILABLE: io exception
2023-02-14 08:18:03,949 [grpc-default-executor-3] INFO  leader.FollowerInfo (FollowerInfoImpl.java:lambda$new$0(48)) - f91196cd-4755-4cf6-996a-4ead370c0744@group-123277D10A4C->3f6fb327-55b5-41b7-853a-8e3dfa7d6293: nextIndex: updateUnconditionally 27 -> 26
2023-02-14 08:18:03,949 [grpc-default-executor-0] INFO  leader.FollowerInfo (FollowerInfoImpl.java:lambda$new$0(48)) - f91196cd-4755-4cf6-996a-4ead370c0744@group-123277D10A4C->3f6fb327-55b5-41b7-853a-8e3dfa7d6293: nextIndex: updateUnconditionally 26 -> 25
2023-02-14 08:18:05,182 [grpc-default-executor-2] WARN  server.GrpcLogAppender (LogUtils.java:warn(122)) - f91196cd-4755-4cf6-996a-4ead370c0744@group-123277D10A4C->36e1e605-60e1-4f03-904e-89ea76d9efd4-AppendLogResponseHandler: Failed appendEntries: org.apache.ratis.thirdparty.io.grpc.StatusRuntimeException: UNAVAILABLE: io exception
2023-02-14 08:18:05,183 [grpc-default-executor-2] INFO  leader.FollowerInfo (FollowerInfoImpl.java:lambda$new$0(48)) - f91196cd-4755-4cf6-996a-4ead370c0744@group-123277D10A4C->36e1e605-60e1-4f03-904e-89ea76d9efd4: nextIndex: updateUnconditionally 25 -> 24
2023-02-14 08:18:05,183 [grpc-default-executor-0] WARN  server.GrpcLogAppender (LogUtils.java:warn(122)) - f91196cd-4755-4cf6-996a-4ead370c0744@group-123277D10A4C->36e1e605-60e1-4f03-904e-89ea76d9efd4-AppendLogResponseHandler: Failed appendEntries: org.apache.ratis.thirdparty.io.grpc.StatusRuntimeException: UNAVAILABLE: io exception
2023-02-14 08:18:05,184 [grpc-default-executor-0] INFO  leader.FollowerInfo (FollowerInfoImpl.java:lambda$new$0(48)) - f91196cd-4755-4cf6-996a-4ead370c0744@group-123277D10A4C->36e1e605-60e1-4f03-904e-89ea76d9efd4: nextIndex: updateUnconditionally 24 -> 23
2023-02-14 08:18:05,186 [grpc-default-executor-0] WARN  server.GrpcLogAppender (LogUtils.java:warn(122)) - f91196cd-4755-4cf6-996a-4ead370c0744@group-123277D10A4C->3f6fb327-55b5-41b7-853a-8e3dfa7d6293-AppendLogResponseHandler: Failed appendEntries: org.apache.ratis.thirdparty.io.grpc.StatusRuntimeException: UNAVAILABLE: io exception
2023-02-14 08:18:05,187 [grpc-default-executor-0] INFO  leader.FollowerInfo (FollowerInfoImpl.java:lambda$new$0(48)) - f91196cd-4755-4cf6-996a-4ead370c0744@group-123277D10A4C->3f6fb327-55b5-41b7-853a-8e3dfa7d6293: nextIndex: updateUnconditionally 25 -> 24
2023-02-14 08:18:05,187 [grpc-default-executor-2] WARN  server.GrpcLogAppender (LogUtils.java:warn(122)) - f91196cd-4755-4cf6-996a-4ead370c0744@group-123277D10A4C->3f6fb327-55b5-41b7-853a-8e3dfa7d6293-AppendLogResponseHandler: Failed appendEntries: org.apache.ratis.thirdparty.io.grpc.StatusRuntimeException: UNAVAILABLE: io exception
2023-02-14 08:18:05,188 [grpc-default-executor-2] INFO  leader.FollowerInfo (FollowerInfoImpl.java:lambda$new$0(48)) - f91196cd-4755-4cf6-996a-4ead370c0744@group-123277D10A4C->3f6fb327-55b5-41b7-853a-8e3dfa7d6293: nextIndex: updateUnconditionally 24 -> 23
2023-02-14 08:18:05,193 [grpc-default-executor-2] WARN  server.GrpcLogAppender (LogUtils.java:warn(122)) - f91196cd-4755-4cf6-996a-4ead370c0744@group-123277D10A4C->36e1e605-60e1-4f03-904e-89ea76d9efd4-AppendLogResponseHandler: Failed appendEntries: org.apache.ratis.thirdparty.io.grpc.StatusRuntimeException: UNAVAILABLE: io exception
2023-02-14 08:18:05,194 [grpc-default-executor-2] INFO  leader.FollowerInfo (FollowerInfoImpl.java:lambda$new$0(48)) - f91196cd-4755-4cf6-996a-4ead370c0744@group-123277D10A4C->36e1e605-60e1-4f03-904e-89ea76d9efd4: nextIndex: updateUnconditionally 24 -> 23
2023-02-14 08:18:05,194 [grpc-default-executor-0] WARN  server.GrpcLogAppender (LogUtils.java:warn(122)) - f91196cd-4755-4cf6-996a-4ead370c0744@group-123277D10A4C->36e1e605-60e1-4f03-904e-89ea76d9efd4-AppendLogResponseHandler: Failed appendEntries: org.apache.ratis.thirdparty.io.grpc.StatusRuntimeException: UNAVAILABLE: io exception
2023-02-14 08:18:05,194 [grpc-default-executor-0] INFO  leader.FollowerInfo (FollowerInfoImpl.java:lambda$new$0(48)) - f91196cd-4755-4cf6-996a-4ead370c0744@group-123277D10A4C->36e1e605-60e1-4f03-904e-89ea76d9efd4: nextIndex: updateUnconditionally 23 -> 22
2023-02-14 08:18:05,197 [grpc-default-executor-0] WARN  server.GrpcLogAppender (LogUtils.java:warn(122)) - f91196cd-4755-4cf6-996a-4ead370c0744@group-123277D10A4C->3f6fb327-55b5-41b7-853a-8e3dfa7d6293-AppendLogResponseHandler: Failed appendEntries: org.apache.ratis.thirdparty.io.grpc.StatusRuntimeException: UNAVAILABLE: io exception
2023-02-14 08:18:05,198 [grpc-default-executor-0] INFO  leader.FollowerInfo (FollowerInfoImpl.java:lambda$new$0(48)) - f91196cd-4755-4cf6-996a-4ead370c0744@group-123277D10A4C->3f6fb327-55b5-41b7-853a-8e3dfa7d6293: nextIndex: updateUnconditionally 24 -> 23
2023-02-14 08:18:05,198 [grpc-default-executor-2] WARN  server.GrpcLogAppender (LogUtils.java:warn(122)) - f91196cd-4755-4cf6-996a-4ead370c0744@group-123277D10A4C->3f6fb327-55b5-41b7-853a-8e3dfa7d6293-AppendLogResponseHandler: Failed appendEntries: org.apache.ratis.thirdparty.io.grpc.StatusRuntimeException: UNAVAILABLE: io exception
2023-02-14 08:18:05,198 [grpc-default-executor-2] INFO  leader.FollowerInfo (FollowerInfoImpl.java:lambda$new$0(48)) - f91196cd-4755-4cf6-996a-4ead370c0744@group-123277D10A4C->3f6fb327-55b5-41b7-853a-8e3dfa7d6293: nextIndex: updateUnconditionally 23 -> 22
2023-02-14 08:18:05,772 [Listener at 127.0.0.1/34711] INFO  volume.HddsVolume (HddsVolume.java:closeDbStore(362)) - SchemaV3 db is stopped at /home/runner/work/ozone/ozone/hadoop-ozone/integration-test/target/test-dir/MiniOzoneClusterImpl-b6fac55f-b4cf-4cde-8675-802fd5a9473d/datanode-2/data-0/containers/hdds/b6fac55f-b4cf-4cde-8675-802fd5a9473d/DS-635551e7-258e-4e91-a03d-6c814951d26d/container.db for volume DS-635551e7-258e-4e91-a03d-6c814951d26d
2023-02-14 08:18:05,773 [ForkJoinPool.commonPool-worker-0] INFO  volume.HddsVolume (HddsVolume.java:closeDbStore(362)) - SchemaV3 db is stopped at /home/runner/work/ozone/ozone/hadoop-ozone/integration-test/target/test-dir/MiniOzoneClusterImpl-b6fac55f-b4cf-4cde-8675-802fd5a9473d/datanode-1/data-0/containers/hdds/b6fac55f-b4cf-4cde-8675-802fd5a9473d/DS-43f650dc-fcd5-4e56-8b97-2227a7f79b6a/container.db for volume DS-43f650dc-fcd5-4e56-8b97-2227a7f79b6a
2023-02-14 08:18:05,773 [Listener at 127.0.0.1/34711] INFO  utils.BackgroundService (BackgroundService.java:shutdown(141)) - Shutting down service BlockDeletingService
2023-02-14 08:18:05,774 [ForkJoinPool.commonPool-worker-0] INFO  utils.BackgroundService (BackgroundService.java:shutdown(141)) - Shutting down service BlockDeletingService
2023-02-14 08:18:05,775 [Listener at 127.0.0.1/34711] INFO  utils.BackgroundService (BackgroundService.java:shutdown(141)) - Shutting down service StaleRecoveringContainerScrubbingService
2023-02-14 08:18:05,775 [ForkJoinPool.commonPool-worker-0] INFO  utils.BackgroundService (BackgroundService.java:shutdown(141)) - Shutting down service StaleRecoveringContainerScrubbingService
2023-02-14 08:18:05,777 [Listener at 127.0.0.1/34711] INFO  statemachine.DatanodeStateMachine (DatanodeStateMachine.java:stopDaemon(600)) - Ozone container server stopped.
2023-02-14 08:18:05,784 [ForkJoinPool.commonPool-worker-0] INFO  statemachine.DatanodeStateMachine (DatanodeStateMachine.java:stopDaemon(600)) - Ozone container server stopped.
2023-02-14 08:18:05,796 [ForkJoinPool.commonPool-worker-0] INFO  handler.ContextHandler (ContextHandler.java:doStop(1159)) - Stopped o.e.j.w.WebAppContext@36c9698e{hddsDatanode,/,null,STOPPED}{jar:file:/home/runner/.m2/repository/org/apache/ozone/hdds-container-service/1.4.0-SNAPSHOT/hdds-container-service-1.4.0-SNAPSHOT.jar!/webapps/hddsDatanode}
2023-02-14 08:18:05,797 [ForkJoinPool.commonPool-worker-0] INFO  server.AbstractConnector (AbstractConnector.java:doStop(383)) - Stopped ServerConnector@7f14dc05{HTTP/1.1, (http/1.1)}{0.0.0.0:0}
2023-02-14 08:18:05,797 [ForkJoinPool.commonPool-worker-0] INFO  server.session (HouseKeeper.java:stopScavenging(149)) - node0 Stopped scavenging
2023-02-14 08:18:05,798 [ForkJoinPool.commonPool-worker-0] INFO  handler.ContextHandler (ContextHandler.java:doStop(1159)) - Stopped o.e.j.s.ServletContextHandler@70c36138{static,/static,jar:file:/home/runner/.m2/repository/org/apache/ozone/hdds-container-service/1.4.0-SNAPSHOT/hdds-container-service-1.4.0-SNAPSHOT.jar!/webapps/static,STOPPED}
2023-02-14 08:18:05,799 [ForkJoinPool.commonPool-worker-0] INFO  handler.ContextHandler (ContextHandler.java:doStop(1159)) - Stopped o.e.j.s.ServletContextHandler@1706caf5{logs,/logs,file:///home/runner/work/ozone/ozone/hadoop-ozone/integration-test/target/log,STOPPED}
2023-02-14 08:18:05,800 [Listener at 127.0.0.1/34711] INFO  handler.ContextHandler (ContextHandler.java:doStop(1159)) - Stopped o.e.j.w.WebAppContext@7f500542{hddsDatanode,/,null,STOPPED}{jar:file:/home/runner/.m2/repository/org/apache/ozone/hdds-container-service/1.4.0-SNAPSHOT/hdds-container-service-1.4.0-SNAPSHOT.jar!/webapps/hddsDatanode}
2023-02-14 08:18:05,801 [ForkJoinPool.commonPool-worker-0] INFO  ozoneimpl.OzoneContainer (OzoneContainer.java:stop(420)) - Attempting to stop container services.
2023-02-14 08:18:05,802 [Listener at 127.0.0.1/34711] INFO  server.AbstractConnector (AbstractConnector.java:doStop(383)) - Stopped ServerConnector@302295f6{HTTP/1.1, (http/1.1)}{0.0.0.0:0}
2023-02-14 08:18:05,803 [Listener at 127.0.0.1/34711] INFO  server.session (HouseKeeper.java:stopScavenging(149)) - node0 Stopped scavenging
2023-02-14 08:18:05,804 [ForkJoinPool.commonPool-worker-0] INFO  server.RaftServer (RaftServerProxy.java:lambda$close$6(409)) - f91196cd-4755-4cf6-996a-4ead370c0744: close
2023-02-14 08:18:05,804 [Listener at 127.0.0.1/34711] INFO  handler.ContextHandler (ContextHandler.java:doStop(1159)) - Stopped o.e.j.s.ServletContextHandler@41f4534f{static,/static,jar:file:/home/runner/.m2/repository/org/apache/ozone/hdds-container-service/1.4.0-SNAPSHOT/hdds-container-service-1.4.0-SNAPSHOT.jar!/webapps/static,STOPPED}
2023-02-14 08:18:05,804 [f91196cd-4755-4cf6-996a-4ead370c0744-impl-thread1] INFO  server.RaftServer$Division (RaftServerImpl.java:lambda$close$4(458)) - f91196cd-4755-4cf6-996a-4ead370c0744@group-123277D10A4C: shutdown
2023-02-14 08:18:05,804 [f91196cd-4755-4cf6-996a-4ead370c0744-impl-thread1] INFO  util.JmxRegister (JmxRegister.java:unregister(73)) - Successfully un-registered JMX Bean with object name Ratis:service=RaftServer,group=group-123277D10A4C,id=f91196cd-4755-4cf6-996a-4ead370c0744
2023-02-14 08:18:05,805 [f91196cd-4755-4cf6-996a-4ead370c0744-impl-thread1] INFO  impl.RoleInfo (RoleInfo.java:shutdownLeaderState(93)) - f91196cd-4755-4cf6-996a-4ead370c0744: shutdown f91196cd-4755-4cf6-996a-4ead370c0744@group-123277D10A4C-LeaderStateImpl
2023-02-14 08:18:05,805 [Listener at 127.0.0.1/34711] INFO  handler.ContextHandler (ContextHandler.java:doStop(1159)) - Stopped o.e.j.s.ServletContextHandler@708a2978{logs,/logs,file:///home/runner/work/ozone/ozone/hadoop-ozone/integration-test/target/log,STOPPED}
2023-02-14 08:18:05,810 [f91196cd-4755-4cf6-996a-4ead370c0744-impl-thread2] INFO  server.RaftServer$Division (RaftServerImpl.java:lambda$close$4(458)) - f91196cd-4755-4cf6-996a-4ead370c0744@group-A6E1FC536E89: shutdown
2023-02-14 08:18:05,810 [f91196cd-4755-4cf6-996a-4ead370c0744-impl-thread2] INFO  util.JmxRegister (JmxRegister.java:unregister(73)) - Successfully un-registered JMX Bean with object name Ratis:service=RaftServer,group=group-A6E1FC536E89,id=f91196cd-4755-4cf6-996a-4ead370c0744
2023-02-14 08:18:05,810 [f91196cd-4755-4cf6-996a-4ead370c0744-impl-thread2] INFO  impl.RoleInfo (RoleInfo.java:shutdownFollowerState(110)) - f91196cd-4755-4cf6-996a-4ead370c0744: shutdown f91196cd-4755-4cf6-996a-4ead370c0744@group-A6E1FC536E89-FollowerState
2023-02-14 08:18:05,814 [ForkJoinPool.commonPool-worker-0] INFO  server.GrpcService (GrpcService.java:closeImpl(271)) - f91196cd-4755-4cf6-996a-4ead370c0744: shutdown server GrpcServerProtocolService now
2023-02-14 08:18:05,819 [ForkJoinPool.commonPool-worker-0] INFO  server.GrpcServerProtocolClient (GrpcServerProtocolClient.java:close(101)) - 3f6fb327-55b5-41b7-853a-8e3dfa7d6293 Close channels
2023-02-14 08:18:05,819 [f91196cd-4755-4cf6-996a-4ead370c0744@group-123277D10A4C->3f6fb327-55b5-41b7-853a-8e3dfa7d6293-GrpcLogAppender-LogAppenderDaemon] WARN  server.GrpcLogAppender (GrpcLogAppender.java:mayWait(200)) - f91196cd-4755-4cf6-996a-4ead370c0744@group-123277D10A4C->3f6fb327-55b5-41b7-853a-8e3dfa7d6293-GrpcLogAppender: Wait interrupted by java.lang.InterruptedException
2023-02-14 08:18:05,819 [ForkJoinPool.commonPool-worker-0] INFO  server.GrpcServerProtocolClient (GrpcServerProtocolClient.java:close(101)) - 36e1e605-60e1-4f03-904e-89ea76d9efd4 Close channels
2023-02-14 08:18:05,820 [ForkJoinPool.commonPool-worker-0] INFO  server.GrpcService (GrpcService.java:closeImpl(280)) - f91196cd-4755-4cf6-996a-4ead370c0744: shutdown server GrpcServerProtocolService successfully
2023-02-14 08:18:05,820 [f91196cd-4755-4cf6-996a-4ead370c0744-impl-thread1] INFO  impl.PendingRequests (PendingRequests.java:sendNotLeaderResponses(282)) - f91196cd-4755-4cf6-996a-4ead370c0744@group-123277D10A4C-PendingRequests: sendNotLeaderResponses
2023-02-14 08:18:05,820 [f91196cd-4755-4cf6-996a-4ead370c0744@group-123277D10A4C->36e1e605-60e1-4f03-904e-89ea76d9efd4-GrpcLogAppender-LogAppenderDaemon] WARN  server.GrpcLogAppender (GrpcLogAppender.java:mayWait(200)) - f91196cd-4755-4cf6-996a-4ead370c0744@group-123277D10A4C->36e1e605-60e1-4f03-904e-89ea76d9efd4-GrpcLogAppender: Wait interrupted by java.lang.InterruptedException
2023-02-14 08:18:05,820 [f91196cd-4755-4cf6-996a-4ead370c0744-NettyServerStreamRpc-bossGroup--thread1] INFO  logging.LoggingHandler (AbstractInternalLogger.java:log(148)) - [id: 0xcde44fe3, L:/0:0:0:0:0:0:0:0:38337] CLOSE
2023-02-14 08:18:05,820 [f91196cd-4755-4cf6-996a-4ead370c0744-impl-thread2] INFO  impl.StateMachineUpdater (StateMachineUpdater.java:stopAndJoin(153)) - f91196cd-4755-4cf6-996a-4ead370c0744@group-A6E1FC536E89-StateMachineUpdater: set stopIndex = 0
2023-02-14 08:18:05,820 [f91196cd-4755-4cf6-996a-4ead370c0744-NettyServerStreamRpc-bossGroup--thread1] INFO  logging.LoggingHandler (AbstractInternalLogger.java:log(148)) - [id: 0xcde44fe3, L:/0:0:0:0:0:0:0:0:38337] INACTIVE
2023-02-14 08:18:05,820 [f91196cd-4755-4cf6-996a-4ead370c0744@group-A6E1FC536E89-FollowerState] INFO  impl.FollowerState (FollowerState.java:run(152)) - f91196cd-4755-4cf6-996a-4ead370c0744@group-A6E1FC536E89-FollowerState was interrupted
2023-02-14 08:18:05,820 [f91196cd-4755-4cf6-996a-4ead370c0744-NettyServerStreamRpc-bossGroup--thread1] INFO  logging.LoggingHandler (AbstractInternalLogger.java:log(148)) - [id: 0xcde44fe3, L:/0:0:0:0:0:0:0:0:38337] UNREGISTERED
2023-02-14 08:18:05,819 [f91196cd-4755-4cf6-996a-4ead370c0744-impl-thread3] INFO  server.RaftServer$Division (RaftServerImpl.java:lambda$close$4(458)) - f91196cd-4755-4cf6-996a-4ead370c0744@group-C521C322A115: shutdown
2023-02-14 08:18:05,820 [f91196cd-4755-4cf6-996a-4ead370c0744@group-A6E1FC536E89-StateMachineUpdater] INFO  ratis.ContainerStateMachine (ContainerStateMachine.java:takeSnapshot(308)) - group-A6E1FC536E89: Taking a snapshot at:(t:3, i:0) file /home/runner/work/ozone/ozone/hadoop-ozone/integration-test/target/test-dir/MiniOzoneClusterImpl-b6fac55f-b4cf-4cde-8675-802fd5a9473d/datanode-0/data/ratis/9eec0e4b-2d4f-42f5-9ecb-a6e1fc536e89/sm/snapshot.3_0
2023-02-14 08:18:05,820 [f91196cd-4755-4cf6-996a-4ead370c0744-impl-thread3] INFO  util.JmxRegister (JmxRegister.java:unregister(73)) - Successfully un-registered JMX Bean with object name Ratis:service=RaftServer,group=group-C521C322A115,id=f91196cd-4755-4cf6-996a-4ead370c0744
2023-02-14 08:18:05,820 [f91196cd-4755-4cf6-996a-4ead370c0744-impl-thread3] INFO  impl.RoleInfo (RoleInfo.java:shutdownLeaderState(93)) - f91196cd-4755-4cf6-996a-4ead370c0744: shutdown f91196cd-4755-4cf6-996a-4ead370c0744@group-C521C322A115-LeaderStateImpl
2023-02-14 08:18:05,821 [f91196cd-4755-4cf6-996a-4ead370c0744-impl-thread3] INFO  impl.PendingRequests (PendingRequests.java:sendNotLeaderResponses(282)) - f91196cd-4755-4cf6-996a-4ead370c0744@group-C521C322A115-PendingRequests: sendNotLeaderResponses
2023-02-14 08:18:05,821 [f91196cd-4755-4cf6-996a-4ead370c0744@group-C521C322A115-StateMachineUpdater] INFO  ratis.ContainerStateMachine (ContainerStateMachine.java:takeSnapshot(308)) - group-C521C322A115: Taking a snapshot at:(t:1, i:0) file /home/runner/work/ozone/ozone/hadoop-ozone/integration-test/target/test-dir/MiniOzoneClusterImpl-b6fac55f-b4cf-4cde-8675-802fd5a9473d/datanode-0/data/ratis/dc71b7f1-af04-4370-b2dc-c521c322a115/sm/snapshot.1_0
2023-02-14 08:18:05,821 [f91196cd-4755-4cf6-996a-4ead370c0744-impl-thread3] INFO  impl.StateMachineUpdater (StateMachineUpdater.java:stopAndJoin(153)) - f91196cd-4755-4cf6-996a-4ead370c0744@group-C521C322A115-StateMachineUpdater: set stopIndex = 0
2023-02-14 08:18:05,827 [f91196cd-4755-4cf6-996a-4ead370c0744@group-A6E1FC536E89-StateMachineUpdater] INFO  ratis.ContainerStateMachine (ContainerStateMachine.java:takeSnapshot(319)) - group-A6E1FC536E89: Finished taking a snapshot at:(t:3, i:0) file:/home/runner/work/ozone/ozone/hadoop-ozone/integration-test/target/test-dir/MiniOzoneClusterImpl-b6fac55f-b4cf-4cde-8675-802fd5a9473d/datanode-0/data/ratis/9eec0e4b-2d4f-42f5-9ecb-a6e1fc536e89/sm/snapshot.3_0 took: 6 ms
2023-02-14 08:18:05,827 [f91196cd-4755-4cf6-996a-4ead370c0744@group-C521C322A115-StateMachineUpdater] INFO  ratis.ContainerStateMachine (ContainerStateMachine.java:takeSnapshot(319)) - group-C521C322A115: Finished taking a snapshot at:(t:1, i:0) file:/home/runner/work/ozone/ozone/hadoop-ozone/integration-test/target/test-dir/MiniOzoneClusterImpl-b6fac55f-b4cf-4cde-8675-802fd5a9473d/datanode-0/data/ratis/dc71b7f1-af04-4370-b2dc-c521c322a115/sm/snapshot.1_0 took: 6 ms
2023-02-14 08:18:05,827 [f91196cd-4755-4cf6-996a-4ead370c0744@group-A6E1FC536E89-StateMachineUpdater] INFO  impl.StateMachineUpdater (StateMachineUpdater.java:takeSnapshot(287)) - f91196cd-4755-4cf6-996a-4ead370c0744@group-A6E1FC536E89-StateMachineUpdater: Took a snapshot at index 0
2023-02-14 08:18:05,827 [f91196cd-4755-4cf6-996a-4ead370c0744@group-A6E1FC536E89-StateMachineUpdater] INFO  impl.StateMachineUpdater (StateMachineUpdater.java:lambda$new$0(92)) - f91196cd-4755-4cf6-996a-4ead370c0744@group-A6E1FC536E89-StateMachineUpdater: snapshotIndex: updateIncreasingly -1 -> 0
2023-02-14 08:18:05,827 [f91196cd-4755-4cf6-996a-4ead370c0744@group-C521C322A115-StateMachineUpdater] INFO  impl.StateMachineUpdater (StateMachineUpdater.java:takeSnapshot(287)) - f91196cd-4755-4cf6-996a-4ead370c0744@group-C521C322A115-StateMachineUpdater: Took a snapshot at index 0
2023-02-14 08:18:05,827 [f91196cd-4755-4cf6-996a-4ead370c0744@group-C521C322A115-StateMachineUpdater] INFO  impl.StateMachineUpdater (StateMachineUpdater.java:lambda$new$0(92)) - f91196cd-4755-4cf6-996a-4ead370c0744@group-C521C322A115-StateMachineUpdater: snapshotIndex: updateIncreasingly -1 -> 0
2023-02-14 08:18:05,827 [f91196cd-4755-4cf6-996a-4ead370c0744-impl-thread2] INFO  server.RaftServer$Division (ServerState.java:close(466)) - f91196cd-4755-4cf6-996a-4ead370c0744@group-A6E1FC536E89: closes. applyIndex: 0
2023-02-14 08:18:05,827 [f91196cd-4755-4cf6-996a-4ead370c0744-impl-thread3] INFO  server.RaftServer$Division (ServerState.java:close(466)) - f91196cd-4755-4cf6-996a-4ead370c0744@group-C521C322A115: closes. applyIndex: 0
2023-02-14 08:18:05,827 [f91196cd-4755-4cf6-996a-4ead370c0744@group-C521C322A115-SegmentedRaftLogWorker] INFO  segmented.SegmentedRaftLogWorker (SegmentedRaftLogWorker.java:run(347)) - f91196cd-4755-4cf6-996a-4ead370c0744@group-C521C322A115-SegmentedRaftLogWorker was interrupted, exiting. There are 0 tasks remaining in the queue.
2023-02-14 08:18:05,827 [f91196cd-4755-4cf6-996a-4ead370c0744@group-A6E1FC536E89-SegmentedRaftLogWorker] INFO  segmented.SegmentedRaftLogWorker (SegmentedRaftLogWorker.java:run(347)) - f91196cd-4755-4cf6-996a-4ead370c0744@group-A6E1FC536E89-SegmentedRaftLogWorker was interrupted, exiting. There are 0 tasks remaining in the queue.
2023-02-14 08:18:05,827 [f91196cd-4755-4cf6-996a-4ead370c0744-impl-thread3] INFO  segmented.SegmentedRaftLogWorker (SegmentedRaftLogWorker.java:close(257)) - f91196cd-4755-4cf6-996a-4ead370c0744@group-C521C322A115-SegmentedRaftLogWorker close()
2023-02-14 08:18:05,828 [f91196cd-4755-4cf6-996a-4ead370c0744-impl-thread1] INFO  impl.StateMachineUpdater (StateMachineUpdater.java:stopAndJoin(153)) - f91196cd-4755-4cf6-996a-4ead370c0744@group-123277D10A4C-StateMachineUpdater: set stopIndex = 30
2023-02-14 08:18:05,829 [f91196cd-4755-4cf6-996a-4ead370c0744@group-123277D10A4C-StateMachineUpdater] INFO  ratis.ContainerStateMachine (ContainerStateMachine.java:takeSnapshot(308)) - group-123277D10A4C: Taking a snapshot at:(t:1, i:30) file /home/runner/work/ozone/ozone/hadoop-ozone/integration-test/target/test-dir/MiniOzoneClusterImpl-b6fac55f-b4cf-4cde-8675-802fd5a9473d/datanode-0/data/ratis/17bd0d4e-b858-4960-8a30-123277d10a4c/sm/snapshot.1_30
2023-02-14 08:18:05,829 [f91196cd-4755-4cf6-996a-4ead370c0744-impl-thread2] INFO  segmented.SegmentedRaftLogWorker (SegmentedRaftLogWorker.java:close(257)) - f91196cd-4755-4cf6-996a-4ead370c0744@group-A6E1FC536E89-SegmentedRaftLogWorker close()
2023-02-14 08:18:05,830 [f91196cd-4755-4cf6-996a-4ead370c0744@group-123277D10A4C-StateMachineUpdater] INFO  ratis.ContainerStateMachine (ContainerStateMachine.java:takeSnapshot(319)) - group-123277D10A4C: Finished taking a snapshot at:(t:1, i:30) file:/home/runner/work/ozone/ozone/hadoop-ozone/integration-test/target/test-dir/MiniOzoneClusterImpl-b6fac55f-b4cf-4cde-8675-802fd5a9473d/datanode-0/data/ratis/17bd0d4e-b858-4960-8a30-123277d10a4c/sm/snapshot.1_30 took: 1 ms
2023-02-14 08:18:05,830 [f91196cd-4755-4cf6-996a-4ead370c0744@group-123277D10A4C-StateMachineUpdater] INFO  impl.StateMachineUpdater (StateMachineUpdater.java:takeSnapshot(287)) - f91196cd-4755-4cf6-996a-4ead370c0744@group-123277D10A4C-StateMachineUpdater: Took a snapshot at index 30
2023-02-14 08:18:05,830 [f91196cd-4755-4cf6-996a-4ead370c0744@group-123277D10A4C-StateMachineUpdater] INFO  impl.StateMachineUpdater (StateMachineUpdater.java:lambda$new$0(92)) - f91196cd-4755-4cf6-996a-4ead370c0744@group-123277D10A4C-StateMachineUpdater: snapshotIndex: updateIncreasingly -1 -> 30
2023-02-14 08:18:05,835 [f91196cd-4755-4cf6-996a-4ead370c0744-impl-thread1] INFO  server.RaftServer$Division (ServerState.java:close(466)) - f91196cd-4755-4cf6-996a-4ead370c0744@group-123277D10A4C: closes. applyIndex: 30
2023-02-14 08:18:05,836 [f91196cd-4755-4cf6-996a-4ead370c0744@group-123277D10A4C-SegmentedRaftLogWorker] INFO  segmented.SegmentedRaftLogWorker (SegmentedRaftLogWorker.java:run(347)) - f91196cd-4755-4cf6-996a-4ead370c0744@group-123277D10A4C-SegmentedRaftLogWorker was interrupted, exiting. There are 0 tasks remaining in the queue.
2023-02-14 08:18:05,842 [f91196cd-4755-4cf6-996a-4ead370c0744-impl-thread1] INFO  segmented.SegmentedRaftLogWorker (SegmentedRaftLogWorker.java:close(257)) - f91196cd-4755-4cf6-996a-4ead370c0744@group-123277D10A4C-SegmentedRaftLogWorker close()
2023-02-14 08:18:05,845 [Listener at 127.0.0.1/34711] INFO  ozoneimpl.OzoneContainer (OzoneContainer.java:stop(420)) - Attempting to stop container services.
2023-02-14 08:18:05,845 [Listener at 127.0.0.1/34711] INFO  server.RaftServer (RaftServerProxy.java:lambda$close$6(409)) - 1b99b404-66b9-4d1b-b018-91bc4acf8ed2: close
2023-02-14 08:18:05,845 [Listener at 127.0.0.1/34711] INFO  server.GrpcService (GrpcService.java:closeImpl(271)) - 1b99b404-66b9-4d1b-b018-91bc4acf8ed2: shutdown server GrpcServerProtocolService now
2023-02-14 08:18:05,846 [1b99b404-66b9-4d1b-b018-91bc4acf8ed2-impl-thread1] INFO  server.RaftServer$Division (RaftServerImpl.java:lambda$close$4(458)) - 1b99b404-66b9-4d1b-b018-91bc4acf8ed2@group-5C3C7B0C83A9: shutdown
2023-02-14 08:18:05,846 [1b99b404-66b9-4d1b-b018-91bc4acf8ed2-impl-thread1] INFO  util.JmxRegister (JmxRegister.java:unregister(73)) - Successfully un-registered JMX Bean with object name Ratis:service=RaftServer,group=group-5C3C7B0C83A9,id=1b99b404-66b9-4d1b-b018-91bc4acf8ed2
2023-02-14 08:18:05,846 [1b99b404-66b9-4d1b-b018-91bc4acf8ed2-impl-thread1] INFO  impl.RoleInfo (RoleInfo.java:shutdownLeaderState(93)) - 1b99b404-66b9-4d1b-b018-91bc4acf8ed2: shutdown 1b99b404-66b9-4d1b-b018-91bc4acf8ed2@group-5C3C7B0C83A9-LeaderStateImpl
2023-02-14 08:18:05,846 [1b99b404-66b9-4d1b-b018-91bc4acf8ed2-impl-thread1] INFO  impl.PendingRequests (PendingRequests.java:sendNotLeaderResponses(282)) - 1b99b404-66b9-4d1b-b018-91bc4acf8ed2@group-5C3C7B0C83A9-PendingRequests: sendNotLeaderResponses
2023-02-14 08:18:05,846 [1b99b404-66b9-4d1b-b018-91bc4acf8ed2-impl-thread1] INFO  impl.StateMachineUpdater (StateMachineUpdater.java:stopAndJoin(153)) - 1b99b404-66b9-4d1b-b018-91bc4acf8ed2@group-5C3C7B0C83A9-StateMachineUpdater: set stopIndex = 0
2023-02-14 08:18:05,846 [1b99b404-66b9-4d1b-b018-91bc4acf8ed2@group-5C3C7B0C83A9-StateMachineUpdater] INFO  ratis.ContainerStateMachine (ContainerStateMachine.java:takeSnapshot(308)) - group-5C3C7B0C83A9: Taking a snapshot at:(t:1, i:0) file /home/runner/work/ozone/ozone/hadoop-ozone/integration-test/target/test-dir/MiniOzoneClusterImpl-b6fac55f-b4cf-4cde-8675-802fd5a9473d/datanode-4/data/ratis/b845a268-8de8-434a-84e6-5c3c7b0c83a9/sm/snapshot.1_0
2023-02-14 08:18:05,846 [Listener at 127.0.0.1/34711] INFO  server.GrpcService (GrpcService.java:closeImpl(280)) - 1b99b404-66b9-4d1b-b018-91bc4acf8ed2: shutdown server GrpcServerProtocolService successfully
2023-02-14 08:18:05,846 [1b99b404-66b9-4d1b-b018-91bc4acf8ed2-NettyServerStreamRpc-bossGroup--thread1] INFO  logging.LoggingHandler (AbstractInternalLogger.java:log(148)) - [id: 0x1f4dcd75, L:/0:0:0:0:0:0:0:0:35453] CLOSE
2023-02-14 08:18:05,847 [1b99b404-66b9-4d1b-b018-91bc4acf8ed2-NettyServerStreamRpc-bossGroup--thread1] INFO  logging.LoggingHandler (AbstractInternalLogger.java:log(148)) - [id: 0x1f4dcd75, L:/0:0:0:0:0:0:0:0:35453] INACTIVE
2023-02-14 08:18:05,847 [1b99b404-66b9-4d1b-b018-91bc4acf8ed2-NettyServerStreamRpc-bossGroup--thread1] INFO  logging.LoggingHandler (AbstractInternalLogger.java:log(148)) - [id: 0x1f4dcd75, L:/0:0:0:0:0:0:0:0:35453] UNREGISTERED
2023-02-14 08:18:05,847 [1b99b404-66b9-4d1b-b018-91bc4acf8ed2@group-5C3C7B0C83A9-StateMachineUpdater] INFO  ratis.ContainerStateMachine (ContainerStateMachine.java:takeSnapshot(319)) - group-5C3C7B0C83A9: Finished taking a snapshot at:(t:1, i:0) file:/home/runner/work/ozone/ozone/hadoop-ozone/integration-test/target/test-dir/MiniOzoneClusterImpl-b6fac55f-b4cf-4cde-8675-802fd5a9473d/datanode-4/data/ratis/b845a268-8de8-434a-84e6-5c3c7b0c83a9/sm/snapshot.1_0 took: 0 ms
2023-02-14 08:18:05,847 [1b99b404-66b9-4d1b-b018-91bc4acf8ed2@group-5C3C7B0C83A9-StateMachineUpdater] INFO  impl.StateMachineUpdater (StateMachineUpdater.java:takeSnapshot(287)) - 1b99b404-66b9-4d1b-b018-91bc4acf8ed2@group-5C3C7B0C83A9-StateMachineUpdater: Took a snapshot at index 0
2023-02-14 08:18:05,847 [1b99b404-66b9-4d1b-b018-91bc4acf8ed2@group-5C3C7B0C83A9-StateMachineUpdater] INFO  impl.StateMachineUpdater (StateMachineUpdater.java:lambda$new$0(92)) - 1b99b404-66b9-4d1b-b018-91bc4acf8ed2@group-5C3C7B0C83A9-StateMachineUpdater: snapshotIndex: updateIncreasingly -1 -> 0
2023-02-14 08:18:05,847 [1b99b404-66b9-4d1b-b018-91bc4acf8ed2-impl-thread1] INFO  server.RaftServer$Division (ServerState.java:close(466)) - 1b99b404-66b9-4d1b-b018-91bc4acf8ed2@group-5C3C7B0C83A9: closes. applyIndex: 0
2023-02-14 08:18:05,856 [1b99b404-66b9-4d1b-b018-91bc4acf8ed2@group-5C3C7B0C83A9-SegmentedRaftLogWorker] INFO  segmented.SegmentedRaftLogWorker (SegmentedRaftLogWorker.java:run(347)) - 1b99b404-66b9-4d1b-b018-91bc4acf8ed2@group-5C3C7B0C83A9-SegmentedRaftLogWorker was interrupted, exiting. There are 0 tasks remaining in the queue.
2023-02-14 08:18:05,856 [1b99b404-66b9-4d1b-b018-91bc4acf8ed2-impl-thread1] INFO  segmented.SegmentedRaftLogWorker (SegmentedRaftLogWorker.java:close(257)) - 1b99b404-66b9-4d1b-b018-91bc4acf8ed2@group-5C3C7B0C83A9-SegmentedRaftLogWorker close()
2023-02-14 08:18:05,857 [JvmPauseMonitor1] INFO  util.JvmPauseMonitor (JvmPauseMonitor.java:run(111)) - JvmPauseMonitor-f91196cd-4755-4cf6-996a-4ead370c0744: Stopped
2023-02-14 08:18:05,858 [JvmPauseMonitor5] INFO  util.JvmPauseMonitor (JvmPauseMonitor.java:run(111)) - JvmPauseMonitor-1b99b404-66b9-4d1b-b018-91bc4acf8ed2: Stopped
2023-02-14 08:18:07,035 [Under Replicated Processor] INFO  replication.UnhealthyReplicationProcessor (UnhealthyReplicationProcessor.java:processAll(105)) - Processed 0 containers with health state counts {},failed processing 0
2023-02-14 08:18:07,047 [Over Replicated Processor] INFO  replication.UnhealthyReplicationProcessor (UnhealthyReplicationProcessor.java:processAll(105)) - Processed 0 containers with health state counts {},failed processing 0
2023-02-14 08:18:07,861 [Listener at 127.0.0.1/34711] INFO  volume.HddsVolume (HddsVolume.java:closeDbStore(362)) - SchemaV3 db is stopped at /home/runner/work/ozone/ozone/hadoop-ozone/integration-test/target/test-dir/MiniOzoneClusterImpl-b6fac55f-b4cf-4cde-8675-802fd5a9473d/datanode-4/data-0/containers/hdds/b6fac55f-b4cf-4cde-8675-802fd5a9473d/DS-64bd4f83-418b-42a4-a2e9-e07f892384a3/container.db for volume DS-64bd4f83-418b-42a4-a2e9-e07f892384a3
2023-02-14 08:18:07,862 [Listener at 127.0.0.1/34711] INFO  utils.BackgroundService (BackgroundService.java:shutdown(141)) - Shutting down service BlockDeletingService
2023-02-14 08:18:07,862 [Listener at 127.0.0.1/34711] INFO  utils.BackgroundService (BackgroundService.java:shutdown(141)) - Shutting down service StaleRecoveringContainerScrubbingService
2023-02-14 08:18:07,863 [ForkJoinPool.commonPool-worker-0] INFO  volume.HddsVolume (HddsVolume.java:closeDbStore(362)) - SchemaV3 db is stopped at /home/runner/work/ozone/ozone/hadoop-ozone/integration-test/target/test-dir/MiniOzoneClusterImpl-b6fac55f-b4cf-4cde-8675-802fd5a9473d/datanode-0/data-0/containers/hdds/b6fac55f-b4cf-4cde-8675-802fd5a9473d/DS-12de41bc-efea-4491-8944-cb70445b0290/container.db for volume DS-12de41bc-efea-4491-8944-cb70445b0290
2023-02-14 08:18:07,864 [ForkJoinPool.commonPool-worker-0] INFO  utils.BackgroundService (BackgroundService.java:shutdown(141)) - Shutting down service BlockDeletingService
2023-02-14 08:18:07,864 [ForkJoinPool.commonPool-worker-0] INFO  utils.BackgroundService (BackgroundService.java:shutdown(141)) - Shutting down service StaleRecoveringContainerScrubbingService
2023-02-14 08:18:07,866 [ForkJoinPool.commonPool-worker-0] INFO  statemachine.DatanodeStateMachine (DatanodeStateMachine.java:stopDaemon(600)) - Ozone container server stopped.
2023-02-14 08:18:07,866 [Listener at 127.0.0.1/34711] INFO  statemachine.DatanodeStateMachine (DatanodeStateMachine.java:stopDaemon(600)) - Ozone container server stopped.
2023-02-14 08:18:07,878 [Listener at 127.0.0.1/34711] INFO  handler.ContextHandler (ContextHandler.java:doStop(1159)) - Stopped o.e.j.w.WebAppContext@716f3b97{hddsDatanode,/,null,STOPPED}{jar:file:/home/runner/.m2/repository/org/apache/ozone/hdds-container-service/1.4.0-SNAPSHOT/hdds-container-service-1.4.0-SNAPSHOT.jar!/webapps/hddsDatanode}
2023-02-14 08:18:07,879 [ForkJoinPool.commonPool-worker-0] INFO  handler.ContextHandler (ContextHandler.java:doStop(1159)) - Stopped o.e.j.w.WebAppContext@7a9b56b2{hddsDatanode,/,null,STOPPED}{jar:file:/home/runner/.m2/repository/org/apache/ozone/hdds-container-service/1.4.0-SNAPSHOT/hdds-container-service-1.4.0-SNAPSHOT.jar!/webapps/hddsDatanode}
2023-02-14 08:18:07,879 [Listener at 127.0.0.1/34711] INFO  server.AbstractConnector (AbstractConnector.java:doStop(383)) - Stopped ServerConnector@563f000f{HTTP/1.1, (http/1.1)}{0.0.0.0:0}
2023-02-14 08:18:07,879 [Listener at 127.0.0.1/34711] INFO  server.session (HouseKeeper.java:stopScavenging(149)) - node0 Stopped scavenging
2023-02-14 08:18:07,880 [ForkJoinPool.commonPool-worker-0] INFO  server.AbstractConnector (AbstractConnector.java:doStop(383)) - Stopped ServerConnector@2a97559f{HTTP/1.1, (http/1.1)}{0.0.0.0:0}
2023-02-14 08:18:07,880 [ForkJoinPool.commonPool-worker-0] INFO  server.session (HouseKeeper.java:stopScavenging(149)) - node0 Stopped scavenging
2023-02-14 08:18:07,880 [Listener at 127.0.0.1/34711] INFO  handler.ContextHandler (ContextHandler.java:doStop(1159)) - Stopped o.e.j.s.ServletContextHandler@18dfd811{static,/static,jar:file:/home/runner/.m2/repository/org/apache/ozone/hdds-container-service/1.4.0-SNAPSHOT/hdds-container-service-1.4.0-SNAPSHOT.jar!/webapps/static,STOPPED}
2023-02-14 08:18:07,883 [Listener at 127.0.0.1/34711] INFO  handler.ContextHandler (ContextHandler.java:doStop(1159)) - Stopped o.e.j.s.ServletContextHandler@71d0c4ac{logs,/logs,file:///home/runner/work/ozone/ozone/hadoop-ozone/integration-test/target/log,STOPPED}
2023-02-14 08:18:07,883 [ForkJoinPool.commonPool-worker-0] INFO  handler.ContextHandler (ContextHandler.java:doStop(1159)) - Stopped o.e.j.s.ServletContextHandler@7c018b33{static,/static,jar:file:/home/runner/.m2/repository/org/apache/ozone/hdds-container-service/1.4.0-SNAPSHOT/hdds-container-service-1.4.0-SNAPSHOT.jar!/webapps/static,STOPPED}
2023-02-14 08:18:07,889 [Listener at 127.0.0.1/34711] INFO  ozoneimpl.OzoneContainer (OzoneContainer.java:stop(420)) - Attempting to stop container services.
2023-02-14 08:18:07,889 [ForkJoinPool.commonPool-worker-0] INFO  handler.ContextHandler (ContextHandler.java:doStop(1159)) - Stopped o.e.j.s.ServletContextHandler@26a04ce7{logs,/logs,file:///home/runner/work/ozone/ozone/hadoop-ozone/integration-test/target/log,STOPPED}
2023-02-14 08:18:07,894 [Listener at 127.0.0.1/34711] INFO  server.RaftServer (RaftServerProxy.java:lambda$close$6(409)) - 88d3c63d-3e2f-409f-802f-d9c0d2dac669: close
2023-02-14 08:18:07,894 [Listener at 127.0.0.1/34711] INFO  server.GrpcService (GrpcService.java:closeImpl(271)) - 88d3c63d-3e2f-409f-802f-d9c0d2dac669: shutdown server GrpcServerProtocolService now
2023-02-14 08:18:07,894 [88d3c63d-3e2f-409f-802f-d9c0d2dac669-impl-thread1] INFO  server.RaftServer$Division (RaftServerImpl.java:lambda$close$4(458)) - 88d3c63d-3e2f-409f-802f-d9c0d2dac669@group-5AAE25B4E728: shutdown
2023-02-14 08:18:07,895 [88d3c63d-3e2f-409f-802f-d9c0d2dac669-impl-thread1] INFO  util.JmxRegister (JmxRegister.java:unregister(73)) - Successfully un-registered JMX Bean with object name Ratis:service=RaftServer,group=group-5AAE25B4E728,id=88d3c63d-3e2f-409f-802f-d9c0d2dac669
2023-02-14 08:18:07,895 [88d3c63d-3e2f-409f-802f-d9c0d2dac669-impl-thread1] INFO  impl.RoleInfo (RoleInfo.java:shutdownLeaderState(93)) - 88d3c63d-3e2f-409f-802f-d9c0d2dac669: shutdown 88d3c63d-3e2f-409f-802f-d9c0d2dac669@group-5AAE25B4E728-LeaderStateImpl
2023-02-14 08:18:07,895 [88d3c63d-3e2f-409f-802f-d9c0d2dac669-impl-thread1] INFO  impl.PendingRequests (PendingRequests.java:sendNotLeaderResponses(282)) - 88d3c63d-3e2f-409f-802f-d9c0d2dac669@group-5AAE25B4E728-PendingRequests: sendNotLeaderResponses
2023-02-14 08:18:07,895 [88d3c63d-3e2f-409f-802f-d9c0d2dac669-impl-thread1] INFO  impl.StateMachineUpdater (StateMachineUpdater.java:stopAndJoin(153)) - 88d3c63d-3e2f-409f-802f-d9c0d2dac669@group-5AAE25B4E728-StateMachineUpdater: set stopIndex = 0
2023-02-14 08:18:07,896 [88d3c63d-3e2f-409f-802f-d9c0d2dac669@group-5AAE25B4E728-StateMachineUpdater] INFO  ratis.ContainerStateMachine (ContainerStateMachine.java:takeSnapshot(308)) - group-5AAE25B4E728: Taking a snapshot at:(t:1, i:0) file /home/runner/work/ozone/ozone/hadoop-ozone/integration-test/target/test-dir/MiniOzoneClusterImpl-b6fac55f-b4cf-4cde-8675-802fd5a9473d/datanode-3/data/ratis/977e0f19-2caf-4054-97b0-5aae25b4e728/sm/snapshot.1_0
2023-02-14 08:18:07,896 [Listener at 127.0.0.1/34711] INFO  server.GrpcService (GrpcService.java:closeImpl(280)) - 88d3c63d-3e2f-409f-802f-d9c0d2dac669: shutdown server GrpcServerProtocolService successfully
2023-02-14 08:18:07,897 [88d3c63d-3e2f-409f-802f-d9c0d2dac669-NettyServerStreamRpc-bossGroup--thread1] INFO  logging.LoggingHandler (AbstractInternalLogger.java:log(148)) - [id: 0x644046a4, L:/0:0:0:0:0:0:0:0:46651] CLOSE
2023-02-14 08:18:07,897 [88d3c63d-3e2f-409f-802f-d9c0d2dac669-NettyServerStreamRpc-bossGroup--thread1] INFO  logging.LoggingHandler (AbstractInternalLogger.java:log(148)) - [id: 0x644046a4, L:/0:0:0:0:0:0:0:0:46651] INACTIVE
2023-02-14 08:18:07,897 [88d3c63d-3e2f-409f-802f-d9c0d2dac669-NettyServerStreamRpc-bossGroup--thread1] INFO  logging.LoggingHandler (AbstractInternalLogger.java:log(148)) - [id: 0x644046a4, L:/0:0:0:0:0:0:0:0:46651] UNREGISTERED
2023-02-14 08:18:07,906 [88d3c63d-3e2f-409f-802f-d9c0d2dac669@group-5AAE25B4E728-StateMachineUpdater] INFO  ratis.ContainerStateMachine (ContainerStateMachine.java:takeSnapshot(319)) - group-5AAE25B4E728: Finished taking a snapshot at:(t:1, i:0) file:/home/runner/work/ozone/ozone/hadoop-ozone/integration-test/target/test-dir/MiniOzoneClusterImpl-b6fac55f-b4cf-4cde-8675-802fd5a9473d/datanode-3/data/ratis/977e0f19-2caf-4054-97b0-5aae25b4e728/sm/snapshot.1_0 took: 9 ms
2023-02-14 08:18:07,906 [88d3c63d-3e2f-409f-802f-d9c0d2dac669@group-5AAE25B4E728-StateMachineUpdater] INFO  impl.StateMachineUpdater (StateMachineUpdater.java:takeSnapshot(287)) - 88d3c63d-3e2f-409f-802f-d9c0d2dac669@group-5AAE25B4E728-StateMachineUpdater: Took a snapshot at index 0
2023-02-14 08:18:07,906 [88d3c63d-3e2f-409f-802f-d9c0d2dac669@group-5AAE25B4E728-StateMachineUpdater] INFO  impl.StateMachineUpdater (StateMachineUpdater.java:lambda$new$0(92)) - 88d3c63d-3e2f-409f-802f-d9c0d2dac669@group-5AAE25B4E728-StateMachineUpdater: snapshotIndex: updateIncreasingly -1 -> 0
2023-02-14 08:18:07,907 [88d3c63d-3e2f-409f-802f-d9c0d2dac669-impl-thread1] INFO  server.RaftServer$Division (ServerState.java:close(466)) - 88d3c63d-3e2f-409f-802f-d9c0d2dac669@group-5AAE25B4E728: closes. applyIndex: 0
2023-02-14 08:18:07,907 [88d3c63d-3e2f-409f-802f-d9c0d2dac669@group-5AAE25B4E728-SegmentedRaftLogWorker] INFO  segmented.SegmentedRaftLogWorker (SegmentedRaftLogWorker.java:run(347)) - 88d3c63d-3e2f-409f-802f-d9c0d2dac669@group-5AAE25B4E728-SegmentedRaftLogWorker was interrupted, exiting. There are 0 tasks remaining in the queue.
2023-02-14 08:18:07,907 [88d3c63d-3e2f-409f-802f-d9c0d2dac669-impl-thread1] INFO  segmented.SegmentedRaftLogWorker (SegmentedRaftLogWorker.java:close(257)) - 88d3c63d-3e2f-409f-802f-d9c0d2dac669@group-5AAE25B4E728-SegmentedRaftLogWorker close()
2023-02-14 08:18:07,911 [JvmPauseMonitor4] INFO  util.JvmPauseMonitor (JvmPauseMonitor.java:run(111)) - JvmPauseMonitor-88d3c63d-3e2f-409f-802f-d9c0d2dac669: Stopped
2023-02-14 08:18:09,917 [Listener at 127.0.0.1/34711] INFO  volume.HddsVolume (HddsVolume.java:closeDbStore(362)) - SchemaV3 db is stopped at /home/runner/work/ozone/ozone/hadoop-ozone/integration-test/target/test-dir/MiniOzoneClusterImpl-b6fac55f-b4cf-4cde-8675-802fd5a9473d/datanode-3/data-0/containers/hdds/b6fac55f-b4cf-4cde-8675-802fd5a9473d/DS-f3582133-aeb9-4947-87f5-c56e3e3a88c3/container.db for volume DS-f3582133-aeb9-4947-87f5-c56e3e3a88c3
2023-02-14 08:18:09,917 [Listener at 127.0.0.1/34711] INFO  utils.BackgroundService (BackgroundService.java:shutdown(141)) - Shutting down service BlockDeletingService
2023-02-14 08:18:09,917 [Listener at 127.0.0.1/34711] INFO  utils.BackgroundService (BackgroundService.java:shutdown(141)) - Shutting down service StaleRecoveringContainerScrubbingService
2023-02-14 08:18:09,919 [Listener at 127.0.0.1/34711] INFO  statemachine.DatanodeStateMachine (DatanodeStateMachine.java:stopDaemon(600)) - Ozone container server stopped.
2023-02-14 08:18:09,927 [Listener at 127.0.0.1/34711] INFO  handler.ContextHandler (ContextHandler.java:doStop(1159)) - Stopped o.e.j.w.WebAppContext@9af31c1{hddsDatanode,/,null,STOPPED}{jar:file:/home/runner/.m2/repository/org/apache/ozone/hdds-container-service/1.4.0-SNAPSHOT/hdds-container-service-1.4.0-SNAPSHOT.jar!/webapps/hddsDatanode}
2023-02-14 08:18:09,927 [Listener at 127.0.0.1/34711] INFO  server.AbstractConnector (AbstractConnector.java:doStop(383)) - Stopped ServerConnector@277a0b1e{HTTP/1.1, (http/1.1)}{0.0.0.0:0}
2023-02-14 08:18:09,927 [Listener at 127.0.0.1/34711] INFO  server.session (HouseKeeper.java:stopScavenging(149)) - node0 Stopped scavenging
2023-02-14 08:18:09,927 [Listener at 127.0.0.1/34711] INFO  handler.ContextHandler (ContextHandler.java:doStop(1159)) - Stopped o.e.j.s.ServletContextHandler@6a3323fb{static,/static,jar:file:/home/runner/.m2/repository/org/apache/ozone/hdds-container-service/1.4.0-SNAPSHOT/hdds-container-service-1.4.0-SNAPSHOT.jar!/webapps/static,STOPPED}
2023-02-14 08:18:09,928 [Listener at 127.0.0.1/34711] INFO  handler.ContextHandler (ContextHandler.java:doStop(1159)) - Stopped o.e.j.s.ServletContextHandler@702bb00f{logs,/logs,file:///home/runner/work/ozone/ozone/hadoop-ozone/integration-test/target/log,STOPPED}
2023-02-14 08:18:09,929 [Listener at 127.0.0.1/34711] INFO  ozone.MiniOzoneClusterImpl (MiniOzoneClusterImpl.java:stopSCM(539)) - Stopping the StorageContainerManager
2023-02-14 08:18:09,929 [Listener at 127.0.0.1/34711] INFO  server.StorageContainerManager (StorageContainerManager.java:stop(1530)) - Container Balancer is not running.
2023-02-14 08:18:09,929 [Listener at 127.0.0.1/34711] INFO  server.StorageContainerManager (StorageContainerManager.java:stop(1537)) - Stopping Replication Manager Service.
2023-02-14 08:18:09,929 [Listener at 127.0.0.1/34711] INFO  replication.ReplicationManager (ReplicationManager.java:stop(294)) - Stopping Replication Monitor Thread.
2023-02-14 08:18:09,929 [Listener at 127.0.0.1/34711] INFO  server.StorageContainerManager (StorageContainerManager.java:stop(1544)) - Stopping the Datanode Admin Monitor.
2023-02-14 08:18:09,929 [Over Replicated Processor] WARN  replication.UnhealthyReplicationProcessor (UnhealthyReplicationProcessor.java:run(142)) - Over Replicated Processor interrupted. Exiting...
2023-02-14 08:18:09,929 [ReplicationMonitor] INFO  replication.ReplicationManager (ReplicationManager.java:run(735)) - Replication Monitor Thread is stopped
2023-02-14 08:18:09,929 [Listener at 127.0.0.1/34711] INFO  server.StorageContainerManager (StorageContainerManager.java:stop(1551)) - Stopping datanode service RPC server
2023-02-14 08:18:09,929 [Under Replicated Processor] WARN  replication.UnhealthyReplicationProcessor (UnhealthyReplicationProcessor.java:run(142)) - Under Replicated Processor interrupted. Exiting...
2023-02-14 08:18:09,930 [Listener at 127.0.0.1/34711] INFO  server.SCMDatanodeProtocolServer (SCMDatanodeProtocolServer.java:stop(424)) - Stopping the RPC server for DataNodes
2023-02-14 08:18:09,930 [Listener at 127.0.0.1/34711] INFO  ipc.Server (Server.java:stop(3428)) - Stopping server on 37079
2023-02-14 08:18:09,931 [IPC Server listener on 0] INFO  ipc.Server (Server.java:run(1384)) - Stopping IPC Server listener on 0
2023-02-14 08:18:09,932 [IPC Server Responder] INFO  ipc.Server (Server.java:run(1517)) - Stopping IPC Server Responder
2023-02-14 08:18:09,963 [SCM Heartbeat Processing Thread - 0] WARN  node.NodeStateManager (NodeStateManager.java:scheduleNextHealthCheck(870)) - Current Thread is interrupted, shutting down HB processing thread for Node Manager.
2023-02-14 08:18:09,963 [Listener at 127.0.0.1/34711] INFO  server.StorageContainerManager (StorageContainerManager.java:stop(1559)) - Stopping block service RPC server
2023-02-14 08:18:09,963 [Listener at 127.0.0.1/34711] INFO  server.SCMBlockProtocolServer (SCMBlockProtocolServer.java:stop(161)) - Stopping the RPC server for Block Protocol
2023-02-14 08:18:09,963 [Listener at 127.0.0.1/34711] INFO  ipc.Server (Server.java:stop(3428)) - Stopping server on 32841
2023-02-14 08:18:09,966 [IPC Server listener on 0] INFO  ipc.Server (Server.java:run(1384)) - Stopping IPC Server listener on 0
2023-02-14 08:18:09,966 [Listener at 127.0.0.1/34711] INFO  server.StorageContainerManager (StorageContainerManager.java:stop(1566)) - Stopping the StorageContainerLocationProtocol RPC server
2023-02-14 08:18:09,966 [Listener at 127.0.0.1/34711] INFO  server.SCMClientProtocolServer (SCMClientProtocolServer.java:stop(178)) - Stopping the RPC server for Client Protocol
2023-02-14 08:18:09,966 [IPC Server Responder] INFO  ipc.Server (Server.java:run(1517)) - Stopping IPC Server Responder
2023-02-14 08:18:09,966 [Listener at 127.0.0.1/34711] INFO  ipc.Server (Server.java:stop(3428)) - Stopping server on 46137
2023-02-14 08:18:09,967 [IPC Server listener on 0] INFO  ipc.Server (Server.java:run(1384)) - Stopping IPC Server listener on 0
2023-02-14 08:18:09,968 [IPC Server Responder] INFO  ipc.Server (Server.java:run(1517)) - Stopping IPC Server Responder
2023-02-14 08:18:09,968 [Listener at 127.0.0.1/34711] INFO  server.StorageContainerManager (StorageContainerManager.java:stop(1573)) - Stopping Storage Container Manager HTTP server.
2023-02-14 08:18:09,969 [Listener at 127.0.0.1/34711] INFO  handler.ContextHandler (ContextHandler.java:doStop(1159)) - Stopped o.e.j.w.WebAppContext@3074575a{scm,/,null,STOPPED}{file:/home/runner/work/ozone/ozone/hadoop-ozone/integration-test/target/test-classes/webapps/scm}
2023-02-14 08:18:09,971 [Listener at 127.0.0.1/34711] INFO  server.AbstractConnector (AbstractConnector.java:doStop(383)) - Stopped ServerConnector@2d398cfb{HTTP/1.1, (http/1.1)}{0.0.0.0:0}
2023-02-14 08:18:09,971 [Listener at 127.0.0.1/34711] INFO  server.session (HouseKeeper.java:stopScavenging(149)) - node0 Stopped scavenging
2023-02-14 08:18:09,971 [Listener at 127.0.0.1/34711] INFO  handler.ContextHandler (ContextHandler.java:doStop(1159)) - Stopped o.e.j.s.ServletContextHandler@2b0d818d{static,/static,file:///home/runner/work/ozone/ozone/hadoop-ozone/integration-test/target/test-classes/webapps/static,STOPPED}
2023-02-14 08:18:09,971 [Listener at 127.0.0.1/34711] INFO  handler.ContextHandler (ContextHandler.java:doStop(1159)) - Stopped o.e.j.s.ServletContextHandler@2c7ac998{logs,/logs,file:///home/runner/work/ozone/ozone/hadoop-ozone/integration-test/target/log,STOPPED}
2023-02-14 08:18:09,973 [Listener at 127.0.0.1/34711] INFO  server.StorageContainerManager (StorageContainerManager.java:stop(1579)) - Stopping SCM LayoutVersionManager Service.
2023-02-14 08:18:09,973 [Listener at 127.0.0.1/34711] INFO  server.StorageContainerManager (StorageContainerManager.java:stop(1587)) - Stopping Block Manager Service.
2023-02-14 08:18:09,973 [Listener at 127.0.0.1/34711] INFO  utils.BackgroundService (BackgroundService.java:shutdown(141)) - Shutting down service SCMBlockDeletingService
2023-02-14 08:18:09,973 [Listener at 127.0.0.1/34711] INFO  utils.BackgroundService (BackgroundService.java:shutdown(141)) - Shutting down service SCMBlockDeletingService
2023-02-14 08:18:09,973 [Listener at 127.0.0.1/34711] INFO  server.StorageContainerManager (StorageContainerManager.java:stop(1609)) - Stopping SCM Event Queue.
2023-02-14 08:18:09,976 [Listener at 127.0.0.1/34711] INFO  server.StorageContainerManager (StorageContainerManager.java:stop(1620)) - Stopping SCM HA services.
2023-02-14 08:18:09,977 [Listener at 127.0.0.1/34711] INFO  pipeline.BackgroundPipelineCreator (BackgroundPipelineCreator.java:stop(149)) - Stopping RatisPipelineUtilsThread.
2023-02-14 08:18:09,977 [RatisPipelineUtilsThread - 0] WARN  pipeline.BackgroundPipelineCreator (BackgroundPipelineCreator.java:run(180)) - RatisPipelineUtilsThread is interrupted.
2023-02-14 08:18:09,977 [BackgroundPipelineScrubberThread] WARN  BackgroundPipelineScrubber (BackgroundSCMService.java:run(115)) - BackgroundPipelineScrubber is interrupted, exit
2023-02-14 08:18:09,977 [Listener at 127.0.0.1/34711] INFO  BackgroundPipelineScrubber (BackgroundSCMService.java:stop(131)) - Stopping BackgroundPipelineScrubber Service.
2023-02-14 08:18:09,978 [Listener at 127.0.0.1/34711] INFO  impl.MetricsSystemImpl (MetricsSystemImpl.java:stop(210)) - Stopping XceiverClientMetrics metrics system...
2023-02-14 08:18:09,981 [prometheus] INFO  impl.MetricsSinkAdapter (MetricsSinkAdapter.java:publishMetricsFromQueue(141)) - prometheus thread interrupted.
2023-02-14 08:18:09,981 [Listener at 127.0.0.1/34711] INFO  impl.MetricsSystemImpl (MetricsSystemImpl.java:stop(216)) - XceiverClientMetrics metrics system stopped.
2023-02-14 08:18:09,982 [Listener at 127.0.0.1/34711] WARN  pipeline.BackgroundPipelineCreator (BackgroundPipelineCreator.java:stop(145)) - RatisPipelineUtilsThread is not running, just ignore.
2023-02-14 08:18:09,982 [Listener at 127.0.0.1/34711] INFO  BackgroundPipelineScrubber (BackgroundSCMService.java:stop(126)) - BackgroundPipelineScrubber Service is not running, skip stop.
2023-02-14 08:18:09,982 [ExpiredContainerReplicaOpScrubberThread] WARN  ExpiredContainerReplicaOpScrubber (BackgroundSCMService.java:run(115)) - ExpiredContainerReplicaOpScrubber is interrupted, exit
2023-02-14 08:18:09,982 [Listener at 127.0.0.1/34711] INFO  ExpiredContainerReplicaOpScrubber (BackgroundSCMService.java:stop(131)) - Stopping ExpiredContainerReplicaOpScrubber Service.
2023-02-14 08:18:09,982 [Listener at 127.0.0.1/34711] INFO  utils.BackgroundService (BackgroundService.java:shutdown(141)) - Shutting down service SCMBlockDeletingService
2023-02-14 08:18:09,982 [Listener at 127.0.0.1/34711] INFO  replication.ReplicationManager (ReplicationManager.java:stop(302)) - Replication Monitor Thread is not running.
2023-02-14 08:18:09,982 [Listener at 127.0.0.1/34711] WARN  balancer.ContainerBalancer (ContainerBalancer.java:stop(322)) - Cannot stop Container Balancer because it's not running or stopping
2023-02-14 08:18:09,983 [Listener at 127.0.0.1/34711] INFO  server.StorageContainerManager (StorageContainerManager.java:stop(1638)) - Stopping SCM MetadataStore.
2023-02-14 08:18:10,039 [Listener at 127.0.0.1/34711] WARN  server.ServerUtils (ServerUtils.java:getScmDbDir(148)) - ozone.scm.db.dirs is not configured. We recommend adding this setting. Falling back to ozone.metadata.dirs instead.
2023-02-14 08:18:10,042 [Listener at 127.0.0.1/34711] WARN  server.ServerUtils (ServerUtils.java:getScmDbDir(148)) - ozone.scm.db.dirs is not configured. We recommend adding this setting. Falling back to ozone.metadata.dirs instead.
2023-02-14 08:18:10,042 [Listener at 127.0.0.1/34711] INFO  ha.SCMHANodeDetails (SCMHANodeDetails.java:loadSCMHAConfig(209)) - ServiceID for StorageContainerManager is null
2023-02-14 08:18:10,042 [Listener at 127.0.0.1/34711] INFO  ha.SCMHANodeDetails (SCMHANodeDetails.java:loadSCMHAConfig(214)) - ozone.scm.default.service.id is not defined, falling back to ozone.scm.service.ids to find serviceID for StorageContainerManager if it is HA enabled cluster
2023-02-14 08:18:10,043 [Listener at 127.0.0.1/34711] WARN  utils.HAUtils (HAUtils.java:getMetaDir(342)) - ozone.scm.db.dirs is not configured. We recommend adding this setting. Falling back to ozone.metadata.dirs instead.
2023-02-14 08:18:10,043 [Listener at 127.0.0.1/34711] WARN  db.DBStoreBuilder (DBStoreBuilder.java:applyDBDefinition(172)) - ozone.scm.db.dirs is not configured. We recommend adding this setting. Falling back to ozone.metadata.dirs instead.
2023-02-14 08:18:10,126 [Listener at 127.0.0.1/34711] INFO  net.NodeSchemaLoader (NodeSchemaLoader.java:loadSchemaFromFile(129)) - Loading schema from [jar:file:/home/runner/.m2/repository/org/apache/ozone/hdds-common/1.4.0-SNAPSHOT/hdds-common-1.4.0-SNAPSHOT.jar!/network-topology-default.xml]
2023-02-14 08:18:10,126 [Listener at 127.0.0.1/34711] INFO  net.NodeSchemaLoader (NodeSchemaLoader.java:loadSchema(176)) - Loading network topology layer schema file
2023-02-14 08:18:10,128 [Listener at 127.0.0.1/34711] INFO  upgrade.AbstractLayoutVersionManager (AbstractLayoutVersionManager.java:init(83)) - Initializing Layout version manager with metadata layout = DATANODE_SCHEMA_V3 (version = 4), software layout = DATANODE_SCHEMA_V3 (version = 4)
2023-02-14 08:18:10,173 [Listener at 127.0.0.1/34711] INFO  reflections.Reflections (Reflections.java:scan(232)) - Reflections took 44 ms to scan 7 urls, producing 150 keys and 363 values 
2023-02-14 08:18:10,174 [Listener at 127.0.0.1/34711] INFO  ha.SequenceIdGenerator (SequenceIdGenerator.java:upgradeToSequenceId(349)) - upgrade localId to 111677748019200000
2023-02-14 08:18:10,175 [Listener at 127.0.0.1/34711] INFO  ha.SequenceIdGenerator (SequenceIdGenerator.java:upgradeToSequenceId(359)) - upgrade delTxnId to 0
2023-02-14 08:18:10,175 [Listener at 127.0.0.1/34711] INFO  ha.SequenceIdGenerator (SequenceIdGenerator.java:upgradeToSequenceId(376)) - upgrade containerId to 0
2023-02-14 08:18:10,175 [Listener at 127.0.0.1/34711] INFO  ha.SequenceIdGenerator (SequenceIdGenerator.java:<init>(220)) - Init the HA SequenceIdGenerator.
2023-02-14 08:18:10,175 [Listener at 127.0.0.1/34711] WARN  server.ServerUtils (ServerUtils.java:sanitizeUserArgs(73)) - ozone.scm.stale.node.interval value = 300000 is larger than max = 100000 based on the key value of ozone.scm.heartbeat.thread.interval, reset to the max value 100000.
2023-02-14 08:18:10,175 [Listener at 127.0.0.1/34711] WARN  server.ServerUtils (ServerUtils.java:sanitizeUserArgs(73)) - ozone.scm.stale.node.interval value = 300000 is larger than max = 100000 based on the key value of ozone.scm.heartbeat.thread.interval, reset to the max value 100000.
2023-02-14 08:18:10,175 [Listener at 127.0.0.1/34711] INFO  node.SCMNodeManager (SCMNodeManager.java:<init>(149)) - Entering startup safe mode.
2023-02-14 08:18:10,176 [Listener at 127.0.0.1/34711] INFO  algorithms.ContainerPlacementPolicyFactory (ContainerPlacementPolicyFactory.java:getPolicyInternal(86)) - Create container placement policy of type org.apache.hadoop.hdds.scm.container.placement.algorithms.SCMContainerPlacementRandom
2023-02-14 08:18:10,176 [Listener at 127.0.0.1/34711] INFO  algorithms.ContainerPlacementPolicyFactory (ContainerPlacementPolicyFactory.java:getPolicyInternal(86)) - Create container placement policy of type org.apache.hadoop.hdds.scm.container.placement.algorithms.SCMContainerPlacementRackScatter
2023-02-14 08:18:10,176 [Listener at 127.0.0.1/34711] INFO  pipeline.PipelineStateManagerImpl (PipelineStateManagerImpl.java:initialize(78)) - No pipeline exists in current db
2023-02-14 08:18:10,176 [Listener at 127.0.0.1/34711] INFO  algorithms.LeaderChoosePolicyFactory (LeaderChoosePolicyFactory.java:getPolicy(57)) - Create leader choose policy of type org.apache.hadoop.hdds.scm.pipeline.leader.choose.algorithms.MinLeaderCountChoosePolicy
2023-02-14 08:18:10,176 [Listener at 127.0.0.1/34711] INFO  algorithms.ContainerPlacementPolicyFactory (ContainerPlacementPolicyFactory.java:getPolicyInternal(86)) - Create container placement policy of type org.apache.hadoop.hdds.scm.container.placement.algorithms.SCMContainerPlacementRackScatter
2023-02-14 08:18:10,177 [Listener at 127.0.0.1/34711] INFO  ha.SCMServiceManager (SCMServiceManager.java:register(42)) - Registering service BackgroundPipelineCreator.
2023-02-14 08:18:10,177 [Listener at 127.0.0.1/34711] INFO  pipeline.BackgroundPipelineCreator (BackgroundPipelineCreator.java:start(124)) - Starting RatisPipelineUtilsThread.
2023-02-14 08:18:10,177 [Listener at 127.0.0.1/34711] INFO  BackgroundPipelineScrubber (BackgroundSCMService.java:start(68)) - Starting BackgroundPipelineScrubber Service.
2023-02-14 08:18:10,177 [Listener at 127.0.0.1/34711] INFO  ha.SCMServiceManager (SCMServiceManager.java:register(42)) - Registering service BackgroundPipelineScrubber.
2023-02-14 08:18:10,177 [Listener at 127.0.0.1/34711] INFO  ExpiredContainerReplicaOpScrubber (BackgroundSCMService.java:start(68)) - Starting ExpiredContainerReplicaOpScrubber Service.
2023-02-14 08:18:10,177 [Listener at 127.0.0.1/34711] INFO  ha.SCMServiceManager (SCMServiceManager.java:register(42)) - Registering service ExpiredContainerReplicaOpScrubber.
2023-02-14 08:18:10,178 [Listener at 127.0.0.1/34711] INFO  algorithms.PipelineChoosePolicyFactory (PipelineChoosePolicyFactory.java:createPipelineChoosePolicyFromClass(73)) - Create pipeline choose policy of type org.apache.hadoop.hdds.scm.pipeline.choose.algorithms.RandomPipelineChoosePolicy
2023-02-14 08:18:10,179 [Listener at 127.0.0.1/34711] INFO  ha.SCMServiceManager (SCMServiceManager.java:register(42)) - Registering service SCMBlockDeletingService.
2023-02-14 08:18:10,179 [Listener at 127.0.0.1/34711] INFO  replication.ReplicationManager (ReplicationManager.java:start(263)) - Starting Replication Monitor Thread.
2023-02-14 08:18:10,179 [Listener at 127.0.0.1/34711] INFO  ha.SCMServiceManager (SCMServiceManager.java:register(42)) - Registering service ReplicationManager.
2023-02-14 08:18:10,180 [Listener at 127.0.0.1/34711] INFO  safemode.ContainerSafeModeRule (ContainerSafeModeRule.java:<init>(89)) - containers with one replica threshold count 0
2023-02-14 08:18:10,180 [Listener at 127.0.0.1/34711] INFO  safemode.HealthyPipelineSafeModeRule (HealthyPipelineSafeModeRule.java:initializeRule(169)) - Total pipeline count is 0, healthy pipeline threshold count is 1
2023-02-14 08:18:10,180 [Listener at 127.0.0.1/34711] INFO  safemode.OneReplicaPipelineSafeModeRule (OneReplicaPipelineSafeModeRule.java:initializeRule(180)) - Total pipeline count is 0, pipeline's with at least one datanode reported threshold count is 0
2023-02-14 08:18:10,182 [ReplicationMonitor] INFO  replication.ReplicationManager (ReplicationManager.java:processAll(334)) - Replication Manager is not ready to run until 3000ms after safemode exit
2023-02-14 08:18:10,182 [Listener at 127.0.0.1/34711] INFO  ipc.CallQueueManager (CallQueueManager.java:<init>(90)) - Using callQueue: class java.util.concurrent.LinkedBlockingQueue, queueCapacity: 2000, scheduler: class org.apache.hadoop.ipc.DefaultRpcScheduler, ipcBackoff: false.
2023-02-14 08:18:10,183 [Socket Reader #1 for port 0] INFO  ipc.Server (Server.java:run(1273)) - Starting Socket Reader #1 for port 0
2023-02-14 08:18:10,183 [Listener at 0.0.0.0/34311] INFO  ipc.CallQueueManager (CallQueueManager.java:<init>(90)) - Using callQueue: class java.util.concurrent.LinkedBlockingQueue, queueCapacity: 2000, scheduler: class org.apache.hadoop.ipc.DefaultRpcScheduler, ipcBackoff: false.
2023-02-14 08:18:10,185 [Socket Reader #1 for port 0] INFO  ipc.Server (Server.java:run(1273)) - Starting Socket Reader #1 for port 0
2023-02-14 08:18:10,185 [Listener at 0.0.0.0/45385] INFO  ipc.CallQueueManager (CallQueueManager.java:<init>(90)) - Using callQueue: class java.util.concurrent.LinkedBlockingQueue, queueCapacity: 2000, scheduler: class org.apache.hadoop.ipc.DefaultRpcScheduler, ipcBackoff: false.
2023-02-14 08:18:10,190 [Socket Reader #1 for port 0] INFO  ipc.Server (Server.java:run(1273)) - Starting Socket Reader #1 for port 0
2023-02-14 08:18:10,204 [Listener at 0.0.0.0/46419] INFO  ha.SCMServiceManager (SCMServiceManager.java:register(42)) - Registering service ContainerBalancer.
2023-02-14 08:18:10,204 [Listener at 0.0.0.0/46419] INFO  server.StorageContainerManager (StorageContainerManager.java:<init>(401)) - 
Container Balancer status:
Key                            Value
Running                        true
Container Balancer Configuration values:
Key                                                Value
Threshold                                          10
Max Datanodes to Involve per Iteration(percent)    20
Max Size to Move per Iteration                     500GB
Max Size Entering Target per Iteration             26GB
Max Size Leaving Source per Iteration              26GB

2023-02-14 08:18:10,204 [Listener at 0.0.0.0/46419] INFO  ha.SCMContext (SCMContext.java:updateSafeModeStatus(228)) - Update SafeModeStatus from SafeModeStatus{safeModeStatus=true, preCheckPassed=false} to SafeModeStatus{safeModeStatus=true, preCheckPassed=false}.
2023-02-14 08:18:10,204 [Listener at 0.0.0.0/46419] INFO  server.StorageContainerManager (StorageContainerManager.java:start(1435)) - StorageContainerLocationProtocol RPC server is listening at /0.0.0.0:46419
2023-02-14 08:18:10,205 [Listener at 0.0.0.0/46419] WARN  impl.MetricsConfig (MetricsConfig.java:loadFirst(136)) - Cannot locate configuration: tried hadoop-metrics2-storagecontainermanager.properties,hadoop-metrics2.properties
2023-02-14 08:18:10,208 [Listener at 0.0.0.0/46419] INFO  impl.MetricsSystemImpl (MetricsSystemImpl.java:startTimer(378)) - Scheduled Metric snapshot period at 10 second(s).
2023-02-14 08:18:10,208 [Listener at 0.0.0.0/46419] INFO  impl.MetricsSystemImpl (MetricsSystemImpl.java:start(191)) - StorageContainerManager metrics system started
2023-02-14 08:18:10,264 [Listener at 0.0.0.0/46419] INFO  impl.MetricsSinkAdapter (MetricsSinkAdapter.java:start(204)) - Sink prometheus started
2023-02-14 08:18:10,265 [Listener at 0.0.0.0/46419] INFO  impl.MetricsSystemImpl (MetricsSystemImpl.java:registerSink(305)) - Registered sink prometheus
2023-02-14 08:18:10,281 [Listener at 0.0.0.0/46419] INFO  server.SCMClientProtocolServer (SCMClientProtocolServer.java:start(169)) - RPC server for Client  is listening at /0.0.0.0:46419
2023-02-14 08:18:10,282 [IPC Server Responder] INFO  ipc.Server (Server.java:run(1512)) - IPC Server Responder: starting
2023-02-14 08:18:10,282 [IPC Server listener on 0] INFO  ipc.Server (Server.java:run(1352)) - IPC Server listener on 0: starting
2023-02-14 08:18:10,289 [Listener at 0.0.0.0/46419] INFO  server.StorageContainerManager (StorageContainerManager.java:start(1449)) - ScmBlockLocationProtocol RPC server is listening at /0.0.0.0:45385
2023-02-14 08:18:10,289 [Listener at 0.0.0.0/46419] INFO  server.SCMBlockProtocolServer (SCMBlockProtocolServer.java:start(152)) - RPC server for Block Protocol is listening at /0.0.0.0:45385
2023-02-14 08:18:10,289 [IPC Server Responder] INFO  ipc.Server (Server.java:run(1512)) - IPC Server Responder: starting
2023-02-14 08:18:10,292 [Listener at 0.0.0.0/46419] INFO  server.SCMDatanodeProtocolServer (SCMDatanodeProtocolServer.java:start(193)) - ScmDatanodeProtocol RPC server for DataNodes is listening at /0.0.0.0:34311
2023-02-14 08:18:10,292 [IPC Server Responder] INFO  ipc.Server (Server.java:run(1512)) - IPC Server Responder: starting
2023-02-14 08:18:10,292 [IPC Server listener on 0] INFO  ipc.Server (Server.java:run(1352)) - IPC Server listener on 0: starting
2023-02-14 08:18:10,295 [IPC Server listener on 0] INFO  ipc.Server (Server.java:run(1352)) - IPC Server listener on 0: starting
2023-02-14 08:18:10,299 [org.apache.hadoop.util.JvmPauseMonitor$Monitor@138fbbd9] INFO  util.JvmPauseMonitor (JvmPauseMonitor.java:run(188)) - Starting JVM pause monitor
2023-02-14 08:18:10,299 [Listener at 0.0.0.0/46419] INFO  http.BaseHttpServer (BaseHttpServer.java:newHttpServer2BuilderForOzone(213)) - Starting Web-server for scm at: http://0.0.0.0:0
2023-02-14 08:18:10,299 [Listener at 0.0.0.0/46419] INFO  http.BaseHttpServer (BaseHttpServer.java:<init>(108)) - Hadoop Security Enabled: false Ozone Security Enabled: false Ozone HTTP Security Enabled: false 
2023-02-14 08:18:10,300 [Listener at 0.0.0.0/46419] WARN  server.AuthenticationFilter (AuthenticationFilter.java:constructSecretProvider(240)) - Unable to initialize FileSignerSecretProvider, falling back to use random secrets. Reason: Could not read signature secret file: /home/runner/hadoop-http-auth-signature-secret
2023-02-14 08:18:10,303 [Listener at 0.0.0.0/46419] WARN  http.HttpRequestLog (HttpRequestLog.java:getRequestLog(103)) - Jetty request log can only be enabled using Log4j
2023-02-14 08:18:10,305 [Listener at 0.0.0.0/46419] INFO  http.HttpServer2 (HttpServer2.java:addGlobalFilter(1031)) - Added global filter 'safety' (class=org.apache.hadoop.hdds.server.http.HttpServer2$QuotingInputFilter)
2023-02-14 08:18:10,306 [Listener at 0.0.0.0/46419] INFO  http.HttpServer2 (HttpServer2.java:addFilter(1007)) - Added filter static_user_filter (class=org.apache.hadoop.http.lib.StaticUserWebFilter$StaticUserFilter) to context scm
2023-02-14 08:18:10,306 [Listener at 0.0.0.0/46419] INFO  http.HttpServer2 (HttpServer2.java:addFilter(1015)) - Added filter static_user_filter (class=org.apache.hadoop.http.lib.StaticUserWebFilter$StaticUserFilter) to context logs
2023-02-14 08:18:10,306 [Listener at 0.0.0.0/46419] INFO  http.HttpServer2 (HttpServer2.java:addFilter(1015)) - Added filter static_user_filter (class=org.apache.hadoop.http.lib.StaticUserWebFilter$StaticUserFilter) to context static
2023-02-14 08:18:10,307 [Listener at 0.0.0.0/46419] INFO  http.HttpServer2 (HttpServer2.java:bindListener(1250)) - Jetty bound to port 45611
2023-02-14 08:18:10,307 [Listener at 0.0.0.0/46419] INFO  server.Server (Server.java:doStart(375)) - jetty-9.4.49.v20220914; built: 2022-09-14T01:07:36.601Z; git: 4231a3b2e4cb8548a412a789936d640a97b1aa0a; jvm 1.8.0_362-b09
2023-02-14 08:18:10,308 [Listener at 0.0.0.0/46419] INFO  server.session (DefaultSessionIdManager.java:doStart(334)) - DefaultSessionIdManager workerName=node0
2023-02-14 08:18:10,308 [Listener at 0.0.0.0/46419] INFO  server.session (DefaultSessionIdManager.java:doStart(339)) - No SessionScavenger set, using defaults
2023-02-14 08:18:10,308 [Listener at 0.0.0.0/46419] INFO  server.session (HouseKeeper.java:startScavenging(132)) - node0 Scavenging every 660000ms
2023-02-14 08:18:10,309 [Listener at 0.0.0.0/46419] INFO  handler.ContextHandler (ContextHandler.java:doStart(921)) - Started o.e.j.s.ServletContextHandler@426de59f{logs,/logs,file:///home/runner/work/ozone/ozone/hadoop-ozone/integration-test/target/log,AVAILABLE}
2023-02-14 08:18:10,309 [Listener at 0.0.0.0/46419] INFO  handler.ContextHandler (ContextHandler.java:doStart(921)) - Started o.e.j.s.ServletContextHandler@483f19a3{static,/static,file:///home/runner/work/ozone/ozone/hadoop-ozone/integration-test/target/test-classes/webapps/static,AVAILABLE}
2023-02-14 08:18:10,312 [Listener at 0.0.0.0/46419] INFO  handler.ContextHandler (ContextHandler.java:doStart(921)) - Started o.e.j.w.WebAppContext@2b3fe9e{scm,/,file:///home/runner/work/ozone/ozone/hadoop-ozone/integration-test/target/test-classes/webapps/scm/,AVAILABLE}{file:/home/runner/work/ozone/ozone/hadoop-ozone/integration-test/target/test-classes/webapps/scm}
2023-02-14 08:18:10,313 [Listener at 0.0.0.0/46419] INFO  server.AbstractConnector (AbstractConnector.java:doStart(333)) - Started ServerConnector@17a12b32{HTTP/1.1, (http/1.1)}{0.0.0.0:45611}
2023-02-14 08:18:10,313 [Listener at 0.0.0.0/46419] INFO  server.Server (Server.java:doStart(415)) - Started @66390ms
2023-02-14 08:18:10,314 [Listener at 0.0.0.0/46419] WARN  impl.MetricsSystemImpl (MetricsSystemImpl.java:register(279)) - Sink prometheus already exists!
2023-02-14 08:18:10,314 [Listener at 0.0.0.0/46419] INFO  http.BaseHttpServer (BaseHttpServer.java:updateConnectorAddress(333)) - HTTP server of scm listening at http://0.0.0.0:45611
2023-02-14 08:18:10,314 [Listener at 0.0.0.0/46419] WARN  server.ServerUtils (ServerUtils.java:getDBPath(225)) - ozone.om.db.dirs is not configured. We recommend adding this setting. Falling back to ozone.metadata.dirs instead.
2023-02-14 08:18:10,315 [Listener at 0.0.0.0/46419] INFO  ha.OMHANodeDetails (OMHANodeDetails.java:loadOMHAConfig(115)) - ozone.om.internal.service.id is not defined, falling back to ozone.om.service.ids to find serviceID for OzoneManager if it is HA enabled cluster
2023-02-14 08:18:10,315 [Listener at 0.0.0.0/46419] INFO  ha.OMHANodeDetails (OMHANodeDetails.java:loadOMHAConfig(226)) - Configuration does not have ozone.om.address set. Falling back to the default OM address /127.0.0.1:0
2023-02-14 08:18:10,316 [Listener at 0.0.0.0/46419] INFO  ha.OMHANodeDetails (OMHANodeDetails.java:getOMNodeDetailsForNonHA(254)) - OM Service ID is not set. Setting it to the default ID: omServiceIdDefault
2023-02-14 08:18:10,316 [Listener at 0.0.0.0/46419] INFO  ha.OMHANodeDetails (OMHANodeDetails.java:getOMNodeDetailsForNonHA(261)) - OM Node ID is not set. Setting it to the default ID: om1
2023-02-14 08:18:10,316 [Listener at 0.0.0.0/46419] WARN  server.ServerUtils (ServerUtils.java:getDBPath(225)) - ozone.om.db.dirs is not configured. We recommend adding this setting. Falling back to ozone.metadata.dirs instead.
2023-02-14 08:18:10,316 [Listener at 0.0.0.0/46419] INFO  upgrade.AbstractLayoutVersionManager (AbstractLayoutVersionManager.java:init(83)) - Initializing Layout version manager with metadata layout = MULTITENANCY_SCHEMA (version = 3), software layout = MULTITENANCY_SCHEMA (version = 3)
2023-02-14 08:18:10,399 [Listener at 0.0.0.0/46419] INFO  reflections.Reflections (Reflections.java:scan(232)) - Reflections took 80 ms to scan 2 urls, producing 162 keys and 450 values [using 2 cores]
2023-02-14 08:18:10,399 [Listener at 0.0.0.0/46419] INFO  upgrade.OMLayoutVersionManager (OMLayoutVersionManager.java:lambda$0(115)) - Skipping Upgrade Action MockOmUpgradeAction since it has been finalized.
2023-02-14 08:18:10,399 [Listener at 0.0.0.0/46419] WARN  server.ServerUtils (ServerUtils.java:getDBPath(225)) - ozone.om.db.dirs is not configured. We recommend adding this setting. Falling back to ozone.metadata.dirs instead.
2023-02-14 08:18:10,400 [Listener at 0.0.0.0/46419] INFO  proxy.SCMBlockLocationFailoverProxyProvider (SCMBlockLocationFailoverProxyProvider.java:<init>(114)) - Created block location fail-over proxy with 1 nodes: [nodeId=scmNodeId,nodeAddress=/0.0.0.0:45385]
2023-02-14 08:18:10,401 [Listener at 0.0.0.0/46419] INFO  proxy.SCMBlockLocationFailoverProxyProvider (SCMBlockLocationFailoverProxyProvider.java:<init>(114)) - Created block location fail-over proxy with 1 nodes: [nodeId=scmNodeId,nodeAddress=/0.0.0.0:45385]
2023-02-14 08:18:10,413 [Listener at 0.0.0.0/46419] INFO  om.OzoneManager (OzoneManager.java:<init>(615)) - OM start with adminUsers: [runner]
2023-02-14 08:18:10,414 [Listener at 0.0.0.0/46419] WARN  server.ServerUtils (ServerUtils.java:getDBPath(225)) - ozone.om.db.dirs is not configured. We recommend adding this setting. Falling back to ozone.metadata.dirs instead.
2023-02-14 08:18:10,414 [Listener at 0.0.0.0/46419] INFO  codec.OmKeyInfoCodec (OmKeyInfoCodec.java:<init>(49)) - OmKeyInfoCodec ignorePipeline = true
2023-02-14 08:18:10,415 [Listener at 0.0.0.0/46419] INFO  codec.RepeatedOmKeyInfoCodec (RepeatedOmKeyInfoCodec.java:<init>(41)) - RepeatedOmKeyInfoCodec ignorePipeline = true
2023-02-14 08:18:10,570 [Listener at 0.0.0.0/46419] INFO  om.OzoneManager (OzoneManager.java:instantiateServices(745)) - S3 Multi-Tenancy is disabled
2023-02-14 08:18:10,571 [Listener at 0.0.0.0/46419] INFO  om.OzoneManager (OzoneManager.java:addS3GVolumeToDB(4172)) - Created Volume s3v With Owner runner required for S3Gateway operations.
2023-02-14 08:18:10,571 [Listener at 0.0.0.0/46419] INFO  om.OzoneManager (OzoneManager.java:getRpcServer(1128)) - Creating RPC Server
2023-02-14 08:18:10,929 [Listener at 0.0.0.0/46419] INFO  reflections.Reflections (Reflections.java:scan(232)) - Reflections took 355 ms to scan 19 urls, producing 69 keys and 4763 values [using 2 cores]
2023-02-14 08:18:10,930 [Listener at 0.0.0.0/46419] INFO  ipc.CallQueueManager (CallQueueManager.java:<init>(90)) - Using callQueue: class java.util.concurrent.LinkedBlockingQueue, queueCapacity: 2000, scheduler: class org.apache.hadoop.ipc.DefaultRpcScheduler, ipcBackoff: false.
2023-02-14 08:18:10,931 [Socket Reader #1 for port 0] INFO  ipc.Server (Server.java:run(1273)) - Starting Socket Reader #1 for port 0
2023-02-14 08:18:10,950 [Listener at 127.0.0.1/34455] INFO  impl.MetricsSystemImpl (MetricsSystemImpl.java:init(158)) - OzoneManager metrics system started (again)
2023-02-14 08:18:10,961 [Listener at 127.0.0.1/34455] INFO  om.OzoneManager (OzoneManager.java:start(1548)) - OzoneManager RPC server is listening at localhost/127.0.0.1:34455
2023-02-14 08:18:10,961 [Listener at 127.0.0.1/34455] INFO  om.OzoneManager (OzoneManager.java:start(1564)) - Version File has different layout version (3) than OM DB (null). That is expected if this OM has never been finalized to a newer layout version.
2023-02-14 08:18:10,967 [Listener at 127.0.0.1/34455] INFO  http.BaseHttpServer (BaseHttpServer.java:newHttpServer2BuilderForOzone(213)) - Starting Web-server for ozoneManager at: http://0.0.0.0:0
2023-02-14 08:18:10,967 [Listener at 127.0.0.1/34455] INFO  http.BaseHttpServer (BaseHttpServer.java:<init>(108)) - Hadoop Security Enabled: false Ozone Security Enabled: false Ozone HTTP Security Enabled: false 
2023-02-14 08:18:10,968 [Listener at 127.0.0.1/34455] WARN  server.AuthenticationFilter (AuthenticationFilter.java:constructSecretProvider(240)) - Unable to initialize FileSignerSecretProvider, falling back to use random secrets. Reason: Could not read signature secret file: /home/runner/hadoop-http-auth-signature-secret
2023-02-14 08:18:10,970 [Listener at 127.0.0.1/34455] WARN  http.HttpRequestLog (HttpRequestLog.java:getRequestLog(103)) - Jetty request log can only be enabled using Log4j
2023-02-14 08:18:10,971 [Listener at 127.0.0.1/34455] INFO  http.HttpServer2 (HttpServer2.java:addGlobalFilter(1031)) - Added global filter 'safety' (class=org.apache.hadoop.hdds.server.http.HttpServer2$QuotingInputFilter)
2023-02-14 08:18:10,972 [Listener at 127.0.0.1/34455] INFO  http.HttpServer2 (HttpServer2.java:addFilter(1007)) - Added filter static_user_filter (class=org.apache.hadoop.http.lib.StaticUserWebFilter$StaticUserFilter) to context ozoneManager
2023-02-14 08:18:10,972 [Listener at 127.0.0.1/34455] INFO  http.HttpServer2 (HttpServer2.java:addFilter(1015)) - Added filter static_user_filter (class=org.apache.hadoop.http.lib.StaticUserWebFilter$StaticUserFilter) to context static
2023-02-14 08:18:10,972 [Listener at 127.0.0.1/34455] INFO  http.HttpServer2 (HttpServer2.java:addFilter(1015)) - Added filter static_user_filter (class=org.apache.hadoop.http.lib.StaticUserWebFilter$StaticUserFilter) to context logs
2023-02-14 08:18:10,976 [Listener at 127.0.0.1/34455] INFO  http.HttpServer2 (HttpServer2.java:bindListener(1250)) - Jetty bound to port 35497
2023-02-14 08:18:10,976 [Listener at 127.0.0.1/34455] INFO  server.Server (Server.java:doStart(375)) - jetty-9.4.49.v20220914; built: 2022-09-14T01:07:36.601Z; git: 4231a3b2e4cb8548a412a789936d640a97b1aa0a; jvm 1.8.0_362-b09
2023-02-14 08:18:10,982 [Listener at 127.0.0.1/34455] INFO  server.session (DefaultSessionIdManager.java:doStart(334)) - DefaultSessionIdManager workerName=node0
2023-02-14 08:18:10,982 [Listener at 127.0.0.1/34455] INFO  server.session (DefaultSessionIdManager.java:doStart(339)) - No SessionScavenger set, using defaults
2023-02-14 08:18:10,982 [Listener at 127.0.0.1/34455] INFO  server.session (HouseKeeper.java:startScavenging(132)) - node0 Scavenging every 660000ms
2023-02-14 08:18:10,983 [Listener at 127.0.0.1/34455] INFO  handler.ContextHandler (ContextHandler.java:doStart(921)) - Started o.e.j.s.ServletContextHandler@48af0ee6{logs,/logs,file:///home/runner/work/ozone/ozone/hadoop-ozone/integration-test/target/log,AVAILABLE}
2023-02-14 08:18:10,983 [Listener at 127.0.0.1/34455] INFO  handler.ContextHandler (ContextHandler.java:doStart(921)) - Started o.e.j.s.ServletContextHandler@5fde3b6d{static,/static,file:///home/runner/work/ozone/ozone/hadoop-ozone/integration-test/target/test-classes/webapps/static,AVAILABLE}
2023-02-14 08:18:10,987 [Listener at 127.0.0.1/34455] INFO  handler.ContextHandler (ContextHandler.java:doStart(921)) - Started o.e.j.w.WebAppContext@2858d94d{ozoneManager,/,file:///home/runner/work/ozone/ozone/hadoop-ozone/integration-test/target/test-classes/webapps/ozoneManager/,AVAILABLE}{file:/home/runner/work/ozone/ozone/hadoop-ozone/integration-test/target/test-classes/webapps/ozoneManager}
2023-02-14 08:18:10,988 [Listener at 127.0.0.1/34455] INFO  server.AbstractConnector (AbstractConnector.java:doStart(333)) - Started ServerConnector@d6e9960{HTTP/1.1, (http/1.1)}{0.0.0.0:35497}
2023-02-14 08:18:10,988 [Listener at 127.0.0.1/34455] INFO  server.Server (Server.java:doStart(415)) - Started @67065ms
2023-02-14 08:18:10,989 [Listener at 127.0.0.1/34455] WARN  impl.MetricsSystemImpl (MetricsSystemImpl.java:register(279)) - Sink prometheus already exists!
2023-02-14 08:18:10,989 [Listener at 127.0.0.1/34455] INFO  http.BaseHttpServer (BaseHttpServer.java:updateConnectorAddress(333)) - HTTP server of ozoneManager listening at http://0.0.0.0:35497
2023-02-14 08:18:10,989 [IPC Server Responder] INFO  ipc.Server (Server.java:run(1512)) - IPC Server Responder: starting
2023-02-14 08:18:10,991 [IPC Server listener on 0] INFO  ipc.Server (Server.java:run(1352)) - IPC Server listener on 0: starting
2023-02-14 08:18:10,996 [Listener at 127.0.0.1/34455] INFO  om.TrashPolicyOzone (TrashPolicyOzone.java:<init>(277)) - Ozone Manager trash configuration: Deletion interval = 0 minutes, Emptier interval = 0 minutes.
2023-02-14 08:18:10,996 [org.apache.hadoop.util.JvmPauseMonitor$Monitor@15bfa1f1] INFO  util.JvmPauseMonitor (JvmPauseMonitor.java:run(188)) - Starting JVM pause monitor
2023-02-14 08:18:11,015 [Listener at 127.0.0.1/34455] INFO  impl.MetricsSystemImpl (MetricsSystemImpl.java:init(158)) - HddsDatanode metrics system started (again)
2023-02-14 08:18:11,027 [Listener at 127.0.0.1/34455] INFO  ozone.HddsDatanodeService (HddsDatanodeService.java:start(228)) - HddsDatanodeService host:fv-az476-382.2mevl5kwmm3ezivwarakluutxb.phxx.internal.cloudapp.net ip:10.1.0.19
2023-02-14 08:18:11,041 [Listener at 127.0.0.1/34455] INFO  upgrade.AbstractLayoutVersionManager (AbstractLayoutVersionManager.java:init(83)) - Initializing Layout version manager with metadata layout = DATANODE_SCHEMA_V3 (version = 4), software layout = DATANODE_SCHEMA_V3 (version = 4)
2023-02-14 08:18:11,092 [Listener at 127.0.0.1/34455] INFO  reflections.Reflections (Reflections.java:scan(232)) - Reflections took 50 ms to scan 7 urls, producing 150 keys and 363 values 
2023-02-14 08:18:11,095 [Listener at 127.0.0.1/34455] INFO  statemachine.DatanodeStateMachine (DatanodeStateMachine.java:getEndPointTaskThreadPoolSize(260)) - Datanode State Machine Task Thread Pool size 2
2023-02-14 08:18:11,099 [Listener at 127.0.0.1/34455] INFO  volume.HddsVolume (HddsVolume.java:<init>(122)) - Creating HddsVolume: /home/runner/work/ozone/ozone/hadoop-ozone/integration-test/target/test-dir/MiniOzoneClusterImpl-48139d39-b3ff-469d-bfde-a70ccbd6566f/datanode-0/data-0/containers/hdds of storage type : DISK capacity : 9223372036854775807
2023-02-14 08:18:11,099 [Listener at 127.0.0.1/34455] INFO  volume.MutableVolumeSet (MutableVolumeSet.java:initializeVolumeSet(174)) - Added Volume : /home/runner/work/ozone/ozone/hadoop-ozone/integration-test/target/test-dir/MiniOzoneClusterImpl-48139d39-b3ff-469d-bfde-a70ccbd6566f/datanode-0/data-0/containers/hdds to VolumeSet
2023-02-14 08:18:11,099 [Listener at 127.0.0.1/34455] INFO  volume.ThrottledAsyncChecker (ThrottledAsyncChecker.java:schedule(141)) - Scheduling a check for /home/runner/work/ozone/ozone/hadoop-ozone/integration-test/target/test-dir/MiniOzoneClusterImpl-48139d39-b3ff-469d-bfde-a70ccbd6566f/datanode-0/data-0/containers/hdds
2023-02-14 08:18:11,101 [Listener at 127.0.0.1/34455] INFO  volume.StorageVolumeChecker (StorageVolumeChecker.java:checkAllVolumes(202)) - Scheduled health check for volume /home/runner/work/ozone/ozone/hadoop-ozone/integration-test/target/test-dir/MiniOzoneClusterImpl-48139d39-b3ff-469d-bfde-a70ccbd6566f/datanode-0/data-0/containers/hdds
2023-02-14 08:18:11,114 [Listener at 127.0.0.1/34455] INFO  volume.MutableVolumeSet (MutableVolumeSet.java:initializeVolumeSet(174)) - Added Volume : /home/runner/work/ozone/ozone/hadoop-ozone/integration-test/target/test-dir/MiniOzoneClusterImpl-48139d39-b3ff-469d-bfde-a70ccbd6566f/datanode-0/data/ratis to VolumeSet
2023-02-14 08:18:11,114 [Listener at 127.0.0.1/34455] INFO  volume.ThrottledAsyncChecker (ThrottledAsyncChecker.java:schedule(141)) - Scheduling a check for /home/runner/work/ozone/ozone/hadoop-ozone/integration-test/target/test-dir/MiniOzoneClusterImpl-48139d39-b3ff-469d-bfde-a70ccbd6566f/datanode-0/data/ratis
2023-02-14 08:18:11,114 [Listener at 127.0.0.1/34455] INFO  volume.StorageVolumeChecker (StorageVolumeChecker.java:checkAllVolumes(202)) - Scheduled health check for volume /home/runner/work/ozone/ozone/hadoop-ozone/integration-test/target/test-dir/MiniOzoneClusterImpl-48139d39-b3ff-469d-bfde-a70ccbd6566f/datanode-0/data/ratis
2023-02-14 08:18:11,126 [Thread-604] INFO  ozoneimpl.ContainerReader (ContainerReader.java:readVolume(175)) - Finish verifying containers on volume /home/runner/work/ozone/ozone/hadoop-ozone/integration-test/target/test-dir/MiniOzoneClusterImpl-48139d39-b3ff-469d-bfde-a70ccbd6566f/datanode-0/data-0/containers/hdds
2023-02-14 08:18:11,126 [Listener at 127.0.0.1/34455] INFO  ozoneimpl.OzoneContainer (OzoneContainer.java:buildContainerSet(304)) - Build ContainerSet costs 0s
2023-02-14 08:18:11,129 [Listener at 127.0.0.1/34455] INFO  server.RaftServer (ConfUtils.java:logGet(46)) - raft.rpc.type = GRPC (default)
2023-02-14 08:18:11,130 [Listener at 127.0.0.1/34455] INFO  grpc.GrpcConfigKeys (ConfUtils.java:logFallback(53)) - raft.grpc.admin.host = null (fallback to raft.grpc.server.host)
2023-02-14 08:18:11,130 [Listener at 127.0.0.1/34455] INFO  grpc.GrpcConfigKeys (ConfUtils.java:logGet(46)) - raft.grpc.admin.port = 0 (custom)
2023-02-14 08:18:11,130 [Listener at 127.0.0.1/34455] INFO  grpc.GrpcConfigKeys (ConfUtils.java:logFallback(53)) - raft.grpc.client.host = null (fallback to raft.grpc.server.host)
2023-02-14 08:18:11,130 [Listener at 127.0.0.1/34455] INFO  grpc.GrpcConfigKeys (ConfUtils.java:logGet(46)) - raft.grpc.client.port = 0 (custom)
2023-02-14 08:18:11,130 [Listener at 127.0.0.1/34455] INFO  grpc.GrpcConfigKeys (ConfUtils.java:logGet(46)) - raft.grpc.server.host = null (default)
2023-02-14 08:18:11,130 [Listener at 127.0.0.1/34455] INFO  grpc.GrpcConfigKeys (ConfUtils.java:logGet(46)) - raft.grpc.server.port = 0 (default)
2023-02-14 08:18:11,130 [Listener at 127.0.0.1/34455] INFO  server.GrpcService (ConfUtils.java:logGet(46)) - raft.grpc.message.size.max = 32MB (=33554432) (custom)
2023-02-14 08:18:11,130 [Listener at 127.0.0.1/34455] INFO  server.RaftServerConfigKeys (ConfUtils.java:logGet(46)) - raft.server.log.appender.buffer.byte-limit = 33554432 (custom)
2023-02-14 08:18:11,130 [Listener at 127.0.0.1/34455] INFO  server.GrpcService (ConfUtils.java:logGet(46)) - raft.grpc.flow.control.window = 5MB (=5242880) (custom)
2023-02-14 08:18:11,130 [Listener at 127.0.0.1/34455] INFO  server.RaftServerConfigKeys (ConfUtils.java:logGet(46)) - raft.server.rpc.request.timeout = 60s (custom)
2023-02-14 08:18:11,131 [Listener at 127.0.0.1/34455] INFO  grpc.GrpcConfigKeys (ConfUtils.java:logGet(46)) - raft.grpc.server.heartbeat.channel = true (default)
2023-02-14 08:18:11,131 [Listener at 127.0.0.1/34455] INFO  grpc.GrpcConfigKeys (ConfUtils.java:logGet(46)) - raft.grpc.server.async.request.thread.pool.cached = true (default)
2023-02-14 08:18:11,131 [Listener at 127.0.0.1/34455] INFO  grpc.GrpcConfigKeys (ConfUtils.java:logGet(46)) - raft.grpc.server.async.request.thread.pool.size = 32 (default)
2023-02-14 08:18:11,132 [Listener at 127.0.0.1/34455] INFO  impl.DataStreamServerImpl (ConfUtils.java:logGet(46)) - raft.datastream.type = NETTY (custom)
2023-02-14 08:18:11,132 [Listener at 127.0.0.1/34455] INFO  server.RaftServerConfigKeys (ConfUtils.java:logGet(46)) - raft.server.data-stream.async.request.thread.pool.cached = false (default)
2023-02-14 08:18:11,132 [Listener at 127.0.0.1/34455] INFO  server.RaftServerConfigKeys (ConfUtils.java:logGet(46)) - raft.server.data-stream.async.request.thread.pool.size = 20 (custom)
2023-02-14 08:18:11,132 [Listener at 127.0.0.1/34455] INFO  server.RaftServerConfigKeys (ConfUtils.java:logGet(46)) - raft.server.data-stream.async.write.thread.pool.size = 16 (default)
2023-02-14 08:18:11,132 [Listener at 127.0.0.1/34455] INFO  server.RaftServerConfigKeys (ConfUtils.java:logGet(46)) - raft.server.data-stream.client.pool.size = 10 (default)
2023-02-14 08:18:11,132 [Listener at 127.0.0.1/34455] INFO  netty.NettyConfigKeys$DataStream (ConfUtils.java:logGet(46)) - raft.netty.dataStream.server.use-epoll = false (default)
2023-02-14 08:18:11,133 [Listener at 127.0.0.1/34455] INFO  netty.NettyConfigKeys$DataStream (ConfUtils.java:logGet(46)) - raft.netty.dataStream.server.boss-group.size = 0 (default)
2023-02-14 08:18:11,133 [Listener at 127.0.0.1/34455] INFO  netty.NettyConfigKeys$DataStream (ConfUtils.java:logGet(46)) - raft.netty.dataStream.server.worker-group.size = 0 (default)
2023-02-14 08:18:11,133 [Listener at 127.0.0.1/34455] INFO  netty.NettyConfigKeys$DataStream (ConfUtils.java:logGet(46)) - raft.netty.dataStream.server.tls.conf = null (default)
2023-02-14 08:18:11,133 [Listener at 127.0.0.1/34455] INFO  netty.NettyConfigKeys$DataStream (ConfUtils.java:logGet(46)) - raft.netty.dataStream.host = null (default)
2023-02-14 08:18:11,133 [Listener at 127.0.0.1/34455] INFO  netty.NettyConfigKeys$DataStream (ConfUtils.java:logGet(46)) - raft.netty.dataStream.port = 0 (default)
2023-02-14 08:18:11,134 [Listener at 127.0.0.1/34455] INFO  server.RaftServerConfigKeys (ConfUtils.java:logGet(46)) - raft.server.threadpool.proxy.cached = true (default)
2023-02-14 08:18:11,134 [Listener at 127.0.0.1/34455] INFO  server.RaftServerConfigKeys (ConfUtils.java:logGet(46)) - raft.server.threadpool.proxy.size = 0 (default)
2023-02-14 08:18:11,134 [Listener at 127.0.0.1/34455] INFO  server.RaftServerConfigKeys (ConfUtils.java:logGet(46)) - raft.server.rpc.slowness.timeout = 300s (custom)
2023-02-14 08:18:11,134 [Listener at 127.0.0.1/34455] INFO  server.RaftServerConfigKeys (ConfUtils.java:logGet(46)) - raft.server.leaderelection.leader.step-down.wait-time = 10s (default)
2023-02-14 08:18:11,135 [Listener at 127.0.0.1/34455] INFO  server.RaftServerConfigKeys (ConfUtils.java:logGet(46)) - raft.server.storage.dir = [/home/runner/work/ozone/ozone/hadoop-ozone/integration-test/target/test-dir/MiniOzoneClusterImpl-48139d39-b3ff-469d-bfde-a70ccbd6566f/datanode-0/data/ratis] (custom)
2023-02-14 08:18:11,136 [Listener at 127.0.0.1/34455] INFO  server.XceiverServerGrpc (XceiverServerGrpc.java:<init>(132)) - GrpcServer channel type EpollServerSocketChannel
2023-02-14 08:18:11,138 [ad6dcd81-1875-4667-9f21-c7397548b1ba-NettyServerStreamRpc-bossGroup--thread1] INFO  logging.LoggingHandler (AbstractInternalLogger.java:log(148)) - [id: 0x58da1743] REGISTERED
2023-02-14 08:18:11,138 [ad6dcd81-1875-4667-9f21-c7397548b1ba-NettyServerStreamRpc-bossGroup--thread1] INFO  logging.LoggingHandler (AbstractInternalLogger.java:log(148)) - [id: 0x58da1743] BIND: 0.0.0.0/0.0.0.0:0
2023-02-14 08:18:11,138 [ad6dcd81-1875-4667-9f21-c7397548b1ba-NettyServerStreamRpc-bossGroup--thread1] INFO  logging.LoggingHandler (AbstractInternalLogger.java:log(148)) - [id: 0x58da1743, L:/0:0:0:0:0:0:0:0:34273] ACTIVE
2023-02-14 08:18:11,143 [Listener at 127.0.0.1/34455] INFO  http.BaseHttpServer (BaseHttpServer.java:newHttpServer2BuilderForOzone(213)) - Starting Web-server for hddsDatanode at: http://0.0.0.0:0
2023-02-14 08:18:11,143 [Listener at 127.0.0.1/34455] INFO  http.BaseHttpServer (BaseHttpServer.java:<init>(108)) - Hadoop Security Enabled: false Ozone Security Enabled: false Ozone HTTP Security Enabled: false 
2023-02-14 08:18:11,146 [Listener at 127.0.0.1/34455] WARN  server.AuthenticationFilter (AuthenticationFilter.java:constructSecretProvider(240)) - Unable to initialize FileSignerSecretProvider, falling back to use random secrets. Reason: Could not read signature secret file: /home/runner/hadoop-http-auth-signature-secret
2023-02-14 08:18:11,146 [Listener at 127.0.0.1/34455] WARN  http.HttpRequestLog (HttpRequestLog.java:getRequestLog(103)) - Jetty request log can only be enabled using Log4j
2023-02-14 08:18:11,148 [Listener at 127.0.0.1/34455] INFO  http.HttpServer2 (HttpServer2.java:addGlobalFilter(1031)) - Added global filter 'safety' (class=org.apache.hadoop.hdds.server.http.HttpServer2$QuotingInputFilter)
2023-02-14 08:18:11,148 [Listener at 127.0.0.1/34455] INFO  http.HttpServer2 (HttpServer2.java:addFilter(1007)) - Added filter static_user_filter (class=org.apache.hadoop.http.lib.StaticUserWebFilter$StaticUserFilter) to context hddsDatanode
2023-02-14 08:18:11,148 [Listener at 127.0.0.1/34455] INFO  http.HttpServer2 (HttpServer2.java:addFilter(1015)) - Added filter static_user_filter (class=org.apache.hadoop.http.lib.StaticUserWebFilter$StaticUserFilter) to context logs
2023-02-14 08:18:11,149 [Listener at 127.0.0.1/34455] INFO  http.HttpServer2 (HttpServer2.java:addFilter(1015)) - Added filter static_user_filter (class=org.apache.hadoop.http.lib.StaticUserWebFilter$StaticUserFilter) to context static
2023-02-14 08:18:11,149 [Listener at 127.0.0.1/34455] INFO  http.HttpServer2 (HttpServer2.java:bindListener(1250)) - Jetty bound to port 34911
2023-02-14 08:18:11,149 [Listener at 127.0.0.1/34455] INFO  server.Server (Server.java:doStart(375)) - jetty-9.4.49.v20220914; built: 2022-09-14T01:07:36.601Z; git: 4231a3b2e4cb8548a412a789936d640a97b1aa0a; jvm 1.8.0_362-b09
2023-02-14 08:18:11,154 [Listener at 127.0.0.1/34455] INFO  server.session (DefaultSessionIdManager.java:doStart(334)) - DefaultSessionIdManager workerName=node0
2023-02-14 08:18:11,154 [Listener at 127.0.0.1/34455] INFO  server.session (DefaultSessionIdManager.java:doStart(339)) - No SessionScavenger set, using defaults
2023-02-14 08:18:11,155 [Listener at 127.0.0.1/34455] INFO  server.session (HouseKeeper.java:startScavenging(132)) - node0 Scavenging every 660000ms
2023-02-14 08:18:11,155 [Listener at 127.0.0.1/34455] INFO  handler.ContextHandler (ContextHandler.java:doStart(921)) - Started o.e.j.s.ServletContextHandler@5cd1e346{logs,/logs,file:///home/runner/work/ozone/ozone/hadoop-ozone/integration-test/target/log,AVAILABLE}
2023-02-14 08:18:11,155 [Listener at 127.0.0.1/34455] INFO  handler.ContextHandler (ContextHandler.java:doStart(921)) - Started o.e.j.s.ServletContextHandler@7f25741f{static,/static,jar:file:/home/runner/.m2/repository/org/apache/ozone/hdds-container-service/1.4.0-SNAPSHOT/hdds-container-service-1.4.0-SNAPSHOT.jar!/webapps/static,AVAILABLE}
2023-02-14 08:18:11,354 [Listener at 127.0.0.1/34455] INFO  handler.ContextHandler (ContextHandler.java:doStart(921)) - Started o.e.j.w.WebAppContext@50ebfc4f{hddsDatanode,/,file:///tmp/jetty-0_0_0_0-34911-hdds-container-service-1_4_0-SNAPSHOT_jar-_-any-916031079705391774/webapp/,AVAILABLE}{jar:file:/home/runner/.m2/repository/org/apache/ozone/hdds-container-service/1.4.0-SNAPSHOT/hdds-container-service-1.4.0-SNAPSHOT.jar!/webapps/hddsDatanode}
2023-02-14 08:18:11,355 [Listener at 127.0.0.1/34455] INFO  server.AbstractConnector (AbstractConnector.java:doStart(333)) - Started ServerConnector@4adc7e4e{HTTP/1.1, (http/1.1)}{0.0.0.0:34911}
2023-02-14 08:18:11,355 [Listener at 127.0.0.1/34455] INFO  server.Server (Server.java:doStart(415)) - Started @67431ms
2023-02-14 08:18:11,355 [Listener at 127.0.0.1/34455] WARN  impl.MetricsSystemImpl (MetricsSystemImpl.java:register(279)) - Sink prometheus already exists!
2023-02-14 08:18:11,356 [Listener at 127.0.0.1/34455] INFO  http.BaseHttpServer (BaseHttpServer.java:updateConnectorAddress(333)) - HTTP server of hddsDatanode listening at http://0.0.0.0:34911
2023-02-14 08:18:11,358 [Listener at 127.0.0.1/34455] WARN  impl.MetricRegistriesImpl (MetricRegistriesImpl.java:addReporterRegistration(111)) - New reporters are added after registries were created. Some metrics will be missing from the reporter. Please add reporter before adding any new registry.
2023-02-14 08:18:11,358 [Listener at 127.0.0.1/34455] WARN  impl.MetricRegistriesImpl (MetricRegistriesImpl.java:addReporterRegistration(111)) - New reporters are added after registries were created. Some metrics will be missing from the reporter. Please add reporter before adding any new registry.
2023-02-14 08:18:11,358 [Listener at 127.0.0.1/34455] INFO  impl.MetricsSystemImpl (MetricsSystemImpl.java:init(158)) - HddsDatanode metrics system started (again)
2023-02-14 08:18:11,362 [Datanode State Machine Daemon Thread] INFO  statemachine.DatanodeStateMachine (DatanodeStateMachine.java:lambda$startDaemon$0(516)) - Ozone container server started.
2023-02-14 08:18:11,371 [Listener at 127.0.0.1/34455] INFO  ozone.HddsDatanodeService (HddsDatanodeService.java:start(228)) - HddsDatanodeService host:fv-az476-382.2mevl5kwmm3ezivwarakluutxb.phxx.internal.cloudapp.net ip:10.1.0.19
2023-02-14 08:18:11,378 [org.apache.hadoop.util.JvmPauseMonitor$Monitor@785d349b] INFO  util.JvmPauseMonitor (JvmPauseMonitor.java:run(188)) - Starting JVM pause monitor
2023-02-14 08:18:11,384 [Datanode State Machine Task Thread - 0] INFO  datanode.InitDatanodeState (InitDatanodeState.java:persistContainerDatanodeDetails(138)) - DatanodeDetails is persisted to /home/runner/work/ozone/ozone/hadoop-ozone/integration-test/target/test-dir/MiniOzoneClusterImpl-48139d39-b3ff-469d-bfde-a70ccbd6566f/datanode-0/meta/datanode.id
2023-02-14 08:18:11,389 [Listener at 127.0.0.1/34455] INFO  upgrade.AbstractLayoutVersionManager (AbstractLayoutVersionManager.java:init(83)) - Initializing Layout version manager with metadata layout = DATANODE_SCHEMA_V3 (version = 4), software layout = DATANODE_SCHEMA_V3 (version = 4)
2023-02-14 08:18:11,433 [Listener at 127.0.0.1/34455] INFO  reflections.Reflections (Reflections.java:scan(232)) - Reflections took 43 ms to scan 7 urls, producing 150 keys and 363 values 
2023-02-14 08:18:11,434 [Listener at 127.0.0.1/34455] INFO  statemachine.DatanodeStateMachine (DatanodeStateMachine.java:getEndPointTaskThreadPoolSize(260)) - Datanode State Machine Task Thread Pool size 2
2023-02-14 08:18:11,437 [Listener at 127.0.0.1/34455] INFO  volume.HddsVolume (HddsVolume.java:<init>(122)) - Creating HddsVolume: /home/runner/work/ozone/ozone/hadoop-ozone/integration-test/target/test-dir/MiniOzoneClusterImpl-48139d39-b3ff-469d-bfde-a70ccbd6566f/datanode-1/data-0/containers/hdds of storage type : DISK capacity : 9223372036854775807
2023-02-14 08:18:11,437 [Listener at 127.0.0.1/34455] INFO  volume.MutableVolumeSet (MutableVolumeSet.java:initializeVolumeSet(174)) - Added Volume : /home/runner/work/ozone/ozone/hadoop-ozone/integration-test/target/test-dir/MiniOzoneClusterImpl-48139d39-b3ff-469d-bfde-a70ccbd6566f/datanode-1/data-0/containers/hdds to VolumeSet
2023-02-14 08:18:11,437 [Listener at 127.0.0.1/34455] INFO  volume.ThrottledAsyncChecker (ThrottledAsyncChecker.java:schedule(141)) - Scheduling a check for /home/runner/work/ozone/ozone/hadoop-ozone/integration-test/target/test-dir/MiniOzoneClusterImpl-48139d39-b3ff-469d-bfde-a70ccbd6566f/datanode-1/data-0/containers/hdds
2023-02-14 08:18:11,438 [Listener at 127.0.0.1/34455] INFO  volume.StorageVolumeChecker (StorageVolumeChecker.java:checkAllVolumes(202)) - Scheduled health check for volume /home/runner/work/ozone/ozone/hadoop-ozone/integration-test/target/test-dir/MiniOzoneClusterImpl-48139d39-b3ff-469d-bfde-a70ccbd6566f/datanode-1/data-0/containers/hdds
2023-02-14 08:18:11,448 [Listener at 127.0.0.1/34455] INFO  volume.MutableVolumeSet (MutableVolumeSet.java:initializeVolumeSet(174)) - Added Volume : /home/runner/work/ozone/ozone/hadoop-ozone/integration-test/target/test-dir/MiniOzoneClusterImpl-48139d39-b3ff-469d-bfde-a70ccbd6566f/datanode-1/data/ratis to VolumeSet
2023-02-14 08:18:11,448 [Listener at 127.0.0.1/34455] INFO  volume.ThrottledAsyncChecker (ThrottledAsyncChecker.java:schedule(141)) - Scheduling a check for /home/runner/work/ozone/ozone/hadoop-ozone/integration-test/target/test-dir/MiniOzoneClusterImpl-48139d39-b3ff-469d-bfde-a70ccbd6566f/datanode-1/data/ratis
2023-02-14 08:18:11,449 [Listener at 127.0.0.1/34455] INFO  volume.StorageVolumeChecker (StorageVolumeChecker.java:checkAllVolumes(202)) - Scheduled health check for volume /home/runner/work/ozone/ozone/hadoop-ozone/integration-test/target/test-dir/MiniOzoneClusterImpl-48139d39-b3ff-469d-bfde-a70ccbd6566f/datanode-1/data/ratis
2023-02-14 08:18:11,459 [Thread-618] INFO  ozoneimpl.ContainerReader (ContainerReader.java:readVolume(175)) - Finish verifying containers on volume /home/runner/work/ozone/ozone/hadoop-ozone/integration-test/target/test-dir/MiniOzoneClusterImpl-48139d39-b3ff-469d-bfde-a70ccbd6566f/datanode-1/data-0/containers/hdds
2023-02-14 08:18:11,459 [Listener at 127.0.0.1/34455] INFO  ozoneimpl.OzoneContainer (OzoneContainer.java:buildContainerSet(304)) - Build ContainerSet costs 0s
2023-02-14 08:18:11,461 [Listener at 127.0.0.1/34455] INFO  server.RaftServer (ConfUtils.java:logGet(46)) - raft.rpc.type = GRPC (default)
2023-02-14 08:18:11,461 [Listener at 127.0.0.1/34455] INFO  grpc.GrpcConfigKeys (ConfUtils.java:logFallback(53)) - raft.grpc.admin.host = null (fallback to raft.grpc.server.host)
2023-02-14 08:18:11,461 [Listener at 127.0.0.1/34455] INFO  grpc.GrpcConfigKeys (ConfUtils.java:logGet(46)) - raft.grpc.admin.port = 0 (custom)
2023-02-14 08:18:11,461 [Listener at 127.0.0.1/34455] INFO  grpc.GrpcConfigKeys (ConfUtils.java:logFallback(53)) - raft.grpc.client.host = null (fallback to raft.grpc.server.host)
2023-02-14 08:18:11,462 [Listener at 127.0.0.1/34455] INFO  grpc.GrpcConfigKeys (ConfUtils.java:logGet(46)) - raft.grpc.client.port = 0 (custom)
2023-02-14 08:18:11,462 [Listener at 127.0.0.1/34455] INFO  grpc.GrpcConfigKeys (ConfUtils.java:logGet(46)) - raft.grpc.server.host = null (default)
2023-02-14 08:18:11,462 [Listener at 127.0.0.1/34455] INFO  grpc.GrpcConfigKeys (ConfUtils.java:logGet(46)) - raft.grpc.server.port = 0 (default)
2023-02-14 08:18:11,462 [Listener at 127.0.0.1/34455] INFO  server.GrpcService (ConfUtils.java:logGet(46)) - raft.grpc.message.size.max = 32MB (=33554432) (custom)
2023-02-14 08:18:11,462 [Listener at 127.0.0.1/34455] INFO  server.RaftServerConfigKeys (ConfUtils.java:logGet(46)) - raft.server.log.appender.buffer.byte-limit = 33554432 (custom)
2023-02-14 08:18:11,462 [Listener at 127.0.0.1/34455] INFO  server.GrpcService (ConfUtils.java:logGet(46)) - raft.grpc.flow.control.window = 5MB (=5242880) (custom)
2023-02-14 08:18:11,462 [Listener at 127.0.0.1/34455] INFO  server.RaftServerConfigKeys (ConfUtils.java:logGet(46)) - raft.server.rpc.request.timeout = 60s (custom)
2023-02-14 08:18:11,462 [Listener at 127.0.0.1/34455] INFO  grpc.GrpcConfigKeys (ConfUtils.java:logGet(46)) - raft.grpc.server.heartbeat.channel = true (default)
2023-02-14 08:18:11,462 [Listener at 127.0.0.1/34455] INFO  grpc.GrpcConfigKeys (ConfUtils.java:logGet(46)) - raft.grpc.server.async.request.thread.pool.cached = true (default)
2023-02-14 08:18:11,462 [Listener at 127.0.0.1/34455] INFO  grpc.GrpcConfigKeys (ConfUtils.java:logGet(46)) - raft.grpc.server.async.request.thread.pool.size = 32 (default)
2023-02-14 08:18:11,463 [Listener at 127.0.0.1/34455] INFO  impl.DataStreamServerImpl (ConfUtils.java:logGet(46)) - raft.datastream.type = NETTY (custom)
2023-02-14 08:18:11,463 [Listener at 127.0.0.1/34455] INFO  server.RaftServerConfigKeys (ConfUtils.java:logGet(46)) - raft.server.data-stream.async.request.thread.pool.cached = false (default)
2023-02-14 08:18:11,463 [Listener at 127.0.0.1/34455] INFO  server.RaftServerConfigKeys (ConfUtils.java:logGet(46)) - raft.server.data-stream.async.request.thread.pool.size = 20 (custom)
2023-02-14 08:18:11,464 [Listener at 127.0.0.1/34455] INFO  server.RaftServerConfigKeys (ConfUtils.java:logGet(46)) - raft.server.data-stream.async.write.thread.pool.size = 16 (default)
2023-02-14 08:18:11,464 [Listener at 127.0.0.1/34455] INFO  server.RaftServerConfigKeys (ConfUtils.java:logGet(46)) - raft.server.data-stream.client.pool.size = 10 (default)
2023-02-14 08:18:11,464 [Listener at 127.0.0.1/34455] INFO  netty.NettyConfigKeys$DataStream (ConfUtils.java:logGet(46)) - raft.netty.dataStream.server.use-epoll = false (default)
2023-02-14 08:18:11,464 [Listener at 127.0.0.1/34455] INFO  netty.NettyConfigKeys$DataStream (ConfUtils.java:logGet(46)) - raft.netty.dataStream.server.boss-group.size = 0 (default)
2023-02-14 08:18:11,464 [Listener at 127.0.0.1/34455] INFO  netty.NettyConfigKeys$DataStream (ConfUtils.java:logGet(46)) - raft.netty.dataStream.server.worker-group.size = 0 (default)
2023-02-14 08:18:11,464 [Listener at 127.0.0.1/34455] INFO  netty.NettyConfigKeys$DataStream (ConfUtils.java:logGet(46)) - raft.netty.dataStream.server.tls.conf = null (default)
2023-02-14 08:18:11,464 [Listener at 127.0.0.1/34455] INFO  netty.NettyConfigKeys$DataStream (ConfUtils.java:logGet(46)) - raft.netty.dataStream.host = null (default)
2023-02-14 08:18:11,465 [Listener at 127.0.0.1/34455] INFO  netty.NettyConfigKeys$DataStream (ConfUtils.java:logGet(46)) - raft.netty.dataStream.port = 0 (default)
2023-02-14 08:18:11,465 [Listener at 127.0.0.1/34455] INFO  server.RaftServerConfigKeys (ConfUtils.java:logGet(46)) - raft.server.threadpool.proxy.cached = true (default)
2023-02-14 08:18:11,465 [Listener at 127.0.0.1/34455] INFO  server.RaftServerConfigKeys (ConfUtils.java:logGet(46)) - raft.server.threadpool.proxy.size = 0 (default)
2023-02-14 08:18:11,465 [Listener at 127.0.0.1/34455] INFO  server.RaftServerConfigKeys (ConfUtils.java:logGet(46)) - raft.server.rpc.slowness.timeout = 300s (custom)
2023-02-14 08:18:11,465 [Listener at 127.0.0.1/34455] INFO  server.RaftServerConfigKeys (ConfUtils.java:logGet(46)) - raft.server.leaderelection.leader.step-down.wait-time = 10s (default)
2023-02-14 08:18:11,465 [Listener at 127.0.0.1/34455] INFO  server.RaftServerConfigKeys (ConfUtils.java:logGet(46)) - raft.server.storage.dir = [/home/runner/work/ozone/ozone/hadoop-ozone/integration-test/target/test-dir/MiniOzoneClusterImpl-48139d39-b3ff-469d-bfde-a70ccbd6566f/datanode-1/data/ratis] (custom)
2023-02-14 08:18:11,466 [31091561-319b-44fe-8343-13da60b8022d-NettyServerStreamRpc-bossGroup--thread1] INFO  logging.LoggingHandler (AbstractInternalLogger.java:log(148)) - [id: 0xd6627fb2] REGISTERED
2023-02-14 08:18:11,466 [31091561-319b-44fe-8343-13da60b8022d-NettyServerStreamRpc-bossGroup--thread1] INFO  logging.LoggingHandler (AbstractInternalLogger.java:log(148)) - [id: 0xd6627fb2] BIND: 0.0.0.0/0.0.0.0:0
2023-02-14 08:18:11,466 [31091561-319b-44fe-8343-13da60b8022d-NettyServerStreamRpc-bossGroup--thread1] INFO  logging.LoggingHandler (AbstractInternalLogger.java:log(148)) - [id: 0xd6627fb2, L:/0:0:0:0:0:0:0:0:37967] ACTIVE
2023-02-14 08:18:11,467 [Listener at 127.0.0.1/34455] INFO  server.XceiverServerGrpc (XceiverServerGrpc.java:<init>(132)) - GrpcServer channel type EpollServerSocketChannel
2023-02-14 08:18:11,469 [Listener at 127.0.0.1/34455] INFO  http.BaseHttpServer (BaseHttpServer.java:newHttpServer2BuilderForOzone(213)) - Starting Web-server for hddsDatanode at: http://0.0.0.0:0
2023-02-14 08:18:11,469 [Listener at 127.0.0.1/34455] INFO  http.BaseHttpServer (BaseHttpServer.java:<init>(108)) - Hadoop Security Enabled: false Ozone Security Enabled: false Ozone HTTP Security Enabled: false 
2023-02-14 08:18:11,470 [Listener at 127.0.0.1/34455] WARN  server.AuthenticationFilter (AuthenticationFilter.java:constructSecretProvider(240)) - Unable to initialize FileSignerSecretProvider, falling back to use random secrets. Reason: Could not read signature secret file: /home/runner/hadoop-http-auth-signature-secret
2023-02-14 08:18:11,474 [Listener at 127.0.0.1/34455] WARN  http.HttpRequestLog (HttpRequestLog.java:getRequestLog(103)) - Jetty request log can only be enabled using Log4j
2023-02-14 08:18:11,475 [Listener at 127.0.0.1/34455] INFO  http.HttpServer2 (HttpServer2.java:addGlobalFilter(1031)) - Added global filter 'safety' (class=org.apache.hadoop.hdds.server.http.HttpServer2$QuotingInputFilter)
2023-02-14 08:18:11,476 [Listener at 127.0.0.1/34455] INFO  http.HttpServer2 (HttpServer2.java:addFilter(1007)) - Added filter static_user_filter (class=org.apache.hadoop.http.lib.StaticUserWebFilter$StaticUserFilter) to context hddsDatanode
2023-02-14 08:18:11,476 [Listener at 127.0.0.1/34455] INFO  http.HttpServer2 (HttpServer2.java:addFilter(1015)) - Added filter static_user_filter (class=org.apache.hadoop.http.lib.StaticUserWebFilter$StaticUserFilter) to context logs
2023-02-14 08:18:11,476 [Listener at 127.0.0.1/34455] INFO  http.HttpServer2 (HttpServer2.java:addFilter(1015)) - Added filter static_user_filter (class=org.apache.hadoop.http.lib.StaticUserWebFilter$StaticUserFilter) to context static
2023-02-14 08:18:11,477 [Listener at 127.0.0.1/34455] INFO  http.HttpServer2 (HttpServer2.java:bindListener(1250)) - Jetty bound to port 44945
2023-02-14 08:18:11,477 [Listener at 127.0.0.1/34455] INFO  server.Server (Server.java:doStart(375)) - jetty-9.4.49.v20220914; built: 2022-09-14T01:07:36.601Z; git: 4231a3b2e4cb8548a412a789936d640a97b1aa0a; jvm 1.8.0_362-b09
2023-02-14 08:18:11,478 [Listener at 127.0.0.1/34455] INFO  server.session (DefaultSessionIdManager.java:doStart(334)) - DefaultSessionIdManager workerName=node0
2023-02-14 08:18:11,478 [Listener at 127.0.0.1/34455] INFO  server.session (DefaultSessionIdManager.java:doStart(339)) - No SessionScavenger set, using defaults
2023-02-14 08:18:11,478 [Listener at 127.0.0.1/34455] INFO  server.session (HouseKeeper.java:startScavenging(132)) - node0 Scavenging every 660000ms
2023-02-14 08:18:11,479 [Listener at 127.0.0.1/34455] INFO  handler.ContextHandler (ContextHandler.java:doStart(921)) - Started o.e.j.s.ServletContextHandler@723eb328{logs,/logs,file:///home/runner/work/ozone/ozone/hadoop-ozone/integration-test/target/log,AVAILABLE}
2023-02-14 08:18:11,479 [Listener at 127.0.0.1/34455] INFO  handler.ContextHandler (ContextHandler.java:doStart(921)) - Started o.e.j.s.ServletContextHandler@4e41a15a{static,/static,jar:file:/home/runner/.m2/repository/org/apache/ozone/hdds-container-service/1.4.0-SNAPSHOT/hdds-container-service-1.4.0-SNAPSHOT.jar!/webapps/static,AVAILABLE}
2023-02-14 08:18:11,675 [Listener at 127.0.0.1/34455] INFO  handler.ContextHandler (ContextHandler.java:doStart(921)) - Started o.e.j.w.WebAppContext@36cfb0a7{hddsDatanode,/,file:///tmp/jetty-0_0_0_0-44945-hdds-container-service-1_4_0-SNAPSHOT_jar-_-any-725523837560592625/webapp/,AVAILABLE}{jar:file:/home/runner/.m2/repository/org/apache/ozone/hdds-container-service/1.4.0-SNAPSHOT/hdds-container-service-1.4.0-SNAPSHOT.jar!/webapps/hddsDatanode}
2023-02-14 08:18:11,676 [Listener at 127.0.0.1/34455] INFO  server.AbstractConnector (AbstractConnector.java:doStart(333)) - Started ServerConnector@4318cdec{HTTP/1.1, (http/1.1)}{0.0.0.0:44945}
2023-02-14 08:18:11,676 [Listener at 127.0.0.1/34455] INFO  server.Server (Server.java:doStart(415)) - Started @67752ms
2023-02-14 08:18:11,676 [Listener at 127.0.0.1/34455] WARN  impl.MetricsSystemImpl (MetricsSystemImpl.java:register(279)) - Sink prometheus already exists!
2023-02-14 08:18:11,677 [Listener at 127.0.0.1/34455] INFO  http.BaseHttpServer (BaseHttpServer.java:updateConnectorAddress(333)) - HTTP server of hddsDatanode listening at http://0.0.0.0:44945
2023-02-14 08:18:11,677 [Listener at 127.0.0.1/34455] WARN  impl.MetricRegistriesImpl (MetricRegistriesImpl.java:addReporterRegistration(111)) - New reporters are added after registries were created. Some metrics will be missing from the reporter. Please add reporter before adding any new registry.
2023-02-14 08:18:11,677 [Listener at 127.0.0.1/34455] WARN  impl.MetricRegistriesImpl (MetricRegistriesImpl.java:addReporterRegistration(111)) - New reporters are added after registries were created. Some metrics will be missing from the reporter. Please add reporter before adding any new registry.
2023-02-14 08:18:11,677 [Listener at 127.0.0.1/34455] INFO  impl.MetricsSystemImpl (MetricsSystemImpl.java:init(158)) - HddsDatanode metrics system started (again)
2023-02-14 08:18:11,681 [Datanode State Machine Daemon Thread] INFO  statemachine.DatanodeStateMachine (DatanodeStateMachine.java:lambda$startDaemon$0(516)) - Ozone container server started.
2023-02-14 08:18:11,689 [org.apache.hadoop.util.JvmPauseMonitor$Monitor@21c8f7ee] INFO  util.JvmPauseMonitor (JvmPauseMonitor.java:run(188)) - Starting JVM pause monitor
2023-02-14 08:18:11,690 [Listener at 127.0.0.1/34455] INFO  ozone.HddsDatanodeService (HddsDatanodeService.java:start(228)) - HddsDatanodeService host:fv-az476-382.2mevl5kwmm3ezivwarakluutxb.phxx.internal.cloudapp.net ip:10.1.0.19
2023-02-14 08:18:11,691 [Datanode State Machine Task Thread - 0] INFO  datanode.InitDatanodeState (InitDatanodeState.java:persistContainerDatanodeDetails(138)) - DatanodeDetails is persisted to /home/runner/work/ozone/ozone/hadoop-ozone/integration-test/target/test-dir/MiniOzoneClusterImpl-48139d39-b3ff-469d-bfde-a70ccbd6566f/datanode-1/meta/datanode.id
2023-02-14 08:18:11,703 [Listener at 127.0.0.1/34455] INFO  upgrade.AbstractLayoutVersionManager (AbstractLayoutVersionManager.java:init(83)) - Initializing Layout version manager with metadata layout = DATANODE_SCHEMA_V3 (version = 4), software layout = DATANODE_SCHEMA_V3 (version = 4)
2023-02-14 08:18:11,747 [Listener at 127.0.0.1/34455] INFO  reflections.Reflections (Reflections.java:scan(232)) - Reflections took 43 ms to scan 7 urls, producing 150 keys and 363 values 
2023-02-14 08:18:11,748 [Listener at 127.0.0.1/34455] INFO  statemachine.DatanodeStateMachine (DatanodeStateMachine.java:getEndPointTaskThreadPoolSize(260)) - Datanode State Machine Task Thread Pool size 2
2023-02-14 08:18:11,751 [Listener at 127.0.0.1/34455] INFO  volume.HddsVolume (HddsVolume.java:<init>(122)) - Creating HddsVolume: /home/runner/work/ozone/ozone/hadoop-ozone/integration-test/target/test-dir/MiniOzoneClusterImpl-48139d39-b3ff-469d-bfde-a70ccbd6566f/datanode-2/data-0/containers/hdds of storage type : DISK capacity : 9223372036854775807
2023-02-14 08:18:11,751 [Listener at 127.0.0.1/34455] INFO  volume.MutableVolumeSet (MutableVolumeSet.java:initializeVolumeSet(174)) - Added Volume : /home/runner/work/ozone/ozone/hadoop-ozone/integration-test/target/test-dir/MiniOzoneClusterImpl-48139d39-b3ff-469d-bfde-a70ccbd6566f/datanode-2/data-0/containers/hdds to VolumeSet
2023-02-14 08:18:11,751 [Listener at 127.0.0.1/34455] INFO  volume.ThrottledAsyncChecker (ThrottledAsyncChecker.java:schedule(141)) - Scheduling a check for /home/runner/work/ozone/ozone/hadoop-ozone/integration-test/target/test-dir/MiniOzoneClusterImpl-48139d39-b3ff-469d-bfde-a70ccbd6566f/datanode-2/data-0/containers/hdds
2023-02-14 08:18:11,751 [Listener at 127.0.0.1/34455] INFO  volume.StorageVolumeChecker (StorageVolumeChecker.java:checkAllVolumes(202)) - Scheduled health check for volume /home/runner/work/ozone/ozone/hadoop-ozone/integration-test/target/test-dir/MiniOzoneClusterImpl-48139d39-b3ff-469d-bfde-a70ccbd6566f/datanode-2/data-0/containers/hdds
2023-02-14 08:18:11,762 [Listener at 127.0.0.1/34455] INFO  volume.MutableVolumeSet (MutableVolumeSet.java:initializeVolumeSet(174)) - Added Volume : /home/runner/work/ozone/ozone/hadoop-ozone/integration-test/target/test-dir/MiniOzoneClusterImpl-48139d39-b3ff-469d-bfde-a70ccbd6566f/datanode-2/data/ratis to VolumeSet
2023-02-14 08:18:11,763 [Listener at 127.0.0.1/34455] INFO  volume.ThrottledAsyncChecker (ThrottledAsyncChecker.java:schedule(141)) - Scheduling a check for /home/runner/work/ozone/ozone/hadoop-ozone/integration-test/target/test-dir/MiniOzoneClusterImpl-48139d39-b3ff-469d-bfde-a70ccbd6566f/datanode-2/data/ratis
2023-02-14 08:18:11,763 [Listener at 127.0.0.1/34455] INFO  volume.StorageVolumeChecker (StorageVolumeChecker.java:checkAllVolumes(202)) - Scheduled health check for volume /home/runner/work/ozone/ozone/hadoop-ozone/integration-test/target/test-dir/MiniOzoneClusterImpl-48139d39-b3ff-469d-bfde-a70ccbd6566f/datanode-2/data/ratis
2023-02-14 08:18:11,773 [Thread-632] INFO  ozoneimpl.ContainerReader (ContainerReader.java:readVolume(175)) - Finish verifying containers on volume /home/runner/work/ozone/ozone/hadoop-ozone/integration-test/target/test-dir/MiniOzoneClusterImpl-48139d39-b3ff-469d-bfde-a70ccbd6566f/datanode-2/data-0/containers/hdds
2023-02-14 08:18:11,774 [Listener at 127.0.0.1/34455] INFO  ozoneimpl.OzoneContainer (OzoneContainer.java:buildContainerSet(304)) - Build ContainerSet costs 0s
2023-02-14 08:18:11,777 [Listener at 127.0.0.1/34455] INFO  server.RaftServer (ConfUtils.java:logGet(46)) - raft.rpc.type = GRPC (default)
2023-02-14 08:18:11,777 [Listener at 127.0.0.1/34455] INFO  grpc.GrpcConfigKeys (ConfUtils.java:logFallback(53)) - raft.grpc.admin.host = null (fallback to raft.grpc.server.host)
2023-02-14 08:18:11,777 [Listener at 127.0.0.1/34455] INFO  grpc.GrpcConfigKeys (ConfUtils.java:logGet(46)) - raft.grpc.admin.port = 0 (custom)
2023-02-14 08:18:11,777 [Listener at 127.0.0.1/34455] INFO  grpc.GrpcConfigKeys (ConfUtils.java:logFallback(53)) - raft.grpc.client.host = null (fallback to raft.grpc.server.host)
2023-02-14 08:18:11,777 [Listener at 127.0.0.1/34455] INFO  grpc.GrpcConfigKeys (ConfUtils.java:logGet(46)) - raft.grpc.client.port = 0 (custom)
2023-02-14 08:18:11,778 [Listener at 127.0.0.1/34455] INFO  grpc.GrpcConfigKeys (ConfUtils.java:logGet(46)) - raft.grpc.server.host = null (default)
2023-02-14 08:18:11,778 [Listener at 127.0.0.1/34455] INFO  grpc.GrpcConfigKeys (ConfUtils.java:logGet(46)) - raft.grpc.server.port = 0 (default)
2023-02-14 08:18:11,778 [Listener at 127.0.0.1/34455] INFO  server.GrpcService (ConfUtils.java:logGet(46)) - raft.grpc.message.size.max = 32MB (=33554432) (custom)
2023-02-14 08:18:11,778 [Listener at 127.0.0.1/34455] INFO  server.RaftServerConfigKeys (ConfUtils.java:logGet(46)) - raft.server.log.appender.buffer.byte-limit = 33554432 (custom)
2023-02-14 08:18:11,778 [Listener at 127.0.0.1/34455] INFO  server.GrpcService (ConfUtils.java:logGet(46)) - raft.grpc.flow.control.window = 5MB (=5242880) (custom)
2023-02-14 08:18:11,778 [Listener at 127.0.0.1/34455] INFO  server.RaftServerConfigKeys (ConfUtils.java:logGet(46)) - raft.server.rpc.request.timeout = 60s (custom)
2023-02-14 08:18:11,778 [Listener at 127.0.0.1/34455] INFO  grpc.GrpcConfigKeys (ConfUtils.java:logGet(46)) - raft.grpc.server.heartbeat.channel = true (default)
2023-02-14 08:18:11,778 [Listener at 127.0.0.1/34455] INFO  grpc.GrpcConfigKeys (ConfUtils.java:logGet(46)) - raft.grpc.server.async.request.thread.pool.cached = true (default)
2023-02-14 08:18:11,778 [Listener at 127.0.0.1/34455] INFO  grpc.GrpcConfigKeys (ConfUtils.java:logGet(46)) - raft.grpc.server.async.request.thread.pool.size = 32 (default)
2023-02-14 08:18:11,780 [Listener at 127.0.0.1/34455] INFO  impl.DataStreamServerImpl (ConfUtils.java:logGet(46)) - raft.datastream.type = NETTY (custom)
2023-02-14 08:18:11,780 [Listener at 127.0.0.1/34455] INFO  server.RaftServerConfigKeys (ConfUtils.java:logGet(46)) - raft.server.data-stream.async.request.thread.pool.cached = false (default)
2023-02-14 08:18:11,780 [Listener at 127.0.0.1/34455] INFO  server.RaftServerConfigKeys (ConfUtils.java:logGet(46)) - raft.server.data-stream.async.request.thread.pool.size = 20 (custom)
2023-02-14 08:18:11,781 [Listener at 127.0.0.1/34455] INFO  server.RaftServerConfigKeys (ConfUtils.java:logGet(46)) - raft.server.data-stream.async.write.thread.pool.size = 16 (default)
2023-02-14 08:18:11,781 [Listener at 127.0.0.1/34455] INFO  server.RaftServerConfigKeys (ConfUtils.java:logGet(46)) - raft.server.data-stream.client.pool.size = 10 (default)
2023-02-14 08:18:11,781 [Listener at 127.0.0.1/34455] INFO  netty.NettyConfigKeys$DataStream (ConfUtils.java:logGet(46)) - raft.netty.dataStream.server.use-epoll = false (default)
2023-02-14 08:18:11,781 [Listener at 127.0.0.1/34455] INFO  netty.NettyConfigKeys$DataStream (ConfUtils.java:logGet(46)) - raft.netty.dataStream.server.boss-group.size = 0 (default)
2023-02-14 08:18:11,781 [Listener at 127.0.0.1/34455] INFO  netty.NettyConfigKeys$DataStream (ConfUtils.java:logGet(46)) - raft.netty.dataStream.server.worker-group.size = 0 (default)
2023-02-14 08:18:11,781 [Listener at 127.0.0.1/34455] INFO  netty.NettyConfigKeys$DataStream (ConfUtils.java:logGet(46)) - raft.netty.dataStream.server.tls.conf = null (default)
2023-02-14 08:18:11,781 [Listener at 127.0.0.1/34455] INFO  netty.NettyConfigKeys$DataStream (ConfUtils.java:logGet(46)) - raft.netty.dataStream.host = null (default)
2023-02-14 08:18:11,782 [Listener at 127.0.0.1/34455] INFO  netty.NettyConfigKeys$DataStream (ConfUtils.java:logGet(46)) - raft.netty.dataStream.port = 0 (default)
2023-02-14 08:18:11,782 [Listener at 127.0.0.1/34455] INFO  server.RaftServerConfigKeys (ConfUtils.java:logGet(46)) - raft.server.threadpool.proxy.cached = true (default)
2023-02-14 08:18:11,782 [Listener at 127.0.0.1/34455] INFO  server.RaftServerConfigKeys (ConfUtils.java:logGet(46)) - raft.server.threadpool.proxy.size = 0 (default)
2023-02-14 08:18:11,782 [Listener at 127.0.0.1/34455] INFO  server.RaftServerConfigKeys (ConfUtils.java:logGet(46)) - raft.server.rpc.slowness.timeout = 300s (custom)
2023-02-14 08:18:11,782 [Listener at 127.0.0.1/34455] INFO  server.RaftServerConfigKeys (ConfUtils.java:logGet(46)) - raft.server.leaderelection.leader.step-down.wait-time = 10s (default)
2023-02-14 08:18:11,782 [Listener at 127.0.0.1/34455] INFO  server.RaftServerConfigKeys (ConfUtils.java:logGet(46)) - raft.server.storage.dir = [/home/runner/work/ozone/ozone/hadoop-ozone/integration-test/target/test-dir/MiniOzoneClusterImpl-48139d39-b3ff-469d-bfde-a70ccbd6566f/datanode-2/data/ratis] (custom)
2023-02-14 08:18:11,783 [b5737586-1c7b-466e-b8cb-d0d8351e95e3-NettyServerStreamRpc-bossGroup--thread1] INFO  logging.LoggingHandler (AbstractInternalLogger.java:log(148)) - [id: 0xc39e22c6] REGISTERED
2023-02-14 08:18:11,783 [b5737586-1c7b-466e-b8cb-d0d8351e95e3-NettyServerStreamRpc-bossGroup--thread1] INFO  logging.LoggingHandler (AbstractInternalLogger.java:log(148)) - [id: 0xc39e22c6] BIND: 0.0.0.0/0.0.0.0:0
2023-02-14 08:18:11,783 [b5737586-1c7b-466e-b8cb-d0d8351e95e3-NettyServerStreamRpc-bossGroup--thread1] INFO  logging.LoggingHandler (AbstractInternalLogger.java:log(148)) - [id: 0xc39e22c6, L:/0:0:0:0:0:0:0:0:38459] ACTIVE
2023-02-14 08:18:11,783 [Listener at 127.0.0.1/34455] INFO  server.XceiverServerGrpc (XceiverServerGrpc.java:<init>(132)) - GrpcServer channel type EpollServerSocketChannel
2023-02-14 08:18:11,786 [Listener at 127.0.0.1/34455] INFO  http.BaseHttpServer (BaseHttpServer.java:newHttpServer2BuilderForOzone(213)) - Starting Web-server for hddsDatanode at: http://0.0.0.0:0
2023-02-14 08:18:11,786 [Listener at 127.0.0.1/34455] INFO  http.BaseHttpServer (BaseHttpServer.java:<init>(108)) - Hadoop Security Enabled: false Ozone Security Enabled: false Ozone HTTP Security Enabled: false 
2023-02-14 08:18:11,787 [Listener at 127.0.0.1/34455] WARN  server.AuthenticationFilter (AuthenticationFilter.java:constructSecretProvider(240)) - Unable to initialize FileSignerSecretProvider, falling back to use random secrets. Reason: Could not read signature secret file: /home/runner/hadoop-http-auth-signature-secret
2023-02-14 08:18:11,788 [Listener at 127.0.0.1/34455] WARN  http.HttpRequestLog (HttpRequestLog.java:getRequestLog(103)) - Jetty request log can only be enabled using Log4j
2023-02-14 08:18:11,789 [Listener at 127.0.0.1/34455] INFO  http.HttpServer2 (HttpServer2.java:addGlobalFilter(1031)) - Added global filter 'safety' (class=org.apache.hadoop.hdds.server.http.HttpServer2$QuotingInputFilter)
2023-02-14 08:18:11,789 [Listener at 127.0.0.1/34455] INFO  http.HttpServer2 (HttpServer2.java:addFilter(1007)) - Added filter static_user_filter (class=org.apache.hadoop.http.lib.StaticUserWebFilter$StaticUserFilter) to context hddsDatanode
2023-02-14 08:18:11,789 [Listener at 127.0.0.1/34455] INFO  http.HttpServer2 (HttpServer2.java:addFilter(1015)) - Added filter static_user_filter (class=org.apache.hadoop.http.lib.StaticUserWebFilter$StaticUserFilter) to context logs
2023-02-14 08:18:11,790 [Listener at 127.0.0.1/34455] INFO  http.HttpServer2 (HttpServer2.java:addFilter(1015)) - Added filter static_user_filter (class=org.apache.hadoop.http.lib.StaticUserWebFilter$StaticUserFilter) to context static
2023-02-14 08:18:11,790 [Listener at 127.0.0.1/34455] INFO  http.HttpServer2 (HttpServer2.java:bindListener(1250)) - Jetty bound to port 35835
2023-02-14 08:18:11,790 [Listener at 127.0.0.1/34455] INFO  server.Server (Server.java:doStart(375)) - jetty-9.4.49.v20220914; built: 2022-09-14T01:07:36.601Z; git: 4231a3b2e4cb8548a412a789936d640a97b1aa0a; jvm 1.8.0_362-b09
2023-02-14 08:18:11,791 [Listener at 127.0.0.1/34455] INFO  server.session (DefaultSessionIdManager.java:doStart(334)) - DefaultSessionIdManager workerName=node0
2023-02-14 08:18:11,791 [Listener at 127.0.0.1/34455] INFO  server.session (DefaultSessionIdManager.java:doStart(339)) - No SessionScavenger set, using defaults
2023-02-14 08:18:11,791 [Listener at 127.0.0.1/34455] INFO  server.session (HouseKeeper.java:startScavenging(132)) - node0 Scavenging every 600000ms
2023-02-14 08:18:11,792 [Listener at 127.0.0.1/34455] INFO  handler.ContextHandler (ContextHandler.java:doStart(921)) - Started o.e.j.s.ServletContextHandler@6723a356{logs,/logs,file:///home/runner/work/ozone/ozone/hadoop-ozone/integration-test/target/log,AVAILABLE}
2023-02-14 08:18:11,792 [Listener at 127.0.0.1/34455] INFO  handler.ContextHandler (ContextHandler.java:doStart(921)) - Started o.e.j.s.ServletContextHandler@69bb2b82{static,/static,jar:file:/home/runner/.m2/repository/org/apache/ozone/hdds-container-service/1.4.0-SNAPSHOT/hdds-container-service-1.4.0-SNAPSHOT.jar!/webapps/static,AVAILABLE}
2023-02-14 08:18:11,990 [Listener at 127.0.0.1/34455] INFO  handler.ContextHandler (ContextHandler.java:doStart(921)) - Started o.e.j.w.WebAppContext@66bdf07e{hddsDatanode,/,file:///tmp/jetty-0_0_0_0-35835-hdds-container-service-1_4_0-SNAPSHOT_jar-_-any-8359917903681872239/webapp/,AVAILABLE}{jar:file:/home/runner/.m2/repository/org/apache/ozone/hdds-container-service/1.4.0-SNAPSHOT/hdds-container-service-1.4.0-SNAPSHOT.jar!/webapps/hddsDatanode}
2023-02-14 08:18:11,991 [Listener at 127.0.0.1/34455] INFO  server.AbstractConnector (AbstractConnector.java:doStart(333)) - Started ServerConnector@11f39a87{HTTP/1.1, (http/1.1)}{0.0.0.0:35835}
2023-02-14 08:18:11,991 [Listener at 127.0.0.1/34455] INFO  server.Server (Server.java:doStart(415)) - Started @68067ms
2023-02-14 08:18:11,991 [Listener at 127.0.0.1/34455] WARN  impl.MetricsSystemImpl (MetricsSystemImpl.java:register(279)) - Sink prometheus already exists!
2023-02-14 08:18:11,992 [Listener at 127.0.0.1/34455] INFO  http.BaseHttpServer (BaseHttpServer.java:updateConnectorAddress(333)) - HTTP server of hddsDatanode listening at http://0.0.0.0:35835
2023-02-14 08:18:11,993 [Datanode State Machine Daemon Thread] INFO  statemachine.DatanodeStateMachine (DatanodeStateMachine.java:lambda$startDaemon$0(516)) - Ozone container server started.
2023-02-14 08:18:11,993 [Listener at 127.0.0.1/34455] WARN  impl.MetricRegistriesImpl (MetricRegistriesImpl.java:addReporterRegistration(111)) - New reporters are added after registries were created. Some metrics will be missing from the reporter. Please add reporter before adding any new registry.
2023-02-14 08:18:11,994 [Listener at 127.0.0.1/34455] WARN  impl.MetricRegistriesImpl (MetricRegistriesImpl.java:addReporterRegistration(111)) - New reporters are added after registries were created. Some metrics will be missing from the reporter. Please add reporter before adding any new registry.
2023-02-14 08:18:11,994 [Listener at 127.0.0.1/34455] INFO  impl.MetricsSystemImpl (MetricsSystemImpl.java:init(158)) - HddsDatanode metrics system started (again)
2023-02-14 08:18:12,003 [org.apache.hadoop.util.JvmPauseMonitor$Monitor@21203377] INFO  util.JvmPauseMonitor (JvmPauseMonitor.java:run(188)) - Starting JVM pause monitor
2023-02-14 08:18:12,005 [Listener at 127.0.0.1/34455] INFO  ozone.HddsDatanodeService (HddsDatanodeService.java:start(228)) - HddsDatanodeService host:fv-az476-382.2mevl5kwmm3ezivwarakluutxb.phxx.internal.cloudapp.net ip:10.1.0.19
2023-02-14 08:18:12,010 [Datanode State Machine Task Thread - 0] INFO  datanode.InitDatanodeState (InitDatanodeState.java:persistContainerDatanodeDetails(138)) - DatanodeDetails is persisted to /home/runner/work/ozone/ozone/hadoop-ozone/integration-test/target/test-dir/MiniOzoneClusterImpl-48139d39-b3ff-469d-bfde-a70ccbd6566f/datanode-2/meta/datanode.id
2023-02-14 08:18:12,021 [Listener at 127.0.0.1/34455] INFO  upgrade.AbstractLayoutVersionManager (AbstractLayoutVersionManager.java:init(83)) - Initializing Layout version manager with metadata layout = DATANODE_SCHEMA_V3 (version = 4), software layout = DATANODE_SCHEMA_V3 (version = 4)
2023-02-14 08:18:12,065 [Listener at 127.0.0.1/34455] INFO  reflections.Reflections (Reflections.java:scan(232)) - Reflections took 43 ms to scan 7 urls, producing 150 keys and 363 values 
2023-02-14 08:18:12,066 [Listener at 127.0.0.1/34455] INFO  statemachine.DatanodeStateMachine (DatanodeStateMachine.java:getEndPointTaskThreadPoolSize(260)) - Datanode State Machine Task Thread Pool size 2
2023-02-14 08:18:12,071 [Listener at 127.0.0.1/34455] INFO  volume.HddsVolume (HddsVolume.java:<init>(122)) - Creating HddsVolume: /home/runner/work/ozone/ozone/hadoop-ozone/integration-test/target/test-dir/MiniOzoneClusterImpl-48139d39-b3ff-469d-bfde-a70ccbd6566f/datanode-3/data-0/containers/hdds of storage type : DISK capacity : 9223372036854775807
2023-02-14 08:18:12,071 [Listener at 127.0.0.1/34455] INFO  volume.MutableVolumeSet (MutableVolumeSet.java:initializeVolumeSet(174)) - Added Volume : /home/runner/work/ozone/ozone/hadoop-ozone/integration-test/target/test-dir/MiniOzoneClusterImpl-48139d39-b3ff-469d-bfde-a70ccbd6566f/datanode-3/data-0/containers/hdds to VolumeSet
2023-02-14 08:18:12,071 [Listener at 127.0.0.1/34455] INFO  volume.ThrottledAsyncChecker (ThrottledAsyncChecker.java:schedule(141)) - Scheduling a check for /home/runner/work/ozone/ozone/hadoop-ozone/integration-test/target/test-dir/MiniOzoneClusterImpl-48139d39-b3ff-469d-bfde-a70ccbd6566f/datanode-3/data-0/containers/hdds
2023-02-14 08:18:12,074 [Listener at 127.0.0.1/34455] INFO  volume.StorageVolumeChecker (StorageVolumeChecker.java:checkAllVolumes(202)) - Scheduled health check for volume /home/runner/work/ozone/ozone/hadoop-ozone/integration-test/target/test-dir/MiniOzoneClusterImpl-48139d39-b3ff-469d-bfde-a70ccbd6566f/datanode-3/data-0/containers/hdds
2023-02-14 08:18:12,088 [Listener at 127.0.0.1/34455] INFO  volume.MutableVolumeSet (MutableVolumeSet.java:initializeVolumeSet(174)) - Added Volume : /home/runner/work/ozone/ozone/hadoop-ozone/integration-test/target/test-dir/MiniOzoneClusterImpl-48139d39-b3ff-469d-bfde-a70ccbd6566f/datanode-3/data/ratis to VolumeSet
2023-02-14 08:18:12,088 [Listener at 127.0.0.1/34455] INFO  volume.ThrottledAsyncChecker (ThrottledAsyncChecker.java:schedule(141)) - Scheduling a check for /home/runner/work/ozone/ozone/hadoop-ozone/integration-test/target/test-dir/MiniOzoneClusterImpl-48139d39-b3ff-469d-bfde-a70ccbd6566f/datanode-3/data/ratis
2023-02-14 08:18:12,088 [Listener at 127.0.0.1/34455] INFO  volume.StorageVolumeChecker (StorageVolumeChecker.java:checkAllVolumes(202)) - Scheduled health check for volume /home/runner/work/ozone/ozone/hadoop-ozone/integration-test/target/test-dir/MiniOzoneClusterImpl-48139d39-b3ff-469d-bfde-a70ccbd6566f/datanode-3/data/ratis
2023-02-14 08:18:12,099 [Thread-646] INFO  ozoneimpl.ContainerReader (ContainerReader.java:readVolume(175)) - Finish verifying containers on volume /home/runner/work/ozone/ozone/hadoop-ozone/integration-test/target/test-dir/MiniOzoneClusterImpl-48139d39-b3ff-469d-bfde-a70ccbd6566f/datanode-3/data-0/containers/hdds
2023-02-14 08:18:12,099 [Listener at 127.0.0.1/34455] INFO  ozoneimpl.OzoneContainer (OzoneContainer.java:buildContainerSet(304)) - Build ContainerSet costs 0s
2023-02-14 08:18:12,100 [Listener at 127.0.0.1/34455] INFO  server.RaftServer (ConfUtils.java:logGet(46)) - raft.rpc.type = GRPC (default)
2023-02-14 08:18:12,101 [Listener at 127.0.0.1/34455] INFO  grpc.GrpcConfigKeys (ConfUtils.java:logFallback(53)) - raft.grpc.admin.host = null (fallback to raft.grpc.server.host)
2023-02-14 08:18:12,101 [Listener at 127.0.0.1/34455] INFO  grpc.GrpcConfigKeys (ConfUtils.java:logGet(46)) - raft.grpc.admin.port = 0 (custom)
2023-02-14 08:18:12,101 [Listener at 127.0.0.1/34455] INFO  grpc.GrpcConfigKeys (ConfUtils.java:logFallback(53)) - raft.grpc.client.host = null (fallback to raft.grpc.server.host)
2023-02-14 08:18:12,101 [Listener at 127.0.0.1/34455] INFO  grpc.GrpcConfigKeys (ConfUtils.java:logGet(46)) - raft.grpc.client.port = 0 (custom)
2023-02-14 08:18:12,101 [Listener at 127.0.0.1/34455] INFO  grpc.GrpcConfigKeys (ConfUtils.java:logGet(46)) - raft.grpc.server.host = null (default)
2023-02-14 08:18:12,101 [Listener at 127.0.0.1/34455] INFO  grpc.GrpcConfigKeys (ConfUtils.java:logGet(46)) - raft.grpc.server.port = 0 (default)
2023-02-14 08:18:12,102 [Listener at 127.0.0.1/34455] INFO  server.GrpcService (ConfUtils.java:logGet(46)) - raft.grpc.message.size.max = 32MB (=33554432) (custom)
2023-02-14 08:18:12,102 [Listener at 127.0.0.1/34455] INFO  server.RaftServerConfigKeys (ConfUtils.java:logGet(46)) - raft.server.log.appender.buffer.byte-limit = 33554432 (custom)
2023-02-14 08:18:12,102 [Listener at 127.0.0.1/34455] INFO  server.GrpcService (ConfUtils.java:logGet(46)) - raft.grpc.flow.control.window = 5MB (=5242880) (custom)
2023-02-14 08:18:12,102 [Listener at 127.0.0.1/34455] INFO  server.RaftServerConfigKeys (ConfUtils.java:logGet(46)) - raft.server.rpc.request.timeout = 60s (custom)
2023-02-14 08:18:12,102 [Listener at 127.0.0.1/34455] INFO  grpc.GrpcConfigKeys (ConfUtils.java:logGet(46)) - raft.grpc.server.heartbeat.channel = true (default)
2023-02-14 08:18:12,102 [Listener at 127.0.0.1/34455] INFO  grpc.GrpcConfigKeys (ConfUtils.java:logGet(46)) - raft.grpc.server.async.request.thread.pool.cached = true (default)
2023-02-14 08:18:12,102 [Listener at 127.0.0.1/34455] INFO  grpc.GrpcConfigKeys (ConfUtils.java:logGet(46)) - raft.grpc.server.async.request.thread.pool.size = 32 (default)
2023-02-14 08:18:12,103 [Listener at 127.0.0.1/34455] INFO  impl.DataStreamServerImpl (ConfUtils.java:logGet(46)) - raft.datastream.type = NETTY (custom)
2023-02-14 08:18:12,108 [Listener at 127.0.0.1/34455] INFO  server.RaftServerConfigKeys (ConfUtils.java:logGet(46)) - raft.server.data-stream.async.request.thread.pool.cached = false (default)
2023-02-14 08:18:12,108 [Listener at 127.0.0.1/34455] INFO  server.RaftServerConfigKeys (ConfUtils.java:logGet(46)) - raft.server.data-stream.async.request.thread.pool.size = 20 (custom)
2023-02-14 08:18:12,108 [Listener at 127.0.0.1/34455] INFO  server.RaftServerConfigKeys (ConfUtils.java:logGet(46)) - raft.server.data-stream.async.write.thread.pool.size = 16 (default)
2023-02-14 08:18:12,108 [Listener at 127.0.0.1/34455] INFO  server.RaftServerConfigKeys (ConfUtils.java:logGet(46)) - raft.server.data-stream.client.pool.size = 10 (default)
2023-02-14 08:18:12,108 [Listener at 127.0.0.1/34455] INFO  netty.NettyConfigKeys$DataStream (ConfUtils.java:logGet(46)) - raft.netty.dataStream.server.use-epoll = false (default)
2023-02-14 08:18:12,108 [Listener at 127.0.0.1/34455] INFO  netty.NettyConfigKeys$DataStream (ConfUtils.java:logGet(46)) - raft.netty.dataStream.server.boss-group.size = 0 (default)
2023-02-14 08:18:12,109 [Listener at 127.0.0.1/34455] INFO  netty.NettyConfigKeys$DataStream (ConfUtils.java:logGet(46)) - raft.netty.dataStream.server.worker-group.size = 0 (default)
2023-02-14 08:18:12,109 [Listener at 127.0.0.1/34455] INFO  netty.NettyConfigKeys$DataStream (ConfUtils.java:logGet(46)) - raft.netty.dataStream.server.tls.conf = null (default)
2023-02-14 08:18:12,109 [Listener at 127.0.0.1/34455] INFO  netty.NettyConfigKeys$DataStream (ConfUtils.java:logGet(46)) - raft.netty.dataStream.host = null (default)
2023-02-14 08:18:12,109 [Listener at 127.0.0.1/34455] INFO  netty.NettyConfigKeys$DataStream (ConfUtils.java:logGet(46)) - raft.netty.dataStream.port = 0 (default)
2023-02-14 08:18:12,110 [Listener at 127.0.0.1/34455] INFO  server.RaftServerConfigKeys (ConfUtils.java:logGet(46)) - raft.server.threadpool.proxy.cached = true (default)
2023-02-14 08:18:12,110 [Listener at 127.0.0.1/34455] INFO  server.RaftServerConfigKeys (ConfUtils.java:logGet(46)) - raft.server.threadpool.proxy.size = 0 (default)
2023-02-14 08:18:12,110 [Listener at 127.0.0.1/34455] INFO  server.RaftServerConfigKeys (ConfUtils.java:logGet(46)) - raft.server.rpc.slowness.timeout = 300s (custom)
2023-02-14 08:18:12,110 [Listener at 127.0.0.1/34455] INFO  server.RaftServerConfigKeys (ConfUtils.java:logGet(46)) - raft.server.leaderelection.leader.step-down.wait-time = 10s (default)
2023-02-14 08:18:12,110 [Listener at 127.0.0.1/34455] INFO  server.RaftServerConfigKeys (ConfUtils.java:logGet(46)) - raft.server.storage.dir = [/home/runner/work/ozone/ozone/hadoop-ozone/integration-test/target/test-dir/MiniOzoneClusterImpl-48139d39-b3ff-469d-bfde-a70ccbd6566f/datanode-3/data/ratis] (custom)
2023-02-14 08:18:12,110 [568f4c16-ddfc-4e51-b0fc-7b0d857ab5f2-NettyServerStreamRpc-bossGroup--thread1] INFO  logging.LoggingHandler (AbstractInternalLogger.java:log(148)) - [id: 0x119b0146] REGISTERED
2023-02-14 08:18:12,111 [568f4c16-ddfc-4e51-b0fc-7b0d857ab5f2-NettyServerStreamRpc-bossGroup--thread1] INFO  logging.LoggingHandler (AbstractInternalLogger.java:log(148)) - [id: 0x119b0146] BIND: 0.0.0.0/0.0.0.0:0
2023-02-14 08:18:12,111 [568f4c16-ddfc-4e51-b0fc-7b0d857ab5f2-NettyServerStreamRpc-bossGroup--thread1] INFO  logging.LoggingHandler (AbstractInternalLogger.java:log(148)) - [id: 0x119b0146, L:/0:0:0:0:0:0:0:0:43767] ACTIVE
2023-02-14 08:18:12,111 [Listener at 127.0.0.1/34455] INFO  server.XceiverServerGrpc (XceiverServerGrpc.java:<init>(132)) - GrpcServer channel type EpollServerSocketChannel
2023-02-14 08:18:12,114 [Listener at 127.0.0.1/34455] INFO  http.BaseHttpServer (BaseHttpServer.java:newHttpServer2BuilderForOzone(213)) - Starting Web-server for hddsDatanode at: http://0.0.0.0:0
2023-02-14 08:18:12,114 [Listener at 127.0.0.1/34455] INFO  http.BaseHttpServer (BaseHttpServer.java:<init>(108)) - Hadoop Security Enabled: false Ozone Security Enabled: false Ozone HTTP Security Enabled: false 
2023-02-14 08:18:12,115 [Listener at 127.0.0.1/34455] WARN  server.AuthenticationFilter (AuthenticationFilter.java:constructSecretProvider(240)) - Unable to initialize FileSignerSecretProvider, falling back to use random secrets. Reason: Could not read signature secret file: /home/runner/hadoop-http-auth-signature-secret
2023-02-14 08:18:12,115 [Listener at 127.0.0.1/34455] WARN  http.HttpRequestLog (HttpRequestLog.java:getRequestLog(103)) - Jetty request log can only be enabled using Log4j
2023-02-14 08:18:12,116 [Listener at 127.0.0.1/34455] INFO  http.HttpServer2 (HttpServer2.java:addGlobalFilter(1031)) - Added global filter 'safety' (class=org.apache.hadoop.hdds.server.http.HttpServer2$QuotingInputFilter)
2023-02-14 08:18:12,117 [Listener at 127.0.0.1/34455] INFO  http.HttpServer2 (HttpServer2.java:addFilter(1007)) - Added filter static_user_filter (class=org.apache.hadoop.http.lib.StaticUserWebFilter$StaticUserFilter) to context hddsDatanode
2023-02-14 08:18:12,117 [Listener at 127.0.0.1/34455] INFO  http.HttpServer2 (HttpServer2.java:addFilter(1015)) - Added filter static_user_filter (class=org.apache.hadoop.http.lib.StaticUserWebFilter$StaticUserFilter) to context logs
2023-02-14 08:18:12,117 [Listener at 127.0.0.1/34455] INFO  http.HttpServer2 (HttpServer2.java:addFilter(1015)) - Added filter static_user_filter (class=org.apache.hadoop.http.lib.StaticUserWebFilter$StaticUserFilter) to context static
2023-02-14 08:18:12,118 [Listener at 127.0.0.1/34455] INFO  http.HttpServer2 (HttpServer2.java:bindListener(1250)) - Jetty bound to port 33145
2023-02-14 08:18:12,118 [Listener at 127.0.0.1/34455] INFO  server.Server (Server.java:doStart(375)) - jetty-9.4.49.v20220914; built: 2022-09-14T01:07:36.601Z; git: 4231a3b2e4cb8548a412a789936d640a97b1aa0a; jvm 1.8.0_362-b09
2023-02-14 08:18:12,120 [Listener at 127.0.0.1/34455] INFO  server.session (DefaultSessionIdManager.java:doStart(334)) - DefaultSessionIdManager workerName=node0
2023-02-14 08:18:12,120 [Listener at 127.0.0.1/34455] INFO  server.session (DefaultSessionIdManager.java:doStart(339)) - No SessionScavenger set, using defaults
2023-02-14 08:18:12,120 [Listener at 127.0.0.1/34455] INFO  server.session (HouseKeeper.java:startScavenging(132)) - node0 Scavenging every 660000ms
2023-02-14 08:18:12,121 [Listener at 127.0.0.1/34455] INFO  handler.ContextHandler (ContextHandler.java:doStart(921)) - Started o.e.j.s.ServletContextHandler@35e011d3{logs,/logs,file:///home/runner/work/ozone/ozone/hadoop-ozone/integration-test/target/log,AVAILABLE}
2023-02-14 08:18:12,121 [Listener at 127.0.0.1/34455] INFO  handler.ContextHandler (ContextHandler.java:doStart(921)) - Started o.e.j.s.ServletContextHandler@46799b30{static,/static,jar:file:/home/runner/.m2/repository/org/apache/ozone/hdds-container-service/1.4.0-SNAPSHOT/hdds-container-service-1.4.0-SNAPSHOT.jar!/webapps/static,AVAILABLE}
2023-02-14 08:18:12,320 [Listener at 127.0.0.1/34455] INFO  handler.ContextHandler (ContextHandler.java:doStart(921)) - Started o.e.j.w.WebAppContext@7032e80e{hddsDatanode,/,file:///tmp/jetty-0_0_0_0-33145-hdds-container-service-1_4_0-SNAPSHOT_jar-_-any-2253503873006149835/webapp/,AVAILABLE}{jar:file:/home/runner/.m2/repository/org/apache/ozone/hdds-container-service/1.4.0-SNAPSHOT/hdds-container-service-1.4.0-SNAPSHOT.jar!/webapps/hddsDatanode}
2023-02-14 08:18:12,322 [Listener at 127.0.0.1/34455] INFO  server.AbstractConnector (AbstractConnector.java:doStart(333)) - Started ServerConnector@3a646acd{HTTP/1.1, (http/1.1)}{0.0.0.0:33145}
2023-02-14 08:18:12,322 [Listener at 127.0.0.1/34455] INFO  server.Server (Server.java:doStart(415)) - Started @68398ms
2023-02-14 08:18:12,322 [Listener at 127.0.0.1/34455] WARN  impl.MetricsSystemImpl (MetricsSystemImpl.java:register(279)) - Sink prometheus already exists!
2023-02-14 08:18:12,323 [Listener at 127.0.0.1/34455] INFO  http.BaseHttpServer (BaseHttpServer.java:updateConnectorAddress(333)) - HTTP server of hddsDatanode listening at http://0.0.0.0:33145
2023-02-14 08:18:12,323 [Datanode State Machine Daemon Thread] INFO  statemachine.DatanodeStateMachine (DatanodeStateMachine.java:lambda$startDaemon$0(516)) - Ozone container server started.
2023-02-14 08:18:12,323 [Listener at 127.0.0.1/34455] WARN  impl.MetricRegistriesImpl (MetricRegistriesImpl.java:addReporterRegistration(111)) - New reporters are added after registries were created. Some metrics will be missing from the reporter. Please add reporter before adding any new registry.
2023-02-14 08:18:12,324 [Listener at 127.0.0.1/34455] WARN  impl.MetricRegistriesImpl (MetricRegistriesImpl.java:addReporterRegistration(111)) - New reporters are added after registries were created. Some metrics will be missing from the reporter. Please add reporter before adding any new registry.
2023-02-14 08:18:12,324 [Listener at 127.0.0.1/34455] INFO  impl.MetricsSystemImpl (MetricsSystemImpl.java:init(158)) - HddsDatanode metrics system started (again)
2023-02-14 08:18:12,335 [Listener at 127.0.0.1/34455] INFO  ozone.HddsDatanodeService (HddsDatanodeService.java:start(228)) - HddsDatanodeService host:fv-az476-382.2mevl5kwmm3ezivwarakluutxb.phxx.internal.cloudapp.net ip:10.1.0.19
2023-02-14 08:18:12,335 [org.apache.hadoop.util.JvmPauseMonitor$Monitor@3c0b82c3] INFO  util.JvmPauseMonitor (JvmPauseMonitor.java:run(188)) - Starting JVM pause monitor
2023-02-14 08:18:12,338 [Datanode State Machine Task Thread - 0] INFO  datanode.InitDatanodeState (InitDatanodeState.java:persistContainerDatanodeDetails(138)) - DatanodeDetails is persisted to /home/runner/work/ozone/ozone/hadoop-ozone/integration-test/target/test-dir/MiniOzoneClusterImpl-48139d39-b3ff-469d-bfde-a70ccbd6566f/datanode-3/meta/datanode.id
2023-02-14 08:18:12,351 [Listener at 127.0.0.1/34455] INFO  upgrade.AbstractLayoutVersionManager (AbstractLayoutVersionManager.java:init(83)) - Initializing Layout version manager with metadata layout = DATANODE_SCHEMA_V3 (version = 4), software layout = DATANODE_SCHEMA_V3 (version = 4)
2023-02-14 08:18:12,394 [Listener at 127.0.0.1/34455] INFO  reflections.Reflections (Reflections.java:scan(232)) - Reflections took 42 ms to scan 7 urls, producing 150 keys and 363 values 
2023-02-14 08:18:12,395 [Listener at 127.0.0.1/34455] INFO  statemachine.DatanodeStateMachine (DatanodeStateMachine.java:getEndPointTaskThreadPoolSize(260)) - Datanode State Machine Task Thread Pool size 2
2023-02-14 08:18:12,397 [Listener at 127.0.0.1/34455] INFO  volume.HddsVolume (HddsVolume.java:<init>(122)) - Creating HddsVolume: /home/runner/work/ozone/ozone/hadoop-ozone/integration-test/target/test-dir/MiniOzoneClusterImpl-48139d39-b3ff-469d-bfde-a70ccbd6566f/datanode-4/data-0/containers/hdds of storage type : DISK capacity : 9223372036854775807
2023-02-14 08:18:12,397 [Listener at 127.0.0.1/34455] INFO  volume.MutableVolumeSet (MutableVolumeSet.java:initializeVolumeSet(174)) - Added Volume : /home/runner/work/ozone/ozone/hadoop-ozone/integration-test/target/test-dir/MiniOzoneClusterImpl-48139d39-b3ff-469d-bfde-a70ccbd6566f/datanode-4/data-0/containers/hdds to VolumeSet
2023-02-14 08:18:12,397 [Listener at 127.0.0.1/34455] INFO  volume.ThrottledAsyncChecker (ThrottledAsyncChecker.java:schedule(141)) - Scheduling a check for /home/runner/work/ozone/ozone/hadoop-ozone/integration-test/target/test-dir/MiniOzoneClusterImpl-48139d39-b3ff-469d-bfde-a70ccbd6566f/datanode-4/data-0/containers/hdds
2023-02-14 08:18:12,398 [Listener at 127.0.0.1/34455] INFO  volume.StorageVolumeChecker (StorageVolumeChecker.java:checkAllVolumes(202)) - Scheduled health check for volume /home/runner/work/ozone/ozone/hadoop-ozone/integration-test/target/test-dir/MiniOzoneClusterImpl-48139d39-b3ff-469d-bfde-a70ccbd6566f/datanode-4/data-0/containers/hdds
2023-02-14 08:18:12,408 [Listener at 127.0.0.1/34455] INFO  volume.MutableVolumeSet (MutableVolumeSet.java:initializeVolumeSet(174)) - Added Volume : /home/runner/work/ozone/ozone/hadoop-ozone/integration-test/target/test-dir/MiniOzoneClusterImpl-48139d39-b3ff-469d-bfde-a70ccbd6566f/datanode-4/data/ratis to VolumeSet
2023-02-14 08:18:12,408 [Listener at 127.0.0.1/34455] INFO  volume.ThrottledAsyncChecker (ThrottledAsyncChecker.java:schedule(141)) - Scheduling a check for /home/runner/work/ozone/ozone/hadoop-ozone/integration-test/target/test-dir/MiniOzoneClusterImpl-48139d39-b3ff-469d-bfde-a70ccbd6566f/datanode-4/data/ratis
2023-02-14 08:18:12,408 [Listener at 127.0.0.1/34455] INFO  volume.StorageVolumeChecker (StorageVolumeChecker.java:checkAllVolumes(202)) - Scheduled health check for volume /home/runner/work/ozone/ozone/hadoop-ozone/integration-test/target/test-dir/MiniOzoneClusterImpl-48139d39-b3ff-469d-bfde-a70ccbd6566f/datanode-4/data/ratis
2023-02-14 08:18:12,486 [Thread-660] INFO  ozoneimpl.ContainerReader (ContainerReader.java:readVolume(175)) - Finish verifying containers on volume /home/runner/work/ozone/ozone/hadoop-ozone/integration-test/target/test-dir/MiniOzoneClusterImpl-48139d39-b3ff-469d-bfde-a70ccbd6566f/datanode-4/data-0/containers/hdds
2023-02-14 08:18:12,486 [Listener at 127.0.0.1/34455] INFO  ozoneimpl.OzoneContainer (OzoneContainer.java:buildContainerSet(304)) - Build ContainerSet costs 0s
2023-02-14 08:18:12,488 [Listener at 127.0.0.1/34455] INFO  server.RaftServer (ConfUtils.java:logGet(46)) - raft.rpc.type = GRPC (default)
2023-02-14 08:18:12,489 [Listener at 127.0.0.1/34455] INFO  grpc.GrpcConfigKeys (ConfUtils.java:logFallback(53)) - raft.grpc.admin.host = null (fallback to raft.grpc.server.host)
2023-02-14 08:18:12,489 [Listener at 127.0.0.1/34455] INFO  grpc.GrpcConfigKeys (ConfUtils.java:logGet(46)) - raft.grpc.admin.port = 0 (custom)
2023-02-14 08:18:12,489 [Listener at 127.0.0.1/34455] INFO  grpc.GrpcConfigKeys (ConfUtils.java:logFallback(53)) - raft.grpc.client.host = null (fallback to raft.grpc.server.host)
2023-02-14 08:18:12,489 [Listener at 127.0.0.1/34455] INFO  grpc.GrpcConfigKeys (ConfUtils.java:logGet(46)) - raft.grpc.client.port = 0 (custom)
2023-02-14 08:18:12,489 [Listener at 127.0.0.1/34455] INFO  grpc.GrpcConfigKeys (ConfUtils.java:logGet(46)) - raft.grpc.server.host = null (default)
2023-02-14 08:18:12,489 [Listener at 127.0.0.1/34455] INFO  grpc.GrpcConfigKeys (ConfUtils.java:logGet(46)) - raft.grpc.server.port = 0 (default)
2023-02-14 08:18:12,489 [Listener at 127.0.0.1/34455] INFO  server.GrpcService (ConfUtils.java:logGet(46)) - raft.grpc.message.size.max = 32MB (=33554432) (custom)
2023-02-14 08:18:12,489 [Listener at 127.0.0.1/34455] INFO  server.RaftServerConfigKeys (ConfUtils.java:logGet(46)) - raft.server.log.appender.buffer.byte-limit = 33554432 (custom)
2023-02-14 08:18:12,489 [Listener at 127.0.0.1/34455] INFO  server.GrpcService (ConfUtils.java:logGet(46)) - raft.grpc.flow.control.window = 5MB (=5242880) (custom)
2023-02-14 08:18:12,490 [Listener at 127.0.0.1/34455] INFO  server.RaftServerConfigKeys (ConfUtils.java:logGet(46)) - raft.server.rpc.request.timeout = 60s (custom)
2023-02-14 08:18:12,490 [Listener at 127.0.0.1/34455] INFO  grpc.GrpcConfigKeys (ConfUtils.java:logGet(46)) - raft.grpc.server.heartbeat.channel = true (default)
2023-02-14 08:18:12,490 [Listener at 127.0.0.1/34455] INFO  grpc.GrpcConfigKeys (ConfUtils.java:logGet(46)) - raft.grpc.server.async.request.thread.pool.cached = true (default)
2023-02-14 08:18:12,490 [Listener at 127.0.0.1/34455] INFO  grpc.GrpcConfigKeys (ConfUtils.java:logGet(46)) - raft.grpc.server.async.request.thread.pool.size = 32 (default)
2023-02-14 08:18:12,491 [Listener at 127.0.0.1/34455] INFO  impl.DataStreamServerImpl (ConfUtils.java:logGet(46)) - raft.datastream.type = NETTY (custom)
2023-02-14 08:18:12,491 [Listener at 127.0.0.1/34455] INFO  server.RaftServerConfigKeys (ConfUtils.java:logGet(46)) - raft.server.data-stream.async.request.thread.pool.cached = false (default)
2023-02-14 08:18:12,491 [Listener at 127.0.0.1/34455] INFO  server.RaftServerConfigKeys (ConfUtils.java:logGet(46)) - raft.server.data-stream.async.request.thread.pool.size = 20 (custom)
2023-02-14 08:18:12,491 [Listener at 127.0.0.1/34455] INFO  server.RaftServerConfigKeys (ConfUtils.java:logGet(46)) - raft.server.data-stream.async.write.thread.pool.size = 16 (default)
2023-02-14 08:18:12,492 [Listener at 127.0.0.1/34455] INFO  server.RaftServerConfigKeys (ConfUtils.java:logGet(46)) - raft.server.data-stream.client.pool.size = 10 (default)
2023-02-14 08:18:12,492 [Listener at 127.0.0.1/34455] INFO  netty.NettyConfigKeys$DataStream (ConfUtils.java:logGet(46)) - raft.netty.dataStream.server.use-epoll = false (default)
2023-02-14 08:18:12,492 [Listener at 127.0.0.1/34455] INFO  netty.NettyConfigKeys$DataStream (ConfUtils.java:logGet(46)) - raft.netty.dataStream.server.boss-group.size = 0 (default)
2023-02-14 08:18:12,492 [Listener at 127.0.0.1/34455] INFO  netty.NettyConfigKeys$DataStream (ConfUtils.java:logGet(46)) - raft.netty.dataStream.server.worker-group.size = 0 (default)
2023-02-14 08:18:12,492 [Listener at 127.0.0.1/34455] INFO  netty.NettyConfigKeys$DataStream (ConfUtils.java:logGet(46)) - raft.netty.dataStream.server.tls.conf = null (default)
2023-02-14 08:18:12,492 [Listener at 127.0.0.1/34455] INFO  netty.NettyConfigKeys$DataStream (ConfUtils.java:logGet(46)) - raft.netty.dataStream.host = null (default)
2023-02-14 08:18:12,492 [Listener at 127.0.0.1/34455] INFO  netty.NettyConfigKeys$DataStream (ConfUtils.java:logGet(46)) - raft.netty.dataStream.port = 0 (default)
2023-02-14 08:18:12,493 [Listener at 127.0.0.1/34455] INFO  server.RaftServerConfigKeys (ConfUtils.java:logGet(46)) - raft.server.threadpool.proxy.cached = true (default)
2023-02-14 08:18:12,493 [Listener at 127.0.0.1/34455] INFO  server.RaftServerConfigKeys (ConfUtils.java:logGet(46)) - raft.server.threadpool.proxy.size = 0 (default)
2023-02-14 08:18:12,493 [Listener at 127.0.0.1/34455] INFO  server.RaftServerConfigKeys (ConfUtils.java:logGet(46)) - raft.server.rpc.slowness.timeout = 300s (custom)
2023-02-14 08:18:12,493 [Listener at 127.0.0.1/34455] INFO  server.RaftServerConfigKeys (ConfUtils.java:logGet(46)) - raft.server.leaderelection.leader.step-down.wait-time = 10s (default)
2023-02-14 08:18:12,493 [Listener at 127.0.0.1/34455] INFO  server.RaftServerConfigKeys (ConfUtils.java:logGet(46)) - raft.server.storage.dir = [/home/runner/work/ozone/ozone/hadoop-ozone/integration-test/target/test-dir/MiniOzoneClusterImpl-48139d39-b3ff-469d-bfde-a70ccbd6566f/datanode-4/data/ratis] (custom)
2023-02-14 08:18:12,494 [5c792a94-e343-4e55-bd70-b5b136c65d30-NettyServerStreamRpc-bossGroup--thread1] INFO  logging.LoggingHandler (AbstractInternalLogger.java:log(148)) - [id: 0x1901206e] REGISTERED
2023-02-14 08:18:12,495 [5c792a94-e343-4e55-bd70-b5b136c65d30-NettyServerStreamRpc-bossGroup--thread1] INFO  logging.LoggingHandler (AbstractInternalLogger.java:log(148)) - [id: 0x1901206e] BIND: 0.0.0.0/0.0.0.0:0
2023-02-14 08:18:12,495 [5c792a94-e343-4e55-bd70-b5b136c65d30-NettyServerStreamRpc-bossGroup--thread1] INFO  logging.LoggingHandler (AbstractInternalLogger.java:log(148)) - [id: 0x1901206e, L:/0:0:0:0:0:0:0:0:41409] ACTIVE
2023-02-14 08:18:12,509 [Listener at 127.0.0.1/34455] INFO  server.XceiverServerGrpc (XceiverServerGrpc.java:<init>(132)) - GrpcServer channel type EpollServerSocketChannel
2023-02-14 08:18:12,517 [Listener at 127.0.0.1/34455] INFO  http.BaseHttpServer (BaseHttpServer.java:newHttpServer2BuilderForOzone(213)) - Starting Web-server for hddsDatanode at: http://0.0.0.0:0
2023-02-14 08:18:12,517 [Listener at 127.0.0.1/34455] INFO  http.BaseHttpServer (BaseHttpServer.java:<init>(108)) - Hadoop Security Enabled: false Ozone Security Enabled: false Ozone HTTP Security Enabled: false 
2023-02-14 08:18:12,520 [Listener at 127.0.0.1/34455] WARN  server.AuthenticationFilter (AuthenticationFilter.java:constructSecretProvider(240)) - Unable to initialize FileSignerSecretProvider, falling back to use random secrets. Reason: Could not read signature secret file: /home/runner/hadoop-http-auth-signature-secret
2023-02-14 08:18:12,523 [Listener at 127.0.0.1/34455] WARN  http.HttpRequestLog (HttpRequestLog.java:getRequestLog(103)) - Jetty request log can only be enabled using Log4j
2023-02-14 08:18:12,524 [Listener at 127.0.0.1/34455] INFO  http.HttpServer2 (HttpServer2.java:addGlobalFilter(1031)) - Added global filter 'safety' (class=org.apache.hadoop.hdds.server.http.HttpServer2$QuotingInputFilter)
2023-02-14 08:18:12,525 [Listener at 127.0.0.1/34455] INFO  http.HttpServer2 (HttpServer2.java:addFilter(1007)) - Added filter static_user_filter (class=org.apache.hadoop.http.lib.StaticUserWebFilter$StaticUserFilter) to context hddsDatanode
2023-02-14 08:18:12,525 [Listener at 127.0.0.1/34455] INFO  http.HttpServer2 (HttpServer2.java:addFilter(1015)) - Added filter static_user_filter (class=org.apache.hadoop.http.lib.StaticUserWebFilter$StaticUserFilter) to context static
2023-02-14 08:18:12,525 [Listener at 127.0.0.1/34455] INFO  http.HttpServer2 (HttpServer2.java:addFilter(1015)) - Added filter static_user_filter (class=org.apache.hadoop.http.lib.StaticUserWebFilter$StaticUserFilter) to context logs
2023-02-14 08:18:12,525 [Listener at 127.0.0.1/34455] INFO  http.HttpServer2 (HttpServer2.java:bindListener(1250)) - Jetty bound to port 45215
2023-02-14 08:18:12,525 [Listener at 127.0.0.1/34455] INFO  server.Server (Server.java:doStart(375)) - jetty-9.4.49.v20220914; built: 2022-09-14T01:07:36.601Z; git: 4231a3b2e4cb8548a412a789936d640a97b1aa0a; jvm 1.8.0_362-b09
2023-02-14 08:18:12,531 [Listener at 127.0.0.1/34455] INFO  server.session (DefaultSessionIdManager.java:doStart(334)) - DefaultSessionIdManager workerName=node0
2023-02-14 08:18:12,531 [Listener at 127.0.0.1/34455] INFO  server.session (DefaultSessionIdManager.java:doStart(339)) - No SessionScavenger set, using defaults
2023-02-14 08:18:12,531 [Listener at 127.0.0.1/34455] INFO  server.session (HouseKeeper.java:startScavenging(132)) - node0 Scavenging every 600000ms
2023-02-14 08:18:12,534 [Listener at 127.0.0.1/34455] INFO  handler.ContextHandler (ContextHandler.java:doStart(921)) - Started o.e.j.s.ServletContextHandler@f5e34c3{logs,/logs,file:///home/runner/work/ozone/ozone/hadoop-ozone/integration-test/target/log,AVAILABLE}
2023-02-14 08:18:12,535 [Listener at 127.0.0.1/34455] INFO  handler.ContextHandler (ContextHandler.java:doStart(921)) - Started o.e.j.s.ServletContextHandler@327ac426{static,/static,jar:file:/home/runner/.m2/repository/org/apache/ozone/hdds-container-service/1.4.0-SNAPSHOT/hdds-container-service-1.4.0-SNAPSHOT.jar!/webapps/static,AVAILABLE}
2023-02-14 08:18:12,732 [Listener at 127.0.0.1/34455] INFO  handler.ContextHandler (ContextHandler.java:doStart(921)) - Started o.e.j.w.WebAppContext@68a8ac8e{hddsDatanode,/,file:///tmp/jetty-0_0_0_0-45215-hdds-container-service-1_4_0-SNAPSHOT_jar-_-any-3355045571167370478/webapp/,AVAILABLE}{jar:file:/home/runner/.m2/repository/org/apache/ozone/hdds-container-service/1.4.0-SNAPSHOT/hdds-container-service-1.4.0-SNAPSHOT.jar!/webapps/hddsDatanode}
2023-02-14 08:18:12,733 [Listener at 127.0.0.1/34455] INFO  server.AbstractConnector (AbstractConnector.java:doStart(333)) - Started ServerConnector@25c65e25{HTTP/1.1, (http/1.1)}{0.0.0.0:45215}
2023-02-14 08:18:12,733 [Listener at 127.0.0.1/34455] INFO  server.Server (Server.java:doStart(415)) - Started @68810ms
2023-02-14 08:18:12,733 [Listener at 127.0.0.1/34455] WARN  impl.MetricsSystemImpl (MetricsSystemImpl.java:register(279)) - Sink prometheus already exists!
2023-02-14 08:18:12,734 [Listener at 127.0.0.1/34455] INFO  http.BaseHttpServer (BaseHttpServer.java:updateConnectorAddress(333)) - HTTP server of hddsDatanode listening at http://0.0.0.0:45215
2023-02-14 08:18:12,735 [Datanode State Machine Daemon Thread] INFO  statemachine.DatanodeStateMachine (DatanodeStateMachine.java:lambda$startDaemon$0(516)) - Ozone container server started.
2023-02-14 08:18:12,738 [Listener at 127.0.0.1/34455] INFO  ozone.MiniOzoneClusterImpl (MiniOzoneClusterImpl.java:lambda$waitForClusterToBeReady$0(218)) - Waiting for nodes to be ready. Got 0 of 5 DN Heartbeats.
2023-02-14 08:18:12,738 [Listener at 127.0.0.1/34455] INFO  ozone.MiniOzoneClusterImpl (MiniOzoneClusterImpl.java:lambda$waitForClusterToBeReady$0(221)) - Waiting for cluster to exit safe mode
2023-02-14 08:18:12,739 [Listener at 127.0.0.1/34455] INFO  ozone.MiniOzoneClusterImpl (MiniOzoneClusterImpl.java:lambda$waitForClusterToBeReady$0(223)) - SCM became leader
2023-02-14 08:18:12,742 [org.apache.hadoop.util.JvmPauseMonitor$Monitor@1e71d1c2] INFO  util.JvmPauseMonitor (JvmPauseMonitor.java:run(188)) - Starting JVM pause monitor
2023-02-14 08:18:12,749 [Datanode State Machine Task Thread - 0] INFO  datanode.InitDatanodeState (InitDatanodeState.java:persistContainerDatanodeDetails(138)) - DatanodeDetails is persisted to /home/runner/work/ozone/ozone/hadoop-ozone/integration-test/target/test-dir/MiniOzoneClusterImpl-48139d39-b3ff-469d-bfde-a70ccbd6566f/datanode-4/meta/datanode.id
2023-02-14 08:18:13,404 [EndpointStateMachine task thread for /0.0.0.0:34311 - 0 ] INFO  utils.DatanodeStoreCache (DatanodeStoreCache.java:addDB(58)) - Added db /home/runner/work/ozone/ozone/hadoop-ozone/integration-test/target/test-dir/MiniOzoneClusterImpl-48139d39-b3ff-469d-bfde-a70ccbd6566f/datanode-0/data-0/containers/hdds/48139d39-b3ff-469d-bfde-a70ccbd6566f/DS-f69f72d3-4dbe-4c09-a7da-d8d671101dc9/container.db to cache
2023-02-14 08:18:13,404 [EndpointStateMachine task thread for /0.0.0.0:34311 - 0 ] INFO  volume.HddsVolume (HddsVolume.java:createDbStore(331)) - SchemaV3 db is created and loaded at /home/runner/work/ozone/ozone/hadoop-ozone/integration-test/target/test-dir/MiniOzoneClusterImpl-48139d39-b3ff-469d-bfde-a70ccbd6566f/datanode-0/data-0/containers/hdds/48139d39-b3ff-469d-bfde-a70ccbd6566f/DS-f69f72d3-4dbe-4c09-a7da-d8d671101dc9/container.db for volume DS-f69f72d3-4dbe-4c09-a7da-d8d671101dc9
2023-02-14 08:18:13,404 [EndpointStateMachine task thread for /0.0.0.0:34311 - 0 ] INFO  ozoneimpl.OzoneContainer (OzoneContainer.java:start(398)) - Attempting to start container services.
2023-02-14 08:18:13,404 [EndpointStateMachine task thread for /0.0.0.0:34311 - 0 ] INFO  ozoneimpl.OzoneContainer (OzoneContainer.java:startContainerScrub(315)) - Scheduled background container scanners and the on-demand container scanner have been disabled.
2023-02-14 08:18:13,408 [EndpointStateMachine task thread for /0.0.0.0:34311 - 0 ] INFO  replication.ReplicationServer (ReplicationServer.java:start(109)) - ReplicationServer is started using port 37627
2023-02-14 08:18:13,408 [EndpointStateMachine task thread for /0.0.0.0:34311 - 0 ] INFO  ratis.XceiverServerRatis (XceiverServerRatis.java:start(518)) - Starting XceiverServerRatis ad6dcd81-1875-4667-9f21-c7397548b1ba
2023-02-14 08:18:13,409 [EndpointStateMachine task thread for /0.0.0.0:34311 - 0 ] INFO  server.RaftServer (RaftServerProxy.java:startImpl(393)) - ad6dcd81-1875-4667-9f21-c7397548b1ba: start RPC server
2023-02-14 08:18:13,410 [EndpointStateMachine task thread for /0.0.0.0:34311 - 0 ] INFO  server.GrpcService (GrpcService.java:startImpl(262)) - ad6dcd81-1875-4667-9f21-c7397548b1ba: GrpcService started, listening on 34199
2023-02-14 08:18:13,410 [EndpointStateMachine task thread for /0.0.0.0:34311 - 0 ] INFO  ratis.XceiverServerRatis (XceiverServerRatis.java:getRealPort(544)) - XceiverServerRatis ad6dcd81-1875-4667-9f21-c7397548b1ba is started using port 34199 for RATIS
2023-02-14 08:18:13,410 [JvmPauseMonitor6] INFO  util.JvmPauseMonitor (JvmPauseMonitor.java:run(105)) - JvmPauseMonitor-ad6dcd81-1875-4667-9f21-c7397548b1ba: Started
2023-02-14 08:18:13,410 [EndpointStateMachine task thread for /0.0.0.0:34311 - 0 ] INFO  ratis.XceiverServerRatis (XceiverServerRatis.java:getRealPort(544)) - XceiverServerRatis ad6dcd81-1875-4667-9f21-c7397548b1ba is started using port 34199 for RATIS_ADMIN
2023-02-14 08:18:13,410 [EndpointStateMachine task thread for /0.0.0.0:34311 - 0 ] INFO  ratis.XceiverServerRatis (XceiverServerRatis.java:getRealPort(544)) - XceiverServerRatis ad6dcd81-1875-4667-9f21-c7397548b1ba is started using port 34199 for RATIS_SERVER
2023-02-14 08:18:13,410 [EndpointStateMachine task thread for /0.0.0.0:34311 - 0 ] INFO  ratis.XceiverServerRatis (XceiverServerRatis.java:getRealPort(544)) - XceiverServerRatis ad6dcd81-1875-4667-9f21-c7397548b1ba is started using port 34273 for RATIS_DATASTREAM
2023-02-14 08:18:13,413 [EndpointStateMachine task thread for /0.0.0.0:34311 - 0 ] INFO  server.XceiverServerGrpc (XceiverServerGrpc.java:start(180)) - XceiverServerGrpc ad6dcd81-1875-4667-9f21-c7397548b1ba is started using port 45327
2023-02-14 08:18:13,712 [EndpointStateMachine task thread for /0.0.0.0:34311 - 0 ] INFO  utils.DatanodeStoreCache (DatanodeStoreCache.java:addDB(58)) - Added db /home/runner/work/ozone/ozone/hadoop-ozone/integration-test/target/test-dir/MiniOzoneClusterImpl-48139d39-b3ff-469d-bfde-a70ccbd6566f/datanode-1/data-0/containers/hdds/48139d39-b3ff-469d-bfde-a70ccbd6566f/DS-5dac911f-1287-408f-9cff-43e1b415874d/container.db to cache
2023-02-14 08:18:13,712 [EndpointStateMachine task thread for /0.0.0.0:34311 - 0 ] INFO  volume.HddsVolume (HddsVolume.java:createDbStore(331)) - SchemaV3 db is created and loaded at /home/runner/work/ozone/ozone/hadoop-ozone/integration-test/target/test-dir/MiniOzoneClusterImpl-48139d39-b3ff-469d-bfde-a70ccbd6566f/datanode-1/data-0/containers/hdds/48139d39-b3ff-469d-bfde-a70ccbd6566f/DS-5dac911f-1287-408f-9cff-43e1b415874d/container.db for volume DS-5dac911f-1287-408f-9cff-43e1b415874d
2023-02-14 08:18:13,713 [EndpointStateMachine task thread for /0.0.0.0:34311 - 0 ] INFO  ozoneimpl.OzoneContainer (OzoneContainer.java:start(398)) - Attempting to start container services.
2023-02-14 08:18:13,713 [EndpointStateMachine task thread for /0.0.0.0:34311 - 0 ] INFO  ozoneimpl.OzoneContainer (OzoneContainer.java:startContainerScrub(315)) - Scheduled background container scanners and the on-demand container scanner have been disabled.
2023-02-14 08:18:13,715 [EndpointStateMachine task thread for /0.0.0.0:34311 - 0 ] INFO  replication.ReplicationServer (ReplicationServer.java:start(109)) - ReplicationServer is started using port 38643
2023-02-14 08:18:13,716 [EndpointStateMachine task thread for /0.0.0.0:34311 - 0 ] INFO  ratis.XceiverServerRatis (XceiverServerRatis.java:start(518)) - Starting XceiverServerRatis 31091561-319b-44fe-8343-13da60b8022d
2023-02-14 08:18:13,716 [EndpointStateMachine task thread for /0.0.0.0:34311 - 0 ] INFO  server.RaftServer (RaftServerProxy.java:startImpl(393)) - 31091561-319b-44fe-8343-13da60b8022d: start RPC server
2023-02-14 08:18:13,720 [EndpointStateMachine task thread for /0.0.0.0:34311 - 0 ] INFO  server.GrpcService (GrpcService.java:startImpl(262)) - 31091561-319b-44fe-8343-13da60b8022d: GrpcService started, listening on 41071
2023-02-14 08:18:13,720 [EndpointStateMachine task thread for /0.0.0.0:34311 - 0 ] INFO  ratis.XceiverServerRatis (XceiverServerRatis.java:getRealPort(544)) - XceiverServerRatis 31091561-319b-44fe-8343-13da60b8022d is started using port 41071 for RATIS
2023-02-14 08:18:13,720 [EndpointStateMachine task thread for /0.0.0.0:34311 - 0 ] INFO  ratis.XceiverServerRatis (XceiverServerRatis.java:getRealPort(544)) - XceiverServerRatis 31091561-319b-44fe-8343-13da60b8022d is started using port 41071 for RATIS_ADMIN
2023-02-14 08:18:13,720 [JvmPauseMonitor7] INFO  util.JvmPauseMonitor (JvmPauseMonitor.java:run(105)) - JvmPauseMonitor-31091561-319b-44fe-8343-13da60b8022d: Started
2023-02-14 08:18:13,720 [EndpointStateMachine task thread for /0.0.0.0:34311 - 0 ] INFO  ratis.XceiverServerRatis (XceiverServerRatis.java:getRealPort(544)) - XceiverServerRatis 31091561-319b-44fe-8343-13da60b8022d is started using port 41071 for RATIS_SERVER
2023-02-14 08:18:13,720 [EndpointStateMachine task thread for /0.0.0.0:34311 - 0 ] INFO  ratis.XceiverServerRatis (XceiverServerRatis.java:getRealPort(544)) - XceiverServerRatis 31091561-319b-44fe-8343-13da60b8022d is started using port 37967 for RATIS_DATASTREAM
2023-02-14 08:18:13,722 [EndpointStateMachine task thread for /0.0.0.0:34311 - 0 ] INFO  server.XceiverServerGrpc (XceiverServerGrpc.java:start(180)) - XceiverServerGrpc 31091561-319b-44fe-8343-13da60b8022d is started using port 38193
2023-02-14 08:18:13,739 [Listener at 127.0.0.1/34455] INFO  ozone.MiniOzoneClusterImpl (MiniOzoneClusterImpl.java:lambda$waitForClusterToBeReady$0(218)) - Waiting for nodes to be ready. Got 0 of 5 DN Heartbeats.
2023-02-14 08:18:13,739 [Listener at 127.0.0.1/34455] INFO  ozone.MiniOzoneClusterImpl (MiniOzoneClusterImpl.java:lambda$waitForClusterToBeReady$0(221)) - Waiting for cluster to exit safe mode
2023-02-14 08:18:13,739 [Listener at 127.0.0.1/34455] INFO  ozone.MiniOzoneClusterImpl (MiniOzoneClusterImpl.java:lambda$waitForClusterToBeReady$0(223)) - SCM became leader
2023-02-14 08:18:14,042 [EndpointStateMachine task thread for /0.0.0.0:34311 - 0 ] INFO  utils.DatanodeStoreCache (DatanodeStoreCache.java:addDB(58)) - Added db /home/runner/work/ozone/ozone/hadoop-ozone/integration-test/target/test-dir/MiniOzoneClusterImpl-48139d39-b3ff-469d-bfde-a70ccbd6566f/datanode-2/data-0/containers/hdds/48139d39-b3ff-469d-bfde-a70ccbd6566f/DS-df490254-49ae-42ec-afda-fd009df2e14d/container.db to cache
2023-02-14 08:18:14,043 [EndpointStateMachine task thread for /0.0.0.0:34311 - 0 ] INFO  volume.HddsVolume (HddsVolume.java:createDbStore(331)) - SchemaV3 db is created and loaded at /home/runner/work/ozone/ozone/hadoop-ozone/integration-test/target/test-dir/MiniOzoneClusterImpl-48139d39-b3ff-469d-bfde-a70ccbd6566f/datanode-2/data-0/containers/hdds/48139d39-b3ff-469d-bfde-a70ccbd6566f/DS-df490254-49ae-42ec-afda-fd009df2e14d/container.db for volume DS-df490254-49ae-42ec-afda-fd009df2e14d
2023-02-14 08:18:14,043 [EndpointStateMachine task thread for /0.0.0.0:34311 - 0 ] INFO  ozoneimpl.OzoneContainer (OzoneContainer.java:start(398)) - Attempting to start container services.
2023-02-14 08:18:14,043 [EndpointStateMachine task thread for /0.0.0.0:34311 - 0 ] INFO  ozoneimpl.OzoneContainer (OzoneContainer.java:startContainerScrub(315)) - Scheduled background container scanners and the on-demand container scanner have been disabled.
2023-02-14 08:18:14,045 [EndpointStateMachine task thread for /0.0.0.0:34311 - 0 ] INFO  replication.ReplicationServer (ReplicationServer.java:start(109)) - ReplicationServer is started using port 40141
2023-02-14 08:18:14,045 [EndpointStateMachine task thread for /0.0.0.0:34311 - 0 ] INFO  ratis.XceiverServerRatis (XceiverServerRatis.java:start(518)) - Starting XceiverServerRatis b5737586-1c7b-466e-b8cb-d0d8351e95e3
2023-02-14 08:18:14,050 [EndpointStateMachine task thread for /0.0.0.0:34311 - 0 ] INFO  server.RaftServer (RaftServerProxy.java:startImpl(393)) - b5737586-1c7b-466e-b8cb-d0d8351e95e3: start RPC server
2023-02-14 08:18:14,056 [EndpointStateMachine task thread for /0.0.0.0:34311 - 0 ] INFO  server.GrpcService (GrpcService.java:startImpl(262)) - b5737586-1c7b-466e-b8cb-d0d8351e95e3: GrpcService started, listening on 36425
2023-02-14 08:18:14,056 [EndpointStateMachine task thread for /0.0.0.0:34311 - 0 ] INFO  ratis.XceiverServerRatis (XceiverServerRatis.java:getRealPort(544)) - XceiverServerRatis b5737586-1c7b-466e-b8cb-d0d8351e95e3 is started using port 36425 for RATIS
2023-02-14 08:18:14,056 [EndpointStateMachine task thread for /0.0.0.0:34311 - 0 ] INFO  ratis.XceiverServerRatis (XceiverServerRatis.java:getRealPort(544)) - XceiverServerRatis b5737586-1c7b-466e-b8cb-d0d8351e95e3 is started using port 36425 for RATIS_ADMIN
2023-02-14 08:18:14,056 [EndpointStateMachine task thread for /0.0.0.0:34311 - 0 ] INFO  ratis.XceiverServerRatis (XceiverServerRatis.java:getRealPort(544)) - XceiverServerRatis b5737586-1c7b-466e-b8cb-d0d8351e95e3 is started using port 36425 for RATIS_SERVER
2023-02-14 08:18:14,056 [EndpointStateMachine task thread for /0.0.0.0:34311 - 0 ] INFO  ratis.XceiverServerRatis (XceiverServerRatis.java:getRealPort(544)) - XceiverServerRatis b5737586-1c7b-466e-b8cb-d0d8351e95e3 is started using port 38459 for RATIS_DATASTREAM
2023-02-14 08:18:14,056 [JvmPauseMonitor8] INFO  util.JvmPauseMonitor (JvmPauseMonitor.java:run(105)) - JvmPauseMonitor-b5737586-1c7b-466e-b8cb-d0d8351e95e3: Started
2023-02-14 08:18:14,062 [EndpointStateMachine task thread for /0.0.0.0:34311 - 0 ] INFO  server.XceiverServerGrpc (XceiverServerGrpc.java:start(180)) - XceiverServerGrpc b5737586-1c7b-466e-b8cb-d0d8351e95e3 is started using port 46767
2023-02-14 08:18:14,360 [EndpointStateMachine task thread for /0.0.0.0:34311 - 0 ] INFO  utils.DatanodeStoreCache (DatanodeStoreCache.java:addDB(58)) - Added db /home/runner/work/ozone/ozone/hadoop-ozone/integration-test/target/test-dir/MiniOzoneClusterImpl-48139d39-b3ff-469d-bfde-a70ccbd6566f/datanode-3/data-0/containers/hdds/48139d39-b3ff-469d-bfde-a70ccbd6566f/DS-55e7f910-408b-4c5a-86e9-0135620c7d87/container.db to cache
2023-02-14 08:18:14,360 [EndpointStateMachine task thread for /0.0.0.0:34311 - 0 ] INFO  volume.HddsVolume (HddsVolume.java:createDbStore(331)) - SchemaV3 db is created and loaded at /home/runner/work/ozone/ozone/hadoop-ozone/integration-test/target/test-dir/MiniOzoneClusterImpl-48139d39-b3ff-469d-bfde-a70ccbd6566f/datanode-3/data-0/containers/hdds/48139d39-b3ff-469d-bfde-a70ccbd6566f/DS-55e7f910-408b-4c5a-86e9-0135620c7d87/container.db for volume DS-55e7f910-408b-4c5a-86e9-0135620c7d87
2023-02-14 08:18:14,361 [EndpointStateMachine task thread for /0.0.0.0:34311 - 0 ] INFO  ozoneimpl.OzoneContainer (OzoneContainer.java:start(398)) - Attempting to start container services.
2023-02-14 08:18:14,361 [EndpointStateMachine task thread for /0.0.0.0:34311 - 0 ] INFO  ozoneimpl.OzoneContainer (OzoneContainer.java:startContainerScrub(315)) - Scheduled background container scanners and the on-demand container scanner have been disabled.
2023-02-14 08:18:14,365 [EndpointStateMachine task thread for /0.0.0.0:34311 - 0 ] INFO  replication.ReplicationServer (ReplicationServer.java:start(109)) - ReplicationServer is started using port 41147
2023-02-14 08:18:14,366 [EndpointStateMachine task thread for /0.0.0.0:34311 - 0 ] INFO  ratis.XceiverServerRatis (XceiverServerRatis.java:start(518)) - Starting XceiverServerRatis 568f4c16-ddfc-4e51-b0fc-7b0d857ab5f2
2023-02-14 08:18:14,368 [EndpointStateMachine task thread for /0.0.0.0:34311 - 0 ] INFO  server.RaftServer (RaftServerProxy.java:startImpl(393)) - 568f4c16-ddfc-4e51-b0fc-7b0d857ab5f2: start RPC server
2023-02-14 08:18:14,369 [EndpointStateMachine task thread for /0.0.0.0:34311 - 0 ] INFO  server.GrpcService (GrpcService.java:startImpl(262)) - 568f4c16-ddfc-4e51-b0fc-7b0d857ab5f2: GrpcService started, listening on 36475
2023-02-14 08:18:14,370 [EndpointStateMachine task thread for /0.0.0.0:34311 - 0 ] INFO  ratis.XceiverServerRatis (XceiverServerRatis.java:getRealPort(544)) - XceiverServerRatis 568f4c16-ddfc-4e51-b0fc-7b0d857ab5f2 is started using port 36475 for RATIS
2023-02-14 08:18:14,370 [EndpointStateMachine task thread for /0.0.0.0:34311 - 0 ] INFO  ratis.XceiverServerRatis (XceiverServerRatis.java:getRealPort(544)) - XceiverServerRatis 568f4c16-ddfc-4e51-b0fc-7b0d857ab5f2 is started using port 36475 for RATIS_ADMIN
2023-02-14 08:18:14,370 [JvmPauseMonitor9] INFO  util.JvmPauseMonitor (JvmPauseMonitor.java:run(105)) - JvmPauseMonitor-568f4c16-ddfc-4e51-b0fc-7b0d857ab5f2: Started
2023-02-14 08:18:14,370 [EndpointStateMachine task thread for /0.0.0.0:34311 - 0 ] INFO  ratis.XceiverServerRatis (XceiverServerRatis.java:getRealPort(544)) - XceiverServerRatis 568f4c16-ddfc-4e51-b0fc-7b0d857ab5f2 is started using port 36475 for RATIS_SERVER
2023-02-14 08:18:14,370 [EndpointStateMachine task thread for /0.0.0.0:34311 - 0 ] INFO  ratis.XceiverServerRatis (XceiverServerRatis.java:getRealPort(544)) - XceiverServerRatis 568f4c16-ddfc-4e51-b0fc-7b0d857ab5f2 is started using port 43767 for RATIS_DATASTREAM
2023-02-14 08:18:14,372 [EndpointStateMachine task thread for /0.0.0.0:34311 - 0 ] INFO  server.XceiverServerGrpc (XceiverServerGrpc.java:start(180)) - XceiverServerGrpc 568f4c16-ddfc-4e51-b0fc-7b0d857ab5f2 is started using port 36339
2023-02-14 08:18:14,739 [Listener at 127.0.0.1/34455] INFO  ozone.MiniOzoneClusterImpl (MiniOzoneClusterImpl.java:lambda$waitForClusterToBeReady$0(218)) - Waiting for nodes to be ready. Got 0 of 5 DN Heartbeats.
2023-02-14 08:18:14,739 [Listener at 127.0.0.1/34455] INFO  ozone.MiniOzoneClusterImpl (MiniOzoneClusterImpl.java:lambda$waitForClusterToBeReady$0(221)) - Waiting for cluster to exit safe mode
2023-02-14 08:18:14,739 [Listener at 127.0.0.1/34455] INFO  ozone.MiniOzoneClusterImpl (MiniOzoneClusterImpl.java:lambda$waitForClusterToBeReady$0(223)) - SCM became leader
2023-02-14 08:18:14,766 [EndpointStateMachine task thread for /0.0.0.0:34311 - 0 ] INFO  utils.DatanodeStoreCache (DatanodeStoreCache.java:addDB(58)) - Added db /home/runner/work/ozone/ozone/hadoop-ozone/integration-test/target/test-dir/MiniOzoneClusterImpl-48139d39-b3ff-469d-bfde-a70ccbd6566f/datanode-4/data-0/containers/hdds/48139d39-b3ff-469d-bfde-a70ccbd6566f/DS-ab32d1a3-830f-48c6-9c04-b869326180d9/container.db to cache
2023-02-14 08:18:14,766 [EndpointStateMachine task thread for /0.0.0.0:34311 - 0 ] INFO  volume.HddsVolume (HddsVolume.java:createDbStore(331)) - SchemaV3 db is created and loaded at /home/runner/work/ozone/ozone/hadoop-ozone/integration-test/target/test-dir/MiniOzoneClusterImpl-48139d39-b3ff-469d-bfde-a70ccbd6566f/datanode-4/data-0/containers/hdds/48139d39-b3ff-469d-bfde-a70ccbd6566f/DS-ab32d1a3-830f-48c6-9c04-b869326180d9/container.db for volume DS-ab32d1a3-830f-48c6-9c04-b869326180d9
2023-02-14 08:18:14,766 [EndpointStateMachine task thread for /0.0.0.0:34311 - 0 ] INFO  ozoneimpl.OzoneContainer (OzoneContainer.java:start(398)) - Attempting to start container services.
2023-02-14 08:18:14,766 [EndpointStateMachine task thread for /0.0.0.0:34311 - 0 ] INFO  ozoneimpl.OzoneContainer (OzoneContainer.java:startContainerScrub(315)) - Scheduled background container scanners and the on-demand container scanner have been disabled.
2023-02-14 08:18:14,768 [EndpointStateMachine task thread for /0.0.0.0:34311 - 0 ] INFO  replication.ReplicationServer (ReplicationServer.java:start(109)) - ReplicationServer is started using port 33769
2023-02-14 08:18:14,769 [EndpointStateMachine task thread for /0.0.0.0:34311 - 0 ] INFO  ratis.XceiverServerRatis (XceiverServerRatis.java:start(518)) - Starting XceiverServerRatis 5c792a94-e343-4e55-bd70-b5b136c65d30
2023-02-14 08:18:14,770 [EndpointStateMachine task thread for /0.0.0.0:34311 - 0 ] INFO  server.RaftServer (RaftServerProxy.java:startImpl(393)) - 5c792a94-e343-4e55-bd70-b5b136c65d30: start RPC server
2023-02-14 08:18:14,771 [EndpointStateMachine task thread for /0.0.0.0:34311 - 0 ] INFO  server.GrpcService (GrpcService.java:startImpl(262)) - 5c792a94-e343-4e55-bd70-b5b136c65d30: GrpcService started, listening on 41833
2023-02-14 08:18:14,773 [EndpointStateMachine task thread for /0.0.0.0:34311 - 0 ] INFO  ratis.XceiverServerRatis (XceiverServerRatis.java:getRealPort(544)) - XceiverServerRatis 5c792a94-e343-4e55-bd70-b5b136c65d30 is started using port 41833 for RATIS
2023-02-14 08:18:14,773 [EndpointStateMachine task thread for /0.0.0.0:34311 - 0 ] INFO  ratis.XceiverServerRatis (XceiverServerRatis.java:getRealPort(544)) - XceiverServerRatis 5c792a94-e343-4e55-bd70-b5b136c65d30 is started using port 41833 for RATIS_ADMIN
2023-02-14 08:18:14,773 [JvmPauseMonitor10] INFO  util.JvmPauseMonitor (JvmPauseMonitor.java:run(105)) - JvmPauseMonitor-5c792a94-e343-4e55-bd70-b5b136c65d30: Started
2023-02-14 08:18:14,773 [EndpointStateMachine task thread for /0.0.0.0:34311 - 0 ] INFO  ratis.XceiverServerRatis (XceiverServerRatis.java:getRealPort(544)) - XceiverServerRatis 5c792a94-e343-4e55-bd70-b5b136c65d30 is started using port 41833 for RATIS_SERVER
2023-02-14 08:18:14,773 [EndpointStateMachine task thread for /0.0.0.0:34311 - 0 ] INFO  ratis.XceiverServerRatis (XceiverServerRatis.java:getRealPort(544)) - XceiverServerRatis 5c792a94-e343-4e55-bd70-b5b136c65d30 is started using port 41409 for RATIS_DATASTREAM
2023-02-14 08:18:14,778 [EndpointStateMachine task thread for /0.0.0.0:34311 - 0 ] INFO  server.XceiverServerGrpc (XceiverServerGrpc.java:start(180)) - XceiverServerGrpc 5c792a94-e343-4e55-bd70-b5b136c65d30 is started using port 43049
2023-02-14 08:18:15,379 [IPC Server handler 2 on default port 34311] INFO  net.NetworkTopologyImpl (NetworkTopologyImpl.java:add(112)) - Added a new node: /default-rack/ad6dcd81-1875-4667-9f21-c7397548b1ba
2023-02-14 08:18:15,379 [IPC Server handler 2 on default port 34311] INFO  node.SCMNodeManager (SCMNodeManager.java:register(397)) - Registered Data node : ad6dcd81-1875-4667-9f21-c7397548b1ba{ip: 10.1.0.19, host: fv-az476-382.2mevl5kwmm3ezivwarakluutxb.phxx.internal.cloudapp.net, ports: [REPLICATION=37627, RATIS=34199, RATIS_ADMIN=34199, RATIS_SERVER=34199, RATIS_DATASTREAM=34273, STANDALONE=45327], networkLocation: /default-rack, certSerialId: null, persistedOpState: null, persistedOpStateExpiryEpochSec: 0}
2023-02-14 08:18:15,383 [EventQueue-NodeRegistrationContainerReportForContainerSafeModeRule] INFO  safemode.SCMSafeModeManager (SCMSafeModeManager.java:validateSafeModeExitRules(200)) - ContainerSafeModeRule rule is successfully validated
2023-02-14 08:18:15,383 [EventQueue-NodeRegistrationContainerReportForDataNodeSafeModeRule] INFO  safemode.SCMSafeModeManager (DataNodeSafeModeRule.java:process(71)) - SCM in safe mode. 1 DataNodes registered, 3 required.
2023-02-14 08:18:15,384 [EventQueue-NewNodeForNewNodeHandler] INFO  pipeline.BackgroundPipelineCreator (BackgroundPipelineCreator.java:notifyEventTriggered(276)) - trigger a one-shot run on RatisPipelineUtilsThread.
2023-02-14 08:18:15,384 [RatisPipelineUtilsThread - 0] INFO  pipeline.RatisPipelineProvider (RatisPipelineProvider.java:lambda$create$0(206)) - Sending CreatePipelineCommand for pipeline:PipelineID=a84f39c2-ddeb-48db-941c-54813b5b2aba to datanode:ad6dcd81-1875-4667-9f21-c7397548b1ba
2023-02-14 08:18:15,385 [RatisPipelineUtilsThread - 0] INFO  pipeline.PipelineStateManagerImpl (PipelineStateManagerImpl.java:addPipeline(103)) - Created pipeline Pipeline[ Id: a84f39c2-ddeb-48db-941c-54813b5b2aba, Nodes: ad6dcd81-1875-4667-9f21-c7397548b1ba(fv-az476-382.2mevl5kwmm3ezivwarakluutxb.phxx.internal.cloudapp.net/10.1.0.19), ReplicationConfig: RATIS/ONE, State:ALLOCATED, leaderId:, CreationTimestamp2023-02-14T08:18:15.384Z[Etc/UTC]].
2023-02-14 08:18:15,390 [EventQueue-PipelineReportForOneReplicaPipelineSafeModeRule] INFO  safemode.SCMSafeModeManager (SCMSafeModeManager.java:validateSafeModeExitRules(200)) - AtleastOneDatanodeReportedRule rule is successfully validated
2023-02-14 08:18:15,689 [IPC Server handler 1 on default port 34311] INFO  net.NetworkTopologyImpl (NetworkTopologyImpl.java:add(112)) - Added a new node: /default-rack/31091561-319b-44fe-8343-13da60b8022d
2023-02-14 08:18:15,689 [IPC Server handler 1 on default port 34311] INFO  node.SCMNodeManager (SCMNodeManager.java:register(397)) - Registered Data node : 31091561-319b-44fe-8343-13da60b8022d{ip: 10.1.0.19, host: fv-az476-382.2mevl5kwmm3ezivwarakluutxb.phxx.internal.cloudapp.net, ports: [REPLICATION=38643, RATIS=41071, RATIS_ADMIN=41071, RATIS_SERVER=41071, RATIS_DATASTREAM=37967, STANDALONE=38193], networkLocation: /default-rack, certSerialId: null, persistedOpState: null, persistedOpStateExpiryEpochSec: 0}
2023-02-14 08:18:15,690 [EventQueue-NewNodeForNewNodeHandler] INFO  pipeline.BackgroundPipelineCreator (BackgroundPipelineCreator.java:notifyEventTriggered(276)) - trigger a one-shot run on RatisPipelineUtilsThread.
2023-02-14 08:18:15,690 [EventQueue-NodeRegistrationContainerReportForDataNodeSafeModeRule] INFO  safemode.SCMSafeModeManager (DataNodeSafeModeRule.java:process(71)) - SCM in safe mode. 2 DataNodes registered, 3 required.
2023-02-14 08:18:15,691 [RatisPipelineUtilsThread - 0] INFO  pipeline.RatisPipelineProvider (RatisPipelineProvider.java:lambda$create$0(206)) - Sending CreatePipelineCommand for pipeline:PipelineID=005db543-ffeb-4045-8250-a70b198e060a to datanode:31091561-319b-44fe-8343-13da60b8022d
2023-02-14 08:18:15,691 [RatisPipelineUtilsThread - 0] INFO  pipeline.PipelineStateManagerImpl (PipelineStateManagerImpl.java:addPipeline(103)) - Created pipeline Pipeline[ Id: 005db543-ffeb-4045-8250-a70b198e060a, Nodes: 31091561-319b-44fe-8343-13da60b8022d(fv-az476-382.2mevl5kwmm3ezivwarakluutxb.phxx.internal.cloudapp.net/10.1.0.19), ReplicationConfig: RATIS/ONE, State:ALLOCATED, leaderId:, CreationTimestamp2023-02-14T08:18:15.691Z[Etc/UTC]].
2023-02-14 08:18:15,740 [Listener at 127.0.0.1/34455] INFO  ozone.MiniOzoneClusterImpl (MiniOzoneClusterImpl.java:lambda$waitForClusterToBeReady$0(218)) - Waiting for nodes to be ready. Got 2 of 5 DN Heartbeats.
2023-02-14 08:18:15,740 [Listener at 127.0.0.1/34455] INFO  ozone.MiniOzoneClusterImpl (MiniOzoneClusterImpl.java:lambda$waitForClusterToBeReady$0(221)) - Waiting for cluster to exit safe mode
2023-02-14 08:18:15,740 [Listener at 127.0.0.1/34455] INFO  ozone.MiniOzoneClusterImpl (MiniOzoneClusterImpl.java:lambda$waitForClusterToBeReady$0(223)) - SCM became leader
2023-02-14 08:18:16,004 [IPC Server handler 3 on default port 34311] INFO  net.NetworkTopologyImpl (NetworkTopologyImpl.java:add(112)) - Added a new node: /default-rack/b5737586-1c7b-466e-b8cb-d0d8351e95e3
2023-02-14 08:18:16,004 [IPC Server handler 3 on default port 34311] INFO  node.SCMNodeManager (SCMNodeManager.java:register(397)) - Registered Data node : b5737586-1c7b-466e-b8cb-d0d8351e95e3{ip: 10.1.0.19, host: fv-az476-382.2mevl5kwmm3ezivwarakluutxb.phxx.internal.cloudapp.net, ports: [REPLICATION=40141, RATIS=36425, RATIS_ADMIN=36425, RATIS_SERVER=36425, RATIS_DATASTREAM=38459, STANDALONE=46767], networkLocation: /default-rack, certSerialId: null, persistedOpState: null, persistedOpStateExpiryEpochSec: 0}
2023-02-14 08:18:16,004 [EventQueue-NewNodeForNewNodeHandler] INFO  pipeline.BackgroundPipelineCreator (BackgroundPipelineCreator.java:notifyEventTriggered(276)) - trigger a one-shot run on RatisPipelineUtilsThread.
2023-02-14 08:18:16,004 [EventQueue-NodeRegistrationContainerReportForDataNodeSafeModeRule] INFO  safemode.SCMSafeModeManager (DataNodeSafeModeRule.java:process(71)) - SCM in safe mode. 3 DataNodes registered, 3 required.
2023-02-14 08:18:16,005 [EventQueue-NodeRegistrationContainerReportForDataNodeSafeModeRule] INFO  safemode.SCMSafeModeManager (SCMSafeModeManager.java:validateSafeModeExitRules(200)) - DataNodeSafeModeRule rule is successfully validated
2023-02-14 08:18:16,005 [EventQueue-NodeRegistrationContainerReportForDataNodeSafeModeRule] INFO  safemode.SCMSafeModeManager (SCMSafeModeManager.java:completePreCheck(229)) - All SCM safe mode pre check rules have passed
2023-02-14 08:18:16,005 [EventQueue-NodeRegistrationContainerReportForDataNodeSafeModeRule] INFO  ha.SCMContext (SCMContext.java:updateSafeModeStatus(228)) - Update SafeModeStatus from SafeModeStatus{safeModeStatus=true, preCheckPassed=false} to SafeModeStatus{safeModeStatus=true, preCheckPassed=true}.
2023-02-14 08:18:16,005 [EventQueue-NodeRegistrationContainerReportForDataNodeSafeModeRule] INFO  pipeline.BackgroundPipelineCreator (BackgroundPipelineCreator.java:notifyEventTriggered(276)) - trigger a one-shot run on RatisPipelineUtilsThread.
2023-02-14 08:18:16,005 [RatisPipelineUtilsThread - 0] INFO  pipeline.RatisPipelineProvider (RatisPipelineProvider.java:lambda$create$0(206)) - Sending CreatePipelineCommand for pipeline:PipelineID=4488eb3c-5024-4567-8782-a525657b0cd2 to datanode:b5737586-1c7b-466e-b8cb-d0d8351e95e3
2023-02-14 08:18:16,005 [RatisPipelineUtilsThread - 0] INFO  pipeline.PipelineStateManagerImpl (PipelineStateManagerImpl.java:addPipeline(103)) - Created pipeline Pipeline[ Id: 4488eb3c-5024-4567-8782-a525657b0cd2, Nodes: b5737586-1c7b-466e-b8cb-d0d8351e95e3(fv-az476-382.2mevl5kwmm3ezivwarakluutxb.phxx.internal.cloudapp.net/10.1.0.19), ReplicationConfig: RATIS/ONE, State:ALLOCATED, leaderId:, CreationTimestamp2023-02-14T08:18:16.005Z[Etc/UTC]].
2023-02-14 08:18:16,006 [RatisPipelineUtilsThread - 0] INFO  pipeline.RatisPipelineProvider (RatisPipelineProvider.java:lambda$create$0(206)) - Sending CreatePipelineCommand for pipeline:PipelineID=085f4cbf-9d01-45bd-a65b-3c8877628462 to datanode:b5737586-1c7b-466e-b8cb-d0d8351e95e3
2023-02-14 08:18:16,006 [RatisPipelineUtilsThread - 0] INFO  pipeline.RatisPipelineProvider (RatisPipelineProvider.java:lambda$create$0(206)) - Sending CreatePipelineCommand for pipeline:PipelineID=085f4cbf-9d01-45bd-a65b-3c8877628462 to datanode:31091561-319b-44fe-8343-13da60b8022d
2023-02-14 08:18:16,006 [RatisPipelineUtilsThread - 0] INFO  pipeline.RatisPipelineProvider (RatisPipelineProvider.java:lambda$create$0(206)) - Sending CreatePipelineCommand for pipeline:PipelineID=085f4cbf-9d01-45bd-a65b-3c8877628462 to datanode:ad6dcd81-1875-4667-9f21-c7397548b1ba
2023-02-14 08:18:16,006 [RatisPipelineUtilsThread - 0] INFO  pipeline.PipelineStateManagerImpl (PipelineStateManagerImpl.java:addPipeline(103)) - Created pipeline Pipeline[ Id: 085f4cbf-9d01-45bd-a65b-3c8877628462, Nodes: b5737586-1c7b-466e-b8cb-d0d8351e95e3(fv-az476-382.2mevl5kwmm3ezivwarakluutxb.phxx.internal.cloudapp.net/10.1.0.19)31091561-319b-44fe-8343-13da60b8022d(fv-az476-382.2mevl5kwmm3ezivwarakluutxb.phxx.internal.cloudapp.net/10.1.0.19)ad6dcd81-1875-4667-9f21-c7397548b1ba(fv-az476-382.2mevl5kwmm3ezivwarakluutxb.phxx.internal.cloudapp.net/10.1.0.19), ReplicationConfig: RATIS/THREE, State:ALLOCATED, leaderId:, CreationTimestamp2023-02-14T08:18:16.006Z[Etc/UTC]].
2023-02-14 08:18:16,007 [RatisPipelineUtilsThread - 0] INFO  pipeline.RatisPipelineProvider (RatisPipelineProvider.java:lambda$create$0(206)) - Sending CreatePipelineCommand for pipeline:PipelineID=94426ebe-b92e-468c-8a93-1b6006aefddc to datanode:ad6dcd81-1875-4667-9f21-c7397548b1ba
2023-02-14 08:18:16,007 [RatisPipelineUtilsThread - 0] INFO  pipeline.RatisPipelineProvider (RatisPipelineProvider.java:lambda$create$0(206)) - Sending CreatePipelineCommand for pipeline:PipelineID=94426ebe-b92e-468c-8a93-1b6006aefddc to datanode:31091561-319b-44fe-8343-13da60b8022d
2023-02-14 08:18:16,007 [RatisPipelineUtilsThread - 0] INFO  pipeline.RatisPipelineProvider (RatisPipelineProvider.java:lambda$create$0(206)) - Sending CreatePipelineCommand for pipeline:PipelineID=94426ebe-b92e-468c-8a93-1b6006aefddc to datanode:b5737586-1c7b-466e-b8cb-d0d8351e95e3
2023-02-14 08:18:16,008 [RatisPipelineUtilsThread - 0] INFO  pipeline.PipelineStateManagerImpl (PipelineStateManagerImpl.java:addPipeline(103)) - Created pipeline Pipeline[ Id: 94426ebe-b92e-468c-8a93-1b6006aefddc, Nodes: ad6dcd81-1875-4667-9f21-c7397548b1ba(fv-az476-382.2mevl5kwmm3ezivwarakluutxb.phxx.internal.cloudapp.net/10.1.0.19)31091561-319b-44fe-8343-13da60b8022d(fv-az476-382.2mevl5kwmm3ezivwarakluutxb.phxx.internal.cloudapp.net/10.1.0.19)b5737586-1c7b-466e-b8cb-d0d8351e95e3(fv-az476-382.2mevl5kwmm3ezivwarakluutxb.phxx.internal.cloudapp.net/10.1.0.19), ReplicationConfig: RATIS/THREE, State:ALLOCATED, leaderId:, CreationTimestamp2023-02-14T08:18:16.007Z[Etc/UTC]].
2023-02-14 08:18:16,008 [RatisPipelineUtilsThread - 0] INFO  pipeline.PipelineManagerImpl (PipelineManagerImpl.java:recordMetricsForPipeline(826)) - Pipeline: PipelineID=94426ebe-b92e-468c-8a93-1b6006aefddc contains same datanodes as previous pipelines: PipelineID=085f4cbf-9d01-45bd-a65b-3c8877628462 nodeIds: ad6dcd81-1875-4667-9f21-c7397548b1ba, 31091561-319b-44fe-8343-13da60b8022d, b5737586-1c7b-466e-b8cb-d0d8351e95e3
2023-02-14 08:18:16,008 [RatisPipelineUtilsThread - 0] WARN  pipeline.PipelinePlacementPolicy (PipelinePlacementPolicy.java:filterViableNodes(158)) - Pipeline creation failed due to no sufficient healthy datanodes. Required 3. Found 0.
2023-02-14 08:18:16,336 [IPC Server handler 0 on default port 34311] INFO  net.NetworkTopologyImpl (NetworkTopologyImpl.java:add(112)) - Added a new node: /default-rack/568f4c16-ddfc-4e51-b0fc-7b0d857ab5f2
2023-02-14 08:18:16,336 [IPC Server handler 0 on default port 34311] INFO  node.SCMNodeManager (SCMNodeManager.java:register(397)) - Registered Data node : 568f4c16-ddfc-4e51-b0fc-7b0d857ab5f2{ip: 10.1.0.19, host: fv-az476-382.2mevl5kwmm3ezivwarakluutxb.phxx.internal.cloudapp.net, ports: [REPLICATION=41147, RATIS=36475, RATIS_ADMIN=36475, RATIS_SERVER=36475, RATIS_DATASTREAM=43767, STANDALONE=36339], networkLocation: /default-rack, certSerialId: null, persistedOpState: null, persistedOpStateExpiryEpochSec: 0}
2023-02-14 08:18:16,337 [EventQueue-NewNodeForNewNodeHandler] INFO  pipeline.BackgroundPipelineCreator (BackgroundPipelineCreator.java:notifyEventTriggered(276)) - trigger a one-shot run on RatisPipelineUtilsThread.
2023-02-14 08:18:16,337 [RatisPipelineUtilsThread - 0] INFO  pipeline.RatisPipelineProvider (RatisPipelineProvider.java:lambda$create$0(206)) - Sending CreatePipelineCommand for pipeline:PipelineID=4291e819-97c1-4fa7-aad7-8a79eed9c278 to datanode:568f4c16-ddfc-4e51-b0fc-7b0d857ab5f2
2023-02-14 08:18:16,337 [RatisPipelineUtilsThread - 0] INFO  pipeline.PipelineStateManagerImpl (PipelineStateManagerImpl.java:addPipeline(103)) - Created pipeline Pipeline[ Id: 4291e819-97c1-4fa7-aad7-8a79eed9c278, Nodes: 568f4c16-ddfc-4e51-b0fc-7b0d857ab5f2(fv-az476-382.2mevl5kwmm3ezivwarakluutxb.phxx.internal.cloudapp.net/10.1.0.19), ReplicationConfig: RATIS/ONE, State:ALLOCATED, leaderId:, CreationTimestamp2023-02-14T08:18:16.337Z[Etc/UTC]].
2023-02-14 08:18:16,338 [RatisPipelineUtilsThread - 0] WARN  pipeline.PipelinePlacementPolicy (PipelinePlacementPolicy.java:filterViableNodes(158)) - Pipeline creation failed due to no sufficient healthy datanodes. Required 3. Found 1.
2023-02-14 08:18:16,740 [Listener at 127.0.0.1/34455] INFO  ozone.MiniOzoneClusterImpl (MiniOzoneClusterImpl.java:lambda$waitForClusterToBeReady$0(218)) - Waiting for nodes to be ready. Got 4 of 5 DN Heartbeats.
2023-02-14 08:18:16,740 [Listener at 127.0.0.1/34455] INFO  ozone.MiniOzoneClusterImpl (MiniOzoneClusterImpl.java:lambda$waitForClusterToBeReady$0(221)) - Waiting for cluster to exit safe mode
2023-02-14 08:18:16,740 [Listener at 127.0.0.1/34455] INFO  ozone.MiniOzoneClusterImpl (MiniOzoneClusterImpl.java:lambda$waitForClusterToBeReady$0(223)) - SCM became leader
2023-02-14 08:18:16,744 [IPC Server handler 3 on default port 34311] INFO  net.NetworkTopologyImpl (NetworkTopologyImpl.java:add(112)) - Added a new node: /default-rack/5c792a94-e343-4e55-bd70-b5b136c65d30
2023-02-14 08:18:16,744 [IPC Server handler 3 on default port 34311] INFO  node.SCMNodeManager (SCMNodeManager.java:register(397)) - Registered Data node : 5c792a94-e343-4e55-bd70-b5b136c65d30{ip: 10.1.0.19, host: fv-az476-382.2mevl5kwmm3ezivwarakluutxb.phxx.internal.cloudapp.net, ports: [REPLICATION=33769, RATIS=41833, RATIS_ADMIN=41833, RATIS_SERVER=41833, RATIS_DATASTREAM=41409, STANDALONE=43049], networkLocation: /default-rack, certSerialId: null, persistedOpState: null, persistedOpStateExpiryEpochSec: 0}
2023-02-14 08:18:16,745 [EventQueue-NewNodeForNewNodeHandler] INFO  pipeline.BackgroundPipelineCreator (BackgroundPipelineCreator.java:notifyEventTriggered(276)) - trigger a one-shot run on RatisPipelineUtilsThread.
2023-02-14 08:18:16,745 [RatisPipelineUtilsThread - 0] INFO  pipeline.RatisPipelineProvider (RatisPipelineProvider.java:lambda$create$0(206)) - Sending CreatePipelineCommand for pipeline:PipelineID=326ddbfe-fdb4-4409-b0ec-a8e470adaa18 to datanode:5c792a94-e343-4e55-bd70-b5b136c65d30
2023-02-14 08:18:16,746 [RatisPipelineUtilsThread - 0] INFO  pipeline.PipelineStateManagerImpl (PipelineStateManagerImpl.java:addPipeline(103)) - Created pipeline Pipeline[ Id: 326ddbfe-fdb4-4409-b0ec-a8e470adaa18, Nodes: 5c792a94-e343-4e55-bd70-b5b136c65d30(fv-az476-382.2mevl5kwmm3ezivwarakluutxb.phxx.internal.cloudapp.net/10.1.0.19), ReplicationConfig: RATIS/ONE, State:ALLOCATED, leaderId:, CreationTimestamp2023-02-14T08:18:16.745Z[Etc/UTC]].
2023-02-14 08:18:16,746 [RatisPipelineUtilsThread - 0] WARN  pipeline.PipelinePlacementPolicy (PipelinePlacementPolicy.java:filterViableNodes(158)) - Pipeline creation failed due to no sufficient healthy datanodes. Required 3. Found 2.
2023-02-14 08:18:17,741 [Listener at 127.0.0.1/34455] INFO  ozone.MiniOzoneClusterImpl (MiniOzoneClusterImpl.java:lambda$waitForClusterToBeReady$0(218)) - Nodes are ready. Got 5 of 5 DN Heartbeats.
2023-02-14 08:18:17,741 [Listener at 127.0.0.1/34455] INFO  ozone.MiniOzoneClusterImpl (MiniOzoneClusterImpl.java:lambda$waitForClusterToBeReady$0(221)) - Waiting for cluster to exit safe mode
2023-02-14 08:18:17,741 [Listener at 127.0.0.1/34455] INFO  ozone.MiniOzoneClusterImpl (MiniOzoneClusterImpl.java:lambda$waitForClusterToBeReady$0(223)) - SCM became leader
2023-02-14 08:18:18,380 [Command processor thread] INFO  server.RaftServer (RaftServerProxy.java:addNew(96)) - ad6dcd81-1875-4667-9f21-c7397548b1ba: addNew group-54813B5B2ABA:[ad6dcd81-1875-4667-9f21-c7397548b1ba|rpc:10.1.0.19:34199|dataStream:10.1.0.19:34273|priority:1|startupRole:FOLLOWER] returns group-54813B5B2ABA:java.util.concurrent.CompletableFuture@26811d7c[Not completed]
2023-02-14 08:18:18,381 [pool-275-thread-1] INFO  server.RaftServer$Division (RaftServerImpl.java:<init>(195)) - ad6dcd81-1875-4667-9f21-c7397548b1ba: new RaftServerImpl for group-54813B5B2ABA:[ad6dcd81-1875-4667-9f21-c7397548b1ba|rpc:10.1.0.19:34199|dataStream:10.1.0.19:34273|priority:1|startupRole:FOLLOWER] with ContainerStateMachine:uninitialized
2023-02-14 08:18:18,381 [pool-275-thread-1] INFO  server.RaftServerConfigKeys (ConfUtils.java:logGet(46)) - raft.server.rpc.timeout.min = 5s (custom)
2023-02-14 08:18:18,381 [pool-275-thread-1] INFO  server.RaftServerConfigKeys (ConfUtils.java:logGet(46)) - raft.server.rpc.timeout.max = 5200ms (custom)
2023-02-14 08:18:18,381 [pool-275-thread-1] INFO  server.RaftServerConfigKeys (ConfUtils.java:logGet(46)) - raft.server.rpc.sleep.time = 25ms (default)
2023-02-14 08:18:18,381 [pool-275-thread-1] INFO  server.RaftServerConfigKeys (ConfUtils.java:logGet(46)) - raft.server.rpc.slowness.timeout = 300s (custom)
2023-02-14 08:18:18,381 [pool-275-thread-1] INFO  server.RaftServerConfigKeys (ConfUtils.java:logGet(46)) - raft.server.leaderelection.leader.step-down.wait-time = 10s (default)
2023-02-14 08:18:18,381 [pool-275-thread-1] INFO  server.RaftServerConfigKeys (ConfUtils.java:logGet(46)) - raft.server.sleep.deviation.threshold = 300ms (default)
2023-02-14 08:18:18,381 [pool-275-thread-1] INFO  server.RaftServer$Division (ServerState.java:<init>(118)) - ad6dcd81-1875-4667-9f21-c7397548b1ba@group-54813B5B2ABA: ConfigurationManager, init=-1: peers:[ad6dcd81-1875-4667-9f21-c7397548b1ba|rpc:10.1.0.19:34199|dataStream:10.1.0.19:34273|priority:1|startupRole:FOLLOWER]|listeners:[], old=null, confs=<EMPTY_MAP>
2023-02-14 08:18:18,381 [pool-275-thread-1] INFO  server.RaftServerConfigKeys (ConfUtils.java:logGet(46)) - raft.server.storage.dir = [/home/runner/work/ozone/ozone/hadoop-ozone/integration-test/target/test-dir/MiniOzoneClusterImpl-48139d39-b3ff-469d-bfde-a70ccbd6566f/datanode-0/data/ratis] (custom)
2023-02-14 08:18:18,381 [pool-275-thread-1] INFO  server.RaftServerConfigKeys (ConfUtils.java:logGet(46)) - raft.server.log.corruption.policy = EXCEPTION (default)
2023-02-14 08:18:18,381 [pool-275-thread-1] INFO  server.RaftServerConfigKeys (ConfUtils.java:logGet(46)) - raft.server.storage.free-space.min = 0MB (=0) (default)
2023-02-14 08:18:18,382 [pool-275-thread-1] INFO  server.RaftServerConfigKeys (ConfUtils.java:logGet(46)) - raft.server.notification.no-leader.timeout = 300s (custom)
2023-02-14 08:18:18,382 [pool-275-thread-1] INFO  server.RaftServerConfigKeys (ConfUtils.java:logGet(46)) - raft.server.retrycache.expirytime = 600000ms (custom)
2023-02-14 08:18:18,382 [pool-275-thread-1] INFO  server.RaftServerConfigKeys (ConfUtils.java:logGet(46)) - raft.server.retrycache.statistics.expirytime = 100μs (default)
2023-02-14 08:18:18,382 [pool-275-thread-1] INFO  server.RaftServerConfigKeys (ConfUtils.java:logGet(46)) - raft.server.log.appender.install.snapshot.enabled = false (custom)
2023-02-14 08:18:18,382 [pool-275-thread-1] INFO  server.RaftServerConfigKeys (ConfUtils.java:logGet(46)) - raft.server.threadpool.server.cached = true (default)
2023-02-14 08:18:18,382 [pool-275-thread-1] INFO  server.RaftServerConfigKeys (ConfUtils.java:logGet(46)) - raft.server.threadpool.server.size = 0 (default)
2023-02-14 08:18:18,383 [pool-275-thread-1] INFO  server.RaftServerConfigKeys (ConfUtils.java:logGet(46)) - raft.server.threadpool.client.cached = true (default)
2023-02-14 08:18:18,383 [pool-275-thread-1] INFO  server.RaftServerConfigKeys (ConfUtils.java:logGet(46)) - raft.server.threadpool.client.size = 0 (default)
2023-02-14 08:18:18,383 [pool-275-thread-1] INFO  storage.RaftStorageDirectory (RaftStorageDirectoryImpl.java:analyzeStorage(137)) - The storage directory /home/runner/work/ozone/ozone/hadoop-ozone/integration-test/target/test-dir/MiniOzoneClusterImpl-48139d39-b3ff-469d-bfde-a70ccbd6566f/datanode-0/data/ratis/a84f39c2-ddeb-48db-941c-54813b5b2aba does not exist. Creating ...
2023-02-14 08:18:18,384 [pool-275-thread-1] INFO  storage.RaftStorageDirectory (RaftStorageDirectoryImpl.java:tryLock(231)) - Lock on /home/runner/work/ozone/ozone/hadoop-ozone/integration-test/target/test-dir/MiniOzoneClusterImpl-48139d39-b3ff-469d-bfde-a70ccbd6566f/datanode-0/data/ratis/a84f39c2-ddeb-48db-941c-54813b5b2aba/in_use.lock acquired by nodename 11911@fv-az476-382
2023-02-14 08:18:18,384 [pool-275-thread-1] INFO  storage.RaftStorage (RaftStorageImpl.java:format(96)) - Storage directory /home/runner/work/ozone/ozone/hadoop-ozone/integration-test/target/test-dir/MiniOzoneClusterImpl-48139d39-b3ff-469d-bfde-a70ccbd6566f/datanode-0/data/ratis/a84f39c2-ddeb-48db-941c-54813b5b2aba has been successfully formatted.
2023-02-14 08:18:18,386 [pool-275-thread-1] INFO  ratis.ContainerStateMachine (ContainerStateMachine.java:loadSnapshot(240)) - group-54813B5B2ABA: The snapshot info is null. Setting the last applied indexto:(t:0, i:~)
2023-02-14 08:18:18,386 [pool-275-thread-1] INFO  server.RaftServerConfigKeys (ConfUtils.java:logGet(46)) - raft.server.log.use.memory = false (default)
2023-02-14 08:18:18,386 [pool-275-thread-1] INFO  server.RaftServerConfigKeys (ConfUtils.java:logGet(46)) - raft.server.log.purge.gap = 1000000 (custom)
2023-02-14 08:18:18,386 [pool-275-thread-1] INFO  server.RaftServerConfigKeys (ConfUtils.java:logGet(46)) - raft.server.log.appender.buffer.byte-limit = 33554432 (custom)
2023-02-14 08:18:18,386 [pool-275-thread-1] INFO  server.RaftServerConfigKeys (ConfUtils.java:logGet(46)) - raft.server.log.statemachine.data.read.timeout = 1000ms (default)
2023-02-14 08:18:18,386 [pool-275-thread-1] INFO  server.RaftServerConfigKeys (ConfUtils.java:logGet(46)) - raft.server.log.purge.preservation.log.num = 0 (default)
2023-02-14 08:18:18,387 [EventQueue-PipelineReportForPipelineReportHandler] INFO  pipeline.PipelineManagerImpl (PipelineManagerImpl.java:openPipeline(367)) - Pipeline Pipeline[ Id: a84f39c2-ddeb-48db-941c-54813b5b2aba, Nodes: ad6dcd81-1875-4667-9f21-c7397548b1ba(fv-az476-382.2mevl5kwmm3ezivwarakluutxb.phxx.internal.cloudapp.net/10.1.0.19), ReplicationConfig: RATIS/ONE, State:ALLOCATED, leaderId:ad6dcd81-1875-4667-9f21-c7397548b1ba, CreationTimestamp2023-02-14T08:18:15.384Z[Etc/UTC]] moved to OPEN state
2023-02-14 08:18:18,387 [pool-275-thread-1] INFO  server.RaftServerConfigKeys (ConfUtils.java:logGet(46)) - raft.server.log.segment.size.max = 1048576 (custom)
2023-02-14 08:18:18,388 [pool-275-thread-1] INFO  server.RaftServerConfigKeys (ConfUtils.java:logGet(46)) - raft.server.log.segment.cache.num.max = 2 (custom)
2023-02-14 08:18:18,388 [pool-275-thread-1] INFO  server.RaftServerConfigKeys (ConfUtils.java:logGet(46)) - raft.server.log.segment.cache.size.max = 200MB (=209715200) (default)
2023-02-14 08:18:18,388 [pool-275-thread-1] INFO  segmented.SegmentedRaftLogWorker (SegmentedRaftLogWorker.java:<init>(189)) - new ad6dcd81-1875-4667-9f21-c7397548b1ba@group-54813B5B2ABA-SegmentedRaftLogWorker for RaftStorageImpl:Storage Directory /home/runner/work/ozone/ozone/hadoop-ozone/integration-test/target/test-dir/MiniOzoneClusterImpl-48139d39-b3ff-469d-bfde-a70ccbd6566f/datanode-0/data/ratis/a84f39c2-ddeb-48db-941c-54813b5b2aba
2023-02-14 08:18:18,388 [pool-275-thread-1] INFO  server.RaftServerConfigKeys (ConfUtils.java:logGet(46)) - raft.server.log.queue.byte-limit = 4294967296 (custom)
2023-02-14 08:18:18,388 [pool-275-thread-1] INFO  server.RaftServerConfigKeys (ConfUtils.java:logGet(46)) - raft.server.log.queue.element-limit = 1024 (custom)
2023-02-14 08:18:18,388 [pool-275-thread-1] INFO  server.RaftServerConfigKeys (ConfUtils.java:logGet(46)) - raft.server.log.segment.size.max = 1048576 (custom)
2023-02-14 08:18:18,388 [pool-275-thread-1] INFO  server.RaftServerConfigKeys (ConfUtils.java:logGet(46)) - raft.server.log.preallocated.size = 16384 (custom)
2023-02-14 08:18:18,388 [pool-275-thread-1] INFO  server.RaftServerConfigKeys (ConfUtils.java:logGet(46)) - raft.server.log.force.sync.num = 128 (default)
2023-02-14 08:18:18,388 [pool-275-thread-1] INFO  server.RaftServerConfigKeys (ConfUtils.java:logGet(46)) - raft.server.log.statemachine.data.sync = true (default)
2023-02-14 08:18:18,388 [pool-275-thread-1] INFO  server.RaftServerConfigKeys (ConfUtils.java:logGet(46)) - raft.server.log.statemachine.data.sync.timeout = 10s (default)
2023-02-14 08:18:18,388 [pool-275-thread-1] INFO  server.RaftServerConfigKeys (ConfUtils.java:logGet(46)) - raft.server.log.statemachine.data.sync.timeout.retry = -1 (default)
2023-02-14 08:18:18,389 [pool-275-thread-1] INFO  server.RaftServerConfigKeys (ConfUtils.java:logGet(46)) - raft.server.log.write.buffer.size = 1048576 (custom)
2023-02-14 08:18:18,390 [pool-275-thread-1] INFO  server.RaftServerConfigKeys (ConfUtils.java:logGet(46)) - raft.server.log.appender.buffer.byte-limit = 33554432 (custom)
2023-02-14 08:18:18,392 [pool-275-thread-1] INFO  server.RaftServerConfigKeys (ConfUtils.java:logGet(46)) - raft.server.log.unsafe-flush.enabled = false (default)
2023-02-14 08:18:18,392 [pool-275-thread-1] INFO  server.RaftServerConfigKeys (ConfUtils.java:logGet(46)) - raft.server.log.async-flush.enabled = false (default)
2023-02-14 08:18:18,393 [pool-275-thread-1] INFO  server.RaftServerConfigKeys (ConfUtils.java:logGet(46)) - raft.server.log.statemachine.data.caching.enabled = true (custom)
2023-02-14 08:18:18,393 [pool-275-thread-1] INFO  segmented.SegmentedRaftLogWorker (SegmentedRaftLogWorker.java:lambda$new$0(135)) - ad6dcd81-1875-4667-9f21-c7397548b1ba@group-54813B5B2ABA-SegmentedRaftLogWorker: flushIndex: setUnconditionally 0 -> -1
2023-02-14 08:18:18,393 [pool-275-thread-1] INFO  segmented.SegmentedRaftLogWorker (SegmentedRaftLogWorker.java:lambda$new$0(135)) - ad6dcd81-1875-4667-9f21-c7397548b1ba@group-54813B5B2ABA-SegmentedRaftLogWorker: safeCacheEvictIndex: setUnconditionally 0 -> -1
2023-02-14 08:18:18,393 [EventQueue-OpenPipelineForHealthyPipelineSafeModeRule] INFO  safemode.SCMSafeModeManager (HealthyPipelineSafeModeRule.java:process(137)) - SCM in safe mode. Healthy pipelines reported count is 0, required healthy pipeline reported count is 1
2023-02-14 08:18:18,394 [pool-275-thread-1] INFO  server.RaftServer$Division (RaftServerImpl.java:start(334)) - ad6dcd81-1875-4667-9f21-c7397548b1ba@group-54813B5B2ABA: start as a follower, conf=-1: peers:[ad6dcd81-1875-4667-9f21-c7397548b1ba|rpc:10.1.0.19:34199|dataStream:10.1.0.19:34273|priority:1|startupRole:FOLLOWER]|listeners:[], old=null
2023-02-14 08:18:18,394 [pool-275-thread-1] INFO  server.RaftServer$Division (RaftServerImpl.java:setRole(321)) - ad6dcd81-1875-4667-9f21-c7397548b1ba@group-54813B5B2ABA: changes role from      null to FOLLOWER at term 0 for startAsFollower
2023-02-14 08:18:18,394 [pool-275-thread-1] INFO  impl.RoleInfo (RoleInfo.java:updateAndGet(139)) - ad6dcd81-1875-4667-9f21-c7397548b1ba: start ad6dcd81-1875-4667-9f21-c7397548b1ba@group-54813B5B2ABA-FollowerState
2023-02-14 08:18:18,398 [pool-275-thread-1] INFO  util.JmxRegister (JmxRegister.java:tryRegister(44)) - Successfully registered JMX Bean with object name Ratis:service=RaftServer,group=group-54813B5B2ABA,id=ad6dcd81-1875-4667-9f21-c7397548b1ba
2023-02-14 08:18:18,398 [pool-275-thread-1] INFO  server.RaftServerConfigKeys (ConfUtils.java:logGet(46)) - raft.server.snapshot.auto.trigger.enabled = true (custom)
2023-02-14 08:18:18,398 [pool-275-thread-1] INFO  server.RaftServerConfigKeys (ConfUtils.java:logGet(46)) - raft.server.snapshot.auto.trigger.threshold = 10000 (custom)
2023-02-14 08:18:18,398 [pool-275-thread-1] INFO  server.RaftServerConfigKeys (ConfUtils.java:logGet(46)) - raft.server.snapshot.retention.file.num = 5 (custom)
2023-02-14 08:18:18,398 [pool-275-thread-1] INFO  server.RaftServerConfigKeys (ConfUtils.java:logGet(46)) - raft.server.log.purge.upto.snapshot.index = false (default)
2023-02-14 08:18:18,399 [ad6dcd81-1875-4667-9f21-c7397548b1ba@group-54813B5B2ABA-FollowerState] INFO  server.RaftServerConfigKeys (ConfUtils.java:logFallback(53)) - raft.server.rpc.first-election.timeout.min = 5s (fallback to raft.server.rpc.timeout.min)
2023-02-14 08:18:18,399 [ad6dcd81-1875-4667-9f21-c7397548b1ba@group-54813B5B2ABA-FollowerState] INFO  server.RaftServerConfigKeys (ConfUtils.java:logFallback(53)) - raft.server.rpc.first-election.timeout.max = 5200ms (fallback to raft.server.rpc.timeout.max)
2023-02-14 08:18:18,399 [Command processor thread] INFO  ratis.XceiverServerRatis (XceiverServerRatis.java:addGroup(807)) - Created group PipelineID=a84f39c2-ddeb-48db-941c-54813b5b2aba
2023-02-14 08:18:18,399 [Command processor thread] INFO  commandhandler.CreatePipelineCommandHandler (CreatePipelineCommandHandler.java:handle(113)) - Created Pipeline RATIS ONE PipelineID=a84f39c2-ddeb-48db-941c-54813b5b2aba.
2023-02-14 08:18:18,400 [Command processor thread] INFO  server.RaftServer (RaftServerProxy.java:addNew(96)) - ad6dcd81-1875-4667-9f21-c7397548b1ba: addNew group-3C8877628462:[b5737586-1c7b-466e-b8cb-d0d8351e95e3|rpc:10.1.0.19:36425|dataStream:10.1.0.19:38459|priority:0|startupRole:FOLLOWER, 31091561-319b-44fe-8343-13da60b8022d|rpc:10.1.0.19:41071|dataStream:10.1.0.19:37967|priority:1|startupRole:FOLLOWER, ad6dcd81-1875-4667-9f21-c7397548b1ba|rpc:10.1.0.19:34199|dataStream:10.1.0.19:34273|priority:0|startupRole:FOLLOWER] returns group-3C8877628462:java.util.concurrent.CompletableFuture@22be9d74[Not completed]
2023-02-14 08:18:18,400 [pool-275-thread-1] INFO  server.RaftServer$Division (RaftServerImpl.java:<init>(195)) - ad6dcd81-1875-4667-9f21-c7397548b1ba: new RaftServerImpl for group-3C8877628462:[b5737586-1c7b-466e-b8cb-d0d8351e95e3|rpc:10.1.0.19:36425|dataStream:10.1.0.19:38459|priority:0|startupRole:FOLLOWER, 31091561-319b-44fe-8343-13da60b8022d|rpc:10.1.0.19:41071|dataStream:10.1.0.19:37967|priority:1|startupRole:FOLLOWER, ad6dcd81-1875-4667-9f21-c7397548b1ba|rpc:10.1.0.19:34199|dataStream:10.1.0.19:34273|priority:0|startupRole:FOLLOWER] with ContainerStateMachine:uninitialized
2023-02-14 08:18:18,400 [pool-275-thread-1] INFO  server.RaftServerConfigKeys (ConfUtils.java:logGet(46)) - raft.server.rpc.timeout.min = 5s (custom)
2023-02-14 08:18:18,401 [pool-275-thread-1] INFO  server.RaftServerConfigKeys (ConfUtils.java:logGet(46)) - raft.server.rpc.timeout.max = 5200ms (custom)
2023-02-14 08:18:18,401 [pool-275-thread-1] INFO  server.RaftServerConfigKeys (ConfUtils.java:logGet(46)) - raft.server.rpc.sleep.time = 25ms (default)
2023-02-14 08:18:18,401 [pool-275-thread-1] INFO  server.RaftServerConfigKeys (ConfUtils.java:logGet(46)) - raft.server.rpc.slowness.timeout = 300s (custom)
2023-02-14 08:18:18,401 [pool-275-thread-1] INFO  server.RaftServerConfigKeys (ConfUtils.java:logGet(46)) - raft.server.leaderelection.leader.step-down.wait-time = 10s (default)
2023-02-14 08:18:18,401 [pool-275-thread-1] INFO  server.RaftServerConfigKeys (ConfUtils.java:logGet(46)) - raft.server.sleep.deviation.threshold = 300ms (default)
2023-02-14 08:18:18,401 [pool-275-thread-1] INFO  server.RaftServer$Division (ServerState.java:<init>(118)) - ad6dcd81-1875-4667-9f21-c7397548b1ba@group-3C8877628462: ConfigurationManager, init=-1: peers:[b5737586-1c7b-466e-b8cb-d0d8351e95e3|rpc:10.1.0.19:36425|dataStream:10.1.0.19:38459|priority:0|startupRole:FOLLOWER, 31091561-319b-44fe-8343-13da60b8022d|rpc:10.1.0.19:41071|dataStream:10.1.0.19:37967|priority:1|startupRole:FOLLOWER, ad6dcd81-1875-4667-9f21-c7397548b1ba|rpc:10.1.0.19:34199|dataStream:10.1.0.19:34273|priority:0|startupRole:FOLLOWER]|listeners:[], old=null, confs=<EMPTY_MAP>
2023-02-14 08:18:18,401 [pool-275-thread-1] INFO  server.RaftServerConfigKeys (ConfUtils.java:logGet(46)) - raft.server.storage.dir = [/home/runner/work/ozone/ozone/hadoop-ozone/integration-test/target/test-dir/MiniOzoneClusterImpl-48139d39-b3ff-469d-bfde-a70ccbd6566f/datanode-0/data/ratis] (custom)
2023-02-14 08:18:18,401 [pool-275-thread-1] INFO  server.RaftServerConfigKeys (ConfUtils.java:logGet(46)) - raft.server.log.corruption.policy = EXCEPTION (default)
2023-02-14 08:18:18,401 [pool-275-thread-1] INFO  server.RaftServerConfigKeys (ConfUtils.java:logGet(46)) - raft.server.storage.free-space.min = 0MB (=0) (default)
2023-02-14 08:18:18,401 [pool-275-thread-1] INFO  server.RaftServerConfigKeys (ConfUtils.java:logGet(46)) - raft.server.notification.no-leader.timeout = 300s (custom)
2023-02-14 08:18:18,401 [pool-275-thread-1] INFO  server.RaftServerConfigKeys (ConfUtils.java:logGet(46)) - raft.server.retrycache.expirytime = 600000ms (custom)
2023-02-14 08:18:18,401 [pool-275-thread-1] INFO  server.RaftServerConfigKeys (ConfUtils.java:logGet(46)) - raft.server.retrycache.statistics.expirytime = 100μs (default)
2023-02-14 08:18:18,402 [pool-275-thread-1] INFO  server.RaftServerConfigKeys (ConfUtils.java:logGet(46)) - raft.server.log.appender.install.snapshot.enabled = false (custom)
2023-02-14 08:18:18,402 [pool-275-thread-1] INFO  server.RaftServerConfigKeys (ConfUtils.java:logGet(46)) - raft.server.threadpool.server.cached = true (default)
2023-02-14 08:18:18,402 [pool-275-thread-1] INFO  server.RaftServerConfigKeys (ConfUtils.java:logGet(46)) - raft.server.threadpool.server.size = 0 (default)
2023-02-14 08:18:18,402 [pool-275-thread-1] INFO  server.RaftServerConfigKeys (ConfUtils.java:logGet(46)) - raft.server.threadpool.client.cached = true (default)
2023-02-14 08:18:18,402 [pool-275-thread-1] INFO  server.RaftServerConfigKeys (ConfUtils.java:logGet(46)) - raft.server.threadpool.client.size = 0 (default)
2023-02-14 08:18:18,402 [pool-275-thread-1] INFO  storage.RaftStorageDirectory (RaftStorageDirectoryImpl.java:analyzeStorage(137)) - The storage directory /home/runner/work/ozone/ozone/hadoop-ozone/integration-test/target/test-dir/MiniOzoneClusterImpl-48139d39-b3ff-469d-bfde-a70ccbd6566f/datanode-0/data/ratis/085f4cbf-9d01-45bd-a65b-3c8877628462 does not exist. Creating ...
2023-02-14 08:18:18,403 [pool-275-thread-1] INFO  storage.RaftStorageDirectory (RaftStorageDirectoryImpl.java:tryLock(231)) - Lock on /home/runner/work/ozone/ozone/hadoop-ozone/integration-test/target/test-dir/MiniOzoneClusterImpl-48139d39-b3ff-469d-bfde-a70ccbd6566f/datanode-0/data/ratis/085f4cbf-9d01-45bd-a65b-3c8877628462/in_use.lock acquired by nodename 11911@fv-az476-382
2023-02-14 08:18:18,404 [pool-275-thread-1] INFO  storage.RaftStorage (RaftStorageImpl.java:format(96)) - Storage directory /home/runner/work/ozone/ozone/hadoop-ozone/integration-test/target/test-dir/MiniOzoneClusterImpl-48139d39-b3ff-469d-bfde-a70ccbd6566f/datanode-0/data/ratis/085f4cbf-9d01-45bd-a65b-3c8877628462 has been successfully formatted.
2023-02-14 08:18:18,405 [EventQueue-OpenPipelineForHealthyPipelineSafeModeRule] INFO  safemode.SCMSafeModeManager (HealthyPipelineSafeModeRule.java:process(137)) - SCM in safe mode. Healthy pipelines reported count is 0, required healthy pipeline reported count is 1
2023-02-14 08:18:18,405 [pool-275-thread-1] INFO  ratis.ContainerStateMachine (ContainerStateMachine.java:loadSnapshot(240)) - group-3C8877628462: The snapshot info is null. Setting the last applied indexto:(t:0, i:~)
2023-02-14 08:18:18,405 [pool-275-thread-1] INFO  server.RaftServerConfigKeys (ConfUtils.java:logGet(46)) - raft.server.log.use.memory = false (default)
2023-02-14 08:18:18,405 [pool-275-thread-1] INFO  server.RaftServerConfigKeys (ConfUtils.java:logGet(46)) - raft.server.log.purge.gap = 1000000 (custom)
2023-02-14 08:18:18,405 [pool-275-thread-1] INFO  server.RaftServerConfigKeys (ConfUtils.java:logGet(46)) - raft.server.log.appender.buffer.byte-limit = 33554432 (custom)
2023-02-14 08:18:18,406 [pool-275-thread-1] INFO  server.RaftServerConfigKeys (ConfUtils.java:logGet(46)) - raft.server.log.statemachine.data.read.timeout = 1000ms (default)
2023-02-14 08:18:18,406 [pool-275-thread-1] INFO  server.RaftServerConfigKeys (ConfUtils.java:logGet(46)) - raft.server.log.purge.preservation.log.num = 0 (default)
2023-02-14 08:18:18,406 [pool-275-thread-1] INFO  server.RaftServerConfigKeys (ConfUtils.java:logGet(46)) - raft.server.log.segment.size.max = 1048576 (custom)
2023-02-14 08:18:18,406 [pool-275-thread-1] INFO  server.RaftServerConfigKeys (ConfUtils.java:logGet(46)) - raft.server.log.segment.cache.num.max = 2 (custom)
2023-02-14 08:18:18,406 [pool-275-thread-1] INFO  server.RaftServerConfigKeys (ConfUtils.java:logGet(46)) - raft.server.log.segment.cache.size.max = 200MB (=209715200) (default)
2023-02-14 08:18:18,406 [pool-275-thread-1] INFO  segmented.SegmentedRaftLogWorker (SegmentedRaftLogWorker.java:<init>(189)) - new ad6dcd81-1875-4667-9f21-c7397548b1ba@group-3C8877628462-SegmentedRaftLogWorker for RaftStorageImpl:Storage Directory /home/runner/work/ozone/ozone/hadoop-ozone/integration-test/target/test-dir/MiniOzoneClusterImpl-48139d39-b3ff-469d-bfde-a70ccbd6566f/datanode-0/data/ratis/085f4cbf-9d01-45bd-a65b-3c8877628462
2023-02-14 08:18:18,406 [pool-275-thread-1] INFO  server.RaftServerConfigKeys (ConfUtils.java:logGet(46)) - raft.server.log.queue.byte-limit = 4294967296 (custom)
2023-02-14 08:18:18,406 [pool-275-thread-1] INFO  server.RaftServerConfigKeys (ConfUtils.java:logGet(46)) - raft.server.log.queue.element-limit = 1024 (custom)
2023-02-14 08:18:18,406 [pool-275-thread-1] INFO  server.RaftServerConfigKeys (ConfUtils.java:logGet(46)) - raft.server.log.segment.size.max = 1048576 (custom)
2023-02-14 08:18:18,406 [pool-275-thread-1] INFO  server.RaftServerConfigKeys (ConfUtils.java:logGet(46)) - raft.server.log.preallocated.size = 16384 (custom)
2023-02-14 08:18:18,406 [pool-275-thread-1] INFO  server.RaftServerConfigKeys (ConfUtils.java:logGet(46)) - raft.server.log.force.sync.num = 128 (default)
2023-02-14 08:18:18,406 [pool-275-thread-1] INFO  server.RaftServerConfigKeys (ConfUtils.java:logGet(46)) - raft.server.log.statemachine.data.sync = true (default)
2023-02-14 08:18:18,406 [pool-275-thread-1] INFO  server.RaftServerConfigKeys (ConfUtils.java:logGet(46)) - raft.server.log.statemachine.data.sync.timeout = 10s (default)
2023-02-14 08:18:18,406 [pool-275-thread-1] INFO  server.RaftServerConfigKeys (ConfUtils.java:logGet(46)) - raft.server.log.statemachine.data.sync.timeout.retry = -1 (default)
2023-02-14 08:18:18,407 [pool-275-thread-1] INFO  server.RaftServerConfigKeys (ConfUtils.java:logGet(46)) - raft.server.log.write.buffer.size = 1048576 (custom)
2023-02-14 08:18:18,407 [pool-275-thread-1] INFO  server.RaftServerConfigKeys (ConfUtils.java:logGet(46)) - raft.server.log.appender.buffer.byte-limit = 33554432 (custom)
2023-02-14 08:18:18,411 [pool-275-thread-1] INFO  server.RaftServerConfigKeys (ConfUtils.java:logGet(46)) - raft.server.log.unsafe-flush.enabled = false (default)
2023-02-14 08:18:18,411 [pool-275-thread-1] INFO  server.RaftServerConfigKeys (ConfUtils.java:logGet(46)) - raft.server.log.async-flush.enabled = false (default)
2023-02-14 08:18:18,411 [pool-275-thread-1] INFO  server.RaftServerConfigKeys (ConfUtils.java:logGet(46)) - raft.server.log.statemachine.data.caching.enabled = true (custom)
2023-02-14 08:18:18,411 [pool-275-thread-1] INFO  segmented.SegmentedRaftLogWorker (SegmentedRaftLogWorker.java:lambda$new$0(135)) - ad6dcd81-1875-4667-9f21-c7397548b1ba@group-3C8877628462-SegmentedRaftLogWorker: flushIndex: setUnconditionally 0 -> -1
2023-02-14 08:18:18,411 [pool-275-thread-1] INFO  segmented.SegmentedRaftLogWorker (SegmentedRaftLogWorker.java:lambda$new$0(135)) - ad6dcd81-1875-4667-9f21-c7397548b1ba@group-3C8877628462-SegmentedRaftLogWorker: safeCacheEvictIndex: setUnconditionally 0 -> -1
2023-02-14 08:18:18,411 [pool-275-thread-1] INFO  server.RaftServer$Division (RaftServerImpl.java:start(334)) - ad6dcd81-1875-4667-9f21-c7397548b1ba@group-3C8877628462: start as a follower, conf=-1: peers:[b5737586-1c7b-466e-b8cb-d0d8351e95e3|rpc:10.1.0.19:36425|dataStream:10.1.0.19:38459|priority:0|startupRole:FOLLOWER, 31091561-319b-44fe-8343-13da60b8022d|rpc:10.1.0.19:41071|dataStream:10.1.0.19:37967|priority:1|startupRole:FOLLOWER, ad6dcd81-1875-4667-9f21-c7397548b1ba|rpc:10.1.0.19:34199|dataStream:10.1.0.19:34273|priority:0|startupRole:FOLLOWER]|listeners:[], old=null
2023-02-14 08:18:18,411 [pool-275-thread-1] INFO  server.RaftServer$Division (RaftServerImpl.java:setRole(321)) - ad6dcd81-1875-4667-9f21-c7397548b1ba@group-3C8877628462: changes role from      null to FOLLOWER at term 0 for startAsFollower
2023-02-14 08:18:18,411 [pool-275-thread-1] INFO  impl.RoleInfo (RoleInfo.java:updateAndGet(139)) - ad6dcd81-1875-4667-9f21-c7397548b1ba: start ad6dcd81-1875-4667-9f21-c7397548b1ba@group-3C8877628462-FollowerState
2023-02-14 08:18:18,414 [pool-275-thread-1] INFO  util.JmxRegister (JmxRegister.java:tryRegister(44)) - Successfully registered JMX Bean with object name Ratis:service=RaftServer,group=group-3C8877628462,id=ad6dcd81-1875-4667-9f21-c7397548b1ba
2023-02-14 08:18:18,414 [pool-275-thread-1] INFO  server.RaftServerConfigKeys (ConfUtils.java:logGet(46)) - raft.server.snapshot.auto.trigger.enabled = true (custom)
2023-02-14 08:18:18,414 [pool-275-thread-1] INFO  server.RaftServerConfigKeys (ConfUtils.java:logGet(46)) - raft.server.snapshot.auto.trigger.threshold = 10000 (custom)
2023-02-14 08:18:18,414 [pool-275-thread-1] INFO  server.RaftServerConfigKeys (ConfUtils.java:logGet(46)) - raft.server.snapshot.retention.file.num = 5 (custom)
2023-02-14 08:18:18,414 [pool-275-thread-1] INFO  server.RaftServerConfigKeys (ConfUtils.java:logGet(46)) - raft.server.log.purge.upto.snapshot.index = false (default)
2023-02-14 08:18:18,415 [ad6dcd81-1875-4667-9f21-c7397548b1ba@group-3C8877628462-FollowerState] INFO  server.RaftServerConfigKeys (ConfUtils.java:logFallback(53)) - raft.server.rpc.first-election.timeout.min = 5s (fallback to raft.server.rpc.timeout.min)
2023-02-14 08:18:18,415 [ad6dcd81-1875-4667-9f21-c7397548b1ba@group-3C8877628462-FollowerState] INFO  server.RaftServerConfigKeys (ConfUtils.java:logFallback(53)) - raft.server.rpc.first-election.timeout.max = 5200ms (fallback to raft.server.rpc.timeout.max)
2023-02-14 08:18:18,419 [Command processor thread] INFO  ratis.XceiverServerRatis (XceiverServerRatis.java:addGroup(807)) - Created group PipelineID=085f4cbf-9d01-45bd-a65b-3c8877628462
2023-02-14 08:18:18,430 [grpc-default-executor-0] INFO  server.RaftServer (RaftServerProxy.java:addNew(96)) - b5737586-1c7b-466e-b8cb-d0d8351e95e3: addNew group-3C8877628462:[b5737586-1c7b-466e-b8cb-d0d8351e95e3|rpc:10.1.0.19:36425|dataStream:10.1.0.19:38459|priority:0|startupRole:FOLLOWER, 31091561-319b-44fe-8343-13da60b8022d|rpc:10.1.0.19:41071|dataStream:10.1.0.19:37967|priority:1|startupRole:FOLLOWER, ad6dcd81-1875-4667-9f21-c7397548b1ba|rpc:10.1.0.19:34199|dataStream:10.1.0.19:34273|priority:0|startupRole:FOLLOWER] returns group-3C8877628462:java.util.concurrent.CompletableFuture@2db2fec[Not completed]
2023-02-14 08:18:18,431 [pool-319-thread-1] INFO  server.RaftServer$Division (RaftServerImpl.java:<init>(195)) - b5737586-1c7b-466e-b8cb-d0d8351e95e3: new RaftServerImpl for group-3C8877628462:[b5737586-1c7b-466e-b8cb-d0d8351e95e3|rpc:10.1.0.19:36425|dataStream:10.1.0.19:38459|priority:0|startupRole:FOLLOWER, 31091561-319b-44fe-8343-13da60b8022d|rpc:10.1.0.19:41071|dataStream:10.1.0.19:37967|priority:1|startupRole:FOLLOWER, ad6dcd81-1875-4667-9f21-c7397548b1ba|rpc:10.1.0.19:34199|dataStream:10.1.0.19:34273|priority:0|startupRole:FOLLOWER] with ContainerStateMachine:uninitialized
2023-02-14 08:18:18,431 [pool-319-thread-1] INFO  server.RaftServerConfigKeys (ConfUtils.java:logGet(46)) - raft.server.rpc.timeout.min = 5s (custom)
2023-02-14 08:18:18,431 [pool-319-thread-1] INFO  server.RaftServerConfigKeys (ConfUtils.java:logGet(46)) - raft.server.rpc.timeout.max = 5200ms (custom)
2023-02-14 08:18:18,431 [pool-319-thread-1] INFO  server.RaftServerConfigKeys (ConfUtils.java:logGet(46)) - raft.server.rpc.sleep.time = 25ms (default)
2023-02-14 08:18:18,431 [pool-319-thread-1] INFO  server.RaftServerConfigKeys (ConfUtils.java:logGet(46)) - raft.server.rpc.slowness.timeout = 300s (custom)
2023-02-14 08:18:18,431 [pool-319-thread-1] INFO  server.RaftServerConfigKeys (ConfUtils.java:logGet(46)) - raft.server.leaderelection.leader.step-down.wait-time = 10s (default)
2023-02-14 08:18:18,431 [pool-319-thread-1] INFO  server.RaftServerConfigKeys (ConfUtils.java:logGet(46)) - raft.server.sleep.deviation.threshold = 300ms (default)
2023-02-14 08:18:18,431 [pool-319-thread-1] INFO  server.RaftServer$Division (ServerState.java:<init>(118)) - b5737586-1c7b-466e-b8cb-d0d8351e95e3@group-3C8877628462: ConfigurationManager, init=-1: peers:[b5737586-1c7b-466e-b8cb-d0d8351e95e3|rpc:10.1.0.19:36425|dataStream:10.1.0.19:38459|priority:0|startupRole:FOLLOWER, 31091561-319b-44fe-8343-13da60b8022d|rpc:10.1.0.19:41071|dataStream:10.1.0.19:37967|priority:1|startupRole:FOLLOWER, ad6dcd81-1875-4667-9f21-c7397548b1ba|rpc:10.1.0.19:34199|dataStream:10.1.0.19:34273|priority:0|startupRole:FOLLOWER]|listeners:[], old=null, confs=<EMPTY_MAP>
2023-02-14 08:18:18,431 [pool-319-thread-1] INFO  server.RaftServerConfigKeys (ConfUtils.java:logGet(46)) - raft.server.storage.dir = [/home/runner/work/ozone/ozone/hadoop-ozone/integration-test/target/test-dir/MiniOzoneClusterImpl-48139d39-b3ff-469d-bfde-a70ccbd6566f/datanode-2/data/ratis] (custom)
2023-02-14 08:18:18,431 [pool-319-thread-1] INFO  server.RaftServerConfigKeys (ConfUtils.java:logGet(46)) - raft.server.log.corruption.policy = EXCEPTION (default)
2023-02-14 08:18:18,431 [pool-319-thread-1] INFO  server.RaftServerConfigKeys (ConfUtils.java:logGet(46)) - raft.server.storage.free-space.min = 0MB (=0) (default)
2023-02-14 08:18:18,432 [pool-319-thread-1] INFO  server.RaftServerConfigKeys (ConfUtils.java:logGet(46)) - raft.server.notification.no-leader.timeout = 300s (custom)
2023-02-14 08:18:18,432 [pool-319-thread-1] INFO  server.RaftServerConfigKeys (ConfUtils.java:logGet(46)) - raft.server.retrycache.expirytime = 600000ms (custom)
2023-02-14 08:18:18,432 [pool-319-thread-1] INFO  server.RaftServerConfigKeys (ConfUtils.java:logGet(46)) - raft.server.retrycache.statistics.expirytime = 100μs (default)
2023-02-14 08:18:18,432 [pool-319-thread-1] INFO  server.RaftServerConfigKeys (ConfUtils.java:logGet(46)) - raft.server.log.appender.install.snapshot.enabled = false (custom)
2023-02-14 08:18:18,432 [pool-319-thread-1] INFO  server.RaftServerConfigKeys (ConfUtils.java:logGet(46)) - raft.server.threadpool.server.cached = true (default)
2023-02-14 08:18:18,432 [pool-319-thread-1] INFO  server.RaftServerConfigKeys (ConfUtils.java:logGet(46)) - raft.server.threadpool.server.size = 0 (default)
2023-02-14 08:18:18,432 [pool-319-thread-1] INFO  server.RaftServerConfigKeys (ConfUtils.java:logGet(46)) - raft.server.threadpool.client.cached = true (default)
2023-02-14 08:18:18,432 [pool-319-thread-1] INFO  server.RaftServerConfigKeys (ConfUtils.java:logGet(46)) - raft.server.threadpool.client.size = 0 (default)
2023-02-14 08:18:18,432 [pool-319-thread-1] INFO  storage.RaftStorageDirectory (RaftStorageDirectoryImpl.java:analyzeStorage(137)) - The storage directory /home/runner/work/ozone/ozone/hadoop-ozone/integration-test/target/test-dir/MiniOzoneClusterImpl-48139d39-b3ff-469d-bfde-a70ccbd6566f/datanode-2/data/ratis/085f4cbf-9d01-45bd-a65b-3c8877628462 does not exist. Creating ...
2023-02-14 08:18:18,433 [pool-319-thread-1] INFO  storage.RaftStorageDirectory (RaftStorageDirectoryImpl.java:tryLock(231)) - Lock on /home/runner/work/ozone/ozone/hadoop-ozone/integration-test/target/test-dir/MiniOzoneClusterImpl-48139d39-b3ff-469d-bfde-a70ccbd6566f/datanode-2/data/ratis/085f4cbf-9d01-45bd-a65b-3c8877628462/in_use.lock acquired by nodename 11911@fv-az476-382
2023-02-14 08:18:18,435 [pool-319-thread-1] INFO  storage.RaftStorage (RaftStorageImpl.java:format(96)) - Storage directory /home/runner/work/ozone/ozone/hadoop-ozone/integration-test/target/test-dir/MiniOzoneClusterImpl-48139d39-b3ff-469d-bfde-a70ccbd6566f/datanode-2/data/ratis/085f4cbf-9d01-45bd-a65b-3c8877628462 has been successfully formatted.
2023-02-14 08:18:18,437 [pool-319-thread-1] INFO  ratis.ContainerStateMachine (ContainerStateMachine.java:loadSnapshot(240)) - group-3C8877628462: The snapshot info is null. Setting the last applied indexto:(t:0, i:~)
2023-02-14 08:18:18,437 [pool-319-thread-1] INFO  server.RaftServerConfigKeys (ConfUtils.java:logGet(46)) - raft.server.log.use.memory = false (default)
2023-02-14 08:18:18,437 [pool-319-thread-1] INFO  server.RaftServerConfigKeys (ConfUtils.java:logGet(46)) - raft.server.log.purge.gap = 1000000 (custom)
2023-02-14 08:18:18,439 [pool-319-thread-1] INFO  server.RaftServerConfigKeys (ConfUtils.java:logGet(46)) - raft.server.log.appender.buffer.byte-limit = 33554432 (custom)
2023-02-14 08:18:18,439 [pool-319-thread-1] INFO  server.RaftServerConfigKeys (ConfUtils.java:logGet(46)) - raft.server.log.statemachine.data.read.timeout = 1000ms (default)
2023-02-14 08:18:18,439 [pool-319-thread-1] INFO  server.RaftServerConfigKeys (ConfUtils.java:logGet(46)) - raft.server.log.purge.preservation.log.num = 0 (default)
2023-02-14 08:18:18,439 [pool-319-thread-1] INFO  server.RaftServerConfigKeys (ConfUtils.java:logGet(46)) - raft.server.log.segment.size.max = 1048576 (custom)
2023-02-14 08:18:18,439 [pool-319-thread-1] INFO  server.RaftServerConfigKeys (ConfUtils.java:logGet(46)) - raft.server.log.segment.cache.num.max = 2 (custom)
2023-02-14 08:18:18,439 [pool-319-thread-1] INFO  server.RaftServerConfigKeys (ConfUtils.java:logGet(46)) - raft.server.log.segment.cache.size.max = 200MB (=209715200) (default)
2023-02-14 08:18:18,439 [pool-319-thread-1] INFO  segmented.SegmentedRaftLogWorker (SegmentedRaftLogWorker.java:<init>(189)) - new b5737586-1c7b-466e-b8cb-d0d8351e95e3@group-3C8877628462-SegmentedRaftLogWorker for RaftStorageImpl:Storage Directory /home/runner/work/ozone/ozone/hadoop-ozone/integration-test/target/test-dir/MiniOzoneClusterImpl-48139d39-b3ff-469d-bfde-a70ccbd6566f/datanode-2/data/ratis/085f4cbf-9d01-45bd-a65b-3c8877628462
2023-02-14 08:18:18,439 [pool-319-thread-1] INFO  server.RaftServerConfigKeys (ConfUtils.java:logGet(46)) - raft.server.log.queue.byte-limit = 4294967296 (custom)
2023-02-14 08:18:18,439 [pool-319-thread-1] INFO  server.RaftServerConfigKeys (ConfUtils.java:logGet(46)) - raft.server.log.queue.element-limit = 1024 (custom)
2023-02-14 08:18:18,439 [pool-319-thread-1] INFO  server.RaftServerConfigKeys (ConfUtils.java:logGet(46)) - raft.server.log.segment.size.max = 1048576 (custom)
2023-02-14 08:18:18,439 [pool-319-thread-1] INFO  server.RaftServerConfigKeys (ConfUtils.java:logGet(46)) - raft.server.log.preallocated.size = 16384 (custom)
2023-02-14 08:18:18,439 [pool-319-thread-1] INFO  server.RaftServerConfigKeys (ConfUtils.java:logGet(46)) - raft.server.log.force.sync.num = 128 (default)
2023-02-14 08:18:18,439 [pool-319-thread-1] INFO  server.RaftServerConfigKeys (ConfUtils.java:logGet(46)) - raft.server.log.statemachine.data.sync = true (default)
2023-02-14 08:18:18,439 [pool-319-thread-1] INFO  server.RaftServerConfigKeys (ConfUtils.java:logGet(46)) - raft.server.log.statemachine.data.sync.timeout = 10s (default)
2023-02-14 08:18:18,439 [pool-319-thread-1] INFO  server.RaftServerConfigKeys (ConfUtils.java:logGet(46)) - raft.server.log.statemachine.data.sync.timeout.retry = -1 (default)
2023-02-14 08:18:18,441 [pool-319-thread-1] INFO  server.RaftServerConfigKeys (ConfUtils.java:logGet(46)) - raft.server.log.write.buffer.size = 1048576 (custom)
2023-02-14 08:18:18,441 [pool-319-thread-1] INFO  server.RaftServerConfigKeys (ConfUtils.java:logGet(46)) - raft.server.log.appender.buffer.byte-limit = 33554432 (custom)
2023-02-14 08:18:18,445 [pool-319-thread-1] INFO  server.RaftServerConfigKeys (ConfUtils.java:logGet(46)) - raft.server.log.unsafe-flush.enabled = false (default)
2023-02-14 08:18:18,445 [pool-319-thread-1] INFO  server.RaftServerConfigKeys (ConfUtils.java:logGet(46)) - raft.server.log.async-flush.enabled = false (default)
2023-02-14 08:18:18,445 [pool-319-thread-1] INFO  server.RaftServerConfigKeys (ConfUtils.java:logGet(46)) - raft.server.log.statemachine.data.caching.enabled = true (custom)
2023-02-14 08:18:18,445 [pool-319-thread-1] INFO  segmented.SegmentedRaftLogWorker (SegmentedRaftLogWorker.java:lambda$new$0(135)) - b5737586-1c7b-466e-b8cb-d0d8351e95e3@group-3C8877628462-SegmentedRaftLogWorker: flushIndex: setUnconditionally 0 -> -1
2023-02-14 08:18:18,445 [pool-319-thread-1] INFO  segmented.SegmentedRaftLogWorker (SegmentedRaftLogWorker.java:lambda$new$0(135)) - b5737586-1c7b-466e-b8cb-d0d8351e95e3@group-3C8877628462-SegmentedRaftLogWorker: safeCacheEvictIndex: setUnconditionally 0 -> -1
2023-02-14 08:18:18,446 [pool-319-thread-1] INFO  server.RaftServer$Division (RaftServerImpl.java:start(334)) - b5737586-1c7b-466e-b8cb-d0d8351e95e3@group-3C8877628462: start as a follower, conf=-1: peers:[b5737586-1c7b-466e-b8cb-d0d8351e95e3|rpc:10.1.0.19:36425|dataStream:10.1.0.19:38459|priority:0|startupRole:FOLLOWER, 31091561-319b-44fe-8343-13da60b8022d|rpc:10.1.0.19:41071|dataStream:10.1.0.19:37967|priority:1|startupRole:FOLLOWER, ad6dcd81-1875-4667-9f21-c7397548b1ba|rpc:10.1.0.19:34199|dataStream:10.1.0.19:34273|priority:0|startupRole:FOLLOWER]|listeners:[], old=null
2023-02-14 08:18:18,446 [pool-319-thread-1] INFO  server.RaftServer$Division (RaftServerImpl.java:setRole(321)) - b5737586-1c7b-466e-b8cb-d0d8351e95e3@group-3C8877628462: changes role from      null to FOLLOWER at term 0 for startAsFollower
2023-02-14 08:18:18,446 [pool-319-thread-1] INFO  impl.RoleInfo (RoleInfo.java:updateAndGet(139)) - b5737586-1c7b-466e-b8cb-d0d8351e95e3: start b5737586-1c7b-466e-b8cb-d0d8351e95e3@group-3C8877628462-FollowerState
2023-02-14 08:18:18,450 [pool-319-thread-1] INFO  util.JmxRegister (JmxRegister.java:tryRegister(44)) - Successfully registered JMX Bean with object name Ratis:service=RaftServer,group=group-3C8877628462,id=b5737586-1c7b-466e-b8cb-d0d8351e95e3
2023-02-14 08:18:18,450 [pool-319-thread-1] INFO  server.RaftServerConfigKeys (ConfUtils.java:logGet(46)) - raft.server.snapshot.auto.trigger.enabled = true (custom)
2023-02-14 08:18:18,450 [pool-319-thread-1] INFO  server.RaftServerConfigKeys (ConfUtils.java:logGet(46)) - raft.server.snapshot.auto.trigger.threshold = 10000 (custom)
2023-02-14 08:18:18,450 [pool-319-thread-1] INFO  server.RaftServerConfigKeys (ConfUtils.java:logGet(46)) - raft.server.snapshot.retention.file.num = 5 (custom)
2023-02-14 08:18:18,450 [pool-319-thread-1] INFO  server.RaftServerConfigKeys (ConfUtils.java:logGet(46)) - raft.server.log.purge.upto.snapshot.index = false (default)
2023-02-14 08:18:18,451 [b5737586-1c7b-466e-b8cb-d0d8351e95e3@group-3C8877628462-FollowerState] INFO  server.RaftServerConfigKeys (ConfUtils.java:logFallback(53)) - raft.server.rpc.first-election.timeout.min = 5s (fallback to raft.server.rpc.timeout.min)
2023-02-14 08:18:18,451 [b5737586-1c7b-466e-b8cb-d0d8351e95e3@group-3C8877628462-FollowerState] INFO  server.RaftServerConfigKeys (ConfUtils.java:logFallback(53)) - raft.server.rpc.first-election.timeout.max = 5200ms (fallback to raft.server.rpc.timeout.max)
2023-02-14 08:18:18,468 [grpc-default-executor-0] INFO  server.RaftServer (RaftServerProxy.java:addNew(96)) - 31091561-319b-44fe-8343-13da60b8022d: addNew group-3C8877628462:[b5737586-1c7b-466e-b8cb-d0d8351e95e3|rpc:10.1.0.19:36425|dataStream:10.1.0.19:38459|priority:0|startupRole:FOLLOWER, 31091561-319b-44fe-8343-13da60b8022d|rpc:10.1.0.19:41071|dataStream:10.1.0.19:37967|priority:1|startupRole:FOLLOWER, ad6dcd81-1875-4667-9f21-c7397548b1ba|rpc:10.1.0.19:34199|dataStream:10.1.0.19:34273|priority:0|startupRole:FOLLOWER] returns group-3C8877628462:java.util.concurrent.CompletableFuture@1e502772[Not completed]
2023-02-14 08:18:18,473 [pool-297-thread-1] INFO  server.RaftServer$Division (RaftServerImpl.java:<init>(195)) - 31091561-319b-44fe-8343-13da60b8022d: new RaftServerImpl for group-3C8877628462:[b5737586-1c7b-466e-b8cb-d0d8351e95e3|rpc:10.1.0.19:36425|dataStream:10.1.0.19:38459|priority:0|startupRole:FOLLOWER, 31091561-319b-44fe-8343-13da60b8022d|rpc:10.1.0.19:41071|dataStream:10.1.0.19:37967|priority:1|startupRole:FOLLOWER, ad6dcd81-1875-4667-9f21-c7397548b1ba|rpc:10.1.0.19:34199|dataStream:10.1.0.19:34273|priority:0|startupRole:FOLLOWER] with ContainerStateMachine:uninitialized
2023-02-14 08:18:18,474 [pool-297-thread-1] INFO  server.RaftServerConfigKeys (ConfUtils.java:logGet(46)) - raft.server.rpc.timeout.min = 5s (custom)
2023-02-14 08:18:18,475 [pool-297-thread-1] INFO  server.RaftServerConfigKeys (ConfUtils.java:logGet(46)) - raft.server.rpc.timeout.max = 5200ms (custom)
2023-02-14 08:18:18,475 [pool-297-thread-1] INFO  server.RaftServerConfigKeys (ConfUtils.java:logGet(46)) - raft.server.rpc.sleep.time = 25ms (default)
2023-02-14 08:18:18,475 [pool-297-thread-1] INFO  server.RaftServerConfigKeys (ConfUtils.java:logGet(46)) - raft.server.rpc.slowness.timeout = 300s (custom)
2023-02-14 08:18:18,475 [pool-297-thread-1] INFO  server.RaftServerConfigKeys (ConfUtils.java:logGet(46)) - raft.server.leaderelection.leader.step-down.wait-time = 10s (default)
2023-02-14 08:18:18,475 [pool-297-thread-1] INFO  server.RaftServerConfigKeys (ConfUtils.java:logGet(46)) - raft.server.sleep.deviation.threshold = 300ms (default)
2023-02-14 08:18:18,475 [pool-297-thread-1] INFO  server.RaftServer$Division (ServerState.java:<init>(118)) - 31091561-319b-44fe-8343-13da60b8022d@group-3C8877628462: ConfigurationManager, init=-1: peers:[b5737586-1c7b-466e-b8cb-d0d8351e95e3|rpc:10.1.0.19:36425|dataStream:10.1.0.19:38459|priority:0|startupRole:FOLLOWER, 31091561-319b-44fe-8343-13da60b8022d|rpc:10.1.0.19:41071|dataStream:10.1.0.19:37967|priority:1|startupRole:FOLLOWER, ad6dcd81-1875-4667-9f21-c7397548b1ba|rpc:10.1.0.19:34199|dataStream:10.1.0.19:34273|priority:0|startupRole:FOLLOWER]|listeners:[], old=null, confs=<EMPTY_MAP>
2023-02-14 08:18:18,475 [pool-297-thread-1] INFO  server.RaftServerConfigKeys (ConfUtils.java:logGet(46)) - raft.server.storage.dir = [/home/runner/work/ozone/ozone/hadoop-ozone/integration-test/target/test-dir/MiniOzoneClusterImpl-48139d39-b3ff-469d-bfde-a70ccbd6566f/datanode-1/data/ratis] (custom)
2023-02-14 08:18:18,475 [pool-297-thread-1] INFO  server.RaftServerConfigKeys (ConfUtils.java:logGet(46)) - raft.server.log.corruption.policy = EXCEPTION (default)
2023-02-14 08:18:18,475 [pool-297-thread-1] INFO  server.RaftServerConfigKeys (ConfUtils.java:logGet(46)) - raft.server.storage.free-space.min = 0MB (=0) (default)
2023-02-14 08:18:18,476 [pool-297-thread-1] INFO  server.RaftServerConfigKeys (ConfUtils.java:logGet(46)) - raft.server.notification.no-leader.timeout = 300s (custom)
2023-02-14 08:18:18,477 [pool-297-thread-1] INFO  server.RaftServerConfigKeys (ConfUtils.java:logGet(46)) - raft.server.retrycache.expirytime = 600000ms (custom)
2023-02-14 08:18:18,477 [pool-297-thread-1] INFO  server.RaftServerConfigKeys (ConfUtils.java:logGet(46)) - raft.server.retrycache.statistics.expirytime = 100μs (default)
2023-02-14 08:18:18,477 [pool-297-thread-1] INFO  server.RaftServerConfigKeys (ConfUtils.java:logGet(46)) - raft.server.log.appender.install.snapshot.enabled = false (custom)
2023-02-14 08:18:18,477 [pool-297-thread-1] INFO  server.RaftServerConfigKeys (ConfUtils.java:logGet(46)) - raft.server.threadpool.server.cached = true (default)
2023-02-14 08:18:18,478 [pool-297-thread-1] INFO  server.RaftServerConfigKeys (ConfUtils.java:logGet(46)) - raft.server.threadpool.server.size = 0 (default)
2023-02-14 08:18:18,478 [pool-297-thread-1] INFO  server.RaftServerConfigKeys (ConfUtils.java:logGet(46)) - raft.server.threadpool.client.cached = true (default)
2023-02-14 08:18:18,478 [pool-297-thread-1] INFO  server.RaftServerConfigKeys (ConfUtils.java:logGet(46)) - raft.server.threadpool.client.size = 0 (default)
2023-02-14 08:18:18,478 [pool-297-thread-1] INFO  storage.RaftStorageDirectory (RaftStorageDirectoryImpl.java:analyzeStorage(137)) - The storage directory /home/runner/work/ozone/ozone/hadoop-ozone/integration-test/target/test-dir/MiniOzoneClusterImpl-48139d39-b3ff-469d-bfde-a70ccbd6566f/datanode-1/data/ratis/085f4cbf-9d01-45bd-a65b-3c8877628462 does not exist. Creating ...
2023-02-14 08:18:18,481 [pool-297-thread-1] INFO  storage.RaftStorageDirectory (RaftStorageDirectoryImpl.java:tryLock(231)) - Lock on /home/runner/work/ozone/ozone/hadoop-ozone/integration-test/target/test-dir/MiniOzoneClusterImpl-48139d39-b3ff-469d-bfde-a70ccbd6566f/datanode-1/data/ratis/085f4cbf-9d01-45bd-a65b-3c8877628462/in_use.lock acquired by nodename 11911@fv-az476-382
2023-02-14 08:18:18,482 [pool-297-thread-1] INFO  storage.RaftStorage (RaftStorageImpl.java:format(96)) - Storage directory /home/runner/work/ozone/ozone/hadoop-ozone/integration-test/target/test-dir/MiniOzoneClusterImpl-48139d39-b3ff-469d-bfde-a70ccbd6566f/datanode-1/data/ratis/085f4cbf-9d01-45bd-a65b-3c8877628462 has been successfully formatted.
2023-02-14 08:18:18,483 [pool-297-thread-1] INFO  ratis.ContainerStateMachine (ContainerStateMachine.java:loadSnapshot(240)) - group-3C8877628462: The snapshot info is null. Setting the last applied indexto:(t:0, i:~)
2023-02-14 08:18:18,483 [pool-297-thread-1] INFO  server.RaftServerConfigKeys (ConfUtils.java:logGet(46)) - raft.server.log.use.memory = false (default)
2023-02-14 08:18:18,484 [pool-297-thread-1] INFO  server.RaftServerConfigKeys (ConfUtils.java:logGet(46)) - raft.server.log.purge.gap = 1000000 (custom)
2023-02-14 08:18:18,484 [pool-297-thread-1] INFO  server.RaftServerConfigKeys (ConfUtils.java:logGet(46)) - raft.server.log.appender.buffer.byte-limit = 33554432 (custom)
2023-02-14 08:18:18,484 [pool-297-thread-1] INFO  server.RaftServerConfigKeys (ConfUtils.java:logGet(46)) - raft.server.log.statemachine.data.read.timeout = 1000ms (default)
2023-02-14 08:18:18,484 [pool-297-thread-1] INFO  server.RaftServerConfigKeys (ConfUtils.java:logGet(46)) - raft.server.log.purge.preservation.log.num = 0 (default)
2023-02-14 08:18:18,484 [pool-297-thread-1] INFO  server.RaftServerConfigKeys (ConfUtils.java:logGet(46)) - raft.server.log.segment.size.max = 1048576 (custom)
2023-02-14 08:18:18,485 [pool-297-thread-1] INFO  server.RaftServerConfigKeys (ConfUtils.java:logGet(46)) - raft.server.log.segment.cache.num.max = 2 (custom)
2023-02-14 08:18:18,485 [pool-297-thread-1] INFO  server.RaftServerConfigKeys (ConfUtils.java:logGet(46)) - raft.server.log.segment.cache.size.max = 200MB (=209715200) (default)
2023-02-14 08:18:18,485 [pool-297-thread-1] INFO  segmented.SegmentedRaftLogWorker (SegmentedRaftLogWorker.java:<init>(189)) - new 31091561-319b-44fe-8343-13da60b8022d@group-3C8877628462-SegmentedRaftLogWorker for RaftStorageImpl:Storage Directory /home/runner/work/ozone/ozone/hadoop-ozone/integration-test/target/test-dir/MiniOzoneClusterImpl-48139d39-b3ff-469d-bfde-a70ccbd6566f/datanode-1/data/ratis/085f4cbf-9d01-45bd-a65b-3c8877628462
2023-02-14 08:18:18,485 [pool-297-thread-1] INFO  server.RaftServerConfigKeys (ConfUtils.java:logGet(46)) - raft.server.log.queue.byte-limit = 4294967296 (custom)
2023-02-14 08:18:18,485 [pool-297-thread-1] INFO  server.RaftServerConfigKeys (ConfUtils.java:logGet(46)) - raft.server.log.queue.element-limit = 1024 (custom)
2023-02-14 08:18:18,487 [pool-297-thread-1] INFO  server.RaftServerConfigKeys (ConfUtils.java:logGet(46)) - raft.server.log.segment.size.max = 1048576 (custom)
2023-02-14 08:18:18,487 [pool-297-thread-1] INFO  server.RaftServerConfigKeys (ConfUtils.java:logGet(46)) - raft.server.log.preallocated.size = 16384 (custom)
2023-02-14 08:18:18,487 [pool-297-thread-1] INFO  server.RaftServerConfigKeys (ConfUtils.java:logGet(46)) - raft.server.log.force.sync.num = 128 (default)
2023-02-14 08:18:18,487 [pool-297-thread-1] INFO  server.RaftServerConfigKeys (ConfUtils.java:logGet(46)) - raft.server.log.statemachine.data.sync = true (default)
2023-02-14 08:18:18,487 [pool-297-thread-1] INFO  server.RaftServerConfigKeys (ConfUtils.java:logGet(46)) - raft.server.log.statemachine.data.sync.timeout = 10s (default)
2023-02-14 08:18:18,487 [pool-297-thread-1] INFO  server.RaftServerConfigKeys (ConfUtils.java:logGet(46)) - raft.server.log.statemachine.data.sync.timeout.retry = -1 (default)
2023-02-14 08:18:18,488 [pool-297-thread-1] INFO  server.RaftServerConfigKeys (ConfUtils.java:logGet(46)) - raft.server.log.write.buffer.size = 1048576 (custom)
2023-02-14 08:18:18,488 [pool-297-thread-1] INFO  server.RaftServerConfigKeys (ConfUtils.java:logGet(46)) - raft.server.log.appender.buffer.byte-limit = 33554432 (custom)
2023-02-14 08:18:18,491 [pool-297-thread-1] INFO  server.RaftServerConfigKeys (ConfUtils.java:logGet(46)) - raft.server.log.unsafe-flush.enabled = false (default)
2023-02-14 08:18:18,491 [pool-297-thread-1] INFO  server.RaftServerConfigKeys (ConfUtils.java:logGet(46)) - raft.server.log.async-flush.enabled = false (default)
2023-02-14 08:18:18,491 [pool-297-thread-1] INFO  server.RaftServerConfigKeys (ConfUtils.java:logGet(46)) - raft.server.log.statemachine.data.caching.enabled = true (custom)
2023-02-14 08:18:18,491 [pool-297-thread-1] INFO  segmented.SegmentedRaftLogWorker (SegmentedRaftLogWorker.java:lambda$new$0(135)) - 31091561-319b-44fe-8343-13da60b8022d@group-3C8877628462-SegmentedRaftLogWorker: flushIndex: setUnconditionally 0 -> -1
2023-02-14 08:18:18,491 [pool-297-thread-1] INFO  segmented.SegmentedRaftLogWorker (SegmentedRaftLogWorker.java:lambda$new$0(135)) - 31091561-319b-44fe-8343-13da60b8022d@group-3C8877628462-SegmentedRaftLogWorker: safeCacheEvictIndex: setUnconditionally 0 -> -1
2023-02-14 08:18:18,491 [pool-297-thread-1] INFO  server.RaftServer$Division (RaftServerImpl.java:start(334)) - 31091561-319b-44fe-8343-13da60b8022d@group-3C8877628462: start as a follower, conf=-1: peers:[b5737586-1c7b-466e-b8cb-d0d8351e95e3|rpc:10.1.0.19:36425|dataStream:10.1.0.19:38459|priority:0|startupRole:FOLLOWER, 31091561-319b-44fe-8343-13da60b8022d|rpc:10.1.0.19:41071|dataStream:10.1.0.19:37967|priority:1|startupRole:FOLLOWER, ad6dcd81-1875-4667-9f21-c7397548b1ba|rpc:10.1.0.19:34199|dataStream:10.1.0.19:34273|priority:0|startupRole:FOLLOWER]|listeners:[], old=null
2023-02-14 08:18:18,492 [pool-297-thread-1] INFO  server.RaftServer$Division (RaftServerImpl.java:setRole(321)) - 31091561-319b-44fe-8343-13da60b8022d@group-3C8877628462: changes role from      null to FOLLOWER at term 0 for startAsFollower
2023-02-14 08:18:18,492 [pool-297-thread-1] INFO  impl.RoleInfo (RoleInfo.java:updateAndGet(139)) - 31091561-319b-44fe-8343-13da60b8022d: start 31091561-319b-44fe-8343-13da60b8022d@group-3C8877628462-FollowerState
2023-02-14 08:18:18,496 [pool-297-thread-1] INFO  util.JmxRegister (JmxRegister.java:tryRegister(44)) - Successfully registered JMX Bean with object name Ratis:service=RaftServer,group=group-3C8877628462,id=31091561-319b-44fe-8343-13da60b8022d
2023-02-14 08:18:18,496 [pool-297-thread-1] INFO  server.RaftServerConfigKeys (ConfUtils.java:logGet(46)) - raft.server.snapshot.auto.trigger.enabled = true (custom)
2023-02-14 08:18:18,496 [pool-297-thread-1] INFO  server.RaftServerConfigKeys (ConfUtils.java:logGet(46)) - raft.server.snapshot.auto.trigger.threshold = 10000 (custom)
2023-02-14 08:18:18,496 [pool-297-thread-1] INFO  server.RaftServerConfigKeys (ConfUtils.java:logGet(46)) - raft.server.snapshot.retention.file.num = 5 (custom)
2023-02-14 08:18:18,496 [pool-297-thread-1] INFO  server.RaftServerConfigKeys (ConfUtils.java:logGet(46)) - raft.server.log.purge.upto.snapshot.index = false (default)
2023-02-14 08:18:18,497 [31091561-319b-44fe-8343-13da60b8022d@group-3C8877628462-FollowerState] INFO  server.RaftServerConfigKeys (ConfUtils.java:logFallback(53)) - raft.server.rpc.first-election.timeout.min = 5s (fallback to raft.server.rpc.timeout.min)
2023-02-14 08:18:18,497 [31091561-319b-44fe-8343-13da60b8022d@group-3C8877628462-FollowerState] INFO  server.RaftServerConfigKeys (ConfUtils.java:logFallback(53)) - raft.server.rpc.first-election.timeout.max = 5200ms (fallback to raft.server.rpc.timeout.max)
2023-02-14 08:18:18,503 [Command processor thread] INFO  commandhandler.CreatePipelineCommandHandler (CreatePipelineCommandHandler.java:handle(113)) - Created Pipeline RATIS THREE PipelineID=085f4cbf-9d01-45bd-a65b-3c8877628462.
2023-02-14 08:18:18,503 [Command processor thread] INFO  server.RaftServer (RaftServerProxy.java:addNew(96)) - ad6dcd81-1875-4667-9f21-c7397548b1ba: addNew group-1B6006AEFDDC:[b5737586-1c7b-466e-b8cb-d0d8351e95e3|rpc:10.1.0.19:36425|dataStream:10.1.0.19:38459|priority:0|startupRole:FOLLOWER, ad6dcd81-1875-4667-9f21-c7397548b1ba|rpc:10.1.0.19:34199|dataStream:10.1.0.19:34273|priority:1|startupRole:FOLLOWER, 31091561-319b-44fe-8343-13da60b8022d|rpc:10.1.0.19:41071|dataStream:10.1.0.19:37967|priority:0|startupRole:FOLLOWER] returns group-1B6006AEFDDC:java.util.concurrent.CompletableFuture@7ff49e2b[Not completed]
2023-02-14 08:18:18,504 [pool-275-thread-1] INFO  server.RaftServer$Division (RaftServerImpl.java:<init>(195)) - ad6dcd81-1875-4667-9f21-c7397548b1ba: new RaftServerImpl for group-1B6006AEFDDC:[b5737586-1c7b-466e-b8cb-d0d8351e95e3|rpc:10.1.0.19:36425|dataStream:10.1.0.19:38459|priority:0|startupRole:FOLLOWER, ad6dcd81-1875-4667-9f21-c7397548b1ba|rpc:10.1.0.19:34199|dataStream:10.1.0.19:34273|priority:1|startupRole:FOLLOWER, 31091561-319b-44fe-8343-13da60b8022d|rpc:10.1.0.19:41071|dataStream:10.1.0.19:37967|priority:0|startupRole:FOLLOWER] with ContainerStateMachine:uninitialized
2023-02-14 08:18:18,504 [pool-275-thread-1] INFO  server.RaftServerConfigKeys (ConfUtils.java:logGet(46)) - raft.server.rpc.timeout.min = 5s (custom)
2023-02-14 08:18:18,504 [pool-275-thread-1] INFO  server.RaftServerConfigKeys (ConfUtils.java:logGet(46)) - raft.server.rpc.timeout.max = 5200ms (custom)
2023-02-14 08:18:18,504 [pool-275-thread-1] INFO  server.RaftServerConfigKeys (ConfUtils.java:logGet(46)) - raft.server.rpc.sleep.time = 25ms (default)
2023-02-14 08:18:18,504 [pool-275-thread-1] INFO  server.RaftServerConfigKeys (ConfUtils.java:logGet(46)) - raft.server.rpc.slowness.timeout = 300s (custom)
2023-02-14 08:18:18,504 [pool-275-thread-1] INFO  server.RaftServerConfigKeys (ConfUtils.java:logGet(46)) - raft.server.leaderelection.leader.step-down.wait-time = 10s (default)
2023-02-14 08:18:18,504 [pool-275-thread-1] INFO  server.RaftServerConfigKeys (ConfUtils.java:logGet(46)) - raft.server.sleep.deviation.threshold = 300ms (default)
2023-02-14 08:18:18,504 [pool-275-thread-1] INFO  server.RaftServer$Division (ServerState.java:<init>(118)) - ad6dcd81-1875-4667-9f21-c7397548b1ba@group-1B6006AEFDDC: ConfigurationManager, init=-1: peers:[b5737586-1c7b-466e-b8cb-d0d8351e95e3|rpc:10.1.0.19:36425|dataStream:10.1.0.19:38459|priority:0|startupRole:FOLLOWER, ad6dcd81-1875-4667-9f21-c7397548b1ba|rpc:10.1.0.19:34199|dataStream:10.1.0.19:34273|priority:1|startupRole:FOLLOWER, 31091561-319b-44fe-8343-13da60b8022d|rpc:10.1.0.19:41071|dataStream:10.1.0.19:37967|priority:0|startupRole:FOLLOWER]|listeners:[], old=null, confs=<EMPTY_MAP>
2023-02-14 08:18:18,504 [pool-275-thread-1] INFO  server.RaftServerConfigKeys (ConfUtils.java:logGet(46)) - raft.server.storage.dir = [/home/runner/work/ozone/ozone/hadoop-ozone/integration-test/target/test-dir/MiniOzoneClusterImpl-48139d39-b3ff-469d-bfde-a70ccbd6566f/datanode-0/data/ratis] (custom)
2023-02-14 08:18:18,504 [pool-275-thread-1] INFO  server.RaftServerConfigKeys (ConfUtils.java:logGet(46)) - raft.server.log.corruption.policy = EXCEPTION (default)
2023-02-14 08:18:18,504 [pool-275-thread-1] INFO  server.RaftServerConfigKeys (ConfUtils.java:logGet(46)) - raft.server.storage.free-space.min = 0MB (=0) (default)
2023-02-14 08:18:18,504 [pool-275-thread-1] INFO  server.RaftServerConfigKeys (ConfUtils.java:logGet(46)) - raft.server.notification.no-leader.timeout = 300s (custom)
2023-02-14 08:18:18,505 [pool-275-thread-1] INFO  server.RaftServerConfigKeys (ConfUtils.java:logGet(46)) - raft.server.retrycache.expirytime = 600000ms (custom)
2023-02-14 08:18:18,505 [pool-275-thread-1] INFO  server.RaftServerConfigKeys (ConfUtils.java:logGet(46)) - raft.server.retrycache.statistics.expirytime = 100μs (default)
2023-02-14 08:18:18,505 [pool-275-thread-1] INFO  server.RaftServerConfigKeys (ConfUtils.java:logGet(46)) - raft.server.log.appender.install.snapshot.enabled = false (custom)
2023-02-14 08:18:18,505 [pool-275-thread-1] INFO  server.RaftServerConfigKeys (ConfUtils.java:logGet(46)) - raft.server.threadpool.server.cached = true (default)
2023-02-14 08:18:18,505 [pool-275-thread-1] INFO  server.RaftServerConfigKeys (ConfUtils.java:logGet(46)) - raft.server.threadpool.server.size = 0 (default)
2023-02-14 08:18:18,505 [pool-275-thread-1] INFO  server.RaftServerConfigKeys (ConfUtils.java:logGet(46)) - raft.server.threadpool.client.cached = true (default)
2023-02-14 08:18:18,505 [pool-275-thread-1] INFO  server.RaftServerConfigKeys (ConfUtils.java:logGet(46)) - raft.server.threadpool.client.size = 0 (default)
2023-02-14 08:18:18,505 [pool-275-thread-1] INFO  storage.RaftStorageDirectory (RaftStorageDirectoryImpl.java:analyzeStorage(137)) - The storage directory /home/runner/work/ozone/ozone/hadoop-ozone/integration-test/target/test-dir/MiniOzoneClusterImpl-48139d39-b3ff-469d-bfde-a70ccbd6566f/datanode-0/data/ratis/94426ebe-b92e-468c-8a93-1b6006aefddc does not exist. Creating ...
2023-02-14 08:18:18,507 [pool-275-thread-1] INFO  storage.RaftStorageDirectory (RaftStorageDirectoryImpl.java:tryLock(231)) - Lock on /home/runner/work/ozone/ozone/hadoop-ozone/integration-test/target/test-dir/MiniOzoneClusterImpl-48139d39-b3ff-469d-bfde-a70ccbd6566f/datanode-0/data/ratis/94426ebe-b92e-468c-8a93-1b6006aefddc/in_use.lock acquired by nodename 11911@fv-az476-382
2023-02-14 08:18:18,509 [pool-275-thread-1] INFO  storage.RaftStorage (RaftStorageImpl.java:format(96)) - Storage directory /home/runner/work/ozone/ozone/hadoop-ozone/integration-test/target/test-dir/MiniOzoneClusterImpl-48139d39-b3ff-469d-bfde-a70ccbd6566f/datanode-0/data/ratis/94426ebe-b92e-468c-8a93-1b6006aefddc has been successfully formatted.
2023-02-14 08:18:18,510 [pool-275-thread-1] INFO  ratis.ContainerStateMachine (ContainerStateMachine.java:loadSnapshot(240)) - group-1B6006AEFDDC: The snapshot info is null. Setting the last applied indexto:(t:0, i:~)
2023-02-14 08:18:18,510 [EventQueue-OpenPipelineForHealthyPipelineSafeModeRule] INFO  safemode.SCMSafeModeManager (HealthyPipelineSafeModeRule.java:process(137)) - SCM in safe mode. Healthy pipelines reported count is 0, required healthy pipeline reported count is 1
2023-02-14 08:18:18,510 [pool-275-thread-1] INFO  server.RaftServerConfigKeys (ConfUtils.java:logGet(46)) - raft.server.log.use.memory = false (default)
2023-02-14 08:18:18,511 [pool-275-thread-1] INFO  server.RaftServerConfigKeys (ConfUtils.java:logGet(46)) - raft.server.log.purge.gap = 1000000 (custom)
2023-02-14 08:18:18,511 [pool-275-thread-1] INFO  server.RaftServerConfigKeys (ConfUtils.java:logGet(46)) - raft.server.log.appender.buffer.byte-limit = 33554432 (custom)
2023-02-14 08:18:18,511 [pool-275-thread-1] INFO  server.RaftServerConfigKeys (ConfUtils.java:logGet(46)) - raft.server.log.statemachine.data.read.timeout = 1000ms (default)
2023-02-14 08:18:18,511 [pool-275-thread-1] INFO  server.RaftServerConfigKeys (ConfUtils.java:logGet(46)) - raft.server.log.purge.preservation.log.num = 0 (default)
2023-02-14 08:18:18,511 [pool-275-thread-1] INFO  server.RaftServerConfigKeys (ConfUtils.java:logGet(46)) - raft.server.log.segment.size.max = 1048576 (custom)
2023-02-14 08:18:18,511 [pool-275-thread-1] INFO  server.RaftServerConfigKeys (ConfUtils.java:logGet(46)) - raft.server.log.segment.cache.num.max = 2 (custom)
2023-02-14 08:18:18,511 [pool-275-thread-1] INFO  server.RaftServerConfigKeys (ConfUtils.java:logGet(46)) - raft.server.log.segment.cache.size.max = 200MB (=209715200) (default)
2023-02-14 08:18:18,511 [pool-275-thread-1] INFO  segmented.SegmentedRaftLogWorker (SegmentedRaftLogWorker.java:<init>(189)) - new ad6dcd81-1875-4667-9f21-c7397548b1ba@group-1B6006AEFDDC-SegmentedRaftLogWorker for RaftStorageImpl:Storage Directory /home/runner/work/ozone/ozone/hadoop-ozone/integration-test/target/test-dir/MiniOzoneClusterImpl-48139d39-b3ff-469d-bfde-a70ccbd6566f/datanode-0/data/ratis/94426ebe-b92e-468c-8a93-1b6006aefddc
2023-02-14 08:18:18,511 [pool-275-thread-1] INFO  server.RaftServerConfigKeys (ConfUtils.java:logGet(46)) - raft.server.log.queue.byte-limit = 4294967296 (custom)
2023-02-14 08:18:18,511 [pool-275-thread-1] INFO  server.RaftServerConfigKeys (ConfUtils.java:logGet(46)) - raft.server.log.queue.element-limit = 1024 (custom)
2023-02-14 08:18:18,511 [pool-275-thread-1] INFO  server.RaftServerConfigKeys (ConfUtils.java:logGet(46)) - raft.server.log.segment.size.max = 1048576 (custom)
2023-02-14 08:18:18,512 [pool-275-thread-1] INFO  server.RaftServerConfigKeys (ConfUtils.java:logGet(46)) - raft.server.log.preallocated.size = 16384 (custom)
2023-02-14 08:18:18,512 [pool-275-thread-1] INFO  server.RaftServerConfigKeys (ConfUtils.java:logGet(46)) - raft.server.log.force.sync.num = 128 (default)
2023-02-14 08:18:18,512 [pool-275-thread-1] INFO  server.RaftServerConfigKeys (ConfUtils.java:logGet(46)) - raft.server.log.statemachine.data.sync = true (default)
2023-02-14 08:18:18,512 [pool-275-thread-1] INFO  server.RaftServerConfigKeys (ConfUtils.java:logGet(46)) - raft.server.log.statemachine.data.sync.timeout = 10s (default)
2023-02-14 08:18:18,512 [pool-275-thread-1] INFO  server.RaftServerConfigKeys (ConfUtils.java:logGet(46)) - raft.server.log.statemachine.data.sync.timeout.retry = -1 (default)
2023-02-14 08:18:18,512 [pool-275-thread-1] INFO  server.RaftServerConfigKeys (ConfUtils.java:logGet(46)) - raft.server.log.write.buffer.size = 1048576 (custom)
2023-02-14 08:18:18,513 [pool-275-thread-1] INFO  server.RaftServerConfigKeys (ConfUtils.java:logGet(46)) - raft.server.log.appender.buffer.byte-limit = 33554432 (custom)
2023-02-14 08:18:18,515 [pool-275-thread-1] INFO  server.RaftServerConfigKeys (ConfUtils.java:logGet(46)) - raft.server.log.unsafe-flush.enabled = false (default)
2023-02-14 08:18:18,515 [pool-275-thread-1] INFO  server.RaftServerConfigKeys (ConfUtils.java:logGet(46)) - raft.server.log.async-flush.enabled = false (default)
2023-02-14 08:18:18,515 [pool-275-thread-1] INFO  server.RaftServerConfigKeys (ConfUtils.java:logGet(46)) - raft.server.log.statemachine.data.caching.enabled = true (custom)
2023-02-14 08:18:18,516 [pool-275-thread-1] INFO  segmented.SegmentedRaftLogWorker (SegmentedRaftLogWorker.java:lambda$new$0(135)) - ad6dcd81-1875-4667-9f21-c7397548b1ba@group-1B6006AEFDDC-SegmentedRaftLogWorker: flushIndex: setUnconditionally 0 -> -1
2023-02-14 08:18:18,516 [pool-275-thread-1] INFO  segmented.SegmentedRaftLogWorker (SegmentedRaftLogWorker.java:lambda$new$0(135)) - ad6dcd81-1875-4667-9f21-c7397548b1ba@group-1B6006AEFDDC-SegmentedRaftLogWorker: safeCacheEvictIndex: setUnconditionally 0 -> -1
2023-02-14 08:18:18,518 [pool-275-thread-1] INFO  server.RaftServer$Division (RaftServerImpl.java:start(334)) - ad6dcd81-1875-4667-9f21-c7397548b1ba@group-1B6006AEFDDC: start as a follower, conf=-1: peers:[b5737586-1c7b-466e-b8cb-d0d8351e95e3|rpc:10.1.0.19:36425|dataStream:10.1.0.19:38459|priority:0|startupRole:FOLLOWER, ad6dcd81-1875-4667-9f21-c7397548b1ba|rpc:10.1.0.19:34199|dataStream:10.1.0.19:34273|priority:1|startupRole:FOLLOWER, 31091561-319b-44fe-8343-13da60b8022d|rpc:10.1.0.19:41071|dataStream:10.1.0.19:37967|priority:0|startupRole:FOLLOWER]|listeners:[], old=null
2023-02-14 08:18:18,518 [pool-275-thread-1] INFO  server.RaftServer$Division (RaftServerImpl.java:setRole(321)) - ad6dcd81-1875-4667-9f21-c7397548b1ba@group-1B6006AEFDDC: changes role from      null to FOLLOWER at term 0 for startAsFollower
2023-02-14 08:18:18,518 [pool-275-thread-1] INFO  impl.RoleInfo (RoleInfo.java:updateAndGet(139)) - ad6dcd81-1875-4667-9f21-c7397548b1ba: start ad6dcd81-1875-4667-9f21-c7397548b1ba@group-1B6006AEFDDC-FollowerState
2023-02-14 08:18:18,518 [pool-275-thread-1] INFO  util.JmxRegister (JmxRegister.java:tryRegister(44)) - Successfully registered JMX Bean with object name Ratis:service=RaftServer,group=group-1B6006AEFDDC,id=ad6dcd81-1875-4667-9f21-c7397548b1ba
2023-02-14 08:18:18,518 [pool-275-thread-1] INFO  server.RaftServerConfigKeys (ConfUtils.java:logGet(46)) - raft.server.snapshot.auto.trigger.enabled = true (custom)
2023-02-14 08:18:18,518 [pool-275-thread-1] INFO  server.RaftServerConfigKeys (ConfUtils.java:logGet(46)) - raft.server.snapshot.auto.trigger.threshold = 10000 (custom)
2023-02-14 08:18:18,518 [pool-275-thread-1] INFO  server.RaftServerConfigKeys (ConfUtils.java:logGet(46)) - raft.server.snapshot.retention.file.num = 5 (custom)
2023-02-14 08:18:18,518 [pool-275-thread-1] INFO  server.RaftServerConfigKeys (ConfUtils.java:logGet(46)) - raft.server.log.purge.upto.snapshot.index = false (default)
2023-02-14 08:18:18,519 [ad6dcd81-1875-4667-9f21-c7397548b1ba@group-1B6006AEFDDC-FollowerState] INFO  server.RaftServerConfigKeys (ConfUtils.java:logFallback(53)) - raft.server.rpc.first-election.timeout.min = 5s (fallback to raft.server.rpc.timeout.min)
2023-02-14 08:18:18,519 [ad6dcd81-1875-4667-9f21-c7397548b1ba@group-1B6006AEFDDC-FollowerState] INFO  server.RaftServerConfigKeys (ConfUtils.java:logFallback(53)) - raft.server.rpc.first-election.timeout.max = 5200ms (fallback to raft.server.rpc.timeout.max)
2023-02-14 08:18:18,519 [Command processor thread] INFO  ratis.XceiverServerRatis (XceiverServerRatis.java:addGroup(807)) - Created group PipelineID=94426ebe-b92e-468c-8a93-1b6006aefddc
2023-02-14 08:18:18,531 [grpc-default-executor-0] INFO  server.RaftServer (RaftServerProxy.java:addNew(96)) - 31091561-319b-44fe-8343-13da60b8022d: addNew group-1B6006AEFDDC:[b5737586-1c7b-466e-b8cb-d0d8351e95e3|rpc:10.1.0.19:36425|dataStream:10.1.0.19:38459|priority:0|startupRole:FOLLOWER, ad6dcd81-1875-4667-9f21-c7397548b1ba|rpc:10.1.0.19:34199|dataStream:10.1.0.19:34273|priority:1|startupRole:FOLLOWER, 31091561-319b-44fe-8343-13da60b8022d|rpc:10.1.0.19:41071|dataStream:10.1.0.19:37967|priority:0|startupRole:FOLLOWER] returns group-1B6006AEFDDC:java.util.concurrent.CompletableFuture@3813929f[Not completed]
2023-02-14 08:18:18,532 [pool-297-thread-1] INFO  server.RaftServer$Division (RaftServerImpl.java:<init>(195)) - 31091561-319b-44fe-8343-13da60b8022d: new RaftServerImpl for group-1B6006AEFDDC:[b5737586-1c7b-466e-b8cb-d0d8351e95e3|rpc:10.1.0.19:36425|dataStream:10.1.0.19:38459|priority:0|startupRole:FOLLOWER, ad6dcd81-1875-4667-9f21-c7397548b1ba|rpc:10.1.0.19:34199|dataStream:10.1.0.19:34273|priority:1|startupRole:FOLLOWER, 31091561-319b-44fe-8343-13da60b8022d|rpc:10.1.0.19:41071|dataStream:10.1.0.19:37967|priority:0|startupRole:FOLLOWER] with ContainerStateMachine:uninitialized
2023-02-14 08:18:18,532 [pool-297-thread-1] INFO  server.RaftServerConfigKeys (ConfUtils.java:logGet(46)) - raft.server.rpc.timeout.min = 5s (custom)
2023-02-14 08:18:18,532 [pool-297-thread-1] INFO  server.RaftServerConfigKeys (ConfUtils.java:logGet(46)) - raft.server.rpc.timeout.max = 5200ms (custom)
2023-02-14 08:18:18,532 [pool-297-thread-1] INFO  server.RaftServerConfigKeys (ConfUtils.java:logGet(46)) - raft.server.rpc.sleep.time = 25ms (default)
2023-02-14 08:18:18,532 [pool-297-thread-1] INFO  server.RaftServerConfigKeys (ConfUtils.java:logGet(46)) - raft.server.rpc.slowness.timeout = 300s (custom)
2023-02-14 08:18:18,532 [pool-297-thread-1] INFO  server.RaftServerConfigKeys (ConfUtils.java:logGet(46)) - raft.server.leaderelection.leader.step-down.wait-time = 10s (default)
2023-02-14 08:18:18,532 [pool-297-thread-1] INFO  server.RaftServerConfigKeys (ConfUtils.java:logGet(46)) - raft.server.sleep.deviation.threshold = 300ms (default)
2023-02-14 08:18:18,533 [pool-297-thread-1] INFO  server.RaftServer$Division (ServerState.java:<init>(118)) - 31091561-319b-44fe-8343-13da60b8022d@group-1B6006AEFDDC: ConfigurationManager, init=-1: peers:[b5737586-1c7b-466e-b8cb-d0d8351e95e3|rpc:10.1.0.19:36425|dataStream:10.1.0.19:38459|priority:0|startupRole:FOLLOWER, ad6dcd81-1875-4667-9f21-c7397548b1ba|rpc:10.1.0.19:34199|dataStream:10.1.0.19:34273|priority:1|startupRole:FOLLOWER, 31091561-319b-44fe-8343-13da60b8022d|rpc:10.1.0.19:41071|dataStream:10.1.0.19:37967|priority:0|startupRole:FOLLOWER]|listeners:[], old=null, confs=<EMPTY_MAP>
2023-02-14 08:18:18,533 [pool-297-thread-1] INFO  server.RaftServerConfigKeys (ConfUtils.java:logGet(46)) - raft.server.storage.dir = [/home/runner/work/ozone/ozone/hadoop-ozone/integration-test/target/test-dir/MiniOzoneClusterImpl-48139d39-b3ff-469d-bfde-a70ccbd6566f/datanode-1/data/ratis] (custom)
2023-02-14 08:18:18,533 [pool-297-thread-1] INFO  server.RaftServerConfigKeys (ConfUtils.java:logGet(46)) - raft.server.log.corruption.policy = EXCEPTION (default)
2023-02-14 08:18:18,533 [pool-297-thread-1] INFO  server.RaftServerConfigKeys (ConfUtils.java:logGet(46)) - raft.server.storage.free-space.min = 0MB (=0) (default)
2023-02-14 08:18:18,533 [pool-297-thread-1] INFO  server.RaftServerConfigKeys (ConfUtils.java:logGet(46)) - raft.server.notification.no-leader.timeout = 300s (custom)
2023-02-14 08:18:18,533 [pool-297-thread-1] INFO  server.RaftServerConfigKeys (ConfUtils.java:logGet(46)) - raft.server.retrycache.expirytime = 600000ms (custom)
2023-02-14 08:18:18,533 [pool-297-thread-1] INFO  server.RaftServerConfigKeys (ConfUtils.java:logGet(46)) - raft.server.retrycache.statistics.expirytime = 100μs (default)
2023-02-14 08:18:18,533 [pool-297-thread-1] INFO  server.RaftServerConfigKeys (ConfUtils.java:logGet(46)) - raft.server.log.appender.install.snapshot.enabled = false (custom)
2023-02-14 08:18:18,534 [pool-297-thread-1] INFO  server.RaftServerConfigKeys (ConfUtils.java:logGet(46)) - raft.server.threadpool.server.cached = true (default)
2023-02-14 08:18:18,534 [pool-297-thread-1] INFO  server.RaftServerConfigKeys (ConfUtils.java:logGet(46)) - raft.server.threadpool.server.size = 0 (default)
2023-02-14 08:18:18,534 [pool-297-thread-1] INFO  server.RaftServerConfigKeys (ConfUtils.java:logGet(46)) - raft.server.threadpool.client.cached = true (default)
2023-02-14 08:18:18,534 [pool-297-thread-1] INFO  server.RaftServerConfigKeys (ConfUtils.java:logGet(46)) - raft.server.threadpool.client.size = 0 (default)
2023-02-14 08:18:18,534 [pool-297-thread-1] INFO  storage.RaftStorageDirectory (RaftStorageDirectoryImpl.java:analyzeStorage(137)) - The storage directory /home/runner/work/ozone/ozone/hadoop-ozone/integration-test/target/test-dir/MiniOzoneClusterImpl-48139d39-b3ff-469d-bfde-a70ccbd6566f/datanode-1/data/ratis/94426ebe-b92e-468c-8a93-1b6006aefddc does not exist. Creating ...
2023-02-14 08:18:18,535 [pool-297-thread-1] INFO  storage.RaftStorageDirectory (RaftStorageDirectoryImpl.java:tryLock(231)) - Lock on /home/runner/work/ozone/ozone/hadoop-ozone/integration-test/target/test-dir/MiniOzoneClusterImpl-48139d39-b3ff-469d-bfde-a70ccbd6566f/datanode-1/data/ratis/94426ebe-b92e-468c-8a93-1b6006aefddc/in_use.lock acquired by nodename 11911@fv-az476-382
2023-02-14 08:18:18,536 [pool-297-thread-1] INFO  storage.RaftStorage (RaftStorageImpl.java:format(96)) - Storage directory /home/runner/work/ozone/ozone/hadoop-ozone/integration-test/target/test-dir/MiniOzoneClusterImpl-48139d39-b3ff-469d-bfde-a70ccbd6566f/datanode-1/data/ratis/94426ebe-b92e-468c-8a93-1b6006aefddc has been successfully formatted.
2023-02-14 08:18:18,536 [pool-297-thread-1] INFO  ratis.ContainerStateMachine (ContainerStateMachine.java:loadSnapshot(240)) - group-1B6006AEFDDC: The snapshot info is null. Setting the last applied indexto:(t:0, i:~)
2023-02-14 08:18:18,537 [pool-297-thread-1] INFO  server.RaftServerConfigKeys (ConfUtils.java:logGet(46)) - raft.server.log.use.memory = false (default)
2023-02-14 08:18:18,537 [pool-297-thread-1] INFO  server.RaftServerConfigKeys (ConfUtils.java:logGet(46)) - raft.server.log.purge.gap = 1000000 (custom)
2023-02-14 08:18:18,537 [pool-297-thread-1] INFO  server.RaftServerConfigKeys (ConfUtils.java:logGet(46)) - raft.server.log.appender.buffer.byte-limit = 33554432 (custom)
2023-02-14 08:18:18,537 [pool-297-thread-1] INFO  server.RaftServerConfigKeys (ConfUtils.java:logGet(46)) - raft.server.log.statemachine.data.read.timeout = 1000ms (default)
2023-02-14 08:18:18,537 [pool-297-thread-1] INFO  server.RaftServerConfigKeys (ConfUtils.java:logGet(46)) - raft.server.log.purge.preservation.log.num = 0 (default)
2023-02-14 08:18:18,537 [pool-297-thread-1] INFO  server.RaftServerConfigKeys (ConfUtils.java:logGet(46)) - raft.server.log.segment.size.max = 1048576 (custom)
2023-02-14 08:18:18,537 [pool-297-thread-1] INFO  server.RaftServerConfigKeys (ConfUtils.java:logGet(46)) - raft.server.log.segment.cache.num.max = 2 (custom)
2023-02-14 08:18:18,537 [pool-297-thread-1] INFO  server.RaftServerConfigKeys (ConfUtils.java:logGet(46)) - raft.server.log.segment.cache.size.max = 200MB (=209715200) (default)
2023-02-14 08:18:18,537 [pool-297-thread-1] INFO  segmented.SegmentedRaftLogWorker (SegmentedRaftLogWorker.java:<init>(189)) - new 31091561-319b-44fe-8343-13da60b8022d@group-1B6006AEFDDC-SegmentedRaftLogWorker for RaftStorageImpl:Storage Directory /home/runner/work/ozone/ozone/hadoop-ozone/integration-test/target/test-dir/MiniOzoneClusterImpl-48139d39-b3ff-469d-bfde-a70ccbd6566f/datanode-1/data/ratis/94426ebe-b92e-468c-8a93-1b6006aefddc
2023-02-14 08:18:18,537 [pool-297-thread-1] INFO  server.RaftServerConfigKeys (ConfUtils.java:logGet(46)) - raft.server.log.queue.byte-limit = 4294967296 (custom)
2023-02-14 08:18:18,537 [pool-297-thread-1] INFO  server.RaftServerConfigKeys (ConfUtils.java:logGet(46)) - raft.server.log.queue.element-limit = 1024 (custom)
2023-02-14 08:18:18,537 [pool-297-thread-1] INFO  server.RaftServerConfigKeys (ConfUtils.java:logGet(46)) - raft.server.log.segment.size.max = 1048576 (custom)
2023-02-14 08:18:18,537 [pool-297-thread-1] INFO  server.RaftServerConfigKeys (ConfUtils.java:logGet(46)) - raft.server.log.preallocated.size = 16384 (custom)
2023-02-14 08:18:18,537 [pool-297-thread-1] INFO  server.RaftServerConfigKeys (ConfUtils.java:logGet(46)) - raft.server.log.force.sync.num = 128 (default)
2023-02-14 08:18:18,537 [pool-297-thread-1] INFO  server.RaftServerConfigKeys (ConfUtils.java:logGet(46)) - raft.server.log.statemachine.data.sync = true (default)
2023-02-14 08:18:18,538 [pool-297-thread-1] INFO  server.RaftServerConfigKeys (ConfUtils.java:logGet(46)) - raft.server.log.statemachine.data.sync.timeout = 10s (default)
2023-02-14 08:18:18,538 [pool-297-thread-1] INFO  server.RaftServerConfigKeys (ConfUtils.java:logGet(46)) - raft.server.log.statemachine.data.sync.timeout.retry = -1 (default)
2023-02-14 08:18:18,538 [pool-297-thread-1] INFO  server.RaftServerConfigKeys (ConfUtils.java:logGet(46)) - raft.server.log.write.buffer.size = 1048576 (custom)
2023-02-14 08:18:18,539 [pool-297-thread-1] INFO  server.RaftServerConfigKeys (ConfUtils.java:logGet(46)) - raft.server.log.appender.buffer.byte-limit = 33554432 (custom)
2023-02-14 08:18:18,541 [pool-297-thread-1] INFO  server.RaftServerConfigKeys (ConfUtils.java:logGet(46)) - raft.server.log.unsafe-flush.enabled = false (default)
2023-02-14 08:18:18,542 [pool-297-thread-1] INFO  server.RaftServerConfigKeys (ConfUtils.java:logGet(46)) - raft.server.log.async-flush.enabled = false (default)
2023-02-14 08:18:18,542 [pool-297-thread-1] INFO  server.RaftServerConfigKeys (ConfUtils.java:logGet(46)) - raft.server.log.statemachine.data.caching.enabled = true (custom)
2023-02-14 08:18:18,542 [pool-297-thread-1] INFO  segmented.SegmentedRaftLogWorker (SegmentedRaftLogWorker.java:lambda$new$0(135)) - 31091561-319b-44fe-8343-13da60b8022d@group-1B6006AEFDDC-SegmentedRaftLogWorker: flushIndex: setUnconditionally 0 -> -1
2023-02-14 08:18:18,542 [pool-297-thread-1] INFO  segmented.SegmentedRaftLogWorker (SegmentedRaftLogWorker.java:lambda$new$0(135)) - 31091561-319b-44fe-8343-13da60b8022d@group-1B6006AEFDDC-SegmentedRaftLogWorker: safeCacheEvictIndex: setUnconditionally 0 -> -1
2023-02-14 08:18:18,542 [pool-297-thread-1] INFO  server.RaftServer$Division (RaftServerImpl.java:start(334)) - 31091561-319b-44fe-8343-13da60b8022d@group-1B6006AEFDDC: start as a follower, conf=-1: peers:[b5737586-1c7b-466e-b8cb-d0d8351e95e3|rpc:10.1.0.19:36425|dataStream:10.1.0.19:38459|priority:0|startupRole:FOLLOWER, ad6dcd81-1875-4667-9f21-c7397548b1ba|rpc:10.1.0.19:34199|dataStream:10.1.0.19:34273|priority:1|startupRole:FOLLOWER, 31091561-319b-44fe-8343-13da60b8022d|rpc:10.1.0.19:41071|dataStream:10.1.0.19:37967|priority:0|startupRole:FOLLOWER]|listeners:[], old=null
2023-02-14 08:18:18,542 [pool-297-thread-1] INFO  server.RaftServer$Division (RaftServerImpl.java:setRole(321)) - 31091561-319b-44fe-8343-13da60b8022d@group-1B6006AEFDDC: changes role from      null to FOLLOWER at term 0 for startAsFollower
2023-02-14 08:18:18,542 [pool-297-thread-1] INFO  impl.RoleInfo (RoleInfo.java:updateAndGet(139)) - 31091561-319b-44fe-8343-13da60b8022d: start 31091561-319b-44fe-8343-13da60b8022d@group-1B6006AEFDDC-FollowerState
2023-02-14 08:18:18,542 [pool-297-thread-1] INFO  util.JmxRegister (JmxRegister.java:tryRegister(44)) - Successfully registered JMX Bean with object name Ratis:service=RaftServer,group=group-1B6006AEFDDC,id=31091561-319b-44fe-8343-13da60b8022d
2023-02-14 08:18:18,542 [pool-297-thread-1] INFO  server.RaftServerConfigKeys (ConfUtils.java:logGet(46)) - raft.server.snapshot.auto.trigger.enabled = true (custom)
2023-02-14 08:18:18,542 [pool-297-thread-1] INFO  server.RaftServerConfigKeys (ConfUtils.java:logGet(46)) - raft.server.snapshot.auto.trigger.threshold = 10000 (custom)
2023-02-14 08:18:18,542 [pool-297-thread-1] INFO  server.RaftServerConfigKeys (ConfUtils.java:logGet(46)) - raft.server.snapshot.retention.file.num = 5 (custom)
2023-02-14 08:18:18,542 [pool-297-thread-1] INFO  server.RaftServerConfigKeys (ConfUtils.java:logGet(46)) - raft.server.log.purge.upto.snapshot.index = false (default)
2023-02-14 08:18:18,543 [31091561-319b-44fe-8343-13da60b8022d@group-1B6006AEFDDC-FollowerState] INFO  server.RaftServerConfigKeys (ConfUtils.java:logFallback(53)) - raft.server.rpc.first-election.timeout.min = 5s (fallback to raft.server.rpc.timeout.min)
2023-02-14 08:18:18,543 [31091561-319b-44fe-8343-13da60b8022d@group-1B6006AEFDDC-FollowerState] INFO  server.RaftServerConfigKeys (ConfUtils.java:logFallback(53)) - raft.server.rpc.first-election.timeout.max = 5200ms (fallback to raft.server.rpc.timeout.max)
2023-02-14 08:18:18,556 [grpc-default-executor-0] INFO  server.RaftServer (RaftServerProxy.java:addNew(96)) - b5737586-1c7b-466e-b8cb-d0d8351e95e3: addNew group-1B6006AEFDDC:[b5737586-1c7b-466e-b8cb-d0d8351e95e3|rpc:10.1.0.19:36425|dataStream:10.1.0.19:38459|priority:0|startupRole:FOLLOWER, ad6dcd81-1875-4667-9f21-c7397548b1ba|rpc:10.1.0.19:34199|dataStream:10.1.0.19:34273|priority:1|startupRole:FOLLOWER, 31091561-319b-44fe-8343-13da60b8022d|rpc:10.1.0.19:41071|dataStream:10.1.0.19:37967|priority:0|startupRole:FOLLOWER] returns group-1B6006AEFDDC:java.util.concurrent.CompletableFuture@623311bd[Not completed]
2023-02-14 08:18:18,557 [pool-319-thread-1] INFO  server.RaftServer$Division (RaftServerImpl.java:<init>(195)) - b5737586-1c7b-466e-b8cb-d0d8351e95e3: new RaftServerImpl for group-1B6006AEFDDC:[b5737586-1c7b-466e-b8cb-d0d8351e95e3|rpc:10.1.0.19:36425|dataStream:10.1.0.19:38459|priority:0|startupRole:FOLLOWER, ad6dcd81-1875-4667-9f21-c7397548b1ba|rpc:10.1.0.19:34199|dataStream:10.1.0.19:34273|priority:1|startupRole:FOLLOWER, 31091561-319b-44fe-8343-13da60b8022d|rpc:10.1.0.19:41071|dataStream:10.1.0.19:37967|priority:0|startupRole:FOLLOWER] with ContainerStateMachine:uninitialized
2023-02-14 08:18:18,557 [pool-319-thread-1] INFO  server.RaftServerConfigKeys (ConfUtils.java:logGet(46)) - raft.server.rpc.timeout.min = 5s (custom)
2023-02-14 08:18:18,557 [pool-319-thread-1] INFO  server.RaftServerConfigKeys (ConfUtils.java:logGet(46)) - raft.server.rpc.timeout.max = 5200ms (custom)
2023-02-14 08:18:18,557 [pool-319-thread-1] INFO  server.RaftServerConfigKeys (ConfUtils.java:logGet(46)) - raft.server.rpc.sleep.time = 25ms (default)
2023-02-14 08:18:18,557 [pool-319-thread-1] INFO  server.RaftServerConfigKeys (ConfUtils.java:logGet(46)) - raft.server.rpc.slowness.timeout = 300s (custom)
2023-02-14 08:18:18,557 [pool-319-thread-1] INFO  server.RaftServerConfigKeys (ConfUtils.java:logGet(46)) - raft.server.leaderelection.leader.step-down.wait-time = 10s (default)
2023-02-14 08:18:18,557 [pool-319-thread-1] INFO  server.RaftServerConfigKeys (ConfUtils.java:logGet(46)) - raft.server.sleep.deviation.threshold = 300ms (default)
2023-02-14 08:18:18,557 [pool-319-thread-1] INFO  server.RaftServer$Division (ServerState.java:<init>(118)) - b5737586-1c7b-466e-b8cb-d0d8351e95e3@group-1B6006AEFDDC: ConfigurationManager, init=-1: peers:[b5737586-1c7b-466e-b8cb-d0d8351e95e3|rpc:10.1.0.19:36425|dataStream:10.1.0.19:38459|priority:0|startupRole:FOLLOWER, ad6dcd81-1875-4667-9f21-c7397548b1ba|rpc:10.1.0.19:34199|dataStream:10.1.0.19:34273|priority:1|startupRole:FOLLOWER, 31091561-319b-44fe-8343-13da60b8022d|rpc:10.1.0.19:41071|dataStream:10.1.0.19:37967|priority:0|startupRole:FOLLOWER]|listeners:[], old=null, confs=<EMPTY_MAP>
2023-02-14 08:18:18,557 [pool-319-thread-1] INFO  server.RaftServerConfigKeys (ConfUtils.java:logGet(46)) - raft.server.storage.dir = [/home/runner/work/ozone/ozone/hadoop-ozone/integration-test/target/test-dir/MiniOzoneClusterImpl-48139d39-b3ff-469d-bfde-a70ccbd6566f/datanode-2/data/ratis] (custom)
2023-02-14 08:18:18,557 [pool-319-thread-1] INFO  server.RaftServerConfigKeys (ConfUtils.java:logGet(46)) - raft.server.log.corruption.policy = EXCEPTION (default)
2023-02-14 08:18:18,557 [pool-319-thread-1] INFO  server.RaftServerConfigKeys (ConfUtils.java:logGet(46)) - raft.server.storage.free-space.min = 0MB (=0) (default)
2023-02-14 08:18:18,557 [pool-319-thread-1] INFO  server.RaftServerConfigKeys (ConfUtils.java:logGet(46)) - raft.server.notification.no-leader.timeout = 300s (custom)
2023-02-14 08:18:18,558 [pool-319-thread-1] INFO  server.RaftServerConfigKeys (ConfUtils.java:logGet(46)) - raft.server.retrycache.expirytime = 600000ms (custom)
2023-02-14 08:18:18,558 [pool-319-thread-1] INFO  server.RaftServerConfigKeys (ConfUtils.java:logGet(46)) - raft.server.retrycache.statistics.expirytime = 100μs (default)
2023-02-14 08:18:18,558 [pool-319-thread-1] INFO  server.RaftServerConfigKeys (ConfUtils.java:logGet(46)) - raft.server.log.appender.install.snapshot.enabled = false (custom)
2023-02-14 08:18:18,558 [pool-319-thread-1] INFO  server.RaftServerConfigKeys (ConfUtils.java:logGet(46)) - raft.server.threadpool.server.cached = true (default)
2023-02-14 08:18:18,558 [pool-319-thread-1] INFO  server.RaftServerConfigKeys (ConfUtils.java:logGet(46)) - raft.server.threadpool.server.size = 0 (default)
2023-02-14 08:18:18,558 [pool-319-thread-1] INFO  server.RaftServerConfigKeys (ConfUtils.java:logGet(46)) - raft.server.threadpool.client.cached = true (default)
2023-02-14 08:18:18,558 [pool-319-thread-1] INFO  server.RaftServerConfigKeys (ConfUtils.java:logGet(46)) - raft.server.threadpool.client.size = 0 (default)
2023-02-14 08:18:18,559 [pool-319-thread-1] INFO  storage.RaftStorageDirectory (RaftStorageDirectoryImpl.java:analyzeStorage(137)) - The storage directory /home/runner/work/ozone/ozone/hadoop-ozone/integration-test/target/test-dir/MiniOzoneClusterImpl-48139d39-b3ff-469d-bfde-a70ccbd6566f/datanode-2/data/ratis/94426ebe-b92e-468c-8a93-1b6006aefddc does not exist. Creating ...
2023-02-14 08:18:18,560 [pool-319-thread-1] INFO  storage.RaftStorageDirectory (RaftStorageDirectoryImpl.java:tryLock(231)) - Lock on /home/runner/work/ozone/ozone/hadoop-ozone/integration-test/target/test-dir/MiniOzoneClusterImpl-48139d39-b3ff-469d-bfde-a70ccbd6566f/datanode-2/data/ratis/94426ebe-b92e-468c-8a93-1b6006aefddc/in_use.lock acquired by nodename 11911@fv-az476-382
2023-02-14 08:18:18,561 [pool-319-thread-1] INFO  storage.RaftStorage (RaftStorageImpl.java:format(96)) - Storage directory /home/runner/work/ozone/ozone/hadoop-ozone/integration-test/target/test-dir/MiniOzoneClusterImpl-48139d39-b3ff-469d-bfde-a70ccbd6566f/datanode-2/data/ratis/94426ebe-b92e-468c-8a93-1b6006aefddc has been successfully formatted.
2023-02-14 08:18:18,561 [pool-319-thread-1] INFO  ratis.ContainerStateMachine (ContainerStateMachine.java:loadSnapshot(240)) - group-1B6006AEFDDC: The snapshot info is null. Setting the last applied indexto:(t:0, i:~)
2023-02-14 08:18:18,561 [pool-319-thread-1] INFO  server.RaftServerConfigKeys (ConfUtils.java:logGet(46)) - raft.server.log.use.memory = false (default)
2023-02-14 08:18:18,561 [pool-319-thread-1] INFO  server.RaftServerConfigKeys (ConfUtils.java:logGet(46)) - raft.server.log.purge.gap = 1000000 (custom)
2023-02-14 08:18:18,561 [pool-319-thread-1] INFO  server.RaftServerConfigKeys (ConfUtils.java:logGet(46)) - raft.server.log.appender.buffer.byte-limit = 33554432 (custom)
2023-02-14 08:18:18,561 [pool-319-thread-1] INFO  server.RaftServerConfigKeys (ConfUtils.java:logGet(46)) - raft.server.log.statemachine.data.read.timeout = 1000ms (default)
2023-02-14 08:18:18,561 [pool-319-thread-1] INFO  server.RaftServerConfigKeys (ConfUtils.java:logGet(46)) - raft.server.log.purge.preservation.log.num = 0 (default)
2023-02-14 08:18:18,561 [pool-319-thread-1] INFO  server.RaftServerConfigKeys (ConfUtils.java:logGet(46)) - raft.server.log.segment.size.max = 1048576 (custom)
2023-02-14 08:18:18,562 [pool-319-thread-1] INFO  server.RaftServerConfigKeys (ConfUtils.java:logGet(46)) - raft.server.log.segment.cache.num.max = 2 (custom)
2023-02-14 08:18:18,562 [pool-319-thread-1] INFO  server.RaftServerConfigKeys (ConfUtils.java:logGet(46)) - raft.server.log.segment.cache.size.max = 200MB (=209715200) (default)
2023-02-14 08:18:18,563 [pool-319-thread-1] INFO  segmented.SegmentedRaftLogWorker (SegmentedRaftLogWorker.java:<init>(189)) - new b5737586-1c7b-466e-b8cb-d0d8351e95e3@group-1B6006AEFDDC-SegmentedRaftLogWorker for RaftStorageImpl:Storage Directory /home/runner/work/ozone/ozone/hadoop-ozone/integration-test/target/test-dir/MiniOzoneClusterImpl-48139d39-b3ff-469d-bfde-a70ccbd6566f/datanode-2/data/ratis/94426ebe-b92e-468c-8a93-1b6006aefddc
2023-02-14 08:18:18,563 [pool-319-thread-1] INFO  server.RaftServerConfigKeys (ConfUtils.java:logGet(46)) - raft.server.log.queue.byte-limit = 4294967296 (custom)
2023-02-14 08:18:18,563 [pool-319-thread-1] INFO  server.RaftServerConfigKeys (ConfUtils.java:logGet(46)) - raft.server.log.queue.element-limit = 1024 (custom)
2023-02-14 08:18:18,563 [pool-319-thread-1] INFO  server.RaftServerConfigKeys (ConfUtils.java:logGet(46)) - raft.server.log.segment.size.max = 1048576 (custom)
2023-02-14 08:18:18,563 [pool-319-thread-1] INFO  server.RaftServerConfigKeys (ConfUtils.java:logGet(46)) - raft.server.log.preallocated.size = 16384 (custom)
2023-02-14 08:18:18,563 [pool-319-thread-1] INFO  server.RaftServerConfigKeys (ConfUtils.java:logGet(46)) - raft.server.log.force.sync.num = 128 (default)
2023-02-14 08:18:18,563 [pool-319-thread-1] INFO  server.RaftServerConfigKeys (ConfUtils.java:logGet(46)) - raft.server.log.statemachine.data.sync = true (default)
2023-02-14 08:18:18,563 [pool-319-thread-1] INFO  server.RaftServerConfigKeys (ConfUtils.java:logGet(46)) - raft.server.log.statemachine.data.sync.timeout = 10s (default)
2023-02-14 08:18:18,563 [pool-319-thread-1] INFO  server.RaftServerConfigKeys (ConfUtils.java:logGet(46)) - raft.server.log.statemachine.data.sync.timeout.retry = -1 (default)
2023-02-14 08:18:18,563 [pool-319-thread-1] INFO  server.RaftServerConfigKeys (ConfUtils.java:logGet(46)) - raft.server.log.write.buffer.size = 1048576 (custom)
2023-02-14 08:18:18,563 [pool-319-thread-1] INFO  server.RaftServerConfigKeys (ConfUtils.java:logGet(46)) - raft.server.log.appender.buffer.byte-limit = 33554432 (custom)
2023-02-14 08:18:18,566 [pool-319-thread-1] INFO  server.RaftServerConfigKeys (ConfUtils.java:logGet(46)) - raft.server.log.unsafe-flush.enabled = false (default)
2023-02-14 08:18:18,566 [pool-319-thread-1] INFO  server.RaftServerConfigKeys (ConfUtils.java:logGet(46)) - raft.server.log.async-flush.enabled = false (default)
2023-02-14 08:18:18,568 [pool-319-thread-1] INFO  server.RaftServerConfigKeys (ConfUtils.java:logGet(46)) - raft.server.log.statemachine.data.caching.enabled = true (custom)
2023-02-14 08:18:18,568 [pool-319-thread-1] INFO  segmented.SegmentedRaftLogWorker (SegmentedRaftLogWorker.java:lambda$new$0(135)) - b5737586-1c7b-466e-b8cb-d0d8351e95e3@group-1B6006AEFDDC-SegmentedRaftLogWorker: flushIndex: setUnconditionally 0 -> -1
2023-02-14 08:18:18,568 [pool-319-thread-1] INFO  segmented.SegmentedRaftLogWorker (SegmentedRaftLogWorker.java:lambda$new$0(135)) - b5737586-1c7b-466e-b8cb-d0d8351e95e3@group-1B6006AEFDDC-SegmentedRaftLogWorker: safeCacheEvictIndex: setUnconditionally 0 -> -1
2023-02-14 08:18:18,568 [pool-319-thread-1] INFO  server.RaftServer$Division (RaftServerImpl.java:start(334)) - b5737586-1c7b-466e-b8cb-d0d8351e95e3@group-1B6006AEFDDC: start as a follower, conf=-1: peers:[b5737586-1c7b-466e-b8cb-d0d8351e95e3|rpc:10.1.0.19:36425|dataStream:10.1.0.19:38459|priority:0|startupRole:FOLLOWER, ad6dcd81-1875-4667-9f21-c7397548b1ba|rpc:10.1.0.19:34199|dataStream:10.1.0.19:34273|priority:1|startupRole:FOLLOWER, 31091561-319b-44fe-8343-13da60b8022d|rpc:10.1.0.19:41071|dataStream:10.1.0.19:37967|priority:0|startupRole:FOLLOWER]|listeners:[], old=null
2023-02-14 08:18:18,568 [pool-319-thread-1] INFO  server.RaftServer$Division (RaftServerImpl.java:setRole(321)) - b5737586-1c7b-466e-b8cb-d0d8351e95e3@group-1B6006AEFDDC: changes role from      null to FOLLOWER at term 0 for startAsFollower
2023-02-14 08:18:18,568 [pool-319-thread-1] INFO  impl.RoleInfo (RoleInfo.java:updateAndGet(139)) - b5737586-1c7b-466e-b8cb-d0d8351e95e3: start b5737586-1c7b-466e-b8cb-d0d8351e95e3@group-1B6006AEFDDC-FollowerState
2023-02-14 08:18:18,570 [pool-319-thread-1] INFO  util.JmxRegister (JmxRegister.java:tryRegister(44)) - Successfully registered JMX Bean with object name Ratis:service=RaftServer,group=group-1B6006AEFDDC,id=b5737586-1c7b-466e-b8cb-d0d8351e95e3
2023-02-14 08:18:18,570 [pool-319-thread-1] INFO  server.RaftServerConfigKeys (ConfUtils.java:logGet(46)) - raft.server.snapshot.auto.trigger.enabled = true (custom)
2023-02-14 08:18:18,570 [pool-319-thread-1] INFO  server.RaftServerConfigKeys (ConfUtils.java:logGet(46)) - raft.server.snapshot.auto.trigger.threshold = 10000 (custom)
2023-02-14 08:18:18,570 [pool-319-thread-1] INFO  server.RaftServerConfigKeys (ConfUtils.java:logGet(46)) - raft.server.snapshot.retention.file.num = 5 (custom)
2023-02-14 08:18:18,570 [pool-319-thread-1] INFO  server.RaftServerConfigKeys (ConfUtils.java:logGet(46)) - raft.server.log.purge.upto.snapshot.index = false (default)
2023-02-14 08:18:18,571 [b5737586-1c7b-466e-b8cb-d0d8351e95e3@group-1B6006AEFDDC-FollowerState] INFO  server.RaftServerConfigKeys (ConfUtils.java:logFallback(53)) - raft.server.rpc.first-election.timeout.min = 5s (fallback to raft.server.rpc.timeout.min)
2023-02-14 08:18:18,571 [b5737586-1c7b-466e-b8cb-d0d8351e95e3@group-1B6006AEFDDC-FollowerState] INFO  server.RaftServerConfigKeys (ConfUtils.java:logFallback(53)) - raft.server.rpc.first-election.timeout.max = 5200ms (fallback to raft.server.rpc.timeout.max)
2023-02-14 08:18:18,578 [Command processor thread] INFO  commandhandler.CreatePipelineCommandHandler (CreatePipelineCommandHandler.java:handle(113)) - Created Pipeline RATIS THREE PipelineID=94426ebe-b92e-468c-8a93-1b6006aefddc.
2023-02-14 08:18:18,687 [Command processor thread] INFO  server.RaftServer (RaftServerProxy.java:addNew(96)) - 31091561-319b-44fe-8343-13da60b8022d: addNew group-A70B198E060A:[31091561-319b-44fe-8343-13da60b8022d|rpc:10.1.0.19:41071|dataStream:10.1.0.19:37967|priority:1|startupRole:FOLLOWER] returns group-A70B198E060A:java.util.concurrent.CompletableFuture@30d5f8b7[Not completed]
2023-02-14 08:18:18,688 [pool-297-thread-1] INFO  server.RaftServer$Division (RaftServerImpl.java:<init>(195)) - 31091561-319b-44fe-8343-13da60b8022d: new RaftServerImpl for group-A70B198E060A:[31091561-319b-44fe-8343-13da60b8022d|rpc:10.1.0.19:41071|dataStream:10.1.0.19:37967|priority:1|startupRole:FOLLOWER] with ContainerStateMachine:uninitialized
2023-02-14 08:18:18,688 [pool-297-thread-1] INFO  server.RaftServerConfigKeys (ConfUtils.java:logGet(46)) - raft.server.rpc.timeout.min = 5s (custom)
2023-02-14 08:18:18,688 [pool-297-thread-1] INFO  server.RaftServerConfigKeys (ConfUtils.java:logGet(46)) - raft.server.rpc.timeout.max = 5200ms (custom)
2023-02-14 08:18:18,688 [pool-297-thread-1] INFO  server.RaftServerConfigKeys (ConfUtils.java:logGet(46)) - raft.server.rpc.sleep.time = 25ms (default)
2023-02-14 08:18:18,688 [pool-297-thread-1] INFO  server.RaftServerConfigKeys (ConfUtils.java:logGet(46)) - raft.server.rpc.slowness.timeout = 300s (custom)
2023-02-14 08:18:18,688 [pool-297-thread-1] INFO  server.RaftServerConfigKeys (ConfUtils.java:logGet(46)) - raft.server.leaderelection.leader.step-down.wait-time = 10s (default)
2023-02-14 08:18:18,689 [pool-297-thread-1] INFO  server.RaftServerConfigKeys (ConfUtils.java:logGet(46)) - raft.server.sleep.deviation.threshold = 300ms (default)
2023-02-14 08:18:18,689 [pool-297-thread-1] INFO  server.RaftServer$Division (ServerState.java:<init>(118)) - 31091561-319b-44fe-8343-13da60b8022d@group-A70B198E060A: ConfigurationManager, init=-1: peers:[31091561-319b-44fe-8343-13da60b8022d|rpc:10.1.0.19:41071|dataStream:10.1.0.19:37967|priority:1|startupRole:FOLLOWER]|listeners:[], old=null, confs=<EMPTY_MAP>
2023-02-14 08:18:18,689 [pool-297-thread-1] INFO  server.RaftServerConfigKeys (ConfUtils.java:logGet(46)) - raft.server.storage.dir = [/home/runner/work/ozone/ozone/hadoop-ozone/integration-test/target/test-dir/MiniOzoneClusterImpl-48139d39-b3ff-469d-bfde-a70ccbd6566f/datanode-1/data/ratis] (custom)
2023-02-14 08:18:18,689 [pool-297-thread-1] INFO  server.RaftServerConfigKeys (ConfUtils.java:logGet(46)) - raft.server.log.corruption.policy = EXCEPTION (default)
2023-02-14 08:18:18,689 [pool-297-thread-1] INFO  server.RaftServerConfigKeys (ConfUtils.java:logGet(46)) - raft.server.storage.free-space.min = 0MB (=0) (default)
2023-02-14 08:18:18,689 [pool-297-thread-1] INFO  server.RaftServerConfigKeys (ConfUtils.java:logGet(46)) - raft.server.notification.no-leader.timeout = 300s (custom)
2023-02-14 08:18:18,689 [pool-297-thread-1] INFO  server.RaftServerConfigKeys (ConfUtils.java:logGet(46)) - raft.server.retrycache.expirytime = 600000ms (custom)
2023-02-14 08:18:18,689 [pool-297-thread-1] INFO  server.RaftServerConfigKeys (ConfUtils.java:logGet(46)) - raft.server.retrycache.statistics.expirytime = 100μs (default)
2023-02-14 08:18:18,690 [pool-297-thread-1] INFO  server.RaftServerConfigKeys (ConfUtils.java:logGet(46)) - raft.server.log.appender.install.snapshot.enabled = false (custom)
2023-02-14 08:18:18,690 [pool-297-thread-1] INFO  server.RaftServerConfigKeys (ConfUtils.java:logGet(46)) - raft.server.threadpool.server.cached = true (default)
2023-02-14 08:18:18,690 [pool-297-thread-1] INFO  server.RaftServerConfigKeys (ConfUtils.java:logGet(46)) - raft.server.threadpool.server.size = 0 (default)
2023-02-14 08:18:18,690 [pool-297-thread-1] INFO  server.RaftServerConfigKeys (ConfUtils.java:logGet(46)) - raft.server.threadpool.client.cached = true (default)
2023-02-14 08:18:18,690 [pool-297-thread-1] INFO  server.RaftServerConfigKeys (ConfUtils.java:logGet(46)) - raft.server.threadpool.client.size = 0 (default)
2023-02-14 08:18:18,690 [pool-297-thread-1] INFO  storage.RaftStorageDirectory (RaftStorageDirectoryImpl.java:analyzeStorage(137)) - The storage directory /home/runner/work/ozone/ozone/hadoop-ozone/integration-test/target/test-dir/MiniOzoneClusterImpl-48139d39-b3ff-469d-bfde-a70ccbd6566f/datanode-1/data/ratis/005db543-ffeb-4045-8250-a70b198e060a does not exist. Creating ...
2023-02-14 08:18:18,691 [pool-297-thread-1] INFO  storage.RaftStorageDirectory (RaftStorageDirectoryImpl.java:tryLock(231)) - Lock on /home/runner/work/ozone/ozone/hadoop-ozone/integration-test/target/test-dir/MiniOzoneClusterImpl-48139d39-b3ff-469d-bfde-a70ccbd6566f/datanode-1/data/ratis/005db543-ffeb-4045-8250-a70b198e060a/in_use.lock acquired by nodename 11911@fv-az476-382
2023-02-14 08:18:18,691 [pool-297-thread-1] INFO  storage.RaftStorage (RaftStorageImpl.java:format(96)) - Storage directory /home/runner/work/ozone/ozone/hadoop-ozone/integration-test/target/test-dir/MiniOzoneClusterImpl-48139d39-b3ff-469d-bfde-a70ccbd6566f/datanode-1/data/ratis/005db543-ffeb-4045-8250-a70b198e060a has been successfully formatted.
2023-02-14 08:18:18,692 [pool-297-thread-1] INFO  ratis.ContainerStateMachine (ContainerStateMachine.java:loadSnapshot(240)) - group-A70B198E060A: The snapshot info is null. Setting the last applied indexto:(t:0, i:~)
2023-02-14 08:18:18,692 [pool-297-thread-1] INFO  server.RaftServerConfigKeys (ConfUtils.java:logGet(46)) - raft.server.log.use.memory = false (default)
2023-02-14 08:18:18,692 [pool-297-thread-1] INFO  server.RaftServerConfigKeys (ConfUtils.java:logGet(46)) - raft.server.log.purge.gap = 1000000 (custom)
2023-02-14 08:18:18,692 [pool-297-thread-1] INFO  server.RaftServerConfigKeys (ConfUtils.java:logGet(46)) - raft.server.log.appender.buffer.byte-limit = 33554432 (custom)
2023-02-14 08:18:18,692 [pool-297-thread-1] INFO  server.RaftServerConfigKeys (ConfUtils.java:logGet(46)) - raft.server.log.statemachine.data.read.timeout = 1000ms (default)
2023-02-14 08:18:18,692 [pool-297-thread-1] INFO  server.RaftServerConfigKeys (ConfUtils.java:logGet(46)) - raft.server.log.purge.preservation.log.num = 0 (default)
2023-02-14 08:18:18,693 [pool-297-thread-1] INFO  server.RaftServerConfigKeys (ConfUtils.java:logGet(46)) - raft.server.log.segment.size.max = 1048576 (custom)
2023-02-14 08:18:18,693 [EventQueue-PipelineReportForPipelineReportHandler] INFO  pipeline.PipelineManagerImpl (PipelineManagerImpl.java:openPipeline(367)) - Pipeline Pipeline[ Id: 005db543-ffeb-4045-8250-a70b198e060a, Nodes: 31091561-319b-44fe-8343-13da60b8022d(fv-az476-382.2mevl5kwmm3ezivwarakluutxb.phxx.internal.cloudapp.net/10.1.0.19), ReplicationConfig: RATIS/ONE, State:ALLOCATED, leaderId:31091561-319b-44fe-8343-13da60b8022d, CreationTimestamp2023-02-14T08:18:15.691Z[Etc/UTC]] moved to OPEN state
2023-02-14 08:18:18,693 [pool-297-thread-1] INFO  server.RaftServerConfigKeys (ConfUtils.java:logGet(46)) - raft.server.log.segment.cache.num.max = 2 (custom)
2023-02-14 08:18:18,693 [pool-297-thread-1] INFO  server.RaftServerConfigKeys (ConfUtils.java:logGet(46)) - raft.server.log.segment.cache.size.max = 200MB (=209715200) (default)
2023-02-14 08:18:18,693 [pool-297-thread-1] INFO  segmented.SegmentedRaftLogWorker (SegmentedRaftLogWorker.java:<init>(189)) - new 31091561-319b-44fe-8343-13da60b8022d@group-A70B198E060A-SegmentedRaftLogWorker for RaftStorageImpl:Storage Directory /home/runner/work/ozone/ozone/hadoop-ozone/integration-test/target/test-dir/MiniOzoneClusterImpl-48139d39-b3ff-469d-bfde-a70ccbd6566f/datanode-1/data/ratis/005db543-ffeb-4045-8250-a70b198e060a
2023-02-14 08:18:18,693 [pool-297-thread-1] INFO  server.RaftServerConfigKeys (ConfUtils.java:logGet(46)) - raft.server.log.queue.byte-limit = 4294967296 (custom)
2023-02-14 08:18:18,693 [pool-297-thread-1] INFO  server.RaftServerConfigKeys (ConfUtils.java:logGet(46)) - raft.server.log.queue.element-limit = 1024 (custom)
2023-02-14 08:18:18,693 [pool-297-thread-1] INFO  server.RaftServerConfigKeys (ConfUtils.java:logGet(46)) - raft.server.log.segment.size.max = 1048576 (custom)
2023-02-14 08:18:18,693 [pool-297-thread-1] INFO  server.RaftServerConfigKeys (ConfUtils.java:logGet(46)) - raft.server.log.preallocated.size = 16384 (custom)
2023-02-14 08:18:18,693 [pool-297-thread-1] INFO  server.RaftServerConfigKeys (ConfUtils.java:logGet(46)) - raft.server.log.force.sync.num = 128 (default)
2023-02-14 08:18:18,693 [EventQueue-OpenPipelineForHealthyPipelineSafeModeRule] INFO  safemode.SCMSafeModeManager (HealthyPipelineSafeModeRule.java:process(137)) - SCM in safe mode. Healthy pipelines reported count is 0, required healthy pipeline reported count is 1
2023-02-14 08:18:18,693 [pool-297-thread-1] INFO  server.RaftServerConfigKeys (ConfUtils.java:logGet(46)) - raft.server.log.statemachine.data.sync = true (default)
2023-02-14 08:18:18,693 [pool-297-thread-1] INFO  server.RaftServerConfigKeys (ConfUtils.java:logGet(46)) - raft.server.log.statemachine.data.sync.timeout = 10s (default)
2023-02-14 08:18:18,693 [pool-297-thread-1] INFO  server.RaftServerConfigKeys (ConfUtils.java:logGet(46)) - raft.server.log.statemachine.data.sync.timeout.retry = -1 (default)
2023-02-14 08:18:18,694 [pool-297-thread-1] INFO  server.RaftServerConfigKeys (ConfUtils.java:logGet(46)) - raft.server.log.write.buffer.size = 1048576 (custom)
2023-02-14 08:18:18,694 [pool-297-thread-1] INFO  server.RaftServerConfigKeys (ConfUtils.java:logGet(46)) - raft.server.log.appender.buffer.byte-limit = 33554432 (custom)
2023-02-14 08:18:18,697 [pool-297-thread-1] INFO  server.RaftServerConfigKeys (ConfUtils.java:logGet(46)) - raft.server.log.unsafe-flush.enabled = false (default)
2023-02-14 08:18:18,697 [pool-297-thread-1] INFO  server.RaftServerConfigKeys (ConfUtils.java:logGet(46)) - raft.server.log.async-flush.enabled = false (default)
2023-02-14 08:18:18,697 [pool-297-thread-1] INFO  server.RaftServerConfigKeys (ConfUtils.java:logGet(46)) - raft.server.log.statemachine.data.caching.enabled = true (custom)
2023-02-14 08:18:18,697 [pool-297-thread-1] INFO  segmented.SegmentedRaftLogWorker (SegmentedRaftLogWorker.java:lambda$new$0(135)) - 31091561-319b-44fe-8343-13da60b8022d@group-A70B198E060A-SegmentedRaftLogWorker: flushIndex: setUnconditionally 0 -> -1
2023-02-14 08:18:18,697 [pool-297-thread-1] INFO  segmented.SegmentedRaftLogWorker (SegmentedRaftLogWorker.java:lambda$new$0(135)) - 31091561-319b-44fe-8343-13da60b8022d@group-A70B198E060A-SegmentedRaftLogWorker: safeCacheEvictIndex: setUnconditionally 0 -> -1
2023-02-14 08:18:18,698 [pool-297-thread-1] INFO  server.RaftServer$Division (RaftServerImpl.java:start(334)) - 31091561-319b-44fe-8343-13da60b8022d@group-A70B198E060A: start as a follower, conf=-1: peers:[31091561-319b-44fe-8343-13da60b8022d|rpc:10.1.0.19:41071|dataStream:10.1.0.19:37967|priority:1|startupRole:FOLLOWER]|listeners:[], old=null
2023-02-14 08:18:18,698 [pool-297-thread-1] INFO  server.RaftServer$Division (RaftServerImpl.java:setRole(321)) - 31091561-319b-44fe-8343-13da60b8022d@group-A70B198E060A: changes role from      null to FOLLOWER at term 0 for startAsFollower
2023-02-14 08:18:18,698 [pool-297-thread-1] INFO  impl.RoleInfo (RoleInfo.java:updateAndGet(139)) - 31091561-319b-44fe-8343-13da60b8022d: start 31091561-319b-44fe-8343-13da60b8022d@group-A70B198E060A-FollowerState
2023-02-14 08:18:18,700 [pool-297-thread-1] INFO  util.JmxRegister (JmxRegister.java:tryRegister(44)) - Successfully registered JMX Bean with object name Ratis:service=RaftServer,group=group-A70B198E060A,id=31091561-319b-44fe-8343-13da60b8022d
2023-02-14 08:18:18,700 [pool-297-thread-1] INFO  server.RaftServerConfigKeys (ConfUtils.java:logGet(46)) - raft.server.snapshot.auto.trigger.enabled = true (custom)
2023-02-14 08:18:18,700 [pool-297-thread-1] INFO  server.RaftServerConfigKeys (ConfUtils.java:logGet(46)) - raft.server.snapshot.auto.trigger.threshold = 10000 (custom)
2023-02-14 08:18:18,700 [pool-297-thread-1] INFO  server.RaftServerConfigKeys (ConfUtils.java:logGet(46)) - raft.server.snapshot.retention.file.num = 5 (custom)
2023-02-14 08:18:18,700 [pool-297-thread-1] INFO  server.RaftServerConfigKeys (ConfUtils.java:logGet(46)) - raft.server.log.purge.upto.snapshot.index = false (default)
2023-02-14 08:18:18,700 [Command processor thread] INFO  ratis.XceiverServerRatis (XceiverServerRatis.java:addGroup(807)) - Created group PipelineID=005db543-ffeb-4045-8250-a70b198e060a
2023-02-14 08:18:18,700 [Command processor thread] INFO  commandhandler.CreatePipelineCommandHandler (CreatePipelineCommandHandler.java:handle(113)) - Created Pipeline RATIS ONE PipelineID=005db543-ffeb-4045-8250-a70b198e060a.
2023-02-14 08:18:18,701 [31091561-319b-44fe-8343-13da60b8022d@group-A70B198E060A-FollowerState] INFO  server.RaftServerConfigKeys (ConfUtils.java:logFallback(53)) - raft.server.rpc.first-election.timeout.min = 5s (fallback to raft.server.rpc.timeout.min)
2023-02-14 08:18:18,701 [31091561-319b-44fe-8343-13da60b8022d@group-A70B198E060A-FollowerState] INFO  server.RaftServerConfigKeys (ConfUtils.java:logFallback(53)) - raft.server.rpc.first-election.timeout.max = 5200ms (fallback to raft.server.rpc.timeout.max)
2023-02-14 08:18:18,741 [Listener at 127.0.0.1/34455] INFO  ozone.MiniOzoneClusterImpl (MiniOzoneClusterImpl.java:lambda$waitForClusterToBeReady$0(218)) - Nodes are ready. Got 5 of 5 DN Heartbeats.
2023-02-14 08:18:18,741 [Listener at 127.0.0.1/34455] INFO  ozone.MiniOzoneClusterImpl (MiniOzoneClusterImpl.java:lambda$waitForClusterToBeReady$0(221)) - Waiting for cluster to exit safe mode
2023-02-14 08:18:18,741 [Listener at 127.0.0.1/34455] INFO  ozone.MiniOzoneClusterImpl (MiniOzoneClusterImpl.java:lambda$waitForClusterToBeReady$0(223)) - SCM became leader
2023-02-14 08:18:19,004 [Command processor thread] INFO  server.RaftServer (RaftServerProxy.java:addNew(96)) - b5737586-1c7b-466e-b8cb-d0d8351e95e3: addNew group-A525657B0CD2:[b5737586-1c7b-466e-b8cb-d0d8351e95e3|rpc:10.1.0.19:36425|dataStream:10.1.0.19:38459|priority:1|startupRole:FOLLOWER] returns group-A525657B0CD2:java.util.concurrent.CompletableFuture@40258469[Not completed]
2023-02-14 08:18:19,004 [pool-319-thread-1] INFO  server.RaftServer$Division (RaftServerImpl.java:<init>(195)) - b5737586-1c7b-466e-b8cb-d0d8351e95e3: new RaftServerImpl for group-A525657B0CD2:[b5737586-1c7b-466e-b8cb-d0d8351e95e3|rpc:10.1.0.19:36425|dataStream:10.1.0.19:38459|priority:1|startupRole:FOLLOWER] with ContainerStateMachine:uninitialized
2023-02-14 08:18:19,004 [pool-319-thread-1] INFO  server.RaftServerConfigKeys (ConfUtils.java:logGet(46)) - raft.server.rpc.timeout.min = 5s (custom)
2023-02-14 08:18:19,005 [pool-319-thread-1] INFO  server.RaftServerConfigKeys (ConfUtils.java:logGet(46)) - raft.server.rpc.timeout.max = 5200ms (custom)
2023-02-14 08:18:19,005 [pool-319-thread-1] INFO  server.RaftServerConfigKeys (ConfUtils.java:logGet(46)) - raft.server.rpc.sleep.time = 25ms (default)
2023-02-14 08:18:19,005 [pool-319-thread-1] INFO  server.RaftServerConfigKeys (ConfUtils.java:logGet(46)) - raft.server.rpc.slowness.timeout = 300s (custom)
2023-02-14 08:18:19,005 [pool-319-thread-1] INFO  server.RaftServerConfigKeys (ConfUtils.java:logGet(46)) - raft.server.leaderelection.leader.step-down.wait-time = 10s (default)
2023-02-14 08:18:19,005 [pool-319-thread-1] INFO  server.RaftServerConfigKeys (ConfUtils.java:logGet(46)) - raft.server.sleep.deviation.threshold = 300ms (default)
2023-02-14 08:18:19,005 [pool-319-thread-1] INFO  server.RaftServer$Division (ServerState.java:<init>(118)) - b5737586-1c7b-466e-b8cb-d0d8351e95e3@group-A525657B0CD2: ConfigurationManager, init=-1: peers:[b5737586-1c7b-466e-b8cb-d0d8351e95e3|rpc:10.1.0.19:36425|dataStream:10.1.0.19:38459|priority:1|startupRole:FOLLOWER]|listeners:[], old=null, confs=<EMPTY_MAP>
2023-02-14 08:18:19,005 [pool-319-thread-1] INFO  server.RaftServerConfigKeys (ConfUtils.java:logGet(46)) - raft.server.storage.dir = [/home/runner/work/ozone/ozone/hadoop-ozone/integration-test/target/test-dir/MiniOzoneClusterImpl-48139d39-b3ff-469d-bfde-a70ccbd6566f/datanode-2/data/ratis] (custom)
2023-02-14 08:18:19,005 [pool-319-thread-1] INFO  server.RaftServerConfigKeys (ConfUtils.java:logGet(46)) - raft.server.log.corruption.policy = EXCEPTION (default)
2023-02-14 08:18:19,005 [pool-319-thread-1] INFO  server.RaftServerConfigKeys (ConfUtils.java:logGet(46)) - raft.server.storage.free-space.min = 0MB (=0) (default)
2023-02-14 08:18:19,005 [pool-319-thread-1] INFO  server.RaftServerConfigKeys (ConfUtils.java:logGet(46)) - raft.server.notification.no-leader.timeout = 300s (custom)
2023-02-14 08:18:19,005 [pool-319-thread-1] INFO  server.RaftServerConfigKeys (ConfUtils.java:logGet(46)) - raft.server.retrycache.expirytime = 600000ms (custom)
2023-02-14 08:18:19,005 [pool-319-thread-1] INFO  server.RaftServerConfigKeys (ConfUtils.java:logGet(46)) - raft.server.retrycache.statistics.expirytime = 100μs (default)
2023-02-14 08:18:19,006 [pool-319-thread-1] INFO  server.RaftServerConfigKeys (ConfUtils.java:logGet(46)) - raft.server.log.appender.install.snapshot.enabled = false (custom)
2023-02-14 08:18:19,006 [pool-319-thread-1] INFO  server.RaftServerConfigKeys (ConfUtils.java:logGet(46)) - raft.server.threadpool.server.cached = true (default)
2023-02-14 08:18:19,006 [pool-319-thread-1] INFO  server.RaftServerConfigKeys (ConfUtils.java:logGet(46)) - raft.server.threadpool.server.size = 0 (default)
2023-02-14 08:18:19,006 [pool-319-thread-1] INFO  server.RaftServerConfigKeys (ConfUtils.java:logGet(46)) - raft.server.threadpool.client.cached = true (default)
2023-02-14 08:18:19,006 [pool-319-thread-1] INFO  server.RaftServerConfigKeys (ConfUtils.java:logGet(46)) - raft.server.threadpool.client.size = 0 (default)
2023-02-14 08:18:19,006 [pool-319-thread-1] INFO  storage.RaftStorageDirectory (RaftStorageDirectoryImpl.java:analyzeStorage(137)) - The storage directory /home/runner/work/ozone/ozone/hadoop-ozone/integration-test/target/test-dir/MiniOzoneClusterImpl-48139d39-b3ff-469d-bfde-a70ccbd6566f/datanode-2/data/ratis/4488eb3c-5024-4567-8782-a525657b0cd2 does not exist. Creating ...
2023-02-14 08:18:19,007 [pool-319-thread-1] INFO  storage.RaftStorageDirectory (RaftStorageDirectoryImpl.java:tryLock(231)) - Lock on /home/runner/work/ozone/ozone/hadoop-ozone/integration-test/target/test-dir/MiniOzoneClusterImpl-48139d39-b3ff-469d-bfde-a70ccbd6566f/datanode-2/data/ratis/4488eb3c-5024-4567-8782-a525657b0cd2/in_use.lock acquired by nodename 11911@fv-az476-382
2023-02-14 08:18:19,008 [pool-319-thread-1] INFO  storage.RaftStorage (RaftStorageImpl.java:format(96)) - Storage directory /home/runner/work/ozone/ozone/hadoop-ozone/integration-test/target/test-dir/MiniOzoneClusterImpl-48139d39-b3ff-469d-bfde-a70ccbd6566f/datanode-2/data/ratis/4488eb3c-5024-4567-8782-a525657b0cd2 has been successfully formatted.
2023-02-14 08:18:19,009 [pool-319-thread-1] INFO  ratis.ContainerStateMachine (ContainerStateMachine.java:loadSnapshot(240)) - group-A525657B0CD2: The snapshot info is null. Setting the last applied indexto:(t:0, i:~)
2023-02-14 08:18:19,009 [pool-319-thread-1] INFO  server.RaftServerConfigKeys (ConfUtils.java:logGet(46)) - raft.server.log.use.memory = false (default)
2023-02-14 08:18:19,009 [pool-319-thread-1] INFO  server.RaftServerConfigKeys (ConfUtils.java:logGet(46)) - raft.server.log.purge.gap = 1000000 (custom)
2023-02-14 08:18:19,009 [pool-319-thread-1] INFO  server.RaftServerConfigKeys (ConfUtils.java:logGet(46)) - raft.server.log.appender.buffer.byte-limit = 33554432 (custom)
2023-02-14 08:18:19,009 [pool-319-thread-1] INFO  server.RaftServerConfigKeys (ConfUtils.java:logGet(46)) - raft.server.log.statemachine.data.read.timeout = 1000ms (default)
2023-02-14 08:18:19,009 [pool-319-thread-1] INFO  server.RaftServerConfigKeys (ConfUtils.java:logGet(46)) - raft.server.log.purge.preservation.log.num = 0 (default)
2023-02-14 08:18:19,009 [EventQueue-PipelineReportForPipelineReportHandler] INFO  pipeline.PipelineManagerImpl (PipelineManagerImpl.java:openPipeline(367)) - Pipeline Pipeline[ Id: 4488eb3c-5024-4567-8782-a525657b0cd2, Nodes: b5737586-1c7b-466e-b8cb-d0d8351e95e3(fv-az476-382.2mevl5kwmm3ezivwarakluutxb.phxx.internal.cloudapp.net/10.1.0.19), ReplicationConfig: RATIS/ONE, State:ALLOCATED, leaderId:b5737586-1c7b-466e-b8cb-d0d8351e95e3, CreationTimestamp2023-02-14T08:18:16.005Z[Etc/UTC]] moved to OPEN state
2023-02-14 08:18:19,009 [pool-319-thread-1] INFO  server.RaftServerConfigKeys (ConfUtils.java:logGet(46)) - raft.server.log.segment.size.max = 1048576 (custom)
2023-02-14 08:18:19,009 [pool-319-thread-1] INFO  server.RaftServerConfigKeys (ConfUtils.java:logGet(46)) - raft.server.log.segment.cache.num.max = 2 (custom)
2023-02-14 08:18:19,009 [pool-319-thread-1] INFO  server.RaftServerConfigKeys (ConfUtils.java:logGet(46)) - raft.server.log.segment.cache.size.max = 200MB (=209715200) (default)
2023-02-14 08:18:19,010 [pool-319-thread-1] INFO  segmented.SegmentedRaftLogWorker (SegmentedRaftLogWorker.java:<init>(189)) - new b5737586-1c7b-466e-b8cb-d0d8351e95e3@group-A525657B0CD2-SegmentedRaftLogWorker for RaftStorageImpl:Storage Directory /home/runner/work/ozone/ozone/hadoop-ozone/integration-test/target/test-dir/MiniOzoneClusterImpl-48139d39-b3ff-469d-bfde-a70ccbd6566f/datanode-2/data/ratis/4488eb3c-5024-4567-8782-a525657b0cd2
2023-02-14 08:18:19,010 [pool-319-thread-1] INFO  server.RaftServerConfigKeys (ConfUtils.java:logGet(46)) - raft.server.log.queue.byte-limit = 4294967296 (custom)
2023-02-14 08:18:19,010 [pool-319-thread-1] INFO  server.RaftServerConfigKeys (ConfUtils.java:logGet(46)) - raft.server.log.queue.element-limit = 1024 (custom)
2023-02-14 08:18:19,010 [pool-319-thread-1] INFO  server.RaftServerConfigKeys (ConfUtils.java:logGet(46)) - raft.server.log.segment.size.max = 1048576 (custom)
2023-02-14 08:18:19,010 [pool-319-thread-1] INFO  server.RaftServerConfigKeys (ConfUtils.java:logGet(46)) - raft.server.log.preallocated.size = 16384 (custom)
2023-02-14 08:18:19,010 [pool-319-thread-1] INFO  server.RaftServerConfigKeys (ConfUtils.java:logGet(46)) - raft.server.log.force.sync.num = 128 (default)
2023-02-14 08:18:19,010 [pool-319-thread-1] INFO  server.RaftServerConfigKeys (ConfUtils.java:logGet(46)) - raft.server.log.statemachine.data.sync = true (default)
2023-02-14 08:18:19,010 [pool-319-thread-1] INFO  server.RaftServerConfigKeys (ConfUtils.java:logGet(46)) - raft.server.log.statemachine.data.sync.timeout = 10s (default)
2023-02-14 08:18:19,010 [EventQueue-OpenPipelineForHealthyPipelineSafeModeRule] INFO  safemode.SCMSafeModeManager (HealthyPipelineSafeModeRule.java:process(137)) - SCM in safe mode. Healthy pipelines reported count is 0, required healthy pipeline reported count is 1
2023-02-14 08:18:19,010 [pool-319-thread-1] INFO  server.RaftServerConfigKeys (ConfUtils.java:logGet(46)) - raft.server.log.statemachine.data.sync.timeout.retry = -1 (default)
2023-02-14 08:18:19,010 [pool-319-thread-1] INFO  server.RaftServerConfigKeys (ConfUtils.java:logGet(46)) - raft.server.log.write.buffer.size = 1048576 (custom)
2023-02-14 08:18:19,010 [pool-319-thread-1] INFO  server.RaftServerConfigKeys (ConfUtils.java:logGet(46)) - raft.server.log.appender.buffer.byte-limit = 33554432 (custom)
2023-02-14 08:18:19,013 [pool-319-thread-1] INFO  server.RaftServerConfigKeys (ConfUtils.java:logGet(46)) - raft.server.log.unsafe-flush.enabled = false (default)
2023-02-14 08:18:19,013 [pool-319-thread-1] INFO  server.RaftServerConfigKeys (ConfUtils.java:logGet(46)) - raft.server.log.async-flush.enabled = false (default)
2023-02-14 08:18:19,013 [pool-319-thread-1] INFO  server.RaftServerConfigKeys (ConfUtils.java:logGet(46)) - raft.server.log.statemachine.data.caching.enabled = true (custom)
2023-02-14 08:18:19,014 [pool-319-thread-1] INFO  segmented.SegmentedRaftLogWorker (SegmentedRaftLogWorker.java:lambda$new$0(135)) - b5737586-1c7b-466e-b8cb-d0d8351e95e3@group-A525657B0CD2-SegmentedRaftLogWorker: flushIndex: setUnconditionally 0 -> -1
2023-02-14 08:18:19,014 [pool-319-thread-1] INFO  segmented.SegmentedRaftLogWorker (SegmentedRaftLogWorker.java:lambda$new$0(135)) - b5737586-1c7b-466e-b8cb-d0d8351e95e3@group-A525657B0CD2-SegmentedRaftLogWorker: safeCacheEvictIndex: setUnconditionally 0 -> -1
2023-02-14 08:18:19,014 [pool-319-thread-1] INFO  server.RaftServer$Division (RaftServerImpl.java:start(334)) - b5737586-1c7b-466e-b8cb-d0d8351e95e3@group-A525657B0CD2: start as a follower, conf=-1: peers:[b5737586-1c7b-466e-b8cb-d0d8351e95e3|rpc:10.1.0.19:36425|dataStream:10.1.0.19:38459|priority:1|startupRole:FOLLOWER]|listeners:[], old=null
2023-02-14 08:18:19,014 [pool-319-thread-1] INFO  server.RaftServer$Division (RaftServerImpl.java:setRole(321)) - b5737586-1c7b-466e-b8cb-d0d8351e95e3@group-A525657B0CD2: changes role from      null to FOLLOWER at term 0 for startAsFollower
2023-02-14 08:18:19,014 [pool-319-thread-1] INFO  impl.RoleInfo (RoleInfo.java:updateAndGet(139)) - b5737586-1c7b-466e-b8cb-d0d8351e95e3: start b5737586-1c7b-466e-b8cb-d0d8351e95e3@group-A525657B0CD2-FollowerState
2023-02-14 08:18:19,014 [pool-319-thread-1] INFO  util.JmxRegister (JmxRegister.java:tryRegister(44)) - Successfully registered JMX Bean with object name Ratis:service=RaftServer,group=group-A525657B0CD2,id=b5737586-1c7b-466e-b8cb-d0d8351e95e3
2023-02-14 08:18:19,014 [pool-319-thread-1] INFO  server.RaftServerConfigKeys (ConfUtils.java:logGet(46)) - raft.server.snapshot.auto.trigger.enabled = true (custom)
2023-02-14 08:18:19,014 [pool-319-thread-1] INFO  server.RaftServerConfigKeys (ConfUtils.java:logGet(46)) - raft.server.snapshot.auto.trigger.threshold = 10000 (custom)
2023-02-14 08:18:19,014 [pool-319-thread-1] INFO  server.RaftServerConfigKeys (ConfUtils.java:logGet(46)) - raft.server.snapshot.retention.file.num = 5 (custom)
2023-02-14 08:18:19,014 [pool-319-thread-1] INFO  server.RaftServerConfigKeys (ConfUtils.java:logGet(46)) - raft.server.log.purge.upto.snapshot.index = false (default)
2023-02-14 08:18:19,015 [b5737586-1c7b-466e-b8cb-d0d8351e95e3@group-A525657B0CD2-FollowerState] INFO  server.RaftServerConfigKeys (ConfUtils.java:logFallback(53)) - raft.server.rpc.first-election.timeout.min = 5s (fallback to raft.server.rpc.timeout.min)
2023-02-14 08:18:19,015 [b5737586-1c7b-466e-b8cb-d0d8351e95e3@group-A525657B0CD2-FollowerState] INFO  server.RaftServerConfigKeys (ConfUtils.java:logFallback(53)) - raft.server.rpc.first-election.timeout.max = 5200ms (fallback to raft.server.rpc.timeout.max)
2023-02-14 08:18:19,015 [Command processor thread] INFO  ratis.XceiverServerRatis (XceiverServerRatis.java:addGroup(807)) - Created group PipelineID=4488eb3c-5024-4567-8782-a525657b0cd2
2023-02-14 08:18:19,015 [Command processor thread] INFO  commandhandler.CreatePipelineCommandHandler (CreatePipelineCommandHandler.java:handle(113)) - Created Pipeline RATIS ONE PipelineID=4488eb3c-5024-4567-8782-a525657b0cd2.
2023-02-14 08:18:19,337 [Command processor thread] INFO  server.RaftServer (RaftServerProxy.java:addNew(96)) - 568f4c16-ddfc-4e51-b0fc-7b0d857ab5f2: addNew group-8A79EED9C278:[568f4c16-ddfc-4e51-b0fc-7b0d857ab5f2|rpc:10.1.0.19:36475|dataStream:10.1.0.19:43767|priority:1|startupRole:FOLLOWER] returns group-8A79EED9C278:java.util.concurrent.CompletableFuture@b2c21de[Not completed]
2023-02-14 08:18:19,339 [pool-341-thread-1] INFO  server.RaftServer$Division (RaftServerImpl.java:<init>(195)) - 568f4c16-ddfc-4e51-b0fc-7b0d857ab5f2: new RaftServerImpl for group-8A79EED9C278:[568f4c16-ddfc-4e51-b0fc-7b0d857ab5f2|rpc:10.1.0.19:36475|dataStream:10.1.0.19:43767|priority:1|startupRole:FOLLOWER] with ContainerStateMachine:uninitialized
2023-02-14 08:18:19,339 [pool-341-thread-1] INFO  server.RaftServerConfigKeys (ConfUtils.java:logGet(46)) - raft.server.rpc.timeout.min = 5s (custom)
2023-02-14 08:18:19,339 [pool-341-thread-1] INFO  server.RaftServerConfigKeys (ConfUtils.java:logGet(46)) - raft.server.rpc.timeout.max = 5200ms (custom)
2023-02-14 08:18:19,339 [pool-341-thread-1] INFO  server.RaftServerConfigKeys (ConfUtils.java:logGet(46)) - raft.server.rpc.sleep.time = 25ms (default)
2023-02-14 08:18:19,339 [pool-341-thread-1] INFO  server.RaftServerConfigKeys (ConfUtils.java:logGet(46)) - raft.server.rpc.slowness.timeout = 300s (custom)
2023-02-14 08:18:19,339 [pool-341-thread-1] INFO  server.RaftServerConfigKeys (ConfUtils.java:logGet(46)) - raft.server.leaderelection.leader.step-down.wait-time = 10s (default)
2023-02-14 08:18:19,339 [pool-341-thread-1] INFO  server.RaftServerConfigKeys (ConfUtils.java:logGet(46)) - raft.server.sleep.deviation.threshold = 300ms (default)
2023-02-14 08:18:19,339 [pool-341-thread-1] INFO  server.RaftServer$Division (ServerState.java:<init>(118)) - 568f4c16-ddfc-4e51-b0fc-7b0d857ab5f2@group-8A79EED9C278: ConfigurationManager, init=-1: peers:[568f4c16-ddfc-4e51-b0fc-7b0d857ab5f2|rpc:10.1.0.19:36475|dataStream:10.1.0.19:43767|priority:1|startupRole:FOLLOWER]|listeners:[], old=null, confs=<EMPTY_MAP>
2023-02-14 08:18:19,339 [pool-341-thread-1] INFO  server.RaftServerConfigKeys (ConfUtils.java:logGet(46)) - raft.server.storage.dir = [/home/runner/work/ozone/ozone/hadoop-ozone/integration-test/target/test-dir/MiniOzoneClusterImpl-48139d39-b3ff-469d-bfde-a70ccbd6566f/datanode-3/data/ratis] (custom)
2023-02-14 08:18:19,339 [pool-341-thread-1] INFO  server.RaftServerConfigKeys (ConfUtils.java:logGet(46)) - raft.server.log.corruption.policy = EXCEPTION (default)
2023-02-14 08:18:19,339 [pool-341-thread-1] INFO  server.RaftServerConfigKeys (ConfUtils.java:logGet(46)) - raft.server.storage.free-space.min = 0MB (=0) (default)
2023-02-14 08:18:19,339 [pool-341-thread-1] INFO  server.RaftServerConfigKeys (ConfUtils.java:logGet(46)) - raft.server.notification.no-leader.timeout = 300s (custom)
2023-02-14 08:18:19,339 [pool-341-thread-1] INFO  server.RaftServerConfigKeys (ConfUtils.java:logGet(46)) - raft.server.retrycache.expirytime = 600000ms (custom)
2023-02-14 08:18:19,340 [pool-341-thread-1] INFO  server.RaftServerConfigKeys (ConfUtils.java:logGet(46)) - raft.server.retrycache.statistics.expirytime = 100μs (default)
2023-02-14 08:18:19,340 [pool-341-thread-1] INFO  server.RaftServerConfigKeys (ConfUtils.java:logGet(46)) - raft.server.log.appender.install.snapshot.enabled = false (custom)
2023-02-14 08:18:19,340 [pool-341-thread-1] INFO  server.RaftServerConfigKeys (ConfUtils.java:logGet(46)) - raft.server.threadpool.server.cached = true (default)
2023-02-14 08:18:19,340 [pool-341-thread-1] INFO  server.RaftServerConfigKeys (ConfUtils.java:logGet(46)) - raft.server.threadpool.server.size = 0 (default)
2023-02-14 08:18:19,340 [pool-341-thread-1] INFO  server.RaftServerConfigKeys (ConfUtils.java:logGet(46)) - raft.server.threadpool.client.cached = true (default)
2023-02-14 08:18:19,340 [pool-341-thread-1] INFO  server.RaftServerConfigKeys (ConfUtils.java:logGet(46)) - raft.server.threadpool.client.size = 0 (default)
2023-02-14 08:18:19,340 [pool-341-thread-1] INFO  storage.RaftStorageDirectory (RaftStorageDirectoryImpl.java:analyzeStorage(137)) - The storage directory /home/runner/work/ozone/ozone/hadoop-ozone/integration-test/target/test-dir/MiniOzoneClusterImpl-48139d39-b3ff-469d-bfde-a70ccbd6566f/datanode-3/data/ratis/4291e819-97c1-4fa7-aad7-8a79eed9c278 does not exist. Creating ...
2023-02-14 08:18:19,341 [pool-341-thread-1] INFO  storage.RaftStorageDirectory (RaftStorageDirectoryImpl.java:tryLock(231)) - Lock on /home/runner/work/ozone/ozone/hadoop-ozone/integration-test/target/test-dir/MiniOzoneClusterImpl-48139d39-b3ff-469d-bfde-a70ccbd6566f/datanode-3/data/ratis/4291e819-97c1-4fa7-aad7-8a79eed9c278/in_use.lock acquired by nodename 11911@fv-az476-382
2023-02-14 08:18:19,342 [pool-341-thread-1] INFO  storage.RaftStorage (RaftStorageImpl.java:format(96)) - Storage directory /home/runner/work/ozone/ozone/hadoop-ozone/integration-test/target/test-dir/MiniOzoneClusterImpl-48139d39-b3ff-469d-bfde-a70ccbd6566f/datanode-3/data/ratis/4291e819-97c1-4fa7-aad7-8a79eed9c278 has been successfully formatted.
2023-02-14 08:18:19,344 [pool-341-thread-1] INFO  ratis.ContainerStateMachine (ContainerStateMachine.java:loadSnapshot(240)) - group-8A79EED9C278: The snapshot info is null. Setting the last applied indexto:(t:0, i:~)
2023-02-14 08:18:19,344 [pool-341-thread-1] INFO  server.RaftServerConfigKeys (ConfUtils.java:logGet(46)) - raft.server.log.use.memory = false (default)
2023-02-14 08:18:19,344 [pool-341-thread-1] INFO  server.RaftServerConfigKeys (ConfUtils.java:logGet(46)) - raft.server.log.purge.gap = 1000000 (custom)
2023-02-14 08:18:19,344 [EventQueue-PipelineReportForPipelineReportHandler] INFO  pipeline.PipelineManagerImpl (PipelineManagerImpl.java:openPipeline(367)) - Pipeline Pipeline[ Id: 4291e819-97c1-4fa7-aad7-8a79eed9c278, Nodes: 568f4c16-ddfc-4e51-b0fc-7b0d857ab5f2(fv-az476-382.2mevl5kwmm3ezivwarakluutxb.phxx.internal.cloudapp.net/10.1.0.19), ReplicationConfig: RATIS/ONE, State:ALLOCATED, leaderId:568f4c16-ddfc-4e51-b0fc-7b0d857ab5f2, CreationTimestamp2023-02-14T08:18:16.337Z[Etc/UTC]] moved to OPEN state
2023-02-14 08:18:19,344 [pool-341-thread-1] INFO  server.RaftServerConfigKeys (ConfUtils.java:logGet(46)) - raft.server.log.appender.buffer.byte-limit = 33554432 (custom)
2023-02-14 08:18:19,345 [pool-341-thread-1] INFO  server.RaftServerConfigKeys (ConfUtils.java:logGet(46)) - raft.server.log.statemachine.data.read.timeout = 1000ms (default)
2023-02-14 08:18:19,345 [pool-341-thread-1] INFO  server.RaftServerConfigKeys (ConfUtils.java:logGet(46)) - raft.server.log.purge.preservation.log.num = 0 (default)
2023-02-14 08:18:19,345 [EventQueue-OpenPipelineForHealthyPipelineSafeModeRule] INFO  safemode.SCMSafeModeManager (HealthyPipelineSafeModeRule.java:process(137)) - SCM in safe mode. Healthy pipelines reported count is 0, required healthy pipeline reported count is 1
2023-02-14 08:18:19,345 [pool-341-thread-1] INFO  server.RaftServerConfigKeys (ConfUtils.java:logGet(46)) - raft.server.log.segment.size.max = 1048576 (custom)
2023-02-14 08:18:19,345 [pool-341-thread-1] INFO  server.RaftServerConfigKeys (ConfUtils.java:logGet(46)) - raft.server.log.segment.cache.num.max = 2 (custom)
2023-02-14 08:18:19,345 [pool-341-thread-1] INFO  server.RaftServerConfigKeys (ConfUtils.java:logGet(46)) - raft.server.log.segment.cache.size.max = 200MB (=209715200) (default)
2023-02-14 08:18:19,345 [pool-341-thread-1] INFO  segmented.SegmentedRaftLogWorker (SegmentedRaftLogWorker.java:<init>(189)) - new 568f4c16-ddfc-4e51-b0fc-7b0d857ab5f2@group-8A79EED9C278-SegmentedRaftLogWorker for RaftStorageImpl:Storage Directory /home/runner/work/ozone/ozone/hadoop-ozone/integration-test/target/test-dir/MiniOzoneClusterImpl-48139d39-b3ff-469d-bfde-a70ccbd6566f/datanode-3/data/ratis/4291e819-97c1-4fa7-aad7-8a79eed9c278
2023-02-14 08:18:19,345 [pool-341-thread-1] INFO  server.RaftServerConfigKeys (ConfUtils.java:logGet(46)) - raft.server.log.queue.byte-limit = 4294967296 (custom)
2023-02-14 08:18:19,345 [pool-341-thread-1] INFO  server.RaftServerConfigKeys (ConfUtils.java:logGet(46)) - raft.server.log.queue.element-limit = 1024 (custom)
2023-02-14 08:18:19,345 [pool-341-thread-1] INFO  server.RaftServerConfigKeys (ConfUtils.java:logGet(46)) - raft.server.log.segment.size.max = 1048576 (custom)
2023-02-14 08:18:19,345 [pool-341-thread-1] INFO  server.RaftServerConfigKeys (ConfUtils.java:logGet(46)) - raft.server.log.preallocated.size = 16384 (custom)
2023-02-14 08:18:19,345 [pool-341-thread-1] INFO  server.RaftServerConfigKeys (ConfUtils.java:logGet(46)) - raft.server.log.force.sync.num = 128 (default)
2023-02-14 08:18:19,345 [pool-341-thread-1] INFO  server.RaftServerConfigKeys (ConfUtils.java:logGet(46)) - raft.server.log.statemachine.data.sync = true (default)
2023-02-14 08:18:19,345 [pool-341-thread-1] INFO  server.RaftServerConfigKeys (ConfUtils.java:logGet(46)) - raft.server.log.statemachine.data.sync.timeout = 10s (default)
2023-02-14 08:18:19,345 [pool-341-thread-1] INFO  server.RaftServerConfigKeys (ConfUtils.java:logGet(46)) - raft.server.log.statemachine.data.sync.timeout.retry = -1 (default)
2023-02-14 08:18:19,346 [pool-341-thread-1] INFO  server.RaftServerConfigKeys (ConfUtils.java:logGet(46)) - raft.server.log.write.buffer.size = 1048576 (custom)
2023-02-14 08:18:19,346 [pool-341-thread-1] INFO  server.RaftServerConfigKeys (ConfUtils.java:logGet(46)) - raft.server.log.appender.buffer.byte-limit = 33554432 (custom)
2023-02-14 08:18:19,349 [pool-341-thread-1] INFO  server.RaftServerConfigKeys (ConfUtils.java:logGet(46)) - raft.server.log.unsafe-flush.enabled = false (default)
2023-02-14 08:18:19,349 [pool-341-thread-1] INFO  server.RaftServerConfigKeys (ConfUtils.java:logGet(46)) - raft.server.log.async-flush.enabled = false (default)
2023-02-14 08:18:19,349 [pool-341-thread-1] INFO  server.RaftServerConfigKeys (ConfUtils.java:logGet(46)) - raft.server.log.statemachine.data.caching.enabled = true (custom)
2023-02-14 08:18:19,349 [pool-341-thread-1] INFO  segmented.SegmentedRaftLogWorker (SegmentedRaftLogWorker.java:lambda$new$0(135)) - 568f4c16-ddfc-4e51-b0fc-7b0d857ab5f2@group-8A79EED9C278-SegmentedRaftLogWorker: flushIndex: setUnconditionally 0 -> -1
2023-02-14 08:18:19,349 [pool-341-thread-1] INFO  segmented.SegmentedRaftLogWorker (SegmentedRaftLogWorker.java:lambda$new$0(135)) - 568f4c16-ddfc-4e51-b0fc-7b0d857ab5f2@group-8A79EED9C278-SegmentedRaftLogWorker: safeCacheEvictIndex: setUnconditionally 0 -> -1
2023-02-14 08:18:19,349 [pool-341-thread-1] INFO  server.RaftServer$Division (RaftServerImpl.java:start(334)) - 568f4c16-ddfc-4e51-b0fc-7b0d857ab5f2@group-8A79EED9C278: start as a follower, conf=-1: peers:[568f4c16-ddfc-4e51-b0fc-7b0d857ab5f2|rpc:10.1.0.19:36475|dataStream:10.1.0.19:43767|priority:1|startupRole:FOLLOWER]|listeners:[], old=null
2023-02-14 08:18:19,350 [pool-341-thread-1] INFO  server.RaftServer$Division (RaftServerImpl.java:setRole(321)) - 568f4c16-ddfc-4e51-b0fc-7b0d857ab5f2@group-8A79EED9C278: changes role from      null to FOLLOWER at term 0 for startAsFollower
2023-02-14 08:18:19,350 [pool-341-thread-1] INFO  impl.RoleInfo (RoleInfo.java:updateAndGet(139)) - 568f4c16-ddfc-4e51-b0fc-7b0d857ab5f2: start 568f4c16-ddfc-4e51-b0fc-7b0d857ab5f2@group-8A79EED9C278-FollowerState
2023-02-14 08:18:19,350 [pool-341-thread-1] INFO  util.JmxRegister (JmxRegister.java:tryRegister(44)) - Successfully registered JMX Bean with object name Ratis:service=RaftServer,group=group-8A79EED9C278,id=568f4c16-ddfc-4e51-b0fc-7b0d857ab5f2
2023-02-14 08:18:19,350 [pool-341-thread-1] INFO  server.RaftServerConfigKeys (ConfUtils.java:logGet(46)) - raft.server.snapshot.auto.trigger.enabled = true (custom)
2023-02-14 08:18:19,350 [pool-341-thread-1] INFO  server.RaftServerConfigKeys (ConfUtils.java:logGet(46)) - raft.server.snapshot.auto.trigger.threshold = 10000 (custom)
2023-02-14 08:18:19,350 [pool-341-thread-1] INFO  server.RaftServerConfigKeys (ConfUtils.java:logGet(46)) - raft.server.snapshot.retention.file.num = 5 (custom)
2023-02-14 08:18:19,350 [pool-341-thread-1] INFO  server.RaftServerConfigKeys (ConfUtils.java:logGet(46)) - raft.server.log.purge.upto.snapshot.index = false (default)
2023-02-14 08:18:19,350 [568f4c16-ddfc-4e51-b0fc-7b0d857ab5f2@group-8A79EED9C278-FollowerState] INFO  server.RaftServerConfigKeys (ConfUtils.java:logFallback(53)) - raft.server.rpc.first-election.timeout.min = 5s (fallback to raft.server.rpc.timeout.min)
2023-02-14 08:18:19,351 [568f4c16-ddfc-4e51-b0fc-7b0d857ab5f2@group-8A79EED9C278-FollowerState] INFO  server.RaftServerConfigKeys (ConfUtils.java:logFallback(53)) - raft.server.rpc.first-election.timeout.max = 5200ms (fallback to raft.server.rpc.timeout.max)
2023-02-14 08:18:19,353 [Command processor thread] INFO  ratis.XceiverServerRatis (XceiverServerRatis.java:addGroup(807)) - Created group PipelineID=4291e819-97c1-4fa7-aad7-8a79eed9c278
2023-02-14 08:18:19,353 [Command processor thread] INFO  commandhandler.CreatePipelineCommandHandler (CreatePipelineCommandHandler.java:handle(113)) - Created Pipeline RATIS ONE PipelineID=4291e819-97c1-4fa7-aad7-8a79eed9c278.
2023-02-14 08:18:19,741 [Listener at 127.0.0.1/34455] INFO  ozone.MiniOzoneClusterImpl (MiniOzoneClusterImpl.java:lambda$waitForClusterToBeReady$0(218)) - Nodes are ready. Got 5 of 5 DN Heartbeats.
2023-02-14 08:18:19,742 [Listener at 127.0.0.1/34455] INFO  ozone.MiniOzoneClusterImpl (MiniOzoneClusterImpl.java:lambda$waitForClusterToBeReady$0(221)) - Waiting for cluster to exit safe mode
2023-02-14 08:18:19,742 [Listener at 127.0.0.1/34455] INFO  ozone.MiniOzoneClusterImpl (MiniOzoneClusterImpl.java:lambda$waitForClusterToBeReady$0(223)) - SCM became leader
2023-02-14 08:18:19,743 [Command processor thread] INFO  server.RaftServer (RaftServerProxy.java:addNew(96)) - 5c792a94-e343-4e55-bd70-b5b136c65d30: addNew group-A8E470ADAA18:[5c792a94-e343-4e55-bd70-b5b136c65d30|rpc:10.1.0.19:41833|dataStream:10.1.0.19:41409|priority:1|startupRole:FOLLOWER] returns group-A8E470ADAA18:java.util.concurrent.CompletableFuture@294cf125[Not completed]
2023-02-14 08:18:19,745 [pool-363-thread-1] INFO  server.RaftServer$Division (RaftServerImpl.java:<init>(195)) - 5c792a94-e343-4e55-bd70-b5b136c65d30: new RaftServerImpl for group-A8E470ADAA18:[5c792a94-e343-4e55-bd70-b5b136c65d30|rpc:10.1.0.19:41833|dataStream:10.1.0.19:41409|priority:1|startupRole:FOLLOWER] with ContainerStateMachine:uninitialized
2023-02-14 08:18:19,745 [pool-363-thread-1] INFO  server.RaftServerConfigKeys (ConfUtils.java:logGet(46)) - raft.server.rpc.timeout.min = 5s (custom)
2023-02-14 08:18:19,745 [pool-363-thread-1] INFO  server.RaftServerConfigKeys (ConfUtils.java:logGet(46)) - raft.server.rpc.timeout.max = 5200ms (custom)
2023-02-14 08:18:19,745 [pool-363-thread-1] INFO  server.RaftServerConfigKeys (ConfUtils.java:logGet(46)) - raft.server.rpc.sleep.time = 25ms (default)
2023-02-14 08:18:19,745 [pool-363-thread-1] INFO  server.RaftServerConfigKeys (ConfUtils.java:logGet(46)) - raft.server.rpc.slowness.timeout = 300s (custom)
2023-02-14 08:18:19,745 [pool-363-thread-1] INFO  server.RaftServerConfigKeys (ConfUtils.java:logGet(46)) - raft.server.leaderelection.leader.step-down.wait-time = 10s (default)
2023-02-14 08:18:19,745 [pool-363-thread-1] INFO  server.RaftServerConfigKeys (ConfUtils.java:logGet(46)) - raft.server.sleep.deviation.threshold = 300ms (default)
2023-02-14 08:18:19,745 [pool-363-thread-1] INFO  server.RaftServer$Division (ServerState.java:<init>(118)) - 5c792a94-e343-4e55-bd70-b5b136c65d30@group-A8E470ADAA18: ConfigurationManager, init=-1: peers:[5c792a94-e343-4e55-bd70-b5b136c65d30|rpc:10.1.0.19:41833|dataStream:10.1.0.19:41409|priority:1|startupRole:FOLLOWER]|listeners:[], old=null, confs=<EMPTY_MAP>
2023-02-14 08:18:19,745 [pool-363-thread-1] INFO  server.RaftServerConfigKeys (ConfUtils.java:logGet(46)) - raft.server.storage.dir = [/home/runner/work/ozone/ozone/hadoop-ozone/integration-test/target/test-dir/MiniOzoneClusterImpl-48139d39-b3ff-469d-bfde-a70ccbd6566f/datanode-4/data/ratis] (custom)
2023-02-14 08:18:19,745 [pool-363-thread-1] INFO  server.RaftServerConfigKeys (ConfUtils.java:logGet(46)) - raft.server.log.corruption.policy = EXCEPTION (default)
2023-02-14 08:18:19,745 [pool-363-thread-1] INFO  server.RaftServerConfigKeys (ConfUtils.java:logGet(46)) - raft.server.storage.free-space.min = 0MB (=0) (default)
2023-02-14 08:18:19,745 [pool-363-thread-1] INFO  server.RaftServerConfigKeys (ConfUtils.java:logGet(46)) - raft.server.notification.no-leader.timeout = 300s (custom)
2023-02-14 08:18:19,745 [pool-363-thread-1] INFO  server.RaftServerConfigKeys (ConfUtils.java:logGet(46)) - raft.server.retrycache.expirytime = 600000ms (custom)
2023-02-14 08:18:19,745 [pool-363-thread-1] INFO  server.RaftServerConfigKeys (ConfUtils.java:logGet(46)) - raft.server.retrycache.statistics.expirytime = 100μs (default)
2023-02-14 08:18:19,746 [pool-363-thread-1] INFO  server.RaftServerConfigKeys (ConfUtils.java:logGet(46)) - raft.server.log.appender.install.snapshot.enabled = false (custom)
2023-02-14 08:18:19,747 [pool-363-thread-1] INFO  server.RaftServerConfigKeys (ConfUtils.java:logGet(46)) - raft.server.threadpool.server.cached = true (default)
2023-02-14 08:18:19,747 [pool-363-thread-1] INFO  server.RaftServerConfigKeys (ConfUtils.java:logGet(46)) - raft.server.threadpool.server.size = 0 (default)
2023-02-14 08:18:19,747 [pool-363-thread-1] INFO  server.RaftServerConfigKeys (ConfUtils.java:logGet(46)) - raft.server.threadpool.client.cached = true (default)
2023-02-14 08:18:19,747 [pool-363-thread-1] INFO  server.RaftServerConfigKeys (ConfUtils.java:logGet(46)) - raft.server.threadpool.client.size = 0 (default)
2023-02-14 08:18:19,747 [pool-363-thread-1] INFO  storage.RaftStorageDirectory (RaftStorageDirectoryImpl.java:analyzeStorage(137)) - The storage directory /home/runner/work/ozone/ozone/hadoop-ozone/integration-test/target/test-dir/MiniOzoneClusterImpl-48139d39-b3ff-469d-bfde-a70ccbd6566f/datanode-4/data/ratis/326ddbfe-fdb4-4409-b0ec-a8e470adaa18 does not exist. Creating ...
2023-02-14 08:18:19,748 [pool-363-thread-1] INFO  storage.RaftStorageDirectory (RaftStorageDirectoryImpl.java:tryLock(231)) - Lock on /home/runner/work/ozone/ozone/hadoop-ozone/integration-test/target/test-dir/MiniOzoneClusterImpl-48139d39-b3ff-469d-bfde-a70ccbd6566f/datanode-4/data/ratis/326ddbfe-fdb4-4409-b0ec-a8e470adaa18/in_use.lock acquired by nodename 11911@fv-az476-382
2023-02-14 08:18:19,748 [pool-363-thread-1] INFO  storage.RaftStorage (RaftStorageImpl.java:format(96)) - Storage directory /home/runner/work/ozone/ozone/hadoop-ozone/integration-test/target/test-dir/MiniOzoneClusterImpl-48139d39-b3ff-469d-bfde-a70ccbd6566f/datanode-4/data/ratis/326ddbfe-fdb4-4409-b0ec-a8e470adaa18 has been successfully formatted.
2023-02-14 08:18:19,749 [pool-363-thread-1] INFO  ratis.ContainerStateMachine (ContainerStateMachine.java:loadSnapshot(240)) - group-A8E470ADAA18: The snapshot info is null. Setting the last applied indexto:(t:0, i:~)
2023-02-14 08:18:19,749 [pool-363-thread-1] INFO  server.RaftServerConfigKeys (ConfUtils.java:logGet(46)) - raft.server.log.use.memory = false (default)
2023-02-14 08:18:19,750 [pool-363-thread-1] INFO  server.RaftServerConfigKeys (ConfUtils.java:logGet(46)) - raft.server.log.purge.gap = 1000000 (custom)
2023-02-14 08:18:19,750 [pool-363-thread-1] INFO  server.RaftServerConfigKeys (ConfUtils.java:logGet(46)) - raft.server.log.appender.buffer.byte-limit = 33554432 (custom)
2023-02-14 08:18:19,750 [EventQueue-PipelineReportForPipelineReportHandler] INFO  pipeline.PipelineManagerImpl (PipelineManagerImpl.java:openPipeline(367)) - Pipeline Pipeline[ Id: 326ddbfe-fdb4-4409-b0ec-a8e470adaa18, Nodes: 5c792a94-e343-4e55-bd70-b5b136c65d30(fv-az476-382.2mevl5kwmm3ezivwarakluutxb.phxx.internal.cloudapp.net/10.1.0.19), ReplicationConfig: RATIS/ONE, State:ALLOCATED, leaderId:5c792a94-e343-4e55-bd70-b5b136c65d30, CreationTimestamp2023-02-14T08:18:16.745Z[Etc/UTC]] moved to OPEN state
2023-02-14 08:18:19,750 [EventQueue-OpenPipelineForHealthyPipelineSafeModeRule] INFO  safemode.SCMSafeModeManager (HealthyPipelineSafeModeRule.java:process(137)) - SCM in safe mode. Healthy pipelines reported count is 0, required healthy pipeline reported count is 1
2023-02-14 08:18:19,751 [pool-363-thread-1] INFO  server.RaftServerConfigKeys (ConfUtils.java:logGet(46)) - raft.server.log.statemachine.data.read.timeout = 1000ms (default)
2023-02-14 08:18:19,751 [pool-363-thread-1] INFO  server.RaftServerConfigKeys (ConfUtils.java:logGet(46)) - raft.server.log.purge.preservation.log.num = 0 (default)
2023-02-14 08:18:19,751 [pool-363-thread-1] INFO  server.RaftServerConfigKeys (ConfUtils.java:logGet(46)) - raft.server.log.segment.size.max = 1048576 (custom)
2023-02-14 08:18:19,751 [pool-363-thread-1] INFO  server.RaftServerConfigKeys (ConfUtils.java:logGet(46)) - raft.server.log.segment.cache.num.max = 2 (custom)
2023-02-14 08:18:19,751 [pool-363-thread-1] INFO  server.RaftServerConfigKeys (ConfUtils.java:logGet(46)) - raft.server.log.segment.cache.size.max = 200MB (=209715200) (default)
2023-02-14 08:18:19,751 [pool-363-thread-1] INFO  segmented.SegmentedRaftLogWorker (SegmentedRaftLogWorker.java:<init>(189)) - new 5c792a94-e343-4e55-bd70-b5b136c65d30@group-A8E470ADAA18-SegmentedRaftLogWorker for RaftStorageImpl:Storage Directory /home/runner/work/ozone/ozone/hadoop-ozone/integration-test/target/test-dir/MiniOzoneClusterImpl-48139d39-b3ff-469d-bfde-a70ccbd6566f/datanode-4/data/ratis/326ddbfe-fdb4-4409-b0ec-a8e470adaa18
2023-02-14 08:18:19,751 [pool-363-thread-1] INFO  server.RaftServerConfigKeys (ConfUtils.java:logGet(46)) - raft.server.log.queue.byte-limit = 4294967296 (custom)
2023-02-14 08:18:19,751 [pool-363-thread-1] INFO  server.RaftServerConfigKeys (ConfUtils.java:logGet(46)) - raft.server.log.queue.element-limit = 1024 (custom)
2023-02-14 08:18:19,751 [pool-363-thread-1] INFO  server.RaftServerConfigKeys (ConfUtils.java:logGet(46)) - raft.server.log.segment.size.max = 1048576 (custom)
2023-02-14 08:18:19,751 [pool-363-thread-1] INFO  server.RaftServerConfigKeys (ConfUtils.java:logGet(46)) - raft.server.log.preallocated.size = 16384 (custom)
2023-02-14 08:18:19,751 [pool-363-thread-1] INFO  server.RaftServerConfigKeys (ConfUtils.java:logGet(46)) - raft.server.log.force.sync.num = 128 (default)
2023-02-14 08:18:19,751 [pool-363-thread-1] INFO  server.RaftServerConfigKeys (ConfUtils.java:logGet(46)) - raft.server.log.statemachine.data.sync = true (default)
2023-02-14 08:18:19,751 [pool-363-thread-1] INFO  server.RaftServerConfigKeys (ConfUtils.java:logGet(46)) - raft.server.log.statemachine.data.sync.timeout = 10s (default)
2023-02-14 08:18:19,751 [pool-363-thread-1] INFO  server.RaftServerConfigKeys (ConfUtils.java:logGet(46)) - raft.server.log.statemachine.data.sync.timeout.retry = -1 (default)
2023-02-14 08:18:19,752 [pool-363-thread-1] INFO  server.RaftServerConfigKeys (ConfUtils.java:logGet(46)) - raft.server.log.write.buffer.size = 1048576 (custom)
2023-02-14 08:18:19,752 [pool-363-thread-1] INFO  server.RaftServerConfigKeys (ConfUtils.java:logGet(46)) - raft.server.log.appender.buffer.byte-limit = 33554432 (custom)
2023-02-14 08:18:19,755 [pool-363-thread-1] INFO  server.RaftServerConfigKeys (ConfUtils.java:logGet(46)) - raft.server.log.unsafe-flush.enabled = false (default)
2023-02-14 08:18:19,755 [pool-363-thread-1] INFO  server.RaftServerConfigKeys (ConfUtils.java:logGet(46)) - raft.server.log.async-flush.enabled = false (default)
2023-02-14 08:18:19,755 [pool-363-thread-1] INFO  server.RaftServerConfigKeys (ConfUtils.java:logGet(46)) - raft.server.log.statemachine.data.caching.enabled = true (custom)
2023-02-14 08:18:19,755 [pool-363-thread-1] INFO  segmented.SegmentedRaftLogWorker (SegmentedRaftLogWorker.java:lambda$new$0(135)) - 5c792a94-e343-4e55-bd70-b5b136c65d30@group-A8E470ADAA18-SegmentedRaftLogWorker: flushIndex: setUnconditionally 0 -> -1
2023-02-14 08:18:19,755 [pool-363-thread-1] INFO  segmented.SegmentedRaftLogWorker (SegmentedRaftLogWorker.java:lambda$new$0(135)) - 5c792a94-e343-4e55-bd70-b5b136c65d30@group-A8E470ADAA18-SegmentedRaftLogWorker: safeCacheEvictIndex: setUnconditionally 0 -> -1
2023-02-14 08:18:19,756 [pool-363-thread-1] INFO  server.RaftServer$Division (RaftServerImpl.java:start(334)) - 5c792a94-e343-4e55-bd70-b5b136c65d30@group-A8E470ADAA18: start as a follower, conf=-1: peers:[5c792a94-e343-4e55-bd70-b5b136c65d30|rpc:10.1.0.19:41833|dataStream:10.1.0.19:41409|priority:1|startupRole:FOLLOWER]|listeners:[], old=null
2023-02-14 08:18:19,756 [pool-363-thread-1] INFO  server.RaftServer$Division (RaftServerImpl.java:setRole(321)) - 5c792a94-e343-4e55-bd70-b5b136c65d30@group-A8E470ADAA18: changes role from      null to FOLLOWER at term 0 for startAsFollower
2023-02-14 08:18:19,756 [pool-363-thread-1] INFO  impl.RoleInfo (RoleInfo.java:updateAndGet(139)) - 5c792a94-e343-4e55-bd70-b5b136c65d30: start 5c792a94-e343-4e55-bd70-b5b136c65d30@group-A8E470ADAA18-FollowerState
2023-02-14 08:18:19,756 [5c792a94-e343-4e55-bd70-b5b136c65d30@group-A8E470ADAA18-FollowerState] INFO  server.RaftServerConfigKeys (ConfUtils.java:logFallback(53)) - raft.server.rpc.first-election.timeout.min = 5s (fallback to raft.server.rpc.timeout.min)
2023-02-14 08:18:19,756 [pool-363-thread-1] INFO  util.JmxRegister (JmxRegister.java:tryRegister(44)) - Successfully registered JMX Bean with object name Ratis:service=RaftServer,group=group-A8E470ADAA18,id=5c792a94-e343-4e55-bd70-b5b136c65d30
2023-02-14 08:18:19,756 [5c792a94-e343-4e55-bd70-b5b136c65d30@group-A8E470ADAA18-FollowerState] INFO  server.RaftServerConfigKeys (ConfUtils.java:logFallback(53)) - raft.server.rpc.first-election.timeout.max = 5200ms (fallback to raft.server.rpc.timeout.max)
2023-02-14 08:18:19,756 [pool-363-thread-1] INFO  server.RaftServerConfigKeys (ConfUtils.java:logGet(46)) - raft.server.snapshot.auto.trigger.enabled = true (custom)
2023-02-14 08:18:19,756 [pool-363-thread-1] INFO  server.RaftServerConfigKeys (ConfUtils.java:logGet(46)) - raft.server.snapshot.auto.trigger.threshold = 10000 (custom)
2023-02-14 08:18:19,756 [pool-363-thread-1] INFO  server.RaftServerConfigKeys (ConfUtils.java:logGet(46)) - raft.server.snapshot.retention.file.num = 5 (custom)
2023-02-14 08:18:19,756 [pool-363-thread-1] INFO  server.RaftServerConfigKeys (ConfUtils.java:logGet(46)) - raft.server.log.purge.upto.snapshot.index = false (default)
2023-02-14 08:18:19,757 [Command processor thread] INFO  ratis.XceiverServerRatis (XceiverServerRatis.java:addGroup(807)) - Created group PipelineID=326ddbfe-fdb4-4409-b0ec-a8e470adaa18
2023-02-14 08:18:19,757 [Command processor thread] INFO  commandhandler.CreatePipelineCommandHandler (CreatePipelineCommandHandler.java:handle(113)) - Created Pipeline RATIS ONE PipelineID=326ddbfe-fdb4-4409-b0ec-a8e470adaa18.
2023-02-14 08:18:20,742 [Listener at 127.0.0.1/34455] INFO  ozone.MiniOzoneClusterImpl (MiniOzoneClusterImpl.java:lambda$waitForClusterToBeReady$0(218)) - Nodes are ready. Got 5 of 5 DN Heartbeats.
2023-02-14 08:18:20,742 [Listener at 127.0.0.1/34455] INFO  ozone.MiniOzoneClusterImpl (MiniOzoneClusterImpl.java:lambda$waitForClusterToBeReady$0(221)) - Waiting for cluster to exit safe mode
2023-02-14 08:18:20,742 [Listener at 127.0.0.1/34455] INFO  ozone.MiniOzoneClusterImpl (MiniOzoneClusterImpl.java:lambda$waitForClusterToBeReady$0(223)) - SCM became leader
2023-02-14 08:18:21,742 [Listener at 127.0.0.1/34455] INFO  ozone.MiniOzoneClusterImpl (MiniOzoneClusterImpl.java:lambda$waitForClusterToBeReady$0(218)) - Nodes are ready. Got 5 of 5 DN Heartbeats.
2023-02-14 08:18:21,743 [Listener at 127.0.0.1/34455] INFO  ozone.MiniOzoneClusterImpl (MiniOzoneClusterImpl.java:lambda$waitForClusterToBeReady$0(221)) - Waiting for cluster to exit safe mode
2023-02-14 08:18:21,743 [Listener at 127.0.0.1/34455] INFO  ozone.MiniOzoneClusterImpl (MiniOzoneClusterImpl.java:lambda$waitForClusterToBeReady$0(223)) - SCM became leader
2023-02-14 08:18:22,743 [Listener at 127.0.0.1/34455] INFO  ozone.MiniOzoneClusterImpl (MiniOzoneClusterImpl.java:lambda$waitForClusterToBeReady$0(218)) - Nodes are ready. Got 5 of 5 DN Heartbeats.
2023-02-14 08:18:22,743 [Listener at 127.0.0.1/34455] INFO  ozone.MiniOzoneClusterImpl (MiniOzoneClusterImpl.java:lambda$waitForClusterToBeReady$0(221)) - Waiting for cluster to exit safe mode
2023-02-14 08:18:22,743 [Listener at 127.0.0.1/34455] INFO  ozone.MiniOzoneClusterImpl (MiniOzoneClusterImpl.java:lambda$waitForClusterToBeReady$0(223)) - SCM became leader
2023-02-14 08:18:23,430 [ad6dcd81-1875-4667-9f21-c7397548b1ba@group-54813B5B2ABA-FollowerState] INFO  impl.FollowerState (FollowerState.java:run(143)) - ad6dcd81-1875-4667-9f21-c7397548b1ba@group-54813B5B2ABA-FollowerState: change to CANDIDATE, lastRpcElapsedTime:5036256476ns, electionTimeout:5031ms
2023-02-14 08:18:23,430 [ad6dcd81-1875-4667-9f21-c7397548b1ba@group-54813B5B2ABA-FollowerState] INFO  impl.RoleInfo (RoleInfo.java:shutdownFollowerState(110)) - ad6dcd81-1875-4667-9f21-c7397548b1ba: shutdown ad6dcd81-1875-4667-9f21-c7397548b1ba@group-54813B5B2ABA-FollowerState
2023-02-14 08:18:23,430 [ad6dcd81-1875-4667-9f21-c7397548b1ba@group-54813B5B2ABA-FollowerState] INFO  server.RaftServer$Division (RaftServerImpl.java:setRole(321)) - ad6dcd81-1875-4667-9f21-c7397548b1ba@group-54813B5B2ABA: changes role from  FOLLOWER to CANDIDATE at term 0 for changeToCandidate
2023-02-14 08:18:23,430 [ad6dcd81-1875-4667-9f21-c7397548b1ba@group-54813B5B2ABA-FollowerState] INFO  server.RaftServerConfigKeys (ConfUtils.java:logGet(46)) - raft.server.leaderelection.pre-vote = false (custom)
2023-02-14 08:18:23,430 [ad6dcd81-1875-4667-9f21-c7397548b1ba@group-54813B5B2ABA-FollowerState] INFO  impl.RoleInfo (RoleInfo.java:updateAndGet(139)) - ad6dcd81-1875-4667-9f21-c7397548b1ba: start ad6dcd81-1875-4667-9f21-c7397548b1ba@group-54813B5B2ABA-LeaderElection13
2023-02-14 08:18:23,437 [ad6dcd81-1875-4667-9f21-c7397548b1ba@group-54813B5B2ABA-LeaderElection13] INFO  impl.LeaderElection (LeaderElection.java:askForVotes(312)) - ad6dcd81-1875-4667-9f21-c7397548b1ba@group-54813B5B2ABA-LeaderElection13 ELECTION round 0: submit vote requests at term 1 for -1: peers:[ad6dcd81-1875-4667-9f21-c7397548b1ba|rpc:10.1.0.19:34199|dataStream:10.1.0.19:34273|priority:1|startupRole:FOLLOWER]|listeners:[], old=null
2023-02-14 08:18:23,438 [ad6dcd81-1875-4667-9f21-c7397548b1ba@group-54813B5B2ABA-LeaderElection13] INFO  impl.LeaderElection (LeaderElection.java:askForVotes(314)) - ad6dcd81-1875-4667-9f21-c7397548b1ba@group-54813B5B2ABA-LeaderElection13 ELECTION round 0: result PASSED (term=1)
2023-02-14 08:18:23,438 [ad6dcd81-1875-4667-9f21-c7397548b1ba@group-54813B5B2ABA-LeaderElection13] INFO  impl.RoleInfo (RoleInfo.java:shutdownLeaderElection(130)) - ad6dcd81-1875-4667-9f21-c7397548b1ba: shutdown ad6dcd81-1875-4667-9f21-c7397548b1ba@group-54813B5B2ABA-LeaderElection13
2023-02-14 08:18:23,438 [ad6dcd81-1875-4667-9f21-c7397548b1ba@group-54813B5B2ABA-LeaderElection13] INFO  server.RaftServer$Division (RaftServerImpl.java:setRole(321)) - ad6dcd81-1875-4667-9f21-c7397548b1ba@group-54813B5B2ABA: changes role from CANDIDATE to LEADER at term 1 for changeToLeader
2023-02-14 08:18:23,438 [ad6dcd81-1875-4667-9f21-c7397548b1ba@group-54813B5B2ABA-LeaderElection13] INFO  ratis.XceiverServerRatis (XceiverServerRatis.java:handleLeaderChangedNotification(905)) - Leader change notification received for group: group-54813B5B2ABA with new leaderId: ad6dcd81-1875-4667-9f21-c7397548b1ba
2023-02-14 08:18:23,438 [ad6dcd81-1875-4667-9f21-c7397548b1ba@group-54813B5B2ABA-LeaderElection13] INFO  server.RaftServer$Division (ServerState.java:setLeader(313)) - ad6dcd81-1875-4667-9f21-c7397548b1ba@group-54813B5B2ABA: change Leader from null to ad6dcd81-1875-4667-9f21-c7397548b1ba at term 1 for becomeLeader, leader elected after 5056ms
2023-02-14 08:18:23,438 [ad6dcd81-1875-4667-9f21-c7397548b1ba@group-54813B5B2ABA-LeaderElection13] INFO  server.RaftServerConfigKeys (ConfUtils.java:logGet(46)) - raft.server.staging.catchup.gap = 1000 (default)
2023-02-14 08:18:23,438 [ad6dcd81-1875-4667-9f21-c7397548b1ba@group-54813B5B2ABA-LeaderElection13] INFO  server.RaftServerConfigKeys (ConfUtils.java:logGet(46)) - raft.server.write.element-limit = 1024 (custom)
2023-02-14 08:18:23,438 [ad6dcd81-1875-4667-9f21-c7397548b1ba@group-54813B5B2ABA-LeaderElection13] INFO  server.RaftServerConfigKeys (ConfUtils.java:logGet(46)) - raft.server.write.byte-limit = 1024 M (=1073741824) (custom)
2023-02-14 08:18:23,439 [EventQueue-OpenPipelineForHealthyPipelineSafeModeRule] INFO  safemode.SCMSafeModeManager (HealthyPipelineSafeModeRule.java:process(137)) - SCM in safe mode. Healthy pipelines reported count is 0, required healthy pipeline reported count is 1
2023-02-14 08:18:23,440 [ad6dcd81-1875-4667-9f21-c7397548b1ba@group-54813B5B2ABA-LeaderElection13] INFO  server.RaftServerConfigKeys (ConfUtils.java:logGet(46)) - raft.server.watch.timeout = 180s (custom)
2023-02-14 08:18:23,440 [ad6dcd81-1875-4667-9f21-c7397548b1ba@group-54813B5B2ABA-LeaderElection13] INFO  server.RaftServerConfigKeys (ConfUtils.java:logGet(46)) - raft.server.watch.timeout.denomination = 1s (default)
2023-02-14 08:18:23,440 [ad6dcd81-1875-4667-9f21-c7397548b1ba@group-54813B5B2ABA-LeaderElection13] INFO  server.RaftServerConfigKeys (ConfUtils.java:logGet(46)) - raft.server.watch.element-limit = 65536 (default)
2023-02-14 08:18:23,440 [ad6dcd81-1875-4667-9f21-c7397548b1ba@group-54813B5B2ABA-LeaderElection13] INFO  server.RaftServerConfigKeys (ConfUtils.java:logGet(46)) - raft.server.write.element-limit = 1024 (custom)
2023-02-14 08:18:23,440 [ad6dcd81-1875-4667-9f21-c7397548b1ba@group-54813B5B2ABA-LeaderElection13] INFO  server.RaftServerConfigKeys (ConfUtils.java:logGet(46)) - raft.server.write.follower.gap.ratio.max = -1.0 (default)
2023-02-14 08:18:23,440 [ad6dcd81-1875-4667-9f21-c7397548b1ba@group-54813B5B2ABA-LeaderElection13] INFO  impl.RoleInfo (RoleInfo.java:updateAndGet(139)) - ad6dcd81-1875-4667-9f21-c7397548b1ba: start ad6dcd81-1875-4667-9f21-c7397548b1ba@group-54813B5B2ABA-LeaderStateImpl
2023-02-14 08:18:23,440 [ad6dcd81-1875-4667-9f21-c7397548b1ba@group-54813B5B2ABA-LeaderElection13] INFO  segmented.SegmentedRaftLogWorker (SegmentedRaftLogWorker.java:startLogSegment(452)) - ad6dcd81-1875-4667-9f21-c7397548b1ba@group-54813B5B2ABA-SegmentedRaftLogWorker: Starting segment from index:0
2023-02-14 08:18:23,441 [ad6dcd81-1875-4667-9f21-c7397548b1ba@group-54813B5B2ABA-SegmentedRaftLogWorker] INFO  segmented.SegmentedRaftLogWorker (SegmentedRaftLogWorker.java:execute(656)) - ad6dcd81-1875-4667-9f21-c7397548b1ba@group-54813B5B2ABA-SegmentedRaftLogWorker: created new log segment /home/runner/work/ozone/ozone/hadoop-ozone/integration-test/target/test-dir/MiniOzoneClusterImpl-48139d39-b3ff-469d-bfde-a70ccbd6566f/datanode-0/data/ratis/a84f39c2-ddeb-48db-941c-54813b5b2aba/current/log_inprogress_0
2023-02-14 08:18:23,441 [ad6dcd81-1875-4667-9f21-c7397548b1ba@group-54813B5B2ABA-LeaderElection13] INFO  server.RaftServer$Division (ServerState.java:setRaftConf(430)) - ad6dcd81-1875-4667-9f21-c7397548b1ba@group-54813B5B2ABA: set configuration 0: peers:[ad6dcd81-1875-4667-9f21-c7397548b1ba|rpc:10.1.0.19:34199|dataStream:10.1.0.19:34273|priority:1|startupRole:FOLLOWER]|listeners:[], old=null
2023-02-14 08:18:23,532 [ad6dcd81-1875-4667-9f21-c7397548b1ba@group-3C8877628462-FollowerState] INFO  impl.FollowerState (FollowerState.java:run(143)) - ad6dcd81-1875-4667-9f21-c7397548b1ba@group-3C8877628462-FollowerState: change to CANDIDATE, lastRpcElapsedTime:5120571396ns, electionTimeout:5117ms
2023-02-14 08:18:23,532 [ad6dcd81-1875-4667-9f21-c7397548b1ba@group-3C8877628462-FollowerState] INFO  impl.RoleInfo (RoleInfo.java:shutdownFollowerState(110)) - ad6dcd81-1875-4667-9f21-c7397548b1ba: shutdown ad6dcd81-1875-4667-9f21-c7397548b1ba@group-3C8877628462-FollowerState
2023-02-14 08:18:23,532 [ad6dcd81-1875-4667-9f21-c7397548b1ba@group-3C8877628462-FollowerState] INFO  server.RaftServer$Division (RaftServerImpl.java:setRole(321)) - ad6dcd81-1875-4667-9f21-c7397548b1ba@group-3C8877628462: changes role from  FOLLOWER to CANDIDATE at term 0 for changeToCandidate
2023-02-14 08:18:23,532 [ad6dcd81-1875-4667-9f21-c7397548b1ba@group-3C8877628462-FollowerState] INFO  server.RaftServerConfigKeys (ConfUtils.java:logGet(46)) - raft.server.leaderelection.pre-vote = false (custom)
2023-02-14 08:18:23,532 [ad6dcd81-1875-4667-9f21-c7397548b1ba@group-3C8877628462-FollowerState] INFO  impl.RoleInfo (RoleInfo.java:updateAndGet(139)) - ad6dcd81-1875-4667-9f21-c7397548b1ba: start ad6dcd81-1875-4667-9f21-c7397548b1ba@group-3C8877628462-LeaderElection14
2023-02-14 08:18:23,536 [ad6dcd81-1875-4667-9f21-c7397548b1ba@group-3C8877628462-LeaderElection14] INFO  impl.LeaderElection (LeaderElection.java:askForVotes(312)) - ad6dcd81-1875-4667-9f21-c7397548b1ba@group-3C8877628462-LeaderElection14 ELECTION round 0: submit vote requests at term 1 for -1: peers:[b5737586-1c7b-466e-b8cb-d0d8351e95e3|rpc:10.1.0.19:36425|dataStream:10.1.0.19:38459|priority:0|startupRole:FOLLOWER, 31091561-319b-44fe-8343-13da60b8022d|rpc:10.1.0.19:41071|dataStream:10.1.0.19:37967|priority:1|startupRole:FOLLOWER, ad6dcd81-1875-4667-9f21-c7397548b1ba|rpc:10.1.0.19:34199|dataStream:10.1.0.19:34273|priority:0|startupRole:FOLLOWER]|listeners:[], old=null
2023-02-14 08:18:23,537 [ad6dcd81-1875-4667-9f21-c7397548b1ba@group-3C8877628462-LeaderElection14] INFO  server.RaftServerConfigKeys (ConfUtils.java:logFallback(53)) - raft.server.rpc.first-election.timeout.min = 5s (fallback to raft.server.rpc.timeout.min)
2023-02-14 08:18:23,537 [ad6dcd81-1875-4667-9f21-c7397548b1ba@group-3C8877628462-LeaderElection14-1] INFO  server.GrpcServerProtocolClient (GrpcServerProtocolClient.java:<init>(63)) - Build channel for b5737586-1c7b-466e-b8cb-d0d8351e95e3
2023-02-14 08:18:23,537 [ad6dcd81-1875-4667-9f21-c7397548b1ba@group-3C8877628462-LeaderElection14] INFO  server.RaftServerConfigKeys (ConfUtils.java:logFallback(53)) - raft.server.rpc.first-election.timeout.max = 5200ms (fallback to raft.server.rpc.timeout.max)
2023-02-14 08:18:23,537 [ad6dcd81-1875-4667-9f21-c7397548b1ba@group-3C8877628462-LeaderElection14-2] INFO  server.GrpcServerProtocolClient (GrpcServerProtocolClient.java:<init>(63)) - Build channel for 31091561-319b-44fe-8343-13da60b8022d
2023-02-14 08:18:23,541 [31091561-319b-44fe-8343-13da60b8022d@group-3C8877628462-FollowerState] INFO  impl.FollowerState (FollowerState.java:run(143)) - 31091561-319b-44fe-8343-13da60b8022d@group-3C8877628462-FollowerState: change to CANDIDATE, lastRpcElapsedTime:5049676597ns, electionTimeout:5044ms
2023-02-14 08:18:23,541 [31091561-319b-44fe-8343-13da60b8022d@group-3C8877628462-FollowerState] INFO  impl.RoleInfo (RoleInfo.java:shutdownFollowerState(110)) - 31091561-319b-44fe-8343-13da60b8022d: shutdown 31091561-319b-44fe-8343-13da60b8022d@group-3C8877628462-FollowerState
2023-02-14 08:18:23,541 [31091561-319b-44fe-8343-13da60b8022d@group-3C8877628462-FollowerState] INFO  server.RaftServer$Division (RaftServerImpl.java:setRole(321)) - 31091561-319b-44fe-8343-13da60b8022d@group-3C8877628462: changes role from  FOLLOWER to CANDIDATE at term 0 for changeToCandidate
2023-02-14 08:18:23,542 [31091561-319b-44fe-8343-13da60b8022d@group-3C8877628462-FollowerState] INFO  server.RaftServerConfigKeys (ConfUtils.java:logGet(46)) - raft.server.leaderelection.pre-vote = false (custom)
2023-02-14 08:18:23,542 [31091561-319b-44fe-8343-13da60b8022d@group-3C8877628462-FollowerState] INFO  impl.RoleInfo (RoleInfo.java:updateAndGet(139)) - 31091561-319b-44fe-8343-13da60b8022d: start 31091561-319b-44fe-8343-13da60b8022d@group-3C8877628462-LeaderElection15
2023-02-14 08:18:23,552 [grpc-default-executor-0] INFO  server.RaftServer$Division (RaftServerImpl.java:requestVote(1218)) - 31091561-319b-44fe-8343-13da60b8022d@group-3C8877628462: receive requestVote(ELECTION, ad6dcd81-1875-4667-9f21-c7397548b1ba, group-3C8877628462, 1, (t:0, i:0))
2023-02-14 08:18:23,552 [ad6dcd81-1875-4667-9f21-c7397548b1ba@group-1B6006AEFDDC-FollowerState] INFO  impl.FollowerState (FollowerState.java:run(143)) - ad6dcd81-1875-4667-9f21-c7397548b1ba@group-1B6006AEFDDC-FollowerState: change to CANDIDATE, lastRpcElapsedTime:5033880922ns, electionTimeout:5031ms
2023-02-14 08:18:23,552 [ad6dcd81-1875-4667-9f21-c7397548b1ba@group-1B6006AEFDDC-FollowerState] INFO  impl.RoleInfo (RoleInfo.java:shutdownFollowerState(110)) - ad6dcd81-1875-4667-9f21-c7397548b1ba: shutdown ad6dcd81-1875-4667-9f21-c7397548b1ba@group-1B6006AEFDDC-FollowerState
2023-02-14 08:18:23,552 [ad6dcd81-1875-4667-9f21-c7397548b1ba@group-1B6006AEFDDC-FollowerState] INFO  server.RaftServer$Division (RaftServerImpl.java:setRole(321)) - ad6dcd81-1875-4667-9f21-c7397548b1ba@group-1B6006AEFDDC: changes role from  FOLLOWER to CANDIDATE at term 0 for changeToCandidate
2023-02-14 08:18:23,552 [ad6dcd81-1875-4667-9f21-c7397548b1ba@group-1B6006AEFDDC-FollowerState] INFO  server.RaftServerConfigKeys (ConfUtils.java:logGet(46)) - raft.server.leaderelection.pre-vote = false (custom)
2023-02-14 08:18:23,552 [ad6dcd81-1875-4667-9f21-c7397548b1ba@group-1B6006AEFDDC-FollowerState] INFO  impl.RoleInfo (RoleInfo.java:updateAndGet(139)) - ad6dcd81-1875-4667-9f21-c7397548b1ba: start ad6dcd81-1875-4667-9f21-c7397548b1ba@group-1B6006AEFDDC-LeaderElection16
2023-02-14 08:18:23,560 [grpc-default-executor-0] INFO  impl.VoteContext (VoteContext.java:log(49)) - 31091561-319b-44fe-8343-13da60b8022d@group-3C8877628462-CANDIDATE: reject ELECTION from ad6dcd81-1875-4667-9f21-c7397548b1ba: already has voted for 31091561-319b-44fe-8343-13da60b8022d at current term 1
2023-02-14 08:18:23,560 [grpc-default-executor-0] INFO  server.RaftServer$Division (RaftServerImpl.java:requestVote(1251)) - 31091561-319b-44fe-8343-13da60b8022d@group-3C8877628462 replies to ELECTION vote request: ad6dcd81-1875-4667-9f21-c7397548b1ba<-31091561-319b-44fe-8343-13da60b8022d#0:FAIL-t1. Peer's state: 31091561-319b-44fe-8343-13da60b8022d@group-3C8877628462:t1, leader=null, voted=31091561-319b-44fe-8343-13da60b8022d, raftlog=Memoized:31091561-319b-44fe-8343-13da60b8022d@group-3C8877628462-SegmentedRaftLog:OPENED:c-1, conf=-1: peers:[b5737586-1c7b-466e-b8cb-d0d8351e95e3|rpc:10.1.0.19:36425|dataStream:10.1.0.19:38459|priority:0|startupRole:FOLLOWER, 31091561-319b-44fe-8343-13da60b8022d|rpc:10.1.0.19:41071|dataStream:10.1.0.19:37967|priority:1|startupRole:FOLLOWER, ad6dcd81-1875-4667-9f21-c7397548b1ba|rpc:10.1.0.19:34199|dataStream:10.1.0.19:34273|priority:0|startupRole:FOLLOWER]|listeners:[], old=null
2023-02-14 08:18:23,561 [31091561-319b-44fe-8343-13da60b8022d@group-3C8877628462-LeaderElection15] INFO  impl.LeaderElection (LeaderElection.java:askForVotes(312)) - 31091561-319b-44fe-8343-13da60b8022d@group-3C8877628462-LeaderElection15 ELECTION round 0: submit vote requests at term 1 for -1: peers:[b5737586-1c7b-466e-b8cb-d0d8351e95e3|rpc:10.1.0.19:36425|dataStream:10.1.0.19:38459|priority:0|startupRole:FOLLOWER, 31091561-319b-44fe-8343-13da60b8022d|rpc:10.1.0.19:41071|dataStream:10.1.0.19:37967|priority:1|startupRole:FOLLOWER, ad6dcd81-1875-4667-9f21-c7397548b1ba|rpc:10.1.0.19:34199|dataStream:10.1.0.19:34273|priority:0|startupRole:FOLLOWER]|listeners:[], old=null
2023-02-14 08:18:23,562 [ad6dcd81-1875-4667-9f21-c7397548b1ba@group-1B6006AEFDDC-LeaderElection16] INFO  impl.LeaderElection (LeaderElection.java:askForVotes(312)) - ad6dcd81-1875-4667-9f21-c7397548b1ba@group-1B6006AEFDDC-LeaderElection16 ELECTION round 0: submit vote requests at term 1 for -1: peers:[b5737586-1c7b-466e-b8cb-d0d8351e95e3|rpc:10.1.0.19:36425|dataStream:10.1.0.19:38459|priority:0|startupRole:FOLLOWER, ad6dcd81-1875-4667-9f21-c7397548b1ba|rpc:10.1.0.19:34199|dataStream:10.1.0.19:34273|priority:1|startupRole:FOLLOWER, 31091561-319b-44fe-8343-13da60b8022d|rpc:10.1.0.19:41071|dataStream:10.1.0.19:37967|priority:0|startupRole:FOLLOWER]|listeners:[], old=null
2023-02-14 08:18:23,562 [31091561-319b-44fe-8343-13da60b8022d@group-3C8877628462-LeaderElection15-1] INFO  server.GrpcServerProtocolClient (GrpcServerProtocolClient.java:<init>(63)) - Build channel for b5737586-1c7b-466e-b8cb-d0d8351e95e3
2023-02-14 08:18:23,564 [31091561-319b-44fe-8343-13da60b8022d@group-3C8877628462-LeaderElection15] INFO  server.RaftServerConfigKeys (ConfUtils.java:logFallback(53)) - raft.server.rpc.first-election.timeout.min = 5s (fallback to raft.server.rpc.timeout.min)
2023-02-14 08:18:23,565 [31091561-319b-44fe-8343-13da60b8022d@group-3C8877628462-LeaderElection15] INFO  server.RaftServerConfigKeys (ConfUtils.java:logFallback(53)) - raft.server.rpc.first-election.timeout.max = 5200ms (fallback to raft.server.rpc.timeout.max)
2023-02-14 08:18:23,565 [31091561-319b-44fe-8343-13da60b8022d@group-3C8877628462-LeaderElection15-2] INFO  server.GrpcServerProtocolClient (GrpcServerProtocolClient.java:<init>(63)) - Build channel for ad6dcd81-1875-4667-9f21-c7397548b1ba
2023-02-14 08:18:23,566 [ad6dcd81-1875-4667-9f21-c7397548b1ba@group-3C8877628462-LeaderElection14] INFO  impl.LeaderElection (LeaderElection.java:logAndReturn(90)) - ad6dcd81-1875-4667-9f21-c7397548b1ba@group-3C8877628462-LeaderElection14: ELECTION REJECTED received 1 response(s) and 0 exception(s):
2023-02-14 08:18:23,566 [ad6dcd81-1875-4667-9f21-c7397548b1ba@group-3C8877628462-LeaderElection14] INFO  impl.LeaderElection (LeaderElection.java:logAndReturn(94)) -   Response 0: ad6dcd81-1875-4667-9f21-c7397548b1ba<-31091561-319b-44fe-8343-13da60b8022d#0:FAIL-t1
2023-02-14 08:18:23,566 [grpc-default-executor-0] INFO  server.RaftServer$Division (RaftServerImpl.java:requestVote(1218)) - b5737586-1c7b-466e-b8cb-d0d8351e95e3@group-3C8877628462: receive requestVote(ELECTION, ad6dcd81-1875-4667-9f21-c7397548b1ba, group-3C8877628462, 1, (t:0, i:0))
2023-02-14 08:18:23,566 [grpc-default-executor-0] INFO  impl.VoteContext (VoteContext.java:log(49)) - b5737586-1c7b-466e-b8cb-d0d8351e95e3@group-3C8877628462-FOLLOWER: accept ELECTION from ad6dcd81-1875-4667-9f21-c7397548b1ba: our priority 0 <= candidate's priority 0
2023-02-14 08:18:23,566 [grpc-default-executor-0] INFO  server.RaftServer$Division (RaftServerImpl.java:setRole(321)) - b5737586-1c7b-466e-b8cb-d0d8351e95e3@group-3C8877628462: changes role from  FOLLOWER to FOLLOWER at term 1 for candidate:ad6dcd81-1875-4667-9f21-c7397548b1ba
2023-02-14 08:18:23,566 [grpc-default-executor-0] INFO  impl.RoleInfo (RoleInfo.java:shutdownFollowerState(110)) - b5737586-1c7b-466e-b8cb-d0d8351e95e3: shutdown b5737586-1c7b-466e-b8cb-d0d8351e95e3@group-3C8877628462-FollowerState
2023-02-14 08:18:23,570 [ad6dcd81-1875-4667-9f21-c7397548b1ba@group-1B6006AEFDDC-LeaderElection16] INFO  server.RaftServerConfigKeys (ConfUtils.java:logFallback(53)) - raft.server.rpc.first-election.timeout.min = 5s (fallback to raft.server.rpc.timeout.min)
2023-02-14 08:18:23,570 [ad6dcd81-1875-4667-9f21-c7397548b1ba@group-1B6006AEFDDC-LeaderElection16] INFO  server.RaftServerConfigKeys (ConfUtils.java:logFallback(53)) - raft.server.rpc.first-election.timeout.max = 5200ms (fallback to raft.server.rpc.timeout.max)
2023-02-14 08:18:23,571 [grpc-default-executor-0] INFO  impl.RoleInfo (RoleInfo.java:updateAndGet(139)) - b5737586-1c7b-466e-b8cb-d0d8351e95e3: start b5737586-1c7b-466e-b8cb-d0d8351e95e3@group-3C8877628462-FollowerState
2023-02-14 08:18:23,574 [b5737586-1c7b-466e-b8cb-d0d8351e95e3@group-3C8877628462-FollowerState] INFO  impl.FollowerState (FollowerState.java:run(152)) - b5737586-1c7b-466e-b8cb-d0d8351e95e3@group-3C8877628462-FollowerState was interrupted
2023-02-14 08:18:23,575 [ad6dcd81-1875-4667-9f21-c7397548b1ba@group-3C8877628462-LeaderElection14] INFO  impl.LeaderElection (LeaderElection.java:askForVotes(314)) - ad6dcd81-1875-4667-9f21-c7397548b1ba@group-3C8877628462-LeaderElection14 ELECTION round 0: result REJECTED
2023-02-14 08:18:23,575 [ad6dcd81-1875-4667-9f21-c7397548b1ba@group-3C8877628462-LeaderElection14] INFO  server.RaftServer$Division (RaftServerImpl.java:setRole(321)) - ad6dcd81-1875-4667-9f21-c7397548b1ba@group-3C8877628462: changes role from CANDIDATE to FOLLOWER at term 1 for REJECTED
2023-02-14 08:18:23,575 [ad6dcd81-1875-4667-9f21-c7397548b1ba@group-3C8877628462-LeaderElection14] INFO  impl.RoleInfo (RoleInfo.java:shutdownLeaderElection(130)) - ad6dcd81-1875-4667-9f21-c7397548b1ba: shutdown ad6dcd81-1875-4667-9f21-c7397548b1ba@group-3C8877628462-LeaderElection14
2023-02-14 08:18:23,575 [ad6dcd81-1875-4667-9f21-c7397548b1ba@group-3C8877628462-LeaderElection14] INFO  impl.RoleInfo (RoleInfo.java:updateAndGet(139)) - ad6dcd81-1875-4667-9f21-c7397548b1ba: start ad6dcd81-1875-4667-9f21-c7397548b1ba@group-3C8877628462-FollowerState
2023-02-14 08:18:23,575 [b5737586-1c7b-466e-b8cb-d0d8351e95e3@group-3C8877628462-FollowerState] INFO  server.RaftServerConfigKeys (ConfUtils.java:logFallback(53)) - raft.server.rpc.first-election.timeout.min = 5s (fallback to raft.server.rpc.timeout.min)
2023-02-14 08:18:23,575 [b5737586-1c7b-466e-b8cb-d0d8351e95e3@group-3C8877628462-FollowerState] INFO  server.RaftServerConfigKeys (ConfUtils.java:logFallback(53)) - raft.server.rpc.first-election.timeout.max = 5200ms (fallback to raft.server.rpc.timeout.max)
2023-02-14 08:18:23,576 [grpc-default-executor-0] INFO  server.RaftServer$Division (RaftServerImpl.java:requestVote(1251)) - b5737586-1c7b-466e-b8cb-d0d8351e95e3@group-3C8877628462 replies to ELECTION vote request: ad6dcd81-1875-4667-9f21-c7397548b1ba<-b5737586-1c7b-466e-b8cb-d0d8351e95e3#0:OK-t1. Peer's state: b5737586-1c7b-466e-b8cb-d0d8351e95e3@group-3C8877628462:t1, leader=null, voted=ad6dcd81-1875-4667-9f21-c7397548b1ba, raftlog=Memoized:b5737586-1c7b-466e-b8cb-d0d8351e95e3@group-3C8877628462-SegmentedRaftLog:OPENED:c-1, conf=-1: peers:[b5737586-1c7b-466e-b8cb-d0d8351e95e3|rpc:10.1.0.19:36425|dataStream:10.1.0.19:38459|priority:0|startupRole:FOLLOWER, 31091561-319b-44fe-8343-13da60b8022d|rpc:10.1.0.19:41071|dataStream:10.1.0.19:37967|priority:1|startupRole:FOLLOWER, ad6dcd81-1875-4667-9f21-c7397548b1ba|rpc:10.1.0.19:34199|dataStream:10.1.0.19:34273|priority:0|startupRole:FOLLOWER]|listeners:[], old=null
2023-02-14 08:18:23,576 [ad6dcd81-1875-4667-9f21-c7397548b1ba@group-3C8877628462-FollowerState] INFO  server.RaftServerConfigKeys (ConfUtils.java:logFallback(53)) - raft.server.rpc.first-election.timeout.min = 5s (fallback to raft.server.rpc.timeout.min)
2023-02-14 08:18:23,576 [ad6dcd81-1875-4667-9f21-c7397548b1ba@group-3C8877628462-FollowerState] INFO  server.RaftServerConfigKeys (ConfUtils.java:logFallback(53)) - raft.server.rpc.first-election.timeout.max = 5200ms (fallback to raft.server.rpc.timeout.max)
2023-02-14 08:18:23,577 [grpc-default-executor-1] INFO  server.RaftServer$Division (RaftServerImpl.java:requestVote(1218)) - b5737586-1c7b-466e-b8cb-d0d8351e95e3@group-1B6006AEFDDC: receive requestVote(ELECTION, ad6dcd81-1875-4667-9f21-c7397548b1ba, group-1B6006AEFDDC, 1, (t:0, i:0))
2023-02-14 08:18:23,578 [grpc-default-executor-1] INFO  impl.VoteContext (VoteContext.java:log(49)) - b5737586-1c7b-466e-b8cb-d0d8351e95e3@group-1B6006AEFDDC-FOLLOWER: accept ELECTION from ad6dcd81-1875-4667-9f21-c7397548b1ba: our priority 0 <= candidate's priority 1
2023-02-14 08:18:23,578 [grpc-default-executor-1] INFO  server.RaftServer$Division (RaftServerImpl.java:setRole(321)) - b5737586-1c7b-466e-b8cb-d0d8351e95e3@group-1B6006AEFDDC: changes role from  FOLLOWER to FOLLOWER at term 1 for candidate:ad6dcd81-1875-4667-9f21-c7397548b1ba
2023-02-14 08:18:23,578 [grpc-default-executor-1] INFO  impl.RoleInfo (RoleInfo.java:shutdownFollowerState(110)) - b5737586-1c7b-466e-b8cb-d0d8351e95e3: shutdown b5737586-1c7b-466e-b8cb-d0d8351e95e3@group-1B6006AEFDDC-FollowerState
2023-02-14 08:18:23,578 [grpc-default-executor-1] INFO  impl.RoleInfo (RoleInfo.java:updateAndGet(139)) - b5737586-1c7b-466e-b8cb-d0d8351e95e3: start b5737586-1c7b-466e-b8cb-d0d8351e95e3@group-1B6006AEFDDC-FollowerState
2023-02-14 08:18:23,578 [b5737586-1c7b-466e-b8cb-d0d8351e95e3@group-1B6006AEFDDC-FollowerState] INFO  impl.FollowerState (FollowerState.java:run(152)) - b5737586-1c7b-466e-b8cb-d0d8351e95e3@group-1B6006AEFDDC-FollowerState was interrupted
2023-02-14 08:18:23,578 [b5737586-1c7b-466e-b8cb-d0d8351e95e3@group-1B6006AEFDDC-FollowerState] INFO  server.RaftServerConfigKeys (ConfUtils.java:logFallback(53)) - raft.server.rpc.first-election.timeout.min = 5s (fallback to raft.server.rpc.timeout.min)
2023-02-14 08:18:23,578 [b5737586-1c7b-466e-b8cb-d0d8351e95e3@group-1B6006AEFDDC-FollowerState] INFO  server.RaftServerConfigKeys (ConfUtils.java:logFallback(53)) - raft.server.rpc.first-election.timeout.max = 5200ms (fallback to raft.server.rpc.timeout.max)
2023-02-14 08:18:23,579 [grpc-default-executor-1] INFO  server.RaftServer$Division (RaftServerImpl.java:requestVote(1251)) - b5737586-1c7b-466e-b8cb-d0d8351e95e3@group-1B6006AEFDDC replies to ELECTION vote request: ad6dcd81-1875-4667-9f21-c7397548b1ba<-b5737586-1c7b-466e-b8cb-d0d8351e95e3#0:OK-t1. Peer's state: b5737586-1c7b-466e-b8cb-d0d8351e95e3@group-1B6006AEFDDC:t1, leader=null, voted=ad6dcd81-1875-4667-9f21-c7397548b1ba, raftlog=Memoized:b5737586-1c7b-466e-b8cb-d0d8351e95e3@group-1B6006AEFDDC-SegmentedRaftLog:OPENED:c-1, conf=-1: peers:[b5737586-1c7b-466e-b8cb-d0d8351e95e3|rpc:10.1.0.19:36425|dataStream:10.1.0.19:38459|priority:0|startupRole:FOLLOWER, ad6dcd81-1875-4667-9f21-c7397548b1ba|rpc:10.1.0.19:34199|dataStream:10.1.0.19:34273|priority:1|startupRole:FOLLOWER, 31091561-319b-44fe-8343-13da60b8022d|rpc:10.1.0.19:41071|dataStream:10.1.0.19:37967|priority:0|startupRole:FOLLOWER]|listeners:[], old=null
2023-02-14 08:18:23,589 [grpc-default-executor-3] INFO  server.RaftServer$Division (RaftServerImpl.java:requestVote(1218)) - 31091561-319b-44fe-8343-13da60b8022d@group-1B6006AEFDDC: receive requestVote(ELECTION, ad6dcd81-1875-4667-9f21-c7397548b1ba, group-1B6006AEFDDC, 1, (t:0, i:0))
2023-02-14 08:18:23,589 [grpc-default-executor-3] INFO  impl.VoteContext (VoteContext.java:log(49)) - 31091561-319b-44fe-8343-13da60b8022d@group-1B6006AEFDDC-FOLLOWER: accept ELECTION from ad6dcd81-1875-4667-9f21-c7397548b1ba: our priority 0 <= candidate's priority 1
2023-02-14 08:18:23,589 [grpc-default-executor-3] INFO  server.RaftServer$Division (RaftServerImpl.java:setRole(321)) - 31091561-319b-44fe-8343-13da60b8022d@group-1B6006AEFDDC: changes role from  FOLLOWER to FOLLOWER at term 1 for candidate:ad6dcd81-1875-4667-9f21-c7397548b1ba
2023-02-14 08:18:23,589 [grpc-default-executor-3] INFO  impl.RoleInfo (RoleInfo.java:shutdownFollowerState(110)) - 31091561-319b-44fe-8343-13da60b8022d: shutdown 31091561-319b-44fe-8343-13da60b8022d@group-1B6006AEFDDC-FollowerState
2023-02-14 08:18:23,589 [grpc-default-executor-3] INFO  impl.RoleInfo (RoleInfo.java:updateAndGet(139)) - 31091561-319b-44fe-8343-13da60b8022d: start 31091561-319b-44fe-8343-13da60b8022d@group-1B6006AEFDDC-FollowerState
2023-02-14 08:18:23,589 [ad6dcd81-1875-4667-9f21-c7397548b1ba@group-1B6006AEFDDC-LeaderElection16] INFO  impl.LeaderElection (LeaderElection.java:logAndReturn(90)) - ad6dcd81-1875-4667-9f21-c7397548b1ba@group-1B6006AEFDDC-LeaderElection16: ELECTION PASSED received 1 response(s) and 0 exception(s):
2023-02-14 08:18:23,589 [ad6dcd81-1875-4667-9f21-c7397548b1ba@group-1B6006AEFDDC-LeaderElection16] INFO  impl.LeaderElection (LeaderElection.java:logAndReturn(94)) -   Response 0: ad6dcd81-1875-4667-9f21-c7397548b1ba<-b5737586-1c7b-466e-b8cb-d0d8351e95e3#0:OK-t1
2023-02-14 08:18:23,589 [31091561-319b-44fe-8343-13da60b8022d@group-1B6006AEFDDC-FollowerState] INFO  impl.FollowerState (FollowerState.java:run(152)) - 31091561-319b-44fe-8343-13da60b8022d@group-1B6006AEFDDC-FollowerState was interrupted
2023-02-14 08:18:23,599 [ad6dcd81-1875-4667-9f21-c7397548b1ba@group-1B6006AEFDDC-LeaderElection16] INFO  impl.LeaderElection (LeaderElection.java:askForVotes(314)) - ad6dcd81-1875-4667-9f21-c7397548b1ba@group-1B6006AEFDDC-LeaderElection16 ELECTION round 0: result PASSED
2023-02-14 08:18:23,599 [ad6dcd81-1875-4667-9f21-c7397548b1ba@group-1B6006AEFDDC-LeaderElection16] INFO  impl.RoleInfo (RoleInfo.java:shutdownLeaderElection(130)) - ad6dcd81-1875-4667-9f21-c7397548b1ba: shutdown ad6dcd81-1875-4667-9f21-c7397548b1ba@group-1B6006AEFDDC-LeaderElection16
2023-02-14 08:18:23,599 [ad6dcd81-1875-4667-9f21-c7397548b1ba@group-1B6006AEFDDC-LeaderElection16] INFO  server.RaftServer$Division (RaftServerImpl.java:setRole(321)) - ad6dcd81-1875-4667-9f21-c7397548b1ba@group-1B6006AEFDDC: changes role from CANDIDATE to LEADER at term 1 for changeToLeader
2023-02-14 08:18:23,599 [ad6dcd81-1875-4667-9f21-c7397548b1ba@group-1B6006AEFDDC-LeaderElection16] INFO  ratis.XceiverServerRatis (XceiverServerRatis.java:handleLeaderChangedNotification(905)) - Leader change notification received for group: group-1B6006AEFDDC with new leaderId: ad6dcd81-1875-4667-9f21-c7397548b1ba
2023-02-14 08:18:23,599 [ad6dcd81-1875-4667-9f21-c7397548b1ba@group-1B6006AEFDDC-LeaderElection16] INFO  server.RaftServer$Division (ServerState.java:setLeader(313)) - ad6dcd81-1875-4667-9f21-c7397548b1ba@group-1B6006AEFDDC: change Leader from null to ad6dcd81-1875-4667-9f21-c7397548b1ba at term 1 for becomeLeader, leader elected after 5094ms
2023-02-14 08:18:23,599 [ad6dcd81-1875-4667-9f21-c7397548b1ba@group-1B6006AEFDDC-LeaderElection16] INFO  server.RaftServerConfigKeys (ConfUtils.java:logGet(46)) - raft.server.staging.catchup.gap = 1000 (default)
2023-02-14 08:18:23,599 [ad6dcd81-1875-4667-9f21-c7397548b1ba@group-1B6006AEFDDC-LeaderElection16] INFO  server.RaftServerConfigKeys (ConfUtils.java:logGet(46)) - raft.server.write.element-limit = 1024 (custom)
2023-02-14 08:18:23,600 [ad6dcd81-1875-4667-9f21-c7397548b1ba@group-1B6006AEFDDC-LeaderElection16] INFO  server.RaftServerConfigKeys (ConfUtils.java:logGet(46)) - raft.server.write.byte-limit = 1024 M (=1073741824) (custom)
2023-02-14 08:18:23,600 [ad6dcd81-1875-4667-9f21-c7397548b1ba@group-1B6006AEFDDC-LeaderElection16] INFO  server.RaftServerConfigKeys (ConfUtils.java:logGet(46)) - raft.server.watch.timeout = 180s (custom)
2023-02-14 08:18:23,600 [ad6dcd81-1875-4667-9f21-c7397548b1ba@group-1B6006AEFDDC-LeaderElection16] INFO  server.RaftServerConfigKeys (ConfUtils.java:logGet(46)) - raft.server.watch.timeout.denomination = 1s (default)
2023-02-14 08:18:23,600 [ad6dcd81-1875-4667-9f21-c7397548b1ba@group-1B6006AEFDDC-LeaderElection16] INFO  server.RaftServerConfigKeys (ConfUtils.java:logGet(46)) - raft.server.watch.element-limit = 65536 (default)
2023-02-14 08:18:23,600 [ad6dcd81-1875-4667-9f21-c7397548b1ba@group-1B6006AEFDDC-LeaderElection16] INFO  server.RaftServerConfigKeys (ConfUtils.java:logGet(46)) - raft.server.write.element-limit = 1024 (custom)
2023-02-14 08:18:23,600 [ad6dcd81-1875-4667-9f21-c7397548b1ba@group-1B6006AEFDDC-LeaderElection16] INFO  server.RaftServerConfigKeys (ConfUtils.java:logGet(46)) - raft.server.write.follower.gap.ratio.max = -1.0 (default)
2023-02-14 08:18:23,600 [ad6dcd81-1875-4667-9f21-c7397548b1ba@group-1B6006AEFDDC-LeaderElection16] INFO  server.RaftServerConfigKeys (ConfUtils.java:logGet(46)) - raft.server.log.appender.snapshot.chunk.size.max = 16MB (=16777216) (default)
2023-02-14 08:18:23,600 [ad6dcd81-1875-4667-9f21-c7397548b1ba@group-1B6006AEFDDC-LeaderElection16] INFO  server.RaftServerConfigKeys (ConfUtils.java:logGet(46)) - raft.server.log.appender.buffer.byte-limit = 33554432 (custom)
2023-02-14 08:18:23,600 [ad6dcd81-1875-4667-9f21-c7397548b1ba@group-1B6006AEFDDC-LeaderElection16] INFO  server.RaftServerConfigKeys (ConfUtils.java:logGet(46)) - raft.server.log.appender.buffer.element-limit = 1 (custom)
2023-02-14 08:18:23,600 [ad6dcd81-1875-4667-9f21-c7397548b1ba@group-1B6006AEFDDC-LeaderElection16] INFO  grpc.GrpcConfigKeys (ConfUtils.java:logGet(46)) - raft.grpc.server.leader.outstanding.appends.max = 128 (default)
2023-02-14 08:18:23,600 [ad6dcd81-1875-4667-9f21-c7397548b1ba@group-1B6006AEFDDC-LeaderElection16] INFO  server.RaftServerConfigKeys (ConfUtils.java:logGet(46)) - raft.server.rpc.request.timeout = 60s (custom)
2023-02-14 08:18:23,600 [ad6dcd81-1875-4667-9f21-c7397548b1ba@group-1B6006AEFDDC-LeaderElection16] INFO  server.RaftServerConfigKeys (ConfUtils.java:logGet(46)) - raft.server.log.appender.install.snapshot.enabled = false (custom)
2023-02-14 08:18:23,601 [ad6dcd81-1875-4667-9f21-c7397548b1ba@group-1B6006AEFDDC-LeaderElection16] INFO  grpc.GrpcConfigKeys (ConfUtils.java:logGet(46)) - raft.grpc.server.heartbeat.channel = true (default)
2023-02-14 08:18:23,601 [ad6dcd81-1875-4667-9f21-c7397548b1ba@group-1B6006AEFDDC-LeaderElection16] INFO  server.RaftServerConfigKeys (ConfUtils.java:logGet(46)) - raft.server.log.appender.wait-time.min = 10ms (default)
2023-02-14 08:18:23,601 [ad6dcd81-1875-4667-9f21-c7397548b1ba@group-1B6006AEFDDC-LeaderElection16] INFO  server.RaftServerConfigKeys (ConfUtils.java:logGet(46)) - raft.server.log.appender.snapshot.chunk.size.max = 16MB (=16777216) (default)
2023-02-14 08:18:23,601 [ad6dcd81-1875-4667-9f21-c7397548b1ba@group-1B6006AEFDDC-LeaderElection16] INFO  server.RaftServerConfigKeys (ConfUtils.java:logGet(46)) - raft.server.log.appender.buffer.byte-limit = 33554432 (custom)
2023-02-14 08:18:23,601 [ad6dcd81-1875-4667-9f21-c7397548b1ba@group-1B6006AEFDDC-LeaderElection16] INFO  server.RaftServerConfigKeys (ConfUtils.java:logGet(46)) - raft.server.log.appender.buffer.element-limit = 1 (custom)
2023-02-14 08:18:23,601 [ad6dcd81-1875-4667-9f21-c7397548b1ba@group-1B6006AEFDDC-LeaderElection16] INFO  grpc.GrpcConfigKeys (ConfUtils.java:logGet(46)) - raft.grpc.server.leader.outstanding.appends.max = 128 (default)
2023-02-14 08:18:23,601 [ad6dcd81-1875-4667-9f21-c7397548b1ba@group-1B6006AEFDDC-LeaderElection16] INFO  server.RaftServerConfigKeys (ConfUtils.java:logGet(46)) - raft.server.rpc.request.timeout = 60s (custom)
2023-02-14 08:18:23,601 [ad6dcd81-1875-4667-9f21-c7397548b1ba@group-1B6006AEFDDC-LeaderElection16] INFO  server.RaftServerConfigKeys (ConfUtils.java:logGet(46)) - raft.server.log.appender.install.snapshot.enabled = false (custom)
2023-02-14 08:18:23,601 [ad6dcd81-1875-4667-9f21-c7397548b1ba@group-1B6006AEFDDC-LeaderElection16] INFO  grpc.GrpcConfigKeys (ConfUtils.java:logGet(46)) - raft.grpc.server.heartbeat.channel = true (default)
2023-02-14 08:18:23,601 [ad6dcd81-1875-4667-9f21-c7397548b1ba@group-1B6006AEFDDC-LeaderElection16] INFO  server.RaftServerConfigKeys (ConfUtils.java:logGet(46)) - raft.server.log.appender.wait-time.min = 10ms (default)
2023-02-14 08:18:23,601 [ad6dcd81-1875-4667-9f21-c7397548b1ba@group-1B6006AEFDDC-LeaderElection16] INFO  impl.RoleInfo (RoleInfo.java:updateAndGet(139)) - ad6dcd81-1875-4667-9f21-c7397548b1ba: start ad6dcd81-1875-4667-9f21-c7397548b1ba@group-1B6006AEFDDC-LeaderStateImpl
2023-02-14 08:18:23,602 [ad6dcd81-1875-4667-9f21-c7397548b1ba@group-1B6006AEFDDC-LeaderElection16] INFO  segmented.SegmentedRaftLogWorker (SegmentedRaftLogWorker.java:startLogSegment(452)) - ad6dcd81-1875-4667-9f21-c7397548b1ba@group-1B6006AEFDDC-SegmentedRaftLogWorker: Starting segment from index:0
2023-02-14 08:18:23,603 [EventQueue-OpenPipelineForHealthyPipelineSafeModeRule] INFO  safemode.SCMSafeModeManager (HealthyPipelineSafeModeRule.java:process(137)) - SCM in safe mode. Healthy pipelines reported count is 0, required healthy pipeline reported count is 1
2023-02-14 08:18:23,603 [EventQueue-PipelineReportForPipelineReportHandler] INFO  pipeline.PipelineManagerImpl (PipelineManagerImpl.java:openPipeline(367)) - Pipeline Pipeline[ Id: 94426ebe-b92e-468c-8a93-1b6006aefddc, Nodes: ad6dcd81-1875-4667-9f21-c7397548b1ba(fv-az476-382.2mevl5kwmm3ezivwarakluutxb.phxx.internal.cloudapp.net/10.1.0.19)31091561-319b-44fe-8343-13da60b8022d(fv-az476-382.2mevl5kwmm3ezivwarakluutxb.phxx.internal.cloudapp.net/10.1.0.19)b5737586-1c7b-466e-b8cb-d0d8351e95e3(fv-az476-382.2mevl5kwmm3ezivwarakluutxb.phxx.internal.cloudapp.net/10.1.0.19), ReplicationConfig: RATIS/THREE, State:ALLOCATED, leaderId:ad6dcd81-1875-4667-9f21-c7397548b1ba, CreationTimestamp2023-02-14T08:18:16.007Z[Etc/UTC]] moved to OPEN state
2023-02-14 08:18:23,603 [grpc-default-executor-1] INFO  server.RaftServer$Division (RaftServerImpl.java:requestVote(1218)) - ad6dcd81-1875-4667-9f21-c7397548b1ba@group-3C8877628462: receive requestVote(ELECTION, 31091561-319b-44fe-8343-13da60b8022d, group-3C8877628462, 1, (t:0, i:0))
2023-02-14 08:18:23,603 [grpc-default-executor-1] INFO  impl.VoteContext (VoteContext.java:log(49)) - ad6dcd81-1875-4667-9f21-c7397548b1ba@group-3C8877628462-FOLLOWER: reject ELECTION from 31091561-319b-44fe-8343-13da60b8022d: already has voted for ad6dcd81-1875-4667-9f21-c7397548b1ba at current term 1
2023-02-14 08:18:23,603 [grpc-default-executor-1] INFO  server.RaftServer$Division (RaftServerImpl.java:requestVote(1251)) - ad6dcd81-1875-4667-9f21-c7397548b1ba@group-3C8877628462 replies to ELECTION vote request: 31091561-319b-44fe-8343-13da60b8022d<-ad6dcd81-1875-4667-9f21-c7397548b1ba#0:FAIL-t1. Peer's state: ad6dcd81-1875-4667-9f21-c7397548b1ba@group-3C8877628462:t1, leader=null, voted=ad6dcd81-1875-4667-9f21-c7397548b1ba, raftlog=Memoized:ad6dcd81-1875-4667-9f21-c7397548b1ba@group-3C8877628462-SegmentedRaftLog:OPENED:c-1, conf=-1: peers:[b5737586-1c7b-466e-b8cb-d0d8351e95e3|rpc:10.1.0.19:36425|dataStream:10.1.0.19:38459|priority:0|startupRole:FOLLOWER, 31091561-319b-44fe-8343-13da60b8022d|rpc:10.1.0.19:41071|dataStream:10.1.0.19:37967|priority:1|startupRole:FOLLOWER, ad6dcd81-1875-4667-9f21-c7397548b1ba|rpc:10.1.0.19:34199|dataStream:10.1.0.19:34273|priority:0|startupRole:FOLLOWER]|listeners:[], old=null
2023-02-14 08:18:23,603 [EventQueue-OpenPipelineForHealthyPipelineSafeModeRule] INFO  safemode.SCMSafeModeManager (HealthyPipelineSafeModeRule.java:process(137)) - SCM in safe mode. Healthy pipelines reported count is 1, required healthy pipeline reported count is 1
2023-02-14 08:18:23,603 [EventQueue-OpenPipelineForHealthyPipelineSafeModeRule] INFO  safemode.SCMSafeModeManager (SCMSafeModeManager.java:validateSafeModeExitRules(200)) - HealthyPipelineSafeModeRule rule is successfully validated
2023-02-14 08:18:23,603 [EventQueue-OpenPipelineForHealthyPipelineSafeModeRule] INFO  safemode.SCMSafeModeManager (SCMSafeModeManager.java:validateSafeModeExitRules(215)) - ScmSafeModeManager, all rules are successfully validated
2023-02-14 08:18:23,604 [EventQueue-OpenPipelineForHealthyPipelineSafeModeRule] INFO  safemode.SCMSafeModeManager (SCMSafeModeManager.java:exitSafeMode(244)) - SCM exiting safe mode.
2023-02-14 08:18:23,604 [EventQueue-OpenPipelineForHealthyPipelineSafeModeRule] INFO  ha.SCMContext (SCMContext.java:updateSafeModeStatus(228)) - Update SafeModeStatus from SafeModeStatus{safeModeStatus=true, preCheckPassed=true} to SafeModeStatus{safeModeStatus=false, preCheckPassed=true}.
2023-02-14 08:18:23,604 [EventQueue-OpenPipelineForHealthyPipelineSafeModeRule] INFO  pipeline.BackgroundPipelineCreator (BackgroundPipelineCreator.java:notifyStatusChanged(254)) - Service BackgroundPipelineCreator transitions to RUNNING.
2023-02-14 08:18:23,604 [EventQueue-OpenPipelineForHealthyPipelineSafeModeRule] INFO  BackgroundPipelineScrubber (BackgroundSCMService.java:notifyStatusChanged(82)) - Service BackgroundPipelineScrubber transitions to RUNNING.
2023-02-14 08:18:23,604 [EventQueue-OpenPipelineForHealthyPipelineSafeModeRule] INFO  ExpiredContainerReplicaOpScrubber (BackgroundSCMService.java:notifyStatusChanged(82)) - Service ExpiredContainerReplicaOpScrubber transitions to RUNNING.
2023-02-14 08:18:23,604 [EventQueue-OpenPipelineForHealthyPipelineSafeModeRule] INFO  replication.ReplicationManager (ReplicationManager.java:notifyStatusChanged(1001)) - Service ReplicationManager transitions to RUNNING.
2023-02-14 08:18:23,604 [EventQueue-OpenPipelineForHealthyPipelineSafeModeRule] WARN  balancer.ContainerBalancer (ContainerBalancer.java:shouldRun(131)) - Could not find persisted configuration for ContainerBalancer when checking if ContainerBalancer should run. ContainerBalancer should not run now.
2023-02-14 08:18:23,604 [grpc-default-executor-4] INFO  server.RaftServer$Division (RaftServerImpl.java:requestVote(1218)) - b5737586-1c7b-466e-b8cb-d0d8351e95e3@group-3C8877628462: receive requestVote(ELECTION, 31091561-319b-44fe-8343-13da60b8022d, group-3C8877628462, 1, (t:0, i:0))
2023-02-14 08:18:23,604 [ad6dcd81-1875-4667-9f21-c7397548b1ba@group-1B6006AEFDDC-SegmentedRaftLogWorker] INFO  segmented.SegmentedRaftLogWorker (SegmentedRaftLogWorker.java:execute(656)) - ad6dcd81-1875-4667-9f21-c7397548b1ba@group-1B6006AEFDDC-SegmentedRaftLogWorker: created new log segment /home/runner/work/ozone/ozone/hadoop-ozone/integration-test/target/test-dir/MiniOzoneClusterImpl-48139d39-b3ff-469d-bfde-a70ccbd6566f/datanode-0/data/ratis/94426ebe-b92e-468c-8a93-1b6006aefddc/current/log_inprogress_0
2023-02-14 08:18:23,610 [31091561-319b-44fe-8343-13da60b8022d@group-1B6006AEFDDC-FollowerState] INFO  server.RaftServerConfigKeys (ConfUtils.java:logFallback(53)) - raft.server.rpc.first-election.timeout.min = 5s (fallback to raft.server.rpc.timeout.min)
2023-02-14 08:18:23,610 [31091561-319b-44fe-8343-13da60b8022d@group-1B6006AEFDDC-FollowerState] INFO  server.RaftServerConfigKeys (ConfUtils.java:logFallback(53)) - raft.server.rpc.first-election.timeout.max = 5200ms (fallback to raft.server.rpc.timeout.max)
2023-02-14 08:18:23,610 [grpc-default-executor-3] INFO  server.RaftServer$Division (RaftServerImpl.java:requestVote(1251)) - 31091561-319b-44fe-8343-13da60b8022d@group-1B6006AEFDDC replies to ELECTION vote request: ad6dcd81-1875-4667-9f21-c7397548b1ba<-31091561-319b-44fe-8343-13da60b8022d#0:OK-t1. Peer's state: 31091561-319b-44fe-8343-13da60b8022d@group-1B6006AEFDDC:t1, leader=null, voted=ad6dcd81-1875-4667-9f21-c7397548b1ba, raftlog=Memoized:31091561-319b-44fe-8343-13da60b8022d@group-1B6006AEFDDC-SegmentedRaftLog:OPENED:c-1, conf=-1: peers:[b5737586-1c7b-466e-b8cb-d0d8351e95e3|rpc:10.1.0.19:36425|dataStream:10.1.0.19:38459|priority:0|startupRole:FOLLOWER, ad6dcd81-1875-4667-9f21-c7397548b1ba|rpc:10.1.0.19:34199|dataStream:10.1.0.19:34273|priority:1|startupRole:FOLLOWER, 31091561-319b-44fe-8343-13da60b8022d|rpc:10.1.0.19:41071|dataStream:10.1.0.19:37967|priority:0|startupRole:FOLLOWER]|listeners:[], old=null
2023-02-14 08:18:23,614 [grpc-default-executor-4] INFO  impl.VoteContext (VoteContext.java:log(49)) - b5737586-1c7b-466e-b8cb-d0d8351e95e3@group-3C8877628462-FOLLOWER: reject ELECTION from 31091561-319b-44fe-8343-13da60b8022d: already has voted for ad6dcd81-1875-4667-9f21-c7397548b1ba at current term 1
2023-02-14 08:18:23,614 [grpc-default-executor-4] INFO  server.RaftServer$Division (RaftServerImpl.java:requestVote(1251)) - b5737586-1c7b-466e-b8cb-d0d8351e95e3@group-3C8877628462 replies to ELECTION vote request: 31091561-319b-44fe-8343-13da60b8022d<-b5737586-1c7b-466e-b8cb-d0d8351e95e3#0:FAIL-t1. Peer's state: b5737586-1c7b-466e-b8cb-d0d8351e95e3@group-3C8877628462:t1, leader=null, voted=ad6dcd81-1875-4667-9f21-c7397548b1ba, raftlog=Memoized:b5737586-1c7b-466e-b8cb-d0d8351e95e3@group-3C8877628462-SegmentedRaftLog:OPENED:c-1, conf=-1: peers:[b5737586-1c7b-466e-b8cb-d0d8351e95e3|rpc:10.1.0.19:36425|dataStream:10.1.0.19:38459|priority:0|startupRole:FOLLOWER, 31091561-319b-44fe-8343-13da60b8022d|rpc:10.1.0.19:41071|dataStream:10.1.0.19:37967|priority:1|startupRole:FOLLOWER, ad6dcd81-1875-4667-9f21-c7397548b1ba|rpc:10.1.0.19:34199|dataStream:10.1.0.19:34273|priority:0|startupRole:FOLLOWER]|listeners:[], old=null
2023-02-14 08:18:23,615 [ad6dcd81-1875-4667-9f21-c7397548b1ba@group-1B6006AEFDDC-LeaderElection16] INFO  server.RaftServer$Division (ServerState.java:setRaftConf(430)) - ad6dcd81-1875-4667-9f21-c7397548b1ba@group-1B6006AEFDDC: set configuration 0: peers:[b5737586-1c7b-466e-b8cb-d0d8351e95e3|rpc:10.1.0.19:36425|dataStream:10.1.0.19:38459|priority:0|startupRole:FOLLOWER, ad6dcd81-1875-4667-9f21-c7397548b1ba|rpc:10.1.0.19:34199|dataStream:10.1.0.19:34273|priority:1|startupRole:FOLLOWER, 31091561-319b-44fe-8343-13da60b8022d|rpc:10.1.0.19:41071|dataStream:10.1.0.19:37967|priority:0|startupRole:FOLLOWER]|listeners:[], old=null
2023-02-14 08:18:23,618 [31091561-319b-44fe-8343-13da60b8022d@group-3C8877628462-LeaderElection15] INFO  impl.LeaderElection (LeaderElection.java:logAndReturn(90)) - 31091561-319b-44fe-8343-13da60b8022d@group-3C8877628462-LeaderElection15: ELECTION REJECTED received 2 response(s) and 0 exception(s):
2023-02-14 08:18:23,618 [31091561-319b-44fe-8343-13da60b8022d@group-3C8877628462-LeaderElection15] INFO  impl.LeaderElection (LeaderElection.java:logAndReturn(94)) -   Response 0: 31091561-319b-44fe-8343-13da60b8022d<-b5737586-1c7b-466e-b8cb-d0d8351e95e3#0:FAIL-t1
2023-02-14 08:18:23,618 [31091561-319b-44fe-8343-13da60b8022d@group-3C8877628462-LeaderElection15] INFO  impl.LeaderElection (LeaderElection.java:logAndReturn(94)) -   Response 1: 31091561-319b-44fe-8343-13da60b8022d<-ad6dcd81-1875-4667-9f21-c7397548b1ba#0:FAIL-t1
2023-02-14 08:18:23,618 [31091561-319b-44fe-8343-13da60b8022d@group-3C8877628462-LeaderElection15] INFO  impl.LeaderElection (LeaderElection.java:askForVotes(314)) - 31091561-319b-44fe-8343-13da60b8022d@group-3C8877628462-LeaderElection15 ELECTION round 0: result REJECTED
2023-02-14 08:18:23,618 [31091561-319b-44fe-8343-13da60b8022d@group-3C8877628462-LeaderElection15] INFO  server.RaftServer$Division (RaftServerImpl.java:setRole(321)) - 31091561-319b-44fe-8343-13da60b8022d@group-3C8877628462: changes role from CANDIDATE to FOLLOWER at term 1 for REJECTED
2023-02-14 08:18:23,618 [31091561-319b-44fe-8343-13da60b8022d@group-3C8877628462-LeaderElection15] INFO  impl.RoleInfo (RoleInfo.java:shutdownLeaderElection(130)) - 31091561-319b-44fe-8343-13da60b8022d: shutdown 31091561-319b-44fe-8343-13da60b8022d@group-3C8877628462-LeaderElection15
2023-02-14 08:18:23,618 [31091561-319b-44fe-8343-13da60b8022d@group-3C8877628462-LeaderElection15] INFO  impl.RoleInfo (RoleInfo.java:updateAndGet(139)) - 31091561-319b-44fe-8343-13da60b8022d: start 31091561-319b-44fe-8343-13da60b8022d@group-3C8877628462-FollowerState
2023-02-14 08:18:23,620 [31091561-319b-44fe-8343-13da60b8022d@group-3C8877628462-FollowerState] INFO  server.RaftServerConfigKeys (ConfUtils.java:logFallback(53)) - raft.server.rpc.first-election.timeout.min = 5s (fallback to raft.server.rpc.timeout.min)
2023-02-14 08:18:23,621 [31091561-319b-44fe-8343-13da60b8022d@group-3C8877628462-FollowerState] INFO  server.RaftServerConfigKeys (ConfUtils.java:logFallback(53)) - raft.server.rpc.first-election.timeout.max = 5200ms (fallback to raft.server.rpc.timeout.max)
2023-02-14 08:18:23,628 [b5737586-1c7b-466e-b8cb-d0d8351e95e3-server-thread1] INFO  ratis.XceiverServerRatis (XceiverServerRatis.java:handleLeaderChangedNotification(905)) - Leader change notification received for group: group-1B6006AEFDDC with new leaderId: ad6dcd81-1875-4667-9f21-c7397548b1ba
2023-02-14 08:18:23,628 [b5737586-1c7b-466e-b8cb-d0d8351e95e3-server-thread1] INFO  server.RaftServer$Division (ServerState.java:setLeader(313)) - b5737586-1c7b-466e-b8cb-d0d8351e95e3@group-1B6006AEFDDC: change Leader from null to ad6dcd81-1875-4667-9f21-c7397548b1ba at term 1 for appendEntries, leader elected after 5070ms
2023-02-14 08:18:23,628 [31091561-319b-44fe-8343-13da60b8022d-server-thread1] INFO  ratis.XceiverServerRatis (XceiverServerRatis.java:handleLeaderChangedNotification(905)) - Leader change notification received for group: group-1B6006AEFDDC with new leaderId: ad6dcd81-1875-4667-9f21-c7397548b1ba
2023-02-14 08:18:23,628 [31091561-319b-44fe-8343-13da60b8022d-server-thread1] INFO  server.RaftServer$Division (ServerState.java:setLeader(313)) - 31091561-319b-44fe-8343-13da60b8022d@group-1B6006AEFDDC: change Leader from null to ad6dcd81-1875-4667-9f21-c7397548b1ba at term 1 for appendEntries, leader elected after 5095ms
2023-02-14 08:18:23,631 [31091561-319b-44fe-8343-13da60b8022d-server-thread2] INFO  server.RaftServer$Division (ServerState.java:setRaftConf(430)) - 31091561-319b-44fe-8343-13da60b8022d@group-1B6006AEFDDC: set configuration 0: peers:[b5737586-1c7b-466e-b8cb-d0d8351e95e3|rpc:10.1.0.19:36425|dataStream:10.1.0.19:38459|priority:0|startupRole:FOLLOWER, ad6dcd81-1875-4667-9f21-c7397548b1ba|rpc:10.1.0.19:34199|dataStream:10.1.0.19:34273|priority:1|startupRole:FOLLOWER, 31091561-319b-44fe-8343-13da60b8022d|rpc:10.1.0.19:41071|dataStream:10.1.0.19:37967|priority:0|startupRole:FOLLOWER]|listeners:[], old=null
2023-02-14 08:18:23,631 [31091561-319b-44fe-8343-13da60b8022d-server-thread2] INFO  segmented.SegmentedRaftLogWorker (SegmentedRaftLogWorker.java:startLogSegment(452)) - 31091561-319b-44fe-8343-13da60b8022d@group-1B6006AEFDDC-SegmentedRaftLogWorker: Starting segment from index:0
2023-02-14 08:18:23,631 [b5737586-1c7b-466e-b8cb-d0d8351e95e3-server-thread2] INFO  server.RaftServer$Division (ServerState.java:setRaftConf(430)) - b5737586-1c7b-466e-b8cb-d0d8351e95e3@group-1B6006AEFDDC: set configuration 0: peers:[b5737586-1c7b-466e-b8cb-d0d8351e95e3|rpc:10.1.0.19:36425|dataStream:10.1.0.19:38459|priority:0|startupRole:FOLLOWER, ad6dcd81-1875-4667-9f21-c7397548b1ba|rpc:10.1.0.19:34199|dataStream:10.1.0.19:34273|priority:1|startupRole:FOLLOWER, 31091561-319b-44fe-8343-13da60b8022d|rpc:10.1.0.19:41071|dataStream:10.1.0.19:37967|priority:0|startupRole:FOLLOWER]|listeners:[], old=null
2023-02-14 08:18:23,631 [b5737586-1c7b-466e-b8cb-d0d8351e95e3-server-thread2] INFO  segmented.SegmentedRaftLogWorker (SegmentedRaftLogWorker.java:startLogSegment(452)) - b5737586-1c7b-466e-b8cb-d0d8351e95e3@group-1B6006AEFDDC-SegmentedRaftLogWorker: Starting segment from index:0
2023-02-14 08:18:23,632 [31091561-319b-44fe-8343-13da60b8022d@group-1B6006AEFDDC-SegmentedRaftLogWorker] INFO  segmented.SegmentedRaftLogWorker (SegmentedRaftLogWorker.java:execute(656)) - 31091561-319b-44fe-8343-13da60b8022d@group-1B6006AEFDDC-SegmentedRaftLogWorker: created new log segment /home/runner/work/ozone/ozone/hadoop-ozone/integration-test/target/test-dir/MiniOzoneClusterImpl-48139d39-b3ff-469d-bfde-a70ccbd6566f/datanode-1/data/ratis/94426ebe-b92e-468c-8a93-1b6006aefddc/current/log_inprogress_0
2023-02-14 08:18:23,632 [b5737586-1c7b-466e-b8cb-d0d8351e95e3@group-1B6006AEFDDC-SegmentedRaftLogWorker] INFO  segmented.SegmentedRaftLogWorker (SegmentedRaftLogWorker.java:execute(656)) - b5737586-1c7b-466e-b8cb-d0d8351e95e3@group-1B6006AEFDDC-SegmentedRaftLogWorker: created new log segment /home/runner/work/ozone/ozone/hadoop-ozone/integration-test/target/test-dir/MiniOzoneClusterImpl-48139d39-b3ff-469d-bfde-a70ccbd6566f/datanode-2/data/ratis/94426ebe-b92e-468c-8a93-1b6006aefddc/current/log_inprogress_0
2023-02-14 08:18:23,743 [Listener at 127.0.0.1/34455] INFO  ozone.MiniOzoneClusterImpl (MiniOzoneClusterImpl.java:lambda$waitForClusterToBeReady$0(218)) - Nodes are ready. Got 5 of 5 DN Heartbeats.
2023-02-14 08:18:23,744 [Listener at 127.0.0.1/34455] INFO  ozone.MiniOzoneClusterImpl (MiniOzoneClusterImpl.java:lambda$waitForClusterToBeReady$0(221)) - Cluster exits safe mode
2023-02-14 08:18:23,744 [Listener at 127.0.0.1/34455] INFO  ozone.MiniOzoneClusterImpl (MiniOzoneClusterImpl.java:lambda$waitForClusterToBeReady$0(223)) - SCM became leader
2023-02-14 08:18:23,765 [Listener at 127.0.0.1/34455] INFO  rpc.RpcClient (RpcClient.java:createVolume(476)) - Creating Volume: volume94786, with user57224 as owner and space quota set to -1 bytes, counts quota set to -1
2023-02-14 08:18:23,767 [IPC Server handler 2 on default port 34455] INFO  volume.OMVolumeCreateRequest (OMVolumeCreateRequest.java:validateAndUpdateCache(195)) - created volume:volume94786 for user:user57224
2023-02-14 08:18:23,774 [Listener at 127.0.0.1/34455] INFO  rpc.RpcClient (RpcClient.java:createBucket(699)) - Creating Bucket: volume94786/bucket02286, with bucket layout LEGACY, runner as owner, Versioning false, Storage Type set to DISK and Encryption set to false, Replication Type set to server-side default replication type, Namespace Quota set to -1, Space Quota set to -1 
2023-02-14 08:18:23,779 [IPC Server handler 4 on default port 34455] INFO  bucket.OMBucketCreateRequest (OMBucketCreateRequest.java:validateAndUpdateCache(263)) - created bucket: bucket02286 of layout LEGACY in volume: volume94786
]]></system-out>
  </testcase>
  <testcase name="testGetTrashRoot" classname="TestOzoneFileSystem" time="20.016">
    <system-out><![CDATA[2023-02-14 08:18:47,567 [Listener at 127.0.0.1/34455] INFO  ozone.MiniOzoneClusterImpl (MiniOzoneClusterImpl.java:shutdown(450)) - Shutting down the Mini Ozone Cluster
2023-02-14 08:18:47,567 [Listener at 127.0.0.1/34455] INFO  ozone.MiniOzoneClusterImpl (MiniOzoneClusterImpl.java:stop(465)) - Stopping the Mini Ozone Cluster
2023-02-14 08:18:47,567 [Listener at 127.0.0.1/34455] INFO  ozone.MiniOzoneClusterImpl (MiniOzoneClusterImpl.java:stopOM(547)) - Stopping the OzoneManager
2023-02-14 08:18:47,568 [Listener at 127.0.0.1/34455] INFO  om.OzoneManager (OzoneManager.java:stop(2139)) - om1[localhost:0]: Stopping Ozone Manager
2023-02-14 08:18:47,568 [Listener at 127.0.0.1/34455] INFO  ipc.Server (Server.java:stop(3428)) - Stopping server on 34455
2023-02-14 08:18:47,572 [IPC Server listener on 0] INFO  ipc.Server (Server.java:run(1384)) - Stopping IPC Server listener on 0
2023-02-14 08:18:47,573 [Listener at 127.0.0.1/34455] INFO  ratis.OzoneManagerDoubleBuffer (OzoneManagerDoubleBuffer.java:stopDaemon(541)) - Stopping OMDoubleBuffer flush thread
2023-02-14 08:18:47,573 [IPC Server Responder] INFO  ipc.Server (Server.java:run(1517)) - Stopping IPC Server Responder
2023-02-14 08:18:47,573 [OMDoubleBufferFlushThread] INFO  ratis.OzoneManagerDoubleBuffer (OzoneManagerDoubleBuffer.java:canFlush(626)) - OMDoubleBuffer flush thread OMDoubleBufferFlushThread is interrupted and will exit.
2023-02-14 08:18:47,574 [Listener at 127.0.0.1/34455] INFO  utils.BackgroundService (BackgroundService.java:shutdown(141)) - Shutting down service KeyDeletingService
2023-02-14 08:18:47,574 [Listener at 127.0.0.1/34455] INFO  utils.BackgroundService (BackgroundService.java:shutdown(141)) - Shutting down service DirectoryDeletingService
2023-02-14 08:18:47,574 [Listener at 127.0.0.1/34455] INFO  utils.BackgroundService (BackgroundService.java:shutdown(141)) - Shutting down service OpenKeyCleanupService
2023-02-14 08:18:47,574 [Listener at 127.0.0.1/34455] INFO  utils.BackgroundService (BackgroundService.java:shutdown(141)) - Shutting down service SstFilteringService
2023-02-14 08:18:47,575 [Listener at 127.0.0.1/34455] INFO  handler.ContextHandler (ContextHandler.java:doStop(1159)) - Stopped o.e.j.w.WebAppContext@2858d94d{ozoneManager,/,null,STOPPED}{file:/home/runner/work/ozone/ozone/hadoop-ozone/integration-test/target/test-classes/webapps/ozoneManager}
2023-02-14 08:18:47,575 [Listener at 127.0.0.1/34455] INFO  server.AbstractConnector (AbstractConnector.java:doStop(383)) - Stopped ServerConnector@d6e9960{HTTP/1.1, (http/1.1)}{0.0.0.0:0}
2023-02-14 08:18:47,575 [Listener at 127.0.0.1/34455] INFO  server.session (HouseKeeper.java:stopScavenging(149)) - node0 Stopped scavenging
2023-02-14 08:18:47,576 [Listener at 127.0.0.1/34455] INFO  handler.ContextHandler (ContextHandler.java:doStop(1159)) - Stopped o.e.j.s.ServletContextHandler@5fde3b6d{static,/static,file:///home/runner/work/ozone/ozone/hadoop-ozone/integration-test/target/test-classes/webapps/static,STOPPED}
2023-02-14 08:18:47,576 [Listener at 127.0.0.1/34455] INFO  handler.ContextHandler (ContextHandler.java:doStop(1159)) - Stopped o.e.j.s.ServletContextHandler@48af0ee6{logs,/logs,file:///home/runner/work/ozone/ozone/hadoop-ozone/integration-test/target/log,STOPPED}
2023-02-14 08:18:47,578 [Trash Emptier] ERROR om.TrashPolicyOzone (TrashPolicyOzone.java:run(350)) - Error attempting to shutdown
java.lang.InterruptedException
	at java.util.concurrent.locks.AbstractQueuedSynchronizer$ConditionObject.awaitNanos(AbstractQueuedSynchronizer.java:2067)
	at java.util.concurrent.ThreadPoolExecutor.awaitTermination(ThreadPoolExecutor.java:1475)
	at org.apache.hadoop.ozone.om.TrashPolicyOzone$Emptier.run(TrashPolicyOzone.java:348)
	at java.lang.Thread.run(Thread.java:750)
2023-02-14 08:18:47,581 [Listener at 127.0.0.1/34455] INFO  ozone.MiniOzoneClusterImpl (MiniOzoneClusterImpl.java:stopDatanodes(524)) - Stopping the HddsDatanodes
2023-02-14 08:18:47,583 [Listener at 127.0.0.1/34455] INFO  ozoneimpl.OzoneContainer (OzoneContainer.java:stop(420)) - Attempting to stop container services.
2023-02-14 08:18:47,584 [ForkJoinPool.commonPool-worker-0] INFO  ozoneimpl.OzoneContainer (OzoneContainer.java:stop(420)) - Attempting to stop container services.
2023-02-14 08:18:47,584 [ForkJoinPool.commonPool-worker-0] INFO  server.RaftServer (RaftServerProxy.java:lambda$close$6(409)) - 31091561-319b-44fe-8343-13da60b8022d: close
2023-02-14 08:18:47,585 [31091561-319b-44fe-8343-13da60b8022d-impl-thread1] INFO  server.RaftServer$Division (RaftServerImpl.java:lambda$close$4(458)) - 31091561-319b-44fe-8343-13da60b8022d@group-3C8877628462: shutdown
2023-02-14 08:18:47,585 [31091561-319b-44fe-8343-13da60b8022d-impl-thread1] INFO  util.JmxRegister (JmxRegister.java:unregister(73)) - Successfully un-registered JMX Bean with object name Ratis:service=RaftServer,group=group-3C8877628462,id=31091561-319b-44fe-8343-13da60b8022d
2023-02-14 08:18:47,585 [Listener at 127.0.0.1/34455] INFO  server.RaftServer (RaftServerProxy.java:lambda$close$6(409)) - b5737586-1c7b-466e-b8cb-d0d8351e95e3: close
2023-02-14 08:18:47,585 [31091561-319b-44fe-8343-13da60b8022d-impl-thread1] INFO  impl.RoleInfo (RoleInfo.java:shutdownFollowerState(110)) - 31091561-319b-44fe-8343-13da60b8022d: shutdown 31091561-319b-44fe-8343-13da60b8022d@group-3C8877628462-FollowerState
2023-02-14 08:18:47,585 [31091561-319b-44fe-8343-13da60b8022d-impl-thread1] INFO  impl.StateMachineUpdater (StateMachineUpdater.java:stopAndJoin(153)) - 31091561-319b-44fe-8343-13da60b8022d@group-3C8877628462-StateMachineUpdater: set stopIndex = -1
2023-02-14 08:18:47,591 [b5737586-1c7b-466e-b8cb-d0d8351e95e3-impl-thread1] INFO  server.RaftServer$Division (RaftServerImpl.java:lambda$close$4(458)) - b5737586-1c7b-466e-b8cb-d0d8351e95e3@group-A525657B0CD2: shutdown
2023-02-14 08:18:47,591 [b5737586-1c7b-466e-b8cb-d0d8351e95e3-impl-thread1] INFO  util.JmxRegister (JmxRegister.java:unregister(73)) - Successfully un-registered JMX Bean with object name Ratis:service=RaftServer,group=group-A525657B0CD2,id=b5737586-1c7b-466e-b8cb-d0d8351e95e3
2023-02-14 08:18:47,591 [b5737586-1c7b-466e-b8cb-d0d8351e95e3-impl-thread1] INFO  impl.RoleInfo (RoleInfo.java:shutdownLeaderState(93)) - b5737586-1c7b-466e-b8cb-d0d8351e95e3: shutdown b5737586-1c7b-466e-b8cb-d0d8351e95e3@group-A525657B0CD2-LeaderStateImpl
2023-02-14 08:18:47,591 [b5737586-1c7b-466e-b8cb-d0d8351e95e3-impl-thread2] INFO  server.RaftServer$Division (RaftServerImpl.java:lambda$close$4(458)) - b5737586-1c7b-466e-b8cb-d0d8351e95e3@group-3C8877628462: shutdown
2023-02-14 08:18:47,591 [b5737586-1c7b-466e-b8cb-d0d8351e95e3-impl-thread1] INFO  impl.PendingRequests (PendingRequests.java:sendNotLeaderResponses(282)) - b5737586-1c7b-466e-b8cb-d0d8351e95e3@group-A525657B0CD2-PendingRequests: sendNotLeaderResponses
2023-02-14 08:18:47,591 [b5737586-1c7b-466e-b8cb-d0d8351e95e3-impl-thread2] INFO  util.JmxRegister (JmxRegister.java:unregister(73)) - Successfully un-registered JMX Bean with object name Ratis:service=RaftServer,group=group-3C8877628462,id=b5737586-1c7b-466e-b8cb-d0d8351e95e3
2023-02-14 08:18:47,591 [b5737586-1c7b-466e-b8cb-d0d8351e95e3-impl-thread2] INFO  impl.RoleInfo (RoleInfo.java:shutdownFollowerState(110)) - b5737586-1c7b-466e-b8cb-d0d8351e95e3: shutdown b5737586-1c7b-466e-b8cb-d0d8351e95e3@group-3C8877628462-FollowerState
2023-02-14 08:18:47,591 [Listener at 127.0.0.1/34455] INFO  server.GrpcService (GrpcService.java:closeImpl(271)) - b5737586-1c7b-466e-b8cb-d0d8351e95e3: shutdown server GrpcServerProtocolService now
2023-02-14 08:18:47,591 [b5737586-1c7b-466e-b8cb-d0d8351e95e3-impl-thread1] INFO  impl.StateMachineUpdater (StateMachineUpdater.java:stopAndJoin(153)) - b5737586-1c7b-466e-b8cb-d0d8351e95e3@group-A525657B0CD2-StateMachineUpdater: set stopIndex = 0
2023-02-14 08:18:47,595 [ForkJoinPool.commonPool-worker-0] INFO  server.GrpcService (GrpcService.java:closeImpl(271)) - 31091561-319b-44fe-8343-13da60b8022d: shutdown server GrpcServerProtocolService now
2023-02-14 08:18:47,595 [31091561-319b-44fe-8343-13da60b8022d-impl-thread3] INFO  server.RaftServer$Division (RaftServerImpl.java:lambda$close$4(458)) - 31091561-319b-44fe-8343-13da60b8022d@group-A70B198E060A: shutdown
2023-02-14 08:18:47,599 [31091561-319b-44fe-8343-13da60b8022d-impl-thread2] INFO  server.RaftServer$Division (RaftServerImpl.java:lambda$close$4(458)) - 31091561-319b-44fe-8343-13da60b8022d@group-1B6006AEFDDC: shutdown
2023-02-14 08:18:47,596 [31091561-319b-44fe-8343-13da60b8022d@group-3C8877628462-FollowerState] INFO  impl.FollowerState (FollowerState.java:run(152)) - 31091561-319b-44fe-8343-13da60b8022d@group-3C8877628462-FollowerState was interrupted
2023-02-14 08:18:47,596 [31091561-319b-44fe-8343-13da60b8022d-impl-thread1] INFO  server.RaftServer$Division (ServerState.java:close(466)) - 31091561-319b-44fe-8343-13da60b8022d@group-3C8877628462: closes. applyIndex: -1
2023-02-14 08:18:47,605 [31091561-319b-44fe-8343-13da60b8022d-impl-thread2] INFO  util.JmxRegister (JmxRegister.java:unregister(73)) - Successfully un-registered JMX Bean with object name Ratis:service=RaftServer,group=group-1B6006AEFDDC,id=31091561-319b-44fe-8343-13da60b8022d
2023-02-14 08:18:47,603 [grpc-default-executor-4] WARN  server.GrpcLogAppender (LogUtils.java:warn(122)) - ad6dcd81-1875-4667-9f21-c7397548b1ba@group-1B6006AEFDDC->b5737586-1c7b-466e-b8cb-d0d8351e95e3-AppendLogResponseHandler: Failed appendEntries: org.apache.ratis.thirdparty.io.grpc.StatusRuntimeException: CANCELLED: RST_STREAM closed stream. HTTP/2 error code: CANCEL
2023-02-14 08:18:47,605 [grpc-default-executor-4] INFO  leader.FollowerInfo (FollowerInfoImpl.java:lambda$new$0(48)) - ad6dcd81-1875-4667-9f21-c7397548b1ba@group-1B6006AEFDDC->b5737586-1c7b-466e-b8cb-d0d8351e95e3: nextIndex: updateUnconditionally 30 -> 29
2023-02-14 08:18:47,602 [grpc-default-executor-0] WARN  server.GrpcServerProtocolService (LogUtils.java:warn(122)) - 31091561-319b-44fe-8343-13da60b8022d: installSnapshot onError, lastRequest: null: org.apache.ratis.thirdparty.io.grpc.StatusRuntimeException: CANCELLED: client cancelled
2023-02-14 08:18:47,602 [grpc-default-executor-2] WARN  server.GrpcServerProtocolService (LogUtils.java:warn(122)) - b5737586-1c7b-466e-b8cb-d0d8351e95e3: installSnapshot onError, lastRequest: ad6dcd81-1875-4667-9f21-c7397548b1ba->b5737586-1c7b-466e-b8cb-d0d8351e95e3#340-t1,previous=(t:1, i:28),leaderCommit=27,initializing? true,entries: size=1, first=(t:1, i:29), METADATAENTRY(c:27): org.apache.ratis.thirdparty.io.grpc.StatusRuntimeException: CANCELLED: client cancelled
2023-02-14 08:18:47,601 [grpc-default-executor-3] WARN  server.GrpcServerProtocolService (LogUtils.java:warn(122)) - b5737586-1c7b-466e-b8cb-d0d8351e95e3: installSnapshot onError, lastRequest: null: org.apache.ratis.thirdparty.io.grpc.StatusRuntimeException: CANCELLED: client cancelled
2023-02-14 08:18:47,600 [b5737586-1c7b-466e-b8cb-d0d8351e95e3-impl-thread3] INFO  server.RaftServer$Division (RaftServerImpl.java:lambda$close$4(458)) - b5737586-1c7b-466e-b8cb-d0d8351e95e3@group-1B6006AEFDDC: shutdown
2023-02-14 08:18:47,600 [Listener at 127.0.0.1/34455] INFO  server.GrpcServerProtocolClient (GrpcServerProtocolClient.java:close(101)) - 31091561-319b-44fe-8343-13da60b8022d Close channels
2023-02-14 08:18:47,599 [b5737586-1c7b-466e-b8cb-d0d8351e95e3@group-3C8877628462-FollowerState] INFO  impl.FollowerState (FollowerState.java:run(152)) - b5737586-1c7b-466e-b8cb-d0d8351e95e3@group-3C8877628462-FollowerState was interrupted
2023-02-14 08:18:47,599 [b5737586-1c7b-466e-b8cb-d0d8351e95e3-impl-thread2] INFO  impl.StateMachineUpdater (StateMachineUpdater.java:stopAndJoin(153)) - b5737586-1c7b-466e-b8cb-d0d8351e95e3@group-3C8877628462-StateMachineUpdater: set stopIndex = -1
2023-02-14 08:18:47,599 [b5737586-1c7b-466e-b8cb-d0d8351e95e3@group-A525657B0CD2-StateMachineUpdater] INFO  ratis.ContainerStateMachine (ContainerStateMachine.java:takeSnapshot(308)) - group-A525657B0CD2: Taking a snapshot at:(t:1, i:0) file /home/runner/work/ozone/ozone/hadoop-ozone/integration-test/target/test-dir/MiniOzoneClusterImpl-48139d39-b3ff-469d-bfde-a70ccbd6566f/datanode-2/data/ratis/4488eb3c-5024-4567-8782-a525657b0cd2/sm/snapshot.1_0
2023-02-14 08:18:47,607 [b5737586-1c7b-466e-b8cb-d0d8351e95e3-impl-thread3] INFO  util.JmxRegister (JmxRegister.java:unregister(73)) - Successfully un-registered JMX Bean with object name Ratis:service=RaftServer,group=group-1B6006AEFDDC,id=b5737586-1c7b-466e-b8cb-d0d8351e95e3
2023-02-14 08:18:47,607 [b5737586-1c7b-466e-b8cb-d0d8351e95e3-impl-thread3] INFO  impl.RoleInfo (RoleInfo.java:shutdownFollowerState(110)) - b5737586-1c7b-466e-b8cb-d0d8351e95e3: shutdown b5737586-1c7b-466e-b8cb-d0d8351e95e3@group-1B6006AEFDDC-FollowerState
2023-02-14 08:18:47,608 [31091561-319b-44fe-8343-13da60b8022d-impl-thread2] INFO  impl.RoleInfo (RoleInfo.java:shutdownFollowerState(110)) - 31091561-319b-44fe-8343-13da60b8022d: shutdown 31091561-319b-44fe-8343-13da60b8022d@group-1B6006AEFDDC-FollowerState
2023-02-14 08:18:47,599 [31091561-319b-44fe-8343-13da60b8022d-impl-thread3] INFO  util.JmxRegister (JmxRegister.java:unregister(73)) - Successfully un-registered JMX Bean with object name Ratis:service=RaftServer,group=group-A70B198E060A,id=31091561-319b-44fe-8343-13da60b8022d
2023-02-14 08:18:47,608 [31091561-319b-44fe-8343-13da60b8022d-impl-thread3] INFO  impl.RoleInfo (RoleInfo.java:shutdownLeaderState(93)) - 31091561-319b-44fe-8343-13da60b8022d: shutdown 31091561-319b-44fe-8343-13da60b8022d@group-A70B198E060A-LeaderStateImpl
2023-02-14 08:18:47,608 [31091561-319b-44fe-8343-13da60b8022d-impl-thread3] INFO  impl.PendingRequests (PendingRequests.java:sendNotLeaderResponses(282)) - 31091561-319b-44fe-8343-13da60b8022d@group-A70B198E060A-PendingRequests: sendNotLeaderResponses
2023-02-14 08:18:47,608 [grpc-default-executor-4] WARN  server.GrpcServerProtocolService (LogUtils.java:warn(122)) - 31091561-319b-44fe-8343-13da60b8022d: installSnapshot onError, lastRequest: ad6dcd81-1875-4667-9f21-c7397548b1ba->31091561-319b-44fe-8343-13da60b8022d#339-t1,previous=(t:1, i:28),leaderCommit=27,initializing? true,entries: size=1, first=(t:1, i:29), METADATAENTRY(c:27): org.apache.ratis.thirdparty.io.grpc.StatusRuntimeException: CANCELLED: client cancelled
2023-02-14 08:18:47,606 [b5737586-1c7b-466e-b8cb-d0d8351e95e3-impl-thread2] INFO  server.RaftServer$Division (ServerState.java:close(466)) - b5737586-1c7b-466e-b8cb-d0d8351e95e3@group-3C8877628462: closes. applyIndex: -1
2023-02-14 08:18:47,609 [31091561-319b-44fe-8343-13da60b8022d-impl-thread3] INFO  impl.StateMachineUpdater (StateMachineUpdater.java:stopAndJoin(153)) - 31091561-319b-44fe-8343-13da60b8022d@group-A70B198E060A-StateMachineUpdater: set stopIndex = 0
2023-02-14 08:18:47,609 [31091561-319b-44fe-8343-13da60b8022d@group-A70B198E060A-StateMachineUpdater] INFO  ratis.ContainerStateMachine (ContainerStateMachine.java:takeSnapshot(308)) - group-A70B198E060A: Taking a snapshot at:(t:1, i:0) file /home/runner/work/ozone/ozone/hadoop-ozone/integration-test/target/test-dir/MiniOzoneClusterImpl-48139d39-b3ff-469d-bfde-a70ccbd6566f/datanode-1/data/ratis/005db543-ffeb-4045-8250-a70b198e060a/sm/snapshot.1_0
2023-02-14 08:18:47,609 [b5737586-1c7b-466e-b8cb-d0d8351e95e3@group-A525657B0CD2-StateMachineUpdater] INFO  ratis.ContainerStateMachine (ContainerStateMachine.java:takeSnapshot(319)) - group-A525657B0CD2: Finished taking a snapshot at:(t:1, i:0) file:/home/runner/work/ozone/ozone/hadoop-ozone/integration-test/target/test-dir/MiniOzoneClusterImpl-48139d39-b3ff-469d-bfde-a70ccbd6566f/datanode-2/data/ratis/4488eb3c-5024-4567-8782-a525657b0cd2/sm/snapshot.1_0 took: 9 ms
2023-02-14 08:18:47,610 [31091561-319b-44fe-8343-13da60b8022d@group-A70B198E060A-StateMachineUpdater] INFO  ratis.ContainerStateMachine (ContainerStateMachine.java:takeSnapshot(319)) - group-A70B198E060A: Finished taking a snapshot at:(t:1, i:0) file:/home/runner/work/ozone/ozone/hadoop-ozone/integration-test/target/test-dir/MiniOzoneClusterImpl-48139d39-b3ff-469d-bfde-a70ccbd6566f/datanode-1/data/ratis/005db543-ffeb-4045-8250-a70b198e060a/sm/snapshot.1_0 took: 1 ms
2023-02-14 08:18:47,610 [31091561-319b-44fe-8343-13da60b8022d@group-A70B198E060A-StateMachineUpdater] INFO  impl.StateMachineUpdater (StateMachineUpdater.java:takeSnapshot(287)) - 31091561-319b-44fe-8343-13da60b8022d@group-A70B198E060A-StateMachineUpdater: Took a snapshot at index 0
2023-02-14 08:18:47,610 [31091561-319b-44fe-8343-13da60b8022d@group-A70B198E060A-StateMachineUpdater] INFO  impl.StateMachineUpdater (StateMachineUpdater.java:lambda$new$0(92)) - 31091561-319b-44fe-8343-13da60b8022d@group-A70B198E060A-StateMachineUpdater: snapshotIndex: updateIncreasingly -1 -> 0
2023-02-14 08:18:47,610 [b5737586-1c7b-466e-b8cb-d0d8351e95e3@group-A525657B0CD2-StateMachineUpdater] INFO  impl.StateMachineUpdater (StateMachineUpdater.java:takeSnapshot(287)) - b5737586-1c7b-466e-b8cb-d0d8351e95e3@group-A525657B0CD2-StateMachineUpdater: Took a snapshot at index 0
2023-02-14 08:18:47,610 [b5737586-1c7b-466e-b8cb-d0d8351e95e3@group-A525657B0CD2-StateMachineUpdater] INFO  impl.StateMachineUpdater (StateMachineUpdater.java:lambda$new$0(92)) - b5737586-1c7b-466e-b8cb-d0d8351e95e3@group-A525657B0CD2-StateMachineUpdater: snapshotIndex: updateIncreasingly -1 -> 0
2023-02-14 08:18:47,610 [b5737586-1c7b-466e-b8cb-d0d8351e95e3-impl-thread1] INFO  server.RaftServer$Division (ServerState.java:close(466)) - b5737586-1c7b-466e-b8cb-d0d8351e95e3@group-A525657B0CD2: closes. applyIndex: 0
2023-02-14 08:18:47,615 [b5737586-1c7b-466e-b8cb-d0d8351e95e3@group-A525657B0CD2-SegmentedRaftLogWorker] INFO  segmented.SegmentedRaftLogWorker (SegmentedRaftLogWorker.java:run(347)) - b5737586-1c7b-466e-b8cb-d0d8351e95e3@group-A525657B0CD2-SegmentedRaftLogWorker was interrupted, exiting. There are 0 tasks remaining in the queue.
2023-02-14 08:18:47,615 [b5737586-1c7b-466e-b8cb-d0d8351e95e3@group-3C8877628462-SegmentedRaftLogWorker] INFO  segmented.SegmentedRaftLogWorker (SegmentedRaftLogWorker.java:run(347)) - b5737586-1c7b-466e-b8cb-d0d8351e95e3@group-3C8877628462-SegmentedRaftLogWorker was interrupted, exiting. There are 0 tasks remaining in the queue.
2023-02-14 08:18:47,615 [b5737586-1c7b-466e-b8cb-d0d8351e95e3-impl-thread2] INFO  segmented.SegmentedRaftLogWorker (SegmentedRaftLogWorker.java:close(257)) - b5737586-1c7b-466e-b8cb-d0d8351e95e3@group-3C8877628462-SegmentedRaftLogWorker close()
2023-02-14 08:18:47,615 [ForkJoinPool.commonPool-worker-0] INFO  server.GrpcServerProtocolClient (GrpcServerProtocolClient.java:close(101)) - b5737586-1c7b-466e-b8cb-d0d8351e95e3 Close channels
2023-02-14 08:18:47,616 [grpc-default-executor-6] WARN  server.GrpcLogAppender (LogUtils.java:warn(122)) - ad6dcd81-1875-4667-9f21-c7397548b1ba@group-1B6006AEFDDC->31091561-319b-44fe-8343-13da60b8022d-AppendLogResponseHandler: Failed appendEntries: org.apache.ratis.thirdparty.io.grpc.StatusRuntimeException: CANCELLED: RST_STREAM closed stream. HTTP/2 error code: CANCEL
2023-02-14 08:18:47,616 [grpc-default-executor-6] INFO  leader.FollowerInfo (FollowerInfoImpl.java:lambda$new$0(48)) - ad6dcd81-1875-4667-9f21-c7397548b1ba@group-1B6006AEFDDC->31091561-319b-44fe-8343-13da60b8022d: nextIndex: updateUnconditionally 30 -> 29
2023-02-14 08:18:47,617 [31091561-319b-44fe-8343-13da60b8022d-impl-thread2] INFO  impl.StateMachineUpdater (StateMachineUpdater.java:stopAndJoin(153)) - 31091561-319b-44fe-8343-13da60b8022d@group-1B6006AEFDDC-StateMachineUpdater: set stopIndex = 29
2023-02-14 08:18:47,617 [31091561-319b-44fe-8343-13da60b8022d@group-1B6006AEFDDC-FollowerState] INFO  impl.FollowerState (FollowerState.java:run(152)) - 31091561-319b-44fe-8343-13da60b8022d@group-1B6006AEFDDC-FollowerState was interrupted
2023-02-14 08:18:47,617 [b5737586-1c7b-466e-b8cb-d0d8351e95e3-impl-thread3] INFO  impl.StateMachineUpdater (StateMachineUpdater.java:stopAndJoin(153)) - b5737586-1c7b-466e-b8cb-d0d8351e95e3@group-1B6006AEFDDC-StateMachineUpdater: set stopIndex = 29
2023-02-14 08:18:47,617 [31091561-319b-44fe-8343-13da60b8022d@group-1B6006AEFDDC-StateMachineUpdater] INFO  ratis.ContainerStateMachine (ContainerStateMachine.java:takeSnapshot(308)) - group-1B6006AEFDDC: Taking a snapshot at:(t:1, i:29) file /home/runner/work/ozone/ozone/hadoop-ozone/integration-test/target/test-dir/MiniOzoneClusterImpl-48139d39-b3ff-469d-bfde-a70ccbd6566f/datanode-1/data/ratis/94426ebe-b92e-468c-8a93-1b6006aefddc/sm/snapshot.1_29
2023-02-14 08:18:47,617 [b5737586-1c7b-466e-b8cb-d0d8351e95e3@group-1B6006AEFDDC-FollowerState] INFO  impl.FollowerState (FollowerState.java:run(152)) - b5737586-1c7b-466e-b8cb-d0d8351e95e3@group-1B6006AEFDDC-FollowerState was interrupted
2023-02-14 08:18:47,617 [31091561-319b-44fe-8343-13da60b8022d@group-3C8877628462-SegmentedRaftLogWorker] INFO  segmented.SegmentedRaftLogWorker (SegmentedRaftLogWorker.java:run(347)) - 31091561-319b-44fe-8343-13da60b8022d@group-3C8877628462-SegmentedRaftLogWorker was interrupted, exiting. There are 0 tasks remaining in the queue.
2023-02-14 08:18:47,617 [b5737586-1c7b-466e-b8cb-d0d8351e95e3@group-1B6006AEFDDC-StateMachineUpdater] INFO  ratis.ContainerStateMachine (ContainerStateMachine.java:takeSnapshot(308)) - group-1B6006AEFDDC: Taking a snapshot at:(t:1, i:29) file /home/runner/work/ozone/ozone/hadoop-ozone/integration-test/target/test-dir/MiniOzoneClusterImpl-48139d39-b3ff-469d-bfde-a70ccbd6566f/datanode-2/data/ratis/94426ebe-b92e-468c-8a93-1b6006aefddc/sm/snapshot.1_29
2023-02-14 08:18:47,619 [b5737586-1c7b-466e-b8cb-d0d8351e95e3-impl-thread1] INFO  segmented.SegmentedRaftLogWorker (SegmentedRaftLogWorker.java:close(257)) - b5737586-1c7b-466e-b8cb-d0d8351e95e3@group-A525657B0CD2-SegmentedRaftLogWorker close()
2023-02-14 08:18:47,619 [grpc-default-executor-7] WARN  server.GrpcLogAppender (LogUtils.java:warn(122)) - ad6dcd81-1875-4667-9f21-c7397548b1ba@group-1B6006AEFDDC->b5737586-1c7b-466e-b8cb-d0d8351e95e3-AppendLogResponseHandler: Failed appendEntries: org.apache.ratis.thirdparty.io.grpc.StatusRuntimeException: CANCELLED: RST_STREAM closed stream. HTTP/2 error code: CANCEL
2023-02-14 08:18:47,619 [31091561-319b-44fe-8343-13da60b8022d-impl-thread3] INFO  server.RaftServer$Division (ServerState.java:close(466)) - 31091561-319b-44fe-8343-13da60b8022d@group-A70B198E060A: closes. applyIndex: 0
2023-02-14 08:18:47,620 [31091561-319b-44fe-8343-13da60b8022d@group-A70B198E060A-SegmentedRaftLogWorker] INFO  segmented.SegmentedRaftLogWorker (SegmentedRaftLogWorker.java:run(347)) - 31091561-319b-44fe-8343-13da60b8022d@group-A70B198E060A-SegmentedRaftLogWorker was interrupted, exiting. There are 0 tasks remaining in the queue.
2023-02-14 08:18:47,620 [31091561-319b-44fe-8343-13da60b8022d-impl-thread1] INFO  segmented.SegmentedRaftLogWorker (SegmentedRaftLogWorker.java:close(257)) - 31091561-319b-44fe-8343-13da60b8022d@group-3C8877628462-SegmentedRaftLogWorker close()
2023-02-14 08:18:47,620 [b5737586-1c7b-466e-b8cb-d0d8351e95e3@group-1B6006AEFDDC-StateMachineUpdater] INFO  ratis.ContainerStateMachine (ContainerStateMachine.java:takeSnapshot(319)) - group-1B6006AEFDDC: Finished taking a snapshot at:(t:1, i:29) file:/home/runner/work/ozone/ozone/hadoop-ozone/integration-test/target/test-dir/MiniOzoneClusterImpl-48139d39-b3ff-469d-bfde-a70ccbd6566f/datanode-2/data/ratis/94426ebe-b92e-468c-8a93-1b6006aefddc/sm/snapshot.1_29 took: 3 ms
2023-02-14 08:18:47,621 [b5737586-1c7b-466e-b8cb-d0d8351e95e3@group-1B6006AEFDDC-StateMachineUpdater] INFO  impl.StateMachineUpdater (StateMachineUpdater.java:takeSnapshot(287)) - b5737586-1c7b-466e-b8cb-d0d8351e95e3@group-1B6006AEFDDC-StateMachineUpdater: Took a snapshot at index 29
2023-02-14 08:18:47,621 [b5737586-1c7b-466e-b8cb-d0d8351e95e3@group-1B6006AEFDDC-StateMachineUpdater] INFO  impl.StateMachineUpdater (StateMachineUpdater.java:lambda$new$0(92)) - b5737586-1c7b-466e-b8cb-d0d8351e95e3@group-1B6006AEFDDC-StateMachineUpdater: snapshotIndex: updateIncreasingly -1 -> 29
2023-02-14 08:18:47,621 [31091561-319b-44fe-8343-13da60b8022d@group-1B6006AEFDDC-StateMachineUpdater] INFO  ratis.ContainerStateMachine (ContainerStateMachine.java:takeSnapshot(319)) - group-1B6006AEFDDC: Finished taking a snapshot at:(t:1, i:29) file:/home/runner/work/ozone/ozone/hadoop-ozone/integration-test/target/test-dir/MiniOzoneClusterImpl-48139d39-b3ff-469d-bfde-a70ccbd6566f/datanode-1/data/ratis/94426ebe-b92e-468c-8a93-1b6006aefddc/sm/snapshot.1_29 took: 4 ms
2023-02-14 08:18:47,621 [31091561-319b-44fe-8343-13da60b8022d@group-1B6006AEFDDC-StateMachineUpdater] INFO  impl.StateMachineUpdater (StateMachineUpdater.java:takeSnapshot(287)) - 31091561-319b-44fe-8343-13da60b8022d@group-1B6006AEFDDC-StateMachineUpdater: Took a snapshot at index 29
2023-02-14 08:18:47,621 [31091561-319b-44fe-8343-13da60b8022d@group-1B6006AEFDDC-StateMachineUpdater] INFO  impl.StateMachineUpdater (StateMachineUpdater.java:lambda$new$0(92)) - 31091561-319b-44fe-8343-13da60b8022d@group-1B6006AEFDDC-StateMachineUpdater: snapshotIndex: updateIncreasingly -1 -> 29
2023-02-14 08:18:47,622 [grpc-default-executor-1] WARN  server.GrpcLogAppender (LogUtils.java:warn(122)) - ad6dcd81-1875-4667-9f21-c7397548b1ba@group-1B6006AEFDDC->31091561-319b-44fe-8343-13da60b8022d-AppendLogResponseHandler: Failed appendEntries: org.apache.ratis.thirdparty.io.grpc.StatusRuntimeException: CANCELLED: RST_STREAM closed stream. HTTP/2 error code: CANCEL
2023-02-14 08:18:47,622 [31091561-319b-44fe-8343-13da60b8022d-impl-thread2] INFO  server.RaftServer$Division (ServerState.java:close(466)) - 31091561-319b-44fe-8343-13da60b8022d@group-1B6006AEFDDC: closes. applyIndex: 29
2023-02-14 08:18:47,622 [31091561-319b-44fe-8343-13da60b8022d@group-1B6006AEFDDC-SegmentedRaftLogWorker] INFO  segmented.SegmentedRaftLogWorker (SegmentedRaftLogWorker.java:run(347)) - 31091561-319b-44fe-8343-13da60b8022d@group-1B6006AEFDDC-SegmentedRaftLogWorker was interrupted, exiting. There are 0 tasks remaining in the queue.
2023-02-14 08:18:47,622 [grpc-default-executor-6] WARN  server.GrpcLogAppender (LogUtils.java:warn(122)) - ad6dcd81-1875-4667-9f21-c7397548b1ba@group-1B6006AEFDDC->b5737586-1c7b-466e-b8cb-d0d8351e95e3-AppendLogResponseHandler: Failed appendEntries: org.apache.ratis.thirdparty.io.grpc.StatusRuntimeException: UNAVAILABLE: io exception
2023-02-14 08:18:47,622 [b5737586-1c7b-466e-b8cb-d0d8351e95e3-impl-thread3] INFO  server.RaftServer$Division (ServerState.java:close(466)) - b5737586-1c7b-466e-b8cb-d0d8351e95e3@group-1B6006AEFDDC: closes. applyIndex: 29
2023-02-14 08:18:47,622 [b5737586-1c7b-466e-b8cb-d0d8351e95e3@group-1B6006AEFDDC-SegmentedRaftLogWorker] INFO  segmented.SegmentedRaftLogWorker (SegmentedRaftLogWorker.java:run(347)) - b5737586-1c7b-466e-b8cb-d0d8351e95e3@group-1B6006AEFDDC-SegmentedRaftLogWorker was interrupted, exiting. There are 0 tasks remaining in the queue.
2023-02-14 08:18:47,622 [grpc-default-executor-7] INFO  leader.FollowerInfo (FollowerInfoImpl.java:lambda$new$0(48)) - ad6dcd81-1875-4667-9f21-c7397548b1ba@group-1B6006AEFDDC->b5737586-1c7b-466e-b8cb-d0d8351e95e3: nextIndex: updateUnconditionally 30 -> 29
2023-02-14 08:18:47,622 [grpc-default-executor-6] INFO  leader.FollowerInfo (FollowerInfoImpl.java:lambda$new$0(48)) - ad6dcd81-1875-4667-9f21-c7397548b1ba@group-1B6006AEFDDC->b5737586-1c7b-466e-b8cb-d0d8351e95e3: nextIndex: updateUnconditionally 29 -> 28
2023-02-14 08:18:47,623 [grpc-default-executor-1] INFO  leader.FollowerInfo (FollowerInfoImpl.java:lambda$new$0(48)) - ad6dcd81-1875-4667-9f21-c7397548b1ba@group-1B6006AEFDDC->31091561-319b-44fe-8343-13da60b8022d: nextIndex: updateUnconditionally 30 -> 29
2023-02-14 08:18:47,625 [ForkJoinPool.commonPool-worker-0] INFO  server.GrpcServerProtocolClient (GrpcServerProtocolClient.java:close(101)) - ad6dcd81-1875-4667-9f21-c7397548b1ba Close channels
2023-02-14 08:18:47,625 [Listener at 127.0.0.1/34455] INFO  server.GrpcServerProtocolClient (GrpcServerProtocolClient.java:close(101)) - ad6dcd81-1875-4667-9f21-c7397548b1ba Close channels
2023-02-14 08:18:47,625 [31091561-319b-44fe-8343-13da60b8022d-impl-thread3] INFO  segmented.SegmentedRaftLogWorker (SegmentedRaftLogWorker.java:close(257)) - 31091561-319b-44fe-8343-13da60b8022d@group-A70B198E060A-SegmentedRaftLogWorker close()
2023-02-14 08:18:47,626 [31091561-319b-44fe-8343-13da60b8022d-impl-thread2] INFO  segmented.SegmentedRaftLogWorker (SegmentedRaftLogWorker.java:close(257)) - 31091561-319b-44fe-8343-13da60b8022d@group-1B6006AEFDDC-SegmentedRaftLogWorker close()
2023-02-14 08:18:47,626 [b5737586-1c7b-466e-b8cb-d0d8351e95e3-impl-thread3] INFO  segmented.SegmentedRaftLogWorker (SegmentedRaftLogWorker.java:close(257)) - b5737586-1c7b-466e-b8cb-d0d8351e95e3@group-1B6006AEFDDC-SegmentedRaftLogWorker close()
2023-02-14 08:18:47,626 [grpc-default-executor-1] WARN  server.GrpcLogAppender (LogUtils.java:warn(122)) - ad6dcd81-1875-4667-9f21-c7397548b1ba@group-1B6006AEFDDC->31091561-319b-44fe-8343-13da60b8022d-AppendLogResponseHandler: Failed appendEntries: org.apache.ratis.thirdparty.io.grpc.StatusRuntimeException: UNAVAILABLE: io exception
2023-02-14 08:18:47,627 [grpc-default-executor-1] INFO  leader.FollowerInfo (FollowerInfoImpl.java:lambda$new$0(48)) - ad6dcd81-1875-4667-9f21-c7397548b1ba@group-1B6006AEFDDC->31091561-319b-44fe-8343-13da60b8022d: nextIndex: updateUnconditionally 29 -> 28
2023-02-14 08:18:47,627 [grpc-default-executor-0] WARN  server.GrpcLogAppender (LogUtils.java:warn(122)) - ad6dcd81-1875-4667-9f21-c7397548b1ba@group-1B6006AEFDDC->b5737586-1c7b-466e-b8cb-d0d8351e95e3-AppendLogResponseHandler: Failed appendEntries: org.apache.ratis.thirdparty.io.grpc.StatusRuntimeException: UNAVAILABLE: io exception
2023-02-14 08:18:47,628 [grpc-default-executor-0] INFO  leader.FollowerInfo (FollowerInfoImpl.java:lambda$new$0(48)) - ad6dcd81-1875-4667-9f21-c7397548b1ba@group-1B6006AEFDDC->b5737586-1c7b-466e-b8cb-d0d8351e95e3: nextIndex: updateUnconditionally 28 -> 27
2023-02-14 08:18:47,628 [grpc-default-executor-0] WARN  server.GrpcLogAppender (LogUtils.java:warn(122)) - ad6dcd81-1875-4667-9f21-c7397548b1ba@group-1B6006AEFDDC->31091561-319b-44fe-8343-13da60b8022d-AppendLogResponseHandler: Failed appendEntries: org.apache.ratis.thirdparty.io.grpc.StatusRuntimeException: UNAVAILABLE: io exception
2023-02-14 08:18:47,628 [ForkJoinPool.commonPool-worker-0] INFO  server.GrpcService (GrpcService.java:closeImpl(280)) - 31091561-319b-44fe-8343-13da60b8022d: shutdown server GrpcServerProtocolService successfully
2023-02-14 08:18:47,628 [grpc-default-executor-0] INFO  leader.FollowerInfo (FollowerInfoImpl.java:lambda$new$0(48)) - ad6dcd81-1875-4667-9f21-c7397548b1ba@group-1B6006AEFDDC->31091561-319b-44fe-8343-13da60b8022d: nextIndex: updateUnconditionally 28 -> 27
2023-02-14 08:18:47,628 [31091561-319b-44fe-8343-13da60b8022d-NettyServerStreamRpc-bossGroup--thread1] INFO  logging.LoggingHandler (AbstractInternalLogger.java:log(148)) - [id: 0xd6627fb2, L:/0:0:0:0:0:0:0:0:37967] CLOSE
2023-02-14 08:18:47,628 [31091561-319b-44fe-8343-13da60b8022d-NettyServerStreamRpc-bossGroup--thread1] INFO  logging.LoggingHandler (AbstractInternalLogger.java:log(148)) - [id: 0xd6627fb2, L:/0:0:0:0:0:0:0:0:37967] INACTIVE
2023-02-14 08:18:47,628 [31091561-319b-44fe-8343-13da60b8022d-NettyServerStreamRpc-bossGroup--thread1] INFO  logging.LoggingHandler (AbstractInternalLogger.java:log(148)) - [id: 0xd6627fb2, L:/0:0:0:0:0:0:0:0:37967] UNREGISTERED
2023-02-14 08:18:47,630 [Listener at 127.0.0.1/34455] INFO  server.GrpcService (GrpcService.java:closeImpl(280)) - b5737586-1c7b-466e-b8cb-d0d8351e95e3: shutdown server GrpcServerProtocolService successfully
2023-02-14 08:18:47,630 [b5737586-1c7b-466e-b8cb-d0d8351e95e3-NettyServerStreamRpc-bossGroup--thread1] INFO  logging.LoggingHandler (AbstractInternalLogger.java:log(148)) - [id: 0xc39e22c6, L:/0:0:0:0:0:0:0:0:38459] CLOSE
2023-02-14 08:18:47,630 [b5737586-1c7b-466e-b8cb-d0d8351e95e3-NettyServerStreamRpc-bossGroup--thread1] INFO  logging.LoggingHandler (AbstractInternalLogger.java:log(148)) - [id: 0xc39e22c6, L:/0:0:0:0:0:0:0:0:38459] INACTIVE
2023-02-14 08:18:47,630 [b5737586-1c7b-466e-b8cb-d0d8351e95e3-NettyServerStreamRpc-bossGroup--thread1] INFO  logging.LoggingHandler (AbstractInternalLogger.java:log(148)) - [id: 0xc39e22c6, L:/0:0:0:0:0:0:0:0:38459] UNREGISTERED
2023-02-14 08:18:47,642 [JvmPauseMonitor8] INFO  util.JvmPauseMonitor (JvmPauseMonitor.java:run(111)) - JvmPauseMonitor-b5737586-1c7b-466e-b8cb-d0d8351e95e3: Stopped
2023-02-14 08:18:47,644 [JvmPauseMonitor7] INFO  util.JvmPauseMonitor (JvmPauseMonitor.java:run(111)) - JvmPauseMonitor-31091561-319b-44fe-8343-13da60b8022d: Stopped
2023-02-14 08:18:48,656 [grpc-default-executor-7] WARN  server.GrpcLogAppender (LogUtils.java:warn(122)) - ad6dcd81-1875-4667-9f21-c7397548b1ba@group-1B6006AEFDDC->31091561-319b-44fe-8343-13da60b8022d-AppendLogResponseHandler: Failed appendEntries: org.apache.ratis.thirdparty.io.grpc.StatusRuntimeException: UNAVAILABLE: io exception
2023-02-14 08:18:48,656 [grpc-default-executor-0] WARN  server.GrpcLogAppender (LogUtils.java:warn(122)) - ad6dcd81-1875-4667-9f21-c7397548b1ba@group-1B6006AEFDDC->31091561-319b-44fe-8343-13da60b8022d-AppendLogResponseHandler: Failed appendEntries: org.apache.ratis.thirdparty.io.grpc.StatusRuntimeException: UNAVAILABLE: io exception
2023-02-14 08:18:48,657 [grpc-default-executor-1] WARN  server.GrpcLogAppender (LogUtils.java:warn(122)) - ad6dcd81-1875-4667-9f21-c7397548b1ba@group-1B6006AEFDDC->b5737586-1c7b-466e-b8cb-d0d8351e95e3-AppendLogResponseHandler: Failed appendEntries: org.apache.ratis.thirdparty.io.grpc.StatusRuntimeException: UNAVAILABLE: io exception
2023-02-14 08:18:48,657 [grpc-default-executor-7] INFO  leader.FollowerInfo (FollowerInfoImpl.java:lambda$new$0(48)) - ad6dcd81-1875-4667-9f21-c7397548b1ba@group-1B6006AEFDDC->31091561-319b-44fe-8343-13da60b8022d: nextIndex: updateUnconditionally 27 -> 26
2023-02-14 08:18:48,657 [grpc-default-executor-5] WARN  server.GrpcLogAppender (LogUtils.java:warn(122)) - ad6dcd81-1875-4667-9f21-c7397548b1ba@group-1B6006AEFDDC->b5737586-1c7b-466e-b8cb-d0d8351e95e3-AppendLogResponseHandler: Failed appendEntries: org.apache.ratis.thirdparty.io.grpc.StatusRuntimeException: UNAVAILABLE: io exception
2023-02-14 08:18:48,657 [grpc-default-executor-1] INFO  leader.FollowerInfo (FollowerInfoImpl.java:lambda$new$0(48)) - ad6dcd81-1875-4667-9f21-c7397548b1ba@group-1B6006AEFDDC->b5737586-1c7b-466e-b8cb-d0d8351e95e3: nextIndex: updateUnconditionally 27 -> 26
2023-02-14 08:18:48,658 [grpc-default-executor-5] INFO  leader.FollowerInfo (FollowerInfoImpl.java:lambda$new$0(48)) - ad6dcd81-1875-4667-9f21-c7397548b1ba@group-1B6006AEFDDC->b5737586-1c7b-466e-b8cb-d0d8351e95e3: nextIndex: updateUnconditionally 26 -> 25
2023-02-14 08:18:48,658 [grpc-default-executor-0] INFO  leader.FollowerInfo (FollowerInfoImpl.java:lambda$new$0(48)) - ad6dcd81-1875-4667-9f21-c7397548b1ba@group-1B6006AEFDDC->31091561-319b-44fe-8343-13da60b8022d: nextIndex: updateUnconditionally 26 -> 25
2023-02-14 08:18:48,667 [grpc-default-executor-0] WARN  server.GrpcLogAppender (LogUtils.java:warn(122)) - ad6dcd81-1875-4667-9f21-c7397548b1ba@group-1B6006AEFDDC->31091561-319b-44fe-8343-13da60b8022d-AppendLogResponseHandler: Failed appendEntries: org.apache.ratis.thirdparty.io.grpc.StatusRuntimeException: UNAVAILABLE: io exception
2023-02-14 08:18:48,668 [grpc-default-executor-0] INFO  leader.FollowerInfo (FollowerInfoImpl.java:lambda$new$0(48)) - ad6dcd81-1875-4667-9f21-c7397548b1ba@group-1B6006AEFDDC->31091561-319b-44fe-8343-13da60b8022d: nextIndex: updateUnconditionally 26 -> 25
2023-02-14 08:18:48,668 [grpc-default-executor-5] WARN  server.GrpcLogAppender (LogUtils.java:warn(122)) - ad6dcd81-1875-4667-9f21-c7397548b1ba@group-1B6006AEFDDC->31091561-319b-44fe-8343-13da60b8022d-AppendLogResponseHandler: Failed appendEntries: org.apache.ratis.thirdparty.io.grpc.StatusRuntimeException: UNAVAILABLE: io exception
2023-02-14 08:18:48,668 [grpc-default-executor-5] INFO  leader.FollowerInfo (FollowerInfoImpl.java:lambda$new$0(48)) - ad6dcd81-1875-4667-9f21-c7397548b1ba@group-1B6006AEFDDC->31091561-319b-44fe-8343-13da60b8022d: nextIndex: updateUnconditionally 25 -> 24
2023-02-14 08:18:48,668 [grpc-default-executor-5] WARN  server.GrpcLogAppender (LogUtils.java:warn(122)) - ad6dcd81-1875-4667-9f21-c7397548b1ba@group-1B6006AEFDDC->b5737586-1c7b-466e-b8cb-d0d8351e95e3-AppendLogResponseHandler: Failed appendEntries: org.apache.ratis.thirdparty.io.grpc.StatusRuntimeException: UNAVAILABLE: io exception
2023-02-14 08:18:48,670 [grpc-default-executor-0] WARN  server.GrpcLogAppender (LogUtils.java:warn(122)) - ad6dcd81-1875-4667-9f21-c7397548b1ba@group-1B6006AEFDDC->b5737586-1c7b-466e-b8cb-d0d8351e95e3-AppendLogResponseHandler: Failed appendEntries: org.apache.ratis.thirdparty.io.grpc.StatusRuntimeException: UNAVAILABLE: io exception
2023-02-14 08:18:48,671 [grpc-default-executor-5] INFO  leader.FollowerInfo (FollowerInfoImpl.java:lambda$new$0(48)) - ad6dcd81-1875-4667-9f21-c7397548b1ba@group-1B6006AEFDDC->b5737586-1c7b-466e-b8cb-d0d8351e95e3: nextIndex: updateUnconditionally 26 -> 25
2023-02-14 08:18:48,671 [grpc-default-executor-0] INFO  leader.FollowerInfo (FollowerInfoImpl.java:lambda$new$0(48)) - ad6dcd81-1875-4667-9f21-c7397548b1ba@group-1B6006AEFDDC->b5737586-1c7b-466e-b8cb-d0d8351e95e3: nextIndex: updateUnconditionally 25 -> 24
2023-02-14 08:18:49,242 [ad6dcd81-1875-4667-9f21-c7397548b1ba@group-3C8877628462-FollowerState] INFO  impl.FollowerState (FollowerState.java:run(143)) - ad6dcd81-1875-4667-9f21-c7397548b1ba@group-3C8877628462-FollowerState: change to CANDIDATE, lastRpcElapsedTime:5169703768ns, electionTimeout:5165ms
2023-02-14 08:18:49,242 [ad6dcd81-1875-4667-9f21-c7397548b1ba@group-3C8877628462-FollowerState] INFO  impl.RoleInfo (RoleInfo.java:shutdownFollowerState(110)) - ad6dcd81-1875-4667-9f21-c7397548b1ba: shutdown ad6dcd81-1875-4667-9f21-c7397548b1ba@group-3C8877628462-FollowerState
2023-02-14 08:18:49,242 [ad6dcd81-1875-4667-9f21-c7397548b1ba@group-3C8877628462-FollowerState] INFO  server.RaftServer$Division (RaftServerImpl.java:setRole(321)) - ad6dcd81-1875-4667-9f21-c7397548b1ba@group-3C8877628462: changes role from  FOLLOWER to CANDIDATE at term 5 for changeToCandidate
2023-02-14 08:18:49,242 [ad6dcd81-1875-4667-9f21-c7397548b1ba@group-3C8877628462-FollowerState] INFO  server.RaftServerConfigKeys (ConfUtils.java:logGet(46)) - raft.server.leaderelection.pre-vote = false (custom)
2023-02-14 08:18:49,242 [ad6dcd81-1875-4667-9f21-c7397548b1ba@group-3C8877628462-FollowerState] INFO  impl.RoleInfo (RoleInfo.java:updateAndGet(139)) - ad6dcd81-1875-4667-9f21-c7397548b1ba: start ad6dcd81-1875-4667-9f21-c7397548b1ba@group-3C8877628462-LeaderElection25
2023-02-14 08:18:49,244 [ad6dcd81-1875-4667-9f21-c7397548b1ba@group-3C8877628462-LeaderElection25] INFO  impl.LeaderElection (LeaderElection.java:askForVotes(312)) - ad6dcd81-1875-4667-9f21-c7397548b1ba@group-3C8877628462-LeaderElection25 ELECTION round 0: submit vote requests at term 6 for -1: peers:[b5737586-1c7b-466e-b8cb-d0d8351e95e3|rpc:10.1.0.19:36425|dataStream:10.1.0.19:38459|priority:0|startupRole:FOLLOWER, 31091561-319b-44fe-8343-13da60b8022d|rpc:10.1.0.19:41071|dataStream:10.1.0.19:37967|priority:1|startupRole:FOLLOWER, ad6dcd81-1875-4667-9f21-c7397548b1ba|rpc:10.1.0.19:34199|dataStream:10.1.0.19:34273|priority:0|startupRole:FOLLOWER]|listeners:[], old=null
2023-02-14 08:18:49,245 [ad6dcd81-1875-4667-9f21-c7397548b1ba@group-3C8877628462-LeaderElection25] INFO  server.RaftServerConfigKeys (ConfUtils.java:logFallback(53)) - raft.server.rpc.first-election.timeout.min = 5s (fallback to raft.server.rpc.timeout.min)
2023-02-14 08:18:49,245 [ad6dcd81-1875-4667-9f21-c7397548b1ba@group-3C8877628462-LeaderElection25] INFO  server.RaftServerConfigKeys (ConfUtils.java:logFallback(53)) - raft.server.rpc.first-election.timeout.max = 5200ms (fallback to raft.server.rpc.timeout.max)
2023-02-14 08:18:49,245 [ad6dcd81-1875-4667-9f21-c7397548b1ba@group-3C8877628462-LeaderElection25] INFO  impl.LeaderElection (LogUtils.java:infoOrTrace(137)) - ad6dcd81-1875-4667-9f21-c7397548b1ba@group-3C8877628462-LeaderElection25 got exception when requesting votes: java.util.concurrent.ExecutionException: org.apache.ratis.thirdparty.io.grpc.StatusRuntimeException: UNAVAILABLE: io exception
2023-02-14 08:18:49,245 [ad6dcd81-1875-4667-9f21-c7397548b1ba@group-3C8877628462-LeaderElection25] INFO  impl.LeaderElection (LogUtils.java:infoOrTrace(137)) - ad6dcd81-1875-4667-9f21-c7397548b1ba@group-3C8877628462-LeaderElection25 got exception when requesting votes: java.util.concurrent.ExecutionException: org.apache.ratis.thirdparty.io.grpc.StatusRuntimeException: UNAVAILABLE: io exception
2023-02-14 08:18:49,245 [ad6dcd81-1875-4667-9f21-c7397548b1ba@group-3C8877628462-LeaderElection25] INFO  impl.LeaderElection (LeaderElection.java:logAndReturn(90)) - ad6dcd81-1875-4667-9f21-c7397548b1ba@group-3C8877628462-LeaderElection25: ELECTION REJECTED received 0 response(s) and 2 exception(s):
2023-02-14 08:18:49,246 [ad6dcd81-1875-4667-9f21-c7397548b1ba@group-3C8877628462-LeaderElection25] INFO  impl.LeaderElection (LogUtils.java:infoOrTrace(137)) -   Exception 0: java.util.concurrent.ExecutionException: org.apache.ratis.thirdparty.io.grpc.StatusRuntimeException: UNAVAILABLE: io exception
2023-02-14 08:18:49,246 [ad6dcd81-1875-4667-9f21-c7397548b1ba@group-3C8877628462-LeaderElection25] INFO  impl.LeaderElection (LogUtils.java:infoOrTrace(137)) -   Exception 1: java.util.concurrent.ExecutionException: org.apache.ratis.thirdparty.io.grpc.StatusRuntimeException: UNAVAILABLE: io exception
2023-02-14 08:18:49,246 [ad6dcd81-1875-4667-9f21-c7397548b1ba@group-3C8877628462-LeaderElection25] INFO  impl.LeaderElection (LeaderElection.java:askForVotes(314)) - ad6dcd81-1875-4667-9f21-c7397548b1ba@group-3C8877628462-LeaderElection25 ELECTION round 0: result REJECTED
2023-02-14 08:18:49,246 [ad6dcd81-1875-4667-9f21-c7397548b1ba@group-3C8877628462-LeaderElection25] INFO  server.RaftServer$Division (RaftServerImpl.java:setRole(321)) - ad6dcd81-1875-4667-9f21-c7397548b1ba@group-3C8877628462: changes role from CANDIDATE to FOLLOWER at term 6 for REJECTED
2023-02-14 08:18:49,246 [ad6dcd81-1875-4667-9f21-c7397548b1ba@group-3C8877628462-LeaderElection25] INFO  impl.RoleInfo (RoleInfo.java:shutdownLeaderElection(130)) - ad6dcd81-1875-4667-9f21-c7397548b1ba: shutdown ad6dcd81-1875-4667-9f21-c7397548b1ba@group-3C8877628462-LeaderElection25
2023-02-14 08:18:49,247 [ad6dcd81-1875-4667-9f21-c7397548b1ba@group-3C8877628462-LeaderElection25] INFO  impl.RoleInfo (RoleInfo.java:updateAndGet(139)) - ad6dcd81-1875-4667-9f21-c7397548b1ba: start ad6dcd81-1875-4667-9f21-c7397548b1ba@group-3C8877628462-FollowerState
2023-02-14 08:18:49,248 [ad6dcd81-1875-4667-9f21-c7397548b1ba@group-3C8877628462-FollowerState] INFO  server.RaftServerConfigKeys (ConfUtils.java:logFallback(53)) - raft.server.rpc.first-election.timeout.min = 5s (fallback to raft.server.rpc.timeout.min)
2023-02-14 08:18:49,248 [ad6dcd81-1875-4667-9f21-c7397548b1ba@group-3C8877628462-FollowerState] INFO  server.RaftServerConfigKeys (ConfUtils.java:logFallback(53)) - raft.server.rpc.first-election.timeout.max = 5200ms (fallback to raft.server.rpc.timeout.max)
2023-02-14 08:18:49,653 [Listener at 127.0.0.1/34455] INFO  volume.HddsVolume (HddsVolume.java:closeDbStore(362)) - SchemaV3 db is stopped at /home/runner/work/ozone/ozone/hadoop-ozone/integration-test/target/test-dir/MiniOzoneClusterImpl-48139d39-b3ff-469d-bfde-a70ccbd6566f/datanode-2/data-0/containers/hdds/48139d39-b3ff-469d-bfde-a70ccbd6566f/DS-df490254-49ae-42ec-afda-fd009df2e14d/container.db for volume DS-df490254-49ae-42ec-afda-fd009df2e14d
2023-02-14 08:18:49,653 [Listener at 127.0.0.1/34455] INFO  utils.BackgroundService (BackgroundService.java:shutdown(141)) - Shutting down service BlockDeletingService
2023-02-14 08:18:49,655 [ForkJoinPool.commonPool-worker-0] INFO  volume.HddsVolume (HddsVolume.java:closeDbStore(362)) - SchemaV3 db is stopped at /home/runner/work/ozone/ozone/hadoop-ozone/integration-test/target/test-dir/MiniOzoneClusterImpl-48139d39-b3ff-469d-bfde-a70ccbd6566f/datanode-1/data-0/containers/hdds/48139d39-b3ff-469d-bfde-a70ccbd6566f/DS-5dac911f-1287-408f-9cff-43e1b415874d/container.db for volume DS-5dac911f-1287-408f-9cff-43e1b415874d
2023-02-14 08:18:49,656 [ForkJoinPool.commonPool-worker-0] INFO  utils.BackgroundService (BackgroundService.java:shutdown(141)) - Shutting down service BlockDeletingService
2023-02-14 08:18:49,656 [Listener at 127.0.0.1/34455] INFO  utils.BackgroundService (BackgroundService.java:shutdown(141)) - Shutting down service StaleRecoveringContainerScrubbingService
2023-02-14 08:18:49,656 [ForkJoinPool.commonPool-worker-0] INFO  utils.BackgroundService (BackgroundService.java:shutdown(141)) - Shutting down service StaleRecoveringContainerScrubbingService
2023-02-14 08:18:49,659 [Listener at 127.0.0.1/34455] INFO  statemachine.DatanodeStateMachine (DatanodeStateMachine.java:stopDaemon(600)) - Ozone container server stopped.
2023-02-14 08:18:49,659 [ForkJoinPool.commonPool-worker-0] INFO  statemachine.DatanodeStateMachine (DatanodeStateMachine.java:stopDaemon(600)) - Ozone container server stopped.
2023-02-14 08:18:49,673 [ForkJoinPool.commonPool-worker-0] INFO  handler.ContextHandler (ContextHandler.java:doStop(1159)) - Stopped o.e.j.w.WebAppContext@36cfb0a7{hddsDatanode,/,null,STOPPED}{jar:file:/home/runner/.m2/repository/org/apache/ozone/hdds-container-service/1.4.0-SNAPSHOT/hdds-container-service-1.4.0-SNAPSHOT.jar!/webapps/hddsDatanode}
2023-02-14 08:18:49,673 [ForkJoinPool.commonPool-worker-0] INFO  server.AbstractConnector (AbstractConnector.java:doStop(383)) - Stopped ServerConnector@4318cdec{HTTP/1.1, (http/1.1)}{0.0.0.0:0}
2023-02-14 08:18:49,674 [ForkJoinPool.commonPool-worker-0] INFO  server.session (HouseKeeper.java:stopScavenging(149)) - node0 Stopped scavenging
2023-02-14 08:18:49,674 [ForkJoinPool.commonPool-worker-0] INFO  handler.ContextHandler (ContextHandler.java:doStop(1159)) - Stopped o.e.j.s.ServletContextHandler@4e41a15a{static,/static,jar:file:/home/runner/.m2/repository/org/apache/ozone/hdds-container-service/1.4.0-SNAPSHOT/hdds-container-service-1.4.0-SNAPSHOT.jar!/webapps/static,STOPPED}
2023-02-14 08:18:49,675 [ForkJoinPool.commonPool-worker-0] INFO  handler.ContextHandler (ContextHandler.java:doStop(1159)) - Stopped o.e.j.s.ServletContextHandler@723eb328{logs,/logs,file:///home/runner/work/ozone/ozone/hadoop-ozone/integration-test/target/log,STOPPED}
2023-02-14 08:18:49,678 [Listener at 127.0.0.1/34455] INFO  handler.ContextHandler (ContextHandler.java:doStop(1159)) - Stopped o.e.j.w.WebAppContext@66bdf07e{hddsDatanode,/,null,STOPPED}{jar:file:/home/runner/.m2/repository/org/apache/ozone/hdds-container-service/1.4.0-SNAPSHOT/hdds-container-service-1.4.0-SNAPSHOT.jar!/webapps/hddsDatanode}
2023-02-14 08:18:49,680 [Listener at 127.0.0.1/34455] INFO  server.AbstractConnector (AbstractConnector.java:doStop(383)) - Stopped ServerConnector@11f39a87{HTTP/1.1, (http/1.1)}{0.0.0.0:0}
2023-02-14 08:18:49,680 [Listener at 127.0.0.1/34455] INFO  server.session (HouseKeeper.java:stopScavenging(149)) - node0 Stopped scavenging
2023-02-14 08:18:49,680 [ForkJoinPool.commonPool-worker-0] INFO  ozoneimpl.OzoneContainer (OzoneContainer.java:stop(420)) - Attempting to stop container services.
2023-02-14 08:18:49,681 [ForkJoinPool.commonPool-worker-0] INFO  server.RaftServer (RaftServerProxy.java:lambda$close$6(409)) - ad6dcd81-1875-4667-9f21-c7397548b1ba: close
2023-02-14 08:18:49,681 [ad6dcd81-1875-4667-9f21-c7397548b1ba-impl-thread1] INFO  server.RaftServer$Division (RaftServerImpl.java:lambda$close$4(458)) - ad6dcd81-1875-4667-9f21-c7397548b1ba@group-54813B5B2ABA: shutdown
2023-02-14 08:18:49,681 [ad6dcd81-1875-4667-9f21-c7397548b1ba-impl-thread1] INFO  util.JmxRegister (JmxRegister.java:unregister(73)) - Successfully un-registered JMX Bean with object name Ratis:service=RaftServer,group=group-54813B5B2ABA,id=ad6dcd81-1875-4667-9f21-c7397548b1ba
2023-02-14 08:18:49,681 [ad6dcd81-1875-4667-9f21-c7397548b1ba-impl-thread1] INFO  impl.RoleInfo (RoleInfo.java:shutdownLeaderState(93)) - ad6dcd81-1875-4667-9f21-c7397548b1ba: shutdown ad6dcd81-1875-4667-9f21-c7397548b1ba@group-54813B5B2ABA-LeaderStateImpl
2023-02-14 08:18:49,681 [ad6dcd81-1875-4667-9f21-c7397548b1ba-impl-thread2] INFO  server.RaftServer$Division (RaftServerImpl.java:lambda$close$4(458)) - ad6dcd81-1875-4667-9f21-c7397548b1ba@group-3C8877628462: shutdown
2023-02-14 08:18:49,681 [ad6dcd81-1875-4667-9f21-c7397548b1ba-impl-thread1] INFO  impl.PendingRequests (PendingRequests.java:sendNotLeaderResponses(282)) - ad6dcd81-1875-4667-9f21-c7397548b1ba@group-54813B5B2ABA-PendingRequests: sendNotLeaderResponses
2023-02-14 08:18:49,681 [ad6dcd81-1875-4667-9f21-c7397548b1ba-impl-thread2] INFO  util.JmxRegister (JmxRegister.java:unregister(73)) - Successfully un-registered JMX Bean with object name Ratis:service=RaftServer,group=group-3C8877628462,id=ad6dcd81-1875-4667-9f21-c7397548b1ba
2023-02-14 08:18:49,681 [ad6dcd81-1875-4667-9f21-c7397548b1ba-impl-thread2] INFO  impl.RoleInfo (RoleInfo.java:shutdownFollowerState(110)) - ad6dcd81-1875-4667-9f21-c7397548b1ba: shutdown ad6dcd81-1875-4667-9f21-c7397548b1ba@group-3C8877628462-FollowerState
2023-02-14 08:18:49,681 [ad6dcd81-1875-4667-9f21-c7397548b1ba-impl-thread1] INFO  impl.StateMachineUpdater (StateMachineUpdater.java:stopAndJoin(153)) - ad6dcd81-1875-4667-9f21-c7397548b1ba@group-54813B5B2ABA-StateMachineUpdater: set stopIndex = 0
2023-02-14 08:18:49,682 [ad6dcd81-1875-4667-9f21-c7397548b1ba@group-54813B5B2ABA-StateMachineUpdater] INFO  ratis.ContainerStateMachine (ContainerStateMachine.java:takeSnapshot(308)) - group-54813B5B2ABA: Taking a snapshot at:(t:1, i:0) file /home/runner/work/ozone/ozone/hadoop-ozone/integration-test/target/test-dir/MiniOzoneClusterImpl-48139d39-b3ff-469d-bfde-a70ccbd6566f/datanode-0/data/ratis/a84f39c2-ddeb-48db-941c-54813b5b2aba/sm/snapshot.1_0
2023-02-14 08:18:49,682 [Listener at 127.0.0.1/34455] INFO  handler.ContextHandler (ContextHandler.java:doStop(1159)) - Stopped o.e.j.s.ServletContextHandler@69bb2b82{static,/static,jar:file:/home/runner/.m2/repository/org/apache/ozone/hdds-container-service/1.4.0-SNAPSHOT/hdds-container-service-1.4.0-SNAPSHOT.jar!/webapps/static,STOPPED}
2023-02-14 08:18:49,682 [Listener at 127.0.0.1/34455] INFO  handler.ContextHandler (ContextHandler.java:doStop(1159)) - Stopped o.e.j.s.ServletContextHandler@6723a356{logs,/logs,file:///home/runner/work/ozone/ozone/hadoop-ozone/integration-test/target/log,STOPPED}
2023-02-14 08:18:49,683 [ForkJoinPool.commonPool-worker-0] INFO  server.GrpcService (GrpcService.java:closeImpl(271)) - ad6dcd81-1875-4667-9f21-c7397548b1ba: shutdown server GrpcServerProtocolService now
2023-02-14 08:18:49,683 [ad6dcd81-1875-4667-9f21-c7397548b1ba-impl-thread3] INFO  server.RaftServer$Division (RaftServerImpl.java:lambda$close$4(458)) - ad6dcd81-1875-4667-9f21-c7397548b1ba@group-1B6006AEFDDC: shutdown
2023-02-14 08:18:49,683 [ad6dcd81-1875-4667-9f21-c7397548b1ba-impl-thread3] INFO  util.JmxRegister (JmxRegister.java:unregister(73)) - Successfully un-registered JMX Bean with object name Ratis:service=RaftServer,group=group-1B6006AEFDDC,id=ad6dcd81-1875-4667-9f21-c7397548b1ba
2023-02-14 08:18:49,683 [ad6dcd81-1875-4667-9f21-c7397548b1ba-impl-thread3] INFO  impl.RoleInfo (RoleInfo.java:shutdownLeaderState(93)) - ad6dcd81-1875-4667-9f21-c7397548b1ba: shutdown ad6dcd81-1875-4667-9f21-c7397548b1ba@group-1B6006AEFDDC-LeaderStateImpl
2023-02-14 08:18:49,683 [ad6dcd81-1875-4667-9f21-c7397548b1ba@group-1B6006AEFDDC->b5737586-1c7b-466e-b8cb-d0d8351e95e3-GrpcLogAppender-LogAppenderDaemon] WARN  server.GrpcLogAppender (GrpcLogAppender.java:mayWait(200)) - ad6dcd81-1875-4667-9f21-c7397548b1ba@group-1B6006AEFDDC->b5737586-1c7b-466e-b8cb-d0d8351e95e3-GrpcLogAppender: Wait interrupted by java.lang.InterruptedException
2023-02-14 08:18:49,684 [ad6dcd81-1875-4667-9f21-c7397548b1ba@group-1B6006AEFDDC->31091561-319b-44fe-8343-13da60b8022d-GrpcLogAppender-LogAppenderDaemon] WARN  server.GrpcLogAppender (GrpcLogAppender.java:mayWait(200)) - ad6dcd81-1875-4667-9f21-c7397548b1ba@group-1B6006AEFDDC->31091561-319b-44fe-8343-13da60b8022d-GrpcLogAppender: Wait interrupted by java.lang.InterruptedException
2023-02-14 08:18:49,684 [ad6dcd81-1875-4667-9f21-c7397548b1ba@group-3C8877628462-FollowerState] INFO  impl.FollowerState (FollowerState.java:run(152)) - ad6dcd81-1875-4667-9f21-c7397548b1ba@group-3C8877628462-FollowerState was interrupted
2023-02-14 08:18:49,685 [ForkJoinPool.commonPool-worker-0] INFO  server.GrpcServerProtocolClient (GrpcServerProtocolClient.java:close(101)) - b5737586-1c7b-466e-b8cb-d0d8351e95e3 Close channels
2023-02-14 08:18:49,685 [ad6dcd81-1875-4667-9f21-c7397548b1ba-impl-thread3] INFO  impl.PendingRequests (PendingRequests.java:sendNotLeaderResponses(282)) - ad6dcd81-1875-4667-9f21-c7397548b1ba@group-1B6006AEFDDC-PendingRequests: sendNotLeaderResponses
2023-02-14 08:18:49,685 [ad6dcd81-1875-4667-9f21-c7397548b1ba@group-54813B5B2ABA-StateMachineUpdater] INFO  ratis.ContainerStateMachine (ContainerStateMachine.java:takeSnapshot(319)) - group-54813B5B2ABA: Finished taking a snapshot at:(t:1, i:0) file:/home/runner/work/ozone/ozone/hadoop-ozone/integration-test/target/test-dir/MiniOzoneClusterImpl-48139d39-b3ff-469d-bfde-a70ccbd6566f/datanode-0/data/ratis/a84f39c2-ddeb-48db-941c-54813b5b2aba/sm/snapshot.1_0 took: 3 ms
2023-02-14 08:18:49,685 [ad6dcd81-1875-4667-9f21-c7397548b1ba@group-54813B5B2ABA-StateMachineUpdater] INFO  impl.StateMachineUpdater (StateMachineUpdater.java:takeSnapshot(287)) - ad6dcd81-1875-4667-9f21-c7397548b1ba@group-54813B5B2ABA-StateMachineUpdater: Took a snapshot at index 0
2023-02-14 08:18:49,685 [ad6dcd81-1875-4667-9f21-c7397548b1ba@group-54813B5B2ABA-StateMachineUpdater] INFO  impl.StateMachineUpdater (StateMachineUpdater.java:lambda$new$0(92)) - ad6dcd81-1875-4667-9f21-c7397548b1ba@group-54813B5B2ABA-StateMachineUpdater: snapshotIndex: updateIncreasingly -1 -> 0
2023-02-14 08:18:49,685 [ad6dcd81-1875-4667-9f21-c7397548b1ba-impl-thread1] INFO  server.RaftServer$Division (ServerState.java:close(466)) - ad6dcd81-1875-4667-9f21-c7397548b1ba@group-54813B5B2ABA: closes. applyIndex: 0
2023-02-14 08:18:49,685 [ad6dcd81-1875-4667-9f21-c7397548b1ba@group-54813B5B2ABA-SegmentedRaftLogWorker] INFO  segmented.SegmentedRaftLogWorker (SegmentedRaftLogWorker.java:run(347)) - ad6dcd81-1875-4667-9f21-c7397548b1ba@group-54813B5B2ABA-SegmentedRaftLogWorker was interrupted, exiting. There are 0 tasks remaining in the queue.
2023-02-14 08:18:49,686 [ad6dcd81-1875-4667-9f21-c7397548b1ba-impl-thread2] INFO  impl.StateMachineUpdater (StateMachineUpdater.java:stopAndJoin(153)) - ad6dcd81-1875-4667-9f21-c7397548b1ba@group-3C8877628462-StateMachineUpdater: set stopIndex = -1
2023-02-14 08:18:49,687 [ad6dcd81-1875-4667-9f21-c7397548b1ba-impl-thread1] INFO  segmented.SegmentedRaftLogWorker (SegmentedRaftLogWorker.java:close(257)) - ad6dcd81-1875-4667-9f21-c7397548b1ba@group-54813B5B2ABA-SegmentedRaftLogWorker close()
2023-02-14 08:18:49,690 [ad6dcd81-1875-4667-9f21-c7397548b1ba-impl-thread2] INFO  server.RaftServer$Division (ServerState.java:close(466)) - ad6dcd81-1875-4667-9f21-c7397548b1ba@group-3C8877628462: closes. applyIndex: -1
2023-02-14 08:18:49,691 [ad6dcd81-1875-4667-9f21-c7397548b1ba@group-3C8877628462-SegmentedRaftLogWorker] INFO  segmented.SegmentedRaftLogWorker (SegmentedRaftLogWorker.java:run(347)) - ad6dcd81-1875-4667-9f21-c7397548b1ba@group-3C8877628462-SegmentedRaftLogWorker was interrupted, exiting. There are 0 tasks remaining in the queue.
2023-02-14 08:18:49,691 [ad6dcd81-1875-4667-9f21-c7397548b1ba-impl-thread2] INFO  segmented.SegmentedRaftLogWorker (SegmentedRaftLogWorker.java:close(257)) - ad6dcd81-1875-4667-9f21-c7397548b1ba@group-3C8877628462-SegmentedRaftLogWorker close()
2023-02-14 08:18:49,692 [Listener at 127.0.0.1/34455] INFO  ozoneimpl.OzoneContainer (OzoneContainer.java:stop(420)) - Attempting to stop container services.
2023-02-14 08:18:49,693 [Listener at 127.0.0.1/34455] INFO  server.RaftServer (RaftServerProxy.java:lambda$close$6(409)) - 5c792a94-e343-4e55-bd70-b5b136c65d30: close
2023-02-14 08:18:49,693 [Listener at 127.0.0.1/34455] INFO  server.GrpcService (GrpcService.java:closeImpl(271)) - 5c792a94-e343-4e55-bd70-b5b136c65d30: shutdown server GrpcServerProtocolService now
2023-02-14 08:18:49,693 [5c792a94-e343-4e55-bd70-b5b136c65d30-impl-thread1] INFO  server.RaftServer$Division (RaftServerImpl.java:lambda$close$4(458)) - 5c792a94-e343-4e55-bd70-b5b136c65d30@group-A8E470ADAA18: shutdown
2023-02-14 08:18:49,693 [5c792a94-e343-4e55-bd70-b5b136c65d30-impl-thread1] INFO  util.JmxRegister (JmxRegister.java:unregister(73)) - Successfully un-registered JMX Bean with object name Ratis:service=RaftServer,group=group-A8E470ADAA18,id=5c792a94-e343-4e55-bd70-b5b136c65d30
2023-02-14 08:18:49,693 [5c792a94-e343-4e55-bd70-b5b136c65d30-impl-thread1] INFO  impl.RoleInfo (RoleInfo.java:shutdownLeaderState(93)) - 5c792a94-e343-4e55-bd70-b5b136c65d30: shutdown 5c792a94-e343-4e55-bd70-b5b136c65d30@group-A8E470ADAA18-LeaderStateImpl
2023-02-14 08:18:49,693 [5c792a94-e343-4e55-bd70-b5b136c65d30-impl-thread1] INFO  impl.PendingRequests (PendingRequests.java:sendNotLeaderResponses(282)) - 5c792a94-e343-4e55-bd70-b5b136c65d30@group-A8E470ADAA18-PendingRequests: sendNotLeaderResponses
2023-02-14 08:18:49,693 [5c792a94-e343-4e55-bd70-b5b136c65d30-impl-thread1] INFO  impl.StateMachineUpdater (StateMachineUpdater.java:stopAndJoin(153)) - 5c792a94-e343-4e55-bd70-b5b136c65d30@group-A8E470ADAA18-StateMachineUpdater: set stopIndex = 0
2023-02-14 08:18:49,693 [5c792a94-e343-4e55-bd70-b5b136c65d30@group-A8E470ADAA18-StateMachineUpdater] INFO  ratis.ContainerStateMachine (ContainerStateMachine.java:takeSnapshot(308)) - group-A8E470ADAA18: Taking a snapshot at:(t:1, i:0) file /home/runner/work/ozone/ozone/hadoop-ozone/integration-test/target/test-dir/MiniOzoneClusterImpl-48139d39-b3ff-469d-bfde-a70ccbd6566f/datanode-4/data/ratis/326ddbfe-fdb4-4409-b0ec-a8e470adaa18/sm/snapshot.1_0
2023-02-14 08:18:49,694 [Listener at 127.0.0.1/34455] INFO  server.GrpcService (GrpcService.java:closeImpl(280)) - 5c792a94-e343-4e55-bd70-b5b136c65d30: shutdown server GrpcServerProtocolService successfully
2023-02-14 08:18:49,694 [5c792a94-e343-4e55-bd70-b5b136c65d30-NettyServerStreamRpc-bossGroup--thread1] INFO  logging.LoggingHandler (AbstractInternalLogger.java:log(148)) - [id: 0x1901206e, L:/0:0:0:0:0:0:0:0:41409] CLOSE
2023-02-14 08:18:49,694 [5c792a94-e343-4e55-bd70-b5b136c65d30-NettyServerStreamRpc-bossGroup--thread1] INFO  logging.LoggingHandler (AbstractInternalLogger.java:log(148)) - [id: 0x1901206e, L:/0:0:0:0:0:0:0:0:41409] INACTIVE
2023-02-14 08:18:49,694 [5c792a94-e343-4e55-bd70-b5b136c65d30-NettyServerStreamRpc-bossGroup--thread1] INFO  logging.LoggingHandler (AbstractInternalLogger.java:log(148)) - [id: 0x1901206e, L:/0:0:0:0:0:0:0:0:41409] UNREGISTERED
2023-02-14 08:18:49,694 [5c792a94-e343-4e55-bd70-b5b136c65d30@group-A8E470ADAA18-StateMachineUpdater] INFO  ratis.ContainerStateMachine (ContainerStateMachine.java:takeSnapshot(319)) - group-A8E470ADAA18: Finished taking a snapshot at:(t:1, i:0) file:/home/runner/work/ozone/ozone/hadoop-ozone/integration-test/target/test-dir/MiniOzoneClusterImpl-48139d39-b3ff-469d-bfde-a70ccbd6566f/datanode-4/data/ratis/326ddbfe-fdb4-4409-b0ec-a8e470adaa18/sm/snapshot.1_0 took: 1 ms
2023-02-14 08:18:49,694 [5c792a94-e343-4e55-bd70-b5b136c65d30@group-A8E470ADAA18-StateMachineUpdater] INFO  impl.StateMachineUpdater (StateMachineUpdater.java:takeSnapshot(287)) - 5c792a94-e343-4e55-bd70-b5b136c65d30@group-A8E470ADAA18-StateMachineUpdater: Took a snapshot at index 0
2023-02-14 08:18:49,694 [5c792a94-e343-4e55-bd70-b5b136c65d30@group-A8E470ADAA18-StateMachineUpdater] INFO  impl.StateMachineUpdater (StateMachineUpdater.java:lambda$new$0(92)) - 5c792a94-e343-4e55-bd70-b5b136c65d30@group-A8E470ADAA18-StateMachineUpdater: snapshotIndex: updateIncreasingly -1 -> 0
2023-02-14 08:18:49,695 [5c792a94-e343-4e55-bd70-b5b136c65d30-impl-thread1] INFO  server.RaftServer$Division (ServerState.java:close(466)) - 5c792a94-e343-4e55-bd70-b5b136c65d30@group-A8E470ADAA18: closes. applyIndex: 0
2023-02-14 08:18:49,695 [5c792a94-e343-4e55-bd70-b5b136c65d30@group-A8E470ADAA18-SegmentedRaftLogWorker] INFO  segmented.SegmentedRaftLogWorker (SegmentedRaftLogWorker.java:run(347)) - 5c792a94-e343-4e55-bd70-b5b136c65d30@group-A8E470ADAA18-SegmentedRaftLogWorker was interrupted, exiting. There are 0 tasks remaining in the queue.
2023-02-14 08:18:49,695 [ForkJoinPool.commonPool-worker-0] INFO  server.GrpcServerProtocolClient (GrpcServerProtocolClient.java:close(101)) - 31091561-319b-44fe-8343-13da60b8022d Close channels
2023-02-14 08:18:49,695 [ad6dcd81-1875-4667-9f21-c7397548b1ba-impl-thread3] INFO  impl.StateMachineUpdater (StateMachineUpdater.java:stopAndJoin(153)) - ad6dcd81-1875-4667-9f21-c7397548b1ba@group-1B6006AEFDDC-StateMachineUpdater: set stopIndex = 29
2023-02-14 08:18:49,695 [ad6dcd81-1875-4667-9f21-c7397548b1ba@group-1B6006AEFDDC-StateMachineUpdater] INFO  ratis.ContainerStateMachine (ContainerStateMachine.java:takeSnapshot(308)) - group-1B6006AEFDDC: Taking a snapshot at:(t:1, i:29) file /home/runner/work/ozone/ozone/hadoop-ozone/integration-test/target/test-dir/MiniOzoneClusterImpl-48139d39-b3ff-469d-bfde-a70ccbd6566f/datanode-0/data/ratis/94426ebe-b92e-468c-8a93-1b6006aefddc/sm/snapshot.1_29
2023-02-14 08:18:49,696 [ad6dcd81-1875-4667-9f21-c7397548b1ba@group-1B6006AEFDDC-StateMachineUpdater] INFO  ratis.ContainerStateMachine (ContainerStateMachine.java:takeSnapshot(319)) - group-1B6006AEFDDC: Finished taking a snapshot at:(t:1, i:29) file:/home/runner/work/ozone/ozone/hadoop-ozone/integration-test/target/test-dir/MiniOzoneClusterImpl-48139d39-b3ff-469d-bfde-a70ccbd6566f/datanode-0/data/ratis/94426ebe-b92e-468c-8a93-1b6006aefddc/sm/snapshot.1_29 took: 0 ms
2023-02-14 08:18:49,696 [ad6dcd81-1875-4667-9f21-c7397548b1ba@group-1B6006AEFDDC-StateMachineUpdater] INFO  impl.StateMachineUpdater (StateMachineUpdater.java:takeSnapshot(287)) - ad6dcd81-1875-4667-9f21-c7397548b1ba@group-1B6006AEFDDC-StateMachineUpdater: Took a snapshot at index 29
2023-02-14 08:18:49,696 [ad6dcd81-1875-4667-9f21-c7397548b1ba@group-1B6006AEFDDC-StateMachineUpdater] INFO  impl.StateMachineUpdater (StateMachineUpdater.java:lambda$new$0(92)) - ad6dcd81-1875-4667-9f21-c7397548b1ba@group-1B6006AEFDDC-StateMachineUpdater: snapshotIndex: updateIncreasingly -1 -> 29
2023-02-14 08:18:49,698 [ad6dcd81-1875-4667-9f21-c7397548b1ba-impl-thread3] INFO  server.RaftServer$Division (ServerState.java:close(466)) - ad6dcd81-1875-4667-9f21-c7397548b1ba@group-1B6006AEFDDC: closes. applyIndex: 29
2023-02-14 08:18:49,703 [5c792a94-e343-4e55-bd70-b5b136c65d30-impl-thread1] INFO  segmented.SegmentedRaftLogWorker (SegmentedRaftLogWorker.java:close(257)) - 5c792a94-e343-4e55-bd70-b5b136c65d30@group-A8E470ADAA18-SegmentedRaftLogWorker close()
2023-02-14 08:18:49,703 [ForkJoinPool.commonPool-worker-0] INFO  server.GrpcService (GrpcService.java:closeImpl(280)) - ad6dcd81-1875-4667-9f21-c7397548b1ba: shutdown server GrpcServerProtocolService successfully
2023-02-14 08:18:49,705 [ad6dcd81-1875-4667-9f21-c7397548b1ba@group-1B6006AEFDDC-SegmentedRaftLogWorker] INFO  segmented.SegmentedRaftLogWorker (SegmentedRaftLogWorker.java:run(347)) - ad6dcd81-1875-4667-9f21-c7397548b1ba@group-1B6006AEFDDC-SegmentedRaftLogWorker was interrupted, exiting. There are 0 tasks remaining in the queue.
2023-02-14 08:18:49,705 [ad6dcd81-1875-4667-9f21-c7397548b1ba-NettyServerStreamRpc-bossGroup--thread1] INFO  logging.LoggingHandler (AbstractInternalLogger.java:log(148)) - [id: 0x58da1743, L:/0:0:0:0:0:0:0:0:34273] CLOSE
2023-02-14 08:18:49,706 [ad6dcd81-1875-4667-9f21-c7397548b1ba-impl-thread3] INFO  segmented.SegmentedRaftLogWorker (SegmentedRaftLogWorker.java:close(257)) - ad6dcd81-1875-4667-9f21-c7397548b1ba@group-1B6006AEFDDC-SegmentedRaftLogWorker close()
2023-02-14 08:18:49,706 [ad6dcd81-1875-4667-9f21-c7397548b1ba-NettyServerStreamRpc-bossGroup--thread1] INFO  logging.LoggingHandler (AbstractInternalLogger.java:log(148)) - [id: 0x58da1743, L:/0:0:0:0:0:0:0:0:34273] INACTIVE
2023-02-14 08:18:49,707 [ad6dcd81-1875-4667-9f21-c7397548b1ba-NettyServerStreamRpc-bossGroup--thread1] INFO  logging.LoggingHandler (AbstractInternalLogger.java:log(148)) - [id: 0x58da1743, L:/0:0:0:0:0:0:0:0:34273] UNREGISTERED
2023-02-14 08:18:49,710 [JvmPauseMonitor10] INFO  util.JvmPauseMonitor (JvmPauseMonitor.java:run(111)) - JvmPauseMonitor-5c792a94-e343-4e55-bd70-b5b136c65d30: Stopped
2023-02-14 08:18:49,714 [JvmPauseMonitor6] INFO  util.JvmPauseMonitor (JvmPauseMonitor.java:run(111)) - JvmPauseMonitor-ad6dcd81-1875-4667-9f21-c7397548b1ba: Stopped
2023-02-14 08:18:51,714 [Listener at 127.0.0.1/34455] INFO  volume.HddsVolume (HddsVolume.java:closeDbStore(362)) - SchemaV3 db is stopped at /home/runner/work/ozone/ozone/hadoop-ozone/integration-test/target/test-dir/MiniOzoneClusterImpl-48139d39-b3ff-469d-bfde-a70ccbd6566f/datanode-4/data-0/containers/hdds/48139d39-b3ff-469d-bfde-a70ccbd6566f/DS-ab32d1a3-830f-48c6-9c04-b869326180d9/container.db for volume DS-ab32d1a3-830f-48c6-9c04-b869326180d9
2023-02-14 08:18:51,714 [Listener at 127.0.0.1/34455] INFO  utils.BackgroundService (BackgroundService.java:shutdown(141)) - Shutting down service BlockDeletingService
2023-02-14 08:18:51,714 [Listener at 127.0.0.1/34455] INFO  utils.BackgroundService (BackgroundService.java:shutdown(141)) - Shutting down service StaleRecoveringContainerScrubbingService
2023-02-14 08:18:51,715 [Listener at 127.0.0.1/34455] INFO  statemachine.DatanodeStateMachine (DatanodeStateMachine.java:stopDaemon(600)) - Ozone container server stopped.
2023-02-14 08:18:51,719 [ForkJoinPool.commonPool-worker-0] INFO  volume.HddsVolume (HddsVolume.java:closeDbStore(362)) - SchemaV3 db is stopped at /home/runner/work/ozone/ozone/hadoop-ozone/integration-test/target/test-dir/MiniOzoneClusterImpl-48139d39-b3ff-469d-bfde-a70ccbd6566f/datanode-0/data-0/containers/hdds/48139d39-b3ff-469d-bfde-a70ccbd6566f/DS-f69f72d3-4dbe-4c09-a7da-d8d671101dc9/container.db for volume DS-f69f72d3-4dbe-4c09-a7da-d8d671101dc9
2023-02-14 08:18:51,719 [ForkJoinPool.commonPool-worker-0] INFO  utils.BackgroundService (BackgroundService.java:shutdown(141)) - Shutting down service BlockDeletingService
2023-02-14 08:18:51,720 [ForkJoinPool.commonPool-worker-0] INFO  utils.BackgroundService (BackgroundService.java:shutdown(141)) - Shutting down service StaleRecoveringContainerScrubbingService
2023-02-14 08:18:51,721 [ForkJoinPool.commonPool-worker-0] INFO  statemachine.DatanodeStateMachine (DatanodeStateMachine.java:stopDaemon(600)) - Ozone container server stopped.
2023-02-14 08:18:51,727 [Listener at 127.0.0.1/34455] INFO  handler.ContextHandler (ContextHandler.java:doStop(1159)) - Stopped o.e.j.w.WebAppContext@68a8ac8e{hddsDatanode,/,null,STOPPED}{jar:file:/home/runner/.m2/repository/org/apache/ozone/hdds-container-service/1.4.0-SNAPSHOT/hdds-container-service-1.4.0-SNAPSHOT.jar!/webapps/hddsDatanode}
2023-02-14 08:18:51,729 [Listener at 127.0.0.1/34455] INFO  server.AbstractConnector (AbstractConnector.java:doStop(383)) - Stopped ServerConnector@25c65e25{HTTP/1.1, (http/1.1)}{0.0.0.0:0}
2023-02-14 08:18:51,729 [Listener at 127.0.0.1/34455] INFO  server.session (HouseKeeper.java:stopScavenging(149)) - node0 Stopped scavenging
2023-02-14 08:18:51,729 [Listener at 127.0.0.1/34455] INFO  handler.ContextHandler (ContextHandler.java:doStop(1159)) - Stopped o.e.j.s.ServletContextHandler@327ac426{static,/static,jar:file:/home/runner/.m2/repository/org/apache/ozone/hdds-container-service/1.4.0-SNAPSHOT/hdds-container-service-1.4.0-SNAPSHOT.jar!/webapps/static,STOPPED}
2023-02-14 08:18:51,729 [Listener at 127.0.0.1/34455] INFO  handler.ContextHandler (ContextHandler.java:doStop(1159)) - Stopped o.e.j.s.ServletContextHandler@f5e34c3{logs,/logs,file:///home/runner/work/ozone/ozone/hadoop-ozone/integration-test/target/log,STOPPED}
2023-02-14 08:18:51,731 [ForkJoinPool.commonPool-worker-0] INFO  handler.ContextHandler (ContextHandler.java:doStop(1159)) - Stopped o.e.j.w.WebAppContext@50ebfc4f{hddsDatanode,/,null,STOPPED}{jar:file:/home/runner/.m2/repository/org/apache/ozone/hdds-container-service/1.4.0-SNAPSHOT/hdds-container-service-1.4.0-SNAPSHOT.jar!/webapps/hddsDatanode}
2023-02-14 08:18:51,733 [ForkJoinPool.commonPool-worker-0] INFO  server.AbstractConnector (AbstractConnector.java:doStop(383)) - Stopped ServerConnector@4adc7e4e{HTTP/1.1, (http/1.1)}{0.0.0.0:0}
2023-02-14 08:18:51,733 [ForkJoinPool.commonPool-worker-0] INFO  server.session (HouseKeeper.java:stopScavenging(149)) - node0 Stopped scavenging
2023-02-14 08:18:51,734 [ForkJoinPool.commonPool-worker-0] INFO  handler.ContextHandler (ContextHandler.java:doStop(1159)) - Stopped o.e.j.s.ServletContextHandler@7f25741f{static,/static,jar:file:/home/runner/.m2/repository/org/apache/ozone/hdds-container-service/1.4.0-SNAPSHOT/hdds-container-service-1.4.0-SNAPSHOT.jar!/webapps/static,STOPPED}
2023-02-14 08:18:51,734 [Listener at 127.0.0.1/34455] INFO  ozoneimpl.OzoneContainer (OzoneContainer.java:stop(420)) - Attempting to stop container services.
2023-02-14 08:18:51,735 [ForkJoinPool.commonPool-worker-0] INFO  handler.ContextHandler (ContextHandler.java:doStop(1159)) - Stopped o.e.j.s.ServletContextHandler@5cd1e346{logs,/logs,file:///home/runner/work/ozone/ozone/hadoop-ozone/integration-test/target/log,STOPPED}
2023-02-14 08:18:51,735 [Listener at 127.0.0.1/34455] INFO  server.RaftServer (RaftServerProxy.java:lambda$close$6(409)) - 568f4c16-ddfc-4e51-b0fc-7b0d857ab5f2: close
2023-02-14 08:18:51,735 [568f4c16-ddfc-4e51-b0fc-7b0d857ab5f2-impl-thread1] INFO  server.RaftServer$Division (RaftServerImpl.java:lambda$close$4(458)) - 568f4c16-ddfc-4e51-b0fc-7b0d857ab5f2@group-8A79EED9C278: shutdown
2023-02-14 08:18:51,735 [568f4c16-ddfc-4e51-b0fc-7b0d857ab5f2-impl-thread1] INFO  util.JmxRegister (JmxRegister.java:unregister(73)) - Successfully un-registered JMX Bean with object name Ratis:service=RaftServer,group=group-8A79EED9C278,id=568f4c16-ddfc-4e51-b0fc-7b0d857ab5f2
2023-02-14 08:18:51,735 [568f4c16-ddfc-4e51-b0fc-7b0d857ab5f2-impl-thread1] INFO  impl.RoleInfo (RoleInfo.java:shutdownLeaderState(93)) - 568f4c16-ddfc-4e51-b0fc-7b0d857ab5f2: shutdown 568f4c16-ddfc-4e51-b0fc-7b0d857ab5f2@group-8A79EED9C278-LeaderStateImpl
2023-02-14 08:18:51,735 [568f4c16-ddfc-4e51-b0fc-7b0d857ab5f2-impl-thread1] INFO  impl.PendingRequests (PendingRequests.java:sendNotLeaderResponses(282)) - 568f4c16-ddfc-4e51-b0fc-7b0d857ab5f2@group-8A79EED9C278-PendingRequests: sendNotLeaderResponses
2023-02-14 08:18:51,735 [568f4c16-ddfc-4e51-b0fc-7b0d857ab5f2-impl-thread1] INFO  impl.StateMachineUpdater (StateMachineUpdater.java:stopAndJoin(153)) - 568f4c16-ddfc-4e51-b0fc-7b0d857ab5f2@group-8A79EED9C278-StateMachineUpdater: set stopIndex = 0
2023-02-14 08:18:51,736 [568f4c16-ddfc-4e51-b0fc-7b0d857ab5f2@group-8A79EED9C278-StateMachineUpdater] INFO  ratis.ContainerStateMachine (ContainerStateMachine.java:takeSnapshot(308)) - group-8A79EED9C278: Taking a snapshot at:(t:1, i:0) file /home/runner/work/ozone/ozone/hadoop-ozone/integration-test/target/test-dir/MiniOzoneClusterImpl-48139d39-b3ff-469d-bfde-a70ccbd6566f/datanode-3/data/ratis/4291e819-97c1-4fa7-aad7-8a79eed9c278/sm/snapshot.1_0
2023-02-14 08:18:51,737 [Listener at 127.0.0.1/34455] INFO  server.GrpcService (GrpcService.java:closeImpl(271)) - 568f4c16-ddfc-4e51-b0fc-7b0d857ab5f2: shutdown server GrpcServerProtocolService now
2023-02-14 08:18:51,737 [568f4c16-ddfc-4e51-b0fc-7b0d857ab5f2@group-8A79EED9C278-StateMachineUpdater] INFO  ratis.ContainerStateMachine (ContainerStateMachine.java:takeSnapshot(319)) - group-8A79EED9C278: Finished taking a snapshot at:(t:1, i:0) file:/home/runner/work/ozone/ozone/hadoop-ozone/integration-test/target/test-dir/MiniOzoneClusterImpl-48139d39-b3ff-469d-bfde-a70ccbd6566f/datanode-3/data/ratis/4291e819-97c1-4fa7-aad7-8a79eed9c278/sm/snapshot.1_0 took: 2 ms
2023-02-14 08:18:51,738 [568f4c16-ddfc-4e51-b0fc-7b0d857ab5f2@group-8A79EED9C278-StateMachineUpdater] INFO  impl.StateMachineUpdater (StateMachineUpdater.java:takeSnapshot(287)) - 568f4c16-ddfc-4e51-b0fc-7b0d857ab5f2@group-8A79EED9C278-StateMachineUpdater: Took a snapshot at index 0
2023-02-14 08:18:51,738 [568f4c16-ddfc-4e51-b0fc-7b0d857ab5f2@group-8A79EED9C278-StateMachineUpdater] INFO  impl.StateMachineUpdater (StateMachineUpdater.java:lambda$new$0(92)) - 568f4c16-ddfc-4e51-b0fc-7b0d857ab5f2@group-8A79EED9C278-StateMachineUpdater: snapshotIndex: updateIncreasingly -1 -> 0
2023-02-14 08:18:51,738 [568f4c16-ddfc-4e51-b0fc-7b0d857ab5f2-impl-thread1] INFO  server.RaftServer$Division (ServerState.java:close(466)) - 568f4c16-ddfc-4e51-b0fc-7b0d857ab5f2@group-8A79EED9C278: closes. applyIndex: 0
2023-02-14 08:18:51,738 [Listener at 127.0.0.1/34455] INFO  server.GrpcService (GrpcService.java:closeImpl(280)) - 568f4c16-ddfc-4e51-b0fc-7b0d857ab5f2: shutdown server GrpcServerProtocolService successfully
2023-02-14 08:18:51,738 [568f4c16-ddfc-4e51-b0fc-7b0d857ab5f2@group-8A79EED9C278-SegmentedRaftLogWorker] INFO  segmented.SegmentedRaftLogWorker (SegmentedRaftLogWorker.java:run(347)) - 568f4c16-ddfc-4e51-b0fc-7b0d857ab5f2@group-8A79EED9C278-SegmentedRaftLogWorker was interrupted, exiting. There are 0 tasks remaining in the queue.
2023-02-14 08:18:51,743 [568f4c16-ddfc-4e51-b0fc-7b0d857ab5f2-impl-thread1] INFO  segmented.SegmentedRaftLogWorker (SegmentedRaftLogWorker.java:close(257)) - 568f4c16-ddfc-4e51-b0fc-7b0d857ab5f2@group-8A79EED9C278-SegmentedRaftLogWorker close()
2023-02-14 08:18:51,743 [568f4c16-ddfc-4e51-b0fc-7b0d857ab5f2-NettyServerStreamRpc-bossGroup--thread1] INFO  logging.LoggingHandler (AbstractInternalLogger.java:log(148)) - [id: 0x119b0146, L:/0:0:0:0:0:0:0:0:43767] CLOSE
2023-02-14 08:18:51,743 [568f4c16-ddfc-4e51-b0fc-7b0d857ab5f2-NettyServerStreamRpc-bossGroup--thread1] INFO  logging.LoggingHandler (AbstractInternalLogger.java:log(148)) - [id: 0x119b0146, L:/0:0:0:0:0:0:0:0:43767] INACTIVE
2023-02-14 08:18:51,743 [568f4c16-ddfc-4e51-b0fc-7b0d857ab5f2-NettyServerStreamRpc-bossGroup--thread1] INFO  logging.LoggingHandler (AbstractInternalLogger.java:log(148)) - [id: 0x119b0146, L:/0:0:0:0:0:0:0:0:43767] UNREGISTERED
2023-02-14 08:18:51,745 [JvmPauseMonitor9] INFO  util.JvmPauseMonitor (JvmPauseMonitor.java:run(111)) - JvmPauseMonitor-568f4c16-ddfc-4e51-b0fc-7b0d857ab5f2: Stopped
2023-02-14 08:18:53,748 [Listener at 127.0.0.1/34455] INFO  volume.HddsVolume (HddsVolume.java:closeDbStore(362)) - SchemaV3 db is stopped at /home/runner/work/ozone/ozone/hadoop-ozone/integration-test/target/test-dir/MiniOzoneClusterImpl-48139d39-b3ff-469d-bfde-a70ccbd6566f/datanode-3/data-0/containers/hdds/48139d39-b3ff-469d-bfde-a70ccbd6566f/DS-55e7f910-408b-4c5a-86e9-0135620c7d87/container.db for volume DS-55e7f910-408b-4c5a-86e9-0135620c7d87
2023-02-14 08:18:53,748 [Listener at 127.0.0.1/34455] INFO  utils.BackgroundService (BackgroundService.java:shutdown(141)) - Shutting down service BlockDeletingService
2023-02-14 08:18:53,749 [Listener at 127.0.0.1/34455] INFO  utils.BackgroundService (BackgroundService.java:shutdown(141)) - Shutting down service StaleRecoveringContainerScrubbingService
2023-02-14 08:18:53,750 [Listener at 127.0.0.1/34455] INFO  statemachine.DatanodeStateMachine (DatanodeStateMachine.java:stopDaemon(600)) - Ozone container server stopped.
2023-02-14 08:18:53,759 [Listener at 127.0.0.1/34455] INFO  handler.ContextHandler (ContextHandler.java:doStop(1159)) - Stopped o.e.j.w.WebAppContext@7032e80e{hddsDatanode,/,null,STOPPED}{jar:file:/home/runner/.m2/repository/org/apache/ozone/hdds-container-service/1.4.0-SNAPSHOT/hdds-container-service-1.4.0-SNAPSHOT.jar!/webapps/hddsDatanode}
2023-02-14 08:18:53,759 [Listener at 127.0.0.1/34455] INFO  server.AbstractConnector (AbstractConnector.java:doStop(383)) - Stopped ServerConnector@3a646acd{HTTP/1.1, (http/1.1)}{0.0.0.0:0}
2023-02-14 08:18:53,759 [Listener at 127.0.0.1/34455] INFO  server.session (HouseKeeper.java:stopScavenging(149)) - node0 Stopped scavenging
2023-02-14 08:18:53,760 [Listener at 127.0.0.1/34455] INFO  handler.ContextHandler (ContextHandler.java:doStop(1159)) - Stopped o.e.j.s.ServletContextHandler@46799b30{static,/static,jar:file:/home/runner/.m2/repository/org/apache/ozone/hdds-container-service/1.4.0-SNAPSHOT/hdds-container-service-1.4.0-SNAPSHOT.jar!/webapps/static,STOPPED}
2023-02-14 08:18:53,760 [Listener at 127.0.0.1/34455] INFO  handler.ContextHandler (ContextHandler.java:doStop(1159)) - Stopped o.e.j.s.ServletContextHandler@35e011d3{logs,/logs,file:///home/runner/work/ozone/ozone/hadoop-ozone/integration-test/target/log,STOPPED}
2023-02-14 08:18:53,762 [Listener at 127.0.0.1/34455] INFO  ozone.MiniOzoneClusterImpl (MiniOzoneClusterImpl.java:stopSCM(539)) - Stopping the StorageContainerManager
2023-02-14 08:18:53,762 [Listener at 127.0.0.1/34455] INFO  server.StorageContainerManager (StorageContainerManager.java:stop(1530)) - Container Balancer is not running.
2023-02-14 08:18:53,762 [Listener at 127.0.0.1/34455] INFO  server.StorageContainerManager (StorageContainerManager.java:stop(1537)) - Stopping Replication Manager Service.
2023-02-14 08:18:53,762 [Listener at 127.0.0.1/34455] INFO  replication.ReplicationManager (ReplicationManager.java:stop(294)) - Stopping Replication Monitor Thread.
2023-02-14 08:18:53,762 [Over Replicated Processor] WARN  replication.UnhealthyReplicationProcessor (UnhealthyReplicationProcessor.java:run(142)) - Over Replicated Processor interrupted. Exiting...
2023-02-14 08:18:53,762 [Under Replicated Processor] WARN  replication.UnhealthyReplicationProcessor (UnhealthyReplicationProcessor.java:run(142)) - Under Replicated Processor interrupted. Exiting...
2023-02-14 08:18:53,762 [Listener at 127.0.0.1/34455] INFO  server.StorageContainerManager (StorageContainerManager.java:stop(1544)) - Stopping the Datanode Admin Monitor.
2023-02-14 08:18:53,763 [ReplicationMonitor] INFO  replication.ReplicationManager (ReplicationManager.java:run(735)) - Replication Monitor Thread is stopped
2023-02-14 08:18:53,763 [Listener at 127.0.0.1/34455] INFO  server.StorageContainerManager (StorageContainerManager.java:stop(1551)) - Stopping datanode service RPC server
2023-02-14 08:18:53,763 [Listener at 127.0.0.1/34455] INFO  server.SCMDatanodeProtocolServer (SCMDatanodeProtocolServer.java:stop(424)) - Stopping the RPC server for DataNodes
2023-02-14 08:18:53,763 [Listener at 127.0.0.1/34455] INFO  ipc.Server (Server.java:stop(3428)) - Stopping server on 34311
2023-02-14 08:18:53,764 [IPC Server listener on 0] INFO  ipc.Server (Server.java:run(1384)) - Stopping IPC Server listener on 0
2023-02-14 08:18:53,769 [IPC Server Responder] INFO  ipc.Server (Server.java:run(1517)) - Stopping IPC Server Responder
2023-02-14 08:18:53,848 [SCM Heartbeat Processing Thread - 0] WARN  node.NodeStateManager (NodeStateManager.java:scheduleNextHealthCheck(870)) - Current Thread is interrupted, shutting down HB processing thread for Node Manager.
2023-02-14 08:18:53,848 [Listener at 127.0.0.1/34455] INFO  server.StorageContainerManager (StorageContainerManager.java:stop(1559)) - Stopping block service RPC server
2023-02-14 08:18:53,848 [Listener at 127.0.0.1/34455] INFO  server.SCMBlockProtocolServer (SCMBlockProtocolServer.java:stop(161)) - Stopping the RPC server for Block Protocol
2023-02-14 08:18:53,848 [Listener at 127.0.0.1/34455] INFO  ipc.Server (Server.java:stop(3428)) - Stopping server on 45385
2023-02-14 08:18:53,849 [IPC Server listener on 0] INFO  ipc.Server (Server.java:run(1384)) - Stopping IPC Server listener on 0
2023-02-14 08:18:53,850 [IPC Server Responder] INFO  ipc.Server (Server.java:run(1517)) - Stopping IPC Server Responder
2023-02-14 08:18:53,850 [Listener at 127.0.0.1/34455] INFO  server.StorageContainerManager (StorageContainerManager.java:stop(1566)) - Stopping the StorageContainerLocationProtocol RPC server
2023-02-14 08:18:53,851 [Listener at 127.0.0.1/34455] INFO  server.SCMClientProtocolServer (SCMClientProtocolServer.java:stop(178)) - Stopping the RPC server for Client Protocol
2023-02-14 08:18:53,851 [Listener at 127.0.0.1/34455] INFO  ipc.Server (Server.java:stop(3428)) - Stopping server on 46419
2023-02-14 08:18:53,852 [IPC Server Responder] INFO  ipc.Server (Server.java:run(1517)) - Stopping IPC Server Responder
2023-02-14 08:18:53,852 [Listener at 127.0.0.1/34455] INFO  server.StorageContainerManager (StorageContainerManager.java:stop(1573)) - Stopping Storage Container Manager HTTP server.
2023-02-14 08:18:53,852 [IPC Server listener on 0] INFO  ipc.Server (Server.java:run(1384)) - Stopping IPC Server listener on 0
2023-02-14 08:18:53,853 [Listener at 127.0.0.1/34455] INFO  handler.ContextHandler (ContextHandler.java:doStop(1159)) - Stopped o.e.j.w.WebAppContext@2b3fe9e{scm,/,null,STOPPED}{file:/home/runner/work/ozone/ozone/hadoop-ozone/integration-test/target/test-classes/webapps/scm}
2023-02-14 08:18:53,854 [Listener at 127.0.0.1/34455] INFO  server.AbstractConnector (AbstractConnector.java:doStop(383)) - Stopped ServerConnector@17a12b32{HTTP/1.1, (http/1.1)}{0.0.0.0:0}
2023-02-14 08:18:53,854 [Listener at 127.0.0.1/34455] INFO  server.session (HouseKeeper.java:stopScavenging(149)) - node0 Stopped scavenging
2023-02-14 08:18:53,855 [Listener at 127.0.0.1/34455] INFO  handler.ContextHandler (ContextHandler.java:doStop(1159)) - Stopped o.e.j.s.ServletContextHandler@483f19a3{static,/static,file:///home/runner/work/ozone/ozone/hadoop-ozone/integration-test/target/test-classes/webapps/static,STOPPED}
2023-02-14 08:18:53,855 [Listener at 127.0.0.1/34455] INFO  handler.ContextHandler (ContextHandler.java:doStop(1159)) - Stopped o.e.j.s.ServletContextHandler@426de59f{logs,/logs,file:///home/runner/work/ozone/ozone/hadoop-ozone/integration-test/target/log,STOPPED}
2023-02-14 08:18:53,855 [Listener at 127.0.0.1/34455] INFO  server.StorageContainerManager (StorageContainerManager.java:stop(1579)) - Stopping SCM LayoutVersionManager Service.
2023-02-14 08:18:53,855 [Listener at 127.0.0.1/34455] INFO  server.StorageContainerManager (StorageContainerManager.java:stop(1587)) - Stopping Block Manager Service.
2023-02-14 08:18:53,855 [Listener at 127.0.0.1/34455] INFO  utils.BackgroundService (BackgroundService.java:shutdown(141)) - Shutting down service SCMBlockDeletingService
2023-02-14 08:18:53,856 [Listener at 127.0.0.1/34455] INFO  utils.BackgroundService (BackgroundService.java:shutdown(141)) - Shutting down service SCMBlockDeletingService
2023-02-14 08:18:53,856 [Listener at 127.0.0.1/34455] INFO  server.StorageContainerManager (StorageContainerManager.java:stop(1609)) - Stopping SCM Event Queue.
2023-02-14 08:18:53,857 [Listener at 127.0.0.1/34455] INFO  server.StorageContainerManager (StorageContainerManager.java:stop(1620)) - Stopping SCM HA services.
2023-02-14 08:18:53,857 [Listener at 127.0.0.1/34455] INFO  pipeline.BackgroundPipelineCreator (BackgroundPipelineCreator.java:stop(149)) - Stopping RatisPipelineUtilsThread.
2023-02-14 08:18:53,857 [RatisPipelineUtilsThread - 0] WARN  pipeline.BackgroundPipelineCreator (BackgroundPipelineCreator.java:run(180)) - RatisPipelineUtilsThread is interrupted.
2023-02-14 08:18:53,857 [Listener at 127.0.0.1/34455] INFO  BackgroundPipelineScrubber (BackgroundSCMService.java:stop(131)) - Stopping BackgroundPipelineScrubber Service.
2023-02-14 08:18:53,857 [BackgroundPipelineScrubberThread] WARN  BackgroundPipelineScrubber (BackgroundSCMService.java:run(115)) - BackgroundPipelineScrubber is interrupted, exit
2023-02-14 08:18:53,857 [Listener at 127.0.0.1/34455] INFO  impl.MetricsSystemImpl (MetricsSystemImpl.java:stop(210)) - Stopping HddsDatanode metrics system...
2023-02-14 08:18:53,869 [prometheus] INFO  impl.MetricsSinkAdapter (MetricsSinkAdapter.java:publishMetricsFromQueue(141)) - prometheus thread interrupted.
2023-02-14 08:18:53,869 [Listener at 127.0.0.1/34455] INFO  impl.MetricsSystemImpl (MetricsSystemImpl.java:stop(216)) - HddsDatanode metrics system stopped.
2023-02-14 08:18:53,869 [Listener at 127.0.0.1/34455] WARN  pipeline.BackgroundPipelineCreator (BackgroundPipelineCreator.java:stop(145)) - RatisPipelineUtilsThread is not running, just ignore.
2023-02-14 08:18:53,869 [Listener at 127.0.0.1/34455] INFO  BackgroundPipelineScrubber (BackgroundSCMService.java:stop(126)) - BackgroundPipelineScrubber Service is not running, skip stop.
2023-02-14 08:18:53,869 [ExpiredContainerReplicaOpScrubberThread] WARN  ExpiredContainerReplicaOpScrubber (BackgroundSCMService.java:run(115)) - ExpiredContainerReplicaOpScrubber is interrupted, exit
2023-02-14 08:18:53,869 [Listener at 127.0.0.1/34455] INFO  ExpiredContainerReplicaOpScrubber (BackgroundSCMService.java:stop(131)) - Stopping ExpiredContainerReplicaOpScrubber Service.
2023-02-14 08:18:53,869 [Listener at 127.0.0.1/34455] INFO  utils.BackgroundService (BackgroundService.java:shutdown(141)) - Shutting down service SCMBlockDeletingService
2023-02-14 08:18:53,870 [Listener at 127.0.0.1/34455] INFO  replication.ReplicationManager (ReplicationManager.java:stop(302)) - Replication Monitor Thread is not running.
2023-02-14 08:18:53,870 [Listener at 127.0.0.1/34455] WARN  balancer.ContainerBalancer (ContainerBalancer.java:stop(322)) - Cannot stop Container Balancer because it's not running or stopping
2023-02-14 08:18:53,870 [Listener at 127.0.0.1/34455] INFO  server.StorageContainerManager (StorageContainerManager.java:stop(1638)) - Stopping SCM MetadataStore.
2023-02-14 08:18:53,910 [Listener at 127.0.0.1/34455] WARN  server.ServerUtils (ServerUtils.java:getScmDbDir(148)) - ozone.scm.db.dirs is not configured. We recommend adding this setting. Falling back to ozone.metadata.dirs instead.
2023-02-14 08:18:53,912 [Listener at 127.0.0.1/34455] WARN  server.ServerUtils (ServerUtils.java:getScmDbDir(148)) - ozone.scm.db.dirs is not configured. We recommend adding this setting. Falling back to ozone.metadata.dirs instead.
2023-02-14 08:18:53,913 [Listener at 127.0.0.1/34455] INFO  ha.SCMHANodeDetails (SCMHANodeDetails.java:loadSCMHAConfig(209)) - ServiceID for StorageContainerManager is null
2023-02-14 08:18:53,913 [Listener at 127.0.0.1/34455] INFO  ha.SCMHANodeDetails (SCMHANodeDetails.java:loadSCMHAConfig(214)) - ozone.scm.default.service.id is not defined, falling back to ozone.scm.service.ids to find serviceID for StorageContainerManager if it is HA enabled cluster
2023-02-14 08:18:53,913 [Listener at 127.0.0.1/34455] WARN  utils.HAUtils (HAUtils.java:getMetaDir(342)) - ozone.scm.db.dirs is not configured. We recommend adding this setting. Falling back to ozone.metadata.dirs instead.
2023-02-14 08:18:53,913 [Listener at 127.0.0.1/34455] WARN  db.DBStoreBuilder (DBStoreBuilder.java:applyDBDefinition(172)) - ozone.scm.db.dirs is not configured. We recommend adding this setting. Falling back to ozone.metadata.dirs instead.
2023-02-14 08:18:53,998 [Listener at 127.0.0.1/34455] INFO  net.NodeSchemaLoader (NodeSchemaLoader.java:loadSchemaFromFile(129)) - Loading schema from [jar:file:/home/runner/.m2/repository/org/apache/ozone/hdds-common/1.4.0-SNAPSHOT/hdds-common-1.4.0-SNAPSHOT.jar!/network-topology-default.xml]
2023-02-14 08:18:53,998 [Listener at 127.0.0.1/34455] INFO  net.NodeSchemaLoader (NodeSchemaLoader.java:loadSchema(176)) - Loading network topology layer schema file
2023-02-14 08:18:54,007 [Listener at 127.0.0.1/34455] INFO  upgrade.AbstractLayoutVersionManager (AbstractLayoutVersionManager.java:init(83)) - Initializing Layout version manager with metadata layout = DATANODE_SCHEMA_V3 (version = 4), software layout = DATANODE_SCHEMA_V3 (version = 4)
2023-02-14 08:18:54,050 [Listener at 127.0.0.1/34455] INFO  reflections.Reflections (Reflections.java:scan(232)) - Reflections took 42 ms to scan 7 urls, producing 150 keys and 363 values 
2023-02-14 08:18:54,051 [Listener at 127.0.0.1/34455] INFO  ha.SequenceIdGenerator (SequenceIdGenerator.java:upgradeToSequenceId(349)) - upgrade localId to 111677748019200000
2023-02-14 08:18:54,051 [Listener at 127.0.0.1/34455] INFO  ha.SequenceIdGenerator (SequenceIdGenerator.java:upgradeToSequenceId(359)) - upgrade delTxnId to 0
2023-02-14 08:18:54,051 [Listener at 127.0.0.1/34455] INFO  ha.SequenceIdGenerator (SequenceIdGenerator.java:upgradeToSequenceId(376)) - upgrade containerId to 0
2023-02-14 08:18:54,051 [Listener at 127.0.0.1/34455] INFO  ha.SequenceIdGenerator (SequenceIdGenerator.java:<init>(220)) - Init the HA SequenceIdGenerator.
2023-02-14 08:18:54,052 [Listener at 127.0.0.1/34455] WARN  server.ServerUtils (ServerUtils.java:sanitizeUserArgs(73)) - ozone.scm.stale.node.interval value = 300000 is larger than max = 100000 based on the key value of ozone.scm.heartbeat.thread.interval, reset to the max value 100000.
2023-02-14 08:18:54,052 [Listener at 127.0.0.1/34455] WARN  server.ServerUtils (ServerUtils.java:sanitizeUserArgs(73)) - ozone.scm.stale.node.interval value = 300000 is larger than max = 100000 based on the key value of ozone.scm.heartbeat.thread.interval, reset to the max value 100000.
2023-02-14 08:18:54,052 [Listener at 127.0.0.1/34455] INFO  node.SCMNodeManager (SCMNodeManager.java:<init>(149)) - Entering startup safe mode.
2023-02-14 08:18:54,052 [Listener at 127.0.0.1/34455] INFO  algorithms.ContainerPlacementPolicyFactory (ContainerPlacementPolicyFactory.java:getPolicyInternal(86)) - Create container placement policy of type org.apache.hadoop.hdds.scm.container.placement.algorithms.SCMContainerPlacementRandom
2023-02-14 08:18:54,053 [Listener at 127.0.0.1/34455] INFO  algorithms.ContainerPlacementPolicyFactory (ContainerPlacementPolicyFactory.java:getPolicyInternal(86)) - Create container placement policy of type org.apache.hadoop.hdds.scm.container.placement.algorithms.SCMContainerPlacementRackScatter
2023-02-14 08:18:54,053 [Listener at 127.0.0.1/34455] INFO  pipeline.PipelineStateManagerImpl (PipelineStateManagerImpl.java:initialize(78)) - No pipeline exists in current db
2023-02-14 08:18:54,053 [Listener at 127.0.0.1/34455] INFO  algorithms.LeaderChoosePolicyFactory (LeaderChoosePolicyFactory.java:getPolicy(57)) - Create leader choose policy of type org.apache.hadoop.hdds.scm.pipeline.leader.choose.algorithms.MinLeaderCountChoosePolicy
2023-02-14 08:18:54,053 [Listener at 127.0.0.1/34455] INFO  algorithms.ContainerPlacementPolicyFactory (ContainerPlacementPolicyFactory.java:getPolicyInternal(86)) - Create container placement policy of type org.apache.hadoop.hdds.scm.container.placement.algorithms.SCMContainerPlacementRackScatter
2023-02-14 08:18:54,053 [Listener at 127.0.0.1/34455] INFO  ha.SCMServiceManager (SCMServiceManager.java:register(42)) - Registering service BackgroundPipelineCreator.
2023-02-14 08:18:54,053 [Listener at 127.0.0.1/34455] INFO  pipeline.BackgroundPipelineCreator (BackgroundPipelineCreator.java:start(124)) - Starting RatisPipelineUtilsThread.
2023-02-14 08:18:54,053 [Listener at 127.0.0.1/34455] INFO  BackgroundPipelineScrubber (BackgroundSCMService.java:start(68)) - Starting BackgroundPipelineScrubber Service.
2023-02-14 08:18:54,054 [Listener at 127.0.0.1/34455] INFO  ha.SCMServiceManager (SCMServiceManager.java:register(42)) - Registering service BackgroundPipelineScrubber.
2023-02-14 08:18:54,054 [Listener at 127.0.0.1/34455] INFO  ExpiredContainerReplicaOpScrubber (BackgroundSCMService.java:start(68)) - Starting ExpiredContainerReplicaOpScrubber Service.
2023-02-14 08:18:54,054 [Listener at 127.0.0.1/34455] INFO  ha.SCMServiceManager (SCMServiceManager.java:register(42)) - Registering service ExpiredContainerReplicaOpScrubber.
2023-02-14 08:18:54,055 [Listener at 127.0.0.1/34455] INFO  algorithms.PipelineChoosePolicyFactory (PipelineChoosePolicyFactory.java:createPipelineChoosePolicyFromClass(73)) - Create pipeline choose policy of type org.apache.hadoop.hdds.scm.pipeline.choose.algorithms.RandomPipelineChoosePolicy
2023-02-14 08:18:54,055 [Listener at 127.0.0.1/34455] INFO  ha.SCMServiceManager (SCMServiceManager.java:register(42)) - Registering service SCMBlockDeletingService.
2023-02-14 08:18:54,056 [Listener at 127.0.0.1/34455] INFO  replication.ReplicationManager (ReplicationManager.java:start(263)) - Starting Replication Monitor Thread.
2023-02-14 08:18:54,057 [ReplicationMonitor] INFO  replication.ReplicationManager (ReplicationManager.java:processAll(334)) - Replication Manager is not ready to run until 3000ms after safemode exit
2023-02-14 08:18:54,057 [Listener at 127.0.0.1/34455] INFO  ha.SCMServiceManager (SCMServiceManager.java:register(42)) - Registering service ReplicationManager.
2023-02-14 08:18:54,057 [Listener at 127.0.0.1/34455] INFO  safemode.ContainerSafeModeRule (ContainerSafeModeRule.java:<init>(89)) - containers with one replica threshold count 0
2023-02-14 08:18:54,058 [Listener at 127.0.0.1/34455] INFO  safemode.HealthyPipelineSafeModeRule (HealthyPipelineSafeModeRule.java:initializeRule(169)) - Total pipeline count is 0, healthy pipeline threshold count is 1
2023-02-14 08:18:54,058 [Listener at 127.0.0.1/34455] INFO  safemode.OneReplicaPipelineSafeModeRule (OneReplicaPipelineSafeModeRule.java:initializeRule(180)) - Total pipeline count is 0, pipeline's with at least one datanode reported threshold count is 0
2023-02-14 08:18:54,059 [Listener at 127.0.0.1/34455] INFO  ipc.CallQueueManager (CallQueueManager.java:<init>(90)) - Using callQueue: class java.util.concurrent.LinkedBlockingQueue, queueCapacity: 2000, scheduler: class org.apache.hadoop.ipc.DefaultRpcScheduler, ipcBackoff: false.
2023-02-14 08:18:54,060 [Socket Reader #1 for port 0] INFO  ipc.Server (Server.java:run(1273)) - Starting Socket Reader #1 for port 0
2023-02-14 08:18:54,060 [Listener at 0.0.0.0/38353] INFO  ipc.CallQueueManager (CallQueueManager.java:<init>(90)) - Using callQueue: class java.util.concurrent.LinkedBlockingQueue, queueCapacity: 2000, scheduler: class org.apache.hadoop.ipc.DefaultRpcScheduler, ipcBackoff: false.
2023-02-14 08:18:54,061 [Socket Reader #1 for port 0] INFO  ipc.Server (Server.java:run(1273)) - Starting Socket Reader #1 for port 0
2023-02-14 08:18:54,063 [Listener at 0.0.0.0/44821] INFO  ipc.CallQueueManager (CallQueueManager.java:<init>(90)) - Using callQueue: class java.util.concurrent.LinkedBlockingQueue, queueCapacity: 2000, scheduler: class org.apache.hadoop.ipc.DefaultRpcScheduler, ipcBackoff: false.
2023-02-14 08:18:54,063 [Socket Reader #1 for port 0] INFO  ipc.Server (Server.java:run(1273)) - Starting Socket Reader #1 for port 0
2023-02-14 08:18:54,066 [Listener at 0.0.0.0/38751] INFO  ha.SCMServiceManager (SCMServiceManager.java:register(42)) - Registering service ContainerBalancer.
2023-02-14 08:18:54,066 [Listener at 0.0.0.0/38751] INFO  server.StorageContainerManager (StorageContainerManager.java:<init>(401)) - 
Container Balancer status:
Key                            Value
Running                        true
Container Balancer Configuration values:
Key                                                Value
Threshold                                          10
Max Datanodes to Involve per Iteration(percent)    20
Max Size to Move per Iteration                     500GB
Max Size Entering Target per Iteration             26GB
Max Size Leaving Source per Iteration              26GB

2023-02-14 08:18:54,066 [Listener at 0.0.0.0/38751] INFO  ha.SCMContext (SCMContext.java:updateSafeModeStatus(228)) - Update SafeModeStatus from SafeModeStatus{safeModeStatus=true, preCheckPassed=false} to SafeModeStatus{safeModeStatus=true, preCheckPassed=false}.
2023-02-14 08:18:54,066 [Listener at 0.0.0.0/38751] INFO  server.StorageContainerManager (StorageContainerManager.java:start(1435)) - StorageContainerLocationProtocol RPC server is listening at /0.0.0.0:38751
2023-02-14 08:18:54,067 [Listener at 0.0.0.0/38751] WARN  impl.MetricsConfig (MetricsConfig.java:loadFirst(136)) - Cannot locate configuration: tried hadoop-metrics2-storagecontainermanager.properties,hadoop-metrics2.properties
2023-02-14 08:18:54,075 [Listener at 0.0.0.0/38751] INFO  impl.MetricsSystemImpl (MetricsSystemImpl.java:startTimer(378)) - Scheduled Metric snapshot period at 10 second(s).
2023-02-14 08:18:54,075 [Listener at 0.0.0.0/38751] INFO  impl.MetricsSystemImpl (MetricsSystemImpl.java:start(191)) - StorageContainerManager metrics system started
2023-02-14 08:18:54,086 [Listener at 0.0.0.0/38751] INFO  impl.MetricsSinkAdapter (MetricsSinkAdapter.java:start(204)) - Sink prometheus started
2023-02-14 08:18:54,086 [Listener at 0.0.0.0/38751] INFO  impl.MetricsSystemImpl (MetricsSystemImpl.java:registerSink(305)) - Registered sink prometheus
2023-02-14 08:18:54,107 [Listener at 0.0.0.0/38751] INFO  server.SCMClientProtocolServer (SCMClientProtocolServer.java:start(169)) - RPC server for Client  is listening at /0.0.0.0:38751
2023-02-14 08:18:54,108 [IPC Server Responder] INFO  ipc.Server (Server.java:run(1512)) - IPC Server Responder: starting
2023-02-14 08:18:54,108 [IPC Server listener on 0] INFO  ipc.Server (Server.java:run(1352)) - IPC Server listener on 0: starting
2023-02-14 08:18:54,114 [Listener at 0.0.0.0/38751] INFO  server.StorageContainerManager (StorageContainerManager.java:start(1449)) - ScmBlockLocationProtocol RPC server is listening at /0.0.0.0:44821
2023-02-14 08:18:54,114 [Listener at 0.0.0.0/38751] INFO  server.SCMBlockProtocolServer (SCMBlockProtocolServer.java:start(152)) - RPC server for Block Protocol is listening at /0.0.0.0:44821
2023-02-14 08:18:54,114 [IPC Server Responder] INFO  ipc.Server (Server.java:run(1512)) - IPC Server Responder: starting
2023-02-14 08:18:54,114 [IPC Server listener on 0] INFO  ipc.Server (Server.java:run(1352)) - IPC Server listener on 0: starting
2023-02-14 08:18:54,116 [Listener at 0.0.0.0/38751] INFO  server.SCMDatanodeProtocolServer (SCMDatanodeProtocolServer.java:start(193)) - ScmDatanodeProtocol RPC server for DataNodes is listening at /0.0.0.0:38353
2023-02-14 08:18:54,116 [IPC Server Responder] INFO  ipc.Server (Server.java:run(1512)) - IPC Server Responder: starting
2023-02-14 08:18:54,116 [IPC Server listener on 0] INFO  ipc.Server (Server.java:run(1352)) - IPC Server listener on 0: starting
2023-02-14 08:18:54,120 [org.apache.hadoop.util.JvmPauseMonitor$Monitor@8484e86] INFO  util.JvmPauseMonitor (JvmPauseMonitor.java:run(188)) - Starting JVM pause monitor
2023-02-14 08:18:54,120 [Listener at 0.0.0.0/38751] INFO  http.BaseHttpServer (BaseHttpServer.java:newHttpServer2BuilderForOzone(213)) - Starting Web-server for scm at: http://0.0.0.0:0
2023-02-14 08:18:54,120 [Listener at 0.0.0.0/38751] INFO  http.BaseHttpServer (BaseHttpServer.java:<init>(108)) - Hadoop Security Enabled: false Ozone Security Enabled: false Ozone HTTP Security Enabled: false 
2023-02-14 08:18:54,122 [Listener at 0.0.0.0/38751] WARN  server.AuthenticationFilter (AuthenticationFilter.java:constructSecretProvider(240)) - Unable to initialize FileSignerSecretProvider, falling back to use random secrets. Reason: Could not read signature secret file: /home/runner/hadoop-http-auth-signature-secret
2023-02-14 08:18:54,122 [Listener at 0.0.0.0/38751] WARN  http.HttpRequestLog (HttpRequestLog.java:getRequestLog(103)) - Jetty request log can only be enabled using Log4j
2023-02-14 08:18:54,123 [Listener at 0.0.0.0/38751] INFO  http.HttpServer2 (HttpServer2.java:addGlobalFilter(1031)) - Added global filter 'safety' (class=org.apache.hadoop.hdds.server.http.HttpServer2$QuotingInputFilter)
2023-02-14 08:18:54,124 [Listener at 0.0.0.0/38751] INFO  http.HttpServer2 (HttpServer2.java:addFilter(1007)) - Added filter static_user_filter (class=org.apache.hadoop.http.lib.StaticUserWebFilter$StaticUserFilter) to context scm
2023-02-14 08:18:54,124 [Listener at 0.0.0.0/38751] INFO  http.HttpServer2 (HttpServer2.java:addFilter(1015)) - Added filter static_user_filter (class=org.apache.hadoop.http.lib.StaticUserWebFilter$StaticUserFilter) to context logs
2023-02-14 08:18:54,124 [Listener at 0.0.0.0/38751] INFO  http.HttpServer2 (HttpServer2.java:addFilter(1015)) - Added filter static_user_filter (class=org.apache.hadoop.http.lib.StaticUserWebFilter$StaticUserFilter) to context static
2023-02-14 08:18:54,125 [Listener at 0.0.0.0/38751] INFO  http.HttpServer2 (HttpServer2.java:bindListener(1250)) - Jetty bound to port 33149
2023-02-14 08:18:54,125 [Listener at 0.0.0.0/38751] INFO  server.Server (Server.java:doStart(375)) - jetty-9.4.49.v20220914; built: 2022-09-14T01:07:36.601Z; git: 4231a3b2e4cb8548a412a789936d640a97b1aa0a; jvm 1.8.0_362-b09
2023-02-14 08:18:54,125 [Listener at 0.0.0.0/38751] INFO  server.session (DefaultSessionIdManager.java:doStart(334)) - DefaultSessionIdManager workerName=node0
2023-02-14 08:18:54,126 [Listener at 0.0.0.0/38751] INFO  server.session (DefaultSessionIdManager.java:doStart(339)) - No SessionScavenger set, using defaults
2023-02-14 08:18:54,126 [Listener at 0.0.0.0/38751] INFO  server.session (HouseKeeper.java:startScavenging(132)) - node0 Scavenging every 660000ms
2023-02-14 08:18:54,126 [Listener at 0.0.0.0/38751] INFO  handler.ContextHandler (ContextHandler.java:doStart(921)) - Started o.e.j.s.ServletContextHandler@19fe059f{logs,/logs,file:///home/runner/work/ozone/ozone/hadoop-ozone/integration-test/target/log,AVAILABLE}
2023-02-14 08:18:54,127 [Listener at 0.0.0.0/38751] INFO  handler.ContextHandler (ContextHandler.java:doStart(921)) - Started o.e.j.s.ServletContextHandler@63c9a10d{static,/static,file:///home/runner/work/ozone/ozone/hadoop-ozone/integration-test/target/test-classes/webapps/static,AVAILABLE}
2023-02-14 08:18:54,131 [Listener at 0.0.0.0/38751] INFO  handler.ContextHandler (ContextHandler.java:doStart(921)) - Started o.e.j.w.WebAppContext@191b7cf2{scm,/,file:///home/runner/work/ozone/ozone/hadoop-ozone/integration-test/target/test-classes/webapps/scm/,AVAILABLE}{file:/home/runner/work/ozone/ozone/hadoop-ozone/integration-test/target/test-classes/webapps/scm}
2023-02-14 08:18:54,133 [Listener at 0.0.0.0/38751] INFO  server.AbstractConnector (AbstractConnector.java:doStart(333)) - Started ServerConnector@660e52a4{HTTP/1.1, (http/1.1)}{0.0.0.0:33149}
2023-02-14 08:18:54,133 [Listener at 0.0.0.0/38751] INFO  server.Server (Server.java:doStart(415)) - Started @110210ms
2023-02-14 08:18:54,133 [Listener at 0.0.0.0/38751] WARN  impl.MetricsSystemImpl (MetricsSystemImpl.java:register(279)) - Sink prometheus already exists!
2023-02-14 08:18:54,134 [Listener at 0.0.0.0/38751] INFO  http.BaseHttpServer (BaseHttpServer.java:updateConnectorAddress(333)) - HTTP server of scm listening at http://0.0.0.0:33149
2023-02-14 08:18:54,134 [Listener at 0.0.0.0/38751] WARN  server.ServerUtils (ServerUtils.java:getDBPath(225)) - ozone.om.db.dirs is not configured. We recommend adding this setting. Falling back to ozone.metadata.dirs instead.
2023-02-14 08:18:54,135 [Listener at 0.0.0.0/38751] INFO  ha.OMHANodeDetails (OMHANodeDetails.java:loadOMHAConfig(115)) - ozone.om.internal.service.id is not defined, falling back to ozone.om.service.ids to find serviceID for OzoneManager if it is HA enabled cluster
2023-02-14 08:18:54,135 [Listener at 0.0.0.0/38751] INFO  ha.OMHANodeDetails (OMHANodeDetails.java:loadOMHAConfig(226)) - Configuration does not have ozone.om.address set. Falling back to the default OM address /127.0.0.1:0
2023-02-14 08:18:54,135 [Listener at 0.0.0.0/38751] INFO  ha.OMHANodeDetails (OMHANodeDetails.java:getOMNodeDetailsForNonHA(254)) - OM Service ID is not set. Setting it to the default ID: omServiceIdDefault
2023-02-14 08:18:54,135 [Listener at 0.0.0.0/38751] INFO  ha.OMHANodeDetails (OMHANodeDetails.java:getOMNodeDetailsForNonHA(261)) - OM Node ID is not set. Setting it to the default ID: om1
2023-02-14 08:18:54,136 [Listener at 0.0.0.0/38751] WARN  server.ServerUtils (ServerUtils.java:getDBPath(225)) - ozone.om.db.dirs is not configured. We recommend adding this setting. Falling back to ozone.metadata.dirs instead.
2023-02-14 08:18:54,136 [Listener at 0.0.0.0/38751] INFO  upgrade.AbstractLayoutVersionManager (AbstractLayoutVersionManager.java:init(83)) - Initializing Layout version manager with metadata layout = MULTITENANCY_SCHEMA (version = 3), software layout = MULTITENANCY_SCHEMA (version = 3)
2023-02-14 08:18:54,194 [Listener at 0.0.0.0/38751] INFO  reflections.Reflections (Reflections.java:scan(232)) - Reflections took 57 ms to scan 2 urls, producing 162 keys and 450 values [using 2 cores]
2023-02-14 08:18:54,194 [Listener at 0.0.0.0/38751] INFO  upgrade.OMLayoutVersionManager (OMLayoutVersionManager.java:lambda$0(115)) - Skipping Upgrade Action MockOmUpgradeAction since it has been finalized.
2023-02-14 08:18:54,194 [Listener at 0.0.0.0/38751] WARN  server.ServerUtils (ServerUtils.java:getDBPath(225)) - ozone.om.db.dirs is not configured. We recommend adding this setting. Falling back to ozone.metadata.dirs instead.
2023-02-14 08:18:54,195 [Listener at 0.0.0.0/38751] INFO  proxy.SCMBlockLocationFailoverProxyProvider (SCMBlockLocationFailoverProxyProvider.java:<init>(114)) - Created block location fail-over proxy with 1 nodes: [nodeId=scmNodeId,nodeAddress=/0.0.0.0:44821]
2023-02-14 08:18:54,197 [Listener at 0.0.0.0/38751] INFO  proxy.SCMBlockLocationFailoverProxyProvider (SCMBlockLocationFailoverProxyProvider.java:<init>(114)) - Created block location fail-over proxy with 1 nodes: [nodeId=scmNodeId,nodeAddress=/0.0.0.0:44821]
2023-02-14 08:18:54,201 [Listener at 0.0.0.0/38751] INFO  om.OzoneManager (OzoneManager.java:<init>(615)) - OM start with adminUsers: [runner]
2023-02-14 08:18:54,201 [Listener at 0.0.0.0/38751] WARN  server.ServerUtils (ServerUtils.java:getDBPath(225)) - ozone.om.db.dirs is not configured. We recommend adding this setting. Falling back to ozone.metadata.dirs instead.
2023-02-14 08:18:54,202 [Listener at 0.0.0.0/38751] INFO  codec.OmKeyInfoCodec (OmKeyInfoCodec.java:<init>(49)) - OmKeyInfoCodec ignorePipeline = true
2023-02-14 08:18:54,202 [Listener at 0.0.0.0/38751] INFO  codec.RepeatedOmKeyInfoCodec (RepeatedOmKeyInfoCodec.java:<init>(41)) - RepeatedOmKeyInfoCodec ignorePipeline = true
2023-02-14 08:18:54,334 [Listener at 0.0.0.0/38751] INFO  om.OzoneManager (OzoneManager.java:instantiateServices(745)) - S3 Multi-Tenancy is disabled
2023-02-14 08:18:54,334 [Listener at 0.0.0.0/38751] INFO  om.OzoneManager (OzoneManager.java:addS3GVolumeToDB(4172)) - Created Volume s3v With Owner runner required for S3Gateway operations.
2023-02-14 08:18:54,335 [Listener at 0.0.0.0/38751] WARN  server.ServerUtils (ServerUtils.java:getDefaultRatisDirectory(237)) - Storage directory for Ratis is not configured. It is a good idea to map this to an SSD disk. Falling back to ozone.metadata.dirs
2023-02-14 08:18:54,335 [Listener at 0.0.0.0/38751] WARN  utils.OzoneManagerRatisUtils (OzoneManagerRatisUtils.java:getOMRatisSnapshotDirectory(436)) - ozone.om.ratis.snapshot.dir is not configured. Falling back to ozone.metadata.dirs config
2023-02-14 08:18:54,335 [Listener at 0.0.0.0/38751] WARN  server.ServerUtils (ServerUtils.java:getDefaultRatisDirectory(237)) - Storage directory for Ratis is not configured. It is a good idea to map this to an SSD disk. Falling back to ozone.metadata.dirs
2023-02-14 08:18:54,336 [Listener at 0.0.0.0/38751] INFO  ratis.OzoneManagerRatisServer (OzoneManagerRatisServer.java:<init>(160)) - Instantiating OM Ratis server with groupID: omServiceIdDefault and peers: localhost:9872
2023-02-14 08:18:54,336 [Listener at 0.0.0.0/38751] INFO  ratis.OzoneManagerStateMachine (OzoneManagerStateMachine.java:loadSnapshotInfoFromDB(636)) - LastAppliedIndex is set from TransactionInfo from OM DB as (t:0, i:~)
2023-02-14 08:18:54,338 [Listener at 0.0.0.0/38751] INFO  server.RaftServer (ConfUtils.java:logGet(46)) - raft.rpc.type = GRPC (default)
2023-02-14 08:18:54,338 [Listener at 0.0.0.0/38751] INFO  grpc.GrpcConfigKeys (ConfUtils.java:logFallback(53)) - raft.grpc.admin.host = null (fallback to raft.grpc.server.host)
2023-02-14 08:18:54,338 [Listener at 0.0.0.0/38751] INFO  grpc.GrpcConfigKeys (ConfUtils.java:logFallback(53)) - raft.grpc.admin.port = 9872 (fallback to raft.grpc.server.port)
2023-02-14 08:18:54,339 [Listener at 0.0.0.0/38751] INFO  grpc.GrpcConfigKeys (ConfUtils.java:logFallback(53)) - raft.grpc.client.host = null (fallback to raft.grpc.server.host)
2023-02-14 08:18:54,339 [Listener at 0.0.0.0/38751] INFO  grpc.GrpcConfigKeys (ConfUtils.java:logFallback(53)) - raft.grpc.client.port = 9872 (fallback to raft.grpc.server.port)
2023-02-14 08:18:54,339 [Listener at 0.0.0.0/38751] INFO  grpc.GrpcConfigKeys (ConfUtils.java:logGet(46)) - raft.grpc.server.host = null (default)
2023-02-14 08:18:54,339 [Listener at 0.0.0.0/38751] INFO  grpc.GrpcConfigKeys (ConfUtils.java:logGet(46)) - raft.grpc.server.port = 9872 (custom)
2023-02-14 08:18:54,339 [Listener at 0.0.0.0/38751] INFO  server.GrpcService (ConfUtils.java:logGet(46)) - raft.grpc.message.size.max = 33554432 (custom)
2023-02-14 08:18:54,339 [Listener at 0.0.0.0/38751] INFO  server.RaftServerConfigKeys (ConfUtils.java:logGet(46)) - raft.server.log.appender.buffer.byte-limit = 33554432 (custom)
2023-02-14 08:18:54,339 [Listener at 0.0.0.0/38751] INFO  server.GrpcService (ConfUtils.java:logGet(46)) - raft.grpc.flow.control.window = 1MB (=1048576) (default)
2023-02-14 08:18:54,339 [Listener at 0.0.0.0/38751] INFO  server.RaftServerConfigKeys (ConfUtils.java:logGet(46)) - raft.server.rpc.request.timeout = 3000ms (default)
2023-02-14 08:18:54,339 [Listener at 0.0.0.0/38751] INFO  grpc.GrpcConfigKeys (ConfUtils.java:logGet(46)) - raft.grpc.server.heartbeat.channel = true (default)
2023-02-14 08:18:54,339 [Listener at 0.0.0.0/38751] INFO  grpc.GrpcConfigKeys (ConfUtils.java:logGet(46)) - raft.grpc.server.async.request.thread.pool.cached = true (default)
2023-02-14 08:18:54,339 [Listener at 0.0.0.0/38751] INFO  grpc.GrpcConfigKeys (ConfUtils.java:logGet(46)) - raft.grpc.server.async.request.thread.pool.size = 32 (default)
2023-02-14 08:18:54,340 [Listener at 0.0.0.0/38751] INFO  impl.DataStreamServerImpl (ConfUtils.java:logGet(46)) - raft.datastream.type = DISABLED (default)
2023-02-14 08:18:54,341 [Listener at 0.0.0.0/38751] INFO  server.RaftServerConfigKeys (ConfUtils.java:logGet(46)) - raft.server.threadpool.proxy.cached = true (default)
2023-02-14 08:18:54,341 [Listener at 0.0.0.0/38751] INFO  server.RaftServerConfigKeys (ConfUtils.java:logGet(46)) - raft.server.threadpool.proxy.size = 0 (default)
2023-02-14 08:18:54,341 [Listener at 0.0.0.0/38751] INFO  server.RaftServerConfigKeys (ConfUtils.java:logGet(46)) - raft.server.rpc.slowness.timeout = 120s (custom)
2023-02-14 08:18:54,341 [Listener at 0.0.0.0/38751] INFO  server.RaftServerConfigKeys (ConfUtils.java:logGet(46)) - raft.server.leaderelection.leader.step-down.wait-time = 10s (default)
2023-02-14 08:18:54,341 [Listener at 0.0.0.0/38751] INFO  server.RaftServerConfigKeys (ConfUtils.java:logGet(46)) - raft.server.storage.dir = [/home/runner/work/ozone/ozone/hadoop-ozone/integration-test/target/test-dir/MiniOzoneClusterImpl-9064264e-2b58-4737-9fe3-fdda8e014d69/ozone-meta/ratis] (custom)
2023-02-14 08:18:54,345 [Listener at 0.0.0.0/38751] INFO  server.RaftServer (RaftServerProxy.java:addNew(96)) - om1: addNew group-C5BA1605619E:[om1|rpc:localhost:9872|priority:0|startupRole:FOLLOWER] returns group-C5BA1605619E:java.util.concurrent.CompletableFuture@6b15adce[Not completed]
2023-02-14 08:18:54,345 [Listener at 0.0.0.0/38751] INFO  om.OzoneManager (OzoneManager.java:initializeRatisServer(2080)) - OzoneManager Ratis server initialized at port 9872
2023-02-14 08:18:54,345 [pool-465-thread-1] INFO  server.RaftServer$Division (RaftServerImpl.java:<init>(195)) - om1: new RaftServerImpl for group-C5BA1605619E:[om1|rpc:localhost:9872|priority:0|startupRole:FOLLOWER] with OzoneManagerStateMachine:uninitialized
2023-02-14 08:18:54,345 [Listener at 0.0.0.0/38751] INFO  om.OzoneManager (OzoneManager.java:getRpcServer(1128)) - Creating RPC Server
2023-02-14 08:18:54,345 [pool-465-thread-1] INFO  server.RaftServerConfigKeys (ConfUtils.java:logGet(46)) - raft.server.rpc.timeout.min = 1s (custom)
2023-02-14 08:18:54,345 [pool-465-thread-1] INFO  server.RaftServerConfigKeys (ConfUtils.java:logGet(46)) - raft.server.rpc.timeout.max = 1200ms (custom)
2023-02-14 08:18:54,345 [pool-465-thread-1] INFO  server.RaftServerConfigKeys (ConfUtils.java:logGet(46)) - raft.server.rpc.sleep.time = 25ms (default)
2023-02-14 08:18:54,345 [pool-465-thread-1] INFO  server.RaftServerConfigKeys (ConfUtils.java:logGet(46)) - raft.server.rpc.slowness.timeout = 120s (custom)
2023-02-14 08:18:54,345 [pool-465-thread-1] INFO  server.RaftServerConfigKeys (ConfUtils.java:logGet(46)) - raft.server.leaderelection.leader.step-down.wait-time = 10s (default)
2023-02-14 08:18:54,345 [pool-465-thread-1] INFO  server.RaftServerConfigKeys (ConfUtils.java:logGet(46)) - raft.server.sleep.deviation.threshold = 300ms (default)
2023-02-14 08:18:54,345 [pool-465-thread-1] INFO  server.RaftServer$Division (ServerState.java:<init>(118)) - om1@group-C5BA1605619E: ConfigurationManager, init=-1: peers:[om1|rpc:localhost:9872|priority:0|startupRole:FOLLOWER]|listeners:[], old=null, confs=<EMPTY_MAP>
2023-02-14 08:18:54,345 [pool-465-thread-1] INFO  server.RaftServerConfigKeys (ConfUtils.java:logGet(46)) - raft.server.storage.dir = [/home/runner/work/ozone/ozone/hadoop-ozone/integration-test/target/test-dir/MiniOzoneClusterImpl-9064264e-2b58-4737-9fe3-fdda8e014d69/ozone-meta/ratis] (custom)
2023-02-14 08:18:54,345 [pool-465-thread-1] INFO  server.RaftServerConfigKeys (ConfUtils.java:logGet(46)) - raft.server.log.corruption.policy = EXCEPTION (default)
2023-02-14 08:18:54,345 [pool-465-thread-1] INFO  server.RaftServerConfigKeys (ConfUtils.java:logGet(46)) - raft.server.storage.free-space.min = 0MB (=0) (default)
2023-02-14 08:18:54,345 [pool-465-thread-1] INFO  server.RaftServerConfigKeys (ConfUtils.java:logGet(46)) - raft.server.notification.no-leader.timeout = 120s (custom)
2023-02-14 08:18:54,345 [pool-465-thread-1] INFO  server.RaftServerConfigKeys (ConfUtils.java:logGet(46)) - raft.server.retrycache.expirytime = 300s (custom)
2023-02-14 08:18:54,345 [pool-465-thread-1] INFO  server.RaftServerConfigKeys (ConfUtils.java:logGet(46)) - raft.server.retrycache.statistics.expirytime = 100μs (default)
2023-02-14 08:18:54,353 [pool-465-thread-1] INFO  server.RaftServerConfigKeys (ConfUtils.java:logGet(46)) - raft.server.log.appender.install.snapshot.enabled = false (custom)
2023-02-14 08:18:54,354 [pool-465-thread-1] INFO  server.RaftServerConfigKeys (ConfUtils.java:logGet(46)) - raft.server.threadpool.server.cached = true (default)
2023-02-14 08:18:54,354 [pool-465-thread-1] INFO  server.RaftServerConfigKeys (ConfUtils.java:logGet(46)) - raft.server.threadpool.server.size = 0 (default)
2023-02-14 08:18:54,354 [pool-465-thread-1] INFO  server.RaftServerConfigKeys (ConfUtils.java:logGet(46)) - raft.server.threadpool.client.cached = true (default)
2023-02-14 08:18:54,354 [pool-465-thread-1] INFO  server.RaftServerConfigKeys (ConfUtils.java:logGet(46)) - raft.server.threadpool.client.size = 0 (default)
2023-02-14 08:18:54,713 [Listener at 0.0.0.0/38751] INFO  reflections.Reflections (Reflections.java:scan(232)) - Reflections took 367 ms to scan 19 urls, producing 69 keys and 4763 values [using 2 cores]
2023-02-14 08:18:54,714 [Listener at 0.0.0.0/38751] INFO  ipc.CallQueueManager (CallQueueManager.java:<init>(90)) - Using callQueue: class java.util.concurrent.LinkedBlockingQueue, queueCapacity: 2000, scheduler: class org.apache.hadoop.ipc.DefaultRpcScheduler, ipcBackoff: false.
2023-02-14 08:18:54,719 [Socket Reader #1 for port 0] INFO  ipc.Server (Server.java:run(1273)) - Starting Socket Reader #1 for port 0
2023-02-14 08:18:54,735 [Listener at 127.0.0.1/32845] INFO  impl.MetricsSystemImpl (MetricsSystemImpl.java:init(158)) - OzoneManager metrics system started (again)
2023-02-14 08:18:54,745 [Listener at 127.0.0.1/32845] INFO  om.OzoneManager (OzoneManager.java:start(1548)) - OzoneManager RPC server is listening at localhost/127.0.0.1:32845
2023-02-14 08:18:54,745 [Listener at 127.0.0.1/32845] INFO  ratis.OzoneManagerRatisServer (OzoneManagerRatisServer.java:start(555)) - Starting OzoneManagerRatisServer om1 at port 9872
2023-02-14 08:18:54,746 [om1-impl-thread1] INFO  storage.RaftStorageDirectory (RaftStorageDirectoryImpl.java:analyzeStorage(137)) - The storage directory /home/runner/work/ozone/ozone/hadoop-ozone/integration-test/target/test-dir/MiniOzoneClusterImpl-9064264e-2b58-4737-9fe3-fdda8e014d69/ozone-meta/ratis/bf265839-605b-3f16-9796-c5ba1605619e does not exist. Creating ...
2023-02-14 08:18:54,747 [om1-impl-thread1] INFO  storage.RaftStorageDirectory (RaftStorageDirectoryImpl.java:tryLock(231)) - Lock on /home/runner/work/ozone/ozone/hadoop-ozone/integration-test/target/test-dir/MiniOzoneClusterImpl-9064264e-2b58-4737-9fe3-fdda8e014d69/ozone-meta/ratis/bf265839-605b-3f16-9796-c5ba1605619e/in_use.lock acquired by nodename 11911@fv-az476-382
2023-02-14 08:18:54,748 [om1-impl-thread1] INFO  storage.RaftStorage (RaftStorageImpl.java:format(96)) - Storage directory /home/runner/work/ozone/ozone/hadoop-ozone/integration-test/target/test-dir/MiniOzoneClusterImpl-9064264e-2b58-4737-9fe3-fdda8e014d69/ozone-meta/ratis/bf265839-605b-3f16-9796-c5ba1605619e has been successfully formatted.
2023-02-14 08:18:54,748 [om1-impl-thread1] INFO  server.RaftServerConfigKeys (ConfUtils.java:logGet(46)) - raft.server.log.use.memory = false (default)
2023-02-14 08:18:54,748 [om1-impl-thread1] INFO  server.RaftServerConfigKeys (ConfUtils.java:logGet(46)) - raft.server.log.purge.gap = 1000000 (custom)
2023-02-14 08:18:54,748 [om1-impl-thread1] INFO  server.RaftServerConfigKeys (ConfUtils.java:logGet(46)) - raft.server.log.appender.buffer.byte-limit = 33554432 (custom)
2023-02-14 08:18:54,748 [om1-impl-thread1] INFO  server.RaftServerConfigKeys (ConfUtils.java:logGet(46)) - raft.server.log.statemachine.data.read.timeout = 1000ms (default)
2023-02-14 08:18:54,748 [om1-impl-thread1] INFO  server.RaftServerConfigKeys (ConfUtils.java:logGet(46)) - raft.server.log.purge.preservation.log.num = 0 (default)
2023-02-14 08:18:54,748 [om1-impl-thread1] INFO  server.RaftServerConfigKeys (ConfUtils.java:logGet(46)) - raft.server.log.segment.size.max = 4194304 (custom)
2023-02-14 08:18:54,748 [om1-impl-thread1] INFO  server.RaftServerConfigKeys (ConfUtils.java:logGet(46)) - raft.server.log.segment.cache.num.max = 2 (custom)
2023-02-14 08:18:54,748 [om1-impl-thread1] INFO  server.RaftServerConfigKeys (ConfUtils.java:logGet(46)) - raft.server.log.segment.cache.size.max = 200MB (=209715200) (default)
2023-02-14 08:18:54,748 [om1-impl-thread1] INFO  segmented.SegmentedRaftLogWorker (SegmentedRaftLogWorker.java:<init>(189)) - new om1@group-C5BA1605619E-SegmentedRaftLogWorker for RaftStorageImpl:Storage Directory /home/runner/work/ozone/ozone/hadoop-ozone/integration-test/target/test-dir/MiniOzoneClusterImpl-9064264e-2b58-4737-9fe3-fdda8e014d69/ozone-meta/ratis/bf265839-605b-3f16-9796-c5ba1605619e
2023-02-14 08:18:54,748 [om1-impl-thread1] INFO  server.RaftServerConfigKeys (ConfUtils.java:logGet(46)) - raft.server.log.queue.byte-limit = 64MB (=67108864) (default)
2023-02-14 08:18:54,749 [om1-impl-thread1] INFO  server.RaftServerConfigKeys (ConfUtils.java:logGet(46)) - raft.server.log.queue.element-limit = 4096 (default)
2023-02-14 08:18:54,749 [om1-impl-thread1] INFO  server.RaftServerConfigKeys (ConfUtils.java:logGet(46)) - raft.server.log.segment.size.max = 4194304 (custom)
2023-02-14 08:18:54,749 [om1-impl-thread1] INFO  server.RaftServerConfigKeys (ConfUtils.java:logGet(46)) - raft.server.log.preallocated.size = 4194304 (custom)
2023-02-14 08:18:54,749 [om1-impl-thread1] INFO  server.RaftServerConfigKeys (ConfUtils.java:logGet(46)) - raft.server.log.force.sync.num = 128 (default)
2023-02-14 08:18:54,749 [om1-impl-thread1] INFO  server.RaftServerConfigKeys (ConfUtils.java:logGet(46)) - raft.server.log.statemachine.data.sync = true (default)
2023-02-14 08:18:54,749 [om1-impl-thread1] INFO  server.RaftServerConfigKeys (ConfUtils.java:logGet(46)) - raft.server.log.statemachine.data.sync.timeout = 10s (default)
2023-02-14 08:18:54,749 [om1-impl-thread1] INFO  server.RaftServerConfigKeys (ConfUtils.java:logGet(46)) - raft.server.log.statemachine.data.sync.timeout.retry = -1 (default)
2023-02-14 08:18:54,749 [om1-impl-thread1] INFO  server.RaftServerConfigKeys (ConfUtils.java:logGet(46)) - raft.server.log.write.buffer.size = 64KB (=65536) (default)
2023-02-14 08:18:54,749 [om1-impl-thread1] INFO  server.RaftServerConfigKeys (ConfUtils.java:logGet(46)) - raft.server.log.appender.buffer.byte-limit = 33554432 (custom)
2023-02-14 08:18:54,814 [om1-impl-thread1] INFO  server.RaftServerConfigKeys (ConfUtils.java:logGet(46)) - raft.server.log.unsafe-flush.enabled = false (default)
2023-02-14 08:18:54,814 [om1-impl-thread1] INFO  server.RaftServerConfigKeys (ConfUtils.java:logGet(46)) - raft.server.log.async-flush.enabled = false (default)
2023-02-14 08:18:54,814 [om1-impl-thread1] INFO  server.RaftServerConfigKeys (ConfUtils.java:logGet(46)) - raft.server.log.statemachine.data.caching.enabled = false (default)
2023-02-14 08:18:54,815 [om1-impl-thread1] INFO  segmented.SegmentedRaftLogWorker (SegmentedRaftLogWorker.java:lambda$new$0(135)) - om1@group-C5BA1605619E-SegmentedRaftLogWorker: flushIndex: setUnconditionally 0 -> -1
2023-02-14 08:18:54,815 [om1-impl-thread1] INFO  segmented.SegmentedRaftLogWorker (SegmentedRaftLogWorker.java:lambda$new$0(135)) - om1@group-C5BA1605619E-SegmentedRaftLogWorker: safeCacheEvictIndex: setUnconditionally 0 -> -1
2023-02-14 08:18:54,815 [om1-impl-thread1] INFO  server.RaftServer$Division (RaftServerImpl.java:start(334)) - om1@group-C5BA1605619E: start as a follower, conf=-1: peers:[om1|rpc:localhost:9872|priority:0|startupRole:FOLLOWER]|listeners:[], old=null
2023-02-14 08:18:54,815 [om1-impl-thread1] INFO  server.RaftServer$Division (RaftServerImpl.java:setRole(321)) - om1@group-C5BA1605619E: changes role from      null to FOLLOWER at term 0 for startAsFollower
2023-02-14 08:18:54,815 [om1-impl-thread1] INFO  impl.RoleInfo (RoleInfo.java:updateAndGet(139)) - om1: start om1@group-C5BA1605619E-FollowerState
2023-02-14 08:18:54,815 [om1-impl-thread1] INFO  util.JmxRegister (JmxRegister.java:tryRegister(44)) - Successfully registered JMX Bean with object name Ratis:service=RaftServer,group=group-C5BA1605619E,id=om1
2023-02-14 08:18:54,816 [om1-impl-thread1] INFO  server.RaftServerConfigKeys (ConfUtils.java:logGet(46)) - raft.server.snapshot.auto.trigger.enabled = true (custom)
2023-02-14 08:18:54,816 [om1-impl-thread1] INFO  server.RaftServerConfigKeys (ConfUtils.java:logGet(46)) - raft.server.snapshot.auto.trigger.threshold = 400000 (default)
2023-02-14 08:18:54,816 [om1-impl-thread1] INFO  server.RaftServerConfigKeys (ConfUtils.java:logGet(46)) - raft.server.snapshot.retention.file.num = -1 (default)
2023-02-14 08:18:54,816 [om1-impl-thread1] INFO  server.RaftServerConfigKeys (ConfUtils.java:logGet(46)) - raft.server.log.purge.upto.snapshot.index = true (custom)
2023-02-14 08:18:54,816 [om1@group-C5BA1605619E-FollowerState] INFO  server.RaftServerConfigKeys (ConfUtils.java:logFallback(53)) - raft.server.rpc.first-election.timeout.min = 1s (fallback to raft.server.rpc.timeout.min)
2023-02-14 08:18:54,817 [om1@group-C5BA1605619E-FollowerState] INFO  server.RaftServerConfigKeys (ConfUtils.java:logFallback(53)) - raft.server.rpc.first-election.timeout.max = 1200ms (fallback to raft.server.rpc.timeout.max)
2023-02-14 08:18:54,817 [Listener at 127.0.0.1/32845] INFO  server.RaftServer (RaftServerProxy.java:startImpl(393)) - om1: start RPC server
2023-02-14 08:18:54,819 [Listener at 127.0.0.1/32845] INFO  server.GrpcService (GrpcService.java:startImpl(262)) - om1: GrpcService started, listening on 9872
2023-02-14 08:18:54,819 [Listener at 127.0.0.1/32845] INFO  om.OzoneManager (OzoneManager.java:start(1564)) - Version File has different layout version (3) than OM DB (null). That is expected if this OM has never been finalized to a newer layout version.
2023-02-14 08:18:54,819 [JvmPauseMonitor11] INFO  util.JvmPauseMonitor (JvmPauseMonitor.java:run(105)) - JvmPauseMonitor-om1: Started
2023-02-14 08:18:54,820 [Listener at 127.0.0.1/32845] INFO  http.BaseHttpServer (BaseHttpServer.java:newHttpServer2BuilderForOzone(213)) - Starting Web-server for ozoneManager at: http://0.0.0.0:0
2023-02-14 08:18:54,820 [Listener at 127.0.0.1/32845] INFO  http.BaseHttpServer (BaseHttpServer.java:<init>(108)) - Hadoop Security Enabled: false Ozone Security Enabled: false Ozone HTTP Security Enabled: false 
2023-02-14 08:18:54,822 [Listener at 127.0.0.1/32845] WARN  server.AuthenticationFilter (AuthenticationFilter.java:constructSecretProvider(240)) - Unable to initialize FileSignerSecretProvider, falling back to use random secrets. Reason: Could not read signature secret file: /home/runner/hadoop-http-auth-signature-secret
2023-02-14 08:18:54,823 [Listener at 127.0.0.1/32845] WARN  http.HttpRequestLog (HttpRequestLog.java:getRequestLog(103)) - Jetty request log can only be enabled using Log4j
2023-02-14 08:18:54,824 [Listener at 127.0.0.1/32845] INFO  http.HttpServer2 (HttpServer2.java:addGlobalFilter(1031)) - Added global filter 'safety' (class=org.apache.hadoop.hdds.server.http.HttpServer2$QuotingInputFilter)
2023-02-14 08:18:54,825 [Listener at 127.0.0.1/32845] INFO  http.HttpServer2 (HttpServer2.java:addFilter(1007)) - Added filter static_user_filter (class=org.apache.hadoop.http.lib.StaticUserWebFilter$StaticUserFilter) to context ozoneManager
2023-02-14 08:18:54,825 [Listener at 127.0.0.1/32845] INFO  http.HttpServer2 (HttpServer2.java:addFilter(1015)) - Added filter static_user_filter (class=org.apache.hadoop.http.lib.StaticUserWebFilter$StaticUserFilter) to context static
2023-02-14 08:18:54,825 [Listener at 127.0.0.1/32845] INFO  http.HttpServer2 (HttpServer2.java:addFilter(1015)) - Added filter static_user_filter (class=org.apache.hadoop.http.lib.StaticUserWebFilter$StaticUserFilter) to context logs
2023-02-14 08:18:54,827 [Listener at 127.0.0.1/32845] INFO  http.HttpServer2 (HttpServer2.java:bindListener(1250)) - Jetty bound to port 46367
2023-02-14 08:18:54,827 [Listener at 127.0.0.1/32845] INFO  server.Server (Server.java:doStart(375)) - jetty-9.4.49.v20220914; built: 2022-09-14T01:07:36.601Z; git: 4231a3b2e4cb8548a412a789936d640a97b1aa0a; jvm 1.8.0_362-b09
2023-02-14 08:18:54,833 [Listener at 127.0.0.1/32845] INFO  server.session (DefaultSessionIdManager.java:doStart(334)) - DefaultSessionIdManager workerName=node0
2023-02-14 08:18:54,833 [Listener at 127.0.0.1/32845] INFO  server.session (DefaultSessionIdManager.java:doStart(339)) - No SessionScavenger set, using defaults
2023-02-14 08:18:54,834 [Listener at 127.0.0.1/32845] INFO  server.session (HouseKeeper.java:startScavenging(132)) - node0 Scavenging every 660000ms
2023-02-14 08:18:54,835 [Listener at 127.0.0.1/32845] INFO  handler.ContextHandler (ContextHandler.java:doStart(921)) - Started o.e.j.s.ServletContextHandler@1ce6e978{logs,/logs,file:///home/runner/work/ozone/ozone/hadoop-ozone/integration-test/target/log,AVAILABLE}
2023-02-14 08:18:54,835 [Listener at 127.0.0.1/32845] INFO  handler.ContextHandler (ContextHandler.java:doStart(921)) - Started o.e.j.s.ServletContextHandler@4309d83d{static,/static,file:///home/runner/work/ozone/ozone/hadoop-ozone/integration-test/target/test-classes/webapps/static,AVAILABLE}
2023-02-14 08:18:54,838 [Listener at 127.0.0.1/32845] INFO  handler.ContextHandler (ContextHandler.java:doStart(921)) - Started o.e.j.w.WebAppContext@1dd49460{ozoneManager,/,file:///home/runner/work/ozone/ozone/hadoop-ozone/integration-test/target/test-classes/webapps/ozoneManager/,AVAILABLE}{file:/home/runner/work/ozone/ozone/hadoop-ozone/integration-test/target/test-classes/webapps/ozoneManager}
2023-02-14 08:18:54,840 [Listener at 127.0.0.1/32845] INFO  server.AbstractConnector (AbstractConnector.java:doStart(333)) - Started ServerConnector@7cf48984{HTTP/1.1, (http/1.1)}{0.0.0.0:46367}
2023-02-14 08:18:54,840 [Listener at 127.0.0.1/32845] INFO  server.Server (Server.java:doStart(415)) - Started @110916ms
2023-02-14 08:18:54,840 [Listener at 127.0.0.1/32845] WARN  impl.MetricsSystemImpl (MetricsSystemImpl.java:register(279)) - Sink prometheus already exists!
2023-02-14 08:18:54,841 [Listener at 127.0.0.1/32845] INFO  http.BaseHttpServer (BaseHttpServer.java:updateConnectorAddress(333)) - HTTP server of ozoneManager listening at http://0.0.0.0:46367
2023-02-14 08:18:54,841 [IPC Server Responder] INFO  ipc.Server (Server.java:run(1512)) - IPC Server Responder: starting
2023-02-14 08:18:54,843 [Listener at 127.0.0.1/32845] INFO  om.TrashPolicyOzone (TrashPolicyOzone.java:<init>(277)) - Ozone Manager trash configuration: Deletion interval = 0 minutes, Emptier interval = 0 minutes.
2023-02-14 08:18:54,844 [org.apache.hadoop.util.JvmPauseMonitor$Monitor@23dddeb8] INFO  util.JvmPauseMonitor (JvmPauseMonitor.java:run(188)) - Starting JVM pause monitor
2023-02-14 08:18:54,852 [IPC Server listener on 0] INFO  ipc.Server (Server.java:run(1352)) - IPC Server listener on 0: starting
2023-02-14 08:18:54,859 [Listener at 127.0.0.1/32845] WARN  impl.MetricRegistriesImpl (MetricRegistriesImpl.java:addReporterRegistration(111)) - New reporters are added after registries were created. Some metrics will be missing from the reporter. Please add reporter before adding any new registry.
2023-02-14 08:18:54,860 [Listener at 127.0.0.1/32845] WARN  impl.MetricRegistriesImpl (MetricRegistriesImpl.java:addReporterRegistration(111)) - New reporters are added after registries were created. Some metrics will be missing from the reporter. Please add reporter before adding any new registry.
2023-02-14 08:18:54,860 [Listener at 127.0.0.1/32845] INFO  impl.MetricsSystemImpl (MetricsSystemImpl.java:init(158)) - HddsDatanode metrics system started (again)
2023-02-14 08:18:54,870 [Listener at 127.0.0.1/32845] INFO  ozone.HddsDatanodeService (HddsDatanodeService.java:start(228)) - HddsDatanodeService host:fv-az476-382.2mevl5kwmm3ezivwarakluutxb.phxx.internal.cloudapp.net ip:10.1.0.19
2023-02-14 08:18:54,884 [Listener at 127.0.0.1/32845] INFO  upgrade.AbstractLayoutVersionManager (AbstractLayoutVersionManager.java:init(83)) - Initializing Layout version manager with metadata layout = DATANODE_SCHEMA_V3 (version = 4), software layout = DATANODE_SCHEMA_V3 (version = 4)
2023-02-14 08:18:54,927 [Listener at 127.0.0.1/32845] INFO  reflections.Reflections (Reflections.java:scan(232)) - Reflections took 42 ms to scan 7 urls, producing 150 keys and 363 values 
2023-02-14 08:18:54,929 [Listener at 127.0.0.1/32845] INFO  statemachine.DatanodeStateMachine (DatanodeStateMachine.java:getEndPointTaskThreadPoolSize(260)) - Datanode State Machine Task Thread Pool size 2
2023-02-14 08:18:54,931 [Listener at 127.0.0.1/32845] INFO  volume.HddsVolume (HddsVolume.java:<init>(122)) - Creating HddsVolume: /home/runner/work/ozone/ozone/hadoop-ozone/integration-test/target/test-dir/MiniOzoneClusterImpl-9064264e-2b58-4737-9fe3-fdda8e014d69/datanode-0/data-0/containers/hdds of storage type : DISK capacity : 9223372036854775807
2023-02-14 08:18:54,931 [Listener at 127.0.0.1/32845] INFO  volume.MutableVolumeSet (MutableVolumeSet.java:initializeVolumeSet(174)) - Added Volume : /home/runner/work/ozone/ozone/hadoop-ozone/integration-test/target/test-dir/MiniOzoneClusterImpl-9064264e-2b58-4737-9fe3-fdda8e014d69/datanode-0/data-0/containers/hdds to VolumeSet
2023-02-14 08:18:54,931 [Listener at 127.0.0.1/32845] INFO  volume.ThrottledAsyncChecker (ThrottledAsyncChecker.java:schedule(141)) - Scheduling a check for /home/runner/work/ozone/ozone/hadoop-ozone/integration-test/target/test-dir/MiniOzoneClusterImpl-9064264e-2b58-4737-9fe3-fdda8e014d69/datanode-0/data-0/containers/hdds
2023-02-14 08:18:54,931 [Listener at 127.0.0.1/32845] INFO  volume.StorageVolumeChecker (StorageVolumeChecker.java:checkAllVolumes(202)) - Scheduled health check for volume /home/runner/work/ozone/ozone/hadoop-ozone/integration-test/target/test-dir/MiniOzoneClusterImpl-9064264e-2b58-4737-9fe3-fdda8e014d69/datanode-0/data-0/containers/hdds
2023-02-14 08:18:54,942 [Listener at 127.0.0.1/32845] INFO  volume.MutableVolumeSet (MutableVolumeSet.java:initializeVolumeSet(174)) - Added Volume : /home/runner/work/ozone/ozone/hadoop-ozone/integration-test/target/test-dir/MiniOzoneClusterImpl-9064264e-2b58-4737-9fe3-fdda8e014d69/datanode-0/data/ratis to VolumeSet
2023-02-14 08:18:54,942 [Listener at 127.0.0.1/32845] INFO  volume.ThrottledAsyncChecker (ThrottledAsyncChecker.java:schedule(141)) - Scheduling a check for /home/runner/work/ozone/ozone/hadoop-ozone/integration-test/target/test-dir/MiniOzoneClusterImpl-9064264e-2b58-4737-9fe3-fdda8e014d69/datanode-0/data/ratis
2023-02-14 08:18:54,942 [Listener at 127.0.0.1/32845] INFO  volume.StorageVolumeChecker (StorageVolumeChecker.java:checkAllVolumes(202)) - Scheduled health check for volume /home/runner/work/ozone/ozone/hadoop-ozone/integration-test/target/test-dir/MiniOzoneClusterImpl-9064264e-2b58-4737-9fe3-fdda8e014d69/datanode-0/data/ratis
2023-02-14 08:18:54,952 [Thread-985] INFO  ozoneimpl.ContainerReader (ContainerReader.java:readVolume(175)) - Finish verifying containers on volume /home/runner/work/ozone/ozone/hadoop-ozone/integration-test/target/test-dir/MiniOzoneClusterImpl-9064264e-2b58-4737-9fe3-fdda8e014d69/datanode-0/data-0/containers/hdds
2023-02-14 08:18:54,952 [Listener at 127.0.0.1/32845] INFO  ozoneimpl.OzoneContainer (OzoneContainer.java:buildContainerSet(304)) - Build ContainerSet costs 0s
2023-02-14 08:18:54,954 [Listener at 127.0.0.1/32845] INFO  server.RaftServer (ConfUtils.java:logGet(46)) - raft.rpc.type = GRPC (default)
2023-02-14 08:18:54,954 [Listener at 127.0.0.1/32845] INFO  grpc.GrpcConfigKeys (ConfUtils.java:logFallback(53)) - raft.grpc.admin.host = null (fallback to raft.grpc.server.host)
2023-02-14 08:18:54,955 [Listener at 127.0.0.1/32845] INFO  grpc.GrpcConfigKeys (ConfUtils.java:logGet(46)) - raft.grpc.admin.port = 0 (custom)
2023-02-14 08:18:54,955 [Listener at 127.0.0.1/32845] INFO  grpc.GrpcConfigKeys (ConfUtils.java:logFallback(53)) - raft.grpc.client.host = null (fallback to raft.grpc.server.host)
2023-02-14 08:18:54,955 [Listener at 127.0.0.1/32845] INFO  grpc.GrpcConfigKeys (ConfUtils.java:logGet(46)) - raft.grpc.client.port = 0 (custom)
2023-02-14 08:18:54,955 [Listener at 127.0.0.1/32845] INFO  grpc.GrpcConfigKeys (ConfUtils.java:logGet(46)) - raft.grpc.server.host = null (default)
2023-02-14 08:18:54,955 [Listener at 127.0.0.1/32845] INFO  grpc.GrpcConfigKeys (ConfUtils.java:logGet(46)) - raft.grpc.server.port = 0 (default)
2023-02-14 08:18:54,955 [Listener at 127.0.0.1/32845] INFO  server.GrpcService (ConfUtils.java:logGet(46)) - raft.grpc.message.size.max = 32MB (=33554432) (custom)
2023-02-14 08:18:54,955 [Listener at 127.0.0.1/32845] INFO  server.RaftServerConfigKeys (ConfUtils.java:logGet(46)) - raft.server.log.appender.buffer.byte-limit = 33554432 (custom)
2023-02-14 08:18:54,955 [Listener at 127.0.0.1/32845] INFO  server.GrpcService (ConfUtils.java:logGet(46)) - raft.grpc.flow.control.window = 5MB (=5242880) (custom)
2023-02-14 08:18:54,955 [Listener at 127.0.0.1/32845] INFO  server.RaftServerConfigKeys (ConfUtils.java:logGet(46)) - raft.server.rpc.request.timeout = 60s (custom)
2023-02-14 08:18:54,955 [Listener at 127.0.0.1/32845] INFO  grpc.GrpcConfigKeys (ConfUtils.java:logGet(46)) - raft.grpc.server.heartbeat.channel = true (default)
2023-02-14 08:18:54,955 [Listener at 127.0.0.1/32845] INFO  grpc.GrpcConfigKeys (ConfUtils.java:logGet(46)) - raft.grpc.server.async.request.thread.pool.cached = true (default)
2023-02-14 08:18:54,955 [Listener at 127.0.0.1/32845] INFO  grpc.GrpcConfigKeys (ConfUtils.java:logGet(46)) - raft.grpc.server.async.request.thread.pool.size = 32 (default)
2023-02-14 08:18:54,956 [Listener at 127.0.0.1/32845] INFO  impl.DataStreamServerImpl (ConfUtils.java:logGet(46)) - raft.datastream.type = NETTY (custom)
2023-02-14 08:18:54,958 [Listener at 127.0.0.1/32845] INFO  server.RaftServerConfigKeys (ConfUtils.java:logGet(46)) - raft.server.data-stream.async.request.thread.pool.cached = false (default)
2023-02-14 08:18:54,958 [Listener at 127.0.0.1/32845] INFO  server.RaftServerConfigKeys (ConfUtils.java:logGet(46)) - raft.server.data-stream.async.request.thread.pool.size = 20 (custom)
2023-02-14 08:18:54,959 [Listener at 127.0.0.1/32845] INFO  server.RaftServerConfigKeys (ConfUtils.java:logGet(46)) - raft.server.data-stream.async.write.thread.pool.size = 16 (default)
2023-02-14 08:18:54,959 [Listener at 127.0.0.1/32845] INFO  server.RaftServerConfigKeys (ConfUtils.java:logGet(46)) - raft.server.data-stream.client.pool.size = 10 (default)
2023-02-14 08:18:54,959 [Listener at 127.0.0.1/32845] INFO  netty.NettyConfigKeys$DataStream (ConfUtils.java:logGet(46)) - raft.netty.dataStream.server.use-epoll = false (default)
2023-02-14 08:18:54,959 [Listener at 127.0.0.1/32845] INFO  netty.NettyConfigKeys$DataStream (ConfUtils.java:logGet(46)) - raft.netty.dataStream.server.boss-group.size = 0 (default)
2023-02-14 08:18:54,959 [Listener at 127.0.0.1/32845] INFO  netty.NettyConfigKeys$DataStream (ConfUtils.java:logGet(46)) - raft.netty.dataStream.server.worker-group.size = 0 (default)
2023-02-14 08:18:54,959 [Listener at 127.0.0.1/32845] INFO  netty.NettyConfigKeys$DataStream (ConfUtils.java:logGet(46)) - raft.netty.dataStream.server.tls.conf = null (default)
2023-02-14 08:18:54,960 [Listener at 127.0.0.1/32845] INFO  netty.NettyConfigKeys$DataStream (ConfUtils.java:logGet(46)) - raft.netty.dataStream.host = null (default)
2023-02-14 08:18:54,960 [Listener at 127.0.0.1/32845] INFO  netty.NettyConfigKeys$DataStream (ConfUtils.java:logGet(46)) - raft.netty.dataStream.port = 0 (default)
2023-02-14 08:18:54,961 [Listener at 127.0.0.1/32845] INFO  server.RaftServerConfigKeys (ConfUtils.java:logGet(46)) - raft.server.threadpool.proxy.cached = true (default)
2023-02-14 08:18:54,962 [Listener at 127.0.0.1/32845] INFO  server.RaftServerConfigKeys (ConfUtils.java:logGet(46)) - raft.server.threadpool.proxy.size = 0 (default)
2023-02-14 08:18:54,962 [6d5fd74e-c16c-4183-9ec8-8461f8bdbc47-NettyServerStreamRpc-bossGroup--thread1] INFO  logging.LoggingHandler (AbstractInternalLogger.java:log(148)) - [id: 0x5a83342a] REGISTERED
2023-02-14 08:18:54,962 [Listener at 127.0.0.1/32845] INFO  server.RaftServerConfigKeys (ConfUtils.java:logGet(46)) - raft.server.rpc.slowness.timeout = 300s (custom)
2023-02-14 08:18:54,962 [6d5fd74e-c16c-4183-9ec8-8461f8bdbc47-NettyServerStreamRpc-bossGroup--thread1] INFO  logging.LoggingHandler (AbstractInternalLogger.java:log(148)) - [id: 0x5a83342a] BIND: 0.0.0.0/0.0.0.0:0
2023-02-14 08:18:54,962 [Listener at 127.0.0.1/32845] INFO  server.RaftServerConfigKeys (ConfUtils.java:logGet(46)) - raft.server.leaderelection.leader.step-down.wait-time = 10s (default)
2023-02-14 08:18:54,962 [6d5fd74e-c16c-4183-9ec8-8461f8bdbc47-NettyServerStreamRpc-bossGroup--thread1] INFO  logging.LoggingHandler (AbstractInternalLogger.java:log(148)) - [id: 0x5a83342a, L:/0:0:0:0:0:0:0:0:34443] ACTIVE
2023-02-14 08:18:54,962 [Listener at 127.0.0.1/32845] INFO  server.RaftServerConfigKeys (ConfUtils.java:logGet(46)) - raft.server.storage.dir = [/home/runner/work/ozone/ozone/hadoop-ozone/integration-test/target/test-dir/MiniOzoneClusterImpl-9064264e-2b58-4737-9fe3-fdda8e014d69/datanode-0/data/ratis] (custom)
2023-02-14 08:18:54,963 [Listener at 127.0.0.1/32845] INFO  server.XceiverServerGrpc (XceiverServerGrpc.java:<init>(132)) - GrpcServer channel type EpollServerSocketChannel
2023-02-14 08:18:54,971 [Listener at 127.0.0.1/32845] INFO  http.BaseHttpServer (BaseHttpServer.java:newHttpServer2BuilderForOzone(213)) - Starting Web-server for hddsDatanode at: http://0.0.0.0:0
2023-02-14 08:18:54,971 [Listener at 127.0.0.1/32845] INFO  http.BaseHttpServer (BaseHttpServer.java:<init>(108)) - Hadoop Security Enabled: false Ozone Security Enabled: false Ozone HTTP Security Enabled: false 
2023-02-14 08:18:54,972 [Listener at 127.0.0.1/32845] WARN  server.AuthenticationFilter (AuthenticationFilter.java:constructSecretProvider(240)) - Unable to initialize FileSignerSecretProvider, falling back to use random secrets. Reason: Could not read signature secret file: /home/runner/hadoop-http-auth-signature-secret
2023-02-14 08:18:54,973 [Listener at 127.0.0.1/32845] WARN  http.HttpRequestLog (HttpRequestLog.java:getRequestLog(103)) - Jetty request log can only be enabled using Log4j
2023-02-14 08:18:54,974 [Listener at 127.0.0.1/32845] INFO  http.HttpServer2 (HttpServer2.java:addGlobalFilter(1031)) - Added global filter 'safety' (class=org.apache.hadoop.hdds.server.http.HttpServer2$QuotingInputFilter)
2023-02-14 08:18:54,974 [Listener at 127.0.0.1/32845] INFO  http.HttpServer2 (HttpServer2.java:addFilter(1007)) - Added filter static_user_filter (class=org.apache.hadoop.http.lib.StaticUserWebFilter$StaticUserFilter) to context hddsDatanode
2023-02-14 08:18:54,974 [Listener at 127.0.0.1/32845] INFO  http.HttpServer2 (HttpServer2.java:addFilter(1015)) - Added filter static_user_filter (class=org.apache.hadoop.http.lib.StaticUserWebFilter$StaticUserFilter) to context logs
2023-02-14 08:18:54,974 [Listener at 127.0.0.1/32845] INFO  http.HttpServer2 (HttpServer2.java:addFilter(1015)) - Added filter static_user_filter (class=org.apache.hadoop.http.lib.StaticUserWebFilter$StaticUserFilter) to context static
2023-02-14 08:18:54,975 [Listener at 127.0.0.1/32845] INFO  http.HttpServer2 (HttpServer2.java:bindListener(1250)) - Jetty bound to port 44253
2023-02-14 08:18:54,975 [Listener at 127.0.0.1/32845] INFO  server.Server (Server.java:doStart(375)) - jetty-9.4.49.v20220914; built: 2022-09-14T01:07:36.601Z; git: 4231a3b2e4cb8548a412a789936d640a97b1aa0a; jvm 1.8.0_362-b09
2023-02-14 08:18:54,978 [Listener at 127.0.0.1/32845] INFO  server.session (DefaultSessionIdManager.java:doStart(334)) - DefaultSessionIdManager workerName=node0
2023-02-14 08:18:54,978 [Listener at 127.0.0.1/32845] INFO  server.session (DefaultSessionIdManager.java:doStart(339)) - No SessionScavenger set, using defaults
2023-02-14 08:18:54,979 [Listener at 127.0.0.1/32845] INFO  server.session (HouseKeeper.java:startScavenging(132)) - node0 Scavenging every 600000ms
2023-02-14 08:18:54,979 [Listener at 127.0.0.1/32845] INFO  handler.ContextHandler (ContextHandler.java:doStart(921)) - Started o.e.j.s.ServletContextHandler@c188d1e{logs,/logs,file:///home/runner/work/ozone/ozone/hadoop-ozone/integration-test/target/log,AVAILABLE}
2023-02-14 08:18:54,979 [Listener at 127.0.0.1/32845] INFO  handler.ContextHandler (ContextHandler.java:doStart(921)) - Started o.e.j.s.ServletContextHandler@2482090d{static,/static,jar:file:/home/runner/.m2/repository/org/apache/ozone/hdds-container-service/1.4.0-SNAPSHOT/hdds-container-service-1.4.0-SNAPSHOT.jar!/webapps/static,AVAILABLE}
2023-02-14 08:18:55,177 [Listener at 127.0.0.1/32845] INFO  handler.ContextHandler (ContextHandler.java:doStart(921)) - Started o.e.j.w.WebAppContext@611a174{hddsDatanode,/,file:///tmp/jetty-0_0_0_0-44253-hdds-container-service-1_4_0-SNAPSHOT_jar-_-any-5181420989607730456/webapp/,AVAILABLE}{jar:file:/home/runner/.m2/repository/org/apache/ozone/hdds-container-service/1.4.0-SNAPSHOT/hdds-container-service-1.4.0-SNAPSHOT.jar!/webapps/hddsDatanode}
2023-02-14 08:18:55,178 [Listener at 127.0.0.1/32845] INFO  server.AbstractConnector (AbstractConnector.java:doStart(333)) - Started ServerConnector@4e13b27c{HTTP/1.1, (http/1.1)}{0.0.0.0:44253}
2023-02-14 08:18:55,179 [Listener at 127.0.0.1/32845] INFO  server.Server (Server.java:doStart(415)) - Started @111255ms
2023-02-14 08:18:55,179 [Listener at 127.0.0.1/32845] WARN  impl.MetricsSystemImpl (MetricsSystemImpl.java:register(279)) - Sink prometheus already exists!
2023-02-14 08:18:55,179 [Listener at 127.0.0.1/32845] INFO  http.BaseHttpServer (BaseHttpServer.java:updateConnectorAddress(333)) - HTTP server of hddsDatanode listening at http://0.0.0.0:44253
2023-02-14 08:18:55,180 [Datanode State Machine Daemon Thread] INFO  statemachine.DatanodeStateMachine (DatanodeStateMachine.java:lambda$startDaemon$0(516)) - Ozone container server started.
2023-02-14 08:18:55,180 [Listener at 127.0.0.1/32845] WARN  impl.MetricRegistriesImpl (MetricRegistriesImpl.java:addReporterRegistration(111)) - New reporters are added after registries were created. Some metrics will be missing from the reporter. Please add reporter before adding any new registry.
2023-02-14 08:18:55,180 [Listener at 127.0.0.1/32845] WARN  impl.MetricRegistriesImpl (MetricRegistriesImpl.java:addReporterRegistration(111)) - New reporters are added after registries were created. Some metrics will be missing from the reporter. Please add reporter before adding any new registry.
2023-02-14 08:18:55,181 [Listener at 127.0.0.1/32845] INFO  impl.MetricsSystemImpl (MetricsSystemImpl.java:init(158)) - HddsDatanode metrics system started (again)
2023-02-14 08:18:55,190 [org.apache.hadoop.util.JvmPauseMonitor$Monitor@6bafbb1e] INFO  util.JvmPauseMonitor (JvmPauseMonitor.java:run(188)) - Starting JVM pause monitor
2023-02-14 08:18:55,192 [Listener at 127.0.0.1/32845] INFO  ozone.HddsDatanodeService (HddsDatanodeService.java:start(228)) - HddsDatanodeService host:fv-az476-382.2mevl5kwmm3ezivwarakluutxb.phxx.internal.cloudapp.net ip:10.1.0.19
2023-02-14 08:18:55,197 [Datanode State Machine Task Thread - 0] INFO  datanode.InitDatanodeState (InitDatanodeState.java:persistContainerDatanodeDetails(138)) - DatanodeDetails is persisted to /home/runner/work/ozone/ozone/hadoop-ozone/integration-test/target/test-dir/MiniOzoneClusterImpl-9064264e-2b58-4737-9fe3-fdda8e014d69/datanode-0/meta/datanode.id
2023-02-14 08:18:55,206 [Listener at 127.0.0.1/32845] INFO  upgrade.AbstractLayoutVersionManager (AbstractLayoutVersionManager.java:init(83)) - Initializing Layout version manager with metadata layout = DATANODE_SCHEMA_V3 (version = 4), software layout = DATANODE_SCHEMA_V3 (version = 4)
2023-02-14 08:18:55,259 [Listener at 127.0.0.1/32845] INFO  reflections.Reflections (Reflections.java:scan(232)) - Reflections took 46 ms to scan 7 urls, producing 150 keys and 363 values 
2023-02-14 08:18:55,260 [Listener at 127.0.0.1/32845] INFO  statemachine.DatanodeStateMachine (DatanodeStateMachine.java:getEndPointTaskThreadPoolSize(260)) - Datanode State Machine Task Thread Pool size 2
2023-02-14 08:18:55,263 [Listener at 127.0.0.1/32845] INFO  volume.HddsVolume (HddsVolume.java:<init>(122)) - Creating HddsVolume: /home/runner/work/ozone/ozone/hadoop-ozone/integration-test/target/test-dir/MiniOzoneClusterImpl-9064264e-2b58-4737-9fe3-fdda8e014d69/datanode-1/data-0/containers/hdds of storage type : DISK capacity : 9223372036854775807
2023-02-14 08:18:55,263 [Listener at 127.0.0.1/32845] INFO  volume.MutableVolumeSet (MutableVolumeSet.java:initializeVolumeSet(174)) - Added Volume : /home/runner/work/ozone/ozone/hadoop-ozone/integration-test/target/test-dir/MiniOzoneClusterImpl-9064264e-2b58-4737-9fe3-fdda8e014d69/datanode-1/data-0/containers/hdds to VolumeSet
2023-02-14 08:18:55,263 [Listener at 127.0.0.1/32845] INFO  volume.ThrottledAsyncChecker (ThrottledAsyncChecker.java:schedule(141)) - Scheduling a check for /home/runner/work/ozone/ozone/hadoop-ozone/integration-test/target/test-dir/MiniOzoneClusterImpl-9064264e-2b58-4737-9fe3-fdda8e014d69/datanode-1/data-0/containers/hdds
2023-02-14 08:18:55,264 [Listener at 127.0.0.1/32845] INFO  volume.StorageVolumeChecker (StorageVolumeChecker.java:checkAllVolumes(202)) - Scheduled health check for volume /home/runner/work/ozone/ozone/hadoop-ozone/integration-test/target/test-dir/MiniOzoneClusterImpl-9064264e-2b58-4737-9fe3-fdda8e014d69/datanode-1/data-0/containers/hdds
2023-02-14 08:18:55,274 [Listener at 127.0.0.1/32845] INFO  volume.MutableVolumeSet (MutableVolumeSet.java:initializeVolumeSet(174)) - Added Volume : /home/runner/work/ozone/ozone/hadoop-ozone/integration-test/target/test-dir/MiniOzoneClusterImpl-9064264e-2b58-4737-9fe3-fdda8e014d69/datanode-1/data/ratis to VolumeSet
2023-02-14 08:18:55,274 [Listener at 127.0.0.1/32845] INFO  volume.ThrottledAsyncChecker (ThrottledAsyncChecker.java:schedule(141)) - Scheduling a check for /home/runner/work/ozone/ozone/hadoop-ozone/integration-test/target/test-dir/MiniOzoneClusterImpl-9064264e-2b58-4737-9fe3-fdda8e014d69/datanode-1/data/ratis
2023-02-14 08:18:55,274 [Listener at 127.0.0.1/32845] INFO  volume.StorageVolumeChecker (StorageVolumeChecker.java:checkAllVolumes(202)) - Scheduled health check for volume /home/runner/work/ozone/ozone/hadoop-ozone/integration-test/target/test-dir/MiniOzoneClusterImpl-9064264e-2b58-4737-9fe3-fdda8e014d69/datanode-1/data/ratis
2023-02-14 08:18:55,284 [Thread-999] INFO  ozoneimpl.ContainerReader (ContainerReader.java:readVolume(175)) - Finish verifying containers on volume /home/runner/work/ozone/ozone/hadoop-ozone/integration-test/target/test-dir/MiniOzoneClusterImpl-9064264e-2b58-4737-9fe3-fdda8e014d69/datanode-1/data-0/containers/hdds
2023-02-14 08:18:55,284 [Listener at 127.0.0.1/32845] INFO  ozoneimpl.OzoneContainer (OzoneContainer.java:buildContainerSet(304)) - Build ContainerSet costs 0s
2023-02-14 08:18:55,286 [Listener at 127.0.0.1/32845] INFO  server.RaftServer (ConfUtils.java:logGet(46)) - raft.rpc.type = GRPC (default)
2023-02-14 08:18:55,286 [Listener at 127.0.0.1/32845] INFO  grpc.GrpcConfigKeys (ConfUtils.java:logFallback(53)) - raft.grpc.admin.host = null (fallback to raft.grpc.server.host)
2023-02-14 08:18:55,286 [Listener at 127.0.0.1/32845] INFO  grpc.GrpcConfigKeys (ConfUtils.java:logGet(46)) - raft.grpc.admin.port = 0 (custom)
2023-02-14 08:18:55,286 [Listener at 127.0.0.1/32845] INFO  grpc.GrpcConfigKeys (ConfUtils.java:logFallback(53)) - raft.grpc.client.host = null (fallback to raft.grpc.server.host)
2023-02-14 08:18:55,286 [Listener at 127.0.0.1/32845] INFO  grpc.GrpcConfigKeys (ConfUtils.java:logGet(46)) - raft.grpc.client.port = 0 (custom)
2023-02-14 08:18:55,287 [Listener at 127.0.0.1/32845] INFO  grpc.GrpcConfigKeys (ConfUtils.java:logGet(46)) - raft.grpc.server.host = null (default)
2023-02-14 08:18:55,287 [Listener at 127.0.0.1/32845] INFO  grpc.GrpcConfigKeys (ConfUtils.java:logGet(46)) - raft.grpc.server.port = 0 (default)
2023-02-14 08:18:55,287 [Listener at 127.0.0.1/32845] INFO  server.GrpcService (ConfUtils.java:logGet(46)) - raft.grpc.message.size.max = 32MB (=33554432) (custom)
2023-02-14 08:18:55,287 [Listener at 127.0.0.1/32845] INFO  server.RaftServerConfigKeys (ConfUtils.java:logGet(46)) - raft.server.log.appender.buffer.byte-limit = 33554432 (custom)
2023-02-14 08:18:55,287 [Listener at 127.0.0.1/32845] INFO  server.GrpcService (ConfUtils.java:logGet(46)) - raft.grpc.flow.control.window = 5MB (=5242880) (custom)
2023-02-14 08:18:55,287 [Listener at 127.0.0.1/32845] INFO  server.RaftServerConfigKeys (ConfUtils.java:logGet(46)) - raft.server.rpc.request.timeout = 60s (custom)
2023-02-14 08:18:55,287 [Listener at 127.0.0.1/32845] INFO  grpc.GrpcConfigKeys (ConfUtils.java:logGet(46)) - raft.grpc.server.heartbeat.channel = true (default)
2023-02-14 08:18:55,287 [Listener at 127.0.0.1/32845] INFO  grpc.GrpcConfigKeys (ConfUtils.java:logGet(46)) - raft.grpc.server.async.request.thread.pool.cached = true (default)
2023-02-14 08:18:55,287 [Listener at 127.0.0.1/32845] INFO  grpc.GrpcConfigKeys (ConfUtils.java:logGet(46)) - raft.grpc.server.async.request.thread.pool.size = 32 (default)
2023-02-14 08:18:55,288 [Listener at 127.0.0.1/32845] INFO  impl.DataStreamServerImpl (ConfUtils.java:logGet(46)) - raft.datastream.type = NETTY (custom)
2023-02-14 08:18:55,288 [Listener at 127.0.0.1/32845] INFO  server.RaftServerConfigKeys (ConfUtils.java:logGet(46)) - raft.server.data-stream.async.request.thread.pool.cached = false (default)
2023-02-14 08:18:55,288 [Listener at 127.0.0.1/32845] INFO  server.RaftServerConfigKeys (ConfUtils.java:logGet(46)) - raft.server.data-stream.async.request.thread.pool.size = 20 (custom)
2023-02-14 08:18:55,288 [Listener at 127.0.0.1/32845] INFO  server.RaftServerConfigKeys (ConfUtils.java:logGet(46)) - raft.server.data-stream.async.write.thread.pool.size = 16 (default)
2023-02-14 08:18:55,288 [Listener at 127.0.0.1/32845] INFO  server.RaftServerConfigKeys (ConfUtils.java:logGet(46)) - raft.server.data-stream.client.pool.size = 10 (default)
2023-02-14 08:18:55,289 [Listener at 127.0.0.1/32845] INFO  netty.NettyConfigKeys$DataStream (ConfUtils.java:logGet(46)) - raft.netty.dataStream.server.use-epoll = false (default)
2023-02-14 08:18:55,289 [Listener at 127.0.0.1/32845] INFO  netty.NettyConfigKeys$DataStream (ConfUtils.java:logGet(46)) - raft.netty.dataStream.server.boss-group.size = 0 (default)
2023-02-14 08:18:55,289 [Listener at 127.0.0.1/32845] INFO  netty.NettyConfigKeys$DataStream (ConfUtils.java:logGet(46)) - raft.netty.dataStream.server.worker-group.size = 0 (default)
2023-02-14 08:18:55,289 [Listener at 127.0.0.1/32845] INFO  netty.NettyConfigKeys$DataStream (ConfUtils.java:logGet(46)) - raft.netty.dataStream.server.tls.conf = null (default)
2023-02-14 08:18:55,289 [Listener at 127.0.0.1/32845] INFO  netty.NettyConfigKeys$DataStream (ConfUtils.java:logGet(46)) - raft.netty.dataStream.host = null (default)
2023-02-14 08:18:55,289 [Listener at 127.0.0.1/32845] INFO  netty.NettyConfigKeys$DataStream (ConfUtils.java:logGet(46)) - raft.netty.dataStream.port = 0 (default)
2023-02-14 08:18:55,290 [Listener at 127.0.0.1/32845] INFO  server.RaftServerConfigKeys (ConfUtils.java:logGet(46)) - raft.server.threadpool.proxy.cached = true (default)
2023-02-14 08:18:55,290 [Listener at 127.0.0.1/32845] INFO  server.RaftServerConfigKeys (ConfUtils.java:logGet(46)) - raft.server.threadpool.proxy.size = 0 (default)
2023-02-14 08:18:55,290 [Listener at 127.0.0.1/32845] INFO  server.RaftServerConfigKeys (ConfUtils.java:logGet(46)) - raft.server.rpc.slowness.timeout = 300s (custom)
2023-02-14 08:18:55,290 [Listener at 127.0.0.1/32845] INFO  server.RaftServerConfigKeys (ConfUtils.java:logGet(46)) - raft.server.leaderelection.leader.step-down.wait-time = 10s (default)
2023-02-14 08:18:55,290 [Listener at 127.0.0.1/32845] INFO  server.RaftServerConfigKeys (ConfUtils.java:logGet(46)) - raft.server.storage.dir = [/home/runner/work/ozone/ozone/hadoop-ozone/integration-test/target/test-dir/MiniOzoneClusterImpl-9064264e-2b58-4737-9fe3-fdda8e014d69/datanode-1/data/ratis] (custom)
2023-02-14 08:18:55,291 [0910efe8-a84f-4250-8aec-2e536a9734d2-NettyServerStreamRpc-bossGroup--thread1] INFO  logging.LoggingHandler (AbstractInternalLogger.java:log(148)) - [id: 0x51340e9e] REGISTERED
2023-02-14 08:18:55,291 [0910efe8-a84f-4250-8aec-2e536a9734d2-NettyServerStreamRpc-bossGroup--thread1] INFO  logging.LoggingHandler (AbstractInternalLogger.java:log(148)) - [id: 0x51340e9e] BIND: 0.0.0.0/0.0.0.0:0
2023-02-14 08:18:55,291 [0910efe8-a84f-4250-8aec-2e536a9734d2-NettyServerStreamRpc-bossGroup--thread1] INFO  logging.LoggingHandler (AbstractInternalLogger.java:log(148)) - [id: 0x51340e9e, L:/0:0:0:0:0:0:0:0:34839] ACTIVE
2023-02-14 08:18:55,295 [Listener at 127.0.0.1/32845] INFO  server.XceiverServerGrpc (XceiverServerGrpc.java:<init>(132)) - GrpcServer channel type EpollServerSocketChannel
2023-02-14 08:18:55,299 [Listener at 127.0.0.1/32845] INFO  http.BaseHttpServer (BaseHttpServer.java:newHttpServer2BuilderForOzone(213)) - Starting Web-server for hddsDatanode at: http://0.0.0.0:0
2023-02-14 08:18:55,299 [Listener at 127.0.0.1/32845] INFO  http.BaseHttpServer (BaseHttpServer.java:<init>(108)) - Hadoop Security Enabled: false Ozone Security Enabled: false Ozone HTTP Security Enabled: false 
2023-02-14 08:18:55,300 [Listener at 127.0.0.1/32845] WARN  server.AuthenticationFilter (AuthenticationFilter.java:constructSecretProvider(240)) - Unable to initialize FileSignerSecretProvider, falling back to use random secrets. Reason: Could not read signature secret file: /home/runner/hadoop-http-auth-signature-secret
2023-02-14 08:18:55,302 [Listener at 127.0.0.1/32845] WARN  http.HttpRequestLog (HttpRequestLog.java:getRequestLog(103)) - Jetty request log can only be enabled using Log4j
2023-02-14 08:18:55,303 [Listener at 127.0.0.1/32845] INFO  http.HttpServer2 (HttpServer2.java:addGlobalFilter(1031)) - Added global filter 'safety' (class=org.apache.hadoop.hdds.server.http.HttpServer2$QuotingInputFilter)
2023-02-14 08:18:55,304 [Listener at 127.0.0.1/32845] INFO  http.HttpServer2 (HttpServer2.java:addFilter(1007)) - Added filter static_user_filter (class=org.apache.hadoop.http.lib.StaticUserWebFilter$StaticUserFilter) to context hddsDatanode
2023-02-14 08:18:55,304 [Listener at 127.0.0.1/32845] INFO  http.HttpServer2 (HttpServer2.java:addFilter(1015)) - Added filter static_user_filter (class=org.apache.hadoop.http.lib.StaticUserWebFilter$StaticUserFilter) to context static
2023-02-14 08:18:55,304 [Listener at 127.0.0.1/32845] INFO  http.HttpServer2 (HttpServer2.java:addFilter(1015)) - Added filter static_user_filter (class=org.apache.hadoop.http.lib.StaticUserWebFilter$StaticUserFilter) to context logs
2023-02-14 08:18:55,304 [Listener at 127.0.0.1/32845] INFO  http.HttpServer2 (HttpServer2.java:bindListener(1250)) - Jetty bound to port 33865
2023-02-14 08:18:55,304 [Listener at 127.0.0.1/32845] INFO  server.Server (Server.java:doStart(375)) - jetty-9.4.49.v20220914; built: 2022-09-14T01:07:36.601Z; git: 4231a3b2e4cb8548a412a789936d640a97b1aa0a; jvm 1.8.0_362-b09
2023-02-14 08:18:55,309 [Listener at 127.0.0.1/32845] INFO  server.session (DefaultSessionIdManager.java:doStart(334)) - DefaultSessionIdManager workerName=node0
2023-02-14 08:18:55,309 [Listener at 127.0.0.1/32845] INFO  server.session (DefaultSessionIdManager.java:doStart(339)) - No SessionScavenger set, using defaults
2023-02-14 08:18:55,309 [Listener at 127.0.0.1/32845] INFO  server.session (HouseKeeper.java:startScavenging(132)) - node0 Scavenging every 600000ms
2023-02-14 08:18:55,310 [Listener at 127.0.0.1/32845] INFO  handler.ContextHandler (ContextHandler.java:doStart(921)) - Started o.e.j.s.ServletContextHandler@51a15074{logs,/logs,file:///home/runner/work/ozone/ozone/hadoop-ozone/integration-test/target/log,AVAILABLE}
2023-02-14 08:18:55,310 [Listener at 127.0.0.1/32845] INFO  handler.ContextHandler (ContextHandler.java:doStart(921)) - Started o.e.j.s.ServletContextHandler@9341346{static,/static,jar:file:/home/runner/.m2/repository/org/apache/ozone/hdds-container-service/1.4.0-SNAPSHOT/hdds-container-service-1.4.0-SNAPSHOT.jar!/webapps/static,AVAILABLE}
2023-02-14 08:18:55,513 [Listener at 127.0.0.1/32845] INFO  handler.ContextHandler (ContextHandler.java:doStart(921)) - Started o.e.j.w.WebAppContext@32d8cc0a{hddsDatanode,/,file:///tmp/jetty-0_0_0_0-33865-hdds-container-service-1_4_0-SNAPSHOT_jar-_-any-5391183875785537187/webapp/,AVAILABLE}{jar:file:/home/runner/.m2/repository/org/apache/ozone/hdds-container-service/1.4.0-SNAPSHOT/hdds-container-service-1.4.0-SNAPSHOT.jar!/webapps/hddsDatanode}
2023-02-14 08:18:55,514 [Listener at 127.0.0.1/32845] INFO  server.AbstractConnector (AbstractConnector.java:doStart(333)) - Started ServerConnector@327db066{HTTP/1.1, (http/1.1)}{0.0.0.0:33865}
2023-02-14 08:18:55,514 [Listener at 127.0.0.1/32845] INFO  server.Server (Server.java:doStart(415)) - Started @111590ms
2023-02-14 08:18:55,514 [Listener at 127.0.0.1/32845] WARN  impl.MetricsSystemImpl (MetricsSystemImpl.java:register(279)) - Sink prometheus already exists!
2023-02-14 08:18:55,515 [Listener at 127.0.0.1/32845] INFO  http.BaseHttpServer (BaseHttpServer.java:updateConnectorAddress(333)) - HTTP server of hddsDatanode listening at http://0.0.0.0:33865
2023-02-14 08:18:55,515 [Datanode State Machine Daemon Thread] INFO  statemachine.DatanodeStateMachine (DatanodeStateMachine.java:lambda$startDaemon$0(516)) - Ozone container server started.
2023-02-14 08:18:55,515 [Listener at 127.0.0.1/32845] WARN  impl.MetricRegistriesImpl (MetricRegistriesImpl.java:addReporterRegistration(111)) - New reporters are added after registries were created. Some metrics will be missing from the reporter. Please add reporter before adding any new registry.
2023-02-14 08:18:55,520 [Listener at 127.0.0.1/32845] WARN  impl.MetricRegistriesImpl (MetricRegistriesImpl.java:addReporterRegistration(111)) - New reporters are added after registries were created. Some metrics will be missing from the reporter. Please add reporter before adding any new registry.
2023-02-14 08:18:55,520 [Listener at 127.0.0.1/32845] INFO  impl.MetricsSystemImpl (MetricsSystemImpl.java:init(158)) - HddsDatanode metrics system started (again)
2023-02-14 08:18:55,530 [Listener at 127.0.0.1/32845] INFO  ozone.HddsDatanodeService (HddsDatanodeService.java:start(228)) - HddsDatanodeService host:fv-az476-382.2mevl5kwmm3ezivwarakluutxb.phxx.internal.cloudapp.net ip:10.1.0.19
2023-02-14 08:18:55,531 [org.apache.hadoop.util.JvmPauseMonitor$Monitor@3e48b354] INFO  util.JvmPauseMonitor (JvmPauseMonitor.java:run(188)) - Starting JVM pause monitor
2023-02-14 08:18:55,533 [Datanode State Machine Task Thread - 0] INFO  datanode.InitDatanodeState (InitDatanodeState.java:persistContainerDatanodeDetails(138)) - DatanodeDetails is persisted to /home/runner/work/ozone/ozone/hadoop-ozone/integration-test/target/test-dir/MiniOzoneClusterImpl-9064264e-2b58-4737-9fe3-fdda8e014d69/datanode-1/meta/datanode.id
2023-02-14 08:18:55,544 [Listener at 127.0.0.1/32845] INFO  upgrade.AbstractLayoutVersionManager (AbstractLayoutVersionManager.java:init(83)) - Initializing Layout version manager with metadata layout = DATANODE_SCHEMA_V3 (version = 4), software layout = DATANODE_SCHEMA_V3 (version = 4)
2023-02-14 08:18:55,587 [Listener at 127.0.0.1/32845] INFO  reflections.Reflections (Reflections.java:scan(232)) - Reflections took 42 ms to scan 7 urls, producing 150 keys and 363 values 
2023-02-14 08:18:55,597 [Listener at 127.0.0.1/32845] INFO  statemachine.DatanodeStateMachine (DatanodeStateMachine.java:getEndPointTaskThreadPoolSize(260)) - Datanode State Machine Task Thread Pool size 2
2023-02-14 08:18:55,598 [Listener at 127.0.0.1/32845] INFO  volume.HddsVolume (HddsVolume.java:<init>(122)) - Creating HddsVolume: /home/runner/work/ozone/ozone/hadoop-ozone/integration-test/target/test-dir/MiniOzoneClusterImpl-9064264e-2b58-4737-9fe3-fdda8e014d69/datanode-2/data-0/containers/hdds of storage type : DISK capacity : 9223372036854775807
2023-02-14 08:18:55,598 [Listener at 127.0.0.1/32845] INFO  volume.MutableVolumeSet (MutableVolumeSet.java:initializeVolumeSet(174)) - Added Volume : /home/runner/work/ozone/ozone/hadoop-ozone/integration-test/target/test-dir/MiniOzoneClusterImpl-9064264e-2b58-4737-9fe3-fdda8e014d69/datanode-2/data-0/containers/hdds to VolumeSet
2023-02-14 08:18:55,599 [Listener at 127.0.0.1/32845] INFO  volume.ThrottledAsyncChecker (ThrottledAsyncChecker.java:schedule(141)) - Scheduling a check for /home/runner/work/ozone/ozone/hadoop-ozone/integration-test/target/test-dir/MiniOzoneClusterImpl-9064264e-2b58-4737-9fe3-fdda8e014d69/datanode-2/data-0/containers/hdds
2023-02-14 08:18:55,603 [Listener at 127.0.0.1/32845] INFO  volume.StorageVolumeChecker (StorageVolumeChecker.java:checkAllVolumes(202)) - Scheduled health check for volume /home/runner/work/ozone/ozone/hadoop-ozone/integration-test/target/test-dir/MiniOzoneClusterImpl-9064264e-2b58-4737-9fe3-fdda8e014d69/datanode-2/data-0/containers/hdds
2023-02-14 08:18:55,619 [Listener at 127.0.0.1/32845] INFO  volume.MutableVolumeSet (MutableVolumeSet.java:initializeVolumeSet(174)) - Added Volume : /home/runner/work/ozone/ozone/hadoop-ozone/integration-test/target/test-dir/MiniOzoneClusterImpl-9064264e-2b58-4737-9fe3-fdda8e014d69/datanode-2/data/ratis to VolumeSet
2023-02-14 08:18:55,619 [Listener at 127.0.0.1/32845] INFO  volume.ThrottledAsyncChecker (ThrottledAsyncChecker.java:schedule(141)) - Scheduling a check for /home/runner/work/ozone/ozone/hadoop-ozone/integration-test/target/test-dir/MiniOzoneClusterImpl-9064264e-2b58-4737-9fe3-fdda8e014d69/datanode-2/data/ratis
2023-02-14 08:18:55,619 [Listener at 127.0.0.1/32845] INFO  volume.StorageVolumeChecker (StorageVolumeChecker.java:checkAllVolumes(202)) - Scheduled health check for volume /home/runner/work/ozone/ozone/hadoop-ozone/integration-test/target/test-dir/MiniOzoneClusterImpl-9064264e-2b58-4737-9fe3-fdda8e014d69/datanode-2/data/ratis
2023-02-14 08:18:55,630 [Thread-1013] INFO  ozoneimpl.ContainerReader (ContainerReader.java:readVolume(175)) - Finish verifying containers on volume /home/runner/work/ozone/ozone/hadoop-ozone/integration-test/target/test-dir/MiniOzoneClusterImpl-9064264e-2b58-4737-9fe3-fdda8e014d69/datanode-2/data-0/containers/hdds
2023-02-14 08:18:55,630 [Listener at 127.0.0.1/32845] INFO  ozoneimpl.OzoneContainer (OzoneContainer.java:buildContainerSet(304)) - Build ContainerSet costs 0s
2023-02-14 08:18:55,632 [Listener at 127.0.0.1/32845] INFO  server.RaftServer (ConfUtils.java:logGet(46)) - raft.rpc.type = GRPC (default)
2023-02-14 08:18:55,632 [Listener at 127.0.0.1/32845] INFO  grpc.GrpcConfigKeys (ConfUtils.java:logFallback(53)) - raft.grpc.admin.host = null (fallback to raft.grpc.server.host)
2023-02-14 08:18:55,632 [Listener at 127.0.0.1/32845] INFO  grpc.GrpcConfigKeys (ConfUtils.java:logGet(46)) - raft.grpc.admin.port = 0 (custom)
2023-02-14 08:18:55,632 [Listener at 127.0.0.1/32845] INFO  grpc.GrpcConfigKeys (ConfUtils.java:logFallback(53)) - raft.grpc.client.host = null (fallback to raft.grpc.server.host)
2023-02-14 08:18:55,632 [Listener at 127.0.0.1/32845] INFO  grpc.GrpcConfigKeys (ConfUtils.java:logGet(46)) - raft.grpc.client.port = 0 (custom)
2023-02-14 08:18:55,633 [Listener at 127.0.0.1/32845] INFO  grpc.GrpcConfigKeys (ConfUtils.java:logGet(46)) - raft.grpc.server.host = null (default)
2023-02-14 08:18:55,633 [Listener at 127.0.0.1/32845] INFO  grpc.GrpcConfigKeys (ConfUtils.java:logGet(46)) - raft.grpc.server.port = 0 (default)
2023-02-14 08:18:55,633 [Listener at 127.0.0.1/32845] INFO  server.GrpcService (ConfUtils.java:logGet(46)) - raft.grpc.message.size.max = 32MB (=33554432) (custom)
2023-02-14 08:18:55,633 [Listener at 127.0.0.1/32845] INFO  server.RaftServerConfigKeys (ConfUtils.java:logGet(46)) - raft.server.log.appender.buffer.byte-limit = 33554432 (custom)
2023-02-14 08:18:55,633 [Listener at 127.0.0.1/32845] INFO  server.GrpcService (ConfUtils.java:logGet(46)) - raft.grpc.flow.control.window = 5MB (=5242880) (custom)
2023-02-14 08:18:55,633 [Listener at 127.0.0.1/32845] INFO  server.RaftServerConfigKeys (ConfUtils.java:logGet(46)) - raft.server.rpc.request.timeout = 60s (custom)
2023-02-14 08:18:55,633 [Listener at 127.0.0.1/32845] INFO  grpc.GrpcConfigKeys (ConfUtils.java:logGet(46)) - raft.grpc.server.heartbeat.channel = true (default)
2023-02-14 08:18:55,633 [Listener at 127.0.0.1/32845] INFO  grpc.GrpcConfigKeys (ConfUtils.java:logGet(46)) - raft.grpc.server.async.request.thread.pool.cached = true (default)
2023-02-14 08:18:55,633 [Listener at 127.0.0.1/32845] INFO  grpc.GrpcConfigKeys (ConfUtils.java:logGet(46)) - raft.grpc.server.async.request.thread.pool.size = 32 (default)
2023-02-14 08:18:55,634 [Listener at 127.0.0.1/32845] INFO  impl.DataStreamServerImpl (ConfUtils.java:logGet(46)) - raft.datastream.type = NETTY (custom)
2023-02-14 08:18:55,635 [Listener at 127.0.0.1/32845] INFO  server.RaftServerConfigKeys (ConfUtils.java:logGet(46)) - raft.server.data-stream.async.request.thread.pool.cached = false (default)
2023-02-14 08:18:55,635 [Listener at 127.0.0.1/32845] INFO  server.RaftServerConfigKeys (ConfUtils.java:logGet(46)) - raft.server.data-stream.async.request.thread.pool.size = 20 (custom)
2023-02-14 08:18:55,635 [Listener at 127.0.0.1/32845] INFO  server.RaftServerConfigKeys (ConfUtils.java:logGet(46)) - raft.server.data-stream.async.write.thread.pool.size = 16 (default)
2023-02-14 08:18:55,635 [Listener at 127.0.0.1/32845] INFO  server.RaftServerConfigKeys (ConfUtils.java:logGet(46)) - raft.server.data-stream.client.pool.size = 10 (default)
2023-02-14 08:18:55,635 [Listener at 127.0.0.1/32845] INFO  netty.NettyConfigKeys$DataStream (ConfUtils.java:logGet(46)) - raft.netty.dataStream.server.use-epoll = false (default)
2023-02-14 08:18:55,635 [Listener at 127.0.0.1/32845] INFO  netty.NettyConfigKeys$DataStream (ConfUtils.java:logGet(46)) - raft.netty.dataStream.server.boss-group.size = 0 (default)
2023-02-14 08:18:55,636 [Listener at 127.0.0.1/32845] INFO  netty.NettyConfigKeys$DataStream (ConfUtils.java:logGet(46)) - raft.netty.dataStream.server.worker-group.size = 0 (default)
2023-02-14 08:18:55,636 [Listener at 127.0.0.1/32845] INFO  netty.NettyConfigKeys$DataStream (ConfUtils.java:logGet(46)) - raft.netty.dataStream.server.tls.conf = null (default)
2023-02-14 08:18:55,636 [Listener at 127.0.0.1/32845] INFO  netty.NettyConfigKeys$DataStream (ConfUtils.java:logGet(46)) - raft.netty.dataStream.host = null (default)
2023-02-14 08:18:55,636 [Listener at 127.0.0.1/32845] INFO  netty.NettyConfigKeys$DataStream (ConfUtils.java:logGet(46)) - raft.netty.dataStream.port = 0 (default)
2023-02-14 08:18:55,638 [Listener at 127.0.0.1/32845] INFO  server.RaftServerConfigKeys (ConfUtils.java:logGet(46)) - raft.server.threadpool.proxy.cached = true (default)
2023-02-14 08:18:55,638 [Listener at 127.0.0.1/32845] INFO  server.RaftServerConfigKeys (ConfUtils.java:logGet(46)) - raft.server.threadpool.proxy.size = 0 (default)
2023-02-14 08:18:55,638 [Listener at 127.0.0.1/32845] INFO  server.RaftServerConfigKeys (ConfUtils.java:logGet(46)) - raft.server.rpc.slowness.timeout = 300s (custom)
2023-02-14 08:18:55,638 [Listener at 127.0.0.1/32845] INFO  server.RaftServerConfigKeys (ConfUtils.java:logGet(46)) - raft.server.leaderelection.leader.step-down.wait-time = 10s (default)
2023-02-14 08:18:55,639 [Listener at 127.0.0.1/32845] INFO  server.RaftServerConfigKeys (ConfUtils.java:logGet(46)) - raft.server.storage.dir = [/home/runner/work/ozone/ozone/hadoop-ozone/integration-test/target/test-dir/MiniOzoneClusterImpl-9064264e-2b58-4737-9fe3-fdda8e014d69/datanode-2/data/ratis] (custom)
2023-02-14 08:18:55,639 [23624866-2448-40b4-b246-86425eff7cca-NettyServerStreamRpc-bossGroup--thread1] INFO  logging.LoggingHandler (AbstractInternalLogger.java:log(148)) - [id: 0x0a873959] REGISTERED
2023-02-14 08:18:55,639 [23624866-2448-40b4-b246-86425eff7cca-NettyServerStreamRpc-bossGroup--thread1] INFO  logging.LoggingHandler (AbstractInternalLogger.java:log(148)) - [id: 0x0a873959] BIND: 0.0.0.0/0.0.0.0:0
2023-02-14 08:18:55,639 [23624866-2448-40b4-b246-86425eff7cca-NettyServerStreamRpc-bossGroup--thread1] INFO  logging.LoggingHandler (AbstractInternalLogger.java:log(148)) - [id: 0x0a873959, L:/0:0:0:0:0:0:0:0:40961] ACTIVE
2023-02-14 08:18:55,641 [Listener at 127.0.0.1/32845] INFO  server.XceiverServerGrpc (XceiverServerGrpc.java:<init>(132)) - GrpcServer channel type EpollServerSocketChannel
2023-02-14 08:18:55,644 [Listener at 127.0.0.1/32845] INFO  http.BaseHttpServer (BaseHttpServer.java:newHttpServer2BuilderForOzone(213)) - Starting Web-server for hddsDatanode at: http://0.0.0.0:0
2023-02-14 08:18:55,644 [Listener at 127.0.0.1/32845] INFO  http.BaseHttpServer (BaseHttpServer.java:<init>(108)) - Hadoop Security Enabled: false Ozone Security Enabled: false Ozone HTTP Security Enabled: false 
2023-02-14 08:18:55,645 [Listener at 127.0.0.1/32845] WARN  server.AuthenticationFilter (AuthenticationFilter.java:constructSecretProvider(240)) - Unable to initialize FileSignerSecretProvider, falling back to use random secrets. Reason: Could not read signature secret file: /home/runner/hadoop-http-auth-signature-secret
2023-02-14 08:18:55,646 [Listener at 127.0.0.1/32845] WARN  http.HttpRequestLog (HttpRequestLog.java:getRequestLog(103)) - Jetty request log can only be enabled using Log4j
2023-02-14 08:18:55,647 [Listener at 127.0.0.1/32845] INFO  http.HttpServer2 (HttpServer2.java:addGlobalFilter(1031)) - Added global filter 'safety' (class=org.apache.hadoop.hdds.server.http.HttpServer2$QuotingInputFilter)
2023-02-14 08:18:55,647 [Listener at 127.0.0.1/32845] INFO  http.HttpServer2 (HttpServer2.java:addFilter(1007)) - Added filter static_user_filter (class=org.apache.hadoop.http.lib.StaticUserWebFilter$StaticUserFilter) to context hddsDatanode
2023-02-14 08:18:55,647 [Listener at 127.0.0.1/32845] INFO  http.HttpServer2 (HttpServer2.java:addFilter(1015)) - Added filter static_user_filter (class=org.apache.hadoop.http.lib.StaticUserWebFilter$StaticUserFilter) to context static
2023-02-14 08:18:55,647 [Listener at 127.0.0.1/32845] INFO  http.HttpServer2 (HttpServer2.java:addFilter(1015)) - Added filter static_user_filter (class=org.apache.hadoop.http.lib.StaticUserWebFilter$StaticUserFilter) to context logs
2023-02-14 08:18:55,648 [Listener at 127.0.0.1/32845] INFO  http.HttpServer2 (HttpServer2.java:bindListener(1250)) - Jetty bound to port 43823
2023-02-14 08:18:55,648 [Listener at 127.0.0.1/32845] INFO  server.Server (Server.java:doStart(375)) - jetty-9.4.49.v20220914; built: 2022-09-14T01:07:36.601Z; git: 4231a3b2e4cb8548a412a789936d640a97b1aa0a; jvm 1.8.0_362-b09
2023-02-14 08:18:55,650 [Listener at 127.0.0.1/32845] INFO  server.session (DefaultSessionIdManager.java:doStart(334)) - DefaultSessionIdManager workerName=node0
2023-02-14 08:18:55,650 [Listener at 127.0.0.1/32845] INFO  server.session (DefaultSessionIdManager.java:doStart(339)) - No SessionScavenger set, using defaults
2023-02-14 08:18:55,650 [Listener at 127.0.0.1/32845] INFO  server.session (HouseKeeper.java:startScavenging(132)) - node0 Scavenging every 660000ms
2023-02-14 08:18:55,651 [Listener at 127.0.0.1/32845] INFO  handler.ContextHandler (ContextHandler.java:doStart(921)) - Started o.e.j.s.ServletContextHandler@28996e52{logs,/logs,file:///home/runner/work/ozone/ozone/hadoop-ozone/integration-test/target/log,AVAILABLE}
2023-02-14 08:18:55,651 [Listener at 127.0.0.1/32845] INFO  handler.ContextHandler (ContextHandler.java:doStart(921)) - Started o.e.j.s.ServletContextHandler@63efe85f{static,/static,jar:file:/home/runner/.m2/repository/org/apache/ozone/hdds-container-service/1.4.0-SNAPSHOT/hdds-container-service-1.4.0-SNAPSHOT.jar!/webapps/static,AVAILABLE}
2023-02-14 08:18:55,845 [Listener at 127.0.0.1/32845] INFO  handler.ContextHandler (ContextHandler.java:doStart(921)) - Started o.e.j.w.WebAppContext@76958521{hddsDatanode,/,file:///tmp/jetty-0_0_0_0-43823-hdds-container-service-1_4_0-SNAPSHOT_jar-_-any-7357474247246910643/webapp/,AVAILABLE}{jar:file:/home/runner/.m2/repository/org/apache/ozone/hdds-container-service/1.4.0-SNAPSHOT/hdds-container-service-1.4.0-SNAPSHOT.jar!/webapps/hddsDatanode}
2023-02-14 08:18:55,847 [Listener at 127.0.0.1/32845] INFO  server.AbstractConnector (AbstractConnector.java:doStart(333)) - Started ServerConnector@47221c93{HTTP/1.1, (http/1.1)}{0.0.0.0:43823}
2023-02-14 08:18:55,847 [Listener at 127.0.0.1/32845] INFO  server.Server (Server.java:doStart(415)) - Started @111923ms
2023-02-14 08:18:55,847 [Listener at 127.0.0.1/32845] WARN  impl.MetricsSystemImpl (MetricsSystemImpl.java:register(279)) - Sink prometheus already exists!
2023-02-14 08:18:55,847 [Listener at 127.0.0.1/32845] INFO  http.BaseHttpServer (BaseHttpServer.java:updateConnectorAddress(333)) - HTTP server of hddsDatanode listening at http://0.0.0.0:43823
2023-02-14 08:18:55,848 [Listener at 127.0.0.1/32845] WARN  impl.MetricRegistriesImpl (MetricRegistriesImpl.java:addReporterRegistration(111)) - New reporters are added after registries were created. Some metrics will be missing from the reporter. Please add reporter before adding any new registry.
2023-02-14 08:18:55,848 [Listener at 127.0.0.1/32845] WARN  impl.MetricRegistriesImpl (MetricRegistriesImpl.java:addReporterRegistration(111)) - New reporters are added after registries were created. Some metrics will be missing from the reporter. Please add reporter before adding any new registry.
2023-02-14 08:18:55,848 [Listener at 127.0.0.1/32845] INFO  impl.MetricsSystemImpl (MetricsSystemImpl.java:init(158)) - HddsDatanode metrics system started (again)
2023-02-14 08:18:55,850 [Datanode State Machine Daemon Thread] INFO  statemachine.DatanodeStateMachine (DatanodeStateMachine.java:lambda$startDaemon$0(516)) - Ozone container server started.
2023-02-14 08:18:55,856 [org.apache.hadoop.util.JvmPauseMonitor$Monitor@4bf9a293] INFO  util.JvmPauseMonitor (JvmPauseMonitor.java:run(188)) - Starting JVM pause monitor
2023-02-14 08:18:55,859 [Datanode State Machine Task Thread - 0] INFO  datanode.InitDatanodeState (InitDatanodeState.java:persistContainerDatanodeDetails(138)) - DatanodeDetails is persisted to /home/runner/work/ozone/ozone/hadoop-ozone/integration-test/target/test-dir/MiniOzoneClusterImpl-9064264e-2b58-4737-9fe3-fdda8e014d69/datanode-2/meta/datanode.id
2023-02-14 08:18:55,862 [Listener at 127.0.0.1/32845] INFO  ozone.HddsDatanodeService (HddsDatanodeService.java:start(228)) - HddsDatanodeService host:fv-az476-382.2mevl5kwmm3ezivwarakluutxb.phxx.internal.cloudapp.net ip:10.1.0.19
2023-02-14 08:18:55,876 [Listener at 127.0.0.1/32845] INFO  upgrade.AbstractLayoutVersionManager (AbstractLayoutVersionManager.java:init(83)) - Initializing Layout version manager with metadata layout = DATANODE_SCHEMA_V3 (version = 4), software layout = DATANODE_SCHEMA_V3 (version = 4)
2023-02-14 08:18:55,894 [om1@group-C5BA1605619E-FollowerState] INFO  impl.FollowerState (FollowerState.java:run(143)) - om1@group-C5BA1605619E-FollowerState: change to CANDIDATE, lastRpcElapsedTime:1078624285ns, electionTimeout:1077ms
2023-02-14 08:18:55,894 [om1@group-C5BA1605619E-FollowerState] INFO  impl.RoleInfo (RoleInfo.java:shutdownFollowerState(110)) - om1: shutdown om1@group-C5BA1605619E-FollowerState
2023-02-14 08:18:55,894 [om1@group-C5BA1605619E-FollowerState] INFO  server.RaftServer$Division (RaftServerImpl.java:setRole(321)) - om1@group-C5BA1605619E: changes role from  FOLLOWER to CANDIDATE at term 0 for changeToCandidate
2023-02-14 08:18:55,894 [om1@group-C5BA1605619E-FollowerState] INFO  server.RaftServerConfigKeys (ConfUtils.java:logGet(46)) - raft.server.leaderelection.pre-vote = false (custom)
2023-02-14 08:18:55,894 [om1@group-C5BA1605619E-FollowerState] INFO  impl.RoleInfo (RoleInfo.java:updateAndGet(139)) - om1: start om1@group-C5BA1605619E-LeaderElection26
2023-02-14 08:18:55,901 [om1@group-C5BA1605619E-LeaderElection26] INFO  impl.LeaderElection (LeaderElection.java:askForVotes(312)) - om1@group-C5BA1605619E-LeaderElection26 ELECTION round 0: submit vote requests at term 1 for -1: peers:[om1|rpc:localhost:9872|priority:0|startupRole:FOLLOWER]|listeners:[], old=null
2023-02-14 08:18:55,901 [om1@group-C5BA1605619E-LeaderElection26] INFO  impl.LeaderElection (LeaderElection.java:askForVotes(314)) - om1@group-C5BA1605619E-LeaderElection26 ELECTION round 0: result PASSED (term=1)
2023-02-14 08:18:55,901 [om1@group-C5BA1605619E-LeaderElection26] INFO  impl.RoleInfo (RoleInfo.java:shutdownLeaderElection(130)) - om1: shutdown om1@group-C5BA1605619E-LeaderElection26
2023-02-14 08:18:55,901 [om1@group-C5BA1605619E-LeaderElection26] INFO  server.RaftServer$Division (RaftServerImpl.java:setRole(321)) - om1@group-C5BA1605619E: changes role from CANDIDATE to LEADER at term 1 for changeToLeader
2023-02-14 08:18:55,901 [om1@group-C5BA1605619E-LeaderElection26] INFO  server.RaftServer$Division (ServerState.java:setLeader(313)) - om1@group-C5BA1605619E: change Leader from null to om1 at term 1 for becomeLeader, leader elected after 1555ms
2023-02-14 08:18:55,901 [om1@group-C5BA1605619E-LeaderElection26] INFO  server.RaftServerConfigKeys (ConfUtils.java:logGet(46)) - raft.server.staging.catchup.gap = 1000 (default)
2023-02-14 08:18:55,901 [om1@group-C5BA1605619E-LeaderElection26] INFO  server.RaftServerConfigKeys (ConfUtils.java:logGet(46)) - raft.server.write.element-limit = 4096 (default)
2023-02-14 08:18:55,901 [om1@group-C5BA1605619E-LeaderElection26] INFO  server.RaftServerConfigKeys (ConfUtils.java:logGet(46)) - raft.server.write.byte-limit = 64MB (=67108864) (default)
2023-02-14 08:18:55,901 [om1@group-C5BA1605619E-LeaderElection26] INFO  server.RaftServerConfigKeys (ConfUtils.java:logGet(46)) - raft.server.watch.timeout = 10s (default)
2023-02-14 08:18:55,901 [om1@group-C5BA1605619E-LeaderElection26] INFO  server.RaftServerConfigKeys (ConfUtils.java:logGet(46)) - raft.server.watch.timeout.denomination = 1s (default)
2023-02-14 08:18:55,901 [om1@group-C5BA1605619E-LeaderElection26] INFO  server.RaftServerConfigKeys (ConfUtils.java:logGet(46)) - raft.server.watch.element-limit = 65536 (default)
2023-02-14 08:18:55,901 [om1@group-C5BA1605619E-LeaderElection26] INFO  server.RaftServerConfigKeys (ConfUtils.java:logGet(46)) - raft.server.write.element-limit = 4096 (default)
2023-02-14 08:18:55,901 [om1@group-C5BA1605619E-LeaderElection26] INFO  server.RaftServerConfigKeys (ConfUtils.java:logGet(46)) - raft.server.write.follower.gap.ratio.max = -1.0 (default)
2023-02-14 08:18:55,902 [om1@group-C5BA1605619E-LeaderElection26] INFO  impl.RoleInfo (RoleInfo.java:updateAndGet(139)) - om1: start om1@group-C5BA1605619E-LeaderStateImpl
2023-02-14 08:18:55,902 [om1@group-C5BA1605619E-LeaderElection26] INFO  segmented.SegmentedRaftLogWorker (SegmentedRaftLogWorker.java:startLogSegment(452)) - om1@group-C5BA1605619E-SegmentedRaftLogWorker: Starting segment from index:0
2023-02-14 08:18:55,906 [om1@group-C5BA1605619E-LeaderElection26] INFO  server.RaftServer$Division (ServerState.java:setRaftConf(430)) - om1@group-C5BA1605619E: set configuration 0: peers:[om1|rpc:localhost:9872|admin:|client:|dataStream:|priority:0|startupRole:FOLLOWER]|listeners:[], old=null
2023-02-14 08:18:55,909 [om1@group-C5BA1605619E-SegmentedRaftLogWorker] INFO  segmented.SegmentedRaftLogWorker (SegmentedRaftLogWorker.java:execute(656)) - om1@group-C5BA1605619E-SegmentedRaftLogWorker: created new log segment /home/runner/work/ozone/ozone/hadoop-ozone/integration-test/target/test-dir/MiniOzoneClusterImpl-9064264e-2b58-4737-9fe3-fdda8e014d69/ozone-meta/ratis/bf265839-605b-3f16-9796-c5ba1605619e/current/log_inprogress_0
2023-02-14 08:18:55,911 [om1@group-C5BA1605619E-StateMachineUpdater] INFO  ratis.OzoneManagerStateMachine (OzoneManagerStateMachine.java:notifyConfigurationChanged(192)) - Received Configuration change notification from Ratis. New Peer list:
[id: "om1"
address: "localhost:9872"
startupRole: FOLLOWER
]
2023-02-14 08:18:55,931 [Listener at 127.0.0.1/32845] INFO  reflections.Reflections (Reflections.java:scan(232)) - Reflections took 54 ms to scan 7 urls, producing 150 keys and 363 values 
2023-02-14 08:18:55,932 [Listener at 127.0.0.1/32845] INFO  statemachine.DatanodeStateMachine (DatanodeStateMachine.java:getEndPointTaskThreadPoolSize(260)) - Datanode State Machine Task Thread Pool size 2
2023-02-14 08:18:55,933 [Listener at 127.0.0.1/32845] INFO  volume.HddsVolume (HddsVolume.java:<init>(122)) - Creating HddsVolume: /home/runner/work/ozone/ozone/hadoop-ozone/integration-test/target/test-dir/MiniOzoneClusterImpl-9064264e-2b58-4737-9fe3-fdda8e014d69/datanode-3/data-0/containers/hdds of storage type : DISK capacity : 9223372036854775807
2023-02-14 08:18:55,934 [Listener at 127.0.0.1/32845] INFO  volume.MutableVolumeSet (MutableVolumeSet.java:initializeVolumeSet(174)) - Added Volume : /home/runner/work/ozone/ozone/hadoop-ozone/integration-test/target/test-dir/MiniOzoneClusterImpl-9064264e-2b58-4737-9fe3-fdda8e014d69/datanode-3/data-0/containers/hdds to VolumeSet
2023-02-14 08:18:55,934 [Listener at 127.0.0.1/32845] INFO  volume.ThrottledAsyncChecker (ThrottledAsyncChecker.java:schedule(141)) - Scheduling a check for /home/runner/work/ozone/ozone/hadoop-ozone/integration-test/target/test-dir/MiniOzoneClusterImpl-9064264e-2b58-4737-9fe3-fdda8e014d69/datanode-3/data-0/containers/hdds
2023-02-14 08:18:55,934 [Listener at 127.0.0.1/32845] INFO  volume.StorageVolumeChecker (StorageVolumeChecker.java:checkAllVolumes(202)) - Scheduled health check for volume /home/runner/work/ozone/ozone/hadoop-ozone/integration-test/target/test-dir/MiniOzoneClusterImpl-9064264e-2b58-4737-9fe3-fdda8e014d69/datanode-3/data-0/containers/hdds
2023-02-14 08:18:55,945 [Listener at 127.0.0.1/32845] INFO  volume.MutableVolumeSet (MutableVolumeSet.java:initializeVolumeSet(174)) - Added Volume : /home/runner/work/ozone/ozone/hadoop-ozone/integration-test/target/test-dir/MiniOzoneClusterImpl-9064264e-2b58-4737-9fe3-fdda8e014d69/datanode-3/data/ratis to VolumeSet
2023-02-14 08:18:55,945 [Listener at 127.0.0.1/32845] INFO  volume.ThrottledAsyncChecker (ThrottledAsyncChecker.java:schedule(141)) - Scheduling a check for /home/runner/work/ozone/ozone/hadoop-ozone/integration-test/target/test-dir/MiniOzoneClusterImpl-9064264e-2b58-4737-9fe3-fdda8e014d69/datanode-3/data/ratis
2023-02-14 08:18:55,945 [Listener at 127.0.0.1/32845] INFO  volume.StorageVolumeChecker (StorageVolumeChecker.java:checkAllVolumes(202)) - Scheduled health check for volume /home/runner/work/ozone/ozone/hadoop-ozone/integration-test/target/test-dir/MiniOzoneClusterImpl-9064264e-2b58-4737-9fe3-fdda8e014d69/datanode-3/data/ratis
2023-02-14 08:18:55,955 [Thread-1029] INFO  ozoneimpl.ContainerReader (ContainerReader.java:readVolume(175)) - Finish verifying containers on volume /home/runner/work/ozone/ozone/hadoop-ozone/integration-test/target/test-dir/MiniOzoneClusterImpl-9064264e-2b58-4737-9fe3-fdda8e014d69/datanode-3/data-0/containers/hdds
2023-02-14 08:18:55,955 [Listener at 127.0.0.1/32845] INFO  ozoneimpl.OzoneContainer (OzoneContainer.java:buildContainerSet(304)) - Build ContainerSet costs 0s
2023-02-14 08:18:55,957 [Listener at 127.0.0.1/32845] INFO  server.RaftServer (ConfUtils.java:logGet(46)) - raft.rpc.type = GRPC (default)
2023-02-14 08:18:55,957 [Listener at 127.0.0.1/32845] INFO  grpc.GrpcConfigKeys (ConfUtils.java:logFallback(53)) - raft.grpc.admin.host = null (fallback to raft.grpc.server.host)
2023-02-14 08:18:55,957 [Listener at 127.0.0.1/32845] INFO  grpc.GrpcConfigKeys (ConfUtils.java:logGet(46)) - raft.grpc.admin.port = 0 (custom)
2023-02-14 08:18:55,957 [Listener at 127.0.0.1/32845] INFO  grpc.GrpcConfigKeys (ConfUtils.java:logFallback(53)) - raft.grpc.client.host = null (fallback to raft.grpc.server.host)
2023-02-14 08:18:55,957 [Listener at 127.0.0.1/32845] INFO  grpc.GrpcConfigKeys (ConfUtils.java:logGet(46)) - raft.grpc.client.port = 0 (custom)
2023-02-14 08:18:55,957 [Listener at 127.0.0.1/32845] INFO  grpc.GrpcConfigKeys (ConfUtils.java:logGet(46)) - raft.grpc.server.host = null (default)
2023-02-14 08:18:55,957 [Listener at 127.0.0.1/32845] INFO  grpc.GrpcConfigKeys (ConfUtils.java:logGet(46)) - raft.grpc.server.port = 0 (default)
2023-02-14 08:18:55,958 [Listener at 127.0.0.1/32845] INFO  server.GrpcService (ConfUtils.java:logGet(46)) - raft.grpc.message.size.max = 32MB (=33554432) (custom)
2023-02-14 08:18:55,958 [Listener at 127.0.0.1/32845] INFO  server.RaftServerConfigKeys (ConfUtils.java:logGet(46)) - raft.server.log.appender.buffer.byte-limit = 33554432 (custom)
2023-02-14 08:18:55,958 [Listener at 127.0.0.1/32845] INFO  server.GrpcService (ConfUtils.java:logGet(46)) - raft.grpc.flow.control.window = 5MB (=5242880) (custom)
2023-02-14 08:18:55,958 [Listener at 127.0.0.1/32845] INFO  server.RaftServerConfigKeys (ConfUtils.java:logGet(46)) - raft.server.rpc.request.timeout = 60s (custom)
2023-02-14 08:18:55,958 [Listener at 127.0.0.1/32845] INFO  grpc.GrpcConfigKeys (ConfUtils.java:logGet(46)) - raft.grpc.server.heartbeat.channel = true (default)
2023-02-14 08:18:55,958 [Listener at 127.0.0.1/32845] INFO  grpc.GrpcConfigKeys (ConfUtils.java:logGet(46)) - raft.grpc.server.async.request.thread.pool.cached = true (default)
2023-02-14 08:18:55,958 [Listener at 127.0.0.1/32845] INFO  grpc.GrpcConfigKeys (ConfUtils.java:logGet(46)) - raft.grpc.server.async.request.thread.pool.size = 32 (default)
2023-02-14 08:18:55,959 [Listener at 127.0.0.1/32845] INFO  impl.DataStreamServerImpl (ConfUtils.java:logGet(46)) - raft.datastream.type = NETTY (custom)
2023-02-14 08:18:55,959 [Listener at 127.0.0.1/32845] INFO  server.RaftServerConfigKeys (ConfUtils.java:logGet(46)) - raft.server.data-stream.async.request.thread.pool.cached = false (default)
2023-02-14 08:18:55,959 [Listener at 127.0.0.1/32845] INFO  server.RaftServerConfigKeys (ConfUtils.java:logGet(46)) - raft.server.data-stream.async.request.thread.pool.size = 20 (custom)
2023-02-14 08:18:55,959 [Listener at 127.0.0.1/32845] INFO  server.RaftServerConfigKeys (ConfUtils.java:logGet(46)) - raft.server.data-stream.async.write.thread.pool.size = 16 (default)
2023-02-14 08:18:55,959 [Listener at 127.0.0.1/32845] INFO  server.RaftServerConfigKeys (ConfUtils.java:logGet(46)) - raft.server.data-stream.client.pool.size = 10 (default)
2023-02-14 08:18:55,959 [Listener at 127.0.0.1/32845] INFO  netty.NettyConfigKeys$DataStream (ConfUtils.java:logGet(46)) - raft.netty.dataStream.server.use-epoll = false (default)
2023-02-14 08:18:55,960 [Listener at 127.0.0.1/32845] INFO  netty.NettyConfigKeys$DataStream (ConfUtils.java:logGet(46)) - raft.netty.dataStream.server.boss-group.size = 0 (default)
2023-02-14 08:18:55,960 [Listener at 127.0.0.1/32845] INFO  netty.NettyConfigKeys$DataStream (ConfUtils.java:logGet(46)) - raft.netty.dataStream.server.worker-group.size = 0 (default)
2023-02-14 08:18:55,960 [Listener at 127.0.0.1/32845] INFO  netty.NettyConfigKeys$DataStream (ConfUtils.java:logGet(46)) - raft.netty.dataStream.server.tls.conf = null (default)
2023-02-14 08:18:55,960 [Listener at 127.0.0.1/32845] INFO  netty.NettyConfigKeys$DataStream (ConfUtils.java:logGet(46)) - raft.netty.dataStream.host = null (default)
2023-02-14 08:18:55,960 [Listener at 127.0.0.1/32845] INFO  netty.NettyConfigKeys$DataStream (ConfUtils.java:logGet(46)) - raft.netty.dataStream.port = 0 (default)
2023-02-14 08:18:55,961 [Listener at 127.0.0.1/32845] INFO  server.RaftServerConfigKeys (ConfUtils.java:logGet(46)) - raft.server.threadpool.proxy.cached = true (default)
2023-02-14 08:18:55,961 [Listener at 127.0.0.1/32845] INFO  server.RaftServerConfigKeys (ConfUtils.java:logGet(46)) - raft.server.threadpool.proxy.size = 0 (default)
2023-02-14 08:18:55,961 [Listener at 127.0.0.1/32845] INFO  server.RaftServerConfigKeys (ConfUtils.java:logGet(46)) - raft.server.rpc.slowness.timeout = 300s (custom)
2023-02-14 08:18:55,961 [Listener at 127.0.0.1/32845] INFO  server.RaftServerConfigKeys (ConfUtils.java:logGet(46)) - raft.server.leaderelection.leader.step-down.wait-time = 10s (default)
2023-02-14 08:18:55,961 [Listener at 127.0.0.1/32845] INFO  server.RaftServerConfigKeys (ConfUtils.java:logGet(46)) - raft.server.storage.dir = [/home/runner/work/ozone/ozone/hadoop-ozone/integration-test/target/test-dir/MiniOzoneClusterImpl-9064264e-2b58-4737-9fe3-fdda8e014d69/datanode-3/data/ratis] (custom)
2023-02-14 08:18:55,961 [beec9a9c-14cf-4df1-af52-b967c7424cdf-NettyServerStreamRpc-bossGroup--thread1] INFO  logging.LoggingHandler (AbstractInternalLogger.java:log(148)) - [id: 0xe33d45df] REGISTERED
2023-02-14 08:18:55,961 [beec9a9c-14cf-4df1-af52-b967c7424cdf-NettyServerStreamRpc-bossGroup--thread1] INFO  logging.LoggingHandler (AbstractInternalLogger.java:log(148)) - [id: 0xe33d45df] BIND: 0.0.0.0/0.0.0.0:0
2023-02-14 08:18:55,962 [beec9a9c-14cf-4df1-af52-b967c7424cdf-NettyServerStreamRpc-bossGroup--thread1] INFO  logging.LoggingHandler (AbstractInternalLogger.java:log(148)) - [id: 0xe33d45df, L:/0:0:0:0:0:0:0:0:40995] ACTIVE
2023-02-14 08:18:55,964 [Listener at 127.0.0.1/32845] INFO  server.XceiverServerGrpc (XceiverServerGrpc.java:<init>(132)) - GrpcServer channel type EpollServerSocketChannel
2023-02-14 08:18:55,966 [Listener at 127.0.0.1/32845] INFO  http.BaseHttpServer (BaseHttpServer.java:newHttpServer2BuilderForOzone(213)) - Starting Web-server for hddsDatanode at: http://0.0.0.0:0
2023-02-14 08:18:55,966 [Listener at 127.0.0.1/32845] INFO  http.BaseHttpServer (BaseHttpServer.java:<init>(108)) - Hadoop Security Enabled: false Ozone Security Enabled: false Ozone HTTP Security Enabled: false 
2023-02-14 08:18:55,967 [Listener at 127.0.0.1/32845] WARN  server.AuthenticationFilter (AuthenticationFilter.java:constructSecretProvider(240)) - Unable to initialize FileSignerSecretProvider, falling back to use random secrets. Reason: Could not read signature secret file: /home/runner/hadoop-http-auth-signature-secret
2023-02-14 08:18:55,968 [Listener at 127.0.0.1/32845] WARN  http.HttpRequestLog (HttpRequestLog.java:getRequestLog(103)) - Jetty request log can only be enabled using Log4j
2023-02-14 08:18:55,968 [Listener at 127.0.0.1/32845] INFO  http.HttpServer2 (HttpServer2.java:addGlobalFilter(1031)) - Added global filter 'safety' (class=org.apache.hadoop.hdds.server.http.HttpServer2$QuotingInputFilter)
2023-02-14 08:18:55,969 [Listener at 127.0.0.1/32845] INFO  http.HttpServer2 (HttpServer2.java:addFilter(1007)) - Added filter static_user_filter (class=org.apache.hadoop.http.lib.StaticUserWebFilter$StaticUserFilter) to context hddsDatanode
2023-02-14 08:18:55,969 [Listener at 127.0.0.1/32845] INFO  http.HttpServer2 (HttpServer2.java:addFilter(1015)) - Added filter static_user_filter (class=org.apache.hadoop.http.lib.StaticUserWebFilter$StaticUserFilter) to context static
2023-02-14 08:18:55,969 [Listener at 127.0.0.1/32845] INFO  http.HttpServer2 (HttpServer2.java:addFilter(1015)) - Added filter static_user_filter (class=org.apache.hadoop.http.lib.StaticUserWebFilter$StaticUserFilter) to context logs
2023-02-14 08:18:55,969 [Listener at 127.0.0.1/32845] INFO  http.HttpServer2 (HttpServer2.java:bindListener(1250)) - Jetty bound to port 46263
2023-02-14 08:18:55,969 [Listener at 127.0.0.1/32845] INFO  server.Server (Server.java:doStart(375)) - jetty-9.4.49.v20220914; built: 2022-09-14T01:07:36.601Z; git: 4231a3b2e4cb8548a412a789936d640a97b1aa0a; jvm 1.8.0_362-b09
2023-02-14 08:18:55,970 [Listener at 127.0.0.1/32845] INFO  server.session (DefaultSessionIdManager.java:doStart(334)) - DefaultSessionIdManager workerName=node0
2023-02-14 08:18:55,970 [Listener at 127.0.0.1/32845] INFO  server.session (DefaultSessionIdManager.java:doStart(339)) - No SessionScavenger set, using defaults
2023-02-14 08:18:55,971 [Listener at 127.0.0.1/32845] INFO  server.session (HouseKeeper.java:startScavenging(132)) - node0 Scavenging every 600000ms
2023-02-14 08:18:55,971 [Listener at 127.0.0.1/32845] INFO  handler.ContextHandler (ContextHandler.java:doStart(921)) - Started o.e.j.s.ServletContextHandler@45ad3c10{logs,/logs,file:///home/runner/work/ozone/ozone/hadoop-ozone/integration-test/target/log,AVAILABLE}
2023-02-14 08:18:55,971 [Listener at 127.0.0.1/32845] INFO  handler.ContextHandler (ContextHandler.java:doStart(921)) - Started o.e.j.s.ServletContextHandler@4a016433{static,/static,jar:file:/home/runner/.m2/repository/org/apache/ozone/hdds-container-service/1.4.0-SNAPSHOT/hdds-container-service-1.4.0-SNAPSHOT.jar!/webapps/static,AVAILABLE}
2023-02-14 08:18:56,164 [Listener at 127.0.0.1/32845] INFO  handler.ContextHandler (ContextHandler.java:doStart(921)) - Started o.e.j.w.WebAppContext@1fa9c71a{hddsDatanode,/,file:///tmp/jetty-0_0_0_0-46263-hdds-container-service-1_4_0-SNAPSHOT_jar-_-any-7615134318591197976/webapp/,AVAILABLE}{jar:file:/home/runner/.m2/repository/org/apache/ozone/hdds-container-service/1.4.0-SNAPSHOT/hdds-container-service-1.4.0-SNAPSHOT.jar!/webapps/hddsDatanode}
2023-02-14 08:18:56,166 [Listener at 127.0.0.1/32845] INFO  server.AbstractConnector (AbstractConnector.java:doStart(333)) - Started ServerConnector@7bdc9fc8{HTTP/1.1, (http/1.1)}{0.0.0.0:46263}
2023-02-14 08:18:56,166 [Listener at 127.0.0.1/32845] INFO  server.Server (Server.java:doStart(415)) - Started @112242ms
2023-02-14 08:18:56,166 [Listener at 127.0.0.1/32845] WARN  impl.MetricsSystemImpl (MetricsSystemImpl.java:register(279)) - Sink prometheus already exists!
2023-02-14 08:18:56,166 [Listener at 127.0.0.1/32845] INFO  http.BaseHttpServer (BaseHttpServer.java:updateConnectorAddress(333)) - HTTP server of hddsDatanode listening at http://0.0.0.0:46263
2023-02-14 08:18:56,167 [Datanode State Machine Daemon Thread] INFO  statemachine.DatanodeStateMachine (DatanodeStateMachine.java:lambda$startDaemon$0(516)) - Ozone container server started.
2023-02-14 08:18:56,167 [Listener at 127.0.0.1/32845] WARN  impl.MetricRegistriesImpl (MetricRegistriesImpl.java:addReporterRegistration(111)) - New reporters are added after registries were created. Some metrics will be missing from the reporter. Please add reporter before adding any new registry.
2023-02-14 08:18:56,168 [Listener at 127.0.0.1/32845] WARN  impl.MetricRegistriesImpl (MetricRegistriesImpl.java:addReporterRegistration(111)) - New reporters are added after registries were created. Some metrics will be missing from the reporter. Please add reporter before adding any new registry.
2023-02-14 08:18:56,168 [Listener at 127.0.0.1/32845] INFO  impl.MetricsSystemImpl (MetricsSystemImpl.java:init(158)) - HddsDatanode metrics system started (again)
2023-02-14 08:18:56,173 [org.apache.hadoop.util.JvmPauseMonitor$Monitor@72fa8b7b] INFO  util.JvmPauseMonitor (JvmPauseMonitor.java:run(188)) - Starting JVM pause monitor
2023-02-14 08:18:56,178 [Datanode State Machine Task Thread - 0] INFO  datanode.InitDatanodeState (InitDatanodeState.java:persistContainerDatanodeDetails(138)) - DatanodeDetails is persisted to /home/runner/work/ozone/ozone/hadoop-ozone/integration-test/target/test-dir/MiniOzoneClusterImpl-9064264e-2b58-4737-9fe3-fdda8e014d69/datanode-3/meta/datanode.id
2023-02-14 08:18:56,181 [Listener at 127.0.0.1/32845] INFO  ozone.HddsDatanodeService (HddsDatanodeService.java:start(228)) - HddsDatanodeService host:fv-az476-382.2mevl5kwmm3ezivwarakluutxb.phxx.internal.cloudapp.net ip:10.1.0.19
2023-02-14 08:18:56,195 [Listener at 127.0.0.1/32845] INFO  upgrade.AbstractLayoutVersionManager (AbstractLayoutVersionManager.java:init(83)) - Initializing Layout version manager with metadata layout = DATANODE_SCHEMA_V3 (version = 4), software layout = DATANODE_SCHEMA_V3 (version = 4)
2023-02-14 08:18:56,240 [Listener at 127.0.0.1/32845] INFO  reflections.Reflections (Reflections.java:scan(232)) - Reflections took 44 ms to scan 7 urls, producing 150 keys and 363 values 
2023-02-14 08:18:56,241 [Listener at 127.0.0.1/32845] INFO  statemachine.DatanodeStateMachine (DatanodeStateMachine.java:getEndPointTaskThreadPoolSize(260)) - Datanode State Machine Task Thread Pool size 2
2023-02-14 08:18:56,243 [Listener at 127.0.0.1/32845] INFO  volume.HddsVolume (HddsVolume.java:<init>(122)) - Creating HddsVolume: /home/runner/work/ozone/ozone/hadoop-ozone/integration-test/target/test-dir/MiniOzoneClusterImpl-9064264e-2b58-4737-9fe3-fdda8e014d69/datanode-4/data-0/containers/hdds of storage type : DISK capacity : 9223372036854775807
2023-02-14 08:18:56,243 [Listener at 127.0.0.1/32845] INFO  volume.MutableVolumeSet (MutableVolumeSet.java:initializeVolumeSet(174)) - Added Volume : /home/runner/work/ozone/ozone/hadoop-ozone/integration-test/target/test-dir/MiniOzoneClusterImpl-9064264e-2b58-4737-9fe3-fdda8e014d69/datanode-4/data-0/containers/hdds to VolumeSet
2023-02-14 08:18:56,243 [Listener at 127.0.0.1/32845] INFO  volume.ThrottledAsyncChecker (ThrottledAsyncChecker.java:schedule(141)) - Scheduling a check for /home/runner/work/ozone/ozone/hadoop-ozone/integration-test/target/test-dir/MiniOzoneClusterImpl-9064264e-2b58-4737-9fe3-fdda8e014d69/datanode-4/data-0/containers/hdds
2023-02-14 08:18:56,245 [Listener at 127.0.0.1/32845] INFO  volume.StorageVolumeChecker (StorageVolumeChecker.java:checkAllVolumes(202)) - Scheduled health check for volume /home/runner/work/ozone/ozone/hadoop-ozone/integration-test/target/test-dir/MiniOzoneClusterImpl-9064264e-2b58-4737-9fe3-fdda8e014d69/datanode-4/data-0/containers/hdds
2023-02-14 08:18:56,257 [Listener at 127.0.0.1/32845] INFO  volume.MutableVolumeSet (MutableVolumeSet.java:initializeVolumeSet(174)) - Added Volume : /home/runner/work/ozone/ozone/hadoop-ozone/integration-test/target/test-dir/MiniOzoneClusterImpl-9064264e-2b58-4737-9fe3-fdda8e014d69/datanode-4/data/ratis to VolumeSet
2023-02-14 08:18:56,257 [Listener at 127.0.0.1/32845] INFO  volume.ThrottledAsyncChecker (ThrottledAsyncChecker.java:schedule(141)) - Scheduling a check for /home/runner/work/ozone/ozone/hadoop-ozone/integration-test/target/test-dir/MiniOzoneClusterImpl-9064264e-2b58-4737-9fe3-fdda8e014d69/datanode-4/data/ratis
2023-02-14 08:18:56,257 [Listener at 127.0.0.1/32845] INFO  volume.StorageVolumeChecker (StorageVolumeChecker.java:checkAllVolumes(202)) - Scheduled health check for volume /home/runner/work/ozone/ozone/hadoop-ozone/integration-test/target/test-dir/MiniOzoneClusterImpl-9064264e-2b58-4737-9fe3-fdda8e014d69/datanode-4/data/ratis
2023-02-14 08:18:56,270 [Thread-1043] INFO  ozoneimpl.ContainerReader (ContainerReader.java:readVolume(175)) - Finish verifying containers on volume /home/runner/work/ozone/ozone/hadoop-ozone/integration-test/target/test-dir/MiniOzoneClusterImpl-9064264e-2b58-4737-9fe3-fdda8e014d69/datanode-4/data-0/containers/hdds
2023-02-14 08:18:56,270 [Listener at 127.0.0.1/32845] INFO  ozoneimpl.OzoneContainer (OzoneContainer.java:buildContainerSet(304)) - Build ContainerSet costs 0s
2023-02-14 08:18:56,274 [Listener at 127.0.0.1/32845] INFO  server.RaftServer (ConfUtils.java:logGet(46)) - raft.rpc.type = GRPC (default)
2023-02-14 08:18:56,274 [Listener at 127.0.0.1/32845] INFO  grpc.GrpcConfigKeys (ConfUtils.java:logFallback(53)) - raft.grpc.admin.host = null (fallback to raft.grpc.server.host)
2023-02-14 08:18:56,274 [Listener at 127.0.0.1/32845] INFO  grpc.GrpcConfigKeys (ConfUtils.java:logGet(46)) - raft.grpc.admin.port = 0 (custom)
2023-02-14 08:18:56,274 [Listener at 127.0.0.1/32845] INFO  grpc.GrpcConfigKeys (ConfUtils.java:logFallback(53)) - raft.grpc.client.host = null (fallback to raft.grpc.server.host)
2023-02-14 08:18:56,275 [Listener at 127.0.0.1/32845] INFO  grpc.GrpcConfigKeys (ConfUtils.java:logGet(46)) - raft.grpc.client.port = 0 (custom)
2023-02-14 08:18:56,275 [Listener at 127.0.0.1/32845] INFO  grpc.GrpcConfigKeys (ConfUtils.java:logGet(46)) - raft.grpc.server.host = null (default)
2023-02-14 08:18:56,275 [Listener at 127.0.0.1/32845] INFO  grpc.GrpcConfigKeys (ConfUtils.java:logGet(46)) - raft.grpc.server.port = 0 (default)
2023-02-14 08:18:56,275 [Listener at 127.0.0.1/32845] INFO  server.GrpcService (ConfUtils.java:logGet(46)) - raft.grpc.message.size.max = 32MB (=33554432) (custom)
2023-02-14 08:18:56,275 [Listener at 127.0.0.1/32845] INFO  server.RaftServerConfigKeys (ConfUtils.java:logGet(46)) - raft.server.log.appender.buffer.byte-limit = 33554432 (custom)
2023-02-14 08:18:56,275 [Listener at 127.0.0.1/32845] INFO  server.GrpcService (ConfUtils.java:logGet(46)) - raft.grpc.flow.control.window = 5MB (=5242880) (custom)
2023-02-14 08:18:56,275 [Listener at 127.0.0.1/32845] INFO  server.RaftServerConfigKeys (ConfUtils.java:logGet(46)) - raft.server.rpc.request.timeout = 60s (custom)
2023-02-14 08:18:56,275 [Listener at 127.0.0.1/32845] INFO  grpc.GrpcConfigKeys (ConfUtils.java:logGet(46)) - raft.grpc.server.heartbeat.channel = true (default)
2023-02-14 08:18:56,275 [Listener at 127.0.0.1/32845] INFO  grpc.GrpcConfigKeys (ConfUtils.java:logGet(46)) - raft.grpc.server.async.request.thread.pool.cached = true (default)
2023-02-14 08:18:56,275 [Listener at 127.0.0.1/32845] INFO  grpc.GrpcConfigKeys (ConfUtils.java:logGet(46)) - raft.grpc.server.async.request.thread.pool.size = 32 (default)
2023-02-14 08:18:56,279 [Listener at 127.0.0.1/32845] INFO  impl.DataStreamServerImpl (ConfUtils.java:logGet(46)) - raft.datastream.type = NETTY (custom)
2023-02-14 08:18:56,279 [Listener at 127.0.0.1/32845] INFO  server.RaftServerConfigKeys (ConfUtils.java:logGet(46)) - raft.server.data-stream.async.request.thread.pool.cached = false (default)
2023-02-14 08:18:56,279 [Listener at 127.0.0.1/32845] INFO  server.RaftServerConfigKeys (ConfUtils.java:logGet(46)) - raft.server.data-stream.async.request.thread.pool.size = 20 (custom)
2023-02-14 08:18:56,280 [Listener at 127.0.0.1/32845] INFO  server.RaftServerConfigKeys (ConfUtils.java:logGet(46)) - raft.server.data-stream.async.write.thread.pool.size = 16 (default)
2023-02-14 08:18:56,280 [Listener at 127.0.0.1/32845] INFO  server.RaftServerConfigKeys (ConfUtils.java:logGet(46)) - raft.server.data-stream.client.pool.size = 10 (default)
2023-02-14 08:18:56,280 [Listener at 127.0.0.1/32845] INFO  netty.NettyConfigKeys$DataStream (ConfUtils.java:logGet(46)) - raft.netty.dataStream.server.use-epoll = false (default)
2023-02-14 08:18:56,280 [Listener at 127.0.0.1/32845] INFO  netty.NettyConfigKeys$DataStream (ConfUtils.java:logGet(46)) - raft.netty.dataStream.server.boss-group.size = 0 (default)
2023-02-14 08:18:56,280 [Listener at 127.0.0.1/32845] INFO  netty.NettyConfigKeys$DataStream (ConfUtils.java:logGet(46)) - raft.netty.dataStream.server.worker-group.size = 0 (default)
2023-02-14 08:18:56,280 [Listener at 127.0.0.1/32845] INFO  netty.NettyConfigKeys$DataStream (ConfUtils.java:logGet(46)) - raft.netty.dataStream.server.tls.conf = null (default)
2023-02-14 08:18:56,280 [Listener at 127.0.0.1/32845] INFO  netty.NettyConfigKeys$DataStream (ConfUtils.java:logGet(46)) - raft.netty.dataStream.host = null (default)
2023-02-14 08:18:56,282 [Listener at 127.0.0.1/32845] INFO  netty.NettyConfigKeys$DataStream (ConfUtils.java:logGet(46)) - raft.netty.dataStream.port = 0 (default)
2023-02-14 08:18:56,283 [Listener at 127.0.0.1/32845] INFO  server.RaftServerConfigKeys (ConfUtils.java:logGet(46)) - raft.server.threadpool.proxy.cached = true (default)
2023-02-14 08:18:56,284 [Listener at 127.0.0.1/32845] INFO  server.RaftServerConfigKeys (ConfUtils.java:logGet(46)) - raft.server.threadpool.proxy.size = 0 (default)
2023-02-14 08:18:56,284 [Listener at 127.0.0.1/32845] INFO  server.RaftServerConfigKeys (ConfUtils.java:logGet(46)) - raft.server.rpc.slowness.timeout = 300s (custom)
2023-02-14 08:18:56,284 [Listener at 127.0.0.1/32845] INFO  server.RaftServerConfigKeys (ConfUtils.java:logGet(46)) - raft.server.leaderelection.leader.step-down.wait-time = 10s (default)
2023-02-14 08:18:56,284 [Listener at 127.0.0.1/32845] INFO  server.RaftServerConfigKeys (ConfUtils.java:logGet(46)) - raft.server.storage.dir = [/home/runner/work/ozone/ozone/hadoop-ozone/integration-test/target/test-dir/MiniOzoneClusterImpl-9064264e-2b58-4737-9fe3-fdda8e014d69/datanode-4/data/ratis] (custom)
2023-02-14 08:18:56,286 [756d89f1-fb04-4866-b61e-06654fd6a7ad-NettyServerStreamRpc-bossGroup--thread1] INFO  logging.LoggingHandler (AbstractInternalLogger.java:log(148)) - [id: 0x2d2d0267] REGISTERED
2023-02-14 08:18:56,286 [756d89f1-fb04-4866-b61e-06654fd6a7ad-NettyServerStreamRpc-bossGroup--thread1] INFO  logging.LoggingHandler (AbstractInternalLogger.java:log(148)) - [id: 0x2d2d0267] BIND: 0.0.0.0/0.0.0.0:0
2023-02-14 08:18:56,286 [756d89f1-fb04-4866-b61e-06654fd6a7ad-NettyServerStreamRpc-bossGroup--thread1] INFO  logging.LoggingHandler (AbstractInternalLogger.java:log(148)) - [id: 0x2d2d0267, L:/0:0:0:0:0:0:0:0:33675] ACTIVE
2023-02-14 08:18:56,287 [Listener at 127.0.0.1/32845] INFO  server.XceiverServerGrpc (XceiverServerGrpc.java:<init>(132)) - GrpcServer channel type EpollServerSocketChannel
2023-02-14 08:18:56,291 [Listener at 127.0.0.1/32845] INFO  http.BaseHttpServer (BaseHttpServer.java:newHttpServer2BuilderForOzone(213)) - Starting Web-server for hddsDatanode at: http://0.0.0.0:0
2023-02-14 08:18:56,291 [Listener at 127.0.0.1/32845] INFO  http.BaseHttpServer (BaseHttpServer.java:<init>(108)) - Hadoop Security Enabled: false Ozone Security Enabled: false Ozone HTTP Security Enabled: false 
2023-02-14 08:18:56,299 [Listener at 127.0.0.1/32845] WARN  server.AuthenticationFilter (AuthenticationFilter.java:constructSecretProvider(240)) - Unable to initialize FileSignerSecretProvider, falling back to use random secrets. Reason: Could not read signature secret file: /home/runner/hadoop-http-auth-signature-secret
2023-02-14 08:18:56,300 [Listener at 127.0.0.1/32845] WARN  http.HttpRequestLog (HttpRequestLog.java:getRequestLog(103)) - Jetty request log can only be enabled using Log4j
2023-02-14 08:18:56,301 [Listener at 127.0.0.1/32845] INFO  http.HttpServer2 (HttpServer2.java:addGlobalFilter(1031)) - Added global filter 'safety' (class=org.apache.hadoop.hdds.server.http.HttpServer2$QuotingInputFilter)
2023-02-14 08:18:56,301 [Listener at 127.0.0.1/32845] INFO  http.HttpServer2 (HttpServer2.java:addFilter(1007)) - Added filter static_user_filter (class=org.apache.hadoop.http.lib.StaticUserWebFilter$StaticUserFilter) to context hddsDatanode
2023-02-14 08:18:56,301 [Listener at 127.0.0.1/32845] INFO  http.HttpServer2 (HttpServer2.java:addFilter(1015)) - Added filter static_user_filter (class=org.apache.hadoop.http.lib.StaticUserWebFilter$StaticUserFilter) to context logs
2023-02-14 08:18:56,301 [Listener at 127.0.0.1/32845] INFO  http.HttpServer2 (HttpServer2.java:addFilter(1015)) - Added filter static_user_filter (class=org.apache.hadoop.http.lib.StaticUserWebFilter$StaticUserFilter) to context static
2023-02-14 08:18:56,302 [Listener at 127.0.0.1/32845] INFO  http.HttpServer2 (HttpServer2.java:bindListener(1250)) - Jetty bound to port 40855
2023-02-14 08:18:56,302 [Listener at 127.0.0.1/32845] INFO  server.Server (Server.java:doStart(375)) - jetty-9.4.49.v20220914; built: 2022-09-14T01:07:36.601Z; git: 4231a3b2e4cb8548a412a789936d640a97b1aa0a; jvm 1.8.0_362-b09
2023-02-14 08:18:56,305 [Listener at 127.0.0.1/32845] INFO  server.session (DefaultSessionIdManager.java:doStart(334)) - DefaultSessionIdManager workerName=node0
2023-02-14 08:18:56,305 [Listener at 127.0.0.1/32845] INFO  server.session (DefaultSessionIdManager.java:doStart(339)) - No SessionScavenger set, using defaults
2023-02-14 08:18:56,312 [Listener at 127.0.0.1/32845] INFO  server.session (HouseKeeper.java:startScavenging(132)) - node0 Scavenging every 600000ms
2023-02-14 08:18:56,312 [Listener at 127.0.0.1/32845] INFO  handler.ContextHandler (ContextHandler.java:doStart(921)) - Started o.e.j.s.ServletContextHandler@143fccdb{logs,/logs,file:///home/runner/work/ozone/ozone/hadoop-ozone/integration-test/target/log,AVAILABLE}
2023-02-14 08:18:56,313 [Listener at 127.0.0.1/32845] INFO  handler.ContextHandler (ContextHandler.java:doStart(921)) - Started o.e.j.s.ServletContextHandler@436f5e27{static,/static,jar:file:/home/runner/.m2/repository/org/apache/ozone/hdds-container-service/1.4.0-SNAPSHOT/hdds-container-service-1.4.0-SNAPSHOT.jar!/webapps/static,AVAILABLE}
2023-02-14 08:18:56,526 [Listener at 127.0.0.1/32845] INFO  handler.ContextHandler (ContextHandler.java:doStart(921)) - Started o.e.j.w.WebAppContext@1d4e3295{hddsDatanode,/,file:///tmp/jetty-0_0_0_0-40855-hdds-container-service-1_4_0-SNAPSHOT_jar-_-any-3552939577989776657/webapp/,AVAILABLE}{jar:file:/home/runner/.m2/repository/org/apache/ozone/hdds-container-service/1.4.0-SNAPSHOT/hdds-container-service-1.4.0-SNAPSHOT.jar!/webapps/hddsDatanode}
2023-02-14 08:18:56,529 [Listener at 127.0.0.1/32845] INFO  server.AbstractConnector (AbstractConnector.java:doStart(333)) - Started ServerConnector@463e69ea{HTTP/1.1, (http/1.1)}{0.0.0.0:40855}
2023-02-14 08:18:56,529 [Listener at 127.0.0.1/32845] INFO  server.Server (Server.java:doStart(415)) - Started @112605ms
2023-02-14 08:18:56,529 [Listener at 127.0.0.1/32845] WARN  impl.MetricsSystemImpl (MetricsSystemImpl.java:register(279)) - Sink prometheus already exists!
2023-02-14 08:18:56,529 [Listener at 127.0.0.1/32845] INFO  http.BaseHttpServer (BaseHttpServer.java:updateConnectorAddress(333)) - HTTP server of hddsDatanode listening at http://0.0.0.0:40855
2023-02-14 08:18:56,530 [Listener at 127.0.0.1/32845] INFO  ozone.MiniOzoneClusterImpl (MiniOzoneClusterImpl.java:lambda$waitForClusterToBeReady$0(218)) - Waiting for nodes to be ready. Got 0 of 5 DN Heartbeats.
2023-02-14 08:18:56,530 [Listener at 127.0.0.1/32845] INFO  ozone.MiniOzoneClusterImpl (MiniOzoneClusterImpl.java:lambda$waitForClusterToBeReady$0(221)) - Waiting for cluster to exit safe mode
2023-02-14 08:18:56,530 [Listener at 127.0.0.1/32845] INFO  ozone.MiniOzoneClusterImpl (MiniOzoneClusterImpl.java:lambda$waitForClusterToBeReady$0(223)) - SCM became leader
2023-02-14 08:18:56,530 [Datanode State Machine Daemon Thread] INFO  statemachine.DatanodeStateMachine (DatanodeStateMachine.java:lambda$startDaemon$0(516)) - Ozone container server started.
2023-02-14 08:18:56,541 [org.apache.hadoop.util.JvmPauseMonitor$Monitor@2066efd3] INFO  util.JvmPauseMonitor (JvmPauseMonitor.java:run(188)) - Starting JVM pause monitor
2023-02-14 08:18:56,542 [Datanode State Machine Task Thread - 0] INFO  datanode.InitDatanodeState (InitDatanodeState.java:persistContainerDatanodeDetails(138)) - DatanodeDetails is persisted to /home/runner/work/ozone/ozone/hadoop-ozone/integration-test/target/test-dir/MiniOzoneClusterImpl-9064264e-2b58-4737-9fe3-fdda8e014d69/datanode-4/meta/datanode.id
2023-02-14 08:18:57,217 [EndpointStateMachine task thread for /0.0.0.0:38353 - 0 ] INFO  utils.DatanodeStoreCache (DatanodeStoreCache.java:addDB(58)) - Added db /home/runner/work/ozone/ozone/hadoop-ozone/integration-test/target/test-dir/MiniOzoneClusterImpl-9064264e-2b58-4737-9fe3-fdda8e014d69/datanode-0/data-0/containers/hdds/9064264e-2b58-4737-9fe3-fdda8e014d69/DS-ec84f081-96f8-4ca3-b1ff-4c321dbe2ec1/container.db to cache
2023-02-14 08:18:57,217 [EndpointStateMachine task thread for /0.0.0.0:38353 - 0 ] INFO  volume.HddsVolume (HddsVolume.java:createDbStore(331)) - SchemaV3 db is created and loaded at /home/runner/work/ozone/ozone/hadoop-ozone/integration-test/target/test-dir/MiniOzoneClusterImpl-9064264e-2b58-4737-9fe3-fdda8e014d69/datanode-0/data-0/containers/hdds/9064264e-2b58-4737-9fe3-fdda8e014d69/DS-ec84f081-96f8-4ca3-b1ff-4c321dbe2ec1/container.db for volume DS-ec84f081-96f8-4ca3-b1ff-4c321dbe2ec1
2023-02-14 08:18:57,217 [EndpointStateMachine task thread for /0.0.0.0:38353 - 0 ] INFO  ozoneimpl.OzoneContainer (OzoneContainer.java:start(398)) - Attempting to start container services.
2023-02-14 08:18:57,217 [EndpointStateMachine task thread for /0.0.0.0:38353 - 0 ] INFO  ozoneimpl.OzoneContainer (OzoneContainer.java:startContainerScrub(315)) - Scheduled background container scanners and the on-demand container scanner have been disabled.
2023-02-14 08:18:57,219 [EndpointStateMachine task thread for /0.0.0.0:38353 - 0 ] INFO  replication.ReplicationServer (ReplicationServer.java:start(109)) - ReplicationServer is started using port 44919
2023-02-14 08:18:57,219 [EndpointStateMachine task thread for /0.0.0.0:38353 - 0 ] INFO  ratis.XceiverServerRatis (XceiverServerRatis.java:start(518)) - Starting XceiverServerRatis 6d5fd74e-c16c-4183-9ec8-8461f8bdbc47
2023-02-14 08:18:57,220 [EndpointStateMachine task thread for /0.0.0.0:38353 - 0 ] INFO  server.RaftServer (RaftServerProxy.java:startImpl(393)) - 6d5fd74e-c16c-4183-9ec8-8461f8bdbc47: start RPC server
2023-02-14 08:18:57,221 [EndpointStateMachine task thread for /0.0.0.0:38353 - 0 ] INFO  server.GrpcService (GrpcService.java:startImpl(262)) - 6d5fd74e-c16c-4183-9ec8-8461f8bdbc47: GrpcService started, listening on 44947
2023-02-14 08:18:57,222 [EndpointStateMachine task thread for /0.0.0.0:38353 - 0 ] INFO  ratis.XceiverServerRatis (XceiverServerRatis.java:getRealPort(544)) - XceiverServerRatis 6d5fd74e-c16c-4183-9ec8-8461f8bdbc47 is started using port 44947 for RATIS
2023-02-14 08:18:57,222 [EndpointStateMachine task thread for /0.0.0.0:38353 - 0 ] INFO  ratis.XceiverServerRatis (XceiverServerRatis.java:getRealPort(544)) - XceiverServerRatis 6d5fd74e-c16c-4183-9ec8-8461f8bdbc47 is started using port 44947 for RATIS_ADMIN
2023-02-14 08:18:57,222 [EndpointStateMachine task thread for /0.0.0.0:38353 - 0 ] INFO  ratis.XceiverServerRatis (XceiverServerRatis.java:getRealPort(544)) - XceiverServerRatis 6d5fd74e-c16c-4183-9ec8-8461f8bdbc47 is started using port 44947 for RATIS_SERVER
2023-02-14 08:18:57,222 [JvmPauseMonitor12] INFO  util.JvmPauseMonitor (JvmPauseMonitor.java:run(105)) - JvmPauseMonitor-6d5fd74e-c16c-4183-9ec8-8461f8bdbc47: Started
2023-02-14 08:18:57,222 [EndpointStateMachine task thread for /0.0.0.0:38353 - 0 ] INFO  ratis.XceiverServerRatis (XceiverServerRatis.java:getRealPort(544)) - XceiverServerRatis 6d5fd74e-c16c-4183-9ec8-8461f8bdbc47 is started using port 34443 for RATIS_DATASTREAM
2023-02-14 08:18:57,228 [EndpointStateMachine task thread for /0.0.0.0:38353 - 0 ] INFO  server.XceiverServerGrpc (XceiverServerGrpc.java:start(180)) - XceiverServerGrpc 6d5fd74e-c16c-4183-9ec8-8461f8bdbc47 is started using port 34317
2023-02-14 08:18:57,530 [Listener at 127.0.0.1/32845] INFO  ozone.MiniOzoneClusterImpl (MiniOzoneClusterImpl.java:lambda$waitForClusterToBeReady$0(218)) - Waiting for nodes to be ready. Got 0 of 5 DN Heartbeats.
2023-02-14 08:18:57,530 [Listener at 127.0.0.1/32845] INFO  ozone.MiniOzoneClusterImpl (MiniOzoneClusterImpl.java:lambda$waitForClusterToBeReady$0(221)) - Waiting for cluster to exit safe mode
2023-02-14 08:18:57,530 [Listener at 127.0.0.1/32845] INFO  ozone.MiniOzoneClusterImpl (MiniOzoneClusterImpl.java:lambda$waitForClusterToBeReady$0(223)) - SCM became leader
2023-02-14 08:18:57,561 [EndpointStateMachine task thread for /0.0.0.0:38353 - 0 ] INFO  utils.DatanodeStoreCache (DatanodeStoreCache.java:addDB(58)) - Added db /home/runner/work/ozone/ozone/hadoop-ozone/integration-test/target/test-dir/MiniOzoneClusterImpl-9064264e-2b58-4737-9fe3-fdda8e014d69/datanode-1/data-0/containers/hdds/9064264e-2b58-4737-9fe3-fdda8e014d69/DS-39450819-4b7f-4257-84cb-77804154aa4d/container.db to cache
2023-02-14 08:18:57,561 [EndpointStateMachine task thread for /0.0.0.0:38353 - 0 ] INFO  volume.HddsVolume (HddsVolume.java:createDbStore(331)) - SchemaV3 db is created and loaded at /home/runner/work/ozone/ozone/hadoop-ozone/integration-test/target/test-dir/MiniOzoneClusterImpl-9064264e-2b58-4737-9fe3-fdda8e014d69/datanode-1/data-0/containers/hdds/9064264e-2b58-4737-9fe3-fdda8e014d69/DS-39450819-4b7f-4257-84cb-77804154aa4d/container.db for volume DS-39450819-4b7f-4257-84cb-77804154aa4d
2023-02-14 08:18:57,561 [EndpointStateMachine task thread for /0.0.0.0:38353 - 0 ] INFO  ozoneimpl.OzoneContainer (OzoneContainer.java:start(398)) - Attempting to start container services.
2023-02-14 08:18:57,562 [EndpointStateMachine task thread for /0.0.0.0:38353 - 0 ] INFO  ozoneimpl.OzoneContainer (OzoneContainer.java:startContainerScrub(315)) - Scheduled background container scanners and the on-demand container scanner have been disabled.
2023-02-14 08:18:57,564 [EndpointStateMachine task thread for /0.0.0.0:38353 - 0 ] INFO  replication.ReplicationServer (ReplicationServer.java:start(109)) - ReplicationServer is started using port 40509
2023-02-14 08:18:57,564 [EndpointStateMachine task thread for /0.0.0.0:38353 - 0 ] INFO  ratis.XceiverServerRatis (XceiverServerRatis.java:start(518)) - Starting XceiverServerRatis 0910efe8-a84f-4250-8aec-2e536a9734d2
2023-02-14 08:18:57,565 [EndpointStateMachine task thread for /0.0.0.0:38353 - 0 ] INFO  server.RaftServer (RaftServerProxy.java:startImpl(393)) - 0910efe8-a84f-4250-8aec-2e536a9734d2: start RPC server
2023-02-14 08:18:57,574 [EndpointStateMachine task thread for /0.0.0.0:38353 - 0 ] INFO  server.GrpcService (GrpcService.java:startImpl(262)) - 0910efe8-a84f-4250-8aec-2e536a9734d2: GrpcService started, listening on 39335
2023-02-14 08:18:57,574 [EndpointStateMachine task thread for /0.0.0.0:38353 - 0 ] INFO  ratis.XceiverServerRatis (XceiverServerRatis.java:getRealPort(544)) - XceiverServerRatis 0910efe8-a84f-4250-8aec-2e536a9734d2 is started using port 39335 for RATIS
2023-02-14 08:18:57,574 [EndpointStateMachine task thread for /0.0.0.0:38353 - 0 ] INFO  ratis.XceiverServerRatis (XceiverServerRatis.java:getRealPort(544)) - XceiverServerRatis 0910efe8-a84f-4250-8aec-2e536a9734d2 is started using port 39335 for RATIS_ADMIN
2023-02-14 08:18:57,574 [JvmPauseMonitor13] INFO  util.JvmPauseMonitor (JvmPauseMonitor.java:run(105)) - JvmPauseMonitor-0910efe8-a84f-4250-8aec-2e536a9734d2: Started
2023-02-14 08:18:57,574 [EndpointStateMachine task thread for /0.0.0.0:38353 - 0 ] INFO  ratis.XceiverServerRatis (XceiverServerRatis.java:getRealPort(544)) - XceiverServerRatis 0910efe8-a84f-4250-8aec-2e536a9734d2 is started using port 39335 for RATIS_SERVER
2023-02-14 08:18:57,574 [EndpointStateMachine task thread for /0.0.0.0:38353 - 0 ] INFO  ratis.XceiverServerRatis (XceiverServerRatis.java:getRealPort(544)) - XceiverServerRatis 0910efe8-a84f-4250-8aec-2e536a9734d2 is started using port 34839 for RATIS_DATASTREAM
2023-02-14 08:18:57,576 [EndpointStateMachine task thread for /0.0.0.0:38353 - 0 ] INFO  server.XceiverServerGrpc (XceiverServerGrpc.java:start(180)) - XceiverServerGrpc 0910efe8-a84f-4250-8aec-2e536a9734d2 is started using port 42393
2023-02-14 08:18:57,880 [EndpointStateMachine task thread for /0.0.0.0:38353 - 0 ] INFO  utils.DatanodeStoreCache (DatanodeStoreCache.java:addDB(58)) - Added db /home/runner/work/ozone/ozone/hadoop-ozone/integration-test/target/test-dir/MiniOzoneClusterImpl-9064264e-2b58-4737-9fe3-fdda8e014d69/datanode-2/data-0/containers/hdds/9064264e-2b58-4737-9fe3-fdda8e014d69/DS-fae7cb6d-6f91-463a-8e3d-9cadd53dff87/container.db to cache
2023-02-14 08:18:57,881 [EndpointStateMachine task thread for /0.0.0.0:38353 - 0 ] INFO  volume.HddsVolume (HddsVolume.java:createDbStore(331)) - SchemaV3 db is created and loaded at /home/runner/work/ozone/ozone/hadoop-ozone/integration-test/target/test-dir/MiniOzoneClusterImpl-9064264e-2b58-4737-9fe3-fdda8e014d69/datanode-2/data-0/containers/hdds/9064264e-2b58-4737-9fe3-fdda8e014d69/DS-fae7cb6d-6f91-463a-8e3d-9cadd53dff87/container.db for volume DS-fae7cb6d-6f91-463a-8e3d-9cadd53dff87
2023-02-14 08:18:57,881 [EndpointStateMachine task thread for /0.0.0.0:38353 - 0 ] INFO  ozoneimpl.OzoneContainer (OzoneContainer.java:start(398)) - Attempting to start container services.
2023-02-14 08:18:57,881 [EndpointStateMachine task thread for /0.0.0.0:38353 - 0 ] INFO  ozoneimpl.OzoneContainer (OzoneContainer.java:startContainerScrub(315)) - Scheduled background container scanners and the on-demand container scanner have been disabled.
2023-02-14 08:18:57,883 [EndpointStateMachine task thread for /0.0.0.0:38353 - 0 ] INFO  replication.ReplicationServer (ReplicationServer.java:start(109)) - ReplicationServer is started using port 38837
2023-02-14 08:18:57,883 [EndpointStateMachine task thread for /0.0.0.0:38353 - 0 ] INFO  ratis.XceiverServerRatis (XceiverServerRatis.java:start(518)) - Starting XceiverServerRatis 23624866-2448-40b4-b246-86425eff7cca
2023-02-14 08:18:57,884 [EndpointStateMachine task thread for /0.0.0.0:38353 - 0 ] INFO  server.RaftServer (RaftServerProxy.java:startImpl(393)) - 23624866-2448-40b4-b246-86425eff7cca: start RPC server
2023-02-14 08:18:57,886 [EndpointStateMachine task thread for /0.0.0.0:38353 - 0 ] INFO  server.GrpcService (GrpcService.java:startImpl(262)) - 23624866-2448-40b4-b246-86425eff7cca: GrpcService started, listening on 37675
2023-02-14 08:18:57,886 [EndpointStateMachine task thread for /0.0.0.0:38353 - 0 ] INFO  ratis.XceiverServerRatis (XceiverServerRatis.java:getRealPort(544)) - XceiverServerRatis 23624866-2448-40b4-b246-86425eff7cca is started using port 37675 for RATIS
2023-02-14 08:18:57,886 [JvmPauseMonitor14] INFO  util.JvmPauseMonitor (JvmPauseMonitor.java:run(105)) - JvmPauseMonitor-23624866-2448-40b4-b246-86425eff7cca: Started
2023-02-14 08:18:57,886 [EndpointStateMachine task thread for /0.0.0.0:38353 - 0 ] INFO  ratis.XceiverServerRatis (XceiverServerRatis.java:getRealPort(544)) - XceiverServerRatis 23624866-2448-40b4-b246-86425eff7cca is started using port 37675 for RATIS_ADMIN
2023-02-14 08:18:57,886 [EndpointStateMachine task thread for /0.0.0.0:38353 - 0 ] INFO  ratis.XceiverServerRatis (XceiverServerRatis.java:getRealPort(544)) - XceiverServerRatis 23624866-2448-40b4-b246-86425eff7cca is started using port 37675 for RATIS_SERVER
2023-02-14 08:18:57,886 [EndpointStateMachine task thread for /0.0.0.0:38353 - 0 ] INFO  ratis.XceiverServerRatis (XceiverServerRatis.java:getRealPort(544)) - XceiverServerRatis 23624866-2448-40b4-b246-86425eff7cca is started using port 40961 for RATIS_DATASTREAM
2023-02-14 08:18:57,891 [EndpointStateMachine task thread for /0.0.0.0:38353 - 0 ] INFO  server.XceiverServerGrpc (XceiverServerGrpc.java:start(180)) - XceiverServerGrpc 23624866-2448-40b4-b246-86425eff7cca is started using port 44785
2023-02-14 08:18:58,195 [EndpointStateMachine task thread for /0.0.0.0:38353 - 0 ] INFO  utils.DatanodeStoreCache (DatanodeStoreCache.java:addDB(58)) - Added db /home/runner/work/ozone/ozone/hadoop-ozone/integration-test/target/test-dir/MiniOzoneClusterImpl-9064264e-2b58-4737-9fe3-fdda8e014d69/datanode-3/data-0/containers/hdds/9064264e-2b58-4737-9fe3-fdda8e014d69/DS-7a48d53a-4be6-4b95-bdc4-c8412b1bf1b0/container.db to cache
2023-02-14 08:18:58,195 [EndpointStateMachine task thread for /0.0.0.0:38353 - 0 ] INFO  volume.HddsVolume (HddsVolume.java:createDbStore(331)) - SchemaV3 db is created and loaded at /home/runner/work/ozone/ozone/hadoop-ozone/integration-test/target/test-dir/MiniOzoneClusterImpl-9064264e-2b58-4737-9fe3-fdda8e014d69/datanode-3/data-0/containers/hdds/9064264e-2b58-4737-9fe3-fdda8e014d69/DS-7a48d53a-4be6-4b95-bdc4-c8412b1bf1b0/container.db for volume DS-7a48d53a-4be6-4b95-bdc4-c8412b1bf1b0
2023-02-14 08:18:58,196 [EndpointStateMachine task thread for /0.0.0.0:38353 - 0 ] INFO  ozoneimpl.OzoneContainer (OzoneContainer.java:start(398)) - Attempting to start container services.
2023-02-14 08:18:58,196 [EndpointStateMachine task thread for /0.0.0.0:38353 - 0 ] INFO  ozoneimpl.OzoneContainer (OzoneContainer.java:startContainerScrub(315)) - Scheduled background container scanners and the on-demand container scanner have been disabled.
2023-02-14 08:18:58,197 [EndpointStateMachine task thread for /0.0.0.0:38353 - 0 ] INFO  replication.ReplicationServer (ReplicationServer.java:start(109)) - ReplicationServer is started using port 45125
2023-02-14 08:18:58,198 [EndpointStateMachine task thread for /0.0.0.0:38353 - 0 ] INFO  ratis.XceiverServerRatis (XceiverServerRatis.java:start(518)) - Starting XceiverServerRatis beec9a9c-14cf-4df1-af52-b967c7424cdf
2023-02-14 08:18:58,198 [EndpointStateMachine task thread for /0.0.0.0:38353 - 0 ] INFO  server.RaftServer (RaftServerProxy.java:startImpl(393)) - beec9a9c-14cf-4df1-af52-b967c7424cdf: start RPC server
2023-02-14 08:18:58,200 [EndpointStateMachine task thread for /0.0.0.0:38353 - 0 ] INFO  server.GrpcService (GrpcService.java:startImpl(262)) - beec9a9c-14cf-4df1-af52-b967c7424cdf: GrpcService started, listening on 42807
2023-02-14 08:18:58,200 [EndpointStateMachine task thread for /0.0.0.0:38353 - 0 ] INFO  ratis.XceiverServerRatis (XceiverServerRatis.java:getRealPort(544)) - XceiverServerRatis beec9a9c-14cf-4df1-af52-b967c7424cdf is started using port 42807 for RATIS
2023-02-14 08:18:58,200 [EndpointStateMachine task thread for /0.0.0.0:38353 - 0 ] INFO  ratis.XceiverServerRatis (XceiverServerRatis.java:getRealPort(544)) - XceiverServerRatis beec9a9c-14cf-4df1-af52-b967c7424cdf is started using port 42807 for RATIS_ADMIN
2023-02-14 08:18:58,200 [JvmPauseMonitor15] INFO  util.JvmPauseMonitor (JvmPauseMonitor.java:run(105)) - JvmPauseMonitor-beec9a9c-14cf-4df1-af52-b967c7424cdf: Started
2023-02-14 08:18:58,200 [EndpointStateMachine task thread for /0.0.0.0:38353 - 0 ] INFO  ratis.XceiverServerRatis (XceiverServerRatis.java:getRealPort(544)) - XceiverServerRatis beec9a9c-14cf-4df1-af52-b967c7424cdf is started using port 42807 for RATIS_SERVER
2023-02-14 08:18:58,200 [EndpointStateMachine task thread for /0.0.0.0:38353 - 0 ] INFO  ratis.XceiverServerRatis (XceiverServerRatis.java:getRealPort(544)) - XceiverServerRatis beec9a9c-14cf-4df1-af52-b967c7424cdf is started using port 40995 for RATIS_DATASTREAM
2023-02-14 08:18:58,202 [EndpointStateMachine task thread for /0.0.0.0:38353 - 0 ] INFO  server.XceiverServerGrpc (XceiverServerGrpc.java:start(180)) - XceiverServerGrpc beec9a9c-14cf-4df1-af52-b967c7424cdf is started using port 38971
2023-02-14 08:18:58,531 [Listener at 127.0.0.1/32845] INFO  ozone.MiniOzoneClusterImpl (MiniOzoneClusterImpl.java:lambda$waitForClusterToBeReady$0(218)) - Waiting for nodes to be ready. Got 0 of 5 DN Heartbeats.
2023-02-14 08:18:58,531 [Listener at 127.0.0.1/32845] INFO  ozone.MiniOzoneClusterImpl (MiniOzoneClusterImpl.java:lambda$waitForClusterToBeReady$0(221)) - Waiting for cluster to exit safe mode
2023-02-14 08:18:58,531 [Listener at 127.0.0.1/32845] INFO  ozone.MiniOzoneClusterImpl (MiniOzoneClusterImpl.java:lambda$waitForClusterToBeReady$0(223)) - SCM became leader
2023-02-14 08:18:58,564 [EndpointStateMachine task thread for /0.0.0.0:38353 - 0 ] INFO  utils.DatanodeStoreCache (DatanodeStoreCache.java:addDB(58)) - Added db /home/runner/work/ozone/ozone/hadoop-ozone/integration-test/target/test-dir/MiniOzoneClusterImpl-9064264e-2b58-4737-9fe3-fdda8e014d69/datanode-4/data-0/containers/hdds/9064264e-2b58-4737-9fe3-fdda8e014d69/DS-3fd5b413-75a9-4a86-971c-4babd803316b/container.db to cache
2023-02-14 08:18:58,564 [EndpointStateMachine task thread for /0.0.0.0:38353 - 0 ] INFO  volume.HddsVolume (HddsVolume.java:createDbStore(331)) - SchemaV3 db is created and loaded at /home/runner/work/ozone/ozone/hadoop-ozone/integration-test/target/test-dir/MiniOzoneClusterImpl-9064264e-2b58-4737-9fe3-fdda8e014d69/datanode-4/data-0/containers/hdds/9064264e-2b58-4737-9fe3-fdda8e014d69/DS-3fd5b413-75a9-4a86-971c-4babd803316b/container.db for volume DS-3fd5b413-75a9-4a86-971c-4babd803316b
2023-02-14 08:18:58,564 [EndpointStateMachine task thread for /0.0.0.0:38353 - 0 ] INFO  ozoneimpl.OzoneContainer (OzoneContainer.java:start(398)) - Attempting to start container services.
2023-02-14 08:18:58,564 [EndpointStateMachine task thread for /0.0.0.0:38353 - 0 ] INFO  ozoneimpl.OzoneContainer (OzoneContainer.java:startContainerScrub(315)) - Scheduled background container scanners and the on-demand container scanner have been disabled.
2023-02-14 08:18:58,566 [EndpointStateMachine task thread for /0.0.0.0:38353 - 0 ] INFO  replication.ReplicationServer (ReplicationServer.java:start(109)) - ReplicationServer is started using port 40165
2023-02-14 08:18:58,566 [EndpointStateMachine task thread for /0.0.0.0:38353 - 0 ] INFO  ratis.XceiverServerRatis (XceiverServerRatis.java:start(518)) - Starting XceiverServerRatis 756d89f1-fb04-4866-b61e-06654fd6a7ad
2023-02-14 08:18:58,567 [EndpointStateMachine task thread for /0.0.0.0:38353 - 0 ] INFO  server.RaftServer (RaftServerProxy.java:startImpl(393)) - 756d89f1-fb04-4866-b61e-06654fd6a7ad: start RPC server
2023-02-14 08:18:58,568 [EndpointStateMachine task thread for /0.0.0.0:38353 - 0 ] INFO  server.GrpcService (GrpcService.java:startImpl(262)) - 756d89f1-fb04-4866-b61e-06654fd6a7ad: GrpcService started, listening on 35271
2023-02-14 08:18:58,569 [EndpointStateMachine task thread for /0.0.0.0:38353 - 0 ] INFO  ratis.XceiverServerRatis (XceiverServerRatis.java:getRealPort(544)) - XceiverServerRatis 756d89f1-fb04-4866-b61e-06654fd6a7ad is started using port 35271 for RATIS
2023-02-14 08:18:58,569 [EndpointStateMachine task thread for /0.0.0.0:38353 - 0 ] INFO  ratis.XceiverServerRatis (XceiverServerRatis.java:getRealPort(544)) - XceiverServerRatis 756d89f1-fb04-4866-b61e-06654fd6a7ad is started using port 35271 for RATIS_ADMIN
2023-02-14 08:18:58,569 [EndpointStateMachine task thread for /0.0.0.0:38353 - 0 ] INFO  ratis.XceiverServerRatis (XceiverServerRatis.java:getRealPort(544)) - XceiverServerRatis 756d89f1-fb04-4866-b61e-06654fd6a7ad is started using port 35271 for RATIS_SERVER
2023-02-14 08:18:58,569 [EndpointStateMachine task thread for /0.0.0.0:38353 - 0 ] INFO  ratis.XceiverServerRatis (XceiverServerRatis.java:getRealPort(544)) - XceiverServerRatis 756d89f1-fb04-4866-b61e-06654fd6a7ad is started using port 33675 for RATIS_DATASTREAM
2023-02-14 08:18:58,569 [JvmPauseMonitor16] INFO  util.JvmPauseMonitor (JvmPauseMonitor.java:run(105)) - JvmPauseMonitor-756d89f1-fb04-4866-b61e-06654fd6a7ad: Started
2023-02-14 08:18:58,573 [EndpointStateMachine task thread for /0.0.0.0:38353 - 0 ] INFO  server.XceiverServerGrpc (XceiverServerGrpc.java:start(180)) - XceiverServerGrpc 756d89f1-fb04-4866-b61e-06654fd6a7ad is started using port 34305
2023-02-14 08:18:59,192 [IPC Server handler 2 on default port 38353] INFO  net.NetworkTopologyImpl (NetworkTopologyImpl.java:add(112)) - Added a new node: /default-rack/6d5fd74e-c16c-4183-9ec8-8461f8bdbc47
2023-02-14 08:18:59,192 [IPC Server handler 2 on default port 38353] INFO  node.SCMNodeManager (SCMNodeManager.java:register(397)) - Registered Data node : 6d5fd74e-c16c-4183-9ec8-8461f8bdbc47{ip: 10.1.0.19, host: fv-az476-382.2mevl5kwmm3ezivwarakluutxb.phxx.internal.cloudapp.net, ports: [REPLICATION=44919, RATIS=44947, RATIS_ADMIN=44947, RATIS_SERVER=44947, RATIS_DATASTREAM=34443, STANDALONE=34317], networkLocation: /default-rack, certSerialId: null, persistedOpState: null, persistedOpStateExpiryEpochSec: 0}
2023-02-14 08:18:59,195 [EventQueue-NodeRegistrationContainerReportForDataNodeSafeModeRule] INFO  safemode.SCMSafeModeManager (DataNodeSafeModeRule.java:process(71)) - SCM in safe mode. 1 DataNodes registered, 3 required.
2023-02-14 08:18:59,196 [EventQueue-NewNodeForNewNodeHandler] INFO  pipeline.BackgroundPipelineCreator (BackgroundPipelineCreator.java:notifyEventTriggered(276)) - trigger a one-shot run on RatisPipelineUtilsThread.
2023-02-14 08:18:59,196 [RatisPipelineUtilsThread - 0] INFO  pipeline.RatisPipelineProvider (RatisPipelineProvider.java:lambda$create$0(206)) - Sending CreatePipelineCommand for pipeline:PipelineID=938027b9-8f18-46f4-a21b-5a03dc53f6a6 to datanode:6d5fd74e-c16c-4183-9ec8-8461f8bdbc47
2023-02-14 08:18:59,197 [RatisPipelineUtilsThread - 0] INFO  pipeline.PipelineStateManagerImpl (PipelineStateManagerImpl.java:addPipeline(103)) - Created pipeline Pipeline[ Id: 938027b9-8f18-46f4-a21b-5a03dc53f6a6, Nodes: 6d5fd74e-c16c-4183-9ec8-8461f8bdbc47(fv-az476-382.2mevl5kwmm3ezivwarakluutxb.phxx.internal.cloudapp.net/10.1.0.19), ReplicationConfig: RATIS/ONE, State:ALLOCATED, leaderId:, CreationTimestamp2023-02-14T08:18:59.196Z[Etc/UTC]].
2023-02-14 08:18:59,198 [EventQueue-NodeRegistrationContainerReportForContainerSafeModeRule] INFO  safemode.SCMSafeModeManager (SCMSafeModeManager.java:validateSafeModeExitRules(200)) - ContainerSafeModeRule rule is successfully validated
2023-02-14 08:18:59,199 [EventQueue-PipelineReportForOneReplicaPipelineSafeModeRule] INFO  safemode.SCMSafeModeManager (SCMSafeModeManager.java:validateSafeModeExitRules(200)) - AtleastOneDatanodeReportedRule rule is successfully validated
2023-02-14 08:18:59,531 [Listener at 127.0.0.1/32845] INFO  ozone.MiniOzoneClusterImpl (MiniOzoneClusterImpl.java:lambda$waitForClusterToBeReady$0(218)) - Waiting for nodes to be ready. Got 1 of 5 DN Heartbeats.
2023-02-14 08:18:59,531 [Listener at 127.0.0.1/32845] INFO  ozone.MiniOzoneClusterImpl (MiniOzoneClusterImpl.java:lambda$waitForClusterToBeReady$0(221)) - Waiting for cluster to exit safe mode
2023-02-14 08:18:59,531 [Listener at 127.0.0.1/32845] INFO  ozone.MiniOzoneClusterImpl (MiniOzoneClusterImpl.java:lambda$waitForClusterToBeReady$0(223)) - SCM became leader
2023-02-14 08:18:59,532 [IPC Server handler 1 on default port 38353] INFO  net.NetworkTopologyImpl (NetworkTopologyImpl.java:add(112)) - Added a new node: /default-rack/0910efe8-a84f-4250-8aec-2e536a9734d2
2023-02-14 08:18:59,532 [IPC Server handler 1 on default port 38353] INFO  node.SCMNodeManager (SCMNodeManager.java:register(397)) - Registered Data node : 0910efe8-a84f-4250-8aec-2e536a9734d2{ip: 10.1.0.19, host: fv-az476-382.2mevl5kwmm3ezivwarakluutxb.phxx.internal.cloudapp.net, ports: [REPLICATION=40509, RATIS=39335, RATIS_ADMIN=39335, RATIS_SERVER=39335, RATIS_DATASTREAM=34839, STANDALONE=42393], networkLocation: /default-rack, certSerialId: null, persistedOpState: null, persistedOpStateExpiryEpochSec: 0}
2023-02-14 08:18:59,533 [EventQueue-NewNodeForNewNodeHandler] INFO  pipeline.BackgroundPipelineCreator (BackgroundPipelineCreator.java:notifyEventTriggered(276)) - trigger a one-shot run on RatisPipelineUtilsThread.
2023-02-14 08:18:59,533 [EventQueue-NodeRegistrationContainerReportForDataNodeSafeModeRule] INFO  safemode.SCMSafeModeManager (DataNodeSafeModeRule.java:process(71)) - SCM in safe mode. 2 DataNodes registered, 3 required.
2023-02-14 08:18:59,533 [RatisPipelineUtilsThread - 0] INFO  pipeline.RatisPipelineProvider (RatisPipelineProvider.java:lambda$create$0(206)) - Sending CreatePipelineCommand for pipeline:PipelineID=095b0e96-1f79-4a3c-a5f2-fe11b043da55 to datanode:0910efe8-a84f-4250-8aec-2e536a9734d2
2023-02-14 08:18:59,533 [RatisPipelineUtilsThread - 0] INFO  pipeline.PipelineStateManagerImpl (PipelineStateManagerImpl.java:addPipeline(103)) - Created pipeline Pipeline[ Id: 095b0e96-1f79-4a3c-a5f2-fe11b043da55, Nodes: 0910efe8-a84f-4250-8aec-2e536a9734d2(fv-az476-382.2mevl5kwmm3ezivwarakluutxb.phxx.internal.cloudapp.net/10.1.0.19), ReplicationConfig: RATIS/ONE, State:ALLOCATED, leaderId:, CreationTimestamp2023-02-14T08:18:59.533Z[Etc/UTC]].
2023-02-14 08:18:59,857 [IPC Server handler 3 on default port 38353] INFO  net.NetworkTopologyImpl (NetworkTopologyImpl.java:add(112)) - Added a new node: /default-rack/23624866-2448-40b4-b246-86425eff7cca
2023-02-14 08:18:59,857 [IPC Server handler 3 on default port 38353] INFO  node.SCMNodeManager (SCMNodeManager.java:register(397)) - Registered Data node : 23624866-2448-40b4-b246-86425eff7cca{ip: 10.1.0.19, host: fv-az476-382.2mevl5kwmm3ezivwarakluutxb.phxx.internal.cloudapp.net, ports: [REPLICATION=38837, RATIS=37675, RATIS_ADMIN=37675, RATIS_SERVER=37675, RATIS_DATASTREAM=40961, STANDALONE=44785], networkLocation: /default-rack, certSerialId: null, persistedOpState: null, persistedOpStateExpiryEpochSec: 0}
2023-02-14 08:18:59,858 [EventQueue-NodeRegistrationContainerReportForDataNodeSafeModeRule] INFO  safemode.SCMSafeModeManager (DataNodeSafeModeRule.java:process(71)) - SCM in safe mode. 3 DataNodes registered, 3 required.
2023-02-14 08:18:59,858 [EventQueue-NodeRegistrationContainerReportForDataNodeSafeModeRule] INFO  safemode.SCMSafeModeManager (SCMSafeModeManager.java:validateSafeModeExitRules(200)) - DataNodeSafeModeRule rule is successfully validated
2023-02-14 08:18:59,858 [EventQueue-NodeRegistrationContainerReportForDataNodeSafeModeRule] INFO  safemode.SCMSafeModeManager (SCMSafeModeManager.java:completePreCheck(229)) - All SCM safe mode pre check rules have passed
2023-02-14 08:18:59,858 [EventQueue-NodeRegistrationContainerReportForDataNodeSafeModeRule] INFO  ha.SCMContext (SCMContext.java:updateSafeModeStatus(228)) - Update SafeModeStatus from SafeModeStatus{safeModeStatus=true, preCheckPassed=false} to SafeModeStatus{safeModeStatus=true, preCheckPassed=true}.
2023-02-14 08:18:59,858 [EventQueue-NodeRegistrationContainerReportForDataNodeSafeModeRule] INFO  pipeline.BackgroundPipelineCreator (BackgroundPipelineCreator.java:notifyEventTriggered(276)) - trigger a one-shot run on RatisPipelineUtilsThread.
2023-02-14 08:18:59,858 [RatisPipelineUtilsThread - 0] INFO  pipeline.RatisPipelineProvider (RatisPipelineProvider.java:lambda$create$0(206)) - Sending CreatePipelineCommand for pipeline:PipelineID=a140a3da-e262-43c7-a7ad-e8982b25e58d to datanode:23624866-2448-40b4-b246-86425eff7cca
2023-02-14 08:18:59,858 [RatisPipelineUtilsThread - 0] INFO  pipeline.PipelineStateManagerImpl (PipelineStateManagerImpl.java:addPipeline(103)) - Created pipeline Pipeline[ Id: a140a3da-e262-43c7-a7ad-e8982b25e58d, Nodes: 23624866-2448-40b4-b246-86425eff7cca(fv-az476-382.2mevl5kwmm3ezivwarakluutxb.phxx.internal.cloudapp.net/10.1.0.19), ReplicationConfig: RATIS/ONE, State:ALLOCATED, leaderId:, CreationTimestamp2023-02-14T08:18:59.858Z[Etc/UTC]].
2023-02-14 08:18:59,859 [RatisPipelineUtilsThread - 0] INFO  pipeline.RatisPipelineProvider (RatisPipelineProvider.java:lambda$create$0(206)) - Sending CreatePipelineCommand for pipeline:PipelineID=8385c9fe-b4c7-4b4e-99aa-1934ea50bfdd to datanode:23624866-2448-40b4-b246-86425eff7cca
2023-02-14 08:18:59,859 [RatisPipelineUtilsThread - 0] INFO  pipeline.RatisPipelineProvider (RatisPipelineProvider.java:lambda$create$0(206)) - Sending CreatePipelineCommand for pipeline:PipelineID=8385c9fe-b4c7-4b4e-99aa-1934ea50bfdd to datanode:6d5fd74e-c16c-4183-9ec8-8461f8bdbc47
2023-02-14 08:18:59,859 [RatisPipelineUtilsThread - 0] INFO  pipeline.RatisPipelineProvider (RatisPipelineProvider.java:lambda$create$0(206)) - Sending CreatePipelineCommand for pipeline:PipelineID=8385c9fe-b4c7-4b4e-99aa-1934ea50bfdd to datanode:0910efe8-a84f-4250-8aec-2e536a9734d2
2023-02-14 08:18:59,859 [RatisPipelineUtilsThread - 0] INFO  pipeline.PipelineStateManagerImpl (PipelineStateManagerImpl.java:addPipeline(103)) - Created pipeline Pipeline[ Id: 8385c9fe-b4c7-4b4e-99aa-1934ea50bfdd, Nodes: 23624866-2448-40b4-b246-86425eff7cca(fv-az476-382.2mevl5kwmm3ezivwarakluutxb.phxx.internal.cloudapp.net/10.1.0.19)6d5fd74e-c16c-4183-9ec8-8461f8bdbc47(fv-az476-382.2mevl5kwmm3ezivwarakluutxb.phxx.internal.cloudapp.net/10.1.0.19)0910efe8-a84f-4250-8aec-2e536a9734d2(fv-az476-382.2mevl5kwmm3ezivwarakluutxb.phxx.internal.cloudapp.net/10.1.0.19), ReplicationConfig: RATIS/THREE, State:ALLOCATED, leaderId:, CreationTimestamp2023-02-14T08:18:59.859Z[Etc/UTC]].
2023-02-14 08:18:59,859 [RatisPipelineUtilsThread - 0] INFO  pipeline.RatisPipelineProvider (RatisPipelineProvider.java:lambda$create$0(206)) - Sending CreatePipelineCommand for pipeline:PipelineID=c89f4c09-8464-4957-aa73-0b30b5cac9a3 to datanode:6d5fd74e-c16c-4183-9ec8-8461f8bdbc47
2023-02-14 08:18:59,859 [RatisPipelineUtilsThread - 0] INFO  pipeline.RatisPipelineProvider (RatisPipelineProvider.java:lambda$create$0(206)) - Sending CreatePipelineCommand for pipeline:PipelineID=c89f4c09-8464-4957-aa73-0b30b5cac9a3 to datanode:23624866-2448-40b4-b246-86425eff7cca
2023-02-14 08:18:59,859 [RatisPipelineUtilsThread - 0] INFO  pipeline.RatisPipelineProvider (RatisPipelineProvider.java:lambda$create$0(206)) - Sending CreatePipelineCommand for pipeline:PipelineID=c89f4c09-8464-4957-aa73-0b30b5cac9a3 to datanode:0910efe8-a84f-4250-8aec-2e536a9734d2
2023-02-14 08:18:59,860 [RatisPipelineUtilsThread - 0] INFO  pipeline.PipelineStateManagerImpl (PipelineStateManagerImpl.java:addPipeline(103)) - Created pipeline Pipeline[ Id: c89f4c09-8464-4957-aa73-0b30b5cac9a3, Nodes: 6d5fd74e-c16c-4183-9ec8-8461f8bdbc47(fv-az476-382.2mevl5kwmm3ezivwarakluutxb.phxx.internal.cloudapp.net/10.1.0.19)23624866-2448-40b4-b246-86425eff7cca(fv-az476-382.2mevl5kwmm3ezivwarakluutxb.phxx.internal.cloudapp.net/10.1.0.19)0910efe8-a84f-4250-8aec-2e536a9734d2(fv-az476-382.2mevl5kwmm3ezivwarakluutxb.phxx.internal.cloudapp.net/10.1.0.19), ReplicationConfig: RATIS/THREE, State:ALLOCATED, leaderId:, CreationTimestamp2023-02-14T08:18:59.859Z[Etc/UTC]].
2023-02-14 08:18:59,860 [RatisPipelineUtilsThread - 0] INFO  pipeline.PipelineManagerImpl (PipelineManagerImpl.java:recordMetricsForPipeline(826)) - Pipeline: PipelineID=c89f4c09-8464-4957-aa73-0b30b5cac9a3 contains same datanodes as previous pipelines: PipelineID=8385c9fe-b4c7-4b4e-99aa-1934ea50bfdd nodeIds: 6d5fd74e-c16c-4183-9ec8-8461f8bdbc47, 23624866-2448-40b4-b246-86425eff7cca, 0910efe8-a84f-4250-8aec-2e536a9734d2
2023-02-14 08:18:59,860 [RatisPipelineUtilsThread - 0] WARN  pipeline.PipelinePlacementPolicy (PipelinePlacementPolicy.java:filterViableNodes(158)) - Pipeline creation failed due to no sufficient healthy datanodes. Required 3. Found 0.
2023-02-14 08:18:59,860 [EventQueue-NewNodeForNewNodeHandler] INFO  pipeline.BackgroundPipelineCreator (BackgroundPipelineCreator.java:notifyEventTriggered(276)) - trigger a one-shot run on RatisPipelineUtilsThread.
2023-02-14 08:18:59,860 [RatisPipelineUtilsThread - 0] WARN  pipeline.PipelinePlacementPolicy (PipelinePlacementPolicy.java:filterViableNodes(158)) - Pipeline creation failed due to no sufficient healthy datanodes. Required 3. Found 0.
2023-02-14 08:19:00,174 [IPC Server handler 0 on default port 38353] INFO  net.NetworkTopologyImpl (NetworkTopologyImpl.java:add(112)) - Added a new node: /default-rack/beec9a9c-14cf-4df1-af52-b967c7424cdf
2023-02-14 08:19:00,174 [IPC Server handler 0 on default port 38353] INFO  node.SCMNodeManager (SCMNodeManager.java:register(397)) - Registered Data node : beec9a9c-14cf-4df1-af52-b967c7424cdf{ip: 10.1.0.19, host: fv-az476-382.2mevl5kwmm3ezivwarakluutxb.phxx.internal.cloudapp.net, ports: [REPLICATION=45125, RATIS=42807, RATIS_ADMIN=42807, RATIS_SERVER=42807, RATIS_DATASTREAM=40995, STANDALONE=38971], networkLocation: /default-rack, certSerialId: null, persistedOpState: null, persistedOpStateExpiryEpochSec: 0}
2023-02-14 08:19:00,174 [EventQueue-NewNodeForNewNodeHandler] INFO  pipeline.BackgroundPipelineCreator (BackgroundPipelineCreator.java:notifyEventTriggered(276)) - trigger a one-shot run on RatisPipelineUtilsThread.
2023-02-14 08:19:00,175 [RatisPipelineUtilsThread - 0] INFO  pipeline.RatisPipelineProvider (RatisPipelineProvider.java:lambda$create$0(206)) - Sending CreatePipelineCommand for pipeline:PipelineID=af5c0488-4395-4336-b7c2-7a84499aa605 to datanode:beec9a9c-14cf-4df1-af52-b967c7424cdf
2023-02-14 08:19:00,176 [RatisPipelineUtilsThread - 0] INFO  pipeline.PipelineStateManagerImpl (PipelineStateManagerImpl.java:addPipeline(103)) - Created pipeline Pipeline[ Id: af5c0488-4395-4336-b7c2-7a84499aa605, Nodes: beec9a9c-14cf-4df1-af52-b967c7424cdf(fv-az476-382.2mevl5kwmm3ezivwarakluutxb.phxx.internal.cloudapp.net/10.1.0.19), ReplicationConfig: RATIS/ONE, State:ALLOCATED, leaderId:, CreationTimestamp2023-02-14T08:19:00.175Z[Etc/UTC]].
2023-02-14 08:19:00,176 [RatisPipelineUtilsThread - 0] WARN  pipeline.PipelinePlacementPolicy (PipelinePlacementPolicy.java:filterViableNodes(158)) - Pipeline creation failed due to no sufficient healthy datanodes. Required 3. Found 1.
2023-02-14 08:19:00,531 [Listener at 127.0.0.1/32845] INFO  ozone.MiniOzoneClusterImpl (MiniOzoneClusterImpl.java:lambda$waitForClusterToBeReady$0(218)) - Waiting for nodes to be ready. Got 4 of 5 DN Heartbeats.
2023-02-14 08:19:00,532 [Listener at 127.0.0.1/32845] INFO  ozone.MiniOzoneClusterImpl (MiniOzoneClusterImpl.java:lambda$waitForClusterToBeReady$0(221)) - Waiting for cluster to exit safe mode
2023-02-14 08:19:00,532 [Listener at 127.0.0.1/32845] INFO  ozone.MiniOzoneClusterImpl (MiniOzoneClusterImpl.java:lambda$waitForClusterToBeReady$0(223)) - SCM became leader
2023-02-14 08:19:00,542 [IPC Server handler 3 on default port 38353] INFO  net.NetworkTopologyImpl (NetworkTopologyImpl.java:add(112)) - Added a new node: /default-rack/756d89f1-fb04-4866-b61e-06654fd6a7ad
2023-02-14 08:19:00,542 [IPC Server handler 3 on default port 38353] INFO  node.SCMNodeManager (SCMNodeManager.java:register(397)) - Registered Data node : 756d89f1-fb04-4866-b61e-06654fd6a7ad{ip: 10.1.0.19, host: fv-az476-382.2mevl5kwmm3ezivwarakluutxb.phxx.internal.cloudapp.net, ports: [REPLICATION=40165, RATIS=35271, RATIS_ADMIN=35271, RATIS_SERVER=35271, RATIS_DATASTREAM=33675, STANDALONE=34305], networkLocation: /default-rack, certSerialId: null, persistedOpState: null, persistedOpStateExpiryEpochSec: 0}
2023-02-14 08:19:00,542 [EventQueue-NewNodeForNewNodeHandler] INFO  pipeline.BackgroundPipelineCreator (BackgroundPipelineCreator.java:notifyEventTriggered(276)) - trigger a one-shot run on RatisPipelineUtilsThread.
2023-02-14 08:19:00,542 [RatisPipelineUtilsThread - 0] INFO  pipeline.RatisPipelineProvider (RatisPipelineProvider.java:lambda$create$0(206)) - Sending CreatePipelineCommand for pipeline:PipelineID=d69f4cec-f981-4806-b9c7-159cc4caebb2 to datanode:756d89f1-fb04-4866-b61e-06654fd6a7ad
2023-02-14 08:19:00,543 [RatisPipelineUtilsThread - 0] INFO  pipeline.PipelineStateManagerImpl (PipelineStateManagerImpl.java:addPipeline(103)) - Created pipeline Pipeline[ Id: d69f4cec-f981-4806-b9c7-159cc4caebb2, Nodes: 756d89f1-fb04-4866-b61e-06654fd6a7ad(fv-az476-382.2mevl5kwmm3ezivwarakluutxb.phxx.internal.cloudapp.net/10.1.0.19), ReplicationConfig: RATIS/ONE, State:ALLOCATED, leaderId:, CreationTimestamp2023-02-14T08:19:00.542Z[Etc/UTC]].
2023-02-14 08:19:00,544 [RatisPipelineUtilsThread - 0] WARN  pipeline.PipelinePlacementPolicy (PipelinePlacementPolicy.java:filterViableNodes(158)) - Pipeline creation failed due to no sufficient healthy datanodes. Required 3. Found 2.
2023-02-14 08:19:01,532 [Listener at 127.0.0.1/32845] INFO  ozone.MiniOzoneClusterImpl (MiniOzoneClusterImpl.java:lambda$waitForClusterToBeReady$0(218)) - Nodes are ready. Got 5 of 5 DN Heartbeats.
2023-02-14 08:19:01,532 [Listener at 127.0.0.1/32845] INFO  ozone.MiniOzoneClusterImpl (MiniOzoneClusterImpl.java:lambda$waitForClusterToBeReady$0(221)) - Waiting for cluster to exit safe mode
2023-02-14 08:19:01,532 [Listener at 127.0.0.1/32845] INFO  ozone.MiniOzoneClusterImpl (MiniOzoneClusterImpl.java:lambda$waitForClusterToBeReady$0(223)) - SCM became leader
2023-02-14 08:19:02,191 [Command processor thread] INFO  server.RaftServer (RaftServerProxy.java:addNew(96)) - 6d5fd74e-c16c-4183-9ec8-8461f8bdbc47: addNew group-5A03DC53F6A6:[6d5fd74e-c16c-4183-9ec8-8461f8bdbc47|rpc:10.1.0.19:44947|dataStream:10.1.0.19:34443|priority:1|startupRole:FOLLOWER] returns group-5A03DC53F6A6:java.util.concurrent.CompletableFuture@6868914e[Not completed]
2023-02-14 08:19:02,192 [pool-481-thread-1] INFO  server.RaftServer$Division (RaftServerImpl.java:<init>(195)) - 6d5fd74e-c16c-4183-9ec8-8461f8bdbc47: new RaftServerImpl for group-5A03DC53F6A6:[6d5fd74e-c16c-4183-9ec8-8461f8bdbc47|rpc:10.1.0.19:44947|dataStream:10.1.0.19:34443|priority:1|startupRole:FOLLOWER] with ContainerStateMachine:uninitialized
2023-02-14 08:19:02,192 [pool-481-thread-1] INFO  server.RaftServerConfigKeys (ConfUtils.java:logGet(46)) - raft.server.rpc.timeout.min = 5s (custom)
2023-02-14 08:19:02,192 [pool-481-thread-1] INFO  server.RaftServerConfigKeys (ConfUtils.java:logGet(46)) - raft.server.rpc.timeout.max = 5200ms (custom)
2023-02-14 08:19:02,192 [pool-481-thread-1] INFO  server.RaftServerConfigKeys (ConfUtils.java:logGet(46)) - raft.server.rpc.sleep.time = 25ms (default)
2023-02-14 08:19:02,192 [pool-481-thread-1] INFO  server.RaftServerConfigKeys (ConfUtils.java:logGet(46)) - raft.server.rpc.slowness.timeout = 300s (custom)
2023-02-14 08:19:02,192 [pool-481-thread-1] INFO  server.RaftServerConfigKeys (ConfUtils.java:logGet(46)) - raft.server.leaderelection.leader.step-down.wait-time = 10s (default)
2023-02-14 08:19:02,193 [pool-481-thread-1] INFO  server.RaftServerConfigKeys (ConfUtils.java:logGet(46)) - raft.server.sleep.deviation.threshold = 300ms (default)
2023-02-14 08:19:02,193 [pool-481-thread-1] INFO  server.RaftServer$Division (ServerState.java:<init>(118)) - 6d5fd74e-c16c-4183-9ec8-8461f8bdbc47@group-5A03DC53F6A6: ConfigurationManager, init=-1: peers:[6d5fd74e-c16c-4183-9ec8-8461f8bdbc47|rpc:10.1.0.19:44947|dataStream:10.1.0.19:34443|priority:1|startupRole:FOLLOWER]|listeners:[], old=null, confs=<EMPTY_MAP>
2023-02-14 08:19:02,193 [pool-481-thread-1] INFO  server.RaftServerConfigKeys (ConfUtils.java:logGet(46)) - raft.server.storage.dir = [/home/runner/work/ozone/ozone/hadoop-ozone/integration-test/target/test-dir/MiniOzoneClusterImpl-9064264e-2b58-4737-9fe3-fdda8e014d69/datanode-0/data/ratis] (custom)
2023-02-14 08:19:02,193 [pool-481-thread-1] INFO  server.RaftServerConfigKeys (ConfUtils.java:logGet(46)) - raft.server.log.corruption.policy = EXCEPTION (default)
2023-02-14 08:19:02,193 [pool-481-thread-1] INFO  server.RaftServerConfigKeys (ConfUtils.java:logGet(46)) - raft.server.storage.free-space.min = 0MB (=0) (default)
2023-02-14 08:19:02,193 [pool-481-thread-1] INFO  server.RaftServerConfigKeys (ConfUtils.java:logGet(46)) - raft.server.notification.no-leader.timeout = 300s (custom)
2023-02-14 08:19:02,193 [pool-481-thread-1] INFO  server.RaftServerConfigKeys (ConfUtils.java:logGet(46)) - raft.server.retrycache.expirytime = 600000ms (custom)
2023-02-14 08:19:02,193 [pool-481-thread-1] INFO  server.RaftServerConfigKeys (ConfUtils.java:logGet(46)) - raft.server.retrycache.statistics.expirytime = 100μs (default)
2023-02-14 08:19:02,194 [pool-481-thread-1] INFO  server.RaftServerConfigKeys (ConfUtils.java:logGet(46)) - raft.server.log.appender.install.snapshot.enabled = false (custom)
2023-02-14 08:19:02,194 [pool-481-thread-1] INFO  server.RaftServerConfigKeys (ConfUtils.java:logGet(46)) - raft.server.threadpool.server.cached = true (default)
2023-02-14 08:19:02,194 [pool-481-thread-1] INFO  server.RaftServerConfigKeys (ConfUtils.java:logGet(46)) - raft.server.threadpool.server.size = 0 (default)
2023-02-14 08:19:02,194 [pool-481-thread-1] INFO  server.RaftServerConfigKeys (ConfUtils.java:logGet(46)) - raft.server.threadpool.client.cached = true (default)
2023-02-14 08:19:02,194 [pool-481-thread-1] INFO  server.RaftServerConfigKeys (ConfUtils.java:logGet(46)) - raft.server.threadpool.client.size = 0 (default)
2023-02-14 08:19:02,194 [pool-481-thread-1] INFO  storage.RaftStorageDirectory (RaftStorageDirectoryImpl.java:analyzeStorage(137)) - The storage directory /home/runner/work/ozone/ozone/hadoop-ozone/integration-test/target/test-dir/MiniOzoneClusterImpl-9064264e-2b58-4737-9fe3-fdda8e014d69/datanode-0/data/ratis/938027b9-8f18-46f4-a21b-5a03dc53f6a6 does not exist. Creating ...
2023-02-14 08:19:02,195 [pool-481-thread-1] INFO  storage.RaftStorageDirectory (RaftStorageDirectoryImpl.java:tryLock(231)) - Lock on /home/runner/work/ozone/ozone/hadoop-ozone/integration-test/target/test-dir/MiniOzoneClusterImpl-9064264e-2b58-4737-9fe3-fdda8e014d69/datanode-0/data/ratis/938027b9-8f18-46f4-a21b-5a03dc53f6a6/in_use.lock acquired by nodename 11911@fv-az476-382
2023-02-14 08:19:02,196 [pool-481-thread-1] INFO  storage.RaftStorage (RaftStorageImpl.java:format(96)) - Storage directory /home/runner/work/ozone/ozone/hadoop-ozone/integration-test/target/test-dir/MiniOzoneClusterImpl-9064264e-2b58-4737-9fe3-fdda8e014d69/datanode-0/data/ratis/938027b9-8f18-46f4-a21b-5a03dc53f6a6 has been successfully formatted.
2023-02-14 08:19:02,197 [pool-481-thread-1] INFO  ratis.ContainerStateMachine (ContainerStateMachine.java:loadSnapshot(240)) - group-5A03DC53F6A6: The snapshot info is null. Setting the last applied indexto:(t:0, i:~)
2023-02-14 08:19:02,197 [pool-481-thread-1] INFO  server.RaftServerConfigKeys (ConfUtils.java:logGet(46)) - raft.server.log.use.memory = false (default)
2023-02-14 08:19:02,197 [pool-481-thread-1] INFO  server.RaftServerConfigKeys (ConfUtils.java:logGet(46)) - raft.server.log.purge.gap = 1000000 (custom)
2023-02-14 08:19:02,197 [pool-481-thread-1] INFO  server.RaftServerConfigKeys (ConfUtils.java:logGet(46)) - raft.server.log.appender.buffer.byte-limit = 33554432 (custom)
2023-02-14 08:19:02,197 [pool-481-thread-1] INFO  server.RaftServerConfigKeys (ConfUtils.java:logGet(46)) - raft.server.log.statemachine.data.read.timeout = 1000ms (default)
2023-02-14 08:19:02,197 [pool-481-thread-1] INFO  server.RaftServerConfigKeys (ConfUtils.java:logGet(46)) - raft.server.log.purge.preservation.log.num = 0 (default)
2023-02-14 08:19:02,197 [pool-481-thread-1] INFO  server.RaftServerConfigKeys (ConfUtils.java:logGet(46)) - raft.server.log.segment.size.max = 1048576 (custom)
2023-02-14 08:19:02,197 [pool-481-thread-1] INFO  server.RaftServerConfigKeys (ConfUtils.java:logGet(46)) - raft.server.log.segment.cache.num.max = 2 (custom)
2023-02-14 08:19:02,197 [pool-481-thread-1] INFO  server.RaftServerConfigKeys (ConfUtils.java:logGet(46)) - raft.server.log.segment.cache.size.max = 200MB (=209715200) (default)
2023-02-14 08:19:02,197 [pool-481-thread-1] INFO  segmented.SegmentedRaftLogWorker (SegmentedRaftLogWorker.java:<init>(189)) - new 6d5fd74e-c16c-4183-9ec8-8461f8bdbc47@group-5A03DC53F6A6-SegmentedRaftLogWorker for RaftStorageImpl:Storage Directory /home/runner/work/ozone/ozone/hadoop-ozone/integration-test/target/test-dir/MiniOzoneClusterImpl-9064264e-2b58-4737-9fe3-fdda8e014d69/datanode-0/data/ratis/938027b9-8f18-46f4-a21b-5a03dc53f6a6
2023-02-14 08:19:02,197 [EventQueue-PipelineReportForPipelineReportHandler] INFO  pipeline.PipelineManagerImpl (PipelineManagerImpl.java:openPipeline(367)) - Pipeline Pipeline[ Id: 938027b9-8f18-46f4-a21b-5a03dc53f6a6, Nodes: 6d5fd74e-c16c-4183-9ec8-8461f8bdbc47(fv-az476-382.2mevl5kwmm3ezivwarakluutxb.phxx.internal.cloudapp.net/10.1.0.19), ReplicationConfig: RATIS/ONE, State:ALLOCATED, leaderId:6d5fd74e-c16c-4183-9ec8-8461f8bdbc47, CreationTimestamp2023-02-14T08:18:59.196Z[Etc/UTC]] moved to OPEN state
2023-02-14 08:19:02,197 [pool-481-thread-1] INFO  server.RaftServerConfigKeys (ConfUtils.java:logGet(46)) - raft.server.log.queue.byte-limit = 4294967296 (custom)
2023-02-14 08:19:02,197 [pool-481-thread-1] INFO  server.RaftServerConfigKeys (ConfUtils.java:logGet(46)) - raft.server.log.queue.element-limit = 1024 (custom)
2023-02-14 08:19:02,197 [pool-481-thread-1] INFO  server.RaftServerConfigKeys (ConfUtils.java:logGet(46)) - raft.server.log.segment.size.max = 1048576 (custom)
2023-02-14 08:19:02,197 [pool-481-thread-1] INFO  server.RaftServerConfigKeys (ConfUtils.java:logGet(46)) - raft.server.log.preallocated.size = 16384 (custom)
2023-02-14 08:19:02,197 [pool-481-thread-1] INFO  server.RaftServerConfigKeys (ConfUtils.java:logGet(46)) - raft.server.log.force.sync.num = 128 (default)
2023-02-14 08:19:02,197 [pool-481-thread-1] INFO  server.RaftServerConfigKeys (ConfUtils.java:logGet(46)) - raft.server.log.statemachine.data.sync = true (default)
2023-02-14 08:19:02,198 [pool-481-thread-1] INFO  server.RaftServerConfigKeys (ConfUtils.java:logGet(46)) - raft.server.log.statemachine.data.sync.timeout = 10s (default)
2023-02-14 08:19:02,198 [pool-481-thread-1] INFO  server.RaftServerConfigKeys (ConfUtils.java:logGet(46)) - raft.server.log.statemachine.data.sync.timeout.retry = -1 (default)
2023-02-14 08:19:02,199 [pool-481-thread-1] INFO  server.RaftServerConfigKeys (ConfUtils.java:logGet(46)) - raft.server.log.write.buffer.size = 1048576 (custom)
2023-02-14 08:19:02,199 [pool-481-thread-1] INFO  server.RaftServerConfigKeys (ConfUtils.java:logGet(46)) - raft.server.log.appender.buffer.byte-limit = 33554432 (custom)
2023-02-14 08:19:02,200 [EventQueue-OpenPipelineForHealthyPipelineSafeModeRule] INFO  safemode.SCMSafeModeManager (HealthyPipelineSafeModeRule.java:process(137)) - SCM in safe mode. Healthy pipelines reported count is 0, required healthy pipeline reported count is 1
2023-02-14 08:19:02,202 [pool-481-thread-1] INFO  server.RaftServerConfigKeys (ConfUtils.java:logGet(46)) - raft.server.log.unsafe-flush.enabled = false (default)
2023-02-14 08:19:02,202 [pool-481-thread-1] INFO  server.RaftServerConfigKeys (ConfUtils.java:logGet(46)) - raft.server.log.async-flush.enabled = false (default)
2023-02-14 08:19:02,202 [pool-481-thread-1] INFO  server.RaftServerConfigKeys (ConfUtils.java:logGet(46)) - raft.server.log.statemachine.data.caching.enabled = true (custom)
2023-02-14 08:19:02,202 [pool-481-thread-1] INFO  segmented.SegmentedRaftLogWorker (SegmentedRaftLogWorker.java:lambda$new$0(135)) - 6d5fd74e-c16c-4183-9ec8-8461f8bdbc47@group-5A03DC53F6A6-SegmentedRaftLogWorker: flushIndex: setUnconditionally 0 -> -1
2023-02-14 08:19:02,202 [pool-481-thread-1] INFO  segmented.SegmentedRaftLogWorker (SegmentedRaftLogWorker.java:lambda$new$0(135)) - 6d5fd74e-c16c-4183-9ec8-8461f8bdbc47@group-5A03DC53F6A6-SegmentedRaftLogWorker: safeCacheEvictIndex: setUnconditionally 0 -> -1
2023-02-14 08:19:02,203 [pool-481-thread-1] INFO  server.RaftServer$Division (RaftServerImpl.java:start(334)) - 6d5fd74e-c16c-4183-9ec8-8461f8bdbc47@group-5A03DC53F6A6: start as a follower, conf=-1: peers:[6d5fd74e-c16c-4183-9ec8-8461f8bdbc47|rpc:10.1.0.19:44947|dataStream:10.1.0.19:34443|priority:1|startupRole:FOLLOWER]|listeners:[], old=null
2023-02-14 08:19:02,203 [pool-481-thread-1] INFO  server.RaftServer$Division (RaftServerImpl.java:setRole(321)) - 6d5fd74e-c16c-4183-9ec8-8461f8bdbc47@group-5A03DC53F6A6: changes role from      null to FOLLOWER at term 0 for startAsFollower
2023-02-14 08:19:02,203 [pool-481-thread-1] INFO  impl.RoleInfo (RoleInfo.java:updateAndGet(139)) - 6d5fd74e-c16c-4183-9ec8-8461f8bdbc47: start 6d5fd74e-c16c-4183-9ec8-8461f8bdbc47@group-5A03DC53F6A6-FollowerState
2023-02-14 08:19:02,203 [pool-481-thread-1] INFO  util.JmxRegister (JmxRegister.java:tryRegister(44)) - Successfully registered JMX Bean with object name Ratis:service=RaftServer,group=group-5A03DC53F6A6,id=6d5fd74e-c16c-4183-9ec8-8461f8bdbc47
2023-02-14 08:19:02,203 [6d5fd74e-c16c-4183-9ec8-8461f8bdbc47@group-5A03DC53F6A6-FollowerState] INFO  server.RaftServerConfigKeys (ConfUtils.java:logFallback(53)) - raft.server.rpc.first-election.timeout.min = 5s (fallback to raft.server.rpc.timeout.min)
2023-02-14 08:19:02,203 [6d5fd74e-c16c-4183-9ec8-8461f8bdbc47@group-5A03DC53F6A6-FollowerState] INFO  server.RaftServerConfigKeys (ConfUtils.java:logFallback(53)) - raft.server.rpc.first-election.timeout.max = 5200ms (fallback to raft.server.rpc.timeout.max)
2023-02-14 08:19:02,203 [pool-481-thread-1] INFO  server.RaftServerConfigKeys (ConfUtils.java:logGet(46)) - raft.server.snapshot.auto.trigger.enabled = true (custom)
2023-02-14 08:19:02,210 [pool-481-thread-1] INFO  server.RaftServerConfigKeys (ConfUtils.java:logGet(46)) - raft.server.snapshot.auto.trigger.threshold = 10000 (custom)
2023-02-14 08:19:02,210 [pool-481-thread-1] INFO  server.RaftServerConfigKeys (ConfUtils.java:logGet(46)) - raft.server.snapshot.retention.file.num = 5 (custom)
2023-02-14 08:19:02,210 [pool-481-thread-1] INFO  server.RaftServerConfigKeys (ConfUtils.java:logGet(46)) - raft.server.log.purge.upto.snapshot.index = false (default)
2023-02-14 08:19:02,215 [Command processor thread] INFO  ratis.XceiverServerRatis (XceiverServerRatis.java:addGroup(807)) - Created group PipelineID=938027b9-8f18-46f4-a21b-5a03dc53f6a6
2023-02-14 08:19:02,215 [Command processor thread] INFO  commandhandler.CreatePipelineCommandHandler (CreatePipelineCommandHandler.java:handle(113)) - Created Pipeline RATIS ONE PipelineID=938027b9-8f18-46f4-a21b-5a03dc53f6a6.
2023-02-14 08:19:02,215 [Command processor thread] INFO  server.RaftServer (RaftServerProxy.java:addNew(96)) - 6d5fd74e-c16c-4183-9ec8-8461f8bdbc47: addNew group-1934EA50BFDD:[0910efe8-a84f-4250-8aec-2e536a9734d2|rpc:10.1.0.19:39335|dataStream:10.1.0.19:34839|priority:0|startupRole:FOLLOWER, 6d5fd74e-c16c-4183-9ec8-8461f8bdbc47|rpc:10.1.0.19:44947|dataStream:10.1.0.19:34443|priority:0|startupRole:FOLLOWER, 23624866-2448-40b4-b246-86425eff7cca|rpc:10.1.0.19:37675|dataStream:10.1.0.19:40961|priority:1|startupRole:FOLLOWER] returns group-1934EA50BFDD:java.util.concurrent.CompletableFuture@6c57089b[Not completed]
2023-02-14 08:19:02,216 [pool-481-thread-1] INFO  server.RaftServer$Division (RaftServerImpl.java:<init>(195)) - 6d5fd74e-c16c-4183-9ec8-8461f8bdbc47: new RaftServerImpl for group-1934EA50BFDD:[0910efe8-a84f-4250-8aec-2e536a9734d2|rpc:10.1.0.19:39335|dataStream:10.1.0.19:34839|priority:0|startupRole:FOLLOWER, 6d5fd74e-c16c-4183-9ec8-8461f8bdbc47|rpc:10.1.0.19:44947|dataStream:10.1.0.19:34443|priority:0|startupRole:FOLLOWER, 23624866-2448-40b4-b246-86425eff7cca|rpc:10.1.0.19:37675|dataStream:10.1.0.19:40961|priority:1|startupRole:FOLLOWER] with ContainerStateMachine:uninitialized
2023-02-14 08:19:02,216 [pool-481-thread-1] INFO  server.RaftServerConfigKeys (ConfUtils.java:logGet(46)) - raft.server.rpc.timeout.min = 5s (custom)
2023-02-14 08:19:02,216 [pool-481-thread-1] INFO  server.RaftServerConfigKeys (ConfUtils.java:logGet(46)) - raft.server.rpc.timeout.max = 5200ms (custom)
2023-02-14 08:19:02,216 [pool-481-thread-1] INFO  server.RaftServerConfigKeys (ConfUtils.java:logGet(46)) - raft.server.rpc.sleep.time = 25ms (default)
2023-02-14 08:19:02,216 [pool-481-thread-1] INFO  server.RaftServerConfigKeys (ConfUtils.java:logGet(46)) - raft.server.rpc.slowness.timeout = 300s (custom)
2023-02-14 08:19:02,216 [pool-481-thread-1] INFO  server.RaftServerConfigKeys (ConfUtils.java:logGet(46)) - raft.server.leaderelection.leader.step-down.wait-time = 10s (default)
2023-02-14 08:19:02,216 [pool-481-thread-1] INFO  server.RaftServerConfigKeys (ConfUtils.java:logGet(46)) - raft.server.sleep.deviation.threshold = 300ms (default)
2023-02-14 08:19:02,216 [pool-481-thread-1] INFO  server.RaftServer$Division (ServerState.java:<init>(118)) - 6d5fd74e-c16c-4183-9ec8-8461f8bdbc47@group-1934EA50BFDD: ConfigurationManager, init=-1: peers:[0910efe8-a84f-4250-8aec-2e536a9734d2|rpc:10.1.0.19:39335|dataStream:10.1.0.19:34839|priority:0|startupRole:FOLLOWER, 6d5fd74e-c16c-4183-9ec8-8461f8bdbc47|rpc:10.1.0.19:44947|dataStream:10.1.0.19:34443|priority:0|startupRole:FOLLOWER, 23624866-2448-40b4-b246-86425eff7cca|rpc:10.1.0.19:37675|dataStream:10.1.0.19:40961|priority:1|startupRole:FOLLOWER]|listeners:[], old=null, confs=<EMPTY_MAP>
2023-02-14 08:19:02,216 [pool-481-thread-1] INFO  server.RaftServerConfigKeys (ConfUtils.java:logGet(46)) - raft.server.storage.dir = [/home/runner/work/ozone/ozone/hadoop-ozone/integration-test/target/test-dir/MiniOzoneClusterImpl-9064264e-2b58-4737-9fe3-fdda8e014d69/datanode-0/data/ratis] (custom)
2023-02-14 08:19:02,216 [pool-481-thread-1] INFO  server.RaftServerConfigKeys (ConfUtils.java:logGet(46)) - raft.server.log.corruption.policy = EXCEPTION (default)
2023-02-14 08:19:02,217 [pool-481-thread-1] INFO  server.RaftServerConfigKeys (ConfUtils.java:logGet(46)) - raft.server.storage.free-space.min = 0MB (=0) (default)
2023-02-14 08:19:02,217 [pool-481-thread-1] INFO  server.RaftServerConfigKeys (ConfUtils.java:logGet(46)) - raft.server.notification.no-leader.timeout = 300s (custom)
2023-02-14 08:19:02,217 [pool-481-thread-1] INFO  server.RaftServerConfigKeys (ConfUtils.java:logGet(46)) - raft.server.retrycache.expirytime = 600000ms (custom)
2023-02-14 08:19:02,217 [pool-481-thread-1] INFO  server.RaftServerConfigKeys (ConfUtils.java:logGet(46)) - raft.server.retrycache.statistics.expirytime = 100μs (default)
2023-02-14 08:19:02,217 [pool-481-thread-1] INFO  server.RaftServerConfigKeys (ConfUtils.java:logGet(46)) - raft.server.log.appender.install.snapshot.enabled = false (custom)
2023-02-14 08:19:02,217 [pool-481-thread-1] INFO  server.RaftServerConfigKeys (ConfUtils.java:logGet(46)) - raft.server.threadpool.server.cached = true (default)
2023-02-14 08:19:02,217 [pool-481-thread-1] INFO  server.RaftServerConfigKeys (ConfUtils.java:logGet(46)) - raft.server.threadpool.server.size = 0 (default)
2023-02-14 08:19:02,217 [pool-481-thread-1] INFO  server.RaftServerConfigKeys (ConfUtils.java:logGet(46)) - raft.server.threadpool.client.cached = true (default)
2023-02-14 08:19:02,217 [pool-481-thread-1] INFO  server.RaftServerConfigKeys (ConfUtils.java:logGet(46)) - raft.server.threadpool.client.size = 0 (default)
2023-02-14 08:19:02,217 [pool-481-thread-1] INFO  storage.RaftStorageDirectory (RaftStorageDirectoryImpl.java:analyzeStorage(137)) - The storage directory /home/runner/work/ozone/ozone/hadoop-ozone/integration-test/target/test-dir/MiniOzoneClusterImpl-9064264e-2b58-4737-9fe3-fdda8e014d69/datanode-0/data/ratis/8385c9fe-b4c7-4b4e-99aa-1934ea50bfdd does not exist. Creating ...
2023-02-14 08:19:02,218 [pool-481-thread-1] INFO  storage.RaftStorageDirectory (RaftStorageDirectoryImpl.java:tryLock(231)) - Lock on /home/runner/work/ozone/ozone/hadoop-ozone/integration-test/target/test-dir/MiniOzoneClusterImpl-9064264e-2b58-4737-9fe3-fdda8e014d69/datanode-0/data/ratis/8385c9fe-b4c7-4b4e-99aa-1934ea50bfdd/in_use.lock acquired by nodename 11911@fv-az476-382
2023-02-14 08:19:02,223 [pool-481-thread-1] INFO  storage.RaftStorage (RaftStorageImpl.java:format(96)) - Storage directory /home/runner/work/ozone/ozone/hadoop-ozone/integration-test/target/test-dir/MiniOzoneClusterImpl-9064264e-2b58-4737-9fe3-fdda8e014d69/datanode-0/data/ratis/8385c9fe-b4c7-4b4e-99aa-1934ea50bfdd has been successfully formatted.
2023-02-14 08:19:02,224 [pool-481-thread-1] INFO  ratis.ContainerStateMachine (ContainerStateMachine.java:loadSnapshot(240)) - group-1934EA50BFDD: The snapshot info is null. Setting the last applied indexto:(t:0, i:~)
2023-02-14 08:19:02,224 [pool-481-thread-1] INFO  server.RaftServerConfigKeys (ConfUtils.java:logGet(46)) - raft.server.log.use.memory = false (default)
2023-02-14 08:19:02,224 [pool-481-thread-1] INFO  server.RaftServerConfigKeys (ConfUtils.java:logGet(46)) - raft.server.log.purge.gap = 1000000 (custom)
2023-02-14 08:19:02,224 [pool-481-thread-1] INFO  server.RaftServerConfigKeys (ConfUtils.java:logGet(46)) - raft.server.log.appender.buffer.byte-limit = 33554432 (custom)
2023-02-14 08:19:02,224 [pool-481-thread-1] INFO  server.RaftServerConfigKeys (ConfUtils.java:logGet(46)) - raft.server.log.statemachine.data.read.timeout = 1000ms (default)
2023-02-14 08:19:02,224 [pool-481-thread-1] INFO  server.RaftServerConfigKeys (ConfUtils.java:logGet(46)) - raft.server.log.purge.preservation.log.num = 0 (default)
2023-02-14 08:19:02,224 [pool-481-thread-1] INFO  server.RaftServerConfigKeys (ConfUtils.java:logGet(46)) - raft.server.log.segment.size.max = 1048576 (custom)
2023-02-14 08:19:02,224 [pool-481-thread-1] INFO  server.RaftServerConfigKeys (ConfUtils.java:logGet(46)) - raft.server.log.segment.cache.num.max = 2 (custom)
2023-02-14 08:19:02,224 [pool-481-thread-1] INFO  server.RaftServerConfigKeys (ConfUtils.java:logGet(46)) - raft.server.log.segment.cache.size.max = 200MB (=209715200) (default)
2023-02-14 08:19:02,224 [pool-481-thread-1] INFO  segmented.SegmentedRaftLogWorker (SegmentedRaftLogWorker.java:<init>(189)) - new 6d5fd74e-c16c-4183-9ec8-8461f8bdbc47@group-1934EA50BFDD-SegmentedRaftLogWorker for RaftStorageImpl:Storage Directory /home/runner/work/ozone/ozone/hadoop-ozone/integration-test/target/test-dir/MiniOzoneClusterImpl-9064264e-2b58-4737-9fe3-fdda8e014d69/datanode-0/data/ratis/8385c9fe-b4c7-4b4e-99aa-1934ea50bfdd
2023-02-14 08:19:02,224 [pool-481-thread-1] INFO  server.RaftServerConfigKeys (ConfUtils.java:logGet(46)) - raft.server.log.queue.byte-limit = 4294967296 (custom)
2023-02-14 08:19:02,224 [pool-481-thread-1] INFO  server.RaftServerConfigKeys (ConfUtils.java:logGet(46)) - raft.server.log.queue.element-limit = 1024 (custom)
2023-02-14 08:19:02,224 [pool-481-thread-1] INFO  server.RaftServerConfigKeys (ConfUtils.java:logGet(46)) - raft.server.log.segment.size.max = 1048576 (custom)
2023-02-14 08:19:02,224 [pool-481-thread-1] INFO  server.RaftServerConfigKeys (ConfUtils.java:logGet(46)) - raft.server.log.preallocated.size = 16384 (custom)
2023-02-14 08:19:02,225 [pool-481-thread-1] INFO  server.RaftServerConfigKeys (ConfUtils.java:logGet(46)) - raft.server.log.force.sync.num = 128 (default)
2023-02-14 08:19:02,225 [pool-481-thread-1] INFO  server.RaftServerConfigKeys (ConfUtils.java:logGet(46)) - raft.server.log.statemachine.data.sync = true (default)
2023-02-14 08:19:02,225 [pool-481-thread-1] INFO  server.RaftServerConfigKeys (ConfUtils.java:logGet(46)) - raft.server.log.statemachine.data.sync.timeout = 10s (default)
2023-02-14 08:19:02,225 [pool-481-thread-1] INFO  server.RaftServerConfigKeys (ConfUtils.java:logGet(46)) - raft.server.log.statemachine.data.sync.timeout.retry = -1 (default)
2023-02-14 08:19:02,225 [pool-481-thread-1] INFO  server.RaftServerConfigKeys (ConfUtils.java:logGet(46)) - raft.server.log.write.buffer.size = 1048576 (custom)
2023-02-14 08:19:02,225 [pool-481-thread-1] INFO  server.RaftServerConfigKeys (ConfUtils.java:logGet(46)) - raft.server.log.appender.buffer.byte-limit = 33554432 (custom)
2023-02-14 08:19:02,227 [EventQueue-OpenPipelineForHealthyPipelineSafeModeRule] INFO  safemode.SCMSafeModeManager (HealthyPipelineSafeModeRule.java:process(137)) - SCM in safe mode. Healthy pipelines reported count is 0, required healthy pipeline reported count is 1
2023-02-14 08:19:02,228 [pool-481-thread-1] INFO  server.RaftServerConfigKeys (ConfUtils.java:logGet(46)) - raft.server.log.unsafe-flush.enabled = false (default)
2023-02-14 08:19:02,229 [pool-481-thread-1] INFO  server.RaftServerConfigKeys (ConfUtils.java:logGet(46)) - raft.server.log.async-flush.enabled = false (default)
2023-02-14 08:19:02,229 [pool-481-thread-1] INFO  server.RaftServerConfigKeys (ConfUtils.java:logGet(46)) - raft.server.log.statemachine.data.caching.enabled = true (custom)
2023-02-14 08:19:02,229 [pool-481-thread-1] INFO  segmented.SegmentedRaftLogWorker (SegmentedRaftLogWorker.java:lambda$new$0(135)) - 6d5fd74e-c16c-4183-9ec8-8461f8bdbc47@group-1934EA50BFDD-SegmentedRaftLogWorker: flushIndex: setUnconditionally 0 -> -1
2023-02-14 08:19:02,229 [pool-481-thread-1] INFO  segmented.SegmentedRaftLogWorker (SegmentedRaftLogWorker.java:lambda$new$0(135)) - 6d5fd74e-c16c-4183-9ec8-8461f8bdbc47@group-1934EA50BFDD-SegmentedRaftLogWorker: safeCacheEvictIndex: setUnconditionally 0 -> -1
2023-02-14 08:19:02,229 [pool-481-thread-1] INFO  server.RaftServer$Division (RaftServerImpl.java:start(334)) - 6d5fd74e-c16c-4183-9ec8-8461f8bdbc47@group-1934EA50BFDD: start as a follower, conf=-1: peers:[0910efe8-a84f-4250-8aec-2e536a9734d2|rpc:10.1.0.19:39335|dataStream:10.1.0.19:34839|priority:0|startupRole:FOLLOWER, 6d5fd74e-c16c-4183-9ec8-8461f8bdbc47|rpc:10.1.0.19:44947|dataStream:10.1.0.19:34443|priority:0|startupRole:FOLLOWER, 23624866-2448-40b4-b246-86425eff7cca|rpc:10.1.0.19:37675|dataStream:10.1.0.19:40961|priority:1|startupRole:FOLLOWER]|listeners:[], old=null
2023-02-14 08:19:02,229 [pool-481-thread-1] INFO  server.RaftServer$Division (RaftServerImpl.java:setRole(321)) - 6d5fd74e-c16c-4183-9ec8-8461f8bdbc47@group-1934EA50BFDD: changes role from      null to FOLLOWER at term 0 for startAsFollower
2023-02-14 08:19:02,229 [pool-481-thread-1] INFO  impl.RoleInfo (RoleInfo.java:updateAndGet(139)) - 6d5fd74e-c16c-4183-9ec8-8461f8bdbc47: start 6d5fd74e-c16c-4183-9ec8-8461f8bdbc47@group-1934EA50BFDD-FollowerState
2023-02-14 08:19:02,229 [pool-481-thread-1] INFO  util.JmxRegister (JmxRegister.java:tryRegister(44)) - Successfully registered JMX Bean with object name Ratis:service=RaftServer,group=group-1934EA50BFDD,id=6d5fd74e-c16c-4183-9ec8-8461f8bdbc47
2023-02-14 08:19:02,229 [pool-481-thread-1] INFO  server.RaftServerConfigKeys (ConfUtils.java:logGet(46)) - raft.server.snapshot.auto.trigger.enabled = true (custom)
2023-02-14 08:19:02,229 [pool-481-thread-1] INFO  server.RaftServerConfigKeys (ConfUtils.java:logGet(46)) - raft.server.snapshot.auto.trigger.threshold = 10000 (custom)
2023-02-14 08:19:02,229 [pool-481-thread-1] INFO  server.RaftServerConfigKeys (ConfUtils.java:logGet(46)) - raft.server.snapshot.retention.file.num = 5 (custom)
2023-02-14 08:19:02,229 [pool-481-thread-1] INFO  server.RaftServerConfigKeys (ConfUtils.java:logGet(46)) - raft.server.log.purge.upto.snapshot.index = false (default)
2023-02-14 08:19:02,230 [6d5fd74e-c16c-4183-9ec8-8461f8bdbc47@group-1934EA50BFDD-FollowerState] INFO  server.RaftServerConfigKeys (ConfUtils.java:logFallback(53)) - raft.server.rpc.first-election.timeout.min = 5s (fallback to raft.server.rpc.timeout.min)
2023-02-14 08:19:02,230 [6d5fd74e-c16c-4183-9ec8-8461f8bdbc47@group-1934EA50BFDD-FollowerState] INFO  server.RaftServerConfigKeys (ConfUtils.java:logFallback(53)) - raft.server.rpc.first-election.timeout.max = 5200ms (fallback to raft.server.rpc.timeout.max)
2023-02-14 08:19:02,230 [Command processor thread] INFO  ratis.XceiverServerRatis (XceiverServerRatis.java:addGroup(807)) - Created group PipelineID=8385c9fe-b4c7-4b4e-99aa-1934ea50bfdd
2023-02-14 08:19:02,238 [grpc-default-executor-0] INFO  server.RaftServer (RaftServerProxy.java:addNew(96)) - 23624866-2448-40b4-b246-86425eff7cca: addNew group-1934EA50BFDD:[0910efe8-a84f-4250-8aec-2e536a9734d2|rpc:10.1.0.19:39335|dataStream:10.1.0.19:34839|priority:0|startupRole:FOLLOWER, 6d5fd74e-c16c-4183-9ec8-8461f8bdbc47|rpc:10.1.0.19:44947|dataStream:10.1.0.19:34443|priority:0|startupRole:FOLLOWER, 23624866-2448-40b4-b246-86425eff7cca|rpc:10.1.0.19:37675|dataStream:10.1.0.19:40961|priority:1|startupRole:FOLLOWER] returns group-1934EA50BFDD:java.util.concurrent.CompletableFuture@2c526134[Not completed]
2023-02-14 08:19:02,239 [pool-525-thread-1] INFO  server.RaftServer$Division (RaftServerImpl.java:<init>(195)) - 23624866-2448-40b4-b246-86425eff7cca: new RaftServerImpl for group-1934EA50BFDD:[0910efe8-a84f-4250-8aec-2e536a9734d2|rpc:10.1.0.19:39335|dataStream:10.1.0.19:34839|priority:0|startupRole:FOLLOWER, 6d5fd74e-c16c-4183-9ec8-8461f8bdbc47|rpc:10.1.0.19:44947|dataStream:10.1.0.19:34443|priority:0|startupRole:FOLLOWER, 23624866-2448-40b4-b246-86425eff7cca|rpc:10.1.0.19:37675|dataStream:10.1.0.19:40961|priority:1|startupRole:FOLLOWER] with ContainerStateMachine:uninitialized
2023-02-14 08:19:02,239 [pool-525-thread-1] INFO  server.RaftServerConfigKeys (ConfUtils.java:logGet(46)) - raft.server.rpc.timeout.min = 5s (custom)
2023-02-14 08:19:02,239 [pool-525-thread-1] INFO  server.RaftServerConfigKeys (ConfUtils.java:logGet(46)) - raft.server.rpc.timeout.max = 5200ms (custom)
2023-02-14 08:19:02,239 [pool-525-thread-1] INFO  server.RaftServerConfigKeys (ConfUtils.java:logGet(46)) - raft.server.rpc.sleep.time = 25ms (default)
2023-02-14 08:19:02,239 [pool-525-thread-1] INFO  server.RaftServerConfigKeys (ConfUtils.java:logGet(46)) - raft.server.rpc.slowness.timeout = 300s (custom)
2023-02-14 08:19:02,239 [pool-525-thread-1] INFO  server.RaftServerConfigKeys (ConfUtils.java:logGet(46)) - raft.server.leaderelection.leader.step-down.wait-time = 10s (default)
2023-02-14 08:19:02,239 [pool-525-thread-1] INFO  server.RaftServerConfigKeys (ConfUtils.java:logGet(46)) - raft.server.sleep.deviation.threshold = 300ms (default)
2023-02-14 08:19:02,239 [pool-525-thread-1] INFO  server.RaftServer$Division (ServerState.java:<init>(118)) - 23624866-2448-40b4-b246-86425eff7cca@group-1934EA50BFDD: ConfigurationManager, init=-1: peers:[0910efe8-a84f-4250-8aec-2e536a9734d2|rpc:10.1.0.19:39335|dataStream:10.1.0.19:34839|priority:0|startupRole:FOLLOWER, 6d5fd74e-c16c-4183-9ec8-8461f8bdbc47|rpc:10.1.0.19:44947|dataStream:10.1.0.19:34443|priority:0|startupRole:FOLLOWER, 23624866-2448-40b4-b246-86425eff7cca|rpc:10.1.0.19:37675|dataStream:10.1.0.19:40961|priority:1|startupRole:FOLLOWER]|listeners:[], old=null, confs=<EMPTY_MAP>
2023-02-14 08:19:02,239 [pool-525-thread-1] INFO  server.RaftServerConfigKeys (ConfUtils.java:logGet(46)) - raft.server.storage.dir = [/home/runner/work/ozone/ozone/hadoop-ozone/integration-test/target/test-dir/MiniOzoneClusterImpl-9064264e-2b58-4737-9fe3-fdda8e014d69/datanode-2/data/ratis] (custom)
2023-02-14 08:19:02,239 [pool-525-thread-1] INFO  server.RaftServerConfigKeys (ConfUtils.java:logGet(46)) - raft.server.log.corruption.policy = EXCEPTION (default)
2023-02-14 08:19:02,239 [pool-525-thread-1] INFO  server.RaftServerConfigKeys (ConfUtils.java:logGet(46)) - raft.server.storage.free-space.min = 0MB (=0) (default)
2023-02-14 08:19:02,239 [pool-525-thread-1] INFO  server.RaftServerConfigKeys (ConfUtils.java:logGet(46)) - raft.server.notification.no-leader.timeout = 300s (custom)
2023-02-14 08:19:02,239 [pool-525-thread-1] INFO  server.RaftServerConfigKeys (ConfUtils.java:logGet(46)) - raft.server.retrycache.expirytime = 600000ms (custom)
2023-02-14 08:19:02,239 [pool-525-thread-1] INFO  server.RaftServerConfigKeys (ConfUtils.java:logGet(46)) - raft.server.retrycache.statistics.expirytime = 100μs (default)
2023-02-14 08:19:02,240 [pool-525-thread-1] INFO  server.RaftServerConfigKeys (ConfUtils.java:logGet(46)) - raft.server.log.appender.install.snapshot.enabled = false (custom)
2023-02-14 08:19:02,240 [pool-525-thread-1] INFO  server.RaftServerConfigKeys (ConfUtils.java:logGet(46)) - raft.server.threadpool.server.cached = true (default)
2023-02-14 08:19:02,240 [pool-525-thread-1] INFO  server.RaftServerConfigKeys (ConfUtils.java:logGet(46)) - raft.server.threadpool.server.size = 0 (default)
2023-02-14 08:19:02,240 [pool-525-thread-1] INFO  server.RaftServerConfigKeys (ConfUtils.java:logGet(46)) - raft.server.threadpool.client.cached = true (default)
2023-02-14 08:19:02,240 [pool-525-thread-1] INFO  server.RaftServerConfigKeys (ConfUtils.java:logGet(46)) - raft.server.threadpool.client.size = 0 (default)
2023-02-14 08:19:02,240 [pool-525-thread-1] INFO  storage.RaftStorageDirectory (RaftStorageDirectoryImpl.java:analyzeStorage(137)) - The storage directory /home/runner/work/ozone/ozone/hadoop-ozone/integration-test/target/test-dir/MiniOzoneClusterImpl-9064264e-2b58-4737-9fe3-fdda8e014d69/datanode-2/data/ratis/8385c9fe-b4c7-4b4e-99aa-1934ea50bfdd does not exist. Creating ...
2023-02-14 08:19:02,241 [pool-525-thread-1] INFO  storage.RaftStorageDirectory (RaftStorageDirectoryImpl.java:tryLock(231)) - Lock on /home/runner/work/ozone/ozone/hadoop-ozone/integration-test/target/test-dir/MiniOzoneClusterImpl-9064264e-2b58-4737-9fe3-fdda8e014d69/datanode-2/data/ratis/8385c9fe-b4c7-4b4e-99aa-1934ea50bfdd/in_use.lock acquired by nodename 11911@fv-az476-382
2023-02-14 08:19:02,242 [pool-525-thread-1] INFO  storage.RaftStorage (RaftStorageImpl.java:format(96)) - Storage directory /home/runner/work/ozone/ozone/hadoop-ozone/integration-test/target/test-dir/MiniOzoneClusterImpl-9064264e-2b58-4737-9fe3-fdda8e014d69/datanode-2/data/ratis/8385c9fe-b4c7-4b4e-99aa-1934ea50bfdd has been successfully formatted.
2023-02-14 08:19:02,243 [pool-525-thread-1] INFO  ratis.ContainerStateMachine (ContainerStateMachine.java:loadSnapshot(240)) - group-1934EA50BFDD: The snapshot info is null. Setting the last applied indexto:(t:0, i:~)
2023-02-14 08:19:02,243 [pool-525-thread-1] INFO  server.RaftServerConfigKeys (ConfUtils.java:logGet(46)) - raft.server.log.use.memory = false (default)
2023-02-14 08:19:02,243 [pool-525-thread-1] INFO  server.RaftServerConfigKeys (ConfUtils.java:logGet(46)) - raft.server.log.purge.gap = 1000000 (custom)
2023-02-14 08:19:02,243 [pool-525-thread-1] INFO  server.RaftServerConfigKeys (ConfUtils.java:logGet(46)) - raft.server.log.appender.buffer.byte-limit = 33554432 (custom)
2023-02-14 08:19:02,243 [pool-525-thread-1] INFO  server.RaftServerConfigKeys (ConfUtils.java:logGet(46)) - raft.server.log.statemachine.data.read.timeout = 1000ms (default)
2023-02-14 08:19:02,243 [pool-525-thread-1] INFO  server.RaftServerConfigKeys (ConfUtils.java:logGet(46)) - raft.server.log.purge.preservation.log.num = 0 (default)
2023-02-14 08:19:02,244 [pool-525-thread-1] INFO  server.RaftServerConfigKeys (ConfUtils.java:logGet(46)) - raft.server.log.segment.size.max = 1048576 (custom)
2023-02-14 08:19:02,244 [pool-525-thread-1] INFO  server.RaftServerConfigKeys (ConfUtils.java:logGet(46)) - raft.server.log.segment.cache.num.max = 2 (custom)
2023-02-14 08:19:02,244 [pool-525-thread-1] INFO  server.RaftServerConfigKeys (ConfUtils.java:logGet(46)) - raft.server.log.segment.cache.size.max = 200MB (=209715200) (default)
2023-02-14 08:19:02,244 [pool-525-thread-1] INFO  segmented.SegmentedRaftLogWorker (SegmentedRaftLogWorker.java:<init>(189)) - new 23624866-2448-40b4-b246-86425eff7cca@group-1934EA50BFDD-SegmentedRaftLogWorker for RaftStorageImpl:Storage Directory /home/runner/work/ozone/ozone/hadoop-ozone/integration-test/target/test-dir/MiniOzoneClusterImpl-9064264e-2b58-4737-9fe3-fdda8e014d69/datanode-2/data/ratis/8385c9fe-b4c7-4b4e-99aa-1934ea50bfdd
2023-02-14 08:19:02,244 [pool-525-thread-1] INFO  server.RaftServerConfigKeys (ConfUtils.java:logGet(46)) - raft.server.log.queue.byte-limit = 4294967296 (custom)
2023-02-14 08:19:02,244 [pool-525-thread-1] INFO  server.RaftServerConfigKeys (ConfUtils.java:logGet(46)) - raft.server.log.queue.element-limit = 1024 (custom)
2023-02-14 08:19:02,244 [pool-525-thread-1] INFO  server.RaftServerConfigKeys (ConfUtils.java:logGet(46)) - raft.server.log.segment.size.max = 1048576 (custom)
2023-02-14 08:19:02,244 [pool-525-thread-1] INFO  server.RaftServerConfigKeys (ConfUtils.java:logGet(46)) - raft.server.log.preallocated.size = 16384 (custom)
2023-02-14 08:19:02,244 [pool-525-thread-1] INFO  server.RaftServerConfigKeys (ConfUtils.java:logGet(46)) - raft.server.log.force.sync.num = 128 (default)
2023-02-14 08:19:02,244 [pool-525-thread-1] INFO  server.RaftServerConfigKeys (ConfUtils.java:logGet(46)) - raft.server.log.statemachine.data.sync = true (default)
2023-02-14 08:19:02,244 [pool-525-thread-1] INFO  server.RaftServerConfigKeys (ConfUtils.java:logGet(46)) - raft.server.log.statemachine.data.sync.timeout = 10s (default)
2023-02-14 08:19:02,244 [pool-525-thread-1] INFO  server.RaftServerConfigKeys (ConfUtils.java:logGet(46)) - raft.server.log.statemachine.data.sync.timeout.retry = -1 (default)
2023-02-14 08:19:02,244 [pool-525-thread-1] INFO  server.RaftServerConfigKeys (ConfUtils.java:logGet(46)) - raft.server.log.write.buffer.size = 1048576 (custom)
2023-02-14 08:19:02,245 [pool-525-thread-1] INFO  server.RaftServerConfigKeys (ConfUtils.java:logGet(46)) - raft.server.log.appender.buffer.byte-limit = 33554432 (custom)
2023-02-14 08:19:02,247 [pool-525-thread-1] INFO  server.RaftServerConfigKeys (ConfUtils.java:logGet(46)) - raft.server.log.unsafe-flush.enabled = false (default)
2023-02-14 08:19:02,247 [pool-525-thread-1] INFO  server.RaftServerConfigKeys (ConfUtils.java:logGet(46)) - raft.server.log.async-flush.enabled = false (default)
2023-02-14 08:19:02,247 [pool-525-thread-1] INFO  server.RaftServerConfigKeys (ConfUtils.java:logGet(46)) - raft.server.log.statemachine.data.caching.enabled = true (custom)
2023-02-14 08:19:02,247 [pool-525-thread-1] INFO  segmented.SegmentedRaftLogWorker (SegmentedRaftLogWorker.java:lambda$new$0(135)) - 23624866-2448-40b4-b246-86425eff7cca@group-1934EA50BFDD-SegmentedRaftLogWorker: flushIndex: setUnconditionally 0 -> -1
2023-02-14 08:19:02,248 [pool-525-thread-1] INFO  segmented.SegmentedRaftLogWorker (SegmentedRaftLogWorker.java:lambda$new$0(135)) - 23624866-2448-40b4-b246-86425eff7cca@group-1934EA50BFDD-SegmentedRaftLogWorker: safeCacheEvictIndex: setUnconditionally 0 -> -1
2023-02-14 08:19:02,248 [pool-525-thread-1] INFO  server.RaftServer$Division (RaftServerImpl.java:start(334)) - 23624866-2448-40b4-b246-86425eff7cca@group-1934EA50BFDD: start as a follower, conf=-1: peers:[0910efe8-a84f-4250-8aec-2e536a9734d2|rpc:10.1.0.19:39335|dataStream:10.1.0.19:34839|priority:0|startupRole:FOLLOWER, 6d5fd74e-c16c-4183-9ec8-8461f8bdbc47|rpc:10.1.0.19:44947|dataStream:10.1.0.19:34443|priority:0|startupRole:FOLLOWER, 23624866-2448-40b4-b246-86425eff7cca|rpc:10.1.0.19:37675|dataStream:10.1.0.19:40961|priority:1|startupRole:FOLLOWER]|listeners:[], old=null
2023-02-14 08:19:02,248 [pool-525-thread-1] INFO  server.RaftServer$Division (RaftServerImpl.java:setRole(321)) - 23624866-2448-40b4-b246-86425eff7cca@group-1934EA50BFDD: changes role from      null to FOLLOWER at term 0 for startAsFollower
2023-02-14 08:19:02,248 [pool-525-thread-1] INFO  impl.RoleInfo (RoleInfo.java:updateAndGet(139)) - 23624866-2448-40b4-b246-86425eff7cca: start 23624866-2448-40b4-b246-86425eff7cca@group-1934EA50BFDD-FollowerState
2023-02-14 08:19:02,252 [pool-525-thread-1] INFO  util.JmxRegister (JmxRegister.java:tryRegister(44)) - Successfully registered JMX Bean with object name Ratis:service=RaftServer,group=group-1934EA50BFDD,id=23624866-2448-40b4-b246-86425eff7cca
2023-02-14 08:19:02,252 [pool-525-thread-1] INFO  server.RaftServerConfigKeys (ConfUtils.java:logGet(46)) - raft.server.snapshot.auto.trigger.enabled = true (custom)
2023-02-14 08:19:02,252 [pool-525-thread-1] INFO  server.RaftServerConfigKeys (ConfUtils.java:logGet(46)) - raft.server.snapshot.auto.trigger.threshold = 10000 (custom)
2023-02-14 08:19:02,252 [pool-525-thread-1] INFO  server.RaftServerConfigKeys (ConfUtils.java:logGet(46)) - raft.server.snapshot.retention.file.num = 5 (custom)
2023-02-14 08:19:02,253 [pool-525-thread-1] INFO  server.RaftServerConfigKeys (ConfUtils.java:logGet(46)) - raft.server.log.purge.upto.snapshot.index = false (default)
2023-02-14 08:19:02,253 [23624866-2448-40b4-b246-86425eff7cca@group-1934EA50BFDD-FollowerState] INFO  server.RaftServerConfigKeys (ConfUtils.java:logFallback(53)) - raft.server.rpc.first-election.timeout.min = 5s (fallback to raft.server.rpc.timeout.min)
2023-02-14 08:19:02,253 [23624866-2448-40b4-b246-86425eff7cca@group-1934EA50BFDD-FollowerState] INFO  server.RaftServerConfigKeys (ConfUtils.java:logFallback(53)) - raft.server.rpc.first-election.timeout.max = 5200ms (fallback to raft.server.rpc.timeout.max)
2023-02-14 08:19:02,266 [grpc-default-executor-0] INFO  server.RaftServer (RaftServerProxy.java:addNew(96)) - 0910efe8-a84f-4250-8aec-2e536a9734d2: addNew group-1934EA50BFDD:[0910efe8-a84f-4250-8aec-2e536a9734d2|rpc:10.1.0.19:39335|dataStream:10.1.0.19:34839|priority:0|startupRole:FOLLOWER, 6d5fd74e-c16c-4183-9ec8-8461f8bdbc47|rpc:10.1.0.19:44947|dataStream:10.1.0.19:34443|priority:0|startupRole:FOLLOWER, 23624866-2448-40b4-b246-86425eff7cca|rpc:10.1.0.19:37675|dataStream:10.1.0.19:40961|priority:1|startupRole:FOLLOWER] returns group-1934EA50BFDD:java.util.concurrent.CompletableFuture@72ba5340[Not completed]
2023-02-14 08:19:02,267 [pool-503-thread-1] INFO  server.RaftServer$Division (RaftServerImpl.java:<init>(195)) - 0910efe8-a84f-4250-8aec-2e536a9734d2: new RaftServerImpl for group-1934EA50BFDD:[0910efe8-a84f-4250-8aec-2e536a9734d2|rpc:10.1.0.19:39335|dataStream:10.1.0.19:34839|priority:0|startupRole:FOLLOWER, 6d5fd74e-c16c-4183-9ec8-8461f8bdbc47|rpc:10.1.0.19:44947|dataStream:10.1.0.19:34443|priority:0|startupRole:FOLLOWER, 23624866-2448-40b4-b246-86425eff7cca|rpc:10.1.0.19:37675|dataStream:10.1.0.19:40961|priority:1|startupRole:FOLLOWER] with ContainerStateMachine:uninitialized
2023-02-14 08:19:02,267 [pool-503-thread-1] INFO  server.RaftServerConfigKeys (ConfUtils.java:logGet(46)) - raft.server.rpc.timeout.min = 5s (custom)
2023-02-14 08:19:02,267 [pool-503-thread-1] INFO  server.RaftServerConfigKeys (ConfUtils.java:logGet(46)) - raft.server.rpc.timeout.max = 5200ms (custom)
2023-02-14 08:19:02,267 [pool-503-thread-1] INFO  server.RaftServerConfigKeys (ConfUtils.java:logGet(46)) - raft.server.rpc.sleep.time = 25ms (default)
2023-02-14 08:19:02,267 [pool-503-thread-1] INFO  server.RaftServerConfigKeys (ConfUtils.java:logGet(46)) - raft.server.rpc.slowness.timeout = 300s (custom)
2023-02-14 08:19:02,267 [pool-503-thread-1] INFO  server.RaftServerConfigKeys (ConfUtils.java:logGet(46)) - raft.server.leaderelection.leader.step-down.wait-time = 10s (default)
2023-02-14 08:19:02,267 [pool-503-thread-1] INFO  server.RaftServerConfigKeys (ConfUtils.java:logGet(46)) - raft.server.sleep.deviation.threshold = 300ms (default)
2023-02-14 08:19:02,267 [pool-503-thread-1] INFO  server.RaftServer$Division (ServerState.java:<init>(118)) - 0910efe8-a84f-4250-8aec-2e536a9734d2@group-1934EA50BFDD: ConfigurationManager, init=-1: peers:[0910efe8-a84f-4250-8aec-2e536a9734d2|rpc:10.1.0.19:39335|dataStream:10.1.0.19:34839|priority:0|startupRole:FOLLOWER, 6d5fd74e-c16c-4183-9ec8-8461f8bdbc47|rpc:10.1.0.19:44947|dataStream:10.1.0.19:34443|priority:0|startupRole:FOLLOWER, 23624866-2448-40b4-b246-86425eff7cca|rpc:10.1.0.19:37675|dataStream:10.1.0.19:40961|priority:1|startupRole:FOLLOWER]|listeners:[], old=null, confs=<EMPTY_MAP>
2023-02-14 08:19:02,267 [pool-503-thread-1] INFO  server.RaftServerConfigKeys (ConfUtils.java:logGet(46)) - raft.server.storage.dir = [/home/runner/work/ozone/ozone/hadoop-ozone/integration-test/target/test-dir/MiniOzoneClusterImpl-9064264e-2b58-4737-9fe3-fdda8e014d69/datanode-1/data/ratis] (custom)
2023-02-14 08:19:02,267 [pool-503-thread-1] INFO  server.RaftServerConfigKeys (ConfUtils.java:logGet(46)) - raft.server.log.corruption.policy = EXCEPTION (default)
2023-02-14 08:19:02,267 [pool-503-thread-1] INFO  server.RaftServerConfigKeys (ConfUtils.java:logGet(46)) - raft.server.storage.free-space.min = 0MB (=0) (default)
2023-02-14 08:19:02,267 [pool-503-thread-1] INFO  server.RaftServerConfigKeys (ConfUtils.java:logGet(46)) - raft.server.notification.no-leader.timeout = 300s (custom)
2023-02-14 08:19:02,268 [pool-503-thread-1] INFO  server.RaftServerConfigKeys (ConfUtils.java:logGet(46)) - raft.server.retrycache.expirytime = 600000ms (custom)
2023-02-14 08:19:02,268 [pool-503-thread-1] INFO  server.RaftServerConfigKeys (ConfUtils.java:logGet(46)) - raft.server.retrycache.statistics.expirytime = 100μs (default)
2023-02-14 08:19:02,268 [pool-503-thread-1] INFO  server.RaftServerConfigKeys (ConfUtils.java:logGet(46)) - raft.server.log.appender.install.snapshot.enabled = false (custom)
2023-02-14 08:19:02,268 [pool-503-thread-1] INFO  server.RaftServerConfigKeys (ConfUtils.java:logGet(46)) - raft.server.threadpool.server.cached = true (default)
2023-02-14 08:19:02,268 [pool-503-thread-1] INFO  server.RaftServerConfigKeys (ConfUtils.java:logGet(46)) - raft.server.threadpool.server.size = 0 (default)
2023-02-14 08:19:02,268 [pool-503-thread-1] INFO  server.RaftServerConfigKeys (ConfUtils.java:logGet(46)) - raft.server.threadpool.client.cached = true (default)
2023-02-14 08:19:02,268 [pool-503-thread-1] INFO  server.RaftServerConfigKeys (ConfUtils.java:logGet(46)) - raft.server.threadpool.client.size = 0 (default)
2023-02-14 08:19:02,268 [pool-503-thread-1] INFO  storage.RaftStorageDirectory (RaftStorageDirectoryImpl.java:analyzeStorage(137)) - The storage directory /home/runner/work/ozone/ozone/hadoop-ozone/integration-test/target/test-dir/MiniOzoneClusterImpl-9064264e-2b58-4737-9fe3-fdda8e014d69/datanode-1/data/ratis/8385c9fe-b4c7-4b4e-99aa-1934ea50bfdd does not exist. Creating ...
2023-02-14 08:19:02,269 [pool-503-thread-1] INFO  storage.RaftStorageDirectory (RaftStorageDirectoryImpl.java:tryLock(231)) - Lock on /home/runner/work/ozone/ozone/hadoop-ozone/integration-test/target/test-dir/MiniOzoneClusterImpl-9064264e-2b58-4737-9fe3-fdda8e014d69/datanode-1/data/ratis/8385c9fe-b4c7-4b4e-99aa-1934ea50bfdd/in_use.lock acquired by nodename 11911@fv-az476-382
2023-02-14 08:19:02,270 [pool-503-thread-1] INFO  storage.RaftStorage (RaftStorageImpl.java:format(96)) - Storage directory /home/runner/work/ozone/ozone/hadoop-ozone/integration-test/target/test-dir/MiniOzoneClusterImpl-9064264e-2b58-4737-9fe3-fdda8e014d69/datanode-1/data/ratis/8385c9fe-b4c7-4b4e-99aa-1934ea50bfdd has been successfully formatted.
2023-02-14 08:19:02,272 [pool-503-thread-1] INFO  ratis.ContainerStateMachine (ContainerStateMachine.java:loadSnapshot(240)) - group-1934EA50BFDD: The snapshot info is null. Setting the last applied indexto:(t:0, i:~)
2023-02-14 08:19:02,272 [pool-503-thread-1] INFO  server.RaftServerConfigKeys (ConfUtils.java:logGet(46)) - raft.server.log.use.memory = false (default)
2023-02-14 08:19:02,272 [pool-503-thread-1] INFO  server.RaftServerConfigKeys (ConfUtils.java:logGet(46)) - raft.server.log.purge.gap = 1000000 (custom)
2023-02-14 08:19:02,272 [pool-503-thread-1] INFO  server.RaftServerConfigKeys (ConfUtils.java:logGet(46)) - raft.server.log.appender.buffer.byte-limit = 33554432 (custom)
2023-02-14 08:19:02,272 [pool-503-thread-1] INFO  server.RaftServerConfigKeys (ConfUtils.java:logGet(46)) - raft.server.log.statemachine.data.read.timeout = 1000ms (default)
2023-02-14 08:19:02,272 [pool-503-thread-1] INFO  server.RaftServerConfigKeys (ConfUtils.java:logGet(46)) - raft.server.log.purge.preservation.log.num = 0 (default)
2023-02-14 08:19:02,272 [pool-503-thread-1] INFO  server.RaftServerConfigKeys (ConfUtils.java:logGet(46)) - raft.server.log.segment.size.max = 1048576 (custom)
2023-02-14 08:19:02,272 [pool-503-thread-1] INFO  server.RaftServerConfigKeys (ConfUtils.java:logGet(46)) - raft.server.log.segment.cache.num.max = 2 (custom)
2023-02-14 08:19:02,272 [pool-503-thread-1] INFO  server.RaftServerConfigKeys (ConfUtils.java:logGet(46)) - raft.server.log.segment.cache.size.max = 200MB (=209715200) (default)
2023-02-14 08:19:02,272 [pool-503-thread-1] INFO  segmented.SegmentedRaftLogWorker (SegmentedRaftLogWorker.java:<init>(189)) - new 0910efe8-a84f-4250-8aec-2e536a9734d2@group-1934EA50BFDD-SegmentedRaftLogWorker for RaftStorageImpl:Storage Directory /home/runner/work/ozone/ozone/hadoop-ozone/integration-test/target/test-dir/MiniOzoneClusterImpl-9064264e-2b58-4737-9fe3-fdda8e014d69/datanode-1/data/ratis/8385c9fe-b4c7-4b4e-99aa-1934ea50bfdd
2023-02-14 08:19:02,272 [pool-503-thread-1] INFO  server.RaftServerConfigKeys (ConfUtils.java:logGet(46)) - raft.server.log.queue.byte-limit = 4294967296 (custom)
2023-02-14 08:19:02,272 [pool-503-thread-1] INFO  server.RaftServerConfigKeys (ConfUtils.java:logGet(46)) - raft.server.log.queue.element-limit = 1024 (custom)
2023-02-14 08:19:02,272 [pool-503-thread-1] INFO  server.RaftServerConfigKeys (ConfUtils.java:logGet(46)) - raft.server.log.segment.size.max = 1048576 (custom)
2023-02-14 08:19:02,272 [pool-503-thread-1] INFO  server.RaftServerConfigKeys (ConfUtils.java:logGet(46)) - raft.server.log.preallocated.size = 16384 (custom)
2023-02-14 08:19:02,272 [pool-503-thread-1] INFO  server.RaftServerConfigKeys (ConfUtils.java:logGet(46)) - raft.server.log.force.sync.num = 128 (default)
2023-02-14 08:19:02,272 [pool-503-thread-1] INFO  server.RaftServerConfigKeys (ConfUtils.java:logGet(46)) - raft.server.log.statemachine.data.sync = true (default)
2023-02-14 08:19:02,272 [pool-503-thread-1] INFO  server.RaftServerConfigKeys (ConfUtils.java:logGet(46)) - raft.server.log.statemachine.data.sync.timeout = 10s (default)
2023-02-14 08:19:02,273 [pool-503-thread-1] INFO  server.RaftServerConfigKeys (ConfUtils.java:logGet(46)) - raft.server.log.statemachine.data.sync.timeout.retry = -1 (default)
2023-02-14 08:19:02,273 [pool-503-thread-1] INFO  server.RaftServerConfigKeys (ConfUtils.java:logGet(46)) - raft.server.log.write.buffer.size = 1048576 (custom)
2023-02-14 08:19:02,273 [pool-503-thread-1] INFO  server.RaftServerConfigKeys (ConfUtils.java:logGet(46)) - raft.server.log.appender.buffer.byte-limit = 33554432 (custom)
2023-02-14 08:19:02,276 [pool-503-thread-1] INFO  server.RaftServerConfigKeys (ConfUtils.java:logGet(46)) - raft.server.log.unsafe-flush.enabled = false (default)
2023-02-14 08:19:02,276 [pool-503-thread-1] INFO  server.RaftServerConfigKeys (ConfUtils.java:logGet(46)) - raft.server.log.async-flush.enabled = false (default)
2023-02-14 08:19:02,276 [pool-503-thread-1] INFO  server.RaftServerConfigKeys (ConfUtils.java:logGet(46)) - raft.server.log.statemachine.data.caching.enabled = true (custom)
2023-02-14 08:19:02,276 [pool-503-thread-1] INFO  segmented.SegmentedRaftLogWorker (SegmentedRaftLogWorker.java:lambda$new$0(135)) - 0910efe8-a84f-4250-8aec-2e536a9734d2@group-1934EA50BFDD-SegmentedRaftLogWorker: flushIndex: setUnconditionally 0 -> -1
2023-02-14 08:19:02,276 [pool-503-thread-1] INFO  segmented.SegmentedRaftLogWorker (SegmentedRaftLogWorker.java:lambda$new$0(135)) - 0910efe8-a84f-4250-8aec-2e536a9734d2@group-1934EA50BFDD-SegmentedRaftLogWorker: safeCacheEvictIndex: setUnconditionally 0 -> -1
2023-02-14 08:19:02,278 [pool-503-thread-1] INFO  server.RaftServer$Division (RaftServerImpl.java:start(334)) - 0910efe8-a84f-4250-8aec-2e536a9734d2@group-1934EA50BFDD: start as a follower, conf=-1: peers:[0910efe8-a84f-4250-8aec-2e536a9734d2|rpc:10.1.0.19:39335|dataStream:10.1.0.19:34839|priority:0|startupRole:FOLLOWER, 6d5fd74e-c16c-4183-9ec8-8461f8bdbc47|rpc:10.1.0.19:44947|dataStream:10.1.0.19:34443|priority:0|startupRole:FOLLOWER, 23624866-2448-40b4-b246-86425eff7cca|rpc:10.1.0.19:37675|dataStream:10.1.0.19:40961|priority:1|startupRole:FOLLOWER]|listeners:[], old=null
2023-02-14 08:19:02,278 [pool-503-thread-1] INFO  server.RaftServer$Division (RaftServerImpl.java:setRole(321)) - 0910efe8-a84f-4250-8aec-2e536a9734d2@group-1934EA50BFDD: changes role from      null to FOLLOWER at term 0 for startAsFollower
2023-02-14 08:19:02,278 [pool-503-thread-1] INFO  impl.RoleInfo (RoleInfo.java:updateAndGet(139)) - 0910efe8-a84f-4250-8aec-2e536a9734d2: start 0910efe8-a84f-4250-8aec-2e536a9734d2@group-1934EA50BFDD-FollowerState
2023-02-14 08:19:02,280 [pool-503-thread-1] INFO  util.JmxRegister (JmxRegister.java:tryRegister(44)) - Successfully registered JMX Bean with object name Ratis:service=RaftServer,group=group-1934EA50BFDD,id=0910efe8-a84f-4250-8aec-2e536a9734d2
2023-02-14 08:19:02,280 [pool-503-thread-1] INFO  server.RaftServerConfigKeys (ConfUtils.java:logGet(46)) - raft.server.snapshot.auto.trigger.enabled = true (custom)
2023-02-14 08:19:02,280 [pool-503-thread-1] INFO  server.RaftServerConfigKeys (ConfUtils.java:logGet(46)) - raft.server.snapshot.auto.trigger.threshold = 10000 (custom)
2023-02-14 08:19:02,280 [pool-503-thread-1] INFO  server.RaftServerConfigKeys (ConfUtils.java:logGet(46)) - raft.server.snapshot.retention.file.num = 5 (custom)
2023-02-14 08:19:02,280 [pool-503-thread-1] INFO  server.RaftServerConfigKeys (ConfUtils.java:logGet(46)) - raft.server.log.purge.upto.snapshot.index = false (default)
2023-02-14 08:19:02,280 [0910efe8-a84f-4250-8aec-2e536a9734d2@group-1934EA50BFDD-FollowerState] INFO  server.RaftServerConfigKeys (ConfUtils.java:logFallback(53)) - raft.server.rpc.first-election.timeout.min = 5s (fallback to raft.server.rpc.timeout.min)
2023-02-14 08:19:02,281 [0910efe8-a84f-4250-8aec-2e536a9734d2@group-1934EA50BFDD-FollowerState] INFO  server.RaftServerConfigKeys (ConfUtils.java:logFallback(53)) - raft.server.rpc.first-election.timeout.max = 5200ms (fallback to raft.server.rpc.timeout.max)
2023-02-14 08:19:02,284 [Command processor thread] INFO  commandhandler.CreatePipelineCommandHandler (CreatePipelineCommandHandler.java:handle(113)) - Created Pipeline RATIS THREE PipelineID=8385c9fe-b4c7-4b4e-99aa-1934ea50bfdd.
2023-02-14 08:19:02,284 [Command processor thread] INFO  server.RaftServer (RaftServerProxy.java:addNew(96)) - 6d5fd74e-c16c-4183-9ec8-8461f8bdbc47: addNew group-0B30B5CAC9A3:[0910efe8-a84f-4250-8aec-2e536a9734d2|rpc:10.1.0.19:39335|dataStream:10.1.0.19:34839|priority:0|startupRole:FOLLOWER, 6d5fd74e-c16c-4183-9ec8-8461f8bdbc47|rpc:10.1.0.19:44947|dataStream:10.1.0.19:34443|priority:1|startupRole:FOLLOWER, 23624866-2448-40b4-b246-86425eff7cca|rpc:10.1.0.19:37675|dataStream:10.1.0.19:40961|priority:0|startupRole:FOLLOWER] returns group-0B30B5CAC9A3:java.util.concurrent.CompletableFuture@222bb4f6[Not completed]
2023-02-14 08:19:02,285 [pool-481-thread-1] INFO  server.RaftServer$Division (RaftServerImpl.java:<init>(195)) - 6d5fd74e-c16c-4183-9ec8-8461f8bdbc47: new RaftServerImpl for group-0B30B5CAC9A3:[0910efe8-a84f-4250-8aec-2e536a9734d2|rpc:10.1.0.19:39335|dataStream:10.1.0.19:34839|priority:0|startupRole:FOLLOWER, 6d5fd74e-c16c-4183-9ec8-8461f8bdbc47|rpc:10.1.0.19:44947|dataStream:10.1.0.19:34443|priority:1|startupRole:FOLLOWER, 23624866-2448-40b4-b246-86425eff7cca|rpc:10.1.0.19:37675|dataStream:10.1.0.19:40961|priority:0|startupRole:FOLLOWER] with ContainerStateMachine:uninitialized
2023-02-14 08:19:02,285 [pool-481-thread-1] INFO  server.RaftServerConfigKeys (ConfUtils.java:logGet(46)) - raft.server.rpc.timeout.min = 5s (custom)
2023-02-14 08:19:02,285 [pool-481-thread-1] INFO  server.RaftServerConfigKeys (ConfUtils.java:logGet(46)) - raft.server.rpc.timeout.max = 5200ms (custom)
2023-02-14 08:19:02,285 [pool-481-thread-1] INFO  server.RaftServerConfigKeys (ConfUtils.java:logGet(46)) - raft.server.rpc.sleep.time = 25ms (default)
2023-02-14 08:19:02,285 [pool-481-thread-1] INFO  server.RaftServerConfigKeys (ConfUtils.java:logGet(46)) - raft.server.rpc.slowness.timeout = 300s (custom)
2023-02-14 08:19:02,285 [pool-481-thread-1] INFO  server.RaftServerConfigKeys (ConfUtils.java:logGet(46)) - raft.server.leaderelection.leader.step-down.wait-time = 10s (default)
2023-02-14 08:19:02,285 [pool-481-thread-1] INFO  server.RaftServerConfigKeys (ConfUtils.java:logGet(46)) - raft.server.sleep.deviation.threshold = 300ms (default)
2023-02-14 08:19:02,285 [pool-481-thread-1] INFO  server.RaftServer$Division (ServerState.java:<init>(118)) - 6d5fd74e-c16c-4183-9ec8-8461f8bdbc47@group-0B30B5CAC9A3: ConfigurationManager, init=-1: peers:[0910efe8-a84f-4250-8aec-2e536a9734d2|rpc:10.1.0.19:39335|dataStream:10.1.0.19:34839|priority:0|startupRole:FOLLOWER, 6d5fd74e-c16c-4183-9ec8-8461f8bdbc47|rpc:10.1.0.19:44947|dataStream:10.1.0.19:34443|priority:1|startupRole:FOLLOWER, 23624866-2448-40b4-b246-86425eff7cca|rpc:10.1.0.19:37675|dataStream:10.1.0.19:40961|priority:0|startupRole:FOLLOWER]|listeners:[], old=null, confs=<EMPTY_MAP>
2023-02-14 08:19:02,285 [pool-481-thread-1] INFO  server.RaftServerConfigKeys (ConfUtils.java:logGet(46)) - raft.server.storage.dir = [/home/runner/work/ozone/ozone/hadoop-ozone/integration-test/target/test-dir/MiniOzoneClusterImpl-9064264e-2b58-4737-9fe3-fdda8e014d69/datanode-0/data/ratis] (custom)
2023-02-14 08:19:02,285 [pool-481-thread-1] INFO  server.RaftServerConfigKeys (ConfUtils.java:logGet(46)) - raft.server.log.corruption.policy = EXCEPTION (default)
2023-02-14 08:19:02,285 [pool-481-thread-1] INFO  server.RaftServerConfigKeys (ConfUtils.java:logGet(46)) - raft.server.storage.free-space.min = 0MB (=0) (default)
2023-02-14 08:19:02,285 [pool-481-thread-1] INFO  server.RaftServerConfigKeys (ConfUtils.java:logGet(46)) - raft.server.notification.no-leader.timeout = 300s (custom)
2023-02-14 08:19:02,286 [pool-481-thread-1] INFO  server.RaftServerConfigKeys (ConfUtils.java:logGet(46)) - raft.server.retrycache.expirytime = 600000ms (custom)
2023-02-14 08:19:02,286 [pool-481-thread-1] INFO  server.RaftServerConfigKeys (ConfUtils.java:logGet(46)) - raft.server.retrycache.statistics.expirytime = 100μs (default)
2023-02-14 08:19:02,286 [pool-481-thread-1] INFO  server.RaftServerConfigKeys (ConfUtils.java:logGet(46)) - raft.server.log.appender.install.snapshot.enabled = false (custom)
2023-02-14 08:19:02,286 [pool-481-thread-1] INFO  server.RaftServerConfigKeys (ConfUtils.java:logGet(46)) - raft.server.threadpool.server.cached = true (default)
2023-02-14 08:19:02,286 [pool-481-thread-1] INFO  server.RaftServerConfigKeys (ConfUtils.java:logGet(46)) - raft.server.threadpool.server.size = 0 (default)
2023-02-14 08:19:02,286 [pool-481-thread-1] INFO  server.RaftServerConfigKeys (ConfUtils.java:logGet(46)) - raft.server.threadpool.client.cached = true (default)
2023-02-14 08:19:02,286 [pool-481-thread-1] INFO  server.RaftServerConfigKeys (ConfUtils.java:logGet(46)) - raft.server.threadpool.client.size = 0 (default)
2023-02-14 08:19:02,286 [pool-481-thread-1] INFO  storage.RaftStorageDirectory (RaftStorageDirectoryImpl.java:analyzeStorage(137)) - The storage directory /home/runner/work/ozone/ozone/hadoop-ozone/integration-test/target/test-dir/MiniOzoneClusterImpl-9064264e-2b58-4737-9fe3-fdda8e014d69/datanode-0/data/ratis/c89f4c09-8464-4957-aa73-0b30b5cac9a3 does not exist. Creating ...
2023-02-14 08:19:02,287 [pool-481-thread-1] INFO  storage.RaftStorageDirectory (RaftStorageDirectoryImpl.java:tryLock(231)) - Lock on /home/runner/work/ozone/ozone/hadoop-ozone/integration-test/target/test-dir/MiniOzoneClusterImpl-9064264e-2b58-4737-9fe3-fdda8e014d69/datanode-0/data/ratis/c89f4c09-8464-4957-aa73-0b30b5cac9a3/in_use.lock acquired by nodename 11911@fv-az476-382
2023-02-14 08:19:02,288 [pool-481-thread-1] INFO  storage.RaftStorage (RaftStorageImpl.java:format(96)) - Storage directory /home/runner/work/ozone/ozone/hadoop-ozone/integration-test/target/test-dir/MiniOzoneClusterImpl-9064264e-2b58-4737-9fe3-fdda8e014d69/datanode-0/data/ratis/c89f4c09-8464-4957-aa73-0b30b5cac9a3 has been successfully formatted.
2023-02-14 08:19:02,289 [pool-481-thread-1] INFO  ratis.ContainerStateMachine (ContainerStateMachine.java:loadSnapshot(240)) - group-0B30B5CAC9A3: The snapshot info is null. Setting the last applied indexto:(t:0, i:~)
2023-02-14 08:19:02,289 [pool-481-thread-1] INFO  server.RaftServerConfigKeys (ConfUtils.java:logGet(46)) - raft.server.log.use.memory = false (default)
2023-02-14 08:19:02,289 [pool-481-thread-1] INFO  server.RaftServerConfigKeys (ConfUtils.java:logGet(46)) - raft.server.log.purge.gap = 1000000 (custom)
2023-02-14 08:19:02,289 [pool-481-thread-1] INFO  server.RaftServerConfigKeys (ConfUtils.java:logGet(46)) - raft.server.log.appender.buffer.byte-limit = 33554432 (custom)
2023-02-14 08:19:02,289 [pool-481-thread-1] INFO  server.RaftServerConfigKeys (ConfUtils.java:logGet(46)) - raft.server.log.statemachine.data.read.timeout = 1000ms (default)
2023-02-14 08:19:02,289 [pool-481-thread-1] INFO  server.RaftServerConfigKeys (ConfUtils.java:logGet(46)) - raft.server.log.purge.preservation.log.num = 0 (default)
2023-02-14 08:19:02,289 [EventQueue-OpenPipelineForHealthyPipelineSafeModeRule] INFO  safemode.SCMSafeModeManager (HealthyPipelineSafeModeRule.java:process(137)) - SCM in safe mode. Healthy pipelines reported count is 0, required healthy pipeline reported count is 1
2023-02-14 08:19:02,289 [pool-481-thread-1] INFO  server.RaftServerConfigKeys (ConfUtils.java:logGet(46)) - raft.server.log.segment.size.max = 1048576 (custom)
2023-02-14 08:19:02,290 [pool-481-thread-1] INFO  server.RaftServerConfigKeys (ConfUtils.java:logGet(46)) - raft.server.log.segment.cache.num.max = 2 (custom)
2023-02-14 08:19:02,290 [pool-481-thread-1] INFO  server.RaftServerConfigKeys (ConfUtils.java:logGet(46)) - raft.server.log.segment.cache.size.max = 200MB (=209715200) (default)
2023-02-14 08:19:02,290 [pool-481-thread-1] INFO  segmented.SegmentedRaftLogWorker (SegmentedRaftLogWorker.java:<init>(189)) - new 6d5fd74e-c16c-4183-9ec8-8461f8bdbc47@group-0B30B5CAC9A3-SegmentedRaftLogWorker for RaftStorageImpl:Storage Directory /home/runner/work/ozone/ozone/hadoop-ozone/integration-test/target/test-dir/MiniOzoneClusterImpl-9064264e-2b58-4737-9fe3-fdda8e014d69/datanode-0/data/ratis/c89f4c09-8464-4957-aa73-0b30b5cac9a3
2023-02-14 08:19:02,290 [pool-481-thread-1] INFO  server.RaftServerConfigKeys (ConfUtils.java:logGet(46)) - raft.server.log.queue.byte-limit = 4294967296 (custom)
2023-02-14 08:19:02,290 [pool-481-thread-1] INFO  server.RaftServerConfigKeys (ConfUtils.java:logGet(46)) - raft.server.log.queue.element-limit = 1024 (custom)
2023-02-14 08:19:02,290 [pool-481-thread-1] INFO  server.RaftServerConfigKeys (ConfUtils.java:logGet(46)) - raft.server.log.segment.size.max = 1048576 (custom)
2023-02-14 08:19:02,290 [pool-481-thread-1] INFO  server.RaftServerConfigKeys (ConfUtils.java:logGet(46)) - raft.server.log.preallocated.size = 16384 (custom)
2023-02-14 08:19:02,290 [pool-481-thread-1] INFO  server.RaftServerConfigKeys (ConfUtils.java:logGet(46)) - raft.server.log.force.sync.num = 128 (default)
2023-02-14 08:19:02,290 [pool-481-thread-1] INFO  server.RaftServerConfigKeys (ConfUtils.java:logGet(46)) - raft.server.log.statemachine.data.sync = true (default)
2023-02-14 08:19:02,290 [pool-481-thread-1] INFO  server.RaftServerConfigKeys (ConfUtils.java:logGet(46)) - raft.server.log.statemachine.data.sync.timeout = 10s (default)
2023-02-14 08:19:02,290 [pool-481-thread-1] INFO  server.RaftServerConfigKeys (ConfUtils.java:logGet(46)) - raft.server.log.statemachine.data.sync.timeout.retry = -1 (default)
2023-02-14 08:19:02,290 [pool-481-thread-1] INFO  server.RaftServerConfigKeys (ConfUtils.java:logGet(46)) - raft.server.log.write.buffer.size = 1048576 (custom)
2023-02-14 08:19:02,291 [pool-481-thread-1] INFO  server.RaftServerConfigKeys (ConfUtils.java:logGet(46)) - raft.server.log.appender.buffer.byte-limit = 33554432 (custom)
2023-02-14 08:19:02,293 [pool-481-thread-1] INFO  server.RaftServerConfigKeys (ConfUtils.java:logGet(46)) - raft.server.log.unsafe-flush.enabled = false (default)
2023-02-14 08:19:02,293 [pool-481-thread-1] INFO  server.RaftServerConfigKeys (ConfUtils.java:logGet(46)) - raft.server.log.async-flush.enabled = false (default)
2023-02-14 08:19:02,293 [pool-481-thread-1] INFO  server.RaftServerConfigKeys (ConfUtils.java:logGet(46)) - raft.server.log.statemachine.data.caching.enabled = true (custom)
2023-02-14 08:19:02,294 [pool-481-thread-1] INFO  segmented.SegmentedRaftLogWorker (SegmentedRaftLogWorker.java:lambda$new$0(135)) - 6d5fd74e-c16c-4183-9ec8-8461f8bdbc47@group-0B30B5CAC9A3-SegmentedRaftLogWorker: flushIndex: setUnconditionally 0 -> -1
2023-02-14 08:19:02,294 [pool-481-thread-1] INFO  segmented.SegmentedRaftLogWorker (SegmentedRaftLogWorker.java:lambda$new$0(135)) - 6d5fd74e-c16c-4183-9ec8-8461f8bdbc47@group-0B30B5CAC9A3-SegmentedRaftLogWorker: safeCacheEvictIndex: setUnconditionally 0 -> -1
2023-02-14 08:19:02,297 [pool-481-thread-1] INFO  server.RaftServer$Division (RaftServerImpl.java:start(334)) - 6d5fd74e-c16c-4183-9ec8-8461f8bdbc47@group-0B30B5CAC9A3: start as a follower, conf=-1: peers:[0910efe8-a84f-4250-8aec-2e536a9734d2|rpc:10.1.0.19:39335|dataStream:10.1.0.19:34839|priority:0|startupRole:FOLLOWER, 6d5fd74e-c16c-4183-9ec8-8461f8bdbc47|rpc:10.1.0.19:44947|dataStream:10.1.0.19:34443|priority:1|startupRole:FOLLOWER, 23624866-2448-40b4-b246-86425eff7cca|rpc:10.1.0.19:37675|dataStream:10.1.0.19:40961|priority:0|startupRole:FOLLOWER]|listeners:[], old=null
2023-02-14 08:19:02,297 [pool-481-thread-1] INFO  server.RaftServer$Division (RaftServerImpl.java:setRole(321)) - 6d5fd74e-c16c-4183-9ec8-8461f8bdbc47@group-0B30B5CAC9A3: changes role from      null to FOLLOWER at term 0 for startAsFollower
2023-02-14 08:19:02,297 [pool-481-thread-1] INFO  impl.RoleInfo (RoleInfo.java:updateAndGet(139)) - 6d5fd74e-c16c-4183-9ec8-8461f8bdbc47: start 6d5fd74e-c16c-4183-9ec8-8461f8bdbc47@group-0B30B5CAC9A3-FollowerState
2023-02-14 08:19:02,297 [pool-481-thread-1] INFO  util.JmxRegister (JmxRegister.java:tryRegister(44)) - Successfully registered JMX Bean with object name Ratis:service=RaftServer,group=group-0B30B5CAC9A3,id=6d5fd74e-c16c-4183-9ec8-8461f8bdbc47
2023-02-14 08:19:02,297 [pool-481-thread-1] INFO  server.RaftServerConfigKeys (ConfUtils.java:logGet(46)) - raft.server.snapshot.auto.trigger.enabled = true (custom)
2023-02-14 08:19:02,297 [pool-481-thread-1] INFO  server.RaftServerConfigKeys (ConfUtils.java:logGet(46)) - raft.server.snapshot.auto.trigger.threshold = 10000 (custom)
2023-02-14 08:19:02,297 [pool-481-thread-1] INFO  server.RaftServerConfigKeys (ConfUtils.java:logGet(46)) - raft.server.snapshot.retention.file.num = 5 (custom)
2023-02-14 08:19:02,297 [pool-481-thread-1] INFO  server.RaftServerConfigKeys (ConfUtils.java:logGet(46)) - raft.server.log.purge.upto.snapshot.index = false (default)
2023-02-14 08:19:02,298 [6d5fd74e-c16c-4183-9ec8-8461f8bdbc47@group-0B30B5CAC9A3-FollowerState] INFO  server.RaftServerConfigKeys (ConfUtils.java:logFallback(53)) - raft.server.rpc.first-election.timeout.min = 5s (fallback to raft.server.rpc.timeout.min)
2023-02-14 08:19:02,298 [6d5fd74e-c16c-4183-9ec8-8461f8bdbc47@group-0B30B5CAC9A3-FollowerState] INFO  server.RaftServerConfigKeys (ConfUtils.java:logFallback(53)) - raft.server.rpc.first-election.timeout.max = 5200ms (fallback to raft.server.rpc.timeout.max)
2023-02-14 08:19:02,298 [Command processor thread] INFO  ratis.XceiverServerRatis (XceiverServerRatis.java:addGroup(807)) - Created group PipelineID=c89f4c09-8464-4957-aa73-0b30b5cac9a3
2023-02-14 08:19:02,305 [grpc-default-executor-0] INFO  server.RaftServer (RaftServerProxy.java:addNew(96)) - 23624866-2448-40b4-b246-86425eff7cca: addNew group-0B30B5CAC9A3:[0910efe8-a84f-4250-8aec-2e536a9734d2|rpc:10.1.0.19:39335|dataStream:10.1.0.19:34839|priority:0|startupRole:FOLLOWER, 6d5fd74e-c16c-4183-9ec8-8461f8bdbc47|rpc:10.1.0.19:44947|dataStream:10.1.0.19:34443|priority:1|startupRole:FOLLOWER, 23624866-2448-40b4-b246-86425eff7cca|rpc:10.1.0.19:37675|dataStream:10.1.0.19:40961|priority:0|startupRole:FOLLOWER] returns group-0B30B5CAC9A3:java.util.concurrent.CompletableFuture@7b4c99bd[Not completed]
2023-02-14 08:19:02,306 [pool-525-thread-1] INFO  server.RaftServer$Division (RaftServerImpl.java:<init>(195)) - 23624866-2448-40b4-b246-86425eff7cca: new RaftServerImpl for group-0B30B5CAC9A3:[0910efe8-a84f-4250-8aec-2e536a9734d2|rpc:10.1.0.19:39335|dataStream:10.1.0.19:34839|priority:0|startupRole:FOLLOWER, 6d5fd74e-c16c-4183-9ec8-8461f8bdbc47|rpc:10.1.0.19:44947|dataStream:10.1.0.19:34443|priority:1|startupRole:FOLLOWER, 23624866-2448-40b4-b246-86425eff7cca|rpc:10.1.0.19:37675|dataStream:10.1.0.19:40961|priority:0|startupRole:FOLLOWER] with ContainerStateMachine:uninitialized
2023-02-14 08:19:02,306 [pool-525-thread-1] INFO  server.RaftServerConfigKeys (ConfUtils.java:logGet(46)) - raft.server.rpc.timeout.min = 5s (custom)
2023-02-14 08:19:02,306 [pool-525-thread-1] INFO  server.RaftServerConfigKeys (ConfUtils.java:logGet(46)) - raft.server.rpc.timeout.max = 5200ms (custom)
2023-02-14 08:19:02,306 [pool-525-thread-1] INFO  server.RaftServerConfigKeys (ConfUtils.java:logGet(46)) - raft.server.rpc.sleep.time = 25ms (default)
2023-02-14 08:19:02,306 [pool-525-thread-1] INFO  server.RaftServerConfigKeys (ConfUtils.java:logGet(46)) - raft.server.rpc.slowness.timeout = 300s (custom)
2023-02-14 08:19:02,306 [pool-525-thread-1] INFO  server.RaftServerConfigKeys (ConfUtils.java:logGet(46)) - raft.server.leaderelection.leader.step-down.wait-time = 10s (default)
2023-02-14 08:19:02,306 [pool-525-thread-1] INFO  server.RaftServerConfigKeys (ConfUtils.java:logGet(46)) - raft.server.sleep.deviation.threshold = 300ms (default)
2023-02-14 08:19:02,307 [pool-525-thread-1] INFO  server.RaftServer$Division (ServerState.java:<init>(118)) - 23624866-2448-40b4-b246-86425eff7cca@group-0B30B5CAC9A3: ConfigurationManager, init=-1: peers:[0910efe8-a84f-4250-8aec-2e536a9734d2|rpc:10.1.0.19:39335|dataStream:10.1.0.19:34839|priority:0|startupRole:FOLLOWER, 6d5fd74e-c16c-4183-9ec8-8461f8bdbc47|rpc:10.1.0.19:44947|dataStream:10.1.0.19:34443|priority:1|startupRole:FOLLOWER, 23624866-2448-40b4-b246-86425eff7cca|rpc:10.1.0.19:37675|dataStream:10.1.0.19:40961|priority:0|startupRole:FOLLOWER]|listeners:[], old=null, confs=<EMPTY_MAP>
2023-02-14 08:19:02,307 [pool-525-thread-1] INFO  server.RaftServerConfigKeys (ConfUtils.java:logGet(46)) - raft.server.storage.dir = [/home/runner/work/ozone/ozone/hadoop-ozone/integration-test/target/test-dir/MiniOzoneClusterImpl-9064264e-2b58-4737-9fe3-fdda8e014d69/datanode-2/data/ratis] (custom)
2023-02-14 08:19:02,307 [pool-525-thread-1] INFO  server.RaftServerConfigKeys (ConfUtils.java:logGet(46)) - raft.server.log.corruption.policy = EXCEPTION (default)
2023-02-14 08:19:02,307 [pool-525-thread-1] INFO  server.RaftServerConfigKeys (ConfUtils.java:logGet(46)) - raft.server.storage.free-space.min = 0MB (=0) (default)
2023-02-14 08:19:02,307 [pool-525-thread-1] INFO  server.RaftServerConfigKeys (ConfUtils.java:logGet(46)) - raft.server.notification.no-leader.timeout = 300s (custom)
2023-02-14 08:19:02,307 [pool-525-thread-1] INFO  server.RaftServerConfigKeys (ConfUtils.java:logGet(46)) - raft.server.retrycache.expirytime = 600000ms (custom)
2023-02-14 08:19:02,307 [pool-525-thread-1] INFO  server.RaftServerConfigKeys (ConfUtils.java:logGet(46)) - raft.server.retrycache.statistics.expirytime = 100μs (default)
2023-02-14 08:19:02,307 [pool-525-thread-1] INFO  server.RaftServerConfigKeys (ConfUtils.java:logGet(46)) - raft.server.log.appender.install.snapshot.enabled = false (custom)
2023-02-14 08:19:02,307 [pool-525-thread-1] INFO  server.RaftServerConfigKeys (ConfUtils.java:logGet(46)) - raft.server.threadpool.server.cached = true (default)
2023-02-14 08:19:02,307 [pool-525-thread-1] INFO  server.RaftServerConfigKeys (ConfUtils.java:logGet(46)) - raft.server.threadpool.server.size = 0 (default)
2023-02-14 08:19:02,308 [pool-525-thread-1] INFO  server.RaftServerConfigKeys (ConfUtils.java:logGet(46)) - raft.server.threadpool.client.cached = true (default)
2023-02-14 08:19:02,308 [pool-525-thread-1] INFO  server.RaftServerConfigKeys (ConfUtils.java:logGet(46)) - raft.server.threadpool.client.size = 0 (default)
2023-02-14 08:19:02,308 [pool-525-thread-1] INFO  storage.RaftStorageDirectory (RaftStorageDirectoryImpl.java:analyzeStorage(137)) - The storage directory /home/runner/work/ozone/ozone/hadoop-ozone/integration-test/target/test-dir/MiniOzoneClusterImpl-9064264e-2b58-4737-9fe3-fdda8e014d69/datanode-2/data/ratis/c89f4c09-8464-4957-aa73-0b30b5cac9a3 does not exist. Creating ...
2023-02-14 08:19:02,308 [pool-525-thread-1] INFO  storage.RaftStorageDirectory (RaftStorageDirectoryImpl.java:tryLock(231)) - Lock on /home/runner/work/ozone/ozone/hadoop-ozone/integration-test/target/test-dir/MiniOzoneClusterImpl-9064264e-2b58-4737-9fe3-fdda8e014d69/datanode-2/data/ratis/c89f4c09-8464-4957-aa73-0b30b5cac9a3/in_use.lock acquired by nodename 11911@fv-az476-382
2023-02-14 08:19:02,309 [pool-525-thread-1] INFO  storage.RaftStorage (RaftStorageImpl.java:format(96)) - Storage directory /home/runner/work/ozone/ozone/hadoop-ozone/integration-test/target/test-dir/MiniOzoneClusterImpl-9064264e-2b58-4737-9fe3-fdda8e014d69/datanode-2/data/ratis/c89f4c09-8464-4957-aa73-0b30b5cac9a3 has been successfully formatted.
2023-02-14 08:19:02,309 [pool-525-thread-1] INFO  ratis.ContainerStateMachine (ContainerStateMachine.java:loadSnapshot(240)) - group-0B30B5CAC9A3: The snapshot info is null. Setting the last applied indexto:(t:0, i:~)
2023-02-14 08:19:02,309 [pool-525-thread-1] INFO  server.RaftServerConfigKeys (ConfUtils.java:logGet(46)) - raft.server.log.use.memory = false (default)
2023-02-14 08:19:02,310 [pool-525-thread-1] INFO  server.RaftServerConfigKeys (ConfUtils.java:logGet(46)) - raft.server.log.purge.gap = 1000000 (custom)
2023-02-14 08:19:02,310 [pool-525-thread-1] INFO  server.RaftServerConfigKeys (ConfUtils.java:logGet(46)) - raft.server.log.appender.buffer.byte-limit = 33554432 (custom)
2023-02-14 08:19:02,310 [pool-525-thread-1] INFO  server.RaftServerConfigKeys (ConfUtils.java:logGet(46)) - raft.server.log.statemachine.data.read.timeout = 1000ms (default)
2023-02-14 08:19:02,310 [pool-525-thread-1] INFO  server.RaftServerConfigKeys (ConfUtils.java:logGet(46)) - raft.server.log.purge.preservation.log.num = 0 (default)
2023-02-14 08:19:02,310 [pool-525-thread-1] INFO  server.RaftServerConfigKeys (ConfUtils.java:logGet(46)) - raft.server.log.segment.size.max = 1048576 (custom)
2023-02-14 08:19:02,310 [pool-525-thread-1] INFO  server.RaftServerConfigKeys (ConfUtils.java:logGet(46)) - raft.server.log.segment.cache.num.max = 2 (custom)
2023-02-14 08:19:02,311 [pool-525-thread-1] INFO  server.RaftServerConfigKeys (ConfUtils.java:logGet(46)) - raft.server.log.segment.cache.size.max = 200MB (=209715200) (default)
2023-02-14 08:19:02,311 [pool-525-thread-1] INFO  segmented.SegmentedRaftLogWorker (SegmentedRaftLogWorker.java:<init>(189)) - new 23624866-2448-40b4-b246-86425eff7cca@group-0B30B5CAC9A3-SegmentedRaftLogWorker for RaftStorageImpl:Storage Directory /home/runner/work/ozone/ozone/hadoop-ozone/integration-test/target/test-dir/MiniOzoneClusterImpl-9064264e-2b58-4737-9fe3-fdda8e014d69/datanode-2/data/ratis/c89f4c09-8464-4957-aa73-0b30b5cac9a3
2023-02-14 08:19:02,311 [pool-525-thread-1] INFO  server.RaftServerConfigKeys (ConfUtils.java:logGet(46)) - raft.server.log.queue.byte-limit = 4294967296 (custom)
2023-02-14 08:19:02,311 [pool-525-thread-1] INFO  server.RaftServerConfigKeys (ConfUtils.java:logGet(46)) - raft.server.log.queue.element-limit = 1024 (custom)
2023-02-14 08:19:02,311 [pool-525-thread-1] INFO  server.RaftServerConfigKeys (ConfUtils.java:logGet(46)) - raft.server.log.segment.size.max = 1048576 (custom)
2023-02-14 08:19:02,311 [pool-525-thread-1] INFO  server.RaftServerConfigKeys (ConfUtils.java:logGet(46)) - raft.server.log.preallocated.size = 16384 (custom)
2023-02-14 08:19:02,311 [pool-525-thread-1] INFO  server.RaftServerConfigKeys (ConfUtils.java:logGet(46)) - raft.server.log.force.sync.num = 128 (default)
2023-02-14 08:19:02,311 [pool-525-thread-1] INFO  server.RaftServerConfigKeys (ConfUtils.java:logGet(46)) - raft.server.log.statemachine.data.sync = true (default)
2023-02-14 08:19:02,311 [pool-525-thread-1] INFO  server.RaftServerConfigKeys (ConfUtils.java:logGet(46)) - raft.server.log.statemachine.data.sync.timeout = 10s (default)
2023-02-14 08:19:02,311 [pool-525-thread-1] INFO  server.RaftServerConfigKeys (ConfUtils.java:logGet(46)) - raft.server.log.statemachine.data.sync.timeout.retry = -1 (default)
2023-02-14 08:19:02,311 [pool-525-thread-1] INFO  server.RaftServerConfigKeys (ConfUtils.java:logGet(46)) - raft.server.log.write.buffer.size = 1048576 (custom)
2023-02-14 08:19:02,311 [pool-525-thread-1] INFO  server.RaftServerConfigKeys (ConfUtils.java:logGet(46)) - raft.server.log.appender.buffer.byte-limit = 33554432 (custom)
2023-02-14 08:19:02,314 [pool-525-thread-1] INFO  server.RaftServerConfigKeys (ConfUtils.java:logGet(46)) - raft.server.log.unsafe-flush.enabled = false (default)
2023-02-14 08:19:02,314 [pool-525-thread-1] INFO  server.RaftServerConfigKeys (ConfUtils.java:logGet(46)) - raft.server.log.async-flush.enabled = false (default)
2023-02-14 08:19:02,314 [pool-525-thread-1] INFO  server.RaftServerConfigKeys (ConfUtils.java:logGet(46)) - raft.server.log.statemachine.data.caching.enabled = true (custom)
2023-02-14 08:19:02,314 [pool-525-thread-1] INFO  segmented.SegmentedRaftLogWorker (SegmentedRaftLogWorker.java:lambda$new$0(135)) - 23624866-2448-40b4-b246-86425eff7cca@group-0B30B5CAC9A3-SegmentedRaftLogWorker: flushIndex: setUnconditionally 0 -> -1
2023-02-14 08:19:02,314 [pool-525-thread-1] INFO  segmented.SegmentedRaftLogWorker (SegmentedRaftLogWorker.java:lambda$new$0(135)) - 23624866-2448-40b4-b246-86425eff7cca@group-0B30B5CAC9A3-SegmentedRaftLogWorker: safeCacheEvictIndex: setUnconditionally 0 -> -1
2023-02-14 08:19:02,314 [pool-525-thread-1] INFO  server.RaftServer$Division (RaftServerImpl.java:start(334)) - 23624866-2448-40b4-b246-86425eff7cca@group-0B30B5CAC9A3: start as a follower, conf=-1: peers:[0910efe8-a84f-4250-8aec-2e536a9734d2|rpc:10.1.0.19:39335|dataStream:10.1.0.19:34839|priority:0|startupRole:FOLLOWER, 6d5fd74e-c16c-4183-9ec8-8461f8bdbc47|rpc:10.1.0.19:44947|dataStream:10.1.0.19:34443|priority:1|startupRole:FOLLOWER, 23624866-2448-40b4-b246-86425eff7cca|rpc:10.1.0.19:37675|dataStream:10.1.0.19:40961|priority:0|startupRole:FOLLOWER]|listeners:[], old=null
2023-02-14 08:19:02,314 [pool-525-thread-1] INFO  server.RaftServer$Division (RaftServerImpl.java:setRole(321)) - 23624866-2448-40b4-b246-86425eff7cca@group-0B30B5CAC9A3: changes role from      null to FOLLOWER at term 0 for startAsFollower
2023-02-14 08:19:02,314 [pool-525-thread-1] INFO  impl.RoleInfo (RoleInfo.java:updateAndGet(139)) - 23624866-2448-40b4-b246-86425eff7cca: start 23624866-2448-40b4-b246-86425eff7cca@group-0B30B5CAC9A3-FollowerState
2023-02-14 08:19:02,315 [pool-525-thread-1] INFO  util.JmxRegister (JmxRegister.java:tryRegister(44)) - Successfully registered JMX Bean with object name Ratis:service=RaftServer,group=group-0B30B5CAC9A3,id=23624866-2448-40b4-b246-86425eff7cca
2023-02-14 08:19:02,315 [pool-525-thread-1] INFO  server.RaftServerConfigKeys (ConfUtils.java:logGet(46)) - raft.server.snapshot.auto.trigger.enabled = true (custom)
2023-02-14 08:19:02,315 [pool-525-thread-1] INFO  server.RaftServerConfigKeys (ConfUtils.java:logGet(46)) - raft.server.snapshot.auto.trigger.threshold = 10000 (custom)
2023-02-14 08:19:02,315 [pool-525-thread-1] INFO  server.RaftServerConfigKeys (ConfUtils.java:logGet(46)) - raft.server.snapshot.retention.file.num = 5 (custom)
2023-02-14 08:19:02,315 [pool-525-thread-1] INFO  server.RaftServerConfigKeys (ConfUtils.java:logGet(46)) - raft.server.log.purge.upto.snapshot.index = false (default)
2023-02-14 08:19:02,315 [23624866-2448-40b4-b246-86425eff7cca@group-0B30B5CAC9A3-FollowerState] INFO  server.RaftServerConfigKeys (ConfUtils.java:logFallback(53)) - raft.server.rpc.first-election.timeout.min = 5s (fallback to raft.server.rpc.timeout.min)
2023-02-14 08:19:02,315 [23624866-2448-40b4-b246-86425eff7cca@group-0B30B5CAC9A3-FollowerState] INFO  server.RaftServerConfigKeys (ConfUtils.java:logFallback(53)) - raft.server.rpc.first-election.timeout.max = 5200ms (fallback to raft.server.rpc.timeout.max)
2023-02-14 08:19:02,324 [grpc-default-executor-0] INFO  server.RaftServer (RaftServerProxy.java:addNew(96)) - 0910efe8-a84f-4250-8aec-2e536a9734d2: addNew group-0B30B5CAC9A3:[0910efe8-a84f-4250-8aec-2e536a9734d2|rpc:10.1.0.19:39335|dataStream:10.1.0.19:34839|priority:0|startupRole:FOLLOWER, 6d5fd74e-c16c-4183-9ec8-8461f8bdbc47|rpc:10.1.0.19:44947|dataStream:10.1.0.19:34443|priority:1|startupRole:FOLLOWER, 23624866-2448-40b4-b246-86425eff7cca|rpc:10.1.0.19:37675|dataStream:10.1.0.19:40961|priority:0|startupRole:FOLLOWER] returns group-0B30B5CAC9A3:java.util.concurrent.CompletableFuture@42d99c08[Not completed]
2023-02-14 08:19:02,324 [pool-503-thread-1] INFO  server.RaftServer$Division (RaftServerImpl.java:<init>(195)) - 0910efe8-a84f-4250-8aec-2e536a9734d2: new RaftServerImpl for group-0B30B5CAC9A3:[0910efe8-a84f-4250-8aec-2e536a9734d2|rpc:10.1.0.19:39335|dataStream:10.1.0.19:34839|priority:0|startupRole:FOLLOWER, 6d5fd74e-c16c-4183-9ec8-8461f8bdbc47|rpc:10.1.0.19:44947|dataStream:10.1.0.19:34443|priority:1|startupRole:FOLLOWER, 23624866-2448-40b4-b246-86425eff7cca|rpc:10.1.0.19:37675|dataStream:10.1.0.19:40961|priority:0|startupRole:FOLLOWER] with ContainerStateMachine:uninitialized
2023-02-14 08:19:02,324 [pool-503-thread-1] INFO  server.RaftServerConfigKeys (ConfUtils.java:logGet(46)) - raft.server.rpc.timeout.min = 5s (custom)
2023-02-14 08:19:02,324 [pool-503-thread-1] INFO  server.RaftServerConfigKeys (ConfUtils.java:logGet(46)) - raft.server.rpc.timeout.max = 5200ms (custom)
2023-02-14 08:19:02,324 [pool-503-thread-1] INFO  server.RaftServerConfigKeys (ConfUtils.java:logGet(46)) - raft.server.rpc.sleep.time = 25ms (default)
2023-02-14 08:19:02,325 [pool-503-thread-1] INFO  server.RaftServerConfigKeys (ConfUtils.java:logGet(46)) - raft.server.rpc.slowness.timeout = 300s (custom)
2023-02-14 08:19:02,325 [pool-503-thread-1] INFO  server.RaftServerConfigKeys (ConfUtils.java:logGet(46)) - raft.server.leaderelection.leader.step-down.wait-time = 10s (default)
2023-02-14 08:19:02,325 [pool-503-thread-1] INFO  server.RaftServerConfigKeys (ConfUtils.java:logGet(46)) - raft.server.sleep.deviation.threshold = 300ms (default)
2023-02-14 08:19:02,325 [pool-503-thread-1] INFO  server.RaftServer$Division (ServerState.java:<init>(118)) - 0910efe8-a84f-4250-8aec-2e536a9734d2@group-0B30B5CAC9A3: ConfigurationManager, init=-1: peers:[0910efe8-a84f-4250-8aec-2e536a9734d2|rpc:10.1.0.19:39335|dataStream:10.1.0.19:34839|priority:0|startupRole:FOLLOWER, 6d5fd74e-c16c-4183-9ec8-8461f8bdbc47|rpc:10.1.0.19:44947|dataStream:10.1.0.19:34443|priority:1|startupRole:FOLLOWER, 23624866-2448-40b4-b246-86425eff7cca|rpc:10.1.0.19:37675|dataStream:10.1.0.19:40961|priority:0|startupRole:FOLLOWER]|listeners:[], old=null, confs=<EMPTY_MAP>
2023-02-14 08:19:02,325 [pool-503-thread-1] INFO  server.RaftServerConfigKeys (ConfUtils.java:logGet(46)) - raft.server.storage.dir = [/home/runner/work/ozone/ozone/hadoop-ozone/integration-test/target/test-dir/MiniOzoneClusterImpl-9064264e-2b58-4737-9fe3-fdda8e014d69/datanode-1/data/ratis] (custom)
2023-02-14 08:19:02,325 [pool-503-thread-1] INFO  server.RaftServerConfigKeys (ConfUtils.java:logGet(46)) - raft.server.log.corruption.policy = EXCEPTION (default)
2023-02-14 08:19:02,325 [pool-503-thread-1] INFO  server.RaftServerConfigKeys (ConfUtils.java:logGet(46)) - raft.server.storage.free-space.min = 0MB (=0) (default)
2023-02-14 08:19:02,325 [pool-503-thread-1] INFO  server.RaftServerConfigKeys (ConfUtils.java:logGet(46)) - raft.server.notification.no-leader.timeout = 300s (custom)
2023-02-14 08:19:02,325 [pool-503-thread-1] INFO  server.RaftServerConfigKeys (ConfUtils.java:logGet(46)) - raft.server.retrycache.expirytime = 600000ms (custom)
2023-02-14 08:19:02,325 [pool-503-thread-1] INFO  server.RaftServerConfigKeys (ConfUtils.java:logGet(46)) - raft.server.retrycache.statistics.expirytime = 100μs (default)
2023-02-14 08:19:02,326 [pool-503-thread-1] INFO  server.RaftServerConfigKeys (ConfUtils.java:logGet(46)) - raft.server.log.appender.install.snapshot.enabled = false (custom)
2023-02-14 08:19:02,326 [pool-503-thread-1] INFO  server.RaftServerConfigKeys (ConfUtils.java:logGet(46)) - raft.server.threadpool.server.cached = true (default)
2023-02-14 08:19:02,326 [pool-503-thread-1] INFO  server.RaftServerConfigKeys (ConfUtils.java:logGet(46)) - raft.server.threadpool.server.size = 0 (default)
2023-02-14 08:19:02,326 [pool-503-thread-1] INFO  server.RaftServerConfigKeys (ConfUtils.java:logGet(46)) - raft.server.threadpool.client.cached = true (default)
2023-02-14 08:19:02,326 [pool-503-thread-1] INFO  server.RaftServerConfigKeys (ConfUtils.java:logGet(46)) - raft.server.threadpool.client.size = 0 (default)
2023-02-14 08:19:02,326 [pool-503-thread-1] INFO  storage.RaftStorageDirectory (RaftStorageDirectoryImpl.java:analyzeStorage(137)) - The storage directory /home/runner/work/ozone/ozone/hadoop-ozone/integration-test/target/test-dir/MiniOzoneClusterImpl-9064264e-2b58-4737-9fe3-fdda8e014d69/datanode-1/data/ratis/c89f4c09-8464-4957-aa73-0b30b5cac9a3 does not exist. Creating ...
2023-02-14 08:19:02,327 [pool-503-thread-1] INFO  storage.RaftStorageDirectory (RaftStorageDirectoryImpl.java:tryLock(231)) - Lock on /home/runner/work/ozone/ozone/hadoop-ozone/integration-test/target/test-dir/MiniOzoneClusterImpl-9064264e-2b58-4737-9fe3-fdda8e014d69/datanode-1/data/ratis/c89f4c09-8464-4957-aa73-0b30b5cac9a3/in_use.lock acquired by nodename 11911@fv-az476-382
2023-02-14 08:19:02,328 [pool-503-thread-1] INFO  storage.RaftStorage (RaftStorageImpl.java:format(96)) - Storage directory /home/runner/work/ozone/ozone/hadoop-ozone/integration-test/target/test-dir/MiniOzoneClusterImpl-9064264e-2b58-4737-9fe3-fdda8e014d69/datanode-1/data/ratis/c89f4c09-8464-4957-aa73-0b30b5cac9a3 has been successfully formatted.
2023-02-14 08:19:02,328 [pool-503-thread-1] INFO  ratis.ContainerStateMachine (ContainerStateMachine.java:loadSnapshot(240)) - group-0B30B5CAC9A3: The snapshot info is null. Setting the last applied indexto:(t:0, i:~)
2023-02-14 08:19:02,328 [pool-503-thread-1] INFO  server.RaftServerConfigKeys (ConfUtils.java:logGet(46)) - raft.server.log.use.memory = false (default)
2023-02-14 08:19:02,328 [pool-503-thread-1] INFO  server.RaftServerConfigKeys (ConfUtils.java:logGet(46)) - raft.server.log.purge.gap = 1000000 (custom)
2023-02-14 08:19:02,328 [pool-503-thread-1] INFO  server.RaftServerConfigKeys (ConfUtils.java:logGet(46)) - raft.server.log.appender.buffer.byte-limit = 33554432 (custom)
2023-02-14 08:19:02,328 [pool-503-thread-1] INFO  server.RaftServerConfigKeys (ConfUtils.java:logGet(46)) - raft.server.log.statemachine.data.read.timeout = 1000ms (default)
2023-02-14 08:19:02,328 [pool-503-thread-1] INFO  server.RaftServerConfigKeys (ConfUtils.java:logGet(46)) - raft.server.log.purge.preservation.log.num = 0 (default)
2023-02-14 08:19:02,329 [pool-503-thread-1] INFO  server.RaftServerConfigKeys (ConfUtils.java:logGet(46)) - raft.server.log.segment.size.max = 1048576 (custom)
2023-02-14 08:19:02,329 [pool-503-thread-1] INFO  server.RaftServerConfigKeys (ConfUtils.java:logGet(46)) - raft.server.log.segment.cache.num.max = 2 (custom)
2023-02-14 08:19:02,329 [pool-503-thread-1] INFO  server.RaftServerConfigKeys (ConfUtils.java:logGet(46)) - raft.server.log.segment.cache.size.max = 200MB (=209715200) (default)
2023-02-14 08:19:02,329 [pool-503-thread-1] INFO  segmented.SegmentedRaftLogWorker (SegmentedRaftLogWorker.java:<init>(189)) - new 0910efe8-a84f-4250-8aec-2e536a9734d2@group-0B30B5CAC9A3-SegmentedRaftLogWorker for RaftStorageImpl:Storage Directory /home/runner/work/ozone/ozone/hadoop-ozone/integration-test/target/test-dir/MiniOzoneClusterImpl-9064264e-2b58-4737-9fe3-fdda8e014d69/datanode-1/data/ratis/c89f4c09-8464-4957-aa73-0b30b5cac9a3
2023-02-14 08:19:02,329 [pool-503-thread-1] INFO  server.RaftServerConfigKeys (ConfUtils.java:logGet(46)) - raft.server.log.queue.byte-limit = 4294967296 (custom)
2023-02-14 08:19:02,329 [pool-503-thread-1] INFO  server.RaftServerConfigKeys (ConfUtils.java:logGet(46)) - raft.server.log.queue.element-limit = 1024 (custom)
2023-02-14 08:19:02,329 [pool-503-thread-1] INFO  server.RaftServerConfigKeys (ConfUtils.java:logGet(46)) - raft.server.log.segment.size.max = 1048576 (custom)
2023-02-14 08:19:02,329 [pool-503-thread-1] INFO  server.RaftServerConfigKeys (ConfUtils.java:logGet(46)) - raft.server.log.preallocated.size = 16384 (custom)
2023-02-14 08:19:02,329 [pool-503-thread-1] INFO  server.RaftServerConfigKeys (ConfUtils.java:logGet(46)) - raft.server.log.force.sync.num = 128 (default)
2023-02-14 08:19:02,329 [pool-503-thread-1] INFO  server.RaftServerConfigKeys (ConfUtils.java:logGet(46)) - raft.server.log.statemachine.data.sync = true (default)
2023-02-14 08:19:02,329 [pool-503-thread-1] INFO  server.RaftServerConfigKeys (ConfUtils.java:logGet(46)) - raft.server.log.statemachine.data.sync.timeout = 10s (default)
2023-02-14 08:19:02,329 [pool-503-thread-1] INFO  server.RaftServerConfigKeys (ConfUtils.java:logGet(46)) - raft.server.log.statemachine.data.sync.timeout.retry = -1 (default)
2023-02-14 08:19:02,330 [pool-503-thread-1] INFO  server.RaftServerConfigKeys (ConfUtils.java:logGet(46)) - raft.server.log.write.buffer.size = 1048576 (custom)
2023-02-14 08:19:02,330 [pool-503-thread-1] INFO  server.RaftServerConfigKeys (ConfUtils.java:logGet(46)) - raft.server.log.appender.buffer.byte-limit = 33554432 (custom)
2023-02-14 08:19:02,333 [pool-503-thread-1] INFO  server.RaftServerConfigKeys (ConfUtils.java:logGet(46)) - raft.server.log.unsafe-flush.enabled = false (default)
2023-02-14 08:19:02,333 [pool-503-thread-1] INFO  server.RaftServerConfigKeys (ConfUtils.java:logGet(46)) - raft.server.log.async-flush.enabled = false (default)
2023-02-14 08:19:02,333 [pool-503-thread-1] INFO  server.RaftServerConfigKeys (ConfUtils.java:logGet(46)) - raft.server.log.statemachine.data.caching.enabled = true (custom)
2023-02-14 08:19:02,333 [pool-503-thread-1] INFO  segmented.SegmentedRaftLogWorker (SegmentedRaftLogWorker.java:lambda$new$0(135)) - 0910efe8-a84f-4250-8aec-2e536a9734d2@group-0B30B5CAC9A3-SegmentedRaftLogWorker: flushIndex: setUnconditionally 0 -> -1
2023-02-14 08:19:02,333 [pool-503-thread-1] INFO  segmented.SegmentedRaftLogWorker (SegmentedRaftLogWorker.java:lambda$new$0(135)) - 0910efe8-a84f-4250-8aec-2e536a9734d2@group-0B30B5CAC9A3-SegmentedRaftLogWorker: safeCacheEvictIndex: setUnconditionally 0 -> -1
2023-02-14 08:19:02,333 [pool-503-thread-1] INFO  server.RaftServer$Division (RaftServerImpl.java:start(334)) - 0910efe8-a84f-4250-8aec-2e536a9734d2@group-0B30B5CAC9A3: start as a follower, conf=-1: peers:[0910efe8-a84f-4250-8aec-2e536a9734d2|rpc:10.1.0.19:39335|dataStream:10.1.0.19:34839|priority:0|startupRole:FOLLOWER, 6d5fd74e-c16c-4183-9ec8-8461f8bdbc47|rpc:10.1.0.19:44947|dataStream:10.1.0.19:34443|priority:1|startupRole:FOLLOWER, 23624866-2448-40b4-b246-86425eff7cca|rpc:10.1.0.19:37675|dataStream:10.1.0.19:40961|priority:0|startupRole:FOLLOWER]|listeners:[], old=null
2023-02-14 08:19:02,333 [pool-503-thread-1] INFO  server.RaftServer$Division (RaftServerImpl.java:setRole(321)) - 0910efe8-a84f-4250-8aec-2e536a9734d2@group-0B30B5CAC9A3: changes role from      null to FOLLOWER at term 0 for startAsFollower
2023-02-14 08:19:02,333 [pool-503-thread-1] INFO  impl.RoleInfo (RoleInfo.java:updateAndGet(139)) - 0910efe8-a84f-4250-8aec-2e536a9734d2: start 0910efe8-a84f-4250-8aec-2e536a9734d2@group-0B30B5CAC9A3-FollowerState
2023-02-14 08:19:02,334 [pool-503-thread-1] INFO  util.JmxRegister (JmxRegister.java:tryRegister(44)) - Successfully registered JMX Bean with object name Ratis:service=RaftServer,group=group-0B30B5CAC9A3,id=0910efe8-a84f-4250-8aec-2e536a9734d2
2023-02-14 08:19:02,334 [pool-503-thread-1] INFO  server.RaftServerConfigKeys (ConfUtils.java:logGet(46)) - raft.server.snapshot.auto.trigger.enabled = true (custom)
2023-02-14 08:19:02,334 [pool-503-thread-1] INFO  server.RaftServerConfigKeys (ConfUtils.java:logGet(46)) - raft.server.snapshot.auto.trigger.threshold = 10000 (custom)
2023-02-14 08:19:02,334 [pool-503-thread-1] INFO  server.RaftServerConfigKeys (ConfUtils.java:logGet(46)) - raft.server.snapshot.retention.file.num = 5 (custom)
2023-02-14 08:19:02,334 [pool-503-thread-1] INFO  server.RaftServerConfigKeys (ConfUtils.java:logGet(46)) - raft.server.log.purge.upto.snapshot.index = false (default)
2023-02-14 08:19:02,334 [0910efe8-a84f-4250-8aec-2e536a9734d2@group-0B30B5CAC9A3-FollowerState] INFO  server.RaftServerConfigKeys (ConfUtils.java:logFallback(53)) - raft.server.rpc.first-election.timeout.min = 5s (fallback to raft.server.rpc.timeout.min)
2023-02-14 08:19:02,334 [0910efe8-a84f-4250-8aec-2e536a9734d2@group-0B30B5CAC9A3-FollowerState] INFO  server.RaftServerConfigKeys (ConfUtils.java:logFallback(53)) - raft.server.rpc.first-election.timeout.max = 5200ms (fallback to raft.server.rpc.timeout.max)
2023-02-14 08:19:02,337 [Command processor thread] INFO  commandhandler.CreatePipelineCommandHandler (CreatePipelineCommandHandler.java:handle(113)) - Created Pipeline RATIS THREE PipelineID=c89f4c09-8464-4957-aa73-0b30b5cac9a3.
2023-02-14 08:19:02,532 [Command processor thread] INFO  server.RaftServer (RaftServerProxy.java:addNew(96)) - 0910efe8-a84f-4250-8aec-2e536a9734d2: addNew group-FE11B043DA55:[0910efe8-a84f-4250-8aec-2e536a9734d2|rpc:10.1.0.19:39335|dataStream:10.1.0.19:34839|priority:1|startupRole:FOLLOWER] returns group-FE11B043DA55:java.util.concurrent.CompletableFuture@7ab29bf0[Not completed]
2023-02-14 08:19:02,532 [pool-503-thread-1] INFO  server.RaftServer$Division (RaftServerImpl.java:<init>(195)) - 0910efe8-a84f-4250-8aec-2e536a9734d2: new RaftServerImpl for group-FE11B043DA55:[0910efe8-a84f-4250-8aec-2e536a9734d2|rpc:10.1.0.19:39335|dataStream:10.1.0.19:34839|priority:1|startupRole:FOLLOWER] with ContainerStateMachine:uninitialized
2023-02-14 08:19:02,533 [pool-503-thread-1] INFO  server.RaftServerConfigKeys (ConfUtils.java:logGet(46)) - raft.server.rpc.timeout.min = 5s (custom)
2023-02-14 08:19:02,533 [pool-503-thread-1] INFO  server.RaftServerConfigKeys (ConfUtils.java:logGet(46)) - raft.server.rpc.timeout.max = 5200ms (custom)
2023-02-14 08:19:02,533 [pool-503-thread-1] INFO  server.RaftServerConfigKeys (ConfUtils.java:logGet(46)) - raft.server.rpc.sleep.time = 25ms (default)
2023-02-14 08:19:02,533 [pool-503-thread-1] INFO  server.RaftServerConfigKeys (ConfUtils.java:logGet(46)) - raft.server.rpc.slowness.timeout = 300s (custom)
2023-02-14 08:19:02,533 [pool-503-thread-1] INFO  server.RaftServerConfigKeys (ConfUtils.java:logGet(46)) - raft.server.leaderelection.leader.step-down.wait-time = 10s (default)
2023-02-14 08:19:02,533 [pool-503-thread-1] INFO  server.RaftServerConfigKeys (ConfUtils.java:logGet(46)) - raft.server.sleep.deviation.threshold = 300ms (default)
2023-02-14 08:19:02,533 [pool-503-thread-1] INFO  server.RaftServer$Division (ServerState.java:<init>(118)) - 0910efe8-a84f-4250-8aec-2e536a9734d2@group-FE11B043DA55: ConfigurationManager, init=-1: peers:[0910efe8-a84f-4250-8aec-2e536a9734d2|rpc:10.1.0.19:39335|dataStream:10.1.0.19:34839|priority:1|startupRole:FOLLOWER]|listeners:[], old=null, confs=<EMPTY_MAP>
2023-02-14 08:19:02,533 [pool-503-thread-1] INFO  server.RaftServerConfigKeys (ConfUtils.java:logGet(46)) - raft.server.storage.dir = [/home/runner/work/ozone/ozone/hadoop-ozone/integration-test/target/test-dir/MiniOzoneClusterImpl-9064264e-2b58-4737-9fe3-fdda8e014d69/datanode-1/data/ratis] (custom)
2023-02-14 08:19:02,533 [pool-503-thread-1] INFO  server.RaftServerConfigKeys (ConfUtils.java:logGet(46)) - raft.server.log.corruption.policy = EXCEPTION (default)
2023-02-14 08:19:02,533 [pool-503-thread-1] INFO  server.RaftServerConfigKeys (ConfUtils.java:logGet(46)) - raft.server.storage.free-space.min = 0MB (=0) (default)
2023-02-14 08:19:02,533 [pool-503-thread-1] INFO  server.RaftServerConfigKeys (ConfUtils.java:logGet(46)) - raft.server.notification.no-leader.timeout = 300s (custom)
2023-02-14 08:19:02,533 [pool-503-thread-1] INFO  server.RaftServerConfigKeys (ConfUtils.java:logGet(46)) - raft.server.retrycache.expirytime = 600000ms (custom)
2023-02-14 08:19:02,533 [pool-503-thread-1] INFO  server.RaftServerConfigKeys (ConfUtils.java:logGet(46)) - raft.server.retrycache.statistics.expirytime = 100μs (default)
2023-02-14 08:19:02,534 [pool-503-thread-1] INFO  server.RaftServerConfigKeys (ConfUtils.java:logGet(46)) - raft.server.log.appender.install.snapshot.enabled = false (custom)
2023-02-14 08:19:02,534 [pool-503-thread-1] INFO  server.RaftServerConfigKeys (ConfUtils.java:logGet(46)) - raft.server.threadpool.server.cached = true (default)
2023-02-14 08:19:02,534 [pool-503-thread-1] INFO  server.RaftServerConfigKeys (ConfUtils.java:logGet(46)) - raft.server.threadpool.server.size = 0 (default)
2023-02-14 08:19:02,534 [pool-503-thread-1] INFO  server.RaftServerConfigKeys (ConfUtils.java:logGet(46)) - raft.server.threadpool.client.cached = true (default)
2023-02-14 08:19:02,534 [pool-503-thread-1] INFO  server.RaftServerConfigKeys (ConfUtils.java:logGet(46)) - raft.server.threadpool.client.size = 0 (default)
2023-02-14 08:19:02,534 [pool-503-thread-1] INFO  storage.RaftStorageDirectory (RaftStorageDirectoryImpl.java:analyzeStorage(137)) - The storage directory /home/runner/work/ozone/ozone/hadoop-ozone/integration-test/target/test-dir/MiniOzoneClusterImpl-9064264e-2b58-4737-9fe3-fdda8e014d69/datanode-1/data/ratis/095b0e96-1f79-4a3c-a5f2-fe11b043da55 does not exist. Creating ...
2023-02-14 08:19:02,534 [Listener at 127.0.0.1/32845] INFO  ozone.MiniOzoneClusterImpl (MiniOzoneClusterImpl.java:lambda$waitForClusterToBeReady$0(218)) - Nodes are ready. Got 5 of 5 DN Heartbeats.
2023-02-14 08:19:02,534 [Listener at 127.0.0.1/32845] INFO  ozone.MiniOzoneClusterImpl (MiniOzoneClusterImpl.java:lambda$waitForClusterToBeReady$0(221)) - Waiting for cluster to exit safe mode
2023-02-14 08:19:02,534 [Listener at 127.0.0.1/32845] INFO  ozone.MiniOzoneClusterImpl (MiniOzoneClusterImpl.java:lambda$waitForClusterToBeReady$0(223)) - SCM became leader
2023-02-14 08:19:02,535 [pool-503-thread-1] INFO  storage.RaftStorageDirectory (RaftStorageDirectoryImpl.java:tryLock(231)) - Lock on /home/runner/work/ozone/ozone/hadoop-ozone/integration-test/target/test-dir/MiniOzoneClusterImpl-9064264e-2b58-4737-9fe3-fdda8e014d69/datanode-1/data/ratis/095b0e96-1f79-4a3c-a5f2-fe11b043da55/in_use.lock acquired by nodename 11911@fv-az476-382
2023-02-14 08:19:02,537 [pool-503-thread-1] INFO  storage.RaftStorage (RaftStorageImpl.java:format(96)) - Storage directory /home/runner/work/ozone/ozone/hadoop-ozone/integration-test/target/test-dir/MiniOzoneClusterImpl-9064264e-2b58-4737-9fe3-fdda8e014d69/datanode-1/data/ratis/095b0e96-1f79-4a3c-a5f2-fe11b043da55 has been successfully formatted.
2023-02-14 08:19:02,537 [pool-503-thread-1] INFO  ratis.ContainerStateMachine (ContainerStateMachine.java:loadSnapshot(240)) - group-FE11B043DA55: The snapshot info is null. Setting the last applied indexto:(t:0, i:~)
2023-02-14 08:19:02,537 [pool-503-thread-1] INFO  server.RaftServerConfigKeys (ConfUtils.java:logGet(46)) - raft.server.log.use.memory = false (default)
2023-02-14 08:19:02,537 [pool-503-thread-1] INFO  server.RaftServerConfigKeys (ConfUtils.java:logGet(46)) - raft.server.log.purge.gap = 1000000 (custom)
2023-02-14 08:19:02,537 [pool-503-thread-1] INFO  server.RaftServerConfigKeys (ConfUtils.java:logGet(46)) - raft.server.log.appender.buffer.byte-limit = 33554432 (custom)
2023-02-14 08:19:02,538 [EventQueue-PipelineReportForPipelineReportHandler] INFO  pipeline.PipelineManagerImpl (PipelineManagerImpl.java:openPipeline(367)) - Pipeline Pipeline[ Id: 095b0e96-1f79-4a3c-a5f2-fe11b043da55, Nodes: 0910efe8-a84f-4250-8aec-2e536a9734d2(fv-az476-382.2mevl5kwmm3ezivwarakluutxb.phxx.internal.cloudapp.net/10.1.0.19), ReplicationConfig: RATIS/ONE, State:ALLOCATED, leaderId:0910efe8-a84f-4250-8aec-2e536a9734d2, CreationTimestamp2023-02-14T08:18:59.533Z[Etc/UTC]] moved to OPEN state
2023-02-14 08:19:02,538 [pool-503-thread-1] INFO  server.RaftServerConfigKeys (ConfUtils.java:logGet(46)) - raft.server.log.statemachine.data.read.timeout = 1000ms (default)
2023-02-14 08:19:02,538 [pool-503-thread-1] INFO  server.RaftServerConfigKeys (ConfUtils.java:logGet(46)) - raft.server.log.purge.preservation.log.num = 0 (default)
2023-02-14 08:19:02,538 [pool-503-thread-1] INFO  server.RaftServerConfigKeys (ConfUtils.java:logGet(46)) - raft.server.log.segment.size.max = 1048576 (custom)
2023-02-14 08:19:02,538 [EventQueue-OpenPipelineForHealthyPipelineSafeModeRule] INFO  safemode.SCMSafeModeManager (HealthyPipelineSafeModeRule.java:process(137)) - SCM in safe mode. Healthy pipelines reported count is 0, required healthy pipeline reported count is 1
2023-02-14 08:19:02,538 [pool-503-thread-1] INFO  server.RaftServerConfigKeys (ConfUtils.java:logGet(46)) - raft.server.log.segment.cache.num.max = 2 (custom)
2023-02-14 08:19:02,538 [pool-503-thread-1] INFO  server.RaftServerConfigKeys (ConfUtils.java:logGet(46)) - raft.server.log.segment.cache.size.max = 200MB (=209715200) (default)
2023-02-14 08:19:02,538 [pool-503-thread-1] INFO  segmented.SegmentedRaftLogWorker (SegmentedRaftLogWorker.java:<init>(189)) - new 0910efe8-a84f-4250-8aec-2e536a9734d2@group-FE11B043DA55-SegmentedRaftLogWorker for RaftStorageImpl:Storage Directory /home/runner/work/ozone/ozone/hadoop-ozone/integration-test/target/test-dir/MiniOzoneClusterImpl-9064264e-2b58-4737-9fe3-fdda8e014d69/datanode-1/data/ratis/095b0e96-1f79-4a3c-a5f2-fe11b043da55
2023-02-14 08:19:02,538 [pool-503-thread-1] INFO  server.RaftServerConfigKeys (ConfUtils.java:logGet(46)) - raft.server.log.queue.byte-limit = 4294967296 (custom)
2023-02-14 08:19:02,538 [pool-503-thread-1] INFO  server.RaftServerConfigKeys (ConfUtils.java:logGet(46)) - raft.server.log.queue.element-limit = 1024 (custom)
2023-02-14 08:19:02,538 [pool-503-thread-1] INFO  server.RaftServerConfigKeys (ConfUtils.java:logGet(46)) - raft.server.log.segment.size.max = 1048576 (custom)
2023-02-14 08:19:02,538 [pool-503-thread-1] INFO  server.RaftServerConfigKeys (ConfUtils.java:logGet(46)) - raft.server.log.preallocated.size = 16384 (custom)
2023-02-14 08:19:02,539 [pool-503-thread-1] INFO  server.RaftServerConfigKeys (ConfUtils.java:logGet(46)) - raft.server.log.force.sync.num = 128 (default)
2023-02-14 08:19:02,539 [pool-503-thread-1] INFO  server.RaftServerConfigKeys (ConfUtils.java:logGet(46)) - raft.server.log.statemachine.data.sync = true (default)
2023-02-14 08:19:02,539 [pool-503-thread-1] INFO  server.RaftServerConfigKeys (ConfUtils.java:logGet(46)) - raft.server.log.statemachine.data.sync.timeout = 10s (default)
2023-02-14 08:19:02,539 [pool-503-thread-1] INFO  server.RaftServerConfigKeys (ConfUtils.java:logGet(46)) - raft.server.log.statemachine.data.sync.timeout.retry = -1 (default)
2023-02-14 08:19:02,539 [pool-503-thread-1] INFO  server.RaftServerConfigKeys (ConfUtils.java:logGet(46)) - raft.server.log.write.buffer.size = 1048576 (custom)
2023-02-14 08:19:02,539 [pool-503-thread-1] INFO  server.RaftServerConfigKeys (ConfUtils.java:logGet(46)) - raft.server.log.appender.buffer.byte-limit = 33554432 (custom)
2023-02-14 08:19:02,544 [pool-503-thread-1] INFO  server.RaftServerConfigKeys (ConfUtils.java:logGet(46)) - raft.server.log.unsafe-flush.enabled = false (default)
2023-02-14 08:19:02,544 [pool-503-thread-1] INFO  server.RaftServerConfigKeys (ConfUtils.java:logGet(46)) - raft.server.log.async-flush.enabled = false (default)
2023-02-14 08:19:02,544 [pool-503-thread-1] INFO  server.RaftServerConfigKeys (ConfUtils.java:logGet(46)) - raft.server.log.statemachine.data.caching.enabled = true (custom)
2023-02-14 08:19:02,544 [pool-503-thread-1] INFO  segmented.SegmentedRaftLogWorker (SegmentedRaftLogWorker.java:lambda$new$0(135)) - 0910efe8-a84f-4250-8aec-2e536a9734d2@group-FE11B043DA55-SegmentedRaftLogWorker: flushIndex: setUnconditionally 0 -> -1
2023-02-14 08:19:02,544 [pool-503-thread-1] INFO  segmented.SegmentedRaftLogWorker (SegmentedRaftLogWorker.java:lambda$new$0(135)) - 0910efe8-a84f-4250-8aec-2e536a9734d2@group-FE11B043DA55-SegmentedRaftLogWorker: safeCacheEvictIndex: setUnconditionally 0 -> -1
2023-02-14 08:19:02,545 [pool-503-thread-1] INFO  server.RaftServer$Division (RaftServerImpl.java:start(334)) - 0910efe8-a84f-4250-8aec-2e536a9734d2@group-FE11B043DA55: start as a follower, conf=-1: peers:[0910efe8-a84f-4250-8aec-2e536a9734d2|rpc:10.1.0.19:39335|dataStream:10.1.0.19:34839|priority:1|startupRole:FOLLOWER]|listeners:[], old=null
2023-02-14 08:19:02,545 [pool-503-thread-1] INFO  server.RaftServer$Division (RaftServerImpl.java:setRole(321)) - 0910efe8-a84f-4250-8aec-2e536a9734d2@group-FE11B043DA55: changes role from      null to FOLLOWER at term 0 for startAsFollower
2023-02-14 08:19:02,545 [pool-503-thread-1] INFO  impl.RoleInfo (RoleInfo.java:updateAndGet(139)) - 0910efe8-a84f-4250-8aec-2e536a9734d2: start 0910efe8-a84f-4250-8aec-2e536a9734d2@group-FE11B043DA55-FollowerState
2023-02-14 08:19:02,545 [pool-503-thread-1] INFO  util.JmxRegister (JmxRegister.java:tryRegister(44)) - Successfully registered JMX Bean with object name Ratis:service=RaftServer,group=group-FE11B043DA55,id=0910efe8-a84f-4250-8aec-2e536a9734d2
2023-02-14 08:19:02,545 [pool-503-thread-1] INFO  server.RaftServerConfigKeys (ConfUtils.java:logGet(46)) - raft.server.snapshot.auto.trigger.enabled = true (custom)
2023-02-14 08:19:02,546 [pool-503-thread-1] INFO  server.RaftServerConfigKeys (ConfUtils.java:logGet(46)) - raft.server.snapshot.auto.trigger.threshold = 10000 (custom)
2023-02-14 08:19:02,546 [pool-503-thread-1] INFO  server.RaftServerConfigKeys (ConfUtils.java:logGet(46)) - raft.server.snapshot.retention.file.num = 5 (custom)
2023-02-14 08:19:02,546 [pool-503-thread-1] INFO  server.RaftServerConfigKeys (ConfUtils.java:logGet(46)) - raft.server.log.purge.upto.snapshot.index = false (default)
2023-02-14 08:19:02,546 [0910efe8-a84f-4250-8aec-2e536a9734d2@group-FE11B043DA55-FollowerState] INFO  server.RaftServerConfigKeys (ConfUtils.java:logFallback(53)) - raft.server.rpc.first-election.timeout.min = 5s (fallback to raft.server.rpc.timeout.min)
2023-02-14 08:19:02,546 [0910efe8-a84f-4250-8aec-2e536a9734d2@group-FE11B043DA55-FollowerState] INFO  server.RaftServerConfigKeys (ConfUtils.java:logFallback(53)) - raft.server.rpc.first-election.timeout.max = 5200ms (fallback to raft.server.rpc.timeout.max)
2023-02-14 08:19:02,547 [Command processor thread] INFO  ratis.XceiverServerRatis (XceiverServerRatis.java:addGroup(807)) - Created group PipelineID=095b0e96-1f79-4a3c-a5f2-fe11b043da55
2023-02-14 08:19:02,547 [Command processor thread] INFO  commandhandler.CreatePipelineCommandHandler (CreatePipelineCommandHandler.java:handle(113)) - Created Pipeline RATIS ONE PipelineID=095b0e96-1f79-4a3c-a5f2-fe11b043da55.
2023-02-14 08:19:02,855 [Command processor thread] INFO  server.RaftServer (RaftServerProxy.java:addNew(96)) - 23624866-2448-40b4-b246-86425eff7cca: addNew group-E8982B25E58D:[23624866-2448-40b4-b246-86425eff7cca|rpc:10.1.0.19:37675|dataStream:10.1.0.19:40961|priority:1|startupRole:FOLLOWER] returns group-E8982B25E58D:java.util.concurrent.CompletableFuture@679d9dc6[Not completed]
2023-02-14 08:19:02,856 [pool-525-thread-1] INFO  server.RaftServer$Division (RaftServerImpl.java:<init>(195)) - 23624866-2448-40b4-b246-86425eff7cca: new RaftServerImpl for group-E8982B25E58D:[23624866-2448-40b4-b246-86425eff7cca|rpc:10.1.0.19:37675|dataStream:10.1.0.19:40961|priority:1|startupRole:FOLLOWER] with ContainerStateMachine:uninitialized
2023-02-14 08:19:02,856 [pool-525-thread-1] INFO  server.RaftServerConfigKeys (ConfUtils.java:logGet(46)) - raft.server.rpc.timeout.min = 5s (custom)
2023-02-14 08:19:02,856 [pool-525-thread-1] INFO  server.RaftServerConfigKeys (ConfUtils.java:logGet(46)) - raft.server.rpc.timeout.max = 5200ms (custom)
2023-02-14 08:19:02,856 [pool-525-thread-1] INFO  server.RaftServerConfigKeys (ConfUtils.java:logGet(46)) - raft.server.rpc.sleep.time = 25ms (default)
2023-02-14 08:19:02,856 [pool-525-thread-1] INFO  server.RaftServerConfigKeys (ConfUtils.java:logGet(46)) - raft.server.rpc.slowness.timeout = 300s (custom)
2023-02-14 08:19:02,856 [pool-525-thread-1] INFO  server.RaftServerConfigKeys (ConfUtils.java:logGet(46)) - raft.server.leaderelection.leader.step-down.wait-time = 10s (default)
2023-02-14 08:19:02,856 [pool-525-thread-1] INFO  server.RaftServerConfigKeys (ConfUtils.java:logGet(46)) - raft.server.sleep.deviation.threshold = 300ms (default)
2023-02-14 08:19:02,856 [pool-525-thread-1] INFO  server.RaftServer$Division (ServerState.java:<init>(118)) - 23624866-2448-40b4-b246-86425eff7cca@group-E8982B25E58D: ConfigurationManager, init=-1: peers:[23624866-2448-40b4-b246-86425eff7cca|rpc:10.1.0.19:37675|dataStream:10.1.0.19:40961|priority:1|startupRole:FOLLOWER]|listeners:[], old=null, confs=<EMPTY_MAP>
2023-02-14 08:19:02,856 [pool-525-thread-1] INFO  server.RaftServerConfigKeys (ConfUtils.java:logGet(46)) - raft.server.storage.dir = [/home/runner/work/ozone/ozone/hadoop-ozone/integration-test/target/test-dir/MiniOzoneClusterImpl-9064264e-2b58-4737-9fe3-fdda8e014d69/datanode-2/data/ratis] (custom)
2023-02-14 08:19:02,857 [pool-525-thread-1] INFO  server.RaftServerConfigKeys (ConfUtils.java:logGet(46)) - raft.server.log.corruption.policy = EXCEPTION (default)
2023-02-14 08:19:02,857 [pool-525-thread-1] INFO  server.RaftServerConfigKeys (ConfUtils.java:logGet(46)) - raft.server.storage.free-space.min = 0MB (=0) (default)
2023-02-14 08:19:02,857 [pool-525-thread-1] INFO  server.RaftServerConfigKeys (ConfUtils.java:logGet(46)) - raft.server.notification.no-leader.timeout = 300s (custom)
2023-02-14 08:19:02,857 [pool-525-thread-1] INFO  server.RaftServerConfigKeys (ConfUtils.java:logGet(46)) - raft.server.retrycache.expirytime = 600000ms (custom)
2023-02-14 08:19:02,857 [pool-525-thread-1] INFO  server.RaftServerConfigKeys (ConfUtils.java:logGet(46)) - raft.server.retrycache.statistics.expirytime = 100μs (default)
2023-02-14 08:19:02,857 [pool-525-thread-1] INFO  server.RaftServerConfigKeys (ConfUtils.java:logGet(46)) - raft.server.log.appender.install.snapshot.enabled = false (custom)
2023-02-14 08:19:02,857 [pool-525-thread-1] INFO  server.RaftServerConfigKeys (ConfUtils.java:logGet(46)) - raft.server.threadpool.server.cached = true (default)
2023-02-14 08:19:02,857 [pool-525-thread-1] INFO  server.RaftServerConfigKeys (ConfUtils.java:logGet(46)) - raft.server.threadpool.server.size = 0 (default)
2023-02-14 08:19:02,857 [pool-525-thread-1] INFO  server.RaftServerConfigKeys (ConfUtils.java:logGet(46)) - raft.server.threadpool.client.cached = true (default)
2023-02-14 08:19:02,857 [pool-525-thread-1] INFO  server.RaftServerConfigKeys (ConfUtils.java:logGet(46)) - raft.server.threadpool.client.size = 0 (default)
2023-02-14 08:19:02,858 [pool-525-thread-1] INFO  storage.RaftStorageDirectory (RaftStorageDirectoryImpl.java:analyzeStorage(137)) - The storage directory /home/runner/work/ozone/ozone/hadoop-ozone/integration-test/target/test-dir/MiniOzoneClusterImpl-9064264e-2b58-4737-9fe3-fdda8e014d69/datanode-2/data/ratis/a140a3da-e262-43c7-a7ad-e8982b25e58d does not exist. Creating ...
2023-02-14 08:19:02,858 [pool-525-thread-1] INFO  storage.RaftStorageDirectory (RaftStorageDirectoryImpl.java:tryLock(231)) - Lock on /home/runner/work/ozone/ozone/hadoop-ozone/integration-test/target/test-dir/MiniOzoneClusterImpl-9064264e-2b58-4737-9fe3-fdda8e014d69/datanode-2/data/ratis/a140a3da-e262-43c7-a7ad-e8982b25e58d/in_use.lock acquired by nodename 11911@fv-az476-382
2023-02-14 08:19:02,859 [pool-525-thread-1] INFO  storage.RaftStorage (RaftStorageImpl.java:format(96)) - Storage directory /home/runner/work/ozone/ozone/hadoop-ozone/integration-test/target/test-dir/MiniOzoneClusterImpl-9064264e-2b58-4737-9fe3-fdda8e014d69/datanode-2/data/ratis/a140a3da-e262-43c7-a7ad-e8982b25e58d has been successfully formatted.
2023-02-14 08:19:02,860 [pool-525-thread-1] INFO  ratis.ContainerStateMachine (ContainerStateMachine.java:loadSnapshot(240)) - group-E8982B25E58D: The snapshot info is null. Setting the last applied indexto:(t:0, i:~)
2023-02-14 08:19:02,860 [pool-525-thread-1] INFO  server.RaftServerConfigKeys (ConfUtils.java:logGet(46)) - raft.server.log.use.memory = false (default)
2023-02-14 08:19:02,860 [pool-525-thread-1] INFO  server.RaftServerConfigKeys (ConfUtils.java:logGet(46)) - raft.server.log.purge.gap = 1000000 (custom)
2023-02-14 08:19:02,860 [pool-525-thread-1] INFO  server.RaftServerConfigKeys (ConfUtils.java:logGet(46)) - raft.server.log.appender.buffer.byte-limit = 33554432 (custom)
2023-02-14 08:19:02,860 [pool-525-thread-1] INFO  server.RaftServerConfigKeys (ConfUtils.java:logGet(46)) - raft.server.log.statemachine.data.read.timeout = 1000ms (default)
2023-02-14 08:19:02,860 [pool-525-thread-1] INFO  server.RaftServerConfigKeys (ConfUtils.java:logGet(46)) - raft.server.log.purge.preservation.log.num = 0 (default)
2023-02-14 08:19:02,860 [pool-525-thread-1] INFO  server.RaftServerConfigKeys (ConfUtils.java:logGet(46)) - raft.server.log.segment.size.max = 1048576 (custom)
2023-02-14 08:19:02,860 [pool-525-thread-1] INFO  server.RaftServerConfigKeys (ConfUtils.java:logGet(46)) - raft.server.log.segment.cache.num.max = 2 (custom)
2023-02-14 08:19:02,860 [pool-525-thread-1] INFO  server.RaftServerConfigKeys (ConfUtils.java:logGet(46)) - raft.server.log.segment.cache.size.max = 200MB (=209715200) (default)
2023-02-14 08:19:02,860 [pool-525-thread-1] INFO  segmented.SegmentedRaftLogWorker (SegmentedRaftLogWorker.java:<init>(189)) - new 23624866-2448-40b4-b246-86425eff7cca@group-E8982B25E58D-SegmentedRaftLogWorker for RaftStorageImpl:Storage Directory /home/runner/work/ozone/ozone/hadoop-ozone/integration-test/target/test-dir/MiniOzoneClusterImpl-9064264e-2b58-4737-9fe3-fdda8e014d69/datanode-2/data/ratis/a140a3da-e262-43c7-a7ad-e8982b25e58d
2023-02-14 08:19:02,860 [pool-525-thread-1] INFO  server.RaftServerConfigKeys (ConfUtils.java:logGet(46)) - raft.server.log.queue.byte-limit = 4294967296 (custom)
2023-02-14 08:19:02,860 [pool-525-thread-1] INFO  server.RaftServerConfigKeys (ConfUtils.java:logGet(46)) - raft.server.log.queue.element-limit = 1024 (custom)
2023-02-14 08:19:02,860 [pool-525-thread-1] INFO  server.RaftServerConfigKeys (ConfUtils.java:logGet(46)) - raft.server.log.segment.size.max = 1048576 (custom)
2023-02-14 08:19:02,860 [EventQueue-PipelineReportForPipelineReportHandler] INFO  pipeline.PipelineManagerImpl (PipelineManagerImpl.java:openPipeline(367)) - Pipeline Pipeline[ Id: a140a3da-e262-43c7-a7ad-e8982b25e58d, Nodes: 23624866-2448-40b4-b246-86425eff7cca(fv-az476-382.2mevl5kwmm3ezivwarakluutxb.phxx.internal.cloudapp.net/10.1.0.19), ReplicationConfig: RATIS/ONE, State:ALLOCATED, leaderId:23624866-2448-40b4-b246-86425eff7cca, CreationTimestamp2023-02-14T08:18:59.858Z[Etc/UTC]] moved to OPEN state
2023-02-14 08:19:02,861 [pool-525-thread-1] INFO  server.RaftServerConfigKeys (ConfUtils.java:logGet(46)) - raft.server.log.preallocated.size = 16384 (custom)
2023-02-14 08:19:02,861 [pool-525-thread-1] INFO  server.RaftServerConfigKeys (ConfUtils.java:logGet(46)) - raft.server.log.force.sync.num = 128 (default)
2023-02-14 08:19:02,861 [pool-525-thread-1] INFO  server.RaftServerConfigKeys (ConfUtils.java:logGet(46)) - raft.server.log.statemachine.data.sync = true (default)
2023-02-14 08:19:02,861 [pool-525-thread-1] INFO  server.RaftServerConfigKeys (ConfUtils.java:logGet(46)) - raft.server.log.statemachine.data.sync.timeout = 10s (default)
2023-02-14 08:19:02,861 [pool-525-thread-1] INFO  server.RaftServerConfigKeys (ConfUtils.java:logGet(46)) - raft.server.log.statemachine.data.sync.timeout.retry = -1 (default)
2023-02-14 08:19:02,861 [EventQueue-OpenPipelineForHealthyPipelineSafeModeRule] INFO  safemode.SCMSafeModeManager (HealthyPipelineSafeModeRule.java:process(137)) - SCM in safe mode. Healthy pipelines reported count is 0, required healthy pipeline reported count is 1
2023-02-14 08:19:02,861 [pool-525-thread-1] INFO  server.RaftServerConfigKeys (ConfUtils.java:logGet(46)) - raft.server.log.write.buffer.size = 1048576 (custom)
2023-02-14 08:19:02,861 [pool-525-thread-1] INFO  server.RaftServerConfigKeys (ConfUtils.java:logGet(46)) - raft.server.log.appender.buffer.byte-limit = 33554432 (custom)
2023-02-14 08:19:02,864 [pool-525-thread-1] INFO  server.RaftServerConfigKeys (ConfUtils.java:logGet(46)) - raft.server.log.unsafe-flush.enabled = false (default)
2023-02-14 08:19:02,864 [pool-525-thread-1] INFO  server.RaftServerConfigKeys (ConfUtils.java:logGet(46)) - raft.server.log.async-flush.enabled = false (default)
2023-02-14 08:19:02,864 [pool-525-thread-1] INFO  server.RaftServerConfigKeys (ConfUtils.java:logGet(46)) - raft.server.log.statemachine.data.caching.enabled = true (custom)
2023-02-14 08:19:02,864 [pool-525-thread-1] INFO  segmented.SegmentedRaftLogWorker (SegmentedRaftLogWorker.java:lambda$new$0(135)) - 23624866-2448-40b4-b246-86425eff7cca@group-E8982B25E58D-SegmentedRaftLogWorker: flushIndex: setUnconditionally 0 -> -1
2023-02-14 08:19:02,864 [pool-525-thread-1] INFO  segmented.SegmentedRaftLogWorker (SegmentedRaftLogWorker.java:lambda$new$0(135)) - 23624866-2448-40b4-b246-86425eff7cca@group-E8982B25E58D-SegmentedRaftLogWorker: safeCacheEvictIndex: setUnconditionally 0 -> -1
2023-02-14 08:19:02,865 [pool-525-thread-1] INFO  server.RaftServer$Division (RaftServerImpl.java:start(334)) - 23624866-2448-40b4-b246-86425eff7cca@group-E8982B25E58D: start as a follower, conf=-1: peers:[23624866-2448-40b4-b246-86425eff7cca|rpc:10.1.0.19:37675|dataStream:10.1.0.19:40961|priority:1|startupRole:FOLLOWER]|listeners:[], old=null
2023-02-14 08:19:02,865 [pool-525-thread-1] INFO  server.RaftServer$Division (RaftServerImpl.java:setRole(321)) - 23624866-2448-40b4-b246-86425eff7cca@group-E8982B25E58D: changes role from      null to FOLLOWER at term 0 for startAsFollower
2023-02-14 08:19:02,865 [pool-525-thread-1] INFO  impl.RoleInfo (RoleInfo.java:updateAndGet(139)) - 23624866-2448-40b4-b246-86425eff7cca: start 23624866-2448-40b4-b246-86425eff7cca@group-E8982B25E58D-FollowerState
2023-02-14 08:19:02,865 [pool-525-thread-1] INFO  util.JmxRegister (JmxRegister.java:tryRegister(44)) - Successfully registered JMX Bean with object name Ratis:service=RaftServer,group=group-E8982B25E58D,id=23624866-2448-40b4-b246-86425eff7cca
2023-02-14 08:19:02,865 [pool-525-thread-1] INFO  server.RaftServerConfigKeys (ConfUtils.java:logGet(46)) - raft.server.snapshot.auto.trigger.enabled = true (custom)
2023-02-14 08:19:02,865 [pool-525-thread-1] INFO  server.RaftServerConfigKeys (ConfUtils.java:logGet(46)) - raft.server.snapshot.auto.trigger.threshold = 10000 (custom)
2023-02-14 08:19:02,865 [pool-525-thread-1] INFO  server.RaftServerConfigKeys (ConfUtils.java:logGet(46)) - raft.server.snapshot.retention.file.num = 5 (custom)
2023-02-14 08:19:02,865 [pool-525-thread-1] INFO  server.RaftServerConfigKeys (ConfUtils.java:logGet(46)) - raft.server.log.purge.upto.snapshot.index = false (default)
2023-02-14 08:19:02,865 [23624866-2448-40b4-b246-86425eff7cca@group-E8982B25E58D-FollowerState] INFO  server.RaftServerConfigKeys (ConfUtils.java:logFallback(53)) - raft.server.rpc.first-election.timeout.min = 5s (fallback to raft.server.rpc.timeout.min)
2023-02-14 08:19:02,865 [23624866-2448-40b4-b246-86425eff7cca@group-E8982B25E58D-FollowerState] INFO  server.RaftServerConfigKeys (ConfUtils.java:logFallback(53)) - raft.server.rpc.first-election.timeout.max = 5200ms (fallback to raft.server.rpc.timeout.max)
2023-02-14 08:19:02,866 [Command processor thread] INFO  ratis.XceiverServerRatis (XceiverServerRatis.java:addGroup(807)) - Created group PipelineID=a140a3da-e262-43c7-a7ad-e8982b25e58d
2023-02-14 08:19:02,866 [Command processor thread] INFO  commandhandler.CreatePipelineCommandHandler (CreatePipelineCommandHandler.java:handle(113)) - Created Pipeline RATIS ONE PipelineID=a140a3da-e262-43c7-a7ad-e8982b25e58d.
2023-02-14 08:19:03,174 [Command processor thread] INFO  server.RaftServer (RaftServerProxy.java:addNew(96)) - beec9a9c-14cf-4df1-af52-b967c7424cdf: addNew group-7A84499AA605:[beec9a9c-14cf-4df1-af52-b967c7424cdf|rpc:10.1.0.19:42807|dataStream:10.1.0.19:40995|priority:1|startupRole:FOLLOWER] returns group-7A84499AA605:java.util.concurrent.CompletableFuture@579bb5f6[Not completed]
2023-02-14 08:19:03,175 [pool-547-thread-1] INFO  server.RaftServer$Division (RaftServerImpl.java:<init>(195)) - beec9a9c-14cf-4df1-af52-b967c7424cdf: new RaftServerImpl for group-7A84499AA605:[beec9a9c-14cf-4df1-af52-b967c7424cdf|rpc:10.1.0.19:42807|dataStream:10.1.0.19:40995|priority:1|startupRole:FOLLOWER] with ContainerStateMachine:uninitialized
2023-02-14 08:19:03,175 [pool-547-thread-1] INFO  server.RaftServerConfigKeys (ConfUtils.java:logGet(46)) - raft.server.rpc.timeout.min = 5s (custom)
2023-02-14 08:19:03,175 [pool-547-thread-1] INFO  server.RaftServerConfigKeys (ConfUtils.java:logGet(46)) - raft.server.rpc.timeout.max = 5200ms (custom)
2023-02-14 08:19:03,175 [pool-547-thread-1] INFO  server.RaftServerConfigKeys (ConfUtils.java:logGet(46)) - raft.server.rpc.sleep.time = 25ms (default)
2023-02-14 08:19:03,176 [pool-547-thread-1] INFO  server.RaftServerConfigKeys (ConfUtils.java:logGet(46)) - raft.server.rpc.slowness.timeout = 300s (custom)
2023-02-14 08:19:03,176 [pool-547-thread-1] INFO  server.RaftServerConfigKeys (ConfUtils.java:logGet(46)) - raft.server.leaderelection.leader.step-down.wait-time = 10s (default)
2023-02-14 08:19:03,176 [pool-547-thread-1] INFO  server.RaftServerConfigKeys (ConfUtils.java:logGet(46)) - raft.server.sleep.deviation.threshold = 300ms (default)
2023-02-14 08:19:03,176 [pool-547-thread-1] INFO  server.RaftServer$Division (ServerState.java:<init>(118)) - beec9a9c-14cf-4df1-af52-b967c7424cdf@group-7A84499AA605: ConfigurationManager, init=-1: peers:[beec9a9c-14cf-4df1-af52-b967c7424cdf|rpc:10.1.0.19:42807|dataStream:10.1.0.19:40995|priority:1|startupRole:FOLLOWER]|listeners:[], old=null, confs=<EMPTY_MAP>
2023-02-14 08:19:03,176 [pool-547-thread-1] INFO  server.RaftServerConfigKeys (ConfUtils.java:logGet(46)) - raft.server.storage.dir = [/home/runner/work/ozone/ozone/hadoop-ozone/integration-test/target/test-dir/MiniOzoneClusterImpl-9064264e-2b58-4737-9fe3-fdda8e014d69/datanode-3/data/ratis] (custom)
2023-02-14 08:19:03,176 [pool-547-thread-1] INFO  server.RaftServerConfigKeys (ConfUtils.java:logGet(46)) - raft.server.log.corruption.policy = EXCEPTION (default)
2023-02-14 08:19:03,176 [pool-547-thread-1] INFO  server.RaftServerConfigKeys (ConfUtils.java:logGet(46)) - raft.server.storage.free-space.min = 0MB (=0) (default)
2023-02-14 08:19:03,176 [pool-547-thread-1] INFO  server.RaftServerConfigKeys (ConfUtils.java:logGet(46)) - raft.server.notification.no-leader.timeout = 300s (custom)
2023-02-14 08:19:03,177 [pool-547-thread-1] INFO  server.RaftServerConfigKeys (ConfUtils.java:logGet(46)) - raft.server.retrycache.expirytime = 600000ms (custom)
2023-02-14 08:19:03,177 [pool-547-thread-1] INFO  server.RaftServerConfigKeys (ConfUtils.java:logGet(46)) - raft.server.retrycache.statistics.expirytime = 100μs (default)
2023-02-14 08:19:03,178 [pool-547-thread-1] INFO  server.RaftServerConfigKeys (ConfUtils.java:logGet(46)) - raft.server.log.appender.install.snapshot.enabled = false (custom)
2023-02-14 08:19:03,178 [pool-547-thread-1] INFO  server.RaftServerConfigKeys (ConfUtils.java:logGet(46)) - raft.server.threadpool.server.cached = true (default)
2023-02-14 08:19:03,178 [pool-547-thread-1] INFO  server.RaftServerConfigKeys (ConfUtils.java:logGet(46)) - raft.server.threadpool.server.size = 0 (default)
2023-02-14 08:19:03,178 [pool-547-thread-1] INFO  server.RaftServerConfigKeys (ConfUtils.java:logGet(46)) - raft.server.threadpool.client.cached = true (default)
2023-02-14 08:19:03,178 [pool-547-thread-1] INFO  server.RaftServerConfigKeys (ConfUtils.java:logGet(46)) - raft.server.threadpool.client.size = 0 (default)
2023-02-14 08:19:03,178 [pool-547-thread-1] INFO  storage.RaftStorageDirectory (RaftStorageDirectoryImpl.java:analyzeStorage(137)) - The storage directory /home/runner/work/ozone/ozone/hadoop-ozone/integration-test/target/test-dir/MiniOzoneClusterImpl-9064264e-2b58-4737-9fe3-fdda8e014d69/datanode-3/data/ratis/af5c0488-4395-4336-b7c2-7a84499aa605 does not exist. Creating ...
2023-02-14 08:19:03,179 [pool-547-thread-1] INFO  storage.RaftStorageDirectory (RaftStorageDirectoryImpl.java:tryLock(231)) - Lock on /home/runner/work/ozone/ozone/hadoop-ozone/integration-test/target/test-dir/MiniOzoneClusterImpl-9064264e-2b58-4737-9fe3-fdda8e014d69/datanode-3/data/ratis/af5c0488-4395-4336-b7c2-7a84499aa605/in_use.lock acquired by nodename 11911@fv-az476-382
2023-02-14 08:19:03,180 [pool-547-thread-1] INFO  storage.RaftStorage (RaftStorageImpl.java:format(96)) - Storage directory /home/runner/work/ozone/ozone/hadoop-ozone/integration-test/target/test-dir/MiniOzoneClusterImpl-9064264e-2b58-4737-9fe3-fdda8e014d69/datanode-3/data/ratis/af5c0488-4395-4336-b7c2-7a84499aa605 has been successfully formatted.
2023-02-14 08:19:03,181 [pool-547-thread-1] INFO  ratis.ContainerStateMachine (ContainerStateMachine.java:loadSnapshot(240)) - group-7A84499AA605: The snapshot info is null. Setting the last applied indexto:(t:0, i:~)
2023-02-14 08:19:03,181 [pool-547-thread-1] INFO  server.RaftServerConfigKeys (ConfUtils.java:logGet(46)) - raft.server.log.use.memory = false (default)
2023-02-14 08:19:03,181 [pool-547-thread-1] INFO  server.RaftServerConfigKeys (ConfUtils.java:logGet(46)) - raft.server.log.purge.gap = 1000000 (custom)
2023-02-14 08:19:03,181 [pool-547-thread-1] INFO  server.RaftServerConfigKeys (ConfUtils.java:logGet(46)) - raft.server.log.appender.buffer.byte-limit = 33554432 (custom)
2023-02-14 08:19:03,181 [pool-547-thread-1] INFO  server.RaftServerConfigKeys (ConfUtils.java:logGet(46)) - raft.server.log.statemachine.data.read.timeout = 1000ms (default)
2023-02-14 08:19:03,181 [pool-547-thread-1] INFO  server.RaftServerConfigKeys (ConfUtils.java:logGet(46)) - raft.server.log.purge.preservation.log.num = 0 (default)
2023-02-14 08:19:03,181 [pool-547-thread-1] INFO  server.RaftServerConfigKeys (ConfUtils.java:logGet(46)) - raft.server.log.segment.size.max = 1048576 (custom)
2023-02-14 08:19:03,182 [pool-547-thread-1] INFO  server.RaftServerConfigKeys (ConfUtils.java:logGet(46)) - raft.server.log.segment.cache.num.max = 2 (custom)
2023-02-14 08:19:03,182 [pool-547-thread-1] INFO  server.RaftServerConfigKeys (ConfUtils.java:logGet(46)) - raft.server.log.segment.cache.size.max = 200MB (=209715200) (default)
2023-02-14 08:19:03,182 [pool-547-thread-1] INFO  segmented.SegmentedRaftLogWorker (SegmentedRaftLogWorker.java:<init>(189)) - new beec9a9c-14cf-4df1-af52-b967c7424cdf@group-7A84499AA605-SegmentedRaftLogWorker for RaftStorageImpl:Storage Directory /home/runner/work/ozone/ozone/hadoop-ozone/integration-test/target/test-dir/MiniOzoneClusterImpl-9064264e-2b58-4737-9fe3-fdda8e014d69/datanode-3/data/ratis/af5c0488-4395-4336-b7c2-7a84499aa605
2023-02-14 08:19:03,182 [pool-547-thread-1] INFO  server.RaftServerConfigKeys (ConfUtils.java:logGet(46)) - raft.server.log.queue.byte-limit = 4294967296 (custom)
2023-02-14 08:19:03,182 [pool-547-thread-1] INFO  server.RaftServerConfigKeys (ConfUtils.java:logGet(46)) - raft.server.log.queue.element-limit = 1024 (custom)
2023-02-14 08:19:03,182 [pool-547-thread-1] INFO  server.RaftServerConfigKeys (ConfUtils.java:logGet(46)) - raft.server.log.segment.size.max = 1048576 (custom)
2023-02-14 08:19:03,182 [pool-547-thread-1] INFO  server.RaftServerConfigKeys (ConfUtils.java:logGet(46)) - raft.server.log.preallocated.size = 16384 (custom)
2023-02-14 08:19:03,182 [pool-547-thread-1] INFO  server.RaftServerConfigKeys (ConfUtils.java:logGet(46)) - raft.server.log.force.sync.num = 128 (default)
2023-02-14 08:19:03,182 [pool-547-thread-1] INFO  server.RaftServerConfigKeys (ConfUtils.java:logGet(46)) - raft.server.log.statemachine.data.sync = true (default)
2023-02-14 08:19:03,182 [pool-547-thread-1] INFO  server.RaftServerConfigKeys (ConfUtils.java:logGet(46)) - raft.server.log.statemachine.data.sync.timeout = 10s (default)
2023-02-14 08:19:03,182 [pool-547-thread-1] INFO  server.RaftServerConfigKeys (ConfUtils.java:logGet(46)) - raft.server.log.statemachine.data.sync.timeout.retry = -1 (default)
2023-02-14 08:19:03,182 [EventQueue-PipelineReportForPipelineReportHandler] INFO  pipeline.PipelineManagerImpl (PipelineManagerImpl.java:openPipeline(367)) - Pipeline Pipeline[ Id: af5c0488-4395-4336-b7c2-7a84499aa605, Nodes: beec9a9c-14cf-4df1-af52-b967c7424cdf(fv-az476-382.2mevl5kwmm3ezivwarakluutxb.phxx.internal.cloudapp.net/10.1.0.19), ReplicationConfig: RATIS/ONE, State:ALLOCATED, leaderId:beec9a9c-14cf-4df1-af52-b967c7424cdf, CreationTimestamp2023-02-14T08:19:00.175Z[Etc/UTC]] moved to OPEN state
2023-02-14 08:19:03,182 [pool-547-thread-1] INFO  server.RaftServerConfigKeys (ConfUtils.java:logGet(46)) - raft.server.log.write.buffer.size = 1048576 (custom)
2023-02-14 08:19:03,182 [EventQueue-OpenPipelineForHealthyPipelineSafeModeRule] INFO  safemode.SCMSafeModeManager (HealthyPipelineSafeModeRule.java:process(137)) - SCM in safe mode. Healthy pipelines reported count is 0, required healthy pipeline reported count is 1
2023-02-14 08:19:03,182 [pool-547-thread-1] INFO  server.RaftServerConfigKeys (ConfUtils.java:logGet(46)) - raft.server.log.appender.buffer.byte-limit = 33554432 (custom)
2023-02-14 08:19:03,185 [pool-547-thread-1] INFO  server.RaftServerConfigKeys (ConfUtils.java:logGet(46)) - raft.server.log.unsafe-flush.enabled = false (default)
2023-02-14 08:19:03,185 [pool-547-thread-1] INFO  server.RaftServerConfigKeys (ConfUtils.java:logGet(46)) - raft.server.log.async-flush.enabled = false (default)
2023-02-14 08:19:03,185 [pool-547-thread-1] INFO  server.RaftServerConfigKeys (ConfUtils.java:logGet(46)) - raft.server.log.statemachine.data.caching.enabled = true (custom)
2023-02-14 08:19:03,185 [pool-547-thread-1] INFO  segmented.SegmentedRaftLogWorker (SegmentedRaftLogWorker.java:lambda$new$0(135)) - beec9a9c-14cf-4df1-af52-b967c7424cdf@group-7A84499AA605-SegmentedRaftLogWorker: flushIndex: setUnconditionally 0 -> -1
2023-02-14 08:19:03,185 [pool-547-thread-1] INFO  segmented.SegmentedRaftLogWorker (SegmentedRaftLogWorker.java:lambda$new$0(135)) - beec9a9c-14cf-4df1-af52-b967c7424cdf@group-7A84499AA605-SegmentedRaftLogWorker: safeCacheEvictIndex: setUnconditionally 0 -> -1
2023-02-14 08:19:03,186 [pool-547-thread-1] INFO  server.RaftServer$Division (RaftServerImpl.java:start(334)) - beec9a9c-14cf-4df1-af52-b967c7424cdf@group-7A84499AA605: start as a follower, conf=-1: peers:[beec9a9c-14cf-4df1-af52-b967c7424cdf|rpc:10.1.0.19:42807|dataStream:10.1.0.19:40995|priority:1|startupRole:FOLLOWER]|listeners:[], old=null
2023-02-14 08:19:03,186 [pool-547-thread-1] INFO  server.RaftServer$Division (RaftServerImpl.java:setRole(321)) - beec9a9c-14cf-4df1-af52-b967c7424cdf@group-7A84499AA605: changes role from      null to FOLLOWER at term 0 for startAsFollower
2023-02-14 08:19:03,186 [pool-547-thread-1] INFO  impl.RoleInfo (RoleInfo.java:updateAndGet(139)) - beec9a9c-14cf-4df1-af52-b967c7424cdf: start beec9a9c-14cf-4df1-af52-b967c7424cdf@group-7A84499AA605-FollowerState
2023-02-14 08:19:03,186 [pool-547-thread-1] INFO  util.JmxRegister (JmxRegister.java:tryRegister(44)) - Successfully registered JMX Bean with object name Ratis:service=RaftServer,group=group-7A84499AA605,id=beec9a9c-14cf-4df1-af52-b967c7424cdf
2023-02-14 08:19:03,186 [pool-547-thread-1] INFO  server.RaftServerConfigKeys (ConfUtils.java:logGet(46)) - raft.server.snapshot.auto.trigger.enabled = true (custom)
2023-02-14 08:19:03,186 [pool-547-thread-1] INFO  server.RaftServerConfigKeys (ConfUtils.java:logGet(46)) - raft.server.snapshot.auto.trigger.threshold = 10000 (custom)
2023-02-14 08:19:03,186 [pool-547-thread-1] INFO  server.RaftServerConfigKeys (ConfUtils.java:logGet(46)) - raft.server.snapshot.retention.file.num = 5 (custom)
2023-02-14 08:19:03,186 [pool-547-thread-1] INFO  server.RaftServerConfigKeys (ConfUtils.java:logGet(46)) - raft.server.log.purge.upto.snapshot.index = false (default)
2023-02-14 08:19:03,187 [beec9a9c-14cf-4df1-af52-b967c7424cdf@group-7A84499AA605-FollowerState] INFO  server.RaftServerConfigKeys (ConfUtils.java:logFallback(53)) - raft.server.rpc.first-election.timeout.min = 5s (fallback to raft.server.rpc.timeout.min)
2023-02-14 08:19:03,187 [beec9a9c-14cf-4df1-af52-b967c7424cdf@group-7A84499AA605-FollowerState] INFO  server.RaftServerConfigKeys (ConfUtils.java:logFallback(53)) - raft.server.rpc.first-election.timeout.max = 5200ms (fallback to raft.server.rpc.timeout.max)
2023-02-14 08:19:03,190 [Command processor thread] INFO  ratis.XceiverServerRatis (XceiverServerRatis.java:addGroup(807)) - Created group PipelineID=af5c0488-4395-4336-b7c2-7a84499aa605
2023-02-14 08:19:03,190 [Command processor thread] INFO  commandhandler.CreatePipelineCommandHandler (CreatePipelineCommandHandler.java:handle(113)) - Created Pipeline RATIS ONE PipelineID=af5c0488-4395-4336-b7c2-7a84499aa605.
2023-02-14 08:19:03,534 [Listener at 127.0.0.1/32845] INFO  ozone.MiniOzoneClusterImpl (MiniOzoneClusterImpl.java:lambda$waitForClusterToBeReady$0(218)) - Nodes are ready. Got 5 of 5 DN Heartbeats.
2023-02-14 08:19:03,535 [Listener at 127.0.0.1/32845] INFO  ozone.MiniOzoneClusterImpl (MiniOzoneClusterImpl.java:lambda$waitForClusterToBeReady$0(221)) - Waiting for cluster to exit safe mode
2023-02-14 08:19:03,535 [Listener at 127.0.0.1/32845] INFO  ozone.MiniOzoneClusterImpl (MiniOzoneClusterImpl.java:lambda$waitForClusterToBeReady$0(223)) - SCM became leader
2023-02-14 08:19:03,542 [Command processor thread] INFO  server.RaftServer (RaftServerProxy.java:addNew(96)) - 756d89f1-fb04-4866-b61e-06654fd6a7ad: addNew group-159CC4CAEBB2:[756d89f1-fb04-4866-b61e-06654fd6a7ad|rpc:10.1.0.19:35271|dataStream:10.1.0.19:33675|priority:1|startupRole:FOLLOWER] returns group-159CC4CAEBB2:java.util.concurrent.CompletableFuture@186ccfec[Not completed]
2023-02-14 08:19:03,543 [pool-569-thread-1] INFO  server.RaftServer$Division (RaftServerImpl.java:<init>(195)) - 756d89f1-fb04-4866-b61e-06654fd6a7ad: new RaftServerImpl for group-159CC4CAEBB2:[756d89f1-fb04-4866-b61e-06654fd6a7ad|rpc:10.1.0.19:35271|dataStream:10.1.0.19:33675|priority:1|startupRole:FOLLOWER] with ContainerStateMachine:uninitialized
2023-02-14 08:19:03,543 [pool-569-thread-1] INFO  server.RaftServerConfigKeys (ConfUtils.java:logGet(46)) - raft.server.rpc.timeout.min = 5s (custom)
2023-02-14 08:19:03,543 [pool-569-thread-1] INFO  server.RaftServerConfigKeys (ConfUtils.java:logGet(46)) - raft.server.rpc.timeout.max = 5200ms (custom)
2023-02-14 08:19:03,543 [pool-569-thread-1] INFO  server.RaftServerConfigKeys (ConfUtils.java:logGet(46)) - raft.server.rpc.sleep.time = 25ms (default)
2023-02-14 08:19:03,543 [pool-569-thread-1] INFO  server.RaftServerConfigKeys (ConfUtils.java:logGet(46)) - raft.server.rpc.slowness.timeout = 300s (custom)
2023-02-14 08:19:03,543 [pool-569-thread-1] INFO  server.RaftServerConfigKeys (ConfUtils.java:logGet(46)) - raft.server.leaderelection.leader.step-down.wait-time = 10s (default)
2023-02-14 08:19:03,543 [pool-569-thread-1] INFO  server.RaftServerConfigKeys (ConfUtils.java:logGet(46)) - raft.server.sleep.deviation.threshold = 300ms (default)
2023-02-14 08:19:03,543 [pool-569-thread-1] INFO  server.RaftServer$Division (ServerState.java:<init>(118)) - 756d89f1-fb04-4866-b61e-06654fd6a7ad@group-159CC4CAEBB2: ConfigurationManager, init=-1: peers:[756d89f1-fb04-4866-b61e-06654fd6a7ad|rpc:10.1.0.19:35271|dataStream:10.1.0.19:33675|priority:1|startupRole:FOLLOWER]|listeners:[], old=null, confs=<EMPTY_MAP>
2023-02-14 08:19:03,543 [pool-569-thread-1] INFO  server.RaftServerConfigKeys (ConfUtils.java:logGet(46)) - raft.server.storage.dir = [/home/runner/work/ozone/ozone/hadoop-ozone/integration-test/target/test-dir/MiniOzoneClusterImpl-9064264e-2b58-4737-9fe3-fdda8e014d69/datanode-4/data/ratis] (custom)
2023-02-14 08:19:03,543 [pool-569-thread-1] INFO  server.RaftServerConfigKeys (ConfUtils.java:logGet(46)) - raft.server.log.corruption.policy = EXCEPTION (default)
2023-02-14 08:19:03,543 [pool-569-thread-1] INFO  server.RaftServerConfigKeys (ConfUtils.java:logGet(46)) - raft.server.storage.free-space.min = 0MB (=0) (default)
2023-02-14 08:19:03,543 [pool-569-thread-1] INFO  server.RaftServerConfigKeys (ConfUtils.java:logGet(46)) - raft.server.notification.no-leader.timeout = 300s (custom)
2023-02-14 08:19:03,543 [pool-569-thread-1] INFO  server.RaftServerConfigKeys (ConfUtils.java:logGet(46)) - raft.server.retrycache.expirytime = 600000ms (custom)
2023-02-14 08:19:03,543 [pool-569-thread-1] INFO  server.RaftServerConfigKeys (ConfUtils.java:logGet(46)) - raft.server.retrycache.statistics.expirytime = 100μs (default)
2023-02-14 08:19:03,544 [pool-569-thread-1] INFO  server.RaftServerConfigKeys (ConfUtils.java:logGet(46)) - raft.server.log.appender.install.snapshot.enabled = false (custom)
2023-02-14 08:19:03,544 [pool-569-thread-1] INFO  server.RaftServerConfigKeys (ConfUtils.java:logGet(46)) - raft.server.threadpool.server.cached = true (default)
2023-02-14 08:19:03,544 [pool-569-thread-1] INFO  server.RaftServerConfigKeys (ConfUtils.java:logGet(46)) - raft.server.threadpool.server.size = 0 (default)
2023-02-14 08:19:03,544 [pool-569-thread-1] INFO  server.RaftServerConfigKeys (ConfUtils.java:logGet(46)) - raft.server.threadpool.client.cached = true (default)
2023-02-14 08:19:03,544 [pool-569-thread-1] INFO  server.RaftServerConfigKeys (ConfUtils.java:logGet(46)) - raft.server.threadpool.client.size = 0 (default)
2023-02-14 08:19:03,544 [pool-569-thread-1] INFO  storage.RaftStorageDirectory (RaftStorageDirectoryImpl.java:analyzeStorage(137)) - The storage directory /home/runner/work/ozone/ozone/hadoop-ozone/integration-test/target/test-dir/MiniOzoneClusterImpl-9064264e-2b58-4737-9fe3-fdda8e014d69/datanode-4/data/ratis/d69f4cec-f981-4806-b9c7-159cc4caebb2 does not exist. Creating ...
2023-02-14 08:19:03,545 [pool-569-thread-1] INFO  storage.RaftStorageDirectory (RaftStorageDirectoryImpl.java:tryLock(231)) - Lock on /home/runner/work/ozone/ozone/hadoop-ozone/integration-test/target/test-dir/MiniOzoneClusterImpl-9064264e-2b58-4737-9fe3-fdda8e014d69/datanode-4/data/ratis/d69f4cec-f981-4806-b9c7-159cc4caebb2/in_use.lock acquired by nodename 11911@fv-az476-382
2023-02-14 08:19:03,546 [pool-569-thread-1] INFO  storage.RaftStorage (RaftStorageImpl.java:format(96)) - Storage directory /home/runner/work/ozone/ozone/hadoop-ozone/integration-test/target/test-dir/MiniOzoneClusterImpl-9064264e-2b58-4737-9fe3-fdda8e014d69/datanode-4/data/ratis/d69f4cec-f981-4806-b9c7-159cc4caebb2 has been successfully formatted.
2023-02-14 08:19:03,547 [pool-569-thread-1] INFO  ratis.ContainerStateMachine (ContainerStateMachine.java:loadSnapshot(240)) - group-159CC4CAEBB2: The snapshot info is null. Setting the last applied indexto:(t:0, i:~)
2023-02-14 08:19:03,547 [pool-569-thread-1] INFO  server.RaftServerConfigKeys (ConfUtils.java:logGet(46)) - raft.server.log.use.memory = false (default)
2023-02-14 08:19:03,547 [pool-569-thread-1] INFO  server.RaftServerConfigKeys (ConfUtils.java:logGet(46)) - raft.server.log.purge.gap = 1000000 (custom)
2023-02-14 08:19:03,547 [pool-569-thread-1] INFO  server.RaftServerConfigKeys (ConfUtils.java:logGet(46)) - raft.server.log.appender.buffer.byte-limit = 33554432 (custom)
2023-02-14 08:19:03,547 [pool-569-thread-1] INFO  server.RaftServerConfigKeys (ConfUtils.java:logGet(46)) - raft.server.log.statemachine.data.read.timeout = 1000ms (default)
2023-02-14 08:19:03,547 [EventQueue-PipelineReportForPipelineReportHandler] INFO  pipeline.PipelineManagerImpl (PipelineManagerImpl.java:openPipeline(367)) - Pipeline Pipeline[ Id: d69f4cec-f981-4806-b9c7-159cc4caebb2, Nodes: 756d89f1-fb04-4866-b61e-06654fd6a7ad(fv-az476-382.2mevl5kwmm3ezivwarakluutxb.phxx.internal.cloudapp.net/10.1.0.19), ReplicationConfig: RATIS/ONE, State:ALLOCATED, leaderId:756d89f1-fb04-4866-b61e-06654fd6a7ad, CreationTimestamp2023-02-14T08:19:00.542Z[Etc/UTC]] moved to OPEN state
2023-02-14 08:19:03,547 [pool-569-thread-1] INFO  server.RaftServerConfigKeys (ConfUtils.java:logGet(46)) - raft.server.log.purge.preservation.log.num = 0 (default)
2023-02-14 08:19:03,548 [pool-569-thread-1] INFO  server.RaftServerConfigKeys (ConfUtils.java:logGet(46)) - raft.server.log.segment.size.max = 1048576 (custom)
2023-02-14 08:19:03,548 [EventQueue-OpenPipelineForHealthyPipelineSafeModeRule] INFO  safemode.SCMSafeModeManager (HealthyPipelineSafeModeRule.java:process(137)) - SCM in safe mode. Healthy pipelines reported count is 0, required healthy pipeline reported count is 1
2023-02-14 08:19:03,548 [pool-569-thread-1] INFO  server.RaftServerConfigKeys (ConfUtils.java:logGet(46)) - raft.server.log.segment.cache.num.max = 2 (custom)
2023-02-14 08:19:03,548 [pool-569-thread-1] INFO  server.RaftServerConfigKeys (ConfUtils.java:logGet(46)) - raft.server.log.segment.cache.size.max = 200MB (=209715200) (default)
2023-02-14 08:19:03,548 [pool-569-thread-1] INFO  segmented.SegmentedRaftLogWorker (SegmentedRaftLogWorker.java:<init>(189)) - new 756d89f1-fb04-4866-b61e-06654fd6a7ad@group-159CC4CAEBB2-SegmentedRaftLogWorker for RaftStorageImpl:Storage Directory /home/runner/work/ozone/ozone/hadoop-ozone/integration-test/target/test-dir/MiniOzoneClusterImpl-9064264e-2b58-4737-9fe3-fdda8e014d69/datanode-4/data/ratis/d69f4cec-f981-4806-b9c7-159cc4caebb2
2023-02-14 08:19:03,548 [pool-569-thread-1] INFO  server.RaftServerConfigKeys (ConfUtils.java:logGet(46)) - raft.server.log.queue.byte-limit = 4294967296 (custom)
2023-02-14 08:19:03,548 [pool-569-thread-1] INFO  server.RaftServerConfigKeys (ConfUtils.java:logGet(46)) - raft.server.log.queue.element-limit = 1024 (custom)
2023-02-14 08:19:03,548 [pool-569-thread-1] INFO  server.RaftServerConfigKeys (ConfUtils.java:logGet(46)) - raft.server.log.segment.size.max = 1048576 (custom)
2023-02-14 08:19:03,548 [pool-569-thread-1] INFO  server.RaftServerConfigKeys (ConfUtils.java:logGet(46)) - raft.server.log.preallocated.size = 16384 (custom)
2023-02-14 08:19:03,548 [pool-569-thread-1] INFO  server.RaftServerConfigKeys (ConfUtils.java:logGet(46)) - raft.server.log.force.sync.num = 128 (default)
2023-02-14 08:19:03,548 [pool-569-thread-1] INFO  server.RaftServerConfigKeys (ConfUtils.java:logGet(46)) - raft.server.log.statemachine.data.sync = true (default)
2023-02-14 08:19:03,548 [pool-569-thread-1] INFO  server.RaftServerConfigKeys (ConfUtils.java:logGet(46)) - raft.server.log.statemachine.data.sync.timeout = 10s (default)
2023-02-14 08:19:03,548 [pool-569-thread-1] INFO  server.RaftServerConfigKeys (ConfUtils.java:logGet(46)) - raft.server.log.statemachine.data.sync.timeout.retry = -1 (default)
2023-02-14 08:19:03,548 [pool-569-thread-1] INFO  server.RaftServerConfigKeys (ConfUtils.java:logGet(46)) - raft.server.log.write.buffer.size = 1048576 (custom)
2023-02-14 08:19:03,549 [pool-569-thread-1] INFO  server.RaftServerConfigKeys (ConfUtils.java:logGet(46)) - raft.server.log.appender.buffer.byte-limit = 33554432 (custom)
2023-02-14 08:19:03,551 [pool-569-thread-1] INFO  server.RaftServerConfigKeys (ConfUtils.java:logGet(46)) - raft.server.log.unsafe-flush.enabled = false (default)
2023-02-14 08:19:03,551 [pool-569-thread-1] INFO  server.RaftServerConfigKeys (ConfUtils.java:logGet(46)) - raft.server.log.async-flush.enabled = false (default)
2023-02-14 08:19:03,551 [pool-569-thread-1] INFO  server.RaftServerConfigKeys (ConfUtils.java:logGet(46)) - raft.server.log.statemachine.data.caching.enabled = true (custom)
2023-02-14 08:19:03,552 [pool-569-thread-1] INFO  segmented.SegmentedRaftLogWorker (SegmentedRaftLogWorker.java:lambda$new$0(135)) - 756d89f1-fb04-4866-b61e-06654fd6a7ad@group-159CC4CAEBB2-SegmentedRaftLogWorker: flushIndex: setUnconditionally 0 -> -1
2023-02-14 08:19:03,552 [pool-569-thread-1] INFO  segmented.SegmentedRaftLogWorker (SegmentedRaftLogWorker.java:lambda$new$0(135)) - 756d89f1-fb04-4866-b61e-06654fd6a7ad@group-159CC4CAEBB2-SegmentedRaftLogWorker: safeCacheEvictIndex: setUnconditionally 0 -> -1
2023-02-14 08:19:03,552 [pool-569-thread-1] INFO  server.RaftServer$Division (RaftServerImpl.java:start(334)) - 756d89f1-fb04-4866-b61e-06654fd6a7ad@group-159CC4CAEBB2: start as a follower, conf=-1: peers:[756d89f1-fb04-4866-b61e-06654fd6a7ad|rpc:10.1.0.19:35271|dataStream:10.1.0.19:33675|priority:1|startupRole:FOLLOWER]|listeners:[], old=null
2023-02-14 08:19:03,552 [pool-569-thread-1] INFO  server.RaftServer$Division (RaftServerImpl.java:setRole(321)) - 756d89f1-fb04-4866-b61e-06654fd6a7ad@group-159CC4CAEBB2: changes role from      null to FOLLOWER at term 0 for startAsFollower
2023-02-14 08:19:03,552 [pool-569-thread-1] INFO  impl.RoleInfo (RoleInfo.java:updateAndGet(139)) - 756d89f1-fb04-4866-b61e-06654fd6a7ad: start 756d89f1-fb04-4866-b61e-06654fd6a7ad@group-159CC4CAEBB2-FollowerState
2023-02-14 08:19:03,552 [pool-569-thread-1] INFO  util.JmxRegister (JmxRegister.java:tryRegister(44)) - Successfully registered JMX Bean with object name Ratis:service=RaftServer,group=group-159CC4CAEBB2,id=756d89f1-fb04-4866-b61e-06654fd6a7ad
2023-02-14 08:19:03,552 [756d89f1-fb04-4866-b61e-06654fd6a7ad@group-159CC4CAEBB2-FollowerState] INFO  server.RaftServerConfigKeys (ConfUtils.java:logFallback(53)) - raft.server.rpc.first-election.timeout.min = 5s (fallback to raft.server.rpc.timeout.min)
2023-02-14 08:19:03,552 [pool-569-thread-1] INFO  server.RaftServerConfigKeys (ConfUtils.java:logGet(46)) - raft.server.snapshot.auto.trigger.enabled = true (custom)
2023-02-14 08:19:03,552 [pool-569-thread-1] INFO  server.RaftServerConfigKeys (ConfUtils.java:logGet(46)) - raft.server.snapshot.auto.trigger.threshold = 10000 (custom)
2023-02-14 08:19:03,552 [756d89f1-fb04-4866-b61e-06654fd6a7ad@group-159CC4CAEBB2-FollowerState] INFO  server.RaftServerConfigKeys (ConfUtils.java:logFallback(53)) - raft.server.rpc.first-election.timeout.max = 5200ms (fallback to raft.server.rpc.timeout.max)
2023-02-14 08:19:03,552 [pool-569-thread-1] INFO  server.RaftServerConfigKeys (ConfUtils.java:logGet(46)) - raft.server.snapshot.retention.file.num = 5 (custom)
2023-02-14 08:19:03,552 [pool-569-thread-1] INFO  server.RaftServerConfigKeys (ConfUtils.java:logGet(46)) - raft.server.log.purge.upto.snapshot.index = false (default)
2023-02-14 08:19:03,553 [Command processor thread] INFO  ratis.XceiverServerRatis (XceiverServerRatis.java:addGroup(807)) - Created group PipelineID=d69f4cec-f981-4806-b9c7-159cc4caebb2
2023-02-14 08:19:03,553 [Command processor thread] INFO  commandhandler.CreatePipelineCommandHandler (CreatePipelineCommandHandler.java:handle(113)) - Created Pipeline RATIS ONE PipelineID=d69f4cec-f981-4806-b9c7-159cc4caebb2.
2023-02-14 08:19:04,535 [Listener at 127.0.0.1/32845] INFO  ozone.MiniOzoneClusterImpl (MiniOzoneClusterImpl.java:lambda$waitForClusterToBeReady$0(218)) - Nodes are ready. Got 5 of 5 DN Heartbeats.
2023-02-14 08:19:04,535 [Listener at 127.0.0.1/32845] INFO  ozone.MiniOzoneClusterImpl (MiniOzoneClusterImpl.java:lambda$waitForClusterToBeReady$0(221)) - Waiting for cluster to exit safe mode
2023-02-14 08:19:04,535 [Listener at 127.0.0.1/32845] INFO  ozone.MiniOzoneClusterImpl (MiniOzoneClusterImpl.java:lambda$waitForClusterToBeReady$0(223)) - SCM became leader
2023-02-14 08:19:05,535 [Listener at 127.0.0.1/32845] INFO  ozone.MiniOzoneClusterImpl (MiniOzoneClusterImpl.java:lambda$waitForClusterToBeReady$0(218)) - Nodes are ready. Got 5 of 5 DN Heartbeats.
2023-02-14 08:19:05,536 [Listener at 127.0.0.1/32845] INFO  ozone.MiniOzoneClusterImpl (MiniOzoneClusterImpl.java:lambda$waitForClusterToBeReady$0(221)) - Waiting for cluster to exit safe mode
2023-02-14 08:19:05,536 [Listener at 127.0.0.1/32845] INFO  ozone.MiniOzoneClusterImpl (MiniOzoneClusterImpl.java:lambda$waitForClusterToBeReady$0(223)) - SCM became leader
2023-02-14 08:19:06,536 [Listener at 127.0.0.1/32845] INFO  ozone.MiniOzoneClusterImpl (MiniOzoneClusterImpl.java:lambda$waitForClusterToBeReady$0(218)) - Nodes are ready. Got 5 of 5 DN Heartbeats.
2023-02-14 08:19:06,536 [Listener at 127.0.0.1/32845] INFO  ozone.MiniOzoneClusterImpl (MiniOzoneClusterImpl.java:lambda$waitForClusterToBeReady$0(221)) - Waiting for cluster to exit safe mode
2023-02-14 08:19:06,536 [Listener at 127.0.0.1/32845] INFO  ozone.MiniOzoneClusterImpl (MiniOzoneClusterImpl.java:lambda$waitForClusterToBeReady$0(223)) - SCM became leader
2023-02-14 08:19:07,331 [23624866-2448-40b4-b246-86425eff7cca@group-1934EA50BFDD-FollowerState] INFO  impl.FollowerState (FollowerState.java:run(143)) - 23624866-2448-40b4-b246-86425eff7cca@group-1934EA50BFDD-FollowerState: change to CANDIDATE, lastRpcElapsedTime:5083258724ns, electionTimeout:5078ms
2023-02-14 08:19:07,331 [23624866-2448-40b4-b246-86425eff7cca@group-1934EA50BFDD-FollowerState] INFO  impl.RoleInfo (RoleInfo.java:shutdownFollowerState(110)) - 23624866-2448-40b4-b246-86425eff7cca: shutdown 23624866-2448-40b4-b246-86425eff7cca@group-1934EA50BFDD-FollowerState
2023-02-14 08:19:07,331 [23624866-2448-40b4-b246-86425eff7cca@group-1934EA50BFDD-FollowerState] INFO  server.RaftServer$Division (RaftServerImpl.java:setRole(321)) - 23624866-2448-40b4-b246-86425eff7cca@group-1934EA50BFDD: changes role from  FOLLOWER to CANDIDATE at term 0 for changeToCandidate
2023-02-14 08:19:07,331 [23624866-2448-40b4-b246-86425eff7cca@group-1934EA50BFDD-FollowerState] INFO  server.RaftServerConfigKeys (ConfUtils.java:logGet(46)) - raft.server.leaderelection.pre-vote = false (custom)
2023-02-14 08:19:07,331 [23624866-2448-40b4-b246-86425eff7cca@group-1934EA50BFDD-FollowerState] INFO  impl.RoleInfo (RoleInfo.java:updateAndGet(139)) - 23624866-2448-40b4-b246-86425eff7cca: start 23624866-2448-40b4-b246-86425eff7cca@group-1934EA50BFDD-LeaderElection27
2023-02-14 08:19:07,338 [23624866-2448-40b4-b246-86425eff7cca@group-1934EA50BFDD-LeaderElection27] INFO  impl.LeaderElection (LeaderElection.java:askForVotes(312)) - 23624866-2448-40b4-b246-86425eff7cca@group-1934EA50BFDD-LeaderElection27 ELECTION round 0: submit vote requests at term 1 for -1: peers:[0910efe8-a84f-4250-8aec-2e536a9734d2|rpc:10.1.0.19:39335|dataStream:10.1.0.19:34839|priority:0|startupRole:FOLLOWER, 6d5fd74e-c16c-4183-9ec8-8461f8bdbc47|rpc:10.1.0.19:44947|dataStream:10.1.0.19:34443|priority:0|startupRole:FOLLOWER, 23624866-2448-40b4-b246-86425eff7cca|rpc:10.1.0.19:37675|dataStream:10.1.0.19:40961|priority:1|startupRole:FOLLOWER]|listeners:[], old=null
2023-02-14 08:19:07,339 [23624866-2448-40b4-b246-86425eff7cca@group-1934EA50BFDD-LeaderElection27] INFO  server.RaftServerConfigKeys (ConfUtils.java:logFallback(53)) - raft.server.rpc.first-election.timeout.min = 5s (fallback to raft.server.rpc.timeout.min)
2023-02-14 08:19:07,339 [23624866-2448-40b4-b246-86425eff7cca@group-1934EA50BFDD-LeaderElection27-1] INFO  server.GrpcServerProtocolClient (GrpcServerProtocolClient.java:<init>(63)) - Build channel for 0910efe8-a84f-4250-8aec-2e536a9734d2
2023-02-14 08:19:07,339 [23624866-2448-40b4-b246-86425eff7cca@group-1934EA50BFDD-LeaderElection27] INFO  server.RaftServerConfigKeys (ConfUtils.java:logFallback(53)) - raft.server.rpc.first-election.timeout.max = 5200ms (fallback to raft.server.rpc.timeout.max)
2023-02-14 08:19:07,339 [23624866-2448-40b4-b246-86425eff7cca@group-1934EA50BFDD-LeaderElection27-2] INFO  server.GrpcServerProtocolClient (GrpcServerProtocolClient.java:<init>(63)) - Build channel for 6d5fd74e-c16c-4183-9ec8-8461f8bdbc47
2023-02-14 08:19:07,345 [grpc-default-executor-0] INFO  server.RaftServer$Division (RaftServerImpl.java:requestVote(1218)) - 0910efe8-a84f-4250-8aec-2e536a9734d2@group-1934EA50BFDD: receive requestVote(ELECTION, 23624866-2448-40b4-b246-86425eff7cca, group-1934EA50BFDD, 1, (t:0, i:0))
2023-02-14 08:19:07,345 [grpc-default-executor-0] INFO  impl.VoteContext (VoteContext.java:log(49)) - 0910efe8-a84f-4250-8aec-2e536a9734d2@group-1934EA50BFDD-FOLLOWER: accept ELECTION from 23624866-2448-40b4-b246-86425eff7cca: our priority 0 <= candidate's priority 1
2023-02-14 08:19:07,345 [grpc-default-executor-0] INFO  server.RaftServer$Division (RaftServerImpl.java:setRole(321)) - 0910efe8-a84f-4250-8aec-2e536a9734d2@group-1934EA50BFDD: changes role from  FOLLOWER to FOLLOWER at term 1 for candidate:23624866-2448-40b4-b246-86425eff7cca
2023-02-14 08:19:07,345 [grpc-default-executor-0] INFO  impl.RoleInfo (RoleInfo.java:shutdownFollowerState(110)) - 0910efe8-a84f-4250-8aec-2e536a9734d2: shutdown 0910efe8-a84f-4250-8aec-2e536a9734d2@group-1934EA50BFDD-FollowerState
2023-02-14 08:19:07,346 [grpc-default-executor-0] INFO  impl.RoleInfo (RoleInfo.java:updateAndGet(139)) - 0910efe8-a84f-4250-8aec-2e536a9734d2: start 0910efe8-a84f-4250-8aec-2e536a9734d2@group-1934EA50BFDD-FollowerState
2023-02-14 08:19:07,346 [0910efe8-a84f-4250-8aec-2e536a9734d2@group-1934EA50BFDD-FollowerState] INFO  impl.FollowerState (FollowerState.java:run(152)) - 0910efe8-a84f-4250-8aec-2e536a9734d2@group-1934EA50BFDD-FollowerState was interrupted
2023-02-14 08:19:07,346 [0910efe8-a84f-4250-8aec-2e536a9734d2@group-1934EA50BFDD-FollowerState] INFO  server.RaftServerConfigKeys (ConfUtils.java:logFallback(53)) - raft.server.rpc.first-election.timeout.min = 5s (fallback to raft.server.rpc.timeout.min)
2023-02-14 08:19:07,346 [0910efe8-a84f-4250-8aec-2e536a9734d2@group-1934EA50BFDD-FollowerState] INFO  server.RaftServerConfigKeys (ConfUtils.java:logFallback(53)) - raft.server.rpc.first-election.timeout.max = 5200ms (fallback to raft.server.rpc.timeout.max)
2023-02-14 08:19:07,347 [grpc-default-executor-0] INFO  server.RaftServer$Division (RaftServerImpl.java:requestVote(1251)) - 0910efe8-a84f-4250-8aec-2e536a9734d2@group-1934EA50BFDD replies to ELECTION vote request: 23624866-2448-40b4-b246-86425eff7cca<-0910efe8-a84f-4250-8aec-2e536a9734d2#0:OK-t1. Peer's state: 0910efe8-a84f-4250-8aec-2e536a9734d2@group-1934EA50BFDD:t1, leader=null, voted=23624866-2448-40b4-b246-86425eff7cca, raftlog=Memoized:0910efe8-a84f-4250-8aec-2e536a9734d2@group-1934EA50BFDD-SegmentedRaftLog:OPENED:c-1, conf=-1: peers:[0910efe8-a84f-4250-8aec-2e536a9734d2|rpc:10.1.0.19:39335|dataStream:10.1.0.19:34839|priority:0|startupRole:FOLLOWER, 6d5fd74e-c16c-4183-9ec8-8461f8bdbc47|rpc:10.1.0.19:44947|dataStream:10.1.0.19:34443|priority:0|startupRole:FOLLOWER, 23624866-2448-40b4-b246-86425eff7cca|rpc:10.1.0.19:37675|dataStream:10.1.0.19:40961|priority:1|startupRole:FOLLOWER]|listeners:[], old=null
2023-02-14 08:19:07,348 [23624866-2448-40b4-b246-86425eff7cca@group-1934EA50BFDD-LeaderElection27] INFO  impl.LeaderElection (LeaderElection.java:logAndReturn(90)) - 23624866-2448-40b4-b246-86425eff7cca@group-1934EA50BFDD-LeaderElection27: ELECTION PASSED received 1 response(s) and 0 exception(s):
2023-02-14 08:19:07,348 [23624866-2448-40b4-b246-86425eff7cca@group-1934EA50BFDD-LeaderElection27] INFO  impl.LeaderElection (LeaderElection.java:logAndReturn(94)) -   Response 0: 23624866-2448-40b4-b246-86425eff7cca<-0910efe8-a84f-4250-8aec-2e536a9734d2#0:OK-t1
2023-02-14 08:19:07,350 [23624866-2448-40b4-b246-86425eff7cca@group-1934EA50BFDD-LeaderElection27] INFO  impl.LeaderElection (LeaderElection.java:askForVotes(314)) - 23624866-2448-40b4-b246-86425eff7cca@group-1934EA50BFDD-LeaderElection27 ELECTION round 0: result PASSED
2023-02-14 08:19:07,355 [23624866-2448-40b4-b246-86425eff7cca@group-1934EA50BFDD-LeaderElection27] INFO  impl.RoleInfo (RoleInfo.java:shutdownLeaderElection(130)) - 23624866-2448-40b4-b246-86425eff7cca: shutdown 23624866-2448-40b4-b246-86425eff7cca@group-1934EA50BFDD-LeaderElection27
2023-02-14 08:19:07,355 [23624866-2448-40b4-b246-86425eff7cca@group-1934EA50BFDD-LeaderElection27] INFO  server.RaftServer$Division (RaftServerImpl.java:setRole(321)) - 23624866-2448-40b4-b246-86425eff7cca@group-1934EA50BFDD: changes role from CANDIDATE to LEADER at term 1 for changeToLeader
2023-02-14 08:19:07,355 [23624866-2448-40b4-b246-86425eff7cca@group-1934EA50BFDD-LeaderElection27] INFO  ratis.XceiverServerRatis (XceiverServerRatis.java:handleLeaderChangedNotification(905)) - Leader change notification received for group: group-1934EA50BFDD with new leaderId: 23624866-2448-40b4-b246-86425eff7cca
2023-02-14 08:19:07,355 [23624866-2448-40b4-b246-86425eff7cca@group-1934EA50BFDD-LeaderElection27] INFO  server.RaftServer$Division (ServerState.java:setLeader(313)) - 23624866-2448-40b4-b246-86425eff7cca@group-1934EA50BFDD: change Leader from null to 23624866-2448-40b4-b246-86425eff7cca at term 1 for becomeLeader, leader elected after 5115ms
2023-02-14 08:19:07,355 [23624866-2448-40b4-b246-86425eff7cca@group-1934EA50BFDD-LeaderElection27] INFO  server.RaftServerConfigKeys (ConfUtils.java:logGet(46)) - raft.server.staging.catchup.gap = 1000 (default)
2023-02-14 08:19:07,355 [23624866-2448-40b4-b246-86425eff7cca@group-1934EA50BFDD-LeaderElection27] INFO  server.RaftServerConfigKeys (ConfUtils.java:logGet(46)) - raft.server.write.element-limit = 1024 (custom)
2023-02-14 08:19:07,355 [23624866-2448-40b4-b246-86425eff7cca@group-1934EA50BFDD-LeaderElection27] INFO  server.RaftServerConfigKeys (ConfUtils.java:logGet(46)) - raft.server.write.byte-limit = 1024 M (=1073741824) (custom)
2023-02-14 08:19:07,355 [23624866-2448-40b4-b246-86425eff7cca@group-1934EA50BFDD-LeaderElection27] INFO  server.RaftServerConfigKeys (ConfUtils.java:logGet(46)) - raft.server.watch.timeout = 180s (custom)
2023-02-14 08:19:07,355 [23624866-2448-40b4-b246-86425eff7cca@group-1934EA50BFDD-LeaderElection27] INFO  server.RaftServerConfigKeys (ConfUtils.java:logGet(46)) - raft.server.watch.timeout.denomination = 1s (default)
2023-02-14 08:19:07,355 [23624866-2448-40b4-b246-86425eff7cca@group-1934EA50BFDD-LeaderElection27] INFO  server.RaftServerConfigKeys (ConfUtils.java:logGet(46)) - raft.server.watch.element-limit = 65536 (default)
2023-02-14 08:19:07,355 [23624866-2448-40b4-b246-86425eff7cca@group-1934EA50BFDD-LeaderElection27] INFO  server.RaftServerConfigKeys (ConfUtils.java:logGet(46)) - raft.server.write.element-limit = 1024 (custom)
2023-02-14 08:19:07,355 [23624866-2448-40b4-b246-86425eff7cca@group-1934EA50BFDD-LeaderElection27] INFO  server.RaftServerConfigKeys (ConfUtils.java:logGet(46)) - raft.server.write.follower.gap.ratio.max = -1.0 (default)
2023-02-14 08:19:07,356 [23624866-2448-40b4-b246-86425eff7cca@group-1934EA50BFDD-LeaderElection27] INFO  server.RaftServerConfigKeys (ConfUtils.java:logGet(46)) - raft.server.log.appender.snapshot.chunk.size.max = 16MB (=16777216) (default)
2023-02-14 08:19:07,356 [23624866-2448-40b4-b246-86425eff7cca@group-1934EA50BFDD-LeaderElection27] INFO  server.RaftServerConfigKeys (ConfUtils.java:logGet(46)) - raft.server.log.appender.buffer.byte-limit = 33554432 (custom)
2023-02-14 08:19:07,356 [23624866-2448-40b4-b246-86425eff7cca@group-1934EA50BFDD-LeaderElection27] INFO  server.RaftServerConfigKeys (ConfUtils.java:logGet(46)) - raft.server.log.appender.buffer.element-limit = 1 (custom)
2023-02-14 08:19:07,356 [23624866-2448-40b4-b246-86425eff7cca@group-1934EA50BFDD-LeaderElection27] INFO  grpc.GrpcConfigKeys (ConfUtils.java:logGet(46)) - raft.grpc.server.leader.outstanding.appends.max = 128 (default)
2023-02-14 08:19:07,356 [23624866-2448-40b4-b246-86425eff7cca@group-1934EA50BFDD-LeaderElection27] INFO  server.RaftServerConfigKeys (ConfUtils.java:logGet(46)) - raft.server.rpc.request.timeout = 60s (custom)
2023-02-14 08:19:07,356 [23624866-2448-40b4-b246-86425eff7cca@group-1934EA50BFDD-LeaderElection27] INFO  server.RaftServerConfigKeys (ConfUtils.java:logGet(46)) - raft.server.log.appender.install.snapshot.enabled = false (custom)
2023-02-14 08:19:07,356 [23624866-2448-40b4-b246-86425eff7cca@group-1934EA50BFDD-LeaderElection27] INFO  grpc.GrpcConfigKeys (ConfUtils.java:logGet(46)) - raft.grpc.server.heartbeat.channel = true (default)
2023-02-14 08:19:07,356 [23624866-2448-40b4-b246-86425eff7cca@group-1934EA50BFDD-LeaderElection27] INFO  server.RaftServerConfigKeys (ConfUtils.java:logGet(46)) - raft.server.log.appender.wait-time.min = 10ms (default)
2023-02-14 08:19:07,356 [23624866-2448-40b4-b246-86425eff7cca@group-1934EA50BFDD-LeaderElection27] INFO  server.RaftServerConfigKeys (ConfUtils.java:logGet(46)) - raft.server.log.appender.snapshot.chunk.size.max = 16MB (=16777216) (default)
2023-02-14 08:19:07,356 [23624866-2448-40b4-b246-86425eff7cca@group-1934EA50BFDD-LeaderElection27] INFO  server.RaftServerConfigKeys (ConfUtils.java:logGet(46)) - raft.server.log.appender.buffer.byte-limit = 33554432 (custom)
2023-02-14 08:19:07,356 [23624866-2448-40b4-b246-86425eff7cca@group-1934EA50BFDD-LeaderElection27] INFO  server.RaftServerConfigKeys (ConfUtils.java:logGet(46)) - raft.server.log.appender.buffer.element-limit = 1 (custom)
2023-02-14 08:19:07,356 [23624866-2448-40b4-b246-86425eff7cca@group-1934EA50BFDD-LeaderElection27] INFO  grpc.GrpcConfigKeys (ConfUtils.java:logGet(46)) - raft.grpc.server.leader.outstanding.appends.max = 128 (default)
2023-02-14 08:19:07,356 [23624866-2448-40b4-b246-86425eff7cca@group-1934EA50BFDD-LeaderElection27] INFO  server.RaftServerConfigKeys (ConfUtils.java:logGet(46)) - raft.server.rpc.request.timeout = 60s (custom)
2023-02-14 08:19:07,356 [23624866-2448-40b4-b246-86425eff7cca@group-1934EA50BFDD-LeaderElection27] INFO  server.RaftServerConfigKeys (ConfUtils.java:logGet(46)) - raft.server.log.appender.install.snapshot.enabled = false (custom)
2023-02-14 08:19:07,357 [23624866-2448-40b4-b246-86425eff7cca@group-1934EA50BFDD-LeaderElection27] INFO  grpc.GrpcConfigKeys (ConfUtils.java:logGet(46)) - raft.grpc.server.heartbeat.channel = true (default)
2023-02-14 08:19:07,357 [23624866-2448-40b4-b246-86425eff7cca@group-1934EA50BFDD-LeaderElection27] INFO  server.RaftServerConfigKeys (ConfUtils.java:logGet(46)) - raft.server.log.appender.wait-time.min = 10ms (default)
2023-02-14 08:19:07,357 [23624866-2448-40b4-b246-86425eff7cca@group-1934EA50BFDD-LeaderElection27] INFO  impl.RoleInfo (RoleInfo.java:updateAndGet(139)) - 23624866-2448-40b4-b246-86425eff7cca: start 23624866-2448-40b4-b246-86425eff7cca@group-1934EA50BFDD-LeaderStateImpl
2023-02-14 08:19:07,357 [23624866-2448-40b4-b246-86425eff7cca@group-1934EA50BFDD-LeaderElection27] INFO  segmented.SegmentedRaftLogWorker (SegmentedRaftLogWorker.java:startLogSegment(452)) - 23624866-2448-40b4-b246-86425eff7cca@group-1934EA50BFDD-SegmentedRaftLogWorker: Starting segment from index:0
2023-02-14 08:19:07,357 [grpc-default-executor-1] INFO  server.RaftServer$Division (RaftServerImpl.java:requestVote(1218)) - 6d5fd74e-c16c-4183-9ec8-8461f8bdbc47@group-1934EA50BFDD: receive requestVote(ELECTION, 23624866-2448-40b4-b246-86425eff7cca, group-1934EA50BFDD, 1, (t:0, i:0))
2023-02-14 08:19:07,357 [grpc-default-executor-1] INFO  impl.VoteContext (VoteContext.java:log(49)) - 6d5fd74e-c16c-4183-9ec8-8461f8bdbc47@group-1934EA50BFDD-FOLLOWER: accept ELECTION from 23624866-2448-40b4-b246-86425eff7cca: our priority 0 <= candidate's priority 1
2023-02-14 08:19:07,357 [grpc-default-executor-1] INFO  server.RaftServer$Division (RaftServerImpl.java:setRole(321)) - 6d5fd74e-c16c-4183-9ec8-8461f8bdbc47@group-1934EA50BFDD: changes role from  FOLLOWER to FOLLOWER at term 1 for candidate:23624866-2448-40b4-b246-86425eff7cca
2023-02-14 08:19:07,357 [grpc-default-executor-1] INFO  impl.RoleInfo (RoleInfo.java:shutdownFollowerState(110)) - 6d5fd74e-c16c-4183-9ec8-8461f8bdbc47: shutdown 6d5fd74e-c16c-4183-9ec8-8461f8bdbc47@group-1934EA50BFDD-FollowerState
2023-02-14 08:19:07,358 [23624866-2448-40b4-b246-86425eff7cca@group-1934EA50BFDD-SegmentedRaftLogWorker] INFO  segmented.SegmentedRaftLogWorker (SegmentedRaftLogWorker.java:execute(656)) - 23624866-2448-40b4-b246-86425eff7cca@group-1934EA50BFDD-SegmentedRaftLogWorker: created new log segment /home/runner/work/ozone/ozone/hadoop-ozone/integration-test/target/test-dir/MiniOzoneClusterImpl-9064264e-2b58-4737-9fe3-fdda8e014d69/datanode-2/data/ratis/8385c9fe-b4c7-4b4e-99aa-1934ea50bfdd/current/log_inprogress_0
2023-02-14 08:19:07,358 [EventQueue-PipelineReportForPipelineReportHandler] INFO  pipeline.PipelineManagerImpl (PipelineManagerImpl.java:openPipeline(367)) - Pipeline Pipeline[ Id: 8385c9fe-b4c7-4b4e-99aa-1934ea50bfdd, Nodes: 23624866-2448-40b4-b246-86425eff7cca(fv-az476-382.2mevl5kwmm3ezivwarakluutxb.phxx.internal.cloudapp.net/10.1.0.19)6d5fd74e-c16c-4183-9ec8-8461f8bdbc47(fv-az476-382.2mevl5kwmm3ezivwarakluutxb.phxx.internal.cloudapp.net/10.1.0.19)0910efe8-a84f-4250-8aec-2e536a9734d2(fv-az476-382.2mevl5kwmm3ezivwarakluutxb.phxx.internal.cloudapp.net/10.1.0.19), ReplicationConfig: RATIS/THREE, State:ALLOCATED, leaderId:23624866-2448-40b4-b246-86425eff7cca, CreationTimestamp2023-02-14T08:18:59.859Z[Etc/UTC]] moved to OPEN state
2023-02-14 08:19:07,359 [EventQueue-OpenPipelineForHealthyPipelineSafeModeRule] INFO  safemode.SCMSafeModeManager (HealthyPipelineSafeModeRule.java:process(137)) - SCM in safe mode. Healthy pipelines reported count is 1, required healthy pipeline reported count is 1
2023-02-14 08:19:07,359 [EventQueue-OpenPipelineForHealthyPipelineSafeModeRule] INFO  safemode.SCMSafeModeManager (SCMSafeModeManager.java:validateSafeModeExitRules(200)) - HealthyPipelineSafeModeRule rule is successfully validated
2023-02-14 08:19:07,359 [EventQueue-OpenPipelineForHealthyPipelineSafeModeRule] INFO  safemode.SCMSafeModeManager (SCMSafeModeManager.java:validateSafeModeExitRules(215)) - ScmSafeModeManager, all rules are successfully validated
2023-02-14 08:19:07,359 [EventQueue-OpenPipelineForHealthyPipelineSafeModeRule] INFO  safemode.SCMSafeModeManager (SCMSafeModeManager.java:exitSafeMode(244)) - SCM exiting safe mode.
2023-02-14 08:19:07,359 [EventQueue-OpenPipelineForHealthyPipelineSafeModeRule] INFO  ha.SCMContext (SCMContext.java:updateSafeModeStatus(228)) - Update SafeModeStatus from SafeModeStatus{safeModeStatus=true, preCheckPassed=true} to SafeModeStatus{safeModeStatus=false, preCheckPassed=true}.
2023-02-14 08:19:07,359 [EventQueue-OpenPipelineForHealthyPipelineSafeModeRule] INFO  pipeline.BackgroundPipelineCreator (BackgroundPipelineCreator.java:notifyStatusChanged(254)) - Service BackgroundPipelineCreator transitions to RUNNING.
2023-02-14 08:19:07,359 [EventQueue-OpenPipelineForHealthyPipelineSafeModeRule] INFO  BackgroundPipelineScrubber (BackgroundSCMService.java:notifyStatusChanged(82)) - Service BackgroundPipelineScrubber transitions to RUNNING.
2023-02-14 08:19:07,359 [EventQueue-OpenPipelineForHealthyPipelineSafeModeRule] INFO  ExpiredContainerReplicaOpScrubber (BackgroundSCMService.java:notifyStatusChanged(82)) - Service ExpiredContainerReplicaOpScrubber transitions to RUNNING.
2023-02-14 08:19:07,359 [EventQueue-OpenPipelineForHealthyPipelineSafeModeRule] INFO  replication.ReplicationManager (ReplicationManager.java:notifyStatusChanged(1001)) - Service ReplicationManager transitions to RUNNING.
2023-02-14 08:19:07,359 [EventQueue-OpenPipelineForHealthyPipelineSafeModeRule] WARN  balancer.ContainerBalancer (ContainerBalancer.java:shouldRun(131)) - Could not find persisted configuration for ContainerBalancer when checking if ContainerBalancer should run. ContainerBalancer should not run now.
2023-02-14 08:19:07,368 [23624866-2448-40b4-b246-86425eff7cca@group-1934EA50BFDD-LeaderElection27] INFO  server.RaftServer$Division (ServerState.java:setRaftConf(430)) - 23624866-2448-40b4-b246-86425eff7cca@group-1934EA50BFDD: set configuration 0: peers:[0910efe8-a84f-4250-8aec-2e536a9734d2|rpc:10.1.0.19:39335|dataStream:10.1.0.19:34839|priority:0|startupRole:FOLLOWER, 6d5fd74e-c16c-4183-9ec8-8461f8bdbc47|rpc:10.1.0.19:44947|dataStream:10.1.0.19:34443|priority:0|startupRole:FOLLOWER, 23624866-2448-40b4-b246-86425eff7cca|rpc:10.1.0.19:37675|dataStream:10.1.0.19:40961|priority:1|startupRole:FOLLOWER]|listeners:[], old=null
2023-02-14 08:19:07,374 [grpc-default-executor-1] INFO  impl.RoleInfo (RoleInfo.java:updateAndGet(139)) - 6d5fd74e-c16c-4183-9ec8-8461f8bdbc47: start 6d5fd74e-c16c-4183-9ec8-8461f8bdbc47@group-1934EA50BFDD-FollowerState
2023-02-14 08:19:07,374 [6d5fd74e-c16c-4183-9ec8-8461f8bdbc47@group-1934EA50BFDD-FollowerState] INFO  impl.FollowerState (FollowerState.java:run(152)) - 6d5fd74e-c16c-4183-9ec8-8461f8bdbc47@group-1934EA50BFDD-FollowerState was interrupted
2023-02-14 08:19:07,376 [grpc-default-executor-1] INFO  server.RaftServer$Division (RaftServerImpl.java:requestVote(1251)) - 6d5fd74e-c16c-4183-9ec8-8461f8bdbc47@group-1934EA50BFDD replies to ELECTION vote request: 23624866-2448-40b4-b246-86425eff7cca<-6d5fd74e-c16c-4183-9ec8-8461f8bdbc47#0:OK-t1. Peer's state: 6d5fd74e-c16c-4183-9ec8-8461f8bdbc47@group-1934EA50BFDD:t1, leader=null, voted=23624866-2448-40b4-b246-86425eff7cca, raftlog=Memoized:6d5fd74e-c16c-4183-9ec8-8461f8bdbc47@group-1934EA50BFDD-SegmentedRaftLog:OPENED:c-1, conf=-1: peers:[0910efe8-a84f-4250-8aec-2e536a9734d2|rpc:10.1.0.19:39335|dataStream:10.1.0.19:34839|priority:0|startupRole:FOLLOWER, 6d5fd74e-c16c-4183-9ec8-8461f8bdbc47|rpc:10.1.0.19:44947|dataStream:10.1.0.19:34443|priority:0|startupRole:FOLLOWER, 23624866-2448-40b4-b246-86425eff7cca|rpc:10.1.0.19:37675|dataStream:10.1.0.19:40961|priority:1|startupRole:FOLLOWER]|listeners:[], old=null
2023-02-14 08:19:07,376 [6d5fd74e-c16c-4183-9ec8-8461f8bdbc47@group-1934EA50BFDD-FollowerState] INFO  server.RaftServerConfigKeys (ConfUtils.java:logFallback(53)) - raft.server.rpc.first-election.timeout.min = 5s (fallback to raft.server.rpc.timeout.min)
2023-02-14 08:19:07,376 [6d5fd74e-c16c-4183-9ec8-8461f8bdbc47@group-1934EA50BFDD-FollowerState] INFO  server.RaftServerConfigKeys (ConfUtils.java:logFallback(53)) - raft.server.rpc.first-election.timeout.max = 5200ms (fallback to raft.server.rpc.timeout.max)
2023-02-14 08:19:07,386 [0910efe8-a84f-4250-8aec-2e536a9734d2-server-thread2] INFO  ratis.XceiverServerRatis (XceiverServerRatis.java:handleLeaderChangedNotification(905)) - Leader change notification received for group: group-1934EA50BFDD with new leaderId: 23624866-2448-40b4-b246-86425eff7cca
2023-02-14 08:19:07,387 [0910efe8-a84f-4250-8aec-2e536a9734d2-server-thread2] INFO  server.RaftServer$Division (ServerState.java:setLeader(313)) - 0910efe8-a84f-4250-8aec-2e536a9734d2@group-1934EA50BFDD: change Leader from null to 23624866-2448-40b4-b246-86425eff7cca at term 1 for appendEntries, leader elected after 5118ms
2023-02-14 08:19:07,391 [0910efe8-a84f-4250-8aec-2e536a9734d2-server-thread2] INFO  server.RaftServer$Division (ServerState.java:setRaftConf(430)) - 0910efe8-a84f-4250-8aec-2e536a9734d2@group-1934EA50BFDD: set configuration 0: peers:[0910efe8-a84f-4250-8aec-2e536a9734d2|rpc:10.1.0.19:39335|dataStream:10.1.0.19:34839|priority:0|startupRole:FOLLOWER, 6d5fd74e-c16c-4183-9ec8-8461f8bdbc47|rpc:10.1.0.19:44947|dataStream:10.1.0.19:34443|priority:0|startupRole:FOLLOWER, 23624866-2448-40b4-b246-86425eff7cca|rpc:10.1.0.19:37675|dataStream:10.1.0.19:40961|priority:1|startupRole:FOLLOWER]|listeners:[], old=null
2023-02-14 08:19:07,391 [0910efe8-a84f-4250-8aec-2e536a9734d2-server-thread2] INFO  segmented.SegmentedRaftLogWorker (SegmentedRaftLogWorker.java:startLogSegment(452)) - 0910efe8-a84f-4250-8aec-2e536a9734d2@group-1934EA50BFDD-SegmentedRaftLogWorker: Starting segment from index:0
2023-02-14 08:19:07,392 [0910efe8-a84f-4250-8aec-2e536a9734d2@group-1934EA50BFDD-SegmentedRaftLogWorker] INFO  segmented.SegmentedRaftLogWorker (SegmentedRaftLogWorker.java:execute(656)) - 0910efe8-a84f-4250-8aec-2e536a9734d2@group-1934EA50BFDD-SegmentedRaftLogWorker: created new log segment /home/runner/work/ozone/ozone/hadoop-ozone/integration-test/target/test-dir/MiniOzoneClusterImpl-9064264e-2b58-4737-9fe3-fdda8e014d69/datanode-1/data/ratis/8385c9fe-b4c7-4b4e-99aa-1934ea50bfdd/current/log_inprogress_0
2023-02-14 08:19:07,394 [6d5fd74e-c16c-4183-9ec8-8461f8bdbc47@group-0B30B5CAC9A3-FollowerState] INFO  impl.FollowerState (FollowerState.java:run(143)) - 6d5fd74e-c16c-4183-9ec8-8461f8bdbc47@group-0B30B5CAC9A3-FollowerState: change to CANDIDATE, lastRpcElapsedTime:5096705599ns, electionTimeout:5091ms
2023-02-14 08:19:07,394 [6d5fd74e-c16c-4183-9ec8-8461f8bdbc47@group-0B30B5CAC9A3-FollowerState] INFO  impl.RoleInfo (RoleInfo.java:shutdownFollowerState(110)) - 6d5fd74e-c16c-4183-9ec8-8461f8bdbc47: shutdown 6d5fd74e-c16c-4183-9ec8-8461f8bdbc47@group-0B30B5CAC9A3-FollowerState
2023-02-14 08:19:07,394 [6d5fd74e-c16c-4183-9ec8-8461f8bdbc47@group-0B30B5CAC9A3-FollowerState] INFO  server.RaftServer$Division (RaftServerImpl.java:setRole(321)) - 6d5fd74e-c16c-4183-9ec8-8461f8bdbc47@group-0B30B5CAC9A3: changes role from  FOLLOWER to CANDIDATE at term 0 for changeToCandidate
2023-02-14 08:19:07,394 [6d5fd74e-c16c-4183-9ec8-8461f8bdbc47@group-0B30B5CAC9A3-FollowerState] INFO  server.RaftServerConfigKeys (ConfUtils.java:logGet(46)) - raft.server.leaderelection.pre-vote = false (custom)
2023-02-14 08:19:07,394 [6d5fd74e-c16c-4183-9ec8-8461f8bdbc47@group-0B30B5CAC9A3-FollowerState] INFO  impl.RoleInfo (RoleInfo.java:updateAndGet(139)) - 6d5fd74e-c16c-4183-9ec8-8461f8bdbc47: start 6d5fd74e-c16c-4183-9ec8-8461f8bdbc47@group-0B30B5CAC9A3-LeaderElection28
2023-02-14 08:19:07,397 [6d5fd74e-c16c-4183-9ec8-8461f8bdbc47-server-thread1] INFO  ratis.XceiverServerRatis (XceiverServerRatis.java:handleLeaderChangedNotification(905)) - Leader change notification received for group: group-1934EA50BFDD with new leaderId: 23624866-2448-40b4-b246-86425eff7cca
2023-02-14 08:19:07,397 [6d5fd74e-c16c-4183-9ec8-8461f8bdbc47-server-thread1] INFO  server.RaftServer$Division (ServerState.java:setLeader(313)) - 6d5fd74e-c16c-4183-9ec8-8461f8bdbc47@group-1934EA50BFDD: change Leader from null to 23624866-2448-40b4-b246-86425eff7cca at term 1 for appendEntries, leader elected after 5180ms
2023-02-14 08:19:07,398 [6d5fd74e-c16c-4183-9ec8-8461f8bdbc47-server-thread1] INFO  server.RaftServer$Division (ServerState.java:setRaftConf(430)) - 6d5fd74e-c16c-4183-9ec8-8461f8bdbc47@group-1934EA50BFDD: set configuration 0: peers:[0910efe8-a84f-4250-8aec-2e536a9734d2|rpc:10.1.0.19:39335|dataStream:10.1.0.19:34839|priority:0|startupRole:FOLLOWER, 6d5fd74e-c16c-4183-9ec8-8461f8bdbc47|rpc:10.1.0.19:44947|dataStream:10.1.0.19:34443|priority:0|startupRole:FOLLOWER, 23624866-2448-40b4-b246-86425eff7cca|rpc:10.1.0.19:37675|dataStream:10.1.0.19:40961|priority:1|startupRole:FOLLOWER]|listeners:[], old=null
2023-02-14 08:19:07,399 [6d5fd74e-c16c-4183-9ec8-8461f8bdbc47-server-thread1] INFO  segmented.SegmentedRaftLogWorker (SegmentedRaftLogWorker.java:startLogSegment(452)) - 6d5fd74e-c16c-4183-9ec8-8461f8bdbc47@group-1934EA50BFDD-SegmentedRaftLogWorker: Starting segment from index:0
2023-02-14 08:19:07,399 [6d5fd74e-c16c-4183-9ec8-8461f8bdbc47@group-0B30B5CAC9A3-LeaderElection28] INFO  impl.LeaderElection (LeaderElection.java:askForVotes(312)) - 6d5fd74e-c16c-4183-9ec8-8461f8bdbc47@group-0B30B5CAC9A3-LeaderElection28 ELECTION round 0: submit vote requests at term 1 for -1: peers:[0910efe8-a84f-4250-8aec-2e536a9734d2|rpc:10.1.0.19:39335|dataStream:10.1.0.19:34839|priority:0|startupRole:FOLLOWER, 6d5fd74e-c16c-4183-9ec8-8461f8bdbc47|rpc:10.1.0.19:44947|dataStream:10.1.0.19:34443|priority:1|startupRole:FOLLOWER, 23624866-2448-40b4-b246-86425eff7cca|rpc:10.1.0.19:37675|dataStream:10.1.0.19:40961|priority:0|startupRole:FOLLOWER]|listeners:[], old=null
2023-02-14 08:19:07,401 [6d5fd74e-c16c-4183-9ec8-8461f8bdbc47@group-5A03DC53F6A6-FollowerState] INFO  impl.FollowerState (FollowerState.java:run(143)) - 6d5fd74e-c16c-4183-9ec8-8461f8bdbc47@group-5A03DC53F6A6-FollowerState: change to CANDIDATE, lastRpcElapsedTime:5198392997ns, electionTimeout:5198ms
2023-02-14 08:19:07,401 [6d5fd74e-c16c-4183-9ec8-8461f8bdbc47@group-5A03DC53F6A6-FollowerState] INFO  impl.RoleInfo (RoleInfo.java:shutdownFollowerState(110)) - 6d5fd74e-c16c-4183-9ec8-8461f8bdbc47: shutdown 6d5fd74e-c16c-4183-9ec8-8461f8bdbc47@group-5A03DC53F6A6-FollowerState
2023-02-14 08:19:07,401 [6d5fd74e-c16c-4183-9ec8-8461f8bdbc47@group-5A03DC53F6A6-FollowerState] INFO  server.RaftServer$Division (RaftServerImpl.java:setRole(321)) - 6d5fd74e-c16c-4183-9ec8-8461f8bdbc47@group-5A03DC53F6A6: changes role from  FOLLOWER to CANDIDATE at term 0 for changeToCandidate
2023-02-14 08:19:07,403 [6d5fd74e-c16c-4183-9ec8-8461f8bdbc47@group-5A03DC53F6A6-FollowerState] INFO  server.RaftServerConfigKeys (ConfUtils.java:logGet(46)) - raft.server.leaderelection.pre-vote = false (custom)
2023-02-14 08:19:07,403 [6d5fd74e-c16c-4183-9ec8-8461f8bdbc47@group-5A03DC53F6A6-FollowerState] INFO  impl.RoleInfo (RoleInfo.java:updateAndGet(139)) - 6d5fd74e-c16c-4183-9ec8-8461f8bdbc47: start 6d5fd74e-c16c-4183-9ec8-8461f8bdbc47@group-5A03DC53F6A6-LeaderElection29
2023-02-14 08:19:07,406 [6d5fd74e-c16c-4183-9ec8-8461f8bdbc47@group-0B30B5CAC9A3-LeaderElection28-1] INFO  server.GrpcServerProtocolClient (GrpcServerProtocolClient.java:<init>(63)) - Build channel for 0910efe8-a84f-4250-8aec-2e536a9734d2
2023-02-14 08:19:07,408 [6d5fd74e-c16c-4183-9ec8-8461f8bdbc47@group-0B30B5CAC9A3-LeaderElection28] INFO  server.RaftServerConfigKeys (ConfUtils.java:logFallback(53)) - raft.server.rpc.first-election.timeout.min = 5s (fallback to raft.server.rpc.timeout.min)
2023-02-14 08:19:07,408 [6d5fd74e-c16c-4183-9ec8-8461f8bdbc47@group-0B30B5CAC9A3-LeaderElection28] INFO  server.RaftServerConfigKeys (ConfUtils.java:logFallback(53)) - raft.server.rpc.first-election.timeout.max = 5200ms (fallback to raft.server.rpc.timeout.max)
2023-02-14 08:19:07,408 [6d5fd74e-c16c-4183-9ec8-8461f8bdbc47@group-0B30B5CAC9A3-LeaderElection28-2] INFO  server.GrpcServerProtocolClient (GrpcServerProtocolClient.java:<init>(63)) - Build channel for 23624866-2448-40b4-b246-86425eff7cca
2023-02-14 08:19:07,411 [6d5fd74e-c16c-4183-9ec8-8461f8bdbc47@group-5A03DC53F6A6-LeaderElection29] INFO  impl.LeaderElection (LeaderElection.java:askForVotes(312)) - 6d5fd74e-c16c-4183-9ec8-8461f8bdbc47@group-5A03DC53F6A6-LeaderElection29 ELECTION round 0: submit vote requests at term 1 for -1: peers:[6d5fd74e-c16c-4183-9ec8-8461f8bdbc47|rpc:10.1.0.19:44947|dataStream:10.1.0.19:34443|priority:1|startupRole:FOLLOWER]|listeners:[], old=null
2023-02-14 08:19:07,411 [6d5fd74e-c16c-4183-9ec8-8461f8bdbc47@group-5A03DC53F6A6-LeaderElection29] INFO  impl.LeaderElection (LeaderElection.java:askForVotes(314)) - 6d5fd74e-c16c-4183-9ec8-8461f8bdbc47@group-5A03DC53F6A6-LeaderElection29 ELECTION round 0: result PASSED (term=1)
2023-02-14 08:19:07,411 [6d5fd74e-c16c-4183-9ec8-8461f8bdbc47@group-5A03DC53F6A6-LeaderElection29] INFO  impl.RoleInfo (RoleInfo.java:shutdownLeaderElection(130)) - 6d5fd74e-c16c-4183-9ec8-8461f8bdbc47: shutdown 6d5fd74e-c16c-4183-9ec8-8461f8bdbc47@group-5A03DC53F6A6-LeaderElection29
2023-02-14 08:19:07,411 [6d5fd74e-c16c-4183-9ec8-8461f8bdbc47@group-5A03DC53F6A6-LeaderElection29] INFO  server.RaftServer$Division (RaftServerImpl.java:setRole(321)) - 6d5fd74e-c16c-4183-9ec8-8461f8bdbc47@group-5A03DC53F6A6: changes role from CANDIDATE to LEADER at term 1 for changeToLeader
2023-02-14 08:19:07,411 [6d5fd74e-c16c-4183-9ec8-8461f8bdbc47@group-5A03DC53F6A6-LeaderElection29] INFO  ratis.XceiverServerRatis (XceiverServerRatis.java:handleLeaderChangedNotification(905)) - Leader change notification received for group: group-5A03DC53F6A6 with new leaderId: 6d5fd74e-c16c-4183-9ec8-8461f8bdbc47
2023-02-14 08:19:07,411 [6d5fd74e-c16c-4183-9ec8-8461f8bdbc47@group-5A03DC53F6A6-LeaderElection29] INFO  server.RaftServer$Division (ServerState.java:setLeader(313)) - 6d5fd74e-c16c-4183-9ec8-8461f8bdbc47@group-5A03DC53F6A6: change Leader from null to 6d5fd74e-c16c-4183-9ec8-8461f8bdbc47 at term 1 for becomeLeader, leader elected after 5217ms
2023-02-14 08:19:07,411 [6d5fd74e-c16c-4183-9ec8-8461f8bdbc47@group-5A03DC53F6A6-LeaderElection29] INFO  server.RaftServerConfigKeys (ConfUtils.java:logGet(46)) - raft.server.staging.catchup.gap = 1000 (default)
2023-02-14 08:19:07,412 [6d5fd74e-c16c-4183-9ec8-8461f8bdbc47@group-5A03DC53F6A6-LeaderElection29] INFO  server.RaftServerConfigKeys (ConfUtils.java:logGet(46)) - raft.server.write.element-limit = 1024 (custom)
2023-02-14 08:19:07,412 [6d5fd74e-c16c-4183-9ec8-8461f8bdbc47@group-5A03DC53F6A6-LeaderElection29] INFO  server.RaftServerConfigKeys (ConfUtils.java:logGet(46)) - raft.server.write.byte-limit = 1024 M (=1073741824) (custom)
2023-02-14 08:19:07,413 [6d5fd74e-c16c-4183-9ec8-8461f8bdbc47@group-5A03DC53F6A6-LeaderElection29] INFO  server.RaftServerConfigKeys (ConfUtils.java:logGet(46)) - raft.server.watch.timeout = 180s (custom)
2023-02-14 08:19:07,413 [6d5fd74e-c16c-4183-9ec8-8461f8bdbc47@group-1934EA50BFDD-SegmentedRaftLogWorker] INFO  segmented.SegmentedRaftLogWorker (SegmentedRaftLogWorker.java:execute(656)) - 6d5fd74e-c16c-4183-9ec8-8461f8bdbc47@group-1934EA50BFDD-SegmentedRaftLogWorker: created new log segment /home/runner/work/ozone/ozone/hadoop-ozone/integration-test/target/test-dir/MiniOzoneClusterImpl-9064264e-2b58-4737-9fe3-fdda8e014d69/datanode-0/data/ratis/8385c9fe-b4c7-4b4e-99aa-1934ea50bfdd/current/log_inprogress_0
2023-02-14 08:19:07,415 [6d5fd74e-c16c-4183-9ec8-8461f8bdbc47@group-5A03DC53F6A6-LeaderElection29] INFO  server.RaftServerConfigKeys (ConfUtils.java:logGet(46)) - raft.server.watch.timeout.denomination = 1s (default)
2023-02-14 08:19:07,415 [6d5fd74e-c16c-4183-9ec8-8461f8bdbc47@group-5A03DC53F6A6-LeaderElection29] INFO  server.RaftServerConfigKeys (ConfUtils.java:logGet(46)) - raft.server.watch.element-limit = 65536 (default)
2023-02-14 08:19:07,415 [6d5fd74e-c16c-4183-9ec8-8461f8bdbc47@group-5A03DC53F6A6-LeaderElection29] INFO  server.RaftServerConfigKeys (ConfUtils.java:logGet(46)) - raft.server.write.element-limit = 1024 (custom)
2023-02-14 08:19:07,415 [6d5fd74e-c16c-4183-9ec8-8461f8bdbc47@group-5A03DC53F6A6-LeaderElection29] INFO  server.RaftServerConfigKeys (ConfUtils.java:logGet(46)) - raft.server.write.follower.gap.ratio.max = -1.0 (default)
2023-02-14 08:19:07,415 [6d5fd74e-c16c-4183-9ec8-8461f8bdbc47@group-5A03DC53F6A6-LeaderElection29] INFO  impl.RoleInfo (RoleInfo.java:updateAndGet(139)) - 6d5fd74e-c16c-4183-9ec8-8461f8bdbc47: start 6d5fd74e-c16c-4183-9ec8-8461f8bdbc47@group-5A03DC53F6A6-LeaderStateImpl
2023-02-14 08:19:07,415 [6d5fd74e-c16c-4183-9ec8-8461f8bdbc47@group-5A03DC53F6A6-LeaderElection29] INFO  segmented.SegmentedRaftLogWorker (SegmentedRaftLogWorker.java:startLogSegment(452)) - 6d5fd74e-c16c-4183-9ec8-8461f8bdbc47@group-5A03DC53F6A6-SegmentedRaftLogWorker: Starting segment from index:0
2023-02-14 08:19:07,416 [6d5fd74e-c16c-4183-9ec8-8461f8bdbc47@group-5A03DC53F6A6-SegmentedRaftLogWorker] INFO  segmented.SegmentedRaftLogWorker (SegmentedRaftLogWorker.java:execute(656)) - 6d5fd74e-c16c-4183-9ec8-8461f8bdbc47@group-5A03DC53F6A6-SegmentedRaftLogWorker: created new log segment /home/runner/work/ozone/ozone/hadoop-ozone/integration-test/target/test-dir/MiniOzoneClusterImpl-9064264e-2b58-4737-9fe3-fdda8e014d69/datanode-0/data/ratis/938027b9-8f18-46f4-a21b-5a03dc53f6a6/current/log_inprogress_0
2023-02-14 08:19:07,416 [grpc-default-executor-2] INFO  server.RaftServer$Division (RaftServerImpl.java:requestVote(1218)) - 0910efe8-a84f-4250-8aec-2e536a9734d2@group-0B30B5CAC9A3: receive requestVote(ELECTION, 6d5fd74e-c16c-4183-9ec8-8461f8bdbc47, group-0B30B5CAC9A3, 1, (t:0, i:0))
2023-02-14 08:19:07,416 [grpc-default-executor-2] INFO  impl.VoteContext (VoteContext.java:log(49)) - 0910efe8-a84f-4250-8aec-2e536a9734d2@group-0B30B5CAC9A3-FOLLOWER: accept ELECTION from 6d5fd74e-c16c-4183-9ec8-8461f8bdbc47: our priority 0 <= candidate's priority 1
2023-02-14 08:19:07,416 [grpc-default-executor-2] INFO  server.RaftServer$Division (RaftServerImpl.java:setRole(321)) - 0910efe8-a84f-4250-8aec-2e536a9734d2@group-0B30B5CAC9A3: changes role from  FOLLOWER to FOLLOWER at term 1 for candidate:6d5fd74e-c16c-4183-9ec8-8461f8bdbc47
2023-02-14 08:19:07,417 [grpc-default-executor-2] INFO  impl.RoleInfo (RoleInfo.java:shutdownFollowerState(110)) - 0910efe8-a84f-4250-8aec-2e536a9734d2: shutdown 0910efe8-a84f-4250-8aec-2e536a9734d2@group-0B30B5CAC9A3-FollowerState
2023-02-14 08:19:07,417 [grpc-default-executor-2] INFO  impl.RoleInfo (RoleInfo.java:updateAndGet(139)) - 0910efe8-a84f-4250-8aec-2e536a9734d2: start 0910efe8-a84f-4250-8aec-2e536a9734d2@group-0B30B5CAC9A3-FollowerState
2023-02-14 08:19:07,417 [0910efe8-a84f-4250-8aec-2e536a9734d2@group-0B30B5CAC9A3-FollowerState] INFO  impl.FollowerState (FollowerState.java:run(152)) - 0910efe8-a84f-4250-8aec-2e536a9734d2@group-0B30B5CAC9A3-FollowerState was interrupted
2023-02-14 08:19:07,417 [6d5fd74e-c16c-4183-9ec8-8461f8bdbc47@group-5A03DC53F6A6-LeaderElection29] INFO  server.RaftServer$Division (ServerState.java:setRaftConf(430)) - 6d5fd74e-c16c-4183-9ec8-8461f8bdbc47@group-5A03DC53F6A6: set configuration 0: peers:[6d5fd74e-c16c-4183-9ec8-8461f8bdbc47|rpc:10.1.0.19:44947|dataStream:10.1.0.19:34443|priority:1|startupRole:FOLLOWER]|listeners:[], old=null
2023-02-14 08:19:07,419 [0910efe8-a84f-4250-8aec-2e536a9734d2@group-0B30B5CAC9A3-FollowerState] INFO  server.RaftServerConfigKeys (ConfUtils.java:logFallback(53)) - raft.server.rpc.first-election.timeout.min = 5s (fallback to raft.server.rpc.timeout.min)
2023-02-14 08:19:07,419 [0910efe8-a84f-4250-8aec-2e536a9734d2@group-0B30B5CAC9A3-FollowerState] INFO  server.RaftServerConfigKeys (ConfUtils.java:logFallback(53)) - raft.server.rpc.first-election.timeout.max = 5200ms (fallback to raft.server.rpc.timeout.max)
2023-02-14 08:19:07,419 [grpc-default-executor-2] INFO  server.RaftServer$Division (RaftServerImpl.java:requestVote(1251)) - 0910efe8-a84f-4250-8aec-2e536a9734d2@group-0B30B5CAC9A3 replies to ELECTION vote request: 6d5fd74e-c16c-4183-9ec8-8461f8bdbc47<-0910efe8-a84f-4250-8aec-2e536a9734d2#0:OK-t1. Peer's state: 0910efe8-a84f-4250-8aec-2e536a9734d2@group-0B30B5CAC9A3:t1, leader=null, voted=6d5fd74e-c16c-4183-9ec8-8461f8bdbc47, raftlog=Memoized:0910efe8-a84f-4250-8aec-2e536a9734d2@group-0B30B5CAC9A3-SegmentedRaftLog:OPENED:c-1, conf=-1: peers:[0910efe8-a84f-4250-8aec-2e536a9734d2|rpc:10.1.0.19:39335|dataStream:10.1.0.19:34839|priority:0|startupRole:FOLLOWER, 6d5fd74e-c16c-4183-9ec8-8461f8bdbc47|rpc:10.1.0.19:44947|dataStream:10.1.0.19:34443|priority:1|startupRole:FOLLOWER, 23624866-2448-40b4-b246-86425eff7cca|rpc:10.1.0.19:37675|dataStream:10.1.0.19:40961|priority:0|startupRole:FOLLOWER]|listeners:[], old=null
2023-02-14 08:19:07,422 [6d5fd74e-c16c-4183-9ec8-8461f8bdbc47@group-0B30B5CAC9A3-LeaderElection28] INFO  impl.LeaderElection (LeaderElection.java:logAndReturn(90)) - 6d5fd74e-c16c-4183-9ec8-8461f8bdbc47@group-0B30B5CAC9A3-LeaderElection28: ELECTION PASSED received 1 response(s) and 0 exception(s):
2023-02-14 08:19:07,422 [6d5fd74e-c16c-4183-9ec8-8461f8bdbc47@group-0B30B5CAC9A3-LeaderElection28] INFO  impl.LeaderElection (LeaderElection.java:logAndReturn(94)) -   Response 0: 6d5fd74e-c16c-4183-9ec8-8461f8bdbc47<-0910efe8-a84f-4250-8aec-2e536a9734d2#0:OK-t1
2023-02-14 08:19:07,422 [6d5fd74e-c16c-4183-9ec8-8461f8bdbc47@group-0B30B5CAC9A3-LeaderElection28] INFO  impl.LeaderElection (LeaderElection.java:askForVotes(314)) - 6d5fd74e-c16c-4183-9ec8-8461f8bdbc47@group-0B30B5CAC9A3-LeaderElection28 ELECTION round 0: result PASSED
2023-02-14 08:19:07,422 [6d5fd74e-c16c-4183-9ec8-8461f8bdbc47@group-0B30B5CAC9A3-LeaderElection28] INFO  impl.RoleInfo (RoleInfo.java:shutdownLeaderElection(130)) - 6d5fd74e-c16c-4183-9ec8-8461f8bdbc47: shutdown 6d5fd74e-c16c-4183-9ec8-8461f8bdbc47@group-0B30B5CAC9A3-LeaderElection28
2023-02-14 08:19:07,422 [6d5fd74e-c16c-4183-9ec8-8461f8bdbc47@group-0B30B5CAC9A3-LeaderElection28] INFO  server.RaftServer$Division (RaftServerImpl.java:setRole(321)) - 6d5fd74e-c16c-4183-9ec8-8461f8bdbc47@group-0B30B5CAC9A3: changes role from CANDIDATE to LEADER at term 1 for changeToLeader
2023-02-14 08:19:07,422 [6d5fd74e-c16c-4183-9ec8-8461f8bdbc47@group-0B30B5CAC9A3-LeaderElection28] INFO  ratis.XceiverServerRatis (XceiverServerRatis.java:handleLeaderChangedNotification(905)) - Leader change notification received for group: group-0B30B5CAC9A3 with new leaderId: 6d5fd74e-c16c-4183-9ec8-8461f8bdbc47
2023-02-14 08:19:07,422 [6d5fd74e-c16c-4183-9ec8-8461f8bdbc47@group-0B30B5CAC9A3-LeaderElection28] INFO  server.RaftServer$Division (ServerState.java:setLeader(313)) - 6d5fd74e-c16c-4183-9ec8-8461f8bdbc47@group-0B30B5CAC9A3: change Leader from null to 6d5fd74e-c16c-4183-9ec8-8461f8bdbc47 at term 1 for becomeLeader, leader elected after 5136ms
2023-02-14 08:19:07,422 [6d5fd74e-c16c-4183-9ec8-8461f8bdbc47@group-0B30B5CAC9A3-LeaderElection28] INFO  server.RaftServerConfigKeys (ConfUtils.java:logGet(46)) - raft.server.staging.catchup.gap = 1000 (default)
2023-02-14 08:19:07,423 [6d5fd74e-c16c-4183-9ec8-8461f8bdbc47@group-0B30B5CAC9A3-LeaderElection28] INFO  server.RaftServerConfigKeys (ConfUtils.java:logGet(46)) - raft.server.write.element-limit = 1024 (custom)
2023-02-14 08:19:07,423 [6d5fd74e-c16c-4183-9ec8-8461f8bdbc47@group-0B30B5CAC9A3-LeaderElection28] INFO  server.RaftServerConfigKeys (ConfUtils.java:logGet(46)) - raft.server.write.byte-limit = 1024 M (=1073741824) (custom)
2023-02-14 08:19:07,423 [6d5fd74e-c16c-4183-9ec8-8461f8bdbc47@group-0B30B5CAC9A3-LeaderElection28] INFO  server.RaftServerConfigKeys (ConfUtils.java:logGet(46)) - raft.server.watch.timeout = 180s (custom)
2023-02-14 08:19:07,423 [6d5fd74e-c16c-4183-9ec8-8461f8bdbc47@group-0B30B5CAC9A3-LeaderElection28] INFO  server.RaftServerConfigKeys (ConfUtils.java:logGet(46)) - raft.server.watch.timeout.denomination = 1s (default)
2023-02-14 08:19:07,423 [6d5fd74e-c16c-4183-9ec8-8461f8bdbc47@group-0B30B5CAC9A3-LeaderElection28] INFO  server.RaftServerConfigKeys (ConfUtils.java:logGet(46)) - raft.server.watch.element-limit = 65536 (default)
2023-02-14 08:19:07,423 [6d5fd74e-c16c-4183-9ec8-8461f8bdbc47@group-0B30B5CAC9A3-LeaderElection28] INFO  server.RaftServerConfigKeys (ConfUtils.java:logGet(46)) - raft.server.write.element-limit = 1024 (custom)
2023-02-14 08:19:07,423 [6d5fd74e-c16c-4183-9ec8-8461f8bdbc47@group-0B30B5CAC9A3-LeaderElection28] INFO  server.RaftServerConfigKeys (ConfUtils.java:logGet(46)) - raft.server.write.follower.gap.ratio.max = -1.0 (default)
2023-02-14 08:19:07,423 [6d5fd74e-c16c-4183-9ec8-8461f8bdbc47@group-0B30B5CAC9A3-LeaderElection28] INFO  server.RaftServerConfigKeys (ConfUtils.java:logGet(46)) - raft.server.log.appender.snapshot.chunk.size.max = 16MB (=16777216) (default)
2023-02-14 08:19:07,423 [6d5fd74e-c16c-4183-9ec8-8461f8bdbc47@group-0B30B5CAC9A3-LeaderElection28] INFO  server.RaftServerConfigKeys (ConfUtils.java:logGet(46)) - raft.server.log.appender.buffer.byte-limit = 33554432 (custom)
2023-02-14 08:19:07,423 [6d5fd74e-c16c-4183-9ec8-8461f8bdbc47@group-0B30B5CAC9A3-LeaderElection28] INFO  server.RaftServerConfigKeys (ConfUtils.java:logGet(46)) - raft.server.log.appender.buffer.element-limit = 1 (custom)
2023-02-14 08:19:07,423 [6d5fd74e-c16c-4183-9ec8-8461f8bdbc47@group-0B30B5CAC9A3-LeaderElection28] INFO  grpc.GrpcConfigKeys (ConfUtils.java:logGet(46)) - raft.grpc.server.leader.outstanding.appends.max = 128 (default)
2023-02-14 08:19:07,423 [6d5fd74e-c16c-4183-9ec8-8461f8bdbc47@group-0B30B5CAC9A3-LeaderElection28] INFO  server.RaftServerConfigKeys (ConfUtils.java:logGet(46)) - raft.server.rpc.request.timeout = 60s (custom)
2023-02-14 08:19:07,423 [6d5fd74e-c16c-4183-9ec8-8461f8bdbc47@group-0B30B5CAC9A3-LeaderElection28] INFO  server.RaftServerConfigKeys (ConfUtils.java:logGet(46)) - raft.server.log.appender.install.snapshot.enabled = false (custom)
2023-02-14 08:19:07,423 [6d5fd74e-c16c-4183-9ec8-8461f8bdbc47@group-0B30B5CAC9A3-LeaderElection28] INFO  grpc.GrpcConfigKeys (ConfUtils.java:logGet(46)) - raft.grpc.server.heartbeat.channel = true (default)
2023-02-14 08:19:07,423 [6d5fd74e-c16c-4183-9ec8-8461f8bdbc47@group-0B30B5CAC9A3-LeaderElection28] INFO  server.RaftServerConfigKeys (ConfUtils.java:logGet(46)) - raft.server.log.appender.wait-time.min = 10ms (default)
2023-02-14 08:19:07,424 [6d5fd74e-c16c-4183-9ec8-8461f8bdbc47@group-0B30B5CAC9A3-LeaderElection28] INFO  server.RaftServerConfigKeys (ConfUtils.java:logGet(46)) - raft.server.log.appender.snapshot.chunk.size.max = 16MB (=16777216) (default)
2023-02-14 08:19:07,424 [6d5fd74e-c16c-4183-9ec8-8461f8bdbc47@group-0B30B5CAC9A3-LeaderElection28] INFO  server.RaftServerConfigKeys (ConfUtils.java:logGet(46)) - raft.server.log.appender.buffer.byte-limit = 33554432 (custom)
2023-02-14 08:19:07,424 [6d5fd74e-c16c-4183-9ec8-8461f8bdbc47@group-0B30B5CAC9A3-LeaderElection28] INFO  server.RaftServerConfigKeys (ConfUtils.java:logGet(46)) - raft.server.log.appender.buffer.element-limit = 1 (custom)
2023-02-14 08:19:07,424 [6d5fd74e-c16c-4183-9ec8-8461f8bdbc47@group-0B30B5CAC9A3-LeaderElection28] INFO  grpc.GrpcConfigKeys (ConfUtils.java:logGet(46)) - raft.grpc.server.leader.outstanding.appends.max = 128 (default)
2023-02-14 08:19:07,424 [6d5fd74e-c16c-4183-9ec8-8461f8bdbc47@group-0B30B5CAC9A3-LeaderElection28] INFO  server.RaftServerConfigKeys (ConfUtils.java:logGet(46)) - raft.server.rpc.request.timeout = 60s (custom)
2023-02-14 08:19:07,424 [6d5fd74e-c16c-4183-9ec8-8461f8bdbc47@group-0B30B5CAC9A3-LeaderElection28] INFO  server.RaftServerConfigKeys (ConfUtils.java:logGet(46)) - raft.server.log.appender.install.snapshot.enabled = false (custom)
2023-02-14 08:19:07,424 [6d5fd74e-c16c-4183-9ec8-8461f8bdbc47@group-0B30B5CAC9A3-LeaderElection28] INFO  grpc.GrpcConfigKeys (ConfUtils.java:logGet(46)) - raft.grpc.server.heartbeat.channel = true (default)
2023-02-14 08:19:07,424 [6d5fd74e-c16c-4183-9ec8-8461f8bdbc47@group-0B30B5CAC9A3-LeaderElection28] INFO  server.RaftServerConfigKeys (ConfUtils.java:logGet(46)) - raft.server.log.appender.wait-time.min = 10ms (default)
2023-02-14 08:19:07,424 [6d5fd74e-c16c-4183-9ec8-8461f8bdbc47@group-0B30B5CAC9A3-LeaderElection28] INFO  impl.RoleInfo (RoleInfo.java:updateAndGet(139)) - 6d5fd74e-c16c-4183-9ec8-8461f8bdbc47: start 6d5fd74e-c16c-4183-9ec8-8461f8bdbc47@group-0B30B5CAC9A3-LeaderStateImpl
2023-02-14 08:19:07,424 [6d5fd74e-c16c-4183-9ec8-8461f8bdbc47@group-0B30B5CAC9A3-LeaderElection28] INFO  segmented.SegmentedRaftLogWorker (SegmentedRaftLogWorker.java:startLogSegment(452)) - 6d5fd74e-c16c-4183-9ec8-8461f8bdbc47@group-0B30B5CAC9A3-SegmentedRaftLogWorker: Starting segment from index:0
2023-02-14 08:19:07,425 [EventQueue-PipelineReportForPipelineReportHandler] INFO  pipeline.PipelineManagerImpl (PipelineManagerImpl.java:openPipeline(367)) - Pipeline Pipeline[ Id: c89f4c09-8464-4957-aa73-0b30b5cac9a3, Nodes: 6d5fd74e-c16c-4183-9ec8-8461f8bdbc47(fv-az476-382.2mevl5kwmm3ezivwarakluutxb.phxx.internal.cloudapp.net/10.1.0.19)23624866-2448-40b4-b246-86425eff7cca(fv-az476-382.2mevl5kwmm3ezivwarakluutxb.phxx.internal.cloudapp.net/10.1.0.19)0910efe8-a84f-4250-8aec-2e536a9734d2(fv-az476-382.2mevl5kwmm3ezivwarakluutxb.phxx.internal.cloudapp.net/10.1.0.19), ReplicationConfig: RATIS/THREE, State:ALLOCATED, leaderId:6d5fd74e-c16c-4183-9ec8-8461f8bdbc47, CreationTimestamp2023-02-14T08:18:59.859Z[Etc/UTC]] moved to OPEN state
2023-02-14 08:19:07,426 [6d5fd74e-c16c-4183-9ec8-8461f8bdbc47@group-0B30B5CAC9A3-SegmentedRaftLogWorker] INFO  segmented.SegmentedRaftLogWorker (SegmentedRaftLogWorker.java:execute(656)) - 6d5fd74e-c16c-4183-9ec8-8461f8bdbc47@group-0B30B5CAC9A3-SegmentedRaftLogWorker: created new log segment /home/runner/work/ozone/ozone/hadoop-ozone/integration-test/target/test-dir/MiniOzoneClusterImpl-9064264e-2b58-4737-9fe3-fdda8e014d69/datanode-0/data/ratis/c89f4c09-8464-4957-aa73-0b30b5cac9a3/current/log_inprogress_0
2023-02-14 08:19:07,453 [grpc-default-executor-3] INFO  server.RaftServer$Division (RaftServerImpl.java:requestVote(1218)) - 23624866-2448-40b4-b246-86425eff7cca@group-0B30B5CAC9A3: receive requestVote(ELECTION, 6d5fd74e-c16c-4183-9ec8-8461f8bdbc47, group-0B30B5CAC9A3, 1, (t:0, i:0))
2023-02-14 08:19:07,453 [grpc-default-executor-3] INFO  impl.VoteContext (VoteContext.java:log(49)) - 23624866-2448-40b4-b246-86425eff7cca@group-0B30B5CAC9A3-FOLLOWER: accept ELECTION from 6d5fd74e-c16c-4183-9ec8-8461f8bdbc47: our priority 0 <= candidate's priority 1
2023-02-14 08:19:07,453 [grpc-default-executor-3] INFO  server.RaftServer$Division (RaftServerImpl.java:setRole(321)) - 23624866-2448-40b4-b246-86425eff7cca@group-0B30B5CAC9A3: changes role from  FOLLOWER to FOLLOWER at term 1 for candidate:6d5fd74e-c16c-4183-9ec8-8461f8bdbc47
2023-02-14 08:19:07,453 [grpc-default-executor-3] INFO  impl.RoleInfo (RoleInfo.java:shutdownFollowerState(110)) - 23624866-2448-40b4-b246-86425eff7cca: shutdown 23624866-2448-40b4-b246-86425eff7cca@group-0B30B5CAC9A3-FollowerState
2023-02-14 08:19:07,453 [grpc-default-executor-3] INFO  impl.RoleInfo (RoleInfo.java:updateAndGet(139)) - 23624866-2448-40b4-b246-86425eff7cca: start 23624866-2448-40b4-b246-86425eff7cca@group-0B30B5CAC9A3-FollowerState
2023-02-14 08:19:07,453 [23624866-2448-40b4-b246-86425eff7cca@group-0B30B5CAC9A3-FollowerState] INFO  impl.FollowerState (FollowerState.java:run(152)) - 23624866-2448-40b4-b246-86425eff7cca@group-0B30B5CAC9A3-FollowerState was interrupted
2023-02-14 08:19:07,454 [6d5fd74e-c16c-4183-9ec8-8461f8bdbc47@group-0B30B5CAC9A3-LeaderElection28] INFO  server.RaftServer$Division (ServerState.java:setRaftConf(430)) - 6d5fd74e-c16c-4183-9ec8-8461f8bdbc47@group-0B30B5CAC9A3: set configuration 0: peers:[0910efe8-a84f-4250-8aec-2e536a9734d2|rpc:10.1.0.19:39335|dataStream:10.1.0.19:34839|priority:0|startupRole:FOLLOWER, 6d5fd74e-c16c-4183-9ec8-8461f8bdbc47|rpc:10.1.0.19:44947|dataStream:10.1.0.19:34443|priority:1|startupRole:FOLLOWER, 23624866-2448-40b4-b246-86425eff7cca|rpc:10.1.0.19:37675|dataStream:10.1.0.19:40961|priority:0|startupRole:FOLLOWER]|listeners:[], old=null
2023-02-14 08:19:07,458 [23624866-2448-40b4-b246-86425eff7cca@group-0B30B5CAC9A3-FollowerState] INFO  server.RaftServerConfigKeys (ConfUtils.java:logFallback(53)) - raft.server.rpc.first-election.timeout.min = 5s (fallback to raft.server.rpc.timeout.min)
2023-02-14 08:19:07,459 [23624866-2448-40b4-b246-86425eff7cca@group-0B30B5CAC9A3-FollowerState] INFO  server.RaftServerConfigKeys (ConfUtils.java:logFallback(53)) - raft.server.rpc.first-election.timeout.max = 5200ms (fallback to raft.server.rpc.timeout.max)
2023-02-14 08:19:07,459 [grpc-default-executor-3] INFO  server.RaftServer$Division (RaftServerImpl.java:requestVote(1251)) - 23624866-2448-40b4-b246-86425eff7cca@group-0B30B5CAC9A3 replies to ELECTION vote request: 6d5fd74e-c16c-4183-9ec8-8461f8bdbc47<-23624866-2448-40b4-b246-86425eff7cca#0:OK-t1. Peer's state: 23624866-2448-40b4-b246-86425eff7cca@group-0B30B5CAC9A3:t1, leader=null, voted=6d5fd74e-c16c-4183-9ec8-8461f8bdbc47, raftlog=Memoized:23624866-2448-40b4-b246-86425eff7cca@group-0B30B5CAC9A3-SegmentedRaftLog:OPENED:c-1, conf=-1: peers:[0910efe8-a84f-4250-8aec-2e536a9734d2|rpc:10.1.0.19:39335|dataStream:10.1.0.19:34839|priority:0|startupRole:FOLLOWER, 6d5fd74e-c16c-4183-9ec8-8461f8bdbc47|rpc:10.1.0.19:44947|dataStream:10.1.0.19:34443|priority:1|startupRole:FOLLOWER, 23624866-2448-40b4-b246-86425eff7cca|rpc:10.1.0.19:37675|dataStream:10.1.0.19:40961|priority:0|startupRole:FOLLOWER]|listeners:[], old=null
2023-02-14 08:19:07,484 [0910efe8-a84f-4250-8aec-2e536a9734d2-server-thread1] INFO  ratis.XceiverServerRatis (XceiverServerRatis.java:handleLeaderChangedNotification(905)) - Leader change notification received for group: group-0B30B5CAC9A3 with new leaderId: 6d5fd74e-c16c-4183-9ec8-8461f8bdbc47
2023-02-14 08:19:07,484 [0910efe8-a84f-4250-8aec-2e536a9734d2-server-thread1] INFO  server.RaftServer$Division (ServerState.java:setLeader(313)) - 0910efe8-a84f-4250-8aec-2e536a9734d2@group-0B30B5CAC9A3: change Leader from null to 6d5fd74e-c16c-4183-9ec8-8461f8bdbc47 at term 1 for appendEntries, leader elected after 5159ms
2023-02-14 08:19:07,487 [0910efe8-a84f-4250-8aec-2e536a9734d2-server-thread2] INFO  server.RaftServer$Division (ServerState.java:setRaftConf(430)) - 0910efe8-a84f-4250-8aec-2e536a9734d2@group-0B30B5CAC9A3: set configuration 0: peers:[0910efe8-a84f-4250-8aec-2e536a9734d2|rpc:10.1.0.19:39335|dataStream:10.1.0.19:34839|priority:0|startupRole:FOLLOWER, 6d5fd74e-c16c-4183-9ec8-8461f8bdbc47|rpc:10.1.0.19:44947|dataStream:10.1.0.19:34443|priority:1|startupRole:FOLLOWER, 23624866-2448-40b4-b246-86425eff7cca|rpc:10.1.0.19:37675|dataStream:10.1.0.19:40961|priority:0|startupRole:FOLLOWER]|listeners:[], old=null
2023-02-14 08:19:07,488 [0910efe8-a84f-4250-8aec-2e536a9734d2-server-thread2] INFO  segmented.SegmentedRaftLogWorker (SegmentedRaftLogWorker.java:startLogSegment(452)) - 0910efe8-a84f-4250-8aec-2e536a9734d2@group-0B30B5CAC9A3-SegmentedRaftLogWorker: Starting segment from index:0
2023-02-14 08:19:07,488 [23624866-2448-40b4-b246-86425eff7cca-server-thread2] INFO  ratis.XceiverServerRatis (XceiverServerRatis.java:handleLeaderChangedNotification(905)) - Leader change notification received for group: group-0B30B5CAC9A3 with new leaderId: 6d5fd74e-c16c-4183-9ec8-8461f8bdbc47
2023-02-14 08:19:07,488 [23624866-2448-40b4-b246-86425eff7cca-server-thread2] INFO  server.RaftServer$Division (ServerState.java:setLeader(313)) - 23624866-2448-40b4-b246-86425eff7cca@group-0B30B5CAC9A3: change Leader from null to 6d5fd74e-c16c-4183-9ec8-8461f8bdbc47 at term 1 for appendEntries, leader elected after 5180ms
2023-02-14 08:19:07,489 [0910efe8-a84f-4250-8aec-2e536a9734d2@group-0B30B5CAC9A3-SegmentedRaftLogWorker] INFO  segmented.SegmentedRaftLogWorker (SegmentedRaftLogWorker.java:execute(656)) - 0910efe8-a84f-4250-8aec-2e536a9734d2@group-0B30B5CAC9A3-SegmentedRaftLogWorker: created new log segment /home/runner/work/ozone/ozone/hadoop-ozone/integration-test/target/test-dir/MiniOzoneClusterImpl-9064264e-2b58-4737-9fe3-fdda8e014d69/datanode-1/data/ratis/c89f4c09-8464-4957-aa73-0b30b5cac9a3/current/log_inprogress_0
2023-02-14 08:19:07,490 [23624866-2448-40b4-b246-86425eff7cca-server-thread2] INFO  server.RaftServer$Division (ServerState.java:setRaftConf(430)) - 23624866-2448-40b4-b246-86425eff7cca@group-0B30B5CAC9A3: set configuration 0: peers:[0910efe8-a84f-4250-8aec-2e536a9734d2|rpc:10.1.0.19:39335|dataStream:10.1.0.19:34839|priority:0|startupRole:FOLLOWER, 6d5fd74e-c16c-4183-9ec8-8461f8bdbc47|rpc:10.1.0.19:44947|dataStream:10.1.0.19:34443|priority:1|startupRole:FOLLOWER, 23624866-2448-40b4-b246-86425eff7cca|rpc:10.1.0.19:37675|dataStream:10.1.0.19:40961|priority:0|startupRole:FOLLOWER]|listeners:[], old=null
2023-02-14 08:19:07,491 [23624866-2448-40b4-b246-86425eff7cca-server-thread2] INFO  segmented.SegmentedRaftLogWorker (SegmentedRaftLogWorker.java:startLogSegment(452)) - 23624866-2448-40b4-b246-86425eff7cca@group-0B30B5CAC9A3-SegmentedRaftLogWorker: Starting segment from index:0
2023-02-14 08:19:07,492 [23624866-2448-40b4-b246-86425eff7cca@group-0B30B5CAC9A3-SegmentedRaftLogWorker] INFO  segmented.SegmentedRaftLogWorker (SegmentedRaftLogWorker.java:execute(656)) - 23624866-2448-40b4-b246-86425eff7cca@group-0B30B5CAC9A3-SegmentedRaftLogWorker: created new log segment /home/runner/work/ozone/ozone/hadoop-ozone/integration-test/target/test-dir/MiniOzoneClusterImpl-9064264e-2b58-4737-9fe3-fdda8e014d69/datanode-2/data/ratis/c89f4c09-8464-4957-aa73-0b30b5cac9a3/current/log_inprogress_0
2023-02-14 08:19:07,536 [Listener at 127.0.0.1/32845] INFO  ozone.MiniOzoneClusterImpl (MiniOzoneClusterImpl.java:lambda$waitForClusterToBeReady$0(218)) - Nodes are ready. Got 5 of 5 DN Heartbeats.
2023-02-14 08:19:07,537 [Listener at 127.0.0.1/32845] INFO  ozone.MiniOzoneClusterImpl (MiniOzoneClusterImpl.java:lambda$waitForClusterToBeReady$0(221)) - Cluster exits safe mode
2023-02-14 08:19:07,537 [Listener at 127.0.0.1/32845] INFO  ozone.MiniOzoneClusterImpl (MiniOzoneClusterImpl.java:lambda$waitForClusterToBeReady$0(223)) - SCM became leader
2023-02-14 08:19:07,560 [Listener at 127.0.0.1/32845] INFO  rpc.RpcClient (RpcClient.java:createVolume(476)) - Creating Volume: volume29101, with user07428 as owner and space quota set to -1 bytes, counts quota set to -1
2023-02-14 08:19:07,563 [OM StateMachine ApplyTransaction Thread - 0] INFO  volume.OMVolumeCreateRequest (OMVolumeCreateRequest.java:validateAndUpdateCache(195)) - created volume:volume29101 for user:user07428
2023-02-14 08:19:07,567 [Listener at 127.0.0.1/32845] INFO  rpc.RpcClient (RpcClient.java:createBucket(699)) - Creating Bucket: volume29101/bucket05375, with bucket layout LEGACY, runner as owner, Versioning false, Storage Type set to DISK and Encryption set to false, Replication Type set to server-side default replication type, Namespace Quota set to -1, Space Quota set to -1 
2023-02-14 08:19:07,568 [OM StateMachine ApplyTransaction Thread - 0] INFO  bucket.OMBucketCreateRequest (OMBucketCreateRequest.java:validateAndUpdateCache(263)) - created bucket: bucket05375 of layout LEGACY in volume: volume29101
]]></system-out>
  </testcase>
  <testcase name="testGetTrashRoot" classname="TestOzoneFileSystem" time="19.889">
    <system-out><![CDATA[2023-02-14 08:19:34,872 [Listener at 127.0.0.1/32845] INFO  ozone.MiniOzoneClusterImpl (MiniOzoneClusterImpl.java:shutdown(450)) - Shutting down the Mini Ozone Cluster
2023-02-14 08:19:34,873 [Listener at 127.0.0.1/32845] INFO  ozone.MiniOzoneClusterImpl (MiniOzoneClusterImpl.java:stop(465)) - Stopping the Mini Ozone Cluster
2023-02-14 08:19:34,873 [Listener at 127.0.0.1/32845] INFO  ozone.MiniOzoneClusterImpl (MiniOzoneClusterImpl.java:stopOM(547)) - Stopping the OzoneManager
2023-02-14 08:19:34,873 [Listener at 127.0.0.1/32845] INFO  om.OzoneManager (OzoneManager.java:stop(2139)) - om1[localhost:0]: Stopping Ozone Manager
2023-02-14 08:19:34,873 [Listener at 127.0.0.1/32845] INFO  ipc.Server (Server.java:stop(3428)) - Stopping server on 32845
2023-02-14 08:19:34,877 [IPC Server listener on 0] INFO  ipc.Server (Server.java:run(1384)) - Stopping IPC Server listener on 0
2023-02-14 08:19:34,878 [IPC Server Responder] INFO  ipc.Server (Server.java:run(1517)) - Stopping IPC Server Responder
2023-02-14 08:19:34,878 [Listener at 127.0.0.1/32845] INFO  server.RaftServer (RaftServerProxy.java:lambda$close$6(409)) - om1: close
2023-02-14 08:19:34,878 [Listener at 127.0.0.1/32845] INFO  server.GrpcService (GrpcService.java:closeImpl(271)) - om1: shutdown server GrpcServerProtocolService now
2023-02-14 08:19:34,879 [om1-impl-thread1] INFO  server.RaftServer$Division (RaftServerImpl.java:lambda$close$4(458)) - om1@group-C5BA1605619E: shutdown
2023-02-14 08:19:34,879 [om1-impl-thread1] INFO  util.JmxRegister (JmxRegister.java:unregister(73)) - Successfully un-registered JMX Bean with object name Ratis:service=RaftServer,group=group-C5BA1605619E,id=om1
2023-02-14 08:19:34,879 [om1-impl-thread1] INFO  impl.RoleInfo (RoleInfo.java:shutdownLeaderState(93)) - om1: shutdown om1@group-C5BA1605619E-LeaderStateImpl
2023-02-14 08:19:34,879 [om1-impl-thread1] INFO  impl.PendingRequests (PendingRequests.java:sendNotLeaderResponses(282)) - om1@group-C5BA1605619E-PendingRequests: sendNotLeaderResponses
2023-02-14 08:19:34,879 [Listener at 127.0.0.1/32845] INFO  server.GrpcService (GrpcService.java:closeImpl(280)) - om1: shutdown server GrpcServerProtocolService successfully
2023-02-14 08:19:34,885 [om1-impl-thread1] INFO  impl.StateMachineUpdater (StateMachineUpdater.java:stopAndJoin(153)) - om1@group-C5BA1605619E-StateMachineUpdater: set stopIndex = 37006
2023-02-14 08:19:34,885 [om1@group-C5BA1605619E-StateMachineUpdater] INFO  ratis.OzoneManagerStateMachine (OzoneManagerStateMachine.java:takeSnapshot(445)) - Current Snapshot Index (t:1, i:37006)
2023-02-14 08:19:34,909 [om1@group-C5BA1605619E-StateMachineUpdater] INFO  impl.StateMachineUpdater (StateMachineUpdater.java:takeSnapshot(287)) - om1@group-C5BA1605619E-StateMachineUpdater: Took a snapshot at index 37006
2023-02-14 08:19:34,909 [om1@group-C5BA1605619E-StateMachineUpdater] INFO  impl.StateMachineUpdater (StateMachineUpdater.java:lambda$new$0(92)) - om1@group-C5BA1605619E-StateMachineUpdater: snapshotIndex: updateIncreasingly -1 -> 37006
2023-02-14 08:19:34,909 [om1@group-C5BA1605619E-StateMachineUpdater] INFO  ratis.OzoneManagerStateMachine (OzoneManagerStateMachine.java:close(499)) - StateMachine has shutdown. Shutdown OzoneManager if not already shutdown.
2023-02-14 08:19:34,909 [om1@group-C5BA1605619E-StateMachineUpdater] INFO  ratis.OzoneManagerDoubleBuffer (OzoneManagerDoubleBuffer.java:stopDaemon(541)) - Stopping OMDoubleBuffer flush thread
2023-02-14 08:19:34,910 [OMDoubleBufferFlushThread] INFO  ratis.OzoneManagerDoubleBuffer (OzoneManagerDoubleBuffer.java:canFlush(626)) - OMDoubleBuffer flush thread OMDoubleBufferFlushThread is interrupted and will exit.
2023-02-14 08:19:34,910 [om1-impl-thread1] INFO  server.RaftServer$Division (ServerState.java:close(466)) - om1@group-C5BA1605619E: closes. applyIndex: 37006
2023-02-14 08:19:34,912 [om1@group-C5BA1605619E-SegmentedRaftLogWorker] INFO  segmented.SegmentedRaftLogWorker (SegmentedRaftLogWorker.java:run(347)) - om1@group-C5BA1605619E-SegmentedRaftLogWorker was interrupted, exiting. There are 0 tasks remaining in the queue.
2023-02-14 08:19:34,913 [om1-impl-thread1] INFO  segmented.SegmentedRaftLogWorker (SegmentedRaftLogWorker.java:close(257)) - om1@group-C5BA1605619E-SegmentedRaftLogWorker close()
2023-02-14 08:19:34,914 [JvmPauseMonitor11] INFO  util.JvmPauseMonitor (JvmPauseMonitor.java:run(111)) - JvmPauseMonitor-om1: Stopped
2023-02-14 08:19:34,914 [Listener at 127.0.0.1/32845] INFO  ratis.OzoneManagerStateMachine (OzoneManagerStateMachine.java:close(499)) - StateMachine has shutdown. Shutdown OzoneManager if not already shutdown.
2023-02-14 08:19:34,915 [Listener at 127.0.0.1/32845] INFO  ratis.OzoneManagerDoubleBuffer (OzoneManagerDoubleBuffer.java:stopDaemon(550)) - OMDoubleBuffer flush thread is not running.
2023-02-14 08:19:34,915 [Listener at 127.0.0.1/32845] INFO  utils.BackgroundService (BackgroundService.java:shutdown(141)) - Shutting down service KeyDeletingService
2023-02-14 08:19:34,915 [Listener at 127.0.0.1/32845] INFO  utils.BackgroundService (BackgroundService.java:shutdown(141)) - Shutting down service DirectoryDeletingService
2023-02-14 08:19:34,915 [Listener at 127.0.0.1/32845] INFO  utils.BackgroundService (BackgroundService.java:shutdown(141)) - Shutting down service OpenKeyCleanupService
2023-02-14 08:19:34,915 [Listener at 127.0.0.1/32845] INFO  utils.BackgroundService (BackgroundService.java:shutdown(141)) - Shutting down service SstFilteringService
2023-02-14 08:19:34,916 [Listener at 127.0.0.1/32845] INFO  handler.ContextHandler (ContextHandler.java:doStop(1159)) - Stopped o.e.j.w.WebAppContext@1dd49460{ozoneManager,/,null,STOPPED}{file:/home/runner/work/ozone/ozone/hadoop-ozone/integration-test/target/test-classes/webapps/ozoneManager}
2023-02-14 08:19:34,916 [Listener at 127.0.0.1/32845] INFO  server.AbstractConnector (AbstractConnector.java:doStop(383)) - Stopped ServerConnector@7cf48984{HTTP/1.1, (http/1.1)}{0.0.0.0:0}
2023-02-14 08:19:34,916 [Listener at 127.0.0.1/32845] INFO  server.session (HouseKeeper.java:stopScavenging(149)) - node0 Stopped scavenging
2023-02-14 08:19:34,917 [Listener at 127.0.0.1/32845] INFO  handler.ContextHandler (ContextHandler.java:doStop(1159)) - Stopped o.e.j.s.ServletContextHandler@4309d83d{static,/static,file:///home/runner/work/ozone/ozone/hadoop-ozone/integration-test/target/test-classes/webapps/static,STOPPED}
2023-02-14 08:19:34,917 [Listener at 127.0.0.1/32845] INFO  handler.ContextHandler (ContextHandler.java:doStop(1159)) - Stopped o.e.j.s.ServletContextHandler@1ce6e978{logs,/logs,file:///home/runner/work/ozone/ozone/hadoop-ozone/integration-test/target/log,STOPPED}
2023-02-14 08:19:34,918 [Trash Emptier] ERROR om.TrashPolicyOzone (TrashPolicyOzone.java:run(350)) - Error attempting to shutdown
java.lang.InterruptedException
	at java.util.concurrent.locks.AbstractQueuedSynchronizer$ConditionObject.awaitNanos(AbstractQueuedSynchronizer.java:2067)
	at java.util.concurrent.ThreadPoolExecutor.awaitTermination(ThreadPoolExecutor.java:1475)
	at org.apache.hadoop.ozone.om.TrashPolicyOzone$Emptier.run(TrashPolicyOzone.java:348)
	at java.lang.Thread.run(Thread.java:750)
2023-02-14 08:19:34,920 [Listener at 127.0.0.1/32845] INFO  ozone.MiniOzoneClusterImpl (MiniOzoneClusterImpl.java:stopDatanodes(524)) - Stopping the HddsDatanodes
2023-02-14 08:19:34,921 [Listener at 127.0.0.1/32845] INFO  ozoneimpl.OzoneContainer (OzoneContainer.java:stop(420)) - Attempting to stop container services.
2023-02-14 08:19:34,921 [Listener at 127.0.0.1/32845] INFO  server.RaftServer (RaftServerProxy.java:lambda$close$6(409)) - 23624866-2448-40b4-b246-86425eff7cca: close
2023-02-14 08:19:34,922 [23624866-2448-40b4-b246-86425eff7cca-impl-thread1] INFO  server.RaftServer$Division (RaftServerImpl.java:lambda$close$4(458)) - 23624866-2448-40b4-b246-86425eff7cca@group-1934EA50BFDD: shutdown
2023-02-14 08:19:34,922 [23624866-2448-40b4-b246-86425eff7cca-impl-thread1] INFO  util.JmxRegister (JmxRegister.java:unregister(73)) - Successfully un-registered JMX Bean with object name Ratis:service=RaftServer,group=group-1934EA50BFDD,id=23624866-2448-40b4-b246-86425eff7cca
2023-02-14 08:19:34,922 [23624866-2448-40b4-b246-86425eff7cca-impl-thread1] INFO  impl.RoleInfo (RoleInfo.java:shutdownLeaderState(93)) - 23624866-2448-40b4-b246-86425eff7cca: shutdown 23624866-2448-40b4-b246-86425eff7cca@group-1934EA50BFDD-LeaderStateImpl
2023-02-14 08:19:34,922 [23624866-2448-40b4-b246-86425eff7cca-impl-thread2] INFO  server.RaftServer$Division (RaftServerImpl.java:lambda$close$4(458)) - 23624866-2448-40b4-b246-86425eff7cca@group-E8982B25E58D: shutdown
2023-02-14 08:19:34,922 [23624866-2448-40b4-b246-86425eff7cca-impl-thread2] INFO  util.JmxRegister (JmxRegister.java:unregister(73)) - Successfully un-registered JMX Bean with object name Ratis:service=RaftServer,group=group-E8982B25E58D,id=23624866-2448-40b4-b246-86425eff7cca
2023-02-14 08:19:34,922 [23624866-2448-40b4-b246-86425eff7cca-impl-thread2] INFO  impl.RoleInfo (RoleInfo.java:shutdownLeaderState(93)) - 23624866-2448-40b4-b246-86425eff7cca: shutdown 23624866-2448-40b4-b246-86425eff7cca@group-E8982B25E58D-LeaderStateImpl
2023-02-14 08:19:34,922 [23624866-2448-40b4-b246-86425eff7cca-impl-thread2] INFO  impl.PendingRequests (PendingRequests.java:sendNotLeaderResponses(282)) - 23624866-2448-40b4-b246-86425eff7cca@group-E8982B25E58D-PendingRequests: sendNotLeaderResponses
2023-02-14 08:19:34,924 [23624866-2448-40b4-b246-86425eff7cca-impl-thread2] INFO  impl.StateMachineUpdater (StateMachineUpdater.java:stopAndJoin(153)) - 23624866-2448-40b4-b246-86425eff7cca@group-E8982B25E58D-StateMachineUpdater: set stopIndex = 0
2023-02-14 08:19:34,924 [23624866-2448-40b4-b246-86425eff7cca@group-E8982B25E58D-StateMachineUpdater] INFO  ratis.ContainerStateMachine (ContainerStateMachine.java:takeSnapshot(308)) - group-E8982B25E58D: Taking a snapshot at:(t:1, i:0) file /home/runner/work/ozone/ozone/hadoop-ozone/integration-test/target/test-dir/MiniOzoneClusterImpl-9064264e-2b58-4737-9fe3-fdda8e014d69/datanode-2/data/ratis/a140a3da-e262-43c7-a7ad-e8982b25e58d/sm/snapshot.1_0
2023-02-14 08:19:34,925 [23624866-2448-40b4-b246-86425eff7cca@group-E8982B25E58D-StateMachineUpdater] INFO  ratis.ContainerStateMachine (ContainerStateMachine.java:takeSnapshot(319)) - group-E8982B25E58D: Finished taking a snapshot at:(t:1, i:0) file:/home/runner/work/ozone/ozone/hadoop-ozone/integration-test/target/test-dir/MiniOzoneClusterImpl-9064264e-2b58-4737-9fe3-fdda8e014d69/datanode-2/data/ratis/a140a3da-e262-43c7-a7ad-e8982b25e58d/sm/snapshot.1_0 took: 0 ms
2023-02-14 08:19:34,925 [23624866-2448-40b4-b246-86425eff7cca@group-E8982B25E58D-StateMachineUpdater] INFO  impl.StateMachineUpdater (StateMachineUpdater.java:takeSnapshot(287)) - 23624866-2448-40b4-b246-86425eff7cca@group-E8982B25E58D-StateMachineUpdater: Took a snapshot at index 0
2023-02-14 08:19:34,925 [23624866-2448-40b4-b246-86425eff7cca@group-E8982B25E58D-StateMachineUpdater] INFO  impl.StateMachineUpdater (StateMachineUpdater.java:lambda$new$0(92)) - 23624866-2448-40b4-b246-86425eff7cca@group-E8982B25E58D-StateMachineUpdater: snapshotIndex: updateIncreasingly -1 -> 0
2023-02-14 08:19:34,925 [23624866-2448-40b4-b246-86425eff7cca-impl-thread2] INFO  server.RaftServer$Division (ServerState.java:close(466)) - 23624866-2448-40b4-b246-86425eff7cca@group-E8982B25E58D: closes. applyIndex: 0
2023-02-14 08:19:34,927 [Listener at 127.0.0.1/32845] INFO  server.GrpcService (GrpcService.java:closeImpl(271)) - 23624866-2448-40b4-b246-86425eff7cca: shutdown server GrpcServerProtocolService now
2023-02-14 08:19:34,928 [23624866-2448-40b4-b246-86425eff7cca-impl-thread1] INFO  impl.PendingRequests (PendingRequests.java:sendNotLeaderResponses(282)) - 23624866-2448-40b4-b246-86425eff7cca@group-1934EA50BFDD-PendingRequests: sendNotLeaderResponses
2023-02-14 08:19:34,928 [Listener at 127.0.0.1/32845] INFO  server.GrpcServerProtocolClient (GrpcServerProtocolClient.java:close(101)) - 0910efe8-a84f-4250-8aec-2e536a9734d2 Close channels
2023-02-14 08:19:34,931 [23624866-2448-40b4-b246-86425eff7cca-impl-thread1] INFO  impl.StateMachineUpdater (StateMachineUpdater.java:stopAndJoin(153)) - 23624866-2448-40b4-b246-86425eff7cca@group-1934EA50BFDD-StateMachineUpdater: set stopIndex = 3
2023-02-14 08:19:34,931 [23624866-2448-40b4-b246-86425eff7cca@group-E8982B25E58D-SegmentedRaftLogWorker] INFO  segmented.SegmentedRaftLogWorker (SegmentedRaftLogWorker.java:run(347)) - 23624866-2448-40b4-b246-86425eff7cca@group-E8982B25E58D-SegmentedRaftLogWorker was interrupted, exiting. There are 0 tasks remaining in the queue.
2023-02-14 08:19:34,931 [23624866-2448-40b4-b246-86425eff7cca@group-1934EA50BFDD-StateMachineUpdater] INFO  ratis.ContainerStateMachine (ContainerStateMachine.java:takeSnapshot(308)) - group-1934EA50BFDD: Taking a snapshot at:(t:1, i:3) file /home/runner/work/ozone/ozone/hadoop-ozone/integration-test/target/test-dir/MiniOzoneClusterImpl-9064264e-2b58-4737-9fe3-fdda8e014d69/datanode-2/data/ratis/8385c9fe-b4c7-4b4e-99aa-1934ea50bfdd/sm/snapshot.1_3
2023-02-14 08:19:34,932 [ForkJoinPool.commonPool-worker-0] INFO  ozoneimpl.OzoneContainer (OzoneContainer.java:stop(420)) - Attempting to stop container services.
2023-02-14 08:19:34,932 [23624866-2448-40b4-b246-86425eff7cca-impl-thread2] INFO  segmented.SegmentedRaftLogWorker (SegmentedRaftLogWorker.java:close(257)) - 23624866-2448-40b4-b246-86425eff7cca@group-E8982B25E58D-SegmentedRaftLogWorker close()
2023-02-14 08:19:34,941 [23624866-2448-40b4-b246-86425eff7cca@group-1934EA50BFDD->6d5fd74e-c16c-4183-9ec8-8461f8bdbc47-GrpcLogAppender-LogAppenderDaemon] WARN  server.GrpcLogAppender (GrpcLogAppender.java:mayWait(200)) - 23624866-2448-40b4-b246-86425eff7cca@group-1934EA50BFDD->6d5fd74e-c16c-4183-9ec8-8461f8bdbc47-GrpcLogAppender: Wait interrupted by java.lang.InterruptedException
2023-02-14 08:19:34,941 [23624866-2448-40b4-b246-86425eff7cca@group-1934EA50BFDD->0910efe8-a84f-4250-8aec-2e536a9734d2-GrpcLogAppender-LogAppenderDaemon] WARN  server.GrpcLogAppender (GrpcLogAppender.java:mayWait(200)) - 23624866-2448-40b4-b246-86425eff7cca@group-1934EA50BFDD->0910efe8-a84f-4250-8aec-2e536a9734d2-GrpcLogAppender: Wait interrupted by java.lang.InterruptedException
2023-02-14 08:19:34,941 [grpc-default-executor-3] WARN  server.GrpcServerProtocolService (LogUtils.java:warn(122)) - 23624866-2448-40b4-b246-86425eff7cca: installSnapshot onError, lastRequest: null: org.apache.ratis.thirdparty.io.grpc.StatusRuntimeException: CANCELLED: client cancelled
2023-02-14 08:19:34,942 [23624866-2448-40b4-b246-86425eff7cca-impl-thread3] INFO  server.RaftServer$Division (RaftServerImpl.java:lambda$close$4(458)) - 23624866-2448-40b4-b246-86425eff7cca@group-0B30B5CAC9A3: shutdown
2023-02-14 08:19:34,942 [23624866-2448-40b4-b246-86425eff7cca-impl-thread3] INFO  util.JmxRegister (JmxRegister.java:unregister(73)) - Successfully un-registered JMX Bean with object name Ratis:service=RaftServer,group=group-0B30B5CAC9A3,id=23624866-2448-40b4-b246-86425eff7cca
2023-02-14 08:19:34,942 [grpc-default-executor-6] WARN  server.GrpcServerProtocolService (LogUtils.java:warn(122)) - 23624866-2448-40b4-b246-86425eff7cca: installSnapshot onError, lastRequest: 6d5fd74e-c16c-4183-9ec8-8461f8bdbc47->23624866-2448-40b4-b246-86425eff7cca#324-t1,previous=(t:1, i:24),leaderCommit=23,initializing? true,entries: size=1, first=(t:1, i:25), METADATAENTRY(c:23): org.apache.ratis.thirdparty.io.grpc.StatusRuntimeException: CANCELLED: client cancelled
2023-02-14 08:19:34,942 [grpc-default-executor-5] INFO  server.GrpcServerProtocolService (GrpcServerProtocolService.java:onCompleted(143)) - 0910efe8-a84f-4250-8aec-2e536a9734d2: Completed APPEND_ENTRIES, lastRequest: null
2023-02-14 08:19:34,942 [grpc-default-executor-2] INFO  server.GrpcServerProtocolService (GrpcServerProtocolService.java:onCompleted(143)) - 6d5fd74e-c16c-4183-9ec8-8461f8bdbc47: Completed APPEND_ENTRIES, lastRequest: 23624866-2448-40b4-b246-86425eff7cca->6d5fd74e-c16c-4183-9ec8-8461f8bdbc47#6-t1,previous=(t:1, i:2),leaderCommit=2,initializing? true,entries: size=1, first=(t:1, i:3), METADATAENTRY(c:2)
2023-02-14 08:19:34,942 [23624866-2448-40b4-b246-86425eff7cca-impl-thread3] INFO  impl.RoleInfo (RoleInfo.java:shutdownFollowerState(110)) - 23624866-2448-40b4-b246-86425eff7cca: shutdown 23624866-2448-40b4-b246-86425eff7cca@group-0B30B5CAC9A3-FollowerState
2023-02-14 08:19:34,942 [23624866-2448-40b4-b246-86425eff7cca-impl-thread3] INFO  impl.StateMachineUpdater (StateMachineUpdater.java:stopAndJoin(153)) - 23624866-2448-40b4-b246-86425eff7cca@group-0B30B5CAC9A3-StateMachineUpdater: set stopIndex = 25
2023-02-14 08:19:34,942 [23624866-2448-40b4-b246-86425eff7cca@group-0B30B5CAC9A3-FollowerState] INFO  impl.FollowerState (FollowerState.java:run(152)) - 23624866-2448-40b4-b246-86425eff7cca@group-0B30B5CAC9A3-FollowerState was interrupted
2023-02-14 08:19:34,943 [23624866-2448-40b4-b246-86425eff7cca@group-0B30B5CAC9A3-StateMachineUpdater] INFO  ratis.ContainerStateMachine (ContainerStateMachine.java:takeSnapshot(308)) - group-0B30B5CAC9A3: Taking a snapshot at:(t:1, i:25) file /home/runner/work/ozone/ozone/hadoop-ozone/integration-test/target/test-dir/MiniOzoneClusterImpl-9064264e-2b58-4737-9fe3-fdda8e014d69/datanode-2/data/ratis/c89f4c09-8464-4957-aa73-0b30b5cac9a3/sm/snapshot.1_25
2023-02-14 08:19:34,943 [grpc-default-executor-0] INFO  server.GrpcServerProtocolService (GrpcServerProtocolService.java:onCompleted(143)) - 0910efe8-a84f-4250-8aec-2e536a9734d2: Completed APPEND_ENTRIES, lastRequest: 23624866-2448-40b4-b246-86425eff7cca->0910efe8-a84f-4250-8aec-2e536a9734d2#5-t1,previous=(t:1, i:2),leaderCommit=2,initializing? true,entries: size=1, first=(t:1, i:3), METADATAENTRY(c:2)
2023-02-14 08:19:34,943 [grpc-default-executor-2] WARN  server.GrpcLogAppender (LogUtils.java:warn(122)) - 6d5fd74e-c16c-4183-9ec8-8461f8bdbc47@group-0B30B5CAC9A3->23624866-2448-40b4-b246-86425eff7cca-AppendLogResponseHandler: Failed appendEntries: org.apache.ratis.thirdparty.io.grpc.StatusRuntimeException: CANCELLED: RST_STREAM closed stream. HTTP/2 error code: CANCEL
2023-02-14 08:19:34,943 [grpc-default-executor-2] INFO  leader.FollowerInfo (FollowerInfoImpl.java:lambda$new$0(48)) - 6d5fd74e-c16c-4183-9ec8-8461f8bdbc47@group-0B30B5CAC9A3->23624866-2448-40b4-b246-86425eff7cca: nextIndex: updateUnconditionally 26 -> 25
2023-02-14 08:19:34,943 [grpc-default-executor-5] INFO  server.GrpcServerProtocolService (GrpcServerProtocolService.java:onCompleted(143)) - 6d5fd74e-c16c-4183-9ec8-8461f8bdbc47: Completed APPEND_ENTRIES, lastRequest: null
2023-02-14 08:19:34,943 [23624866-2448-40b4-b246-86425eff7cca@group-0B30B5CAC9A3-StateMachineUpdater] INFO  ratis.ContainerStateMachine (ContainerStateMachine.java:takeSnapshot(319)) - group-0B30B5CAC9A3: Finished taking a snapshot at:(t:1, i:25) file:/home/runner/work/ozone/ozone/hadoop-ozone/integration-test/target/test-dir/MiniOzoneClusterImpl-9064264e-2b58-4737-9fe3-fdda8e014d69/datanode-2/data/ratis/c89f4c09-8464-4957-aa73-0b30b5cac9a3/sm/snapshot.1_25 took: 1 ms
2023-02-14 08:19:34,944 [23624866-2448-40b4-b246-86425eff7cca@group-0B30B5CAC9A3-StateMachineUpdater] INFO  impl.StateMachineUpdater (StateMachineUpdater.java:takeSnapshot(287)) - 23624866-2448-40b4-b246-86425eff7cca@group-0B30B5CAC9A3-StateMachineUpdater: Took a snapshot at index 25
2023-02-14 08:19:34,944 [23624866-2448-40b4-b246-86425eff7cca@group-0B30B5CAC9A3-StateMachineUpdater] INFO  impl.StateMachineUpdater (StateMachineUpdater.java:lambda$new$0(92)) - 23624866-2448-40b4-b246-86425eff7cca@group-0B30B5CAC9A3-StateMachineUpdater: snapshotIndex: updateIncreasingly -1 -> 25
2023-02-14 08:19:34,944 [grpc-default-executor-5] INFO  server.GrpcLogAppender (GrpcLogAppender.java:onCompleted(415)) - 23624866-2448-40b4-b246-86425eff7cca@group-1934EA50BFDD->0910efe8-a84f-4250-8aec-2e536a9734d2-AppendLogResponseHandler: follower responses appendEntries COMPLETED
2023-02-14 08:19:34,944 [grpc-default-executor-5] WARN  server.GrpcLogAppender (GrpcLogAppender.java:resetClient(137)) - 23624866-2448-40b4-b246-86425eff7cca@group-1934EA50BFDD->0910efe8-a84f-4250-8aec-2e536a9734d2-GrpcLogAppender: Failed to getClient for 0910efe8-a84f-4250-8aec-2e536a9734d2
org.apache.ratis.protocol.exceptions.AlreadyClosedException: 23624866-2448-40b4-b246-86425eff7cca is already CLOSED
	at org.apache.ratis.util.PeerProxyMap$PeerAndProxy.getProxy(PeerProxyMap.java:61)
	at org.apache.ratis.util.PeerProxyMap.getProxy(PeerProxyMap.java:115)
	at org.apache.ratis.grpc.server.GrpcLogAppender.getClient(GrpcLogAppender.java:116)
	at org.apache.ratis.grpc.server.GrpcLogAppender.resetClient(GrpcLogAppender.java:121)
	at org.apache.ratis.grpc.server.GrpcLogAppender.access$500(GrpcLogAppender.java:58)
	at org.apache.ratis.grpc.server.GrpcLogAppender$AppendLogResponseHandler.onCompleted(GrpcLogAppender.java:416)
	at org.apache.ratis.thirdparty.io.grpc.stub.ClientCalls$StreamObserverToCallListenerAdapter.onClose(ClientCalls.java:485)
	at org.apache.ratis.thirdparty.io.grpc.internal.ClientCallImpl.closeObserver(ClientCallImpl.java:562)
	at org.apache.ratis.thirdparty.io.grpc.internal.ClientCallImpl.access$300(ClientCallImpl.java:70)
	at org.apache.ratis.thirdparty.io.grpc.internal.ClientCallImpl$ClientStreamListenerImpl$1StreamClosed.runInternal(ClientCallImpl.java:743)
	at org.apache.ratis.thirdparty.io.grpc.internal.ClientCallImpl$ClientStreamListenerImpl$1StreamClosed.runInContext(ClientCallImpl.java:722)
	at org.apache.ratis.thirdparty.io.grpc.internal.ContextRunnable.run(ContextRunnable.java:37)
	at org.apache.ratis.thirdparty.io.grpc.internal.SerializingExecutor.run(SerializingExecutor.java:133)
	at java.util.concurrent.ThreadPoolExecutor.runWorker(ThreadPoolExecutor.java:1149)
	at java.util.concurrent.ThreadPoolExecutor$Worker.run(ThreadPoolExecutor.java:624)
	at java.lang.Thread.run(Thread.java:750)
2023-02-14 08:19:34,944 [grpc-default-executor-2] INFO  server.GrpcLogAppender (GrpcLogAppender.java:onCompleted(415)) - 23624866-2448-40b4-b246-86425eff7cca@group-1934EA50BFDD->6d5fd74e-c16c-4183-9ec8-8461f8bdbc47-AppendLogResponseHandler: follower responses appendEntries COMPLETED
2023-02-14 08:19:34,944 [grpc-default-executor-2] INFO  leader.FollowerInfo (FollowerInfoImpl.java:lambda$new$0(48)) - 23624866-2448-40b4-b246-86425eff7cca@group-1934EA50BFDD->6d5fd74e-c16c-4183-9ec8-8461f8bdbc47: nextIndex: updateUnconditionally 4 -> 3
2023-02-14 08:19:34,944 [grpc-default-executor-2] INFO  server.GrpcLogAppender (GrpcLogAppender.java:onCompleted(415)) - 23624866-2448-40b4-b246-86425eff7cca@group-1934EA50BFDD->0910efe8-a84f-4250-8aec-2e536a9734d2-AppendLogResponseHandler: follower responses appendEntries COMPLETED
2023-02-14 08:19:34,944 [grpc-default-executor-2] WARN  server.GrpcLogAppender (GrpcLogAppender.java:resetClient(137)) - 23624866-2448-40b4-b246-86425eff7cca@group-1934EA50BFDD->0910efe8-a84f-4250-8aec-2e536a9734d2-GrpcLogAppender: Failed to getClient for 0910efe8-a84f-4250-8aec-2e536a9734d2
org.apache.ratis.protocol.exceptions.AlreadyClosedException: 23624866-2448-40b4-b246-86425eff7cca is already CLOSED
	at org.apache.ratis.util.PeerProxyMap$PeerAndProxy.getProxy(PeerProxyMap.java:61)
	at org.apache.ratis.util.PeerProxyMap.getProxy(PeerProxyMap.java:115)
	at org.apache.ratis.grpc.server.GrpcLogAppender.getClient(GrpcLogAppender.java:116)
	at org.apache.ratis.grpc.server.GrpcLogAppender.resetClient(GrpcLogAppender.java:121)
	at org.apache.ratis.grpc.server.GrpcLogAppender.access$500(GrpcLogAppender.java:58)
	at org.apache.ratis.grpc.server.GrpcLogAppender$AppendLogResponseHandler.onCompleted(GrpcLogAppender.java:416)
	at org.apache.ratis.thirdparty.io.grpc.stub.ClientCalls$StreamObserverToCallListenerAdapter.onClose(ClientCalls.java:485)
	at org.apache.ratis.thirdparty.io.grpc.internal.ClientCallImpl.closeObserver(ClientCallImpl.java:562)
	at org.apache.ratis.thirdparty.io.grpc.internal.ClientCallImpl.access$300(ClientCallImpl.java:70)
	at org.apache.ratis.thirdparty.io.grpc.internal.ClientCallImpl$ClientStreamListenerImpl$1StreamClosed.runInternal(ClientCallImpl.java:743)
	at org.apache.ratis.thirdparty.io.grpc.internal.ClientCallImpl$ClientStreamListenerImpl$1StreamClosed.runInContext(ClientCallImpl.java:722)
	at org.apache.ratis.thirdparty.io.grpc.internal.ContextRunnable.run(ContextRunnable.java:37)
	at org.apache.ratis.thirdparty.io.grpc.internal.SerializingExecutor.run(SerializingExecutor.java:133)
	at java.util.concurrent.ThreadPoolExecutor.runWorker(ThreadPoolExecutor.java:1149)
	at java.util.concurrent.ThreadPoolExecutor$Worker.run(ThreadPoolExecutor.java:624)
	at java.lang.Thread.run(Thread.java:750)
2023-02-14 08:19:34,949 [23624866-2448-40b4-b246-86425eff7cca@group-1934EA50BFDD-StateMachineUpdater] INFO  ratis.ContainerStateMachine (ContainerStateMachine.java:takeSnapshot(319)) - group-1934EA50BFDD: Finished taking a snapshot at:(t:1, i:3) file:/home/runner/work/ozone/ozone/hadoop-ozone/integration-test/target/test-dir/MiniOzoneClusterImpl-9064264e-2b58-4737-9fe3-fdda8e014d69/datanode-2/data/ratis/8385c9fe-b4c7-4b4e-99aa-1934ea50bfdd/sm/snapshot.1_3 took: 18 ms
2023-02-14 08:19:34,949 [23624866-2448-40b4-b246-86425eff7cca@group-1934EA50BFDD-StateMachineUpdater] INFO  impl.StateMachineUpdater (StateMachineUpdater.java:takeSnapshot(287)) - 23624866-2448-40b4-b246-86425eff7cca@group-1934EA50BFDD-StateMachineUpdater: Took a snapshot at index 3
2023-02-14 08:19:34,949 [23624866-2448-40b4-b246-86425eff7cca@group-1934EA50BFDD-StateMachineUpdater] INFO  impl.StateMachineUpdater (StateMachineUpdater.java:lambda$new$0(92)) - 23624866-2448-40b4-b246-86425eff7cca@group-1934EA50BFDD-StateMachineUpdater: snapshotIndex: updateIncreasingly -1 -> 3
2023-02-14 08:19:34,949 [23624866-2448-40b4-b246-86425eff7cca-impl-thread1] INFO  server.RaftServer$Division (ServerState.java:close(466)) - 23624866-2448-40b4-b246-86425eff7cca@group-1934EA50BFDD: closes. applyIndex: 3
2023-02-14 08:19:34,950 [23624866-2448-40b4-b246-86425eff7cca@group-1934EA50BFDD-SegmentedRaftLogWorker] INFO  segmented.SegmentedRaftLogWorker (SegmentedRaftLogWorker.java:run(347)) - 23624866-2448-40b4-b246-86425eff7cca@group-1934EA50BFDD-SegmentedRaftLogWorker was interrupted, exiting. There are 0 tasks remaining in the queue.
2023-02-14 08:19:34,950 [ForkJoinPool.commonPool-worker-0] INFO  server.RaftServer (RaftServerProxy.java:lambda$close$6(409)) - 0910efe8-a84f-4250-8aec-2e536a9734d2: close
2023-02-14 08:19:34,950 [0910efe8-a84f-4250-8aec-2e536a9734d2-impl-thread1] INFO  server.RaftServer$Division (RaftServerImpl.java:lambda$close$4(458)) - 0910efe8-a84f-4250-8aec-2e536a9734d2@group-1934EA50BFDD: shutdown
2023-02-14 08:19:34,950 [0910efe8-a84f-4250-8aec-2e536a9734d2-impl-thread1] INFO  util.JmxRegister (JmxRegister.java:unregister(73)) - Successfully un-registered JMX Bean with object name Ratis:service=RaftServer,group=group-1934EA50BFDD,id=0910efe8-a84f-4250-8aec-2e536a9734d2
2023-02-14 08:19:34,950 [0910efe8-a84f-4250-8aec-2e536a9734d2-impl-thread1] INFO  impl.RoleInfo (RoleInfo.java:shutdownFollowerState(110)) - 0910efe8-a84f-4250-8aec-2e536a9734d2: shutdown 0910efe8-a84f-4250-8aec-2e536a9734d2@group-1934EA50BFDD-FollowerState
2023-02-14 08:19:34,950 [23624866-2448-40b4-b246-86425eff7cca-impl-thread3] INFO  server.RaftServer$Division (ServerState.java:close(466)) - 23624866-2448-40b4-b246-86425eff7cca@group-0B30B5CAC9A3: closes. applyIndex: 25
2023-02-14 08:19:34,954 [0910efe8-a84f-4250-8aec-2e536a9734d2-impl-thread2] INFO  server.RaftServer$Division (RaftServerImpl.java:lambda$close$4(458)) - 0910efe8-a84f-4250-8aec-2e536a9734d2@group-FE11B043DA55: shutdown
2023-02-14 08:19:34,954 [0910efe8-a84f-4250-8aec-2e536a9734d2-impl-thread2] INFO  util.JmxRegister (JmxRegister.java:unregister(73)) - Successfully un-registered JMX Bean with object name Ratis:service=RaftServer,group=group-FE11B043DA55,id=0910efe8-a84f-4250-8aec-2e536a9734d2
2023-02-14 08:19:34,954 [0910efe8-a84f-4250-8aec-2e536a9734d2-impl-thread2] INFO  impl.RoleInfo (RoleInfo.java:shutdownLeaderState(93)) - 0910efe8-a84f-4250-8aec-2e536a9734d2: shutdown 0910efe8-a84f-4250-8aec-2e536a9734d2@group-FE11B043DA55-LeaderStateImpl
2023-02-14 08:19:34,954 [0910efe8-a84f-4250-8aec-2e536a9734d2-impl-thread2] INFO  impl.PendingRequests (PendingRequests.java:sendNotLeaderResponses(282)) - 0910efe8-a84f-4250-8aec-2e536a9734d2@group-FE11B043DA55-PendingRequests: sendNotLeaderResponses
2023-02-14 08:19:34,955 [0910efe8-a84f-4250-8aec-2e536a9734d2@group-FE11B043DA55-StateMachineUpdater] INFO  ratis.ContainerStateMachine (ContainerStateMachine.java:takeSnapshot(308)) - group-FE11B043DA55: Taking a snapshot at:(t:1, i:0) file /home/runner/work/ozone/ozone/hadoop-ozone/integration-test/target/test-dir/MiniOzoneClusterImpl-9064264e-2b58-4737-9fe3-fdda8e014d69/datanode-1/data/ratis/095b0e96-1f79-4a3c-a5f2-fe11b043da55/sm/snapshot.1_0
2023-02-14 08:19:34,955 [0910efe8-a84f-4250-8aec-2e536a9734d2-impl-thread2] INFO  impl.StateMachineUpdater (StateMachineUpdater.java:stopAndJoin(153)) - 0910efe8-a84f-4250-8aec-2e536a9734d2@group-FE11B043DA55-StateMachineUpdater: set stopIndex = 0
2023-02-14 08:19:34,955 [0910efe8-a84f-4250-8aec-2e536a9734d2@group-FE11B043DA55-StateMachineUpdater] INFO  ratis.ContainerStateMachine (ContainerStateMachine.java:takeSnapshot(319)) - group-FE11B043DA55: Finished taking a snapshot at:(t:1, i:0) file:/home/runner/work/ozone/ozone/hadoop-ozone/integration-test/target/test-dir/MiniOzoneClusterImpl-9064264e-2b58-4737-9fe3-fdda8e014d69/datanode-1/data/ratis/095b0e96-1f79-4a3c-a5f2-fe11b043da55/sm/snapshot.1_0 took: 1 ms
2023-02-14 08:19:34,955 [0910efe8-a84f-4250-8aec-2e536a9734d2@group-FE11B043DA55-StateMachineUpdater] INFO  impl.StateMachineUpdater (StateMachineUpdater.java:takeSnapshot(287)) - 0910efe8-a84f-4250-8aec-2e536a9734d2@group-FE11B043DA55-StateMachineUpdater: Took a snapshot at index 0
2023-02-14 08:19:34,955 [0910efe8-a84f-4250-8aec-2e536a9734d2@group-FE11B043DA55-StateMachineUpdater] INFO  impl.StateMachineUpdater (StateMachineUpdater.java:lambda$new$0(92)) - 0910efe8-a84f-4250-8aec-2e536a9734d2@group-FE11B043DA55-StateMachineUpdater: snapshotIndex: updateIncreasingly -1 -> 0
2023-02-14 08:19:34,955 [0910efe8-a84f-4250-8aec-2e536a9734d2-impl-thread2] INFO  server.RaftServer$Division (ServerState.java:close(466)) - 0910efe8-a84f-4250-8aec-2e536a9734d2@group-FE11B043DA55: closes. applyIndex: 0
2023-02-14 08:19:34,958 [ForkJoinPool.commonPool-worker-0] INFO  server.GrpcService (GrpcService.java:closeImpl(271)) - 0910efe8-a84f-4250-8aec-2e536a9734d2: shutdown server GrpcServerProtocolService now
2023-02-14 08:19:34,960 [grpc-default-executor-5] INFO  server.GrpcLogAppender (GrpcLogAppender.java:onCompleted(415)) - 23624866-2448-40b4-b246-86425eff7cca@group-1934EA50BFDD->6d5fd74e-c16c-4183-9ec8-8461f8bdbc47-AppendLogResponseHandler: follower responses appendEntries COMPLETED
2023-02-14 08:19:34,960 [grpc-default-executor-5] INFO  leader.FollowerInfo (FollowerInfoImpl.java:lambda$new$0(48)) - 23624866-2448-40b4-b246-86425eff7cca@group-1934EA50BFDD->6d5fd74e-c16c-4183-9ec8-8461f8bdbc47: nextIndex: updateUnconditionally 3 -> 2
2023-02-14 08:19:34,960 [23624866-2448-40b4-b246-86425eff7cca-impl-thread1] INFO  segmented.SegmentedRaftLogWorker (SegmentedRaftLogWorker.java:close(257)) - 23624866-2448-40b4-b246-86425eff7cca@group-1934EA50BFDD-SegmentedRaftLogWorker close()
2023-02-14 08:19:34,960 [grpc-default-executor-3] WARN  server.GrpcLogAppender (LogUtils.java:warn(122)) - 6d5fd74e-c16c-4183-9ec8-8461f8bdbc47@group-0B30B5CAC9A3->23624866-2448-40b4-b246-86425eff7cca-AppendLogResponseHandler: Failed appendEntries: org.apache.ratis.thirdparty.io.grpc.StatusRuntimeException: CANCELLED: RST_STREAM closed stream. HTTP/2 error code: CANCEL
2023-02-14 08:19:34,960 [grpc-default-executor-4] WARN  server.GrpcLogAppender (LogUtils.java:warn(122)) - 6d5fd74e-c16c-4183-9ec8-8461f8bdbc47@group-0B30B5CAC9A3->23624866-2448-40b4-b246-86425eff7cca-AppendLogResponseHandler: Failed appendEntries: org.apache.ratis.thirdparty.io.grpc.StatusRuntimeException: UNAVAILABLE: io exception
2023-02-14 08:19:34,961 [grpc-default-executor-3] INFO  leader.FollowerInfo (FollowerInfoImpl.java:lambda$new$0(48)) - 6d5fd74e-c16c-4183-9ec8-8461f8bdbc47@group-0B30B5CAC9A3->23624866-2448-40b4-b246-86425eff7cca: nextIndex: updateUnconditionally 26 -> 25
2023-02-14 08:19:34,961 [grpc-default-executor-4] INFO  leader.FollowerInfo (FollowerInfoImpl.java:lambda$new$0(48)) - 6d5fd74e-c16c-4183-9ec8-8461f8bdbc47@group-0B30B5CAC9A3->23624866-2448-40b4-b246-86425eff7cca: nextIndex: updateUnconditionally 25 -> 24
2023-02-14 08:19:34,963 [0910efe8-a84f-4250-8aec-2e536a9734d2-impl-thread1] INFO  impl.StateMachineUpdater (StateMachineUpdater.java:stopAndJoin(153)) - 0910efe8-a84f-4250-8aec-2e536a9734d2@group-1934EA50BFDD-StateMachineUpdater: set stopIndex = 3
2023-02-14 08:19:34,963 [23624866-2448-40b4-b246-86425eff7cca@group-0B30B5CAC9A3-SegmentedRaftLogWorker] INFO  segmented.SegmentedRaftLogWorker (SegmentedRaftLogWorker.java:run(347)) - 23624866-2448-40b4-b246-86425eff7cca@group-0B30B5CAC9A3-SegmentedRaftLogWorker was interrupted, exiting. There are 0 tasks remaining in the queue.
2023-02-14 08:19:34,963 [0910efe8-a84f-4250-8aec-2e536a9734d2@group-1934EA50BFDD-FollowerState] INFO  impl.FollowerState (FollowerState.java:run(152)) - 0910efe8-a84f-4250-8aec-2e536a9734d2@group-1934EA50BFDD-FollowerState was interrupted
2023-02-14 08:19:34,964 [0910efe8-a84f-4250-8aec-2e536a9734d2@group-1934EA50BFDD-StateMachineUpdater] INFO  ratis.ContainerStateMachine (ContainerStateMachine.java:takeSnapshot(308)) - group-1934EA50BFDD: Taking a snapshot at:(t:1, i:3) file /home/runner/work/ozone/ozone/hadoop-ozone/integration-test/target/test-dir/MiniOzoneClusterImpl-9064264e-2b58-4737-9fe3-fdda8e014d69/datanode-1/data/ratis/8385c9fe-b4c7-4b4e-99aa-1934ea50bfdd/sm/snapshot.1_3
2023-02-14 08:19:34,967 [0910efe8-a84f-4250-8aec-2e536a9734d2-impl-thread3] INFO  server.RaftServer$Division (RaftServerImpl.java:lambda$close$4(458)) - 0910efe8-a84f-4250-8aec-2e536a9734d2@group-0B30B5CAC9A3: shutdown
2023-02-14 08:19:34,967 [0910efe8-a84f-4250-8aec-2e536a9734d2-impl-thread3] INFO  util.JmxRegister (JmxRegister.java:unregister(73)) - Successfully un-registered JMX Bean with object name Ratis:service=RaftServer,group=group-0B30B5CAC9A3,id=0910efe8-a84f-4250-8aec-2e536a9734d2
2023-02-14 08:19:34,967 [0910efe8-a84f-4250-8aec-2e536a9734d2@group-FE11B043DA55-SegmentedRaftLogWorker] INFO  segmented.SegmentedRaftLogWorker (SegmentedRaftLogWorker.java:run(347)) - 0910efe8-a84f-4250-8aec-2e536a9734d2@group-FE11B043DA55-SegmentedRaftLogWorker was interrupted, exiting. There are 0 tasks remaining in the queue.
2023-02-14 08:19:34,967 [0910efe8-a84f-4250-8aec-2e536a9734d2-impl-thread3] INFO  impl.RoleInfo (RoleInfo.java:shutdownFollowerState(110)) - 0910efe8-a84f-4250-8aec-2e536a9734d2: shutdown 0910efe8-a84f-4250-8aec-2e536a9734d2@group-0B30B5CAC9A3-FollowerState
2023-02-14 08:19:34,967 [0910efe8-a84f-4250-8aec-2e536a9734d2-impl-thread3] INFO  impl.StateMachineUpdater (StateMachineUpdater.java:stopAndJoin(153)) - 0910efe8-a84f-4250-8aec-2e536a9734d2@group-0B30B5CAC9A3-StateMachineUpdater: set stopIndex = 25
2023-02-14 08:19:34,967 [0910efe8-a84f-4250-8aec-2e536a9734d2@group-0B30B5CAC9A3-FollowerState] INFO  impl.FollowerState (FollowerState.java:run(152)) - 0910efe8-a84f-4250-8aec-2e536a9734d2@group-0B30B5CAC9A3-FollowerState was interrupted
2023-02-14 08:19:34,967 [0910efe8-a84f-4250-8aec-2e536a9734d2@group-0B30B5CAC9A3-StateMachineUpdater] INFO  ratis.ContainerStateMachine (ContainerStateMachine.java:takeSnapshot(308)) - group-0B30B5CAC9A3: Taking a snapshot at:(t:1, i:25) file /home/runner/work/ozone/ozone/hadoop-ozone/integration-test/target/test-dir/MiniOzoneClusterImpl-9064264e-2b58-4737-9fe3-fdda8e014d69/datanode-1/data/ratis/c89f4c09-8464-4957-aa73-0b30b5cac9a3/sm/snapshot.1_25
2023-02-14 08:19:34,968 [0910efe8-a84f-4250-8aec-2e536a9734d2@group-1934EA50BFDD-StateMachineUpdater] INFO  ratis.ContainerStateMachine (ContainerStateMachine.java:takeSnapshot(319)) - group-1934EA50BFDD: Finished taking a snapshot at:(t:1, i:3) file:/home/runner/work/ozone/ozone/hadoop-ozone/integration-test/target/test-dir/MiniOzoneClusterImpl-9064264e-2b58-4737-9fe3-fdda8e014d69/datanode-1/data/ratis/8385c9fe-b4c7-4b4e-99aa-1934ea50bfdd/sm/snapshot.1_3 took: 4 ms
2023-02-14 08:19:34,968 [0910efe8-a84f-4250-8aec-2e536a9734d2@group-1934EA50BFDD-StateMachineUpdater] INFO  impl.StateMachineUpdater (StateMachineUpdater.java:takeSnapshot(287)) - 0910efe8-a84f-4250-8aec-2e536a9734d2@group-1934EA50BFDD-StateMachineUpdater: Took a snapshot at index 3
2023-02-14 08:19:34,968 [0910efe8-a84f-4250-8aec-2e536a9734d2@group-1934EA50BFDD-StateMachineUpdater] INFO  impl.StateMachineUpdater (StateMachineUpdater.java:lambda$new$0(92)) - 0910efe8-a84f-4250-8aec-2e536a9734d2@group-1934EA50BFDD-StateMachineUpdater: snapshotIndex: updateIncreasingly -1 -> 3
2023-02-14 08:19:34,968 [0910efe8-a84f-4250-8aec-2e536a9734d2-impl-thread1] INFO  server.RaftServer$Division (ServerState.java:close(466)) - 0910efe8-a84f-4250-8aec-2e536a9734d2@group-1934EA50BFDD: closes. applyIndex: 3
2023-02-14 08:19:34,968 [0910efe8-a84f-4250-8aec-2e536a9734d2@group-1934EA50BFDD-SegmentedRaftLogWorker] INFO  segmented.SegmentedRaftLogWorker (SegmentedRaftLogWorker.java:run(347)) - 0910efe8-a84f-4250-8aec-2e536a9734d2@group-1934EA50BFDD-SegmentedRaftLogWorker was interrupted, exiting. There are 0 tasks remaining in the queue.
2023-02-14 08:19:34,969 [23624866-2448-40b4-b246-86425eff7cca-impl-thread3] INFO  segmented.SegmentedRaftLogWorker (SegmentedRaftLogWorker.java:close(257)) - 23624866-2448-40b4-b246-86425eff7cca@group-0B30B5CAC9A3-SegmentedRaftLogWorker close()
2023-02-14 08:19:34,969 [0910efe8-a84f-4250-8aec-2e536a9734d2@group-0B30B5CAC9A3-StateMachineUpdater] INFO  ratis.ContainerStateMachine (ContainerStateMachine.java:takeSnapshot(319)) - group-0B30B5CAC9A3: Finished taking a snapshot at:(t:1, i:25) file:/home/runner/work/ozone/ozone/hadoop-ozone/integration-test/target/test-dir/MiniOzoneClusterImpl-9064264e-2b58-4737-9fe3-fdda8e014d69/datanode-1/data/ratis/c89f4c09-8464-4957-aa73-0b30b5cac9a3/sm/snapshot.1_25 took: 1 ms
2023-02-14 08:19:34,969 [0910efe8-a84f-4250-8aec-2e536a9734d2@group-0B30B5CAC9A3-StateMachineUpdater] INFO  impl.StateMachineUpdater (StateMachineUpdater.java:takeSnapshot(287)) - 0910efe8-a84f-4250-8aec-2e536a9734d2@group-0B30B5CAC9A3-StateMachineUpdater: Took a snapshot at index 25
2023-02-14 08:19:34,969 [0910efe8-a84f-4250-8aec-2e536a9734d2@group-0B30B5CAC9A3-StateMachineUpdater] INFO  impl.StateMachineUpdater (StateMachineUpdater.java:lambda$new$0(92)) - 0910efe8-a84f-4250-8aec-2e536a9734d2@group-0B30B5CAC9A3-StateMachineUpdater: snapshotIndex: updateIncreasingly -1 -> 25
2023-02-14 08:19:34,969 [grpc-default-executor-6] WARN  server.GrpcServerProtocolService (LogUtils.java:warn(122)) - 0910efe8-a84f-4250-8aec-2e536a9734d2: installSnapshot onError, lastRequest: 6d5fd74e-c16c-4183-9ec8-8461f8bdbc47->0910efe8-a84f-4250-8aec-2e536a9734d2#331-t1,previous=(t:1, i:24),leaderCommit=23,initializing? true,entries: size=1, first=(t:1, i:25), METADATAENTRY(c:23): org.apache.ratis.thirdparty.io.grpc.StatusRuntimeException: CANCELLED: client cancelled
2023-02-14 08:19:34,969 [0910efe8-a84f-4250-8aec-2e536a9734d2-impl-thread3] INFO  server.RaftServer$Division (ServerState.java:close(466)) - 0910efe8-a84f-4250-8aec-2e536a9734d2@group-0B30B5CAC9A3: closes. applyIndex: 25
2023-02-14 08:19:34,970 [0910efe8-a84f-4250-8aec-2e536a9734d2@group-0B30B5CAC9A3-SegmentedRaftLogWorker] INFO  segmented.SegmentedRaftLogWorker (SegmentedRaftLogWorker.java:run(347)) - 0910efe8-a84f-4250-8aec-2e536a9734d2@group-0B30B5CAC9A3-SegmentedRaftLogWorker was interrupted, exiting. There are 0 tasks remaining in the queue.
2023-02-14 08:19:34,970 [grpc-default-executor-3] WARN  server.GrpcLogAppender (LogUtils.java:warn(122)) - 6d5fd74e-c16c-4183-9ec8-8461f8bdbc47@group-0B30B5CAC9A3->0910efe8-a84f-4250-8aec-2e536a9734d2-AppendLogResponseHandler: Failed appendEntries: org.apache.ratis.thirdparty.io.grpc.StatusRuntimeException: CANCELLED: RST_STREAM closed stream. HTTP/2 error code: CANCEL
2023-02-14 08:19:34,970 [grpc-default-executor-3] INFO  leader.FollowerInfo (FollowerInfoImpl.java:lambda$new$0(48)) - 6d5fd74e-c16c-4183-9ec8-8461f8bdbc47@group-0B30B5CAC9A3->0910efe8-a84f-4250-8aec-2e536a9734d2: nextIndex: updateUnconditionally 26 -> 25
2023-02-14 08:19:34,970 [grpc-default-executor-7] WARN  server.GrpcServerProtocolService (LogUtils.java:warn(122)) - 0910efe8-a84f-4250-8aec-2e536a9734d2: installSnapshot onError, lastRequest: null: org.apache.ratis.thirdparty.io.grpc.StatusRuntimeException: CANCELLED: client cancelled
2023-02-14 08:19:34,970 [ForkJoinPool.commonPool-worker-0] INFO  server.GrpcService (GrpcService.java:closeImpl(280)) - 0910efe8-a84f-4250-8aec-2e536a9734d2: shutdown server GrpcServerProtocolService successfully
2023-02-14 08:19:34,971 [0910efe8-a84f-4250-8aec-2e536a9734d2-NettyServerStreamRpc-bossGroup--thread1] INFO  logging.LoggingHandler (AbstractInternalLogger.java:log(148)) - [id: 0x51340e9e, L:/0:0:0:0:0:0:0:0:34839] CLOSE
2023-02-14 08:19:34,971 [0910efe8-a84f-4250-8aec-2e536a9734d2-NettyServerStreamRpc-bossGroup--thread1] INFO  logging.LoggingHandler (AbstractInternalLogger.java:log(148)) - [id: 0x51340e9e, L:/0:0:0:0:0:0:0:0:34839] INACTIVE
2023-02-14 08:19:34,971 [0910efe8-a84f-4250-8aec-2e536a9734d2-NettyServerStreamRpc-bossGroup--thread1] INFO  logging.LoggingHandler (AbstractInternalLogger.java:log(148)) - [id: 0x51340e9e, L:/0:0:0:0:0:0:0:0:34839] UNREGISTERED
2023-02-14 08:19:34,971 [grpc-default-executor-3] WARN  server.GrpcLogAppender (LogUtils.java:warn(122)) - 6d5fd74e-c16c-4183-9ec8-8461f8bdbc47@group-0B30B5CAC9A3->0910efe8-a84f-4250-8aec-2e536a9734d2-AppendLogResponseHandler: Failed appendEntries: org.apache.ratis.thirdparty.io.grpc.StatusRuntimeException: CANCELLED: RST_STREAM closed stream. HTTP/2 error code: CANCEL
2023-02-14 08:19:34,971 [grpc-default-executor-3] INFO  leader.FollowerInfo (FollowerInfoImpl.java:lambda$new$0(48)) - 6d5fd74e-c16c-4183-9ec8-8461f8bdbc47@group-0B30B5CAC9A3->0910efe8-a84f-4250-8aec-2e536a9734d2: nextIndex: updateUnconditionally 25 -> 24
2023-02-14 08:19:34,984 [Listener at 127.0.0.1/32845] INFO  server.GrpcServerProtocolClient (GrpcServerProtocolClient.java:close(101)) - 6d5fd74e-c16c-4183-9ec8-8461f8bdbc47 Close channels
2023-02-14 08:19:34,988 [0910efe8-a84f-4250-8aec-2e536a9734d2-impl-thread3] INFO  segmented.SegmentedRaftLogWorker (SegmentedRaftLogWorker.java:close(257)) - 0910efe8-a84f-4250-8aec-2e536a9734d2@group-0B30B5CAC9A3-SegmentedRaftLogWorker close()
2023-02-14 08:19:34,988 [0910efe8-a84f-4250-8aec-2e536a9734d2-impl-thread2] INFO  segmented.SegmentedRaftLogWorker (SegmentedRaftLogWorker.java:close(257)) - 0910efe8-a84f-4250-8aec-2e536a9734d2@group-FE11B043DA55-SegmentedRaftLogWorker close()
2023-02-14 08:19:34,989 [0910efe8-a84f-4250-8aec-2e536a9734d2-impl-thread1] INFO  segmented.SegmentedRaftLogWorker (SegmentedRaftLogWorker.java:close(257)) - 0910efe8-a84f-4250-8aec-2e536a9734d2@group-1934EA50BFDD-SegmentedRaftLogWorker close()
2023-02-14 08:19:34,991 [grpc-default-executor-4] WARN  server.GrpcLogAppender (LogUtils.java:warn(122)) - 6d5fd74e-c16c-4183-9ec8-8461f8bdbc47@group-0B30B5CAC9A3->23624866-2448-40b4-b246-86425eff7cca-AppendLogResponseHandler: Failed appendEntries: org.apache.ratis.thirdparty.io.grpc.StatusRuntimeException: UNAVAILABLE: io exception
2023-02-14 08:19:34,992 [grpc-default-executor-4] INFO  leader.FollowerInfo (FollowerInfoImpl.java:lambda$new$0(48)) - 6d5fd74e-c16c-4183-9ec8-8461f8bdbc47@group-0B30B5CAC9A3->23624866-2448-40b4-b246-86425eff7cca: nextIndex: updateUnconditionally 24 -> 23
2023-02-14 08:19:35,000 [Listener at 127.0.0.1/32845] INFO  server.GrpcService (GrpcService.java:closeImpl(280)) - 23624866-2448-40b4-b246-86425eff7cca: shutdown server GrpcServerProtocolService successfully
2023-02-14 08:19:35,001 [23624866-2448-40b4-b246-86425eff7cca-NettyServerStreamRpc-bossGroup--thread1] INFO  logging.LoggingHandler (AbstractInternalLogger.java:log(148)) - [id: 0x0a873959, L:/0:0:0:0:0:0:0:0:40961] CLOSE
2023-02-14 08:19:35,001 [23624866-2448-40b4-b246-86425eff7cca-NettyServerStreamRpc-bossGroup--thread1] INFO  logging.LoggingHandler (AbstractInternalLogger.java:log(148)) - [id: 0x0a873959, L:/0:0:0:0:0:0:0:0:40961] INACTIVE
2023-02-14 08:19:35,001 [23624866-2448-40b4-b246-86425eff7cca-NettyServerStreamRpc-bossGroup--thread1] INFO  logging.LoggingHandler (AbstractInternalLogger.java:log(148)) - [id: 0x0a873959, L:/0:0:0:0:0:0:0:0:40961] UNREGISTERED
2023-02-14 08:19:35,044 [grpc-default-executor-9] WARN  server.GrpcLogAppender (LogUtils.java:warn(122)) - 6d5fd74e-c16c-4183-9ec8-8461f8bdbc47@group-0B30B5CAC9A3->0910efe8-a84f-4250-8aec-2e536a9734d2-AppendLogResponseHandler: Failed appendEntries: org.apache.ratis.thirdparty.io.grpc.StatusRuntimeException: UNAVAILABLE: io exception
2023-02-14 08:19:35,045 [grpc-default-executor-9] INFO  leader.FollowerInfo (FollowerInfoImpl.java:lambda$new$0(48)) - 6d5fd74e-c16c-4183-9ec8-8461f8bdbc47@group-0B30B5CAC9A3->0910efe8-a84f-4250-8aec-2e536a9734d2: nextIndex: updateUnconditionally 25 -> 24
2023-02-14 08:19:35,048 [JvmPauseMonitor14] INFO  util.JvmPauseMonitor (JvmPauseMonitor.java:run(111)) - JvmPauseMonitor-23624866-2448-40b4-b246-86425eff7cca: Stopped
2023-02-14 08:19:35,048 [grpc-default-executor-3] WARN  server.GrpcLogAppender (LogUtils.java:warn(122)) - 6d5fd74e-c16c-4183-9ec8-8461f8bdbc47@group-0B30B5CAC9A3->0910efe8-a84f-4250-8aec-2e536a9734d2-AppendLogResponseHandler: Failed appendEntries: org.apache.ratis.thirdparty.io.grpc.StatusRuntimeException: UNAVAILABLE: io exception
2023-02-14 08:19:35,048 [grpc-default-executor-3] INFO  leader.FollowerInfo (FollowerInfoImpl.java:lambda$new$0(48)) - 6d5fd74e-c16c-4183-9ec8-8461f8bdbc47@group-0B30B5CAC9A3->0910efe8-a84f-4250-8aec-2e536a9734d2: nextIndex: updateUnconditionally 24 -> 23
2023-02-14 08:19:35,049 [JvmPauseMonitor13] INFO  util.JvmPauseMonitor (JvmPauseMonitor.java:run(111)) - JvmPauseMonitor-0910efe8-a84f-4250-8aec-2e536a9734d2: Stopped
2023-02-14 08:19:36,653 [grpc-default-executor-3] WARN  server.GrpcLogAppender (LogUtils.java:warn(122)) - 6d5fd74e-c16c-4183-9ec8-8461f8bdbc47@group-0B30B5CAC9A3->23624866-2448-40b4-b246-86425eff7cca-AppendLogResponseHandler: Failed appendEntries: org.apache.ratis.thirdparty.io.grpc.StatusRuntimeException: UNAVAILABLE: io exception
2023-02-14 08:19:36,653 [grpc-default-executor-4] WARN  server.GrpcLogAppender (LogUtils.java:warn(122)) - 6d5fd74e-c16c-4183-9ec8-8461f8bdbc47@group-0B30B5CAC9A3->0910efe8-a84f-4250-8aec-2e536a9734d2-AppendLogResponseHandler: Failed appendEntries: org.apache.ratis.thirdparty.io.grpc.StatusRuntimeException: UNAVAILABLE: io exception
2023-02-14 08:19:36,653 [grpc-default-executor-3] INFO  leader.FollowerInfo (FollowerInfoImpl.java:lambda$new$0(48)) - 6d5fd74e-c16c-4183-9ec8-8461f8bdbc47@group-0B30B5CAC9A3->23624866-2448-40b4-b246-86425eff7cca: nextIndex: updateUnconditionally 23 -> 22
2023-02-14 08:19:36,653 [grpc-default-executor-4] INFO  leader.FollowerInfo (FollowerInfoImpl.java:lambda$new$0(48)) - 6d5fd74e-c16c-4183-9ec8-8461f8bdbc47@group-0B30B5CAC9A3->0910efe8-a84f-4250-8aec-2e536a9734d2: nextIndex: updateUnconditionally 23 -> 22
2023-02-14 08:19:36,653 [grpc-default-executor-7] WARN  server.GrpcLogAppender (LogUtils.java:warn(122)) - 6d5fd74e-c16c-4183-9ec8-8461f8bdbc47@group-0B30B5CAC9A3->0910efe8-a84f-4250-8aec-2e536a9734d2-AppendLogResponseHandler: Failed appendEntries: org.apache.ratis.thirdparty.io.grpc.StatusRuntimeException: UNAVAILABLE: io exception
2023-02-14 08:19:36,654 [grpc-default-executor-7] INFO  leader.FollowerInfo (FollowerInfoImpl.java:lambda$new$0(48)) - 6d5fd74e-c16c-4183-9ec8-8461f8bdbc47@group-0B30B5CAC9A3->0910efe8-a84f-4250-8aec-2e536a9734d2: nextIndex: updateUnconditionally 22 -> 21
2023-02-14 08:19:36,653 [grpc-default-executor-9] WARN  server.GrpcLogAppender (LogUtils.java:warn(122)) - 6d5fd74e-c16c-4183-9ec8-8461f8bdbc47@group-0B30B5CAC9A3->23624866-2448-40b4-b246-86425eff7cca-AppendLogResponseHandler: Failed appendEntries: org.apache.ratis.thirdparty.io.grpc.StatusRuntimeException: UNAVAILABLE: io exception
2023-02-14 08:19:36,654 [grpc-default-executor-9] INFO  leader.FollowerInfo (FollowerInfoImpl.java:lambda$new$0(48)) - 6d5fd74e-c16c-4183-9ec8-8461f8bdbc47@group-0B30B5CAC9A3->23624866-2448-40b4-b246-86425eff7cca: nextIndex: updateUnconditionally 22 -> 21
2023-02-14 08:19:36,663 [grpc-default-executor-7] WARN  server.GrpcLogAppender (LogUtils.java:warn(122)) - 6d5fd74e-c16c-4183-9ec8-8461f8bdbc47@group-0B30B5CAC9A3->23624866-2448-40b4-b246-86425eff7cca-AppendLogResponseHandler: Failed appendEntries: org.apache.ratis.thirdparty.io.grpc.StatusRuntimeException: UNAVAILABLE: io exception
2023-02-14 08:19:36,664 [grpc-default-executor-7] INFO  leader.FollowerInfo (FollowerInfoImpl.java:lambda$new$0(48)) - 6d5fd74e-c16c-4183-9ec8-8461f8bdbc47@group-0B30B5CAC9A3->23624866-2448-40b4-b246-86425eff7cca: nextIndex: updateUnconditionally 22 -> 21
2023-02-14 08:19:36,664 [grpc-default-executor-9] WARN  server.GrpcLogAppender (LogUtils.java:warn(122)) - 6d5fd74e-c16c-4183-9ec8-8461f8bdbc47@group-0B30B5CAC9A3->0910efe8-a84f-4250-8aec-2e536a9734d2-AppendLogResponseHandler: Failed appendEntries: org.apache.ratis.thirdparty.io.grpc.StatusRuntimeException: UNAVAILABLE: io exception
2023-02-14 08:19:36,664 [grpc-default-executor-3] WARN  server.GrpcLogAppender (LogUtils.java:warn(122)) - 6d5fd74e-c16c-4183-9ec8-8461f8bdbc47@group-0B30B5CAC9A3->23624866-2448-40b4-b246-86425eff7cca-AppendLogResponseHandler: Failed appendEntries: org.apache.ratis.thirdparty.io.grpc.StatusRuntimeException: UNAVAILABLE: io exception
2023-02-14 08:19:36,664 [grpc-default-executor-3] INFO  leader.FollowerInfo (FollowerInfoImpl.java:lambda$new$0(48)) - 6d5fd74e-c16c-4183-9ec8-8461f8bdbc47@group-0B30B5CAC9A3->23624866-2448-40b4-b246-86425eff7cca: nextIndex: updateUnconditionally 21 -> 20
2023-02-14 08:19:36,664 [grpc-default-executor-9] INFO  leader.FollowerInfo (FollowerInfoImpl.java:lambda$new$0(48)) - 6d5fd74e-c16c-4183-9ec8-8461f8bdbc47@group-0B30B5CAC9A3->0910efe8-a84f-4250-8aec-2e536a9734d2: nextIndex: updateUnconditionally 22 -> 21
2023-02-14 08:19:36,664 [grpc-default-executor-4] WARN  server.GrpcLogAppender (LogUtils.java:warn(122)) - 6d5fd74e-c16c-4183-9ec8-8461f8bdbc47@group-0B30B5CAC9A3->0910efe8-a84f-4250-8aec-2e536a9734d2-AppendLogResponseHandler: Failed appendEntries: org.apache.ratis.thirdparty.io.grpc.StatusRuntimeException: UNAVAILABLE: io exception
2023-02-14 08:19:36,664 [grpc-default-executor-4] INFO  leader.FollowerInfo (FollowerInfoImpl.java:lambda$new$0(48)) - 6d5fd74e-c16c-4183-9ec8-8461f8bdbc47@group-0B30B5CAC9A3->0910efe8-a84f-4250-8aec-2e536a9734d2: nextIndex: updateUnconditionally 21 -> 20
2023-02-14 08:19:37,057 [Listener at 127.0.0.1/32845] INFO  volume.HddsVolume (HddsVolume.java:closeDbStore(362)) - SchemaV3 db is stopped at /home/runner/work/ozone/ozone/hadoop-ozone/integration-test/target/test-dir/MiniOzoneClusterImpl-9064264e-2b58-4737-9fe3-fdda8e014d69/datanode-2/data-0/containers/hdds/9064264e-2b58-4737-9fe3-fdda8e014d69/DS-fae7cb6d-6f91-463a-8e3d-9cadd53dff87/container.db for volume DS-fae7cb6d-6f91-463a-8e3d-9cadd53dff87
2023-02-14 08:19:37,057 [Listener at 127.0.0.1/32845] INFO  utils.BackgroundService (BackgroundService.java:shutdown(141)) - Shutting down service BlockDeletingService
2023-02-14 08:19:37,057 [Listener at 127.0.0.1/32845] INFO  utils.BackgroundService (BackgroundService.java:shutdown(141)) - Shutting down service StaleRecoveringContainerScrubbingService
2023-02-14 08:19:37,059 [ForkJoinPool.commonPool-worker-0] INFO  volume.HddsVolume (HddsVolume.java:closeDbStore(362)) - SchemaV3 db is stopped at /home/runner/work/ozone/ozone/hadoop-ozone/integration-test/target/test-dir/MiniOzoneClusterImpl-9064264e-2b58-4737-9fe3-fdda8e014d69/datanode-1/data-0/containers/hdds/9064264e-2b58-4737-9fe3-fdda8e014d69/DS-39450819-4b7f-4257-84cb-77804154aa4d/container.db for volume DS-39450819-4b7f-4257-84cb-77804154aa4d
2023-02-14 08:19:37,060 [ForkJoinPool.commonPool-worker-0] INFO  utils.BackgroundService (BackgroundService.java:shutdown(141)) - Shutting down service BlockDeletingService
2023-02-14 08:19:37,060 [ForkJoinPool.commonPool-worker-0] INFO  utils.BackgroundService (BackgroundService.java:shutdown(141)) - Shutting down service StaleRecoveringContainerScrubbingService
2023-02-14 08:19:37,061 [Listener at 127.0.0.1/32845] INFO  statemachine.DatanodeStateMachine (DatanodeStateMachine.java:stopDaemon(600)) - Ozone container server stopped.
2023-02-14 08:19:37,062 [ForkJoinPool.commonPool-worker-0] INFO  statemachine.DatanodeStateMachine (DatanodeStateMachine.java:stopDaemon(600)) - Ozone container server stopped.
2023-02-14 08:19:37,073 [ForkJoinPool.commonPool-worker-0] INFO  handler.ContextHandler (ContextHandler.java:doStop(1159)) - Stopped o.e.j.w.WebAppContext@32d8cc0a{hddsDatanode,/,null,STOPPED}{jar:file:/home/runner/.m2/repository/org/apache/ozone/hdds-container-service/1.4.0-SNAPSHOT/hdds-container-service-1.4.0-SNAPSHOT.jar!/webapps/hddsDatanode}
2023-02-14 08:19:37,074 [ForkJoinPool.commonPool-worker-0] INFO  server.AbstractConnector (AbstractConnector.java:doStop(383)) - Stopped ServerConnector@327db066{HTTP/1.1, (http/1.1)}{0.0.0.0:0}
2023-02-14 08:19:37,074 [ForkJoinPool.commonPool-worker-0] INFO  server.session (HouseKeeper.java:stopScavenging(149)) - node0 Stopped scavenging
2023-02-14 08:19:37,075 [ForkJoinPool.commonPool-worker-0] INFO  handler.ContextHandler (ContextHandler.java:doStop(1159)) - Stopped o.e.j.s.ServletContextHandler@9341346{static,/static,jar:file:/home/runner/.m2/repository/org/apache/ozone/hdds-container-service/1.4.0-SNAPSHOT/hdds-container-service-1.4.0-SNAPSHOT.jar!/webapps/static,STOPPED}
2023-02-14 08:19:37,075 [ForkJoinPool.commonPool-worker-0] INFO  handler.ContextHandler (ContextHandler.java:doStop(1159)) - Stopped o.e.j.s.ServletContextHandler@51a15074{logs,/logs,file:///home/runner/work/ozone/ozone/hadoop-ozone/integration-test/target/log,STOPPED}
2023-02-14 08:19:37,077 [ForkJoinPool.commonPool-worker-0] INFO  ozoneimpl.OzoneContainer (OzoneContainer.java:stop(420)) - Attempting to stop container services.
2023-02-14 08:19:37,077 [ForkJoinPool.commonPool-worker-0] INFO  server.RaftServer (RaftServerProxy.java:lambda$close$6(409)) - 6d5fd74e-c16c-4183-9ec8-8461f8bdbc47: close
2023-02-14 08:19:37,078 [6d5fd74e-c16c-4183-9ec8-8461f8bdbc47-impl-thread1] INFO  server.RaftServer$Division (RaftServerImpl.java:lambda$close$4(458)) - 6d5fd74e-c16c-4183-9ec8-8461f8bdbc47@group-1934EA50BFDD: shutdown
2023-02-14 08:19:37,078 [6d5fd74e-c16c-4183-9ec8-8461f8bdbc47-impl-thread1] INFO  util.JmxRegister (JmxRegister.java:unregister(73)) - Successfully un-registered JMX Bean with object name Ratis:service=RaftServer,group=group-1934EA50BFDD,id=6d5fd74e-c16c-4183-9ec8-8461f8bdbc47
2023-02-14 08:19:37,078 [6d5fd74e-c16c-4183-9ec8-8461f8bdbc47-impl-thread1] INFO  impl.RoleInfo (RoleInfo.java:shutdownFollowerState(110)) - 6d5fd74e-c16c-4183-9ec8-8461f8bdbc47: shutdown 6d5fd74e-c16c-4183-9ec8-8461f8bdbc47@group-1934EA50BFDD-FollowerState
2023-02-14 08:19:37,079 [Listener at 127.0.0.1/32845] INFO  handler.ContextHandler (ContextHandler.java:doStop(1159)) - Stopped o.e.j.w.WebAppContext@76958521{hddsDatanode,/,null,STOPPED}{jar:file:/home/runner/.m2/repository/org/apache/ozone/hdds-container-service/1.4.0-SNAPSHOT/hdds-container-service-1.4.0-SNAPSHOT.jar!/webapps/hddsDatanode}
2023-02-14 08:19:37,079 [6d5fd74e-c16c-4183-9ec8-8461f8bdbc47@group-1934EA50BFDD-StateMachineUpdater] INFO  ratis.ContainerStateMachine (ContainerStateMachine.java:takeSnapshot(308)) - group-1934EA50BFDD: Taking a snapshot at:(t:1, i:3) file /home/runner/work/ozone/ozone/hadoop-ozone/integration-test/target/test-dir/MiniOzoneClusterImpl-9064264e-2b58-4737-9fe3-fdda8e014d69/datanode-0/data/ratis/8385c9fe-b4c7-4b4e-99aa-1934ea50bfdd/sm/snapshot.1_3
2023-02-14 08:19:37,079 [6d5fd74e-c16c-4183-9ec8-8461f8bdbc47@group-1934EA50BFDD-FollowerState] INFO  impl.FollowerState (FollowerState.java:run(152)) - 6d5fd74e-c16c-4183-9ec8-8461f8bdbc47@group-1934EA50BFDD-FollowerState was interrupted
2023-02-14 08:19:37,079 [6d5fd74e-c16c-4183-9ec8-8461f8bdbc47-impl-thread1] INFO  impl.StateMachineUpdater (StateMachineUpdater.java:stopAndJoin(153)) - 6d5fd74e-c16c-4183-9ec8-8461f8bdbc47@group-1934EA50BFDD-StateMachineUpdater: set stopIndex = 3
2023-02-14 08:19:37,079 [ForkJoinPool.commonPool-worker-0] INFO  server.GrpcService (GrpcService.java:closeImpl(271)) - 6d5fd74e-c16c-4183-9ec8-8461f8bdbc47: shutdown server GrpcServerProtocolService now
2023-02-14 08:19:37,079 [6d5fd74e-c16c-4183-9ec8-8461f8bdbc47-impl-thread2] INFO  server.RaftServer$Division (RaftServerImpl.java:lambda$close$4(458)) - 6d5fd74e-c16c-4183-9ec8-8461f8bdbc47@group-5A03DC53F6A6: shutdown
2023-02-14 08:19:37,083 [Listener at 127.0.0.1/32845] INFO  server.AbstractConnector (AbstractConnector.java:doStop(383)) - Stopped ServerConnector@47221c93{HTTP/1.1, (http/1.1)}{0.0.0.0:0}
2023-02-14 08:19:37,083 [ForkJoinPool.commonPool-worker-0] INFO  server.GrpcServerProtocolClient (GrpcServerProtocolClient.java:close(101)) - 0910efe8-a84f-4250-8aec-2e536a9734d2 Close channels
2023-02-14 08:19:37,083 [Listener at 127.0.0.1/32845] INFO  server.session (HouseKeeper.java:stopScavenging(149)) - node0 Stopped scavenging
2023-02-14 08:19:37,083 [6d5fd74e-c16c-4183-9ec8-8461f8bdbc47-impl-thread3] INFO  server.RaftServer$Division (RaftServerImpl.java:lambda$close$4(458)) - 6d5fd74e-c16c-4183-9ec8-8461f8bdbc47@group-0B30B5CAC9A3: shutdown
2023-02-14 08:19:37,083 [6d5fd74e-c16c-4183-9ec8-8461f8bdbc47-impl-thread2] INFO  util.JmxRegister (JmxRegister.java:unregister(73)) - Successfully un-registered JMX Bean with object name Ratis:service=RaftServer,group=group-5A03DC53F6A6,id=6d5fd74e-c16c-4183-9ec8-8461f8bdbc47
2023-02-14 08:19:37,088 [6d5fd74e-c16c-4183-9ec8-8461f8bdbc47-impl-thread2] INFO  impl.RoleInfo (RoleInfo.java:shutdownLeaderState(93)) - 6d5fd74e-c16c-4183-9ec8-8461f8bdbc47: shutdown 6d5fd74e-c16c-4183-9ec8-8461f8bdbc47@group-5A03DC53F6A6-LeaderStateImpl
2023-02-14 08:19:37,088 [6d5fd74e-c16c-4183-9ec8-8461f8bdbc47-impl-thread3] INFO  util.JmxRegister (JmxRegister.java:unregister(73)) - Successfully un-registered JMX Bean with object name Ratis:service=RaftServer,group=group-0B30B5CAC9A3,id=6d5fd74e-c16c-4183-9ec8-8461f8bdbc47
2023-02-14 08:19:37,088 [6d5fd74e-c16c-4183-9ec8-8461f8bdbc47-impl-thread2] INFO  impl.PendingRequests (PendingRequests.java:sendNotLeaderResponses(282)) - 6d5fd74e-c16c-4183-9ec8-8461f8bdbc47@group-5A03DC53F6A6-PendingRequests: sendNotLeaderResponses
2023-02-14 08:19:37,088 [Listener at 127.0.0.1/32845] INFO  handler.ContextHandler (ContextHandler.java:doStop(1159)) - Stopped o.e.j.s.ServletContextHandler@63efe85f{static,/static,jar:file:/home/runner/.m2/repository/org/apache/ozone/hdds-container-service/1.4.0-SNAPSHOT/hdds-container-service-1.4.0-SNAPSHOT.jar!/webapps/static,STOPPED}
2023-02-14 08:19:37,084 [6d5fd74e-c16c-4183-9ec8-8461f8bdbc47@group-1934EA50BFDD-StateMachineUpdater] INFO  ratis.ContainerStateMachine (ContainerStateMachine.java:takeSnapshot(319)) - group-1934EA50BFDD: Finished taking a snapshot at:(t:1, i:3) file:/home/runner/work/ozone/ozone/hadoop-ozone/integration-test/target/test-dir/MiniOzoneClusterImpl-9064264e-2b58-4737-9fe3-fdda8e014d69/datanode-0/data/ratis/8385c9fe-b4c7-4b4e-99aa-1934ea50bfdd/sm/snapshot.1_3 took: 4 ms
2023-02-14 08:19:37,084 [ForkJoinPool.commonPool-worker-0] INFO  server.GrpcServerProtocolClient (GrpcServerProtocolClient.java:close(101)) - 23624866-2448-40b4-b246-86425eff7cca Close channels
2023-02-14 08:19:37,088 [6d5fd74e-c16c-4183-9ec8-8461f8bdbc47@group-1934EA50BFDD-StateMachineUpdater] INFO  impl.StateMachineUpdater (StateMachineUpdater.java:takeSnapshot(287)) - 6d5fd74e-c16c-4183-9ec8-8461f8bdbc47@group-1934EA50BFDD-StateMachineUpdater: Took a snapshot at index 3
2023-02-14 08:19:37,088 [6d5fd74e-c16c-4183-9ec8-8461f8bdbc47@group-1934EA50BFDD-StateMachineUpdater] INFO  impl.StateMachineUpdater (StateMachineUpdater.java:lambda$new$0(92)) - 6d5fd74e-c16c-4183-9ec8-8461f8bdbc47@group-1934EA50BFDD-StateMachineUpdater: snapshotIndex: updateIncreasingly -1 -> 3
2023-02-14 08:19:37,088 [ForkJoinPool.commonPool-worker-0] INFO  server.GrpcService (GrpcService.java:closeImpl(280)) - 6d5fd74e-c16c-4183-9ec8-8461f8bdbc47: shutdown server GrpcServerProtocolService successfully
2023-02-14 08:19:37,089 [6d5fd74e-c16c-4183-9ec8-8461f8bdbc47-NettyServerStreamRpc-bossGroup--thread1] INFO  logging.LoggingHandler (AbstractInternalLogger.java:log(148)) - [id: 0x5a83342a, L:/0:0:0:0:0:0:0:0:34443] CLOSE
2023-02-14 08:19:37,089 [6d5fd74e-c16c-4183-9ec8-8461f8bdbc47-NettyServerStreamRpc-bossGroup--thread1] INFO  logging.LoggingHandler (AbstractInternalLogger.java:log(148)) - [id: 0x5a83342a, L:/0:0:0:0:0:0:0:0:34443] INACTIVE
2023-02-14 08:19:37,089 [6d5fd74e-c16c-4183-9ec8-8461f8bdbc47-NettyServerStreamRpc-bossGroup--thread1] INFO  logging.LoggingHandler (AbstractInternalLogger.java:log(148)) - [id: 0x5a83342a, L:/0:0:0:0:0:0:0:0:34443] UNREGISTERED
2023-02-14 08:19:37,089 [6d5fd74e-c16c-4183-9ec8-8461f8bdbc47@group-5A03DC53F6A6-StateMachineUpdater] INFO  ratis.ContainerStateMachine (ContainerStateMachine.java:takeSnapshot(308)) - group-5A03DC53F6A6: Taking a snapshot at:(t:1, i:0) file /home/runner/work/ozone/ozone/hadoop-ozone/integration-test/target/test-dir/MiniOzoneClusterImpl-9064264e-2b58-4737-9fe3-fdda8e014d69/datanode-0/data/ratis/938027b9-8f18-46f4-a21b-5a03dc53f6a6/sm/snapshot.1_0
2023-02-14 08:19:37,089 [6d5fd74e-c16c-4183-9ec8-8461f8bdbc47-impl-thread1] INFO  server.RaftServer$Division (ServerState.java:close(466)) - 6d5fd74e-c16c-4183-9ec8-8461f8bdbc47@group-1934EA50BFDD: closes. applyIndex: 3
2023-02-14 08:19:37,089 [6d5fd74e-c16c-4183-9ec8-8461f8bdbc47@group-1934EA50BFDD-SegmentedRaftLogWorker] INFO  segmented.SegmentedRaftLogWorker (SegmentedRaftLogWorker.java:run(347)) - 6d5fd74e-c16c-4183-9ec8-8461f8bdbc47@group-1934EA50BFDD-SegmentedRaftLogWorker was interrupted, exiting. There are 0 tasks remaining in the queue.
2023-02-14 08:19:37,089 [6d5fd74e-c16c-4183-9ec8-8461f8bdbc47-impl-thread2] INFO  impl.StateMachineUpdater (StateMachineUpdater.java:stopAndJoin(153)) - 6d5fd74e-c16c-4183-9ec8-8461f8bdbc47@group-5A03DC53F6A6-StateMachineUpdater: set stopIndex = 0
2023-02-14 08:19:37,088 [6d5fd74e-c16c-4183-9ec8-8461f8bdbc47-impl-thread3] INFO  impl.RoleInfo (RoleInfo.java:shutdownLeaderState(93)) - 6d5fd74e-c16c-4183-9ec8-8461f8bdbc47: shutdown 6d5fd74e-c16c-4183-9ec8-8461f8bdbc47@group-0B30B5CAC9A3-LeaderStateImpl
2023-02-14 08:19:37,095 [6d5fd74e-c16c-4183-9ec8-8461f8bdbc47@group-5A03DC53F6A6-StateMachineUpdater] INFO  ratis.ContainerStateMachine (ContainerStateMachine.java:takeSnapshot(319)) - group-5A03DC53F6A6: Finished taking a snapshot at:(t:1, i:0) file:/home/runner/work/ozone/ozone/hadoop-ozone/integration-test/target/test-dir/MiniOzoneClusterImpl-9064264e-2b58-4737-9fe3-fdda8e014d69/datanode-0/data/ratis/938027b9-8f18-46f4-a21b-5a03dc53f6a6/sm/snapshot.1_0 took: 6 ms
2023-02-14 08:19:37,095 [6d5fd74e-c16c-4183-9ec8-8461f8bdbc47@group-5A03DC53F6A6-StateMachineUpdater] INFO  impl.StateMachineUpdater (StateMachineUpdater.java:takeSnapshot(287)) - 6d5fd74e-c16c-4183-9ec8-8461f8bdbc47@group-5A03DC53F6A6-StateMachineUpdater: Took a snapshot at index 0
2023-02-14 08:19:37,095 [6d5fd74e-c16c-4183-9ec8-8461f8bdbc47@group-5A03DC53F6A6-StateMachineUpdater] INFO  impl.StateMachineUpdater (StateMachineUpdater.java:lambda$new$0(92)) - 6d5fd74e-c16c-4183-9ec8-8461f8bdbc47@group-5A03DC53F6A6-StateMachineUpdater: snapshotIndex: updateIncreasingly -1 -> 0
2023-02-14 08:19:37,095 [6d5fd74e-c16c-4183-9ec8-8461f8bdbc47-impl-thread2] INFO  server.RaftServer$Division (ServerState.java:close(466)) - 6d5fd74e-c16c-4183-9ec8-8461f8bdbc47@group-5A03DC53F6A6: closes. applyIndex: 0
2023-02-14 08:19:37,095 [Listener at 127.0.0.1/32845] INFO  handler.ContextHandler (ContextHandler.java:doStop(1159)) - Stopped o.e.j.s.ServletContextHandler@28996e52{logs,/logs,file:///home/runner/work/ozone/ozone/hadoop-ozone/integration-test/target/log,STOPPED}
2023-02-14 08:19:37,094 [6d5fd74e-c16c-4183-9ec8-8461f8bdbc47-impl-thread1] INFO  segmented.SegmentedRaftLogWorker (SegmentedRaftLogWorker.java:close(257)) - 6d5fd74e-c16c-4183-9ec8-8461f8bdbc47@group-1934EA50BFDD-SegmentedRaftLogWorker close()
2023-02-14 08:19:37,097 [6d5fd74e-c16c-4183-9ec8-8461f8bdbc47-impl-thread3] INFO  impl.PendingRequests (PendingRequests.java:sendNotLeaderResponses(282)) - 6d5fd74e-c16c-4183-9ec8-8461f8bdbc47@group-0B30B5CAC9A3-PendingRequests: sendNotLeaderResponses
2023-02-14 08:19:37,097 [6d5fd74e-c16c-4183-9ec8-8461f8bdbc47@group-0B30B5CAC9A3->0910efe8-a84f-4250-8aec-2e536a9734d2-GrpcLogAppender-LogAppenderDaemon] WARN  server.GrpcLogAppender (GrpcLogAppender.java:mayWait(200)) - 6d5fd74e-c16c-4183-9ec8-8461f8bdbc47@group-0B30B5CAC9A3->0910efe8-a84f-4250-8aec-2e536a9734d2-GrpcLogAppender: Wait interrupted by java.lang.InterruptedException
2023-02-14 08:19:37,097 [6d5fd74e-c16c-4183-9ec8-8461f8bdbc47@group-0B30B5CAC9A3->23624866-2448-40b4-b246-86425eff7cca-GrpcLogAppender-LogAppenderDaemon] WARN  server.GrpcLogAppender (GrpcLogAppender.java:mayWait(200)) - 6d5fd74e-c16c-4183-9ec8-8461f8bdbc47@group-0B30B5CAC9A3->23624866-2448-40b4-b246-86425eff7cca-GrpcLogAppender: Wait interrupted by java.lang.InterruptedException
2023-02-14 08:19:37,098 [6d5fd74e-c16c-4183-9ec8-8461f8bdbc47@group-5A03DC53F6A6-SegmentedRaftLogWorker] INFO  segmented.SegmentedRaftLogWorker (SegmentedRaftLogWorker.java:run(347)) - 6d5fd74e-c16c-4183-9ec8-8461f8bdbc47@group-5A03DC53F6A6-SegmentedRaftLogWorker was interrupted, exiting. There are 0 tasks remaining in the queue.
2023-02-14 08:19:37,099 [6d5fd74e-c16c-4183-9ec8-8461f8bdbc47-impl-thread3] INFO  impl.StateMachineUpdater (StateMachineUpdater.java:stopAndJoin(153)) - 6d5fd74e-c16c-4183-9ec8-8461f8bdbc47@group-0B30B5CAC9A3-StateMachineUpdater: set stopIndex = 25
2023-02-14 08:19:37,100 [6d5fd74e-c16c-4183-9ec8-8461f8bdbc47@group-0B30B5CAC9A3-StateMachineUpdater] INFO  ratis.ContainerStateMachine (ContainerStateMachine.java:takeSnapshot(308)) - group-0B30B5CAC9A3: Taking a snapshot at:(t:1, i:25) file /home/runner/work/ozone/ozone/hadoop-ozone/integration-test/target/test-dir/MiniOzoneClusterImpl-9064264e-2b58-4737-9fe3-fdda8e014d69/datanode-0/data/ratis/c89f4c09-8464-4957-aa73-0b30b5cac9a3/sm/snapshot.1_25
2023-02-14 08:19:37,100 [6d5fd74e-c16c-4183-9ec8-8461f8bdbc47-impl-thread2] INFO  segmented.SegmentedRaftLogWorker (SegmentedRaftLogWorker.java:close(257)) - 6d5fd74e-c16c-4183-9ec8-8461f8bdbc47@group-5A03DC53F6A6-SegmentedRaftLogWorker close()
2023-02-14 08:19:37,101 [6d5fd74e-c16c-4183-9ec8-8461f8bdbc47@group-0B30B5CAC9A3-StateMachineUpdater] INFO  ratis.ContainerStateMachine (ContainerStateMachine.java:takeSnapshot(319)) - group-0B30B5CAC9A3: Finished taking a snapshot at:(t:1, i:25) file:/home/runner/work/ozone/ozone/hadoop-ozone/integration-test/target/test-dir/MiniOzoneClusterImpl-9064264e-2b58-4737-9fe3-fdda8e014d69/datanode-0/data/ratis/c89f4c09-8464-4957-aa73-0b30b5cac9a3/sm/snapshot.1_25 took: 2 ms
2023-02-14 08:19:37,102 [6d5fd74e-c16c-4183-9ec8-8461f8bdbc47@group-0B30B5CAC9A3-StateMachineUpdater] INFO  impl.StateMachineUpdater (StateMachineUpdater.java:takeSnapshot(287)) - 6d5fd74e-c16c-4183-9ec8-8461f8bdbc47@group-0B30B5CAC9A3-StateMachineUpdater: Took a snapshot at index 25
2023-02-14 08:19:37,102 [6d5fd74e-c16c-4183-9ec8-8461f8bdbc47@group-0B30B5CAC9A3-StateMachineUpdater] INFO  impl.StateMachineUpdater (StateMachineUpdater.java:lambda$new$0(92)) - 6d5fd74e-c16c-4183-9ec8-8461f8bdbc47@group-0B30B5CAC9A3-StateMachineUpdater: snapshotIndex: updateIncreasingly -1 -> 25
2023-02-14 08:19:37,103 [6d5fd74e-c16c-4183-9ec8-8461f8bdbc47-impl-thread3] INFO  server.RaftServer$Division (ServerState.java:close(466)) - 6d5fd74e-c16c-4183-9ec8-8461f8bdbc47@group-0B30B5CAC9A3: closes. applyIndex: 25
2023-02-14 08:19:37,103 [Listener at 127.0.0.1/32845] INFO  ozoneimpl.OzoneContainer (OzoneContainer.java:stop(420)) - Attempting to stop container services.
2023-02-14 08:19:37,103 [6d5fd74e-c16c-4183-9ec8-8461f8bdbc47@group-0B30B5CAC9A3-SegmentedRaftLogWorker] INFO  segmented.SegmentedRaftLogWorker (SegmentedRaftLogWorker.java:run(347)) - 6d5fd74e-c16c-4183-9ec8-8461f8bdbc47@group-0B30B5CAC9A3-SegmentedRaftLogWorker was interrupted, exiting. There are 0 tasks remaining in the queue.
2023-02-14 08:19:37,103 [6d5fd74e-c16c-4183-9ec8-8461f8bdbc47-impl-thread3] INFO  segmented.SegmentedRaftLogWorker (SegmentedRaftLogWorker.java:close(257)) - 6d5fd74e-c16c-4183-9ec8-8461f8bdbc47@group-0B30B5CAC9A3-SegmentedRaftLogWorker close()
2023-02-14 08:19:37,105 [Listener at 127.0.0.1/32845] INFO  server.RaftServer (RaftServerProxy.java:lambda$close$6(409)) - 756d89f1-fb04-4866-b61e-06654fd6a7ad: close
2023-02-14 08:19:37,106 [Listener at 127.0.0.1/32845] INFO  server.GrpcService (GrpcService.java:closeImpl(271)) - 756d89f1-fb04-4866-b61e-06654fd6a7ad: shutdown server GrpcServerProtocolService now
2023-02-14 08:19:37,106 [JvmPauseMonitor12] INFO  util.JvmPauseMonitor (JvmPauseMonitor.java:run(111)) - JvmPauseMonitor-6d5fd74e-c16c-4183-9ec8-8461f8bdbc47: Stopped
2023-02-14 08:19:37,106 [756d89f1-fb04-4866-b61e-06654fd6a7ad-impl-thread1] INFO  server.RaftServer$Division (RaftServerImpl.java:lambda$close$4(458)) - 756d89f1-fb04-4866-b61e-06654fd6a7ad@group-159CC4CAEBB2: shutdown
2023-02-14 08:19:37,106 [756d89f1-fb04-4866-b61e-06654fd6a7ad-impl-thread1] INFO  util.JmxRegister (JmxRegister.java:unregister(73)) - Successfully un-registered JMX Bean with object name Ratis:service=RaftServer,group=group-159CC4CAEBB2,id=756d89f1-fb04-4866-b61e-06654fd6a7ad
2023-02-14 08:19:37,106 [Listener at 127.0.0.1/32845] INFO  server.GrpcService (GrpcService.java:closeImpl(280)) - 756d89f1-fb04-4866-b61e-06654fd6a7ad: shutdown server GrpcServerProtocolService successfully
2023-02-14 08:19:37,106 [756d89f1-fb04-4866-b61e-06654fd6a7ad-NettyServerStreamRpc-bossGroup--thread1] INFO  logging.LoggingHandler (AbstractInternalLogger.java:log(148)) - [id: 0x2d2d0267, L:/0:0:0:0:0:0:0:0:33675] CLOSE
2023-02-14 08:19:37,106 [756d89f1-fb04-4866-b61e-06654fd6a7ad-NettyServerStreamRpc-bossGroup--thread1] INFO  logging.LoggingHandler (AbstractInternalLogger.java:log(148)) - [id: 0x2d2d0267, L:/0:0:0:0:0:0:0:0:33675] INACTIVE
2023-02-14 08:19:37,106 [756d89f1-fb04-4866-b61e-06654fd6a7ad-NettyServerStreamRpc-bossGroup--thread1] INFO  logging.LoggingHandler (AbstractInternalLogger.java:log(148)) - [id: 0x2d2d0267, L:/0:0:0:0:0:0:0:0:33675] UNREGISTERED
2023-02-14 08:19:37,106 [756d89f1-fb04-4866-b61e-06654fd6a7ad-impl-thread1] INFO  impl.RoleInfo (RoleInfo.java:shutdownLeaderState(93)) - 756d89f1-fb04-4866-b61e-06654fd6a7ad: shutdown 756d89f1-fb04-4866-b61e-06654fd6a7ad@group-159CC4CAEBB2-LeaderStateImpl
2023-02-14 08:19:37,107 [756d89f1-fb04-4866-b61e-06654fd6a7ad-impl-thread1] INFO  impl.PendingRequests (PendingRequests.java:sendNotLeaderResponses(282)) - 756d89f1-fb04-4866-b61e-06654fd6a7ad@group-159CC4CAEBB2-PendingRequests: sendNotLeaderResponses
2023-02-14 08:19:37,107 [756d89f1-fb04-4866-b61e-06654fd6a7ad-impl-thread1] INFO  impl.StateMachineUpdater (StateMachineUpdater.java:stopAndJoin(153)) - 756d89f1-fb04-4866-b61e-06654fd6a7ad@group-159CC4CAEBB2-StateMachineUpdater: set stopIndex = 0
2023-02-14 08:19:37,107 [756d89f1-fb04-4866-b61e-06654fd6a7ad@group-159CC4CAEBB2-StateMachineUpdater] INFO  ratis.ContainerStateMachine (ContainerStateMachine.java:takeSnapshot(308)) - group-159CC4CAEBB2: Taking a snapshot at:(t:1, i:0) file /home/runner/work/ozone/ozone/hadoop-ozone/integration-test/target/test-dir/MiniOzoneClusterImpl-9064264e-2b58-4737-9fe3-fdda8e014d69/datanode-4/data/ratis/d69f4cec-f981-4806-b9c7-159cc4caebb2/sm/snapshot.1_0
2023-02-14 08:19:37,107 [756d89f1-fb04-4866-b61e-06654fd6a7ad@group-159CC4CAEBB2-StateMachineUpdater] INFO  ratis.ContainerStateMachine (ContainerStateMachine.java:takeSnapshot(319)) - group-159CC4CAEBB2: Finished taking a snapshot at:(t:1, i:0) file:/home/runner/work/ozone/ozone/hadoop-ozone/integration-test/target/test-dir/MiniOzoneClusterImpl-9064264e-2b58-4737-9fe3-fdda8e014d69/datanode-4/data/ratis/d69f4cec-f981-4806-b9c7-159cc4caebb2/sm/snapshot.1_0 took: 1 ms
2023-02-14 08:19:37,107 [756d89f1-fb04-4866-b61e-06654fd6a7ad@group-159CC4CAEBB2-StateMachineUpdater] INFO  impl.StateMachineUpdater (StateMachineUpdater.java:takeSnapshot(287)) - 756d89f1-fb04-4866-b61e-06654fd6a7ad@group-159CC4CAEBB2-StateMachineUpdater: Took a snapshot at index 0
2023-02-14 08:19:37,108 [756d89f1-fb04-4866-b61e-06654fd6a7ad@group-159CC4CAEBB2-StateMachineUpdater] INFO  impl.StateMachineUpdater (StateMachineUpdater.java:lambda$new$0(92)) - 756d89f1-fb04-4866-b61e-06654fd6a7ad@group-159CC4CAEBB2-StateMachineUpdater: snapshotIndex: updateIncreasingly -1 -> 0
2023-02-14 08:19:37,108 [756d89f1-fb04-4866-b61e-06654fd6a7ad-impl-thread1] INFO  server.RaftServer$Division (ServerState.java:close(466)) - 756d89f1-fb04-4866-b61e-06654fd6a7ad@group-159CC4CAEBB2: closes. applyIndex: 0
2023-02-14 08:19:37,110 [756d89f1-fb04-4866-b61e-06654fd6a7ad@group-159CC4CAEBB2-SegmentedRaftLogWorker] INFO  segmented.SegmentedRaftLogWorker (SegmentedRaftLogWorker.java:run(347)) - 756d89f1-fb04-4866-b61e-06654fd6a7ad@group-159CC4CAEBB2-SegmentedRaftLogWorker was interrupted, exiting. There are 0 tasks remaining in the queue.
2023-02-14 08:19:37,115 [756d89f1-fb04-4866-b61e-06654fd6a7ad-impl-thread1] INFO  segmented.SegmentedRaftLogWorker (SegmentedRaftLogWorker.java:close(257)) - 756d89f1-fb04-4866-b61e-06654fd6a7ad@group-159CC4CAEBB2-SegmentedRaftLogWorker close()
2023-02-14 08:19:37,120 [JvmPauseMonitor16] INFO  util.JvmPauseMonitor (JvmPauseMonitor.java:run(111)) - JvmPauseMonitor-756d89f1-fb04-4866-b61e-06654fd6a7ad: Stopped
2023-02-14 08:19:39,111 [ForkJoinPool.commonPool-worker-0] INFO  volume.HddsVolume (HddsVolume.java:closeDbStore(362)) - SchemaV3 db is stopped at /home/runner/work/ozone/ozone/hadoop-ozone/integration-test/target/test-dir/MiniOzoneClusterImpl-9064264e-2b58-4737-9fe3-fdda8e014d69/datanode-0/data-0/containers/hdds/9064264e-2b58-4737-9fe3-fdda8e014d69/DS-ec84f081-96f8-4ca3-b1ff-4c321dbe2ec1/container.db for volume DS-ec84f081-96f8-4ca3-b1ff-4c321dbe2ec1
2023-02-14 08:19:39,111 [ForkJoinPool.commonPool-worker-0] INFO  utils.BackgroundService (BackgroundService.java:shutdown(141)) - Shutting down service BlockDeletingService
2023-02-14 08:19:39,112 [ForkJoinPool.commonPool-worker-0] INFO  utils.BackgroundService (BackgroundService.java:shutdown(141)) - Shutting down service StaleRecoveringContainerScrubbingService
2023-02-14 08:19:39,113 [ForkJoinPool.commonPool-worker-0] INFO  statemachine.DatanodeStateMachine (DatanodeStateMachine.java:stopDaemon(600)) - Ozone container server stopped.
2023-02-14 08:19:39,126 [ForkJoinPool.commonPool-worker-0] INFO  handler.ContextHandler (ContextHandler.java:doStop(1159)) - Stopped o.e.j.w.WebAppContext@611a174{hddsDatanode,/,null,STOPPED}{jar:file:/home/runner/.m2/repository/org/apache/ozone/hdds-container-service/1.4.0-SNAPSHOT/hdds-container-service-1.4.0-SNAPSHOT.jar!/webapps/hddsDatanode}
2023-02-14 08:19:39,127 [Listener at 127.0.0.1/32845] INFO  volume.HddsVolume (HddsVolume.java:closeDbStore(362)) - SchemaV3 db is stopped at /home/runner/work/ozone/ozone/hadoop-ozone/integration-test/target/test-dir/MiniOzoneClusterImpl-9064264e-2b58-4737-9fe3-fdda8e014d69/datanode-4/data-0/containers/hdds/9064264e-2b58-4737-9fe3-fdda8e014d69/DS-3fd5b413-75a9-4a86-971c-4babd803316b/container.db for volume DS-3fd5b413-75a9-4a86-971c-4babd803316b
2023-02-14 08:19:39,127 [Listener at 127.0.0.1/32845] INFO  utils.BackgroundService (BackgroundService.java:shutdown(141)) - Shutting down service BlockDeletingService
2023-02-14 08:19:39,127 [Listener at 127.0.0.1/32845] INFO  utils.BackgroundService (BackgroundService.java:shutdown(141)) - Shutting down service StaleRecoveringContainerScrubbingService
2023-02-14 08:19:39,127 [ForkJoinPool.commonPool-worker-0] INFO  server.AbstractConnector (AbstractConnector.java:doStop(383)) - Stopped ServerConnector@4e13b27c{HTTP/1.1, (http/1.1)}{0.0.0.0:0}
2023-02-14 08:19:39,128 [ForkJoinPool.commonPool-worker-0] INFO  server.session (HouseKeeper.java:stopScavenging(149)) - node0 Stopped scavenging
2023-02-14 08:19:39,128 [ForkJoinPool.commonPool-worker-0] INFO  handler.ContextHandler (ContextHandler.java:doStop(1159)) - Stopped o.e.j.s.ServletContextHandler@2482090d{static,/static,jar:file:/home/runner/.m2/repository/org/apache/ozone/hdds-container-service/1.4.0-SNAPSHOT/hdds-container-service-1.4.0-SNAPSHOT.jar!/webapps/static,STOPPED}
2023-02-14 08:19:39,129 [Listener at 127.0.0.1/32845] INFO  statemachine.DatanodeStateMachine (DatanodeStateMachine.java:stopDaemon(600)) - Ozone container server stopped.
2023-02-14 08:19:39,130 [ForkJoinPool.commonPool-worker-0] INFO  handler.ContextHandler (ContextHandler.java:doStop(1159)) - Stopped o.e.j.s.ServletContextHandler@c188d1e{logs,/logs,file:///home/runner/work/ozone/ozone/hadoop-ozone/integration-test/target/log,STOPPED}
2023-02-14 08:19:39,136 [ForkJoinPool.commonPool-worker-0] INFO  ozoneimpl.OzoneContainer (OzoneContainer.java:stop(420)) - Attempting to stop container services.
2023-02-14 08:19:39,137 [ForkJoinPool.commonPool-worker-0] INFO  server.RaftServer (RaftServerProxy.java:lambda$close$6(409)) - beec9a9c-14cf-4df1-af52-b967c7424cdf: close
2023-02-14 08:19:39,137 [ForkJoinPool.commonPool-worker-0] INFO  server.GrpcService (GrpcService.java:closeImpl(271)) - beec9a9c-14cf-4df1-af52-b967c7424cdf: shutdown server GrpcServerProtocolService now
2023-02-14 08:19:39,137 [beec9a9c-14cf-4df1-af52-b967c7424cdf-impl-thread1] INFO  server.RaftServer$Division (RaftServerImpl.java:lambda$close$4(458)) - beec9a9c-14cf-4df1-af52-b967c7424cdf@group-7A84499AA605: shutdown
2023-02-14 08:19:39,137 [beec9a9c-14cf-4df1-af52-b967c7424cdf-impl-thread1] INFO  util.JmxRegister (JmxRegister.java:unregister(73)) - Successfully un-registered JMX Bean with object name Ratis:service=RaftServer,group=group-7A84499AA605,id=beec9a9c-14cf-4df1-af52-b967c7424cdf
2023-02-14 08:19:39,137 [beec9a9c-14cf-4df1-af52-b967c7424cdf-impl-thread1] INFO  impl.RoleInfo (RoleInfo.java:shutdownLeaderState(93)) - beec9a9c-14cf-4df1-af52-b967c7424cdf: shutdown beec9a9c-14cf-4df1-af52-b967c7424cdf@group-7A84499AA605-LeaderStateImpl
2023-02-14 08:19:39,137 [beec9a9c-14cf-4df1-af52-b967c7424cdf-impl-thread1] INFO  impl.PendingRequests (PendingRequests.java:sendNotLeaderResponses(282)) - beec9a9c-14cf-4df1-af52-b967c7424cdf@group-7A84499AA605-PendingRequests: sendNotLeaderResponses
2023-02-14 08:19:39,138 [beec9a9c-14cf-4df1-af52-b967c7424cdf-impl-thread1] INFO  impl.StateMachineUpdater (StateMachineUpdater.java:stopAndJoin(153)) - beec9a9c-14cf-4df1-af52-b967c7424cdf@group-7A84499AA605-StateMachineUpdater: set stopIndex = 0
2023-02-14 08:19:39,138 [beec9a9c-14cf-4df1-af52-b967c7424cdf@group-7A84499AA605-StateMachineUpdater] INFO  ratis.ContainerStateMachine (ContainerStateMachine.java:takeSnapshot(308)) - group-7A84499AA605: Taking a snapshot at:(t:1, i:0) file /home/runner/work/ozone/ozone/hadoop-ozone/integration-test/target/test-dir/MiniOzoneClusterImpl-9064264e-2b58-4737-9fe3-fdda8e014d69/datanode-3/data/ratis/af5c0488-4395-4336-b7c2-7a84499aa605/sm/snapshot.1_0
2023-02-14 08:19:39,139 [beec9a9c-14cf-4df1-af52-b967c7424cdf@group-7A84499AA605-StateMachineUpdater] INFO  ratis.ContainerStateMachine (ContainerStateMachine.java:takeSnapshot(319)) - group-7A84499AA605: Finished taking a snapshot at:(t:1, i:0) file:/home/runner/work/ozone/ozone/hadoop-ozone/integration-test/target/test-dir/MiniOzoneClusterImpl-9064264e-2b58-4737-9fe3-fdda8e014d69/datanode-3/data/ratis/af5c0488-4395-4336-b7c2-7a84499aa605/sm/snapshot.1_0 took: 2 ms
2023-02-14 08:19:39,140 [beec9a9c-14cf-4df1-af52-b967c7424cdf@group-7A84499AA605-StateMachineUpdater] INFO  impl.StateMachineUpdater (StateMachineUpdater.java:takeSnapshot(287)) - beec9a9c-14cf-4df1-af52-b967c7424cdf@group-7A84499AA605-StateMachineUpdater: Took a snapshot at index 0
2023-02-14 08:19:39,140 [beec9a9c-14cf-4df1-af52-b967c7424cdf@group-7A84499AA605-StateMachineUpdater] INFO  impl.StateMachineUpdater (StateMachineUpdater.java:lambda$new$0(92)) - beec9a9c-14cf-4df1-af52-b967c7424cdf@group-7A84499AA605-StateMachineUpdater: snapshotIndex: updateIncreasingly -1 -> 0
2023-02-14 08:19:39,140 [beec9a9c-14cf-4df1-af52-b967c7424cdf-impl-thread1] INFO  server.RaftServer$Division (ServerState.java:close(466)) - beec9a9c-14cf-4df1-af52-b967c7424cdf@group-7A84499AA605: closes. applyIndex: 0
2023-02-14 08:19:39,140 [beec9a9c-14cf-4df1-af52-b967c7424cdf@group-7A84499AA605-SegmentedRaftLogWorker] INFO  segmented.SegmentedRaftLogWorker (SegmentedRaftLogWorker.java:run(347)) - beec9a9c-14cf-4df1-af52-b967c7424cdf@group-7A84499AA605-SegmentedRaftLogWorker was interrupted, exiting. There are 0 tasks remaining in the queue.
2023-02-14 08:19:39,140 [beec9a9c-14cf-4df1-af52-b967c7424cdf-impl-thread1] INFO  segmented.SegmentedRaftLogWorker (SegmentedRaftLogWorker.java:close(257)) - beec9a9c-14cf-4df1-af52-b967c7424cdf@group-7A84499AA605-SegmentedRaftLogWorker close()
2023-02-14 08:19:39,144 [Listener at 127.0.0.1/32845] INFO  handler.ContextHandler (ContextHandler.java:doStop(1159)) - Stopped o.e.j.w.WebAppContext@1d4e3295{hddsDatanode,/,null,STOPPED}{jar:file:/home/runner/.m2/repository/org/apache/ozone/hdds-container-service/1.4.0-SNAPSHOT/hdds-container-service-1.4.0-SNAPSHOT.jar!/webapps/hddsDatanode}
2023-02-14 08:19:39,145 [ForkJoinPool.commonPool-worker-0] INFO  server.GrpcService (GrpcService.java:closeImpl(280)) - beec9a9c-14cf-4df1-af52-b967c7424cdf: shutdown server GrpcServerProtocolService successfully
2023-02-14 08:19:39,145 [Listener at 127.0.0.1/32845] INFO  server.AbstractConnector (AbstractConnector.java:doStop(383)) - Stopped ServerConnector@463e69ea{HTTP/1.1, (http/1.1)}{0.0.0.0:0}
2023-02-14 08:19:39,145 [Listener at 127.0.0.1/32845] INFO  server.session (HouseKeeper.java:stopScavenging(149)) - node0 Stopped scavenging
2023-02-14 08:19:39,145 [Listener at 127.0.0.1/32845] INFO  handler.ContextHandler (ContextHandler.java:doStop(1159)) - Stopped o.e.j.s.ServletContextHandler@436f5e27{static,/static,jar:file:/home/runner/.m2/repository/org/apache/ozone/hdds-container-service/1.4.0-SNAPSHOT/hdds-container-service-1.4.0-SNAPSHOT.jar!/webapps/static,STOPPED}
2023-02-14 08:19:39,146 [Listener at 127.0.0.1/32845] INFO  handler.ContextHandler (ContextHandler.java:doStop(1159)) - Stopped o.e.j.s.ServletContextHandler@143fccdb{logs,/logs,file:///home/runner/work/ozone/ozone/hadoop-ozone/integration-test/target/log,STOPPED}
2023-02-14 08:19:39,146 [beec9a9c-14cf-4df1-af52-b967c7424cdf-NettyServerStreamRpc-bossGroup--thread1] INFO  logging.LoggingHandler (AbstractInternalLogger.java:log(148)) - [id: 0xe33d45df, L:/0:0:0:0:0:0:0:0:40995] CLOSE
2023-02-14 08:19:39,146 [beec9a9c-14cf-4df1-af52-b967c7424cdf-NettyServerStreamRpc-bossGroup--thread1] INFO  logging.LoggingHandler (AbstractInternalLogger.java:log(148)) - [id: 0xe33d45df, L:/0:0:0:0:0:0:0:0:40995] INACTIVE
2023-02-14 08:19:39,146 [beec9a9c-14cf-4df1-af52-b967c7424cdf-NettyServerStreamRpc-bossGroup--thread1] INFO  logging.LoggingHandler (AbstractInternalLogger.java:log(148)) - [id: 0xe33d45df, L:/0:0:0:0:0:0:0:0:40995] UNREGISTERED
2023-02-14 08:19:39,156 [JvmPauseMonitor15] INFO  util.JvmPauseMonitor (JvmPauseMonitor.java:run(111)) - JvmPauseMonitor-beec9a9c-14cf-4df1-af52-b967c7424cdf: Stopped
2023-02-14 08:19:41,160 [ForkJoinPool.commonPool-worker-0] INFO  volume.HddsVolume (HddsVolume.java:closeDbStore(362)) - SchemaV3 db is stopped at /home/runner/work/ozone/ozone/hadoop-ozone/integration-test/target/test-dir/MiniOzoneClusterImpl-9064264e-2b58-4737-9fe3-fdda8e014d69/datanode-3/data-0/containers/hdds/9064264e-2b58-4737-9fe3-fdda8e014d69/DS-7a48d53a-4be6-4b95-bdc4-c8412b1bf1b0/container.db for volume DS-7a48d53a-4be6-4b95-bdc4-c8412b1bf1b0
2023-02-14 08:19:41,161 [ForkJoinPool.commonPool-worker-0] INFO  utils.BackgroundService (BackgroundService.java:shutdown(141)) - Shutting down service BlockDeletingService
2023-02-14 08:19:41,161 [ForkJoinPool.commonPool-worker-0] INFO  utils.BackgroundService (BackgroundService.java:shutdown(141)) - Shutting down service StaleRecoveringContainerScrubbingService
2023-02-14 08:19:41,162 [ForkJoinPool.commonPool-worker-0] INFO  statemachine.DatanodeStateMachine (DatanodeStateMachine.java:stopDaemon(600)) - Ozone container server stopped.
2023-02-14 08:19:41,171 [ForkJoinPool.commonPool-worker-0] INFO  handler.ContextHandler (ContextHandler.java:doStop(1159)) - Stopped o.e.j.w.WebAppContext@1fa9c71a{hddsDatanode,/,null,STOPPED}{jar:file:/home/runner/.m2/repository/org/apache/ozone/hdds-container-service/1.4.0-SNAPSHOT/hdds-container-service-1.4.0-SNAPSHOT.jar!/webapps/hddsDatanode}
2023-02-14 08:19:41,172 [ForkJoinPool.commonPool-worker-0] INFO  server.AbstractConnector (AbstractConnector.java:doStop(383)) - Stopped ServerConnector@7bdc9fc8{HTTP/1.1, (http/1.1)}{0.0.0.0:0}
2023-02-14 08:19:41,172 [ForkJoinPool.commonPool-worker-0] INFO  server.session (HouseKeeper.java:stopScavenging(149)) - node0 Stopped scavenging
2023-02-14 08:19:41,173 [ForkJoinPool.commonPool-worker-0] INFO  handler.ContextHandler (ContextHandler.java:doStop(1159)) - Stopped o.e.j.s.ServletContextHandler@4a016433{static,/static,jar:file:/home/runner/.m2/repository/org/apache/ozone/hdds-container-service/1.4.0-SNAPSHOT/hdds-container-service-1.4.0-SNAPSHOT.jar!/webapps/static,STOPPED}
2023-02-14 08:19:41,173 [ForkJoinPool.commonPool-worker-0] INFO  handler.ContextHandler (ContextHandler.java:doStop(1159)) - Stopped o.e.j.s.ServletContextHandler@45ad3c10{logs,/logs,file:///home/runner/work/ozone/ozone/hadoop-ozone/integration-test/target/log,STOPPED}
2023-02-14 08:19:41,180 [Listener at 127.0.0.1/32845] INFO  ozone.MiniOzoneClusterImpl (MiniOzoneClusterImpl.java:stopSCM(539)) - Stopping the StorageContainerManager
2023-02-14 08:19:41,180 [Listener at 127.0.0.1/32845] INFO  server.StorageContainerManager (StorageContainerManager.java:stop(1530)) - Container Balancer is not running.
2023-02-14 08:19:41,180 [Listener at 127.0.0.1/32845] INFO  server.StorageContainerManager (StorageContainerManager.java:stop(1537)) - Stopping Replication Manager Service.
2023-02-14 08:19:41,180 [Listener at 127.0.0.1/32845] INFO  replication.ReplicationManager (ReplicationManager.java:stop(294)) - Stopping Replication Monitor Thread.
2023-02-14 08:19:41,180 [Listener at 127.0.0.1/32845] INFO  server.StorageContainerManager (StorageContainerManager.java:stop(1544)) - Stopping the Datanode Admin Monitor.
2023-02-14 08:19:41,180 [Over Replicated Processor] WARN  replication.UnhealthyReplicationProcessor (UnhealthyReplicationProcessor.java:run(142)) - Over Replicated Processor interrupted. Exiting...
2023-02-14 08:19:41,180 [Listener at 127.0.0.1/32845] INFO  server.StorageContainerManager (StorageContainerManager.java:stop(1551)) - Stopping datanode service RPC server
2023-02-14 08:19:41,180 [Listener at 127.0.0.1/32845] INFO  server.SCMDatanodeProtocolServer (SCMDatanodeProtocolServer.java:stop(424)) - Stopping the RPC server for DataNodes
2023-02-14 08:19:41,180 [ReplicationMonitor] INFO  replication.ReplicationManager (ReplicationManager.java:run(735)) - Replication Monitor Thread is stopped
2023-02-14 08:19:41,180 [Listener at 127.0.0.1/32845] INFO  ipc.Server (Server.java:stop(3428)) - Stopping server on 38353
2023-02-14 08:19:41,180 [Under Replicated Processor] WARN  replication.UnhealthyReplicationProcessor (UnhealthyReplicationProcessor.java:run(142)) - Under Replicated Processor interrupted. Exiting...
2023-02-14 08:19:41,182 [IPC Server Responder] INFO  ipc.Server (Server.java:run(1517)) - Stopping IPC Server Responder
2023-02-14 08:19:41,182 [IPC Server listener on 0] INFO  ipc.Server (Server.java:run(1384)) - Stopping IPC Server listener on 0
2023-02-14 08:19:41,256 [SCM Heartbeat Processing Thread - 0] WARN  node.NodeStateManager (NodeStateManager.java:scheduleNextHealthCheck(870)) - Current Thread is interrupted, shutting down HB processing thread for Node Manager.
2023-02-14 08:19:41,257 [Listener at 127.0.0.1/32845] INFO  server.StorageContainerManager (StorageContainerManager.java:stop(1559)) - Stopping block service RPC server
2023-02-14 08:19:41,257 [Listener at 127.0.0.1/32845] INFO  server.SCMBlockProtocolServer (SCMBlockProtocolServer.java:stop(161)) - Stopping the RPC server for Block Protocol
2023-02-14 08:19:41,257 [Listener at 127.0.0.1/32845] INFO  ipc.Server (Server.java:stop(3428)) - Stopping server on 44821
2023-02-14 08:19:41,259 [IPC Server Responder] INFO  ipc.Server (Server.java:run(1517)) - Stopping IPC Server Responder
2023-02-14 08:19:41,259 [Listener at 127.0.0.1/32845] INFO  server.StorageContainerManager (StorageContainerManager.java:stop(1566)) - Stopping the StorageContainerLocationProtocol RPC server
2023-02-14 08:19:41,259 [Listener at 127.0.0.1/32845] INFO  server.SCMClientProtocolServer (SCMClientProtocolServer.java:stop(178)) - Stopping the RPC server for Client Protocol
2023-02-14 08:19:41,259 [Listener at 127.0.0.1/32845] INFO  ipc.Server (Server.java:stop(3428)) - Stopping server on 38751
2023-02-14 08:19:41,260 [IPC Server listener on 0] INFO  ipc.Server (Server.java:run(1384)) - Stopping IPC Server listener on 0
2023-02-14 08:19:41,262 [Listener at 127.0.0.1/32845] INFO  server.StorageContainerManager (StorageContainerManager.java:stop(1573)) - Stopping Storage Container Manager HTTP server.
2023-02-14 08:19:41,262 [Listener at 127.0.0.1/32845] INFO  handler.ContextHandler (ContextHandler.java:doStop(1159)) - Stopped o.e.j.w.WebAppContext@191b7cf2{scm,/,null,STOPPED}{file:/home/runner/work/ozone/ozone/hadoop-ozone/integration-test/target/test-classes/webapps/scm}
2023-02-14 08:19:41,263 [IPC Server Responder] INFO  ipc.Server (Server.java:run(1517)) - Stopping IPC Server Responder
2023-02-14 08:19:41,263 [IPC Server listener on 0] INFO  ipc.Server (Server.java:run(1384)) - Stopping IPC Server listener on 0
2023-02-14 08:19:41,264 [Listener at 127.0.0.1/32845] INFO  server.AbstractConnector (AbstractConnector.java:doStop(383)) - Stopped ServerConnector@660e52a4{HTTP/1.1, (http/1.1)}{0.0.0.0:0}
2023-02-14 08:19:41,264 [Listener at 127.0.0.1/32845] INFO  server.session (HouseKeeper.java:stopScavenging(149)) - node0 Stopped scavenging
2023-02-14 08:19:41,264 [Listener at 127.0.0.1/32845] INFO  handler.ContextHandler (ContextHandler.java:doStop(1159)) - Stopped o.e.j.s.ServletContextHandler@63c9a10d{static,/static,file:///home/runner/work/ozone/ozone/hadoop-ozone/integration-test/target/test-classes/webapps/static,STOPPED}
2023-02-14 08:19:41,264 [Listener at 127.0.0.1/32845] INFO  handler.ContextHandler (ContextHandler.java:doStop(1159)) - Stopped o.e.j.s.ServletContextHandler@19fe059f{logs,/logs,file:///home/runner/work/ozone/ozone/hadoop-ozone/integration-test/target/log,STOPPED}
2023-02-14 08:19:41,265 [Listener at 127.0.0.1/32845] INFO  server.StorageContainerManager (StorageContainerManager.java:stop(1579)) - Stopping SCM LayoutVersionManager Service.
2023-02-14 08:19:41,265 [Listener at 127.0.0.1/32845] INFO  server.StorageContainerManager (StorageContainerManager.java:stop(1587)) - Stopping Block Manager Service.
2023-02-14 08:19:41,265 [Listener at 127.0.0.1/32845] INFO  utils.BackgroundService (BackgroundService.java:shutdown(141)) - Shutting down service SCMBlockDeletingService
2023-02-14 08:19:41,265 [Listener at 127.0.0.1/32845] INFO  utils.BackgroundService (BackgroundService.java:shutdown(141)) - Shutting down service SCMBlockDeletingService
2023-02-14 08:19:41,266 [Listener at 127.0.0.1/32845] INFO  server.StorageContainerManager (StorageContainerManager.java:stop(1609)) - Stopping SCM Event Queue.
2023-02-14 08:19:41,267 [Listener at 127.0.0.1/32845] INFO  server.StorageContainerManager (StorageContainerManager.java:stop(1620)) - Stopping SCM HA services.
2023-02-14 08:19:41,267 [Listener at 127.0.0.1/32845] INFO  pipeline.BackgroundPipelineCreator (BackgroundPipelineCreator.java:stop(149)) - Stopping RatisPipelineUtilsThread.
2023-02-14 08:19:41,267 [RatisPipelineUtilsThread - 0] WARN  pipeline.BackgroundPipelineCreator (BackgroundPipelineCreator.java:run(180)) - RatisPipelineUtilsThread is interrupted.
2023-02-14 08:19:41,267 [BackgroundPipelineScrubberThread] WARN  BackgroundPipelineScrubber (BackgroundSCMService.java:run(115)) - BackgroundPipelineScrubber is interrupted, exit
2023-02-14 08:19:41,268 [Listener at 127.0.0.1/32845] INFO  BackgroundPipelineScrubber (BackgroundSCMService.java:stop(131)) - Stopping BackgroundPipelineScrubber Service.
2023-02-14 08:19:41,268 [Listener at 127.0.0.1/32845] INFO  impl.MetricsSystemImpl (MetricsSystemImpl.java:stop(210)) - Stopping HddsDatanode metrics system...
2023-02-14 08:19:41,271 [prometheus] INFO  impl.MetricsSinkAdapter (MetricsSinkAdapter.java:publishMetricsFromQueue(141)) - prometheus thread interrupted.
2023-02-14 08:19:41,274 [Listener at 127.0.0.1/32845] INFO  impl.MetricsSystemImpl (MetricsSystemImpl.java:stop(216)) - HddsDatanode metrics system stopped.
2023-02-14 08:19:41,274 [Listener at 127.0.0.1/32845] WARN  pipeline.BackgroundPipelineCreator (BackgroundPipelineCreator.java:stop(145)) - RatisPipelineUtilsThread is not running, just ignore.
2023-02-14 08:19:41,274 [Listener at 127.0.0.1/32845] INFO  BackgroundPipelineScrubber (BackgroundSCMService.java:stop(126)) - BackgroundPipelineScrubber Service is not running, skip stop.
2023-02-14 08:19:41,274 [Listener at 127.0.0.1/32845] INFO  ExpiredContainerReplicaOpScrubber (BackgroundSCMService.java:stop(131)) - Stopping ExpiredContainerReplicaOpScrubber Service.
2023-02-14 08:19:41,274 [ExpiredContainerReplicaOpScrubberThread] WARN  ExpiredContainerReplicaOpScrubber (BackgroundSCMService.java:run(115)) - ExpiredContainerReplicaOpScrubber is interrupted, exit
2023-02-14 08:19:41,274 [Listener at 127.0.0.1/32845] INFO  utils.BackgroundService (BackgroundService.java:shutdown(141)) - Shutting down service SCMBlockDeletingService
2023-02-14 08:19:41,275 [Listener at 127.0.0.1/32845] INFO  replication.ReplicationManager (ReplicationManager.java:stop(302)) - Replication Monitor Thread is not running.
2023-02-14 08:19:41,275 [Listener at 127.0.0.1/32845] WARN  balancer.ContainerBalancer (ContainerBalancer.java:stop(322)) - Cannot stop Container Balancer because it's not running or stopping
2023-02-14 08:19:41,275 [Listener at 127.0.0.1/32845] INFO  server.StorageContainerManager (StorageContainerManager.java:stop(1638)) - Stopping SCM MetadataStore.
2023-02-14 08:19:41,314 [Listener at 127.0.0.1/32845] WARN  server.ServerUtils (ServerUtils.java:getScmDbDir(148)) - ozone.scm.db.dirs is not configured. We recommend adding this setting. Falling back to ozone.metadata.dirs instead.
2023-02-14 08:19:41,316 [Listener at 127.0.0.1/32845] WARN  server.ServerUtils (ServerUtils.java:getScmDbDir(148)) - ozone.scm.db.dirs is not configured. We recommend adding this setting. Falling back to ozone.metadata.dirs instead.
2023-02-14 08:19:41,316 [Listener at 127.0.0.1/32845] INFO  ha.SCMHANodeDetails (SCMHANodeDetails.java:loadSCMHAConfig(209)) - ServiceID for StorageContainerManager is null
2023-02-14 08:19:41,316 [Listener at 127.0.0.1/32845] INFO  ha.SCMHANodeDetails (SCMHANodeDetails.java:loadSCMHAConfig(214)) - ozone.scm.default.service.id is not defined, falling back to ozone.scm.service.ids to find serviceID for StorageContainerManager if it is HA enabled cluster
2023-02-14 08:19:41,317 [Listener at 127.0.0.1/32845] WARN  utils.HAUtils (HAUtils.java:getMetaDir(342)) - ozone.scm.db.dirs is not configured. We recommend adding this setting. Falling back to ozone.metadata.dirs instead.
2023-02-14 08:19:41,317 [Listener at 127.0.0.1/32845] WARN  db.DBStoreBuilder (DBStoreBuilder.java:applyDBDefinition(172)) - ozone.scm.db.dirs is not configured. We recommend adding this setting. Falling back to ozone.metadata.dirs instead.
2023-02-14 08:19:41,396 [Listener at 127.0.0.1/32845] INFO  net.NodeSchemaLoader (NodeSchemaLoader.java:loadSchemaFromFile(129)) - Loading schema from [jar:file:/home/runner/.m2/repository/org/apache/ozone/hdds-common/1.4.0-SNAPSHOT/hdds-common-1.4.0-SNAPSHOT.jar!/network-topology-default.xml]
2023-02-14 08:19:41,397 [Listener at 127.0.0.1/32845] INFO  net.NodeSchemaLoader (NodeSchemaLoader.java:loadSchema(176)) - Loading network topology layer schema file
2023-02-14 08:19:41,399 [Listener at 127.0.0.1/32845] INFO  upgrade.AbstractLayoutVersionManager (AbstractLayoutVersionManager.java:init(83)) - Initializing Layout version manager with metadata layout = DATANODE_SCHEMA_V3 (version = 4), software layout = DATANODE_SCHEMA_V3 (version = 4)
2023-02-14 08:19:41,442 [Listener at 127.0.0.1/32845] INFO  reflections.Reflections (Reflections.java:scan(232)) - Reflections took 42 ms to scan 7 urls, producing 150 keys and 363 values 
2023-02-14 08:19:41,443 [Listener at 127.0.0.1/32845] INFO  ha.SequenceIdGenerator (SequenceIdGenerator.java:upgradeToSequenceId(349)) - upgrade localId to 111677748019200000
2023-02-14 08:19:41,444 [Listener at 127.0.0.1/32845] INFO  ha.SequenceIdGenerator (SequenceIdGenerator.java:upgradeToSequenceId(359)) - upgrade delTxnId to 0
2023-02-14 08:19:41,444 [Listener at 127.0.0.1/32845] INFO  ha.SequenceIdGenerator (SequenceIdGenerator.java:upgradeToSequenceId(376)) - upgrade containerId to 0
2023-02-14 08:19:41,444 [Listener at 127.0.0.1/32845] INFO  ha.SequenceIdGenerator (SequenceIdGenerator.java:<init>(220)) - Init the HA SequenceIdGenerator.
2023-02-14 08:19:41,444 [Listener at 127.0.0.1/32845] WARN  server.ServerUtils (ServerUtils.java:sanitizeUserArgs(73)) - ozone.scm.stale.node.interval value = 300000 is larger than max = 100000 based on the key value of ozone.scm.heartbeat.thread.interval, reset to the max value 100000.
2023-02-14 08:19:41,444 [Listener at 127.0.0.1/32845] WARN  server.ServerUtils (ServerUtils.java:sanitizeUserArgs(73)) - ozone.scm.stale.node.interval value = 300000 is larger than max = 100000 based on the key value of ozone.scm.heartbeat.thread.interval, reset to the max value 100000.
2023-02-14 08:19:41,446 [Listener at 127.0.0.1/32845] INFO  node.SCMNodeManager (SCMNodeManager.java:<init>(149)) - Entering startup safe mode.
2023-02-14 08:19:41,446 [Listener at 127.0.0.1/32845] INFO  algorithms.ContainerPlacementPolicyFactory (ContainerPlacementPolicyFactory.java:getPolicyInternal(86)) - Create container placement policy of type org.apache.hadoop.hdds.scm.container.placement.algorithms.SCMContainerPlacementRandom
2023-02-14 08:19:41,446 [Listener at 127.0.0.1/32845] INFO  algorithms.ContainerPlacementPolicyFactory (ContainerPlacementPolicyFactory.java:getPolicyInternal(86)) - Create container placement policy of type org.apache.hadoop.hdds.scm.container.placement.algorithms.SCMContainerPlacementRackScatter
2023-02-14 08:19:41,447 [Listener at 127.0.0.1/32845] INFO  pipeline.PipelineStateManagerImpl (PipelineStateManagerImpl.java:initialize(78)) - No pipeline exists in current db
2023-02-14 08:19:41,447 [Listener at 127.0.0.1/32845] INFO  algorithms.LeaderChoosePolicyFactory (LeaderChoosePolicyFactory.java:getPolicy(57)) - Create leader choose policy of type org.apache.hadoop.hdds.scm.pipeline.leader.choose.algorithms.MinLeaderCountChoosePolicy
2023-02-14 08:19:41,447 [Listener at 127.0.0.1/32845] INFO  algorithms.ContainerPlacementPolicyFactory (ContainerPlacementPolicyFactory.java:getPolicyInternal(86)) - Create container placement policy of type org.apache.hadoop.hdds.scm.container.placement.algorithms.SCMContainerPlacementRackScatter
2023-02-14 08:19:41,447 [Listener at 127.0.0.1/32845] INFO  ha.SCMServiceManager (SCMServiceManager.java:register(42)) - Registering service BackgroundPipelineCreator.
2023-02-14 08:19:41,447 [Listener at 127.0.0.1/32845] INFO  pipeline.BackgroundPipelineCreator (BackgroundPipelineCreator.java:start(124)) - Starting RatisPipelineUtilsThread.
2023-02-14 08:19:41,450 [Listener at 127.0.0.1/32845] INFO  BackgroundPipelineScrubber (BackgroundSCMService.java:start(68)) - Starting BackgroundPipelineScrubber Service.
2023-02-14 08:19:41,450 [Listener at 127.0.0.1/32845] INFO  ha.SCMServiceManager (SCMServiceManager.java:register(42)) - Registering service BackgroundPipelineScrubber.
2023-02-14 08:19:41,450 [Listener at 127.0.0.1/32845] INFO  ExpiredContainerReplicaOpScrubber (BackgroundSCMService.java:start(68)) - Starting ExpiredContainerReplicaOpScrubber Service.
2023-02-14 08:19:41,451 [Listener at 127.0.0.1/32845] INFO  ha.SCMServiceManager (SCMServiceManager.java:register(42)) - Registering service ExpiredContainerReplicaOpScrubber.
2023-02-14 08:19:41,452 [Listener at 127.0.0.1/32845] INFO  algorithms.PipelineChoosePolicyFactory (PipelineChoosePolicyFactory.java:createPipelineChoosePolicyFromClass(73)) - Create pipeline choose policy of type org.apache.hadoop.hdds.scm.pipeline.choose.algorithms.RandomPipelineChoosePolicy
2023-02-14 08:19:41,452 [Listener at 127.0.0.1/32845] INFO  ha.SCMServiceManager (SCMServiceManager.java:register(42)) - Registering service SCMBlockDeletingService.
2023-02-14 08:19:41,452 [Listener at 127.0.0.1/32845] INFO  replication.ReplicationManager (ReplicationManager.java:start(263)) - Starting Replication Monitor Thread.
2023-02-14 08:19:41,454 [Listener at 127.0.0.1/32845] INFO  ha.SCMServiceManager (SCMServiceManager.java:register(42)) - Registering service ReplicationManager.
2023-02-14 08:19:41,454 [Listener at 127.0.0.1/32845] INFO  safemode.ContainerSafeModeRule (ContainerSafeModeRule.java:<init>(89)) - containers with one replica threshold count 0
2023-02-14 08:19:41,454 [Listener at 127.0.0.1/32845] INFO  safemode.HealthyPipelineSafeModeRule (HealthyPipelineSafeModeRule.java:initializeRule(169)) - Total pipeline count is 0, healthy pipeline threshold count is 1
2023-02-14 08:19:41,455 [Listener at 127.0.0.1/32845] INFO  safemode.OneReplicaPipelineSafeModeRule (OneReplicaPipelineSafeModeRule.java:initializeRule(180)) - Total pipeline count is 0, pipeline's with at least one datanode reported threshold count is 0
2023-02-14 08:19:41,455 [Listener at 127.0.0.1/32845] INFO  ipc.CallQueueManager (CallQueueManager.java:<init>(90)) - Using callQueue: class java.util.concurrent.LinkedBlockingQueue, queueCapacity: 2000, scheduler: class org.apache.hadoop.ipc.DefaultRpcScheduler, ipcBackoff: false.
2023-02-14 08:19:41,456 [Socket Reader #1 for port 0] INFO  ipc.Server (Server.java:run(1273)) - Starting Socket Reader #1 for port 0
2023-02-14 08:19:41,456 [Listener at 0.0.0.0/34725] INFO  ipc.CallQueueManager (CallQueueManager.java:<init>(90)) - Using callQueue: class java.util.concurrent.LinkedBlockingQueue, queueCapacity: 2000, scheduler: class org.apache.hadoop.ipc.DefaultRpcScheduler, ipcBackoff: false.
2023-02-14 08:19:41,456 [Socket Reader #1 for port 0] INFO  ipc.Server (Server.java:run(1273)) - Starting Socket Reader #1 for port 0
2023-02-14 08:19:41,457 [Listener at 0.0.0.0/33463] INFO  ipc.CallQueueManager (CallQueueManager.java:<init>(90)) - Using callQueue: class java.util.concurrent.LinkedBlockingQueue, queueCapacity: 2000, scheduler: class org.apache.hadoop.ipc.DefaultRpcScheduler, ipcBackoff: false.
2023-02-14 08:19:41,458 [Socket Reader #1 for port 0] INFO  ipc.Server (Server.java:run(1273)) - Starting Socket Reader #1 for port 0
2023-02-14 08:19:41,460 [Listener at 0.0.0.0/37067] INFO  ha.SCMServiceManager (SCMServiceManager.java:register(42)) - Registering service ContainerBalancer.
2023-02-14 08:19:41,461 [Listener at 0.0.0.0/37067] INFO  server.StorageContainerManager (StorageContainerManager.java:<init>(401)) - 
Container Balancer status:
Key                            Value
Running                        true
Container Balancer Configuration values:
Key                                                Value
Threshold                                          10
Max Datanodes to Involve per Iteration(percent)    20
Max Size to Move per Iteration                     500GB
Max Size Entering Target per Iteration             26GB
Max Size Leaving Source per Iteration              26GB

2023-02-14 08:19:41,461 [Listener at 0.0.0.0/37067] INFO  ha.SCMContext (SCMContext.java:updateSafeModeStatus(228)) - Update SafeModeStatus from SafeModeStatus{safeModeStatus=true, preCheckPassed=false} to SafeModeStatus{safeModeStatus=true, preCheckPassed=false}.
2023-02-14 08:19:41,461 [Listener at 0.0.0.0/37067] INFO  server.StorageContainerManager (StorageContainerManager.java:start(1435)) - StorageContainerLocationProtocol RPC server is listening at /0.0.0.0:37067
2023-02-14 08:19:41,462 [Listener at 0.0.0.0/37067] WARN  impl.MetricsConfig (MetricsConfig.java:loadFirst(136)) - Cannot locate configuration: tried hadoop-metrics2-storagecontainermanager.properties,hadoop-metrics2.properties
2023-02-14 08:19:41,463 [ReplicationMonitor] INFO  replication.ReplicationManager (ReplicationManager.java:processAll(334)) - Replication Manager is not ready to run until 3000ms after safemode exit
2023-02-14 08:19:41,463 [Listener at 0.0.0.0/37067] INFO  impl.MetricsSystemImpl (MetricsSystemImpl.java:startTimer(378)) - Scheduled Metric snapshot period at 10 second(s).
2023-02-14 08:19:41,463 [Listener at 0.0.0.0/37067] INFO  impl.MetricsSystemImpl (MetricsSystemImpl.java:start(191)) - StorageContainerManager metrics system started
2023-02-14 08:19:41,465 [Listener at 0.0.0.0/37067] INFO  impl.MetricsSinkAdapter (MetricsSinkAdapter.java:start(204)) - Sink prometheus started
2023-02-14 08:19:41,465 [Listener at 0.0.0.0/37067] INFO  impl.MetricsSystemImpl (MetricsSystemImpl.java:registerSink(305)) - Registered sink prometheus
2023-02-14 08:19:41,479 [Listener at 0.0.0.0/37067] INFO  server.SCMClientProtocolServer (SCMClientProtocolServer.java:start(169)) - RPC server for Client  is listening at /0.0.0.0:37067
2023-02-14 08:19:41,479 [IPC Server Responder] INFO  ipc.Server (Server.java:run(1512)) - IPC Server Responder: starting
2023-02-14 08:19:41,480 [IPC Server listener on 0] INFO  ipc.Server (Server.java:run(1352)) - IPC Server listener on 0: starting
2023-02-14 08:19:41,482 [Listener at 0.0.0.0/37067] INFO  server.StorageContainerManager (StorageContainerManager.java:start(1449)) - ScmBlockLocationProtocol RPC server is listening at /0.0.0.0:33463
2023-02-14 08:19:41,482 [Listener at 0.0.0.0/37067] INFO  server.SCMBlockProtocolServer (SCMBlockProtocolServer.java:start(152)) - RPC server for Block Protocol is listening at /0.0.0.0:33463
2023-02-14 08:19:41,482 [IPC Server Responder] INFO  ipc.Server (Server.java:run(1512)) - IPC Server Responder: starting
2023-02-14 08:19:41,482 [IPC Server listener on 0] INFO  ipc.Server (Server.java:run(1352)) - IPC Server listener on 0: starting
2023-02-14 08:19:41,484 [Listener at 0.0.0.0/37067] INFO  server.SCMDatanodeProtocolServer (SCMDatanodeProtocolServer.java:start(193)) - ScmDatanodeProtocol RPC server for DataNodes is listening at /0.0.0.0:34725
2023-02-14 08:19:41,485 [IPC Server Responder] INFO  ipc.Server (Server.java:run(1512)) - IPC Server Responder: starting
2023-02-14 08:19:41,485 [IPC Server listener on 0] INFO  ipc.Server (Server.java:run(1352)) - IPC Server listener on 0: starting
2023-02-14 08:19:41,489 [Listener at 0.0.0.0/37067] INFO  http.BaseHttpServer (BaseHttpServer.java:newHttpServer2BuilderForOzone(213)) - Starting Web-server for scm at: http://0.0.0.0:0
2023-02-14 08:19:41,489 [Listener at 0.0.0.0/37067] INFO  http.BaseHttpServer (BaseHttpServer.java:<init>(108)) - Hadoop Security Enabled: false Ozone Security Enabled: false Ozone HTTP Security Enabled: false 
2023-02-14 08:19:41,490 [Listener at 0.0.0.0/37067] WARN  server.AuthenticationFilter (AuthenticationFilter.java:constructSecretProvider(240)) - Unable to initialize FileSignerSecretProvider, falling back to use random secrets. Reason: Could not read signature secret file: /home/runner/hadoop-http-auth-signature-secret
2023-02-14 08:19:41,491 [org.apache.hadoop.util.JvmPauseMonitor$Monitor@1d202648] INFO  util.JvmPauseMonitor (JvmPauseMonitor.java:run(188)) - Starting JVM pause monitor
2023-02-14 08:19:41,491 [Listener at 0.0.0.0/37067] WARN  http.HttpRequestLog (HttpRequestLog.java:getRequestLog(103)) - Jetty request log can only be enabled using Log4j
2023-02-14 08:19:41,492 [Listener at 0.0.0.0/37067] INFO  http.HttpServer2 (HttpServer2.java:addGlobalFilter(1031)) - Added global filter 'safety' (class=org.apache.hadoop.hdds.server.http.HttpServer2$QuotingInputFilter)
2023-02-14 08:19:41,492 [Listener at 0.0.0.0/37067] INFO  http.HttpServer2 (HttpServer2.java:addFilter(1007)) - Added filter static_user_filter (class=org.apache.hadoop.http.lib.StaticUserWebFilter$StaticUserFilter) to context scm
2023-02-14 08:19:41,492 [Listener at 0.0.0.0/37067] INFO  http.HttpServer2 (HttpServer2.java:addFilter(1015)) - Added filter static_user_filter (class=org.apache.hadoop.http.lib.StaticUserWebFilter$StaticUserFilter) to context logs
2023-02-14 08:19:41,493 [Listener at 0.0.0.0/37067] INFO  http.HttpServer2 (HttpServer2.java:addFilter(1015)) - Added filter static_user_filter (class=org.apache.hadoop.http.lib.StaticUserWebFilter$StaticUserFilter) to context static
2023-02-14 08:19:41,493 [Listener at 0.0.0.0/37067] INFO  http.HttpServer2 (HttpServer2.java:bindListener(1250)) - Jetty bound to port 45723
2023-02-14 08:19:41,493 [Listener at 0.0.0.0/37067] INFO  server.Server (Server.java:doStart(375)) - jetty-9.4.49.v20220914; built: 2022-09-14T01:07:36.601Z; git: 4231a3b2e4cb8548a412a789936d640a97b1aa0a; jvm 1.8.0_362-b09
2023-02-14 08:19:41,494 [Listener at 0.0.0.0/37067] INFO  server.session (DefaultSessionIdManager.java:doStart(334)) - DefaultSessionIdManager workerName=node0
2023-02-14 08:19:41,495 [Listener at 0.0.0.0/37067] INFO  server.session (DefaultSessionIdManager.java:doStart(339)) - No SessionScavenger set, using defaults
2023-02-14 08:19:41,495 [Listener at 0.0.0.0/37067] INFO  server.session (HouseKeeper.java:startScavenging(132)) - node0 Scavenging every 600000ms
2023-02-14 08:19:41,495 [Listener at 0.0.0.0/37067] INFO  handler.ContextHandler (ContextHandler.java:doStart(921)) - Started o.e.j.s.ServletContextHandler@7370c0c0{logs,/logs,file:///home/runner/work/ozone/ozone/hadoop-ozone/integration-test/target/log,AVAILABLE}
2023-02-14 08:19:41,496 [Listener at 0.0.0.0/37067] INFO  handler.ContextHandler (ContextHandler.java:doStart(921)) - Started o.e.j.s.ServletContextHandler@1445fca9{static,/static,file:///home/runner/work/ozone/ozone/hadoop-ozone/integration-test/target/test-classes/webapps/static,AVAILABLE}
2023-02-14 08:19:41,498 [Listener at 0.0.0.0/37067] INFO  handler.ContextHandler (ContextHandler.java:doStart(921)) - Started o.e.j.w.WebAppContext@3f26d961{scm,/,file:///home/runner/work/ozone/ozone/hadoop-ozone/integration-test/target/test-classes/webapps/scm/,AVAILABLE}{file:/home/runner/work/ozone/ozone/hadoop-ozone/integration-test/target/test-classes/webapps/scm}
2023-02-14 08:19:41,502 [Listener at 0.0.0.0/37067] INFO  server.AbstractConnector (AbstractConnector.java:doStart(333)) - Started ServerConnector@2f5f7438{HTTP/1.1, (http/1.1)}{0.0.0.0:45723}
2023-02-14 08:19:41,502 [Listener at 0.0.0.0/37067] INFO  server.Server (Server.java:doStart(415)) - Started @157578ms
2023-02-14 08:19:41,502 [Listener at 0.0.0.0/37067] WARN  impl.MetricsSystemImpl (MetricsSystemImpl.java:register(279)) - Sink prometheus already exists!
2023-02-14 08:19:41,503 [Listener at 0.0.0.0/37067] INFO  http.BaseHttpServer (BaseHttpServer.java:updateConnectorAddress(333)) - HTTP server of scm listening at http://0.0.0.0:45723
2023-02-14 08:19:41,503 [Listener at 0.0.0.0/37067] WARN  server.ServerUtils (ServerUtils.java:getDBPath(225)) - ozone.om.db.dirs is not configured. We recommend adding this setting. Falling back to ozone.metadata.dirs instead.
2023-02-14 08:19:41,504 [Listener at 0.0.0.0/37067] INFO  ha.OMHANodeDetails (OMHANodeDetails.java:loadOMHAConfig(115)) - ozone.om.internal.service.id is not defined, falling back to ozone.om.service.ids to find serviceID for OzoneManager if it is HA enabled cluster
2023-02-14 08:19:41,504 [Listener at 0.0.0.0/37067] INFO  ha.OMHANodeDetails (OMHANodeDetails.java:loadOMHAConfig(226)) - Configuration does not have ozone.om.address set. Falling back to the default OM address /127.0.0.1:0
2023-02-14 08:19:41,504 [Listener at 0.0.0.0/37067] INFO  ha.OMHANodeDetails (OMHANodeDetails.java:getOMNodeDetailsForNonHA(254)) - OM Service ID is not set. Setting it to the default ID: omServiceIdDefault
2023-02-14 08:19:41,504 [Listener at 0.0.0.0/37067] INFO  ha.OMHANodeDetails (OMHANodeDetails.java:getOMNodeDetailsForNonHA(261)) - OM Node ID is not set. Setting it to the default ID: om1
2023-02-14 08:19:41,504 [Listener at 0.0.0.0/37067] WARN  server.ServerUtils (ServerUtils.java:getDBPath(225)) - ozone.om.db.dirs is not configured. We recommend adding this setting. Falling back to ozone.metadata.dirs instead.
2023-02-14 08:19:41,506 [Listener at 0.0.0.0/37067] INFO  upgrade.AbstractLayoutVersionManager (AbstractLayoutVersionManager.java:init(83)) - Initializing Layout version manager with metadata layout = MULTITENANCY_SCHEMA (version = 3), software layout = MULTITENANCY_SCHEMA (version = 3)
2023-02-14 08:19:41,580 [Listener at 0.0.0.0/37067] INFO  reflections.Reflections (Reflections.java:scan(232)) - Reflections took 74 ms to scan 2 urls, producing 162 keys and 450 values [using 2 cores]
2023-02-14 08:19:41,580 [Listener at 0.0.0.0/37067] INFO  upgrade.OMLayoutVersionManager (OMLayoutVersionManager.java:lambda$0(115)) - Skipping Upgrade Action MockOmUpgradeAction since it has been finalized.
2023-02-14 08:19:41,581 [Listener at 0.0.0.0/37067] WARN  server.ServerUtils (ServerUtils.java:getDBPath(225)) - ozone.om.db.dirs is not configured. We recommend adding this setting. Falling back to ozone.metadata.dirs instead.
2023-02-14 08:19:41,581 [Listener at 0.0.0.0/37067] INFO  proxy.SCMBlockLocationFailoverProxyProvider (SCMBlockLocationFailoverProxyProvider.java:<init>(114)) - Created block location fail-over proxy with 1 nodes: [nodeId=scmNodeId,nodeAddress=/0.0.0.0:33463]
2023-02-14 08:19:41,582 [Listener at 0.0.0.0/37067] INFO  proxy.SCMBlockLocationFailoverProxyProvider (SCMBlockLocationFailoverProxyProvider.java:<init>(114)) - Created block location fail-over proxy with 1 nodes: [nodeId=scmNodeId,nodeAddress=/0.0.0.0:33463]
2023-02-14 08:19:41,586 [Listener at 0.0.0.0/37067] INFO  om.OzoneManager (OzoneManager.java:<init>(615)) - OM start with adminUsers: [runner]
2023-02-14 08:19:41,587 [Listener at 0.0.0.0/37067] WARN  server.ServerUtils (ServerUtils.java:getDBPath(225)) - ozone.om.db.dirs is not configured. We recommend adding this setting. Falling back to ozone.metadata.dirs instead.
2023-02-14 08:19:41,587 [Listener at 0.0.0.0/37067] INFO  codec.OmKeyInfoCodec (OmKeyInfoCodec.java:<init>(49)) - OmKeyInfoCodec ignorePipeline = true
2023-02-14 08:19:41,587 [Listener at 0.0.0.0/37067] INFO  codec.RepeatedOmKeyInfoCodec (RepeatedOmKeyInfoCodec.java:<init>(41)) - RepeatedOmKeyInfoCodec ignorePipeline = true
2023-02-14 08:19:41,716 [Listener at 0.0.0.0/37067] INFO  om.OzoneManager (OzoneManager.java:instantiateServices(745)) - S3 Multi-Tenancy is disabled
2023-02-14 08:19:41,717 [Listener at 0.0.0.0/37067] INFO  om.OzoneManager (OzoneManager.java:addS3GVolumeToDB(4172)) - Created Volume s3v With Owner runner required for S3Gateway operations.
2023-02-14 08:19:41,717 [Listener at 0.0.0.0/37067] INFO  om.OzoneManager (OzoneManager.java:getRpcServer(1128)) - Creating RPC Server
2023-02-14 08:19:42,029 [Listener at 0.0.0.0/37067] INFO  reflections.Reflections (Reflections.java:scan(232)) - Reflections took 311 ms to scan 19 urls, producing 69 keys and 4763 values [using 2 cores]
2023-02-14 08:19:42,031 [Listener at 0.0.0.0/37067] INFO  ipc.CallQueueManager (CallQueueManager.java:<init>(90)) - Using callQueue: class java.util.concurrent.LinkedBlockingQueue, queueCapacity: 2000, scheduler: class org.apache.hadoop.ipc.DefaultRpcScheduler, ipcBackoff: false.
2023-02-14 08:19:42,031 [Socket Reader #1 for port 0] INFO  ipc.Server (Server.java:run(1273)) - Starting Socket Reader #1 for port 0
2023-02-14 08:19:42,047 [Listener at 127.0.0.1/42497] INFO  impl.MetricsSystemImpl (MetricsSystemImpl.java:init(158)) - OzoneManager metrics system started (again)
2023-02-14 08:19:42,056 [Listener at 127.0.0.1/42497] INFO  om.OzoneManager (OzoneManager.java:start(1548)) - OzoneManager RPC server is listening at localhost/127.0.0.1:42497
2023-02-14 08:19:42,057 [Listener at 127.0.0.1/42497] INFO  om.OzoneManager (OzoneManager.java:start(1564)) - Version File has different layout version (3) than OM DB (null). That is expected if this OM has never been finalized to a newer layout version.
2023-02-14 08:19:42,059 [Listener at 127.0.0.1/42497] INFO  http.BaseHttpServer (BaseHttpServer.java:newHttpServer2BuilderForOzone(213)) - Starting Web-server for ozoneManager at: http://0.0.0.0:0
2023-02-14 08:19:42,059 [Listener at 127.0.0.1/42497] INFO  http.BaseHttpServer (BaseHttpServer.java:<init>(108)) - Hadoop Security Enabled: false Ozone Security Enabled: false Ozone HTTP Security Enabled: false 
2023-02-14 08:19:42,060 [Listener at 127.0.0.1/42497] WARN  server.AuthenticationFilter (AuthenticationFilter.java:constructSecretProvider(240)) - Unable to initialize FileSignerSecretProvider, falling back to use random secrets. Reason: Could not read signature secret file: /home/runner/hadoop-http-auth-signature-secret
2023-02-14 08:19:42,061 [Listener at 127.0.0.1/42497] WARN  http.HttpRequestLog (HttpRequestLog.java:getRequestLog(103)) - Jetty request log can only be enabled using Log4j
2023-02-14 08:19:42,062 [Listener at 127.0.0.1/42497] INFO  http.HttpServer2 (HttpServer2.java:addGlobalFilter(1031)) - Added global filter 'safety' (class=org.apache.hadoop.hdds.server.http.HttpServer2$QuotingInputFilter)
2023-02-14 08:19:42,063 [Listener at 127.0.0.1/42497] INFO  http.HttpServer2 (HttpServer2.java:addFilter(1007)) - Added filter static_user_filter (class=org.apache.hadoop.http.lib.StaticUserWebFilter$StaticUserFilter) to context ozoneManager
2023-02-14 08:19:42,063 [Listener at 127.0.0.1/42497] INFO  http.HttpServer2 (HttpServer2.java:addFilter(1015)) - Added filter static_user_filter (class=org.apache.hadoop.http.lib.StaticUserWebFilter$StaticUserFilter) to context static
2023-02-14 08:19:42,063 [Listener at 127.0.0.1/42497] INFO  http.HttpServer2 (HttpServer2.java:addFilter(1015)) - Added filter static_user_filter (class=org.apache.hadoop.http.lib.StaticUserWebFilter$StaticUserFilter) to context logs
2023-02-14 08:19:42,063 [Listener at 127.0.0.1/42497] INFO  http.HttpServer2 (HttpServer2.java:bindListener(1250)) - Jetty bound to port 41581
2023-02-14 08:19:42,063 [Listener at 127.0.0.1/42497] INFO  server.Server (Server.java:doStart(375)) - jetty-9.4.49.v20220914; built: 2022-09-14T01:07:36.601Z; git: 4231a3b2e4cb8548a412a789936d640a97b1aa0a; jvm 1.8.0_362-b09
2023-02-14 08:19:42,067 [Listener at 127.0.0.1/42497] INFO  server.session (DefaultSessionIdManager.java:doStart(334)) - DefaultSessionIdManager workerName=node0
2023-02-14 08:19:42,067 [Listener at 127.0.0.1/42497] INFO  server.session (DefaultSessionIdManager.java:doStart(339)) - No SessionScavenger set, using defaults
2023-02-14 08:19:42,067 [Listener at 127.0.0.1/42497] INFO  server.session (HouseKeeper.java:startScavenging(132)) - node0 Scavenging every 600000ms
2023-02-14 08:19:42,067 [Listener at 127.0.0.1/42497] INFO  handler.ContextHandler (ContextHandler.java:doStart(921)) - Started o.e.j.s.ServletContextHandler@372e0f78{logs,/logs,file:///home/runner/work/ozone/ozone/hadoop-ozone/integration-test/target/log,AVAILABLE}
2023-02-14 08:19:42,068 [Listener at 127.0.0.1/42497] INFO  handler.ContextHandler (ContextHandler.java:doStart(921)) - Started o.e.j.s.ServletContextHandler@1faca978{static,/static,file:///home/runner/work/ozone/ozone/hadoop-ozone/integration-test/target/test-classes/webapps/static,AVAILABLE}
2023-02-14 08:19:42,070 [Listener at 127.0.0.1/42497] INFO  handler.ContextHandler (ContextHandler.java:doStart(921)) - Started o.e.j.w.WebAppContext@4d70fc3c{ozoneManager,/,file:///home/runner/work/ozone/ozone/hadoop-ozone/integration-test/target/test-classes/webapps/ozoneManager/,AVAILABLE}{file:/home/runner/work/ozone/ozone/hadoop-ozone/integration-test/target/test-classes/webapps/ozoneManager}
2023-02-14 08:19:42,071 [Listener at 127.0.0.1/42497] INFO  server.AbstractConnector (AbstractConnector.java:doStart(333)) - Started ServerConnector@1d167768{HTTP/1.1, (http/1.1)}{0.0.0.0:41581}
2023-02-14 08:19:42,072 [Listener at 127.0.0.1/42497] INFO  server.Server (Server.java:doStart(415)) - Started @158148ms
2023-02-14 08:19:42,072 [Listener at 127.0.0.1/42497] WARN  impl.MetricsSystemImpl (MetricsSystemImpl.java:register(279)) - Sink prometheus already exists!
2023-02-14 08:19:42,072 [Listener at 127.0.0.1/42497] INFO  http.BaseHttpServer (BaseHttpServer.java:updateConnectorAddress(333)) - HTTP server of ozoneManager listening at http://0.0.0.0:41581
2023-02-14 08:19:42,072 [IPC Server Responder] INFO  ipc.Server (Server.java:run(1512)) - IPC Server Responder: starting
2023-02-14 08:19:42,073 [IPC Server listener on 0] INFO  ipc.Server (Server.java:run(1352)) - IPC Server listener on 0: starting
2023-02-14 08:19:42,077 [Listener at 127.0.0.1/42497] INFO  om.TrashPolicyOzone (TrashPolicyOzone.java:<init>(277)) - Ozone Manager trash configuration: Deletion interval = 0 minutes, Emptier interval = 0 minutes.
2023-02-14 08:19:42,077 [org.apache.hadoop.util.JvmPauseMonitor$Monitor@50d519a1] INFO  util.JvmPauseMonitor (JvmPauseMonitor.java:run(188)) - Starting JVM pause monitor
2023-02-14 08:19:42,098 [Listener at 127.0.0.1/42497] INFO  impl.MetricsSystemImpl (MetricsSystemImpl.java:init(158)) - HddsDatanode metrics system started (again)
2023-02-14 08:19:42,114 [Listener at 127.0.0.1/42497] INFO  ozone.HddsDatanodeService (HddsDatanodeService.java:start(228)) - HddsDatanodeService host:fv-az476-382.2mevl5kwmm3ezivwarakluutxb.phxx.internal.cloudapp.net ip:10.1.0.19
2023-02-14 08:19:42,130 [Listener at 127.0.0.1/42497] INFO  upgrade.AbstractLayoutVersionManager (AbstractLayoutVersionManager.java:init(83)) - Initializing Layout version manager with metadata layout = DATANODE_SCHEMA_V3 (version = 4), software layout = DATANODE_SCHEMA_V3 (version = 4)
2023-02-14 08:19:42,174 [Listener at 127.0.0.1/42497] INFO  reflections.Reflections (Reflections.java:scan(232)) - Reflections took 43 ms to scan 7 urls, producing 150 keys and 363 values 
2023-02-14 08:19:42,176 [Listener at 127.0.0.1/42497] INFO  statemachine.DatanodeStateMachine (DatanodeStateMachine.java:getEndPointTaskThreadPoolSize(260)) - Datanode State Machine Task Thread Pool size 2
2023-02-14 08:19:42,178 [Listener at 127.0.0.1/42497] INFO  volume.HddsVolume (HddsVolume.java:<init>(122)) - Creating HddsVolume: /home/runner/work/ozone/ozone/hadoop-ozone/integration-test/target/test-dir/MiniOzoneClusterImpl-9d03416f-dff1-44af-a51b-f90497d61693/datanode-0/data-0/containers/hdds of storage type : DISK capacity : 9223372036854775807
2023-02-14 08:19:42,179 [Listener at 127.0.0.1/42497] INFO  volume.MutableVolumeSet (MutableVolumeSet.java:initializeVolumeSet(174)) - Added Volume : /home/runner/work/ozone/ozone/hadoop-ozone/integration-test/target/test-dir/MiniOzoneClusterImpl-9d03416f-dff1-44af-a51b-f90497d61693/datanode-0/data-0/containers/hdds to VolumeSet
2023-02-14 08:19:42,179 [Listener at 127.0.0.1/42497] INFO  volume.ThrottledAsyncChecker (ThrottledAsyncChecker.java:schedule(141)) - Scheduling a check for /home/runner/work/ozone/ozone/hadoop-ozone/integration-test/target/test-dir/MiniOzoneClusterImpl-9d03416f-dff1-44af-a51b-f90497d61693/datanode-0/data-0/containers/hdds
2023-02-14 08:19:42,180 [Listener at 127.0.0.1/42497] INFO  volume.StorageVolumeChecker (StorageVolumeChecker.java:checkAllVolumes(202)) - Scheduled health check for volume /home/runner/work/ozone/ozone/hadoop-ozone/integration-test/target/test-dir/MiniOzoneClusterImpl-9d03416f-dff1-44af-a51b-f90497d61693/datanode-0/data-0/containers/hdds
2023-02-14 08:19:42,190 [Listener at 127.0.0.1/42497] INFO  volume.MutableVolumeSet (MutableVolumeSet.java:initializeVolumeSet(174)) - Added Volume : /home/runner/work/ozone/ozone/hadoop-ozone/integration-test/target/test-dir/MiniOzoneClusterImpl-9d03416f-dff1-44af-a51b-f90497d61693/datanode-0/data/ratis to VolumeSet
2023-02-14 08:19:42,190 [Listener at 127.0.0.1/42497] INFO  volume.ThrottledAsyncChecker (ThrottledAsyncChecker.java:schedule(141)) - Scheduling a check for /home/runner/work/ozone/ozone/hadoop-ozone/integration-test/target/test-dir/MiniOzoneClusterImpl-9d03416f-dff1-44af-a51b-f90497d61693/datanode-0/data/ratis
2023-02-14 08:19:42,190 [Listener at 127.0.0.1/42497] INFO  volume.StorageVolumeChecker (StorageVolumeChecker.java:checkAllVolumes(202)) - Scheduled health check for volume /home/runner/work/ozone/ozone/hadoop-ozone/integration-test/target/test-dir/MiniOzoneClusterImpl-9d03416f-dff1-44af-a51b-f90497d61693/datanode-0/data/ratis
2023-02-14 08:19:42,202 [Thread-1425] INFO  ozoneimpl.ContainerReader (ContainerReader.java:readVolume(175)) - Finish verifying containers on volume /home/runner/work/ozone/ozone/hadoop-ozone/integration-test/target/test-dir/MiniOzoneClusterImpl-9d03416f-dff1-44af-a51b-f90497d61693/datanode-0/data-0/containers/hdds
2023-02-14 08:19:42,202 [Listener at 127.0.0.1/42497] INFO  ozoneimpl.OzoneContainer (OzoneContainer.java:buildContainerSet(304)) - Build ContainerSet costs 0s
2023-02-14 08:19:42,204 [Listener at 127.0.0.1/42497] INFO  server.RaftServer (ConfUtils.java:logGet(46)) - raft.rpc.type = GRPC (default)
2023-02-14 08:19:42,204 [Listener at 127.0.0.1/42497] INFO  grpc.GrpcConfigKeys (ConfUtils.java:logFallback(53)) - raft.grpc.admin.host = null (fallback to raft.grpc.server.host)
2023-02-14 08:19:42,204 [Listener at 127.0.0.1/42497] INFO  grpc.GrpcConfigKeys (ConfUtils.java:logGet(46)) - raft.grpc.admin.port = 0 (custom)
2023-02-14 08:19:42,204 [Listener at 127.0.0.1/42497] INFO  grpc.GrpcConfigKeys (ConfUtils.java:logFallback(53)) - raft.grpc.client.host = null (fallback to raft.grpc.server.host)
2023-02-14 08:19:42,204 [Listener at 127.0.0.1/42497] INFO  grpc.GrpcConfigKeys (ConfUtils.java:logGet(46)) - raft.grpc.client.port = 0 (custom)
2023-02-14 08:19:42,204 [Listener at 127.0.0.1/42497] INFO  grpc.GrpcConfigKeys (ConfUtils.java:logGet(46)) - raft.grpc.server.host = null (default)
2023-02-14 08:19:42,204 [Listener at 127.0.0.1/42497] INFO  grpc.GrpcConfigKeys (ConfUtils.java:logGet(46)) - raft.grpc.server.port = 0 (default)
2023-02-14 08:19:42,204 [Listener at 127.0.0.1/42497] INFO  server.GrpcService (ConfUtils.java:logGet(46)) - raft.grpc.message.size.max = 32MB (=33554432) (custom)
2023-02-14 08:19:42,205 [Listener at 127.0.0.1/42497] INFO  server.RaftServerConfigKeys (ConfUtils.java:logGet(46)) - raft.server.log.appender.buffer.byte-limit = 33554432 (custom)
2023-02-14 08:19:42,205 [Listener at 127.0.0.1/42497] INFO  server.GrpcService (ConfUtils.java:logGet(46)) - raft.grpc.flow.control.window = 5MB (=5242880) (custom)
2023-02-14 08:19:42,205 [Listener at 127.0.0.1/42497] INFO  server.RaftServerConfigKeys (ConfUtils.java:logGet(46)) - raft.server.rpc.request.timeout = 60s (custom)
2023-02-14 08:19:42,205 [Listener at 127.0.0.1/42497] INFO  grpc.GrpcConfigKeys (ConfUtils.java:logGet(46)) - raft.grpc.server.heartbeat.channel = true (default)
2023-02-14 08:19:42,205 [Listener at 127.0.0.1/42497] INFO  grpc.GrpcConfigKeys (ConfUtils.java:logGet(46)) - raft.grpc.server.async.request.thread.pool.cached = true (default)
2023-02-14 08:19:42,205 [Listener at 127.0.0.1/42497] INFO  grpc.GrpcConfigKeys (ConfUtils.java:logGet(46)) - raft.grpc.server.async.request.thread.pool.size = 32 (default)
2023-02-14 08:19:42,206 [Listener at 127.0.0.1/42497] INFO  impl.DataStreamServerImpl (ConfUtils.java:logGet(46)) - raft.datastream.type = NETTY (custom)
2023-02-14 08:19:42,206 [Listener at 127.0.0.1/42497] INFO  server.RaftServerConfigKeys (ConfUtils.java:logGet(46)) - raft.server.data-stream.async.request.thread.pool.cached = false (default)
2023-02-14 08:19:42,206 [Listener at 127.0.0.1/42497] INFO  server.RaftServerConfigKeys (ConfUtils.java:logGet(46)) - raft.server.data-stream.async.request.thread.pool.size = 20 (custom)
2023-02-14 08:19:42,207 [Listener at 127.0.0.1/42497] INFO  server.RaftServerConfigKeys (ConfUtils.java:logGet(46)) - raft.server.data-stream.async.write.thread.pool.size = 16 (default)
2023-02-14 08:19:42,207 [Listener at 127.0.0.1/42497] INFO  server.RaftServerConfigKeys (ConfUtils.java:logGet(46)) - raft.server.data-stream.client.pool.size = 10 (default)
2023-02-14 08:19:42,207 [Listener at 127.0.0.1/42497] INFO  netty.NettyConfigKeys$DataStream (ConfUtils.java:logGet(46)) - raft.netty.dataStream.server.use-epoll = false (default)
2023-02-14 08:19:42,207 [Listener at 127.0.0.1/42497] INFO  netty.NettyConfigKeys$DataStream (ConfUtils.java:logGet(46)) - raft.netty.dataStream.server.boss-group.size = 0 (default)
2023-02-14 08:19:42,207 [Listener at 127.0.0.1/42497] INFO  netty.NettyConfigKeys$DataStream (ConfUtils.java:logGet(46)) - raft.netty.dataStream.server.worker-group.size = 0 (default)
2023-02-14 08:19:42,207 [Listener at 127.0.0.1/42497] INFO  netty.NettyConfigKeys$DataStream (ConfUtils.java:logGet(46)) - raft.netty.dataStream.server.tls.conf = null (default)
2023-02-14 08:19:42,207 [Listener at 127.0.0.1/42497] INFO  netty.NettyConfigKeys$DataStream (ConfUtils.java:logGet(46)) - raft.netty.dataStream.host = null (default)
2023-02-14 08:19:42,208 [Listener at 127.0.0.1/42497] INFO  netty.NettyConfigKeys$DataStream (ConfUtils.java:logGet(46)) - raft.netty.dataStream.port = 0 (default)
2023-02-14 08:19:42,208 [Listener at 127.0.0.1/42497] INFO  server.RaftServerConfigKeys (ConfUtils.java:logGet(46)) - raft.server.threadpool.proxy.cached = true (default)
2023-02-14 08:19:42,209 [Listener at 127.0.0.1/42497] INFO  server.RaftServerConfigKeys (ConfUtils.java:logGet(46)) - raft.server.threadpool.proxy.size = 0 (default)
2023-02-14 08:19:42,209 [Listener at 127.0.0.1/42497] INFO  server.RaftServerConfigKeys (ConfUtils.java:logGet(46)) - raft.server.rpc.slowness.timeout = 300s (custom)
2023-02-14 08:19:42,209 [Listener at 127.0.0.1/42497] INFO  server.RaftServerConfigKeys (ConfUtils.java:logGet(46)) - raft.server.leaderelection.leader.step-down.wait-time = 10s (default)
2023-02-14 08:19:42,209 [Listener at 127.0.0.1/42497] INFO  server.RaftServerConfigKeys (ConfUtils.java:logGet(46)) - raft.server.storage.dir = [/home/runner/work/ozone/ozone/hadoop-ozone/integration-test/target/test-dir/MiniOzoneClusterImpl-9d03416f-dff1-44af-a51b-f90497d61693/datanode-0/data/ratis] (custom)
2023-02-14 08:19:42,209 [41c129e8-6aab-4c9d-a285-58cf14387518-NettyServerStreamRpc-bossGroup--thread1] INFO  logging.LoggingHandler (AbstractInternalLogger.java:log(148)) - [id: 0xbb1dc52b] REGISTERED
2023-02-14 08:19:42,209 [41c129e8-6aab-4c9d-a285-58cf14387518-NettyServerStreamRpc-bossGroup--thread1] INFO  logging.LoggingHandler (AbstractInternalLogger.java:log(148)) - [id: 0xbb1dc52b] BIND: 0.0.0.0/0.0.0.0:0
2023-02-14 08:19:42,210 [41c129e8-6aab-4c9d-a285-58cf14387518-NettyServerStreamRpc-bossGroup--thread1] INFO  logging.LoggingHandler (AbstractInternalLogger.java:log(148)) - [id: 0xbb1dc52b, L:/0:0:0:0:0:0:0:0:37525] ACTIVE
2023-02-14 08:19:42,211 [Listener at 127.0.0.1/42497] INFO  server.XceiverServerGrpc (XceiverServerGrpc.java:<init>(132)) - GrpcServer channel type EpollServerSocketChannel
2023-02-14 08:19:42,216 [Listener at 127.0.0.1/42497] INFO  http.BaseHttpServer (BaseHttpServer.java:newHttpServer2BuilderForOzone(213)) - Starting Web-server for hddsDatanode at: http://0.0.0.0:0
2023-02-14 08:19:42,216 [Listener at 127.0.0.1/42497] INFO  http.BaseHttpServer (BaseHttpServer.java:<init>(108)) - Hadoop Security Enabled: false Ozone Security Enabled: false Ozone HTTP Security Enabled: false 
2023-02-14 08:19:42,217 [Listener at 127.0.0.1/42497] WARN  server.AuthenticationFilter (AuthenticationFilter.java:constructSecretProvider(240)) - Unable to initialize FileSignerSecretProvider, falling back to use random secrets. Reason: Could not read signature secret file: /home/runner/hadoop-http-auth-signature-secret
2023-02-14 08:19:42,218 [Listener at 127.0.0.1/42497] WARN  http.HttpRequestLog (HttpRequestLog.java:getRequestLog(103)) - Jetty request log can only be enabled using Log4j
2023-02-14 08:19:42,219 [Listener at 127.0.0.1/42497] INFO  http.HttpServer2 (HttpServer2.java:addGlobalFilter(1031)) - Added global filter 'safety' (class=org.apache.hadoop.hdds.server.http.HttpServer2$QuotingInputFilter)
2023-02-14 08:19:42,219 [Listener at 127.0.0.1/42497] INFO  http.HttpServer2 (HttpServer2.java:addFilter(1007)) - Added filter static_user_filter (class=org.apache.hadoop.http.lib.StaticUserWebFilter$StaticUserFilter) to context hddsDatanode
2023-02-14 08:19:42,219 [Listener at 127.0.0.1/42497] INFO  http.HttpServer2 (HttpServer2.java:addFilter(1015)) - Added filter static_user_filter (class=org.apache.hadoop.http.lib.StaticUserWebFilter$StaticUserFilter) to context logs
2023-02-14 08:19:42,220 [Listener at 127.0.0.1/42497] INFO  http.HttpServer2 (HttpServer2.java:addFilter(1015)) - Added filter static_user_filter (class=org.apache.hadoop.http.lib.StaticUserWebFilter$StaticUserFilter) to context static
2023-02-14 08:19:42,220 [Listener at 127.0.0.1/42497] INFO  http.HttpServer2 (HttpServer2.java:bindListener(1250)) - Jetty bound to port 39993
2023-02-14 08:19:42,220 [Listener at 127.0.0.1/42497] INFO  server.Server (Server.java:doStart(375)) - jetty-9.4.49.v20220914; built: 2022-09-14T01:07:36.601Z; git: 4231a3b2e4cb8548a412a789936d640a97b1aa0a; jvm 1.8.0_362-b09
2023-02-14 08:19:42,222 [Listener at 127.0.0.1/42497] INFO  server.session (DefaultSessionIdManager.java:doStart(334)) - DefaultSessionIdManager workerName=node0
2023-02-14 08:19:42,223 [Listener at 127.0.0.1/42497] INFO  server.session (DefaultSessionIdManager.java:doStart(339)) - No SessionScavenger set, using defaults
2023-02-14 08:19:42,223 [Listener at 127.0.0.1/42497] INFO  server.session (HouseKeeper.java:startScavenging(132)) - node0 Scavenging every 600000ms
2023-02-14 08:19:42,224 [Listener at 127.0.0.1/42497] INFO  handler.ContextHandler (ContextHandler.java:doStart(921)) - Started o.e.j.s.ServletContextHandler@125cc4ab{logs,/logs,file:///home/runner/work/ozone/ozone/hadoop-ozone/integration-test/target/log,AVAILABLE}
2023-02-14 08:19:42,224 [Listener at 127.0.0.1/42497] INFO  handler.ContextHandler (ContextHandler.java:doStart(921)) - Started o.e.j.s.ServletContextHandler@2160cf09{static,/static,jar:file:/home/runner/.m2/repository/org/apache/ozone/hdds-container-service/1.4.0-SNAPSHOT/hdds-container-service-1.4.0-SNAPSHOT.jar!/webapps/static,AVAILABLE}
2023-02-14 08:19:42,420 [Listener at 127.0.0.1/42497] INFO  handler.ContextHandler (ContextHandler.java:doStart(921)) - Started o.e.j.w.WebAppContext@444ba2d3{hddsDatanode,/,file:///tmp/jetty-0_0_0_0-39993-hdds-container-service-1_4_0-SNAPSHOT_jar-_-any-7444936443129828288/webapp/,AVAILABLE}{jar:file:/home/runner/.m2/repository/org/apache/ozone/hdds-container-service/1.4.0-SNAPSHOT/hdds-container-service-1.4.0-SNAPSHOT.jar!/webapps/hddsDatanode}
2023-02-14 08:19:42,421 [Listener at 127.0.0.1/42497] INFO  server.AbstractConnector (AbstractConnector.java:doStart(333)) - Started ServerConnector@5495020c{HTTP/1.1, (http/1.1)}{0.0.0.0:39993}
2023-02-14 08:19:42,421 [Listener at 127.0.0.1/42497] INFO  server.Server (Server.java:doStart(415)) - Started @158498ms
2023-02-14 08:19:42,421 [Listener at 127.0.0.1/42497] WARN  impl.MetricsSystemImpl (MetricsSystemImpl.java:register(279)) - Sink prometheus already exists!
2023-02-14 08:19:42,422 [Listener at 127.0.0.1/42497] INFO  http.BaseHttpServer (BaseHttpServer.java:updateConnectorAddress(333)) - HTTP server of hddsDatanode listening at http://0.0.0.0:39993
2023-02-14 08:19:42,422 [Datanode State Machine Daemon Thread] INFO  statemachine.DatanodeStateMachine (DatanodeStateMachine.java:lambda$startDaemon$0(516)) - Ozone container server started.
2023-02-14 08:19:42,422 [Listener at 127.0.0.1/42497] WARN  impl.MetricRegistriesImpl (MetricRegistriesImpl.java:addReporterRegistration(111)) - New reporters are added after registries were created. Some metrics will be missing from the reporter. Please add reporter before adding any new registry.
2023-02-14 08:19:42,423 [Listener at 127.0.0.1/42497] WARN  impl.MetricRegistriesImpl (MetricRegistriesImpl.java:addReporterRegistration(111)) - New reporters are added after registries were created. Some metrics will be missing from the reporter. Please add reporter before adding any new registry.
2023-02-14 08:19:42,423 [Listener at 127.0.0.1/42497] INFO  impl.MetricsSystemImpl (MetricsSystemImpl.java:init(158)) - HddsDatanode metrics system started (again)
2023-02-14 08:19:42,434 [Listener at 127.0.0.1/42497] INFO  ozone.HddsDatanodeService (HddsDatanodeService.java:start(228)) - HddsDatanodeService host:fv-az476-382.2mevl5kwmm3ezivwarakluutxb.phxx.internal.cloudapp.net ip:10.1.0.19
2023-02-14 08:19:42,434 [org.apache.hadoop.util.JvmPauseMonitor$Monitor@29a4a5bc] INFO  util.JvmPauseMonitor (JvmPauseMonitor.java:run(188)) - Starting JVM pause monitor
2023-02-14 08:19:42,439 [Datanode State Machine Task Thread - 0] INFO  datanode.InitDatanodeState (InitDatanodeState.java:persistContainerDatanodeDetails(138)) - DatanodeDetails is persisted to /home/runner/work/ozone/ozone/hadoop-ozone/integration-test/target/test-dir/MiniOzoneClusterImpl-9d03416f-dff1-44af-a51b-f90497d61693/datanode-0/meta/datanode.id
2023-02-14 08:19:42,450 [Listener at 127.0.0.1/42497] INFO  upgrade.AbstractLayoutVersionManager (AbstractLayoutVersionManager.java:init(83)) - Initializing Layout version manager with metadata layout = DATANODE_SCHEMA_V3 (version = 4), software layout = DATANODE_SCHEMA_V3 (version = 4)
2023-02-14 08:19:42,506 [Listener at 127.0.0.1/42497] INFO  reflections.Reflections (Reflections.java:scan(232)) - Reflections took 50 ms to scan 7 urls, producing 150 keys and 363 values 
2023-02-14 08:19:42,508 [Listener at 127.0.0.1/42497] INFO  statemachine.DatanodeStateMachine (DatanodeStateMachine.java:getEndPointTaskThreadPoolSize(260)) - Datanode State Machine Task Thread Pool size 2
2023-02-14 08:19:42,510 [Listener at 127.0.0.1/42497] INFO  volume.HddsVolume (HddsVolume.java:<init>(122)) - Creating HddsVolume: /home/runner/work/ozone/ozone/hadoop-ozone/integration-test/target/test-dir/MiniOzoneClusterImpl-9d03416f-dff1-44af-a51b-f90497d61693/datanode-1/data-0/containers/hdds of storage type : DISK capacity : 9223372036854775807
2023-02-14 08:19:42,510 [Listener at 127.0.0.1/42497] INFO  volume.MutableVolumeSet (MutableVolumeSet.java:initializeVolumeSet(174)) - Added Volume : /home/runner/work/ozone/ozone/hadoop-ozone/integration-test/target/test-dir/MiniOzoneClusterImpl-9d03416f-dff1-44af-a51b-f90497d61693/datanode-1/data-0/containers/hdds to VolumeSet
2023-02-14 08:19:42,510 [Listener at 127.0.0.1/42497] INFO  volume.ThrottledAsyncChecker (ThrottledAsyncChecker.java:schedule(141)) - Scheduling a check for /home/runner/work/ozone/ozone/hadoop-ozone/integration-test/target/test-dir/MiniOzoneClusterImpl-9d03416f-dff1-44af-a51b-f90497d61693/datanode-1/data-0/containers/hdds
2023-02-14 08:19:42,510 [Listener at 127.0.0.1/42497] INFO  volume.StorageVolumeChecker (StorageVolumeChecker.java:checkAllVolumes(202)) - Scheduled health check for volume /home/runner/work/ozone/ozone/hadoop-ozone/integration-test/target/test-dir/MiniOzoneClusterImpl-9d03416f-dff1-44af-a51b-f90497d61693/datanode-1/data-0/containers/hdds
2023-02-14 08:19:42,521 [Listener at 127.0.0.1/42497] INFO  volume.MutableVolumeSet (MutableVolumeSet.java:initializeVolumeSet(174)) - Added Volume : /home/runner/work/ozone/ozone/hadoop-ozone/integration-test/target/test-dir/MiniOzoneClusterImpl-9d03416f-dff1-44af-a51b-f90497d61693/datanode-1/data/ratis to VolumeSet
2023-02-14 08:19:42,521 [Listener at 127.0.0.1/42497] INFO  volume.ThrottledAsyncChecker (ThrottledAsyncChecker.java:schedule(141)) - Scheduling a check for /home/runner/work/ozone/ozone/hadoop-ozone/integration-test/target/test-dir/MiniOzoneClusterImpl-9d03416f-dff1-44af-a51b-f90497d61693/datanode-1/data/ratis
2023-02-14 08:19:42,522 [Listener at 127.0.0.1/42497] INFO  volume.StorageVolumeChecker (StorageVolumeChecker.java:checkAllVolumes(202)) - Scheduled health check for volume /home/runner/work/ozone/ozone/hadoop-ozone/integration-test/target/test-dir/MiniOzoneClusterImpl-9d03416f-dff1-44af-a51b-f90497d61693/datanode-1/data/ratis
2023-02-14 08:19:42,532 [Thread-1439] INFO  ozoneimpl.ContainerReader (ContainerReader.java:readVolume(175)) - Finish verifying containers on volume /home/runner/work/ozone/ozone/hadoop-ozone/integration-test/target/test-dir/MiniOzoneClusterImpl-9d03416f-dff1-44af-a51b-f90497d61693/datanode-1/data-0/containers/hdds
2023-02-14 08:19:42,532 [Listener at 127.0.0.1/42497] INFO  ozoneimpl.OzoneContainer (OzoneContainer.java:buildContainerSet(304)) - Build ContainerSet costs 0s
2023-02-14 08:19:42,534 [Listener at 127.0.0.1/42497] INFO  server.RaftServer (ConfUtils.java:logGet(46)) - raft.rpc.type = GRPC (default)
2023-02-14 08:19:42,534 [Listener at 127.0.0.1/42497] INFO  grpc.GrpcConfigKeys (ConfUtils.java:logFallback(53)) - raft.grpc.admin.host = null (fallback to raft.grpc.server.host)
2023-02-14 08:19:42,534 [Listener at 127.0.0.1/42497] INFO  grpc.GrpcConfigKeys (ConfUtils.java:logGet(46)) - raft.grpc.admin.port = 0 (custom)
2023-02-14 08:19:42,534 [Listener at 127.0.0.1/42497] INFO  grpc.GrpcConfigKeys (ConfUtils.java:logFallback(53)) - raft.grpc.client.host = null (fallback to raft.grpc.server.host)
2023-02-14 08:19:42,534 [Listener at 127.0.0.1/42497] INFO  grpc.GrpcConfigKeys (ConfUtils.java:logGet(46)) - raft.grpc.client.port = 0 (custom)
2023-02-14 08:19:42,534 [Listener at 127.0.0.1/42497] INFO  grpc.GrpcConfigKeys (ConfUtils.java:logGet(46)) - raft.grpc.server.host = null (default)
2023-02-14 08:19:42,534 [Listener at 127.0.0.1/42497] INFO  grpc.GrpcConfigKeys (ConfUtils.java:logGet(46)) - raft.grpc.server.port = 0 (default)
2023-02-14 08:19:42,534 [Listener at 127.0.0.1/42497] INFO  server.GrpcService (ConfUtils.java:logGet(46)) - raft.grpc.message.size.max = 32MB (=33554432) (custom)
2023-02-14 08:19:42,534 [Listener at 127.0.0.1/42497] INFO  server.RaftServerConfigKeys (ConfUtils.java:logGet(46)) - raft.server.log.appender.buffer.byte-limit = 33554432 (custom)
2023-02-14 08:19:42,535 [Listener at 127.0.0.1/42497] INFO  server.GrpcService (ConfUtils.java:logGet(46)) - raft.grpc.flow.control.window = 5MB (=5242880) (custom)
2023-02-14 08:19:42,535 [Listener at 127.0.0.1/42497] INFO  server.RaftServerConfigKeys (ConfUtils.java:logGet(46)) - raft.server.rpc.request.timeout = 60s (custom)
2023-02-14 08:19:42,535 [Listener at 127.0.0.1/42497] INFO  grpc.GrpcConfigKeys (ConfUtils.java:logGet(46)) - raft.grpc.server.heartbeat.channel = true (default)
2023-02-14 08:19:42,535 [Listener at 127.0.0.1/42497] INFO  grpc.GrpcConfigKeys (ConfUtils.java:logGet(46)) - raft.grpc.server.async.request.thread.pool.cached = true (default)
2023-02-14 08:19:42,535 [Listener at 127.0.0.1/42497] INFO  grpc.GrpcConfigKeys (ConfUtils.java:logGet(46)) - raft.grpc.server.async.request.thread.pool.size = 32 (default)
2023-02-14 08:19:42,536 [Listener at 127.0.0.1/42497] INFO  impl.DataStreamServerImpl (ConfUtils.java:logGet(46)) - raft.datastream.type = NETTY (custom)
2023-02-14 08:19:42,536 [Listener at 127.0.0.1/42497] INFO  server.RaftServerConfigKeys (ConfUtils.java:logGet(46)) - raft.server.data-stream.async.request.thread.pool.cached = false (default)
2023-02-14 08:19:42,536 [Listener at 127.0.0.1/42497] INFO  server.RaftServerConfigKeys (ConfUtils.java:logGet(46)) - raft.server.data-stream.async.request.thread.pool.size = 20 (custom)
2023-02-14 08:19:42,536 [Listener at 127.0.0.1/42497] INFO  server.RaftServerConfigKeys (ConfUtils.java:logGet(46)) - raft.server.data-stream.async.write.thread.pool.size = 16 (default)
2023-02-14 08:19:42,536 [Listener at 127.0.0.1/42497] INFO  server.RaftServerConfigKeys (ConfUtils.java:logGet(46)) - raft.server.data-stream.client.pool.size = 10 (default)
2023-02-14 08:19:42,536 [Listener at 127.0.0.1/42497] INFO  netty.NettyConfigKeys$DataStream (ConfUtils.java:logGet(46)) - raft.netty.dataStream.server.use-epoll = false (default)
2023-02-14 08:19:42,536 [Listener at 127.0.0.1/42497] INFO  netty.NettyConfigKeys$DataStream (ConfUtils.java:logGet(46)) - raft.netty.dataStream.server.boss-group.size = 0 (default)
2023-02-14 08:19:42,537 [Listener at 127.0.0.1/42497] INFO  netty.NettyConfigKeys$DataStream (ConfUtils.java:logGet(46)) - raft.netty.dataStream.server.worker-group.size = 0 (default)
2023-02-14 08:19:42,537 [Listener at 127.0.0.1/42497] INFO  netty.NettyConfigKeys$DataStream (ConfUtils.java:logGet(46)) - raft.netty.dataStream.server.tls.conf = null (default)
2023-02-14 08:19:42,537 [Listener at 127.0.0.1/42497] INFO  netty.NettyConfigKeys$DataStream (ConfUtils.java:logGet(46)) - raft.netty.dataStream.host = null (default)
2023-02-14 08:19:42,537 [Listener at 127.0.0.1/42497] INFO  netty.NettyConfigKeys$DataStream (ConfUtils.java:logGet(46)) - raft.netty.dataStream.port = 0 (default)
2023-02-14 08:19:42,538 [Listener at 127.0.0.1/42497] INFO  server.RaftServerConfigKeys (ConfUtils.java:logGet(46)) - raft.server.threadpool.proxy.cached = true (default)
2023-02-14 08:19:42,538 [Listener at 127.0.0.1/42497] INFO  server.RaftServerConfigKeys (ConfUtils.java:logGet(46)) - raft.server.threadpool.proxy.size = 0 (default)
2023-02-14 08:19:42,538 [Listener at 127.0.0.1/42497] INFO  server.RaftServerConfigKeys (ConfUtils.java:logGet(46)) - raft.server.rpc.slowness.timeout = 300s (custom)
2023-02-14 08:19:42,538 [Listener at 127.0.0.1/42497] INFO  server.RaftServerConfigKeys (ConfUtils.java:logGet(46)) - raft.server.leaderelection.leader.step-down.wait-time = 10s (default)
2023-02-14 08:19:42,538 [Listener at 127.0.0.1/42497] INFO  server.RaftServerConfigKeys (ConfUtils.java:logGet(46)) - raft.server.storage.dir = [/home/runner/work/ozone/ozone/hadoop-ozone/integration-test/target/test-dir/MiniOzoneClusterImpl-9d03416f-dff1-44af-a51b-f90497d61693/datanode-1/data/ratis] (custom)
2023-02-14 08:19:42,539 [6359aaa4-8509-4a3b-a3c1-a8ea6163a916-NettyServerStreamRpc-bossGroup--thread1] INFO  logging.LoggingHandler (AbstractInternalLogger.java:log(148)) - [id: 0xefc1e4c2] REGISTERED
2023-02-14 08:19:42,539 [6359aaa4-8509-4a3b-a3c1-a8ea6163a916-NettyServerStreamRpc-bossGroup--thread1] INFO  logging.LoggingHandler (AbstractInternalLogger.java:log(148)) - [id: 0xefc1e4c2] BIND: 0.0.0.0/0.0.0.0:0
2023-02-14 08:19:42,539 [6359aaa4-8509-4a3b-a3c1-a8ea6163a916-NettyServerStreamRpc-bossGroup--thread1] INFO  logging.LoggingHandler (AbstractInternalLogger.java:log(148)) - [id: 0xefc1e4c2, L:/0:0:0:0:0:0:0:0:42567] ACTIVE
2023-02-14 08:19:42,540 [Listener at 127.0.0.1/42497] INFO  server.XceiverServerGrpc (XceiverServerGrpc.java:<init>(132)) - GrpcServer channel type EpollServerSocketChannel
2023-02-14 08:19:42,543 [Listener at 127.0.0.1/42497] INFO  http.BaseHttpServer (BaseHttpServer.java:newHttpServer2BuilderForOzone(213)) - Starting Web-server for hddsDatanode at: http://0.0.0.0:0
2023-02-14 08:19:42,543 [Listener at 127.0.0.1/42497] INFO  http.BaseHttpServer (BaseHttpServer.java:<init>(108)) - Hadoop Security Enabled: false Ozone Security Enabled: false Ozone HTTP Security Enabled: false 
2023-02-14 08:19:42,544 [Listener at 127.0.0.1/42497] WARN  server.AuthenticationFilter (AuthenticationFilter.java:constructSecretProvider(240)) - Unable to initialize FileSignerSecretProvider, falling back to use random secrets. Reason: Could not read signature secret file: /home/runner/hadoop-http-auth-signature-secret
2023-02-14 08:19:42,545 [Listener at 127.0.0.1/42497] WARN  http.HttpRequestLog (HttpRequestLog.java:getRequestLog(103)) - Jetty request log can only be enabled using Log4j
2023-02-14 08:19:42,546 [Listener at 127.0.0.1/42497] INFO  http.HttpServer2 (HttpServer2.java:addGlobalFilter(1031)) - Added global filter 'safety' (class=org.apache.hadoop.hdds.server.http.HttpServer2$QuotingInputFilter)
2023-02-14 08:19:42,546 [Listener at 127.0.0.1/42497] INFO  http.HttpServer2 (HttpServer2.java:addFilter(1007)) - Added filter static_user_filter (class=org.apache.hadoop.http.lib.StaticUserWebFilter$StaticUserFilter) to context hddsDatanode
2023-02-14 08:19:42,546 [Listener at 127.0.0.1/42497] INFO  http.HttpServer2 (HttpServer2.java:addFilter(1015)) - Added filter static_user_filter (class=org.apache.hadoop.http.lib.StaticUserWebFilter$StaticUserFilter) to context static
2023-02-14 08:19:42,546 [Listener at 127.0.0.1/42497] INFO  http.HttpServer2 (HttpServer2.java:addFilter(1015)) - Added filter static_user_filter (class=org.apache.hadoop.http.lib.StaticUserWebFilter$StaticUserFilter) to context logs
2023-02-14 08:19:42,547 [Listener at 127.0.0.1/42497] INFO  http.HttpServer2 (HttpServer2.java:bindListener(1250)) - Jetty bound to port 37357
2023-02-14 08:19:42,547 [Listener at 127.0.0.1/42497] INFO  server.Server (Server.java:doStart(375)) - jetty-9.4.49.v20220914; built: 2022-09-14T01:07:36.601Z; git: 4231a3b2e4cb8548a412a789936d640a97b1aa0a; jvm 1.8.0_362-b09
2023-02-14 08:19:42,548 [Listener at 127.0.0.1/42497] INFO  server.session (DefaultSessionIdManager.java:doStart(334)) - DefaultSessionIdManager workerName=node0
2023-02-14 08:19:42,548 [Listener at 127.0.0.1/42497] INFO  server.session (DefaultSessionIdManager.java:doStart(339)) - No SessionScavenger set, using defaults
2023-02-14 08:19:42,548 [Listener at 127.0.0.1/42497] INFO  server.session (HouseKeeper.java:startScavenging(132)) - node0 Scavenging every 660000ms
2023-02-14 08:19:42,548 [Listener at 127.0.0.1/42497] INFO  handler.ContextHandler (ContextHandler.java:doStart(921)) - Started o.e.j.s.ServletContextHandler@3013568a{logs,/logs,file:///home/runner/work/ozone/ozone/hadoop-ozone/integration-test/target/log,AVAILABLE}
2023-02-14 08:19:42,549 [Listener at 127.0.0.1/42497] INFO  handler.ContextHandler (ContextHandler.java:doStart(921)) - Started o.e.j.s.ServletContextHandler@275130c0{static,/static,jar:file:/home/runner/.m2/repository/org/apache/ozone/hdds-container-service/1.4.0-SNAPSHOT/hdds-container-service-1.4.0-SNAPSHOT.jar!/webapps/static,AVAILABLE}
2023-02-14 08:19:42,741 [Listener at 127.0.0.1/42497] INFO  handler.ContextHandler (ContextHandler.java:doStart(921)) - Started o.e.j.w.WebAppContext@2b4730fe{hddsDatanode,/,file:///tmp/jetty-0_0_0_0-37357-hdds-container-service-1_4_0-SNAPSHOT_jar-_-any-3484854671661461837/webapp/,AVAILABLE}{jar:file:/home/runner/.m2/repository/org/apache/ozone/hdds-container-service/1.4.0-SNAPSHOT/hdds-container-service-1.4.0-SNAPSHOT.jar!/webapps/hddsDatanode}
2023-02-14 08:19:42,742 [Listener at 127.0.0.1/42497] INFO  server.AbstractConnector (AbstractConnector.java:doStart(333)) - Started ServerConnector@38fbf02e{HTTP/1.1, (http/1.1)}{0.0.0.0:37357}
2023-02-14 08:19:42,742 [Listener at 127.0.0.1/42497] INFO  server.Server (Server.java:doStart(415)) - Started @158819ms
2023-02-14 08:19:42,743 [Listener at 127.0.0.1/42497] WARN  impl.MetricsSystemImpl (MetricsSystemImpl.java:register(279)) - Sink prometheus already exists!
2023-02-14 08:19:42,743 [Listener at 127.0.0.1/42497] INFO  http.BaseHttpServer (BaseHttpServer.java:updateConnectorAddress(333)) - HTTP server of hddsDatanode listening at http://0.0.0.0:37357
2023-02-14 08:19:42,743 [Datanode State Machine Daemon Thread] INFO  statemachine.DatanodeStateMachine (DatanodeStateMachine.java:lambda$startDaemon$0(516)) - Ozone container server started.
2023-02-14 08:19:42,743 [Listener at 127.0.0.1/42497] WARN  impl.MetricRegistriesImpl (MetricRegistriesImpl.java:addReporterRegistration(111)) - New reporters are added after registries were created. Some metrics will be missing from the reporter. Please add reporter before adding any new registry.
2023-02-14 08:19:42,744 [Listener at 127.0.0.1/42497] WARN  impl.MetricRegistriesImpl (MetricRegistriesImpl.java:addReporterRegistration(111)) - New reporters are added after registries were created. Some metrics will be missing from the reporter. Please add reporter before adding any new registry.
2023-02-14 08:19:42,744 [Listener at 127.0.0.1/42497] INFO  impl.MetricsSystemImpl (MetricsSystemImpl.java:init(158)) - HddsDatanode metrics system started (again)
2023-02-14 08:19:42,755 [Listener at 127.0.0.1/42497] INFO  ozone.HddsDatanodeService (HddsDatanodeService.java:start(228)) - HddsDatanodeService host:fv-az476-382.2mevl5kwmm3ezivwarakluutxb.phxx.internal.cloudapp.net ip:10.1.0.19
2023-02-14 08:19:42,766 [org.apache.hadoop.util.JvmPauseMonitor$Monitor@7da1b435] INFO  util.JvmPauseMonitor (JvmPauseMonitor.java:run(188)) - Starting JVM pause monitor
2023-02-14 08:19:42,769 [Datanode State Machine Task Thread - 0] INFO  datanode.InitDatanodeState (InitDatanodeState.java:persistContainerDatanodeDetails(138)) - DatanodeDetails is persisted to /home/runner/work/ozone/ozone/hadoop-ozone/integration-test/target/test-dir/MiniOzoneClusterImpl-9d03416f-dff1-44af-a51b-f90497d61693/datanode-1/meta/datanode.id
2023-02-14 08:19:42,775 [Listener at 127.0.0.1/42497] INFO  upgrade.AbstractLayoutVersionManager (AbstractLayoutVersionManager.java:init(83)) - Initializing Layout version manager with metadata layout = DATANODE_SCHEMA_V3 (version = 4), software layout = DATANODE_SCHEMA_V3 (version = 4)
2023-02-14 08:19:42,817 [Listener at 127.0.0.1/42497] INFO  reflections.Reflections (Reflections.java:scan(232)) - Reflections took 41 ms to scan 7 urls, producing 150 keys and 363 values 
2023-02-14 08:19:42,818 [Listener at 127.0.0.1/42497] INFO  statemachine.DatanodeStateMachine (DatanodeStateMachine.java:getEndPointTaskThreadPoolSize(260)) - Datanode State Machine Task Thread Pool size 2
2023-02-14 08:19:42,819 [Listener at 127.0.0.1/42497] INFO  volume.HddsVolume (HddsVolume.java:<init>(122)) - Creating HddsVolume: /home/runner/work/ozone/ozone/hadoop-ozone/integration-test/target/test-dir/MiniOzoneClusterImpl-9d03416f-dff1-44af-a51b-f90497d61693/datanode-2/data-0/containers/hdds of storage type : DISK capacity : 9223372036854775807
2023-02-14 08:19:42,820 [Listener at 127.0.0.1/42497] INFO  volume.MutableVolumeSet (MutableVolumeSet.java:initializeVolumeSet(174)) - Added Volume : /home/runner/work/ozone/ozone/hadoop-ozone/integration-test/target/test-dir/MiniOzoneClusterImpl-9d03416f-dff1-44af-a51b-f90497d61693/datanode-2/data-0/containers/hdds to VolumeSet
2023-02-14 08:19:42,820 [Listener at 127.0.0.1/42497] INFO  volume.ThrottledAsyncChecker (ThrottledAsyncChecker.java:schedule(141)) - Scheduling a check for /home/runner/work/ozone/ozone/hadoop-ozone/integration-test/target/test-dir/MiniOzoneClusterImpl-9d03416f-dff1-44af-a51b-f90497d61693/datanode-2/data-0/containers/hdds
2023-02-14 08:19:42,820 [Listener at 127.0.0.1/42497] INFO  volume.StorageVolumeChecker (StorageVolumeChecker.java:checkAllVolumes(202)) - Scheduled health check for volume /home/runner/work/ozone/ozone/hadoop-ozone/integration-test/target/test-dir/MiniOzoneClusterImpl-9d03416f-dff1-44af-a51b-f90497d61693/datanode-2/data-0/containers/hdds
2023-02-14 08:19:42,830 [Listener at 127.0.0.1/42497] INFO  volume.MutableVolumeSet (MutableVolumeSet.java:initializeVolumeSet(174)) - Added Volume : /home/runner/work/ozone/ozone/hadoop-ozone/integration-test/target/test-dir/MiniOzoneClusterImpl-9d03416f-dff1-44af-a51b-f90497d61693/datanode-2/data/ratis to VolumeSet
2023-02-14 08:19:42,831 [Listener at 127.0.0.1/42497] INFO  volume.ThrottledAsyncChecker (ThrottledAsyncChecker.java:schedule(141)) - Scheduling a check for /home/runner/work/ozone/ozone/hadoop-ozone/integration-test/target/test-dir/MiniOzoneClusterImpl-9d03416f-dff1-44af-a51b-f90497d61693/datanode-2/data/ratis
2023-02-14 08:19:42,831 [Listener at 127.0.0.1/42497] INFO  volume.StorageVolumeChecker (StorageVolumeChecker.java:checkAllVolumes(202)) - Scheduled health check for volume /home/runner/work/ozone/ozone/hadoop-ozone/integration-test/target/test-dir/MiniOzoneClusterImpl-9d03416f-dff1-44af-a51b-f90497d61693/datanode-2/data/ratis
2023-02-14 08:19:42,841 [Thread-1453] INFO  ozoneimpl.ContainerReader (ContainerReader.java:readVolume(175)) - Finish verifying containers on volume /home/runner/work/ozone/ozone/hadoop-ozone/integration-test/target/test-dir/MiniOzoneClusterImpl-9d03416f-dff1-44af-a51b-f90497d61693/datanode-2/data-0/containers/hdds
2023-02-14 08:19:42,841 [Listener at 127.0.0.1/42497] INFO  ozoneimpl.OzoneContainer (OzoneContainer.java:buildContainerSet(304)) - Build ContainerSet costs 0s
2023-02-14 08:19:42,842 [Listener at 127.0.0.1/42497] INFO  server.RaftServer (ConfUtils.java:logGet(46)) - raft.rpc.type = GRPC (default)
2023-02-14 08:19:42,842 [Listener at 127.0.0.1/42497] INFO  grpc.GrpcConfigKeys (ConfUtils.java:logFallback(53)) - raft.grpc.admin.host = null (fallback to raft.grpc.server.host)
2023-02-14 08:19:42,843 [Listener at 127.0.0.1/42497] INFO  grpc.GrpcConfigKeys (ConfUtils.java:logGet(46)) - raft.grpc.admin.port = 0 (custom)
2023-02-14 08:19:42,843 [Listener at 127.0.0.1/42497] INFO  grpc.GrpcConfigKeys (ConfUtils.java:logFallback(53)) - raft.grpc.client.host = null (fallback to raft.grpc.server.host)
2023-02-14 08:19:42,843 [Listener at 127.0.0.1/42497] INFO  grpc.GrpcConfigKeys (ConfUtils.java:logGet(46)) - raft.grpc.client.port = 0 (custom)
2023-02-14 08:19:42,843 [Listener at 127.0.0.1/42497] INFO  grpc.GrpcConfigKeys (ConfUtils.java:logGet(46)) - raft.grpc.server.host = null (default)
2023-02-14 08:19:42,843 [Listener at 127.0.0.1/42497] INFO  grpc.GrpcConfigKeys (ConfUtils.java:logGet(46)) - raft.grpc.server.port = 0 (default)
2023-02-14 08:19:42,843 [Listener at 127.0.0.1/42497] INFO  server.GrpcService (ConfUtils.java:logGet(46)) - raft.grpc.message.size.max = 32MB (=33554432) (custom)
2023-02-14 08:19:42,843 [Listener at 127.0.0.1/42497] INFO  server.RaftServerConfigKeys (ConfUtils.java:logGet(46)) - raft.server.log.appender.buffer.byte-limit = 33554432 (custom)
2023-02-14 08:19:42,843 [Listener at 127.0.0.1/42497] INFO  server.GrpcService (ConfUtils.java:logGet(46)) - raft.grpc.flow.control.window = 5MB (=5242880) (custom)
2023-02-14 08:19:42,843 [Listener at 127.0.0.1/42497] INFO  server.RaftServerConfigKeys (ConfUtils.java:logGet(46)) - raft.server.rpc.request.timeout = 60s (custom)
2023-02-14 08:19:42,843 [Listener at 127.0.0.1/42497] INFO  grpc.GrpcConfigKeys (ConfUtils.java:logGet(46)) - raft.grpc.server.heartbeat.channel = true (default)
2023-02-14 08:19:42,843 [Listener at 127.0.0.1/42497] INFO  grpc.GrpcConfigKeys (ConfUtils.java:logGet(46)) - raft.grpc.server.async.request.thread.pool.cached = true (default)
2023-02-14 08:19:42,843 [Listener at 127.0.0.1/42497] INFO  grpc.GrpcConfigKeys (ConfUtils.java:logGet(46)) - raft.grpc.server.async.request.thread.pool.size = 32 (default)
2023-02-14 08:19:42,844 [Listener at 127.0.0.1/42497] INFO  impl.DataStreamServerImpl (ConfUtils.java:logGet(46)) - raft.datastream.type = NETTY (custom)
2023-02-14 08:19:42,844 [Listener at 127.0.0.1/42497] INFO  server.RaftServerConfigKeys (ConfUtils.java:logGet(46)) - raft.server.data-stream.async.request.thread.pool.cached = false (default)
2023-02-14 08:19:42,844 [Listener at 127.0.0.1/42497] INFO  server.RaftServerConfigKeys (ConfUtils.java:logGet(46)) - raft.server.data-stream.async.request.thread.pool.size = 20 (custom)
2023-02-14 08:19:42,845 [Listener at 127.0.0.1/42497] INFO  server.RaftServerConfigKeys (ConfUtils.java:logGet(46)) - raft.server.data-stream.async.write.thread.pool.size = 16 (default)
2023-02-14 08:19:42,845 [Listener at 127.0.0.1/42497] INFO  server.RaftServerConfigKeys (ConfUtils.java:logGet(46)) - raft.server.data-stream.client.pool.size = 10 (default)
2023-02-14 08:19:42,845 [Listener at 127.0.0.1/42497] INFO  netty.NettyConfigKeys$DataStream (ConfUtils.java:logGet(46)) - raft.netty.dataStream.server.use-epoll = false (default)
2023-02-14 08:19:42,845 [Listener at 127.0.0.1/42497] INFO  netty.NettyConfigKeys$DataStream (ConfUtils.java:logGet(46)) - raft.netty.dataStream.server.boss-group.size = 0 (default)
2023-02-14 08:19:42,845 [Listener at 127.0.0.1/42497] INFO  netty.NettyConfigKeys$DataStream (ConfUtils.java:logGet(46)) - raft.netty.dataStream.server.worker-group.size = 0 (default)
2023-02-14 08:19:42,845 [Listener at 127.0.0.1/42497] INFO  netty.NettyConfigKeys$DataStream (ConfUtils.java:logGet(46)) - raft.netty.dataStream.server.tls.conf = null (default)
2023-02-14 08:19:42,845 [Listener at 127.0.0.1/42497] INFO  netty.NettyConfigKeys$DataStream (ConfUtils.java:logGet(46)) - raft.netty.dataStream.host = null (default)
2023-02-14 08:19:42,845 [Listener at 127.0.0.1/42497] INFO  netty.NettyConfigKeys$DataStream (ConfUtils.java:logGet(46)) - raft.netty.dataStream.port = 0 (default)
2023-02-14 08:19:42,846 [Listener at 127.0.0.1/42497] INFO  server.RaftServerConfigKeys (ConfUtils.java:logGet(46)) - raft.server.threadpool.proxy.cached = true (default)
2023-02-14 08:19:42,846 [Listener at 127.0.0.1/42497] INFO  server.RaftServerConfigKeys (ConfUtils.java:logGet(46)) - raft.server.threadpool.proxy.size = 0 (default)
2023-02-14 08:19:42,846 [Listener at 127.0.0.1/42497] INFO  server.RaftServerConfigKeys (ConfUtils.java:logGet(46)) - raft.server.rpc.slowness.timeout = 300s (custom)
2023-02-14 08:19:42,846 [Listener at 127.0.0.1/42497] INFO  server.RaftServerConfigKeys (ConfUtils.java:logGet(46)) - raft.server.leaderelection.leader.step-down.wait-time = 10s (default)
2023-02-14 08:19:42,846 [Listener at 127.0.0.1/42497] INFO  server.RaftServerConfigKeys (ConfUtils.java:logGet(46)) - raft.server.storage.dir = [/home/runner/work/ozone/ozone/hadoop-ozone/integration-test/target/test-dir/MiniOzoneClusterImpl-9d03416f-dff1-44af-a51b-f90497d61693/datanode-2/data/ratis] (custom)
2023-02-14 08:19:42,847 [34ef5736-8ccc-4354-bdfe-e8e28e0b14c7-NettyServerStreamRpc-bossGroup--thread1] INFO  logging.LoggingHandler (AbstractInternalLogger.java:log(148)) - [id: 0x173ee4a9] REGISTERED
2023-02-14 08:19:42,847 [34ef5736-8ccc-4354-bdfe-e8e28e0b14c7-NettyServerStreamRpc-bossGroup--thread1] INFO  logging.LoggingHandler (AbstractInternalLogger.java:log(148)) - [id: 0x173ee4a9] BIND: 0.0.0.0/0.0.0.0:0
2023-02-14 08:19:42,847 [34ef5736-8ccc-4354-bdfe-e8e28e0b14c7-NettyServerStreamRpc-bossGroup--thread1] INFO  logging.LoggingHandler (AbstractInternalLogger.java:log(148)) - [id: 0x173ee4a9, L:/0:0:0:0:0:0:0:0:42561] ACTIVE
2023-02-14 08:19:42,848 [Listener at 127.0.0.1/42497] INFO  server.XceiverServerGrpc (XceiverServerGrpc.java:<init>(132)) - GrpcServer channel type EpollServerSocketChannel
2023-02-14 08:19:42,850 [Listener at 127.0.0.1/42497] INFO  http.BaseHttpServer (BaseHttpServer.java:newHttpServer2BuilderForOzone(213)) - Starting Web-server for hddsDatanode at: http://0.0.0.0:0
2023-02-14 08:19:42,850 [Listener at 127.0.0.1/42497] INFO  http.BaseHttpServer (BaseHttpServer.java:<init>(108)) - Hadoop Security Enabled: false Ozone Security Enabled: false Ozone HTTP Security Enabled: false 
2023-02-14 08:19:42,850 [Listener at 127.0.0.1/42497] WARN  server.AuthenticationFilter (AuthenticationFilter.java:constructSecretProvider(240)) - Unable to initialize FileSignerSecretProvider, falling back to use random secrets. Reason: Could not read signature secret file: /home/runner/hadoop-http-auth-signature-secret
2023-02-14 08:19:42,854 [Listener at 127.0.0.1/42497] WARN  http.HttpRequestLog (HttpRequestLog.java:getRequestLog(103)) - Jetty request log can only be enabled using Log4j
2023-02-14 08:19:42,855 [Listener at 127.0.0.1/42497] INFO  http.HttpServer2 (HttpServer2.java:addGlobalFilter(1031)) - Added global filter 'safety' (class=org.apache.hadoop.hdds.server.http.HttpServer2$QuotingInputFilter)
2023-02-14 08:19:42,855 [Listener at 127.0.0.1/42497] INFO  http.HttpServer2 (HttpServer2.java:addFilter(1007)) - Added filter static_user_filter (class=org.apache.hadoop.http.lib.StaticUserWebFilter$StaticUserFilter) to context hddsDatanode
2023-02-14 08:19:42,856 [Listener at 127.0.0.1/42497] INFO  http.HttpServer2 (HttpServer2.java:addFilter(1015)) - Added filter static_user_filter (class=org.apache.hadoop.http.lib.StaticUserWebFilter$StaticUserFilter) to context static
2023-02-14 08:19:42,856 [Listener at 127.0.0.1/42497] INFO  http.HttpServer2 (HttpServer2.java:addFilter(1015)) - Added filter static_user_filter (class=org.apache.hadoop.http.lib.StaticUserWebFilter$StaticUserFilter) to context logs
2023-02-14 08:19:42,856 [Listener at 127.0.0.1/42497] INFO  http.HttpServer2 (HttpServer2.java:bindListener(1250)) - Jetty bound to port 42919
2023-02-14 08:19:42,856 [Listener at 127.0.0.1/42497] INFO  server.Server (Server.java:doStart(375)) - jetty-9.4.49.v20220914; built: 2022-09-14T01:07:36.601Z; git: 4231a3b2e4cb8548a412a789936d640a97b1aa0a; jvm 1.8.0_362-b09
2023-02-14 08:19:42,859 [Listener at 127.0.0.1/42497] INFO  server.session (DefaultSessionIdManager.java:doStart(334)) - DefaultSessionIdManager workerName=node0
2023-02-14 08:19:42,859 [Listener at 127.0.0.1/42497] INFO  server.session (DefaultSessionIdManager.java:doStart(339)) - No SessionScavenger set, using defaults
2023-02-14 08:19:42,859 [Listener at 127.0.0.1/42497] INFO  server.session (HouseKeeper.java:startScavenging(132)) - node0 Scavenging every 600000ms
2023-02-14 08:19:42,861 [Listener at 127.0.0.1/42497] INFO  handler.ContextHandler (ContextHandler.java:doStart(921)) - Started o.e.j.s.ServletContextHandler@33d7f6db{logs,/logs,file:///home/runner/work/ozone/ozone/hadoop-ozone/integration-test/target/log,AVAILABLE}
2023-02-14 08:19:42,861 [Listener at 127.0.0.1/42497] INFO  handler.ContextHandler (ContextHandler.java:doStart(921)) - Started o.e.j.s.ServletContextHandler@5630c8f1{static,/static,jar:file:/home/runner/.m2/repository/org/apache/ozone/hdds-container-service/1.4.0-SNAPSHOT/hdds-container-service-1.4.0-SNAPSHOT.jar!/webapps/static,AVAILABLE}
2023-02-14 08:19:43,055 [Listener at 127.0.0.1/42497] INFO  handler.ContextHandler (ContextHandler.java:doStart(921)) - Started o.e.j.w.WebAppContext@4fd44b7c{hddsDatanode,/,file:///tmp/jetty-0_0_0_0-42919-hdds-container-service-1_4_0-SNAPSHOT_jar-_-any-204790195712224673/webapp/,AVAILABLE}{jar:file:/home/runner/.m2/repository/org/apache/ozone/hdds-container-service/1.4.0-SNAPSHOT/hdds-container-service-1.4.0-SNAPSHOT.jar!/webapps/hddsDatanode}
2023-02-14 08:19:43,056 [Listener at 127.0.0.1/42497] INFO  server.AbstractConnector (AbstractConnector.java:doStart(333)) - Started ServerConnector@4bf12c48{HTTP/1.1, (http/1.1)}{0.0.0.0:42919}
2023-02-14 08:19:43,056 [Listener at 127.0.0.1/42497] INFO  server.Server (Server.java:doStart(415)) - Started @159133ms
2023-02-14 08:19:43,056 [Listener at 127.0.0.1/42497] WARN  impl.MetricsSystemImpl (MetricsSystemImpl.java:register(279)) - Sink prometheus already exists!
2023-02-14 08:19:43,057 [Listener at 127.0.0.1/42497] INFO  http.BaseHttpServer (BaseHttpServer.java:updateConnectorAddress(333)) - HTTP server of hddsDatanode listening at http://0.0.0.0:42919
2023-02-14 08:19:43,057 [Listener at 127.0.0.1/42497] WARN  impl.MetricRegistriesImpl (MetricRegistriesImpl.java:addReporterRegistration(111)) - New reporters are added after registries were created. Some metrics will be missing from the reporter. Please add reporter before adding any new registry.
2023-02-14 08:19:43,057 [Listener at 127.0.0.1/42497] WARN  impl.MetricRegistriesImpl (MetricRegistriesImpl.java:addReporterRegistration(111)) - New reporters are added after registries were created. Some metrics will be missing from the reporter. Please add reporter before adding any new registry.
2023-02-14 08:19:43,057 [Listener at 127.0.0.1/42497] INFO  impl.MetricsSystemImpl (MetricsSystemImpl.java:init(158)) - HddsDatanode metrics system started (again)
2023-02-14 08:19:43,066 [Datanode State Machine Daemon Thread] INFO  statemachine.DatanodeStateMachine (DatanodeStateMachine.java:lambda$startDaemon$0(516)) - Ozone container server started.
2023-02-14 08:19:43,074 [org.apache.hadoop.util.JvmPauseMonitor$Monitor@3bcc9710] INFO  util.JvmPauseMonitor (JvmPauseMonitor.java:run(188)) - Starting JVM pause monitor
2023-02-14 08:19:43,076 [Listener at 127.0.0.1/42497] INFO  ozone.HddsDatanodeService (HddsDatanodeService.java:start(228)) - HddsDatanodeService host:fv-az476-382.2mevl5kwmm3ezivwarakluutxb.phxx.internal.cloudapp.net ip:10.1.0.19
2023-02-14 08:19:43,078 [Datanode State Machine Task Thread - 0] INFO  datanode.InitDatanodeState (InitDatanodeState.java:persistContainerDatanodeDetails(138)) - DatanodeDetails is persisted to /home/runner/work/ozone/ozone/hadoop-ozone/integration-test/target/test-dir/MiniOzoneClusterImpl-9d03416f-dff1-44af-a51b-f90497d61693/datanode-2/meta/datanode.id
2023-02-14 08:19:43,095 [Listener at 127.0.0.1/42497] INFO  upgrade.AbstractLayoutVersionManager (AbstractLayoutVersionManager.java:init(83)) - Initializing Layout version manager with metadata layout = DATANODE_SCHEMA_V3 (version = 4), software layout = DATANODE_SCHEMA_V3 (version = 4)
2023-02-14 08:19:43,137 [Listener at 127.0.0.1/42497] INFO  reflections.Reflections (Reflections.java:scan(232)) - Reflections took 42 ms to scan 7 urls, producing 150 keys and 363 values 
2023-02-14 08:19:43,138 [Listener at 127.0.0.1/42497] INFO  statemachine.DatanodeStateMachine (DatanodeStateMachine.java:getEndPointTaskThreadPoolSize(260)) - Datanode State Machine Task Thread Pool size 2
2023-02-14 08:19:43,143 [Listener at 127.0.0.1/42497] INFO  volume.HddsVolume (HddsVolume.java:<init>(122)) - Creating HddsVolume: /home/runner/work/ozone/ozone/hadoop-ozone/integration-test/target/test-dir/MiniOzoneClusterImpl-9d03416f-dff1-44af-a51b-f90497d61693/datanode-3/data-0/containers/hdds of storage type : DISK capacity : 9223372036854775807
2023-02-14 08:19:43,143 [Listener at 127.0.0.1/42497] INFO  volume.MutableVolumeSet (MutableVolumeSet.java:initializeVolumeSet(174)) - Added Volume : /home/runner/work/ozone/ozone/hadoop-ozone/integration-test/target/test-dir/MiniOzoneClusterImpl-9d03416f-dff1-44af-a51b-f90497d61693/datanode-3/data-0/containers/hdds to VolumeSet
2023-02-14 08:19:43,143 [Listener at 127.0.0.1/42497] INFO  volume.ThrottledAsyncChecker (ThrottledAsyncChecker.java:schedule(141)) - Scheduling a check for /home/runner/work/ozone/ozone/hadoop-ozone/integration-test/target/test-dir/MiniOzoneClusterImpl-9d03416f-dff1-44af-a51b-f90497d61693/datanode-3/data-0/containers/hdds
2023-02-14 08:19:43,143 [Listener at 127.0.0.1/42497] INFO  volume.StorageVolumeChecker (StorageVolumeChecker.java:checkAllVolumes(202)) - Scheduled health check for volume /home/runner/work/ozone/ozone/hadoop-ozone/integration-test/target/test-dir/MiniOzoneClusterImpl-9d03416f-dff1-44af-a51b-f90497d61693/datanode-3/data-0/containers/hdds
2023-02-14 08:19:43,154 [Listener at 127.0.0.1/42497] INFO  volume.MutableVolumeSet (MutableVolumeSet.java:initializeVolumeSet(174)) - Added Volume : /home/runner/work/ozone/ozone/hadoop-ozone/integration-test/target/test-dir/MiniOzoneClusterImpl-9d03416f-dff1-44af-a51b-f90497d61693/datanode-3/data/ratis to VolumeSet
2023-02-14 08:19:43,154 [Listener at 127.0.0.1/42497] INFO  volume.ThrottledAsyncChecker (ThrottledAsyncChecker.java:schedule(141)) - Scheduling a check for /home/runner/work/ozone/ozone/hadoop-ozone/integration-test/target/test-dir/MiniOzoneClusterImpl-9d03416f-dff1-44af-a51b-f90497d61693/datanode-3/data/ratis
2023-02-14 08:19:43,154 [Listener at 127.0.0.1/42497] INFO  volume.StorageVolumeChecker (StorageVolumeChecker.java:checkAllVolumes(202)) - Scheduled health check for volume /home/runner/work/ozone/ozone/hadoop-ozone/integration-test/target/test-dir/MiniOzoneClusterImpl-9d03416f-dff1-44af-a51b-f90497d61693/datanode-3/data/ratis
2023-02-14 08:19:43,164 [Thread-1467] INFO  ozoneimpl.ContainerReader (ContainerReader.java:readVolume(175)) - Finish verifying containers on volume /home/runner/work/ozone/ozone/hadoop-ozone/integration-test/target/test-dir/MiniOzoneClusterImpl-9d03416f-dff1-44af-a51b-f90497d61693/datanode-3/data-0/containers/hdds
2023-02-14 08:19:43,164 [Listener at 127.0.0.1/42497] INFO  ozoneimpl.OzoneContainer (OzoneContainer.java:buildContainerSet(304)) - Build ContainerSet costs 0s
2023-02-14 08:19:43,166 [Listener at 127.0.0.1/42497] INFO  server.RaftServer (ConfUtils.java:logGet(46)) - raft.rpc.type = GRPC (default)
2023-02-14 08:19:43,166 [Listener at 127.0.0.1/42497] INFO  grpc.GrpcConfigKeys (ConfUtils.java:logFallback(53)) - raft.grpc.admin.host = null (fallback to raft.grpc.server.host)
2023-02-14 08:19:43,166 [Listener at 127.0.0.1/42497] INFO  grpc.GrpcConfigKeys (ConfUtils.java:logGet(46)) - raft.grpc.admin.port = 0 (custom)
2023-02-14 08:19:43,166 [Listener at 127.0.0.1/42497] INFO  grpc.GrpcConfigKeys (ConfUtils.java:logFallback(53)) - raft.grpc.client.host = null (fallback to raft.grpc.server.host)
2023-02-14 08:19:43,166 [Listener at 127.0.0.1/42497] INFO  grpc.GrpcConfigKeys (ConfUtils.java:logGet(46)) - raft.grpc.client.port = 0 (custom)
2023-02-14 08:19:43,166 [Listener at 127.0.0.1/42497] INFO  grpc.GrpcConfigKeys (ConfUtils.java:logGet(46)) - raft.grpc.server.host = null (default)
2023-02-14 08:19:43,166 [Listener at 127.0.0.1/42497] INFO  grpc.GrpcConfigKeys (ConfUtils.java:logGet(46)) - raft.grpc.server.port = 0 (default)
2023-02-14 08:19:43,166 [Listener at 127.0.0.1/42497] INFO  server.GrpcService (ConfUtils.java:logGet(46)) - raft.grpc.message.size.max = 32MB (=33554432) (custom)
2023-02-14 08:19:43,166 [Listener at 127.0.0.1/42497] INFO  server.RaftServerConfigKeys (ConfUtils.java:logGet(46)) - raft.server.log.appender.buffer.byte-limit = 33554432 (custom)
2023-02-14 08:19:43,167 [Listener at 127.0.0.1/42497] INFO  server.GrpcService (ConfUtils.java:logGet(46)) - raft.grpc.flow.control.window = 5MB (=5242880) (custom)
2023-02-14 08:19:43,167 [Listener at 127.0.0.1/42497] INFO  server.RaftServerConfigKeys (ConfUtils.java:logGet(46)) - raft.server.rpc.request.timeout = 60s (custom)
2023-02-14 08:19:43,167 [Listener at 127.0.0.1/42497] INFO  grpc.GrpcConfigKeys (ConfUtils.java:logGet(46)) - raft.grpc.server.heartbeat.channel = true (default)
2023-02-14 08:19:43,167 [Listener at 127.0.0.1/42497] INFO  grpc.GrpcConfigKeys (ConfUtils.java:logGet(46)) - raft.grpc.server.async.request.thread.pool.cached = true (default)
2023-02-14 08:19:43,167 [Listener at 127.0.0.1/42497] INFO  grpc.GrpcConfigKeys (ConfUtils.java:logGet(46)) - raft.grpc.server.async.request.thread.pool.size = 32 (default)
2023-02-14 08:19:43,168 [Listener at 127.0.0.1/42497] INFO  impl.DataStreamServerImpl (ConfUtils.java:logGet(46)) - raft.datastream.type = NETTY (custom)
2023-02-14 08:19:43,168 [Listener at 127.0.0.1/42497] INFO  server.RaftServerConfigKeys (ConfUtils.java:logGet(46)) - raft.server.data-stream.async.request.thread.pool.cached = false (default)
2023-02-14 08:19:43,168 [Listener at 127.0.0.1/42497] INFO  server.RaftServerConfigKeys (ConfUtils.java:logGet(46)) - raft.server.data-stream.async.request.thread.pool.size = 20 (custom)
2023-02-14 08:19:43,168 [Listener at 127.0.0.1/42497] INFO  server.RaftServerConfigKeys (ConfUtils.java:logGet(46)) - raft.server.data-stream.async.write.thread.pool.size = 16 (default)
2023-02-14 08:19:43,168 [Listener at 127.0.0.1/42497] INFO  server.RaftServerConfigKeys (ConfUtils.java:logGet(46)) - raft.server.data-stream.client.pool.size = 10 (default)
2023-02-14 08:19:43,168 [Listener at 127.0.0.1/42497] INFO  netty.NettyConfigKeys$DataStream (ConfUtils.java:logGet(46)) - raft.netty.dataStream.server.use-epoll = false (default)
2023-02-14 08:19:43,168 [Listener at 127.0.0.1/42497] INFO  netty.NettyConfigKeys$DataStream (ConfUtils.java:logGet(46)) - raft.netty.dataStream.server.boss-group.size = 0 (default)
2023-02-14 08:19:43,169 [Listener at 127.0.0.1/42497] INFO  netty.NettyConfigKeys$DataStream (ConfUtils.java:logGet(46)) - raft.netty.dataStream.server.worker-group.size = 0 (default)
2023-02-14 08:19:43,169 [Listener at 127.0.0.1/42497] INFO  netty.NettyConfigKeys$DataStream (ConfUtils.java:logGet(46)) - raft.netty.dataStream.server.tls.conf = null (default)
2023-02-14 08:19:43,169 [Listener at 127.0.0.1/42497] INFO  netty.NettyConfigKeys$DataStream (ConfUtils.java:logGet(46)) - raft.netty.dataStream.host = null (default)
2023-02-14 08:19:43,169 [Listener at 127.0.0.1/42497] INFO  netty.NettyConfigKeys$DataStream (ConfUtils.java:logGet(46)) - raft.netty.dataStream.port = 0 (default)
2023-02-14 08:19:43,170 [Listener at 127.0.0.1/42497] INFO  server.RaftServerConfigKeys (ConfUtils.java:logGet(46)) - raft.server.threadpool.proxy.cached = true (default)
2023-02-14 08:19:43,170 [Listener at 127.0.0.1/42497] INFO  server.RaftServerConfigKeys (ConfUtils.java:logGet(46)) - raft.server.threadpool.proxy.size = 0 (default)
2023-02-14 08:19:43,170 [Listener at 127.0.0.1/42497] INFO  server.RaftServerConfigKeys (ConfUtils.java:logGet(46)) - raft.server.rpc.slowness.timeout = 300s (custom)
2023-02-14 08:19:43,170 [Listener at 127.0.0.1/42497] INFO  server.RaftServerConfigKeys (ConfUtils.java:logGet(46)) - raft.server.leaderelection.leader.step-down.wait-time = 10s (default)
2023-02-14 08:19:43,170 [Listener at 127.0.0.1/42497] INFO  server.RaftServerConfigKeys (ConfUtils.java:logGet(46)) - raft.server.storage.dir = [/home/runner/work/ozone/ozone/hadoop-ozone/integration-test/target/test-dir/MiniOzoneClusterImpl-9d03416f-dff1-44af-a51b-f90497d61693/datanode-3/data/ratis] (custom)
2023-02-14 08:19:43,170 [6d2a8adb-ebe8-462b-9c77-c5b139cd2711-NettyServerStreamRpc-bossGroup--thread1] INFO  logging.LoggingHandler (AbstractInternalLogger.java:log(148)) - [id: 0x2e5d7e30] REGISTERED
2023-02-14 08:19:43,171 [6d2a8adb-ebe8-462b-9c77-c5b139cd2711-NettyServerStreamRpc-bossGroup--thread1] INFO  logging.LoggingHandler (AbstractInternalLogger.java:log(148)) - [id: 0x2e5d7e30] BIND: 0.0.0.0/0.0.0.0:0
2023-02-14 08:19:43,171 [6d2a8adb-ebe8-462b-9c77-c5b139cd2711-NettyServerStreamRpc-bossGroup--thread1] INFO  logging.LoggingHandler (AbstractInternalLogger.java:log(148)) - [id: 0x2e5d7e30, L:/0:0:0:0:0:0:0:0:39333] ACTIVE
2023-02-14 08:19:43,174 [Listener at 127.0.0.1/42497] INFO  server.XceiverServerGrpc (XceiverServerGrpc.java:<init>(132)) - GrpcServer channel type EpollServerSocketChannel
2023-02-14 08:19:43,177 [Listener at 127.0.0.1/42497] INFO  http.BaseHttpServer (BaseHttpServer.java:newHttpServer2BuilderForOzone(213)) - Starting Web-server for hddsDatanode at: http://0.0.0.0:0
2023-02-14 08:19:43,177 [Listener at 127.0.0.1/42497] INFO  http.BaseHttpServer (BaseHttpServer.java:<init>(108)) - Hadoop Security Enabled: false Ozone Security Enabled: false Ozone HTTP Security Enabled: false 
2023-02-14 08:19:43,178 [Listener at 127.0.0.1/42497] WARN  server.AuthenticationFilter (AuthenticationFilter.java:constructSecretProvider(240)) - Unable to initialize FileSignerSecretProvider, falling back to use random secrets. Reason: Could not read signature secret file: /home/runner/hadoop-http-auth-signature-secret
2023-02-14 08:19:43,178 [Listener at 127.0.0.1/42497] WARN  http.HttpRequestLog (HttpRequestLog.java:getRequestLog(103)) - Jetty request log can only be enabled using Log4j
2023-02-14 08:19:43,179 [Listener at 127.0.0.1/42497] INFO  http.HttpServer2 (HttpServer2.java:addGlobalFilter(1031)) - Added global filter 'safety' (class=org.apache.hadoop.hdds.server.http.HttpServer2$QuotingInputFilter)
2023-02-14 08:19:43,180 [Listener at 127.0.0.1/42497] INFO  http.HttpServer2 (HttpServer2.java:addFilter(1007)) - Added filter static_user_filter (class=org.apache.hadoop.http.lib.StaticUserWebFilter$StaticUserFilter) to context hddsDatanode
2023-02-14 08:19:43,180 [Listener at 127.0.0.1/42497] INFO  http.HttpServer2 (HttpServer2.java:addFilter(1015)) - Added filter static_user_filter (class=org.apache.hadoop.http.lib.StaticUserWebFilter$StaticUserFilter) to context logs
2023-02-14 08:19:43,180 [Listener at 127.0.0.1/42497] INFO  http.HttpServer2 (HttpServer2.java:addFilter(1015)) - Added filter static_user_filter (class=org.apache.hadoop.http.lib.StaticUserWebFilter$StaticUserFilter) to context static
2023-02-14 08:19:43,180 [Listener at 127.0.0.1/42497] INFO  http.HttpServer2 (HttpServer2.java:bindListener(1250)) - Jetty bound to port 41163
2023-02-14 08:19:43,180 [Listener at 127.0.0.1/42497] INFO  server.Server (Server.java:doStart(375)) - jetty-9.4.49.v20220914; built: 2022-09-14T01:07:36.601Z; git: 4231a3b2e4cb8548a412a789936d640a97b1aa0a; jvm 1.8.0_362-b09
2023-02-14 08:19:43,182 [Listener at 127.0.0.1/42497] INFO  server.session (DefaultSessionIdManager.java:doStart(334)) - DefaultSessionIdManager workerName=node0
2023-02-14 08:19:43,183 [Listener at 127.0.0.1/42497] INFO  server.session (DefaultSessionIdManager.java:doStart(339)) - No SessionScavenger set, using defaults
2023-02-14 08:19:43,183 [Listener at 127.0.0.1/42497] INFO  server.session (HouseKeeper.java:startScavenging(132)) - node0 Scavenging every 600000ms
2023-02-14 08:19:43,183 [Listener at 127.0.0.1/42497] INFO  handler.ContextHandler (ContextHandler.java:doStart(921)) - Started o.e.j.s.ServletContextHandler@15bf089{logs,/logs,file:///home/runner/work/ozone/ozone/hadoop-ozone/integration-test/target/log,AVAILABLE}
2023-02-14 08:19:43,183 [Listener at 127.0.0.1/42497] INFO  handler.ContextHandler (ContextHandler.java:doStart(921)) - Started o.e.j.s.ServletContextHandler@587d9280{static,/static,jar:file:/home/runner/.m2/repository/org/apache/ozone/hdds-container-service/1.4.0-SNAPSHOT/hdds-container-service-1.4.0-SNAPSHOT.jar!/webapps/static,AVAILABLE}
2023-02-14 08:19:43,391 [Listener at 127.0.0.1/42497] INFO  handler.ContextHandler (ContextHandler.java:doStart(921)) - Started o.e.j.w.WebAppContext@14aebcad{hddsDatanode,/,file:///tmp/jetty-0_0_0_0-41163-hdds-container-service-1_4_0-SNAPSHOT_jar-_-any-409977151272212072/webapp/,AVAILABLE}{jar:file:/home/runner/.m2/repository/org/apache/ozone/hdds-container-service/1.4.0-SNAPSHOT/hdds-container-service-1.4.0-SNAPSHOT.jar!/webapps/hddsDatanode}
2023-02-14 08:19:43,392 [Listener at 127.0.0.1/42497] INFO  server.AbstractConnector (AbstractConnector.java:doStart(333)) - Started ServerConnector@6f67141d{HTTP/1.1, (http/1.1)}{0.0.0.0:41163}
2023-02-14 08:19:43,392 [Listener at 127.0.0.1/42497] INFO  server.Server (Server.java:doStart(415)) - Started @159468ms
2023-02-14 08:19:43,392 [Listener at 127.0.0.1/42497] WARN  impl.MetricsSystemImpl (MetricsSystemImpl.java:register(279)) - Sink prometheus already exists!
2023-02-14 08:19:43,392 [Listener at 127.0.0.1/42497] INFO  http.BaseHttpServer (BaseHttpServer.java:updateConnectorAddress(333)) - HTTP server of hddsDatanode listening at http://0.0.0.0:41163
2023-02-14 08:19:43,393 [Listener at 127.0.0.1/42497] WARN  impl.MetricRegistriesImpl (MetricRegistriesImpl.java:addReporterRegistration(111)) - New reporters are added after registries were created. Some metrics will be missing from the reporter. Please add reporter before adding any new registry.
2023-02-14 08:19:43,393 [Listener at 127.0.0.1/42497] WARN  impl.MetricRegistriesImpl (MetricRegistriesImpl.java:addReporterRegistration(111)) - New reporters are added after registries were created. Some metrics will be missing from the reporter. Please add reporter before adding any new registry.
2023-02-14 08:19:43,393 [Listener at 127.0.0.1/42497] INFO  impl.MetricsSystemImpl (MetricsSystemImpl.java:init(158)) - HddsDatanode metrics system started (again)
2023-02-14 08:19:43,394 [Datanode State Machine Daemon Thread] INFO  statemachine.DatanodeStateMachine (DatanodeStateMachine.java:lambda$startDaemon$0(516)) - Ozone container server started.
2023-02-14 08:19:43,404 [Listener at 127.0.0.1/42497] INFO  ozone.HddsDatanodeService (HddsDatanodeService.java:start(228)) - HddsDatanodeService host:fv-az476-382.2mevl5kwmm3ezivwarakluutxb.phxx.internal.cloudapp.net ip:10.1.0.19
2023-02-14 08:19:43,410 [org.apache.hadoop.util.JvmPauseMonitor$Monitor@287f2120] INFO  util.JvmPauseMonitor (JvmPauseMonitor.java:run(188)) - Starting JVM pause monitor
2023-02-14 08:19:43,411 [Datanode State Machine Task Thread - 0] INFO  datanode.InitDatanodeState (InitDatanodeState.java:persistContainerDatanodeDetails(138)) - DatanodeDetails is persisted to /home/runner/work/ozone/ozone/hadoop-ozone/integration-test/target/test-dir/MiniOzoneClusterImpl-9d03416f-dff1-44af-a51b-f90497d61693/datanode-3/meta/datanode.id
2023-02-14 08:19:43,419 [Listener at 127.0.0.1/42497] INFO  upgrade.AbstractLayoutVersionManager (AbstractLayoutVersionManager.java:init(83)) - Initializing Layout version manager with metadata layout = DATANODE_SCHEMA_V3 (version = 4), software layout = DATANODE_SCHEMA_V3 (version = 4)
2023-02-14 08:19:43,462 [Listener at 127.0.0.1/42497] INFO  reflections.Reflections (Reflections.java:scan(232)) - Reflections took 42 ms to scan 7 urls, producing 150 keys and 363 values 
2023-02-14 08:19:43,464 [Listener at 127.0.0.1/42497] INFO  statemachine.DatanodeStateMachine (DatanodeStateMachine.java:getEndPointTaskThreadPoolSize(260)) - Datanode State Machine Task Thread Pool size 2
2023-02-14 08:19:43,466 [Listener at 127.0.0.1/42497] INFO  volume.HddsVolume (HddsVolume.java:<init>(122)) - Creating HddsVolume: /home/runner/work/ozone/ozone/hadoop-ozone/integration-test/target/test-dir/MiniOzoneClusterImpl-9d03416f-dff1-44af-a51b-f90497d61693/datanode-4/data-0/containers/hdds of storage type : DISK capacity : 9223372036854775807
2023-02-14 08:19:43,467 [Listener at 127.0.0.1/42497] INFO  volume.MutableVolumeSet (MutableVolumeSet.java:initializeVolumeSet(174)) - Added Volume : /home/runner/work/ozone/ozone/hadoop-ozone/integration-test/target/test-dir/MiniOzoneClusterImpl-9d03416f-dff1-44af-a51b-f90497d61693/datanode-4/data-0/containers/hdds to VolumeSet
2023-02-14 08:19:43,467 [Listener at 127.0.0.1/42497] INFO  volume.ThrottledAsyncChecker (ThrottledAsyncChecker.java:schedule(141)) - Scheduling a check for /home/runner/work/ozone/ozone/hadoop-ozone/integration-test/target/test-dir/MiniOzoneClusterImpl-9d03416f-dff1-44af-a51b-f90497d61693/datanode-4/data-0/containers/hdds
2023-02-14 08:19:43,469 [Listener at 127.0.0.1/42497] INFO  volume.StorageVolumeChecker (StorageVolumeChecker.java:checkAllVolumes(202)) - Scheduled health check for volume /home/runner/work/ozone/ozone/hadoop-ozone/integration-test/target/test-dir/MiniOzoneClusterImpl-9d03416f-dff1-44af-a51b-f90497d61693/datanode-4/data-0/containers/hdds
2023-02-14 08:19:43,479 [Listener at 127.0.0.1/42497] INFO  volume.MutableVolumeSet (MutableVolumeSet.java:initializeVolumeSet(174)) - Added Volume : /home/runner/work/ozone/ozone/hadoop-ozone/integration-test/target/test-dir/MiniOzoneClusterImpl-9d03416f-dff1-44af-a51b-f90497d61693/datanode-4/data/ratis to VolumeSet
2023-02-14 08:19:43,479 [Listener at 127.0.0.1/42497] INFO  volume.ThrottledAsyncChecker (ThrottledAsyncChecker.java:schedule(141)) - Scheduling a check for /home/runner/work/ozone/ozone/hadoop-ozone/integration-test/target/test-dir/MiniOzoneClusterImpl-9d03416f-dff1-44af-a51b-f90497d61693/datanode-4/data/ratis
2023-02-14 08:19:43,479 [Listener at 127.0.0.1/42497] INFO  volume.StorageVolumeChecker (StorageVolumeChecker.java:checkAllVolumes(202)) - Scheduled health check for volume /home/runner/work/ozone/ozone/hadoop-ozone/integration-test/target/test-dir/MiniOzoneClusterImpl-9d03416f-dff1-44af-a51b-f90497d61693/datanode-4/data/ratis
2023-02-14 08:19:43,490 [Thread-1481] INFO  ozoneimpl.ContainerReader (ContainerReader.java:readVolume(175)) - Finish verifying containers on volume /home/runner/work/ozone/ozone/hadoop-ozone/integration-test/target/test-dir/MiniOzoneClusterImpl-9d03416f-dff1-44af-a51b-f90497d61693/datanode-4/data-0/containers/hdds
2023-02-14 08:19:43,490 [Listener at 127.0.0.1/42497] INFO  ozoneimpl.OzoneContainer (OzoneContainer.java:buildContainerSet(304)) - Build ContainerSet costs 0s
2023-02-14 08:19:43,491 [Listener at 127.0.0.1/42497] INFO  server.RaftServer (ConfUtils.java:logGet(46)) - raft.rpc.type = GRPC (default)
2023-02-14 08:19:43,491 [Listener at 127.0.0.1/42497] INFO  grpc.GrpcConfigKeys (ConfUtils.java:logFallback(53)) - raft.grpc.admin.host = null (fallback to raft.grpc.server.host)
2023-02-14 08:19:43,491 [Listener at 127.0.0.1/42497] INFO  grpc.GrpcConfigKeys (ConfUtils.java:logGet(46)) - raft.grpc.admin.port = 0 (custom)
2023-02-14 08:19:43,491 [Listener at 127.0.0.1/42497] INFO  grpc.GrpcConfigKeys (ConfUtils.java:logFallback(53)) - raft.grpc.client.host = null (fallback to raft.grpc.server.host)
2023-02-14 08:19:43,492 [Listener at 127.0.0.1/42497] INFO  grpc.GrpcConfigKeys (ConfUtils.java:logGet(46)) - raft.grpc.client.port = 0 (custom)
2023-02-14 08:19:43,492 [Listener at 127.0.0.1/42497] INFO  grpc.GrpcConfigKeys (ConfUtils.java:logGet(46)) - raft.grpc.server.host = null (default)
2023-02-14 08:19:43,492 [Listener at 127.0.0.1/42497] INFO  grpc.GrpcConfigKeys (ConfUtils.java:logGet(46)) - raft.grpc.server.port = 0 (default)
2023-02-14 08:19:43,492 [Listener at 127.0.0.1/42497] INFO  server.GrpcService (ConfUtils.java:logGet(46)) - raft.grpc.message.size.max = 32MB (=33554432) (custom)
2023-02-14 08:19:43,492 [Listener at 127.0.0.1/42497] INFO  server.RaftServerConfigKeys (ConfUtils.java:logGet(46)) - raft.server.log.appender.buffer.byte-limit = 33554432 (custom)
2023-02-14 08:19:43,492 [Listener at 127.0.0.1/42497] INFO  server.GrpcService (ConfUtils.java:logGet(46)) - raft.grpc.flow.control.window = 5MB (=5242880) (custom)
2023-02-14 08:19:43,492 [Listener at 127.0.0.1/42497] INFO  server.RaftServerConfigKeys (ConfUtils.java:logGet(46)) - raft.server.rpc.request.timeout = 60s (custom)
2023-02-14 08:19:43,492 [Listener at 127.0.0.1/42497] INFO  grpc.GrpcConfigKeys (ConfUtils.java:logGet(46)) - raft.grpc.server.heartbeat.channel = true (default)
2023-02-14 08:19:43,492 [Listener at 127.0.0.1/42497] INFO  grpc.GrpcConfigKeys (ConfUtils.java:logGet(46)) - raft.grpc.server.async.request.thread.pool.cached = true (default)
2023-02-14 08:19:43,492 [Listener at 127.0.0.1/42497] INFO  grpc.GrpcConfigKeys (ConfUtils.java:logGet(46)) - raft.grpc.server.async.request.thread.pool.size = 32 (default)
2023-02-14 08:19:43,493 [Listener at 127.0.0.1/42497] INFO  impl.DataStreamServerImpl (ConfUtils.java:logGet(46)) - raft.datastream.type = NETTY (custom)
2023-02-14 08:19:43,493 [Listener at 127.0.0.1/42497] INFO  server.RaftServerConfigKeys (ConfUtils.java:logGet(46)) - raft.server.data-stream.async.request.thread.pool.cached = false (default)
2023-02-14 08:19:43,493 [Listener at 127.0.0.1/42497] INFO  server.RaftServerConfigKeys (ConfUtils.java:logGet(46)) - raft.server.data-stream.async.request.thread.pool.size = 20 (custom)
2023-02-14 08:19:43,493 [Listener at 127.0.0.1/42497] INFO  server.RaftServerConfigKeys (ConfUtils.java:logGet(46)) - raft.server.data-stream.async.write.thread.pool.size = 16 (default)
2023-02-14 08:19:43,493 [Listener at 127.0.0.1/42497] INFO  server.RaftServerConfigKeys (ConfUtils.java:logGet(46)) - raft.server.data-stream.client.pool.size = 10 (default)
2023-02-14 08:19:43,494 [Listener at 127.0.0.1/42497] INFO  netty.NettyConfigKeys$DataStream (ConfUtils.java:logGet(46)) - raft.netty.dataStream.server.use-epoll = false (default)
2023-02-14 08:19:43,494 [Listener at 127.0.0.1/42497] INFO  netty.NettyConfigKeys$DataStream (ConfUtils.java:logGet(46)) - raft.netty.dataStream.server.boss-group.size = 0 (default)
2023-02-14 08:19:43,494 [Listener at 127.0.0.1/42497] INFO  netty.NettyConfigKeys$DataStream (ConfUtils.java:logGet(46)) - raft.netty.dataStream.server.worker-group.size = 0 (default)
2023-02-14 08:19:43,494 [Listener at 127.0.0.1/42497] INFO  netty.NettyConfigKeys$DataStream (ConfUtils.java:logGet(46)) - raft.netty.dataStream.server.tls.conf = null (default)
2023-02-14 08:19:43,494 [Listener at 127.0.0.1/42497] INFO  netty.NettyConfigKeys$DataStream (ConfUtils.java:logGet(46)) - raft.netty.dataStream.host = null (default)
2023-02-14 08:19:43,494 [Listener at 127.0.0.1/42497] INFO  netty.NettyConfigKeys$DataStream (ConfUtils.java:logGet(46)) - raft.netty.dataStream.port = 0 (default)
2023-02-14 08:19:43,502 [Listener at 127.0.0.1/42497] INFO  server.RaftServerConfigKeys (ConfUtils.java:logGet(46)) - raft.server.threadpool.proxy.cached = true (default)
2023-02-14 08:19:43,502 [Listener at 127.0.0.1/42497] INFO  server.RaftServerConfigKeys (ConfUtils.java:logGet(46)) - raft.server.threadpool.proxy.size = 0 (default)
2023-02-14 08:19:43,502 [Listener at 127.0.0.1/42497] INFO  server.RaftServerConfigKeys (ConfUtils.java:logGet(46)) - raft.server.rpc.slowness.timeout = 300s (custom)
2023-02-14 08:19:43,502 [Listener at 127.0.0.1/42497] INFO  server.RaftServerConfigKeys (ConfUtils.java:logGet(46)) - raft.server.leaderelection.leader.step-down.wait-time = 10s (default)
2023-02-14 08:19:43,503 [Listener at 127.0.0.1/42497] INFO  server.RaftServerConfigKeys (ConfUtils.java:logGet(46)) - raft.server.storage.dir = [/home/runner/work/ozone/ozone/hadoop-ozone/integration-test/target/test-dir/MiniOzoneClusterImpl-9d03416f-dff1-44af-a51b-f90497d61693/datanode-4/data/ratis] (custom)
2023-02-14 08:19:43,503 [5eaff5f0-27f1-4250-be20-7eaa1ed6359c-NettyServerStreamRpc-bossGroup--thread1] INFO  logging.LoggingHandler (AbstractInternalLogger.java:log(148)) - [id: 0x5cb084a7] REGISTERED
2023-02-14 08:19:43,503 [5eaff5f0-27f1-4250-be20-7eaa1ed6359c-NettyServerStreamRpc-bossGroup--thread1] INFO  logging.LoggingHandler (AbstractInternalLogger.java:log(148)) - [id: 0x5cb084a7] BIND: 0.0.0.0/0.0.0.0:0
2023-02-14 08:19:43,503 [5eaff5f0-27f1-4250-be20-7eaa1ed6359c-NettyServerStreamRpc-bossGroup--thread1] INFO  logging.LoggingHandler (AbstractInternalLogger.java:log(148)) - [id: 0x5cb084a7, L:/0:0:0:0:0:0:0:0:45063] ACTIVE
2023-02-14 08:19:43,504 [Listener at 127.0.0.1/42497] INFO  server.XceiverServerGrpc (XceiverServerGrpc.java:<init>(132)) - GrpcServer channel type EpollServerSocketChannel
2023-02-14 08:19:43,507 [Listener at 127.0.0.1/42497] INFO  http.BaseHttpServer (BaseHttpServer.java:newHttpServer2BuilderForOzone(213)) - Starting Web-server for hddsDatanode at: http://0.0.0.0:0
2023-02-14 08:19:43,507 [Listener at 127.0.0.1/42497] INFO  http.BaseHttpServer (BaseHttpServer.java:<init>(108)) - Hadoop Security Enabled: false Ozone Security Enabled: false Ozone HTTP Security Enabled: false 
2023-02-14 08:19:43,507 [Listener at 127.0.0.1/42497] WARN  server.AuthenticationFilter (AuthenticationFilter.java:constructSecretProvider(240)) - Unable to initialize FileSignerSecretProvider, falling back to use random secrets. Reason: Could not read signature secret file: /home/runner/hadoop-http-auth-signature-secret
2023-02-14 08:19:43,508 [Listener at 127.0.0.1/42497] WARN  http.HttpRequestLog (HttpRequestLog.java:getRequestLog(103)) - Jetty request log can only be enabled using Log4j
2023-02-14 08:19:43,509 [Listener at 127.0.0.1/42497] INFO  http.HttpServer2 (HttpServer2.java:addGlobalFilter(1031)) - Added global filter 'safety' (class=org.apache.hadoop.hdds.server.http.HttpServer2$QuotingInputFilter)
2023-02-14 08:19:43,509 [Listener at 127.0.0.1/42497] INFO  http.HttpServer2 (HttpServer2.java:addFilter(1007)) - Added filter static_user_filter (class=org.apache.hadoop.http.lib.StaticUserWebFilter$StaticUserFilter) to context hddsDatanode
2023-02-14 08:19:43,509 [Listener at 127.0.0.1/42497] INFO  http.HttpServer2 (HttpServer2.java:addFilter(1015)) - Added filter static_user_filter (class=org.apache.hadoop.http.lib.StaticUserWebFilter$StaticUserFilter) to context logs
2023-02-14 08:19:43,509 [Listener at 127.0.0.1/42497] INFO  http.HttpServer2 (HttpServer2.java:addFilter(1015)) - Added filter static_user_filter (class=org.apache.hadoop.http.lib.StaticUserWebFilter$StaticUserFilter) to context static
2023-02-14 08:19:43,510 [Listener at 127.0.0.1/42497] INFO  http.HttpServer2 (HttpServer2.java:bindListener(1250)) - Jetty bound to port 37259
2023-02-14 08:19:43,510 [Listener at 127.0.0.1/42497] INFO  server.Server (Server.java:doStart(375)) - jetty-9.4.49.v20220914; built: 2022-09-14T01:07:36.601Z; git: 4231a3b2e4cb8548a412a789936d640a97b1aa0a; jvm 1.8.0_362-b09
2023-02-14 08:19:43,511 [Listener at 127.0.0.1/42497] INFO  server.session (DefaultSessionIdManager.java:doStart(334)) - DefaultSessionIdManager workerName=node0
2023-02-14 08:19:43,511 [Listener at 127.0.0.1/42497] INFO  server.session (DefaultSessionIdManager.java:doStart(339)) - No SessionScavenger set, using defaults
2023-02-14 08:19:43,511 [Listener at 127.0.0.1/42497] INFO  server.session (HouseKeeper.java:startScavenging(132)) - node0 Scavenging every 600000ms
2023-02-14 08:19:43,511 [Listener at 127.0.0.1/42497] INFO  handler.ContextHandler (ContextHandler.java:doStart(921)) - Started o.e.j.s.ServletContextHandler@70b67f13{logs,/logs,file:///home/runner/work/ozone/ozone/hadoop-ozone/integration-test/target/log,AVAILABLE}
2023-02-14 08:19:43,512 [Listener at 127.0.0.1/42497] INFO  handler.ContextHandler (ContextHandler.java:doStart(921)) - Started o.e.j.s.ServletContextHandler@222ede10{static,/static,jar:file:/home/runner/.m2/repository/org/apache/ozone/hdds-container-service/1.4.0-SNAPSHOT/hdds-container-service-1.4.0-SNAPSHOT.jar!/webapps/static,AVAILABLE}
2023-02-14 08:19:43,704 [Listener at 127.0.0.1/42497] INFO  handler.ContextHandler (ContextHandler.java:doStart(921)) - Started o.e.j.w.WebAppContext@255bd2eb{hddsDatanode,/,file:///tmp/jetty-0_0_0_0-37259-hdds-container-service-1_4_0-SNAPSHOT_jar-_-any-5713439801588745928/webapp/,AVAILABLE}{jar:file:/home/runner/.m2/repository/org/apache/ozone/hdds-container-service/1.4.0-SNAPSHOT/hdds-container-service-1.4.0-SNAPSHOT.jar!/webapps/hddsDatanode}
2023-02-14 08:19:43,705 [Listener at 127.0.0.1/42497] INFO  server.AbstractConnector (AbstractConnector.java:doStart(333)) - Started ServerConnector@1d442b80{HTTP/1.1, (http/1.1)}{0.0.0.0:37259}
2023-02-14 08:19:43,705 [Listener at 127.0.0.1/42497] INFO  server.Server (Server.java:doStart(415)) - Started @159782ms
2023-02-14 08:19:43,705 [Listener at 127.0.0.1/42497] WARN  impl.MetricsSystemImpl (MetricsSystemImpl.java:register(279)) - Sink prometheus already exists!
2023-02-14 08:19:43,706 [Listener at 127.0.0.1/42497] INFO  http.BaseHttpServer (BaseHttpServer.java:updateConnectorAddress(333)) - HTTP server of hddsDatanode listening at http://0.0.0.0:37259
2023-02-14 08:19:43,706 [Datanode State Machine Daemon Thread] INFO  statemachine.DatanodeStateMachine (DatanodeStateMachine.java:lambda$startDaemon$0(516)) - Ozone container server started.
2023-02-14 08:19:43,706 [Listener at 127.0.0.1/42497] INFO  ozone.MiniOzoneClusterImpl (MiniOzoneClusterImpl.java:lambda$waitForClusterToBeReady$0(218)) - Waiting for nodes to be ready. Got 0 of 5 DN Heartbeats.
2023-02-14 08:19:43,707 [Listener at 127.0.0.1/42497] INFO  ozone.MiniOzoneClusterImpl (MiniOzoneClusterImpl.java:lambda$waitForClusterToBeReady$0(221)) - Waiting for cluster to exit safe mode
2023-02-14 08:19:43,707 [Listener at 127.0.0.1/42497] INFO  ozone.MiniOzoneClusterImpl (MiniOzoneClusterImpl.java:lambda$waitForClusterToBeReady$0(223)) - SCM became leader
2023-02-14 08:19:43,708 [org.apache.hadoop.util.JvmPauseMonitor$Monitor@5fbb77a6] INFO  util.JvmPauseMonitor (JvmPauseMonitor.java:run(188)) - Starting JVM pause monitor
2023-02-14 08:19:43,714 [Datanode State Machine Task Thread - 0] INFO  datanode.InitDatanodeState (InitDatanodeState.java:persistContainerDatanodeDetails(138)) - DatanodeDetails is persisted to /home/runner/work/ozone/ozone/hadoop-ozone/integration-test/target/test-dir/MiniOzoneClusterImpl-9d03416f-dff1-44af-a51b-f90497d61693/datanode-4/meta/datanode.id
2023-02-14 08:19:44,461 [EndpointStateMachine task thread for /0.0.0.0:34725 - 0 ] INFO  utils.DatanodeStoreCache (DatanodeStoreCache.java:addDB(58)) - Added db /home/runner/work/ozone/ozone/hadoop-ozone/integration-test/target/test-dir/MiniOzoneClusterImpl-9d03416f-dff1-44af-a51b-f90497d61693/datanode-0/data-0/containers/hdds/9d03416f-dff1-44af-a51b-f90497d61693/DS-556a84d5-ec58-479d-ae5d-2396e284be2b/container.db to cache
2023-02-14 08:19:44,461 [EndpointStateMachine task thread for /0.0.0.0:34725 - 0 ] INFO  volume.HddsVolume (HddsVolume.java:createDbStore(331)) - SchemaV3 db is created and loaded at /home/runner/work/ozone/ozone/hadoop-ozone/integration-test/target/test-dir/MiniOzoneClusterImpl-9d03416f-dff1-44af-a51b-f90497d61693/datanode-0/data-0/containers/hdds/9d03416f-dff1-44af-a51b-f90497d61693/DS-556a84d5-ec58-479d-ae5d-2396e284be2b/container.db for volume DS-556a84d5-ec58-479d-ae5d-2396e284be2b
2023-02-14 08:19:44,462 [EndpointStateMachine task thread for /0.0.0.0:34725 - 0 ] INFO  ozoneimpl.OzoneContainer (OzoneContainer.java:start(398)) - Attempting to start container services.
2023-02-14 08:19:44,462 [EndpointStateMachine task thread for /0.0.0.0:34725 - 0 ] INFO  ozoneimpl.OzoneContainer (OzoneContainer.java:startContainerScrub(315)) - Scheduled background container scanners and the on-demand container scanner have been disabled.
2023-02-14 08:19:44,464 [EndpointStateMachine task thread for /0.0.0.0:34725 - 0 ] INFO  replication.ReplicationServer (ReplicationServer.java:start(109)) - ReplicationServer is started using port 46277
2023-02-14 08:19:44,465 [EndpointStateMachine task thread for /0.0.0.0:34725 - 0 ] INFO  ratis.XceiverServerRatis (XceiverServerRatis.java:start(518)) - Starting XceiverServerRatis 41c129e8-6aab-4c9d-a285-58cf14387518
2023-02-14 08:19:44,465 [EndpointStateMachine task thread for /0.0.0.0:34725 - 0 ] INFO  server.RaftServer (RaftServerProxy.java:startImpl(393)) - 41c129e8-6aab-4c9d-a285-58cf14387518: start RPC server
2023-02-14 08:19:44,467 [EndpointStateMachine task thread for /0.0.0.0:34725 - 0 ] INFO  server.GrpcService (GrpcService.java:startImpl(262)) - 41c129e8-6aab-4c9d-a285-58cf14387518: GrpcService started, listening on 42087
2023-02-14 08:19:44,467 [EndpointStateMachine task thread for /0.0.0.0:34725 - 0 ] INFO  ratis.XceiverServerRatis (XceiverServerRatis.java:getRealPort(544)) - XceiverServerRatis 41c129e8-6aab-4c9d-a285-58cf14387518 is started using port 42087 for RATIS
2023-02-14 08:19:44,467 [EndpointStateMachine task thread for /0.0.0.0:34725 - 0 ] INFO  ratis.XceiverServerRatis (XceiverServerRatis.java:getRealPort(544)) - XceiverServerRatis 41c129e8-6aab-4c9d-a285-58cf14387518 is started using port 42087 for RATIS_ADMIN
2023-02-14 08:19:44,467 [JvmPauseMonitor17] INFO  util.JvmPauseMonitor (JvmPauseMonitor.java:run(105)) - JvmPauseMonitor-41c129e8-6aab-4c9d-a285-58cf14387518: Started
2023-02-14 08:19:44,467 [EndpointStateMachine task thread for /0.0.0.0:34725 - 0 ] INFO  ratis.XceiverServerRatis (XceiverServerRatis.java:getRealPort(544)) - XceiverServerRatis 41c129e8-6aab-4c9d-a285-58cf14387518 is started using port 42087 for RATIS_SERVER
2023-02-14 08:19:44,467 [EndpointStateMachine task thread for /0.0.0.0:34725 - 0 ] INFO  ratis.XceiverServerRatis (XceiverServerRatis.java:getRealPort(544)) - XceiverServerRatis 41c129e8-6aab-4c9d-a285-58cf14387518 is started using port 37525 for RATIS_DATASTREAM
2023-02-14 08:19:44,469 [EndpointStateMachine task thread for /0.0.0.0:34725 - 0 ] INFO  server.XceiverServerGrpc (XceiverServerGrpc.java:start(180)) - XceiverServerGrpc 41c129e8-6aab-4c9d-a285-58cf14387518 is started using port 33763
2023-02-14 08:19:44,707 [Listener at 127.0.0.1/42497] INFO  ozone.MiniOzoneClusterImpl (MiniOzoneClusterImpl.java:lambda$waitForClusterToBeReady$0(218)) - Waiting for nodes to be ready. Got 0 of 5 DN Heartbeats.
2023-02-14 08:19:44,708 [Listener at 127.0.0.1/42497] INFO  ozone.MiniOzoneClusterImpl (MiniOzoneClusterImpl.java:lambda$waitForClusterToBeReady$0(221)) - Waiting for cluster to exit safe mode
2023-02-14 08:19:44,708 [Listener at 127.0.0.1/42497] INFO  ozone.MiniOzoneClusterImpl (MiniOzoneClusterImpl.java:lambda$waitForClusterToBeReady$0(223)) - SCM became leader
2023-02-14 08:19:44,793 [EndpointStateMachine task thread for /0.0.0.0:34725 - 0 ] INFO  utils.DatanodeStoreCache (DatanodeStoreCache.java:addDB(58)) - Added db /home/runner/work/ozone/ozone/hadoop-ozone/integration-test/target/test-dir/MiniOzoneClusterImpl-9d03416f-dff1-44af-a51b-f90497d61693/datanode-1/data-0/containers/hdds/9d03416f-dff1-44af-a51b-f90497d61693/DS-72675ce7-c7ba-48a2-b7e7-b3e4d63c45ae/container.db to cache
2023-02-14 08:19:44,793 [EndpointStateMachine task thread for /0.0.0.0:34725 - 0 ] INFO  volume.HddsVolume (HddsVolume.java:createDbStore(331)) - SchemaV3 db is created and loaded at /home/runner/work/ozone/ozone/hadoop-ozone/integration-test/target/test-dir/MiniOzoneClusterImpl-9d03416f-dff1-44af-a51b-f90497d61693/datanode-1/data-0/containers/hdds/9d03416f-dff1-44af-a51b-f90497d61693/DS-72675ce7-c7ba-48a2-b7e7-b3e4d63c45ae/container.db for volume DS-72675ce7-c7ba-48a2-b7e7-b3e4d63c45ae
2023-02-14 08:19:44,793 [EndpointStateMachine task thread for /0.0.0.0:34725 - 0 ] INFO  ozoneimpl.OzoneContainer (OzoneContainer.java:start(398)) - Attempting to start container services.
2023-02-14 08:19:44,793 [EndpointStateMachine task thread for /0.0.0.0:34725 - 0 ] INFO  ozoneimpl.OzoneContainer (OzoneContainer.java:startContainerScrub(315)) - Scheduled background container scanners and the on-demand container scanner have been disabled.
2023-02-14 08:19:44,795 [EndpointStateMachine task thread for /0.0.0.0:34725 - 0 ] INFO  replication.ReplicationServer (ReplicationServer.java:start(109)) - ReplicationServer is started using port 38123
2023-02-14 08:19:44,795 [EndpointStateMachine task thread for /0.0.0.0:34725 - 0 ] INFO  ratis.XceiverServerRatis (XceiverServerRatis.java:start(518)) - Starting XceiverServerRatis 6359aaa4-8509-4a3b-a3c1-a8ea6163a916
2023-02-14 08:19:44,796 [EndpointStateMachine task thread for /0.0.0.0:34725 - 0 ] INFO  server.RaftServer (RaftServerProxy.java:startImpl(393)) - 6359aaa4-8509-4a3b-a3c1-a8ea6163a916: start RPC server
2023-02-14 08:19:44,797 [EndpointStateMachine task thread for /0.0.0.0:34725 - 0 ] INFO  server.GrpcService (GrpcService.java:startImpl(262)) - 6359aaa4-8509-4a3b-a3c1-a8ea6163a916: GrpcService started, listening on 41443
2023-02-14 08:19:44,797 [EndpointStateMachine task thread for /0.0.0.0:34725 - 0 ] INFO  ratis.XceiverServerRatis (XceiverServerRatis.java:getRealPort(544)) - XceiverServerRatis 6359aaa4-8509-4a3b-a3c1-a8ea6163a916 is started using port 41443 for RATIS
2023-02-14 08:19:44,797 [EndpointStateMachine task thread for /0.0.0.0:34725 - 0 ] INFO  ratis.XceiverServerRatis (XceiverServerRatis.java:getRealPort(544)) - XceiverServerRatis 6359aaa4-8509-4a3b-a3c1-a8ea6163a916 is started using port 41443 for RATIS_ADMIN
2023-02-14 08:19:44,797 [JvmPauseMonitor18] INFO  util.JvmPauseMonitor (JvmPauseMonitor.java:run(105)) - JvmPauseMonitor-6359aaa4-8509-4a3b-a3c1-a8ea6163a916: Started
2023-02-14 08:19:44,797 [EndpointStateMachine task thread for /0.0.0.0:34725 - 0 ] INFO  ratis.XceiverServerRatis (XceiverServerRatis.java:getRealPort(544)) - XceiverServerRatis 6359aaa4-8509-4a3b-a3c1-a8ea6163a916 is started using port 41443 for RATIS_SERVER
2023-02-14 08:19:44,798 [EndpointStateMachine task thread for /0.0.0.0:34725 - 0 ] INFO  ratis.XceiverServerRatis (XceiverServerRatis.java:getRealPort(544)) - XceiverServerRatis 6359aaa4-8509-4a3b-a3c1-a8ea6163a916 is started using port 42567 for RATIS_DATASTREAM
2023-02-14 08:19:44,801 [EndpointStateMachine task thread for /0.0.0.0:34725 - 0 ] INFO  server.XceiverServerGrpc (XceiverServerGrpc.java:start(180)) - XceiverServerGrpc 6359aaa4-8509-4a3b-a3c1-a8ea6163a916 is started using port 37423
2023-02-14 08:19:45,097 [EndpointStateMachine task thread for /0.0.0.0:34725 - 0 ] INFO  utils.DatanodeStoreCache (DatanodeStoreCache.java:addDB(58)) - Added db /home/runner/work/ozone/ozone/hadoop-ozone/integration-test/target/test-dir/MiniOzoneClusterImpl-9d03416f-dff1-44af-a51b-f90497d61693/datanode-2/data-0/containers/hdds/9d03416f-dff1-44af-a51b-f90497d61693/DS-ba47def3-9589-43fa-aa0f-5803a8120927/container.db to cache
2023-02-14 08:19:45,097 [EndpointStateMachine task thread for /0.0.0.0:34725 - 0 ] INFO  volume.HddsVolume (HddsVolume.java:createDbStore(331)) - SchemaV3 db is created and loaded at /home/runner/work/ozone/ozone/hadoop-ozone/integration-test/target/test-dir/MiniOzoneClusterImpl-9d03416f-dff1-44af-a51b-f90497d61693/datanode-2/data-0/containers/hdds/9d03416f-dff1-44af-a51b-f90497d61693/DS-ba47def3-9589-43fa-aa0f-5803a8120927/container.db for volume DS-ba47def3-9589-43fa-aa0f-5803a8120927
2023-02-14 08:19:45,097 [EndpointStateMachine task thread for /0.0.0.0:34725 - 0 ] INFO  ozoneimpl.OzoneContainer (OzoneContainer.java:start(398)) - Attempting to start container services.
2023-02-14 08:19:45,097 [EndpointStateMachine task thread for /0.0.0.0:34725 - 0 ] INFO  ozoneimpl.OzoneContainer (OzoneContainer.java:startContainerScrub(315)) - Scheduled background container scanners and the on-demand container scanner have been disabled.
2023-02-14 08:19:45,099 [EndpointStateMachine task thread for /0.0.0.0:34725 - 0 ] INFO  replication.ReplicationServer (ReplicationServer.java:start(109)) - ReplicationServer is started using port 45711
2023-02-14 08:19:45,099 [EndpointStateMachine task thread for /0.0.0.0:34725 - 0 ] INFO  ratis.XceiverServerRatis (XceiverServerRatis.java:start(518)) - Starting XceiverServerRatis 34ef5736-8ccc-4354-bdfe-e8e28e0b14c7
2023-02-14 08:19:45,101 [EndpointStateMachine task thread for /0.0.0.0:34725 - 0 ] INFO  server.RaftServer (RaftServerProxy.java:startImpl(393)) - 34ef5736-8ccc-4354-bdfe-e8e28e0b14c7: start RPC server
2023-02-14 08:19:45,107 [EndpointStateMachine task thread for /0.0.0.0:34725 - 0 ] INFO  server.GrpcService (GrpcService.java:startImpl(262)) - 34ef5736-8ccc-4354-bdfe-e8e28e0b14c7: GrpcService started, listening on 40043
2023-02-14 08:19:45,107 [EndpointStateMachine task thread for /0.0.0.0:34725 - 0 ] INFO  ratis.XceiverServerRatis (XceiverServerRatis.java:getRealPort(544)) - XceiverServerRatis 34ef5736-8ccc-4354-bdfe-e8e28e0b14c7 is started using port 40043 for RATIS
2023-02-14 08:19:45,107 [JvmPauseMonitor19] INFO  util.JvmPauseMonitor (JvmPauseMonitor.java:run(105)) - JvmPauseMonitor-34ef5736-8ccc-4354-bdfe-e8e28e0b14c7: Started
2023-02-14 08:19:45,107 [EndpointStateMachine task thread for /0.0.0.0:34725 - 0 ] INFO  ratis.XceiverServerRatis (XceiverServerRatis.java:getRealPort(544)) - XceiverServerRatis 34ef5736-8ccc-4354-bdfe-e8e28e0b14c7 is started using port 40043 for RATIS_ADMIN
2023-02-14 08:19:45,109 [EndpointStateMachine task thread for /0.0.0.0:34725 - 0 ] INFO  ratis.XceiverServerRatis (XceiverServerRatis.java:getRealPort(544)) - XceiverServerRatis 34ef5736-8ccc-4354-bdfe-e8e28e0b14c7 is started using port 40043 for RATIS_SERVER
2023-02-14 08:19:45,109 [EndpointStateMachine task thread for /0.0.0.0:34725 - 0 ] INFO  ratis.XceiverServerRatis (XceiverServerRatis.java:getRealPort(544)) - XceiverServerRatis 34ef5736-8ccc-4354-bdfe-e8e28e0b14c7 is started using port 42561 for RATIS_DATASTREAM
2023-02-14 08:19:45,114 [EndpointStateMachine task thread for /0.0.0.0:34725 - 0 ] INFO  server.XceiverServerGrpc (XceiverServerGrpc.java:start(180)) - XceiverServerGrpc 34ef5736-8ccc-4354-bdfe-e8e28e0b14c7 is started using port 45335
2023-02-14 08:19:45,432 [EndpointStateMachine task thread for /0.0.0.0:34725 - 0 ] INFO  utils.DatanodeStoreCache (DatanodeStoreCache.java:addDB(58)) - Added db /home/runner/work/ozone/ozone/hadoop-ozone/integration-test/target/test-dir/MiniOzoneClusterImpl-9d03416f-dff1-44af-a51b-f90497d61693/datanode-3/data-0/containers/hdds/9d03416f-dff1-44af-a51b-f90497d61693/DS-40ee65c4-27e5-4785-a8e3-2b8747f1954d/container.db to cache
2023-02-14 08:19:45,432 [EndpointStateMachine task thread for /0.0.0.0:34725 - 0 ] INFO  volume.HddsVolume (HddsVolume.java:createDbStore(331)) - SchemaV3 db is created and loaded at /home/runner/work/ozone/ozone/hadoop-ozone/integration-test/target/test-dir/MiniOzoneClusterImpl-9d03416f-dff1-44af-a51b-f90497d61693/datanode-3/data-0/containers/hdds/9d03416f-dff1-44af-a51b-f90497d61693/DS-40ee65c4-27e5-4785-a8e3-2b8747f1954d/container.db for volume DS-40ee65c4-27e5-4785-a8e3-2b8747f1954d
2023-02-14 08:19:45,433 [EndpointStateMachine task thread for /0.0.0.0:34725 - 0 ] INFO  ozoneimpl.OzoneContainer (OzoneContainer.java:start(398)) - Attempting to start container services.
2023-02-14 08:19:45,433 [EndpointStateMachine task thread for /0.0.0.0:34725 - 0 ] INFO  ozoneimpl.OzoneContainer (OzoneContainer.java:startContainerScrub(315)) - Scheduled background container scanners and the on-demand container scanner have been disabled.
2023-02-14 08:19:45,436 [EndpointStateMachine task thread for /0.0.0.0:34725 - 0 ] INFO  replication.ReplicationServer (ReplicationServer.java:start(109)) - ReplicationServer is started using port 38407
2023-02-14 08:19:45,436 [EndpointStateMachine task thread for /0.0.0.0:34725 - 0 ] INFO  ratis.XceiverServerRatis (XceiverServerRatis.java:start(518)) - Starting XceiverServerRatis 6d2a8adb-ebe8-462b-9c77-c5b139cd2711
2023-02-14 08:19:45,436 [EndpointStateMachine task thread for /0.0.0.0:34725 - 0 ] INFO  server.RaftServer (RaftServerProxy.java:startImpl(393)) - 6d2a8adb-ebe8-462b-9c77-c5b139cd2711: start RPC server
2023-02-14 08:19:45,438 [EndpointStateMachine task thread for /0.0.0.0:34725 - 0 ] INFO  server.GrpcService (GrpcService.java:startImpl(262)) - 6d2a8adb-ebe8-462b-9c77-c5b139cd2711: GrpcService started, listening on 37105
2023-02-14 08:19:45,438 [EndpointStateMachine task thread for /0.0.0.0:34725 - 0 ] INFO  ratis.XceiverServerRatis (XceiverServerRatis.java:getRealPort(544)) - XceiverServerRatis 6d2a8adb-ebe8-462b-9c77-c5b139cd2711 is started using port 37105 for RATIS
2023-02-14 08:19:45,438 [EndpointStateMachine task thread for /0.0.0.0:34725 - 0 ] INFO  ratis.XceiverServerRatis (XceiverServerRatis.java:getRealPort(544)) - XceiverServerRatis 6d2a8adb-ebe8-462b-9c77-c5b139cd2711 is started using port 37105 for RATIS_ADMIN
2023-02-14 08:19:45,438 [JvmPauseMonitor20] INFO  util.JvmPauseMonitor (JvmPauseMonitor.java:run(105)) - JvmPauseMonitor-6d2a8adb-ebe8-462b-9c77-c5b139cd2711: Started
2023-02-14 08:19:45,438 [EndpointStateMachine task thread for /0.0.0.0:34725 - 0 ] INFO  ratis.XceiverServerRatis (XceiverServerRatis.java:getRealPort(544)) - XceiverServerRatis 6d2a8adb-ebe8-462b-9c77-c5b139cd2711 is started using port 37105 for RATIS_SERVER
2023-02-14 08:19:45,438 [EndpointStateMachine task thread for /0.0.0.0:34725 - 0 ] INFO  ratis.XceiverServerRatis (XceiverServerRatis.java:getRealPort(544)) - XceiverServerRatis 6d2a8adb-ebe8-462b-9c77-c5b139cd2711 is started using port 39333 for RATIS_DATASTREAM
2023-02-14 08:19:45,442 [EndpointStateMachine task thread for /0.0.0.0:34725 - 0 ] INFO  server.XceiverServerGrpc (XceiverServerGrpc.java:start(180)) - XceiverServerGrpc 6d2a8adb-ebe8-462b-9c77-c5b139cd2711 is started using port 44695
2023-02-14 08:19:45,708 [Listener at 127.0.0.1/42497] INFO  ozone.MiniOzoneClusterImpl (MiniOzoneClusterImpl.java:lambda$waitForClusterToBeReady$0(218)) - Waiting for nodes to be ready. Got 0 of 5 DN Heartbeats.
2023-02-14 08:19:45,708 [Listener at 127.0.0.1/42497] INFO  ozone.MiniOzoneClusterImpl (MiniOzoneClusterImpl.java:lambda$waitForClusterToBeReady$0(221)) - Waiting for cluster to exit safe mode
2023-02-14 08:19:45,708 [Listener at 127.0.0.1/42497] INFO  ozone.MiniOzoneClusterImpl (MiniOzoneClusterImpl.java:lambda$waitForClusterToBeReady$0(223)) - SCM became leader
2023-02-14 08:19:45,733 [EndpointStateMachine task thread for /0.0.0.0:34725 - 0 ] INFO  utils.DatanodeStoreCache (DatanodeStoreCache.java:addDB(58)) - Added db /home/runner/work/ozone/ozone/hadoop-ozone/integration-test/target/test-dir/MiniOzoneClusterImpl-9d03416f-dff1-44af-a51b-f90497d61693/datanode-4/data-0/containers/hdds/9d03416f-dff1-44af-a51b-f90497d61693/DS-98055e02-f8d3-4337-b16f-4c3b21bedf7b/container.db to cache
2023-02-14 08:19:45,733 [EndpointStateMachine task thread for /0.0.0.0:34725 - 0 ] INFO  volume.HddsVolume (HddsVolume.java:createDbStore(331)) - SchemaV3 db is created and loaded at /home/runner/work/ozone/ozone/hadoop-ozone/integration-test/target/test-dir/MiniOzoneClusterImpl-9d03416f-dff1-44af-a51b-f90497d61693/datanode-4/data-0/containers/hdds/9d03416f-dff1-44af-a51b-f90497d61693/DS-98055e02-f8d3-4337-b16f-4c3b21bedf7b/container.db for volume DS-98055e02-f8d3-4337-b16f-4c3b21bedf7b
2023-02-14 08:19:45,733 [EndpointStateMachine task thread for /0.0.0.0:34725 - 0 ] INFO  ozoneimpl.OzoneContainer (OzoneContainer.java:start(398)) - Attempting to start container services.
2023-02-14 08:19:45,733 [EndpointStateMachine task thread for /0.0.0.0:34725 - 0 ] INFO  ozoneimpl.OzoneContainer (OzoneContainer.java:startContainerScrub(315)) - Scheduled background container scanners and the on-demand container scanner have been disabled.
2023-02-14 08:19:45,738 [EndpointStateMachine task thread for /0.0.0.0:34725 - 0 ] INFO  replication.ReplicationServer (ReplicationServer.java:start(109)) - ReplicationServer is started using port 44199
2023-02-14 08:19:45,739 [EndpointStateMachine task thread for /0.0.0.0:34725 - 0 ] INFO  ratis.XceiverServerRatis (XceiverServerRatis.java:start(518)) - Starting XceiverServerRatis 5eaff5f0-27f1-4250-be20-7eaa1ed6359c
2023-02-14 08:19:45,741 [EndpointStateMachine task thread for /0.0.0.0:34725 - 0 ] INFO  server.RaftServer (RaftServerProxy.java:startImpl(393)) - 5eaff5f0-27f1-4250-be20-7eaa1ed6359c: start RPC server
2023-02-14 08:19:45,742 [EndpointStateMachine task thread for /0.0.0.0:34725 - 0 ] INFO  server.GrpcService (GrpcService.java:startImpl(262)) - 5eaff5f0-27f1-4250-be20-7eaa1ed6359c: GrpcService started, listening on 34055
2023-02-14 08:19:45,742 [EndpointStateMachine task thread for /0.0.0.0:34725 - 0 ] INFO  ratis.XceiverServerRatis (XceiverServerRatis.java:getRealPort(544)) - XceiverServerRatis 5eaff5f0-27f1-4250-be20-7eaa1ed6359c is started using port 34055 for RATIS
2023-02-14 08:19:45,742 [EndpointStateMachine task thread for /0.0.0.0:34725 - 0 ] INFO  ratis.XceiverServerRatis (XceiverServerRatis.java:getRealPort(544)) - XceiverServerRatis 5eaff5f0-27f1-4250-be20-7eaa1ed6359c is started using port 34055 for RATIS_ADMIN
2023-02-14 08:19:45,742 [JvmPauseMonitor21] INFO  util.JvmPauseMonitor (JvmPauseMonitor.java:run(105)) - JvmPauseMonitor-5eaff5f0-27f1-4250-be20-7eaa1ed6359c: Started
2023-02-14 08:19:45,742 [EndpointStateMachine task thread for /0.0.0.0:34725 - 0 ] INFO  ratis.XceiverServerRatis (XceiverServerRatis.java:getRealPort(544)) - XceiverServerRatis 5eaff5f0-27f1-4250-be20-7eaa1ed6359c is started using port 34055 for RATIS_SERVER
2023-02-14 08:19:45,743 [EndpointStateMachine task thread for /0.0.0.0:34725 - 0 ] INFO  ratis.XceiverServerRatis (XceiverServerRatis.java:getRealPort(544)) - XceiverServerRatis 5eaff5f0-27f1-4250-be20-7eaa1ed6359c is started using port 45063 for RATIS_DATASTREAM
2023-02-14 08:19:45,744 [EndpointStateMachine task thread for /0.0.0.0:34725 - 0 ] INFO  server.XceiverServerGrpc (XceiverServerGrpc.java:start(180)) - XceiverServerGrpc 5eaff5f0-27f1-4250-be20-7eaa1ed6359c is started using port 44835
2023-02-14 08:19:46,435 [IPC Server handler 3 on default port 34725] INFO  net.NetworkTopologyImpl (NetworkTopologyImpl.java:add(112)) - Added a new node: /default-rack/41c129e8-6aab-4c9d-a285-58cf14387518
2023-02-14 08:19:46,435 [IPC Server handler 3 on default port 34725] INFO  node.SCMNodeManager (SCMNodeManager.java:register(397)) - Registered Data node : 41c129e8-6aab-4c9d-a285-58cf14387518{ip: 10.1.0.19, host: fv-az476-382.2mevl5kwmm3ezivwarakluutxb.phxx.internal.cloudapp.net, ports: [REPLICATION=46277, RATIS=42087, RATIS_ADMIN=42087, RATIS_SERVER=42087, RATIS_DATASTREAM=37525, STANDALONE=33763], networkLocation: /default-rack, certSerialId: null, persistedOpState: null, persistedOpStateExpiryEpochSec: 0}
2023-02-14 08:19:46,439 [EventQueue-NodeRegistrationContainerReportForDataNodeSafeModeRule] INFO  safemode.SCMSafeModeManager (DataNodeSafeModeRule.java:process(71)) - SCM in safe mode. 1 DataNodes registered, 3 required.
2023-02-14 08:19:46,439 [EventQueue-NodeRegistrationContainerReportForContainerSafeModeRule] INFO  safemode.SCMSafeModeManager (SCMSafeModeManager.java:validateSafeModeExitRules(200)) - ContainerSafeModeRule rule is successfully validated
2023-02-14 08:19:46,441 [EventQueue-PipelineReportForOneReplicaPipelineSafeModeRule] INFO  safemode.SCMSafeModeManager (SCMSafeModeManager.java:validateSafeModeExitRules(200)) - AtleastOneDatanodeReportedRule rule is successfully validated
2023-02-14 08:19:46,441 [EventQueue-NewNodeForNewNodeHandler] INFO  pipeline.BackgroundPipelineCreator (BackgroundPipelineCreator.java:notifyEventTriggered(276)) - trigger a one-shot run on RatisPipelineUtilsThread.
2023-02-14 08:19:46,441 [RatisPipelineUtilsThread - 0] INFO  pipeline.RatisPipelineProvider (RatisPipelineProvider.java:lambda$create$0(206)) - Sending CreatePipelineCommand for pipeline:PipelineID=2a659a2c-78ee-4fca-aa63-172a624b11cb to datanode:41c129e8-6aab-4c9d-a285-58cf14387518
2023-02-14 08:19:46,442 [RatisPipelineUtilsThread - 0] INFO  pipeline.PipelineStateManagerImpl (PipelineStateManagerImpl.java:addPipeline(103)) - Created pipeline Pipeline[ Id: 2a659a2c-78ee-4fca-aa63-172a624b11cb, Nodes: 41c129e8-6aab-4c9d-a285-58cf14387518(fv-az476-382.2mevl5kwmm3ezivwarakluutxb.phxx.internal.cloudapp.net/10.1.0.19), ReplicationConfig: RATIS/ONE, State:ALLOCATED, leaderId:, CreationTimestamp2023-02-14T08:19:46.441Z[Etc/UTC]].
2023-02-14 08:19:46,708 [Listener at 127.0.0.1/42497] INFO  ozone.MiniOzoneClusterImpl (MiniOzoneClusterImpl.java:lambda$waitForClusterToBeReady$0(218)) - Waiting for nodes to be ready. Got 1 of 5 DN Heartbeats.
2023-02-14 08:19:46,708 [Listener at 127.0.0.1/42497] INFO  ozone.MiniOzoneClusterImpl (MiniOzoneClusterImpl.java:lambda$waitForClusterToBeReady$0(221)) - Waiting for cluster to exit safe mode
2023-02-14 08:19:46,708 [Listener at 127.0.0.1/42497] INFO  ozone.MiniOzoneClusterImpl (MiniOzoneClusterImpl.java:lambda$waitForClusterToBeReady$0(223)) - SCM became leader
2023-02-14 08:19:46,768 [IPC Server handler 1 on default port 34725] INFO  net.NetworkTopologyImpl (NetworkTopologyImpl.java:add(112)) - Added a new node: /default-rack/6359aaa4-8509-4a3b-a3c1-a8ea6163a916
2023-02-14 08:19:46,768 [IPC Server handler 1 on default port 34725] INFO  node.SCMNodeManager (SCMNodeManager.java:register(397)) - Registered Data node : 6359aaa4-8509-4a3b-a3c1-a8ea6163a916{ip: 10.1.0.19, host: fv-az476-382.2mevl5kwmm3ezivwarakluutxb.phxx.internal.cloudapp.net, ports: [REPLICATION=38123, RATIS=41443, RATIS_ADMIN=41443, RATIS_SERVER=41443, RATIS_DATASTREAM=42567, STANDALONE=37423], networkLocation: /default-rack, certSerialId: null, persistedOpState: null, persistedOpStateExpiryEpochSec: 0}
2023-02-14 08:19:46,769 [EventQueue-NodeRegistrationContainerReportForDataNodeSafeModeRule] INFO  safemode.SCMSafeModeManager (DataNodeSafeModeRule.java:process(71)) - SCM in safe mode. 2 DataNodes registered, 3 required.
2023-02-14 08:19:46,769 [EventQueue-NewNodeForNewNodeHandler] INFO  pipeline.BackgroundPipelineCreator (BackgroundPipelineCreator.java:notifyEventTriggered(276)) - trigger a one-shot run on RatisPipelineUtilsThread.
2023-02-14 08:19:46,770 [RatisPipelineUtilsThread - 0] INFO  pipeline.RatisPipelineProvider (RatisPipelineProvider.java:lambda$create$0(206)) - Sending CreatePipelineCommand for pipeline:PipelineID=a5aed3ba-6033-4e78-a62e-b5522a2c0ce1 to datanode:6359aaa4-8509-4a3b-a3c1-a8ea6163a916
2023-02-14 08:19:46,770 [RatisPipelineUtilsThread - 0] INFO  pipeline.PipelineStateManagerImpl (PipelineStateManagerImpl.java:addPipeline(103)) - Created pipeline Pipeline[ Id: a5aed3ba-6033-4e78-a62e-b5522a2c0ce1, Nodes: 6359aaa4-8509-4a3b-a3c1-a8ea6163a916(fv-az476-382.2mevl5kwmm3ezivwarakluutxb.phxx.internal.cloudapp.net/10.1.0.19), ReplicationConfig: RATIS/ONE, State:ALLOCATED, leaderId:, CreationTimestamp2023-02-14T08:19:46.770Z[Etc/UTC]].
2023-02-14 08:19:47,075 [IPC Server handler 2 on default port 34725] INFO  net.NetworkTopologyImpl (NetworkTopologyImpl.java:add(112)) - Added a new node: /default-rack/34ef5736-8ccc-4354-bdfe-e8e28e0b14c7
2023-02-14 08:19:47,075 [IPC Server handler 2 on default port 34725] INFO  node.SCMNodeManager (SCMNodeManager.java:register(397)) - Registered Data node : 34ef5736-8ccc-4354-bdfe-e8e28e0b14c7{ip: 10.1.0.19, host: fv-az476-382.2mevl5kwmm3ezivwarakluutxb.phxx.internal.cloudapp.net, ports: [REPLICATION=45711, RATIS=40043, RATIS_ADMIN=40043, RATIS_SERVER=40043, RATIS_DATASTREAM=42561, STANDALONE=45335], networkLocation: /default-rack, certSerialId: null, persistedOpState: null, persistedOpStateExpiryEpochSec: 0}
2023-02-14 08:19:47,075 [EventQueue-NewNodeForNewNodeHandler] INFO  pipeline.BackgroundPipelineCreator (BackgroundPipelineCreator.java:notifyEventTriggered(276)) - trigger a one-shot run on RatisPipelineUtilsThread.
2023-02-14 08:19:47,075 [EventQueue-NodeRegistrationContainerReportForDataNodeSafeModeRule] INFO  safemode.SCMSafeModeManager (DataNodeSafeModeRule.java:process(71)) - SCM in safe mode. 3 DataNodes registered, 3 required.
2023-02-14 08:19:47,075 [EventQueue-NodeRegistrationContainerReportForDataNodeSafeModeRule] INFO  safemode.SCMSafeModeManager (SCMSafeModeManager.java:validateSafeModeExitRules(200)) - DataNodeSafeModeRule rule is successfully validated
2023-02-14 08:19:47,075 [EventQueue-NodeRegistrationContainerReportForDataNodeSafeModeRule] INFO  safemode.SCMSafeModeManager (SCMSafeModeManager.java:completePreCheck(229)) - All SCM safe mode pre check rules have passed
2023-02-14 08:19:47,075 [EventQueue-NodeRegistrationContainerReportForDataNodeSafeModeRule] INFO  ha.SCMContext (SCMContext.java:updateSafeModeStatus(228)) - Update SafeModeStatus from SafeModeStatus{safeModeStatus=true, preCheckPassed=false} to SafeModeStatus{safeModeStatus=true, preCheckPassed=true}.
2023-02-14 08:19:47,075 [EventQueue-NodeRegistrationContainerReportForDataNodeSafeModeRule] INFO  pipeline.BackgroundPipelineCreator (BackgroundPipelineCreator.java:notifyEventTriggered(276)) - trigger a one-shot run on RatisPipelineUtilsThread.
2023-02-14 08:19:47,076 [RatisPipelineUtilsThread - 0] INFO  pipeline.RatisPipelineProvider (RatisPipelineProvider.java:lambda$create$0(206)) - Sending CreatePipelineCommand for pipeline:PipelineID=0aa7c4ee-654b-4a2b-b6b6-954f010ac4c0 to datanode:34ef5736-8ccc-4354-bdfe-e8e28e0b14c7
2023-02-14 08:19:47,076 [RatisPipelineUtilsThread - 0] INFO  pipeline.PipelineStateManagerImpl (PipelineStateManagerImpl.java:addPipeline(103)) - Created pipeline Pipeline[ Id: 0aa7c4ee-654b-4a2b-b6b6-954f010ac4c0, Nodes: 34ef5736-8ccc-4354-bdfe-e8e28e0b14c7(fv-az476-382.2mevl5kwmm3ezivwarakluutxb.phxx.internal.cloudapp.net/10.1.0.19), ReplicationConfig: RATIS/ONE, State:ALLOCATED, leaderId:, CreationTimestamp2023-02-14T08:19:47.076Z[Etc/UTC]].
2023-02-14 08:19:47,076 [RatisPipelineUtilsThread - 0] INFO  pipeline.RatisPipelineProvider (RatisPipelineProvider.java:lambda$create$0(206)) - Sending CreatePipelineCommand for pipeline:PipelineID=b0a93e48-f278-473a-af03-8c1b48139acb to datanode:34ef5736-8ccc-4354-bdfe-e8e28e0b14c7
2023-02-14 08:19:47,076 [RatisPipelineUtilsThread - 0] INFO  pipeline.RatisPipelineProvider (RatisPipelineProvider.java:lambda$create$0(206)) - Sending CreatePipelineCommand for pipeline:PipelineID=b0a93e48-f278-473a-af03-8c1b48139acb to datanode:41c129e8-6aab-4c9d-a285-58cf14387518
2023-02-14 08:19:47,076 [RatisPipelineUtilsThread - 0] INFO  pipeline.RatisPipelineProvider (RatisPipelineProvider.java:lambda$create$0(206)) - Sending CreatePipelineCommand for pipeline:PipelineID=b0a93e48-f278-473a-af03-8c1b48139acb to datanode:6359aaa4-8509-4a3b-a3c1-a8ea6163a916
2023-02-14 08:19:47,077 [RatisPipelineUtilsThread - 0] INFO  pipeline.PipelineStateManagerImpl (PipelineStateManagerImpl.java:addPipeline(103)) - Created pipeline Pipeline[ Id: b0a93e48-f278-473a-af03-8c1b48139acb, Nodes: 34ef5736-8ccc-4354-bdfe-e8e28e0b14c7(fv-az476-382.2mevl5kwmm3ezivwarakluutxb.phxx.internal.cloudapp.net/10.1.0.19)41c129e8-6aab-4c9d-a285-58cf14387518(fv-az476-382.2mevl5kwmm3ezivwarakluutxb.phxx.internal.cloudapp.net/10.1.0.19)6359aaa4-8509-4a3b-a3c1-a8ea6163a916(fv-az476-382.2mevl5kwmm3ezivwarakluutxb.phxx.internal.cloudapp.net/10.1.0.19), ReplicationConfig: RATIS/THREE, State:ALLOCATED, leaderId:, CreationTimestamp2023-02-14T08:19:47.076Z[Etc/UTC]].
2023-02-14 08:19:47,078 [RatisPipelineUtilsThread - 0] INFO  pipeline.RatisPipelineProvider (RatisPipelineProvider.java:lambda$create$0(206)) - Sending CreatePipelineCommand for pipeline:PipelineID=086626a4-9b64-4949-8d33-21376c6dcd80 to datanode:41c129e8-6aab-4c9d-a285-58cf14387518
2023-02-14 08:19:47,078 [RatisPipelineUtilsThread - 0] INFO  pipeline.RatisPipelineProvider (RatisPipelineProvider.java:lambda$create$0(206)) - Sending CreatePipelineCommand for pipeline:PipelineID=086626a4-9b64-4949-8d33-21376c6dcd80 to datanode:34ef5736-8ccc-4354-bdfe-e8e28e0b14c7
2023-02-14 08:19:47,078 [RatisPipelineUtilsThread - 0] INFO  pipeline.RatisPipelineProvider (RatisPipelineProvider.java:lambda$create$0(206)) - Sending CreatePipelineCommand for pipeline:PipelineID=086626a4-9b64-4949-8d33-21376c6dcd80 to datanode:6359aaa4-8509-4a3b-a3c1-a8ea6163a916
2023-02-14 08:19:47,078 [RatisPipelineUtilsThread - 0] INFO  pipeline.PipelineStateManagerImpl (PipelineStateManagerImpl.java:addPipeline(103)) - Created pipeline Pipeline[ Id: 086626a4-9b64-4949-8d33-21376c6dcd80, Nodes: 41c129e8-6aab-4c9d-a285-58cf14387518(fv-az476-382.2mevl5kwmm3ezivwarakluutxb.phxx.internal.cloudapp.net/10.1.0.19)34ef5736-8ccc-4354-bdfe-e8e28e0b14c7(fv-az476-382.2mevl5kwmm3ezivwarakluutxb.phxx.internal.cloudapp.net/10.1.0.19)6359aaa4-8509-4a3b-a3c1-a8ea6163a916(fv-az476-382.2mevl5kwmm3ezivwarakluutxb.phxx.internal.cloudapp.net/10.1.0.19), ReplicationConfig: RATIS/THREE, State:ALLOCATED, leaderId:, CreationTimestamp2023-02-14T08:19:47.078Z[Etc/UTC]].
2023-02-14 08:19:47,078 [RatisPipelineUtilsThread - 0] INFO  pipeline.PipelineManagerImpl (PipelineManagerImpl.java:recordMetricsForPipeline(826)) - Pipeline: PipelineID=086626a4-9b64-4949-8d33-21376c6dcd80 contains same datanodes as previous pipelines: PipelineID=b0a93e48-f278-473a-af03-8c1b48139acb nodeIds: 41c129e8-6aab-4c9d-a285-58cf14387518, 34ef5736-8ccc-4354-bdfe-e8e28e0b14c7, 6359aaa4-8509-4a3b-a3c1-a8ea6163a916
2023-02-14 08:19:47,079 [RatisPipelineUtilsThread - 0] WARN  pipeline.PipelinePlacementPolicy (PipelinePlacementPolicy.java:filterViableNodes(158)) - Pipeline creation failed due to no sufficient healthy datanodes. Required 3. Found 0.
2023-02-14 08:19:47,410 [IPC Server handler 3 on default port 34725] INFO  net.NetworkTopologyImpl (NetworkTopologyImpl.java:add(112)) - Added a new node: /default-rack/6d2a8adb-ebe8-462b-9c77-c5b139cd2711
2023-02-14 08:19:47,411 [IPC Server handler 3 on default port 34725] INFO  node.SCMNodeManager (SCMNodeManager.java:register(397)) - Registered Data node : 6d2a8adb-ebe8-462b-9c77-c5b139cd2711{ip: 10.1.0.19, host: fv-az476-382.2mevl5kwmm3ezivwarakluutxb.phxx.internal.cloudapp.net, ports: [REPLICATION=38407, RATIS=37105, RATIS_ADMIN=37105, RATIS_SERVER=37105, RATIS_DATASTREAM=39333, STANDALONE=44695], networkLocation: /default-rack, certSerialId: null, persistedOpState: null, persistedOpStateExpiryEpochSec: 0}
2023-02-14 08:19:47,411 [EventQueue-NewNodeForNewNodeHandler] INFO  pipeline.BackgroundPipelineCreator (BackgroundPipelineCreator.java:notifyEventTriggered(276)) - trigger a one-shot run on RatisPipelineUtilsThread.
2023-02-14 08:19:47,411 [RatisPipelineUtilsThread - 0] INFO  pipeline.RatisPipelineProvider (RatisPipelineProvider.java:lambda$create$0(206)) - Sending CreatePipelineCommand for pipeline:PipelineID=7f892fda-9354-4f6a-93c0-ea1c34cf6271 to datanode:6d2a8adb-ebe8-462b-9c77-c5b139cd2711
2023-02-14 08:19:47,411 [RatisPipelineUtilsThread - 0] INFO  pipeline.PipelineStateManagerImpl (PipelineStateManagerImpl.java:addPipeline(103)) - Created pipeline Pipeline[ Id: 7f892fda-9354-4f6a-93c0-ea1c34cf6271, Nodes: 6d2a8adb-ebe8-462b-9c77-c5b139cd2711(fv-az476-382.2mevl5kwmm3ezivwarakluutxb.phxx.internal.cloudapp.net/10.1.0.19), ReplicationConfig: RATIS/ONE, State:ALLOCATED, leaderId:, CreationTimestamp2023-02-14T08:19:47.411Z[Etc/UTC]].
2023-02-14 08:19:47,412 [RatisPipelineUtilsThread - 0] WARN  pipeline.PipelinePlacementPolicy (PipelinePlacementPolicy.java:filterViableNodes(158)) - Pipeline creation failed due to no sufficient healthy datanodes. Required 3. Found 1.
2023-02-14 08:19:47,709 [Listener at 127.0.0.1/42497] INFO  ozone.MiniOzoneClusterImpl (MiniOzoneClusterImpl.java:lambda$waitForClusterToBeReady$0(218)) - Waiting for nodes to be ready. Got 4 of 5 DN Heartbeats.
2023-02-14 08:19:47,709 [Listener at 127.0.0.1/42497] INFO  ozone.MiniOzoneClusterImpl (MiniOzoneClusterImpl.java:lambda$waitForClusterToBeReady$0(221)) - Waiting for cluster to exit safe mode
2023-02-14 08:19:47,709 [Listener at 127.0.0.1/42497] INFO  ozone.MiniOzoneClusterImpl (MiniOzoneClusterImpl.java:lambda$waitForClusterToBeReady$0(223)) - SCM became leader
2023-02-14 08:19:47,710 [IPC Server handler 0 on default port 34725] INFO  net.NetworkTopologyImpl (NetworkTopologyImpl.java:add(112)) - Added a new node: /default-rack/5eaff5f0-27f1-4250-be20-7eaa1ed6359c
2023-02-14 08:19:47,710 [IPC Server handler 0 on default port 34725] INFO  node.SCMNodeManager (SCMNodeManager.java:register(397)) - Registered Data node : 5eaff5f0-27f1-4250-be20-7eaa1ed6359c{ip: 10.1.0.19, host: fv-az476-382.2mevl5kwmm3ezivwarakluutxb.phxx.internal.cloudapp.net, ports: [REPLICATION=44199, RATIS=34055, RATIS_ADMIN=34055, RATIS_SERVER=34055, RATIS_DATASTREAM=45063, STANDALONE=44835], networkLocation: /default-rack, certSerialId: null, persistedOpState: null, persistedOpStateExpiryEpochSec: 0}
2023-02-14 08:19:47,710 [EventQueue-NewNodeForNewNodeHandler] INFO  pipeline.BackgroundPipelineCreator (BackgroundPipelineCreator.java:notifyEventTriggered(276)) - trigger a one-shot run on RatisPipelineUtilsThread.
2023-02-14 08:19:47,710 [RatisPipelineUtilsThread - 0] INFO  pipeline.RatisPipelineProvider (RatisPipelineProvider.java:lambda$create$0(206)) - Sending CreatePipelineCommand for pipeline:PipelineID=fed2b87c-5c59-40f9-aa99-2d47afb051bd to datanode:5eaff5f0-27f1-4250-be20-7eaa1ed6359c
2023-02-14 08:19:47,711 [RatisPipelineUtilsThread - 0] INFO  pipeline.PipelineStateManagerImpl (PipelineStateManagerImpl.java:addPipeline(103)) - Created pipeline Pipeline[ Id: fed2b87c-5c59-40f9-aa99-2d47afb051bd, Nodes: 5eaff5f0-27f1-4250-be20-7eaa1ed6359c(fv-az476-382.2mevl5kwmm3ezivwarakluutxb.phxx.internal.cloudapp.net/10.1.0.19), ReplicationConfig: RATIS/ONE, State:ALLOCATED, leaderId:, CreationTimestamp2023-02-14T08:19:47.710Z[Etc/UTC]].
2023-02-14 08:19:47,712 [RatisPipelineUtilsThread - 0] WARN  pipeline.PipelinePlacementPolicy (PipelinePlacementPolicy.java:filterViableNodes(158)) - Pipeline creation failed due to no sufficient healthy datanodes. Required 3. Found 2.
2023-02-14 08:19:48,709 [Listener at 127.0.0.1/42497] INFO  ozone.MiniOzoneClusterImpl (MiniOzoneClusterImpl.java:lambda$waitForClusterToBeReady$0(218)) - Nodes are ready. Got 5 of 5 DN Heartbeats.
2023-02-14 08:19:48,709 [Listener at 127.0.0.1/42497] INFO  ozone.MiniOzoneClusterImpl (MiniOzoneClusterImpl.java:lambda$waitForClusterToBeReady$0(221)) - Waiting for cluster to exit safe mode
2023-02-14 08:19:48,709 [Listener at 127.0.0.1/42497] INFO  ozone.MiniOzoneClusterImpl (MiniOzoneClusterImpl.java:lambda$waitForClusterToBeReady$0(223)) - SCM became leader
2023-02-14 08:19:49,434 [Command processor thread] INFO  server.RaftServer (RaftServerProxy.java:addNew(96)) - 41c129e8-6aab-4c9d-a285-58cf14387518: addNew group-172A624B11CB:[41c129e8-6aab-4c9d-a285-58cf14387518|rpc:10.1.0.19:42087|dataStream:10.1.0.19:37525|priority:1|startupRole:FOLLOWER] returns group-172A624B11CB:java.util.concurrent.CompletableFuture@7e76a257[Not completed]
2023-02-14 08:19:49,435 [pool-682-thread-1] INFO  server.RaftServer$Division (RaftServerImpl.java:<init>(195)) - 41c129e8-6aab-4c9d-a285-58cf14387518: new RaftServerImpl for group-172A624B11CB:[41c129e8-6aab-4c9d-a285-58cf14387518|rpc:10.1.0.19:42087|dataStream:10.1.0.19:37525|priority:1|startupRole:FOLLOWER] with ContainerStateMachine:uninitialized
2023-02-14 08:19:49,435 [pool-682-thread-1] INFO  server.RaftServerConfigKeys (ConfUtils.java:logGet(46)) - raft.server.rpc.timeout.min = 5s (custom)
2023-02-14 08:19:49,435 [pool-682-thread-1] INFO  server.RaftServerConfigKeys (ConfUtils.java:logGet(46)) - raft.server.rpc.timeout.max = 5200ms (custom)
2023-02-14 08:19:49,435 [pool-682-thread-1] INFO  server.RaftServerConfigKeys (ConfUtils.java:logGet(46)) - raft.server.rpc.sleep.time = 25ms (default)
2023-02-14 08:19:49,435 [pool-682-thread-1] INFO  server.RaftServerConfigKeys (ConfUtils.java:logGet(46)) - raft.server.rpc.slowness.timeout = 300s (custom)
2023-02-14 08:19:49,436 [pool-682-thread-1] INFO  server.RaftServerConfigKeys (ConfUtils.java:logGet(46)) - raft.server.leaderelection.leader.step-down.wait-time = 10s (default)
2023-02-14 08:19:49,436 [pool-682-thread-1] INFO  server.RaftServerConfigKeys (ConfUtils.java:logGet(46)) - raft.server.sleep.deviation.threshold = 300ms (default)
2023-02-14 08:19:49,436 [pool-682-thread-1] INFO  server.RaftServer$Division (ServerState.java:<init>(118)) - 41c129e8-6aab-4c9d-a285-58cf14387518@group-172A624B11CB: ConfigurationManager, init=-1: peers:[41c129e8-6aab-4c9d-a285-58cf14387518|rpc:10.1.0.19:42087|dataStream:10.1.0.19:37525|priority:1|startupRole:FOLLOWER]|listeners:[], old=null, confs=<EMPTY_MAP>
2023-02-14 08:19:49,436 [pool-682-thread-1] INFO  server.RaftServerConfigKeys (ConfUtils.java:logGet(46)) - raft.server.storage.dir = [/home/runner/work/ozone/ozone/hadoop-ozone/integration-test/target/test-dir/MiniOzoneClusterImpl-9d03416f-dff1-44af-a51b-f90497d61693/datanode-0/data/ratis] (custom)
2023-02-14 08:19:49,436 [pool-682-thread-1] INFO  server.RaftServerConfigKeys (ConfUtils.java:logGet(46)) - raft.server.log.corruption.policy = EXCEPTION (default)
2023-02-14 08:19:49,436 [pool-682-thread-1] INFO  server.RaftServerConfigKeys (ConfUtils.java:logGet(46)) - raft.server.storage.free-space.min = 0MB (=0) (default)
2023-02-14 08:19:49,436 [pool-682-thread-1] INFO  server.RaftServerConfigKeys (ConfUtils.java:logGet(46)) - raft.server.notification.no-leader.timeout = 300s (custom)
2023-02-14 08:19:49,436 [pool-682-thread-1] INFO  server.RaftServerConfigKeys (ConfUtils.java:logGet(46)) - raft.server.retrycache.expirytime = 600000ms (custom)
2023-02-14 08:19:49,436 [pool-682-thread-1] INFO  server.RaftServerConfigKeys (ConfUtils.java:logGet(46)) - raft.server.retrycache.statistics.expirytime = 100μs (default)
2023-02-14 08:19:49,436 [pool-682-thread-1] INFO  server.RaftServerConfigKeys (ConfUtils.java:logGet(46)) - raft.server.log.appender.install.snapshot.enabled = false (custom)
2023-02-14 08:19:49,436 [pool-682-thread-1] INFO  server.RaftServerConfigKeys (ConfUtils.java:logGet(46)) - raft.server.threadpool.server.cached = true (default)
2023-02-14 08:19:49,436 [pool-682-thread-1] INFO  server.RaftServerConfigKeys (ConfUtils.java:logGet(46)) - raft.server.threadpool.server.size = 0 (default)
2023-02-14 08:19:49,436 [pool-682-thread-1] INFO  server.RaftServerConfigKeys (ConfUtils.java:logGet(46)) - raft.server.threadpool.client.cached = true (default)
2023-02-14 08:19:49,437 [pool-682-thread-1] INFO  server.RaftServerConfigKeys (ConfUtils.java:logGet(46)) - raft.server.threadpool.client.size = 0 (default)
2023-02-14 08:19:49,437 [pool-682-thread-1] INFO  storage.RaftStorageDirectory (RaftStorageDirectoryImpl.java:analyzeStorage(137)) - The storage directory /home/runner/work/ozone/ozone/hadoop-ozone/integration-test/target/test-dir/MiniOzoneClusterImpl-9d03416f-dff1-44af-a51b-f90497d61693/datanode-0/data/ratis/2a659a2c-78ee-4fca-aa63-172a624b11cb does not exist. Creating ...
2023-02-14 08:19:49,438 [pool-682-thread-1] INFO  storage.RaftStorageDirectory (RaftStorageDirectoryImpl.java:tryLock(231)) - Lock on /home/runner/work/ozone/ozone/hadoop-ozone/integration-test/target/test-dir/MiniOzoneClusterImpl-9d03416f-dff1-44af-a51b-f90497d61693/datanode-0/data/ratis/2a659a2c-78ee-4fca-aa63-172a624b11cb/in_use.lock acquired by nodename 11911@fv-az476-382
2023-02-14 08:19:49,439 [pool-682-thread-1] INFO  storage.RaftStorage (RaftStorageImpl.java:format(96)) - Storage directory /home/runner/work/ozone/ozone/hadoop-ozone/integration-test/target/test-dir/MiniOzoneClusterImpl-9d03416f-dff1-44af-a51b-f90497d61693/datanode-0/data/ratis/2a659a2c-78ee-4fca-aa63-172a624b11cb has been successfully formatted.
2023-02-14 08:19:49,440 [pool-682-thread-1] INFO  ratis.ContainerStateMachine (ContainerStateMachine.java:loadSnapshot(240)) - group-172A624B11CB: The snapshot info is null. Setting the last applied indexto:(t:0, i:~)
2023-02-14 08:19:49,440 [pool-682-thread-1] INFO  server.RaftServerConfigKeys (ConfUtils.java:logGet(46)) - raft.server.log.use.memory = false (default)
2023-02-14 08:19:49,440 [pool-682-thread-1] INFO  server.RaftServerConfigKeys (ConfUtils.java:logGet(46)) - raft.server.log.purge.gap = 1000000 (custom)
2023-02-14 08:19:49,440 [pool-682-thread-1] INFO  server.RaftServerConfigKeys (ConfUtils.java:logGet(46)) - raft.server.log.appender.buffer.byte-limit = 33554432 (custom)
2023-02-14 08:19:49,440 [pool-682-thread-1] INFO  server.RaftServerConfigKeys (ConfUtils.java:logGet(46)) - raft.server.log.statemachine.data.read.timeout = 1000ms (default)
2023-02-14 08:19:49,440 [pool-682-thread-1] INFO  server.RaftServerConfigKeys (ConfUtils.java:logGet(46)) - raft.server.log.purge.preservation.log.num = 0 (default)
2023-02-14 08:19:49,440 [pool-682-thread-1] INFO  server.RaftServerConfigKeys (ConfUtils.java:logGet(46)) - raft.server.log.segment.size.max = 1048576 (custom)
2023-02-14 08:19:49,440 [EventQueue-PipelineReportForPipelineReportHandler] INFO  pipeline.PipelineManagerImpl (PipelineManagerImpl.java:openPipeline(367)) - Pipeline Pipeline[ Id: 2a659a2c-78ee-4fca-aa63-172a624b11cb, Nodes: 41c129e8-6aab-4c9d-a285-58cf14387518(fv-az476-382.2mevl5kwmm3ezivwarakluutxb.phxx.internal.cloudapp.net/10.1.0.19), ReplicationConfig: RATIS/ONE, State:ALLOCATED, leaderId:41c129e8-6aab-4c9d-a285-58cf14387518, CreationTimestamp2023-02-14T08:19:46.441Z[Etc/UTC]] moved to OPEN state
2023-02-14 08:19:49,442 [pool-682-thread-1] INFO  server.RaftServerConfigKeys (ConfUtils.java:logGet(46)) - raft.server.log.segment.cache.num.max = 2 (custom)
2023-02-14 08:19:49,442 [pool-682-thread-1] INFO  server.RaftServerConfigKeys (ConfUtils.java:logGet(46)) - raft.server.log.segment.cache.size.max = 200MB (=209715200) (default)
2023-02-14 08:19:49,443 [pool-682-thread-1] INFO  segmented.SegmentedRaftLogWorker (SegmentedRaftLogWorker.java:<init>(189)) - new 41c129e8-6aab-4c9d-a285-58cf14387518@group-172A624B11CB-SegmentedRaftLogWorker for RaftStorageImpl:Storage Directory /home/runner/work/ozone/ozone/hadoop-ozone/integration-test/target/test-dir/MiniOzoneClusterImpl-9d03416f-dff1-44af-a51b-f90497d61693/datanode-0/data/ratis/2a659a2c-78ee-4fca-aa63-172a624b11cb
2023-02-14 08:19:49,443 [pool-682-thread-1] INFO  server.RaftServerConfigKeys (ConfUtils.java:logGet(46)) - raft.server.log.queue.byte-limit = 4294967296 (custom)
2023-02-14 08:19:49,443 [pool-682-thread-1] INFO  server.RaftServerConfigKeys (ConfUtils.java:logGet(46)) - raft.server.log.queue.element-limit = 1024 (custom)
2023-02-14 08:19:49,443 [pool-682-thread-1] INFO  server.RaftServerConfigKeys (ConfUtils.java:logGet(46)) - raft.server.log.segment.size.max = 1048576 (custom)
2023-02-14 08:19:49,443 [pool-682-thread-1] INFO  server.RaftServerConfigKeys (ConfUtils.java:logGet(46)) - raft.server.log.preallocated.size = 16384 (custom)
2023-02-14 08:19:49,443 [pool-682-thread-1] INFO  server.RaftServerConfigKeys (ConfUtils.java:logGet(46)) - raft.server.log.force.sync.num = 128 (default)
2023-02-14 08:19:49,443 [pool-682-thread-1] INFO  server.RaftServerConfigKeys (ConfUtils.java:logGet(46)) - raft.server.log.statemachine.data.sync = true (default)
2023-02-14 08:19:49,443 [pool-682-thread-1] INFO  server.RaftServerConfigKeys (ConfUtils.java:logGet(46)) - raft.server.log.statemachine.data.sync.timeout = 10s (default)
2023-02-14 08:19:49,443 [pool-682-thread-1] INFO  server.RaftServerConfigKeys (ConfUtils.java:logGet(46)) - raft.server.log.statemachine.data.sync.timeout.retry = -1 (default)
2023-02-14 08:19:49,443 [pool-682-thread-1] INFO  server.RaftServerConfigKeys (ConfUtils.java:logGet(46)) - raft.server.log.write.buffer.size = 1048576 (custom)
2023-02-14 08:19:49,443 [pool-682-thread-1] INFO  server.RaftServerConfigKeys (ConfUtils.java:logGet(46)) - raft.server.log.appender.buffer.byte-limit = 33554432 (custom)
2023-02-14 08:19:49,446 [pool-682-thread-1] INFO  server.RaftServerConfigKeys (ConfUtils.java:logGet(46)) - raft.server.log.unsafe-flush.enabled = false (default)
2023-02-14 08:19:49,446 [pool-682-thread-1] INFO  server.RaftServerConfigKeys (ConfUtils.java:logGet(46)) - raft.server.log.async-flush.enabled = false (default)
2023-02-14 08:19:49,446 [pool-682-thread-1] INFO  server.RaftServerConfigKeys (ConfUtils.java:logGet(46)) - raft.server.log.statemachine.data.caching.enabled = true (custom)
2023-02-14 08:19:49,446 [pool-682-thread-1] INFO  segmented.SegmentedRaftLogWorker (SegmentedRaftLogWorker.java:lambda$new$0(135)) - 41c129e8-6aab-4c9d-a285-58cf14387518@group-172A624B11CB-SegmentedRaftLogWorker: flushIndex: setUnconditionally 0 -> -1
2023-02-14 08:19:49,446 [pool-682-thread-1] INFO  segmented.SegmentedRaftLogWorker (SegmentedRaftLogWorker.java:lambda$new$0(135)) - 41c129e8-6aab-4c9d-a285-58cf14387518@group-172A624B11CB-SegmentedRaftLogWorker: safeCacheEvictIndex: setUnconditionally 0 -> -1
2023-02-14 08:19:49,446 [EventQueue-OpenPipelineForHealthyPipelineSafeModeRule] INFO  safemode.SCMSafeModeManager (HealthyPipelineSafeModeRule.java:process(137)) - SCM in safe mode. Healthy pipelines reported count is 0, required healthy pipeline reported count is 1
2023-02-14 08:19:49,447 [pool-682-thread-1] INFO  server.RaftServer$Division (RaftServerImpl.java:start(334)) - 41c129e8-6aab-4c9d-a285-58cf14387518@group-172A624B11CB: start as a follower, conf=-1: peers:[41c129e8-6aab-4c9d-a285-58cf14387518|rpc:10.1.0.19:42087|dataStream:10.1.0.19:37525|priority:1|startupRole:FOLLOWER]|listeners:[], old=null
2023-02-14 08:19:49,447 [pool-682-thread-1] INFO  server.RaftServer$Division (RaftServerImpl.java:setRole(321)) - 41c129e8-6aab-4c9d-a285-58cf14387518@group-172A624B11CB: changes role from      null to FOLLOWER at term 0 for startAsFollower
2023-02-14 08:19:49,447 [pool-682-thread-1] INFO  impl.RoleInfo (RoleInfo.java:updateAndGet(139)) - 41c129e8-6aab-4c9d-a285-58cf14387518: start 41c129e8-6aab-4c9d-a285-58cf14387518@group-172A624B11CB-FollowerState
2023-02-14 08:19:49,447 [pool-682-thread-1] INFO  util.JmxRegister (JmxRegister.java:tryRegister(44)) - Successfully registered JMX Bean with object name Ratis:service=RaftServer,group=group-172A624B11CB,id=41c129e8-6aab-4c9d-a285-58cf14387518
2023-02-14 08:19:49,447 [41c129e8-6aab-4c9d-a285-58cf14387518@group-172A624B11CB-FollowerState] INFO  server.RaftServerConfigKeys (ConfUtils.java:logFallback(53)) - raft.server.rpc.first-election.timeout.min = 5s (fallback to raft.server.rpc.timeout.min)
2023-02-14 08:19:49,447 [pool-682-thread-1] INFO  server.RaftServerConfigKeys (ConfUtils.java:logGet(46)) - raft.server.snapshot.auto.trigger.enabled = true (custom)
2023-02-14 08:19:49,448 [41c129e8-6aab-4c9d-a285-58cf14387518@group-172A624B11CB-FollowerState] INFO  server.RaftServerConfigKeys (ConfUtils.java:logFallback(53)) - raft.server.rpc.first-election.timeout.max = 5200ms (fallback to raft.server.rpc.timeout.max)
2023-02-14 08:19:49,448 [pool-682-thread-1] INFO  server.RaftServerConfigKeys (ConfUtils.java:logGet(46)) - raft.server.snapshot.auto.trigger.threshold = 10000 (custom)
2023-02-14 08:19:49,448 [pool-682-thread-1] INFO  server.RaftServerConfigKeys (ConfUtils.java:logGet(46)) - raft.server.snapshot.retention.file.num = 5 (custom)
2023-02-14 08:19:49,448 [pool-682-thread-1] INFO  server.RaftServerConfigKeys (ConfUtils.java:logGet(46)) - raft.server.log.purge.upto.snapshot.index = false (default)
2023-02-14 08:19:49,448 [Command processor thread] INFO  ratis.XceiverServerRatis (XceiverServerRatis.java:addGroup(807)) - Created group PipelineID=2a659a2c-78ee-4fca-aa63-172a624b11cb
2023-02-14 08:19:49,448 [Command processor thread] INFO  commandhandler.CreatePipelineCommandHandler (CreatePipelineCommandHandler.java:handle(113)) - Created Pipeline RATIS ONE PipelineID=2a659a2c-78ee-4fca-aa63-172a624b11cb.
2023-02-14 08:19:49,448 [Command processor thread] INFO  server.RaftServer (RaftServerProxy.java:addNew(96)) - 41c129e8-6aab-4c9d-a285-58cf14387518: addNew group-8C1B48139ACB:[34ef5736-8ccc-4354-bdfe-e8e28e0b14c7|rpc:10.1.0.19:40043|dataStream:10.1.0.19:42561|priority:1|startupRole:FOLLOWER, 6359aaa4-8509-4a3b-a3c1-a8ea6163a916|rpc:10.1.0.19:41443|dataStream:10.1.0.19:42567|priority:0|startupRole:FOLLOWER, 41c129e8-6aab-4c9d-a285-58cf14387518|rpc:10.1.0.19:42087|dataStream:10.1.0.19:37525|priority:0|startupRole:FOLLOWER] returns group-8C1B48139ACB:java.util.concurrent.CompletableFuture@7a493941[Not completed]
2023-02-14 08:19:49,450 [pool-682-thread-1] INFO  server.RaftServer$Division (RaftServerImpl.java:<init>(195)) - 41c129e8-6aab-4c9d-a285-58cf14387518: new RaftServerImpl for group-8C1B48139ACB:[34ef5736-8ccc-4354-bdfe-e8e28e0b14c7|rpc:10.1.0.19:40043|dataStream:10.1.0.19:42561|priority:1|startupRole:FOLLOWER, 6359aaa4-8509-4a3b-a3c1-a8ea6163a916|rpc:10.1.0.19:41443|dataStream:10.1.0.19:42567|priority:0|startupRole:FOLLOWER, 41c129e8-6aab-4c9d-a285-58cf14387518|rpc:10.1.0.19:42087|dataStream:10.1.0.19:37525|priority:0|startupRole:FOLLOWER] with ContainerStateMachine:uninitialized
2023-02-14 08:19:49,450 [pool-682-thread-1] INFO  server.RaftServerConfigKeys (ConfUtils.java:logGet(46)) - raft.server.rpc.timeout.min = 5s (custom)
2023-02-14 08:19:49,450 [pool-682-thread-1] INFO  server.RaftServerConfigKeys (ConfUtils.java:logGet(46)) - raft.server.rpc.timeout.max = 5200ms (custom)
2023-02-14 08:19:49,450 [pool-682-thread-1] INFO  server.RaftServerConfigKeys (ConfUtils.java:logGet(46)) - raft.server.rpc.sleep.time = 25ms (default)
2023-02-14 08:19:49,450 [pool-682-thread-1] INFO  server.RaftServerConfigKeys (ConfUtils.java:logGet(46)) - raft.server.rpc.slowness.timeout = 300s (custom)
2023-02-14 08:19:49,450 [pool-682-thread-1] INFO  server.RaftServerConfigKeys (ConfUtils.java:logGet(46)) - raft.server.leaderelection.leader.step-down.wait-time = 10s (default)
2023-02-14 08:19:49,450 [pool-682-thread-1] INFO  server.RaftServerConfigKeys (ConfUtils.java:logGet(46)) - raft.server.sleep.deviation.threshold = 300ms (default)
2023-02-14 08:19:49,450 [pool-682-thread-1] INFO  server.RaftServer$Division (ServerState.java:<init>(118)) - 41c129e8-6aab-4c9d-a285-58cf14387518@group-8C1B48139ACB: ConfigurationManager, init=-1: peers:[34ef5736-8ccc-4354-bdfe-e8e28e0b14c7|rpc:10.1.0.19:40043|dataStream:10.1.0.19:42561|priority:1|startupRole:FOLLOWER, 6359aaa4-8509-4a3b-a3c1-a8ea6163a916|rpc:10.1.0.19:41443|dataStream:10.1.0.19:42567|priority:0|startupRole:FOLLOWER, 41c129e8-6aab-4c9d-a285-58cf14387518|rpc:10.1.0.19:42087|dataStream:10.1.0.19:37525|priority:0|startupRole:FOLLOWER]|listeners:[], old=null, confs=<EMPTY_MAP>
2023-02-14 08:19:49,451 [pool-682-thread-1] INFO  server.RaftServerConfigKeys (ConfUtils.java:logGet(46)) - raft.server.storage.dir = [/home/runner/work/ozone/ozone/hadoop-ozone/integration-test/target/test-dir/MiniOzoneClusterImpl-9d03416f-dff1-44af-a51b-f90497d61693/datanode-0/data/ratis] (custom)
2023-02-14 08:19:49,451 [pool-682-thread-1] INFO  server.RaftServerConfigKeys (ConfUtils.java:logGet(46)) - raft.server.log.corruption.policy = EXCEPTION (default)
2023-02-14 08:19:49,451 [pool-682-thread-1] INFO  server.RaftServerConfigKeys (ConfUtils.java:logGet(46)) - raft.server.storage.free-space.min = 0MB (=0) (default)
2023-02-14 08:19:49,451 [pool-682-thread-1] INFO  server.RaftServerConfigKeys (ConfUtils.java:logGet(46)) - raft.server.notification.no-leader.timeout = 300s (custom)
2023-02-14 08:19:49,451 [pool-682-thread-1] INFO  server.RaftServerConfigKeys (ConfUtils.java:logGet(46)) - raft.server.retrycache.expirytime = 600000ms (custom)
2023-02-14 08:19:49,451 [pool-682-thread-1] INFO  server.RaftServerConfigKeys (ConfUtils.java:logGet(46)) - raft.server.retrycache.statistics.expirytime = 100μs (default)
2023-02-14 08:19:49,451 [pool-682-thread-1] INFO  server.RaftServerConfigKeys (ConfUtils.java:logGet(46)) - raft.server.log.appender.install.snapshot.enabled = false (custom)
2023-02-14 08:19:49,451 [pool-682-thread-1] INFO  server.RaftServerConfigKeys (ConfUtils.java:logGet(46)) - raft.server.threadpool.server.cached = true (default)
2023-02-14 08:19:49,451 [pool-682-thread-1] INFO  server.RaftServerConfigKeys (ConfUtils.java:logGet(46)) - raft.server.threadpool.server.size = 0 (default)
2023-02-14 08:19:49,451 [pool-682-thread-1] INFO  server.RaftServerConfigKeys (ConfUtils.java:logGet(46)) - raft.server.threadpool.client.cached = true (default)
2023-02-14 08:19:49,451 [pool-682-thread-1] INFO  server.RaftServerConfigKeys (ConfUtils.java:logGet(46)) - raft.server.threadpool.client.size = 0 (default)
2023-02-14 08:19:49,451 [pool-682-thread-1] INFO  storage.RaftStorageDirectory (RaftStorageDirectoryImpl.java:analyzeStorage(137)) - The storage directory /home/runner/work/ozone/ozone/hadoop-ozone/integration-test/target/test-dir/MiniOzoneClusterImpl-9d03416f-dff1-44af-a51b-f90497d61693/datanode-0/data/ratis/b0a93e48-f278-473a-af03-8c1b48139acb does not exist. Creating ...
2023-02-14 08:19:49,452 [pool-682-thread-1] INFO  storage.RaftStorageDirectory (RaftStorageDirectoryImpl.java:tryLock(231)) - Lock on /home/runner/work/ozone/ozone/hadoop-ozone/integration-test/target/test-dir/MiniOzoneClusterImpl-9d03416f-dff1-44af-a51b-f90497d61693/datanode-0/data/ratis/b0a93e48-f278-473a-af03-8c1b48139acb/in_use.lock acquired by nodename 11911@fv-az476-382
2023-02-14 08:19:49,453 [pool-682-thread-1] INFO  storage.RaftStorage (RaftStorageImpl.java:format(96)) - Storage directory /home/runner/work/ozone/ozone/hadoop-ozone/integration-test/target/test-dir/MiniOzoneClusterImpl-9d03416f-dff1-44af-a51b-f90497d61693/datanode-0/data/ratis/b0a93e48-f278-473a-af03-8c1b48139acb has been successfully formatted.
2023-02-14 08:19:49,453 [pool-682-thread-1] INFO  ratis.ContainerStateMachine (ContainerStateMachine.java:loadSnapshot(240)) - group-8C1B48139ACB: The snapshot info is null. Setting the last applied indexto:(t:0, i:~)
2023-02-14 08:19:49,453 [pool-682-thread-1] INFO  server.RaftServerConfigKeys (ConfUtils.java:logGet(46)) - raft.server.log.use.memory = false (default)
2023-02-14 08:19:49,453 [pool-682-thread-1] INFO  server.RaftServerConfigKeys (ConfUtils.java:logGet(46)) - raft.server.log.purge.gap = 1000000 (custom)
2023-02-14 08:19:49,453 [pool-682-thread-1] INFO  server.RaftServerConfigKeys (ConfUtils.java:logGet(46)) - raft.server.log.appender.buffer.byte-limit = 33554432 (custom)
2023-02-14 08:19:49,453 [pool-682-thread-1] INFO  server.RaftServerConfigKeys (ConfUtils.java:logGet(46)) - raft.server.log.statemachine.data.read.timeout = 1000ms (default)
2023-02-14 08:19:49,453 [pool-682-thread-1] INFO  server.RaftServerConfigKeys (ConfUtils.java:logGet(46)) - raft.server.log.purge.preservation.log.num = 0 (default)
2023-02-14 08:19:49,454 [EventQueue-OpenPipelineForHealthyPipelineSafeModeRule] INFO  safemode.SCMSafeModeManager (HealthyPipelineSafeModeRule.java:process(137)) - SCM in safe mode. Healthy pipelines reported count is 0, required healthy pipeline reported count is 1
2023-02-14 08:19:49,454 [pool-682-thread-1] INFO  server.RaftServerConfigKeys (ConfUtils.java:logGet(46)) - raft.server.log.segment.size.max = 1048576 (custom)
2023-02-14 08:19:49,454 [pool-682-thread-1] INFO  server.RaftServerConfigKeys (ConfUtils.java:logGet(46)) - raft.server.log.segment.cache.num.max = 2 (custom)
2023-02-14 08:19:49,454 [pool-682-thread-1] INFO  server.RaftServerConfigKeys (ConfUtils.java:logGet(46)) - raft.server.log.segment.cache.size.max = 200MB (=209715200) (default)
2023-02-14 08:19:49,454 [pool-682-thread-1] INFO  segmented.SegmentedRaftLogWorker (SegmentedRaftLogWorker.java:<init>(189)) - new 41c129e8-6aab-4c9d-a285-58cf14387518@group-8C1B48139ACB-SegmentedRaftLogWorker for RaftStorageImpl:Storage Directory /home/runner/work/ozone/ozone/hadoop-ozone/integration-test/target/test-dir/MiniOzoneClusterImpl-9d03416f-dff1-44af-a51b-f90497d61693/datanode-0/data/ratis/b0a93e48-f278-473a-af03-8c1b48139acb
2023-02-14 08:19:49,454 [pool-682-thread-1] INFO  server.RaftServerConfigKeys (ConfUtils.java:logGet(46)) - raft.server.log.queue.byte-limit = 4294967296 (custom)
2023-02-14 08:19:49,454 [pool-682-thread-1] INFO  server.RaftServerConfigKeys (ConfUtils.java:logGet(46)) - raft.server.log.queue.element-limit = 1024 (custom)
2023-02-14 08:19:49,454 [pool-682-thread-1] INFO  server.RaftServerConfigKeys (ConfUtils.java:logGet(46)) - raft.server.log.segment.size.max = 1048576 (custom)
2023-02-14 08:19:49,454 [pool-682-thread-1] INFO  server.RaftServerConfigKeys (ConfUtils.java:logGet(46)) - raft.server.log.preallocated.size = 16384 (custom)
2023-02-14 08:19:49,454 [pool-682-thread-1] INFO  server.RaftServerConfigKeys (ConfUtils.java:logGet(46)) - raft.server.log.force.sync.num = 128 (default)
2023-02-14 08:19:49,454 [pool-682-thread-1] INFO  server.RaftServerConfigKeys (ConfUtils.java:logGet(46)) - raft.server.log.statemachine.data.sync = true (default)
2023-02-14 08:19:49,454 [pool-682-thread-1] INFO  server.RaftServerConfigKeys (ConfUtils.java:logGet(46)) - raft.server.log.statemachine.data.sync.timeout = 10s (default)
2023-02-14 08:19:49,454 [pool-682-thread-1] INFO  server.RaftServerConfigKeys (ConfUtils.java:logGet(46)) - raft.server.log.statemachine.data.sync.timeout.retry = -1 (default)
2023-02-14 08:19:49,455 [pool-682-thread-1] INFO  server.RaftServerConfigKeys (ConfUtils.java:logGet(46)) - raft.server.log.write.buffer.size = 1048576 (custom)
2023-02-14 08:19:49,455 [pool-682-thread-1] INFO  server.RaftServerConfigKeys (ConfUtils.java:logGet(46)) - raft.server.log.appender.buffer.byte-limit = 33554432 (custom)
2023-02-14 08:19:49,457 [pool-682-thread-1] INFO  server.RaftServerConfigKeys (ConfUtils.java:logGet(46)) - raft.server.log.unsafe-flush.enabled = false (default)
2023-02-14 08:19:49,457 [pool-682-thread-1] INFO  server.RaftServerConfigKeys (ConfUtils.java:logGet(46)) - raft.server.log.async-flush.enabled = false (default)
2023-02-14 08:19:49,457 [pool-682-thread-1] INFO  server.RaftServerConfigKeys (ConfUtils.java:logGet(46)) - raft.server.log.statemachine.data.caching.enabled = true (custom)
2023-02-14 08:19:49,458 [pool-682-thread-1] INFO  segmented.SegmentedRaftLogWorker (SegmentedRaftLogWorker.java:lambda$new$0(135)) - 41c129e8-6aab-4c9d-a285-58cf14387518@group-8C1B48139ACB-SegmentedRaftLogWorker: flushIndex: setUnconditionally 0 -> -1
2023-02-14 08:19:49,458 [pool-682-thread-1] INFO  segmented.SegmentedRaftLogWorker (SegmentedRaftLogWorker.java:lambda$new$0(135)) - 41c129e8-6aab-4c9d-a285-58cf14387518@group-8C1B48139ACB-SegmentedRaftLogWorker: safeCacheEvictIndex: setUnconditionally 0 -> -1
2023-02-14 08:19:49,458 [pool-682-thread-1] INFO  server.RaftServer$Division (RaftServerImpl.java:start(334)) - 41c129e8-6aab-4c9d-a285-58cf14387518@group-8C1B48139ACB: start as a follower, conf=-1: peers:[34ef5736-8ccc-4354-bdfe-e8e28e0b14c7|rpc:10.1.0.19:40043|dataStream:10.1.0.19:42561|priority:1|startupRole:FOLLOWER, 6359aaa4-8509-4a3b-a3c1-a8ea6163a916|rpc:10.1.0.19:41443|dataStream:10.1.0.19:42567|priority:0|startupRole:FOLLOWER, 41c129e8-6aab-4c9d-a285-58cf14387518|rpc:10.1.0.19:42087|dataStream:10.1.0.19:37525|priority:0|startupRole:FOLLOWER]|listeners:[], old=null
2023-02-14 08:19:49,458 [pool-682-thread-1] INFO  server.RaftServer$Division (RaftServerImpl.java:setRole(321)) - 41c129e8-6aab-4c9d-a285-58cf14387518@group-8C1B48139ACB: changes role from      null to FOLLOWER at term 0 for startAsFollower
2023-02-14 08:19:49,458 [pool-682-thread-1] INFO  impl.RoleInfo (RoleInfo.java:updateAndGet(139)) - 41c129e8-6aab-4c9d-a285-58cf14387518: start 41c129e8-6aab-4c9d-a285-58cf14387518@group-8C1B48139ACB-FollowerState
2023-02-14 08:19:49,458 [pool-682-thread-1] INFO  util.JmxRegister (JmxRegister.java:tryRegister(44)) - Successfully registered JMX Bean with object name Ratis:service=RaftServer,group=group-8C1B48139ACB,id=41c129e8-6aab-4c9d-a285-58cf14387518
2023-02-14 08:19:49,458 [41c129e8-6aab-4c9d-a285-58cf14387518@group-8C1B48139ACB-FollowerState] INFO  server.RaftServerConfigKeys (ConfUtils.java:logFallback(53)) - raft.server.rpc.first-election.timeout.min = 5s (fallback to raft.server.rpc.timeout.min)
2023-02-14 08:19:49,458 [pool-682-thread-1] INFO  server.RaftServerConfigKeys (ConfUtils.java:logGet(46)) - raft.server.snapshot.auto.trigger.enabled = true (custom)
2023-02-14 08:19:49,458 [41c129e8-6aab-4c9d-a285-58cf14387518@group-8C1B48139ACB-FollowerState] INFO  server.RaftServerConfigKeys (ConfUtils.java:logFallback(53)) - raft.server.rpc.first-election.timeout.max = 5200ms (fallback to raft.server.rpc.timeout.max)
2023-02-14 08:19:49,458 [pool-682-thread-1] INFO  server.RaftServerConfigKeys (ConfUtils.java:logGet(46)) - raft.server.snapshot.auto.trigger.threshold = 10000 (custom)
2023-02-14 08:19:49,458 [pool-682-thread-1] INFO  server.RaftServerConfigKeys (ConfUtils.java:logGet(46)) - raft.server.snapshot.retention.file.num = 5 (custom)
2023-02-14 08:19:49,458 [pool-682-thread-1] INFO  server.RaftServerConfigKeys (ConfUtils.java:logGet(46)) - raft.server.log.purge.upto.snapshot.index = false (default)
2023-02-14 08:19:49,459 [Command processor thread] INFO  ratis.XceiverServerRatis (XceiverServerRatis.java:addGroup(807)) - Created group PipelineID=b0a93e48-f278-473a-af03-8c1b48139acb
2023-02-14 08:19:49,475 [grpc-default-executor-0] INFO  server.RaftServer (RaftServerProxy.java:addNew(96)) - 34ef5736-8ccc-4354-bdfe-e8e28e0b14c7: addNew group-8C1B48139ACB:[34ef5736-8ccc-4354-bdfe-e8e28e0b14c7|rpc:10.1.0.19:40043|dataStream:10.1.0.19:42561|priority:1|startupRole:FOLLOWER, 6359aaa4-8509-4a3b-a3c1-a8ea6163a916|rpc:10.1.0.19:41443|dataStream:10.1.0.19:42567|priority:0|startupRole:FOLLOWER, 41c129e8-6aab-4c9d-a285-58cf14387518|rpc:10.1.0.19:42087|dataStream:10.1.0.19:37525|priority:0|startupRole:FOLLOWER] returns group-8C1B48139ACB:java.util.concurrent.CompletableFuture@3764055e[Not completed]
2023-02-14 08:19:49,476 [pool-726-thread-1] INFO  server.RaftServer$Division (RaftServerImpl.java:<init>(195)) - 34ef5736-8ccc-4354-bdfe-e8e28e0b14c7: new RaftServerImpl for group-8C1B48139ACB:[34ef5736-8ccc-4354-bdfe-e8e28e0b14c7|rpc:10.1.0.19:40043|dataStream:10.1.0.19:42561|priority:1|startupRole:FOLLOWER, 6359aaa4-8509-4a3b-a3c1-a8ea6163a916|rpc:10.1.0.19:41443|dataStream:10.1.0.19:42567|priority:0|startupRole:FOLLOWER, 41c129e8-6aab-4c9d-a285-58cf14387518|rpc:10.1.0.19:42087|dataStream:10.1.0.19:37525|priority:0|startupRole:FOLLOWER] with ContainerStateMachine:uninitialized
2023-02-14 08:19:49,476 [pool-726-thread-1] INFO  server.RaftServerConfigKeys (ConfUtils.java:logGet(46)) - raft.server.rpc.timeout.min = 5s (custom)
2023-02-14 08:19:49,476 [pool-726-thread-1] INFO  server.RaftServerConfigKeys (ConfUtils.java:logGet(46)) - raft.server.rpc.timeout.max = 5200ms (custom)
2023-02-14 08:19:49,476 [pool-726-thread-1] INFO  server.RaftServerConfigKeys (ConfUtils.java:logGet(46)) - raft.server.rpc.sleep.time = 25ms (default)
2023-02-14 08:19:49,476 [pool-726-thread-1] INFO  server.RaftServerConfigKeys (ConfUtils.java:logGet(46)) - raft.server.rpc.slowness.timeout = 300s (custom)
2023-02-14 08:19:49,476 [pool-726-thread-1] INFO  server.RaftServerConfigKeys (ConfUtils.java:logGet(46)) - raft.server.leaderelection.leader.step-down.wait-time = 10s (default)
2023-02-14 08:19:49,476 [pool-726-thread-1] INFO  server.RaftServerConfigKeys (ConfUtils.java:logGet(46)) - raft.server.sleep.deviation.threshold = 300ms (default)
2023-02-14 08:19:49,476 [pool-726-thread-1] INFO  server.RaftServer$Division (ServerState.java:<init>(118)) - 34ef5736-8ccc-4354-bdfe-e8e28e0b14c7@group-8C1B48139ACB: ConfigurationManager, init=-1: peers:[34ef5736-8ccc-4354-bdfe-e8e28e0b14c7|rpc:10.1.0.19:40043|dataStream:10.1.0.19:42561|priority:1|startupRole:FOLLOWER, 6359aaa4-8509-4a3b-a3c1-a8ea6163a916|rpc:10.1.0.19:41443|dataStream:10.1.0.19:42567|priority:0|startupRole:FOLLOWER, 41c129e8-6aab-4c9d-a285-58cf14387518|rpc:10.1.0.19:42087|dataStream:10.1.0.19:37525|priority:0|startupRole:FOLLOWER]|listeners:[], old=null, confs=<EMPTY_MAP>
2023-02-14 08:19:49,476 [pool-726-thread-1] INFO  server.RaftServerConfigKeys (ConfUtils.java:logGet(46)) - raft.server.storage.dir = [/home/runner/work/ozone/ozone/hadoop-ozone/integration-test/target/test-dir/MiniOzoneClusterImpl-9d03416f-dff1-44af-a51b-f90497d61693/datanode-2/data/ratis] (custom)
2023-02-14 08:19:49,476 [pool-726-thread-1] INFO  server.RaftServerConfigKeys (ConfUtils.java:logGet(46)) - raft.server.log.corruption.policy = EXCEPTION (default)
2023-02-14 08:19:49,476 [pool-726-thread-1] INFO  server.RaftServerConfigKeys (ConfUtils.java:logGet(46)) - raft.server.storage.free-space.min = 0MB (=0) (default)
2023-02-14 08:19:49,476 [pool-726-thread-1] INFO  server.RaftServerConfigKeys (ConfUtils.java:logGet(46)) - raft.server.notification.no-leader.timeout = 300s (custom)
2023-02-14 08:19:49,476 [pool-726-thread-1] INFO  server.RaftServerConfigKeys (ConfUtils.java:logGet(46)) - raft.server.retrycache.expirytime = 600000ms (custom)
2023-02-14 08:19:49,476 [pool-726-thread-1] INFO  server.RaftServerConfigKeys (ConfUtils.java:logGet(46)) - raft.server.retrycache.statistics.expirytime = 100μs (default)
2023-02-14 08:19:49,477 [pool-726-thread-1] INFO  server.RaftServerConfigKeys (ConfUtils.java:logGet(46)) - raft.server.log.appender.install.snapshot.enabled = false (custom)
2023-02-14 08:19:49,477 [pool-726-thread-1] INFO  server.RaftServerConfigKeys (ConfUtils.java:logGet(46)) - raft.server.threadpool.server.cached = true (default)
2023-02-14 08:19:49,477 [pool-726-thread-1] INFO  server.RaftServerConfigKeys (ConfUtils.java:logGet(46)) - raft.server.threadpool.server.size = 0 (default)
2023-02-14 08:19:49,477 [pool-726-thread-1] INFO  server.RaftServerConfigKeys (ConfUtils.java:logGet(46)) - raft.server.threadpool.client.cached = true (default)
2023-02-14 08:19:49,477 [pool-726-thread-1] INFO  server.RaftServerConfigKeys (ConfUtils.java:logGet(46)) - raft.server.threadpool.client.size = 0 (default)
2023-02-14 08:19:49,477 [pool-726-thread-1] INFO  storage.RaftStorageDirectory (RaftStorageDirectoryImpl.java:analyzeStorage(137)) - The storage directory /home/runner/work/ozone/ozone/hadoop-ozone/integration-test/target/test-dir/MiniOzoneClusterImpl-9d03416f-dff1-44af-a51b-f90497d61693/datanode-2/data/ratis/b0a93e48-f278-473a-af03-8c1b48139acb does not exist. Creating ...
2023-02-14 08:19:49,478 [pool-726-thread-1] INFO  storage.RaftStorageDirectory (RaftStorageDirectoryImpl.java:tryLock(231)) - Lock on /home/runner/work/ozone/ozone/hadoop-ozone/integration-test/target/test-dir/MiniOzoneClusterImpl-9d03416f-dff1-44af-a51b-f90497d61693/datanode-2/data/ratis/b0a93e48-f278-473a-af03-8c1b48139acb/in_use.lock acquired by nodename 11911@fv-az476-382
2023-02-14 08:19:49,479 [pool-726-thread-1] INFO  storage.RaftStorage (RaftStorageImpl.java:format(96)) - Storage directory /home/runner/work/ozone/ozone/hadoop-ozone/integration-test/target/test-dir/MiniOzoneClusterImpl-9d03416f-dff1-44af-a51b-f90497d61693/datanode-2/data/ratis/b0a93e48-f278-473a-af03-8c1b48139acb has been successfully formatted.
2023-02-14 08:19:49,480 [pool-726-thread-1] INFO  ratis.ContainerStateMachine (ContainerStateMachine.java:loadSnapshot(240)) - group-8C1B48139ACB: The snapshot info is null. Setting the last applied indexto:(t:0, i:~)
2023-02-14 08:19:49,480 [pool-726-thread-1] INFO  server.RaftServerConfigKeys (ConfUtils.java:logGet(46)) - raft.server.log.use.memory = false (default)
2023-02-14 08:19:49,481 [pool-726-thread-1] INFO  server.RaftServerConfigKeys (ConfUtils.java:logGet(46)) - raft.server.log.purge.gap = 1000000 (custom)
2023-02-14 08:19:49,481 [pool-726-thread-1] INFO  server.RaftServerConfigKeys (ConfUtils.java:logGet(46)) - raft.server.log.appender.buffer.byte-limit = 33554432 (custom)
2023-02-14 08:19:49,481 [pool-726-thread-1] INFO  server.RaftServerConfigKeys (ConfUtils.java:logGet(46)) - raft.server.log.statemachine.data.read.timeout = 1000ms (default)
2023-02-14 08:19:49,481 [pool-726-thread-1] INFO  server.RaftServerConfigKeys (ConfUtils.java:logGet(46)) - raft.server.log.purge.preservation.log.num = 0 (default)
2023-02-14 08:19:49,481 [pool-726-thread-1] INFO  server.RaftServerConfigKeys (ConfUtils.java:logGet(46)) - raft.server.log.segment.size.max = 1048576 (custom)
2023-02-14 08:19:49,481 [pool-726-thread-1] INFO  server.RaftServerConfigKeys (ConfUtils.java:logGet(46)) - raft.server.log.segment.cache.num.max = 2 (custom)
2023-02-14 08:19:49,481 [pool-726-thread-1] INFO  server.RaftServerConfigKeys (ConfUtils.java:logGet(46)) - raft.server.log.segment.cache.size.max = 200MB (=209715200) (default)
2023-02-14 08:19:49,481 [pool-726-thread-1] INFO  segmented.SegmentedRaftLogWorker (SegmentedRaftLogWorker.java:<init>(189)) - new 34ef5736-8ccc-4354-bdfe-e8e28e0b14c7@group-8C1B48139ACB-SegmentedRaftLogWorker for RaftStorageImpl:Storage Directory /home/runner/work/ozone/ozone/hadoop-ozone/integration-test/target/test-dir/MiniOzoneClusterImpl-9d03416f-dff1-44af-a51b-f90497d61693/datanode-2/data/ratis/b0a93e48-f278-473a-af03-8c1b48139acb
2023-02-14 08:19:49,481 [pool-726-thread-1] INFO  server.RaftServerConfigKeys (ConfUtils.java:logGet(46)) - raft.server.log.queue.byte-limit = 4294967296 (custom)
2023-02-14 08:19:49,481 [pool-726-thread-1] INFO  server.RaftServerConfigKeys (ConfUtils.java:logGet(46)) - raft.server.log.queue.element-limit = 1024 (custom)
2023-02-14 08:19:49,481 [pool-726-thread-1] INFO  server.RaftServerConfigKeys (ConfUtils.java:logGet(46)) - raft.server.log.segment.size.max = 1048576 (custom)
2023-02-14 08:19:49,481 [pool-726-thread-1] INFO  server.RaftServerConfigKeys (ConfUtils.java:logGet(46)) - raft.server.log.preallocated.size = 16384 (custom)
2023-02-14 08:19:49,481 [pool-726-thread-1] INFO  server.RaftServerConfigKeys (ConfUtils.java:logGet(46)) - raft.server.log.force.sync.num = 128 (default)
2023-02-14 08:19:49,481 [pool-726-thread-1] INFO  server.RaftServerConfigKeys (ConfUtils.java:logGet(46)) - raft.server.log.statemachine.data.sync = true (default)
2023-02-14 08:19:49,481 [pool-726-thread-1] INFO  server.RaftServerConfigKeys (ConfUtils.java:logGet(46)) - raft.server.log.statemachine.data.sync.timeout = 10s (default)
2023-02-14 08:19:49,481 [pool-726-thread-1] INFO  server.RaftServerConfigKeys (ConfUtils.java:logGet(46)) - raft.server.log.statemachine.data.sync.timeout.retry = -1 (default)
2023-02-14 08:19:49,482 [pool-726-thread-1] INFO  server.RaftServerConfigKeys (ConfUtils.java:logGet(46)) - raft.server.log.write.buffer.size = 1048576 (custom)
2023-02-14 08:19:49,482 [pool-726-thread-1] INFO  server.RaftServerConfigKeys (ConfUtils.java:logGet(46)) - raft.server.log.appender.buffer.byte-limit = 33554432 (custom)
2023-02-14 08:19:49,485 [pool-726-thread-1] INFO  server.RaftServerConfigKeys (ConfUtils.java:logGet(46)) - raft.server.log.unsafe-flush.enabled = false (default)
2023-02-14 08:19:49,485 [pool-726-thread-1] INFO  server.RaftServerConfigKeys (ConfUtils.java:logGet(46)) - raft.server.log.async-flush.enabled = false (default)
2023-02-14 08:19:49,485 [pool-726-thread-1] INFO  server.RaftServerConfigKeys (ConfUtils.java:logGet(46)) - raft.server.log.statemachine.data.caching.enabled = true (custom)
2023-02-14 08:19:49,485 [pool-726-thread-1] INFO  segmented.SegmentedRaftLogWorker (SegmentedRaftLogWorker.java:lambda$new$0(135)) - 34ef5736-8ccc-4354-bdfe-e8e28e0b14c7@group-8C1B48139ACB-SegmentedRaftLogWorker: flushIndex: setUnconditionally 0 -> -1
2023-02-14 08:19:49,485 [pool-726-thread-1] INFO  segmented.SegmentedRaftLogWorker (SegmentedRaftLogWorker.java:lambda$new$0(135)) - 34ef5736-8ccc-4354-bdfe-e8e28e0b14c7@group-8C1B48139ACB-SegmentedRaftLogWorker: safeCacheEvictIndex: setUnconditionally 0 -> -1
2023-02-14 08:19:49,485 [pool-726-thread-1] INFO  server.RaftServer$Division (RaftServerImpl.java:start(334)) - 34ef5736-8ccc-4354-bdfe-e8e28e0b14c7@group-8C1B48139ACB: start as a follower, conf=-1: peers:[34ef5736-8ccc-4354-bdfe-e8e28e0b14c7|rpc:10.1.0.19:40043|dataStream:10.1.0.19:42561|priority:1|startupRole:FOLLOWER, 6359aaa4-8509-4a3b-a3c1-a8ea6163a916|rpc:10.1.0.19:41443|dataStream:10.1.0.19:42567|priority:0|startupRole:FOLLOWER, 41c129e8-6aab-4c9d-a285-58cf14387518|rpc:10.1.0.19:42087|dataStream:10.1.0.19:37525|priority:0|startupRole:FOLLOWER]|listeners:[], old=null
2023-02-14 08:19:49,485 [pool-726-thread-1] INFO  server.RaftServer$Division (RaftServerImpl.java:setRole(321)) - 34ef5736-8ccc-4354-bdfe-e8e28e0b14c7@group-8C1B48139ACB: changes role from      null to FOLLOWER at term 0 for startAsFollower
2023-02-14 08:19:49,485 [pool-726-thread-1] INFO  impl.RoleInfo (RoleInfo.java:updateAndGet(139)) - 34ef5736-8ccc-4354-bdfe-e8e28e0b14c7: start 34ef5736-8ccc-4354-bdfe-e8e28e0b14c7@group-8C1B48139ACB-FollowerState
2023-02-14 08:19:49,485 [pool-726-thread-1] INFO  util.JmxRegister (JmxRegister.java:tryRegister(44)) - Successfully registered JMX Bean with object name Ratis:service=RaftServer,group=group-8C1B48139ACB,id=34ef5736-8ccc-4354-bdfe-e8e28e0b14c7
2023-02-14 08:19:49,486 [pool-726-thread-1] INFO  server.RaftServerConfigKeys (ConfUtils.java:logGet(46)) - raft.server.snapshot.auto.trigger.enabled = true (custom)
2023-02-14 08:19:49,486 [34ef5736-8ccc-4354-bdfe-e8e28e0b14c7@group-8C1B48139ACB-FollowerState] INFO  server.RaftServerConfigKeys (ConfUtils.java:logFallback(53)) - raft.server.rpc.first-election.timeout.min = 5s (fallback to raft.server.rpc.timeout.min)
2023-02-14 08:19:49,486 [34ef5736-8ccc-4354-bdfe-e8e28e0b14c7@group-8C1B48139ACB-FollowerState] INFO  server.RaftServerConfigKeys (ConfUtils.java:logFallback(53)) - raft.server.rpc.first-election.timeout.max = 5200ms (fallback to raft.server.rpc.timeout.max)
2023-02-14 08:19:49,486 [pool-726-thread-1] INFO  server.RaftServerConfigKeys (ConfUtils.java:logGet(46)) - raft.server.snapshot.auto.trigger.threshold = 10000 (custom)
2023-02-14 08:19:49,486 [pool-726-thread-1] INFO  server.RaftServerConfigKeys (ConfUtils.java:logGet(46)) - raft.server.snapshot.retention.file.num = 5 (custom)
2023-02-14 08:19:49,486 [pool-726-thread-1] INFO  server.RaftServerConfigKeys (ConfUtils.java:logGet(46)) - raft.server.log.purge.upto.snapshot.index = false (default)
2023-02-14 08:19:49,497 [grpc-default-executor-0] INFO  server.RaftServer (RaftServerProxy.java:addNew(96)) - 6359aaa4-8509-4a3b-a3c1-a8ea6163a916: addNew group-8C1B48139ACB:[34ef5736-8ccc-4354-bdfe-e8e28e0b14c7|rpc:10.1.0.19:40043|dataStream:10.1.0.19:42561|priority:1|startupRole:FOLLOWER, 6359aaa4-8509-4a3b-a3c1-a8ea6163a916|rpc:10.1.0.19:41443|dataStream:10.1.0.19:42567|priority:0|startupRole:FOLLOWER, 41c129e8-6aab-4c9d-a285-58cf14387518|rpc:10.1.0.19:42087|dataStream:10.1.0.19:37525|priority:0|startupRole:FOLLOWER] returns group-8C1B48139ACB:java.util.concurrent.CompletableFuture@2819db30[Not completed]
2023-02-14 08:19:49,498 [pool-704-thread-1] INFO  server.RaftServer$Division (RaftServerImpl.java:<init>(195)) - 6359aaa4-8509-4a3b-a3c1-a8ea6163a916: new RaftServerImpl for group-8C1B48139ACB:[34ef5736-8ccc-4354-bdfe-e8e28e0b14c7|rpc:10.1.0.19:40043|dataStream:10.1.0.19:42561|priority:1|startupRole:FOLLOWER, 6359aaa4-8509-4a3b-a3c1-a8ea6163a916|rpc:10.1.0.19:41443|dataStream:10.1.0.19:42567|priority:0|startupRole:FOLLOWER, 41c129e8-6aab-4c9d-a285-58cf14387518|rpc:10.1.0.19:42087|dataStream:10.1.0.19:37525|priority:0|startupRole:FOLLOWER] with ContainerStateMachine:uninitialized
2023-02-14 08:19:49,498 [pool-704-thread-1] INFO  server.RaftServerConfigKeys (ConfUtils.java:logGet(46)) - raft.server.rpc.timeout.min = 5s (custom)
2023-02-14 08:19:49,498 [pool-704-thread-1] INFO  server.RaftServerConfigKeys (ConfUtils.java:logGet(46)) - raft.server.rpc.timeout.max = 5200ms (custom)
2023-02-14 08:19:49,498 [pool-704-thread-1] INFO  server.RaftServerConfigKeys (ConfUtils.java:logGet(46)) - raft.server.rpc.sleep.time = 25ms (default)
2023-02-14 08:19:49,498 [pool-704-thread-1] INFO  server.RaftServerConfigKeys (ConfUtils.java:logGet(46)) - raft.server.rpc.slowness.timeout = 300s (custom)
2023-02-14 08:19:49,498 [pool-704-thread-1] INFO  server.RaftServerConfigKeys (ConfUtils.java:logGet(46)) - raft.server.leaderelection.leader.step-down.wait-time = 10s (default)
2023-02-14 08:19:49,498 [pool-704-thread-1] INFO  server.RaftServerConfigKeys (ConfUtils.java:logGet(46)) - raft.server.sleep.deviation.threshold = 300ms (default)
2023-02-14 08:19:49,498 [pool-704-thread-1] INFO  server.RaftServer$Division (ServerState.java:<init>(118)) - 6359aaa4-8509-4a3b-a3c1-a8ea6163a916@group-8C1B48139ACB: ConfigurationManager, init=-1: peers:[34ef5736-8ccc-4354-bdfe-e8e28e0b14c7|rpc:10.1.0.19:40043|dataStream:10.1.0.19:42561|priority:1|startupRole:FOLLOWER, 6359aaa4-8509-4a3b-a3c1-a8ea6163a916|rpc:10.1.0.19:41443|dataStream:10.1.0.19:42567|priority:0|startupRole:FOLLOWER, 41c129e8-6aab-4c9d-a285-58cf14387518|rpc:10.1.0.19:42087|dataStream:10.1.0.19:37525|priority:0|startupRole:FOLLOWER]|listeners:[], old=null, confs=<EMPTY_MAP>
2023-02-14 08:19:49,498 [pool-704-thread-1] INFO  server.RaftServerConfigKeys (ConfUtils.java:logGet(46)) - raft.server.storage.dir = [/home/runner/work/ozone/ozone/hadoop-ozone/integration-test/target/test-dir/MiniOzoneClusterImpl-9d03416f-dff1-44af-a51b-f90497d61693/datanode-1/data/ratis] (custom)
2023-02-14 08:19:49,498 [pool-704-thread-1] INFO  server.RaftServerConfigKeys (ConfUtils.java:logGet(46)) - raft.server.log.corruption.policy = EXCEPTION (default)
2023-02-14 08:19:49,498 [pool-704-thread-1] INFO  server.RaftServerConfigKeys (ConfUtils.java:logGet(46)) - raft.server.storage.free-space.min = 0MB (=0) (default)
2023-02-14 08:19:49,498 [pool-704-thread-1] INFO  server.RaftServerConfigKeys (ConfUtils.java:logGet(46)) - raft.server.notification.no-leader.timeout = 300s (custom)
2023-02-14 08:19:49,498 [pool-704-thread-1] INFO  server.RaftServerConfigKeys (ConfUtils.java:logGet(46)) - raft.server.retrycache.expirytime = 600000ms (custom)
2023-02-14 08:19:49,499 [pool-704-thread-1] INFO  server.RaftServerConfigKeys (ConfUtils.java:logGet(46)) - raft.server.retrycache.statistics.expirytime = 100μs (default)
2023-02-14 08:19:49,499 [pool-704-thread-1] INFO  server.RaftServerConfigKeys (ConfUtils.java:logGet(46)) - raft.server.log.appender.install.snapshot.enabled = false (custom)
2023-02-14 08:19:49,499 [pool-704-thread-1] INFO  server.RaftServerConfigKeys (ConfUtils.java:logGet(46)) - raft.server.threadpool.server.cached = true (default)
2023-02-14 08:19:49,499 [pool-704-thread-1] INFO  server.RaftServerConfigKeys (ConfUtils.java:logGet(46)) - raft.server.threadpool.server.size = 0 (default)
2023-02-14 08:19:49,499 [pool-704-thread-1] INFO  server.RaftServerConfigKeys (ConfUtils.java:logGet(46)) - raft.server.threadpool.client.cached = true (default)
2023-02-14 08:19:49,499 [pool-704-thread-1] INFO  server.RaftServerConfigKeys (ConfUtils.java:logGet(46)) - raft.server.threadpool.client.size = 0 (default)
2023-02-14 08:19:49,499 [pool-704-thread-1] INFO  storage.RaftStorageDirectory (RaftStorageDirectoryImpl.java:analyzeStorage(137)) - The storage directory /home/runner/work/ozone/ozone/hadoop-ozone/integration-test/target/test-dir/MiniOzoneClusterImpl-9d03416f-dff1-44af-a51b-f90497d61693/datanode-1/data/ratis/b0a93e48-f278-473a-af03-8c1b48139acb does not exist. Creating ...
2023-02-14 08:19:49,500 [pool-704-thread-1] INFO  storage.RaftStorageDirectory (RaftStorageDirectoryImpl.java:tryLock(231)) - Lock on /home/runner/work/ozone/ozone/hadoop-ozone/integration-test/target/test-dir/MiniOzoneClusterImpl-9d03416f-dff1-44af-a51b-f90497d61693/datanode-1/data/ratis/b0a93e48-f278-473a-af03-8c1b48139acb/in_use.lock acquired by nodename 11911@fv-az476-382
2023-02-14 08:19:49,501 [pool-704-thread-1] INFO  storage.RaftStorage (RaftStorageImpl.java:format(96)) - Storage directory /home/runner/work/ozone/ozone/hadoop-ozone/integration-test/target/test-dir/MiniOzoneClusterImpl-9d03416f-dff1-44af-a51b-f90497d61693/datanode-1/data/ratis/b0a93e48-f278-473a-af03-8c1b48139acb has been successfully formatted.
2023-02-14 08:19:49,501 [pool-704-thread-1] INFO  ratis.ContainerStateMachine (ContainerStateMachine.java:loadSnapshot(240)) - group-8C1B48139ACB: The snapshot info is null. Setting the last applied indexto:(t:0, i:~)
2023-02-14 08:19:49,501 [pool-704-thread-1] INFO  server.RaftServerConfigKeys (ConfUtils.java:logGet(46)) - raft.server.log.use.memory = false (default)
2023-02-14 08:19:49,502 [pool-704-thread-1] INFO  server.RaftServerConfigKeys (ConfUtils.java:logGet(46)) - raft.server.log.purge.gap = 1000000 (custom)
2023-02-14 08:19:49,502 [pool-704-thread-1] INFO  server.RaftServerConfigKeys (ConfUtils.java:logGet(46)) - raft.server.log.appender.buffer.byte-limit = 33554432 (custom)
2023-02-14 08:19:49,502 [pool-704-thread-1] INFO  server.RaftServerConfigKeys (ConfUtils.java:logGet(46)) - raft.server.log.statemachine.data.read.timeout = 1000ms (default)
2023-02-14 08:19:49,502 [pool-704-thread-1] INFO  server.RaftServerConfigKeys (ConfUtils.java:logGet(46)) - raft.server.log.purge.preservation.log.num = 0 (default)
2023-02-14 08:19:49,502 [pool-704-thread-1] INFO  server.RaftServerConfigKeys (ConfUtils.java:logGet(46)) - raft.server.log.segment.size.max = 1048576 (custom)
2023-02-14 08:19:49,502 [pool-704-thread-1] INFO  server.RaftServerConfigKeys (ConfUtils.java:logGet(46)) - raft.server.log.segment.cache.num.max = 2 (custom)
2023-02-14 08:19:49,502 [pool-704-thread-1] INFO  server.RaftServerConfigKeys (ConfUtils.java:logGet(46)) - raft.server.log.segment.cache.size.max = 200MB (=209715200) (default)
2023-02-14 08:19:49,502 [pool-704-thread-1] INFO  segmented.SegmentedRaftLogWorker (SegmentedRaftLogWorker.java:<init>(189)) - new 6359aaa4-8509-4a3b-a3c1-a8ea6163a916@group-8C1B48139ACB-SegmentedRaftLogWorker for RaftStorageImpl:Storage Directory /home/runner/work/ozone/ozone/hadoop-ozone/integration-test/target/test-dir/MiniOzoneClusterImpl-9d03416f-dff1-44af-a51b-f90497d61693/datanode-1/data/ratis/b0a93e48-f278-473a-af03-8c1b48139acb
2023-02-14 08:19:49,502 [pool-704-thread-1] INFO  server.RaftServerConfigKeys (ConfUtils.java:logGet(46)) - raft.server.log.queue.byte-limit = 4294967296 (custom)
2023-02-14 08:19:49,502 [pool-704-thread-1] INFO  server.RaftServerConfigKeys (ConfUtils.java:logGet(46)) - raft.server.log.queue.element-limit = 1024 (custom)
2023-02-14 08:19:49,502 [pool-704-thread-1] INFO  server.RaftServerConfigKeys (ConfUtils.java:logGet(46)) - raft.server.log.segment.size.max = 1048576 (custom)
2023-02-14 08:19:49,503 [pool-704-thread-1] INFO  server.RaftServerConfigKeys (ConfUtils.java:logGet(46)) - raft.server.log.preallocated.size = 16384 (custom)
2023-02-14 08:19:49,503 [pool-704-thread-1] INFO  server.RaftServerConfigKeys (ConfUtils.java:logGet(46)) - raft.server.log.force.sync.num = 128 (default)
2023-02-14 08:19:49,503 [pool-704-thread-1] INFO  server.RaftServerConfigKeys (ConfUtils.java:logGet(46)) - raft.server.log.statemachine.data.sync = true (default)
2023-02-14 08:19:49,503 [pool-704-thread-1] INFO  server.RaftServerConfigKeys (ConfUtils.java:logGet(46)) - raft.server.log.statemachine.data.sync.timeout = 10s (default)
2023-02-14 08:19:49,503 [pool-704-thread-1] INFO  server.RaftServerConfigKeys (ConfUtils.java:logGet(46)) - raft.server.log.statemachine.data.sync.timeout.retry = -1 (default)
2023-02-14 08:19:49,503 [pool-704-thread-1] INFO  server.RaftServerConfigKeys (ConfUtils.java:logGet(46)) - raft.server.log.write.buffer.size = 1048576 (custom)
2023-02-14 08:19:49,503 [pool-704-thread-1] INFO  server.RaftServerConfigKeys (ConfUtils.java:logGet(46)) - raft.server.log.appender.buffer.byte-limit = 33554432 (custom)
2023-02-14 08:19:49,507 [pool-704-thread-1] INFO  server.RaftServerConfigKeys (ConfUtils.java:logGet(46)) - raft.server.log.unsafe-flush.enabled = false (default)
2023-02-14 08:19:49,507 [pool-704-thread-1] INFO  server.RaftServerConfigKeys (ConfUtils.java:logGet(46)) - raft.server.log.async-flush.enabled = false (default)
2023-02-14 08:19:49,507 [pool-704-thread-1] INFO  server.RaftServerConfigKeys (ConfUtils.java:logGet(46)) - raft.server.log.statemachine.data.caching.enabled = true (custom)
2023-02-14 08:19:49,507 [pool-704-thread-1] INFO  segmented.SegmentedRaftLogWorker (SegmentedRaftLogWorker.java:lambda$new$0(135)) - 6359aaa4-8509-4a3b-a3c1-a8ea6163a916@group-8C1B48139ACB-SegmentedRaftLogWorker: flushIndex: setUnconditionally 0 -> -1
2023-02-14 08:19:49,507 [pool-704-thread-1] INFO  segmented.SegmentedRaftLogWorker (SegmentedRaftLogWorker.java:lambda$new$0(135)) - 6359aaa4-8509-4a3b-a3c1-a8ea6163a916@group-8C1B48139ACB-SegmentedRaftLogWorker: safeCacheEvictIndex: setUnconditionally 0 -> -1
2023-02-14 08:19:49,507 [pool-704-thread-1] INFO  server.RaftServer$Division (RaftServerImpl.java:start(334)) - 6359aaa4-8509-4a3b-a3c1-a8ea6163a916@group-8C1B48139ACB: start as a follower, conf=-1: peers:[34ef5736-8ccc-4354-bdfe-e8e28e0b14c7|rpc:10.1.0.19:40043|dataStream:10.1.0.19:42561|priority:1|startupRole:FOLLOWER, 6359aaa4-8509-4a3b-a3c1-a8ea6163a916|rpc:10.1.0.19:41443|dataStream:10.1.0.19:42567|priority:0|startupRole:FOLLOWER, 41c129e8-6aab-4c9d-a285-58cf14387518|rpc:10.1.0.19:42087|dataStream:10.1.0.19:37525|priority:0|startupRole:FOLLOWER]|listeners:[], old=null
2023-02-14 08:19:49,507 [pool-704-thread-1] INFO  server.RaftServer$Division (RaftServerImpl.java:setRole(321)) - 6359aaa4-8509-4a3b-a3c1-a8ea6163a916@group-8C1B48139ACB: changes role from      null to FOLLOWER at term 0 for startAsFollower
2023-02-14 08:19:49,507 [pool-704-thread-1] INFO  impl.RoleInfo (RoleInfo.java:updateAndGet(139)) - 6359aaa4-8509-4a3b-a3c1-a8ea6163a916: start 6359aaa4-8509-4a3b-a3c1-a8ea6163a916@group-8C1B48139ACB-FollowerState
2023-02-14 08:19:49,507 [pool-704-thread-1] INFO  util.JmxRegister (JmxRegister.java:tryRegister(44)) - Successfully registered JMX Bean with object name Ratis:service=RaftServer,group=group-8C1B48139ACB,id=6359aaa4-8509-4a3b-a3c1-a8ea6163a916
2023-02-14 08:19:49,507 [6359aaa4-8509-4a3b-a3c1-a8ea6163a916@group-8C1B48139ACB-FollowerState] INFO  server.RaftServerConfigKeys (ConfUtils.java:logFallback(53)) - raft.server.rpc.first-election.timeout.min = 5s (fallback to raft.server.rpc.timeout.min)
2023-02-14 08:19:49,507 [pool-704-thread-1] INFO  server.RaftServerConfigKeys (ConfUtils.java:logGet(46)) - raft.server.snapshot.auto.trigger.enabled = true (custom)
2023-02-14 08:19:49,507 [6359aaa4-8509-4a3b-a3c1-a8ea6163a916@group-8C1B48139ACB-FollowerState] INFO  server.RaftServerConfigKeys (ConfUtils.java:logFallback(53)) - raft.server.rpc.first-election.timeout.max = 5200ms (fallback to raft.server.rpc.timeout.max)
2023-02-14 08:19:49,507 [pool-704-thread-1] INFO  server.RaftServerConfigKeys (ConfUtils.java:logGet(46)) - raft.server.snapshot.auto.trigger.threshold = 10000 (custom)
2023-02-14 08:19:49,507 [pool-704-thread-1] INFO  server.RaftServerConfigKeys (ConfUtils.java:logGet(46)) - raft.server.snapshot.retention.file.num = 5 (custom)
2023-02-14 08:19:49,507 [pool-704-thread-1] INFO  server.RaftServerConfigKeys (ConfUtils.java:logGet(46)) - raft.server.log.purge.upto.snapshot.index = false (default)
2023-02-14 08:19:49,514 [Command processor thread] INFO  commandhandler.CreatePipelineCommandHandler (CreatePipelineCommandHandler.java:handle(113)) - Created Pipeline RATIS THREE PipelineID=b0a93e48-f278-473a-af03-8c1b48139acb.
2023-02-14 08:19:49,514 [Command processor thread] INFO  server.RaftServer (RaftServerProxy.java:addNew(96)) - 41c129e8-6aab-4c9d-a285-58cf14387518: addNew group-21376C6DCD80:[34ef5736-8ccc-4354-bdfe-e8e28e0b14c7|rpc:10.1.0.19:40043|dataStream:10.1.0.19:42561|priority:0|startupRole:FOLLOWER, 6359aaa4-8509-4a3b-a3c1-a8ea6163a916|rpc:10.1.0.19:41443|dataStream:10.1.0.19:42567|priority:1|startupRole:FOLLOWER, 41c129e8-6aab-4c9d-a285-58cf14387518|rpc:10.1.0.19:42087|dataStream:10.1.0.19:37525|priority:0|startupRole:FOLLOWER] returns group-21376C6DCD80:java.util.concurrent.CompletableFuture@1c4362a1[Not completed]
2023-02-14 08:19:49,515 [pool-682-thread-1] INFO  server.RaftServer$Division (RaftServerImpl.java:<init>(195)) - 41c129e8-6aab-4c9d-a285-58cf14387518: new RaftServerImpl for group-21376C6DCD80:[34ef5736-8ccc-4354-bdfe-e8e28e0b14c7|rpc:10.1.0.19:40043|dataStream:10.1.0.19:42561|priority:0|startupRole:FOLLOWER, 6359aaa4-8509-4a3b-a3c1-a8ea6163a916|rpc:10.1.0.19:41443|dataStream:10.1.0.19:42567|priority:1|startupRole:FOLLOWER, 41c129e8-6aab-4c9d-a285-58cf14387518|rpc:10.1.0.19:42087|dataStream:10.1.0.19:37525|priority:0|startupRole:FOLLOWER] with ContainerStateMachine:uninitialized
2023-02-14 08:19:49,515 [pool-682-thread-1] INFO  server.RaftServerConfigKeys (ConfUtils.java:logGet(46)) - raft.server.rpc.timeout.min = 5s (custom)
2023-02-14 08:19:49,515 [pool-682-thread-1] INFO  server.RaftServerConfigKeys (ConfUtils.java:logGet(46)) - raft.server.rpc.timeout.max = 5200ms (custom)
2023-02-14 08:19:49,515 [pool-682-thread-1] INFO  server.RaftServerConfigKeys (ConfUtils.java:logGet(46)) - raft.server.rpc.sleep.time = 25ms (default)
2023-02-14 08:19:49,515 [pool-682-thread-1] INFO  server.RaftServerConfigKeys (ConfUtils.java:logGet(46)) - raft.server.rpc.slowness.timeout = 300s (custom)
2023-02-14 08:19:49,515 [pool-682-thread-1] INFO  server.RaftServerConfigKeys (ConfUtils.java:logGet(46)) - raft.server.leaderelection.leader.step-down.wait-time = 10s (default)
2023-02-14 08:19:49,515 [pool-682-thread-1] INFO  server.RaftServerConfigKeys (ConfUtils.java:logGet(46)) - raft.server.sleep.deviation.threshold = 300ms (default)
2023-02-14 08:19:49,515 [pool-682-thread-1] INFO  server.RaftServer$Division (ServerState.java:<init>(118)) - 41c129e8-6aab-4c9d-a285-58cf14387518@group-21376C6DCD80: ConfigurationManager, init=-1: peers:[34ef5736-8ccc-4354-bdfe-e8e28e0b14c7|rpc:10.1.0.19:40043|dataStream:10.1.0.19:42561|priority:0|startupRole:FOLLOWER, 6359aaa4-8509-4a3b-a3c1-a8ea6163a916|rpc:10.1.0.19:41443|dataStream:10.1.0.19:42567|priority:1|startupRole:FOLLOWER, 41c129e8-6aab-4c9d-a285-58cf14387518|rpc:10.1.0.19:42087|dataStream:10.1.0.19:37525|priority:0|startupRole:FOLLOWER]|listeners:[], old=null, confs=<EMPTY_MAP>
2023-02-14 08:19:49,515 [pool-682-thread-1] INFO  server.RaftServerConfigKeys (ConfUtils.java:logGet(46)) - raft.server.storage.dir = [/home/runner/work/ozone/ozone/hadoop-ozone/integration-test/target/test-dir/MiniOzoneClusterImpl-9d03416f-dff1-44af-a51b-f90497d61693/datanode-0/data/ratis] (custom)
2023-02-14 08:19:49,515 [pool-682-thread-1] INFO  server.RaftServerConfigKeys (ConfUtils.java:logGet(46)) - raft.server.log.corruption.policy = EXCEPTION (default)
2023-02-14 08:19:49,515 [pool-682-thread-1] INFO  server.RaftServerConfigKeys (ConfUtils.java:logGet(46)) - raft.server.storage.free-space.min = 0MB (=0) (default)
2023-02-14 08:19:49,515 [pool-682-thread-1] INFO  server.RaftServerConfigKeys (ConfUtils.java:logGet(46)) - raft.server.notification.no-leader.timeout = 300s (custom)
2023-02-14 08:19:49,515 [pool-682-thread-1] INFO  server.RaftServerConfigKeys (ConfUtils.java:logGet(46)) - raft.server.retrycache.expirytime = 600000ms (custom)
2023-02-14 08:19:49,515 [pool-682-thread-1] INFO  server.RaftServerConfigKeys (ConfUtils.java:logGet(46)) - raft.server.retrycache.statistics.expirytime = 100μs (default)
2023-02-14 08:19:49,516 [pool-682-thread-1] INFO  server.RaftServerConfigKeys (ConfUtils.java:logGet(46)) - raft.server.log.appender.install.snapshot.enabled = false (custom)
2023-02-14 08:19:49,516 [pool-682-thread-1] INFO  server.RaftServerConfigKeys (ConfUtils.java:logGet(46)) - raft.server.threadpool.server.cached = true (default)
2023-02-14 08:19:49,516 [pool-682-thread-1] INFO  server.RaftServerConfigKeys (ConfUtils.java:logGet(46)) - raft.server.threadpool.server.size = 0 (default)
2023-02-14 08:19:49,516 [pool-682-thread-1] INFO  server.RaftServerConfigKeys (ConfUtils.java:logGet(46)) - raft.server.threadpool.client.cached = true (default)
2023-02-14 08:19:49,516 [pool-682-thread-1] INFO  server.RaftServerConfigKeys (ConfUtils.java:logGet(46)) - raft.server.threadpool.client.size = 0 (default)
2023-02-14 08:19:49,516 [pool-682-thread-1] INFO  storage.RaftStorageDirectory (RaftStorageDirectoryImpl.java:analyzeStorage(137)) - The storage directory /home/runner/work/ozone/ozone/hadoop-ozone/integration-test/target/test-dir/MiniOzoneClusterImpl-9d03416f-dff1-44af-a51b-f90497d61693/datanode-0/data/ratis/086626a4-9b64-4949-8d33-21376c6dcd80 does not exist. Creating ...
2023-02-14 08:19:49,518 [pool-682-thread-1] INFO  storage.RaftStorageDirectory (RaftStorageDirectoryImpl.java:tryLock(231)) - Lock on /home/runner/work/ozone/ozone/hadoop-ozone/integration-test/target/test-dir/MiniOzoneClusterImpl-9d03416f-dff1-44af-a51b-f90497d61693/datanode-0/data/ratis/086626a4-9b64-4949-8d33-21376c6dcd80/in_use.lock acquired by nodename 11911@fv-az476-382
2023-02-14 08:19:49,519 [pool-682-thread-1] INFO  storage.RaftStorage (RaftStorageImpl.java:format(96)) - Storage directory /home/runner/work/ozone/ozone/hadoop-ozone/integration-test/target/test-dir/MiniOzoneClusterImpl-9d03416f-dff1-44af-a51b-f90497d61693/datanode-0/data/ratis/086626a4-9b64-4949-8d33-21376c6dcd80 has been successfully formatted.
2023-02-14 08:19:49,519 [pool-682-thread-1] INFO  ratis.ContainerStateMachine (ContainerStateMachine.java:loadSnapshot(240)) - group-21376C6DCD80: The snapshot info is null. Setting the last applied indexto:(t:0, i:~)
2023-02-14 08:19:49,519 [pool-682-thread-1] INFO  server.RaftServerConfigKeys (ConfUtils.java:logGet(46)) - raft.server.log.use.memory = false (default)
2023-02-14 08:19:49,519 [pool-682-thread-1] INFO  server.RaftServerConfigKeys (ConfUtils.java:logGet(46)) - raft.server.log.purge.gap = 1000000 (custom)
2023-02-14 08:19:49,520 [pool-682-thread-1] INFO  server.RaftServerConfigKeys (ConfUtils.java:logGet(46)) - raft.server.log.appender.buffer.byte-limit = 33554432 (custom)
2023-02-14 08:19:49,520 [pool-682-thread-1] INFO  server.RaftServerConfigKeys (ConfUtils.java:logGet(46)) - raft.server.log.statemachine.data.read.timeout = 1000ms (default)
2023-02-14 08:19:49,520 [pool-682-thread-1] INFO  server.RaftServerConfigKeys (ConfUtils.java:logGet(46)) - raft.server.log.purge.preservation.log.num = 0 (default)
2023-02-14 08:19:49,520 [pool-682-thread-1] INFO  server.RaftServerConfigKeys (ConfUtils.java:logGet(46)) - raft.server.log.segment.size.max = 1048576 (custom)
2023-02-14 08:19:49,520 [pool-682-thread-1] INFO  server.RaftServerConfigKeys (ConfUtils.java:logGet(46)) - raft.server.log.segment.cache.num.max = 2 (custom)
2023-02-14 08:19:49,520 [pool-682-thread-1] INFO  server.RaftServerConfigKeys (ConfUtils.java:logGet(46)) - raft.server.log.segment.cache.size.max = 200MB (=209715200) (default)
2023-02-14 08:19:49,520 [pool-682-thread-1] INFO  segmented.SegmentedRaftLogWorker (SegmentedRaftLogWorker.java:<init>(189)) - new 41c129e8-6aab-4c9d-a285-58cf14387518@group-21376C6DCD80-SegmentedRaftLogWorker for RaftStorageImpl:Storage Directory /home/runner/work/ozone/ozone/hadoop-ozone/integration-test/target/test-dir/MiniOzoneClusterImpl-9d03416f-dff1-44af-a51b-f90497d61693/datanode-0/data/ratis/086626a4-9b64-4949-8d33-21376c6dcd80
2023-02-14 08:19:49,520 [EventQueue-OpenPipelineForHealthyPipelineSafeModeRule] INFO  safemode.SCMSafeModeManager (HealthyPipelineSafeModeRule.java:process(137)) - SCM in safe mode. Healthy pipelines reported count is 0, required healthy pipeline reported count is 1
2023-02-14 08:19:49,520 [pool-682-thread-1] INFO  server.RaftServerConfigKeys (ConfUtils.java:logGet(46)) - raft.server.log.queue.byte-limit = 4294967296 (custom)
2023-02-14 08:19:49,520 [pool-682-thread-1] INFO  server.RaftServerConfigKeys (ConfUtils.java:logGet(46)) - raft.server.log.queue.element-limit = 1024 (custom)
2023-02-14 08:19:49,520 [pool-682-thread-1] INFO  server.RaftServerConfigKeys (ConfUtils.java:logGet(46)) - raft.server.log.segment.size.max = 1048576 (custom)
2023-02-14 08:19:49,520 [pool-682-thread-1] INFO  server.RaftServerConfigKeys (ConfUtils.java:logGet(46)) - raft.server.log.preallocated.size = 16384 (custom)
2023-02-14 08:19:49,520 [pool-682-thread-1] INFO  server.RaftServerConfigKeys (ConfUtils.java:logGet(46)) - raft.server.log.force.sync.num = 128 (default)
2023-02-14 08:19:49,520 [pool-682-thread-1] INFO  server.RaftServerConfigKeys (ConfUtils.java:logGet(46)) - raft.server.log.statemachine.data.sync = true (default)
2023-02-14 08:19:49,520 [pool-682-thread-1] INFO  server.RaftServerConfigKeys (ConfUtils.java:logGet(46)) - raft.server.log.statemachine.data.sync.timeout = 10s (default)
2023-02-14 08:19:49,520 [pool-682-thread-1] INFO  server.RaftServerConfigKeys (ConfUtils.java:logGet(46)) - raft.server.log.statemachine.data.sync.timeout.retry = -1 (default)
2023-02-14 08:19:49,521 [pool-682-thread-1] INFO  server.RaftServerConfigKeys (ConfUtils.java:logGet(46)) - raft.server.log.write.buffer.size = 1048576 (custom)
2023-02-14 08:19:49,521 [pool-682-thread-1] INFO  server.RaftServerConfigKeys (ConfUtils.java:logGet(46)) - raft.server.log.appender.buffer.byte-limit = 33554432 (custom)
2023-02-14 08:19:49,526 [pool-682-thread-1] INFO  server.RaftServerConfigKeys (ConfUtils.java:logGet(46)) - raft.server.log.unsafe-flush.enabled = false (default)
2023-02-14 08:19:49,526 [pool-682-thread-1] INFO  server.RaftServerConfigKeys (ConfUtils.java:logGet(46)) - raft.server.log.async-flush.enabled = false (default)
2023-02-14 08:19:49,526 [pool-682-thread-1] INFO  server.RaftServerConfigKeys (ConfUtils.java:logGet(46)) - raft.server.log.statemachine.data.caching.enabled = true (custom)
2023-02-14 08:19:49,527 [pool-682-thread-1] INFO  segmented.SegmentedRaftLogWorker (SegmentedRaftLogWorker.java:lambda$new$0(135)) - 41c129e8-6aab-4c9d-a285-58cf14387518@group-21376C6DCD80-SegmentedRaftLogWorker: flushIndex: setUnconditionally 0 -> -1
2023-02-14 08:19:49,527 [pool-682-thread-1] INFO  segmented.SegmentedRaftLogWorker (SegmentedRaftLogWorker.java:lambda$new$0(135)) - 41c129e8-6aab-4c9d-a285-58cf14387518@group-21376C6DCD80-SegmentedRaftLogWorker: safeCacheEvictIndex: setUnconditionally 0 -> -1
2023-02-14 08:19:49,527 [pool-682-thread-1] INFO  server.RaftServer$Division (RaftServerImpl.java:start(334)) - 41c129e8-6aab-4c9d-a285-58cf14387518@group-21376C6DCD80: start as a follower, conf=-1: peers:[34ef5736-8ccc-4354-bdfe-e8e28e0b14c7|rpc:10.1.0.19:40043|dataStream:10.1.0.19:42561|priority:0|startupRole:FOLLOWER, 6359aaa4-8509-4a3b-a3c1-a8ea6163a916|rpc:10.1.0.19:41443|dataStream:10.1.0.19:42567|priority:1|startupRole:FOLLOWER, 41c129e8-6aab-4c9d-a285-58cf14387518|rpc:10.1.0.19:42087|dataStream:10.1.0.19:37525|priority:0|startupRole:FOLLOWER]|listeners:[], old=null
2023-02-14 08:19:49,527 [pool-682-thread-1] INFO  server.RaftServer$Division (RaftServerImpl.java:setRole(321)) - 41c129e8-6aab-4c9d-a285-58cf14387518@group-21376C6DCD80: changes role from      null to FOLLOWER at term 0 for startAsFollower
2023-02-14 08:19:49,527 [pool-682-thread-1] INFO  impl.RoleInfo (RoleInfo.java:updateAndGet(139)) - 41c129e8-6aab-4c9d-a285-58cf14387518: start 41c129e8-6aab-4c9d-a285-58cf14387518@group-21376C6DCD80-FollowerState
2023-02-14 08:19:49,527 [pool-682-thread-1] INFO  util.JmxRegister (JmxRegister.java:tryRegister(44)) - Successfully registered JMX Bean with object name Ratis:service=RaftServer,group=group-21376C6DCD80,id=41c129e8-6aab-4c9d-a285-58cf14387518
2023-02-14 08:19:49,527 [41c129e8-6aab-4c9d-a285-58cf14387518@group-21376C6DCD80-FollowerState] INFO  server.RaftServerConfigKeys (ConfUtils.java:logFallback(53)) - raft.server.rpc.first-election.timeout.min = 5s (fallback to raft.server.rpc.timeout.min)
2023-02-14 08:19:49,527 [pool-682-thread-1] INFO  server.RaftServerConfigKeys (ConfUtils.java:logGet(46)) - raft.server.snapshot.auto.trigger.enabled = true (custom)
2023-02-14 08:19:49,527 [41c129e8-6aab-4c9d-a285-58cf14387518@group-21376C6DCD80-FollowerState] INFO  server.RaftServerConfigKeys (ConfUtils.java:logFallback(53)) - raft.server.rpc.first-election.timeout.max = 5200ms (fallback to raft.server.rpc.timeout.max)
2023-02-14 08:19:49,527 [pool-682-thread-1] INFO  server.RaftServerConfigKeys (ConfUtils.java:logGet(46)) - raft.server.snapshot.auto.trigger.threshold = 10000 (custom)
2023-02-14 08:19:49,527 [pool-682-thread-1] INFO  server.RaftServerConfigKeys (ConfUtils.java:logGet(46)) - raft.server.snapshot.retention.file.num = 5 (custom)
2023-02-14 08:19:49,527 [pool-682-thread-1] INFO  server.RaftServerConfigKeys (ConfUtils.java:logGet(46)) - raft.server.log.purge.upto.snapshot.index = false (default)
2023-02-14 08:19:49,528 [Command processor thread] INFO  ratis.XceiverServerRatis (XceiverServerRatis.java:addGroup(807)) - Created group PipelineID=086626a4-9b64-4949-8d33-21376c6dcd80
2023-02-14 08:19:49,533 [grpc-default-executor-0] INFO  server.RaftServer (RaftServerProxy.java:addNew(96)) - 34ef5736-8ccc-4354-bdfe-e8e28e0b14c7: addNew group-21376C6DCD80:[34ef5736-8ccc-4354-bdfe-e8e28e0b14c7|rpc:10.1.0.19:40043|dataStream:10.1.0.19:42561|priority:0|startupRole:FOLLOWER, 6359aaa4-8509-4a3b-a3c1-a8ea6163a916|rpc:10.1.0.19:41443|dataStream:10.1.0.19:42567|priority:1|startupRole:FOLLOWER, 41c129e8-6aab-4c9d-a285-58cf14387518|rpc:10.1.0.19:42087|dataStream:10.1.0.19:37525|priority:0|startupRole:FOLLOWER] returns group-21376C6DCD80:java.util.concurrent.CompletableFuture@49d4c62a[Not completed]
2023-02-14 08:19:49,534 [pool-726-thread-1] INFO  server.RaftServer$Division (RaftServerImpl.java:<init>(195)) - 34ef5736-8ccc-4354-bdfe-e8e28e0b14c7: new RaftServerImpl for group-21376C6DCD80:[34ef5736-8ccc-4354-bdfe-e8e28e0b14c7|rpc:10.1.0.19:40043|dataStream:10.1.0.19:42561|priority:0|startupRole:FOLLOWER, 6359aaa4-8509-4a3b-a3c1-a8ea6163a916|rpc:10.1.0.19:41443|dataStream:10.1.0.19:42567|priority:1|startupRole:FOLLOWER, 41c129e8-6aab-4c9d-a285-58cf14387518|rpc:10.1.0.19:42087|dataStream:10.1.0.19:37525|priority:0|startupRole:FOLLOWER] with ContainerStateMachine:uninitialized
2023-02-14 08:19:49,534 [pool-726-thread-1] INFO  server.RaftServerConfigKeys (ConfUtils.java:logGet(46)) - raft.server.rpc.timeout.min = 5s (custom)
2023-02-14 08:19:49,534 [pool-726-thread-1] INFO  server.RaftServerConfigKeys (ConfUtils.java:logGet(46)) - raft.server.rpc.timeout.max = 5200ms (custom)
2023-02-14 08:19:49,534 [pool-726-thread-1] INFO  server.RaftServerConfigKeys (ConfUtils.java:logGet(46)) - raft.server.rpc.sleep.time = 25ms (default)
2023-02-14 08:19:49,534 [pool-726-thread-1] INFO  server.RaftServerConfigKeys (ConfUtils.java:logGet(46)) - raft.server.rpc.slowness.timeout = 300s (custom)
2023-02-14 08:19:49,534 [pool-726-thread-1] INFO  server.RaftServerConfigKeys (ConfUtils.java:logGet(46)) - raft.server.leaderelection.leader.step-down.wait-time = 10s (default)
2023-02-14 08:19:49,534 [pool-726-thread-1] INFO  server.RaftServerConfigKeys (ConfUtils.java:logGet(46)) - raft.server.sleep.deviation.threshold = 300ms (default)
2023-02-14 08:19:49,534 [pool-726-thread-1] INFO  server.RaftServer$Division (ServerState.java:<init>(118)) - 34ef5736-8ccc-4354-bdfe-e8e28e0b14c7@group-21376C6DCD80: ConfigurationManager, init=-1: peers:[34ef5736-8ccc-4354-bdfe-e8e28e0b14c7|rpc:10.1.0.19:40043|dataStream:10.1.0.19:42561|priority:0|startupRole:FOLLOWER, 6359aaa4-8509-4a3b-a3c1-a8ea6163a916|rpc:10.1.0.19:41443|dataStream:10.1.0.19:42567|priority:1|startupRole:FOLLOWER, 41c129e8-6aab-4c9d-a285-58cf14387518|rpc:10.1.0.19:42087|dataStream:10.1.0.19:37525|priority:0|startupRole:FOLLOWER]|listeners:[], old=null, confs=<EMPTY_MAP>
2023-02-14 08:19:49,534 [pool-726-thread-1] INFO  server.RaftServerConfigKeys (ConfUtils.java:logGet(46)) - raft.server.storage.dir = [/home/runner/work/ozone/ozone/hadoop-ozone/integration-test/target/test-dir/MiniOzoneClusterImpl-9d03416f-dff1-44af-a51b-f90497d61693/datanode-2/data/ratis] (custom)
2023-02-14 08:19:49,534 [pool-726-thread-1] INFO  server.RaftServerConfigKeys (ConfUtils.java:logGet(46)) - raft.server.log.corruption.policy = EXCEPTION (default)
2023-02-14 08:19:49,534 [pool-726-thread-1] INFO  server.RaftServerConfigKeys (ConfUtils.java:logGet(46)) - raft.server.storage.free-space.min = 0MB (=0) (default)
2023-02-14 08:19:49,534 [pool-726-thread-1] INFO  server.RaftServerConfigKeys (ConfUtils.java:logGet(46)) - raft.server.notification.no-leader.timeout = 300s (custom)
2023-02-14 08:19:49,534 [pool-726-thread-1] INFO  server.RaftServerConfigKeys (ConfUtils.java:logGet(46)) - raft.server.retrycache.expirytime = 600000ms (custom)
2023-02-14 08:19:49,534 [pool-726-thread-1] INFO  server.RaftServerConfigKeys (ConfUtils.java:logGet(46)) - raft.server.retrycache.statistics.expirytime = 100μs (default)
2023-02-14 08:19:49,535 [pool-726-thread-1] INFO  server.RaftServerConfigKeys (ConfUtils.java:logGet(46)) - raft.server.log.appender.install.snapshot.enabled = false (custom)
2023-02-14 08:19:49,535 [pool-726-thread-1] INFO  server.RaftServerConfigKeys (ConfUtils.java:logGet(46)) - raft.server.threadpool.server.cached = true (default)
2023-02-14 08:19:49,535 [pool-726-thread-1] INFO  server.RaftServerConfigKeys (ConfUtils.java:logGet(46)) - raft.server.threadpool.server.size = 0 (default)
2023-02-14 08:19:49,535 [pool-726-thread-1] INFO  server.RaftServerConfigKeys (ConfUtils.java:logGet(46)) - raft.server.threadpool.client.cached = true (default)
2023-02-14 08:19:49,535 [pool-726-thread-1] INFO  server.RaftServerConfigKeys (ConfUtils.java:logGet(46)) - raft.server.threadpool.client.size = 0 (default)
2023-02-14 08:19:49,535 [pool-726-thread-1] INFO  storage.RaftStorageDirectory (RaftStorageDirectoryImpl.java:analyzeStorage(137)) - The storage directory /home/runner/work/ozone/ozone/hadoop-ozone/integration-test/target/test-dir/MiniOzoneClusterImpl-9d03416f-dff1-44af-a51b-f90497d61693/datanode-2/data/ratis/086626a4-9b64-4949-8d33-21376c6dcd80 does not exist. Creating ...
2023-02-14 08:19:49,536 [pool-726-thread-1] INFO  storage.RaftStorageDirectory (RaftStorageDirectoryImpl.java:tryLock(231)) - Lock on /home/runner/work/ozone/ozone/hadoop-ozone/integration-test/target/test-dir/MiniOzoneClusterImpl-9d03416f-dff1-44af-a51b-f90497d61693/datanode-2/data/ratis/086626a4-9b64-4949-8d33-21376c6dcd80/in_use.lock acquired by nodename 11911@fv-az476-382
2023-02-14 08:19:49,537 [pool-726-thread-1] INFO  storage.RaftStorage (RaftStorageImpl.java:format(96)) - Storage directory /home/runner/work/ozone/ozone/hadoop-ozone/integration-test/target/test-dir/MiniOzoneClusterImpl-9d03416f-dff1-44af-a51b-f90497d61693/datanode-2/data/ratis/086626a4-9b64-4949-8d33-21376c6dcd80 has been successfully formatted.
2023-02-14 08:19:49,538 [pool-726-thread-1] INFO  ratis.ContainerStateMachine (ContainerStateMachine.java:loadSnapshot(240)) - group-21376C6DCD80: The snapshot info is null. Setting the last applied indexto:(t:0, i:~)
2023-02-14 08:19:49,538 [pool-726-thread-1] INFO  server.RaftServerConfigKeys (ConfUtils.java:logGet(46)) - raft.server.log.use.memory = false (default)
2023-02-14 08:19:49,538 [pool-726-thread-1] INFO  server.RaftServerConfigKeys (ConfUtils.java:logGet(46)) - raft.server.log.purge.gap = 1000000 (custom)
2023-02-14 08:19:49,538 [pool-726-thread-1] INFO  server.RaftServerConfigKeys (ConfUtils.java:logGet(46)) - raft.server.log.appender.buffer.byte-limit = 33554432 (custom)
2023-02-14 08:19:49,538 [pool-726-thread-1] INFO  server.RaftServerConfigKeys (ConfUtils.java:logGet(46)) - raft.server.log.statemachine.data.read.timeout = 1000ms (default)
2023-02-14 08:19:49,538 [pool-726-thread-1] INFO  server.RaftServerConfigKeys (ConfUtils.java:logGet(46)) - raft.server.log.purge.preservation.log.num = 0 (default)
2023-02-14 08:19:49,538 [pool-726-thread-1] INFO  server.RaftServerConfigKeys (ConfUtils.java:logGet(46)) - raft.server.log.segment.size.max = 1048576 (custom)
2023-02-14 08:19:49,538 [pool-726-thread-1] INFO  server.RaftServerConfigKeys (ConfUtils.java:logGet(46)) - raft.server.log.segment.cache.num.max = 2 (custom)
2023-02-14 08:19:49,538 [pool-726-thread-1] INFO  server.RaftServerConfigKeys (ConfUtils.java:logGet(46)) - raft.server.log.segment.cache.size.max = 200MB (=209715200) (default)
2023-02-14 08:19:49,538 [pool-726-thread-1] INFO  segmented.SegmentedRaftLogWorker (SegmentedRaftLogWorker.java:<init>(189)) - new 34ef5736-8ccc-4354-bdfe-e8e28e0b14c7@group-21376C6DCD80-SegmentedRaftLogWorker for RaftStorageImpl:Storage Directory /home/runner/work/ozone/ozone/hadoop-ozone/integration-test/target/test-dir/MiniOzoneClusterImpl-9d03416f-dff1-44af-a51b-f90497d61693/datanode-2/data/ratis/086626a4-9b64-4949-8d33-21376c6dcd80
2023-02-14 08:19:49,538 [pool-726-thread-1] INFO  server.RaftServerConfigKeys (ConfUtils.java:logGet(46)) - raft.server.log.queue.byte-limit = 4294967296 (custom)
2023-02-14 08:19:49,538 [pool-726-thread-1] INFO  server.RaftServerConfigKeys (ConfUtils.java:logGet(46)) - raft.server.log.queue.element-limit = 1024 (custom)
2023-02-14 08:19:49,538 [pool-726-thread-1] INFO  server.RaftServerConfigKeys (ConfUtils.java:logGet(46)) - raft.server.log.segment.size.max = 1048576 (custom)
2023-02-14 08:19:49,538 [pool-726-thread-1] INFO  server.RaftServerConfigKeys (ConfUtils.java:logGet(46)) - raft.server.log.preallocated.size = 16384 (custom)
2023-02-14 08:19:49,538 [pool-726-thread-1] INFO  server.RaftServerConfigKeys (ConfUtils.java:logGet(46)) - raft.server.log.force.sync.num = 128 (default)
2023-02-14 08:19:49,538 [pool-726-thread-1] INFO  server.RaftServerConfigKeys (ConfUtils.java:logGet(46)) - raft.server.log.statemachine.data.sync = true (default)
2023-02-14 08:19:49,538 [pool-726-thread-1] INFO  server.RaftServerConfigKeys (ConfUtils.java:logGet(46)) - raft.server.log.statemachine.data.sync.timeout = 10s (default)
2023-02-14 08:19:49,538 [pool-726-thread-1] INFO  server.RaftServerConfigKeys (ConfUtils.java:logGet(46)) - raft.server.log.statemachine.data.sync.timeout.retry = -1 (default)
2023-02-14 08:19:49,539 [pool-726-thread-1] INFO  server.RaftServerConfigKeys (ConfUtils.java:logGet(46)) - raft.server.log.write.buffer.size = 1048576 (custom)
2023-02-14 08:19:49,539 [pool-726-thread-1] INFO  server.RaftServerConfigKeys (ConfUtils.java:logGet(46)) - raft.server.log.appender.buffer.byte-limit = 33554432 (custom)
2023-02-14 08:19:49,556 [pool-726-thread-1] INFO  server.RaftServerConfigKeys (ConfUtils.java:logGet(46)) - raft.server.log.unsafe-flush.enabled = false (default)
2023-02-14 08:19:49,556 [pool-726-thread-1] INFO  server.RaftServerConfigKeys (ConfUtils.java:logGet(46)) - raft.server.log.async-flush.enabled = false (default)
2023-02-14 08:19:49,556 [pool-726-thread-1] INFO  server.RaftServerConfigKeys (ConfUtils.java:logGet(46)) - raft.server.log.statemachine.data.caching.enabled = true (custom)
2023-02-14 08:19:49,556 [pool-726-thread-1] INFO  segmented.SegmentedRaftLogWorker (SegmentedRaftLogWorker.java:lambda$new$0(135)) - 34ef5736-8ccc-4354-bdfe-e8e28e0b14c7@group-21376C6DCD80-SegmentedRaftLogWorker: flushIndex: setUnconditionally 0 -> -1
2023-02-14 08:19:49,556 [pool-726-thread-1] INFO  segmented.SegmentedRaftLogWorker (SegmentedRaftLogWorker.java:lambda$new$0(135)) - 34ef5736-8ccc-4354-bdfe-e8e28e0b14c7@group-21376C6DCD80-SegmentedRaftLogWorker: safeCacheEvictIndex: setUnconditionally 0 -> -1
2023-02-14 08:19:49,556 [pool-726-thread-1] INFO  server.RaftServer$Division (RaftServerImpl.java:start(334)) - 34ef5736-8ccc-4354-bdfe-e8e28e0b14c7@group-21376C6DCD80: start as a follower, conf=-1: peers:[34ef5736-8ccc-4354-bdfe-e8e28e0b14c7|rpc:10.1.0.19:40043|dataStream:10.1.0.19:42561|priority:0|startupRole:FOLLOWER, 6359aaa4-8509-4a3b-a3c1-a8ea6163a916|rpc:10.1.0.19:41443|dataStream:10.1.0.19:42567|priority:1|startupRole:FOLLOWER, 41c129e8-6aab-4c9d-a285-58cf14387518|rpc:10.1.0.19:42087|dataStream:10.1.0.19:37525|priority:0|startupRole:FOLLOWER]|listeners:[], old=null
2023-02-14 08:19:49,556 [pool-726-thread-1] INFO  server.RaftServer$Division (RaftServerImpl.java:setRole(321)) - 34ef5736-8ccc-4354-bdfe-e8e28e0b14c7@group-21376C6DCD80: changes role from      null to FOLLOWER at term 0 for startAsFollower
2023-02-14 08:19:49,556 [pool-726-thread-1] INFO  impl.RoleInfo (RoleInfo.java:updateAndGet(139)) - 34ef5736-8ccc-4354-bdfe-e8e28e0b14c7: start 34ef5736-8ccc-4354-bdfe-e8e28e0b14c7@group-21376C6DCD80-FollowerState
2023-02-14 08:19:49,557 [pool-726-thread-1] INFO  util.JmxRegister (JmxRegister.java:tryRegister(44)) - Successfully registered JMX Bean with object name Ratis:service=RaftServer,group=group-21376C6DCD80,id=34ef5736-8ccc-4354-bdfe-e8e28e0b14c7
2023-02-14 08:19:49,557 [34ef5736-8ccc-4354-bdfe-e8e28e0b14c7@group-21376C6DCD80-FollowerState] INFO  server.RaftServerConfigKeys (ConfUtils.java:logFallback(53)) - raft.server.rpc.first-election.timeout.min = 5s (fallback to raft.server.rpc.timeout.min)
2023-02-14 08:19:49,557 [pool-726-thread-1] INFO  server.RaftServerConfigKeys (ConfUtils.java:logGet(46)) - raft.server.snapshot.auto.trigger.enabled = true (custom)
2023-02-14 08:19:49,557 [34ef5736-8ccc-4354-bdfe-e8e28e0b14c7@group-21376C6DCD80-FollowerState] INFO  server.RaftServerConfigKeys (ConfUtils.java:logFallback(53)) - raft.server.rpc.first-election.timeout.max = 5200ms (fallback to raft.server.rpc.timeout.max)
2023-02-14 08:19:49,557 [pool-726-thread-1] INFO  server.RaftServerConfigKeys (ConfUtils.java:logGet(46)) - raft.server.snapshot.auto.trigger.threshold = 10000 (custom)
2023-02-14 08:19:49,557 [pool-726-thread-1] INFO  server.RaftServerConfigKeys (ConfUtils.java:logGet(46)) - raft.server.snapshot.retention.file.num = 5 (custom)
2023-02-14 08:19:49,557 [pool-726-thread-1] INFO  server.RaftServerConfigKeys (ConfUtils.java:logGet(46)) - raft.server.log.purge.upto.snapshot.index = false (default)
2023-02-14 08:19:49,565 [grpc-default-executor-0] INFO  server.RaftServer (RaftServerProxy.java:addNew(96)) - 6359aaa4-8509-4a3b-a3c1-a8ea6163a916: addNew group-21376C6DCD80:[34ef5736-8ccc-4354-bdfe-e8e28e0b14c7|rpc:10.1.0.19:40043|dataStream:10.1.0.19:42561|priority:0|startupRole:FOLLOWER, 6359aaa4-8509-4a3b-a3c1-a8ea6163a916|rpc:10.1.0.19:41443|dataStream:10.1.0.19:42567|priority:1|startupRole:FOLLOWER, 41c129e8-6aab-4c9d-a285-58cf14387518|rpc:10.1.0.19:42087|dataStream:10.1.0.19:37525|priority:0|startupRole:FOLLOWER] returns group-21376C6DCD80:java.util.concurrent.CompletableFuture@472f4510[Not completed]
2023-02-14 08:19:49,566 [pool-704-thread-1] INFO  server.RaftServer$Division (RaftServerImpl.java:<init>(195)) - 6359aaa4-8509-4a3b-a3c1-a8ea6163a916: new RaftServerImpl for group-21376C6DCD80:[34ef5736-8ccc-4354-bdfe-e8e28e0b14c7|rpc:10.1.0.19:40043|dataStream:10.1.0.19:42561|priority:0|startupRole:FOLLOWER, 6359aaa4-8509-4a3b-a3c1-a8ea6163a916|rpc:10.1.0.19:41443|dataStream:10.1.0.19:42567|priority:1|startupRole:FOLLOWER, 41c129e8-6aab-4c9d-a285-58cf14387518|rpc:10.1.0.19:42087|dataStream:10.1.0.19:37525|priority:0|startupRole:FOLLOWER] with ContainerStateMachine:uninitialized
2023-02-14 08:19:49,566 [pool-704-thread-1] INFO  server.RaftServerConfigKeys (ConfUtils.java:logGet(46)) - raft.server.rpc.timeout.min = 5s (custom)
2023-02-14 08:19:49,566 [pool-704-thread-1] INFO  server.RaftServerConfigKeys (ConfUtils.java:logGet(46)) - raft.server.rpc.timeout.max = 5200ms (custom)
2023-02-14 08:19:49,566 [pool-704-thread-1] INFO  server.RaftServerConfigKeys (ConfUtils.java:logGet(46)) - raft.server.rpc.sleep.time = 25ms (default)
2023-02-14 08:19:49,566 [pool-704-thread-1] INFO  server.RaftServerConfigKeys (ConfUtils.java:logGet(46)) - raft.server.rpc.slowness.timeout = 300s (custom)
2023-02-14 08:19:49,566 [pool-704-thread-1] INFO  server.RaftServerConfigKeys (ConfUtils.java:logGet(46)) - raft.server.leaderelection.leader.step-down.wait-time = 10s (default)
2023-02-14 08:19:49,566 [pool-704-thread-1] INFO  server.RaftServerConfigKeys (ConfUtils.java:logGet(46)) - raft.server.sleep.deviation.threshold = 300ms (default)
2023-02-14 08:19:49,566 [pool-704-thread-1] INFO  server.RaftServer$Division (ServerState.java:<init>(118)) - 6359aaa4-8509-4a3b-a3c1-a8ea6163a916@group-21376C6DCD80: ConfigurationManager, init=-1: peers:[34ef5736-8ccc-4354-bdfe-e8e28e0b14c7|rpc:10.1.0.19:40043|dataStream:10.1.0.19:42561|priority:0|startupRole:FOLLOWER, 6359aaa4-8509-4a3b-a3c1-a8ea6163a916|rpc:10.1.0.19:41443|dataStream:10.1.0.19:42567|priority:1|startupRole:FOLLOWER, 41c129e8-6aab-4c9d-a285-58cf14387518|rpc:10.1.0.19:42087|dataStream:10.1.0.19:37525|priority:0|startupRole:FOLLOWER]|listeners:[], old=null, confs=<EMPTY_MAP>
2023-02-14 08:19:49,566 [pool-704-thread-1] INFO  server.RaftServerConfigKeys (ConfUtils.java:logGet(46)) - raft.server.storage.dir = [/home/runner/work/ozone/ozone/hadoop-ozone/integration-test/target/test-dir/MiniOzoneClusterImpl-9d03416f-dff1-44af-a51b-f90497d61693/datanode-1/data/ratis] (custom)
2023-02-14 08:19:49,566 [pool-704-thread-1] INFO  server.RaftServerConfigKeys (ConfUtils.java:logGet(46)) - raft.server.log.corruption.policy = EXCEPTION (default)
2023-02-14 08:19:49,566 [pool-704-thread-1] INFO  server.RaftServerConfigKeys (ConfUtils.java:logGet(46)) - raft.server.storage.free-space.min = 0MB (=0) (default)
2023-02-14 08:19:49,567 [pool-704-thread-1] INFO  server.RaftServerConfigKeys (ConfUtils.java:logGet(46)) - raft.server.notification.no-leader.timeout = 300s (custom)
2023-02-14 08:19:49,567 [pool-704-thread-1] INFO  server.RaftServerConfigKeys (ConfUtils.java:logGet(46)) - raft.server.retrycache.expirytime = 600000ms (custom)
2023-02-14 08:19:49,567 [pool-704-thread-1] INFO  server.RaftServerConfigKeys (ConfUtils.java:logGet(46)) - raft.server.retrycache.statistics.expirytime = 100μs (default)
2023-02-14 08:19:49,567 [pool-704-thread-1] INFO  server.RaftServerConfigKeys (ConfUtils.java:logGet(46)) - raft.server.log.appender.install.snapshot.enabled = false (custom)
2023-02-14 08:19:49,567 [pool-704-thread-1] INFO  server.RaftServerConfigKeys (ConfUtils.java:logGet(46)) - raft.server.threadpool.server.cached = true (default)
2023-02-14 08:19:49,567 [pool-704-thread-1] INFO  server.RaftServerConfigKeys (ConfUtils.java:logGet(46)) - raft.server.threadpool.server.size = 0 (default)
2023-02-14 08:19:49,567 [pool-704-thread-1] INFO  server.RaftServerConfigKeys (ConfUtils.java:logGet(46)) - raft.server.threadpool.client.cached = true (default)
2023-02-14 08:19:49,567 [pool-704-thread-1] INFO  server.RaftServerConfigKeys (ConfUtils.java:logGet(46)) - raft.server.threadpool.client.size = 0 (default)
2023-02-14 08:19:49,567 [pool-704-thread-1] INFO  storage.RaftStorageDirectory (RaftStorageDirectoryImpl.java:analyzeStorage(137)) - The storage directory /home/runner/work/ozone/ozone/hadoop-ozone/integration-test/target/test-dir/MiniOzoneClusterImpl-9d03416f-dff1-44af-a51b-f90497d61693/datanode-1/data/ratis/086626a4-9b64-4949-8d33-21376c6dcd80 does not exist. Creating ...
2023-02-14 08:19:49,568 [pool-704-thread-1] INFO  storage.RaftStorageDirectory (RaftStorageDirectoryImpl.java:tryLock(231)) - Lock on /home/runner/work/ozone/ozone/hadoop-ozone/integration-test/target/test-dir/MiniOzoneClusterImpl-9d03416f-dff1-44af-a51b-f90497d61693/datanode-1/data/ratis/086626a4-9b64-4949-8d33-21376c6dcd80/in_use.lock acquired by nodename 11911@fv-az476-382
2023-02-14 08:19:49,570 [pool-704-thread-1] INFO  storage.RaftStorage (RaftStorageImpl.java:format(96)) - Storage directory /home/runner/work/ozone/ozone/hadoop-ozone/integration-test/target/test-dir/MiniOzoneClusterImpl-9d03416f-dff1-44af-a51b-f90497d61693/datanode-1/data/ratis/086626a4-9b64-4949-8d33-21376c6dcd80 has been successfully formatted.
2023-02-14 08:19:49,570 [pool-704-thread-1] INFO  ratis.ContainerStateMachine (ContainerStateMachine.java:loadSnapshot(240)) - group-21376C6DCD80: The snapshot info is null. Setting the last applied indexto:(t:0, i:~)
2023-02-14 08:19:49,570 [pool-704-thread-1] INFO  server.RaftServerConfigKeys (ConfUtils.java:logGet(46)) - raft.server.log.use.memory = false (default)
2023-02-14 08:19:49,570 [pool-704-thread-1] INFO  server.RaftServerConfigKeys (ConfUtils.java:logGet(46)) - raft.server.log.purge.gap = 1000000 (custom)
2023-02-14 08:19:49,570 [pool-704-thread-1] INFO  server.RaftServerConfigKeys (ConfUtils.java:logGet(46)) - raft.server.log.appender.buffer.byte-limit = 33554432 (custom)
2023-02-14 08:19:49,570 [pool-704-thread-1] INFO  server.RaftServerConfigKeys (ConfUtils.java:logGet(46)) - raft.server.log.statemachine.data.read.timeout = 1000ms (default)
2023-02-14 08:19:49,570 [pool-704-thread-1] INFO  server.RaftServerConfigKeys (ConfUtils.java:logGet(46)) - raft.server.log.purge.preservation.log.num = 0 (default)
2023-02-14 08:19:49,571 [pool-704-thread-1] INFO  server.RaftServerConfigKeys (ConfUtils.java:logGet(46)) - raft.server.log.segment.size.max = 1048576 (custom)
2023-02-14 08:19:49,571 [pool-704-thread-1] INFO  server.RaftServerConfigKeys (ConfUtils.java:logGet(46)) - raft.server.log.segment.cache.num.max = 2 (custom)
2023-02-14 08:19:49,571 [pool-704-thread-1] INFO  server.RaftServerConfigKeys (ConfUtils.java:logGet(46)) - raft.server.log.segment.cache.size.max = 200MB (=209715200) (default)
2023-02-14 08:19:49,571 [pool-704-thread-1] INFO  segmented.SegmentedRaftLogWorker (SegmentedRaftLogWorker.java:<init>(189)) - new 6359aaa4-8509-4a3b-a3c1-a8ea6163a916@group-21376C6DCD80-SegmentedRaftLogWorker for RaftStorageImpl:Storage Directory /home/runner/work/ozone/ozone/hadoop-ozone/integration-test/target/test-dir/MiniOzoneClusterImpl-9d03416f-dff1-44af-a51b-f90497d61693/datanode-1/data/ratis/086626a4-9b64-4949-8d33-21376c6dcd80
2023-02-14 08:19:49,571 [pool-704-thread-1] INFO  server.RaftServerConfigKeys (ConfUtils.java:logGet(46)) - raft.server.log.queue.byte-limit = 4294967296 (custom)
2023-02-14 08:19:49,571 [pool-704-thread-1] INFO  server.RaftServerConfigKeys (ConfUtils.java:logGet(46)) - raft.server.log.queue.element-limit = 1024 (custom)
2023-02-14 08:19:49,571 [pool-704-thread-1] INFO  server.RaftServerConfigKeys (ConfUtils.java:logGet(46)) - raft.server.log.segment.size.max = 1048576 (custom)
2023-02-14 08:19:49,571 [pool-704-thread-1] INFO  server.RaftServerConfigKeys (ConfUtils.java:logGet(46)) - raft.server.log.preallocated.size = 16384 (custom)
2023-02-14 08:19:49,571 [pool-704-thread-1] INFO  server.RaftServerConfigKeys (ConfUtils.java:logGet(46)) - raft.server.log.force.sync.num = 128 (default)
2023-02-14 08:19:49,571 [pool-704-thread-1] INFO  server.RaftServerConfigKeys (ConfUtils.java:logGet(46)) - raft.server.log.statemachine.data.sync = true (default)
2023-02-14 08:19:49,571 [pool-704-thread-1] INFO  server.RaftServerConfigKeys (ConfUtils.java:logGet(46)) - raft.server.log.statemachine.data.sync.timeout = 10s (default)
2023-02-14 08:19:49,571 [pool-704-thread-1] INFO  server.RaftServerConfigKeys (ConfUtils.java:logGet(46)) - raft.server.log.statemachine.data.sync.timeout.retry = -1 (default)
2023-02-14 08:19:49,571 [pool-704-thread-1] INFO  server.RaftServerConfigKeys (ConfUtils.java:logGet(46)) - raft.server.log.write.buffer.size = 1048576 (custom)
2023-02-14 08:19:49,572 [pool-704-thread-1] INFO  server.RaftServerConfigKeys (ConfUtils.java:logGet(46)) - raft.server.log.appender.buffer.byte-limit = 33554432 (custom)
2023-02-14 08:19:49,591 [pool-704-thread-1] INFO  server.RaftServerConfigKeys (ConfUtils.java:logGet(46)) - raft.server.log.unsafe-flush.enabled = false (default)
2023-02-14 08:19:49,591 [pool-704-thread-1] INFO  server.RaftServerConfigKeys (ConfUtils.java:logGet(46)) - raft.server.log.async-flush.enabled = false (default)
2023-02-14 08:19:49,591 [pool-704-thread-1] INFO  server.RaftServerConfigKeys (ConfUtils.java:logGet(46)) - raft.server.log.statemachine.data.caching.enabled = true (custom)
2023-02-14 08:19:49,591 [pool-704-thread-1] INFO  segmented.SegmentedRaftLogWorker (SegmentedRaftLogWorker.java:lambda$new$0(135)) - 6359aaa4-8509-4a3b-a3c1-a8ea6163a916@group-21376C6DCD80-SegmentedRaftLogWorker: flushIndex: setUnconditionally 0 -> -1
2023-02-14 08:19:49,591 [pool-704-thread-1] INFO  segmented.SegmentedRaftLogWorker (SegmentedRaftLogWorker.java:lambda$new$0(135)) - 6359aaa4-8509-4a3b-a3c1-a8ea6163a916@group-21376C6DCD80-SegmentedRaftLogWorker: safeCacheEvictIndex: setUnconditionally 0 -> -1
2023-02-14 08:19:49,591 [pool-704-thread-1] INFO  server.RaftServer$Division (RaftServerImpl.java:start(334)) - 6359aaa4-8509-4a3b-a3c1-a8ea6163a916@group-21376C6DCD80: start as a follower, conf=-1: peers:[34ef5736-8ccc-4354-bdfe-e8e28e0b14c7|rpc:10.1.0.19:40043|dataStream:10.1.0.19:42561|priority:0|startupRole:FOLLOWER, 6359aaa4-8509-4a3b-a3c1-a8ea6163a916|rpc:10.1.0.19:41443|dataStream:10.1.0.19:42567|priority:1|startupRole:FOLLOWER, 41c129e8-6aab-4c9d-a285-58cf14387518|rpc:10.1.0.19:42087|dataStream:10.1.0.19:37525|priority:0|startupRole:FOLLOWER]|listeners:[], old=null
2023-02-14 08:19:49,591 [pool-704-thread-1] INFO  server.RaftServer$Division (RaftServerImpl.java:setRole(321)) - 6359aaa4-8509-4a3b-a3c1-a8ea6163a916@group-21376C6DCD80: changes role from      null to FOLLOWER at term 0 for startAsFollower
2023-02-14 08:19:49,591 [pool-704-thread-1] INFO  impl.RoleInfo (RoleInfo.java:updateAndGet(139)) - 6359aaa4-8509-4a3b-a3c1-a8ea6163a916: start 6359aaa4-8509-4a3b-a3c1-a8ea6163a916@group-21376C6DCD80-FollowerState
2023-02-14 08:19:49,592 [pool-704-thread-1] INFO  util.JmxRegister (JmxRegister.java:tryRegister(44)) - Successfully registered JMX Bean with object name Ratis:service=RaftServer,group=group-21376C6DCD80,id=6359aaa4-8509-4a3b-a3c1-a8ea6163a916
2023-02-14 08:19:49,592 [6359aaa4-8509-4a3b-a3c1-a8ea6163a916@group-21376C6DCD80-FollowerState] INFO  server.RaftServerConfigKeys (ConfUtils.java:logFallback(53)) - raft.server.rpc.first-election.timeout.min = 5s (fallback to raft.server.rpc.timeout.min)
2023-02-14 08:19:49,592 [pool-704-thread-1] INFO  server.RaftServerConfigKeys (ConfUtils.java:logGet(46)) - raft.server.snapshot.auto.trigger.enabled = true (custom)
2023-02-14 08:19:49,592 [6359aaa4-8509-4a3b-a3c1-a8ea6163a916@group-21376C6DCD80-FollowerState] INFO  server.RaftServerConfigKeys (ConfUtils.java:logFallback(53)) - raft.server.rpc.first-election.timeout.max = 5200ms (fallback to raft.server.rpc.timeout.max)
2023-02-14 08:19:49,592 [pool-704-thread-1] INFO  server.RaftServerConfigKeys (ConfUtils.java:logGet(46)) - raft.server.snapshot.auto.trigger.threshold = 10000 (custom)
2023-02-14 08:19:49,592 [pool-704-thread-1] INFO  server.RaftServerConfigKeys (ConfUtils.java:logGet(46)) - raft.server.snapshot.retention.file.num = 5 (custom)
2023-02-14 08:19:49,592 [pool-704-thread-1] INFO  server.RaftServerConfigKeys (ConfUtils.java:logGet(46)) - raft.server.log.purge.upto.snapshot.index = false (default)
2023-02-14 08:19:49,595 [Command processor thread] INFO  commandhandler.CreatePipelineCommandHandler (CreatePipelineCommandHandler.java:handle(113)) - Created Pipeline RATIS THREE PipelineID=086626a4-9b64-4949-8d33-21376c6dcd80.
2023-02-14 08:19:49,710 [Listener at 127.0.0.1/42497] INFO  ozone.MiniOzoneClusterImpl (MiniOzoneClusterImpl.java:lambda$waitForClusterToBeReady$0(218)) - Nodes are ready. Got 5 of 5 DN Heartbeats.
2023-02-14 08:19:49,710 [Listener at 127.0.0.1/42497] INFO  ozone.MiniOzoneClusterImpl (MiniOzoneClusterImpl.java:lambda$waitForClusterToBeReady$0(221)) - Waiting for cluster to exit safe mode
2023-02-14 08:19:49,710 [Listener at 127.0.0.1/42497] INFO  ozone.MiniOzoneClusterImpl (MiniOzoneClusterImpl.java:lambda$waitForClusterToBeReady$0(223)) - SCM became leader
2023-02-14 08:19:49,767 [Command processor thread] INFO  server.RaftServer (RaftServerProxy.java:addNew(96)) - 6359aaa4-8509-4a3b-a3c1-a8ea6163a916: addNew group-B5522A2C0CE1:[6359aaa4-8509-4a3b-a3c1-a8ea6163a916|rpc:10.1.0.19:41443|dataStream:10.1.0.19:42567|priority:1|startupRole:FOLLOWER] returns group-B5522A2C0CE1:java.util.concurrent.CompletableFuture@36b1f72e[Not completed]
2023-02-14 08:19:49,768 [pool-704-thread-1] INFO  server.RaftServer$Division (RaftServerImpl.java:<init>(195)) - 6359aaa4-8509-4a3b-a3c1-a8ea6163a916: new RaftServerImpl for group-B5522A2C0CE1:[6359aaa4-8509-4a3b-a3c1-a8ea6163a916|rpc:10.1.0.19:41443|dataStream:10.1.0.19:42567|priority:1|startupRole:FOLLOWER] with ContainerStateMachine:uninitialized
2023-02-14 08:19:49,768 [pool-704-thread-1] INFO  server.RaftServerConfigKeys (ConfUtils.java:logGet(46)) - raft.server.rpc.timeout.min = 5s (custom)
2023-02-14 08:19:49,768 [pool-704-thread-1] INFO  server.RaftServerConfigKeys (ConfUtils.java:logGet(46)) - raft.server.rpc.timeout.max = 5200ms (custom)
2023-02-14 08:19:49,768 [pool-704-thread-1] INFO  server.RaftServerConfigKeys (ConfUtils.java:logGet(46)) - raft.server.rpc.sleep.time = 25ms (default)
2023-02-14 08:19:49,768 [pool-704-thread-1] INFO  server.RaftServerConfigKeys (ConfUtils.java:logGet(46)) - raft.server.rpc.slowness.timeout = 300s (custom)
2023-02-14 08:19:49,768 [pool-704-thread-1] INFO  server.RaftServerConfigKeys (ConfUtils.java:logGet(46)) - raft.server.leaderelection.leader.step-down.wait-time = 10s (default)
2023-02-14 08:19:49,768 [pool-704-thread-1] INFO  server.RaftServerConfigKeys (ConfUtils.java:logGet(46)) - raft.server.sleep.deviation.threshold = 300ms (default)
2023-02-14 08:19:49,768 [pool-704-thread-1] INFO  server.RaftServer$Division (ServerState.java:<init>(118)) - 6359aaa4-8509-4a3b-a3c1-a8ea6163a916@group-B5522A2C0CE1: ConfigurationManager, init=-1: peers:[6359aaa4-8509-4a3b-a3c1-a8ea6163a916|rpc:10.1.0.19:41443|dataStream:10.1.0.19:42567|priority:1|startupRole:FOLLOWER]|listeners:[], old=null, confs=<EMPTY_MAP>
2023-02-14 08:19:49,768 [pool-704-thread-1] INFO  server.RaftServerConfigKeys (ConfUtils.java:logGet(46)) - raft.server.storage.dir = [/home/runner/work/ozone/ozone/hadoop-ozone/integration-test/target/test-dir/MiniOzoneClusterImpl-9d03416f-dff1-44af-a51b-f90497d61693/datanode-1/data/ratis] (custom)
2023-02-14 08:19:49,768 [pool-704-thread-1] INFO  server.RaftServerConfigKeys (ConfUtils.java:logGet(46)) - raft.server.log.corruption.policy = EXCEPTION (default)
2023-02-14 08:19:49,768 [pool-704-thread-1] INFO  server.RaftServerConfigKeys (ConfUtils.java:logGet(46)) - raft.server.storage.free-space.min = 0MB (=0) (default)
2023-02-14 08:19:49,768 [pool-704-thread-1] INFO  server.RaftServerConfigKeys (ConfUtils.java:logGet(46)) - raft.server.notification.no-leader.timeout = 300s (custom)
2023-02-14 08:19:49,768 [pool-704-thread-1] INFO  server.RaftServerConfigKeys (ConfUtils.java:logGet(46)) - raft.server.retrycache.expirytime = 600000ms (custom)
2023-02-14 08:19:49,768 [pool-704-thread-1] INFO  server.RaftServerConfigKeys (ConfUtils.java:logGet(46)) - raft.server.retrycache.statistics.expirytime = 100μs (default)
2023-02-14 08:19:49,769 [pool-704-thread-1] INFO  server.RaftServerConfigKeys (ConfUtils.java:logGet(46)) - raft.server.log.appender.install.snapshot.enabled = false (custom)
2023-02-14 08:19:49,769 [pool-704-thread-1] INFO  server.RaftServerConfigKeys (ConfUtils.java:logGet(46)) - raft.server.threadpool.server.cached = true (default)
2023-02-14 08:19:49,769 [pool-704-thread-1] INFO  server.RaftServerConfigKeys (ConfUtils.java:logGet(46)) - raft.server.threadpool.server.size = 0 (default)
2023-02-14 08:19:49,769 [pool-704-thread-1] INFO  server.RaftServerConfigKeys (ConfUtils.java:logGet(46)) - raft.server.threadpool.client.cached = true (default)
2023-02-14 08:19:49,769 [pool-704-thread-1] INFO  server.RaftServerConfigKeys (ConfUtils.java:logGet(46)) - raft.server.threadpool.client.size = 0 (default)
2023-02-14 08:19:49,769 [pool-704-thread-1] INFO  storage.RaftStorageDirectory (RaftStorageDirectoryImpl.java:analyzeStorage(137)) - The storage directory /home/runner/work/ozone/ozone/hadoop-ozone/integration-test/target/test-dir/MiniOzoneClusterImpl-9d03416f-dff1-44af-a51b-f90497d61693/datanode-1/data/ratis/a5aed3ba-6033-4e78-a62e-b5522a2c0ce1 does not exist. Creating ...
2023-02-14 08:19:49,770 [pool-704-thread-1] INFO  storage.RaftStorageDirectory (RaftStorageDirectoryImpl.java:tryLock(231)) - Lock on /home/runner/work/ozone/ozone/hadoop-ozone/integration-test/target/test-dir/MiniOzoneClusterImpl-9d03416f-dff1-44af-a51b-f90497d61693/datanode-1/data/ratis/a5aed3ba-6033-4e78-a62e-b5522a2c0ce1/in_use.lock acquired by nodename 11911@fv-az476-382
2023-02-14 08:19:49,771 [pool-704-thread-1] INFO  storage.RaftStorage (RaftStorageImpl.java:format(96)) - Storage directory /home/runner/work/ozone/ozone/hadoop-ozone/integration-test/target/test-dir/MiniOzoneClusterImpl-9d03416f-dff1-44af-a51b-f90497d61693/datanode-1/data/ratis/a5aed3ba-6033-4e78-a62e-b5522a2c0ce1 has been successfully formatted.
2023-02-14 08:19:49,771 [pool-704-thread-1] INFO  ratis.ContainerStateMachine (ContainerStateMachine.java:loadSnapshot(240)) - group-B5522A2C0CE1: The snapshot info is null. Setting the last applied indexto:(t:0, i:~)
2023-02-14 08:19:49,771 [pool-704-thread-1] INFO  server.RaftServerConfigKeys (ConfUtils.java:logGet(46)) - raft.server.log.use.memory = false (default)
2023-02-14 08:19:49,772 [pool-704-thread-1] INFO  server.RaftServerConfigKeys (ConfUtils.java:logGet(46)) - raft.server.log.purge.gap = 1000000 (custom)
2023-02-14 08:19:49,772 [pool-704-thread-1] INFO  server.RaftServerConfigKeys (ConfUtils.java:logGet(46)) - raft.server.log.appender.buffer.byte-limit = 33554432 (custom)
2023-02-14 08:19:49,772 [pool-704-thread-1] INFO  server.RaftServerConfigKeys (ConfUtils.java:logGet(46)) - raft.server.log.statemachine.data.read.timeout = 1000ms (default)
2023-02-14 08:19:49,772 [EventQueue-PipelineReportForPipelineReportHandler] INFO  pipeline.PipelineManagerImpl (PipelineManagerImpl.java:openPipeline(367)) - Pipeline Pipeline[ Id: a5aed3ba-6033-4e78-a62e-b5522a2c0ce1, Nodes: 6359aaa4-8509-4a3b-a3c1-a8ea6163a916(fv-az476-382.2mevl5kwmm3ezivwarakluutxb.phxx.internal.cloudapp.net/10.1.0.19), ReplicationConfig: RATIS/ONE, State:ALLOCATED, leaderId:6359aaa4-8509-4a3b-a3c1-a8ea6163a916, CreationTimestamp2023-02-14T08:19:46.770Z[Etc/UTC]] moved to OPEN state
2023-02-14 08:19:49,774 [pool-704-thread-1] INFO  server.RaftServerConfigKeys (ConfUtils.java:logGet(46)) - raft.server.log.purge.preservation.log.num = 0 (default)
2023-02-14 08:19:49,774 [pool-704-thread-1] INFO  server.RaftServerConfigKeys (ConfUtils.java:logGet(46)) - raft.server.log.segment.size.max = 1048576 (custom)
2023-02-14 08:19:49,774 [EventQueue-OpenPipelineForHealthyPipelineSafeModeRule] INFO  safemode.SCMSafeModeManager (HealthyPipelineSafeModeRule.java:process(137)) - SCM in safe mode. Healthy pipelines reported count is 0, required healthy pipeline reported count is 1
2023-02-14 08:19:49,774 [pool-704-thread-1] INFO  server.RaftServerConfigKeys (ConfUtils.java:logGet(46)) - raft.server.log.segment.cache.num.max = 2 (custom)
2023-02-14 08:19:49,774 [pool-704-thread-1] INFO  server.RaftServerConfigKeys (ConfUtils.java:logGet(46)) - raft.server.log.segment.cache.size.max = 200MB (=209715200) (default)
2023-02-14 08:19:49,774 [pool-704-thread-1] INFO  segmented.SegmentedRaftLogWorker (SegmentedRaftLogWorker.java:<init>(189)) - new 6359aaa4-8509-4a3b-a3c1-a8ea6163a916@group-B5522A2C0CE1-SegmentedRaftLogWorker for RaftStorageImpl:Storage Directory /home/runner/work/ozone/ozone/hadoop-ozone/integration-test/target/test-dir/MiniOzoneClusterImpl-9d03416f-dff1-44af-a51b-f90497d61693/datanode-1/data/ratis/a5aed3ba-6033-4e78-a62e-b5522a2c0ce1
2023-02-14 08:19:49,774 [pool-704-thread-1] INFO  server.RaftServerConfigKeys (ConfUtils.java:logGet(46)) - raft.server.log.queue.byte-limit = 4294967296 (custom)
2023-02-14 08:19:49,774 [pool-704-thread-1] INFO  server.RaftServerConfigKeys (ConfUtils.java:logGet(46)) - raft.server.log.queue.element-limit = 1024 (custom)
2023-02-14 08:19:49,774 [pool-704-thread-1] INFO  server.RaftServerConfigKeys (ConfUtils.java:logGet(46)) - raft.server.log.segment.size.max = 1048576 (custom)
2023-02-14 08:19:49,774 [pool-704-thread-1] INFO  server.RaftServerConfigKeys (ConfUtils.java:logGet(46)) - raft.server.log.preallocated.size = 16384 (custom)
2023-02-14 08:19:49,774 [pool-704-thread-1] INFO  server.RaftServerConfigKeys (ConfUtils.java:logGet(46)) - raft.server.log.force.sync.num = 128 (default)
2023-02-14 08:19:49,775 [pool-704-thread-1] INFO  server.RaftServerConfigKeys (ConfUtils.java:logGet(46)) - raft.server.log.statemachine.data.sync = true (default)
2023-02-14 08:19:49,775 [pool-704-thread-1] INFO  server.RaftServerConfigKeys (ConfUtils.java:logGet(46)) - raft.server.log.statemachine.data.sync.timeout = 10s (default)
2023-02-14 08:19:49,775 [pool-704-thread-1] INFO  server.RaftServerConfigKeys (ConfUtils.java:logGet(46)) - raft.server.log.statemachine.data.sync.timeout.retry = -1 (default)
2023-02-14 08:19:49,776 [pool-704-thread-1] INFO  server.RaftServerConfigKeys (ConfUtils.java:logGet(46)) - raft.server.log.write.buffer.size = 1048576 (custom)
2023-02-14 08:19:49,776 [pool-704-thread-1] INFO  server.RaftServerConfigKeys (ConfUtils.java:logGet(46)) - raft.server.log.appender.buffer.byte-limit = 33554432 (custom)
2023-02-14 08:19:49,796 [pool-704-thread-1] INFO  server.RaftServerConfigKeys (ConfUtils.java:logGet(46)) - raft.server.log.unsafe-flush.enabled = false (default)
2023-02-14 08:19:49,796 [pool-704-thread-1] INFO  server.RaftServerConfigKeys (ConfUtils.java:logGet(46)) - raft.server.log.async-flush.enabled = false (default)
2023-02-14 08:19:49,796 [pool-704-thread-1] INFO  server.RaftServerConfigKeys (ConfUtils.java:logGet(46)) - raft.server.log.statemachine.data.caching.enabled = true (custom)
2023-02-14 08:19:49,796 [pool-704-thread-1] INFO  segmented.SegmentedRaftLogWorker (SegmentedRaftLogWorker.java:lambda$new$0(135)) - 6359aaa4-8509-4a3b-a3c1-a8ea6163a916@group-B5522A2C0CE1-SegmentedRaftLogWorker: flushIndex: setUnconditionally 0 -> -1
2023-02-14 08:19:49,796 [pool-704-thread-1] INFO  segmented.SegmentedRaftLogWorker (SegmentedRaftLogWorker.java:lambda$new$0(135)) - 6359aaa4-8509-4a3b-a3c1-a8ea6163a916@group-B5522A2C0CE1-SegmentedRaftLogWorker: safeCacheEvictIndex: setUnconditionally 0 -> -1
2023-02-14 08:19:49,796 [pool-704-thread-1] INFO  server.RaftServer$Division (RaftServerImpl.java:start(334)) - 6359aaa4-8509-4a3b-a3c1-a8ea6163a916@group-B5522A2C0CE1: start as a follower, conf=-1: peers:[6359aaa4-8509-4a3b-a3c1-a8ea6163a916|rpc:10.1.0.19:41443|dataStream:10.1.0.19:42567|priority:1|startupRole:FOLLOWER]|listeners:[], old=null
2023-02-14 08:19:49,796 [pool-704-thread-1] INFO  server.RaftServer$Division (RaftServerImpl.java:setRole(321)) - 6359aaa4-8509-4a3b-a3c1-a8ea6163a916@group-B5522A2C0CE1: changes role from      null to FOLLOWER at term 0 for startAsFollower
2023-02-14 08:19:49,796 [pool-704-thread-1] INFO  impl.RoleInfo (RoleInfo.java:updateAndGet(139)) - 6359aaa4-8509-4a3b-a3c1-a8ea6163a916: start 6359aaa4-8509-4a3b-a3c1-a8ea6163a916@group-B5522A2C0CE1-FollowerState
2023-02-14 08:19:49,800 [pool-704-thread-1] INFO  util.JmxRegister (JmxRegister.java:tryRegister(44)) - Successfully registered JMX Bean with object name Ratis:service=RaftServer,group=group-B5522A2C0CE1,id=6359aaa4-8509-4a3b-a3c1-a8ea6163a916
2023-02-14 08:19:49,800 [pool-704-thread-1] INFO  server.RaftServerConfigKeys (ConfUtils.java:logGet(46)) - raft.server.snapshot.auto.trigger.enabled = true (custom)
2023-02-14 08:19:49,800 [pool-704-thread-1] INFO  server.RaftServerConfigKeys (ConfUtils.java:logGet(46)) - raft.server.snapshot.auto.trigger.threshold = 10000 (custom)
2023-02-14 08:19:49,800 [pool-704-thread-1] INFO  server.RaftServerConfigKeys (ConfUtils.java:logGet(46)) - raft.server.snapshot.retention.file.num = 5 (custom)
2023-02-14 08:19:49,800 [pool-704-thread-1] INFO  server.RaftServerConfigKeys (ConfUtils.java:logGet(46)) - raft.server.log.purge.upto.snapshot.index = false (default)
2023-02-14 08:19:49,801 [Command processor thread] INFO  ratis.XceiverServerRatis (XceiverServerRatis.java:addGroup(807)) - Created group PipelineID=a5aed3ba-6033-4e78-a62e-b5522a2c0ce1
2023-02-14 08:19:49,801 [6359aaa4-8509-4a3b-a3c1-a8ea6163a916@group-B5522A2C0CE1-FollowerState] INFO  server.RaftServerConfigKeys (ConfUtils.java:logFallback(53)) - raft.server.rpc.first-election.timeout.min = 5s (fallback to raft.server.rpc.timeout.min)
2023-02-14 08:19:49,801 [Command processor thread] INFO  commandhandler.CreatePipelineCommandHandler (CreatePipelineCommandHandler.java:handle(113)) - Created Pipeline RATIS ONE PipelineID=a5aed3ba-6033-4e78-a62e-b5522a2c0ce1.
2023-02-14 08:19:49,801 [6359aaa4-8509-4a3b-a3c1-a8ea6163a916@group-B5522A2C0CE1-FollowerState] INFO  server.RaftServerConfigKeys (ConfUtils.java:logFallback(53)) - raft.server.rpc.first-election.timeout.max = 5200ms (fallback to raft.server.rpc.timeout.max)
2023-02-14 08:19:50,075 [Command processor thread] INFO  server.RaftServer (RaftServerProxy.java:addNew(96)) - 34ef5736-8ccc-4354-bdfe-e8e28e0b14c7: addNew group-954F010AC4C0:[34ef5736-8ccc-4354-bdfe-e8e28e0b14c7|rpc:10.1.0.19:40043|dataStream:10.1.0.19:42561|priority:1|startupRole:FOLLOWER] returns group-954F010AC4C0:java.util.concurrent.CompletableFuture@129ca0eb[Not completed]
2023-02-14 08:19:50,075 [pool-726-thread-1] INFO  server.RaftServer$Division (RaftServerImpl.java:<init>(195)) - 34ef5736-8ccc-4354-bdfe-e8e28e0b14c7: new RaftServerImpl for group-954F010AC4C0:[34ef5736-8ccc-4354-bdfe-e8e28e0b14c7|rpc:10.1.0.19:40043|dataStream:10.1.0.19:42561|priority:1|startupRole:FOLLOWER] with ContainerStateMachine:uninitialized
2023-02-14 08:19:50,075 [pool-726-thread-1] INFO  server.RaftServerConfigKeys (ConfUtils.java:logGet(46)) - raft.server.rpc.timeout.min = 5s (custom)
2023-02-14 08:19:50,076 [pool-726-thread-1] INFO  server.RaftServerConfigKeys (ConfUtils.java:logGet(46)) - raft.server.rpc.timeout.max = 5200ms (custom)
2023-02-14 08:19:50,076 [pool-726-thread-1] INFO  server.RaftServerConfigKeys (ConfUtils.java:logGet(46)) - raft.server.rpc.sleep.time = 25ms (default)
2023-02-14 08:19:50,076 [pool-726-thread-1] INFO  server.RaftServerConfigKeys (ConfUtils.java:logGet(46)) - raft.server.rpc.slowness.timeout = 300s (custom)
2023-02-14 08:19:50,076 [pool-726-thread-1] INFO  server.RaftServerConfigKeys (ConfUtils.java:logGet(46)) - raft.server.leaderelection.leader.step-down.wait-time = 10s (default)
2023-02-14 08:19:50,076 [pool-726-thread-1] INFO  server.RaftServerConfigKeys (ConfUtils.java:logGet(46)) - raft.server.sleep.deviation.threshold = 300ms (default)
2023-02-14 08:19:50,076 [pool-726-thread-1] INFO  server.RaftServer$Division (ServerState.java:<init>(118)) - 34ef5736-8ccc-4354-bdfe-e8e28e0b14c7@group-954F010AC4C0: ConfigurationManager, init=-1: peers:[34ef5736-8ccc-4354-bdfe-e8e28e0b14c7|rpc:10.1.0.19:40043|dataStream:10.1.0.19:42561|priority:1|startupRole:FOLLOWER]|listeners:[], old=null, confs=<EMPTY_MAP>
2023-02-14 08:19:50,076 [pool-726-thread-1] INFO  server.RaftServerConfigKeys (ConfUtils.java:logGet(46)) - raft.server.storage.dir = [/home/runner/work/ozone/ozone/hadoop-ozone/integration-test/target/test-dir/MiniOzoneClusterImpl-9d03416f-dff1-44af-a51b-f90497d61693/datanode-2/data/ratis] (custom)
2023-02-14 08:19:50,076 [pool-726-thread-1] INFO  server.RaftServerConfigKeys (ConfUtils.java:logGet(46)) - raft.server.log.corruption.policy = EXCEPTION (default)
2023-02-14 08:19:50,076 [pool-726-thread-1] INFO  server.RaftServerConfigKeys (ConfUtils.java:logGet(46)) - raft.server.storage.free-space.min = 0MB (=0) (default)
2023-02-14 08:19:50,076 [pool-726-thread-1] INFO  server.RaftServerConfigKeys (ConfUtils.java:logGet(46)) - raft.server.notification.no-leader.timeout = 300s (custom)
2023-02-14 08:19:50,076 [pool-726-thread-1] INFO  server.RaftServerConfigKeys (ConfUtils.java:logGet(46)) - raft.server.retrycache.expirytime = 600000ms (custom)
2023-02-14 08:19:50,076 [pool-726-thread-1] INFO  server.RaftServerConfigKeys (ConfUtils.java:logGet(46)) - raft.server.retrycache.statistics.expirytime = 100μs (default)
2023-02-14 08:19:50,076 [pool-726-thread-1] INFO  server.RaftServerConfigKeys (ConfUtils.java:logGet(46)) - raft.server.log.appender.install.snapshot.enabled = false (custom)
2023-02-14 08:19:50,077 [pool-726-thread-1] INFO  server.RaftServerConfigKeys (ConfUtils.java:logGet(46)) - raft.server.threadpool.server.cached = true (default)
2023-02-14 08:19:50,077 [pool-726-thread-1] INFO  server.RaftServerConfigKeys (ConfUtils.java:logGet(46)) - raft.server.threadpool.server.size = 0 (default)
2023-02-14 08:19:50,077 [pool-726-thread-1] INFO  server.RaftServerConfigKeys (ConfUtils.java:logGet(46)) - raft.server.threadpool.client.cached = true (default)
2023-02-14 08:19:50,077 [pool-726-thread-1] INFO  server.RaftServerConfigKeys (ConfUtils.java:logGet(46)) - raft.server.threadpool.client.size = 0 (default)
2023-02-14 08:19:50,077 [pool-726-thread-1] INFO  storage.RaftStorageDirectory (RaftStorageDirectoryImpl.java:analyzeStorage(137)) - The storage directory /home/runner/work/ozone/ozone/hadoop-ozone/integration-test/target/test-dir/MiniOzoneClusterImpl-9d03416f-dff1-44af-a51b-f90497d61693/datanode-2/data/ratis/0aa7c4ee-654b-4a2b-b6b6-954f010ac4c0 does not exist. Creating ...
2023-02-14 08:19:50,388 [JvmPauseMonitor21] WARN  util.JvmPauseMonitor (JvmPauseMonitor.java:detectPause(126)) - JvmPauseMonitor-5eaff5f0-27f1-4250-be20-7eaa1ed6359c: Detected pause in JVM or host machine (eg GC): pause of approximately 144476352ns.
GC pool 'PS MarkSweep' had collection(s): count=1 time=310ms
2023-02-14 08:19:50,388 [JvmPauseMonitor19] WARN  util.JvmPauseMonitor (JvmPauseMonitor.java:detectPause(126)) - JvmPauseMonitor-34ef5736-8ccc-4354-bdfe-e8e28e0b14c7: Detected pause in JVM or host machine (eg GC): pause of approximately 278387518ns.
GC pool 'PS MarkSweep' had collection(s): count=1 time=310ms
2023-02-14 08:19:50,392 [pool-726-thread-1] INFO  storage.RaftStorageDirectory (RaftStorageDirectoryImpl.java:tryLock(231)) - Lock on /home/runner/work/ozone/ozone/hadoop-ozone/integration-test/target/test-dir/MiniOzoneClusterImpl-9d03416f-dff1-44af-a51b-f90497d61693/datanode-2/data/ratis/0aa7c4ee-654b-4a2b-b6b6-954f010ac4c0/in_use.lock acquired by nodename 11911@fv-az476-382
2023-02-14 08:19:50,397 [pool-726-thread-1] INFO  storage.RaftStorage (RaftStorageImpl.java:format(96)) - Storage directory /home/runner/work/ozone/ozone/hadoop-ozone/integration-test/target/test-dir/MiniOzoneClusterImpl-9d03416f-dff1-44af-a51b-f90497d61693/datanode-2/data/ratis/0aa7c4ee-654b-4a2b-b6b6-954f010ac4c0 has been successfully formatted.
2023-02-14 08:19:50,400 [pool-726-thread-1] INFO  ratis.ContainerStateMachine (ContainerStateMachine.java:loadSnapshot(240)) - group-954F010AC4C0: The snapshot info is null. Setting the last applied indexto:(t:0, i:~)
2023-02-14 08:19:50,400 [pool-726-thread-1] INFO  server.RaftServerConfigKeys (ConfUtils.java:logGet(46)) - raft.server.log.use.memory = false (default)
2023-02-14 08:19:50,400 [pool-726-thread-1] INFO  server.RaftServerConfigKeys (ConfUtils.java:logGet(46)) - raft.server.log.purge.gap = 1000000 (custom)
2023-02-14 08:19:50,400 [pool-726-thread-1] INFO  server.RaftServerConfigKeys (ConfUtils.java:logGet(46)) - raft.server.log.appender.buffer.byte-limit = 33554432 (custom)
2023-02-14 08:19:50,400 [pool-726-thread-1] INFO  server.RaftServerConfigKeys (ConfUtils.java:logGet(46)) - raft.server.log.statemachine.data.read.timeout = 1000ms (default)
2023-02-14 08:19:50,400 [pool-726-thread-1] INFO  server.RaftServerConfigKeys (ConfUtils.java:logGet(46)) - raft.server.log.purge.preservation.log.num = 0 (default)
2023-02-14 08:19:50,400 [pool-726-thread-1] INFO  server.RaftServerConfigKeys (ConfUtils.java:logGet(46)) - raft.server.log.segment.size.max = 1048576 (custom)
2023-02-14 08:19:50,400 [pool-726-thread-1] INFO  server.RaftServerConfigKeys (ConfUtils.java:logGet(46)) - raft.server.log.segment.cache.num.max = 2 (custom)
2023-02-14 08:19:50,401 [pool-726-thread-1] INFO  server.RaftServerConfigKeys (ConfUtils.java:logGet(46)) - raft.server.log.segment.cache.size.max = 200MB (=209715200) (default)
2023-02-14 08:19:50,401 [pool-726-thread-1] INFO  segmented.SegmentedRaftLogWorker (SegmentedRaftLogWorker.java:<init>(189)) - new 34ef5736-8ccc-4354-bdfe-e8e28e0b14c7@group-954F010AC4C0-SegmentedRaftLogWorker for RaftStorageImpl:Storage Directory /home/runner/work/ozone/ozone/hadoop-ozone/integration-test/target/test-dir/MiniOzoneClusterImpl-9d03416f-dff1-44af-a51b-f90497d61693/datanode-2/data/ratis/0aa7c4ee-654b-4a2b-b6b6-954f010ac4c0
2023-02-14 08:19:50,401 [pool-726-thread-1] INFO  server.RaftServerConfigKeys (ConfUtils.java:logGet(46)) - raft.server.log.queue.byte-limit = 4294967296 (custom)
2023-02-14 08:19:50,401 [pool-726-thread-1] INFO  server.RaftServerConfigKeys (ConfUtils.java:logGet(46)) - raft.server.log.queue.element-limit = 1024 (custom)
2023-02-14 08:19:50,401 [pool-726-thread-1] INFO  server.RaftServerConfigKeys (ConfUtils.java:logGet(46)) - raft.server.log.segment.size.max = 1048576 (custom)
2023-02-14 08:19:50,401 [pool-726-thread-1] INFO  server.RaftServerConfigKeys (ConfUtils.java:logGet(46)) - raft.server.log.preallocated.size = 16384 (custom)
2023-02-14 08:19:50,401 [pool-726-thread-1] INFO  server.RaftServerConfigKeys (ConfUtils.java:logGet(46)) - raft.server.log.force.sync.num = 128 (default)
2023-02-14 08:19:50,401 [pool-726-thread-1] INFO  server.RaftServerConfigKeys (ConfUtils.java:logGet(46)) - raft.server.log.statemachine.data.sync = true (default)
2023-02-14 08:19:50,401 [pool-726-thread-1] INFO  server.RaftServerConfigKeys (ConfUtils.java:logGet(46)) - raft.server.log.statemachine.data.sync.timeout = 10s (default)
2023-02-14 08:19:50,401 [pool-726-thread-1] INFO  server.RaftServerConfigKeys (ConfUtils.java:logGet(46)) - raft.server.log.statemachine.data.sync.timeout.retry = -1 (default)
2023-02-14 08:19:50,403 [EventQueue-PipelineReportForPipelineReportHandler] INFO  pipeline.PipelineManagerImpl (PipelineManagerImpl.java:openPipeline(367)) - Pipeline Pipeline[ Id: 0aa7c4ee-654b-4a2b-b6b6-954f010ac4c0, Nodes: 34ef5736-8ccc-4354-bdfe-e8e28e0b14c7(fv-az476-382.2mevl5kwmm3ezivwarakluutxb.phxx.internal.cloudapp.net/10.1.0.19), ReplicationConfig: RATIS/ONE, State:ALLOCATED, leaderId:34ef5736-8ccc-4354-bdfe-e8e28e0b14c7, CreationTimestamp2023-02-14T08:19:47.076Z[Etc/UTC]] moved to OPEN state
2023-02-14 08:19:50,403 [EventQueue-OpenPipelineForHealthyPipelineSafeModeRule] INFO  safemode.SCMSafeModeManager (HealthyPipelineSafeModeRule.java:process(137)) - SCM in safe mode. Healthy pipelines reported count is 0, required healthy pipeline reported count is 1
2023-02-14 08:19:50,403 [pool-726-thread-1] INFO  server.RaftServerConfigKeys (ConfUtils.java:logGet(46)) - raft.server.log.write.buffer.size = 1048576 (custom)
2023-02-14 08:19:50,404 [pool-726-thread-1] INFO  server.RaftServerConfigKeys (ConfUtils.java:logGet(46)) - raft.server.log.appender.buffer.byte-limit = 33554432 (custom)
2023-02-14 08:19:50,406 [pool-726-thread-1] INFO  server.RaftServerConfigKeys (ConfUtils.java:logGet(46)) - raft.server.log.unsafe-flush.enabled = false (default)
2023-02-14 08:19:50,407 [pool-726-thread-1] INFO  server.RaftServerConfigKeys (ConfUtils.java:logGet(46)) - raft.server.log.async-flush.enabled = false (default)
2023-02-14 08:19:50,407 [pool-726-thread-1] INFO  server.RaftServerConfigKeys (ConfUtils.java:logGet(46)) - raft.server.log.statemachine.data.caching.enabled = true (custom)
2023-02-14 08:19:50,407 [pool-726-thread-1] INFO  segmented.SegmentedRaftLogWorker (SegmentedRaftLogWorker.java:lambda$new$0(135)) - 34ef5736-8ccc-4354-bdfe-e8e28e0b14c7@group-954F010AC4C0-SegmentedRaftLogWorker: flushIndex: setUnconditionally 0 -> -1
2023-02-14 08:19:50,407 [pool-726-thread-1] INFO  segmented.SegmentedRaftLogWorker (SegmentedRaftLogWorker.java:lambda$new$0(135)) - 34ef5736-8ccc-4354-bdfe-e8e28e0b14c7@group-954F010AC4C0-SegmentedRaftLogWorker: safeCacheEvictIndex: setUnconditionally 0 -> -1
2023-02-14 08:19:50,407 [pool-726-thread-1] INFO  server.RaftServer$Division (RaftServerImpl.java:start(334)) - 34ef5736-8ccc-4354-bdfe-e8e28e0b14c7@group-954F010AC4C0: start as a follower, conf=-1: peers:[34ef5736-8ccc-4354-bdfe-e8e28e0b14c7|rpc:10.1.0.19:40043|dataStream:10.1.0.19:42561|priority:1|startupRole:FOLLOWER]|listeners:[], old=null
2023-02-14 08:19:50,407 [pool-726-thread-1] INFO  server.RaftServer$Division (RaftServerImpl.java:setRole(321)) - 34ef5736-8ccc-4354-bdfe-e8e28e0b14c7@group-954F010AC4C0: changes role from      null to FOLLOWER at term 0 for startAsFollower
2023-02-14 08:19:50,407 [pool-726-thread-1] INFO  impl.RoleInfo (RoleInfo.java:updateAndGet(139)) - 34ef5736-8ccc-4354-bdfe-e8e28e0b14c7: start 34ef5736-8ccc-4354-bdfe-e8e28e0b14c7@group-954F010AC4C0-FollowerState
2023-02-14 08:19:50,407 [pool-726-thread-1] INFO  util.JmxRegister (JmxRegister.java:tryRegister(44)) - Successfully registered JMX Bean with object name Ratis:service=RaftServer,group=group-954F010AC4C0,id=34ef5736-8ccc-4354-bdfe-e8e28e0b14c7
2023-02-14 08:19:50,407 [34ef5736-8ccc-4354-bdfe-e8e28e0b14c7@group-954F010AC4C0-FollowerState] INFO  server.RaftServerConfigKeys (ConfUtils.java:logFallback(53)) - raft.server.rpc.first-election.timeout.min = 5s (fallback to raft.server.rpc.timeout.min)
2023-02-14 08:19:50,407 [pool-726-thread-1] INFO  server.RaftServerConfigKeys (ConfUtils.java:logGet(46)) - raft.server.snapshot.auto.trigger.enabled = true (custom)
2023-02-14 08:19:50,407 [pool-726-thread-1] INFO  server.RaftServerConfigKeys (ConfUtils.java:logGet(46)) - raft.server.snapshot.auto.trigger.threshold = 10000 (custom)
2023-02-14 08:19:50,407 [34ef5736-8ccc-4354-bdfe-e8e28e0b14c7@group-954F010AC4C0-FollowerState] INFO  server.RaftServerConfigKeys (ConfUtils.java:logFallback(53)) - raft.server.rpc.first-election.timeout.max = 5200ms (fallback to raft.server.rpc.timeout.max)
2023-02-14 08:19:50,407 [pool-726-thread-1] INFO  server.RaftServerConfigKeys (ConfUtils.java:logGet(46)) - raft.server.snapshot.retention.file.num = 5 (custom)
2023-02-14 08:19:50,407 [pool-726-thread-1] INFO  server.RaftServerConfigKeys (ConfUtils.java:logGet(46)) - raft.server.log.purge.upto.snapshot.index = false (default)
2023-02-14 08:19:50,408 [Command processor thread] INFO  ratis.XceiverServerRatis (XceiverServerRatis.java:addGroup(807)) - Created group PipelineID=0aa7c4ee-654b-4a2b-b6b6-954f010ac4c0
2023-02-14 08:19:50,408 [Command processor thread] INFO  commandhandler.CreatePipelineCommandHandler (CreatePipelineCommandHandler.java:handle(113)) - Created Pipeline RATIS ONE PipelineID=0aa7c4ee-654b-4a2b-b6b6-954f010ac4c0.
2023-02-14 08:19:50,411 [Command processor thread] INFO  server.RaftServer (RaftServerProxy.java:addNew(96)) - 6d2a8adb-ebe8-462b-9c77-c5b139cd2711: addNew group-EA1C34CF6271:[6d2a8adb-ebe8-462b-9c77-c5b139cd2711|rpc:10.1.0.19:37105|dataStream:10.1.0.19:39333|priority:1|startupRole:FOLLOWER] returns group-EA1C34CF6271:java.util.concurrent.CompletableFuture@48639651[Not completed]
2023-02-14 08:19:50,414 [pool-748-thread-1] INFO  server.RaftServer$Division (RaftServerImpl.java:<init>(195)) - 6d2a8adb-ebe8-462b-9c77-c5b139cd2711: new RaftServerImpl for group-EA1C34CF6271:[6d2a8adb-ebe8-462b-9c77-c5b139cd2711|rpc:10.1.0.19:37105|dataStream:10.1.0.19:39333|priority:1|startupRole:FOLLOWER] with ContainerStateMachine:uninitialized
2023-02-14 08:19:50,414 [pool-748-thread-1] INFO  server.RaftServerConfigKeys (ConfUtils.java:logGet(46)) - raft.server.rpc.timeout.min = 5s (custom)
2023-02-14 08:19:50,414 [pool-748-thread-1] INFO  server.RaftServerConfigKeys (ConfUtils.java:logGet(46)) - raft.server.rpc.timeout.max = 5200ms (custom)
2023-02-14 08:19:50,414 [pool-748-thread-1] INFO  server.RaftServerConfigKeys (ConfUtils.java:logGet(46)) - raft.server.rpc.sleep.time = 25ms (default)
2023-02-14 08:19:50,414 [pool-748-thread-1] INFO  server.RaftServerConfigKeys (ConfUtils.java:logGet(46)) - raft.server.rpc.slowness.timeout = 300s (custom)
2023-02-14 08:19:50,414 [pool-748-thread-1] INFO  server.RaftServerConfigKeys (ConfUtils.java:logGet(46)) - raft.server.leaderelection.leader.step-down.wait-time = 10s (default)
2023-02-14 08:19:50,414 [pool-748-thread-1] INFO  server.RaftServerConfigKeys (ConfUtils.java:logGet(46)) - raft.server.sleep.deviation.threshold = 300ms (default)
2023-02-14 08:19:50,414 [pool-748-thread-1] INFO  server.RaftServer$Division (ServerState.java:<init>(118)) - 6d2a8adb-ebe8-462b-9c77-c5b139cd2711@group-EA1C34CF6271: ConfigurationManager, init=-1: peers:[6d2a8adb-ebe8-462b-9c77-c5b139cd2711|rpc:10.1.0.19:37105|dataStream:10.1.0.19:39333|priority:1|startupRole:FOLLOWER]|listeners:[], old=null, confs=<EMPTY_MAP>
2023-02-14 08:19:50,415 [pool-748-thread-1] INFO  server.RaftServerConfigKeys (ConfUtils.java:logGet(46)) - raft.server.storage.dir = [/home/runner/work/ozone/ozone/hadoop-ozone/integration-test/target/test-dir/MiniOzoneClusterImpl-9d03416f-dff1-44af-a51b-f90497d61693/datanode-3/data/ratis] (custom)
2023-02-14 08:19:50,415 [pool-748-thread-1] INFO  server.RaftServerConfigKeys (ConfUtils.java:logGet(46)) - raft.server.log.corruption.policy = EXCEPTION (default)
2023-02-14 08:19:50,415 [pool-748-thread-1] INFO  server.RaftServerConfigKeys (ConfUtils.java:logGet(46)) - raft.server.storage.free-space.min = 0MB (=0) (default)
2023-02-14 08:19:50,415 [pool-748-thread-1] INFO  server.RaftServerConfigKeys (ConfUtils.java:logGet(46)) - raft.server.notification.no-leader.timeout = 300s (custom)
2023-02-14 08:19:50,415 [pool-748-thread-1] INFO  server.RaftServerConfigKeys (ConfUtils.java:logGet(46)) - raft.server.retrycache.expirytime = 600000ms (custom)
2023-02-14 08:19:50,415 [pool-748-thread-1] INFO  server.RaftServerConfigKeys (ConfUtils.java:logGet(46)) - raft.server.retrycache.statistics.expirytime = 100μs (default)
2023-02-14 08:19:50,415 [pool-748-thread-1] INFO  server.RaftServerConfigKeys (ConfUtils.java:logGet(46)) - raft.server.log.appender.install.snapshot.enabled = false (custom)
2023-02-14 08:19:50,415 [pool-748-thread-1] INFO  server.RaftServerConfigKeys (ConfUtils.java:logGet(46)) - raft.server.threadpool.server.cached = true (default)
2023-02-14 08:19:50,415 [pool-748-thread-1] INFO  server.RaftServerConfigKeys (ConfUtils.java:logGet(46)) - raft.server.threadpool.server.size = 0 (default)
2023-02-14 08:19:50,415 [pool-748-thread-1] INFO  server.RaftServerConfigKeys (ConfUtils.java:logGet(46)) - raft.server.threadpool.client.cached = true (default)
2023-02-14 08:19:50,415 [pool-748-thread-1] INFO  server.RaftServerConfigKeys (ConfUtils.java:logGet(46)) - raft.server.threadpool.client.size = 0 (default)
2023-02-14 08:19:50,418 [pool-748-thread-1] INFO  storage.RaftStorageDirectory (RaftStorageDirectoryImpl.java:analyzeStorage(137)) - The storage directory /home/runner/work/ozone/ozone/hadoop-ozone/integration-test/target/test-dir/MiniOzoneClusterImpl-9d03416f-dff1-44af-a51b-f90497d61693/datanode-3/data/ratis/7f892fda-9354-4f6a-93c0-ea1c34cf6271 does not exist. Creating ...
2023-02-14 08:19:50,419 [pool-748-thread-1] INFO  storage.RaftStorageDirectory (RaftStorageDirectoryImpl.java:tryLock(231)) - Lock on /home/runner/work/ozone/ozone/hadoop-ozone/integration-test/target/test-dir/MiniOzoneClusterImpl-9d03416f-dff1-44af-a51b-f90497d61693/datanode-3/data/ratis/7f892fda-9354-4f6a-93c0-ea1c34cf6271/in_use.lock acquired by nodename 11911@fv-az476-382
2023-02-14 08:19:50,419 [pool-748-thread-1] INFO  storage.RaftStorage (RaftStorageImpl.java:format(96)) - Storage directory /home/runner/work/ozone/ozone/hadoop-ozone/integration-test/target/test-dir/MiniOzoneClusterImpl-9d03416f-dff1-44af-a51b-f90497d61693/datanode-3/data/ratis/7f892fda-9354-4f6a-93c0-ea1c34cf6271 has been successfully formatted.
2023-02-14 08:19:50,420 [pool-748-thread-1] INFO  ratis.ContainerStateMachine (ContainerStateMachine.java:loadSnapshot(240)) - group-EA1C34CF6271: The snapshot info is null. Setting the last applied indexto:(t:0, i:~)
2023-02-14 08:19:50,420 [pool-748-thread-1] INFO  server.RaftServerConfigKeys (ConfUtils.java:logGet(46)) - raft.server.log.use.memory = false (default)
2023-02-14 08:19:50,420 [pool-748-thread-1] INFO  server.RaftServerConfigKeys (ConfUtils.java:logGet(46)) - raft.server.log.purge.gap = 1000000 (custom)
2023-02-14 08:19:50,420 [pool-748-thread-1] INFO  server.RaftServerConfigKeys (ConfUtils.java:logGet(46)) - raft.server.log.appender.buffer.byte-limit = 33554432 (custom)
2023-02-14 08:19:50,421 [pool-748-thread-1] INFO  server.RaftServerConfigKeys (ConfUtils.java:logGet(46)) - raft.server.log.statemachine.data.read.timeout = 1000ms (default)
2023-02-14 08:19:50,421 [pool-748-thread-1] INFO  server.RaftServerConfigKeys (ConfUtils.java:logGet(46)) - raft.server.log.purge.preservation.log.num = 0 (default)
2023-02-14 08:19:50,421 [pool-748-thread-1] INFO  server.RaftServerConfigKeys (ConfUtils.java:logGet(46)) - raft.server.log.segment.size.max = 1048576 (custom)
2023-02-14 08:19:50,421 [pool-748-thread-1] INFO  server.RaftServerConfigKeys (ConfUtils.java:logGet(46)) - raft.server.log.segment.cache.num.max = 2 (custom)
2023-02-14 08:19:50,421 [EventQueue-PipelineReportForPipelineReportHandler] INFO  pipeline.PipelineManagerImpl (PipelineManagerImpl.java:openPipeline(367)) - Pipeline Pipeline[ Id: 7f892fda-9354-4f6a-93c0-ea1c34cf6271, Nodes: 6d2a8adb-ebe8-462b-9c77-c5b139cd2711(fv-az476-382.2mevl5kwmm3ezivwarakluutxb.phxx.internal.cloudapp.net/10.1.0.19), ReplicationConfig: RATIS/ONE, State:ALLOCATED, leaderId:6d2a8adb-ebe8-462b-9c77-c5b139cd2711, CreationTimestamp2023-02-14T08:19:47.411Z[Etc/UTC]] moved to OPEN state
2023-02-14 08:19:50,421 [pool-748-thread-1] INFO  server.RaftServerConfigKeys (ConfUtils.java:logGet(46)) - raft.server.log.segment.cache.size.max = 200MB (=209715200) (default)
2023-02-14 08:19:50,421 [pool-748-thread-1] INFO  segmented.SegmentedRaftLogWorker (SegmentedRaftLogWorker.java:<init>(189)) - new 6d2a8adb-ebe8-462b-9c77-c5b139cd2711@group-EA1C34CF6271-SegmentedRaftLogWorker for RaftStorageImpl:Storage Directory /home/runner/work/ozone/ozone/hadoop-ozone/integration-test/target/test-dir/MiniOzoneClusterImpl-9d03416f-dff1-44af-a51b-f90497d61693/datanode-3/data/ratis/7f892fda-9354-4f6a-93c0-ea1c34cf6271
2023-02-14 08:19:50,421 [pool-748-thread-1] INFO  server.RaftServerConfigKeys (ConfUtils.java:logGet(46)) - raft.server.log.queue.byte-limit = 4294967296 (custom)
2023-02-14 08:19:50,421 [pool-748-thread-1] INFO  server.RaftServerConfigKeys (ConfUtils.java:logGet(46)) - raft.server.log.queue.element-limit = 1024 (custom)
2023-02-14 08:19:50,421 [pool-748-thread-1] INFO  server.RaftServerConfigKeys (ConfUtils.java:logGet(46)) - raft.server.log.segment.size.max = 1048576 (custom)
2023-02-14 08:19:50,421 [EventQueue-OpenPipelineForHealthyPipelineSafeModeRule] INFO  safemode.SCMSafeModeManager (HealthyPipelineSafeModeRule.java:process(137)) - SCM in safe mode. Healthy pipelines reported count is 0, required healthy pipeline reported count is 1
2023-02-14 08:19:50,421 [pool-748-thread-1] INFO  server.RaftServerConfigKeys (ConfUtils.java:logGet(46)) - raft.server.log.preallocated.size = 16384 (custom)
2023-02-14 08:19:50,421 [pool-748-thread-1] INFO  server.RaftServerConfigKeys (ConfUtils.java:logGet(46)) - raft.server.log.force.sync.num = 128 (default)
2023-02-14 08:19:50,421 [pool-748-thread-1] INFO  server.RaftServerConfigKeys (ConfUtils.java:logGet(46)) - raft.server.log.statemachine.data.sync = true (default)
2023-02-14 08:19:50,421 [pool-748-thread-1] INFO  server.RaftServerConfigKeys (ConfUtils.java:logGet(46)) - raft.server.log.statemachine.data.sync.timeout = 10s (default)
2023-02-14 08:19:50,421 [pool-748-thread-1] INFO  server.RaftServerConfigKeys (ConfUtils.java:logGet(46)) - raft.server.log.statemachine.data.sync.timeout.retry = -1 (default)
2023-02-14 08:19:50,424 [pool-748-thread-1] INFO  server.RaftServerConfigKeys (ConfUtils.java:logGet(46)) - raft.server.log.write.buffer.size = 1048576 (custom)
2023-02-14 08:19:50,424 [pool-748-thread-1] INFO  server.RaftServerConfigKeys (ConfUtils.java:logGet(46)) - raft.server.log.appender.buffer.byte-limit = 33554432 (custom)
2023-02-14 08:19:50,427 [pool-748-thread-1] INFO  server.RaftServerConfigKeys (ConfUtils.java:logGet(46)) - raft.server.log.unsafe-flush.enabled = false (default)
2023-02-14 08:19:50,427 [pool-748-thread-1] INFO  server.RaftServerConfigKeys (ConfUtils.java:logGet(46)) - raft.server.log.async-flush.enabled = false (default)
2023-02-14 08:19:50,427 [pool-748-thread-1] INFO  server.RaftServerConfigKeys (ConfUtils.java:logGet(46)) - raft.server.log.statemachine.data.caching.enabled = true (custom)
2023-02-14 08:19:50,427 [pool-748-thread-1] INFO  segmented.SegmentedRaftLogWorker (SegmentedRaftLogWorker.java:lambda$new$0(135)) - 6d2a8adb-ebe8-462b-9c77-c5b139cd2711@group-EA1C34CF6271-SegmentedRaftLogWorker: flushIndex: setUnconditionally 0 -> -1
2023-02-14 08:19:50,427 [pool-748-thread-1] INFO  segmented.SegmentedRaftLogWorker (SegmentedRaftLogWorker.java:lambda$new$0(135)) - 6d2a8adb-ebe8-462b-9c77-c5b139cd2711@group-EA1C34CF6271-SegmentedRaftLogWorker: safeCacheEvictIndex: setUnconditionally 0 -> -1
2023-02-14 08:19:50,430 [pool-748-thread-1] INFO  server.RaftServer$Division (RaftServerImpl.java:start(334)) - 6d2a8adb-ebe8-462b-9c77-c5b139cd2711@group-EA1C34CF6271: start as a follower, conf=-1: peers:[6d2a8adb-ebe8-462b-9c77-c5b139cd2711|rpc:10.1.0.19:37105|dataStream:10.1.0.19:39333|priority:1|startupRole:FOLLOWER]|listeners:[], old=null
2023-02-14 08:19:50,430 [pool-748-thread-1] INFO  server.RaftServer$Division (RaftServerImpl.java:setRole(321)) - 6d2a8adb-ebe8-462b-9c77-c5b139cd2711@group-EA1C34CF6271: changes role from      null to FOLLOWER at term 0 for startAsFollower
2023-02-14 08:19:50,430 [pool-748-thread-1] INFO  impl.RoleInfo (RoleInfo.java:updateAndGet(139)) - 6d2a8adb-ebe8-462b-9c77-c5b139cd2711: start 6d2a8adb-ebe8-462b-9c77-c5b139cd2711@group-EA1C34CF6271-FollowerState
2023-02-14 08:19:50,434 [pool-748-thread-1] INFO  util.JmxRegister (JmxRegister.java:tryRegister(44)) - Successfully registered JMX Bean with object name Ratis:service=RaftServer,group=group-EA1C34CF6271,id=6d2a8adb-ebe8-462b-9c77-c5b139cd2711
2023-02-14 08:19:50,434 [pool-748-thread-1] INFO  server.RaftServerConfigKeys (ConfUtils.java:logGet(46)) - raft.server.snapshot.auto.trigger.enabled = true (custom)
2023-02-14 08:19:50,434 [pool-748-thread-1] INFO  server.RaftServerConfigKeys (ConfUtils.java:logGet(46)) - raft.server.snapshot.auto.trigger.threshold = 10000 (custom)
2023-02-14 08:19:50,434 [pool-748-thread-1] INFO  server.RaftServerConfigKeys (ConfUtils.java:logGet(46)) - raft.server.snapshot.retention.file.num = 5 (custom)
2023-02-14 08:19:50,434 [pool-748-thread-1] INFO  server.RaftServerConfigKeys (ConfUtils.java:logGet(46)) - raft.server.log.purge.upto.snapshot.index = false (default)
2023-02-14 08:19:50,434 [6d2a8adb-ebe8-462b-9c77-c5b139cd2711@group-EA1C34CF6271-FollowerState] INFO  server.RaftServerConfigKeys (ConfUtils.java:logFallback(53)) - raft.server.rpc.first-election.timeout.min = 5s (fallback to raft.server.rpc.timeout.min)
2023-02-14 08:19:50,434 [6d2a8adb-ebe8-462b-9c77-c5b139cd2711@group-EA1C34CF6271-FollowerState] INFO  server.RaftServerConfigKeys (ConfUtils.java:logFallback(53)) - raft.server.rpc.first-election.timeout.max = 5200ms (fallback to raft.server.rpc.timeout.max)
2023-02-14 08:19:50,434 [Command processor thread] INFO  ratis.XceiverServerRatis (XceiverServerRatis.java:addGroup(807)) - Created group PipelineID=7f892fda-9354-4f6a-93c0-ea1c34cf6271
2023-02-14 08:19:50,434 [Command processor thread] INFO  commandhandler.CreatePipelineCommandHandler (CreatePipelineCommandHandler.java:handle(113)) - Created Pipeline RATIS ONE PipelineID=7f892fda-9354-4f6a-93c0-ea1c34cf6271.
2023-02-14 08:19:50,709 [Command processor thread] INFO  server.RaftServer (RaftServerProxy.java:addNew(96)) - 5eaff5f0-27f1-4250-be20-7eaa1ed6359c: addNew group-2D47AFB051BD:[5eaff5f0-27f1-4250-be20-7eaa1ed6359c|rpc:10.1.0.19:34055|dataStream:10.1.0.19:45063|priority:1|startupRole:FOLLOWER] returns group-2D47AFB051BD:java.util.concurrent.CompletableFuture@4ce33346[Not completed]
2023-02-14 08:19:50,710 [Listener at 127.0.0.1/42497] INFO  ozone.MiniOzoneClusterImpl (MiniOzoneClusterImpl.java:lambda$waitForClusterToBeReady$0(218)) - Nodes are ready. Got 5 of 5 DN Heartbeats.
2023-02-14 08:19:50,710 [Listener at 127.0.0.1/42497] INFO  ozone.MiniOzoneClusterImpl (MiniOzoneClusterImpl.java:lambda$waitForClusterToBeReady$0(221)) - Waiting for cluster to exit safe mode
2023-02-14 08:19:50,710 [Listener at 127.0.0.1/42497] INFO  ozone.MiniOzoneClusterImpl (MiniOzoneClusterImpl.java:lambda$waitForClusterToBeReady$0(223)) - SCM became leader
2023-02-14 08:19:50,711 [pool-770-thread-1] INFO  server.RaftServer$Division (RaftServerImpl.java:<init>(195)) - 5eaff5f0-27f1-4250-be20-7eaa1ed6359c: new RaftServerImpl for group-2D47AFB051BD:[5eaff5f0-27f1-4250-be20-7eaa1ed6359c|rpc:10.1.0.19:34055|dataStream:10.1.0.19:45063|priority:1|startupRole:FOLLOWER] with ContainerStateMachine:uninitialized
2023-02-14 08:19:50,711 [pool-770-thread-1] INFO  server.RaftServerConfigKeys (ConfUtils.java:logGet(46)) - raft.server.rpc.timeout.min = 5s (custom)
2023-02-14 08:19:50,711 [pool-770-thread-1] INFO  server.RaftServerConfigKeys (ConfUtils.java:logGet(46)) - raft.server.rpc.timeout.max = 5200ms (custom)
2023-02-14 08:19:50,711 [pool-770-thread-1] INFO  server.RaftServerConfigKeys (ConfUtils.java:logGet(46)) - raft.server.rpc.sleep.time = 25ms (default)
2023-02-14 08:19:50,711 [pool-770-thread-1] INFO  server.RaftServerConfigKeys (ConfUtils.java:logGet(46)) - raft.server.rpc.slowness.timeout = 300s (custom)
2023-02-14 08:19:50,711 [pool-770-thread-1] INFO  server.RaftServerConfigKeys (ConfUtils.java:logGet(46)) - raft.server.leaderelection.leader.step-down.wait-time = 10s (default)
2023-02-14 08:19:50,711 [pool-770-thread-1] INFO  server.RaftServerConfigKeys (ConfUtils.java:logGet(46)) - raft.server.sleep.deviation.threshold = 300ms (default)
2023-02-14 08:19:50,711 [pool-770-thread-1] INFO  server.RaftServer$Division (ServerState.java:<init>(118)) - 5eaff5f0-27f1-4250-be20-7eaa1ed6359c@group-2D47AFB051BD: ConfigurationManager, init=-1: peers:[5eaff5f0-27f1-4250-be20-7eaa1ed6359c|rpc:10.1.0.19:34055|dataStream:10.1.0.19:45063|priority:1|startupRole:FOLLOWER]|listeners:[], old=null, confs=<EMPTY_MAP>
2023-02-14 08:19:50,711 [pool-770-thread-1] INFO  server.RaftServerConfigKeys (ConfUtils.java:logGet(46)) - raft.server.storage.dir = [/home/runner/work/ozone/ozone/hadoop-ozone/integration-test/target/test-dir/MiniOzoneClusterImpl-9d03416f-dff1-44af-a51b-f90497d61693/datanode-4/data/ratis] (custom)
2023-02-14 08:19:50,711 [pool-770-thread-1] INFO  server.RaftServerConfigKeys (ConfUtils.java:logGet(46)) - raft.server.log.corruption.policy = EXCEPTION (default)
2023-02-14 08:19:50,711 [pool-770-thread-1] INFO  server.RaftServerConfigKeys (ConfUtils.java:logGet(46)) - raft.server.storage.free-space.min = 0MB (=0) (default)
2023-02-14 08:19:50,711 [pool-770-thread-1] INFO  server.RaftServerConfigKeys (ConfUtils.java:logGet(46)) - raft.server.notification.no-leader.timeout = 300s (custom)
2023-02-14 08:19:50,711 [pool-770-thread-1] INFO  server.RaftServerConfigKeys (ConfUtils.java:logGet(46)) - raft.server.retrycache.expirytime = 600000ms (custom)
2023-02-14 08:19:50,711 [pool-770-thread-1] INFO  server.RaftServerConfigKeys (ConfUtils.java:logGet(46)) - raft.server.retrycache.statistics.expirytime = 100μs (default)
2023-02-14 08:19:50,712 [pool-770-thread-1] INFO  server.RaftServerConfigKeys (ConfUtils.java:logGet(46)) - raft.server.log.appender.install.snapshot.enabled = false (custom)
2023-02-14 08:19:50,712 [pool-770-thread-1] INFO  server.RaftServerConfigKeys (ConfUtils.java:logGet(46)) - raft.server.threadpool.server.cached = true (default)
2023-02-14 08:19:50,712 [pool-770-thread-1] INFO  server.RaftServerConfigKeys (ConfUtils.java:logGet(46)) - raft.server.threadpool.server.size = 0 (default)
2023-02-14 08:19:50,712 [pool-770-thread-1] INFO  server.RaftServerConfigKeys (ConfUtils.java:logGet(46)) - raft.server.threadpool.client.cached = true (default)
2023-02-14 08:19:50,712 [pool-770-thread-1] INFO  server.RaftServerConfigKeys (ConfUtils.java:logGet(46)) - raft.server.threadpool.client.size = 0 (default)
2023-02-14 08:19:50,712 [pool-770-thread-1] INFO  storage.RaftStorageDirectory (RaftStorageDirectoryImpl.java:analyzeStorage(137)) - The storage directory /home/runner/work/ozone/ozone/hadoop-ozone/integration-test/target/test-dir/MiniOzoneClusterImpl-9d03416f-dff1-44af-a51b-f90497d61693/datanode-4/data/ratis/fed2b87c-5c59-40f9-aa99-2d47afb051bd does not exist. Creating ...
2023-02-14 08:19:50,713 [pool-770-thread-1] INFO  storage.RaftStorageDirectory (RaftStorageDirectoryImpl.java:tryLock(231)) - Lock on /home/runner/work/ozone/ozone/hadoop-ozone/integration-test/target/test-dir/MiniOzoneClusterImpl-9d03416f-dff1-44af-a51b-f90497d61693/datanode-4/data/ratis/fed2b87c-5c59-40f9-aa99-2d47afb051bd/in_use.lock acquired by nodename 11911@fv-az476-382
2023-02-14 08:19:50,714 [pool-770-thread-1] INFO  storage.RaftStorage (RaftStorageImpl.java:format(96)) - Storage directory /home/runner/work/ozone/ozone/hadoop-ozone/integration-test/target/test-dir/MiniOzoneClusterImpl-9d03416f-dff1-44af-a51b-f90497d61693/datanode-4/data/ratis/fed2b87c-5c59-40f9-aa99-2d47afb051bd has been successfully formatted.
2023-02-14 08:19:50,717 [pool-770-thread-1] INFO  ratis.ContainerStateMachine (ContainerStateMachine.java:loadSnapshot(240)) - group-2D47AFB051BD: The snapshot info is null. Setting the last applied indexto:(t:0, i:~)
2023-02-14 08:19:50,717 [pool-770-thread-1] INFO  server.RaftServerConfigKeys (ConfUtils.java:logGet(46)) - raft.server.log.use.memory = false (default)
2023-02-14 08:19:50,717 [pool-770-thread-1] INFO  server.RaftServerConfigKeys (ConfUtils.java:logGet(46)) - raft.server.log.purge.gap = 1000000 (custom)
2023-02-14 08:19:50,717 [pool-770-thread-1] INFO  server.RaftServerConfigKeys (ConfUtils.java:logGet(46)) - raft.server.log.appender.buffer.byte-limit = 33554432 (custom)
2023-02-14 08:19:50,717 [pool-770-thread-1] INFO  server.RaftServerConfigKeys (ConfUtils.java:logGet(46)) - raft.server.log.statemachine.data.read.timeout = 1000ms (default)
2023-02-14 08:19:50,717 [pool-770-thread-1] INFO  server.RaftServerConfigKeys (ConfUtils.java:logGet(46)) - raft.server.log.purge.preservation.log.num = 0 (default)
2023-02-14 08:19:50,718 [pool-770-thread-1] INFO  server.RaftServerConfigKeys (ConfUtils.java:logGet(46)) - raft.server.log.segment.size.max = 1048576 (custom)
2023-02-14 08:19:50,718 [pool-770-thread-1] INFO  server.RaftServerConfigKeys (ConfUtils.java:logGet(46)) - raft.server.log.segment.cache.num.max = 2 (custom)
2023-02-14 08:19:50,718 [pool-770-thread-1] INFO  server.RaftServerConfigKeys (ConfUtils.java:logGet(46)) - raft.server.log.segment.cache.size.max = 200MB (=209715200) (default)
2023-02-14 08:19:50,718 [pool-770-thread-1] INFO  segmented.SegmentedRaftLogWorker (SegmentedRaftLogWorker.java:<init>(189)) - new 5eaff5f0-27f1-4250-be20-7eaa1ed6359c@group-2D47AFB051BD-SegmentedRaftLogWorker for RaftStorageImpl:Storage Directory /home/runner/work/ozone/ozone/hadoop-ozone/integration-test/target/test-dir/MiniOzoneClusterImpl-9d03416f-dff1-44af-a51b-f90497d61693/datanode-4/data/ratis/fed2b87c-5c59-40f9-aa99-2d47afb051bd
2023-02-14 08:19:50,718 [pool-770-thread-1] INFO  server.RaftServerConfigKeys (ConfUtils.java:logGet(46)) - raft.server.log.queue.byte-limit = 4294967296 (custom)
2023-02-14 08:19:50,718 [pool-770-thread-1] INFO  server.RaftServerConfigKeys (ConfUtils.java:logGet(46)) - raft.server.log.queue.element-limit = 1024 (custom)
2023-02-14 08:19:50,718 [pool-770-thread-1] INFO  server.RaftServerConfigKeys (ConfUtils.java:logGet(46)) - raft.server.log.segment.size.max = 1048576 (custom)
2023-02-14 08:19:50,718 [EventQueue-PipelineReportForPipelineReportHandler] INFO  pipeline.PipelineManagerImpl (PipelineManagerImpl.java:openPipeline(367)) - Pipeline Pipeline[ Id: fed2b87c-5c59-40f9-aa99-2d47afb051bd, Nodes: 5eaff5f0-27f1-4250-be20-7eaa1ed6359c(fv-az476-382.2mevl5kwmm3ezivwarakluutxb.phxx.internal.cloudapp.net/10.1.0.19), ReplicationConfig: RATIS/ONE, State:ALLOCATED, leaderId:5eaff5f0-27f1-4250-be20-7eaa1ed6359c, CreationTimestamp2023-02-14T08:19:47.710Z[Etc/UTC]] moved to OPEN state
2023-02-14 08:19:50,718 [pool-770-thread-1] INFO  server.RaftServerConfigKeys (ConfUtils.java:logGet(46)) - raft.server.log.preallocated.size = 16384 (custom)
2023-02-14 08:19:50,718 [pool-770-thread-1] INFO  server.RaftServerConfigKeys (ConfUtils.java:logGet(46)) - raft.server.log.force.sync.num = 128 (default)
2023-02-14 08:19:50,718 [pool-770-thread-1] INFO  server.RaftServerConfigKeys (ConfUtils.java:logGet(46)) - raft.server.log.statemachine.data.sync = true (default)
2023-02-14 08:19:50,718 [pool-770-thread-1] INFO  server.RaftServerConfigKeys (ConfUtils.java:logGet(46)) - raft.server.log.statemachine.data.sync.timeout = 10s (default)
2023-02-14 08:19:50,718 [pool-770-thread-1] INFO  server.RaftServerConfigKeys (ConfUtils.java:logGet(46)) - raft.server.log.statemachine.data.sync.timeout.retry = -1 (default)
2023-02-14 08:19:50,718 [EventQueue-OpenPipelineForHealthyPipelineSafeModeRule] INFO  safemode.SCMSafeModeManager (HealthyPipelineSafeModeRule.java:process(137)) - SCM in safe mode. Healthy pipelines reported count is 0, required healthy pipeline reported count is 1
2023-02-14 08:19:50,718 [pool-770-thread-1] INFO  server.RaftServerConfigKeys (ConfUtils.java:logGet(46)) - raft.server.log.write.buffer.size = 1048576 (custom)
2023-02-14 08:19:50,719 [pool-770-thread-1] INFO  server.RaftServerConfigKeys (ConfUtils.java:logGet(46)) - raft.server.log.appender.buffer.byte-limit = 33554432 (custom)
2023-02-14 08:19:50,721 [pool-770-thread-1] INFO  server.RaftServerConfigKeys (ConfUtils.java:logGet(46)) - raft.server.log.unsafe-flush.enabled = false (default)
2023-02-14 08:19:50,721 [pool-770-thread-1] INFO  server.RaftServerConfigKeys (ConfUtils.java:logGet(46)) - raft.server.log.async-flush.enabled = false (default)
2023-02-14 08:19:50,721 [pool-770-thread-1] INFO  server.RaftServerConfigKeys (ConfUtils.java:logGet(46)) - raft.server.log.statemachine.data.caching.enabled = true (custom)
2023-02-14 08:19:50,722 [pool-770-thread-1] INFO  segmented.SegmentedRaftLogWorker (SegmentedRaftLogWorker.java:lambda$new$0(135)) - 5eaff5f0-27f1-4250-be20-7eaa1ed6359c@group-2D47AFB051BD-SegmentedRaftLogWorker: flushIndex: setUnconditionally 0 -> -1
2023-02-14 08:19:50,722 [pool-770-thread-1] INFO  segmented.SegmentedRaftLogWorker (SegmentedRaftLogWorker.java:lambda$new$0(135)) - 5eaff5f0-27f1-4250-be20-7eaa1ed6359c@group-2D47AFB051BD-SegmentedRaftLogWorker: safeCacheEvictIndex: setUnconditionally 0 -> -1
2023-02-14 08:19:50,722 [pool-770-thread-1] INFO  server.RaftServer$Division (RaftServerImpl.java:start(334)) - 5eaff5f0-27f1-4250-be20-7eaa1ed6359c@group-2D47AFB051BD: start as a follower, conf=-1: peers:[5eaff5f0-27f1-4250-be20-7eaa1ed6359c|rpc:10.1.0.19:34055|dataStream:10.1.0.19:45063|priority:1|startupRole:FOLLOWER]|listeners:[], old=null
2023-02-14 08:19:50,722 [pool-770-thread-1] INFO  server.RaftServer$Division (RaftServerImpl.java:setRole(321)) - 5eaff5f0-27f1-4250-be20-7eaa1ed6359c@group-2D47AFB051BD: changes role from      null to FOLLOWER at term 0 for startAsFollower
2023-02-14 08:19:50,722 [pool-770-thread-1] INFO  impl.RoleInfo (RoleInfo.java:updateAndGet(139)) - 5eaff5f0-27f1-4250-be20-7eaa1ed6359c: start 5eaff5f0-27f1-4250-be20-7eaa1ed6359c@group-2D47AFB051BD-FollowerState
2023-02-14 08:19:50,722 [pool-770-thread-1] INFO  util.JmxRegister (JmxRegister.java:tryRegister(44)) - Successfully registered JMX Bean with object name Ratis:service=RaftServer,group=group-2D47AFB051BD,id=5eaff5f0-27f1-4250-be20-7eaa1ed6359c
2023-02-14 08:19:50,722 [5eaff5f0-27f1-4250-be20-7eaa1ed6359c@group-2D47AFB051BD-FollowerState] INFO  server.RaftServerConfigKeys (ConfUtils.java:logFallback(53)) - raft.server.rpc.first-election.timeout.min = 5s (fallback to raft.server.rpc.timeout.min)
2023-02-14 08:19:50,722 [pool-770-thread-1] INFO  server.RaftServerConfigKeys (ConfUtils.java:logGet(46)) - raft.server.snapshot.auto.trigger.enabled = true (custom)
2023-02-14 08:19:50,722 [5eaff5f0-27f1-4250-be20-7eaa1ed6359c@group-2D47AFB051BD-FollowerState] INFO  server.RaftServerConfigKeys (ConfUtils.java:logFallback(53)) - raft.server.rpc.first-election.timeout.max = 5200ms (fallback to raft.server.rpc.timeout.max)
2023-02-14 08:19:50,722 [pool-770-thread-1] INFO  server.RaftServerConfigKeys (ConfUtils.java:logGet(46)) - raft.server.snapshot.auto.trigger.threshold = 10000 (custom)
2023-02-14 08:19:50,722 [pool-770-thread-1] INFO  server.RaftServerConfigKeys (ConfUtils.java:logGet(46)) - raft.server.snapshot.retention.file.num = 5 (custom)
2023-02-14 08:19:50,722 [pool-770-thread-1] INFO  server.RaftServerConfigKeys (ConfUtils.java:logGet(46)) - raft.server.log.purge.upto.snapshot.index = false (default)
2023-02-14 08:19:50,723 [Command processor thread] INFO  ratis.XceiverServerRatis (XceiverServerRatis.java:addGroup(807)) - Created group PipelineID=fed2b87c-5c59-40f9-aa99-2d47afb051bd
2023-02-14 08:19:50,723 [Command processor thread] INFO  commandhandler.CreatePipelineCommandHandler (CreatePipelineCommandHandler.java:handle(113)) - Created Pipeline RATIS ONE PipelineID=fed2b87c-5c59-40f9-aa99-2d47afb051bd.
2023-02-14 08:19:51,710 [Listener at 127.0.0.1/42497] INFO  ozone.MiniOzoneClusterImpl (MiniOzoneClusterImpl.java:lambda$waitForClusterToBeReady$0(218)) - Nodes are ready. Got 5 of 5 DN Heartbeats.
2023-02-14 08:19:51,711 [Listener at 127.0.0.1/42497] INFO  ozone.MiniOzoneClusterImpl (MiniOzoneClusterImpl.java:lambda$waitForClusterToBeReady$0(221)) - Waiting for cluster to exit safe mode
2023-02-14 08:19:51,711 [Listener at 127.0.0.1/42497] INFO  ozone.MiniOzoneClusterImpl (MiniOzoneClusterImpl.java:lambda$waitForClusterToBeReady$0(223)) - SCM became leader
2023-02-14 08:19:52,711 [Listener at 127.0.0.1/42497] INFO  ozone.MiniOzoneClusterImpl (MiniOzoneClusterImpl.java:lambda$waitForClusterToBeReady$0(218)) - Nodes are ready. Got 5 of 5 DN Heartbeats.
2023-02-14 08:19:52,711 [Listener at 127.0.0.1/42497] INFO  ozone.MiniOzoneClusterImpl (MiniOzoneClusterImpl.java:lambda$waitForClusterToBeReady$0(221)) - Waiting for cluster to exit safe mode
2023-02-14 08:19:52,711 [Listener at 127.0.0.1/42497] INFO  ozone.MiniOzoneClusterImpl (MiniOzoneClusterImpl.java:lambda$waitForClusterToBeReady$0(223)) - SCM became leader
2023-02-14 08:19:53,711 [Listener at 127.0.0.1/42497] INFO  ozone.MiniOzoneClusterImpl (MiniOzoneClusterImpl.java:lambda$waitForClusterToBeReady$0(218)) - Nodes are ready. Got 5 of 5 DN Heartbeats.
2023-02-14 08:19:53,712 [Listener at 127.0.0.1/42497] INFO  ozone.MiniOzoneClusterImpl (MiniOzoneClusterImpl.java:lambda$waitForClusterToBeReady$0(221)) - Waiting for cluster to exit safe mode
2023-02-14 08:19:53,712 [Listener at 127.0.0.1/42497] INFO  ozone.MiniOzoneClusterImpl (MiniOzoneClusterImpl.java:lambda$waitForClusterToBeReady$0(223)) - SCM became leader
2023-02-14 08:19:54,506 [41c129e8-6aab-4c9d-a285-58cf14387518@group-172A624B11CB-FollowerState] INFO  impl.FollowerState (FollowerState.java:run(143)) - 41c129e8-6aab-4c9d-a285-58cf14387518@group-172A624B11CB-FollowerState: change to CANDIDATE, lastRpcElapsedTime:5059108395ns, electionTimeout:5058ms
2023-02-14 08:19:54,506 [41c129e8-6aab-4c9d-a285-58cf14387518@group-172A624B11CB-FollowerState] INFO  impl.RoleInfo (RoleInfo.java:shutdownFollowerState(110)) - 41c129e8-6aab-4c9d-a285-58cf14387518: shutdown 41c129e8-6aab-4c9d-a285-58cf14387518@group-172A624B11CB-FollowerState
2023-02-14 08:19:54,506 [41c129e8-6aab-4c9d-a285-58cf14387518@group-172A624B11CB-FollowerState] INFO  server.RaftServer$Division (RaftServerImpl.java:setRole(321)) - 41c129e8-6aab-4c9d-a285-58cf14387518@group-172A624B11CB: changes role from  FOLLOWER to CANDIDATE at term 0 for changeToCandidate
2023-02-14 08:19:54,506 [41c129e8-6aab-4c9d-a285-58cf14387518@group-172A624B11CB-FollowerState] INFO  server.RaftServerConfigKeys (ConfUtils.java:logGet(46)) - raft.server.leaderelection.pre-vote = false (custom)
2023-02-14 08:19:54,506 [41c129e8-6aab-4c9d-a285-58cf14387518@group-172A624B11CB-FollowerState] INFO  impl.RoleInfo (RoleInfo.java:updateAndGet(139)) - 41c129e8-6aab-4c9d-a285-58cf14387518: start 41c129e8-6aab-4c9d-a285-58cf14387518@group-172A624B11CB-LeaderElection34
2023-02-14 08:19:54,509 [41c129e8-6aab-4c9d-a285-58cf14387518@group-172A624B11CB-LeaderElection34] INFO  impl.LeaderElection (LeaderElection.java:askForVotes(312)) - 41c129e8-6aab-4c9d-a285-58cf14387518@group-172A624B11CB-LeaderElection34 ELECTION round 0: submit vote requests at term 1 for -1: peers:[41c129e8-6aab-4c9d-a285-58cf14387518|rpc:10.1.0.19:42087|dataStream:10.1.0.19:37525|priority:1|startupRole:FOLLOWER]|listeners:[], old=null
2023-02-14 08:19:54,509 [41c129e8-6aab-4c9d-a285-58cf14387518@group-172A624B11CB-LeaderElection34] INFO  impl.LeaderElection (LeaderElection.java:askForVotes(314)) - 41c129e8-6aab-4c9d-a285-58cf14387518@group-172A624B11CB-LeaderElection34 ELECTION round 0: result PASSED (term=1)
2023-02-14 08:19:54,509 [41c129e8-6aab-4c9d-a285-58cf14387518@group-172A624B11CB-LeaderElection34] INFO  impl.RoleInfo (RoleInfo.java:shutdownLeaderElection(130)) - 41c129e8-6aab-4c9d-a285-58cf14387518: shutdown 41c129e8-6aab-4c9d-a285-58cf14387518@group-172A624B11CB-LeaderElection34
2023-02-14 08:19:54,509 [41c129e8-6aab-4c9d-a285-58cf14387518@group-172A624B11CB-LeaderElection34] INFO  server.RaftServer$Division (RaftServerImpl.java:setRole(321)) - 41c129e8-6aab-4c9d-a285-58cf14387518@group-172A624B11CB: changes role from CANDIDATE to LEADER at term 1 for changeToLeader
2023-02-14 08:19:54,509 [41c129e8-6aab-4c9d-a285-58cf14387518@group-172A624B11CB-LeaderElection34] INFO  ratis.XceiverServerRatis (XceiverServerRatis.java:handleLeaderChangedNotification(905)) - Leader change notification received for group: group-172A624B11CB with new leaderId: 41c129e8-6aab-4c9d-a285-58cf14387518
2023-02-14 08:19:54,509 [41c129e8-6aab-4c9d-a285-58cf14387518@group-172A624B11CB-LeaderElection34] INFO  server.RaftServer$Division (ServerState.java:setLeader(313)) - 41c129e8-6aab-4c9d-a285-58cf14387518@group-172A624B11CB: change Leader from null to 41c129e8-6aab-4c9d-a285-58cf14387518 at term 1 for becomeLeader, leader elected after 5073ms
2023-02-14 08:19:54,509 [41c129e8-6aab-4c9d-a285-58cf14387518@group-172A624B11CB-LeaderElection34] INFO  server.RaftServerConfigKeys (ConfUtils.java:logGet(46)) - raft.server.staging.catchup.gap = 1000 (default)
2023-02-14 08:19:54,509 [41c129e8-6aab-4c9d-a285-58cf14387518@group-172A624B11CB-LeaderElection34] INFO  server.RaftServerConfigKeys (ConfUtils.java:logGet(46)) - raft.server.write.element-limit = 1024 (custom)
2023-02-14 08:19:54,509 [41c129e8-6aab-4c9d-a285-58cf14387518@group-172A624B11CB-LeaderElection34] INFO  server.RaftServerConfigKeys (ConfUtils.java:logGet(46)) - raft.server.write.byte-limit = 1024 M (=1073741824) (custom)
2023-02-14 08:19:54,510 [EventQueue-OpenPipelineForHealthyPipelineSafeModeRule] INFO  safemode.SCMSafeModeManager (HealthyPipelineSafeModeRule.java:process(137)) - SCM in safe mode. Healthy pipelines reported count is 0, required healthy pipeline reported count is 1
2023-02-14 08:19:54,510 [41c129e8-6aab-4c9d-a285-58cf14387518@group-172A624B11CB-LeaderElection34] INFO  server.RaftServerConfigKeys (ConfUtils.java:logGet(46)) - raft.server.watch.timeout = 180s (custom)
2023-02-14 08:19:54,510 [41c129e8-6aab-4c9d-a285-58cf14387518@group-172A624B11CB-LeaderElection34] INFO  server.RaftServerConfigKeys (ConfUtils.java:logGet(46)) - raft.server.watch.timeout.denomination = 1s (default)
2023-02-14 08:19:54,510 [41c129e8-6aab-4c9d-a285-58cf14387518@group-172A624B11CB-LeaderElection34] INFO  server.RaftServerConfigKeys (ConfUtils.java:logGet(46)) - raft.server.watch.element-limit = 65536 (default)
2023-02-14 08:19:54,510 [41c129e8-6aab-4c9d-a285-58cf14387518@group-172A624B11CB-LeaderElection34] INFO  server.RaftServerConfigKeys (ConfUtils.java:logGet(46)) - raft.server.write.element-limit = 1024 (custom)
2023-02-14 08:19:54,510 [41c129e8-6aab-4c9d-a285-58cf14387518@group-172A624B11CB-LeaderElection34] INFO  server.RaftServerConfigKeys (ConfUtils.java:logGet(46)) - raft.server.write.follower.gap.ratio.max = -1.0 (default)
2023-02-14 08:19:54,510 [41c129e8-6aab-4c9d-a285-58cf14387518@group-172A624B11CB-LeaderElection34] INFO  impl.RoleInfo (RoleInfo.java:updateAndGet(139)) - 41c129e8-6aab-4c9d-a285-58cf14387518: start 41c129e8-6aab-4c9d-a285-58cf14387518@group-172A624B11CB-LeaderStateImpl
2023-02-14 08:19:54,510 [41c129e8-6aab-4c9d-a285-58cf14387518@group-172A624B11CB-LeaderElection34] INFO  segmented.SegmentedRaftLogWorker (SegmentedRaftLogWorker.java:startLogSegment(452)) - 41c129e8-6aab-4c9d-a285-58cf14387518@group-172A624B11CB-SegmentedRaftLogWorker: Starting segment from index:0
2023-02-14 08:19:54,519 [41c129e8-6aab-4c9d-a285-58cf14387518@group-172A624B11CB-LeaderElection34] INFO  server.RaftServer$Division (ServerState.java:setRaftConf(430)) - 41c129e8-6aab-4c9d-a285-58cf14387518@group-172A624B11CB: set configuration 0: peers:[41c129e8-6aab-4c9d-a285-58cf14387518|rpc:10.1.0.19:42087|dataStream:10.1.0.19:37525|priority:1|startupRole:FOLLOWER]|listeners:[], old=null
2023-02-14 08:19:54,519 [41c129e8-6aab-4c9d-a285-58cf14387518@group-172A624B11CB-SegmentedRaftLogWorker] INFO  segmented.SegmentedRaftLogWorker (SegmentedRaftLogWorker.java:execute(656)) - 41c129e8-6aab-4c9d-a285-58cf14387518@group-172A624B11CB-SegmentedRaftLogWorker: created new log segment /home/runner/work/ozone/ozone/hadoop-ozone/integration-test/target/test-dir/MiniOzoneClusterImpl-9d03416f-dff1-44af-a51b-f90497d61693/datanode-0/data/ratis/2a659a2c-78ee-4fca-aa63-172a624b11cb/current/log_inprogress_0
2023-02-14 08:19:54,541 [41c129e8-6aab-4c9d-a285-58cf14387518@group-21376C6DCD80-FollowerState] INFO  impl.FollowerState (FollowerState.java:run(143)) - 41c129e8-6aab-4c9d-a285-58cf14387518@group-21376C6DCD80-FollowerState: change to CANDIDATE, lastRpcElapsedTime:5014440240ns, electionTimeout:5014ms
2023-02-14 08:19:54,541 [41c129e8-6aab-4c9d-a285-58cf14387518@group-21376C6DCD80-FollowerState] INFO  impl.RoleInfo (RoleInfo.java:shutdownFollowerState(110)) - 41c129e8-6aab-4c9d-a285-58cf14387518: shutdown 41c129e8-6aab-4c9d-a285-58cf14387518@group-21376C6DCD80-FollowerState
2023-02-14 08:19:54,541 [41c129e8-6aab-4c9d-a285-58cf14387518@group-21376C6DCD80-FollowerState] INFO  server.RaftServer$Division (RaftServerImpl.java:setRole(321)) - 41c129e8-6aab-4c9d-a285-58cf14387518@group-21376C6DCD80: changes role from  FOLLOWER to CANDIDATE at term 0 for changeToCandidate
2023-02-14 08:19:54,542 [41c129e8-6aab-4c9d-a285-58cf14387518@group-21376C6DCD80-FollowerState] INFO  server.RaftServerConfigKeys (ConfUtils.java:logGet(46)) - raft.server.leaderelection.pre-vote = false (custom)
2023-02-14 08:19:54,542 [41c129e8-6aab-4c9d-a285-58cf14387518@group-21376C6DCD80-FollowerState] INFO  impl.RoleInfo (RoleInfo.java:updateAndGet(139)) - 41c129e8-6aab-4c9d-a285-58cf14387518: start 41c129e8-6aab-4c9d-a285-58cf14387518@group-21376C6DCD80-LeaderElection35
2023-02-14 08:19:54,544 [41c129e8-6aab-4c9d-a285-58cf14387518@group-21376C6DCD80-LeaderElection35] INFO  impl.LeaderElection (LeaderElection.java:askForVotes(312)) - 41c129e8-6aab-4c9d-a285-58cf14387518@group-21376C6DCD80-LeaderElection35 ELECTION round 0: submit vote requests at term 1 for -1: peers:[34ef5736-8ccc-4354-bdfe-e8e28e0b14c7|rpc:10.1.0.19:40043|dataStream:10.1.0.19:42561|priority:0|startupRole:FOLLOWER, 6359aaa4-8509-4a3b-a3c1-a8ea6163a916|rpc:10.1.0.19:41443|dataStream:10.1.0.19:42567|priority:1|startupRole:FOLLOWER, 41c129e8-6aab-4c9d-a285-58cf14387518|rpc:10.1.0.19:42087|dataStream:10.1.0.19:37525|priority:0|startupRole:FOLLOWER]|listeners:[], old=null
2023-02-14 08:19:54,544 [41c129e8-6aab-4c9d-a285-58cf14387518@group-21376C6DCD80-LeaderElection35] INFO  server.RaftServerConfigKeys (ConfUtils.java:logFallback(53)) - raft.server.rpc.first-election.timeout.min = 5s (fallback to raft.server.rpc.timeout.min)
2023-02-14 08:19:54,544 [41c129e8-6aab-4c9d-a285-58cf14387518@group-21376C6DCD80-LeaderElection35-1] INFO  server.GrpcServerProtocolClient (GrpcServerProtocolClient.java:<init>(63)) - Build channel for 34ef5736-8ccc-4354-bdfe-e8e28e0b14c7
2023-02-14 08:19:54,544 [41c129e8-6aab-4c9d-a285-58cf14387518@group-21376C6DCD80-LeaderElection35] INFO  server.RaftServerConfigKeys (ConfUtils.java:logFallback(53)) - raft.server.rpc.first-election.timeout.max = 5200ms (fallback to raft.server.rpc.timeout.max)
2023-02-14 08:19:54,546 [41c129e8-6aab-4c9d-a285-58cf14387518@group-21376C6DCD80-LeaderElection35-2] INFO  server.GrpcServerProtocolClient (GrpcServerProtocolClient.java:<init>(63)) - Build channel for 6359aaa4-8509-4a3b-a3c1-a8ea6163a916
2023-02-14 08:19:54,552 [grpc-default-executor-0] INFO  server.RaftServer$Division (RaftServerImpl.java:requestVote(1218)) - 34ef5736-8ccc-4354-bdfe-e8e28e0b14c7@group-21376C6DCD80: receive requestVote(ELECTION, 41c129e8-6aab-4c9d-a285-58cf14387518, group-21376C6DCD80, 1, (t:0, i:0))
2023-02-14 08:19:54,552 [grpc-default-executor-0] INFO  impl.VoteContext (VoteContext.java:log(49)) - 34ef5736-8ccc-4354-bdfe-e8e28e0b14c7@group-21376C6DCD80-FOLLOWER: accept ELECTION from 41c129e8-6aab-4c9d-a285-58cf14387518: our priority 0 <= candidate's priority 0
2023-02-14 08:19:54,552 [grpc-default-executor-0] INFO  server.RaftServer$Division (RaftServerImpl.java:setRole(321)) - 34ef5736-8ccc-4354-bdfe-e8e28e0b14c7@group-21376C6DCD80: changes role from  FOLLOWER to FOLLOWER at term 1 for candidate:41c129e8-6aab-4c9d-a285-58cf14387518
2023-02-14 08:19:54,552 [grpc-default-executor-0] INFO  impl.RoleInfo (RoleInfo.java:shutdownFollowerState(110)) - 34ef5736-8ccc-4354-bdfe-e8e28e0b14c7: shutdown 34ef5736-8ccc-4354-bdfe-e8e28e0b14c7@group-21376C6DCD80-FollowerState
2023-02-14 08:19:54,552 [grpc-default-executor-0] INFO  impl.RoleInfo (RoleInfo.java:updateAndGet(139)) - 34ef5736-8ccc-4354-bdfe-e8e28e0b14c7: start 34ef5736-8ccc-4354-bdfe-e8e28e0b14c7@group-21376C6DCD80-FollowerState
2023-02-14 08:19:54,552 [34ef5736-8ccc-4354-bdfe-e8e28e0b14c7@group-21376C6DCD80-FollowerState] INFO  impl.FollowerState (FollowerState.java:run(152)) - 34ef5736-8ccc-4354-bdfe-e8e28e0b14c7@group-21376C6DCD80-FollowerState was interrupted
2023-02-14 08:19:54,555 [grpc-default-executor-1] INFO  server.RaftServer$Division (RaftServerImpl.java:requestVote(1218)) - 6359aaa4-8509-4a3b-a3c1-a8ea6163a916@group-21376C6DCD80: receive requestVote(ELECTION, 41c129e8-6aab-4c9d-a285-58cf14387518, group-21376C6DCD80, 1, (t:0, i:0))
2023-02-14 08:19:54,555 [grpc-default-executor-1] INFO  impl.VoteContext (VoteContext.java:log(49)) - 6359aaa4-8509-4a3b-a3c1-a8ea6163a916@group-21376C6DCD80-FOLLOWER: reject ELECTION from 41c129e8-6aab-4c9d-a285-58cf14387518: our priority 1 > candidate's priority 0
2023-02-14 08:19:54,555 [grpc-default-executor-1] INFO  server.RaftServer$Division (RaftServerImpl.java:setRole(321)) - 6359aaa4-8509-4a3b-a3c1-a8ea6163a916@group-21376C6DCD80: changes role from  FOLLOWER to FOLLOWER at term 1 for candidate:41c129e8-6aab-4c9d-a285-58cf14387518
2023-02-14 08:19:54,555 [grpc-default-executor-1] INFO  impl.RoleInfo (RoleInfo.java:shutdownFollowerState(110)) - 6359aaa4-8509-4a3b-a3c1-a8ea6163a916: shutdown 6359aaa4-8509-4a3b-a3c1-a8ea6163a916@group-21376C6DCD80-FollowerState
2023-02-14 08:19:54,556 [6359aaa4-8509-4a3b-a3c1-a8ea6163a916@group-21376C6DCD80-FollowerState] INFO  impl.FollowerState (FollowerState.java:run(152)) - 6359aaa4-8509-4a3b-a3c1-a8ea6163a916@group-21376C6DCD80-FollowerState was interrupted
2023-02-14 08:19:54,556 [grpc-default-executor-1] INFO  impl.RoleInfo (RoleInfo.java:updateAndGet(139)) - 6359aaa4-8509-4a3b-a3c1-a8ea6163a916: start 6359aaa4-8509-4a3b-a3c1-a8ea6163a916@group-21376C6DCD80-FollowerState
2023-02-14 08:19:54,556 [grpc-default-executor-0] INFO  server.RaftServer$Division (RaftServerImpl.java:requestVote(1251)) - 34ef5736-8ccc-4354-bdfe-e8e28e0b14c7@group-21376C6DCD80 replies to ELECTION vote request: 41c129e8-6aab-4c9d-a285-58cf14387518<-34ef5736-8ccc-4354-bdfe-e8e28e0b14c7#0:OK-t1. Peer's state: 34ef5736-8ccc-4354-bdfe-e8e28e0b14c7@group-21376C6DCD80:t1, leader=null, voted=41c129e8-6aab-4c9d-a285-58cf14387518, raftlog=Memoized:34ef5736-8ccc-4354-bdfe-e8e28e0b14c7@group-21376C6DCD80-SegmentedRaftLog:OPENED:c-1, conf=-1: peers:[34ef5736-8ccc-4354-bdfe-e8e28e0b14c7|rpc:10.1.0.19:40043|dataStream:10.1.0.19:42561|priority:0|startupRole:FOLLOWER, 6359aaa4-8509-4a3b-a3c1-a8ea6163a916|rpc:10.1.0.19:41443|dataStream:10.1.0.19:42567|priority:1|startupRole:FOLLOWER, 41c129e8-6aab-4c9d-a285-58cf14387518|rpc:10.1.0.19:42087|dataStream:10.1.0.19:37525|priority:0|startupRole:FOLLOWER]|listeners:[], old=null
2023-02-14 08:19:54,557 [34ef5736-8ccc-4354-bdfe-e8e28e0b14c7@group-21376C6DCD80-FollowerState] INFO  server.RaftServerConfigKeys (ConfUtils.java:logFallback(53)) - raft.server.rpc.first-election.timeout.min = 5s (fallback to raft.server.rpc.timeout.min)
2023-02-14 08:19:54,557 [34ef5736-8ccc-4354-bdfe-e8e28e0b14c7@group-21376C6DCD80-FollowerState] INFO  server.RaftServerConfigKeys (ConfUtils.java:logFallback(53)) - raft.server.rpc.first-election.timeout.max = 5200ms (fallback to raft.server.rpc.timeout.max)
2023-02-14 08:19:54,558 [grpc-default-executor-1] INFO  server.RaftServer$Division (RaftServerImpl.java:requestVote(1251)) - 6359aaa4-8509-4a3b-a3c1-a8ea6163a916@group-21376C6DCD80 replies to ELECTION vote request: 41c129e8-6aab-4c9d-a285-58cf14387518<-6359aaa4-8509-4a3b-a3c1-a8ea6163a916#0:FAIL-t1. Peer's state: 6359aaa4-8509-4a3b-a3c1-a8ea6163a916@group-21376C6DCD80:t1, leader=null, voted=null, raftlog=Memoized:6359aaa4-8509-4a3b-a3c1-a8ea6163a916@group-21376C6DCD80-SegmentedRaftLog:OPENED:c-1, conf=-1: peers:[34ef5736-8ccc-4354-bdfe-e8e28e0b14c7|rpc:10.1.0.19:40043|dataStream:10.1.0.19:42561|priority:0|startupRole:FOLLOWER, 6359aaa4-8509-4a3b-a3c1-a8ea6163a916|rpc:10.1.0.19:41443|dataStream:10.1.0.19:42567|priority:1|startupRole:FOLLOWER, 41c129e8-6aab-4c9d-a285-58cf14387518|rpc:10.1.0.19:42087|dataStream:10.1.0.19:37525|priority:0|startupRole:FOLLOWER]|listeners:[], old=null
2023-02-14 08:19:54,559 [41c129e8-6aab-4c9d-a285-58cf14387518@group-21376C6DCD80-LeaderElection35] INFO  impl.LeaderElection (LeaderElection.java:logAndReturn(90)) - 41c129e8-6aab-4c9d-a285-58cf14387518@group-21376C6DCD80-LeaderElection35: ELECTION REJECTED received 2 response(s) and 0 exception(s):
2023-02-14 08:19:54,559 [41c129e8-6aab-4c9d-a285-58cf14387518@group-21376C6DCD80-LeaderElection35] INFO  impl.LeaderElection (LeaderElection.java:logAndReturn(94)) -   Response 0: 41c129e8-6aab-4c9d-a285-58cf14387518<-34ef5736-8ccc-4354-bdfe-e8e28e0b14c7#0:OK-t1
2023-02-14 08:19:54,559 [41c129e8-6aab-4c9d-a285-58cf14387518@group-21376C6DCD80-LeaderElection35] INFO  impl.LeaderElection (LeaderElection.java:logAndReturn(94)) -   Response 1: 41c129e8-6aab-4c9d-a285-58cf14387518<-6359aaa4-8509-4a3b-a3c1-a8ea6163a916#0:FAIL-t1
2023-02-14 08:19:54,560 [41c129e8-6aab-4c9d-a285-58cf14387518@group-21376C6DCD80-LeaderElection35] INFO  impl.LeaderElection (LeaderElection.java:askForVotes(314)) - 41c129e8-6aab-4c9d-a285-58cf14387518@group-21376C6DCD80-LeaderElection35 ELECTION round 0: result REJECTED
2023-02-14 08:19:54,560 [41c129e8-6aab-4c9d-a285-58cf14387518@group-21376C6DCD80-LeaderElection35] INFO  server.RaftServer$Division (RaftServerImpl.java:setRole(321)) - 41c129e8-6aab-4c9d-a285-58cf14387518@group-21376C6DCD80: changes role from CANDIDATE to FOLLOWER at term 1 for REJECTED
2023-02-14 08:19:54,560 [41c129e8-6aab-4c9d-a285-58cf14387518@group-21376C6DCD80-LeaderElection35] INFO  impl.RoleInfo (RoleInfo.java:shutdownLeaderElection(130)) - 41c129e8-6aab-4c9d-a285-58cf14387518: shutdown 41c129e8-6aab-4c9d-a285-58cf14387518@group-21376C6DCD80-LeaderElection35
2023-02-14 08:19:54,560 [41c129e8-6aab-4c9d-a285-58cf14387518@group-21376C6DCD80-LeaderElection35] INFO  impl.RoleInfo (RoleInfo.java:updateAndGet(139)) - 41c129e8-6aab-4c9d-a285-58cf14387518: start 41c129e8-6aab-4c9d-a285-58cf14387518@group-21376C6DCD80-FollowerState
2023-02-14 08:19:54,564 [6359aaa4-8509-4a3b-a3c1-a8ea6163a916@group-21376C6DCD80-FollowerState] INFO  server.RaftServerConfigKeys (ConfUtils.java:logFallback(53)) - raft.server.rpc.first-election.timeout.min = 5s (fallback to raft.server.rpc.timeout.min)
2023-02-14 08:19:54,565 [6359aaa4-8509-4a3b-a3c1-a8ea6163a916@group-21376C6DCD80-FollowerState] INFO  server.RaftServerConfigKeys (ConfUtils.java:logFallback(53)) - raft.server.rpc.first-election.timeout.max = 5200ms (fallback to raft.server.rpc.timeout.max)
2023-02-14 08:19:54,565 [41c129e8-6aab-4c9d-a285-58cf14387518@group-21376C6DCD80-FollowerState] INFO  server.RaftServerConfigKeys (ConfUtils.java:logFallback(53)) - raft.server.rpc.first-election.timeout.min = 5s (fallback to raft.server.rpc.timeout.min)
2023-02-14 08:19:54,565 [41c129e8-6aab-4c9d-a285-58cf14387518@group-21376C6DCD80-FollowerState] INFO  server.RaftServerConfigKeys (ConfUtils.java:logFallback(53)) - raft.server.rpc.first-election.timeout.max = 5200ms (fallback to raft.server.rpc.timeout.max)
2023-02-14 08:19:54,567 [34ef5736-8ccc-4354-bdfe-e8e28e0b14c7@group-8C1B48139ACB-FollowerState] INFO  impl.FollowerState (FollowerState.java:run(143)) - 34ef5736-8ccc-4354-bdfe-e8e28e0b14c7@group-8C1B48139ACB-FollowerState: change to CANDIDATE, lastRpcElapsedTime:5081504472ns, electionTimeout:5081ms
2023-02-14 08:19:54,567 [34ef5736-8ccc-4354-bdfe-e8e28e0b14c7@group-8C1B48139ACB-FollowerState] INFO  impl.RoleInfo (RoleInfo.java:shutdownFollowerState(110)) - 34ef5736-8ccc-4354-bdfe-e8e28e0b14c7: shutdown 34ef5736-8ccc-4354-bdfe-e8e28e0b14c7@group-8C1B48139ACB-FollowerState
2023-02-14 08:19:54,567 [34ef5736-8ccc-4354-bdfe-e8e28e0b14c7@group-8C1B48139ACB-FollowerState] INFO  server.RaftServer$Division (RaftServerImpl.java:setRole(321)) - 34ef5736-8ccc-4354-bdfe-e8e28e0b14c7@group-8C1B48139ACB: changes role from  FOLLOWER to CANDIDATE at term 0 for changeToCandidate
2023-02-14 08:19:54,567 [34ef5736-8ccc-4354-bdfe-e8e28e0b14c7@group-8C1B48139ACB-FollowerState] INFO  server.RaftServerConfigKeys (ConfUtils.java:logGet(46)) - raft.server.leaderelection.pre-vote = false (custom)
2023-02-14 08:19:54,567 [34ef5736-8ccc-4354-bdfe-e8e28e0b14c7@group-8C1B48139ACB-FollowerState] INFO  impl.RoleInfo (RoleInfo.java:updateAndGet(139)) - 34ef5736-8ccc-4354-bdfe-e8e28e0b14c7: start 34ef5736-8ccc-4354-bdfe-e8e28e0b14c7@group-8C1B48139ACB-LeaderElection36
2023-02-14 08:19:54,575 [34ef5736-8ccc-4354-bdfe-e8e28e0b14c7@group-8C1B48139ACB-LeaderElection36] INFO  impl.LeaderElection (LeaderElection.java:askForVotes(312)) - 34ef5736-8ccc-4354-bdfe-e8e28e0b14c7@group-8C1B48139ACB-LeaderElection36 ELECTION round 0: submit vote requests at term 1 for -1: peers:[34ef5736-8ccc-4354-bdfe-e8e28e0b14c7|rpc:10.1.0.19:40043|dataStream:10.1.0.19:42561|priority:1|startupRole:FOLLOWER, 6359aaa4-8509-4a3b-a3c1-a8ea6163a916|rpc:10.1.0.19:41443|dataStream:10.1.0.19:42567|priority:0|startupRole:FOLLOWER, 41c129e8-6aab-4c9d-a285-58cf14387518|rpc:10.1.0.19:42087|dataStream:10.1.0.19:37525|priority:0|startupRole:FOLLOWER]|listeners:[], old=null
2023-02-14 08:19:54,576 [34ef5736-8ccc-4354-bdfe-e8e28e0b14c7@group-8C1B48139ACB-LeaderElection36] INFO  server.RaftServerConfigKeys (ConfUtils.java:logFallback(53)) - raft.server.rpc.first-election.timeout.min = 5s (fallback to raft.server.rpc.timeout.min)
2023-02-14 08:19:54,576 [34ef5736-8ccc-4354-bdfe-e8e28e0b14c7@group-8C1B48139ACB-LeaderElection36-1] INFO  server.GrpcServerProtocolClient (GrpcServerProtocolClient.java:<init>(63)) - Build channel for 6359aaa4-8509-4a3b-a3c1-a8ea6163a916
2023-02-14 08:19:54,576 [34ef5736-8ccc-4354-bdfe-e8e28e0b14c7@group-8C1B48139ACB-LeaderElection36] INFO  server.RaftServerConfigKeys (ConfUtils.java:logFallback(53)) - raft.server.rpc.first-election.timeout.max = 5200ms (fallback to raft.server.rpc.timeout.max)
2023-02-14 08:19:54,576 [34ef5736-8ccc-4354-bdfe-e8e28e0b14c7@group-8C1B48139ACB-LeaderElection36-2] INFO  server.GrpcServerProtocolClient (GrpcServerProtocolClient.java:<init>(63)) - Build channel for 41c129e8-6aab-4c9d-a285-58cf14387518
2023-02-14 08:19:54,582 [grpc-default-executor-1] INFO  server.RaftServer$Division (RaftServerImpl.java:requestVote(1218)) - 6359aaa4-8509-4a3b-a3c1-a8ea6163a916@group-8C1B48139ACB: receive requestVote(ELECTION, 34ef5736-8ccc-4354-bdfe-e8e28e0b14c7, group-8C1B48139ACB, 1, (t:0, i:0))
2023-02-14 08:19:54,582 [grpc-default-executor-1] INFO  impl.VoteContext (VoteContext.java:log(49)) - 6359aaa4-8509-4a3b-a3c1-a8ea6163a916@group-8C1B48139ACB-FOLLOWER: accept ELECTION from 34ef5736-8ccc-4354-bdfe-e8e28e0b14c7: our priority 0 <= candidate's priority 1
2023-02-14 08:19:54,582 [grpc-default-executor-1] INFO  server.RaftServer$Division (RaftServerImpl.java:setRole(321)) - 6359aaa4-8509-4a3b-a3c1-a8ea6163a916@group-8C1B48139ACB: changes role from  FOLLOWER to FOLLOWER at term 1 for candidate:34ef5736-8ccc-4354-bdfe-e8e28e0b14c7
2023-02-14 08:19:54,582 [grpc-default-executor-1] INFO  impl.RoleInfo (RoleInfo.java:shutdownFollowerState(110)) - 6359aaa4-8509-4a3b-a3c1-a8ea6163a916: shutdown 6359aaa4-8509-4a3b-a3c1-a8ea6163a916@group-8C1B48139ACB-FollowerState
2023-02-14 08:19:54,583 [grpc-default-executor-1] INFO  impl.RoleInfo (RoleInfo.java:updateAndGet(139)) - 6359aaa4-8509-4a3b-a3c1-a8ea6163a916: start 6359aaa4-8509-4a3b-a3c1-a8ea6163a916@group-8C1B48139ACB-FollowerState
2023-02-14 08:19:54,583 [6359aaa4-8509-4a3b-a3c1-a8ea6163a916@group-8C1B48139ACB-FollowerState] INFO  impl.FollowerState (FollowerState.java:run(152)) - 6359aaa4-8509-4a3b-a3c1-a8ea6163a916@group-8C1B48139ACB-FollowerState was interrupted
2023-02-14 08:19:54,587 [6359aaa4-8509-4a3b-a3c1-a8ea6163a916@group-8C1B48139ACB-FollowerState] INFO  server.RaftServerConfigKeys (ConfUtils.java:logFallback(53)) - raft.server.rpc.first-election.timeout.min = 5s (fallback to raft.server.rpc.timeout.min)
2023-02-14 08:19:54,587 [grpc-default-executor-0] INFO  server.RaftServer$Division (RaftServerImpl.java:requestVote(1218)) - 41c129e8-6aab-4c9d-a285-58cf14387518@group-8C1B48139ACB: receive requestVote(ELECTION, 34ef5736-8ccc-4354-bdfe-e8e28e0b14c7, group-8C1B48139ACB, 1, (t:0, i:0))
2023-02-14 08:19:54,587 [grpc-default-executor-0] INFO  impl.VoteContext (VoteContext.java:log(49)) - 41c129e8-6aab-4c9d-a285-58cf14387518@group-8C1B48139ACB-FOLLOWER: accept ELECTION from 34ef5736-8ccc-4354-bdfe-e8e28e0b14c7: our priority 0 <= candidate's priority 1
2023-02-14 08:19:54,587 [grpc-default-executor-0] INFO  server.RaftServer$Division (RaftServerImpl.java:setRole(321)) - 41c129e8-6aab-4c9d-a285-58cf14387518@group-8C1B48139ACB: changes role from  FOLLOWER to FOLLOWER at term 1 for candidate:34ef5736-8ccc-4354-bdfe-e8e28e0b14c7
2023-02-14 08:19:54,587 [grpc-default-executor-0] INFO  impl.RoleInfo (RoleInfo.java:shutdownFollowerState(110)) - 41c129e8-6aab-4c9d-a285-58cf14387518: shutdown 41c129e8-6aab-4c9d-a285-58cf14387518@group-8C1B48139ACB-FollowerState
2023-02-14 08:19:54,587 [grpc-default-executor-0] INFO  impl.RoleInfo (RoleInfo.java:updateAndGet(139)) - 41c129e8-6aab-4c9d-a285-58cf14387518: start 41c129e8-6aab-4c9d-a285-58cf14387518@group-8C1B48139ACB-FollowerState
2023-02-14 08:19:54,587 [41c129e8-6aab-4c9d-a285-58cf14387518@group-8C1B48139ACB-FollowerState] INFO  impl.FollowerState (FollowerState.java:run(152)) - 41c129e8-6aab-4c9d-a285-58cf14387518@group-8C1B48139ACB-FollowerState was interrupted
2023-02-14 08:19:54,594 [6359aaa4-8509-4a3b-a3c1-a8ea6163a916@group-8C1B48139ACB-FollowerState] INFO  server.RaftServerConfigKeys (ConfUtils.java:logFallback(53)) - raft.server.rpc.first-election.timeout.max = 5200ms (fallback to raft.server.rpc.timeout.max)
2023-02-14 08:19:54,595 [41c129e8-6aab-4c9d-a285-58cf14387518@group-8C1B48139ACB-FollowerState] INFO  server.RaftServerConfigKeys (ConfUtils.java:logFallback(53)) - raft.server.rpc.first-election.timeout.min = 5s (fallback to raft.server.rpc.timeout.min)
2023-02-14 08:19:54,595 [41c129e8-6aab-4c9d-a285-58cf14387518@group-8C1B48139ACB-FollowerState] INFO  server.RaftServerConfigKeys (ConfUtils.java:logFallback(53)) - raft.server.rpc.first-election.timeout.max = 5200ms (fallback to raft.server.rpc.timeout.max)
2023-02-14 08:19:54,595 [grpc-default-executor-0] INFO  server.RaftServer$Division (RaftServerImpl.java:requestVote(1251)) - 41c129e8-6aab-4c9d-a285-58cf14387518@group-8C1B48139ACB replies to ELECTION vote request: 34ef5736-8ccc-4354-bdfe-e8e28e0b14c7<-41c129e8-6aab-4c9d-a285-58cf14387518#0:OK-t1. Peer's state: 41c129e8-6aab-4c9d-a285-58cf14387518@group-8C1B48139ACB:t1, leader=null, voted=34ef5736-8ccc-4354-bdfe-e8e28e0b14c7, raftlog=Memoized:41c129e8-6aab-4c9d-a285-58cf14387518@group-8C1B48139ACB-SegmentedRaftLog:OPENED:c-1, conf=-1: peers:[34ef5736-8ccc-4354-bdfe-e8e28e0b14c7|rpc:10.1.0.19:40043|dataStream:10.1.0.19:42561|priority:1|startupRole:FOLLOWER, 6359aaa4-8509-4a3b-a3c1-a8ea6163a916|rpc:10.1.0.19:41443|dataStream:10.1.0.19:42567|priority:0|startupRole:FOLLOWER, 41c129e8-6aab-4c9d-a285-58cf14387518|rpc:10.1.0.19:42087|dataStream:10.1.0.19:37525|priority:0|startupRole:FOLLOWER]|listeners:[], old=null
2023-02-14 08:19:54,596 [34ef5736-8ccc-4354-bdfe-e8e28e0b14c7@group-8C1B48139ACB-LeaderElection36] INFO  impl.LeaderElection (LeaderElection.java:logAndReturn(90)) - 34ef5736-8ccc-4354-bdfe-e8e28e0b14c7@group-8C1B48139ACB-LeaderElection36: ELECTION PASSED received 1 response(s) and 0 exception(s):
2023-02-14 08:19:54,596 [34ef5736-8ccc-4354-bdfe-e8e28e0b14c7@group-8C1B48139ACB-LeaderElection36] INFO  impl.LeaderElection (LeaderElection.java:logAndReturn(94)) -   Response 0: 34ef5736-8ccc-4354-bdfe-e8e28e0b14c7<-41c129e8-6aab-4c9d-a285-58cf14387518#0:OK-t1
2023-02-14 08:19:54,596 [34ef5736-8ccc-4354-bdfe-e8e28e0b14c7@group-8C1B48139ACB-LeaderElection36] INFO  impl.LeaderElection (LeaderElection.java:askForVotes(314)) - 34ef5736-8ccc-4354-bdfe-e8e28e0b14c7@group-8C1B48139ACB-LeaderElection36 ELECTION round 0: result PASSED
2023-02-14 08:19:54,596 [34ef5736-8ccc-4354-bdfe-e8e28e0b14c7@group-8C1B48139ACB-LeaderElection36] INFO  impl.RoleInfo (RoleInfo.java:shutdownLeaderElection(130)) - 34ef5736-8ccc-4354-bdfe-e8e28e0b14c7: shutdown 34ef5736-8ccc-4354-bdfe-e8e28e0b14c7@group-8C1B48139ACB-LeaderElection36
2023-02-14 08:19:54,596 [34ef5736-8ccc-4354-bdfe-e8e28e0b14c7@group-8C1B48139ACB-LeaderElection36] INFO  server.RaftServer$Division (RaftServerImpl.java:setRole(321)) - 34ef5736-8ccc-4354-bdfe-e8e28e0b14c7@group-8C1B48139ACB: changes role from CANDIDATE to LEADER at term 1 for changeToLeader
2023-02-14 08:19:54,596 [34ef5736-8ccc-4354-bdfe-e8e28e0b14c7@group-8C1B48139ACB-LeaderElection36] INFO  ratis.XceiverServerRatis (XceiverServerRatis.java:handleLeaderChangedNotification(905)) - Leader change notification received for group: group-8C1B48139ACB with new leaderId: 34ef5736-8ccc-4354-bdfe-e8e28e0b14c7
2023-02-14 08:19:54,596 [34ef5736-8ccc-4354-bdfe-e8e28e0b14c7@group-8C1B48139ACB-LeaderElection36] INFO  server.RaftServer$Division (ServerState.java:setLeader(313)) - 34ef5736-8ccc-4354-bdfe-e8e28e0b14c7@group-8C1B48139ACB: change Leader from null to 34ef5736-8ccc-4354-bdfe-e8e28e0b14c7 at term 1 for becomeLeader, leader elected after 5119ms
2023-02-14 08:19:54,596 [34ef5736-8ccc-4354-bdfe-e8e28e0b14c7@group-8C1B48139ACB-LeaderElection36] INFO  server.RaftServerConfigKeys (ConfUtils.java:logGet(46)) - raft.server.staging.catchup.gap = 1000 (default)
2023-02-14 08:19:54,596 [34ef5736-8ccc-4354-bdfe-e8e28e0b14c7@group-8C1B48139ACB-LeaderElection36] INFO  server.RaftServerConfigKeys (ConfUtils.java:logGet(46)) - raft.server.write.element-limit = 1024 (custom)
2023-02-14 08:19:54,596 [34ef5736-8ccc-4354-bdfe-e8e28e0b14c7@group-8C1B48139ACB-LeaderElection36] INFO  server.RaftServerConfigKeys (ConfUtils.java:logGet(46)) - raft.server.write.byte-limit = 1024 M (=1073741824) (custom)
2023-02-14 08:19:54,596 [34ef5736-8ccc-4354-bdfe-e8e28e0b14c7@group-8C1B48139ACB-LeaderElection36] INFO  server.RaftServerConfigKeys (ConfUtils.java:logGet(46)) - raft.server.watch.timeout = 180s (custom)
2023-02-14 08:19:54,596 [34ef5736-8ccc-4354-bdfe-e8e28e0b14c7@group-8C1B48139ACB-LeaderElection36] INFO  server.RaftServerConfigKeys (ConfUtils.java:logGet(46)) - raft.server.watch.timeout.denomination = 1s (default)
2023-02-14 08:19:54,596 [34ef5736-8ccc-4354-bdfe-e8e28e0b14c7@group-8C1B48139ACB-LeaderElection36] INFO  server.RaftServerConfigKeys (ConfUtils.java:logGet(46)) - raft.server.watch.element-limit = 65536 (default)
2023-02-14 08:19:54,596 [34ef5736-8ccc-4354-bdfe-e8e28e0b14c7@group-8C1B48139ACB-LeaderElection36] INFO  server.RaftServerConfigKeys (ConfUtils.java:logGet(46)) - raft.server.write.element-limit = 1024 (custom)
2023-02-14 08:19:54,596 [34ef5736-8ccc-4354-bdfe-e8e28e0b14c7@group-8C1B48139ACB-LeaderElection36] INFO  server.RaftServerConfigKeys (ConfUtils.java:logGet(46)) - raft.server.write.follower.gap.ratio.max = -1.0 (default)
2023-02-14 08:19:54,597 [34ef5736-8ccc-4354-bdfe-e8e28e0b14c7@group-8C1B48139ACB-LeaderElection36] INFO  server.RaftServerConfigKeys (ConfUtils.java:logGet(46)) - raft.server.log.appender.snapshot.chunk.size.max = 16MB (=16777216) (default)
2023-02-14 08:19:54,597 [34ef5736-8ccc-4354-bdfe-e8e28e0b14c7@group-8C1B48139ACB-LeaderElection36] INFO  server.RaftServerConfigKeys (ConfUtils.java:logGet(46)) - raft.server.log.appender.buffer.byte-limit = 33554432 (custom)
2023-02-14 08:19:54,597 [34ef5736-8ccc-4354-bdfe-e8e28e0b14c7@group-8C1B48139ACB-LeaderElection36] INFO  server.RaftServerConfigKeys (ConfUtils.java:logGet(46)) - raft.server.log.appender.buffer.element-limit = 1 (custom)
2023-02-14 08:19:54,597 [34ef5736-8ccc-4354-bdfe-e8e28e0b14c7@group-8C1B48139ACB-LeaderElection36] INFO  grpc.GrpcConfigKeys (ConfUtils.java:logGet(46)) - raft.grpc.server.leader.outstanding.appends.max = 128 (default)
2023-02-14 08:19:54,597 [34ef5736-8ccc-4354-bdfe-e8e28e0b14c7@group-8C1B48139ACB-LeaderElection36] INFO  server.RaftServerConfigKeys (ConfUtils.java:logGet(46)) - raft.server.rpc.request.timeout = 60s (custom)
2023-02-14 08:19:54,597 [34ef5736-8ccc-4354-bdfe-e8e28e0b14c7@group-8C1B48139ACB-LeaderElection36] INFO  server.RaftServerConfigKeys (ConfUtils.java:logGet(46)) - raft.server.log.appender.install.snapshot.enabled = false (custom)
2023-02-14 08:19:54,597 [34ef5736-8ccc-4354-bdfe-e8e28e0b14c7@group-8C1B48139ACB-LeaderElection36] INFO  grpc.GrpcConfigKeys (ConfUtils.java:logGet(46)) - raft.grpc.server.heartbeat.channel = true (default)
2023-02-14 08:19:54,597 [34ef5736-8ccc-4354-bdfe-e8e28e0b14c7@group-8C1B48139ACB-LeaderElection36] INFO  server.RaftServerConfigKeys (ConfUtils.java:logGet(46)) - raft.server.log.appender.wait-time.min = 10ms (default)
2023-02-14 08:19:54,597 [34ef5736-8ccc-4354-bdfe-e8e28e0b14c7@group-8C1B48139ACB-LeaderElection36] INFO  server.RaftServerConfigKeys (ConfUtils.java:logGet(46)) - raft.server.log.appender.snapshot.chunk.size.max = 16MB (=16777216) (default)
2023-02-14 08:19:54,597 [34ef5736-8ccc-4354-bdfe-e8e28e0b14c7@group-8C1B48139ACB-LeaderElection36] INFO  server.RaftServerConfigKeys (ConfUtils.java:logGet(46)) - raft.server.log.appender.buffer.byte-limit = 33554432 (custom)
2023-02-14 08:19:54,597 [34ef5736-8ccc-4354-bdfe-e8e28e0b14c7@group-8C1B48139ACB-LeaderElection36] INFO  server.RaftServerConfigKeys (ConfUtils.java:logGet(46)) - raft.server.log.appender.buffer.element-limit = 1 (custom)
2023-02-14 08:19:54,597 [34ef5736-8ccc-4354-bdfe-e8e28e0b14c7@group-8C1B48139ACB-LeaderElection36] INFO  grpc.GrpcConfigKeys (ConfUtils.java:logGet(46)) - raft.grpc.server.leader.outstanding.appends.max = 128 (default)
2023-02-14 08:19:54,597 [34ef5736-8ccc-4354-bdfe-e8e28e0b14c7@group-8C1B48139ACB-LeaderElection36] INFO  server.RaftServerConfigKeys (ConfUtils.java:logGet(46)) - raft.server.rpc.request.timeout = 60s (custom)
2023-02-14 08:19:54,597 [34ef5736-8ccc-4354-bdfe-e8e28e0b14c7@group-8C1B48139ACB-LeaderElection36] INFO  server.RaftServerConfigKeys (ConfUtils.java:logGet(46)) - raft.server.log.appender.install.snapshot.enabled = false (custom)
2023-02-14 08:19:54,598 [34ef5736-8ccc-4354-bdfe-e8e28e0b14c7@group-8C1B48139ACB-LeaderElection36] INFO  grpc.GrpcConfigKeys (ConfUtils.java:logGet(46)) - raft.grpc.server.heartbeat.channel = true (default)
2023-02-14 08:19:54,598 [34ef5736-8ccc-4354-bdfe-e8e28e0b14c7@group-8C1B48139ACB-LeaderElection36] INFO  server.RaftServerConfigKeys (ConfUtils.java:logGet(46)) - raft.server.log.appender.wait-time.min = 10ms (default)
2023-02-14 08:19:54,598 [34ef5736-8ccc-4354-bdfe-e8e28e0b14c7@group-8C1B48139ACB-LeaderElection36] INFO  impl.RoleInfo (RoleInfo.java:updateAndGet(139)) - 34ef5736-8ccc-4354-bdfe-e8e28e0b14c7: start 34ef5736-8ccc-4354-bdfe-e8e28e0b14c7@group-8C1B48139ACB-LeaderStateImpl
2023-02-14 08:19:54,598 [34ef5736-8ccc-4354-bdfe-e8e28e0b14c7@group-8C1B48139ACB-LeaderElection36] INFO  segmented.SegmentedRaftLogWorker (SegmentedRaftLogWorker.java:startLogSegment(452)) - 34ef5736-8ccc-4354-bdfe-e8e28e0b14c7@group-8C1B48139ACB-SegmentedRaftLogWorker: Starting segment from index:0
2023-02-14 08:19:54,599 [EventQueue-PipelineReportForPipelineReportHandler] INFO  pipeline.PipelineManagerImpl (PipelineManagerImpl.java:openPipeline(367)) - Pipeline Pipeline[ Id: b0a93e48-f278-473a-af03-8c1b48139acb, Nodes: 34ef5736-8ccc-4354-bdfe-e8e28e0b14c7(fv-az476-382.2mevl5kwmm3ezivwarakluutxb.phxx.internal.cloudapp.net/10.1.0.19)41c129e8-6aab-4c9d-a285-58cf14387518(fv-az476-382.2mevl5kwmm3ezivwarakluutxb.phxx.internal.cloudapp.net/10.1.0.19)6359aaa4-8509-4a3b-a3c1-a8ea6163a916(fv-az476-382.2mevl5kwmm3ezivwarakluutxb.phxx.internal.cloudapp.net/10.1.0.19), ReplicationConfig: RATIS/THREE, State:ALLOCATED, leaderId:34ef5736-8ccc-4354-bdfe-e8e28e0b14c7, CreationTimestamp2023-02-14T08:19:47.076Z[Etc/UTC]] moved to OPEN state
2023-02-14 08:19:54,599 [grpc-default-executor-1] INFO  server.RaftServer$Division (RaftServerImpl.java:requestVote(1251)) - 6359aaa4-8509-4a3b-a3c1-a8ea6163a916@group-8C1B48139ACB replies to ELECTION vote request: 34ef5736-8ccc-4354-bdfe-e8e28e0b14c7<-6359aaa4-8509-4a3b-a3c1-a8ea6163a916#0:OK-t1. Peer's state: 6359aaa4-8509-4a3b-a3c1-a8ea6163a916@group-8C1B48139ACB:t1, leader=null, voted=34ef5736-8ccc-4354-bdfe-e8e28e0b14c7, raftlog=Memoized:6359aaa4-8509-4a3b-a3c1-a8ea6163a916@group-8C1B48139ACB-SegmentedRaftLog:OPENED:c-1, conf=-1: peers:[34ef5736-8ccc-4354-bdfe-e8e28e0b14c7|rpc:10.1.0.19:40043|dataStream:10.1.0.19:42561|priority:1|startupRole:FOLLOWER, 6359aaa4-8509-4a3b-a3c1-a8ea6163a916|rpc:10.1.0.19:41443|dataStream:10.1.0.19:42567|priority:0|startupRole:FOLLOWER, 41c129e8-6aab-4c9d-a285-58cf14387518|rpc:10.1.0.19:42087|dataStream:10.1.0.19:37525|priority:0|startupRole:FOLLOWER]|listeners:[], old=null
2023-02-14 08:19:54,599 [EventQueue-OpenPipelineForHealthyPipelineSafeModeRule] INFO  safemode.SCMSafeModeManager (HealthyPipelineSafeModeRule.java:process(137)) - SCM in safe mode. Healthy pipelines reported count is 1, required healthy pipeline reported count is 1
2023-02-14 08:19:54,599 [EventQueue-OpenPipelineForHealthyPipelineSafeModeRule] INFO  safemode.SCMSafeModeManager (SCMSafeModeManager.java:validateSafeModeExitRules(200)) - HealthyPipelineSafeModeRule rule is successfully validated
2023-02-14 08:19:54,599 [EventQueue-OpenPipelineForHealthyPipelineSafeModeRule] INFO  safemode.SCMSafeModeManager (SCMSafeModeManager.java:validateSafeModeExitRules(215)) - ScmSafeModeManager, all rules are successfully validated
2023-02-14 08:19:54,599 [EventQueue-OpenPipelineForHealthyPipelineSafeModeRule] INFO  safemode.SCMSafeModeManager (SCMSafeModeManager.java:exitSafeMode(244)) - SCM exiting safe mode.
2023-02-14 08:19:54,599 [EventQueue-OpenPipelineForHealthyPipelineSafeModeRule] INFO  ha.SCMContext (SCMContext.java:updateSafeModeStatus(228)) - Update SafeModeStatus from SafeModeStatus{safeModeStatus=true, preCheckPassed=true} to SafeModeStatus{safeModeStatus=false, preCheckPassed=true}.
2023-02-14 08:19:54,599 [EventQueue-OpenPipelineForHealthyPipelineSafeModeRule] INFO  pipeline.BackgroundPipelineCreator (BackgroundPipelineCreator.java:notifyStatusChanged(254)) - Service BackgroundPipelineCreator transitions to RUNNING.
2023-02-14 08:19:54,599 [EventQueue-OpenPipelineForHealthyPipelineSafeModeRule] INFO  BackgroundPipelineScrubber (BackgroundSCMService.java:notifyStatusChanged(82)) - Service BackgroundPipelineScrubber transitions to RUNNING.
2023-02-14 08:19:54,599 [EventQueue-OpenPipelineForHealthyPipelineSafeModeRule] INFO  ExpiredContainerReplicaOpScrubber (BackgroundSCMService.java:notifyStatusChanged(82)) - Service ExpiredContainerReplicaOpScrubber transitions to RUNNING.
2023-02-14 08:19:54,599 [EventQueue-OpenPipelineForHealthyPipelineSafeModeRule] INFO  replication.ReplicationManager (ReplicationManager.java:notifyStatusChanged(1001)) - Service ReplicationManager transitions to RUNNING.
2023-02-14 08:19:54,599 [EventQueue-OpenPipelineForHealthyPipelineSafeModeRule] WARN  balancer.ContainerBalancer (ContainerBalancer.java:shouldRun(131)) - Could not find persisted configuration for ContainerBalancer when checking if ContainerBalancer should run. ContainerBalancer should not run now.
2023-02-14 08:19:54,600 [34ef5736-8ccc-4354-bdfe-e8e28e0b14c7@group-8C1B48139ACB-SegmentedRaftLogWorker] INFO  segmented.SegmentedRaftLogWorker (SegmentedRaftLogWorker.java:execute(656)) - 34ef5736-8ccc-4354-bdfe-e8e28e0b14c7@group-8C1B48139ACB-SegmentedRaftLogWorker: created new log segment /home/runner/work/ozone/ozone/hadoop-ozone/integration-test/target/test-dir/MiniOzoneClusterImpl-9d03416f-dff1-44af-a51b-f90497d61693/datanode-2/data/ratis/b0a93e48-f278-473a-af03-8c1b48139acb/current/log_inprogress_0
2023-02-14 08:19:54,611 [34ef5736-8ccc-4354-bdfe-e8e28e0b14c7@group-8C1B48139ACB-LeaderElection36] INFO  server.RaftServer$Division (ServerState.java:setRaftConf(430)) - 34ef5736-8ccc-4354-bdfe-e8e28e0b14c7@group-8C1B48139ACB: set configuration 0: peers:[34ef5736-8ccc-4354-bdfe-e8e28e0b14c7|rpc:10.1.0.19:40043|dataStream:10.1.0.19:42561|priority:1|startupRole:FOLLOWER, 6359aaa4-8509-4a3b-a3c1-a8ea6163a916|rpc:10.1.0.19:41443|dataStream:10.1.0.19:42567|priority:0|startupRole:FOLLOWER, 41c129e8-6aab-4c9d-a285-58cf14387518|rpc:10.1.0.19:42087|dataStream:10.1.0.19:37525|priority:0|startupRole:FOLLOWER]|listeners:[], old=null
2023-02-14 08:19:54,623 [6359aaa4-8509-4a3b-a3c1-a8ea6163a916-server-thread1] INFO  ratis.XceiverServerRatis (XceiverServerRatis.java:handleLeaderChangedNotification(905)) - Leader change notification received for group: group-8C1B48139ACB with new leaderId: 34ef5736-8ccc-4354-bdfe-e8e28e0b14c7
2023-02-14 08:19:54,623 [6359aaa4-8509-4a3b-a3c1-a8ea6163a916-server-thread1] INFO  server.RaftServer$Division (ServerState.java:setLeader(313)) - 6359aaa4-8509-4a3b-a3c1-a8ea6163a916@group-8C1B48139ACB: change Leader from null to 34ef5736-8ccc-4354-bdfe-e8e28e0b14c7 at term 1 for appendEntries, leader elected after 5124ms
2023-02-14 08:19:54,627 [41c129e8-6aab-4c9d-a285-58cf14387518-server-thread1] INFO  ratis.XceiverServerRatis (XceiverServerRatis.java:handleLeaderChangedNotification(905)) - Leader change notification received for group: group-8C1B48139ACB with new leaderId: 34ef5736-8ccc-4354-bdfe-e8e28e0b14c7
2023-02-14 08:19:54,627 [41c129e8-6aab-4c9d-a285-58cf14387518-server-thread1] INFO  server.RaftServer$Division (ServerState.java:setLeader(313)) - 41c129e8-6aab-4c9d-a285-58cf14387518@group-8C1B48139ACB: change Leader from null to 34ef5736-8ccc-4354-bdfe-e8e28e0b14c7 at term 1 for appendEntries, leader elected after 5175ms
2023-02-14 08:19:54,628 [41c129e8-6aab-4c9d-a285-58cf14387518-server-thread1] INFO  server.RaftServer$Division (ServerState.java:setRaftConf(430)) - 41c129e8-6aab-4c9d-a285-58cf14387518@group-8C1B48139ACB: set configuration 0: peers:[34ef5736-8ccc-4354-bdfe-e8e28e0b14c7|rpc:10.1.0.19:40043|dataStream:10.1.0.19:42561|priority:1|startupRole:FOLLOWER, 6359aaa4-8509-4a3b-a3c1-a8ea6163a916|rpc:10.1.0.19:41443|dataStream:10.1.0.19:42567|priority:0|startupRole:FOLLOWER, 41c129e8-6aab-4c9d-a285-58cf14387518|rpc:10.1.0.19:42087|dataStream:10.1.0.19:37525|priority:0|startupRole:FOLLOWER]|listeners:[], old=null
2023-02-14 08:19:54,628 [6359aaa4-8509-4a3b-a3c1-a8ea6163a916-server-thread2] INFO  server.RaftServer$Division (ServerState.java:setRaftConf(430)) - 6359aaa4-8509-4a3b-a3c1-a8ea6163a916@group-8C1B48139ACB: set configuration 0: peers:[34ef5736-8ccc-4354-bdfe-e8e28e0b14c7|rpc:10.1.0.19:40043|dataStream:10.1.0.19:42561|priority:1|startupRole:FOLLOWER, 6359aaa4-8509-4a3b-a3c1-a8ea6163a916|rpc:10.1.0.19:41443|dataStream:10.1.0.19:42567|priority:0|startupRole:FOLLOWER, 41c129e8-6aab-4c9d-a285-58cf14387518|rpc:10.1.0.19:42087|dataStream:10.1.0.19:37525|priority:0|startupRole:FOLLOWER]|listeners:[], old=null
2023-02-14 08:19:54,628 [41c129e8-6aab-4c9d-a285-58cf14387518-server-thread1] INFO  segmented.SegmentedRaftLogWorker (SegmentedRaftLogWorker.java:startLogSegment(452)) - 41c129e8-6aab-4c9d-a285-58cf14387518@group-8C1B48139ACB-SegmentedRaftLogWorker: Starting segment from index:0
2023-02-14 08:19:54,628 [6359aaa4-8509-4a3b-a3c1-a8ea6163a916-server-thread2] INFO  segmented.SegmentedRaftLogWorker (SegmentedRaftLogWorker.java:startLogSegment(452)) - 6359aaa4-8509-4a3b-a3c1-a8ea6163a916@group-8C1B48139ACB-SegmentedRaftLogWorker: Starting segment from index:0
2023-02-14 08:19:54,629 [41c129e8-6aab-4c9d-a285-58cf14387518@group-8C1B48139ACB-SegmentedRaftLogWorker] INFO  segmented.SegmentedRaftLogWorker (SegmentedRaftLogWorker.java:execute(656)) - 41c129e8-6aab-4c9d-a285-58cf14387518@group-8C1B48139ACB-SegmentedRaftLogWorker: created new log segment /home/runner/work/ozone/ozone/hadoop-ozone/integration-test/target/test-dir/MiniOzoneClusterImpl-9d03416f-dff1-44af-a51b-f90497d61693/datanode-0/data/ratis/b0a93e48-f278-473a-af03-8c1b48139acb/current/log_inprogress_0
2023-02-14 08:19:54,629 [6359aaa4-8509-4a3b-a3c1-a8ea6163a916@group-8C1B48139ACB-SegmentedRaftLogWorker] INFO  segmented.SegmentedRaftLogWorker (SegmentedRaftLogWorker.java:execute(656)) - 6359aaa4-8509-4a3b-a3c1-a8ea6163a916@group-8C1B48139ACB-SegmentedRaftLogWorker: created new log segment /home/runner/work/ozone/ozone/hadoop-ozone/integration-test/target/test-dir/MiniOzoneClusterImpl-9d03416f-dff1-44af-a51b-f90497d61693/datanode-1/data/ratis/b0a93e48-f278-473a-af03-8c1b48139acb/current/log_inprogress_0
2023-02-14 08:19:54,712 [Listener at 127.0.0.1/42497] INFO  ozone.MiniOzoneClusterImpl (MiniOzoneClusterImpl.java:lambda$waitForClusterToBeReady$0(218)) - Nodes are ready. Got 5 of 5 DN Heartbeats.
2023-02-14 08:19:54,712 [Listener at 127.0.0.1/42497] INFO  ozone.MiniOzoneClusterImpl (MiniOzoneClusterImpl.java:lambda$waitForClusterToBeReady$0(221)) - Cluster exits safe mode
2023-02-14 08:19:54,712 [Listener at 127.0.0.1/42497] INFO  ozone.MiniOzoneClusterImpl (MiniOzoneClusterImpl.java:lambda$waitForClusterToBeReady$0(223)) - SCM became leader
2023-02-14 08:19:54,733 [Listener at 127.0.0.1/42497] INFO  rpc.RpcClient (RpcClient.java:createVolume(476)) - Creating Volume: volume12456, with user67899 as owner and space quota set to -1 bytes, counts quota set to -1
2023-02-14 08:19:54,734 [IPC Server handler 7 on default port 42497] INFO  volume.OMVolumeCreateRequest (OMVolumeCreateRequest.java:validateAndUpdateCache(195)) - created volume:volume12456 for user:user67899
2023-02-14 08:19:54,741 [Listener at 127.0.0.1/42497] INFO  rpc.RpcClient (RpcClient.java:createBucket(699)) - Creating Bucket: volume12456/bucket20487, with bucket layout LEGACY, runner as owner, Versioning false, Storage Type set to DISK and Encryption set to false, Replication Type set to server-side default replication type, Namespace Quota set to -1, Space Quota set to -1 
2023-02-14 08:19:54,742 [IPC Server handler 4 on default port 42497] INFO  bucket.OMBucketCreateRequest (OMBucketCreateRequest.java:validateAndUpdateCache(263)) - created bucket: bucket20487 of layout LEGACY in volume: volume12456
]]></system-out>
  </testcase>
  <testcase name="testSeekOnFileLength" classname="TestOzoneFileSystem" time="0.777">
    <system-out><![CDATA[2023-02-14 08:17:24,859 [IPC Server handler 18 on default port 32841] INFO  ha.SequenceIdGenerator (SequenceIdGenerator.java:getNextId(128)) - Allocate a batch for containerId, change lastId from 0 to 1000.
2023-02-14 08:17:24,869 [IPC Server handler 18 on default port 32841] WARN  ha.SequenceIdGenerator (SequenceIdGenerator.java:allocateBatch(237)) - Failed to allocate a batch for localId, expected lastId is 0, actual lastId is 111677748019200000.
2023-02-14 08:17:24,869 [IPC Server handler 18 on default port 32841] INFO  ha.SequenceIdGenerator (SequenceIdGenerator.java:getNextId(128)) - Allocate a batch for localId, change lastId from 111677748019200000 to 111677748019201000.
2023-02-14 08:17:24,949 [Time-limited test] INFO  impl.MetricsSystemImpl (MetricsSystemImpl.java:init(158)) - XceiverClientMetrics metrics system started (again)
2023-02-14 08:17:25,022 [88d3c63d-3e2f-409f-802f-d9c0d2dac669@group-5AAE25B4E728-FollowerState] INFO  impl.FollowerState (FollowerState.java:run(143)) - 88d3c63d-3e2f-409f-802f-d9c0d2dac669@group-5AAE25B4E728-FollowerState: change to CANDIDATE, lastRpcElapsedTime:5013511589ns, electionTimeout:5012ms
2023-02-14 08:17:25,023 [88d3c63d-3e2f-409f-802f-d9c0d2dac669@group-5AAE25B4E728-FollowerState] INFO  impl.RoleInfo (RoleInfo.java:shutdownFollowerState(110)) - 88d3c63d-3e2f-409f-802f-d9c0d2dac669: shutdown 88d3c63d-3e2f-409f-802f-d9c0d2dac669@group-5AAE25B4E728-FollowerState
2023-02-14 08:17:25,023 [88d3c63d-3e2f-409f-802f-d9c0d2dac669@group-5AAE25B4E728-FollowerState] INFO  server.RaftServer$Division (RaftServerImpl.java:setRole(321)) - 88d3c63d-3e2f-409f-802f-d9c0d2dac669@group-5AAE25B4E728: changes role from  FOLLOWER to CANDIDATE at term 0 for changeToCandidate
2023-02-14 08:17:25,023 [88d3c63d-3e2f-409f-802f-d9c0d2dac669@group-5AAE25B4E728-FollowerState] INFO  server.RaftServerConfigKeys (ConfUtils.java:logGet(46)) - raft.server.leaderelection.pre-vote = false (custom)
2023-02-14 08:17:25,023 [88d3c63d-3e2f-409f-802f-d9c0d2dac669@group-5AAE25B4E728-FollowerState] INFO  impl.RoleInfo (RoleInfo.java:updateAndGet(139)) - 88d3c63d-3e2f-409f-802f-d9c0d2dac669: start 88d3c63d-3e2f-409f-802f-d9c0d2dac669@group-5AAE25B4E728-LeaderElection7
2023-02-14 08:17:25,032 [88d3c63d-3e2f-409f-802f-d9c0d2dac669@group-5AAE25B4E728-LeaderElection7] INFO  impl.LeaderElection (LeaderElection.java:askForVotes(312)) - 88d3c63d-3e2f-409f-802f-d9c0d2dac669@group-5AAE25B4E728-LeaderElection7 ELECTION round 0: submit vote requests at term 1 for -1: peers:[88d3c63d-3e2f-409f-802f-d9c0d2dac669|rpc:10.1.0.19:39647|dataStream:10.1.0.19:46651|priority:1|startupRole:FOLLOWER]|listeners:[], old=null
2023-02-14 08:17:25,032 [88d3c63d-3e2f-409f-802f-d9c0d2dac669@group-5AAE25B4E728-LeaderElection7] INFO  impl.LeaderElection (LeaderElection.java:askForVotes(314)) - 88d3c63d-3e2f-409f-802f-d9c0d2dac669@group-5AAE25B4E728-LeaderElection7 ELECTION round 0: result PASSED (term=1)
2023-02-14 08:17:25,033 [88d3c63d-3e2f-409f-802f-d9c0d2dac669@group-5AAE25B4E728-LeaderElection7] INFO  impl.RoleInfo (RoleInfo.java:shutdownLeaderElection(130)) - 88d3c63d-3e2f-409f-802f-d9c0d2dac669: shutdown 88d3c63d-3e2f-409f-802f-d9c0d2dac669@group-5AAE25B4E728-LeaderElection7
2023-02-14 08:17:25,033 [88d3c63d-3e2f-409f-802f-d9c0d2dac669@group-5AAE25B4E728-LeaderElection7] INFO  server.RaftServer$Division (RaftServerImpl.java:setRole(321)) - 88d3c63d-3e2f-409f-802f-d9c0d2dac669@group-5AAE25B4E728: changes role from CANDIDATE to LEADER at term 1 for changeToLeader
2023-02-14 08:17:25,033 [88d3c63d-3e2f-409f-802f-d9c0d2dac669@group-5AAE25B4E728-LeaderElection7] INFO  ratis.XceiverServerRatis (XceiverServerRatis.java:handleLeaderChangedNotification(905)) - Leader change notification received for group: group-5AAE25B4E728 with new leaderId: 88d3c63d-3e2f-409f-802f-d9c0d2dac669
2023-02-14 08:17:25,034 [88d3c63d-3e2f-409f-802f-d9c0d2dac669@group-5AAE25B4E728-LeaderElection7] INFO  server.RaftServer$Division (ServerState.java:setLeader(313)) - 88d3c63d-3e2f-409f-802f-d9c0d2dac669@group-5AAE25B4E728: change Leader from null to 88d3c63d-3e2f-409f-802f-d9c0d2dac669 at term 1 for becomeLeader, leader elected after 5268ms
2023-02-14 08:17:25,035 [88d3c63d-3e2f-409f-802f-d9c0d2dac669@group-5AAE25B4E728-LeaderElection7] INFO  server.RaftServerConfigKeys (ConfUtils.java:logGet(46)) - raft.server.staging.catchup.gap = 1000 (default)
2023-02-14 08:17:25,035 [88d3c63d-3e2f-409f-802f-d9c0d2dac669@group-5AAE25B4E728-LeaderElection7] INFO  server.RaftServerConfigKeys (ConfUtils.java:logGet(46)) - raft.server.write.element-limit = 1024 (custom)
2023-02-14 08:17:25,035 [88d3c63d-3e2f-409f-802f-d9c0d2dac669@group-5AAE25B4E728-LeaderElection7] INFO  server.RaftServerConfigKeys (ConfUtils.java:logGet(46)) - raft.server.write.byte-limit = 1024 M (=1073741824) (custom)
2023-02-14 08:17:25,035 [88d3c63d-3e2f-409f-802f-d9c0d2dac669@group-5AAE25B4E728-LeaderElection7] INFO  server.RaftServerConfigKeys (ConfUtils.java:logGet(46)) - raft.server.watch.timeout = 180s (custom)
2023-02-14 08:17:25,035 [88d3c63d-3e2f-409f-802f-d9c0d2dac669@group-5AAE25B4E728-LeaderElection7] INFO  server.RaftServerConfigKeys (ConfUtils.java:logGet(46)) - raft.server.watch.timeout.denomination = 1s (default)
2023-02-14 08:17:25,035 [88d3c63d-3e2f-409f-802f-d9c0d2dac669@group-5AAE25B4E728-LeaderElection7] INFO  server.RaftServerConfigKeys (ConfUtils.java:logGet(46)) - raft.server.watch.element-limit = 65536 (default)
2023-02-14 08:17:25,035 [88d3c63d-3e2f-409f-802f-d9c0d2dac669@group-5AAE25B4E728-LeaderElection7] INFO  server.RaftServerConfigKeys (ConfUtils.java:logGet(46)) - raft.server.write.element-limit = 1024 (custom)
2023-02-14 08:17:25,035 [88d3c63d-3e2f-409f-802f-d9c0d2dac669@group-5AAE25B4E728-LeaderElection7] INFO  server.RaftServerConfigKeys (ConfUtils.java:logGet(46)) - raft.server.write.follower.gap.ratio.max = -1.0 (default)
2023-02-14 08:17:25,035 [88d3c63d-3e2f-409f-802f-d9c0d2dac669@group-5AAE25B4E728-LeaderElection7] INFO  impl.RoleInfo (RoleInfo.java:updateAndGet(139)) - 88d3c63d-3e2f-409f-802f-d9c0d2dac669: start 88d3c63d-3e2f-409f-802f-d9c0d2dac669@group-5AAE25B4E728-LeaderStateImpl
2023-02-14 08:17:25,036 [88d3c63d-3e2f-409f-802f-d9c0d2dac669@group-5AAE25B4E728-LeaderElection7] INFO  segmented.SegmentedRaftLogWorker (SegmentedRaftLogWorker.java:startLogSegment(452)) - 88d3c63d-3e2f-409f-802f-d9c0d2dac669@group-5AAE25B4E728-SegmentedRaftLogWorker: Starting segment from index:0
2023-02-14 08:17:25,036 [88d3c63d-3e2f-409f-802f-d9c0d2dac669@group-5AAE25B4E728-SegmentedRaftLogWorker] INFO  segmented.SegmentedRaftLogWorker (SegmentedRaftLogWorker.java:execute(656)) - 88d3c63d-3e2f-409f-802f-d9c0d2dac669@group-5AAE25B4E728-SegmentedRaftLogWorker: created new log segment /home/runner/work/ozone/ozone/hadoop-ozone/integration-test/target/test-dir/MiniOzoneClusterImpl-b6fac55f-b4cf-4cde-8675-802fd5a9473d/datanode-3/data/ratis/977e0f19-2caf-4054-97b0-5aae25b4e728/current/log_inprogress_0
2023-02-14 08:17:25,051 [88d3c63d-3e2f-409f-802f-d9c0d2dac669@group-5AAE25B4E728-LeaderElection7] INFO  server.RaftServer$Division (ServerState.java:setRaftConf(430)) - 88d3c63d-3e2f-409f-802f-d9c0d2dac669@group-5AAE25B4E728: set configuration 0: peers:[88d3c63d-3e2f-409f-802f-d9c0d2dac669|rpc:10.1.0.19:39647|dataStream:10.1.0.19:46651|priority:1|startupRole:FOLLOWER]|listeners:[], old=null
2023-02-14 08:17:25,233 [1b99b404-66b9-4d1b-b018-91bc4acf8ed2@group-5C3C7B0C83A9-FollowerState] INFO  impl.FollowerState (FollowerState.java:run(143)) - 1b99b404-66b9-4d1b-b018-91bc4acf8ed2@group-5C3C7B0C83A9-FollowerState: change to CANDIDATE, lastRpcElapsedTime:5118390675ns, electionTimeout:5112ms
2023-02-14 08:17:25,233 [1b99b404-66b9-4d1b-b018-91bc4acf8ed2@group-5C3C7B0C83A9-FollowerState] INFO  impl.RoleInfo (RoleInfo.java:shutdownFollowerState(110)) - 1b99b404-66b9-4d1b-b018-91bc4acf8ed2: shutdown 1b99b404-66b9-4d1b-b018-91bc4acf8ed2@group-5C3C7B0C83A9-FollowerState
2023-02-14 08:17:25,234 [1b99b404-66b9-4d1b-b018-91bc4acf8ed2@group-5C3C7B0C83A9-FollowerState] INFO  server.RaftServer$Division (RaftServerImpl.java:setRole(321)) - 1b99b404-66b9-4d1b-b018-91bc4acf8ed2@group-5C3C7B0C83A9: changes role from  FOLLOWER to CANDIDATE at term 0 for changeToCandidate
2023-02-14 08:17:25,234 [1b99b404-66b9-4d1b-b018-91bc4acf8ed2@group-5C3C7B0C83A9-FollowerState] INFO  server.RaftServerConfigKeys (ConfUtils.java:logGet(46)) - raft.server.leaderelection.pre-vote = false (custom)
2023-02-14 08:17:25,234 [1b99b404-66b9-4d1b-b018-91bc4acf8ed2@group-5C3C7B0C83A9-FollowerState] INFO  impl.RoleInfo (RoleInfo.java:updateAndGet(139)) - 1b99b404-66b9-4d1b-b018-91bc4acf8ed2: start 1b99b404-66b9-4d1b-b018-91bc4acf8ed2@group-5C3C7B0C83A9-LeaderElection8
2023-02-14 08:17:25,244 [1b99b404-66b9-4d1b-b018-91bc4acf8ed2@group-5C3C7B0C83A9-LeaderElection8] INFO  impl.LeaderElection (LeaderElection.java:askForVotes(312)) - 1b99b404-66b9-4d1b-b018-91bc4acf8ed2@group-5C3C7B0C83A9-LeaderElection8 ELECTION round 0: submit vote requests at term 1 for -1: peers:[1b99b404-66b9-4d1b-b018-91bc4acf8ed2|rpc:10.1.0.19:35395|dataStream:10.1.0.19:35453|priority:1|startupRole:FOLLOWER]|listeners:[], old=null
2023-02-14 08:17:25,244 [1b99b404-66b9-4d1b-b018-91bc4acf8ed2@group-5C3C7B0C83A9-LeaderElection8] INFO  impl.LeaderElection (LeaderElection.java:askForVotes(314)) - 1b99b404-66b9-4d1b-b018-91bc4acf8ed2@group-5C3C7B0C83A9-LeaderElection8 ELECTION round 0: result PASSED (term=1)
2023-02-14 08:17:25,244 [1b99b404-66b9-4d1b-b018-91bc4acf8ed2@group-5C3C7B0C83A9-LeaderElection8] INFO  impl.RoleInfo (RoleInfo.java:shutdownLeaderElection(130)) - 1b99b404-66b9-4d1b-b018-91bc4acf8ed2: shutdown 1b99b404-66b9-4d1b-b018-91bc4acf8ed2@group-5C3C7B0C83A9-LeaderElection8
2023-02-14 08:17:25,244 [1b99b404-66b9-4d1b-b018-91bc4acf8ed2@group-5C3C7B0C83A9-LeaderElection8] INFO  server.RaftServer$Division (RaftServerImpl.java:setRole(321)) - 1b99b404-66b9-4d1b-b018-91bc4acf8ed2@group-5C3C7B0C83A9: changes role from CANDIDATE to LEADER at term 1 for changeToLeader
2023-02-14 08:17:25,244 [1b99b404-66b9-4d1b-b018-91bc4acf8ed2@group-5C3C7B0C83A9-LeaderElection8] INFO  ratis.XceiverServerRatis (XceiverServerRatis.java:handleLeaderChangedNotification(905)) - Leader change notification received for group: group-5C3C7B0C83A9 with new leaderId: 1b99b404-66b9-4d1b-b018-91bc4acf8ed2
2023-02-14 08:17:25,244 [1b99b404-66b9-4d1b-b018-91bc4acf8ed2@group-5C3C7B0C83A9-LeaderElection8] INFO  server.RaftServer$Division (ServerState.java:setLeader(313)) - 1b99b404-66b9-4d1b-b018-91bc4acf8ed2@group-5C3C7B0C83A9: change Leader from null to 1b99b404-66b9-4d1b-b018-91bc4acf8ed2 at term 1 for becomeLeader, leader elected after 5144ms
2023-02-14 08:17:25,245 [1b99b404-66b9-4d1b-b018-91bc4acf8ed2@group-5C3C7B0C83A9-LeaderElection8] INFO  server.RaftServerConfigKeys (ConfUtils.java:logGet(46)) - raft.server.staging.catchup.gap = 1000 (default)
2023-02-14 08:17:25,245 [1b99b404-66b9-4d1b-b018-91bc4acf8ed2@group-5C3C7B0C83A9-LeaderElection8] INFO  server.RaftServerConfigKeys (ConfUtils.java:logGet(46)) - raft.server.write.element-limit = 1024 (custom)
2023-02-14 08:17:25,245 [1b99b404-66b9-4d1b-b018-91bc4acf8ed2@group-5C3C7B0C83A9-LeaderElection8] INFO  server.RaftServerConfigKeys (ConfUtils.java:logGet(46)) - raft.server.write.byte-limit = 1024 M (=1073741824) (custom)
2023-02-14 08:17:25,245 [1b99b404-66b9-4d1b-b018-91bc4acf8ed2@group-5C3C7B0C83A9-LeaderElection8] INFO  server.RaftServerConfigKeys (ConfUtils.java:logGet(46)) - raft.server.watch.timeout = 180s (custom)
2023-02-14 08:17:25,245 [1b99b404-66b9-4d1b-b018-91bc4acf8ed2@group-5C3C7B0C83A9-LeaderElection8] INFO  server.RaftServerConfigKeys (ConfUtils.java:logGet(46)) - raft.server.watch.timeout.denomination = 1s (default)
2023-02-14 08:17:25,245 [1b99b404-66b9-4d1b-b018-91bc4acf8ed2@group-5C3C7B0C83A9-LeaderElection8] INFO  server.RaftServerConfigKeys (ConfUtils.java:logGet(46)) - raft.server.watch.element-limit = 65536 (default)
2023-02-14 08:17:25,245 [1b99b404-66b9-4d1b-b018-91bc4acf8ed2@group-5C3C7B0C83A9-LeaderElection8] INFO  server.RaftServerConfigKeys (ConfUtils.java:logGet(46)) - raft.server.write.element-limit = 1024 (custom)
2023-02-14 08:17:25,246 [1b99b404-66b9-4d1b-b018-91bc4acf8ed2@group-5C3C7B0C83A9-LeaderElection8] INFO  server.RaftServerConfigKeys (ConfUtils.java:logGet(46)) - raft.server.write.follower.gap.ratio.max = -1.0 (default)
2023-02-14 08:17:25,246 [1b99b404-66b9-4d1b-b018-91bc4acf8ed2@group-5C3C7B0C83A9-LeaderElection8] INFO  impl.RoleInfo (RoleInfo.java:updateAndGet(139)) - 1b99b404-66b9-4d1b-b018-91bc4acf8ed2: start 1b99b404-66b9-4d1b-b018-91bc4acf8ed2@group-5C3C7B0C83A9-LeaderStateImpl
2023-02-14 08:17:25,246 [1b99b404-66b9-4d1b-b018-91bc4acf8ed2@group-5C3C7B0C83A9-LeaderElection8] INFO  segmented.SegmentedRaftLogWorker (SegmentedRaftLogWorker.java:startLogSegment(452)) - 1b99b404-66b9-4d1b-b018-91bc4acf8ed2@group-5C3C7B0C83A9-SegmentedRaftLogWorker: Starting segment from index:0
2023-02-14 08:17:25,250 [1b99b404-66b9-4d1b-b018-91bc4acf8ed2@group-5C3C7B0C83A9-SegmentedRaftLogWorker] INFO  segmented.SegmentedRaftLogWorker (SegmentedRaftLogWorker.java:execute(656)) - 1b99b404-66b9-4d1b-b018-91bc4acf8ed2@group-5C3C7B0C83A9-SegmentedRaftLogWorker: created new log segment /home/runner/work/ozone/ozone/hadoop-ozone/integration-test/target/test-dir/MiniOzoneClusterImpl-b6fac55f-b4cf-4cde-8675-802fd5a9473d/datanode-4/data/ratis/b845a268-8de8-434a-84e6-5c3c7b0c83a9/current/log_inprogress_0
2023-02-14 08:17:25,258 [1b99b404-66b9-4d1b-b018-91bc4acf8ed2@group-5C3C7B0C83A9-LeaderElection8] INFO  server.RaftServer$Division (ServerState.java:setRaftConf(430)) - 1b99b404-66b9-4d1b-b018-91bc4acf8ed2@group-5C3C7B0C83A9: set configuration 0: peers:[1b99b404-66b9-4d1b-b018-91bc4acf8ed2|rpc:10.1.0.19:35395|dataStream:10.1.0.19:35453|priority:1|startupRole:FOLLOWER]|listeners:[], old=null
08:17:25.563 [IPC Server handler 12 on default port 34711] ERROR OMAudit - user=runner | ip=127.0.0.1 | op=READ_KEY {volume=volume67802, bucket=bucket15311, key=file_notexist, dataSize=0, replicationConfig=null} | ret=FAILURE
org.apache.hadoop.ozone.om.exceptions.OMException: Key:file_notexist not found
	at org.apache.hadoop.ozone.om.KeyManagerImpl.readKeyInfo(KeyManagerImpl.java:397) ~[ozone-manager-1.4.0-SNAPSHOT.jar:?]
	at org.apache.hadoop.ozone.om.KeyManagerImpl.lambda$9(KeyManagerImpl.java:1869) ~[ozone-manager-1.4.0-SNAPSHOT.jar:?]
	at org.apache.hadoop.util.MetricUtil.captureLatencyNs(MetricUtil.java:36) ~[hdds-common-1.4.0-SNAPSHOT.jar:?]
	at org.apache.hadoop.ozone.om.KeyManagerImpl.getKeyInfo(KeyManagerImpl.java:1867) ~[ozone-manager-1.4.0-SNAPSHOT.jar:?]
	at org.apache.hadoop.ozone.om.OmMetadataReader.getKeyInfo(OmMetadataReader.java:211) ~[ozone-manager-1.4.0-SNAPSHOT.jar:?]
	at org.apache.hadoop.ozone.om.OzoneManager.getKeyInfo(OzoneManager.java:2781) ~[ozone-manager-1.4.0-SNAPSHOT.jar:?]
	at org.apache.hadoop.ozone.protocolPB.OzoneManagerRequestHandler.getKeyInfo(OzoneManagerRequestHandler.java:548) ~[ozone-manager-1.4.0-SNAPSHOT.jar:?]
	at org.apache.hadoop.ozone.protocolPB.OzoneManagerRequestHandler.handleReadRequest(OzoneManagerRequestHandler.java:292) ~[ozone-manager-1.4.0-SNAPSHOT.jar:?]
	at org.apache.hadoop.ozone.protocolPB.OzoneManagerProtocolServerSideTranslatorPB.submitReadRequestToOM(OzoneManagerProtocolServerSideTranslatorPB.java:223) ~[ozone-manager-1.4.0-SNAPSHOT.jar:?]
	at org.apache.hadoop.ozone.protocolPB.OzoneManagerProtocolServerSideTranslatorPB.processRequest(OzoneManagerProtocolServerSideTranslatorPB.java:177) ~[ozone-manager-1.4.0-SNAPSHOT.jar:?]
	at org.apache.hadoop.hdds.server.OzoneProtocolMessageDispatcher.processRequest(OzoneProtocolMessageDispatcher.java:87) [hdds-server-framework-1.4.0-SNAPSHOT.jar:?]
	at org.apache.hadoop.ozone.protocolPB.OzoneManagerProtocolServerSideTranslatorPB.submitRequest(OzoneManagerProtocolServerSideTranslatorPB.java:147) [ozone-manager-1.4.0-SNAPSHOT.jar:?]
	at org.apache.hadoop.ozone.protocol.proto.OzoneManagerProtocolProtos$OzoneManagerService$2.callBlockingMethod(OzoneManagerProtocolProtos.java) [ozone-interface-client-1.4.0-SNAPSHOT.jar:?]
	at org.apache.hadoop.ipc.ProtobufRpcEngine$Server.processCall(ProtobufRpcEngine.java:465) [hadoop-common-3.3.4.jar:?]
	at org.apache.hadoop.ipc.ProtobufRpcEngine2$Server$ProtoBufRpcInvoker.call(ProtobufRpcEngine2.java:578) [hadoop-common-3.3.4.jar:?]
	at org.apache.hadoop.ipc.ProtobufRpcEngine2$Server$ProtoBufRpcInvoker.call(ProtobufRpcEngine2.java:556) [hadoop-common-3.3.4.jar:?]
	at org.apache.hadoop.ipc.RPC$Server.call(RPC.java:1093) [hadoop-common-3.3.4.jar:?]
	at org.apache.hadoop.ipc.Server$RpcCall.run(Server.java:1043) [hadoop-common-3.3.4.jar:?]
	at org.apache.hadoop.ipc.Server$RpcCall.run(Server.java:971) [hadoop-common-3.3.4.jar:?]
	at java.security.AccessController.doPrivileged(Native Method) ~[?:1.8.0_362]
	at javax.security.auth.Subject.doAs(Subject.java:422) [?:1.8.0_362]
	at org.apache.hadoop.security.UserGroupInformation.doAs(UserGroupInformation.java:1878) [hadoop-common-3.3.4.jar:?]
	at org.apache.hadoop.ipc.Server$Handler.run(Server.java:2976) [hadoop-common-3.3.4.jar:?]
]]></system-out>
  </testcase>
  <testcase name="testSeekOnFileLength" classname="TestOzoneFileSystem" time="0.115">
    <system-out><![CDATA[2023-02-14 08:18:23,811 [IPC Server handler 1 on default port 45385] INFO  ha.SequenceIdGenerator (SequenceIdGenerator.java:getNextId(128)) - Allocate a batch for containerId, change lastId from 0 to 1000.
2023-02-14 08:18:23,812 [IPC Server handler 1 on default port 45385] WARN  ha.SequenceIdGenerator (SequenceIdGenerator.java:allocateBatch(237)) - Failed to allocate a batch for localId, expected lastId is 0, actual lastId is 111677748019200000.
2023-02-14 08:18:23,812 [IPC Server handler 1 on default port 45385] INFO  ha.SequenceIdGenerator (SequenceIdGenerator.java:getNextId(128)) - Allocate a batch for localId, change lastId from 111677748019200000 to 111677748019201000.
2023-02-14 08:18:23,833 [31091561-319b-44fe-8343-13da60b8022d@group-A70B198E060A-FollowerState] INFO  impl.FollowerState (FollowerState.java:run(143)) - 31091561-319b-44fe-8343-13da60b8022d@group-A70B198E060A-FollowerState: change to CANDIDATE, lastRpcElapsedTime:5135657582ns, electionTimeout:5131ms
2023-02-14 08:18:23,833 [31091561-319b-44fe-8343-13da60b8022d@group-A70B198E060A-FollowerState] INFO  impl.RoleInfo (RoleInfo.java:shutdownFollowerState(110)) - 31091561-319b-44fe-8343-13da60b8022d: shutdown 31091561-319b-44fe-8343-13da60b8022d@group-A70B198E060A-FollowerState
2023-02-14 08:18:23,834 [31091561-319b-44fe-8343-13da60b8022d@group-A70B198E060A-FollowerState] INFO  server.RaftServer$Division (RaftServerImpl.java:setRole(321)) - 31091561-319b-44fe-8343-13da60b8022d@group-A70B198E060A: changes role from  FOLLOWER to CANDIDATE at term 0 for changeToCandidate
2023-02-14 08:18:23,834 [31091561-319b-44fe-8343-13da60b8022d@group-A70B198E060A-FollowerState] INFO  server.RaftServerConfigKeys (ConfUtils.java:logGet(46)) - raft.server.leaderelection.pre-vote = false (custom)
2023-02-14 08:18:23,834 [31091561-319b-44fe-8343-13da60b8022d@group-A70B198E060A-FollowerState] INFO  impl.RoleInfo (RoleInfo.java:updateAndGet(139)) - 31091561-319b-44fe-8343-13da60b8022d: start 31091561-319b-44fe-8343-13da60b8022d@group-A70B198E060A-LeaderElection17
2023-02-14 08:18:23,846 [31091561-319b-44fe-8343-13da60b8022d@group-A70B198E060A-LeaderElection17] INFO  impl.LeaderElection (LeaderElection.java:askForVotes(312)) - 31091561-319b-44fe-8343-13da60b8022d@group-A70B198E060A-LeaderElection17 ELECTION round 0: submit vote requests at term 1 for -1: peers:[31091561-319b-44fe-8343-13da60b8022d|rpc:10.1.0.19:41071|dataStream:10.1.0.19:37967|priority:1|startupRole:FOLLOWER]|listeners:[], old=null
2023-02-14 08:18:23,846 [31091561-319b-44fe-8343-13da60b8022d@group-A70B198E060A-LeaderElection17] INFO  impl.LeaderElection (LeaderElection.java:askForVotes(314)) - 31091561-319b-44fe-8343-13da60b8022d@group-A70B198E060A-LeaderElection17 ELECTION round 0: result PASSED (term=1)
2023-02-14 08:18:23,846 [31091561-319b-44fe-8343-13da60b8022d@group-A70B198E060A-LeaderElection17] INFO  impl.RoleInfo (RoleInfo.java:shutdownLeaderElection(130)) - 31091561-319b-44fe-8343-13da60b8022d: shutdown 31091561-319b-44fe-8343-13da60b8022d@group-A70B198E060A-LeaderElection17
2023-02-14 08:18:23,846 [31091561-319b-44fe-8343-13da60b8022d@group-A70B198E060A-LeaderElection17] INFO  server.RaftServer$Division (RaftServerImpl.java:setRole(321)) - 31091561-319b-44fe-8343-13da60b8022d@group-A70B198E060A: changes role from CANDIDATE to LEADER at term 1 for changeToLeader
2023-02-14 08:18:23,846 [31091561-319b-44fe-8343-13da60b8022d@group-A70B198E060A-LeaderElection17] INFO  ratis.XceiverServerRatis (XceiverServerRatis.java:handleLeaderChangedNotification(905)) - Leader change notification received for group: group-A70B198E060A with new leaderId: 31091561-319b-44fe-8343-13da60b8022d
2023-02-14 08:18:23,846 [31091561-319b-44fe-8343-13da60b8022d@group-A70B198E060A-LeaderElection17] INFO  server.RaftServer$Division (ServerState.java:setLeader(313)) - 31091561-319b-44fe-8343-13da60b8022d@group-A70B198E060A: change Leader from null to 31091561-319b-44fe-8343-13da60b8022d at term 1 for becomeLeader, leader elected after 5157ms
2023-02-14 08:18:23,846 [31091561-319b-44fe-8343-13da60b8022d@group-A70B198E060A-LeaderElection17] INFO  server.RaftServerConfigKeys (ConfUtils.java:logGet(46)) - raft.server.staging.catchup.gap = 1000 (default)
2023-02-14 08:18:23,846 [31091561-319b-44fe-8343-13da60b8022d@group-A70B198E060A-LeaderElection17] INFO  server.RaftServerConfigKeys (ConfUtils.java:logGet(46)) - raft.server.write.element-limit = 1024 (custom)
2023-02-14 08:18:23,846 [31091561-319b-44fe-8343-13da60b8022d@group-A70B198E060A-LeaderElection17] INFO  server.RaftServerConfigKeys (ConfUtils.java:logGet(46)) - raft.server.write.byte-limit = 1024 M (=1073741824) (custom)
2023-02-14 08:18:23,847 [31091561-319b-44fe-8343-13da60b8022d@group-A70B198E060A-LeaderElection17] INFO  server.RaftServerConfigKeys (ConfUtils.java:logGet(46)) - raft.server.watch.timeout = 180s (custom)
2023-02-14 08:18:23,847 [31091561-319b-44fe-8343-13da60b8022d@group-A70B198E060A-LeaderElection17] INFO  server.RaftServerConfigKeys (ConfUtils.java:logGet(46)) - raft.server.watch.timeout.denomination = 1s (default)
2023-02-14 08:18:23,847 [31091561-319b-44fe-8343-13da60b8022d@group-A70B198E060A-LeaderElection17] INFO  server.RaftServerConfigKeys (ConfUtils.java:logGet(46)) - raft.server.watch.element-limit = 65536 (default)
2023-02-14 08:18:23,847 [31091561-319b-44fe-8343-13da60b8022d@group-A70B198E060A-LeaderElection17] INFO  server.RaftServerConfigKeys (ConfUtils.java:logGet(46)) - raft.server.write.element-limit = 1024 (custom)
2023-02-14 08:18:23,847 [31091561-319b-44fe-8343-13da60b8022d@group-A70B198E060A-LeaderElection17] INFO  server.RaftServerConfigKeys (ConfUtils.java:logGet(46)) - raft.server.write.follower.gap.ratio.max = -1.0 (default)
2023-02-14 08:18:23,847 [31091561-319b-44fe-8343-13da60b8022d@group-A70B198E060A-LeaderElection17] INFO  impl.RoleInfo (RoleInfo.java:updateAndGet(139)) - 31091561-319b-44fe-8343-13da60b8022d: start 31091561-319b-44fe-8343-13da60b8022d@group-A70B198E060A-LeaderStateImpl
2023-02-14 08:18:23,847 [31091561-319b-44fe-8343-13da60b8022d@group-A70B198E060A-LeaderElection17] INFO  segmented.SegmentedRaftLogWorker (SegmentedRaftLogWorker.java:startLogSegment(452)) - 31091561-319b-44fe-8343-13da60b8022d@group-A70B198E060A-SegmentedRaftLogWorker: Starting segment from index:0
2023-02-14 08:18:23,849 [31091561-319b-44fe-8343-13da60b8022d@group-A70B198E060A-SegmentedRaftLogWorker] INFO  segmented.SegmentedRaftLogWorker (SegmentedRaftLogWorker.java:execute(656)) - 31091561-319b-44fe-8343-13da60b8022d@group-A70B198E060A-SegmentedRaftLogWorker: created new log segment /home/runner/work/ozone/ozone/hadoop-ozone/integration-test/target/test-dir/MiniOzoneClusterImpl-48139d39-b3ff-469d-bfde-a70ccbd6566f/datanode-1/data/ratis/005db543-ffeb-4045-8250-a70b198e060a/current/log_inprogress_0
2023-02-14 08:18:23,853 [31091561-319b-44fe-8343-13da60b8022d@group-A70B198E060A-LeaderElection17] INFO  server.RaftServer$Division (ServerState.java:setRaftConf(430)) - 31091561-319b-44fe-8343-13da60b8022d@group-A70B198E060A: set configuration 0: peers:[31091561-319b-44fe-8343-13da60b8022d|rpc:10.1.0.19:41071|dataStream:10.1.0.19:37967|priority:1|startupRole:FOLLOWER]|listeners:[], old=null
08:18:23.907 [IPC Server handler 14 on default port 34455] ERROR OMAudit - user=runner | ip=127.0.0.1 | op=READ_KEY {volume=volume94786, bucket=bucket02286, key=file_notexist, dataSize=0, replicationConfig=null} | ret=FAILURE
org.apache.hadoop.ozone.om.exceptions.OMException: Key:file_notexist not found
	at org.apache.hadoop.ozone.om.KeyManagerImpl.readKeyInfo(KeyManagerImpl.java:397) ~[ozone-manager-1.4.0-SNAPSHOT.jar:?]
	at org.apache.hadoop.ozone.om.KeyManagerImpl.lambda$9(KeyManagerImpl.java:1869) ~[ozone-manager-1.4.0-SNAPSHOT.jar:?]
	at org.apache.hadoop.util.MetricUtil.captureLatencyNs(MetricUtil.java:36) ~[hdds-common-1.4.0-SNAPSHOT.jar:?]
	at org.apache.hadoop.ozone.om.KeyManagerImpl.getKeyInfo(KeyManagerImpl.java:1867) ~[ozone-manager-1.4.0-SNAPSHOT.jar:?]
	at org.apache.hadoop.ozone.om.OmMetadataReader.getKeyInfo(OmMetadataReader.java:211) ~[ozone-manager-1.4.0-SNAPSHOT.jar:?]
	at org.apache.hadoop.ozone.om.OzoneManager.getKeyInfo(OzoneManager.java:2781) ~[ozone-manager-1.4.0-SNAPSHOT.jar:?]
	at org.apache.hadoop.ozone.protocolPB.OzoneManagerRequestHandler.getKeyInfo(OzoneManagerRequestHandler.java:548) ~[ozone-manager-1.4.0-SNAPSHOT.jar:?]
	at org.apache.hadoop.ozone.protocolPB.OzoneManagerRequestHandler.handleReadRequest(OzoneManagerRequestHandler.java:292) ~[ozone-manager-1.4.0-SNAPSHOT.jar:?]
	at org.apache.hadoop.ozone.protocolPB.OzoneManagerProtocolServerSideTranslatorPB.submitRequestDirectlyToOM(OzoneManagerProtocolServerSideTranslatorPB.java:271) ~[ozone-manager-1.4.0-SNAPSHOT.jar:?]
	at org.apache.hadoop.ozone.protocolPB.OzoneManagerProtocolServerSideTranslatorPB.processRequest(OzoneManagerProtocolServerSideTranslatorPB.java:173) ~[ozone-manager-1.4.0-SNAPSHOT.jar:?]
	at org.apache.hadoop.hdds.server.OzoneProtocolMessageDispatcher.processRequest(OzoneProtocolMessageDispatcher.java:87) [hdds-server-framework-1.4.0-SNAPSHOT.jar:?]
	at org.apache.hadoop.ozone.protocolPB.OzoneManagerProtocolServerSideTranslatorPB.submitRequest(OzoneManagerProtocolServerSideTranslatorPB.java:147) [ozone-manager-1.4.0-SNAPSHOT.jar:?]
	at org.apache.hadoop.ozone.protocol.proto.OzoneManagerProtocolProtos$OzoneManagerService$2.callBlockingMethod(OzoneManagerProtocolProtos.java) [ozone-interface-client-1.4.0-SNAPSHOT.jar:?]
	at org.apache.hadoop.ipc.ProtobufRpcEngine$Server.processCall(ProtobufRpcEngine.java:465) [hadoop-common-3.3.4.jar:?]
	at org.apache.hadoop.ipc.ProtobufRpcEngine2$Server$ProtoBufRpcInvoker.call(ProtobufRpcEngine2.java:578) [hadoop-common-3.3.4.jar:?]
	at org.apache.hadoop.ipc.ProtobufRpcEngine2$Server$ProtoBufRpcInvoker.call(ProtobufRpcEngine2.java:556) [hadoop-common-3.3.4.jar:?]
	at org.apache.hadoop.ipc.RPC$Server.call(RPC.java:1093) [hadoop-common-3.3.4.jar:?]
	at org.apache.hadoop.ipc.Server$RpcCall.run(Server.java:1043) [hadoop-common-3.3.4.jar:?]
	at org.apache.hadoop.ipc.Server$RpcCall.run(Server.java:971) [hadoop-common-3.3.4.jar:?]
	at java.security.AccessController.doPrivileged(Native Method) ~[?:1.8.0_362]
	at javax.security.auth.Subject.doAs(Subject.java:422) [?:1.8.0_362]
	at org.apache.hadoop.security.UserGroupInformation.doAs(UserGroupInformation.java:1878) [hadoop-common-3.3.4.jar:?]
	at org.apache.hadoop.ipc.Server$Handler.run(Server.java:2976) [hadoop-common-3.3.4.jar:?]
]]></system-out>
  </testcase>
  <testcase name="testSeekOnFileLength" classname="TestOzoneFileSystem" time="0.107">
    <system-out><![CDATA[2023-02-14 08:19:07,592 [IPC Server handler 1 on default port 44821] INFO  ha.SequenceIdGenerator (SequenceIdGenerator.java:getNextId(128)) - Allocate a batch for containerId, change lastId from 0 to 1000.
2023-02-14 08:19:07,593 [IPC Server handler 1 on default port 44821] WARN  ha.SequenceIdGenerator (SequenceIdGenerator.java:allocateBatch(237)) - Failed to allocate a batch for localId, expected lastId is 0, actual lastId is 111677748019200000.
2023-02-14 08:19:07,593 [IPC Server handler 1 on default port 44821] INFO  ha.SequenceIdGenerator (SequenceIdGenerator.java:getNextId(128)) - Allocate a batch for localId, change lastId from 111677748019200000 to 111677748019201000.
2023-02-14 08:19:07,654 [0910efe8-a84f-4250-8aec-2e536a9734d2@group-FE11B043DA55-FollowerState] INFO  impl.FollowerState (FollowerState.java:run(143)) - 0910efe8-a84f-4250-8aec-2e536a9734d2@group-FE11B043DA55-FollowerState: change to CANDIDATE, lastRpcElapsedTime:5108326937ns, electionTimeout:5101ms
2023-02-14 08:19:07,654 [0910efe8-a84f-4250-8aec-2e536a9734d2@group-FE11B043DA55-FollowerState] INFO  impl.RoleInfo (RoleInfo.java:shutdownFollowerState(110)) - 0910efe8-a84f-4250-8aec-2e536a9734d2: shutdown 0910efe8-a84f-4250-8aec-2e536a9734d2@group-FE11B043DA55-FollowerState
2023-02-14 08:19:07,654 [0910efe8-a84f-4250-8aec-2e536a9734d2@group-FE11B043DA55-FollowerState] INFO  server.RaftServer$Division (RaftServerImpl.java:setRole(321)) - 0910efe8-a84f-4250-8aec-2e536a9734d2@group-FE11B043DA55: changes role from  FOLLOWER to CANDIDATE at term 0 for changeToCandidate
2023-02-14 08:19:07,654 [0910efe8-a84f-4250-8aec-2e536a9734d2@group-FE11B043DA55-FollowerState] INFO  server.RaftServerConfigKeys (ConfUtils.java:logGet(46)) - raft.server.leaderelection.pre-vote = false (custom)
2023-02-14 08:19:07,654 [0910efe8-a84f-4250-8aec-2e536a9734d2@group-FE11B043DA55-FollowerState] INFO  impl.RoleInfo (RoleInfo.java:updateAndGet(139)) - 0910efe8-a84f-4250-8aec-2e536a9734d2: start 0910efe8-a84f-4250-8aec-2e536a9734d2@group-FE11B043DA55-LeaderElection30
2023-02-14 08:19:07,661 [0910efe8-a84f-4250-8aec-2e536a9734d2@group-FE11B043DA55-LeaderElection30] INFO  impl.LeaderElection (LeaderElection.java:askForVotes(312)) - 0910efe8-a84f-4250-8aec-2e536a9734d2@group-FE11B043DA55-LeaderElection30 ELECTION round 0: submit vote requests at term 1 for -1: peers:[0910efe8-a84f-4250-8aec-2e536a9734d2|rpc:10.1.0.19:39335|dataStream:10.1.0.19:34839|priority:1|startupRole:FOLLOWER]|listeners:[], old=null
2023-02-14 08:19:07,661 [0910efe8-a84f-4250-8aec-2e536a9734d2@group-FE11B043DA55-LeaderElection30] INFO  impl.LeaderElection (LeaderElection.java:askForVotes(314)) - 0910efe8-a84f-4250-8aec-2e536a9734d2@group-FE11B043DA55-LeaderElection30 ELECTION round 0: result PASSED (term=1)
2023-02-14 08:19:07,661 [0910efe8-a84f-4250-8aec-2e536a9734d2@group-FE11B043DA55-LeaderElection30] INFO  impl.RoleInfo (RoleInfo.java:shutdownLeaderElection(130)) - 0910efe8-a84f-4250-8aec-2e536a9734d2: shutdown 0910efe8-a84f-4250-8aec-2e536a9734d2@group-FE11B043DA55-LeaderElection30
2023-02-14 08:19:07,661 [0910efe8-a84f-4250-8aec-2e536a9734d2@group-FE11B043DA55-LeaderElection30] INFO  server.RaftServer$Division (RaftServerImpl.java:setRole(321)) - 0910efe8-a84f-4250-8aec-2e536a9734d2@group-FE11B043DA55: changes role from CANDIDATE to LEADER at term 1 for changeToLeader
2023-02-14 08:19:07,661 [0910efe8-a84f-4250-8aec-2e536a9734d2@group-FE11B043DA55-LeaderElection30] INFO  ratis.XceiverServerRatis (XceiverServerRatis.java:handleLeaderChangedNotification(905)) - Leader change notification received for group: group-FE11B043DA55 with new leaderId: 0910efe8-a84f-4250-8aec-2e536a9734d2
2023-02-14 08:19:07,663 [0910efe8-a84f-4250-8aec-2e536a9734d2@group-FE11B043DA55-LeaderElection30] INFO  server.RaftServer$Division (ServerState.java:setLeader(313)) - 0910efe8-a84f-4250-8aec-2e536a9734d2@group-FE11B043DA55: change Leader from null to 0910efe8-a84f-4250-8aec-2e536a9734d2 at term 1 for becomeLeader, leader elected after 5127ms
2023-02-14 08:19:07,663 [0910efe8-a84f-4250-8aec-2e536a9734d2@group-FE11B043DA55-LeaderElection30] INFO  server.RaftServerConfigKeys (ConfUtils.java:logGet(46)) - raft.server.staging.catchup.gap = 1000 (default)
2023-02-14 08:19:07,671 [0910efe8-a84f-4250-8aec-2e536a9734d2@group-FE11B043DA55-LeaderElection30] INFO  server.RaftServerConfigKeys (ConfUtils.java:logGet(46)) - raft.server.write.element-limit = 1024 (custom)
2023-02-14 08:19:07,671 [0910efe8-a84f-4250-8aec-2e536a9734d2@group-FE11B043DA55-LeaderElection30] INFO  server.RaftServerConfigKeys (ConfUtils.java:logGet(46)) - raft.server.write.byte-limit = 1024 M (=1073741824) (custom)
2023-02-14 08:19:07,674 [0910efe8-a84f-4250-8aec-2e536a9734d2@group-FE11B043DA55-LeaderElection30] INFO  server.RaftServerConfigKeys (ConfUtils.java:logGet(46)) - raft.server.watch.timeout = 180s (custom)
2023-02-14 08:19:07,674 [0910efe8-a84f-4250-8aec-2e536a9734d2@group-FE11B043DA55-LeaderElection30] INFO  server.RaftServerConfigKeys (ConfUtils.java:logGet(46)) - raft.server.watch.timeout.denomination = 1s (default)
2023-02-14 08:19:07,674 [0910efe8-a84f-4250-8aec-2e536a9734d2@group-FE11B043DA55-LeaderElection30] INFO  server.RaftServerConfigKeys (ConfUtils.java:logGet(46)) - raft.server.watch.element-limit = 65536 (default)
2023-02-14 08:19:07,674 [0910efe8-a84f-4250-8aec-2e536a9734d2@group-FE11B043DA55-LeaderElection30] INFO  server.RaftServerConfigKeys (ConfUtils.java:logGet(46)) - raft.server.write.element-limit = 1024 (custom)
2023-02-14 08:19:07,674 [0910efe8-a84f-4250-8aec-2e536a9734d2@group-FE11B043DA55-LeaderElection30] INFO  server.RaftServerConfigKeys (ConfUtils.java:logGet(46)) - raft.server.write.follower.gap.ratio.max = -1.0 (default)
2023-02-14 08:19:07,674 [0910efe8-a84f-4250-8aec-2e536a9734d2@group-FE11B043DA55-LeaderElection30] INFO  impl.RoleInfo (RoleInfo.java:updateAndGet(139)) - 0910efe8-a84f-4250-8aec-2e536a9734d2: start 0910efe8-a84f-4250-8aec-2e536a9734d2@group-FE11B043DA55-LeaderStateImpl
2023-02-14 08:19:07,674 [0910efe8-a84f-4250-8aec-2e536a9734d2@group-FE11B043DA55-LeaderElection30] INFO  segmented.SegmentedRaftLogWorker (SegmentedRaftLogWorker.java:startLogSegment(452)) - 0910efe8-a84f-4250-8aec-2e536a9734d2@group-FE11B043DA55-SegmentedRaftLogWorker: Starting segment from index:0
2023-02-14 08:19:07,679 [0910efe8-a84f-4250-8aec-2e536a9734d2@group-FE11B043DA55-SegmentedRaftLogWorker] INFO  segmented.SegmentedRaftLogWorker (SegmentedRaftLogWorker.java:execute(656)) - 0910efe8-a84f-4250-8aec-2e536a9734d2@group-FE11B043DA55-SegmentedRaftLogWorker: created new log segment /home/runner/work/ozone/ozone/hadoop-ozone/integration-test/target/test-dir/MiniOzoneClusterImpl-9064264e-2b58-4737-9fe3-fdda8e014d69/datanode-1/data/ratis/095b0e96-1f79-4a3c-a5f2-fe11b043da55/current/log_inprogress_0
2023-02-14 08:19:07,682 [0910efe8-a84f-4250-8aec-2e536a9734d2@group-FE11B043DA55-LeaderElection30] INFO  server.RaftServer$Division (ServerState.java:setRaftConf(430)) - 0910efe8-a84f-4250-8aec-2e536a9734d2@group-FE11B043DA55: set configuration 0: peers:[0910efe8-a84f-4250-8aec-2e536a9734d2|rpc:10.1.0.19:39335|dataStream:10.1.0.19:34839|priority:1|startupRole:FOLLOWER]|listeners:[], old=null
08:19:07.684 [IPC Server handler 15 on default port 32845] ERROR OMAudit - user=runner | ip=127.0.0.1 | op=READ_KEY {volume=volume29101, bucket=bucket05375, key=file_notexist, dataSize=0, replicationConfig=null} | ret=FAILURE
org.apache.hadoop.ozone.om.exceptions.OMException: Key:file_notexist not found
	at org.apache.hadoop.ozone.om.KeyManagerImpl.readKeyInfo(KeyManagerImpl.java:397) ~[ozone-manager-1.4.0-SNAPSHOT.jar:?]
	at org.apache.hadoop.ozone.om.KeyManagerImpl.lambda$9(KeyManagerImpl.java:1869) ~[ozone-manager-1.4.0-SNAPSHOT.jar:?]
	at org.apache.hadoop.util.MetricUtil.captureLatencyNs(MetricUtil.java:36) ~[hdds-common-1.4.0-SNAPSHOT.jar:?]
	at org.apache.hadoop.ozone.om.KeyManagerImpl.getKeyInfo(KeyManagerImpl.java:1867) ~[ozone-manager-1.4.0-SNAPSHOT.jar:?]
	at org.apache.hadoop.ozone.om.OmMetadataReader.getKeyInfo(OmMetadataReader.java:211) ~[ozone-manager-1.4.0-SNAPSHOT.jar:?]
	at org.apache.hadoop.ozone.om.OzoneManager.getKeyInfo(OzoneManager.java:2781) ~[ozone-manager-1.4.0-SNAPSHOT.jar:?]
	at org.apache.hadoop.ozone.protocolPB.OzoneManagerRequestHandler.getKeyInfo(OzoneManagerRequestHandler.java:548) ~[ozone-manager-1.4.0-SNAPSHOT.jar:?]
	at org.apache.hadoop.ozone.protocolPB.OzoneManagerRequestHandler.handleReadRequest(OzoneManagerRequestHandler.java:292) ~[ozone-manager-1.4.0-SNAPSHOT.jar:?]
	at org.apache.hadoop.ozone.protocolPB.OzoneManagerProtocolServerSideTranslatorPB.submitReadRequestToOM(OzoneManagerProtocolServerSideTranslatorPB.java:223) ~[ozone-manager-1.4.0-SNAPSHOT.jar:?]
	at org.apache.hadoop.ozone.protocolPB.OzoneManagerProtocolServerSideTranslatorPB.processRequest(OzoneManagerProtocolServerSideTranslatorPB.java:177) ~[ozone-manager-1.4.0-SNAPSHOT.jar:?]
	at org.apache.hadoop.hdds.server.OzoneProtocolMessageDispatcher.processRequest(OzoneProtocolMessageDispatcher.java:87) [hdds-server-framework-1.4.0-SNAPSHOT.jar:?]
	at org.apache.hadoop.ozone.protocolPB.OzoneManagerProtocolServerSideTranslatorPB.submitRequest(OzoneManagerProtocolServerSideTranslatorPB.java:147) [ozone-manager-1.4.0-SNAPSHOT.jar:?]
	at org.apache.hadoop.ozone.protocol.proto.OzoneManagerProtocolProtos$OzoneManagerService$2.callBlockingMethod(OzoneManagerProtocolProtos.java) [ozone-interface-client-1.4.0-SNAPSHOT.jar:?]
	at org.apache.hadoop.ipc.ProtobufRpcEngine$Server.processCall(ProtobufRpcEngine.java:465) [hadoop-common-3.3.4.jar:?]
	at org.apache.hadoop.ipc.ProtobufRpcEngine2$Server$ProtoBufRpcInvoker.call(ProtobufRpcEngine2.java:578) [hadoop-common-3.3.4.jar:?]
	at org.apache.hadoop.ipc.ProtobufRpcEngine2$Server$ProtoBufRpcInvoker.call(ProtobufRpcEngine2.java:556) [hadoop-common-3.3.4.jar:?]
	at org.apache.hadoop.ipc.RPC$Server.call(RPC.java:1093) [hadoop-common-3.3.4.jar:?]
	at org.apache.hadoop.ipc.Server$RpcCall.run(Server.java:1043) [hadoop-common-3.3.4.jar:?]
	at org.apache.hadoop.ipc.Server$RpcCall.run(Server.java:971) [hadoop-common-3.3.4.jar:?]
	at java.security.AccessController.doPrivileged(Native Method) ~[?:1.8.0_362]
	at javax.security.auth.Subject.doAs(Subject.java:422) [?:1.8.0_362]
	at org.apache.hadoop.security.UserGroupInformation.doAs(UserGroupInformation.java:1878) [hadoop-common-3.3.4.jar:?]
	at org.apache.hadoop.ipc.Server$Handler.run(Server.java:2976) [hadoop-common-3.3.4.jar:?]
]]></system-out>
  </testcase>
  <testcase name="testSeekOnFileLength" classname="TestOzoneFileSystem" time="0.129">
    <system-out><![CDATA[2023-02-14 08:19:54,772 [IPC Server handler 1 on default port 33463] INFO  ha.SequenceIdGenerator (SequenceIdGenerator.java:getNextId(128)) - Allocate a batch for containerId, change lastId from 0 to 1000.
2023-02-14 08:19:54,772 [IPC Server handler 1 on default port 33463] WARN  ha.SequenceIdGenerator (SequenceIdGenerator.java:allocateBatch(237)) - Failed to allocate a batch for localId, expected lastId is 0, actual lastId is 111677748019200000.
2023-02-14 08:19:54,772 [IPC Server handler 1 on default port 33463] INFO  ha.SequenceIdGenerator (SequenceIdGenerator.java:getNextId(128)) - Allocate a batch for localId, change lastId from 111677748019200000 to 111677748019201000.
08:19:54.887 [IPC Server handler 6 on default port 42497] ERROR OMAudit - user=runner | ip=127.0.0.1 | op=READ_KEY {volume=volume12456, bucket=bucket20487, key=file_notexist, dataSize=0, replicationConfig=null} | ret=FAILURE
org.apache.hadoop.ozone.om.exceptions.OMException: Key:file_notexist not found
	at org.apache.hadoop.ozone.om.KeyManagerImpl.readKeyInfo(KeyManagerImpl.java:397) ~[ozone-manager-1.4.0-SNAPSHOT.jar:?]
	at org.apache.hadoop.ozone.om.KeyManagerImpl.lambda$9(KeyManagerImpl.java:1869) ~[ozone-manager-1.4.0-SNAPSHOT.jar:?]
	at org.apache.hadoop.util.MetricUtil.captureLatencyNs(MetricUtil.java:36) ~[hdds-common-1.4.0-SNAPSHOT.jar:?]
	at org.apache.hadoop.ozone.om.KeyManagerImpl.getKeyInfo(KeyManagerImpl.java:1867) ~[ozone-manager-1.4.0-SNAPSHOT.jar:?]
	at org.apache.hadoop.ozone.om.OmMetadataReader.getKeyInfo(OmMetadataReader.java:211) ~[ozone-manager-1.4.0-SNAPSHOT.jar:?]
	at org.apache.hadoop.ozone.om.OzoneManager.getKeyInfo(OzoneManager.java:2781) ~[ozone-manager-1.4.0-SNAPSHOT.jar:?]
	at org.apache.hadoop.ozone.protocolPB.OzoneManagerRequestHandler.getKeyInfo(OzoneManagerRequestHandler.java:548) ~[ozone-manager-1.4.0-SNAPSHOT.jar:?]
	at org.apache.hadoop.ozone.protocolPB.OzoneManagerRequestHandler.handleReadRequest(OzoneManagerRequestHandler.java:292) ~[ozone-manager-1.4.0-SNAPSHOT.jar:?]
	at org.apache.hadoop.ozone.protocolPB.OzoneManagerProtocolServerSideTranslatorPB.submitRequestDirectlyToOM(OzoneManagerProtocolServerSideTranslatorPB.java:271) ~[ozone-manager-1.4.0-SNAPSHOT.jar:?]
	at org.apache.hadoop.ozone.protocolPB.OzoneManagerProtocolServerSideTranslatorPB.processRequest(OzoneManagerProtocolServerSideTranslatorPB.java:173) ~[ozone-manager-1.4.0-SNAPSHOT.jar:?]
	at org.apache.hadoop.hdds.server.OzoneProtocolMessageDispatcher.processRequest(OzoneProtocolMessageDispatcher.java:87) [hdds-server-framework-1.4.0-SNAPSHOT.jar:?]
	at org.apache.hadoop.ozone.protocolPB.OzoneManagerProtocolServerSideTranslatorPB.submitRequest(OzoneManagerProtocolServerSideTranslatorPB.java:147) [ozone-manager-1.4.0-SNAPSHOT.jar:?]
	at org.apache.hadoop.ozone.protocol.proto.OzoneManagerProtocolProtos$OzoneManagerService$2.callBlockingMethod(OzoneManagerProtocolProtos.java) [ozone-interface-client-1.4.0-SNAPSHOT.jar:?]
	at org.apache.hadoop.ipc.ProtobufRpcEngine$Server.processCall(ProtobufRpcEngine.java:465) [hadoop-common-3.3.4.jar:?]
	at org.apache.hadoop.ipc.ProtobufRpcEngine2$Server$ProtoBufRpcInvoker.call(ProtobufRpcEngine2.java:578) [hadoop-common-3.3.4.jar:?]
	at org.apache.hadoop.ipc.ProtobufRpcEngine2$Server$ProtoBufRpcInvoker.call(ProtobufRpcEngine2.java:556) [hadoop-common-3.3.4.jar:?]
	at org.apache.hadoop.ipc.RPC$Server.call(RPC.java:1093) [hadoop-common-3.3.4.jar:?]
	at org.apache.hadoop.ipc.Server$RpcCall.run(Server.java:1043) [hadoop-common-3.3.4.jar:?]
	at org.apache.hadoop.ipc.Server$RpcCall.run(Server.java:971) [hadoop-common-3.3.4.jar:?]
	at java.security.AccessController.doPrivileged(Native Method) ~[?:1.8.0_362]
	at javax.security.auth.Subject.doAs(Subject.java:422) [?:1.8.0_362]
	at org.apache.hadoop.security.UserGroupInformation.doAs(UserGroupInformation.java:1878) [hadoop-common-3.3.4.jar:?]
	at org.apache.hadoop.ipc.Server$Handler.run(Server.java:2976) [hadoop-common-3.3.4.jar:?]
]]></system-out>
  </testcase>
  <testcase name="testRenameFile" classname="TestOzoneFileSystem" time="0.106">
    <system-out><![CDATA[2023-02-14 08:17:25,619 [OM StateMachine ApplyTransaction Thread - 0] INFO  key.OMKeyRequest (OMKeyRequest.java:wrapUncommittedBlocksAsPseudoKey(837)) - Detect allocated but uncommitted blocks [{blockID={containerID=2, localID=111677748019200002}, length=4194304, offset=0, token=null, pipeline=null, createVersion=0, partNumber=0}] in key root/file1_Copy.
08:17:25.624 [IPC Server handler 17 on default port 34711] ERROR OMAudit - user=runner | ip=127.0.0.1 | op=GET_FILE_STATUS {volume=volume67802, bucket=bucket15311, key=root/file1, dataSize=0, replicationConfig=null} | ret=FAILURE
org.apache.hadoop.ozone.om.exceptions.OMException: Unable to get file status: volume: volume67802 bucket: bucket15311 key: root/file1
	at org.apache.hadoop.ozone.om.KeyManagerImpl.getOzoneFileStatus(KeyManagerImpl.java:1162) ~[ozone-manager-1.4.0-SNAPSHOT.jar:?]
	at org.apache.hadoop.ozone.om.KeyManagerImpl.getFileStatus(KeyManagerImpl.java:1080) ~[ozone-manager-1.4.0-SNAPSHOT.jar:?]
	at org.apache.hadoop.ozone.om.OmMetadataReader.getFileStatus(OmMetadataReader.java:288) ~[ozone-manager-1.4.0-SNAPSHOT.jar:?]
	at org.apache.hadoop.ozone.om.OzoneManager.getFileStatus(OzoneManager.java:3449) ~[ozone-manager-1.4.0-SNAPSHOT.jar:?]
	at org.apache.hadoop.ozone.protocolPB.OzoneManagerRequestHandler.getOzoneFileStatus(OzoneManagerRequestHandler.java:933) ~[ozone-manager-1.4.0-SNAPSHOT.jar:?]
	at org.apache.hadoop.ozone.protocolPB.OzoneManagerRequestHandler.handleReadRequest(OzoneManagerRequestHandler.java:238) ~[ozone-manager-1.4.0-SNAPSHOT.jar:?]
	at org.apache.hadoop.ozone.protocolPB.OzoneManagerProtocolServerSideTranslatorPB.submitReadRequestToOM(OzoneManagerProtocolServerSideTranslatorPB.java:223) ~[ozone-manager-1.4.0-SNAPSHOT.jar:?]
	at org.apache.hadoop.ozone.protocolPB.OzoneManagerProtocolServerSideTranslatorPB.processRequest(OzoneManagerProtocolServerSideTranslatorPB.java:177) ~[ozone-manager-1.4.0-SNAPSHOT.jar:?]
	at org.apache.hadoop.hdds.server.OzoneProtocolMessageDispatcher.processRequest(OzoneProtocolMessageDispatcher.java:87) [hdds-server-framework-1.4.0-SNAPSHOT.jar:?]
	at org.apache.hadoop.ozone.protocolPB.OzoneManagerProtocolServerSideTranslatorPB.submitRequest(OzoneManagerProtocolServerSideTranslatorPB.java:147) [ozone-manager-1.4.0-SNAPSHOT.jar:?]
	at org.apache.hadoop.ozone.protocol.proto.OzoneManagerProtocolProtos$OzoneManagerService$2.callBlockingMethod(OzoneManagerProtocolProtos.java) [ozone-interface-client-1.4.0-SNAPSHOT.jar:?]
	at org.apache.hadoop.ipc.ProtobufRpcEngine$Server.processCall(ProtobufRpcEngine.java:465) [hadoop-common-3.3.4.jar:?]
	at org.apache.hadoop.ipc.ProtobufRpcEngine2$Server$ProtoBufRpcInvoker.call(ProtobufRpcEngine2.java:578) [hadoop-common-3.3.4.jar:?]
	at org.apache.hadoop.ipc.ProtobufRpcEngine2$Server$ProtoBufRpcInvoker.call(ProtobufRpcEngine2.java:556) [hadoop-common-3.3.4.jar:?]
	at org.apache.hadoop.ipc.RPC$Server.call(RPC.java:1093) [hadoop-common-3.3.4.jar:?]
	at org.apache.hadoop.ipc.Server$RpcCall.run(Server.java:1043) [hadoop-common-3.3.4.jar:?]
	at org.apache.hadoop.ipc.Server$RpcCall.run(Server.java:971) [hadoop-common-3.3.4.jar:?]
	at java.security.AccessController.doPrivileged(Native Method) ~[?:1.8.0_362]
	at javax.security.auth.Subject.doAs(Subject.java:422) [?:1.8.0_362]
	at org.apache.hadoop.security.UserGroupInformation.doAs(UserGroupInformation.java:1878) [hadoop-common-3.3.4.jar:?]
	at org.apache.hadoop.ipc.Server$Handler.run(Server.java:2976) [hadoop-common-3.3.4.jar:?]
]]></system-out>
  </testcase>
  <testcase name="testRenameFile" classname="TestOzoneFileSystem" time="0.023">
    <system-out><![CDATA[2023-02-14 08:18:23,925 [IPC Server handler 0 on default port 34455] INFO  key.OMKeyRequest (OMKeyRequest.java:wrapUncommittedBlocksAsPseudoKey(837)) - Detect allocated but uncommitted blocks [{blockID={containerID=2, localID=111677748019200002}, length=4194304, offset=0, token=null, pipeline=null, createVersion=0, partNumber=0}] in key root/file1_Copy.
08:18:23.927 [IPC Server handler 2 on default port 34455] ERROR OMAudit - user=runner | ip=127.0.0.1 | op=GET_FILE_STATUS {volume=volume94786, bucket=bucket02286, key=root/file1, dataSize=0, replicationConfig=null} | ret=FAILURE
org.apache.hadoop.ozone.om.exceptions.OMException: Unable to get file status: volume: volume94786 bucket: bucket02286 key: root/file1
	at org.apache.hadoop.ozone.om.KeyManagerImpl.getOzoneFileStatus(KeyManagerImpl.java:1162) ~[ozone-manager-1.4.0-SNAPSHOT.jar:?]
	at org.apache.hadoop.ozone.om.KeyManagerImpl.getFileStatus(KeyManagerImpl.java:1080) ~[ozone-manager-1.4.0-SNAPSHOT.jar:?]
	at org.apache.hadoop.ozone.om.OmMetadataReader.getFileStatus(OmMetadataReader.java:288) ~[ozone-manager-1.4.0-SNAPSHOT.jar:?]
	at org.apache.hadoop.ozone.om.OzoneManager.getFileStatus(OzoneManager.java:3449) ~[ozone-manager-1.4.0-SNAPSHOT.jar:?]
	at org.apache.hadoop.ozone.protocolPB.OzoneManagerRequestHandler.getOzoneFileStatus(OzoneManagerRequestHandler.java:933) ~[ozone-manager-1.4.0-SNAPSHOT.jar:?]
	at org.apache.hadoop.ozone.protocolPB.OzoneManagerRequestHandler.handleReadRequest(OzoneManagerRequestHandler.java:238) ~[ozone-manager-1.4.0-SNAPSHOT.jar:?]
	at org.apache.hadoop.ozone.protocolPB.OzoneManagerProtocolServerSideTranslatorPB.submitRequestDirectlyToOM(OzoneManagerProtocolServerSideTranslatorPB.java:271) ~[ozone-manager-1.4.0-SNAPSHOT.jar:?]
	at org.apache.hadoop.ozone.protocolPB.OzoneManagerProtocolServerSideTranslatorPB.processRequest(OzoneManagerProtocolServerSideTranslatorPB.java:173) ~[ozone-manager-1.4.0-SNAPSHOT.jar:?]
	at org.apache.hadoop.hdds.server.OzoneProtocolMessageDispatcher.processRequest(OzoneProtocolMessageDispatcher.java:87) [hdds-server-framework-1.4.0-SNAPSHOT.jar:?]
	at org.apache.hadoop.ozone.protocolPB.OzoneManagerProtocolServerSideTranslatorPB.submitRequest(OzoneManagerProtocolServerSideTranslatorPB.java:147) [ozone-manager-1.4.0-SNAPSHOT.jar:?]
	at org.apache.hadoop.ozone.protocol.proto.OzoneManagerProtocolProtos$OzoneManagerService$2.callBlockingMethod(OzoneManagerProtocolProtos.java) [ozone-interface-client-1.4.0-SNAPSHOT.jar:?]
	at org.apache.hadoop.ipc.ProtobufRpcEngine$Server.processCall(ProtobufRpcEngine.java:465) [hadoop-common-3.3.4.jar:?]
	at org.apache.hadoop.ipc.ProtobufRpcEngine2$Server$ProtoBufRpcInvoker.call(ProtobufRpcEngine2.java:578) [hadoop-common-3.3.4.jar:?]
	at org.apache.hadoop.ipc.ProtobufRpcEngine2$Server$ProtoBufRpcInvoker.call(ProtobufRpcEngine2.java:556) [hadoop-common-3.3.4.jar:?]
	at org.apache.hadoop.ipc.RPC$Server.call(RPC.java:1093) [hadoop-common-3.3.4.jar:?]
	at org.apache.hadoop.ipc.Server$RpcCall.run(Server.java:1043) [hadoop-common-3.3.4.jar:?]
	at org.apache.hadoop.ipc.Server$RpcCall.run(Server.java:971) [hadoop-common-3.3.4.jar:?]
	at java.security.AccessController.doPrivileged(Native Method) ~[?:1.8.0_362]
	at javax.security.auth.Subject.doAs(Subject.java:422) [?:1.8.0_362]
	at org.apache.hadoop.security.UserGroupInformation.doAs(UserGroupInformation.java:1878) [hadoop-common-3.3.4.jar:?]
	at org.apache.hadoop.ipc.Server$Handler.run(Server.java:2976) [hadoop-common-3.3.4.jar:?]
]]></system-out>
  </testcase>
  <testcase name="testRenameFile" classname="TestOzoneFileSystem" time="0.022">
    <system-out><![CDATA[2023-02-14 08:19:07,697 [OM StateMachine ApplyTransaction Thread - 0] INFO  key.OMKeyRequest (OMKeyRequest.java:wrapUncommittedBlocksAsPseudoKey(837)) - Detect allocated but uncommitted blocks [{blockID={containerID=2, localID=111677748019200002}, length=4194304, offset=0, token=null, pipeline=null, createVersion=0, partNumber=0}] in key root/file1_Copy.
08:19:07.698 [IPC Server handler 2 on default port 32845] ERROR OMAudit - user=runner | ip=127.0.0.1 | op=GET_FILE_STATUS {volume=volume29101, bucket=bucket05375, key=root/file1, dataSize=0, replicationConfig=null} | ret=FAILURE
org.apache.hadoop.ozone.om.exceptions.OMException: Unable to get file status: volume: volume29101 bucket: bucket05375 key: root/file1
	at org.apache.hadoop.ozone.om.KeyManagerImpl.getOzoneFileStatus(KeyManagerImpl.java:1162) ~[ozone-manager-1.4.0-SNAPSHOT.jar:?]
	at org.apache.hadoop.ozone.om.KeyManagerImpl.getFileStatus(KeyManagerImpl.java:1080) ~[ozone-manager-1.4.0-SNAPSHOT.jar:?]
	at org.apache.hadoop.ozone.om.OmMetadataReader.getFileStatus(OmMetadataReader.java:288) ~[ozone-manager-1.4.0-SNAPSHOT.jar:?]
	at org.apache.hadoop.ozone.om.OzoneManager.getFileStatus(OzoneManager.java:3449) ~[ozone-manager-1.4.0-SNAPSHOT.jar:?]
	at org.apache.hadoop.ozone.protocolPB.OzoneManagerRequestHandler.getOzoneFileStatus(OzoneManagerRequestHandler.java:933) ~[ozone-manager-1.4.0-SNAPSHOT.jar:?]
	at org.apache.hadoop.ozone.protocolPB.OzoneManagerRequestHandler.handleReadRequest(OzoneManagerRequestHandler.java:238) ~[ozone-manager-1.4.0-SNAPSHOT.jar:?]
	at org.apache.hadoop.ozone.protocolPB.OzoneManagerProtocolServerSideTranslatorPB.submitReadRequestToOM(OzoneManagerProtocolServerSideTranslatorPB.java:223) ~[ozone-manager-1.4.0-SNAPSHOT.jar:?]
	at org.apache.hadoop.ozone.protocolPB.OzoneManagerProtocolServerSideTranslatorPB.processRequest(OzoneManagerProtocolServerSideTranslatorPB.java:177) ~[ozone-manager-1.4.0-SNAPSHOT.jar:?]
	at org.apache.hadoop.hdds.server.OzoneProtocolMessageDispatcher.processRequest(OzoneProtocolMessageDispatcher.java:87) [hdds-server-framework-1.4.0-SNAPSHOT.jar:?]
	at org.apache.hadoop.ozone.protocolPB.OzoneManagerProtocolServerSideTranslatorPB.submitRequest(OzoneManagerProtocolServerSideTranslatorPB.java:147) [ozone-manager-1.4.0-SNAPSHOT.jar:?]
	at org.apache.hadoop.ozone.protocol.proto.OzoneManagerProtocolProtos$OzoneManagerService$2.callBlockingMethod(OzoneManagerProtocolProtos.java) [ozone-interface-client-1.4.0-SNAPSHOT.jar:?]
	at org.apache.hadoop.ipc.ProtobufRpcEngine$Server.processCall(ProtobufRpcEngine.java:465) [hadoop-common-3.3.4.jar:?]
	at org.apache.hadoop.ipc.ProtobufRpcEngine2$Server$ProtoBufRpcInvoker.call(ProtobufRpcEngine2.java:578) [hadoop-common-3.3.4.jar:?]
	at org.apache.hadoop.ipc.ProtobufRpcEngine2$Server$ProtoBufRpcInvoker.call(ProtobufRpcEngine2.java:556) [hadoop-common-3.3.4.jar:?]
	at org.apache.hadoop.ipc.RPC$Server.call(RPC.java:1093) [hadoop-common-3.3.4.jar:?]
	at org.apache.hadoop.ipc.Server$RpcCall.run(Server.java:1043) [hadoop-common-3.3.4.jar:?]
	at org.apache.hadoop.ipc.Server$RpcCall.run(Server.java:971) [hadoop-common-3.3.4.jar:?]
	at java.security.AccessController.doPrivileged(Native Method) ~[?:1.8.0_362]
	at javax.security.auth.Subject.doAs(Subject.java:422) [?:1.8.0_362]
	at org.apache.hadoop.security.UserGroupInformation.doAs(UserGroupInformation.java:1878) [hadoop-common-3.3.4.jar:?]
	at org.apache.hadoop.ipc.Server$Handler.run(Server.java:2976) [hadoop-common-3.3.4.jar:?]
]]></system-out>
  </testcase>
  <testcase name="testRenameFile" classname="TestOzoneFileSystem" time="0.022">
    <system-out><![CDATA[2023-02-14 08:19:54,897 [IPC Server handler 0 on default port 42497] INFO  key.OMKeyRequest (OMKeyRequest.java:wrapUncommittedBlocksAsPseudoKey(837)) - Detect allocated but uncommitted blocks [{blockID={containerID=2, localID=111677748019200002}, length=4194304, offset=0, token=null, pipeline=null, createVersion=0, partNumber=0}] in key root/file1_Copy.
08:19:54.898 [IPC Server handler 7 on default port 42497] ERROR OMAudit - user=runner | ip=127.0.0.1 | op=GET_FILE_STATUS {volume=volume12456, bucket=bucket20487, key=root/file1, dataSize=0, replicationConfig=null} | ret=FAILURE
org.apache.hadoop.ozone.om.exceptions.OMException: Unable to get file status: volume: volume12456 bucket: bucket20487 key: root/file1
	at org.apache.hadoop.ozone.om.KeyManagerImpl.getOzoneFileStatus(KeyManagerImpl.java:1162) ~[ozone-manager-1.4.0-SNAPSHOT.jar:?]
	at org.apache.hadoop.ozone.om.KeyManagerImpl.getFileStatus(KeyManagerImpl.java:1080) ~[ozone-manager-1.4.0-SNAPSHOT.jar:?]
	at org.apache.hadoop.ozone.om.OmMetadataReader.getFileStatus(OmMetadataReader.java:288) ~[ozone-manager-1.4.0-SNAPSHOT.jar:?]
	at org.apache.hadoop.ozone.om.OzoneManager.getFileStatus(OzoneManager.java:3449) ~[ozone-manager-1.4.0-SNAPSHOT.jar:?]
	at org.apache.hadoop.ozone.protocolPB.OzoneManagerRequestHandler.getOzoneFileStatus(OzoneManagerRequestHandler.java:933) ~[ozone-manager-1.4.0-SNAPSHOT.jar:?]
	at org.apache.hadoop.ozone.protocolPB.OzoneManagerRequestHandler.handleReadRequest(OzoneManagerRequestHandler.java:238) ~[ozone-manager-1.4.0-SNAPSHOT.jar:?]
	at org.apache.hadoop.ozone.protocolPB.OzoneManagerProtocolServerSideTranslatorPB.submitRequestDirectlyToOM(OzoneManagerProtocolServerSideTranslatorPB.java:271) ~[ozone-manager-1.4.0-SNAPSHOT.jar:?]
	at org.apache.hadoop.ozone.protocolPB.OzoneManagerProtocolServerSideTranslatorPB.processRequest(OzoneManagerProtocolServerSideTranslatorPB.java:173) ~[ozone-manager-1.4.0-SNAPSHOT.jar:?]
	at org.apache.hadoop.hdds.server.OzoneProtocolMessageDispatcher.processRequest(OzoneProtocolMessageDispatcher.java:87) [hdds-server-framework-1.4.0-SNAPSHOT.jar:?]
	at org.apache.hadoop.ozone.protocolPB.OzoneManagerProtocolServerSideTranslatorPB.submitRequest(OzoneManagerProtocolServerSideTranslatorPB.java:147) [ozone-manager-1.4.0-SNAPSHOT.jar:?]
	at org.apache.hadoop.ozone.protocol.proto.OzoneManagerProtocolProtos$OzoneManagerService$2.callBlockingMethod(OzoneManagerProtocolProtos.java) [ozone-interface-client-1.4.0-SNAPSHOT.jar:?]
	at org.apache.hadoop.ipc.ProtobufRpcEngine$Server.processCall(ProtobufRpcEngine.java:465) [hadoop-common-3.3.4.jar:?]
	at org.apache.hadoop.ipc.ProtobufRpcEngine2$Server$ProtoBufRpcInvoker.call(ProtobufRpcEngine2.java:578) [hadoop-common-3.3.4.jar:?]
	at org.apache.hadoop.ipc.ProtobufRpcEngine2$Server$ProtoBufRpcInvoker.call(ProtobufRpcEngine2.java:556) [hadoop-common-3.3.4.jar:?]
	at org.apache.hadoop.ipc.RPC$Server.call(RPC.java:1093) [hadoop-common-3.3.4.jar:?]
	at org.apache.hadoop.ipc.Server$RpcCall.run(Server.java:1043) [hadoop-common-3.3.4.jar:?]
	at org.apache.hadoop.ipc.Server$RpcCall.run(Server.java:971) [hadoop-common-3.3.4.jar:?]
	at java.security.AccessController.doPrivileged(Native Method) ~[?:1.8.0_362]
	at javax.security.auth.Subject.doAs(Subject.java:422) [?:1.8.0_362]
	at org.apache.hadoop.security.UserGroupInformation.doAs(UserGroupInformation.java:1878) [hadoop-common-3.3.4.jar:?]
	at org.apache.hadoop.ipc.Server$Handler.run(Server.java:2976) [hadoop-common-3.3.4.jar:?]
]]></system-out>
  </testcase>
  <testcase name="testRenameDir" classname="TestOzoneFileSystem" time="0.047">
    <system-out><![CDATA[2023-02-14 08:17:25,707 [Time-limited test] INFO  ozone.TestOzoneFileSystem (TestOzoneFileSystem.java:testRenameDir(1426)) - Created dir o3fs://bucket15311.volume67802/root_dir/dir1/sub_dir1
2023-02-14 08:17:25,707 [Time-limited test] INFO  ozone.TestOzoneFileSystem (TestOzoneFileSystem.java:testRenameDir(1427)) - Will move o3fs://bucket15311.volume67802/root_dir/dir1 to o3fs://bucket15311.volume67802/root_dir/dir1.renamed
08:17:25.709 [IPC Server handler 5 on default port 34711] ERROR OMAudit - user=runner | ip=127.0.0.1 | op=GET_FILE_STATUS {volume=volume67802, bucket=bucket15311, key=root_dir/dir1.renamed, dataSize=0, replicationConfig=null} | ret=FAILURE
org.apache.hadoop.ozone.om.exceptions.OMException: Unable to get file status: volume: volume67802 bucket: bucket15311 key: root_dir/dir1.renamed
	at org.apache.hadoop.ozone.om.KeyManagerImpl.getOzoneFileStatus(KeyManagerImpl.java:1162) ~[ozone-manager-1.4.0-SNAPSHOT.jar:?]
	at org.apache.hadoop.ozone.om.KeyManagerImpl.getFileStatus(KeyManagerImpl.java:1080) ~[ozone-manager-1.4.0-SNAPSHOT.jar:?]
	at org.apache.hadoop.ozone.om.OmMetadataReader.getFileStatus(OmMetadataReader.java:288) ~[ozone-manager-1.4.0-SNAPSHOT.jar:?]
	at org.apache.hadoop.ozone.om.OzoneManager.getFileStatus(OzoneManager.java:3449) ~[ozone-manager-1.4.0-SNAPSHOT.jar:?]
	at org.apache.hadoop.ozone.protocolPB.OzoneManagerRequestHandler.getOzoneFileStatus(OzoneManagerRequestHandler.java:933) ~[ozone-manager-1.4.0-SNAPSHOT.jar:?]
	at org.apache.hadoop.ozone.protocolPB.OzoneManagerRequestHandler.handleReadRequest(OzoneManagerRequestHandler.java:238) ~[ozone-manager-1.4.0-SNAPSHOT.jar:?]
	at org.apache.hadoop.ozone.protocolPB.OzoneManagerProtocolServerSideTranslatorPB.submitReadRequestToOM(OzoneManagerProtocolServerSideTranslatorPB.java:223) ~[ozone-manager-1.4.0-SNAPSHOT.jar:?]
	at org.apache.hadoop.ozone.protocolPB.OzoneManagerProtocolServerSideTranslatorPB.processRequest(OzoneManagerProtocolServerSideTranslatorPB.java:177) ~[ozone-manager-1.4.0-SNAPSHOT.jar:?]
	at org.apache.hadoop.hdds.server.OzoneProtocolMessageDispatcher.processRequest(OzoneProtocolMessageDispatcher.java:87) [hdds-server-framework-1.4.0-SNAPSHOT.jar:?]
	at org.apache.hadoop.ozone.protocolPB.OzoneManagerProtocolServerSideTranslatorPB.submitRequest(OzoneManagerProtocolServerSideTranslatorPB.java:147) [ozone-manager-1.4.0-SNAPSHOT.jar:?]
	at org.apache.hadoop.ozone.protocol.proto.OzoneManagerProtocolProtos$OzoneManagerService$2.callBlockingMethod(OzoneManagerProtocolProtos.java) [ozone-interface-client-1.4.0-SNAPSHOT.jar:?]
	at org.apache.hadoop.ipc.ProtobufRpcEngine$Server.processCall(ProtobufRpcEngine.java:465) [hadoop-common-3.3.4.jar:?]
	at org.apache.hadoop.ipc.ProtobufRpcEngine2$Server$ProtoBufRpcInvoker.call(ProtobufRpcEngine2.java:578) [hadoop-common-3.3.4.jar:?]
	at org.apache.hadoop.ipc.ProtobufRpcEngine2$Server$ProtoBufRpcInvoker.call(ProtobufRpcEngine2.java:556) [hadoop-common-3.3.4.jar:?]
	at org.apache.hadoop.ipc.RPC$Server.call(RPC.java:1093) [hadoop-common-3.3.4.jar:?]
	at org.apache.hadoop.ipc.Server$RpcCall.run(Server.java:1043) [hadoop-common-3.3.4.jar:?]
	at org.apache.hadoop.ipc.Server$RpcCall.run(Server.java:971) [hadoop-common-3.3.4.jar:?]
	at java.security.AccessController.doPrivileged(Native Method) ~[?:1.8.0_362]
	at javax.security.auth.Subject.doAs(Subject.java:422) [?:1.8.0_362]
	at org.apache.hadoop.security.UserGroupInformation.doAs(UserGroupInformation.java:1878) [hadoop-common-3.3.4.jar:?]
	at org.apache.hadoop.ipc.Server$Handler.run(Server.java:2976) [hadoop-common-3.3.4.jar:?]
]]></system-out>
  </testcase>
  <testcase name="testRenameDir" classname="TestOzoneFileSystem" time="0.012">
    <system-out><![CDATA[2023-02-14 08:18:23,943 [Time-limited test] INFO  ozone.TestOzoneFileSystem (TestOzoneFileSystem.java:testRenameDir(1426)) - Created dir o3fs://bucket02286.volume94786/root_dir/dir1/sub_dir1
2023-02-14 08:18:23,943 [Time-limited test] INFO  ozone.TestOzoneFileSystem (TestOzoneFileSystem.java:testRenameDir(1427)) - Will move o3fs://bucket02286.volume94786/root_dir/dir1 to o3fs://bucket02286.volume94786/root_dir/dir1.renamed
08:18:23.943 [IPC Server handler 6 on default port 34455] ERROR OMAudit - user=runner | ip=127.0.0.1 | op=GET_FILE_STATUS {volume=volume94786, bucket=bucket02286, key=root_dir/dir1.renamed, dataSize=0, replicationConfig=null} | ret=FAILURE
org.apache.hadoop.ozone.om.exceptions.OMException: Unable to get file status: volume: volume94786 bucket: bucket02286 key: root_dir/dir1.renamed
	at org.apache.hadoop.ozone.om.KeyManagerImpl.getOzoneFileStatus(KeyManagerImpl.java:1162) ~[ozone-manager-1.4.0-SNAPSHOT.jar:?]
	at org.apache.hadoop.ozone.om.KeyManagerImpl.getFileStatus(KeyManagerImpl.java:1080) ~[ozone-manager-1.4.0-SNAPSHOT.jar:?]
	at org.apache.hadoop.ozone.om.OmMetadataReader.getFileStatus(OmMetadataReader.java:288) ~[ozone-manager-1.4.0-SNAPSHOT.jar:?]
	at org.apache.hadoop.ozone.om.OzoneManager.getFileStatus(OzoneManager.java:3449) ~[ozone-manager-1.4.0-SNAPSHOT.jar:?]
	at org.apache.hadoop.ozone.protocolPB.OzoneManagerRequestHandler.getOzoneFileStatus(OzoneManagerRequestHandler.java:933) ~[ozone-manager-1.4.0-SNAPSHOT.jar:?]
	at org.apache.hadoop.ozone.protocolPB.OzoneManagerRequestHandler.handleReadRequest(OzoneManagerRequestHandler.java:238) ~[ozone-manager-1.4.0-SNAPSHOT.jar:?]
	at org.apache.hadoop.ozone.protocolPB.OzoneManagerProtocolServerSideTranslatorPB.submitRequestDirectlyToOM(OzoneManagerProtocolServerSideTranslatorPB.java:271) ~[ozone-manager-1.4.0-SNAPSHOT.jar:?]
	at org.apache.hadoop.ozone.protocolPB.OzoneManagerProtocolServerSideTranslatorPB.processRequest(OzoneManagerProtocolServerSideTranslatorPB.java:173) ~[ozone-manager-1.4.0-SNAPSHOT.jar:?]
	at org.apache.hadoop.hdds.server.OzoneProtocolMessageDispatcher.processRequest(OzoneProtocolMessageDispatcher.java:87) [hdds-server-framework-1.4.0-SNAPSHOT.jar:?]
	at org.apache.hadoop.ozone.protocolPB.OzoneManagerProtocolServerSideTranslatorPB.submitRequest(OzoneManagerProtocolServerSideTranslatorPB.java:147) [ozone-manager-1.4.0-SNAPSHOT.jar:?]
	at org.apache.hadoop.ozone.protocol.proto.OzoneManagerProtocolProtos$OzoneManagerService$2.callBlockingMethod(OzoneManagerProtocolProtos.java) [ozone-interface-client-1.4.0-SNAPSHOT.jar:?]
	at org.apache.hadoop.ipc.ProtobufRpcEngine$Server.processCall(ProtobufRpcEngine.java:465) [hadoop-common-3.3.4.jar:?]
	at org.apache.hadoop.ipc.ProtobufRpcEngine2$Server$ProtoBufRpcInvoker.call(ProtobufRpcEngine2.java:578) [hadoop-common-3.3.4.jar:?]
	at org.apache.hadoop.ipc.ProtobufRpcEngine2$Server$ProtoBufRpcInvoker.call(ProtobufRpcEngine2.java:556) [hadoop-common-3.3.4.jar:?]
	at org.apache.hadoop.ipc.RPC$Server.call(RPC.java:1093) [hadoop-common-3.3.4.jar:?]
	at org.apache.hadoop.ipc.Server$RpcCall.run(Server.java:1043) [hadoop-common-3.3.4.jar:?]
	at org.apache.hadoop.ipc.Server$RpcCall.run(Server.java:971) [hadoop-common-3.3.4.jar:?]
	at java.security.AccessController.doPrivileged(Native Method) ~[?:1.8.0_362]
	at javax.security.auth.Subject.doAs(Subject.java:422) [?:1.8.0_362]
	at org.apache.hadoop.security.UserGroupInformation.doAs(UserGroupInformation.java:1878) [hadoop-common-3.3.4.jar:?]
	at org.apache.hadoop.ipc.Server$Handler.run(Server.java:2976) [hadoop-common-3.3.4.jar:?]
]]></system-out>
  </testcase>
  <testcase name="testRenameDir" classname="TestOzoneFileSystem" time="0.009">
    <system-out><![CDATA[2023-02-14 08:19:07,715 [Time-limited test] INFO  ozone.TestOzoneFileSystem (TestOzoneFileSystem.java:testRenameDir(1426)) - Created dir o3fs://bucket05375.volume29101/root_dir/dir1/sub_dir1
2023-02-14 08:19:07,715 [Time-limited test] INFO  ozone.TestOzoneFileSystem (TestOzoneFileSystem.java:testRenameDir(1427)) - Will move o3fs://bucket05375.volume29101/root_dir/dir1 to o3fs://bucket05375.volume29101/root_dir/dir1.renamed
08:19:07.716 [IPC Server handler 5 on default port 32845] ERROR OMAudit - user=runner | ip=127.0.0.1 | op=GET_FILE_STATUS {volume=volume29101, bucket=bucket05375, key=root_dir/dir1.renamed, dataSize=0, replicationConfig=null} | ret=FAILURE
org.apache.hadoop.ozone.om.exceptions.OMException: Unable to get file status: volume: volume29101 bucket: bucket05375 key: root_dir/dir1.renamed
	at org.apache.hadoop.ozone.om.KeyManagerImpl.getOzoneFileStatus(KeyManagerImpl.java:1162) ~[ozone-manager-1.4.0-SNAPSHOT.jar:?]
	at org.apache.hadoop.ozone.om.KeyManagerImpl.getFileStatus(KeyManagerImpl.java:1080) ~[ozone-manager-1.4.0-SNAPSHOT.jar:?]
	at org.apache.hadoop.ozone.om.OmMetadataReader.getFileStatus(OmMetadataReader.java:288) ~[ozone-manager-1.4.0-SNAPSHOT.jar:?]
	at org.apache.hadoop.ozone.om.OzoneManager.getFileStatus(OzoneManager.java:3449) ~[ozone-manager-1.4.0-SNAPSHOT.jar:?]
	at org.apache.hadoop.ozone.protocolPB.OzoneManagerRequestHandler.getOzoneFileStatus(OzoneManagerRequestHandler.java:933) ~[ozone-manager-1.4.0-SNAPSHOT.jar:?]
	at org.apache.hadoop.ozone.protocolPB.OzoneManagerRequestHandler.handleReadRequest(OzoneManagerRequestHandler.java:238) ~[ozone-manager-1.4.0-SNAPSHOT.jar:?]
	at org.apache.hadoop.ozone.protocolPB.OzoneManagerProtocolServerSideTranslatorPB.submitReadRequestToOM(OzoneManagerProtocolServerSideTranslatorPB.java:223) ~[ozone-manager-1.4.0-SNAPSHOT.jar:?]
	at org.apache.hadoop.ozone.protocolPB.OzoneManagerProtocolServerSideTranslatorPB.processRequest(OzoneManagerProtocolServerSideTranslatorPB.java:177) ~[ozone-manager-1.4.0-SNAPSHOT.jar:?]
	at org.apache.hadoop.hdds.server.OzoneProtocolMessageDispatcher.processRequest(OzoneProtocolMessageDispatcher.java:87) [hdds-server-framework-1.4.0-SNAPSHOT.jar:?]
	at org.apache.hadoop.ozone.protocolPB.OzoneManagerProtocolServerSideTranslatorPB.submitRequest(OzoneManagerProtocolServerSideTranslatorPB.java:147) [ozone-manager-1.4.0-SNAPSHOT.jar:?]
	at org.apache.hadoop.ozone.protocol.proto.OzoneManagerProtocolProtos$OzoneManagerService$2.callBlockingMethod(OzoneManagerProtocolProtos.java) [ozone-interface-client-1.4.0-SNAPSHOT.jar:?]
	at org.apache.hadoop.ipc.ProtobufRpcEngine$Server.processCall(ProtobufRpcEngine.java:465) [hadoop-common-3.3.4.jar:?]
	at org.apache.hadoop.ipc.ProtobufRpcEngine2$Server$ProtoBufRpcInvoker.call(ProtobufRpcEngine2.java:578) [hadoop-common-3.3.4.jar:?]
	at org.apache.hadoop.ipc.ProtobufRpcEngine2$Server$ProtoBufRpcInvoker.call(ProtobufRpcEngine2.java:556) [hadoop-common-3.3.4.jar:?]
	at org.apache.hadoop.ipc.RPC$Server.call(RPC.java:1093) [hadoop-common-3.3.4.jar:?]
	at org.apache.hadoop.ipc.Server$RpcCall.run(Server.java:1043) [hadoop-common-3.3.4.jar:?]
	at org.apache.hadoop.ipc.Server$RpcCall.run(Server.java:971) [hadoop-common-3.3.4.jar:?]
	at java.security.AccessController.doPrivileged(Native Method) ~[?:1.8.0_362]
	at javax.security.auth.Subject.doAs(Subject.java:422) [?:1.8.0_362]
	at org.apache.hadoop.security.UserGroupInformation.doAs(UserGroupInformation.java:1878) [hadoop-common-3.3.4.jar:?]
	at org.apache.hadoop.ipc.Server$Handler.run(Server.java:2976) [hadoop-common-3.3.4.jar:?]
]]></system-out>
  </testcase>
  <testcase name="testRenameDir" classname="TestOzoneFileSystem" time="0.011">
    <system-out><![CDATA[2023-02-14 08:19:54,918 [Time-limited test] INFO  ozone.TestOzoneFileSystem (TestOzoneFileSystem.java:testRenameDir(1426)) - Created dir o3fs://bucket20487.volume12456/root_dir/dir1/sub_dir1
2023-02-14 08:19:54,918 [Time-limited test] INFO  ozone.TestOzoneFileSystem (TestOzoneFileSystem.java:testRenameDir(1427)) - Will move o3fs://bucket20487.volume12456/root_dir/dir1 to o3fs://bucket20487.volume12456/root_dir/dir1.renamed
08:19:54.919 [IPC Server handler 3 on default port 42497] ERROR OMAudit - user=runner | ip=127.0.0.1 | op=GET_FILE_STATUS {volume=volume12456, bucket=bucket20487, key=root_dir/dir1.renamed, dataSize=0, replicationConfig=null} | ret=FAILURE
org.apache.hadoop.ozone.om.exceptions.OMException: Unable to get file status: volume: volume12456 bucket: bucket20487 key: root_dir/dir1.renamed
	at org.apache.hadoop.ozone.om.KeyManagerImpl.getOzoneFileStatus(KeyManagerImpl.java:1162) ~[ozone-manager-1.4.0-SNAPSHOT.jar:?]
	at org.apache.hadoop.ozone.om.KeyManagerImpl.getFileStatus(KeyManagerImpl.java:1080) ~[ozone-manager-1.4.0-SNAPSHOT.jar:?]
	at org.apache.hadoop.ozone.om.OmMetadataReader.getFileStatus(OmMetadataReader.java:288) ~[ozone-manager-1.4.0-SNAPSHOT.jar:?]
	at org.apache.hadoop.ozone.om.OzoneManager.getFileStatus(OzoneManager.java:3449) ~[ozone-manager-1.4.0-SNAPSHOT.jar:?]
	at org.apache.hadoop.ozone.protocolPB.OzoneManagerRequestHandler.getOzoneFileStatus(OzoneManagerRequestHandler.java:933) ~[ozone-manager-1.4.0-SNAPSHOT.jar:?]
	at org.apache.hadoop.ozone.protocolPB.OzoneManagerRequestHandler.handleReadRequest(OzoneManagerRequestHandler.java:238) ~[ozone-manager-1.4.0-SNAPSHOT.jar:?]
	at org.apache.hadoop.ozone.protocolPB.OzoneManagerProtocolServerSideTranslatorPB.submitRequestDirectlyToOM(OzoneManagerProtocolServerSideTranslatorPB.java:271) ~[ozone-manager-1.4.0-SNAPSHOT.jar:?]
	at org.apache.hadoop.ozone.protocolPB.OzoneManagerProtocolServerSideTranslatorPB.processRequest(OzoneManagerProtocolServerSideTranslatorPB.java:173) ~[ozone-manager-1.4.0-SNAPSHOT.jar:?]
	at org.apache.hadoop.hdds.server.OzoneProtocolMessageDispatcher.processRequest(OzoneProtocolMessageDispatcher.java:87) [hdds-server-framework-1.4.0-SNAPSHOT.jar:?]
	at org.apache.hadoop.ozone.protocolPB.OzoneManagerProtocolServerSideTranslatorPB.submitRequest(OzoneManagerProtocolServerSideTranslatorPB.java:147) [ozone-manager-1.4.0-SNAPSHOT.jar:?]
	at org.apache.hadoop.ozone.protocol.proto.OzoneManagerProtocolProtos$OzoneManagerService$2.callBlockingMethod(OzoneManagerProtocolProtos.java) [ozone-interface-client-1.4.0-SNAPSHOT.jar:?]
	at org.apache.hadoop.ipc.ProtobufRpcEngine$Server.processCall(ProtobufRpcEngine.java:465) [hadoop-common-3.3.4.jar:?]
	at org.apache.hadoop.ipc.ProtobufRpcEngine2$Server$ProtoBufRpcInvoker.call(ProtobufRpcEngine2.java:578) [hadoop-common-3.3.4.jar:?]
	at org.apache.hadoop.ipc.ProtobufRpcEngine2$Server$ProtoBufRpcInvoker.call(ProtobufRpcEngine2.java:556) [hadoop-common-3.3.4.jar:?]
	at org.apache.hadoop.ipc.RPC$Server.call(RPC.java:1093) [hadoop-common-3.3.4.jar:?]
	at org.apache.hadoop.ipc.Server$RpcCall.run(Server.java:1043) [hadoop-common-3.3.4.jar:?]
	at org.apache.hadoop.ipc.Server$RpcCall.run(Server.java:971) [hadoop-common-3.3.4.jar:?]
	at java.security.AccessController.doPrivileged(Native Method) ~[?:1.8.0_362]
	at javax.security.auth.Subject.doAs(Subject.java:422) [?:1.8.0_362]
	at org.apache.hadoop.security.UserGroupInformation.doAs(UserGroupInformation.java:1878) [hadoop-common-3.3.4.jar:?]
	at org.apache.hadoop.ipc.Server$Handler.run(Server.java:2976) [hadoop-common-3.3.4.jar:?]
]]></system-out>
  </testcase>
  <testcase name="testListStatusIteratorOnSubDirs" classname="TestOzoneFileSystem" time="0.05">
    <system-out><![CDATA[2023-02-14 08:17:25,770 [OM StateMachine ApplyTransaction Thread - 0] INFO  key.OMKeyRequest (OMKeyRequest.java:wrapUncommittedBlocksAsPseudoKey(837)) - Detect allocated but uncommitted blocks [{blockID={containerID=1, localID=111677748019200003}, length=4194304, offset=0, token=null, pipeline=null, createVersion=0, partNumber=0}] in key dir1/dir12/file121.
]]></system-out>
  </testcase>
  <testcase name="testListStatusIteratorOnSubDirs" classname="TestOzoneFileSystem" time="0.011">
    <system-out><![CDATA[2023-02-14 08:18:23,955 [IPC Server handler 7 on default port 34455] INFO  key.OMKeyRequest (OMKeyRequest.java:wrapUncommittedBlocksAsPseudoKey(837)) - Detect allocated but uncommitted blocks [{blockID={containerID=1, localID=111677748019200003}, length=4194304, offset=0, token=null, pipeline=null, createVersion=0, partNumber=0}] in key dir1/dir12/file121.
]]></system-out>
  </testcase>
  <testcase name="testListStatusIteratorOnSubDirs" classname="TestOzoneFileSystem" time="0.014">
    <system-out><![CDATA[2023-02-14 08:19:07,729 [OM StateMachine ApplyTransaction Thread - 0] INFO  key.OMKeyRequest (OMKeyRequest.java:wrapUncommittedBlocksAsPseudoKey(837)) - Detect allocated but uncommitted blocks [{blockID={containerID=3, localID=111677748019200003}, length=4194304, offset=0, token=null, pipeline=null, createVersion=0, partNumber=0}] in key dir1/dir12/file121.
]]></system-out>
  </testcase>
  <testcase name="testListStatusIteratorOnSubDirs" classname="TestOzoneFileSystem" time="0.01">
    <system-out><![CDATA[2023-02-14 08:19:54,930 [IPC Server handler 11 on default port 42497] INFO  key.OMKeyRequest (OMKeyRequest.java:wrapUncommittedBlocksAsPseudoKey(837)) - Detect allocated but uncommitted blocks [{blockID={containerID=1, localID=111677748019200003}, length=4194304, offset=0, token=null, pipeline=null, createVersion=0, partNumber=0}] in key dir1/dir12/file121.
]]></system-out>
  </testcase>
  <testcase name="testAllocateMoreThanOneBlock" classname="TestOzoneFileSystem" time="0.423"/>
  <testcase name="testAllocateMoreThanOneBlock" classname="TestOzoneFileSystem" time="0.332">
    <system-out><![CDATA[2023-02-14 08:18:24,058 [b5737586-1c7b-466e-b8cb-d0d8351e95e3@group-A525657B0CD2-FollowerState] INFO  impl.FollowerState (FollowerState.java:run(143)) - b5737586-1c7b-466e-b8cb-d0d8351e95e3@group-A525657B0CD2-FollowerState: change to CANDIDATE, lastRpcElapsedTime:5044260585ns, electionTimeout:5036ms
2023-02-14 08:18:24,058 [b5737586-1c7b-466e-b8cb-d0d8351e95e3@group-A525657B0CD2-FollowerState] INFO  impl.RoleInfo (RoleInfo.java:shutdownFollowerState(110)) - b5737586-1c7b-466e-b8cb-d0d8351e95e3: shutdown b5737586-1c7b-466e-b8cb-d0d8351e95e3@group-A525657B0CD2-FollowerState
2023-02-14 08:18:24,058 [b5737586-1c7b-466e-b8cb-d0d8351e95e3@group-A525657B0CD2-FollowerState] INFO  server.RaftServer$Division (RaftServerImpl.java:setRole(321)) - b5737586-1c7b-466e-b8cb-d0d8351e95e3@group-A525657B0CD2: changes role from  FOLLOWER to CANDIDATE at term 0 for changeToCandidate
2023-02-14 08:18:24,058 [b5737586-1c7b-466e-b8cb-d0d8351e95e3@group-A525657B0CD2-FollowerState] INFO  server.RaftServerConfigKeys (ConfUtils.java:logGet(46)) - raft.server.leaderelection.pre-vote = false (custom)
2023-02-14 08:18:24,058 [b5737586-1c7b-466e-b8cb-d0d8351e95e3@group-A525657B0CD2-FollowerState] INFO  impl.RoleInfo (RoleInfo.java:updateAndGet(139)) - b5737586-1c7b-466e-b8cb-d0d8351e95e3: start b5737586-1c7b-466e-b8cb-d0d8351e95e3@group-A525657B0CD2-LeaderElection18
2023-02-14 08:18:24,088 [b5737586-1c7b-466e-b8cb-d0d8351e95e3@group-A525657B0CD2-LeaderElection18] INFO  impl.LeaderElection (LeaderElection.java:askForVotes(312)) - b5737586-1c7b-466e-b8cb-d0d8351e95e3@group-A525657B0CD2-LeaderElection18 ELECTION round 0: submit vote requests at term 1 for -1: peers:[b5737586-1c7b-466e-b8cb-d0d8351e95e3|rpc:10.1.0.19:36425|dataStream:10.1.0.19:38459|priority:1|startupRole:FOLLOWER]|listeners:[], old=null
2023-02-14 08:18:24,088 [b5737586-1c7b-466e-b8cb-d0d8351e95e3@group-A525657B0CD2-LeaderElection18] INFO  impl.LeaderElection (LeaderElection.java:askForVotes(314)) - b5737586-1c7b-466e-b8cb-d0d8351e95e3@group-A525657B0CD2-LeaderElection18 ELECTION round 0: result PASSED (term=1)
2023-02-14 08:18:24,088 [b5737586-1c7b-466e-b8cb-d0d8351e95e3@group-A525657B0CD2-LeaderElection18] INFO  impl.RoleInfo (RoleInfo.java:shutdownLeaderElection(130)) - b5737586-1c7b-466e-b8cb-d0d8351e95e3: shutdown b5737586-1c7b-466e-b8cb-d0d8351e95e3@group-A525657B0CD2-LeaderElection18
2023-02-14 08:18:24,088 [b5737586-1c7b-466e-b8cb-d0d8351e95e3@group-A525657B0CD2-LeaderElection18] INFO  server.RaftServer$Division (RaftServerImpl.java:setRole(321)) - b5737586-1c7b-466e-b8cb-d0d8351e95e3@group-A525657B0CD2: changes role from CANDIDATE to LEADER at term 1 for changeToLeader
2023-02-14 08:18:24,088 [b5737586-1c7b-466e-b8cb-d0d8351e95e3@group-A525657B0CD2-LeaderElection18] INFO  ratis.XceiverServerRatis (XceiverServerRatis.java:handleLeaderChangedNotification(905)) - Leader change notification received for group: group-A525657B0CD2 with new leaderId: b5737586-1c7b-466e-b8cb-d0d8351e95e3
2023-02-14 08:18:24,099 [b5737586-1c7b-466e-b8cb-d0d8351e95e3@group-A525657B0CD2-LeaderElection18] INFO  server.RaftServer$Division (ServerState.java:setLeader(313)) - b5737586-1c7b-466e-b8cb-d0d8351e95e3@group-A525657B0CD2: change Leader from null to b5737586-1c7b-466e-b8cb-d0d8351e95e3 at term 1 for becomeLeader, leader elected after 5083ms
2023-02-14 08:18:24,100 [b5737586-1c7b-466e-b8cb-d0d8351e95e3@group-A525657B0CD2-LeaderElection18] INFO  server.RaftServerConfigKeys (ConfUtils.java:logGet(46)) - raft.server.staging.catchup.gap = 1000 (default)
2023-02-14 08:18:24,100 [b5737586-1c7b-466e-b8cb-d0d8351e95e3@group-A525657B0CD2-LeaderElection18] INFO  server.RaftServerConfigKeys (ConfUtils.java:logGet(46)) - raft.server.write.element-limit = 1024 (custom)
2023-02-14 08:18:24,100 [b5737586-1c7b-466e-b8cb-d0d8351e95e3@group-A525657B0CD2-LeaderElection18] INFO  server.RaftServerConfigKeys (ConfUtils.java:logGet(46)) - raft.server.write.byte-limit = 1024 M (=1073741824) (custom)
2023-02-14 08:18:24,100 [b5737586-1c7b-466e-b8cb-d0d8351e95e3@group-A525657B0CD2-LeaderElection18] INFO  server.RaftServerConfigKeys (ConfUtils.java:logGet(46)) - raft.server.watch.timeout = 180s (custom)
2023-02-14 08:18:24,100 [b5737586-1c7b-466e-b8cb-d0d8351e95e3@group-A525657B0CD2-LeaderElection18] INFO  server.RaftServerConfigKeys (ConfUtils.java:logGet(46)) - raft.server.watch.timeout.denomination = 1s (default)
2023-02-14 08:18:24,100 [b5737586-1c7b-466e-b8cb-d0d8351e95e3@group-A525657B0CD2-LeaderElection18] INFO  server.RaftServerConfigKeys (ConfUtils.java:logGet(46)) - raft.server.watch.element-limit = 65536 (default)
2023-02-14 08:18:24,100 [b5737586-1c7b-466e-b8cb-d0d8351e95e3@group-A525657B0CD2-LeaderElection18] INFO  server.RaftServerConfigKeys (ConfUtils.java:logGet(46)) - raft.server.write.element-limit = 1024 (custom)
2023-02-14 08:18:24,100 [b5737586-1c7b-466e-b8cb-d0d8351e95e3@group-A525657B0CD2-LeaderElection18] INFO  server.RaftServerConfigKeys (ConfUtils.java:logGet(46)) - raft.server.write.follower.gap.ratio.max = -1.0 (default)
2023-02-14 08:18:24,100 [b5737586-1c7b-466e-b8cb-d0d8351e95e3@group-A525657B0CD2-LeaderElection18] INFO  impl.RoleInfo (RoleInfo.java:updateAndGet(139)) - b5737586-1c7b-466e-b8cb-d0d8351e95e3: start b5737586-1c7b-466e-b8cb-d0d8351e95e3@group-A525657B0CD2-LeaderStateImpl
2023-02-14 08:18:24,100 [b5737586-1c7b-466e-b8cb-d0d8351e95e3@group-A525657B0CD2-LeaderElection18] INFO  segmented.SegmentedRaftLogWorker (SegmentedRaftLogWorker.java:startLogSegment(452)) - b5737586-1c7b-466e-b8cb-d0d8351e95e3@group-A525657B0CD2-SegmentedRaftLogWorker: Starting segment from index:0
2023-02-14 08:18:24,101 [b5737586-1c7b-466e-b8cb-d0d8351e95e3@group-A525657B0CD2-SegmentedRaftLogWorker] INFO  segmented.SegmentedRaftLogWorker (SegmentedRaftLogWorker.java:execute(656)) - b5737586-1c7b-466e-b8cb-d0d8351e95e3@group-A525657B0CD2-SegmentedRaftLogWorker: created new log segment /home/runner/work/ozone/ozone/hadoop-ozone/integration-test/target/test-dir/MiniOzoneClusterImpl-48139d39-b3ff-469d-bfde-a70ccbd6566f/datanode-2/data/ratis/4488eb3c-5024-4567-8782-a525657b0cd2/current/log_inprogress_0
2023-02-14 08:18:24,107 [b5737586-1c7b-466e-b8cb-d0d8351e95e3@group-A525657B0CD2-LeaderElection18] INFO  server.RaftServer$Division (ServerState.java:setRaftConf(430)) - b5737586-1c7b-466e-b8cb-d0d8351e95e3@group-A525657B0CD2: set configuration 0: peers:[b5737586-1c7b-466e-b8cb-d0d8351e95e3|rpc:10.1.0.19:36425|dataStream:10.1.0.19:38459|priority:1|startupRole:FOLLOWER]|listeners:[], old=null
]]></system-out>
  </testcase>
  <testcase name="testAllocateMoreThanOneBlock" classname="TestOzoneFileSystem" time="0.597">
    <system-out><![CDATA[2023-02-14 08:19:08,092 [JvmPauseMonitor14] WARN  util.JvmPauseMonitor (JvmPauseMonitor.java:detectPause(126)) - JvmPauseMonitor-23624866-2448-40b4-b246-86425eff7cca: Detected pause in JVM or host machine (eg GC): pause of approximately 198399977ns.
GC pool 'PS MarkSweep' had collection(s): count=1 time=217ms
GC pool 'PS Scavenge' had collection(s): count=1 time=81ms
2023-02-14 08:19:08,100 [23624866-2448-40b4-b246-86425eff7cca@group-E8982B25E58D-FollowerState] INFO  impl.FollowerState (FollowerState.java:run(143)) - 23624866-2448-40b4-b246-86425eff7cca@group-E8982B25E58D-FollowerState: change to CANDIDATE, lastRpcElapsedTime:5226913135ns, electionTimeout:5101ms
2023-02-14 08:19:08,100 [23624866-2448-40b4-b246-86425eff7cca@group-E8982B25E58D-FollowerState] INFO  impl.RoleInfo (RoleInfo.java:shutdownFollowerState(110)) - 23624866-2448-40b4-b246-86425eff7cca: shutdown 23624866-2448-40b4-b246-86425eff7cca@group-E8982B25E58D-FollowerState
2023-02-14 08:19:08,100 [23624866-2448-40b4-b246-86425eff7cca@group-E8982B25E58D-FollowerState] INFO  server.RaftServer$Division (RaftServerImpl.java:setRole(321)) - 23624866-2448-40b4-b246-86425eff7cca@group-E8982B25E58D: changes role from  FOLLOWER to CANDIDATE at term 0 for changeToCandidate
2023-02-14 08:19:08,100 [23624866-2448-40b4-b246-86425eff7cca@group-E8982B25E58D-FollowerState] INFO  server.RaftServerConfigKeys (ConfUtils.java:logGet(46)) - raft.server.leaderelection.pre-vote = false (custom)
2023-02-14 08:19:08,100 [23624866-2448-40b4-b246-86425eff7cca@group-E8982B25E58D-FollowerState] INFO  impl.RoleInfo (RoleInfo.java:updateAndGet(139)) - 23624866-2448-40b4-b246-86425eff7cca: start 23624866-2448-40b4-b246-86425eff7cca@group-E8982B25E58D-LeaderElection31
2023-02-14 08:19:08,094 [JvmPauseMonitor11] WARN  util.JvmPauseMonitor (JvmPauseMonitor.java:detectPause(126)) - JvmPauseMonitor-om1: Detected pause in JVM or host machine (eg GC): pause of approximately 273066489ns.
GC pool 'PS MarkSweep' had collection(s): count=1 time=217ms
GC pool 'PS Scavenge' had collection(s): count=1 time=81ms
2023-02-14 08:19:08,116 [23624866-2448-40b4-b246-86425eff7cca@group-E8982B25E58D-LeaderElection31] INFO  impl.LeaderElection (LeaderElection.java:askForVotes(312)) - 23624866-2448-40b4-b246-86425eff7cca@group-E8982B25E58D-LeaderElection31 ELECTION round 0: submit vote requests at term 1 for -1: peers:[23624866-2448-40b4-b246-86425eff7cca|rpc:10.1.0.19:37675|dataStream:10.1.0.19:40961|priority:1|startupRole:FOLLOWER]|listeners:[], old=null
2023-02-14 08:19:08,116 [23624866-2448-40b4-b246-86425eff7cca@group-E8982B25E58D-LeaderElection31] INFO  impl.LeaderElection (LeaderElection.java:askForVotes(314)) - 23624866-2448-40b4-b246-86425eff7cca@group-E8982B25E58D-LeaderElection31 ELECTION round 0: result PASSED (term=1)
2023-02-14 08:19:08,116 [23624866-2448-40b4-b246-86425eff7cca@group-E8982B25E58D-LeaderElection31] INFO  impl.RoleInfo (RoleInfo.java:shutdownLeaderElection(130)) - 23624866-2448-40b4-b246-86425eff7cca: shutdown 23624866-2448-40b4-b246-86425eff7cca@group-E8982B25E58D-LeaderElection31
2023-02-14 08:19:08,116 [23624866-2448-40b4-b246-86425eff7cca@group-E8982B25E58D-LeaderElection31] INFO  server.RaftServer$Division (RaftServerImpl.java:setRole(321)) - 23624866-2448-40b4-b246-86425eff7cca@group-E8982B25E58D: changes role from CANDIDATE to LEADER at term 1 for changeToLeader
2023-02-14 08:19:08,116 [23624866-2448-40b4-b246-86425eff7cca@group-E8982B25E58D-LeaderElection31] INFO  ratis.XceiverServerRatis (XceiverServerRatis.java:handleLeaderChangedNotification(905)) - Leader change notification received for group: group-E8982B25E58D with new leaderId: 23624866-2448-40b4-b246-86425eff7cca
2023-02-14 08:19:08,117 [23624866-2448-40b4-b246-86425eff7cca@group-E8982B25E58D-LeaderElection31] INFO  server.RaftServer$Division (ServerState.java:setLeader(313)) - 23624866-2448-40b4-b246-86425eff7cca@group-E8982B25E58D: change Leader from null to 23624866-2448-40b4-b246-86425eff7cca at term 1 for becomeLeader, leader elected after 5259ms
2023-02-14 08:19:08,117 [23624866-2448-40b4-b246-86425eff7cca@group-E8982B25E58D-LeaderElection31] INFO  server.RaftServerConfigKeys (ConfUtils.java:logGet(46)) - raft.server.staging.catchup.gap = 1000 (default)
2023-02-14 08:19:08,120 [23624866-2448-40b4-b246-86425eff7cca@group-E8982B25E58D-LeaderElection31] INFO  server.RaftServerConfigKeys (ConfUtils.java:logGet(46)) - raft.server.write.element-limit = 1024 (custom)
2023-02-14 08:19:08,120 [23624866-2448-40b4-b246-86425eff7cca@group-E8982B25E58D-LeaderElection31] INFO  server.RaftServerConfigKeys (ConfUtils.java:logGet(46)) - raft.server.write.byte-limit = 1024 M (=1073741824) (custom)
2023-02-14 08:19:08,121 [23624866-2448-40b4-b246-86425eff7cca@group-E8982B25E58D-LeaderElection31] INFO  server.RaftServerConfigKeys (ConfUtils.java:logGet(46)) - raft.server.watch.timeout = 180s (custom)
2023-02-14 08:19:08,121 [23624866-2448-40b4-b246-86425eff7cca@group-E8982B25E58D-LeaderElection31] INFO  server.RaftServerConfigKeys (ConfUtils.java:logGet(46)) - raft.server.watch.timeout.denomination = 1s (default)
2023-02-14 08:19:08,121 [23624866-2448-40b4-b246-86425eff7cca@group-E8982B25E58D-LeaderElection31] INFO  server.RaftServerConfigKeys (ConfUtils.java:logGet(46)) - raft.server.watch.element-limit = 65536 (default)
2023-02-14 08:19:08,121 [23624866-2448-40b4-b246-86425eff7cca@group-E8982B25E58D-LeaderElection31] INFO  server.RaftServerConfigKeys (ConfUtils.java:logGet(46)) - raft.server.write.element-limit = 1024 (custom)
2023-02-14 08:19:08,121 [23624866-2448-40b4-b246-86425eff7cca@group-E8982B25E58D-LeaderElection31] INFO  server.RaftServerConfigKeys (ConfUtils.java:logGet(46)) - raft.server.write.follower.gap.ratio.max = -1.0 (default)
2023-02-14 08:19:08,121 [23624866-2448-40b4-b246-86425eff7cca@group-E8982B25E58D-LeaderElection31] INFO  impl.RoleInfo (RoleInfo.java:updateAndGet(139)) - 23624866-2448-40b4-b246-86425eff7cca: start 23624866-2448-40b4-b246-86425eff7cca@group-E8982B25E58D-LeaderStateImpl
2023-02-14 08:19:08,121 [23624866-2448-40b4-b246-86425eff7cca@group-E8982B25E58D-LeaderElection31] INFO  segmented.SegmentedRaftLogWorker (SegmentedRaftLogWorker.java:startLogSegment(452)) - 23624866-2448-40b4-b246-86425eff7cca@group-E8982B25E58D-SegmentedRaftLogWorker: Starting segment from index:0
2023-02-14 08:19:08,122 [23624866-2448-40b4-b246-86425eff7cca@group-E8982B25E58D-SegmentedRaftLogWorker] INFO  segmented.SegmentedRaftLogWorker (SegmentedRaftLogWorker.java:execute(656)) - 23624866-2448-40b4-b246-86425eff7cca@group-E8982B25E58D-SegmentedRaftLogWorker: created new log segment /home/runner/work/ozone/ozone/hadoop-ozone/integration-test/target/test-dir/MiniOzoneClusterImpl-9064264e-2b58-4737-9fe3-fdda8e014d69/datanode-2/data/ratis/a140a3da-e262-43c7-a7ad-e8982b25e58d/current/log_inprogress_0
2023-02-14 08:19:08,138 [23624866-2448-40b4-b246-86425eff7cca@group-E8982B25E58D-LeaderElection31] INFO  server.RaftServer$Division (ServerState.java:setRaftConf(430)) - 23624866-2448-40b4-b246-86425eff7cca@group-E8982B25E58D: set configuration 0: peers:[23624866-2448-40b4-b246-86425eff7cca|rpc:10.1.0.19:37675|dataStream:10.1.0.19:40961|priority:1|startupRole:FOLLOWER]|listeners:[], old=null
]]></system-out>
  </testcase>
  <testcase name="testAllocateMoreThanOneBlock" classname="TestOzoneFileSystem" time="0.218">
    <system-out><![CDATA[2023-02-14 08:19:54,978 [6359aaa4-8509-4a3b-a3c1-a8ea6163a916@group-B5522A2C0CE1-FollowerState] INFO  impl.FollowerState (FollowerState.java:run(143)) - 6359aaa4-8509-4a3b-a3c1-a8ea6163a916@group-B5522A2C0CE1-FollowerState: change to CANDIDATE, lastRpcElapsedTime:5181824866ns, electionTimeout:5177ms
2023-02-14 08:19:54,978 [6359aaa4-8509-4a3b-a3c1-a8ea6163a916@group-B5522A2C0CE1-FollowerState] INFO  impl.RoleInfo (RoleInfo.java:shutdownFollowerState(110)) - 6359aaa4-8509-4a3b-a3c1-a8ea6163a916: shutdown 6359aaa4-8509-4a3b-a3c1-a8ea6163a916@group-B5522A2C0CE1-FollowerState
2023-02-14 08:19:54,978 [6359aaa4-8509-4a3b-a3c1-a8ea6163a916@group-B5522A2C0CE1-FollowerState] INFO  server.RaftServer$Division (RaftServerImpl.java:setRole(321)) - 6359aaa4-8509-4a3b-a3c1-a8ea6163a916@group-B5522A2C0CE1: changes role from  FOLLOWER to CANDIDATE at term 0 for changeToCandidate
2023-02-14 08:19:54,978 [6359aaa4-8509-4a3b-a3c1-a8ea6163a916@group-B5522A2C0CE1-FollowerState] INFO  server.RaftServerConfigKeys (ConfUtils.java:logGet(46)) - raft.server.leaderelection.pre-vote = false (custom)
2023-02-14 08:19:54,978 [6359aaa4-8509-4a3b-a3c1-a8ea6163a916@group-B5522A2C0CE1-FollowerState] INFO  impl.RoleInfo (RoleInfo.java:updateAndGet(139)) - 6359aaa4-8509-4a3b-a3c1-a8ea6163a916: start 6359aaa4-8509-4a3b-a3c1-a8ea6163a916@group-B5522A2C0CE1-LeaderElection37
2023-02-14 08:19:55,008 [6359aaa4-8509-4a3b-a3c1-a8ea6163a916@group-B5522A2C0CE1-LeaderElection37] INFO  impl.LeaderElection (LeaderElection.java:askForVotes(312)) - 6359aaa4-8509-4a3b-a3c1-a8ea6163a916@group-B5522A2C0CE1-LeaderElection37 ELECTION round 0: submit vote requests at term 1 for -1: peers:[6359aaa4-8509-4a3b-a3c1-a8ea6163a916|rpc:10.1.0.19:41443|dataStream:10.1.0.19:42567|priority:1|startupRole:FOLLOWER]|listeners:[], old=null
2023-02-14 08:19:55,010 [6359aaa4-8509-4a3b-a3c1-a8ea6163a916@group-B5522A2C0CE1-LeaderElection37] INFO  impl.LeaderElection (LeaderElection.java:askForVotes(314)) - 6359aaa4-8509-4a3b-a3c1-a8ea6163a916@group-B5522A2C0CE1-LeaderElection37 ELECTION round 0: result PASSED (term=1)
2023-02-14 08:19:55,010 [6359aaa4-8509-4a3b-a3c1-a8ea6163a916@group-B5522A2C0CE1-LeaderElection37] INFO  impl.RoleInfo (RoleInfo.java:shutdownLeaderElection(130)) - 6359aaa4-8509-4a3b-a3c1-a8ea6163a916: shutdown 6359aaa4-8509-4a3b-a3c1-a8ea6163a916@group-B5522A2C0CE1-LeaderElection37
2023-02-14 08:19:55,010 [6359aaa4-8509-4a3b-a3c1-a8ea6163a916@group-B5522A2C0CE1-LeaderElection37] INFO  server.RaftServer$Division (RaftServerImpl.java:setRole(321)) - 6359aaa4-8509-4a3b-a3c1-a8ea6163a916@group-B5522A2C0CE1: changes role from CANDIDATE to LEADER at term 1 for changeToLeader
2023-02-14 08:19:55,010 [6359aaa4-8509-4a3b-a3c1-a8ea6163a916@group-B5522A2C0CE1-LeaderElection37] INFO  ratis.XceiverServerRatis (XceiverServerRatis.java:handleLeaderChangedNotification(905)) - Leader change notification received for group: group-B5522A2C0CE1 with new leaderId: 6359aaa4-8509-4a3b-a3c1-a8ea6163a916
2023-02-14 08:19:55,014 [6359aaa4-8509-4a3b-a3c1-a8ea6163a916@group-B5522A2C0CE1-LeaderElection37] INFO  server.RaftServer$Division (ServerState.java:setLeader(313)) - 6359aaa4-8509-4a3b-a3c1-a8ea6163a916@group-B5522A2C0CE1: change Leader from null to 6359aaa4-8509-4a3b-a3c1-a8ea6163a916 at term 1 for becomeLeader, leader elected after 5241ms
2023-02-14 08:19:55,014 [6359aaa4-8509-4a3b-a3c1-a8ea6163a916@group-B5522A2C0CE1-LeaderElection37] INFO  server.RaftServerConfigKeys (ConfUtils.java:logGet(46)) - raft.server.staging.catchup.gap = 1000 (default)
2023-02-14 08:19:55,016 [6359aaa4-8509-4a3b-a3c1-a8ea6163a916@group-B5522A2C0CE1-LeaderElection37] INFO  server.RaftServerConfigKeys (ConfUtils.java:logGet(46)) - raft.server.write.element-limit = 1024 (custom)
2023-02-14 08:19:55,016 [6359aaa4-8509-4a3b-a3c1-a8ea6163a916@group-B5522A2C0CE1-LeaderElection37] INFO  server.RaftServerConfigKeys (ConfUtils.java:logGet(46)) - raft.server.write.byte-limit = 1024 M (=1073741824) (custom)
2023-02-14 08:19:55,017 [6359aaa4-8509-4a3b-a3c1-a8ea6163a916@group-B5522A2C0CE1-LeaderElection37] INFO  server.RaftServerConfigKeys (ConfUtils.java:logGet(46)) - raft.server.watch.timeout = 180s (custom)
2023-02-14 08:19:55,017 [6359aaa4-8509-4a3b-a3c1-a8ea6163a916@group-B5522A2C0CE1-LeaderElection37] INFO  server.RaftServerConfigKeys (ConfUtils.java:logGet(46)) - raft.server.watch.timeout.denomination = 1s (default)
2023-02-14 08:19:55,017 [6359aaa4-8509-4a3b-a3c1-a8ea6163a916@group-B5522A2C0CE1-LeaderElection37] INFO  server.RaftServerConfigKeys (ConfUtils.java:logGet(46)) - raft.server.watch.element-limit = 65536 (default)
2023-02-14 08:19:55,017 [6359aaa4-8509-4a3b-a3c1-a8ea6163a916@group-B5522A2C0CE1-LeaderElection37] INFO  server.RaftServerConfigKeys (ConfUtils.java:logGet(46)) - raft.server.write.element-limit = 1024 (custom)
2023-02-14 08:19:55,017 [6359aaa4-8509-4a3b-a3c1-a8ea6163a916@group-B5522A2C0CE1-LeaderElection37] INFO  server.RaftServerConfigKeys (ConfUtils.java:logGet(46)) - raft.server.write.follower.gap.ratio.max = -1.0 (default)
2023-02-14 08:19:55,017 [6359aaa4-8509-4a3b-a3c1-a8ea6163a916@group-B5522A2C0CE1-LeaderElection37] INFO  impl.RoleInfo (RoleInfo.java:updateAndGet(139)) - 6359aaa4-8509-4a3b-a3c1-a8ea6163a916: start 6359aaa4-8509-4a3b-a3c1-a8ea6163a916@group-B5522A2C0CE1-LeaderStateImpl
2023-02-14 08:19:55,017 [6359aaa4-8509-4a3b-a3c1-a8ea6163a916@group-B5522A2C0CE1-LeaderElection37] INFO  segmented.SegmentedRaftLogWorker (SegmentedRaftLogWorker.java:startLogSegment(452)) - 6359aaa4-8509-4a3b-a3c1-a8ea6163a916@group-B5522A2C0CE1-SegmentedRaftLogWorker: Starting segment from index:0
2023-02-14 08:19:55,018 [6359aaa4-8509-4a3b-a3c1-a8ea6163a916@group-B5522A2C0CE1-SegmentedRaftLogWorker] INFO  segmented.SegmentedRaftLogWorker (SegmentedRaftLogWorker.java:execute(656)) - 6359aaa4-8509-4a3b-a3c1-a8ea6163a916@group-B5522A2C0CE1-SegmentedRaftLogWorker: created new log segment /home/runner/work/ozone/ozone/hadoop-ozone/integration-test/target/test-dir/MiniOzoneClusterImpl-9d03416f-dff1-44af-a51b-f90497d61693/datanode-1/data/ratis/a5aed3ba-6033-4e78-a62e-b5522a2c0ce1/current/log_inprogress_0
2023-02-14 08:19:55,020 [6359aaa4-8509-4a3b-a3c1-a8ea6163a916@group-B5522A2C0CE1-LeaderElection37] INFO  server.RaftServer$Division (ServerState.java:setRaftConf(430)) - 6359aaa4-8509-4a3b-a3c1-a8ea6163a916@group-B5522A2C0CE1: set configuration 0: peers:[6359aaa4-8509-4a3b-a3c1-a8ea6163a916|rpc:10.1.0.19:41443|dataStream:10.1.0.19:42567|priority:1|startupRole:FOLLOWER]|listeners:[], old=null
]]></system-out>
  </testcase>
  <testcase name="testRenameToExistingDir" classname="TestOzoneFileSystem" time="0.053">
    <system-out><![CDATA[08:17:26.246 [IPC Server handler 11 on default port 34711] ERROR OMAudit - user=runner | ip=127.0.0.1 | op=LIST_STATUS {volume=volume67802, bucket=bucket15311, key=b/a, dataSize=0, replicationConfig=null} | ret=FAILURE
org.apache.hadoop.ozone.om.exceptions.OMException: Unable to get file status: volume: volume67802 bucket: bucket15311 key: b/a
	at org.apache.hadoop.ozone.om.KeyManagerImpl.getOzoneFileStatus(KeyManagerImpl.java:1162) ~[ozone-manager-1.4.0-SNAPSHOT.jar:?]
	at org.apache.hadoop.ozone.om.KeyManagerImpl.getFileStatus(KeyManagerImpl.java:1080) ~[ozone-manager-1.4.0-SNAPSHOT.jar:?]
	at org.apache.hadoop.ozone.om.KeyManagerImpl.listStatus(KeyManagerImpl.java:1443) ~[ozone-manager-1.4.0-SNAPSHOT.jar:?]
	at org.apache.hadoop.ozone.om.OmMetadataReader.listStatus(OmMetadataReader.java:261) ~[ozone-manager-1.4.0-SNAPSHOT.jar:?]
	at org.apache.hadoop.ozone.om.OzoneManager.listStatus(OzoneManager.java:3468) ~[ozone-manager-1.4.0-SNAPSHOT.jar:?]
	at org.apache.hadoop.ozone.protocolPB.OzoneManagerRequestHandler.listStatus(OzoneManagerRequestHandler.java:1097) ~[ozone-manager-1.4.0-SNAPSHOT.jar:?]
	at org.apache.hadoop.ozone.protocolPB.OzoneManagerRequestHandler.handleReadRequest(OzoneManagerRequestHandler.java:249) ~[ozone-manager-1.4.0-SNAPSHOT.jar:?]
	at org.apache.hadoop.ozone.protocolPB.OzoneManagerProtocolServerSideTranslatorPB.submitReadRequestToOM(OzoneManagerProtocolServerSideTranslatorPB.java:223) ~[ozone-manager-1.4.0-SNAPSHOT.jar:?]
	at org.apache.hadoop.ozone.protocolPB.OzoneManagerProtocolServerSideTranslatorPB.processRequest(OzoneManagerProtocolServerSideTranslatorPB.java:177) ~[ozone-manager-1.4.0-SNAPSHOT.jar:?]
	at org.apache.hadoop.hdds.server.OzoneProtocolMessageDispatcher.processRequest(OzoneProtocolMessageDispatcher.java:87) [hdds-server-framework-1.4.0-SNAPSHOT.jar:?]
	at org.apache.hadoop.ozone.protocolPB.OzoneManagerProtocolServerSideTranslatorPB.submitRequest(OzoneManagerProtocolServerSideTranslatorPB.java:147) [ozone-manager-1.4.0-SNAPSHOT.jar:?]
	at org.apache.hadoop.ozone.protocol.proto.OzoneManagerProtocolProtos$OzoneManagerService$2.callBlockingMethod(OzoneManagerProtocolProtos.java) [ozone-interface-client-1.4.0-SNAPSHOT.jar:?]
	at org.apache.hadoop.ipc.ProtobufRpcEngine$Server.processCall(ProtobufRpcEngine.java:465) [hadoop-common-3.3.4.jar:?]
	at org.apache.hadoop.ipc.ProtobufRpcEngine2$Server$ProtoBufRpcInvoker.call(ProtobufRpcEngine2.java:578) [hadoop-common-3.3.4.jar:?]
	at org.apache.hadoop.ipc.ProtobufRpcEngine2$Server$ProtoBufRpcInvoker.call(ProtobufRpcEngine2.java:556) [hadoop-common-3.3.4.jar:?]
	at org.apache.hadoop.ipc.RPC$Server.call(RPC.java:1093) [hadoop-common-3.3.4.jar:?]
	at org.apache.hadoop.ipc.Server$RpcCall.run(Server.java:1043) [hadoop-common-3.3.4.jar:?]
	at org.apache.hadoop.ipc.Server$RpcCall.run(Server.java:971) [hadoop-common-3.3.4.jar:?]
	at java.security.AccessController.doPrivileged(Native Method) ~[?:1.8.0_362]
	at javax.security.auth.Subject.doAs(Subject.java:422) [?:1.8.0_362]
	at org.apache.hadoop.security.UserGroupInformation.doAs(UserGroupInformation.java:1878) [hadoop-common-3.3.4.jar:?]
	at org.apache.hadoop.ipc.Server$Handler.run(Server.java:2976) [hadoop-common-3.3.4.jar:?]
]]></system-out>
  </testcase>
  <testcase name="testRenameToExistingDir" classname="TestOzoneFileSystem" time="0.017">
    <system-out><![CDATA[08:18:24.303 [IPC Server handler 13 on default port 34455] ERROR OMAudit - user=runner | ip=127.0.0.1 | op=LIST_STATUS {volume=volume94786, bucket=bucket02286, key=b/a, dataSize=0, replicationConfig=null} | ret=FAILURE
org.apache.hadoop.ozone.om.exceptions.OMException: Unable to get file status: volume: volume94786 bucket: bucket02286 key: b/a
	at org.apache.hadoop.ozone.om.KeyManagerImpl.getOzoneFileStatus(KeyManagerImpl.java:1162) ~[ozone-manager-1.4.0-SNAPSHOT.jar:?]
	at org.apache.hadoop.ozone.om.KeyManagerImpl.getFileStatus(KeyManagerImpl.java:1080) ~[ozone-manager-1.4.0-SNAPSHOT.jar:?]
	at org.apache.hadoop.ozone.om.KeyManagerImpl.listStatus(KeyManagerImpl.java:1443) ~[ozone-manager-1.4.0-SNAPSHOT.jar:?]
	at org.apache.hadoop.ozone.om.OmMetadataReader.listStatus(OmMetadataReader.java:261) ~[ozone-manager-1.4.0-SNAPSHOT.jar:?]
	at org.apache.hadoop.ozone.om.OzoneManager.listStatus(OzoneManager.java:3468) ~[ozone-manager-1.4.0-SNAPSHOT.jar:?]
	at org.apache.hadoop.ozone.protocolPB.OzoneManagerRequestHandler.listStatus(OzoneManagerRequestHandler.java:1097) ~[ozone-manager-1.4.0-SNAPSHOT.jar:?]
	at org.apache.hadoop.ozone.protocolPB.OzoneManagerRequestHandler.handleReadRequest(OzoneManagerRequestHandler.java:249) ~[ozone-manager-1.4.0-SNAPSHOT.jar:?]
	at org.apache.hadoop.ozone.protocolPB.OzoneManagerProtocolServerSideTranslatorPB.submitRequestDirectlyToOM(OzoneManagerProtocolServerSideTranslatorPB.java:271) ~[ozone-manager-1.4.0-SNAPSHOT.jar:?]
	at org.apache.hadoop.ozone.protocolPB.OzoneManagerProtocolServerSideTranslatorPB.processRequest(OzoneManagerProtocolServerSideTranslatorPB.java:173) ~[ozone-manager-1.4.0-SNAPSHOT.jar:?]
	at org.apache.hadoop.hdds.server.OzoneProtocolMessageDispatcher.processRequest(OzoneProtocolMessageDispatcher.java:87) [hdds-server-framework-1.4.0-SNAPSHOT.jar:?]
	at org.apache.hadoop.ozone.protocolPB.OzoneManagerProtocolServerSideTranslatorPB.submitRequest(OzoneManagerProtocolServerSideTranslatorPB.java:147) [ozone-manager-1.4.0-SNAPSHOT.jar:?]
	at org.apache.hadoop.ozone.protocol.proto.OzoneManagerProtocolProtos$OzoneManagerService$2.callBlockingMethod(OzoneManagerProtocolProtos.java) [ozone-interface-client-1.4.0-SNAPSHOT.jar:?]
	at org.apache.hadoop.ipc.ProtobufRpcEngine$Server.processCall(ProtobufRpcEngine.java:465) [hadoop-common-3.3.4.jar:?]
	at org.apache.hadoop.ipc.ProtobufRpcEngine2$Server$ProtoBufRpcInvoker.call(ProtobufRpcEngine2.java:578) [hadoop-common-3.3.4.jar:?]
	at org.apache.hadoop.ipc.ProtobufRpcEngine2$Server$ProtoBufRpcInvoker.call(ProtobufRpcEngine2.java:556) [hadoop-common-3.3.4.jar:?]
	at org.apache.hadoop.ipc.RPC$Server.call(RPC.java:1093) [hadoop-common-3.3.4.jar:?]
	at org.apache.hadoop.ipc.Server$RpcCall.run(Server.java:1043) [hadoop-common-3.3.4.jar:?]
	at org.apache.hadoop.ipc.Server$RpcCall.run(Server.java:971) [hadoop-common-3.3.4.jar:?]
	at java.security.AccessController.doPrivileged(Native Method) ~[?:1.8.0_362]
	at javax.security.auth.Subject.doAs(Subject.java:422) [?:1.8.0_362]
	at org.apache.hadoop.security.UserGroupInformation.doAs(UserGroupInformation.java:1878) [hadoop-common-3.3.4.jar:?]
	at org.apache.hadoop.ipc.Server$Handler.run(Server.java:2976) [hadoop-common-3.3.4.jar:?]
]]></system-out>
  </testcase>
  <testcase name="testRenameToExistingDir" classname="TestOzoneFileSystem" time="0.011">
    <system-out><![CDATA[08:19:08.337 [IPC Server handler 13 on default port 32845] ERROR OMAudit - user=runner | ip=127.0.0.1 | op=LIST_STATUS {volume=volume29101, bucket=bucket05375, key=b/a, dataSize=0, replicationConfig=null} | ret=FAILURE
org.apache.hadoop.ozone.om.exceptions.OMException: Unable to get file status: volume: volume29101 bucket: bucket05375 key: b/a
	at org.apache.hadoop.ozone.om.KeyManagerImpl.getOzoneFileStatus(KeyManagerImpl.java:1162) ~[ozone-manager-1.4.0-SNAPSHOT.jar:?]
	at org.apache.hadoop.ozone.om.KeyManagerImpl.getFileStatus(KeyManagerImpl.java:1080) ~[ozone-manager-1.4.0-SNAPSHOT.jar:?]
	at org.apache.hadoop.ozone.om.KeyManagerImpl.listStatus(KeyManagerImpl.java:1443) ~[ozone-manager-1.4.0-SNAPSHOT.jar:?]
	at org.apache.hadoop.ozone.om.OmMetadataReader.listStatus(OmMetadataReader.java:261) ~[ozone-manager-1.4.0-SNAPSHOT.jar:?]
	at org.apache.hadoop.ozone.om.OzoneManager.listStatus(OzoneManager.java:3468) ~[ozone-manager-1.4.0-SNAPSHOT.jar:?]
	at org.apache.hadoop.ozone.protocolPB.OzoneManagerRequestHandler.listStatus(OzoneManagerRequestHandler.java:1097) ~[ozone-manager-1.4.0-SNAPSHOT.jar:?]
	at org.apache.hadoop.ozone.protocolPB.OzoneManagerRequestHandler.handleReadRequest(OzoneManagerRequestHandler.java:249) ~[ozone-manager-1.4.0-SNAPSHOT.jar:?]
	at org.apache.hadoop.ozone.protocolPB.OzoneManagerProtocolServerSideTranslatorPB.submitReadRequestToOM(OzoneManagerProtocolServerSideTranslatorPB.java:223) ~[ozone-manager-1.4.0-SNAPSHOT.jar:?]
	at org.apache.hadoop.ozone.protocolPB.OzoneManagerProtocolServerSideTranslatorPB.processRequest(OzoneManagerProtocolServerSideTranslatorPB.java:177) ~[ozone-manager-1.4.0-SNAPSHOT.jar:?]
	at org.apache.hadoop.hdds.server.OzoneProtocolMessageDispatcher.processRequest(OzoneProtocolMessageDispatcher.java:87) [hdds-server-framework-1.4.0-SNAPSHOT.jar:?]
	at org.apache.hadoop.ozone.protocolPB.OzoneManagerProtocolServerSideTranslatorPB.submitRequest(OzoneManagerProtocolServerSideTranslatorPB.java:147) [ozone-manager-1.4.0-SNAPSHOT.jar:?]
	at org.apache.hadoop.ozone.protocol.proto.OzoneManagerProtocolProtos$OzoneManagerService$2.callBlockingMethod(OzoneManagerProtocolProtos.java) [ozone-interface-client-1.4.0-SNAPSHOT.jar:?]
	at org.apache.hadoop.ipc.ProtobufRpcEngine$Server.processCall(ProtobufRpcEngine.java:465) [hadoop-common-3.3.4.jar:?]
	at org.apache.hadoop.ipc.ProtobufRpcEngine2$Server$ProtoBufRpcInvoker.call(ProtobufRpcEngine2.java:578) [hadoop-common-3.3.4.jar:?]
	at org.apache.hadoop.ipc.ProtobufRpcEngine2$Server$ProtoBufRpcInvoker.call(ProtobufRpcEngine2.java:556) [hadoop-common-3.3.4.jar:?]
	at org.apache.hadoop.ipc.RPC$Server.call(RPC.java:1093) [hadoop-common-3.3.4.jar:?]
	at org.apache.hadoop.ipc.Server$RpcCall.run(Server.java:1043) [hadoop-common-3.3.4.jar:?]
	at org.apache.hadoop.ipc.Server$RpcCall.run(Server.java:971) [hadoop-common-3.3.4.jar:?]
	at java.security.AccessController.doPrivileged(Native Method) ~[?:1.8.0_362]
	at javax.security.auth.Subject.doAs(Subject.java:422) [?:1.8.0_362]
	at org.apache.hadoop.security.UserGroupInformation.doAs(UserGroupInformation.java:1878) [hadoop-common-3.3.4.jar:?]
	at org.apache.hadoop.ipc.Server$Handler.run(Server.java:2976) [hadoop-common-3.3.4.jar:?]
]]></system-out>
  </testcase>
  <testcase name="testRenameToExistingDir" classname="TestOzoneFileSystem" time="0.009">
    <system-out><![CDATA[08:19:55.157 [IPC Server handler 18 on default port 42497] ERROR OMAudit - user=runner | ip=127.0.0.1 | op=LIST_STATUS {volume=volume12456, bucket=bucket20487, key=b/a, dataSize=0, replicationConfig=null} | ret=FAILURE
org.apache.hadoop.ozone.om.exceptions.OMException: Unable to get file status: volume: volume12456 bucket: bucket20487 key: b/a
	at org.apache.hadoop.ozone.om.KeyManagerImpl.getOzoneFileStatus(KeyManagerImpl.java:1162) ~[ozone-manager-1.4.0-SNAPSHOT.jar:?]
	at org.apache.hadoop.ozone.om.KeyManagerImpl.getFileStatus(KeyManagerImpl.java:1080) ~[ozone-manager-1.4.0-SNAPSHOT.jar:?]
	at org.apache.hadoop.ozone.om.KeyManagerImpl.listStatus(KeyManagerImpl.java:1443) ~[ozone-manager-1.4.0-SNAPSHOT.jar:?]
	at org.apache.hadoop.ozone.om.OmMetadataReader.listStatus(OmMetadataReader.java:261) ~[ozone-manager-1.4.0-SNAPSHOT.jar:?]
	at org.apache.hadoop.ozone.om.OzoneManager.listStatus(OzoneManager.java:3468) ~[ozone-manager-1.4.0-SNAPSHOT.jar:?]
	at org.apache.hadoop.ozone.protocolPB.OzoneManagerRequestHandler.listStatus(OzoneManagerRequestHandler.java:1097) ~[ozone-manager-1.4.0-SNAPSHOT.jar:?]
	at org.apache.hadoop.ozone.protocolPB.OzoneManagerRequestHandler.handleReadRequest(OzoneManagerRequestHandler.java:249) ~[ozone-manager-1.4.0-SNAPSHOT.jar:?]
	at org.apache.hadoop.ozone.protocolPB.OzoneManagerProtocolServerSideTranslatorPB.submitRequestDirectlyToOM(OzoneManagerProtocolServerSideTranslatorPB.java:271) ~[ozone-manager-1.4.0-SNAPSHOT.jar:?]
	at org.apache.hadoop.ozone.protocolPB.OzoneManagerProtocolServerSideTranslatorPB.processRequest(OzoneManagerProtocolServerSideTranslatorPB.java:173) ~[ozone-manager-1.4.0-SNAPSHOT.jar:?]
	at org.apache.hadoop.hdds.server.OzoneProtocolMessageDispatcher.processRequest(OzoneProtocolMessageDispatcher.java:87) [hdds-server-framework-1.4.0-SNAPSHOT.jar:?]
	at org.apache.hadoop.ozone.protocolPB.OzoneManagerProtocolServerSideTranslatorPB.submitRequest(OzoneManagerProtocolServerSideTranslatorPB.java:147) [ozone-manager-1.4.0-SNAPSHOT.jar:?]
	at org.apache.hadoop.ozone.protocol.proto.OzoneManagerProtocolProtos$OzoneManagerService$2.callBlockingMethod(OzoneManagerProtocolProtos.java) [ozone-interface-client-1.4.0-SNAPSHOT.jar:?]
	at org.apache.hadoop.ipc.ProtobufRpcEngine$Server.processCall(ProtobufRpcEngine.java:465) [hadoop-common-3.3.4.jar:?]
	at org.apache.hadoop.ipc.ProtobufRpcEngine2$Server$ProtoBufRpcInvoker.call(ProtobufRpcEngine2.java:578) [hadoop-common-3.3.4.jar:?]
	at org.apache.hadoop.ipc.ProtobufRpcEngine2$Server$ProtoBufRpcInvoker.call(ProtobufRpcEngine2.java:556) [hadoop-common-3.3.4.jar:?]
	at org.apache.hadoop.ipc.RPC$Server.call(RPC.java:1093) [hadoop-common-3.3.4.jar:?]
	at org.apache.hadoop.ipc.Server$RpcCall.run(Server.java:1043) [hadoop-common-3.3.4.jar:?]
	at org.apache.hadoop.ipc.Server$RpcCall.run(Server.java:971) [hadoop-common-3.3.4.jar:?]
	at java.security.AccessController.doPrivileged(Native Method) ~[?:1.8.0_362]
	at javax.security.auth.Subject.doAs(Subject.java:422) [?:1.8.0_362]
	at org.apache.hadoop.security.UserGroupInformation.doAs(UserGroupInformation.java:1878) [hadoop-common-3.3.4.jar:?]
	at org.apache.hadoop.ipc.Server$Handler.run(Server.java:2976) [hadoop-common-3.3.4.jar:?]
]]></system-out>
  </testcase>
  <testcase name="testRenameDirToItsOwnSubDir" classname="TestOzoneFileSystem" time="0.021">
    <system-out><![CDATA[2023-02-14 08:17:26,285 [Time-limited test] INFO  ozone.TestOzoneFileSystem (TestOzoneFileSystem.java:testRenameDirToItsOwnSubDir(1165)) - Created dir1 o3fs://bucket15311.volume67802/root/dir1/sub_dir1
2023-02-14 08:17:26,286 [Time-limited test] INFO  ozone.TestOzoneFileSystem (TestOzoneFileSystem.java:testRenameDirToItsOwnSubDir(1168)) - Rename op-> source:o3fs://bucket15311.volume67802/root to destin:o3fs://bucket15311.volume67802/root/dir1/sub_dir1
]]></system-out>
  </testcase>
  <testcase name="testRenameDirToItsOwnSubDir" classname="TestOzoneFileSystem" time="0.013">
    <system-out><![CDATA[2023-02-14 08:18:24,320 [Time-limited test] INFO  ozone.TestOzoneFileSystem (TestOzoneFileSystem.java:testRenameDirToItsOwnSubDir(1165)) - Created dir1 o3fs://bucket02286.volume94786/root/dir1/sub_dir1
2023-02-14 08:18:24,320 [Time-limited test] INFO  ozone.TestOzoneFileSystem (TestOzoneFileSystem.java:testRenameDirToItsOwnSubDir(1168)) - Rename op-> source:o3fs://bucket02286.volume94786/root to destin:o3fs://bucket02286.volume94786/root/dir1/sub_dir1
]]></system-out>
  </testcase>
  <testcase name="testRenameDirToItsOwnSubDir" classname="TestOzoneFileSystem" time="0.013">
    <system-out><![CDATA[2023-02-14 08:19:08,347 [Time-limited test] INFO  ozone.TestOzoneFileSystem (TestOzoneFileSystem.java:testRenameDirToItsOwnSubDir(1165)) - Created dir1 o3fs://bucket05375.volume29101/root/dir1/sub_dir1
2023-02-14 08:19:08,347 [Time-limited test] INFO  ozone.TestOzoneFileSystem (TestOzoneFileSystem.java:testRenameDirToItsOwnSubDir(1168)) - Rename op-> source:o3fs://bucket05375.volume29101/root to destin:o3fs://bucket05375.volume29101/root/dir1/sub_dir1
]]></system-out>
  </testcase>
  <testcase name="testRenameDirToItsOwnSubDir" classname="TestOzoneFileSystem" time="0.004">
    <system-out><![CDATA[2023-02-14 08:19:55,162 [Time-limited test] INFO  ozone.TestOzoneFileSystem (TestOzoneFileSystem.java:testRenameDirToItsOwnSubDir(1165)) - Created dir1 o3fs://bucket20487.volume12456/root/dir1/sub_dir1
2023-02-14 08:19:55,162 [Time-limited test] INFO  ozone.TestOzoneFileSystem (TestOzoneFileSystem.java:testRenameDirToItsOwnSubDir(1168)) - Rename op-> source:o3fs://bucket20487.volume12456/root to destin:o3fs://bucket20487.volume12456/root/dir1/sub_dir1
]]></system-out>
  </testcase>
  <testcase name="testGetDirectoryModificationTime" classname="TestOzoneFileSystem" time="0.147"/>
  <testcase name="testGetDirectoryModificationTime" classname="TestOzoneFileSystem" time="0.118">
    <system-out><![CDATA[2023-02-14 08:18:24,378 [568f4c16-ddfc-4e51-b0fc-7b0d857ab5f2@group-8A79EED9C278-FollowerState] INFO  impl.FollowerState (FollowerState.java:run(143)) - 568f4c16-ddfc-4e51-b0fc-7b0d857ab5f2@group-8A79EED9C278-FollowerState: change to CANDIDATE, lastRpcElapsedTime:5028019420ns, electionTimeout:5027ms
2023-02-14 08:18:24,378 [568f4c16-ddfc-4e51-b0fc-7b0d857ab5f2@group-8A79EED9C278-FollowerState] INFO  impl.RoleInfo (RoleInfo.java:shutdownFollowerState(110)) - 568f4c16-ddfc-4e51-b0fc-7b0d857ab5f2: shutdown 568f4c16-ddfc-4e51-b0fc-7b0d857ab5f2@group-8A79EED9C278-FollowerState
2023-02-14 08:18:24,378 [568f4c16-ddfc-4e51-b0fc-7b0d857ab5f2@group-8A79EED9C278-FollowerState] INFO  server.RaftServer$Division (RaftServerImpl.java:setRole(321)) - 568f4c16-ddfc-4e51-b0fc-7b0d857ab5f2@group-8A79EED9C278: changes role from  FOLLOWER to CANDIDATE at term 0 for changeToCandidate
2023-02-14 08:18:24,378 [568f4c16-ddfc-4e51-b0fc-7b0d857ab5f2@group-8A79EED9C278-FollowerState] INFO  server.RaftServerConfigKeys (ConfUtils.java:logGet(46)) - raft.server.leaderelection.pre-vote = false (custom)
2023-02-14 08:18:24,378 [568f4c16-ddfc-4e51-b0fc-7b0d857ab5f2@group-8A79EED9C278-FollowerState] INFO  impl.RoleInfo (RoleInfo.java:updateAndGet(139)) - 568f4c16-ddfc-4e51-b0fc-7b0d857ab5f2: start 568f4c16-ddfc-4e51-b0fc-7b0d857ab5f2@group-8A79EED9C278-LeaderElection19
2023-02-14 08:18:24,381 [568f4c16-ddfc-4e51-b0fc-7b0d857ab5f2@group-8A79EED9C278-LeaderElection19] INFO  impl.LeaderElection (LeaderElection.java:askForVotes(312)) - 568f4c16-ddfc-4e51-b0fc-7b0d857ab5f2@group-8A79EED9C278-LeaderElection19 ELECTION round 0: submit vote requests at term 1 for -1: peers:[568f4c16-ddfc-4e51-b0fc-7b0d857ab5f2|rpc:10.1.0.19:36475|dataStream:10.1.0.19:43767|priority:1|startupRole:FOLLOWER]|listeners:[], old=null
2023-02-14 08:18:24,381 [568f4c16-ddfc-4e51-b0fc-7b0d857ab5f2@group-8A79EED9C278-LeaderElection19] INFO  impl.LeaderElection (LeaderElection.java:askForVotes(314)) - 568f4c16-ddfc-4e51-b0fc-7b0d857ab5f2@group-8A79EED9C278-LeaderElection19 ELECTION round 0: result PASSED (term=1)
2023-02-14 08:18:24,381 [568f4c16-ddfc-4e51-b0fc-7b0d857ab5f2@group-8A79EED9C278-LeaderElection19] INFO  impl.RoleInfo (RoleInfo.java:shutdownLeaderElection(130)) - 568f4c16-ddfc-4e51-b0fc-7b0d857ab5f2: shutdown 568f4c16-ddfc-4e51-b0fc-7b0d857ab5f2@group-8A79EED9C278-LeaderElection19
2023-02-14 08:18:24,381 [568f4c16-ddfc-4e51-b0fc-7b0d857ab5f2@group-8A79EED9C278-LeaderElection19] INFO  server.RaftServer$Division (RaftServerImpl.java:setRole(321)) - 568f4c16-ddfc-4e51-b0fc-7b0d857ab5f2@group-8A79EED9C278: changes role from CANDIDATE to LEADER at term 1 for changeToLeader
2023-02-14 08:18:24,381 [568f4c16-ddfc-4e51-b0fc-7b0d857ab5f2@group-8A79EED9C278-LeaderElection19] INFO  ratis.XceiverServerRatis (XceiverServerRatis.java:handleLeaderChangedNotification(905)) - Leader change notification received for group: group-8A79EED9C278 with new leaderId: 568f4c16-ddfc-4e51-b0fc-7b0d857ab5f2
2023-02-14 08:18:24,381 [568f4c16-ddfc-4e51-b0fc-7b0d857ab5f2@group-8A79EED9C278-LeaderElection19] INFO  server.RaftServer$Division (ServerState.java:setLeader(313)) - 568f4c16-ddfc-4e51-b0fc-7b0d857ab5f2@group-8A79EED9C278: change Leader from null to 568f4c16-ddfc-4e51-b0fc-7b0d857ab5f2 at term 1 for becomeLeader, leader elected after 5041ms
2023-02-14 08:18:24,381 [568f4c16-ddfc-4e51-b0fc-7b0d857ab5f2@group-8A79EED9C278-LeaderElection19] INFO  server.RaftServerConfigKeys (ConfUtils.java:logGet(46)) - raft.server.staging.catchup.gap = 1000 (default)
2023-02-14 08:18:24,383 [568f4c16-ddfc-4e51-b0fc-7b0d857ab5f2@group-8A79EED9C278-LeaderElection19] INFO  server.RaftServerConfigKeys (ConfUtils.java:logGet(46)) - raft.server.write.element-limit = 1024 (custom)
2023-02-14 08:18:24,383 [568f4c16-ddfc-4e51-b0fc-7b0d857ab5f2@group-8A79EED9C278-LeaderElection19] INFO  server.RaftServerConfigKeys (ConfUtils.java:logGet(46)) - raft.server.write.byte-limit = 1024 M (=1073741824) (custom)
2023-02-14 08:18:24,383 [568f4c16-ddfc-4e51-b0fc-7b0d857ab5f2@group-8A79EED9C278-LeaderElection19] INFO  server.RaftServerConfigKeys (ConfUtils.java:logGet(46)) - raft.server.watch.timeout = 180s (custom)
2023-02-14 08:18:24,383 [568f4c16-ddfc-4e51-b0fc-7b0d857ab5f2@group-8A79EED9C278-LeaderElection19] INFO  server.RaftServerConfigKeys (ConfUtils.java:logGet(46)) - raft.server.watch.timeout.denomination = 1s (default)
2023-02-14 08:18:24,383 [568f4c16-ddfc-4e51-b0fc-7b0d857ab5f2@group-8A79EED9C278-LeaderElection19] INFO  server.RaftServerConfigKeys (ConfUtils.java:logGet(46)) - raft.server.watch.element-limit = 65536 (default)
2023-02-14 08:18:24,383 [568f4c16-ddfc-4e51-b0fc-7b0d857ab5f2@group-8A79EED9C278-LeaderElection19] INFO  server.RaftServerConfigKeys (ConfUtils.java:logGet(46)) - raft.server.write.element-limit = 1024 (custom)
2023-02-14 08:18:24,383 [568f4c16-ddfc-4e51-b0fc-7b0d857ab5f2@group-8A79EED9C278-LeaderElection19] INFO  server.RaftServerConfigKeys (ConfUtils.java:logGet(46)) - raft.server.write.follower.gap.ratio.max = -1.0 (default)
2023-02-14 08:18:24,383 [568f4c16-ddfc-4e51-b0fc-7b0d857ab5f2@group-8A79EED9C278-LeaderElection19] INFO  impl.RoleInfo (RoleInfo.java:updateAndGet(139)) - 568f4c16-ddfc-4e51-b0fc-7b0d857ab5f2: start 568f4c16-ddfc-4e51-b0fc-7b0d857ab5f2@group-8A79EED9C278-LeaderStateImpl
2023-02-14 08:18:24,383 [568f4c16-ddfc-4e51-b0fc-7b0d857ab5f2@group-8A79EED9C278-LeaderElection19] INFO  segmented.SegmentedRaftLogWorker (SegmentedRaftLogWorker.java:startLogSegment(452)) - 568f4c16-ddfc-4e51-b0fc-7b0d857ab5f2@group-8A79EED9C278-SegmentedRaftLogWorker: Starting segment from index:0
2023-02-14 08:18:24,384 [568f4c16-ddfc-4e51-b0fc-7b0d857ab5f2@group-8A79EED9C278-SegmentedRaftLogWorker] INFO  segmented.SegmentedRaftLogWorker (SegmentedRaftLogWorker.java:execute(656)) - 568f4c16-ddfc-4e51-b0fc-7b0d857ab5f2@group-8A79EED9C278-SegmentedRaftLogWorker: created new log segment /home/runner/work/ozone/ozone/hadoop-ozone/integration-test/target/test-dir/MiniOzoneClusterImpl-48139d39-b3ff-469d-bfde-a70ccbd6566f/datanode-3/data/ratis/4291e819-97c1-4fa7-aad7-8a79eed9c278/current/log_inprogress_0
2023-02-14 08:18:24,387 [568f4c16-ddfc-4e51-b0fc-7b0d857ab5f2@group-8A79EED9C278-LeaderElection19] INFO  server.RaftServer$Division (ServerState.java:setRaftConf(430)) - 568f4c16-ddfc-4e51-b0fc-7b0d857ab5f2@group-8A79EED9C278: set configuration 0: peers:[568f4c16-ddfc-4e51-b0fc-7b0d857ab5f2|rpc:10.1.0.19:36475|dataStream:10.1.0.19:43767|priority:1|startupRole:FOLLOWER]|listeners:[], old=null
]]></system-out>
  </testcase>
  <testcase name="testGetDirectoryModificationTime" classname="TestOzoneFileSystem" time="0.112">
    <system-out><![CDATA[2023-02-14 08:19:08,364 [beec9a9c-14cf-4df1-af52-b967c7424cdf@group-7A84499AA605-FollowerState] INFO  impl.FollowerState (FollowerState.java:run(143)) - beec9a9c-14cf-4df1-af52-b967c7424cdf@group-7A84499AA605-FollowerState: change to CANDIDATE, lastRpcElapsedTime:5177978031ns, electionTimeout:5177ms
2023-02-14 08:19:08,364 [beec9a9c-14cf-4df1-af52-b967c7424cdf@group-7A84499AA605-FollowerState] INFO  impl.RoleInfo (RoleInfo.java:shutdownFollowerState(110)) - beec9a9c-14cf-4df1-af52-b967c7424cdf: shutdown beec9a9c-14cf-4df1-af52-b967c7424cdf@group-7A84499AA605-FollowerState
2023-02-14 08:19:08,364 [beec9a9c-14cf-4df1-af52-b967c7424cdf@group-7A84499AA605-FollowerState] INFO  server.RaftServer$Division (RaftServerImpl.java:setRole(321)) - beec9a9c-14cf-4df1-af52-b967c7424cdf@group-7A84499AA605: changes role from  FOLLOWER to CANDIDATE at term 0 for changeToCandidate
2023-02-14 08:19:08,364 [beec9a9c-14cf-4df1-af52-b967c7424cdf@group-7A84499AA605-FollowerState] INFO  server.RaftServerConfigKeys (ConfUtils.java:logGet(46)) - raft.server.leaderelection.pre-vote = false (custom)
2023-02-14 08:19:08,364 [beec9a9c-14cf-4df1-af52-b967c7424cdf@group-7A84499AA605-FollowerState] INFO  impl.RoleInfo (RoleInfo.java:updateAndGet(139)) - beec9a9c-14cf-4df1-af52-b967c7424cdf: start beec9a9c-14cf-4df1-af52-b967c7424cdf@group-7A84499AA605-LeaderElection32
2023-02-14 08:19:08,366 [beec9a9c-14cf-4df1-af52-b967c7424cdf@group-7A84499AA605-LeaderElection32] INFO  impl.LeaderElection (LeaderElection.java:askForVotes(312)) - beec9a9c-14cf-4df1-af52-b967c7424cdf@group-7A84499AA605-LeaderElection32 ELECTION round 0: submit vote requests at term 1 for -1: peers:[beec9a9c-14cf-4df1-af52-b967c7424cdf|rpc:10.1.0.19:42807|dataStream:10.1.0.19:40995|priority:1|startupRole:FOLLOWER]|listeners:[], old=null
2023-02-14 08:19:08,366 [beec9a9c-14cf-4df1-af52-b967c7424cdf@group-7A84499AA605-LeaderElection32] INFO  impl.LeaderElection (LeaderElection.java:askForVotes(314)) - beec9a9c-14cf-4df1-af52-b967c7424cdf@group-7A84499AA605-LeaderElection32 ELECTION round 0: result PASSED (term=1)
2023-02-14 08:19:08,366 [beec9a9c-14cf-4df1-af52-b967c7424cdf@group-7A84499AA605-LeaderElection32] INFO  impl.RoleInfo (RoleInfo.java:shutdownLeaderElection(130)) - beec9a9c-14cf-4df1-af52-b967c7424cdf: shutdown beec9a9c-14cf-4df1-af52-b967c7424cdf@group-7A84499AA605-LeaderElection32
2023-02-14 08:19:08,366 [beec9a9c-14cf-4df1-af52-b967c7424cdf@group-7A84499AA605-LeaderElection32] INFO  server.RaftServer$Division (RaftServerImpl.java:setRole(321)) - beec9a9c-14cf-4df1-af52-b967c7424cdf@group-7A84499AA605: changes role from CANDIDATE to LEADER at term 1 for changeToLeader
2023-02-14 08:19:08,366 [beec9a9c-14cf-4df1-af52-b967c7424cdf@group-7A84499AA605-LeaderElection32] INFO  ratis.XceiverServerRatis (XceiverServerRatis.java:handleLeaderChangedNotification(905)) - Leader change notification received for group: group-7A84499AA605 with new leaderId: beec9a9c-14cf-4df1-af52-b967c7424cdf
2023-02-14 08:19:08,367 [beec9a9c-14cf-4df1-af52-b967c7424cdf@group-7A84499AA605-LeaderElection32] INFO  server.RaftServer$Division (ServerState.java:setLeader(313)) - beec9a9c-14cf-4df1-af52-b967c7424cdf@group-7A84499AA605: change Leader from null to beec9a9c-14cf-4df1-af52-b967c7424cdf at term 1 for becomeLeader, leader elected after 5190ms
2023-02-14 08:19:08,367 [beec9a9c-14cf-4df1-af52-b967c7424cdf@group-7A84499AA605-LeaderElection32] INFO  server.RaftServerConfigKeys (ConfUtils.java:logGet(46)) - raft.server.staging.catchup.gap = 1000 (default)
2023-02-14 08:19:08,373 [beec9a9c-14cf-4df1-af52-b967c7424cdf@group-7A84499AA605-LeaderElection32] INFO  server.RaftServerConfigKeys (ConfUtils.java:logGet(46)) - raft.server.write.element-limit = 1024 (custom)
2023-02-14 08:19:08,373 [beec9a9c-14cf-4df1-af52-b967c7424cdf@group-7A84499AA605-LeaderElection32] INFO  server.RaftServerConfigKeys (ConfUtils.java:logGet(46)) - raft.server.write.byte-limit = 1024 M (=1073741824) (custom)
2023-02-14 08:19:08,373 [beec9a9c-14cf-4df1-af52-b967c7424cdf@group-7A84499AA605-LeaderElection32] INFO  server.RaftServerConfigKeys (ConfUtils.java:logGet(46)) - raft.server.watch.timeout = 180s (custom)
2023-02-14 08:19:08,373 [beec9a9c-14cf-4df1-af52-b967c7424cdf@group-7A84499AA605-LeaderElection32] INFO  server.RaftServerConfigKeys (ConfUtils.java:logGet(46)) - raft.server.watch.timeout.denomination = 1s (default)
2023-02-14 08:19:08,373 [beec9a9c-14cf-4df1-af52-b967c7424cdf@group-7A84499AA605-LeaderElection32] INFO  server.RaftServerConfigKeys (ConfUtils.java:logGet(46)) - raft.server.watch.element-limit = 65536 (default)
2023-02-14 08:19:08,373 [beec9a9c-14cf-4df1-af52-b967c7424cdf@group-7A84499AA605-LeaderElection32] INFO  server.RaftServerConfigKeys (ConfUtils.java:logGet(46)) - raft.server.write.element-limit = 1024 (custom)
2023-02-14 08:19:08,373 [beec9a9c-14cf-4df1-af52-b967c7424cdf@group-7A84499AA605-LeaderElection32] INFO  server.RaftServerConfigKeys (ConfUtils.java:logGet(46)) - raft.server.write.follower.gap.ratio.max = -1.0 (default)
2023-02-14 08:19:08,373 [beec9a9c-14cf-4df1-af52-b967c7424cdf@group-7A84499AA605-LeaderElection32] INFO  impl.RoleInfo (RoleInfo.java:updateAndGet(139)) - beec9a9c-14cf-4df1-af52-b967c7424cdf: start beec9a9c-14cf-4df1-af52-b967c7424cdf@group-7A84499AA605-LeaderStateImpl
2023-02-14 08:19:08,373 [beec9a9c-14cf-4df1-af52-b967c7424cdf@group-7A84499AA605-LeaderElection32] INFO  segmented.SegmentedRaftLogWorker (SegmentedRaftLogWorker.java:startLogSegment(452)) - beec9a9c-14cf-4df1-af52-b967c7424cdf@group-7A84499AA605-SegmentedRaftLogWorker: Starting segment from index:0
2023-02-14 08:19:08,381 [beec9a9c-14cf-4df1-af52-b967c7424cdf@group-7A84499AA605-LeaderElection32] INFO  server.RaftServer$Division (ServerState.java:setRaftConf(430)) - beec9a9c-14cf-4df1-af52-b967c7424cdf@group-7A84499AA605: set configuration 0: peers:[beec9a9c-14cf-4df1-af52-b967c7424cdf|rpc:10.1.0.19:42807|dataStream:10.1.0.19:40995|priority:1|startupRole:FOLLOWER]|listeners:[], old=null
2023-02-14 08:19:08,382 [beec9a9c-14cf-4df1-af52-b967c7424cdf@group-7A84499AA605-SegmentedRaftLogWorker] INFO  segmented.SegmentedRaftLogWorker (SegmentedRaftLogWorker.java:execute(656)) - beec9a9c-14cf-4df1-af52-b967c7424cdf@group-7A84499AA605-SegmentedRaftLogWorker: created new log segment /home/runner/work/ozone/ozone/hadoop-ozone/integration-test/target/test-dir/MiniOzoneClusterImpl-9064264e-2b58-4737-9fe3-fdda8e014d69/datanode-3/data/ratis/af5c0488-4395-4336-b7c2-7a84499aa605/current/log_inprogress_0
]]></system-out>
  </testcase>
  <testcase name="testGetDirectoryModificationTime" classname="TestOzoneFileSystem" time="0.108"/>
  <testcase name="testOzoneFsServiceLoader" classname="TestOzoneFileSystem" time="0.003"/>
  <testcase name="testOzoneFsServiceLoader" classname="TestOzoneFileSystem" time="0.001"/>
  <testcase name="testOzoneFsServiceLoader" classname="TestOzoneFileSystem" time="0.001"/>
  <testcase name="testOzoneFsServiceLoader" classname="TestOzoneFileSystem" time="0.001"/>
  <testcase name="testTrash" classname="TestOzoneFileSystem" time="4.067">
    <system-out><![CDATA[2023-02-14 08:17:26,462 [OM StateMachine ApplyTransaction Thread - 0] INFO  key.OMKeyRequest (OMKeyRequest.java:wrapUncommittedBlocksAsPseudoKey(837)) - Detect allocated but uncommitted blocks [{blockID={containerID=2, localID=111677748019200006}, length=4194304, offset=0, token=null, pipeline=null, createVersion=0, partNumber=0}] in key testKey2.
08:17:26.470 [IPC Server handler 18 on default port 34711] ERROR OMAudit - user=runner | ip=127.0.0.1 | op=GET_FILE_STATUS {volume=volume67802, bucket=bucket15311, key=.Trash/runner/Current/testKey2, dataSize=0, replicationConfig=null} | ret=FAILURE
org.apache.hadoop.ozone.om.exceptions.OMException: Unable to get file status: volume: volume67802 bucket: bucket15311 key: .Trash/runner/Current/testKey2
	at org.apache.hadoop.ozone.om.KeyManagerImpl.getOzoneFileStatus(KeyManagerImpl.java:1162) ~[ozone-manager-1.4.0-SNAPSHOT.jar:?]
	at org.apache.hadoop.ozone.om.KeyManagerImpl.getFileStatus(KeyManagerImpl.java:1080) ~[ozone-manager-1.4.0-SNAPSHOT.jar:?]
	at org.apache.hadoop.ozone.om.OmMetadataReader.getFileStatus(OmMetadataReader.java:288) ~[ozone-manager-1.4.0-SNAPSHOT.jar:?]
	at org.apache.hadoop.ozone.om.OzoneManager.getFileStatus(OzoneManager.java:3449) ~[ozone-manager-1.4.0-SNAPSHOT.jar:?]
	at org.apache.hadoop.ozone.protocolPB.OzoneManagerRequestHandler.getOzoneFileStatus(OzoneManagerRequestHandler.java:933) ~[ozone-manager-1.4.0-SNAPSHOT.jar:?]
	at org.apache.hadoop.ozone.protocolPB.OzoneManagerRequestHandler.handleReadRequest(OzoneManagerRequestHandler.java:238) ~[ozone-manager-1.4.0-SNAPSHOT.jar:?]
	at org.apache.hadoop.ozone.protocolPB.OzoneManagerProtocolServerSideTranslatorPB.submitReadRequestToOM(OzoneManagerProtocolServerSideTranslatorPB.java:223) ~[ozone-manager-1.4.0-SNAPSHOT.jar:?]
	at org.apache.hadoop.ozone.protocolPB.OzoneManagerProtocolServerSideTranslatorPB.processRequest(OzoneManagerProtocolServerSideTranslatorPB.java:177) ~[ozone-manager-1.4.0-SNAPSHOT.jar:?]
	at org.apache.hadoop.hdds.server.OzoneProtocolMessageDispatcher.processRequest(OzoneProtocolMessageDispatcher.java:87) [hdds-server-framework-1.4.0-SNAPSHOT.jar:?]
	at org.apache.hadoop.ozone.protocolPB.OzoneManagerProtocolServerSideTranslatorPB.submitRequest(OzoneManagerProtocolServerSideTranslatorPB.java:147) [ozone-manager-1.4.0-SNAPSHOT.jar:?]
	at org.apache.hadoop.ozone.protocol.proto.OzoneManagerProtocolProtos$OzoneManagerService$2.callBlockingMethod(OzoneManagerProtocolProtos.java) [ozone-interface-client-1.4.0-SNAPSHOT.jar:?]
	at org.apache.hadoop.ipc.ProtobufRpcEngine$Server.processCall(ProtobufRpcEngine.java:465) [hadoop-common-3.3.4.jar:?]
	at org.apache.hadoop.ipc.ProtobufRpcEngine2$Server$ProtoBufRpcInvoker.call(ProtobufRpcEngine2.java:578) [hadoop-common-3.3.4.jar:?]
	at org.apache.hadoop.ipc.ProtobufRpcEngine2$Server$ProtoBufRpcInvoker.call(ProtobufRpcEngine2.java:556) [hadoop-common-3.3.4.jar:?]
	at org.apache.hadoop.ipc.RPC$Server.call(RPC.java:1093) [hadoop-common-3.3.4.jar:?]
	at org.apache.hadoop.ipc.Server$RpcCall.run(Server.java:1043) [hadoop-common-3.3.4.jar:?]
	at org.apache.hadoop.ipc.Server$RpcCall.run(Server.java:971) [hadoop-common-3.3.4.jar:?]
	at java.security.AccessController.doPrivileged(Native Method) ~[?:1.8.0_362]
	at javax.security.auth.Subject.doAs(Subject.java:422) [?:1.8.0_362]
	at org.apache.hadoop.security.UserGroupInformation.doAs(UserGroupInformation.java:1878) [hadoop-common-3.3.4.jar:?]
	at org.apache.hadoop.ipc.Server$Handler.run(Server.java:2976) [hadoop-common-3.3.4.jar:?]
08:17:26.473 [IPC Server handler 19 on default port 34711] ERROR OMAudit - user=runner | ip=127.0.0.1 | op=GET_FILE_STATUS {volume=volume67802, bucket=bucket15311, key=.Trash/runner/Current/testKey2, dataSize=0, replicationConfig=null} | ret=FAILURE
org.apache.hadoop.ozone.om.exceptions.OMException: Unable to get file status: volume: volume67802 bucket: bucket15311 key: .Trash/runner/Current/testKey2
	at org.apache.hadoop.ozone.om.KeyManagerImpl.getOzoneFileStatus(KeyManagerImpl.java:1162) ~[ozone-manager-1.4.0-SNAPSHOT.jar:?]
	at org.apache.hadoop.ozone.om.KeyManagerImpl.getFileStatus(KeyManagerImpl.java:1080) ~[ozone-manager-1.4.0-SNAPSHOT.jar:?]
	at org.apache.hadoop.ozone.om.OmMetadataReader.getFileStatus(OmMetadataReader.java:288) ~[ozone-manager-1.4.0-SNAPSHOT.jar:?]
	at org.apache.hadoop.ozone.om.OzoneManager.getFileStatus(OzoneManager.java:3449) ~[ozone-manager-1.4.0-SNAPSHOT.jar:?]
	at org.apache.hadoop.ozone.protocolPB.OzoneManagerRequestHandler.getOzoneFileStatus(OzoneManagerRequestHandler.java:933) ~[ozone-manager-1.4.0-SNAPSHOT.jar:?]
	at org.apache.hadoop.ozone.protocolPB.OzoneManagerRequestHandler.handleReadRequest(OzoneManagerRequestHandler.java:238) ~[ozone-manager-1.4.0-SNAPSHOT.jar:?]
	at org.apache.hadoop.ozone.protocolPB.OzoneManagerProtocolServerSideTranslatorPB.submitReadRequestToOM(OzoneManagerProtocolServerSideTranslatorPB.java:223) ~[ozone-manager-1.4.0-SNAPSHOT.jar:?]
	at org.apache.hadoop.ozone.protocolPB.OzoneManagerProtocolServerSideTranslatorPB.processRequest(OzoneManagerProtocolServerSideTranslatorPB.java:177) ~[ozone-manager-1.4.0-SNAPSHOT.jar:?]
	at org.apache.hadoop.hdds.server.OzoneProtocolMessageDispatcher.processRequest(OzoneProtocolMessageDispatcher.java:87) [hdds-server-framework-1.4.0-SNAPSHOT.jar:?]
	at org.apache.hadoop.ozone.protocolPB.OzoneManagerProtocolServerSideTranslatorPB.submitRequest(OzoneManagerProtocolServerSideTranslatorPB.java:147) [ozone-manager-1.4.0-SNAPSHOT.jar:?]
	at org.apache.hadoop.ozone.protocol.proto.OzoneManagerProtocolProtos$OzoneManagerService$2.callBlockingMethod(OzoneManagerProtocolProtos.java) [ozone-interface-client-1.4.0-SNAPSHOT.jar:?]
	at org.apache.hadoop.ipc.ProtobufRpcEngine$Server.processCall(ProtobufRpcEngine.java:465) [hadoop-common-3.3.4.jar:?]
	at org.apache.hadoop.ipc.ProtobufRpcEngine2$Server$ProtoBufRpcInvoker.call(ProtobufRpcEngine2.java:578) [hadoop-common-3.3.4.jar:?]
	at org.apache.hadoop.ipc.ProtobufRpcEngine2$Server$ProtoBufRpcInvoker.call(ProtobufRpcEngine2.java:556) [hadoop-common-3.3.4.jar:?]
	at org.apache.hadoop.ipc.RPC$Server.call(RPC.java:1093) [hadoop-common-3.3.4.jar:?]
	at org.apache.hadoop.ipc.Server$RpcCall.run(Server.java:1043) [hadoop-common-3.3.4.jar:?]
	at org.apache.hadoop.ipc.Server$RpcCall.run(Server.java:971) [hadoop-common-3.3.4.jar:?]
	at java.security.AccessController.doPrivileged(Native Method) ~[?:1.8.0_362]
	at javax.security.auth.Subject.doAs(Subject.java:422) [?:1.8.0_362]
	at org.apache.hadoop.security.UserGroupInformation.doAs(UserGroupInformation.java:1878) [hadoop-common-3.3.4.jar:?]
	at org.apache.hadoop.ipc.Server$Handler.run(Server.java:2976) [hadoop-common-3.3.4.jar:?]
2023-02-14 08:17:26,482 [Time-limited test] INFO  om.TrashPolicyOzone (TrashPolicyOzone.java:moveToTrash(209)) - Moved: '/testKey2' to trash at: /.Trash/runner/Current/testKey2
08:17:27.485 [IPC Server handler 5 on default port 34711] ERROR OMAudit - user=runner | ip=127.0.0.1 | op=GET_FILE_STATUS {volume=volume67802, bucket=bucket15311, key=.Trash/runner/Current/testKey2, dataSize=0, replicationConfig=null} | ret=FAILURE
org.apache.hadoop.ozone.om.exceptions.OMException: Unable to get file status: volume: volume67802 bucket: bucket15311 key: .Trash/runner/Current/testKey2
	at org.apache.hadoop.ozone.om.KeyManagerImpl.getOzoneFileStatus(KeyManagerImpl.java:1162) ~[ozone-manager-1.4.0-SNAPSHOT.jar:?]
	at org.apache.hadoop.ozone.om.KeyManagerImpl.getFileStatus(KeyManagerImpl.java:1080) ~[ozone-manager-1.4.0-SNAPSHOT.jar:?]
	at org.apache.hadoop.ozone.om.OmMetadataReader.getFileStatus(OmMetadataReader.java:288) ~[ozone-manager-1.4.0-SNAPSHOT.jar:?]
	at org.apache.hadoop.ozone.om.OzoneManager.getFileStatus(OzoneManager.java:3449) ~[ozone-manager-1.4.0-SNAPSHOT.jar:?]
	at org.apache.hadoop.ozone.protocolPB.OzoneManagerRequestHandler.getOzoneFileStatus(OzoneManagerRequestHandler.java:933) ~[ozone-manager-1.4.0-SNAPSHOT.jar:?]
	at org.apache.hadoop.ozone.protocolPB.OzoneManagerRequestHandler.handleReadRequest(OzoneManagerRequestHandler.java:238) ~[ozone-manager-1.4.0-SNAPSHOT.jar:?]
	at org.apache.hadoop.ozone.protocolPB.OzoneManagerProtocolServerSideTranslatorPB.submitReadRequestToOM(OzoneManagerProtocolServerSideTranslatorPB.java:223) ~[ozone-manager-1.4.0-SNAPSHOT.jar:?]
	at org.apache.hadoop.ozone.protocolPB.OzoneManagerProtocolServerSideTranslatorPB.processRequest(OzoneManagerProtocolServerSideTranslatorPB.java:177) ~[ozone-manager-1.4.0-SNAPSHOT.jar:?]
	at org.apache.hadoop.hdds.server.OzoneProtocolMessageDispatcher.processRequest(OzoneProtocolMessageDispatcher.java:87) [hdds-server-framework-1.4.0-SNAPSHOT.jar:?]
	at org.apache.hadoop.ozone.protocolPB.OzoneManagerProtocolServerSideTranslatorPB.submitRequest(OzoneManagerProtocolServerSideTranslatorPB.java:147) [ozone-manager-1.4.0-SNAPSHOT.jar:?]
	at org.apache.hadoop.ozone.protocol.proto.OzoneManagerProtocolProtos$OzoneManagerService$2.callBlockingMethod(OzoneManagerProtocolProtos.java) [ozone-interface-client-1.4.0-SNAPSHOT.jar:?]
	at org.apache.hadoop.ipc.ProtobufRpcEngine$Server.processCall(ProtobufRpcEngine.java:465) [hadoop-common-3.3.4.jar:?]
	at org.apache.hadoop.ipc.ProtobufRpcEngine2$Server$ProtoBufRpcInvoker.call(ProtobufRpcEngine2.java:578) [hadoop-common-3.3.4.jar:?]
	at org.apache.hadoop.ipc.ProtobufRpcEngine2$Server$ProtoBufRpcInvoker.call(ProtobufRpcEngine2.java:556) [hadoop-common-3.3.4.jar:?]
	at org.apache.hadoop.ipc.RPC$Server.call(RPC.java:1093) [hadoop-common-3.3.4.jar:?]
	at org.apache.hadoop.ipc.Server$RpcCall.run(Server.java:1043) [hadoop-common-3.3.4.jar:?]
	at org.apache.hadoop.ipc.Server$RpcCall.run(Server.java:971) [hadoop-common-3.3.4.jar:?]
	at java.security.AccessController.doPrivileged(Native Method) ~[?:1.8.0_362]
	at javax.security.auth.Subject.doAs(Subject.java:422) [?:1.8.0_362]
	at org.apache.hadoop.security.UserGroupInformation.doAs(UserGroupInformation.java:1878) [hadoop-common-3.3.4.jar:?]
	at org.apache.hadoop.ipc.Server$Handler.run(Server.java:2976) [hadoop-common-3.3.4.jar:?]
2023-02-14 08:17:29,229 [3f6fb327-55b5-41b7-853a-8e3dfa7d6293@group-A6E1FC536E89-FollowerState] INFO  impl.FollowerState (FollowerState.java:run(143)) - 3f6fb327-55b5-41b7-853a-8e3dfa7d6293@group-A6E1FC536E89-FollowerState: change to CANDIDATE, lastRpcElapsedTime:5088387807ns, electionTimeout:5057ms
2023-02-14 08:17:29,229 [3f6fb327-55b5-41b7-853a-8e3dfa7d6293@group-A6E1FC536E89-FollowerState] INFO  impl.RoleInfo (RoleInfo.java:shutdownFollowerState(110)) - 3f6fb327-55b5-41b7-853a-8e3dfa7d6293: shutdown 3f6fb327-55b5-41b7-853a-8e3dfa7d6293@group-A6E1FC536E89-FollowerState
2023-02-14 08:17:29,229 [3f6fb327-55b5-41b7-853a-8e3dfa7d6293@group-A6E1FC536E89-FollowerState] INFO  server.RaftServer$Division (RaftServerImpl.java:setRole(321)) - 3f6fb327-55b5-41b7-853a-8e3dfa7d6293@group-A6E1FC536E89: changes role from  FOLLOWER to CANDIDATE at term 1 for changeToCandidate
2023-02-14 08:17:29,229 [3f6fb327-55b5-41b7-853a-8e3dfa7d6293@group-A6E1FC536E89-FollowerState] INFO  server.RaftServerConfigKeys (ConfUtils.java:logGet(46)) - raft.server.leaderelection.pre-vote = false (custom)
2023-02-14 08:17:29,229 [3f6fb327-55b5-41b7-853a-8e3dfa7d6293@group-A6E1FC536E89-FollowerState] INFO  impl.RoleInfo (RoleInfo.java:updateAndGet(139)) - 3f6fb327-55b5-41b7-853a-8e3dfa7d6293: start 3f6fb327-55b5-41b7-853a-8e3dfa7d6293@group-A6E1FC536E89-LeaderElection9
2023-02-14 08:17:29,231 [3f6fb327-55b5-41b7-853a-8e3dfa7d6293@group-A6E1FC536E89-LeaderElection9] INFO  impl.LeaderElection (LeaderElection.java:askForVotes(312)) - 3f6fb327-55b5-41b7-853a-8e3dfa7d6293@group-A6E1FC536E89-LeaderElection9 ELECTION round 0: submit vote requests at term 2 for -1: peers:[f91196cd-4755-4cf6-996a-4ead370c0744|rpc:10.1.0.19:34709|dataStream:10.1.0.19:38337|priority:0|startupRole:FOLLOWER, 3f6fb327-55b5-41b7-853a-8e3dfa7d6293|rpc:10.1.0.19:43559|dataStream:10.1.0.19:43503|priority:1|startupRole:FOLLOWER, 36e1e605-60e1-4f03-904e-89ea76d9efd4|rpc:10.1.0.19:42805|dataStream:10.1.0.19:41129|priority:0|startupRole:FOLLOWER]|listeners:[], old=null
2023-02-14 08:17:29,232 [3f6fb327-55b5-41b7-853a-8e3dfa7d6293@group-A6E1FC536E89-LeaderElection9-1] INFO  server.GrpcServerProtocolClient (GrpcServerProtocolClient.java:<init>(63)) - Build channel for f91196cd-4755-4cf6-996a-4ead370c0744
2023-02-14 08:17:29,232 [3f6fb327-55b5-41b7-853a-8e3dfa7d6293@group-A6E1FC536E89-LeaderElection9] INFO  server.RaftServerConfigKeys (ConfUtils.java:logFallback(53)) - raft.server.rpc.first-election.timeout.min = 5s (fallback to raft.server.rpc.timeout.min)
2023-02-14 08:17:29,235 [3f6fb327-55b5-41b7-853a-8e3dfa7d6293@group-A6E1FC536E89-LeaderElection9-2] INFO  server.GrpcServerProtocolClient (GrpcServerProtocolClient.java:<init>(63)) - Build channel for 36e1e605-60e1-4f03-904e-89ea76d9efd4
2023-02-14 08:17:29,235 [3f6fb327-55b5-41b7-853a-8e3dfa7d6293@group-A6E1FC536E89-LeaderElection9] INFO  server.RaftServerConfigKeys (ConfUtils.java:logFallback(53)) - raft.server.rpc.first-election.timeout.max = 5200ms (fallback to raft.server.rpc.timeout.max)
2023-02-14 08:17:29,245 [f91196cd-4755-4cf6-996a-4ead370c0744@group-A6E1FC536E89-FollowerState] INFO  impl.FollowerState (FollowerState.java:run(143)) - f91196cd-4755-4cf6-996a-4ead370c0744@group-A6E1FC536E89-FollowerState: change to CANDIDATE, lastRpcElapsedTime:5071754725ns, electionTimeout:5066ms
2023-02-14 08:17:29,245 [f91196cd-4755-4cf6-996a-4ead370c0744@group-A6E1FC536E89-FollowerState] INFO  impl.RoleInfo (RoleInfo.java:shutdownFollowerState(110)) - f91196cd-4755-4cf6-996a-4ead370c0744: shutdown f91196cd-4755-4cf6-996a-4ead370c0744@group-A6E1FC536E89-FollowerState
2023-02-14 08:17:29,245 [f91196cd-4755-4cf6-996a-4ead370c0744@group-A6E1FC536E89-FollowerState] INFO  server.RaftServer$Division (RaftServerImpl.java:setRole(321)) - f91196cd-4755-4cf6-996a-4ead370c0744@group-A6E1FC536E89: changes role from  FOLLOWER to CANDIDATE at term 1 for changeToCandidate
2023-02-14 08:17:29,245 [f91196cd-4755-4cf6-996a-4ead370c0744@group-A6E1FC536E89-FollowerState] INFO  server.RaftServerConfigKeys (ConfUtils.java:logGet(46)) - raft.server.leaderelection.pre-vote = false (custom)
2023-02-14 08:17:29,245 [f91196cd-4755-4cf6-996a-4ead370c0744@group-A6E1FC536E89-FollowerState] INFO  impl.RoleInfo (RoleInfo.java:updateAndGet(139)) - f91196cd-4755-4cf6-996a-4ead370c0744: start f91196cd-4755-4cf6-996a-4ead370c0744@group-A6E1FC536E89-LeaderElection10
2023-02-14 08:17:29,250 [36e1e605-60e1-4f03-904e-89ea76d9efd4@group-A6E1FC536E89-FollowerState] INFO  impl.FollowerState (FollowerState.java:run(143)) - 36e1e605-60e1-4f03-904e-89ea76d9efd4@group-A6E1FC536E89-FollowerState: change to CANDIDATE, lastRpcElapsedTime:5078815817ns, electionTimeout:5068ms
2023-02-14 08:17:29,250 [36e1e605-60e1-4f03-904e-89ea76d9efd4@group-A6E1FC536E89-FollowerState] INFO  impl.RoleInfo (RoleInfo.java:shutdownFollowerState(110)) - 36e1e605-60e1-4f03-904e-89ea76d9efd4: shutdown 36e1e605-60e1-4f03-904e-89ea76d9efd4@group-A6E1FC536E89-FollowerState
2023-02-14 08:17:29,250 [36e1e605-60e1-4f03-904e-89ea76d9efd4@group-A6E1FC536E89-FollowerState] INFO  server.RaftServer$Division (RaftServerImpl.java:setRole(321)) - 36e1e605-60e1-4f03-904e-89ea76d9efd4@group-A6E1FC536E89: changes role from  FOLLOWER to CANDIDATE at term 1 for changeToCandidate
2023-02-14 08:17:29,250 [36e1e605-60e1-4f03-904e-89ea76d9efd4@group-A6E1FC536E89-FollowerState] INFO  server.RaftServerConfigKeys (ConfUtils.java:logGet(46)) - raft.server.leaderelection.pre-vote = false (custom)
2023-02-14 08:17:29,250 [36e1e605-60e1-4f03-904e-89ea76d9efd4@group-A6E1FC536E89-FollowerState] INFO  impl.RoleInfo (RoleInfo.java:updateAndGet(139)) - 36e1e605-60e1-4f03-904e-89ea76d9efd4: start 36e1e605-60e1-4f03-904e-89ea76d9efd4@group-A6E1FC536E89-LeaderElection11
2023-02-14 08:17:29,252 [grpc-default-executor-0] INFO  server.RaftServer$Division (RaftServerImpl.java:requestVote(1218)) - 36e1e605-60e1-4f03-904e-89ea76d9efd4@group-A6E1FC536E89: receive requestVote(ELECTION, 3f6fb327-55b5-41b7-853a-8e3dfa7d6293, group-A6E1FC536E89, 2, (t:0, i:0))
2023-02-14 08:17:29,253 [grpc-default-executor-2] INFO  server.RaftServer$Division (RaftServerImpl.java:requestVote(1218)) - f91196cd-4755-4cf6-996a-4ead370c0744@group-A6E1FC536E89: receive requestVote(ELECTION, 3f6fb327-55b5-41b7-853a-8e3dfa7d6293, group-A6E1FC536E89, 2, (t:0, i:0))
2023-02-14 08:17:29,253 [f91196cd-4755-4cf6-996a-4ead370c0744@group-A6E1FC536E89-LeaderElection10] INFO  impl.LeaderElection (LeaderElection.java:askForVotes(312)) - f91196cd-4755-4cf6-996a-4ead370c0744@group-A6E1FC536E89-LeaderElection10 ELECTION round 0: submit vote requests at term 2 for -1: peers:[f91196cd-4755-4cf6-996a-4ead370c0744|rpc:10.1.0.19:34709|dataStream:10.1.0.19:38337|priority:0|startupRole:FOLLOWER, 3f6fb327-55b5-41b7-853a-8e3dfa7d6293|rpc:10.1.0.19:43559|dataStream:10.1.0.19:43503|priority:1|startupRole:FOLLOWER, 36e1e605-60e1-4f03-904e-89ea76d9efd4|rpc:10.1.0.19:42805|dataStream:10.1.0.19:41129|priority:0|startupRole:FOLLOWER]|listeners:[], old=null
2023-02-14 08:17:29,253 [36e1e605-60e1-4f03-904e-89ea76d9efd4@group-A6E1FC536E89-LeaderElection11] INFO  impl.LeaderElection (LeaderElection.java:askForVotes(312)) - 36e1e605-60e1-4f03-904e-89ea76d9efd4@group-A6E1FC536E89-LeaderElection11 ELECTION round 0: submit vote requests at term 2 for -1: peers:[f91196cd-4755-4cf6-996a-4ead370c0744|rpc:10.1.0.19:34709|dataStream:10.1.0.19:38337|priority:0|startupRole:FOLLOWER, 3f6fb327-55b5-41b7-853a-8e3dfa7d6293|rpc:10.1.0.19:43559|dataStream:10.1.0.19:43503|priority:1|startupRole:FOLLOWER, 36e1e605-60e1-4f03-904e-89ea76d9efd4|rpc:10.1.0.19:42805|dataStream:10.1.0.19:41129|priority:0|startupRole:FOLLOWER]|listeners:[], old=null
2023-02-14 08:17:29,253 [grpc-default-executor-0] INFO  impl.VoteContext (VoteContext.java:log(49)) - 36e1e605-60e1-4f03-904e-89ea76d9efd4@group-A6E1FC536E89-CANDIDATE: reject ELECTION from 3f6fb327-55b5-41b7-853a-8e3dfa7d6293: already has voted for 36e1e605-60e1-4f03-904e-89ea76d9efd4 at current term 2
2023-02-14 08:17:29,259 [grpc-default-executor-0] INFO  server.RaftServer$Division (RaftServerImpl.java:requestVote(1251)) - 36e1e605-60e1-4f03-904e-89ea76d9efd4@group-A6E1FC536E89 replies to ELECTION vote request: 3f6fb327-55b5-41b7-853a-8e3dfa7d6293<-36e1e605-60e1-4f03-904e-89ea76d9efd4#0:FAIL-t2. Peer's state: 36e1e605-60e1-4f03-904e-89ea76d9efd4@group-A6E1FC536E89:t2, leader=null, voted=36e1e605-60e1-4f03-904e-89ea76d9efd4, raftlog=Memoized:36e1e605-60e1-4f03-904e-89ea76d9efd4@group-A6E1FC536E89-SegmentedRaftLog:OPENED:c-1, conf=-1: peers:[f91196cd-4755-4cf6-996a-4ead370c0744|rpc:10.1.0.19:34709|dataStream:10.1.0.19:38337|priority:0|startupRole:FOLLOWER, 3f6fb327-55b5-41b7-853a-8e3dfa7d6293|rpc:10.1.0.19:43559|dataStream:10.1.0.19:43503|priority:1|startupRole:FOLLOWER, 36e1e605-60e1-4f03-904e-89ea76d9efd4|rpc:10.1.0.19:42805|dataStream:10.1.0.19:41129|priority:0|startupRole:FOLLOWER]|listeners:[], old=null
2023-02-14 08:17:29,259 [grpc-default-executor-3] INFO  server.RaftServer$Division (RaftServerImpl.java:requestVote(1218)) - 3f6fb327-55b5-41b7-853a-8e3dfa7d6293@group-A6E1FC536E89: receive requestVote(ELECTION, f91196cd-4755-4cf6-996a-4ead370c0744, group-A6E1FC536E89, 2, (t:0, i:0))
2023-02-14 08:17:29,271 [grpc-default-executor-3] INFO  impl.VoteContext (VoteContext.java:log(49)) - 3f6fb327-55b5-41b7-853a-8e3dfa7d6293@group-A6E1FC536E89-CANDIDATE: reject ELECTION from f91196cd-4755-4cf6-996a-4ead370c0744: already has voted for 3f6fb327-55b5-41b7-853a-8e3dfa7d6293 at current term 2
2023-02-14 08:17:29,271 [grpc-default-executor-3] INFO  server.RaftServer$Division (RaftServerImpl.java:requestVote(1251)) - 3f6fb327-55b5-41b7-853a-8e3dfa7d6293@group-A6E1FC536E89 replies to ELECTION vote request: f91196cd-4755-4cf6-996a-4ead370c0744<-3f6fb327-55b5-41b7-853a-8e3dfa7d6293#0:FAIL-t2. Peer's state: 3f6fb327-55b5-41b7-853a-8e3dfa7d6293@group-A6E1FC536E89:t2, leader=null, voted=3f6fb327-55b5-41b7-853a-8e3dfa7d6293, raftlog=Memoized:3f6fb327-55b5-41b7-853a-8e3dfa7d6293@group-A6E1FC536E89-SegmentedRaftLog:OPENED:c-1, conf=-1: peers:[f91196cd-4755-4cf6-996a-4ead370c0744|rpc:10.1.0.19:34709|dataStream:10.1.0.19:38337|priority:0|startupRole:FOLLOWER, 3f6fb327-55b5-41b7-853a-8e3dfa7d6293|rpc:10.1.0.19:43559|dataStream:10.1.0.19:43503|priority:1|startupRole:FOLLOWER, 36e1e605-60e1-4f03-904e-89ea76d9efd4|rpc:10.1.0.19:42805|dataStream:10.1.0.19:41129|priority:0|startupRole:FOLLOWER]|listeners:[], old=null
2023-02-14 08:17:29,253 [grpc-default-executor-2] INFO  impl.VoteContext (VoteContext.java:log(49)) - f91196cd-4755-4cf6-996a-4ead370c0744@group-A6E1FC536E89-CANDIDATE: reject ELECTION from 3f6fb327-55b5-41b7-853a-8e3dfa7d6293: already has voted for f91196cd-4755-4cf6-996a-4ead370c0744 at current term 2
2023-02-14 08:17:29,272 [grpc-default-executor-2] INFO  server.RaftServer$Division (RaftServerImpl.java:requestVote(1251)) - f91196cd-4755-4cf6-996a-4ead370c0744@group-A6E1FC536E89 replies to ELECTION vote request: 3f6fb327-55b5-41b7-853a-8e3dfa7d6293<-f91196cd-4755-4cf6-996a-4ead370c0744#0:FAIL-t2. Peer's state: f91196cd-4755-4cf6-996a-4ead370c0744@group-A6E1FC536E89:t2, leader=null, voted=f91196cd-4755-4cf6-996a-4ead370c0744, raftlog=Memoized:f91196cd-4755-4cf6-996a-4ead370c0744@group-A6E1FC536E89-SegmentedRaftLog:OPENED:c-1, conf=-1: peers:[f91196cd-4755-4cf6-996a-4ead370c0744|rpc:10.1.0.19:34709|dataStream:10.1.0.19:38337|priority:0|startupRole:FOLLOWER, 3f6fb327-55b5-41b7-853a-8e3dfa7d6293|rpc:10.1.0.19:43559|dataStream:10.1.0.19:43503|priority:1|startupRole:FOLLOWER, 36e1e605-60e1-4f03-904e-89ea76d9efd4|rpc:10.1.0.19:42805|dataStream:10.1.0.19:41129|priority:0|startupRole:FOLLOWER]|listeners:[], old=null
2023-02-14 08:17:29,272 [36e1e605-60e1-4f03-904e-89ea76d9efd4@group-A6E1FC536E89-LeaderElection11-2] INFO  server.GrpcServerProtocolClient (GrpcServerProtocolClient.java:<init>(63)) - Build channel for 3f6fb327-55b5-41b7-853a-8e3dfa7d6293
2023-02-14 08:17:29,271 [36e1e605-60e1-4f03-904e-89ea76d9efd4@group-A6E1FC536E89-LeaderElection11] INFO  server.RaftServerConfigKeys (ConfUtils.java:logFallback(53)) - raft.server.rpc.first-election.timeout.min = 5s (fallback to raft.server.rpc.timeout.min)
2023-02-14 08:17:29,262 [36e1e605-60e1-4f03-904e-89ea76d9efd4@group-A6E1FC536E89-LeaderElection11-1] INFO  server.GrpcServerProtocolClient (GrpcServerProtocolClient.java:<init>(63)) - Build channel for f91196cd-4755-4cf6-996a-4ead370c0744
2023-02-14 08:17:29,258 [f91196cd-4755-4cf6-996a-4ead370c0744@group-A6E1FC536E89-LeaderElection10] INFO  server.RaftServerConfigKeys (ConfUtils.java:logFallback(53)) - raft.server.rpc.first-election.timeout.min = 5s (fallback to raft.server.rpc.timeout.min)
2023-02-14 08:17:29,276 [f91196cd-4755-4cf6-996a-4ead370c0744@group-A6E1FC536E89-LeaderElection10] INFO  server.RaftServerConfigKeys (ConfUtils.java:logFallback(53)) - raft.server.rpc.first-election.timeout.max = 5200ms (fallback to raft.server.rpc.timeout.max)
2023-02-14 08:17:29,276 [f91196cd-4755-4cf6-996a-4ead370c0744@group-A6E1FC536E89-LeaderElection10] INFO  impl.LeaderElection (LeaderElection.java:logAndReturn(90)) - f91196cd-4755-4cf6-996a-4ead370c0744@group-A6E1FC536E89-LeaderElection10: ELECTION REJECTED received 1 response(s) and 0 exception(s):
2023-02-14 08:17:29,276 [f91196cd-4755-4cf6-996a-4ead370c0744@group-A6E1FC536E89-LeaderElection10] INFO  impl.LeaderElection (LeaderElection.java:logAndReturn(94)) -   Response 0: f91196cd-4755-4cf6-996a-4ead370c0744<-3f6fb327-55b5-41b7-853a-8e3dfa7d6293#0:FAIL-t2
2023-02-14 08:17:29,277 [f91196cd-4755-4cf6-996a-4ead370c0744@group-A6E1FC536E89-LeaderElection10] INFO  impl.LeaderElection (LeaderElection.java:askForVotes(314)) - f91196cd-4755-4cf6-996a-4ead370c0744@group-A6E1FC536E89-LeaderElection10 ELECTION round 0: result REJECTED
2023-02-14 08:17:29,277 [f91196cd-4755-4cf6-996a-4ead370c0744@group-A6E1FC536E89-LeaderElection10] INFO  server.RaftServer$Division (RaftServerImpl.java:setRole(321)) - f91196cd-4755-4cf6-996a-4ead370c0744@group-A6E1FC536E89: changes role from CANDIDATE to FOLLOWER at term 2 for REJECTED
2023-02-14 08:17:29,277 [f91196cd-4755-4cf6-996a-4ead370c0744@group-A6E1FC536E89-LeaderElection10] INFO  impl.RoleInfo (RoleInfo.java:shutdownLeaderElection(130)) - f91196cd-4755-4cf6-996a-4ead370c0744: shutdown f91196cd-4755-4cf6-996a-4ead370c0744@group-A6E1FC536E89-LeaderElection10
2023-02-14 08:17:29,277 [f91196cd-4755-4cf6-996a-4ead370c0744@group-A6E1FC536E89-LeaderElection10] INFO  impl.RoleInfo (RoleInfo.java:updateAndGet(139)) - f91196cd-4755-4cf6-996a-4ead370c0744: start f91196cd-4755-4cf6-996a-4ead370c0744@group-A6E1FC536E89-FollowerState
2023-02-14 08:17:29,277 [3f6fb327-55b5-41b7-853a-8e3dfa7d6293@group-A6E1FC536E89-LeaderElection9] INFO  impl.LeaderElection (LeaderElection.java:logAndReturn(90)) - 3f6fb327-55b5-41b7-853a-8e3dfa7d6293@group-A6E1FC536E89-LeaderElection9: ELECTION REJECTED received 2 response(s) and 0 exception(s):
2023-02-14 08:17:29,278 [3f6fb327-55b5-41b7-853a-8e3dfa7d6293@group-A6E1FC536E89-LeaderElection9] INFO  impl.LeaderElection (LeaderElection.java:logAndReturn(94)) -   Response 0: 3f6fb327-55b5-41b7-853a-8e3dfa7d6293<-f91196cd-4755-4cf6-996a-4ead370c0744#0:FAIL-t2
2023-02-14 08:17:29,278 [3f6fb327-55b5-41b7-853a-8e3dfa7d6293@group-A6E1FC536E89-LeaderElection9] INFO  impl.LeaderElection (LeaderElection.java:logAndReturn(94)) -   Response 1: 3f6fb327-55b5-41b7-853a-8e3dfa7d6293<-36e1e605-60e1-4f03-904e-89ea76d9efd4#0:FAIL-t2
2023-02-14 08:17:29,274 [36e1e605-60e1-4f03-904e-89ea76d9efd4@group-A6E1FC536E89-LeaderElection11] INFO  server.RaftServerConfigKeys (ConfUtils.java:logFallback(53)) - raft.server.rpc.first-election.timeout.max = 5200ms (fallback to raft.server.rpc.timeout.max)
2023-02-14 08:17:29,274 [grpc-default-executor-3] INFO  server.RaftServer$Division (RaftServerImpl.java:requestVote(1218)) - 36e1e605-60e1-4f03-904e-89ea76d9efd4@group-A6E1FC536E89: receive requestVote(ELECTION, f91196cd-4755-4cf6-996a-4ead370c0744, group-A6E1FC536E89, 2, (t:0, i:0))
2023-02-14 08:17:29,278 [grpc-default-executor-3] INFO  impl.VoteContext (VoteContext.java:log(49)) - 36e1e605-60e1-4f03-904e-89ea76d9efd4@group-A6E1FC536E89-CANDIDATE: reject ELECTION from f91196cd-4755-4cf6-996a-4ead370c0744: already has voted for 36e1e605-60e1-4f03-904e-89ea76d9efd4 at current term 2
2023-02-14 08:17:29,278 [grpc-default-executor-3] INFO  server.RaftServer$Division (RaftServerImpl.java:requestVote(1251)) - 36e1e605-60e1-4f03-904e-89ea76d9efd4@group-A6E1FC536E89 replies to ELECTION vote request: f91196cd-4755-4cf6-996a-4ead370c0744<-36e1e605-60e1-4f03-904e-89ea76d9efd4#0:FAIL-t2. Peer's state: 36e1e605-60e1-4f03-904e-89ea76d9efd4@group-A6E1FC536E89:t2, leader=null, voted=36e1e605-60e1-4f03-904e-89ea76d9efd4, raftlog=Memoized:36e1e605-60e1-4f03-904e-89ea76d9efd4@group-A6E1FC536E89-SegmentedRaftLog:OPENED:c-1, conf=-1: peers:[f91196cd-4755-4cf6-996a-4ead370c0744|rpc:10.1.0.19:34709|dataStream:10.1.0.19:38337|priority:0|startupRole:FOLLOWER, 3f6fb327-55b5-41b7-853a-8e3dfa7d6293|rpc:10.1.0.19:43559|dataStream:10.1.0.19:43503|priority:1|startupRole:FOLLOWER, 36e1e605-60e1-4f03-904e-89ea76d9efd4|rpc:10.1.0.19:42805|dataStream:10.1.0.19:41129|priority:0|startupRole:FOLLOWER]|listeners:[], old=null
2023-02-14 08:17:29,288 [f91196cd-4755-4cf6-996a-4ead370c0744@group-A6E1FC536E89-FollowerState] INFO  server.RaftServerConfigKeys (ConfUtils.java:logFallback(53)) - raft.server.rpc.first-election.timeout.min = 5s (fallback to raft.server.rpc.timeout.min)
2023-02-14 08:17:29,288 [f91196cd-4755-4cf6-996a-4ead370c0744@group-A6E1FC536E89-FollowerState] INFO  server.RaftServerConfigKeys (ConfUtils.java:logFallback(53)) - raft.server.rpc.first-election.timeout.max = 5200ms (fallback to raft.server.rpc.timeout.max)
2023-02-14 08:17:29,288 [3f6fb327-55b5-41b7-853a-8e3dfa7d6293@group-A6E1FC536E89-LeaderElection9] INFO  impl.LeaderElection (LeaderElection.java:askForVotes(314)) - 3f6fb327-55b5-41b7-853a-8e3dfa7d6293@group-A6E1FC536E89-LeaderElection9 ELECTION round 0: result REJECTED
2023-02-14 08:17:29,290 [3f6fb327-55b5-41b7-853a-8e3dfa7d6293@group-A6E1FC536E89-LeaderElection9] INFO  server.RaftServer$Division (RaftServerImpl.java:setRole(321)) - 3f6fb327-55b5-41b7-853a-8e3dfa7d6293@group-A6E1FC536E89: changes role from CANDIDATE to FOLLOWER at term 2 for REJECTED
2023-02-14 08:17:29,290 [3f6fb327-55b5-41b7-853a-8e3dfa7d6293@group-A6E1FC536E89-LeaderElection9] INFO  impl.RoleInfo (RoleInfo.java:shutdownLeaderElection(130)) - 3f6fb327-55b5-41b7-853a-8e3dfa7d6293: shutdown 3f6fb327-55b5-41b7-853a-8e3dfa7d6293@group-A6E1FC536E89-LeaderElection9
2023-02-14 08:17:29,290 [3f6fb327-55b5-41b7-853a-8e3dfa7d6293@group-A6E1FC536E89-LeaderElection9] INFO  impl.RoleInfo (RoleInfo.java:updateAndGet(139)) - 3f6fb327-55b5-41b7-853a-8e3dfa7d6293: start 3f6fb327-55b5-41b7-853a-8e3dfa7d6293@group-A6E1FC536E89-FollowerState
2023-02-14 08:17:29,294 [3f6fb327-55b5-41b7-853a-8e3dfa7d6293@group-A6E1FC536E89-FollowerState] INFO  server.RaftServerConfigKeys (ConfUtils.java:logFallback(53)) - raft.server.rpc.first-election.timeout.min = 5s (fallback to raft.server.rpc.timeout.min)
2023-02-14 08:17:29,294 [3f6fb327-55b5-41b7-853a-8e3dfa7d6293@group-A6E1FC536E89-FollowerState] INFO  server.RaftServerConfigKeys (ConfUtils.java:logFallback(53)) - raft.server.rpc.first-election.timeout.max = 5200ms (fallback to raft.server.rpc.timeout.max)
2023-02-14 08:17:29,298 [grpc-default-executor-2] INFO  server.RaftServer$Division (RaftServerImpl.java:requestVote(1218)) - f91196cd-4755-4cf6-996a-4ead370c0744@group-A6E1FC536E89: receive requestVote(ELECTION, 36e1e605-60e1-4f03-904e-89ea76d9efd4, group-A6E1FC536E89, 2, (t:0, i:0))
2023-02-14 08:17:29,298 [grpc-default-executor-2] INFO  impl.VoteContext (VoteContext.java:log(49)) - f91196cd-4755-4cf6-996a-4ead370c0744@group-A6E1FC536E89-FOLLOWER: reject ELECTION from 36e1e605-60e1-4f03-904e-89ea76d9efd4: already has voted for f91196cd-4755-4cf6-996a-4ead370c0744 at current term 2
2023-02-14 08:17:29,299 [grpc-default-executor-2] INFO  server.RaftServer$Division (RaftServerImpl.java:requestVote(1251)) - f91196cd-4755-4cf6-996a-4ead370c0744@group-A6E1FC536E89 replies to ELECTION vote request: 36e1e605-60e1-4f03-904e-89ea76d9efd4<-f91196cd-4755-4cf6-996a-4ead370c0744#0:FAIL-t2. Peer's state: f91196cd-4755-4cf6-996a-4ead370c0744@group-A6E1FC536E89:t2, leader=null, voted=f91196cd-4755-4cf6-996a-4ead370c0744, raftlog=Memoized:f91196cd-4755-4cf6-996a-4ead370c0744@group-A6E1FC536E89-SegmentedRaftLog:OPENED:c-1, conf=-1: peers:[f91196cd-4755-4cf6-996a-4ead370c0744|rpc:10.1.0.19:34709|dataStream:10.1.0.19:38337|priority:0|startupRole:FOLLOWER, 3f6fb327-55b5-41b7-853a-8e3dfa7d6293|rpc:10.1.0.19:43559|dataStream:10.1.0.19:43503|priority:1|startupRole:FOLLOWER, 36e1e605-60e1-4f03-904e-89ea76d9efd4|rpc:10.1.0.19:42805|dataStream:10.1.0.19:41129|priority:0|startupRole:FOLLOWER]|listeners:[], old=null
2023-02-14 08:17:29,299 [grpc-default-executor-3] INFO  server.RaftServer$Division (RaftServerImpl.java:requestVote(1218)) - 3f6fb327-55b5-41b7-853a-8e3dfa7d6293@group-A6E1FC536E89: receive requestVote(ELECTION, 36e1e605-60e1-4f03-904e-89ea76d9efd4, group-A6E1FC536E89, 2, (t:0, i:0))
2023-02-14 08:17:29,299 [grpc-default-executor-3] INFO  impl.VoteContext (VoteContext.java:log(49)) - 3f6fb327-55b5-41b7-853a-8e3dfa7d6293@group-A6E1FC536E89-FOLLOWER: reject ELECTION from 36e1e605-60e1-4f03-904e-89ea76d9efd4: already has voted for 3f6fb327-55b5-41b7-853a-8e3dfa7d6293 at current term 2
2023-02-14 08:17:29,299 [grpc-default-executor-3] INFO  server.RaftServer$Division (RaftServerImpl.java:requestVote(1251)) - 3f6fb327-55b5-41b7-853a-8e3dfa7d6293@group-A6E1FC536E89 replies to ELECTION vote request: 36e1e605-60e1-4f03-904e-89ea76d9efd4<-3f6fb327-55b5-41b7-853a-8e3dfa7d6293#0:FAIL-t2. Peer's state: 3f6fb327-55b5-41b7-853a-8e3dfa7d6293@group-A6E1FC536E89:t2, leader=null, voted=3f6fb327-55b5-41b7-853a-8e3dfa7d6293, raftlog=Memoized:3f6fb327-55b5-41b7-853a-8e3dfa7d6293@group-A6E1FC536E89-SegmentedRaftLog:OPENED:c-1, conf=-1: peers:[f91196cd-4755-4cf6-996a-4ead370c0744|rpc:10.1.0.19:34709|dataStream:10.1.0.19:38337|priority:0|startupRole:FOLLOWER, 3f6fb327-55b5-41b7-853a-8e3dfa7d6293|rpc:10.1.0.19:43559|dataStream:10.1.0.19:43503|priority:1|startupRole:FOLLOWER, 36e1e605-60e1-4f03-904e-89ea76d9efd4|rpc:10.1.0.19:42805|dataStream:10.1.0.19:41129|priority:0|startupRole:FOLLOWER]|listeners:[], old=null
2023-02-14 08:17:29,300 [36e1e605-60e1-4f03-904e-89ea76d9efd4@group-A6E1FC536E89-LeaderElection11] INFO  impl.LeaderElection (LeaderElection.java:logAndReturn(90)) - 36e1e605-60e1-4f03-904e-89ea76d9efd4@group-A6E1FC536E89-LeaderElection11: ELECTION REJECTED received 2 response(s) and 0 exception(s):
2023-02-14 08:17:29,302 [36e1e605-60e1-4f03-904e-89ea76d9efd4@group-A6E1FC536E89-LeaderElection11] INFO  impl.LeaderElection (LeaderElection.java:logAndReturn(94)) -   Response 0: 36e1e605-60e1-4f03-904e-89ea76d9efd4<-f91196cd-4755-4cf6-996a-4ead370c0744#0:FAIL-t2
2023-02-14 08:17:29,302 [36e1e605-60e1-4f03-904e-89ea76d9efd4@group-A6E1FC536E89-LeaderElection11] INFO  impl.LeaderElection (LeaderElection.java:logAndReturn(94)) -   Response 1: 36e1e605-60e1-4f03-904e-89ea76d9efd4<-3f6fb327-55b5-41b7-853a-8e3dfa7d6293#0:FAIL-t2
2023-02-14 08:17:29,302 [36e1e605-60e1-4f03-904e-89ea76d9efd4@group-A6E1FC536E89-LeaderElection11] INFO  impl.LeaderElection (LeaderElection.java:askForVotes(314)) - 36e1e605-60e1-4f03-904e-89ea76d9efd4@group-A6E1FC536E89-LeaderElection11 ELECTION round 0: result REJECTED
2023-02-14 08:17:29,302 [36e1e605-60e1-4f03-904e-89ea76d9efd4@group-A6E1FC536E89-LeaderElection11] INFO  server.RaftServer$Division (RaftServerImpl.java:setRole(321)) - 36e1e605-60e1-4f03-904e-89ea76d9efd4@group-A6E1FC536E89: changes role from CANDIDATE to FOLLOWER at term 2 for REJECTED
2023-02-14 08:17:29,302 [36e1e605-60e1-4f03-904e-89ea76d9efd4@group-A6E1FC536E89-LeaderElection11] INFO  impl.RoleInfo (RoleInfo.java:shutdownLeaderElection(130)) - 36e1e605-60e1-4f03-904e-89ea76d9efd4: shutdown 36e1e605-60e1-4f03-904e-89ea76d9efd4@group-A6E1FC536E89-LeaderElection11
2023-02-14 08:17:29,303 [36e1e605-60e1-4f03-904e-89ea76d9efd4@group-A6E1FC536E89-LeaderElection11] INFO  impl.RoleInfo (RoleInfo.java:updateAndGet(139)) - 36e1e605-60e1-4f03-904e-89ea76d9efd4: start 36e1e605-60e1-4f03-904e-89ea76d9efd4@group-A6E1FC536E89-FollowerState
2023-02-14 08:17:29,304 [36e1e605-60e1-4f03-904e-89ea76d9efd4@group-A6E1FC536E89-FollowerState] INFO  server.RaftServerConfigKeys (ConfUtils.java:logFallback(53)) - raft.server.rpc.first-election.timeout.min = 5s (fallback to raft.server.rpc.timeout.min)
2023-02-14 08:17:29,304 [36e1e605-60e1-4f03-904e-89ea76d9efd4@group-A6E1FC536E89-FollowerState] INFO  server.RaftServerConfigKeys (ConfUtils.java:logFallback(53)) - raft.server.rpc.first-election.timeout.max = 5200ms (fallback to raft.server.rpc.timeout.max)
]]></system-out>
  </testcase>
  <testcase name="testTrash" classname="TestOzoneFileSystem" time="5.02">
    <system-out><![CDATA[2023-02-14 08:18:24,447 [IPC Server handler 16 on default port 34455] INFO  key.OMKeyRequest (OMKeyRequest.java:wrapUncommittedBlocksAsPseudoKey(837)) - Detect allocated but uncommitted blocks [{blockID={containerID=2, localID=111677748019200006}, length=4194304, offset=0, token=null, pipeline=null, createVersion=0, partNumber=0}] in key testKey2.
08:18:24.449 [IPC Server handler 19 on default port 34455] ERROR OMAudit - user=runner | ip=127.0.0.1 | op=GET_FILE_STATUS {volume=volume94786, bucket=bucket02286, key=.Trash/runner/Current/testKey2, dataSize=0, replicationConfig=null} | ret=FAILURE
org.apache.hadoop.ozone.om.exceptions.OMException: Unable to get file status: volume: volume94786 bucket: bucket02286 key: .Trash/runner/Current/testKey2
	at org.apache.hadoop.ozone.om.KeyManagerImpl.getOzoneFileStatus(KeyManagerImpl.java:1162) ~[ozone-manager-1.4.0-SNAPSHOT.jar:?]
	at org.apache.hadoop.ozone.om.KeyManagerImpl.getFileStatus(KeyManagerImpl.java:1080) ~[ozone-manager-1.4.0-SNAPSHOT.jar:?]
	at org.apache.hadoop.ozone.om.OmMetadataReader.getFileStatus(OmMetadataReader.java:288) ~[ozone-manager-1.4.0-SNAPSHOT.jar:?]
	at org.apache.hadoop.ozone.om.OzoneManager.getFileStatus(OzoneManager.java:3449) ~[ozone-manager-1.4.0-SNAPSHOT.jar:?]
	at org.apache.hadoop.ozone.protocolPB.OzoneManagerRequestHandler.getOzoneFileStatus(OzoneManagerRequestHandler.java:933) ~[ozone-manager-1.4.0-SNAPSHOT.jar:?]
	at org.apache.hadoop.ozone.protocolPB.OzoneManagerRequestHandler.handleReadRequest(OzoneManagerRequestHandler.java:238) ~[ozone-manager-1.4.0-SNAPSHOT.jar:?]
	at org.apache.hadoop.ozone.protocolPB.OzoneManagerProtocolServerSideTranslatorPB.submitRequestDirectlyToOM(OzoneManagerProtocolServerSideTranslatorPB.java:271) ~[ozone-manager-1.4.0-SNAPSHOT.jar:?]
	at org.apache.hadoop.ozone.protocolPB.OzoneManagerProtocolServerSideTranslatorPB.processRequest(OzoneManagerProtocolServerSideTranslatorPB.java:173) ~[ozone-manager-1.4.0-SNAPSHOT.jar:?]
	at org.apache.hadoop.hdds.server.OzoneProtocolMessageDispatcher.processRequest(OzoneProtocolMessageDispatcher.java:87) [hdds-server-framework-1.4.0-SNAPSHOT.jar:?]
	at org.apache.hadoop.ozone.protocolPB.OzoneManagerProtocolServerSideTranslatorPB.submitRequest(OzoneManagerProtocolServerSideTranslatorPB.java:147) [ozone-manager-1.4.0-SNAPSHOT.jar:?]
	at org.apache.hadoop.ozone.protocol.proto.OzoneManagerProtocolProtos$OzoneManagerService$2.callBlockingMethod(OzoneManagerProtocolProtos.java) [ozone-interface-client-1.4.0-SNAPSHOT.jar:?]
	at org.apache.hadoop.ipc.ProtobufRpcEngine$Server.processCall(ProtobufRpcEngine.java:465) [hadoop-common-3.3.4.jar:?]
	at org.apache.hadoop.ipc.ProtobufRpcEngine2$Server$ProtoBufRpcInvoker.call(ProtobufRpcEngine2.java:578) [hadoop-common-3.3.4.jar:?]
	at org.apache.hadoop.ipc.ProtobufRpcEngine2$Server$ProtoBufRpcInvoker.call(ProtobufRpcEngine2.java:556) [hadoop-common-3.3.4.jar:?]
	at org.apache.hadoop.ipc.RPC$Server.call(RPC.java:1093) [hadoop-common-3.3.4.jar:?]
	at org.apache.hadoop.ipc.Server$RpcCall.run(Server.java:1043) [hadoop-common-3.3.4.jar:?]
	at org.apache.hadoop.ipc.Server$RpcCall.run(Server.java:971) [hadoop-common-3.3.4.jar:?]
	at java.security.AccessController.doPrivileged(Native Method) ~[?:1.8.0_362]
	at javax.security.auth.Subject.doAs(Subject.java:422) [?:1.8.0_362]
	at org.apache.hadoop.security.UserGroupInformation.doAs(UserGroupInformation.java:1878) [hadoop-common-3.3.4.jar:?]
	at org.apache.hadoop.ipc.Server$Handler.run(Server.java:2976) [hadoop-common-3.3.4.jar:?]
08:18:24.450 [IPC Server handler 1 on default port 34455] ERROR OMAudit - user=runner | ip=127.0.0.1 | op=GET_FILE_STATUS {volume=volume94786, bucket=bucket02286, key=.Trash/runner/Current/testKey2, dataSize=0, replicationConfig=null} | ret=FAILURE
org.apache.hadoop.ozone.om.exceptions.OMException: Unable to get file status: volume: volume94786 bucket: bucket02286 key: .Trash/runner/Current/testKey2
	at org.apache.hadoop.ozone.om.KeyManagerImpl.getOzoneFileStatus(KeyManagerImpl.java:1162) ~[ozone-manager-1.4.0-SNAPSHOT.jar:?]
	at org.apache.hadoop.ozone.om.KeyManagerImpl.getFileStatus(KeyManagerImpl.java:1080) ~[ozone-manager-1.4.0-SNAPSHOT.jar:?]
	at org.apache.hadoop.ozone.om.OmMetadataReader.getFileStatus(OmMetadataReader.java:288) ~[ozone-manager-1.4.0-SNAPSHOT.jar:?]
	at org.apache.hadoop.ozone.om.OzoneManager.getFileStatus(OzoneManager.java:3449) ~[ozone-manager-1.4.0-SNAPSHOT.jar:?]
	at org.apache.hadoop.ozone.protocolPB.OzoneManagerRequestHandler.getOzoneFileStatus(OzoneManagerRequestHandler.java:933) ~[ozone-manager-1.4.0-SNAPSHOT.jar:?]
	at org.apache.hadoop.ozone.protocolPB.OzoneManagerRequestHandler.handleReadRequest(OzoneManagerRequestHandler.java:238) ~[ozone-manager-1.4.0-SNAPSHOT.jar:?]
	at org.apache.hadoop.ozone.protocolPB.OzoneManagerProtocolServerSideTranslatorPB.submitRequestDirectlyToOM(OzoneManagerProtocolServerSideTranslatorPB.java:271) ~[ozone-manager-1.4.0-SNAPSHOT.jar:?]
	at org.apache.hadoop.ozone.protocolPB.OzoneManagerProtocolServerSideTranslatorPB.processRequest(OzoneManagerProtocolServerSideTranslatorPB.java:173) ~[ozone-manager-1.4.0-SNAPSHOT.jar:?]
	at org.apache.hadoop.hdds.server.OzoneProtocolMessageDispatcher.processRequest(OzoneProtocolMessageDispatcher.java:87) [hdds-server-framework-1.4.0-SNAPSHOT.jar:?]
	at org.apache.hadoop.ozone.protocolPB.OzoneManagerProtocolServerSideTranslatorPB.submitRequest(OzoneManagerProtocolServerSideTranslatorPB.java:147) [ozone-manager-1.4.0-SNAPSHOT.jar:?]
	at org.apache.hadoop.ozone.protocol.proto.OzoneManagerProtocolProtos$OzoneManagerService$2.callBlockingMethod(OzoneManagerProtocolProtos.java) [ozone-interface-client-1.4.0-SNAPSHOT.jar:?]
	at org.apache.hadoop.ipc.ProtobufRpcEngine$Server.processCall(ProtobufRpcEngine.java:465) [hadoop-common-3.3.4.jar:?]
	at org.apache.hadoop.ipc.ProtobufRpcEngine2$Server$ProtoBufRpcInvoker.call(ProtobufRpcEngine2.java:578) [hadoop-common-3.3.4.jar:?]
	at org.apache.hadoop.ipc.ProtobufRpcEngine2$Server$ProtoBufRpcInvoker.call(ProtobufRpcEngine2.java:556) [hadoop-common-3.3.4.jar:?]
	at org.apache.hadoop.ipc.RPC$Server.call(RPC.java:1093) [hadoop-common-3.3.4.jar:?]
	at org.apache.hadoop.ipc.Server$RpcCall.run(Server.java:1043) [hadoop-common-3.3.4.jar:?]
	at org.apache.hadoop.ipc.Server$RpcCall.run(Server.java:971) [hadoop-common-3.3.4.jar:?]
	at java.security.AccessController.doPrivileged(Native Method) ~[?:1.8.0_362]
	at javax.security.auth.Subject.doAs(Subject.java:422) [?:1.8.0_362]
	at org.apache.hadoop.security.UserGroupInformation.doAs(UserGroupInformation.java:1878) [hadoop-common-3.3.4.jar:?]
	at org.apache.hadoop.ipc.Server$Handler.run(Server.java:2976) [hadoop-common-3.3.4.jar:?]
2023-02-14 08:18:24,452 [Time-limited test] INFO  om.TrashPolicyOzone (TrashPolicyOzone.java:moveToTrash(209)) - Moved: '/testKey2' to trash at: /.Trash/runner/Current/testKey2
2023-02-14 08:18:24,918 [5c792a94-e343-4e55-bd70-b5b136c65d30@group-A8E470ADAA18-FollowerState] INFO  impl.FollowerState (FollowerState.java:run(143)) - 5c792a94-e343-4e55-bd70-b5b136c65d30@group-A8E470ADAA18-FollowerState: change to CANDIDATE, lastRpcElapsedTime:5162464993ns, electionTimeout:5162ms
2023-02-14 08:18:24,918 [5c792a94-e343-4e55-bd70-b5b136c65d30@group-A8E470ADAA18-FollowerState] INFO  impl.RoleInfo (RoleInfo.java:shutdownFollowerState(110)) - 5c792a94-e343-4e55-bd70-b5b136c65d30: shutdown 5c792a94-e343-4e55-bd70-b5b136c65d30@group-A8E470ADAA18-FollowerState
2023-02-14 08:18:24,918 [5c792a94-e343-4e55-bd70-b5b136c65d30@group-A8E470ADAA18-FollowerState] INFO  server.RaftServer$Division (RaftServerImpl.java:setRole(321)) - 5c792a94-e343-4e55-bd70-b5b136c65d30@group-A8E470ADAA18: changes role from  FOLLOWER to CANDIDATE at term 0 for changeToCandidate
2023-02-14 08:18:24,919 [5c792a94-e343-4e55-bd70-b5b136c65d30@group-A8E470ADAA18-FollowerState] INFO  server.RaftServerConfigKeys (ConfUtils.java:logGet(46)) - raft.server.leaderelection.pre-vote = false (custom)
2023-02-14 08:18:24,919 [5c792a94-e343-4e55-bd70-b5b136c65d30@group-A8E470ADAA18-FollowerState] INFO  impl.RoleInfo (RoleInfo.java:updateAndGet(139)) - 5c792a94-e343-4e55-bd70-b5b136c65d30: start 5c792a94-e343-4e55-bd70-b5b136c65d30@group-A8E470ADAA18-LeaderElection20
2023-02-14 08:18:24,922 [5c792a94-e343-4e55-bd70-b5b136c65d30@group-A8E470ADAA18-LeaderElection20] INFO  impl.LeaderElection (LeaderElection.java:askForVotes(312)) - 5c792a94-e343-4e55-bd70-b5b136c65d30@group-A8E470ADAA18-LeaderElection20 ELECTION round 0: submit vote requests at term 1 for -1: peers:[5c792a94-e343-4e55-bd70-b5b136c65d30|rpc:10.1.0.19:41833|dataStream:10.1.0.19:41409|priority:1|startupRole:FOLLOWER]|listeners:[], old=null
2023-02-14 08:18:24,922 [5c792a94-e343-4e55-bd70-b5b136c65d30@group-A8E470ADAA18-LeaderElection20] INFO  impl.LeaderElection (LeaderElection.java:askForVotes(314)) - 5c792a94-e343-4e55-bd70-b5b136c65d30@group-A8E470ADAA18-LeaderElection20 ELECTION round 0: result PASSED (term=1)
2023-02-14 08:18:24,922 [5c792a94-e343-4e55-bd70-b5b136c65d30@group-A8E470ADAA18-LeaderElection20] INFO  impl.RoleInfo (RoleInfo.java:shutdownLeaderElection(130)) - 5c792a94-e343-4e55-bd70-b5b136c65d30: shutdown 5c792a94-e343-4e55-bd70-b5b136c65d30@group-A8E470ADAA18-LeaderElection20
2023-02-14 08:18:24,922 [5c792a94-e343-4e55-bd70-b5b136c65d30@group-A8E470ADAA18-LeaderElection20] INFO  server.RaftServer$Division (RaftServerImpl.java:setRole(321)) - 5c792a94-e343-4e55-bd70-b5b136c65d30@group-A8E470ADAA18: changes role from CANDIDATE to LEADER at term 1 for changeToLeader
2023-02-14 08:18:24,922 [5c792a94-e343-4e55-bd70-b5b136c65d30@group-A8E470ADAA18-LeaderElection20] INFO  ratis.XceiverServerRatis (XceiverServerRatis.java:handleLeaderChangedNotification(905)) - Leader change notification received for group: group-A8E470ADAA18 with new leaderId: 5c792a94-e343-4e55-bd70-b5b136c65d30
2023-02-14 08:18:24,922 [5c792a94-e343-4e55-bd70-b5b136c65d30@group-A8E470ADAA18-LeaderElection20] INFO  server.RaftServer$Division (ServerState.java:setLeader(313)) - 5c792a94-e343-4e55-bd70-b5b136c65d30@group-A8E470ADAA18: change Leader from null to 5c792a94-e343-4e55-bd70-b5b136c65d30 at term 1 for becomeLeader, leader elected after 5176ms
2023-02-14 08:18:24,922 [5c792a94-e343-4e55-bd70-b5b136c65d30@group-A8E470ADAA18-LeaderElection20] INFO  server.RaftServerConfigKeys (ConfUtils.java:logGet(46)) - raft.server.staging.catchup.gap = 1000 (default)
2023-02-14 08:18:24,922 [5c792a94-e343-4e55-bd70-b5b136c65d30@group-A8E470ADAA18-LeaderElection20] INFO  server.RaftServerConfigKeys (ConfUtils.java:logGet(46)) - raft.server.write.element-limit = 1024 (custom)
2023-02-14 08:18:24,922 [5c792a94-e343-4e55-bd70-b5b136c65d30@group-A8E470ADAA18-LeaderElection20] INFO  server.RaftServerConfigKeys (ConfUtils.java:logGet(46)) - raft.server.write.byte-limit = 1024 M (=1073741824) (custom)
2023-02-14 08:18:24,922 [5c792a94-e343-4e55-bd70-b5b136c65d30@group-A8E470ADAA18-LeaderElection20] INFO  server.RaftServerConfigKeys (ConfUtils.java:logGet(46)) - raft.server.watch.timeout = 180s (custom)
2023-02-14 08:18:24,922 [5c792a94-e343-4e55-bd70-b5b136c65d30@group-A8E470ADAA18-LeaderElection20] INFO  server.RaftServerConfigKeys (ConfUtils.java:logGet(46)) - raft.server.watch.timeout.denomination = 1s (default)
2023-02-14 08:18:24,922 [5c792a94-e343-4e55-bd70-b5b136c65d30@group-A8E470ADAA18-LeaderElection20] INFO  server.RaftServerConfigKeys (ConfUtils.java:logGet(46)) - raft.server.watch.element-limit = 65536 (default)
2023-02-14 08:18:24,923 [5c792a94-e343-4e55-bd70-b5b136c65d30@group-A8E470ADAA18-LeaderElection20] INFO  server.RaftServerConfigKeys (ConfUtils.java:logGet(46)) - raft.server.write.element-limit = 1024 (custom)
2023-02-14 08:18:24,923 [5c792a94-e343-4e55-bd70-b5b136c65d30@group-A8E470ADAA18-LeaderElection20] INFO  server.RaftServerConfigKeys (ConfUtils.java:logGet(46)) - raft.server.write.follower.gap.ratio.max = -1.0 (default)
2023-02-14 08:18:24,923 [5c792a94-e343-4e55-bd70-b5b136c65d30@group-A8E470ADAA18-LeaderElection20] INFO  impl.RoleInfo (RoleInfo.java:updateAndGet(139)) - 5c792a94-e343-4e55-bd70-b5b136c65d30: start 5c792a94-e343-4e55-bd70-b5b136c65d30@group-A8E470ADAA18-LeaderStateImpl
2023-02-14 08:18:24,923 [5c792a94-e343-4e55-bd70-b5b136c65d30@group-A8E470ADAA18-LeaderElection20] INFO  segmented.SegmentedRaftLogWorker (SegmentedRaftLogWorker.java:startLogSegment(452)) - 5c792a94-e343-4e55-bd70-b5b136c65d30@group-A8E470ADAA18-SegmentedRaftLogWorker: Starting segment from index:0
2023-02-14 08:18:24,928 [5c792a94-e343-4e55-bd70-b5b136c65d30@group-A8E470ADAA18-LeaderElection20] INFO  server.RaftServer$Division (ServerState.java:setRaftConf(430)) - 5c792a94-e343-4e55-bd70-b5b136c65d30@group-A8E470ADAA18: set configuration 0: peers:[5c792a94-e343-4e55-bd70-b5b136c65d30|rpc:10.1.0.19:41833|dataStream:10.1.0.19:41409|priority:1|startupRole:FOLLOWER]|listeners:[], old=null
2023-02-14 08:18:24,928 [5c792a94-e343-4e55-bd70-b5b136c65d30@group-A8E470ADAA18-SegmentedRaftLogWorker] INFO  segmented.SegmentedRaftLogWorker (SegmentedRaftLogWorker.java:execute(656)) - 5c792a94-e343-4e55-bd70-b5b136c65d30@group-A8E470ADAA18-SegmentedRaftLogWorker: created new log segment /home/runner/work/ozone/ozone/hadoop-ozone/integration-test/target/test-dir/MiniOzoneClusterImpl-48139d39-b3ff-469d-bfde-a70ccbd6566f/datanode-4/data/ratis/326ddbfe-fdb4-4409-b0ec-a8e470adaa18/current/log_inprogress_0
08:18:26.454 [IPC Server handler 9 on default port 34455] ERROR OMAudit - user=runner | ip=127.0.0.1 | op=GET_FILE_STATUS {volume=volume94786, bucket=bucket02286, key=.Trash/runner/Current/testKey2, dataSize=0, replicationConfig=null} | ret=FAILURE
org.apache.hadoop.ozone.om.exceptions.OMException: Unable to get file status: volume: volume94786 bucket: bucket02286 key: .Trash/runner/Current/testKey2
	at org.apache.hadoop.ozone.om.KeyManagerImpl.getOzoneFileStatus(KeyManagerImpl.java:1162) ~[ozone-manager-1.4.0-SNAPSHOT.jar:?]
	at org.apache.hadoop.ozone.om.KeyManagerImpl.getFileStatus(KeyManagerImpl.java:1080) ~[ozone-manager-1.4.0-SNAPSHOT.jar:?]
	at org.apache.hadoop.ozone.om.OmMetadataReader.getFileStatus(OmMetadataReader.java:288) ~[ozone-manager-1.4.0-SNAPSHOT.jar:?]
	at org.apache.hadoop.ozone.om.OzoneManager.getFileStatus(OzoneManager.java:3449) ~[ozone-manager-1.4.0-SNAPSHOT.jar:?]
	at org.apache.hadoop.ozone.protocolPB.OzoneManagerRequestHandler.getOzoneFileStatus(OzoneManagerRequestHandler.java:933) ~[ozone-manager-1.4.0-SNAPSHOT.jar:?]
	at org.apache.hadoop.ozone.protocolPB.OzoneManagerRequestHandler.handleReadRequest(OzoneManagerRequestHandler.java:238) ~[ozone-manager-1.4.0-SNAPSHOT.jar:?]
	at org.apache.hadoop.ozone.protocolPB.OzoneManagerProtocolServerSideTranslatorPB.submitRequestDirectlyToOM(OzoneManagerProtocolServerSideTranslatorPB.java:271) ~[ozone-manager-1.4.0-SNAPSHOT.jar:?]
	at org.apache.hadoop.ozone.protocolPB.OzoneManagerProtocolServerSideTranslatorPB.processRequest(OzoneManagerProtocolServerSideTranslatorPB.java:173) ~[ozone-manager-1.4.0-SNAPSHOT.jar:?]
	at org.apache.hadoop.hdds.server.OzoneProtocolMessageDispatcher.processRequest(OzoneProtocolMessageDispatcher.java:87) [hdds-server-framework-1.4.0-SNAPSHOT.jar:?]
	at org.apache.hadoop.ozone.protocolPB.OzoneManagerProtocolServerSideTranslatorPB.submitRequest(OzoneManagerProtocolServerSideTranslatorPB.java:147) [ozone-manager-1.4.0-SNAPSHOT.jar:?]
	at org.apache.hadoop.ozone.protocol.proto.OzoneManagerProtocolProtos$OzoneManagerService$2.callBlockingMethod(OzoneManagerProtocolProtos.java) [ozone-interface-client-1.4.0-SNAPSHOT.jar:?]
	at org.apache.hadoop.ipc.ProtobufRpcEngine$Server.processCall(ProtobufRpcEngine.java:465) [hadoop-common-3.3.4.jar:?]
	at org.apache.hadoop.ipc.ProtobufRpcEngine2$Server$ProtoBufRpcInvoker.call(ProtobufRpcEngine2.java:578) [hadoop-common-3.3.4.jar:?]
	at org.apache.hadoop.ipc.ProtobufRpcEngine2$Server$ProtoBufRpcInvoker.call(ProtobufRpcEngine2.java:556) [hadoop-common-3.3.4.jar:?]
	at org.apache.hadoop.ipc.RPC$Server.call(RPC.java:1093) [hadoop-common-3.3.4.jar:?]
	at org.apache.hadoop.ipc.Server$RpcCall.run(Server.java:1043) [hadoop-common-3.3.4.jar:?]
	at org.apache.hadoop.ipc.Server$RpcCall.run(Server.java:971) [hadoop-common-3.3.4.jar:?]
	at java.security.AccessController.doPrivileged(Native Method) ~[?:1.8.0_362]
	at javax.security.auth.Subject.doAs(Subject.java:422) [?:1.8.0_362]
	at org.apache.hadoop.security.UserGroupInformation.doAs(UserGroupInformation.java:1878) [hadoop-common-3.3.4.jar:?]
	at org.apache.hadoop.ipc.Server$Handler.run(Server.java:2976) [hadoop-common-3.3.4.jar:?]
2023-02-14 08:18:28,611 [b5737586-1c7b-466e-b8cb-d0d8351e95e3@group-3C8877628462-FollowerState] INFO  server.RaftServerConfigKeys (ConfUtils.java:logFallback(53)) - raft.server.rpc.first-election.timeout.min = 5s (fallback to raft.server.rpc.timeout.min)
2023-02-14 08:18:28,611 [b5737586-1c7b-466e-b8cb-d0d8351e95e3@group-3C8877628462-FollowerState] INFO  server.RaftServerConfigKeys (ConfUtils.java:logFallback(53)) - raft.server.rpc.first-election.timeout.max = 5200ms (fallback to raft.server.rpc.timeout.max)
2023-02-14 08:18:28,686 [ad6dcd81-1875-4667-9f21-c7397548b1ba@group-3C8877628462-FollowerState] INFO  impl.FollowerState (FollowerState.java:run(143)) - ad6dcd81-1875-4667-9f21-c7397548b1ba@group-3C8877628462-FollowerState: change to CANDIDATE, lastRpcElapsedTime:5111248579ns, electionTimeout:5110ms
2023-02-14 08:18:28,686 [ad6dcd81-1875-4667-9f21-c7397548b1ba@group-3C8877628462-FollowerState] INFO  impl.RoleInfo (RoleInfo.java:shutdownFollowerState(110)) - ad6dcd81-1875-4667-9f21-c7397548b1ba: shutdown ad6dcd81-1875-4667-9f21-c7397548b1ba@group-3C8877628462-FollowerState
2023-02-14 08:18:28,686 [ad6dcd81-1875-4667-9f21-c7397548b1ba@group-3C8877628462-FollowerState] INFO  server.RaftServer$Division (RaftServerImpl.java:setRole(321)) - ad6dcd81-1875-4667-9f21-c7397548b1ba@group-3C8877628462: changes role from  FOLLOWER to CANDIDATE at term 1 for changeToCandidate
2023-02-14 08:18:28,686 [ad6dcd81-1875-4667-9f21-c7397548b1ba@group-3C8877628462-FollowerState] INFO  server.RaftServerConfigKeys (ConfUtils.java:logGet(46)) - raft.server.leaderelection.pre-vote = false (custom)
2023-02-14 08:18:28,686 [ad6dcd81-1875-4667-9f21-c7397548b1ba@group-3C8877628462-FollowerState] INFO  impl.RoleInfo (RoleInfo.java:updateAndGet(139)) - ad6dcd81-1875-4667-9f21-c7397548b1ba: start ad6dcd81-1875-4667-9f21-c7397548b1ba@group-3C8877628462-LeaderElection21
2023-02-14 08:18:28,692 [ad6dcd81-1875-4667-9f21-c7397548b1ba@group-3C8877628462-LeaderElection21] INFO  impl.LeaderElection (LeaderElection.java:askForVotes(312)) - ad6dcd81-1875-4667-9f21-c7397548b1ba@group-3C8877628462-LeaderElection21 ELECTION round 0: submit vote requests at term 2 for -1: peers:[b5737586-1c7b-466e-b8cb-d0d8351e95e3|rpc:10.1.0.19:36425|dataStream:10.1.0.19:38459|priority:0|startupRole:FOLLOWER, 31091561-319b-44fe-8343-13da60b8022d|rpc:10.1.0.19:41071|dataStream:10.1.0.19:37967|priority:1|startupRole:FOLLOWER, ad6dcd81-1875-4667-9f21-c7397548b1ba|rpc:10.1.0.19:34199|dataStream:10.1.0.19:34273|priority:0|startupRole:FOLLOWER]|listeners:[], old=null
2023-02-14 08:18:28,693 [ad6dcd81-1875-4667-9f21-c7397548b1ba@group-3C8877628462-LeaderElection21] INFO  server.RaftServerConfigKeys (ConfUtils.java:logFallback(53)) - raft.server.rpc.first-election.timeout.min = 5s (fallback to raft.server.rpc.timeout.min)
2023-02-14 08:18:28,693 [ad6dcd81-1875-4667-9f21-c7397548b1ba@group-3C8877628462-LeaderElection21] INFO  server.RaftServerConfigKeys (ConfUtils.java:logFallback(53)) - raft.server.rpc.first-election.timeout.max = 5200ms (fallback to raft.server.rpc.timeout.max)
2023-02-14 08:18:28,695 [grpc-default-executor-2] INFO  server.RaftServer$Division (RaftServerImpl.java:requestVote(1218)) - 31091561-319b-44fe-8343-13da60b8022d@group-3C8877628462: receive requestVote(ELECTION, ad6dcd81-1875-4667-9f21-c7397548b1ba, group-3C8877628462, 2, (t:0, i:0))
2023-02-14 08:18:28,695 [grpc-default-executor-2] INFO  impl.VoteContext (VoteContext.java:log(49)) - 31091561-319b-44fe-8343-13da60b8022d@group-3C8877628462-FOLLOWER: reject ELECTION from ad6dcd81-1875-4667-9f21-c7397548b1ba: our priority 1 > candidate's priority 0
2023-02-14 08:18:28,695 [grpc-default-executor-2] INFO  server.RaftServer$Division (RaftServerImpl.java:setRole(321)) - 31091561-319b-44fe-8343-13da60b8022d@group-3C8877628462: changes role from  FOLLOWER to FOLLOWER at term 2 for candidate:ad6dcd81-1875-4667-9f21-c7397548b1ba
2023-02-14 08:18:28,695 [grpc-default-executor-2] INFO  impl.RoleInfo (RoleInfo.java:shutdownFollowerState(110)) - 31091561-319b-44fe-8343-13da60b8022d: shutdown 31091561-319b-44fe-8343-13da60b8022d@group-3C8877628462-FollowerState
2023-02-14 08:18:28,695 [grpc-default-executor-2] INFO  impl.RoleInfo (RoleInfo.java:updateAndGet(139)) - 31091561-319b-44fe-8343-13da60b8022d: start 31091561-319b-44fe-8343-13da60b8022d@group-3C8877628462-FollowerState
2023-02-14 08:18:28,695 [31091561-319b-44fe-8343-13da60b8022d@group-3C8877628462-FollowerState] INFO  impl.FollowerState (FollowerState.java:run(152)) - 31091561-319b-44fe-8343-13da60b8022d@group-3C8877628462-FollowerState was interrupted
2023-02-14 08:18:28,695 [grpc-default-executor-4] INFO  server.RaftServer$Division (RaftServerImpl.java:requestVote(1218)) - b5737586-1c7b-466e-b8cb-d0d8351e95e3@group-3C8877628462: receive requestVote(ELECTION, ad6dcd81-1875-4667-9f21-c7397548b1ba, group-3C8877628462, 2, (t:0, i:0))
2023-02-14 08:18:28,695 [grpc-default-executor-4] INFO  impl.VoteContext (VoteContext.java:log(49)) - b5737586-1c7b-466e-b8cb-d0d8351e95e3@group-3C8877628462-FOLLOWER: accept ELECTION from ad6dcd81-1875-4667-9f21-c7397548b1ba: our priority 0 <= candidate's priority 0
2023-02-14 08:18:28,695 [grpc-default-executor-4] INFO  server.RaftServer$Division (RaftServerImpl.java:setRole(321)) - b5737586-1c7b-466e-b8cb-d0d8351e95e3@group-3C8877628462: changes role from  FOLLOWER to FOLLOWER at term 2 for candidate:ad6dcd81-1875-4667-9f21-c7397548b1ba
2023-02-14 08:18:28,695 [grpc-default-executor-4] INFO  impl.RoleInfo (RoleInfo.java:shutdownFollowerState(110)) - b5737586-1c7b-466e-b8cb-d0d8351e95e3: shutdown b5737586-1c7b-466e-b8cb-d0d8351e95e3@group-3C8877628462-FollowerState
2023-02-14 08:18:28,701 [grpc-default-executor-4] INFO  impl.RoleInfo (RoleInfo.java:updateAndGet(139)) - b5737586-1c7b-466e-b8cb-d0d8351e95e3: start b5737586-1c7b-466e-b8cb-d0d8351e95e3@group-3C8877628462-FollowerState
2023-02-14 08:18:28,701 [b5737586-1c7b-466e-b8cb-d0d8351e95e3@group-3C8877628462-FollowerState] INFO  impl.FollowerState (FollowerState.java:run(152)) - b5737586-1c7b-466e-b8cb-d0d8351e95e3@group-3C8877628462-FollowerState was interrupted
2023-02-14 08:18:28,702 [31091561-319b-44fe-8343-13da60b8022d@group-3C8877628462-FollowerState] INFO  server.RaftServerConfigKeys (ConfUtils.java:logFallback(53)) - raft.server.rpc.first-election.timeout.min = 5s (fallback to raft.server.rpc.timeout.min)
2023-02-14 08:18:28,702 [31091561-319b-44fe-8343-13da60b8022d@group-3C8877628462-FollowerState] INFO  server.RaftServerConfigKeys (ConfUtils.java:logFallback(53)) - raft.server.rpc.first-election.timeout.max = 5200ms (fallback to raft.server.rpc.timeout.max)
2023-02-14 08:18:28,702 [b5737586-1c7b-466e-b8cb-d0d8351e95e3@group-3C8877628462-FollowerState] INFO  server.RaftServerConfigKeys (ConfUtils.java:logFallback(53)) - raft.server.rpc.first-election.timeout.min = 5s (fallback to raft.server.rpc.timeout.min)
2023-02-14 08:18:28,703 [grpc-default-executor-4] INFO  server.RaftServer$Division (RaftServerImpl.java:requestVote(1251)) - b5737586-1c7b-466e-b8cb-d0d8351e95e3@group-3C8877628462 replies to ELECTION vote request: ad6dcd81-1875-4667-9f21-c7397548b1ba<-b5737586-1c7b-466e-b8cb-d0d8351e95e3#0:OK-t2. Peer's state: b5737586-1c7b-466e-b8cb-d0d8351e95e3@group-3C8877628462:t2, leader=null, voted=ad6dcd81-1875-4667-9f21-c7397548b1ba, raftlog=Memoized:b5737586-1c7b-466e-b8cb-d0d8351e95e3@group-3C8877628462-SegmentedRaftLog:OPENED:c-1, conf=-1: peers:[b5737586-1c7b-466e-b8cb-d0d8351e95e3|rpc:10.1.0.19:36425|dataStream:10.1.0.19:38459|priority:0|startupRole:FOLLOWER, 31091561-319b-44fe-8343-13da60b8022d|rpc:10.1.0.19:41071|dataStream:10.1.0.19:37967|priority:1|startupRole:FOLLOWER, ad6dcd81-1875-4667-9f21-c7397548b1ba|rpc:10.1.0.19:34199|dataStream:10.1.0.19:34273|priority:0|startupRole:FOLLOWER]|listeners:[], old=null
2023-02-14 08:18:28,702 [grpc-default-executor-2] INFO  server.RaftServer$Division (RaftServerImpl.java:requestVote(1251)) - 31091561-319b-44fe-8343-13da60b8022d@group-3C8877628462 replies to ELECTION vote request: ad6dcd81-1875-4667-9f21-c7397548b1ba<-31091561-319b-44fe-8343-13da60b8022d#0:FAIL-t2. Peer's state: 31091561-319b-44fe-8343-13da60b8022d@group-3C8877628462:t2, leader=null, voted=null, raftlog=Memoized:31091561-319b-44fe-8343-13da60b8022d@group-3C8877628462-SegmentedRaftLog:OPENED:c-1, conf=-1: peers:[b5737586-1c7b-466e-b8cb-d0d8351e95e3|rpc:10.1.0.19:36425|dataStream:10.1.0.19:38459|priority:0|startupRole:FOLLOWER, 31091561-319b-44fe-8343-13da60b8022d|rpc:10.1.0.19:41071|dataStream:10.1.0.19:37967|priority:1|startupRole:FOLLOWER, ad6dcd81-1875-4667-9f21-c7397548b1ba|rpc:10.1.0.19:34199|dataStream:10.1.0.19:34273|priority:0|startupRole:FOLLOWER]|listeners:[], old=null
2023-02-14 08:18:28,707 [ad6dcd81-1875-4667-9f21-c7397548b1ba@group-3C8877628462-LeaderElection21] INFO  impl.LeaderElection (LeaderElection.java:logAndReturn(90)) - ad6dcd81-1875-4667-9f21-c7397548b1ba@group-3C8877628462-LeaderElection21: ELECTION REJECTED received 1 response(s) and 0 exception(s):
2023-02-14 08:18:28,707 [ad6dcd81-1875-4667-9f21-c7397548b1ba@group-3C8877628462-LeaderElection21] INFO  impl.LeaderElection (LeaderElection.java:logAndReturn(94)) -   Response 0: ad6dcd81-1875-4667-9f21-c7397548b1ba<-31091561-319b-44fe-8343-13da60b8022d#0:FAIL-t2
2023-02-14 08:18:28,707 [ad6dcd81-1875-4667-9f21-c7397548b1ba@group-3C8877628462-LeaderElection21] INFO  impl.LeaderElection (LeaderElection.java:askForVotes(314)) - ad6dcd81-1875-4667-9f21-c7397548b1ba@group-3C8877628462-LeaderElection21 ELECTION round 0: result REJECTED
2023-02-14 08:18:28,708 [ad6dcd81-1875-4667-9f21-c7397548b1ba@group-3C8877628462-LeaderElection21] INFO  server.RaftServer$Division (RaftServerImpl.java:setRole(321)) - ad6dcd81-1875-4667-9f21-c7397548b1ba@group-3C8877628462: changes role from CANDIDATE to FOLLOWER at term 2 for REJECTED
2023-02-14 08:18:28,708 [ad6dcd81-1875-4667-9f21-c7397548b1ba@group-3C8877628462-LeaderElection21] INFO  impl.RoleInfo (RoleInfo.java:shutdownLeaderElection(130)) - ad6dcd81-1875-4667-9f21-c7397548b1ba: shutdown ad6dcd81-1875-4667-9f21-c7397548b1ba@group-3C8877628462-LeaderElection21
2023-02-14 08:18:28,708 [ad6dcd81-1875-4667-9f21-c7397548b1ba@group-3C8877628462-LeaderElection21] INFO  impl.RoleInfo (RoleInfo.java:updateAndGet(139)) - ad6dcd81-1875-4667-9f21-c7397548b1ba: start ad6dcd81-1875-4667-9f21-c7397548b1ba@group-3C8877628462-FollowerState
2023-02-14 08:18:28,708 [b5737586-1c7b-466e-b8cb-d0d8351e95e3@group-3C8877628462-FollowerState] INFO  server.RaftServerConfigKeys (ConfUtils.java:logFallback(53)) - raft.server.rpc.first-election.timeout.max = 5200ms (fallback to raft.server.rpc.timeout.max)
2023-02-14 08:18:28,708 [ad6dcd81-1875-4667-9f21-c7397548b1ba@group-3C8877628462-FollowerState] INFO  server.RaftServerConfigKeys (ConfUtils.java:logFallback(53)) - raft.server.rpc.first-election.timeout.min = 5s (fallback to raft.server.rpc.timeout.min)
2023-02-14 08:18:28,708 [ad6dcd81-1875-4667-9f21-c7397548b1ba@group-3C8877628462-FollowerState] INFO  server.RaftServerConfigKeys (ConfUtils.java:logFallback(53)) - raft.server.rpc.first-election.timeout.max = 5200ms (fallback to raft.server.rpc.timeout.max)
]]></system-out>
  </testcase>
  <testcase name="testTrash" classname="TestOzoneFileSystem" time="4.025">
    <system-out><![CDATA[2023-02-14 08:19:08,481 [OM StateMachine ApplyTransaction Thread - 0] INFO  key.OMKeyRequest (OMKeyRequest.java:wrapUncommittedBlocksAsPseudoKey(837)) - Detect allocated but uncommitted blocks [{blockID={containerID=3, localID=111677748019200006}, length=4194304, offset=0, token=null, pipeline=null, createVersion=0, partNumber=0}] in key testKey2.
08:19:08.483 [IPC Server handler 18 on default port 32845] ERROR OMAudit - user=runner | ip=127.0.0.1 | op=GET_FILE_STATUS {volume=volume29101, bucket=bucket05375, key=.Trash/runner/Current/testKey2, dataSize=0, replicationConfig=null} | ret=FAILURE
org.apache.hadoop.ozone.om.exceptions.OMException: Unable to get file status: volume: volume29101 bucket: bucket05375 key: .Trash/runner/Current/testKey2
	at org.apache.hadoop.ozone.om.KeyManagerImpl.getOzoneFileStatus(KeyManagerImpl.java:1162) ~[ozone-manager-1.4.0-SNAPSHOT.jar:?]
	at org.apache.hadoop.ozone.om.KeyManagerImpl.getFileStatus(KeyManagerImpl.java:1080) ~[ozone-manager-1.4.0-SNAPSHOT.jar:?]
	at org.apache.hadoop.ozone.om.OmMetadataReader.getFileStatus(OmMetadataReader.java:288) ~[ozone-manager-1.4.0-SNAPSHOT.jar:?]
	at org.apache.hadoop.ozone.om.OzoneManager.getFileStatus(OzoneManager.java:3449) ~[ozone-manager-1.4.0-SNAPSHOT.jar:?]
	at org.apache.hadoop.ozone.protocolPB.OzoneManagerRequestHandler.getOzoneFileStatus(OzoneManagerRequestHandler.java:933) ~[ozone-manager-1.4.0-SNAPSHOT.jar:?]
	at org.apache.hadoop.ozone.protocolPB.OzoneManagerRequestHandler.handleReadRequest(OzoneManagerRequestHandler.java:238) ~[ozone-manager-1.4.0-SNAPSHOT.jar:?]
	at org.apache.hadoop.ozone.protocolPB.OzoneManagerProtocolServerSideTranslatorPB.submitReadRequestToOM(OzoneManagerProtocolServerSideTranslatorPB.java:223) ~[ozone-manager-1.4.0-SNAPSHOT.jar:?]
	at org.apache.hadoop.ozone.protocolPB.OzoneManagerProtocolServerSideTranslatorPB.processRequest(OzoneManagerProtocolServerSideTranslatorPB.java:177) ~[ozone-manager-1.4.0-SNAPSHOT.jar:?]
	at org.apache.hadoop.hdds.server.OzoneProtocolMessageDispatcher.processRequest(OzoneProtocolMessageDispatcher.java:87) [hdds-server-framework-1.4.0-SNAPSHOT.jar:?]
	at org.apache.hadoop.ozone.protocolPB.OzoneManagerProtocolServerSideTranslatorPB.submitRequest(OzoneManagerProtocolServerSideTranslatorPB.java:147) [ozone-manager-1.4.0-SNAPSHOT.jar:?]
	at org.apache.hadoop.ozone.protocol.proto.OzoneManagerProtocolProtos$OzoneManagerService$2.callBlockingMethod(OzoneManagerProtocolProtos.java) [ozone-interface-client-1.4.0-SNAPSHOT.jar:?]
	at org.apache.hadoop.ipc.ProtobufRpcEngine$Server.processCall(ProtobufRpcEngine.java:465) [hadoop-common-3.3.4.jar:?]
	at org.apache.hadoop.ipc.ProtobufRpcEngine2$Server$ProtoBufRpcInvoker.call(ProtobufRpcEngine2.java:578) [hadoop-common-3.3.4.jar:?]
	at org.apache.hadoop.ipc.ProtobufRpcEngine2$Server$ProtoBufRpcInvoker.call(ProtobufRpcEngine2.java:556) [hadoop-common-3.3.4.jar:?]
	at org.apache.hadoop.ipc.RPC$Server.call(RPC.java:1093) [hadoop-common-3.3.4.jar:?]
	at org.apache.hadoop.ipc.Server$RpcCall.run(Server.java:1043) [hadoop-common-3.3.4.jar:?]
	at org.apache.hadoop.ipc.Server$RpcCall.run(Server.java:971) [hadoop-common-3.3.4.jar:?]
	at java.security.AccessController.doPrivileged(Native Method) ~[?:1.8.0_362]
	at javax.security.auth.Subject.doAs(Subject.java:422) [?:1.8.0_362]
	at org.apache.hadoop.security.UserGroupInformation.doAs(UserGroupInformation.java:1878) [hadoop-common-3.3.4.jar:?]
	at org.apache.hadoop.ipc.Server$Handler.run(Server.java:2976) [hadoop-common-3.3.4.jar:?]
08:19:08.485 [IPC Server handler 0 on default port 32845] ERROR OMAudit - user=runner | ip=127.0.0.1 | op=GET_FILE_STATUS {volume=volume29101, bucket=bucket05375, key=.Trash/runner/Current/testKey2, dataSize=0, replicationConfig=null} | ret=FAILURE
org.apache.hadoop.ozone.om.exceptions.OMException: Unable to get file status: volume: volume29101 bucket: bucket05375 key: .Trash/runner/Current/testKey2
	at org.apache.hadoop.ozone.om.KeyManagerImpl.getOzoneFileStatus(KeyManagerImpl.java:1162) ~[ozone-manager-1.4.0-SNAPSHOT.jar:?]
	at org.apache.hadoop.ozone.om.KeyManagerImpl.getFileStatus(KeyManagerImpl.java:1080) ~[ozone-manager-1.4.0-SNAPSHOT.jar:?]
	at org.apache.hadoop.ozone.om.OmMetadataReader.getFileStatus(OmMetadataReader.java:288) ~[ozone-manager-1.4.0-SNAPSHOT.jar:?]
	at org.apache.hadoop.ozone.om.OzoneManager.getFileStatus(OzoneManager.java:3449) ~[ozone-manager-1.4.0-SNAPSHOT.jar:?]
	at org.apache.hadoop.ozone.protocolPB.OzoneManagerRequestHandler.getOzoneFileStatus(OzoneManagerRequestHandler.java:933) ~[ozone-manager-1.4.0-SNAPSHOT.jar:?]
	at org.apache.hadoop.ozone.protocolPB.OzoneManagerRequestHandler.handleReadRequest(OzoneManagerRequestHandler.java:238) ~[ozone-manager-1.4.0-SNAPSHOT.jar:?]
	at org.apache.hadoop.ozone.protocolPB.OzoneManagerProtocolServerSideTranslatorPB.submitReadRequestToOM(OzoneManagerProtocolServerSideTranslatorPB.java:223) ~[ozone-manager-1.4.0-SNAPSHOT.jar:?]
	at org.apache.hadoop.ozone.protocolPB.OzoneManagerProtocolServerSideTranslatorPB.processRequest(OzoneManagerProtocolServerSideTranslatorPB.java:177) ~[ozone-manager-1.4.0-SNAPSHOT.jar:?]
	at org.apache.hadoop.hdds.server.OzoneProtocolMessageDispatcher.processRequest(OzoneProtocolMessageDispatcher.java:87) [hdds-server-framework-1.4.0-SNAPSHOT.jar:?]
	at org.apache.hadoop.ozone.protocolPB.OzoneManagerProtocolServerSideTranslatorPB.submitRequest(OzoneManagerProtocolServerSideTranslatorPB.java:147) [ozone-manager-1.4.0-SNAPSHOT.jar:?]
	at org.apache.hadoop.ozone.protocol.proto.OzoneManagerProtocolProtos$OzoneManagerService$2.callBlockingMethod(OzoneManagerProtocolProtos.java) [ozone-interface-client-1.4.0-SNAPSHOT.jar:?]
	at org.apache.hadoop.ipc.ProtobufRpcEngine$Server.processCall(ProtobufRpcEngine.java:465) [hadoop-common-3.3.4.jar:?]
	at org.apache.hadoop.ipc.ProtobufRpcEngine2$Server$ProtoBufRpcInvoker.call(ProtobufRpcEngine2.java:578) [hadoop-common-3.3.4.jar:?]
	at org.apache.hadoop.ipc.ProtobufRpcEngine2$Server$ProtoBufRpcInvoker.call(ProtobufRpcEngine2.java:556) [hadoop-common-3.3.4.jar:?]
	at org.apache.hadoop.ipc.RPC$Server.call(RPC.java:1093) [hadoop-common-3.3.4.jar:?]
	at org.apache.hadoop.ipc.Server$RpcCall.run(Server.java:1043) [hadoop-common-3.3.4.jar:?]
	at org.apache.hadoop.ipc.Server$RpcCall.run(Server.java:971) [hadoop-common-3.3.4.jar:?]
	at java.security.AccessController.doPrivileged(Native Method) ~[?:1.8.0_362]
	at javax.security.auth.Subject.doAs(Subject.java:422) [?:1.8.0_362]
	at org.apache.hadoop.security.UserGroupInformation.doAs(UserGroupInformation.java:1878) [hadoop-common-3.3.4.jar:?]
	at org.apache.hadoop.ipc.Server$Handler.run(Server.java:2976) [hadoop-common-3.3.4.jar:?]
2023-02-14 08:19:08,487 [Time-limited test] INFO  om.TrashPolicyOzone (TrashPolicyOzone.java:moveToTrash(209)) - Moved: '/testKey2' to trash at: /.Trash/runner/Current/testKey2
2023-02-14 08:19:08,705 [756d89f1-fb04-4866-b61e-06654fd6a7ad@group-159CC4CAEBB2-FollowerState] INFO  impl.FollowerState (FollowerState.java:run(143)) - 756d89f1-fb04-4866-b61e-06654fd6a7ad@group-159CC4CAEBB2-FollowerState: change to CANDIDATE, lastRpcElapsedTime:5153453889ns, electionTimeout:5153ms
2023-02-14 08:19:08,705 [756d89f1-fb04-4866-b61e-06654fd6a7ad@group-159CC4CAEBB2-FollowerState] INFO  impl.RoleInfo (RoleInfo.java:shutdownFollowerState(110)) - 756d89f1-fb04-4866-b61e-06654fd6a7ad: shutdown 756d89f1-fb04-4866-b61e-06654fd6a7ad@group-159CC4CAEBB2-FollowerState
2023-02-14 08:19:08,706 [756d89f1-fb04-4866-b61e-06654fd6a7ad@group-159CC4CAEBB2-FollowerState] INFO  server.RaftServer$Division (RaftServerImpl.java:setRole(321)) - 756d89f1-fb04-4866-b61e-06654fd6a7ad@group-159CC4CAEBB2: changes role from  FOLLOWER to CANDIDATE at term 0 for changeToCandidate
2023-02-14 08:19:08,706 [756d89f1-fb04-4866-b61e-06654fd6a7ad@group-159CC4CAEBB2-FollowerState] INFO  server.RaftServerConfigKeys (ConfUtils.java:logGet(46)) - raft.server.leaderelection.pre-vote = false (custom)
2023-02-14 08:19:08,706 [756d89f1-fb04-4866-b61e-06654fd6a7ad@group-159CC4CAEBB2-FollowerState] INFO  impl.RoleInfo (RoleInfo.java:updateAndGet(139)) - 756d89f1-fb04-4866-b61e-06654fd6a7ad: start 756d89f1-fb04-4866-b61e-06654fd6a7ad@group-159CC4CAEBB2-LeaderElection33
2023-02-14 08:19:08,709 [756d89f1-fb04-4866-b61e-06654fd6a7ad@group-159CC4CAEBB2-LeaderElection33] INFO  impl.LeaderElection (LeaderElection.java:askForVotes(312)) - 756d89f1-fb04-4866-b61e-06654fd6a7ad@group-159CC4CAEBB2-LeaderElection33 ELECTION round 0: submit vote requests at term 1 for -1: peers:[756d89f1-fb04-4866-b61e-06654fd6a7ad|rpc:10.1.0.19:35271|dataStream:10.1.0.19:33675|priority:1|startupRole:FOLLOWER]|listeners:[], old=null
2023-02-14 08:19:08,709 [756d89f1-fb04-4866-b61e-06654fd6a7ad@group-159CC4CAEBB2-LeaderElection33] INFO  impl.LeaderElection (LeaderElection.java:askForVotes(314)) - 756d89f1-fb04-4866-b61e-06654fd6a7ad@group-159CC4CAEBB2-LeaderElection33 ELECTION round 0: result PASSED (term=1)
2023-02-14 08:19:08,709 [756d89f1-fb04-4866-b61e-06654fd6a7ad@group-159CC4CAEBB2-LeaderElection33] INFO  impl.RoleInfo (RoleInfo.java:shutdownLeaderElection(130)) - 756d89f1-fb04-4866-b61e-06654fd6a7ad: shutdown 756d89f1-fb04-4866-b61e-06654fd6a7ad@group-159CC4CAEBB2-LeaderElection33
2023-02-14 08:19:08,709 [756d89f1-fb04-4866-b61e-06654fd6a7ad@group-159CC4CAEBB2-LeaderElection33] INFO  server.RaftServer$Division (RaftServerImpl.java:setRole(321)) - 756d89f1-fb04-4866-b61e-06654fd6a7ad@group-159CC4CAEBB2: changes role from CANDIDATE to LEADER at term 1 for changeToLeader
2023-02-14 08:19:08,709 [756d89f1-fb04-4866-b61e-06654fd6a7ad@group-159CC4CAEBB2-LeaderElection33] INFO  ratis.XceiverServerRatis (XceiverServerRatis.java:handleLeaderChangedNotification(905)) - Leader change notification received for group: group-159CC4CAEBB2 with new leaderId: 756d89f1-fb04-4866-b61e-06654fd6a7ad
2023-02-14 08:19:08,710 [756d89f1-fb04-4866-b61e-06654fd6a7ad@group-159CC4CAEBB2-LeaderElection33] INFO  server.RaftServer$Division (ServerState.java:setLeader(313)) - 756d89f1-fb04-4866-b61e-06654fd6a7ad@group-159CC4CAEBB2: change Leader from null to 756d89f1-fb04-4866-b61e-06654fd6a7ad at term 1 for becomeLeader, leader elected after 5165ms
2023-02-14 08:19:08,710 [756d89f1-fb04-4866-b61e-06654fd6a7ad@group-159CC4CAEBB2-LeaderElection33] INFO  server.RaftServerConfigKeys (ConfUtils.java:logGet(46)) - raft.server.staging.catchup.gap = 1000 (default)
2023-02-14 08:19:08,710 [756d89f1-fb04-4866-b61e-06654fd6a7ad@group-159CC4CAEBB2-LeaderElection33] INFO  server.RaftServerConfigKeys (ConfUtils.java:logGet(46)) - raft.server.write.element-limit = 1024 (custom)
2023-02-14 08:19:08,710 [756d89f1-fb04-4866-b61e-06654fd6a7ad@group-159CC4CAEBB2-LeaderElection33] INFO  server.RaftServerConfigKeys (ConfUtils.java:logGet(46)) - raft.server.write.byte-limit = 1024 M (=1073741824) (custom)
2023-02-14 08:19:08,710 [756d89f1-fb04-4866-b61e-06654fd6a7ad@group-159CC4CAEBB2-LeaderElection33] INFO  server.RaftServerConfigKeys (ConfUtils.java:logGet(46)) - raft.server.watch.timeout = 180s (custom)
2023-02-14 08:19:08,710 [756d89f1-fb04-4866-b61e-06654fd6a7ad@group-159CC4CAEBB2-LeaderElection33] INFO  server.RaftServerConfigKeys (ConfUtils.java:logGet(46)) - raft.server.watch.timeout.denomination = 1s (default)
2023-02-14 08:19:08,710 [756d89f1-fb04-4866-b61e-06654fd6a7ad@group-159CC4CAEBB2-LeaderElection33] INFO  server.RaftServerConfigKeys (ConfUtils.java:logGet(46)) - raft.server.watch.element-limit = 65536 (default)
2023-02-14 08:19:08,711 [756d89f1-fb04-4866-b61e-06654fd6a7ad@group-159CC4CAEBB2-LeaderElection33] INFO  server.RaftServerConfigKeys (ConfUtils.java:logGet(46)) - raft.server.write.element-limit = 1024 (custom)
2023-02-14 08:19:08,711 [756d89f1-fb04-4866-b61e-06654fd6a7ad@group-159CC4CAEBB2-LeaderElection33] INFO  server.RaftServerConfigKeys (ConfUtils.java:logGet(46)) - raft.server.write.follower.gap.ratio.max = -1.0 (default)
2023-02-14 08:19:08,711 [756d89f1-fb04-4866-b61e-06654fd6a7ad@group-159CC4CAEBB2-LeaderElection33] INFO  impl.RoleInfo (RoleInfo.java:updateAndGet(139)) - 756d89f1-fb04-4866-b61e-06654fd6a7ad: start 756d89f1-fb04-4866-b61e-06654fd6a7ad@group-159CC4CAEBB2-LeaderStateImpl
2023-02-14 08:19:08,711 [756d89f1-fb04-4866-b61e-06654fd6a7ad@group-159CC4CAEBB2-LeaderElection33] INFO  segmented.SegmentedRaftLogWorker (SegmentedRaftLogWorker.java:startLogSegment(452)) - 756d89f1-fb04-4866-b61e-06654fd6a7ad@group-159CC4CAEBB2-SegmentedRaftLogWorker: Starting segment from index:0
2023-02-14 08:19:08,721 [756d89f1-fb04-4866-b61e-06654fd6a7ad@group-159CC4CAEBB2-SegmentedRaftLogWorker] INFO  segmented.SegmentedRaftLogWorker (SegmentedRaftLogWorker.java:execute(656)) - 756d89f1-fb04-4866-b61e-06654fd6a7ad@group-159CC4CAEBB2-SegmentedRaftLogWorker: created new log segment /home/runner/work/ozone/ozone/hadoop-ozone/integration-test/target/test-dir/MiniOzoneClusterImpl-9064264e-2b58-4737-9fe3-fdda8e014d69/datanode-4/data/ratis/d69f4cec-f981-4806-b9c7-159cc4caebb2/current/log_inprogress_0
2023-02-14 08:19:08,722 [756d89f1-fb04-4866-b61e-06654fd6a7ad@group-159CC4CAEBB2-LeaderElection33] INFO  server.RaftServer$Division (ServerState.java:setRaftConf(430)) - 756d89f1-fb04-4866-b61e-06654fd6a7ad@group-159CC4CAEBB2: set configuration 0: peers:[756d89f1-fb04-4866-b61e-06654fd6a7ad|rpc:10.1.0.19:35271|dataStream:10.1.0.19:33675|priority:1|startupRole:FOLLOWER]|listeners:[], old=null
08:19:09.488 [IPC Server handler 5 on default port 32845] ERROR OMAudit - user=runner | ip=127.0.0.1 | op=GET_FILE_STATUS {volume=volume29101, bucket=bucket05375, key=.Trash/runner/Current/testKey2, dataSize=0, replicationConfig=null} | ret=FAILURE
org.apache.hadoop.ozone.om.exceptions.OMException: Unable to get file status: volume: volume29101 bucket: bucket05375 key: .Trash/runner/Current/testKey2
	at org.apache.hadoop.ozone.om.KeyManagerImpl.getOzoneFileStatus(KeyManagerImpl.java:1162) ~[ozone-manager-1.4.0-SNAPSHOT.jar:?]
	at org.apache.hadoop.ozone.om.KeyManagerImpl.getFileStatus(KeyManagerImpl.java:1080) ~[ozone-manager-1.4.0-SNAPSHOT.jar:?]
	at org.apache.hadoop.ozone.om.OmMetadataReader.getFileStatus(OmMetadataReader.java:288) ~[ozone-manager-1.4.0-SNAPSHOT.jar:?]
	at org.apache.hadoop.ozone.om.OzoneManager.getFileStatus(OzoneManager.java:3449) ~[ozone-manager-1.4.0-SNAPSHOT.jar:?]
	at org.apache.hadoop.ozone.protocolPB.OzoneManagerRequestHandler.getOzoneFileStatus(OzoneManagerRequestHandler.java:933) ~[ozone-manager-1.4.0-SNAPSHOT.jar:?]
	at org.apache.hadoop.ozone.protocolPB.OzoneManagerRequestHandler.handleReadRequest(OzoneManagerRequestHandler.java:238) ~[ozone-manager-1.4.0-SNAPSHOT.jar:?]
	at org.apache.hadoop.ozone.protocolPB.OzoneManagerProtocolServerSideTranslatorPB.submitReadRequestToOM(OzoneManagerProtocolServerSideTranslatorPB.java:223) ~[ozone-manager-1.4.0-SNAPSHOT.jar:?]
	at org.apache.hadoop.ozone.protocolPB.OzoneManagerProtocolServerSideTranslatorPB.processRequest(OzoneManagerProtocolServerSideTranslatorPB.java:177) ~[ozone-manager-1.4.0-SNAPSHOT.jar:?]
	at org.apache.hadoop.hdds.server.OzoneProtocolMessageDispatcher.processRequest(OzoneProtocolMessageDispatcher.java:87) [hdds-server-framework-1.4.0-SNAPSHOT.jar:?]
	at org.apache.hadoop.ozone.protocolPB.OzoneManagerProtocolServerSideTranslatorPB.submitRequest(OzoneManagerProtocolServerSideTranslatorPB.java:147) [ozone-manager-1.4.0-SNAPSHOT.jar:?]
	at org.apache.hadoop.ozone.protocol.proto.OzoneManagerProtocolProtos$OzoneManagerService$2.callBlockingMethod(OzoneManagerProtocolProtos.java) [ozone-interface-client-1.4.0-SNAPSHOT.jar:?]
	at org.apache.hadoop.ipc.ProtobufRpcEngine$Server.processCall(ProtobufRpcEngine.java:465) [hadoop-common-3.3.4.jar:?]
	at org.apache.hadoop.ipc.ProtobufRpcEngine2$Server$ProtoBufRpcInvoker.call(ProtobufRpcEngine2.java:578) [hadoop-common-3.3.4.jar:?]
	at org.apache.hadoop.ipc.ProtobufRpcEngine2$Server$ProtoBufRpcInvoker.call(ProtobufRpcEngine2.java:556) [hadoop-common-3.3.4.jar:?]
	at org.apache.hadoop.ipc.RPC$Server.call(RPC.java:1093) [hadoop-common-3.3.4.jar:?]
	at org.apache.hadoop.ipc.Server$RpcCall.run(Server.java:1043) [hadoop-common-3.3.4.jar:?]
	at org.apache.hadoop.ipc.Server$RpcCall.run(Server.java:971) [hadoop-common-3.3.4.jar:?]
	at java.security.AccessController.doPrivileged(Native Method) ~[?:1.8.0_362]
	at javax.security.auth.Subject.doAs(Subject.java:422) [?:1.8.0_362]
	at org.apache.hadoop.security.UserGroupInformation.doAs(UserGroupInformation.java:1878) [hadoop-common-3.3.4.jar:?]
	at org.apache.hadoop.ipc.Server$Handler.run(Server.java:2976) [hadoop-common-3.3.4.jar:?]
]]></system-out>
  </testcase>
  <testcase name="testTrash" classname="TestOzoneFileSystem" time="4.014">
    <system-out><![CDATA[2023-02-14 08:19:55,277 [IPC Server handler 15 on default port 42497] INFO  key.OMKeyRequest (OMKeyRequest.java:wrapUncommittedBlocksAsPseudoKey(837)) - Detect allocated but uncommitted blocks [{blockID={containerID=2, localID=111677748019200006}, length=4194304, offset=0, token=null, pipeline=null, createVersion=0, partNumber=0}] in key testKey2.
08:19:55.279 [IPC Server handler 14 on default port 42497] ERROR OMAudit - user=runner | ip=127.0.0.1 | op=GET_FILE_STATUS {volume=volume12456, bucket=bucket20487, key=.Trash/runner/Current/testKey2, dataSize=0, replicationConfig=null} | ret=FAILURE
org.apache.hadoop.ozone.om.exceptions.OMException: Unable to get file status: volume: volume12456 bucket: bucket20487 key: .Trash/runner/Current/testKey2
	at org.apache.hadoop.ozone.om.KeyManagerImpl.getOzoneFileStatus(KeyManagerImpl.java:1162) ~[ozone-manager-1.4.0-SNAPSHOT.jar:?]
	at org.apache.hadoop.ozone.om.KeyManagerImpl.getFileStatus(KeyManagerImpl.java:1080) ~[ozone-manager-1.4.0-SNAPSHOT.jar:?]
	at org.apache.hadoop.ozone.om.OmMetadataReader.getFileStatus(OmMetadataReader.java:288) ~[ozone-manager-1.4.0-SNAPSHOT.jar:?]
	at org.apache.hadoop.ozone.om.OzoneManager.getFileStatus(OzoneManager.java:3449) ~[ozone-manager-1.4.0-SNAPSHOT.jar:?]
	at org.apache.hadoop.ozone.protocolPB.OzoneManagerRequestHandler.getOzoneFileStatus(OzoneManagerRequestHandler.java:933) ~[ozone-manager-1.4.0-SNAPSHOT.jar:?]
	at org.apache.hadoop.ozone.protocolPB.OzoneManagerRequestHandler.handleReadRequest(OzoneManagerRequestHandler.java:238) ~[ozone-manager-1.4.0-SNAPSHOT.jar:?]
	at org.apache.hadoop.ozone.protocolPB.OzoneManagerProtocolServerSideTranslatorPB.submitRequestDirectlyToOM(OzoneManagerProtocolServerSideTranslatorPB.java:271) ~[ozone-manager-1.4.0-SNAPSHOT.jar:?]
	at org.apache.hadoop.ozone.protocolPB.OzoneManagerProtocolServerSideTranslatorPB.processRequest(OzoneManagerProtocolServerSideTranslatorPB.java:173) ~[ozone-manager-1.4.0-SNAPSHOT.jar:?]
	at org.apache.hadoop.hdds.server.OzoneProtocolMessageDispatcher.processRequest(OzoneProtocolMessageDispatcher.java:87) [hdds-server-framework-1.4.0-SNAPSHOT.jar:?]
	at org.apache.hadoop.ozone.protocolPB.OzoneManagerProtocolServerSideTranslatorPB.submitRequest(OzoneManagerProtocolServerSideTranslatorPB.java:147) [ozone-manager-1.4.0-SNAPSHOT.jar:?]
	at org.apache.hadoop.ozone.protocol.proto.OzoneManagerProtocolProtos$OzoneManagerService$2.callBlockingMethod(OzoneManagerProtocolProtos.java) [ozone-interface-client-1.4.0-SNAPSHOT.jar:?]
	at org.apache.hadoop.ipc.ProtobufRpcEngine$Server.processCall(ProtobufRpcEngine.java:465) [hadoop-common-3.3.4.jar:?]
	at org.apache.hadoop.ipc.ProtobufRpcEngine2$Server$ProtoBufRpcInvoker.call(ProtobufRpcEngine2.java:578) [hadoop-common-3.3.4.jar:?]
	at org.apache.hadoop.ipc.ProtobufRpcEngine2$Server$ProtoBufRpcInvoker.call(ProtobufRpcEngine2.java:556) [hadoop-common-3.3.4.jar:?]
	at org.apache.hadoop.ipc.RPC$Server.call(RPC.java:1093) [hadoop-common-3.3.4.jar:?]
	at org.apache.hadoop.ipc.Server$RpcCall.run(Server.java:1043) [hadoop-common-3.3.4.jar:?]
	at org.apache.hadoop.ipc.Server$RpcCall.run(Server.java:971) [hadoop-common-3.3.4.jar:?]
	at java.security.AccessController.doPrivileged(Native Method) ~[?:1.8.0_362]
	at javax.security.auth.Subject.doAs(Subject.java:422) [?:1.8.0_362]
	at org.apache.hadoop.security.UserGroupInformation.doAs(UserGroupInformation.java:1878) [hadoop-common-3.3.4.jar:?]
	at org.apache.hadoop.ipc.Server$Handler.run(Server.java:2976) [hadoop-common-3.3.4.jar:?]
08:19:55.279 [IPC Server handler 1 on default port 42497] ERROR OMAudit - user=runner | ip=127.0.0.1 | op=GET_FILE_STATUS {volume=volume12456, bucket=bucket20487, key=.Trash/runner/Current/testKey2, dataSize=0, replicationConfig=null} | ret=FAILURE
org.apache.hadoop.ozone.om.exceptions.OMException: Unable to get file status: volume: volume12456 bucket: bucket20487 key: .Trash/runner/Current/testKey2
	at org.apache.hadoop.ozone.om.KeyManagerImpl.getOzoneFileStatus(KeyManagerImpl.java:1162) ~[ozone-manager-1.4.0-SNAPSHOT.jar:?]
	at org.apache.hadoop.ozone.om.KeyManagerImpl.getFileStatus(KeyManagerImpl.java:1080) ~[ozone-manager-1.4.0-SNAPSHOT.jar:?]
	at org.apache.hadoop.ozone.om.OmMetadataReader.getFileStatus(OmMetadataReader.java:288) ~[ozone-manager-1.4.0-SNAPSHOT.jar:?]
	at org.apache.hadoop.ozone.om.OzoneManager.getFileStatus(OzoneManager.java:3449) ~[ozone-manager-1.4.0-SNAPSHOT.jar:?]
	at org.apache.hadoop.ozone.protocolPB.OzoneManagerRequestHandler.getOzoneFileStatus(OzoneManagerRequestHandler.java:933) ~[ozone-manager-1.4.0-SNAPSHOT.jar:?]
	at org.apache.hadoop.ozone.protocolPB.OzoneManagerRequestHandler.handleReadRequest(OzoneManagerRequestHandler.java:238) ~[ozone-manager-1.4.0-SNAPSHOT.jar:?]
	at org.apache.hadoop.ozone.protocolPB.OzoneManagerProtocolServerSideTranslatorPB.submitRequestDirectlyToOM(OzoneManagerProtocolServerSideTranslatorPB.java:271) ~[ozone-manager-1.4.0-SNAPSHOT.jar:?]
	at org.apache.hadoop.ozone.protocolPB.OzoneManagerProtocolServerSideTranslatorPB.processRequest(OzoneManagerProtocolServerSideTranslatorPB.java:173) ~[ozone-manager-1.4.0-SNAPSHOT.jar:?]
	at org.apache.hadoop.hdds.server.OzoneProtocolMessageDispatcher.processRequest(OzoneProtocolMessageDispatcher.java:87) [hdds-server-framework-1.4.0-SNAPSHOT.jar:?]
	at org.apache.hadoop.ozone.protocolPB.OzoneManagerProtocolServerSideTranslatorPB.submitRequest(OzoneManagerProtocolServerSideTranslatorPB.java:147) [ozone-manager-1.4.0-SNAPSHOT.jar:?]
	at org.apache.hadoop.ozone.protocol.proto.OzoneManagerProtocolProtos$OzoneManagerService$2.callBlockingMethod(OzoneManagerProtocolProtos.java) [ozone-interface-client-1.4.0-SNAPSHOT.jar:?]
	at org.apache.hadoop.ipc.ProtobufRpcEngine$Server.processCall(ProtobufRpcEngine.java:465) [hadoop-common-3.3.4.jar:?]
	at org.apache.hadoop.ipc.ProtobufRpcEngine2$Server$ProtoBufRpcInvoker.call(ProtobufRpcEngine2.java:578) [hadoop-common-3.3.4.jar:?]
	at org.apache.hadoop.ipc.ProtobufRpcEngine2$Server$ProtoBufRpcInvoker.call(ProtobufRpcEngine2.java:556) [hadoop-common-3.3.4.jar:?]
	at org.apache.hadoop.ipc.RPC$Server.call(RPC.java:1093) [hadoop-common-3.3.4.jar:?]
	at org.apache.hadoop.ipc.Server$RpcCall.run(Server.java:1043) [hadoop-common-3.3.4.jar:?]
	at org.apache.hadoop.ipc.Server$RpcCall.run(Server.java:971) [hadoop-common-3.3.4.jar:?]
	at java.security.AccessController.doPrivileged(Native Method) ~[?:1.8.0_362]
	at javax.security.auth.Subject.doAs(Subject.java:422) [?:1.8.0_362]
	at org.apache.hadoop.security.UserGroupInformation.doAs(UserGroupInformation.java:1878) [hadoop-common-3.3.4.jar:?]
	at org.apache.hadoop.ipc.Server$Handler.run(Server.java:2976) [hadoop-common-3.3.4.jar:?]
2023-02-14 08:19:55,281 [Time-limited test] INFO  om.TrashPolicyOzone (TrashPolicyOzone.java:moveToTrash(209)) - Moved: '/testKey2' to trash at: /.Trash/runner/Current/testKey2
2023-02-14 08:19:55,473 [6d2a8adb-ebe8-462b-9c77-c5b139cd2711@group-EA1C34CF6271-FollowerState] INFO  impl.FollowerState (FollowerState.java:run(143)) - 6d2a8adb-ebe8-462b-9c77-c5b139cd2711@group-EA1C34CF6271-FollowerState: change to CANDIDATE, lastRpcElapsedTime:5043182800ns, electionTimeout:5039ms
2023-02-14 08:19:55,474 [6d2a8adb-ebe8-462b-9c77-c5b139cd2711@group-EA1C34CF6271-FollowerState] INFO  impl.RoleInfo (RoleInfo.java:shutdownFollowerState(110)) - 6d2a8adb-ebe8-462b-9c77-c5b139cd2711: shutdown 6d2a8adb-ebe8-462b-9c77-c5b139cd2711@group-EA1C34CF6271-FollowerState
2023-02-14 08:19:55,474 [6d2a8adb-ebe8-462b-9c77-c5b139cd2711@group-EA1C34CF6271-FollowerState] INFO  server.RaftServer$Division (RaftServerImpl.java:setRole(321)) - 6d2a8adb-ebe8-462b-9c77-c5b139cd2711@group-EA1C34CF6271: changes role from  FOLLOWER to CANDIDATE at term 0 for changeToCandidate
2023-02-14 08:19:55,474 [6d2a8adb-ebe8-462b-9c77-c5b139cd2711@group-EA1C34CF6271-FollowerState] INFO  server.RaftServerConfigKeys (ConfUtils.java:logGet(46)) - raft.server.leaderelection.pre-vote = false (custom)
2023-02-14 08:19:55,474 [6d2a8adb-ebe8-462b-9c77-c5b139cd2711@group-EA1C34CF6271-FollowerState] INFO  impl.RoleInfo (RoleInfo.java:updateAndGet(139)) - 6d2a8adb-ebe8-462b-9c77-c5b139cd2711: start 6d2a8adb-ebe8-462b-9c77-c5b139cd2711@group-EA1C34CF6271-LeaderElection38
2023-02-14 08:19:55,482 [6d2a8adb-ebe8-462b-9c77-c5b139cd2711@group-EA1C34CF6271-LeaderElection38] INFO  impl.LeaderElection (LeaderElection.java:askForVotes(312)) - 6d2a8adb-ebe8-462b-9c77-c5b139cd2711@group-EA1C34CF6271-LeaderElection38 ELECTION round 0: submit vote requests at term 1 for -1: peers:[6d2a8adb-ebe8-462b-9c77-c5b139cd2711|rpc:10.1.0.19:37105|dataStream:10.1.0.19:39333|priority:1|startupRole:FOLLOWER]|listeners:[], old=null
2023-02-14 08:19:55,482 [6d2a8adb-ebe8-462b-9c77-c5b139cd2711@group-EA1C34CF6271-LeaderElection38] INFO  impl.LeaderElection (LeaderElection.java:askForVotes(314)) - 6d2a8adb-ebe8-462b-9c77-c5b139cd2711@group-EA1C34CF6271-LeaderElection38 ELECTION round 0: result PASSED (term=1)
2023-02-14 08:19:55,482 [6d2a8adb-ebe8-462b-9c77-c5b139cd2711@group-EA1C34CF6271-LeaderElection38] INFO  impl.RoleInfo (RoleInfo.java:shutdownLeaderElection(130)) - 6d2a8adb-ebe8-462b-9c77-c5b139cd2711: shutdown 6d2a8adb-ebe8-462b-9c77-c5b139cd2711@group-EA1C34CF6271-LeaderElection38
2023-02-14 08:19:55,482 [6d2a8adb-ebe8-462b-9c77-c5b139cd2711@group-EA1C34CF6271-LeaderElection38] INFO  server.RaftServer$Division (RaftServerImpl.java:setRole(321)) - 6d2a8adb-ebe8-462b-9c77-c5b139cd2711@group-EA1C34CF6271: changes role from CANDIDATE to LEADER at term 1 for changeToLeader
2023-02-14 08:19:55,482 [6d2a8adb-ebe8-462b-9c77-c5b139cd2711@group-EA1C34CF6271-LeaderElection38] INFO  ratis.XceiverServerRatis (XceiverServerRatis.java:handleLeaderChangedNotification(905)) - Leader change notification received for group: group-EA1C34CF6271 with new leaderId: 6d2a8adb-ebe8-462b-9c77-c5b139cd2711
2023-02-14 08:19:55,482 [6d2a8adb-ebe8-462b-9c77-c5b139cd2711@group-EA1C34CF6271-LeaderElection38] INFO  server.RaftServer$Division (ServerState.java:setLeader(313)) - 6d2a8adb-ebe8-462b-9c77-c5b139cd2711@group-EA1C34CF6271: change Leader from null to 6d2a8adb-ebe8-462b-9c77-c5b139cd2711 at term 1 for becomeLeader, leader elected after 5067ms
2023-02-14 08:19:55,483 [6d2a8adb-ebe8-462b-9c77-c5b139cd2711@group-EA1C34CF6271-LeaderElection38] INFO  server.RaftServerConfigKeys (ConfUtils.java:logGet(46)) - raft.server.staging.catchup.gap = 1000 (default)
2023-02-14 08:19:55,483 [6d2a8adb-ebe8-462b-9c77-c5b139cd2711@group-EA1C34CF6271-LeaderElection38] INFO  server.RaftServerConfigKeys (ConfUtils.java:logGet(46)) - raft.server.write.element-limit = 1024 (custom)
2023-02-14 08:19:55,483 [6d2a8adb-ebe8-462b-9c77-c5b139cd2711@group-EA1C34CF6271-LeaderElection38] INFO  server.RaftServerConfigKeys (ConfUtils.java:logGet(46)) - raft.server.write.byte-limit = 1024 M (=1073741824) (custom)
2023-02-14 08:19:55,483 [6d2a8adb-ebe8-462b-9c77-c5b139cd2711@group-EA1C34CF6271-LeaderElection38] INFO  server.RaftServerConfigKeys (ConfUtils.java:logGet(46)) - raft.server.watch.timeout = 180s (custom)
2023-02-14 08:19:55,483 [6d2a8adb-ebe8-462b-9c77-c5b139cd2711@group-EA1C34CF6271-LeaderElection38] INFO  server.RaftServerConfigKeys (ConfUtils.java:logGet(46)) - raft.server.watch.timeout.denomination = 1s (default)
2023-02-14 08:19:55,483 [6d2a8adb-ebe8-462b-9c77-c5b139cd2711@group-EA1C34CF6271-LeaderElection38] INFO  server.RaftServerConfigKeys (ConfUtils.java:logGet(46)) - raft.server.watch.element-limit = 65536 (default)
2023-02-14 08:19:55,483 [6d2a8adb-ebe8-462b-9c77-c5b139cd2711@group-EA1C34CF6271-LeaderElection38] INFO  server.RaftServerConfigKeys (ConfUtils.java:logGet(46)) - raft.server.write.element-limit = 1024 (custom)
2023-02-14 08:19:55,484 [6d2a8adb-ebe8-462b-9c77-c5b139cd2711@group-EA1C34CF6271-LeaderElection38] INFO  server.RaftServerConfigKeys (ConfUtils.java:logGet(46)) - raft.server.write.follower.gap.ratio.max = -1.0 (default)
2023-02-14 08:19:55,484 [6d2a8adb-ebe8-462b-9c77-c5b139cd2711@group-EA1C34CF6271-LeaderElection38] INFO  impl.RoleInfo (RoleInfo.java:updateAndGet(139)) - 6d2a8adb-ebe8-462b-9c77-c5b139cd2711: start 6d2a8adb-ebe8-462b-9c77-c5b139cd2711@group-EA1C34CF6271-LeaderStateImpl
2023-02-14 08:19:55,484 [6d2a8adb-ebe8-462b-9c77-c5b139cd2711@group-EA1C34CF6271-LeaderElection38] INFO  segmented.SegmentedRaftLogWorker (SegmentedRaftLogWorker.java:startLogSegment(452)) - 6d2a8adb-ebe8-462b-9c77-c5b139cd2711@group-EA1C34CF6271-SegmentedRaftLogWorker: Starting segment from index:0
2023-02-14 08:19:55,487 [6d2a8adb-ebe8-462b-9c77-c5b139cd2711@group-EA1C34CF6271-LeaderElection38] INFO  server.RaftServer$Division (ServerState.java:setRaftConf(430)) - 6d2a8adb-ebe8-462b-9c77-c5b139cd2711@group-EA1C34CF6271: set configuration 0: peers:[6d2a8adb-ebe8-462b-9c77-c5b139cd2711|rpc:10.1.0.19:37105|dataStream:10.1.0.19:39333|priority:1|startupRole:FOLLOWER]|listeners:[], old=null
2023-02-14 08:19:55,488 [6d2a8adb-ebe8-462b-9c77-c5b139cd2711@group-EA1C34CF6271-SegmentedRaftLogWorker] INFO  segmented.SegmentedRaftLogWorker (SegmentedRaftLogWorker.java:execute(656)) - 6d2a8adb-ebe8-462b-9c77-c5b139cd2711@group-EA1C34CF6271-SegmentedRaftLogWorker: created new log segment /home/runner/work/ozone/ozone/hadoop-ozone/integration-test/target/test-dir/MiniOzoneClusterImpl-9d03416f-dff1-44af-a51b-f90497d61693/datanode-3/data/ratis/7f892fda-9354-4f6a-93c0-ea1c34cf6271/current/log_inprogress_0
2023-02-14 08:19:55,580 [34ef5736-8ccc-4354-bdfe-e8e28e0b14c7@group-954F010AC4C0-FollowerState] INFO  impl.FollowerState (FollowerState.java:run(143)) - 34ef5736-8ccc-4354-bdfe-e8e28e0b14c7@group-954F010AC4C0-FollowerState: change to CANDIDATE, lastRpcElapsedTime:5172511768ns, electionTimeout:5172ms
2023-02-14 08:19:55,580 [34ef5736-8ccc-4354-bdfe-e8e28e0b14c7@group-954F010AC4C0-FollowerState] INFO  impl.RoleInfo (RoleInfo.java:shutdownFollowerState(110)) - 34ef5736-8ccc-4354-bdfe-e8e28e0b14c7: shutdown 34ef5736-8ccc-4354-bdfe-e8e28e0b14c7@group-954F010AC4C0-FollowerState
2023-02-14 08:19:55,580 [34ef5736-8ccc-4354-bdfe-e8e28e0b14c7@group-954F010AC4C0-FollowerState] INFO  server.RaftServer$Division (RaftServerImpl.java:setRole(321)) - 34ef5736-8ccc-4354-bdfe-e8e28e0b14c7@group-954F010AC4C0: changes role from  FOLLOWER to CANDIDATE at term 0 for changeToCandidate
2023-02-14 08:19:55,580 [34ef5736-8ccc-4354-bdfe-e8e28e0b14c7@group-954F010AC4C0-FollowerState] INFO  server.RaftServerConfigKeys (ConfUtils.java:logGet(46)) - raft.server.leaderelection.pre-vote = false (custom)
2023-02-14 08:19:55,580 [34ef5736-8ccc-4354-bdfe-e8e28e0b14c7@group-954F010AC4C0-FollowerState] INFO  impl.RoleInfo (RoleInfo.java:updateAndGet(139)) - 34ef5736-8ccc-4354-bdfe-e8e28e0b14c7: start 34ef5736-8ccc-4354-bdfe-e8e28e0b14c7@group-954F010AC4C0-LeaderElection39
2023-02-14 08:19:55,585 [34ef5736-8ccc-4354-bdfe-e8e28e0b14c7@group-954F010AC4C0-LeaderElection39] INFO  impl.LeaderElection (LeaderElection.java:askForVotes(312)) - 34ef5736-8ccc-4354-bdfe-e8e28e0b14c7@group-954F010AC4C0-LeaderElection39 ELECTION round 0: submit vote requests at term 1 for -1: peers:[34ef5736-8ccc-4354-bdfe-e8e28e0b14c7|rpc:10.1.0.19:40043|dataStream:10.1.0.19:42561|priority:1|startupRole:FOLLOWER]|listeners:[], old=null
2023-02-14 08:19:55,585 [34ef5736-8ccc-4354-bdfe-e8e28e0b14c7@group-954F010AC4C0-LeaderElection39] INFO  impl.LeaderElection (LeaderElection.java:askForVotes(314)) - 34ef5736-8ccc-4354-bdfe-e8e28e0b14c7@group-954F010AC4C0-LeaderElection39 ELECTION round 0: result PASSED (term=1)
2023-02-14 08:19:55,585 [34ef5736-8ccc-4354-bdfe-e8e28e0b14c7@group-954F010AC4C0-LeaderElection39] INFO  impl.RoleInfo (RoleInfo.java:shutdownLeaderElection(130)) - 34ef5736-8ccc-4354-bdfe-e8e28e0b14c7: shutdown 34ef5736-8ccc-4354-bdfe-e8e28e0b14c7@group-954F010AC4C0-LeaderElection39
2023-02-14 08:19:55,585 [34ef5736-8ccc-4354-bdfe-e8e28e0b14c7@group-954F010AC4C0-LeaderElection39] INFO  server.RaftServer$Division (RaftServerImpl.java:setRole(321)) - 34ef5736-8ccc-4354-bdfe-e8e28e0b14c7@group-954F010AC4C0: changes role from CANDIDATE to LEADER at term 1 for changeToLeader
2023-02-14 08:19:55,585 [34ef5736-8ccc-4354-bdfe-e8e28e0b14c7@group-954F010AC4C0-LeaderElection39] INFO  ratis.XceiverServerRatis (XceiverServerRatis.java:handleLeaderChangedNotification(905)) - Leader change notification received for group: group-954F010AC4C0 with new leaderId: 34ef5736-8ccc-4354-bdfe-e8e28e0b14c7
2023-02-14 08:19:55,585 [34ef5736-8ccc-4354-bdfe-e8e28e0b14c7@group-954F010AC4C0-LeaderElection39] INFO  server.RaftServer$Division (ServerState.java:setLeader(313)) - 34ef5736-8ccc-4354-bdfe-e8e28e0b14c7@group-954F010AC4C0: change Leader from null to 34ef5736-8ccc-4354-bdfe-e8e28e0b14c7 at term 1 for becomeLeader, leader elected after 5508ms
2023-02-14 08:19:55,585 [34ef5736-8ccc-4354-bdfe-e8e28e0b14c7@group-954F010AC4C0-LeaderElection39] INFO  server.RaftServerConfigKeys (ConfUtils.java:logGet(46)) - raft.server.staging.catchup.gap = 1000 (default)
2023-02-14 08:19:55,585 [34ef5736-8ccc-4354-bdfe-e8e28e0b14c7@group-954F010AC4C0-LeaderElection39] INFO  server.RaftServerConfigKeys (ConfUtils.java:logGet(46)) - raft.server.write.element-limit = 1024 (custom)
2023-02-14 08:19:55,585 [34ef5736-8ccc-4354-bdfe-e8e28e0b14c7@group-954F010AC4C0-LeaderElection39] INFO  server.RaftServerConfigKeys (ConfUtils.java:logGet(46)) - raft.server.write.byte-limit = 1024 M (=1073741824) (custom)
2023-02-14 08:19:55,586 [34ef5736-8ccc-4354-bdfe-e8e28e0b14c7@group-954F010AC4C0-LeaderElection39] INFO  server.RaftServerConfigKeys (ConfUtils.java:logGet(46)) - raft.server.watch.timeout = 180s (custom)
2023-02-14 08:19:55,586 [34ef5736-8ccc-4354-bdfe-e8e28e0b14c7@group-954F010AC4C0-LeaderElection39] INFO  server.RaftServerConfigKeys (ConfUtils.java:logGet(46)) - raft.server.watch.timeout.denomination = 1s (default)
2023-02-14 08:19:55,586 [34ef5736-8ccc-4354-bdfe-e8e28e0b14c7@group-954F010AC4C0-LeaderElection39] INFO  server.RaftServerConfigKeys (ConfUtils.java:logGet(46)) - raft.server.watch.element-limit = 65536 (default)
2023-02-14 08:19:55,586 [34ef5736-8ccc-4354-bdfe-e8e28e0b14c7@group-954F010AC4C0-LeaderElection39] INFO  server.RaftServerConfigKeys (ConfUtils.java:logGet(46)) - raft.server.write.element-limit = 1024 (custom)
2023-02-14 08:19:55,586 [34ef5736-8ccc-4354-bdfe-e8e28e0b14c7@group-954F010AC4C0-LeaderElection39] INFO  server.RaftServerConfigKeys (ConfUtils.java:logGet(46)) - raft.server.write.follower.gap.ratio.max = -1.0 (default)
2023-02-14 08:19:55,586 [34ef5736-8ccc-4354-bdfe-e8e28e0b14c7@group-954F010AC4C0-LeaderElection39] INFO  impl.RoleInfo (RoleInfo.java:updateAndGet(139)) - 34ef5736-8ccc-4354-bdfe-e8e28e0b14c7: start 34ef5736-8ccc-4354-bdfe-e8e28e0b14c7@group-954F010AC4C0-LeaderStateImpl
2023-02-14 08:19:55,586 [34ef5736-8ccc-4354-bdfe-e8e28e0b14c7@group-954F010AC4C0-LeaderElection39] INFO  segmented.SegmentedRaftLogWorker (SegmentedRaftLogWorker.java:startLogSegment(452)) - 34ef5736-8ccc-4354-bdfe-e8e28e0b14c7@group-954F010AC4C0-SegmentedRaftLogWorker: Starting segment from index:0
2023-02-14 08:19:55,590 [34ef5736-8ccc-4354-bdfe-e8e28e0b14c7@group-954F010AC4C0-SegmentedRaftLogWorker] INFO  segmented.SegmentedRaftLogWorker (SegmentedRaftLogWorker.java:execute(656)) - 34ef5736-8ccc-4354-bdfe-e8e28e0b14c7@group-954F010AC4C0-SegmentedRaftLogWorker: created new log segment /home/runner/work/ozone/ozone/hadoop-ozone/integration-test/target/test-dir/MiniOzoneClusterImpl-9d03416f-dff1-44af-a51b-f90497d61693/datanode-2/data/ratis/0aa7c4ee-654b-4a2b-b6b6-954f010ac4c0/current/log_inprogress_0
2023-02-14 08:19:55,590 [34ef5736-8ccc-4354-bdfe-e8e28e0b14c7@group-954F010AC4C0-LeaderElection39] INFO  server.RaftServer$Division (ServerState.java:setRaftConf(430)) - 34ef5736-8ccc-4354-bdfe-e8e28e0b14c7@group-954F010AC4C0: set configuration 0: peers:[34ef5736-8ccc-4354-bdfe-e8e28e0b14c7|rpc:10.1.0.19:40043|dataStream:10.1.0.19:42561|priority:1|startupRole:FOLLOWER]|listeners:[], old=null
2023-02-14 08:19:55,892 [5eaff5f0-27f1-4250-be20-7eaa1ed6359c@group-2D47AFB051BD-FollowerState] INFO  impl.FollowerState (FollowerState.java:run(143)) - 5eaff5f0-27f1-4250-be20-7eaa1ed6359c@group-2D47AFB051BD-FollowerState: change to CANDIDATE, lastRpcElapsedTime:5170459966ns, electionTimeout:5170ms
2023-02-14 08:19:55,892 [5eaff5f0-27f1-4250-be20-7eaa1ed6359c@group-2D47AFB051BD-FollowerState] INFO  impl.RoleInfo (RoleInfo.java:shutdownFollowerState(110)) - 5eaff5f0-27f1-4250-be20-7eaa1ed6359c: shutdown 5eaff5f0-27f1-4250-be20-7eaa1ed6359c@group-2D47AFB051BD-FollowerState
2023-02-14 08:19:55,893 [5eaff5f0-27f1-4250-be20-7eaa1ed6359c@group-2D47AFB051BD-FollowerState] INFO  server.RaftServer$Division (RaftServerImpl.java:setRole(321)) - 5eaff5f0-27f1-4250-be20-7eaa1ed6359c@group-2D47AFB051BD: changes role from  FOLLOWER to CANDIDATE at term 0 for changeToCandidate
2023-02-14 08:19:55,893 [5eaff5f0-27f1-4250-be20-7eaa1ed6359c@group-2D47AFB051BD-FollowerState] INFO  server.RaftServerConfigKeys (ConfUtils.java:logGet(46)) - raft.server.leaderelection.pre-vote = false (custom)
2023-02-14 08:19:55,893 [5eaff5f0-27f1-4250-be20-7eaa1ed6359c@group-2D47AFB051BD-FollowerState] INFO  impl.RoleInfo (RoleInfo.java:updateAndGet(139)) - 5eaff5f0-27f1-4250-be20-7eaa1ed6359c: start 5eaff5f0-27f1-4250-be20-7eaa1ed6359c@group-2D47AFB051BD-LeaderElection40
2023-02-14 08:19:55,896 [5eaff5f0-27f1-4250-be20-7eaa1ed6359c@group-2D47AFB051BD-LeaderElection40] INFO  impl.LeaderElection (LeaderElection.java:askForVotes(312)) - 5eaff5f0-27f1-4250-be20-7eaa1ed6359c@group-2D47AFB051BD-LeaderElection40 ELECTION round 0: submit vote requests at term 1 for -1: peers:[5eaff5f0-27f1-4250-be20-7eaa1ed6359c|rpc:10.1.0.19:34055|dataStream:10.1.0.19:45063|priority:1|startupRole:FOLLOWER]|listeners:[], old=null
2023-02-14 08:19:55,896 [5eaff5f0-27f1-4250-be20-7eaa1ed6359c@group-2D47AFB051BD-LeaderElection40] INFO  impl.LeaderElection (LeaderElection.java:askForVotes(314)) - 5eaff5f0-27f1-4250-be20-7eaa1ed6359c@group-2D47AFB051BD-LeaderElection40 ELECTION round 0: result PASSED (term=1)
2023-02-14 08:19:55,896 [5eaff5f0-27f1-4250-be20-7eaa1ed6359c@group-2D47AFB051BD-LeaderElection40] INFO  impl.RoleInfo (RoleInfo.java:shutdownLeaderElection(130)) - 5eaff5f0-27f1-4250-be20-7eaa1ed6359c: shutdown 5eaff5f0-27f1-4250-be20-7eaa1ed6359c@group-2D47AFB051BD-LeaderElection40
2023-02-14 08:19:55,896 [5eaff5f0-27f1-4250-be20-7eaa1ed6359c@group-2D47AFB051BD-LeaderElection40] INFO  server.RaftServer$Division (RaftServerImpl.java:setRole(321)) - 5eaff5f0-27f1-4250-be20-7eaa1ed6359c@group-2D47AFB051BD: changes role from CANDIDATE to LEADER at term 1 for changeToLeader
2023-02-14 08:19:55,896 [5eaff5f0-27f1-4250-be20-7eaa1ed6359c@group-2D47AFB051BD-LeaderElection40] INFO  ratis.XceiverServerRatis (XceiverServerRatis.java:handleLeaderChangedNotification(905)) - Leader change notification received for group: group-2D47AFB051BD with new leaderId: 5eaff5f0-27f1-4250-be20-7eaa1ed6359c
2023-02-14 08:19:55,896 [5eaff5f0-27f1-4250-be20-7eaa1ed6359c@group-2D47AFB051BD-LeaderElection40] INFO  server.RaftServer$Division (ServerState.java:setLeader(313)) - 5eaff5f0-27f1-4250-be20-7eaa1ed6359c@group-2D47AFB051BD: change Leader from null to 5eaff5f0-27f1-4250-be20-7eaa1ed6359c at term 1 for becomeLeader, leader elected after 5184ms
2023-02-14 08:19:55,896 [5eaff5f0-27f1-4250-be20-7eaa1ed6359c@group-2D47AFB051BD-LeaderElection40] INFO  server.RaftServerConfigKeys (ConfUtils.java:logGet(46)) - raft.server.staging.catchup.gap = 1000 (default)
2023-02-14 08:19:55,896 [5eaff5f0-27f1-4250-be20-7eaa1ed6359c@group-2D47AFB051BD-LeaderElection40] INFO  server.RaftServerConfigKeys (ConfUtils.java:logGet(46)) - raft.server.write.element-limit = 1024 (custom)
2023-02-14 08:19:55,896 [5eaff5f0-27f1-4250-be20-7eaa1ed6359c@group-2D47AFB051BD-LeaderElection40] INFO  server.RaftServerConfigKeys (ConfUtils.java:logGet(46)) - raft.server.write.byte-limit = 1024 M (=1073741824) (custom)
2023-02-14 08:19:55,897 [5eaff5f0-27f1-4250-be20-7eaa1ed6359c@group-2D47AFB051BD-LeaderElection40] INFO  server.RaftServerConfigKeys (ConfUtils.java:logGet(46)) - raft.server.watch.timeout = 180s (custom)
2023-02-14 08:19:55,897 [5eaff5f0-27f1-4250-be20-7eaa1ed6359c@group-2D47AFB051BD-LeaderElection40] INFO  server.RaftServerConfigKeys (ConfUtils.java:logGet(46)) - raft.server.watch.timeout.denomination = 1s (default)
2023-02-14 08:19:55,897 [5eaff5f0-27f1-4250-be20-7eaa1ed6359c@group-2D47AFB051BD-LeaderElection40] INFO  server.RaftServerConfigKeys (ConfUtils.java:logGet(46)) - raft.server.watch.element-limit = 65536 (default)
2023-02-14 08:19:55,897 [5eaff5f0-27f1-4250-be20-7eaa1ed6359c@group-2D47AFB051BD-LeaderElection40] INFO  server.RaftServerConfigKeys (ConfUtils.java:logGet(46)) - raft.server.write.element-limit = 1024 (custom)
2023-02-14 08:19:55,897 [5eaff5f0-27f1-4250-be20-7eaa1ed6359c@group-2D47AFB051BD-LeaderElection40] INFO  server.RaftServerConfigKeys (ConfUtils.java:logGet(46)) - raft.server.write.follower.gap.ratio.max = -1.0 (default)
2023-02-14 08:19:55,897 [5eaff5f0-27f1-4250-be20-7eaa1ed6359c@group-2D47AFB051BD-LeaderElection40] INFO  impl.RoleInfo (RoleInfo.java:updateAndGet(139)) - 5eaff5f0-27f1-4250-be20-7eaa1ed6359c: start 5eaff5f0-27f1-4250-be20-7eaa1ed6359c@group-2D47AFB051BD-LeaderStateImpl
2023-02-14 08:19:55,897 [5eaff5f0-27f1-4250-be20-7eaa1ed6359c@group-2D47AFB051BD-LeaderElection40] INFO  segmented.SegmentedRaftLogWorker (SegmentedRaftLogWorker.java:startLogSegment(452)) - 5eaff5f0-27f1-4250-be20-7eaa1ed6359c@group-2D47AFB051BD-SegmentedRaftLogWorker: Starting segment from index:0
2023-02-14 08:19:55,900 [5eaff5f0-27f1-4250-be20-7eaa1ed6359c@group-2D47AFB051BD-LeaderElection40] INFO  server.RaftServer$Division (ServerState.java:setRaftConf(430)) - 5eaff5f0-27f1-4250-be20-7eaa1ed6359c@group-2D47AFB051BD: set configuration 0: peers:[5eaff5f0-27f1-4250-be20-7eaa1ed6359c|rpc:10.1.0.19:34055|dataStream:10.1.0.19:45063|priority:1|startupRole:FOLLOWER]|listeners:[], old=null
2023-02-14 08:19:55,900 [5eaff5f0-27f1-4250-be20-7eaa1ed6359c@group-2D47AFB051BD-SegmentedRaftLogWorker] INFO  segmented.SegmentedRaftLogWorker (SegmentedRaftLogWorker.java:execute(656)) - 5eaff5f0-27f1-4250-be20-7eaa1ed6359c@group-2D47AFB051BD-SegmentedRaftLogWorker: created new log segment /home/runner/work/ozone/ozone/hadoop-ozone/integration-test/target/test-dir/MiniOzoneClusterImpl-9d03416f-dff1-44af-a51b-f90497d61693/datanode-4/data/ratis/fed2b87c-5c59-40f9-aa99-2d47afb051bd/current/log_inprogress_0
08:19:56.282 [IPC Server handler 3 on default port 42497] ERROR OMAudit - user=runner | ip=127.0.0.1 | op=GET_FILE_STATUS {volume=volume12456, bucket=bucket20487, key=.Trash/runner/Current/testKey2, dataSize=0, replicationConfig=null} | ret=FAILURE
org.apache.hadoop.ozone.om.exceptions.OMException: Unable to get file status: volume: volume12456 bucket: bucket20487 key: .Trash/runner/Current/testKey2
	at org.apache.hadoop.ozone.om.KeyManagerImpl.getOzoneFileStatus(KeyManagerImpl.java:1162) ~[ozone-manager-1.4.0-SNAPSHOT.jar:?]
	at org.apache.hadoop.ozone.om.KeyManagerImpl.getFileStatus(KeyManagerImpl.java:1080) ~[ozone-manager-1.4.0-SNAPSHOT.jar:?]
	at org.apache.hadoop.ozone.om.OmMetadataReader.getFileStatus(OmMetadataReader.java:288) ~[ozone-manager-1.4.0-SNAPSHOT.jar:?]
	at org.apache.hadoop.ozone.om.OzoneManager.getFileStatus(OzoneManager.java:3449) ~[ozone-manager-1.4.0-SNAPSHOT.jar:?]
	at org.apache.hadoop.ozone.protocolPB.OzoneManagerRequestHandler.getOzoneFileStatus(OzoneManagerRequestHandler.java:933) ~[ozone-manager-1.4.0-SNAPSHOT.jar:?]
	at org.apache.hadoop.ozone.protocolPB.OzoneManagerRequestHandler.handleReadRequest(OzoneManagerRequestHandler.java:238) ~[ozone-manager-1.4.0-SNAPSHOT.jar:?]
	at org.apache.hadoop.ozone.protocolPB.OzoneManagerProtocolServerSideTranslatorPB.submitRequestDirectlyToOM(OzoneManagerProtocolServerSideTranslatorPB.java:271) ~[ozone-manager-1.4.0-SNAPSHOT.jar:?]
	at org.apache.hadoop.ozone.protocolPB.OzoneManagerProtocolServerSideTranslatorPB.processRequest(OzoneManagerProtocolServerSideTranslatorPB.java:173) ~[ozone-manager-1.4.0-SNAPSHOT.jar:?]
	at org.apache.hadoop.hdds.server.OzoneProtocolMessageDispatcher.processRequest(OzoneProtocolMessageDispatcher.java:87) [hdds-server-framework-1.4.0-SNAPSHOT.jar:?]
	at org.apache.hadoop.ozone.protocolPB.OzoneManagerProtocolServerSideTranslatorPB.submitRequest(OzoneManagerProtocolServerSideTranslatorPB.java:147) [ozone-manager-1.4.0-SNAPSHOT.jar:?]
	at org.apache.hadoop.ozone.protocol.proto.OzoneManagerProtocolProtos$OzoneManagerService$2.callBlockingMethod(OzoneManagerProtocolProtos.java) [ozone-interface-client-1.4.0-SNAPSHOT.jar:?]
	at org.apache.hadoop.ipc.ProtobufRpcEngine$Server.processCall(ProtobufRpcEngine.java:465) [hadoop-common-3.3.4.jar:?]
	at org.apache.hadoop.ipc.ProtobufRpcEngine2$Server$ProtoBufRpcInvoker.call(ProtobufRpcEngine2.java:578) [hadoop-common-3.3.4.jar:?]
	at org.apache.hadoop.ipc.ProtobufRpcEngine2$Server$ProtoBufRpcInvoker.call(ProtobufRpcEngine2.java:556) [hadoop-common-3.3.4.jar:?]
	at org.apache.hadoop.ipc.RPC$Server.call(RPC.java:1093) [hadoop-common-3.3.4.jar:?]
	at org.apache.hadoop.ipc.Server$RpcCall.run(Server.java:1043) [hadoop-common-3.3.4.jar:?]
	at org.apache.hadoop.ipc.Server$RpcCall.run(Server.java:971) [hadoop-common-3.3.4.jar:?]
	at java.security.AccessController.doPrivileged(Native Method) ~[?:1.8.0_362]
	at javax.security.auth.Subject.doAs(Subject.java:422) [?:1.8.0_362]
	at org.apache.hadoop.security.UserGroupInformation.doAs(UserGroupInformation.java:1878) [hadoop-common-3.3.4.jar:?]
	at org.apache.hadoop.ipc.Server$Handler.run(Server.java:2976) [hadoop-common-3.3.4.jar:?]
]]></system-out>
  </testcase>
  <testcase name="testRenameDestinationParentDoesntExist" classname="TestOzoneFileSystem" time="0.047">
    <system-out><![CDATA[08:17:30.534 [IPC Server handler 19 on default port 34711] ERROR OMAudit - user=runner | ip=127.0.0.1 | op=GET_FILE_STATUS {volume=volume67802, bucket=bucket15311, key=root_dir/b/c, dataSize=0, replicationConfig=null} | ret=FAILURE
org.apache.hadoop.ozone.om.exceptions.OMException: Unable to get file status: volume: volume67802 bucket: bucket15311 key: root_dir/b/c
	at org.apache.hadoop.ozone.om.KeyManagerImpl.getOzoneFileStatus(KeyManagerImpl.java:1162) ~[ozone-manager-1.4.0-SNAPSHOT.jar:?]
	at org.apache.hadoop.ozone.om.KeyManagerImpl.getFileStatus(KeyManagerImpl.java:1080) ~[ozone-manager-1.4.0-SNAPSHOT.jar:?]
	at org.apache.hadoop.ozone.om.OmMetadataReader.getFileStatus(OmMetadataReader.java:288) ~[ozone-manager-1.4.0-SNAPSHOT.jar:?]
	at org.apache.hadoop.ozone.om.OzoneManager.getFileStatus(OzoneManager.java:3449) ~[ozone-manager-1.4.0-SNAPSHOT.jar:?]
	at org.apache.hadoop.ozone.protocolPB.OzoneManagerRequestHandler.getOzoneFileStatus(OzoneManagerRequestHandler.java:933) ~[ozone-manager-1.4.0-SNAPSHOT.jar:?]
	at org.apache.hadoop.ozone.protocolPB.OzoneManagerRequestHandler.handleReadRequest(OzoneManagerRequestHandler.java:238) ~[ozone-manager-1.4.0-SNAPSHOT.jar:?]
	at org.apache.hadoop.ozone.protocolPB.OzoneManagerProtocolServerSideTranslatorPB.submitReadRequestToOM(OzoneManagerProtocolServerSideTranslatorPB.java:223) ~[ozone-manager-1.4.0-SNAPSHOT.jar:?]
	at org.apache.hadoop.ozone.protocolPB.OzoneManagerProtocolServerSideTranslatorPB.processRequest(OzoneManagerProtocolServerSideTranslatorPB.java:177) ~[ozone-manager-1.4.0-SNAPSHOT.jar:?]
	at org.apache.hadoop.hdds.server.OzoneProtocolMessageDispatcher.processRequest(OzoneProtocolMessageDispatcher.java:87) [hdds-server-framework-1.4.0-SNAPSHOT.jar:?]
	at org.apache.hadoop.ozone.protocolPB.OzoneManagerProtocolServerSideTranslatorPB.submitRequest(OzoneManagerProtocolServerSideTranslatorPB.java:147) [ozone-manager-1.4.0-SNAPSHOT.jar:?]
	at org.apache.hadoop.ozone.protocol.proto.OzoneManagerProtocolProtos$OzoneManagerService$2.callBlockingMethod(OzoneManagerProtocolProtos.java) [ozone-interface-client-1.4.0-SNAPSHOT.jar:?]
	at org.apache.hadoop.ipc.ProtobufRpcEngine$Server.processCall(ProtobufRpcEngine.java:465) [hadoop-common-3.3.4.jar:?]
	at org.apache.hadoop.ipc.ProtobufRpcEngine2$Server$ProtoBufRpcInvoker.call(ProtobufRpcEngine2.java:578) [hadoop-common-3.3.4.jar:?]
	at org.apache.hadoop.ipc.ProtobufRpcEngine2$Server$ProtoBufRpcInvoker.call(ProtobufRpcEngine2.java:556) [hadoop-common-3.3.4.jar:?]
	at org.apache.hadoop.ipc.RPC$Server.call(RPC.java:1093) [hadoop-common-3.3.4.jar:?]
	at org.apache.hadoop.ipc.Server$RpcCall.run(Server.java:1043) [hadoop-common-3.3.4.jar:?]
	at org.apache.hadoop.ipc.Server$RpcCall.run(Server.java:971) [hadoop-common-3.3.4.jar:?]
	at java.security.AccessController.doPrivileged(Native Method) ~[?:1.8.0_362]
	at javax.security.auth.Subject.doAs(Subject.java:422) [?:1.8.0_362]
	at org.apache.hadoop.security.UserGroupInformation.doAs(UserGroupInformation.java:1878) [hadoop-common-3.3.4.jar:?]
	at org.apache.hadoop.ipc.Server$Handler.run(Server.java:2976) [hadoop-common-3.3.4.jar:?]
08:17:30.536 [IPC Server handler 17 on default port 34711] ERROR OMAudit - user=runner | ip=127.0.0.1 | op=GET_FILE_STATUS {volume=volume67802, bucket=bucket15311, key=root_dir/b, dataSize=0, replicationConfig=null} | ret=FAILURE
org.apache.hadoop.ozone.om.exceptions.OMException: Unable to get file status: volume: volume67802 bucket: bucket15311 key: root_dir/b
	at org.apache.hadoop.ozone.om.KeyManagerImpl.getOzoneFileStatus(KeyManagerImpl.java:1162) ~[ozone-manager-1.4.0-SNAPSHOT.jar:?]
	at org.apache.hadoop.ozone.om.KeyManagerImpl.getFileStatus(KeyManagerImpl.java:1080) ~[ozone-manager-1.4.0-SNAPSHOT.jar:?]
	at org.apache.hadoop.ozone.om.OmMetadataReader.getFileStatus(OmMetadataReader.java:288) ~[ozone-manager-1.4.0-SNAPSHOT.jar:?]
	at org.apache.hadoop.ozone.om.OzoneManager.getFileStatus(OzoneManager.java:3449) ~[ozone-manager-1.4.0-SNAPSHOT.jar:?]
	at org.apache.hadoop.ozone.protocolPB.OzoneManagerRequestHandler.getOzoneFileStatus(OzoneManagerRequestHandler.java:933) ~[ozone-manager-1.4.0-SNAPSHOT.jar:?]
	at org.apache.hadoop.ozone.protocolPB.OzoneManagerRequestHandler.handleReadRequest(OzoneManagerRequestHandler.java:238) ~[ozone-manager-1.4.0-SNAPSHOT.jar:?]
	at org.apache.hadoop.ozone.protocolPB.OzoneManagerProtocolServerSideTranslatorPB.submitReadRequestToOM(OzoneManagerProtocolServerSideTranslatorPB.java:223) ~[ozone-manager-1.4.0-SNAPSHOT.jar:?]
	at org.apache.hadoop.ozone.protocolPB.OzoneManagerProtocolServerSideTranslatorPB.processRequest(OzoneManagerProtocolServerSideTranslatorPB.java:177) ~[ozone-manager-1.4.0-SNAPSHOT.jar:?]
	at org.apache.hadoop.hdds.server.OzoneProtocolMessageDispatcher.processRequest(OzoneProtocolMessageDispatcher.java:87) [hdds-server-framework-1.4.0-SNAPSHOT.jar:?]
	at org.apache.hadoop.ozone.protocolPB.OzoneManagerProtocolServerSideTranslatorPB.submitRequest(OzoneManagerProtocolServerSideTranslatorPB.java:147) [ozone-manager-1.4.0-SNAPSHOT.jar:?]
	at org.apache.hadoop.ozone.protocol.proto.OzoneManagerProtocolProtos$OzoneManagerService$2.callBlockingMethod(OzoneManagerProtocolProtos.java) [ozone-interface-client-1.4.0-SNAPSHOT.jar:?]
	at org.apache.hadoop.ipc.ProtobufRpcEngine$Server.processCall(ProtobufRpcEngine.java:465) [hadoop-common-3.3.4.jar:?]
	at org.apache.hadoop.ipc.ProtobufRpcEngine2$Server$ProtoBufRpcInvoker.call(ProtobufRpcEngine2.java:578) [hadoop-common-3.3.4.jar:?]
	at org.apache.hadoop.ipc.ProtobufRpcEngine2$Server$ProtoBufRpcInvoker.call(ProtobufRpcEngine2.java:556) [hadoop-common-3.3.4.jar:?]
	at org.apache.hadoop.ipc.RPC$Server.call(RPC.java:1093) [hadoop-common-3.3.4.jar:?]
	at org.apache.hadoop.ipc.Server$RpcCall.run(Server.java:1043) [hadoop-common-3.3.4.jar:?]
	at org.apache.hadoop.ipc.Server$RpcCall.run(Server.java:971) [hadoop-common-3.3.4.jar:?]
	at java.security.AccessController.doPrivileged(Native Method) ~[?:1.8.0_362]
	at javax.security.auth.Subject.doAs(Subject.java:422) [?:1.8.0_362]
	at org.apache.hadoop.security.UserGroupInformation.doAs(UserGroupInformation.java:1878) [hadoop-common-3.3.4.jar:?]
	at org.apache.hadoop.ipc.Server$Handler.run(Server.java:2976) [hadoop-common-3.3.4.jar:?]
2023-02-14 08:17:30,545 [OM StateMachine ApplyTransaction Thread - 0] INFO  key.OMKeyRequest (OMKeyRequest.java:wrapUncommittedBlocksAsPseudoKey(837)) - Detect allocated but uncommitted blocks [{blockID={containerID=1, localID=111677748019200007}, length=4194304, offset=0, token=null, pipeline=null, createVersion=0, partNumber=0}] in key root_dir/file1.
08:17:30.551 [IPC Server handler 4 on default port 34711] ERROR OMAudit - user=runner | ip=127.0.0.1 | op=GET_FILE_STATUS {volume=volume67802, bucket=bucket15311, key=root_dir/file1/c, dataSize=0, replicationConfig=null} | ret=FAILURE
org.apache.hadoop.ozone.om.exceptions.OMException: Unable to get file status: volume: volume67802 bucket: bucket15311 key: root_dir/file1/c
	at org.apache.hadoop.ozone.om.KeyManagerImpl.getOzoneFileStatus(KeyManagerImpl.java:1162) ~[ozone-manager-1.4.0-SNAPSHOT.jar:?]
	at org.apache.hadoop.ozone.om.KeyManagerImpl.getFileStatus(KeyManagerImpl.java:1080) ~[ozone-manager-1.4.0-SNAPSHOT.jar:?]
	at org.apache.hadoop.ozone.om.OmMetadataReader.getFileStatus(OmMetadataReader.java:288) ~[ozone-manager-1.4.0-SNAPSHOT.jar:?]
	at org.apache.hadoop.ozone.om.OzoneManager.getFileStatus(OzoneManager.java:3449) ~[ozone-manager-1.4.0-SNAPSHOT.jar:?]
	at org.apache.hadoop.ozone.protocolPB.OzoneManagerRequestHandler.getOzoneFileStatus(OzoneManagerRequestHandler.java:933) ~[ozone-manager-1.4.0-SNAPSHOT.jar:?]
	at org.apache.hadoop.ozone.protocolPB.OzoneManagerRequestHandler.handleReadRequest(OzoneManagerRequestHandler.java:238) ~[ozone-manager-1.4.0-SNAPSHOT.jar:?]
	at org.apache.hadoop.ozone.protocolPB.OzoneManagerProtocolServerSideTranslatorPB.submitReadRequestToOM(OzoneManagerProtocolServerSideTranslatorPB.java:223) ~[ozone-manager-1.4.0-SNAPSHOT.jar:?]
	at org.apache.hadoop.ozone.protocolPB.OzoneManagerProtocolServerSideTranslatorPB.processRequest(OzoneManagerProtocolServerSideTranslatorPB.java:177) ~[ozone-manager-1.4.0-SNAPSHOT.jar:?]
	at org.apache.hadoop.hdds.server.OzoneProtocolMessageDispatcher.processRequest(OzoneProtocolMessageDispatcher.java:87) [hdds-server-framework-1.4.0-SNAPSHOT.jar:?]
	at org.apache.hadoop.ozone.protocolPB.OzoneManagerProtocolServerSideTranslatorPB.submitRequest(OzoneManagerProtocolServerSideTranslatorPB.java:147) [ozone-manager-1.4.0-SNAPSHOT.jar:?]
	at org.apache.hadoop.ozone.protocol.proto.OzoneManagerProtocolProtos$OzoneManagerService$2.callBlockingMethod(OzoneManagerProtocolProtos.java) [ozone-interface-client-1.4.0-SNAPSHOT.jar:?]
	at org.apache.hadoop.ipc.ProtobufRpcEngine$Server.processCall(ProtobufRpcEngine.java:465) [hadoop-common-3.3.4.jar:?]
	at org.apache.hadoop.ipc.ProtobufRpcEngine2$Server$ProtoBufRpcInvoker.call(ProtobufRpcEngine2.java:578) [hadoop-common-3.3.4.jar:?]
	at org.apache.hadoop.ipc.ProtobufRpcEngine2$Server$ProtoBufRpcInvoker.call(ProtobufRpcEngine2.java:556) [hadoop-common-3.3.4.jar:?]
	at org.apache.hadoop.ipc.RPC$Server.call(RPC.java:1093) [hadoop-common-3.3.4.jar:?]
	at org.apache.hadoop.ipc.Server$RpcCall.run(Server.java:1043) [hadoop-common-3.3.4.jar:?]
	at org.apache.hadoop.ipc.Server$RpcCall.run(Server.java:971) [hadoop-common-3.3.4.jar:?]
	at java.security.AccessController.doPrivileged(Native Method) ~[?:1.8.0_362]
	at javax.security.auth.Subject.doAs(Subject.java:422) [?:1.8.0_362]
	at org.apache.hadoop.security.UserGroupInformation.doAs(UserGroupInformation.java:1878) [hadoop-common-3.3.4.jar:?]
	at org.apache.hadoop.ipc.Server$Handler.run(Server.java:2976) [hadoop-common-3.3.4.jar:?]
]]></system-out>
  </testcase>
  <testcase name="testRenameDestinationParentDoesntExist" classname="TestOzoneFileSystem" time="0.017">
    <system-out><![CDATA[08:18:29.466 [IPC Server handler 2 on default port 34455] ERROR OMAudit - user=runner | ip=127.0.0.1 | op=GET_FILE_STATUS {volume=volume94786, bucket=bucket02286, key=root_dir/b/c, dataSize=0, replicationConfig=null} | ret=FAILURE
org.apache.hadoop.ozone.om.exceptions.OMException: Unable to get file status: volume: volume94786 bucket: bucket02286 key: root_dir/b/c
	at org.apache.hadoop.ozone.om.KeyManagerImpl.getOzoneFileStatus(KeyManagerImpl.java:1162) ~[ozone-manager-1.4.0-SNAPSHOT.jar:?]
	at org.apache.hadoop.ozone.om.KeyManagerImpl.getFileStatus(KeyManagerImpl.java:1080) ~[ozone-manager-1.4.0-SNAPSHOT.jar:?]
	at org.apache.hadoop.ozone.om.OmMetadataReader.getFileStatus(OmMetadataReader.java:288) ~[ozone-manager-1.4.0-SNAPSHOT.jar:?]
	at org.apache.hadoop.ozone.om.OzoneManager.getFileStatus(OzoneManager.java:3449) ~[ozone-manager-1.4.0-SNAPSHOT.jar:?]
	at org.apache.hadoop.ozone.protocolPB.OzoneManagerRequestHandler.getOzoneFileStatus(OzoneManagerRequestHandler.java:933) ~[ozone-manager-1.4.0-SNAPSHOT.jar:?]
	at org.apache.hadoop.ozone.protocolPB.OzoneManagerRequestHandler.handleReadRequest(OzoneManagerRequestHandler.java:238) ~[ozone-manager-1.4.0-SNAPSHOT.jar:?]
	at org.apache.hadoop.ozone.protocolPB.OzoneManagerProtocolServerSideTranslatorPB.submitRequestDirectlyToOM(OzoneManagerProtocolServerSideTranslatorPB.java:271) ~[ozone-manager-1.4.0-SNAPSHOT.jar:?]
	at org.apache.hadoop.ozone.protocolPB.OzoneManagerProtocolServerSideTranslatorPB.processRequest(OzoneManagerProtocolServerSideTranslatorPB.java:173) ~[ozone-manager-1.4.0-SNAPSHOT.jar:?]
	at org.apache.hadoop.hdds.server.OzoneProtocolMessageDispatcher.processRequest(OzoneProtocolMessageDispatcher.java:87) [hdds-server-framework-1.4.0-SNAPSHOT.jar:?]
	at org.apache.hadoop.ozone.protocolPB.OzoneManagerProtocolServerSideTranslatorPB.submitRequest(OzoneManagerProtocolServerSideTranslatorPB.java:147) [ozone-manager-1.4.0-SNAPSHOT.jar:?]
	at org.apache.hadoop.ozone.protocol.proto.OzoneManagerProtocolProtos$OzoneManagerService$2.callBlockingMethod(OzoneManagerProtocolProtos.java) [ozone-interface-client-1.4.0-SNAPSHOT.jar:?]
	at org.apache.hadoop.ipc.ProtobufRpcEngine$Server.processCall(ProtobufRpcEngine.java:465) [hadoop-common-3.3.4.jar:?]
	at org.apache.hadoop.ipc.ProtobufRpcEngine2$Server$ProtoBufRpcInvoker.call(ProtobufRpcEngine2.java:578) [hadoop-common-3.3.4.jar:?]
	at org.apache.hadoop.ipc.ProtobufRpcEngine2$Server$ProtoBufRpcInvoker.call(ProtobufRpcEngine2.java:556) [hadoop-common-3.3.4.jar:?]
	at org.apache.hadoop.ipc.RPC$Server.call(RPC.java:1093) [hadoop-common-3.3.4.jar:?]
	at org.apache.hadoop.ipc.Server$RpcCall.run(Server.java:1043) [hadoop-common-3.3.4.jar:?]
	at org.apache.hadoop.ipc.Server$RpcCall.run(Server.java:971) [hadoop-common-3.3.4.jar:?]
	at java.security.AccessController.doPrivileged(Native Method) ~[?:1.8.0_362]
	at javax.security.auth.Subject.doAs(Subject.java:422) [?:1.8.0_362]
	at org.apache.hadoop.security.UserGroupInformation.doAs(UserGroupInformation.java:1878) [hadoop-common-3.3.4.jar:?]
	at org.apache.hadoop.ipc.Server$Handler.run(Server.java:2976) [hadoop-common-3.3.4.jar:?]
08:18:29.467 [IPC Server handler 3 on default port 34455] ERROR OMAudit - user=runner | ip=127.0.0.1 | op=GET_FILE_STATUS {volume=volume94786, bucket=bucket02286, key=root_dir/b, dataSize=0, replicationConfig=null} | ret=FAILURE
org.apache.hadoop.ozone.om.exceptions.OMException: Unable to get file status: volume: volume94786 bucket: bucket02286 key: root_dir/b
	at org.apache.hadoop.ozone.om.KeyManagerImpl.getOzoneFileStatus(KeyManagerImpl.java:1162) ~[ozone-manager-1.4.0-SNAPSHOT.jar:?]
	at org.apache.hadoop.ozone.om.KeyManagerImpl.getFileStatus(KeyManagerImpl.java:1080) ~[ozone-manager-1.4.0-SNAPSHOT.jar:?]
	at org.apache.hadoop.ozone.om.OmMetadataReader.getFileStatus(OmMetadataReader.java:288) ~[ozone-manager-1.4.0-SNAPSHOT.jar:?]
	at org.apache.hadoop.ozone.om.OzoneManager.getFileStatus(OzoneManager.java:3449) ~[ozone-manager-1.4.0-SNAPSHOT.jar:?]
	at org.apache.hadoop.ozone.protocolPB.OzoneManagerRequestHandler.getOzoneFileStatus(OzoneManagerRequestHandler.java:933) ~[ozone-manager-1.4.0-SNAPSHOT.jar:?]
	at org.apache.hadoop.ozone.protocolPB.OzoneManagerRequestHandler.handleReadRequest(OzoneManagerRequestHandler.java:238) ~[ozone-manager-1.4.0-SNAPSHOT.jar:?]
	at org.apache.hadoop.ozone.protocolPB.OzoneManagerProtocolServerSideTranslatorPB.submitRequestDirectlyToOM(OzoneManagerProtocolServerSideTranslatorPB.java:271) ~[ozone-manager-1.4.0-SNAPSHOT.jar:?]
	at org.apache.hadoop.ozone.protocolPB.OzoneManagerProtocolServerSideTranslatorPB.processRequest(OzoneManagerProtocolServerSideTranslatorPB.java:173) ~[ozone-manager-1.4.0-SNAPSHOT.jar:?]
	at org.apache.hadoop.hdds.server.OzoneProtocolMessageDispatcher.processRequest(OzoneProtocolMessageDispatcher.java:87) [hdds-server-framework-1.4.0-SNAPSHOT.jar:?]
	at org.apache.hadoop.ozone.protocolPB.OzoneManagerProtocolServerSideTranslatorPB.submitRequest(OzoneManagerProtocolServerSideTranslatorPB.java:147) [ozone-manager-1.4.0-SNAPSHOT.jar:?]
	at org.apache.hadoop.ozone.protocol.proto.OzoneManagerProtocolProtos$OzoneManagerService$2.callBlockingMethod(OzoneManagerProtocolProtos.java) [ozone-interface-client-1.4.0-SNAPSHOT.jar:?]
	at org.apache.hadoop.ipc.ProtobufRpcEngine$Server.processCall(ProtobufRpcEngine.java:465) [hadoop-common-3.3.4.jar:?]
	at org.apache.hadoop.ipc.ProtobufRpcEngine2$Server$ProtoBufRpcInvoker.call(ProtobufRpcEngine2.java:578) [hadoop-common-3.3.4.jar:?]
	at org.apache.hadoop.ipc.ProtobufRpcEngine2$Server$ProtoBufRpcInvoker.call(ProtobufRpcEngine2.java:556) [hadoop-common-3.3.4.jar:?]
	at org.apache.hadoop.ipc.RPC$Server.call(RPC.java:1093) [hadoop-common-3.3.4.jar:?]
	at org.apache.hadoop.ipc.Server$RpcCall.run(Server.java:1043) [hadoop-common-3.3.4.jar:?]
	at org.apache.hadoop.ipc.Server$RpcCall.run(Server.java:971) [hadoop-common-3.3.4.jar:?]
	at java.security.AccessController.doPrivileged(Native Method) ~[?:1.8.0_362]
	at javax.security.auth.Subject.doAs(Subject.java:422) [?:1.8.0_362]
	at org.apache.hadoop.security.UserGroupInformation.doAs(UserGroupInformation.java:1878) [hadoop-common-3.3.4.jar:?]
	at org.apache.hadoop.ipc.Server$Handler.run(Server.java:2976) [hadoop-common-3.3.4.jar:?]
2023-02-14 08:18:29,474 [IPC Server handler 5 on default port 34455] INFO  key.OMKeyRequest (OMKeyRequest.java:wrapUncommittedBlocksAsPseudoKey(837)) - Detect allocated but uncommitted blocks [{blockID={containerID=1, localID=111677748019200007}, length=4194304, offset=0, token=null, pipeline=null, createVersion=0, partNumber=0}] in key root_dir/file1.
08:18:29.475 [IPC Server handler 6 on default port 34455] ERROR OMAudit - user=runner | ip=127.0.0.1 | op=GET_FILE_STATUS {volume=volume94786, bucket=bucket02286, key=root_dir/file1/c, dataSize=0, replicationConfig=null} | ret=FAILURE
org.apache.hadoop.ozone.om.exceptions.OMException: Unable to get file status: volume: volume94786 bucket: bucket02286 key: root_dir/file1/c
	at org.apache.hadoop.ozone.om.KeyManagerImpl.getOzoneFileStatus(KeyManagerImpl.java:1162) ~[ozone-manager-1.4.0-SNAPSHOT.jar:?]
	at org.apache.hadoop.ozone.om.KeyManagerImpl.getFileStatus(KeyManagerImpl.java:1080) ~[ozone-manager-1.4.0-SNAPSHOT.jar:?]
	at org.apache.hadoop.ozone.om.OmMetadataReader.getFileStatus(OmMetadataReader.java:288) ~[ozone-manager-1.4.0-SNAPSHOT.jar:?]
	at org.apache.hadoop.ozone.om.OzoneManager.getFileStatus(OzoneManager.java:3449) ~[ozone-manager-1.4.0-SNAPSHOT.jar:?]
	at org.apache.hadoop.ozone.protocolPB.OzoneManagerRequestHandler.getOzoneFileStatus(OzoneManagerRequestHandler.java:933) ~[ozone-manager-1.4.0-SNAPSHOT.jar:?]
	at org.apache.hadoop.ozone.protocolPB.OzoneManagerRequestHandler.handleReadRequest(OzoneManagerRequestHandler.java:238) ~[ozone-manager-1.4.0-SNAPSHOT.jar:?]
	at org.apache.hadoop.ozone.protocolPB.OzoneManagerProtocolServerSideTranslatorPB.submitRequestDirectlyToOM(OzoneManagerProtocolServerSideTranslatorPB.java:271) ~[ozone-manager-1.4.0-SNAPSHOT.jar:?]
	at org.apache.hadoop.ozone.protocolPB.OzoneManagerProtocolServerSideTranslatorPB.processRequest(OzoneManagerProtocolServerSideTranslatorPB.java:173) ~[ozone-manager-1.4.0-SNAPSHOT.jar:?]
	at org.apache.hadoop.hdds.server.OzoneProtocolMessageDispatcher.processRequest(OzoneProtocolMessageDispatcher.java:87) [hdds-server-framework-1.4.0-SNAPSHOT.jar:?]
	at org.apache.hadoop.ozone.protocolPB.OzoneManagerProtocolServerSideTranslatorPB.submitRequest(OzoneManagerProtocolServerSideTranslatorPB.java:147) [ozone-manager-1.4.0-SNAPSHOT.jar:?]
	at org.apache.hadoop.ozone.protocol.proto.OzoneManagerProtocolProtos$OzoneManagerService$2.callBlockingMethod(OzoneManagerProtocolProtos.java) [ozone-interface-client-1.4.0-SNAPSHOT.jar:?]
	at org.apache.hadoop.ipc.ProtobufRpcEngine$Server.processCall(ProtobufRpcEngine.java:465) [hadoop-common-3.3.4.jar:?]
	at org.apache.hadoop.ipc.ProtobufRpcEngine2$Server$ProtoBufRpcInvoker.call(ProtobufRpcEngine2.java:578) [hadoop-common-3.3.4.jar:?]
	at org.apache.hadoop.ipc.ProtobufRpcEngine2$Server$ProtoBufRpcInvoker.call(ProtobufRpcEngine2.java:556) [hadoop-common-3.3.4.jar:?]
	at org.apache.hadoop.ipc.RPC$Server.call(RPC.java:1093) [hadoop-common-3.3.4.jar:?]
	at org.apache.hadoop.ipc.Server$RpcCall.run(Server.java:1043) [hadoop-common-3.3.4.jar:?]
	at org.apache.hadoop.ipc.Server$RpcCall.run(Server.java:971) [hadoop-common-3.3.4.jar:?]
	at java.security.AccessController.doPrivileged(Native Method) ~[?:1.8.0_362]
	at javax.security.auth.Subject.doAs(Subject.java:422) [?:1.8.0_362]
	at org.apache.hadoop.security.UserGroupInformation.doAs(UserGroupInformation.java:1878) [hadoop-common-3.3.4.jar:?]
	at org.apache.hadoop.ipc.Server$Handler.run(Server.java:2976) [hadoop-common-3.3.4.jar:?]
]]></system-out>
  </testcase>
  <testcase name="testRenameDestinationParentDoesntExist" classname="TestOzoneFileSystem" time="0.011">
    <system-out><![CDATA[08:19:12.497 [IPC Server handler 0 on default port 32845] ERROR OMAudit - user=runner | ip=127.0.0.1 | op=GET_FILE_STATUS {volume=volume29101, bucket=bucket05375, key=root_dir/b/c, dataSize=0, replicationConfig=null} | ret=FAILURE
org.apache.hadoop.ozone.om.exceptions.OMException: Unable to get file status: volume: volume29101 bucket: bucket05375 key: root_dir/b/c
	at org.apache.hadoop.ozone.om.KeyManagerImpl.getOzoneFileStatus(KeyManagerImpl.java:1162) ~[ozone-manager-1.4.0-SNAPSHOT.jar:?]
	at org.apache.hadoop.ozone.om.KeyManagerImpl.getFileStatus(KeyManagerImpl.java:1080) ~[ozone-manager-1.4.0-SNAPSHOT.jar:?]
	at org.apache.hadoop.ozone.om.OmMetadataReader.getFileStatus(OmMetadataReader.java:288) ~[ozone-manager-1.4.0-SNAPSHOT.jar:?]
	at org.apache.hadoop.ozone.om.OzoneManager.getFileStatus(OzoneManager.java:3449) ~[ozone-manager-1.4.0-SNAPSHOT.jar:?]
	at org.apache.hadoop.ozone.protocolPB.OzoneManagerRequestHandler.getOzoneFileStatus(OzoneManagerRequestHandler.java:933) ~[ozone-manager-1.4.0-SNAPSHOT.jar:?]
	at org.apache.hadoop.ozone.protocolPB.OzoneManagerRequestHandler.handleReadRequest(OzoneManagerRequestHandler.java:238) ~[ozone-manager-1.4.0-SNAPSHOT.jar:?]
	at org.apache.hadoop.ozone.protocolPB.OzoneManagerProtocolServerSideTranslatorPB.submitReadRequestToOM(OzoneManagerProtocolServerSideTranslatorPB.java:223) ~[ozone-manager-1.4.0-SNAPSHOT.jar:?]
	at org.apache.hadoop.ozone.protocolPB.OzoneManagerProtocolServerSideTranslatorPB.processRequest(OzoneManagerProtocolServerSideTranslatorPB.java:177) ~[ozone-manager-1.4.0-SNAPSHOT.jar:?]
	at org.apache.hadoop.hdds.server.OzoneProtocolMessageDispatcher.processRequest(OzoneProtocolMessageDispatcher.java:87) [hdds-server-framework-1.4.0-SNAPSHOT.jar:?]
	at org.apache.hadoop.ozone.protocolPB.OzoneManagerProtocolServerSideTranslatorPB.submitRequest(OzoneManagerProtocolServerSideTranslatorPB.java:147) [ozone-manager-1.4.0-SNAPSHOT.jar:?]
	at org.apache.hadoop.ozone.protocol.proto.OzoneManagerProtocolProtos$OzoneManagerService$2.callBlockingMethod(OzoneManagerProtocolProtos.java) [ozone-interface-client-1.4.0-SNAPSHOT.jar:?]
	at org.apache.hadoop.ipc.ProtobufRpcEngine$Server.processCall(ProtobufRpcEngine.java:465) [hadoop-common-3.3.4.jar:?]
	at org.apache.hadoop.ipc.ProtobufRpcEngine2$Server$ProtoBufRpcInvoker.call(ProtobufRpcEngine2.java:578) [hadoop-common-3.3.4.jar:?]
	at org.apache.hadoop.ipc.ProtobufRpcEngine2$Server$ProtoBufRpcInvoker.call(ProtobufRpcEngine2.java:556) [hadoop-common-3.3.4.jar:?]
	at org.apache.hadoop.ipc.RPC$Server.call(RPC.java:1093) [hadoop-common-3.3.4.jar:?]
	at org.apache.hadoop.ipc.Server$RpcCall.run(Server.java:1043) [hadoop-common-3.3.4.jar:?]
	at org.apache.hadoop.ipc.Server$RpcCall.run(Server.java:971) [hadoop-common-3.3.4.jar:?]
	at java.security.AccessController.doPrivileged(Native Method) ~[?:1.8.0_362]
	at javax.security.auth.Subject.doAs(Subject.java:422) [?:1.8.0_362]
	at org.apache.hadoop.security.UserGroupInformation.doAs(UserGroupInformation.java:1878) [hadoop-common-3.3.4.jar:?]
	at org.apache.hadoop.ipc.Server$Handler.run(Server.java:2976) [hadoop-common-3.3.4.jar:?]
08:19:12.498 [IPC Server handler 2 on default port 32845] ERROR OMAudit - user=runner | ip=127.0.0.1 | op=GET_FILE_STATUS {volume=volume29101, bucket=bucket05375, key=root_dir/b, dataSize=0, replicationConfig=null} | ret=FAILURE
org.apache.hadoop.ozone.om.exceptions.OMException: Unable to get file status: volume: volume29101 bucket: bucket05375 key: root_dir/b
	at org.apache.hadoop.ozone.om.KeyManagerImpl.getOzoneFileStatus(KeyManagerImpl.java:1162) ~[ozone-manager-1.4.0-SNAPSHOT.jar:?]
	at org.apache.hadoop.ozone.om.KeyManagerImpl.getFileStatus(KeyManagerImpl.java:1080) ~[ozone-manager-1.4.0-SNAPSHOT.jar:?]
	at org.apache.hadoop.ozone.om.OmMetadataReader.getFileStatus(OmMetadataReader.java:288) ~[ozone-manager-1.4.0-SNAPSHOT.jar:?]
	at org.apache.hadoop.ozone.om.OzoneManager.getFileStatus(OzoneManager.java:3449) ~[ozone-manager-1.4.0-SNAPSHOT.jar:?]
	at org.apache.hadoop.ozone.protocolPB.OzoneManagerRequestHandler.getOzoneFileStatus(OzoneManagerRequestHandler.java:933) ~[ozone-manager-1.4.0-SNAPSHOT.jar:?]
	at org.apache.hadoop.ozone.protocolPB.OzoneManagerRequestHandler.handleReadRequest(OzoneManagerRequestHandler.java:238) ~[ozone-manager-1.4.0-SNAPSHOT.jar:?]
	at org.apache.hadoop.ozone.protocolPB.OzoneManagerProtocolServerSideTranslatorPB.submitReadRequestToOM(OzoneManagerProtocolServerSideTranslatorPB.java:223) ~[ozone-manager-1.4.0-SNAPSHOT.jar:?]
	at org.apache.hadoop.ozone.protocolPB.OzoneManagerProtocolServerSideTranslatorPB.processRequest(OzoneManagerProtocolServerSideTranslatorPB.java:177) ~[ozone-manager-1.4.0-SNAPSHOT.jar:?]
	at org.apache.hadoop.hdds.server.OzoneProtocolMessageDispatcher.processRequest(OzoneProtocolMessageDispatcher.java:87) [hdds-server-framework-1.4.0-SNAPSHOT.jar:?]
	at org.apache.hadoop.ozone.protocolPB.OzoneManagerProtocolServerSideTranslatorPB.submitRequest(OzoneManagerProtocolServerSideTranslatorPB.java:147) [ozone-manager-1.4.0-SNAPSHOT.jar:?]
	at org.apache.hadoop.ozone.protocol.proto.OzoneManagerProtocolProtos$OzoneManagerService$2.callBlockingMethod(OzoneManagerProtocolProtos.java) [ozone-interface-client-1.4.0-SNAPSHOT.jar:?]
	at org.apache.hadoop.ipc.ProtobufRpcEngine$Server.processCall(ProtobufRpcEngine.java:465) [hadoop-common-3.3.4.jar:?]
	at org.apache.hadoop.ipc.ProtobufRpcEngine2$Server$ProtoBufRpcInvoker.call(ProtobufRpcEngine2.java:578) [hadoop-common-3.3.4.jar:?]
	at org.apache.hadoop.ipc.ProtobufRpcEngine2$Server$ProtoBufRpcInvoker.call(ProtobufRpcEngine2.java:556) [hadoop-common-3.3.4.jar:?]
	at org.apache.hadoop.ipc.RPC$Server.call(RPC.java:1093) [hadoop-common-3.3.4.jar:?]
	at org.apache.hadoop.ipc.Server$RpcCall.run(Server.java:1043) [hadoop-common-3.3.4.jar:?]
	at org.apache.hadoop.ipc.Server$RpcCall.run(Server.java:971) [hadoop-common-3.3.4.jar:?]
	at java.security.AccessController.doPrivileged(Native Method) ~[?:1.8.0_362]
	at javax.security.auth.Subject.doAs(Subject.java:422) [?:1.8.0_362]
	at org.apache.hadoop.security.UserGroupInformation.doAs(UserGroupInformation.java:1878) [hadoop-common-3.3.4.jar:?]
	at org.apache.hadoop.ipc.Server$Handler.run(Server.java:2976) [hadoop-common-3.3.4.jar:?]
2023-02-14 08:19:12,502 [OM StateMachine ApplyTransaction Thread - 0] INFO  key.OMKeyRequest (OMKeyRequest.java:wrapUncommittedBlocksAsPseudoKey(837)) - Detect allocated but uncommitted blocks [{blockID={containerID=1, localID=111677748019200007}, length=4194304, offset=0, token=null, pipeline=null, createVersion=0, partNumber=0}] in key root_dir/file1.
08:19:12.503 [IPC Server handler 7 on default port 32845] ERROR OMAudit - user=runner | ip=127.0.0.1 | op=GET_FILE_STATUS {volume=volume29101, bucket=bucket05375, key=root_dir/file1/c, dataSize=0, replicationConfig=null} | ret=FAILURE
org.apache.hadoop.ozone.om.exceptions.OMException: Unable to get file status: volume: volume29101 bucket: bucket05375 key: root_dir/file1/c
	at org.apache.hadoop.ozone.om.KeyManagerImpl.getOzoneFileStatus(KeyManagerImpl.java:1162) ~[ozone-manager-1.4.0-SNAPSHOT.jar:?]
	at org.apache.hadoop.ozone.om.KeyManagerImpl.getFileStatus(KeyManagerImpl.java:1080) ~[ozone-manager-1.4.0-SNAPSHOT.jar:?]
	at org.apache.hadoop.ozone.om.OmMetadataReader.getFileStatus(OmMetadataReader.java:288) ~[ozone-manager-1.4.0-SNAPSHOT.jar:?]
	at org.apache.hadoop.ozone.om.OzoneManager.getFileStatus(OzoneManager.java:3449) ~[ozone-manager-1.4.0-SNAPSHOT.jar:?]
	at org.apache.hadoop.ozone.protocolPB.OzoneManagerRequestHandler.getOzoneFileStatus(OzoneManagerRequestHandler.java:933) ~[ozone-manager-1.4.0-SNAPSHOT.jar:?]
	at org.apache.hadoop.ozone.protocolPB.OzoneManagerRequestHandler.handleReadRequest(OzoneManagerRequestHandler.java:238) ~[ozone-manager-1.4.0-SNAPSHOT.jar:?]
	at org.apache.hadoop.ozone.protocolPB.OzoneManagerProtocolServerSideTranslatorPB.submitReadRequestToOM(OzoneManagerProtocolServerSideTranslatorPB.java:223) ~[ozone-manager-1.4.0-SNAPSHOT.jar:?]
	at org.apache.hadoop.ozone.protocolPB.OzoneManagerProtocolServerSideTranslatorPB.processRequest(OzoneManagerProtocolServerSideTranslatorPB.java:177) ~[ozone-manager-1.4.0-SNAPSHOT.jar:?]
	at org.apache.hadoop.hdds.server.OzoneProtocolMessageDispatcher.processRequest(OzoneProtocolMessageDispatcher.java:87) [hdds-server-framework-1.4.0-SNAPSHOT.jar:?]
	at org.apache.hadoop.ozone.protocolPB.OzoneManagerProtocolServerSideTranslatorPB.submitRequest(OzoneManagerProtocolServerSideTranslatorPB.java:147) [ozone-manager-1.4.0-SNAPSHOT.jar:?]
	at org.apache.hadoop.ozone.protocol.proto.OzoneManagerProtocolProtos$OzoneManagerService$2.callBlockingMethod(OzoneManagerProtocolProtos.java) [ozone-interface-client-1.4.0-SNAPSHOT.jar:?]
	at org.apache.hadoop.ipc.ProtobufRpcEngine$Server.processCall(ProtobufRpcEngine.java:465) [hadoop-common-3.3.4.jar:?]
	at org.apache.hadoop.ipc.ProtobufRpcEngine2$Server$ProtoBufRpcInvoker.call(ProtobufRpcEngine2.java:578) [hadoop-common-3.3.4.jar:?]
	at org.apache.hadoop.ipc.ProtobufRpcEngine2$Server$ProtoBufRpcInvoker.call(ProtobufRpcEngine2.java:556) [hadoop-common-3.3.4.jar:?]
	at org.apache.hadoop.ipc.RPC$Server.call(RPC.java:1093) [hadoop-common-3.3.4.jar:?]
	at org.apache.hadoop.ipc.Server$RpcCall.run(Server.java:1043) [hadoop-common-3.3.4.jar:?]
	at org.apache.hadoop.ipc.Server$RpcCall.run(Server.java:971) [hadoop-common-3.3.4.jar:?]
	at java.security.AccessController.doPrivileged(Native Method) ~[?:1.8.0_362]
	at javax.security.auth.Subject.doAs(Subject.java:422) [?:1.8.0_362]
	at org.apache.hadoop.security.UserGroupInformation.doAs(UserGroupInformation.java:1878) [hadoop-common-3.3.4.jar:?]
	at org.apache.hadoop.ipc.Server$Handler.run(Server.java:2976) [hadoop-common-3.3.4.jar:?]
]]></system-out>
  </testcase>
  <testcase name="testRenameDestinationParentDoesntExist" classname="TestOzoneFileSystem" time="0.012">
    <system-out><![CDATA[08:19:59.290 [IPC Server handler 1 on default port 42497] ERROR OMAudit - user=runner | ip=127.0.0.1 | op=GET_FILE_STATUS {volume=volume12456, bucket=bucket20487, key=root_dir/b/c, dataSize=0, replicationConfig=null} | ret=FAILURE
org.apache.hadoop.ozone.om.exceptions.OMException: Unable to get file status: volume: volume12456 bucket: bucket20487 key: root_dir/b/c
	at org.apache.hadoop.ozone.om.KeyManagerImpl.getOzoneFileStatus(KeyManagerImpl.java:1162) ~[ozone-manager-1.4.0-SNAPSHOT.jar:?]
	at org.apache.hadoop.ozone.om.KeyManagerImpl.getFileStatus(KeyManagerImpl.java:1080) ~[ozone-manager-1.4.0-SNAPSHOT.jar:?]
	at org.apache.hadoop.ozone.om.OmMetadataReader.getFileStatus(OmMetadataReader.java:288) ~[ozone-manager-1.4.0-SNAPSHOT.jar:?]
	at org.apache.hadoop.ozone.om.OzoneManager.getFileStatus(OzoneManager.java:3449) ~[ozone-manager-1.4.0-SNAPSHOT.jar:?]
	at org.apache.hadoop.ozone.protocolPB.OzoneManagerRequestHandler.getOzoneFileStatus(OzoneManagerRequestHandler.java:933) ~[ozone-manager-1.4.0-SNAPSHOT.jar:?]
	at org.apache.hadoop.ozone.protocolPB.OzoneManagerRequestHandler.handleReadRequest(OzoneManagerRequestHandler.java:238) ~[ozone-manager-1.4.0-SNAPSHOT.jar:?]
	at org.apache.hadoop.ozone.protocolPB.OzoneManagerProtocolServerSideTranslatorPB.submitRequestDirectlyToOM(OzoneManagerProtocolServerSideTranslatorPB.java:271) ~[ozone-manager-1.4.0-SNAPSHOT.jar:?]
	at org.apache.hadoop.ozone.protocolPB.OzoneManagerProtocolServerSideTranslatorPB.processRequest(OzoneManagerProtocolServerSideTranslatorPB.java:173) ~[ozone-manager-1.4.0-SNAPSHOT.jar:?]
	at org.apache.hadoop.hdds.server.OzoneProtocolMessageDispatcher.processRequest(OzoneProtocolMessageDispatcher.java:87) [hdds-server-framework-1.4.0-SNAPSHOT.jar:?]
	at org.apache.hadoop.ozone.protocolPB.OzoneManagerProtocolServerSideTranslatorPB.submitRequest(OzoneManagerProtocolServerSideTranslatorPB.java:147) [ozone-manager-1.4.0-SNAPSHOT.jar:?]
	at org.apache.hadoop.ozone.protocol.proto.OzoneManagerProtocolProtos$OzoneManagerService$2.callBlockingMethod(OzoneManagerProtocolProtos.java) [ozone-interface-client-1.4.0-SNAPSHOT.jar:?]
	at org.apache.hadoop.ipc.ProtobufRpcEngine$Server.processCall(ProtobufRpcEngine.java:465) [hadoop-common-3.3.4.jar:?]
	at org.apache.hadoop.ipc.ProtobufRpcEngine2$Server$ProtoBufRpcInvoker.call(ProtobufRpcEngine2.java:578) [hadoop-common-3.3.4.jar:?]
	at org.apache.hadoop.ipc.ProtobufRpcEngine2$Server$ProtoBufRpcInvoker.call(ProtobufRpcEngine2.java:556) [hadoop-common-3.3.4.jar:?]
	at org.apache.hadoop.ipc.RPC$Server.call(RPC.java:1093) [hadoop-common-3.3.4.jar:?]
	at org.apache.hadoop.ipc.Server$RpcCall.run(Server.java:1043) [hadoop-common-3.3.4.jar:?]
	at org.apache.hadoop.ipc.Server$RpcCall.run(Server.java:971) [hadoop-common-3.3.4.jar:?]
	at java.security.AccessController.doPrivileged(Native Method) ~[?:1.8.0_362]
	at javax.security.auth.Subject.doAs(Subject.java:422) [?:1.8.0_362]
	at org.apache.hadoop.security.UserGroupInformation.doAs(UserGroupInformation.java:1878) [hadoop-common-3.3.4.jar:?]
	at org.apache.hadoop.ipc.Server$Handler.run(Server.java:2976) [hadoop-common-3.3.4.jar:?]
08:19:59.291 [IPC Server handler 7 on default port 42497] ERROR OMAudit - user=runner | ip=127.0.0.1 | op=GET_FILE_STATUS {volume=volume12456, bucket=bucket20487, key=root_dir/b, dataSize=0, replicationConfig=null} | ret=FAILURE
org.apache.hadoop.ozone.om.exceptions.OMException: Unable to get file status: volume: volume12456 bucket: bucket20487 key: root_dir/b
	at org.apache.hadoop.ozone.om.KeyManagerImpl.getOzoneFileStatus(KeyManagerImpl.java:1162) ~[ozone-manager-1.4.0-SNAPSHOT.jar:?]
	at org.apache.hadoop.ozone.om.KeyManagerImpl.getFileStatus(KeyManagerImpl.java:1080) ~[ozone-manager-1.4.0-SNAPSHOT.jar:?]
	at org.apache.hadoop.ozone.om.OmMetadataReader.getFileStatus(OmMetadataReader.java:288) ~[ozone-manager-1.4.0-SNAPSHOT.jar:?]
	at org.apache.hadoop.ozone.om.OzoneManager.getFileStatus(OzoneManager.java:3449) ~[ozone-manager-1.4.0-SNAPSHOT.jar:?]
	at org.apache.hadoop.ozone.protocolPB.OzoneManagerRequestHandler.getOzoneFileStatus(OzoneManagerRequestHandler.java:933) ~[ozone-manager-1.4.0-SNAPSHOT.jar:?]
	at org.apache.hadoop.ozone.protocolPB.OzoneManagerRequestHandler.handleReadRequest(OzoneManagerRequestHandler.java:238) ~[ozone-manager-1.4.0-SNAPSHOT.jar:?]
	at org.apache.hadoop.ozone.protocolPB.OzoneManagerProtocolServerSideTranslatorPB.submitRequestDirectlyToOM(OzoneManagerProtocolServerSideTranslatorPB.java:271) ~[ozone-manager-1.4.0-SNAPSHOT.jar:?]
	at org.apache.hadoop.ozone.protocolPB.OzoneManagerProtocolServerSideTranslatorPB.processRequest(OzoneManagerProtocolServerSideTranslatorPB.java:173) ~[ozone-manager-1.4.0-SNAPSHOT.jar:?]
	at org.apache.hadoop.hdds.server.OzoneProtocolMessageDispatcher.processRequest(OzoneProtocolMessageDispatcher.java:87) [hdds-server-framework-1.4.0-SNAPSHOT.jar:?]
	at org.apache.hadoop.ozone.protocolPB.OzoneManagerProtocolServerSideTranslatorPB.submitRequest(OzoneManagerProtocolServerSideTranslatorPB.java:147) [ozone-manager-1.4.0-SNAPSHOT.jar:?]
	at org.apache.hadoop.ozone.protocol.proto.OzoneManagerProtocolProtos$OzoneManagerService$2.callBlockingMethod(OzoneManagerProtocolProtos.java) [ozone-interface-client-1.4.0-SNAPSHOT.jar:?]
	at org.apache.hadoop.ipc.ProtobufRpcEngine$Server.processCall(ProtobufRpcEngine.java:465) [hadoop-common-3.3.4.jar:?]
	at org.apache.hadoop.ipc.ProtobufRpcEngine2$Server$ProtoBufRpcInvoker.call(ProtobufRpcEngine2.java:578) [hadoop-common-3.3.4.jar:?]
	at org.apache.hadoop.ipc.ProtobufRpcEngine2$Server$ProtoBufRpcInvoker.call(ProtobufRpcEngine2.java:556) [hadoop-common-3.3.4.jar:?]
	at org.apache.hadoop.ipc.RPC$Server.call(RPC.java:1093) [hadoop-common-3.3.4.jar:?]
	at org.apache.hadoop.ipc.Server$RpcCall.run(Server.java:1043) [hadoop-common-3.3.4.jar:?]
	at org.apache.hadoop.ipc.Server$RpcCall.run(Server.java:971) [hadoop-common-3.3.4.jar:?]
	at java.security.AccessController.doPrivileged(Native Method) ~[?:1.8.0_362]
	at javax.security.auth.Subject.doAs(Subject.java:422) [?:1.8.0_362]
	at org.apache.hadoop.security.UserGroupInformation.doAs(UserGroupInformation.java:1878) [hadoop-common-3.3.4.jar:?]
	at org.apache.hadoop.ipc.Server$Handler.run(Server.java:2976) [hadoop-common-3.3.4.jar:?]
2023-02-14 08:19:59,293 [IPC Server handler 4 on default port 42497] INFO  key.OMKeyRequest (OMKeyRequest.java:wrapUncommittedBlocksAsPseudoKey(837)) - Detect allocated but uncommitted blocks [{blockID={containerID=1, localID=111677748019200007}, length=4194304, offset=0, token=null, pipeline=null, createVersion=0, partNumber=0}] in key root_dir/file1.
08:19:59.294 [IPC Server handler 11 on default port 42497] ERROR OMAudit - user=runner | ip=127.0.0.1 | op=GET_FILE_STATUS {volume=volume12456, bucket=bucket20487, key=root_dir/file1/c, dataSize=0, replicationConfig=null} | ret=FAILURE
org.apache.hadoop.ozone.om.exceptions.OMException: Unable to get file status: volume: volume12456 bucket: bucket20487 key: root_dir/file1/c
	at org.apache.hadoop.ozone.om.KeyManagerImpl.getOzoneFileStatus(KeyManagerImpl.java:1162) ~[ozone-manager-1.4.0-SNAPSHOT.jar:?]
	at org.apache.hadoop.ozone.om.KeyManagerImpl.getFileStatus(KeyManagerImpl.java:1080) ~[ozone-manager-1.4.0-SNAPSHOT.jar:?]
	at org.apache.hadoop.ozone.om.OmMetadataReader.getFileStatus(OmMetadataReader.java:288) ~[ozone-manager-1.4.0-SNAPSHOT.jar:?]
	at org.apache.hadoop.ozone.om.OzoneManager.getFileStatus(OzoneManager.java:3449) ~[ozone-manager-1.4.0-SNAPSHOT.jar:?]
	at org.apache.hadoop.ozone.protocolPB.OzoneManagerRequestHandler.getOzoneFileStatus(OzoneManagerRequestHandler.java:933) ~[ozone-manager-1.4.0-SNAPSHOT.jar:?]
	at org.apache.hadoop.ozone.protocolPB.OzoneManagerRequestHandler.handleReadRequest(OzoneManagerRequestHandler.java:238) ~[ozone-manager-1.4.0-SNAPSHOT.jar:?]
	at org.apache.hadoop.ozone.protocolPB.OzoneManagerProtocolServerSideTranslatorPB.submitRequestDirectlyToOM(OzoneManagerProtocolServerSideTranslatorPB.java:271) ~[ozone-manager-1.4.0-SNAPSHOT.jar:?]
	at org.apache.hadoop.ozone.protocolPB.OzoneManagerProtocolServerSideTranslatorPB.processRequest(OzoneManagerProtocolServerSideTranslatorPB.java:173) ~[ozone-manager-1.4.0-SNAPSHOT.jar:?]
	at org.apache.hadoop.hdds.server.OzoneProtocolMessageDispatcher.processRequest(OzoneProtocolMessageDispatcher.java:87) [hdds-server-framework-1.4.0-SNAPSHOT.jar:?]
	at org.apache.hadoop.ozone.protocolPB.OzoneManagerProtocolServerSideTranslatorPB.submitRequest(OzoneManagerProtocolServerSideTranslatorPB.java:147) [ozone-manager-1.4.0-SNAPSHOT.jar:?]
	at org.apache.hadoop.ozone.protocol.proto.OzoneManagerProtocolProtos$OzoneManagerService$2.callBlockingMethod(OzoneManagerProtocolProtos.java) [ozone-interface-client-1.4.0-SNAPSHOT.jar:?]
	at org.apache.hadoop.ipc.ProtobufRpcEngine$Server.processCall(ProtobufRpcEngine.java:465) [hadoop-common-3.3.4.jar:?]
	at org.apache.hadoop.ipc.ProtobufRpcEngine2$Server$ProtoBufRpcInvoker.call(ProtobufRpcEngine2.java:578) [hadoop-common-3.3.4.jar:?]
	at org.apache.hadoop.ipc.ProtobufRpcEngine2$Server$ProtoBufRpcInvoker.call(ProtobufRpcEngine2.java:556) [hadoop-common-3.3.4.jar:?]
	at org.apache.hadoop.ipc.RPC$Server.call(RPC.java:1093) [hadoop-common-3.3.4.jar:?]
	at org.apache.hadoop.ipc.Server$RpcCall.run(Server.java:1043) [hadoop-common-3.3.4.jar:?]
	at org.apache.hadoop.ipc.Server$RpcCall.run(Server.java:971) [hadoop-common-3.3.4.jar:?]
	at java.security.AccessController.doPrivileged(Native Method) ~[?:1.8.0_362]
	at javax.security.auth.Subject.doAs(Subject.java:422) [?:1.8.0_362]
	at org.apache.hadoop.security.UserGroupInformation.doAs(UserGroupInformation.java:1878) [hadoop-common-3.3.4.jar:?]
	at org.apache.hadoop.ipc.Server$Handler.run(Server.java:2976) [hadoop-common-3.3.4.jar:?]
]]></system-out>
  </testcase>
  <testcase name="testCreateWithInvalidPaths" classname="TestOzoneFileSystem" time="0.009"/>
  <testcase name="testCreateWithInvalidPaths" classname="TestOzoneFileSystem" time="0.001"/>
  <testcase name="testCreateWithInvalidPaths" classname="TestOzoneFileSystem" time="0.003"/>
  <testcase name="testCreateWithInvalidPaths" classname="TestOzoneFileSystem" time="0.001"/>
  <testcase name="testListStatusOnRoot" classname="TestOzoneFileSystem" time="0.032"/>
  <testcase name="testListStatusOnRoot" classname="TestOzoneFileSystem" time="0.011"/>
  <testcase name="testListStatusOnRoot" classname="TestOzoneFileSystem" time="0.007"/>
  <testcase name="testListStatusOnRoot" classname="TestOzoneFileSystem" time="0.009"/>
  <testcase name="testRenameWithNonExistentSource" classname="TestOzoneFileSystem" time="0.016">
    <system-out><![CDATA[2023-02-14 08:17:30,609 [Time-limited test] INFO  ozone.TestOzoneFileSystem (TestOzoneFileSystem.java:testRenameWithNonExistentSource(1147)) - Created destin dir: o3fs://bucket15311.volume67802/root/dir2
2023-02-14 08:17:30,609 [Time-limited test] INFO  ozone.TestOzoneFileSystem (TestOzoneFileSystem.java:testRenameWithNonExistentSource(1149)) - Rename op-> source:o3fs://bucket15311.volume67802/root/dir1 to destin:o3fs://bucket15311.volume67802/root/dir2}
08:17:30.610 [IPC Server handler 8 on default port 34711] ERROR OMAudit - user=runner | ip=127.0.0.1 | op=GET_FILE_STATUS {volume=volume67802, bucket=bucket15311, key=root/dir1, dataSize=0, replicationConfig=null} | ret=FAILURE
org.apache.hadoop.ozone.om.exceptions.OMException: Unable to get file status: volume: volume67802 bucket: bucket15311 key: root/dir1
	at org.apache.hadoop.ozone.om.KeyManagerImpl.getOzoneFileStatus(KeyManagerImpl.java:1162) ~[ozone-manager-1.4.0-SNAPSHOT.jar:?]
	at org.apache.hadoop.ozone.om.KeyManagerImpl.getFileStatus(KeyManagerImpl.java:1080) ~[ozone-manager-1.4.0-SNAPSHOT.jar:?]
	at org.apache.hadoop.ozone.om.OmMetadataReader.getFileStatus(OmMetadataReader.java:288) ~[ozone-manager-1.4.0-SNAPSHOT.jar:?]
	at org.apache.hadoop.ozone.om.OzoneManager.getFileStatus(OzoneManager.java:3449) ~[ozone-manager-1.4.0-SNAPSHOT.jar:?]
	at org.apache.hadoop.ozone.protocolPB.OzoneManagerRequestHandler.getOzoneFileStatus(OzoneManagerRequestHandler.java:933) ~[ozone-manager-1.4.0-SNAPSHOT.jar:?]
	at org.apache.hadoop.ozone.protocolPB.OzoneManagerRequestHandler.handleReadRequest(OzoneManagerRequestHandler.java:238) ~[ozone-manager-1.4.0-SNAPSHOT.jar:?]
	at org.apache.hadoop.ozone.protocolPB.OzoneManagerProtocolServerSideTranslatorPB.submitReadRequestToOM(OzoneManagerProtocolServerSideTranslatorPB.java:223) ~[ozone-manager-1.4.0-SNAPSHOT.jar:?]
	at org.apache.hadoop.ozone.protocolPB.OzoneManagerProtocolServerSideTranslatorPB.processRequest(OzoneManagerProtocolServerSideTranslatorPB.java:177) ~[ozone-manager-1.4.0-SNAPSHOT.jar:?]
	at org.apache.hadoop.hdds.server.OzoneProtocolMessageDispatcher.processRequest(OzoneProtocolMessageDispatcher.java:87) [hdds-server-framework-1.4.0-SNAPSHOT.jar:?]
	at org.apache.hadoop.ozone.protocolPB.OzoneManagerProtocolServerSideTranslatorPB.submitRequest(OzoneManagerProtocolServerSideTranslatorPB.java:147) [ozone-manager-1.4.0-SNAPSHOT.jar:?]
	at org.apache.hadoop.ozone.protocol.proto.OzoneManagerProtocolProtos$OzoneManagerService$2.callBlockingMethod(OzoneManagerProtocolProtos.java) [ozone-interface-client-1.4.0-SNAPSHOT.jar:?]
	at org.apache.hadoop.ipc.ProtobufRpcEngine$Server.processCall(ProtobufRpcEngine.java:465) [hadoop-common-3.3.4.jar:?]
	at org.apache.hadoop.ipc.ProtobufRpcEngine2$Server$ProtoBufRpcInvoker.call(ProtobufRpcEngine2.java:578) [hadoop-common-3.3.4.jar:?]
	at org.apache.hadoop.ipc.ProtobufRpcEngine2$Server$ProtoBufRpcInvoker.call(ProtobufRpcEngine2.java:556) [hadoop-common-3.3.4.jar:?]
	at org.apache.hadoop.ipc.RPC$Server.call(RPC.java:1093) [hadoop-common-3.3.4.jar:?]
	at org.apache.hadoop.ipc.Server$RpcCall.run(Server.java:1043) [hadoop-common-3.3.4.jar:?]
	at org.apache.hadoop.ipc.Server$RpcCall.run(Server.java:971) [hadoop-common-3.3.4.jar:?]
	at java.security.AccessController.doPrivileged(Native Method) ~[?:1.8.0_362]
	at javax.security.auth.Subject.doAs(Subject.java:422) [?:1.8.0_362]
	at org.apache.hadoop.security.UserGroupInformation.doAs(UserGroupInformation.java:1878) [hadoop-common-3.3.4.jar:?]
	at org.apache.hadoop.ipc.Server$Handler.run(Server.java:2976) [hadoop-common-3.3.4.jar:?]
]]></system-out>
  </testcase>
  <testcase name="testRenameWithNonExistentSource" classname="TestOzoneFileSystem" time="0.004">
    <system-out><![CDATA[2023-02-14 08:18:29,495 [Time-limited test] INFO  ozone.TestOzoneFileSystem (TestOzoneFileSystem.java:testRenameWithNonExistentSource(1147)) - Created destin dir: o3fs://bucket02286.volume94786/root/dir2
2023-02-14 08:18:29,495 [Time-limited test] INFO  ozone.TestOzoneFileSystem (TestOzoneFileSystem.java:testRenameWithNonExistentSource(1149)) - Rename op-> source:o3fs://bucket02286.volume94786/root/dir1 to destin:o3fs://bucket02286.volume94786/root/dir2}
08:18:29.495 [IPC Server handler 11 on default port 34455] ERROR OMAudit - user=runner | ip=127.0.0.1 | op=GET_FILE_STATUS {volume=volume94786, bucket=bucket02286, key=root/dir1, dataSize=0, replicationConfig=null} | ret=FAILURE
org.apache.hadoop.ozone.om.exceptions.OMException: Unable to get file status: volume: volume94786 bucket: bucket02286 key: root/dir1
	at org.apache.hadoop.ozone.om.KeyManagerImpl.getOzoneFileStatus(KeyManagerImpl.java:1162) ~[ozone-manager-1.4.0-SNAPSHOT.jar:?]
	at org.apache.hadoop.ozone.om.KeyManagerImpl.getFileStatus(KeyManagerImpl.java:1080) ~[ozone-manager-1.4.0-SNAPSHOT.jar:?]
	at org.apache.hadoop.ozone.om.OmMetadataReader.getFileStatus(OmMetadataReader.java:288) ~[ozone-manager-1.4.0-SNAPSHOT.jar:?]
	at org.apache.hadoop.ozone.om.OzoneManager.getFileStatus(OzoneManager.java:3449) ~[ozone-manager-1.4.0-SNAPSHOT.jar:?]
	at org.apache.hadoop.ozone.protocolPB.OzoneManagerRequestHandler.getOzoneFileStatus(OzoneManagerRequestHandler.java:933) ~[ozone-manager-1.4.0-SNAPSHOT.jar:?]
	at org.apache.hadoop.ozone.protocolPB.OzoneManagerRequestHandler.handleReadRequest(OzoneManagerRequestHandler.java:238) ~[ozone-manager-1.4.0-SNAPSHOT.jar:?]
	at org.apache.hadoop.ozone.protocolPB.OzoneManagerProtocolServerSideTranslatorPB.submitRequestDirectlyToOM(OzoneManagerProtocolServerSideTranslatorPB.java:271) ~[ozone-manager-1.4.0-SNAPSHOT.jar:?]
	at org.apache.hadoop.ozone.protocolPB.OzoneManagerProtocolServerSideTranslatorPB.processRequest(OzoneManagerProtocolServerSideTranslatorPB.java:173) ~[ozone-manager-1.4.0-SNAPSHOT.jar:?]
	at org.apache.hadoop.hdds.server.OzoneProtocolMessageDispatcher.processRequest(OzoneProtocolMessageDispatcher.java:87) [hdds-server-framework-1.4.0-SNAPSHOT.jar:?]
	at org.apache.hadoop.ozone.protocolPB.OzoneManagerProtocolServerSideTranslatorPB.submitRequest(OzoneManagerProtocolServerSideTranslatorPB.java:147) [ozone-manager-1.4.0-SNAPSHOT.jar:?]
	at org.apache.hadoop.ozone.protocol.proto.OzoneManagerProtocolProtos$OzoneManagerService$2.callBlockingMethod(OzoneManagerProtocolProtos.java) [ozone-interface-client-1.4.0-SNAPSHOT.jar:?]
	at org.apache.hadoop.ipc.ProtobufRpcEngine$Server.processCall(ProtobufRpcEngine.java:465) [hadoop-common-3.3.4.jar:?]
	at org.apache.hadoop.ipc.ProtobufRpcEngine2$Server$ProtoBufRpcInvoker.call(ProtobufRpcEngine2.java:578) [hadoop-common-3.3.4.jar:?]
	at org.apache.hadoop.ipc.ProtobufRpcEngine2$Server$ProtoBufRpcInvoker.call(ProtobufRpcEngine2.java:556) [hadoop-common-3.3.4.jar:?]
	at org.apache.hadoop.ipc.RPC$Server.call(RPC.java:1093) [hadoop-common-3.3.4.jar:?]
	at org.apache.hadoop.ipc.Server$RpcCall.run(Server.java:1043) [hadoop-common-3.3.4.jar:?]
	at org.apache.hadoop.ipc.Server$RpcCall.run(Server.java:971) [hadoop-common-3.3.4.jar:?]
	at java.security.AccessController.doPrivileged(Native Method) ~[?:1.8.0_362]
	at javax.security.auth.Subject.doAs(Subject.java:422) [?:1.8.0_362]
	at org.apache.hadoop.security.UserGroupInformation.doAs(UserGroupInformation.java:1878) [hadoop-common-3.3.4.jar:?]
	at org.apache.hadoop.ipc.Server$Handler.run(Server.java:2976) [hadoop-common-3.3.4.jar:?]
]]></system-out>
  </testcase>
  <testcase name="testRenameWithNonExistentSource" classname="TestOzoneFileSystem" time="0.005">
    <system-out><![CDATA[2023-02-14 08:19:12,517 [Time-limited test] INFO  ozone.TestOzoneFileSystem (TestOzoneFileSystem.java:testRenameWithNonExistentSource(1147)) - Created destin dir: o3fs://bucket05375.volume29101/root/dir2
2023-02-14 08:19:12,517 [Time-limited test] INFO  ozone.TestOzoneFileSystem (TestOzoneFileSystem.java:testRenameWithNonExistentSource(1149)) - Rename op-> source:o3fs://bucket05375.volume29101/root/dir1 to destin:o3fs://bucket05375.volume29101/root/dir2}
08:19:12.517 [IPC Server handler 11 on default port 32845] ERROR OMAudit - user=runner | ip=127.0.0.1 | op=GET_FILE_STATUS {volume=volume29101, bucket=bucket05375, key=root/dir1, dataSize=0, replicationConfig=null} | ret=FAILURE
org.apache.hadoop.ozone.om.exceptions.OMException: Unable to get file status: volume: volume29101 bucket: bucket05375 key: root/dir1
	at org.apache.hadoop.ozone.om.KeyManagerImpl.getOzoneFileStatus(KeyManagerImpl.java:1162) ~[ozone-manager-1.4.0-SNAPSHOT.jar:?]
	at org.apache.hadoop.ozone.om.KeyManagerImpl.getFileStatus(KeyManagerImpl.java:1080) ~[ozone-manager-1.4.0-SNAPSHOT.jar:?]
	at org.apache.hadoop.ozone.om.OmMetadataReader.getFileStatus(OmMetadataReader.java:288) ~[ozone-manager-1.4.0-SNAPSHOT.jar:?]
	at org.apache.hadoop.ozone.om.OzoneManager.getFileStatus(OzoneManager.java:3449) ~[ozone-manager-1.4.0-SNAPSHOT.jar:?]
	at org.apache.hadoop.ozone.protocolPB.OzoneManagerRequestHandler.getOzoneFileStatus(OzoneManagerRequestHandler.java:933) ~[ozone-manager-1.4.0-SNAPSHOT.jar:?]
	at org.apache.hadoop.ozone.protocolPB.OzoneManagerRequestHandler.handleReadRequest(OzoneManagerRequestHandler.java:238) ~[ozone-manager-1.4.0-SNAPSHOT.jar:?]
	at org.apache.hadoop.ozone.protocolPB.OzoneManagerProtocolServerSideTranslatorPB.submitReadRequestToOM(OzoneManagerProtocolServerSideTranslatorPB.java:223) ~[ozone-manager-1.4.0-SNAPSHOT.jar:?]
	at org.apache.hadoop.ozone.protocolPB.OzoneManagerProtocolServerSideTranslatorPB.processRequest(OzoneManagerProtocolServerSideTranslatorPB.java:177) ~[ozone-manager-1.4.0-SNAPSHOT.jar:?]
	at org.apache.hadoop.hdds.server.OzoneProtocolMessageDispatcher.processRequest(OzoneProtocolMessageDispatcher.java:87) [hdds-server-framework-1.4.0-SNAPSHOT.jar:?]
	at org.apache.hadoop.ozone.protocolPB.OzoneManagerProtocolServerSideTranslatorPB.submitRequest(OzoneManagerProtocolServerSideTranslatorPB.java:147) [ozone-manager-1.4.0-SNAPSHOT.jar:?]
	at org.apache.hadoop.ozone.protocol.proto.OzoneManagerProtocolProtos$OzoneManagerService$2.callBlockingMethod(OzoneManagerProtocolProtos.java) [ozone-interface-client-1.4.0-SNAPSHOT.jar:?]
	at org.apache.hadoop.ipc.ProtobufRpcEngine$Server.processCall(ProtobufRpcEngine.java:465) [hadoop-common-3.3.4.jar:?]
	at org.apache.hadoop.ipc.ProtobufRpcEngine2$Server$ProtoBufRpcInvoker.call(ProtobufRpcEngine2.java:578) [hadoop-common-3.3.4.jar:?]
	at org.apache.hadoop.ipc.ProtobufRpcEngine2$Server$ProtoBufRpcInvoker.call(ProtobufRpcEngine2.java:556) [hadoop-common-3.3.4.jar:?]
	at org.apache.hadoop.ipc.RPC$Server.call(RPC.java:1093) [hadoop-common-3.3.4.jar:?]
	at org.apache.hadoop.ipc.Server$RpcCall.run(Server.java:1043) [hadoop-common-3.3.4.jar:?]
	at org.apache.hadoop.ipc.Server$RpcCall.run(Server.java:971) [hadoop-common-3.3.4.jar:?]
	at java.security.AccessController.doPrivileged(Native Method) ~[?:1.8.0_362]
	at javax.security.auth.Subject.doAs(Subject.java:422) [?:1.8.0_362]
	at org.apache.hadoop.security.UserGroupInformation.doAs(UserGroupInformation.java:1878) [hadoop-common-3.3.4.jar:?]
	at org.apache.hadoop.ipc.Server$Handler.run(Server.java:2976) [hadoop-common-3.3.4.jar:?]
]]></system-out>
  </testcase>
  <testcase name="testRenameWithNonExistentSource" classname="TestOzoneFileSystem" time="0.003">
    <system-out><![CDATA[2023-02-14 08:19:59,311 [Time-limited test] INFO  ozone.TestOzoneFileSystem (TestOzoneFileSystem.java:testRenameWithNonExistentSource(1147)) - Created destin dir: o3fs://bucket20487.volume12456/root/dir2
2023-02-14 08:19:59,311 [Time-limited test] INFO  ozone.TestOzoneFileSystem (TestOzoneFileSystem.java:testRenameWithNonExistentSource(1149)) - Rename op-> source:o3fs://bucket20487.volume12456/root/dir1 to destin:o3fs://bucket20487.volume12456/root/dir2}
08:19:59.312 [IPC Server handler 17 on default port 42497] ERROR OMAudit - user=runner | ip=127.0.0.1 | op=GET_FILE_STATUS {volume=volume12456, bucket=bucket20487, key=root/dir1, dataSize=0, replicationConfig=null} | ret=FAILURE
org.apache.hadoop.ozone.om.exceptions.OMException: Unable to get file status: volume: volume12456 bucket: bucket20487 key: root/dir1
	at org.apache.hadoop.ozone.om.KeyManagerImpl.getOzoneFileStatus(KeyManagerImpl.java:1162) ~[ozone-manager-1.4.0-SNAPSHOT.jar:?]
	at org.apache.hadoop.ozone.om.KeyManagerImpl.getFileStatus(KeyManagerImpl.java:1080) ~[ozone-manager-1.4.0-SNAPSHOT.jar:?]
	at org.apache.hadoop.ozone.om.OmMetadataReader.getFileStatus(OmMetadataReader.java:288) ~[ozone-manager-1.4.0-SNAPSHOT.jar:?]
	at org.apache.hadoop.ozone.om.OzoneManager.getFileStatus(OzoneManager.java:3449) ~[ozone-manager-1.4.0-SNAPSHOT.jar:?]
	at org.apache.hadoop.ozone.protocolPB.OzoneManagerRequestHandler.getOzoneFileStatus(OzoneManagerRequestHandler.java:933) ~[ozone-manager-1.4.0-SNAPSHOT.jar:?]
	at org.apache.hadoop.ozone.protocolPB.OzoneManagerRequestHandler.handleReadRequest(OzoneManagerRequestHandler.java:238) ~[ozone-manager-1.4.0-SNAPSHOT.jar:?]
	at org.apache.hadoop.ozone.protocolPB.OzoneManagerProtocolServerSideTranslatorPB.submitRequestDirectlyToOM(OzoneManagerProtocolServerSideTranslatorPB.java:271) ~[ozone-manager-1.4.0-SNAPSHOT.jar:?]
	at org.apache.hadoop.ozone.protocolPB.OzoneManagerProtocolServerSideTranslatorPB.processRequest(OzoneManagerProtocolServerSideTranslatorPB.java:173) ~[ozone-manager-1.4.0-SNAPSHOT.jar:?]
	at org.apache.hadoop.hdds.server.OzoneProtocolMessageDispatcher.processRequest(OzoneProtocolMessageDispatcher.java:87) [hdds-server-framework-1.4.0-SNAPSHOT.jar:?]
	at org.apache.hadoop.ozone.protocolPB.OzoneManagerProtocolServerSideTranslatorPB.submitRequest(OzoneManagerProtocolServerSideTranslatorPB.java:147) [ozone-manager-1.4.0-SNAPSHOT.jar:?]
	at org.apache.hadoop.ozone.protocol.proto.OzoneManagerProtocolProtos$OzoneManagerService$2.callBlockingMethod(OzoneManagerProtocolProtos.java) [ozone-interface-client-1.4.0-SNAPSHOT.jar:?]
	at org.apache.hadoop.ipc.ProtobufRpcEngine$Server.processCall(ProtobufRpcEngine.java:465) [hadoop-common-3.3.4.jar:?]
	at org.apache.hadoop.ipc.ProtobufRpcEngine2$Server$ProtoBufRpcInvoker.call(ProtobufRpcEngine2.java:578) [hadoop-common-3.3.4.jar:?]
	at org.apache.hadoop.ipc.ProtobufRpcEngine2$Server$ProtoBufRpcInvoker.call(ProtobufRpcEngine2.java:556) [hadoop-common-3.3.4.jar:?]
	at org.apache.hadoop.ipc.RPC$Server.call(RPC.java:1093) [hadoop-common-3.3.4.jar:?]
	at org.apache.hadoop.ipc.Server$RpcCall.run(Server.java:1043) [hadoop-common-3.3.4.jar:?]
	at org.apache.hadoop.ipc.Server$RpcCall.run(Server.java:971) [hadoop-common-3.3.4.jar:?]
	at java.security.AccessController.doPrivileged(Native Method) ~[?:1.8.0_362]
	at javax.security.auth.Subject.doAs(Subject.java:422) [?:1.8.0_362]
	at org.apache.hadoop.security.UserGroupInformation.doAs(UserGroupInformation.java:1878) [hadoop-common-3.3.4.jar:?]
	at org.apache.hadoop.ipc.Server$Handler.run(Server.java:2976) [hadoop-common-3.3.4.jar:?]
]]></system-out>
  </testcase>
  <testcase name="testRenameToParentDir" classname="TestOzoneFileSystem" time="0.051">
    <system-out><![CDATA[2023-02-14 08:17:30,633 [OM StateMachine ApplyTransaction Thread - 0] INFO  key.OMKeyRequest (OMKeyRequest.java:wrapUncommittedBlocksAsPseudoKey(837)) - Detect allocated but uncommitted blocks [{blockID={containerID=2, localID=111677748019200008}, length=4194304, offset=0, token=null, pipeline=null, createVersion=0, partNumber=0}] in key root_dir/dir1/file2.
08:17:30.637 [IPC Server handler 17 on default port 34711] ERROR OMAudit - user=runner | ip=127.0.0.1 | op=LIST_STATUS {volume=volume67802, bucket=bucket15311, key=root_dir/dir2, dataSize=0, replicationConfig=null} | ret=FAILURE
org.apache.hadoop.ozone.om.exceptions.OMException: Unable to get file status: volume: volume67802 bucket: bucket15311 key: root_dir/dir2
	at org.apache.hadoop.ozone.om.KeyManagerImpl.getOzoneFileStatus(KeyManagerImpl.java:1162) ~[ozone-manager-1.4.0-SNAPSHOT.jar:?]
	at org.apache.hadoop.ozone.om.KeyManagerImpl.getFileStatus(KeyManagerImpl.java:1080) ~[ozone-manager-1.4.0-SNAPSHOT.jar:?]
	at org.apache.hadoop.ozone.om.KeyManagerImpl.listStatus(KeyManagerImpl.java:1443) ~[ozone-manager-1.4.0-SNAPSHOT.jar:?]
	at org.apache.hadoop.ozone.om.OmMetadataReader.listStatus(OmMetadataReader.java:261) ~[ozone-manager-1.4.0-SNAPSHOT.jar:?]
	at org.apache.hadoop.ozone.om.OzoneManager.listStatus(OzoneManager.java:3468) ~[ozone-manager-1.4.0-SNAPSHOT.jar:?]
	at org.apache.hadoop.ozone.protocolPB.OzoneManagerRequestHandler.listStatus(OzoneManagerRequestHandler.java:1097) ~[ozone-manager-1.4.0-SNAPSHOT.jar:?]
	at org.apache.hadoop.ozone.protocolPB.OzoneManagerRequestHandler.handleReadRequest(OzoneManagerRequestHandler.java:249) ~[ozone-manager-1.4.0-SNAPSHOT.jar:?]
	at org.apache.hadoop.ozone.protocolPB.OzoneManagerProtocolServerSideTranslatorPB.submitReadRequestToOM(OzoneManagerProtocolServerSideTranslatorPB.java:223) ~[ozone-manager-1.4.0-SNAPSHOT.jar:?]
	at org.apache.hadoop.ozone.protocolPB.OzoneManagerProtocolServerSideTranslatorPB.processRequest(OzoneManagerProtocolServerSideTranslatorPB.java:177) ~[ozone-manager-1.4.0-SNAPSHOT.jar:?]
	at org.apache.hadoop.hdds.server.OzoneProtocolMessageDispatcher.processRequest(OzoneProtocolMessageDispatcher.java:87) [hdds-server-framework-1.4.0-SNAPSHOT.jar:?]
	at org.apache.hadoop.ozone.protocolPB.OzoneManagerProtocolServerSideTranslatorPB.submitRequest(OzoneManagerProtocolServerSideTranslatorPB.java:147) [ozone-manager-1.4.0-SNAPSHOT.jar:?]
	at org.apache.hadoop.ozone.protocol.proto.OzoneManagerProtocolProtos$OzoneManagerService$2.callBlockingMethod(OzoneManagerProtocolProtos.java) [ozone-interface-client-1.4.0-SNAPSHOT.jar:?]
	at org.apache.hadoop.ipc.ProtobufRpcEngine$Server.processCall(ProtobufRpcEngine.java:465) [hadoop-common-3.3.4.jar:?]
	at org.apache.hadoop.ipc.ProtobufRpcEngine2$Server$ProtoBufRpcInvoker.call(ProtobufRpcEngine2.java:578) [hadoop-common-3.3.4.jar:?]
	at org.apache.hadoop.ipc.ProtobufRpcEngine2$Server$ProtoBufRpcInvoker.call(ProtobufRpcEngine2.java:556) [hadoop-common-3.3.4.jar:?]
	at org.apache.hadoop.ipc.RPC$Server.call(RPC.java:1093) [hadoop-common-3.3.4.jar:?]
	at org.apache.hadoop.ipc.Server$RpcCall.run(Server.java:1043) [hadoop-common-3.3.4.jar:?]
	at org.apache.hadoop.ipc.Server$RpcCall.run(Server.java:971) [hadoop-common-3.3.4.jar:?]
	at java.security.AccessController.doPrivileged(Native Method) ~[?:1.8.0_362]
	at javax.security.auth.Subject.doAs(Subject.java:422) [?:1.8.0_362]
	at org.apache.hadoop.security.UserGroupInformation.doAs(UserGroupInformation.java:1878) [hadoop-common-3.3.4.jar:?]
	at org.apache.hadoop.ipc.Server$Handler.run(Server.java:2976) [hadoop-common-3.3.4.jar:?]
08:17:30.650 [IPC Server handler 9 on default port 34711] ERROR OMAudit - user=runner | ip=127.0.0.1 | op=LIST_STATUS {volume=volume67802, bucket=bucket15311, key=root_dir/file2, dataSize=0, replicationConfig=null} | ret=FAILURE
org.apache.hadoop.ozone.om.exceptions.OMException: Unable to get file status: volume: volume67802 bucket: bucket15311 key: root_dir/file2
	at org.apache.hadoop.ozone.om.KeyManagerImpl.getOzoneFileStatus(KeyManagerImpl.java:1162) ~[ozone-manager-1.4.0-SNAPSHOT.jar:?]
	at org.apache.hadoop.ozone.om.KeyManagerImpl.getFileStatus(KeyManagerImpl.java:1080) ~[ozone-manager-1.4.0-SNAPSHOT.jar:?]
	at org.apache.hadoop.ozone.om.KeyManagerImpl.listStatus(KeyManagerImpl.java:1443) ~[ozone-manager-1.4.0-SNAPSHOT.jar:?]
	at org.apache.hadoop.ozone.om.OmMetadataReader.listStatus(OmMetadataReader.java:261) ~[ozone-manager-1.4.0-SNAPSHOT.jar:?]
	at org.apache.hadoop.ozone.om.OzoneManager.listStatus(OzoneManager.java:3468) ~[ozone-manager-1.4.0-SNAPSHOT.jar:?]
	at org.apache.hadoop.ozone.protocolPB.OzoneManagerRequestHandler.listStatus(OzoneManagerRequestHandler.java:1097) ~[ozone-manager-1.4.0-SNAPSHOT.jar:?]
	at org.apache.hadoop.ozone.protocolPB.OzoneManagerRequestHandler.handleReadRequest(OzoneManagerRequestHandler.java:249) ~[ozone-manager-1.4.0-SNAPSHOT.jar:?]
	at org.apache.hadoop.ozone.protocolPB.OzoneManagerProtocolServerSideTranslatorPB.submitReadRequestToOM(OzoneManagerProtocolServerSideTranslatorPB.java:223) ~[ozone-manager-1.4.0-SNAPSHOT.jar:?]
	at org.apache.hadoop.ozone.protocolPB.OzoneManagerProtocolServerSideTranslatorPB.processRequest(OzoneManagerProtocolServerSideTranslatorPB.java:177) ~[ozone-manager-1.4.0-SNAPSHOT.jar:?]
	at org.apache.hadoop.hdds.server.OzoneProtocolMessageDispatcher.processRequest(OzoneProtocolMessageDispatcher.java:87) [hdds-server-framework-1.4.0-SNAPSHOT.jar:?]
	at org.apache.hadoop.ozone.protocolPB.OzoneManagerProtocolServerSideTranslatorPB.submitRequest(OzoneManagerProtocolServerSideTranslatorPB.java:147) [ozone-manager-1.4.0-SNAPSHOT.jar:?]
	at org.apache.hadoop.ozone.protocol.proto.OzoneManagerProtocolProtos$OzoneManagerService$2.callBlockingMethod(OzoneManagerProtocolProtos.java) [ozone-interface-client-1.4.0-SNAPSHOT.jar:?]
	at org.apache.hadoop.ipc.ProtobufRpcEngine$Server.processCall(ProtobufRpcEngine.java:465) [hadoop-common-3.3.4.jar:?]
	at org.apache.hadoop.ipc.ProtobufRpcEngine2$Server$ProtoBufRpcInvoker.call(ProtobufRpcEngine2.java:578) [hadoop-common-3.3.4.jar:?]
	at org.apache.hadoop.ipc.ProtobufRpcEngine2$Server$ProtoBufRpcInvoker.call(ProtobufRpcEngine2.java:556) [hadoop-common-3.3.4.jar:?]
	at org.apache.hadoop.ipc.RPC$Server.call(RPC.java:1093) [hadoop-common-3.3.4.jar:?]
	at org.apache.hadoop.ipc.Server$RpcCall.run(Server.java:1043) [hadoop-common-3.3.4.jar:?]
	at org.apache.hadoop.ipc.Server$RpcCall.run(Server.java:971) [hadoop-common-3.3.4.jar:?]
	at java.security.AccessController.doPrivileged(Native Method) ~[?:1.8.0_362]
	at javax.security.auth.Subject.doAs(Subject.java:422) [?:1.8.0_362]
	at org.apache.hadoop.security.UserGroupInformation.doAs(UserGroupInformation.java:1878) [hadoop-common-3.3.4.jar:?]
	at org.apache.hadoop.ipc.Server$Handler.run(Server.java:2976) [hadoop-common-3.3.4.jar:?]
]]></system-out>
  </testcase>
  <testcase name="testRenameToParentDir" classname="TestOzoneFileSystem" time="0.014">
    <system-out><![CDATA[2023-02-14 08:18:29,502 [IPC Server handler 0 on default port 34455] INFO  key.OMKeyRequest (OMKeyRequest.java:wrapUncommittedBlocksAsPseudoKey(837)) - Detect allocated but uncommitted blocks [{blockID={containerID=2, localID=111677748019200008}, length=4194304, offset=0, token=null, pipeline=null, createVersion=0, partNumber=0}] in key root_dir/dir1/file2.
08:18:29.504 [IPC Server handler 3 on default port 34455] ERROR OMAudit - user=runner | ip=127.0.0.1 | op=LIST_STATUS {volume=volume94786, bucket=bucket02286, key=root_dir/dir2, dataSize=0, replicationConfig=null} | ret=FAILURE
org.apache.hadoop.ozone.om.exceptions.OMException: Unable to get file status: volume: volume94786 bucket: bucket02286 key: root_dir/dir2
	at org.apache.hadoop.ozone.om.KeyManagerImpl.getOzoneFileStatus(KeyManagerImpl.java:1162) ~[ozone-manager-1.4.0-SNAPSHOT.jar:?]
	at org.apache.hadoop.ozone.om.KeyManagerImpl.getFileStatus(KeyManagerImpl.java:1080) ~[ozone-manager-1.4.0-SNAPSHOT.jar:?]
	at org.apache.hadoop.ozone.om.KeyManagerImpl.listStatus(KeyManagerImpl.java:1443) ~[ozone-manager-1.4.0-SNAPSHOT.jar:?]
	at org.apache.hadoop.ozone.om.OmMetadataReader.listStatus(OmMetadataReader.java:261) ~[ozone-manager-1.4.0-SNAPSHOT.jar:?]
	at org.apache.hadoop.ozone.om.OzoneManager.listStatus(OzoneManager.java:3468) ~[ozone-manager-1.4.0-SNAPSHOT.jar:?]
	at org.apache.hadoop.ozone.protocolPB.OzoneManagerRequestHandler.listStatus(OzoneManagerRequestHandler.java:1097) ~[ozone-manager-1.4.0-SNAPSHOT.jar:?]
	at org.apache.hadoop.ozone.protocolPB.OzoneManagerRequestHandler.handleReadRequest(OzoneManagerRequestHandler.java:249) ~[ozone-manager-1.4.0-SNAPSHOT.jar:?]
	at org.apache.hadoop.ozone.protocolPB.OzoneManagerProtocolServerSideTranslatorPB.submitRequestDirectlyToOM(OzoneManagerProtocolServerSideTranslatorPB.java:271) ~[ozone-manager-1.4.0-SNAPSHOT.jar:?]
	at org.apache.hadoop.ozone.protocolPB.OzoneManagerProtocolServerSideTranslatorPB.processRequest(OzoneManagerProtocolServerSideTranslatorPB.java:173) ~[ozone-manager-1.4.0-SNAPSHOT.jar:?]
	at org.apache.hadoop.hdds.server.OzoneProtocolMessageDispatcher.processRequest(OzoneProtocolMessageDispatcher.java:87) [hdds-server-framework-1.4.0-SNAPSHOT.jar:?]
	at org.apache.hadoop.ozone.protocolPB.OzoneManagerProtocolServerSideTranslatorPB.submitRequest(OzoneManagerProtocolServerSideTranslatorPB.java:147) [ozone-manager-1.4.0-SNAPSHOT.jar:?]
	at org.apache.hadoop.ozone.protocol.proto.OzoneManagerProtocolProtos$OzoneManagerService$2.callBlockingMethod(OzoneManagerProtocolProtos.java) [ozone-interface-client-1.4.0-SNAPSHOT.jar:?]
	at org.apache.hadoop.ipc.ProtobufRpcEngine$Server.processCall(ProtobufRpcEngine.java:465) [hadoop-common-3.3.4.jar:?]
	at org.apache.hadoop.ipc.ProtobufRpcEngine2$Server$ProtoBufRpcInvoker.call(ProtobufRpcEngine2.java:578) [hadoop-common-3.3.4.jar:?]
	at org.apache.hadoop.ipc.ProtobufRpcEngine2$Server$ProtoBufRpcInvoker.call(ProtobufRpcEngine2.java:556) [hadoop-common-3.3.4.jar:?]
	at org.apache.hadoop.ipc.RPC$Server.call(RPC.java:1093) [hadoop-common-3.3.4.jar:?]
	at org.apache.hadoop.ipc.Server$RpcCall.run(Server.java:1043) [hadoop-common-3.3.4.jar:?]
	at org.apache.hadoop.ipc.Server$RpcCall.run(Server.java:971) [hadoop-common-3.3.4.jar:?]
	at java.security.AccessController.doPrivileged(Native Method) ~[?:1.8.0_362]
	at javax.security.auth.Subject.doAs(Subject.java:422) [?:1.8.0_362]
	at org.apache.hadoop.security.UserGroupInformation.doAs(UserGroupInformation.java:1878) [hadoop-common-3.3.4.jar:?]
	at org.apache.hadoop.ipc.Server$Handler.run(Server.java:2976) [hadoop-common-3.3.4.jar:?]
08:18:29.507 [IPC Server handler 12 on default port 34455] ERROR OMAudit - user=runner | ip=127.0.0.1 | op=LIST_STATUS {volume=volume94786, bucket=bucket02286, key=root_dir/file2, dataSize=0, replicationConfig=null} | ret=FAILURE
org.apache.hadoop.ozone.om.exceptions.OMException: Unable to get file status: volume: volume94786 bucket: bucket02286 key: root_dir/file2
	at org.apache.hadoop.ozone.om.KeyManagerImpl.getOzoneFileStatus(KeyManagerImpl.java:1162) ~[ozone-manager-1.4.0-SNAPSHOT.jar:?]
	at org.apache.hadoop.ozone.om.KeyManagerImpl.getFileStatus(KeyManagerImpl.java:1080) ~[ozone-manager-1.4.0-SNAPSHOT.jar:?]
	at org.apache.hadoop.ozone.om.KeyManagerImpl.listStatus(KeyManagerImpl.java:1443) ~[ozone-manager-1.4.0-SNAPSHOT.jar:?]
	at org.apache.hadoop.ozone.om.OmMetadataReader.listStatus(OmMetadataReader.java:261) ~[ozone-manager-1.4.0-SNAPSHOT.jar:?]
	at org.apache.hadoop.ozone.om.OzoneManager.listStatus(OzoneManager.java:3468) ~[ozone-manager-1.4.0-SNAPSHOT.jar:?]
	at org.apache.hadoop.ozone.protocolPB.OzoneManagerRequestHandler.listStatus(OzoneManagerRequestHandler.java:1097) ~[ozone-manager-1.4.0-SNAPSHOT.jar:?]
	at org.apache.hadoop.ozone.protocolPB.OzoneManagerRequestHandler.handleReadRequest(OzoneManagerRequestHandler.java:249) ~[ozone-manager-1.4.0-SNAPSHOT.jar:?]
	at org.apache.hadoop.ozone.protocolPB.OzoneManagerProtocolServerSideTranslatorPB.submitRequestDirectlyToOM(OzoneManagerProtocolServerSideTranslatorPB.java:271) ~[ozone-manager-1.4.0-SNAPSHOT.jar:?]
	at org.apache.hadoop.ozone.protocolPB.OzoneManagerProtocolServerSideTranslatorPB.processRequest(OzoneManagerProtocolServerSideTranslatorPB.java:173) ~[ozone-manager-1.4.0-SNAPSHOT.jar:?]
	at org.apache.hadoop.hdds.server.OzoneProtocolMessageDispatcher.processRequest(OzoneProtocolMessageDispatcher.java:87) [hdds-server-framework-1.4.0-SNAPSHOT.jar:?]
	at org.apache.hadoop.ozone.protocolPB.OzoneManagerProtocolServerSideTranslatorPB.submitRequest(OzoneManagerProtocolServerSideTranslatorPB.java:147) [ozone-manager-1.4.0-SNAPSHOT.jar:?]
	at org.apache.hadoop.ozone.protocol.proto.OzoneManagerProtocolProtos$OzoneManagerService$2.callBlockingMethod(OzoneManagerProtocolProtos.java) [ozone-interface-client-1.4.0-SNAPSHOT.jar:?]
	at org.apache.hadoop.ipc.ProtobufRpcEngine$Server.processCall(ProtobufRpcEngine.java:465) [hadoop-common-3.3.4.jar:?]
	at org.apache.hadoop.ipc.ProtobufRpcEngine2$Server$ProtoBufRpcInvoker.call(ProtobufRpcEngine2.java:578) [hadoop-common-3.3.4.jar:?]
	at org.apache.hadoop.ipc.ProtobufRpcEngine2$Server$ProtoBufRpcInvoker.call(ProtobufRpcEngine2.java:556) [hadoop-common-3.3.4.jar:?]
	at org.apache.hadoop.ipc.RPC$Server.call(RPC.java:1093) [hadoop-common-3.3.4.jar:?]
	at org.apache.hadoop.ipc.Server$RpcCall.run(Server.java:1043) [hadoop-common-3.3.4.jar:?]
	at org.apache.hadoop.ipc.Server$RpcCall.run(Server.java:971) [hadoop-common-3.3.4.jar:?]
	at java.security.AccessController.doPrivileged(Native Method) ~[?:1.8.0_362]
	at javax.security.auth.Subject.doAs(Subject.java:422) [?:1.8.0_362]
	at org.apache.hadoop.security.UserGroupInformation.doAs(UserGroupInformation.java:1878) [hadoop-common-3.3.4.jar:?]
	at org.apache.hadoop.ipc.Server$Handler.run(Server.java:2976) [hadoop-common-3.3.4.jar:?]
]]></system-out>
  </testcase>
  <testcase name="testRenameToParentDir" classname="TestOzoneFileSystem" time="0.016">
    <system-out><![CDATA[2023-02-14 08:19:12,525 [OM StateMachine ApplyTransaction Thread - 0] INFO  key.OMKeyRequest (OMKeyRequest.java:wrapUncommittedBlocksAsPseudoKey(837)) - Detect allocated but uncommitted blocks [{blockID={containerID=2, localID=111677748019200008}, length=4194304, offset=0, token=null, pipeline=null, createVersion=0, partNumber=0}] in key root_dir/dir1/file2.
08:19:12.527 [IPC Server handler 2 on default port 32845] ERROR OMAudit - user=runner | ip=127.0.0.1 | op=LIST_STATUS {volume=volume29101, bucket=bucket05375, key=root_dir/dir2, dataSize=0, replicationConfig=null} | ret=FAILURE
org.apache.hadoop.ozone.om.exceptions.OMException: Unable to get file status: volume: volume29101 bucket: bucket05375 key: root_dir/dir2
	at org.apache.hadoop.ozone.om.KeyManagerImpl.getOzoneFileStatus(KeyManagerImpl.java:1162) ~[ozone-manager-1.4.0-SNAPSHOT.jar:?]
	at org.apache.hadoop.ozone.om.KeyManagerImpl.getFileStatus(KeyManagerImpl.java:1080) ~[ozone-manager-1.4.0-SNAPSHOT.jar:?]
	at org.apache.hadoop.ozone.om.KeyManagerImpl.listStatus(KeyManagerImpl.java:1443) ~[ozone-manager-1.4.0-SNAPSHOT.jar:?]
	at org.apache.hadoop.ozone.om.OmMetadataReader.listStatus(OmMetadataReader.java:261) ~[ozone-manager-1.4.0-SNAPSHOT.jar:?]
	at org.apache.hadoop.ozone.om.OzoneManager.listStatus(OzoneManager.java:3468) ~[ozone-manager-1.4.0-SNAPSHOT.jar:?]
	at org.apache.hadoop.ozone.protocolPB.OzoneManagerRequestHandler.listStatus(OzoneManagerRequestHandler.java:1097) ~[ozone-manager-1.4.0-SNAPSHOT.jar:?]
	at org.apache.hadoop.ozone.protocolPB.OzoneManagerRequestHandler.handleReadRequest(OzoneManagerRequestHandler.java:249) ~[ozone-manager-1.4.0-SNAPSHOT.jar:?]
	at org.apache.hadoop.ozone.protocolPB.OzoneManagerProtocolServerSideTranslatorPB.submitReadRequestToOM(OzoneManagerProtocolServerSideTranslatorPB.java:223) ~[ozone-manager-1.4.0-SNAPSHOT.jar:?]
	at org.apache.hadoop.ozone.protocolPB.OzoneManagerProtocolServerSideTranslatorPB.processRequest(OzoneManagerProtocolServerSideTranslatorPB.java:177) ~[ozone-manager-1.4.0-SNAPSHOT.jar:?]
	at org.apache.hadoop.hdds.server.OzoneProtocolMessageDispatcher.processRequest(OzoneProtocolMessageDispatcher.java:87) [hdds-server-framework-1.4.0-SNAPSHOT.jar:?]
	at org.apache.hadoop.ozone.protocolPB.OzoneManagerProtocolServerSideTranslatorPB.submitRequest(OzoneManagerProtocolServerSideTranslatorPB.java:147) [ozone-manager-1.4.0-SNAPSHOT.jar:?]
	at org.apache.hadoop.ozone.protocol.proto.OzoneManagerProtocolProtos$OzoneManagerService$2.callBlockingMethod(OzoneManagerProtocolProtos.java) [ozone-interface-client-1.4.0-SNAPSHOT.jar:?]
	at org.apache.hadoop.ipc.ProtobufRpcEngine$Server.processCall(ProtobufRpcEngine.java:465) [hadoop-common-3.3.4.jar:?]
	at org.apache.hadoop.ipc.ProtobufRpcEngine2$Server$ProtoBufRpcInvoker.call(ProtobufRpcEngine2.java:578) [hadoop-common-3.3.4.jar:?]
	at org.apache.hadoop.ipc.ProtobufRpcEngine2$Server$ProtoBufRpcInvoker.call(ProtobufRpcEngine2.java:556) [hadoop-common-3.3.4.jar:?]
	at org.apache.hadoop.ipc.RPC$Server.call(RPC.java:1093) [hadoop-common-3.3.4.jar:?]
	at org.apache.hadoop.ipc.Server$RpcCall.run(Server.java:1043) [hadoop-common-3.3.4.jar:?]
	at org.apache.hadoop.ipc.Server$RpcCall.run(Server.java:971) [hadoop-common-3.3.4.jar:?]
	at java.security.AccessController.doPrivileged(Native Method) ~[?:1.8.0_362]
	at javax.security.auth.Subject.doAs(Subject.java:422) [?:1.8.0_362]
	at org.apache.hadoop.security.UserGroupInformation.doAs(UserGroupInformation.java:1878) [hadoop-common-3.3.4.jar:?]
	at org.apache.hadoop.ipc.Server$Handler.run(Server.java:2976) [hadoop-common-3.3.4.jar:?]
08:19:12.530 [IPC Server handler 10 on default port 32845] ERROR OMAudit - user=runner | ip=127.0.0.1 | op=LIST_STATUS {volume=volume29101, bucket=bucket05375, key=root_dir/file2, dataSize=0, replicationConfig=null} | ret=FAILURE
org.apache.hadoop.ozone.om.exceptions.OMException: Unable to get file status: volume: volume29101 bucket: bucket05375 key: root_dir/file2
	at org.apache.hadoop.ozone.om.KeyManagerImpl.getOzoneFileStatus(KeyManagerImpl.java:1162) ~[ozone-manager-1.4.0-SNAPSHOT.jar:?]
	at org.apache.hadoop.ozone.om.KeyManagerImpl.getFileStatus(KeyManagerImpl.java:1080) ~[ozone-manager-1.4.0-SNAPSHOT.jar:?]
	at org.apache.hadoop.ozone.om.KeyManagerImpl.listStatus(KeyManagerImpl.java:1443) ~[ozone-manager-1.4.0-SNAPSHOT.jar:?]
	at org.apache.hadoop.ozone.om.OmMetadataReader.listStatus(OmMetadataReader.java:261) ~[ozone-manager-1.4.0-SNAPSHOT.jar:?]
	at org.apache.hadoop.ozone.om.OzoneManager.listStatus(OzoneManager.java:3468) ~[ozone-manager-1.4.0-SNAPSHOT.jar:?]
	at org.apache.hadoop.ozone.protocolPB.OzoneManagerRequestHandler.listStatus(OzoneManagerRequestHandler.java:1097) ~[ozone-manager-1.4.0-SNAPSHOT.jar:?]
	at org.apache.hadoop.ozone.protocolPB.OzoneManagerRequestHandler.handleReadRequest(OzoneManagerRequestHandler.java:249) ~[ozone-manager-1.4.0-SNAPSHOT.jar:?]
	at org.apache.hadoop.ozone.protocolPB.OzoneManagerProtocolServerSideTranslatorPB.submitReadRequestToOM(OzoneManagerProtocolServerSideTranslatorPB.java:223) ~[ozone-manager-1.4.0-SNAPSHOT.jar:?]
	at org.apache.hadoop.ozone.protocolPB.OzoneManagerProtocolServerSideTranslatorPB.processRequest(OzoneManagerProtocolServerSideTranslatorPB.java:177) ~[ozone-manager-1.4.0-SNAPSHOT.jar:?]
	at org.apache.hadoop.hdds.server.OzoneProtocolMessageDispatcher.processRequest(OzoneProtocolMessageDispatcher.java:87) [hdds-server-framework-1.4.0-SNAPSHOT.jar:?]
	at org.apache.hadoop.ozone.protocolPB.OzoneManagerProtocolServerSideTranslatorPB.submitRequest(OzoneManagerProtocolServerSideTranslatorPB.java:147) [ozone-manager-1.4.0-SNAPSHOT.jar:?]
	at org.apache.hadoop.ozone.protocol.proto.OzoneManagerProtocolProtos$OzoneManagerService$2.callBlockingMethod(OzoneManagerProtocolProtos.java) [ozone-interface-client-1.4.0-SNAPSHOT.jar:?]
	at org.apache.hadoop.ipc.ProtobufRpcEngine$Server.processCall(ProtobufRpcEngine.java:465) [hadoop-common-3.3.4.jar:?]
	at org.apache.hadoop.ipc.ProtobufRpcEngine2$Server$ProtoBufRpcInvoker.call(ProtobufRpcEngine2.java:578) [hadoop-common-3.3.4.jar:?]
	at org.apache.hadoop.ipc.ProtobufRpcEngine2$Server$ProtoBufRpcInvoker.call(ProtobufRpcEngine2.java:556) [hadoop-common-3.3.4.jar:?]
	at org.apache.hadoop.ipc.RPC$Server.call(RPC.java:1093) [hadoop-common-3.3.4.jar:?]
	at org.apache.hadoop.ipc.Server$RpcCall.run(Server.java:1043) [hadoop-common-3.3.4.jar:?]
	at org.apache.hadoop.ipc.Server$RpcCall.run(Server.java:971) [hadoop-common-3.3.4.jar:?]
	at java.security.AccessController.doPrivileged(Native Method) ~[?:1.8.0_362]
	at javax.security.auth.Subject.doAs(Subject.java:422) [?:1.8.0_362]
	at org.apache.hadoop.security.UserGroupInformation.doAs(UserGroupInformation.java:1878) [hadoop-common-3.3.4.jar:?]
	at org.apache.hadoop.ipc.Server$Handler.run(Server.java:2976) [hadoop-common-3.3.4.jar:?]
]]></system-out>
  </testcase>
  <testcase name="testRenameToParentDir" classname="TestOzoneFileSystem" time="0.013">
    <system-out><![CDATA[2023-02-14 08:19:59,319 [IPC Server handler 14 on default port 42497] INFO  key.OMKeyRequest (OMKeyRequest.java:wrapUncommittedBlocksAsPseudoKey(837)) - Detect allocated but uncommitted blocks [{blockID={containerID=2, localID=111677748019200008}, length=4194304, offset=0, token=null, pipeline=null, createVersion=0, partNumber=0}] in key root_dir/dir1/file2.
08:19:59.321 [IPC Server handler 7 on default port 42497] ERROR OMAudit - user=runner | ip=127.0.0.1 | op=LIST_STATUS {volume=volume12456, bucket=bucket20487, key=root_dir/dir2, dataSize=0, replicationConfig=null} | ret=FAILURE
org.apache.hadoop.ozone.om.exceptions.OMException: Unable to get file status: volume: volume12456 bucket: bucket20487 key: root_dir/dir2
	at org.apache.hadoop.ozone.om.KeyManagerImpl.getOzoneFileStatus(KeyManagerImpl.java:1162) ~[ozone-manager-1.4.0-SNAPSHOT.jar:?]
	at org.apache.hadoop.ozone.om.KeyManagerImpl.getFileStatus(KeyManagerImpl.java:1080) ~[ozone-manager-1.4.0-SNAPSHOT.jar:?]
	at org.apache.hadoop.ozone.om.KeyManagerImpl.listStatus(KeyManagerImpl.java:1443) ~[ozone-manager-1.4.0-SNAPSHOT.jar:?]
	at org.apache.hadoop.ozone.om.OmMetadataReader.listStatus(OmMetadataReader.java:261) ~[ozone-manager-1.4.0-SNAPSHOT.jar:?]
	at org.apache.hadoop.ozone.om.OzoneManager.listStatus(OzoneManager.java:3468) ~[ozone-manager-1.4.0-SNAPSHOT.jar:?]
	at org.apache.hadoop.ozone.protocolPB.OzoneManagerRequestHandler.listStatus(OzoneManagerRequestHandler.java:1097) ~[ozone-manager-1.4.0-SNAPSHOT.jar:?]
	at org.apache.hadoop.ozone.protocolPB.OzoneManagerRequestHandler.handleReadRequest(OzoneManagerRequestHandler.java:249) ~[ozone-manager-1.4.0-SNAPSHOT.jar:?]
	at org.apache.hadoop.ozone.protocolPB.OzoneManagerProtocolServerSideTranslatorPB.submitRequestDirectlyToOM(OzoneManagerProtocolServerSideTranslatorPB.java:271) ~[ozone-manager-1.4.0-SNAPSHOT.jar:?]
	at org.apache.hadoop.ozone.protocolPB.OzoneManagerProtocolServerSideTranslatorPB.processRequest(OzoneManagerProtocolServerSideTranslatorPB.java:173) ~[ozone-manager-1.4.0-SNAPSHOT.jar:?]
	at org.apache.hadoop.hdds.server.OzoneProtocolMessageDispatcher.processRequest(OzoneProtocolMessageDispatcher.java:87) [hdds-server-framework-1.4.0-SNAPSHOT.jar:?]
	at org.apache.hadoop.ozone.protocolPB.OzoneManagerProtocolServerSideTranslatorPB.submitRequest(OzoneManagerProtocolServerSideTranslatorPB.java:147) [ozone-manager-1.4.0-SNAPSHOT.jar:?]
	at org.apache.hadoop.ozone.protocol.proto.OzoneManagerProtocolProtos$OzoneManagerService$2.callBlockingMethod(OzoneManagerProtocolProtos.java) [ozone-interface-client-1.4.0-SNAPSHOT.jar:?]
	at org.apache.hadoop.ipc.ProtobufRpcEngine$Server.processCall(ProtobufRpcEngine.java:465) [hadoop-common-3.3.4.jar:?]
	at org.apache.hadoop.ipc.ProtobufRpcEngine2$Server$ProtoBufRpcInvoker.call(ProtobufRpcEngine2.java:578) [hadoop-common-3.3.4.jar:?]
	at org.apache.hadoop.ipc.ProtobufRpcEngine2$Server$ProtoBufRpcInvoker.call(ProtobufRpcEngine2.java:556) [hadoop-common-3.3.4.jar:?]
	at org.apache.hadoop.ipc.RPC$Server.call(RPC.java:1093) [hadoop-common-3.3.4.jar:?]
	at org.apache.hadoop.ipc.Server$RpcCall.run(Server.java:1043) [hadoop-common-3.3.4.jar:?]
	at org.apache.hadoop.ipc.Server$RpcCall.run(Server.java:971) [hadoop-common-3.3.4.jar:?]
	at java.security.AccessController.doPrivileged(Native Method) ~[?:1.8.0_362]
	at javax.security.auth.Subject.doAs(Subject.java:422) [?:1.8.0_362]
	at org.apache.hadoop.security.UserGroupInformation.doAs(UserGroupInformation.java:1878) [hadoop-common-3.3.4.jar:?]
	at org.apache.hadoop.ipc.Server$Handler.run(Server.java:2976) [hadoop-common-3.3.4.jar:?]
08:19:59.324 [IPC Server handler 16 on default port 42497] ERROR OMAudit - user=runner | ip=127.0.0.1 | op=LIST_STATUS {volume=volume12456, bucket=bucket20487, key=root_dir/file2, dataSize=0, replicationConfig=null} | ret=FAILURE
org.apache.hadoop.ozone.om.exceptions.OMException: Unable to get file status: volume: volume12456 bucket: bucket20487 key: root_dir/file2
	at org.apache.hadoop.ozone.om.KeyManagerImpl.getOzoneFileStatus(KeyManagerImpl.java:1162) ~[ozone-manager-1.4.0-SNAPSHOT.jar:?]
	at org.apache.hadoop.ozone.om.KeyManagerImpl.getFileStatus(KeyManagerImpl.java:1080) ~[ozone-manager-1.4.0-SNAPSHOT.jar:?]
	at org.apache.hadoop.ozone.om.KeyManagerImpl.listStatus(KeyManagerImpl.java:1443) ~[ozone-manager-1.4.0-SNAPSHOT.jar:?]
	at org.apache.hadoop.ozone.om.OmMetadataReader.listStatus(OmMetadataReader.java:261) ~[ozone-manager-1.4.0-SNAPSHOT.jar:?]
	at org.apache.hadoop.ozone.om.OzoneManager.listStatus(OzoneManager.java:3468) ~[ozone-manager-1.4.0-SNAPSHOT.jar:?]
	at org.apache.hadoop.ozone.protocolPB.OzoneManagerRequestHandler.listStatus(OzoneManagerRequestHandler.java:1097) ~[ozone-manager-1.4.0-SNAPSHOT.jar:?]
	at org.apache.hadoop.ozone.protocolPB.OzoneManagerRequestHandler.handleReadRequest(OzoneManagerRequestHandler.java:249) ~[ozone-manager-1.4.0-SNAPSHOT.jar:?]
	at org.apache.hadoop.ozone.protocolPB.OzoneManagerProtocolServerSideTranslatorPB.submitRequestDirectlyToOM(OzoneManagerProtocolServerSideTranslatorPB.java:271) ~[ozone-manager-1.4.0-SNAPSHOT.jar:?]
	at org.apache.hadoop.ozone.protocolPB.OzoneManagerProtocolServerSideTranslatorPB.processRequest(OzoneManagerProtocolServerSideTranslatorPB.java:173) ~[ozone-manager-1.4.0-SNAPSHOT.jar:?]
	at org.apache.hadoop.hdds.server.OzoneProtocolMessageDispatcher.processRequest(OzoneProtocolMessageDispatcher.java:87) [hdds-server-framework-1.4.0-SNAPSHOT.jar:?]
	at org.apache.hadoop.ozone.protocolPB.OzoneManagerProtocolServerSideTranslatorPB.submitRequest(OzoneManagerProtocolServerSideTranslatorPB.java:147) [ozone-manager-1.4.0-SNAPSHOT.jar:?]
	at org.apache.hadoop.ozone.protocol.proto.OzoneManagerProtocolProtos$OzoneManagerService$2.callBlockingMethod(OzoneManagerProtocolProtos.java) [ozone-interface-client-1.4.0-SNAPSHOT.jar:?]
	at org.apache.hadoop.ipc.ProtobufRpcEngine$Server.processCall(ProtobufRpcEngine.java:465) [hadoop-common-3.3.4.jar:?]
	at org.apache.hadoop.ipc.ProtobufRpcEngine2$Server$ProtoBufRpcInvoker.call(ProtobufRpcEngine2.java:578) [hadoop-common-3.3.4.jar:?]
	at org.apache.hadoop.ipc.ProtobufRpcEngine2$Server$ProtoBufRpcInvoker.call(ProtobufRpcEngine2.java:556) [hadoop-common-3.3.4.jar:?]
	at org.apache.hadoop.ipc.RPC$Server.call(RPC.java:1093) [hadoop-common-3.3.4.jar:?]
	at org.apache.hadoop.ipc.Server$RpcCall.run(Server.java:1043) [hadoop-common-3.3.4.jar:?]
	at org.apache.hadoop.ipc.Server$RpcCall.run(Server.java:971) [hadoop-common-3.3.4.jar:?]
	at java.security.AccessController.doPrivileged(Native Method) ~[?:1.8.0_362]
	at javax.security.auth.Subject.doAs(Subject.java:422) [?:1.8.0_362]
	at org.apache.hadoop.security.UserGroupInformation.doAs(UserGroupInformation.java:1878) [hadoop-common-3.3.4.jar:?]
	at org.apache.hadoop.ipc.Server$Handler.run(Server.java:2976) [hadoop-common-3.3.4.jar:?]
]]></system-out>
  </testcase>
  <testcase name="testListStatusOnSubDirs" classname="TestOzoneFileSystem" time="0.041">
    <system-out><![CDATA[2023-02-14 08:17:30,692 [OM StateMachine ApplyTransaction Thread - 0] INFO  key.OMKeyRequest (OMKeyRequest.java:wrapUncommittedBlocksAsPseudoKey(837)) - Detect allocated but uncommitted blocks [{blockID={containerID=1, localID=111677748019200009}, length=4194304, offset=0, token=null, pipeline=null, createVersion=0, partNumber=0}] in key dir1/dir12/file121.
]]></system-out>
  </testcase>
  <testcase name="testListStatusOnSubDirs" classname="TestOzoneFileSystem" time="0.015">
    <system-out><![CDATA[2023-02-14 08:18:29,519 [IPC Server handler 6 on default port 34455] INFO  key.OMKeyRequest (OMKeyRequest.java:wrapUncommittedBlocksAsPseudoKey(837)) - Detect allocated but uncommitted blocks [{blockID={containerID=1, localID=111677748019200009}, length=4194304, offset=0, token=null, pipeline=null, createVersion=0, partNumber=0}] in key dir1/dir12/file121.
]]></system-out>
  </testcase>
  <testcase name="testListStatusOnSubDirs" classname="TestOzoneFileSystem" time="0.011">
    <system-out><![CDATA[2023-02-14 08:19:12,542 [OM StateMachine ApplyTransaction Thread - 0] INFO  key.OMKeyRequest (OMKeyRequest.java:wrapUncommittedBlocksAsPseudoKey(837)) - Detect allocated but uncommitted blocks [{blockID={containerID=3, localID=111677748019200009}, length=4194304, offset=0, token=null, pipeline=null, createVersion=0, partNumber=0}] in key dir1/dir12/file121.
]]></system-out>
  </testcase>
  <testcase name="testListStatusOnSubDirs" classname="TestOzoneFileSystem" time="0.008">
    <system-out><![CDATA[2023-02-14 08:19:59,331 [IPC Server handler 11 on default port 42497] INFO  key.OMKeyRequest (OMKeyRequest.java:wrapUncommittedBlocksAsPseudoKey(837)) - Detect allocated but uncommitted blocks [{blockID={containerID=1, localID=111677748019200009}, length=4194304, offset=0, token=null, pipeline=null, createVersion=0, partNumber=0}] in key dir1/dir12/file121.
]]></system-out>
  </testcase>
  <testcase name="testListStatus" classname="TestOzoneFileSystem" time="0.055">
    <system-out><![CDATA[2023-02-14 08:17:30,724 [OM StateMachine ApplyTransaction Thread - 0] INFO  key.OMKeyRequest (OMKeyRequest.java:wrapUncommittedBlocksAsPseudoKey(837)) - Detect allocated but uncommitted blocks [{blockID={containerID=2, localID=111677748019200010}, length=4194304, offset=0, token=null, pipeline=null, createVersion=0, partNumber=0}] in key testListStatus/key1.
2023-02-14 08:17:30,733 [OM StateMachine ApplyTransaction Thread - 0] INFO  key.OMKeyRequest (OMKeyRequest.java:wrapUncommittedBlocksAsPseudoKey(837)) - Detect allocated but uncommitted blocks [{blockID={containerID=1, localID=111677748019200011}, length=4194304, offset=0, token=null, pipeline=null, createVersion=0, partNumber=0}] in key testListStatus/key2.
2023-02-14 08:17:30,744 [OM StateMachine ApplyTransaction Thread - 0] INFO  key.OMKeyRequest (OMKeyRequest.java:wrapUncommittedBlocksAsPseudoKey(837)) - Detect allocated but uncommitted blocks [{blockID={containerID=2, localID=111677748019200012}, length=4194304, offset=0, token=null, pipeline=null, createVersion=0, partNumber=0}] in key testListStatus/dir1/key3.
2023-02-14 08:17:30,753 [OM StateMachine ApplyTransaction Thread - 0] INFO  key.OMKeyRequest (OMKeyRequest.java:wrapUncommittedBlocksAsPseudoKey(837)) - Detect allocated but uncommitted blocks [{blockID={containerID=1, localID=111677748019200013}, length=4194304, offset=0, token=null, pipeline=null, createVersion=0, partNumber=0}] in key testListStatus/dir1/key4.
]]></system-out>
  </testcase>
  <testcase name="testListStatus" classname="TestOzoneFileSystem" time="0.022">
    <system-out><![CDATA[2023-02-14 08:18:29,536 [IPC Server handler 3 on default port 34455] INFO  key.OMKeyRequest (OMKeyRequest.java:wrapUncommittedBlocksAsPseudoKey(837)) - Detect allocated but uncommitted blocks [{blockID={containerID=2, localID=111677748019200010}, length=4194304, offset=0, token=null, pipeline=null, createVersion=0, partNumber=0}] in key testListStatus/key1.
2023-02-14 08:18:29,539 [IPC Server handler 5 on default port 34455] INFO  key.OMKeyRequest (OMKeyRequest.java:wrapUncommittedBlocksAsPseudoKey(837)) - Detect allocated but uncommitted blocks [{blockID={containerID=1, localID=111677748019200011}, length=4194304, offset=0, token=null, pipeline=null, createVersion=0, partNumber=0}] in key testListStatus/key2.
2023-02-14 08:18:29,543 [IPC Server handler 8 on default port 34455] INFO  key.OMKeyRequest (OMKeyRequest.java:wrapUncommittedBlocksAsPseudoKey(837)) - Detect allocated but uncommitted blocks [{blockID={containerID=2, localID=111677748019200012}, length=4194304, offset=0, token=null, pipeline=null, createVersion=0, partNumber=0}] in key testListStatus/dir1/key3.
2023-02-14 08:18:29,545 [IPC Server handler 11 on default port 34455] INFO  key.OMKeyRequest (OMKeyRequest.java:wrapUncommittedBlocksAsPseudoKey(837)) - Detect allocated but uncommitted blocks [{blockID={containerID=1, localID=111677748019200013}, length=4194304, offset=0, token=null, pipeline=null, createVersion=0, partNumber=0}] in key testListStatus/dir1/key4.
]]></system-out>
  </testcase>
  <testcase name="testListStatus" classname="TestOzoneFileSystem" time="0.024">
    <system-out><![CDATA[2023-02-14 08:19:12,552 [OM StateMachine ApplyTransaction Thread - 0] INFO  key.OMKeyRequest (OMKeyRequest.java:wrapUncommittedBlocksAsPseudoKey(837)) - Detect allocated but uncommitted blocks [{blockID={containerID=4, localID=111677748019200010}, length=4194304, offset=0, token=null, pipeline=null, createVersion=0, partNumber=0}] in key testListStatus/key1.
2023-02-14 08:19:12,556 [OM StateMachine ApplyTransaction Thread - 0] INFO  key.OMKeyRequest (OMKeyRequest.java:wrapUncommittedBlocksAsPseudoKey(837)) - Detect allocated but uncommitted blocks [{blockID={containerID=1, localID=111677748019200011}, length=4194304, offset=0, token=null, pipeline=null, createVersion=0, partNumber=0}] in key testListStatus/key2.
2023-02-14 08:19:12,559 [OM StateMachine ApplyTransaction Thread - 0] INFO  key.OMKeyRequest (OMKeyRequest.java:wrapUncommittedBlocksAsPseudoKey(837)) - Detect allocated but uncommitted blocks [{blockID={containerID=2, localID=111677748019200012}, length=4194304, offset=0, token=null, pipeline=null, createVersion=0, partNumber=0}] in key testListStatus/dir1/key3.
2023-02-14 08:19:12,563 [OM StateMachine ApplyTransaction Thread - 0] INFO  key.OMKeyRequest (OMKeyRequest.java:wrapUncommittedBlocksAsPseudoKey(837)) - Detect allocated but uncommitted blocks [{blockID={containerID=4, localID=111677748019200013}, length=4194304, offset=0, token=null, pipeline=null, createVersion=0, partNumber=0}] in key testListStatus/dir1/key4.
]]></system-out>
  </testcase>
  <testcase name="testListStatus" classname="TestOzoneFileSystem" time="0.016">
    <system-out><![CDATA[2023-02-14 08:19:59,338 [IPC Server handler 7 on default port 42497] INFO  key.OMKeyRequest (OMKeyRequest.java:wrapUncommittedBlocksAsPseudoKey(837)) - Detect allocated but uncommitted blocks [{blockID={containerID=2, localID=111677748019200010}, length=4194304, offset=0, token=null, pipeline=null, createVersion=0, partNumber=0}] in key testListStatus/key1.
2023-02-14 08:19:59,342 [IPC Server handler 4 on default port 42497] INFO  key.OMKeyRequest (OMKeyRequest.java:wrapUncommittedBlocksAsPseudoKey(837)) - Detect allocated but uncommitted blocks [{blockID={containerID=1, localID=111677748019200011}, length=4194304, offset=0, token=null, pipeline=null, createVersion=0, partNumber=0}] in key testListStatus/key2.
2023-02-14 08:19:59,346 [IPC Server handler 2 on default port 42497] INFO  key.OMKeyRequest (OMKeyRequest.java:wrapUncommittedBlocksAsPseudoKey(837)) - Detect allocated but uncommitted blocks [{blockID={containerID=2, localID=111677748019200012}, length=4194304, offset=0, token=null, pipeline=null, createVersion=0, partNumber=0}] in key testListStatus/dir1/key3.
2023-02-14 08:19:59,349 [IPC Server handler 17 on default port 42497] INFO  key.OMKeyRequest (OMKeyRequest.java:wrapUncommittedBlocksAsPseudoKey(837)) - Detect allocated but uncommitted blocks [{blockID={containerID=1, localID=111677748019200013}, length=4194304, offset=0, token=null, pipeline=null, createVersion=0, partNumber=0}] in key testListStatus/dir1/key4.
]]></system-out>
  </testcase>
  <testcase name="testRecursiveDelete" classname="TestOzoneFileSystem" time="0.286">
    <system-out><![CDATA[2023-02-14 08:17:30,780 [OM StateMachine ApplyTransaction Thread - 0] INFO  key.OMKeyRequest (OMKeyRequest.java:wrapUncommittedBlocksAsPseudoKey(837)) - Detect allocated but uncommitted blocks [{blockID={containerID=2, localID=111677748019200014}, length=4194304, offset=0, token=null, pipeline=null, createVersion=0, partNumber=0}] in key gdir1/pdir1/child.
2023-02-14 08:17:30,788 [OM StateMachine ApplyTransaction Thread - 0] INFO  key.OMKeyRequest (OMKeyRequest.java:wrapUncommittedBlocksAsPseudoKey(837)) - Detect allocated but uncommitted blocks [{blockID={containerID=1, localID=111677748019200015}, length=4194304, offset=0, token=null, pipeline=null, createVersion=0, partNumber=0}] in key gdir1/pdir2/child.
2023-02-14 08:17:30,799 [OM StateMachine ApplyTransaction Thread - 0] INFO  key.OMKeyRequest (OMKeyRequest.java:wrapUncommittedBlocksAsPseudoKey(837)) - Detect allocated but uncommitted blocks [{blockID={containerID=2, localID=111677748019200016}, length=4194304, offset=0, token=null, pipeline=null, createVersion=0, partNumber=0}] in key gdir1/pdir3/child.
2023-02-14 08:17:30,807 [OM StateMachine ApplyTransaction Thread - 0] INFO  key.OMKeyRequest (OMKeyRequest.java:wrapUncommittedBlocksAsPseudoKey(837)) - Detect allocated but uncommitted blocks [{blockID={containerID=1, localID=111677748019200017}, length=4194304, offset=0, token=null, pipeline=null, createVersion=0, partNumber=0}] in key gdir1/pdir4/child.
2023-02-14 08:17:30,815 [OM StateMachine ApplyTransaction Thread - 0] INFO  key.OMKeyRequest (OMKeyRequest.java:wrapUncommittedBlocksAsPseudoKey(837)) - Detect allocated but uncommitted blocks [{blockID={containerID=2, localID=111677748019200018}, length=4194304, offset=0, token=null, pipeline=null, createVersion=0, partNumber=0}] in key gdir1/pdir5/child.
2023-02-14 08:17:30,823 [OM StateMachine ApplyTransaction Thread - 0] INFO  key.OMKeyRequest (OMKeyRequest.java:wrapUncommittedBlocksAsPseudoKey(837)) - Detect allocated but uncommitted blocks [{blockID={containerID=1, localID=111677748019200019}, length=4194304, offset=0, token=null, pipeline=null, createVersion=0, partNumber=0}] in key gdir1/pdir6/child.
2023-02-14 08:17:30,831 [OM StateMachine ApplyTransaction Thread - 0] INFO  key.OMKeyRequest (OMKeyRequest.java:wrapUncommittedBlocksAsPseudoKey(837)) - Detect allocated but uncommitted blocks [{blockID={containerID=2, localID=111677748019200020}, length=4194304, offset=0, token=null, pipeline=null, createVersion=0, partNumber=0}] in key gdir1/pdir7/child.
2023-02-14 08:17:30,840 [OM StateMachine ApplyTransaction Thread - 0] INFO  key.OMKeyRequest (OMKeyRequest.java:wrapUncommittedBlocksAsPseudoKey(837)) - Detect allocated but uncommitted blocks [{blockID={containerID=1, localID=111677748019200021}, length=4194304, offset=0, token=null, pipeline=null, createVersion=0, partNumber=0}] in key gdir1/pdir8/child.
2023-02-14 08:17:30,848 [OM StateMachine ApplyTransaction Thread - 0] INFO  key.OMKeyRequest (OMKeyRequest.java:wrapUncommittedBlocksAsPseudoKey(837)) - Detect allocated but uncommitted blocks [{blockID={containerID=2, localID=111677748019200022}, length=4194304, offset=0, token=null, pipeline=null, createVersion=0, partNumber=0}] in key gdir1/pdir9/child.
2023-02-14 08:17:30,857 [OM StateMachine ApplyTransaction Thread - 0] INFO  key.OMKeyRequest (OMKeyRequest.java:wrapUncommittedBlocksAsPseudoKey(837)) - Detect allocated but uncommitted blocks [{blockID={containerID=1, localID=111677748019200023}, length=4194304, offset=0, token=null, pipeline=null, createVersion=0, partNumber=0}] in key gdir1/pdir10/child.
08:17:30.896 [IPC Server handler 15 on default port 34711] ERROR OMAudit - user=runner | ip=127.0.0.1 | op=GET_FILE_STATUS {volume=volume67802, bucket=bucket15311, key=gdir1, dataSize=0, replicationConfig=null} | ret=FAILURE
org.apache.hadoop.ozone.om.exceptions.OMException: Unable to get file status: volume: volume67802 bucket: bucket15311 key: gdir1
	at org.apache.hadoop.ozone.om.KeyManagerImpl.getOzoneFileStatus(KeyManagerImpl.java:1162) ~[ozone-manager-1.4.0-SNAPSHOT.jar:?]
	at org.apache.hadoop.ozone.om.KeyManagerImpl.getFileStatus(KeyManagerImpl.java:1080) ~[ozone-manager-1.4.0-SNAPSHOT.jar:?]
	at org.apache.hadoop.ozone.om.OmMetadataReader.getFileStatus(OmMetadataReader.java:288) ~[ozone-manager-1.4.0-SNAPSHOT.jar:?]
	at org.apache.hadoop.ozone.om.OzoneManager.getFileStatus(OzoneManager.java:3449) ~[ozone-manager-1.4.0-SNAPSHOT.jar:?]
	at org.apache.hadoop.ozone.protocolPB.OzoneManagerRequestHandler.getOzoneFileStatus(OzoneManagerRequestHandler.java:933) ~[ozone-manager-1.4.0-SNAPSHOT.jar:?]
	at org.apache.hadoop.ozone.protocolPB.OzoneManagerRequestHandler.handleReadRequest(OzoneManagerRequestHandler.java:238) ~[ozone-manager-1.4.0-SNAPSHOT.jar:?]
	at org.apache.hadoop.ozone.protocolPB.OzoneManagerProtocolServerSideTranslatorPB.submitReadRequestToOM(OzoneManagerProtocolServerSideTranslatorPB.java:223) ~[ozone-manager-1.4.0-SNAPSHOT.jar:?]
	at org.apache.hadoop.ozone.protocolPB.OzoneManagerProtocolServerSideTranslatorPB.processRequest(OzoneManagerProtocolServerSideTranslatorPB.java:177) ~[ozone-manager-1.4.0-SNAPSHOT.jar:?]
	at org.apache.hadoop.hdds.server.OzoneProtocolMessageDispatcher.processRequest(OzoneProtocolMessageDispatcher.java:87) [hdds-server-framework-1.4.0-SNAPSHOT.jar:?]
	at org.apache.hadoop.ozone.protocolPB.OzoneManagerProtocolServerSideTranslatorPB.submitRequest(OzoneManagerProtocolServerSideTranslatorPB.java:147) [ozone-manager-1.4.0-SNAPSHOT.jar:?]
	at org.apache.hadoop.ozone.protocol.proto.OzoneManagerProtocolProtos$OzoneManagerService$2.callBlockingMethod(OzoneManagerProtocolProtos.java) [ozone-interface-client-1.4.0-SNAPSHOT.jar:?]
	at org.apache.hadoop.ipc.ProtobufRpcEngine$Server.processCall(ProtobufRpcEngine.java:465) [hadoop-common-3.3.4.jar:?]
	at org.apache.hadoop.ipc.ProtobufRpcEngine2$Server$ProtoBufRpcInvoker.call(ProtobufRpcEngine2.java:578) [hadoop-common-3.3.4.jar:?]
	at org.apache.hadoop.ipc.ProtobufRpcEngine2$Server$ProtoBufRpcInvoker.call(ProtobufRpcEngine2.java:556) [hadoop-common-3.3.4.jar:?]
	at org.apache.hadoop.ipc.RPC$Server.call(RPC.java:1093) [hadoop-common-3.3.4.jar:?]
	at org.apache.hadoop.ipc.Server$RpcCall.run(Server.java:1043) [hadoop-common-3.3.4.jar:?]
	at org.apache.hadoop.ipc.Server$RpcCall.run(Server.java:971) [hadoop-common-3.3.4.jar:?]
	at java.security.AccessController.doPrivileged(Native Method) ~[?:1.8.0_362]
	at javax.security.auth.Subject.doAs(Subject.java:422) [?:1.8.0_362]
	at org.apache.hadoop.security.UserGroupInformation.doAs(UserGroupInformation.java:1878) [hadoop-common-3.3.4.jar:?]
	at org.apache.hadoop.ipc.Server$Handler.run(Server.java:2976) [hadoop-common-3.3.4.jar:?]
08:17:30.898 [IPC Server handler 16 on default port 34711] ERROR OMAudit - user=runner | ip=127.0.0.1 | op=GET_FILE_STATUS {volume=volume67802, bucket=bucket15311, key=gdir1/dir1, dataSize=0, replicationConfig=null} | ret=FAILURE
org.apache.hadoop.ozone.om.exceptions.OMException: Unable to get file status: volume: volume67802 bucket: bucket15311 key: gdir1/dir1
	at org.apache.hadoop.ozone.om.KeyManagerImpl.getOzoneFileStatus(KeyManagerImpl.java:1162) ~[ozone-manager-1.4.0-SNAPSHOT.jar:?]
	at org.apache.hadoop.ozone.om.KeyManagerImpl.getFileStatus(KeyManagerImpl.java:1080) ~[ozone-manager-1.4.0-SNAPSHOT.jar:?]
	at org.apache.hadoop.ozone.om.OmMetadataReader.getFileStatus(OmMetadataReader.java:288) ~[ozone-manager-1.4.0-SNAPSHOT.jar:?]
	at org.apache.hadoop.ozone.om.OzoneManager.getFileStatus(OzoneManager.java:3449) ~[ozone-manager-1.4.0-SNAPSHOT.jar:?]
	at org.apache.hadoop.ozone.protocolPB.OzoneManagerRequestHandler.getOzoneFileStatus(OzoneManagerRequestHandler.java:933) ~[ozone-manager-1.4.0-SNAPSHOT.jar:?]
	at org.apache.hadoop.ozone.protocolPB.OzoneManagerRequestHandler.handleReadRequest(OzoneManagerRequestHandler.java:238) ~[ozone-manager-1.4.0-SNAPSHOT.jar:?]
	at org.apache.hadoop.ozone.protocolPB.OzoneManagerProtocolServerSideTranslatorPB.submitReadRequestToOM(OzoneManagerProtocolServerSideTranslatorPB.java:223) ~[ozone-manager-1.4.0-SNAPSHOT.jar:?]
	at org.apache.hadoop.ozone.protocolPB.OzoneManagerProtocolServerSideTranslatorPB.processRequest(OzoneManagerProtocolServerSideTranslatorPB.java:177) ~[ozone-manager-1.4.0-SNAPSHOT.jar:?]
	at org.apache.hadoop.hdds.server.OzoneProtocolMessageDispatcher.processRequest(OzoneProtocolMessageDispatcher.java:87) [hdds-server-framework-1.4.0-SNAPSHOT.jar:?]
	at org.apache.hadoop.ozone.protocolPB.OzoneManagerProtocolServerSideTranslatorPB.submitRequest(OzoneManagerProtocolServerSideTranslatorPB.java:147) [ozone-manager-1.4.0-SNAPSHOT.jar:?]
	at org.apache.hadoop.ozone.protocol.proto.OzoneManagerProtocolProtos$OzoneManagerService$2.callBlockingMethod(OzoneManagerProtocolProtos.java) [ozone-interface-client-1.4.0-SNAPSHOT.jar:?]
	at org.apache.hadoop.ipc.ProtobufRpcEngine$Server.processCall(ProtobufRpcEngine.java:465) [hadoop-common-3.3.4.jar:?]
	at org.apache.hadoop.ipc.ProtobufRpcEngine2$Server$ProtoBufRpcInvoker.call(ProtobufRpcEngine2.java:578) [hadoop-common-3.3.4.jar:?]
	at org.apache.hadoop.ipc.ProtobufRpcEngine2$Server$ProtoBufRpcInvoker.call(ProtobufRpcEngine2.java:556) [hadoop-common-3.3.4.jar:?]
	at org.apache.hadoop.ipc.RPC$Server.call(RPC.java:1093) [hadoop-common-3.3.4.jar:?]
	at org.apache.hadoop.ipc.Server$RpcCall.run(Server.java:1043) [hadoop-common-3.3.4.jar:?]
	at org.apache.hadoop.ipc.Server$RpcCall.run(Server.java:971) [hadoop-common-3.3.4.jar:?]
	at java.security.AccessController.doPrivileged(Native Method) ~[?:1.8.0_362]
	at javax.security.auth.Subject.doAs(Subject.java:422) [?:1.8.0_362]
	at org.apache.hadoop.security.UserGroupInformation.doAs(UserGroupInformation.java:1878) [hadoop-common-3.3.4.jar:?]
	at org.apache.hadoop.ipc.Server$Handler.run(Server.java:2976) [hadoop-common-3.3.4.jar:?]
08:17:30.899 [IPC Server handler 18 on default port 34711] ERROR OMAudit - user=runner | ip=127.0.0.1 | op=GET_FILE_STATUS {volume=volume67802, bucket=bucket15311, key=gdir1/dir1/child, dataSize=0, replicationConfig=null} | ret=FAILURE
org.apache.hadoop.ozone.om.exceptions.OMException: Unable to get file status: volume: volume67802 bucket: bucket15311 key: gdir1/dir1/child
	at org.apache.hadoop.ozone.om.KeyManagerImpl.getOzoneFileStatus(KeyManagerImpl.java:1162) ~[ozone-manager-1.4.0-SNAPSHOT.jar:?]
	at org.apache.hadoop.ozone.om.KeyManagerImpl.getFileStatus(KeyManagerImpl.java:1080) ~[ozone-manager-1.4.0-SNAPSHOT.jar:?]
	at org.apache.hadoop.ozone.om.OmMetadataReader.getFileStatus(OmMetadataReader.java:288) ~[ozone-manager-1.4.0-SNAPSHOT.jar:?]
	at org.apache.hadoop.ozone.om.OzoneManager.getFileStatus(OzoneManager.java:3449) ~[ozone-manager-1.4.0-SNAPSHOT.jar:?]
	at org.apache.hadoop.ozone.protocolPB.OzoneManagerRequestHandler.getOzoneFileStatus(OzoneManagerRequestHandler.java:933) ~[ozone-manager-1.4.0-SNAPSHOT.jar:?]
	at org.apache.hadoop.ozone.protocolPB.OzoneManagerRequestHandler.handleReadRequest(OzoneManagerRequestHandler.java:238) ~[ozone-manager-1.4.0-SNAPSHOT.jar:?]
	at org.apache.hadoop.ozone.protocolPB.OzoneManagerProtocolServerSideTranslatorPB.submitReadRequestToOM(OzoneManagerProtocolServerSideTranslatorPB.java:223) ~[ozone-manager-1.4.0-SNAPSHOT.jar:?]
	at org.apache.hadoop.ozone.protocolPB.OzoneManagerProtocolServerSideTranslatorPB.processRequest(OzoneManagerProtocolServerSideTranslatorPB.java:177) ~[ozone-manager-1.4.0-SNAPSHOT.jar:?]
	at org.apache.hadoop.hdds.server.OzoneProtocolMessageDispatcher.processRequest(OzoneProtocolMessageDispatcher.java:87) [hdds-server-framework-1.4.0-SNAPSHOT.jar:?]
	at org.apache.hadoop.ozone.protocolPB.OzoneManagerProtocolServerSideTranslatorPB.submitRequest(OzoneManagerProtocolServerSideTranslatorPB.java:147) [ozone-manager-1.4.0-SNAPSHOT.jar:?]
	at org.apache.hadoop.ozone.protocol.proto.OzoneManagerProtocolProtos$OzoneManagerService$2.callBlockingMethod(OzoneManagerProtocolProtos.java) [ozone-interface-client-1.4.0-SNAPSHOT.jar:?]
	at org.apache.hadoop.ipc.ProtobufRpcEngine$Server.processCall(ProtobufRpcEngine.java:465) [hadoop-common-3.3.4.jar:?]
	at org.apache.hadoop.ipc.ProtobufRpcEngine2$Server$ProtoBufRpcInvoker.call(ProtobufRpcEngine2.java:578) [hadoop-common-3.3.4.jar:?]
	at org.apache.hadoop.ipc.ProtobufRpcEngine2$Server$ProtoBufRpcInvoker.call(ProtobufRpcEngine2.java:556) [hadoop-common-3.3.4.jar:?]
	at org.apache.hadoop.ipc.RPC$Server.call(RPC.java:1093) [hadoop-common-3.3.4.jar:?]
	at org.apache.hadoop.ipc.Server$RpcCall.run(Server.java:1043) [hadoop-common-3.3.4.jar:?]
	at org.apache.hadoop.ipc.Server$RpcCall.run(Server.java:971) [hadoop-common-3.3.4.jar:?]
	at java.security.AccessController.doPrivileged(Native Method) ~[?:1.8.0_362]
	at javax.security.auth.Subject.doAs(Subject.java:422) [?:1.8.0_362]
	at org.apache.hadoop.security.UserGroupInformation.doAs(UserGroupInformation.java:1878) [hadoop-common-3.3.4.jar:?]
	at org.apache.hadoop.ipc.Server$Handler.run(Server.java:2976) [hadoop-common-3.3.4.jar:?]
08:17:30.900 [IPC Server handler 0 on default port 34711] ERROR OMAudit - user=runner | ip=127.0.0.1 | op=GET_FILE_STATUS {volume=volume67802, bucket=bucket15311, key=gdir1/dir2, dataSize=0, replicationConfig=null} | ret=FAILURE
org.apache.hadoop.ozone.om.exceptions.OMException: Unable to get file status: volume: volume67802 bucket: bucket15311 key: gdir1/dir2
	at org.apache.hadoop.ozone.om.KeyManagerImpl.getOzoneFileStatus(KeyManagerImpl.java:1162) ~[ozone-manager-1.4.0-SNAPSHOT.jar:?]
	at org.apache.hadoop.ozone.om.KeyManagerImpl.getFileStatus(KeyManagerImpl.java:1080) ~[ozone-manager-1.4.0-SNAPSHOT.jar:?]
	at org.apache.hadoop.ozone.om.OmMetadataReader.getFileStatus(OmMetadataReader.java:288) ~[ozone-manager-1.4.0-SNAPSHOT.jar:?]
	at org.apache.hadoop.ozone.om.OzoneManager.getFileStatus(OzoneManager.java:3449) ~[ozone-manager-1.4.0-SNAPSHOT.jar:?]
	at org.apache.hadoop.ozone.protocolPB.OzoneManagerRequestHandler.getOzoneFileStatus(OzoneManagerRequestHandler.java:933) ~[ozone-manager-1.4.0-SNAPSHOT.jar:?]
	at org.apache.hadoop.ozone.protocolPB.OzoneManagerRequestHandler.handleReadRequest(OzoneManagerRequestHandler.java:238) ~[ozone-manager-1.4.0-SNAPSHOT.jar:?]
	at org.apache.hadoop.ozone.protocolPB.OzoneManagerProtocolServerSideTranslatorPB.submitReadRequestToOM(OzoneManagerProtocolServerSideTranslatorPB.java:223) ~[ozone-manager-1.4.0-SNAPSHOT.jar:?]
	at org.apache.hadoop.ozone.protocolPB.OzoneManagerProtocolServerSideTranslatorPB.processRequest(OzoneManagerProtocolServerSideTranslatorPB.java:177) ~[ozone-manager-1.4.0-SNAPSHOT.jar:?]
	at org.apache.hadoop.hdds.server.OzoneProtocolMessageDispatcher.processRequest(OzoneProtocolMessageDispatcher.java:87) [hdds-server-framework-1.4.0-SNAPSHOT.jar:?]
	at org.apache.hadoop.ozone.protocolPB.OzoneManagerProtocolServerSideTranslatorPB.submitRequest(OzoneManagerProtocolServerSideTranslatorPB.java:147) [ozone-manager-1.4.0-SNAPSHOT.jar:?]
	at org.apache.hadoop.ozone.protocol.proto.OzoneManagerProtocolProtos$OzoneManagerService$2.callBlockingMethod(OzoneManagerProtocolProtos.java) [ozone-interface-client-1.4.0-SNAPSHOT.jar:?]
	at org.apache.hadoop.ipc.ProtobufRpcEngine$Server.processCall(ProtobufRpcEngine.java:465) [hadoop-common-3.3.4.jar:?]
	at org.apache.hadoop.ipc.ProtobufRpcEngine2$Server$ProtoBufRpcInvoker.call(ProtobufRpcEngine2.java:578) [hadoop-common-3.3.4.jar:?]
	at org.apache.hadoop.ipc.ProtobufRpcEngine2$Server$ProtoBufRpcInvoker.call(ProtobufRpcEngine2.java:556) [hadoop-common-3.3.4.jar:?]
	at org.apache.hadoop.ipc.RPC$Server.call(RPC.java:1093) [hadoop-common-3.3.4.jar:?]
	at org.apache.hadoop.ipc.Server$RpcCall.run(Server.java:1043) [hadoop-common-3.3.4.jar:?]
	at org.apache.hadoop.ipc.Server$RpcCall.run(Server.java:971) [hadoop-common-3.3.4.jar:?]
	at java.security.AccessController.doPrivileged(Native Method) ~[?:1.8.0_362]
	at javax.security.auth.Subject.doAs(Subject.java:422) [?:1.8.0_362]
	at org.apache.hadoop.security.UserGroupInformation.doAs(UserGroupInformation.java:1878) [hadoop-common-3.3.4.jar:?]
	at org.apache.hadoop.ipc.Server$Handler.run(Server.java:2976) [hadoop-common-3.3.4.jar:?]
08:17:30.901 [IPC Server handler 19 on default port 34711] ERROR OMAudit - user=runner | ip=127.0.0.1 | op=GET_FILE_STATUS {volume=volume67802, bucket=bucket15311, key=gdir1/dir2/child, dataSize=0, replicationConfig=null} | ret=FAILURE
org.apache.hadoop.ozone.om.exceptions.OMException: Unable to get file status: volume: volume67802 bucket: bucket15311 key: gdir1/dir2/child
	at org.apache.hadoop.ozone.om.KeyManagerImpl.getOzoneFileStatus(KeyManagerImpl.java:1162) ~[ozone-manager-1.4.0-SNAPSHOT.jar:?]
	at org.apache.hadoop.ozone.om.KeyManagerImpl.getFileStatus(KeyManagerImpl.java:1080) ~[ozone-manager-1.4.0-SNAPSHOT.jar:?]
	at org.apache.hadoop.ozone.om.OmMetadataReader.getFileStatus(OmMetadataReader.java:288) ~[ozone-manager-1.4.0-SNAPSHOT.jar:?]
	at org.apache.hadoop.ozone.om.OzoneManager.getFileStatus(OzoneManager.java:3449) ~[ozone-manager-1.4.0-SNAPSHOT.jar:?]
	at org.apache.hadoop.ozone.protocolPB.OzoneManagerRequestHandler.getOzoneFileStatus(OzoneManagerRequestHandler.java:933) ~[ozone-manager-1.4.0-SNAPSHOT.jar:?]
	at org.apache.hadoop.ozone.protocolPB.OzoneManagerRequestHandler.handleReadRequest(OzoneManagerRequestHandler.java:238) ~[ozone-manager-1.4.0-SNAPSHOT.jar:?]
	at org.apache.hadoop.ozone.protocolPB.OzoneManagerProtocolServerSideTranslatorPB.submitReadRequestToOM(OzoneManagerProtocolServerSideTranslatorPB.java:223) ~[ozone-manager-1.4.0-SNAPSHOT.jar:?]
	at org.apache.hadoop.ozone.protocolPB.OzoneManagerProtocolServerSideTranslatorPB.processRequest(OzoneManagerProtocolServerSideTranslatorPB.java:177) ~[ozone-manager-1.4.0-SNAPSHOT.jar:?]
	at org.apache.hadoop.hdds.server.OzoneProtocolMessageDispatcher.processRequest(OzoneProtocolMessageDispatcher.java:87) [hdds-server-framework-1.4.0-SNAPSHOT.jar:?]
	at org.apache.hadoop.ozone.protocolPB.OzoneManagerProtocolServerSideTranslatorPB.submitRequest(OzoneManagerProtocolServerSideTranslatorPB.java:147) [ozone-manager-1.4.0-SNAPSHOT.jar:?]
	at org.apache.hadoop.ozone.protocol.proto.OzoneManagerProtocolProtos$OzoneManagerService$2.callBlockingMethod(OzoneManagerProtocolProtos.java) [ozone-interface-client-1.4.0-SNAPSHOT.jar:?]
	at org.apache.hadoop.ipc.ProtobufRpcEngine$Server.processCall(ProtobufRpcEngine.java:465) [hadoop-common-3.3.4.jar:?]
	at org.apache.hadoop.ipc.ProtobufRpcEngine2$Server$ProtoBufRpcInvoker.call(ProtobufRpcEngine2.java:578) [hadoop-common-3.3.4.jar:?]
	at org.apache.hadoop.ipc.ProtobufRpcEngine2$Server$ProtoBufRpcInvoker.call(ProtobufRpcEngine2.java:556) [hadoop-common-3.3.4.jar:?]
	at org.apache.hadoop.ipc.RPC$Server.call(RPC.java:1093) [hadoop-common-3.3.4.jar:?]
	at org.apache.hadoop.ipc.Server$RpcCall.run(Server.java:1043) [hadoop-common-3.3.4.jar:?]
	at org.apache.hadoop.ipc.Server$RpcCall.run(Server.java:971) [hadoop-common-3.3.4.jar:?]
	at java.security.AccessController.doPrivileged(Native Method) ~[?:1.8.0_362]
	at javax.security.auth.Subject.doAs(Subject.java:422) [?:1.8.0_362]
	at org.apache.hadoop.security.UserGroupInformation.doAs(UserGroupInformation.java:1878) [hadoop-common-3.3.4.jar:?]
	at org.apache.hadoop.ipc.Server$Handler.run(Server.java:2976) [hadoop-common-3.3.4.jar:?]
08:17:30.903 [IPC Server handler 17 on default port 34711] ERROR OMAudit - user=runner | ip=127.0.0.1 | op=GET_FILE_STATUS {volume=volume67802, bucket=bucket15311, key=gdir1/dir3, dataSize=0, replicationConfig=null} | ret=FAILURE
org.apache.hadoop.ozone.om.exceptions.OMException: Unable to get file status: volume: volume67802 bucket: bucket15311 key: gdir1/dir3
	at org.apache.hadoop.ozone.om.KeyManagerImpl.getOzoneFileStatus(KeyManagerImpl.java:1162) ~[ozone-manager-1.4.0-SNAPSHOT.jar:?]
	at org.apache.hadoop.ozone.om.KeyManagerImpl.getFileStatus(KeyManagerImpl.java:1080) ~[ozone-manager-1.4.0-SNAPSHOT.jar:?]
	at org.apache.hadoop.ozone.om.OmMetadataReader.getFileStatus(OmMetadataReader.java:288) ~[ozone-manager-1.4.0-SNAPSHOT.jar:?]
	at org.apache.hadoop.ozone.om.OzoneManager.getFileStatus(OzoneManager.java:3449) ~[ozone-manager-1.4.0-SNAPSHOT.jar:?]
	at org.apache.hadoop.ozone.protocolPB.OzoneManagerRequestHandler.getOzoneFileStatus(OzoneManagerRequestHandler.java:933) ~[ozone-manager-1.4.0-SNAPSHOT.jar:?]
	at org.apache.hadoop.ozone.protocolPB.OzoneManagerRequestHandler.handleReadRequest(OzoneManagerRequestHandler.java:238) ~[ozone-manager-1.4.0-SNAPSHOT.jar:?]
	at org.apache.hadoop.ozone.protocolPB.OzoneManagerProtocolServerSideTranslatorPB.submitReadRequestToOM(OzoneManagerProtocolServerSideTranslatorPB.java:223) ~[ozone-manager-1.4.0-SNAPSHOT.jar:?]
	at org.apache.hadoop.ozone.protocolPB.OzoneManagerProtocolServerSideTranslatorPB.processRequest(OzoneManagerProtocolServerSideTranslatorPB.java:177) ~[ozone-manager-1.4.0-SNAPSHOT.jar:?]
	at org.apache.hadoop.hdds.server.OzoneProtocolMessageDispatcher.processRequest(OzoneProtocolMessageDispatcher.java:87) [hdds-server-framework-1.4.0-SNAPSHOT.jar:?]
	at org.apache.hadoop.ozone.protocolPB.OzoneManagerProtocolServerSideTranslatorPB.submitRequest(OzoneManagerProtocolServerSideTranslatorPB.java:147) [ozone-manager-1.4.0-SNAPSHOT.jar:?]
	at org.apache.hadoop.ozone.protocol.proto.OzoneManagerProtocolProtos$OzoneManagerService$2.callBlockingMethod(OzoneManagerProtocolProtos.java) [ozone-interface-client-1.4.0-SNAPSHOT.jar:?]
	at org.apache.hadoop.ipc.ProtobufRpcEngine$Server.processCall(ProtobufRpcEngine.java:465) [hadoop-common-3.3.4.jar:?]
	at org.apache.hadoop.ipc.ProtobufRpcEngine2$Server$ProtoBufRpcInvoker.call(ProtobufRpcEngine2.java:578) [hadoop-common-3.3.4.jar:?]
	at org.apache.hadoop.ipc.ProtobufRpcEngine2$Server$ProtoBufRpcInvoker.call(ProtobufRpcEngine2.java:556) [hadoop-common-3.3.4.jar:?]
	at org.apache.hadoop.ipc.RPC$Server.call(RPC.java:1093) [hadoop-common-3.3.4.jar:?]
	at org.apache.hadoop.ipc.Server$RpcCall.run(Server.java:1043) [hadoop-common-3.3.4.jar:?]
	at org.apache.hadoop.ipc.Server$RpcCall.run(Server.java:971) [hadoop-common-3.3.4.jar:?]
	at java.security.AccessController.doPrivileged(Native Method) ~[?:1.8.0_362]
	at javax.security.auth.Subject.doAs(Subject.java:422) [?:1.8.0_362]
	at org.apache.hadoop.security.UserGroupInformation.doAs(UserGroupInformation.java:1878) [hadoop-common-3.3.4.jar:?]
	at org.apache.hadoop.ipc.Server$Handler.run(Server.java:2976) [hadoop-common-3.3.4.jar:?]
08:17:30.904 [IPC Server handler 2 on default port 34711] ERROR OMAudit - user=runner | ip=127.0.0.1 | op=GET_FILE_STATUS {volume=volume67802, bucket=bucket15311, key=gdir1/dir3/child, dataSize=0, replicationConfig=null} | ret=FAILURE
org.apache.hadoop.ozone.om.exceptions.OMException: Unable to get file status: volume: volume67802 bucket: bucket15311 key: gdir1/dir3/child
	at org.apache.hadoop.ozone.om.KeyManagerImpl.getOzoneFileStatus(KeyManagerImpl.java:1162) ~[ozone-manager-1.4.0-SNAPSHOT.jar:?]
	at org.apache.hadoop.ozone.om.KeyManagerImpl.getFileStatus(KeyManagerImpl.java:1080) ~[ozone-manager-1.4.0-SNAPSHOT.jar:?]
	at org.apache.hadoop.ozone.om.OmMetadataReader.getFileStatus(OmMetadataReader.java:288) ~[ozone-manager-1.4.0-SNAPSHOT.jar:?]
	at org.apache.hadoop.ozone.om.OzoneManager.getFileStatus(OzoneManager.java:3449) ~[ozone-manager-1.4.0-SNAPSHOT.jar:?]
	at org.apache.hadoop.ozone.protocolPB.OzoneManagerRequestHandler.getOzoneFileStatus(OzoneManagerRequestHandler.java:933) ~[ozone-manager-1.4.0-SNAPSHOT.jar:?]
	at org.apache.hadoop.ozone.protocolPB.OzoneManagerRequestHandler.handleReadRequest(OzoneManagerRequestHandler.java:238) ~[ozone-manager-1.4.0-SNAPSHOT.jar:?]
	at org.apache.hadoop.ozone.protocolPB.OzoneManagerProtocolServerSideTranslatorPB.submitReadRequestToOM(OzoneManagerProtocolServerSideTranslatorPB.java:223) ~[ozone-manager-1.4.0-SNAPSHOT.jar:?]
	at org.apache.hadoop.ozone.protocolPB.OzoneManagerProtocolServerSideTranslatorPB.processRequest(OzoneManagerProtocolServerSideTranslatorPB.java:177) ~[ozone-manager-1.4.0-SNAPSHOT.jar:?]
	at org.apache.hadoop.hdds.server.OzoneProtocolMessageDispatcher.processRequest(OzoneProtocolMessageDispatcher.java:87) [hdds-server-framework-1.4.0-SNAPSHOT.jar:?]
	at org.apache.hadoop.ozone.protocolPB.OzoneManagerProtocolServerSideTranslatorPB.submitRequest(OzoneManagerProtocolServerSideTranslatorPB.java:147) [ozone-manager-1.4.0-SNAPSHOT.jar:?]
	at org.apache.hadoop.ozone.protocol.proto.OzoneManagerProtocolProtos$OzoneManagerService$2.callBlockingMethod(OzoneManagerProtocolProtos.java) [ozone-interface-client-1.4.0-SNAPSHOT.jar:?]
	at org.apache.hadoop.ipc.ProtobufRpcEngine$Server.processCall(ProtobufRpcEngine.java:465) [hadoop-common-3.3.4.jar:?]
	at org.apache.hadoop.ipc.ProtobufRpcEngine2$Server$ProtoBufRpcInvoker.call(ProtobufRpcEngine2.java:578) [hadoop-common-3.3.4.jar:?]
	at org.apache.hadoop.ipc.ProtobufRpcEngine2$Server$ProtoBufRpcInvoker.call(ProtobufRpcEngine2.java:556) [hadoop-common-3.3.4.jar:?]
	at org.apache.hadoop.ipc.RPC$Server.call(RPC.java:1093) [hadoop-common-3.3.4.jar:?]
	at org.apache.hadoop.ipc.Server$RpcCall.run(Server.java:1043) [hadoop-common-3.3.4.jar:?]
	at org.apache.hadoop.ipc.Server$RpcCall.run(Server.java:971) [hadoop-common-3.3.4.jar:?]
	at java.security.AccessController.doPrivileged(Native Method) ~[?:1.8.0_362]
	at javax.security.auth.Subject.doAs(Subject.java:422) [?:1.8.0_362]
	at org.apache.hadoop.security.UserGroupInformation.doAs(UserGroupInformation.java:1878) [hadoop-common-3.3.4.jar:?]
	at org.apache.hadoop.ipc.Server$Handler.run(Server.java:2976) [hadoop-common-3.3.4.jar:?]
08:17:30.905 [IPC Server handler 1 on default port 34711] ERROR OMAudit - user=runner | ip=127.0.0.1 | op=GET_FILE_STATUS {volume=volume67802, bucket=bucket15311, key=gdir1/dir4, dataSize=0, replicationConfig=null} | ret=FAILURE
org.apache.hadoop.ozone.om.exceptions.OMException: Unable to get file status: volume: volume67802 bucket: bucket15311 key: gdir1/dir4
	at org.apache.hadoop.ozone.om.KeyManagerImpl.getOzoneFileStatus(KeyManagerImpl.java:1162) ~[ozone-manager-1.4.0-SNAPSHOT.jar:?]
	at org.apache.hadoop.ozone.om.KeyManagerImpl.getFileStatus(KeyManagerImpl.java:1080) ~[ozone-manager-1.4.0-SNAPSHOT.jar:?]
	at org.apache.hadoop.ozone.om.OmMetadataReader.getFileStatus(OmMetadataReader.java:288) ~[ozone-manager-1.4.0-SNAPSHOT.jar:?]
	at org.apache.hadoop.ozone.om.OzoneManager.getFileStatus(OzoneManager.java:3449) ~[ozone-manager-1.4.0-SNAPSHOT.jar:?]
	at org.apache.hadoop.ozone.protocolPB.OzoneManagerRequestHandler.getOzoneFileStatus(OzoneManagerRequestHandler.java:933) ~[ozone-manager-1.4.0-SNAPSHOT.jar:?]
	at org.apache.hadoop.ozone.protocolPB.OzoneManagerRequestHandler.handleReadRequest(OzoneManagerRequestHandler.java:238) ~[ozone-manager-1.4.0-SNAPSHOT.jar:?]
	at org.apache.hadoop.ozone.protocolPB.OzoneManagerProtocolServerSideTranslatorPB.submitReadRequestToOM(OzoneManagerProtocolServerSideTranslatorPB.java:223) ~[ozone-manager-1.4.0-SNAPSHOT.jar:?]
	at org.apache.hadoop.ozone.protocolPB.OzoneManagerProtocolServerSideTranslatorPB.processRequest(OzoneManagerProtocolServerSideTranslatorPB.java:177) ~[ozone-manager-1.4.0-SNAPSHOT.jar:?]
	at org.apache.hadoop.hdds.server.OzoneProtocolMessageDispatcher.processRequest(OzoneProtocolMessageDispatcher.java:87) [hdds-server-framework-1.4.0-SNAPSHOT.jar:?]
	at org.apache.hadoop.ozone.protocolPB.OzoneManagerProtocolServerSideTranslatorPB.submitRequest(OzoneManagerProtocolServerSideTranslatorPB.java:147) [ozone-manager-1.4.0-SNAPSHOT.jar:?]
	at org.apache.hadoop.ozone.protocol.proto.OzoneManagerProtocolProtos$OzoneManagerService$2.callBlockingMethod(OzoneManagerProtocolProtos.java) [ozone-interface-client-1.4.0-SNAPSHOT.jar:?]
	at org.apache.hadoop.ipc.ProtobufRpcEngine$Server.processCall(ProtobufRpcEngine.java:465) [hadoop-common-3.3.4.jar:?]
	at org.apache.hadoop.ipc.ProtobufRpcEngine2$Server$ProtoBufRpcInvoker.call(ProtobufRpcEngine2.java:578) [hadoop-common-3.3.4.jar:?]
	at org.apache.hadoop.ipc.ProtobufRpcEngine2$Server$ProtoBufRpcInvoker.call(ProtobufRpcEngine2.java:556) [hadoop-common-3.3.4.jar:?]
	at org.apache.hadoop.ipc.RPC$Server.call(RPC.java:1093) [hadoop-common-3.3.4.jar:?]
	at org.apache.hadoop.ipc.Server$RpcCall.run(Server.java:1043) [hadoop-common-3.3.4.jar:?]
	at org.apache.hadoop.ipc.Server$RpcCall.run(Server.java:971) [hadoop-common-3.3.4.jar:?]
	at java.security.AccessController.doPrivileged(Native Method) ~[?:1.8.0_362]
	at javax.security.auth.Subject.doAs(Subject.java:422) [?:1.8.0_362]
	at org.apache.hadoop.security.UserGroupInformation.doAs(UserGroupInformation.java:1878) [hadoop-common-3.3.4.jar:?]
	at org.apache.hadoop.ipc.Server$Handler.run(Server.java:2976) [hadoop-common-3.3.4.jar:?]
08:17:30.906 [IPC Server handler 3 on default port 34711] ERROR OMAudit - user=runner | ip=127.0.0.1 | op=GET_FILE_STATUS {volume=volume67802, bucket=bucket15311, key=gdir1/dir4/child, dataSize=0, replicationConfig=null} | ret=FAILURE
org.apache.hadoop.ozone.om.exceptions.OMException: Unable to get file status: volume: volume67802 bucket: bucket15311 key: gdir1/dir4/child
	at org.apache.hadoop.ozone.om.KeyManagerImpl.getOzoneFileStatus(KeyManagerImpl.java:1162) ~[ozone-manager-1.4.0-SNAPSHOT.jar:?]
	at org.apache.hadoop.ozone.om.KeyManagerImpl.getFileStatus(KeyManagerImpl.java:1080) ~[ozone-manager-1.4.0-SNAPSHOT.jar:?]
	at org.apache.hadoop.ozone.om.OmMetadataReader.getFileStatus(OmMetadataReader.java:288) ~[ozone-manager-1.4.0-SNAPSHOT.jar:?]
	at org.apache.hadoop.ozone.om.OzoneManager.getFileStatus(OzoneManager.java:3449) ~[ozone-manager-1.4.0-SNAPSHOT.jar:?]
	at org.apache.hadoop.ozone.protocolPB.OzoneManagerRequestHandler.getOzoneFileStatus(OzoneManagerRequestHandler.java:933) ~[ozone-manager-1.4.0-SNAPSHOT.jar:?]
	at org.apache.hadoop.ozone.protocolPB.OzoneManagerRequestHandler.handleReadRequest(OzoneManagerRequestHandler.java:238) ~[ozone-manager-1.4.0-SNAPSHOT.jar:?]
	at org.apache.hadoop.ozone.protocolPB.OzoneManagerProtocolServerSideTranslatorPB.submitReadRequestToOM(OzoneManagerProtocolServerSideTranslatorPB.java:223) ~[ozone-manager-1.4.0-SNAPSHOT.jar:?]
	at org.apache.hadoop.ozone.protocolPB.OzoneManagerProtocolServerSideTranslatorPB.processRequest(OzoneManagerProtocolServerSideTranslatorPB.java:177) ~[ozone-manager-1.4.0-SNAPSHOT.jar:?]
	at org.apache.hadoop.hdds.server.OzoneProtocolMessageDispatcher.processRequest(OzoneProtocolMessageDispatcher.java:87) [hdds-server-framework-1.4.0-SNAPSHOT.jar:?]
	at org.apache.hadoop.ozone.protocolPB.OzoneManagerProtocolServerSideTranslatorPB.submitRequest(OzoneManagerProtocolServerSideTranslatorPB.java:147) [ozone-manager-1.4.0-SNAPSHOT.jar:?]
	at org.apache.hadoop.ozone.protocol.proto.OzoneManagerProtocolProtos$OzoneManagerService$2.callBlockingMethod(OzoneManagerProtocolProtos.java) [ozone-interface-client-1.4.0-SNAPSHOT.jar:?]
	at org.apache.hadoop.ipc.ProtobufRpcEngine$Server.processCall(ProtobufRpcEngine.java:465) [hadoop-common-3.3.4.jar:?]
	at org.apache.hadoop.ipc.ProtobufRpcEngine2$Server$ProtoBufRpcInvoker.call(ProtobufRpcEngine2.java:578) [hadoop-common-3.3.4.jar:?]
	at org.apache.hadoop.ipc.ProtobufRpcEngine2$Server$ProtoBufRpcInvoker.call(ProtobufRpcEngine2.java:556) [hadoop-common-3.3.4.jar:?]
	at org.apache.hadoop.ipc.RPC$Server.call(RPC.java:1093) [hadoop-common-3.3.4.jar:?]
	at org.apache.hadoop.ipc.Server$RpcCall.run(Server.java:1043) [hadoop-common-3.3.4.jar:?]
	at org.apache.hadoop.ipc.Server$RpcCall.run(Server.java:971) [hadoop-common-3.3.4.jar:?]
	at java.security.AccessController.doPrivileged(Native Method) ~[?:1.8.0_362]
	at javax.security.auth.Subject.doAs(Subject.java:422) [?:1.8.0_362]
	at org.apache.hadoop.security.UserGroupInformation.doAs(UserGroupInformation.java:1878) [hadoop-common-3.3.4.jar:?]
	at org.apache.hadoop.ipc.Server$Handler.run(Server.java:2976) [hadoop-common-3.3.4.jar:?]
08:17:30.907 [IPC Server handler 4 on default port 34711] ERROR OMAudit - user=runner | ip=127.0.0.1 | op=GET_FILE_STATUS {volume=volume67802, bucket=bucket15311, key=gdir1/dir5, dataSize=0, replicationConfig=null} | ret=FAILURE
org.apache.hadoop.ozone.om.exceptions.OMException: Unable to get file status: volume: volume67802 bucket: bucket15311 key: gdir1/dir5
	at org.apache.hadoop.ozone.om.KeyManagerImpl.getOzoneFileStatus(KeyManagerImpl.java:1162) ~[ozone-manager-1.4.0-SNAPSHOT.jar:?]
	at org.apache.hadoop.ozone.om.KeyManagerImpl.getFileStatus(KeyManagerImpl.java:1080) ~[ozone-manager-1.4.0-SNAPSHOT.jar:?]
	at org.apache.hadoop.ozone.om.OmMetadataReader.getFileStatus(OmMetadataReader.java:288) ~[ozone-manager-1.4.0-SNAPSHOT.jar:?]
	at org.apache.hadoop.ozone.om.OzoneManager.getFileStatus(OzoneManager.java:3449) ~[ozone-manager-1.4.0-SNAPSHOT.jar:?]
	at org.apache.hadoop.ozone.protocolPB.OzoneManagerRequestHandler.getOzoneFileStatus(OzoneManagerRequestHandler.java:933) ~[ozone-manager-1.4.0-SNAPSHOT.jar:?]
	at org.apache.hadoop.ozone.protocolPB.OzoneManagerRequestHandler.handleReadRequest(OzoneManagerRequestHandler.java:238) ~[ozone-manager-1.4.0-SNAPSHOT.jar:?]
	at org.apache.hadoop.ozone.protocolPB.OzoneManagerProtocolServerSideTranslatorPB.submitReadRequestToOM(OzoneManagerProtocolServerSideTranslatorPB.java:223) ~[ozone-manager-1.4.0-SNAPSHOT.jar:?]
	at org.apache.hadoop.ozone.protocolPB.OzoneManagerProtocolServerSideTranslatorPB.processRequest(OzoneManagerProtocolServerSideTranslatorPB.java:177) ~[ozone-manager-1.4.0-SNAPSHOT.jar:?]
	at org.apache.hadoop.hdds.server.OzoneProtocolMessageDispatcher.processRequest(OzoneProtocolMessageDispatcher.java:87) [hdds-server-framework-1.4.0-SNAPSHOT.jar:?]
	at org.apache.hadoop.ozone.protocolPB.OzoneManagerProtocolServerSideTranslatorPB.submitRequest(OzoneManagerProtocolServerSideTranslatorPB.java:147) [ozone-manager-1.4.0-SNAPSHOT.jar:?]
	at org.apache.hadoop.ozone.protocol.proto.OzoneManagerProtocolProtos$OzoneManagerService$2.callBlockingMethod(OzoneManagerProtocolProtos.java) [ozone-interface-client-1.4.0-SNAPSHOT.jar:?]
	at org.apache.hadoop.ipc.ProtobufRpcEngine$Server.processCall(ProtobufRpcEngine.java:465) [hadoop-common-3.3.4.jar:?]
	at org.apache.hadoop.ipc.ProtobufRpcEngine2$Server$ProtoBufRpcInvoker.call(ProtobufRpcEngine2.java:578) [hadoop-common-3.3.4.jar:?]
	at org.apache.hadoop.ipc.ProtobufRpcEngine2$Server$ProtoBufRpcInvoker.call(ProtobufRpcEngine2.java:556) [hadoop-common-3.3.4.jar:?]
	at org.apache.hadoop.ipc.RPC$Server.call(RPC.java:1093) [hadoop-common-3.3.4.jar:?]
	at org.apache.hadoop.ipc.Server$RpcCall.run(Server.java:1043) [hadoop-common-3.3.4.jar:?]
	at org.apache.hadoop.ipc.Server$RpcCall.run(Server.java:971) [hadoop-common-3.3.4.jar:?]
	at java.security.AccessController.doPrivileged(Native Method) ~[?:1.8.0_362]
	at javax.security.auth.Subject.doAs(Subject.java:422) [?:1.8.0_362]
	at org.apache.hadoop.security.UserGroupInformation.doAs(UserGroupInformation.java:1878) [hadoop-common-3.3.4.jar:?]
	at org.apache.hadoop.ipc.Server$Handler.run(Server.java:2976) [hadoop-common-3.3.4.jar:?]
08:17:30.908 [IPC Server handler 5 on default port 34711] ERROR OMAudit - user=runner | ip=127.0.0.1 | op=GET_FILE_STATUS {volume=volume67802, bucket=bucket15311, key=gdir1/dir5/child, dataSize=0, replicationConfig=null} | ret=FAILURE
org.apache.hadoop.ozone.om.exceptions.OMException: Unable to get file status: volume: volume67802 bucket: bucket15311 key: gdir1/dir5/child
	at org.apache.hadoop.ozone.om.KeyManagerImpl.getOzoneFileStatus(KeyManagerImpl.java:1162) ~[ozone-manager-1.4.0-SNAPSHOT.jar:?]
	at org.apache.hadoop.ozone.om.KeyManagerImpl.getFileStatus(KeyManagerImpl.java:1080) ~[ozone-manager-1.4.0-SNAPSHOT.jar:?]
	at org.apache.hadoop.ozone.om.OmMetadataReader.getFileStatus(OmMetadataReader.java:288) ~[ozone-manager-1.4.0-SNAPSHOT.jar:?]
	at org.apache.hadoop.ozone.om.OzoneManager.getFileStatus(OzoneManager.java:3449) ~[ozone-manager-1.4.0-SNAPSHOT.jar:?]
	at org.apache.hadoop.ozone.protocolPB.OzoneManagerRequestHandler.getOzoneFileStatus(OzoneManagerRequestHandler.java:933) ~[ozone-manager-1.4.0-SNAPSHOT.jar:?]
	at org.apache.hadoop.ozone.protocolPB.OzoneManagerRequestHandler.handleReadRequest(OzoneManagerRequestHandler.java:238) ~[ozone-manager-1.4.0-SNAPSHOT.jar:?]
	at org.apache.hadoop.ozone.protocolPB.OzoneManagerProtocolServerSideTranslatorPB.submitReadRequestToOM(OzoneManagerProtocolServerSideTranslatorPB.java:223) ~[ozone-manager-1.4.0-SNAPSHOT.jar:?]
	at org.apache.hadoop.ozone.protocolPB.OzoneManagerProtocolServerSideTranslatorPB.processRequest(OzoneManagerProtocolServerSideTranslatorPB.java:177) ~[ozone-manager-1.4.0-SNAPSHOT.jar:?]
	at org.apache.hadoop.hdds.server.OzoneProtocolMessageDispatcher.processRequest(OzoneProtocolMessageDispatcher.java:87) [hdds-server-framework-1.4.0-SNAPSHOT.jar:?]
	at org.apache.hadoop.ozone.protocolPB.OzoneManagerProtocolServerSideTranslatorPB.submitRequest(OzoneManagerProtocolServerSideTranslatorPB.java:147) [ozone-manager-1.4.0-SNAPSHOT.jar:?]
	at org.apache.hadoop.ozone.protocol.proto.OzoneManagerProtocolProtos$OzoneManagerService$2.callBlockingMethod(OzoneManagerProtocolProtos.java) [ozone-interface-client-1.4.0-SNAPSHOT.jar:?]
	at org.apache.hadoop.ipc.ProtobufRpcEngine$Server.processCall(ProtobufRpcEngine.java:465) [hadoop-common-3.3.4.jar:?]
	at org.apache.hadoop.ipc.ProtobufRpcEngine2$Server$ProtoBufRpcInvoker.call(ProtobufRpcEngine2.java:578) [hadoop-common-3.3.4.jar:?]
	at org.apache.hadoop.ipc.ProtobufRpcEngine2$Server$ProtoBufRpcInvoker.call(ProtobufRpcEngine2.java:556) [hadoop-common-3.3.4.jar:?]
	at org.apache.hadoop.ipc.RPC$Server.call(RPC.java:1093) [hadoop-common-3.3.4.jar:?]
	at org.apache.hadoop.ipc.Server$RpcCall.run(Server.java:1043) [hadoop-common-3.3.4.jar:?]
	at org.apache.hadoop.ipc.Server$RpcCall.run(Server.java:971) [hadoop-common-3.3.4.jar:?]
	at java.security.AccessController.doPrivileged(Native Method) ~[?:1.8.0_362]
	at javax.security.auth.Subject.doAs(Subject.java:422) [?:1.8.0_362]
	at org.apache.hadoop.security.UserGroupInformation.doAs(UserGroupInformation.java:1878) [hadoop-common-3.3.4.jar:?]
	at org.apache.hadoop.ipc.Server$Handler.run(Server.java:2976) [hadoop-common-3.3.4.jar:?]
08:17:30.909 [IPC Server handler 6 on default port 34711] ERROR OMAudit - user=runner | ip=127.0.0.1 | op=GET_FILE_STATUS {volume=volume67802, bucket=bucket15311, key=gdir1/dir6, dataSize=0, replicationConfig=null} | ret=FAILURE
org.apache.hadoop.ozone.om.exceptions.OMException: Unable to get file status: volume: volume67802 bucket: bucket15311 key: gdir1/dir6
	at org.apache.hadoop.ozone.om.KeyManagerImpl.getOzoneFileStatus(KeyManagerImpl.java:1162) ~[ozone-manager-1.4.0-SNAPSHOT.jar:?]
	at org.apache.hadoop.ozone.om.KeyManagerImpl.getFileStatus(KeyManagerImpl.java:1080) ~[ozone-manager-1.4.0-SNAPSHOT.jar:?]
	at org.apache.hadoop.ozone.om.OmMetadataReader.getFileStatus(OmMetadataReader.java:288) ~[ozone-manager-1.4.0-SNAPSHOT.jar:?]
	at org.apache.hadoop.ozone.om.OzoneManager.getFileStatus(OzoneManager.java:3449) ~[ozone-manager-1.4.0-SNAPSHOT.jar:?]
	at org.apache.hadoop.ozone.protocolPB.OzoneManagerRequestHandler.getOzoneFileStatus(OzoneManagerRequestHandler.java:933) ~[ozone-manager-1.4.0-SNAPSHOT.jar:?]
	at org.apache.hadoop.ozone.protocolPB.OzoneManagerRequestHandler.handleReadRequest(OzoneManagerRequestHandler.java:238) ~[ozone-manager-1.4.0-SNAPSHOT.jar:?]
	at org.apache.hadoop.ozone.protocolPB.OzoneManagerProtocolServerSideTranslatorPB.submitReadRequestToOM(OzoneManagerProtocolServerSideTranslatorPB.java:223) ~[ozone-manager-1.4.0-SNAPSHOT.jar:?]
	at org.apache.hadoop.ozone.protocolPB.OzoneManagerProtocolServerSideTranslatorPB.processRequest(OzoneManagerProtocolServerSideTranslatorPB.java:177) ~[ozone-manager-1.4.0-SNAPSHOT.jar:?]
	at org.apache.hadoop.hdds.server.OzoneProtocolMessageDispatcher.processRequest(OzoneProtocolMessageDispatcher.java:87) [hdds-server-framework-1.4.0-SNAPSHOT.jar:?]
	at org.apache.hadoop.ozone.protocolPB.OzoneManagerProtocolServerSideTranslatorPB.submitRequest(OzoneManagerProtocolServerSideTranslatorPB.java:147) [ozone-manager-1.4.0-SNAPSHOT.jar:?]
	at org.apache.hadoop.ozone.protocol.proto.OzoneManagerProtocolProtos$OzoneManagerService$2.callBlockingMethod(OzoneManagerProtocolProtos.java) [ozone-interface-client-1.4.0-SNAPSHOT.jar:?]
	at org.apache.hadoop.ipc.ProtobufRpcEngine$Server.processCall(ProtobufRpcEngine.java:465) [hadoop-common-3.3.4.jar:?]
	at org.apache.hadoop.ipc.ProtobufRpcEngine2$Server$ProtoBufRpcInvoker.call(ProtobufRpcEngine2.java:578) [hadoop-common-3.3.4.jar:?]
	at org.apache.hadoop.ipc.ProtobufRpcEngine2$Server$ProtoBufRpcInvoker.call(ProtobufRpcEngine2.java:556) [hadoop-common-3.3.4.jar:?]
	at org.apache.hadoop.ipc.RPC$Server.call(RPC.java:1093) [hadoop-common-3.3.4.jar:?]
	at org.apache.hadoop.ipc.Server$RpcCall.run(Server.java:1043) [hadoop-common-3.3.4.jar:?]
	at org.apache.hadoop.ipc.Server$RpcCall.run(Server.java:971) [hadoop-common-3.3.4.jar:?]
	at java.security.AccessController.doPrivileged(Native Method) ~[?:1.8.0_362]
	at javax.security.auth.Subject.doAs(Subject.java:422) [?:1.8.0_362]
	at org.apache.hadoop.security.UserGroupInformation.doAs(UserGroupInformation.java:1878) [hadoop-common-3.3.4.jar:?]
	at org.apache.hadoop.ipc.Server$Handler.run(Server.java:2976) [hadoop-common-3.3.4.jar:?]
08:17:30.911 [IPC Server handler 7 on default port 34711] ERROR OMAudit - user=runner | ip=127.0.0.1 | op=GET_FILE_STATUS {volume=volume67802, bucket=bucket15311, key=gdir1/dir6/child, dataSize=0, replicationConfig=null} | ret=FAILURE
org.apache.hadoop.ozone.om.exceptions.OMException: Unable to get file status: volume: volume67802 bucket: bucket15311 key: gdir1/dir6/child
	at org.apache.hadoop.ozone.om.KeyManagerImpl.getOzoneFileStatus(KeyManagerImpl.java:1162) ~[ozone-manager-1.4.0-SNAPSHOT.jar:?]
	at org.apache.hadoop.ozone.om.KeyManagerImpl.getFileStatus(KeyManagerImpl.java:1080) ~[ozone-manager-1.4.0-SNAPSHOT.jar:?]
	at org.apache.hadoop.ozone.om.OmMetadataReader.getFileStatus(OmMetadataReader.java:288) ~[ozone-manager-1.4.0-SNAPSHOT.jar:?]
	at org.apache.hadoop.ozone.om.OzoneManager.getFileStatus(OzoneManager.java:3449) ~[ozone-manager-1.4.0-SNAPSHOT.jar:?]
	at org.apache.hadoop.ozone.protocolPB.OzoneManagerRequestHandler.getOzoneFileStatus(OzoneManagerRequestHandler.java:933) ~[ozone-manager-1.4.0-SNAPSHOT.jar:?]
	at org.apache.hadoop.ozone.protocolPB.OzoneManagerRequestHandler.handleReadRequest(OzoneManagerRequestHandler.java:238) ~[ozone-manager-1.4.0-SNAPSHOT.jar:?]
	at org.apache.hadoop.ozone.protocolPB.OzoneManagerProtocolServerSideTranslatorPB.submitReadRequestToOM(OzoneManagerProtocolServerSideTranslatorPB.java:223) ~[ozone-manager-1.4.0-SNAPSHOT.jar:?]
	at org.apache.hadoop.ozone.protocolPB.OzoneManagerProtocolServerSideTranslatorPB.processRequest(OzoneManagerProtocolServerSideTranslatorPB.java:177) ~[ozone-manager-1.4.0-SNAPSHOT.jar:?]
	at org.apache.hadoop.hdds.server.OzoneProtocolMessageDispatcher.processRequest(OzoneProtocolMessageDispatcher.java:87) [hdds-server-framework-1.4.0-SNAPSHOT.jar:?]
	at org.apache.hadoop.ozone.protocolPB.OzoneManagerProtocolServerSideTranslatorPB.submitRequest(OzoneManagerProtocolServerSideTranslatorPB.java:147) [ozone-manager-1.4.0-SNAPSHOT.jar:?]
	at org.apache.hadoop.ozone.protocol.proto.OzoneManagerProtocolProtos$OzoneManagerService$2.callBlockingMethod(OzoneManagerProtocolProtos.java) [ozone-interface-client-1.4.0-SNAPSHOT.jar:?]
	at org.apache.hadoop.ipc.ProtobufRpcEngine$Server.processCall(ProtobufRpcEngine.java:465) [hadoop-common-3.3.4.jar:?]
	at org.apache.hadoop.ipc.ProtobufRpcEngine2$Server$ProtoBufRpcInvoker.call(ProtobufRpcEngine2.java:578) [hadoop-common-3.3.4.jar:?]
	at org.apache.hadoop.ipc.ProtobufRpcEngine2$Server$ProtoBufRpcInvoker.call(ProtobufRpcEngine2.java:556) [hadoop-common-3.3.4.jar:?]
	at org.apache.hadoop.ipc.RPC$Server.call(RPC.java:1093) [hadoop-common-3.3.4.jar:?]
	at org.apache.hadoop.ipc.Server$RpcCall.run(Server.java:1043) [hadoop-common-3.3.4.jar:?]
	at org.apache.hadoop.ipc.Server$RpcCall.run(Server.java:971) [hadoop-common-3.3.4.jar:?]
	at java.security.AccessController.doPrivileged(Native Method) ~[?:1.8.0_362]
	at javax.security.auth.Subject.doAs(Subject.java:422) [?:1.8.0_362]
	at org.apache.hadoop.security.UserGroupInformation.doAs(UserGroupInformation.java:1878) [hadoop-common-3.3.4.jar:?]
	at org.apache.hadoop.ipc.Server$Handler.run(Server.java:2976) [hadoop-common-3.3.4.jar:?]
08:17:30.912 [IPC Server handler 8 on default port 34711] ERROR OMAudit - user=runner | ip=127.0.0.1 | op=GET_FILE_STATUS {volume=volume67802, bucket=bucket15311, key=gdir1/dir7, dataSize=0, replicationConfig=null} | ret=FAILURE
org.apache.hadoop.ozone.om.exceptions.OMException: Unable to get file status: volume: volume67802 bucket: bucket15311 key: gdir1/dir7
	at org.apache.hadoop.ozone.om.KeyManagerImpl.getOzoneFileStatus(KeyManagerImpl.java:1162) ~[ozone-manager-1.4.0-SNAPSHOT.jar:?]
	at org.apache.hadoop.ozone.om.KeyManagerImpl.getFileStatus(KeyManagerImpl.java:1080) ~[ozone-manager-1.4.0-SNAPSHOT.jar:?]
	at org.apache.hadoop.ozone.om.OmMetadataReader.getFileStatus(OmMetadataReader.java:288) ~[ozone-manager-1.4.0-SNAPSHOT.jar:?]
	at org.apache.hadoop.ozone.om.OzoneManager.getFileStatus(OzoneManager.java:3449) ~[ozone-manager-1.4.0-SNAPSHOT.jar:?]
	at org.apache.hadoop.ozone.protocolPB.OzoneManagerRequestHandler.getOzoneFileStatus(OzoneManagerRequestHandler.java:933) ~[ozone-manager-1.4.0-SNAPSHOT.jar:?]
	at org.apache.hadoop.ozone.protocolPB.OzoneManagerRequestHandler.handleReadRequest(OzoneManagerRequestHandler.java:238) ~[ozone-manager-1.4.0-SNAPSHOT.jar:?]
	at org.apache.hadoop.ozone.protocolPB.OzoneManagerProtocolServerSideTranslatorPB.submitReadRequestToOM(OzoneManagerProtocolServerSideTranslatorPB.java:223) ~[ozone-manager-1.4.0-SNAPSHOT.jar:?]
	at org.apache.hadoop.ozone.protocolPB.OzoneManagerProtocolServerSideTranslatorPB.processRequest(OzoneManagerProtocolServerSideTranslatorPB.java:177) ~[ozone-manager-1.4.0-SNAPSHOT.jar:?]
	at org.apache.hadoop.hdds.server.OzoneProtocolMessageDispatcher.processRequest(OzoneProtocolMessageDispatcher.java:87) [hdds-server-framework-1.4.0-SNAPSHOT.jar:?]
	at org.apache.hadoop.ozone.protocolPB.OzoneManagerProtocolServerSideTranslatorPB.submitRequest(OzoneManagerProtocolServerSideTranslatorPB.java:147) [ozone-manager-1.4.0-SNAPSHOT.jar:?]
	at org.apache.hadoop.ozone.protocol.proto.OzoneManagerProtocolProtos$OzoneManagerService$2.callBlockingMethod(OzoneManagerProtocolProtos.java) [ozone-interface-client-1.4.0-SNAPSHOT.jar:?]
	at org.apache.hadoop.ipc.ProtobufRpcEngine$Server.processCall(ProtobufRpcEngine.java:465) [hadoop-common-3.3.4.jar:?]
	at org.apache.hadoop.ipc.ProtobufRpcEngine2$Server$ProtoBufRpcInvoker.call(ProtobufRpcEngine2.java:578) [hadoop-common-3.3.4.jar:?]
	at org.apache.hadoop.ipc.ProtobufRpcEngine2$Server$ProtoBufRpcInvoker.call(ProtobufRpcEngine2.java:556) [hadoop-common-3.3.4.jar:?]
	at org.apache.hadoop.ipc.RPC$Server.call(RPC.java:1093) [hadoop-common-3.3.4.jar:?]
	at org.apache.hadoop.ipc.Server$RpcCall.run(Server.java:1043) [hadoop-common-3.3.4.jar:?]
	at org.apache.hadoop.ipc.Server$RpcCall.run(Server.java:971) [hadoop-common-3.3.4.jar:?]
	at java.security.AccessController.doPrivileged(Native Method) ~[?:1.8.0_362]
	at javax.security.auth.Subject.doAs(Subject.java:422) [?:1.8.0_362]
	at org.apache.hadoop.security.UserGroupInformation.doAs(UserGroupInformation.java:1878) [hadoop-common-3.3.4.jar:?]
	at org.apache.hadoop.ipc.Server$Handler.run(Server.java:2976) [hadoop-common-3.3.4.jar:?]
08:17:30.913 [IPC Server handler 9 on default port 34711] ERROR OMAudit - user=runner | ip=127.0.0.1 | op=GET_FILE_STATUS {volume=volume67802, bucket=bucket15311, key=gdir1/dir7/child, dataSize=0, replicationConfig=null} | ret=FAILURE
org.apache.hadoop.ozone.om.exceptions.OMException: Unable to get file status: volume: volume67802 bucket: bucket15311 key: gdir1/dir7/child
	at org.apache.hadoop.ozone.om.KeyManagerImpl.getOzoneFileStatus(KeyManagerImpl.java:1162) ~[ozone-manager-1.4.0-SNAPSHOT.jar:?]
	at org.apache.hadoop.ozone.om.KeyManagerImpl.getFileStatus(KeyManagerImpl.java:1080) ~[ozone-manager-1.4.0-SNAPSHOT.jar:?]
	at org.apache.hadoop.ozone.om.OmMetadataReader.getFileStatus(OmMetadataReader.java:288) ~[ozone-manager-1.4.0-SNAPSHOT.jar:?]
	at org.apache.hadoop.ozone.om.OzoneManager.getFileStatus(OzoneManager.java:3449) ~[ozone-manager-1.4.0-SNAPSHOT.jar:?]
	at org.apache.hadoop.ozone.protocolPB.OzoneManagerRequestHandler.getOzoneFileStatus(OzoneManagerRequestHandler.java:933) ~[ozone-manager-1.4.0-SNAPSHOT.jar:?]
	at org.apache.hadoop.ozone.protocolPB.OzoneManagerRequestHandler.handleReadRequest(OzoneManagerRequestHandler.java:238) ~[ozone-manager-1.4.0-SNAPSHOT.jar:?]
	at org.apache.hadoop.ozone.protocolPB.OzoneManagerProtocolServerSideTranslatorPB.submitReadRequestToOM(OzoneManagerProtocolServerSideTranslatorPB.java:223) ~[ozone-manager-1.4.0-SNAPSHOT.jar:?]
	at org.apache.hadoop.ozone.protocolPB.OzoneManagerProtocolServerSideTranslatorPB.processRequest(OzoneManagerProtocolServerSideTranslatorPB.java:177) ~[ozone-manager-1.4.0-SNAPSHOT.jar:?]
	at org.apache.hadoop.hdds.server.OzoneProtocolMessageDispatcher.processRequest(OzoneProtocolMessageDispatcher.java:87) [hdds-server-framework-1.4.0-SNAPSHOT.jar:?]
	at org.apache.hadoop.ozone.protocolPB.OzoneManagerProtocolServerSideTranslatorPB.submitRequest(OzoneManagerProtocolServerSideTranslatorPB.java:147) [ozone-manager-1.4.0-SNAPSHOT.jar:?]
	at org.apache.hadoop.ozone.protocol.proto.OzoneManagerProtocolProtos$OzoneManagerService$2.callBlockingMethod(OzoneManagerProtocolProtos.java) [ozone-interface-client-1.4.0-SNAPSHOT.jar:?]
	at org.apache.hadoop.ipc.ProtobufRpcEngine$Server.processCall(ProtobufRpcEngine.java:465) [hadoop-common-3.3.4.jar:?]
	at org.apache.hadoop.ipc.ProtobufRpcEngine2$Server$ProtoBufRpcInvoker.call(ProtobufRpcEngine2.java:578) [hadoop-common-3.3.4.jar:?]
	at org.apache.hadoop.ipc.ProtobufRpcEngine2$Server$ProtoBufRpcInvoker.call(ProtobufRpcEngine2.java:556) [hadoop-common-3.3.4.jar:?]
	at org.apache.hadoop.ipc.RPC$Server.call(RPC.java:1093) [hadoop-common-3.3.4.jar:?]
	at org.apache.hadoop.ipc.Server$RpcCall.run(Server.java:1043) [hadoop-common-3.3.4.jar:?]
	at org.apache.hadoop.ipc.Server$RpcCall.run(Server.java:971) [hadoop-common-3.3.4.jar:?]
	at java.security.AccessController.doPrivileged(Native Method) ~[?:1.8.0_362]
	at javax.security.auth.Subject.doAs(Subject.java:422) [?:1.8.0_362]
	at org.apache.hadoop.security.UserGroupInformation.doAs(UserGroupInformation.java:1878) [hadoop-common-3.3.4.jar:?]
	at org.apache.hadoop.ipc.Server$Handler.run(Server.java:2976) [hadoop-common-3.3.4.jar:?]
08:17:30.915 [IPC Server handler 10 on default port 34711] ERROR OMAudit - user=runner | ip=127.0.0.1 | op=GET_FILE_STATUS {volume=volume67802, bucket=bucket15311, key=gdir1/dir8, dataSize=0, replicationConfig=null} | ret=FAILURE
org.apache.hadoop.ozone.om.exceptions.OMException: Unable to get file status: volume: volume67802 bucket: bucket15311 key: gdir1/dir8
	at org.apache.hadoop.ozone.om.KeyManagerImpl.getOzoneFileStatus(KeyManagerImpl.java:1162) ~[ozone-manager-1.4.0-SNAPSHOT.jar:?]
	at org.apache.hadoop.ozone.om.KeyManagerImpl.getFileStatus(KeyManagerImpl.java:1080) ~[ozone-manager-1.4.0-SNAPSHOT.jar:?]
	at org.apache.hadoop.ozone.om.OmMetadataReader.getFileStatus(OmMetadataReader.java:288) ~[ozone-manager-1.4.0-SNAPSHOT.jar:?]
	at org.apache.hadoop.ozone.om.OzoneManager.getFileStatus(OzoneManager.java:3449) ~[ozone-manager-1.4.0-SNAPSHOT.jar:?]
	at org.apache.hadoop.ozone.protocolPB.OzoneManagerRequestHandler.getOzoneFileStatus(OzoneManagerRequestHandler.java:933) ~[ozone-manager-1.4.0-SNAPSHOT.jar:?]
	at org.apache.hadoop.ozone.protocolPB.OzoneManagerRequestHandler.handleReadRequest(OzoneManagerRequestHandler.java:238) ~[ozone-manager-1.4.0-SNAPSHOT.jar:?]
	at org.apache.hadoop.ozone.protocolPB.OzoneManagerProtocolServerSideTranslatorPB.submitReadRequestToOM(OzoneManagerProtocolServerSideTranslatorPB.java:223) ~[ozone-manager-1.4.0-SNAPSHOT.jar:?]
	at org.apache.hadoop.ozone.protocolPB.OzoneManagerProtocolServerSideTranslatorPB.processRequest(OzoneManagerProtocolServerSideTranslatorPB.java:177) ~[ozone-manager-1.4.0-SNAPSHOT.jar:?]
	at org.apache.hadoop.hdds.server.OzoneProtocolMessageDispatcher.processRequest(OzoneProtocolMessageDispatcher.java:87) [hdds-server-framework-1.4.0-SNAPSHOT.jar:?]
	at org.apache.hadoop.ozone.protocolPB.OzoneManagerProtocolServerSideTranslatorPB.submitRequest(OzoneManagerProtocolServerSideTranslatorPB.java:147) [ozone-manager-1.4.0-SNAPSHOT.jar:?]
	at org.apache.hadoop.ozone.protocol.proto.OzoneManagerProtocolProtos$OzoneManagerService$2.callBlockingMethod(OzoneManagerProtocolProtos.java) [ozone-interface-client-1.4.0-SNAPSHOT.jar:?]
	at org.apache.hadoop.ipc.ProtobufRpcEngine$Server.processCall(ProtobufRpcEngine.java:465) [hadoop-common-3.3.4.jar:?]
	at org.apache.hadoop.ipc.ProtobufRpcEngine2$Server$ProtoBufRpcInvoker.call(ProtobufRpcEngine2.java:578) [hadoop-common-3.3.4.jar:?]
	at org.apache.hadoop.ipc.ProtobufRpcEngine2$Server$ProtoBufRpcInvoker.call(ProtobufRpcEngine2.java:556) [hadoop-common-3.3.4.jar:?]
	at org.apache.hadoop.ipc.RPC$Server.call(RPC.java:1093) [hadoop-common-3.3.4.jar:?]
	at org.apache.hadoop.ipc.Server$RpcCall.run(Server.java:1043) [hadoop-common-3.3.4.jar:?]
	at org.apache.hadoop.ipc.Server$RpcCall.run(Server.java:971) [hadoop-common-3.3.4.jar:?]
	at java.security.AccessController.doPrivileged(Native Method) ~[?:1.8.0_362]
	at javax.security.auth.Subject.doAs(Subject.java:422) [?:1.8.0_362]
	at org.apache.hadoop.security.UserGroupInformation.doAs(UserGroupInformation.java:1878) [hadoop-common-3.3.4.jar:?]
	at org.apache.hadoop.ipc.Server$Handler.run(Server.java:2976) [hadoop-common-3.3.4.jar:?]
08:17:30.916 [IPC Server handler 11 on default port 34711] ERROR OMAudit - user=runner | ip=127.0.0.1 | op=GET_FILE_STATUS {volume=volume67802, bucket=bucket15311, key=gdir1/dir8/child, dataSize=0, replicationConfig=null} | ret=FAILURE
org.apache.hadoop.ozone.om.exceptions.OMException: Unable to get file status: volume: volume67802 bucket: bucket15311 key: gdir1/dir8/child
	at org.apache.hadoop.ozone.om.KeyManagerImpl.getOzoneFileStatus(KeyManagerImpl.java:1162) ~[ozone-manager-1.4.0-SNAPSHOT.jar:?]
	at org.apache.hadoop.ozone.om.KeyManagerImpl.getFileStatus(KeyManagerImpl.java:1080) ~[ozone-manager-1.4.0-SNAPSHOT.jar:?]
	at org.apache.hadoop.ozone.om.OmMetadataReader.getFileStatus(OmMetadataReader.java:288) ~[ozone-manager-1.4.0-SNAPSHOT.jar:?]
	at org.apache.hadoop.ozone.om.OzoneManager.getFileStatus(OzoneManager.java:3449) ~[ozone-manager-1.4.0-SNAPSHOT.jar:?]
	at org.apache.hadoop.ozone.protocolPB.OzoneManagerRequestHandler.getOzoneFileStatus(OzoneManagerRequestHandler.java:933) ~[ozone-manager-1.4.0-SNAPSHOT.jar:?]
	at org.apache.hadoop.ozone.protocolPB.OzoneManagerRequestHandler.handleReadRequest(OzoneManagerRequestHandler.java:238) ~[ozone-manager-1.4.0-SNAPSHOT.jar:?]
	at org.apache.hadoop.ozone.protocolPB.OzoneManagerProtocolServerSideTranslatorPB.submitReadRequestToOM(OzoneManagerProtocolServerSideTranslatorPB.java:223) ~[ozone-manager-1.4.0-SNAPSHOT.jar:?]
	at org.apache.hadoop.ozone.protocolPB.OzoneManagerProtocolServerSideTranslatorPB.processRequest(OzoneManagerProtocolServerSideTranslatorPB.java:177) ~[ozone-manager-1.4.0-SNAPSHOT.jar:?]
	at org.apache.hadoop.hdds.server.OzoneProtocolMessageDispatcher.processRequest(OzoneProtocolMessageDispatcher.java:87) [hdds-server-framework-1.4.0-SNAPSHOT.jar:?]
	at org.apache.hadoop.ozone.protocolPB.OzoneManagerProtocolServerSideTranslatorPB.submitRequest(OzoneManagerProtocolServerSideTranslatorPB.java:147) [ozone-manager-1.4.0-SNAPSHOT.jar:?]
	at org.apache.hadoop.ozone.protocol.proto.OzoneManagerProtocolProtos$OzoneManagerService$2.callBlockingMethod(OzoneManagerProtocolProtos.java) [ozone-interface-client-1.4.0-SNAPSHOT.jar:?]
	at org.apache.hadoop.ipc.ProtobufRpcEngine$Server.processCall(ProtobufRpcEngine.java:465) [hadoop-common-3.3.4.jar:?]
	at org.apache.hadoop.ipc.ProtobufRpcEngine2$Server$ProtoBufRpcInvoker.call(ProtobufRpcEngine2.java:578) [hadoop-common-3.3.4.jar:?]
	at org.apache.hadoop.ipc.ProtobufRpcEngine2$Server$ProtoBufRpcInvoker.call(ProtobufRpcEngine2.java:556) [hadoop-common-3.3.4.jar:?]
	at org.apache.hadoop.ipc.RPC$Server.call(RPC.java:1093) [hadoop-common-3.3.4.jar:?]
	at org.apache.hadoop.ipc.Server$RpcCall.run(Server.java:1043) [hadoop-common-3.3.4.jar:?]
	at org.apache.hadoop.ipc.Server$RpcCall.run(Server.java:971) [hadoop-common-3.3.4.jar:?]
	at java.security.AccessController.doPrivileged(Native Method) ~[?:1.8.0_362]
	at javax.security.auth.Subject.doAs(Subject.java:422) [?:1.8.0_362]
	at org.apache.hadoop.security.UserGroupInformation.doAs(UserGroupInformation.java:1878) [hadoop-common-3.3.4.jar:?]
	at org.apache.hadoop.ipc.Server$Handler.run(Server.java:2976) [hadoop-common-3.3.4.jar:?]
08:17:30.918 [IPC Server handler 12 on default port 34711] ERROR OMAudit - user=runner | ip=127.0.0.1 | op=GET_FILE_STATUS {volume=volume67802, bucket=bucket15311, key=gdir1/dir9, dataSize=0, replicationConfig=null} | ret=FAILURE
org.apache.hadoop.ozone.om.exceptions.OMException: Unable to get file status: volume: volume67802 bucket: bucket15311 key: gdir1/dir9
	at org.apache.hadoop.ozone.om.KeyManagerImpl.getOzoneFileStatus(KeyManagerImpl.java:1162) ~[ozone-manager-1.4.0-SNAPSHOT.jar:?]
	at org.apache.hadoop.ozone.om.KeyManagerImpl.getFileStatus(KeyManagerImpl.java:1080) ~[ozone-manager-1.4.0-SNAPSHOT.jar:?]
	at org.apache.hadoop.ozone.om.OmMetadataReader.getFileStatus(OmMetadataReader.java:288) ~[ozone-manager-1.4.0-SNAPSHOT.jar:?]
	at org.apache.hadoop.ozone.om.OzoneManager.getFileStatus(OzoneManager.java:3449) ~[ozone-manager-1.4.0-SNAPSHOT.jar:?]
	at org.apache.hadoop.ozone.protocolPB.OzoneManagerRequestHandler.getOzoneFileStatus(OzoneManagerRequestHandler.java:933) ~[ozone-manager-1.4.0-SNAPSHOT.jar:?]
	at org.apache.hadoop.ozone.protocolPB.OzoneManagerRequestHandler.handleReadRequest(OzoneManagerRequestHandler.java:238) ~[ozone-manager-1.4.0-SNAPSHOT.jar:?]
	at org.apache.hadoop.ozone.protocolPB.OzoneManagerProtocolServerSideTranslatorPB.submitReadRequestToOM(OzoneManagerProtocolServerSideTranslatorPB.java:223) ~[ozone-manager-1.4.0-SNAPSHOT.jar:?]
	at org.apache.hadoop.ozone.protocolPB.OzoneManagerProtocolServerSideTranslatorPB.processRequest(OzoneManagerProtocolServerSideTranslatorPB.java:177) ~[ozone-manager-1.4.0-SNAPSHOT.jar:?]
	at org.apache.hadoop.hdds.server.OzoneProtocolMessageDispatcher.processRequest(OzoneProtocolMessageDispatcher.java:87) [hdds-server-framework-1.4.0-SNAPSHOT.jar:?]
	at org.apache.hadoop.ozone.protocolPB.OzoneManagerProtocolServerSideTranslatorPB.submitRequest(OzoneManagerProtocolServerSideTranslatorPB.java:147) [ozone-manager-1.4.0-SNAPSHOT.jar:?]
	at org.apache.hadoop.ozone.protocol.proto.OzoneManagerProtocolProtos$OzoneManagerService$2.callBlockingMethod(OzoneManagerProtocolProtos.java) [ozone-interface-client-1.4.0-SNAPSHOT.jar:?]
	at org.apache.hadoop.ipc.ProtobufRpcEngine$Server.processCall(ProtobufRpcEngine.java:465) [hadoop-common-3.3.4.jar:?]
	at org.apache.hadoop.ipc.ProtobufRpcEngine2$Server$ProtoBufRpcInvoker.call(ProtobufRpcEngine2.java:578) [hadoop-common-3.3.4.jar:?]
	at org.apache.hadoop.ipc.ProtobufRpcEngine2$Server$ProtoBufRpcInvoker.call(ProtobufRpcEngine2.java:556) [hadoop-common-3.3.4.jar:?]
	at org.apache.hadoop.ipc.RPC$Server.call(RPC.java:1093) [hadoop-common-3.3.4.jar:?]
	at org.apache.hadoop.ipc.Server$RpcCall.run(Server.java:1043) [hadoop-common-3.3.4.jar:?]
	at org.apache.hadoop.ipc.Server$RpcCall.run(Server.java:971) [hadoop-common-3.3.4.jar:?]
	at java.security.AccessController.doPrivileged(Native Method) ~[?:1.8.0_362]
	at javax.security.auth.Subject.doAs(Subject.java:422) [?:1.8.0_362]
	at org.apache.hadoop.security.UserGroupInformation.doAs(UserGroupInformation.java:1878) [hadoop-common-3.3.4.jar:?]
	at org.apache.hadoop.ipc.Server$Handler.run(Server.java:2976) [hadoop-common-3.3.4.jar:?]
08:17:30.919 [IPC Server handler 13 on default port 34711] ERROR OMAudit - user=runner | ip=127.0.0.1 | op=GET_FILE_STATUS {volume=volume67802, bucket=bucket15311, key=gdir1/dir9/child, dataSize=0, replicationConfig=null} | ret=FAILURE
org.apache.hadoop.ozone.om.exceptions.OMException: Unable to get file status: volume: volume67802 bucket: bucket15311 key: gdir1/dir9/child
	at org.apache.hadoop.ozone.om.KeyManagerImpl.getOzoneFileStatus(KeyManagerImpl.java:1162) ~[ozone-manager-1.4.0-SNAPSHOT.jar:?]
	at org.apache.hadoop.ozone.om.KeyManagerImpl.getFileStatus(KeyManagerImpl.java:1080) ~[ozone-manager-1.4.0-SNAPSHOT.jar:?]
	at org.apache.hadoop.ozone.om.OmMetadataReader.getFileStatus(OmMetadataReader.java:288) ~[ozone-manager-1.4.0-SNAPSHOT.jar:?]
	at org.apache.hadoop.ozone.om.OzoneManager.getFileStatus(OzoneManager.java:3449) ~[ozone-manager-1.4.0-SNAPSHOT.jar:?]
	at org.apache.hadoop.ozone.protocolPB.OzoneManagerRequestHandler.getOzoneFileStatus(OzoneManagerRequestHandler.java:933) ~[ozone-manager-1.4.0-SNAPSHOT.jar:?]
	at org.apache.hadoop.ozone.protocolPB.OzoneManagerRequestHandler.handleReadRequest(OzoneManagerRequestHandler.java:238) ~[ozone-manager-1.4.0-SNAPSHOT.jar:?]
	at org.apache.hadoop.ozone.protocolPB.OzoneManagerProtocolServerSideTranslatorPB.submitReadRequestToOM(OzoneManagerProtocolServerSideTranslatorPB.java:223) ~[ozone-manager-1.4.0-SNAPSHOT.jar:?]
	at org.apache.hadoop.ozone.protocolPB.OzoneManagerProtocolServerSideTranslatorPB.processRequest(OzoneManagerProtocolServerSideTranslatorPB.java:177) ~[ozone-manager-1.4.0-SNAPSHOT.jar:?]
	at org.apache.hadoop.hdds.server.OzoneProtocolMessageDispatcher.processRequest(OzoneProtocolMessageDispatcher.java:87) [hdds-server-framework-1.4.0-SNAPSHOT.jar:?]
	at org.apache.hadoop.ozone.protocolPB.OzoneManagerProtocolServerSideTranslatorPB.submitRequest(OzoneManagerProtocolServerSideTranslatorPB.java:147) [ozone-manager-1.4.0-SNAPSHOT.jar:?]
	at org.apache.hadoop.ozone.protocol.proto.OzoneManagerProtocolProtos$OzoneManagerService$2.callBlockingMethod(OzoneManagerProtocolProtos.java) [ozone-interface-client-1.4.0-SNAPSHOT.jar:?]
	at org.apache.hadoop.ipc.ProtobufRpcEngine$Server.processCall(ProtobufRpcEngine.java:465) [hadoop-common-3.3.4.jar:?]
	at org.apache.hadoop.ipc.ProtobufRpcEngine2$Server$ProtoBufRpcInvoker.call(ProtobufRpcEngine2.java:578) [hadoop-common-3.3.4.jar:?]
	at org.apache.hadoop.ipc.ProtobufRpcEngine2$Server$ProtoBufRpcInvoker.call(ProtobufRpcEngine2.java:556) [hadoop-common-3.3.4.jar:?]
	at org.apache.hadoop.ipc.RPC$Server.call(RPC.java:1093) [hadoop-common-3.3.4.jar:?]
	at org.apache.hadoop.ipc.Server$RpcCall.run(Server.java:1043) [hadoop-common-3.3.4.jar:?]
	at org.apache.hadoop.ipc.Server$RpcCall.run(Server.java:971) [hadoop-common-3.3.4.jar:?]
	at java.security.AccessController.doPrivileged(Native Method) ~[?:1.8.0_362]
	at javax.security.auth.Subject.doAs(Subject.java:422) [?:1.8.0_362]
	at org.apache.hadoop.security.UserGroupInformation.doAs(UserGroupInformation.java:1878) [hadoop-common-3.3.4.jar:?]
	at org.apache.hadoop.ipc.Server$Handler.run(Server.java:2976) [hadoop-common-3.3.4.jar:?]
08:17:30.920 [IPC Server handler 14 on default port 34711] ERROR OMAudit - user=runner | ip=127.0.0.1 | op=GET_FILE_STATUS {volume=volume67802, bucket=bucket15311, key=gdir1/dir10, dataSize=0, replicationConfig=null} | ret=FAILURE
org.apache.hadoop.ozone.om.exceptions.OMException: Unable to get file status: volume: volume67802 bucket: bucket15311 key: gdir1/dir10
	at org.apache.hadoop.ozone.om.KeyManagerImpl.getOzoneFileStatus(KeyManagerImpl.java:1162) ~[ozone-manager-1.4.0-SNAPSHOT.jar:?]
	at org.apache.hadoop.ozone.om.KeyManagerImpl.getFileStatus(KeyManagerImpl.java:1080) ~[ozone-manager-1.4.0-SNAPSHOT.jar:?]
	at org.apache.hadoop.ozone.om.OmMetadataReader.getFileStatus(OmMetadataReader.java:288) ~[ozone-manager-1.4.0-SNAPSHOT.jar:?]
	at org.apache.hadoop.ozone.om.OzoneManager.getFileStatus(OzoneManager.java:3449) ~[ozone-manager-1.4.0-SNAPSHOT.jar:?]
	at org.apache.hadoop.ozone.protocolPB.OzoneManagerRequestHandler.getOzoneFileStatus(OzoneManagerRequestHandler.java:933) ~[ozone-manager-1.4.0-SNAPSHOT.jar:?]
	at org.apache.hadoop.ozone.protocolPB.OzoneManagerRequestHandler.handleReadRequest(OzoneManagerRequestHandler.java:238) ~[ozone-manager-1.4.0-SNAPSHOT.jar:?]
	at org.apache.hadoop.ozone.protocolPB.OzoneManagerProtocolServerSideTranslatorPB.submitReadRequestToOM(OzoneManagerProtocolServerSideTranslatorPB.java:223) ~[ozone-manager-1.4.0-SNAPSHOT.jar:?]
	at org.apache.hadoop.ozone.protocolPB.OzoneManagerProtocolServerSideTranslatorPB.processRequest(OzoneManagerProtocolServerSideTranslatorPB.java:177) ~[ozone-manager-1.4.0-SNAPSHOT.jar:?]
	at org.apache.hadoop.hdds.server.OzoneProtocolMessageDispatcher.processRequest(OzoneProtocolMessageDispatcher.java:87) [hdds-server-framework-1.4.0-SNAPSHOT.jar:?]
	at org.apache.hadoop.ozone.protocolPB.OzoneManagerProtocolServerSideTranslatorPB.submitRequest(OzoneManagerProtocolServerSideTranslatorPB.java:147) [ozone-manager-1.4.0-SNAPSHOT.jar:?]
	at org.apache.hadoop.ozone.protocol.proto.OzoneManagerProtocolProtos$OzoneManagerService$2.callBlockingMethod(OzoneManagerProtocolProtos.java) [ozone-interface-client-1.4.0-SNAPSHOT.jar:?]
	at org.apache.hadoop.ipc.ProtobufRpcEngine$Server.processCall(ProtobufRpcEngine.java:465) [hadoop-common-3.3.4.jar:?]
	at org.apache.hadoop.ipc.ProtobufRpcEngine2$Server$ProtoBufRpcInvoker.call(ProtobufRpcEngine2.java:578) [hadoop-common-3.3.4.jar:?]
	at org.apache.hadoop.ipc.ProtobufRpcEngine2$Server$ProtoBufRpcInvoker.call(ProtobufRpcEngine2.java:556) [hadoop-common-3.3.4.jar:?]
	at org.apache.hadoop.ipc.RPC$Server.call(RPC.java:1093) [hadoop-common-3.3.4.jar:?]
	at org.apache.hadoop.ipc.Server$RpcCall.run(Server.java:1043) [hadoop-common-3.3.4.jar:?]
	at org.apache.hadoop.ipc.Server$RpcCall.run(Server.java:971) [hadoop-common-3.3.4.jar:?]
	at java.security.AccessController.doPrivileged(Native Method) ~[?:1.8.0_362]
	at javax.security.auth.Subject.doAs(Subject.java:422) [?:1.8.0_362]
	at org.apache.hadoop.security.UserGroupInformation.doAs(UserGroupInformation.java:1878) [hadoop-common-3.3.4.jar:?]
	at org.apache.hadoop.ipc.Server$Handler.run(Server.java:2976) [hadoop-common-3.3.4.jar:?]
08:17:30.921 [IPC Server handler 15 on default port 34711] ERROR OMAudit - user=runner | ip=127.0.0.1 | op=GET_FILE_STATUS {volume=volume67802, bucket=bucket15311, key=gdir1/dir10/child, dataSize=0, replicationConfig=null} | ret=FAILURE
org.apache.hadoop.ozone.om.exceptions.OMException: Unable to get file status: volume: volume67802 bucket: bucket15311 key: gdir1/dir10/child
	at org.apache.hadoop.ozone.om.KeyManagerImpl.getOzoneFileStatus(KeyManagerImpl.java:1162) ~[ozone-manager-1.4.0-SNAPSHOT.jar:?]
	at org.apache.hadoop.ozone.om.KeyManagerImpl.getFileStatus(KeyManagerImpl.java:1080) ~[ozone-manager-1.4.0-SNAPSHOT.jar:?]
	at org.apache.hadoop.ozone.om.OmMetadataReader.getFileStatus(OmMetadataReader.java:288) ~[ozone-manager-1.4.0-SNAPSHOT.jar:?]
	at org.apache.hadoop.ozone.om.OzoneManager.getFileStatus(OzoneManager.java:3449) ~[ozone-manager-1.4.0-SNAPSHOT.jar:?]
	at org.apache.hadoop.ozone.protocolPB.OzoneManagerRequestHandler.getOzoneFileStatus(OzoneManagerRequestHandler.java:933) ~[ozone-manager-1.4.0-SNAPSHOT.jar:?]
	at org.apache.hadoop.ozone.protocolPB.OzoneManagerRequestHandler.handleReadRequest(OzoneManagerRequestHandler.java:238) ~[ozone-manager-1.4.0-SNAPSHOT.jar:?]
	at org.apache.hadoop.ozone.protocolPB.OzoneManagerProtocolServerSideTranslatorPB.submitReadRequestToOM(OzoneManagerProtocolServerSideTranslatorPB.java:223) ~[ozone-manager-1.4.0-SNAPSHOT.jar:?]
	at org.apache.hadoop.ozone.protocolPB.OzoneManagerProtocolServerSideTranslatorPB.processRequest(OzoneManagerProtocolServerSideTranslatorPB.java:177) ~[ozone-manager-1.4.0-SNAPSHOT.jar:?]
	at org.apache.hadoop.hdds.server.OzoneProtocolMessageDispatcher.processRequest(OzoneProtocolMessageDispatcher.java:87) [hdds-server-framework-1.4.0-SNAPSHOT.jar:?]
	at org.apache.hadoop.ozone.protocolPB.OzoneManagerProtocolServerSideTranslatorPB.submitRequest(OzoneManagerProtocolServerSideTranslatorPB.java:147) [ozone-manager-1.4.0-SNAPSHOT.jar:?]
	at org.apache.hadoop.ozone.protocol.proto.OzoneManagerProtocolProtos$OzoneManagerService$2.callBlockingMethod(OzoneManagerProtocolProtos.java) [ozone-interface-client-1.4.0-SNAPSHOT.jar:?]
	at org.apache.hadoop.ipc.ProtobufRpcEngine$Server.processCall(ProtobufRpcEngine.java:465) [hadoop-common-3.3.4.jar:?]
	at org.apache.hadoop.ipc.ProtobufRpcEngine2$Server$ProtoBufRpcInvoker.call(ProtobufRpcEngine2.java:578) [hadoop-common-3.3.4.jar:?]
	at org.apache.hadoop.ipc.ProtobufRpcEngine2$Server$ProtoBufRpcInvoker.call(ProtobufRpcEngine2.java:556) [hadoop-common-3.3.4.jar:?]
	at org.apache.hadoop.ipc.RPC$Server.call(RPC.java:1093) [hadoop-common-3.3.4.jar:?]
	at org.apache.hadoop.ipc.Server$RpcCall.run(Server.java:1043) [hadoop-common-3.3.4.jar:?]
	at org.apache.hadoop.ipc.Server$RpcCall.run(Server.java:971) [hadoop-common-3.3.4.jar:?]
	at java.security.AccessController.doPrivileged(Native Method) ~[?:1.8.0_362]
	at javax.security.auth.Subject.doAs(Subject.java:422) [?:1.8.0_362]
	at org.apache.hadoop.security.UserGroupInformation.doAs(UserGroupInformation.java:1878) [hadoop-common-3.3.4.jar:?]
	at org.apache.hadoop.ipc.Server$Handler.run(Server.java:2976) [hadoop-common-3.3.4.jar:?]
2023-02-14 08:17:30,931 [OM StateMachine ApplyTransaction Thread - 0] INFO  key.OMKeyRequest (OMKeyRequest.java:wrapUncommittedBlocksAsPseudoKey(837)) - Detect allocated but uncommitted blocks [{blockID={containerID=2, localID=111677748019200024}, length=4194304, offset=0, token=null, pipeline=null, createVersion=0, partNumber=0}] in key level0/level1/file1.
2023-02-14 08:17:30,940 [OM StateMachine ApplyTransaction Thread - 0] INFO  key.OMKeyRequest (OMKeyRequest.java:wrapUncommittedBlocksAsPseudoKey(837)) - Detect allocated but uncommitted blocks [{blockID={containerID=1, localID=111677748019200025}, length=4194304, offset=0, token=null, pipeline=null, createVersion=0, partNumber=0}] in key level0/level1/level1/file1.
2023-02-14 08:17:30,949 [OM StateMachine ApplyTransaction Thread - 0] INFO  key.OMKeyRequest (OMKeyRequest.java:wrapUncommittedBlocksAsPseudoKey(837)) - Detect allocated but uncommitted blocks [{blockID={containerID=2, localID=111677748019200026}, length=4194304, offset=0, token=null, pipeline=null, createVersion=0, partNumber=0}] in key level0/level2/file1.
2023-02-14 08:17:30,957 [OM StateMachine ApplyTransaction Thread - 0] INFO  key.OMKeyRequest (OMKeyRequest.java:wrapUncommittedBlocksAsPseudoKey(837)) - Detect allocated but uncommitted blocks [{blockID={containerID=1, localID=111677748019200027}, length=4194304, offset=0, token=null, pipeline=null, createVersion=0, partNumber=0}] in key level0/level2/level2/file1.
2023-02-14 08:17:30,966 [OM StateMachine ApplyTransaction Thread - 0] INFO  key.OMKeyRequest (OMKeyRequest.java:wrapUncommittedBlocksAsPseudoKey(837)) - Detect allocated but uncommitted blocks [{blockID={containerID=2, localID=111677748019200028}, length=4194304, offset=0, token=null, pipeline=null, createVersion=0, partNumber=0}] in key level0/level3/file1.
2023-02-14 08:17:30,974 [OM StateMachine ApplyTransaction Thread - 0] INFO  key.OMKeyRequest (OMKeyRequest.java:wrapUncommittedBlocksAsPseudoKey(837)) - Detect allocated but uncommitted blocks [{blockID={containerID=1, localID=111677748019200029}, length=4194304, offset=0, token=null, pipeline=null, createVersion=0, partNumber=0}] in key level0/level3/level3/file1.
08:17:31.035 [IPC Server handler 9 on default port 34711] ERROR OMAudit - user=runner | ip=127.0.0.1 | op=GET_FILE_STATUS {volume=volume67802, bucket=bucket15311, key=level0, dataSize=0, replicationConfig=null} | ret=FAILURE
org.apache.hadoop.ozone.om.exceptions.OMException: Unable to get file status: volume: volume67802 bucket: bucket15311 key: level0
	at org.apache.hadoop.ozone.om.KeyManagerImpl.getOzoneFileStatus(KeyManagerImpl.java:1162) ~[ozone-manager-1.4.0-SNAPSHOT.jar:?]
	at org.apache.hadoop.ozone.om.KeyManagerImpl.getFileStatus(KeyManagerImpl.java:1080) ~[ozone-manager-1.4.0-SNAPSHOT.jar:?]
	at org.apache.hadoop.ozone.om.OmMetadataReader.getFileStatus(OmMetadataReader.java:288) ~[ozone-manager-1.4.0-SNAPSHOT.jar:?]
	at org.apache.hadoop.ozone.om.OzoneManager.getFileStatus(OzoneManager.java:3449) ~[ozone-manager-1.4.0-SNAPSHOT.jar:?]
	at org.apache.hadoop.ozone.protocolPB.OzoneManagerRequestHandler.getOzoneFileStatus(OzoneManagerRequestHandler.java:933) ~[ozone-manager-1.4.0-SNAPSHOT.jar:?]
	at org.apache.hadoop.ozone.protocolPB.OzoneManagerRequestHandler.handleReadRequest(OzoneManagerRequestHandler.java:238) ~[ozone-manager-1.4.0-SNAPSHOT.jar:?]
	at org.apache.hadoop.ozone.protocolPB.OzoneManagerProtocolServerSideTranslatorPB.submitReadRequestToOM(OzoneManagerProtocolServerSideTranslatorPB.java:223) ~[ozone-manager-1.4.0-SNAPSHOT.jar:?]
	at org.apache.hadoop.ozone.protocolPB.OzoneManagerProtocolServerSideTranslatorPB.processRequest(OzoneManagerProtocolServerSideTranslatorPB.java:177) ~[ozone-manager-1.4.0-SNAPSHOT.jar:?]
	at org.apache.hadoop.hdds.server.OzoneProtocolMessageDispatcher.processRequest(OzoneProtocolMessageDispatcher.java:87) [hdds-server-framework-1.4.0-SNAPSHOT.jar:?]
	at org.apache.hadoop.ozone.protocolPB.OzoneManagerProtocolServerSideTranslatorPB.submitRequest(OzoneManagerProtocolServerSideTranslatorPB.java:147) [ozone-manager-1.4.0-SNAPSHOT.jar:?]
	at org.apache.hadoop.ozone.protocol.proto.OzoneManagerProtocolProtos$OzoneManagerService$2.callBlockingMethod(OzoneManagerProtocolProtos.java) [ozone-interface-client-1.4.0-SNAPSHOT.jar:?]
	at org.apache.hadoop.ipc.ProtobufRpcEngine$Server.processCall(ProtobufRpcEngine.java:465) [hadoop-common-3.3.4.jar:?]
	at org.apache.hadoop.ipc.ProtobufRpcEngine2$Server$ProtoBufRpcInvoker.call(ProtobufRpcEngine2.java:578) [hadoop-common-3.3.4.jar:?]
	at org.apache.hadoop.ipc.ProtobufRpcEngine2$Server$ProtoBufRpcInvoker.call(ProtobufRpcEngine2.java:556) [hadoop-common-3.3.4.jar:?]
	at org.apache.hadoop.ipc.RPC$Server.call(RPC.java:1093) [hadoop-common-3.3.4.jar:?]
	at org.apache.hadoop.ipc.Server$RpcCall.run(Server.java:1043) [hadoop-common-3.3.4.jar:?]
	at org.apache.hadoop.ipc.Server$RpcCall.run(Server.java:971) [hadoop-common-3.3.4.jar:?]
	at java.security.AccessController.doPrivileged(Native Method) ~[?:1.8.0_362]
	at javax.security.auth.Subject.doAs(Subject.java:422) [?:1.8.0_362]
	at org.apache.hadoop.security.UserGroupInformation.doAs(UserGroupInformation.java:1878) [hadoop-common-3.3.4.jar:?]
	at org.apache.hadoop.ipc.Server$Handler.run(Server.java:2976) [hadoop-common-3.3.4.jar:?]
08:17:31.037 [IPC Server handler 10 on default port 34711] ERROR OMAudit - user=runner | ip=127.0.0.1 | op=GET_FILE_STATUS {volume=volume67802, bucket=bucket15311, key=level0/level1, dataSize=0, replicationConfig=null} | ret=FAILURE
org.apache.hadoop.ozone.om.exceptions.OMException: Unable to get file status: volume: volume67802 bucket: bucket15311 key: level0/level1
	at org.apache.hadoop.ozone.om.KeyManagerImpl.getOzoneFileStatus(KeyManagerImpl.java:1162) ~[ozone-manager-1.4.0-SNAPSHOT.jar:?]
	at org.apache.hadoop.ozone.om.KeyManagerImpl.getFileStatus(KeyManagerImpl.java:1080) ~[ozone-manager-1.4.0-SNAPSHOT.jar:?]
	at org.apache.hadoop.ozone.om.OmMetadataReader.getFileStatus(OmMetadataReader.java:288) ~[ozone-manager-1.4.0-SNAPSHOT.jar:?]
	at org.apache.hadoop.ozone.om.OzoneManager.getFileStatus(OzoneManager.java:3449) ~[ozone-manager-1.4.0-SNAPSHOT.jar:?]
	at org.apache.hadoop.ozone.protocolPB.OzoneManagerRequestHandler.getOzoneFileStatus(OzoneManagerRequestHandler.java:933) ~[ozone-manager-1.4.0-SNAPSHOT.jar:?]
	at org.apache.hadoop.ozone.protocolPB.OzoneManagerRequestHandler.handleReadRequest(OzoneManagerRequestHandler.java:238) ~[ozone-manager-1.4.0-SNAPSHOT.jar:?]
	at org.apache.hadoop.ozone.protocolPB.OzoneManagerProtocolServerSideTranslatorPB.submitReadRequestToOM(OzoneManagerProtocolServerSideTranslatorPB.java:223) ~[ozone-manager-1.4.0-SNAPSHOT.jar:?]
	at org.apache.hadoop.ozone.protocolPB.OzoneManagerProtocolServerSideTranslatorPB.processRequest(OzoneManagerProtocolServerSideTranslatorPB.java:177) ~[ozone-manager-1.4.0-SNAPSHOT.jar:?]
	at org.apache.hadoop.hdds.server.OzoneProtocolMessageDispatcher.processRequest(OzoneProtocolMessageDispatcher.java:87) [hdds-server-framework-1.4.0-SNAPSHOT.jar:?]
	at org.apache.hadoop.ozone.protocolPB.OzoneManagerProtocolServerSideTranslatorPB.submitRequest(OzoneManagerProtocolServerSideTranslatorPB.java:147) [ozone-manager-1.4.0-SNAPSHOT.jar:?]
	at org.apache.hadoop.ozone.protocol.proto.OzoneManagerProtocolProtos$OzoneManagerService$2.callBlockingMethod(OzoneManagerProtocolProtos.java) [ozone-interface-client-1.4.0-SNAPSHOT.jar:?]
	at org.apache.hadoop.ipc.ProtobufRpcEngine$Server.processCall(ProtobufRpcEngine.java:465) [hadoop-common-3.3.4.jar:?]
	at org.apache.hadoop.ipc.ProtobufRpcEngine2$Server$ProtoBufRpcInvoker.call(ProtobufRpcEngine2.java:578) [hadoop-common-3.3.4.jar:?]
	at org.apache.hadoop.ipc.ProtobufRpcEngine2$Server$ProtoBufRpcInvoker.call(ProtobufRpcEngine2.java:556) [hadoop-common-3.3.4.jar:?]
	at org.apache.hadoop.ipc.RPC$Server.call(RPC.java:1093) [hadoop-common-3.3.4.jar:?]
	at org.apache.hadoop.ipc.Server$RpcCall.run(Server.java:1043) [hadoop-common-3.3.4.jar:?]
	at org.apache.hadoop.ipc.Server$RpcCall.run(Server.java:971) [hadoop-common-3.3.4.jar:?]
	at java.security.AccessController.doPrivileged(Native Method) ~[?:1.8.0_362]
	at javax.security.auth.Subject.doAs(Subject.java:422) [?:1.8.0_362]
	at org.apache.hadoop.security.UserGroupInformation.doAs(UserGroupInformation.java:1878) [hadoop-common-3.3.4.jar:?]
	at org.apache.hadoop.ipc.Server$Handler.run(Server.java:2976) [hadoop-common-3.3.4.jar:?]
08:17:31.038 [IPC Server handler 11 on default port 34711] ERROR OMAudit - user=runner | ip=127.0.0.1 | op=GET_FILE_STATUS {volume=volume67802, bucket=bucket15311, key=level0/level1/level1, dataSize=0, replicationConfig=null} | ret=FAILURE
org.apache.hadoop.ozone.om.exceptions.OMException: Unable to get file status: volume: volume67802 bucket: bucket15311 key: level0/level1/level1
	at org.apache.hadoop.ozone.om.KeyManagerImpl.getOzoneFileStatus(KeyManagerImpl.java:1162) ~[ozone-manager-1.4.0-SNAPSHOT.jar:?]
	at org.apache.hadoop.ozone.om.KeyManagerImpl.getFileStatus(KeyManagerImpl.java:1080) ~[ozone-manager-1.4.0-SNAPSHOT.jar:?]
	at org.apache.hadoop.ozone.om.OmMetadataReader.getFileStatus(OmMetadataReader.java:288) ~[ozone-manager-1.4.0-SNAPSHOT.jar:?]
	at org.apache.hadoop.ozone.om.OzoneManager.getFileStatus(OzoneManager.java:3449) ~[ozone-manager-1.4.0-SNAPSHOT.jar:?]
	at org.apache.hadoop.ozone.protocolPB.OzoneManagerRequestHandler.getOzoneFileStatus(OzoneManagerRequestHandler.java:933) ~[ozone-manager-1.4.0-SNAPSHOT.jar:?]
	at org.apache.hadoop.ozone.protocolPB.OzoneManagerRequestHandler.handleReadRequest(OzoneManagerRequestHandler.java:238) ~[ozone-manager-1.4.0-SNAPSHOT.jar:?]
	at org.apache.hadoop.ozone.protocolPB.OzoneManagerProtocolServerSideTranslatorPB.submitReadRequestToOM(OzoneManagerProtocolServerSideTranslatorPB.java:223) ~[ozone-manager-1.4.0-SNAPSHOT.jar:?]
	at org.apache.hadoop.ozone.protocolPB.OzoneManagerProtocolServerSideTranslatorPB.processRequest(OzoneManagerProtocolServerSideTranslatorPB.java:177) ~[ozone-manager-1.4.0-SNAPSHOT.jar:?]
	at org.apache.hadoop.hdds.server.OzoneProtocolMessageDispatcher.processRequest(OzoneProtocolMessageDispatcher.java:87) [hdds-server-framework-1.4.0-SNAPSHOT.jar:?]
	at org.apache.hadoop.ozone.protocolPB.OzoneManagerProtocolServerSideTranslatorPB.submitRequest(OzoneManagerProtocolServerSideTranslatorPB.java:147) [ozone-manager-1.4.0-SNAPSHOT.jar:?]
	at org.apache.hadoop.ozone.protocol.proto.OzoneManagerProtocolProtos$OzoneManagerService$2.callBlockingMethod(OzoneManagerProtocolProtos.java) [ozone-interface-client-1.4.0-SNAPSHOT.jar:?]
	at org.apache.hadoop.ipc.ProtobufRpcEngine$Server.processCall(ProtobufRpcEngine.java:465) [hadoop-common-3.3.4.jar:?]
	at org.apache.hadoop.ipc.ProtobufRpcEngine2$Server$ProtoBufRpcInvoker.call(ProtobufRpcEngine2.java:578) [hadoop-common-3.3.4.jar:?]
	at org.apache.hadoop.ipc.ProtobufRpcEngine2$Server$ProtoBufRpcInvoker.call(ProtobufRpcEngine2.java:556) [hadoop-common-3.3.4.jar:?]
	at org.apache.hadoop.ipc.RPC$Server.call(RPC.java:1093) [hadoop-common-3.3.4.jar:?]
	at org.apache.hadoop.ipc.Server$RpcCall.run(Server.java:1043) [hadoop-common-3.3.4.jar:?]
	at org.apache.hadoop.ipc.Server$RpcCall.run(Server.java:971) [hadoop-common-3.3.4.jar:?]
	at java.security.AccessController.doPrivileged(Native Method) ~[?:1.8.0_362]
	at javax.security.auth.Subject.doAs(Subject.java:422) [?:1.8.0_362]
	at org.apache.hadoop.security.UserGroupInformation.doAs(UserGroupInformation.java:1878) [hadoop-common-3.3.4.jar:?]
	at org.apache.hadoop.ipc.Server$Handler.run(Server.java:2976) [hadoop-common-3.3.4.jar:?]
08:17:31.039 [IPC Server handler 12 on default port 34711] ERROR OMAudit - user=runner | ip=127.0.0.1 | op=GET_FILE_STATUS {volume=volume67802, bucket=bucket15311, key=level0/level1/file1, dataSize=0, replicationConfig=null} | ret=FAILURE
org.apache.hadoop.ozone.om.exceptions.OMException: Unable to get file status: volume: volume67802 bucket: bucket15311 key: level0/level1/file1
	at org.apache.hadoop.ozone.om.KeyManagerImpl.getOzoneFileStatus(KeyManagerImpl.java:1162) ~[ozone-manager-1.4.0-SNAPSHOT.jar:?]
	at org.apache.hadoop.ozone.om.KeyManagerImpl.getFileStatus(KeyManagerImpl.java:1080) ~[ozone-manager-1.4.0-SNAPSHOT.jar:?]
	at org.apache.hadoop.ozone.om.OmMetadataReader.getFileStatus(OmMetadataReader.java:288) ~[ozone-manager-1.4.0-SNAPSHOT.jar:?]
	at org.apache.hadoop.ozone.om.OzoneManager.getFileStatus(OzoneManager.java:3449) ~[ozone-manager-1.4.0-SNAPSHOT.jar:?]
	at org.apache.hadoop.ozone.protocolPB.OzoneManagerRequestHandler.getOzoneFileStatus(OzoneManagerRequestHandler.java:933) ~[ozone-manager-1.4.0-SNAPSHOT.jar:?]
	at org.apache.hadoop.ozone.protocolPB.OzoneManagerRequestHandler.handleReadRequest(OzoneManagerRequestHandler.java:238) ~[ozone-manager-1.4.0-SNAPSHOT.jar:?]
	at org.apache.hadoop.ozone.protocolPB.OzoneManagerProtocolServerSideTranslatorPB.submitReadRequestToOM(OzoneManagerProtocolServerSideTranslatorPB.java:223) ~[ozone-manager-1.4.0-SNAPSHOT.jar:?]
	at org.apache.hadoop.ozone.protocolPB.OzoneManagerProtocolServerSideTranslatorPB.processRequest(OzoneManagerProtocolServerSideTranslatorPB.java:177) ~[ozone-manager-1.4.0-SNAPSHOT.jar:?]
	at org.apache.hadoop.hdds.server.OzoneProtocolMessageDispatcher.processRequest(OzoneProtocolMessageDispatcher.java:87) [hdds-server-framework-1.4.0-SNAPSHOT.jar:?]
	at org.apache.hadoop.ozone.protocolPB.OzoneManagerProtocolServerSideTranslatorPB.submitRequest(OzoneManagerProtocolServerSideTranslatorPB.java:147) [ozone-manager-1.4.0-SNAPSHOT.jar:?]
	at org.apache.hadoop.ozone.protocol.proto.OzoneManagerProtocolProtos$OzoneManagerService$2.callBlockingMethod(OzoneManagerProtocolProtos.java) [ozone-interface-client-1.4.0-SNAPSHOT.jar:?]
	at org.apache.hadoop.ipc.ProtobufRpcEngine$Server.processCall(ProtobufRpcEngine.java:465) [hadoop-common-3.3.4.jar:?]
	at org.apache.hadoop.ipc.ProtobufRpcEngine2$Server$ProtoBufRpcInvoker.call(ProtobufRpcEngine2.java:578) [hadoop-common-3.3.4.jar:?]
	at org.apache.hadoop.ipc.ProtobufRpcEngine2$Server$ProtoBufRpcInvoker.call(ProtobufRpcEngine2.java:556) [hadoop-common-3.3.4.jar:?]
	at org.apache.hadoop.ipc.RPC$Server.call(RPC.java:1093) [hadoop-common-3.3.4.jar:?]
	at org.apache.hadoop.ipc.Server$RpcCall.run(Server.java:1043) [hadoop-common-3.3.4.jar:?]
	at org.apache.hadoop.ipc.Server$RpcCall.run(Server.java:971) [hadoop-common-3.3.4.jar:?]
	at java.security.AccessController.doPrivileged(Native Method) ~[?:1.8.0_362]
	at javax.security.auth.Subject.doAs(Subject.java:422) [?:1.8.0_362]
	at org.apache.hadoop.security.UserGroupInformation.doAs(UserGroupInformation.java:1878) [hadoop-common-3.3.4.jar:?]
	at org.apache.hadoop.ipc.Server$Handler.run(Server.java:2976) [hadoop-common-3.3.4.jar:?]
08:17:31.041 [IPC Server handler 13 on default port 34711] ERROR OMAudit - user=runner | ip=127.0.0.1 | op=GET_FILE_STATUS {volume=volume67802, bucket=bucket15311, key=level0/level1/level1/file1, dataSize=0, replicationConfig=null} | ret=FAILURE
org.apache.hadoop.ozone.om.exceptions.OMException: Unable to get file status: volume: volume67802 bucket: bucket15311 key: level0/level1/level1/file1
	at org.apache.hadoop.ozone.om.KeyManagerImpl.getOzoneFileStatus(KeyManagerImpl.java:1162) ~[ozone-manager-1.4.0-SNAPSHOT.jar:?]
	at org.apache.hadoop.ozone.om.KeyManagerImpl.getFileStatus(KeyManagerImpl.java:1080) ~[ozone-manager-1.4.0-SNAPSHOT.jar:?]
	at org.apache.hadoop.ozone.om.OmMetadataReader.getFileStatus(OmMetadataReader.java:288) ~[ozone-manager-1.4.0-SNAPSHOT.jar:?]
	at org.apache.hadoop.ozone.om.OzoneManager.getFileStatus(OzoneManager.java:3449) ~[ozone-manager-1.4.0-SNAPSHOT.jar:?]
	at org.apache.hadoop.ozone.protocolPB.OzoneManagerRequestHandler.getOzoneFileStatus(OzoneManagerRequestHandler.java:933) ~[ozone-manager-1.4.0-SNAPSHOT.jar:?]
	at org.apache.hadoop.ozone.protocolPB.OzoneManagerRequestHandler.handleReadRequest(OzoneManagerRequestHandler.java:238) ~[ozone-manager-1.4.0-SNAPSHOT.jar:?]
	at org.apache.hadoop.ozone.protocolPB.OzoneManagerProtocolServerSideTranslatorPB.submitReadRequestToOM(OzoneManagerProtocolServerSideTranslatorPB.java:223) ~[ozone-manager-1.4.0-SNAPSHOT.jar:?]
	at org.apache.hadoop.ozone.protocolPB.OzoneManagerProtocolServerSideTranslatorPB.processRequest(OzoneManagerProtocolServerSideTranslatorPB.java:177) ~[ozone-manager-1.4.0-SNAPSHOT.jar:?]
	at org.apache.hadoop.hdds.server.OzoneProtocolMessageDispatcher.processRequest(OzoneProtocolMessageDispatcher.java:87) [hdds-server-framework-1.4.0-SNAPSHOT.jar:?]
	at org.apache.hadoop.ozone.protocolPB.OzoneManagerProtocolServerSideTranslatorPB.submitRequest(OzoneManagerProtocolServerSideTranslatorPB.java:147) [ozone-manager-1.4.0-SNAPSHOT.jar:?]
	at org.apache.hadoop.ozone.protocol.proto.OzoneManagerProtocolProtos$OzoneManagerService$2.callBlockingMethod(OzoneManagerProtocolProtos.java) [ozone-interface-client-1.4.0-SNAPSHOT.jar:?]
	at org.apache.hadoop.ipc.ProtobufRpcEngine$Server.processCall(ProtobufRpcEngine.java:465) [hadoop-common-3.3.4.jar:?]
	at org.apache.hadoop.ipc.ProtobufRpcEngine2$Server$ProtoBufRpcInvoker.call(ProtobufRpcEngine2.java:578) [hadoop-common-3.3.4.jar:?]
	at org.apache.hadoop.ipc.ProtobufRpcEngine2$Server$ProtoBufRpcInvoker.call(ProtobufRpcEngine2.java:556) [hadoop-common-3.3.4.jar:?]
	at org.apache.hadoop.ipc.RPC$Server.call(RPC.java:1093) [hadoop-common-3.3.4.jar:?]
	at org.apache.hadoop.ipc.Server$RpcCall.run(Server.java:1043) [hadoop-common-3.3.4.jar:?]
	at org.apache.hadoop.ipc.Server$RpcCall.run(Server.java:971) [hadoop-common-3.3.4.jar:?]
	at java.security.AccessController.doPrivileged(Native Method) ~[?:1.8.0_362]
	at javax.security.auth.Subject.doAs(Subject.java:422) [?:1.8.0_362]
	at org.apache.hadoop.security.UserGroupInformation.doAs(UserGroupInformation.java:1878) [hadoop-common-3.3.4.jar:?]
	at org.apache.hadoop.ipc.Server$Handler.run(Server.java:2976) [hadoop-common-3.3.4.jar:?]
08:17:31.042 [IPC Server handler 14 on default port 34711] ERROR OMAudit - user=runner | ip=127.0.0.1 | op=GET_FILE_STATUS {volume=volume67802, bucket=bucket15311, key=level0/level2, dataSize=0, replicationConfig=null} | ret=FAILURE
org.apache.hadoop.ozone.om.exceptions.OMException: Unable to get file status: volume: volume67802 bucket: bucket15311 key: level0/level2
	at org.apache.hadoop.ozone.om.KeyManagerImpl.getOzoneFileStatus(KeyManagerImpl.java:1162) ~[ozone-manager-1.4.0-SNAPSHOT.jar:?]
	at org.apache.hadoop.ozone.om.KeyManagerImpl.getFileStatus(KeyManagerImpl.java:1080) ~[ozone-manager-1.4.0-SNAPSHOT.jar:?]
	at org.apache.hadoop.ozone.om.OmMetadataReader.getFileStatus(OmMetadataReader.java:288) ~[ozone-manager-1.4.0-SNAPSHOT.jar:?]
	at org.apache.hadoop.ozone.om.OzoneManager.getFileStatus(OzoneManager.java:3449) ~[ozone-manager-1.4.0-SNAPSHOT.jar:?]
	at org.apache.hadoop.ozone.protocolPB.OzoneManagerRequestHandler.getOzoneFileStatus(OzoneManagerRequestHandler.java:933) ~[ozone-manager-1.4.0-SNAPSHOT.jar:?]
	at org.apache.hadoop.ozone.protocolPB.OzoneManagerRequestHandler.handleReadRequest(OzoneManagerRequestHandler.java:238) ~[ozone-manager-1.4.0-SNAPSHOT.jar:?]
	at org.apache.hadoop.ozone.protocolPB.OzoneManagerProtocolServerSideTranslatorPB.submitReadRequestToOM(OzoneManagerProtocolServerSideTranslatorPB.java:223) ~[ozone-manager-1.4.0-SNAPSHOT.jar:?]
	at org.apache.hadoop.ozone.protocolPB.OzoneManagerProtocolServerSideTranslatorPB.processRequest(OzoneManagerProtocolServerSideTranslatorPB.java:177) ~[ozone-manager-1.4.0-SNAPSHOT.jar:?]
	at org.apache.hadoop.hdds.server.OzoneProtocolMessageDispatcher.processRequest(OzoneProtocolMessageDispatcher.java:87) [hdds-server-framework-1.4.0-SNAPSHOT.jar:?]
	at org.apache.hadoop.ozone.protocolPB.OzoneManagerProtocolServerSideTranslatorPB.submitRequest(OzoneManagerProtocolServerSideTranslatorPB.java:147) [ozone-manager-1.4.0-SNAPSHOT.jar:?]
	at org.apache.hadoop.ozone.protocol.proto.OzoneManagerProtocolProtos$OzoneManagerService$2.callBlockingMethod(OzoneManagerProtocolProtos.java) [ozone-interface-client-1.4.0-SNAPSHOT.jar:?]
	at org.apache.hadoop.ipc.ProtobufRpcEngine$Server.processCall(ProtobufRpcEngine.java:465) [hadoop-common-3.3.4.jar:?]
	at org.apache.hadoop.ipc.ProtobufRpcEngine2$Server$ProtoBufRpcInvoker.call(ProtobufRpcEngine2.java:578) [hadoop-common-3.3.4.jar:?]
	at org.apache.hadoop.ipc.ProtobufRpcEngine2$Server$ProtoBufRpcInvoker.call(ProtobufRpcEngine2.java:556) [hadoop-common-3.3.4.jar:?]
	at org.apache.hadoop.ipc.RPC$Server.call(RPC.java:1093) [hadoop-common-3.3.4.jar:?]
	at org.apache.hadoop.ipc.Server$RpcCall.run(Server.java:1043) [hadoop-common-3.3.4.jar:?]
	at org.apache.hadoop.ipc.Server$RpcCall.run(Server.java:971) [hadoop-common-3.3.4.jar:?]
	at java.security.AccessController.doPrivileged(Native Method) ~[?:1.8.0_362]
	at javax.security.auth.Subject.doAs(Subject.java:422) [?:1.8.0_362]
	at org.apache.hadoop.security.UserGroupInformation.doAs(UserGroupInformation.java:1878) [hadoop-common-3.3.4.jar:?]
	at org.apache.hadoop.ipc.Server$Handler.run(Server.java:2976) [hadoop-common-3.3.4.jar:?]
08:17:31.043 [IPC Server handler 15 on default port 34711] ERROR OMAudit - user=runner | ip=127.0.0.1 | op=GET_FILE_STATUS {volume=volume67802, bucket=bucket15311, key=level0/level2/level2, dataSize=0, replicationConfig=null} | ret=FAILURE
org.apache.hadoop.ozone.om.exceptions.OMException: Unable to get file status: volume: volume67802 bucket: bucket15311 key: level0/level2/level2
	at org.apache.hadoop.ozone.om.KeyManagerImpl.getOzoneFileStatus(KeyManagerImpl.java:1162) ~[ozone-manager-1.4.0-SNAPSHOT.jar:?]
	at org.apache.hadoop.ozone.om.KeyManagerImpl.getFileStatus(KeyManagerImpl.java:1080) ~[ozone-manager-1.4.0-SNAPSHOT.jar:?]
	at org.apache.hadoop.ozone.om.OmMetadataReader.getFileStatus(OmMetadataReader.java:288) ~[ozone-manager-1.4.0-SNAPSHOT.jar:?]
	at org.apache.hadoop.ozone.om.OzoneManager.getFileStatus(OzoneManager.java:3449) ~[ozone-manager-1.4.0-SNAPSHOT.jar:?]
	at org.apache.hadoop.ozone.protocolPB.OzoneManagerRequestHandler.getOzoneFileStatus(OzoneManagerRequestHandler.java:933) ~[ozone-manager-1.4.0-SNAPSHOT.jar:?]
	at org.apache.hadoop.ozone.protocolPB.OzoneManagerRequestHandler.handleReadRequest(OzoneManagerRequestHandler.java:238) ~[ozone-manager-1.4.0-SNAPSHOT.jar:?]
	at org.apache.hadoop.ozone.protocolPB.OzoneManagerProtocolServerSideTranslatorPB.submitReadRequestToOM(OzoneManagerProtocolServerSideTranslatorPB.java:223) ~[ozone-manager-1.4.0-SNAPSHOT.jar:?]
	at org.apache.hadoop.ozone.protocolPB.OzoneManagerProtocolServerSideTranslatorPB.processRequest(OzoneManagerProtocolServerSideTranslatorPB.java:177) ~[ozone-manager-1.4.0-SNAPSHOT.jar:?]
	at org.apache.hadoop.hdds.server.OzoneProtocolMessageDispatcher.processRequest(OzoneProtocolMessageDispatcher.java:87) [hdds-server-framework-1.4.0-SNAPSHOT.jar:?]
	at org.apache.hadoop.ozone.protocolPB.OzoneManagerProtocolServerSideTranslatorPB.submitRequest(OzoneManagerProtocolServerSideTranslatorPB.java:147) [ozone-manager-1.4.0-SNAPSHOT.jar:?]
	at org.apache.hadoop.ozone.protocol.proto.OzoneManagerProtocolProtos$OzoneManagerService$2.callBlockingMethod(OzoneManagerProtocolProtos.java) [ozone-interface-client-1.4.0-SNAPSHOT.jar:?]
	at org.apache.hadoop.ipc.ProtobufRpcEngine$Server.processCall(ProtobufRpcEngine.java:465) [hadoop-common-3.3.4.jar:?]
	at org.apache.hadoop.ipc.ProtobufRpcEngine2$Server$ProtoBufRpcInvoker.call(ProtobufRpcEngine2.java:578) [hadoop-common-3.3.4.jar:?]
	at org.apache.hadoop.ipc.ProtobufRpcEngine2$Server$ProtoBufRpcInvoker.call(ProtobufRpcEngine2.java:556) [hadoop-common-3.3.4.jar:?]
	at org.apache.hadoop.ipc.RPC$Server.call(RPC.java:1093) [hadoop-common-3.3.4.jar:?]
	at org.apache.hadoop.ipc.Server$RpcCall.run(Server.java:1043) [hadoop-common-3.3.4.jar:?]
	at org.apache.hadoop.ipc.Server$RpcCall.run(Server.java:971) [hadoop-common-3.3.4.jar:?]
	at java.security.AccessController.doPrivileged(Native Method) ~[?:1.8.0_362]
	at javax.security.auth.Subject.doAs(Subject.java:422) [?:1.8.0_362]
	at org.apache.hadoop.security.UserGroupInformation.doAs(UserGroupInformation.java:1878) [hadoop-common-3.3.4.jar:?]
	at org.apache.hadoop.ipc.Server$Handler.run(Server.java:2976) [hadoop-common-3.3.4.jar:?]
08:17:31.044 [IPC Server handler 16 on default port 34711] ERROR OMAudit - user=runner | ip=127.0.0.1 | op=GET_FILE_STATUS {volume=volume67802, bucket=bucket15311, key=level0/level2/file1, dataSize=0, replicationConfig=null} | ret=FAILURE
org.apache.hadoop.ozone.om.exceptions.OMException: Unable to get file status: volume: volume67802 bucket: bucket15311 key: level0/level2/file1
	at org.apache.hadoop.ozone.om.KeyManagerImpl.getOzoneFileStatus(KeyManagerImpl.java:1162) ~[ozone-manager-1.4.0-SNAPSHOT.jar:?]
	at org.apache.hadoop.ozone.om.KeyManagerImpl.getFileStatus(KeyManagerImpl.java:1080) ~[ozone-manager-1.4.0-SNAPSHOT.jar:?]
	at org.apache.hadoop.ozone.om.OmMetadataReader.getFileStatus(OmMetadataReader.java:288) ~[ozone-manager-1.4.0-SNAPSHOT.jar:?]
	at org.apache.hadoop.ozone.om.OzoneManager.getFileStatus(OzoneManager.java:3449) ~[ozone-manager-1.4.0-SNAPSHOT.jar:?]
	at org.apache.hadoop.ozone.protocolPB.OzoneManagerRequestHandler.getOzoneFileStatus(OzoneManagerRequestHandler.java:933) ~[ozone-manager-1.4.0-SNAPSHOT.jar:?]
	at org.apache.hadoop.ozone.protocolPB.OzoneManagerRequestHandler.handleReadRequest(OzoneManagerRequestHandler.java:238) ~[ozone-manager-1.4.0-SNAPSHOT.jar:?]
	at org.apache.hadoop.ozone.protocolPB.OzoneManagerProtocolServerSideTranslatorPB.submitReadRequestToOM(OzoneManagerProtocolServerSideTranslatorPB.java:223) ~[ozone-manager-1.4.0-SNAPSHOT.jar:?]
	at org.apache.hadoop.ozone.protocolPB.OzoneManagerProtocolServerSideTranslatorPB.processRequest(OzoneManagerProtocolServerSideTranslatorPB.java:177) ~[ozone-manager-1.4.0-SNAPSHOT.jar:?]
	at org.apache.hadoop.hdds.server.OzoneProtocolMessageDispatcher.processRequest(OzoneProtocolMessageDispatcher.java:87) [hdds-server-framework-1.4.0-SNAPSHOT.jar:?]
	at org.apache.hadoop.ozone.protocolPB.OzoneManagerProtocolServerSideTranslatorPB.submitRequest(OzoneManagerProtocolServerSideTranslatorPB.java:147) [ozone-manager-1.4.0-SNAPSHOT.jar:?]
	at org.apache.hadoop.ozone.protocol.proto.OzoneManagerProtocolProtos$OzoneManagerService$2.callBlockingMethod(OzoneManagerProtocolProtos.java) [ozone-interface-client-1.4.0-SNAPSHOT.jar:?]
	at org.apache.hadoop.ipc.ProtobufRpcEngine$Server.processCall(ProtobufRpcEngine.java:465) [hadoop-common-3.3.4.jar:?]
	at org.apache.hadoop.ipc.ProtobufRpcEngine2$Server$ProtoBufRpcInvoker.call(ProtobufRpcEngine2.java:578) [hadoop-common-3.3.4.jar:?]
	at org.apache.hadoop.ipc.ProtobufRpcEngine2$Server$ProtoBufRpcInvoker.call(ProtobufRpcEngine2.java:556) [hadoop-common-3.3.4.jar:?]
	at org.apache.hadoop.ipc.RPC$Server.call(RPC.java:1093) [hadoop-common-3.3.4.jar:?]
	at org.apache.hadoop.ipc.Server$RpcCall.run(Server.java:1043) [hadoop-common-3.3.4.jar:?]
	at org.apache.hadoop.ipc.Server$RpcCall.run(Server.java:971) [hadoop-common-3.3.4.jar:?]
	at java.security.AccessController.doPrivileged(Native Method) ~[?:1.8.0_362]
	at javax.security.auth.Subject.doAs(Subject.java:422) [?:1.8.0_362]
	at org.apache.hadoop.security.UserGroupInformation.doAs(UserGroupInformation.java:1878) [hadoop-common-3.3.4.jar:?]
	at org.apache.hadoop.ipc.Server$Handler.run(Server.java:2976) [hadoop-common-3.3.4.jar:?]
08:17:31.046 [IPC Server handler 18 on default port 34711] ERROR OMAudit - user=runner | ip=127.0.0.1 | op=GET_FILE_STATUS {volume=volume67802, bucket=bucket15311, key=level0/level2/level2/file1, dataSize=0, replicationConfig=null} | ret=FAILURE
org.apache.hadoop.ozone.om.exceptions.OMException: Unable to get file status: volume: volume67802 bucket: bucket15311 key: level0/level2/level2/file1
	at org.apache.hadoop.ozone.om.KeyManagerImpl.getOzoneFileStatus(KeyManagerImpl.java:1162) ~[ozone-manager-1.4.0-SNAPSHOT.jar:?]
	at org.apache.hadoop.ozone.om.KeyManagerImpl.getFileStatus(KeyManagerImpl.java:1080) ~[ozone-manager-1.4.0-SNAPSHOT.jar:?]
	at org.apache.hadoop.ozone.om.OmMetadataReader.getFileStatus(OmMetadataReader.java:288) ~[ozone-manager-1.4.0-SNAPSHOT.jar:?]
	at org.apache.hadoop.ozone.om.OzoneManager.getFileStatus(OzoneManager.java:3449) ~[ozone-manager-1.4.0-SNAPSHOT.jar:?]
	at org.apache.hadoop.ozone.protocolPB.OzoneManagerRequestHandler.getOzoneFileStatus(OzoneManagerRequestHandler.java:933) ~[ozone-manager-1.4.0-SNAPSHOT.jar:?]
	at org.apache.hadoop.ozone.protocolPB.OzoneManagerRequestHandler.handleReadRequest(OzoneManagerRequestHandler.java:238) ~[ozone-manager-1.4.0-SNAPSHOT.jar:?]
	at org.apache.hadoop.ozone.protocolPB.OzoneManagerProtocolServerSideTranslatorPB.submitReadRequestToOM(OzoneManagerProtocolServerSideTranslatorPB.java:223) ~[ozone-manager-1.4.0-SNAPSHOT.jar:?]
	at org.apache.hadoop.ozone.protocolPB.OzoneManagerProtocolServerSideTranslatorPB.processRequest(OzoneManagerProtocolServerSideTranslatorPB.java:177) ~[ozone-manager-1.4.0-SNAPSHOT.jar:?]
	at org.apache.hadoop.hdds.server.OzoneProtocolMessageDispatcher.processRequest(OzoneProtocolMessageDispatcher.java:87) [hdds-server-framework-1.4.0-SNAPSHOT.jar:?]
	at org.apache.hadoop.ozone.protocolPB.OzoneManagerProtocolServerSideTranslatorPB.submitRequest(OzoneManagerProtocolServerSideTranslatorPB.java:147) [ozone-manager-1.4.0-SNAPSHOT.jar:?]
	at org.apache.hadoop.ozone.protocol.proto.OzoneManagerProtocolProtos$OzoneManagerService$2.callBlockingMethod(OzoneManagerProtocolProtos.java) [ozone-interface-client-1.4.0-SNAPSHOT.jar:?]
	at org.apache.hadoop.ipc.ProtobufRpcEngine$Server.processCall(ProtobufRpcEngine.java:465) [hadoop-common-3.3.4.jar:?]
	at org.apache.hadoop.ipc.ProtobufRpcEngine2$Server$ProtoBufRpcInvoker.call(ProtobufRpcEngine2.java:578) [hadoop-common-3.3.4.jar:?]
	at org.apache.hadoop.ipc.ProtobufRpcEngine2$Server$ProtoBufRpcInvoker.call(ProtobufRpcEngine2.java:556) [hadoop-common-3.3.4.jar:?]
	at org.apache.hadoop.ipc.RPC$Server.call(RPC.java:1093) [hadoop-common-3.3.4.jar:?]
	at org.apache.hadoop.ipc.Server$RpcCall.run(Server.java:1043) [hadoop-common-3.3.4.jar:?]
	at org.apache.hadoop.ipc.Server$RpcCall.run(Server.java:971) [hadoop-common-3.3.4.jar:?]
	at java.security.AccessController.doPrivileged(Native Method) ~[?:1.8.0_362]
	at javax.security.auth.Subject.doAs(Subject.java:422) [?:1.8.0_362]
	at org.apache.hadoop.security.UserGroupInformation.doAs(UserGroupInformation.java:1878) [hadoop-common-3.3.4.jar:?]
	at org.apache.hadoop.ipc.Server$Handler.run(Server.java:2976) [hadoop-common-3.3.4.jar:?]
08:17:31.048 [IPC Server handler 0 on default port 34711] ERROR OMAudit - user=runner | ip=127.0.0.1 | op=GET_FILE_STATUS {volume=volume67802, bucket=bucket15311, key=level0/level3, dataSize=0, replicationConfig=null} | ret=FAILURE
org.apache.hadoop.ozone.om.exceptions.OMException: Unable to get file status: volume: volume67802 bucket: bucket15311 key: level0/level3
	at org.apache.hadoop.ozone.om.KeyManagerImpl.getOzoneFileStatus(KeyManagerImpl.java:1162) ~[ozone-manager-1.4.0-SNAPSHOT.jar:?]
	at org.apache.hadoop.ozone.om.KeyManagerImpl.getFileStatus(KeyManagerImpl.java:1080) ~[ozone-manager-1.4.0-SNAPSHOT.jar:?]
	at org.apache.hadoop.ozone.om.OmMetadataReader.getFileStatus(OmMetadataReader.java:288) ~[ozone-manager-1.4.0-SNAPSHOT.jar:?]
	at org.apache.hadoop.ozone.om.OzoneManager.getFileStatus(OzoneManager.java:3449) ~[ozone-manager-1.4.0-SNAPSHOT.jar:?]
	at org.apache.hadoop.ozone.protocolPB.OzoneManagerRequestHandler.getOzoneFileStatus(OzoneManagerRequestHandler.java:933) ~[ozone-manager-1.4.0-SNAPSHOT.jar:?]
	at org.apache.hadoop.ozone.protocolPB.OzoneManagerRequestHandler.handleReadRequest(OzoneManagerRequestHandler.java:238) ~[ozone-manager-1.4.0-SNAPSHOT.jar:?]
	at org.apache.hadoop.ozone.protocolPB.OzoneManagerProtocolServerSideTranslatorPB.submitReadRequestToOM(OzoneManagerProtocolServerSideTranslatorPB.java:223) ~[ozone-manager-1.4.0-SNAPSHOT.jar:?]
	at org.apache.hadoop.ozone.protocolPB.OzoneManagerProtocolServerSideTranslatorPB.processRequest(OzoneManagerProtocolServerSideTranslatorPB.java:177) ~[ozone-manager-1.4.0-SNAPSHOT.jar:?]
	at org.apache.hadoop.hdds.server.OzoneProtocolMessageDispatcher.processRequest(OzoneProtocolMessageDispatcher.java:87) [hdds-server-framework-1.4.0-SNAPSHOT.jar:?]
	at org.apache.hadoop.ozone.protocolPB.OzoneManagerProtocolServerSideTranslatorPB.submitRequest(OzoneManagerProtocolServerSideTranslatorPB.java:147) [ozone-manager-1.4.0-SNAPSHOT.jar:?]
	at org.apache.hadoop.ozone.protocol.proto.OzoneManagerProtocolProtos$OzoneManagerService$2.callBlockingMethod(OzoneManagerProtocolProtos.java) [ozone-interface-client-1.4.0-SNAPSHOT.jar:?]
	at org.apache.hadoop.ipc.ProtobufRpcEngine$Server.processCall(ProtobufRpcEngine.java:465) [hadoop-common-3.3.4.jar:?]
	at org.apache.hadoop.ipc.ProtobufRpcEngine2$Server$ProtoBufRpcInvoker.call(ProtobufRpcEngine2.java:578) [hadoop-common-3.3.4.jar:?]
	at org.apache.hadoop.ipc.ProtobufRpcEngine2$Server$ProtoBufRpcInvoker.call(ProtobufRpcEngine2.java:556) [hadoop-common-3.3.4.jar:?]
	at org.apache.hadoop.ipc.RPC$Server.call(RPC.java:1093) [hadoop-common-3.3.4.jar:?]
	at org.apache.hadoop.ipc.Server$RpcCall.run(Server.java:1043) [hadoop-common-3.3.4.jar:?]
	at org.apache.hadoop.ipc.Server$RpcCall.run(Server.java:971) [hadoop-common-3.3.4.jar:?]
	at java.security.AccessController.doPrivileged(Native Method) ~[?:1.8.0_362]
	at javax.security.auth.Subject.doAs(Subject.java:422) [?:1.8.0_362]
	at org.apache.hadoop.security.UserGroupInformation.doAs(UserGroupInformation.java:1878) [hadoop-common-3.3.4.jar:?]
	at org.apache.hadoop.ipc.Server$Handler.run(Server.java:2976) [hadoop-common-3.3.4.jar:?]
08:17:31.050 [IPC Server handler 19 on default port 34711] ERROR OMAudit - user=runner | ip=127.0.0.1 | op=GET_FILE_STATUS {volume=volume67802, bucket=bucket15311, key=level0/level3/level3, dataSize=0, replicationConfig=null} | ret=FAILURE
org.apache.hadoop.ozone.om.exceptions.OMException: Unable to get file status: volume: volume67802 bucket: bucket15311 key: level0/level3/level3
	at org.apache.hadoop.ozone.om.KeyManagerImpl.getOzoneFileStatus(KeyManagerImpl.java:1162) ~[ozone-manager-1.4.0-SNAPSHOT.jar:?]
	at org.apache.hadoop.ozone.om.KeyManagerImpl.getFileStatus(KeyManagerImpl.java:1080) ~[ozone-manager-1.4.0-SNAPSHOT.jar:?]
	at org.apache.hadoop.ozone.om.OmMetadataReader.getFileStatus(OmMetadataReader.java:288) ~[ozone-manager-1.4.0-SNAPSHOT.jar:?]
	at org.apache.hadoop.ozone.om.OzoneManager.getFileStatus(OzoneManager.java:3449) ~[ozone-manager-1.4.0-SNAPSHOT.jar:?]
	at org.apache.hadoop.ozone.protocolPB.OzoneManagerRequestHandler.getOzoneFileStatus(OzoneManagerRequestHandler.java:933) ~[ozone-manager-1.4.0-SNAPSHOT.jar:?]
	at org.apache.hadoop.ozone.protocolPB.OzoneManagerRequestHandler.handleReadRequest(OzoneManagerRequestHandler.java:238) ~[ozone-manager-1.4.0-SNAPSHOT.jar:?]
	at org.apache.hadoop.ozone.protocolPB.OzoneManagerProtocolServerSideTranslatorPB.submitReadRequestToOM(OzoneManagerProtocolServerSideTranslatorPB.java:223) ~[ozone-manager-1.4.0-SNAPSHOT.jar:?]
	at org.apache.hadoop.ozone.protocolPB.OzoneManagerProtocolServerSideTranslatorPB.processRequest(OzoneManagerProtocolServerSideTranslatorPB.java:177) ~[ozone-manager-1.4.0-SNAPSHOT.jar:?]
	at org.apache.hadoop.hdds.server.OzoneProtocolMessageDispatcher.processRequest(OzoneProtocolMessageDispatcher.java:87) [hdds-server-framework-1.4.0-SNAPSHOT.jar:?]
	at org.apache.hadoop.ozone.protocolPB.OzoneManagerProtocolServerSideTranslatorPB.submitRequest(OzoneManagerProtocolServerSideTranslatorPB.java:147) [ozone-manager-1.4.0-SNAPSHOT.jar:?]
	at org.apache.hadoop.ozone.protocol.proto.OzoneManagerProtocolProtos$OzoneManagerService$2.callBlockingMethod(OzoneManagerProtocolProtos.java) [ozone-interface-client-1.4.0-SNAPSHOT.jar:?]
	at org.apache.hadoop.ipc.ProtobufRpcEngine$Server.processCall(ProtobufRpcEngine.java:465) [hadoop-common-3.3.4.jar:?]
	at org.apache.hadoop.ipc.ProtobufRpcEngine2$Server$ProtoBufRpcInvoker.call(ProtobufRpcEngine2.java:578) [hadoop-common-3.3.4.jar:?]
	at org.apache.hadoop.ipc.ProtobufRpcEngine2$Server$ProtoBufRpcInvoker.call(ProtobufRpcEngine2.java:556) [hadoop-common-3.3.4.jar:?]
	at org.apache.hadoop.ipc.RPC$Server.call(RPC.java:1093) [hadoop-common-3.3.4.jar:?]
	at org.apache.hadoop.ipc.Server$RpcCall.run(Server.java:1043) [hadoop-common-3.3.4.jar:?]
	at org.apache.hadoop.ipc.Server$RpcCall.run(Server.java:971) [hadoop-common-3.3.4.jar:?]
	at java.security.AccessController.doPrivileged(Native Method) ~[?:1.8.0_362]
	at javax.security.auth.Subject.doAs(Subject.java:422) [?:1.8.0_362]
	at org.apache.hadoop.security.UserGroupInformation.doAs(UserGroupInformation.java:1878) [hadoop-common-3.3.4.jar:?]
	at org.apache.hadoop.ipc.Server$Handler.run(Server.java:2976) [hadoop-common-3.3.4.jar:?]
08:17:31.052 [IPC Server handler 17 on default port 34711] ERROR OMAudit - user=runner | ip=127.0.0.1 | op=GET_FILE_STATUS {volume=volume67802, bucket=bucket15311, key=level0/level3/file1, dataSize=0, replicationConfig=null} | ret=FAILURE
org.apache.hadoop.ozone.om.exceptions.OMException: Unable to get file status: volume: volume67802 bucket: bucket15311 key: level0/level3/file1
	at org.apache.hadoop.ozone.om.KeyManagerImpl.getOzoneFileStatus(KeyManagerImpl.java:1162) ~[ozone-manager-1.4.0-SNAPSHOT.jar:?]
	at org.apache.hadoop.ozone.om.KeyManagerImpl.getFileStatus(KeyManagerImpl.java:1080) ~[ozone-manager-1.4.0-SNAPSHOT.jar:?]
	at org.apache.hadoop.ozone.om.OmMetadataReader.getFileStatus(OmMetadataReader.java:288) ~[ozone-manager-1.4.0-SNAPSHOT.jar:?]
	at org.apache.hadoop.ozone.om.OzoneManager.getFileStatus(OzoneManager.java:3449) ~[ozone-manager-1.4.0-SNAPSHOT.jar:?]
	at org.apache.hadoop.ozone.protocolPB.OzoneManagerRequestHandler.getOzoneFileStatus(OzoneManagerRequestHandler.java:933) ~[ozone-manager-1.4.0-SNAPSHOT.jar:?]
	at org.apache.hadoop.ozone.protocolPB.OzoneManagerRequestHandler.handleReadRequest(OzoneManagerRequestHandler.java:238) ~[ozone-manager-1.4.0-SNAPSHOT.jar:?]
	at org.apache.hadoop.ozone.protocolPB.OzoneManagerProtocolServerSideTranslatorPB.submitReadRequestToOM(OzoneManagerProtocolServerSideTranslatorPB.java:223) ~[ozone-manager-1.4.0-SNAPSHOT.jar:?]
	at org.apache.hadoop.ozone.protocolPB.OzoneManagerProtocolServerSideTranslatorPB.processRequest(OzoneManagerProtocolServerSideTranslatorPB.java:177) ~[ozone-manager-1.4.0-SNAPSHOT.jar:?]
	at org.apache.hadoop.hdds.server.OzoneProtocolMessageDispatcher.processRequest(OzoneProtocolMessageDispatcher.java:87) [hdds-server-framework-1.4.0-SNAPSHOT.jar:?]
	at org.apache.hadoop.ozone.protocolPB.OzoneManagerProtocolServerSideTranslatorPB.submitRequest(OzoneManagerProtocolServerSideTranslatorPB.java:147) [ozone-manager-1.4.0-SNAPSHOT.jar:?]
	at org.apache.hadoop.ozone.protocol.proto.OzoneManagerProtocolProtos$OzoneManagerService$2.callBlockingMethod(OzoneManagerProtocolProtos.java) [ozone-interface-client-1.4.0-SNAPSHOT.jar:?]
	at org.apache.hadoop.ipc.ProtobufRpcEngine$Server.processCall(ProtobufRpcEngine.java:465) [hadoop-common-3.3.4.jar:?]
	at org.apache.hadoop.ipc.ProtobufRpcEngine2$Server$ProtoBufRpcInvoker.call(ProtobufRpcEngine2.java:578) [hadoop-common-3.3.4.jar:?]
	at org.apache.hadoop.ipc.ProtobufRpcEngine2$Server$ProtoBufRpcInvoker.call(ProtobufRpcEngine2.java:556) [hadoop-common-3.3.4.jar:?]
	at org.apache.hadoop.ipc.RPC$Server.call(RPC.java:1093) [hadoop-common-3.3.4.jar:?]
	at org.apache.hadoop.ipc.Server$RpcCall.run(Server.java:1043) [hadoop-common-3.3.4.jar:?]
	at org.apache.hadoop.ipc.Server$RpcCall.run(Server.java:971) [hadoop-common-3.3.4.jar:?]
	at java.security.AccessController.doPrivileged(Native Method) ~[?:1.8.0_362]
	at javax.security.auth.Subject.doAs(Subject.java:422) [?:1.8.0_362]
	at org.apache.hadoop.security.UserGroupInformation.doAs(UserGroupInformation.java:1878) [hadoop-common-3.3.4.jar:?]
	at org.apache.hadoop.ipc.Server$Handler.run(Server.java:2976) [hadoop-common-3.3.4.jar:?]
08:17:31.053 [IPC Server handler 2 on default port 34711] ERROR OMAudit - user=runner | ip=127.0.0.1 | op=GET_FILE_STATUS {volume=volume67802, bucket=bucket15311, key=level0/level3/level3/file1, dataSize=0, replicationConfig=null} | ret=FAILURE
org.apache.hadoop.ozone.om.exceptions.OMException: Unable to get file status: volume: volume67802 bucket: bucket15311 key: level0/level3/level3/file1
	at org.apache.hadoop.ozone.om.KeyManagerImpl.getOzoneFileStatus(KeyManagerImpl.java:1162) ~[ozone-manager-1.4.0-SNAPSHOT.jar:?]
	at org.apache.hadoop.ozone.om.KeyManagerImpl.getFileStatus(KeyManagerImpl.java:1080) ~[ozone-manager-1.4.0-SNAPSHOT.jar:?]
	at org.apache.hadoop.ozone.om.OmMetadataReader.getFileStatus(OmMetadataReader.java:288) ~[ozone-manager-1.4.0-SNAPSHOT.jar:?]
	at org.apache.hadoop.ozone.om.OzoneManager.getFileStatus(OzoneManager.java:3449) ~[ozone-manager-1.4.0-SNAPSHOT.jar:?]
	at org.apache.hadoop.ozone.protocolPB.OzoneManagerRequestHandler.getOzoneFileStatus(OzoneManagerRequestHandler.java:933) ~[ozone-manager-1.4.0-SNAPSHOT.jar:?]
	at org.apache.hadoop.ozone.protocolPB.OzoneManagerRequestHandler.handleReadRequest(OzoneManagerRequestHandler.java:238) ~[ozone-manager-1.4.0-SNAPSHOT.jar:?]
	at org.apache.hadoop.ozone.protocolPB.OzoneManagerProtocolServerSideTranslatorPB.submitReadRequestToOM(OzoneManagerProtocolServerSideTranslatorPB.java:223) ~[ozone-manager-1.4.0-SNAPSHOT.jar:?]
	at org.apache.hadoop.ozone.protocolPB.OzoneManagerProtocolServerSideTranslatorPB.processRequest(OzoneManagerProtocolServerSideTranslatorPB.java:177) ~[ozone-manager-1.4.0-SNAPSHOT.jar:?]
	at org.apache.hadoop.hdds.server.OzoneProtocolMessageDispatcher.processRequest(OzoneProtocolMessageDispatcher.java:87) [hdds-server-framework-1.4.0-SNAPSHOT.jar:?]
	at org.apache.hadoop.ozone.protocolPB.OzoneManagerProtocolServerSideTranslatorPB.submitRequest(OzoneManagerProtocolServerSideTranslatorPB.java:147) [ozone-manager-1.4.0-SNAPSHOT.jar:?]
	at org.apache.hadoop.ozone.protocol.proto.OzoneManagerProtocolProtos$OzoneManagerService$2.callBlockingMethod(OzoneManagerProtocolProtos.java) [ozone-interface-client-1.4.0-SNAPSHOT.jar:?]
	at org.apache.hadoop.ipc.ProtobufRpcEngine$Server.processCall(ProtobufRpcEngine.java:465) [hadoop-common-3.3.4.jar:?]
	at org.apache.hadoop.ipc.ProtobufRpcEngine2$Server$ProtoBufRpcInvoker.call(ProtobufRpcEngine2.java:578) [hadoop-common-3.3.4.jar:?]
	at org.apache.hadoop.ipc.ProtobufRpcEngine2$Server$ProtoBufRpcInvoker.call(ProtobufRpcEngine2.java:556) [hadoop-common-3.3.4.jar:?]
	at org.apache.hadoop.ipc.RPC$Server.call(RPC.java:1093) [hadoop-common-3.3.4.jar:?]
	at org.apache.hadoop.ipc.Server$RpcCall.run(Server.java:1043) [hadoop-common-3.3.4.jar:?]
	at org.apache.hadoop.ipc.Server$RpcCall.run(Server.java:971) [hadoop-common-3.3.4.jar:?]
	at java.security.AccessController.doPrivileged(Native Method) ~[?:1.8.0_362]
	at javax.security.auth.Subject.doAs(Subject.java:422) [?:1.8.0_362]
	at org.apache.hadoop.security.UserGroupInformation.doAs(UserGroupInformation.java:1878) [hadoop-common-3.3.4.jar:?]
	at org.apache.hadoop.ipc.Server$Handler.run(Server.java:2976) [hadoop-common-3.3.4.jar:?]
]]></system-out>
  </testcase>
  <testcase name="testRecursiveDelete" classname="TestOzoneFileSystem" time="0.098">
    <system-out><![CDATA[2023-02-14 08:18:29,553 [IPC Server handler 1 on default port 34455] INFO  key.OMKeyRequest (OMKeyRequest.java:wrapUncommittedBlocksAsPseudoKey(837)) - Detect allocated but uncommitted blocks [{blockID={containerID=2, localID=111677748019200014}, length=4194304, offset=0, token=null, pipeline=null, createVersion=0, partNumber=0}] in key gdir1/pdir1/child.
2023-02-14 08:18:29,555 [IPC Server handler 3 on default port 34455] INFO  key.OMKeyRequest (OMKeyRequest.java:wrapUncommittedBlocksAsPseudoKey(837)) - Detect allocated but uncommitted blocks [{blockID={containerID=1, localID=111677748019200015}, length=4194304, offset=0, token=null, pipeline=null, createVersion=0, partNumber=0}] in key gdir1/pdir2/child.
2023-02-14 08:18:29,558 [IPC Server handler 5 on default port 34455] INFO  key.OMKeyRequest (OMKeyRequest.java:wrapUncommittedBlocksAsPseudoKey(837)) - Detect allocated but uncommitted blocks [{blockID={containerID=2, localID=111677748019200016}, length=4194304, offset=0, token=null, pipeline=null, createVersion=0, partNumber=0}] in key gdir1/pdir3/child.
2023-02-14 08:18:29,561 [IPC Server handler 6 on default port 34455] INFO  key.OMKeyRequest (OMKeyRequest.java:wrapUncommittedBlocksAsPseudoKey(837)) - Detect allocated but uncommitted blocks [{blockID={containerID=1, localID=111677748019200017}, length=4194304, offset=0, token=null, pipeline=null, createVersion=0, partNumber=0}] in key gdir1/pdir4/child.
2023-02-14 08:18:29,563 [IPC Server handler 8 on default port 34455] INFO  key.OMKeyRequest (OMKeyRequest.java:wrapUncommittedBlocksAsPseudoKey(837)) - Detect allocated but uncommitted blocks [{blockID={containerID=2, localID=111677748019200018}, length=4194304, offset=0, token=null, pipeline=null, createVersion=0, partNumber=0}] in key gdir1/pdir5/child.
2023-02-14 08:18:29,566 [IPC Server handler 11 on default port 34455] INFO  key.OMKeyRequest (OMKeyRequest.java:wrapUncommittedBlocksAsPseudoKey(837)) - Detect allocated but uncommitted blocks [{blockID={containerID=1, localID=111677748019200019}, length=4194304, offset=0, token=null, pipeline=null, createVersion=0, partNumber=0}] in key gdir1/pdir6/child.
2023-02-14 08:18:29,569 [IPC Server handler 13 on default port 34455] INFO  key.OMKeyRequest (OMKeyRequest.java:wrapUncommittedBlocksAsPseudoKey(837)) - Detect allocated but uncommitted blocks [{blockID={containerID=2, localID=111677748019200020}, length=4194304, offset=0, token=null, pipeline=null, createVersion=0, partNumber=0}] in key gdir1/pdir7/child.
2023-02-14 08:18:29,573 [IPC Server handler 15 on default port 34455] INFO  key.OMKeyRequest (OMKeyRequest.java:wrapUncommittedBlocksAsPseudoKey(837)) - Detect allocated but uncommitted blocks [{blockID={containerID=1, localID=111677748019200021}, length=4194304, offset=0, token=null, pipeline=null, createVersion=0, partNumber=0}] in key gdir1/pdir8/child.
2023-02-14 08:18:29,576 [IPC Server handler 17 on default port 34455] INFO  key.OMKeyRequest (OMKeyRequest.java:wrapUncommittedBlocksAsPseudoKey(837)) - Detect allocated but uncommitted blocks [{blockID={containerID=2, localID=111677748019200022}, length=4194304, offset=0, token=null, pipeline=null, createVersion=0, partNumber=0}] in key gdir1/pdir9/child.
2023-02-14 08:18:29,578 [IPC Server handler 19 on default port 34455] INFO  key.OMKeyRequest (OMKeyRequest.java:wrapUncommittedBlocksAsPseudoKey(837)) - Detect allocated but uncommitted blocks [{blockID={containerID=1, localID=111677748019200023}, length=4194304, offset=0, token=null, pipeline=null, createVersion=0, partNumber=0}] in key gdir1/pdir10/child.
08:18:29.590 [IPC Server handler 18 on default port 34455] ERROR OMAudit - user=runner | ip=127.0.0.1 | op=GET_FILE_STATUS {volume=volume94786, bucket=bucket02286, key=gdir1, dataSize=0, replicationConfig=null} | ret=FAILURE
org.apache.hadoop.ozone.om.exceptions.OMException: Unable to get file status: volume: volume94786 bucket: bucket02286 key: gdir1
	at org.apache.hadoop.ozone.om.KeyManagerImpl.getOzoneFileStatus(KeyManagerImpl.java:1162) ~[ozone-manager-1.4.0-SNAPSHOT.jar:?]
	at org.apache.hadoop.ozone.om.KeyManagerImpl.getFileStatus(KeyManagerImpl.java:1080) ~[ozone-manager-1.4.0-SNAPSHOT.jar:?]
	at org.apache.hadoop.ozone.om.OmMetadataReader.getFileStatus(OmMetadataReader.java:288) ~[ozone-manager-1.4.0-SNAPSHOT.jar:?]
	at org.apache.hadoop.ozone.om.OzoneManager.getFileStatus(OzoneManager.java:3449) ~[ozone-manager-1.4.0-SNAPSHOT.jar:?]
	at org.apache.hadoop.ozone.protocolPB.OzoneManagerRequestHandler.getOzoneFileStatus(OzoneManagerRequestHandler.java:933) ~[ozone-manager-1.4.0-SNAPSHOT.jar:?]
	at org.apache.hadoop.ozone.protocolPB.OzoneManagerRequestHandler.handleReadRequest(OzoneManagerRequestHandler.java:238) ~[ozone-manager-1.4.0-SNAPSHOT.jar:?]
	at org.apache.hadoop.ozone.protocolPB.OzoneManagerProtocolServerSideTranslatorPB.submitRequestDirectlyToOM(OzoneManagerProtocolServerSideTranslatorPB.java:271) ~[ozone-manager-1.4.0-SNAPSHOT.jar:?]
	at org.apache.hadoop.ozone.protocolPB.OzoneManagerProtocolServerSideTranslatorPB.processRequest(OzoneManagerProtocolServerSideTranslatorPB.java:173) ~[ozone-manager-1.4.0-SNAPSHOT.jar:?]
	at org.apache.hadoop.hdds.server.OzoneProtocolMessageDispatcher.processRequest(OzoneProtocolMessageDispatcher.java:87) [hdds-server-framework-1.4.0-SNAPSHOT.jar:?]
	at org.apache.hadoop.ozone.protocolPB.OzoneManagerProtocolServerSideTranslatorPB.submitRequest(OzoneManagerProtocolServerSideTranslatorPB.java:147) [ozone-manager-1.4.0-SNAPSHOT.jar:?]
	at org.apache.hadoop.ozone.protocol.proto.OzoneManagerProtocolProtos$OzoneManagerService$2.callBlockingMethod(OzoneManagerProtocolProtos.java) [ozone-interface-client-1.4.0-SNAPSHOT.jar:?]
	at org.apache.hadoop.ipc.ProtobufRpcEngine$Server.processCall(ProtobufRpcEngine.java:465) [hadoop-common-3.3.4.jar:?]
	at org.apache.hadoop.ipc.ProtobufRpcEngine2$Server$ProtoBufRpcInvoker.call(ProtobufRpcEngine2.java:578) [hadoop-common-3.3.4.jar:?]
	at org.apache.hadoop.ipc.ProtobufRpcEngine2$Server$ProtoBufRpcInvoker.call(ProtobufRpcEngine2.java:556) [hadoop-common-3.3.4.jar:?]
	at org.apache.hadoop.ipc.RPC$Server.call(RPC.java:1093) [hadoop-common-3.3.4.jar:?]
	at org.apache.hadoop.ipc.Server$RpcCall.run(Server.java:1043) [hadoop-common-3.3.4.jar:?]
	at org.apache.hadoop.ipc.Server$RpcCall.run(Server.java:971) [hadoop-common-3.3.4.jar:?]
	at java.security.AccessController.doPrivileged(Native Method) ~[?:1.8.0_362]
	at javax.security.auth.Subject.doAs(Subject.java:422) [?:1.8.0_362]
	at org.apache.hadoop.security.UserGroupInformation.doAs(UserGroupInformation.java:1878) [hadoop-common-3.3.4.jar:?]
	at org.apache.hadoop.ipc.Server$Handler.run(Server.java:2976) [hadoop-common-3.3.4.jar:?]
08:18:29.591 [IPC Server handler 19 on default port 34455] ERROR OMAudit - user=runner | ip=127.0.0.1 | op=GET_FILE_STATUS {volume=volume94786, bucket=bucket02286, key=gdir1/dir1, dataSize=0, replicationConfig=null} | ret=FAILURE
org.apache.hadoop.ozone.om.exceptions.OMException: Unable to get file status: volume: volume94786 bucket: bucket02286 key: gdir1/dir1
	at org.apache.hadoop.ozone.om.KeyManagerImpl.getOzoneFileStatus(KeyManagerImpl.java:1162) ~[ozone-manager-1.4.0-SNAPSHOT.jar:?]
	at org.apache.hadoop.ozone.om.KeyManagerImpl.getFileStatus(KeyManagerImpl.java:1080) ~[ozone-manager-1.4.0-SNAPSHOT.jar:?]
	at org.apache.hadoop.ozone.om.OmMetadataReader.getFileStatus(OmMetadataReader.java:288) ~[ozone-manager-1.4.0-SNAPSHOT.jar:?]
	at org.apache.hadoop.ozone.om.OzoneManager.getFileStatus(OzoneManager.java:3449) ~[ozone-manager-1.4.0-SNAPSHOT.jar:?]
	at org.apache.hadoop.ozone.protocolPB.OzoneManagerRequestHandler.getOzoneFileStatus(OzoneManagerRequestHandler.java:933) ~[ozone-manager-1.4.0-SNAPSHOT.jar:?]
	at org.apache.hadoop.ozone.protocolPB.OzoneManagerRequestHandler.handleReadRequest(OzoneManagerRequestHandler.java:238) ~[ozone-manager-1.4.0-SNAPSHOT.jar:?]
	at org.apache.hadoop.ozone.protocolPB.OzoneManagerProtocolServerSideTranslatorPB.submitRequestDirectlyToOM(OzoneManagerProtocolServerSideTranslatorPB.java:271) ~[ozone-manager-1.4.0-SNAPSHOT.jar:?]
	at org.apache.hadoop.ozone.protocolPB.OzoneManagerProtocolServerSideTranslatorPB.processRequest(OzoneManagerProtocolServerSideTranslatorPB.java:173) ~[ozone-manager-1.4.0-SNAPSHOT.jar:?]
	at org.apache.hadoop.hdds.server.OzoneProtocolMessageDispatcher.processRequest(OzoneProtocolMessageDispatcher.java:87) [hdds-server-framework-1.4.0-SNAPSHOT.jar:?]
	at org.apache.hadoop.ozone.protocolPB.OzoneManagerProtocolServerSideTranslatorPB.submitRequest(OzoneManagerProtocolServerSideTranslatorPB.java:147) [ozone-manager-1.4.0-SNAPSHOT.jar:?]
	at org.apache.hadoop.ozone.protocol.proto.OzoneManagerProtocolProtos$OzoneManagerService$2.callBlockingMethod(OzoneManagerProtocolProtos.java) [ozone-interface-client-1.4.0-SNAPSHOT.jar:?]
	at org.apache.hadoop.ipc.ProtobufRpcEngine$Server.processCall(ProtobufRpcEngine.java:465) [hadoop-common-3.3.4.jar:?]
	at org.apache.hadoop.ipc.ProtobufRpcEngine2$Server$ProtoBufRpcInvoker.call(ProtobufRpcEngine2.java:578) [hadoop-common-3.3.4.jar:?]
	at org.apache.hadoop.ipc.ProtobufRpcEngine2$Server$ProtoBufRpcInvoker.call(ProtobufRpcEngine2.java:556) [hadoop-common-3.3.4.jar:?]
	at org.apache.hadoop.ipc.RPC$Server.call(RPC.java:1093) [hadoop-common-3.3.4.jar:?]
	at org.apache.hadoop.ipc.Server$RpcCall.run(Server.java:1043) [hadoop-common-3.3.4.jar:?]
	at org.apache.hadoop.ipc.Server$RpcCall.run(Server.java:971) [hadoop-common-3.3.4.jar:?]
	at java.security.AccessController.doPrivileged(Native Method) ~[?:1.8.0_362]
	at javax.security.auth.Subject.doAs(Subject.java:422) [?:1.8.0_362]
	at org.apache.hadoop.security.UserGroupInformation.doAs(UserGroupInformation.java:1878) [hadoop-common-3.3.4.jar:?]
	at org.apache.hadoop.ipc.Server$Handler.run(Server.java:2976) [hadoop-common-3.3.4.jar:?]
08:18:29.592 [IPC Server handler 0 on default port 34455] ERROR OMAudit - user=runner | ip=127.0.0.1 | op=GET_FILE_STATUS {volume=volume94786, bucket=bucket02286, key=gdir1/dir1/child, dataSize=0, replicationConfig=null} | ret=FAILURE
org.apache.hadoop.ozone.om.exceptions.OMException: Unable to get file status: volume: volume94786 bucket: bucket02286 key: gdir1/dir1/child
	at org.apache.hadoop.ozone.om.KeyManagerImpl.getOzoneFileStatus(KeyManagerImpl.java:1162) ~[ozone-manager-1.4.0-SNAPSHOT.jar:?]
	at org.apache.hadoop.ozone.om.KeyManagerImpl.getFileStatus(KeyManagerImpl.java:1080) ~[ozone-manager-1.4.0-SNAPSHOT.jar:?]
	at org.apache.hadoop.ozone.om.OmMetadataReader.getFileStatus(OmMetadataReader.java:288) ~[ozone-manager-1.4.0-SNAPSHOT.jar:?]
	at org.apache.hadoop.ozone.om.OzoneManager.getFileStatus(OzoneManager.java:3449) ~[ozone-manager-1.4.0-SNAPSHOT.jar:?]
	at org.apache.hadoop.ozone.protocolPB.OzoneManagerRequestHandler.getOzoneFileStatus(OzoneManagerRequestHandler.java:933) ~[ozone-manager-1.4.0-SNAPSHOT.jar:?]
	at org.apache.hadoop.ozone.protocolPB.OzoneManagerRequestHandler.handleReadRequest(OzoneManagerRequestHandler.java:238) ~[ozone-manager-1.4.0-SNAPSHOT.jar:?]
	at org.apache.hadoop.ozone.protocolPB.OzoneManagerProtocolServerSideTranslatorPB.submitRequestDirectlyToOM(OzoneManagerProtocolServerSideTranslatorPB.java:271) ~[ozone-manager-1.4.0-SNAPSHOT.jar:?]
	at org.apache.hadoop.ozone.protocolPB.OzoneManagerProtocolServerSideTranslatorPB.processRequest(OzoneManagerProtocolServerSideTranslatorPB.java:173) ~[ozone-manager-1.4.0-SNAPSHOT.jar:?]
	at org.apache.hadoop.hdds.server.OzoneProtocolMessageDispatcher.processRequest(OzoneProtocolMessageDispatcher.java:87) [hdds-server-framework-1.4.0-SNAPSHOT.jar:?]
	at org.apache.hadoop.ozone.protocolPB.OzoneManagerProtocolServerSideTranslatorPB.submitRequest(OzoneManagerProtocolServerSideTranslatorPB.java:147) [ozone-manager-1.4.0-SNAPSHOT.jar:?]
	at org.apache.hadoop.ozone.protocol.proto.OzoneManagerProtocolProtos$OzoneManagerService$2.callBlockingMethod(OzoneManagerProtocolProtos.java) [ozone-interface-client-1.4.0-SNAPSHOT.jar:?]
	at org.apache.hadoop.ipc.ProtobufRpcEngine$Server.processCall(ProtobufRpcEngine.java:465) [hadoop-common-3.3.4.jar:?]
	at org.apache.hadoop.ipc.ProtobufRpcEngine2$Server$ProtoBufRpcInvoker.call(ProtobufRpcEngine2.java:578) [hadoop-common-3.3.4.jar:?]
	at org.apache.hadoop.ipc.ProtobufRpcEngine2$Server$ProtoBufRpcInvoker.call(ProtobufRpcEngine2.java:556) [hadoop-common-3.3.4.jar:?]
	at org.apache.hadoop.ipc.RPC$Server.call(RPC.java:1093) [hadoop-common-3.3.4.jar:?]
	at org.apache.hadoop.ipc.Server$RpcCall.run(Server.java:1043) [hadoop-common-3.3.4.jar:?]
	at org.apache.hadoop.ipc.Server$RpcCall.run(Server.java:971) [hadoop-common-3.3.4.jar:?]
	at java.security.AccessController.doPrivileged(Native Method) ~[?:1.8.0_362]
	at javax.security.auth.Subject.doAs(Subject.java:422) [?:1.8.0_362]
	at org.apache.hadoop.security.UserGroupInformation.doAs(UserGroupInformation.java:1878) [hadoop-common-3.3.4.jar:?]
	at org.apache.hadoop.ipc.Server$Handler.run(Server.java:2976) [hadoop-common-3.3.4.jar:?]
08:18:29.592 [IPC Server handler 1 on default port 34455] ERROR OMAudit - user=runner | ip=127.0.0.1 | op=GET_FILE_STATUS {volume=volume94786, bucket=bucket02286, key=gdir1/dir2, dataSize=0, replicationConfig=null} | ret=FAILURE
org.apache.hadoop.ozone.om.exceptions.OMException: Unable to get file status: volume: volume94786 bucket: bucket02286 key: gdir1/dir2
	at org.apache.hadoop.ozone.om.KeyManagerImpl.getOzoneFileStatus(KeyManagerImpl.java:1162) ~[ozone-manager-1.4.0-SNAPSHOT.jar:?]
	at org.apache.hadoop.ozone.om.KeyManagerImpl.getFileStatus(KeyManagerImpl.java:1080) ~[ozone-manager-1.4.0-SNAPSHOT.jar:?]
	at org.apache.hadoop.ozone.om.OmMetadataReader.getFileStatus(OmMetadataReader.java:288) ~[ozone-manager-1.4.0-SNAPSHOT.jar:?]
	at org.apache.hadoop.ozone.om.OzoneManager.getFileStatus(OzoneManager.java:3449) ~[ozone-manager-1.4.0-SNAPSHOT.jar:?]
	at org.apache.hadoop.ozone.protocolPB.OzoneManagerRequestHandler.getOzoneFileStatus(OzoneManagerRequestHandler.java:933) ~[ozone-manager-1.4.0-SNAPSHOT.jar:?]
	at org.apache.hadoop.ozone.protocolPB.OzoneManagerRequestHandler.handleReadRequest(OzoneManagerRequestHandler.java:238) ~[ozone-manager-1.4.0-SNAPSHOT.jar:?]
	at org.apache.hadoop.ozone.protocolPB.OzoneManagerProtocolServerSideTranslatorPB.submitRequestDirectlyToOM(OzoneManagerProtocolServerSideTranslatorPB.java:271) ~[ozone-manager-1.4.0-SNAPSHOT.jar:?]
	at org.apache.hadoop.ozone.protocolPB.OzoneManagerProtocolServerSideTranslatorPB.processRequest(OzoneManagerProtocolServerSideTranslatorPB.java:173) ~[ozone-manager-1.4.0-SNAPSHOT.jar:?]
	at org.apache.hadoop.hdds.server.OzoneProtocolMessageDispatcher.processRequest(OzoneProtocolMessageDispatcher.java:87) [hdds-server-framework-1.4.0-SNAPSHOT.jar:?]
	at org.apache.hadoop.ozone.protocolPB.OzoneManagerProtocolServerSideTranslatorPB.submitRequest(OzoneManagerProtocolServerSideTranslatorPB.java:147) [ozone-manager-1.4.0-SNAPSHOT.jar:?]
	at org.apache.hadoop.ozone.protocol.proto.OzoneManagerProtocolProtos$OzoneManagerService$2.callBlockingMethod(OzoneManagerProtocolProtos.java) [ozone-interface-client-1.4.0-SNAPSHOT.jar:?]
	at org.apache.hadoop.ipc.ProtobufRpcEngine$Server.processCall(ProtobufRpcEngine.java:465) [hadoop-common-3.3.4.jar:?]
	at org.apache.hadoop.ipc.ProtobufRpcEngine2$Server$ProtoBufRpcInvoker.call(ProtobufRpcEngine2.java:578) [hadoop-common-3.3.4.jar:?]
	at org.apache.hadoop.ipc.ProtobufRpcEngine2$Server$ProtoBufRpcInvoker.call(ProtobufRpcEngine2.java:556) [hadoop-common-3.3.4.jar:?]
	at org.apache.hadoop.ipc.RPC$Server.call(RPC.java:1093) [hadoop-common-3.3.4.jar:?]
	at org.apache.hadoop.ipc.Server$RpcCall.run(Server.java:1043) [hadoop-common-3.3.4.jar:?]
	at org.apache.hadoop.ipc.Server$RpcCall.run(Server.java:971) [hadoop-common-3.3.4.jar:?]
	at java.security.AccessController.doPrivileged(Native Method) ~[?:1.8.0_362]
	at javax.security.auth.Subject.doAs(Subject.java:422) [?:1.8.0_362]
	at org.apache.hadoop.security.UserGroupInformation.doAs(UserGroupInformation.java:1878) [hadoop-common-3.3.4.jar:?]
	at org.apache.hadoop.ipc.Server$Handler.run(Server.java:2976) [hadoop-common-3.3.4.jar:?]
08:18:29.593 [IPC Server handler 2 on default port 34455] ERROR OMAudit - user=runner | ip=127.0.0.1 | op=GET_FILE_STATUS {volume=volume94786, bucket=bucket02286, key=gdir1/dir2/child, dataSize=0, replicationConfig=null} | ret=FAILURE
org.apache.hadoop.ozone.om.exceptions.OMException: Unable to get file status: volume: volume94786 bucket: bucket02286 key: gdir1/dir2/child
	at org.apache.hadoop.ozone.om.KeyManagerImpl.getOzoneFileStatus(KeyManagerImpl.java:1162) ~[ozone-manager-1.4.0-SNAPSHOT.jar:?]
	at org.apache.hadoop.ozone.om.KeyManagerImpl.getFileStatus(KeyManagerImpl.java:1080) ~[ozone-manager-1.4.0-SNAPSHOT.jar:?]
	at org.apache.hadoop.ozone.om.OmMetadataReader.getFileStatus(OmMetadataReader.java:288) ~[ozone-manager-1.4.0-SNAPSHOT.jar:?]
	at org.apache.hadoop.ozone.om.OzoneManager.getFileStatus(OzoneManager.java:3449) ~[ozone-manager-1.4.0-SNAPSHOT.jar:?]
	at org.apache.hadoop.ozone.protocolPB.OzoneManagerRequestHandler.getOzoneFileStatus(OzoneManagerRequestHandler.java:933) ~[ozone-manager-1.4.0-SNAPSHOT.jar:?]
	at org.apache.hadoop.ozone.protocolPB.OzoneManagerRequestHandler.handleReadRequest(OzoneManagerRequestHandler.java:238) ~[ozone-manager-1.4.0-SNAPSHOT.jar:?]
	at org.apache.hadoop.ozone.protocolPB.OzoneManagerProtocolServerSideTranslatorPB.submitRequestDirectlyToOM(OzoneManagerProtocolServerSideTranslatorPB.java:271) ~[ozone-manager-1.4.0-SNAPSHOT.jar:?]
	at org.apache.hadoop.ozone.protocolPB.OzoneManagerProtocolServerSideTranslatorPB.processRequest(OzoneManagerProtocolServerSideTranslatorPB.java:173) ~[ozone-manager-1.4.0-SNAPSHOT.jar:?]
	at org.apache.hadoop.hdds.server.OzoneProtocolMessageDispatcher.processRequest(OzoneProtocolMessageDispatcher.java:87) [hdds-server-framework-1.4.0-SNAPSHOT.jar:?]
	at org.apache.hadoop.ozone.protocolPB.OzoneManagerProtocolServerSideTranslatorPB.submitRequest(OzoneManagerProtocolServerSideTranslatorPB.java:147) [ozone-manager-1.4.0-SNAPSHOT.jar:?]
	at org.apache.hadoop.ozone.protocol.proto.OzoneManagerProtocolProtos$OzoneManagerService$2.callBlockingMethod(OzoneManagerProtocolProtos.java) [ozone-interface-client-1.4.0-SNAPSHOT.jar:?]
	at org.apache.hadoop.ipc.ProtobufRpcEngine$Server.processCall(ProtobufRpcEngine.java:465) [hadoop-common-3.3.4.jar:?]
	at org.apache.hadoop.ipc.ProtobufRpcEngine2$Server$ProtoBufRpcInvoker.call(ProtobufRpcEngine2.java:578) [hadoop-common-3.3.4.jar:?]
	at org.apache.hadoop.ipc.ProtobufRpcEngine2$Server$ProtoBufRpcInvoker.call(ProtobufRpcEngine2.java:556) [hadoop-common-3.3.4.jar:?]
	at org.apache.hadoop.ipc.RPC$Server.call(RPC.java:1093) [hadoop-common-3.3.4.jar:?]
	at org.apache.hadoop.ipc.Server$RpcCall.run(Server.java:1043) [hadoop-common-3.3.4.jar:?]
	at org.apache.hadoop.ipc.Server$RpcCall.run(Server.java:971) [hadoop-common-3.3.4.jar:?]
	at java.security.AccessController.doPrivileged(Native Method) ~[?:1.8.0_362]
	at javax.security.auth.Subject.doAs(Subject.java:422) [?:1.8.0_362]
	at org.apache.hadoop.security.UserGroupInformation.doAs(UserGroupInformation.java:1878) [hadoop-common-3.3.4.jar:?]
	at org.apache.hadoop.ipc.Server$Handler.run(Server.java:2976) [hadoop-common-3.3.4.jar:?]
08:18:29.593 [IPC Server handler 3 on default port 34455] ERROR OMAudit - user=runner | ip=127.0.0.1 | op=GET_FILE_STATUS {volume=volume94786, bucket=bucket02286, key=gdir1/dir3, dataSize=0, replicationConfig=null} | ret=FAILURE
org.apache.hadoop.ozone.om.exceptions.OMException: Unable to get file status: volume: volume94786 bucket: bucket02286 key: gdir1/dir3
	at org.apache.hadoop.ozone.om.KeyManagerImpl.getOzoneFileStatus(KeyManagerImpl.java:1162) ~[ozone-manager-1.4.0-SNAPSHOT.jar:?]
	at org.apache.hadoop.ozone.om.KeyManagerImpl.getFileStatus(KeyManagerImpl.java:1080) ~[ozone-manager-1.4.0-SNAPSHOT.jar:?]
	at org.apache.hadoop.ozone.om.OmMetadataReader.getFileStatus(OmMetadataReader.java:288) ~[ozone-manager-1.4.0-SNAPSHOT.jar:?]
	at org.apache.hadoop.ozone.om.OzoneManager.getFileStatus(OzoneManager.java:3449) ~[ozone-manager-1.4.0-SNAPSHOT.jar:?]
	at org.apache.hadoop.ozone.protocolPB.OzoneManagerRequestHandler.getOzoneFileStatus(OzoneManagerRequestHandler.java:933) ~[ozone-manager-1.4.0-SNAPSHOT.jar:?]
	at org.apache.hadoop.ozone.protocolPB.OzoneManagerRequestHandler.handleReadRequest(OzoneManagerRequestHandler.java:238) ~[ozone-manager-1.4.0-SNAPSHOT.jar:?]
	at org.apache.hadoop.ozone.protocolPB.OzoneManagerProtocolServerSideTranslatorPB.submitRequestDirectlyToOM(OzoneManagerProtocolServerSideTranslatorPB.java:271) ~[ozone-manager-1.4.0-SNAPSHOT.jar:?]
	at org.apache.hadoop.ozone.protocolPB.OzoneManagerProtocolServerSideTranslatorPB.processRequest(OzoneManagerProtocolServerSideTranslatorPB.java:173) ~[ozone-manager-1.4.0-SNAPSHOT.jar:?]
	at org.apache.hadoop.hdds.server.OzoneProtocolMessageDispatcher.processRequest(OzoneProtocolMessageDispatcher.java:87) [hdds-server-framework-1.4.0-SNAPSHOT.jar:?]
	at org.apache.hadoop.ozone.protocolPB.OzoneManagerProtocolServerSideTranslatorPB.submitRequest(OzoneManagerProtocolServerSideTranslatorPB.java:147) [ozone-manager-1.4.0-SNAPSHOT.jar:?]
	at org.apache.hadoop.ozone.protocol.proto.OzoneManagerProtocolProtos$OzoneManagerService$2.callBlockingMethod(OzoneManagerProtocolProtos.java) [ozone-interface-client-1.4.0-SNAPSHOT.jar:?]
	at org.apache.hadoop.ipc.ProtobufRpcEngine$Server.processCall(ProtobufRpcEngine.java:465) [hadoop-common-3.3.4.jar:?]
	at org.apache.hadoop.ipc.ProtobufRpcEngine2$Server$ProtoBufRpcInvoker.call(ProtobufRpcEngine2.java:578) [hadoop-common-3.3.4.jar:?]
	at org.apache.hadoop.ipc.ProtobufRpcEngine2$Server$ProtoBufRpcInvoker.call(ProtobufRpcEngine2.java:556) [hadoop-common-3.3.4.jar:?]
	at org.apache.hadoop.ipc.RPC$Server.call(RPC.java:1093) [hadoop-common-3.3.4.jar:?]
	at org.apache.hadoop.ipc.Server$RpcCall.run(Server.java:1043) [hadoop-common-3.3.4.jar:?]
	at org.apache.hadoop.ipc.Server$RpcCall.run(Server.java:971) [hadoop-common-3.3.4.jar:?]
	at java.security.AccessController.doPrivileged(Native Method) ~[?:1.8.0_362]
	at javax.security.auth.Subject.doAs(Subject.java:422) [?:1.8.0_362]
	at org.apache.hadoop.security.UserGroupInformation.doAs(UserGroupInformation.java:1878) [hadoop-common-3.3.4.jar:?]
	at org.apache.hadoop.ipc.Server$Handler.run(Server.java:2976) [hadoop-common-3.3.4.jar:?]
08:18:29.594 [IPC Server handler 4 on default port 34455] ERROR OMAudit - user=runner | ip=127.0.0.1 | op=GET_FILE_STATUS {volume=volume94786, bucket=bucket02286, key=gdir1/dir3/child, dataSize=0, replicationConfig=null} | ret=FAILURE
org.apache.hadoop.ozone.om.exceptions.OMException: Unable to get file status: volume: volume94786 bucket: bucket02286 key: gdir1/dir3/child
	at org.apache.hadoop.ozone.om.KeyManagerImpl.getOzoneFileStatus(KeyManagerImpl.java:1162) ~[ozone-manager-1.4.0-SNAPSHOT.jar:?]
	at org.apache.hadoop.ozone.om.KeyManagerImpl.getFileStatus(KeyManagerImpl.java:1080) ~[ozone-manager-1.4.0-SNAPSHOT.jar:?]
	at org.apache.hadoop.ozone.om.OmMetadataReader.getFileStatus(OmMetadataReader.java:288) ~[ozone-manager-1.4.0-SNAPSHOT.jar:?]
	at org.apache.hadoop.ozone.om.OzoneManager.getFileStatus(OzoneManager.java:3449) ~[ozone-manager-1.4.0-SNAPSHOT.jar:?]
	at org.apache.hadoop.ozone.protocolPB.OzoneManagerRequestHandler.getOzoneFileStatus(OzoneManagerRequestHandler.java:933) ~[ozone-manager-1.4.0-SNAPSHOT.jar:?]
	at org.apache.hadoop.ozone.protocolPB.OzoneManagerRequestHandler.handleReadRequest(OzoneManagerRequestHandler.java:238) ~[ozone-manager-1.4.0-SNAPSHOT.jar:?]
	at org.apache.hadoop.ozone.protocolPB.OzoneManagerProtocolServerSideTranslatorPB.submitRequestDirectlyToOM(OzoneManagerProtocolServerSideTranslatorPB.java:271) ~[ozone-manager-1.4.0-SNAPSHOT.jar:?]
	at org.apache.hadoop.ozone.protocolPB.OzoneManagerProtocolServerSideTranslatorPB.processRequest(OzoneManagerProtocolServerSideTranslatorPB.java:173) ~[ozone-manager-1.4.0-SNAPSHOT.jar:?]
	at org.apache.hadoop.hdds.server.OzoneProtocolMessageDispatcher.processRequest(OzoneProtocolMessageDispatcher.java:87) [hdds-server-framework-1.4.0-SNAPSHOT.jar:?]
	at org.apache.hadoop.ozone.protocolPB.OzoneManagerProtocolServerSideTranslatorPB.submitRequest(OzoneManagerProtocolServerSideTranslatorPB.java:147) [ozone-manager-1.4.0-SNAPSHOT.jar:?]
	at org.apache.hadoop.ozone.protocol.proto.OzoneManagerProtocolProtos$OzoneManagerService$2.callBlockingMethod(OzoneManagerProtocolProtos.java) [ozone-interface-client-1.4.0-SNAPSHOT.jar:?]
	at org.apache.hadoop.ipc.ProtobufRpcEngine$Server.processCall(ProtobufRpcEngine.java:465) [hadoop-common-3.3.4.jar:?]
	at org.apache.hadoop.ipc.ProtobufRpcEngine2$Server$ProtoBufRpcInvoker.call(ProtobufRpcEngine2.java:578) [hadoop-common-3.3.4.jar:?]
	at org.apache.hadoop.ipc.ProtobufRpcEngine2$Server$ProtoBufRpcInvoker.call(ProtobufRpcEngine2.java:556) [hadoop-common-3.3.4.jar:?]
	at org.apache.hadoop.ipc.RPC$Server.call(RPC.java:1093) [hadoop-common-3.3.4.jar:?]
	at org.apache.hadoop.ipc.Server$RpcCall.run(Server.java:1043) [hadoop-common-3.3.4.jar:?]
	at org.apache.hadoop.ipc.Server$RpcCall.run(Server.java:971) [hadoop-common-3.3.4.jar:?]
	at java.security.AccessController.doPrivileged(Native Method) ~[?:1.8.0_362]
	at javax.security.auth.Subject.doAs(Subject.java:422) [?:1.8.0_362]
	at org.apache.hadoop.security.UserGroupInformation.doAs(UserGroupInformation.java:1878) [hadoop-common-3.3.4.jar:?]
	at org.apache.hadoop.ipc.Server$Handler.run(Server.java:2976) [hadoop-common-3.3.4.jar:?]
08:18:29.595 [IPC Server handler 5 on default port 34455] ERROR OMAudit - user=runner | ip=127.0.0.1 | op=GET_FILE_STATUS {volume=volume94786, bucket=bucket02286, key=gdir1/dir4, dataSize=0, replicationConfig=null} | ret=FAILURE
org.apache.hadoop.ozone.om.exceptions.OMException: Unable to get file status: volume: volume94786 bucket: bucket02286 key: gdir1/dir4
	at org.apache.hadoop.ozone.om.KeyManagerImpl.getOzoneFileStatus(KeyManagerImpl.java:1162) ~[ozone-manager-1.4.0-SNAPSHOT.jar:?]
	at org.apache.hadoop.ozone.om.KeyManagerImpl.getFileStatus(KeyManagerImpl.java:1080) ~[ozone-manager-1.4.0-SNAPSHOT.jar:?]
	at org.apache.hadoop.ozone.om.OmMetadataReader.getFileStatus(OmMetadataReader.java:288) ~[ozone-manager-1.4.0-SNAPSHOT.jar:?]
	at org.apache.hadoop.ozone.om.OzoneManager.getFileStatus(OzoneManager.java:3449) ~[ozone-manager-1.4.0-SNAPSHOT.jar:?]
	at org.apache.hadoop.ozone.protocolPB.OzoneManagerRequestHandler.getOzoneFileStatus(OzoneManagerRequestHandler.java:933) ~[ozone-manager-1.4.0-SNAPSHOT.jar:?]
	at org.apache.hadoop.ozone.protocolPB.OzoneManagerRequestHandler.handleReadRequest(OzoneManagerRequestHandler.java:238) ~[ozone-manager-1.4.0-SNAPSHOT.jar:?]
	at org.apache.hadoop.ozone.protocolPB.OzoneManagerProtocolServerSideTranslatorPB.submitRequestDirectlyToOM(OzoneManagerProtocolServerSideTranslatorPB.java:271) ~[ozone-manager-1.4.0-SNAPSHOT.jar:?]
	at org.apache.hadoop.ozone.protocolPB.OzoneManagerProtocolServerSideTranslatorPB.processRequest(OzoneManagerProtocolServerSideTranslatorPB.java:173) ~[ozone-manager-1.4.0-SNAPSHOT.jar:?]
	at org.apache.hadoop.hdds.server.OzoneProtocolMessageDispatcher.processRequest(OzoneProtocolMessageDispatcher.java:87) [hdds-server-framework-1.4.0-SNAPSHOT.jar:?]
	at org.apache.hadoop.ozone.protocolPB.OzoneManagerProtocolServerSideTranslatorPB.submitRequest(OzoneManagerProtocolServerSideTranslatorPB.java:147) [ozone-manager-1.4.0-SNAPSHOT.jar:?]
	at org.apache.hadoop.ozone.protocol.proto.OzoneManagerProtocolProtos$OzoneManagerService$2.callBlockingMethod(OzoneManagerProtocolProtos.java) [ozone-interface-client-1.4.0-SNAPSHOT.jar:?]
	at org.apache.hadoop.ipc.ProtobufRpcEngine$Server.processCall(ProtobufRpcEngine.java:465) [hadoop-common-3.3.4.jar:?]
	at org.apache.hadoop.ipc.ProtobufRpcEngine2$Server$ProtoBufRpcInvoker.call(ProtobufRpcEngine2.java:578) [hadoop-common-3.3.4.jar:?]
	at org.apache.hadoop.ipc.ProtobufRpcEngine2$Server$ProtoBufRpcInvoker.call(ProtobufRpcEngine2.java:556) [hadoop-common-3.3.4.jar:?]
	at org.apache.hadoop.ipc.RPC$Server.call(RPC.java:1093) [hadoop-common-3.3.4.jar:?]
	at org.apache.hadoop.ipc.Server$RpcCall.run(Server.java:1043) [hadoop-common-3.3.4.jar:?]
	at org.apache.hadoop.ipc.Server$RpcCall.run(Server.java:971) [hadoop-common-3.3.4.jar:?]
	at java.security.AccessController.doPrivileged(Native Method) ~[?:1.8.0_362]
	at javax.security.auth.Subject.doAs(Subject.java:422) [?:1.8.0_362]
	at org.apache.hadoop.security.UserGroupInformation.doAs(UserGroupInformation.java:1878) [hadoop-common-3.3.4.jar:?]
	at org.apache.hadoop.ipc.Server$Handler.run(Server.java:2976) [hadoop-common-3.3.4.jar:?]
08:18:29.595 [IPC Server handler 7 on default port 34455] ERROR OMAudit - user=runner | ip=127.0.0.1 | op=GET_FILE_STATUS {volume=volume94786, bucket=bucket02286, key=gdir1/dir4/child, dataSize=0, replicationConfig=null} | ret=FAILURE
org.apache.hadoop.ozone.om.exceptions.OMException: Unable to get file status: volume: volume94786 bucket: bucket02286 key: gdir1/dir4/child
	at org.apache.hadoop.ozone.om.KeyManagerImpl.getOzoneFileStatus(KeyManagerImpl.java:1162) ~[ozone-manager-1.4.0-SNAPSHOT.jar:?]
	at org.apache.hadoop.ozone.om.KeyManagerImpl.getFileStatus(KeyManagerImpl.java:1080) ~[ozone-manager-1.4.0-SNAPSHOT.jar:?]
	at org.apache.hadoop.ozone.om.OmMetadataReader.getFileStatus(OmMetadataReader.java:288) ~[ozone-manager-1.4.0-SNAPSHOT.jar:?]
	at org.apache.hadoop.ozone.om.OzoneManager.getFileStatus(OzoneManager.java:3449) ~[ozone-manager-1.4.0-SNAPSHOT.jar:?]
	at org.apache.hadoop.ozone.protocolPB.OzoneManagerRequestHandler.getOzoneFileStatus(OzoneManagerRequestHandler.java:933) ~[ozone-manager-1.4.0-SNAPSHOT.jar:?]
	at org.apache.hadoop.ozone.protocolPB.OzoneManagerRequestHandler.handleReadRequest(OzoneManagerRequestHandler.java:238) ~[ozone-manager-1.4.0-SNAPSHOT.jar:?]
	at org.apache.hadoop.ozone.protocolPB.OzoneManagerProtocolServerSideTranslatorPB.submitRequestDirectlyToOM(OzoneManagerProtocolServerSideTranslatorPB.java:271) ~[ozone-manager-1.4.0-SNAPSHOT.jar:?]
	at org.apache.hadoop.ozone.protocolPB.OzoneManagerProtocolServerSideTranslatorPB.processRequest(OzoneManagerProtocolServerSideTranslatorPB.java:173) ~[ozone-manager-1.4.0-SNAPSHOT.jar:?]
	at org.apache.hadoop.hdds.server.OzoneProtocolMessageDispatcher.processRequest(OzoneProtocolMessageDispatcher.java:87) [hdds-server-framework-1.4.0-SNAPSHOT.jar:?]
	at org.apache.hadoop.ozone.protocolPB.OzoneManagerProtocolServerSideTranslatorPB.submitRequest(OzoneManagerProtocolServerSideTranslatorPB.java:147) [ozone-manager-1.4.0-SNAPSHOT.jar:?]
	at org.apache.hadoop.ozone.protocol.proto.OzoneManagerProtocolProtos$OzoneManagerService$2.callBlockingMethod(OzoneManagerProtocolProtos.java) [ozone-interface-client-1.4.0-SNAPSHOT.jar:?]
	at org.apache.hadoop.ipc.ProtobufRpcEngine$Server.processCall(ProtobufRpcEngine.java:465) [hadoop-common-3.3.4.jar:?]
	at org.apache.hadoop.ipc.ProtobufRpcEngine2$Server$ProtoBufRpcInvoker.call(ProtobufRpcEngine2.java:578) [hadoop-common-3.3.4.jar:?]
	at org.apache.hadoop.ipc.ProtobufRpcEngine2$Server$ProtoBufRpcInvoker.call(ProtobufRpcEngine2.java:556) [hadoop-common-3.3.4.jar:?]
	at org.apache.hadoop.ipc.RPC$Server.call(RPC.java:1093) [hadoop-common-3.3.4.jar:?]
	at org.apache.hadoop.ipc.Server$RpcCall.run(Server.java:1043) [hadoop-common-3.3.4.jar:?]
	at org.apache.hadoop.ipc.Server$RpcCall.run(Server.java:971) [hadoop-common-3.3.4.jar:?]
	at java.security.AccessController.doPrivileged(Native Method) ~[?:1.8.0_362]
	at javax.security.auth.Subject.doAs(Subject.java:422) [?:1.8.0_362]
	at org.apache.hadoop.security.UserGroupInformation.doAs(UserGroupInformation.java:1878) [hadoop-common-3.3.4.jar:?]
	at org.apache.hadoop.ipc.Server$Handler.run(Server.java:2976) [hadoop-common-3.3.4.jar:?]
08:18:29.596 [IPC Server handler 6 on default port 34455] ERROR OMAudit - user=runner | ip=127.0.0.1 | op=GET_FILE_STATUS {volume=volume94786, bucket=bucket02286, key=gdir1/dir5, dataSize=0, replicationConfig=null} | ret=FAILURE
org.apache.hadoop.ozone.om.exceptions.OMException: Unable to get file status: volume: volume94786 bucket: bucket02286 key: gdir1/dir5
	at org.apache.hadoop.ozone.om.KeyManagerImpl.getOzoneFileStatus(KeyManagerImpl.java:1162) ~[ozone-manager-1.4.0-SNAPSHOT.jar:?]
	at org.apache.hadoop.ozone.om.KeyManagerImpl.getFileStatus(KeyManagerImpl.java:1080) ~[ozone-manager-1.4.0-SNAPSHOT.jar:?]
	at org.apache.hadoop.ozone.om.OmMetadataReader.getFileStatus(OmMetadataReader.java:288) ~[ozone-manager-1.4.0-SNAPSHOT.jar:?]
	at org.apache.hadoop.ozone.om.OzoneManager.getFileStatus(OzoneManager.java:3449) ~[ozone-manager-1.4.0-SNAPSHOT.jar:?]
	at org.apache.hadoop.ozone.protocolPB.OzoneManagerRequestHandler.getOzoneFileStatus(OzoneManagerRequestHandler.java:933) ~[ozone-manager-1.4.0-SNAPSHOT.jar:?]
	at org.apache.hadoop.ozone.protocolPB.OzoneManagerRequestHandler.handleReadRequest(OzoneManagerRequestHandler.java:238) ~[ozone-manager-1.4.0-SNAPSHOT.jar:?]
	at org.apache.hadoop.ozone.protocolPB.OzoneManagerProtocolServerSideTranslatorPB.submitRequestDirectlyToOM(OzoneManagerProtocolServerSideTranslatorPB.java:271) ~[ozone-manager-1.4.0-SNAPSHOT.jar:?]
	at org.apache.hadoop.ozone.protocolPB.OzoneManagerProtocolServerSideTranslatorPB.processRequest(OzoneManagerProtocolServerSideTranslatorPB.java:173) ~[ozone-manager-1.4.0-SNAPSHOT.jar:?]
	at org.apache.hadoop.hdds.server.OzoneProtocolMessageDispatcher.processRequest(OzoneProtocolMessageDispatcher.java:87) [hdds-server-framework-1.4.0-SNAPSHOT.jar:?]
	at org.apache.hadoop.ozone.protocolPB.OzoneManagerProtocolServerSideTranslatorPB.submitRequest(OzoneManagerProtocolServerSideTranslatorPB.java:147) [ozone-manager-1.4.0-SNAPSHOT.jar:?]
	at org.apache.hadoop.ozone.protocol.proto.OzoneManagerProtocolProtos$OzoneManagerService$2.callBlockingMethod(OzoneManagerProtocolProtos.java) [ozone-interface-client-1.4.0-SNAPSHOT.jar:?]
	at org.apache.hadoop.ipc.ProtobufRpcEngine$Server.processCall(ProtobufRpcEngine.java:465) [hadoop-common-3.3.4.jar:?]
	at org.apache.hadoop.ipc.ProtobufRpcEngine2$Server$ProtoBufRpcInvoker.call(ProtobufRpcEngine2.java:578) [hadoop-common-3.3.4.jar:?]
	at org.apache.hadoop.ipc.ProtobufRpcEngine2$Server$ProtoBufRpcInvoker.call(ProtobufRpcEngine2.java:556) [hadoop-common-3.3.4.jar:?]
	at org.apache.hadoop.ipc.RPC$Server.call(RPC.java:1093) [hadoop-common-3.3.4.jar:?]
	at org.apache.hadoop.ipc.Server$RpcCall.run(Server.java:1043) [hadoop-common-3.3.4.jar:?]
	at org.apache.hadoop.ipc.Server$RpcCall.run(Server.java:971) [hadoop-common-3.3.4.jar:?]
	at java.security.AccessController.doPrivileged(Native Method) ~[?:1.8.0_362]
	at javax.security.auth.Subject.doAs(Subject.java:422) [?:1.8.0_362]
	at org.apache.hadoop.security.UserGroupInformation.doAs(UserGroupInformation.java:1878) [hadoop-common-3.3.4.jar:?]
	at org.apache.hadoop.ipc.Server$Handler.run(Server.java:2976) [hadoop-common-3.3.4.jar:?]
08:18:29.596 [IPC Server handler 9 on default port 34455] ERROR OMAudit - user=runner | ip=127.0.0.1 | op=GET_FILE_STATUS {volume=volume94786, bucket=bucket02286, key=gdir1/dir5/child, dataSize=0, replicationConfig=null} | ret=FAILURE
org.apache.hadoop.ozone.om.exceptions.OMException: Unable to get file status: volume: volume94786 bucket: bucket02286 key: gdir1/dir5/child
	at org.apache.hadoop.ozone.om.KeyManagerImpl.getOzoneFileStatus(KeyManagerImpl.java:1162) ~[ozone-manager-1.4.0-SNAPSHOT.jar:?]
	at org.apache.hadoop.ozone.om.KeyManagerImpl.getFileStatus(KeyManagerImpl.java:1080) ~[ozone-manager-1.4.0-SNAPSHOT.jar:?]
	at org.apache.hadoop.ozone.om.OmMetadataReader.getFileStatus(OmMetadataReader.java:288) ~[ozone-manager-1.4.0-SNAPSHOT.jar:?]
	at org.apache.hadoop.ozone.om.OzoneManager.getFileStatus(OzoneManager.java:3449) ~[ozone-manager-1.4.0-SNAPSHOT.jar:?]
	at org.apache.hadoop.ozone.protocolPB.OzoneManagerRequestHandler.getOzoneFileStatus(OzoneManagerRequestHandler.java:933) ~[ozone-manager-1.4.0-SNAPSHOT.jar:?]
	at org.apache.hadoop.ozone.protocolPB.OzoneManagerRequestHandler.handleReadRequest(OzoneManagerRequestHandler.java:238) ~[ozone-manager-1.4.0-SNAPSHOT.jar:?]
	at org.apache.hadoop.ozone.protocolPB.OzoneManagerProtocolServerSideTranslatorPB.submitRequestDirectlyToOM(OzoneManagerProtocolServerSideTranslatorPB.java:271) ~[ozone-manager-1.4.0-SNAPSHOT.jar:?]
	at org.apache.hadoop.ozone.protocolPB.OzoneManagerProtocolServerSideTranslatorPB.processRequest(OzoneManagerProtocolServerSideTranslatorPB.java:173) ~[ozone-manager-1.4.0-SNAPSHOT.jar:?]
	at org.apache.hadoop.hdds.server.OzoneProtocolMessageDispatcher.processRequest(OzoneProtocolMessageDispatcher.java:87) [hdds-server-framework-1.4.0-SNAPSHOT.jar:?]
	at org.apache.hadoop.ozone.protocolPB.OzoneManagerProtocolServerSideTranslatorPB.submitRequest(OzoneManagerProtocolServerSideTranslatorPB.java:147) [ozone-manager-1.4.0-SNAPSHOT.jar:?]
	at org.apache.hadoop.ozone.protocol.proto.OzoneManagerProtocolProtos$OzoneManagerService$2.callBlockingMethod(OzoneManagerProtocolProtos.java) [ozone-interface-client-1.4.0-SNAPSHOT.jar:?]
	at org.apache.hadoop.ipc.ProtobufRpcEngine$Server.processCall(ProtobufRpcEngine.java:465) [hadoop-common-3.3.4.jar:?]
	at org.apache.hadoop.ipc.ProtobufRpcEngine2$Server$ProtoBufRpcInvoker.call(ProtobufRpcEngine2.java:578) [hadoop-common-3.3.4.jar:?]
	at org.apache.hadoop.ipc.ProtobufRpcEngine2$Server$ProtoBufRpcInvoker.call(ProtobufRpcEngine2.java:556) [hadoop-common-3.3.4.jar:?]
	at org.apache.hadoop.ipc.RPC$Server.call(RPC.java:1093) [hadoop-common-3.3.4.jar:?]
	at org.apache.hadoop.ipc.Server$RpcCall.run(Server.java:1043) [hadoop-common-3.3.4.jar:?]
	at org.apache.hadoop.ipc.Server$RpcCall.run(Server.java:971) [hadoop-common-3.3.4.jar:?]
	at java.security.AccessController.doPrivileged(Native Method) ~[?:1.8.0_362]
	at javax.security.auth.Subject.doAs(Subject.java:422) [?:1.8.0_362]
	at org.apache.hadoop.security.UserGroupInformation.doAs(UserGroupInformation.java:1878) [hadoop-common-3.3.4.jar:?]
	at org.apache.hadoop.ipc.Server$Handler.run(Server.java:2976) [hadoop-common-3.3.4.jar:?]
08:18:29.597 [IPC Server handler 8 on default port 34455] ERROR OMAudit - user=runner | ip=127.0.0.1 | op=GET_FILE_STATUS {volume=volume94786, bucket=bucket02286, key=gdir1/dir6, dataSize=0, replicationConfig=null} | ret=FAILURE
org.apache.hadoop.ozone.om.exceptions.OMException: Unable to get file status: volume: volume94786 bucket: bucket02286 key: gdir1/dir6
	at org.apache.hadoop.ozone.om.KeyManagerImpl.getOzoneFileStatus(KeyManagerImpl.java:1162) ~[ozone-manager-1.4.0-SNAPSHOT.jar:?]
	at org.apache.hadoop.ozone.om.KeyManagerImpl.getFileStatus(KeyManagerImpl.java:1080) ~[ozone-manager-1.4.0-SNAPSHOT.jar:?]
	at org.apache.hadoop.ozone.om.OmMetadataReader.getFileStatus(OmMetadataReader.java:288) ~[ozone-manager-1.4.0-SNAPSHOT.jar:?]
	at org.apache.hadoop.ozone.om.OzoneManager.getFileStatus(OzoneManager.java:3449) ~[ozone-manager-1.4.0-SNAPSHOT.jar:?]
	at org.apache.hadoop.ozone.protocolPB.OzoneManagerRequestHandler.getOzoneFileStatus(OzoneManagerRequestHandler.java:933) ~[ozone-manager-1.4.0-SNAPSHOT.jar:?]
	at org.apache.hadoop.ozone.protocolPB.OzoneManagerRequestHandler.handleReadRequest(OzoneManagerRequestHandler.java:238) ~[ozone-manager-1.4.0-SNAPSHOT.jar:?]
	at org.apache.hadoop.ozone.protocolPB.OzoneManagerProtocolServerSideTranslatorPB.submitRequestDirectlyToOM(OzoneManagerProtocolServerSideTranslatorPB.java:271) ~[ozone-manager-1.4.0-SNAPSHOT.jar:?]
	at org.apache.hadoop.ozone.protocolPB.OzoneManagerProtocolServerSideTranslatorPB.processRequest(OzoneManagerProtocolServerSideTranslatorPB.java:173) ~[ozone-manager-1.4.0-SNAPSHOT.jar:?]
	at org.apache.hadoop.hdds.server.OzoneProtocolMessageDispatcher.processRequest(OzoneProtocolMessageDispatcher.java:87) [hdds-server-framework-1.4.0-SNAPSHOT.jar:?]
	at org.apache.hadoop.ozone.protocolPB.OzoneManagerProtocolServerSideTranslatorPB.submitRequest(OzoneManagerProtocolServerSideTranslatorPB.java:147) [ozone-manager-1.4.0-SNAPSHOT.jar:?]
	at org.apache.hadoop.ozone.protocol.proto.OzoneManagerProtocolProtos$OzoneManagerService$2.callBlockingMethod(OzoneManagerProtocolProtos.java) [ozone-interface-client-1.4.0-SNAPSHOT.jar:?]
	at org.apache.hadoop.ipc.ProtobufRpcEngine$Server.processCall(ProtobufRpcEngine.java:465) [hadoop-common-3.3.4.jar:?]
	at org.apache.hadoop.ipc.ProtobufRpcEngine2$Server$ProtoBufRpcInvoker.call(ProtobufRpcEngine2.java:578) [hadoop-common-3.3.4.jar:?]
	at org.apache.hadoop.ipc.ProtobufRpcEngine2$Server$ProtoBufRpcInvoker.call(ProtobufRpcEngine2.java:556) [hadoop-common-3.3.4.jar:?]
	at org.apache.hadoop.ipc.RPC$Server.call(RPC.java:1093) [hadoop-common-3.3.4.jar:?]
	at org.apache.hadoop.ipc.Server$RpcCall.run(Server.java:1043) [hadoop-common-3.3.4.jar:?]
	at org.apache.hadoop.ipc.Server$RpcCall.run(Server.java:971) [hadoop-common-3.3.4.jar:?]
	at java.security.AccessController.doPrivileged(Native Method) ~[?:1.8.0_362]
	at javax.security.auth.Subject.doAs(Subject.java:422) [?:1.8.0_362]
	at org.apache.hadoop.security.UserGroupInformation.doAs(UserGroupInformation.java:1878) [hadoop-common-3.3.4.jar:?]
	at org.apache.hadoop.ipc.Server$Handler.run(Server.java:2976) [hadoop-common-3.3.4.jar:?]
08:18:29.598 [IPC Server handler 10 on default port 34455] ERROR OMAudit - user=runner | ip=127.0.0.1 | op=GET_FILE_STATUS {volume=volume94786, bucket=bucket02286, key=gdir1/dir6/child, dataSize=0, replicationConfig=null} | ret=FAILURE
org.apache.hadoop.ozone.om.exceptions.OMException: Unable to get file status: volume: volume94786 bucket: bucket02286 key: gdir1/dir6/child
	at org.apache.hadoop.ozone.om.KeyManagerImpl.getOzoneFileStatus(KeyManagerImpl.java:1162) ~[ozone-manager-1.4.0-SNAPSHOT.jar:?]
	at org.apache.hadoop.ozone.om.KeyManagerImpl.getFileStatus(KeyManagerImpl.java:1080) ~[ozone-manager-1.4.0-SNAPSHOT.jar:?]
	at org.apache.hadoop.ozone.om.OmMetadataReader.getFileStatus(OmMetadataReader.java:288) ~[ozone-manager-1.4.0-SNAPSHOT.jar:?]
	at org.apache.hadoop.ozone.om.OzoneManager.getFileStatus(OzoneManager.java:3449) ~[ozone-manager-1.4.0-SNAPSHOT.jar:?]
	at org.apache.hadoop.ozone.protocolPB.OzoneManagerRequestHandler.getOzoneFileStatus(OzoneManagerRequestHandler.java:933) ~[ozone-manager-1.4.0-SNAPSHOT.jar:?]
	at org.apache.hadoop.ozone.protocolPB.OzoneManagerRequestHandler.handleReadRequest(OzoneManagerRequestHandler.java:238) ~[ozone-manager-1.4.0-SNAPSHOT.jar:?]
	at org.apache.hadoop.ozone.protocolPB.OzoneManagerProtocolServerSideTranslatorPB.submitRequestDirectlyToOM(OzoneManagerProtocolServerSideTranslatorPB.java:271) ~[ozone-manager-1.4.0-SNAPSHOT.jar:?]
	at org.apache.hadoop.ozone.protocolPB.OzoneManagerProtocolServerSideTranslatorPB.processRequest(OzoneManagerProtocolServerSideTranslatorPB.java:173) ~[ozone-manager-1.4.0-SNAPSHOT.jar:?]
	at org.apache.hadoop.hdds.server.OzoneProtocolMessageDispatcher.processRequest(OzoneProtocolMessageDispatcher.java:87) [hdds-server-framework-1.4.0-SNAPSHOT.jar:?]
	at org.apache.hadoop.ozone.protocolPB.OzoneManagerProtocolServerSideTranslatorPB.submitRequest(OzoneManagerProtocolServerSideTranslatorPB.java:147) [ozone-manager-1.4.0-SNAPSHOT.jar:?]
	at org.apache.hadoop.ozone.protocol.proto.OzoneManagerProtocolProtos$OzoneManagerService$2.callBlockingMethod(OzoneManagerProtocolProtos.java) [ozone-interface-client-1.4.0-SNAPSHOT.jar:?]
	at org.apache.hadoop.ipc.ProtobufRpcEngine$Server.processCall(ProtobufRpcEngine.java:465) [hadoop-common-3.3.4.jar:?]
	at org.apache.hadoop.ipc.ProtobufRpcEngine2$Server$ProtoBufRpcInvoker.call(ProtobufRpcEngine2.java:578) [hadoop-common-3.3.4.jar:?]
	at org.apache.hadoop.ipc.ProtobufRpcEngine2$Server$ProtoBufRpcInvoker.call(ProtobufRpcEngine2.java:556) [hadoop-common-3.3.4.jar:?]
	at org.apache.hadoop.ipc.RPC$Server.call(RPC.java:1093) [hadoop-common-3.3.4.jar:?]
	at org.apache.hadoop.ipc.Server$RpcCall.run(Server.java:1043) [hadoop-common-3.3.4.jar:?]
	at org.apache.hadoop.ipc.Server$RpcCall.run(Server.java:971) [hadoop-common-3.3.4.jar:?]
	at java.security.AccessController.doPrivileged(Native Method) ~[?:1.8.0_362]
	at javax.security.auth.Subject.doAs(Subject.java:422) [?:1.8.0_362]
	at org.apache.hadoop.security.UserGroupInformation.doAs(UserGroupInformation.java:1878) [hadoop-common-3.3.4.jar:?]
	at org.apache.hadoop.ipc.Server$Handler.run(Server.java:2976) [hadoop-common-3.3.4.jar:?]
08:18:29.598 [IPC Server handler 11 on default port 34455] ERROR OMAudit - user=runner | ip=127.0.0.1 | op=GET_FILE_STATUS {volume=volume94786, bucket=bucket02286, key=gdir1/dir7, dataSize=0, replicationConfig=null} | ret=FAILURE
org.apache.hadoop.ozone.om.exceptions.OMException: Unable to get file status: volume: volume94786 bucket: bucket02286 key: gdir1/dir7
	at org.apache.hadoop.ozone.om.KeyManagerImpl.getOzoneFileStatus(KeyManagerImpl.java:1162) ~[ozone-manager-1.4.0-SNAPSHOT.jar:?]
	at org.apache.hadoop.ozone.om.KeyManagerImpl.getFileStatus(KeyManagerImpl.java:1080) ~[ozone-manager-1.4.0-SNAPSHOT.jar:?]
	at org.apache.hadoop.ozone.om.OmMetadataReader.getFileStatus(OmMetadataReader.java:288) ~[ozone-manager-1.4.0-SNAPSHOT.jar:?]
	at org.apache.hadoop.ozone.om.OzoneManager.getFileStatus(OzoneManager.java:3449) ~[ozone-manager-1.4.0-SNAPSHOT.jar:?]
	at org.apache.hadoop.ozone.protocolPB.OzoneManagerRequestHandler.getOzoneFileStatus(OzoneManagerRequestHandler.java:933) ~[ozone-manager-1.4.0-SNAPSHOT.jar:?]
	at org.apache.hadoop.ozone.protocolPB.OzoneManagerRequestHandler.handleReadRequest(OzoneManagerRequestHandler.java:238) ~[ozone-manager-1.4.0-SNAPSHOT.jar:?]
	at org.apache.hadoop.ozone.protocolPB.OzoneManagerProtocolServerSideTranslatorPB.submitRequestDirectlyToOM(OzoneManagerProtocolServerSideTranslatorPB.java:271) ~[ozone-manager-1.4.0-SNAPSHOT.jar:?]
	at org.apache.hadoop.ozone.protocolPB.OzoneManagerProtocolServerSideTranslatorPB.processRequest(OzoneManagerProtocolServerSideTranslatorPB.java:173) ~[ozone-manager-1.4.0-SNAPSHOT.jar:?]
	at org.apache.hadoop.hdds.server.OzoneProtocolMessageDispatcher.processRequest(OzoneProtocolMessageDispatcher.java:87) [hdds-server-framework-1.4.0-SNAPSHOT.jar:?]
	at org.apache.hadoop.ozone.protocolPB.OzoneManagerProtocolServerSideTranslatorPB.submitRequest(OzoneManagerProtocolServerSideTranslatorPB.java:147) [ozone-manager-1.4.0-SNAPSHOT.jar:?]
	at org.apache.hadoop.ozone.protocol.proto.OzoneManagerProtocolProtos$OzoneManagerService$2.callBlockingMethod(OzoneManagerProtocolProtos.java) [ozone-interface-client-1.4.0-SNAPSHOT.jar:?]
	at org.apache.hadoop.ipc.ProtobufRpcEngine$Server.processCall(ProtobufRpcEngine.java:465) [hadoop-common-3.3.4.jar:?]
	at org.apache.hadoop.ipc.ProtobufRpcEngine2$Server$ProtoBufRpcInvoker.call(ProtobufRpcEngine2.java:578) [hadoop-common-3.3.4.jar:?]
	at org.apache.hadoop.ipc.ProtobufRpcEngine2$Server$ProtoBufRpcInvoker.call(ProtobufRpcEngine2.java:556) [hadoop-common-3.3.4.jar:?]
	at org.apache.hadoop.ipc.RPC$Server.call(RPC.java:1093) [hadoop-common-3.3.4.jar:?]
	at org.apache.hadoop.ipc.Server$RpcCall.run(Server.java:1043) [hadoop-common-3.3.4.jar:?]
	at org.apache.hadoop.ipc.Server$RpcCall.run(Server.java:971) [hadoop-common-3.3.4.jar:?]
	at java.security.AccessController.doPrivileged(Native Method) ~[?:1.8.0_362]
	at javax.security.auth.Subject.doAs(Subject.java:422) [?:1.8.0_362]
	at org.apache.hadoop.security.UserGroupInformation.doAs(UserGroupInformation.java:1878) [hadoop-common-3.3.4.jar:?]
	at org.apache.hadoop.ipc.Server$Handler.run(Server.java:2976) [hadoop-common-3.3.4.jar:?]
08:18:29.599 [IPC Server handler 12 on default port 34455] ERROR OMAudit - user=runner | ip=127.0.0.1 | op=GET_FILE_STATUS {volume=volume94786, bucket=bucket02286, key=gdir1/dir7/child, dataSize=0, replicationConfig=null} | ret=FAILURE
org.apache.hadoop.ozone.om.exceptions.OMException: Unable to get file status: volume: volume94786 bucket: bucket02286 key: gdir1/dir7/child
	at org.apache.hadoop.ozone.om.KeyManagerImpl.getOzoneFileStatus(KeyManagerImpl.java:1162) ~[ozone-manager-1.4.0-SNAPSHOT.jar:?]
	at org.apache.hadoop.ozone.om.KeyManagerImpl.getFileStatus(KeyManagerImpl.java:1080) ~[ozone-manager-1.4.0-SNAPSHOT.jar:?]
	at org.apache.hadoop.ozone.om.OmMetadataReader.getFileStatus(OmMetadataReader.java:288) ~[ozone-manager-1.4.0-SNAPSHOT.jar:?]
	at org.apache.hadoop.ozone.om.OzoneManager.getFileStatus(OzoneManager.java:3449) ~[ozone-manager-1.4.0-SNAPSHOT.jar:?]
	at org.apache.hadoop.ozone.protocolPB.OzoneManagerRequestHandler.getOzoneFileStatus(OzoneManagerRequestHandler.java:933) ~[ozone-manager-1.4.0-SNAPSHOT.jar:?]
	at org.apache.hadoop.ozone.protocolPB.OzoneManagerRequestHandler.handleReadRequest(OzoneManagerRequestHandler.java:238) ~[ozone-manager-1.4.0-SNAPSHOT.jar:?]
	at org.apache.hadoop.ozone.protocolPB.OzoneManagerProtocolServerSideTranslatorPB.submitRequestDirectlyToOM(OzoneManagerProtocolServerSideTranslatorPB.java:271) ~[ozone-manager-1.4.0-SNAPSHOT.jar:?]
	at org.apache.hadoop.ozone.protocolPB.OzoneManagerProtocolServerSideTranslatorPB.processRequest(OzoneManagerProtocolServerSideTranslatorPB.java:173) ~[ozone-manager-1.4.0-SNAPSHOT.jar:?]
	at org.apache.hadoop.hdds.server.OzoneProtocolMessageDispatcher.processRequest(OzoneProtocolMessageDispatcher.java:87) [hdds-server-framework-1.4.0-SNAPSHOT.jar:?]
	at org.apache.hadoop.ozone.protocolPB.OzoneManagerProtocolServerSideTranslatorPB.submitRequest(OzoneManagerProtocolServerSideTranslatorPB.java:147) [ozone-manager-1.4.0-SNAPSHOT.jar:?]
	at org.apache.hadoop.ozone.protocol.proto.OzoneManagerProtocolProtos$OzoneManagerService$2.callBlockingMethod(OzoneManagerProtocolProtos.java) [ozone-interface-client-1.4.0-SNAPSHOT.jar:?]
	at org.apache.hadoop.ipc.ProtobufRpcEngine$Server.processCall(ProtobufRpcEngine.java:465) [hadoop-common-3.3.4.jar:?]
	at org.apache.hadoop.ipc.ProtobufRpcEngine2$Server$ProtoBufRpcInvoker.call(ProtobufRpcEngine2.java:578) [hadoop-common-3.3.4.jar:?]
	at org.apache.hadoop.ipc.ProtobufRpcEngine2$Server$ProtoBufRpcInvoker.call(ProtobufRpcEngine2.java:556) [hadoop-common-3.3.4.jar:?]
	at org.apache.hadoop.ipc.RPC$Server.call(RPC.java:1093) [hadoop-common-3.3.4.jar:?]
	at org.apache.hadoop.ipc.Server$RpcCall.run(Server.java:1043) [hadoop-common-3.3.4.jar:?]
	at org.apache.hadoop.ipc.Server$RpcCall.run(Server.java:971) [hadoop-common-3.3.4.jar:?]
	at java.security.AccessController.doPrivileged(Native Method) ~[?:1.8.0_362]
	at javax.security.auth.Subject.doAs(Subject.java:422) [?:1.8.0_362]
	at org.apache.hadoop.security.UserGroupInformation.doAs(UserGroupInformation.java:1878) [hadoop-common-3.3.4.jar:?]
	at org.apache.hadoop.ipc.Server$Handler.run(Server.java:2976) [hadoop-common-3.3.4.jar:?]
08:18:29.600 [IPC Server handler 13 on default port 34455] ERROR OMAudit - user=runner | ip=127.0.0.1 | op=GET_FILE_STATUS {volume=volume94786, bucket=bucket02286, key=gdir1/dir8, dataSize=0, replicationConfig=null} | ret=FAILURE
org.apache.hadoop.ozone.om.exceptions.OMException: Unable to get file status: volume: volume94786 bucket: bucket02286 key: gdir1/dir8
	at org.apache.hadoop.ozone.om.KeyManagerImpl.getOzoneFileStatus(KeyManagerImpl.java:1162) ~[ozone-manager-1.4.0-SNAPSHOT.jar:?]
	at org.apache.hadoop.ozone.om.KeyManagerImpl.getFileStatus(KeyManagerImpl.java:1080) ~[ozone-manager-1.4.0-SNAPSHOT.jar:?]
	at org.apache.hadoop.ozone.om.OmMetadataReader.getFileStatus(OmMetadataReader.java:288) ~[ozone-manager-1.4.0-SNAPSHOT.jar:?]
	at org.apache.hadoop.ozone.om.OzoneManager.getFileStatus(OzoneManager.java:3449) ~[ozone-manager-1.4.0-SNAPSHOT.jar:?]
	at org.apache.hadoop.ozone.protocolPB.OzoneManagerRequestHandler.getOzoneFileStatus(OzoneManagerRequestHandler.java:933) ~[ozone-manager-1.4.0-SNAPSHOT.jar:?]
	at org.apache.hadoop.ozone.protocolPB.OzoneManagerRequestHandler.handleReadRequest(OzoneManagerRequestHandler.java:238) ~[ozone-manager-1.4.0-SNAPSHOT.jar:?]
	at org.apache.hadoop.ozone.protocolPB.OzoneManagerProtocolServerSideTranslatorPB.submitRequestDirectlyToOM(OzoneManagerProtocolServerSideTranslatorPB.java:271) ~[ozone-manager-1.4.0-SNAPSHOT.jar:?]
	at org.apache.hadoop.ozone.protocolPB.OzoneManagerProtocolServerSideTranslatorPB.processRequest(OzoneManagerProtocolServerSideTranslatorPB.java:173) ~[ozone-manager-1.4.0-SNAPSHOT.jar:?]
	at org.apache.hadoop.hdds.server.OzoneProtocolMessageDispatcher.processRequest(OzoneProtocolMessageDispatcher.java:87) [hdds-server-framework-1.4.0-SNAPSHOT.jar:?]
	at org.apache.hadoop.ozone.protocolPB.OzoneManagerProtocolServerSideTranslatorPB.submitRequest(OzoneManagerProtocolServerSideTranslatorPB.java:147) [ozone-manager-1.4.0-SNAPSHOT.jar:?]
	at org.apache.hadoop.ozone.protocol.proto.OzoneManagerProtocolProtos$OzoneManagerService$2.callBlockingMethod(OzoneManagerProtocolProtos.java) [ozone-interface-client-1.4.0-SNAPSHOT.jar:?]
	at org.apache.hadoop.ipc.ProtobufRpcEngine$Server.processCall(ProtobufRpcEngine.java:465) [hadoop-common-3.3.4.jar:?]
	at org.apache.hadoop.ipc.ProtobufRpcEngine2$Server$ProtoBufRpcInvoker.call(ProtobufRpcEngine2.java:578) [hadoop-common-3.3.4.jar:?]
	at org.apache.hadoop.ipc.ProtobufRpcEngine2$Server$ProtoBufRpcInvoker.call(ProtobufRpcEngine2.java:556) [hadoop-common-3.3.4.jar:?]
	at org.apache.hadoop.ipc.RPC$Server.call(RPC.java:1093) [hadoop-common-3.3.4.jar:?]
	at org.apache.hadoop.ipc.Server$RpcCall.run(Server.java:1043) [hadoop-common-3.3.4.jar:?]
	at org.apache.hadoop.ipc.Server$RpcCall.run(Server.java:971) [hadoop-common-3.3.4.jar:?]
	at java.security.AccessController.doPrivileged(Native Method) ~[?:1.8.0_362]
	at javax.security.auth.Subject.doAs(Subject.java:422) [?:1.8.0_362]
	at org.apache.hadoop.security.UserGroupInformation.doAs(UserGroupInformation.java:1878) [hadoop-common-3.3.4.jar:?]
	at org.apache.hadoop.ipc.Server$Handler.run(Server.java:2976) [hadoop-common-3.3.4.jar:?]
08:18:29.601 [IPC Server handler 14 on default port 34455] ERROR OMAudit - user=runner | ip=127.0.0.1 | op=GET_FILE_STATUS {volume=volume94786, bucket=bucket02286, key=gdir1/dir8/child, dataSize=0, replicationConfig=null} | ret=FAILURE
org.apache.hadoop.ozone.om.exceptions.OMException: Unable to get file status: volume: volume94786 bucket: bucket02286 key: gdir1/dir8/child
	at org.apache.hadoop.ozone.om.KeyManagerImpl.getOzoneFileStatus(KeyManagerImpl.java:1162) ~[ozone-manager-1.4.0-SNAPSHOT.jar:?]
	at org.apache.hadoop.ozone.om.KeyManagerImpl.getFileStatus(KeyManagerImpl.java:1080) ~[ozone-manager-1.4.0-SNAPSHOT.jar:?]
	at org.apache.hadoop.ozone.om.OmMetadataReader.getFileStatus(OmMetadataReader.java:288) ~[ozone-manager-1.4.0-SNAPSHOT.jar:?]
	at org.apache.hadoop.ozone.om.OzoneManager.getFileStatus(OzoneManager.java:3449) ~[ozone-manager-1.4.0-SNAPSHOT.jar:?]
	at org.apache.hadoop.ozone.protocolPB.OzoneManagerRequestHandler.getOzoneFileStatus(OzoneManagerRequestHandler.java:933) ~[ozone-manager-1.4.0-SNAPSHOT.jar:?]
	at org.apache.hadoop.ozone.protocolPB.OzoneManagerRequestHandler.handleReadRequest(OzoneManagerRequestHandler.java:238) ~[ozone-manager-1.4.0-SNAPSHOT.jar:?]
	at org.apache.hadoop.ozone.protocolPB.OzoneManagerProtocolServerSideTranslatorPB.submitRequestDirectlyToOM(OzoneManagerProtocolServerSideTranslatorPB.java:271) ~[ozone-manager-1.4.0-SNAPSHOT.jar:?]
	at org.apache.hadoop.ozone.protocolPB.OzoneManagerProtocolServerSideTranslatorPB.processRequest(OzoneManagerProtocolServerSideTranslatorPB.java:173) ~[ozone-manager-1.4.0-SNAPSHOT.jar:?]
	at org.apache.hadoop.hdds.server.OzoneProtocolMessageDispatcher.processRequest(OzoneProtocolMessageDispatcher.java:87) [hdds-server-framework-1.4.0-SNAPSHOT.jar:?]
	at org.apache.hadoop.ozone.protocolPB.OzoneManagerProtocolServerSideTranslatorPB.submitRequest(OzoneManagerProtocolServerSideTranslatorPB.java:147) [ozone-manager-1.4.0-SNAPSHOT.jar:?]
	at org.apache.hadoop.ozone.protocol.proto.OzoneManagerProtocolProtos$OzoneManagerService$2.callBlockingMethod(OzoneManagerProtocolProtos.java) [ozone-interface-client-1.4.0-SNAPSHOT.jar:?]
	at org.apache.hadoop.ipc.ProtobufRpcEngine$Server.processCall(ProtobufRpcEngine.java:465) [hadoop-common-3.3.4.jar:?]
	at org.apache.hadoop.ipc.ProtobufRpcEngine2$Server$ProtoBufRpcInvoker.call(ProtobufRpcEngine2.java:578) [hadoop-common-3.3.4.jar:?]
	at org.apache.hadoop.ipc.ProtobufRpcEngine2$Server$ProtoBufRpcInvoker.call(ProtobufRpcEngine2.java:556) [hadoop-common-3.3.4.jar:?]
	at org.apache.hadoop.ipc.RPC$Server.call(RPC.java:1093) [hadoop-common-3.3.4.jar:?]
	at org.apache.hadoop.ipc.Server$RpcCall.run(Server.java:1043) [hadoop-common-3.3.4.jar:?]
	at org.apache.hadoop.ipc.Server$RpcCall.run(Server.java:971) [hadoop-common-3.3.4.jar:?]
	at java.security.AccessController.doPrivileged(Native Method) ~[?:1.8.0_362]
	at javax.security.auth.Subject.doAs(Subject.java:422) [?:1.8.0_362]
	at org.apache.hadoop.security.UserGroupInformation.doAs(UserGroupInformation.java:1878) [hadoop-common-3.3.4.jar:?]
	at org.apache.hadoop.ipc.Server$Handler.run(Server.java:2976) [hadoop-common-3.3.4.jar:?]
08:18:29.602 [IPC Server handler 15 on default port 34455] ERROR OMAudit - user=runner | ip=127.0.0.1 | op=GET_FILE_STATUS {volume=volume94786, bucket=bucket02286, key=gdir1/dir9, dataSize=0, replicationConfig=null} | ret=FAILURE
org.apache.hadoop.ozone.om.exceptions.OMException: Unable to get file status: volume: volume94786 bucket: bucket02286 key: gdir1/dir9
	at org.apache.hadoop.ozone.om.KeyManagerImpl.getOzoneFileStatus(KeyManagerImpl.java:1162) ~[ozone-manager-1.4.0-SNAPSHOT.jar:?]
	at org.apache.hadoop.ozone.om.KeyManagerImpl.getFileStatus(KeyManagerImpl.java:1080) ~[ozone-manager-1.4.0-SNAPSHOT.jar:?]
	at org.apache.hadoop.ozone.om.OmMetadataReader.getFileStatus(OmMetadataReader.java:288) ~[ozone-manager-1.4.0-SNAPSHOT.jar:?]
	at org.apache.hadoop.ozone.om.OzoneManager.getFileStatus(OzoneManager.java:3449) ~[ozone-manager-1.4.0-SNAPSHOT.jar:?]
	at org.apache.hadoop.ozone.protocolPB.OzoneManagerRequestHandler.getOzoneFileStatus(OzoneManagerRequestHandler.java:933) ~[ozone-manager-1.4.0-SNAPSHOT.jar:?]
	at org.apache.hadoop.ozone.protocolPB.OzoneManagerRequestHandler.handleReadRequest(OzoneManagerRequestHandler.java:238) ~[ozone-manager-1.4.0-SNAPSHOT.jar:?]
	at org.apache.hadoop.ozone.protocolPB.OzoneManagerProtocolServerSideTranslatorPB.submitRequestDirectlyToOM(OzoneManagerProtocolServerSideTranslatorPB.java:271) ~[ozone-manager-1.4.0-SNAPSHOT.jar:?]
	at org.apache.hadoop.ozone.protocolPB.OzoneManagerProtocolServerSideTranslatorPB.processRequest(OzoneManagerProtocolServerSideTranslatorPB.java:173) ~[ozone-manager-1.4.0-SNAPSHOT.jar:?]
	at org.apache.hadoop.hdds.server.OzoneProtocolMessageDispatcher.processRequest(OzoneProtocolMessageDispatcher.java:87) [hdds-server-framework-1.4.0-SNAPSHOT.jar:?]
	at org.apache.hadoop.ozone.protocolPB.OzoneManagerProtocolServerSideTranslatorPB.submitRequest(OzoneManagerProtocolServerSideTranslatorPB.java:147) [ozone-manager-1.4.0-SNAPSHOT.jar:?]
	at org.apache.hadoop.ozone.protocol.proto.OzoneManagerProtocolProtos$OzoneManagerService$2.callBlockingMethod(OzoneManagerProtocolProtos.java) [ozone-interface-client-1.4.0-SNAPSHOT.jar:?]
	at org.apache.hadoop.ipc.ProtobufRpcEngine$Server.processCall(ProtobufRpcEngine.java:465) [hadoop-common-3.3.4.jar:?]
	at org.apache.hadoop.ipc.ProtobufRpcEngine2$Server$ProtoBufRpcInvoker.call(ProtobufRpcEngine2.java:578) [hadoop-common-3.3.4.jar:?]
	at org.apache.hadoop.ipc.ProtobufRpcEngine2$Server$ProtoBufRpcInvoker.call(ProtobufRpcEngine2.java:556) [hadoop-common-3.3.4.jar:?]
	at org.apache.hadoop.ipc.RPC$Server.call(RPC.java:1093) [hadoop-common-3.3.4.jar:?]
	at org.apache.hadoop.ipc.Server$RpcCall.run(Server.java:1043) [hadoop-common-3.3.4.jar:?]
	at org.apache.hadoop.ipc.Server$RpcCall.run(Server.java:971) [hadoop-common-3.3.4.jar:?]
	at java.security.AccessController.doPrivileged(Native Method) ~[?:1.8.0_362]
	at javax.security.auth.Subject.doAs(Subject.java:422) [?:1.8.0_362]
	at org.apache.hadoop.security.UserGroupInformation.doAs(UserGroupInformation.java:1878) [hadoop-common-3.3.4.jar:?]
	at org.apache.hadoop.ipc.Server$Handler.run(Server.java:2976) [hadoop-common-3.3.4.jar:?]
08:18:29.602 [IPC Server handler 16 on default port 34455] ERROR OMAudit - user=runner | ip=127.0.0.1 | op=GET_FILE_STATUS {volume=volume94786, bucket=bucket02286, key=gdir1/dir9/child, dataSize=0, replicationConfig=null} | ret=FAILURE
org.apache.hadoop.ozone.om.exceptions.OMException: Unable to get file status: volume: volume94786 bucket: bucket02286 key: gdir1/dir9/child
	at org.apache.hadoop.ozone.om.KeyManagerImpl.getOzoneFileStatus(KeyManagerImpl.java:1162) ~[ozone-manager-1.4.0-SNAPSHOT.jar:?]
	at org.apache.hadoop.ozone.om.KeyManagerImpl.getFileStatus(KeyManagerImpl.java:1080) ~[ozone-manager-1.4.0-SNAPSHOT.jar:?]
	at org.apache.hadoop.ozone.om.OmMetadataReader.getFileStatus(OmMetadataReader.java:288) ~[ozone-manager-1.4.0-SNAPSHOT.jar:?]
	at org.apache.hadoop.ozone.om.OzoneManager.getFileStatus(OzoneManager.java:3449) ~[ozone-manager-1.4.0-SNAPSHOT.jar:?]
	at org.apache.hadoop.ozone.protocolPB.OzoneManagerRequestHandler.getOzoneFileStatus(OzoneManagerRequestHandler.java:933) ~[ozone-manager-1.4.0-SNAPSHOT.jar:?]
	at org.apache.hadoop.ozone.protocolPB.OzoneManagerRequestHandler.handleReadRequest(OzoneManagerRequestHandler.java:238) ~[ozone-manager-1.4.0-SNAPSHOT.jar:?]
	at org.apache.hadoop.ozone.protocolPB.OzoneManagerProtocolServerSideTranslatorPB.submitRequestDirectlyToOM(OzoneManagerProtocolServerSideTranslatorPB.java:271) ~[ozone-manager-1.4.0-SNAPSHOT.jar:?]
	at org.apache.hadoop.ozone.protocolPB.OzoneManagerProtocolServerSideTranslatorPB.processRequest(OzoneManagerProtocolServerSideTranslatorPB.java:173) ~[ozone-manager-1.4.0-SNAPSHOT.jar:?]
	at org.apache.hadoop.hdds.server.OzoneProtocolMessageDispatcher.processRequest(OzoneProtocolMessageDispatcher.java:87) [hdds-server-framework-1.4.0-SNAPSHOT.jar:?]
	at org.apache.hadoop.ozone.protocolPB.OzoneManagerProtocolServerSideTranslatorPB.submitRequest(OzoneManagerProtocolServerSideTranslatorPB.java:147) [ozone-manager-1.4.0-SNAPSHOT.jar:?]
	at org.apache.hadoop.ozone.protocol.proto.OzoneManagerProtocolProtos$OzoneManagerService$2.callBlockingMethod(OzoneManagerProtocolProtos.java) [ozone-interface-client-1.4.0-SNAPSHOT.jar:?]
	at org.apache.hadoop.ipc.ProtobufRpcEngine$Server.processCall(ProtobufRpcEngine.java:465) [hadoop-common-3.3.4.jar:?]
	at org.apache.hadoop.ipc.ProtobufRpcEngine2$Server$ProtoBufRpcInvoker.call(ProtobufRpcEngine2.java:578) [hadoop-common-3.3.4.jar:?]
	at org.apache.hadoop.ipc.ProtobufRpcEngine2$Server$ProtoBufRpcInvoker.call(ProtobufRpcEngine2.java:556) [hadoop-common-3.3.4.jar:?]
	at org.apache.hadoop.ipc.RPC$Server.call(RPC.java:1093) [hadoop-common-3.3.4.jar:?]
	at org.apache.hadoop.ipc.Server$RpcCall.run(Server.java:1043) [hadoop-common-3.3.4.jar:?]
	at org.apache.hadoop.ipc.Server$RpcCall.run(Server.java:971) [hadoop-common-3.3.4.jar:?]
	at java.security.AccessController.doPrivileged(Native Method) ~[?:1.8.0_362]
	at javax.security.auth.Subject.doAs(Subject.java:422) [?:1.8.0_362]
	at org.apache.hadoop.security.UserGroupInformation.doAs(UserGroupInformation.java:1878) [hadoop-common-3.3.4.jar:?]
	at org.apache.hadoop.ipc.Server$Handler.run(Server.java:2976) [hadoop-common-3.3.4.jar:?]
08:18:29.603 [IPC Server handler 17 on default port 34455] ERROR OMAudit - user=runner | ip=127.0.0.1 | op=GET_FILE_STATUS {volume=volume94786, bucket=bucket02286, key=gdir1/dir10, dataSize=0, replicationConfig=null} | ret=FAILURE
org.apache.hadoop.ozone.om.exceptions.OMException: Unable to get file status: volume: volume94786 bucket: bucket02286 key: gdir1/dir10
	at org.apache.hadoop.ozone.om.KeyManagerImpl.getOzoneFileStatus(KeyManagerImpl.java:1162) ~[ozone-manager-1.4.0-SNAPSHOT.jar:?]
	at org.apache.hadoop.ozone.om.KeyManagerImpl.getFileStatus(KeyManagerImpl.java:1080) ~[ozone-manager-1.4.0-SNAPSHOT.jar:?]
	at org.apache.hadoop.ozone.om.OmMetadataReader.getFileStatus(OmMetadataReader.java:288) ~[ozone-manager-1.4.0-SNAPSHOT.jar:?]
	at org.apache.hadoop.ozone.om.OzoneManager.getFileStatus(OzoneManager.java:3449) ~[ozone-manager-1.4.0-SNAPSHOT.jar:?]
	at org.apache.hadoop.ozone.protocolPB.OzoneManagerRequestHandler.getOzoneFileStatus(OzoneManagerRequestHandler.java:933) ~[ozone-manager-1.4.0-SNAPSHOT.jar:?]
	at org.apache.hadoop.ozone.protocolPB.OzoneManagerRequestHandler.handleReadRequest(OzoneManagerRequestHandler.java:238) ~[ozone-manager-1.4.0-SNAPSHOT.jar:?]
	at org.apache.hadoop.ozone.protocolPB.OzoneManagerProtocolServerSideTranslatorPB.submitRequestDirectlyToOM(OzoneManagerProtocolServerSideTranslatorPB.java:271) ~[ozone-manager-1.4.0-SNAPSHOT.jar:?]
	at org.apache.hadoop.ozone.protocolPB.OzoneManagerProtocolServerSideTranslatorPB.processRequest(OzoneManagerProtocolServerSideTranslatorPB.java:173) ~[ozone-manager-1.4.0-SNAPSHOT.jar:?]
	at org.apache.hadoop.hdds.server.OzoneProtocolMessageDispatcher.processRequest(OzoneProtocolMessageDispatcher.java:87) [hdds-server-framework-1.4.0-SNAPSHOT.jar:?]
	at org.apache.hadoop.ozone.protocolPB.OzoneManagerProtocolServerSideTranslatorPB.submitRequest(OzoneManagerProtocolServerSideTranslatorPB.java:147) [ozone-manager-1.4.0-SNAPSHOT.jar:?]
	at org.apache.hadoop.ozone.protocol.proto.OzoneManagerProtocolProtos$OzoneManagerService$2.callBlockingMethod(OzoneManagerProtocolProtos.java) [ozone-interface-client-1.4.0-SNAPSHOT.jar:?]
	at org.apache.hadoop.ipc.ProtobufRpcEngine$Server.processCall(ProtobufRpcEngine.java:465) [hadoop-common-3.3.4.jar:?]
	at org.apache.hadoop.ipc.ProtobufRpcEngine2$Server$ProtoBufRpcInvoker.call(ProtobufRpcEngine2.java:578) [hadoop-common-3.3.4.jar:?]
	at org.apache.hadoop.ipc.ProtobufRpcEngine2$Server$ProtoBufRpcInvoker.call(ProtobufRpcEngine2.java:556) [hadoop-common-3.3.4.jar:?]
	at org.apache.hadoop.ipc.RPC$Server.call(RPC.java:1093) [hadoop-common-3.3.4.jar:?]
	at org.apache.hadoop.ipc.Server$RpcCall.run(Server.java:1043) [hadoop-common-3.3.4.jar:?]
	at org.apache.hadoop.ipc.Server$RpcCall.run(Server.java:971) [hadoop-common-3.3.4.jar:?]
	at java.security.AccessController.doPrivileged(Native Method) ~[?:1.8.0_362]
	at javax.security.auth.Subject.doAs(Subject.java:422) [?:1.8.0_362]
	at org.apache.hadoop.security.UserGroupInformation.doAs(UserGroupInformation.java:1878) [hadoop-common-3.3.4.jar:?]
	at org.apache.hadoop.ipc.Server$Handler.run(Server.java:2976) [hadoop-common-3.3.4.jar:?]
08:18:29.603 [IPC Server handler 18 on default port 34455] ERROR OMAudit - user=runner | ip=127.0.0.1 | op=GET_FILE_STATUS {volume=volume94786, bucket=bucket02286, key=gdir1/dir10/child, dataSize=0, replicationConfig=null} | ret=FAILURE
org.apache.hadoop.ozone.om.exceptions.OMException: Unable to get file status: volume: volume94786 bucket: bucket02286 key: gdir1/dir10/child
	at org.apache.hadoop.ozone.om.KeyManagerImpl.getOzoneFileStatus(KeyManagerImpl.java:1162) ~[ozone-manager-1.4.0-SNAPSHOT.jar:?]
	at org.apache.hadoop.ozone.om.KeyManagerImpl.getFileStatus(KeyManagerImpl.java:1080) ~[ozone-manager-1.4.0-SNAPSHOT.jar:?]
	at org.apache.hadoop.ozone.om.OmMetadataReader.getFileStatus(OmMetadataReader.java:288) ~[ozone-manager-1.4.0-SNAPSHOT.jar:?]
	at org.apache.hadoop.ozone.om.OzoneManager.getFileStatus(OzoneManager.java:3449) ~[ozone-manager-1.4.0-SNAPSHOT.jar:?]
	at org.apache.hadoop.ozone.protocolPB.OzoneManagerRequestHandler.getOzoneFileStatus(OzoneManagerRequestHandler.java:933) ~[ozone-manager-1.4.0-SNAPSHOT.jar:?]
	at org.apache.hadoop.ozone.protocolPB.OzoneManagerRequestHandler.handleReadRequest(OzoneManagerRequestHandler.java:238) ~[ozone-manager-1.4.0-SNAPSHOT.jar:?]
	at org.apache.hadoop.ozone.protocolPB.OzoneManagerProtocolServerSideTranslatorPB.submitRequestDirectlyToOM(OzoneManagerProtocolServerSideTranslatorPB.java:271) ~[ozone-manager-1.4.0-SNAPSHOT.jar:?]
	at org.apache.hadoop.ozone.protocolPB.OzoneManagerProtocolServerSideTranslatorPB.processRequest(OzoneManagerProtocolServerSideTranslatorPB.java:173) ~[ozone-manager-1.4.0-SNAPSHOT.jar:?]
	at org.apache.hadoop.hdds.server.OzoneProtocolMessageDispatcher.processRequest(OzoneProtocolMessageDispatcher.java:87) [hdds-server-framework-1.4.0-SNAPSHOT.jar:?]
	at org.apache.hadoop.ozone.protocolPB.OzoneManagerProtocolServerSideTranslatorPB.submitRequest(OzoneManagerProtocolServerSideTranslatorPB.java:147) [ozone-manager-1.4.0-SNAPSHOT.jar:?]
	at org.apache.hadoop.ozone.protocol.proto.OzoneManagerProtocolProtos$OzoneManagerService$2.callBlockingMethod(OzoneManagerProtocolProtos.java) [ozone-interface-client-1.4.0-SNAPSHOT.jar:?]
	at org.apache.hadoop.ipc.ProtobufRpcEngine$Server.processCall(ProtobufRpcEngine.java:465) [hadoop-common-3.3.4.jar:?]
	at org.apache.hadoop.ipc.ProtobufRpcEngine2$Server$ProtoBufRpcInvoker.call(ProtobufRpcEngine2.java:578) [hadoop-common-3.3.4.jar:?]
	at org.apache.hadoop.ipc.ProtobufRpcEngine2$Server$ProtoBufRpcInvoker.call(ProtobufRpcEngine2.java:556) [hadoop-common-3.3.4.jar:?]
	at org.apache.hadoop.ipc.RPC$Server.call(RPC.java:1093) [hadoop-common-3.3.4.jar:?]
	at org.apache.hadoop.ipc.Server$RpcCall.run(Server.java:1043) [hadoop-common-3.3.4.jar:?]
	at org.apache.hadoop.ipc.Server$RpcCall.run(Server.java:971) [hadoop-common-3.3.4.jar:?]
	at java.security.AccessController.doPrivileged(Native Method) ~[?:1.8.0_362]
	at javax.security.auth.Subject.doAs(Subject.java:422) [?:1.8.0_362]
	at org.apache.hadoop.security.UserGroupInformation.doAs(UserGroupInformation.java:1878) [hadoop-common-3.3.4.jar:?]
	at org.apache.hadoop.ipc.Server$Handler.run(Server.java:2976) [hadoop-common-3.3.4.jar:?]
2023-02-14 08:18:29,608 [IPC Server handler 0 on default port 34455] INFO  key.OMKeyRequest (OMKeyRequest.java:wrapUncommittedBlocksAsPseudoKey(837)) - Detect allocated but uncommitted blocks [{blockID={containerID=2, localID=111677748019200024}, length=4194304, offset=0, token=null, pipeline=null, createVersion=0, partNumber=0}] in key level0/level1/file1.
2023-02-14 08:18:29,611 [IPC Server handler 2 on default port 34455] INFO  key.OMKeyRequest (OMKeyRequest.java:wrapUncommittedBlocksAsPseudoKey(837)) - Detect allocated but uncommitted blocks [{blockID={containerID=1, localID=111677748019200025}, length=4194304, offset=0, token=null, pipeline=null, createVersion=0, partNumber=0}] in key level0/level1/level1/file1.
2023-02-14 08:18:29,613 [IPC Server handler 4 on default port 34455] INFO  key.OMKeyRequest (OMKeyRequest.java:wrapUncommittedBlocksAsPseudoKey(837)) - Detect allocated but uncommitted blocks [{blockID={containerID=2, localID=111677748019200026}, length=4194304, offset=0, token=null, pipeline=null, createVersion=0, partNumber=0}] in key level0/level2/file1.
2023-02-14 08:18:29,616 [IPC Server handler 7 on default port 34455] INFO  key.OMKeyRequest (OMKeyRequest.java:wrapUncommittedBlocksAsPseudoKey(837)) - Detect allocated but uncommitted blocks [{blockID={containerID=1, localID=111677748019200027}, length=4194304, offset=0, token=null, pipeline=null, createVersion=0, partNumber=0}] in key level0/level2/level2/file1.
2023-02-14 08:18:29,619 [IPC Server handler 9 on default port 34455] INFO  key.OMKeyRequest (OMKeyRequest.java:wrapUncommittedBlocksAsPseudoKey(837)) - Detect allocated but uncommitted blocks [{blockID={containerID=2, localID=111677748019200028}, length=4194304, offset=0, token=null, pipeline=null, createVersion=0, partNumber=0}] in key level0/level3/file1.
2023-02-14 08:18:29,621 [IPC Server handler 10 on default port 34455] INFO  key.OMKeyRequest (OMKeyRequest.java:wrapUncommittedBlocksAsPseudoKey(837)) - Detect allocated but uncommitted blocks [{blockID={containerID=1, localID=111677748019200029}, length=4194304, offset=0, token=null, pipeline=null, createVersion=0, partNumber=0}] in key level0/level3/level3/file1.
08:18:29.638 [IPC Server handler 12 on default port 34455] ERROR OMAudit - user=runner | ip=127.0.0.1 | op=GET_FILE_STATUS {volume=volume94786, bucket=bucket02286, key=level0, dataSize=0, replicationConfig=null} | ret=FAILURE
org.apache.hadoop.ozone.om.exceptions.OMException: Unable to get file status: volume: volume94786 bucket: bucket02286 key: level0
	at org.apache.hadoop.ozone.om.KeyManagerImpl.getOzoneFileStatus(KeyManagerImpl.java:1162) ~[ozone-manager-1.4.0-SNAPSHOT.jar:?]
	at org.apache.hadoop.ozone.om.KeyManagerImpl.getFileStatus(KeyManagerImpl.java:1080) ~[ozone-manager-1.4.0-SNAPSHOT.jar:?]
	at org.apache.hadoop.ozone.om.OmMetadataReader.getFileStatus(OmMetadataReader.java:288) ~[ozone-manager-1.4.0-SNAPSHOT.jar:?]
	at org.apache.hadoop.ozone.om.OzoneManager.getFileStatus(OzoneManager.java:3449) ~[ozone-manager-1.4.0-SNAPSHOT.jar:?]
	at org.apache.hadoop.ozone.protocolPB.OzoneManagerRequestHandler.getOzoneFileStatus(OzoneManagerRequestHandler.java:933) ~[ozone-manager-1.4.0-SNAPSHOT.jar:?]
	at org.apache.hadoop.ozone.protocolPB.OzoneManagerRequestHandler.handleReadRequest(OzoneManagerRequestHandler.java:238) ~[ozone-manager-1.4.0-SNAPSHOT.jar:?]
	at org.apache.hadoop.ozone.protocolPB.OzoneManagerProtocolServerSideTranslatorPB.submitRequestDirectlyToOM(OzoneManagerProtocolServerSideTranslatorPB.java:271) ~[ozone-manager-1.4.0-SNAPSHOT.jar:?]
	at org.apache.hadoop.ozone.protocolPB.OzoneManagerProtocolServerSideTranslatorPB.processRequest(OzoneManagerProtocolServerSideTranslatorPB.java:173) ~[ozone-manager-1.4.0-SNAPSHOT.jar:?]
	at org.apache.hadoop.hdds.server.OzoneProtocolMessageDispatcher.processRequest(OzoneProtocolMessageDispatcher.java:87) [hdds-server-framework-1.4.0-SNAPSHOT.jar:?]
	at org.apache.hadoop.ozone.protocolPB.OzoneManagerProtocolServerSideTranslatorPB.submitRequest(OzoneManagerProtocolServerSideTranslatorPB.java:147) [ozone-manager-1.4.0-SNAPSHOT.jar:?]
	at org.apache.hadoop.ozone.protocol.proto.OzoneManagerProtocolProtos$OzoneManagerService$2.callBlockingMethod(OzoneManagerProtocolProtos.java) [ozone-interface-client-1.4.0-SNAPSHOT.jar:?]
	at org.apache.hadoop.ipc.ProtobufRpcEngine$Server.processCall(ProtobufRpcEngine.java:465) [hadoop-common-3.3.4.jar:?]
	at org.apache.hadoop.ipc.ProtobufRpcEngine2$Server$ProtoBufRpcInvoker.call(ProtobufRpcEngine2.java:578) [hadoop-common-3.3.4.jar:?]
	at org.apache.hadoop.ipc.ProtobufRpcEngine2$Server$ProtoBufRpcInvoker.call(ProtobufRpcEngine2.java:556) [hadoop-common-3.3.4.jar:?]
	at org.apache.hadoop.ipc.RPC$Server.call(RPC.java:1093) [hadoop-common-3.3.4.jar:?]
	at org.apache.hadoop.ipc.Server$RpcCall.run(Server.java:1043) [hadoop-common-3.3.4.jar:?]
	at org.apache.hadoop.ipc.Server$RpcCall.run(Server.java:971) [hadoop-common-3.3.4.jar:?]
	at java.security.AccessController.doPrivileged(Native Method) ~[?:1.8.0_362]
	at javax.security.auth.Subject.doAs(Subject.java:422) [?:1.8.0_362]
	at org.apache.hadoop.security.UserGroupInformation.doAs(UserGroupInformation.java:1878) [hadoop-common-3.3.4.jar:?]
	at org.apache.hadoop.ipc.Server$Handler.run(Server.java:2976) [hadoop-common-3.3.4.jar:?]
08:18:29.639 [IPC Server handler 13 on default port 34455] ERROR OMAudit - user=runner | ip=127.0.0.1 | op=GET_FILE_STATUS {volume=volume94786, bucket=bucket02286, key=level0/level1, dataSize=0, replicationConfig=null} | ret=FAILURE
org.apache.hadoop.ozone.om.exceptions.OMException: Unable to get file status: volume: volume94786 bucket: bucket02286 key: level0/level1
	at org.apache.hadoop.ozone.om.KeyManagerImpl.getOzoneFileStatus(KeyManagerImpl.java:1162) ~[ozone-manager-1.4.0-SNAPSHOT.jar:?]
	at org.apache.hadoop.ozone.om.KeyManagerImpl.getFileStatus(KeyManagerImpl.java:1080) ~[ozone-manager-1.4.0-SNAPSHOT.jar:?]
	at org.apache.hadoop.ozone.om.OmMetadataReader.getFileStatus(OmMetadataReader.java:288) ~[ozone-manager-1.4.0-SNAPSHOT.jar:?]
	at org.apache.hadoop.ozone.om.OzoneManager.getFileStatus(OzoneManager.java:3449) ~[ozone-manager-1.4.0-SNAPSHOT.jar:?]
	at org.apache.hadoop.ozone.protocolPB.OzoneManagerRequestHandler.getOzoneFileStatus(OzoneManagerRequestHandler.java:933) ~[ozone-manager-1.4.0-SNAPSHOT.jar:?]
	at org.apache.hadoop.ozone.protocolPB.OzoneManagerRequestHandler.handleReadRequest(OzoneManagerRequestHandler.java:238) ~[ozone-manager-1.4.0-SNAPSHOT.jar:?]
	at org.apache.hadoop.ozone.protocolPB.OzoneManagerProtocolServerSideTranslatorPB.submitRequestDirectlyToOM(OzoneManagerProtocolServerSideTranslatorPB.java:271) ~[ozone-manager-1.4.0-SNAPSHOT.jar:?]
	at org.apache.hadoop.ozone.protocolPB.OzoneManagerProtocolServerSideTranslatorPB.processRequest(OzoneManagerProtocolServerSideTranslatorPB.java:173) ~[ozone-manager-1.4.0-SNAPSHOT.jar:?]
	at org.apache.hadoop.hdds.server.OzoneProtocolMessageDispatcher.processRequest(OzoneProtocolMessageDispatcher.java:87) [hdds-server-framework-1.4.0-SNAPSHOT.jar:?]
	at org.apache.hadoop.ozone.protocolPB.OzoneManagerProtocolServerSideTranslatorPB.submitRequest(OzoneManagerProtocolServerSideTranslatorPB.java:147) [ozone-manager-1.4.0-SNAPSHOT.jar:?]
	at org.apache.hadoop.ozone.protocol.proto.OzoneManagerProtocolProtos$OzoneManagerService$2.callBlockingMethod(OzoneManagerProtocolProtos.java) [ozone-interface-client-1.4.0-SNAPSHOT.jar:?]
	at org.apache.hadoop.ipc.ProtobufRpcEngine$Server.processCall(ProtobufRpcEngine.java:465) [hadoop-common-3.3.4.jar:?]
	at org.apache.hadoop.ipc.ProtobufRpcEngine2$Server$ProtoBufRpcInvoker.call(ProtobufRpcEngine2.java:578) [hadoop-common-3.3.4.jar:?]
	at org.apache.hadoop.ipc.ProtobufRpcEngine2$Server$ProtoBufRpcInvoker.call(ProtobufRpcEngine2.java:556) [hadoop-common-3.3.4.jar:?]
	at org.apache.hadoop.ipc.RPC$Server.call(RPC.java:1093) [hadoop-common-3.3.4.jar:?]
	at org.apache.hadoop.ipc.Server$RpcCall.run(Server.java:1043) [hadoop-common-3.3.4.jar:?]
	at org.apache.hadoop.ipc.Server$RpcCall.run(Server.java:971) [hadoop-common-3.3.4.jar:?]
	at java.security.AccessController.doPrivileged(Native Method) ~[?:1.8.0_362]
	at javax.security.auth.Subject.doAs(Subject.java:422) [?:1.8.0_362]
	at org.apache.hadoop.security.UserGroupInformation.doAs(UserGroupInformation.java:1878) [hadoop-common-3.3.4.jar:?]
	at org.apache.hadoop.ipc.Server$Handler.run(Server.java:2976) [hadoop-common-3.3.4.jar:?]
08:18:29.640 [IPC Server handler 14 on default port 34455] ERROR OMAudit - user=runner | ip=127.0.0.1 | op=GET_FILE_STATUS {volume=volume94786, bucket=bucket02286, key=level0/level1/level1, dataSize=0, replicationConfig=null} | ret=FAILURE
org.apache.hadoop.ozone.om.exceptions.OMException: Unable to get file status: volume: volume94786 bucket: bucket02286 key: level0/level1/level1
	at org.apache.hadoop.ozone.om.KeyManagerImpl.getOzoneFileStatus(KeyManagerImpl.java:1162) ~[ozone-manager-1.4.0-SNAPSHOT.jar:?]
	at org.apache.hadoop.ozone.om.KeyManagerImpl.getFileStatus(KeyManagerImpl.java:1080) ~[ozone-manager-1.4.0-SNAPSHOT.jar:?]
	at org.apache.hadoop.ozone.om.OmMetadataReader.getFileStatus(OmMetadataReader.java:288) ~[ozone-manager-1.4.0-SNAPSHOT.jar:?]
	at org.apache.hadoop.ozone.om.OzoneManager.getFileStatus(OzoneManager.java:3449) ~[ozone-manager-1.4.0-SNAPSHOT.jar:?]
	at org.apache.hadoop.ozone.protocolPB.OzoneManagerRequestHandler.getOzoneFileStatus(OzoneManagerRequestHandler.java:933) ~[ozone-manager-1.4.0-SNAPSHOT.jar:?]
	at org.apache.hadoop.ozone.protocolPB.OzoneManagerRequestHandler.handleReadRequest(OzoneManagerRequestHandler.java:238) ~[ozone-manager-1.4.0-SNAPSHOT.jar:?]
	at org.apache.hadoop.ozone.protocolPB.OzoneManagerProtocolServerSideTranslatorPB.submitRequestDirectlyToOM(OzoneManagerProtocolServerSideTranslatorPB.java:271) ~[ozone-manager-1.4.0-SNAPSHOT.jar:?]
	at org.apache.hadoop.ozone.protocolPB.OzoneManagerProtocolServerSideTranslatorPB.processRequest(OzoneManagerProtocolServerSideTranslatorPB.java:173) ~[ozone-manager-1.4.0-SNAPSHOT.jar:?]
	at org.apache.hadoop.hdds.server.OzoneProtocolMessageDispatcher.processRequest(OzoneProtocolMessageDispatcher.java:87) [hdds-server-framework-1.4.0-SNAPSHOT.jar:?]
	at org.apache.hadoop.ozone.protocolPB.OzoneManagerProtocolServerSideTranslatorPB.submitRequest(OzoneManagerProtocolServerSideTranslatorPB.java:147) [ozone-manager-1.4.0-SNAPSHOT.jar:?]
	at org.apache.hadoop.ozone.protocol.proto.OzoneManagerProtocolProtos$OzoneManagerService$2.callBlockingMethod(OzoneManagerProtocolProtos.java) [ozone-interface-client-1.4.0-SNAPSHOT.jar:?]
	at org.apache.hadoop.ipc.ProtobufRpcEngine$Server.processCall(ProtobufRpcEngine.java:465) [hadoop-common-3.3.4.jar:?]
	at org.apache.hadoop.ipc.ProtobufRpcEngine2$Server$ProtoBufRpcInvoker.call(ProtobufRpcEngine2.java:578) [hadoop-common-3.3.4.jar:?]
	at org.apache.hadoop.ipc.ProtobufRpcEngine2$Server$ProtoBufRpcInvoker.call(ProtobufRpcEngine2.java:556) [hadoop-common-3.3.4.jar:?]
	at org.apache.hadoop.ipc.RPC$Server.call(RPC.java:1093) [hadoop-common-3.3.4.jar:?]
	at org.apache.hadoop.ipc.Server$RpcCall.run(Server.java:1043) [hadoop-common-3.3.4.jar:?]
	at org.apache.hadoop.ipc.Server$RpcCall.run(Server.java:971) [hadoop-common-3.3.4.jar:?]
	at java.security.AccessController.doPrivileged(Native Method) ~[?:1.8.0_362]
	at javax.security.auth.Subject.doAs(Subject.java:422) [?:1.8.0_362]
	at org.apache.hadoop.security.UserGroupInformation.doAs(UserGroupInformation.java:1878) [hadoop-common-3.3.4.jar:?]
	at org.apache.hadoop.ipc.Server$Handler.run(Server.java:2976) [hadoop-common-3.3.4.jar:?]
08:18:29.640 [IPC Server handler 15 on default port 34455] ERROR OMAudit - user=runner | ip=127.0.0.1 | op=GET_FILE_STATUS {volume=volume94786, bucket=bucket02286, key=level0/level1/file1, dataSize=0, replicationConfig=null} | ret=FAILURE
org.apache.hadoop.ozone.om.exceptions.OMException: Unable to get file status: volume: volume94786 bucket: bucket02286 key: level0/level1/file1
	at org.apache.hadoop.ozone.om.KeyManagerImpl.getOzoneFileStatus(KeyManagerImpl.java:1162) ~[ozone-manager-1.4.0-SNAPSHOT.jar:?]
	at org.apache.hadoop.ozone.om.KeyManagerImpl.getFileStatus(KeyManagerImpl.java:1080) ~[ozone-manager-1.4.0-SNAPSHOT.jar:?]
	at org.apache.hadoop.ozone.om.OmMetadataReader.getFileStatus(OmMetadataReader.java:288) ~[ozone-manager-1.4.0-SNAPSHOT.jar:?]
	at org.apache.hadoop.ozone.om.OzoneManager.getFileStatus(OzoneManager.java:3449) ~[ozone-manager-1.4.0-SNAPSHOT.jar:?]
	at org.apache.hadoop.ozone.protocolPB.OzoneManagerRequestHandler.getOzoneFileStatus(OzoneManagerRequestHandler.java:933) ~[ozone-manager-1.4.0-SNAPSHOT.jar:?]
	at org.apache.hadoop.ozone.protocolPB.OzoneManagerRequestHandler.handleReadRequest(OzoneManagerRequestHandler.java:238) ~[ozone-manager-1.4.0-SNAPSHOT.jar:?]
	at org.apache.hadoop.ozone.protocolPB.OzoneManagerProtocolServerSideTranslatorPB.submitRequestDirectlyToOM(OzoneManagerProtocolServerSideTranslatorPB.java:271) ~[ozone-manager-1.4.0-SNAPSHOT.jar:?]
	at org.apache.hadoop.ozone.protocolPB.OzoneManagerProtocolServerSideTranslatorPB.processRequest(OzoneManagerProtocolServerSideTranslatorPB.java:173) ~[ozone-manager-1.4.0-SNAPSHOT.jar:?]
	at org.apache.hadoop.hdds.server.OzoneProtocolMessageDispatcher.processRequest(OzoneProtocolMessageDispatcher.java:87) [hdds-server-framework-1.4.0-SNAPSHOT.jar:?]
	at org.apache.hadoop.ozone.protocolPB.OzoneManagerProtocolServerSideTranslatorPB.submitRequest(OzoneManagerProtocolServerSideTranslatorPB.java:147) [ozone-manager-1.4.0-SNAPSHOT.jar:?]
	at org.apache.hadoop.ozone.protocol.proto.OzoneManagerProtocolProtos$OzoneManagerService$2.callBlockingMethod(OzoneManagerProtocolProtos.java) [ozone-interface-client-1.4.0-SNAPSHOT.jar:?]
	at org.apache.hadoop.ipc.ProtobufRpcEngine$Server.processCall(ProtobufRpcEngine.java:465) [hadoop-common-3.3.4.jar:?]
	at org.apache.hadoop.ipc.ProtobufRpcEngine2$Server$ProtoBufRpcInvoker.call(ProtobufRpcEngine2.java:578) [hadoop-common-3.3.4.jar:?]
	at org.apache.hadoop.ipc.ProtobufRpcEngine2$Server$ProtoBufRpcInvoker.call(ProtobufRpcEngine2.java:556) [hadoop-common-3.3.4.jar:?]
	at org.apache.hadoop.ipc.RPC$Server.call(RPC.java:1093) [hadoop-common-3.3.4.jar:?]
	at org.apache.hadoop.ipc.Server$RpcCall.run(Server.java:1043) [hadoop-common-3.3.4.jar:?]
	at org.apache.hadoop.ipc.Server$RpcCall.run(Server.java:971) [hadoop-common-3.3.4.jar:?]
	at java.security.AccessController.doPrivileged(Native Method) ~[?:1.8.0_362]
	at javax.security.auth.Subject.doAs(Subject.java:422) [?:1.8.0_362]
	at org.apache.hadoop.security.UserGroupInformation.doAs(UserGroupInformation.java:1878) [hadoop-common-3.3.4.jar:?]
	at org.apache.hadoop.ipc.Server$Handler.run(Server.java:2976) [hadoop-common-3.3.4.jar:?]
08:18:29.641 [IPC Server handler 16 on default port 34455] ERROR OMAudit - user=runner | ip=127.0.0.1 | op=GET_FILE_STATUS {volume=volume94786, bucket=bucket02286, key=level0/level1/level1/file1, dataSize=0, replicationConfig=null} | ret=FAILURE
org.apache.hadoop.ozone.om.exceptions.OMException: Unable to get file status: volume: volume94786 bucket: bucket02286 key: level0/level1/level1/file1
	at org.apache.hadoop.ozone.om.KeyManagerImpl.getOzoneFileStatus(KeyManagerImpl.java:1162) ~[ozone-manager-1.4.0-SNAPSHOT.jar:?]
	at org.apache.hadoop.ozone.om.KeyManagerImpl.getFileStatus(KeyManagerImpl.java:1080) ~[ozone-manager-1.4.0-SNAPSHOT.jar:?]
	at org.apache.hadoop.ozone.om.OmMetadataReader.getFileStatus(OmMetadataReader.java:288) ~[ozone-manager-1.4.0-SNAPSHOT.jar:?]
	at org.apache.hadoop.ozone.om.OzoneManager.getFileStatus(OzoneManager.java:3449) ~[ozone-manager-1.4.0-SNAPSHOT.jar:?]
	at org.apache.hadoop.ozone.protocolPB.OzoneManagerRequestHandler.getOzoneFileStatus(OzoneManagerRequestHandler.java:933) ~[ozone-manager-1.4.0-SNAPSHOT.jar:?]
	at org.apache.hadoop.ozone.protocolPB.OzoneManagerRequestHandler.handleReadRequest(OzoneManagerRequestHandler.java:238) ~[ozone-manager-1.4.0-SNAPSHOT.jar:?]
	at org.apache.hadoop.ozone.protocolPB.OzoneManagerProtocolServerSideTranslatorPB.submitRequestDirectlyToOM(OzoneManagerProtocolServerSideTranslatorPB.java:271) ~[ozone-manager-1.4.0-SNAPSHOT.jar:?]
	at org.apache.hadoop.ozone.protocolPB.OzoneManagerProtocolServerSideTranslatorPB.processRequest(OzoneManagerProtocolServerSideTranslatorPB.java:173) ~[ozone-manager-1.4.0-SNAPSHOT.jar:?]
	at org.apache.hadoop.hdds.server.OzoneProtocolMessageDispatcher.processRequest(OzoneProtocolMessageDispatcher.java:87) [hdds-server-framework-1.4.0-SNAPSHOT.jar:?]
	at org.apache.hadoop.ozone.protocolPB.OzoneManagerProtocolServerSideTranslatorPB.submitRequest(OzoneManagerProtocolServerSideTranslatorPB.java:147) [ozone-manager-1.4.0-SNAPSHOT.jar:?]
	at org.apache.hadoop.ozone.protocol.proto.OzoneManagerProtocolProtos$OzoneManagerService$2.callBlockingMethod(OzoneManagerProtocolProtos.java) [ozone-interface-client-1.4.0-SNAPSHOT.jar:?]
	at org.apache.hadoop.ipc.ProtobufRpcEngine$Server.processCall(ProtobufRpcEngine.java:465) [hadoop-common-3.3.4.jar:?]
	at org.apache.hadoop.ipc.ProtobufRpcEngine2$Server$ProtoBufRpcInvoker.call(ProtobufRpcEngine2.java:578) [hadoop-common-3.3.4.jar:?]
	at org.apache.hadoop.ipc.ProtobufRpcEngine2$Server$ProtoBufRpcInvoker.call(ProtobufRpcEngine2.java:556) [hadoop-common-3.3.4.jar:?]
	at org.apache.hadoop.ipc.RPC$Server.call(RPC.java:1093) [hadoop-common-3.3.4.jar:?]
	at org.apache.hadoop.ipc.Server$RpcCall.run(Server.java:1043) [hadoop-common-3.3.4.jar:?]
	at org.apache.hadoop.ipc.Server$RpcCall.run(Server.java:971) [hadoop-common-3.3.4.jar:?]
	at java.security.AccessController.doPrivileged(Native Method) ~[?:1.8.0_362]
	at javax.security.auth.Subject.doAs(Subject.java:422) [?:1.8.0_362]
	at org.apache.hadoop.security.UserGroupInformation.doAs(UserGroupInformation.java:1878) [hadoop-common-3.3.4.jar:?]
	at org.apache.hadoop.ipc.Server$Handler.run(Server.java:2976) [hadoop-common-3.3.4.jar:?]
08:18:29.641 [IPC Server handler 17 on default port 34455] ERROR OMAudit - user=runner | ip=127.0.0.1 | op=GET_FILE_STATUS {volume=volume94786, bucket=bucket02286, key=level0/level2, dataSize=0, replicationConfig=null} | ret=FAILURE
org.apache.hadoop.ozone.om.exceptions.OMException: Unable to get file status: volume: volume94786 bucket: bucket02286 key: level0/level2
	at org.apache.hadoop.ozone.om.KeyManagerImpl.getOzoneFileStatus(KeyManagerImpl.java:1162) ~[ozone-manager-1.4.0-SNAPSHOT.jar:?]
	at org.apache.hadoop.ozone.om.KeyManagerImpl.getFileStatus(KeyManagerImpl.java:1080) ~[ozone-manager-1.4.0-SNAPSHOT.jar:?]
	at org.apache.hadoop.ozone.om.OmMetadataReader.getFileStatus(OmMetadataReader.java:288) ~[ozone-manager-1.4.0-SNAPSHOT.jar:?]
	at org.apache.hadoop.ozone.om.OzoneManager.getFileStatus(OzoneManager.java:3449) ~[ozone-manager-1.4.0-SNAPSHOT.jar:?]
	at org.apache.hadoop.ozone.protocolPB.OzoneManagerRequestHandler.getOzoneFileStatus(OzoneManagerRequestHandler.java:933) ~[ozone-manager-1.4.0-SNAPSHOT.jar:?]
	at org.apache.hadoop.ozone.protocolPB.OzoneManagerRequestHandler.handleReadRequest(OzoneManagerRequestHandler.java:238) ~[ozone-manager-1.4.0-SNAPSHOT.jar:?]
	at org.apache.hadoop.ozone.protocolPB.OzoneManagerProtocolServerSideTranslatorPB.submitRequestDirectlyToOM(OzoneManagerProtocolServerSideTranslatorPB.java:271) ~[ozone-manager-1.4.0-SNAPSHOT.jar:?]
	at org.apache.hadoop.ozone.protocolPB.OzoneManagerProtocolServerSideTranslatorPB.processRequest(OzoneManagerProtocolServerSideTranslatorPB.java:173) ~[ozone-manager-1.4.0-SNAPSHOT.jar:?]
	at org.apache.hadoop.hdds.server.OzoneProtocolMessageDispatcher.processRequest(OzoneProtocolMessageDispatcher.java:87) [hdds-server-framework-1.4.0-SNAPSHOT.jar:?]
	at org.apache.hadoop.ozone.protocolPB.OzoneManagerProtocolServerSideTranslatorPB.submitRequest(OzoneManagerProtocolServerSideTranslatorPB.java:147) [ozone-manager-1.4.0-SNAPSHOT.jar:?]
	at org.apache.hadoop.ozone.protocol.proto.OzoneManagerProtocolProtos$OzoneManagerService$2.callBlockingMethod(OzoneManagerProtocolProtos.java) [ozone-interface-client-1.4.0-SNAPSHOT.jar:?]
	at org.apache.hadoop.ipc.ProtobufRpcEngine$Server.processCall(ProtobufRpcEngine.java:465) [hadoop-common-3.3.4.jar:?]
	at org.apache.hadoop.ipc.ProtobufRpcEngine2$Server$ProtoBufRpcInvoker.call(ProtobufRpcEngine2.java:578) [hadoop-common-3.3.4.jar:?]
	at org.apache.hadoop.ipc.ProtobufRpcEngine2$Server$ProtoBufRpcInvoker.call(ProtobufRpcEngine2.java:556) [hadoop-common-3.3.4.jar:?]
	at org.apache.hadoop.ipc.RPC$Server.call(RPC.java:1093) [hadoop-common-3.3.4.jar:?]
	at org.apache.hadoop.ipc.Server$RpcCall.run(Server.java:1043) [hadoop-common-3.3.4.jar:?]
	at org.apache.hadoop.ipc.Server$RpcCall.run(Server.java:971) [hadoop-common-3.3.4.jar:?]
	at java.security.AccessController.doPrivileged(Native Method) ~[?:1.8.0_362]
	at javax.security.auth.Subject.doAs(Subject.java:422) [?:1.8.0_362]
	at org.apache.hadoop.security.UserGroupInformation.doAs(UserGroupInformation.java:1878) [hadoop-common-3.3.4.jar:?]
	at org.apache.hadoop.ipc.Server$Handler.run(Server.java:2976) [hadoop-common-3.3.4.jar:?]
08:18:29.642 [IPC Server handler 18 on default port 34455] ERROR OMAudit - user=runner | ip=127.0.0.1 | op=GET_FILE_STATUS {volume=volume94786, bucket=bucket02286, key=level0/level2/level2, dataSize=0, replicationConfig=null} | ret=FAILURE
org.apache.hadoop.ozone.om.exceptions.OMException: Unable to get file status: volume: volume94786 bucket: bucket02286 key: level0/level2/level2
	at org.apache.hadoop.ozone.om.KeyManagerImpl.getOzoneFileStatus(KeyManagerImpl.java:1162) ~[ozone-manager-1.4.0-SNAPSHOT.jar:?]
	at org.apache.hadoop.ozone.om.KeyManagerImpl.getFileStatus(KeyManagerImpl.java:1080) ~[ozone-manager-1.4.0-SNAPSHOT.jar:?]
	at org.apache.hadoop.ozone.om.OmMetadataReader.getFileStatus(OmMetadataReader.java:288) ~[ozone-manager-1.4.0-SNAPSHOT.jar:?]
	at org.apache.hadoop.ozone.om.OzoneManager.getFileStatus(OzoneManager.java:3449) ~[ozone-manager-1.4.0-SNAPSHOT.jar:?]
	at org.apache.hadoop.ozone.protocolPB.OzoneManagerRequestHandler.getOzoneFileStatus(OzoneManagerRequestHandler.java:933) ~[ozone-manager-1.4.0-SNAPSHOT.jar:?]
	at org.apache.hadoop.ozone.protocolPB.OzoneManagerRequestHandler.handleReadRequest(OzoneManagerRequestHandler.java:238) ~[ozone-manager-1.4.0-SNAPSHOT.jar:?]
	at org.apache.hadoop.ozone.protocolPB.OzoneManagerProtocolServerSideTranslatorPB.submitRequestDirectlyToOM(OzoneManagerProtocolServerSideTranslatorPB.java:271) ~[ozone-manager-1.4.0-SNAPSHOT.jar:?]
	at org.apache.hadoop.ozone.protocolPB.OzoneManagerProtocolServerSideTranslatorPB.processRequest(OzoneManagerProtocolServerSideTranslatorPB.java:173) ~[ozone-manager-1.4.0-SNAPSHOT.jar:?]
	at org.apache.hadoop.hdds.server.OzoneProtocolMessageDispatcher.processRequest(OzoneProtocolMessageDispatcher.java:87) [hdds-server-framework-1.4.0-SNAPSHOT.jar:?]
	at org.apache.hadoop.ozone.protocolPB.OzoneManagerProtocolServerSideTranslatorPB.submitRequest(OzoneManagerProtocolServerSideTranslatorPB.java:147) [ozone-manager-1.4.0-SNAPSHOT.jar:?]
	at org.apache.hadoop.ozone.protocol.proto.OzoneManagerProtocolProtos$OzoneManagerService$2.callBlockingMethod(OzoneManagerProtocolProtos.java) [ozone-interface-client-1.4.0-SNAPSHOT.jar:?]
	at org.apache.hadoop.ipc.ProtobufRpcEngine$Server.processCall(ProtobufRpcEngine.java:465) [hadoop-common-3.3.4.jar:?]
	at org.apache.hadoop.ipc.ProtobufRpcEngine2$Server$ProtoBufRpcInvoker.call(ProtobufRpcEngine2.java:578) [hadoop-common-3.3.4.jar:?]
	at org.apache.hadoop.ipc.ProtobufRpcEngine2$Server$ProtoBufRpcInvoker.call(ProtobufRpcEngine2.java:556) [hadoop-common-3.3.4.jar:?]
	at org.apache.hadoop.ipc.RPC$Server.call(RPC.java:1093) [hadoop-common-3.3.4.jar:?]
	at org.apache.hadoop.ipc.Server$RpcCall.run(Server.java:1043) [hadoop-common-3.3.4.jar:?]
	at org.apache.hadoop.ipc.Server$RpcCall.run(Server.java:971) [hadoop-common-3.3.4.jar:?]
	at java.security.AccessController.doPrivileged(Native Method) ~[?:1.8.0_362]
	at javax.security.auth.Subject.doAs(Subject.java:422) [?:1.8.0_362]
	at org.apache.hadoop.security.UserGroupInformation.doAs(UserGroupInformation.java:1878) [hadoop-common-3.3.4.jar:?]
	at org.apache.hadoop.ipc.Server$Handler.run(Server.java:2976) [hadoop-common-3.3.4.jar:?]
08:18:29.642 [IPC Server handler 19 on default port 34455] ERROR OMAudit - user=runner | ip=127.0.0.1 | op=GET_FILE_STATUS {volume=volume94786, bucket=bucket02286, key=level0/level2/file1, dataSize=0, replicationConfig=null} | ret=FAILURE
org.apache.hadoop.ozone.om.exceptions.OMException: Unable to get file status: volume: volume94786 bucket: bucket02286 key: level0/level2/file1
	at org.apache.hadoop.ozone.om.KeyManagerImpl.getOzoneFileStatus(KeyManagerImpl.java:1162) ~[ozone-manager-1.4.0-SNAPSHOT.jar:?]
	at org.apache.hadoop.ozone.om.KeyManagerImpl.getFileStatus(KeyManagerImpl.java:1080) ~[ozone-manager-1.4.0-SNAPSHOT.jar:?]
	at org.apache.hadoop.ozone.om.OmMetadataReader.getFileStatus(OmMetadataReader.java:288) ~[ozone-manager-1.4.0-SNAPSHOT.jar:?]
	at org.apache.hadoop.ozone.om.OzoneManager.getFileStatus(OzoneManager.java:3449) ~[ozone-manager-1.4.0-SNAPSHOT.jar:?]
	at org.apache.hadoop.ozone.protocolPB.OzoneManagerRequestHandler.getOzoneFileStatus(OzoneManagerRequestHandler.java:933) ~[ozone-manager-1.4.0-SNAPSHOT.jar:?]
	at org.apache.hadoop.ozone.protocolPB.OzoneManagerRequestHandler.handleReadRequest(OzoneManagerRequestHandler.java:238) ~[ozone-manager-1.4.0-SNAPSHOT.jar:?]
	at org.apache.hadoop.ozone.protocolPB.OzoneManagerProtocolServerSideTranslatorPB.submitRequestDirectlyToOM(OzoneManagerProtocolServerSideTranslatorPB.java:271) ~[ozone-manager-1.4.0-SNAPSHOT.jar:?]
	at org.apache.hadoop.ozone.protocolPB.OzoneManagerProtocolServerSideTranslatorPB.processRequest(OzoneManagerProtocolServerSideTranslatorPB.java:173) ~[ozone-manager-1.4.0-SNAPSHOT.jar:?]
	at org.apache.hadoop.hdds.server.OzoneProtocolMessageDispatcher.processRequest(OzoneProtocolMessageDispatcher.java:87) [hdds-server-framework-1.4.0-SNAPSHOT.jar:?]
	at org.apache.hadoop.ozone.protocolPB.OzoneManagerProtocolServerSideTranslatorPB.submitRequest(OzoneManagerProtocolServerSideTranslatorPB.java:147) [ozone-manager-1.4.0-SNAPSHOT.jar:?]
	at org.apache.hadoop.ozone.protocol.proto.OzoneManagerProtocolProtos$OzoneManagerService$2.callBlockingMethod(OzoneManagerProtocolProtos.java) [ozone-interface-client-1.4.0-SNAPSHOT.jar:?]
	at org.apache.hadoop.ipc.ProtobufRpcEngine$Server.processCall(ProtobufRpcEngine.java:465) [hadoop-common-3.3.4.jar:?]
	at org.apache.hadoop.ipc.ProtobufRpcEngine2$Server$ProtoBufRpcInvoker.call(ProtobufRpcEngine2.java:578) [hadoop-common-3.3.4.jar:?]
	at org.apache.hadoop.ipc.ProtobufRpcEngine2$Server$ProtoBufRpcInvoker.call(ProtobufRpcEngine2.java:556) [hadoop-common-3.3.4.jar:?]
	at org.apache.hadoop.ipc.RPC$Server.call(RPC.java:1093) [hadoop-common-3.3.4.jar:?]
	at org.apache.hadoop.ipc.Server$RpcCall.run(Server.java:1043) [hadoop-common-3.3.4.jar:?]
	at org.apache.hadoop.ipc.Server$RpcCall.run(Server.java:971) [hadoop-common-3.3.4.jar:?]
	at java.security.AccessController.doPrivileged(Native Method) ~[?:1.8.0_362]
	at javax.security.auth.Subject.doAs(Subject.java:422) [?:1.8.0_362]
	at org.apache.hadoop.security.UserGroupInformation.doAs(UserGroupInformation.java:1878) [hadoop-common-3.3.4.jar:?]
	at org.apache.hadoop.ipc.Server$Handler.run(Server.java:2976) [hadoop-common-3.3.4.jar:?]
08:18:29.644 [IPC Server handler 0 on default port 34455] ERROR OMAudit - user=runner | ip=127.0.0.1 | op=GET_FILE_STATUS {volume=volume94786, bucket=bucket02286, key=level0/level2/level2/file1, dataSize=0, replicationConfig=null} | ret=FAILURE
org.apache.hadoop.ozone.om.exceptions.OMException: Unable to get file status: volume: volume94786 bucket: bucket02286 key: level0/level2/level2/file1
	at org.apache.hadoop.ozone.om.KeyManagerImpl.getOzoneFileStatus(KeyManagerImpl.java:1162) ~[ozone-manager-1.4.0-SNAPSHOT.jar:?]
	at org.apache.hadoop.ozone.om.KeyManagerImpl.getFileStatus(KeyManagerImpl.java:1080) ~[ozone-manager-1.4.0-SNAPSHOT.jar:?]
	at org.apache.hadoop.ozone.om.OmMetadataReader.getFileStatus(OmMetadataReader.java:288) ~[ozone-manager-1.4.0-SNAPSHOT.jar:?]
	at org.apache.hadoop.ozone.om.OzoneManager.getFileStatus(OzoneManager.java:3449) ~[ozone-manager-1.4.0-SNAPSHOT.jar:?]
	at org.apache.hadoop.ozone.protocolPB.OzoneManagerRequestHandler.getOzoneFileStatus(OzoneManagerRequestHandler.java:933) ~[ozone-manager-1.4.0-SNAPSHOT.jar:?]
	at org.apache.hadoop.ozone.protocolPB.OzoneManagerRequestHandler.handleReadRequest(OzoneManagerRequestHandler.java:238) ~[ozone-manager-1.4.0-SNAPSHOT.jar:?]
	at org.apache.hadoop.ozone.protocolPB.OzoneManagerProtocolServerSideTranslatorPB.submitRequestDirectlyToOM(OzoneManagerProtocolServerSideTranslatorPB.java:271) ~[ozone-manager-1.4.0-SNAPSHOT.jar:?]
	at org.apache.hadoop.ozone.protocolPB.OzoneManagerProtocolServerSideTranslatorPB.processRequest(OzoneManagerProtocolServerSideTranslatorPB.java:173) ~[ozone-manager-1.4.0-SNAPSHOT.jar:?]
	at org.apache.hadoop.hdds.server.OzoneProtocolMessageDispatcher.processRequest(OzoneProtocolMessageDispatcher.java:87) [hdds-server-framework-1.4.0-SNAPSHOT.jar:?]
	at org.apache.hadoop.ozone.protocolPB.OzoneManagerProtocolServerSideTranslatorPB.submitRequest(OzoneManagerProtocolServerSideTranslatorPB.java:147) [ozone-manager-1.4.0-SNAPSHOT.jar:?]
	at org.apache.hadoop.ozone.protocol.proto.OzoneManagerProtocolProtos$OzoneManagerService$2.callBlockingMethod(OzoneManagerProtocolProtos.java) [ozone-interface-client-1.4.0-SNAPSHOT.jar:?]
	at org.apache.hadoop.ipc.ProtobufRpcEngine$Server.processCall(ProtobufRpcEngine.java:465) [hadoop-common-3.3.4.jar:?]
	at org.apache.hadoop.ipc.ProtobufRpcEngine2$Server$ProtoBufRpcInvoker.call(ProtobufRpcEngine2.java:578) [hadoop-common-3.3.4.jar:?]
	at org.apache.hadoop.ipc.ProtobufRpcEngine2$Server$ProtoBufRpcInvoker.call(ProtobufRpcEngine2.java:556) [hadoop-common-3.3.4.jar:?]
	at org.apache.hadoop.ipc.RPC$Server.call(RPC.java:1093) [hadoop-common-3.3.4.jar:?]
	at org.apache.hadoop.ipc.Server$RpcCall.run(Server.java:1043) [hadoop-common-3.3.4.jar:?]
	at org.apache.hadoop.ipc.Server$RpcCall.run(Server.java:971) [hadoop-common-3.3.4.jar:?]
	at java.security.AccessController.doPrivileged(Native Method) ~[?:1.8.0_362]
	at javax.security.auth.Subject.doAs(Subject.java:422) [?:1.8.0_362]
	at org.apache.hadoop.security.UserGroupInformation.doAs(UserGroupInformation.java:1878) [hadoop-common-3.3.4.jar:?]
	at org.apache.hadoop.ipc.Server$Handler.run(Server.java:2976) [hadoop-common-3.3.4.jar:?]
08:18:29.645 [IPC Server handler 1 on default port 34455] ERROR OMAudit - user=runner | ip=127.0.0.1 | op=GET_FILE_STATUS {volume=volume94786, bucket=bucket02286, key=level0/level3, dataSize=0, replicationConfig=null} | ret=FAILURE
org.apache.hadoop.ozone.om.exceptions.OMException: Unable to get file status: volume: volume94786 bucket: bucket02286 key: level0/level3
	at org.apache.hadoop.ozone.om.KeyManagerImpl.getOzoneFileStatus(KeyManagerImpl.java:1162) ~[ozone-manager-1.4.0-SNAPSHOT.jar:?]
	at org.apache.hadoop.ozone.om.KeyManagerImpl.getFileStatus(KeyManagerImpl.java:1080) ~[ozone-manager-1.4.0-SNAPSHOT.jar:?]
	at org.apache.hadoop.ozone.om.OmMetadataReader.getFileStatus(OmMetadataReader.java:288) ~[ozone-manager-1.4.0-SNAPSHOT.jar:?]
	at org.apache.hadoop.ozone.om.OzoneManager.getFileStatus(OzoneManager.java:3449) ~[ozone-manager-1.4.0-SNAPSHOT.jar:?]
	at org.apache.hadoop.ozone.protocolPB.OzoneManagerRequestHandler.getOzoneFileStatus(OzoneManagerRequestHandler.java:933) ~[ozone-manager-1.4.0-SNAPSHOT.jar:?]
	at org.apache.hadoop.ozone.protocolPB.OzoneManagerRequestHandler.handleReadRequest(OzoneManagerRequestHandler.java:238) ~[ozone-manager-1.4.0-SNAPSHOT.jar:?]
	at org.apache.hadoop.ozone.protocolPB.OzoneManagerProtocolServerSideTranslatorPB.submitRequestDirectlyToOM(OzoneManagerProtocolServerSideTranslatorPB.java:271) ~[ozone-manager-1.4.0-SNAPSHOT.jar:?]
	at org.apache.hadoop.ozone.protocolPB.OzoneManagerProtocolServerSideTranslatorPB.processRequest(OzoneManagerProtocolServerSideTranslatorPB.java:173) ~[ozone-manager-1.4.0-SNAPSHOT.jar:?]
	at org.apache.hadoop.hdds.server.OzoneProtocolMessageDispatcher.processRequest(OzoneProtocolMessageDispatcher.java:87) [hdds-server-framework-1.4.0-SNAPSHOT.jar:?]
	at org.apache.hadoop.ozone.protocolPB.OzoneManagerProtocolServerSideTranslatorPB.submitRequest(OzoneManagerProtocolServerSideTranslatorPB.java:147) [ozone-manager-1.4.0-SNAPSHOT.jar:?]
	at org.apache.hadoop.ozone.protocol.proto.OzoneManagerProtocolProtos$OzoneManagerService$2.callBlockingMethod(OzoneManagerProtocolProtos.java) [ozone-interface-client-1.4.0-SNAPSHOT.jar:?]
	at org.apache.hadoop.ipc.ProtobufRpcEngine$Server.processCall(ProtobufRpcEngine.java:465) [hadoop-common-3.3.4.jar:?]
	at org.apache.hadoop.ipc.ProtobufRpcEngine2$Server$ProtoBufRpcInvoker.call(ProtobufRpcEngine2.java:578) [hadoop-common-3.3.4.jar:?]
	at org.apache.hadoop.ipc.ProtobufRpcEngine2$Server$ProtoBufRpcInvoker.call(ProtobufRpcEngine2.java:556) [hadoop-common-3.3.4.jar:?]
	at org.apache.hadoop.ipc.RPC$Server.call(RPC.java:1093) [hadoop-common-3.3.4.jar:?]
	at org.apache.hadoop.ipc.Server$RpcCall.run(Server.java:1043) [hadoop-common-3.3.4.jar:?]
	at org.apache.hadoop.ipc.Server$RpcCall.run(Server.java:971) [hadoop-common-3.3.4.jar:?]
	at java.security.AccessController.doPrivileged(Native Method) ~[?:1.8.0_362]
	at javax.security.auth.Subject.doAs(Subject.java:422) [?:1.8.0_362]
	at org.apache.hadoop.security.UserGroupInformation.doAs(UserGroupInformation.java:1878) [hadoop-common-3.3.4.jar:?]
	at org.apache.hadoop.ipc.Server$Handler.run(Server.java:2976) [hadoop-common-3.3.4.jar:?]
08:18:29.645 [IPC Server handler 2 on default port 34455] ERROR OMAudit - user=runner | ip=127.0.0.1 | op=GET_FILE_STATUS {volume=volume94786, bucket=bucket02286, key=level0/level3/level3, dataSize=0, replicationConfig=null} | ret=FAILURE
org.apache.hadoop.ozone.om.exceptions.OMException: Unable to get file status: volume: volume94786 bucket: bucket02286 key: level0/level3/level3
	at org.apache.hadoop.ozone.om.KeyManagerImpl.getOzoneFileStatus(KeyManagerImpl.java:1162) ~[ozone-manager-1.4.0-SNAPSHOT.jar:?]
	at org.apache.hadoop.ozone.om.KeyManagerImpl.getFileStatus(KeyManagerImpl.java:1080) ~[ozone-manager-1.4.0-SNAPSHOT.jar:?]
	at org.apache.hadoop.ozone.om.OmMetadataReader.getFileStatus(OmMetadataReader.java:288) ~[ozone-manager-1.4.0-SNAPSHOT.jar:?]
	at org.apache.hadoop.ozone.om.OzoneManager.getFileStatus(OzoneManager.java:3449) ~[ozone-manager-1.4.0-SNAPSHOT.jar:?]
	at org.apache.hadoop.ozone.protocolPB.OzoneManagerRequestHandler.getOzoneFileStatus(OzoneManagerRequestHandler.java:933) ~[ozone-manager-1.4.0-SNAPSHOT.jar:?]
	at org.apache.hadoop.ozone.protocolPB.OzoneManagerRequestHandler.handleReadRequest(OzoneManagerRequestHandler.java:238) ~[ozone-manager-1.4.0-SNAPSHOT.jar:?]
	at org.apache.hadoop.ozone.protocolPB.OzoneManagerProtocolServerSideTranslatorPB.submitRequestDirectlyToOM(OzoneManagerProtocolServerSideTranslatorPB.java:271) ~[ozone-manager-1.4.0-SNAPSHOT.jar:?]
	at org.apache.hadoop.ozone.protocolPB.OzoneManagerProtocolServerSideTranslatorPB.processRequest(OzoneManagerProtocolServerSideTranslatorPB.java:173) ~[ozone-manager-1.4.0-SNAPSHOT.jar:?]
	at org.apache.hadoop.hdds.server.OzoneProtocolMessageDispatcher.processRequest(OzoneProtocolMessageDispatcher.java:87) [hdds-server-framework-1.4.0-SNAPSHOT.jar:?]
	at org.apache.hadoop.ozone.protocolPB.OzoneManagerProtocolServerSideTranslatorPB.submitRequest(OzoneManagerProtocolServerSideTranslatorPB.java:147) [ozone-manager-1.4.0-SNAPSHOT.jar:?]
	at org.apache.hadoop.ozone.protocol.proto.OzoneManagerProtocolProtos$OzoneManagerService$2.callBlockingMethod(OzoneManagerProtocolProtos.java) [ozone-interface-client-1.4.0-SNAPSHOT.jar:?]
	at org.apache.hadoop.ipc.ProtobufRpcEngine$Server.processCall(ProtobufRpcEngine.java:465) [hadoop-common-3.3.4.jar:?]
	at org.apache.hadoop.ipc.ProtobufRpcEngine2$Server$ProtoBufRpcInvoker.call(ProtobufRpcEngine2.java:578) [hadoop-common-3.3.4.jar:?]
	at org.apache.hadoop.ipc.ProtobufRpcEngine2$Server$ProtoBufRpcInvoker.call(ProtobufRpcEngine2.java:556) [hadoop-common-3.3.4.jar:?]
	at org.apache.hadoop.ipc.RPC$Server.call(RPC.java:1093) [hadoop-common-3.3.4.jar:?]
	at org.apache.hadoop.ipc.Server$RpcCall.run(Server.java:1043) [hadoop-common-3.3.4.jar:?]
	at org.apache.hadoop.ipc.Server$RpcCall.run(Server.java:971) [hadoop-common-3.3.4.jar:?]
	at java.security.AccessController.doPrivileged(Native Method) ~[?:1.8.0_362]
	at javax.security.auth.Subject.doAs(Subject.java:422) [?:1.8.0_362]
	at org.apache.hadoop.security.UserGroupInformation.doAs(UserGroupInformation.java:1878) [hadoop-common-3.3.4.jar:?]
	at org.apache.hadoop.ipc.Server$Handler.run(Server.java:2976) [hadoop-common-3.3.4.jar:?]
08:18:29.646 [IPC Server handler 3 on default port 34455] ERROR OMAudit - user=runner | ip=127.0.0.1 | op=GET_FILE_STATUS {volume=volume94786, bucket=bucket02286, key=level0/level3/file1, dataSize=0, replicationConfig=null} | ret=FAILURE
org.apache.hadoop.ozone.om.exceptions.OMException: Unable to get file status: volume: volume94786 bucket: bucket02286 key: level0/level3/file1
	at org.apache.hadoop.ozone.om.KeyManagerImpl.getOzoneFileStatus(KeyManagerImpl.java:1162) ~[ozone-manager-1.4.0-SNAPSHOT.jar:?]
	at org.apache.hadoop.ozone.om.KeyManagerImpl.getFileStatus(KeyManagerImpl.java:1080) ~[ozone-manager-1.4.0-SNAPSHOT.jar:?]
	at org.apache.hadoop.ozone.om.OmMetadataReader.getFileStatus(OmMetadataReader.java:288) ~[ozone-manager-1.4.0-SNAPSHOT.jar:?]
	at org.apache.hadoop.ozone.om.OzoneManager.getFileStatus(OzoneManager.java:3449) ~[ozone-manager-1.4.0-SNAPSHOT.jar:?]
	at org.apache.hadoop.ozone.protocolPB.OzoneManagerRequestHandler.getOzoneFileStatus(OzoneManagerRequestHandler.java:933) ~[ozone-manager-1.4.0-SNAPSHOT.jar:?]
	at org.apache.hadoop.ozone.protocolPB.OzoneManagerRequestHandler.handleReadRequest(OzoneManagerRequestHandler.java:238) ~[ozone-manager-1.4.0-SNAPSHOT.jar:?]
	at org.apache.hadoop.ozone.protocolPB.OzoneManagerProtocolServerSideTranslatorPB.submitRequestDirectlyToOM(OzoneManagerProtocolServerSideTranslatorPB.java:271) ~[ozone-manager-1.4.0-SNAPSHOT.jar:?]
	at org.apache.hadoop.ozone.protocolPB.OzoneManagerProtocolServerSideTranslatorPB.processRequest(OzoneManagerProtocolServerSideTranslatorPB.java:173) ~[ozone-manager-1.4.0-SNAPSHOT.jar:?]
	at org.apache.hadoop.hdds.server.OzoneProtocolMessageDispatcher.processRequest(OzoneProtocolMessageDispatcher.java:87) [hdds-server-framework-1.4.0-SNAPSHOT.jar:?]
	at org.apache.hadoop.ozone.protocolPB.OzoneManagerProtocolServerSideTranslatorPB.submitRequest(OzoneManagerProtocolServerSideTranslatorPB.java:147) [ozone-manager-1.4.0-SNAPSHOT.jar:?]
	at org.apache.hadoop.ozone.protocol.proto.OzoneManagerProtocolProtos$OzoneManagerService$2.callBlockingMethod(OzoneManagerProtocolProtos.java) [ozone-interface-client-1.4.0-SNAPSHOT.jar:?]
	at org.apache.hadoop.ipc.ProtobufRpcEngine$Server.processCall(ProtobufRpcEngine.java:465) [hadoop-common-3.3.4.jar:?]
	at org.apache.hadoop.ipc.ProtobufRpcEngine2$Server$ProtoBufRpcInvoker.call(ProtobufRpcEngine2.java:578) [hadoop-common-3.3.4.jar:?]
	at org.apache.hadoop.ipc.ProtobufRpcEngine2$Server$ProtoBufRpcInvoker.call(ProtobufRpcEngine2.java:556) [hadoop-common-3.3.4.jar:?]
	at org.apache.hadoop.ipc.RPC$Server.call(RPC.java:1093) [hadoop-common-3.3.4.jar:?]
	at org.apache.hadoop.ipc.Server$RpcCall.run(Server.java:1043) [hadoop-common-3.3.4.jar:?]
	at org.apache.hadoop.ipc.Server$RpcCall.run(Server.java:971) [hadoop-common-3.3.4.jar:?]
	at java.security.AccessController.doPrivileged(Native Method) ~[?:1.8.0_362]
	at javax.security.auth.Subject.doAs(Subject.java:422) [?:1.8.0_362]
	at org.apache.hadoop.security.UserGroupInformation.doAs(UserGroupInformation.java:1878) [hadoop-common-3.3.4.jar:?]
	at org.apache.hadoop.ipc.Server$Handler.run(Server.java:2976) [hadoop-common-3.3.4.jar:?]
08:18:29.646 [IPC Server handler 4 on default port 34455] ERROR OMAudit - user=runner | ip=127.0.0.1 | op=GET_FILE_STATUS {volume=volume94786, bucket=bucket02286, key=level0/level3/level3/file1, dataSize=0, replicationConfig=null} | ret=FAILURE
org.apache.hadoop.ozone.om.exceptions.OMException: Unable to get file status: volume: volume94786 bucket: bucket02286 key: level0/level3/level3/file1
	at org.apache.hadoop.ozone.om.KeyManagerImpl.getOzoneFileStatus(KeyManagerImpl.java:1162) ~[ozone-manager-1.4.0-SNAPSHOT.jar:?]
	at org.apache.hadoop.ozone.om.KeyManagerImpl.getFileStatus(KeyManagerImpl.java:1080) ~[ozone-manager-1.4.0-SNAPSHOT.jar:?]
	at org.apache.hadoop.ozone.om.OmMetadataReader.getFileStatus(OmMetadataReader.java:288) ~[ozone-manager-1.4.0-SNAPSHOT.jar:?]
	at org.apache.hadoop.ozone.om.OzoneManager.getFileStatus(OzoneManager.java:3449) ~[ozone-manager-1.4.0-SNAPSHOT.jar:?]
	at org.apache.hadoop.ozone.protocolPB.OzoneManagerRequestHandler.getOzoneFileStatus(OzoneManagerRequestHandler.java:933) ~[ozone-manager-1.4.0-SNAPSHOT.jar:?]
	at org.apache.hadoop.ozone.protocolPB.OzoneManagerRequestHandler.handleReadRequest(OzoneManagerRequestHandler.java:238) ~[ozone-manager-1.4.0-SNAPSHOT.jar:?]
	at org.apache.hadoop.ozone.protocolPB.OzoneManagerProtocolServerSideTranslatorPB.submitRequestDirectlyToOM(OzoneManagerProtocolServerSideTranslatorPB.java:271) ~[ozone-manager-1.4.0-SNAPSHOT.jar:?]
	at org.apache.hadoop.ozone.protocolPB.OzoneManagerProtocolServerSideTranslatorPB.processRequest(OzoneManagerProtocolServerSideTranslatorPB.java:173) ~[ozone-manager-1.4.0-SNAPSHOT.jar:?]
	at org.apache.hadoop.hdds.server.OzoneProtocolMessageDispatcher.processRequest(OzoneProtocolMessageDispatcher.java:87) [hdds-server-framework-1.4.0-SNAPSHOT.jar:?]
	at org.apache.hadoop.ozone.protocolPB.OzoneManagerProtocolServerSideTranslatorPB.submitRequest(OzoneManagerProtocolServerSideTranslatorPB.java:147) [ozone-manager-1.4.0-SNAPSHOT.jar:?]
	at org.apache.hadoop.ozone.protocol.proto.OzoneManagerProtocolProtos$OzoneManagerService$2.callBlockingMethod(OzoneManagerProtocolProtos.java) [ozone-interface-client-1.4.0-SNAPSHOT.jar:?]
	at org.apache.hadoop.ipc.ProtobufRpcEngine$Server.processCall(ProtobufRpcEngine.java:465) [hadoop-common-3.3.4.jar:?]
	at org.apache.hadoop.ipc.ProtobufRpcEngine2$Server$ProtoBufRpcInvoker.call(ProtobufRpcEngine2.java:578) [hadoop-common-3.3.4.jar:?]
	at org.apache.hadoop.ipc.ProtobufRpcEngine2$Server$ProtoBufRpcInvoker.call(ProtobufRpcEngine2.java:556) [hadoop-common-3.3.4.jar:?]
	at org.apache.hadoop.ipc.RPC$Server.call(RPC.java:1093) [hadoop-common-3.3.4.jar:?]
	at org.apache.hadoop.ipc.Server$RpcCall.run(Server.java:1043) [hadoop-common-3.3.4.jar:?]
	at org.apache.hadoop.ipc.Server$RpcCall.run(Server.java:971) [hadoop-common-3.3.4.jar:?]
	at java.security.AccessController.doPrivileged(Native Method) ~[?:1.8.0_362]
	at javax.security.auth.Subject.doAs(Subject.java:422) [?:1.8.0_362]
	at org.apache.hadoop.security.UserGroupInformation.doAs(UserGroupInformation.java:1878) [hadoop-common-3.3.4.jar:?]
	at org.apache.hadoop.ipc.Server$Handler.run(Server.java:2976) [hadoop-common-3.3.4.jar:?]
]]></system-out>
  </testcase>
  <testcase name="testRecursiveDelete" classname="TestOzoneFileSystem" time="0.094">
    <system-out><![CDATA[2023-02-14 08:19:12,576 [OM StateMachine ApplyTransaction Thread - 0] INFO  key.OMKeyRequest (OMKeyRequest.java:wrapUncommittedBlocksAsPseudoKey(837)) - Detect allocated but uncommitted blocks [{blockID={containerID=3, localID=111677748019200014}, length=4194304, offset=0, token=null, pipeline=null, createVersion=0, partNumber=0}] in key gdir1/pdir1/child.
2023-02-14 08:19:12,580 [OM StateMachine ApplyTransaction Thread - 0] INFO  key.OMKeyRequest (OMKeyRequest.java:wrapUncommittedBlocksAsPseudoKey(837)) - Detect allocated but uncommitted blocks [{blockID={containerID=1, localID=111677748019200015}, length=4194304, offset=0, token=null, pipeline=null, createVersion=0, partNumber=0}] in key gdir1/pdir2/child.
2023-02-14 08:19:12,583 [OM StateMachine ApplyTransaction Thread - 0] INFO  key.OMKeyRequest (OMKeyRequest.java:wrapUncommittedBlocksAsPseudoKey(837)) - Detect allocated but uncommitted blocks [{blockID={containerID=3, localID=111677748019200016}, length=4194304, offset=0, token=null, pipeline=null, createVersion=0, partNumber=0}] in key gdir1/pdir3/child.
2023-02-14 08:19:12,587 [OM StateMachine ApplyTransaction Thread - 0] INFO  key.OMKeyRequest (OMKeyRequest.java:wrapUncommittedBlocksAsPseudoKey(837)) - Detect allocated but uncommitted blocks [{blockID={containerID=2, localID=111677748019200017}, length=4194304, offset=0, token=null, pipeline=null, createVersion=0, partNumber=0}] in key gdir1/pdir4/child.
2023-02-14 08:19:12,590 [OM StateMachine ApplyTransaction Thread - 0] INFO  key.OMKeyRequest (OMKeyRequest.java:wrapUncommittedBlocksAsPseudoKey(837)) - Detect allocated but uncommitted blocks [{blockID={containerID=1, localID=111677748019200018}, length=4194304, offset=0, token=null, pipeline=null, createVersion=0, partNumber=0}] in key gdir1/pdir5/child.
2023-02-14 08:19:12,595 [OM StateMachine ApplyTransaction Thread - 0] INFO  key.OMKeyRequest (OMKeyRequest.java:wrapUncommittedBlocksAsPseudoKey(837)) - Detect allocated but uncommitted blocks [{blockID={containerID=3, localID=111677748019200019}, length=4194304, offset=0, token=null, pipeline=null, createVersion=0, partNumber=0}] in key gdir1/pdir6/child.
2023-02-14 08:19:12,598 [OM StateMachine ApplyTransaction Thread - 0] INFO  key.OMKeyRequest (OMKeyRequest.java:wrapUncommittedBlocksAsPseudoKey(837)) - Detect allocated but uncommitted blocks [{blockID={containerID=4, localID=111677748019200020}, length=4194304, offset=0, token=null, pipeline=null, createVersion=0, partNumber=0}] in key gdir1/pdir7/child.
2023-02-14 08:19:12,601 [OM StateMachine ApplyTransaction Thread - 0] INFO  key.OMKeyRequest (OMKeyRequest.java:wrapUncommittedBlocksAsPseudoKey(837)) - Detect allocated but uncommitted blocks [{blockID={containerID=1, localID=111677748019200021}, length=4194304, offset=0, token=null, pipeline=null, createVersion=0, partNumber=0}] in key gdir1/pdir8/child.
2023-02-14 08:19:12,604 [OM StateMachine ApplyTransaction Thread - 0] INFO  key.OMKeyRequest (OMKeyRequest.java:wrapUncommittedBlocksAsPseudoKey(837)) - Detect allocated but uncommitted blocks [{blockID={containerID=2, localID=111677748019200022}, length=4194304, offset=0, token=null, pipeline=null, createVersion=0, partNumber=0}] in key gdir1/pdir9/child.
2023-02-14 08:19:12,607 [OM StateMachine ApplyTransaction Thread - 0] INFO  key.OMKeyRequest (OMKeyRequest.java:wrapUncommittedBlocksAsPseudoKey(837)) - Detect allocated but uncommitted blocks [{blockID={containerID=4, localID=111677748019200023}, length=4194304, offset=0, token=null, pipeline=null, createVersion=0, partNumber=0}] in key gdir1/pdir10/child.
08:19:12.616 [IPC Server handler 17 on default port 32845] ERROR OMAudit - user=runner | ip=127.0.0.1 | op=GET_FILE_STATUS {volume=volume29101, bucket=bucket05375, key=gdir1, dataSize=0, replicationConfig=null} | ret=FAILURE
org.apache.hadoop.ozone.om.exceptions.OMException: Unable to get file status: volume: volume29101 bucket: bucket05375 key: gdir1
	at org.apache.hadoop.ozone.om.KeyManagerImpl.getOzoneFileStatus(KeyManagerImpl.java:1162) ~[ozone-manager-1.4.0-SNAPSHOT.jar:?]
	at org.apache.hadoop.ozone.om.KeyManagerImpl.getFileStatus(KeyManagerImpl.java:1080) ~[ozone-manager-1.4.0-SNAPSHOT.jar:?]
	at org.apache.hadoop.ozone.om.OmMetadataReader.getFileStatus(OmMetadataReader.java:288) ~[ozone-manager-1.4.0-SNAPSHOT.jar:?]
	at org.apache.hadoop.ozone.om.OzoneManager.getFileStatus(OzoneManager.java:3449) ~[ozone-manager-1.4.0-SNAPSHOT.jar:?]
	at org.apache.hadoop.ozone.protocolPB.OzoneManagerRequestHandler.getOzoneFileStatus(OzoneManagerRequestHandler.java:933) ~[ozone-manager-1.4.0-SNAPSHOT.jar:?]
	at org.apache.hadoop.ozone.protocolPB.OzoneManagerRequestHandler.handleReadRequest(OzoneManagerRequestHandler.java:238) ~[ozone-manager-1.4.0-SNAPSHOT.jar:?]
	at org.apache.hadoop.ozone.protocolPB.OzoneManagerProtocolServerSideTranslatorPB.submitReadRequestToOM(OzoneManagerProtocolServerSideTranslatorPB.java:223) ~[ozone-manager-1.4.0-SNAPSHOT.jar:?]
	at org.apache.hadoop.ozone.protocolPB.OzoneManagerProtocolServerSideTranslatorPB.processRequest(OzoneManagerProtocolServerSideTranslatorPB.java:177) ~[ozone-manager-1.4.0-SNAPSHOT.jar:?]
	at org.apache.hadoop.hdds.server.OzoneProtocolMessageDispatcher.processRequest(OzoneProtocolMessageDispatcher.java:87) [hdds-server-framework-1.4.0-SNAPSHOT.jar:?]
	at org.apache.hadoop.ozone.protocolPB.OzoneManagerProtocolServerSideTranslatorPB.submitRequest(OzoneManagerProtocolServerSideTranslatorPB.java:147) [ozone-manager-1.4.0-SNAPSHOT.jar:?]
	at org.apache.hadoop.ozone.protocol.proto.OzoneManagerProtocolProtos$OzoneManagerService$2.callBlockingMethod(OzoneManagerProtocolProtos.java) [ozone-interface-client-1.4.0-SNAPSHOT.jar:?]
	at org.apache.hadoop.ipc.ProtobufRpcEngine$Server.processCall(ProtobufRpcEngine.java:465) [hadoop-common-3.3.4.jar:?]
	at org.apache.hadoop.ipc.ProtobufRpcEngine2$Server$ProtoBufRpcInvoker.call(ProtobufRpcEngine2.java:578) [hadoop-common-3.3.4.jar:?]
	at org.apache.hadoop.ipc.ProtobufRpcEngine2$Server$ProtoBufRpcInvoker.call(ProtobufRpcEngine2.java:556) [hadoop-common-3.3.4.jar:?]
	at org.apache.hadoop.ipc.RPC$Server.call(RPC.java:1093) [hadoop-common-3.3.4.jar:?]
	at org.apache.hadoop.ipc.Server$RpcCall.run(Server.java:1043) [hadoop-common-3.3.4.jar:?]
	at org.apache.hadoop.ipc.Server$RpcCall.run(Server.java:971) [hadoop-common-3.3.4.jar:?]
	at java.security.AccessController.doPrivileged(Native Method) ~[?:1.8.0_362]
	at javax.security.auth.Subject.doAs(Subject.java:422) [?:1.8.0_362]
	at org.apache.hadoop.security.UserGroupInformation.doAs(UserGroupInformation.java:1878) [hadoop-common-3.3.4.jar:?]
	at org.apache.hadoop.ipc.Server$Handler.run(Server.java:2976) [hadoop-common-3.3.4.jar:?]
08:19:12.617 [IPC Server handler 19 on default port 32845] ERROR OMAudit - user=runner | ip=127.0.0.1 | op=GET_FILE_STATUS {volume=volume29101, bucket=bucket05375, key=gdir1/dir1, dataSize=0, replicationConfig=null} | ret=FAILURE
org.apache.hadoop.ozone.om.exceptions.OMException: Unable to get file status: volume: volume29101 bucket: bucket05375 key: gdir1/dir1
	at org.apache.hadoop.ozone.om.KeyManagerImpl.getOzoneFileStatus(KeyManagerImpl.java:1162) ~[ozone-manager-1.4.0-SNAPSHOT.jar:?]
	at org.apache.hadoop.ozone.om.KeyManagerImpl.getFileStatus(KeyManagerImpl.java:1080) ~[ozone-manager-1.4.0-SNAPSHOT.jar:?]
	at org.apache.hadoop.ozone.om.OmMetadataReader.getFileStatus(OmMetadataReader.java:288) ~[ozone-manager-1.4.0-SNAPSHOT.jar:?]
	at org.apache.hadoop.ozone.om.OzoneManager.getFileStatus(OzoneManager.java:3449) ~[ozone-manager-1.4.0-SNAPSHOT.jar:?]
	at org.apache.hadoop.ozone.protocolPB.OzoneManagerRequestHandler.getOzoneFileStatus(OzoneManagerRequestHandler.java:933) ~[ozone-manager-1.4.0-SNAPSHOT.jar:?]
	at org.apache.hadoop.ozone.protocolPB.OzoneManagerRequestHandler.handleReadRequest(OzoneManagerRequestHandler.java:238) ~[ozone-manager-1.4.0-SNAPSHOT.jar:?]
	at org.apache.hadoop.ozone.protocolPB.OzoneManagerProtocolServerSideTranslatorPB.submitReadRequestToOM(OzoneManagerProtocolServerSideTranslatorPB.java:223) ~[ozone-manager-1.4.0-SNAPSHOT.jar:?]
	at org.apache.hadoop.ozone.protocolPB.OzoneManagerProtocolServerSideTranslatorPB.processRequest(OzoneManagerProtocolServerSideTranslatorPB.java:177) ~[ozone-manager-1.4.0-SNAPSHOT.jar:?]
	at org.apache.hadoop.hdds.server.OzoneProtocolMessageDispatcher.processRequest(OzoneProtocolMessageDispatcher.java:87) [hdds-server-framework-1.4.0-SNAPSHOT.jar:?]
	at org.apache.hadoop.ozone.protocolPB.OzoneManagerProtocolServerSideTranslatorPB.submitRequest(OzoneManagerProtocolServerSideTranslatorPB.java:147) [ozone-manager-1.4.0-SNAPSHOT.jar:?]
	at org.apache.hadoop.ozone.protocol.proto.OzoneManagerProtocolProtos$OzoneManagerService$2.callBlockingMethod(OzoneManagerProtocolProtos.java) [ozone-interface-client-1.4.0-SNAPSHOT.jar:?]
	at org.apache.hadoop.ipc.ProtobufRpcEngine$Server.processCall(ProtobufRpcEngine.java:465) [hadoop-common-3.3.4.jar:?]
	at org.apache.hadoop.ipc.ProtobufRpcEngine2$Server$ProtoBufRpcInvoker.call(ProtobufRpcEngine2.java:578) [hadoop-common-3.3.4.jar:?]
	at org.apache.hadoop.ipc.ProtobufRpcEngine2$Server$ProtoBufRpcInvoker.call(ProtobufRpcEngine2.java:556) [hadoop-common-3.3.4.jar:?]
	at org.apache.hadoop.ipc.RPC$Server.call(RPC.java:1093) [hadoop-common-3.3.4.jar:?]
	at org.apache.hadoop.ipc.Server$RpcCall.run(Server.java:1043) [hadoop-common-3.3.4.jar:?]
	at org.apache.hadoop.ipc.Server$RpcCall.run(Server.java:971) [hadoop-common-3.3.4.jar:?]
	at java.security.AccessController.doPrivileged(Native Method) ~[?:1.8.0_362]
	at javax.security.auth.Subject.doAs(Subject.java:422) [?:1.8.0_362]
	at org.apache.hadoop.security.UserGroupInformation.doAs(UserGroupInformation.java:1878) [hadoop-common-3.3.4.jar:?]
	at org.apache.hadoop.ipc.Server$Handler.run(Server.java:2976) [hadoop-common-3.3.4.jar:?]
08:19:12.617 [IPC Server handler 18 on default port 32845] ERROR OMAudit - user=runner | ip=127.0.0.1 | op=GET_FILE_STATUS {volume=volume29101, bucket=bucket05375, key=gdir1/dir1/child, dataSize=0, replicationConfig=null} | ret=FAILURE
org.apache.hadoop.ozone.om.exceptions.OMException: Unable to get file status: volume: volume29101 bucket: bucket05375 key: gdir1/dir1/child
	at org.apache.hadoop.ozone.om.KeyManagerImpl.getOzoneFileStatus(KeyManagerImpl.java:1162) ~[ozone-manager-1.4.0-SNAPSHOT.jar:?]
	at org.apache.hadoop.ozone.om.KeyManagerImpl.getFileStatus(KeyManagerImpl.java:1080) ~[ozone-manager-1.4.0-SNAPSHOT.jar:?]
	at org.apache.hadoop.ozone.om.OmMetadataReader.getFileStatus(OmMetadataReader.java:288) ~[ozone-manager-1.4.0-SNAPSHOT.jar:?]
	at org.apache.hadoop.ozone.om.OzoneManager.getFileStatus(OzoneManager.java:3449) ~[ozone-manager-1.4.0-SNAPSHOT.jar:?]
	at org.apache.hadoop.ozone.protocolPB.OzoneManagerRequestHandler.getOzoneFileStatus(OzoneManagerRequestHandler.java:933) ~[ozone-manager-1.4.0-SNAPSHOT.jar:?]
	at org.apache.hadoop.ozone.protocolPB.OzoneManagerRequestHandler.handleReadRequest(OzoneManagerRequestHandler.java:238) ~[ozone-manager-1.4.0-SNAPSHOT.jar:?]
	at org.apache.hadoop.ozone.protocolPB.OzoneManagerProtocolServerSideTranslatorPB.submitReadRequestToOM(OzoneManagerProtocolServerSideTranslatorPB.java:223) ~[ozone-manager-1.4.0-SNAPSHOT.jar:?]
	at org.apache.hadoop.ozone.protocolPB.OzoneManagerProtocolServerSideTranslatorPB.processRequest(OzoneManagerProtocolServerSideTranslatorPB.java:177) ~[ozone-manager-1.4.0-SNAPSHOT.jar:?]
	at org.apache.hadoop.hdds.server.OzoneProtocolMessageDispatcher.processRequest(OzoneProtocolMessageDispatcher.java:87) [hdds-server-framework-1.4.0-SNAPSHOT.jar:?]
	at org.apache.hadoop.ozone.protocolPB.OzoneManagerProtocolServerSideTranslatorPB.submitRequest(OzoneManagerProtocolServerSideTranslatorPB.java:147) [ozone-manager-1.4.0-SNAPSHOT.jar:?]
	at org.apache.hadoop.ozone.protocol.proto.OzoneManagerProtocolProtos$OzoneManagerService$2.callBlockingMethod(OzoneManagerProtocolProtos.java) [ozone-interface-client-1.4.0-SNAPSHOT.jar:?]
	at org.apache.hadoop.ipc.ProtobufRpcEngine$Server.processCall(ProtobufRpcEngine.java:465) [hadoop-common-3.3.4.jar:?]
	at org.apache.hadoop.ipc.ProtobufRpcEngine2$Server$ProtoBufRpcInvoker.call(ProtobufRpcEngine2.java:578) [hadoop-common-3.3.4.jar:?]
	at org.apache.hadoop.ipc.ProtobufRpcEngine2$Server$ProtoBufRpcInvoker.call(ProtobufRpcEngine2.java:556) [hadoop-common-3.3.4.jar:?]
	at org.apache.hadoop.ipc.RPC$Server.call(RPC.java:1093) [hadoop-common-3.3.4.jar:?]
	at org.apache.hadoop.ipc.Server$RpcCall.run(Server.java:1043) [hadoop-common-3.3.4.jar:?]
	at org.apache.hadoop.ipc.Server$RpcCall.run(Server.java:971) [hadoop-common-3.3.4.jar:?]
	at java.security.AccessController.doPrivileged(Native Method) ~[?:1.8.0_362]
	at javax.security.auth.Subject.doAs(Subject.java:422) [?:1.8.0_362]
	at org.apache.hadoop.security.UserGroupInformation.doAs(UserGroupInformation.java:1878) [hadoop-common-3.3.4.jar:?]
	at org.apache.hadoop.ipc.Server$Handler.run(Server.java:2976) [hadoop-common-3.3.4.jar:?]
08:19:12.618 [IPC Server handler 1 on default port 32845] ERROR OMAudit - user=runner | ip=127.0.0.1 | op=GET_FILE_STATUS {volume=volume29101, bucket=bucket05375, key=gdir1/dir2, dataSize=0, replicationConfig=null} | ret=FAILURE
org.apache.hadoop.ozone.om.exceptions.OMException: Unable to get file status: volume: volume29101 bucket: bucket05375 key: gdir1/dir2
	at org.apache.hadoop.ozone.om.KeyManagerImpl.getOzoneFileStatus(KeyManagerImpl.java:1162) ~[ozone-manager-1.4.0-SNAPSHOT.jar:?]
	at org.apache.hadoop.ozone.om.KeyManagerImpl.getFileStatus(KeyManagerImpl.java:1080) ~[ozone-manager-1.4.0-SNAPSHOT.jar:?]
	at org.apache.hadoop.ozone.om.OmMetadataReader.getFileStatus(OmMetadataReader.java:288) ~[ozone-manager-1.4.0-SNAPSHOT.jar:?]
	at org.apache.hadoop.ozone.om.OzoneManager.getFileStatus(OzoneManager.java:3449) ~[ozone-manager-1.4.0-SNAPSHOT.jar:?]
	at org.apache.hadoop.ozone.protocolPB.OzoneManagerRequestHandler.getOzoneFileStatus(OzoneManagerRequestHandler.java:933) ~[ozone-manager-1.4.0-SNAPSHOT.jar:?]
	at org.apache.hadoop.ozone.protocolPB.OzoneManagerRequestHandler.handleReadRequest(OzoneManagerRequestHandler.java:238) ~[ozone-manager-1.4.0-SNAPSHOT.jar:?]
	at org.apache.hadoop.ozone.protocolPB.OzoneManagerProtocolServerSideTranslatorPB.submitReadRequestToOM(OzoneManagerProtocolServerSideTranslatorPB.java:223) ~[ozone-manager-1.4.0-SNAPSHOT.jar:?]
	at org.apache.hadoop.ozone.protocolPB.OzoneManagerProtocolServerSideTranslatorPB.processRequest(OzoneManagerProtocolServerSideTranslatorPB.java:177) ~[ozone-manager-1.4.0-SNAPSHOT.jar:?]
	at org.apache.hadoop.hdds.server.OzoneProtocolMessageDispatcher.processRequest(OzoneProtocolMessageDispatcher.java:87) [hdds-server-framework-1.4.0-SNAPSHOT.jar:?]
	at org.apache.hadoop.ozone.protocolPB.OzoneManagerProtocolServerSideTranslatorPB.submitRequest(OzoneManagerProtocolServerSideTranslatorPB.java:147) [ozone-manager-1.4.0-SNAPSHOT.jar:?]
	at org.apache.hadoop.ozone.protocol.proto.OzoneManagerProtocolProtos$OzoneManagerService$2.callBlockingMethod(OzoneManagerProtocolProtos.java) [ozone-interface-client-1.4.0-SNAPSHOT.jar:?]
	at org.apache.hadoop.ipc.ProtobufRpcEngine$Server.processCall(ProtobufRpcEngine.java:465) [hadoop-common-3.3.4.jar:?]
	at org.apache.hadoop.ipc.ProtobufRpcEngine2$Server$ProtoBufRpcInvoker.call(ProtobufRpcEngine2.java:578) [hadoop-common-3.3.4.jar:?]
	at org.apache.hadoop.ipc.ProtobufRpcEngine2$Server$ProtoBufRpcInvoker.call(ProtobufRpcEngine2.java:556) [hadoop-common-3.3.4.jar:?]
	at org.apache.hadoop.ipc.RPC$Server.call(RPC.java:1093) [hadoop-common-3.3.4.jar:?]
	at org.apache.hadoop.ipc.Server$RpcCall.run(Server.java:1043) [hadoop-common-3.3.4.jar:?]
	at org.apache.hadoop.ipc.Server$RpcCall.run(Server.java:971) [hadoop-common-3.3.4.jar:?]
	at java.security.AccessController.doPrivileged(Native Method) ~[?:1.8.0_362]
	at javax.security.auth.Subject.doAs(Subject.java:422) [?:1.8.0_362]
	at org.apache.hadoop.security.UserGroupInformation.doAs(UserGroupInformation.java:1878) [hadoop-common-3.3.4.jar:?]
	at org.apache.hadoop.ipc.Server$Handler.run(Server.java:2976) [hadoop-common-3.3.4.jar:?]
08:19:12.618 [IPC Server handler 0 on default port 32845] ERROR OMAudit - user=runner | ip=127.0.0.1 | op=GET_FILE_STATUS {volume=volume29101, bucket=bucket05375, key=gdir1/dir2/child, dataSize=0, replicationConfig=null} | ret=FAILURE
org.apache.hadoop.ozone.om.exceptions.OMException: Unable to get file status: volume: volume29101 bucket: bucket05375 key: gdir1/dir2/child
	at org.apache.hadoop.ozone.om.KeyManagerImpl.getOzoneFileStatus(KeyManagerImpl.java:1162) ~[ozone-manager-1.4.0-SNAPSHOT.jar:?]
	at org.apache.hadoop.ozone.om.KeyManagerImpl.getFileStatus(KeyManagerImpl.java:1080) ~[ozone-manager-1.4.0-SNAPSHOT.jar:?]
	at org.apache.hadoop.ozone.om.OmMetadataReader.getFileStatus(OmMetadataReader.java:288) ~[ozone-manager-1.4.0-SNAPSHOT.jar:?]
	at org.apache.hadoop.ozone.om.OzoneManager.getFileStatus(OzoneManager.java:3449) ~[ozone-manager-1.4.0-SNAPSHOT.jar:?]
	at org.apache.hadoop.ozone.protocolPB.OzoneManagerRequestHandler.getOzoneFileStatus(OzoneManagerRequestHandler.java:933) ~[ozone-manager-1.4.0-SNAPSHOT.jar:?]
	at org.apache.hadoop.ozone.protocolPB.OzoneManagerRequestHandler.handleReadRequest(OzoneManagerRequestHandler.java:238) ~[ozone-manager-1.4.0-SNAPSHOT.jar:?]
	at org.apache.hadoop.ozone.protocolPB.OzoneManagerProtocolServerSideTranslatorPB.submitReadRequestToOM(OzoneManagerProtocolServerSideTranslatorPB.java:223) ~[ozone-manager-1.4.0-SNAPSHOT.jar:?]
	at org.apache.hadoop.ozone.protocolPB.OzoneManagerProtocolServerSideTranslatorPB.processRequest(OzoneManagerProtocolServerSideTranslatorPB.java:177) ~[ozone-manager-1.4.0-SNAPSHOT.jar:?]
	at org.apache.hadoop.hdds.server.OzoneProtocolMessageDispatcher.processRequest(OzoneProtocolMessageDispatcher.java:87) [hdds-server-framework-1.4.0-SNAPSHOT.jar:?]
	at org.apache.hadoop.ozone.protocolPB.OzoneManagerProtocolServerSideTranslatorPB.submitRequest(OzoneManagerProtocolServerSideTranslatorPB.java:147) [ozone-manager-1.4.0-SNAPSHOT.jar:?]
	at org.apache.hadoop.ozone.protocol.proto.OzoneManagerProtocolProtos$OzoneManagerService$2.callBlockingMethod(OzoneManagerProtocolProtos.java) [ozone-interface-client-1.4.0-SNAPSHOT.jar:?]
	at org.apache.hadoop.ipc.ProtobufRpcEngine$Server.processCall(ProtobufRpcEngine.java:465) [hadoop-common-3.3.4.jar:?]
	at org.apache.hadoop.ipc.ProtobufRpcEngine2$Server$ProtoBufRpcInvoker.call(ProtobufRpcEngine2.java:578) [hadoop-common-3.3.4.jar:?]
	at org.apache.hadoop.ipc.ProtobufRpcEngine2$Server$ProtoBufRpcInvoker.call(ProtobufRpcEngine2.java:556) [hadoop-common-3.3.4.jar:?]
	at org.apache.hadoop.ipc.RPC$Server.call(RPC.java:1093) [hadoop-common-3.3.4.jar:?]
	at org.apache.hadoop.ipc.Server$RpcCall.run(Server.java:1043) [hadoop-common-3.3.4.jar:?]
	at org.apache.hadoop.ipc.Server$RpcCall.run(Server.java:971) [hadoop-common-3.3.4.jar:?]
	at java.security.AccessController.doPrivileged(Native Method) ~[?:1.8.0_362]
	at javax.security.auth.Subject.doAs(Subject.java:422) [?:1.8.0_362]
	at org.apache.hadoop.security.UserGroupInformation.doAs(UserGroupInformation.java:1878) [hadoop-common-3.3.4.jar:?]
	at org.apache.hadoop.ipc.Server$Handler.run(Server.java:2976) [hadoop-common-3.3.4.jar:?]
08:19:12.619 [IPC Server handler 2 on default port 32845] ERROR OMAudit - user=runner | ip=127.0.0.1 | op=GET_FILE_STATUS {volume=volume29101, bucket=bucket05375, key=gdir1/dir3, dataSize=0, replicationConfig=null} | ret=FAILURE
org.apache.hadoop.ozone.om.exceptions.OMException: Unable to get file status: volume: volume29101 bucket: bucket05375 key: gdir1/dir3
	at org.apache.hadoop.ozone.om.KeyManagerImpl.getOzoneFileStatus(KeyManagerImpl.java:1162) ~[ozone-manager-1.4.0-SNAPSHOT.jar:?]
	at org.apache.hadoop.ozone.om.KeyManagerImpl.getFileStatus(KeyManagerImpl.java:1080) ~[ozone-manager-1.4.0-SNAPSHOT.jar:?]
	at org.apache.hadoop.ozone.om.OmMetadataReader.getFileStatus(OmMetadataReader.java:288) ~[ozone-manager-1.4.0-SNAPSHOT.jar:?]
	at org.apache.hadoop.ozone.om.OzoneManager.getFileStatus(OzoneManager.java:3449) ~[ozone-manager-1.4.0-SNAPSHOT.jar:?]
	at org.apache.hadoop.ozone.protocolPB.OzoneManagerRequestHandler.getOzoneFileStatus(OzoneManagerRequestHandler.java:933) ~[ozone-manager-1.4.0-SNAPSHOT.jar:?]
	at org.apache.hadoop.ozone.protocolPB.OzoneManagerRequestHandler.handleReadRequest(OzoneManagerRequestHandler.java:238) ~[ozone-manager-1.4.0-SNAPSHOT.jar:?]
	at org.apache.hadoop.ozone.protocolPB.OzoneManagerProtocolServerSideTranslatorPB.submitReadRequestToOM(OzoneManagerProtocolServerSideTranslatorPB.java:223) ~[ozone-manager-1.4.0-SNAPSHOT.jar:?]
	at org.apache.hadoop.ozone.protocolPB.OzoneManagerProtocolServerSideTranslatorPB.processRequest(OzoneManagerProtocolServerSideTranslatorPB.java:177) ~[ozone-manager-1.4.0-SNAPSHOT.jar:?]
	at org.apache.hadoop.hdds.server.OzoneProtocolMessageDispatcher.processRequest(OzoneProtocolMessageDispatcher.java:87) [hdds-server-framework-1.4.0-SNAPSHOT.jar:?]
	at org.apache.hadoop.ozone.protocolPB.OzoneManagerProtocolServerSideTranslatorPB.submitRequest(OzoneManagerProtocolServerSideTranslatorPB.java:147) [ozone-manager-1.4.0-SNAPSHOT.jar:?]
	at org.apache.hadoop.ozone.protocol.proto.OzoneManagerProtocolProtos$OzoneManagerService$2.callBlockingMethod(OzoneManagerProtocolProtos.java) [ozone-interface-client-1.4.0-SNAPSHOT.jar:?]
	at org.apache.hadoop.ipc.ProtobufRpcEngine$Server.processCall(ProtobufRpcEngine.java:465) [hadoop-common-3.3.4.jar:?]
	at org.apache.hadoop.ipc.ProtobufRpcEngine2$Server$ProtoBufRpcInvoker.call(ProtobufRpcEngine2.java:578) [hadoop-common-3.3.4.jar:?]
	at org.apache.hadoop.ipc.ProtobufRpcEngine2$Server$ProtoBufRpcInvoker.call(ProtobufRpcEngine2.java:556) [hadoop-common-3.3.4.jar:?]
	at org.apache.hadoop.ipc.RPC$Server.call(RPC.java:1093) [hadoop-common-3.3.4.jar:?]
	at org.apache.hadoop.ipc.Server$RpcCall.run(Server.java:1043) [hadoop-common-3.3.4.jar:?]
	at org.apache.hadoop.ipc.Server$RpcCall.run(Server.java:971) [hadoop-common-3.3.4.jar:?]
	at java.security.AccessController.doPrivileged(Native Method) ~[?:1.8.0_362]
	at javax.security.auth.Subject.doAs(Subject.java:422) [?:1.8.0_362]
	at org.apache.hadoop.security.UserGroupInformation.doAs(UserGroupInformation.java:1878) [hadoop-common-3.3.4.jar:?]
	at org.apache.hadoop.ipc.Server$Handler.run(Server.java:2976) [hadoop-common-3.3.4.jar:?]
08:19:12.619 [IPC Server handler 3 on default port 32845] ERROR OMAudit - user=runner | ip=127.0.0.1 | op=GET_FILE_STATUS {volume=volume29101, bucket=bucket05375, key=gdir1/dir3/child, dataSize=0, replicationConfig=null} | ret=FAILURE
org.apache.hadoop.ozone.om.exceptions.OMException: Unable to get file status: volume: volume29101 bucket: bucket05375 key: gdir1/dir3/child
	at org.apache.hadoop.ozone.om.KeyManagerImpl.getOzoneFileStatus(KeyManagerImpl.java:1162) ~[ozone-manager-1.4.0-SNAPSHOT.jar:?]
	at org.apache.hadoop.ozone.om.KeyManagerImpl.getFileStatus(KeyManagerImpl.java:1080) ~[ozone-manager-1.4.0-SNAPSHOT.jar:?]
	at org.apache.hadoop.ozone.om.OmMetadataReader.getFileStatus(OmMetadataReader.java:288) ~[ozone-manager-1.4.0-SNAPSHOT.jar:?]
	at org.apache.hadoop.ozone.om.OzoneManager.getFileStatus(OzoneManager.java:3449) ~[ozone-manager-1.4.0-SNAPSHOT.jar:?]
	at org.apache.hadoop.ozone.protocolPB.OzoneManagerRequestHandler.getOzoneFileStatus(OzoneManagerRequestHandler.java:933) ~[ozone-manager-1.4.0-SNAPSHOT.jar:?]
	at org.apache.hadoop.ozone.protocolPB.OzoneManagerRequestHandler.handleReadRequest(OzoneManagerRequestHandler.java:238) ~[ozone-manager-1.4.0-SNAPSHOT.jar:?]
	at org.apache.hadoop.ozone.protocolPB.OzoneManagerProtocolServerSideTranslatorPB.submitReadRequestToOM(OzoneManagerProtocolServerSideTranslatorPB.java:223) ~[ozone-manager-1.4.0-SNAPSHOT.jar:?]
	at org.apache.hadoop.ozone.protocolPB.OzoneManagerProtocolServerSideTranslatorPB.processRequest(OzoneManagerProtocolServerSideTranslatorPB.java:177) ~[ozone-manager-1.4.0-SNAPSHOT.jar:?]
	at org.apache.hadoop.hdds.server.OzoneProtocolMessageDispatcher.processRequest(OzoneProtocolMessageDispatcher.java:87) [hdds-server-framework-1.4.0-SNAPSHOT.jar:?]
	at org.apache.hadoop.ozone.protocolPB.OzoneManagerProtocolServerSideTranslatorPB.submitRequest(OzoneManagerProtocolServerSideTranslatorPB.java:147) [ozone-manager-1.4.0-SNAPSHOT.jar:?]
	at org.apache.hadoop.ozone.protocol.proto.OzoneManagerProtocolProtos$OzoneManagerService$2.callBlockingMethod(OzoneManagerProtocolProtos.java) [ozone-interface-client-1.4.0-SNAPSHOT.jar:?]
	at org.apache.hadoop.ipc.ProtobufRpcEngine$Server.processCall(ProtobufRpcEngine.java:465) [hadoop-common-3.3.4.jar:?]
	at org.apache.hadoop.ipc.ProtobufRpcEngine2$Server$ProtoBufRpcInvoker.call(ProtobufRpcEngine2.java:578) [hadoop-common-3.3.4.jar:?]
	at org.apache.hadoop.ipc.ProtobufRpcEngine2$Server$ProtoBufRpcInvoker.call(ProtobufRpcEngine2.java:556) [hadoop-common-3.3.4.jar:?]
	at org.apache.hadoop.ipc.RPC$Server.call(RPC.java:1093) [hadoop-common-3.3.4.jar:?]
	at org.apache.hadoop.ipc.Server$RpcCall.run(Server.java:1043) [hadoop-common-3.3.4.jar:?]
	at org.apache.hadoop.ipc.Server$RpcCall.run(Server.java:971) [hadoop-common-3.3.4.jar:?]
	at java.security.AccessController.doPrivileged(Native Method) ~[?:1.8.0_362]
	at javax.security.auth.Subject.doAs(Subject.java:422) [?:1.8.0_362]
	at org.apache.hadoop.security.UserGroupInformation.doAs(UserGroupInformation.java:1878) [hadoop-common-3.3.4.jar:?]
	at org.apache.hadoop.ipc.Server$Handler.run(Server.java:2976) [hadoop-common-3.3.4.jar:?]
08:19:12.620 [IPC Server handler 4 on default port 32845] ERROR OMAudit - user=runner | ip=127.0.0.1 | op=GET_FILE_STATUS {volume=volume29101, bucket=bucket05375, key=gdir1/dir4, dataSize=0, replicationConfig=null} | ret=FAILURE
org.apache.hadoop.ozone.om.exceptions.OMException: Unable to get file status: volume: volume29101 bucket: bucket05375 key: gdir1/dir4
	at org.apache.hadoop.ozone.om.KeyManagerImpl.getOzoneFileStatus(KeyManagerImpl.java:1162) ~[ozone-manager-1.4.0-SNAPSHOT.jar:?]
	at org.apache.hadoop.ozone.om.KeyManagerImpl.getFileStatus(KeyManagerImpl.java:1080) ~[ozone-manager-1.4.0-SNAPSHOT.jar:?]
	at org.apache.hadoop.ozone.om.OmMetadataReader.getFileStatus(OmMetadataReader.java:288) ~[ozone-manager-1.4.0-SNAPSHOT.jar:?]
	at org.apache.hadoop.ozone.om.OzoneManager.getFileStatus(OzoneManager.java:3449) ~[ozone-manager-1.4.0-SNAPSHOT.jar:?]
	at org.apache.hadoop.ozone.protocolPB.OzoneManagerRequestHandler.getOzoneFileStatus(OzoneManagerRequestHandler.java:933) ~[ozone-manager-1.4.0-SNAPSHOT.jar:?]
	at org.apache.hadoop.ozone.protocolPB.OzoneManagerRequestHandler.handleReadRequest(OzoneManagerRequestHandler.java:238) ~[ozone-manager-1.4.0-SNAPSHOT.jar:?]
	at org.apache.hadoop.ozone.protocolPB.OzoneManagerProtocolServerSideTranslatorPB.submitReadRequestToOM(OzoneManagerProtocolServerSideTranslatorPB.java:223) ~[ozone-manager-1.4.0-SNAPSHOT.jar:?]
	at org.apache.hadoop.ozone.protocolPB.OzoneManagerProtocolServerSideTranslatorPB.processRequest(OzoneManagerProtocolServerSideTranslatorPB.java:177) ~[ozone-manager-1.4.0-SNAPSHOT.jar:?]
	at org.apache.hadoop.hdds.server.OzoneProtocolMessageDispatcher.processRequest(OzoneProtocolMessageDispatcher.java:87) [hdds-server-framework-1.4.0-SNAPSHOT.jar:?]
	at org.apache.hadoop.ozone.protocolPB.OzoneManagerProtocolServerSideTranslatorPB.submitRequest(OzoneManagerProtocolServerSideTranslatorPB.java:147) [ozone-manager-1.4.0-SNAPSHOT.jar:?]
	at org.apache.hadoop.ozone.protocol.proto.OzoneManagerProtocolProtos$OzoneManagerService$2.callBlockingMethod(OzoneManagerProtocolProtos.java) [ozone-interface-client-1.4.0-SNAPSHOT.jar:?]
	at org.apache.hadoop.ipc.ProtobufRpcEngine$Server.processCall(ProtobufRpcEngine.java:465) [hadoop-common-3.3.4.jar:?]
	at org.apache.hadoop.ipc.ProtobufRpcEngine2$Server$ProtoBufRpcInvoker.call(ProtobufRpcEngine2.java:578) [hadoop-common-3.3.4.jar:?]
	at org.apache.hadoop.ipc.ProtobufRpcEngine2$Server$ProtoBufRpcInvoker.call(ProtobufRpcEngine2.java:556) [hadoop-common-3.3.4.jar:?]
	at org.apache.hadoop.ipc.RPC$Server.call(RPC.java:1093) [hadoop-common-3.3.4.jar:?]
	at org.apache.hadoop.ipc.Server$RpcCall.run(Server.java:1043) [hadoop-common-3.3.4.jar:?]
	at org.apache.hadoop.ipc.Server$RpcCall.run(Server.java:971) [hadoop-common-3.3.4.jar:?]
	at java.security.AccessController.doPrivileged(Native Method) ~[?:1.8.0_362]
	at javax.security.auth.Subject.doAs(Subject.java:422) [?:1.8.0_362]
	at org.apache.hadoop.security.UserGroupInformation.doAs(UserGroupInformation.java:1878) [hadoop-common-3.3.4.jar:?]
	at org.apache.hadoop.ipc.Server$Handler.run(Server.java:2976) [hadoop-common-3.3.4.jar:?]
08:19:12.620 [IPC Server handler 6 on default port 32845] ERROR OMAudit - user=runner | ip=127.0.0.1 | op=GET_FILE_STATUS {volume=volume29101, bucket=bucket05375, key=gdir1/dir4/child, dataSize=0, replicationConfig=null} | ret=FAILURE
org.apache.hadoop.ozone.om.exceptions.OMException: Unable to get file status: volume: volume29101 bucket: bucket05375 key: gdir1/dir4/child
	at org.apache.hadoop.ozone.om.KeyManagerImpl.getOzoneFileStatus(KeyManagerImpl.java:1162) ~[ozone-manager-1.4.0-SNAPSHOT.jar:?]
	at org.apache.hadoop.ozone.om.KeyManagerImpl.getFileStatus(KeyManagerImpl.java:1080) ~[ozone-manager-1.4.0-SNAPSHOT.jar:?]
	at org.apache.hadoop.ozone.om.OmMetadataReader.getFileStatus(OmMetadataReader.java:288) ~[ozone-manager-1.4.0-SNAPSHOT.jar:?]
	at org.apache.hadoop.ozone.om.OzoneManager.getFileStatus(OzoneManager.java:3449) ~[ozone-manager-1.4.0-SNAPSHOT.jar:?]
	at org.apache.hadoop.ozone.protocolPB.OzoneManagerRequestHandler.getOzoneFileStatus(OzoneManagerRequestHandler.java:933) ~[ozone-manager-1.4.0-SNAPSHOT.jar:?]
	at org.apache.hadoop.ozone.protocolPB.OzoneManagerRequestHandler.handleReadRequest(OzoneManagerRequestHandler.java:238) ~[ozone-manager-1.4.0-SNAPSHOT.jar:?]
	at org.apache.hadoop.ozone.protocolPB.OzoneManagerProtocolServerSideTranslatorPB.submitReadRequestToOM(OzoneManagerProtocolServerSideTranslatorPB.java:223) ~[ozone-manager-1.4.0-SNAPSHOT.jar:?]
	at org.apache.hadoop.ozone.protocolPB.OzoneManagerProtocolServerSideTranslatorPB.processRequest(OzoneManagerProtocolServerSideTranslatorPB.java:177) ~[ozone-manager-1.4.0-SNAPSHOT.jar:?]
	at org.apache.hadoop.hdds.server.OzoneProtocolMessageDispatcher.processRequest(OzoneProtocolMessageDispatcher.java:87) [hdds-server-framework-1.4.0-SNAPSHOT.jar:?]
	at org.apache.hadoop.ozone.protocolPB.OzoneManagerProtocolServerSideTranslatorPB.submitRequest(OzoneManagerProtocolServerSideTranslatorPB.java:147) [ozone-manager-1.4.0-SNAPSHOT.jar:?]
	at org.apache.hadoop.ozone.protocol.proto.OzoneManagerProtocolProtos$OzoneManagerService$2.callBlockingMethod(OzoneManagerProtocolProtos.java) [ozone-interface-client-1.4.0-SNAPSHOT.jar:?]
	at org.apache.hadoop.ipc.ProtobufRpcEngine$Server.processCall(ProtobufRpcEngine.java:465) [hadoop-common-3.3.4.jar:?]
	at org.apache.hadoop.ipc.ProtobufRpcEngine2$Server$ProtoBufRpcInvoker.call(ProtobufRpcEngine2.java:578) [hadoop-common-3.3.4.jar:?]
	at org.apache.hadoop.ipc.ProtobufRpcEngine2$Server$ProtoBufRpcInvoker.call(ProtobufRpcEngine2.java:556) [hadoop-common-3.3.4.jar:?]
	at org.apache.hadoop.ipc.RPC$Server.call(RPC.java:1093) [hadoop-common-3.3.4.jar:?]
	at org.apache.hadoop.ipc.Server$RpcCall.run(Server.java:1043) [hadoop-common-3.3.4.jar:?]
	at org.apache.hadoop.ipc.Server$RpcCall.run(Server.java:971) [hadoop-common-3.3.4.jar:?]
	at java.security.AccessController.doPrivileged(Native Method) ~[?:1.8.0_362]
	at javax.security.auth.Subject.doAs(Subject.java:422) [?:1.8.0_362]
	at org.apache.hadoop.security.UserGroupInformation.doAs(UserGroupInformation.java:1878) [hadoop-common-3.3.4.jar:?]
	at org.apache.hadoop.ipc.Server$Handler.run(Server.java:2976) [hadoop-common-3.3.4.jar:?]
08:19:12.621 [IPC Server handler 7 on default port 32845] ERROR OMAudit - user=runner | ip=127.0.0.1 | op=GET_FILE_STATUS {volume=volume29101, bucket=bucket05375, key=gdir1/dir5, dataSize=0, replicationConfig=null} | ret=FAILURE
org.apache.hadoop.ozone.om.exceptions.OMException: Unable to get file status: volume: volume29101 bucket: bucket05375 key: gdir1/dir5
	at org.apache.hadoop.ozone.om.KeyManagerImpl.getOzoneFileStatus(KeyManagerImpl.java:1162) ~[ozone-manager-1.4.0-SNAPSHOT.jar:?]
	at org.apache.hadoop.ozone.om.KeyManagerImpl.getFileStatus(KeyManagerImpl.java:1080) ~[ozone-manager-1.4.0-SNAPSHOT.jar:?]
	at org.apache.hadoop.ozone.om.OmMetadataReader.getFileStatus(OmMetadataReader.java:288) ~[ozone-manager-1.4.0-SNAPSHOT.jar:?]
	at org.apache.hadoop.ozone.om.OzoneManager.getFileStatus(OzoneManager.java:3449) ~[ozone-manager-1.4.0-SNAPSHOT.jar:?]
	at org.apache.hadoop.ozone.protocolPB.OzoneManagerRequestHandler.getOzoneFileStatus(OzoneManagerRequestHandler.java:933) ~[ozone-manager-1.4.0-SNAPSHOT.jar:?]
	at org.apache.hadoop.ozone.protocolPB.OzoneManagerRequestHandler.handleReadRequest(OzoneManagerRequestHandler.java:238) ~[ozone-manager-1.4.0-SNAPSHOT.jar:?]
	at org.apache.hadoop.ozone.protocolPB.OzoneManagerProtocolServerSideTranslatorPB.submitReadRequestToOM(OzoneManagerProtocolServerSideTranslatorPB.java:223) ~[ozone-manager-1.4.0-SNAPSHOT.jar:?]
	at org.apache.hadoop.ozone.protocolPB.OzoneManagerProtocolServerSideTranslatorPB.processRequest(OzoneManagerProtocolServerSideTranslatorPB.java:177) ~[ozone-manager-1.4.0-SNAPSHOT.jar:?]
	at org.apache.hadoop.hdds.server.OzoneProtocolMessageDispatcher.processRequest(OzoneProtocolMessageDispatcher.java:87) [hdds-server-framework-1.4.0-SNAPSHOT.jar:?]
	at org.apache.hadoop.ozone.protocolPB.OzoneManagerProtocolServerSideTranslatorPB.submitRequest(OzoneManagerProtocolServerSideTranslatorPB.java:147) [ozone-manager-1.4.0-SNAPSHOT.jar:?]
	at org.apache.hadoop.ozone.protocol.proto.OzoneManagerProtocolProtos$OzoneManagerService$2.callBlockingMethod(OzoneManagerProtocolProtos.java) [ozone-interface-client-1.4.0-SNAPSHOT.jar:?]
	at org.apache.hadoop.ipc.ProtobufRpcEngine$Server.processCall(ProtobufRpcEngine.java:465) [hadoop-common-3.3.4.jar:?]
	at org.apache.hadoop.ipc.ProtobufRpcEngine2$Server$ProtoBufRpcInvoker.call(ProtobufRpcEngine2.java:578) [hadoop-common-3.3.4.jar:?]
	at org.apache.hadoop.ipc.ProtobufRpcEngine2$Server$ProtoBufRpcInvoker.call(ProtobufRpcEngine2.java:556) [hadoop-common-3.3.4.jar:?]
	at org.apache.hadoop.ipc.RPC$Server.call(RPC.java:1093) [hadoop-common-3.3.4.jar:?]
	at org.apache.hadoop.ipc.Server$RpcCall.run(Server.java:1043) [hadoop-common-3.3.4.jar:?]
	at org.apache.hadoop.ipc.Server$RpcCall.run(Server.java:971) [hadoop-common-3.3.4.jar:?]
	at java.security.AccessController.doPrivileged(Native Method) ~[?:1.8.0_362]
	at javax.security.auth.Subject.doAs(Subject.java:422) [?:1.8.0_362]
	at org.apache.hadoop.security.UserGroupInformation.doAs(UserGroupInformation.java:1878) [hadoop-common-3.3.4.jar:?]
	at org.apache.hadoop.ipc.Server$Handler.run(Server.java:2976) [hadoop-common-3.3.4.jar:?]
08:19:12.621 [IPC Server handler 5 on default port 32845] ERROR OMAudit - user=runner | ip=127.0.0.1 | op=GET_FILE_STATUS {volume=volume29101, bucket=bucket05375, key=gdir1/dir5/child, dataSize=0, replicationConfig=null} | ret=FAILURE
org.apache.hadoop.ozone.om.exceptions.OMException: Unable to get file status: volume: volume29101 bucket: bucket05375 key: gdir1/dir5/child
	at org.apache.hadoop.ozone.om.KeyManagerImpl.getOzoneFileStatus(KeyManagerImpl.java:1162) ~[ozone-manager-1.4.0-SNAPSHOT.jar:?]
	at org.apache.hadoop.ozone.om.KeyManagerImpl.getFileStatus(KeyManagerImpl.java:1080) ~[ozone-manager-1.4.0-SNAPSHOT.jar:?]
	at org.apache.hadoop.ozone.om.OmMetadataReader.getFileStatus(OmMetadataReader.java:288) ~[ozone-manager-1.4.0-SNAPSHOT.jar:?]
	at org.apache.hadoop.ozone.om.OzoneManager.getFileStatus(OzoneManager.java:3449) ~[ozone-manager-1.4.0-SNAPSHOT.jar:?]
	at org.apache.hadoop.ozone.protocolPB.OzoneManagerRequestHandler.getOzoneFileStatus(OzoneManagerRequestHandler.java:933) ~[ozone-manager-1.4.0-SNAPSHOT.jar:?]
	at org.apache.hadoop.ozone.protocolPB.OzoneManagerRequestHandler.handleReadRequest(OzoneManagerRequestHandler.java:238) ~[ozone-manager-1.4.0-SNAPSHOT.jar:?]
	at org.apache.hadoop.ozone.protocolPB.OzoneManagerProtocolServerSideTranslatorPB.submitReadRequestToOM(OzoneManagerProtocolServerSideTranslatorPB.java:223) ~[ozone-manager-1.4.0-SNAPSHOT.jar:?]
	at org.apache.hadoop.ozone.protocolPB.OzoneManagerProtocolServerSideTranslatorPB.processRequest(OzoneManagerProtocolServerSideTranslatorPB.java:177) ~[ozone-manager-1.4.0-SNAPSHOT.jar:?]
	at org.apache.hadoop.hdds.server.OzoneProtocolMessageDispatcher.processRequest(OzoneProtocolMessageDispatcher.java:87) [hdds-server-framework-1.4.0-SNAPSHOT.jar:?]
	at org.apache.hadoop.ozone.protocolPB.OzoneManagerProtocolServerSideTranslatorPB.submitRequest(OzoneManagerProtocolServerSideTranslatorPB.java:147) [ozone-manager-1.4.0-SNAPSHOT.jar:?]
	at org.apache.hadoop.ozone.protocol.proto.OzoneManagerProtocolProtos$OzoneManagerService$2.callBlockingMethod(OzoneManagerProtocolProtos.java) [ozone-interface-client-1.4.0-SNAPSHOT.jar:?]
	at org.apache.hadoop.ipc.ProtobufRpcEngine$Server.processCall(ProtobufRpcEngine.java:465) [hadoop-common-3.3.4.jar:?]
	at org.apache.hadoop.ipc.ProtobufRpcEngine2$Server$ProtoBufRpcInvoker.call(ProtobufRpcEngine2.java:578) [hadoop-common-3.3.4.jar:?]
	at org.apache.hadoop.ipc.ProtobufRpcEngine2$Server$ProtoBufRpcInvoker.call(ProtobufRpcEngine2.java:556) [hadoop-common-3.3.4.jar:?]
	at org.apache.hadoop.ipc.RPC$Server.call(RPC.java:1093) [hadoop-common-3.3.4.jar:?]
	at org.apache.hadoop.ipc.Server$RpcCall.run(Server.java:1043) [hadoop-common-3.3.4.jar:?]
	at org.apache.hadoop.ipc.Server$RpcCall.run(Server.java:971) [hadoop-common-3.3.4.jar:?]
	at java.security.AccessController.doPrivileged(Native Method) ~[?:1.8.0_362]
	at javax.security.auth.Subject.doAs(Subject.java:422) [?:1.8.0_362]
	at org.apache.hadoop.security.UserGroupInformation.doAs(UserGroupInformation.java:1878) [hadoop-common-3.3.4.jar:?]
	at org.apache.hadoop.ipc.Server$Handler.run(Server.java:2976) [hadoop-common-3.3.4.jar:?]
08:19:12.622 [IPC Server handler 8 on default port 32845] ERROR OMAudit - user=runner | ip=127.0.0.1 | op=GET_FILE_STATUS {volume=volume29101, bucket=bucket05375, key=gdir1/dir6, dataSize=0, replicationConfig=null} | ret=FAILURE
org.apache.hadoop.ozone.om.exceptions.OMException: Unable to get file status: volume: volume29101 bucket: bucket05375 key: gdir1/dir6
	at org.apache.hadoop.ozone.om.KeyManagerImpl.getOzoneFileStatus(KeyManagerImpl.java:1162) ~[ozone-manager-1.4.0-SNAPSHOT.jar:?]
	at org.apache.hadoop.ozone.om.KeyManagerImpl.getFileStatus(KeyManagerImpl.java:1080) ~[ozone-manager-1.4.0-SNAPSHOT.jar:?]
	at org.apache.hadoop.ozone.om.OmMetadataReader.getFileStatus(OmMetadataReader.java:288) ~[ozone-manager-1.4.0-SNAPSHOT.jar:?]
	at org.apache.hadoop.ozone.om.OzoneManager.getFileStatus(OzoneManager.java:3449) ~[ozone-manager-1.4.0-SNAPSHOT.jar:?]
	at org.apache.hadoop.ozone.protocolPB.OzoneManagerRequestHandler.getOzoneFileStatus(OzoneManagerRequestHandler.java:933) ~[ozone-manager-1.4.0-SNAPSHOT.jar:?]
	at org.apache.hadoop.ozone.protocolPB.OzoneManagerRequestHandler.handleReadRequest(OzoneManagerRequestHandler.java:238) ~[ozone-manager-1.4.0-SNAPSHOT.jar:?]
	at org.apache.hadoop.ozone.protocolPB.OzoneManagerProtocolServerSideTranslatorPB.submitReadRequestToOM(OzoneManagerProtocolServerSideTranslatorPB.java:223) ~[ozone-manager-1.4.0-SNAPSHOT.jar:?]
	at org.apache.hadoop.ozone.protocolPB.OzoneManagerProtocolServerSideTranslatorPB.processRequest(OzoneManagerProtocolServerSideTranslatorPB.java:177) ~[ozone-manager-1.4.0-SNAPSHOT.jar:?]
	at org.apache.hadoop.hdds.server.OzoneProtocolMessageDispatcher.processRequest(OzoneProtocolMessageDispatcher.java:87) [hdds-server-framework-1.4.0-SNAPSHOT.jar:?]
	at org.apache.hadoop.ozone.protocolPB.OzoneManagerProtocolServerSideTranslatorPB.submitRequest(OzoneManagerProtocolServerSideTranslatorPB.java:147) [ozone-manager-1.4.0-SNAPSHOT.jar:?]
	at org.apache.hadoop.ozone.protocol.proto.OzoneManagerProtocolProtos$OzoneManagerService$2.callBlockingMethod(OzoneManagerProtocolProtos.java) [ozone-interface-client-1.4.0-SNAPSHOT.jar:?]
	at org.apache.hadoop.ipc.ProtobufRpcEngine$Server.processCall(ProtobufRpcEngine.java:465) [hadoop-common-3.3.4.jar:?]
	at org.apache.hadoop.ipc.ProtobufRpcEngine2$Server$ProtoBufRpcInvoker.call(ProtobufRpcEngine2.java:578) [hadoop-common-3.3.4.jar:?]
	at org.apache.hadoop.ipc.ProtobufRpcEngine2$Server$ProtoBufRpcInvoker.call(ProtobufRpcEngine2.java:556) [hadoop-common-3.3.4.jar:?]
	at org.apache.hadoop.ipc.RPC$Server.call(RPC.java:1093) [hadoop-common-3.3.4.jar:?]
	at org.apache.hadoop.ipc.Server$RpcCall.run(Server.java:1043) [hadoop-common-3.3.4.jar:?]
	at org.apache.hadoop.ipc.Server$RpcCall.run(Server.java:971) [hadoop-common-3.3.4.jar:?]
	at java.security.AccessController.doPrivileged(Native Method) ~[?:1.8.0_362]
	at javax.security.auth.Subject.doAs(Subject.java:422) [?:1.8.0_362]
	at org.apache.hadoop.security.UserGroupInformation.doAs(UserGroupInformation.java:1878) [hadoop-common-3.3.4.jar:?]
	at org.apache.hadoop.ipc.Server$Handler.run(Server.java:2976) [hadoop-common-3.3.4.jar:?]
08:19:12.622 [IPC Server handler 9 on default port 32845] ERROR OMAudit - user=runner | ip=127.0.0.1 | op=GET_FILE_STATUS {volume=volume29101, bucket=bucket05375, key=gdir1/dir6/child, dataSize=0, replicationConfig=null} | ret=FAILURE
org.apache.hadoop.ozone.om.exceptions.OMException: Unable to get file status: volume: volume29101 bucket: bucket05375 key: gdir1/dir6/child
	at org.apache.hadoop.ozone.om.KeyManagerImpl.getOzoneFileStatus(KeyManagerImpl.java:1162) ~[ozone-manager-1.4.0-SNAPSHOT.jar:?]
	at org.apache.hadoop.ozone.om.KeyManagerImpl.getFileStatus(KeyManagerImpl.java:1080) ~[ozone-manager-1.4.0-SNAPSHOT.jar:?]
	at org.apache.hadoop.ozone.om.OmMetadataReader.getFileStatus(OmMetadataReader.java:288) ~[ozone-manager-1.4.0-SNAPSHOT.jar:?]
	at org.apache.hadoop.ozone.om.OzoneManager.getFileStatus(OzoneManager.java:3449) ~[ozone-manager-1.4.0-SNAPSHOT.jar:?]
	at org.apache.hadoop.ozone.protocolPB.OzoneManagerRequestHandler.getOzoneFileStatus(OzoneManagerRequestHandler.java:933) ~[ozone-manager-1.4.0-SNAPSHOT.jar:?]
	at org.apache.hadoop.ozone.protocolPB.OzoneManagerRequestHandler.handleReadRequest(OzoneManagerRequestHandler.java:238) ~[ozone-manager-1.4.0-SNAPSHOT.jar:?]
	at org.apache.hadoop.ozone.protocolPB.OzoneManagerProtocolServerSideTranslatorPB.submitReadRequestToOM(OzoneManagerProtocolServerSideTranslatorPB.java:223) ~[ozone-manager-1.4.0-SNAPSHOT.jar:?]
	at org.apache.hadoop.ozone.protocolPB.OzoneManagerProtocolServerSideTranslatorPB.processRequest(OzoneManagerProtocolServerSideTranslatorPB.java:177) ~[ozone-manager-1.4.0-SNAPSHOT.jar:?]
	at org.apache.hadoop.hdds.server.OzoneProtocolMessageDispatcher.processRequest(OzoneProtocolMessageDispatcher.java:87) [hdds-server-framework-1.4.0-SNAPSHOT.jar:?]
	at org.apache.hadoop.ozone.protocolPB.OzoneManagerProtocolServerSideTranslatorPB.submitRequest(OzoneManagerProtocolServerSideTranslatorPB.java:147) [ozone-manager-1.4.0-SNAPSHOT.jar:?]
	at org.apache.hadoop.ozone.protocol.proto.OzoneManagerProtocolProtos$OzoneManagerService$2.callBlockingMethod(OzoneManagerProtocolProtos.java) [ozone-interface-client-1.4.0-SNAPSHOT.jar:?]
	at org.apache.hadoop.ipc.ProtobufRpcEngine$Server.processCall(ProtobufRpcEngine.java:465) [hadoop-common-3.3.4.jar:?]
	at org.apache.hadoop.ipc.ProtobufRpcEngine2$Server$ProtoBufRpcInvoker.call(ProtobufRpcEngine2.java:578) [hadoop-common-3.3.4.jar:?]
	at org.apache.hadoop.ipc.ProtobufRpcEngine2$Server$ProtoBufRpcInvoker.call(ProtobufRpcEngine2.java:556) [hadoop-common-3.3.4.jar:?]
	at org.apache.hadoop.ipc.RPC$Server.call(RPC.java:1093) [hadoop-common-3.3.4.jar:?]
	at org.apache.hadoop.ipc.Server$RpcCall.run(Server.java:1043) [hadoop-common-3.3.4.jar:?]
	at org.apache.hadoop.ipc.Server$RpcCall.run(Server.java:971) [hadoop-common-3.3.4.jar:?]
	at java.security.AccessController.doPrivileged(Native Method) ~[?:1.8.0_362]
	at javax.security.auth.Subject.doAs(Subject.java:422) [?:1.8.0_362]
	at org.apache.hadoop.security.UserGroupInformation.doAs(UserGroupInformation.java:1878) [hadoop-common-3.3.4.jar:?]
	at org.apache.hadoop.ipc.Server$Handler.run(Server.java:2976) [hadoop-common-3.3.4.jar:?]
08:19:12.623 [IPC Server handler 11 on default port 32845] ERROR OMAudit - user=runner | ip=127.0.0.1 | op=GET_FILE_STATUS {volume=volume29101, bucket=bucket05375, key=gdir1/dir7, dataSize=0, replicationConfig=null} | ret=FAILURE
org.apache.hadoop.ozone.om.exceptions.OMException: Unable to get file status: volume: volume29101 bucket: bucket05375 key: gdir1/dir7
	at org.apache.hadoop.ozone.om.KeyManagerImpl.getOzoneFileStatus(KeyManagerImpl.java:1162) ~[ozone-manager-1.4.0-SNAPSHOT.jar:?]
	at org.apache.hadoop.ozone.om.KeyManagerImpl.getFileStatus(KeyManagerImpl.java:1080) ~[ozone-manager-1.4.0-SNAPSHOT.jar:?]
	at org.apache.hadoop.ozone.om.OmMetadataReader.getFileStatus(OmMetadataReader.java:288) ~[ozone-manager-1.4.0-SNAPSHOT.jar:?]
	at org.apache.hadoop.ozone.om.OzoneManager.getFileStatus(OzoneManager.java:3449) ~[ozone-manager-1.4.0-SNAPSHOT.jar:?]
	at org.apache.hadoop.ozone.protocolPB.OzoneManagerRequestHandler.getOzoneFileStatus(OzoneManagerRequestHandler.java:933) ~[ozone-manager-1.4.0-SNAPSHOT.jar:?]
	at org.apache.hadoop.ozone.protocolPB.OzoneManagerRequestHandler.handleReadRequest(OzoneManagerRequestHandler.java:238) ~[ozone-manager-1.4.0-SNAPSHOT.jar:?]
	at org.apache.hadoop.ozone.protocolPB.OzoneManagerProtocolServerSideTranslatorPB.submitReadRequestToOM(OzoneManagerProtocolServerSideTranslatorPB.java:223) ~[ozone-manager-1.4.0-SNAPSHOT.jar:?]
	at org.apache.hadoop.ozone.protocolPB.OzoneManagerProtocolServerSideTranslatorPB.processRequest(OzoneManagerProtocolServerSideTranslatorPB.java:177) ~[ozone-manager-1.4.0-SNAPSHOT.jar:?]
	at org.apache.hadoop.hdds.server.OzoneProtocolMessageDispatcher.processRequest(OzoneProtocolMessageDispatcher.java:87) [hdds-server-framework-1.4.0-SNAPSHOT.jar:?]
	at org.apache.hadoop.ozone.protocolPB.OzoneManagerProtocolServerSideTranslatorPB.submitRequest(OzoneManagerProtocolServerSideTranslatorPB.java:147) [ozone-manager-1.4.0-SNAPSHOT.jar:?]
	at org.apache.hadoop.ozone.protocol.proto.OzoneManagerProtocolProtos$OzoneManagerService$2.callBlockingMethod(OzoneManagerProtocolProtos.java) [ozone-interface-client-1.4.0-SNAPSHOT.jar:?]
	at org.apache.hadoop.ipc.ProtobufRpcEngine$Server.processCall(ProtobufRpcEngine.java:465) [hadoop-common-3.3.4.jar:?]
	at org.apache.hadoop.ipc.ProtobufRpcEngine2$Server$ProtoBufRpcInvoker.call(ProtobufRpcEngine2.java:578) [hadoop-common-3.3.4.jar:?]
	at org.apache.hadoop.ipc.ProtobufRpcEngine2$Server$ProtoBufRpcInvoker.call(ProtobufRpcEngine2.java:556) [hadoop-common-3.3.4.jar:?]
	at org.apache.hadoop.ipc.RPC$Server.call(RPC.java:1093) [hadoop-common-3.3.4.jar:?]
	at org.apache.hadoop.ipc.Server$RpcCall.run(Server.java:1043) [hadoop-common-3.3.4.jar:?]
	at org.apache.hadoop.ipc.Server$RpcCall.run(Server.java:971) [hadoop-common-3.3.4.jar:?]
	at java.security.AccessController.doPrivileged(Native Method) ~[?:1.8.0_362]
	at javax.security.auth.Subject.doAs(Subject.java:422) [?:1.8.0_362]
	at org.apache.hadoop.security.UserGroupInformation.doAs(UserGroupInformation.java:1878) [hadoop-common-3.3.4.jar:?]
	at org.apache.hadoop.ipc.Server$Handler.run(Server.java:2976) [hadoop-common-3.3.4.jar:?]
08:19:12.623 [IPC Server handler 10 on default port 32845] ERROR OMAudit - user=runner | ip=127.0.0.1 | op=GET_FILE_STATUS {volume=volume29101, bucket=bucket05375, key=gdir1/dir7/child, dataSize=0, replicationConfig=null} | ret=FAILURE
org.apache.hadoop.ozone.om.exceptions.OMException: Unable to get file status: volume: volume29101 bucket: bucket05375 key: gdir1/dir7/child
	at org.apache.hadoop.ozone.om.KeyManagerImpl.getOzoneFileStatus(KeyManagerImpl.java:1162) ~[ozone-manager-1.4.0-SNAPSHOT.jar:?]
	at org.apache.hadoop.ozone.om.KeyManagerImpl.getFileStatus(KeyManagerImpl.java:1080) ~[ozone-manager-1.4.0-SNAPSHOT.jar:?]
	at org.apache.hadoop.ozone.om.OmMetadataReader.getFileStatus(OmMetadataReader.java:288) ~[ozone-manager-1.4.0-SNAPSHOT.jar:?]
	at org.apache.hadoop.ozone.om.OzoneManager.getFileStatus(OzoneManager.java:3449) ~[ozone-manager-1.4.0-SNAPSHOT.jar:?]
	at org.apache.hadoop.ozone.protocolPB.OzoneManagerRequestHandler.getOzoneFileStatus(OzoneManagerRequestHandler.java:933) ~[ozone-manager-1.4.0-SNAPSHOT.jar:?]
	at org.apache.hadoop.ozone.protocolPB.OzoneManagerRequestHandler.handleReadRequest(OzoneManagerRequestHandler.java:238) ~[ozone-manager-1.4.0-SNAPSHOT.jar:?]
	at org.apache.hadoop.ozone.protocolPB.OzoneManagerProtocolServerSideTranslatorPB.submitReadRequestToOM(OzoneManagerProtocolServerSideTranslatorPB.java:223) ~[ozone-manager-1.4.0-SNAPSHOT.jar:?]
	at org.apache.hadoop.ozone.protocolPB.OzoneManagerProtocolServerSideTranslatorPB.processRequest(OzoneManagerProtocolServerSideTranslatorPB.java:177) ~[ozone-manager-1.4.0-SNAPSHOT.jar:?]
	at org.apache.hadoop.hdds.server.OzoneProtocolMessageDispatcher.processRequest(OzoneProtocolMessageDispatcher.java:87) [hdds-server-framework-1.4.0-SNAPSHOT.jar:?]
	at org.apache.hadoop.ozone.protocolPB.OzoneManagerProtocolServerSideTranslatorPB.submitRequest(OzoneManagerProtocolServerSideTranslatorPB.java:147) [ozone-manager-1.4.0-SNAPSHOT.jar:?]
	at org.apache.hadoop.ozone.protocol.proto.OzoneManagerProtocolProtos$OzoneManagerService$2.callBlockingMethod(OzoneManagerProtocolProtos.java) [ozone-interface-client-1.4.0-SNAPSHOT.jar:?]
	at org.apache.hadoop.ipc.ProtobufRpcEngine$Server.processCall(ProtobufRpcEngine.java:465) [hadoop-common-3.3.4.jar:?]
	at org.apache.hadoop.ipc.ProtobufRpcEngine2$Server$ProtoBufRpcInvoker.call(ProtobufRpcEngine2.java:578) [hadoop-common-3.3.4.jar:?]
	at org.apache.hadoop.ipc.ProtobufRpcEngine2$Server$ProtoBufRpcInvoker.call(ProtobufRpcEngine2.java:556) [hadoop-common-3.3.4.jar:?]
	at org.apache.hadoop.ipc.RPC$Server.call(RPC.java:1093) [hadoop-common-3.3.4.jar:?]
	at org.apache.hadoop.ipc.Server$RpcCall.run(Server.java:1043) [hadoop-common-3.3.4.jar:?]
	at org.apache.hadoop.ipc.Server$RpcCall.run(Server.java:971) [hadoop-common-3.3.4.jar:?]
	at java.security.AccessController.doPrivileged(Native Method) ~[?:1.8.0_362]
	at javax.security.auth.Subject.doAs(Subject.java:422) [?:1.8.0_362]
	at org.apache.hadoop.security.UserGroupInformation.doAs(UserGroupInformation.java:1878) [hadoop-common-3.3.4.jar:?]
	at org.apache.hadoop.ipc.Server$Handler.run(Server.java:2976) [hadoop-common-3.3.4.jar:?]
08:19:12.624 [IPC Server handler 12 on default port 32845] ERROR OMAudit - user=runner | ip=127.0.0.1 | op=GET_FILE_STATUS {volume=volume29101, bucket=bucket05375, key=gdir1/dir8, dataSize=0, replicationConfig=null} | ret=FAILURE
org.apache.hadoop.ozone.om.exceptions.OMException: Unable to get file status: volume: volume29101 bucket: bucket05375 key: gdir1/dir8
	at org.apache.hadoop.ozone.om.KeyManagerImpl.getOzoneFileStatus(KeyManagerImpl.java:1162) ~[ozone-manager-1.4.0-SNAPSHOT.jar:?]
	at org.apache.hadoop.ozone.om.KeyManagerImpl.getFileStatus(KeyManagerImpl.java:1080) ~[ozone-manager-1.4.0-SNAPSHOT.jar:?]
	at org.apache.hadoop.ozone.om.OmMetadataReader.getFileStatus(OmMetadataReader.java:288) ~[ozone-manager-1.4.0-SNAPSHOT.jar:?]
	at org.apache.hadoop.ozone.om.OzoneManager.getFileStatus(OzoneManager.java:3449) ~[ozone-manager-1.4.0-SNAPSHOT.jar:?]
	at org.apache.hadoop.ozone.protocolPB.OzoneManagerRequestHandler.getOzoneFileStatus(OzoneManagerRequestHandler.java:933) ~[ozone-manager-1.4.0-SNAPSHOT.jar:?]
	at org.apache.hadoop.ozone.protocolPB.OzoneManagerRequestHandler.handleReadRequest(OzoneManagerRequestHandler.java:238) ~[ozone-manager-1.4.0-SNAPSHOT.jar:?]
	at org.apache.hadoop.ozone.protocolPB.OzoneManagerProtocolServerSideTranslatorPB.submitReadRequestToOM(OzoneManagerProtocolServerSideTranslatorPB.java:223) ~[ozone-manager-1.4.0-SNAPSHOT.jar:?]
	at org.apache.hadoop.ozone.protocolPB.OzoneManagerProtocolServerSideTranslatorPB.processRequest(OzoneManagerProtocolServerSideTranslatorPB.java:177) ~[ozone-manager-1.4.0-SNAPSHOT.jar:?]
	at org.apache.hadoop.hdds.server.OzoneProtocolMessageDispatcher.processRequest(OzoneProtocolMessageDispatcher.java:87) [hdds-server-framework-1.4.0-SNAPSHOT.jar:?]
	at org.apache.hadoop.ozone.protocolPB.OzoneManagerProtocolServerSideTranslatorPB.submitRequest(OzoneManagerProtocolServerSideTranslatorPB.java:147) [ozone-manager-1.4.0-SNAPSHOT.jar:?]
	at org.apache.hadoop.ozone.protocol.proto.OzoneManagerProtocolProtos$OzoneManagerService$2.callBlockingMethod(OzoneManagerProtocolProtos.java) [ozone-interface-client-1.4.0-SNAPSHOT.jar:?]
	at org.apache.hadoop.ipc.ProtobufRpcEngine$Server.processCall(ProtobufRpcEngine.java:465) [hadoop-common-3.3.4.jar:?]
	at org.apache.hadoop.ipc.ProtobufRpcEngine2$Server$ProtoBufRpcInvoker.call(ProtobufRpcEngine2.java:578) [hadoop-common-3.3.4.jar:?]
	at org.apache.hadoop.ipc.ProtobufRpcEngine2$Server$ProtoBufRpcInvoker.call(ProtobufRpcEngine2.java:556) [hadoop-common-3.3.4.jar:?]
	at org.apache.hadoop.ipc.RPC$Server.call(RPC.java:1093) [hadoop-common-3.3.4.jar:?]
	at org.apache.hadoop.ipc.Server$RpcCall.run(Server.java:1043) [hadoop-common-3.3.4.jar:?]
	at org.apache.hadoop.ipc.Server$RpcCall.run(Server.java:971) [hadoop-common-3.3.4.jar:?]
	at java.security.AccessController.doPrivileged(Native Method) ~[?:1.8.0_362]
	at javax.security.auth.Subject.doAs(Subject.java:422) [?:1.8.0_362]
	at org.apache.hadoop.security.UserGroupInformation.doAs(UserGroupInformation.java:1878) [hadoop-common-3.3.4.jar:?]
	at org.apache.hadoop.ipc.Server$Handler.run(Server.java:2976) [hadoop-common-3.3.4.jar:?]
08:19:12.624 [IPC Server handler 13 on default port 32845] ERROR OMAudit - user=runner | ip=127.0.0.1 | op=GET_FILE_STATUS {volume=volume29101, bucket=bucket05375, key=gdir1/dir8/child, dataSize=0, replicationConfig=null} | ret=FAILURE
org.apache.hadoop.ozone.om.exceptions.OMException: Unable to get file status: volume: volume29101 bucket: bucket05375 key: gdir1/dir8/child
	at org.apache.hadoop.ozone.om.KeyManagerImpl.getOzoneFileStatus(KeyManagerImpl.java:1162) ~[ozone-manager-1.4.0-SNAPSHOT.jar:?]
	at org.apache.hadoop.ozone.om.KeyManagerImpl.getFileStatus(KeyManagerImpl.java:1080) ~[ozone-manager-1.4.0-SNAPSHOT.jar:?]
	at org.apache.hadoop.ozone.om.OmMetadataReader.getFileStatus(OmMetadataReader.java:288) ~[ozone-manager-1.4.0-SNAPSHOT.jar:?]
	at org.apache.hadoop.ozone.om.OzoneManager.getFileStatus(OzoneManager.java:3449) ~[ozone-manager-1.4.0-SNAPSHOT.jar:?]
	at org.apache.hadoop.ozone.protocolPB.OzoneManagerRequestHandler.getOzoneFileStatus(OzoneManagerRequestHandler.java:933) ~[ozone-manager-1.4.0-SNAPSHOT.jar:?]
	at org.apache.hadoop.ozone.protocolPB.OzoneManagerRequestHandler.handleReadRequest(OzoneManagerRequestHandler.java:238) ~[ozone-manager-1.4.0-SNAPSHOT.jar:?]
	at org.apache.hadoop.ozone.protocolPB.OzoneManagerProtocolServerSideTranslatorPB.submitReadRequestToOM(OzoneManagerProtocolServerSideTranslatorPB.java:223) ~[ozone-manager-1.4.0-SNAPSHOT.jar:?]
	at org.apache.hadoop.ozone.protocolPB.OzoneManagerProtocolServerSideTranslatorPB.processRequest(OzoneManagerProtocolServerSideTranslatorPB.java:177) ~[ozone-manager-1.4.0-SNAPSHOT.jar:?]
	at org.apache.hadoop.hdds.server.OzoneProtocolMessageDispatcher.processRequest(OzoneProtocolMessageDispatcher.java:87) [hdds-server-framework-1.4.0-SNAPSHOT.jar:?]
	at org.apache.hadoop.ozone.protocolPB.OzoneManagerProtocolServerSideTranslatorPB.submitRequest(OzoneManagerProtocolServerSideTranslatorPB.java:147) [ozone-manager-1.4.0-SNAPSHOT.jar:?]
	at org.apache.hadoop.ozone.protocol.proto.OzoneManagerProtocolProtos$OzoneManagerService$2.callBlockingMethod(OzoneManagerProtocolProtos.java) [ozone-interface-client-1.4.0-SNAPSHOT.jar:?]
	at org.apache.hadoop.ipc.ProtobufRpcEngine$Server.processCall(ProtobufRpcEngine.java:465) [hadoop-common-3.3.4.jar:?]
	at org.apache.hadoop.ipc.ProtobufRpcEngine2$Server$ProtoBufRpcInvoker.call(ProtobufRpcEngine2.java:578) [hadoop-common-3.3.4.jar:?]
	at org.apache.hadoop.ipc.ProtobufRpcEngine2$Server$ProtoBufRpcInvoker.call(ProtobufRpcEngine2.java:556) [hadoop-common-3.3.4.jar:?]
	at org.apache.hadoop.ipc.RPC$Server.call(RPC.java:1093) [hadoop-common-3.3.4.jar:?]
	at org.apache.hadoop.ipc.Server$RpcCall.run(Server.java:1043) [hadoop-common-3.3.4.jar:?]
	at org.apache.hadoop.ipc.Server$RpcCall.run(Server.java:971) [hadoop-common-3.3.4.jar:?]
	at java.security.AccessController.doPrivileged(Native Method) ~[?:1.8.0_362]
	at javax.security.auth.Subject.doAs(Subject.java:422) [?:1.8.0_362]
	at org.apache.hadoop.security.UserGroupInformation.doAs(UserGroupInformation.java:1878) [hadoop-common-3.3.4.jar:?]
	at org.apache.hadoop.ipc.Server$Handler.run(Server.java:2976) [hadoop-common-3.3.4.jar:?]
08:19:12.625 [IPC Server handler 15 on default port 32845] ERROR OMAudit - user=runner | ip=127.0.0.1 | op=GET_FILE_STATUS {volume=volume29101, bucket=bucket05375, key=gdir1/dir9, dataSize=0, replicationConfig=null} | ret=FAILURE
org.apache.hadoop.ozone.om.exceptions.OMException: Unable to get file status: volume: volume29101 bucket: bucket05375 key: gdir1/dir9
	at org.apache.hadoop.ozone.om.KeyManagerImpl.getOzoneFileStatus(KeyManagerImpl.java:1162) ~[ozone-manager-1.4.0-SNAPSHOT.jar:?]
	at org.apache.hadoop.ozone.om.KeyManagerImpl.getFileStatus(KeyManagerImpl.java:1080) ~[ozone-manager-1.4.0-SNAPSHOT.jar:?]
	at org.apache.hadoop.ozone.om.OmMetadataReader.getFileStatus(OmMetadataReader.java:288) ~[ozone-manager-1.4.0-SNAPSHOT.jar:?]
	at org.apache.hadoop.ozone.om.OzoneManager.getFileStatus(OzoneManager.java:3449) ~[ozone-manager-1.4.0-SNAPSHOT.jar:?]
	at org.apache.hadoop.ozone.protocolPB.OzoneManagerRequestHandler.getOzoneFileStatus(OzoneManagerRequestHandler.java:933) ~[ozone-manager-1.4.0-SNAPSHOT.jar:?]
	at org.apache.hadoop.ozone.protocolPB.OzoneManagerRequestHandler.handleReadRequest(OzoneManagerRequestHandler.java:238) ~[ozone-manager-1.4.0-SNAPSHOT.jar:?]
	at org.apache.hadoop.ozone.protocolPB.OzoneManagerProtocolServerSideTranslatorPB.submitReadRequestToOM(OzoneManagerProtocolServerSideTranslatorPB.java:223) ~[ozone-manager-1.4.0-SNAPSHOT.jar:?]
	at org.apache.hadoop.ozone.protocolPB.OzoneManagerProtocolServerSideTranslatorPB.processRequest(OzoneManagerProtocolServerSideTranslatorPB.java:177) ~[ozone-manager-1.4.0-SNAPSHOT.jar:?]
	at org.apache.hadoop.hdds.server.OzoneProtocolMessageDispatcher.processRequest(OzoneProtocolMessageDispatcher.java:87) [hdds-server-framework-1.4.0-SNAPSHOT.jar:?]
	at org.apache.hadoop.ozone.protocolPB.OzoneManagerProtocolServerSideTranslatorPB.submitRequest(OzoneManagerProtocolServerSideTranslatorPB.java:147) [ozone-manager-1.4.0-SNAPSHOT.jar:?]
	at org.apache.hadoop.ozone.protocol.proto.OzoneManagerProtocolProtos$OzoneManagerService$2.callBlockingMethod(OzoneManagerProtocolProtos.java) [ozone-interface-client-1.4.0-SNAPSHOT.jar:?]
	at org.apache.hadoop.ipc.ProtobufRpcEngine$Server.processCall(ProtobufRpcEngine.java:465) [hadoop-common-3.3.4.jar:?]
	at org.apache.hadoop.ipc.ProtobufRpcEngine2$Server$ProtoBufRpcInvoker.call(ProtobufRpcEngine2.java:578) [hadoop-common-3.3.4.jar:?]
	at org.apache.hadoop.ipc.ProtobufRpcEngine2$Server$ProtoBufRpcInvoker.call(ProtobufRpcEngine2.java:556) [hadoop-common-3.3.4.jar:?]
	at org.apache.hadoop.ipc.RPC$Server.call(RPC.java:1093) [hadoop-common-3.3.4.jar:?]
	at org.apache.hadoop.ipc.Server$RpcCall.run(Server.java:1043) [hadoop-common-3.3.4.jar:?]
	at org.apache.hadoop.ipc.Server$RpcCall.run(Server.java:971) [hadoop-common-3.3.4.jar:?]
	at java.security.AccessController.doPrivileged(Native Method) ~[?:1.8.0_362]
	at javax.security.auth.Subject.doAs(Subject.java:422) [?:1.8.0_362]
	at org.apache.hadoop.security.UserGroupInformation.doAs(UserGroupInformation.java:1878) [hadoop-common-3.3.4.jar:?]
	at org.apache.hadoop.ipc.Server$Handler.run(Server.java:2976) [hadoop-common-3.3.4.jar:?]
08:19:12.625 [IPC Server handler 14 on default port 32845] ERROR OMAudit - user=runner | ip=127.0.0.1 | op=GET_FILE_STATUS {volume=volume29101, bucket=bucket05375, key=gdir1/dir9/child, dataSize=0, replicationConfig=null} | ret=FAILURE
org.apache.hadoop.ozone.om.exceptions.OMException: Unable to get file status: volume: volume29101 bucket: bucket05375 key: gdir1/dir9/child
	at org.apache.hadoop.ozone.om.KeyManagerImpl.getOzoneFileStatus(KeyManagerImpl.java:1162) ~[ozone-manager-1.4.0-SNAPSHOT.jar:?]
	at org.apache.hadoop.ozone.om.KeyManagerImpl.getFileStatus(KeyManagerImpl.java:1080) ~[ozone-manager-1.4.0-SNAPSHOT.jar:?]
	at org.apache.hadoop.ozone.om.OmMetadataReader.getFileStatus(OmMetadataReader.java:288) ~[ozone-manager-1.4.0-SNAPSHOT.jar:?]
	at org.apache.hadoop.ozone.om.OzoneManager.getFileStatus(OzoneManager.java:3449) ~[ozone-manager-1.4.0-SNAPSHOT.jar:?]
	at org.apache.hadoop.ozone.protocolPB.OzoneManagerRequestHandler.getOzoneFileStatus(OzoneManagerRequestHandler.java:933) ~[ozone-manager-1.4.0-SNAPSHOT.jar:?]
	at org.apache.hadoop.ozone.protocolPB.OzoneManagerRequestHandler.handleReadRequest(OzoneManagerRequestHandler.java:238) ~[ozone-manager-1.4.0-SNAPSHOT.jar:?]
	at org.apache.hadoop.ozone.protocolPB.OzoneManagerProtocolServerSideTranslatorPB.submitReadRequestToOM(OzoneManagerProtocolServerSideTranslatorPB.java:223) ~[ozone-manager-1.4.0-SNAPSHOT.jar:?]
	at org.apache.hadoop.ozone.protocolPB.OzoneManagerProtocolServerSideTranslatorPB.processRequest(OzoneManagerProtocolServerSideTranslatorPB.java:177) ~[ozone-manager-1.4.0-SNAPSHOT.jar:?]
	at org.apache.hadoop.hdds.server.OzoneProtocolMessageDispatcher.processRequest(OzoneProtocolMessageDispatcher.java:87) [hdds-server-framework-1.4.0-SNAPSHOT.jar:?]
	at org.apache.hadoop.ozone.protocolPB.OzoneManagerProtocolServerSideTranslatorPB.submitRequest(OzoneManagerProtocolServerSideTranslatorPB.java:147) [ozone-manager-1.4.0-SNAPSHOT.jar:?]
	at org.apache.hadoop.ozone.protocol.proto.OzoneManagerProtocolProtos$OzoneManagerService$2.callBlockingMethod(OzoneManagerProtocolProtos.java) [ozone-interface-client-1.4.0-SNAPSHOT.jar:?]
	at org.apache.hadoop.ipc.ProtobufRpcEngine$Server.processCall(ProtobufRpcEngine.java:465) [hadoop-common-3.3.4.jar:?]
	at org.apache.hadoop.ipc.ProtobufRpcEngine2$Server$ProtoBufRpcInvoker.call(ProtobufRpcEngine2.java:578) [hadoop-common-3.3.4.jar:?]
	at org.apache.hadoop.ipc.ProtobufRpcEngine2$Server$ProtoBufRpcInvoker.call(ProtobufRpcEngine2.java:556) [hadoop-common-3.3.4.jar:?]
	at org.apache.hadoop.ipc.RPC$Server.call(RPC.java:1093) [hadoop-common-3.3.4.jar:?]
	at org.apache.hadoop.ipc.Server$RpcCall.run(Server.java:1043) [hadoop-common-3.3.4.jar:?]
	at org.apache.hadoop.ipc.Server$RpcCall.run(Server.java:971) [hadoop-common-3.3.4.jar:?]
	at java.security.AccessController.doPrivileged(Native Method) ~[?:1.8.0_362]
	at javax.security.auth.Subject.doAs(Subject.java:422) [?:1.8.0_362]
	at org.apache.hadoop.security.UserGroupInformation.doAs(UserGroupInformation.java:1878) [hadoop-common-3.3.4.jar:?]
	at org.apache.hadoop.ipc.Server$Handler.run(Server.java:2976) [hadoop-common-3.3.4.jar:?]
08:19:12.626 [IPC Server handler 16 on default port 32845] ERROR OMAudit - user=runner | ip=127.0.0.1 | op=GET_FILE_STATUS {volume=volume29101, bucket=bucket05375, key=gdir1/dir10, dataSize=0, replicationConfig=null} | ret=FAILURE
org.apache.hadoop.ozone.om.exceptions.OMException: Unable to get file status: volume: volume29101 bucket: bucket05375 key: gdir1/dir10
	at org.apache.hadoop.ozone.om.KeyManagerImpl.getOzoneFileStatus(KeyManagerImpl.java:1162) ~[ozone-manager-1.4.0-SNAPSHOT.jar:?]
	at org.apache.hadoop.ozone.om.KeyManagerImpl.getFileStatus(KeyManagerImpl.java:1080) ~[ozone-manager-1.4.0-SNAPSHOT.jar:?]
	at org.apache.hadoop.ozone.om.OmMetadataReader.getFileStatus(OmMetadataReader.java:288) ~[ozone-manager-1.4.0-SNAPSHOT.jar:?]
	at org.apache.hadoop.ozone.om.OzoneManager.getFileStatus(OzoneManager.java:3449) ~[ozone-manager-1.4.0-SNAPSHOT.jar:?]
	at org.apache.hadoop.ozone.protocolPB.OzoneManagerRequestHandler.getOzoneFileStatus(OzoneManagerRequestHandler.java:933) ~[ozone-manager-1.4.0-SNAPSHOT.jar:?]
	at org.apache.hadoop.ozone.protocolPB.OzoneManagerRequestHandler.handleReadRequest(OzoneManagerRequestHandler.java:238) ~[ozone-manager-1.4.0-SNAPSHOT.jar:?]
	at org.apache.hadoop.ozone.protocolPB.OzoneManagerProtocolServerSideTranslatorPB.submitReadRequestToOM(OzoneManagerProtocolServerSideTranslatorPB.java:223) ~[ozone-manager-1.4.0-SNAPSHOT.jar:?]
	at org.apache.hadoop.ozone.protocolPB.OzoneManagerProtocolServerSideTranslatorPB.processRequest(OzoneManagerProtocolServerSideTranslatorPB.java:177) ~[ozone-manager-1.4.0-SNAPSHOT.jar:?]
	at org.apache.hadoop.hdds.server.OzoneProtocolMessageDispatcher.processRequest(OzoneProtocolMessageDispatcher.java:87) [hdds-server-framework-1.4.0-SNAPSHOT.jar:?]
	at org.apache.hadoop.ozone.protocolPB.OzoneManagerProtocolServerSideTranslatorPB.submitRequest(OzoneManagerProtocolServerSideTranslatorPB.java:147) [ozone-manager-1.4.0-SNAPSHOT.jar:?]
	at org.apache.hadoop.ozone.protocol.proto.OzoneManagerProtocolProtos$OzoneManagerService$2.callBlockingMethod(OzoneManagerProtocolProtos.java) [ozone-interface-client-1.4.0-SNAPSHOT.jar:?]
	at org.apache.hadoop.ipc.ProtobufRpcEngine$Server.processCall(ProtobufRpcEngine.java:465) [hadoop-common-3.3.4.jar:?]
	at org.apache.hadoop.ipc.ProtobufRpcEngine2$Server$ProtoBufRpcInvoker.call(ProtobufRpcEngine2.java:578) [hadoop-common-3.3.4.jar:?]
	at org.apache.hadoop.ipc.ProtobufRpcEngine2$Server$ProtoBufRpcInvoker.call(ProtobufRpcEngine2.java:556) [hadoop-common-3.3.4.jar:?]
	at org.apache.hadoop.ipc.RPC$Server.call(RPC.java:1093) [hadoop-common-3.3.4.jar:?]
	at org.apache.hadoop.ipc.Server$RpcCall.run(Server.java:1043) [hadoop-common-3.3.4.jar:?]
	at org.apache.hadoop.ipc.Server$RpcCall.run(Server.java:971) [hadoop-common-3.3.4.jar:?]
	at java.security.AccessController.doPrivileged(Native Method) ~[?:1.8.0_362]
	at javax.security.auth.Subject.doAs(Subject.java:422) [?:1.8.0_362]
	at org.apache.hadoop.security.UserGroupInformation.doAs(UserGroupInformation.java:1878) [hadoop-common-3.3.4.jar:?]
	at org.apache.hadoop.ipc.Server$Handler.run(Server.java:2976) [hadoop-common-3.3.4.jar:?]
08:19:12.626 [IPC Server handler 17 on default port 32845] ERROR OMAudit - user=runner | ip=127.0.0.1 | op=GET_FILE_STATUS {volume=volume29101, bucket=bucket05375, key=gdir1/dir10/child, dataSize=0, replicationConfig=null} | ret=FAILURE
org.apache.hadoop.ozone.om.exceptions.OMException: Unable to get file status: volume: volume29101 bucket: bucket05375 key: gdir1/dir10/child
	at org.apache.hadoop.ozone.om.KeyManagerImpl.getOzoneFileStatus(KeyManagerImpl.java:1162) ~[ozone-manager-1.4.0-SNAPSHOT.jar:?]
	at org.apache.hadoop.ozone.om.KeyManagerImpl.getFileStatus(KeyManagerImpl.java:1080) ~[ozone-manager-1.4.0-SNAPSHOT.jar:?]
	at org.apache.hadoop.ozone.om.OmMetadataReader.getFileStatus(OmMetadataReader.java:288) ~[ozone-manager-1.4.0-SNAPSHOT.jar:?]
	at org.apache.hadoop.ozone.om.OzoneManager.getFileStatus(OzoneManager.java:3449) ~[ozone-manager-1.4.0-SNAPSHOT.jar:?]
	at org.apache.hadoop.ozone.protocolPB.OzoneManagerRequestHandler.getOzoneFileStatus(OzoneManagerRequestHandler.java:933) ~[ozone-manager-1.4.0-SNAPSHOT.jar:?]
	at org.apache.hadoop.ozone.protocolPB.OzoneManagerRequestHandler.handleReadRequest(OzoneManagerRequestHandler.java:238) ~[ozone-manager-1.4.0-SNAPSHOT.jar:?]
	at org.apache.hadoop.ozone.protocolPB.OzoneManagerProtocolServerSideTranslatorPB.submitReadRequestToOM(OzoneManagerProtocolServerSideTranslatorPB.java:223) ~[ozone-manager-1.4.0-SNAPSHOT.jar:?]
	at org.apache.hadoop.ozone.protocolPB.OzoneManagerProtocolServerSideTranslatorPB.processRequest(OzoneManagerProtocolServerSideTranslatorPB.java:177) ~[ozone-manager-1.4.0-SNAPSHOT.jar:?]
	at org.apache.hadoop.hdds.server.OzoneProtocolMessageDispatcher.processRequest(OzoneProtocolMessageDispatcher.java:87) [hdds-server-framework-1.4.0-SNAPSHOT.jar:?]
	at org.apache.hadoop.ozone.protocolPB.OzoneManagerProtocolServerSideTranslatorPB.submitRequest(OzoneManagerProtocolServerSideTranslatorPB.java:147) [ozone-manager-1.4.0-SNAPSHOT.jar:?]
	at org.apache.hadoop.ozone.protocol.proto.OzoneManagerProtocolProtos$OzoneManagerService$2.callBlockingMethod(OzoneManagerProtocolProtos.java) [ozone-interface-client-1.4.0-SNAPSHOT.jar:?]
	at org.apache.hadoop.ipc.ProtobufRpcEngine$Server.processCall(ProtobufRpcEngine.java:465) [hadoop-common-3.3.4.jar:?]
	at org.apache.hadoop.ipc.ProtobufRpcEngine2$Server$ProtoBufRpcInvoker.call(ProtobufRpcEngine2.java:578) [hadoop-common-3.3.4.jar:?]
	at org.apache.hadoop.ipc.ProtobufRpcEngine2$Server$ProtoBufRpcInvoker.call(ProtobufRpcEngine2.java:556) [hadoop-common-3.3.4.jar:?]
	at org.apache.hadoop.ipc.RPC$Server.call(RPC.java:1093) [hadoop-common-3.3.4.jar:?]
	at org.apache.hadoop.ipc.Server$RpcCall.run(Server.java:1043) [hadoop-common-3.3.4.jar:?]
	at org.apache.hadoop.ipc.Server$RpcCall.run(Server.java:971) [hadoop-common-3.3.4.jar:?]
	at java.security.AccessController.doPrivileged(Native Method) ~[?:1.8.0_362]
	at javax.security.auth.Subject.doAs(Subject.java:422) [?:1.8.0_362]
	at org.apache.hadoop.security.UserGroupInformation.doAs(UserGroupInformation.java:1878) [hadoop-common-3.3.4.jar:?]
	at org.apache.hadoop.ipc.Server$Handler.run(Server.java:2976) [hadoop-common-3.3.4.jar:?]
2023-02-14 08:19:12,629 [OM StateMachine ApplyTransaction Thread - 0] INFO  key.OMKeyRequest (OMKeyRequest.java:wrapUncommittedBlocksAsPseudoKey(837)) - Detect allocated but uncommitted blocks [{blockID={containerID=2, localID=111677748019200024}, length=4194304, offset=0, token=null, pipeline=null, createVersion=0, partNumber=0}] in key level0/level1/file1.
2023-02-14 08:19:12,633 [OM StateMachine ApplyTransaction Thread - 0] INFO  key.OMKeyRequest (OMKeyRequest.java:wrapUncommittedBlocksAsPseudoKey(837)) - Detect allocated but uncommitted blocks [{blockID={containerID=4, localID=111677748019200025}, length=4194304, offset=0, token=null, pipeline=null, createVersion=0, partNumber=0}] in key level0/level1/level1/file1.
2023-02-14 08:19:12,635 [OM StateMachine ApplyTransaction Thread - 0] INFO  key.OMKeyRequest (OMKeyRequest.java:wrapUncommittedBlocksAsPseudoKey(837)) - Detect allocated but uncommitted blocks [{blockID={containerID=2, localID=111677748019200026}, length=4194304, offset=0, token=null, pipeline=null, createVersion=0, partNumber=0}] in key level0/level2/file1.
2023-02-14 08:19:12,638 [OM StateMachine ApplyTransaction Thread - 0] INFO  key.OMKeyRequest (OMKeyRequest.java:wrapUncommittedBlocksAsPseudoKey(837)) - Detect allocated but uncommitted blocks [{blockID={containerID=4, localID=111677748019200027}, length=4194304, offset=0, token=null, pipeline=null, createVersion=0, partNumber=0}] in key level0/level2/level2/file1.
2023-02-14 08:19:12,642 [OM StateMachine ApplyTransaction Thread - 0] INFO  key.OMKeyRequest (OMKeyRequest.java:wrapUncommittedBlocksAsPseudoKey(837)) - Detect allocated but uncommitted blocks [{blockID={containerID=2, localID=111677748019200028}, length=4194304, offset=0, token=null, pipeline=null, createVersion=0, partNumber=0}] in key level0/level3/file1.
2023-02-14 08:19:12,645 [OM StateMachine ApplyTransaction Thread - 0] INFO  key.OMKeyRequest (OMKeyRequest.java:wrapUncommittedBlocksAsPseudoKey(837)) - Detect allocated but uncommitted blocks [{blockID={containerID=4, localID=111677748019200029}, length=4194304, offset=0, token=null, pipeline=null, createVersion=0, partNumber=0}] in key level0/level3/level3/file1.
08:19:12.659 [IPC Server handler 10 on default port 32845] ERROR OMAudit - user=runner | ip=127.0.0.1 | op=GET_FILE_STATUS {volume=volume29101, bucket=bucket05375, key=level0, dataSize=0, replicationConfig=null} | ret=FAILURE
org.apache.hadoop.ozone.om.exceptions.OMException: Unable to get file status: volume: volume29101 bucket: bucket05375 key: level0
	at org.apache.hadoop.ozone.om.KeyManagerImpl.getOzoneFileStatus(KeyManagerImpl.java:1162) ~[ozone-manager-1.4.0-SNAPSHOT.jar:?]
	at org.apache.hadoop.ozone.om.KeyManagerImpl.getFileStatus(KeyManagerImpl.java:1080) ~[ozone-manager-1.4.0-SNAPSHOT.jar:?]
	at org.apache.hadoop.ozone.om.OmMetadataReader.getFileStatus(OmMetadataReader.java:288) ~[ozone-manager-1.4.0-SNAPSHOT.jar:?]
	at org.apache.hadoop.ozone.om.OzoneManager.getFileStatus(OzoneManager.java:3449) ~[ozone-manager-1.4.0-SNAPSHOT.jar:?]
	at org.apache.hadoop.ozone.protocolPB.OzoneManagerRequestHandler.getOzoneFileStatus(OzoneManagerRequestHandler.java:933) ~[ozone-manager-1.4.0-SNAPSHOT.jar:?]
	at org.apache.hadoop.ozone.protocolPB.OzoneManagerRequestHandler.handleReadRequest(OzoneManagerRequestHandler.java:238) ~[ozone-manager-1.4.0-SNAPSHOT.jar:?]
	at org.apache.hadoop.ozone.protocolPB.OzoneManagerProtocolServerSideTranslatorPB.submitReadRequestToOM(OzoneManagerProtocolServerSideTranslatorPB.java:223) ~[ozone-manager-1.4.0-SNAPSHOT.jar:?]
	at org.apache.hadoop.ozone.protocolPB.OzoneManagerProtocolServerSideTranslatorPB.processRequest(OzoneManagerProtocolServerSideTranslatorPB.java:177) ~[ozone-manager-1.4.0-SNAPSHOT.jar:?]
	at org.apache.hadoop.hdds.server.OzoneProtocolMessageDispatcher.processRequest(OzoneProtocolMessageDispatcher.java:87) [hdds-server-framework-1.4.0-SNAPSHOT.jar:?]
	at org.apache.hadoop.ozone.protocolPB.OzoneManagerProtocolServerSideTranslatorPB.submitRequest(OzoneManagerProtocolServerSideTranslatorPB.java:147) [ozone-manager-1.4.0-SNAPSHOT.jar:?]
	at org.apache.hadoop.ozone.protocol.proto.OzoneManagerProtocolProtos$OzoneManagerService$2.callBlockingMethod(OzoneManagerProtocolProtos.java) [ozone-interface-client-1.4.0-SNAPSHOT.jar:?]
	at org.apache.hadoop.ipc.ProtobufRpcEngine$Server.processCall(ProtobufRpcEngine.java:465) [hadoop-common-3.3.4.jar:?]
	at org.apache.hadoop.ipc.ProtobufRpcEngine2$Server$ProtoBufRpcInvoker.call(ProtobufRpcEngine2.java:578) [hadoop-common-3.3.4.jar:?]
	at org.apache.hadoop.ipc.ProtobufRpcEngine2$Server$ProtoBufRpcInvoker.call(ProtobufRpcEngine2.java:556) [hadoop-common-3.3.4.jar:?]
	at org.apache.hadoop.ipc.RPC$Server.call(RPC.java:1093) [hadoop-common-3.3.4.jar:?]
	at org.apache.hadoop.ipc.Server$RpcCall.run(Server.java:1043) [hadoop-common-3.3.4.jar:?]
	at org.apache.hadoop.ipc.Server$RpcCall.run(Server.java:971) [hadoop-common-3.3.4.jar:?]
	at java.security.AccessController.doPrivileged(Native Method) ~[?:1.8.0_362]
	at javax.security.auth.Subject.doAs(Subject.java:422) [?:1.8.0_362]
	at org.apache.hadoop.security.UserGroupInformation.doAs(UserGroupInformation.java:1878) [hadoop-common-3.3.4.jar:?]
	at org.apache.hadoop.ipc.Server$Handler.run(Server.java:2976) [hadoop-common-3.3.4.jar:?]
08:19:12.660 [IPC Server handler 12 on default port 32845] ERROR OMAudit - user=runner | ip=127.0.0.1 | op=GET_FILE_STATUS {volume=volume29101, bucket=bucket05375, key=level0/level1, dataSize=0, replicationConfig=null} | ret=FAILURE
org.apache.hadoop.ozone.om.exceptions.OMException: Unable to get file status: volume: volume29101 bucket: bucket05375 key: level0/level1
	at org.apache.hadoop.ozone.om.KeyManagerImpl.getOzoneFileStatus(KeyManagerImpl.java:1162) ~[ozone-manager-1.4.0-SNAPSHOT.jar:?]
	at org.apache.hadoop.ozone.om.KeyManagerImpl.getFileStatus(KeyManagerImpl.java:1080) ~[ozone-manager-1.4.0-SNAPSHOT.jar:?]
	at org.apache.hadoop.ozone.om.OmMetadataReader.getFileStatus(OmMetadataReader.java:288) ~[ozone-manager-1.4.0-SNAPSHOT.jar:?]
	at org.apache.hadoop.ozone.om.OzoneManager.getFileStatus(OzoneManager.java:3449) ~[ozone-manager-1.4.0-SNAPSHOT.jar:?]
	at org.apache.hadoop.ozone.protocolPB.OzoneManagerRequestHandler.getOzoneFileStatus(OzoneManagerRequestHandler.java:933) ~[ozone-manager-1.4.0-SNAPSHOT.jar:?]
	at org.apache.hadoop.ozone.protocolPB.OzoneManagerRequestHandler.handleReadRequest(OzoneManagerRequestHandler.java:238) ~[ozone-manager-1.4.0-SNAPSHOT.jar:?]
	at org.apache.hadoop.ozone.protocolPB.OzoneManagerProtocolServerSideTranslatorPB.submitReadRequestToOM(OzoneManagerProtocolServerSideTranslatorPB.java:223) ~[ozone-manager-1.4.0-SNAPSHOT.jar:?]
	at org.apache.hadoop.ozone.protocolPB.OzoneManagerProtocolServerSideTranslatorPB.processRequest(OzoneManagerProtocolServerSideTranslatorPB.java:177) ~[ozone-manager-1.4.0-SNAPSHOT.jar:?]
	at org.apache.hadoop.hdds.server.OzoneProtocolMessageDispatcher.processRequest(OzoneProtocolMessageDispatcher.java:87) [hdds-server-framework-1.4.0-SNAPSHOT.jar:?]
	at org.apache.hadoop.ozone.protocolPB.OzoneManagerProtocolServerSideTranslatorPB.submitRequest(OzoneManagerProtocolServerSideTranslatorPB.java:147) [ozone-manager-1.4.0-SNAPSHOT.jar:?]
	at org.apache.hadoop.ozone.protocol.proto.OzoneManagerProtocolProtos$OzoneManagerService$2.callBlockingMethod(OzoneManagerProtocolProtos.java) [ozone-interface-client-1.4.0-SNAPSHOT.jar:?]
	at org.apache.hadoop.ipc.ProtobufRpcEngine$Server.processCall(ProtobufRpcEngine.java:465) [hadoop-common-3.3.4.jar:?]
	at org.apache.hadoop.ipc.ProtobufRpcEngine2$Server$ProtoBufRpcInvoker.call(ProtobufRpcEngine2.java:578) [hadoop-common-3.3.4.jar:?]
	at org.apache.hadoop.ipc.ProtobufRpcEngine2$Server$ProtoBufRpcInvoker.call(ProtobufRpcEngine2.java:556) [hadoop-common-3.3.4.jar:?]
	at org.apache.hadoop.ipc.RPC$Server.call(RPC.java:1093) [hadoop-common-3.3.4.jar:?]
	at org.apache.hadoop.ipc.Server$RpcCall.run(Server.java:1043) [hadoop-common-3.3.4.jar:?]
	at org.apache.hadoop.ipc.Server$RpcCall.run(Server.java:971) [hadoop-common-3.3.4.jar:?]
	at java.security.AccessController.doPrivileged(Native Method) ~[?:1.8.0_362]
	at javax.security.auth.Subject.doAs(Subject.java:422) [?:1.8.0_362]
	at org.apache.hadoop.security.UserGroupInformation.doAs(UserGroupInformation.java:1878) [hadoop-common-3.3.4.jar:?]
	at org.apache.hadoop.ipc.Server$Handler.run(Server.java:2976) [hadoop-common-3.3.4.jar:?]
08:19:12.660 [IPC Server handler 13 on default port 32845] ERROR OMAudit - user=runner | ip=127.0.0.1 | op=GET_FILE_STATUS {volume=volume29101, bucket=bucket05375, key=level0/level1/level1, dataSize=0, replicationConfig=null} | ret=FAILURE
org.apache.hadoop.ozone.om.exceptions.OMException: Unable to get file status: volume: volume29101 bucket: bucket05375 key: level0/level1/level1
	at org.apache.hadoop.ozone.om.KeyManagerImpl.getOzoneFileStatus(KeyManagerImpl.java:1162) ~[ozone-manager-1.4.0-SNAPSHOT.jar:?]
	at org.apache.hadoop.ozone.om.KeyManagerImpl.getFileStatus(KeyManagerImpl.java:1080) ~[ozone-manager-1.4.0-SNAPSHOT.jar:?]
	at org.apache.hadoop.ozone.om.OmMetadataReader.getFileStatus(OmMetadataReader.java:288) ~[ozone-manager-1.4.0-SNAPSHOT.jar:?]
	at org.apache.hadoop.ozone.om.OzoneManager.getFileStatus(OzoneManager.java:3449) ~[ozone-manager-1.4.0-SNAPSHOT.jar:?]
	at org.apache.hadoop.ozone.protocolPB.OzoneManagerRequestHandler.getOzoneFileStatus(OzoneManagerRequestHandler.java:933) ~[ozone-manager-1.4.0-SNAPSHOT.jar:?]
	at org.apache.hadoop.ozone.protocolPB.OzoneManagerRequestHandler.handleReadRequest(OzoneManagerRequestHandler.java:238) ~[ozone-manager-1.4.0-SNAPSHOT.jar:?]
	at org.apache.hadoop.ozone.protocolPB.OzoneManagerProtocolServerSideTranslatorPB.submitReadRequestToOM(OzoneManagerProtocolServerSideTranslatorPB.java:223) ~[ozone-manager-1.4.0-SNAPSHOT.jar:?]
	at org.apache.hadoop.ozone.protocolPB.OzoneManagerProtocolServerSideTranslatorPB.processRequest(OzoneManagerProtocolServerSideTranslatorPB.java:177) ~[ozone-manager-1.4.0-SNAPSHOT.jar:?]
	at org.apache.hadoop.hdds.server.OzoneProtocolMessageDispatcher.processRequest(OzoneProtocolMessageDispatcher.java:87) [hdds-server-framework-1.4.0-SNAPSHOT.jar:?]
	at org.apache.hadoop.ozone.protocolPB.OzoneManagerProtocolServerSideTranslatorPB.submitRequest(OzoneManagerProtocolServerSideTranslatorPB.java:147) [ozone-manager-1.4.0-SNAPSHOT.jar:?]
	at org.apache.hadoop.ozone.protocol.proto.OzoneManagerProtocolProtos$OzoneManagerService$2.callBlockingMethod(OzoneManagerProtocolProtos.java) [ozone-interface-client-1.4.0-SNAPSHOT.jar:?]
	at org.apache.hadoop.ipc.ProtobufRpcEngine$Server.processCall(ProtobufRpcEngine.java:465) [hadoop-common-3.3.4.jar:?]
	at org.apache.hadoop.ipc.ProtobufRpcEngine2$Server$ProtoBufRpcInvoker.call(ProtobufRpcEngine2.java:578) [hadoop-common-3.3.4.jar:?]
	at org.apache.hadoop.ipc.ProtobufRpcEngine2$Server$ProtoBufRpcInvoker.call(ProtobufRpcEngine2.java:556) [hadoop-common-3.3.4.jar:?]
	at org.apache.hadoop.ipc.RPC$Server.call(RPC.java:1093) [hadoop-common-3.3.4.jar:?]
	at org.apache.hadoop.ipc.Server$RpcCall.run(Server.java:1043) [hadoop-common-3.3.4.jar:?]
	at org.apache.hadoop.ipc.Server$RpcCall.run(Server.java:971) [hadoop-common-3.3.4.jar:?]
	at java.security.AccessController.doPrivileged(Native Method) ~[?:1.8.0_362]
	at javax.security.auth.Subject.doAs(Subject.java:422) [?:1.8.0_362]
	at org.apache.hadoop.security.UserGroupInformation.doAs(UserGroupInformation.java:1878) [hadoop-common-3.3.4.jar:?]
	at org.apache.hadoop.ipc.Server$Handler.run(Server.java:2976) [hadoop-common-3.3.4.jar:?]
08:19:12.661 [IPC Server handler 15 on default port 32845] ERROR OMAudit - user=runner | ip=127.0.0.1 | op=GET_FILE_STATUS {volume=volume29101, bucket=bucket05375, key=level0/level1/file1, dataSize=0, replicationConfig=null} | ret=FAILURE
org.apache.hadoop.ozone.om.exceptions.OMException: Unable to get file status: volume: volume29101 bucket: bucket05375 key: level0/level1/file1
	at org.apache.hadoop.ozone.om.KeyManagerImpl.getOzoneFileStatus(KeyManagerImpl.java:1162) ~[ozone-manager-1.4.0-SNAPSHOT.jar:?]
	at org.apache.hadoop.ozone.om.KeyManagerImpl.getFileStatus(KeyManagerImpl.java:1080) ~[ozone-manager-1.4.0-SNAPSHOT.jar:?]
	at org.apache.hadoop.ozone.om.OmMetadataReader.getFileStatus(OmMetadataReader.java:288) ~[ozone-manager-1.4.0-SNAPSHOT.jar:?]
	at org.apache.hadoop.ozone.om.OzoneManager.getFileStatus(OzoneManager.java:3449) ~[ozone-manager-1.4.0-SNAPSHOT.jar:?]
	at org.apache.hadoop.ozone.protocolPB.OzoneManagerRequestHandler.getOzoneFileStatus(OzoneManagerRequestHandler.java:933) ~[ozone-manager-1.4.0-SNAPSHOT.jar:?]
	at org.apache.hadoop.ozone.protocolPB.OzoneManagerRequestHandler.handleReadRequest(OzoneManagerRequestHandler.java:238) ~[ozone-manager-1.4.0-SNAPSHOT.jar:?]
	at org.apache.hadoop.ozone.protocolPB.OzoneManagerProtocolServerSideTranslatorPB.submitReadRequestToOM(OzoneManagerProtocolServerSideTranslatorPB.java:223) ~[ozone-manager-1.4.0-SNAPSHOT.jar:?]
	at org.apache.hadoop.ozone.protocolPB.OzoneManagerProtocolServerSideTranslatorPB.processRequest(OzoneManagerProtocolServerSideTranslatorPB.java:177) ~[ozone-manager-1.4.0-SNAPSHOT.jar:?]
	at org.apache.hadoop.hdds.server.OzoneProtocolMessageDispatcher.processRequest(OzoneProtocolMessageDispatcher.java:87) [hdds-server-framework-1.4.0-SNAPSHOT.jar:?]
	at org.apache.hadoop.ozone.protocolPB.OzoneManagerProtocolServerSideTranslatorPB.submitRequest(OzoneManagerProtocolServerSideTranslatorPB.java:147) [ozone-manager-1.4.0-SNAPSHOT.jar:?]
	at org.apache.hadoop.ozone.protocol.proto.OzoneManagerProtocolProtos$OzoneManagerService$2.callBlockingMethod(OzoneManagerProtocolProtos.java) [ozone-interface-client-1.4.0-SNAPSHOT.jar:?]
	at org.apache.hadoop.ipc.ProtobufRpcEngine$Server.processCall(ProtobufRpcEngine.java:465) [hadoop-common-3.3.4.jar:?]
	at org.apache.hadoop.ipc.ProtobufRpcEngine2$Server$ProtoBufRpcInvoker.call(ProtobufRpcEngine2.java:578) [hadoop-common-3.3.4.jar:?]
	at org.apache.hadoop.ipc.ProtobufRpcEngine2$Server$ProtoBufRpcInvoker.call(ProtobufRpcEngine2.java:556) [hadoop-common-3.3.4.jar:?]
	at org.apache.hadoop.ipc.RPC$Server.call(RPC.java:1093) [hadoop-common-3.3.4.jar:?]
	at org.apache.hadoop.ipc.Server$RpcCall.run(Server.java:1043) [hadoop-common-3.3.4.jar:?]
	at org.apache.hadoop.ipc.Server$RpcCall.run(Server.java:971) [hadoop-common-3.3.4.jar:?]
	at java.security.AccessController.doPrivileged(Native Method) ~[?:1.8.0_362]
	at javax.security.auth.Subject.doAs(Subject.java:422) [?:1.8.0_362]
	at org.apache.hadoop.security.UserGroupInformation.doAs(UserGroupInformation.java:1878) [hadoop-common-3.3.4.jar:?]
	at org.apache.hadoop.ipc.Server$Handler.run(Server.java:2976) [hadoop-common-3.3.4.jar:?]
08:19:12.661 [IPC Server handler 14 on default port 32845] ERROR OMAudit - user=runner | ip=127.0.0.1 | op=GET_FILE_STATUS {volume=volume29101, bucket=bucket05375, key=level0/level1/level1/file1, dataSize=0, replicationConfig=null} | ret=FAILURE
org.apache.hadoop.ozone.om.exceptions.OMException: Unable to get file status: volume: volume29101 bucket: bucket05375 key: level0/level1/level1/file1
	at org.apache.hadoop.ozone.om.KeyManagerImpl.getOzoneFileStatus(KeyManagerImpl.java:1162) ~[ozone-manager-1.4.0-SNAPSHOT.jar:?]
	at org.apache.hadoop.ozone.om.KeyManagerImpl.getFileStatus(KeyManagerImpl.java:1080) ~[ozone-manager-1.4.0-SNAPSHOT.jar:?]
	at org.apache.hadoop.ozone.om.OmMetadataReader.getFileStatus(OmMetadataReader.java:288) ~[ozone-manager-1.4.0-SNAPSHOT.jar:?]
	at org.apache.hadoop.ozone.om.OzoneManager.getFileStatus(OzoneManager.java:3449) ~[ozone-manager-1.4.0-SNAPSHOT.jar:?]
	at org.apache.hadoop.ozone.protocolPB.OzoneManagerRequestHandler.getOzoneFileStatus(OzoneManagerRequestHandler.java:933) ~[ozone-manager-1.4.0-SNAPSHOT.jar:?]
	at org.apache.hadoop.ozone.protocolPB.OzoneManagerRequestHandler.handleReadRequest(OzoneManagerRequestHandler.java:238) ~[ozone-manager-1.4.0-SNAPSHOT.jar:?]
	at org.apache.hadoop.ozone.protocolPB.OzoneManagerProtocolServerSideTranslatorPB.submitReadRequestToOM(OzoneManagerProtocolServerSideTranslatorPB.java:223) ~[ozone-manager-1.4.0-SNAPSHOT.jar:?]
	at org.apache.hadoop.ozone.protocolPB.OzoneManagerProtocolServerSideTranslatorPB.processRequest(OzoneManagerProtocolServerSideTranslatorPB.java:177) ~[ozone-manager-1.4.0-SNAPSHOT.jar:?]
	at org.apache.hadoop.hdds.server.OzoneProtocolMessageDispatcher.processRequest(OzoneProtocolMessageDispatcher.java:87) [hdds-server-framework-1.4.0-SNAPSHOT.jar:?]
	at org.apache.hadoop.ozone.protocolPB.OzoneManagerProtocolServerSideTranslatorPB.submitRequest(OzoneManagerProtocolServerSideTranslatorPB.java:147) [ozone-manager-1.4.0-SNAPSHOT.jar:?]
	at org.apache.hadoop.ozone.protocol.proto.OzoneManagerProtocolProtos$OzoneManagerService$2.callBlockingMethod(OzoneManagerProtocolProtos.java) [ozone-interface-client-1.4.0-SNAPSHOT.jar:?]
	at org.apache.hadoop.ipc.ProtobufRpcEngine$Server.processCall(ProtobufRpcEngine.java:465) [hadoop-common-3.3.4.jar:?]
	at org.apache.hadoop.ipc.ProtobufRpcEngine2$Server$ProtoBufRpcInvoker.call(ProtobufRpcEngine2.java:578) [hadoop-common-3.3.4.jar:?]
	at org.apache.hadoop.ipc.ProtobufRpcEngine2$Server$ProtoBufRpcInvoker.call(ProtobufRpcEngine2.java:556) [hadoop-common-3.3.4.jar:?]
	at org.apache.hadoop.ipc.RPC$Server.call(RPC.java:1093) [hadoop-common-3.3.4.jar:?]
	at org.apache.hadoop.ipc.Server$RpcCall.run(Server.java:1043) [hadoop-common-3.3.4.jar:?]
	at org.apache.hadoop.ipc.Server$RpcCall.run(Server.java:971) [hadoop-common-3.3.4.jar:?]
	at java.security.AccessController.doPrivileged(Native Method) ~[?:1.8.0_362]
	at javax.security.auth.Subject.doAs(Subject.java:422) [?:1.8.0_362]
	at org.apache.hadoop.security.UserGroupInformation.doAs(UserGroupInformation.java:1878) [hadoop-common-3.3.4.jar:?]
	at org.apache.hadoop.ipc.Server$Handler.run(Server.java:2976) [hadoop-common-3.3.4.jar:?]
08:19:12.661 [IPC Server handler 16 on default port 32845] ERROR OMAudit - user=runner | ip=127.0.0.1 | op=GET_FILE_STATUS {volume=volume29101, bucket=bucket05375, key=level0/level2, dataSize=0, replicationConfig=null} | ret=FAILURE
org.apache.hadoop.ozone.om.exceptions.OMException: Unable to get file status: volume: volume29101 bucket: bucket05375 key: level0/level2
	at org.apache.hadoop.ozone.om.KeyManagerImpl.getOzoneFileStatus(KeyManagerImpl.java:1162) ~[ozone-manager-1.4.0-SNAPSHOT.jar:?]
	at org.apache.hadoop.ozone.om.KeyManagerImpl.getFileStatus(KeyManagerImpl.java:1080) ~[ozone-manager-1.4.0-SNAPSHOT.jar:?]
	at org.apache.hadoop.ozone.om.OmMetadataReader.getFileStatus(OmMetadataReader.java:288) ~[ozone-manager-1.4.0-SNAPSHOT.jar:?]
	at org.apache.hadoop.ozone.om.OzoneManager.getFileStatus(OzoneManager.java:3449) ~[ozone-manager-1.4.0-SNAPSHOT.jar:?]
	at org.apache.hadoop.ozone.protocolPB.OzoneManagerRequestHandler.getOzoneFileStatus(OzoneManagerRequestHandler.java:933) ~[ozone-manager-1.4.0-SNAPSHOT.jar:?]
	at org.apache.hadoop.ozone.protocolPB.OzoneManagerRequestHandler.handleReadRequest(OzoneManagerRequestHandler.java:238) ~[ozone-manager-1.4.0-SNAPSHOT.jar:?]
	at org.apache.hadoop.ozone.protocolPB.OzoneManagerProtocolServerSideTranslatorPB.submitReadRequestToOM(OzoneManagerProtocolServerSideTranslatorPB.java:223) ~[ozone-manager-1.4.0-SNAPSHOT.jar:?]
	at org.apache.hadoop.ozone.protocolPB.OzoneManagerProtocolServerSideTranslatorPB.processRequest(OzoneManagerProtocolServerSideTranslatorPB.java:177) ~[ozone-manager-1.4.0-SNAPSHOT.jar:?]
	at org.apache.hadoop.hdds.server.OzoneProtocolMessageDispatcher.processRequest(OzoneProtocolMessageDispatcher.java:87) [hdds-server-framework-1.4.0-SNAPSHOT.jar:?]
	at org.apache.hadoop.ozone.protocolPB.OzoneManagerProtocolServerSideTranslatorPB.submitRequest(OzoneManagerProtocolServerSideTranslatorPB.java:147) [ozone-manager-1.4.0-SNAPSHOT.jar:?]
	at org.apache.hadoop.ozone.protocol.proto.OzoneManagerProtocolProtos$OzoneManagerService$2.callBlockingMethod(OzoneManagerProtocolProtos.java) [ozone-interface-client-1.4.0-SNAPSHOT.jar:?]
	at org.apache.hadoop.ipc.ProtobufRpcEngine$Server.processCall(ProtobufRpcEngine.java:465) [hadoop-common-3.3.4.jar:?]
	at org.apache.hadoop.ipc.ProtobufRpcEngine2$Server$ProtoBufRpcInvoker.call(ProtobufRpcEngine2.java:578) [hadoop-common-3.3.4.jar:?]
	at org.apache.hadoop.ipc.ProtobufRpcEngine2$Server$ProtoBufRpcInvoker.call(ProtobufRpcEngine2.java:556) [hadoop-common-3.3.4.jar:?]
	at org.apache.hadoop.ipc.RPC$Server.call(RPC.java:1093) [hadoop-common-3.3.4.jar:?]
	at org.apache.hadoop.ipc.Server$RpcCall.run(Server.java:1043) [hadoop-common-3.3.4.jar:?]
	at org.apache.hadoop.ipc.Server$RpcCall.run(Server.java:971) [hadoop-common-3.3.4.jar:?]
	at java.security.AccessController.doPrivileged(Native Method) ~[?:1.8.0_362]
	at javax.security.auth.Subject.doAs(Subject.java:422) [?:1.8.0_362]
	at org.apache.hadoop.security.UserGroupInformation.doAs(UserGroupInformation.java:1878) [hadoop-common-3.3.4.jar:?]
	at org.apache.hadoop.ipc.Server$Handler.run(Server.java:2976) [hadoop-common-3.3.4.jar:?]
08:19:12.662 [IPC Server handler 17 on default port 32845] ERROR OMAudit - user=runner | ip=127.0.0.1 | op=GET_FILE_STATUS {volume=volume29101, bucket=bucket05375, key=level0/level2/level2, dataSize=0, replicationConfig=null} | ret=FAILURE
org.apache.hadoop.ozone.om.exceptions.OMException: Unable to get file status: volume: volume29101 bucket: bucket05375 key: level0/level2/level2
	at org.apache.hadoop.ozone.om.KeyManagerImpl.getOzoneFileStatus(KeyManagerImpl.java:1162) ~[ozone-manager-1.4.0-SNAPSHOT.jar:?]
	at org.apache.hadoop.ozone.om.KeyManagerImpl.getFileStatus(KeyManagerImpl.java:1080) ~[ozone-manager-1.4.0-SNAPSHOT.jar:?]
	at org.apache.hadoop.ozone.om.OmMetadataReader.getFileStatus(OmMetadataReader.java:288) ~[ozone-manager-1.4.0-SNAPSHOT.jar:?]
	at org.apache.hadoop.ozone.om.OzoneManager.getFileStatus(OzoneManager.java:3449) ~[ozone-manager-1.4.0-SNAPSHOT.jar:?]
	at org.apache.hadoop.ozone.protocolPB.OzoneManagerRequestHandler.getOzoneFileStatus(OzoneManagerRequestHandler.java:933) ~[ozone-manager-1.4.0-SNAPSHOT.jar:?]
	at org.apache.hadoop.ozone.protocolPB.OzoneManagerRequestHandler.handleReadRequest(OzoneManagerRequestHandler.java:238) ~[ozone-manager-1.4.0-SNAPSHOT.jar:?]
	at org.apache.hadoop.ozone.protocolPB.OzoneManagerProtocolServerSideTranslatorPB.submitReadRequestToOM(OzoneManagerProtocolServerSideTranslatorPB.java:223) ~[ozone-manager-1.4.0-SNAPSHOT.jar:?]
	at org.apache.hadoop.ozone.protocolPB.OzoneManagerProtocolServerSideTranslatorPB.processRequest(OzoneManagerProtocolServerSideTranslatorPB.java:177) ~[ozone-manager-1.4.0-SNAPSHOT.jar:?]
	at org.apache.hadoop.hdds.server.OzoneProtocolMessageDispatcher.processRequest(OzoneProtocolMessageDispatcher.java:87) [hdds-server-framework-1.4.0-SNAPSHOT.jar:?]
	at org.apache.hadoop.ozone.protocolPB.OzoneManagerProtocolServerSideTranslatorPB.submitRequest(OzoneManagerProtocolServerSideTranslatorPB.java:147) [ozone-manager-1.4.0-SNAPSHOT.jar:?]
	at org.apache.hadoop.ozone.protocol.proto.OzoneManagerProtocolProtos$OzoneManagerService$2.callBlockingMethod(OzoneManagerProtocolProtos.java) [ozone-interface-client-1.4.0-SNAPSHOT.jar:?]
	at org.apache.hadoop.ipc.ProtobufRpcEngine$Server.processCall(ProtobufRpcEngine.java:465) [hadoop-common-3.3.4.jar:?]
	at org.apache.hadoop.ipc.ProtobufRpcEngine2$Server$ProtoBufRpcInvoker.call(ProtobufRpcEngine2.java:578) [hadoop-common-3.3.4.jar:?]
	at org.apache.hadoop.ipc.ProtobufRpcEngine2$Server$ProtoBufRpcInvoker.call(ProtobufRpcEngine2.java:556) [hadoop-common-3.3.4.jar:?]
	at org.apache.hadoop.ipc.RPC$Server.call(RPC.java:1093) [hadoop-common-3.3.4.jar:?]
	at org.apache.hadoop.ipc.Server$RpcCall.run(Server.java:1043) [hadoop-common-3.3.4.jar:?]
	at org.apache.hadoop.ipc.Server$RpcCall.run(Server.java:971) [hadoop-common-3.3.4.jar:?]
	at java.security.AccessController.doPrivileged(Native Method) ~[?:1.8.0_362]
	at javax.security.auth.Subject.doAs(Subject.java:422) [?:1.8.0_362]
	at org.apache.hadoop.security.UserGroupInformation.doAs(UserGroupInformation.java:1878) [hadoop-common-3.3.4.jar:?]
	at org.apache.hadoop.ipc.Server$Handler.run(Server.java:2976) [hadoop-common-3.3.4.jar:?]
08:19:12.662 [IPC Server handler 19 on default port 32845] ERROR OMAudit - user=runner | ip=127.0.0.1 | op=GET_FILE_STATUS {volume=volume29101, bucket=bucket05375, key=level0/level2/file1, dataSize=0, replicationConfig=null} | ret=FAILURE
org.apache.hadoop.ozone.om.exceptions.OMException: Unable to get file status: volume: volume29101 bucket: bucket05375 key: level0/level2/file1
	at org.apache.hadoop.ozone.om.KeyManagerImpl.getOzoneFileStatus(KeyManagerImpl.java:1162) ~[ozone-manager-1.4.0-SNAPSHOT.jar:?]
	at org.apache.hadoop.ozone.om.KeyManagerImpl.getFileStatus(KeyManagerImpl.java:1080) ~[ozone-manager-1.4.0-SNAPSHOT.jar:?]
	at org.apache.hadoop.ozone.om.OmMetadataReader.getFileStatus(OmMetadataReader.java:288) ~[ozone-manager-1.4.0-SNAPSHOT.jar:?]
	at org.apache.hadoop.ozone.om.OzoneManager.getFileStatus(OzoneManager.java:3449) ~[ozone-manager-1.4.0-SNAPSHOT.jar:?]
	at org.apache.hadoop.ozone.protocolPB.OzoneManagerRequestHandler.getOzoneFileStatus(OzoneManagerRequestHandler.java:933) ~[ozone-manager-1.4.0-SNAPSHOT.jar:?]
	at org.apache.hadoop.ozone.protocolPB.OzoneManagerRequestHandler.handleReadRequest(OzoneManagerRequestHandler.java:238) ~[ozone-manager-1.4.0-SNAPSHOT.jar:?]
	at org.apache.hadoop.ozone.protocolPB.OzoneManagerProtocolServerSideTranslatorPB.submitReadRequestToOM(OzoneManagerProtocolServerSideTranslatorPB.java:223) ~[ozone-manager-1.4.0-SNAPSHOT.jar:?]
	at org.apache.hadoop.ozone.protocolPB.OzoneManagerProtocolServerSideTranslatorPB.processRequest(OzoneManagerProtocolServerSideTranslatorPB.java:177) ~[ozone-manager-1.4.0-SNAPSHOT.jar:?]
	at org.apache.hadoop.hdds.server.OzoneProtocolMessageDispatcher.processRequest(OzoneProtocolMessageDispatcher.java:87) [hdds-server-framework-1.4.0-SNAPSHOT.jar:?]
	at org.apache.hadoop.ozone.protocolPB.OzoneManagerProtocolServerSideTranslatorPB.submitRequest(OzoneManagerProtocolServerSideTranslatorPB.java:147) [ozone-manager-1.4.0-SNAPSHOT.jar:?]
	at org.apache.hadoop.ozone.protocol.proto.OzoneManagerProtocolProtos$OzoneManagerService$2.callBlockingMethod(OzoneManagerProtocolProtos.java) [ozone-interface-client-1.4.0-SNAPSHOT.jar:?]
	at org.apache.hadoop.ipc.ProtobufRpcEngine$Server.processCall(ProtobufRpcEngine.java:465) [hadoop-common-3.3.4.jar:?]
	at org.apache.hadoop.ipc.ProtobufRpcEngine2$Server$ProtoBufRpcInvoker.call(ProtobufRpcEngine2.java:578) [hadoop-common-3.3.4.jar:?]
	at org.apache.hadoop.ipc.ProtobufRpcEngine2$Server$ProtoBufRpcInvoker.call(ProtobufRpcEngine2.java:556) [hadoop-common-3.3.4.jar:?]
	at org.apache.hadoop.ipc.RPC$Server.call(RPC.java:1093) [hadoop-common-3.3.4.jar:?]
	at org.apache.hadoop.ipc.Server$RpcCall.run(Server.java:1043) [hadoop-common-3.3.4.jar:?]
	at org.apache.hadoop.ipc.Server$RpcCall.run(Server.java:971) [hadoop-common-3.3.4.jar:?]
	at java.security.AccessController.doPrivileged(Native Method) ~[?:1.8.0_362]
	at javax.security.auth.Subject.doAs(Subject.java:422) [?:1.8.0_362]
	at org.apache.hadoop.security.UserGroupInformation.doAs(UserGroupInformation.java:1878) [hadoop-common-3.3.4.jar:?]
	at org.apache.hadoop.ipc.Server$Handler.run(Server.java:2976) [hadoop-common-3.3.4.jar:?]
08:19:12.663 [IPC Server handler 18 on default port 32845] ERROR OMAudit - user=runner | ip=127.0.0.1 | op=GET_FILE_STATUS {volume=volume29101, bucket=bucket05375, key=level0/level2/level2/file1, dataSize=0, replicationConfig=null} | ret=FAILURE
org.apache.hadoop.ozone.om.exceptions.OMException: Unable to get file status: volume: volume29101 bucket: bucket05375 key: level0/level2/level2/file1
	at org.apache.hadoop.ozone.om.KeyManagerImpl.getOzoneFileStatus(KeyManagerImpl.java:1162) ~[ozone-manager-1.4.0-SNAPSHOT.jar:?]
	at org.apache.hadoop.ozone.om.KeyManagerImpl.getFileStatus(KeyManagerImpl.java:1080) ~[ozone-manager-1.4.0-SNAPSHOT.jar:?]
	at org.apache.hadoop.ozone.om.OmMetadataReader.getFileStatus(OmMetadataReader.java:288) ~[ozone-manager-1.4.0-SNAPSHOT.jar:?]
	at org.apache.hadoop.ozone.om.OzoneManager.getFileStatus(OzoneManager.java:3449) ~[ozone-manager-1.4.0-SNAPSHOT.jar:?]
	at org.apache.hadoop.ozone.protocolPB.OzoneManagerRequestHandler.getOzoneFileStatus(OzoneManagerRequestHandler.java:933) ~[ozone-manager-1.4.0-SNAPSHOT.jar:?]
	at org.apache.hadoop.ozone.protocolPB.OzoneManagerRequestHandler.handleReadRequest(OzoneManagerRequestHandler.java:238) ~[ozone-manager-1.4.0-SNAPSHOT.jar:?]
	at org.apache.hadoop.ozone.protocolPB.OzoneManagerProtocolServerSideTranslatorPB.submitReadRequestToOM(OzoneManagerProtocolServerSideTranslatorPB.java:223) ~[ozone-manager-1.4.0-SNAPSHOT.jar:?]
	at org.apache.hadoop.ozone.protocolPB.OzoneManagerProtocolServerSideTranslatorPB.processRequest(OzoneManagerProtocolServerSideTranslatorPB.java:177) ~[ozone-manager-1.4.0-SNAPSHOT.jar:?]
	at org.apache.hadoop.hdds.server.OzoneProtocolMessageDispatcher.processRequest(OzoneProtocolMessageDispatcher.java:87) [hdds-server-framework-1.4.0-SNAPSHOT.jar:?]
	at org.apache.hadoop.ozone.protocolPB.OzoneManagerProtocolServerSideTranslatorPB.submitRequest(OzoneManagerProtocolServerSideTranslatorPB.java:147) [ozone-manager-1.4.0-SNAPSHOT.jar:?]
	at org.apache.hadoop.ozone.protocol.proto.OzoneManagerProtocolProtos$OzoneManagerService$2.callBlockingMethod(OzoneManagerProtocolProtos.java) [ozone-interface-client-1.4.0-SNAPSHOT.jar:?]
	at org.apache.hadoop.ipc.ProtobufRpcEngine$Server.processCall(ProtobufRpcEngine.java:465) [hadoop-common-3.3.4.jar:?]
	at org.apache.hadoop.ipc.ProtobufRpcEngine2$Server$ProtoBufRpcInvoker.call(ProtobufRpcEngine2.java:578) [hadoop-common-3.3.4.jar:?]
	at org.apache.hadoop.ipc.ProtobufRpcEngine2$Server$ProtoBufRpcInvoker.call(ProtobufRpcEngine2.java:556) [hadoop-common-3.3.4.jar:?]
	at org.apache.hadoop.ipc.RPC$Server.call(RPC.java:1093) [hadoop-common-3.3.4.jar:?]
	at org.apache.hadoop.ipc.Server$RpcCall.run(Server.java:1043) [hadoop-common-3.3.4.jar:?]
	at org.apache.hadoop.ipc.Server$RpcCall.run(Server.java:971) [hadoop-common-3.3.4.jar:?]
	at java.security.AccessController.doPrivileged(Native Method) ~[?:1.8.0_362]
	at javax.security.auth.Subject.doAs(Subject.java:422) [?:1.8.0_362]
	at org.apache.hadoop.security.UserGroupInformation.doAs(UserGroupInformation.java:1878) [hadoop-common-3.3.4.jar:?]
	at org.apache.hadoop.ipc.Server$Handler.run(Server.java:2976) [hadoop-common-3.3.4.jar:?]
08:19:12.664 [IPC Server handler 1 on default port 32845] ERROR OMAudit - user=runner | ip=127.0.0.1 | op=GET_FILE_STATUS {volume=volume29101, bucket=bucket05375, key=level0/level3, dataSize=0, replicationConfig=null} | ret=FAILURE
org.apache.hadoop.ozone.om.exceptions.OMException: Unable to get file status: volume: volume29101 bucket: bucket05375 key: level0/level3
	at org.apache.hadoop.ozone.om.KeyManagerImpl.getOzoneFileStatus(KeyManagerImpl.java:1162) ~[ozone-manager-1.4.0-SNAPSHOT.jar:?]
	at org.apache.hadoop.ozone.om.KeyManagerImpl.getFileStatus(KeyManagerImpl.java:1080) ~[ozone-manager-1.4.0-SNAPSHOT.jar:?]
	at org.apache.hadoop.ozone.om.OmMetadataReader.getFileStatus(OmMetadataReader.java:288) ~[ozone-manager-1.4.0-SNAPSHOT.jar:?]
	at org.apache.hadoop.ozone.om.OzoneManager.getFileStatus(OzoneManager.java:3449) ~[ozone-manager-1.4.0-SNAPSHOT.jar:?]
	at org.apache.hadoop.ozone.protocolPB.OzoneManagerRequestHandler.getOzoneFileStatus(OzoneManagerRequestHandler.java:933) ~[ozone-manager-1.4.0-SNAPSHOT.jar:?]
	at org.apache.hadoop.ozone.protocolPB.OzoneManagerRequestHandler.handleReadRequest(OzoneManagerRequestHandler.java:238) ~[ozone-manager-1.4.0-SNAPSHOT.jar:?]
	at org.apache.hadoop.ozone.protocolPB.OzoneManagerProtocolServerSideTranslatorPB.submitReadRequestToOM(OzoneManagerProtocolServerSideTranslatorPB.java:223) ~[ozone-manager-1.4.0-SNAPSHOT.jar:?]
	at org.apache.hadoop.ozone.protocolPB.OzoneManagerProtocolServerSideTranslatorPB.processRequest(OzoneManagerProtocolServerSideTranslatorPB.java:177) ~[ozone-manager-1.4.0-SNAPSHOT.jar:?]
	at org.apache.hadoop.hdds.server.OzoneProtocolMessageDispatcher.processRequest(OzoneProtocolMessageDispatcher.java:87) [hdds-server-framework-1.4.0-SNAPSHOT.jar:?]
	at org.apache.hadoop.ozone.protocolPB.OzoneManagerProtocolServerSideTranslatorPB.submitRequest(OzoneManagerProtocolServerSideTranslatorPB.java:147) [ozone-manager-1.4.0-SNAPSHOT.jar:?]
	at org.apache.hadoop.ozone.protocol.proto.OzoneManagerProtocolProtos$OzoneManagerService$2.callBlockingMethod(OzoneManagerProtocolProtos.java) [ozone-interface-client-1.4.0-SNAPSHOT.jar:?]
	at org.apache.hadoop.ipc.ProtobufRpcEngine$Server.processCall(ProtobufRpcEngine.java:465) [hadoop-common-3.3.4.jar:?]
	at org.apache.hadoop.ipc.ProtobufRpcEngine2$Server$ProtoBufRpcInvoker.call(ProtobufRpcEngine2.java:578) [hadoop-common-3.3.4.jar:?]
	at org.apache.hadoop.ipc.ProtobufRpcEngine2$Server$ProtoBufRpcInvoker.call(ProtobufRpcEngine2.java:556) [hadoop-common-3.3.4.jar:?]
	at org.apache.hadoop.ipc.RPC$Server.call(RPC.java:1093) [hadoop-common-3.3.4.jar:?]
	at org.apache.hadoop.ipc.Server$RpcCall.run(Server.java:1043) [hadoop-common-3.3.4.jar:?]
	at org.apache.hadoop.ipc.Server$RpcCall.run(Server.java:971) [hadoop-common-3.3.4.jar:?]
	at java.security.AccessController.doPrivileged(Native Method) ~[?:1.8.0_362]
	at javax.security.auth.Subject.doAs(Subject.java:422) [?:1.8.0_362]
	at org.apache.hadoop.security.UserGroupInformation.doAs(UserGroupInformation.java:1878) [hadoop-common-3.3.4.jar:?]
	at org.apache.hadoop.ipc.Server$Handler.run(Server.java:2976) [hadoop-common-3.3.4.jar:?]
08:19:12.664 [IPC Server handler 0 on default port 32845] ERROR OMAudit - user=runner | ip=127.0.0.1 | op=GET_FILE_STATUS {volume=volume29101, bucket=bucket05375, key=level0/level3/level3, dataSize=0, replicationConfig=null} | ret=FAILURE
org.apache.hadoop.ozone.om.exceptions.OMException: Unable to get file status: volume: volume29101 bucket: bucket05375 key: level0/level3/level3
	at org.apache.hadoop.ozone.om.KeyManagerImpl.getOzoneFileStatus(KeyManagerImpl.java:1162) ~[ozone-manager-1.4.0-SNAPSHOT.jar:?]
	at org.apache.hadoop.ozone.om.KeyManagerImpl.getFileStatus(KeyManagerImpl.java:1080) ~[ozone-manager-1.4.0-SNAPSHOT.jar:?]
	at org.apache.hadoop.ozone.om.OmMetadataReader.getFileStatus(OmMetadataReader.java:288) ~[ozone-manager-1.4.0-SNAPSHOT.jar:?]
	at org.apache.hadoop.ozone.om.OzoneManager.getFileStatus(OzoneManager.java:3449) ~[ozone-manager-1.4.0-SNAPSHOT.jar:?]
	at org.apache.hadoop.ozone.protocolPB.OzoneManagerRequestHandler.getOzoneFileStatus(OzoneManagerRequestHandler.java:933) ~[ozone-manager-1.4.0-SNAPSHOT.jar:?]
	at org.apache.hadoop.ozone.protocolPB.OzoneManagerRequestHandler.handleReadRequest(OzoneManagerRequestHandler.java:238) ~[ozone-manager-1.4.0-SNAPSHOT.jar:?]
	at org.apache.hadoop.ozone.protocolPB.OzoneManagerProtocolServerSideTranslatorPB.submitReadRequestToOM(OzoneManagerProtocolServerSideTranslatorPB.java:223) ~[ozone-manager-1.4.0-SNAPSHOT.jar:?]
	at org.apache.hadoop.ozone.protocolPB.OzoneManagerProtocolServerSideTranslatorPB.processRequest(OzoneManagerProtocolServerSideTranslatorPB.java:177) ~[ozone-manager-1.4.0-SNAPSHOT.jar:?]
	at org.apache.hadoop.hdds.server.OzoneProtocolMessageDispatcher.processRequest(OzoneProtocolMessageDispatcher.java:87) [hdds-server-framework-1.4.0-SNAPSHOT.jar:?]
	at org.apache.hadoop.ozone.protocolPB.OzoneManagerProtocolServerSideTranslatorPB.submitRequest(OzoneManagerProtocolServerSideTranslatorPB.java:147) [ozone-manager-1.4.0-SNAPSHOT.jar:?]
	at org.apache.hadoop.ozone.protocol.proto.OzoneManagerProtocolProtos$OzoneManagerService$2.callBlockingMethod(OzoneManagerProtocolProtos.java) [ozone-interface-client-1.4.0-SNAPSHOT.jar:?]
	at org.apache.hadoop.ipc.ProtobufRpcEngine$Server.processCall(ProtobufRpcEngine.java:465) [hadoop-common-3.3.4.jar:?]
	at org.apache.hadoop.ipc.ProtobufRpcEngine2$Server$ProtoBufRpcInvoker.call(ProtobufRpcEngine2.java:578) [hadoop-common-3.3.4.jar:?]
	at org.apache.hadoop.ipc.ProtobufRpcEngine2$Server$ProtoBufRpcInvoker.call(ProtobufRpcEngine2.java:556) [hadoop-common-3.3.4.jar:?]
	at org.apache.hadoop.ipc.RPC$Server.call(RPC.java:1093) [hadoop-common-3.3.4.jar:?]
	at org.apache.hadoop.ipc.Server$RpcCall.run(Server.java:1043) [hadoop-common-3.3.4.jar:?]
	at org.apache.hadoop.ipc.Server$RpcCall.run(Server.java:971) [hadoop-common-3.3.4.jar:?]
	at java.security.AccessController.doPrivileged(Native Method) ~[?:1.8.0_362]
	at javax.security.auth.Subject.doAs(Subject.java:422) [?:1.8.0_362]
	at org.apache.hadoop.security.UserGroupInformation.doAs(UserGroupInformation.java:1878) [hadoop-common-3.3.4.jar:?]
	at org.apache.hadoop.ipc.Server$Handler.run(Server.java:2976) [hadoop-common-3.3.4.jar:?]
08:19:12.665 [IPC Server handler 2 on default port 32845] ERROR OMAudit - user=runner | ip=127.0.0.1 | op=GET_FILE_STATUS {volume=volume29101, bucket=bucket05375, key=level0/level3/file1, dataSize=0, replicationConfig=null} | ret=FAILURE
org.apache.hadoop.ozone.om.exceptions.OMException: Unable to get file status: volume: volume29101 bucket: bucket05375 key: level0/level3/file1
	at org.apache.hadoop.ozone.om.KeyManagerImpl.getOzoneFileStatus(KeyManagerImpl.java:1162) ~[ozone-manager-1.4.0-SNAPSHOT.jar:?]
	at org.apache.hadoop.ozone.om.KeyManagerImpl.getFileStatus(KeyManagerImpl.java:1080) ~[ozone-manager-1.4.0-SNAPSHOT.jar:?]
	at org.apache.hadoop.ozone.om.OmMetadataReader.getFileStatus(OmMetadataReader.java:288) ~[ozone-manager-1.4.0-SNAPSHOT.jar:?]
	at org.apache.hadoop.ozone.om.OzoneManager.getFileStatus(OzoneManager.java:3449) ~[ozone-manager-1.4.0-SNAPSHOT.jar:?]
	at org.apache.hadoop.ozone.protocolPB.OzoneManagerRequestHandler.getOzoneFileStatus(OzoneManagerRequestHandler.java:933) ~[ozone-manager-1.4.0-SNAPSHOT.jar:?]
	at org.apache.hadoop.ozone.protocolPB.OzoneManagerRequestHandler.handleReadRequest(OzoneManagerRequestHandler.java:238) ~[ozone-manager-1.4.0-SNAPSHOT.jar:?]
	at org.apache.hadoop.ozone.protocolPB.OzoneManagerProtocolServerSideTranslatorPB.submitReadRequestToOM(OzoneManagerProtocolServerSideTranslatorPB.java:223) ~[ozone-manager-1.4.0-SNAPSHOT.jar:?]
	at org.apache.hadoop.ozone.protocolPB.OzoneManagerProtocolServerSideTranslatorPB.processRequest(OzoneManagerProtocolServerSideTranslatorPB.java:177) ~[ozone-manager-1.4.0-SNAPSHOT.jar:?]
	at org.apache.hadoop.hdds.server.OzoneProtocolMessageDispatcher.processRequest(OzoneProtocolMessageDispatcher.java:87) [hdds-server-framework-1.4.0-SNAPSHOT.jar:?]
	at org.apache.hadoop.ozone.protocolPB.OzoneManagerProtocolServerSideTranslatorPB.submitRequest(OzoneManagerProtocolServerSideTranslatorPB.java:147) [ozone-manager-1.4.0-SNAPSHOT.jar:?]
	at org.apache.hadoop.ozone.protocol.proto.OzoneManagerProtocolProtos$OzoneManagerService$2.callBlockingMethod(OzoneManagerProtocolProtos.java) [ozone-interface-client-1.4.0-SNAPSHOT.jar:?]
	at org.apache.hadoop.ipc.ProtobufRpcEngine$Server.processCall(ProtobufRpcEngine.java:465) [hadoop-common-3.3.4.jar:?]
	at org.apache.hadoop.ipc.ProtobufRpcEngine2$Server$ProtoBufRpcInvoker.call(ProtobufRpcEngine2.java:578) [hadoop-common-3.3.4.jar:?]
	at org.apache.hadoop.ipc.ProtobufRpcEngine2$Server$ProtoBufRpcInvoker.call(ProtobufRpcEngine2.java:556) [hadoop-common-3.3.4.jar:?]
	at org.apache.hadoop.ipc.RPC$Server.call(RPC.java:1093) [hadoop-common-3.3.4.jar:?]
	at org.apache.hadoop.ipc.Server$RpcCall.run(Server.java:1043) [hadoop-common-3.3.4.jar:?]
	at org.apache.hadoop.ipc.Server$RpcCall.run(Server.java:971) [hadoop-common-3.3.4.jar:?]
	at java.security.AccessController.doPrivileged(Native Method) ~[?:1.8.0_362]
	at javax.security.auth.Subject.doAs(Subject.java:422) [?:1.8.0_362]
	at org.apache.hadoop.security.UserGroupInformation.doAs(UserGroupInformation.java:1878) [hadoop-common-3.3.4.jar:?]
	at org.apache.hadoop.ipc.Server$Handler.run(Server.java:2976) [hadoop-common-3.3.4.jar:?]
08:19:12.665 [IPC Server handler 3 on default port 32845] ERROR OMAudit - user=runner | ip=127.0.0.1 | op=GET_FILE_STATUS {volume=volume29101, bucket=bucket05375, key=level0/level3/level3/file1, dataSize=0, replicationConfig=null} | ret=FAILURE
org.apache.hadoop.ozone.om.exceptions.OMException: Unable to get file status: volume: volume29101 bucket: bucket05375 key: level0/level3/level3/file1
	at org.apache.hadoop.ozone.om.KeyManagerImpl.getOzoneFileStatus(KeyManagerImpl.java:1162) ~[ozone-manager-1.4.0-SNAPSHOT.jar:?]
	at org.apache.hadoop.ozone.om.KeyManagerImpl.getFileStatus(KeyManagerImpl.java:1080) ~[ozone-manager-1.4.0-SNAPSHOT.jar:?]
	at org.apache.hadoop.ozone.om.OmMetadataReader.getFileStatus(OmMetadataReader.java:288) ~[ozone-manager-1.4.0-SNAPSHOT.jar:?]
	at org.apache.hadoop.ozone.om.OzoneManager.getFileStatus(OzoneManager.java:3449) ~[ozone-manager-1.4.0-SNAPSHOT.jar:?]
	at org.apache.hadoop.ozone.protocolPB.OzoneManagerRequestHandler.getOzoneFileStatus(OzoneManagerRequestHandler.java:933) ~[ozone-manager-1.4.0-SNAPSHOT.jar:?]
	at org.apache.hadoop.ozone.protocolPB.OzoneManagerRequestHandler.handleReadRequest(OzoneManagerRequestHandler.java:238) ~[ozone-manager-1.4.0-SNAPSHOT.jar:?]
	at org.apache.hadoop.ozone.protocolPB.OzoneManagerProtocolServerSideTranslatorPB.submitReadRequestToOM(OzoneManagerProtocolServerSideTranslatorPB.java:223) ~[ozone-manager-1.4.0-SNAPSHOT.jar:?]
	at org.apache.hadoop.ozone.protocolPB.OzoneManagerProtocolServerSideTranslatorPB.processRequest(OzoneManagerProtocolServerSideTranslatorPB.java:177) ~[ozone-manager-1.4.0-SNAPSHOT.jar:?]
	at org.apache.hadoop.hdds.server.OzoneProtocolMessageDispatcher.processRequest(OzoneProtocolMessageDispatcher.java:87) [hdds-server-framework-1.4.0-SNAPSHOT.jar:?]
	at org.apache.hadoop.ozone.protocolPB.OzoneManagerProtocolServerSideTranslatorPB.submitRequest(OzoneManagerProtocolServerSideTranslatorPB.java:147) [ozone-manager-1.4.0-SNAPSHOT.jar:?]
	at org.apache.hadoop.ozone.protocol.proto.OzoneManagerProtocolProtos$OzoneManagerService$2.callBlockingMethod(OzoneManagerProtocolProtos.java) [ozone-interface-client-1.4.0-SNAPSHOT.jar:?]
	at org.apache.hadoop.ipc.ProtobufRpcEngine$Server.processCall(ProtobufRpcEngine.java:465) [hadoop-common-3.3.4.jar:?]
	at org.apache.hadoop.ipc.ProtobufRpcEngine2$Server$ProtoBufRpcInvoker.call(ProtobufRpcEngine2.java:578) [hadoop-common-3.3.4.jar:?]
	at org.apache.hadoop.ipc.ProtobufRpcEngine2$Server$ProtoBufRpcInvoker.call(ProtobufRpcEngine2.java:556) [hadoop-common-3.3.4.jar:?]
	at org.apache.hadoop.ipc.RPC$Server.call(RPC.java:1093) [hadoop-common-3.3.4.jar:?]
	at org.apache.hadoop.ipc.Server$RpcCall.run(Server.java:1043) [hadoop-common-3.3.4.jar:?]
	at org.apache.hadoop.ipc.Server$RpcCall.run(Server.java:971) [hadoop-common-3.3.4.jar:?]
	at java.security.AccessController.doPrivileged(Native Method) ~[?:1.8.0_362]
	at javax.security.auth.Subject.doAs(Subject.java:422) [?:1.8.0_362]
	at org.apache.hadoop.security.UserGroupInformation.doAs(UserGroupInformation.java:1878) [hadoop-common-3.3.4.jar:?]
	at org.apache.hadoop.ipc.Server$Handler.run(Server.java:2976) [hadoop-common-3.3.4.jar:?]
]]></system-out>
  </testcase>
  <testcase name="testRecursiveDelete" classname="TestOzoneFileSystem" time="0.076">
    <system-out><![CDATA[2023-02-14 08:19:59,355 [IPC Server handler 0 on default port 42497] INFO  key.OMKeyRequest (OMKeyRequest.java:wrapUncommittedBlocksAsPseudoKey(837)) - Detect allocated but uncommitted blocks [{blockID={containerID=2, localID=111677748019200014}, length=4194304, offset=0, token=null, pipeline=null, createVersion=0, partNumber=0}] in key gdir1/pdir1/child.
2023-02-14 08:19:59,357 [IPC Server handler 7 on default port 42497] INFO  key.OMKeyRequest (OMKeyRequest.java:wrapUncommittedBlocksAsPseudoKey(837)) - Detect allocated but uncommitted blocks [{blockID={containerID=1, localID=111677748019200015}, length=4194304, offset=0, token=null, pipeline=null, createVersion=0, partNumber=0}] in key gdir1/pdir2/child.
2023-02-14 08:19:59,360 [IPC Server handler 4 on default port 42497] INFO  key.OMKeyRequest (OMKeyRequest.java:wrapUncommittedBlocksAsPseudoKey(837)) - Detect allocated but uncommitted blocks [{blockID={containerID=2, localID=111677748019200016}, length=4194304, offset=0, token=null, pipeline=null, createVersion=0, partNumber=0}] in key gdir1/pdir3/child.
2023-02-14 08:19:59,362 [IPC Server handler 11 on default port 42497] INFO  key.OMKeyRequest (OMKeyRequest.java:wrapUncommittedBlocksAsPseudoKey(837)) - Detect allocated but uncommitted blocks [{blockID={containerID=1, localID=111677748019200017}, length=4194304, offset=0, token=null, pipeline=null, createVersion=0, partNumber=0}] in key gdir1/pdir4/child.
2023-02-14 08:19:59,367 [IPC Server handler 2 on default port 42497] INFO  key.OMKeyRequest (OMKeyRequest.java:wrapUncommittedBlocksAsPseudoKey(837)) - Detect allocated but uncommitted blocks [{blockID={containerID=2, localID=111677748019200018}, length=4194304, offset=0, token=null, pipeline=null, createVersion=0, partNumber=0}] in key gdir1/pdir5/child.
2023-02-14 08:19:59,369 [IPC Server handler 17 on default port 42497] INFO  key.OMKeyRequest (OMKeyRequest.java:wrapUncommittedBlocksAsPseudoKey(837)) - Detect allocated but uncommitted blocks [{blockID={containerID=1, localID=111677748019200019}, length=4194304, offset=0, token=null, pipeline=null, createVersion=0, partNumber=0}] in key gdir1/pdir6/child.
2023-02-14 08:19:59,371 [IPC Server handler 19 on default port 42497] INFO  key.OMKeyRequest (OMKeyRequest.java:wrapUncommittedBlocksAsPseudoKey(837)) - Detect allocated but uncommitted blocks [{blockID={containerID=2, localID=111677748019200020}, length=4194304, offset=0, token=null, pipeline=null, createVersion=0, partNumber=0}] in key gdir1/pdir7/child.
2023-02-14 08:19:59,373 [IPC Server handler 6 on default port 42497] INFO  key.OMKeyRequest (OMKeyRequest.java:wrapUncommittedBlocksAsPseudoKey(837)) - Detect allocated but uncommitted blocks [{blockID={containerID=1, localID=111677748019200021}, length=4194304, offset=0, token=null, pipeline=null, createVersion=0, partNumber=0}] in key gdir1/pdir8/child.
2023-02-14 08:19:59,375 [IPC Server handler 15 on default port 42497] INFO  key.OMKeyRequest (OMKeyRequest.java:wrapUncommittedBlocksAsPseudoKey(837)) - Detect allocated but uncommitted blocks [{blockID={containerID=2, localID=111677748019200022}, length=4194304, offset=0, token=null, pipeline=null, createVersion=0, partNumber=0}] in key gdir1/pdir9/child.
2023-02-14 08:19:59,377 [IPC Server handler 5 on default port 42497] INFO  key.OMKeyRequest (OMKeyRequest.java:wrapUncommittedBlocksAsPseudoKey(837)) - Detect allocated but uncommitted blocks [{blockID={containerID=1, localID=111677748019200023}, length=4194304, offset=0, token=null, pipeline=null, createVersion=0, partNumber=0}] in key gdir1/pdir10/child.
08:19:59.384 [IPC Server handler 13 on default port 42497] ERROR OMAudit - user=runner | ip=127.0.0.1 | op=GET_FILE_STATUS {volume=volume12456, bucket=bucket20487, key=gdir1, dataSize=0, replicationConfig=null} | ret=FAILURE
org.apache.hadoop.ozone.om.exceptions.OMException: Unable to get file status: volume: volume12456 bucket: bucket20487 key: gdir1
	at org.apache.hadoop.ozone.om.KeyManagerImpl.getOzoneFileStatus(KeyManagerImpl.java:1162) ~[ozone-manager-1.4.0-SNAPSHOT.jar:?]
	at org.apache.hadoop.ozone.om.KeyManagerImpl.getFileStatus(KeyManagerImpl.java:1080) ~[ozone-manager-1.4.0-SNAPSHOT.jar:?]
	at org.apache.hadoop.ozone.om.OmMetadataReader.getFileStatus(OmMetadataReader.java:288) ~[ozone-manager-1.4.0-SNAPSHOT.jar:?]
	at org.apache.hadoop.ozone.om.OzoneManager.getFileStatus(OzoneManager.java:3449) ~[ozone-manager-1.4.0-SNAPSHOT.jar:?]
	at org.apache.hadoop.ozone.protocolPB.OzoneManagerRequestHandler.getOzoneFileStatus(OzoneManagerRequestHandler.java:933) ~[ozone-manager-1.4.0-SNAPSHOT.jar:?]
	at org.apache.hadoop.ozone.protocolPB.OzoneManagerRequestHandler.handleReadRequest(OzoneManagerRequestHandler.java:238) ~[ozone-manager-1.4.0-SNAPSHOT.jar:?]
	at org.apache.hadoop.ozone.protocolPB.OzoneManagerProtocolServerSideTranslatorPB.submitRequestDirectlyToOM(OzoneManagerProtocolServerSideTranslatorPB.java:271) ~[ozone-manager-1.4.0-SNAPSHOT.jar:?]
	at org.apache.hadoop.ozone.protocolPB.OzoneManagerProtocolServerSideTranslatorPB.processRequest(OzoneManagerProtocolServerSideTranslatorPB.java:173) ~[ozone-manager-1.4.0-SNAPSHOT.jar:?]
	at org.apache.hadoop.hdds.server.OzoneProtocolMessageDispatcher.processRequest(OzoneProtocolMessageDispatcher.java:87) [hdds-server-framework-1.4.0-SNAPSHOT.jar:?]
	at org.apache.hadoop.ozone.protocolPB.OzoneManagerProtocolServerSideTranslatorPB.submitRequest(OzoneManagerProtocolServerSideTranslatorPB.java:147) [ozone-manager-1.4.0-SNAPSHOT.jar:?]
	at org.apache.hadoop.ozone.protocol.proto.OzoneManagerProtocolProtos$OzoneManagerService$2.callBlockingMethod(OzoneManagerProtocolProtos.java) [ozone-interface-client-1.4.0-SNAPSHOT.jar:?]
	at org.apache.hadoop.ipc.ProtobufRpcEngine$Server.processCall(ProtobufRpcEngine.java:465) [hadoop-common-3.3.4.jar:?]
	at org.apache.hadoop.ipc.ProtobufRpcEngine2$Server$ProtoBufRpcInvoker.call(ProtobufRpcEngine2.java:578) [hadoop-common-3.3.4.jar:?]
	at org.apache.hadoop.ipc.ProtobufRpcEngine2$Server$ProtoBufRpcInvoker.call(ProtobufRpcEngine2.java:556) [hadoop-common-3.3.4.jar:?]
	at org.apache.hadoop.ipc.RPC$Server.call(RPC.java:1093) [hadoop-common-3.3.4.jar:?]
	at org.apache.hadoop.ipc.Server$RpcCall.run(Server.java:1043) [hadoop-common-3.3.4.jar:?]
	at org.apache.hadoop.ipc.Server$RpcCall.run(Server.java:971) [hadoop-common-3.3.4.jar:?]
	at java.security.AccessController.doPrivileged(Native Method) ~[?:1.8.0_362]
	at javax.security.auth.Subject.doAs(Subject.java:422) [?:1.8.0_362]
	at org.apache.hadoop.security.UserGroupInformation.doAs(UserGroupInformation.java:1878) [hadoop-common-3.3.4.jar:?]
	at org.apache.hadoop.ipc.Server$Handler.run(Server.java:2976) [hadoop-common-3.3.4.jar:?]
08:19:59.384 [IPC Server handler 5 on default port 42497] ERROR OMAudit - user=runner | ip=127.0.0.1 | op=GET_FILE_STATUS {volume=volume12456, bucket=bucket20487, key=gdir1/dir1, dataSize=0, replicationConfig=null} | ret=FAILURE
org.apache.hadoop.ozone.om.exceptions.OMException: Unable to get file status: volume: volume12456 bucket: bucket20487 key: gdir1/dir1
	at org.apache.hadoop.ozone.om.KeyManagerImpl.getOzoneFileStatus(KeyManagerImpl.java:1162) ~[ozone-manager-1.4.0-SNAPSHOT.jar:?]
	at org.apache.hadoop.ozone.om.KeyManagerImpl.getFileStatus(KeyManagerImpl.java:1080) ~[ozone-manager-1.4.0-SNAPSHOT.jar:?]
	at org.apache.hadoop.ozone.om.OmMetadataReader.getFileStatus(OmMetadataReader.java:288) ~[ozone-manager-1.4.0-SNAPSHOT.jar:?]
	at org.apache.hadoop.ozone.om.OzoneManager.getFileStatus(OzoneManager.java:3449) ~[ozone-manager-1.4.0-SNAPSHOT.jar:?]
	at org.apache.hadoop.ozone.protocolPB.OzoneManagerRequestHandler.getOzoneFileStatus(OzoneManagerRequestHandler.java:933) ~[ozone-manager-1.4.0-SNAPSHOT.jar:?]
	at org.apache.hadoop.ozone.protocolPB.OzoneManagerRequestHandler.handleReadRequest(OzoneManagerRequestHandler.java:238) ~[ozone-manager-1.4.0-SNAPSHOT.jar:?]
	at org.apache.hadoop.ozone.protocolPB.OzoneManagerProtocolServerSideTranslatorPB.submitRequestDirectlyToOM(OzoneManagerProtocolServerSideTranslatorPB.java:271) ~[ozone-manager-1.4.0-SNAPSHOT.jar:?]
	at org.apache.hadoop.ozone.protocolPB.OzoneManagerProtocolServerSideTranslatorPB.processRequest(OzoneManagerProtocolServerSideTranslatorPB.java:173) ~[ozone-manager-1.4.0-SNAPSHOT.jar:?]
	at org.apache.hadoop.hdds.server.OzoneProtocolMessageDispatcher.processRequest(OzoneProtocolMessageDispatcher.java:87) [hdds-server-framework-1.4.0-SNAPSHOT.jar:?]
	at org.apache.hadoop.ozone.protocolPB.OzoneManagerProtocolServerSideTranslatorPB.submitRequest(OzoneManagerProtocolServerSideTranslatorPB.java:147) [ozone-manager-1.4.0-SNAPSHOT.jar:?]
	at org.apache.hadoop.ozone.protocol.proto.OzoneManagerProtocolProtos$OzoneManagerService$2.callBlockingMethod(OzoneManagerProtocolProtos.java) [ozone-interface-client-1.4.0-SNAPSHOT.jar:?]
	at org.apache.hadoop.ipc.ProtobufRpcEngine$Server.processCall(ProtobufRpcEngine.java:465) [hadoop-common-3.3.4.jar:?]
	at org.apache.hadoop.ipc.ProtobufRpcEngine2$Server$ProtoBufRpcInvoker.call(ProtobufRpcEngine2.java:578) [hadoop-common-3.3.4.jar:?]
	at org.apache.hadoop.ipc.ProtobufRpcEngine2$Server$ProtoBufRpcInvoker.call(ProtobufRpcEngine2.java:556) [hadoop-common-3.3.4.jar:?]
	at org.apache.hadoop.ipc.RPC$Server.call(RPC.java:1093) [hadoop-common-3.3.4.jar:?]
	at org.apache.hadoop.ipc.Server$RpcCall.run(Server.java:1043) [hadoop-common-3.3.4.jar:?]
	at org.apache.hadoop.ipc.Server$RpcCall.run(Server.java:971) [hadoop-common-3.3.4.jar:?]
	at java.security.AccessController.doPrivileged(Native Method) ~[?:1.8.0_362]
	at javax.security.auth.Subject.doAs(Subject.java:422) [?:1.8.0_362]
	at org.apache.hadoop.security.UserGroupInformation.doAs(UserGroupInformation.java:1878) [hadoop-common-3.3.4.jar:?]
	at org.apache.hadoop.ipc.Server$Handler.run(Server.java:2976) [hadoop-common-3.3.4.jar:?]
08:19:59.385 [IPC Server handler 14 on default port 42497] ERROR OMAudit - user=runner | ip=127.0.0.1 | op=GET_FILE_STATUS {volume=volume12456, bucket=bucket20487, key=gdir1/dir1/child, dataSize=0, replicationConfig=null} | ret=FAILURE
org.apache.hadoop.ozone.om.exceptions.OMException: Unable to get file status: volume: volume12456 bucket: bucket20487 key: gdir1/dir1/child
	at org.apache.hadoop.ozone.om.KeyManagerImpl.getOzoneFileStatus(KeyManagerImpl.java:1162) ~[ozone-manager-1.4.0-SNAPSHOT.jar:?]
	at org.apache.hadoop.ozone.om.KeyManagerImpl.getFileStatus(KeyManagerImpl.java:1080) ~[ozone-manager-1.4.0-SNAPSHOT.jar:?]
	at org.apache.hadoop.ozone.om.OmMetadataReader.getFileStatus(OmMetadataReader.java:288) ~[ozone-manager-1.4.0-SNAPSHOT.jar:?]
	at org.apache.hadoop.ozone.om.OzoneManager.getFileStatus(OzoneManager.java:3449) ~[ozone-manager-1.4.0-SNAPSHOT.jar:?]
	at org.apache.hadoop.ozone.protocolPB.OzoneManagerRequestHandler.getOzoneFileStatus(OzoneManagerRequestHandler.java:933) ~[ozone-manager-1.4.0-SNAPSHOT.jar:?]
	at org.apache.hadoop.ozone.protocolPB.OzoneManagerRequestHandler.handleReadRequest(OzoneManagerRequestHandler.java:238) ~[ozone-manager-1.4.0-SNAPSHOT.jar:?]
	at org.apache.hadoop.ozone.protocolPB.OzoneManagerProtocolServerSideTranslatorPB.submitRequestDirectlyToOM(OzoneManagerProtocolServerSideTranslatorPB.java:271) ~[ozone-manager-1.4.0-SNAPSHOT.jar:?]
	at org.apache.hadoop.ozone.protocolPB.OzoneManagerProtocolServerSideTranslatorPB.processRequest(OzoneManagerProtocolServerSideTranslatorPB.java:173) ~[ozone-manager-1.4.0-SNAPSHOT.jar:?]
	at org.apache.hadoop.hdds.server.OzoneProtocolMessageDispatcher.processRequest(OzoneProtocolMessageDispatcher.java:87) [hdds-server-framework-1.4.0-SNAPSHOT.jar:?]
	at org.apache.hadoop.ozone.protocolPB.OzoneManagerProtocolServerSideTranslatorPB.submitRequest(OzoneManagerProtocolServerSideTranslatorPB.java:147) [ozone-manager-1.4.0-SNAPSHOT.jar:?]
	at org.apache.hadoop.ozone.protocol.proto.OzoneManagerProtocolProtos$OzoneManagerService$2.callBlockingMethod(OzoneManagerProtocolProtos.java) [ozone-interface-client-1.4.0-SNAPSHOT.jar:?]
	at org.apache.hadoop.ipc.ProtobufRpcEngine$Server.processCall(ProtobufRpcEngine.java:465) [hadoop-common-3.3.4.jar:?]
	at org.apache.hadoop.ipc.ProtobufRpcEngine2$Server$ProtoBufRpcInvoker.call(ProtobufRpcEngine2.java:578) [hadoop-common-3.3.4.jar:?]
	at org.apache.hadoop.ipc.ProtobufRpcEngine2$Server$ProtoBufRpcInvoker.call(ProtobufRpcEngine2.java:556) [hadoop-common-3.3.4.jar:?]
	at org.apache.hadoop.ipc.RPC$Server.call(RPC.java:1093) [hadoop-common-3.3.4.jar:?]
	at org.apache.hadoop.ipc.Server$RpcCall.run(Server.java:1043) [hadoop-common-3.3.4.jar:?]
	at org.apache.hadoop.ipc.Server$RpcCall.run(Server.java:971) [hadoop-common-3.3.4.jar:?]
	at java.security.AccessController.doPrivileged(Native Method) ~[?:1.8.0_362]
	at javax.security.auth.Subject.doAs(Subject.java:422) [?:1.8.0_362]
	at org.apache.hadoop.security.UserGroupInformation.doAs(UserGroupInformation.java:1878) [hadoop-common-3.3.4.jar:?]
	at org.apache.hadoop.ipc.Server$Handler.run(Server.java:2976) [hadoop-common-3.3.4.jar:?]
08:19:59.386 [IPC Server handler 0 on default port 42497] ERROR OMAudit - user=runner | ip=127.0.0.1 | op=GET_FILE_STATUS {volume=volume12456, bucket=bucket20487, key=gdir1/dir2, dataSize=0, replicationConfig=null} | ret=FAILURE
org.apache.hadoop.ozone.om.exceptions.OMException: Unable to get file status: volume: volume12456 bucket: bucket20487 key: gdir1/dir2
	at org.apache.hadoop.ozone.om.KeyManagerImpl.getOzoneFileStatus(KeyManagerImpl.java:1162) ~[ozone-manager-1.4.0-SNAPSHOT.jar:?]
	at org.apache.hadoop.ozone.om.KeyManagerImpl.getFileStatus(KeyManagerImpl.java:1080) ~[ozone-manager-1.4.0-SNAPSHOT.jar:?]
	at org.apache.hadoop.ozone.om.OmMetadataReader.getFileStatus(OmMetadataReader.java:288) ~[ozone-manager-1.4.0-SNAPSHOT.jar:?]
	at org.apache.hadoop.ozone.om.OzoneManager.getFileStatus(OzoneManager.java:3449) ~[ozone-manager-1.4.0-SNAPSHOT.jar:?]
	at org.apache.hadoop.ozone.protocolPB.OzoneManagerRequestHandler.getOzoneFileStatus(OzoneManagerRequestHandler.java:933) ~[ozone-manager-1.4.0-SNAPSHOT.jar:?]
	at org.apache.hadoop.ozone.protocolPB.OzoneManagerRequestHandler.handleReadRequest(OzoneManagerRequestHandler.java:238) ~[ozone-manager-1.4.0-SNAPSHOT.jar:?]
	at org.apache.hadoop.ozone.protocolPB.OzoneManagerProtocolServerSideTranslatorPB.submitRequestDirectlyToOM(OzoneManagerProtocolServerSideTranslatorPB.java:271) ~[ozone-manager-1.4.0-SNAPSHOT.jar:?]
	at org.apache.hadoop.ozone.protocolPB.OzoneManagerProtocolServerSideTranslatorPB.processRequest(OzoneManagerProtocolServerSideTranslatorPB.java:173) ~[ozone-manager-1.4.0-SNAPSHOT.jar:?]
	at org.apache.hadoop.hdds.server.OzoneProtocolMessageDispatcher.processRequest(OzoneProtocolMessageDispatcher.java:87) [hdds-server-framework-1.4.0-SNAPSHOT.jar:?]
	at org.apache.hadoop.ozone.protocolPB.OzoneManagerProtocolServerSideTranslatorPB.submitRequest(OzoneManagerProtocolServerSideTranslatorPB.java:147) [ozone-manager-1.4.0-SNAPSHOT.jar:?]
	at org.apache.hadoop.ozone.protocol.proto.OzoneManagerProtocolProtos$OzoneManagerService$2.callBlockingMethod(OzoneManagerProtocolProtos.java) [ozone-interface-client-1.4.0-SNAPSHOT.jar:?]
	at org.apache.hadoop.ipc.ProtobufRpcEngine$Server.processCall(ProtobufRpcEngine.java:465) [hadoop-common-3.3.4.jar:?]
	at org.apache.hadoop.ipc.ProtobufRpcEngine2$Server$ProtoBufRpcInvoker.call(ProtobufRpcEngine2.java:578) [hadoop-common-3.3.4.jar:?]
	at org.apache.hadoop.ipc.ProtobufRpcEngine2$Server$ProtoBufRpcInvoker.call(ProtobufRpcEngine2.java:556) [hadoop-common-3.3.4.jar:?]
	at org.apache.hadoop.ipc.RPC$Server.call(RPC.java:1093) [hadoop-common-3.3.4.jar:?]
	at org.apache.hadoop.ipc.Server$RpcCall.run(Server.java:1043) [hadoop-common-3.3.4.jar:?]
	at org.apache.hadoop.ipc.Server$RpcCall.run(Server.java:971) [hadoop-common-3.3.4.jar:?]
	at java.security.AccessController.doPrivileged(Native Method) ~[?:1.8.0_362]
	at javax.security.auth.Subject.doAs(Subject.java:422) [?:1.8.0_362]
	at org.apache.hadoop.security.UserGroupInformation.doAs(UserGroupInformation.java:1878) [hadoop-common-3.3.4.jar:?]
	at org.apache.hadoop.ipc.Server$Handler.run(Server.java:2976) [hadoop-common-3.3.4.jar:?]
08:19:59.386 [IPC Server handler 1 on default port 42497] ERROR OMAudit - user=runner | ip=127.0.0.1 | op=GET_FILE_STATUS {volume=volume12456, bucket=bucket20487, key=gdir1/dir2/child, dataSize=0, replicationConfig=null} | ret=FAILURE
org.apache.hadoop.ozone.om.exceptions.OMException: Unable to get file status: volume: volume12456 bucket: bucket20487 key: gdir1/dir2/child
	at org.apache.hadoop.ozone.om.KeyManagerImpl.getOzoneFileStatus(KeyManagerImpl.java:1162) ~[ozone-manager-1.4.0-SNAPSHOT.jar:?]
	at org.apache.hadoop.ozone.om.KeyManagerImpl.getFileStatus(KeyManagerImpl.java:1080) ~[ozone-manager-1.4.0-SNAPSHOT.jar:?]
	at org.apache.hadoop.ozone.om.OmMetadataReader.getFileStatus(OmMetadataReader.java:288) ~[ozone-manager-1.4.0-SNAPSHOT.jar:?]
	at org.apache.hadoop.ozone.om.OzoneManager.getFileStatus(OzoneManager.java:3449) ~[ozone-manager-1.4.0-SNAPSHOT.jar:?]
	at org.apache.hadoop.ozone.protocolPB.OzoneManagerRequestHandler.getOzoneFileStatus(OzoneManagerRequestHandler.java:933) ~[ozone-manager-1.4.0-SNAPSHOT.jar:?]
	at org.apache.hadoop.ozone.protocolPB.OzoneManagerRequestHandler.handleReadRequest(OzoneManagerRequestHandler.java:238) ~[ozone-manager-1.4.0-SNAPSHOT.jar:?]
	at org.apache.hadoop.ozone.protocolPB.OzoneManagerProtocolServerSideTranslatorPB.submitRequestDirectlyToOM(OzoneManagerProtocolServerSideTranslatorPB.java:271) ~[ozone-manager-1.4.0-SNAPSHOT.jar:?]
	at org.apache.hadoop.ozone.protocolPB.OzoneManagerProtocolServerSideTranslatorPB.processRequest(OzoneManagerProtocolServerSideTranslatorPB.java:173) ~[ozone-manager-1.4.0-SNAPSHOT.jar:?]
	at org.apache.hadoop.hdds.server.OzoneProtocolMessageDispatcher.processRequest(OzoneProtocolMessageDispatcher.java:87) [hdds-server-framework-1.4.0-SNAPSHOT.jar:?]
	at org.apache.hadoop.ozone.protocolPB.OzoneManagerProtocolServerSideTranslatorPB.submitRequest(OzoneManagerProtocolServerSideTranslatorPB.java:147) [ozone-manager-1.4.0-SNAPSHOT.jar:?]
	at org.apache.hadoop.ozone.protocol.proto.OzoneManagerProtocolProtos$OzoneManagerService$2.callBlockingMethod(OzoneManagerProtocolProtos.java) [ozone-interface-client-1.4.0-SNAPSHOT.jar:?]
	at org.apache.hadoop.ipc.ProtobufRpcEngine$Server.processCall(ProtobufRpcEngine.java:465) [hadoop-common-3.3.4.jar:?]
	at org.apache.hadoop.ipc.ProtobufRpcEngine2$Server$ProtoBufRpcInvoker.call(ProtobufRpcEngine2.java:578) [hadoop-common-3.3.4.jar:?]
	at org.apache.hadoop.ipc.ProtobufRpcEngine2$Server$ProtoBufRpcInvoker.call(ProtobufRpcEngine2.java:556) [hadoop-common-3.3.4.jar:?]
	at org.apache.hadoop.ipc.RPC$Server.call(RPC.java:1093) [hadoop-common-3.3.4.jar:?]
	at org.apache.hadoop.ipc.Server$RpcCall.run(Server.java:1043) [hadoop-common-3.3.4.jar:?]
	at org.apache.hadoop.ipc.Server$RpcCall.run(Server.java:971) [hadoop-common-3.3.4.jar:?]
	at java.security.AccessController.doPrivileged(Native Method) ~[?:1.8.0_362]
	at javax.security.auth.Subject.doAs(Subject.java:422) [?:1.8.0_362]
	at org.apache.hadoop.security.UserGroupInformation.doAs(UserGroupInformation.java:1878) [hadoop-common-3.3.4.jar:?]
	at org.apache.hadoop.ipc.Server$Handler.run(Server.java:2976) [hadoop-common-3.3.4.jar:?]
08:19:59.387 [IPC Server handler 7 on default port 42497] ERROR OMAudit - user=runner | ip=127.0.0.1 | op=GET_FILE_STATUS {volume=volume12456, bucket=bucket20487, key=gdir1/dir3, dataSize=0, replicationConfig=null} | ret=FAILURE
org.apache.hadoop.ozone.om.exceptions.OMException: Unable to get file status: volume: volume12456 bucket: bucket20487 key: gdir1/dir3
	at org.apache.hadoop.ozone.om.KeyManagerImpl.getOzoneFileStatus(KeyManagerImpl.java:1162) ~[ozone-manager-1.4.0-SNAPSHOT.jar:?]
	at org.apache.hadoop.ozone.om.KeyManagerImpl.getFileStatus(KeyManagerImpl.java:1080) ~[ozone-manager-1.4.0-SNAPSHOT.jar:?]
	at org.apache.hadoop.ozone.om.OmMetadataReader.getFileStatus(OmMetadataReader.java:288) ~[ozone-manager-1.4.0-SNAPSHOT.jar:?]
	at org.apache.hadoop.ozone.om.OzoneManager.getFileStatus(OzoneManager.java:3449) ~[ozone-manager-1.4.0-SNAPSHOT.jar:?]
	at org.apache.hadoop.ozone.protocolPB.OzoneManagerRequestHandler.getOzoneFileStatus(OzoneManagerRequestHandler.java:933) ~[ozone-manager-1.4.0-SNAPSHOT.jar:?]
	at org.apache.hadoop.ozone.protocolPB.OzoneManagerRequestHandler.handleReadRequest(OzoneManagerRequestHandler.java:238) ~[ozone-manager-1.4.0-SNAPSHOT.jar:?]
	at org.apache.hadoop.ozone.protocolPB.OzoneManagerProtocolServerSideTranslatorPB.submitRequestDirectlyToOM(OzoneManagerProtocolServerSideTranslatorPB.java:271) ~[ozone-manager-1.4.0-SNAPSHOT.jar:?]
	at org.apache.hadoop.ozone.protocolPB.OzoneManagerProtocolServerSideTranslatorPB.processRequest(OzoneManagerProtocolServerSideTranslatorPB.java:173) ~[ozone-manager-1.4.0-SNAPSHOT.jar:?]
	at org.apache.hadoop.hdds.server.OzoneProtocolMessageDispatcher.processRequest(OzoneProtocolMessageDispatcher.java:87) [hdds-server-framework-1.4.0-SNAPSHOT.jar:?]
	at org.apache.hadoop.ozone.protocolPB.OzoneManagerProtocolServerSideTranslatorPB.submitRequest(OzoneManagerProtocolServerSideTranslatorPB.java:147) [ozone-manager-1.4.0-SNAPSHOT.jar:?]
	at org.apache.hadoop.ozone.protocol.proto.OzoneManagerProtocolProtos$OzoneManagerService$2.callBlockingMethod(OzoneManagerProtocolProtos.java) [ozone-interface-client-1.4.0-SNAPSHOT.jar:?]
	at org.apache.hadoop.ipc.ProtobufRpcEngine$Server.processCall(ProtobufRpcEngine.java:465) [hadoop-common-3.3.4.jar:?]
	at org.apache.hadoop.ipc.ProtobufRpcEngine2$Server$ProtoBufRpcInvoker.call(ProtobufRpcEngine2.java:578) [hadoop-common-3.3.4.jar:?]
	at org.apache.hadoop.ipc.ProtobufRpcEngine2$Server$ProtoBufRpcInvoker.call(ProtobufRpcEngine2.java:556) [hadoop-common-3.3.4.jar:?]
	at org.apache.hadoop.ipc.RPC$Server.call(RPC.java:1093) [hadoop-common-3.3.4.jar:?]
	at org.apache.hadoop.ipc.Server$RpcCall.run(Server.java:1043) [hadoop-common-3.3.4.jar:?]
	at org.apache.hadoop.ipc.Server$RpcCall.run(Server.java:971) [hadoop-common-3.3.4.jar:?]
	at java.security.AccessController.doPrivileged(Native Method) ~[?:1.8.0_362]
	at javax.security.auth.Subject.doAs(Subject.java:422) [?:1.8.0_362]
	at org.apache.hadoop.security.UserGroupInformation.doAs(UserGroupInformation.java:1878) [hadoop-common-3.3.4.jar:?]
	at org.apache.hadoop.ipc.Server$Handler.run(Server.java:2976) [hadoop-common-3.3.4.jar:?]
08:19:59.387 [IPC Server handler 8 on default port 42497] ERROR OMAudit - user=runner | ip=127.0.0.1 | op=GET_FILE_STATUS {volume=volume12456, bucket=bucket20487, key=gdir1/dir3/child, dataSize=0, replicationConfig=null} | ret=FAILURE
org.apache.hadoop.ozone.om.exceptions.OMException: Unable to get file status: volume: volume12456 bucket: bucket20487 key: gdir1/dir3/child
	at org.apache.hadoop.ozone.om.KeyManagerImpl.getOzoneFileStatus(KeyManagerImpl.java:1162) ~[ozone-manager-1.4.0-SNAPSHOT.jar:?]
	at org.apache.hadoop.ozone.om.KeyManagerImpl.getFileStatus(KeyManagerImpl.java:1080) ~[ozone-manager-1.4.0-SNAPSHOT.jar:?]
	at org.apache.hadoop.ozone.om.OmMetadataReader.getFileStatus(OmMetadataReader.java:288) ~[ozone-manager-1.4.0-SNAPSHOT.jar:?]
	at org.apache.hadoop.ozone.om.OzoneManager.getFileStatus(OzoneManager.java:3449) ~[ozone-manager-1.4.0-SNAPSHOT.jar:?]
	at org.apache.hadoop.ozone.protocolPB.OzoneManagerRequestHandler.getOzoneFileStatus(OzoneManagerRequestHandler.java:933) ~[ozone-manager-1.4.0-SNAPSHOT.jar:?]
	at org.apache.hadoop.ozone.protocolPB.OzoneManagerRequestHandler.handleReadRequest(OzoneManagerRequestHandler.java:238) ~[ozone-manager-1.4.0-SNAPSHOT.jar:?]
	at org.apache.hadoop.ozone.protocolPB.OzoneManagerProtocolServerSideTranslatorPB.submitRequestDirectlyToOM(OzoneManagerProtocolServerSideTranslatorPB.java:271) ~[ozone-manager-1.4.0-SNAPSHOT.jar:?]
	at org.apache.hadoop.ozone.protocolPB.OzoneManagerProtocolServerSideTranslatorPB.processRequest(OzoneManagerProtocolServerSideTranslatorPB.java:173) ~[ozone-manager-1.4.0-SNAPSHOT.jar:?]
	at org.apache.hadoop.hdds.server.OzoneProtocolMessageDispatcher.processRequest(OzoneProtocolMessageDispatcher.java:87) [hdds-server-framework-1.4.0-SNAPSHOT.jar:?]
	at org.apache.hadoop.ozone.protocolPB.OzoneManagerProtocolServerSideTranslatorPB.submitRequest(OzoneManagerProtocolServerSideTranslatorPB.java:147) [ozone-manager-1.4.0-SNAPSHOT.jar:?]
	at org.apache.hadoop.ozone.protocol.proto.OzoneManagerProtocolProtos$OzoneManagerService$2.callBlockingMethod(OzoneManagerProtocolProtos.java) [ozone-interface-client-1.4.0-SNAPSHOT.jar:?]
	at org.apache.hadoop.ipc.ProtobufRpcEngine$Server.processCall(ProtobufRpcEngine.java:465) [hadoop-common-3.3.4.jar:?]
	at org.apache.hadoop.ipc.ProtobufRpcEngine2$Server$ProtoBufRpcInvoker.call(ProtobufRpcEngine2.java:578) [hadoop-common-3.3.4.jar:?]
	at org.apache.hadoop.ipc.ProtobufRpcEngine2$Server$ProtoBufRpcInvoker.call(ProtobufRpcEngine2.java:556) [hadoop-common-3.3.4.jar:?]
	at org.apache.hadoop.ipc.RPC$Server.call(RPC.java:1093) [hadoop-common-3.3.4.jar:?]
	at org.apache.hadoop.ipc.Server$RpcCall.run(Server.java:1043) [hadoop-common-3.3.4.jar:?]
	at org.apache.hadoop.ipc.Server$RpcCall.run(Server.java:971) [hadoop-common-3.3.4.jar:?]
	at java.security.AccessController.doPrivileged(Native Method) ~[?:1.8.0_362]
	at javax.security.auth.Subject.doAs(Subject.java:422) [?:1.8.0_362]
	at org.apache.hadoop.security.UserGroupInformation.doAs(UserGroupInformation.java:1878) [hadoop-common-3.3.4.jar:?]
	at org.apache.hadoop.ipc.Server$Handler.run(Server.java:2976) [hadoop-common-3.3.4.jar:?]
08:19:59.388 [IPC Server handler 4 on default port 42497] ERROR OMAudit - user=runner | ip=127.0.0.1 | op=GET_FILE_STATUS {volume=volume12456, bucket=bucket20487, key=gdir1/dir4, dataSize=0, replicationConfig=null} | ret=FAILURE
org.apache.hadoop.ozone.om.exceptions.OMException: Unable to get file status: volume: volume12456 bucket: bucket20487 key: gdir1/dir4
	at org.apache.hadoop.ozone.om.KeyManagerImpl.getOzoneFileStatus(KeyManagerImpl.java:1162) ~[ozone-manager-1.4.0-SNAPSHOT.jar:?]
	at org.apache.hadoop.ozone.om.KeyManagerImpl.getFileStatus(KeyManagerImpl.java:1080) ~[ozone-manager-1.4.0-SNAPSHOT.jar:?]
	at org.apache.hadoop.ozone.om.OmMetadataReader.getFileStatus(OmMetadataReader.java:288) ~[ozone-manager-1.4.0-SNAPSHOT.jar:?]
	at org.apache.hadoop.ozone.om.OzoneManager.getFileStatus(OzoneManager.java:3449) ~[ozone-manager-1.4.0-SNAPSHOT.jar:?]
	at org.apache.hadoop.ozone.protocolPB.OzoneManagerRequestHandler.getOzoneFileStatus(OzoneManagerRequestHandler.java:933) ~[ozone-manager-1.4.0-SNAPSHOT.jar:?]
	at org.apache.hadoop.ozone.protocolPB.OzoneManagerRequestHandler.handleReadRequest(OzoneManagerRequestHandler.java:238) ~[ozone-manager-1.4.0-SNAPSHOT.jar:?]
	at org.apache.hadoop.ozone.protocolPB.OzoneManagerProtocolServerSideTranslatorPB.submitRequestDirectlyToOM(OzoneManagerProtocolServerSideTranslatorPB.java:271) ~[ozone-manager-1.4.0-SNAPSHOT.jar:?]
	at org.apache.hadoop.ozone.protocolPB.OzoneManagerProtocolServerSideTranslatorPB.processRequest(OzoneManagerProtocolServerSideTranslatorPB.java:173) ~[ozone-manager-1.4.0-SNAPSHOT.jar:?]
	at org.apache.hadoop.hdds.server.OzoneProtocolMessageDispatcher.processRequest(OzoneProtocolMessageDispatcher.java:87) [hdds-server-framework-1.4.0-SNAPSHOT.jar:?]
	at org.apache.hadoop.ozone.protocolPB.OzoneManagerProtocolServerSideTranslatorPB.submitRequest(OzoneManagerProtocolServerSideTranslatorPB.java:147) [ozone-manager-1.4.0-SNAPSHOT.jar:?]
	at org.apache.hadoop.ozone.protocol.proto.OzoneManagerProtocolProtos$OzoneManagerService$2.callBlockingMethod(OzoneManagerProtocolProtos.java) [ozone-interface-client-1.4.0-SNAPSHOT.jar:?]
	at org.apache.hadoop.ipc.ProtobufRpcEngine$Server.processCall(ProtobufRpcEngine.java:465) [hadoop-common-3.3.4.jar:?]
	at org.apache.hadoop.ipc.ProtobufRpcEngine2$Server$ProtoBufRpcInvoker.call(ProtobufRpcEngine2.java:578) [hadoop-common-3.3.4.jar:?]
	at org.apache.hadoop.ipc.ProtobufRpcEngine2$Server$ProtoBufRpcInvoker.call(ProtobufRpcEngine2.java:556) [hadoop-common-3.3.4.jar:?]
	at org.apache.hadoop.ipc.RPC$Server.call(RPC.java:1093) [hadoop-common-3.3.4.jar:?]
	at org.apache.hadoop.ipc.Server$RpcCall.run(Server.java:1043) [hadoop-common-3.3.4.jar:?]
	at org.apache.hadoop.ipc.Server$RpcCall.run(Server.java:971) [hadoop-common-3.3.4.jar:?]
	at java.security.AccessController.doPrivileged(Native Method) ~[?:1.8.0_362]
	at javax.security.auth.Subject.doAs(Subject.java:422) [?:1.8.0_362]
	at org.apache.hadoop.security.UserGroupInformation.doAs(UserGroupInformation.java:1878) [hadoop-common-3.3.4.jar:?]
	at org.apache.hadoop.ipc.Server$Handler.run(Server.java:2976) [hadoop-common-3.3.4.jar:?]
08:19:59.388 [IPC Server handler 12 on default port 42497] ERROR OMAudit - user=runner | ip=127.0.0.1 | op=GET_FILE_STATUS {volume=volume12456, bucket=bucket20487, key=gdir1/dir4/child, dataSize=0, replicationConfig=null} | ret=FAILURE
org.apache.hadoop.ozone.om.exceptions.OMException: Unable to get file status: volume: volume12456 bucket: bucket20487 key: gdir1/dir4/child
	at org.apache.hadoop.ozone.om.KeyManagerImpl.getOzoneFileStatus(KeyManagerImpl.java:1162) ~[ozone-manager-1.4.0-SNAPSHOT.jar:?]
	at org.apache.hadoop.ozone.om.KeyManagerImpl.getFileStatus(KeyManagerImpl.java:1080) ~[ozone-manager-1.4.0-SNAPSHOT.jar:?]
	at org.apache.hadoop.ozone.om.OmMetadataReader.getFileStatus(OmMetadataReader.java:288) ~[ozone-manager-1.4.0-SNAPSHOT.jar:?]
	at org.apache.hadoop.ozone.om.OzoneManager.getFileStatus(OzoneManager.java:3449) ~[ozone-manager-1.4.0-SNAPSHOT.jar:?]
	at org.apache.hadoop.ozone.protocolPB.OzoneManagerRequestHandler.getOzoneFileStatus(OzoneManagerRequestHandler.java:933) ~[ozone-manager-1.4.0-SNAPSHOT.jar:?]
	at org.apache.hadoop.ozone.protocolPB.OzoneManagerRequestHandler.handleReadRequest(OzoneManagerRequestHandler.java:238) ~[ozone-manager-1.4.0-SNAPSHOT.jar:?]
	at org.apache.hadoop.ozone.protocolPB.OzoneManagerProtocolServerSideTranslatorPB.submitRequestDirectlyToOM(OzoneManagerProtocolServerSideTranslatorPB.java:271) ~[ozone-manager-1.4.0-SNAPSHOT.jar:?]
	at org.apache.hadoop.ozone.protocolPB.OzoneManagerProtocolServerSideTranslatorPB.processRequest(OzoneManagerProtocolServerSideTranslatorPB.java:173) ~[ozone-manager-1.4.0-SNAPSHOT.jar:?]
	at org.apache.hadoop.hdds.server.OzoneProtocolMessageDispatcher.processRequest(OzoneProtocolMessageDispatcher.java:87) [hdds-server-framework-1.4.0-SNAPSHOT.jar:?]
	at org.apache.hadoop.ozone.protocolPB.OzoneManagerProtocolServerSideTranslatorPB.submitRequest(OzoneManagerProtocolServerSideTranslatorPB.java:147) [ozone-manager-1.4.0-SNAPSHOT.jar:?]
	at org.apache.hadoop.ozone.protocol.proto.OzoneManagerProtocolProtos$OzoneManagerService$2.callBlockingMethod(OzoneManagerProtocolProtos.java) [ozone-interface-client-1.4.0-SNAPSHOT.jar:?]
	at org.apache.hadoop.ipc.ProtobufRpcEngine$Server.processCall(ProtobufRpcEngine.java:465) [hadoop-common-3.3.4.jar:?]
	at org.apache.hadoop.ipc.ProtobufRpcEngine2$Server$ProtoBufRpcInvoker.call(ProtobufRpcEngine2.java:578) [hadoop-common-3.3.4.jar:?]
	at org.apache.hadoop.ipc.ProtobufRpcEngine2$Server$ProtoBufRpcInvoker.call(ProtobufRpcEngine2.java:556) [hadoop-common-3.3.4.jar:?]
	at org.apache.hadoop.ipc.RPC$Server.call(RPC.java:1093) [hadoop-common-3.3.4.jar:?]
	at org.apache.hadoop.ipc.Server$RpcCall.run(Server.java:1043) [hadoop-common-3.3.4.jar:?]
	at org.apache.hadoop.ipc.Server$RpcCall.run(Server.java:971) [hadoop-common-3.3.4.jar:?]
	at java.security.AccessController.doPrivileged(Native Method) ~[?:1.8.0_362]
	at javax.security.auth.Subject.doAs(Subject.java:422) [?:1.8.0_362]
	at org.apache.hadoop.security.UserGroupInformation.doAs(UserGroupInformation.java:1878) [hadoop-common-3.3.4.jar:?]
	at org.apache.hadoop.ipc.Server$Handler.run(Server.java:2976) [hadoop-common-3.3.4.jar:?]
08:19:59.388 [IPC Server handler 11 on default port 42497] ERROR OMAudit - user=runner | ip=127.0.0.1 | op=GET_FILE_STATUS {volume=volume12456, bucket=bucket20487, key=gdir1/dir5, dataSize=0, replicationConfig=null} | ret=FAILURE
org.apache.hadoop.ozone.om.exceptions.OMException: Unable to get file status: volume: volume12456 bucket: bucket20487 key: gdir1/dir5
	at org.apache.hadoop.ozone.om.KeyManagerImpl.getOzoneFileStatus(KeyManagerImpl.java:1162) ~[ozone-manager-1.4.0-SNAPSHOT.jar:?]
	at org.apache.hadoop.ozone.om.KeyManagerImpl.getFileStatus(KeyManagerImpl.java:1080) ~[ozone-manager-1.4.0-SNAPSHOT.jar:?]
	at org.apache.hadoop.ozone.om.OmMetadataReader.getFileStatus(OmMetadataReader.java:288) ~[ozone-manager-1.4.0-SNAPSHOT.jar:?]
	at org.apache.hadoop.ozone.om.OzoneManager.getFileStatus(OzoneManager.java:3449) ~[ozone-manager-1.4.0-SNAPSHOT.jar:?]
	at org.apache.hadoop.ozone.protocolPB.OzoneManagerRequestHandler.getOzoneFileStatus(OzoneManagerRequestHandler.java:933) ~[ozone-manager-1.4.0-SNAPSHOT.jar:?]
	at org.apache.hadoop.ozone.protocolPB.OzoneManagerRequestHandler.handleReadRequest(OzoneManagerRequestHandler.java:238) ~[ozone-manager-1.4.0-SNAPSHOT.jar:?]
	at org.apache.hadoop.ozone.protocolPB.OzoneManagerProtocolServerSideTranslatorPB.submitRequestDirectlyToOM(OzoneManagerProtocolServerSideTranslatorPB.java:271) ~[ozone-manager-1.4.0-SNAPSHOT.jar:?]
	at org.apache.hadoop.ozone.protocolPB.OzoneManagerProtocolServerSideTranslatorPB.processRequest(OzoneManagerProtocolServerSideTranslatorPB.java:173) ~[ozone-manager-1.4.0-SNAPSHOT.jar:?]
	at org.apache.hadoop.hdds.server.OzoneProtocolMessageDispatcher.processRequest(OzoneProtocolMessageDispatcher.java:87) [hdds-server-framework-1.4.0-SNAPSHOT.jar:?]
	at org.apache.hadoop.ozone.protocolPB.OzoneManagerProtocolServerSideTranslatorPB.submitRequest(OzoneManagerProtocolServerSideTranslatorPB.java:147) [ozone-manager-1.4.0-SNAPSHOT.jar:?]
	at org.apache.hadoop.ozone.protocol.proto.OzoneManagerProtocolProtos$OzoneManagerService$2.callBlockingMethod(OzoneManagerProtocolProtos.java) [ozone-interface-client-1.4.0-SNAPSHOT.jar:?]
	at org.apache.hadoop.ipc.ProtobufRpcEngine$Server.processCall(ProtobufRpcEngine.java:465) [hadoop-common-3.3.4.jar:?]
	at org.apache.hadoop.ipc.ProtobufRpcEngine2$Server$ProtoBufRpcInvoker.call(ProtobufRpcEngine2.java:578) [hadoop-common-3.3.4.jar:?]
	at org.apache.hadoop.ipc.ProtobufRpcEngine2$Server$ProtoBufRpcInvoker.call(ProtobufRpcEngine2.java:556) [hadoop-common-3.3.4.jar:?]
	at org.apache.hadoop.ipc.RPC$Server.call(RPC.java:1093) [hadoop-common-3.3.4.jar:?]
	at org.apache.hadoop.ipc.Server$RpcCall.run(Server.java:1043) [hadoop-common-3.3.4.jar:?]
	at org.apache.hadoop.ipc.Server$RpcCall.run(Server.java:971) [hadoop-common-3.3.4.jar:?]
	at java.security.AccessController.doPrivileged(Native Method) ~[?:1.8.0_362]
	at javax.security.auth.Subject.doAs(Subject.java:422) [?:1.8.0_362]
	at org.apache.hadoop.security.UserGroupInformation.doAs(UserGroupInformation.java:1878) [hadoop-common-3.3.4.jar:?]
	at org.apache.hadoop.ipc.Server$Handler.run(Server.java:2976) [hadoop-common-3.3.4.jar:?]
08:19:59.389 [IPC Server handler 3 on default port 42497] ERROR OMAudit - user=runner | ip=127.0.0.1 | op=GET_FILE_STATUS {volume=volume12456, bucket=bucket20487, key=gdir1/dir5/child, dataSize=0, replicationConfig=null} | ret=FAILURE
org.apache.hadoop.ozone.om.exceptions.OMException: Unable to get file status: volume: volume12456 bucket: bucket20487 key: gdir1/dir5/child
	at org.apache.hadoop.ozone.om.KeyManagerImpl.getOzoneFileStatus(KeyManagerImpl.java:1162) ~[ozone-manager-1.4.0-SNAPSHOT.jar:?]
	at org.apache.hadoop.ozone.om.KeyManagerImpl.getFileStatus(KeyManagerImpl.java:1080) ~[ozone-manager-1.4.0-SNAPSHOT.jar:?]
	at org.apache.hadoop.ozone.om.OmMetadataReader.getFileStatus(OmMetadataReader.java:288) ~[ozone-manager-1.4.0-SNAPSHOT.jar:?]
	at org.apache.hadoop.ozone.om.OzoneManager.getFileStatus(OzoneManager.java:3449) ~[ozone-manager-1.4.0-SNAPSHOT.jar:?]
	at org.apache.hadoop.ozone.protocolPB.OzoneManagerRequestHandler.getOzoneFileStatus(OzoneManagerRequestHandler.java:933) ~[ozone-manager-1.4.0-SNAPSHOT.jar:?]
	at org.apache.hadoop.ozone.protocolPB.OzoneManagerRequestHandler.handleReadRequest(OzoneManagerRequestHandler.java:238) ~[ozone-manager-1.4.0-SNAPSHOT.jar:?]
	at org.apache.hadoop.ozone.protocolPB.OzoneManagerProtocolServerSideTranslatorPB.submitRequestDirectlyToOM(OzoneManagerProtocolServerSideTranslatorPB.java:271) ~[ozone-manager-1.4.0-SNAPSHOT.jar:?]
	at org.apache.hadoop.ozone.protocolPB.OzoneManagerProtocolServerSideTranslatorPB.processRequest(OzoneManagerProtocolServerSideTranslatorPB.java:173) ~[ozone-manager-1.4.0-SNAPSHOT.jar:?]
	at org.apache.hadoop.hdds.server.OzoneProtocolMessageDispatcher.processRequest(OzoneProtocolMessageDispatcher.java:87) [hdds-server-framework-1.4.0-SNAPSHOT.jar:?]
	at org.apache.hadoop.ozone.protocolPB.OzoneManagerProtocolServerSideTranslatorPB.submitRequest(OzoneManagerProtocolServerSideTranslatorPB.java:147) [ozone-manager-1.4.0-SNAPSHOT.jar:?]
	at org.apache.hadoop.ozone.protocol.proto.OzoneManagerProtocolProtos$OzoneManagerService$2.callBlockingMethod(OzoneManagerProtocolProtos.java) [ozone-interface-client-1.4.0-SNAPSHOT.jar:?]
	at org.apache.hadoop.ipc.ProtobufRpcEngine$Server.processCall(ProtobufRpcEngine.java:465) [hadoop-common-3.3.4.jar:?]
	at org.apache.hadoop.ipc.ProtobufRpcEngine2$Server$ProtoBufRpcInvoker.call(ProtobufRpcEngine2.java:578) [hadoop-common-3.3.4.jar:?]
	at org.apache.hadoop.ipc.ProtobufRpcEngine2$Server$ProtoBufRpcInvoker.call(ProtobufRpcEngine2.java:556) [hadoop-common-3.3.4.jar:?]
	at org.apache.hadoop.ipc.RPC$Server.call(RPC.java:1093) [hadoop-common-3.3.4.jar:?]
	at org.apache.hadoop.ipc.Server$RpcCall.run(Server.java:1043) [hadoop-common-3.3.4.jar:?]
	at org.apache.hadoop.ipc.Server$RpcCall.run(Server.java:971) [hadoop-common-3.3.4.jar:?]
	at java.security.AccessController.doPrivileged(Native Method) ~[?:1.8.0_362]
	at javax.security.auth.Subject.doAs(Subject.java:422) [?:1.8.0_362]
	at org.apache.hadoop.security.UserGroupInformation.doAs(UserGroupInformation.java:1878) [hadoop-common-3.3.4.jar:?]
	at org.apache.hadoop.ipc.Server$Handler.run(Server.java:2976) [hadoop-common-3.3.4.jar:?]
08:19:59.389 [IPC Server handler 2 on default port 42497] ERROR OMAudit - user=runner | ip=127.0.0.1 | op=GET_FILE_STATUS {volume=volume12456, bucket=bucket20487, key=gdir1/dir6, dataSize=0, replicationConfig=null} | ret=FAILURE
org.apache.hadoop.ozone.om.exceptions.OMException: Unable to get file status: volume: volume12456 bucket: bucket20487 key: gdir1/dir6
	at org.apache.hadoop.ozone.om.KeyManagerImpl.getOzoneFileStatus(KeyManagerImpl.java:1162) ~[ozone-manager-1.4.0-SNAPSHOT.jar:?]
	at org.apache.hadoop.ozone.om.KeyManagerImpl.getFileStatus(KeyManagerImpl.java:1080) ~[ozone-manager-1.4.0-SNAPSHOT.jar:?]
	at org.apache.hadoop.ozone.om.OmMetadataReader.getFileStatus(OmMetadataReader.java:288) ~[ozone-manager-1.4.0-SNAPSHOT.jar:?]
	at org.apache.hadoop.ozone.om.OzoneManager.getFileStatus(OzoneManager.java:3449) ~[ozone-manager-1.4.0-SNAPSHOT.jar:?]
	at org.apache.hadoop.ozone.protocolPB.OzoneManagerRequestHandler.getOzoneFileStatus(OzoneManagerRequestHandler.java:933) ~[ozone-manager-1.4.0-SNAPSHOT.jar:?]
	at org.apache.hadoop.ozone.protocolPB.OzoneManagerRequestHandler.handleReadRequest(OzoneManagerRequestHandler.java:238) ~[ozone-manager-1.4.0-SNAPSHOT.jar:?]
	at org.apache.hadoop.ozone.protocolPB.OzoneManagerProtocolServerSideTranslatorPB.submitRequestDirectlyToOM(OzoneManagerProtocolServerSideTranslatorPB.java:271) ~[ozone-manager-1.4.0-SNAPSHOT.jar:?]
	at org.apache.hadoop.ozone.protocolPB.OzoneManagerProtocolServerSideTranslatorPB.processRequest(OzoneManagerProtocolServerSideTranslatorPB.java:173) ~[ozone-manager-1.4.0-SNAPSHOT.jar:?]
	at org.apache.hadoop.hdds.server.OzoneProtocolMessageDispatcher.processRequest(OzoneProtocolMessageDispatcher.java:87) [hdds-server-framework-1.4.0-SNAPSHOT.jar:?]
	at org.apache.hadoop.ozone.protocolPB.OzoneManagerProtocolServerSideTranslatorPB.submitRequest(OzoneManagerProtocolServerSideTranslatorPB.java:147) [ozone-manager-1.4.0-SNAPSHOT.jar:?]
	at org.apache.hadoop.ozone.protocol.proto.OzoneManagerProtocolProtos$OzoneManagerService$2.callBlockingMethod(OzoneManagerProtocolProtos.java) [ozone-interface-client-1.4.0-SNAPSHOT.jar:?]
	at org.apache.hadoop.ipc.ProtobufRpcEngine$Server.processCall(ProtobufRpcEngine.java:465) [hadoop-common-3.3.4.jar:?]
	at org.apache.hadoop.ipc.ProtobufRpcEngine2$Server$ProtoBufRpcInvoker.call(ProtobufRpcEngine2.java:578) [hadoop-common-3.3.4.jar:?]
	at org.apache.hadoop.ipc.ProtobufRpcEngine2$Server$ProtoBufRpcInvoker.call(ProtobufRpcEngine2.java:556) [hadoop-common-3.3.4.jar:?]
	at org.apache.hadoop.ipc.RPC$Server.call(RPC.java:1093) [hadoop-common-3.3.4.jar:?]
	at org.apache.hadoop.ipc.Server$RpcCall.run(Server.java:1043) [hadoop-common-3.3.4.jar:?]
	at org.apache.hadoop.ipc.Server$RpcCall.run(Server.java:971) [hadoop-common-3.3.4.jar:?]
	at java.security.AccessController.doPrivileged(Native Method) ~[?:1.8.0_362]
	at javax.security.auth.Subject.doAs(Subject.java:422) [?:1.8.0_362]
	at org.apache.hadoop.security.UserGroupInformation.doAs(UserGroupInformation.java:1878) [hadoop-common-3.3.4.jar:?]
	at org.apache.hadoop.ipc.Server$Handler.run(Server.java:2976) [hadoop-common-3.3.4.jar:?]
08:19:59.390 [IPC Server handler 10 on default port 42497] ERROR OMAudit - user=runner | ip=127.0.0.1 | op=GET_FILE_STATUS {volume=volume12456, bucket=bucket20487, key=gdir1/dir6/child, dataSize=0, replicationConfig=null} | ret=FAILURE
org.apache.hadoop.ozone.om.exceptions.OMException: Unable to get file status: volume: volume12456 bucket: bucket20487 key: gdir1/dir6/child
	at org.apache.hadoop.ozone.om.KeyManagerImpl.getOzoneFileStatus(KeyManagerImpl.java:1162) ~[ozone-manager-1.4.0-SNAPSHOT.jar:?]
	at org.apache.hadoop.ozone.om.KeyManagerImpl.getFileStatus(KeyManagerImpl.java:1080) ~[ozone-manager-1.4.0-SNAPSHOT.jar:?]
	at org.apache.hadoop.ozone.om.OmMetadataReader.getFileStatus(OmMetadataReader.java:288) ~[ozone-manager-1.4.0-SNAPSHOT.jar:?]
	at org.apache.hadoop.ozone.om.OzoneManager.getFileStatus(OzoneManager.java:3449) ~[ozone-manager-1.4.0-SNAPSHOT.jar:?]
	at org.apache.hadoop.ozone.protocolPB.OzoneManagerRequestHandler.getOzoneFileStatus(OzoneManagerRequestHandler.java:933) ~[ozone-manager-1.4.0-SNAPSHOT.jar:?]
	at org.apache.hadoop.ozone.protocolPB.OzoneManagerRequestHandler.handleReadRequest(OzoneManagerRequestHandler.java:238) ~[ozone-manager-1.4.0-SNAPSHOT.jar:?]
	at org.apache.hadoop.ozone.protocolPB.OzoneManagerProtocolServerSideTranslatorPB.submitRequestDirectlyToOM(OzoneManagerProtocolServerSideTranslatorPB.java:271) ~[ozone-manager-1.4.0-SNAPSHOT.jar:?]
	at org.apache.hadoop.ozone.protocolPB.OzoneManagerProtocolServerSideTranslatorPB.processRequest(OzoneManagerProtocolServerSideTranslatorPB.java:173) ~[ozone-manager-1.4.0-SNAPSHOT.jar:?]
	at org.apache.hadoop.hdds.server.OzoneProtocolMessageDispatcher.processRequest(OzoneProtocolMessageDispatcher.java:87) [hdds-server-framework-1.4.0-SNAPSHOT.jar:?]
	at org.apache.hadoop.ozone.protocolPB.OzoneManagerProtocolServerSideTranslatorPB.submitRequest(OzoneManagerProtocolServerSideTranslatorPB.java:147) [ozone-manager-1.4.0-SNAPSHOT.jar:?]
	at org.apache.hadoop.ozone.protocol.proto.OzoneManagerProtocolProtos$OzoneManagerService$2.callBlockingMethod(OzoneManagerProtocolProtos.java) [ozone-interface-client-1.4.0-SNAPSHOT.jar:?]
	at org.apache.hadoop.ipc.ProtobufRpcEngine$Server.processCall(ProtobufRpcEngine.java:465) [hadoop-common-3.3.4.jar:?]
	at org.apache.hadoop.ipc.ProtobufRpcEngine2$Server$ProtoBufRpcInvoker.call(ProtobufRpcEngine2.java:578) [hadoop-common-3.3.4.jar:?]
	at org.apache.hadoop.ipc.ProtobufRpcEngine2$Server$ProtoBufRpcInvoker.call(ProtobufRpcEngine2.java:556) [hadoop-common-3.3.4.jar:?]
	at org.apache.hadoop.ipc.RPC$Server.call(RPC.java:1093) [hadoop-common-3.3.4.jar:?]
	at org.apache.hadoop.ipc.Server$RpcCall.run(Server.java:1043) [hadoop-common-3.3.4.jar:?]
	at org.apache.hadoop.ipc.Server$RpcCall.run(Server.java:971) [hadoop-common-3.3.4.jar:?]
	at java.security.AccessController.doPrivileged(Native Method) ~[?:1.8.0_362]
	at javax.security.auth.Subject.doAs(Subject.java:422) [?:1.8.0_362]
	at org.apache.hadoop.security.UserGroupInformation.doAs(UserGroupInformation.java:1878) [hadoop-common-3.3.4.jar:?]
	at org.apache.hadoop.ipc.Server$Handler.run(Server.java:2976) [hadoop-common-3.3.4.jar:?]
08:19:59.390 [IPC Server handler 17 on default port 42497] ERROR OMAudit - user=runner | ip=127.0.0.1 | op=GET_FILE_STATUS {volume=volume12456, bucket=bucket20487, key=gdir1/dir7, dataSize=0, replicationConfig=null} | ret=FAILURE
org.apache.hadoop.ozone.om.exceptions.OMException: Unable to get file status: volume: volume12456 bucket: bucket20487 key: gdir1/dir7
	at org.apache.hadoop.ozone.om.KeyManagerImpl.getOzoneFileStatus(KeyManagerImpl.java:1162) ~[ozone-manager-1.4.0-SNAPSHOT.jar:?]
	at org.apache.hadoop.ozone.om.KeyManagerImpl.getFileStatus(KeyManagerImpl.java:1080) ~[ozone-manager-1.4.0-SNAPSHOT.jar:?]
	at org.apache.hadoop.ozone.om.OmMetadataReader.getFileStatus(OmMetadataReader.java:288) ~[ozone-manager-1.4.0-SNAPSHOT.jar:?]
	at org.apache.hadoop.ozone.om.OzoneManager.getFileStatus(OzoneManager.java:3449) ~[ozone-manager-1.4.0-SNAPSHOT.jar:?]
	at org.apache.hadoop.ozone.protocolPB.OzoneManagerRequestHandler.getOzoneFileStatus(OzoneManagerRequestHandler.java:933) ~[ozone-manager-1.4.0-SNAPSHOT.jar:?]
	at org.apache.hadoop.ozone.protocolPB.OzoneManagerRequestHandler.handleReadRequest(OzoneManagerRequestHandler.java:238) ~[ozone-manager-1.4.0-SNAPSHOT.jar:?]
	at org.apache.hadoop.ozone.protocolPB.OzoneManagerProtocolServerSideTranslatorPB.submitRequestDirectlyToOM(OzoneManagerProtocolServerSideTranslatorPB.java:271) ~[ozone-manager-1.4.0-SNAPSHOT.jar:?]
	at org.apache.hadoop.ozone.protocolPB.OzoneManagerProtocolServerSideTranslatorPB.processRequest(OzoneManagerProtocolServerSideTranslatorPB.java:173) ~[ozone-manager-1.4.0-SNAPSHOT.jar:?]
	at org.apache.hadoop.hdds.server.OzoneProtocolMessageDispatcher.processRequest(OzoneProtocolMessageDispatcher.java:87) [hdds-server-framework-1.4.0-SNAPSHOT.jar:?]
	at org.apache.hadoop.ozone.protocolPB.OzoneManagerProtocolServerSideTranslatorPB.submitRequest(OzoneManagerProtocolServerSideTranslatorPB.java:147) [ozone-manager-1.4.0-SNAPSHOT.jar:?]
	at org.apache.hadoop.ozone.protocol.proto.OzoneManagerProtocolProtos$OzoneManagerService$2.callBlockingMethod(OzoneManagerProtocolProtos.java) [ozone-interface-client-1.4.0-SNAPSHOT.jar:?]
	at org.apache.hadoop.ipc.ProtobufRpcEngine$Server.processCall(ProtobufRpcEngine.java:465) [hadoop-common-3.3.4.jar:?]
	at org.apache.hadoop.ipc.ProtobufRpcEngine2$Server$ProtoBufRpcInvoker.call(ProtobufRpcEngine2.java:578) [hadoop-common-3.3.4.jar:?]
	at org.apache.hadoop.ipc.ProtobufRpcEngine2$Server$ProtoBufRpcInvoker.call(ProtobufRpcEngine2.java:556) [hadoop-common-3.3.4.jar:?]
	at org.apache.hadoop.ipc.RPC$Server.call(RPC.java:1093) [hadoop-common-3.3.4.jar:?]
	at org.apache.hadoop.ipc.Server$RpcCall.run(Server.java:1043) [hadoop-common-3.3.4.jar:?]
	at org.apache.hadoop.ipc.Server$RpcCall.run(Server.java:971) [hadoop-common-3.3.4.jar:?]
	at java.security.AccessController.doPrivileged(Native Method) ~[?:1.8.0_362]
	at javax.security.auth.Subject.doAs(Subject.java:422) [?:1.8.0_362]
	at org.apache.hadoop.security.UserGroupInformation.doAs(UserGroupInformation.java:1878) [hadoop-common-3.3.4.jar:?]
	at org.apache.hadoop.ipc.Server$Handler.run(Server.java:2976) [hadoop-common-3.3.4.jar:?]
08:19:59.391 [IPC Server handler 16 on default port 42497] ERROR OMAudit - user=runner | ip=127.0.0.1 | op=GET_FILE_STATUS {volume=volume12456, bucket=bucket20487, key=gdir1/dir7/child, dataSize=0, replicationConfig=null} | ret=FAILURE
org.apache.hadoop.ozone.om.exceptions.OMException: Unable to get file status: volume: volume12456 bucket: bucket20487 key: gdir1/dir7/child
	at org.apache.hadoop.ozone.om.KeyManagerImpl.getOzoneFileStatus(KeyManagerImpl.java:1162) ~[ozone-manager-1.4.0-SNAPSHOT.jar:?]
	at org.apache.hadoop.ozone.om.KeyManagerImpl.getFileStatus(KeyManagerImpl.java:1080) ~[ozone-manager-1.4.0-SNAPSHOT.jar:?]
	at org.apache.hadoop.ozone.om.OmMetadataReader.getFileStatus(OmMetadataReader.java:288) ~[ozone-manager-1.4.0-SNAPSHOT.jar:?]
	at org.apache.hadoop.ozone.om.OzoneManager.getFileStatus(OzoneManager.java:3449) ~[ozone-manager-1.4.0-SNAPSHOT.jar:?]
	at org.apache.hadoop.ozone.protocolPB.OzoneManagerRequestHandler.getOzoneFileStatus(OzoneManagerRequestHandler.java:933) ~[ozone-manager-1.4.0-SNAPSHOT.jar:?]
	at org.apache.hadoop.ozone.protocolPB.OzoneManagerRequestHandler.handleReadRequest(OzoneManagerRequestHandler.java:238) ~[ozone-manager-1.4.0-SNAPSHOT.jar:?]
	at org.apache.hadoop.ozone.protocolPB.OzoneManagerProtocolServerSideTranslatorPB.submitRequestDirectlyToOM(OzoneManagerProtocolServerSideTranslatorPB.java:271) ~[ozone-manager-1.4.0-SNAPSHOT.jar:?]
	at org.apache.hadoop.ozone.protocolPB.OzoneManagerProtocolServerSideTranslatorPB.processRequest(OzoneManagerProtocolServerSideTranslatorPB.java:173) ~[ozone-manager-1.4.0-SNAPSHOT.jar:?]
	at org.apache.hadoop.hdds.server.OzoneProtocolMessageDispatcher.processRequest(OzoneProtocolMessageDispatcher.java:87) [hdds-server-framework-1.4.0-SNAPSHOT.jar:?]
	at org.apache.hadoop.ozone.protocolPB.OzoneManagerProtocolServerSideTranslatorPB.submitRequest(OzoneManagerProtocolServerSideTranslatorPB.java:147) [ozone-manager-1.4.0-SNAPSHOT.jar:?]
	at org.apache.hadoop.ozone.protocol.proto.OzoneManagerProtocolProtos$OzoneManagerService$2.callBlockingMethod(OzoneManagerProtocolProtos.java) [ozone-interface-client-1.4.0-SNAPSHOT.jar:?]
	at org.apache.hadoop.ipc.ProtobufRpcEngine$Server.processCall(ProtobufRpcEngine.java:465) [hadoop-common-3.3.4.jar:?]
	at org.apache.hadoop.ipc.ProtobufRpcEngine2$Server$ProtoBufRpcInvoker.call(ProtobufRpcEngine2.java:578) [hadoop-common-3.3.4.jar:?]
	at org.apache.hadoop.ipc.ProtobufRpcEngine2$Server$ProtoBufRpcInvoker.call(ProtobufRpcEngine2.java:556) [hadoop-common-3.3.4.jar:?]
	at org.apache.hadoop.ipc.RPC$Server.call(RPC.java:1093) [hadoop-common-3.3.4.jar:?]
	at org.apache.hadoop.ipc.Server$RpcCall.run(Server.java:1043) [hadoop-common-3.3.4.jar:?]
	at org.apache.hadoop.ipc.Server$RpcCall.run(Server.java:971) [hadoop-common-3.3.4.jar:?]
	at java.security.AccessController.doPrivileged(Native Method) ~[?:1.8.0_362]
	at javax.security.auth.Subject.doAs(Subject.java:422) [?:1.8.0_362]
	at org.apache.hadoop.security.UserGroupInformation.doAs(UserGroupInformation.java:1878) [hadoop-common-3.3.4.jar:?]
	at org.apache.hadoop.ipc.Server$Handler.run(Server.java:2976) [hadoop-common-3.3.4.jar:?]
08:19:59.392 [IPC Server handler 19 on default port 42497] ERROR OMAudit - user=runner | ip=127.0.0.1 | op=GET_FILE_STATUS {volume=volume12456, bucket=bucket20487, key=gdir1/dir8, dataSize=0, replicationConfig=null} | ret=FAILURE
org.apache.hadoop.ozone.om.exceptions.OMException: Unable to get file status: volume: volume12456 bucket: bucket20487 key: gdir1/dir8
	at org.apache.hadoop.ozone.om.KeyManagerImpl.getOzoneFileStatus(KeyManagerImpl.java:1162) ~[ozone-manager-1.4.0-SNAPSHOT.jar:?]
	at org.apache.hadoop.ozone.om.KeyManagerImpl.getFileStatus(KeyManagerImpl.java:1080) ~[ozone-manager-1.4.0-SNAPSHOT.jar:?]
	at org.apache.hadoop.ozone.om.OmMetadataReader.getFileStatus(OmMetadataReader.java:288) ~[ozone-manager-1.4.0-SNAPSHOT.jar:?]
	at org.apache.hadoop.ozone.om.OzoneManager.getFileStatus(OzoneManager.java:3449) ~[ozone-manager-1.4.0-SNAPSHOT.jar:?]
	at org.apache.hadoop.ozone.protocolPB.OzoneManagerRequestHandler.getOzoneFileStatus(OzoneManagerRequestHandler.java:933) ~[ozone-manager-1.4.0-SNAPSHOT.jar:?]
	at org.apache.hadoop.ozone.protocolPB.OzoneManagerRequestHandler.handleReadRequest(OzoneManagerRequestHandler.java:238) ~[ozone-manager-1.4.0-SNAPSHOT.jar:?]
	at org.apache.hadoop.ozone.protocolPB.OzoneManagerProtocolServerSideTranslatorPB.submitRequestDirectlyToOM(OzoneManagerProtocolServerSideTranslatorPB.java:271) ~[ozone-manager-1.4.0-SNAPSHOT.jar:?]
	at org.apache.hadoop.ozone.protocolPB.OzoneManagerProtocolServerSideTranslatorPB.processRequest(OzoneManagerProtocolServerSideTranslatorPB.java:173) ~[ozone-manager-1.4.0-SNAPSHOT.jar:?]
	at org.apache.hadoop.hdds.server.OzoneProtocolMessageDispatcher.processRequest(OzoneProtocolMessageDispatcher.java:87) [hdds-server-framework-1.4.0-SNAPSHOT.jar:?]
	at org.apache.hadoop.ozone.protocolPB.OzoneManagerProtocolServerSideTranslatorPB.submitRequest(OzoneManagerProtocolServerSideTranslatorPB.java:147) [ozone-manager-1.4.0-SNAPSHOT.jar:?]
	at org.apache.hadoop.ozone.protocol.proto.OzoneManagerProtocolProtos$OzoneManagerService$2.callBlockingMethod(OzoneManagerProtocolProtos.java) [ozone-interface-client-1.4.0-SNAPSHOT.jar:?]
	at org.apache.hadoop.ipc.ProtobufRpcEngine$Server.processCall(ProtobufRpcEngine.java:465) [hadoop-common-3.3.4.jar:?]
	at org.apache.hadoop.ipc.ProtobufRpcEngine2$Server$ProtoBufRpcInvoker.call(ProtobufRpcEngine2.java:578) [hadoop-common-3.3.4.jar:?]
	at org.apache.hadoop.ipc.ProtobufRpcEngine2$Server$ProtoBufRpcInvoker.call(ProtobufRpcEngine2.java:556) [hadoop-common-3.3.4.jar:?]
	at org.apache.hadoop.ipc.RPC$Server.call(RPC.java:1093) [hadoop-common-3.3.4.jar:?]
	at org.apache.hadoop.ipc.Server$RpcCall.run(Server.java:1043) [hadoop-common-3.3.4.jar:?]
	at org.apache.hadoop.ipc.Server$RpcCall.run(Server.java:971) [hadoop-common-3.3.4.jar:?]
	at java.security.AccessController.doPrivileged(Native Method) ~[?:1.8.0_362]
	at javax.security.auth.Subject.doAs(Subject.java:422) [?:1.8.0_362]
	at org.apache.hadoop.security.UserGroupInformation.doAs(UserGroupInformation.java:1878) [hadoop-common-3.3.4.jar:?]
	at org.apache.hadoop.ipc.Server$Handler.run(Server.java:2976) [hadoop-common-3.3.4.jar:?]
08:19:59.393 [IPC Server handler 18 on default port 42497] ERROR OMAudit - user=runner | ip=127.0.0.1 | op=GET_FILE_STATUS {volume=volume12456, bucket=bucket20487, key=gdir1/dir8/child, dataSize=0, replicationConfig=null} | ret=FAILURE
org.apache.hadoop.ozone.om.exceptions.OMException: Unable to get file status: volume: volume12456 bucket: bucket20487 key: gdir1/dir8/child
	at org.apache.hadoop.ozone.om.KeyManagerImpl.getOzoneFileStatus(KeyManagerImpl.java:1162) ~[ozone-manager-1.4.0-SNAPSHOT.jar:?]
	at org.apache.hadoop.ozone.om.KeyManagerImpl.getFileStatus(KeyManagerImpl.java:1080) ~[ozone-manager-1.4.0-SNAPSHOT.jar:?]
	at org.apache.hadoop.ozone.om.OmMetadataReader.getFileStatus(OmMetadataReader.java:288) ~[ozone-manager-1.4.0-SNAPSHOT.jar:?]
	at org.apache.hadoop.ozone.om.OzoneManager.getFileStatus(OzoneManager.java:3449) ~[ozone-manager-1.4.0-SNAPSHOT.jar:?]
	at org.apache.hadoop.ozone.protocolPB.OzoneManagerRequestHandler.getOzoneFileStatus(OzoneManagerRequestHandler.java:933) ~[ozone-manager-1.4.0-SNAPSHOT.jar:?]
	at org.apache.hadoop.ozone.protocolPB.OzoneManagerRequestHandler.handleReadRequest(OzoneManagerRequestHandler.java:238) ~[ozone-manager-1.4.0-SNAPSHOT.jar:?]
	at org.apache.hadoop.ozone.protocolPB.OzoneManagerProtocolServerSideTranslatorPB.submitRequestDirectlyToOM(OzoneManagerProtocolServerSideTranslatorPB.java:271) ~[ozone-manager-1.4.0-SNAPSHOT.jar:?]
	at org.apache.hadoop.ozone.protocolPB.OzoneManagerProtocolServerSideTranslatorPB.processRequest(OzoneManagerProtocolServerSideTranslatorPB.java:173) ~[ozone-manager-1.4.0-SNAPSHOT.jar:?]
	at org.apache.hadoop.hdds.server.OzoneProtocolMessageDispatcher.processRequest(OzoneProtocolMessageDispatcher.java:87) [hdds-server-framework-1.4.0-SNAPSHOT.jar:?]
	at org.apache.hadoop.ozone.protocolPB.OzoneManagerProtocolServerSideTranslatorPB.submitRequest(OzoneManagerProtocolServerSideTranslatorPB.java:147) [ozone-manager-1.4.0-SNAPSHOT.jar:?]
	at org.apache.hadoop.ozone.protocol.proto.OzoneManagerProtocolProtos$OzoneManagerService$2.callBlockingMethod(OzoneManagerProtocolProtos.java) [ozone-interface-client-1.4.0-SNAPSHOT.jar:?]
	at org.apache.hadoop.ipc.ProtobufRpcEngine$Server.processCall(ProtobufRpcEngine.java:465) [hadoop-common-3.3.4.jar:?]
	at org.apache.hadoop.ipc.ProtobufRpcEngine2$Server$ProtoBufRpcInvoker.call(ProtobufRpcEngine2.java:578) [hadoop-common-3.3.4.jar:?]
	at org.apache.hadoop.ipc.ProtobufRpcEngine2$Server$ProtoBufRpcInvoker.call(ProtobufRpcEngine2.java:556) [hadoop-common-3.3.4.jar:?]
	at org.apache.hadoop.ipc.RPC$Server.call(RPC.java:1093) [hadoop-common-3.3.4.jar:?]
	at org.apache.hadoop.ipc.Server$RpcCall.run(Server.java:1043) [hadoop-common-3.3.4.jar:?]
	at org.apache.hadoop.ipc.Server$RpcCall.run(Server.java:971) [hadoop-common-3.3.4.jar:?]
	at java.security.AccessController.doPrivileged(Native Method) ~[?:1.8.0_362]
	at javax.security.auth.Subject.doAs(Subject.java:422) [?:1.8.0_362]
	at org.apache.hadoop.security.UserGroupInformation.doAs(UserGroupInformation.java:1878) [hadoop-common-3.3.4.jar:?]
	at org.apache.hadoop.ipc.Server$Handler.run(Server.java:2976) [hadoop-common-3.3.4.jar:?]
08:19:59.393 [IPC Server handler 6 on default port 42497] ERROR OMAudit - user=runner | ip=127.0.0.1 | op=GET_FILE_STATUS {volume=volume12456, bucket=bucket20487, key=gdir1/dir9, dataSize=0, replicationConfig=null} | ret=FAILURE
org.apache.hadoop.ozone.om.exceptions.OMException: Unable to get file status: volume: volume12456 bucket: bucket20487 key: gdir1/dir9
	at org.apache.hadoop.ozone.om.KeyManagerImpl.getOzoneFileStatus(KeyManagerImpl.java:1162) ~[ozone-manager-1.4.0-SNAPSHOT.jar:?]
	at org.apache.hadoop.ozone.om.KeyManagerImpl.getFileStatus(KeyManagerImpl.java:1080) ~[ozone-manager-1.4.0-SNAPSHOT.jar:?]
	at org.apache.hadoop.ozone.om.OmMetadataReader.getFileStatus(OmMetadataReader.java:288) ~[ozone-manager-1.4.0-SNAPSHOT.jar:?]
	at org.apache.hadoop.ozone.om.OzoneManager.getFileStatus(OzoneManager.java:3449) ~[ozone-manager-1.4.0-SNAPSHOT.jar:?]
	at org.apache.hadoop.ozone.protocolPB.OzoneManagerRequestHandler.getOzoneFileStatus(OzoneManagerRequestHandler.java:933) ~[ozone-manager-1.4.0-SNAPSHOT.jar:?]
	at org.apache.hadoop.ozone.protocolPB.OzoneManagerRequestHandler.handleReadRequest(OzoneManagerRequestHandler.java:238) ~[ozone-manager-1.4.0-SNAPSHOT.jar:?]
	at org.apache.hadoop.ozone.protocolPB.OzoneManagerProtocolServerSideTranslatorPB.submitRequestDirectlyToOM(OzoneManagerProtocolServerSideTranslatorPB.java:271) ~[ozone-manager-1.4.0-SNAPSHOT.jar:?]
	at org.apache.hadoop.ozone.protocolPB.OzoneManagerProtocolServerSideTranslatorPB.processRequest(OzoneManagerProtocolServerSideTranslatorPB.java:173) ~[ozone-manager-1.4.0-SNAPSHOT.jar:?]
	at org.apache.hadoop.hdds.server.OzoneProtocolMessageDispatcher.processRequest(OzoneProtocolMessageDispatcher.java:87) [hdds-server-framework-1.4.0-SNAPSHOT.jar:?]
	at org.apache.hadoop.ozone.protocolPB.OzoneManagerProtocolServerSideTranslatorPB.submitRequest(OzoneManagerProtocolServerSideTranslatorPB.java:147) [ozone-manager-1.4.0-SNAPSHOT.jar:?]
	at org.apache.hadoop.ozone.protocol.proto.OzoneManagerProtocolProtos$OzoneManagerService$2.callBlockingMethod(OzoneManagerProtocolProtos.java) [ozone-interface-client-1.4.0-SNAPSHOT.jar:?]
	at org.apache.hadoop.ipc.ProtobufRpcEngine$Server.processCall(ProtobufRpcEngine.java:465) [hadoop-common-3.3.4.jar:?]
	at org.apache.hadoop.ipc.ProtobufRpcEngine2$Server$ProtoBufRpcInvoker.call(ProtobufRpcEngine2.java:578) [hadoop-common-3.3.4.jar:?]
	at org.apache.hadoop.ipc.ProtobufRpcEngine2$Server$ProtoBufRpcInvoker.call(ProtobufRpcEngine2.java:556) [hadoop-common-3.3.4.jar:?]
	at org.apache.hadoop.ipc.RPC$Server.call(RPC.java:1093) [hadoop-common-3.3.4.jar:?]
	at org.apache.hadoop.ipc.Server$RpcCall.run(Server.java:1043) [hadoop-common-3.3.4.jar:?]
	at org.apache.hadoop.ipc.Server$RpcCall.run(Server.java:971) [hadoop-common-3.3.4.jar:?]
	at java.security.AccessController.doPrivileged(Native Method) ~[?:1.8.0_362]
	at javax.security.auth.Subject.doAs(Subject.java:422) [?:1.8.0_362]
	at org.apache.hadoop.security.UserGroupInformation.doAs(UserGroupInformation.java:1878) [hadoop-common-3.3.4.jar:?]
	at org.apache.hadoop.ipc.Server$Handler.run(Server.java:2976) [hadoop-common-3.3.4.jar:?]
08:19:59.394 [IPC Server handler 9 on default port 42497] ERROR OMAudit - user=runner | ip=127.0.0.1 | op=GET_FILE_STATUS {volume=volume12456, bucket=bucket20487, key=gdir1/dir9/child, dataSize=0, replicationConfig=null} | ret=FAILURE
org.apache.hadoop.ozone.om.exceptions.OMException: Unable to get file status: volume: volume12456 bucket: bucket20487 key: gdir1/dir9/child
	at org.apache.hadoop.ozone.om.KeyManagerImpl.getOzoneFileStatus(KeyManagerImpl.java:1162) ~[ozone-manager-1.4.0-SNAPSHOT.jar:?]
	at org.apache.hadoop.ozone.om.KeyManagerImpl.getFileStatus(KeyManagerImpl.java:1080) ~[ozone-manager-1.4.0-SNAPSHOT.jar:?]
	at org.apache.hadoop.ozone.om.OmMetadataReader.getFileStatus(OmMetadataReader.java:288) ~[ozone-manager-1.4.0-SNAPSHOT.jar:?]
	at org.apache.hadoop.ozone.om.OzoneManager.getFileStatus(OzoneManager.java:3449) ~[ozone-manager-1.4.0-SNAPSHOT.jar:?]
	at org.apache.hadoop.ozone.protocolPB.OzoneManagerRequestHandler.getOzoneFileStatus(OzoneManagerRequestHandler.java:933) ~[ozone-manager-1.4.0-SNAPSHOT.jar:?]
	at org.apache.hadoop.ozone.protocolPB.OzoneManagerRequestHandler.handleReadRequest(OzoneManagerRequestHandler.java:238) ~[ozone-manager-1.4.0-SNAPSHOT.jar:?]
	at org.apache.hadoop.ozone.protocolPB.OzoneManagerProtocolServerSideTranslatorPB.submitRequestDirectlyToOM(OzoneManagerProtocolServerSideTranslatorPB.java:271) ~[ozone-manager-1.4.0-SNAPSHOT.jar:?]
	at org.apache.hadoop.ozone.protocolPB.OzoneManagerProtocolServerSideTranslatorPB.processRequest(OzoneManagerProtocolServerSideTranslatorPB.java:173) ~[ozone-manager-1.4.0-SNAPSHOT.jar:?]
	at org.apache.hadoop.hdds.server.OzoneProtocolMessageDispatcher.processRequest(OzoneProtocolMessageDispatcher.java:87) [hdds-server-framework-1.4.0-SNAPSHOT.jar:?]
	at org.apache.hadoop.ozone.protocolPB.OzoneManagerProtocolServerSideTranslatorPB.submitRequest(OzoneManagerProtocolServerSideTranslatorPB.java:147) [ozone-manager-1.4.0-SNAPSHOT.jar:?]
	at org.apache.hadoop.ozone.protocol.proto.OzoneManagerProtocolProtos$OzoneManagerService$2.callBlockingMethod(OzoneManagerProtocolProtos.java) [ozone-interface-client-1.4.0-SNAPSHOT.jar:?]
	at org.apache.hadoop.ipc.ProtobufRpcEngine$Server.processCall(ProtobufRpcEngine.java:465) [hadoop-common-3.3.4.jar:?]
	at org.apache.hadoop.ipc.ProtobufRpcEngine2$Server$ProtoBufRpcInvoker.call(ProtobufRpcEngine2.java:578) [hadoop-common-3.3.4.jar:?]
	at org.apache.hadoop.ipc.ProtobufRpcEngine2$Server$ProtoBufRpcInvoker.call(ProtobufRpcEngine2.java:556) [hadoop-common-3.3.4.jar:?]
	at org.apache.hadoop.ipc.RPC$Server.call(RPC.java:1093) [hadoop-common-3.3.4.jar:?]
	at org.apache.hadoop.ipc.Server$RpcCall.run(Server.java:1043) [hadoop-common-3.3.4.jar:?]
	at org.apache.hadoop.ipc.Server$RpcCall.run(Server.java:971) [hadoop-common-3.3.4.jar:?]
	at java.security.AccessController.doPrivileged(Native Method) ~[?:1.8.0_362]
	at javax.security.auth.Subject.doAs(Subject.java:422) [?:1.8.0_362]
	at org.apache.hadoop.security.UserGroupInformation.doAs(UserGroupInformation.java:1878) [hadoop-common-3.3.4.jar:?]
	at org.apache.hadoop.ipc.Server$Handler.run(Server.java:2976) [hadoop-common-3.3.4.jar:?]
08:19:59.395 [IPC Server handler 15 on default port 42497] ERROR OMAudit - user=runner | ip=127.0.0.1 | op=GET_FILE_STATUS {volume=volume12456, bucket=bucket20487, key=gdir1/dir10, dataSize=0, replicationConfig=null} | ret=FAILURE
org.apache.hadoop.ozone.om.exceptions.OMException: Unable to get file status: volume: volume12456 bucket: bucket20487 key: gdir1/dir10
	at org.apache.hadoop.ozone.om.KeyManagerImpl.getOzoneFileStatus(KeyManagerImpl.java:1162) ~[ozone-manager-1.4.0-SNAPSHOT.jar:?]
	at org.apache.hadoop.ozone.om.KeyManagerImpl.getFileStatus(KeyManagerImpl.java:1080) ~[ozone-manager-1.4.0-SNAPSHOT.jar:?]
	at org.apache.hadoop.ozone.om.OmMetadataReader.getFileStatus(OmMetadataReader.java:288) ~[ozone-manager-1.4.0-SNAPSHOT.jar:?]
	at org.apache.hadoop.ozone.om.OzoneManager.getFileStatus(OzoneManager.java:3449) ~[ozone-manager-1.4.0-SNAPSHOT.jar:?]
	at org.apache.hadoop.ozone.protocolPB.OzoneManagerRequestHandler.getOzoneFileStatus(OzoneManagerRequestHandler.java:933) ~[ozone-manager-1.4.0-SNAPSHOT.jar:?]
	at org.apache.hadoop.ozone.protocolPB.OzoneManagerRequestHandler.handleReadRequest(OzoneManagerRequestHandler.java:238) ~[ozone-manager-1.4.0-SNAPSHOT.jar:?]
	at org.apache.hadoop.ozone.protocolPB.OzoneManagerProtocolServerSideTranslatorPB.submitRequestDirectlyToOM(OzoneManagerProtocolServerSideTranslatorPB.java:271) ~[ozone-manager-1.4.0-SNAPSHOT.jar:?]
	at org.apache.hadoop.ozone.protocolPB.OzoneManagerProtocolServerSideTranslatorPB.processRequest(OzoneManagerProtocolServerSideTranslatorPB.java:173) ~[ozone-manager-1.4.0-SNAPSHOT.jar:?]
	at org.apache.hadoop.hdds.server.OzoneProtocolMessageDispatcher.processRequest(OzoneProtocolMessageDispatcher.java:87) [hdds-server-framework-1.4.0-SNAPSHOT.jar:?]
	at org.apache.hadoop.ozone.protocolPB.OzoneManagerProtocolServerSideTranslatorPB.submitRequest(OzoneManagerProtocolServerSideTranslatorPB.java:147) [ozone-manager-1.4.0-SNAPSHOT.jar:?]
	at org.apache.hadoop.ozone.protocol.proto.OzoneManagerProtocolProtos$OzoneManagerService$2.callBlockingMethod(OzoneManagerProtocolProtos.java) [ozone-interface-client-1.4.0-SNAPSHOT.jar:?]
	at org.apache.hadoop.ipc.ProtobufRpcEngine$Server.processCall(ProtobufRpcEngine.java:465) [hadoop-common-3.3.4.jar:?]
	at org.apache.hadoop.ipc.ProtobufRpcEngine2$Server$ProtoBufRpcInvoker.call(ProtobufRpcEngine2.java:578) [hadoop-common-3.3.4.jar:?]
	at org.apache.hadoop.ipc.ProtobufRpcEngine2$Server$ProtoBufRpcInvoker.call(ProtobufRpcEngine2.java:556) [hadoop-common-3.3.4.jar:?]
	at org.apache.hadoop.ipc.RPC$Server.call(RPC.java:1093) [hadoop-common-3.3.4.jar:?]
	at org.apache.hadoop.ipc.Server$RpcCall.run(Server.java:1043) [hadoop-common-3.3.4.jar:?]
	at org.apache.hadoop.ipc.Server$RpcCall.run(Server.java:971) [hadoop-common-3.3.4.jar:?]
	at java.security.AccessController.doPrivileged(Native Method) ~[?:1.8.0_362]
	at javax.security.auth.Subject.doAs(Subject.java:422) [?:1.8.0_362]
	at org.apache.hadoop.security.UserGroupInformation.doAs(UserGroupInformation.java:1878) [hadoop-common-3.3.4.jar:?]
	at org.apache.hadoop.ipc.Server$Handler.run(Server.java:2976) [hadoop-common-3.3.4.jar:?]
08:19:59.397 [IPC Server handler 13 on default port 42497] ERROR OMAudit - user=runner | ip=127.0.0.1 | op=GET_FILE_STATUS {volume=volume12456, bucket=bucket20487, key=gdir1/dir10/child, dataSize=0, replicationConfig=null} | ret=FAILURE
org.apache.hadoop.ozone.om.exceptions.OMException: Unable to get file status: volume: volume12456 bucket: bucket20487 key: gdir1/dir10/child
	at org.apache.hadoop.ozone.om.KeyManagerImpl.getOzoneFileStatus(KeyManagerImpl.java:1162) ~[ozone-manager-1.4.0-SNAPSHOT.jar:?]
	at org.apache.hadoop.ozone.om.KeyManagerImpl.getFileStatus(KeyManagerImpl.java:1080) ~[ozone-manager-1.4.0-SNAPSHOT.jar:?]
	at org.apache.hadoop.ozone.om.OmMetadataReader.getFileStatus(OmMetadataReader.java:288) ~[ozone-manager-1.4.0-SNAPSHOT.jar:?]
	at org.apache.hadoop.ozone.om.OzoneManager.getFileStatus(OzoneManager.java:3449) ~[ozone-manager-1.4.0-SNAPSHOT.jar:?]
	at org.apache.hadoop.ozone.protocolPB.OzoneManagerRequestHandler.getOzoneFileStatus(OzoneManagerRequestHandler.java:933) ~[ozone-manager-1.4.0-SNAPSHOT.jar:?]
	at org.apache.hadoop.ozone.protocolPB.OzoneManagerRequestHandler.handleReadRequest(OzoneManagerRequestHandler.java:238) ~[ozone-manager-1.4.0-SNAPSHOT.jar:?]
	at org.apache.hadoop.ozone.protocolPB.OzoneManagerProtocolServerSideTranslatorPB.submitRequestDirectlyToOM(OzoneManagerProtocolServerSideTranslatorPB.java:271) ~[ozone-manager-1.4.0-SNAPSHOT.jar:?]
	at org.apache.hadoop.ozone.protocolPB.OzoneManagerProtocolServerSideTranslatorPB.processRequest(OzoneManagerProtocolServerSideTranslatorPB.java:173) ~[ozone-manager-1.4.0-SNAPSHOT.jar:?]
	at org.apache.hadoop.hdds.server.OzoneProtocolMessageDispatcher.processRequest(OzoneProtocolMessageDispatcher.java:87) [hdds-server-framework-1.4.0-SNAPSHOT.jar:?]
	at org.apache.hadoop.ozone.protocolPB.OzoneManagerProtocolServerSideTranslatorPB.submitRequest(OzoneManagerProtocolServerSideTranslatorPB.java:147) [ozone-manager-1.4.0-SNAPSHOT.jar:?]
	at org.apache.hadoop.ozone.protocol.proto.OzoneManagerProtocolProtos$OzoneManagerService$2.callBlockingMethod(OzoneManagerProtocolProtos.java) [ozone-interface-client-1.4.0-SNAPSHOT.jar:?]
	at org.apache.hadoop.ipc.ProtobufRpcEngine$Server.processCall(ProtobufRpcEngine.java:465) [hadoop-common-3.3.4.jar:?]
	at org.apache.hadoop.ipc.ProtobufRpcEngine2$Server$ProtoBufRpcInvoker.call(ProtobufRpcEngine2.java:578) [hadoop-common-3.3.4.jar:?]
	at org.apache.hadoop.ipc.ProtobufRpcEngine2$Server$ProtoBufRpcInvoker.call(ProtobufRpcEngine2.java:556) [hadoop-common-3.3.4.jar:?]
	at org.apache.hadoop.ipc.RPC$Server.call(RPC.java:1093) [hadoop-common-3.3.4.jar:?]
	at org.apache.hadoop.ipc.Server$RpcCall.run(Server.java:1043) [hadoop-common-3.3.4.jar:?]
	at org.apache.hadoop.ipc.Server$RpcCall.run(Server.java:971) [hadoop-common-3.3.4.jar:?]
	at java.security.AccessController.doPrivileged(Native Method) ~[?:1.8.0_362]
	at javax.security.auth.Subject.doAs(Subject.java:422) [?:1.8.0_362]
	at org.apache.hadoop.security.UserGroupInformation.doAs(UserGroupInformation.java:1878) [hadoop-common-3.3.4.jar:?]
	at org.apache.hadoop.ipc.Server$Handler.run(Server.java:2976) [hadoop-common-3.3.4.jar:?]
2023-02-14 08:19:59,399 [IPC Server handler 14 on default port 42497] INFO  key.OMKeyRequest (OMKeyRequest.java:wrapUncommittedBlocksAsPseudoKey(837)) - Detect allocated but uncommitted blocks [{blockID={containerID=2, localID=111677748019200024}, length=4194304, offset=0, token=null, pipeline=null, createVersion=0, partNumber=0}] in key level0/level1/file1.
2023-02-14 08:19:59,401 [IPC Server handler 1 on default port 42497] INFO  key.OMKeyRequest (OMKeyRequest.java:wrapUncommittedBlocksAsPseudoKey(837)) - Detect allocated but uncommitted blocks [{blockID={containerID=1, localID=111677748019200025}, length=4194304, offset=0, token=null, pipeline=null, createVersion=0, partNumber=0}] in key level0/level1/level1/file1.
2023-02-14 08:19:59,404 [IPC Server handler 8 on default port 42497] INFO  key.OMKeyRequest (OMKeyRequest.java:wrapUncommittedBlocksAsPseudoKey(837)) - Detect allocated but uncommitted blocks [{blockID={containerID=2, localID=111677748019200026}, length=4194304, offset=0, token=null, pipeline=null, createVersion=0, partNumber=0}] in key level0/level2/file1.
2023-02-14 08:19:59,406 [IPC Server handler 12 on default port 42497] INFO  key.OMKeyRequest (OMKeyRequest.java:wrapUncommittedBlocksAsPseudoKey(837)) - Detect allocated but uncommitted blocks [{blockID={containerID=1, localID=111677748019200027}, length=4194304, offset=0, token=null, pipeline=null, createVersion=0, partNumber=0}] in key level0/level2/level2/file1.
2023-02-14 08:19:59,408 [IPC Server handler 3 on default port 42497] INFO  key.OMKeyRequest (OMKeyRequest.java:wrapUncommittedBlocksAsPseudoKey(837)) - Detect allocated but uncommitted blocks [{blockID={containerID=2, localID=111677748019200028}, length=4194304, offset=0, token=null, pipeline=null, createVersion=0, partNumber=0}] in key level0/level3/file1.
2023-02-14 08:19:59,410 [IPC Server handler 10 on default port 42497] INFO  key.OMKeyRequest (OMKeyRequest.java:wrapUncommittedBlocksAsPseudoKey(837)) - Detect allocated but uncommitted blocks [{blockID={containerID=1, localID=111677748019200029}, length=4194304, offset=0, token=null, pipeline=null, createVersion=0, partNumber=0}] in key level0/level3/level3/file1.
08:19:59.420 [IPC Server handler 16 on default port 42497] ERROR OMAudit - user=runner | ip=127.0.0.1 | op=GET_FILE_STATUS {volume=volume12456, bucket=bucket20487, key=level0, dataSize=0, replicationConfig=null} | ret=FAILURE
org.apache.hadoop.ozone.om.exceptions.OMException: Unable to get file status: volume: volume12456 bucket: bucket20487 key: level0
	at org.apache.hadoop.ozone.om.KeyManagerImpl.getOzoneFileStatus(KeyManagerImpl.java:1162) ~[ozone-manager-1.4.0-SNAPSHOT.jar:?]
	at org.apache.hadoop.ozone.om.KeyManagerImpl.getFileStatus(KeyManagerImpl.java:1080) ~[ozone-manager-1.4.0-SNAPSHOT.jar:?]
	at org.apache.hadoop.ozone.om.OmMetadataReader.getFileStatus(OmMetadataReader.java:288) ~[ozone-manager-1.4.0-SNAPSHOT.jar:?]
	at org.apache.hadoop.ozone.om.OzoneManager.getFileStatus(OzoneManager.java:3449) ~[ozone-manager-1.4.0-SNAPSHOT.jar:?]
	at org.apache.hadoop.ozone.protocolPB.OzoneManagerRequestHandler.getOzoneFileStatus(OzoneManagerRequestHandler.java:933) ~[ozone-manager-1.4.0-SNAPSHOT.jar:?]
	at org.apache.hadoop.ozone.protocolPB.OzoneManagerRequestHandler.handleReadRequest(OzoneManagerRequestHandler.java:238) ~[ozone-manager-1.4.0-SNAPSHOT.jar:?]
	at org.apache.hadoop.ozone.protocolPB.OzoneManagerProtocolServerSideTranslatorPB.submitRequestDirectlyToOM(OzoneManagerProtocolServerSideTranslatorPB.java:271) ~[ozone-manager-1.4.0-SNAPSHOT.jar:?]
	at org.apache.hadoop.ozone.protocolPB.OzoneManagerProtocolServerSideTranslatorPB.processRequest(OzoneManagerProtocolServerSideTranslatorPB.java:173) ~[ozone-manager-1.4.0-SNAPSHOT.jar:?]
	at org.apache.hadoop.hdds.server.OzoneProtocolMessageDispatcher.processRequest(OzoneProtocolMessageDispatcher.java:87) [hdds-server-framework-1.4.0-SNAPSHOT.jar:?]
	at org.apache.hadoop.ozone.protocolPB.OzoneManagerProtocolServerSideTranslatorPB.submitRequest(OzoneManagerProtocolServerSideTranslatorPB.java:147) [ozone-manager-1.4.0-SNAPSHOT.jar:?]
	at org.apache.hadoop.ozone.protocol.proto.OzoneManagerProtocolProtos$OzoneManagerService$2.callBlockingMethod(OzoneManagerProtocolProtos.java) [ozone-interface-client-1.4.0-SNAPSHOT.jar:?]
	at org.apache.hadoop.ipc.ProtobufRpcEngine$Server.processCall(ProtobufRpcEngine.java:465) [hadoop-common-3.3.4.jar:?]
	at org.apache.hadoop.ipc.ProtobufRpcEngine2$Server$ProtoBufRpcInvoker.call(ProtobufRpcEngine2.java:578) [hadoop-common-3.3.4.jar:?]
	at org.apache.hadoop.ipc.ProtobufRpcEngine2$Server$ProtoBufRpcInvoker.call(ProtobufRpcEngine2.java:556) [hadoop-common-3.3.4.jar:?]
	at org.apache.hadoop.ipc.RPC$Server.call(RPC.java:1093) [hadoop-common-3.3.4.jar:?]
	at org.apache.hadoop.ipc.Server$RpcCall.run(Server.java:1043) [hadoop-common-3.3.4.jar:?]
	at org.apache.hadoop.ipc.Server$RpcCall.run(Server.java:971) [hadoop-common-3.3.4.jar:?]
	at java.security.AccessController.doPrivileged(Native Method) ~[?:1.8.0_362]
	at javax.security.auth.Subject.doAs(Subject.java:422) [?:1.8.0_362]
	at org.apache.hadoop.security.UserGroupInformation.doAs(UserGroupInformation.java:1878) [hadoop-common-3.3.4.jar:?]
	at org.apache.hadoop.ipc.Server$Handler.run(Server.java:2976) [hadoop-common-3.3.4.jar:?]
08:19:59.420 [IPC Server handler 19 on default port 42497] ERROR OMAudit - user=runner | ip=127.0.0.1 | op=GET_FILE_STATUS {volume=volume12456, bucket=bucket20487, key=level0/level1, dataSize=0, replicationConfig=null} | ret=FAILURE
org.apache.hadoop.ozone.om.exceptions.OMException: Unable to get file status: volume: volume12456 bucket: bucket20487 key: level0/level1
	at org.apache.hadoop.ozone.om.KeyManagerImpl.getOzoneFileStatus(KeyManagerImpl.java:1162) ~[ozone-manager-1.4.0-SNAPSHOT.jar:?]
	at org.apache.hadoop.ozone.om.KeyManagerImpl.getFileStatus(KeyManagerImpl.java:1080) ~[ozone-manager-1.4.0-SNAPSHOT.jar:?]
	at org.apache.hadoop.ozone.om.OmMetadataReader.getFileStatus(OmMetadataReader.java:288) ~[ozone-manager-1.4.0-SNAPSHOT.jar:?]
	at org.apache.hadoop.ozone.om.OzoneManager.getFileStatus(OzoneManager.java:3449) ~[ozone-manager-1.4.0-SNAPSHOT.jar:?]
	at org.apache.hadoop.ozone.protocolPB.OzoneManagerRequestHandler.getOzoneFileStatus(OzoneManagerRequestHandler.java:933) ~[ozone-manager-1.4.0-SNAPSHOT.jar:?]
	at org.apache.hadoop.ozone.protocolPB.OzoneManagerRequestHandler.handleReadRequest(OzoneManagerRequestHandler.java:238) ~[ozone-manager-1.4.0-SNAPSHOT.jar:?]
	at org.apache.hadoop.ozone.protocolPB.OzoneManagerProtocolServerSideTranslatorPB.submitRequestDirectlyToOM(OzoneManagerProtocolServerSideTranslatorPB.java:271) ~[ozone-manager-1.4.0-SNAPSHOT.jar:?]
	at org.apache.hadoop.ozone.protocolPB.OzoneManagerProtocolServerSideTranslatorPB.processRequest(OzoneManagerProtocolServerSideTranslatorPB.java:173) ~[ozone-manager-1.4.0-SNAPSHOT.jar:?]
	at org.apache.hadoop.hdds.server.OzoneProtocolMessageDispatcher.processRequest(OzoneProtocolMessageDispatcher.java:87) [hdds-server-framework-1.4.0-SNAPSHOT.jar:?]
	at org.apache.hadoop.ozone.protocolPB.OzoneManagerProtocolServerSideTranslatorPB.submitRequest(OzoneManagerProtocolServerSideTranslatorPB.java:147) [ozone-manager-1.4.0-SNAPSHOT.jar:?]
	at org.apache.hadoop.ozone.protocol.proto.OzoneManagerProtocolProtos$OzoneManagerService$2.callBlockingMethod(OzoneManagerProtocolProtos.java) [ozone-interface-client-1.4.0-SNAPSHOT.jar:?]
	at org.apache.hadoop.ipc.ProtobufRpcEngine$Server.processCall(ProtobufRpcEngine.java:465) [hadoop-common-3.3.4.jar:?]
	at org.apache.hadoop.ipc.ProtobufRpcEngine2$Server$ProtoBufRpcInvoker.call(ProtobufRpcEngine2.java:578) [hadoop-common-3.3.4.jar:?]
	at org.apache.hadoop.ipc.ProtobufRpcEngine2$Server$ProtoBufRpcInvoker.call(ProtobufRpcEngine2.java:556) [hadoop-common-3.3.4.jar:?]
	at org.apache.hadoop.ipc.RPC$Server.call(RPC.java:1093) [hadoop-common-3.3.4.jar:?]
	at org.apache.hadoop.ipc.Server$RpcCall.run(Server.java:1043) [hadoop-common-3.3.4.jar:?]
	at org.apache.hadoop.ipc.Server$RpcCall.run(Server.java:971) [hadoop-common-3.3.4.jar:?]
	at java.security.AccessController.doPrivileged(Native Method) ~[?:1.8.0_362]
	at javax.security.auth.Subject.doAs(Subject.java:422) [?:1.8.0_362]
	at org.apache.hadoop.security.UserGroupInformation.doAs(UserGroupInformation.java:1878) [hadoop-common-3.3.4.jar:?]
	at org.apache.hadoop.ipc.Server$Handler.run(Server.java:2976) [hadoop-common-3.3.4.jar:?]
08:19:59.421 [IPC Server handler 18 on default port 42497] ERROR OMAudit - user=runner | ip=127.0.0.1 | op=GET_FILE_STATUS {volume=volume12456, bucket=bucket20487, key=level0/level1/level1, dataSize=0, replicationConfig=null} | ret=FAILURE
org.apache.hadoop.ozone.om.exceptions.OMException: Unable to get file status: volume: volume12456 bucket: bucket20487 key: level0/level1/level1
	at org.apache.hadoop.ozone.om.KeyManagerImpl.getOzoneFileStatus(KeyManagerImpl.java:1162) ~[ozone-manager-1.4.0-SNAPSHOT.jar:?]
	at org.apache.hadoop.ozone.om.KeyManagerImpl.getFileStatus(KeyManagerImpl.java:1080) ~[ozone-manager-1.4.0-SNAPSHOT.jar:?]
	at org.apache.hadoop.ozone.om.OmMetadataReader.getFileStatus(OmMetadataReader.java:288) ~[ozone-manager-1.4.0-SNAPSHOT.jar:?]
	at org.apache.hadoop.ozone.om.OzoneManager.getFileStatus(OzoneManager.java:3449) ~[ozone-manager-1.4.0-SNAPSHOT.jar:?]
	at org.apache.hadoop.ozone.protocolPB.OzoneManagerRequestHandler.getOzoneFileStatus(OzoneManagerRequestHandler.java:933) ~[ozone-manager-1.4.0-SNAPSHOT.jar:?]
	at org.apache.hadoop.ozone.protocolPB.OzoneManagerRequestHandler.handleReadRequest(OzoneManagerRequestHandler.java:238) ~[ozone-manager-1.4.0-SNAPSHOT.jar:?]
	at org.apache.hadoop.ozone.protocolPB.OzoneManagerProtocolServerSideTranslatorPB.submitRequestDirectlyToOM(OzoneManagerProtocolServerSideTranslatorPB.java:271) ~[ozone-manager-1.4.0-SNAPSHOT.jar:?]
	at org.apache.hadoop.ozone.protocolPB.OzoneManagerProtocolServerSideTranslatorPB.processRequest(OzoneManagerProtocolServerSideTranslatorPB.java:173) ~[ozone-manager-1.4.0-SNAPSHOT.jar:?]
	at org.apache.hadoop.hdds.server.OzoneProtocolMessageDispatcher.processRequest(OzoneProtocolMessageDispatcher.java:87) [hdds-server-framework-1.4.0-SNAPSHOT.jar:?]
	at org.apache.hadoop.ozone.protocolPB.OzoneManagerProtocolServerSideTranslatorPB.submitRequest(OzoneManagerProtocolServerSideTranslatorPB.java:147) [ozone-manager-1.4.0-SNAPSHOT.jar:?]
	at org.apache.hadoop.ozone.protocol.proto.OzoneManagerProtocolProtos$OzoneManagerService$2.callBlockingMethod(OzoneManagerProtocolProtos.java) [ozone-interface-client-1.4.0-SNAPSHOT.jar:?]
	at org.apache.hadoop.ipc.ProtobufRpcEngine$Server.processCall(ProtobufRpcEngine.java:465) [hadoop-common-3.3.4.jar:?]
	at org.apache.hadoop.ipc.ProtobufRpcEngine2$Server$ProtoBufRpcInvoker.call(ProtobufRpcEngine2.java:578) [hadoop-common-3.3.4.jar:?]
	at org.apache.hadoop.ipc.ProtobufRpcEngine2$Server$ProtoBufRpcInvoker.call(ProtobufRpcEngine2.java:556) [hadoop-common-3.3.4.jar:?]
	at org.apache.hadoop.ipc.RPC$Server.call(RPC.java:1093) [hadoop-common-3.3.4.jar:?]
	at org.apache.hadoop.ipc.Server$RpcCall.run(Server.java:1043) [hadoop-common-3.3.4.jar:?]
	at org.apache.hadoop.ipc.Server$RpcCall.run(Server.java:971) [hadoop-common-3.3.4.jar:?]
	at java.security.AccessController.doPrivileged(Native Method) ~[?:1.8.0_362]
	at javax.security.auth.Subject.doAs(Subject.java:422) [?:1.8.0_362]
	at org.apache.hadoop.security.UserGroupInformation.doAs(UserGroupInformation.java:1878) [hadoop-common-3.3.4.jar:?]
	at org.apache.hadoop.ipc.Server$Handler.run(Server.java:2976) [hadoop-common-3.3.4.jar:?]
08:19:59.421 [IPC Server handler 6 on default port 42497] ERROR OMAudit - user=runner | ip=127.0.0.1 | op=GET_FILE_STATUS {volume=volume12456, bucket=bucket20487, key=level0/level1/file1, dataSize=0, replicationConfig=null} | ret=FAILURE
org.apache.hadoop.ozone.om.exceptions.OMException: Unable to get file status: volume: volume12456 bucket: bucket20487 key: level0/level1/file1
	at org.apache.hadoop.ozone.om.KeyManagerImpl.getOzoneFileStatus(KeyManagerImpl.java:1162) ~[ozone-manager-1.4.0-SNAPSHOT.jar:?]
	at org.apache.hadoop.ozone.om.KeyManagerImpl.getFileStatus(KeyManagerImpl.java:1080) ~[ozone-manager-1.4.0-SNAPSHOT.jar:?]
	at org.apache.hadoop.ozone.om.OmMetadataReader.getFileStatus(OmMetadataReader.java:288) ~[ozone-manager-1.4.0-SNAPSHOT.jar:?]
	at org.apache.hadoop.ozone.om.OzoneManager.getFileStatus(OzoneManager.java:3449) ~[ozone-manager-1.4.0-SNAPSHOT.jar:?]
	at org.apache.hadoop.ozone.protocolPB.OzoneManagerRequestHandler.getOzoneFileStatus(OzoneManagerRequestHandler.java:933) ~[ozone-manager-1.4.0-SNAPSHOT.jar:?]
	at org.apache.hadoop.ozone.protocolPB.OzoneManagerRequestHandler.handleReadRequest(OzoneManagerRequestHandler.java:238) ~[ozone-manager-1.4.0-SNAPSHOT.jar:?]
	at org.apache.hadoop.ozone.protocolPB.OzoneManagerProtocolServerSideTranslatorPB.submitRequestDirectlyToOM(OzoneManagerProtocolServerSideTranslatorPB.java:271) ~[ozone-manager-1.4.0-SNAPSHOT.jar:?]
	at org.apache.hadoop.ozone.protocolPB.OzoneManagerProtocolServerSideTranslatorPB.processRequest(OzoneManagerProtocolServerSideTranslatorPB.java:173) ~[ozone-manager-1.4.0-SNAPSHOT.jar:?]
	at org.apache.hadoop.hdds.server.OzoneProtocolMessageDispatcher.processRequest(OzoneProtocolMessageDispatcher.java:87) [hdds-server-framework-1.4.0-SNAPSHOT.jar:?]
	at org.apache.hadoop.ozone.protocolPB.OzoneManagerProtocolServerSideTranslatorPB.submitRequest(OzoneManagerProtocolServerSideTranslatorPB.java:147) [ozone-manager-1.4.0-SNAPSHOT.jar:?]
	at org.apache.hadoop.ozone.protocol.proto.OzoneManagerProtocolProtos$OzoneManagerService$2.callBlockingMethod(OzoneManagerProtocolProtos.java) [ozone-interface-client-1.4.0-SNAPSHOT.jar:?]
	at org.apache.hadoop.ipc.ProtobufRpcEngine$Server.processCall(ProtobufRpcEngine.java:465) [hadoop-common-3.3.4.jar:?]
	at org.apache.hadoop.ipc.ProtobufRpcEngine2$Server$ProtoBufRpcInvoker.call(ProtobufRpcEngine2.java:578) [hadoop-common-3.3.4.jar:?]
	at org.apache.hadoop.ipc.ProtobufRpcEngine2$Server$ProtoBufRpcInvoker.call(ProtobufRpcEngine2.java:556) [hadoop-common-3.3.4.jar:?]
	at org.apache.hadoop.ipc.RPC$Server.call(RPC.java:1093) [hadoop-common-3.3.4.jar:?]
	at org.apache.hadoop.ipc.Server$RpcCall.run(Server.java:1043) [hadoop-common-3.3.4.jar:?]
	at org.apache.hadoop.ipc.Server$RpcCall.run(Server.java:971) [hadoop-common-3.3.4.jar:?]
	at java.security.AccessController.doPrivileged(Native Method) ~[?:1.8.0_362]
	at javax.security.auth.Subject.doAs(Subject.java:422) [?:1.8.0_362]
	at org.apache.hadoop.security.UserGroupInformation.doAs(UserGroupInformation.java:1878) [hadoop-common-3.3.4.jar:?]
	at org.apache.hadoop.ipc.Server$Handler.run(Server.java:2976) [hadoop-common-3.3.4.jar:?]
08:19:59.422 [IPC Server handler 9 on default port 42497] ERROR OMAudit - user=runner | ip=127.0.0.1 | op=GET_FILE_STATUS {volume=volume12456, bucket=bucket20487, key=level0/level1/level1/file1, dataSize=0, replicationConfig=null} | ret=FAILURE
org.apache.hadoop.ozone.om.exceptions.OMException: Unable to get file status: volume: volume12456 bucket: bucket20487 key: level0/level1/level1/file1
	at org.apache.hadoop.ozone.om.KeyManagerImpl.getOzoneFileStatus(KeyManagerImpl.java:1162) ~[ozone-manager-1.4.0-SNAPSHOT.jar:?]
	at org.apache.hadoop.ozone.om.KeyManagerImpl.getFileStatus(KeyManagerImpl.java:1080) ~[ozone-manager-1.4.0-SNAPSHOT.jar:?]
	at org.apache.hadoop.ozone.om.OmMetadataReader.getFileStatus(OmMetadataReader.java:288) ~[ozone-manager-1.4.0-SNAPSHOT.jar:?]
	at org.apache.hadoop.ozone.om.OzoneManager.getFileStatus(OzoneManager.java:3449) ~[ozone-manager-1.4.0-SNAPSHOT.jar:?]
	at org.apache.hadoop.ozone.protocolPB.OzoneManagerRequestHandler.getOzoneFileStatus(OzoneManagerRequestHandler.java:933) ~[ozone-manager-1.4.0-SNAPSHOT.jar:?]
	at org.apache.hadoop.ozone.protocolPB.OzoneManagerRequestHandler.handleReadRequest(OzoneManagerRequestHandler.java:238) ~[ozone-manager-1.4.0-SNAPSHOT.jar:?]
	at org.apache.hadoop.ozone.protocolPB.OzoneManagerProtocolServerSideTranslatorPB.submitRequestDirectlyToOM(OzoneManagerProtocolServerSideTranslatorPB.java:271) ~[ozone-manager-1.4.0-SNAPSHOT.jar:?]
	at org.apache.hadoop.ozone.protocolPB.OzoneManagerProtocolServerSideTranslatorPB.processRequest(OzoneManagerProtocolServerSideTranslatorPB.java:173) ~[ozone-manager-1.4.0-SNAPSHOT.jar:?]
	at org.apache.hadoop.hdds.server.OzoneProtocolMessageDispatcher.processRequest(OzoneProtocolMessageDispatcher.java:87) [hdds-server-framework-1.4.0-SNAPSHOT.jar:?]
	at org.apache.hadoop.ozone.protocolPB.OzoneManagerProtocolServerSideTranslatorPB.submitRequest(OzoneManagerProtocolServerSideTranslatorPB.java:147) [ozone-manager-1.4.0-SNAPSHOT.jar:?]
	at org.apache.hadoop.ozone.protocol.proto.OzoneManagerProtocolProtos$OzoneManagerService$2.callBlockingMethod(OzoneManagerProtocolProtos.java) [ozone-interface-client-1.4.0-SNAPSHOT.jar:?]
	at org.apache.hadoop.ipc.ProtobufRpcEngine$Server.processCall(ProtobufRpcEngine.java:465) [hadoop-common-3.3.4.jar:?]
	at org.apache.hadoop.ipc.ProtobufRpcEngine2$Server$ProtoBufRpcInvoker.call(ProtobufRpcEngine2.java:578) [hadoop-common-3.3.4.jar:?]
	at org.apache.hadoop.ipc.ProtobufRpcEngine2$Server$ProtoBufRpcInvoker.call(ProtobufRpcEngine2.java:556) [hadoop-common-3.3.4.jar:?]
	at org.apache.hadoop.ipc.RPC$Server.call(RPC.java:1093) [hadoop-common-3.3.4.jar:?]
	at org.apache.hadoop.ipc.Server$RpcCall.run(Server.java:1043) [hadoop-common-3.3.4.jar:?]
	at org.apache.hadoop.ipc.Server$RpcCall.run(Server.java:971) [hadoop-common-3.3.4.jar:?]
	at java.security.AccessController.doPrivileged(Native Method) ~[?:1.8.0_362]
	at javax.security.auth.Subject.doAs(Subject.java:422) [?:1.8.0_362]
	at org.apache.hadoop.security.UserGroupInformation.doAs(UserGroupInformation.java:1878) [hadoop-common-3.3.4.jar:?]
	at org.apache.hadoop.ipc.Server$Handler.run(Server.java:2976) [hadoop-common-3.3.4.jar:?]
08:19:59.423 [IPC Server handler 15 on default port 42497] ERROR OMAudit - user=runner | ip=127.0.0.1 | op=GET_FILE_STATUS {volume=volume12456, bucket=bucket20487, key=level0/level2, dataSize=0, replicationConfig=null} | ret=FAILURE
org.apache.hadoop.ozone.om.exceptions.OMException: Unable to get file status: volume: volume12456 bucket: bucket20487 key: level0/level2
	at org.apache.hadoop.ozone.om.KeyManagerImpl.getOzoneFileStatus(KeyManagerImpl.java:1162) ~[ozone-manager-1.4.0-SNAPSHOT.jar:?]
	at org.apache.hadoop.ozone.om.KeyManagerImpl.getFileStatus(KeyManagerImpl.java:1080) ~[ozone-manager-1.4.0-SNAPSHOT.jar:?]
	at org.apache.hadoop.ozone.om.OmMetadataReader.getFileStatus(OmMetadataReader.java:288) ~[ozone-manager-1.4.0-SNAPSHOT.jar:?]
	at org.apache.hadoop.ozone.om.OzoneManager.getFileStatus(OzoneManager.java:3449) ~[ozone-manager-1.4.0-SNAPSHOT.jar:?]
	at org.apache.hadoop.ozone.protocolPB.OzoneManagerRequestHandler.getOzoneFileStatus(OzoneManagerRequestHandler.java:933) ~[ozone-manager-1.4.0-SNAPSHOT.jar:?]
	at org.apache.hadoop.ozone.protocolPB.OzoneManagerRequestHandler.handleReadRequest(OzoneManagerRequestHandler.java:238) ~[ozone-manager-1.4.0-SNAPSHOT.jar:?]
	at org.apache.hadoop.ozone.protocolPB.OzoneManagerProtocolServerSideTranslatorPB.submitRequestDirectlyToOM(OzoneManagerProtocolServerSideTranslatorPB.java:271) ~[ozone-manager-1.4.0-SNAPSHOT.jar:?]
	at org.apache.hadoop.ozone.protocolPB.OzoneManagerProtocolServerSideTranslatorPB.processRequest(OzoneManagerProtocolServerSideTranslatorPB.java:173) ~[ozone-manager-1.4.0-SNAPSHOT.jar:?]
	at org.apache.hadoop.hdds.server.OzoneProtocolMessageDispatcher.processRequest(OzoneProtocolMessageDispatcher.java:87) [hdds-server-framework-1.4.0-SNAPSHOT.jar:?]
	at org.apache.hadoop.ozone.protocolPB.OzoneManagerProtocolServerSideTranslatorPB.submitRequest(OzoneManagerProtocolServerSideTranslatorPB.java:147) [ozone-manager-1.4.0-SNAPSHOT.jar:?]
	at org.apache.hadoop.ozone.protocol.proto.OzoneManagerProtocolProtos$OzoneManagerService$2.callBlockingMethod(OzoneManagerProtocolProtos.java) [ozone-interface-client-1.4.0-SNAPSHOT.jar:?]
	at org.apache.hadoop.ipc.ProtobufRpcEngine$Server.processCall(ProtobufRpcEngine.java:465) [hadoop-common-3.3.4.jar:?]
	at org.apache.hadoop.ipc.ProtobufRpcEngine2$Server$ProtoBufRpcInvoker.call(ProtobufRpcEngine2.java:578) [hadoop-common-3.3.4.jar:?]
	at org.apache.hadoop.ipc.ProtobufRpcEngine2$Server$ProtoBufRpcInvoker.call(ProtobufRpcEngine2.java:556) [hadoop-common-3.3.4.jar:?]
	at org.apache.hadoop.ipc.RPC$Server.call(RPC.java:1093) [hadoop-common-3.3.4.jar:?]
	at org.apache.hadoop.ipc.Server$RpcCall.run(Server.java:1043) [hadoop-common-3.3.4.jar:?]
	at org.apache.hadoop.ipc.Server$RpcCall.run(Server.java:971) [hadoop-common-3.3.4.jar:?]
	at java.security.AccessController.doPrivileged(Native Method) ~[?:1.8.0_362]
	at javax.security.auth.Subject.doAs(Subject.java:422) [?:1.8.0_362]
	at org.apache.hadoop.security.UserGroupInformation.doAs(UserGroupInformation.java:1878) [hadoop-common-3.3.4.jar:?]
	at org.apache.hadoop.ipc.Server$Handler.run(Server.java:2976) [hadoop-common-3.3.4.jar:?]
08:19:59.423 [IPC Server handler 13 on default port 42497] ERROR OMAudit - user=runner | ip=127.0.0.1 | op=GET_FILE_STATUS {volume=volume12456, bucket=bucket20487, key=level0/level2/level2, dataSize=0, replicationConfig=null} | ret=FAILURE
org.apache.hadoop.ozone.om.exceptions.OMException: Unable to get file status: volume: volume12456 bucket: bucket20487 key: level0/level2/level2
	at org.apache.hadoop.ozone.om.KeyManagerImpl.getOzoneFileStatus(KeyManagerImpl.java:1162) ~[ozone-manager-1.4.0-SNAPSHOT.jar:?]
	at org.apache.hadoop.ozone.om.KeyManagerImpl.getFileStatus(KeyManagerImpl.java:1080) ~[ozone-manager-1.4.0-SNAPSHOT.jar:?]
	at org.apache.hadoop.ozone.om.OmMetadataReader.getFileStatus(OmMetadataReader.java:288) ~[ozone-manager-1.4.0-SNAPSHOT.jar:?]
	at org.apache.hadoop.ozone.om.OzoneManager.getFileStatus(OzoneManager.java:3449) ~[ozone-manager-1.4.0-SNAPSHOT.jar:?]
	at org.apache.hadoop.ozone.protocolPB.OzoneManagerRequestHandler.getOzoneFileStatus(OzoneManagerRequestHandler.java:933) ~[ozone-manager-1.4.0-SNAPSHOT.jar:?]
	at org.apache.hadoop.ozone.protocolPB.OzoneManagerRequestHandler.handleReadRequest(OzoneManagerRequestHandler.java:238) ~[ozone-manager-1.4.0-SNAPSHOT.jar:?]
	at org.apache.hadoop.ozone.protocolPB.OzoneManagerProtocolServerSideTranslatorPB.submitRequestDirectlyToOM(OzoneManagerProtocolServerSideTranslatorPB.java:271) ~[ozone-manager-1.4.0-SNAPSHOT.jar:?]
	at org.apache.hadoop.ozone.protocolPB.OzoneManagerProtocolServerSideTranslatorPB.processRequest(OzoneManagerProtocolServerSideTranslatorPB.java:173) ~[ozone-manager-1.4.0-SNAPSHOT.jar:?]
	at org.apache.hadoop.hdds.server.OzoneProtocolMessageDispatcher.processRequest(OzoneProtocolMessageDispatcher.java:87) [hdds-server-framework-1.4.0-SNAPSHOT.jar:?]
	at org.apache.hadoop.ozone.protocolPB.OzoneManagerProtocolServerSideTranslatorPB.submitRequest(OzoneManagerProtocolServerSideTranslatorPB.java:147) [ozone-manager-1.4.0-SNAPSHOT.jar:?]
	at org.apache.hadoop.ozone.protocol.proto.OzoneManagerProtocolProtos$OzoneManagerService$2.callBlockingMethod(OzoneManagerProtocolProtos.java) [ozone-interface-client-1.4.0-SNAPSHOT.jar:?]
	at org.apache.hadoop.ipc.ProtobufRpcEngine$Server.processCall(ProtobufRpcEngine.java:465) [hadoop-common-3.3.4.jar:?]
	at org.apache.hadoop.ipc.ProtobufRpcEngine2$Server$ProtoBufRpcInvoker.call(ProtobufRpcEngine2.java:578) [hadoop-common-3.3.4.jar:?]
	at org.apache.hadoop.ipc.ProtobufRpcEngine2$Server$ProtoBufRpcInvoker.call(ProtobufRpcEngine2.java:556) [hadoop-common-3.3.4.jar:?]
	at org.apache.hadoop.ipc.RPC$Server.call(RPC.java:1093) [hadoop-common-3.3.4.jar:?]
	at org.apache.hadoop.ipc.Server$RpcCall.run(Server.java:1043) [hadoop-common-3.3.4.jar:?]
	at org.apache.hadoop.ipc.Server$RpcCall.run(Server.java:971) [hadoop-common-3.3.4.jar:?]
	at java.security.AccessController.doPrivileged(Native Method) ~[?:1.8.0_362]
	at javax.security.auth.Subject.doAs(Subject.java:422) [?:1.8.0_362]
	at org.apache.hadoop.security.UserGroupInformation.doAs(UserGroupInformation.java:1878) [hadoop-common-3.3.4.jar:?]
	at org.apache.hadoop.ipc.Server$Handler.run(Server.java:2976) [hadoop-common-3.3.4.jar:?]
08:19:59.424 [IPC Server handler 5 on default port 42497] ERROR OMAudit - user=runner | ip=127.0.0.1 | op=GET_FILE_STATUS {volume=volume12456, bucket=bucket20487, key=level0/level2/file1, dataSize=0, replicationConfig=null} | ret=FAILURE
org.apache.hadoop.ozone.om.exceptions.OMException: Unable to get file status: volume: volume12456 bucket: bucket20487 key: level0/level2/file1
	at org.apache.hadoop.ozone.om.KeyManagerImpl.getOzoneFileStatus(KeyManagerImpl.java:1162) ~[ozone-manager-1.4.0-SNAPSHOT.jar:?]
	at org.apache.hadoop.ozone.om.KeyManagerImpl.getFileStatus(KeyManagerImpl.java:1080) ~[ozone-manager-1.4.0-SNAPSHOT.jar:?]
	at org.apache.hadoop.ozone.om.OmMetadataReader.getFileStatus(OmMetadataReader.java:288) ~[ozone-manager-1.4.0-SNAPSHOT.jar:?]
	at org.apache.hadoop.ozone.om.OzoneManager.getFileStatus(OzoneManager.java:3449) ~[ozone-manager-1.4.0-SNAPSHOT.jar:?]
	at org.apache.hadoop.ozone.protocolPB.OzoneManagerRequestHandler.getOzoneFileStatus(OzoneManagerRequestHandler.java:933) ~[ozone-manager-1.4.0-SNAPSHOT.jar:?]
	at org.apache.hadoop.ozone.protocolPB.OzoneManagerRequestHandler.handleReadRequest(OzoneManagerRequestHandler.java:238) ~[ozone-manager-1.4.0-SNAPSHOT.jar:?]
	at org.apache.hadoop.ozone.protocolPB.OzoneManagerProtocolServerSideTranslatorPB.submitRequestDirectlyToOM(OzoneManagerProtocolServerSideTranslatorPB.java:271) ~[ozone-manager-1.4.0-SNAPSHOT.jar:?]
	at org.apache.hadoop.ozone.protocolPB.OzoneManagerProtocolServerSideTranslatorPB.processRequest(OzoneManagerProtocolServerSideTranslatorPB.java:173) ~[ozone-manager-1.4.0-SNAPSHOT.jar:?]
	at org.apache.hadoop.hdds.server.OzoneProtocolMessageDispatcher.processRequest(OzoneProtocolMessageDispatcher.java:87) [hdds-server-framework-1.4.0-SNAPSHOT.jar:?]
	at org.apache.hadoop.ozone.protocolPB.OzoneManagerProtocolServerSideTranslatorPB.submitRequest(OzoneManagerProtocolServerSideTranslatorPB.java:147) [ozone-manager-1.4.0-SNAPSHOT.jar:?]
	at org.apache.hadoop.ozone.protocol.proto.OzoneManagerProtocolProtos$OzoneManagerService$2.callBlockingMethod(OzoneManagerProtocolProtos.java) [ozone-interface-client-1.4.0-SNAPSHOT.jar:?]
	at org.apache.hadoop.ipc.ProtobufRpcEngine$Server.processCall(ProtobufRpcEngine.java:465) [hadoop-common-3.3.4.jar:?]
	at org.apache.hadoop.ipc.ProtobufRpcEngine2$Server$ProtoBufRpcInvoker.call(ProtobufRpcEngine2.java:578) [hadoop-common-3.3.4.jar:?]
	at org.apache.hadoop.ipc.ProtobufRpcEngine2$Server$ProtoBufRpcInvoker.call(ProtobufRpcEngine2.java:556) [hadoop-common-3.3.4.jar:?]
	at org.apache.hadoop.ipc.RPC$Server.call(RPC.java:1093) [hadoop-common-3.3.4.jar:?]
	at org.apache.hadoop.ipc.Server$RpcCall.run(Server.java:1043) [hadoop-common-3.3.4.jar:?]
	at org.apache.hadoop.ipc.Server$RpcCall.run(Server.java:971) [hadoop-common-3.3.4.jar:?]
	at java.security.AccessController.doPrivileged(Native Method) ~[?:1.8.0_362]
	at javax.security.auth.Subject.doAs(Subject.java:422) [?:1.8.0_362]
	at org.apache.hadoop.security.UserGroupInformation.doAs(UserGroupInformation.java:1878) [hadoop-common-3.3.4.jar:?]
	at org.apache.hadoop.ipc.Server$Handler.run(Server.java:2976) [hadoop-common-3.3.4.jar:?]
08:19:59.425 [IPC Server handler 14 on default port 42497] ERROR OMAudit - user=runner | ip=127.0.0.1 | op=GET_FILE_STATUS {volume=volume12456, bucket=bucket20487, key=level0/level2/level2/file1, dataSize=0, replicationConfig=null} | ret=FAILURE
org.apache.hadoop.ozone.om.exceptions.OMException: Unable to get file status: volume: volume12456 bucket: bucket20487 key: level0/level2/level2/file1
	at org.apache.hadoop.ozone.om.KeyManagerImpl.getOzoneFileStatus(KeyManagerImpl.java:1162) ~[ozone-manager-1.4.0-SNAPSHOT.jar:?]
	at org.apache.hadoop.ozone.om.KeyManagerImpl.getFileStatus(KeyManagerImpl.java:1080) ~[ozone-manager-1.4.0-SNAPSHOT.jar:?]
	at org.apache.hadoop.ozone.om.OmMetadataReader.getFileStatus(OmMetadataReader.java:288) ~[ozone-manager-1.4.0-SNAPSHOT.jar:?]
	at org.apache.hadoop.ozone.om.OzoneManager.getFileStatus(OzoneManager.java:3449) ~[ozone-manager-1.4.0-SNAPSHOT.jar:?]
	at org.apache.hadoop.ozone.protocolPB.OzoneManagerRequestHandler.getOzoneFileStatus(OzoneManagerRequestHandler.java:933) ~[ozone-manager-1.4.0-SNAPSHOT.jar:?]
	at org.apache.hadoop.ozone.protocolPB.OzoneManagerRequestHandler.handleReadRequest(OzoneManagerRequestHandler.java:238) ~[ozone-manager-1.4.0-SNAPSHOT.jar:?]
	at org.apache.hadoop.ozone.protocolPB.OzoneManagerProtocolServerSideTranslatorPB.submitRequestDirectlyToOM(OzoneManagerProtocolServerSideTranslatorPB.java:271) ~[ozone-manager-1.4.0-SNAPSHOT.jar:?]
	at org.apache.hadoop.ozone.protocolPB.OzoneManagerProtocolServerSideTranslatorPB.processRequest(OzoneManagerProtocolServerSideTranslatorPB.java:173) ~[ozone-manager-1.4.0-SNAPSHOT.jar:?]
	at org.apache.hadoop.hdds.server.OzoneProtocolMessageDispatcher.processRequest(OzoneProtocolMessageDispatcher.java:87) [hdds-server-framework-1.4.0-SNAPSHOT.jar:?]
	at org.apache.hadoop.ozone.protocolPB.OzoneManagerProtocolServerSideTranslatorPB.submitRequest(OzoneManagerProtocolServerSideTranslatorPB.java:147) [ozone-manager-1.4.0-SNAPSHOT.jar:?]
	at org.apache.hadoop.ozone.protocol.proto.OzoneManagerProtocolProtos$OzoneManagerService$2.callBlockingMethod(OzoneManagerProtocolProtos.java) [ozone-interface-client-1.4.0-SNAPSHOT.jar:?]
	at org.apache.hadoop.ipc.ProtobufRpcEngine$Server.processCall(ProtobufRpcEngine.java:465) [hadoop-common-3.3.4.jar:?]
	at org.apache.hadoop.ipc.ProtobufRpcEngine2$Server$ProtoBufRpcInvoker.call(ProtobufRpcEngine2.java:578) [hadoop-common-3.3.4.jar:?]
	at org.apache.hadoop.ipc.ProtobufRpcEngine2$Server$ProtoBufRpcInvoker.call(ProtobufRpcEngine2.java:556) [hadoop-common-3.3.4.jar:?]
	at org.apache.hadoop.ipc.RPC$Server.call(RPC.java:1093) [hadoop-common-3.3.4.jar:?]
	at org.apache.hadoop.ipc.Server$RpcCall.run(Server.java:1043) [hadoop-common-3.3.4.jar:?]
	at org.apache.hadoop.ipc.Server$RpcCall.run(Server.java:971) [hadoop-common-3.3.4.jar:?]
	at java.security.AccessController.doPrivileged(Native Method) ~[?:1.8.0_362]
	at javax.security.auth.Subject.doAs(Subject.java:422) [?:1.8.0_362]
	at org.apache.hadoop.security.UserGroupInformation.doAs(UserGroupInformation.java:1878) [hadoop-common-3.3.4.jar:?]
	at org.apache.hadoop.ipc.Server$Handler.run(Server.java:2976) [hadoop-common-3.3.4.jar:?]
08:19:59.426 [IPC Server handler 0 on default port 42497] ERROR OMAudit - user=runner | ip=127.0.0.1 | op=GET_FILE_STATUS {volume=volume12456, bucket=bucket20487, key=level0/level3, dataSize=0, replicationConfig=null} | ret=FAILURE
org.apache.hadoop.ozone.om.exceptions.OMException: Unable to get file status: volume: volume12456 bucket: bucket20487 key: level0/level3
	at org.apache.hadoop.ozone.om.KeyManagerImpl.getOzoneFileStatus(KeyManagerImpl.java:1162) ~[ozone-manager-1.4.0-SNAPSHOT.jar:?]
	at org.apache.hadoop.ozone.om.KeyManagerImpl.getFileStatus(KeyManagerImpl.java:1080) ~[ozone-manager-1.4.0-SNAPSHOT.jar:?]
	at org.apache.hadoop.ozone.om.OmMetadataReader.getFileStatus(OmMetadataReader.java:288) ~[ozone-manager-1.4.0-SNAPSHOT.jar:?]
	at org.apache.hadoop.ozone.om.OzoneManager.getFileStatus(OzoneManager.java:3449) ~[ozone-manager-1.4.0-SNAPSHOT.jar:?]
	at org.apache.hadoop.ozone.protocolPB.OzoneManagerRequestHandler.getOzoneFileStatus(OzoneManagerRequestHandler.java:933) ~[ozone-manager-1.4.0-SNAPSHOT.jar:?]
	at org.apache.hadoop.ozone.protocolPB.OzoneManagerRequestHandler.handleReadRequest(OzoneManagerRequestHandler.java:238) ~[ozone-manager-1.4.0-SNAPSHOT.jar:?]
	at org.apache.hadoop.ozone.protocolPB.OzoneManagerProtocolServerSideTranslatorPB.submitRequestDirectlyToOM(OzoneManagerProtocolServerSideTranslatorPB.java:271) ~[ozone-manager-1.4.0-SNAPSHOT.jar:?]
	at org.apache.hadoop.ozone.protocolPB.OzoneManagerProtocolServerSideTranslatorPB.processRequest(OzoneManagerProtocolServerSideTranslatorPB.java:173) ~[ozone-manager-1.4.0-SNAPSHOT.jar:?]
	at org.apache.hadoop.hdds.server.OzoneProtocolMessageDispatcher.processRequest(OzoneProtocolMessageDispatcher.java:87) [hdds-server-framework-1.4.0-SNAPSHOT.jar:?]
	at org.apache.hadoop.ozone.protocolPB.OzoneManagerProtocolServerSideTranslatorPB.submitRequest(OzoneManagerProtocolServerSideTranslatorPB.java:147) [ozone-manager-1.4.0-SNAPSHOT.jar:?]
	at org.apache.hadoop.ozone.protocol.proto.OzoneManagerProtocolProtos$OzoneManagerService$2.callBlockingMethod(OzoneManagerProtocolProtos.java) [ozone-interface-client-1.4.0-SNAPSHOT.jar:?]
	at org.apache.hadoop.ipc.ProtobufRpcEngine$Server.processCall(ProtobufRpcEngine.java:465) [hadoop-common-3.3.4.jar:?]
	at org.apache.hadoop.ipc.ProtobufRpcEngine2$Server$ProtoBufRpcInvoker.call(ProtobufRpcEngine2.java:578) [hadoop-common-3.3.4.jar:?]
	at org.apache.hadoop.ipc.ProtobufRpcEngine2$Server$ProtoBufRpcInvoker.call(ProtobufRpcEngine2.java:556) [hadoop-common-3.3.4.jar:?]
	at org.apache.hadoop.ipc.RPC$Server.call(RPC.java:1093) [hadoop-common-3.3.4.jar:?]
	at org.apache.hadoop.ipc.Server$RpcCall.run(Server.java:1043) [hadoop-common-3.3.4.jar:?]
	at org.apache.hadoop.ipc.Server$RpcCall.run(Server.java:971) [hadoop-common-3.3.4.jar:?]
	at java.security.AccessController.doPrivileged(Native Method) ~[?:1.8.0_362]
	at javax.security.auth.Subject.doAs(Subject.java:422) [?:1.8.0_362]
	at org.apache.hadoop.security.UserGroupInformation.doAs(UserGroupInformation.java:1878) [hadoop-common-3.3.4.jar:?]
	at org.apache.hadoop.ipc.Server$Handler.run(Server.java:2976) [hadoop-common-3.3.4.jar:?]
08:19:59.426 [IPC Server handler 1 on default port 42497] ERROR OMAudit - user=runner | ip=127.0.0.1 | op=GET_FILE_STATUS {volume=volume12456, bucket=bucket20487, key=level0/level3/level3, dataSize=0, replicationConfig=null} | ret=FAILURE
org.apache.hadoop.ozone.om.exceptions.OMException: Unable to get file status: volume: volume12456 bucket: bucket20487 key: level0/level3/level3
	at org.apache.hadoop.ozone.om.KeyManagerImpl.getOzoneFileStatus(KeyManagerImpl.java:1162) ~[ozone-manager-1.4.0-SNAPSHOT.jar:?]
	at org.apache.hadoop.ozone.om.KeyManagerImpl.getFileStatus(KeyManagerImpl.java:1080) ~[ozone-manager-1.4.0-SNAPSHOT.jar:?]
	at org.apache.hadoop.ozone.om.OmMetadataReader.getFileStatus(OmMetadataReader.java:288) ~[ozone-manager-1.4.0-SNAPSHOT.jar:?]
	at org.apache.hadoop.ozone.om.OzoneManager.getFileStatus(OzoneManager.java:3449) ~[ozone-manager-1.4.0-SNAPSHOT.jar:?]
	at org.apache.hadoop.ozone.protocolPB.OzoneManagerRequestHandler.getOzoneFileStatus(OzoneManagerRequestHandler.java:933) ~[ozone-manager-1.4.0-SNAPSHOT.jar:?]
	at org.apache.hadoop.ozone.protocolPB.OzoneManagerRequestHandler.handleReadRequest(OzoneManagerRequestHandler.java:238) ~[ozone-manager-1.4.0-SNAPSHOT.jar:?]
	at org.apache.hadoop.ozone.protocolPB.OzoneManagerProtocolServerSideTranslatorPB.submitRequestDirectlyToOM(OzoneManagerProtocolServerSideTranslatorPB.java:271) ~[ozone-manager-1.4.0-SNAPSHOT.jar:?]
	at org.apache.hadoop.ozone.protocolPB.OzoneManagerProtocolServerSideTranslatorPB.processRequest(OzoneManagerProtocolServerSideTranslatorPB.java:173) ~[ozone-manager-1.4.0-SNAPSHOT.jar:?]
	at org.apache.hadoop.hdds.server.OzoneProtocolMessageDispatcher.processRequest(OzoneProtocolMessageDispatcher.java:87) [hdds-server-framework-1.4.0-SNAPSHOT.jar:?]
	at org.apache.hadoop.ozone.protocolPB.OzoneManagerProtocolServerSideTranslatorPB.submitRequest(OzoneManagerProtocolServerSideTranslatorPB.java:147) [ozone-manager-1.4.0-SNAPSHOT.jar:?]
	at org.apache.hadoop.ozone.protocol.proto.OzoneManagerProtocolProtos$OzoneManagerService$2.callBlockingMethod(OzoneManagerProtocolProtos.java) [ozone-interface-client-1.4.0-SNAPSHOT.jar:?]
	at org.apache.hadoop.ipc.ProtobufRpcEngine$Server.processCall(ProtobufRpcEngine.java:465) [hadoop-common-3.3.4.jar:?]
	at org.apache.hadoop.ipc.ProtobufRpcEngine2$Server$ProtoBufRpcInvoker.call(ProtobufRpcEngine2.java:578) [hadoop-common-3.3.4.jar:?]
	at org.apache.hadoop.ipc.ProtobufRpcEngine2$Server$ProtoBufRpcInvoker.call(ProtobufRpcEngine2.java:556) [hadoop-common-3.3.4.jar:?]
	at org.apache.hadoop.ipc.RPC$Server.call(RPC.java:1093) [hadoop-common-3.3.4.jar:?]
	at org.apache.hadoop.ipc.Server$RpcCall.run(Server.java:1043) [hadoop-common-3.3.4.jar:?]
	at org.apache.hadoop.ipc.Server$RpcCall.run(Server.java:971) [hadoop-common-3.3.4.jar:?]
	at java.security.AccessController.doPrivileged(Native Method) ~[?:1.8.0_362]
	at javax.security.auth.Subject.doAs(Subject.java:422) [?:1.8.0_362]
	at org.apache.hadoop.security.UserGroupInformation.doAs(UserGroupInformation.java:1878) [hadoop-common-3.3.4.jar:?]
	at org.apache.hadoop.ipc.Server$Handler.run(Server.java:2976) [hadoop-common-3.3.4.jar:?]
08:19:59.427 [IPC Server handler 7 on default port 42497] ERROR OMAudit - user=runner | ip=127.0.0.1 | op=GET_FILE_STATUS {volume=volume12456, bucket=bucket20487, key=level0/level3/file1, dataSize=0, replicationConfig=null} | ret=FAILURE
org.apache.hadoop.ozone.om.exceptions.OMException: Unable to get file status: volume: volume12456 bucket: bucket20487 key: level0/level3/file1
	at org.apache.hadoop.ozone.om.KeyManagerImpl.getOzoneFileStatus(KeyManagerImpl.java:1162) ~[ozone-manager-1.4.0-SNAPSHOT.jar:?]
	at org.apache.hadoop.ozone.om.KeyManagerImpl.getFileStatus(KeyManagerImpl.java:1080) ~[ozone-manager-1.4.0-SNAPSHOT.jar:?]
	at org.apache.hadoop.ozone.om.OmMetadataReader.getFileStatus(OmMetadataReader.java:288) ~[ozone-manager-1.4.0-SNAPSHOT.jar:?]
	at org.apache.hadoop.ozone.om.OzoneManager.getFileStatus(OzoneManager.java:3449) ~[ozone-manager-1.4.0-SNAPSHOT.jar:?]
	at org.apache.hadoop.ozone.protocolPB.OzoneManagerRequestHandler.getOzoneFileStatus(OzoneManagerRequestHandler.java:933) ~[ozone-manager-1.4.0-SNAPSHOT.jar:?]
	at org.apache.hadoop.ozone.protocolPB.OzoneManagerRequestHandler.handleReadRequest(OzoneManagerRequestHandler.java:238) ~[ozone-manager-1.4.0-SNAPSHOT.jar:?]
	at org.apache.hadoop.ozone.protocolPB.OzoneManagerProtocolServerSideTranslatorPB.submitRequestDirectlyToOM(OzoneManagerProtocolServerSideTranslatorPB.java:271) ~[ozone-manager-1.4.0-SNAPSHOT.jar:?]
	at org.apache.hadoop.ozone.protocolPB.OzoneManagerProtocolServerSideTranslatorPB.processRequest(OzoneManagerProtocolServerSideTranslatorPB.java:173) ~[ozone-manager-1.4.0-SNAPSHOT.jar:?]
	at org.apache.hadoop.hdds.server.OzoneProtocolMessageDispatcher.processRequest(OzoneProtocolMessageDispatcher.java:87) [hdds-server-framework-1.4.0-SNAPSHOT.jar:?]
	at org.apache.hadoop.ozone.protocolPB.OzoneManagerProtocolServerSideTranslatorPB.submitRequest(OzoneManagerProtocolServerSideTranslatorPB.java:147) [ozone-manager-1.4.0-SNAPSHOT.jar:?]
	at org.apache.hadoop.ozone.protocol.proto.OzoneManagerProtocolProtos$OzoneManagerService$2.callBlockingMethod(OzoneManagerProtocolProtos.java) [ozone-interface-client-1.4.0-SNAPSHOT.jar:?]
	at org.apache.hadoop.ipc.ProtobufRpcEngine$Server.processCall(ProtobufRpcEngine.java:465) [hadoop-common-3.3.4.jar:?]
	at org.apache.hadoop.ipc.ProtobufRpcEngine2$Server$ProtoBufRpcInvoker.call(ProtobufRpcEngine2.java:578) [hadoop-common-3.3.4.jar:?]
	at org.apache.hadoop.ipc.ProtobufRpcEngine2$Server$ProtoBufRpcInvoker.call(ProtobufRpcEngine2.java:556) [hadoop-common-3.3.4.jar:?]
	at org.apache.hadoop.ipc.RPC$Server.call(RPC.java:1093) [hadoop-common-3.3.4.jar:?]
	at org.apache.hadoop.ipc.Server$RpcCall.run(Server.java:1043) [hadoop-common-3.3.4.jar:?]
	at org.apache.hadoop.ipc.Server$RpcCall.run(Server.java:971) [hadoop-common-3.3.4.jar:?]
	at java.security.AccessController.doPrivileged(Native Method) ~[?:1.8.0_362]
	at javax.security.auth.Subject.doAs(Subject.java:422) [?:1.8.0_362]
	at org.apache.hadoop.security.UserGroupInformation.doAs(UserGroupInformation.java:1878) [hadoop-common-3.3.4.jar:?]
	at org.apache.hadoop.ipc.Server$Handler.run(Server.java:2976) [hadoop-common-3.3.4.jar:?]
08:19:59.427 [IPC Server handler 8 on default port 42497] ERROR OMAudit - user=runner | ip=127.0.0.1 | op=GET_FILE_STATUS {volume=volume12456, bucket=bucket20487, key=level0/level3/level3/file1, dataSize=0, replicationConfig=null} | ret=FAILURE
org.apache.hadoop.ozone.om.exceptions.OMException: Unable to get file status: volume: volume12456 bucket: bucket20487 key: level0/level3/level3/file1
	at org.apache.hadoop.ozone.om.KeyManagerImpl.getOzoneFileStatus(KeyManagerImpl.java:1162) ~[ozone-manager-1.4.0-SNAPSHOT.jar:?]
	at org.apache.hadoop.ozone.om.KeyManagerImpl.getFileStatus(KeyManagerImpl.java:1080) ~[ozone-manager-1.4.0-SNAPSHOT.jar:?]
	at org.apache.hadoop.ozone.om.OmMetadataReader.getFileStatus(OmMetadataReader.java:288) ~[ozone-manager-1.4.0-SNAPSHOT.jar:?]
	at org.apache.hadoop.ozone.om.OzoneManager.getFileStatus(OzoneManager.java:3449) ~[ozone-manager-1.4.0-SNAPSHOT.jar:?]
	at org.apache.hadoop.ozone.protocolPB.OzoneManagerRequestHandler.getOzoneFileStatus(OzoneManagerRequestHandler.java:933) ~[ozone-manager-1.4.0-SNAPSHOT.jar:?]
	at org.apache.hadoop.ozone.protocolPB.OzoneManagerRequestHandler.handleReadRequest(OzoneManagerRequestHandler.java:238) ~[ozone-manager-1.4.0-SNAPSHOT.jar:?]
	at org.apache.hadoop.ozone.protocolPB.OzoneManagerProtocolServerSideTranslatorPB.submitRequestDirectlyToOM(OzoneManagerProtocolServerSideTranslatorPB.java:271) ~[ozone-manager-1.4.0-SNAPSHOT.jar:?]
	at org.apache.hadoop.ozone.protocolPB.OzoneManagerProtocolServerSideTranslatorPB.processRequest(OzoneManagerProtocolServerSideTranslatorPB.java:173) ~[ozone-manager-1.4.0-SNAPSHOT.jar:?]
	at org.apache.hadoop.hdds.server.OzoneProtocolMessageDispatcher.processRequest(OzoneProtocolMessageDispatcher.java:87) [hdds-server-framework-1.4.0-SNAPSHOT.jar:?]
	at org.apache.hadoop.ozone.protocolPB.OzoneManagerProtocolServerSideTranslatorPB.submitRequest(OzoneManagerProtocolServerSideTranslatorPB.java:147) [ozone-manager-1.4.0-SNAPSHOT.jar:?]
	at org.apache.hadoop.ozone.protocol.proto.OzoneManagerProtocolProtos$OzoneManagerService$2.callBlockingMethod(OzoneManagerProtocolProtos.java) [ozone-interface-client-1.4.0-SNAPSHOT.jar:?]
	at org.apache.hadoop.ipc.ProtobufRpcEngine$Server.processCall(ProtobufRpcEngine.java:465) [hadoop-common-3.3.4.jar:?]
	at org.apache.hadoop.ipc.ProtobufRpcEngine2$Server$ProtoBufRpcInvoker.call(ProtobufRpcEngine2.java:578) [hadoop-common-3.3.4.jar:?]
	at org.apache.hadoop.ipc.ProtobufRpcEngine2$Server$ProtoBufRpcInvoker.call(ProtobufRpcEngine2.java:556) [hadoop-common-3.3.4.jar:?]
	at org.apache.hadoop.ipc.RPC$Server.call(RPC.java:1093) [hadoop-common-3.3.4.jar:?]
	at org.apache.hadoop.ipc.Server$RpcCall.run(Server.java:1043) [hadoop-common-3.3.4.jar:?]
	at org.apache.hadoop.ipc.Server$RpcCall.run(Server.java:971) [hadoop-common-3.3.4.jar:?]
	at java.security.AccessController.doPrivileged(Native Method) ~[?:1.8.0_362]
	at javax.security.auth.Subject.doAs(Subject.java:422) [?:1.8.0_362]
	at org.apache.hadoop.security.UserGroupInformation.doAs(UserGroupInformation.java:1878) [hadoop-common-3.3.4.jar:?]
	at org.apache.hadoop.ipc.Server$Handler.run(Server.java:2976) [hadoop-common-3.3.4.jar:?]
]]></system-out>
  </testcase>
  <testcase name="testGetTrashRoots" classname="TestOzoneFileSystem" time="0.056">
    <system-out><![CDATA[08:17:31.059 [IPC Server handler 3 on default port 34711] ERROR OMAudit - user=runner | ip=127.0.0.1 | op=GET_FILE_STATUS {volume=volume67802, bucket=bucket15311, key=.Trash/runner, dataSize=0, replicationConfig=null} | ret=FAILURE
org.apache.hadoop.ozone.om.exceptions.OMException: Unable to get file status: volume: volume67802 bucket: bucket15311 key: .Trash/runner
	at org.apache.hadoop.ozone.om.KeyManagerImpl.getOzoneFileStatus(KeyManagerImpl.java:1162) ~[ozone-manager-1.4.0-SNAPSHOT.jar:?]
	at org.apache.hadoop.ozone.om.KeyManagerImpl.getFileStatus(KeyManagerImpl.java:1080) ~[ozone-manager-1.4.0-SNAPSHOT.jar:?]
	at org.apache.hadoop.ozone.om.OmMetadataReader.getFileStatus(OmMetadataReader.java:288) ~[ozone-manager-1.4.0-SNAPSHOT.jar:?]
	at org.apache.hadoop.ozone.om.OzoneManager.getFileStatus(OzoneManager.java:3449) ~[ozone-manager-1.4.0-SNAPSHOT.jar:?]
	at org.apache.hadoop.ozone.protocolPB.OzoneManagerRequestHandler.getOzoneFileStatus(OzoneManagerRequestHandler.java:933) ~[ozone-manager-1.4.0-SNAPSHOT.jar:?]
	at org.apache.hadoop.ozone.protocolPB.OzoneManagerRequestHandler.handleReadRequest(OzoneManagerRequestHandler.java:238) ~[ozone-manager-1.4.0-SNAPSHOT.jar:?]
	at org.apache.hadoop.ozone.protocolPB.OzoneManagerProtocolServerSideTranslatorPB.submitReadRequestToOM(OzoneManagerProtocolServerSideTranslatorPB.java:223) ~[ozone-manager-1.4.0-SNAPSHOT.jar:?]
	at org.apache.hadoop.ozone.protocolPB.OzoneManagerProtocolServerSideTranslatorPB.processRequest(OzoneManagerProtocolServerSideTranslatorPB.java:177) ~[ozone-manager-1.4.0-SNAPSHOT.jar:?]
	at org.apache.hadoop.hdds.server.OzoneProtocolMessageDispatcher.processRequest(OzoneProtocolMessageDispatcher.java:87) [hdds-server-framework-1.4.0-SNAPSHOT.jar:?]
	at org.apache.hadoop.ozone.protocolPB.OzoneManagerProtocolServerSideTranslatorPB.submitRequest(OzoneManagerProtocolServerSideTranslatorPB.java:147) [ozone-manager-1.4.0-SNAPSHOT.jar:?]
	at org.apache.hadoop.ozone.protocol.proto.OzoneManagerProtocolProtos$OzoneManagerService$2.callBlockingMethod(OzoneManagerProtocolProtos.java) [ozone-interface-client-1.4.0-SNAPSHOT.jar:?]
	at org.apache.hadoop.ipc.ProtobufRpcEngine$Server.processCall(ProtobufRpcEngine.java:465) [hadoop-common-3.3.4.jar:?]
	at org.apache.hadoop.ipc.ProtobufRpcEngine2$Server$ProtoBufRpcInvoker.call(ProtobufRpcEngine2.java:578) [hadoop-common-3.3.4.jar:?]
	at org.apache.hadoop.ipc.ProtobufRpcEngine2$Server$ProtoBufRpcInvoker.call(ProtobufRpcEngine2.java:556) [hadoop-common-3.3.4.jar:?]
	at org.apache.hadoop.ipc.RPC$Server.call(RPC.java:1093) [hadoop-common-3.3.4.jar:?]
	at org.apache.hadoop.ipc.Server$RpcCall.run(Server.java:1043) [hadoop-common-3.3.4.jar:?]
	at org.apache.hadoop.ipc.Server$RpcCall.run(Server.java:971) [hadoop-common-3.3.4.jar:?]
	at java.security.AccessController.doPrivileged(Native Method) ~[?:1.8.0_362]
	at javax.security.auth.Subject.doAs(Subject.java:422) [?:1.8.0_362]
	at org.apache.hadoop.security.UserGroupInformation.doAs(UserGroupInformation.java:1878) [hadoop-common-3.3.4.jar:?]
	at org.apache.hadoop.ipc.Server$Handler.run(Server.java:2976) [hadoop-common-3.3.4.jar:?]
]]></system-out>
  </testcase>
  <testcase name="testGetTrashRoots" classname="TestOzoneFileSystem" time="0.016">
    <system-out><![CDATA[08:18:29.651 [IPC Server handler 7 on default port 34455] ERROR OMAudit - user=runner | ip=127.0.0.1 | op=GET_FILE_STATUS {volume=volume94786, bucket=bucket02286, key=.Trash/runner, dataSize=0, replicationConfig=null} | ret=FAILURE
org.apache.hadoop.ozone.om.exceptions.OMException: Unable to get file status: volume: volume94786 bucket: bucket02286 key: .Trash/runner
	at org.apache.hadoop.ozone.om.KeyManagerImpl.getOzoneFileStatus(KeyManagerImpl.java:1162) ~[ozone-manager-1.4.0-SNAPSHOT.jar:?]
	at org.apache.hadoop.ozone.om.KeyManagerImpl.getFileStatus(KeyManagerImpl.java:1080) ~[ozone-manager-1.4.0-SNAPSHOT.jar:?]
	at org.apache.hadoop.ozone.om.OmMetadataReader.getFileStatus(OmMetadataReader.java:288) ~[ozone-manager-1.4.0-SNAPSHOT.jar:?]
	at org.apache.hadoop.ozone.om.OzoneManager.getFileStatus(OzoneManager.java:3449) ~[ozone-manager-1.4.0-SNAPSHOT.jar:?]
	at org.apache.hadoop.ozone.protocolPB.OzoneManagerRequestHandler.getOzoneFileStatus(OzoneManagerRequestHandler.java:933) ~[ozone-manager-1.4.0-SNAPSHOT.jar:?]
	at org.apache.hadoop.ozone.protocolPB.OzoneManagerRequestHandler.handleReadRequest(OzoneManagerRequestHandler.java:238) ~[ozone-manager-1.4.0-SNAPSHOT.jar:?]
	at org.apache.hadoop.ozone.protocolPB.OzoneManagerProtocolServerSideTranslatorPB.submitRequestDirectlyToOM(OzoneManagerProtocolServerSideTranslatorPB.java:271) ~[ozone-manager-1.4.0-SNAPSHOT.jar:?]
	at org.apache.hadoop.ozone.protocolPB.OzoneManagerProtocolServerSideTranslatorPB.processRequest(OzoneManagerProtocolServerSideTranslatorPB.java:173) ~[ozone-manager-1.4.0-SNAPSHOT.jar:?]
	at org.apache.hadoop.hdds.server.OzoneProtocolMessageDispatcher.processRequest(OzoneProtocolMessageDispatcher.java:87) [hdds-server-framework-1.4.0-SNAPSHOT.jar:?]
	at org.apache.hadoop.ozone.protocolPB.OzoneManagerProtocolServerSideTranslatorPB.submitRequest(OzoneManagerProtocolServerSideTranslatorPB.java:147) [ozone-manager-1.4.0-SNAPSHOT.jar:?]
	at org.apache.hadoop.ozone.protocol.proto.OzoneManagerProtocolProtos$OzoneManagerService$2.callBlockingMethod(OzoneManagerProtocolProtos.java) [ozone-interface-client-1.4.0-SNAPSHOT.jar:?]
	at org.apache.hadoop.ipc.ProtobufRpcEngine$Server.processCall(ProtobufRpcEngine.java:465) [hadoop-common-3.3.4.jar:?]
	at org.apache.hadoop.ipc.ProtobufRpcEngine2$Server$ProtoBufRpcInvoker.call(ProtobufRpcEngine2.java:578) [hadoop-common-3.3.4.jar:?]
	at org.apache.hadoop.ipc.ProtobufRpcEngine2$Server$ProtoBufRpcInvoker.call(ProtobufRpcEngine2.java:556) [hadoop-common-3.3.4.jar:?]
	at org.apache.hadoop.ipc.RPC$Server.call(RPC.java:1093) [hadoop-common-3.3.4.jar:?]
	at org.apache.hadoop.ipc.Server$RpcCall.run(Server.java:1043) [hadoop-common-3.3.4.jar:?]
	at org.apache.hadoop.ipc.Server$RpcCall.run(Server.java:971) [hadoop-common-3.3.4.jar:?]
	at java.security.AccessController.doPrivileged(Native Method) ~[?:1.8.0_362]
	at javax.security.auth.Subject.doAs(Subject.java:422) [?:1.8.0_362]
	at org.apache.hadoop.security.UserGroupInformation.doAs(UserGroupInformation.java:1878) [hadoop-common-3.3.4.jar:?]
	at org.apache.hadoop.ipc.Server$Handler.run(Server.java:2976) [hadoop-common-3.3.4.jar:?]
]]></system-out>
  </testcase>
  <testcase name="testGetTrashRoots" classname="TestOzoneFileSystem" time="0.017">
    <system-out><![CDATA[08:19:12.667 [IPC Server handler 6 on default port 32845] ERROR OMAudit - user=runner | ip=127.0.0.1 | op=GET_FILE_STATUS {volume=volume29101, bucket=bucket05375, key=.Trash/runner, dataSize=0, replicationConfig=null} | ret=FAILURE
org.apache.hadoop.ozone.om.exceptions.OMException: Unable to get file status: volume: volume29101 bucket: bucket05375 key: .Trash/runner
	at org.apache.hadoop.ozone.om.KeyManagerImpl.getOzoneFileStatus(KeyManagerImpl.java:1162) ~[ozone-manager-1.4.0-SNAPSHOT.jar:?]
	at org.apache.hadoop.ozone.om.KeyManagerImpl.getFileStatus(KeyManagerImpl.java:1080) ~[ozone-manager-1.4.0-SNAPSHOT.jar:?]
	at org.apache.hadoop.ozone.om.OmMetadataReader.getFileStatus(OmMetadataReader.java:288) ~[ozone-manager-1.4.0-SNAPSHOT.jar:?]
	at org.apache.hadoop.ozone.om.OzoneManager.getFileStatus(OzoneManager.java:3449) ~[ozone-manager-1.4.0-SNAPSHOT.jar:?]
	at org.apache.hadoop.ozone.protocolPB.OzoneManagerRequestHandler.getOzoneFileStatus(OzoneManagerRequestHandler.java:933) ~[ozone-manager-1.4.0-SNAPSHOT.jar:?]
	at org.apache.hadoop.ozone.protocolPB.OzoneManagerRequestHandler.handleReadRequest(OzoneManagerRequestHandler.java:238) ~[ozone-manager-1.4.0-SNAPSHOT.jar:?]
	at org.apache.hadoop.ozone.protocolPB.OzoneManagerProtocolServerSideTranslatorPB.submitReadRequestToOM(OzoneManagerProtocolServerSideTranslatorPB.java:223) ~[ozone-manager-1.4.0-SNAPSHOT.jar:?]
	at org.apache.hadoop.ozone.protocolPB.OzoneManagerProtocolServerSideTranslatorPB.processRequest(OzoneManagerProtocolServerSideTranslatorPB.java:177) ~[ozone-manager-1.4.0-SNAPSHOT.jar:?]
	at org.apache.hadoop.hdds.server.OzoneProtocolMessageDispatcher.processRequest(OzoneProtocolMessageDispatcher.java:87) [hdds-server-framework-1.4.0-SNAPSHOT.jar:?]
	at org.apache.hadoop.ozone.protocolPB.OzoneManagerProtocolServerSideTranslatorPB.submitRequest(OzoneManagerProtocolServerSideTranslatorPB.java:147) [ozone-manager-1.4.0-SNAPSHOT.jar:?]
	at org.apache.hadoop.ozone.protocol.proto.OzoneManagerProtocolProtos$OzoneManagerService$2.callBlockingMethod(OzoneManagerProtocolProtos.java) [ozone-interface-client-1.4.0-SNAPSHOT.jar:?]
	at org.apache.hadoop.ipc.ProtobufRpcEngine$Server.processCall(ProtobufRpcEngine.java:465) [hadoop-common-3.3.4.jar:?]
	at org.apache.hadoop.ipc.ProtobufRpcEngine2$Server$ProtoBufRpcInvoker.call(ProtobufRpcEngine2.java:578) [hadoop-common-3.3.4.jar:?]
	at org.apache.hadoop.ipc.ProtobufRpcEngine2$Server$ProtoBufRpcInvoker.call(ProtobufRpcEngine2.java:556) [hadoop-common-3.3.4.jar:?]
	at org.apache.hadoop.ipc.RPC$Server.call(RPC.java:1093) [hadoop-common-3.3.4.jar:?]
	at org.apache.hadoop.ipc.Server$RpcCall.run(Server.java:1043) [hadoop-common-3.3.4.jar:?]
	at org.apache.hadoop.ipc.Server$RpcCall.run(Server.java:971) [hadoop-common-3.3.4.jar:?]
	at java.security.AccessController.doPrivileged(Native Method) ~[?:1.8.0_362]
	at javax.security.auth.Subject.doAs(Subject.java:422) [?:1.8.0_362]
	at org.apache.hadoop.security.UserGroupInformation.doAs(UserGroupInformation.java:1878) [hadoop-common-3.3.4.jar:?]
	at org.apache.hadoop.ipc.Server$Handler.run(Server.java:2976) [hadoop-common-3.3.4.jar:?]
]]></system-out>
  </testcase>
  <testcase name="testGetTrashRoots" classname="TestOzoneFileSystem" time="0.012">
    <system-out><![CDATA[08:19:59.429 [IPC Server handler 12 on default port 42497] ERROR OMAudit - user=runner | ip=127.0.0.1 | op=GET_FILE_STATUS {volume=volume12456, bucket=bucket20487, key=.Trash/runner, dataSize=0, replicationConfig=null} | ret=FAILURE
org.apache.hadoop.ozone.om.exceptions.OMException: Unable to get file status: volume: volume12456 bucket: bucket20487 key: .Trash/runner
	at org.apache.hadoop.ozone.om.KeyManagerImpl.getOzoneFileStatus(KeyManagerImpl.java:1162) ~[ozone-manager-1.4.0-SNAPSHOT.jar:?]
	at org.apache.hadoop.ozone.om.KeyManagerImpl.getFileStatus(KeyManagerImpl.java:1080) ~[ozone-manager-1.4.0-SNAPSHOT.jar:?]
	at org.apache.hadoop.ozone.om.OmMetadataReader.getFileStatus(OmMetadataReader.java:288) ~[ozone-manager-1.4.0-SNAPSHOT.jar:?]
	at org.apache.hadoop.ozone.om.OzoneManager.getFileStatus(OzoneManager.java:3449) ~[ozone-manager-1.4.0-SNAPSHOT.jar:?]
	at org.apache.hadoop.ozone.protocolPB.OzoneManagerRequestHandler.getOzoneFileStatus(OzoneManagerRequestHandler.java:933) ~[ozone-manager-1.4.0-SNAPSHOT.jar:?]
	at org.apache.hadoop.ozone.protocolPB.OzoneManagerRequestHandler.handleReadRequest(OzoneManagerRequestHandler.java:238) ~[ozone-manager-1.4.0-SNAPSHOT.jar:?]
	at org.apache.hadoop.ozone.protocolPB.OzoneManagerProtocolServerSideTranslatorPB.submitRequestDirectlyToOM(OzoneManagerProtocolServerSideTranslatorPB.java:271) ~[ozone-manager-1.4.0-SNAPSHOT.jar:?]
	at org.apache.hadoop.ozone.protocolPB.OzoneManagerProtocolServerSideTranslatorPB.processRequest(OzoneManagerProtocolServerSideTranslatorPB.java:173) ~[ozone-manager-1.4.0-SNAPSHOT.jar:?]
	at org.apache.hadoop.hdds.server.OzoneProtocolMessageDispatcher.processRequest(OzoneProtocolMessageDispatcher.java:87) [hdds-server-framework-1.4.0-SNAPSHOT.jar:?]
	at org.apache.hadoop.ozone.protocolPB.OzoneManagerProtocolServerSideTranslatorPB.submitRequest(OzoneManagerProtocolServerSideTranslatorPB.java:147) [ozone-manager-1.4.0-SNAPSHOT.jar:?]
	at org.apache.hadoop.ozone.protocol.proto.OzoneManagerProtocolProtos$OzoneManagerService$2.callBlockingMethod(OzoneManagerProtocolProtos.java) [ozone-interface-client-1.4.0-SNAPSHOT.jar:?]
	at org.apache.hadoop.ipc.ProtobufRpcEngine$Server.processCall(ProtobufRpcEngine.java:465) [hadoop-common-3.3.4.jar:?]
	at org.apache.hadoop.ipc.ProtobufRpcEngine2$Server$ProtoBufRpcInvoker.call(ProtobufRpcEngine2.java:578) [hadoop-common-3.3.4.jar:?]
	at org.apache.hadoop.ipc.ProtobufRpcEngine2$Server$ProtoBufRpcInvoker.call(ProtobufRpcEngine2.java:556) [hadoop-common-3.3.4.jar:?]
	at org.apache.hadoop.ipc.RPC$Server.call(RPC.java:1093) [hadoop-common-3.3.4.jar:?]
	at org.apache.hadoop.ipc.Server$RpcCall.run(Server.java:1043) [hadoop-common-3.3.4.jar:?]
	at org.apache.hadoop.ipc.Server$RpcCall.run(Server.java:971) [hadoop-common-3.3.4.jar:?]
	at java.security.AccessController.doPrivileged(Native Method) ~[?:1.8.0_362]
	at javax.security.auth.Subject.doAs(Subject.java:422) [?:1.8.0_362]
	at org.apache.hadoop.security.UserGroupInformation.doAs(UserGroupInformation.java:1878) [hadoop-common-3.3.4.jar:?]
	at org.apache.hadoop.ipc.Server$Handler.run(Server.java:2976) [hadoop-common-3.3.4.jar:?]
]]></system-out>
  </testcase>
  <testcase name="testCreateDoesNotAddParentDirKeys" classname="TestOzoneFileSystem" time="0.045">
    <system-out><![CDATA[2023-02-14 08:17:31,122 [OM StateMachine ApplyTransaction Thread - 0] INFO  key.OMKeyRequest (OMKeyRequest.java:wrapUncommittedBlocksAsPseudoKey(837)) - Detect allocated but uncommitted blocks [{blockID={containerID=1, localID=111677748019200031}, length=4194304, offset=0, token=null, pipeline=null, createVersion=0, partNumber=0}] in key testCreateDoesNotAddParentDirKeys/parent/child.
]]></system-out>
  </testcase>
  <testcase name="testCreateDoesNotAddParentDirKeys" classname="TestOzoneFileSystem" time="0.028">
    <system-out><![CDATA[2023-02-14 08:18:29,669 [IPC Server handler 12 on default port 34455] INFO  key.OMKeyRequest (OMKeyRequest.java:wrapUncommittedBlocksAsPseudoKey(837)) - Detect allocated but uncommitted blocks [{blockID={containerID=1, localID=111677748019200031}, length=4194304, offset=0, token=null, pipeline=null, createVersion=0, partNumber=0}] in key testCreateDoesNotAddParentDirKeys/parent/child.
]]></system-out>
  </testcase>
  <testcase name="testCreateDoesNotAddParentDirKeys" classname="TestOzoneFileSystem" time="0.035">
    <system-out><![CDATA[2023-02-14 08:19:12,691 [OM StateMachine ApplyTransaction Thread - 0] INFO  key.OMKeyRequest (OMKeyRequest.java:wrapUncommittedBlocksAsPseudoKey(837)) - Detect allocated but uncommitted blocks [{blockID={containerID=2, localID=111677748019200031}, length=4194304, offset=0, token=null, pipeline=null, createVersion=0, partNumber=0}] in key testCreateDoesNotAddParentDirKeys/parent/child.
]]></system-out>
  </testcase>
  <testcase name="testCreateDoesNotAddParentDirKeys" classname="TestOzoneFileSystem" time="0.032">
    <system-out><![CDATA[2023-02-14 08:19:59,442 [IPC Server handler 16 on default port 42497] INFO  key.OMKeyRequest (OMKeyRequest.java:wrapUncommittedBlocksAsPseudoKey(837)) - Detect allocated but uncommitted blocks [{blockID={containerID=1, localID=111677748019200031}, length=4194304, offset=0, token=null, pipeline=null, createVersion=0, partNumber=0}] in key testCreateDoesNotAddParentDirKeys/parent/child.
]]></system-out>
  </testcase>
  <testcase name="testDeleteCreatesFakeParentDir" classname="TestOzoneFileSystem" time="0.036">
    <system-out><![CDATA[2023-02-14 08:17:31,166 [OM StateMachine ApplyTransaction Thread - 0] INFO  key.OMKeyRequest (OMKeyRequest.java:wrapUncommittedBlocksAsPseudoKey(837)) - Detect allocated but uncommitted blocks [{blockID={containerID=2, localID=111677748019200032}, length=4194304, offset=0, token=null, pipeline=null, createVersion=0, partNumber=0}] in key testDeleteCreatesFakeParentDir/parent/child.
]]></system-out>
  </testcase>
  <testcase name="testDeleteCreatesFakeParentDir" classname="TestOzoneFileSystem" time="0.028">
    <system-out><![CDATA[2023-02-14 08:18:29,700 [IPC Server handler 10 on default port 34455] INFO  key.OMKeyRequest (OMKeyRequest.java:wrapUncommittedBlocksAsPseudoKey(837)) - Detect allocated but uncommitted blocks [{blockID={containerID=2, localID=111677748019200032}, length=4194304, offset=0, token=null, pipeline=null, createVersion=0, partNumber=0}] in key testDeleteCreatesFakeParentDir/parent/child.
]]></system-out>
  </testcase>
  <testcase name="testDeleteCreatesFakeParentDir" classname="TestOzoneFileSystem" time="0.023">
    <system-out><![CDATA[2023-02-14 08:19:12,721 [OM StateMachine ApplyTransaction Thread - 0] INFO  key.OMKeyRequest (OMKeyRequest.java:wrapUncommittedBlocksAsPseudoKey(837)) - Detect allocated but uncommitted blocks [{blockID={containerID=1, localID=111677748019200032}, length=4194304, offset=0, token=null, pipeline=null, createVersion=0, partNumber=0}] in key testDeleteCreatesFakeParentDir/parent/child.
]]></system-out>
  </testcase>
  <testcase name="testDeleteCreatesFakeParentDir" classname="TestOzoneFileSystem" time="0.017">
    <system-out><![CDATA[2023-02-14 08:19:59,476 [IPC Server handler 10 on default port 42497] INFO  key.OMKeyRequest (OMKeyRequest.java:wrapUncommittedBlocksAsPseudoKey(837)) - Detect allocated but uncommitted blocks [{blockID={containerID=2, localID=111677748019200032}, length=4194304, offset=0, token=null, pipeline=null, createVersion=0, partNumber=0}] in key testDeleteCreatesFakeParentDir/parent/child.
]]></system-out>
  </testcase>
  <testcase name="testListStatusOnKeyNameContainDelimiter" classname="TestOzoneFileSystem" time="0.035">
    <system-out><![CDATA[2023-02-14 08:17:31,213 [OM StateMachine ApplyTransaction Thread - 0] INFO  key.OMKeyRequest (OMKeyRequest.java:wrapUncommittedBlocksAsPseudoKey(837)) - Detect allocated but uncommitted blocks [{blockID={containerID=3, localID=111677748019200033}, length=4194304, offset=0, token=null, pipeline=null, createVersion=0, partNumber=0}] in key dir1/dir2/key1.
]]></system-out>
  </testcase>
  <testcase name="testListStatusOnKeyNameContainDelimiter" classname="TestOzoneFileSystem" time="0.021">
    <system-out><![CDATA[2023-02-14 08:18:29,734 [IPC Server handler 7 on default port 34455] INFO  key.OMKeyRequest (OMKeyRequest.java:wrapUncommittedBlocksAsPseudoKey(837)) - Detect allocated but uncommitted blocks [{blockID={containerID=3, localID=111677748019200033}, length=4194304, offset=0, token=null, pipeline=null, createVersion=0, partNumber=0}] in key dir1/dir2/key1.
]]></system-out>
  </testcase>
  <testcase name="testListStatusOnKeyNameContainDelimiter" classname="TestOzoneFileSystem" time="0.016">
    <system-out><![CDATA[2023-02-14 08:19:12,753 [OM StateMachine ApplyTransaction Thread - 0] INFO  key.OMKeyRequest (OMKeyRequest.java:wrapUncommittedBlocksAsPseudoKey(837)) - Detect allocated but uncommitted blocks [{blockID={containerID=5, localID=111677748019200033}, length=4194304, offset=0, token=null, pipeline=null, createVersion=0, partNumber=0}] in key dir1/dir2/key1.
]]></system-out>
  </testcase>
  <testcase name="testListStatusOnKeyNameContainDelimiter" classname="TestOzoneFileSystem" time="0.013">
    <system-out><![CDATA[2023-02-14 08:19:59,498 [IPC Server handler 12 on default port 42497] INFO  key.OMKeyRequest (OMKeyRequest.java:wrapUncommittedBlocksAsPseudoKey(837)) - Detect allocated but uncommitted blocks [{blockID={containerID=3, localID=111677748019200033}, length=4194304, offset=0, token=null, pipeline=null, createVersion=0, partNumber=0}] in key dir1/dir2/key1.
]]></system-out>
  </testcase>
  <testcase name="testNonExplicitlyCreatedPathExistsAfterItsLeafsWereRemoved" classname="TestOzoneFileSystem" time="0.045">
    <system-out><![CDATA[08:17:31.242 [IPC Server handler 18 on default port 34711] ERROR OMAudit - user=runner | ip=127.0.0.1 | op=GET_FILE_STATUS {volume=volume67802, bucket=bucket15311, key=target/leaf, dataSize=0, replicationConfig=null} | ret=FAILURE
org.apache.hadoop.ozone.om.exceptions.OMException: Unable to get file status: volume: volume67802 bucket: bucket15311 key: target/leaf
	at org.apache.hadoop.ozone.om.KeyManagerImpl.getOzoneFileStatus(KeyManagerImpl.java:1162) ~[ozone-manager-1.4.0-SNAPSHOT.jar:?]
	at org.apache.hadoop.ozone.om.KeyManagerImpl.getFileStatus(KeyManagerImpl.java:1080) ~[ozone-manager-1.4.0-SNAPSHOT.jar:?]
	at org.apache.hadoop.ozone.om.OmMetadataReader.getFileStatus(OmMetadataReader.java:288) ~[ozone-manager-1.4.0-SNAPSHOT.jar:?]
	at org.apache.hadoop.ozone.om.OzoneManager.getFileStatus(OzoneManager.java:3449) ~[ozone-manager-1.4.0-SNAPSHOT.jar:?]
	at org.apache.hadoop.ozone.protocolPB.OzoneManagerRequestHandler.getOzoneFileStatus(OzoneManagerRequestHandler.java:933) ~[ozone-manager-1.4.0-SNAPSHOT.jar:?]
	at org.apache.hadoop.ozone.protocolPB.OzoneManagerRequestHandler.handleReadRequest(OzoneManagerRequestHandler.java:238) ~[ozone-manager-1.4.0-SNAPSHOT.jar:?]
	at org.apache.hadoop.ozone.protocolPB.OzoneManagerProtocolServerSideTranslatorPB.submitReadRequestToOM(OzoneManagerProtocolServerSideTranslatorPB.java:223) ~[ozone-manager-1.4.0-SNAPSHOT.jar:?]
	at org.apache.hadoop.ozone.protocolPB.OzoneManagerProtocolServerSideTranslatorPB.processRequest(OzoneManagerProtocolServerSideTranslatorPB.java:177) ~[ozone-manager-1.4.0-SNAPSHOT.jar:?]
	at org.apache.hadoop.hdds.server.OzoneProtocolMessageDispatcher.processRequest(OzoneProtocolMessageDispatcher.java:87) [hdds-server-framework-1.4.0-SNAPSHOT.jar:?]
	at org.apache.hadoop.ozone.protocolPB.OzoneManagerProtocolServerSideTranslatorPB.submitRequest(OzoneManagerProtocolServerSideTranslatorPB.java:147) [ozone-manager-1.4.0-SNAPSHOT.jar:?]
	at org.apache.hadoop.ozone.protocol.proto.OzoneManagerProtocolProtos$OzoneManagerService$2.callBlockingMethod(OzoneManagerProtocolProtos.java) [ozone-interface-client-1.4.0-SNAPSHOT.jar:?]
	at org.apache.hadoop.ipc.ProtobufRpcEngine$Server.processCall(ProtobufRpcEngine.java:465) [hadoop-common-3.3.4.jar:?]
	at org.apache.hadoop.ipc.ProtobufRpcEngine2$Server$ProtoBufRpcInvoker.call(ProtobufRpcEngine2.java:578) [hadoop-common-3.3.4.jar:?]
	at org.apache.hadoop.ipc.ProtobufRpcEngine2$Server$ProtoBufRpcInvoker.call(ProtobufRpcEngine2.java:556) [hadoop-common-3.3.4.jar:?]
	at org.apache.hadoop.ipc.RPC$Server.call(RPC.java:1093) [hadoop-common-3.3.4.jar:?]
	at org.apache.hadoop.ipc.Server$RpcCall.run(Server.java:1043) [hadoop-common-3.3.4.jar:?]
	at org.apache.hadoop.ipc.Server$RpcCall.run(Server.java:971) [hadoop-common-3.3.4.jar:?]
	at java.security.AccessController.doPrivileged(Native Method) ~[?:1.8.0_362]
	at javax.security.auth.Subject.doAs(Subject.java:422) [?:1.8.0_362]
	at org.apache.hadoop.security.UserGroupInformation.doAs(UserGroupInformation.java:1878) [hadoop-common-3.3.4.jar:?]
	at org.apache.hadoop.ipc.Server$Handler.run(Server.java:2976) [hadoop-common-3.3.4.jar:?]
]]></system-out>
  </testcase>
  <testcase name="testNonExplicitlyCreatedPathExistsAfterItsLeafsWereRemoved" classname="TestOzoneFileSystem" time="0.013">
    <system-out><![CDATA[08:18:29.746 [IPC Server handler 0 on default port 34455] ERROR OMAudit - user=runner | ip=127.0.0.1 | op=GET_FILE_STATUS {volume=volume94786, bucket=bucket02286, key=target/leaf, dataSize=0, replicationConfig=null} | ret=FAILURE
org.apache.hadoop.ozone.om.exceptions.OMException: Unable to get file status: volume: volume94786 bucket: bucket02286 key: target/leaf
	at org.apache.hadoop.ozone.om.KeyManagerImpl.getOzoneFileStatus(KeyManagerImpl.java:1162) ~[ozone-manager-1.4.0-SNAPSHOT.jar:?]
	at org.apache.hadoop.ozone.om.KeyManagerImpl.getFileStatus(KeyManagerImpl.java:1080) ~[ozone-manager-1.4.0-SNAPSHOT.jar:?]
	at org.apache.hadoop.ozone.om.OmMetadataReader.getFileStatus(OmMetadataReader.java:288) ~[ozone-manager-1.4.0-SNAPSHOT.jar:?]
	at org.apache.hadoop.ozone.om.OzoneManager.getFileStatus(OzoneManager.java:3449) ~[ozone-manager-1.4.0-SNAPSHOT.jar:?]
	at org.apache.hadoop.ozone.protocolPB.OzoneManagerRequestHandler.getOzoneFileStatus(OzoneManagerRequestHandler.java:933) ~[ozone-manager-1.4.0-SNAPSHOT.jar:?]
	at org.apache.hadoop.ozone.protocolPB.OzoneManagerRequestHandler.handleReadRequest(OzoneManagerRequestHandler.java:238) ~[ozone-manager-1.4.0-SNAPSHOT.jar:?]
	at org.apache.hadoop.ozone.protocolPB.OzoneManagerProtocolServerSideTranslatorPB.submitRequestDirectlyToOM(OzoneManagerProtocolServerSideTranslatorPB.java:271) ~[ozone-manager-1.4.0-SNAPSHOT.jar:?]
	at org.apache.hadoop.ozone.protocolPB.OzoneManagerProtocolServerSideTranslatorPB.processRequest(OzoneManagerProtocolServerSideTranslatorPB.java:173) ~[ozone-manager-1.4.0-SNAPSHOT.jar:?]
	at org.apache.hadoop.hdds.server.OzoneProtocolMessageDispatcher.processRequest(OzoneProtocolMessageDispatcher.java:87) [hdds-server-framework-1.4.0-SNAPSHOT.jar:?]
	at org.apache.hadoop.ozone.protocolPB.OzoneManagerProtocolServerSideTranslatorPB.submitRequest(OzoneManagerProtocolServerSideTranslatorPB.java:147) [ozone-manager-1.4.0-SNAPSHOT.jar:?]
	at org.apache.hadoop.ozone.protocol.proto.OzoneManagerProtocolProtos$OzoneManagerService$2.callBlockingMethod(OzoneManagerProtocolProtos.java) [ozone-interface-client-1.4.0-SNAPSHOT.jar:?]
	at org.apache.hadoop.ipc.ProtobufRpcEngine$Server.processCall(ProtobufRpcEngine.java:465) [hadoop-common-3.3.4.jar:?]
	at org.apache.hadoop.ipc.ProtobufRpcEngine2$Server$ProtoBufRpcInvoker.call(ProtobufRpcEngine2.java:578) [hadoop-common-3.3.4.jar:?]
	at org.apache.hadoop.ipc.ProtobufRpcEngine2$Server$ProtoBufRpcInvoker.call(ProtobufRpcEngine2.java:556) [hadoop-common-3.3.4.jar:?]
	at org.apache.hadoop.ipc.RPC$Server.call(RPC.java:1093) [hadoop-common-3.3.4.jar:?]
	at org.apache.hadoop.ipc.Server$RpcCall.run(Server.java:1043) [hadoop-common-3.3.4.jar:?]
	at org.apache.hadoop.ipc.Server$RpcCall.run(Server.java:971) [hadoop-common-3.3.4.jar:?]
	at java.security.AccessController.doPrivileged(Native Method) ~[?:1.8.0_362]
	at javax.security.auth.Subject.doAs(Subject.java:422) [?:1.8.0_362]
	at org.apache.hadoop.security.UserGroupInformation.doAs(UserGroupInformation.java:1878) [hadoop-common-3.3.4.jar:?]
	at org.apache.hadoop.ipc.Server$Handler.run(Server.java:2976) [hadoop-common-3.3.4.jar:?]
]]></system-out>
  </testcase>
  <testcase name="testNonExplicitlyCreatedPathExistsAfterItsLeafsWereRemoved" classname="TestOzoneFileSystem" time="0.017">
    <system-out><![CDATA[08:19:12.766 [IPC Server handler 18 on default port 32845] ERROR OMAudit - user=runner | ip=127.0.0.1 | op=GET_FILE_STATUS {volume=volume29101, bucket=bucket05375, key=target/leaf, dataSize=0, replicationConfig=null} | ret=FAILURE
org.apache.hadoop.ozone.om.exceptions.OMException: Unable to get file status: volume: volume29101 bucket: bucket05375 key: target/leaf
	at org.apache.hadoop.ozone.om.KeyManagerImpl.getOzoneFileStatus(KeyManagerImpl.java:1162) ~[ozone-manager-1.4.0-SNAPSHOT.jar:?]
	at org.apache.hadoop.ozone.om.KeyManagerImpl.getFileStatus(KeyManagerImpl.java:1080) ~[ozone-manager-1.4.0-SNAPSHOT.jar:?]
	at org.apache.hadoop.ozone.om.OmMetadataReader.getFileStatus(OmMetadataReader.java:288) ~[ozone-manager-1.4.0-SNAPSHOT.jar:?]
	at org.apache.hadoop.ozone.om.OzoneManager.getFileStatus(OzoneManager.java:3449) ~[ozone-manager-1.4.0-SNAPSHOT.jar:?]
	at org.apache.hadoop.ozone.protocolPB.OzoneManagerRequestHandler.getOzoneFileStatus(OzoneManagerRequestHandler.java:933) ~[ozone-manager-1.4.0-SNAPSHOT.jar:?]
	at org.apache.hadoop.ozone.protocolPB.OzoneManagerRequestHandler.handleReadRequest(OzoneManagerRequestHandler.java:238) ~[ozone-manager-1.4.0-SNAPSHOT.jar:?]
	at org.apache.hadoop.ozone.protocolPB.OzoneManagerProtocolServerSideTranslatorPB.submitReadRequestToOM(OzoneManagerProtocolServerSideTranslatorPB.java:223) ~[ozone-manager-1.4.0-SNAPSHOT.jar:?]
	at org.apache.hadoop.ozone.protocolPB.OzoneManagerProtocolServerSideTranslatorPB.processRequest(OzoneManagerProtocolServerSideTranslatorPB.java:177) ~[ozone-manager-1.4.0-SNAPSHOT.jar:?]
	at org.apache.hadoop.hdds.server.OzoneProtocolMessageDispatcher.processRequest(OzoneProtocolMessageDispatcher.java:87) [hdds-server-framework-1.4.0-SNAPSHOT.jar:?]
	at org.apache.hadoop.ozone.protocolPB.OzoneManagerProtocolServerSideTranslatorPB.submitRequest(OzoneManagerProtocolServerSideTranslatorPB.java:147) [ozone-manager-1.4.0-SNAPSHOT.jar:?]
	at org.apache.hadoop.ozone.protocol.proto.OzoneManagerProtocolProtos$OzoneManagerService$2.callBlockingMethod(OzoneManagerProtocolProtos.java) [ozone-interface-client-1.4.0-SNAPSHOT.jar:?]
	at org.apache.hadoop.ipc.ProtobufRpcEngine$Server.processCall(ProtobufRpcEngine.java:465) [hadoop-common-3.3.4.jar:?]
	at org.apache.hadoop.ipc.ProtobufRpcEngine2$Server$ProtoBufRpcInvoker.call(ProtobufRpcEngine2.java:578) [hadoop-common-3.3.4.jar:?]
	at org.apache.hadoop.ipc.ProtobufRpcEngine2$Server$ProtoBufRpcInvoker.call(ProtobufRpcEngine2.java:556) [hadoop-common-3.3.4.jar:?]
	at org.apache.hadoop.ipc.RPC$Server.call(RPC.java:1093) [hadoop-common-3.3.4.jar:?]
	at org.apache.hadoop.ipc.Server$RpcCall.run(Server.java:1043) [hadoop-common-3.3.4.jar:?]
	at org.apache.hadoop.ipc.Server$RpcCall.run(Server.java:971) [hadoop-common-3.3.4.jar:?]
	at java.security.AccessController.doPrivileged(Native Method) ~[?:1.8.0_362]
	at javax.security.auth.Subject.doAs(Subject.java:422) [?:1.8.0_362]
	at org.apache.hadoop.security.UserGroupInformation.doAs(UserGroupInformation.java:1878) [hadoop-common-3.3.4.jar:?]
	at org.apache.hadoop.ipc.Server$Handler.run(Server.java:2976) [hadoop-common-3.3.4.jar:?]
]]></system-out>
  </testcase>
  <testcase name="testNonExplicitlyCreatedPathExistsAfterItsLeafsWereRemoved" classname="TestOzoneFileSystem" time="0.011">
    <system-out><![CDATA[08:19:59.508 [IPC Server handler 14 on default port 42497] ERROR OMAudit - user=runner | ip=127.0.0.1 | op=GET_FILE_STATUS {volume=volume12456, bucket=bucket20487, key=target/leaf, dataSize=0, replicationConfig=null} | ret=FAILURE
org.apache.hadoop.ozone.om.exceptions.OMException: Unable to get file status: volume: volume12456 bucket: bucket20487 key: target/leaf
	at org.apache.hadoop.ozone.om.KeyManagerImpl.getOzoneFileStatus(KeyManagerImpl.java:1162) ~[ozone-manager-1.4.0-SNAPSHOT.jar:?]
	at org.apache.hadoop.ozone.om.KeyManagerImpl.getFileStatus(KeyManagerImpl.java:1080) ~[ozone-manager-1.4.0-SNAPSHOT.jar:?]
	at org.apache.hadoop.ozone.om.OmMetadataReader.getFileStatus(OmMetadataReader.java:288) ~[ozone-manager-1.4.0-SNAPSHOT.jar:?]
	at org.apache.hadoop.ozone.om.OzoneManager.getFileStatus(OzoneManager.java:3449) ~[ozone-manager-1.4.0-SNAPSHOT.jar:?]
	at org.apache.hadoop.ozone.protocolPB.OzoneManagerRequestHandler.getOzoneFileStatus(OzoneManagerRequestHandler.java:933) ~[ozone-manager-1.4.0-SNAPSHOT.jar:?]
	at org.apache.hadoop.ozone.protocolPB.OzoneManagerRequestHandler.handleReadRequest(OzoneManagerRequestHandler.java:238) ~[ozone-manager-1.4.0-SNAPSHOT.jar:?]
	at org.apache.hadoop.ozone.protocolPB.OzoneManagerProtocolServerSideTranslatorPB.submitRequestDirectlyToOM(OzoneManagerProtocolServerSideTranslatorPB.java:271) ~[ozone-manager-1.4.0-SNAPSHOT.jar:?]
	at org.apache.hadoop.ozone.protocolPB.OzoneManagerProtocolServerSideTranslatorPB.processRequest(OzoneManagerProtocolServerSideTranslatorPB.java:173) ~[ozone-manager-1.4.0-SNAPSHOT.jar:?]
	at org.apache.hadoop.hdds.server.OzoneProtocolMessageDispatcher.processRequest(OzoneProtocolMessageDispatcher.java:87) [hdds-server-framework-1.4.0-SNAPSHOT.jar:?]
	at org.apache.hadoop.ozone.protocolPB.OzoneManagerProtocolServerSideTranslatorPB.submitRequest(OzoneManagerProtocolServerSideTranslatorPB.java:147) [ozone-manager-1.4.0-SNAPSHOT.jar:?]
	at org.apache.hadoop.ozone.protocol.proto.OzoneManagerProtocolProtos$OzoneManagerService$2.callBlockingMethod(OzoneManagerProtocolProtos.java) [ozone-interface-client-1.4.0-SNAPSHOT.jar:?]
	at org.apache.hadoop.ipc.ProtobufRpcEngine$Server.processCall(ProtobufRpcEngine.java:465) [hadoop-common-3.3.4.jar:?]
	at org.apache.hadoop.ipc.ProtobufRpcEngine2$Server$ProtoBufRpcInvoker.call(ProtobufRpcEngine2.java:578) [hadoop-common-3.3.4.jar:?]
	at org.apache.hadoop.ipc.ProtobufRpcEngine2$Server$ProtoBufRpcInvoker.call(ProtobufRpcEngine2.java:556) [hadoop-common-3.3.4.jar:?]
	at org.apache.hadoop.ipc.RPC$Server.call(RPC.java:1093) [hadoop-common-3.3.4.jar:?]
	at org.apache.hadoop.ipc.Server$RpcCall.run(Server.java:1043) [hadoop-common-3.3.4.jar:?]
	at org.apache.hadoop.ipc.Server$RpcCall.run(Server.java:971) [hadoop-common-3.3.4.jar:?]
	at java.security.AccessController.doPrivileged(Native Method) ~[?:1.8.0_362]
	at javax.security.auth.Subject.doAs(Subject.java:422) [?:1.8.0_362]
	at org.apache.hadoop.security.UserGroupInformation.doAs(UserGroupInformation.java:1878) [hadoop-common-3.3.4.jar:?]
	at org.apache.hadoop.ipc.Server$Handler.run(Server.java:2976) [hadoop-common-3.3.4.jar:?]
]]></system-out>
  </testcase>
  <testcase name="testCreateFileShouldCheckExistenceOfDirWithSameName" classname="TestOzoneFileSystem" time="0.047">
    <system-out><![CDATA[2023-02-14 08:17:31,282 [OM StateMachine ApplyTransaction Thread - 0] INFO  key.OMKeyRequest (OMKeyRequest.java:wrapUncommittedBlocksAsPseudoKey(837)) - Detect allocated but uncommitted blocks [{blockID={containerID=1, localID=111677748019200034}, length=4194304, offset=0, token=null, pipeline=null, createVersion=0, partNumber=0}] in key d1/d2/d3/d4/key1.
08:17:31.289 [OM StateMachine ApplyTransaction Thread - 0] ERROR OMAudit - user=runner | ip=127.0.0.1 | op=CREATE_FILE {volume=volume67802, bucket=bucket15311, key=d1/d2/d3/d4/key2, dataSize=4194304, replicationType=RATIS, replicationFactor=THREE} | ret=FAILURE
org.apache.hadoop.ozone.om.exceptions.OMException: Can not write to directory: d1/d2/d3/d4/key2
	at org.apache.hadoop.ozone.om.request.file.OMFileCreateRequest.checkDirectoryResult(OMFileCreateRequest.java:367) ~[ozone-manager-1.4.0-SNAPSHOT.jar:?]
	at org.apache.hadoop.ozone.om.request.file.OMFileCreateRequest.validateAndUpdateCache(OMFileCreateRequest.java:241) ~[ozone-manager-1.4.0-SNAPSHOT.jar:?]
	at org.apache.hadoop.ozone.protocolPB.OzoneManagerRequestHandler.handleWriteRequest(OzoneManagerRequestHandler.java:337) ~[ozone-manager-1.4.0-SNAPSHOT.jar:?]
	at org.apache.hadoop.ozone.om.ratis.OzoneManagerStateMachine.runCommand(OzoneManagerStateMachine.java:533) ~[ozone-manager-1.4.0-SNAPSHOT.jar:?]
	at org.apache.hadoop.ozone.om.ratis.OzoneManagerStateMachine.lambda$1(OzoneManagerStateMachine.java:324) ~[ozone-manager-1.4.0-SNAPSHOT.jar:?]
	at java.util.concurrent.CompletableFuture$AsyncSupply.run(CompletableFuture.java:1604) [?:1.8.0_362]
	at java.util.concurrent.ThreadPoolExecutor.runWorker(ThreadPoolExecutor.java:1149) [?:1.8.0_362]
	at java.util.concurrent.ThreadPoolExecutor$Worker.run(ThreadPoolExecutor.java:624) [?:1.8.0_362]
	at java.lang.Thread.run(Thread.java:750) [?:1.8.0_362]
2023-02-14 08:17:31,290 [OM StateMachine ApplyTransaction Thread - 0] ERROR file.OMFileCreateRequest (OMFileCreateRequest.java:validateAndUpdateCache(340)) - File create failed. Volume:volume67802, Bucket:bucket15311, Keyd1/d2/d3/d4/key2.
NOT_A_FILE org.apache.hadoop.ozone.om.exceptions.OMException: Can not write to directory: d1/d2/d3/d4/key2
	at org.apache.hadoop.ozone.om.request.file.OMFileCreateRequest.checkDirectoryResult(OMFileCreateRequest.java:367)
	at org.apache.hadoop.ozone.om.request.file.OMFileCreateRequest.validateAndUpdateCache(OMFileCreateRequest.java:241)
	at org.apache.hadoop.ozone.protocolPB.OzoneManagerRequestHandler.handleWriteRequest(OzoneManagerRequestHandler.java:337)
	at org.apache.hadoop.ozone.om.ratis.OzoneManagerStateMachine.runCommand(OzoneManagerStateMachine.java:533)
	at org.apache.hadoop.ozone.om.ratis.OzoneManagerStateMachine.lambda$1(OzoneManagerStateMachine.java:324)
	at java.util.concurrent.CompletableFuture$AsyncSupply.run(CompletableFuture.java:1604)
	at java.util.concurrent.ThreadPoolExecutor.runWorker(ThreadPoolExecutor.java:1149)
	at java.util.concurrent.ThreadPoolExecutor$Worker.run(ThreadPoolExecutor.java:624)
	at java.lang.Thread.run(Thread.java:750)
2023-02-14 08:17:31,298 [OM StateMachine ApplyTransaction Thread - 0] INFO  key.OMKeyRequest (OMKeyRequest.java:wrapUncommittedBlocksAsPseudoKey(837)) - Detect allocated but uncommitted blocks [{blockID={containerID=1, localID=111677748019200036}, length=4194304, offset=0, token=null, pipeline=null, createVersion=0, partNumber=0}] in key d1/d2/d3/d4/key3.
08:17:31.301 [OM StateMachine ApplyTransaction Thread - 0] ERROR OMAudit - user=runner | ip=127.0.0.1 | op=CREATE_DIRECTORY {volume=volume67802, bucket=bucket15311, key=d1/d2/d3/d4/key3, dataSize=0, replicationType=NONE, replicationFactor=ZERO} | ret=FAILURE
org.apache.hadoop.ozone.om.exceptions.OMException: Unable to create directory: d1/d2/d3/d4/key3 in volume/bucket: volume67802/bucket15311
	at org.apache.hadoop.ozone.om.request.file.OMDirectoryCreateRequest.validateAndUpdateCache(OMDirectoryCreateRequest.java:199) ~[ozone-manager-1.4.0-SNAPSHOT.jar:?]
	at org.apache.hadoop.ozone.protocolPB.OzoneManagerRequestHandler.handleWriteRequest(OzoneManagerRequestHandler.java:337) ~[ozone-manager-1.4.0-SNAPSHOT.jar:?]
	at org.apache.hadoop.ozone.om.ratis.OzoneManagerStateMachine.runCommand(OzoneManagerStateMachine.java:533) ~[ozone-manager-1.4.0-SNAPSHOT.jar:?]
	at org.apache.hadoop.ozone.om.ratis.OzoneManagerStateMachine.lambda$1(OzoneManagerStateMachine.java:324) ~[ozone-manager-1.4.0-SNAPSHOT.jar:?]
	at java.util.concurrent.CompletableFuture$AsyncSupply.run(CompletableFuture.java:1604) [?:1.8.0_362]
	at java.util.concurrent.ThreadPoolExecutor.runWorker(ThreadPoolExecutor.java:1149) [?:1.8.0_362]
	at java.util.concurrent.ThreadPoolExecutor$Worker.run(ThreadPoolExecutor.java:624) [?:1.8.0_362]
	at java.lang.Thread.run(Thread.java:750) [?:1.8.0_362]
2023-02-14 08:17:31,302 [OM StateMachine ApplyTransaction Thread - 0] ERROR file.OMDirectoryCreateRequest (OMDirectoryCreateRequest.java:logResult(339)) - Directory creation failed. Volume:volume67802, Bucket:bucket15311, Keyd1/d2/d3/d4/key3. Exception:{}
FILE_ALREADY_EXISTS org.apache.hadoop.ozone.om.exceptions.OMException: Unable to create directory: d1/d2/d3/d4/key3 in volume/bucket: volume67802/bucket15311
	at org.apache.hadoop.ozone.om.request.file.OMDirectoryCreateRequest.validateAndUpdateCache(OMDirectoryCreateRequest.java:199)
	at org.apache.hadoop.ozone.protocolPB.OzoneManagerRequestHandler.handleWriteRequest(OzoneManagerRequestHandler.java:337)
	at org.apache.hadoop.ozone.om.ratis.OzoneManagerStateMachine.runCommand(OzoneManagerStateMachine.java:533)
	at org.apache.hadoop.ozone.om.ratis.OzoneManagerStateMachine.lambda$1(OzoneManagerStateMachine.java:324)
	at java.util.concurrent.CompletableFuture$AsyncSupply.run(CompletableFuture.java:1604)
	at java.util.concurrent.ThreadPoolExecutor.runWorker(ThreadPoolExecutor.java:1149)
	at java.util.concurrent.ThreadPoolExecutor$Worker.run(ThreadPoolExecutor.java:624)
	at java.lang.Thread.run(Thread.java:750)
08:17:31.306 [OM StateMachine ApplyTransaction Thread - 0] ERROR OMAudit - user=runner | ip=127.0.0.1 | op=CREATE_FILE {volume=volume67802, bucket=bucket15311, key=d1/d2/d3, dataSize=4194304, replicationType=RATIS, replicationFactor=THREE} | ret=FAILURE
org.apache.hadoop.ozone.om.exceptions.OMException: Can not write to directory: d1/d2/d3
	at org.apache.hadoop.ozone.om.request.file.OMFileCreateRequest.checkDirectoryResult(OMFileCreateRequest.java:367) ~[ozone-manager-1.4.0-SNAPSHOT.jar:?]
	at org.apache.hadoop.ozone.om.request.file.OMFileCreateRequest.validateAndUpdateCache(OMFileCreateRequest.java:241) ~[ozone-manager-1.4.0-SNAPSHOT.jar:?]
	at org.apache.hadoop.ozone.protocolPB.OzoneManagerRequestHandler.handleWriteRequest(OzoneManagerRequestHandler.java:337) ~[ozone-manager-1.4.0-SNAPSHOT.jar:?]
	at org.apache.hadoop.ozone.om.ratis.OzoneManagerStateMachine.runCommand(OzoneManagerStateMachine.java:533) ~[ozone-manager-1.4.0-SNAPSHOT.jar:?]
	at org.apache.hadoop.ozone.om.ratis.OzoneManagerStateMachine.lambda$1(OzoneManagerStateMachine.java:324) ~[ozone-manager-1.4.0-SNAPSHOT.jar:?]
	at java.util.concurrent.CompletableFuture$AsyncSupply.run(CompletableFuture.java:1604) [?:1.8.0_362]
	at java.util.concurrent.ThreadPoolExecutor.runWorker(ThreadPoolExecutor.java:1149) [?:1.8.0_362]
	at java.util.concurrent.ThreadPoolExecutor$Worker.run(ThreadPoolExecutor.java:624) [?:1.8.0_362]
	at java.lang.Thread.run(Thread.java:750) [?:1.8.0_362]
2023-02-14 08:17:31,306 [OM StateMachine ApplyTransaction Thread - 0] ERROR file.OMFileCreateRequest (OMFileCreateRequest.java:validateAndUpdateCache(340)) - File create failed. Volume:volume67802, Bucket:bucket15311, Keyd1/d2/d3.
NOT_A_FILE org.apache.hadoop.ozone.om.exceptions.OMException: Can not write to directory: d1/d2/d3
	at org.apache.hadoop.ozone.om.request.file.OMFileCreateRequest.checkDirectoryResult(OMFileCreateRequest.java:367)
	at org.apache.hadoop.ozone.om.request.file.OMFileCreateRequest.validateAndUpdateCache(OMFileCreateRequest.java:241)
	at org.apache.hadoop.ozone.protocolPB.OzoneManagerRequestHandler.handleWriteRequest(OzoneManagerRequestHandler.java:337)
	at org.apache.hadoop.ozone.om.ratis.OzoneManagerStateMachine.runCommand(OzoneManagerStateMachine.java:533)
	at org.apache.hadoop.ozone.om.ratis.OzoneManagerStateMachine.lambda$1(OzoneManagerStateMachine.java:324)
	at java.util.concurrent.CompletableFuture$AsyncSupply.run(CompletableFuture.java:1604)
	at java.util.concurrent.ThreadPoolExecutor.runWorker(ThreadPoolExecutor.java:1149)
	at java.util.concurrent.ThreadPoolExecutor$Worker.run(ThreadPoolExecutor.java:624)
	at java.lang.Thread.run(Thread.java:750)
08:17:31.308 [IPC Server handler 6 on default port 34711] ERROR OMAudit - user=runner | ip=127.0.0.1 | op=GET_FILE_STATUS {volume=volume67802, bucket=bucket15311, key=d1/d2/d3/d4/key3/invalid, dataSize=0, replicationConfig=null} | ret=FAILURE
org.apache.hadoop.ozone.om.exceptions.OMException: Unable to get file status: volume: volume67802 bucket: bucket15311 key: d1/d2/d3/d4/key3/invalid
	at org.apache.hadoop.ozone.om.KeyManagerImpl.getOzoneFileStatus(KeyManagerImpl.java:1162) ~[ozone-manager-1.4.0-SNAPSHOT.jar:?]
	at org.apache.hadoop.ozone.om.KeyManagerImpl.getFileStatus(KeyManagerImpl.java:1080) ~[ozone-manager-1.4.0-SNAPSHOT.jar:?]
	at org.apache.hadoop.ozone.om.OmMetadataReader.getFileStatus(OmMetadataReader.java:288) ~[ozone-manager-1.4.0-SNAPSHOT.jar:?]
	at org.apache.hadoop.ozone.om.OzoneManager.getFileStatus(OzoneManager.java:3449) ~[ozone-manager-1.4.0-SNAPSHOT.jar:?]
	at org.apache.hadoop.ozone.protocolPB.OzoneManagerRequestHandler.getOzoneFileStatus(OzoneManagerRequestHandler.java:933) ~[ozone-manager-1.4.0-SNAPSHOT.jar:?]
	at org.apache.hadoop.ozone.protocolPB.OzoneManagerRequestHandler.handleReadRequest(OzoneManagerRequestHandler.java:238) ~[ozone-manager-1.4.0-SNAPSHOT.jar:?]
	at org.apache.hadoop.ozone.protocolPB.OzoneManagerProtocolServerSideTranslatorPB.submitReadRequestToOM(OzoneManagerProtocolServerSideTranslatorPB.java:223) ~[ozone-manager-1.4.0-SNAPSHOT.jar:?]
	at org.apache.hadoop.ozone.protocolPB.OzoneManagerProtocolServerSideTranslatorPB.processRequest(OzoneManagerProtocolServerSideTranslatorPB.java:177) ~[ozone-manager-1.4.0-SNAPSHOT.jar:?]
	at org.apache.hadoop.hdds.server.OzoneProtocolMessageDispatcher.processRequest(OzoneProtocolMessageDispatcher.java:87) [hdds-server-framework-1.4.0-SNAPSHOT.jar:?]
	at org.apache.hadoop.ozone.protocolPB.OzoneManagerProtocolServerSideTranslatorPB.submitRequest(OzoneManagerProtocolServerSideTranslatorPB.java:147) [ozone-manager-1.4.0-SNAPSHOT.jar:?]
	at org.apache.hadoop.ozone.protocol.proto.OzoneManagerProtocolProtos$OzoneManagerService$2.callBlockingMethod(OzoneManagerProtocolProtos.java) [ozone-interface-client-1.4.0-SNAPSHOT.jar:?]
	at org.apache.hadoop.ipc.ProtobufRpcEngine$Server.processCall(ProtobufRpcEngine.java:465) [hadoop-common-3.3.4.jar:?]
	at org.apache.hadoop.ipc.ProtobufRpcEngine2$Server$ProtoBufRpcInvoker.call(ProtobufRpcEngine2.java:578) [hadoop-common-3.3.4.jar:?]
	at org.apache.hadoop.ipc.ProtobufRpcEngine2$Server$ProtoBufRpcInvoker.call(ProtobufRpcEngine2.java:556) [hadoop-common-3.3.4.jar:?]
	at org.apache.hadoop.ipc.RPC$Server.call(RPC.java:1093) [hadoop-common-3.3.4.jar:?]
	at org.apache.hadoop.ipc.Server$RpcCall.run(Server.java:1043) [hadoop-common-3.3.4.jar:?]
	at org.apache.hadoop.ipc.Server$RpcCall.run(Server.java:971) [hadoop-common-3.3.4.jar:?]
	at java.security.AccessController.doPrivileged(Native Method) ~[?:1.8.0_362]
	at javax.security.auth.Subject.doAs(Subject.java:422) [?:1.8.0_362]
	at org.apache.hadoop.security.UserGroupInformation.doAs(UserGroupInformation.java:1878) [hadoop-common-3.3.4.jar:?]
	at org.apache.hadoop.ipc.Server$Handler.run(Server.java:2976) [hadoop-common-3.3.4.jar:?]
08:17:31.309 [IPC Server handler 7 on default port 34711] ERROR OMAudit - user=runner | ip=127.0.0.1 | op=GET_FILE_STATUS {volume=volume67802, bucket=bucket15311, key=d1/d2/d3/d4/invalidkey, dataSize=0, replicationConfig=null} | ret=FAILURE
org.apache.hadoop.ozone.om.exceptions.OMException: Unable to get file status: volume: volume67802 bucket: bucket15311 key: d1/d2/d3/d4/invalidkey
	at org.apache.hadoop.ozone.om.KeyManagerImpl.getOzoneFileStatus(KeyManagerImpl.java:1162) ~[ozone-manager-1.4.0-SNAPSHOT.jar:?]
	at org.apache.hadoop.ozone.om.KeyManagerImpl.getFileStatus(KeyManagerImpl.java:1080) ~[ozone-manager-1.4.0-SNAPSHOT.jar:?]
	at org.apache.hadoop.ozone.om.OmMetadataReader.getFileStatus(OmMetadataReader.java:288) ~[ozone-manager-1.4.0-SNAPSHOT.jar:?]
	at org.apache.hadoop.ozone.om.OzoneManager.getFileStatus(OzoneManager.java:3449) ~[ozone-manager-1.4.0-SNAPSHOT.jar:?]
	at org.apache.hadoop.ozone.protocolPB.OzoneManagerRequestHandler.getOzoneFileStatus(OzoneManagerRequestHandler.java:933) ~[ozone-manager-1.4.0-SNAPSHOT.jar:?]
	at org.apache.hadoop.ozone.protocolPB.OzoneManagerRequestHandler.handleReadRequest(OzoneManagerRequestHandler.java:238) ~[ozone-manager-1.4.0-SNAPSHOT.jar:?]
	at org.apache.hadoop.ozone.protocolPB.OzoneManagerProtocolServerSideTranslatorPB.submitReadRequestToOM(OzoneManagerProtocolServerSideTranslatorPB.java:223) ~[ozone-manager-1.4.0-SNAPSHOT.jar:?]
	at org.apache.hadoop.ozone.protocolPB.OzoneManagerProtocolServerSideTranslatorPB.processRequest(OzoneManagerProtocolServerSideTranslatorPB.java:177) ~[ozone-manager-1.4.0-SNAPSHOT.jar:?]
	at org.apache.hadoop.hdds.server.OzoneProtocolMessageDispatcher.processRequest(OzoneProtocolMessageDispatcher.java:87) [hdds-server-framework-1.4.0-SNAPSHOT.jar:?]
	at org.apache.hadoop.ozone.protocolPB.OzoneManagerProtocolServerSideTranslatorPB.submitRequest(OzoneManagerProtocolServerSideTranslatorPB.java:147) [ozone-manager-1.4.0-SNAPSHOT.jar:?]
	at org.apache.hadoop.ozone.protocol.proto.OzoneManagerProtocolProtos$OzoneManagerService$2.callBlockingMethod(OzoneManagerProtocolProtos.java) [ozone-interface-client-1.4.0-SNAPSHOT.jar:?]
	at org.apache.hadoop.ipc.ProtobufRpcEngine$Server.processCall(ProtobufRpcEngine.java:465) [hadoop-common-3.3.4.jar:?]
	at org.apache.hadoop.ipc.ProtobufRpcEngine2$Server$ProtoBufRpcInvoker.call(ProtobufRpcEngine2.java:578) [hadoop-common-3.3.4.jar:?]
	at org.apache.hadoop.ipc.ProtobufRpcEngine2$Server$ProtoBufRpcInvoker.call(ProtobufRpcEngine2.java:556) [hadoop-common-3.3.4.jar:?]
	at org.apache.hadoop.ipc.RPC$Server.call(RPC.java:1093) [hadoop-common-3.3.4.jar:?]
	at org.apache.hadoop.ipc.Server$RpcCall.run(Server.java:1043) [hadoop-common-3.3.4.jar:?]
	at org.apache.hadoop.ipc.Server$RpcCall.run(Server.java:971) [hadoop-common-3.3.4.jar:?]
	at java.security.AccessController.doPrivileged(Native Method) ~[?:1.8.0_362]
	at javax.security.auth.Subject.doAs(Subject.java:422) [?:1.8.0_362]
	at org.apache.hadoop.security.UserGroupInformation.doAs(UserGroupInformation.java:1878) [hadoop-common-3.3.4.jar:?]
	at org.apache.hadoop.ipc.Server$Handler.run(Server.java:2976) [hadoop-common-3.3.4.jar:?]
]]></system-out>
  </testcase>
  <testcase name="testCreateFileShouldCheckExistenceOfDirWithSameName" classname="TestOzoneFileSystem" time="0.023">
    <system-out><![CDATA[2023-02-14 08:18:29,758 [IPC Server handler 1 on default port 34455] INFO  key.OMKeyRequest (OMKeyRequest.java:wrapUncommittedBlocksAsPseudoKey(837)) - Detect allocated but uncommitted blocks [{blockID={containerID=1, localID=111677748019200034}, length=4194304, offset=0, token=null, pipeline=null, createVersion=0, partNumber=0}] in key d1/d2/d3/d4/key1.
08:18:29.760 [IPC Server handler 3 on default port 34455] ERROR OMAudit - user=runner | ip=127.0.0.1 | op=CREATE_FILE {volume=volume94786, bucket=bucket02286, key=d1/d2/d3/d4/key2, dataSize=4194304, replicationType=RATIS, replicationFactor=THREE} | ret=FAILURE
org.apache.hadoop.ozone.om.exceptions.OMException: Can not write to directory: d1/d2/d3/d4/key2
	at org.apache.hadoop.ozone.om.request.file.OMFileCreateRequest.checkDirectoryResult(OMFileCreateRequest.java:367) ~[ozone-manager-1.4.0-SNAPSHOT.jar:?]
	at org.apache.hadoop.ozone.om.request.file.OMFileCreateRequest.validateAndUpdateCache(OMFileCreateRequest.java:241) ~[ozone-manager-1.4.0-SNAPSHOT.jar:?]
	at org.apache.hadoop.ozone.protocolPB.OzoneManagerRequestHandler.handleWriteRequest(OzoneManagerRequestHandler.java:337) ~[ozone-manager-1.4.0-SNAPSHOT.jar:?]
	at org.apache.hadoop.ozone.protocolPB.OzoneManagerProtocolServerSideTranslatorPB.submitRequestDirectlyToOM(OzoneManagerProtocolServerSideTranslatorPB.java:277) ~[ozone-manager-1.4.0-SNAPSHOT.jar:?]
	at org.apache.hadoop.ozone.protocolPB.OzoneManagerProtocolServerSideTranslatorPB.processRequest(OzoneManagerProtocolServerSideTranslatorPB.java:173) ~[ozone-manager-1.4.0-SNAPSHOT.jar:?]
	at org.apache.hadoop.hdds.server.OzoneProtocolMessageDispatcher.processRequest(OzoneProtocolMessageDispatcher.java:87) [hdds-server-framework-1.4.0-SNAPSHOT.jar:?]
	at org.apache.hadoop.ozone.protocolPB.OzoneManagerProtocolServerSideTranslatorPB.submitRequest(OzoneManagerProtocolServerSideTranslatorPB.java:147) [ozone-manager-1.4.0-SNAPSHOT.jar:?]
	at org.apache.hadoop.ozone.protocol.proto.OzoneManagerProtocolProtos$OzoneManagerService$2.callBlockingMethod(OzoneManagerProtocolProtos.java) [ozone-interface-client-1.4.0-SNAPSHOT.jar:?]
	at org.apache.hadoop.ipc.ProtobufRpcEngine$Server.processCall(ProtobufRpcEngine.java:465) [hadoop-common-3.3.4.jar:?]
	at org.apache.hadoop.ipc.ProtobufRpcEngine2$Server$ProtoBufRpcInvoker.call(ProtobufRpcEngine2.java:578) [hadoop-common-3.3.4.jar:?]
	at org.apache.hadoop.ipc.ProtobufRpcEngine2$Server$ProtoBufRpcInvoker.call(ProtobufRpcEngine2.java:556) [hadoop-common-3.3.4.jar:?]
	at org.apache.hadoop.ipc.RPC$Server.call(RPC.java:1093) [hadoop-common-3.3.4.jar:?]
	at org.apache.hadoop.ipc.Server$RpcCall.run(Server.java:1043) [hadoop-common-3.3.4.jar:?]
	at org.apache.hadoop.ipc.Server$RpcCall.run(Server.java:971) [hadoop-common-3.3.4.jar:?]
	at java.security.AccessController.doPrivileged(Native Method) ~[?:1.8.0_362]
	at javax.security.auth.Subject.doAs(Subject.java:422) [?:1.8.0_362]
	at org.apache.hadoop.security.UserGroupInformation.doAs(UserGroupInformation.java:1878) [hadoop-common-3.3.4.jar:?]
	at org.apache.hadoop.ipc.Server$Handler.run(Server.java:2976) [hadoop-common-3.3.4.jar:?]
2023-02-14 08:18:29,760 [IPC Server handler 3 on default port 34455] ERROR file.OMFileCreateRequest (OMFileCreateRequest.java:validateAndUpdateCache(340)) - File create failed. Volume:volume94786, Bucket:bucket02286, Keyd1/d2/d3/d4/key2.
NOT_A_FILE org.apache.hadoop.ozone.om.exceptions.OMException: Can not write to directory: d1/d2/d3/d4/key2
	at org.apache.hadoop.ozone.om.request.file.OMFileCreateRequest.checkDirectoryResult(OMFileCreateRequest.java:367)
	at org.apache.hadoop.ozone.om.request.file.OMFileCreateRequest.validateAndUpdateCache(OMFileCreateRequest.java:241)
	at org.apache.hadoop.ozone.protocolPB.OzoneManagerRequestHandler.handleWriteRequest(OzoneManagerRequestHandler.java:337)
	at org.apache.hadoop.ozone.protocolPB.OzoneManagerProtocolServerSideTranslatorPB.submitRequestDirectlyToOM(OzoneManagerProtocolServerSideTranslatorPB.java:277)
	at org.apache.hadoop.ozone.protocolPB.OzoneManagerProtocolServerSideTranslatorPB.processRequest(OzoneManagerProtocolServerSideTranslatorPB.java:173)
	at org.apache.hadoop.hdds.server.OzoneProtocolMessageDispatcher.processRequest(OzoneProtocolMessageDispatcher.java:87)
	at org.apache.hadoop.ozone.protocolPB.OzoneManagerProtocolServerSideTranslatorPB.submitRequest(OzoneManagerProtocolServerSideTranslatorPB.java:147)
	at org.apache.hadoop.ozone.protocol.proto.OzoneManagerProtocolProtos$OzoneManagerService$2.callBlockingMethod(OzoneManagerProtocolProtos.java)
	at org.apache.hadoop.ipc.ProtobufRpcEngine$Server.processCall(ProtobufRpcEngine.java:465)
	at org.apache.hadoop.ipc.ProtobufRpcEngine2$Server$ProtoBufRpcInvoker.call(ProtobufRpcEngine2.java:578)
	at org.apache.hadoop.ipc.ProtobufRpcEngine2$Server$ProtoBufRpcInvoker.call(ProtobufRpcEngine2.java:556)
	at org.apache.hadoop.ipc.RPC$Server.call(RPC.java:1093)
	at org.apache.hadoop.ipc.Server$RpcCall.run(Server.java:1043)
	at org.apache.hadoop.ipc.Server$RpcCall.run(Server.java:971)
	at java.security.AccessController.doPrivileged(Native Method)
	at javax.security.auth.Subject.doAs(Subject.java:422)
	at org.apache.hadoop.security.UserGroupInformation.doAs(UserGroupInformation.java:1878)
	at org.apache.hadoop.ipc.Server$Handler.run(Server.java:2976)
2023-02-14 08:18:29,765 [IPC Server handler 5 on default port 34455] INFO  key.OMKeyRequest (OMKeyRequest.java:wrapUncommittedBlocksAsPseudoKey(837)) - Detect allocated but uncommitted blocks [{blockID={containerID=1, localID=111677748019200036}, length=4194304, offset=0, token=null, pipeline=null, createVersion=0, partNumber=0}] in key d1/d2/d3/d4/key3.
08:18:29.768 [IPC Server handler 7 on default port 34455] ERROR OMAudit - user=runner | ip=127.0.0.1 | op=CREATE_DIRECTORY {volume=volume94786, bucket=bucket02286, key=d1/d2/d3/d4/key3, dataSize=0, replicationType=NONE, replicationFactor=ZERO} | ret=FAILURE
org.apache.hadoop.ozone.om.exceptions.OMException: Unable to create directory: d1/d2/d3/d4/key3 in volume/bucket: volume94786/bucket02286
	at org.apache.hadoop.ozone.om.request.file.OMDirectoryCreateRequest.validateAndUpdateCache(OMDirectoryCreateRequest.java:199) ~[ozone-manager-1.4.0-SNAPSHOT.jar:?]
	at org.apache.hadoop.ozone.protocolPB.OzoneManagerRequestHandler.handleWriteRequest(OzoneManagerRequestHandler.java:337) ~[ozone-manager-1.4.0-SNAPSHOT.jar:?]
	at org.apache.hadoop.ozone.protocolPB.OzoneManagerProtocolServerSideTranslatorPB.submitRequestDirectlyToOM(OzoneManagerProtocolServerSideTranslatorPB.java:277) ~[ozone-manager-1.4.0-SNAPSHOT.jar:?]
	at org.apache.hadoop.ozone.protocolPB.OzoneManagerProtocolServerSideTranslatorPB.processRequest(OzoneManagerProtocolServerSideTranslatorPB.java:173) ~[ozone-manager-1.4.0-SNAPSHOT.jar:?]
	at org.apache.hadoop.hdds.server.OzoneProtocolMessageDispatcher.processRequest(OzoneProtocolMessageDispatcher.java:87) [hdds-server-framework-1.4.0-SNAPSHOT.jar:?]
	at org.apache.hadoop.ozone.protocolPB.OzoneManagerProtocolServerSideTranslatorPB.submitRequest(OzoneManagerProtocolServerSideTranslatorPB.java:147) [ozone-manager-1.4.0-SNAPSHOT.jar:?]
	at org.apache.hadoop.ozone.protocol.proto.OzoneManagerProtocolProtos$OzoneManagerService$2.callBlockingMethod(OzoneManagerProtocolProtos.java) [ozone-interface-client-1.4.0-SNAPSHOT.jar:?]
	at org.apache.hadoop.ipc.ProtobufRpcEngine$Server.processCall(ProtobufRpcEngine.java:465) [hadoop-common-3.3.4.jar:?]
	at org.apache.hadoop.ipc.ProtobufRpcEngine2$Server$ProtoBufRpcInvoker.call(ProtobufRpcEngine2.java:578) [hadoop-common-3.3.4.jar:?]
	at org.apache.hadoop.ipc.ProtobufRpcEngine2$Server$ProtoBufRpcInvoker.call(ProtobufRpcEngine2.java:556) [hadoop-common-3.3.4.jar:?]
	at org.apache.hadoop.ipc.RPC$Server.call(RPC.java:1093) [hadoop-common-3.3.4.jar:?]
	at org.apache.hadoop.ipc.Server$RpcCall.run(Server.java:1043) [hadoop-common-3.3.4.jar:?]
	at org.apache.hadoop.ipc.Server$RpcCall.run(Server.java:971) [hadoop-common-3.3.4.jar:?]
	at java.security.AccessController.doPrivileged(Native Method) ~[?:1.8.0_362]
	at javax.security.auth.Subject.doAs(Subject.java:422) [?:1.8.0_362]
	at org.apache.hadoop.security.UserGroupInformation.doAs(UserGroupInformation.java:1878) [hadoop-common-3.3.4.jar:?]
	at org.apache.hadoop.ipc.Server$Handler.run(Server.java:2976) [hadoop-common-3.3.4.jar:?]
2023-02-14 08:18:29,768 [IPC Server handler 7 on default port 34455] ERROR file.OMDirectoryCreateRequest (OMDirectoryCreateRequest.java:logResult(339)) - Directory creation failed. Volume:volume94786, Bucket:bucket02286, Keyd1/d2/d3/d4/key3. Exception:{}
FILE_ALREADY_EXISTS org.apache.hadoop.ozone.om.exceptions.OMException: Unable to create directory: d1/d2/d3/d4/key3 in volume/bucket: volume94786/bucket02286
	at org.apache.hadoop.ozone.om.request.file.OMDirectoryCreateRequest.validateAndUpdateCache(OMDirectoryCreateRequest.java:199)
	at org.apache.hadoop.ozone.protocolPB.OzoneManagerRequestHandler.handleWriteRequest(OzoneManagerRequestHandler.java:337)
	at org.apache.hadoop.ozone.protocolPB.OzoneManagerProtocolServerSideTranslatorPB.submitRequestDirectlyToOM(OzoneManagerProtocolServerSideTranslatorPB.java:277)
	at org.apache.hadoop.ozone.protocolPB.OzoneManagerProtocolServerSideTranslatorPB.processRequest(OzoneManagerProtocolServerSideTranslatorPB.java:173)
	at org.apache.hadoop.hdds.server.OzoneProtocolMessageDispatcher.processRequest(OzoneProtocolMessageDispatcher.java:87)
	at org.apache.hadoop.ozone.protocolPB.OzoneManagerProtocolServerSideTranslatorPB.submitRequest(OzoneManagerProtocolServerSideTranslatorPB.java:147)
	at org.apache.hadoop.ozone.protocol.proto.OzoneManagerProtocolProtos$OzoneManagerService$2.callBlockingMethod(OzoneManagerProtocolProtos.java)
	at org.apache.hadoop.ipc.ProtobufRpcEngine$Server.processCall(ProtobufRpcEngine.java:465)
	at org.apache.hadoop.ipc.ProtobufRpcEngine2$Server$ProtoBufRpcInvoker.call(ProtobufRpcEngine2.java:578)
	at org.apache.hadoop.ipc.ProtobufRpcEngine2$Server$ProtoBufRpcInvoker.call(ProtobufRpcEngine2.java:556)
	at org.apache.hadoop.ipc.RPC$Server.call(RPC.java:1093)
	at org.apache.hadoop.ipc.Server$RpcCall.run(Server.java:1043)
	at org.apache.hadoop.ipc.Server$RpcCall.run(Server.java:971)
	at java.security.AccessController.doPrivileged(Native Method)
	at javax.security.auth.Subject.doAs(Subject.java:422)
	at org.apache.hadoop.security.UserGroupInformation.doAs(UserGroupInformation.java:1878)
	at org.apache.hadoop.ipc.Server$Handler.run(Server.java:2976)
08:18:29.771 [IPC Server handler 6 on default port 34455] ERROR OMAudit - user=runner | ip=127.0.0.1 | op=CREATE_FILE {volume=volume94786, bucket=bucket02286, key=d1/d2/d3, dataSize=4194304, replicationType=RATIS, replicationFactor=THREE} | ret=FAILURE
org.apache.hadoop.ozone.om.exceptions.OMException: Can not write to directory: d1/d2/d3
	at org.apache.hadoop.ozone.om.request.file.OMFileCreateRequest.checkDirectoryResult(OMFileCreateRequest.java:367) ~[ozone-manager-1.4.0-SNAPSHOT.jar:?]
	at org.apache.hadoop.ozone.om.request.file.OMFileCreateRequest.validateAndUpdateCache(OMFileCreateRequest.java:241) ~[ozone-manager-1.4.0-SNAPSHOT.jar:?]
	at org.apache.hadoop.ozone.protocolPB.OzoneManagerRequestHandler.handleWriteRequest(OzoneManagerRequestHandler.java:337) ~[ozone-manager-1.4.0-SNAPSHOT.jar:?]
	at org.apache.hadoop.ozone.protocolPB.OzoneManagerProtocolServerSideTranslatorPB.submitRequestDirectlyToOM(OzoneManagerProtocolServerSideTranslatorPB.java:277) ~[ozone-manager-1.4.0-SNAPSHOT.jar:?]
	at org.apache.hadoop.ozone.protocolPB.OzoneManagerProtocolServerSideTranslatorPB.processRequest(OzoneManagerProtocolServerSideTranslatorPB.java:173) ~[ozone-manager-1.4.0-SNAPSHOT.jar:?]
	at org.apache.hadoop.hdds.server.OzoneProtocolMessageDispatcher.processRequest(OzoneProtocolMessageDispatcher.java:87) [hdds-server-framework-1.4.0-SNAPSHOT.jar:?]
	at org.apache.hadoop.ozone.protocolPB.OzoneManagerProtocolServerSideTranslatorPB.submitRequest(OzoneManagerProtocolServerSideTranslatorPB.java:147) [ozone-manager-1.4.0-SNAPSHOT.jar:?]
	at org.apache.hadoop.ozone.protocol.proto.OzoneManagerProtocolProtos$OzoneManagerService$2.callBlockingMethod(OzoneManagerProtocolProtos.java) [ozone-interface-client-1.4.0-SNAPSHOT.jar:?]
	at org.apache.hadoop.ipc.ProtobufRpcEngine$Server.processCall(ProtobufRpcEngine.java:465) [hadoop-common-3.3.4.jar:?]
	at org.apache.hadoop.ipc.ProtobufRpcEngine2$Server$ProtoBufRpcInvoker.call(ProtobufRpcEngine2.java:578) [hadoop-common-3.3.4.jar:?]
	at org.apache.hadoop.ipc.ProtobufRpcEngine2$Server$ProtoBufRpcInvoker.call(ProtobufRpcEngine2.java:556) [hadoop-common-3.3.4.jar:?]
	at org.apache.hadoop.ipc.RPC$Server.call(RPC.java:1093) [hadoop-common-3.3.4.jar:?]
	at org.apache.hadoop.ipc.Server$RpcCall.run(Server.java:1043) [hadoop-common-3.3.4.jar:?]
	at org.apache.hadoop.ipc.Server$RpcCall.run(Server.java:971) [hadoop-common-3.3.4.jar:?]
	at java.security.AccessController.doPrivileged(Native Method) ~[?:1.8.0_362]
	at javax.security.auth.Subject.doAs(Subject.java:422) [?:1.8.0_362]
	at org.apache.hadoop.security.UserGroupInformation.doAs(UserGroupInformation.java:1878) [hadoop-common-3.3.4.jar:?]
	at org.apache.hadoop.ipc.Server$Handler.run(Server.java:2976) [hadoop-common-3.3.4.jar:?]
2023-02-14 08:18:29,771 [IPC Server handler 6 on default port 34455] ERROR file.OMFileCreateRequest (OMFileCreateRequest.java:validateAndUpdateCache(340)) - File create failed. Volume:volume94786, Bucket:bucket02286, Keyd1/d2/d3.
NOT_A_FILE org.apache.hadoop.ozone.om.exceptions.OMException: Can not write to directory: d1/d2/d3
	at org.apache.hadoop.ozone.om.request.file.OMFileCreateRequest.checkDirectoryResult(OMFileCreateRequest.java:367)
	at org.apache.hadoop.ozone.om.request.file.OMFileCreateRequest.validateAndUpdateCache(OMFileCreateRequest.java:241)
	at org.apache.hadoop.ozone.protocolPB.OzoneManagerRequestHandler.handleWriteRequest(OzoneManagerRequestHandler.java:337)
	at org.apache.hadoop.ozone.protocolPB.OzoneManagerProtocolServerSideTranslatorPB.submitRequestDirectlyToOM(OzoneManagerProtocolServerSideTranslatorPB.java:277)
	at org.apache.hadoop.ozone.protocolPB.OzoneManagerProtocolServerSideTranslatorPB.processRequest(OzoneManagerProtocolServerSideTranslatorPB.java:173)
	at org.apache.hadoop.hdds.server.OzoneProtocolMessageDispatcher.processRequest(OzoneProtocolMessageDispatcher.java:87)
	at org.apache.hadoop.ozone.protocolPB.OzoneManagerProtocolServerSideTranslatorPB.submitRequest(OzoneManagerProtocolServerSideTranslatorPB.java:147)
	at org.apache.hadoop.ozone.protocol.proto.OzoneManagerProtocolProtos$OzoneManagerService$2.callBlockingMethod(OzoneManagerProtocolProtos.java)
	at org.apache.hadoop.ipc.ProtobufRpcEngine$Server.processCall(ProtobufRpcEngine.java:465)
	at org.apache.hadoop.ipc.ProtobufRpcEngine2$Server$ProtoBufRpcInvoker.call(ProtobufRpcEngine2.java:578)
	at org.apache.hadoop.ipc.ProtobufRpcEngine2$Server$ProtoBufRpcInvoker.call(ProtobufRpcEngine2.java:556)
	at org.apache.hadoop.ipc.RPC$Server.call(RPC.java:1093)
	at org.apache.hadoop.ipc.Server$RpcCall.run(Server.java:1043)
	at org.apache.hadoop.ipc.Server$RpcCall.run(Server.java:971)
	at java.security.AccessController.doPrivileged(Native Method)
	at javax.security.auth.Subject.doAs(Subject.java:422)
	at org.apache.hadoop.security.UserGroupInformation.doAs(UserGroupInformation.java:1878)
	at org.apache.hadoop.ipc.Server$Handler.run(Server.java:2976)
08:18:29.772 [IPC Server handler 8 on default port 34455] ERROR OMAudit - user=runner | ip=127.0.0.1 | op=GET_FILE_STATUS {volume=volume94786, bucket=bucket02286, key=d1/d2/d3/d4/key3/invalid, dataSize=0, replicationConfig=null} | ret=FAILURE
org.apache.hadoop.ozone.om.exceptions.OMException: Unable to get file status: volume: volume94786 bucket: bucket02286 key: d1/d2/d3/d4/key3/invalid
	at org.apache.hadoop.ozone.om.KeyManagerImpl.getOzoneFileStatus(KeyManagerImpl.java:1162) ~[ozone-manager-1.4.0-SNAPSHOT.jar:?]
	at org.apache.hadoop.ozone.om.KeyManagerImpl.getFileStatus(KeyManagerImpl.java:1080) ~[ozone-manager-1.4.0-SNAPSHOT.jar:?]
	at org.apache.hadoop.ozone.om.OmMetadataReader.getFileStatus(OmMetadataReader.java:288) ~[ozone-manager-1.4.0-SNAPSHOT.jar:?]
	at org.apache.hadoop.ozone.om.OzoneManager.getFileStatus(OzoneManager.java:3449) ~[ozone-manager-1.4.0-SNAPSHOT.jar:?]
	at org.apache.hadoop.ozone.protocolPB.OzoneManagerRequestHandler.getOzoneFileStatus(OzoneManagerRequestHandler.java:933) ~[ozone-manager-1.4.0-SNAPSHOT.jar:?]
	at org.apache.hadoop.ozone.protocolPB.OzoneManagerRequestHandler.handleReadRequest(OzoneManagerRequestHandler.java:238) ~[ozone-manager-1.4.0-SNAPSHOT.jar:?]
	at org.apache.hadoop.ozone.protocolPB.OzoneManagerProtocolServerSideTranslatorPB.submitRequestDirectlyToOM(OzoneManagerProtocolServerSideTranslatorPB.java:271) ~[ozone-manager-1.4.0-SNAPSHOT.jar:?]
	at org.apache.hadoop.ozone.protocolPB.OzoneManagerProtocolServerSideTranslatorPB.processRequest(OzoneManagerProtocolServerSideTranslatorPB.java:173) ~[ozone-manager-1.4.0-SNAPSHOT.jar:?]
	at org.apache.hadoop.hdds.server.OzoneProtocolMessageDispatcher.processRequest(OzoneProtocolMessageDispatcher.java:87) [hdds-server-framework-1.4.0-SNAPSHOT.jar:?]
	at org.apache.hadoop.ozone.protocolPB.OzoneManagerProtocolServerSideTranslatorPB.submitRequest(OzoneManagerProtocolServerSideTranslatorPB.java:147) [ozone-manager-1.4.0-SNAPSHOT.jar:?]
	at org.apache.hadoop.ozone.protocol.proto.OzoneManagerProtocolProtos$OzoneManagerService$2.callBlockingMethod(OzoneManagerProtocolProtos.java) [ozone-interface-client-1.4.0-SNAPSHOT.jar:?]
	at org.apache.hadoop.ipc.ProtobufRpcEngine$Server.processCall(ProtobufRpcEngine.java:465) [hadoop-common-3.3.4.jar:?]
	at org.apache.hadoop.ipc.ProtobufRpcEngine2$Server$ProtoBufRpcInvoker.call(ProtobufRpcEngine2.java:578) [hadoop-common-3.3.4.jar:?]
	at org.apache.hadoop.ipc.ProtobufRpcEngine2$Server$ProtoBufRpcInvoker.call(ProtobufRpcEngine2.java:556) [hadoop-common-3.3.4.jar:?]
	at org.apache.hadoop.ipc.RPC$Server.call(RPC.java:1093) [hadoop-common-3.3.4.jar:?]
	at org.apache.hadoop.ipc.Server$RpcCall.run(Server.java:1043) [hadoop-common-3.3.4.jar:?]
	at org.apache.hadoop.ipc.Server$RpcCall.run(Server.java:971) [hadoop-common-3.3.4.jar:?]
	at java.security.AccessController.doPrivileged(Native Method) ~[?:1.8.0_362]
	at javax.security.auth.Subject.doAs(Subject.java:422) [?:1.8.0_362]
	at org.apache.hadoop.security.UserGroupInformation.doAs(UserGroupInformation.java:1878) [hadoop-common-3.3.4.jar:?]
	at org.apache.hadoop.ipc.Server$Handler.run(Server.java:2976) [hadoop-common-3.3.4.jar:?]
08:18:29.773 [IPC Server handler 10 on default port 34455] ERROR OMAudit - user=runner | ip=127.0.0.1 | op=GET_FILE_STATUS {volume=volume94786, bucket=bucket02286, key=d1/d2/d3/d4/invalidkey, dataSize=0, replicationConfig=null} | ret=FAILURE
org.apache.hadoop.ozone.om.exceptions.OMException: Unable to get file status: volume: volume94786 bucket: bucket02286 key: d1/d2/d3/d4/invalidkey
	at org.apache.hadoop.ozone.om.KeyManagerImpl.getOzoneFileStatus(KeyManagerImpl.java:1162) ~[ozone-manager-1.4.0-SNAPSHOT.jar:?]
	at org.apache.hadoop.ozone.om.KeyManagerImpl.getFileStatus(KeyManagerImpl.java:1080) ~[ozone-manager-1.4.0-SNAPSHOT.jar:?]
	at org.apache.hadoop.ozone.om.OmMetadataReader.getFileStatus(OmMetadataReader.java:288) ~[ozone-manager-1.4.0-SNAPSHOT.jar:?]
	at org.apache.hadoop.ozone.om.OzoneManager.getFileStatus(OzoneManager.java:3449) ~[ozone-manager-1.4.0-SNAPSHOT.jar:?]
	at org.apache.hadoop.ozone.protocolPB.OzoneManagerRequestHandler.getOzoneFileStatus(OzoneManagerRequestHandler.java:933) ~[ozone-manager-1.4.0-SNAPSHOT.jar:?]
	at org.apache.hadoop.ozone.protocolPB.OzoneManagerRequestHandler.handleReadRequest(OzoneManagerRequestHandler.java:238) ~[ozone-manager-1.4.0-SNAPSHOT.jar:?]
	at org.apache.hadoop.ozone.protocolPB.OzoneManagerProtocolServerSideTranslatorPB.submitRequestDirectlyToOM(OzoneManagerProtocolServerSideTranslatorPB.java:271) ~[ozone-manager-1.4.0-SNAPSHOT.jar:?]
	at org.apache.hadoop.ozone.protocolPB.OzoneManagerProtocolServerSideTranslatorPB.processRequest(OzoneManagerProtocolServerSideTranslatorPB.java:173) ~[ozone-manager-1.4.0-SNAPSHOT.jar:?]
	at org.apache.hadoop.hdds.server.OzoneProtocolMessageDispatcher.processRequest(OzoneProtocolMessageDispatcher.java:87) [hdds-server-framework-1.4.0-SNAPSHOT.jar:?]
	at org.apache.hadoop.ozone.protocolPB.OzoneManagerProtocolServerSideTranslatorPB.submitRequest(OzoneManagerProtocolServerSideTranslatorPB.java:147) [ozone-manager-1.4.0-SNAPSHOT.jar:?]
	at org.apache.hadoop.ozone.protocol.proto.OzoneManagerProtocolProtos$OzoneManagerService$2.callBlockingMethod(OzoneManagerProtocolProtos.java) [ozone-interface-client-1.4.0-SNAPSHOT.jar:?]
	at org.apache.hadoop.ipc.ProtobufRpcEngine$Server.processCall(ProtobufRpcEngine.java:465) [hadoop-common-3.3.4.jar:?]
	at org.apache.hadoop.ipc.ProtobufRpcEngine2$Server$ProtoBufRpcInvoker.call(ProtobufRpcEngine2.java:578) [hadoop-common-3.3.4.jar:?]
	at org.apache.hadoop.ipc.ProtobufRpcEngine2$Server$ProtoBufRpcInvoker.call(ProtobufRpcEngine2.java:556) [hadoop-common-3.3.4.jar:?]
	at org.apache.hadoop.ipc.RPC$Server.call(RPC.java:1093) [hadoop-common-3.3.4.jar:?]
	at org.apache.hadoop.ipc.Server$RpcCall.run(Server.java:1043) [hadoop-common-3.3.4.jar:?]
	at org.apache.hadoop.ipc.Server$RpcCall.run(Server.java:971) [hadoop-common-3.3.4.jar:?]
	at java.security.AccessController.doPrivileged(Native Method) ~[?:1.8.0_362]
	at javax.security.auth.Subject.doAs(Subject.java:422) [?:1.8.0_362]
	at org.apache.hadoop.security.UserGroupInformation.doAs(UserGroupInformation.java:1878) [hadoop-common-3.3.4.jar:?]
	at org.apache.hadoop.ipc.Server$Handler.run(Server.java:2976) [hadoop-common-3.3.4.jar:?]
]]></system-out>
  </testcase>
  <testcase name="testCreateFileShouldCheckExistenceOfDirWithSameName" classname="TestOzoneFileSystem" time="0.018">
    <system-out><![CDATA[2023-02-14 08:19:12,777 [OM StateMachine ApplyTransaction Thread - 0] INFO  key.OMKeyRequest (OMKeyRequest.java:wrapUncommittedBlocksAsPseudoKey(837)) - Detect allocated but uncommitted blocks [{blockID={containerID=4, localID=111677748019200034}, length=4194304, offset=0, token=null, pipeline=null, createVersion=0, partNumber=0}] in key d1/d2/d3/d4/key1.
08:19:12.780 [OM StateMachine ApplyTransaction Thread - 0] ERROR OMAudit - user=runner | ip=127.0.0.1 | op=CREATE_FILE {volume=volume29101, bucket=bucket05375, key=d1/d2/d3/d4/key2, dataSize=4194304, replicationType=RATIS, replicationFactor=THREE} | ret=FAILURE
org.apache.hadoop.ozone.om.exceptions.OMException: Can not write to directory: d1/d2/d3/d4/key2
	at org.apache.hadoop.ozone.om.request.file.OMFileCreateRequest.checkDirectoryResult(OMFileCreateRequest.java:367) ~[ozone-manager-1.4.0-SNAPSHOT.jar:?]
	at org.apache.hadoop.ozone.om.request.file.OMFileCreateRequest.validateAndUpdateCache(OMFileCreateRequest.java:241) ~[ozone-manager-1.4.0-SNAPSHOT.jar:?]
	at org.apache.hadoop.ozone.protocolPB.OzoneManagerRequestHandler.handleWriteRequest(OzoneManagerRequestHandler.java:337) ~[ozone-manager-1.4.0-SNAPSHOT.jar:?]
	at org.apache.hadoop.ozone.om.ratis.OzoneManagerStateMachine.runCommand(OzoneManagerStateMachine.java:533) ~[ozone-manager-1.4.0-SNAPSHOT.jar:?]
	at org.apache.hadoop.ozone.om.ratis.OzoneManagerStateMachine.lambda$1(OzoneManagerStateMachine.java:324) ~[ozone-manager-1.4.0-SNAPSHOT.jar:?]
	at java.util.concurrent.CompletableFuture$AsyncSupply.run(CompletableFuture.java:1604) [?:1.8.0_362]
	at java.util.concurrent.ThreadPoolExecutor.runWorker(ThreadPoolExecutor.java:1149) [?:1.8.0_362]
	at java.util.concurrent.ThreadPoolExecutor$Worker.run(ThreadPoolExecutor.java:624) [?:1.8.0_362]
	at java.lang.Thread.run(Thread.java:750) [?:1.8.0_362]
2023-02-14 08:19:12,780 [OM StateMachine ApplyTransaction Thread - 0] ERROR file.OMFileCreateRequest (OMFileCreateRequest.java:validateAndUpdateCache(340)) - File create failed. Volume:volume29101, Bucket:bucket05375, Keyd1/d2/d3/d4/key2.
NOT_A_FILE org.apache.hadoop.ozone.om.exceptions.OMException: Can not write to directory: d1/d2/d3/d4/key2
	at org.apache.hadoop.ozone.om.request.file.OMFileCreateRequest.checkDirectoryResult(OMFileCreateRequest.java:367)
	at org.apache.hadoop.ozone.om.request.file.OMFileCreateRequest.validateAndUpdateCache(OMFileCreateRequest.java:241)
	at org.apache.hadoop.ozone.protocolPB.OzoneManagerRequestHandler.handleWriteRequest(OzoneManagerRequestHandler.java:337)
	at org.apache.hadoop.ozone.om.ratis.OzoneManagerStateMachine.runCommand(OzoneManagerStateMachine.java:533)
	at org.apache.hadoop.ozone.om.ratis.OzoneManagerStateMachine.lambda$1(OzoneManagerStateMachine.java:324)
	at java.util.concurrent.CompletableFuture$AsyncSupply.run(CompletableFuture.java:1604)
	at java.util.concurrent.ThreadPoolExecutor.runWorker(ThreadPoolExecutor.java:1149)
	at java.util.concurrent.ThreadPoolExecutor$Worker.run(ThreadPoolExecutor.java:624)
	at java.lang.Thread.run(Thread.java:750)
2023-02-14 08:19:12,784 [OM StateMachine ApplyTransaction Thread - 0] INFO  key.OMKeyRequest (OMKeyRequest.java:wrapUncommittedBlocksAsPseudoKey(837)) - Detect allocated but uncommitted blocks [{blockID={containerID=3, localID=111677748019200036}, length=4194304, offset=0, token=null, pipeline=null, createVersion=0, partNumber=0}] in key d1/d2/d3/d4/key3.
08:19:12.785 [OM StateMachine ApplyTransaction Thread - 0] ERROR OMAudit - user=runner | ip=127.0.0.1 | op=CREATE_DIRECTORY {volume=volume29101, bucket=bucket05375, key=d1/d2/d3/d4/key3, dataSize=0, replicationType=NONE, replicationFactor=ZERO} | ret=FAILURE
org.apache.hadoop.ozone.om.exceptions.OMException: Unable to create directory: d1/d2/d3/d4/key3 in volume/bucket: volume29101/bucket05375
	at org.apache.hadoop.ozone.om.request.file.OMDirectoryCreateRequest.validateAndUpdateCache(OMDirectoryCreateRequest.java:199) ~[ozone-manager-1.4.0-SNAPSHOT.jar:?]
	at org.apache.hadoop.ozone.protocolPB.OzoneManagerRequestHandler.handleWriteRequest(OzoneManagerRequestHandler.java:337) ~[ozone-manager-1.4.0-SNAPSHOT.jar:?]
	at org.apache.hadoop.ozone.om.ratis.OzoneManagerStateMachine.runCommand(OzoneManagerStateMachine.java:533) ~[ozone-manager-1.4.0-SNAPSHOT.jar:?]
	at org.apache.hadoop.ozone.om.ratis.OzoneManagerStateMachine.lambda$1(OzoneManagerStateMachine.java:324) ~[ozone-manager-1.4.0-SNAPSHOT.jar:?]
	at java.util.concurrent.CompletableFuture$AsyncSupply.run(CompletableFuture.java:1604) [?:1.8.0_362]
	at java.util.concurrent.ThreadPoolExecutor.runWorker(ThreadPoolExecutor.java:1149) [?:1.8.0_362]
	at java.util.concurrent.ThreadPoolExecutor$Worker.run(ThreadPoolExecutor.java:624) [?:1.8.0_362]
	at java.lang.Thread.run(Thread.java:750) [?:1.8.0_362]
2023-02-14 08:19:12,785 [OM StateMachine ApplyTransaction Thread - 0] ERROR file.OMDirectoryCreateRequest (OMDirectoryCreateRequest.java:logResult(339)) - Directory creation failed. Volume:volume29101, Bucket:bucket05375, Keyd1/d2/d3/d4/key3. Exception:{}
FILE_ALREADY_EXISTS org.apache.hadoop.ozone.om.exceptions.OMException: Unable to create directory: d1/d2/d3/d4/key3 in volume/bucket: volume29101/bucket05375
	at org.apache.hadoop.ozone.om.request.file.OMDirectoryCreateRequest.validateAndUpdateCache(OMDirectoryCreateRequest.java:199)
	at org.apache.hadoop.ozone.protocolPB.OzoneManagerRequestHandler.handleWriteRequest(OzoneManagerRequestHandler.java:337)
	at org.apache.hadoop.ozone.om.ratis.OzoneManagerStateMachine.runCommand(OzoneManagerStateMachine.java:533)
	at org.apache.hadoop.ozone.om.ratis.OzoneManagerStateMachine.lambda$1(OzoneManagerStateMachine.java:324)
	at java.util.concurrent.CompletableFuture$AsyncSupply.run(CompletableFuture.java:1604)
	at java.util.concurrent.ThreadPoolExecutor.runWorker(ThreadPoolExecutor.java:1149)
	at java.util.concurrent.ThreadPoolExecutor$Worker.run(ThreadPoolExecutor.java:624)
	at java.lang.Thread.run(Thread.java:750)
08:19:12.787 [OM StateMachine ApplyTransaction Thread - 0] ERROR OMAudit - user=runner | ip=127.0.0.1 | op=CREATE_FILE {volume=volume29101, bucket=bucket05375, key=d1/d2/d3, dataSize=4194304, replicationType=RATIS, replicationFactor=THREE} | ret=FAILURE
org.apache.hadoop.ozone.om.exceptions.OMException: Can not write to directory: d1/d2/d3
	at org.apache.hadoop.ozone.om.request.file.OMFileCreateRequest.checkDirectoryResult(OMFileCreateRequest.java:367) ~[ozone-manager-1.4.0-SNAPSHOT.jar:?]
	at org.apache.hadoop.ozone.om.request.file.OMFileCreateRequest.validateAndUpdateCache(OMFileCreateRequest.java:241) ~[ozone-manager-1.4.0-SNAPSHOT.jar:?]
	at org.apache.hadoop.ozone.protocolPB.OzoneManagerRequestHandler.handleWriteRequest(OzoneManagerRequestHandler.java:337) ~[ozone-manager-1.4.0-SNAPSHOT.jar:?]
	at org.apache.hadoop.ozone.om.ratis.OzoneManagerStateMachine.runCommand(OzoneManagerStateMachine.java:533) ~[ozone-manager-1.4.0-SNAPSHOT.jar:?]
	at org.apache.hadoop.ozone.om.ratis.OzoneManagerStateMachine.lambda$1(OzoneManagerStateMachine.java:324) ~[ozone-manager-1.4.0-SNAPSHOT.jar:?]
	at java.util.concurrent.CompletableFuture$AsyncSupply.run(CompletableFuture.java:1604) [?:1.8.0_362]
	at java.util.concurrent.ThreadPoolExecutor.runWorker(ThreadPoolExecutor.java:1149) [?:1.8.0_362]
	at java.util.concurrent.ThreadPoolExecutor$Worker.run(ThreadPoolExecutor.java:624) [?:1.8.0_362]
	at java.lang.Thread.run(Thread.java:750) [?:1.8.0_362]
2023-02-14 08:19:12,787 [OM StateMachine ApplyTransaction Thread - 0] ERROR file.OMFileCreateRequest (OMFileCreateRequest.java:validateAndUpdateCache(340)) - File create failed. Volume:volume29101, Bucket:bucket05375, Keyd1/d2/d3.
NOT_A_FILE org.apache.hadoop.ozone.om.exceptions.OMException: Can not write to directory: d1/d2/d3
	at org.apache.hadoop.ozone.om.request.file.OMFileCreateRequest.checkDirectoryResult(OMFileCreateRequest.java:367)
	at org.apache.hadoop.ozone.om.request.file.OMFileCreateRequest.validateAndUpdateCache(OMFileCreateRequest.java:241)
	at org.apache.hadoop.ozone.protocolPB.OzoneManagerRequestHandler.handleWriteRequest(OzoneManagerRequestHandler.java:337)
	at org.apache.hadoop.ozone.om.ratis.OzoneManagerStateMachine.runCommand(OzoneManagerStateMachine.java:533)
	at org.apache.hadoop.ozone.om.ratis.OzoneManagerStateMachine.lambda$1(OzoneManagerStateMachine.java:324)
	at java.util.concurrent.CompletableFuture$AsyncSupply.run(CompletableFuture.java:1604)
	at java.util.concurrent.ThreadPoolExecutor.runWorker(ThreadPoolExecutor.java:1149)
	at java.util.concurrent.ThreadPoolExecutor$Worker.run(ThreadPoolExecutor.java:624)
	at java.lang.Thread.run(Thread.java:750)
08:19:12.788 [IPC Server handler 8 on default port 32845] ERROR OMAudit - user=runner | ip=127.0.0.1 | op=GET_FILE_STATUS {volume=volume29101, bucket=bucket05375, key=d1/d2/d3/d4/key3/invalid, dataSize=0, replicationConfig=null} | ret=FAILURE
org.apache.hadoop.ozone.om.exceptions.OMException: Unable to get file status: volume: volume29101 bucket: bucket05375 key: d1/d2/d3/d4/key3/invalid
	at org.apache.hadoop.ozone.om.KeyManagerImpl.getOzoneFileStatus(KeyManagerImpl.java:1162) ~[ozone-manager-1.4.0-SNAPSHOT.jar:?]
	at org.apache.hadoop.ozone.om.KeyManagerImpl.getFileStatus(KeyManagerImpl.java:1080) ~[ozone-manager-1.4.0-SNAPSHOT.jar:?]
	at org.apache.hadoop.ozone.om.OmMetadataReader.getFileStatus(OmMetadataReader.java:288) ~[ozone-manager-1.4.0-SNAPSHOT.jar:?]
	at org.apache.hadoop.ozone.om.OzoneManager.getFileStatus(OzoneManager.java:3449) ~[ozone-manager-1.4.0-SNAPSHOT.jar:?]
	at org.apache.hadoop.ozone.protocolPB.OzoneManagerRequestHandler.getOzoneFileStatus(OzoneManagerRequestHandler.java:933) ~[ozone-manager-1.4.0-SNAPSHOT.jar:?]
	at org.apache.hadoop.ozone.protocolPB.OzoneManagerRequestHandler.handleReadRequest(OzoneManagerRequestHandler.java:238) ~[ozone-manager-1.4.0-SNAPSHOT.jar:?]
	at org.apache.hadoop.ozone.protocolPB.OzoneManagerProtocolServerSideTranslatorPB.submitReadRequestToOM(OzoneManagerProtocolServerSideTranslatorPB.java:223) ~[ozone-manager-1.4.0-SNAPSHOT.jar:?]
	at org.apache.hadoop.ozone.protocolPB.OzoneManagerProtocolServerSideTranslatorPB.processRequest(OzoneManagerProtocolServerSideTranslatorPB.java:177) ~[ozone-manager-1.4.0-SNAPSHOT.jar:?]
	at org.apache.hadoop.hdds.server.OzoneProtocolMessageDispatcher.processRequest(OzoneProtocolMessageDispatcher.java:87) [hdds-server-framework-1.4.0-SNAPSHOT.jar:?]
	at org.apache.hadoop.ozone.protocolPB.OzoneManagerProtocolServerSideTranslatorPB.submitRequest(OzoneManagerProtocolServerSideTranslatorPB.java:147) [ozone-manager-1.4.0-SNAPSHOT.jar:?]
	at org.apache.hadoop.ozone.protocol.proto.OzoneManagerProtocolProtos$OzoneManagerService$2.callBlockingMethod(OzoneManagerProtocolProtos.java) [ozone-interface-client-1.4.0-SNAPSHOT.jar:?]
	at org.apache.hadoop.ipc.ProtobufRpcEngine$Server.processCall(ProtobufRpcEngine.java:465) [hadoop-common-3.3.4.jar:?]
	at org.apache.hadoop.ipc.ProtobufRpcEngine2$Server$ProtoBufRpcInvoker.call(ProtobufRpcEngine2.java:578) [hadoop-common-3.3.4.jar:?]
	at org.apache.hadoop.ipc.ProtobufRpcEngine2$Server$ProtoBufRpcInvoker.call(ProtobufRpcEngine2.java:556) [hadoop-common-3.3.4.jar:?]
	at org.apache.hadoop.ipc.RPC$Server.call(RPC.java:1093) [hadoop-common-3.3.4.jar:?]
	at org.apache.hadoop.ipc.Server$RpcCall.run(Server.java:1043) [hadoop-common-3.3.4.jar:?]
	at org.apache.hadoop.ipc.Server$RpcCall.run(Server.java:971) [hadoop-common-3.3.4.jar:?]
	at java.security.AccessController.doPrivileged(Native Method) ~[?:1.8.0_362]
	at javax.security.auth.Subject.doAs(Subject.java:422) [?:1.8.0_362]
	at org.apache.hadoop.security.UserGroupInformation.doAs(UserGroupInformation.java:1878) [hadoop-common-3.3.4.jar:?]
	at org.apache.hadoop.ipc.Server$Handler.run(Server.java:2976) [hadoop-common-3.3.4.jar:?]
08:19:12.788 [IPC Server handler 9 on default port 32845] ERROR OMAudit - user=runner | ip=127.0.0.1 | op=GET_FILE_STATUS {volume=volume29101, bucket=bucket05375, key=d1/d2/d3/d4/invalidkey, dataSize=0, replicationConfig=null} | ret=FAILURE
org.apache.hadoop.ozone.om.exceptions.OMException: Unable to get file status: volume: volume29101 bucket: bucket05375 key: d1/d2/d3/d4/invalidkey
	at org.apache.hadoop.ozone.om.KeyManagerImpl.getOzoneFileStatus(KeyManagerImpl.java:1162) ~[ozone-manager-1.4.0-SNAPSHOT.jar:?]
	at org.apache.hadoop.ozone.om.KeyManagerImpl.getFileStatus(KeyManagerImpl.java:1080) ~[ozone-manager-1.4.0-SNAPSHOT.jar:?]
	at org.apache.hadoop.ozone.om.OmMetadataReader.getFileStatus(OmMetadataReader.java:288) ~[ozone-manager-1.4.0-SNAPSHOT.jar:?]
	at org.apache.hadoop.ozone.om.OzoneManager.getFileStatus(OzoneManager.java:3449) ~[ozone-manager-1.4.0-SNAPSHOT.jar:?]
	at org.apache.hadoop.ozone.protocolPB.OzoneManagerRequestHandler.getOzoneFileStatus(OzoneManagerRequestHandler.java:933) ~[ozone-manager-1.4.0-SNAPSHOT.jar:?]
	at org.apache.hadoop.ozone.protocolPB.OzoneManagerRequestHandler.handleReadRequest(OzoneManagerRequestHandler.java:238) ~[ozone-manager-1.4.0-SNAPSHOT.jar:?]
	at org.apache.hadoop.ozone.protocolPB.OzoneManagerProtocolServerSideTranslatorPB.submitReadRequestToOM(OzoneManagerProtocolServerSideTranslatorPB.java:223) ~[ozone-manager-1.4.0-SNAPSHOT.jar:?]
	at org.apache.hadoop.ozone.protocolPB.OzoneManagerProtocolServerSideTranslatorPB.processRequest(OzoneManagerProtocolServerSideTranslatorPB.java:177) ~[ozone-manager-1.4.0-SNAPSHOT.jar:?]
	at org.apache.hadoop.hdds.server.OzoneProtocolMessageDispatcher.processRequest(OzoneProtocolMessageDispatcher.java:87) [hdds-server-framework-1.4.0-SNAPSHOT.jar:?]
	at org.apache.hadoop.ozone.protocolPB.OzoneManagerProtocolServerSideTranslatorPB.submitRequest(OzoneManagerProtocolServerSideTranslatorPB.java:147) [ozone-manager-1.4.0-SNAPSHOT.jar:?]
	at org.apache.hadoop.ozone.protocol.proto.OzoneManagerProtocolProtos$OzoneManagerService$2.callBlockingMethod(OzoneManagerProtocolProtos.java) [ozone-interface-client-1.4.0-SNAPSHOT.jar:?]
	at org.apache.hadoop.ipc.ProtobufRpcEngine$Server.processCall(ProtobufRpcEngine.java:465) [hadoop-common-3.3.4.jar:?]
	at org.apache.hadoop.ipc.ProtobufRpcEngine2$Server$ProtoBufRpcInvoker.call(ProtobufRpcEngine2.java:578) [hadoop-common-3.3.4.jar:?]
	at org.apache.hadoop.ipc.ProtobufRpcEngine2$Server$ProtoBufRpcInvoker.call(ProtobufRpcEngine2.java:556) [hadoop-common-3.3.4.jar:?]
	at org.apache.hadoop.ipc.RPC$Server.call(RPC.java:1093) [hadoop-common-3.3.4.jar:?]
	at org.apache.hadoop.ipc.Server$RpcCall.run(Server.java:1043) [hadoop-common-3.3.4.jar:?]
	at org.apache.hadoop.ipc.Server$RpcCall.run(Server.java:971) [hadoop-common-3.3.4.jar:?]
	at java.security.AccessController.doPrivileged(Native Method) ~[?:1.8.0_362]
	at javax.security.auth.Subject.doAs(Subject.java:422) [?:1.8.0_362]
	at org.apache.hadoop.security.UserGroupInformation.doAs(UserGroupInformation.java:1878) [hadoop-common-3.3.4.jar:?]
	at org.apache.hadoop.ipc.Server$Handler.run(Server.java:2976) [hadoop-common-3.3.4.jar:?]
]]></system-out>
  </testcase>
  <testcase name="testCreateFileShouldCheckExistenceOfDirWithSameName" classname="TestOzoneFileSystem" time="0.017">
    <system-out><![CDATA[2023-02-14 08:19:59,519 [IPC Server handler 0 on default port 42497] INFO  key.OMKeyRequest (OMKeyRequest.java:wrapUncommittedBlocksAsPseudoKey(837)) - Detect allocated but uncommitted blocks [{blockID={containerID=1, localID=111677748019200034}, length=4194304, offset=0, token=null, pipeline=null, createVersion=0, partNumber=0}] in key d1/d2/d3/d4/key1.
08:19:59.520 [IPC Server handler 7 on default port 42497] ERROR OMAudit - user=runner | ip=127.0.0.1 | op=CREATE_FILE {volume=volume12456, bucket=bucket20487, key=d1/d2/d3/d4/key2, dataSize=4194304, replicationType=RATIS, replicationFactor=THREE} | ret=FAILURE
org.apache.hadoop.ozone.om.exceptions.OMException: Can not write to directory: d1/d2/d3/d4/key2
	at org.apache.hadoop.ozone.om.request.file.OMFileCreateRequest.checkDirectoryResult(OMFileCreateRequest.java:367) ~[ozone-manager-1.4.0-SNAPSHOT.jar:?]
	at org.apache.hadoop.ozone.om.request.file.OMFileCreateRequest.validateAndUpdateCache(OMFileCreateRequest.java:241) ~[ozone-manager-1.4.0-SNAPSHOT.jar:?]
	at org.apache.hadoop.ozone.protocolPB.OzoneManagerRequestHandler.handleWriteRequest(OzoneManagerRequestHandler.java:337) ~[ozone-manager-1.4.0-SNAPSHOT.jar:?]
	at org.apache.hadoop.ozone.protocolPB.OzoneManagerProtocolServerSideTranslatorPB.submitRequestDirectlyToOM(OzoneManagerProtocolServerSideTranslatorPB.java:277) ~[ozone-manager-1.4.0-SNAPSHOT.jar:?]
	at org.apache.hadoop.ozone.protocolPB.OzoneManagerProtocolServerSideTranslatorPB.processRequest(OzoneManagerProtocolServerSideTranslatorPB.java:173) ~[ozone-manager-1.4.0-SNAPSHOT.jar:?]
	at org.apache.hadoop.hdds.server.OzoneProtocolMessageDispatcher.processRequest(OzoneProtocolMessageDispatcher.java:87) [hdds-server-framework-1.4.0-SNAPSHOT.jar:?]
	at org.apache.hadoop.ozone.protocolPB.OzoneManagerProtocolServerSideTranslatorPB.submitRequest(OzoneManagerProtocolServerSideTranslatorPB.java:147) [ozone-manager-1.4.0-SNAPSHOT.jar:?]
	at org.apache.hadoop.ozone.protocol.proto.OzoneManagerProtocolProtos$OzoneManagerService$2.callBlockingMethod(OzoneManagerProtocolProtos.java) [ozone-interface-client-1.4.0-SNAPSHOT.jar:?]
	at org.apache.hadoop.ipc.ProtobufRpcEngine$Server.processCall(ProtobufRpcEngine.java:465) [hadoop-common-3.3.4.jar:?]
	at org.apache.hadoop.ipc.ProtobufRpcEngine2$Server$ProtoBufRpcInvoker.call(ProtobufRpcEngine2.java:578) [hadoop-common-3.3.4.jar:?]
	at org.apache.hadoop.ipc.ProtobufRpcEngine2$Server$ProtoBufRpcInvoker.call(ProtobufRpcEngine2.java:556) [hadoop-common-3.3.4.jar:?]
	at org.apache.hadoop.ipc.RPC$Server.call(RPC.java:1093) [hadoop-common-3.3.4.jar:?]
	at org.apache.hadoop.ipc.Server$RpcCall.run(Server.java:1043) [hadoop-common-3.3.4.jar:?]
	at org.apache.hadoop.ipc.Server$RpcCall.run(Server.java:971) [hadoop-common-3.3.4.jar:?]
	at java.security.AccessController.doPrivileged(Native Method) ~[?:1.8.0_362]
	at javax.security.auth.Subject.doAs(Subject.java:422) [?:1.8.0_362]
	at org.apache.hadoop.security.UserGroupInformation.doAs(UserGroupInformation.java:1878) [hadoop-common-3.3.4.jar:?]
	at org.apache.hadoop.ipc.Server$Handler.run(Server.java:2976) [hadoop-common-3.3.4.jar:?]
2023-02-14 08:19:59,521 [IPC Server handler 7 on default port 42497] ERROR file.OMFileCreateRequest (OMFileCreateRequest.java:validateAndUpdateCache(340)) - File create failed. Volume:volume12456, Bucket:bucket20487, Keyd1/d2/d3/d4/key2.
NOT_A_FILE org.apache.hadoop.ozone.om.exceptions.OMException: Can not write to directory: d1/d2/d3/d4/key2
	at org.apache.hadoop.ozone.om.request.file.OMFileCreateRequest.checkDirectoryResult(OMFileCreateRequest.java:367)
	at org.apache.hadoop.ozone.om.request.file.OMFileCreateRequest.validateAndUpdateCache(OMFileCreateRequest.java:241)
	at org.apache.hadoop.ozone.protocolPB.OzoneManagerRequestHandler.handleWriteRequest(OzoneManagerRequestHandler.java:337)
	at org.apache.hadoop.ozone.protocolPB.OzoneManagerProtocolServerSideTranslatorPB.submitRequestDirectlyToOM(OzoneManagerProtocolServerSideTranslatorPB.java:277)
	at org.apache.hadoop.ozone.protocolPB.OzoneManagerProtocolServerSideTranslatorPB.processRequest(OzoneManagerProtocolServerSideTranslatorPB.java:173)
	at org.apache.hadoop.hdds.server.OzoneProtocolMessageDispatcher.processRequest(OzoneProtocolMessageDispatcher.java:87)
	at org.apache.hadoop.ozone.protocolPB.OzoneManagerProtocolServerSideTranslatorPB.submitRequest(OzoneManagerProtocolServerSideTranslatorPB.java:147)
	at org.apache.hadoop.ozone.protocol.proto.OzoneManagerProtocolProtos$OzoneManagerService$2.callBlockingMethod(OzoneManagerProtocolProtos.java)
	at org.apache.hadoop.ipc.ProtobufRpcEngine$Server.processCall(ProtobufRpcEngine.java:465)
	at org.apache.hadoop.ipc.ProtobufRpcEngine2$Server$ProtoBufRpcInvoker.call(ProtobufRpcEngine2.java:578)
	at org.apache.hadoop.ipc.ProtobufRpcEngine2$Server$ProtoBufRpcInvoker.call(ProtobufRpcEngine2.java:556)
	at org.apache.hadoop.ipc.RPC$Server.call(RPC.java:1093)
	at org.apache.hadoop.ipc.Server$RpcCall.run(Server.java:1043)
	at org.apache.hadoop.ipc.Server$RpcCall.run(Server.java:971)
	at java.security.AccessController.doPrivileged(Native Method)
	at javax.security.auth.Subject.doAs(Subject.java:422)
	at org.apache.hadoop.security.UserGroupInformation.doAs(UserGroupInformation.java:1878)
	at org.apache.hadoop.ipc.Server$Handler.run(Server.java:2976)
2023-02-14 08:19:59,524 [IPC Server handler 4 on default port 42497] INFO  key.OMKeyRequest (OMKeyRequest.java:wrapUncommittedBlocksAsPseudoKey(837)) - Detect allocated but uncommitted blocks [{blockID={containerID=1, localID=111677748019200036}, length=4194304, offset=0, token=null, pipeline=null, createVersion=0, partNumber=0}] in key d1/d2/d3/d4/key3.
08:19:59.525 [IPC Server handler 12 on default port 42497] ERROR OMAudit - user=runner | ip=127.0.0.1 | op=CREATE_DIRECTORY {volume=volume12456, bucket=bucket20487, key=d1/d2/d3/d4/key3, dataSize=0, replicationType=NONE, replicationFactor=ZERO} | ret=FAILURE
org.apache.hadoop.ozone.om.exceptions.OMException: Unable to create directory: d1/d2/d3/d4/key3 in volume/bucket: volume12456/bucket20487
	at org.apache.hadoop.ozone.om.request.file.OMDirectoryCreateRequest.validateAndUpdateCache(OMDirectoryCreateRequest.java:199) ~[ozone-manager-1.4.0-SNAPSHOT.jar:?]
	at org.apache.hadoop.ozone.protocolPB.OzoneManagerRequestHandler.handleWriteRequest(OzoneManagerRequestHandler.java:337) ~[ozone-manager-1.4.0-SNAPSHOT.jar:?]
	at org.apache.hadoop.ozone.protocolPB.OzoneManagerProtocolServerSideTranslatorPB.submitRequestDirectlyToOM(OzoneManagerProtocolServerSideTranslatorPB.java:277) ~[ozone-manager-1.4.0-SNAPSHOT.jar:?]
	at org.apache.hadoop.ozone.protocolPB.OzoneManagerProtocolServerSideTranslatorPB.processRequest(OzoneManagerProtocolServerSideTranslatorPB.java:173) ~[ozone-manager-1.4.0-SNAPSHOT.jar:?]
	at org.apache.hadoop.hdds.server.OzoneProtocolMessageDispatcher.processRequest(OzoneProtocolMessageDispatcher.java:87) [hdds-server-framework-1.4.0-SNAPSHOT.jar:?]
	at org.apache.hadoop.ozone.protocolPB.OzoneManagerProtocolServerSideTranslatorPB.submitRequest(OzoneManagerProtocolServerSideTranslatorPB.java:147) [ozone-manager-1.4.0-SNAPSHOT.jar:?]
	at org.apache.hadoop.ozone.protocol.proto.OzoneManagerProtocolProtos$OzoneManagerService$2.callBlockingMethod(OzoneManagerProtocolProtos.java) [ozone-interface-client-1.4.0-SNAPSHOT.jar:?]
	at org.apache.hadoop.ipc.ProtobufRpcEngine$Server.processCall(ProtobufRpcEngine.java:465) [hadoop-common-3.3.4.jar:?]
	at org.apache.hadoop.ipc.ProtobufRpcEngine2$Server$ProtoBufRpcInvoker.call(ProtobufRpcEngine2.java:578) [hadoop-common-3.3.4.jar:?]
	at org.apache.hadoop.ipc.ProtobufRpcEngine2$Server$ProtoBufRpcInvoker.call(ProtobufRpcEngine2.java:556) [hadoop-common-3.3.4.jar:?]
	at org.apache.hadoop.ipc.RPC$Server.call(RPC.java:1093) [hadoop-common-3.3.4.jar:?]
	at org.apache.hadoop.ipc.Server$RpcCall.run(Server.java:1043) [hadoop-common-3.3.4.jar:?]
	at org.apache.hadoop.ipc.Server$RpcCall.run(Server.java:971) [hadoop-common-3.3.4.jar:?]
	at java.security.AccessController.doPrivileged(Native Method) ~[?:1.8.0_362]
	at javax.security.auth.Subject.doAs(Subject.java:422) [?:1.8.0_362]
	at org.apache.hadoop.security.UserGroupInformation.doAs(UserGroupInformation.java:1878) [hadoop-common-3.3.4.jar:?]
	at org.apache.hadoop.ipc.Server$Handler.run(Server.java:2976) [hadoop-common-3.3.4.jar:?]
2023-02-14 08:19:59,525 [IPC Server handler 12 on default port 42497] ERROR file.OMDirectoryCreateRequest (OMDirectoryCreateRequest.java:logResult(339)) - Directory creation failed. Volume:volume12456, Bucket:bucket20487, Keyd1/d2/d3/d4/key3. Exception:{}
FILE_ALREADY_EXISTS org.apache.hadoop.ozone.om.exceptions.OMException: Unable to create directory: d1/d2/d3/d4/key3 in volume/bucket: volume12456/bucket20487
	at org.apache.hadoop.ozone.om.request.file.OMDirectoryCreateRequest.validateAndUpdateCache(OMDirectoryCreateRequest.java:199)
	at org.apache.hadoop.ozone.protocolPB.OzoneManagerRequestHandler.handleWriteRequest(OzoneManagerRequestHandler.java:337)
	at org.apache.hadoop.ozone.protocolPB.OzoneManagerProtocolServerSideTranslatorPB.submitRequestDirectlyToOM(OzoneManagerProtocolServerSideTranslatorPB.java:277)
	at org.apache.hadoop.ozone.protocolPB.OzoneManagerProtocolServerSideTranslatorPB.processRequest(OzoneManagerProtocolServerSideTranslatorPB.java:173)
	at org.apache.hadoop.hdds.server.OzoneProtocolMessageDispatcher.processRequest(OzoneProtocolMessageDispatcher.java:87)
	at org.apache.hadoop.ozone.protocolPB.OzoneManagerProtocolServerSideTranslatorPB.submitRequest(OzoneManagerProtocolServerSideTranslatorPB.java:147)
	at org.apache.hadoop.ozone.protocol.proto.OzoneManagerProtocolProtos$OzoneManagerService$2.callBlockingMethod(OzoneManagerProtocolProtos.java)
	at org.apache.hadoop.ipc.ProtobufRpcEngine$Server.processCall(ProtobufRpcEngine.java:465)
	at org.apache.hadoop.ipc.ProtobufRpcEngine2$Server$ProtoBufRpcInvoker.call(ProtobufRpcEngine2.java:578)
	at org.apache.hadoop.ipc.ProtobufRpcEngine2$Server$ProtoBufRpcInvoker.call(ProtobufRpcEngine2.java:556)
	at org.apache.hadoop.ipc.RPC$Server.call(RPC.java:1093)
	at org.apache.hadoop.ipc.Server$RpcCall.run(Server.java:1043)
	at org.apache.hadoop.ipc.Server$RpcCall.run(Server.java:971)
	at java.security.AccessController.doPrivileged(Native Method)
	at javax.security.auth.Subject.doAs(Subject.java:422)
	at org.apache.hadoop.security.UserGroupInformation.doAs(UserGroupInformation.java:1878)
	at org.apache.hadoop.ipc.Server$Handler.run(Server.java:2976)
08:19:59.526 [IPC Server handler 11 on default port 42497] ERROR OMAudit - user=runner | ip=127.0.0.1 | op=CREATE_FILE {volume=volume12456, bucket=bucket20487, key=d1/d2/d3, dataSize=4194304, replicationType=RATIS, replicationFactor=THREE} | ret=FAILURE
org.apache.hadoop.ozone.om.exceptions.OMException: Can not write to directory: d1/d2/d3
	at org.apache.hadoop.ozone.om.request.file.OMFileCreateRequest.checkDirectoryResult(OMFileCreateRequest.java:367) ~[ozone-manager-1.4.0-SNAPSHOT.jar:?]
	at org.apache.hadoop.ozone.om.request.file.OMFileCreateRequest.validateAndUpdateCache(OMFileCreateRequest.java:241) ~[ozone-manager-1.4.0-SNAPSHOT.jar:?]
	at org.apache.hadoop.ozone.protocolPB.OzoneManagerRequestHandler.handleWriteRequest(OzoneManagerRequestHandler.java:337) ~[ozone-manager-1.4.0-SNAPSHOT.jar:?]
	at org.apache.hadoop.ozone.protocolPB.OzoneManagerProtocolServerSideTranslatorPB.submitRequestDirectlyToOM(OzoneManagerProtocolServerSideTranslatorPB.java:277) ~[ozone-manager-1.4.0-SNAPSHOT.jar:?]
	at org.apache.hadoop.ozone.protocolPB.OzoneManagerProtocolServerSideTranslatorPB.processRequest(OzoneManagerProtocolServerSideTranslatorPB.java:173) ~[ozone-manager-1.4.0-SNAPSHOT.jar:?]
	at org.apache.hadoop.hdds.server.OzoneProtocolMessageDispatcher.processRequest(OzoneProtocolMessageDispatcher.java:87) [hdds-server-framework-1.4.0-SNAPSHOT.jar:?]
	at org.apache.hadoop.ozone.protocolPB.OzoneManagerProtocolServerSideTranslatorPB.submitRequest(OzoneManagerProtocolServerSideTranslatorPB.java:147) [ozone-manager-1.4.0-SNAPSHOT.jar:?]
	at org.apache.hadoop.ozone.protocol.proto.OzoneManagerProtocolProtos$OzoneManagerService$2.callBlockingMethod(OzoneManagerProtocolProtos.java) [ozone-interface-client-1.4.0-SNAPSHOT.jar:?]
	at org.apache.hadoop.ipc.ProtobufRpcEngine$Server.processCall(ProtobufRpcEngine.java:465) [hadoop-common-3.3.4.jar:?]
	at org.apache.hadoop.ipc.ProtobufRpcEngine2$Server$ProtoBufRpcInvoker.call(ProtobufRpcEngine2.java:578) [hadoop-common-3.3.4.jar:?]
	at org.apache.hadoop.ipc.ProtobufRpcEngine2$Server$ProtoBufRpcInvoker.call(ProtobufRpcEngine2.java:556) [hadoop-common-3.3.4.jar:?]
	at org.apache.hadoop.ipc.RPC$Server.call(RPC.java:1093) [hadoop-common-3.3.4.jar:?]
	at org.apache.hadoop.ipc.Server$RpcCall.run(Server.java:1043) [hadoop-common-3.3.4.jar:?]
	at org.apache.hadoop.ipc.Server$RpcCall.run(Server.java:971) [hadoop-common-3.3.4.jar:?]
	at java.security.AccessController.doPrivileged(Native Method) ~[?:1.8.0_362]
	at javax.security.auth.Subject.doAs(Subject.java:422) [?:1.8.0_362]
	at org.apache.hadoop.security.UserGroupInformation.doAs(UserGroupInformation.java:1878) [hadoop-common-3.3.4.jar:?]
	at org.apache.hadoop.ipc.Server$Handler.run(Server.java:2976) [hadoop-common-3.3.4.jar:?]
2023-02-14 08:19:59,527 [IPC Server handler 11 on default port 42497] ERROR file.OMFileCreateRequest (OMFileCreateRequest.java:validateAndUpdateCache(340)) - File create failed. Volume:volume12456, Bucket:bucket20487, Keyd1/d2/d3.
NOT_A_FILE org.apache.hadoop.ozone.om.exceptions.OMException: Can not write to directory: d1/d2/d3
	at org.apache.hadoop.ozone.om.request.file.OMFileCreateRequest.checkDirectoryResult(OMFileCreateRequest.java:367)
	at org.apache.hadoop.ozone.om.request.file.OMFileCreateRequest.validateAndUpdateCache(OMFileCreateRequest.java:241)
	at org.apache.hadoop.ozone.protocolPB.OzoneManagerRequestHandler.handleWriteRequest(OzoneManagerRequestHandler.java:337)
	at org.apache.hadoop.ozone.protocolPB.OzoneManagerProtocolServerSideTranslatorPB.submitRequestDirectlyToOM(OzoneManagerProtocolServerSideTranslatorPB.java:277)
	at org.apache.hadoop.ozone.protocolPB.OzoneManagerProtocolServerSideTranslatorPB.processRequest(OzoneManagerProtocolServerSideTranslatorPB.java:173)
	at org.apache.hadoop.hdds.server.OzoneProtocolMessageDispatcher.processRequest(OzoneProtocolMessageDispatcher.java:87)
	at org.apache.hadoop.ozone.protocolPB.OzoneManagerProtocolServerSideTranslatorPB.submitRequest(OzoneManagerProtocolServerSideTranslatorPB.java:147)
	at org.apache.hadoop.ozone.protocol.proto.OzoneManagerProtocolProtos$OzoneManagerService$2.callBlockingMethod(OzoneManagerProtocolProtos.java)
	at org.apache.hadoop.ipc.ProtobufRpcEngine$Server.processCall(ProtobufRpcEngine.java:465)
	at org.apache.hadoop.ipc.ProtobufRpcEngine2$Server$ProtoBufRpcInvoker.call(ProtobufRpcEngine2.java:578)
	at org.apache.hadoop.ipc.ProtobufRpcEngine2$Server$ProtoBufRpcInvoker.call(ProtobufRpcEngine2.java:556)
	at org.apache.hadoop.ipc.RPC$Server.call(RPC.java:1093)
	at org.apache.hadoop.ipc.Server$RpcCall.run(Server.java:1043)
	at org.apache.hadoop.ipc.Server$RpcCall.run(Server.java:971)
	at java.security.AccessController.doPrivileged(Native Method)
	at javax.security.auth.Subject.doAs(Subject.java:422)
	at org.apache.hadoop.security.UserGroupInformation.doAs(UserGroupInformation.java:1878)
	at org.apache.hadoop.ipc.Server$Handler.run(Server.java:2976)
08:19:59.527 [IPC Server handler 2 on default port 42497] ERROR OMAudit - user=runner | ip=127.0.0.1 | op=GET_FILE_STATUS {volume=volume12456, bucket=bucket20487, key=d1/d2/d3/d4/key3/invalid, dataSize=0, replicationConfig=null} | ret=FAILURE
org.apache.hadoop.ozone.om.exceptions.OMException: Unable to get file status: volume: volume12456 bucket: bucket20487 key: d1/d2/d3/d4/key3/invalid
	at org.apache.hadoop.ozone.om.KeyManagerImpl.getOzoneFileStatus(KeyManagerImpl.java:1162) ~[ozone-manager-1.4.0-SNAPSHOT.jar:?]
	at org.apache.hadoop.ozone.om.KeyManagerImpl.getFileStatus(KeyManagerImpl.java:1080) ~[ozone-manager-1.4.0-SNAPSHOT.jar:?]
	at org.apache.hadoop.ozone.om.OmMetadataReader.getFileStatus(OmMetadataReader.java:288) ~[ozone-manager-1.4.0-SNAPSHOT.jar:?]
	at org.apache.hadoop.ozone.om.OzoneManager.getFileStatus(OzoneManager.java:3449) ~[ozone-manager-1.4.0-SNAPSHOT.jar:?]
	at org.apache.hadoop.ozone.protocolPB.OzoneManagerRequestHandler.getOzoneFileStatus(OzoneManagerRequestHandler.java:933) ~[ozone-manager-1.4.0-SNAPSHOT.jar:?]
	at org.apache.hadoop.ozone.protocolPB.OzoneManagerRequestHandler.handleReadRequest(OzoneManagerRequestHandler.java:238) ~[ozone-manager-1.4.0-SNAPSHOT.jar:?]
	at org.apache.hadoop.ozone.protocolPB.OzoneManagerProtocolServerSideTranslatorPB.submitRequestDirectlyToOM(OzoneManagerProtocolServerSideTranslatorPB.java:271) ~[ozone-manager-1.4.0-SNAPSHOT.jar:?]
	at org.apache.hadoop.ozone.protocolPB.OzoneManagerProtocolServerSideTranslatorPB.processRequest(OzoneManagerProtocolServerSideTranslatorPB.java:173) ~[ozone-manager-1.4.0-SNAPSHOT.jar:?]
	at org.apache.hadoop.hdds.server.OzoneProtocolMessageDispatcher.processRequest(OzoneProtocolMessageDispatcher.java:87) [hdds-server-framework-1.4.0-SNAPSHOT.jar:?]
	at org.apache.hadoop.ozone.protocolPB.OzoneManagerProtocolServerSideTranslatorPB.submitRequest(OzoneManagerProtocolServerSideTranslatorPB.java:147) [ozone-manager-1.4.0-SNAPSHOT.jar:?]
	at org.apache.hadoop.ozone.protocol.proto.OzoneManagerProtocolProtos$OzoneManagerService$2.callBlockingMethod(OzoneManagerProtocolProtos.java) [ozone-interface-client-1.4.0-SNAPSHOT.jar:?]
	at org.apache.hadoop.ipc.ProtobufRpcEngine$Server.processCall(ProtobufRpcEngine.java:465) [hadoop-common-3.3.4.jar:?]
	at org.apache.hadoop.ipc.ProtobufRpcEngine2$Server$ProtoBufRpcInvoker.call(ProtobufRpcEngine2.java:578) [hadoop-common-3.3.4.jar:?]
	at org.apache.hadoop.ipc.ProtobufRpcEngine2$Server$ProtoBufRpcInvoker.call(ProtobufRpcEngine2.java:556) [hadoop-common-3.3.4.jar:?]
	at org.apache.hadoop.ipc.RPC$Server.call(RPC.java:1093) [hadoop-common-3.3.4.jar:?]
	at org.apache.hadoop.ipc.Server$RpcCall.run(Server.java:1043) [hadoop-common-3.3.4.jar:?]
	at org.apache.hadoop.ipc.Server$RpcCall.run(Server.java:971) [hadoop-common-3.3.4.jar:?]
	at java.security.AccessController.doPrivileged(Native Method) ~[?:1.8.0_362]
	at javax.security.auth.Subject.doAs(Subject.java:422) [?:1.8.0_362]
	at org.apache.hadoop.security.UserGroupInformation.doAs(UserGroupInformation.java:1878) [hadoop-common-3.3.4.jar:?]
	at org.apache.hadoop.ipc.Server$Handler.run(Server.java:2976) [hadoop-common-3.3.4.jar:?]
08:19:59.528 [IPC Server handler 10 on default port 42497] ERROR OMAudit - user=runner | ip=127.0.0.1 | op=GET_FILE_STATUS {volume=volume12456, bucket=bucket20487, key=d1/d2/d3/d4/invalidkey, dataSize=0, replicationConfig=null} | ret=FAILURE
org.apache.hadoop.ozone.om.exceptions.OMException: Unable to get file status: volume: volume12456 bucket: bucket20487 key: d1/d2/d3/d4/invalidkey
	at org.apache.hadoop.ozone.om.KeyManagerImpl.getOzoneFileStatus(KeyManagerImpl.java:1162) ~[ozone-manager-1.4.0-SNAPSHOT.jar:?]
	at org.apache.hadoop.ozone.om.KeyManagerImpl.getFileStatus(KeyManagerImpl.java:1080) ~[ozone-manager-1.4.0-SNAPSHOT.jar:?]
	at org.apache.hadoop.ozone.om.OmMetadataReader.getFileStatus(OmMetadataReader.java:288) ~[ozone-manager-1.4.0-SNAPSHOT.jar:?]
	at org.apache.hadoop.ozone.om.OzoneManager.getFileStatus(OzoneManager.java:3449) ~[ozone-manager-1.4.0-SNAPSHOT.jar:?]
	at org.apache.hadoop.ozone.protocolPB.OzoneManagerRequestHandler.getOzoneFileStatus(OzoneManagerRequestHandler.java:933) ~[ozone-manager-1.4.0-SNAPSHOT.jar:?]
	at org.apache.hadoop.ozone.protocolPB.OzoneManagerRequestHandler.handleReadRequest(OzoneManagerRequestHandler.java:238) ~[ozone-manager-1.4.0-SNAPSHOT.jar:?]
	at org.apache.hadoop.ozone.protocolPB.OzoneManagerProtocolServerSideTranslatorPB.submitRequestDirectlyToOM(OzoneManagerProtocolServerSideTranslatorPB.java:271) ~[ozone-manager-1.4.0-SNAPSHOT.jar:?]
	at org.apache.hadoop.ozone.protocolPB.OzoneManagerProtocolServerSideTranslatorPB.processRequest(OzoneManagerProtocolServerSideTranslatorPB.java:173) ~[ozone-manager-1.4.0-SNAPSHOT.jar:?]
	at org.apache.hadoop.hdds.server.OzoneProtocolMessageDispatcher.processRequest(OzoneProtocolMessageDispatcher.java:87) [hdds-server-framework-1.4.0-SNAPSHOT.jar:?]
	at org.apache.hadoop.ozone.protocolPB.OzoneManagerProtocolServerSideTranslatorPB.submitRequest(OzoneManagerProtocolServerSideTranslatorPB.java:147) [ozone-manager-1.4.0-SNAPSHOT.jar:?]
	at org.apache.hadoop.ozone.protocol.proto.OzoneManagerProtocolProtos$OzoneManagerService$2.callBlockingMethod(OzoneManagerProtocolProtos.java) [ozone-interface-client-1.4.0-SNAPSHOT.jar:?]
	at org.apache.hadoop.ipc.ProtobufRpcEngine$Server.processCall(ProtobufRpcEngine.java:465) [hadoop-common-3.3.4.jar:?]
	at org.apache.hadoop.ipc.ProtobufRpcEngine2$Server$ProtoBufRpcInvoker.call(ProtobufRpcEngine2.java:578) [hadoop-common-3.3.4.jar:?]
	at org.apache.hadoop.ipc.ProtobufRpcEngine2$Server$ProtoBufRpcInvoker.call(ProtobufRpcEngine2.java:556) [hadoop-common-3.3.4.jar:?]
	at org.apache.hadoop.ipc.RPC$Server.call(RPC.java:1093) [hadoop-common-3.3.4.jar:?]
	at org.apache.hadoop.ipc.Server$RpcCall.run(Server.java:1043) [hadoop-common-3.3.4.jar:?]
	at org.apache.hadoop.ipc.Server$RpcCall.run(Server.java:971) [hadoop-common-3.3.4.jar:?]
	at java.security.AccessController.doPrivileged(Native Method) ~[?:1.8.0_362]
	at javax.security.auth.Subject.doAs(Subject.java:422) [?:1.8.0_362]
	at org.apache.hadoop.security.UserGroupInformation.doAs(UserGroupInformation.java:1878) [hadoop-common-3.3.4.jar:?]
	at org.apache.hadoop.ipc.Server$Handler.run(Server.java:2976) [hadoop-common-3.3.4.jar:?]
]]></system-out>
  </testcase>
  <testcase name="testRenameContainDelimiterFile" classname="TestOzoneFileSystem" time="0.029">
    <system-out><![CDATA[2023-02-14 08:17:31,328 [OM StateMachine ApplyTransaction Thread - 0] INFO  key.OMKeyRequest (OMKeyRequest.java:wrapUncommittedBlocksAsPseudoKey(837)) - Detect allocated but uncommitted blocks [{blockID={containerID=4, localID=111677748019200038}, length=4194304, offset=0, token=null, pipeline=null, createVersion=0, partNumber=0}] in key dir1/dir2/key1.
08:17:31.332 [IPC Server handler 0 on default port 34711] ERROR OMAudit - user=runner | ip=127.0.0.1 | op=GET_FILE_STATUS {volume=volume67802, bucket=bucket15311, key=dir1/dir2/key2, dataSize=0, replicationConfig=null} | ret=FAILURE
org.apache.hadoop.ozone.om.exceptions.OMException: Unable to get file status: volume: volume67802 bucket: bucket15311 key: dir1/dir2/key2
	at org.apache.hadoop.ozone.om.KeyManagerImpl.getOzoneFileStatus(KeyManagerImpl.java:1162) ~[ozone-manager-1.4.0-SNAPSHOT.jar:?]
	at org.apache.hadoop.ozone.om.KeyManagerImpl.getFileStatus(KeyManagerImpl.java:1080) ~[ozone-manager-1.4.0-SNAPSHOT.jar:?]
	at org.apache.hadoop.ozone.om.OmMetadataReader.getFileStatus(OmMetadataReader.java:288) ~[ozone-manager-1.4.0-SNAPSHOT.jar:?]
	at org.apache.hadoop.ozone.om.OzoneManager.getFileStatus(OzoneManager.java:3449) ~[ozone-manager-1.4.0-SNAPSHOT.jar:?]
	at org.apache.hadoop.ozone.protocolPB.OzoneManagerRequestHandler.getOzoneFileStatus(OzoneManagerRequestHandler.java:933) ~[ozone-manager-1.4.0-SNAPSHOT.jar:?]
	at org.apache.hadoop.ozone.protocolPB.OzoneManagerRequestHandler.handleReadRequest(OzoneManagerRequestHandler.java:238) ~[ozone-manager-1.4.0-SNAPSHOT.jar:?]
	at org.apache.hadoop.ozone.protocolPB.OzoneManagerProtocolServerSideTranslatorPB.submitReadRequestToOM(OzoneManagerProtocolServerSideTranslatorPB.java:223) ~[ozone-manager-1.4.0-SNAPSHOT.jar:?]
	at org.apache.hadoop.ozone.protocolPB.OzoneManagerProtocolServerSideTranslatorPB.processRequest(OzoneManagerProtocolServerSideTranslatorPB.java:177) ~[ozone-manager-1.4.0-SNAPSHOT.jar:?]
	at org.apache.hadoop.hdds.server.OzoneProtocolMessageDispatcher.processRequest(OzoneProtocolMessageDispatcher.java:87) [hdds-server-framework-1.4.0-SNAPSHOT.jar:?]
	at org.apache.hadoop.ozone.protocolPB.OzoneManagerProtocolServerSideTranslatorPB.submitRequest(OzoneManagerProtocolServerSideTranslatorPB.java:147) [ozone-manager-1.4.0-SNAPSHOT.jar:?]
	at org.apache.hadoop.ozone.protocol.proto.OzoneManagerProtocolProtos$OzoneManagerService$2.callBlockingMethod(OzoneManagerProtocolProtos.java) [ozone-interface-client-1.4.0-SNAPSHOT.jar:?]
	at org.apache.hadoop.ipc.ProtobufRpcEngine$Server.processCall(ProtobufRpcEngine.java:465) [hadoop-common-3.3.4.jar:?]
	at org.apache.hadoop.ipc.ProtobufRpcEngine2$Server$ProtoBufRpcInvoker.call(ProtobufRpcEngine2.java:578) [hadoop-common-3.3.4.jar:?]
	at org.apache.hadoop.ipc.ProtobufRpcEngine2$Server$ProtoBufRpcInvoker.call(ProtobufRpcEngine2.java:556) [hadoop-common-3.3.4.jar:?]
	at org.apache.hadoop.ipc.RPC$Server.call(RPC.java:1093) [hadoop-common-3.3.4.jar:?]
	at org.apache.hadoop.ipc.Server$RpcCall.run(Server.java:1043) [hadoop-common-3.3.4.jar:?]
	at org.apache.hadoop.ipc.Server$RpcCall.run(Server.java:971) [hadoop-common-3.3.4.jar:?]
	at java.security.AccessController.doPrivileged(Native Method) ~[?:1.8.0_362]
	at javax.security.auth.Subject.doAs(Subject.java:422) [?:1.8.0_362]
	at org.apache.hadoop.security.UserGroupInformation.doAs(UserGroupInformation.java:1878) [hadoop-common-3.3.4.jar:?]
	at org.apache.hadoop.ipc.Server$Handler.run(Server.java:2976) [hadoop-common-3.3.4.jar:?]
08:17:31.339 [IPC Server handler 4 on default port 34711] ERROR OMAudit - user=runner | ip=127.0.0.1 | op=GET_FILE_STATUS {volume=volume67802, bucket=bucket15311, key=dir1/dir2/key1, dataSize=0, replicationConfig=null} | ret=FAILURE
org.apache.hadoop.ozone.om.exceptions.OMException: Unable to get file status: volume: volume67802 bucket: bucket15311 key: dir1/dir2/key1
	at org.apache.hadoop.ozone.om.KeyManagerImpl.getOzoneFileStatus(KeyManagerImpl.java:1162) ~[ozone-manager-1.4.0-SNAPSHOT.jar:?]
	at org.apache.hadoop.ozone.om.KeyManagerImpl.getFileStatus(KeyManagerImpl.java:1080) ~[ozone-manager-1.4.0-SNAPSHOT.jar:?]
	at org.apache.hadoop.ozone.om.OmMetadataReader.getFileStatus(OmMetadataReader.java:288) ~[ozone-manager-1.4.0-SNAPSHOT.jar:?]
	at org.apache.hadoop.ozone.om.OzoneManager.getFileStatus(OzoneManager.java:3449) ~[ozone-manager-1.4.0-SNAPSHOT.jar:?]
	at org.apache.hadoop.ozone.protocolPB.OzoneManagerRequestHandler.getOzoneFileStatus(OzoneManagerRequestHandler.java:933) ~[ozone-manager-1.4.0-SNAPSHOT.jar:?]
	at org.apache.hadoop.ozone.protocolPB.OzoneManagerRequestHandler.handleReadRequest(OzoneManagerRequestHandler.java:238) ~[ozone-manager-1.4.0-SNAPSHOT.jar:?]
	at org.apache.hadoop.ozone.protocolPB.OzoneManagerProtocolServerSideTranslatorPB.submitReadRequestToOM(OzoneManagerProtocolServerSideTranslatorPB.java:223) ~[ozone-manager-1.4.0-SNAPSHOT.jar:?]
	at org.apache.hadoop.ozone.protocolPB.OzoneManagerProtocolServerSideTranslatorPB.processRequest(OzoneManagerProtocolServerSideTranslatorPB.java:177) ~[ozone-manager-1.4.0-SNAPSHOT.jar:?]
	at org.apache.hadoop.hdds.server.OzoneProtocolMessageDispatcher.processRequest(OzoneProtocolMessageDispatcher.java:87) [hdds-server-framework-1.4.0-SNAPSHOT.jar:?]
	at org.apache.hadoop.ozone.protocolPB.OzoneManagerProtocolServerSideTranslatorPB.submitRequest(OzoneManagerProtocolServerSideTranslatorPB.java:147) [ozone-manager-1.4.0-SNAPSHOT.jar:?]
	at org.apache.hadoop.ozone.protocol.proto.OzoneManagerProtocolProtos$OzoneManagerService$2.callBlockingMethod(OzoneManagerProtocolProtos.java) [ozone-interface-client-1.4.0-SNAPSHOT.jar:?]
	at org.apache.hadoop.ipc.ProtobufRpcEngine$Server.processCall(ProtobufRpcEngine.java:465) [hadoop-common-3.3.4.jar:?]
	at org.apache.hadoop.ipc.ProtobufRpcEngine2$Server$ProtoBufRpcInvoker.call(ProtobufRpcEngine2.java:578) [hadoop-common-3.3.4.jar:?]
	at org.apache.hadoop.ipc.ProtobufRpcEngine2$Server$ProtoBufRpcInvoker.call(ProtobufRpcEngine2.java:556) [hadoop-common-3.3.4.jar:?]
	at org.apache.hadoop.ipc.RPC$Server.call(RPC.java:1093) [hadoop-common-3.3.4.jar:?]
	at org.apache.hadoop.ipc.Server$RpcCall.run(Server.java:1043) [hadoop-common-3.3.4.jar:?]
	at org.apache.hadoop.ipc.Server$RpcCall.run(Server.java:971) [hadoop-common-3.3.4.jar:?]
	at java.security.AccessController.doPrivileged(Native Method) ~[?:1.8.0_362]
	at javax.security.auth.Subject.doAs(Subject.java:422) [?:1.8.0_362]
	at org.apache.hadoop.security.UserGroupInformation.doAs(UserGroupInformation.java:1878) [hadoop-common-3.3.4.jar:?]
	at org.apache.hadoop.ipc.Server$Handler.run(Server.java:2976) [hadoop-common-3.3.4.jar:?]
08:17:31.341 [IPC Server handler 6 on default port 34711] ERROR OMAudit - user=runner | ip=127.0.0.1 | op=GET_FILE_STATUS {volume=volume67802, bucket=bucket15311, key=user/runner/dir1, dataSize=0, replicationConfig=null} | ret=FAILURE
org.apache.hadoop.ozone.om.exceptions.OMException: Unable to get file status: volume: volume67802 bucket: bucket15311 key: user/runner/dir1
	at org.apache.hadoop.ozone.om.KeyManagerImpl.getOzoneFileStatus(KeyManagerImpl.java:1162) ~[ozone-manager-1.4.0-SNAPSHOT.jar:?]
	at org.apache.hadoop.ozone.om.KeyManagerImpl.getFileStatus(KeyManagerImpl.java:1080) ~[ozone-manager-1.4.0-SNAPSHOT.jar:?]
	at org.apache.hadoop.ozone.om.OmMetadataReader.getFileStatus(OmMetadataReader.java:288) ~[ozone-manager-1.4.0-SNAPSHOT.jar:?]
	at org.apache.hadoop.ozone.om.OzoneManager.getFileStatus(OzoneManager.java:3449) ~[ozone-manager-1.4.0-SNAPSHOT.jar:?]
	at org.apache.hadoop.ozone.protocolPB.OzoneManagerRequestHandler.getOzoneFileStatus(OzoneManagerRequestHandler.java:933) ~[ozone-manager-1.4.0-SNAPSHOT.jar:?]
	at org.apache.hadoop.ozone.protocolPB.OzoneManagerRequestHandler.handleReadRequest(OzoneManagerRequestHandler.java:238) ~[ozone-manager-1.4.0-SNAPSHOT.jar:?]
	at org.apache.hadoop.ozone.protocolPB.OzoneManagerProtocolServerSideTranslatorPB.submitReadRequestToOM(OzoneManagerProtocolServerSideTranslatorPB.java:223) ~[ozone-manager-1.4.0-SNAPSHOT.jar:?]
	at org.apache.hadoop.ozone.protocolPB.OzoneManagerProtocolServerSideTranslatorPB.processRequest(OzoneManagerProtocolServerSideTranslatorPB.java:177) ~[ozone-manager-1.4.0-SNAPSHOT.jar:?]
	at org.apache.hadoop.hdds.server.OzoneProtocolMessageDispatcher.processRequest(OzoneProtocolMessageDispatcher.java:87) [hdds-server-framework-1.4.0-SNAPSHOT.jar:?]
	at org.apache.hadoop.ozone.protocolPB.OzoneManagerProtocolServerSideTranslatorPB.submitRequest(OzoneManagerProtocolServerSideTranslatorPB.java:147) [ozone-manager-1.4.0-SNAPSHOT.jar:?]
	at org.apache.hadoop.ozone.protocol.proto.OzoneManagerProtocolProtos$OzoneManagerService$2.callBlockingMethod(OzoneManagerProtocolProtos.java) [ozone-interface-client-1.4.0-SNAPSHOT.jar:?]
	at org.apache.hadoop.ipc.ProtobufRpcEngine$Server.processCall(ProtobufRpcEngine.java:465) [hadoop-common-3.3.4.jar:?]
	at org.apache.hadoop.ipc.ProtobufRpcEngine2$Server$ProtoBufRpcInvoker.call(ProtobufRpcEngine2.java:578) [hadoop-common-3.3.4.jar:?]
	at org.apache.hadoop.ipc.ProtobufRpcEngine2$Server$ProtoBufRpcInvoker.call(ProtobufRpcEngine2.java:556) [hadoop-common-3.3.4.jar:?]
	at org.apache.hadoop.ipc.RPC$Server.call(RPC.java:1093) [hadoop-common-3.3.4.jar:?]
	at org.apache.hadoop.ipc.Server$RpcCall.run(Server.java:1043) [hadoop-common-3.3.4.jar:?]
	at org.apache.hadoop.ipc.Server$RpcCall.run(Server.java:971) [hadoop-common-3.3.4.jar:?]
	at java.security.AccessController.doPrivileged(Native Method) ~[?:1.8.0_362]
	at javax.security.auth.Subject.doAs(Subject.java:422) [?:1.8.0_362]
	at org.apache.hadoop.security.UserGroupInformation.doAs(UserGroupInformation.java:1878) [hadoop-common-3.3.4.jar:?]
	at org.apache.hadoop.ipc.Server$Handler.run(Server.java:2976) [hadoop-common-3.3.4.jar:?]
08:17:31.342 [IPC Server handler 7 on default port 34711] ERROR OMAudit - user=runner | ip=127.0.0.1 | op=GET_FILE_STATUS {volume=volume67802, bucket=bucket15311, key=user/runner/dir1/dir2, dataSize=0, replicationConfig=null} | ret=FAILURE
org.apache.hadoop.ozone.om.exceptions.OMException: Unable to get file status: volume: volume67802 bucket: bucket15311 key: user/runner/dir1/dir2
	at org.apache.hadoop.ozone.om.KeyManagerImpl.getOzoneFileStatus(KeyManagerImpl.java:1162) ~[ozone-manager-1.4.0-SNAPSHOT.jar:?]
	at org.apache.hadoop.ozone.om.KeyManagerImpl.getFileStatus(KeyManagerImpl.java:1080) ~[ozone-manager-1.4.0-SNAPSHOT.jar:?]
	at org.apache.hadoop.ozone.om.OmMetadataReader.getFileStatus(OmMetadataReader.java:288) ~[ozone-manager-1.4.0-SNAPSHOT.jar:?]
	at org.apache.hadoop.ozone.om.OzoneManager.getFileStatus(OzoneManager.java:3449) ~[ozone-manager-1.4.0-SNAPSHOT.jar:?]
	at org.apache.hadoop.ozone.protocolPB.OzoneManagerRequestHandler.getOzoneFileStatus(OzoneManagerRequestHandler.java:933) ~[ozone-manager-1.4.0-SNAPSHOT.jar:?]
	at org.apache.hadoop.ozone.protocolPB.OzoneManagerRequestHandler.handleReadRequest(OzoneManagerRequestHandler.java:238) ~[ozone-manager-1.4.0-SNAPSHOT.jar:?]
	at org.apache.hadoop.ozone.protocolPB.OzoneManagerProtocolServerSideTranslatorPB.submitReadRequestToOM(OzoneManagerProtocolServerSideTranslatorPB.java:223) ~[ozone-manager-1.4.0-SNAPSHOT.jar:?]
	at org.apache.hadoop.ozone.protocolPB.OzoneManagerProtocolServerSideTranslatorPB.processRequest(OzoneManagerProtocolServerSideTranslatorPB.java:177) ~[ozone-manager-1.4.0-SNAPSHOT.jar:?]
	at org.apache.hadoop.hdds.server.OzoneProtocolMessageDispatcher.processRequest(OzoneProtocolMessageDispatcher.java:87) [hdds-server-framework-1.4.0-SNAPSHOT.jar:?]
	at org.apache.hadoop.ozone.protocolPB.OzoneManagerProtocolServerSideTranslatorPB.submitRequest(OzoneManagerProtocolServerSideTranslatorPB.java:147) [ozone-manager-1.4.0-SNAPSHOT.jar:?]
	at org.apache.hadoop.ozone.protocol.proto.OzoneManagerProtocolProtos$OzoneManagerService$2.callBlockingMethod(OzoneManagerProtocolProtos.java) [ozone-interface-client-1.4.0-SNAPSHOT.jar:?]
	at org.apache.hadoop.ipc.ProtobufRpcEngine$Server.processCall(ProtobufRpcEngine.java:465) [hadoop-common-3.3.4.jar:?]
	at org.apache.hadoop.ipc.ProtobufRpcEngine2$Server$ProtoBufRpcInvoker.call(ProtobufRpcEngine2.java:578) [hadoop-common-3.3.4.jar:?]
	at org.apache.hadoop.ipc.ProtobufRpcEngine2$Server$ProtoBufRpcInvoker.call(ProtobufRpcEngine2.java:556) [hadoop-common-3.3.4.jar:?]
	at org.apache.hadoop.ipc.RPC$Server.call(RPC.java:1093) [hadoop-common-3.3.4.jar:?]
	at org.apache.hadoop.ipc.Server$RpcCall.run(Server.java:1043) [hadoop-common-3.3.4.jar:?]
	at org.apache.hadoop.ipc.Server$RpcCall.run(Server.java:971) [hadoop-common-3.3.4.jar:?]
	at java.security.AccessController.doPrivileged(Native Method) ~[?:1.8.0_362]
	at javax.security.auth.Subject.doAs(Subject.java:422) [?:1.8.0_362]
	at org.apache.hadoop.security.UserGroupInformation.doAs(UserGroupInformation.java:1878) [hadoop-common-3.3.4.jar:?]
	at org.apache.hadoop.ipc.Server$Handler.run(Server.java:2976) [hadoop-common-3.3.4.jar:?]
]]></system-out>
  </testcase>
  <testcase name="testRenameContainDelimiterFile" classname="TestOzoneFileSystem" time="0.012">
    <system-out><![CDATA[2023-02-14 08:18:29,780 [IPC Server handler 19 on default port 34455] INFO  key.OMKeyRequest (OMKeyRequest.java:wrapUncommittedBlocksAsPseudoKey(837)) - Detect allocated but uncommitted blocks [{blockID={containerID=4, localID=111677748019200038}, length=4194304, offset=0, token=null, pipeline=null, createVersion=0, partNumber=0}] in key dir1/dir2/key1.
08:18:29.782 [IPC Server handler 1 on default port 34455] ERROR OMAudit - user=runner | ip=127.0.0.1 | op=GET_FILE_STATUS {volume=volume94786, bucket=bucket02286, key=dir1/dir2/key2, dataSize=0, replicationConfig=null} | ret=FAILURE
org.apache.hadoop.ozone.om.exceptions.OMException: Unable to get file status: volume: volume94786 bucket: bucket02286 key: dir1/dir2/key2
	at org.apache.hadoop.ozone.om.KeyManagerImpl.getOzoneFileStatus(KeyManagerImpl.java:1162) ~[ozone-manager-1.4.0-SNAPSHOT.jar:?]
	at org.apache.hadoop.ozone.om.KeyManagerImpl.getFileStatus(KeyManagerImpl.java:1080) ~[ozone-manager-1.4.0-SNAPSHOT.jar:?]
	at org.apache.hadoop.ozone.om.OmMetadataReader.getFileStatus(OmMetadataReader.java:288) ~[ozone-manager-1.4.0-SNAPSHOT.jar:?]
	at org.apache.hadoop.ozone.om.OzoneManager.getFileStatus(OzoneManager.java:3449) ~[ozone-manager-1.4.0-SNAPSHOT.jar:?]
	at org.apache.hadoop.ozone.protocolPB.OzoneManagerRequestHandler.getOzoneFileStatus(OzoneManagerRequestHandler.java:933) ~[ozone-manager-1.4.0-SNAPSHOT.jar:?]
	at org.apache.hadoop.ozone.protocolPB.OzoneManagerRequestHandler.handleReadRequest(OzoneManagerRequestHandler.java:238) ~[ozone-manager-1.4.0-SNAPSHOT.jar:?]
	at org.apache.hadoop.ozone.protocolPB.OzoneManagerProtocolServerSideTranslatorPB.submitRequestDirectlyToOM(OzoneManagerProtocolServerSideTranslatorPB.java:271) ~[ozone-manager-1.4.0-SNAPSHOT.jar:?]
	at org.apache.hadoop.ozone.protocolPB.OzoneManagerProtocolServerSideTranslatorPB.processRequest(OzoneManagerProtocolServerSideTranslatorPB.java:173) ~[ozone-manager-1.4.0-SNAPSHOT.jar:?]
	at org.apache.hadoop.hdds.server.OzoneProtocolMessageDispatcher.processRequest(OzoneProtocolMessageDispatcher.java:87) [hdds-server-framework-1.4.0-SNAPSHOT.jar:?]
	at org.apache.hadoop.ozone.protocolPB.OzoneManagerProtocolServerSideTranslatorPB.submitRequest(OzoneManagerProtocolServerSideTranslatorPB.java:147) [ozone-manager-1.4.0-SNAPSHOT.jar:?]
	at org.apache.hadoop.ozone.protocol.proto.OzoneManagerProtocolProtos$OzoneManagerService$2.callBlockingMethod(OzoneManagerProtocolProtos.java) [ozone-interface-client-1.4.0-SNAPSHOT.jar:?]
	at org.apache.hadoop.ipc.ProtobufRpcEngine$Server.processCall(ProtobufRpcEngine.java:465) [hadoop-common-3.3.4.jar:?]
	at org.apache.hadoop.ipc.ProtobufRpcEngine2$Server$ProtoBufRpcInvoker.call(ProtobufRpcEngine2.java:578) [hadoop-common-3.3.4.jar:?]
	at org.apache.hadoop.ipc.ProtobufRpcEngine2$Server$ProtoBufRpcInvoker.call(ProtobufRpcEngine2.java:556) [hadoop-common-3.3.4.jar:?]
	at org.apache.hadoop.ipc.RPC$Server.call(RPC.java:1093) [hadoop-common-3.3.4.jar:?]
	at org.apache.hadoop.ipc.Server$RpcCall.run(Server.java:1043) [hadoop-common-3.3.4.jar:?]
	at org.apache.hadoop.ipc.Server$RpcCall.run(Server.java:971) [hadoop-common-3.3.4.jar:?]
	at java.security.AccessController.doPrivileged(Native Method) ~[?:1.8.0_362]
	at javax.security.auth.Subject.doAs(Subject.java:422) [?:1.8.0_362]
	at org.apache.hadoop.security.UserGroupInformation.doAs(UserGroupInformation.java:1878) [hadoop-common-3.3.4.jar:?]
	at org.apache.hadoop.ipc.Server$Handler.run(Server.java:2976) [hadoop-common-3.3.4.jar:?]
08:18:29.784 [IPC Server handler 6 on default port 34455] ERROR OMAudit - user=runner | ip=127.0.0.1 | op=GET_FILE_STATUS {volume=volume94786, bucket=bucket02286, key=dir1/dir2/key1, dataSize=0, replicationConfig=null} | ret=FAILURE
org.apache.hadoop.ozone.om.exceptions.OMException: Unable to get file status: volume: volume94786 bucket: bucket02286 key: dir1/dir2/key1
	at org.apache.hadoop.ozone.om.KeyManagerImpl.getOzoneFileStatus(KeyManagerImpl.java:1162) ~[ozone-manager-1.4.0-SNAPSHOT.jar:?]
	at org.apache.hadoop.ozone.om.KeyManagerImpl.getFileStatus(KeyManagerImpl.java:1080) ~[ozone-manager-1.4.0-SNAPSHOT.jar:?]
	at org.apache.hadoop.ozone.om.OmMetadataReader.getFileStatus(OmMetadataReader.java:288) ~[ozone-manager-1.4.0-SNAPSHOT.jar:?]
	at org.apache.hadoop.ozone.om.OzoneManager.getFileStatus(OzoneManager.java:3449) ~[ozone-manager-1.4.0-SNAPSHOT.jar:?]
	at org.apache.hadoop.ozone.protocolPB.OzoneManagerRequestHandler.getOzoneFileStatus(OzoneManagerRequestHandler.java:933) ~[ozone-manager-1.4.0-SNAPSHOT.jar:?]
	at org.apache.hadoop.ozone.protocolPB.OzoneManagerRequestHandler.handleReadRequest(OzoneManagerRequestHandler.java:238) ~[ozone-manager-1.4.0-SNAPSHOT.jar:?]
	at org.apache.hadoop.ozone.protocolPB.OzoneManagerProtocolServerSideTranslatorPB.submitRequestDirectlyToOM(OzoneManagerProtocolServerSideTranslatorPB.java:271) ~[ozone-manager-1.4.0-SNAPSHOT.jar:?]
	at org.apache.hadoop.ozone.protocolPB.OzoneManagerProtocolServerSideTranslatorPB.processRequest(OzoneManagerProtocolServerSideTranslatorPB.java:173) ~[ozone-manager-1.4.0-SNAPSHOT.jar:?]
	at org.apache.hadoop.hdds.server.OzoneProtocolMessageDispatcher.processRequest(OzoneProtocolMessageDispatcher.java:87) [hdds-server-framework-1.4.0-SNAPSHOT.jar:?]
	at org.apache.hadoop.ozone.protocolPB.OzoneManagerProtocolServerSideTranslatorPB.submitRequest(OzoneManagerProtocolServerSideTranslatorPB.java:147) [ozone-manager-1.4.0-SNAPSHOT.jar:?]
	at org.apache.hadoop.ozone.protocol.proto.OzoneManagerProtocolProtos$OzoneManagerService$2.callBlockingMethod(OzoneManagerProtocolProtos.java) [ozone-interface-client-1.4.0-SNAPSHOT.jar:?]
	at org.apache.hadoop.ipc.ProtobufRpcEngine$Server.processCall(ProtobufRpcEngine.java:465) [hadoop-common-3.3.4.jar:?]
	at org.apache.hadoop.ipc.ProtobufRpcEngine2$Server$ProtoBufRpcInvoker.call(ProtobufRpcEngine2.java:578) [hadoop-common-3.3.4.jar:?]
	at org.apache.hadoop.ipc.ProtobufRpcEngine2$Server$ProtoBufRpcInvoker.call(ProtobufRpcEngine2.java:556) [hadoop-common-3.3.4.jar:?]
	at org.apache.hadoop.ipc.RPC$Server.call(RPC.java:1093) [hadoop-common-3.3.4.jar:?]
	at org.apache.hadoop.ipc.Server$RpcCall.run(Server.java:1043) [hadoop-common-3.3.4.jar:?]
	at org.apache.hadoop.ipc.Server$RpcCall.run(Server.java:971) [hadoop-common-3.3.4.jar:?]
	at java.security.AccessController.doPrivileged(Native Method) ~[?:1.8.0_362]
	at javax.security.auth.Subject.doAs(Subject.java:422) [?:1.8.0_362]
	at org.apache.hadoop.security.UserGroupInformation.doAs(UserGroupInformation.java:1878) [hadoop-common-3.3.4.jar:?]
	at org.apache.hadoop.ipc.Server$Handler.run(Server.java:2976) [hadoop-common-3.3.4.jar:?]
08:18:29.785 [IPC Server handler 8 on default port 34455] ERROR OMAudit - user=runner | ip=127.0.0.1 | op=GET_FILE_STATUS {volume=volume94786, bucket=bucket02286, key=user/runner/dir1, dataSize=0, replicationConfig=null} | ret=FAILURE
org.apache.hadoop.ozone.om.exceptions.OMException: Unable to get file status: volume: volume94786 bucket: bucket02286 key: user/runner/dir1
	at org.apache.hadoop.ozone.om.KeyManagerImpl.getOzoneFileStatus(KeyManagerImpl.java:1162) ~[ozone-manager-1.4.0-SNAPSHOT.jar:?]
	at org.apache.hadoop.ozone.om.KeyManagerImpl.getFileStatus(KeyManagerImpl.java:1080) ~[ozone-manager-1.4.0-SNAPSHOT.jar:?]
	at org.apache.hadoop.ozone.om.OmMetadataReader.getFileStatus(OmMetadataReader.java:288) ~[ozone-manager-1.4.0-SNAPSHOT.jar:?]
	at org.apache.hadoop.ozone.om.OzoneManager.getFileStatus(OzoneManager.java:3449) ~[ozone-manager-1.4.0-SNAPSHOT.jar:?]
	at org.apache.hadoop.ozone.protocolPB.OzoneManagerRequestHandler.getOzoneFileStatus(OzoneManagerRequestHandler.java:933) ~[ozone-manager-1.4.0-SNAPSHOT.jar:?]
	at org.apache.hadoop.ozone.protocolPB.OzoneManagerRequestHandler.handleReadRequest(OzoneManagerRequestHandler.java:238) ~[ozone-manager-1.4.0-SNAPSHOT.jar:?]
	at org.apache.hadoop.ozone.protocolPB.OzoneManagerProtocolServerSideTranslatorPB.submitRequestDirectlyToOM(OzoneManagerProtocolServerSideTranslatorPB.java:271) ~[ozone-manager-1.4.0-SNAPSHOT.jar:?]
	at org.apache.hadoop.ozone.protocolPB.OzoneManagerProtocolServerSideTranslatorPB.processRequest(OzoneManagerProtocolServerSideTranslatorPB.java:173) ~[ozone-manager-1.4.0-SNAPSHOT.jar:?]
	at org.apache.hadoop.hdds.server.OzoneProtocolMessageDispatcher.processRequest(OzoneProtocolMessageDispatcher.java:87) [hdds-server-framework-1.4.0-SNAPSHOT.jar:?]
	at org.apache.hadoop.ozone.protocolPB.OzoneManagerProtocolServerSideTranslatorPB.submitRequest(OzoneManagerProtocolServerSideTranslatorPB.java:147) [ozone-manager-1.4.0-SNAPSHOT.jar:?]
	at org.apache.hadoop.ozone.protocol.proto.OzoneManagerProtocolProtos$OzoneManagerService$2.callBlockingMethod(OzoneManagerProtocolProtos.java) [ozone-interface-client-1.4.0-SNAPSHOT.jar:?]
	at org.apache.hadoop.ipc.ProtobufRpcEngine$Server.processCall(ProtobufRpcEngine.java:465) [hadoop-common-3.3.4.jar:?]
	at org.apache.hadoop.ipc.ProtobufRpcEngine2$Server$ProtoBufRpcInvoker.call(ProtobufRpcEngine2.java:578) [hadoop-common-3.3.4.jar:?]
	at org.apache.hadoop.ipc.ProtobufRpcEngine2$Server$ProtoBufRpcInvoker.call(ProtobufRpcEngine2.java:556) [hadoop-common-3.3.4.jar:?]
	at org.apache.hadoop.ipc.RPC$Server.call(RPC.java:1093) [hadoop-common-3.3.4.jar:?]
	at org.apache.hadoop.ipc.Server$RpcCall.run(Server.java:1043) [hadoop-common-3.3.4.jar:?]
	at org.apache.hadoop.ipc.Server$RpcCall.run(Server.java:971) [hadoop-common-3.3.4.jar:?]
	at java.security.AccessController.doPrivileged(Native Method) ~[?:1.8.0_362]
	at javax.security.auth.Subject.doAs(Subject.java:422) [?:1.8.0_362]
	at org.apache.hadoop.security.UserGroupInformation.doAs(UserGroupInformation.java:1878) [hadoop-common-3.3.4.jar:?]
	at org.apache.hadoop.ipc.Server$Handler.run(Server.java:2976) [hadoop-common-3.3.4.jar:?]
08:18:29.785 [IPC Server handler 10 on default port 34455] ERROR OMAudit - user=runner | ip=127.0.0.1 | op=GET_FILE_STATUS {volume=volume94786, bucket=bucket02286, key=user/runner/dir1/dir2, dataSize=0, replicationConfig=null} | ret=FAILURE
org.apache.hadoop.ozone.om.exceptions.OMException: Unable to get file status: volume: volume94786 bucket: bucket02286 key: user/runner/dir1/dir2
	at org.apache.hadoop.ozone.om.KeyManagerImpl.getOzoneFileStatus(KeyManagerImpl.java:1162) ~[ozone-manager-1.4.0-SNAPSHOT.jar:?]
	at org.apache.hadoop.ozone.om.KeyManagerImpl.getFileStatus(KeyManagerImpl.java:1080) ~[ozone-manager-1.4.0-SNAPSHOT.jar:?]
	at org.apache.hadoop.ozone.om.OmMetadataReader.getFileStatus(OmMetadataReader.java:288) ~[ozone-manager-1.4.0-SNAPSHOT.jar:?]
	at org.apache.hadoop.ozone.om.OzoneManager.getFileStatus(OzoneManager.java:3449) ~[ozone-manager-1.4.0-SNAPSHOT.jar:?]
	at org.apache.hadoop.ozone.protocolPB.OzoneManagerRequestHandler.getOzoneFileStatus(OzoneManagerRequestHandler.java:933) ~[ozone-manager-1.4.0-SNAPSHOT.jar:?]
	at org.apache.hadoop.ozone.protocolPB.OzoneManagerRequestHandler.handleReadRequest(OzoneManagerRequestHandler.java:238) ~[ozone-manager-1.4.0-SNAPSHOT.jar:?]
	at org.apache.hadoop.ozone.protocolPB.OzoneManagerProtocolServerSideTranslatorPB.submitRequestDirectlyToOM(OzoneManagerProtocolServerSideTranslatorPB.java:271) ~[ozone-manager-1.4.0-SNAPSHOT.jar:?]
	at org.apache.hadoop.ozone.protocolPB.OzoneManagerProtocolServerSideTranslatorPB.processRequest(OzoneManagerProtocolServerSideTranslatorPB.java:173) ~[ozone-manager-1.4.0-SNAPSHOT.jar:?]
	at org.apache.hadoop.hdds.server.OzoneProtocolMessageDispatcher.processRequest(OzoneProtocolMessageDispatcher.java:87) [hdds-server-framework-1.4.0-SNAPSHOT.jar:?]
	at org.apache.hadoop.ozone.protocolPB.OzoneManagerProtocolServerSideTranslatorPB.submitRequest(OzoneManagerProtocolServerSideTranslatorPB.java:147) [ozone-manager-1.4.0-SNAPSHOT.jar:?]
	at org.apache.hadoop.ozone.protocol.proto.OzoneManagerProtocolProtos$OzoneManagerService$2.callBlockingMethod(OzoneManagerProtocolProtos.java) [ozone-interface-client-1.4.0-SNAPSHOT.jar:?]
	at org.apache.hadoop.ipc.ProtobufRpcEngine$Server.processCall(ProtobufRpcEngine.java:465) [hadoop-common-3.3.4.jar:?]
	at org.apache.hadoop.ipc.ProtobufRpcEngine2$Server$ProtoBufRpcInvoker.call(ProtobufRpcEngine2.java:578) [hadoop-common-3.3.4.jar:?]
	at org.apache.hadoop.ipc.ProtobufRpcEngine2$Server$ProtoBufRpcInvoker.call(ProtobufRpcEngine2.java:556) [hadoop-common-3.3.4.jar:?]
	at org.apache.hadoop.ipc.RPC$Server.call(RPC.java:1093) [hadoop-common-3.3.4.jar:?]
	at org.apache.hadoop.ipc.Server$RpcCall.run(Server.java:1043) [hadoop-common-3.3.4.jar:?]
	at org.apache.hadoop.ipc.Server$RpcCall.run(Server.java:971) [hadoop-common-3.3.4.jar:?]
	at java.security.AccessController.doPrivileged(Native Method) ~[?:1.8.0_362]
	at javax.security.auth.Subject.doAs(Subject.java:422) [?:1.8.0_362]
	at org.apache.hadoop.security.UserGroupInformation.doAs(UserGroupInformation.java:1878) [hadoop-common-3.3.4.jar:?]
	at org.apache.hadoop.ipc.Server$Handler.run(Server.java:2976) [hadoop-common-3.3.4.jar:?]
]]></system-out>
  </testcase>
  <testcase name="testRenameContainDelimiterFile" classname="TestOzoneFileSystem" time="0.014">
    <system-out><![CDATA[2023-02-14 08:19:12,799 [OM StateMachine ApplyTransaction Thread - 0] INFO  key.OMKeyRequest (OMKeyRequest.java:wrapUncommittedBlocksAsPseudoKey(837)) - Detect allocated but uncommitted blocks [{blockID={containerID=6, localID=111677748019200038}, length=4194304, offset=0, token=null, pipeline=null, createVersion=0, partNumber=0}] in key dir1/dir2/key1.
08:19:12.800 [IPC Server handler 1 on default port 32845] ERROR OMAudit - user=runner | ip=127.0.0.1 | op=GET_FILE_STATUS {volume=volume29101, bucket=bucket05375, key=dir1/dir2/key2, dataSize=0, replicationConfig=null} | ret=FAILURE
org.apache.hadoop.ozone.om.exceptions.OMException: Unable to get file status: volume: volume29101 bucket: bucket05375 key: dir1/dir2/key2
	at org.apache.hadoop.ozone.om.KeyManagerImpl.getOzoneFileStatus(KeyManagerImpl.java:1162) ~[ozone-manager-1.4.0-SNAPSHOT.jar:?]
	at org.apache.hadoop.ozone.om.KeyManagerImpl.getFileStatus(KeyManagerImpl.java:1080) ~[ozone-manager-1.4.0-SNAPSHOT.jar:?]
	at org.apache.hadoop.ozone.om.OmMetadataReader.getFileStatus(OmMetadataReader.java:288) ~[ozone-manager-1.4.0-SNAPSHOT.jar:?]
	at org.apache.hadoop.ozone.om.OzoneManager.getFileStatus(OzoneManager.java:3449) ~[ozone-manager-1.4.0-SNAPSHOT.jar:?]
	at org.apache.hadoop.ozone.protocolPB.OzoneManagerRequestHandler.getOzoneFileStatus(OzoneManagerRequestHandler.java:933) ~[ozone-manager-1.4.0-SNAPSHOT.jar:?]
	at org.apache.hadoop.ozone.protocolPB.OzoneManagerRequestHandler.handleReadRequest(OzoneManagerRequestHandler.java:238) ~[ozone-manager-1.4.0-SNAPSHOT.jar:?]
	at org.apache.hadoop.ozone.protocolPB.OzoneManagerProtocolServerSideTranslatorPB.submitReadRequestToOM(OzoneManagerProtocolServerSideTranslatorPB.java:223) ~[ozone-manager-1.4.0-SNAPSHOT.jar:?]
	at org.apache.hadoop.ozone.protocolPB.OzoneManagerProtocolServerSideTranslatorPB.processRequest(OzoneManagerProtocolServerSideTranslatorPB.java:177) ~[ozone-manager-1.4.0-SNAPSHOT.jar:?]
	at org.apache.hadoop.hdds.server.OzoneProtocolMessageDispatcher.processRequest(OzoneProtocolMessageDispatcher.java:87) [hdds-server-framework-1.4.0-SNAPSHOT.jar:?]
	at org.apache.hadoop.ozone.protocolPB.OzoneManagerProtocolServerSideTranslatorPB.submitRequest(OzoneManagerProtocolServerSideTranslatorPB.java:147) [ozone-manager-1.4.0-SNAPSHOT.jar:?]
	at org.apache.hadoop.ozone.protocol.proto.OzoneManagerProtocolProtos$OzoneManagerService$2.callBlockingMethod(OzoneManagerProtocolProtos.java) [ozone-interface-client-1.4.0-SNAPSHOT.jar:?]
	at org.apache.hadoop.ipc.ProtobufRpcEngine$Server.processCall(ProtobufRpcEngine.java:465) [hadoop-common-3.3.4.jar:?]
	at org.apache.hadoop.ipc.ProtobufRpcEngine2$Server$ProtoBufRpcInvoker.call(ProtobufRpcEngine2.java:578) [hadoop-common-3.3.4.jar:?]
	at org.apache.hadoop.ipc.ProtobufRpcEngine2$Server$ProtoBufRpcInvoker.call(ProtobufRpcEngine2.java:556) [hadoop-common-3.3.4.jar:?]
	at org.apache.hadoop.ipc.RPC$Server.call(RPC.java:1093) [hadoop-common-3.3.4.jar:?]
	at org.apache.hadoop.ipc.Server$RpcCall.run(Server.java:1043) [hadoop-common-3.3.4.jar:?]
	at org.apache.hadoop.ipc.Server$RpcCall.run(Server.java:971) [hadoop-common-3.3.4.jar:?]
	at java.security.AccessController.doPrivileged(Native Method) ~[?:1.8.0_362]
	at javax.security.auth.Subject.doAs(Subject.java:422) [?:1.8.0_362]
	at org.apache.hadoop.security.UserGroupInformation.doAs(UserGroupInformation.java:1878) [hadoop-common-3.3.4.jar:?]
	at org.apache.hadoop.ipc.Server$Handler.run(Server.java:2976) [hadoop-common-3.3.4.jar:?]
08:19:12.803 [IPC Server handler 7 on default port 32845] ERROR OMAudit - user=runner | ip=127.0.0.1 | op=GET_FILE_STATUS {volume=volume29101, bucket=bucket05375, key=dir1/dir2/key1, dataSize=0, replicationConfig=null} | ret=FAILURE
org.apache.hadoop.ozone.om.exceptions.OMException: Unable to get file status: volume: volume29101 bucket: bucket05375 key: dir1/dir2/key1
	at org.apache.hadoop.ozone.om.KeyManagerImpl.getOzoneFileStatus(KeyManagerImpl.java:1162) ~[ozone-manager-1.4.0-SNAPSHOT.jar:?]
	at org.apache.hadoop.ozone.om.KeyManagerImpl.getFileStatus(KeyManagerImpl.java:1080) ~[ozone-manager-1.4.0-SNAPSHOT.jar:?]
	at org.apache.hadoop.ozone.om.OmMetadataReader.getFileStatus(OmMetadataReader.java:288) ~[ozone-manager-1.4.0-SNAPSHOT.jar:?]
	at org.apache.hadoop.ozone.om.OzoneManager.getFileStatus(OzoneManager.java:3449) ~[ozone-manager-1.4.0-SNAPSHOT.jar:?]
	at org.apache.hadoop.ozone.protocolPB.OzoneManagerRequestHandler.getOzoneFileStatus(OzoneManagerRequestHandler.java:933) ~[ozone-manager-1.4.0-SNAPSHOT.jar:?]
	at org.apache.hadoop.ozone.protocolPB.OzoneManagerRequestHandler.handleReadRequest(OzoneManagerRequestHandler.java:238) ~[ozone-manager-1.4.0-SNAPSHOT.jar:?]
	at org.apache.hadoop.ozone.protocolPB.OzoneManagerProtocolServerSideTranslatorPB.submitReadRequestToOM(OzoneManagerProtocolServerSideTranslatorPB.java:223) ~[ozone-manager-1.4.0-SNAPSHOT.jar:?]
	at org.apache.hadoop.ozone.protocolPB.OzoneManagerProtocolServerSideTranslatorPB.processRequest(OzoneManagerProtocolServerSideTranslatorPB.java:177) ~[ozone-manager-1.4.0-SNAPSHOT.jar:?]
	at org.apache.hadoop.hdds.server.OzoneProtocolMessageDispatcher.processRequest(OzoneProtocolMessageDispatcher.java:87) [hdds-server-framework-1.4.0-SNAPSHOT.jar:?]
	at org.apache.hadoop.ozone.protocolPB.OzoneManagerProtocolServerSideTranslatorPB.submitRequest(OzoneManagerProtocolServerSideTranslatorPB.java:147) [ozone-manager-1.4.0-SNAPSHOT.jar:?]
	at org.apache.hadoop.ozone.protocol.proto.OzoneManagerProtocolProtos$OzoneManagerService$2.callBlockingMethod(OzoneManagerProtocolProtos.java) [ozone-interface-client-1.4.0-SNAPSHOT.jar:?]
	at org.apache.hadoop.ipc.ProtobufRpcEngine$Server.processCall(ProtobufRpcEngine.java:465) [hadoop-common-3.3.4.jar:?]
	at org.apache.hadoop.ipc.ProtobufRpcEngine2$Server$ProtoBufRpcInvoker.call(ProtobufRpcEngine2.java:578) [hadoop-common-3.3.4.jar:?]
	at org.apache.hadoop.ipc.ProtobufRpcEngine2$Server$ProtoBufRpcInvoker.call(ProtobufRpcEngine2.java:556) [hadoop-common-3.3.4.jar:?]
	at org.apache.hadoop.ipc.RPC$Server.call(RPC.java:1093) [hadoop-common-3.3.4.jar:?]
	at org.apache.hadoop.ipc.Server$RpcCall.run(Server.java:1043) [hadoop-common-3.3.4.jar:?]
	at org.apache.hadoop.ipc.Server$RpcCall.run(Server.java:971) [hadoop-common-3.3.4.jar:?]
	at java.security.AccessController.doPrivileged(Native Method) ~[?:1.8.0_362]
	at javax.security.auth.Subject.doAs(Subject.java:422) [?:1.8.0_362]
	at org.apache.hadoop.security.UserGroupInformation.doAs(UserGroupInformation.java:1878) [hadoop-common-3.3.4.jar:?]
	at org.apache.hadoop.ipc.Server$Handler.run(Server.java:2976) [hadoop-common-3.3.4.jar:?]
08:19:12.803 [IPC Server handler 8 on default port 32845] ERROR OMAudit - user=runner | ip=127.0.0.1 | op=GET_FILE_STATUS {volume=volume29101, bucket=bucket05375, key=user/runner/dir1, dataSize=0, replicationConfig=null} | ret=FAILURE
org.apache.hadoop.ozone.om.exceptions.OMException: Unable to get file status: volume: volume29101 bucket: bucket05375 key: user/runner/dir1
	at org.apache.hadoop.ozone.om.KeyManagerImpl.getOzoneFileStatus(KeyManagerImpl.java:1162) ~[ozone-manager-1.4.0-SNAPSHOT.jar:?]
	at org.apache.hadoop.ozone.om.KeyManagerImpl.getFileStatus(KeyManagerImpl.java:1080) ~[ozone-manager-1.4.0-SNAPSHOT.jar:?]
	at org.apache.hadoop.ozone.om.OmMetadataReader.getFileStatus(OmMetadataReader.java:288) ~[ozone-manager-1.4.0-SNAPSHOT.jar:?]
	at org.apache.hadoop.ozone.om.OzoneManager.getFileStatus(OzoneManager.java:3449) ~[ozone-manager-1.4.0-SNAPSHOT.jar:?]
	at org.apache.hadoop.ozone.protocolPB.OzoneManagerRequestHandler.getOzoneFileStatus(OzoneManagerRequestHandler.java:933) ~[ozone-manager-1.4.0-SNAPSHOT.jar:?]
	at org.apache.hadoop.ozone.protocolPB.OzoneManagerRequestHandler.handleReadRequest(OzoneManagerRequestHandler.java:238) ~[ozone-manager-1.4.0-SNAPSHOT.jar:?]
	at org.apache.hadoop.ozone.protocolPB.OzoneManagerProtocolServerSideTranslatorPB.submitReadRequestToOM(OzoneManagerProtocolServerSideTranslatorPB.java:223) ~[ozone-manager-1.4.0-SNAPSHOT.jar:?]
	at org.apache.hadoop.ozone.protocolPB.OzoneManagerProtocolServerSideTranslatorPB.processRequest(OzoneManagerProtocolServerSideTranslatorPB.java:177) ~[ozone-manager-1.4.0-SNAPSHOT.jar:?]
	at org.apache.hadoop.hdds.server.OzoneProtocolMessageDispatcher.processRequest(OzoneProtocolMessageDispatcher.java:87) [hdds-server-framework-1.4.0-SNAPSHOT.jar:?]
	at org.apache.hadoop.ozone.protocolPB.OzoneManagerProtocolServerSideTranslatorPB.submitRequest(OzoneManagerProtocolServerSideTranslatorPB.java:147) [ozone-manager-1.4.0-SNAPSHOT.jar:?]
	at org.apache.hadoop.ozone.protocol.proto.OzoneManagerProtocolProtos$OzoneManagerService$2.callBlockingMethod(OzoneManagerProtocolProtos.java) [ozone-interface-client-1.4.0-SNAPSHOT.jar:?]
	at org.apache.hadoop.ipc.ProtobufRpcEngine$Server.processCall(ProtobufRpcEngine.java:465) [hadoop-common-3.3.4.jar:?]
	at org.apache.hadoop.ipc.ProtobufRpcEngine2$Server$ProtoBufRpcInvoker.call(ProtobufRpcEngine2.java:578) [hadoop-common-3.3.4.jar:?]
	at org.apache.hadoop.ipc.ProtobufRpcEngine2$Server$ProtoBufRpcInvoker.call(ProtobufRpcEngine2.java:556) [hadoop-common-3.3.4.jar:?]
	at org.apache.hadoop.ipc.RPC$Server.call(RPC.java:1093) [hadoop-common-3.3.4.jar:?]
	at org.apache.hadoop.ipc.Server$RpcCall.run(Server.java:1043) [hadoop-common-3.3.4.jar:?]
	at org.apache.hadoop.ipc.Server$RpcCall.run(Server.java:971) [hadoop-common-3.3.4.jar:?]
	at java.security.AccessController.doPrivileged(Native Method) ~[?:1.8.0_362]
	at javax.security.auth.Subject.doAs(Subject.java:422) [?:1.8.0_362]
	at org.apache.hadoop.security.UserGroupInformation.doAs(UserGroupInformation.java:1878) [hadoop-common-3.3.4.jar:?]
	at org.apache.hadoop.ipc.Server$Handler.run(Server.java:2976) [hadoop-common-3.3.4.jar:?]
08:19:12.804 [IPC Server handler 9 on default port 32845] ERROR OMAudit - user=runner | ip=127.0.0.1 | op=GET_FILE_STATUS {volume=volume29101, bucket=bucket05375, key=user/runner/dir1/dir2, dataSize=0, replicationConfig=null} | ret=FAILURE
org.apache.hadoop.ozone.om.exceptions.OMException: Unable to get file status: volume: volume29101 bucket: bucket05375 key: user/runner/dir1/dir2
	at org.apache.hadoop.ozone.om.KeyManagerImpl.getOzoneFileStatus(KeyManagerImpl.java:1162) ~[ozone-manager-1.4.0-SNAPSHOT.jar:?]
	at org.apache.hadoop.ozone.om.KeyManagerImpl.getFileStatus(KeyManagerImpl.java:1080) ~[ozone-manager-1.4.0-SNAPSHOT.jar:?]
	at org.apache.hadoop.ozone.om.OmMetadataReader.getFileStatus(OmMetadataReader.java:288) ~[ozone-manager-1.4.0-SNAPSHOT.jar:?]
	at org.apache.hadoop.ozone.om.OzoneManager.getFileStatus(OzoneManager.java:3449) ~[ozone-manager-1.4.0-SNAPSHOT.jar:?]
	at org.apache.hadoop.ozone.protocolPB.OzoneManagerRequestHandler.getOzoneFileStatus(OzoneManagerRequestHandler.java:933) ~[ozone-manager-1.4.0-SNAPSHOT.jar:?]
	at org.apache.hadoop.ozone.protocolPB.OzoneManagerRequestHandler.handleReadRequest(OzoneManagerRequestHandler.java:238) ~[ozone-manager-1.4.0-SNAPSHOT.jar:?]
	at org.apache.hadoop.ozone.protocolPB.OzoneManagerProtocolServerSideTranslatorPB.submitReadRequestToOM(OzoneManagerProtocolServerSideTranslatorPB.java:223) ~[ozone-manager-1.4.0-SNAPSHOT.jar:?]
	at org.apache.hadoop.ozone.protocolPB.OzoneManagerProtocolServerSideTranslatorPB.processRequest(OzoneManagerProtocolServerSideTranslatorPB.java:177) ~[ozone-manager-1.4.0-SNAPSHOT.jar:?]
	at org.apache.hadoop.hdds.server.OzoneProtocolMessageDispatcher.processRequest(OzoneProtocolMessageDispatcher.java:87) [hdds-server-framework-1.4.0-SNAPSHOT.jar:?]
	at org.apache.hadoop.ozone.protocolPB.OzoneManagerProtocolServerSideTranslatorPB.submitRequest(OzoneManagerProtocolServerSideTranslatorPB.java:147) [ozone-manager-1.4.0-SNAPSHOT.jar:?]
	at org.apache.hadoop.ozone.protocol.proto.OzoneManagerProtocolProtos$OzoneManagerService$2.callBlockingMethod(OzoneManagerProtocolProtos.java) [ozone-interface-client-1.4.0-SNAPSHOT.jar:?]
	at org.apache.hadoop.ipc.ProtobufRpcEngine$Server.processCall(ProtobufRpcEngine.java:465) [hadoop-common-3.3.4.jar:?]
	at org.apache.hadoop.ipc.ProtobufRpcEngine2$Server$ProtoBufRpcInvoker.call(ProtobufRpcEngine2.java:578) [hadoop-common-3.3.4.jar:?]
	at org.apache.hadoop.ipc.ProtobufRpcEngine2$Server$ProtoBufRpcInvoker.call(ProtobufRpcEngine2.java:556) [hadoop-common-3.3.4.jar:?]
	at org.apache.hadoop.ipc.RPC$Server.call(RPC.java:1093) [hadoop-common-3.3.4.jar:?]
	at org.apache.hadoop.ipc.Server$RpcCall.run(Server.java:1043) [hadoop-common-3.3.4.jar:?]
	at org.apache.hadoop.ipc.Server$RpcCall.run(Server.java:971) [hadoop-common-3.3.4.jar:?]
	at java.security.AccessController.doPrivileged(Native Method) ~[?:1.8.0_362]
	at javax.security.auth.Subject.doAs(Subject.java:422) [?:1.8.0_362]
	at org.apache.hadoop.security.UserGroupInformation.doAs(UserGroupInformation.java:1878) [hadoop-common-3.3.4.jar:?]
	at org.apache.hadoop.ipc.Server$Handler.run(Server.java:2976) [hadoop-common-3.3.4.jar:?]
]]></system-out>
  </testcase>
  <testcase name="testRenameContainDelimiterFile" classname="TestOzoneFileSystem" time="0.009">
    <system-out><![CDATA[2023-02-14 08:19:59,533 [IPC Server handler 5 on default port 42497] INFO  key.OMKeyRequest (OMKeyRequest.java:wrapUncommittedBlocksAsPseudoKey(837)) - Detect allocated but uncommitted blocks [{blockID={containerID=4, localID=111677748019200038}, length=4194304, offset=0, token=null, pipeline=null, createVersion=0, partNumber=0}] in key dir1/dir2/key1.
08:19:59.534 [IPC Server handler 0 on default port 42497] ERROR OMAudit - user=runner | ip=127.0.0.1 | op=GET_FILE_STATUS {volume=volume12456, bucket=bucket20487, key=dir1/dir2/key2, dataSize=0, replicationConfig=null} | ret=FAILURE
org.apache.hadoop.ozone.om.exceptions.OMException: Unable to get file status: volume: volume12456 bucket: bucket20487 key: dir1/dir2/key2
	at org.apache.hadoop.ozone.om.KeyManagerImpl.getOzoneFileStatus(KeyManagerImpl.java:1162) ~[ozone-manager-1.4.0-SNAPSHOT.jar:?]
	at org.apache.hadoop.ozone.om.KeyManagerImpl.getFileStatus(KeyManagerImpl.java:1080) ~[ozone-manager-1.4.0-SNAPSHOT.jar:?]
	at org.apache.hadoop.ozone.om.OmMetadataReader.getFileStatus(OmMetadataReader.java:288) ~[ozone-manager-1.4.0-SNAPSHOT.jar:?]
	at org.apache.hadoop.ozone.om.OzoneManager.getFileStatus(OzoneManager.java:3449) ~[ozone-manager-1.4.0-SNAPSHOT.jar:?]
	at org.apache.hadoop.ozone.protocolPB.OzoneManagerRequestHandler.getOzoneFileStatus(OzoneManagerRequestHandler.java:933) ~[ozone-manager-1.4.0-SNAPSHOT.jar:?]
	at org.apache.hadoop.ozone.protocolPB.OzoneManagerRequestHandler.handleReadRequest(OzoneManagerRequestHandler.java:238) ~[ozone-manager-1.4.0-SNAPSHOT.jar:?]
	at org.apache.hadoop.ozone.protocolPB.OzoneManagerProtocolServerSideTranslatorPB.submitRequestDirectlyToOM(OzoneManagerProtocolServerSideTranslatorPB.java:271) ~[ozone-manager-1.4.0-SNAPSHOT.jar:?]
	at org.apache.hadoop.ozone.protocolPB.OzoneManagerProtocolServerSideTranslatorPB.processRequest(OzoneManagerProtocolServerSideTranslatorPB.java:173) ~[ozone-manager-1.4.0-SNAPSHOT.jar:?]
	at org.apache.hadoop.hdds.server.OzoneProtocolMessageDispatcher.processRequest(OzoneProtocolMessageDispatcher.java:87) [hdds-server-framework-1.4.0-SNAPSHOT.jar:?]
	at org.apache.hadoop.ozone.protocolPB.OzoneManagerProtocolServerSideTranslatorPB.submitRequest(OzoneManagerProtocolServerSideTranslatorPB.java:147) [ozone-manager-1.4.0-SNAPSHOT.jar:?]
	at org.apache.hadoop.ozone.protocol.proto.OzoneManagerProtocolProtos$OzoneManagerService$2.callBlockingMethod(OzoneManagerProtocolProtos.java) [ozone-interface-client-1.4.0-SNAPSHOT.jar:?]
	at org.apache.hadoop.ipc.ProtobufRpcEngine$Server.processCall(ProtobufRpcEngine.java:465) [hadoop-common-3.3.4.jar:?]
	at org.apache.hadoop.ipc.ProtobufRpcEngine2$Server$ProtoBufRpcInvoker.call(ProtobufRpcEngine2.java:578) [hadoop-common-3.3.4.jar:?]
	at org.apache.hadoop.ipc.ProtobufRpcEngine2$Server$ProtoBufRpcInvoker.call(ProtobufRpcEngine2.java:556) [hadoop-common-3.3.4.jar:?]
	at org.apache.hadoop.ipc.RPC$Server.call(RPC.java:1093) [hadoop-common-3.3.4.jar:?]
	at org.apache.hadoop.ipc.Server$RpcCall.run(Server.java:1043) [hadoop-common-3.3.4.jar:?]
	at org.apache.hadoop.ipc.Server$RpcCall.run(Server.java:971) [hadoop-common-3.3.4.jar:?]
	at java.security.AccessController.doPrivileged(Native Method) ~[?:1.8.0_362]
	at javax.security.auth.Subject.doAs(Subject.java:422) [?:1.8.0_362]
	at org.apache.hadoop.security.UserGroupInformation.doAs(UserGroupInformation.java:1878) [hadoop-common-3.3.4.jar:?]
	at org.apache.hadoop.ipc.Server$Handler.run(Server.java:2976) [hadoop-common-3.3.4.jar:?]
08:19:59.536 [IPC Server handler 11 on default port 42497] ERROR OMAudit - user=runner | ip=127.0.0.1 | op=GET_FILE_STATUS {volume=volume12456, bucket=bucket20487, key=dir1/dir2/key1, dataSize=0, replicationConfig=null} | ret=FAILURE
org.apache.hadoop.ozone.om.exceptions.OMException: Unable to get file status: volume: volume12456 bucket: bucket20487 key: dir1/dir2/key1
	at org.apache.hadoop.ozone.om.KeyManagerImpl.getOzoneFileStatus(KeyManagerImpl.java:1162) ~[ozone-manager-1.4.0-SNAPSHOT.jar:?]
	at org.apache.hadoop.ozone.om.KeyManagerImpl.getFileStatus(KeyManagerImpl.java:1080) ~[ozone-manager-1.4.0-SNAPSHOT.jar:?]
	at org.apache.hadoop.ozone.om.OmMetadataReader.getFileStatus(OmMetadataReader.java:288) ~[ozone-manager-1.4.0-SNAPSHOT.jar:?]
	at org.apache.hadoop.ozone.om.OzoneManager.getFileStatus(OzoneManager.java:3449) ~[ozone-manager-1.4.0-SNAPSHOT.jar:?]
	at org.apache.hadoop.ozone.protocolPB.OzoneManagerRequestHandler.getOzoneFileStatus(OzoneManagerRequestHandler.java:933) ~[ozone-manager-1.4.0-SNAPSHOT.jar:?]
	at org.apache.hadoop.ozone.protocolPB.OzoneManagerRequestHandler.handleReadRequest(OzoneManagerRequestHandler.java:238) ~[ozone-manager-1.4.0-SNAPSHOT.jar:?]
	at org.apache.hadoop.ozone.protocolPB.OzoneManagerProtocolServerSideTranslatorPB.submitRequestDirectlyToOM(OzoneManagerProtocolServerSideTranslatorPB.java:271) ~[ozone-manager-1.4.0-SNAPSHOT.jar:?]
	at org.apache.hadoop.ozone.protocolPB.OzoneManagerProtocolServerSideTranslatorPB.processRequest(OzoneManagerProtocolServerSideTranslatorPB.java:173) ~[ozone-manager-1.4.0-SNAPSHOT.jar:?]
	at org.apache.hadoop.hdds.server.OzoneProtocolMessageDispatcher.processRequest(OzoneProtocolMessageDispatcher.java:87) [hdds-server-framework-1.4.0-SNAPSHOT.jar:?]
	at org.apache.hadoop.ozone.protocolPB.OzoneManagerProtocolServerSideTranslatorPB.submitRequest(OzoneManagerProtocolServerSideTranslatorPB.java:147) [ozone-manager-1.4.0-SNAPSHOT.jar:?]
	at org.apache.hadoop.ozone.protocol.proto.OzoneManagerProtocolProtos$OzoneManagerService$2.callBlockingMethod(OzoneManagerProtocolProtos.java) [ozone-interface-client-1.4.0-SNAPSHOT.jar:?]
	at org.apache.hadoop.ipc.ProtobufRpcEngine$Server.processCall(ProtobufRpcEngine.java:465) [hadoop-common-3.3.4.jar:?]
	at org.apache.hadoop.ipc.ProtobufRpcEngine2$Server$ProtoBufRpcInvoker.call(ProtobufRpcEngine2.java:578) [hadoop-common-3.3.4.jar:?]
	at org.apache.hadoop.ipc.ProtobufRpcEngine2$Server$ProtoBufRpcInvoker.call(ProtobufRpcEngine2.java:556) [hadoop-common-3.3.4.jar:?]
	at org.apache.hadoop.ipc.RPC$Server.call(RPC.java:1093) [hadoop-common-3.3.4.jar:?]
	at org.apache.hadoop.ipc.Server$RpcCall.run(Server.java:1043) [hadoop-common-3.3.4.jar:?]
	at org.apache.hadoop.ipc.Server$RpcCall.run(Server.java:971) [hadoop-common-3.3.4.jar:?]
	at java.security.AccessController.doPrivileged(Native Method) ~[?:1.8.0_362]
	at javax.security.auth.Subject.doAs(Subject.java:422) [?:1.8.0_362]
	at org.apache.hadoop.security.UserGroupInformation.doAs(UserGroupInformation.java:1878) [hadoop-common-3.3.4.jar:?]
	at org.apache.hadoop.ipc.Server$Handler.run(Server.java:2976) [hadoop-common-3.3.4.jar:?]
08:19:59.537 [IPC Server handler 2 on default port 42497] ERROR OMAudit - user=runner | ip=127.0.0.1 | op=GET_FILE_STATUS {volume=volume12456, bucket=bucket20487, key=user/runner/dir1, dataSize=0, replicationConfig=null} | ret=FAILURE
org.apache.hadoop.ozone.om.exceptions.OMException: Unable to get file status: volume: volume12456 bucket: bucket20487 key: user/runner/dir1
	at org.apache.hadoop.ozone.om.KeyManagerImpl.getOzoneFileStatus(KeyManagerImpl.java:1162) ~[ozone-manager-1.4.0-SNAPSHOT.jar:?]
	at org.apache.hadoop.ozone.om.KeyManagerImpl.getFileStatus(KeyManagerImpl.java:1080) ~[ozone-manager-1.4.0-SNAPSHOT.jar:?]
	at org.apache.hadoop.ozone.om.OmMetadataReader.getFileStatus(OmMetadataReader.java:288) ~[ozone-manager-1.4.0-SNAPSHOT.jar:?]
	at org.apache.hadoop.ozone.om.OzoneManager.getFileStatus(OzoneManager.java:3449) ~[ozone-manager-1.4.0-SNAPSHOT.jar:?]
	at org.apache.hadoop.ozone.protocolPB.OzoneManagerRequestHandler.getOzoneFileStatus(OzoneManagerRequestHandler.java:933) ~[ozone-manager-1.4.0-SNAPSHOT.jar:?]
	at org.apache.hadoop.ozone.protocolPB.OzoneManagerRequestHandler.handleReadRequest(OzoneManagerRequestHandler.java:238) ~[ozone-manager-1.4.0-SNAPSHOT.jar:?]
	at org.apache.hadoop.ozone.protocolPB.OzoneManagerProtocolServerSideTranslatorPB.submitRequestDirectlyToOM(OzoneManagerProtocolServerSideTranslatorPB.java:271) ~[ozone-manager-1.4.0-SNAPSHOT.jar:?]
	at org.apache.hadoop.ozone.protocolPB.OzoneManagerProtocolServerSideTranslatorPB.processRequest(OzoneManagerProtocolServerSideTranslatorPB.java:173) ~[ozone-manager-1.4.0-SNAPSHOT.jar:?]
	at org.apache.hadoop.hdds.server.OzoneProtocolMessageDispatcher.processRequest(OzoneProtocolMessageDispatcher.java:87) [hdds-server-framework-1.4.0-SNAPSHOT.jar:?]
	at org.apache.hadoop.ozone.protocolPB.OzoneManagerProtocolServerSideTranslatorPB.submitRequest(OzoneManagerProtocolServerSideTranslatorPB.java:147) [ozone-manager-1.4.0-SNAPSHOT.jar:?]
	at org.apache.hadoop.ozone.protocol.proto.OzoneManagerProtocolProtos$OzoneManagerService$2.callBlockingMethod(OzoneManagerProtocolProtos.java) [ozone-interface-client-1.4.0-SNAPSHOT.jar:?]
	at org.apache.hadoop.ipc.ProtobufRpcEngine$Server.processCall(ProtobufRpcEngine.java:465) [hadoop-common-3.3.4.jar:?]
	at org.apache.hadoop.ipc.ProtobufRpcEngine2$Server$ProtoBufRpcInvoker.call(ProtobufRpcEngine2.java:578) [hadoop-common-3.3.4.jar:?]
	at org.apache.hadoop.ipc.ProtobufRpcEngine2$Server$ProtoBufRpcInvoker.call(ProtobufRpcEngine2.java:556) [hadoop-common-3.3.4.jar:?]
	at org.apache.hadoop.ipc.RPC$Server.call(RPC.java:1093) [hadoop-common-3.3.4.jar:?]
	at org.apache.hadoop.ipc.Server$RpcCall.run(Server.java:1043) [hadoop-common-3.3.4.jar:?]
	at org.apache.hadoop.ipc.Server$RpcCall.run(Server.java:971) [hadoop-common-3.3.4.jar:?]
	at java.security.AccessController.doPrivileged(Native Method) ~[?:1.8.0_362]
	at javax.security.auth.Subject.doAs(Subject.java:422) [?:1.8.0_362]
	at org.apache.hadoop.security.UserGroupInformation.doAs(UserGroupInformation.java:1878) [hadoop-common-3.3.4.jar:?]
	at org.apache.hadoop.ipc.Server$Handler.run(Server.java:2976) [hadoop-common-3.3.4.jar:?]
08:19:59.538 [IPC Server handler 10 on default port 42497] ERROR OMAudit - user=runner | ip=127.0.0.1 | op=GET_FILE_STATUS {volume=volume12456, bucket=bucket20487, key=user/runner/dir1/dir2, dataSize=0, replicationConfig=null} | ret=FAILURE
org.apache.hadoop.ozone.om.exceptions.OMException: Unable to get file status: volume: volume12456 bucket: bucket20487 key: user/runner/dir1/dir2
	at org.apache.hadoop.ozone.om.KeyManagerImpl.getOzoneFileStatus(KeyManagerImpl.java:1162) ~[ozone-manager-1.4.0-SNAPSHOT.jar:?]
	at org.apache.hadoop.ozone.om.KeyManagerImpl.getFileStatus(KeyManagerImpl.java:1080) ~[ozone-manager-1.4.0-SNAPSHOT.jar:?]
	at org.apache.hadoop.ozone.om.OmMetadataReader.getFileStatus(OmMetadataReader.java:288) ~[ozone-manager-1.4.0-SNAPSHOT.jar:?]
	at org.apache.hadoop.ozone.om.OzoneManager.getFileStatus(OzoneManager.java:3449) ~[ozone-manager-1.4.0-SNAPSHOT.jar:?]
	at org.apache.hadoop.ozone.protocolPB.OzoneManagerRequestHandler.getOzoneFileStatus(OzoneManagerRequestHandler.java:933) ~[ozone-manager-1.4.0-SNAPSHOT.jar:?]
	at org.apache.hadoop.ozone.protocolPB.OzoneManagerRequestHandler.handleReadRequest(OzoneManagerRequestHandler.java:238) ~[ozone-manager-1.4.0-SNAPSHOT.jar:?]
	at org.apache.hadoop.ozone.protocolPB.OzoneManagerProtocolServerSideTranslatorPB.submitRequestDirectlyToOM(OzoneManagerProtocolServerSideTranslatorPB.java:271) ~[ozone-manager-1.4.0-SNAPSHOT.jar:?]
	at org.apache.hadoop.ozone.protocolPB.OzoneManagerProtocolServerSideTranslatorPB.processRequest(OzoneManagerProtocolServerSideTranslatorPB.java:173) ~[ozone-manager-1.4.0-SNAPSHOT.jar:?]
	at org.apache.hadoop.hdds.server.OzoneProtocolMessageDispatcher.processRequest(OzoneProtocolMessageDispatcher.java:87) [hdds-server-framework-1.4.0-SNAPSHOT.jar:?]
	at org.apache.hadoop.ozone.protocolPB.OzoneManagerProtocolServerSideTranslatorPB.submitRequest(OzoneManagerProtocolServerSideTranslatorPB.java:147) [ozone-manager-1.4.0-SNAPSHOT.jar:?]
	at org.apache.hadoop.ozone.protocol.proto.OzoneManagerProtocolProtos$OzoneManagerService$2.callBlockingMethod(OzoneManagerProtocolProtos.java) [ozone-interface-client-1.4.0-SNAPSHOT.jar:?]
	at org.apache.hadoop.ipc.ProtobufRpcEngine$Server.processCall(ProtobufRpcEngine.java:465) [hadoop-common-3.3.4.jar:?]
	at org.apache.hadoop.ipc.ProtobufRpcEngine2$Server$ProtoBufRpcInvoker.call(ProtobufRpcEngine2.java:578) [hadoop-common-3.3.4.jar:?]
	at org.apache.hadoop.ipc.ProtobufRpcEngine2$Server$ProtoBufRpcInvoker.call(ProtobufRpcEngine2.java:556) [hadoop-common-3.3.4.jar:?]
	at org.apache.hadoop.ipc.RPC$Server.call(RPC.java:1093) [hadoop-common-3.3.4.jar:?]
	at org.apache.hadoop.ipc.Server$RpcCall.run(Server.java:1043) [hadoop-common-3.3.4.jar:?]
	at org.apache.hadoop.ipc.Server$RpcCall.run(Server.java:971) [hadoop-common-3.3.4.jar:?]
	at java.security.AccessController.doPrivileged(Native Method) ~[?:1.8.0_362]
	at javax.security.auth.Subject.doAs(Subject.java:422) [?:1.8.0_362]
	at org.apache.hadoop.security.UserGroupInformation.doAs(UserGroupInformation.java:1878) [hadoop-common-3.3.4.jar:?]
	at org.apache.hadoop.ipc.Server$Handler.run(Server.java:2976) [hadoop-common-3.3.4.jar:?]
]]></system-out>
  </testcase>
  <testcase name="testMakeDirsWithAnFakeDirectory" classname="TestOzoneFileSystem" time="0.033">
    <system-out><![CDATA[2023-02-14 08:17:31,359 [OM StateMachine ApplyTransaction Thread - 0] INFO  key.OMKeyRequest (OMKeyRequest.java:wrapUncommittedBlocksAsPseudoKey(837)) - Detect allocated but uncommitted blocks [{blockID={containerID=5, localID=111677748019200039}, length=4194304, offset=0, token=null, pipeline=null, createVersion=0, partNumber=0}] in key dir1/dir2/key1.
08:17:31.360 [IPC Server handler 16 on default port 34711] ERROR OMAudit - user=runner | ip=127.0.0.1 | op=GET_FILE_STATUS {volume=volume67802, bucket=bucket15311, key=user/runner/dir1/dir2, dataSize=0, replicationConfig=null} | ret=FAILURE
org.apache.hadoop.ozone.om.exceptions.OMException: Unable to get file status: volume: volume67802 bucket: bucket15311 key: user/runner/dir1/dir2
	at org.apache.hadoop.ozone.om.KeyManagerImpl.getOzoneFileStatus(KeyManagerImpl.java:1162) ~[ozone-manager-1.4.0-SNAPSHOT.jar:?]
	at org.apache.hadoop.ozone.om.KeyManagerImpl.getFileStatus(KeyManagerImpl.java:1080) ~[ozone-manager-1.4.0-SNAPSHOT.jar:?]
	at org.apache.hadoop.ozone.om.OmMetadataReader.getFileStatus(OmMetadataReader.java:288) ~[ozone-manager-1.4.0-SNAPSHOT.jar:?]
	at org.apache.hadoop.ozone.om.OzoneManager.getFileStatus(OzoneManager.java:3449) ~[ozone-manager-1.4.0-SNAPSHOT.jar:?]
	at org.apache.hadoop.ozone.protocolPB.OzoneManagerRequestHandler.getOzoneFileStatus(OzoneManagerRequestHandler.java:933) ~[ozone-manager-1.4.0-SNAPSHOT.jar:?]
	at org.apache.hadoop.ozone.protocolPB.OzoneManagerRequestHandler.handleReadRequest(OzoneManagerRequestHandler.java:238) ~[ozone-manager-1.4.0-SNAPSHOT.jar:?]
	at org.apache.hadoop.ozone.protocolPB.OzoneManagerProtocolServerSideTranslatorPB.submitReadRequestToOM(OzoneManagerProtocolServerSideTranslatorPB.java:223) ~[ozone-manager-1.4.0-SNAPSHOT.jar:?]
	at org.apache.hadoop.ozone.protocolPB.OzoneManagerProtocolServerSideTranslatorPB.processRequest(OzoneManagerProtocolServerSideTranslatorPB.java:177) ~[ozone-manager-1.4.0-SNAPSHOT.jar:?]
	at org.apache.hadoop.hdds.server.OzoneProtocolMessageDispatcher.processRequest(OzoneProtocolMessageDispatcher.java:87) [hdds-server-framework-1.4.0-SNAPSHOT.jar:?]
	at org.apache.hadoop.ozone.protocolPB.OzoneManagerProtocolServerSideTranslatorPB.submitRequest(OzoneManagerProtocolServerSideTranslatorPB.java:147) [ozone-manager-1.4.0-SNAPSHOT.jar:?]
	at org.apache.hadoop.ozone.protocol.proto.OzoneManagerProtocolProtos$OzoneManagerService$2.callBlockingMethod(OzoneManagerProtocolProtos.java) [ozone-interface-client-1.4.0-SNAPSHOT.jar:?]
	at org.apache.hadoop.ipc.ProtobufRpcEngine$Server.processCall(ProtobufRpcEngine.java:465) [hadoop-common-3.3.4.jar:?]
	at org.apache.hadoop.ipc.ProtobufRpcEngine2$Server$ProtoBufRpcInvoker.call(ProtobufRpcEngine2.java:578) [hadoop-common-3.3.4.jar:?]
	at org.apache.hadoop.ipc.ProtobufRpcEngine2$Server$ProtoBufRpcInvoker.call(ProtobufRpcEngine2.java:556) [hadoop-common-3.3.4.jar:?]
	at org.apache.hadoop.ipc.RPC$Server.call(RPC.java:1093) [hadoop-common-3.3.4.jar:?]
	at org.apache.hadoop.ipc.Server$RpcCall.run(Server.java:1043) [hadoop-common-3.3.4.jar:?]
	at org.apache.hadoop.ipc.Server$RpcCall.run(Server.java:971) [hadoop-common-3.3.4.jar:?]
	at java.security.AccessController.doPrivileged(Native Method) ~[?:1.8.0_362]
	at javax.security.auth.Subject.doAs(Subject.java:422) [?:1.8.0_362]
	at org.apache.hadoop.security.UserGroupInformation.doAs(UserGroupInformation.java:1878) [hadoop-common-3.3.4.jar:?]
	at org.apache.hadoop.ipc.Server$Handler.run(Server.java:2976) [hadoop-common-3.3.4.jar:?]
]]></system-out>
  </testcase>
  <testcase name="testMakeDirsWithAnFakeDirectory" classname="TestOzoneFileSystem" time="0.009">
    <system-out><![CDATA[2023-02-14 08:18:29,792 [IPC Server handler 18 on default port 34455] INFO  key.OMKeyRequest (OMKeyRequest.java:wrapUncommittedBlocksAsPseudoKey(837)) - Detect allocated but uncommitted blocks [{blockID={containerID=3, localID=111677748019200039}, length=4194304, offset=0, token=null, pipeline=null, createVersion=0, partNumber=0}] in key dir1/dir2/key1.
08:18:29.792 [IPC Server handler 19 on default port 34455] ERROR OMAudit - user=runner | ip=127.0.0.1 | op=GET_FILE_STATUS {volume=volume94786, bucket=bucket02286, key=user/runner/dir1/dir2, dataSize=0, replicationConfig=null} | ret=FAILURE
org.apache.hadoop.ozone.om.exceptions.OMException: Unable to get file status: volume: volume94786 bucket: bucket02286 key: user/runner/dir1/dir2
	at org.apache.hadoop.ozone.om.KeyManagerImpl.getOzoneFileStatus(KeyManagerImpl.java:1162) ~[ozone-manager-1.4.0-SNAPSHOT.jar:?]
	at org.apache.hadoop.ozone.om.KeyManagerImpl.getFileStatus(KeyManagerImpl.java:1080) ~[ozone-manager-1.4.0-SNAPSHOT.jar:?]
	at org.apache.hadoop.ozone.om.OmMetadataReader.getFileStatus(OmMetadataReader.java:288) ~[ozone-manager-1.4.0-SNAPSHOT.jar:?]
	at org.apache.hadoop.ozone.om.OzoneManager.getFileStatus(OzoneManager.java:3449) ~[ozone-manager-1.4.0-SNAPSHOT.jar:?]
	at org.apache.hadoop.ozone.protocolPB.OzoneManagerRequestHandler.getOzoneFileStatus(OzoneManagerRequestHandler.java:933) ~[ozone-manager-1.4.0-SNAPSHOT.jar:?]
	at org.apache.hadoop.ozone.protocolPB.OzoneManagerRequestHandler.handleReadRequest(OzoneManagerRequestHandler.java:238) ~[ozone-manager-1.4.0-SNAPSHOT.jar:?]
	at org.apache.hadoop.ozone.protocolPB.OzoneManagerProtocolServerSideTranslatorPB.submitRequestDirectlyToOM(OzoneManagerProtocolServerSideTranslatorPB.java:271) ~[ozone-manager-1.4.0-SNAPSHOT.jar:?]
	at org.apache.hadoop.ozone.protocolPB.OzoneManagerProtocolServerSideTranslatorPB.processRequest(OzoneManagerProtocolServerSideTranslatorPB.java:173) ~[ozone-manager-1.4.0-SNAPSHOT.jar:?]
	at org.apache.hadoop.hdds.server.OzoneProtocolMessageDispatcher.processRequest(OzoneProtocolMessageDispatcher.java:87) [hdds-server-framework-1.4.0-SNAPSHOT.jar:?]
	at org.apache.hadoop.ozone.protocolPB.OzoneManagerProtocolServerSideTranslatorPB.submitRequest(OzoneManagerProtocolServerSideTranslatorPB.java:147) [ozone-manager-1.4.0-SNAPSHOT.jar:?]
	at org.apache.hadoop.ozone.protocol.proto.OzoneManagerProtocolProtos$OzoneManagerService$2.callBlockingMethod(OzoneManagerProtocolProtos.java) [ozone-interface-client-1.4.0-SNAPSHOT.jar:?]
	at org.apache.hadoop.ipc.ProtobufRpcEngine$Server.processCall(ProtobufRpcEngine.java:465) [hadoop-common-3.3.4.jar:?]
	at org.apache.hadoop.ipc.ProtobufRpcEngine2$Server$ProtoBufRpcInvoker.call(ProtobufRpcEngine2.java:578) [hadoop-common-3.3.4.jar:?]
	at org.apache.hadoop.ipc.ProtobufRpcEngine2$Server$ProtoBufRpcInvoker.call(ProtobufRpcEngine2.java:556) [hadoop-common-3.3.4.jar:?]
	at org.apache.hadoop.ipc.RPC$Server.call(RPC.java:1093) [hadoop-common-3.3.4.jar:?]
	at org.apache.hadoop.ipc.Server$RpcCall.run(Server.java:1043) [hadoop-common-3.3.4.jar:?]
	at org.apache.hadoop.ipc.Server$RpcCall.run(Server.java:971) [hadoop-common-3.3.4.jar:?]
	at java.security.AccessController.doPrivileged(Native Method) ~[?:1.8.0_362]
	at javax.security.auth.Subject.doAs(Subject.java:422) [?:1.8.0_362]
	at org.apache.hadoop.security.UserGroupInformation.doAs(UserGroupInformation.java:1878) [hadoop-common-3.3.4.jar:?]
	at org.apache.hadoop.ipc.Server$Handler.run(Server.java:2976) [hadoop-common-3.3.4.jar:?]
]]></system-out>
  </testcase>
  <testcase name="testMakeDirsWithAnFakeDirectory" classname="TestOzoneFileSystem" time="0.012">
    <system-out><![CDATA[2023-02-14 08:19:12,812 [OM StateMachine ApplyTransaction Thread - 0] INFO  key.OMKeyRequest (OMKeyRequest.java:wrapUncommittedBlocksAsPseudoKey(837)) - Detect allocated but uncommitted blocks [{blockID={containerID=7, localID=111677748019200039}, length=4194304, offset=0, token=null, pipeline=null, createVersion=0, partNumber=0}] in key dir1/dir2/key1.
08:19:12.813 [IPC Server handler 19 on default port 32845] ERROR OMAudit - user=runner | ip=127.0.0.1 | op=GET_FILE_STATUS {volume=volume29101, bucket=bucket05375, key=user/runner/dir1/dir2, dataSize=0, replicationConfig=null} | ret=FAILURE
org.apache.hadoop.ozone.om.exceptions.OMException: Unable to get file status: volume: volume29101 bucket: bucket05375 key: user/runner/dir1/dir2
	at org.apache.hadoop.ozone.om.KeyManagerImpl.getOzoneFileStatus(KeyManagerImpl.java:1162) ~[ozone-manager-1.4.0-SNAPSHOT.jar:?]
	at org.apache.hadoop.ozone.om.KeyManagerImpl.getFileStatus(KeyManagerImpl.java:1080) ~[ozone-manager-1.4.0-SNAPSHOT.jar:?]
	at org.apache.hadoop.ozone.om.OmMetadataReader.getFileStatus(OmMetadataReader.java:288) ~[ozone-manager-1.4.0-SNAPSHOT.jar:?]
	at org.apache.hadoop.ozone.om.OzoneManager.getFileStatus(OzoneManager.java:3449) ~[ozone-manager-1.4.0-SNAPSHOT.jar:?]
	at org.apache.hadoop.ozone.protocolPB.OzoneManagerRequestHandler.getOzoneFileStatus(OzoneManagerRequestHandler.java:933) ~[ozone-manager-1.4.0-SNAPSHOT.jar:?]
	at org.apache.hadoop.ozone.protocolPB.OzoneManagerRequestHandler.handleReadRequest(OzoneManagerRequestHandler.java:238) ~[ozone-manager-1.4.0-SNAPSHOT.jar:?]
	at org.apache.hadoop.ozone.protocolPB.OzoneManagerProtocolServerSideTranslatorPB.submitReadRequestToOM(OzoneManagerProtocolServerSideTranslatorPB.java:223) ~[ozone-manager-1.4.0-SNAPSHOT.jar:?]
	at org.apache.hadoop.ozone.protocolPB.OzoneManagerProtocolServerSideTranslatorPB.processRequest(OzoneManagerProtocolServerSideTranslatorPB.java:177) ~[ozone-manager-1.4.0-SNAPSHOT.jar:?]
	at org.apache.hadoop.hdds.server.OzoneProtocolMessageDispatcher.processRequest(OzoneProtocolMessageDispatcher.java:87) [hdds-server-framework-1.4.0-SNAPSHOT.jar:?]
	at org.apache.hadoop.ozone.protocolPB.OzoneManagerProtocolServerSideTranslatorPB.submitRequest(OzoneManagerProtocolServerSideTranslatorPB.java:147) [ozone-manager-1.4.0-SNAPSHOT.jar:?]
	at org.apache.hadoop.ozone.protocol.proto.OzoneManagerProtocolProtos$OzoneManagerService$2.callBlockingMethod(OzoneManagerProtocolProtos.java) [ozone-interface-client-1.4.0-SNAPSHOT.jar:?]
	at org.apache.hadoop.ipc.ProtobufRpcEngine$Server.processCall(ProtobufRpcEngine.java:465) [hadoop-common-3.3.4.jar:?]
	at org.apache.hadoop.ipc.ProtobufRpcEngine2$Server$ProtoBufRpcInvoker.call(ProtobufRpcEngine2.java:578) [hadoop-common-3.3.4.jar:?]
	at org.apache.hadoop.ipc.ProtobufRpcEngine2$Server$ProtoBufRpcInvoker.call(ProtobufRpcEngine2.java:556) [hadoop-common-3.3.4.jar:?]
	at org.apache.hadoop.ipc.RPC$Server.call(RPC.java:1093) [hadoop-common-3.3.4.jar:?]
	at org.apache.hadoop.ipc.Server$RpcCall.run(Server.java:1043) [hadoop-common-3.3.4.jar:?]
	at org.apache.hadoop.ipc.Server$RpcCall.run(Server.java:971) [hadoop-common-3.3.4.jar:?]
	at java.security.AccessController.doPrivileged(Native Method) ~[?:1.8.0_362]
	at javax.security.auth.Subject.doAs(Subject.java:422) [?:1.8.0_362]
	at org.apache.hadoop.security.UserGroupInformation.doAs(UserGroupInformation.java:1878) [hadoop-common-3.3.4.jar:?]
	at org.apache.hadoop.ipc.Server$Handler.run(Server.java:2976) [hadoop-common-3.3.4.jar:?]
]]></system-out>
  </testcase>
  <testcase name="testMakeDirsWithAnFakeDirectory" classname="TestOzoneFileSystem" time="0.008">
    <system-out><![CDATA[2023-02-14 08:19:59,542 [IPC Server handler 13 on default port 42497] INFO  key.OMKeyRequest (OMKeyRequest.java:wrapUncommittedBlocksAsPseudoKey(837)) - Detect allocated but uncommitted blocks [{blockID={containerID=5, localID=111677748019200039}, length=4194304, offset=0, token=null, pipeline=null, createVersion=0, partNumber=0}] in key dir1/dir2/key1.
08:19:59.543 [IPC Server handler 5 on default port 42497] ERROR OMAudit - user=runner | ip=127.0.0.1 | op=GET_FILE_STATUS {volume=volume12456, bucket=bucket20487, key=user/runner/dir1/dir2, dataSize=0, replicationConfig=null} | ret=FAILURE
org.apache.hadoop.ozone.om.exceptions.OMException: Unable to get file status: volume: volume12456 bucket: bucket20487 key: user/runner/dir1/dir2
	at org.apache.hadoop.ozone.om.KeyManagerImpl.getOzoneFileStatus(KeyManagerImpl.java:1162) ~[ozone-manager-1.4.0-SNAPSHOT.jar:?]
	at org.apache.hadoop.ozone.om.KeyManagerImpl.getFileStatus(KeyManagerImpl.java:1080) ~[ozone-manager-1.4.0-SNAPSHOT.jar:?]
	at org.apache.hadoop.ozone.om.OmMetadataReader.getFileStatus(OmMetadataReader.java:288) ~[ozone-manager-1.4.0-SNAPSHOT.jar:?]
	at org.apache.hadoop.ozone.om.OzoneManager.getFileStatus(OzoneManager.java:3449) ~[ozone-manager-1.4.0-SNAPSHOT.jar:?]
	at org.apache.hadoop.ozone.protocolPB.OzoneManagerRequestHandler.getOzoneFileStatus(OzoneManagerRequestHandler.java:933) ~[ozone-manager-1.4.0-SNAPSHOT.jar:?]
	at org.apache.hadoop.ozone.protocolPB.OzoneManagerRequestHandler.handleReadRequest(OzoneManagerRequestHandler.java:238) ~[ozone-manager-1.4.0-SNAPSHOT.jar:?]
	at org.apache.hadoop.ozone.protocolPB.OzoneManagerProtocolServerSideTranslatorPB.submitRequestDirectlyToOM(OzoneManagerProtocolServerSideTranslatorPB.java:271) ~[ozone-manager-1.4.0-SNAPSHOT.jar:?]
	at org.apache.hadoop.ozone.protocolPB.OzoneManagerProtocolServerSideTranslatorPB.processRequest(OzoneManagerProtocolServerSideTranslatorPB.java:173) ~[ozone-manager-1.4.0-SNAPSHOT.jar:?]
	at org.apache.hadoop.hdds.server.OzoneProtocolMessageDispatcher.processRequest(OzoneProtocolMessageDispatcher.java:87) [hdds-server-framework-1.4.0-SNAPSHOT.jar:?]
	at org.apache.hadoop.ozone.protocolPB.OzoneManagerProtocolServerSideTranslatorPB.submitRequest(OzoneManagerProtocolServerSideTranslatorPB.java:147) [ozone-manager-1.4.0-SNAPSHOT.jar:?]
	at org.apache.hadoop.ozone.protocol.proto.OzoneManagerProtocolProtos$OzoneManagerService$2.callBlockingMethod(OzoneManagerProtocolProtos.java) [ozone-interface-client-1.4.0-SNAPSHOT.jar:?]
	at org.apache.hadoop.ipc.ProtobufRpcEngine$Server.processCall(ProtobufRpcEngine.java:465) [hadoop-common-3.3.4.jar:?]
	at org.apache.hadoop.ipc.ProtobufRpcEngine2$Server$ProtoBufRpcInvoker.call(ProtobufRpcEngine2.java:578) [hadoop-common-3.3.4.jar:?]
	at org.apache.hadoop.ipc.ProtobufRpcEngine2$Server$ProtoBufRpcInvoker.call(ProtobufRpcEngine2.java:556) [hadoop-common-3.3.4.jar:?]
	at org.apache.hadoop.ipc.RPC$Server.call(RPC.java:1093) [hadoop-common-3.3.4.jar:?]
	at org.apache.hadoop.ipc.Server$RpcCall.run(Server.java:1043) [hadoop-common-3.3.4.jar:?]
	at org.apache.hadoop.ipc.Server$RpcCall.run(Server.java:971) [hadoop-common-3.3.4.jar:?]
	at java.security.AccessController.doPrivileged(Native Method) ~[?:1.8.0_362]
	at javax.security.auth.Subject.doAs(Subject.java:422) [?:1.8.0_362]
	at org.apache.hadoop.security.UserGroupInformation.doAs(UserGroupInformation.java:1878) [hadoop-common-3.3.4.jar:?]
	at org.apache.hadoop.ipc.Server$Handler.run(Server.java:2976) [hadoop-common-3.3.4.jar:?]
]]></system-out>
  </testcase>
  <testcase name="testFileDelete" classname="TestOzoneFileSystem" time="0.162">
    <system-out><![CDATA[2023-02-14 08:17:31,391 [OM StateMachine ApplyTransaction Thread - 0] INFO  key.OMKeyRequest (OMKeyRequest.java:wrapUncommittedBlocksAsPseudoKey(837)) - Detect allocated but uncommitted blocks [{blockID={containerID=1, localID=111677748019200040}, length=4194304, offset=0, token=null, pipeline=null, createVersion=0, partNumber=0}] in key testBatchDelete/parent/child0.
2023-02-14 08:17:31,399 [OM StateMachine ApplyTransaction Thread - 0] INFO  key.OMKeyRequest (OMKeyRequest.java:wrapUncommittedBlocksAsPseudoKey(837)) - Detect allocated but uncommitted blocks [{blockID={containerID=2, localID=111677748019200041}, length=4194304, offset=0, token=null, pipeline=null, createVersion=0, partNumber=0}] in key testBatchDelete/parent/childFolder/child0.
2023-02-14 08:17:31,407 [OM StateMachine ApplyTransaction Thread - 0] INFO  key.OMKeyRequest (OMKeyRequest.java:wrapUncommittedBlocksAsPseudoKey(837)) - Detect allocated but uncommitted blocks [{blockID={containerID=1, localID=111677748019200042}, length=4194304, offset=0, token=null, pipeline=null, createVersion=0, partNumber=0}] in key testBatchDelete/parent/child1.
2023-02-14 08:17:31,414 [OM StateMachine ApplyTransaction Thread - 0] INFO  key.OMKeyRequest (OMKeyRequest.java:wrapUncommittedBlocksAsPseudoKey(837)) - Detect allocated but uncommitted blocks [{blockID={containerID=2, localID=111677748019200043}, length=4194304, offset=0, token=null, pipeline=null, createVersion=0, partNumber=0}] in key testBatchDelete/parent/childFolder/child1.
2023-02-14 08:17:31,422 [OM StateMachine ApplyTransaction Thread - 0] INFO  key.OMKeyRequest (OMKeyRequest.java:wrapUncommittedBlocksAsPseudoKey(837)) - Detect allocated but uncommitted blocks [{blockID={containerID=1, localID=111677748019200044}, length=4194304, offset=0, token=null, pipeline=null, createVersion=0, partNumber=0}] in key testBatchDelete/parent/child2.
2023-02-14 08:17:31,429 [OM StateMachine ApplyTransaction Thread - 0] INFO  key.OMKeyRequest (OMKeyRequest.java:wrapUncommittedBlocksAsPseudoKey(837)) - Detect allocated but uncommitted blocks [{blockID={containerID=2, localID=111677748019200045}, length=4194304, offset=0, token=null, pipeline=null, createVersion=0, partNumber=0}] in key testBatchDelete/parent/childFolder/child2.
2023-02-14 08:17:31,437 [OM StateMachine ApplyTransaction Thread - 0] INFO  key.OMKeyRequest (OMKeyRequest.java:wrapUncommittedBlocksAsPseudoKey(837)) - Detect allocated but uncommitted blocks [{blockID={containerID=1, localID=111677748019200046}, length=4194304, offset=0, token=null, pipeline=null, createVersion=0, partNumber=0}] in key testBatchDelete/parent/child3.
2023-02-14 08:17:31,446 [OM StateMachine ApplyTransaction Thread - 0] INFO  key.OMKeyRequest (OMKeyRequest.java:wrapUncommittedBlocksAsPseudoKey(837)) - Detect allocated but uncommitted blocks [{blockID={containerID=2, localID=111677748019200047}, length=4194304, offset=0, token=null, pipeline=null, createVersion=0, partNumber=0}] in key testBatchDelete/parent/childFolder/child3.
2023-02-14 08:17:31,453 [OM StateMachine ApplyTransaction Thread - 0] INFO  key.OMKeyRequest (OMKeyRequest.java:wrapUncommittedBlocksAsPseudoKey(837)) - Detect allocated but uncommitted blocks [{blockID={containerID=1, localID=111677748019200048}, length=4194304, offset=0, token=null, pipeline=null, createVersion=0, partNumber=0}] in key testBatchDelete/parent/child4.
2023-02-14 08:17:31,460 [OM StateMachine ApplyTransaction Thread - 0] INFO  key.OMKeyRequest (OMKeyRequest.java:wrapUncommittedBlocksAsPseudoKey(837)) - Detect allocated but uncommitted blocks [{blockID={containerID=2, localID=111677748019200049}, length=4194304, offset=0, token=null, pipeline=null, createVersion=0, partNumber=0}] in key testBatchDelete/parent/childFolder/child4.
2023-02-14 08:17:31,468 [OM StateMachine ApplyTransaction Thread - 0] INFO  key.OMKeyRequest (OMKeyRequest.java:wrapUncommittedBlocksAsPseudoKey(837)) - Detect allocated but uncommitted blocks [{blockID={containerID=1, localID=111677748019200050}, length=4194304, offset=0, token=null, pipeline=null, createVersion=0, partNumber=0}] in key testBatchDelete/parent/child5.
2023-02-14 08:17:31,475 [OM StateMachine ApplyTransaction Thread - 0] INFO  key.OMKeyRequest (OMKeyRequest.java:wrapUncommittedBlocksAsPseudoKey(837)) - Detect allocated but uncommitted blocks [{blockID={containerID=2, localID=111677748019200051}, length=4194304, offset=0, token=null, pipeline=null, createVersion=0, partNumber=0}] in key testBatchDelete/parent/childFolder/child5.
2023-02-14 08:17:31,482 [OM StateMachine ApplyTransaction Thread - 0] INFO  key.OMKeyRequest (OMKeyRequest.java:wrapUncommittedBlocksAsPseudoKey(837)) - Detect allocated but uncommitted blocks [{blockID={containerID=1, localID=111677748019200052}, length=4194304, offset=0, token=null, pipeline=null, createVersion=0, partNumber=0}] in key testBatchDelete/parent/child6.
2023-02-14 08:17:31,490 [OM StateMachine ApplyTransaction Thread - 0] INFO  key.OMKeyRequest (OMKeyRequest.java:wrapUncommittedBlocksAsPseudoKey(837)) - Detect allocated but uncommitted blocks [{blockID={containerID=2, localID=111677748019200053}, length=4194304, offset=0, token=null, pipeline=null, createVersion=0, partNumber=0}] in key testBatchDelete/parent/childFolder/child6.
2023-02-14 08:17:31,497 [OM StateMachine ApplyTransaction Thread - 0] INFO  key.OMKeyRequest (OMKeyRequest.java:wrapUncommittedBlocksAsPseudoKey(837)) - Detect allocated but uncommitted blocks [{blockID={containerID=1, localID=111677748019200054}, length=4194304, offset=0, token=null, pipeline=null, createVersion=0, partNumber=0}] in key testBatchDelete/parent/child7.
2023-02-14 08:17:31,504 [OM StateMachine ApplyTransaction Thread - 0] INFO  key.OMKeyRequest (OMKeyRequest.java:wrapUncommittedBlocksAsPseudoKey(837)) - Detect allocated but uncommitted blocks [{blockID={containerID=2, localID=111677748019200055}, length=4194304, offset=0, token=null, pipeline=null, createVersion=0, partNumber=0}] in key testBatchDelete/parent/childFolder/child7.
08:17:31.525 [IPC Server handler 14 on default port 34711] ERROR OMAudit - user=runner | ip=127.0.0.1 | op=GET_FILE_STATUS {volume=volume67802, bucket=bucket15311, key=testBatchDelete, dataSize=0, replicationConfig=null} | ret=FAILURE
org.apache.hadoop.ozone.om.exceptions.OMException: Unable to get file status: volume: volume67802 bucket: bucket15311 key: testBatchDelete
	at org.apache.hadoop.ozone.om.KeyManagerImpl.getOzoneFileStatus(KeyManagerImpl.java:1162) ~[ozone-manager-1.4.0-SNAPSHOT.jar:?]
	at org.apache.hadoop.ozone.om.KeyManagerImpl.getFileStatus(KeyManagerImpl.java:1080) ~[ozone-manager-1.4.0-SNAPSHOT.jar:?]
	at org.apache.hadoop.ozone.om.OmMetadataReader.getFileStatus(OmMetadataReader.java:288) ~[ozone-manager-1.4.0-SNAPSHOT.jar:?]
	at org.apache.hadoop.ozone.om.OzoneManager.getFileStatus(OzoneManager.java:3449) ~[ozone-manager-1.4.0-SNAPSHOT.jar:?]
	at org.apache.hadoop.ozone.protocolPB.OzoneManagerRequestHandler.getOzoneFileStatus(OzoneManagerRequestHandler.java:933) ~[ozone-manager-1.4.0-SNAPSHOT.jar:?]
	at org.apache.hadoop.ozone.protocolPB.OzoneManagerRequestHandler.handleReadRequest(OzoneManagerRequestHandler.java:238) ~[ozone-manager-1.4.0-SNAPSHOT.jar:?]
	at org.apache.hadoop.ozone.protocolPB.OzoneManagerProtocolServerSideTranslatorPB.submitReadRequestToOM(OzoneManagerProtocolServerSideTranslatorPB.java:223) ~[ozone-manager-1.4.0-SNAPSHOT.jar:?]
	at org.apache.hadoop.ozone.protocolPB.OzoneManagerProtocolServerSideTranslatorPB.processRequest(OzoneManagerProtocolServerSideTranslatorPB.java:177) ~[ozone-manager-1.4.0-SNAPSHOT.jar:?]
	at org.apache.hadoop.hdds.server.OzoneProtocolMessageDispatcher.processRequest(OzoneProtocolMessageDispatcher.java:87) [hdds-server-framework-1.4.0-SNAPSHOT.jar:?]
	at org.apache.hadoop.ozone.protocolPB.OzoneManagerProtocolServerSideTranslatorPB.submitRequest(OzoneManagerProtocolServerSideTranslatorPB.java:147) [ozone-manager-1.4.0-SNAPSHOT.jar:?]
	at org.apache.hadoop.ozone.protocol.proto.OzoneManagerProtocolProtos$OzoneManagerService$2.callBlockingMethod(OzoneManagerProtocolProtos.java) [ozone-interface-client-1.4.0-SNAPSHOT.jar:?]
	at org.apache.hadoop.ipc.ProtobufRpcEngine$Server.processCall(ProtobufRpcEngine.java:465) [hadoop-common-3.3.4.jar:?]
	at org.apache.hadoop.ipc.ProtobufRpcEngine2$Server$ProtoBufRpcInvoker.call(ProtobufRpcEngine2.java:578) [hadoop-common-3.3.4.jar:?]
	at org.apache.hadoop.ipc.ProtobufRpcEngine2$Server$ProtoBufRpcInvoker.call(ProtobufRpcEngine2.java:556) [hadoop-common-3.3.4.jar:?]
	at org.apache.hadoop.ipc.RPC$Server.call(RPC.java:1093) [hadoop-common-3.3.4.jar:?]
	at org.apache.hadoop.ipc.Server$RpcCall.run(Server.java:1043) [hadoop-common-3.3.4.jar:?]
	at org.apache.hadoop.ipc.Server$RpcCall.run(Server.java:971) [hadoop-common-3.3.4.jar:?]
	at java.security.AccessController.doPrivileged(Native Method) ~[?:1.8.0_362]
	at javax.security.auth.Subject.doAs(Subject.java:422) [?:1.8.0_362]
	at org.apache.hadoop.security.UserGroupInformation.doAs(UserGroupInformation.java:1878) [hadoop-common-3.3.4.jar:?]
	at org.apache.hadoop.ipc.Server$Handler.run(Server.java:2976) [hadoop-common-3.3.4.jar:?]
08:17:31.526 [IPC Server handler 15 on default port 34711] ERROR OMAudit - user=runner | ip=127.0.0.1 | op=GET_FILE_STATUS {volume=volume67802, bucket=bucket15311, key=testBatchDelete/parent/child0, dataSize=0, replicationConfig=null} | ret=FAILURE
org.apache.hadoop.ozone.om.exceptions.OMException: Unable to get file status: volume: volume67802 bucket: bucket15311 key: testBatchDelete/parent/child0
	at org.apache.hadoop.ozone.om.KeyManagerImpl.getOzoneFileStatus(KeyManagerImpl.java:1162) ~[ozone-manager-1.4.0-SNAPSHOT.jar:?]
	at org.apache.hadoop.ozone.om.KeyManagerImpl.getFileStatus(KeyManagerImpl.java:1080) ~[ozone-manager-1.4.0-SNAPSHOT.jar:?]
	at org.apache.hadoop.ozone.om.OmMetadataReader.getFileStatus(OmMetadataReader.java:288) ~[ozone-manager-1.4.0-SNAPSHOT.jar:?]
	at org.apache.hadoop.ozone.om.OzoneManager.getFileStatus(OzoneManager.java:3449) ~[ozone-manager-1.4.0-SNAPSHOT.jar:?]
	at org.apache.hadoop.ozone.protocolPB.OzoneManagerRequestHandler.getOzoneFileStatus(OzoneManagerRequestHandler.java:933) ~[ozone-manager-1.4.0-SNAPSHOT.jar:?]
	at org.apache.hadoop.ozone.protocolPB.OzoneManagerRequestHandler.handleReadRequest(OzoneManagerRequestHandler.java:238) ~[ozone-manager-1.4.0-SNAPSHOT.jar:?]
	at org.apache.hadoop.ozone.protocolPB.OzoneManagerProtocolServerSideTranslatorPB.submitReadRequestToOM(OzoneManagerProtocolServerSideTranslatorPB.java:223) ~[ozone-manager-1.4.0-SNAPSHOT.jar:?]
	at org.apache.hadoop.ozone.protocolPB.OzoneManagerProtocolServerSideTranslatorPB.processRequest(OzoneManagerProtocolServerSideTranslatorPB.java:177) ~[ozone-manager-1.4.0-SNAPSHOT.jar:?]
	at org.apache.hadoop.hdds.server.OzoneProtocolMessageDispatcher.processRequest(OzoneProtocolMessageDispatcher.java:87) [hdds-server-framework-1.4.0-SNAPSHOT.jar:?]
	at org.apache.hadoop.ozone.protocolPB.OzoneManagerProtocolServerSideTranslatorPB.submitRequest(OzoneManagerProtocolServerSideTranslatorPB.java:147) [ozone-manager-1.4.0-SNAPSHOT.jar:?]
	at org.apache.hadoop.ozone.protocol.proto.OzoneManagerProtocolProtos$OzoneManagerService$2.callBlockingMethod(OzoneManagerProtocolProtos.java) [ozone-interface-client-1.4.0-SNAPSHOT.jar:?]
	at org.apache.hadoop.ipc.ProtobufRpcEngine$Server.processCall(ProtobufRpcEngine.java:465) [hadoop-common-3.3.4.jar:?]
	at org.apache.hadoop.ipc.ProtobufRpcEngine2$Server$ProtoBufRpcInvoker.call(ProtobufRpcEngine2.java:578) [hadoop-common-3.3.4.jar:?]
	at org.apache.hadoop.ipc.ProtobufRpcEngine2$Server$ProtoBufRpcInvoker.call(ProtobufRpcEngine2.java:556) [hadoop-common-3.3.4.jar:?]
	at org.apache.hadoop.ipc.RPC$Server.call(RPC.java:1093) [hadoop-common-3.3.4.jar:?]
	at org.apache.hadoop.ipc.Server$RpcCall.run(Server.java:1043) [hadoop-common-3.3.4.jar:?]
	at org.apache.hadoop.ipc.Server$RpcCall.run(Server.java:971) [hadoop-common-3.3.4.jar:?]
	at java.security.AccessController.doPrivileged(Native Method) ~[?:1.8.0_362]
	at javax.security.auth.Subject.doAs(Subject.java:422) [?:1.8.0_362]
	at org.apache.hadoop.security.UserGroupInformation.doAs(UserGroupInformation.java:1878) [hadoop-common-3.3.4.jar:?]
	at org.apache.hadoop.ipc.Server$Handler.run(Server.java:2976) [hadoop-common-3.3.4.jar:?]
08:17:31.528 [IPC Server handler 16 on default port 34711] ERROR OMAudit - user=runner | ip=127.0.0.1 | op=GET_FILE_STATUS {volume=volume67802, bucket=bucket15311, key=testBatchDelete/parent/childFolder/child0, dataSize=0, replicationConfig=null} | ret=FAILURE
org.apache.hadoop.ozone.om.exceptions.OMException: Unable to get file status: volume: volume67802 bucket: bucket15311 key: testBatchDelete/parent/childFolder/child0
	at org.apache.hadoop.ozone.om.KeyManagerImpl.getOzoneFileStatus(KeyManagerImpl.java:1162) ~[ozone-manager-1.4.0-SNAPSHOT.jar:?]
	at org.apache.hadoop.ozone.om.KeyManagerImpl.getFileStatus(KeyManagerImpl.java:1080) ~[ozone-manager-1.4.0-SNAPSHOT.jar:?]
	at org.apache.hadoop.ozone.om.OmMetadataReader.getFileStatus(OmMetadataReader.java:288) ~[ozone-manager-1.4.0-SNAPSHOT.jar:?]
	at org.apache.hadoop.ozone.om.OzoneManager.getFileStatus(OzoneManager.java:3449) ~[ozone-manager-1.4.0-SNAPSHOT.jar:?]
	at org.apache.hadoop.ozone.protocolPB.OzoneManagerRequestHandler.getOzoneFileStatus(OzoneManagerRequestHandler.java:933) ~[ozone-manager-1.4.0-SNAPSHOT.jar:?]
	at org.apache.hadoop.ozone.protocolPB.OzoneManagerRequestHandler.handleReadRequest(OzoneManagerRequestHandler.java:238) ~[ozone-manager-1.4.0-SNAPSHOT.jar:?]
	at org.apache.hadoop.ozone.protocolPB.OzoneManagerProtocolServerSideTranslatorPB.submitReadRequestToOM(OzoneManagerProtocolServerSideTranslatorPB.java:223) ~[ozone-manager-1.4.0-SNAPSHOT.jar:?]
	at org.apache.hadoop.ozone.protocolPB.OzoneManagerProtocolServerSideTranslatorPB.processRequest(OzoneManagerProtocolServerSideTranslatorPB.java:177) ~[ozone-manager-1.4.0-SNAPSHOT.jar:?]
	at org.apache.hadoop.hdds.server.OzoneProtocolMessageDispatcher.processRequest(OzoneProtocolMessageDispatcher.java:87) [hdds-server-framework-1.4.0-SNAPSHOT.jar:?]
	at org.apache.hadoop.ozone.protocolPB.OzoneManagerProtocolServerSideTranslatorPB.submitRequest(OzoneManagerProtocolServerSideTranslatorPB.java:147) [ozone-manager-1.4.0-SNAPSHOT.jar:?]
	at org.apache.hadoop.ozone.protocol.proto.OzoneManagerProtocolProtos$OzoneManagerService$2.callBlockingMethod(OzoneManagerProtocolProtos.java) [ozone-interface-client-1.4.0-SNAPSHOT.jar:?]
	at org.apache.hadoop.ipc.ProtobufRpcEngine$Server.processCall(ProtobufRpcEngine.java:465) [hadoop-common-3.3.4.jar:?]
	at org.apache.hadoop.ipc.ProtobufRpcEngine2$Server$ProtoBufRpcInvoker.call(ProtobufRpcEngine2.java:578) [hadoop-common-3.3.4.jar:?]
	at org.apache.hadoop.ipc.ProtobufRpcEngine2$Server$ProtoBufRpcInvoker.call(ProtobufRpcEngine2.java:556) [hadoop-common-3.3.4.jar:?]
	at org.apache.hadoop.ipc.RPC$Server.call(RPC.java:1093) [hadoop-common-3.3.4.jar:?]
	at org.apache.hadoop.ipc.Server$RpcCall.run(Server.java:1043) [hadoop-common-3.3.4.jar:?]
	at org.apache.hadoop.ipc.Server$RpcCall.run(Server.java:971) [hadoop-common-3.3.4.jar:?]
	at java.security.AccessController.doPrivileged(Native Method) ~[?:1.8.0_362]
	at javax.security.auth.Subject.doAs(Subject.java:422) [?:1.8.0_362]
	at org.apache.hadoop.security.UserGroupInformation.doAs(UserGroupInformation.java:1878) [hadoop-common-3.3.4.jar:?]
	at org.apache.hadoop.ipc.Server$Handler.run(Server.java:2976) [hadoop-common-3.3.4.jar:?]
08:17:31.529 [IPC Server handler 18 on default port 34711] ERROR OMAudit - user=runner | ip=127.0.0.1 | op=GET_FILE_STATUS {volume=volume67802, bucket=bucket15311, key=testBatchDelete/parent/child1, dataSize=0, replicationConfig=null} | ret=FAILURE
org.apache.hadoop.ozone.om.exceptions.OMException: Unable to get file status: volume: volume67802 bucket: bucket15311 key: testBatchDelete/parent/child1
	at org.apache.hadoop.ozone.om.KeyManagerImpl.getOzoneFileStatus(KeyManagerImpl.java:1162) ~[ozone-manager-1.4.0-SNAPSHOT.jar:?]
	at org.apache.hadoop.ozone.om.KeyManagerImpl.getFileStatus(KeyManagerImpl.java:1080) ~[ozone-manager-1.4.0-SNAPSHOT.jar:?]
	at org.apache.hadoop.ozone.om.OmMetadataReader.getFileStatus(OmMetadataReader.java:288) ~[ozone-manager-1.4.0-SNAPSHOT.jar:?]
	at org.apache.hadoop.ozone.om.OzoneManager.getFileStatus(OzoneManager.java:3449) ~[ozone-manager-1.4.0-SNAPSHOT.jar:?]
	at org.apache.hadoop.ozone.protocolPB.OzoneManagerRequestHandler.getOzoneFileStatus(OzoneManagerRequestHandler.java:933) ~[ozone-manager-1.4.0-SNAPSHOT.jar:?]
	at org.apache.hadoop.ozone.protocolPB.OzoneManagerRequestHandler.handleReadRequest(OzoneManagerRequestHandler.java:238) ~[ozone-manager-1.4.0-SNAPSHOT.jar:?]
	at org.apache.hadoop.ozone.protocolPB.OzoneManagerProtocolServerSideTranslatorPB.submitReadRequestToOM(OzoneManagerProtocolServerSideTranslatorPB.java:223) ~[ozone-manager-1.4.0-SNAPSHOT.jar:?]
	at org.apache.hadoop.ozone.protocolPB.OzoneManagerProtocolServerSideTranslatorPB.processRequest(OzoneManagerProtocolServerSideTranslatorPB.java:177) ~[ozone-manager-1.4.0-SNAPSHOT.jar:?]
	at org.apache.hadoop.hdds.server.OzoneProtocolMessageDispatcher.processRequest(OzoneProtocolMessageDispatcher.java:87) [hdds-server-framework-1.4.0-SNAPSHOT.jar:?]
	at org.apache.hadoop.ozone.protocolPB.OzoneManagerProtocolServerSideTranslatorPB.submitRequest(OzoneManagerProtocolServerSideTranslatorPB.java:147) [ozone-manager-1.4.0-SNAPSHOT.jar:?]
	at org.apache.hadoop.ozone.protocol.proto.OzoneManagerProtocolProtos$OzoneManagerService$2.callBlockingMethod(OzoneManagerProtocolProtos.java) [ozone-interface-client-1.4.0-SNAPSHOT.jar:?]
	at org.apache.hadoop.ipc.ProtobufRpcEngine$Server.processCall(ProtobufRpcEngine.java:465) [hadoop-common-3.3.4.jar:?]
	at org.apache.hadoop.ipc.ProtobufRpcEngine2$Server$ProtoBufRpcInvoker.call(ProtobufRpcEngine2.java:578) [hadoop-common-3.3.4.jar:?]
	at org.apache.hadoop.ipc.ProtobufRpcEngine2$Server$ProtoBufRpcInvoker.call(ProtobufRpcEngine2.java:556) [hadoop-common-3.3.4.jar:?]
	at org.apache.hadoop.ipc.RPC$Server.call(RPC.java:1093) [hadoop-common-3.3.4.jar:?]
	at org.apache.hadoop.ipc.Server$RpcCall.run(Server.java:1043) [hadoop-common-3.3.4.jar:?]
	at org.apache.hadoop.ipc.Server$RpcCall.run(Server.java:971) [hadoop-common-3.3.4.jar:?]
	at java.security.AccessController.doPrivileged(Native Method) ~[?:1.8.0_362]
	at javax.security.auth.Subject.doAs(Subject.java:422) [?:1.8.0_362]
	at org.apache.hadoop.security.UserGroupInformation.doAs(UserGroupInformation.java:1878) [hadoop-common-3.3.4.jar:?]
	at org.apache.hadoop.ipc.Server$Handler.run(Server.java:2976) [hadoop-common-3.3.4.jar:?]
08:17:31.530 [IPC Server handler 0 on default port 34711] ERROR OMAudit - user=runner | ip=127.0.0.1 | op=GET_FILE_STATUS {volume=volume67802, bucket=bucket15311, key=testBatchDelete/parent/childFolder/child1, dataSize=0, replicationConfig=null} | ret=FAILURE
org.apache.hadoop.ozone.om.exceptions.OMException: Unable to get file status: volume: volume67802 bucket: bucket15311 key: testBatchDelete/parent/childFolder/child1
	at org.apache.hadoop.ozone.om.KeyManagerImpl.getOzoneFileStatus(KeyManagerImpl.java:1162) ~[ozone-manager-1.4.0-SNAPSHOT.jar:?]
	at org.apache.hadoop.ozone.om.KeyManagerImpl.getFileStatus(KeyManagerImpl.java:1080) ~[ozone-manager-1.4.0-SNAPSHOT.jar:?]
	at org.apache.hadoop.ozone.om.OmMetadataReader.getFileStatus(OmMetadataReader.java:288) ~[ozone-manager-1.4.0-SNAPSHOT.jar:?]
	at org.apache.hadoop.ozone.om.OzoneManager.getFileStatus(OzoneManager.java:3449) ~[ozone-manager-1.4.0-SNAPSHOT.jar:?]
	at org.apache.hadoop.ozone.protocolPB.OzoneManagerRequestHandler.getOzoneFileStatus(OzoneManagerRequestHandler.java:933) ~[ozone-manager-1.4.0-SNAPSHOT.jar:?]
	at org.apache.hadoop.ozone.protocolPB.OzoneManagerRequestHandler.handleReadRequest(OzoneManagerRequestHandler.java:238) ~[ozone-manager-1.4.0-SNAPSHOT.jar:?]
	at org.apache.hadoop.ozone.protocolPB.OzoneManagerProtocolServerSideTranslatorPB.submitReadRequestToOM(OzoneManagerProtocolServerSideTranslatorPB.java:223) ~[ozone-manager-1.4.0-SNAPSHOT.jar:?]
	at org.apache.hadoop.ozone.protocolPB.OzoneManagerProtocolServerSideTranslatorPB.processRequest(OzoneManagerProtocolServerSideTranslatorPB.java:177) ~[ozone-manager-1.4.0-SNAPSHOT.jar:?]
	at org.apache.hadoop.hdds.server.OzoneProtocolMessageDispatcher.processRequest(OzoneProtocolMessageDispatcher.java:87) [hdds-server-framework-1.4.0-SNAPSHOT.jar:?]
	at org.apache.hadoop.ozone.protocolPB.OzoneManagerProtocolServerSideTranslatorPB.submitRequest(OzoneManagerProtocolServerSideTranslatorPB.java:147) [ozone-manager-1.4.0-SNAPSHOT.jar:?]
	at org.apache.hadoop.ozone.protocol.proto.OzoneManagerProtocolProtos$OzoneManagerService$2.callBlockingMethod(OzoneManagerProtocolProtos.java) [ozone-interface-client-1.4.0-SNAPSHOT.jar:?]
	at org.apache.hadoop.ipc.ProtobufRpcEngine$Server.processCall(ProtobufRpcEngine.java:465) [hadoop-common-3.3.4.jar:?]
	at org.apache.hadoop.ipc.ProtobufRpcEngine2$Server$ProtoBufRpcInvoker.call(ProtobufRpcEngine2.java:578) [hadoop-common-3.3.4.jar:?]
	at org.apache.hadoop.ipc.ProtobufRpcEngine2$Server$ProtoBufRpcInvoker.call(ProtobufRpcEngine2.java:556) [hadoop-common-3.3.4.jar:?]
	at org.apache.hadoop.ipc.RPC$Server.call(RPC.java:1093) [hadoop-common-3.3.4.jar:?]
	at org.apache.hadoop.ipc.Server$RpcCall.run(Server.java:1043) [hadoop-common-3.3.4.jar:?]
	at org.apache.hadoop.ipc.Server$RpcCall.run(Server.java:971) [hadoop-common-3.3.4.jar:?]
	at java.security.AccessController.doPrivileged(Native Method) ~[?:1.8.0_362]
	at javax.security.auth.Subject.doAs(Subject.java:422) [?:1.8.0_362]
	at org.apache.hadoop.security.UserGroupInformation.doAs(UserGroupInformation.java:1878) [hadoop-common-3.3.4.jar:?]
	at org.apache.hadoop.ipc.Server$Handler.run(Server.java:2976) [hadoop-common-3.3.4.jar:?]
08:17:31.531 [IPC Server handler 19 on default port 34711] ERROR OMAudit - user=runner | ip=127.0.0.1 | op=GET_FILE_STATUS {volume=volume67802, bucket=bucket15311, key=testBatchDelete/parent/child2, dataSize=0, replicationConfig=null} | ret=FAILURE
org.apache.hadoop.ozone.om.exceptions.OMException: Unable to get file status: volume: volume67802 bucket: bucket15311 key: testBatchDelete/parent/child2
	at org.apache.hadoop.ozone.om.KeyManagerImpl.getOzoneFileStatus(KeyManagerImpl.java:1162) ~[ozone-manager-1.4.0-SNAPSHOT.jar:?]
	at org.apache.hadoop.ozone.om.KeyManagerImpl.getFileStatus(KeyManagerImpl.java:1080) ~[ozone-manager-1.4.0-SNAPSHOT.jar:?]
	at org.apache.hadoop.ozone.om.OmMetadataReader.getFileStatus(OmMetadataReader.java:288) ~[ozone-manager-1.4.0-SNAPSHOT.jar:?]
	at org.apache.hadoop.ozone.om.OzoneManager.getFileStatus(OzoneManager.java:3449) ~[ozone-manager-1.4.0-SNAPSHOT.jar:?]
	at org.apache.hadoop.ozone.protocolPB.OzoneManagerRequestHandler.getOzoneFileStatus(OzoneManagerRequestHandler.java:933) ~[ozone-manager-1.4.0-SNAPSHOT.jar:?]
	at org.apache.hadoop.ozone.protocolPB.OzoneManagerRequestHandler.handleReadRequest(OzoneManagerRequestHandler.java:238) ~[ozone-manager-1.4.0-SNAPSHOT.jar:?]
	at org.apache.hadoop.ozone.protocolPB.OzoneManagerProtocolServerSideTranslatorPB.submitReadRequestToOM(OzoneManagerProtocolServerSideTranslatorPB.java:223) ~[ozone-manager-1.4.0-SNAPSHOT.jar:?]
	at org.apache.hadoop.ozone.protocolPB.OzoneManagerProtocolServerSideTranslatorPB.processRequest(OzoneManagerProtocolServerSideTranslatorPB.java:177) ~[ozone-manager-1.4.0-SNAPSHOT.jar:?]
	at org.apache.hadoop.hdds.server.OzoneProtocolMessageDispatcher.processRequest(OzoneProtocolMessageDispatcher.java:87) [hdds-server-framework-1.4.0-SNAPSHOT.jar:?]
	at org.apache.hadoop.ozone.protocolPB.OzoneManagerProtocolServerSideTranslatorPB.submitRequest(OzoneManagerProtocolServerSideTranslatorPB.java:147) [ozone-manager-1.4.0-SNAPSHOT.jar:?]
	at org.apache.hadoop.ozone.protocol.proto.OzoneManagerProtocolProtos$OzoneManagerService$2.callBlockingMethod(OzoneManagerProtocolProtos.java) [ozone-interface-client-1.4.0-SNAPSHOT.jar:?]
	at org.apache.hadoop.ipc.ProtobufRpcEngine$Server.processCall(ProtobufRpcEngine.java:465) [hadoop-common-3.3.4.jar:?]
	at org.apache.hadoop.ipc.ProtobufRpcEngine2$Server$ProtoBufRpcInvoker.call(ProtobufRpcEngine2.java:578) [hadoop-common-3.3.4.jar:?]
	at org.apache.hadoop.ipc.ProtobufRpcEngine2$Server$ProtoBufRpcInvoker.call(ProtobufRpcEngine2.java:556) [hadoop-common-3.3.4.jar:?]
	at org.apache.hadoop.ipc.RPC$Server.call(RPC.java:1093) [hadoop-common-3.3.4.jar:?]
	at org.apache.hadoop.ipc.Server$RpcCall.run(Server.java:1043) [hadoop-common-3.3.4.jar:?]
	at org.apache.hadoop.ipc.Server$RpcCall.run(Server.java:971) [hadoop-common-3.3.4.jar:?]
	at java.security.AccessController.doPrivileged(Native Method) ~[?:1.8.0_362]
	at javax.security.auth.Subject.doAs(Subject.java:422) [?:1.8.0_362]
	at org.apache.hadoop.security.UserGroupInformation.doAs(UserGroupInformation.java:1878) [hadoop-common-3.3.4.jar:?]
	at org.apache.hadoop.ipc.Server$Handler.run(Server.java:2976) [hadoop-common-3.3.4.jar:?]
08:17:31.533 [IPC Server handler 17 on default port 34711] ERROR OMAudit - user=runner | ip=127.0.0.1 | op=GET_FILE_STATUS {volume=volume67802, bucket=bucket15311, key=testBatchDelete/parent/childFolder/child2, dataSize=0, replicationConfig=null} | ret=FAILURE
org.apache.hadoop.ozone.om.exceptions.OMException: Unable to get file status: volume: volume67802 bucket: bucket15311 key: testBatchDelete/parent/childFolder/child2
	at org.apache.hadoop.ozone.om.KeyManagerImpl.getOzoneFileStatus(KeyManagerImpl.java:1162) ~[ozone-manager-1.4.0-SNAPSHOT.jar:?]
	at org.apache.hadoop.ozone.om.KeyManagerImpl.getFileStatus(KeyManagerImpl.java:1080) ~[ozone-manager-1.4.0-SNAPSHOT.jar:?]
	at org.apache.hadoop.ozone.om.OmMetadataReader.getFileStatus(OmMetadataReader.java:288) ~[ozone-manager-1.4.0-SNAPSHOT.jar:?]
	at org.apache.hadoop.ozone.om.OzoneManager.getFileStatus(OzoneManager.java:3449) ~[ozone-manager-1.4.0-SNAPSHOT.jar:?]
	at org.apache.hadoop.ozone.protocolPB.OzoneManagerRequestHandler.getOzoneFileStatus(OzoneManagerRequestHandler.java:933) ~[ozone-manager-1.4.0-SNAPSHOT.jar:?]
	at org.apache.hadoop.ozone.protocolPB.OzoneManagerRequestHandler.handleReadRequest(OzoneManagerRequestHandler.java:238) ~[ozone-manager-1.4.0-SNAPSHOT.jar:?]
	at org.apache.hadoop.ozone.protocolPB.OzoneManagerProtocolServerSideTranslatorPB.submitReadRequestToOM(OzoneManagerProtocolServerSideTranslatorPB.java:223) ~[ozone-manager-1.4.0-SNAPSHOT.jar:?]
	at org.apache.hadoop.ozone.protocolPB.OzoneManagerProtocolServerSideTranslatorPB.processRequest(OzoneManagerProtocolServerSideTranslatorPB.java:177) ~[ozone-manager-1.4.0-SNAPSHOT.jar:?]
	at org.apache.hadoop.hdds.server.OzoneProtocolMessageDispatcher.processRequest(OzoneProtocolMessageDispatcher.java:87) [hdds-server-framework-1.4.0-SNAPSHOT.jar:?]
	at org.apache.hadoop.ozone.protocolPB.OzoneManagerProtocolServerSideTranslatorPB.submitRequest(OzoneManagerProtocolServerSideTranslatorPB.java:147) [ozone-manager-1.4.0-SNAPSHOT.jar:?]
	at org.apache.hadoop.ozone.protocol.proto.OzoneManagerProtocolProtos$OzoneManagerService$2.callBlockingMethod(OzoneManagerProtocolProtos.java) [ozone-interface-client-1.4.0-SNAPSHOT.jar:?]
	at org.apache.hadoop.ipc.ProtobufRpcEngine$Server.processCall(ProtobufRpcEngine.java:465) [hadoop-common-3.3.4.jar:?]
	at org.apache.hadoop.ipc.ProtobufRpcEngine2$Server$ProtoBufRpcInvoker.call(ProtobufRpcEngine2.java:578) [hadoop-common-3.3.4.jar:?]
	at org.apache.hadoop.ipc.ProtobufRpcEngine2$Server$ProtoBufRpcInvoker.call(ProtobufRpcEngine2.java:556) [hadoop-common-3.3.4.jar:?]
	at org.apache.hadoop.ipc.RPC$Server.call(RPC.java:1093) [hadoop-common-3.3.4.jar:?]
	at org.apache.hadoop.ipc.Server$RpcCall.run(Server.java:1043) [hadoop-common-3.3.4.jar:?]
	at org.apache.hadoop.ipc.Server$RpcCall.run(Server.java:971) [hadoop-common-3.3.4.jar:?]
	at java.security.AccessController.doPrivileged(Native Method) ~[?:1.8.0_362]
	at javax.security.auth.Subject.doAs(Subject.java:422) [?:1.8.0_362]
	at org.apache.hadoop.security.UserGroupInformation.doAs(UserGroupInformation.java:1878) [hadoop-common-3.3.4.jar:?]
	at org.apache.hadoop.ipc.Server$Handler.run(Server.java:2976) [hadoop-common-3.3.4.jar:?]
08:17:31.534 [IPC Server handler 2 on default port 34711] ERROR OMAudit - user=runner | ip=127.0.0.1 | op=GET_FILE_STATUS {volume=volume67802, bucket=bucket15311, key=testBatchDelete/parent/child3, dataSize=0, replicationConfig=null} | ret=FAILURE
org.apache.hadoop.ozone.om.exceptions.OMException: Unable to get file status: volume: volume67802 bucket: bucket15311 key: testBatchDelete/parent/child3
	at org.apache.hadoop.ozone.om.KeyManagerImpl.getOzoneFileStatus(KeyManagerImpl.java:1162) ~[ozone-manager-1.4.0-SNAPSHOT.jar:?]
	at org.apache.hadoop.ozone.om.KeyManagerImpl.getFileStatus(KeyManagerImpl.java:1080) ~[ozone-manager-1.4.0-SNAPSHOT.jar:?]
	at org.apache.hadoop.ozone.om.OmMetadataReader.getFileStatus(OmMetadataReader.java:288) ~[ozone-manager-1.4.0-SNAPSHOT.jar:?]
	at org.apache.hadoop.ozone.om.OzoneManager.getFileStatus(OzoneManager.java:3449) ~[ozone-manager-1.4.0-SNAPSHOT.jar:?]
	at org.apache.hadoop.ozone.protocolPB.OzoneManagerRequestHandler.getOzoneFileStatus(OzoneManagerRequestHandler.java:933) ~[ozone-manager-1.4.0-SNAPSHOT.jar:?]
	at org.apache.hadoop.ozone.protocolPB.OzoneManagerRequestHandler.handleReadRequest(OzoneManagerRequestHandler.java:238) ~[ozone-manager-1.4.0-SNAPSHOT.jar:?]
	at org.apache.hadoop.ozone.protocolPB.OzoneManagerProtocolServerSideTranslatorPB.submitReadRequestToOM(OzoneManagerProtocolServerSideTranslatorPB.java:223) ~[ozone-manager-1.4.0-SNAPSHOT.jar:?]
	at org.apache.hadoop.ozone.protocolPB.OzoneManagerProtocolServerSideTranslatorPB.processRequest(OzoneManagerProtocolServerSideTranslatorPB.java:177) ~[ozone-manager-1.4.0-SNAPSHOT.jar:?]
	at org.apache.hadoop.hdds.server.OzoneProtocolMessageDispatcher.processRequest(OzoneProtocolMessageDispatcher.java:87) [hdds-server-framework-1.4.0-SNAPSHOT.jar:?]
	at org.apache.hadoop.ozone.protocolPB.OzoneManagerProtocolServerSideTranslatorPB.submitRequest(OzoneManagerProtocolServerSideTranslatorPB.java:147) [ozone-manager-1.4.0-SNAPSHOT.jar:?]
	at org.apache.hadoop.ozone.protocol.proto.OzoneManagerProtocolProtos$OzoneManagerService$2.callBlockingMethod(OzoneManagerProtocolProtos.java) [ozone-interface-client-1.4.0-SNAPSHOT.jar:?]
	at org.apache.hadoop.ipc.ProtobufRpcEngine$Server.processCall(ProtobufRpcEngine.java:465) [hadoop-common-3.3.4.jar:?]
	at org.apache.hadoop.ipc.ProtobufRpcEngine2$Server$ProtoBufRpcInvoker.call(ProtobufRpcEngine2.java:578) [hadoop-common-3.3.4.jar:?]
	at org.apache.hadoop.ipc.ProtobufRpcEngine2$Server$ProtoBufRpcInvoker.call(ProtobufRpcEngine2.java:556) [hadoop-common-3.3.4.jar:?]
	at org.apache.hadoop.ipc.RPC$Server.call(RPC.java:1093) [hadoop-common-3.3.4.jar:?]
	at org.apache.hadoop.ipc.Server$RpcCall.run(Server.java:1043) [hadoop-common-3.3.4.jar:?]
	at org.apache.hadoop.ipc.Server$RpcCall.run(Server.java:971) [hadoop-common-3.3.4.jar:?]
	at java.security.AccessController.doPrivileged(Native Method) ~[?:1.8.0_362]
	at javax.security.auth.Subject.doAs(Subject.java:422) [?:1.8.0_362]
	at org.apache.hadoop.security.UserGroupInformation.doAs(UserGroupInformation.java:1878) [hadoop-common-3.3.4.jar:?]
	at org.apache.hadoop.ipc.Server$Handler.run(Server.java:2976) [hadoop-common-3.3.4.jar:?]
08:17:31.535 [IPC Server handler 1 on default port 34711] ERROR OMAudit - user=runner | ip=127.0.0.1 | op=GET_FILE_STATUS {volume=volume67802, bucket=bucket15311, key=testBatchDelete/parent/childFolder/child3, dataSize=0, replicationConfig=null} | ret=FAILURE
org.apache.hadoop.ozone.om.exceptions.OMException: Unable to get file status: volume: volume67802 bucket: bucket15311 key: testBatchDelete/parent/childFolder/child3
	at org.apache.hadoop.ozone.om.KeyManagerImpl.getOzoneFileStatus(KeyManagerImpl.java:1162) ~[ozone-manager-1.4.0-SNAPSHOT.jar:?]
	at org.apache.hadoop.ozone.om.KeyManagerImpl.getFileStatus(KeyManagerImpl.java:1080) ~[ozone-manager-1.4.0-SNAPSHOT.jar:?]
	at org.apache.hadoop.ozone.om.OmMetadataReader.getFileStatus(OmMetadataReader.java:288) ~[ozone-manager-1.4.0-SNAPSHOT.jar:?]
	at org.apache.hadoop.ozone.om.OzoneManager.getFileStatus(OzoneManager.java:3449) ~[ozone-manager-1.4.0-SNAPSHOT.jar:?]
	at org.apache.hadoop.ozone.protocolPB.OzoneManagerRequestHandler.getOzoneFileStatus(OzoneManagerRequestHandler.java:933) ~[ozone-manager-1.4.0-SNAPSHOT.jar:?]
	at org.apache.hadoop.ozone.protocolPB.OzoneManagerRequestHandler.handleReadRequest(OzoneManagerRequestHandler.java:238) ~[ozone-manager-1.4.0-SNAPSHOT.jar:?]
	at org.apache.hadoop.ozone.protocolPB.OzoneManagerProtocolServerSideTranslatorPB.submitReadRequestToOM(OzoneManagerProtocolServerSideTranslatorPB.java:223) ~[ozone-manager-1.4.0-SNAPSHOT.jar:?]
	at org.apache.hadoop.ozone.protocolPB.OzoneManagerProtocolServerSideTranslatorPB.processRequest(OzoneManagerProtocolServerSideTranslatorPB.java:177) ~[ozone-manager-1.4.0-SNAPSHOT.jar:?]
	at org.apache.hadoop.hdds.server.OzoneProtocolMessageDispatcher.processRequest(OzoneProtocolMessageDispatcher.java:87) [hdds-server-framework-1.4.0-SNAPSHOT.jar:?]
	at org.apache.hadoop.ozone.protocolPB.OzoneManagerProtocolServerSideTranslatorPB.submitRequest(OzoneManagerProtocolServerSideTranslatorPB.java:147) [ozone-manager-1.4.0-SNAPSHOT.jar:?]
	at org.apache.hadoop.ozone.protocol.proto.OzoneManagerProtocolProtos$OzoneManagerService$2.callBlockingMethod(OzoneManagerProtocolProtos.java) [ozone-interface-client-1.4.0-SNAPSHOT.jar:?]
	at org.apache.hadoop.ipc.ProtobufRpcEngine$Server.processCall(ProtobufRpcEngine.java:465) [hadoop-common-3.3.4.jar:?]
	at org.apache.hadoop.ipc.ProtobufRpcEngine2$Server$ProtoBufRpcInvoker.call(ProtobufRpcEngine2.java:578) [hadoop-common-3.3.4.jar:?]
	at org.apache.hadoop.ipc.ProtobufRpcEngine2$Server$ProtoBufRpcInvoker.call(ProtobufRpcEngine2.java:556) [hadoop-common-3.3.4.jar:?]
	at org.apache.hadoop.ipc.RPC$Server.call(RPC.java:1093) [hadoop-common-3.3.4.jar:?]
	at org.apache.hadoop.ipc.Server$RpcCall.run(Server.java:1043) [hadoop-common-3.3.4.jar:?]
	at org.apache.hadoop.ipc.Server$RpcCall.run(Server.java:971) [hadoop-common-3.3.4.jar:?]
	at java.security.AccessController.doPrivileged(Native Method) ~[?:1.8.0_362]
	at javax.security.auth.Subject.doAs(Subject.java:422) [?:1.8.0_362]
	at org.apache.hadoop.security.UserGroupInformation.doAs(UserGroupInformation.java:1878) [hadoop-common-3.3.4.jar:?]
	at org.apache.hadoop.ipc.Server$Handler.run(Server.java:2976) [hadoop-common-3.3.4.jar:?]
08:17:31.536 [IPC Server handler 3 on default port 34711] ERROR OMAudit - user=runner | ip=127.0.0.1 | op=GET_FILE_STATUS {volume=volume67802, bucket=bucket15311, key=testBatchDelete/parent/child4, dataSize=0, replicationConfig=null} | ret=FAILURE
org.apache.hadoop.ozone.om.exceptions.OMException: Unable to get file status: volume: volume67802 bucket: bucket15311 key: testBatchDelete/parent/child4
	at org.apache.hadoop.ozone.om.KeyManagerImpl.getOzoneFileStatus(KeyManagerImpl.java:1162) ~[ozone-manager-1.4.0-SNAPSHOT.jar:?]
	at org.apache.hadoop.ozone.om.KeyManagerImpl.getFileStatus(KeyManagerImpl.java:1080) ~[ozone-manager-1.4.0-SNAPSHOT.jar:?]
	at org.apache.hadoop.ozone.om.OmMetadataReader.getFileStatus(OmMetadataReader.java:288) ~[ozone-manager-1.4.0-SNAPSHOT.jar:?]
	at org.apache.hadoop.ozone.om.OzoneManager.getFileStatus(OzoneManager.java:3449) ~[ozone-manager-1.4.0-SNAPSHOT.jar:?]
	at org.apache.hadoop.ozone.protocolPB.OzoneManagerRequestHandler.getOzoneFileStatus(OzoneManagerRequestHandler.java:933) ~[ozone-manager-1.4.0-SNAPSHOT.jar:?]
	at org.apache.hadoop.ozone.protocolPB.OzoneManagerRequestHandler.handleReadRequest(OzoneManagerRequestHandler.java:238) ~[ozone-manager-1.4.0-SNAPSHOT.jar:?]
	at org.apache.hadoop.ozone.protocolPB.OzoneManagerProtocolServerSideTranslatorPB.submitReadRequestToOM(OzoneManagerProtocolServerSideTranslatorPB.java:223) ~[ozone-manager-1.4.0-SNAPSHOT.jar:?]
	at org.apache.hadoop.ozone.protocolPB.OzoneManagerProtocolServerSideTranslatorPB.processRequest(OzoneManagerProtocolServerSideTranslatorPB.java:177) ~[ozone-manager-1.4.0-SNAPSHOT.jar:?]
	at org.apache.hadoop.hdds.server.OzoneProtocolMessageDispatcher.processRequest(OzoneProtocolMessageDispatcher.java:87) [hdds-server-framework-1.4.0-SNAPSHOT.jar:?]
	at org.apache.hadoop.ozone.protocolPB.OzoneManagerProtocolServerSideTranslatorPB.submitRequest(OzoneManagerProtocolServerSideTranslatorPB.java:147) [ozone-manager-1.4.0-SNAPSHOT.jar:?]
	at org.apache.hadoop.ozone.protocol.proto.OzoneManagerProtocolProtos$OzoneManagerService$2.callBlockingMethod(OzoneManagerProtocolProtos.java) [ozone-interface-client-1.4.0-SNAPSHOT.jar:?]
	at org.apache.hadoop.ipc.ProtobufRpcEngine$Server.processCall(ProtobufRpcEngine.java:465) [hadoop-common-3.3.4.jar:?]
	at org.apache.hadoop.ipc.ProtobufRpcEngine2$Server$ProtoBufRpcInvoker.call(ProtobufRpcEngine2.java:578) [hadoop-common-3.3.4.jar:?]
	at org.apache.hadoop.ipc.ProtobufRpcEngine2$Server$ProtoBufRpcInvoker.call(ProtobufRpcEngine2.java:556) [hadoop-common-3.3.4.jar:?]
	at org.apache.hadoop.ipc.RPC$Server.call(RPC.java:1093) [hadoop-common-3.3.4.jar:?]
	at org.apache.hadoop.ipc.Server$RpcCall.run(Server.java:1043) [hadoop-common-3.3.4.jar:?]
	at org.apache.hadoop.ipc.Server$RpcCall.run(Server.java:971) [hadoop-common-3.3.4.jar:?]
	at java.security.AccessController.doPrivileged(Native Method) ~[?:1.8.0_362]
	at javax.security.auth.Subject.doAs(Subject.java:422) [?:1.8.0_362]
	at org.apache.hadoop.security.UserGroupInformation.doAs(UserGroupInformation.java:1878) [hadoop-common-3.3.4.jar:?]
	at org.apache.hadoop.ipc.Server$Handler.run(Server.java:2976) [hadoop-common-3.3.4.jar:?]
08:17:31.537 [IPC Server handler 4 on default port 34711] ERROR OMAudit - user=runner | ip=127.0.0.1 | op=GET_FILE_STATUS {volume=volume67802, bucket=bucket15311, key=testBatchDelete/parent/childFolder/child4, dataSize=0, replicationConfig=null} | ret=FAILURE
org.apache.hadoop.ozone.om.exceptions.OMException: Unable to get file status: volume: volume67802 bucket: bucket15311 key: testBatchDelete/parent/childFolder/child4
	at org.apache.hadoop.ozone.om.KeyManagerImpl.getOzoneFileStatus(KeyManagerImpl.java:1162) ~[ozone-manager-1.4.0-SNAPSHOT.jar:?]
	at org.apache.hadoop.ozone.om.KeyManagerImpl.getFileStatus(KeyManagerImpl.java:1080) ~[ozone-manager-1.4.0-SNAPSHOT.jar:?]
	at org.apache.hadoop.ozone.om.OmMetadataReader.getFileStatus(OmMetadataReader.java:288) ~[ozone-manager-1.4.0-SNAPSHOT.jar:?]
	at org.apache.hadoop.ozone.om.OzoneManager.getFileStatus(OzoneManager.java:3449) ~[ozone-manager-1.4.0-SNAPSHOT.jar:?]
	at org.apache.hadoop.ozone.protocolPB.OzoneManagerRequestHandler.getOzoneFileStatus(OzoneManagerRequestHandler.java:933) ~[ozone-manager-1.4.0-SNAPSHOT.jar:?]
	at org.apache.hadoop.ozone.protocolPB.OzoneManagerRequestHandler.handleReadRequest(OzoneManagerRequestHandler.java:238) ~[ozone-manager-1.4.0-SNAPSHOT.jar:?]
	at org.apache.hadoop.ozone.protocolPB.OzoneManagerProtocolServerSideTranslatorPB.submitReadRequestToOM(OzoneManagerProtocolServerSideTranslatorPB.java:223) ~[ozone-manager-1.4.0-SNAPSHOT.jar:?]
	at org.apache.hadoop.ozone.protocolPB.OzoneManagerProtocolServerSideTranslatorPB.processRequest(OzoneManagerProtocolServerSideTranslatorPB.java:177) ~[ozone-manager-1.4.0-SNAPSHOT.jar:?]
	at org.apache.hadoop.hdds.server.OzoneProtocolMessageDispatcher.processRequest(OzoneProtocolMessageDispatcher.java:87) [hdds-server-framework-1.4.0-SNAPSHOT.jar:?]
	at org.apache.hadoop.ozone.protocolPB.OzoneManagerProtocolServerSideTranslatorPB.submitRequest(OzoneManagerProtocolServerSideTranslatorPB.java:147) [ozone-manager-1.4.0-SNAPSHOT.jar:?]
	at org.apache.hadoop.ozone.protocol.proto.OzoneManagerProtocolProtos$OzoneManagerService$2.callBlockingMethod(OzoneManagerProtocolProtos.java) [ozone-interface-client-1.4.0-SNAPSHOT.jar:?]
	at org.apache.hadoop.ipc.ProtobufRpcEngine$Server.processCall(ProtobufRpcEngine.java:465) [hadoop-common-3.3.4.jar:?]
	at org.apache.hadoop.ipc.ProtobufRpcEngine2$Server$ProtoBufRpcInvoker.call(ProtobufRpcEngine2.java:578) [hadoop-common-3.3.4.jar:?]
	at org.apache.hadoop.ipc.ProtobufRpcEngine2$Server$ProtoBufRpcInvoker.call(ProtobufRpcEngine2.java:556) [hadoop-common-3.3.4.jar:?]
	at org.apache.hadoop.ipc.RPC$Server.call(RPC.java:1093) [hadoop-common-3.3.4.jar:?]
	at org.apache.hadoop.ipc.Server$RpcCall.run(Server.java:1043) [hadoop-common-3.3.4.jar:?]
	at org.apache.hadoop.ipc.Server$RpcCall.run(Server.java:971) [hadoop-common-3.3.4.jar:?]
	at java.security.AccessController.doPrivileged(Native Method) ~[?:1.8.0_362]
	at javax.security.auth.Subject.doAs(Subject.java:422) [?:1.8.0_362]
	at org.apache.hadoop.security.UserGroupInformation.doAs(UserGroupInformation.java:1878) [hadoop-common-3.3.4.jar:?]
	at org.apache.hadoop.ipc.Server$Handler.run(Server.java:2976) [hadoop-common-3.3.4.jar:?]
08:17:31.538 [IPC Server handler 5 on default port 34711] ERROR OMAudit - user=runner | ip=127.0.0.1 | op=GET_FILE_STATUS {volume=volume67802, bucket=bucket15311, key=testBatchDelete/parent/child5, dataSize=0, replicationConfig=null} | ret=FAILURE
org.apache.hadoop.ozone.om.exceptions.OMException: Unable to get file status: volume: volume67802 bucket: bucket15311 key: testBatchDelete/parent/child5
	at org.apache.hadoop.ozone.om.KeyManagerImpl.getOzoneFileStatus(KeyManagerImpl.java:1162) ~[ozone-manager-1.4.0-SNAPSHOT.jar:?]
	at org.apache.hadoop.ozone.om.KeyManagerImpl.getFileStatus(KeyManagerImpl.java:1080) ~[ozone-manager-1.4.0-SNAPSHOT.jar:?]
	at org.apache.hadoop.ozone.om.OmMetadataReader.getFileStatus(OmMetadataReader.java:288) ~[ozone-manager-1.4.0-SNAPSHOT.jar:?]
	at org.apache.hadoop.ozone.om.OzoneManager.getFileStatus(OzoneManager.java:3449) ~[ozone-manager-1.4.0-SNAPSHOT.jar:?]
	at org.apache.hadoop.ozone.protocolPB.OzoneManagerRequestHandler.getOzoneFileStatus(OzoneManagerRequestHandler.java:933) ~[ozone-manager-1.4.0-SNAPSHOT.jar:?]
	at org.apache.hadoop.ozone.protocolPB.OzoneManagerRequestHandler.handleReadRequest(OzoneManagerRequestHandler.java:238) ~[ozone-manager-1.4.0-SNAPSHOT.jar:?]
	at org.apache.hadoop.ozone.protocolPB.OzoneManagerProtocolServerSideTranslatorPB.submitReadRequestToOM(OzoneManagerProtocolServerSideTranslatorPB.java:223) ~[ozone-manager-1.4.0-SNAPSHOT.jar:?]
	at org.apache.hadoop.ozone.protocolPB.OzoneManagerProtocolServerSideTranslatorPB.processRequest(OzoneManagerProtocolServerSideTranslatorPB.java:177) ~[ozone-manager-1.4.0-SNAPSHOT.jar:?]
	at org.apache.hadoop.hdds.server.OzoneProtocolMessageDispatcher.processRequest(OzoneProtocolMessageDispatcher.java:87) [hdds-server-framework-1.4.0-SNAPSHOT.jar:?]
	at org.apache.hadoop.ozone.protocolPB.OzoneManagerProtocolServerSideTranslatorPB.submitRequest(OzoneManagerProtocolServerSideTranslatorPB.java:147) [ozone-manager-1.4.0-SNAPSHOT.jar:?]
	at org.apache.hadoop.ozone.protocol.proto.OzoneManagerProtocolProtos$OzoneManagerService$2.callBlockingMethod(OzoneManagerProtocolProtos.java) [ozone-interface-client-1.4.0-SNAPSHOT.jar:?]
	at org.apache.hadoop.ipc.ProtobufRpcEngine$Server.processCall(ProtobufRpcEngine.java:465) [hadoop-common-3.3.4.jar:?]
	at org.apache.hadoop.ipc.ProtobufRpcEngine2$Server$ProtoBufRpcInvoker.call(ProtobufRpcEngine2.java:578) [hadoop-common-3.3.4.jar:?]
	at org.apache.hadoop.ipc.ProtobufRpcEngine2$Server$ProtoBufRpcInvoker.call(ProtobufRpcEngine2.java:556) [hadoop-common-3.3.4.jar:?]
	at org.apache.hadoop.ipc.RPC$Server.call(RPC.java:1093) [hadoop-common-3.3.4.jar:?]
	at org.apache.hadoop.ipc.Server$RpcCall.run(Server.java:1043) [hadoop-common-3.3.4.jar:?]
	at org.apache.hadoop.ipc.Server$RpcCall.run(Server.java:971) [hadoop-common-3.3.4.jar:?]
	at java.security.AccessController.doPrivileged(Native Method) ~[?:1.8.0_362]
	at javax.security.auth.Subject.doAs(Subject.java:422) [?:1.8.0_362]
	at org.apache.hadoop.security.UserGroupInformation.doAs(UserGroupInformation.java:1878) [hadoop-common-3.3.4.jar:?]
	at org.apache.hadoop.ipc.Server$Handler.run(Server.java:2976) [hadoop-common-3.3.4.jar:?]
08:17:31.539 [IPC Server handler 6 on default port 34711] ERROR OMAudit - user=runner | ip=127.0.0.1 | op=GET_FILE_STATUS {volume=volume67802, bucket=bucket15311, key=testBatchDelete/parent/childFolder/child5, dataSize=0, replicationConfig=null} | ret=FAILURE
org.apache.hadoop.ozone.om.exceptions.OMException: Unable to get file status: volume: volume67802 bucket: bucket15311 key: testBatchDelete/parent/childFolder/child5
	at org.apache.hadoop.ozone.om.KeyManagerImpl.getOzoneFileStatus(KeyManagerImpl.java:1162) ~[ozone-manager-1.4.0-SNAPSHOT.jar:?]
	at org.apache.hadoop.ozone.om.KeyManagerImpl.getFileStatus(KeyManagerImpl.java:1080) ~[ozone-manager-1.4.0-SNAPSHOT.jar:?]
	at org.apache.hadoop.ozone.om.OmMetadataReader.getFileStatus(OmMetadataReader.java:288) ~[ozone-manager-1.4.0-SNAPSHOT.jar:?]
	at org.apache.hadoop.ozone.om.OzoneManager.getFileStatus(OzoneManager.java:3449) ~[ozone-manager-1.4.0-SNAPSHOT.jar:?]
	at org.apache.hadoop.ozone.protocolPB.OzoneManagerRequestHandler.getOzoneFileStatus(OzoneManagerRequestHandler.java:933) ~[ozone-manager-1.4.0-SNAPSHOT.jar:?]
	at org.apache.hadoop.ozone.protocolPB.OzoneManagerRequestHandler.handleReadRequest(OzoneManagerRequestHandler.java:238) ~[ozone-manager-1.4.0-SNAPSHOT.jar:?]
	at org.apache.hadoop.ozone.protocolPB.OzoneManagerProtocolServerSideTranslatorPB.submitReadRequestToOM(OzoneManagerProtocolServerSideTranslatorPB.java:223) ~[ozone-manager-1.4.0-SNAPSHOT.jar:?]
	at org.apache.hadoop.ozone.protocolPB.OzoneManagerProtocolServerSideTranslatorPB.processRequest(OzoneManagerProtocolServerSideTranslatorPB.java:177) ~[ozone-manager-1.4.0-SNAPSHOT.jar:?]
	at org.apache.hadoop.hdds.server.OzoneProtocolMessageDispatcher.processRequest(OzoneProtocolMessageDispatcher.java:87) [hdds-server-framework-1.4.0-SNAPSHOT.jar:?]
	at org.apache.hadoop.ozone.protocolPB.OzoneManagerProtocolServerSideTranslatorPB.submitRequest(OzoneManagerProtocolServerSideTranslatorPB.java:147) [ozone-manager-1.4.0-SNAPSHOT.jar:?]
	at org.apache.hadoop.ozone.protocol.proto.OzoneManagerProtocolProtos$OzoneManagerService$2.callBlockingMethod(OzoneManagerProtocolProtos.java) [ozone-interface-client-1.4.0-SNAPSHOT.jar:?]
	at org.apache.hadoop.ipc.ProtobufRpcEngine$Server.processCall(ProtobufRpcEngine.java:465) [hadoop-common-3.3.4.jar:?]
	at org.apache.hadoop.ipc.ProtobufRpcEngine2$Server$ProtoBufRpcInvoker.call(ProtobufRpcEngine2.java:578) [hadoop-common-3.3.4.jar:?]
	at org.apache.hadoop.ipc.ProtobufRpcEngine2$Server$ProtoBufRpcInvoker.call(ProtobufRpcEngine2.java:556) [hadoop-common-3.3.4.jar:?]
	at org.apache.hadoop.ipc.RPC$Server.call(RPC.java:1093) [hadoop-common-3.3.4.jar:?]
	at org.apache.hadoop.ipc.Server$RpcCall.run(Server.java:1043) [hadoop-common-3.3.4.jar:?]
	at org.apache.hadoop.ipc.Server$RpcCall.run(Server.java:971) [hadoop-common-3.3.4.jar:?]
	at java.security.AccessController.doPrivileged(Native Method) ~[?:1.8.0_362]
	at javax.security.auth.Subject.doAs(Subject.java:422) [?:1.8.0_362]
	at org.apache.hadoop.security.UserGroupInformation.doAs(UserGroupInformation.java:1878) [hadoop-common-3.3.4.jar:?]
	at org.apache.hadoop.ipc.Server$Handler.run(Server.java:2976) [hadoop-common-3.3.4.jar:?]
08:17:31.540 [IPC Server handler 7 on default port 34711] ERROR OMAudit - user=runner | ip=127.0.0.1 | op=GET_FILE_STATUS {volume=volume67802, bucket=bucket15311, key=testBatchDelete/parent/child6, dataSize=0, replicationConfig=null} | ret=FAILURE
org.apache.hadoop.ozone.om.exceptions.OMException: Unable to get file status: volume: volume67802 bucket: bucket15311 key: testBatchDelete/parent/child6
	at org.apache.hadoop.ozone.om.KeyManagerImpl.getOzoneFileStatus(KeyManagerImpl.java:1162) ~[ozone-manager-1.4.0-SNAPSHOT.jar:?]
	at org.apache.hadoop.ozone.om.KeyManagerImpl.getFileStatus(KeyManagerImpl.java:1080) ~[ozone-manager-1.4.0-SNAPSHOT.jar:?]
	at org.apache.hadoop.ozone.om.OmMetadataReader.getFileStatus(OmMetadataReader.java:288) ~[ozone-manager-1.4.0-SNAPSHOT.jar:?]
	at org.apache.hadoop.ozone.om.OzoneManager.getFileStatus(OzoneManager.java:3449) ~[ozone-manager-1.4.0-SNAPSHOT.jar:?]
	at org.apache.hadoop.ozone.protocolPB.OzoneManagerRequestHandler.getOzoneFileStatus(OzoneManagerRequestHandler.java:933) ~[ozone-manager-1.4.0-SNAPSHOT.jar:?]
	at org.apache.hadoop.ozone.protocolPB.OzoneManagerRequestHandler.handleReadRequest(OzoneManagerRequestHandler.java:238) ~[ozone-manager-1.4.0-SNAPSHOT.jar:?]
	at org.apache.hadoop.ozone.protocolPB.OzoneManagerProtocolServerSideTranslatorPB.submitReadRequestToOM(OzoneManagerProtocolServerSideTranslatorPB.java:223) ~[ozone-manager-1.4.0-SNAPSHOT.jar:?]
	at org.apache.hadoop.ozone.protocolPB.OzoneManagerProtocolServerSideTranslatorPB.processRequest(OzoneManagerProtocolServerSideTranslatorPB.java:177) ~[ozone-manager-1.4.0-SNAPSHOT.jar:?]
	at org.apache.hadoop.hdds.server.OzoneProtocolMessageDispatcher.processRequest(OzoneProtocolMessageDispatcher.java:87) [hdds-server-framework-1.4.0-SNAPSHOT.jar:?]
	at org.apache.hadoop.ozone.protocolPB.OzoneManagerProtocolServerSideTranslatorPB.submitRequest(OzoneManagerProtocolServerSideTranslatorPB.java:147) [ozone-manager-1.4.0-SNAPSHOT.jar:?]
	at org.apache.hadoop.ozone.protocol.proto.OzoneManagerProtocolProtos$OzoneManagerService$2.callBlockingMethod(OzoneManagerProtocolProtos.java) [ozone-interface-client-1.4.0-SNAPSHOT.jar:?]
	at org.apache.hadoop.ipc.ProtobufRpcEngine$Server.processCall(ProtobufRpcEngine.java:465) [hadoop-common-3.3.4.jar:?]
	at org.apache.hadoop.ipc.ProtobufRpcEngine2$Server$ProtoBufRpcInvoker.call(ProtobufRpcEngine2.java:578) [hadoop-common-3.3.4.jar:?]
	at org.apache.hadoop.ipc.ProtobufRpcEngine2$Server$ProtoBufRpcInvoker.call(ProtobufRpcEngine2.java:556) [hadoop-common-3.3.4.jar:?]
	at org.apache.hadoop.ipc.RPC$Server.call(RPC.java:1093) [hadoop-common-3.3.4.jar:?]
	at org.apache.hadoop.ipc.Server$RpcCall.run(Server.java:1043) [hadoop-common-3.3.4.jar:?]
	at org.apache.hadoop.ipc.Server$RpcCall.run(Server.java:971) [hadoop-common-3.3.4.jar:?]
	at java.security.AccessController.doPrivileged(Native Method) ~[?:1.8.0_362]
	at javax.security.auth.Subject.doAs(Subject.java:422) [?:1.8.0_362]
	at org.apache.hadoop.security.UserGroupInformation.doAs(UserGroupInformation.java:1878) [hadoop-common-3.3.4.jar:?]
	at org.apache.hadoop.ipc.Server$Handler.run(Server.java:2976) [hadoop-common-3.3.4.jar:?]
08:17:31.541 [IPC Server handler 8 on default port 34711] ERROR OMAudit - user=runner | ip=127.0.0.1 | op=GET_FILE_STATUS {volume=volume67802, bucket=bucket15311, key=testBatchDelete/parent/childFolder/child6, dataSize=0, replicationConfig=null} | ret=FAILURE
org.apache.hadoop.ozone.om.exceptions.OMException: Unable to get file status: volume: volume67802 bucket: bucket15311 key: testBatchDelete/parent/childFolder/child6
	at org.apache.hadoop.ozone.om.KeyManagerImpl.getOzoneFileStatus(KeyManagerImpl.java:1162) ~[ozone-manager-1.4.0-SNAPSHOT.jar:?]
	at org.apache.hadoop.ozone.om.KeyManagerImpl.getFileStatus(KeyManagerImpl.java:1080) ~[ozone-manager-1.4.0-SNAPSHOT.jar:?]
	at org.apache.hadoop.ozone.om.OmMetadataReader.getFileStatus(OmMetadataReader.java:288) ~[ozone-manager-1.4.0-SNAPSHOT.jar:?]
	at org.apache.hadoop.ozone.om.OzoneManager.getFileStatus(OzoneManager.java:3449) ~[ozone-manager-1.4.0-SNAPSHOT.jar:?]
	at org.apache.hadoop.ozone.protocolPB.OzoneManagerRequestHandler.getOzoneFileStatus(OzoneManagerRequestHandler.java:933) ~[ozone-manager-1.4.0-SNAPSHOT.jar:?]
	at org.apache.hadoop.ozone.protocolPB.OzoneManagerRequestHandler.handleReadRequest(OzoneManagerRequestHandler.java:238) ~[ozone-manager-1.4.0-SNAPSHOT.jar:?]
	at org.apache.hadoop.ozone.protocolPB.OzoneManagerProtocolServerSideTranslatorPB.submitReadRequestToOM(OzoneManagerProtocolServerSideTranslatorPB.java:223) ~[ozone-manager-1.4.0-SNAPSHOT.jar:?]
	at org.apache.hadoop.ozone.protocolPB.OzoneManagerProtocolServerSideTranslatorPB.processRequest(OzoneManagerProtocolServerSideTranslatorPB.java:177) ~[ozone-manager-1.4.0-SNAPSHOT.jar:?]
	at org.apache.hadoop.hdds.server.OzoneProtocolMessageDispatcher.processRequest(OzoneProtocolMessageDispatcher.java:87) [hdds-server-framework-1.4.0-SNAPSHOT.jar:?]
	at org.apache.hadoop.ozone.protocolPB.OzoneManagerProtocolServerSideTranslatorPB.submitRequest(OzoneManagerProtocolServerSideTranslatorPB.java:147) [ozone-manager-1.4.0-SNAPSHOT.jar:?]
	at org.apache.hadoop.ozone.protocol.proto.OzoneManagerProtocolProtos$OzoneManagerService$2.callBlockingMethod(OzoneManagerProtocolProtos.java) [ozone-interface-client-1.4.0-SNAPSHOT.jar:?]
	at org.apache.hadoop.ipc.ProtobufRpcEngine$Server.processCall(ProtobufRpcEngine.java:465) [hadoop-common-3.3.4.jar:?]
	at org.apache.hadoop.ipc.ProtobufRpcEngine2$Server$ProtoBufRpcInvoker.call(ProtobufRpcEngine2.java:578) [hadoop-common-3.3.4.jar:?]
	at org.apache.hadoop.ipc.ProtobufRpcEngine2$Server$ProtoBufRpcInvoker.call(ProtobufRpcEngine2.java:556) [hadoop-common-3.3.4.jar:?]
	at org.apache.hadoop.ipc.RPC$Server.call(RPC.java:1093) [hadoop-common-3.3.4.jar:?]
	at org.apache.hadoop.ipc.Server$RpcCall.run(Server.java:1043) [hadoop-common-3.3.4.jar:?]
	at org.apache.hadoop.ipc.Server$RpcCall.run(Server.java:971) [hadoop-common-3.3.4.jar:?]
	at java.security.AccessController.doPrivileged(Native Method) ~[?:1.8.0_362]
	at javax.security.auth.Subject.doAs(Subject.java:422) [?:1.8.0_362]
	at org.apache.hadoop.security.UserGroupInformation.doAs(UserGroupInformation.java:1878) [hadoop-common-3.3.4.jar:?]
	at org.apache.hadoop.ipc.Server$Handler.run(Server.java:2976) [hadoop-common-3.3.4.jar:?]
08:17:31.542 [IPC Server handler 9 on default port 34711] ERROR OMAudit - user=runner | ip=127.0.0.1 | op=GET_FILE_STATUS {volume=volume67802, bucket=bucket15311, key=testBatchDelete/parent/child7, dataSize=0, replicationConfig=null} | ret=FAILURE
org.apache.hadoop.ozone.om.exceptions.OMException: Unable to get file status: volume: volume67802 bucket: bucket15311 key: testBatchDelete/parent/child7
	at org.apache.hadoop.ozone.om.KeyManagerImpl.getOzoneFileStatus(KeyManagerImpl.java:1162) ~[ozone-manager-1.4.0-SNAPSHOT.jar:?]
	at org.apache.hadoop.ozone.om.KeyManagerImpl.getFileStatus(KeyManagerImpl.java:1080) ~[ozone-manager-1.4.0-SNAPSHOT.jar:?]
	at org.apache.hadoop.ozone.om.OmMetadataReader.getFileStatus(OmMetadataReader.java:288) ~[ozone-manager-1.4.0-SNAPSHOT.jar:?]
	at org.apache.hadoop.ozone.om.OzoneManager.getFileStatus(OzoneManager.java:3449) ~[ozone-manager-1.4.0-SNAPSHOT.jar:?]
	at org.apache.hadoop.ozone.protocolPB.OzoneManagerRequestHandler.getOzoneFileStatus(OzoneManagerRequestHandler.java:933) ~[ozone-manager-1.4.0-SNAPSHOT.jar:?]
	at org.apache.hadoop.ozone.protocolPB.OzoneManagerRequestHandler.handleReadRequest(OzoneManagerRequestHandler.java:238) ~[ozone-manager-1.4.0-SNAPSHOT.jar:?]
	at org.apache.hadoop.ozone.protocolPB.OzoneManagerProtocolServerSideTranslatorPB.submitReadRequestToOM(OzoneManagerProtocolServerSideTranslatorPB.java:223) ~[ozone-manager-1.4.0-SNAPSHOT.jar:?]
	at org.apache.hadoop.ozone.protocolPB.OzoneManagerProtocolServerSideTranslatorPB.processRequest(OzoneManagerProtocolServerSideTranslatorPB.java:177) ~[ozone-manager-1.4.0-SNAPSHOT.jar:?]
	at org.apache.hadoop.hdds.server.OzoneProtocolMessageDispatcher.processRequest(OzoneProtocolMessageDispatcher.java:87) [hdds-server-framework-1.4.0-SNAPSHOT.jar:?]
	at org.apache.hadoop.ozone.protocolPB.OzoneManagerProtocolServerSideTranslatorPB.submitRequest(OzoneManagerProtocolServerSideTranslatorPB.java:147) [ozone-manager-1.4.0-SNAPSHOT.jar:?]
	at org.apache.hadoop.ozone.protocol.proto.OzoneManagerProtocolProtos$OzoneManagerService$2.callBlockingMethod(OzoneManagerProtocolProtos.java) [ozone-interface-client-1.4.0-SNAPSHOT.jar:?]
	at org.apache.hadoop.ipc.ProtobufRpcEngine$Server.processCall(ProtobufRpcEngine.java:465) [hadoop-common-3.3.4.jar:?]
	at org.apache.hadoop.ipc.ProtobufRpcEngine2$Server$ProtoBufRpcInvoker.call(ProtobufRpcEngine2.java:578) [hadoop-common-3.3.4.jar:?]
	at org.apache.hadoop.ipc.ProtobufRpcEngine2$Server$ProtoBufRpcInvoker.call(ProtobufRpcEngine2.java:556) [hadoop-common-3.3.4.jar:?]
	at org.apache.hadoop.ipc.RPC$Server.call(RPC.java:1093) [hadoop-common-3.3.4.jar:?]
	at org.apache.hadoop.ipc.Server$RpcCall.run(Server.java:1043) [hadoop-common-3.3.4.jar:?]
	at org.apache.hadoop.ipc.Server$RpcCall.run(Server.java:971) [hadoop-common-3.3.4.jar:?]
	at java.security.AccessController.doPrivileged(Native Method) ~[?:1.8.0_362]
	at javax.security.auth.Subject.doAs(Subject.java:422) [?:1.8.0_362]
	at org.apache.hadoop.security.UserGroupInformation.doAs(UserGroupInformation.java:1878) [hadoop-common-3.3.4.jar:?]
	at org.apache.hadoop.ipc.Server$Handler.run(Server.java:2976) [hadoop-common-3.3.4.jar:?]
08:17:31.543 [IPC Server handler 10 on default port 34711] ERROR OMAudit - user=runner | ip=127.0.0.1 | op=GET_FILE_STATUS {volume=volume67802, bucket=bucket15311, key=testBatchDelete/parent/childFolder/child7, dataSize=0, replicationConfig=null} | ret=FAILURE
org.apache.hadoop.ozone.om.exceptions.OMException: Unable to get file status: volume: volume67802 bucket: bucket15311 key: testBatchDelete/parent/childFolder/child7
	at org.apache.hadoop.ozone.om.KeyManagerImpl.getOzoneFileStatus(KeyManagerImpl.java:1162) ~[ozone-manager-1.4.0-SNAPSHOT.jar:?]
	at org.apache.hadoop.ozone.om.KeyManagerImpl.getFileStatus(KeyManagerImpl.java:1080) ~[ozone-manager-1.4.0-SNAPSHOT.jar:?]
	at org.apache.hadoop.ozone.om.OmMetadataReader.getFileStatus(OmMetadataReader.java:288) ~[ozone-manager-1.4.0-SNAPSHOT.jar:?]
	at org.apache.hadoop.ozone.om.OzoneManager.getFileStatus(OzoneManager.java:3449) ~[ozone-manager-1.4.0-SNAPSHOT.jar:?]
	at org.apache.hadoop.ozone.protocolPB.OzoneManagerRequestHandler.getOzoneFileStatus(OzoneManagerRequestHandler.java:933) ~[ozone-manager-1.4.0-SNAPSHOT.jar:?]
	at org.apache.hadoop.ozone.protocolPB.OzoneManagerRequestHandler.handleReadRequest(OzoneManagerRequestHandler.java:238) ~[ozone-manager-1.4.0-SNAPSHOT.jar:?]
	at org.apache.hadoop.ozone.protocolPB.OzoneManagerProtocolServerSideTranslatorPB.submitReadRequestToOM(OzoneManagerProtocolServerSideTranslatorPB.java:223) ~[ozone-manager-1.4.0-SNAPSHOT.jar:?]
	at org.apache.hadoop.ozone.protocolPB.OzoneManagerProtocolServerSideTranslatorPB.processRequest(OzoneManagerProtocolServerSideTranslatorPB.java:177) ~[ozone-manager-1.4.0-SNAPSHOT.jar:?]
	at org.apache.hadoop.hdds.server.OzoneProtocolMessageDispatcher.processRequest(OzoneProtocolMessageDispatcher.java:87) [hdds-server-framework-1.4.0-SNAPSHOT.jar:?]
	at org.apache.hadoop.ozone.protocolPB.OzoneManagerProtocolServerSideTranslatorPB.submitRequest(OzoneManagerProtocolServerSideTranslatorPB.java:147) [ozone-manager-1.4.0-SNAPSHOT.jar:?]
	at org.apache.hadoop.ozone.protocol.proto.OzoneManagerProtocolProtos$OzoneManagerService$2.callBlockingMethod(OzoneManagerProtocolProtos.java) [ozone-interface-client-1.4.0-SNAPSHOT.jar:?]
	at org.apache.hadoop.ipc.ProtobufRpcEngine$Server.processCall(ProtobufRpcEngine.java:465) [hadoop-common-3.3.4.jar:?]
	at org.apache.hadoop.ipc.ProtobufRpcEngine2$Server$ProtoBufRpcInvoker.call(ProtobufRpcEngine2.java:578) [hadoop-common-3.3.4.jar:?]
	at org.apache.hadoop.ipc.ProtobufRpcEngine2$Server$ProtoBufRpcInvoker.call(ProtobufRpcEngine2.java:556) [hadoop-common-3.3.4.jar:?]
	at org.apache.hadoop.ipc.RPC$Server.call(RPC.java:1093) [hadoop-common-3.3.4.jar:?]
	at org.apache.hadoop.ipc.Server$RpcCall.run(Server.java:1043) [hadoop-common-3.3.4.jar:?]
	at org.apache.hadoop.ipc.Server$RpcCall.run(Server.java:971) [hadoop-common-3.3.4.jar:?]
	at java.security.AccessController.doPrivileged(Native Method) ~[?:1.8.0_362]
	at javax.security.auth.Subject.doAs(Subject.java:422) [?:1.8.0_362]
	at org.apache.hadoop.security.UserGroupInformation.doAs(UserGroupInformation.java:1878) [hadoop-common-3.3.4.jar:?]
	at org.apache.hadoop.ipc.Server$Handler.run(Server.java:2976) [hadoop-common-3.3.4.jar:?]
08:17:31.544 [IPC Server handler 11 on default port 34711] ERROR OMAudit - user=runner | ip=127.0.0.1 | op=GET_FILE_STATUS {volume=volume67802, bucket=bucket15311, key=testBatchDelete/parent, dataSize=0, replicationConfig=null} | ret=FAILURE
org.apache.hadoop.ozone.om.exceptions.OMException: Unable to get file status: volume: volume67802 bucket: bucket15311 key: testBatchDelete/parent
	at org.apache.hadoop.ozone.om.KeyManagerImpl.getOzoneFileStatus(KeyManagerImpl.java:1162) ~[ozone-manager-1.4.0-SNAPSHOT.jar:?]
	at org.apache.hadoop.ozone.om.KeyManagerImpl.getFileStatus(KeyManagerImpl.java:1080) ~[ozone-manager-1.4.0-SNAPSHOT.jar:?]
	at org.apache.hadoop.ozone.om.OmMetadataReader.getFileStatus(OmMetadataReader.java:288) ~[ozone-manager-1.4.0-SNAPSHOT.jar:?]
	at org.apache.hadoop.ozone.om.OzoneManager.getFileStatus(OzoneManager.java:3449) ~[ozone-manager-1.4.0-SNAPSHOT.jar:?]
	at org.apache.hadoop.ozone.protocolPB.OzoneManagerRequestHandler.getOzoneFileStatus(OzoneManagerRequestHandler.java:933) ~[ozone-manager-1.4.0-SNAPSHOT.jar:?]
	at org.apache.hadoop.ozone.protocolPB.OzoneManagerRequestHandler.handleReadRequest(OzoneManagerRequestHandler.java:238) ~[ozone-manager-1.4.0-SNAPSHOT.jar:?]
	at org.apache.hadoop.ozone.protocolPB.OzoneManagerProtocolServerSideTranslatorPB.submitReadRequestToOM(OzoneManagerProtocolServerSideTranslatorPB.java:223) ~[ozone-manager-1.4.0-SNAPSHOT.jar:?]
	at org.apache.hadoop.ozone.protocolPB.OzoneManagerProtocolServerSideTranslatorPB.processRequest(OzoneManagerProtocolServerSideTranslatorPB.java:177) ~[ozone-manager-1.4.0-SNAPSHOT.jar:?]
	at org.apache.hadoop.hdds.server.OzoneProtocolMessageDispatcher.processRequest(OzoneProtocolMessageDispatcher.java:87) [hdds-server-framework-1.4.0-SNAPSHOT.jar:?]
	at org.apache.hadoop.ozone.protocolPB.OzoneManagerProtocolServerSideTranslatorPB.submitRequest(OzoneManagerProtocolServerSideTranslatorPB.java:147) [ozone-manager-1.4.0-SNAPSHOT.jar:?]
	at org.apache.hadoop.ozone.protocol.proto.OzoneManagerProtocolProtos$OzoneManagerService$2.callBlockingMethod(OzoneManagerProtocolProtos.java) [ozone-interface-client-1.4.0-SNAPSHOT.jar:?]
	at org.apache.hadoop.ipc.ProtobufRpcEngine$Server.processCall(ProtobufRpcEngine.java:465) [hadoop-common-3.3.4.jar:?]
	at org.apache.hadoop.ipc.ProtobufRpcEngine2$Server$ProtoBufRpcInvoker.call(ProtobufRpcEngine2.java:578) [hadoop-common-3.3.4.jar:?]
	at org.apache.hadoop.ipc.ProtobufRpcEngine2$Server$ProtoBufRpcInvoker.call(ProtobufRpcEngine2.java:556) [hadoop-common-3.3.4.jar:?]
	at org.apache.hadoop.ipc.RPC$Server.call(RPC.java:1093) [hadoop-common-3.3.4.jar:?]
	at org.apache.hadoop.ipc.Server$RpcCall.run(Server.java:1043) [hadoop-common-3.3.4.jar:?]
	at org.apache.hadoop.ipc.Server$RpcCall.run(Server.java:971) [hadoop-common-3.3.4.jar:?]
	at java.security.AccessController.doPrivileged(Native Method) ~[?:1.8.0_362]
	at javax.security.auth.Subject.doAs(Subject.java:422) [?:1.8.0_362]
	at org.apache.hadoop.security.UserGroupInformation.doAs(UserGroupInformation.java:1878) [hadoop-common-3.3.4.jar:?]
	at org.apache.hadoop.ipc.Server$Handler.run(Server.java:2976) [hadoop-common-3.3.4.jar:?]
2023-02-14 08:17:31,545 [Time-limited test] WARN  ozone.BasicOzoneFileSystem (BasicOzoneFileSystem.java:delete(559)) - delete: Path does not exist: /testBatchDelete/parent
]]></system-out>
  </testcase>
  <testcase name="testFileDelete" classname="TestOzoneFileSystem" time="0.069">
    <system-out><![CDATA[2023-02-14 08:18:29,803 [IPC Server handler 15 on default port 34455] INFO  key.OMKeyRequest (OMKeyRequest.java:wrapUncommittedBlocksAsPseudoKey(837)) - Detect allocated but uncommitted blocks [{blockID={containerID=1, localID=111677748019200040}, length=4194304, offset=0, token=null, pipeline=null, createVersion=0, partNumber=0}] in key testBatchDelete/parent/child0.
2023-02-14 08:18:29,806 [IPC Server handler 17 on default port 34455] INFO  key.OMKeyRequest (OMKeyRequest.java:wrapUncommittedBlocksAsPseudoKey(837)) - Detect allocated but uncommitted blocks [{blockID={containerID=2, localID=111677748019200041}, length=4194304, offset=0, token=null, pipeline=null, createVersion=0, partNumber=0}] in key testBatchDelete/parent/childFolder/child0.
2023-02-14 08:18:29,809 [IPC Server handler 19 on default port 34455] INFO  key.OMKeyRequest (OMKeyRequest.java:wrapUncommittedBlocksAsPseudoKey(837)) - Detect allocated but uncommitted blocks [{blockID={containerID=1, localID=111677748019200042}, length=4194304, offset=0, token=null, pipeline=null, createVersion=0, partNumber=0}] in key testBatchDelete/parent/child1.
2023-02-14 08:18:29,814 [IPC Server handler 1 on default port 34455] INFO  key.OMKeyRequest (OMKeyRequest.java:wrapUncommittedBlocksAsPseudoKey(837)) - Detect allocated but uncommitted blocks [{blockID={containerID=2, localID=111677748019200043}, length=4194304, offset=0, token=null, pipeline=null, createVersion=0, partNumber=0}] in key testBatchDelete/parent/childFolder/child1.
2023-02-14 08:18:29,819 [IPC Server handler 3 on default port 34455] INFO  key.OMKeyRequest (OMKeyRequest.java:wrapUncommittedBlocksAsPseudoKey(837)) - Detect allocated but uncommitted blocks [{blockID={containerID=1, localID=111677748019200044}, length=4194304, offset=0, token=null, pipeline=null, createVersion=0, partNumber=0}] in key testBatchDelete/parent/child2.
2023-02-14 08:18:29,822 [IPC Server handler 5 on default port 34455] INFO  key.OMKeyRequest (OMKeyRequest.java:wrapUncommittedBlocksAsPseudoKey(837)) - Detect allocated but uncommitted blocks [{blockID={containerID=2, localID=111677748019200045}, length=4194304, offset=0, token=null, pipeline=null, createVersion=0, partNumber=0}] in key testBatchDelete/parent/childFolder/child2.
2023-02-14 08:18:29,825 [IPC Server handler 6 on default port 34455] INFO  key.OMKeyRequest (OMKeyRequest.java:wrapUncommittedBlocksAsPseudoKey(837)) - Detect allocated but uncommitted blocks [{blockID={containerID=1, localID=111677748019200046}, length=4194304, offset=0, token=null, pipeline=null, createVersion=0, partNumber=0}] in key testBatchDelete/parent/child3.
2023-02-14 08:18:29,828 [IPC Server handler 8 on default port 34455] INFO  key.OMKeyRequest (OMKeyRequest.java:wrapUncommittedBlocksAsPseudoKey(837)) - Detect allocated but uncommitted blocks [{blockID={containerID=2, localID=111677748019200047}, length=4194304, offset=0, token=null, pipeline=null, createVersion=0, partNumber=0}] in key testBatchDelete/parent/childFolder/child3.
2023-02-14 08:18:29,831 [IPC Server handler 11 on default port 34455] INFO  key.OMKeyRequest (OMKeyRequest.java:wrapUncommittedBlocksAsPseudoKey(837)) - Detect allocated but uncommitted blocks [{blockID={containerID=1, localID=111677748019200048}, length=4194304, offset=0, token=null, pipeline=null, createVersion=0, partNumber=0}] in key testBatchDelete/parent/child4.
2023-02-14 08:18:29,833 [IPC Server handler 13 on default port 34455] INFO  key.OMKeyRequest (OMKeyRequest.java:wrapUncommittedBlocksAsPseudoKey(837)) - Detect allocated but uncommitted blocks [{blockID={containerID=2, localID=111677748019200049}, length=4194304, offset=0, token=null, pipeline=null, createVersion=0, partNumber=0}] in key testBatchDelete/parent/childFolder/child4.
2023-02-14 08:18:29,836 [IPC Server handler 15 on default port 34455] INFO  key.OMKeyRequest (OMKeyRequest.java:wrapUncommittedBlocksAsPseudoKey(837)) - Detect allocated but uncommitted blocks [{blockID={containerID=1, localID=111677748019200050}, length=4194304, offset=0, token=null, pipeline=null, createVersion=0, partNumber=0}] in key testBatchDelete/parent/child5.
2023-02-14 08:18:29,838 [IPC Server handler 17 on default port 34455] INFO  key.OMKeyRequest (OMKeyRequest.java:wrapUncommittedBlocksAsPseudoKey(837)) - Detect allocated but uncommitted blocks [{blockID={containerID=2, localID=111677748019200051}, length=4194304, offset=0, token=null, pipeline=null, createVersion=0, partNumber=0}] in key testBatchDelete/parent/childFolder/child5.
2023-02-14 08:18:29,841 [IPC Server handler 19 on default port 34455] INFO  key.OMKeyRequest (OMKeyRequest.java:wrapUncommittedBlocksAsPseudoKey(837)) - Detect allocated but uncommitted blocks [{blockID={containerID=1, localID=111677748019200052}, length=4194304, offset=0, token=null, pipeline=null, createVersion=0, partNumber=0}] in key testBatchDelete/parent/child6.
2023-02-14 08:18:29,844 [IPC Server handler 1 on default port 34455] INFO  key.OMKeyRequest (OMKeyRequest.java:wrapUncommittedBlocksAsPseudoKey(837)) - Detect allocated but uncommitted blocks [{blockID={containerID=2, localID=111677748019200053}, length=4194304, offset=0, token=null, pipeline=null, createVersion=0, partNumber=0}] in key testBatchDelete/parent/childFolder/child6.
2023-02-14 08:18:29,846 [IPC Server handler 3 on default port 34455] INFO  key.OMKeyRequest (OMKeyRequest.java:wrapUncommittedBlocksAsPseudoKey(837)) - Detect allocated but uncommitted blocks [{blockID={containerID=1, localID=111677748019200054}, length=4194304, offset=0, token=null, pipeline=null, createVersion=0, partNumber=0}] in key testBatchDelete/parent/child7.
2023-02-14 08:18:29,849 [IPC Server handler 5 on default port 34455] INFO  key.OMKeyRequest (OMKeyRequest.java:wrapUncommittedBlocksAsPseudoKey(837)) - Detect allocated but uncommitted blocks [{blockID={containerID=2, localID=111677748019200055}, length=4194304, offset=0, token=null, pipeline=null, createVersion=0, partNumber=0}] in key testBatchDelete/parent/childFolder/child7.
08:18:29.855 [IPC Server handler 17 on default port 34455] ERROR OMAudit - user=runner | ip=127.0.0.1 | op=GET_FILE_STATUS {volume=volume94786, bucket=bucket02286, key=testBatchDelete, dataSize=0, replicationConfig=null} | ret=FAILURE
org.apache.hadoop.ozone.om.exceptions.OMException: Unable to get file status: volume: volume94786 bucket: bucket02286 key: testBatchDelete
	at org.apache.hadoop.ozone.om.KeyManagerImpl.getOzoneFileStatus(KeyManagerImpl.java:1162) ~[ozone-manager-1.4.0-SNAPSHOT.jar:?]
	at org.apache.hadoop.ozone.om.KeyManagerImpl.getFileStatus(KeyManagerImpl.java:1080) ~[ozone-manager-1.4.0-SNAPSHOT.jar:?]
	at org.apache.hadoop.ozone.om.OmMetadataReader.getFileStatus(OmMetadataReader.java:288) ~[ozone-manager-1.4.0-SNAPSHOT.jar:?]
	at org.apache.hadoop.ozone.om.OzoneManager.getFileStatus(OzoneManager.java:3449) ~[ozone-manager-1.4.0-SNAPSHOT.jar:?]
	at org.apache.hadoop.ozone.protocolPB.OzoneManagerRequestHandler.getOzoneFileStatus(OzoneManagerRequestHandler.java:933) ~[ozone-manager-1.4.0-SNAPSHOT.jar:?]
	at org.apache.hadoop.ozone.protocolPB.OzoneManagerRequestHandler.handleReadRequest(OzoneManagerRequestHandler.java:238) ~[ozone-manager-1.4.0-SNAPSHOT.jar:?]
	at org.apache.hadoop.ozone.protocolPB.OzoneManagerProtocolServerSideTranslatorPB.submitRequestDirectlyToOM(OzoneManagerProtocolServerSideTranslatorPB.java:271) ~[ozone-manager-1.4.0-SNAPSHOT.jar:?]
	at org.apache.hadoop.ozone.protocolPB.OzoneManagerProtocolServerSideTranslatorPB.processRequest(OzoneManagerProtocolServerSideTranslatorPB.java:173) ~[ozone-manager-1.4.0-SNAPSHOT.jar:?]
	at org.apache.hadoop.hdds.server.OzoneProtocolMessageDispatcher.processRequest(OzoneProtocolMessageDispatcher.java:87) [hdds-server-framework-1.4.0-SNAPSHOT.jar:?]
	at org.apache.hadoop.ozone.protocolPB.OzoneManagerProtocolServerSideTranslatorPB.submitRequest(OzoneManagerProtocolServerSideTranslatorPB.java:147) [ozone-manager-1.4.0-SNAPSHOT.jar:?]
	at org.apache.hadoop.ozone.protocol.proto.OzoneManagerProtocolProtos$OzoneManagerService$2.callBlockingMethod(OzoneManagerProtocolProtos.java) [ozone-interface-client-1.4.0-SNAPSHOT.jar:?]
	at org.apache.hadoop.ipc.ProtobufRpcEngine$Server.processCall(ProtobufRpcEngine.java:465) [hadoop-common-3.3.4.jar:?]
	at org.apache.hadoop.ipc.ProtobufRpcEngine2$Server$ProtoBufRpcInvoker.call(ProtobufRpcEngine2.java:578) [hadoop-common-3.3.4.jar:?]
	at org.apache.hadoop.ipc.ProtobufRpcEngine2$Server$ProtoBufRpcInvoker.call(ProtobufRpcEngine2.java:556) [hadoop-common-3.3.4.jar:?]
	at org.apache.hadoop.ipc.RPC$Server.call(RPC.java:1093) [hadoop-common-3.3.4.jar:?]
	at org.apache.hadoop.ipc.Server$RpcCall.run(Server.java:1043) [hadoop-common-3.3.4.jar:?]
	at org.apache.hadoop.ipc.Server$RpcCall.run(Server.java:971) [hadoop-common-3.3.4.jar:?]
	at java.security.AccessController.doPrivileged(Native Method) ~[?:1.8.0_362]
	at javax.security.auth.Subject.doAs(Subject.java:422) [?:1.8.0_362]
	at org.apache.hadoop.security.UserGroupInformation.doAs(UserGroupInformation.java:1878) [hadoop-common-3.3.4.jar:?]
	at org.apache.hadoop.ipc.Server$Handler.run(Server.java:2976) [hadoop-common-3.3.4.jar:?]
08:18:29.856 [IPC Server handler 18 on default port 34455] ERROR OMAudit - user=runner | ip=127.0.0.1 | op=GET_FILE_STATUS {volume=volume94786, bucket=bucket02286, key=testBatchDelete/parent/child0, dataSize=0, replicationConfig=null} | ret=FAILURE
org.apache.hadoop.ozone.om.exceptions.OMException: Unable to get file status: volume: volume94786 bucket: bucket02286 key: testBatchDelete/parent/child0
	at org.apache.hadoop.ozone.om.KeyManagerImpl.getOzoneFileStatus(KeyManagerImpl.java:1162) ~[ozone-manager-1.4.0-SNAPSHOT.jar:?]
	at org.apache.hadoop.ozone.om.KeyManagerImpl.getFileStatus(KeyManagerImpl.java:1080) ~[ozone-manager-1.4.0-SNAPSHOT.jar:?]
	at org.apache.hadoop.ozone.om.OmMetadataReader.getFileStatus(OmMetadataReader.java:288) ~[ozone-manager-1.4.0-SNAPSHOT.jar:?]
	at org.apache.hadoop.ozone.om.OzoneManager.getFileStatus(OzoneManager.java:3449) ~[ozone-manager-1.4.0-SNAPSHOT.jar:?]
	at org.apache.hadoop.ozone.protocolPB.OzoneManagerRequestHandler.getOzoneFileStatus(OzoneManagerRequestHandler.java:933) ~[ozone-manager-1.4.0-SNAPSHOT.jar:?]
	at org.apache.hadoop.ozone.protocolPB.OzoneManagerRequestHandler.handleReadRequest(OzoneManagerRequestHandler.java:238) ~[ozone-manager-1.4.0-SNAPSHOT.jar:?]
	at org.apache.hadoop.ozone.protocolPB.OzoneManagerProtocolServerSideTranslatorPB.submitRequestDirectlyToOM(OzoneManagerProtocolServerSideTranslatorPB.java:271) ~[ozone-manager-1.4.0-SNAPSHOT.jar:?]
	at org.apache.hadoop.ozone.protocolPB.OzoneManagerProtocolServerSideTranslatorPB.processRequest(OzoneManagerProtocolServerSideTranslatorPB.java:173) ~[ozone-manager-1.4.0-SNAPSHOT.jar:?]
	at org.apache.hadoop.hdds.server.OzoneProtocolMessageDispatcher.processRequest(OzoneProtocolMessageDispatcher.java:87) [hdds-server-framework-1.4.0-SNAPSHOT.jar:?]
	at org.apache.hadoop.ozone.protocolPB.OzoneManagerProtocolServerSideTranslatorPB.submitRequest(OzoneManagerProtocolServerSideTranslatorPB.java:147) [ozone-manager-1.4.0-SNAPSHOT.jar:?]
	at org.apache.hadoop.ozone.protocol.proto.OzoneManagerProtocolProtos$OzoneManagerService$2.callBlockingMethod(OzoneManagerProtocolProtos.java) [ozone-interface-client-1.4.0-SNAPSHOT.jar:?]
	at org.apache.hadoop.ipc.ProtobufRpcEngine$Server.processCall(ProtobufRpcEngine.java:465) [hadoop-common-3.3.4.jar:?]
	at org.apache.hadoop.ipc.ProtobufRpcEngine2$Server$ProtoBufRpcInvoker.call(ProtobufRpcEngine2.java:578) [hadoop-common-3.3.4.jar:?]
	at org.apache.hadoop.ipc.ProtobufRpcEngine2$Server$ProtoBufRpcInvoker.call(ProtobufRpcEngine2.java:556) [hadoop-common-3.3.4.jar:?]
	at org.apache.hadoop.ipc.RPC$Server.call(RPC.java:1093) [hadoop-common-3.3.4.jar:?]
	at org.apache.hadoop.ipc.Server$RpcCall.run(Server.java:1043) [hadoop-common-3.3.4.jar:?]
	at org.apache.hadoop.ipc.Server$RpcCall.run(Server.java:971) [hadoop-common-3.3.4.jar:?]
	at java.security.AccessController.doPrivileged(Native Method) ~[?:1.8.0_362]
	at javax.security.auth.Subject.doAs(Subject.java:422) [?:1.8.0_362]
	at org.apache.hadoop.security.UserGroupInformation.doAs(UserGroupInformation.java:1878) [hadoop-common-3.3.4.jar:?]
	at org.apache.hadoop.ipc.Server$Handler.run(Server.java:2976) [hadoop-common-3.3.4.jar:?]
08:18:29.856 [IPC Server handler 19 on default port 34455] ERROR OMAudit - user=runner | ip=127.0.0.1 | op=GET_FILE_STATUS {volume=volume94786, bucket=bucket02286, key=testBatchDelete/parent/childFolder/child0, dataSize=0, replicationConfig=null} | ret=FAILURE
org.apache.hadoop.ozone.om.exceptions.OMException: Unable to get file status: volume: volume94786 bucket: bucket02286 key: testBatchDelete/parent/childFolder/child0
	at org.apache.hadoop.ozone.om.KeyManagerImpl.getOzoneFileStatus(KeyManagerImpl.java:1162) ~[ozone-manager-1.4.0-SNAPSHOT.jar:?]
	at org.apache.hadoop.ozone.om.KeyManagerImpl.getFileStatus(KeyManagerImpl.java:1080) ~[ozone-manager-1.4.0-SNAPSHOT.jar:?]
	at org.apache.hadoop.ozone.om.OmMetadataReader.getFileStatus(OmMetadataReader.java:288) ~[ozone-manager-1.4.0-SNAPSHOT.jar:?]
	at org.apache.hadoop.ozone.om.OzoneManager.getFileStatus(OzoneManager.java:3449) ~[ozone-manager-1.4.0-SNAPSHOT.jar:?]
	at org.apache.hadoop.ozone.protocolPB.OzoneManagerRequestHandler.getOzoneFileStatus(OzoneManagerRequestHandler.java:933) ~[ozone-manager-1.4.0-SNAPSHOT.jar:?]
	at org.apache.hadoop.ozone.protocolPB.OzoneManagerRequestHandler.handleReadRequest(OzoneManagerRequestHandler.java:238) ~[ozone-manager-1.4.0-SNAPSHOT.jar:?]
	at org.apache.hadoop.ozone.protocolPB.OzoneManagerProtocolServerSideTranslatorPB.submitRequestDirectlyToOM(OzoneManagerProtocolServerSideTranslatorPB.java:271) ~[ozone-manager-1.4.0-SNAPSHOT.jar:?]
	at org.apache.hadoop.ozone.protocolPB.OzoneManagerProtocolServerSideTranslatorPB.processRequest(OzoneManagerProtocolServerSideTranslatorPB.java:173) ~[ozone-manager-1.4.0-SNAPSHOT.jar:?]
	at org.apache.hadoop.hdds.server.OzoneProtocolMessageDispatcher.processRequest(OzoneProtocolMessageDispatcher.java:87) [hdds-server-framework-1.4.0-SNAPSHOT.jar:?]
	at org.apache.hadoop.ozone.protocolPB.OzoneManagerProtocolServerSideTranslatorPB.submitRequest(OzoneManagerProtocolServerSideTranslatorPB.java:147) [ozone-manager-1.4.0-SNAPSHOT.jar:?]
	at org.apache.hadoop.ozone.protocol.proto.OzoneManagerProtocolProtos$OzoneManagerService$2.callBlockingMethod(OzoneManagerProtocolProtos.java) [ozone-interface-client-1.4.0-SNAPSHOT.jar:?]
	at org.apache.hadoop.ipc.ProtobufRpcEngine$Server.processCall(ProtobufRpcEngine.java:465) [hadoop-common-3.3.4.jar:?]
	at org.apache.hadoop.ipc.ProtobufRpcEngine2$Server$ProtoBufRpcInvoker.call(ProtobufRpcEngine2.java:578) [hadoop-common-3.3.4.jar:?]
	at org.apache.hadoop.ipc.ProtobufRpcEngine2$Server$ProtoBufRpcInvoker.call(ProtobufRpcEngine2.java:556) [hadoop-common-3.3.4.jar:?]
	at org.apache.hadoop.ipc.RPC$Server.call(RPC.java:1093) [hadoop-common-3.3.4.jar:?]
	at org.apache.hadoop.ipc.Server$RpcCall.run(Server.java:1043) [hadoop-common-3.3.4.jar:?]
	at org.apache.hadoop.ipc.Server$RpcCall.run(Server.java:971) [hadoop-common-3.3.4.jar:?]
	at java.security.AccessController.doPrivileged(Native Method) ~[?:1.8.0_362]
	at javax.security.auth.Subject.doAs(Subject.java:422) [?:1.8.0_362]
	at org.apache.hadoop.security.UserGroupInformation.doAs(UserGroupInformation.java:1878) [hadoop-common-3.3.4.jar:?]
	at org.apache.hadoop.ipc.Server$Handler.run(Server.java:2976) [hadoop-common-3.3.4.jar:?]
08:18:29.857 [IPC Server handler 0 on default port 34455] ERROR OMAudit - user=runner | ip=127.0.0.1 | op=GET_FILE_STATUS {volume=volume94786, bucket=bucket02286, key=testBatchDelete/parent/child1, dataSize=0, replicationConfig=null} | ret=FAILURE
org.apache.hadoop.ozone.om.exceptions.OMException: Unable to get file status: volume: volume94786 bucket: bucket02286 key: testBatchDelete/parent/child1
	at org.apache.hadoop.ozone.om.KeyManagerImpl.getOzoneFileStatus(KeyManagerImpl.java:1162) ~[ozone-manager-1.4.0-SNAPSHOT.jar:?]
	at org.apache.hadoop.ozone.om.KeyManagerImpl.getFileStatus(KeyManagerImpl.java:1080) ~[ozone-manager-1.4.0-SNAPSHOT.jar:?]
	at org.apache.hadoop.ozone.om.OmMetadataReader.getFileStatus(OmMetadataReader.java:288) ~[ozone-manager-1.4.0-SNAPSHOT.jar:?]
	at org.apache.hadoop.ozone.om.OzoneManager.getFileStatus(OzoneManager.java:3449) ~[ozone-manager-1.4.0-SNAPSHOT.jar:?]
	at org.apache.hadoop.ozone.protocolPB.OzoneManagerRequestHandler.getOzoneFileStatus(OzoneManagerRequestHandler.java:933) ~[ozone-manager-1.4.0-SNAPSHOT.jar:?]
	at org.apache.hadoop.ozone.protocolPB.OzoneManagerRequestHandler.handleReadRequest(OzoneManagerRequestHandler.java:238) ~[ozone-manager-1.4.0-SNAPSHOT.jar:?]
	at org.apache.hadoop.ozone.protocolPB.OzoneManagerProtocolServerSideTranslatorPB.submitRequestDirectlyToOM(OzoneManagerProtocolServerSideTranslatorPB.java:271) ~[ozone-manager-1.4.0-SNAPSHOT.jar:?]
	at org.apache.hadoop.ozone.protocolPB.OzoneManagerProtocolServerSideTranslatorPB.processRequest(OzoneManagerProtocolServerSideTranslatorPB.java:173) ~[ozone-manager-1.4.0-SNAPSHOT.jar:?]
	at org.apache.hadoop.hdds.server.OzoneProtocolMessageDispatcher.processRequest(OzoneProtocolMessageDispatcher.java:87) [hdds-server-framework-1.4.0-SNAPSHOT.jar:?]
	at org.apache.hadoop.ozone.protocolPB.OzoneManagerProtocolServerSideTranslatorPB.submitRequest(OzoneManagerProtocolServerSideTranslatorPB.java:147) [ozone-manager-1.4.0-SNAPSHOT.jar:?]
	at org.apache.hadoop.ozone.protocol.proto.OzoneManagerProtocolProtos$OzoneManagerService$2.callBlockingMethod(OzoneManagerProtocolProtos.java) [ozone-interface-client-1.4.0-SNAPSHOT.jar:?]
	at org.apache.hadoop.ipc.ProtobufRpcEngine$Server.processCall(ProtobufRpcEngine.java:465) [hadoop-common-3.3.4.jar:?]
	at org.apache.hadoop.ipc.ProtobufRpcEngine2$Server$ProtoBufRpcInvoker.call(ProtobufRpcEngine2.java:578) [hadoop-common-3.3.4.jar:?]
	at org.apache.hadoop.ipc.ProtobufRpcEngine2$Server$ProtoBufRpcInvoker.call(ProtobufRpcEngine2.java:556) [hadoop-common-3.3.4.jar:?]
	at org.apache.hadoop.ipc.RPC$Server.call(RPC.java:1093) [hadoop-common-3.3.4.jar:?]
	at org.apache.hadoop.ipc.Server$RpcCall.run(Server.java:1043) [hadoop-common-3.3.4.jar:?]
	at org.apache.hadoop.ipc.Server$RpcCall.run(Server.java:971) [hadoop-common-3.3.4.jar:?]
	at java.security.AccessController.doPrivileged(Native Method) ~[?:1.8.0_362]
	at javax.security.auth.Subject.doAs(Subject.java:422) [?:1.8.0_362]
	at org.apache.hadoop.security.UserGroupInformation.doAs(UserGroupInformation.java:1878) [hadoop-common-3.3.4.jar:?]
	at org.apache.hadoop.ipc.Server$Handler.run(Server.java:2976) [hadoop-common-3.3.4.jar:?]
08:18:29.857 [IPC Server handler 1 on default port 34455] ERROR OMAudit - user=runner | ip=127.0.0.1 | op=GET_FILE_STATUS {volume=volume94786, bucket=bucket02286, key=testBatchDelete/parent/childFolder/child1, dataSize=0, replicationConfig=null} | ret=FAILURE
org.apache.hadoop.ozone.om.exceptions.OMException: Unable to get file status: volume: volume94786 bucket: bucket02286 key: testBatchDelete/parent/childFolder/child1
	at org.apache.hadoop.ozone.om.KeyManagerImpl.getOzoneFileStatus(KeyManagerImpl.java:1162) ~[ozone-manager-1.4.0-SNAPSHOT.jar:?]
	at org.apache.hadoop.ozone.om.KeyManagerImpl.getFileStatus(KeyManagerImpl.java:1080) ~[ozone-manager-1.4.0-SNAPSHOT.jar:?]
	at org.apache.hadoop.ozone.om.OmMetadataReader.getFileStatus(OmMetadataReader.java:288) ~[ozone-manager-1.4.0-SNAPSHOT.jar:?]
	at org.apache.hadoop.ozone.om.OzoneManager.getFileStatus(OzoneManager.java:3449) ~[ozone-manager-1.4.0-SNAPSHOT.jar:?]
	at org.apache.hadoop.ozone.protocolPB.OzoneManagerRequestHandler.getOzoneFileStatus(OzoneManagerRequestHandler.java:933) ~[ozone-manager-1.4.0-SNAPSHOT.jar:?]
	at org.apache.hadoop.ozone.protocolPB.OzoneManagerRequestHandler.handleReadRequest(OzoneManagerRequestHandler.java:238) ~[ozone-manager-1.4.0-SNAPSHOT.jar:?]
	at org.apache.hadoop.ozone.protocolPB.OzoneManagerProtocolServerSideTranslatorPB.submitRequestDirectlyToOM(OzoneManagerProtocolServerSideTranslatorPB.java:271) ~[ozone-manager-1.4.0-SNAPSHOT.jar:?]
	at org.apache.hadoop.ozone.protocolPB.OzoneManagerProtocolServerSideTranslatorPB.processRequest(OzoneManagerProtocolServerSideTranslatorPB.java:173) ~[ozone-manager-1.4.0-SNAPSHOT.jar:?]
	at org.apache.hadoop.hdds.server.OzoneProtocolMessageDispatcher.processRequest(OzoneProtocolMessageDispatcher.java:87) [hdds-server-framework-1.4.0-SNAPSHOT.jar:?]
	at org.apache.hadoop.ozone.protocolPB.OzoneManagerProtocolServerSideTranslatorPB.submitRequest(OzoneManagerProtocolServerSideTranslatorPB.java:147) [ozone-manager-1.4.0-SNAPSHOT.jar:?]
	at org.apache.hadoop.ozone.protocol.proto.OzoneManagerProtocolProtos$OzoneManagerService$2.callBlockingMethod(OzoneManagerProtocolProtos.java) [ozone-interface-client-1.4.0-SNAPSHOT.jar:?]
	at org.apache.hadoop.ipc.ProtobufRpcEngine$Server.processCall(ProtobufRpcEngine.java:465) [hadoop-common-3.3.4.jar:?]
	at org.apache.hadoop.ipc.ProtobufRpcEngine2$Server$ProtoBufRpcInvoker.call(ProtobufRpcEngine2.java:578) [hadoop-common-3.3.4.jar:?]
	at org.apache.hadoop.ipc.ProtobufRpcEngine2$Server$ProtoBufRpcInvoker.call(ProtobufRpcEngine2.java:556) [hadoop-common-3.3.4.jar:?]
	at org.apache.hadoop.ipc.RPC$Server.call(RPC.java:1093) [hadoop-common-3.3.4.jar:?]
	at org.apache.hadoop.ipc.Server$RpcCall.run(Server.java:1043) [hadoop-common-3.3.4.jar:?]
	at org.apache.hadoop.ipc.Server$RpcCall.run(Server.java:971) [hadoop-common-3.3.4.jar:?]
	at java.security.AccessController.doPrivileged(Native Method) ~[?:1.8.0_362]
	at javax.security.auth.Subject.doAs(Subject.java:422) [?:1.8.0_362]
	at org.apache.hadoop.security.UserGroupInformation.doAs(UserGroupInformation.java:1878) [hadoop-common-3.3.4.jar:?]
	at org.apache.hadoop.ipc.Server$Handler.run(Server.java:2976) [hadoop-common-3.3.4.jar:?]
08:18:29.858 [IPC Server handler 2 on default port 34455] ERROR OMAudit - user=runner | ip=127.0.0.1 | op=GET_FILE_STATUS {volume=volume94786, bucket=bucket02286, key=testBatchDelete/parent/child2, dataSize=0, replicationConfig=null} | ret=FAILURE
org.apache.hadoop.ozone.om.exceptions.OMException: Unable to get file status: volume: volume94786 bucket: bucket02286 key: testBatchDelete/parent/child2
	at org.apache.hadoop.ozone.om.KeyManagerImpl.getOzoneFileStatus(KeyManagerImpl.java:1162) ~[ozone-manager-1.4.0-SNAPSHOT.jar:?]
	at org.apache.hadoop.ozone.om.KeyManagerImpl.getFileStatus(KeyManagerImpl.java:1080) ~[ozone-manager-1.4.0-SNAPSHOT.jar:?]
	at org.apache.hadoop.ozone.om.OmMetadataReader.getFileStatus(OmMetadataReader.java:288) ~[ozone-manager-1.4.0-SNAPSHOT.jar:?]
	at org.apache.hadoop.ozone.om.OzoneManager.getFileStatus(OzoneManager.java:3449) ~[ozone-manager-1.4.0-SNAPSHOT.jar:?]
	at org.apache.hadoop.ozone.protocolPB.OzoneManagerRequestHandler.getOzoneFileStatus(OzoneManagerRequestHandler.java:933) ~[ozone-manager-1.4.0-SNAPSHOT.jar:?]
	at org.apache.hadoop.ozone.protocolPB.OzoneManagerRequestHandler.handleReadRequest(OzoneManagerRequestHandler.java:238) ~[ozone-manager-1.4.0-SNAPSHOT.jar:?]
	at org.apache.hadoop.ozone.protocolPB.OzoneManagerProtocolServerSideTranslatorPB.submitRequestDirectlyToOM(OzoneManagerProtocolServerSideTranslatorPB.java:271) ~[ozone-manager-1.4.0-SNAPSHOT.jar:?]
	at org.apache.hadoop.ozone.protocolPB.OzoneManagerProtocolServerSideTranslatorPB.processRequest(OzoneManagerProtocolServerSideTranslatorPB.java:173) ~[ozone-manager-1.4.0-SNAPSHOT.jar:?]
	at org.apache.hadoop.hdds.server.OzoneProtocolMessageDispatcher.processRequest(OzoneProtocolMessageDispatcher.java:87) [hdds-server-framework-1.4.0-SNAPSHOT.jar:?]
	at org.apache.hadoop.ozone.protocolPB.OzoneManagerProtocolServerSideTranslatorPB.submitRequest(OzoneManagerProtocolServerSideTranslatorPB.java:147) [ozone-manager-1.4.0-SNAPSHOT.jar:?]
	at org.apache.hadoop.ozone.protocol.proto.OzoneManagerProtocolProtos$OzoneManagerService$2.callBlockingMethod(OzoneManagerProtocolProtos.java) [ozone-interface-client-1.4.0-SNAPSHOT.jar:?]
	at org.apache.hadoop.ipc.ProtobufRpcEngine$Server.processCall(ProtobufRpcEngine.java:465) [hadoop-common-3.3.4.jar:?]
	at org.apache.hadoop.ipc.ProtobufRpcEngine2$Server$ProtoBufRpcInvoker.call(ProtobufRpcEngine2.java:578) [hadoop-common-3.3.4.jar:?]
	at org.apache.hadoop.ipc.ProtobufRpcEngine2$Server$ProtoBufRpcInvoker.call(ProtobufRpcEngine2.java:556) [hadoop-common-3.3.4.jar:?]
	at org.apache.hadoop.ipc.RPC$Server.call(RPC.java:1093) [hadoop-common-3.3.4.jar:?]
	at org.apache.hadoop.ipc.Server$RpcCall.run(Server.java:1043) [hadoop-common-3.3.4.jar:?]
	at org.apache.hadoop.ipc.Server$RpcCall.run(Server.java:971) [hadoop-common-3.3.4.jar:?]
	at java.security.AccessController.doPrivileged(Native Method) ~[?:1.8.0_362]
	at javax.security.auth.Subject.doAs(Subject.java:422) [?:1.8.0_362]
	at org.apache.hadoop.security.UserGroupInformation.doAs(UserGroupInformation.java:1878) [hadoop-common-3.3.4.jar:?]
	at org.apache.hadoop.ipc.Server$Handler.run(Server.java:2976) [hadoop-common-3.3.4.jar:?]
08:18:29.859 [IPC Server handler 3 on default port 34455] ERROR OMAudit - user=runner | ip=127.0.0.1 | op=GET_FILE_STATUS {volume=volume94786, bucket=bucket02286, key=testBatchDelete/parent/childFolder/child2, dataSize=0, replicationConfig=null} | ret=FAILURE
org.apache.hadoop.ozone.om.exceptions.OMException: Unable to get file status: volume: volume94786 bucket: bucket02286 key: testBatchDelete/parent/childFolder/child2
	at org.apache.hadoop.ozone.om.KeyManagerImpl.getOzoneFileStatus(KeyManagerImpl.java:1162) ~[ozone-manager-1.4.0-SNAPSHOT.jar:?]
	at org.apache.hadoop.ozone.om.KeyManagerImpl.getFileStatus(KeyManagerImpl.java:1080) ~[ozone-manager-1.4.0-SNAPSHOT.jar:?]
	at org.apache.hadoop.ozone.om.OmMetadataReader.getFileStatus(OmMetadataReader.java:288) ~[ozone-manager-1.4.0-SNAPSHOT.jar:?]
	at org.apache.hadoop.ozone.om.OzoneManager.getFileStatus(OzoneManager.java:3449) ~[ozone-manager-1.4.0-SNAPSHOT.jar:?]
	at org.apache.hadoop.ozone.protocolPB.OzoneManagerRequestHandler.getOzoneFileStatus(OzoneManagerRequestHandler.java:933) ~[ozone-manager-1.4.0-SNAPSHOT.jar:?]
	at org.apache.hadoop.ozone.protocolPB.OzoneManagerRequestHandler.handleReadRequest(OzoneManagerRequestHandler.java:238) ~[ozone-manager-1.4.0-SNAPSHOT.jar:?]
	at org.apache.hadoop.ozone.protocolPB.OzoneManagerProtocolServerSideTranslatorPB.submitRequestDirectlyToOM(OzoneManagerProtocolServerSideTranslatorPB.java:271) ~[ozone-manager-1.4.0-SNAPSHOT.jar:?]
	at org.apache.hadoop.ozone.protocolPB.OzoneManagerProtocolServerSideTranslatorPB.processRequest(OzoneManagerProtocolServerSideTranslatorPB.java:173) ~[ozone-manager-1.4.0-SNAPSHOT.jar:?]
	at org.apache.hadoop.hdds.server.OzoneProtocolMessageDispatcher.processRequest(OzoneProtocolMessageDispatcher.java:87) [hdds-server-framework-1.4.0-SNAPSHOT.jar:?]
	at org.apache.hadoop.ozone.protocolPB.OzoneManagerProtocolServerSideTranslatorPB.submitRequest(OzoneManagerProtocolServerSideTranslatorPB.java:147) [ozone-manager-1.4.0-SNAPSHOT.jar:?]
	at org.apache.hadoop.ozone.protocol.proto.OzoneManagerProtocolProtos$OzoneManagerService$2.callBlockingMethod(OzoneManagerProtocolProtos.java) [ozone-interface-client-1.4.0-SNAPSHOT.jar:?]
	at org.apache.hadoop.ipc.ProtobufRpcEngine$Server.processCall(ProtobufRpcEngine.java:465) [hadoop-common-3.3.4.jar:?]
	at org.apache.hadoop.ipc.ProtobufRpcEngine2$Server$ProtoBufRpcInvoker.call(ProtobufRpcEngine2.java:578) [hadoop-common-3.3.4.jar:?]
	at org.apache.hadoop.ipc.ProtobufRpcEngine2$Server$ProtoBufRpcInvoker.call(ProtobufRpcEngine2.java:556) [hadoop-common-3.3.4.jar:?]
	at org.apache.hadoop.ipc.RPC$Server.call(RPC.java:1093) [hadoop-common-3.3.4.jar:?]
	at org.apache.hadoop.ipc.Server$RpcCall.run(Server.java:1043) [hadoop-common-3.3.4.jar:?]
	at org.apache.hadoop.ipc.Server$RpcCall.run(Server.java:971) [hadoop-common-3.3.4.jar:?]
	at java.security.AccessController.doPrivileged(Native Method) ~[?:1.8.0_362]
	at javax.security.auth.Subject.doAs(Subject.java:422) [?:1.8.0_362]
	at org.apache.hadoop.security.UserGroupInformation.doAs(UserGroupInformation.java:1878) [hadoop-common-3.3.4.jar:?]
	at org.apache.hadoop.ipc.Server$Handler.run(Server.java:2976) [hadoop-common-3.3.4.jar:?]
08:18:29.859 [IPC Server handler 4 on default port 34455] ERROR OMAudit - user=runner | ip=127.0.0.1 | op=GET_FILE_STATUS {volume=volume94786, bucket=bucket02286, key=testBatchDelete/parent/child3, dataSize=0, replicationConfig=null} | ret=FAILURE
org.apache.hadoop.ozone.om.exceptions.OMException: Unable to get file status: volume: volume94786 bucket: bucket02286 key: testBatchDelete/parent/child3
	at org.apache.hadoop.ozone.om.KeyManagerImpl.getOzoneFileStatus(KeyManagerImpl.java:1162) ~[ozone-manager-1.4.0-SNAPSHOT.jar:?]
	at org.apache.hadoop.ozone.om.KeyManagerImpl.getFileStatus(KeyManagerImpl.java:1080) ~[ozone-manager-1.4.0-SNAPSHOT.jar:?]
	at org.apache.hadoop.ozone.om.OmMetadataReader.getFileStatus(OmMetadataReader.java:288) ~[ozone-manager-1.4.0-SNAPSHOT.jar:?]
	at org.apache.hadoop.ozone.om.OzoneManager.getFileStatus(OzoneManager.java:3449) ~[ozone-manager-1.4.0-SNAPSHOT.jar:?]
	at org.apache.hadoop.ozone.protocolPB.OzoneManagerRequestHandler.getOzoneFileStatus(OzoneManagerRequestHandler.java:933) ~[ozone-manager-1.4.0-SNAPSHOT.jar:?]
	at org.apache.hadoop.ozone.protocolPB.OzoneManagerRequestHandler.handleReadRequest(OzoneManagerRequestHandler.java:238) ~[ozone-manager-1.4.0-SNAPSHOT.jar:?]
	at org.apache.hadoop.ozone.protocolPB.OzoneManagerProtocolServerSideTranslatorPB.submitRequestDirectlyToOM(OzoneManagerProtocolServerSideTranslatorPB.java:271) ~[ozone-manager-1.4.0-SNAPSHOT.jar:?]
	at org.apache.hadoop.ozone.protocolPB.OzoneManagerProtocolServerSideTranslatorPB.processRequest(OzoneManagerProtocolServerSideTranslatorPB.java:173) ~[ozone-manager-1.4.0-SNAPSHOT.jar:?]
	at org.apache.hadoop.hdds.server.OzoneProtocolMessageDispatcher.processRequest(OzoneProtocolMessageDispatcher.java:87) [hdds-server-framework-1.4.0-SNAPSHOT.jar:?]
	at org.apache.hadoop.ozone.protocolPB.OzoneManagerProtocolServerSideTranslatorPB.submitRequest(OzoneManagerProtocolServerSideTranslatorPB.java:147) [ozone-manager-1.4.0-SNAPSHOT.jar:?]
	at org.apache.hadoop.ozone.protocol.proto.OzoneManagerProtocolProtos$OzoneManagerService$2.callBlockingMethod(OzoneManagerProtocolProtos.java) [ozone-interface-client-1.4.0-SNAPSHOT.jar:?]
	at org.apache.hadoop.ipc.ProtobufRpcEngine$Server.processCall(ProtobufRpcEngine.java:465) [hadoop-common-3.3.4.jar:?]
	at org.apache.hadoop.ipc.ProtobufRpcEngine2$Server$ProtoBufRpcInvoker.call(ProtobufRpcEngine2.java:578) [hadoop-common-3.3.4.jar:?]
	at org.apache.hadoop.ipc.ProtobufRpcEngine2$Server$ProtoBufRpcInvoker.call(ProtobufRpcEngine2.java:556) [hadoop-common-3.3.4.jar:?]
	at org.apache.hadoop.ipc.RPC$Server.call(RPC.java:1093) [hadoop-common-3.3.4.jar:?]
	at org.apache.hadoop.ipc.Server$RpcCall.run(Server.java:1043) [hadoop-common-3.3.4.jar:?]
	at org.apache.hadoop.ipc.Server$RpcCall.run(Server.java:971) [hadoop-common-3.3.4.jar:?]
	at java.security.AccessController.doPrivileged(Native Method) ~[?:1.8.0_362]
	at javax.security.auth.Subject.doAs(Subject.java:422) [?:1.8.0_362]
	at org.apache.hadoop.security.UserGroupInformation.doAs(UserGroupInformation.java:1878) [hadoop-common-3.3.4.jar:?]
	at org.apache.hadoop.ipc.Server$Handler.run(Server.java:2976) [hadoop-common-3.3.4.jar:?]
08:18:29.860 [IPC Server handler 5 on default port 34455] ERROR OMAudit - user=runner | ip=127.0.0.1 | op=GET_FILE_STATUS {volume=volume94786, bucket=bucket02286, key=testBatchDelete/parent/childFolder/child3, dataSize=0, replicationConfig=null} | ret=FAILURE
org.apache.hadoop.ozone.om.exceptions.OMException: Unable to get file status: volume: volume94786 bucket: bucket02286 key: testBatchDelete/parent/childFolder/child3
	at org.apache.hadoop.ozone.om.KeyManagerImpl.getOzoneFileStatus(KeyManagerImpl.java:1162) ~[ozone-manager-1.4.0-SNAPSHOT.jar:?]
	at org.apache.hadoop.ozone.om.KeyManagerImpl.getFileStatus(KeyManagerImpl.java:1080) ~[ozone-manager-1.4.0-SNAPSHOT.jar:?]
	at org.apache.hadoop.ozone.om.OmMetadataReader.getFileStatus(OmMetadataReader.java:288) ~[ozone-manager-1.4.0-SNAPSHOT.jar:?]
	at org.apache.hadoop.ozone.om.OzoneManager.getFileStatus(OzoneManager.java:3449) ~[ozone-manager-1.4.0-SNAPSHOT.jar:?]
	at org.apache.hadoop.ozone.protocolPB.OzoneManagerRequestHandler.getOzoneFileStatus(OzoneManagerRequestHandler.java:933) ~[ozone-manager-1.4.0-SNAPSHOT.jar:?]
	at org.apache.hadoop.ozone.protocolPB.OzoneManagerRequestHandler.handleReadRequest(OzoneManagerRequestHandler.java:238) ~[ozone-manager-1.4.0-SNAPSHOT.jar:?]
	at org.apache.hadoop.ozone.protocolPB.OzoneManagerProtocolServerSideTranslatorPB.submitRequestDirectlyToOM(OzoneManagerProtocolServerSideTranslatorPB.java:271) ~[ozone-manager-1.4.0-SNAPSHOT.jar:?]
	at org.apache.hadoop.ozone.protocolPB.OzoneManagerProtocolServerSideTranslatorPB.processRequest(OzoneManagerProtocolServerSideTranslatorPB.java:173) ~[ozone-manager-1.4.0-SNAPSHOT.jar:?]
	at org.apache.hadoop.hdds.server.OzoneProtocolMessageDispatcher.processRequest(OzoneProtocolMessageDispatcher.java:87) [hdds-server-framework-1.4.0-SNAPSHOT.jar:?]
	at org.apache.hadoop.ozone.protocolPB.OzoneManagerProtocolServerSideTranslatorPB.submitRequest(OzoneManagerProtocolServerSideTranslatorPB.java:147) [ozone-manager-1.4.0-SNAPSHOT.jar:?]
	at org.apache.hadoop.ozone.protocol.proto.OzoneManagerProtocolProtos$OzoneManagerService$2.callBlockingMethod(OzoneManagerProtocolProtos.java) [ozone-interface-client-1.4.0-SNAPSHOT.jar:?]
	at org.apache.hadoop.ipc.ProtobufRpcEngine$Server.processCall(ProtobufRpcEngine.java:465) [hadoop-common-3.3.4.jar:?]
	at org.apache.hadoop.ipc.ProtobufRpcEngine2$Server$ProtoBufRpcInvoker.call(ProtobufRpcEngine2.java:578) [hadoop-common-3.3.4.jar:?]
	at org.apache.hadoop.ipc.ProtobufRpcEngine2$Server$ProtoBufRpcInvoker.call(ProtobufRpcEngine2.java:556) [hadoop-common-3.3.4.jar:?]
	at org.apache.hadoop.ipc.RPC$Server.call(RPC.java:1093) [hadoop-common-3.3.4.jar:?]
	at org.apache.hadoop.ipc.Server$RpcCall.run(Server.java:1043) [hadoop-common-3.3.4.jar:?]
	at org.apache.hadoop.ipc.Server$RpcCall.run(Server.java:971) [hadoop-common-3.3.4.jar:?]
	at java.security.AccessController.doPrivileged(Native Method) ~[?:1.8.0_362]
	at javax.security.auth.Subject.doAs(Subject.java:422) [?:1.8.0_362]
	at org.apache.hadoop.security.UserGroupInformation.doAs(UserGroupInformation.java:1878) [hadoop-common-3.3.4.jar:?]
	at org.apache.hadoop.ipc.Server$Handler.run(Server.java:2976) [hadoop-common-3.3.4.jar:?]
08:18:29.860 [IPC Server handler 7 on default port 34455] ERROR OMAudit - user=runner | ip=127.0.0.1 | op=GET_FILE_STATUS {volume=volume94786, bucket=bucket02286, key=testBatchDelete/parent/child4, dataSize=0, replicationConfig=null} | ret=FAILURE
org.apache.hadoop.ozone.om.exceptions.OMException: Unable to get file status: volume: volume94786 bucket: bucket02286 key: testBatchDelete/parent/child4
	at org.apache.hadoop.ozone.om.KeyManagerImpl.getOzoneFileStatus(KeyManagerImpl.java:1162) ~[ozone-manager-1.4.0-SNAPSHOT.jar:?]
	at org.apache.hadoop.ozone.om.KeyManagerImpl.getFileStatus(KeyManagerImpl.java:1080) ~[ozone-manager-1.4.0-SNAPSHOT.jar:?]
	at org.apache.hadoop.ozone.om.OmMetadataReader.getFileStatus(OmMetadataReader.java:288) ~[ozone-manager-1.4.0-SNAPSHOT.jar:?]
	at org.apache.hadoop.ozone.om.OzoneManager.getFileStatus(OzoneManager.java:3449) ~[ozone-manager-1.4.0-SNAPSHOT.jar:?]
	at org.apache.hadoop.ozone.protocolPB.OzoneManagerRequestHandler.getOzoneFileStatus(OzoneManagerRequestHandler.java:933) ~[ozone-manager-1.4.0-SNAPSHOT.jar:?]
	at org.apache.hadoop.ozone.protocolPB.OzoneManagerRequestHandler.handleReadRequest(OzoneManagerRequestHandler.java:238) ~[ozone-manager-1.4.0-SNAPSHOT.jar:?]
	at org.apache.hadoop.ozone.protocolPB.OzoneManagerProtocolServerSideTranslatorPB.submitRequestDirectlyToOM(OzoneManagerProtocolServerSideTranslatorPB.java:271) ~[ozone-manager-1.4.0-SNAPSHOT.jar:?]
	at org.apache.hadoop.ozone.protocolPB.OzoneManagerProtocolServerSideTranslatorPB.processRequest(OzoneManagerProtocolServerSideTranslatorPB.java:173) ~[ozone-manager-1.4.0-SNAPSHOT.jar:?]
	at org.apache.hadoop.hdds.server.OzoneProtocolMessageDispatcher.processRequest(OzoneProtocolMessageDispatcher.java:87) [hdds-server-framework-1.4.0-SNAPSHOT.jar:?]
	at org.apache.hadoop.ozone.protocolPB.OzoneManagerProtocolServerSideTranslatorPB.submitRequest(OzoneManagerProtocolServerSideTranslatorPB.java:147) [ozone-manager-1.4.0-SNAPSHOT.jar:?]
	at org.apache.hadoop.ozone.protocol.proto.OzoneManagerProtocolProtos$OzoneManagerService$2.callBlockingMethod(OzoneManagerProtocolProtos.java) [ozone-interface-client-1.4.0-SNAPSHOT.jar:?]
	at org.apache.hadoop.ipc.ProtobufRpcEngine$Server.processCall(ProtobufRpcEngine.java:465) [hadoop-common-3.3.4.jar:?]
	at org.apache.hadoop.ipc.ProtobufRpcEngine2$Server$ProtoBufRpcInvoker.call(ProtobufRpcEngine2.java:578) [hadoop-common-3.3.4.jar:?]
	at org.apache.hadoop.ipc.ProtobufRpcEngine2$Server$ProtoBufRpcInvoker.call(ProtobufRpcEngine2.java:556) [hadoop-common-3.3.4.jar:?]
	at org.apache.hadoop.ipc.RPC$Server.call(RPC.java:1093) [hadoop-common-3.3.4.jar:?]
	at org.apache.hadoop.ipc.Server$RpcCall.run(Server.java:1043) [hadoop-common-3.3.4.jar:?]
	at org.apache.hadoop.ipc.Server$RpcCall.run(Server.java:971) [hadoop-common-3.3.4.jar:?]
	at java.security.AccessController.doPrivileged(Native Method) ~[?:1.8.0_362]
	at javax.security.auth.Subject.doAs(Subject.java:422) [?:1.8.0_362]
	at org.apache.hadoop.security.UserGroupInformation.doAs(UserGroupInformation.java:1878) [hadoop-common-3.3.4.jar:?]
	at org.apache.hadoop.ipc.Server$Handler.run(Server.java:2976) [hadoop-common-3.3.4.jar:?]
08:18:29.861 [IPC Server handler 6 on default port 34455] ERROR OMAudit - user=runner | ip=127.0.0.1 | op=GET_FILE_STATUS {volume=volume94786, bucket=bucket02286, key=testBatchDelete/parent/childFolder/child4, dataSize=0, replicationConfig=null} | ret=FAILURE
org.apache.hadoop.ozone.om.exceptions.OMException: Unable to get file status: volume: volume94786 bucket: bucket02286 key: testBatchDelete/parent/childFolder/child4
	at org.apache.hadoop.ozone.om.KeyManagerImpl.getOzoneFileStatus(KeyManagerImpl.java:1162) ~[ozone-manager-1.4.0-SNAPSHOT.jar:?]
	at org.apache.hadoop.ozone.om.KeyManagerImpl.getFileStatus(KeyManagerImpl.java:1080) ~[ozone-manager-1.4.0-SNAPSHOT.jar:?]
	at org.apache.hadoop.ozone.om.OmMetadataReader.getFileStatus(OmMetadataReader.java:288) ~[ozone-manager-1.4.0-SNAPSHOT.jar:?]
	at org.apache.hadoop.ozone.om.OzoneManager.getFileStatus(OzoneManager.java:3449) ~[ozone-manager-1.4.0-SNAPSHOT.jar:?]
	at org.apache.hadoop.ozone.protocolPB.OzoneManagerRequestHandler.getOzoneFileStatus(OzoneManagerRequestHandler.java:933) ~[ozone-manager-1.4.0-SNAPSHOT.jar:?]
	at org.apache.hadoop.ozone.protocolPB.OzoneManagerRequestHandler.handleReadRequest(OzoneManagerRequestHandler.java:238) ~[ozone-manager-1.4.0-SNAPSHOT.jar:?]
	at org.apache.hadoop.ozone.protocolPB.OzoneManagerProtocolServerSideTranslatorPB.submitRequestDirectlyToOM(OzoneManagerProtocolServerSideTranslatorPB.java:271) ~[ozone-manager-1.4.0-SNAPSHOT.jar:?]
	at org.apache.hadoop.ozone.protocolPB.OzoneManagerProtocolServerSideTranslatorPB.processRequest(OzoneManagerProtocolServerSideTranslatorPB.java:173) ~[ozone-manager-1.4.0-SNAPSHOT.jar:?]
	at org.apache.hadoop.hdds.server.OzoneProtocolMessageDispatcher.processRequest(OzoneProtocolMessageDispatcher.java:87) [hdds-server-framework-1.4.0-SNAPSHOT.jar:?]
	at org.apache.hadoop.ozone.protocolPB.OzoneManagerProtocolServerSideTranslatorPB.submitRequest(OzoneManagerProtocolServerSideTranslatorPB.java:147) [ozone-manager-1.4.0-SNAPSHOT.jar:?]
	at org.apache.hadoop.ozone.protocol.proto.OzoneManagerProtocolProtos$OzoneManagerService$2.callBlockingMethod(OzoneManagerProtocolProtos.java) [ozone-interface-client-1.4.0-SNAPSHOT.jar:?]
	at org.apache.hadoop.ipc.ProtobufRpcEngine$Server.processCall(ProtobufRpcEngine.java:465) [hadoop-common-3.3.4.jar:?]
	at org.apache.hadoop.ipc.ProtobufRpcEngine2$Server$ProtoBufRpcInvoker.call(ProtobufRpcEngine2.java:578) [hadoop-common-3.3.4.jar:?]
	at org.apache.hadoop.ipc.ProtobufRpcEngine2$Server$ProtoBufRpcInvoker.call(ProtobufRpcEngine2.java:556) [hadoop-common-3.3.4.jar:?]
	at org.apache.hadoop.ipc.RPC$Server.call(RPC.java:1093) [hadoop-common-3.3.4.jar:?]
	at org.apache.hadoop.ipc.Server$RpcCall.run(Server.java:1043) [hadoop-common-3.3.4.jar:?]
	at org.apache.hadoop.ipc.Server$RpcCall.run(Server.java:971) [hadoop-common-3.3.4.jar:?]
	at java.security.AccessController.doPrivileged(Native Method) ~[?:1.8.0_362]
	at javax.security.auth.Subject.doAs(Subject.java:422) [?:1.8.0_362]
	at org.apache.hadoop.security.UserGroupInformation.doAs(UserGroupInformation.java:1878) [hadoop-common-3.3.4.jar:?]
	at org.apache.hadoop.ipc.Server$Handler.run(Server.java:2976) [hadoop-common-3.3.4.jar:?]
08:18:29.862 [IPC Server handler 9 on default port 34455] ERROR OMAudit - user=runner | ip=127.0.0.1 | op=GET_FILE_STATUS {volume=volume94786, bucket=bucket02286, key=testBatchDelete/parent/child5, dataSize=0, replicationConfig=null} | ret=FAILURE
org.apache.hadoop.ozone.om.exceptions.OMException: Unable to get file status: volume: volume94786 bucket: bucket02286 key: testBatchDelete/parent/child5
	at org.apache.hadoop.ozone.om.KeyManagerImpl.getOzoneFileStatus(KeyManagerImpl.java:1162) ~[ozone-manager-1.4.0-SNAPSHOT.jar:?]
	at org.apache.hadoop.ozone.om.KeyManagerImpl.getFileStatus(KeyManagerImpl.java:1080) ~[ozone-manager-1.4.0-SNAPSHOT.jar:?]
	at org.apache.hadoop.ozone.om.OmMetadataReader.getFileStatus(OmMetadataReader.java:288) ~[ozone-manager-1.4.0-SNAPSHOT.jar:?]
	at org.apache.hadoop.ozone.om.OzoneManager.getFileStatus(OzoneManager.java:3449) ~[ozone-manager-1.4.0-SNAPSHOT.jar:?]
	at org.apache.hadoop.ozone.protocolPB.OzoneManagerRequestHandler.getOzoneFileStatus(OzoneManagerRequestHandler.java:933) ~[ozone-manager-1.4.0-SNAPSHOT.jar:?]
	at org.apache.hadoop.ozone.protocolPB.OzoneManagerRequestHandler.handleReadRequest(OzoneManagerRequestHandler.java:238) ~[ozone-manager-1.4.0-SNAPSHOT.jar:?]
	at org.apache.hadoop.ozone.protocolPB.OzoneManagerProtocolServerSideTranslatorPB.submitRequestDirectlyToOM(OzoneManagerProtocolServerSideTranslatorPB.java:271) ~[ozone-manager-1.4.0-SNAPSHOT.jar:?]
	at org.apache.hadoop.ozone.protocolPB.OzoneManagerProtocolServerSideTranslatorPB.processRequest(OzoneManagerProtocolServerSideTranslatorPB.java:173) ~[ozone-manager-1.4.0-SNAPSHOT.jar:?]
	at org.apache.hadoop.hdds.server.OzoneProtocolMessageDispatcher.processRequest(OzoneProtocolMessageDispatcher.java:87) [hdds-server-framework-1.4.0-SNAPSHOT.jar:?]
	at org.apache.hadoop.ozone.protocolPB.OzoneManagerProtocolServerSideTranslatorPB.submitRequest(OzoneManagerProtocolServerSideTranslatorPB.java:147) [ozone-manager-1.4.0-SNAPSHOT.jar:?]
	at org.apache.hadoop.ozone.protocol.proto.OzoneManagerProtocolProtos$OzoneManagerService$2.callBlockingMethod(OzoneManagerProtocolProtos.java) [ozone-interface-client-1.4.0-SNAPSHOT.jar:?]
	at org.apache.hadoop.ipc.ProtobufRpcEngine$Server.processCall(ProtobufRpcEngine.java:465) [hadoop-common-3.3.4.jar:?]
	at org.apache.hadoop.ipc.ProtobufRpcEngine2$Server$ProtoBufRpcInvoker.call(ProtobufRpcEngine2.java:578) [hadoop-common-3.3.4.jar:?]
	at org.apache.hadoop.ipc.ProtobufRpcEngine2$Server$ProtoBufRpcInvoker.call(ProtobufRpcEngine2.java:556) [hadoop-common-3.3.4.jar:?]
	at org.apache.hadoop.ipc.RPC$Server.call(RPC.java:1093) [hadoop-common-3.3.4.jar:?]
	at org.apache.hadoop.ipc.Server$RpcCall.run(Server.java:1043) [hadoop-common-3.3.4.jar:?]
	at org.apache.hadoop.ipc.Server$RpcCall.run(Server.java:971) [hadoop-common-3.3.4.jar:?]
	at java.security.AccessController.doPrivileged(Native Method) ~[?:1.8.0_362]
	at javax.security.auth.Subject.doAs(Subject.java:422) [?:1.8.0_362]
	at org.apache.hadoop.security.UserGroupInformation.doAs(UserGroupInformation.java:1878) [hadoop-common-3.3.4.jar:?]
	at org.apache.hadoop.ipc.Server$Handler.run(Server.java:2976) [hadoop-common-3.3.4.jar:?]
08:18:29.862 [IPC Server handler 8 on default port 34455] ERROR OMAudit - user=runner | ip=127.0.0.1 | op=GET_FILE_STATUS {volume=volume94786, bucket=bucket02286, key=testBatchDelete/parent/childFolder/child5, dataSize=0, replicationConfig=null} | ret=FAILURE
org.apache.hadoop.ozone.om.exceptions.OMException: Unable to get file status: volume: volume94786 bucket: bucket02286 key: testBatchDelete/parent/childFolder/child5
	at org.apache.hadoop.ozone.om.KeyManagerImpl.getOzoneFileStatus(KeyManagerImpl.java:1162) ~[ozone-manager-1.4.0-SNAPSHOT.jar:?]
	at org.apache.hadoop.ozone.om.KeyManagerImpl.getFileStatus(KeyManagerImpl.java:1080) ~[ozone-manager-1.4.0-SNAPSHOT.jar:?]
	at org.apache.hadoop.ozone.om.OmMetadataReader.getFileStatus(OmMetadataReader.java:288) ~[ozone-manager-1.4.0-SNAPSHOT.jar:?]
	at org.apache.hadoop.ozone.om.OzoneManager.getFileStatus(OzoneManager.java:3449) ~[ozone-manager-1.4.0-SNAPSHOT.jar:?]
	at org.apache.hadoop.ozone.protocolPB.OzoneManagerRequestHandler.getOzoneFileStatus(OzoneManagerRequestHandler.java:933) ~[ozone-manager-1.4.0-SNAPSHOT.jar:?]
	at org.apache.hadoop.ozone.protocolPB.OzoneManagerRequestHandler.handleReadRequest(OzoneManagerRequestHandler.java:238) ~[ozone-manager-1.4.0-SNAPSHOT.jar:?]
	at org.apache.hadoop.ozone.protocolPB.OzoneManagerProtocolServerSideTranslatorPB.submitRequestDirectlyToOM(OzoneManagerProtocolServerSideTranslatorPB.java:271) ~[ozone-manager-1.4.0-SNAPSHOT.jar:?]
	at org.apache.hadoop.ozone.protocolPB.OzoneManagerProtocolServerSideTranslatorPB.processRequest(OzoneManagerProtocolServerSideTranslatorPB.java:173) ~[ozone-manager-1.4.0-SNAPSHOT.jar:?]
	at org.apache.hadoop.hdds.server.OzoneProtocolMessageDispatcher.processRequest(OzoneProtocolMessageDispatcher.java:87) [hdds-server-framework-1.4.0-SNAPSHOT.jar:?]
	at org.apache.hadoop.ozone.protocolPB.OzoneManagerProtocolServerSideTranslatorPB.submitRequest(OzoneManagerProtocolServerSideTranslatorPB.java:147) [ozone-manager-1.4.0-SNAPSHOT.jar:?]
	at org.apache.hadoop.ozone.protocol.proto.OzoneManagerProtocolProtos$OzoneManagerService$2.callBlockingMethod(OzoneManagerProtocolProtos.java) [ozone-interface-client-1.4.0-SNAPSHOT.jar:?]
	at org.apache.hadoop.ipc.ProtobufRpcEngine$Server.processCall(ProtobufRpcEngine.java:465) [hadoop-common-3.3.4.jar:?]
	at org.apache.hadoop.ipc.ProtobufRpcEngine2$Server$ProtoBufRpcInvoker.call(ProtobufRpcEngine2.java:578) [hadoop-common-3.3.4.jar:?]
	at org.apache.hadoop.ipc.ProtobufRpcEngine2$Server$ProtoBufRpcInvoker.call(ProtobufRpcEngine2.java:556) [hadoop-common-3.3.4.jar:?]
	at org.apache.hadoop.ipc.RPC$Server.call(RPC.java:1093) [hadoop-common-3.3.4.jar:?]
	at org.apache.hadoop.ipc.Server$RpcCall.run(Server.java:1043) [hadoop-common-3.3.4.jar:?]
	at org.apache.hadoop.ipc.Server$RpcCall.run(Server.java:971) [hadoop-common-3.3.4.jar:?]
	at java.security.AccessController.doPrivileged(Native Method) ~[?:1.8.0_362]
	at javax.security.auth.Subject.doAs(Subject.java:422) [?:1.8.0_362]
	at org.apache.hadoop.security.UserGroupInformation.doAs(UserGroupInformation.java:1878) [hadoop-common-3.3.4.jar:?]
	at org.apache.hadoop.ipc.Server$Handler.run(Server.java:2976) [hadoop-common-3.3.4.jar:?]
08:18:29.863 [IPC Server handler 10 on default port 34455] ERROR OMAudit - user=runner | ip=127.0.0.1 | op=GET_FILE_STATUS {volume=volume94786, bucket=bucket02286, key=testBatchDelete/parent/child6, dataSize=0, replicationConfig=null} | ret=FAILURE
org.apache.hadoop.ozone.om.exceptions.OMException: Unable to get file status: volume: volume94786 bucket: bucket02286 key: testBatchDelete/parent/child6
	at org.apache.hadoop.ozone.om.KeyManagerImpl.getOzoneFileStatus(KeyManagerImpl.java:1162) ~[ozone-manager-1.4.0-SNAPSHOT.jar:?]
	at org.apache.hadoop.ozone.om.KeyManagerImpl.getFileStatus(KeyManagerImpl.java:1080) ~[ozone-manager-1.4.0-SNAPSHOT.jar:?]
	at org.apache.hadoop.ozone.om.OmMetadataReader.getFileStatus(OmMetadataReader.java:288) ~[ozone-manager-1.4.0-SNAPSHOT.jar:?]
	at org.apache.hadoop.ozone.om.OzoneManager.getFileStatus(OzoneManager.java:3449) ~[ozone-manager-1.4.0-SNAPSHOT.jar:?]
	at org.apache.hadoop.ozone.protocolPB.OzoneManagerRequestHandler.getOzoneFileStatus(OzoneManagerRequestHandler.java:933) ~[ozone-manager-1.4.0-SNAPSHOT.jar:?]
	at org.apache.hadoop.ozone.protocolPB.OzoneManagerRequestHandler.handleReadRequest(OzoneManagerRequestHandler.java:238) ~[ozone-manager-1.4.0-SNAPSHOT.jar:?]
	at org.apache.hadoop.ozone.protocolPB.OzoneManagerProtocolServerSideTranslatorPB.submitRequestDirectlyToOM(OzoneManagerProtocolServerSideTranslatorPB.java:271) ~[ozone-manager-1.4.0-SNAPSHOT.jar:?]
	at org.apache.hadoop.ozone.protocolPB.OzoneManagerProtocolServerSideTranslatorPB.processRequest(OzoneManagerProtocolServerSideTranslatorPB.java:173) ~[ozone-manager-1.4.0-SNAPSHOT.jar:?]
	at org.apache.hadoop.hdds.server.OzoneProtocolMessageDispatcher.processRequest(OzoneProtocolMessageDispatcher.java:87) [hdds-server-framework-1.4.0-SNAPSHOT.jar:?]
	at org.apache.hadoop.ozone.protocolPB.OzoneManagerProtocolServerSideTranslatorPB.submitRequest(OzoneManagerProtocolServerSideTranslatorPB.java:147) [ozone-manager-1.4.0-SNAPSHOT.jar:?]
	at org.apache.hadoop.ozone.protocol.proto.OzoneManagerProtocolProtos$OzoneManagerService$2.callBlockingMethod(OzoneManagerProtocolProtos.java) [ozone-interface-client-1.4.0-SNAPSHOT.jar:?]
	at org.apache.hadoop.ipc.ProtobufRpcEngine$Server.processCall(ProtobufRpcEngine.java:465) [hadoop-common-3.3.4.jar:?]
	at org.apache.hadoop.ipc.ProtobufRpcEngine2$Server$ProtoBufRpcInvoker.call(ProtobufRpcEngine2.java:578) [hadoop-common-3.3.4.jar:?]
	at org.apache.hadoop.ipc.ProtobufRpcEngine2$Server$ProtoBufRpcInvoker.call(ProtobufRpcEngine2.java:556) [hadoop-common-3.3.4.jar:?]
	at org.apache.hadoop.ipc.RPC$Server.call(RPC.java:1093) [hadoop-common-3.3.4.jar:?]
	at org.apache.hadoop.ipc.Server$RpcCall.run(Server.java:1043) [hadoop-common-3.3.4.jar:?]
	at org.apache.hadoop.ipc.Server$RpcCall.run(Server.java:971) [hadoop-common-3.3.4.jar:?]
	at java.security.AccessController.doPrivileged(Native Method) ~[?:1.8.0_362]
	at javax.security.auth.Subject.doAs(Subject.java:422) [?:1.8.0_362]
	at org.apache.hadoop.security.UserGroupInformation.doAs(UserGroupInformation.java:1878) [hadoop-common-3.3.4.jar:?]
	at org.apache.hadoop.ipc.Server$Handler.run(Server.java:2976) [hadoop-common-3.3.4.jar:?]
08:18:29.865 [IPC Server handler 11 on default port 34455] ERROR OMAudit - user=runner | ip=127.0.0.1 | op=GET_FILE_STATUS {volume=volume94786, bucket=bucket02286, key=testBatchDelete/parent/childFolder/child6, dataSize=0, replicationConfig=null} | ret=FAILURE
org.apache.hadoop.ozone.om.exceptions.OMException: Unable to get file status: volume: volume94786 bucket: bucket02286 key: testBatchDelete/parent/childFolder/child6
	at org.apache.hadoop.ozone.om.KeyManagerImpl.getOzoneFileStatus(KeyManagerImpl.java:1162) ~[ozone-manager-1.4.0-SNAPSHOT.jar:?]
	at org.apache.hadoop.ozone.om.KeyManagerImpl.getFileStatus(KeyManagerImpl.java:1080) ~[ozone-manager-1.4.0-SNAPSHOT.jar:?]
	at org.apache.hadoop.ozone.om.OmMetadataReader.getFileStatus(OmMetadataReader.java:288) ~[ozone-manager-1.4.0-SNAPSHOT.jar:?]
	at org.apache.hadoop.ozone.om.OzoneManager.getFileStatus(OzoneManager.java:3449) ~[ozone-manager-1.4.0-SNAPSHOT.jar:?]
	at org.apache.hadoop.ozone.protocolPB.OzoneManagerRequestHandler.getOzoneFileStatus(OzoneManagerRequestHandler.java:933) ~[ozone-manager-1.4.0-SNAPSHOT.jar:?]
	at org.apache.hadoop.ozone.protocolPB.OzoneManagerRequestHandler.handleReadRequest(OzoneManagerRequestHandler.java:238) ~[ozone-manager-1.4.0-SNAPSHOT.jar:?]
	at org.apache.hadoop.ozone.protocolPB.OzoneManagerProtocolServerSideTranslatorPB.submitRequestDirectlyToOM(OzoneManagerProtocolServerSideTranslatorPB.java:271) ~[ozone-manager-1.4.0-SNAPSHOT.jar:?]
	at org.apache.hadoop.ozone.protocolPB.OzoneManagerProtocolServerSideTranslatorPB.processRequest(OzoneManagerProtocolServerSideTranslatorPB.java:173) ~[ozone-manager-1.4.0-SNAPSHOT.jar:?]
	at org.apache.hadoop.hdds.server.OzoneProtocolMessageDispatcher.processRequest(OzoneProtocolMessageDispatcher.java:87) [hdds-server-framework-1.4.0-SNAPSHOT.jar:?]
	at org.apache.hadoop.ozone.protocolPB.OzoneManagerProtocolServerSideTranslatorPB.submitRequest(OzoneManagerProtocolServerSideTranslatorPB.java:147) [ozone-manager-1.4.0-SNAPSHOT.jar:?]
	at org.apache.hadoop.ozone.protocol.proto.OzoneManagerProtocolProtos$OzoneManagerService$2.callBlockingMethod(OzoneManagerProtocolProtos.java) [ozone-interface-client-1.4.0-SNAPSHOT.jar:?]
	at org.apache.hadoop.ipc.ProtobufRpcEngine$Server.processCall(ProtobufRpcEngine.java:465) [hadoop-common-3.3.4.jar:?]
	at org.apache.hadoop.ipc.ProtobufRpcEngine2$Server$ProtoBufRpcInvoker.call(ProtobufRpcEngine2.java:578) [hadoop-common-3.3.4.jar:?]
	at org.apache.hadoop.ipc.ProtobufRpcEngine2$Server$ProtoBufRpcInvoker.call(ProtobufRpcEngine2.java:556) [hadoop-common-3.3.4.jar:?]
	at org.apache.hadoop.ipc.RPC$Server.call(RPC.java:1093) [hadoop-common-3.3.4.jar:?]
	at org.apache.hadoop.ipc.Server$RpcCall.run(Server.java:1043) [hadoop-common-3.3.4.jar:?]
	at org.apache.hadoop.ipc.Server$RpcCall.run(Server.java:971) [hadoop-common-3.3.4.jar:?]
	at java.security.AccessController.doPrivileged(Native Method) ~[?:1.8.0_362]
	at javax.security.auth.Subject.doAs(Subject.java:422) [?:1.8.0_362]
	at org.apache.hadoop.security.UserGroupInformation.doAs(UserGroupInformation.java:1878) [hadoop-common-3.3.4.jar:?]
	at org.apache.hadoop.ipc.Server$Handler.run(Server.java:2976) [hadoop-common-3.3.4.jar:?]
08:18:29.865 [IPC Server handler 12 on default port 34455] ERROR OMAudit - user=runner | ip=127.0.0.1 | op=GET_FILE_STATUS {volume=volume94786, bucket=bucket02286, key=testBatchDelete/parent/child7, dataSize=0, replicationConfig=null} | ret=FAILURE
org.apache.hadoop.ozone.om.exceptions.OMException: Unable to get file status: volume: volume94786 bucket: bucket02286 key: testBatchDelete/parent/child7
	at org.apache.hadoop.ozone.om.KeyManagerImpl.getOzoneFileStatus(KeyManagerImpl.java:1162) ~[ozone-manager-1.4.0-SNAPSHOT.jar:?]
	at org.apache.hadoop.ozone.om.KeyManagerImpl.getFileStatus(KeyManagerImpl.java:1080) ~[ozone-manager-1.4.0-SNAPSHOT.jar:?]
	at org.apache.hadoop.ozone.om.OmMetadataReader.getFileStatus(OmMetadataReader.java:288) ~[ozone-manager-1.4.0-SNAPSHOT.jar:?]
	at org.apache.hadoop.ozone.om.OzoneManager.getFileStatus(OzoneManager.java:3449) ~[ozone-manager-1.4.0-SNAPSHOT.jar:?]
	at org.apache.hadoop.ozone.protocolPB.OzoneManagerRequestHandler.getOzoneFileStatus(OzoneManagerRequestHandler.java:933) ~[ozone-manager-1.4.0-SNAPSHOT.jar:?]
	at org.apache.hadoop.ozone.protocolPB.OzoneManagerRequestHandler.handleReadRequest(OzoneManagerRequestHandler.java:238) ~[ozone-manager-1.4.0-SNAPSHOT.jar:?]
	at org.apache.hadoop.ozone.protocolPB.OzoneManagerProtocolServerSideTranslatorPB.submitRequestDirectlyToOM(OzoneManagerProtocolServerSideTranslatorPB.java:271) ~[ozone-manager-1.4.0-SNAPSHOT.jar:?]
	at org.apache.hadoop.ozone.protocolPB.OzoneManagerProtocolServerSideTranslatorPB.processRequest(OzoneManagerProtocolServerSideTranslatorPB.java:173) ~[ozone-manager-1.4.0-SNAPSHOT.jar:?]
	at org.apache.hadoop.hdds.server.OzoneProtocolMessageDispatcher.processRequest(OzoneProtocolMessageDispatcher.java:87) [hdds-server-framework-1.4.0-SNAPSHOT.jar:?]
	at org.apache.hadoop.ozone.protocolPB.OzoneManagerProtocolServerSideTranslatorPB.submitRequest(OzoneManagerProtocolServerSideTranslatorPB.java:147) [ozone-manager-1.4.0-SNAPSHOT.jar:?]
	at org.apache.hadoop.ozone.protocol.proto.OzoneManagerProtocolProtos$OzoneManagerService$2.callBlockingMethod(OzoneManagerProtocolProtos.java) [ozone-interface-client-1.4.0-SNAPSHOT.jar:?]
	at org.apache.hadoop.ipc.ProtobufRpcEngine$Server.processCall(ProtobufRpcEngine.java:465) [hadoop-common-3.3.4.jar:?]
	at org.apache.hadoop.ipc.ProtobufRpcEngine2$Server$ProtoBufRpcInvoker.call(ProtobufRpcEngine2.java:578) [hadoop-common-3.3.4.jar:?]
	at org.apache.hadoop.ipc.ProtobufRpcEngine2$Server$ProtoBufRpcInvoker.call(ProtobufRpcEngine2.java:556) [hadoop-common-3.3.4.jar:?]
	at org.apache.hadoop.ipc.RPC$Server.call(RPC.java:1093) [hadoop-common-3.3.4.jar:?]
	at org.apache.hadoop.ipc.Server$RpcCall.run(Server.java:1043) [hadoop-common-3.3.4.jar:?]
	at org.apache.hadoop.ipc.Server$RpcCall.run(Server.java:971) [hadoop-common-3.3.4.jar:?]
	at java.security.AccessController.doPrivileged(Native Method) ~[?:1.8.0_362]
	at javax.security.auth.Subject.doAs(Subject.java:422) [?:1.8.0_362]
	at org.apache.hadoop.security.UserGroupInformation.doAs(UserGroupInformation.java:1878) [hadoop-common-3.3.4.jar:?]
	at org.apache.hadoop.ipc.Server$Handler.run(Server.java:2976) [hadoop-common-3.3.4.jar:?]
08:18:29.866 [IPC Server handler 13 on default port 34455] ERROR OMAudit - user=runner | ip=127.0.0.1 | op=GET_FILE_STATUS {volume=volume94786, bucket=bucket02286, key=testBatchDelete/parent/childFolder/child7, dataSize=0, replicationConfig=null} | ret=FAILURE
org.apache.hadoop.ozone.om.exceptions.OMException: Unable to get file status: volume: volume94786 bucket: bucket02286 key: testBatchDelete/parent/childFolder/child7
	at org.apache.hadoop.ozone.om.KeyManagerImpl.getOzoneFileStatus(KeyManagerImpl.java:1162) ~[ozone-manager-1.4.0-SNAPSHOT.jar:?]
	at org.apache.hadoop.ozone.om.KeyManagerImpl.getFileStatus(KeyManagerImpl.java:1080) ~[ozone-manager-1.4.0-SNAPSHOT.jar:?]
	at org.apache.hadoop.ozone.om.OmMetadataReader.getFileStatus(OmMetadataReader.java:288) ~[ozone-manager-1.4.0-SNAPSHOT.jar:?]
	at org.apache.hadoop.ozone.om.OzoneManager.getFileStatus(OzoneManager.java:3449) ~[ozone-manager-1.4.0-SNAPSHOT.jar:?]
	at org.apache.hadoop.ozone.protocolPB.OzoneManagerRequestHandler.getOzoneFileStatus(OzoneManagerRequestHandler.java:933) ~[ozone-manager-1.4.0-SNAPSHOT.jar:?]
	at org.apache.hadoop.ozone.protocolPB.OzoneManagerRequestHandler.handleReadRequest(OzoneManagerRequestHandler.java:238) ~[ozone-manager-1.4.0-SNAPSHOT.jar:?]
	at org.apache.hadoop.ozone.protocolPB.OzoneManagerProtocolServerSideTranslatorPB.submitRequestDirectlyToOM(OzoneManagerProtocolServerSideTranslatorPB.java:271) ~[ozone-manager-1.4.0-SNAPSHOT.jar:?]
	at org.apache.hadoop.ozone.protocolPB.OzoneManagerProtocolServerSideTranslatorPB.processRequest(OzoneManagerProtocolServerSideTranslatorPB.java:173) ~[ozone-manager-1.4.0-SNAPSHOT.jar:?]
	at org.apache.hadoop.hdds.server.OzoneProtocolMessageDispatcher.processRequest(OzoneProtocolMessageDispatcher.java:87) [hdds-server-framework-1.4.0-SNAPSHOT.jar:?]
	at org.apache.hadoop.ozone.protocolPB.OzoneManagerProtocolServerSideTranslatorPB.submitRequest(OzoneManagerProtocolServerSideTranslatorPB.java:147) [ozone-manager-1.4.0-SNAPSHOT.jar:?]
	at org.apache.hadoop.ozone.protocol.proto.OzoneManagerProtocolProtos$OzoneManagerService$2.callBlockingMethod(OzoneManagerProtocolProtos.java) [ozone-interface-client-1.4.0-SNAPSHOT.jar:?]
	at org.apache.hadoop.ipc.ProtobufRpcEngine$Server.processCall(ProtobufRpcEngine.java:465) [hadoop-common-3.3.4.jar:?]
	at org.apache.hadoop.ipc.ProtobufRpcEngine2$Server$ProtoBufRpcInvoker.call(ProtobufRpcEngine2.java:578) [hadoop-common-3.3.4.jar:?]
	at org.apache.hadoop.ipc.ProtobufRpcEngine2$Server$ProtoBufRpcInvoker.call(ProtobufRpcEngine2.java:556) [hadoop-common-3.3.4.jar:?]
	at org.apache.hadoop.ipc.RPC$Server.call(RPC.java:1093) [hadoop-common-3.3.4.jar:?]
	at org.apache.hadoop.ipc.Server$RpcCall.run(Server.java:1043) [hadoop-common-3.3.4.jar:?]
	at org.apache.hadoop.ipc.Server$RpcCall.run(Server.java:971) [hadoop-common-3.3.4.jar:?]
	at java.security.AccessController.doPrivileged(Native Method) ~[?:1.8.0_362]
	at javax.security.auth.Subject.doAs(Subject.java:422) [?:1.8.0_362]
	at org.apache.hadoop.security.UserGroupInformation.doAs(UserGroupInformation.java:1878) [hadoop-common-3.3.4.jar:?]
	at org.apache.hadoop.ipc.Server$Handler.run(Server.java:2976) [hadoop-common-3.3.4.jar:?]
08:18:29.866 [IPC Server handler 14 on default port 34455] ERROR OMAudit - user=runner | ip=127.0.0.1 | op=GET_FILE_STATUS {volume=volume94786, bucket=bucket02286, key=testBatchDelete/parent, dataSize=0, replicationConfig=null} | ret=FAILURE
org.apache.hadoop.ozone.om.exceptions.OMException: Unable to get file status: volume: volume94786 bucket: bucket02286 key: testBatchDelete/parent
	at org.apache.hadoop.ozone.om.KeyManagerImpl.getOzoneFileStatus(KeyManagerImpl.java:1162) ~[ozone-manager-1.4.0-SNAPSHOT.jar:?]
	at org.apache.hadoop.ozone.om.KeyManagerImpl.getFileStatus(KeyManagerImpl.java:1080) ~[ozone-manager-1.4.0-SNAPSHOT.jar:?]
	at org.apache.hadoop.ozone.om.OmMetadataReader.getFileStatus(OmMetadataReader.java:288) ~[ozone-manager-1.4.0-SNAPSHOT.jar:?]
	at org.apache.hadoop.ozone.om.OzoneManager.getFileStatus(OzoneManager.java:3449) ~[ozone-manager-1.4.0-SNAPSHOT.jar:?]
	at org.apache.hadoop.ozone.protocolPB.OzoneManagerRequestHandler.getOzoneFileStatus(OzoneManagerRequestHandler.java:933) ~[ozone-manager-1.4.0-SNAPSHOT.jar:?]
	at org.apache.hadoop.ozone.protocolPB.OzoneManagerRequestHandler.handleReadRequest(OzoneManagerRequestHandler.java:238) ~[ozone-manager-1.4.0-SNAPSHOT.jar:?]
	at org.apache.hadoop.ozone.protocolPB.OzoneManagerProtocolServerSideTranslatorPB.submitRequestDirectlyToOM(OzoneManagerProtocolServerSideTranslatorPB.java:271) ~[ozone-manager-1.4.0-SNAPSHOT.jar:?]
	at org.apache.hadoop.ozone.protocolPB.OzoneManagerProtocolServerSideTranslatorPB.processRequest(OzoneManagerProtocolServerSideTranslatorPB.java:173) ~[ozone-manager-1.4.0-SNAPSHOT.jar:?]
	at org.apache.hadoop.hdds.server.OzoneProtocolMessageDispatcher.processRequest(OzoneProtocolMessageDispatcher.java:87) [hdds-server-framework-1.4.0-SNAPSHOT.jar:?]
	at org.apache.hadoop.ozone.protocolPB.OzoneManagerProtocolServerSideTranslatorPB.submitRequest(OzoneManagerProtocolServerSideTranslatorPB.java:147) [ozone-manager-1.4.0-SNAPSHOT.jar:?]
	at org.apache.hadoop.ozone.protocol.proto.OzoneManagerProtocolProtos$OzoneManagerService$2.callBlockingMethod(OzoneManagerProtocolProtos.java) [ozone-interface-client-1.4.0-SNAPSHOT.jar:?]
	at org.apache.hadoop.ipc.ProtobufRpcEngine$Server.processCall(ProtobufRpcEngine.java:465) [hadoop-common-3.3.4.jar:?]
	at org.apache.hadoop.ipc.ProtobufRpcEngine2$Server$ProtoBufRpcInvoker.call(ProtobufRpcEngine2.java:578) [hadoop-common-3.3.4.jar:?]
	at org.apache.hadoop.ipc.ProtobufRpcEngine2$Server$ProtoBufRpcInvoker.call(ProtobufRpcEngine2.java:556) [hadoop-common-3.3.4.jar:?]
	at org.apache.hadoop.ipc.RPC$Server.call(RPC.java:1093) [hadoop-common-3.3.4.jar:?]
	at org.apache.hadoop.ipc.Server$RpcCall.run(Server.java:1043) [hadoop-common-3.3.4.jar:?]
	at org.apache.hadoop.ipc.Server$RpcCall.run(Server.java:971) [hadoop-common-3.3.4.jar:?]
	at java.security.AccessController.doPrivileged(Native Method) ~[?:1.8.0_362]
	at javax.security.auth.Subject.doAs(Subject.java:422) [?:1.8.0_362]
	at org.apache.hadoop.security.UserGroupInformation.doAs(UserGroupInformation.java:1878) [hadoop-common-3.3.4.jar:?]
	at org.apache.hadoop.ipc.Server$Handler.run(Server.java:2976) [hadoop-common-3.3.4.jar:?]
2023-02-14 08:18:29,866 [Time-limited test] WARN  ozone.BasicOzoneFileSystem (BasicOzoneFileSystem.java:delete(559)) - delete: Path does not exist: /testBatchDelete/parent
]]></system-out>
  </testcase>
  <testcase name="testFileDelete" classname="TestOzoneFileSystem" time="0.062">
    <failure type="java.lang.AssertionError"><![CDATA[java.lang.AssertionError
	at org.junit.Assert.fail(Assert.java:87)
	at org.junit.Assert.assertTrue(Assert.java:42)
	at org.junit.Assert.assertFalse(Assert.java:65)
	at org.junit.Assert.assertFalse(Assert.java:75)
	at org.apache.hadoop.fs.ozone.TestOzoneFileSystem.testFileDelete(TestOzoneFileSystem.java:554)
	at sun.reflect.NativeMethodAccessorImpl.invoke0(Native Method)
	at sun.reflect.NativeMethodAccessorImpl.invoke(NativeMethodAccessorImpl.java:62)
	at sun.reflect.DelegatingMethodAccessorImpl.invoke(DelegatingMethodAccessorImpl.java:43)
	at java.lang.reflect.Method.invoke(Method.java:498)
	at org.junit.runners.model.FrameworkMethod$1.runReflectiveCall(FrameworkMethod.java:59)
	at org.junit.internal.runners.model.ReflectiveCallable.run(ReflectiveCallable.java:12)
	at org.junit.runners.model.FrameworkMethod.invokeExplosively(FrameworkMethod.java:56)
	at org.junit.internal.runners.statements.InvokeMethod.evaluate(InvokeMethod.java:17)
	at org.junit.internal.runners.statements.RunAfters.evaluate(RunAfters.java:27)
	at org.junit.internal.runners.statements.FailOnTimeout$CallableStatement.call(FailOnTimeout.java:288)
	at org.junit.internal.runners.statements.FailOnTimeout$CallableStatement.call(FailOnTimeout.java:282)
	at java.util.concurrent.FutureTask.run(FutureTask.java:266)
	at java.lang.Thread.run(Thread.java:750)
]]></failure>
    <system-out><![CDATA[2023-02-14 08:19:12,826 [OM StateMachine ApplyTransaction Thread - 0] INFO  key.OMKeyRequest (OMKeyRequest.java:wrapUncommittedBlocksAsPseudoKey(837)) - Detect allocated but uncommitted blocks [{blockID={containerID=3, localID=111677748019200040}, length=4194304, offset=0, token=null, pipeline=null, createVersion=0, partNumber=0}] in key testBatchDelete/parent/child0.
2023-02-14 08:19:12,829 [OM StateMachine ApplyTransaction Thread - 0] INFO  key.OMKeyRequest (OMKeyRequest.java:wrapUncommittedBlocksAsPseudoKey(837)) - Detect allocated but uncommitted blocks [{blockID={containerID=4, localID=111677748019200041}, length=4194304, offset=0, token=null, pipeline=null, createVersion=0, partNumber=0}] in key testBatchDelete/parent/childFolder/child0.
2023-02-14 08:19:12,833 [OM StateMachine ApplyTransaction Thread - 0] INFO  key.OMKeyRequest (OMKeyRequest.java:wrapUncommittedBlocksAsPseudoKey(837)) - Detect allocated but uncommitted blocks [{blockID={containerID=1, localID=111677748019200042}, length=4194304, offset=0, token=null, pipeline=null, createVersion=0, partNumber=0}] in key testBatchDelete/parent/child1.
2023-02-14 08:19:12,836 [OM StateMachine ApplyTransaction Thread - 0] INFO  key.OMKeyRequest (OMKeyRequest.java:wrapUncommittedBlocksAsPseudoKey(837)) - Detect allocated but uncommitted blocks [{blockID={containerID=3, localID=111677748019200043}, length=4194304, offset=0, token=null, pipeline=null, createVersion=0, partNumber=0}] in key testBatchDelete/parent/childFolder/child1.
2023-02-14 08:19:12,839 [OM StateMachine ApplyTransaction Thread - 0] INFO  key.OMKeyRequest (OMKeyRequest.java:wrapUncommittedBlocksAsPseudoKey(837)) - Detect allocated but uncommitted blocks [{blockID={containerID=1, localID=111677748019200044}, length=4194304, offset=0, token=null, pipeline=null, createVersion=0, partNumber=0}] in key testBatchDelete/parent/child2.
2023-02-14 08:19:12,842 [OM StateMachine ApplyTransaction Thread - 0] INFO  key.OMKeyRequest (OMKeyRequest.java:wrapUncommittedBlocksAsPseudoKey(837)) - Detect allocated but uncommitted blocks [{blockID={containerID=3, localID=111677748019200045}, length=4194304, offset=0, token=null, pipeline=null, createVersion=0, partNumber=0}] in key testBatchDelete/parent/childFolder/child2.
2023-02-14 08:19:12,845 [OM StateMachine ApplyTransaction Thread - 0] INFO  key.OMKeyRequest (OMKeyRequest.java:wrapUncommittedBlocksAsPseudoKey(837)) - Detect allocated but uncommitted blocks [{blockID={containerID=1, localID=111677748019200046}, length=4194304, offset=0, token=null, pipeline=null, createVersion=0, partNumber=0}] in key testBatchDelete/parent/child3.
2023-02-14 08:19:12,848 [OM StateMachine ApplyTransaction Thread - 0] INFO  key.OMKeyRequest (OMKeyRequest.java:wrapUncommittedBlocksAsPseudoKey(837)) - Detect allocated but uncommitted blocks [{blockID={containerID=3, localID=111677748019200047}, length=4194304, offset=0, token=null, pipeline=null, createVersion=0, partNumber=0}] in key testBatchDelete/parent/childFolder/child3.
2023-02-14 08:19:12,851 [OM StateMachine ApplyTransaction Thread - 0] INFO  key.OMKeyRequest (OMKeyRequest.java:wrapUncommittedBlocksAsPseudoKey(837)) - Detect allocated but uncommitted blocks [{blockID={containerID=2, localID=111677748019200048}, length=4194304, offset=0, token=null, pipeline=null, createVersion=0, partNumber=0}] in key testBatchDelete/parent/child4.
2023-02-14 08:19:12,854 [OM StateMachine ApplyTransaction Thread - 0] INFO  key.OMKeyRequest (OMKeyRequest.java:wrapUncommittedBlocksAsPseudoKey(837)) - Detect allocated but uncommitted blocks [{blockID={containerID=4, localID=111677748019200049}, length=4194304, offset=0, token=null, pipeline=null, createVersion=0, partNumber=0}] in key testBatchDelete/parent/childFolder/child4.
2023-02-14 08:19:12,857 [OM StateMachine ApplyTransaction Thread - 0] INFO  key.OMKeyRequest (OMKeyRequest.java:wrapUncommittedBlocksAsPseudoKey(837)) - Detect allocated but uncommitted blocks [{blockID={containerID=1, localID=111677748019200050}, length=4194304, offset=0, token=null, pipeline=null, createVersion=0, partNumber=0}] in key testBatchDelete/parent/child5.
2023-02-14 08:19:12,860 [OM StateMachine ApplyTransaction Thread - 0] INFO  key.OMKeyRequest (OMKeyRequest.java:wrapUncommittedBlocksAsPseudoKey(837)) - Detect allocated but uncommitted blocks [{blockID={containerID=3, localID=111677748019200051}, length=4194304, offset=0, token=null, pipeline=null, createVersion=0, partNumber=0}] in key testBatchDelete/parent/childFolder/child5.
2023-02-14 08:19:12,863 [OM StateMachine ApplyTransaction Thread - 0] INFO  key.OMKeyRequest (OMKeyRequest.java:wrapUncommittedBlocksAsPseudoKey(837)) - Detect allocated but uncommitted blocks [{blockID={containerID=1, localID=111677748019200052}, length=4194304, offset=0, token=null, pipeline=null, createVersion=0, partNumber=0}] in key testBatchDelete/parent/child6.
2023-02-14 08:19:12,866 [OM StateMachine ApplyTransaction Thread - 0] INFO  key.OMKeyRequest (OMKeyRequest.java:wrapUncommittedBlocksAsPseudoKey(837)) - Detect allocated but uncommitted blocks [{blockID={containerID=2, localID=111677748019200053}, length=4194304, offset=0, token=null, pipeline=null, createVersion=0, partNumber=0}] in key testBatchDelete/parent/childFolder/child6.
2023-02-14 08:19:12,868 [OM StateMachine ApplyTransaction Thread - 0] INFO  key.OMKeyRequest (OMKeyRequest.java:wrapUncommittedBlocksAsPseudoKey(837)) - Detect allocated but uncommitted blocks [{blockID={containerID=3, localID=111677748019200054}, length=4194304, offset=0, token=null, pipeline=null, createVersion=0, partNumber=0}] in key testBatchDelete/parent/child7.
2023-02-14 08:19:12,871 [OM StateMachine ApplyTransaction Thread - 0] INFO  key.OMKeyRequest (OMKeyRequest.java:wrapUncommittedBlocksAsPseudoKey(837)) - Detect allocated but uncommitted blocks [{blockID={containerID=4, localID=111677748019200055}, length=4194304, offset=0, token=null, pipeline=null, createVersion=0, partNumber=0}] in key testBatchDelete/parent/childFolder/child7.
]]></system-out>
  </testcase>
  <testcase name="testFileDelete" classname="TestOzoneFileSystem" time="0.099">
    <system-out><![CDATA[2023-02-14 08:19:59,553 [IPC Server handler 6 on default port 42497] INFO  key.OMKeyRequest (OMKeyRequest.java:wrapUncommittedBlocksAsPseudoKey(837)) - Detect allocated but uncommitted blocks [{blockID={containerID=1, localID=111677748019200040}, length=4194304, offset=0, token=null, pipeline=null, createVersion=0, partNumber=0}] in key testBatchDelete/parent/child0.
2023-02-14 08:19:59,555 [IPC Server handler 15 on default port 42497] INFO  key.OMKeyRequest (OMKeyRequest.java:wrapUncommittedBlocksAsPseudoKey(837)) - Detect allocated but uncommitted blocks [{blockID={containerID=2, localID=111677748019200041}, length=4194304, offset=0, token=null, pipeline=null, createVersion=0, partNumber=0}] in key testBatchDelete/parent/childFolder/child0.
2023-02-14 08:19:59,557 [IPC Server handler 5 on default port 42497] INFO  key.OMKeyRequest (OMKeyRequest.java:wrapUncommittedBlocksAsPseudoKey(837)) - Detect allocated but uncommitted blocks [{blockID={containerID=1, localID=111677748019200042}, length=4194304, offset=0, token=null, pipeline=null, createVersion=0, partNumber=0}] in key testBatchDelete/parent/child1.
2023-02-14 08:19:59,559 [IPC Server handler 0 on default port 42497] INFO  key.OMKeyRequest (OMKeyRequest.java:wrapUncommittedBlocksAsPseudoKey(837)) - Detect allocated but uncommitted blocks [{blockID={containerID=2, localID=111677748019200043}, length=4194304, offset=0, token=null, pipeline=null, createVersion=0, partNumber=0}] in key testBatchDelete/parent/childFolder/child1.
2023-02-14 08:19:59,561 [IPC Server handler 7 on default port 42497] INFO  key.OMKeyRequest (OMKeyRequest.java:wrapUncommittedBlocksAsPseudoKey(837)) - Detect allocated but uncommitted blocks [{blockID={containerID=1, localID=111677748019200044}, length=4194304, offset=0, token=null, pipeline=null, createVersion=0, partNumber=0}] in key testBatchDelete/parent/child2.
2023-02-14 08:19:59,563 [IPC Server handler 4 on default port 42497] INFO  key.OMKeyRequest (OMKeyRequest.java:wrapUncommittedBlocksAsPseudoKey(837)) - Detect allocated but uncommitted blocks [{blockID={containerID=2, localID=111677748019200045}, length=4194304, offset=0, token=null, pipeline=null, createVersion=0, partNumber=0}] in key testBatchDelete/parent/childFolder/child2.
2023-02-14 08:19:59,565 [IPC Server handler 11 on default port 42497] INFO  key.OMKeyRequest (OMKeyRequest.java:wrapUncommittedBlocksAsPseudoKey(837)) - Detect allocated but uncommitted blocks [{blockID={containerID=1, localID=111677748019200046}, length=4194304, offset=0, token=null, pipeline=null, createVersion=0, partNumber=0}] in key testBatchDelete/parent/child3.
2023-02-14 08:19:59,567 [IPC Server handler 2 on default port 42497] INFO  key.OMKeyRequest (OMKeyRequest.java:wrapUncommittedBlocksAsPseudoKey(837)) - Detect allocated but uncommitted blocks [{blockID={containerID=2, localID=111677748019200047}, length=4194304, offset=0, token=null, pipeline=null, createVersion=0, partNumber=0}] in key testBatchDelete/parent/childFolder/child3.
2023-02-14 08:19:59,568 [IPC Server handler 17 on default port 42497] INFO  key.OMKeyRequest (OMKeyRequest.java:wrapUncommittedBlocksAsPseudoKey(837)) - Detect allocated but uncommitted blocks [{blockID={containerID=1, localID=111677748019200048}, length=4194304, offset=0, token=null, pipeline=null, createVersion=0, partNumber=0}] in key testBatchDelete/parent/child4.
2023-02-14 08:19:59,570 [IPC Server handler 19 on default port 42497] INFO  key.OMKeyRequest (OMKeyRequest.java:wrapUncommittedBlocksAsPseudoKey(837)) - Detect allocated but uncommitted blocks [{blockID={containerID=2, localID=111677748019200049}, length=4194304, offset=0, token=null, pipeline=null, createVersion=0, partNumber=0}] in key testBatchDelete/parent/childFolder/child4.
2023-02-14 08:19:59,572 [34ef5736-8ccc-4354-bdfe-e8e28e0b14c7@group-21376C6DCD80-FollowerState] INFO  impl.FollowerState (FollowerState.java:run(143)) - 34ef5736-8ccc-4354-bdfe-e8e28e0b14c7@group-21376C6DCD80-FollowerState: change to CANDIDATE, lastRpcElapsedTime:5015779395ns, electionTimeout:5015ms
2023-02-14 08:19:59,572 [34ef5736-8ccc-4354-bdfe-e8e28e0b14c7@group-21376C6DCD80-FollowerState] INFO  impl.RoleInfo (RoleInfo.java:shutdownFollowerState(110)) - 34ef5736-8ccc-4354-bdfe-e8e28e0b14c7: shutdown 34ef5736-8ccc-4354-bdfe-e8e28e0b14c7@group-21376C6DCD80-FollowerState
2023-02-14 08:19:59,572 [34ef5736-8ccc-4354-bdfe-e8e28e0b14c7@group-21376C6DCD80-FollowerState] INFO  server.RaftServer$Division (RaftServerImpl.java:setRole(321)) - 34ef5736-8ccc-4354-bdfe-e8e28e0b14c7@group-21376C6DCD80: changes role from  FOLLOWER to CANDIDATE at term 1 for changeToCandidate
2023-02-14 08:19:59,572 [34ef5736-8ccc-4354-bdfe-e8e28e0b14c7@group-21376C6DCD80-FollowerState] INFO  server.RaftServerConfigKeys (ConfUtils.java:logGet(46)) - raft.server.leaderelection.pre-vote = false (custom)
2023-02-14 08:19:59,572 [34ef5736-8ccc-4354-bdfe-e8e28e0b14c7@group-21376C6DCD80-FollowerState] INFO  impl.RoleInfo (RoleInfo.java:updateAndGet(139)) - 34ef5736-8ccc-4354-bdfe-e8e28e0b14c7: start 34ef5736-8ccc-4354-bdfe-e8e28e0b14c7@group-21376C6DCD80-LeaderElection41
2023-02-14 08:19:59,573 [IPC Server handler 6 on default port 42497] INFO  key.OMKeyRequest (OMKeyRequest.java:wrapUncommittedBlocksAsPseudoKey(837)) - Detect allocated but uncommitted blocks [{blockID={containerID=1, localID=111677748019200050}, length=4194304, offset=0, token=null, pipeline=null, createVersion=0, partNumber=0}] in key testBatchDelete/parent/child5.
2023-02-14 08:19:59,580 [IPC Server handler 15 on default port 42497] INFO  key.OMKeyRequest (OMKeyRequest.java:wrapUncommittedBlocksAsPseudoKey(837)) - Detect allocated but uncommitted blocks [{blockID={containerID=2, localID=111677748019200051}, length=4194304, offset=0, token=null, pipeline=null, createVersion=0, partNumber=0}] in key testBatchDelete/parent/childFolder/child5.
2023-02-14 08:19:59,582 [34ef5736-8ccc-4354-bdfe-e8e28e0b14c7@group-21376C6DCD80-LeaderElection41] INFO  impl.LeaderElection (LeaderElection.java:askForVotes(312)) - 34ef5736-8ccc-4354-bdfe-e8e28e0b14c7@group-21376C6DCD80-LeaderElection41 ELECTION round 0: submit vote requests at term 2 for -1: peers:[34ef5736-8ccc-4354-bdfe-e8e28e0b14c7|rpc:10.1.0.19:40043|dataStream:10.1.0.19:42561|priority:0|startupRole:FOLLOWER, 6359aaa4-8509-4a3b-a3c1-a8ea6163a916|rpc:10.1.0.19:41443|dataStream:10.1.0.19:42567|priority:1|startupRole:FOLLOWER, 41c129e8-6aab-4c9d-a285-58cf14387518|rpc:10.1.0.19:42087|dataStream:10.1.0.19:37525|priority:0|startupRole:FOLLOWER]|listeners:[], old=null
2023-02-14 08:19:59,582 [IPC Server handler 5 on default port 42497] INFO  key.OMKeyRequest (OMKeyRequest.java:wrapUncommittedBlocksAsPseudoKey(837)) - Detect allocated but uncommitted blocks [{blockID={containerID=1, localID=111677748019200052}, length=4194304, offset=0, token=null, pipeline=null, createVersion=0, partNumber=0}] in key testBatchDelete/parent/child6.
2023-02-14 08:19:59,585 [IPC Server handler 0 on default port 42497] INFO  key.OMKeyRequest (OMKeyRequest.java:wrapUncommittedBlocksAsPseudoKey(837)) - Detect allocated but uncommitted blocks [{blockID={containerID=2, localID=111677748019200053}, length=4194304, offset=0, token=null, pipeline=null, createVersion=0, partNumber=0}] in key testBatchDelete/parent/childFolder/child6.
2023-02-14 08:19:59,586 [6359aaa4-8509-4a3b-a3c1-a8ea6163a916@group-21376C6DCD80-FollowerState] INFO  impl.FollowerState (FollowerState.java:run(143)) - 6359aaa4-8509-4a3b-a3c1-a8ea6163a916@group-21376C6DCD80-FollowerState: change to CANDIDATE, lastRpcElapsedTime:5029437782ns, electionTimeout:5021ms
2023-02-14 08:19:59,586 [6359aaa4-8509-4a3b-a3c1-a8ea6163a916@group-21376C6DCD80-FollowerState] INFO  impl.RoleInfo (RoleInfo.java:shutdownFollowerState(110)) - 6359aaa4-8509-4a3b-a3c1-a8ea6163a916: shutdown 6359aaa4-8509-4a3b-a3c1-a8ea6163a916@group-21376C6DCD80-FollowerState
2023-02-14 08:19:59,586 [6359aaa4-8509-4a3b-a3c1-a8ea6163a916@group-21376C6DCD80-FollowerState] INFO  server.RaftServer$Division (RaftServerImpl.java:setRole(321)) - 6359aaa4-8509-4a3b-a3c1-a8ea6163a916@group-21376C6DCD80: changes role from  FOLLOWER to CANDIDATE at term 1 for changeToCandidate
2023-02-14 08:19:59,587 [IPC Server handler 7 on default port 42497] INFO  key.OMKeyRequest (OMKeyRequest.java:wrapUncommittedBlocksAsPseudoKey(837)) - Detect allocated but uncommitted blocks [{blockID={containerID=1, localID=111677748019200054}, length=4194304, offset=0, token=null, pipeline=null, createVersion=0, partNumber=0}] in key testBatchDelete/parent/child7.
2023-02-14 08:19:59,589 [IPC Server handler 4 on default port 42497] INFO  key.OMKeyRequest (OMKeyRequest.java:wrapUncommittedBlocksAsPseudoKey(837)) - Detect allocated but uncommitted blocks [{blockID={containerID=2, localID=111677748019200055}, length=4194304, offset=0, token=null, pipeline=null, createVersion=0, partNumber=0}] in key testBatchDelete/parent/childFolder/child7.
08:19:59.594 [IPC Server handler 15 on default port 42497] ERROR OMAudit - user=runner | ip=127.0.0.1 | op=GET_FILE_STATUS {volume=volume12456, bucket=bucket20487, key=testBatchDelete, dataSize=0, replicationConfig=null} | ret=FAILURE
org.apache.hadoop.ozone.om.exceptions.OMException: Unable to get file status: volume: volume12456 bucket: bucket20487 key: testBatchDelete
	at org.apache.hadoop.ozone.om.KeyManagerImpl.getOzoneFileStatus(KeyManagerImpl.java:1162) ~[ozone-manager-1.4.0-SNAPSHOT.jar:?]
	at org.apache.hadoop.ozone.om.KeyManagerImpl.getFileStatus(KeyManagerImpl.java:1080) ~[ozone-manager-1.4.0-SNAPSHOT.jar:?]
	at org.apache.hadoop.ozone.om.OmMetadataReader.getFileStatus(OmMetadataReader.java:288) ~[ozone-manager-1.4.0-SNAPSHOT.jar:?]
	at org.apache.hadoop.ozone.om.OzoneManager.getFileStatus(OzoneManager.java:3449) ~[ozone-manager-1.4.0-SNAPSHOT.jar:?]
	at org.apache.hadoop.ozone.protocolPB.OzoneManagerRequestHandler.getOzoneFileStatus(OzoneManagerRequestHandler.java:933) ~[ozone-manager-1.4.0-SNAPSHOT.jar:?]
	at org.apache.hadoop.ozone.protocolPB.OzoneManagerRequestHandler.handleReadRequest(OzoneManagerRequestHandler.java:238) ~[ozone-manager-1.4.0-SNAPSHOT.jar:?]
	at org.apache.hadoop.ozone.protocolPB.OzoneManagerProtocolServerSideTranslatorPB.submitRequestDirectlyToOM(OzoneManagerProtocolServerSideTranslatorPB.java:271) ~[ozone-manager-1.4.0-SNAPSHOT.jar:?]
	at org.apache.hadoop.ozone.protocolPB.OzoneManagerProtocolServerSideTranslatorPB.processRequest(OzoneManagerProtocolServerSideTranslatorPB.java:173) ~[ozone-manager-1.4.0-SNAPSHOT.jar:?]
	at org.apache.hadoop.hdds.server.OzoneProtocolMessageDispatcher.processRequest(OzoneProtocolMessageDispatcher.java:87) [hdds-server-framework-1.4.0-SNAPSHOT.jar:?]
	at org.apache.hadoop.ozone.protocolPB.OzoneManagerProtocolServerSideTranslatorPB.submitRequest(OzoneManagerProtocolServerSideTranslatorPB.java:147) [ozone-manager-1.4.0-SNAPSHOT.jar:?]
	at org.apache.hadoop.ozone.protocol.proto.OzoneManagerProtocolProtos$OzoneManagerService$2.callBlockingMethod(OzoneManagerProtocolProtos.java) [ozone-interface-client-1.4.0-SNAPSHOT.jar:?]
	at org.apache.hadoop.ipc.ProtobufRpcEngine$Server.processCall(ProtobufRpcEngine.java:465) [hadoop-common-3.3.4.jar:?]
	at org.apache.hadoop.ipc.ProtobufRpcEngine2$Server$ProtoBufRpcInvoker.call(ProtobufRpcEngine2.java:578) [hadoop-common-3.3.4.jar:?]
	at org.apache.hadoop.ipc.ProtobufRpcEngine2$Server$ProtoBufRpcInvoker.call(ProtobufRpcEngine2.java:556) [hadoop-common-3.3.4.jar:?]
	at org.apache.hadoop.ipc.RPC$Server.call(RPC.java:1093) [hadoop-common-3.3.4.jar:?]
	at org.apache.hadoop.ipc.Server$RpcCall.run(Server.java:1043) [hadoop-common-3.3.4.jar:?]
	at org.apache.hadoop.ipc.Server$RpcCall.run(Server.java:971) [hadoop-common-3.3.4.jar:?]
	at java.security.AccessController.doPrivileged(Native Method) ~[?:1.8.0_362]
	at javax.security.auth.Subject.doAs(Subject.java:422) [?:1.8.0_362]
	at org.apache.hadoop.security.UserGroupInformation.doAs(UserGroupInformation.java:1878) [hadoop-common-3.3.4.jar:?]
	at org.apache.hadoop.ipc.Server$Handler.run(Server.java:2976) [hadoop-common-3.3.4.jar:?]
08:19:59.595 [IPC Server handler 13 on default port 42497] ERROR OMAudit - user=runner | ip=127.0.0.1 | op=GET_FILE_STATUS {volume=volume12456, bucket=bucket20487, key=testBatchDelete/parent/child0, dataSize=0, replicationConfig=null} | ret=FAILURE
org.apache.hadoop.ozone.om.exceptions.OMException: Unable to get file status: volume: volume12456 bucket: bucket20487 key: testBatchDelete/parent/child0
	at org.apache.hadoop.ozone.om.KeyManagerImpl.getOzoneFileStatus(KeyManagerImpl.java:1162) ~[ozone-manager-1.4.0-SNAPSHOT.jar:?]
	at org.apache.hadoop.ozone.om.KeyManagerImpl.getFileStatus(KeyManagerImpl.java:1080) ~[ozone-manager-1.4.0-SNAPSHOT.jar:?]
	at org.apache.hadoop.ozone.om.OmMetadataReader.getFileStatus(OmMetadataReader.java:288) ~[ozone-manager-1.4.0-SNAPSHOT.jar:?]
	at org.apache.hadoop.ozone.om.OzoneManager.getFileStatus(OzoneManager.java:3449) ~[ozone-manager-1.4.0-SNAPSHOT.jar:?]
	at org.apache.hadoop.ozone.protocolPB.OzoneManagerRequestHandler.getOzoneFileStatus(OzoneManagerRequestHandler.java:933) ~[ozone-manager-1.4.0-SNAPSHOT.jar:?]
	at org.apache.hadoop.ozone.protocolPB.OzoneManagerRequestHandler.handleReadRequest(OzoneManagerRequestHandler.java:238) ~[ozone-manager-1.4.0-SNAPSHOT.jar:?]
	at org.apache.hadoop.ozone.protocolPB.OzoneManagerProtocolServerSideTranslatorPB.submitRequestDirectlyToOM(OzoneManagerProtocolServerSideTranslatorPB.java:271) ~[ozone-manager-1.4.0-SNAPSHOT.jar:?]
	at org.apache.hadoop.ozone.protocolPB.OzoneManagerProtocolServerSideTranslatorPB.processRequest(OzoneManagerProtocolServerSideTranslatorPB.java:173) ~[ozone-manager-1.4.0-SNAPSHOT.jar:?]
	at org.apache.hadoop.hdds.server.OzoneProtocolMessageDispatcher.processRequest(OzoneProtocolMessageDispatcher.java:87) [hdds-server-framework-1.4.0-SNAPSHOT.jar:?]
	at org.apache.hadoop.ozone.protocolPB.OzoneManagerProtocolServerSideTranslatorPB.submitRequest(OzoneManagerProtocolServerSideTranslatorPB.java:147) [ozone-manager-1.4.0-SNAPSHOT.jar:?]
	at org.apache.hadoop.ozone.protocol.proto.OzoneManagerProtocolProtos$OzoneManagerService$2.callBlockingMethod(OzoneManagerProtocolProtos.java) [ozone-interface-client-1.4.0-SNAPSHOT.jar:?]
	at org.apache.hadoop.ipc.ProtobufRpcEngine$Server.processCall(ProtobufRpcEngine.java:465) [hadoop-common-3.3.4.jar:?]
	at org.apache.hadoop.ipc.ProtobufRpcEngine2$Server$ProtoBufRpcInvoker.call(ProtobufRpcEngine2.java:578) [hadoop-common-3.3.4.jar:?]
	at org.apache.hadoop.ipc.ProtobufRpcEngine2$Server$ProtoBufRpcInvoker.call(ProtobufRpcEngine2.java:556) [hadoop-common-3.3.4.jar:?]
	at org.apache.hadoop.ipc.RPC$Server.call(RPC.java:1093) [hadoop-common-3.3.4.jar:?]
	at org.apache.hadoop.ipc.Server$RpcCall.run(Server.java:1043) [hadoop-common-3.3.4.jar:?]
	at org.apache.hadoop.ipc.Server$RpcCall.run(Server.java:971) [hadoop-common-3.3.4.jar:?]
	at java.security.AccessController.doPrivileged(Native Method) ~[?:1.8.0_362]
	at javax.security.auth.Subject.doAs(Subject.java:422) [?:1.8.0_362]
	at org.apache.hadoop.security.UserGroupInformation.doAs(UserGroupInformation.java:1878) [hadoop-common-3.3.4.jar:?]
	at org.apache.hadoop.ipc.Server$Handler.run(Server.java:2976) [hadoop-common-3.3.4.jar:?]
2023-02-14 08:19:59,596 [34ef5736-8ccc-4354-bdfe-e8e28e0b14c7@group-21376C6DCD80-LeaderElection41] INFO  server.RaftServerConfigKeys (ConfUtils.java:logFallback(53)) - raft.server.rpc.first-election.timeout.min = 5s (fallback to raft.server.rpc.timeout.min)
08:19:59.595 [IPC Server handler 5 on default port 42497] ERROR OMAudit - user=runner | ip=127.0.0.1 | op=GET_FILE_STATUS {volume=volume12456, bucket=bucket20487, key=testBatchDelete/parent/childFolder/child0, dataSize=0, replicationConfig=null} | ret=FAILURE
org.apache.hadoop.ozone.om.exceptions.OMException: Unable to get file status: volume: volume12456 bucket: bucket20487 key: testBatchDelete/parent/childFolder/child0
	at org.apache.hadoop.ozone.om.KeyManagerImpl.getOzoneFileStatus(KeyManagerImpl.java:1162) ~[ozone-manager-1.4.0-SNAPSHOT.jar:?]
	at org.apache.hadoop.ozone.om.KeyManagerImpl.getFileStatus(KeyManagerImpl.java:1080) ~[ozone-manager-1.4.0-SNAPSHOT.jar:?]
	at org.apache.hadoop.ozone.om.OmMetadataReader.getFileStatus(OmMetadataReader.java:288) ~[ozone-manager-1.4.0-SNAPSHOT.jar:?]
	at org.apache.hadoop.ozone.om.OzoneManager.getFileStatus(OzoneManager.java:3449) ~[ozone-manager-1.4.0-SNAPSHOT.jar:?]
	at org.apache.hadoop.ozone.protocolPB.OzoneManagerRequestHandler.getOzoneFileStatus(OzoneManagerRequestHandler.java:933) ~[ozone-manager-1.4.0-SNAPSHOT.jar:?]
	at org.apache.hadoop.ozone.protocolPB.OzoneManagerRequestHandler.handleReadRequest(OzoneManagerRequestHandler.java:238) ~[ozone-manager-1.4.0-SNAPSHOT.jar:?]
	at org.apache.hadoop.ozone.protocolPB.OzoneManagerProtocolServerSideTranslatorPB.submitRequestDirectlyToOM(OzoneManagerProtocolServerSideTranslatorPB.java:271) ~[ozone-manager-1.4.0-SNAPSHOT.jar:?]
	at org.apache.hadoop.ozone.protocolPB.OzoneManagerProtocolServerSideTranslatorPB.processRequest(OzoneManagerProtocolServerSideTranslatorPB.java:173) ~[ozone-manager-1.4.0-SNAPSHOT.jar:?]
	at org.apache.hadoop.hdds.server.OzoneProtocolMessageDispatcher.processRequest(OzoneProtocolMessageDispatcher.java:87) [hdds-server-framework-1.4.0-SNAPSHOT.jar:?]
	at org.apache.hadoop.ozone.protocolPB.OzoneManagerProtocolServerSideTranslatorPB.submitRequest(OzoneManagerProtocolServerSideTranslatorPB.java:147) [ozone-manager-1.4.0-SNAPSHOT.jar:?]
	at org.apache.hadoop.ozone.protocol.proto.OzoneManagerProtocolProtos$OzoneManagerService$2.callBlockingMethod(OzoneManagerProtocolProtos.java) [ozone-interface-client-1.4.0-SNAPSHOT.jar:?]
	at org.apache.hadoop.ipc.ProtobufRpcEngine$Server.processCall(ProtobufRpcEngine.java:465) [hadoop-common-3.3.4.jar:?]
	at org.apache.hadoop.ipc.ProtobufRpcEngine2$Server$ProtoBufRpcInvoker.call(ProtobufRpcEngine2.java:578) [hadoop-common-3.3.4.jar:?]
	at org.apache.hadoop.ipc.ProtobufRpcEngine2$Server$ProtoBufRpcInvoker.call(ProtobufRpcEngine2.java:556) [hadoop-common-3.3.4.jar:?]
	at org.apache.hadoop.ipc.RPC$Server.call(RPC.java:1093) [hadoop-common-3.3.4.jar:?]
	at org.apache.hadoop.ipc.Server$RpcCall.run(Server.java:1043) [hadoop-common-3.3.4.jar:?]
	at org.apache.hadoop.ipc.Server$RpcCall.run(Server.java:971) [hadoop-common-3.3.4.jar:?]
	at java.security.AccessController.doPrivileged(Native Method) ~[?:1.8.0_362]
	at javax.security.auth.Subject.doAs(Subject.java:422) [?:1.8.0_362]
	at org.apache.hadoop.security.UserGroupInformation.doAs(UserGroupInformation.java:1878) [hadoop-common-3.3.4.jar:?]
	at org.apache.hadoop.ipc.Server$Handler.run(Server.java:2976) [hadoop-common-3.3.4.jar:?]
2023-02-14 08:19:59,596 [34ef5736-8ccc-4354-bdfe-e8e28e0b14c7@group-21376C6DCD80-LeaderElection41] INFO  server.RaftServerConfigKeys (ConfUtils.java:logFallback(53)) - raft.server.rpc.first-election.timeout.max = 5200ms (fallback to raft.server.rpc.timeout.max)
2023-02-14 08:19:59,596 [6359aaa4-8509-4a3b-a3c1-a8ea6163a916@group-21376C6DCD80-FollowerState] INFO  server.RaftServerConfigKeys (ConfUtils.java:logGet(46)) - raft.server.leaderelection.pre-vote = false (custom)
2023-02-14 08:19:59,597 [6359aaa4-8509-4a3b-a3c1-a8ea6163a916@group-21376C6DCD80-FollowerState] INFO  impl.RoleInfo (RoleInfo.java:updateAndGet(139)) - 6359aaa4-8509-4a3b-a3c1-a8ea6163a916: start 6359aaa4-8509-4a3b-a3c1-a8ea6163a916@group-21376C6DCD80-LeaderElection42
2023-02-14 08:19:59,597 [grpc-default-executor-1] INFO  server.RaftServer$Division (RaftServerImpl.java:requestVote(1218)) - 6359aaa4-8509-4a3b-a3c1-a8ea6163a916@group-21376C6DCD80: receive requestVote(ELECTION, 34ef5736-8ccc-4354-bdfe-e8e28e0b14c7, group-21376C6DCD80, 2, (t:0, i:0))
08:19:59.597 [IPC Server handler 14 on default port 42497] ERROR OMAudit - user=runner | ip=127.0.0.1 | op=GET_FILE_STATUS {volume=volume12456, bucket=bucket20487, key=testBatchDelete/parent/child1, dataSize=0, replicationConfig=null} | ret=FAILURE
org.apache.hadoop.ozone.om.exceptions.OMException: Unable to get file status: volume: volume12456 bucket: bucket20487 key: testBatchDelete/parent/child1
	at org.apache.hadoop.ozone.om.KeyManagerImpl.getOzoneFileStatus(KeyManagerImpl.java:1162) ~[ozone-manager-1.4.0-SNAPSHOT.jar:?]
	at org.apache.hadoop.ozone.om.KeyManagerImpl.getFileStatus(KeyManagerImpl.java:1080) ~[ozone-manager-1.4.0-SNAPSHOT.jar:?]
	at org.apache.hadoop.ozone.om.OmMetadataReader.getFileStatus(OmMetadataReader.java:288) ~[ozone-manager-1.4.0-SNAPSHOT.jar:?]
	at org.apache.hadoop.ozone.om.OzoneManager.getFileStatus(OzoneManager.java:3449) ~[ozone-manager-1.4.0-SNAPSHOT.jar:?]
	at org.apache.hadoop.ozone.protocolPB.OzoneManagerRequestHandler.getOzoneFileStatus(OzoneManagerRequestHandler.java:933) ~[ozone-manager-1.4.0-SNAPSHOT.jar:?]
	at org.apache.hadoop.ozone.protocolPB.OzoneManagerRequestHandler.handleReadRequest(OzoneManagerRequestHandler.java:238) ~[ozone-manager-1.4.0-SNAPSHOT.jar:?]
	at org.apache.hadoop.ozone.protocolPB.OzoneManagerProtocolServerSideTranslatorPB.submitRequestDirectlyToOM(OzoneManagerProtocolServerSideTranslatorPB.java:271) ~[ozone-manager-1.4.0-SNAPSHOT.jar:?]
	at org.apache.hadoop.ozone.protocolPB.OzoneManagerProtocolServerSideTranslatorPB.processRequest(OzoneManagerProtocolServerSideTranslatorPB.java:173) ~[ozone-manager-1.4.0-SNAPSHOT.jar:?]
	at org.apache.hadoop.hdds.server.OzoneProtocolMessageDispatcher.processRequest(OzoneProtocolMessageDispatcher.java:87) [hdds-server-framework-1.4.0-SNAPSHOT.jar:?]
	at org.apache.hadoop.ozone.protocolPB.OzoneManagerProtocolServerSideTranslatorPB.submitRequest(OzoneManagerProtocolServerSideTranslatorPB.java:147) [ozone-manager-1.4.0-SNAPSHOT.jar:?]
	at org.apache.hadoop.ozone.protocol.proto.OzoneManagerProtocolProtos$OzoneManagerService$2.callBlockingMethod(OzoneManagerProtocolProtos.java) [ozone-interface-client-1.4.0-SNAPSHOT.jar:?]
	at org.apache.hadoop.ipc.ProtobufRpcEngine$Server.processCall(ProtobufRpcEngine.java:465) [hadoop-common-3.3.4.jar:?]
	at org.apache.hadoop.ipc.ProtobufRpcEngine2$Server$ProtoBufRpcInvoker.call(ProtobufRpcEngine2.java:578) [hadoop-common-3.3.4.jar:?]
	at org.apache.hadoop.ipc.ProtobufRpcEngine2$Server$ProtoBufRpcInvoker.call(ProtobufRpcEngine2.java:556) [hadoop-common-3.3.4.jar:?]
	at org.apache.hadoop.ipc.RPC$Server.call(RPC.java:1093) [hadoop-common-3.3.4.jar:?]
	at org.apache.hadoop.ipc.Server$RpcCall.run(Server.java:1043) [hadoop-common-3.3.4.jar:?]
	at org.apache.hadoop.ipc.Server$RpcCall.run(Server.java:971) [hadoop-common-3.3.4.jar:?]
	at java.security.AccessController.doPrivileged(Native Method) ~[?:1.8.0_362]
	at javax.security.auth.Subject.doAs(Subject.java:422) [?:1.8.0_362]
	at org.apache.hadoop.security.UserGroupInformation.doAs(UserGroupInformation.java:1878) [hadoop-common-3.3.4.jar:?]
	at org.apache.hadoop.ipc.Server$Handler.run(Server.java:2976) [hadoop-common-3.3.4.jar:?]
08:19:59.598 [IPC Server handler 0 on default port 42497] ERROR OMAudit - user=runner | ip=127.0.0.1 | op=GET_FILE_STATUS {volume=volume12456, bucket=bucket20487, key=testBatchDelete/parent/childFolder/child1, dataSize=0, replicationConfig=null} | ret=FAILURE
org.apache.hadoop.ozone.om.exceptions.OMException: Unable to get file status: volume: volume12456 bucket: bucket20487 key: testBatchDelete/parent/childFolder/child1
	at org.apache.hadoop.ozone.om.KeyManagerImpl.getOzoneFileStatus(KeyManagerImpl.java:1162) ~[ozone-manager-1.4.0-SNAPSHOT.jar:?]
	at org.apache.hadoop.ozone.om.KeyManagerImpl.getFileStatus(KeyManagerImpl.java:1080) ~[ozone-manager-1.4.0-SNAPSHOT.jar:?]
	at org.apache.hadoop.ozone.om.OmMetadataReader.getFileStatus(OmMetadataReader.java:288) ~[ozone-manager-1.4.0-SNAPSHOT.jar:?]
	at org.apache.hadoop.ozone.om.OzoneManager.getFileStatus(OzoneManager.java:3449) ~[ozone-manager-1.4.0-SNAPSHOT.jar:?]
	at org.apache.hadoop.ozone.protocolPB.OzoneManagerRequestHandler.getOzoneFileStatus(OzoneManagerRequestHandler.java:933) ~[ozone-manager-1.4.0-SNAPSHOT.jar:?]
	at org.apache.hadoop.ozone.protocolPB.OzoneManagerRequestHandler.handleReadRequest(OzoneManagerRequestHandler.java:238) ~[ozone-manager-1.4.0-SNAPSHOT.jar:?]
	at org.apache.hadoop.ozone.protocolPB.OzoneManagerProtocolServerSideTranslatorPB.submitRequestDirectlyToOM(OzoneManagerProtocolServerSideTranslatorPB.java:271) ~[ozone-manager-1.4.0-SNAPSHOT.jar:?]
	at org.apache.hadoop.ozone.protocolPB.OzoneManagerProtocolServerSideTranslatorPB.processRequest(OzoneManagerProtocolServerSideTranslatorPB.java:173) ~[ozone-manager-1.4.0-SNAPSHOT.jar:?]
	at org.apache.hadoop.hdds.server.OzoneProtocolMessageDispatcher.processRequest(OzoneProtocolMessageDispatcher.java:87) [hdds-server-framework-1.4.0-SNAPSHOT.jar:?]
	at org.apache.hadoop.ozone.protocolPB.OzoneManagerProtocolServerSideTranslatorPB.submitRequest(OzoneManagerProtocolServerSideTranslatorPB.java:147) [ozone-manager-1.4.0-SNAPSHOT.jar:?]
	at org.apache.hadoop.ozone.protocol.proto.OzoneManagerProtocolProtos$OzoneManagerService$2.callBlockingMethod(OzoneManagerProtocolProtos.java) [ozone-interface-client-1.4.0-SNAPSHOT.jar:?]
	at org.apache.hadoop.ipc.ProtobufRpcEngine$Server.processCall(ProtobufRpcEngine.java:465) [hadoop-common-3.3.4.jar:?]
	at org.apache.hadoop.ipc.ProtobufRpcEngine2$Server$ProtoBufRpcInvoker.call(ProtobufRpcEngine2.java:578) [hadoop-common-3.3.4.jar:?]
	at org.apache.hadoop.ipc.ProtobufRpcEngine2$Server$ProtoBufRpcInvoker.call(ProtobufRpcEngine2.java:556) [hadoop-common-3.3.4.jar:?]
	at org.apache.hadoop.ipc.RPC$Server.call(RPC.java:1093) [hadoop-common-3.3.4.jar:?]
	at org.apache.hadoop.ipc.Server$RpcCall.run(Server.java:1043) [hadoop-common-3.3.4.jar:?]
	at org.apache.hadoop.ipc.Server$RpcCall.run(Server.java:971) [hadoop-common-3.3.4.jar:?]
	at java.security.AccessController.doPrivileged(Native Method) ~[?:1.8.0_362]
	at javax.security.auth.Subject.doAs(Subject.java:422) [?:1.8.0_362]
	at org.apache.hadoop.security.UserGroupInformation.doAs(UserGroupInformation.java:1878) [hadoop-common-3.3.4.jar:?]
	at org.apache.hadoop.ipc.Server$Handler.run(Server.java:2976) [hadoop-common-3.3.4.jar:?]
08:19:59.598 [IPC Server handler 1 on default port 42497] ERROR OMAudit - user=runner | ip=127.0.0.1 | op=GET_FILE_STATUS {volume=volume12456, bucket=bucket20487, key=testBatchDelete/parent/child2, dataSize=0, replicationConfig=null} | ret=FAILURE
org.apache.hadoop.ozone.om.exceptions.OMException: Unable to get file status: volume: volume12456 bucket: bucket20487 key: testBatchDelete/parent/child2
	at org.apache.hadoop.ozone.om.KeyManagerImpl.getOzoneFileStatus(KeyManagerImpl.java:1162) ~[ozone-manager-1.4.0-SNAPSHOT.jar:?]
	at org.apache.hadoop.ozone.om.KeyManagerImpl.getFileStatus(KeyManagerImpl.java:1080) ~[ozone-manager-1.4.0-SNAPSHOT.jar:?]
	at org.apache.hadoop.ozone.om.OmMetadataReader.getFileStatus(OmMetadataReader.java:288) ~[ozone-manager-1.4.0-SNAPSHOT.jar:?]
	at org.apache.hadoop.ozone.om.OzoneManager.getFileStatus(OzoneManager.java:3449) ~[ozone-manager-1.4.0-SNAPSHOT.jar:?]
	at org.apache.hadoop.ozone.protocolPB.OzoneManagerRequestHandler.getOzoneFileStatus(OzoneManagerRequestHandler.java:933) ~[ozone-manager-1.4.0-SNAPSHOT.jar:?]
	at org.apache.hadoop.ozone.protocolPB.OzoneManagerRequestHandler.handleReadRequest(OzoneManagerRequestHandler.java:238) ~[ozone-manager-1.4.0-SNAPSHOT.jar:?]
	at org.apache.hadoop.ozone.protocolPB.OzoneManagerProtocolServerSideTranslatorPB.submitRequestDirectlyToOM(OzoneManagerProtocolServerSideTranslatorPB.java:271) ~[ozone-manager-1.4.0-SNAPSHOT.jar:?]
	at org.apache.hadoop.ozone.protocolPB.OzoneManagerProtocolServerSideTranslatorPB.processRequest(OzoneManagerProtocolServerSideTranslatorPB.java:173) ~[ozone-manager-1.4.0-SNAPSHOT.jar:?]
	at org.apache.hadoop.hdds.server.OzoneProtocolMessageDispatcher.processRequest(OzoneProtocolMessageDispatcher.java:87) [hdds-server-framework-1.4.0-SNAPSHOT.jar:?]
	at org.apache.hadoop.ozone.protocolPB.OzoneManagerProtocolServerSideTranslatorPB.submitRequest(OzoneManagerProtocolServerSideTranslatorPB.java:147) [ozone-manager-1.4.0-SNAPSHOT.jar:?]
	at org.apache.hadoop.ozone.protocol.proto.OzoneManagerProtocolProtos$OzoneManagerService$2.callBlockingMethod(OzoneManagerProtocolProtos.java) [ozone-interface-client-1.4.0-SNAPSHOT.jar:?]
	at org.apache.hadoop.ipc.ProtobufRpcEngine$Server.processCall(ProtobufRpcEngine.java:465) [hadoop-common-3.3.4.jar:?]
	at org.apache.hadoop.ipc.ProtobufRpcEngine2$Server$ProtoBufRpcInvoker.call(ProtobufRpcEngine2.java:578) [hadoop-common-3.3.4.jar:?]
	at org.apache.hadoop.ipc.ProtobufRpcEngine2$Server$ProtoBufRpcInvoker.call(ProtobufRpcEngine2.java:556) [hadoop-common-3.3.4.jar:?]
	at org.apache.hadoop.ipc.RPC$Server.call(RPC.java:1093) [hadoop-common-3.3.4.jar:?]
	at org.apache.hadoop.ipc.Server$RpcCall.run(Server.java:1043) [hadoop-common-3.3.4.jar:?]
	at org.apache.hadoop.ipc.Server$RpcCall.run(Server.java:971) [hadoop-common-3.3.4.jar:?]
	at java.security.AccessController.doPrivileged(Native Method) ~[?:1.8.0_362]
	at javax.security.auth.Subject.doAs(Subject.java:422) [?:1.8.0_362]
	at org.apache.hadoop.security.UserGroupInformation.doAs(UserGroupInformation.java:1878) [hadoop-common-3.3.4.jar:?]
	at org.apache.hadoop.ipc.Server$Handler.run(Server.java:2976) [hadoop-common-3.3.4.jar:?]
08:19:59.610 [IPC Server handler 7 on default port 42497] ERROR OMAudit - user=runner | ip=127.0.0.1 | op=GET_FILE_STATUS {volume=volume12456, bucket=bucket20487, key=testBatchDelete/parent/childFolder/child2, dataSize=0, replicationConfig=null} | ret=FAILURE
org.apache.hadoop.ozone.om.exceptions.OMException: Unable to get file status: volume: volume12456 bucket: bucket20487 key: testBatchDelete/parent/childFolder/child2
	at org.apache.hadoop.ozone.om.KeyManagerImpl.getOzoneFileStatus(KeyManagerImpl.java:1162) ~[ozone-manager-1.4.0-SNAPSHOT.jar:?]
	at org.apache.hadoop.ozone.om.KeyManagerImpl.getFileStatus(KeyManagerImpl.java:1080) ~[ozone-manager-1.4.0-SNAPSHOT.jar:?]
	at org.apache.hadoop.ozone.om.OmMetadataReader.getFileStatus(OmMetadataReader.java:288) ~[ozone-manager-1.4.0-SNAPSHOT.jar:?]
	at org.apache.hadoop.ozone.om.OzoneManager.getFileStatus(OzoneManager.java:3449) ~[ozone-manager-1.4.0-SNAPSHOT.jar:?]
	at org.apache.hadoop.ozone.protocolPB.OzoneManagerRequestHandler.getOzoneFileStatus(OzoneManagerRequestHandler.java:933) ~[ozone-manager-1.4.0-SNAPSHOT.jar:?]
	at org.apache.hadoop.ozone.protocolPB.OzoneManagerRequestHandler.handleReadRequest(OzoneManagerRequestHandler.java:238) ~[ozone-manager-1.4.0-SNAPSHOT.jar:?]
	at org.apache.hadoop.ozone.protocolPB.OzoneManagerProtocolServerSideTranslatorPB.submitRequestDirectlyToOM(OzoneManagerProtocolServerSideTranslatorPB.java:271) ~[ozone-manager-1.4.0-SNAPSHOT.jar:?]
	at org.apache.hadoop.ozone.protocolPB.OzoneManagerProtocolServerSideTranslatorPB.processRequest(OzoneManagerProtocolServerSideTranslatorPB.java:173) ~[ozone-manager-1.4.0-SNAPSHOT.jar:?]
	at org.apache.hadoop.hdds.server.OzoneProtocolMessageDispatcher.processRequest(OzoneProtocolMessageDispatcher.java:87) [hdds-server-framework-1.4.0-SNAPSHOT.jar:?]
	at org.apache.hadoop.ozone.protocolPB.OzoneManagerProtocolServerSideTranslatorPB.submitRequest(OzoneManagerProtocolServerSideTranslatorPB.java:147) [ozone-manager-1.4.0-SNAPSHOT.jar:?]
	at org.apache.hadoop.ozone.protocol.proto.OzoneManagerProtocolProtos$OzoneManagerService$2.callBlockingMethod(OzoneManagerProtocolProtos.java) [ozone-interface-client-1.4.0-SNAPSHOT.jar:?]
	at org.apache.hadoop.ipc.ProtobufRpcEngine$Server.processCall(ProtobufRpcEngine.java:465) [hadoop-common-3.3.4.jar:?]
	at org.apache.hadoop.ipc.ProtobufRpcEngine2$Server$ProtoBufRpcInvoker.call(ProtobufRpcEngine2.java:578) [hadoop-common-3.3.4.jar:?]
	at org.apache.hadoop.ipc.ProtobufRpcEngine2$Server$ProtoBufRpcInvoker.call(ProtobufRpcEngine2.java:556) [hadoop-common-3.3.4.jar:?]
	at org.apache.hadoop.ipc.RPC$Server.call(RPC.java:1093) [hadoop-common-3.3.4.jar:?]
	at org.apache.hadoop.ipc.Server$RpcCall.run(Server.java:1043) [hadoop-common-3.3.4.jar:?]
	at org.apache.hadoop.ipc.Server$RpcCall.run(Server.java:971) [hadoop-common-3.3.4.jar:?]
	at java.security.AccessController.doPrivileged(Native Method) ~[?:1.8.0_362]
	at javax.security.auth.Subject.doAs(Subject.java:422) [?:1.8.0_362]
	at org.apache.hadoop.security.UserGroupInformation.doAs(UserGroupInformation.java:1878) [hadoop-common-3.3.4.jar:?]
	at org.apache.hadoop.ipc.Server$Handler.run(Server.java:2976) [hadoop-common-3.3.4.jar:?]
08:19:59.610 [IPC Server handler 8 on default port 42497] ERROR OMAudit - user=runner | ip=127.0.0.1 | op=GET_FILE_STATUS {volume=volume12456, bucket=bucket20487, key=testBatchDelete/parent/child3, dataSize=0, replicationConfig=null} | ret=FAILURE
org.apache.hadoop.ozone.om.exceptions.OMException: Unable to get file status: volume: volume12456 bucket: bucket20487 key: testBatchDelete/parent/child3
	at org.apache.hadoop.ozone.om.KeyManagerImpl.getOzoneFileStatus(KeyManagerImpl.java:1162) ~[ozone-manager-1.4.0-SNAPSHOT.jar:?]
	at org.apache.hadoop.ozone.om.KeyManagerImpl.getFileStatus(KeyManagerImpl.java:1080) ~[ozone-manager-1.4.0-SNAPSHOT.jar:?]
	at org.apache.hadoop.ozone.om.OmMetadataReader.getFileStatus(OmMetadataReader.java:288) ~[ozone-manager-1.4.0-SNAPSHOT.jar:?]
	at org.apache.hadoop.ozone.om.OzoneManager.getFileStatus(OzoneManager.java:3449) ~[ozone-manager-1.4.0-SNAPSHOT.jar:?]
	at org.apache.hadoop.ozone.protocolPB.OzoneManagerRequestHandler.getOzoneFileStatus(OzoneManagerRequestHandler.java:933) ~[ozone-manager-1.4.0-SNAPSHOT.jar:?]
	at org.apache.hadoop.ozone.protocolPB.OzoneManagerRequestHandler.handleReadRequest(OzoneManagerRequestHandler.java:238) ~[ozone-manager-1.4.0-SNAPSHOT.jar:?]
	at org.apache.hadoop.ozone.protocolPB.OzoneManagerProtocolServerSideTranslatorPB.submitRequestDirectlyToOM(OzoneManagerProtocolServerSideTranslatorPB.java:271) ~[ozone-manager-1.4.0-SNAPSHOT.jar:?]
	at org.apache.hadoop.ozone.protocolPB.OzoneManagerProtocolServerSideTranslatorPB.processRequest(OzoneManagerProtocolServerSideTranslatorPB.java:173) ~[ozone-manager-1.4.0-SNAPSHOT.jar:?]
	at org.apache.hadoop.hdds.server.OzoneProtocolMessageDispatcher.processRequest(OzoneProtocolMessageDispatcher.java:87) [hdds-server-framework-1.4.0-SNAPSHOT.jar:?]
	at org.apache.hadoop.ozone.protocolPB.OzoneManagerProtocolServerSideTranslatorPB.submitRequest(OzoneManagerProtocolServerSideTranslatorPB.java:147) [ozone-manager-1.4.0-SNAPSHOT.jar:?]
	at org.apache.hadoop.ozone.protocol.proto.OzoneManagerProtocolProtos$OzoneManagerService$2.callBlockingMethod(OzoneManagerProtocolProtos.java) [ozone-interface-client-1.4.0-SNAPSHOT.jar:?]
	at org.apache.hadoop.ipc.ProtobufRpcEngine$Server.processCall(ProtobufRpcEngine.java:465) [hadoop-common-3.3.4.jar:?]
	at org.apache.hadoop.ipc.ProtobufRpcEngine2$Server$ProtoBufRpcInvoker.call(ProtobufRpcEngine2.java:578) [hadoop-common-3.3.4.jar:?]
	at org.apache.hadoop.ipc.ProtobufRpcEngine2$Server$ProtoBufRpcInvoker.call(ProtobufRpcEngine2.java:556) [hadoop-common-3.3.4.jar:?]
	at org.apache.hadoop.ipc.RPC$Server.call(RPC.java:1093) [hadoop-common-3.3.4.jar:?]
	at org.apache.hadoop.ipc.Server$RpcCall.run(Server.java:1043) [hadoop-common-3.3.4.jar:?]
	at org.apache.hadoop.ipc.Server$RpcCall.run(Server.java:971) [hadoop-common-3.3.4.jar:?]
	at java.security.AccessController.doPrivileged(Native Method) ~[?:1.8.0_362]
	at javax.security.auth.Subject.doAs(Subject.java:422) [?:1.8.0_362]
	at org.apache.hadoop.security.UserGroupInformation.doAs(UserGroupInformation.java:1878) [hadoop-common-3.3.4.jar:?]
	at org.apache.hadoop.ipc.Server$Handler.run(Server.java:2976) [hadoop-common-3.3.4.jar:?]
2023-02-14 08:19:59,610 [grpc-default-executor-2] INFO  server.RaftServer$Division (RaftServerImpl.java:requestVote(1218)) - 41c129e8-6aab-4c9d-a285-58cf14387518@group-21376C6DCD80: receive requestVote(ELECTION, 34ef5736-8ccc-4354-bdfe-e8e28e0b14c7, group-21376C6DCD80, 2, (t:0, i:0))
2023-02-14 08:19:59,611 [grpc-default-executor-2] INFO  impl.VoteContext (VoteContext.java:log(49)) - 41c129e8-6aab-4c9d-a285-58cf14387518@group-21376C6DCD80-FOLLOWER: accept ELECTION from 34ef5736-8ccc-4354-bdfe-e8e28e0b14c7: our priority 0 <= candidate's priority 0
2023-02-14 08:19:59,611 [grpc-default-executor-2] INFO  server.RaftServer$Division (RaftServerImpl.java:setRole(321)) - 41c129e8-6aab-4c9d-a285-58cf14387518@group-21376C6DCD80: changes role from  FOLLOWER to FOLLOWER at term 2 for candidate:34ef5736-8ccc-4354-bdfe-e8e28e0b14c7
2023-02-14 08:19:59,611 [grpc-default-executor-2] INFO  impl.RoleInfo (RoleInfo.java:shutdownFollowerState(110)) - 41c129e8-6aab-4c9d-a285-58cf14387518: shutdown 41c129e8-6aab-4c9d-a285-58cf14387518@group-21376C6DCD80-FollowerState
2023-02-14 08:19:59,611 [grpc-default-executor-2] INFO  impl.RoleInfo (RoleInfo.java:updateAndGet(139)) - 41c129e8-6aab-4c9d-a285-58cf14387518: start 41c129e8-6aab-4c9d-a285-58cf14387518@group-21376C6DCD80-FollowerState
2023-02-14 08:19:59,611 [41c129e8-6aab-4c9d-a285-58cf14387518@group-21376C6DCD80-FollowerState] INFO  impl.FollowerState (FollowerState.java:run(152)) - 41c129e8-6aab-4c9d-a285-58cf14387518@group-21376C6DCD80-FollowerState was interrupted
2023-02-14 08:19:59,619 [41c129e8-6aab-4c9d-a285-58cf14387518@group-21376C6DCD80-FollowerState] INFO  server.RaftServerConfigKeys (ConfUtils.java:logFallback(53)) - raft.server.rpc.first-election.timeout.min = 5s (fallback to raft.server.rpc.timeout.min)
2023-02-14 08:19:59,619 [41c129e8-6aab-4c9d-a285-58cf14387518@group-21376C6DCD80-FollowerState] INFO  server.RaftServerConfigKeys (ConfUtils.java:logFallback(53)) - raft.server.rpc.first-election.timeout.max = 5200ms (fallback to raft.server.rpc.timeout.max)
2023-02-14 08:19:59,619 [6359aaa4-8509-4a3b-a3c1-a8ea6163a916@group-21376C6DCD80-LeaderElection42] INFO  impl.LeaderElection (LeaderElection.java:askForVotes(312)) - 6359aaa4-8509-4a3b-a3c1-a8ea6163a916@group-21376C6DCD80-LeaderElection42 ELECTION round 0: submit vote requests at term 2 for -1: peers:[34ef5736-8ccc-4354-bdfe-e8e28e0b14c7|rpc:10.1.0.19:40043|dataStream:10.1.0.19:42561|priority:0|startupRole:FOLLOWER, 6359aaa4-8509-4a3b-a3c1-a8ea6163a916|rpc:10.1.0.19:41443|dataStream:10.1.0.19:42567|priority:1|startupRole:FOLLOWER, 41c129e8-6aab-4c9d-a285-58cf14387518|rpc:10.1.0.19:42087|dataStream:10.1.0.19:37525|priority:0|startupRole:FOLLOWER]|listeners:[], old=null
2023-02-14 08:19:59,619 [grpc-default-executor-1] INFO  impl.VoteContext (VoteContext.java:log(49)) - 6359aaa4-8509-4a3b-a3c1-a8ea6163a916@group-21376C6DCD80-CANDIDATE: reject ELECTION from 34ef5736-8ccc-4354-bdfe-e8e28e0b14c7: already has voted for 6359aaa4-8509-4a3b-a3c1-a8ea6163a916 at current term 2
2023-02-14 08:19:59,619 [grpc-default-executor-1] INFO  server.RaftServer$Division (RaftServerImpl.java:requestVote(1251)) - 6359aaa4-8509-4a3b-a3c1-a8ea6163a916@group-21376C6DCD80 replies to ELECTION vote request: 34ef5736-8ccc-4354-bdfe-e8e28e0b14c7<-6359aaa4-8509-4a3b-a3c1-a8ea6163a916#0:FAIL-t2. Peer's state: 6359aaa4-8509-4a3b-a3c1-a8ea6163a916@group-21376C6DCD80:t2, leader=null, voted=6359aaa4-8509-4a3b-a3c1-a8ea6163a916, raftlog=Memoized:6359aaa4-8509-4a3b-a3c1-a8ea6163a916@group-21376C6DCD80-SegmentedRaftLog:OPENED:c-1, conf=-1: peers:[34ef5736-8ccc-4354-bdfe-e8e28e0b14c7|rpc:10.1.0.19:40043|dataStream:10.1.0.19:42561|priority:0|startupRole:FOLLOWER, 6359aaa4-8509-4a3b-a3c1-a8ea6163a916|rpc:10.1.0.19:41443|dataStream:10.1.0.19:42567|priority:1|startupRole:FOLLOWER, 41c129e8-6aab-4c9d-a285-58cf14387518|rpc:10.1.0.19:42087|dataStream:10.1.0.19:37525|priority:0|startupRole:FOLLOWER]|listeners:[], old=null
2023-02-14 08:19:59,620 [6359aaa4-8509-4a3b-a3c1-a8ea6163a916@group-21376C6DCD80-LeaderElection42-1] INFO  server.GrpcServerProtocolClient (GrpcServerProtocolClient.java:<init>(63)) - Build channel for 34ef5736-8ccc-4354-bdfe-e8e28e0b14c7
2023-02-14 08:19:59,623 [6359aaa4-8509-4a3b-a3c1-a8ea6163a916@group-21376C6DCD80-LeaderElection42] INFO  server.RaftServerConfigKeys (ConfUtils.java:logFallback(53)) - raft.server.rpc.first-election.timeout.min = 5s (fallback to raft.server.rpc.timeout.min)
2023-02-14 08:19:59,623 [6359aaa4-8509-4a3b-a3c1-a8ea6163a916@group-21376C6DCD80-LeaderElection42] INFO  server.RaftServerConfigKeys (ConfUtils.java:logFallback(53)) - raft.server.rpc.first-election.timeout.max = 5200ms (fallback to raft.server.rpc.timeout.max)
2023-02-14 08:19:59,623 [6359aaa4-8509-4a3b-a3c1-a8ea6163a916@group-21376C6DCD80-LeaderElection42-2] INFO  server.GrpcServerProtocolClient (GrpcServerProtocolClient.java:<init>(63)) - Build channel for 41c129e8-6aab-4c9d-a285-58cf14387518
08:19:59.611 [IPC Server handler 4 on default port 42497] ERROR OMAudit - user=runner | ip=127.0.0.1 | op=GET_FILE_STATUS {volume=volume12456, bucket=bucket20487, key=testBatchDelete/parent/childFolder/child3, dataSize=0, replicationConfig=null} | ret=FAILURE
org.apache.hadoop.ozone.om.exceptions.OMException: Unable to get file status: volume: volume12456 bucket: bucket20487 key: testBatchDelete/parent/childFolder/child3
	at org.apache.hadoop.ozone.om.KeyManagerImpl.getOzoneFileStatus(KeyManagerImpl.java:1162) ~[ozone-manager-1.4.0-SNAPSHOT.jar:?]
	at org.apache.hadoop.ozone.om.KeyManagerImpl.getFileStatus(KeyManagerImpl.java:1080) ~[ozone-manager-1.4.0-SNAPSHOT.jar:?]
	at org.apache.hadoop.ozone.om.OmMetadataReader.getFileStatus(OmMetadataReader.java:288) ~[ozone-manager-1.4.0-SNAPSHOT.jar:?]
	at org.apache.hadoop.ozone.om.OzoneManager.getFileStatus(OzoneManager.java:3449) ~[ozone-manager-1.4.0-SNAPSHOT.jar:?]
	at org.apache.hadoop.ozone.protocolPB.OzoneManagerRequestHandler.getOzoneFileStatus(OzoneManagerRequestHandler.java:933) ~[ozone-manager-1.4.0-SNAPSHOT.jar:?]
	at org.apache.hadoop.ozone.protocolPB.OzoneManagerRequestHandler.handleReadRequest(OzoneManagerRequestHandler.java:238) ~[ozone-manager-1.4.0-SNAPSHOT.jar:?]
	at org.apache.hadoop.ozone.protocolPB.OzoneManagerProtocolServerSideTranslatorPB.submitRequestDirectlyToOM(OzoneManagerProtocolServerSideTranslatorPB.java:271) ~[ozone-manager-1.4.0-SNAPSHOT.jar:?]
	at org.apache.hadoop.ozone.protocolPB.OzoneManagerProtocolServerSideTranslatorPB.processRequest(OzoneManagerProtocolServerSideTranslatorPB.java:173) ~[ozone-manager-1.4.0-SNAPSHOT.jar:?]
	at org.apache.hadoop.hdds.server.OzoneProtocolMessageDispatcher.processRequest(OzoneProtocolMessageDispatcher.java:87) [hdds-server-framework-1.4.0-SNAPSHOT.jar:?]
	at org.apache.hadoop.ozone.protocolPB.OzoneManagerProtocolServerSideTranslatorPB.submitRequest(OzoneManagerProtocolServerSideTranslatorPB.java:147) [ozone-manager-1.4.0-SNAPSHOT.jar:?]
	at org.apache.hadoop.ozone.protocol.proto.OzoneManagerProtocolProtos$OzoneManagerService$2.callBlockingMethod(OzoneManagerProtocolProtos.java) [ozone-interface-client-1.4.0-SNAPSHOT.jar:?]
	at org.apache.hadoop.ipc.ProtobufRpcEngine$Server.processCall(ProtobufRpcEngine.java:465) [hadoop-common-3.3.4.jar:?]
	at org.apache.hadoop.ipc.ProtobufRpcEngine2$Server$ProtoBufRpcInvoker.call(ProtobufRpcEngine2.java:578) [hadoop-common-3.3.4.jar:?]
	at org.apache.hadoop.ipc.ProtobufRpcEngine2$Server$ProtoBufRpcInvoker.call(ProtobufRpcEngine2.java:556) [hadoop-common-3.3.4.jar:?]
	at org.apache.hadoop.ipc.RPC$Server.call(RPC.java:1093) [hadoop-common-3.3.4.jar:?]
	at org.apache.hadoop.ipc.Server$RpcCall.run(Server.java:1043) [hadoop-common-3.3.4.jar:?]
	at org.apache.hadoop.ipc.Server$RpcCall.run(Server.java:971) [hadoop-common-3.3.4.jar:?]
	at java.security.AccessController.doPrivileged(Native Method) ~[?:1.8.0_362]
	at javax.security.auth.Subject.doAs(Subject.java:422) [?:1.8.0_362]
	at org.apache.hadoop.security.UserGroupInformation.doAs(UserGroupInformation.java:1878) [hadoop-common-3.3.4.jar:?]
	at org.apache.hadoop.ipc.Server$Handler.run(Server.java:2976) [hadoop-common-3.3.4.jar:?]
2023-02-14 08:19:59,624 [grpc-default-executor-2] INFO  server.RaftServer$Division (RaftServerImpl.java:requestVote(1251)) - 41c129e8-6aab-4c9d-a285-58cf14387518@group-21376C6DCD80 replies to ELECTION vote request: 34ef5736-8ccc-4354-bdfe-e8e28e0b14c7<-41c129e8-6aab-4c9d-a285-58cf14387518#0:OK-t2. Peer's state: 41c129e8-6aab-4c9d-a285-58cf14387518@group-21376C6DCD80:t2, leader=null, voted=34ef5736-8ccc-4354-bdfe-e8e28e0b14c7, raftlog=Memoized:41c129e8-6aab-4c9d-a285-58cf14387518@group-21376C6DCD80-SegmentedRaftLog:OPENED:c-1, conf=-1: peers:[34ef5736-8ccc-4354-bdfe-e8e28e0b14c7|rpc:10.1.0.19:40043|dataStream:10.1.0.19:42561|priority:0|startupRole:FOLLOWER, 6359aaa4-8509-4a3b-a3c1-a8ea6163a916|rpc:10.1.0.19:41443|dataStream:10.1.0.19:42567|priority:1|startupRole:FOLLOWER, 41c129e8-6aab-4c9d-a285-58cf14387518|rpc:10.1.0.19:42087|dataStream:10.1.0.19:37525|priority:0|startupRole:FOLLOWER]|listeners:[], old=null
2023-02-14 08:19:59,624 [34ef5736-8ccc-4354-bdfe-e8e28e0b14c7@group-21376C6DCD80-LeaderElection41] INFO  impl.LeaderElection (LeaderElection.java:logAndReturn(90)) - 34ef5736-8ccc-4354-bdfe-e8e28e0b14c7@group-21376C6DCD80-LeaderElection41: ELECTION REJECTED received 1 response(s) and 0 exception(s):
2023-02-14 08:19:59,625 [34ef5736-8ccc-4354-bdfe-e8e28e0b14c7@group-21376C6DCD80-LeaderElection41] INFO  impl.LeaderElection (LeaderElection.java:logAndReturn(94)) -   Response 0: 34ef5736-8ccc-4354-bdfe-e8e28e0b14c7<-6359aaa4-8509-4a3b-a3c1-a8ea6163a916#0:FAIL-t2
2023-02-14 08:19:59,625 [34ef5736-8ccc-4354-bdfe-e8e28e0b14c7@group-21376C6DCD80-LeaderElection41] INFO  impl.LeaderElection (LeaderElection.java:askForVotes(314)) - 34ef5736-8ccc-4354-bdfe-e8e28e0b14c7@group-21376C6DCD80-LeaderElection41 ELECTION round 0: result REJECTED
2023-02-14 08:19:59,625 [34ef5736-8ccc-4354-bdfe-e8e28e0b14c7@group-21376C6DCD80-LeaderElection41] INFO  server.RaftServer$Division (RaftServerImpl.java:setRole(321)) - 34ef5736-8ccc-4354-bdfe-e8e28e0b14c7@group-21376C6DCD80: changes role from CANDIDATE to FOLLOWER at term 2 for REJECTED
2023-02-14 08:19:59,625 [34ef5736-8ccc-4354-bdfe-e8e28e0b14c7@group-21376C6DCD80-LeaderElection41] INFO  impl.RoleInfo (RoleInfo.java:shutdownLeaderElection(130)) - 34ef5736-8ccc-4354-bdfe-e8e28e0b14c7: shutdown 34ef5736-8ccc-4354-bdfe-e8e28e0b14c7@group-21376C6DCD80-LeaderElection41
2023-02-14 08:19:59,625 [34ef5736-8ccc-4354-bdfe-e8e28e0b14c7@group-21376C6DCD80-LeaderElection41] INFO  impl.RoleInfo (RoleInfo.java:updateAndGet(139)) - 34ef5736-8ccc-4354-bdfe-e8e28e0b14c7: start 34ef5736-8ccc-4354-bdfe-e8e28e0b14c7@group-21376C6DCD80-FollowerState
08:19:59.625 [IPC Server handler 12 on default port 42497] ERROR OMAudit - user=runner | ip=127.0.0.1 | op=GET_FILE_STATUS {volume=volume12456, bucket=bucket20487, key=testBatchDelete/parent/child4, dataSize=0, replicationConfig=null} | ret=FAILURE
org.apache.hadoop.ozone.om.exceptions.OMException: Unable to get file status: volume: volume12456 bucket: bucket20487 key: testBatchDelete/parent/child4
	at org.apache.hadoop.ozone.om.KeyManagerImpl.getOzoneFileStatus(KeyManagerImpl.java:1162) ~[ozone-manager-1.4.0-SNAPSHOT.jar:?]
	at org.apache.hadoop.ozone.om.KeyManagerImpl.getFileStatus(KeyManagerImpl.java:1080) ~[ozone-manager-1.4.0-SNAPSHOT.jar:?]
	at org.apache.hadoop.ozone.om.OmMetadataReader.getFileStatus(OmMetadataReader.java:288) ~[ozone-manager-1.4.0-SNAPSHOT.jar:?]
	at org.apache.hadoop.ozone.om.OzoneManager.getFileStatus(OzoneManager.java:3449) ~[ozone-manager-1.4.0-SNAPSHOT.jar:?]
	at org.apache.hadoop.ozone.protocolPB.OzoneManagerRequestHandler.getOzoneFileStatus(OzoneManagerRequestHandler.java:933) ~[ozone-manager-1.4.0-SNAPSHOT.jar:?]
	at org.apache.hadoop.ozone.protocolPB.OzoneManagerRequestHandler.handleReadRequest(OzoneManagerRequestHandler.java:238) ~[ozone-manager-1.4.0-SNAPSHOT.jar:?]
	at org.apache.hadoop.ozone.protocolPB.OzoneManagerProtocolServerSideTranslatorPB.submitRequestDirectlyToOM(OzoneManagerProtocolServerSideTranslatorPB.java:271) ~[ozone-manager-1.4.0-SNAPSHOT.jar:?]
	at org.apache.hadoop.ozone.protocolPB.OzoneManagerProtocolServerSideTranslatorPB.processRequest(OzoneManagerProtocolServerSideTranslatorPB.java:173) ~[ozone-manager-1.4.0-SNAPSHOT.jar:?]
	at org.apache.hadoop.hdds.server.OzoneProtocolMessageDispatcher.processRequest(OzoneProtocolMessageDispatcher.java:87) [hdds-server-framework-1.4.0-SNAPSHOT.jar:?]
	at org.apache.hadoop.ozone.protocolPB.OzoneManagerProtocolServerSideTranslatorPB.submitRequest(OzoneManagerProtocolServerSideTranslatorPB.java:147) [ozone-manager-1.4.0-SNAPSHOT.jar:?]
	at org.apache.hadoop.ozone.protocol.proto.OzoneManagerProtocolProtos$OzoneManagerService$2.callBlockingMethod(OzoneManagerProtocolProtos.java) [ozone-interface-client-1.4.0-SNAPSHOT.jar:?]
	at org.apache.hadoop.ipc.ProtobufRpcEngine$Server.processCall(ProtobufRpcEngine.java:465) [hadoop-common-3.3.4.jar:?]
	at org.apache.hadoop.ipc.ProtobufRpcEngine2$Server$ProtoBufRpcInvoker.call(ProtobufRpcEngine2.java:578) [hadoop-common-3.3.4.jar:?]
	at org.apache.hadoop.ipc.ProtobufRpcEngine2$Server$ProtoBufRpcInvoker.call(ProtobufRpcEngine2.java:556) [hadoop-common-3.3.4.jar:?]
	at org.apache.hadoop.ipc.RPC$Server.call(RPC.java:1093) [hadoop-common-3.3.4.jar:?]
	at org.apache.hadoop.ipc.Server$RpcCall.run(Server.java:1043) [hadoop-common-3.3.4.jar:?]
	at org.apache.hadoop.ipc.Server$RpcCall.run(Server.java:971) [hadoop-common-3.3.4.jar:?]
	at java.security.AccessController.doPrivileged(Native Method) ~[?:1.8.0_362]
	at javax.security.auth.Subject.doAs(Subject.java:422) [?:1.8.0_362]
	at org.apache.hadoop.security.UserGroupInformation.doAs(UserGroupInformation.java:1878) [hadoop-common-3.3.4.jar:?]
	at org.apache.hadoop.ipc.Server$Handler.run(Server.java:2976) [hadoop-common-3.3.4.jar:?]
08:19:59.626 [IPC Server handler 11 on default port 42497] ERROR OMAudit - user=runner | ip=127.0.0.1 | op=GET_FILE_STATUS {volume=volume12456, bucket=bucket20487, key=testBatchDelete/parent/childFolder/child4, dataSize=0, replicationConfig=null} | ret=FAILURE
org.apache.hadoop.ozone.om.exceptions.OMException: Unable to get file status: volume: volume12456 bucket: bucket20487 key: testBatchDelete/parent/childFolder/child4
	at org.apache.hadoop.ozone.om.KeyManagerImpl.getOzoneFileStatus(KeyManagerImpl.java:1162) ~[ozone-manager-1.4.0-SNAPSHOT.jar:?]
	at org.apache.hadoop.ozone.om.KeyManagerImpl.getFileStatus(KeyManagerImpl.java:1080) ~[ozone-manager-1.4.0-SNAPSHOT.jar:?]
	at org.apache.hadoop.ozone.om.OmMetadataReader.getFileStatus(OmMetadataReader.java:288) ~[ozone-manager-1.4.0-SNAPSHOT.jar:?]
	at org.apache.hadoop.ozone.om.OzoneManager.getFileStatus(OzoneManager.java:3449) ~[ozone-manager-1.4.0-SNAPSHOT.jar:?]
	at org.apache.hadoop.ozone.protocolPB.OzoneManagerRequestHandler.getOzoneFileStatus(OzoneManagerRequestHandler.java:933) ~[ozone-manager-1.4.0-SNAPSHOT.jar:?]
	at org.apache.hadoop.ozone.protocolPB.OzoneManagerRequestHandler.handleReadRequest(OzoneManagerRequestHandler.java:238) ~[ozone-manager-1.4.0-SNAPSHOT.jar:?]
	at org.apache.hadoop.ozone.protocolPB.OzoneManagerProtocolServerSideTranslatorPB.submitRequestDirectlyToOM(OzoneManagerProtocolServerSideTranslatorPB.java:271) ~[ozone-manager-1.4.0-SNAPSHOT.jar:?]
	at org.apache.hadoop.ozone.protocolPB.OzoneManagerProtocolServerSideTranslatorPB.processRequest(OzoneManagerProtocolServerSideTranslatorPB.java:173) ~[ozone-manager-1.4.0-SNAPSHOT.jar:?]
	at org.apache.hadoop.hdds.server.OzoneProtocolMessageDispatcher.processRequest(OzoneProtocolMessageDispatcher.java:87) [hdds-server-framework-1.4.0-SNAPSHOT.jar:?]
	at org.apache.hadoop.ozone.protocolPB.OzoneManagerProtocolServerSideTranslatorPB.submitRequest(OzoneManagerProtocolServerSideTranslatorPB.java:147) [ozone-manager-1.4.0-SNAPSHOT.jar:?]
	at org.apache.hadoop.ozone.protocol.proto.OzoneManagerProtocolProtos$OzoneManagerService$2.callBlockingMethod(OzoneManagerProtocolProtos.java) [ozone-interface-client-1.4.0-SNAPSHOT.jar:?]
	at org.apache.hadoop.ipc.ProtobufRpcEngine$Server.processCall(ProtobufRpcEngine.java:465) [hadoop-common-3.3.4.jar:?]
	at org.apache.hadoop.ipc.ProtobufRpcEngine2$Server$ProtoBufRpcInvoker.call(ProtobufRpcEngine2.java:578) [hadoop-common-3.3.4.jar:?]
	at org.apache.hadoop.ipc.ProtobufRpcEngine2$Server$ProtoBufRpcInvoker.call(ProtobufRpcEngine2.java:556) [hadoop-common-3.3.4.jar:?]
	at org.apache.hadoop.ipc.RPC$Server.call(RPC.java:1093) [hadoop-common-3.3.4.jar:?]
	at org.apache.hadoop.ipc.Server$RpcCall.run(Server.java:1043) [hadoop-common-3.3.4.jar:?]
	at org.apache.hadoop.ipc.Server$RpcCall.run(Server.java:971) [hadoop-common-3.3.4.jar:?]
	at java.security.AccessController.doPrivileged(Native Method) ~[?:1.8.0_362]
	at javax.security.auth.Subject.doAs(Subject.java:422) [?:1.8.0_362]
	at org.apache.hadoop.security.UserGroupInformation.doAs(UserGroupInformation.java:1878) [hadoop-common-3.3.4.jar:?]
	at org.apache.hadoop.ipc.Server$Handler.run(Server.java:2976) [hadoop-common-3.3.4.jar:?]
08:19:59.628 [IPC Server handler 3 on default port 42497] ERROR OMAudit - user=runner | ip=127.0.0.1 | op=GET_FILE_STATUS {volume=volume12456, bucket=bucket20487, key=testBatchDelete/parent/child5, dataSize=0, replicationConfig=null} | ret=FAILURE
org.apache.hadoop.ozone.om.exceptions.OMException: Unable to get file status: volume: volume12456 bucket: bucket20487 key: testBatchDelete/parent/child5
	at org.apache.hadoop.ozone.om.KeyManagerImpl.getOzoneFileStatus(KeyManagerImpl.java:1162) ~[ozone-manager-1.4.0-SNAPSHOT.jar:?]
	at org.apache.hadoop.ozone.om.KeyManagerImpl.getFileStatus(KeyManagerImpl.java:1080) ~[ozone-manager-1.4.0-SNAPSHOT.jar:?]
	at org.apache.hadoop.ozone.om.OmMetadataReader.getFileStatus(OmMetadataReader.java:288) ~[ozone-manager-1.4.0-SNAPSHOT.jar:?]
	at org.apache.hadoop.ozone.om.OzoneManager.getFileStatus(OzoneManager.java:3449) ~[ozone-manager-1.4.0-SNAPSHOT.jar:?]
	at org.apache.hadoop.ozone.protocolPB.OzoneManagerRequestHandler.getOzoneFileStatus(OzoneManagerRequestHandler.java:933) ~[ozone-manager-1.4.0-SNAPSHOT.jar:?]
	at org.apache.hadoop.ozone.protocolPB.OzoneManagerRequestHandler.handleReadRequest(OzoneManagerRequestHandler.java:238) ~[ozone-manager-1.4.0-SNAPSHOT.jar:?]
	at org.apache.hadoop.ozone.protocolPB.OzoneManagerProtocolServerSideTranslatorPB.submitRequestDirectlyToOM(OzoneManagerProtocolServerSideTranslatorPB.java:271) ~[ozone-manager-1.4.0-SNAPSHOT.jar:?]
	at org.apache.hadoop.ozone.protocolPB.OzoneManagerProtocolServerSideTranslatorPB.processRequest(OzoneManagerProtocolServerSideTranslatorPB.java:173) ~[ozone-manager-1.4.0-SNAPSHOT.jar:?]
	at org.apache.hadoop.hdds.server.OzoneProtocolMessageDispatcher.processRequest(OzoneProtocolMessageDispatcher.java:87) [hdds-server-framework-1.4.0-SNAPSHOT.jar:?]
	at org.apache.hadoop.ozone.protocolPB.OzoneManagerProtocolServerSideTranslatorPB.submitRequest(OzoneManagerProtocolServerSideTranslatorPB.java:147) [ozone-manager-1.4.0-SNAPSHOT.jar:?]
	at org.apache.hadoop.ozone.protocol.proto.OzoneManagerProtocolProtos$OzoneManagerService$2.callBlockingMethod(OzoneManagerProtocolProtos.java) [ozone-interface-client-1.4.0-SNAPSHOT.jar:?]
	at org.apache.hadoop.ipc.ProtobufRpcEngine$Server.processCall(ProtobufRpcEngine.java:465) [hadoop-common-3.3.4.jar:?]
	at org.apache.hadoop.ipc.ProtobufRpcEngine2$Server$ProtoBufRpcInvoker.call(ProtobufRpcEngine2.java:578) [hadoop-common-3.3.4.jar:?]
	at org.apache.hadoop.ipc.ProtobufRpcEngine2$Server$ProtoBufRpcInvoker.call(ProtobufRpcEngine2.java:556) [hadoop-common-3.3.4.jar:?]
	at org.apache.hadoop.ipc.RPC$Server.call(RPC.java:1093) [hadoop-common-3.3.4.jar:?]
	at org.apache.hadoop.ipc.Server$RpcCall.run(Server.java:1043) [hadoop-common-3.3.4.jar:?]
	at org.apache.hadoop.ipc.Server$RpcCall.run(Server.java:971) [hadoop-common-3.3.4.jar:?]
	at java.security.AccessController.doPrivileged(Native Method) ~[?:1.8.0_362]
	at javax.security.auth.Subject.doAs(Subject.java:422) [?:1.8.0_362]
	at org.apache.hadoop.security.UserGroupInformation.doAs(UserGroupInformation.java:1878) [hadoop-common-3.3.4.jar:?]
	at org.apache.hadoop.ipc.Server$Handler.run(Server.java:2976) [hadoop-common-3.3.4.jar:?]
08:19:59.629 [IPC Server handler 2 on default port 42497] ERROR OMAudit - user=runner | ip=127.0.0.1 | op=GET_FILE_STATUS {volume=volume12456, bucket=bucket20487, key=testBatchDelete/parent/childFolder/child5, dataSize=0, replicationConfig=null} | ret=FAILURE
org.apache.hadoop.ozone.om.exceptions.OMException: Unable to get file status: volume: volume12456 bucket: bucket20487 key: testBatchDelete/parent/childFolder/child5
	at org.apache.hadoop.ozone.om.KeyManagerImpl.getOzoneFileStatus(KeyManagerImpl.java:1162) ~[ozone-manager-1.4.0-SNAPSHOT.jar:?]
	at org.apache.hadoop.ozone.om.KeyManagerImpl.getFileStatus(KeyManagerImpl.java:1080) ~[ozone-manager-1.4.0-SNAPSHOT.jar:?]
	at org.apache.hadoop.ozone.om.OmMetadataReader.getFileStatus(OmMetadataReader.java:288) ~[ozone-manager-1.4.0-SNAPSHOT.jar:?]
	at org.apache.hadoop.ozone.om.OzoneManager.getFileStatus(OzoneManager.java:3449) ~[ozone-manager-1.4.0-SNAPSHOT.jar:?]
	at org.apache.hadoop.ozone.protocolPB.OzoneManagerRequestHandler.getOzoneFileStatus(OzoneManagerRequestHandler.java:933) ~[ozone-manager-1.4.0-SNAPSHOT.jar:?]
	at org.apache.hadoop.ozone.protocolPB.OzoneManagerRequestHandler.handleReadRequest(OzoneManagerRequestHandler.java:238) ~[ozone-manager-1.4.0-SNAPSHOT.jar:?]
	at org.apache.hadoop.ozone.protocolPB.OzoneManagerProtocolServerSideTranslatorPB.submitRequestDirectlyToOM(OzoneManagerProtocolServerSideTranslatorPB.java:271) ~[ozone-manager-1.4.0-SNAPSHOT.jar:?]
	at org.apache.hadoop.ozone.protocolPB.OzoneManagerProtocolServerSideTranslatorPB.processRequest(OzoneManagerProtocolServerSideTranslatorPB.java:173) ~[ozone-manager-1.4.0-SNAPSHOT.jar:?]
	at org.apache.hadoop.hdds.server.OzoneProtocolMessageDispatcher.processRequest(OzoneProtocolMessageDispatcher.java:87) [hdds-server-framework-1.4.0-SNAPSHOT.jar:?]
	at org.apache.hadoop.ozone.protocolPB.OzoneManagerProtocolServerSideTranslatorPB.submitRequest(OzoneManagerProtocolServerSideTranslatorPB.java:147) [ozone-manager-1.4.0-SNAPSHOT.jar:?]
	at org.apache.hadoop.ozone.protocol.proto.OzoneManagerProtocolProtos$OzoneManagerService$2.callBlockingMethod(OzoneManagerProtocolProtos.java) [ozone-interface-client-1.4.0-SNAPSHOT.jar:?]
	at org.apache.hadoop.ipc.ProtobufRpcEngine$Server.processCall(ProtobufRpcEngine.java:465) [hadoop-common-3.3.4.jar:?]
	at org.apache.hadoop.ipc.ProtobufRpcEngine2$Server$ProtoBufRpcInvoker.call(ProtobufRpcEngine2.java:578) [hadoop-common-3.3.4.jar:?]
	at org.apache.hadoop.ipc.ProtobufRpcEngine2$Server$ProtoBufRpcInvoker.call(ProtobufRpcEngine2.java:556) [hadoop-common-3.3.4.jar:?]
	at org.apache.hadoop.ipc.RPC$Server.call(RPC.java:1093) [hadoop-common-3.3.4.jar:?]
	at org.apache.hadoop.ipc.Server$RpcCall.run(Server.java:1043) [hadoop-common-3.3.4.jar:?]
	at org.apache.hadoop.ipc.Server$RpcCall.run(Server.java:971) [hadoop-common-3.3.4.jar:?]
	at java.security.AccessController.doPrivileged(Native Method) ~[?:1.8.0_362]
	at javax.security.auth.Subject.doAs(Subject.java:422) [?:1.8.0_362]
	at org.apache.hadoop.security.UserGroupInformation.doAs(UserGroupInformation.java:1878) [hadoop-common-3.3.4.jar:?]
	at org.apache.hadoop.ipc.Server$Handler.run(Server.java:2976) [hadoop-common-3.3.4.jar:?]
08:19:59.629 [IPC Server handler 10 on default port 42497] ERROR OMAudit - user=runner | ip=127.0.0.1 | op=GET_FILE_STATUS {volume=volume12456, bucket=bucket20487, key=testBatchDelete/parent/child6, dataSize=0, replicationConfig=null} | ret=FAILURE
org.apache.hadoop.ozone.om.exceptions.OMException: Unable to get file status: volume: volume12456 bucket: bucket20487 key: testBatchDelete/parent/child6
	at org.apache.hadoop.ozone.om.KeyManagerImpl.getOzoneFileStatus(KeyManagerImpl.java:1162) ~[ozone-manager-1.4.0-SNAPSHOT.jar:?]
	at org.apache.hadoop.ozone.om.KeyManagerImpl.getFileStatus(KeyManagerImpl.java:1080) ~[ozone-manager-1.4.0-SNAPSHOT.jar:?]
	at org.apache.hadoop.ozone.om.OmMetadataReader.getFileStatus(OmMetadataReader.java:288) ~[ozone-manager-1.4.0-SNAPSHOT.jar:?]
	at org.apache.hadoop.ozone.om.OzoneManager.getFileStatus(OzoneManager.java:3449) ~[ozone-manager-1.4.0-SNAPSHOT.jar:?]
	at org.apache.hadoop.ozone.protocolPB.OzoneManagerRequestHandler.getOzoneFileStatus(OzoneManagerRequestHandler.java:933) ~[ozone-manager-1.4.0-SNAPSHOT.jar:?]
	at org.apache.hadoop.ozone.protocolPB.OzoneManagerRequestHandler.handleReadRequest(OzoneManagerRequestHandler.java:238) ~[ozone-manager-1.4.0-SNAPSHOT.jar:?]
	at org.apache.hadoop.ozone.protocolPB.OzoneManagerProtocolServerSideTranslatorPB.submitRequestDirectlyToOM(OzoneManagerProtocolServerSideTranslatorPB.java:271) ~[ozone-manager-1.4.0-SNAPSHOT.jar:?]
	at org.apache.hadoop.ozone.protocolPB.OzoneManagerProtocolServerSideTranslatorPB.processRequest(OzoneManagerProtocolServerSideTranslatorPB.java:173) ~[ozone-manager-1.4.0-SNAPSHOT.jar:?]
	at org.apache.hadoop.hdds.server.OzoneProtocolMessageDispatcher.processRequest(OzoneProtocolMessageDispatcher.java:87) [hdds-server-framework-1.4.0-SNAPSHOT.jar:?]
	at org.apache.hadoop.ozone.protocolPB.OzoneManagerProtocolServerSideTranslatorPB.submitRequest(OzoneManagerProtocolServerSideTranslatorPB.java:147) [ozone-manager-1.4.0-SNAPSHOT.jar:?]
	at org.apache.hadoop.ozone.protocol.proto.OzoneManagerProtocolProtos$OzoneManagerService$2.callBlockingMethod(OzoneManagerProtocolProtos.java) [ozone-interface-client-1.4.0-SNAPSHOT.jar:?]
	at org.apache.hadoop.ipc.ProtobufRpcEngine$Server.processCall(ProtobufRpcEngine.java:465) [hadoop-common-3.3.4.jar:?]
	at org.apache.hadoop.ipc.ProtobufRpcEngine2$Server$ProtoBufRpcInvoker.call(ProtobufRpcEngine2.java:578) [hadoop-common-3.3.4.jar:?]
	at org.apache.hadoop.ipc.ProtobufRpcEngine2$Server$ProtoBufRpcInvoker.call(ProtobufRpcEngine2.java:556) [hadoop-common-3.3.4.jar:?]
	at org.apache.hadoop.ipc.RPC$Server.call(RPC.java:1093) [hadoop-common-3.3.4.jar:?]
	at org.apache.hadoop.ipc.Server$RpcCall.run(Server.java:1043) [hadoop-common-3.3.4.jar:?]
	at org.apache.hadoop.ipc.Server$RpcCall.run(Server.java:971) [hadoop-common-3.3.4.jar:?]
	at java.security.AccessController.doPrivileged(Native Method) ~[?:1.8.0_362]
	at javax.security.auth.Subject.doAs(Subject.java:422) [?:1.8.0_362]
	at org.apache.hadoop.security.UserGroupInformation.doAs(UserGroupInformation.java:1878) [hadoop-common-3.3.4.jar:?]
	at org.apache.hadoop.ipc.Server$Handler.run(Server.java:2976) [hadoop-common-3.3.4.jar:?]
08:19:59.630 [IPC Server handler 17 on default port 42497] ERROR OMAudit - user=runner | ip=127.0.0.1 | op=GET_FILE_STATUS {volume=volume12456, bucket=bucket20487, key=testBatchDelete/parent/childFolder/child6, dataSize=0, replicationConfig=null} | ret=FAILURE
org.apache.hadoop.ozone.om.exceptions.OMException: Unable to get file status: volume: volume12456 bucket: bucket20487 key: testBatchDelete/parent/childFolder/child6
	at org.apache.hadoop.ozone.om.KeyManagerImpl.getOzoneFileStatus(KeyManagerImpl.java:1162) ~[ozone-manager-1.4.0-SNAPSHOT.jar:?]
	at org.apache.hadoop.ozone.om.KeyManagerImpl.getFileStatus(KeyManagerImpl.java:1080) ~[ozone-manager-1.4.0-SNAPSHOT.jar:?]
	at org.apache.hadoop.ozone.om.OmMetadataReader.getFileStatus(OmMetadataReader.java:288) ~[ozone-manager-1.4.0-SNAPSHOT.jar:?]
	at org.apache.hadoop.ozone.om.OzoneManager.getFileStatus(OzoneManager.java:3449) ~[ozone-manager-1.4.0-SNAPSHOT.jar:?]
	at org.apache.hadoop.ozone.protocolPB.OzoneManagerRequestHandler.getOzoneFileStatus(OzoneManagerRequestHandler.java:933) ~[ozone-manager-1.4.0-SNAPSHOT.jar:?]
	at org.apache.hadoop.ozone.protocolPB.OzoneManagerRequestHandler.handleReadRequest(OzoneManagerRequestHandler.java:238) ~[ozone-manager-1.4.0-SNAPSHOT.jar:?]
	at org.apache.hadoop.ozone.protocolPB.OzoneManagerProtocolServerSideTranslatorPB.submitRequestDirectlyToOM(OzoneManagerProtocolServerSideTranslatorPB.java:271) ~[ozone-manager-1.4.0-SNAPSHOT.jar:?]
	at org.apache.hadoop.ozone.protocolPB.OzoneManagerProtocolServerSideTranslatorPB.processRequest(OzoneManagerProtocolServerSideTranslatorPB.java:173) ~[ozone-manager-1.4.0-SNAPSHOT.jar:?]
	at org.apache.hadoop.hdds.server.OzoneProtocolMessageDispatcher.processRequest(OzoneProtocolMessageDispatcher.java:87) [hdds-server-framework-1.4.0-SNAPSHOT.jar:?]
	at org.apache.hadoop.ozone.protocolPB.OzoneManagerProtocolServerSideTranslatorPB.submitRequest(OzoneManagerProtocolServerSideTranslatorPB.java:147) [ozone-manager-1.4.0-SNAPSHOT.jar:?]
	at org.apache.hadoop.ozone.protocol.proto.OzoneManagerProtocolProtos$OzoneManagerService$2.callBlockingMethod(OzoneManagerProtocolProtos.java) [ozone-interface-client-1.4.0-SNAPSHOT.jar:?]
	at org.apache.hadoop.ipc.ProtobufRpcEngine$Server.processCall(ProtobufRpcEngine.java:465) [hadoop-common-3.3.4.jar:?]
	at org.apache.hadoop.ipc.ProtobufRpcEngine2$Server$ProtoBufRpcInvoker.call(ProtobufRpcEngine2.java:578) [hadoop-common-3.3.4.jar:?]
	at org.apache.hadoop.ipc.ProtobufRpcEngine2$Server$ProtoBufRpcInvoker.call(ProtobufRpcEngine2.java:556) [hadoop-common-3.3.4.jar:?]
	at org.apache.hadoop.ipc.RPC$Server.call(RPC.java:1093) [hadoop-common-3.3.4.jar:?]
	at org.apache.hadoop.ipc.Server$RpcCall.run(Server.java:1043) [hadoop-common-3.3.4.jar:?]
	at org.apache.hadoop.ipc.Server$RpcCall.run(Server.java:971) [hadoop-common-3.3.4.jar:?]
	at java.security.AccessController.doPrivileged(Native Method) ~[?:1.8.0_362]
	at javax.security.auth.Subject.doAs(Subject.java:422) [?:1.8.0_362]
	at org.apache.hadoop.security.UserGroupInformation.doAs(UserGroupInformation.java:1878) [hadoop-common-3.3.4.jar:?]
	at org.apache.hadoop.ipc.Server$Handler.run(Server.java:2976) [hadoop-common-3.3.4.jar:?]
2023-02-14 08:19:59,642 [34ef5736-8ccc-4354-bdfe-e8e28e0b14c7@group-21376C6DCD80-FollowerState] INFO  server.RaftServerConfigKeys (ConfUtils.java:logFallback(53)) - raft.server.rpc.first-election.timeout.min = 5s (fallback to raft.server.rpc.timeout.min)
2023-02-14 08:19:59,642 [34ef5736-8ccc-4354-bdfe-e8e28e0b14c7@group-21376C6DCD80-FollowerState] INFO  server.RaftServerConfigKeys (ConfUtils.java:logFallback(53)) - raft.server.rpc.first-election.timeout.max = 5200ms (fallback to raft.server.rpc.timeout.max)
2023-02-14 08:19:59,642 [grpc-default-executor-2] INFO  server.RaftServer$Division (RaftServerImpl.java:requestVote(1218)) - 34ef5736-8ccc-4354-bdfe-e8e28e0b14c7@group-21376C6DCD80: receive requestVote(ELECTION, 6359aaa4-8509-4a3b-a3c1-a8ea6163a916, group-21376C6DCD80, 2, (t:0, i:0))
2023-02-14 08:19:59,642 [grpc-default-executor-2] INFO  impl.VoteContext (VoteContext.java:log(49)) - 34ef5736-8ccc-4354-bdfe-e8e28e0b14c7@group-21376C6DCD80-FOLLOWER: reject ELECTION from 6359aaa4-8509-4a3b-a3c1-a8ea6163a916: already has voted for 34ef5736-8ccc-4354-bdfe-e8e28e0b14c7 at current term 2
2023-02-14 08:19:59,643 [grpc-default-executor-2] INFO  server.RaftServer$Division (RaftServerImpl.java:requestVote(1251)) - 34ef5736-8ccc-4354-bdfe-e8e28e0b14c7@group-21376C6DCD80 replies to ELECTION vote request: 6359aaa4-8509-4a3b-a3c1-a8ea6163a916<-34ef5736-8ccc-4354-bdfe-e8e28e0b14c7#0:FAIL-t2. Peer's state: 34ef5736-8ccc-4354-bdfe-e8e28e0b14c7@group-21376C6DCD80:t2, leader=null, voted=34ef5736-8ccc-4354-bdfe-e8e28e0b14c7, raftlog=Memoized:34ef5736-8ccc-4354-bdfe-e8e28e0b14c7@group-21376C6DCD80-SegmentedRaftLog:OPENED:c-1, conf=-1: peers:[34ef5736-8ccc-4354-bdfe-e8e28e0b14c7|rpc:10.1.0.19:40043|dataStream:10.1.0.19:42561|priority:0|startupRole:FOLLOWER, 6359aaa4-8509-4a3b-a3c1-a8ea6163a916|rpc:10.1.0.19:41443|dataStream:10.1.0.19:42567|priority:1|startupRole:FOLLOWER, 41c129e8-6aab-4c9d-a285-58cf14387518|rpc:10.1.0.19:42087|dataStream:10.1.0.19:37525|priority:0|startupRole:FOLLOWER]|listeners:[], old=null
08:19:59.643 [IPC Server handler 16 on default port 42497] ERROR OMAudit - user=runner | ip=127.0.0.1 | op=GET_FILE_STATUS {volume=volume12456, bucket=bucket20487, key=testBatchDelete/parent/child7, dataSize=0, replicationConfig=null} | ret=FAILURE
org.apache.hadoop.ozone.om.exceptions.OMException: Unable to get file status: volume: volume12456 bucket: bucket20487 key: testBatchDelete/parent/child7
	at org.apache.hadoop.ozone.om.KeyManagerImpl.getOzoneFileStatus(KeyManagerImpl.java:1162) ~[ozone-manager-1.4.0-SNAPSHOT.jar:?]
	at org.apache.hadoop.ozone.om.KeyManagerImpl.getFileStatus(KeyManagerImpl.java:1080) ~[ozone-manager-1.4.0-SNAPSHOT.jar:?]
	at org.apache.hadoop.ozone.om.OmMetadataReader.getFileStatus(OmMetadataReader.java:288) ~[ozone-manager-1.4.0-SNAPSHOT.jar:?]
	at org.apache.hadoop.ozone.om.OzoneManager.getFileStatus(OzoneManager.java:3449) ~[ozone-manager-1.4.0-SNAPSHOT.jar:?]
	at org.apache.hadoop.ozone.protocolPB.OzoneManagerRequestHandler.getOzoneFileStatus(OzoneManagerRequestHandler.java:933) ~[ozone-manager-1.4.0-SNAPSHOT.jar:?]
	at org.apache.hadoop.ozone.protocolPB.OzoneManagerRequestHandler.handleReadRequest(OzoneManagerRequestHandler.java:238) ~[ozone-manager-1.4.0-SNAPSHOT.jar:?]
	at org.apache.hadoop.ozone.protocolPB.OzoneManagerProtocolServerSideTranslatorPB.submitRequestDirectlyToOM(OzoneManagerProtocolServerSideTranslatorPB.java:271) ~[ozone-manager-1.4.0-SNAPSHOT.jar:?]
	at org.apache.hadoop.ozone.protocolPB.OzoneManagerProtocolServerSideTranslatorPB.processRequest(OzoneManagerProtocolServerSideTranslatorPB.java:173) ~[ozone-manager-1.4.0-SNAPSHOT.jar:?]
	at org.apache.hadoop.hdds.server.OzoneProtocolMessageDispatcher.processRequest(OzoneProtocolMessageDispatcher.java:87) [hdds-server-framework-1.4.0-SNAPSHOT.jar:?]
	at org.apache.hadoop.ozone.protocolPB.OzoneManagerProtocolServerSideTranslatorPB.submitRequest(OzoneManagerProtocolServerSideTranslatorPB.java:147) [ozone-manager-1.4.0-SNAPSHOT.jar:?]
	at org.apache.hadoop.ozone.protocol.proto.OzoneManagerProtocolProtos$OzoneManagerService$2.callBlockingMethod(OzoneManagerProtocolProtos.java) [ozone-interface-client-1.4.0-SNAPSHOT.jar:?]
	at org.apache.hadoop.ipc.ProtobufRpcEngine$Server.processCall(ProtobufRpcEngine.java:465) [hadoop-common-3.3.4.jar:?]
	at org.apache.hadoop.ipc.ProtobufRpcEngine2$Server$ProtoBufRpcInvoker.call(ProtobufRpcEngine2.java:578) [hadoop-common-3.3.4.jar:?]
	at org.apache.hadoop.ipc.ProtobufRpcEngine2$Server$ProtoBufRpcInvoker.call(ProtobufRpcEngine2.java:556) [hadoop-common-3.3.4.jar:?]
	at org.apache.hadoop.ipc.RPC$Server.call(RPC.java:1093) [hadoop-common-3.3.4.jar:?]
	at org.apache.hadoop.ipc.Server$RpcCall.run(Server.java:1043) [hadoop-common-3.3.4.jar:?]
	at org.apache.hadoop.ipc.Server$RpcCall.run(Server.java:971) [hadoop-common-3.3.4.jar:?]
	at java.security.AccessController.doPrivileged(Native Method) ~[?:1.8.0_362]
	at javax.security.auth.Subject.doAs(Subject.java:422) [?:1.8.0_362]
	at org.apache.hadoop.security.UserGroupInformation.doAs(UserGroupInformation.java:1878) [hadoop-common-3.3.4.jar:?]
	at org.apache.hadoop.ipc.Server$Handler.run(Server.java:2976) [hadoop-common-3.3.4.jar:?]
2023-02-14 08:19:59,644 [grpc-default-executor-1] INFO  server.RaftServer$Division (RaftServerImpl.java:requestVote(1218)) - 41c129e8-6aab-4c9d-a285-58cf14387518@group-21376C6DCD80: receive requestVote(ELECTION, 6359aaa4-8509-4a3b-a3c1-a8ea6163a916, group-21376C6DCD80, 2, (t:0, i:0))
2023-02-14 08:19:59,644 [grpc-default-executor-1] INFO  impl.VoteContext (VoteContext.java:log(49)) - 41c129e8-6aab-4c9d-a285-58cf14387518@group-21376C6DCD80-FOLLOWER: reject ELECTION from 6359aaa4-8509-4a3b-a3c1-a8ea6163a916: already has voted for 34ef5736-8ccc-4354-bdfe-e8e28e0b14c7 at current term 2
2023-02-14 08:19:59,644 [grpc-default-executor-1] INFO  server.RaftServer$Division (RaftServerImpl.java:requestVote(1251)) - 41c129e8-6aab-4c9d-a285-58cf14387518@group-21376C6DCD80 replies to ELECTION vote request: 6359aaa4-8509-4a3b-a3c1-a8ea6163a916<-41c129e8-6aab-4c9d-a285-58cf14387518#0:FAIL-t2. Peer's state: 41c129e8-6aab-4c9d-a285-58cf14387518@group-21376C6DCD80:t2, leader=null, voted=34ef5736-8ccc-4354-bdfe-e8e28e0b14c7, raftlog=Memoized:41c129e8-6aab-4c9d-a285-58cf14387518@group-21376C6DCD80-SegmentedRaftLog:OPENED:c-1, conf=-1: peers:[34ef5736-8ccc-4354-bdfe-e8e28e0b14c7|rpc:10.1.0.19:40043|dataStream:10.1.0.19:42561|priority:0|startupRole:FOLLOWER, 6359aaa4-8509-4a3b-a3c1-a8ea6163a916|rpc:10.1.0.19:41443|dataStream:10.1.0.19:42567|priority:1|startupRole:FOLLOWER, 41c129e8-6aab-4c9d-a285-58cf14387518|rpc:10.1.0.19:42087|dataStream:10.1.0.19:37525|priority:0|startupRole:FOLLOWER]|listeners:[], old=null
08:19:59.645 [IPC Server handler 19 on default port 42497] ERROR OMAudit - user=runner | ip=127.0.0.1 | op=GET_FILE_STATUS {volume=volume12456, bucket=bucket20487, key=testBatchDelete/parent/childFolder/child7, dataSize=0, replicationConfig=null} | ret=FAILURE
org.apache.hadoop.ozone.om.exceptions.OMException: Unable to get file status: volume: volume12456 bucket: bucket20487 key: testBatchDelete/parent/childFolder/child7
	at org.apache.hadoop.ozone.om.KeyManagerImpl.getOzoneFileStatus(KeyManagerImpl.java:1162) ~[ozone-manager-1.4.0-SNAPSHOT.jar:?]
	at org.apache.hadoop.ozone.om.KeyManagerImpl.getFileStatus(KeyManagerImpl.java:1080) ~[ozone-manager-1.4.0-SNAPSHOT.jar:?]
	at org.apache.hadoop.ozone.om.OmMetadataReader.getFileStatus(OmMetadataReader.java:288) ~[ozone-manager-1.4.0-SNAPSHOT.jar:?]
	at org.apache.hadoop.ozone.om.OzoneManager.getFileStatus(OzoneManager.java:3449) ~[ozone-manager-1.4.0-SNAPSHOT.jar:?]
	at org.apache.hadoop.ozone.protocolPB.OzoneManagerRequestHandler.getOzoneFileStatus(OzoneManagerRequestHandler.java:933) ~[ozone-manager-1.4.0-SNAPSHOT.jar:?]
	at org.apache.hadoop.ozone.protocolPB.OzoneManagerRequestHandler.handleReadRequest(OzoneManagerRequestHandler.java:238) ~[ozone-manager-1.4.0-SNAPSHOT.jar:?]
	at org.apache.hadoop.ozone.protocolPB.OzoneManagerProtocolServerSideTranslatorPB.submitRequestDirectlyToOM(OzoneManagerProtocolServerSideTranslatorPB.java:271) ~[ozone-manager-1.4.0-SNAPSHOT.jar:?]
	at org.apache.hadoop.ozone.protocolPB.OzoneManagerProtocolServerSideTranslatorPB.processRequest(OzoneManagerProtocolServerSideTranslatorPB.java:173) ~[ozone-manager-1.4.0-SNAPSHOT.jar:?]
	at org.apache.hadoop.hdds.server.OzoneProtocolMessageDispatcher.processRequest(OzoneProtocolMessageDispatcher.java:87) [hdds-server-framework-1.4.0-SNAPSHOT.jar:?]
	at org.apache.hadoop.ozone.protocolPB.OzoneManagerProtocolServerSideTranslatorPB.submitRequest(OzoneManagerProtocolServerSideTranslatorPB.java:147) [ozone-manager-1.4.0-SNAPSHOT.jar:?]
	at org.apache.hadoop.ozone.protocol.proto.OzoneManagerProtocolProtos$OzoneManagerService$2.callBlockingMethod(OzoneManagerProtocolProtos.java) [ozone-interface-client-1.4.0-SNAPSHOT.jar:?]
	at org.apache.hadoop.ipc.ProtobufRpcEngine$Server.processCall(ProtobufRpcEngine.java:465) [hadoop-common-3.3.4.jar:?]
	at org.apache.hadoop.ipc.ProtobufRpcEngine2$Server$ProtoBufRpcInvoker.call(ProtobufRpcEngine2.java:578) [hadoop-common-3.3.4.jar:?]
	at org.apache.hadoop.ipc.ProtobufRpcEngine2$Server$ProtoBufRpcInvoker.call(ProtobufRpcEngine2.java:556) [hadoop-common-3.3.4.jar:?]
	at org.apache.hadoop.ipc.RPC$Server.call(RPC.java:1093) [hadoop-common-3.3.4.jar:?]
	at org.apache.hadoop.ipc.Server$RpcCall.run(Server.java:1043) [hadoop-common-3.3.4.jar:?]
	at org.apache.hadoop.ipc.Server$RpcCall.run(Server.java:971) [hadoop-common-3.3.4.jar:?]
	at java.security.AccessController.doPrivileged(Native Method) ~[?:1.8.0_362]
	at javax.security.auth.Subject.doAs(Subject.java:422) [?:1.8.0_362]
	at org.apache.hadoop.security.UserGroupInformation.doAs(UserGroupInformation.java:1878) [hadoop-common-3.3.4.jar:?]
	at org.apache.hadoop.ipc.Server$Handler.run(Server.java:2976) [hadoop-common-3.3.4.jar:?]
2023-02-14 08:19:59,646 [6359aaa4-8509-4a3b-a3c1-a8ea6163a916@group-21376C6DCD80-LeaderElection42] INFO  impl.LeaderElection (LeaderElection.java:logAndReturn(90)) - 6359aaa4-8509-4a3b-a3c1-a8ea6163a916@group-21376C6DCD80-LeaderElection42: ELECTION REJECTED received 2 response(s) and 0 exception(s):
2023-02-14 08:19:59,646 [6359aaa4-8509-4a3b-a3c1-a8ea6163a916@group-21376C6DCD80-LeaderElection42] INFO  impl.LeaderElection (LeaderElection.java:logAndReturn(94)) -   Response 0: 6359aaa4-8509-4a3b-a3c1-a8ea6163a916<-34ef5736-8ccc-4354-bdfe-e8e28e0b14c7#0:FAIL-t2
2023-02-14 08:19:59,646 [6359aaa4-8509-4a3b-a3c1-a8ea6163a916@group-21376C6DCD80-LeaderElection42] INFO  impl.LeaderElection (LeaderElection.java:logAndReturn(94)) -   Response 1: 6359aaa4-8509-4a3b-a3c1-a8ea6163a916<-41c129e8-6aab-4c9d-a285-58cf14387518#0:FAIL-t2
2023-02-14 08:19:59,646 [6359aaa4-8509-4a3b-a3c1-a8ea6163a916@group-21376C6DCD80-LeaderElection42] INFO  impl.LeaderElection (LeaderElection.java:askForVotes(314)) - 6359aaa4-8509-4a3b-a3c1-a8ea6163a916@group-21376C6DCD80-LeaderElection42 ELECTION round 0: result REJECTED
2023-02-14 08:19:59,646 [6359aaa4-8509-4a3b-a3c1-a8ea6163a916@group-21376C6DCD80-LeaderElection42] INFO  server.RaftServer$Division (RaftServerImpl.java:setRole(321)) - 6359aaa4-8509-4a3b-a3c1-a8ea6163a916@group-21376C6DCD80: changes role from CANDIDATE to FOLLOWER at term 2 for REJECTED
2023-02-14 08:19:59,646 [6359aaa4-8509-4a3b-a3c1-a8ea6163a916@group-21376C6DCD80-LeaderElection42] INFO  impl.RoleInfo (RoleInfo.java:shutdownLeaderElection(130)) - 6359aaa4-8509-4a3b-a3c1-a8ea6163a916: shutdown 6359aaa4-8509-4a3b-a3c1-a8ea6163a916@group-21376C6DCD80-LeaderElection42
2023-02-14 08:19:59,646 [6359aaa4-8509-4a3b-a3c1-a8ea6163a916@group-21376C6DCD80-LeaderElection42] INFO  impl.RoleInfo (RoleInfo.java:updateAndGet(139)) - 6359aaa4-8509-4a3b-a3c1-a8ea6163a916: start 6359aaa4-8509-4a3b-a3c1-a8ea6163a916@group-21376C6DCD80-FollowerState
2023-02-14 08:19:59,646 [6359aaa4-8509-4a3b-a3c1-a8ea6163a916@group-21376C6DCD80-FollowerState] INFO  server.RaftServerConfigKeys (ConfUtils.java:logFallback(53)) - raft.server.rpc.first-election.timeout.min = 5s (fallback to raft.server.rpc.timeout.min)
2023-02-14 08:19:59,646 [6359aaa4-8509-4a3b-a3c1-a8ea6163a916@group-21376C6DCD80-FollowerState] INFO  server.RaftServerConfigKeys (ConfUtils.java:logFallback(53)) - raft.server.rpc.first-election.timeout.max = 5200ms (fallback to raft.server.rpc.timeout.max)
08:19:59.646 [IPC Server handler 18 on default port 42497] ERROR OMAudit - user=runner | ip=127.0.0.1 | op=GET_FILE_STATUS {volume=volume12456, bucket=bucket20487, key=testBatchDelete/parent, dataSize=0, replicationConfig=null} | ret=FAILURE
org.apache.hadoop.ozone.om.exceptions.OMException: Unable to get file status: volume: volume12456 bucket: bucket20487 key: testBatchDelete/parent
	at org.apache.hadoop.ozone.om.KeyManagerImpl.getOzoneFileStatus(KeyManagerImpl.java:1162) ~[ozone-manager-1.4.0-SNAPSHOT.jar:?]
	at org.apache.hadoop.ozone.om.KeyManagerImpl.getFileStatus(KeyManagerImpl.java:1080) ~[ozone-manager-1.4.0-SNAPSHOT.jar:?]
	at org.apache.hadoop.ozone.om.OmMetadataReader.getFileStatus(OmMetadataReader.java:288) ~[ozone-manager-1.4.0-SNAPSHOT.jar:?]
	at org.apache.hadoop.ozone.om.OzoneManager.getFileStatus(OzoneManager.java:3449) ~[ozone-manager-1.4.0-SNAPSHOT.jar:?]
	at org.apache.hadoop.ozone.protocolPB.OzoneManagerRequestHandler.getOzoneFileStatus(OzoneManagerRequestHandler.java:933) ~[ozone-manager-1.4.0-SNAPSHOT.jar:?]
	at org.apache.hadoop.ozone.protocolPB.OzoneManagerRequestHandler.handleReadRequest(OzoneManagerRequestHandler.java:238) ~[ozone-manager-1.4.0-SNAPSHOT.jar:?]
	at org.apache.hadoop.ozone.protocolPB.OzoneManagerProtocolServerSideTranslatorPB.submitRequestDirectlyToOM(OzoneManagerProtocolServerSideTranslatorPB.java:271) ~[ozone-manager-1.4.0-SNAPSHOT.jar:?]
	at org.apache.hadoop.ozone.protocolPB.OzoneManagerProtocolServerSideTranslatorPB.processRequest(OzoneManagerProtocolServerSideTranslatorPB.java:173) ~[ozone-manager-1.4.0-SNAPSHOT.jar:?]
	at org.apache.hadoop.hdds.server.OzoneProtocolMessageDispatcher.processRequest(OzoneProtocolMessageDispatcher.java:87) [hdds-server-framework-1.4.0-SNAPSHOT.jar:?]
	at org.apache.hadoop.ozone.protocolPB.OzoneManagerProtocolServerSideTranslatorPB.submitRequest(OzoneManagerProtocolServerSideTranslatorPB.java:147) [ozone-manager-1.4.0-SNAPSHOT.jar:?]
	at org.apache.hadoop.ozone.protocol.proto.OzoneManagerProtocolProtos$OzoneManagerService$2.callBlockingMethod(OzoneManagerProtocolProtos.java) [ozone-interface-client-1.4.0-SNAPSHOT.jar:?]
	at org.apache.hadoop.ipc.ProtobufRpcEngine$Server.processCall(ProtobufRpcEngine.java:465) [hadoop-common-3.3.4.jar:?]
	at org.apache.hadoop.ipc.ProtobufRpcEngine2$Server$ProtoBufRpcInvoker.call(ProtobufRpcEngine2.java:578) [hadoop-common-3.3.4.jar:?]
	at org.apache.hadoop.ipc.ProtobufRpcEngine2$Server$ProtoBufRpcInvoker.call(ProtobufRpcEngine2.java:556) [hadoop-common-3.3.4.jar:?]
	at org.apache.hadoop.ipc.RPC$Server.call(RPC.java:1093) [hadoop-common-3.3.4.jar:?]
	at org.apache.hadoop.ipc.Server$RpcCall.run(Server.java:1043) [hadoop-common-3.3.4.jar:?]
	at org.apache.hadoop.ipc.Server$RpcCall.run(Server.java:971) [hadoop-common-3.3.4.jar:?]
	at java.security.AccessController.doPrivileged(Native Method) ~[?:1.8.0_362]
	at javax.security.auth.Subject.doAs(Subject.java:422) [?:1.8.0_362]
	at org.apache.hadoop.security.UserGroupInformation.doAs(UserGroupInformation.java:1878) [hadoop-common-3.3.4.jar:?]
	at org.apache.hadoop.ipc.Server$Handler.run(Server.java:2976) [hadoop-common-3.3.4.jar:?]
2023-02-14 08:19:59,647 [Time-limited test] WARN  ozone.BasicOzoneFileSystem (BasicOzoneFileSystem.java:delete(559)) - delete: Path does not exist: /testBatchDelete/parent
]]></system-out>
  </testcase>
  <testcase name="testListStatusIteratorOnPageSize" classname="TestOzoneFileSystem" time="24.842">
    <system-out><![CDATA[2023-02-14 08:17:34,354 [3f6fb327-55b5-41b7-853a-8e3dfa7d6293@group-A6E1FC536E89-FollowerState] INFO  impl.FollowerState (FollowerState.java:run(143)) - 3f6fb327-55b5-41b7-853a-8e3dfa7d6293@group-A6E1FC536E89-FollowerState: change to CANDIDATE, lastRpcElapsedTime:5063526232ns, electionTimeout:5060ms
2023-02-14 08:17:34,354 [3f6fb327-55b5-41b7-853a-8e3dfa7d6293@group-A6E1FC536E89-FollowerState] INFO  impl.RoleInfo (RoleInfo.java:shutdownFollowerState(110)) - 3f6fb327-55b5-41b7-853a-8e3dfa7d6293: shutdown 3f6fb327-55b5-41b7-853a-8e3dfa7d6293@group-A6E1FC536E89-FollowerState
2023-02-14 08:17:34,354 [3f6fb327-55b5-41b7-853a-8e3dfa7d6293@group-A6E1FC536E89-FollowerState] INFO  server.RaftServer$Division (RaftServerImpl.java:setRole(321)) - 3f6fb327-55b5-41b7-853a-8e3dfa7d6293@group-A6E1FC536E89: changes role from  FOLLOWER to CANDIDATE at term 2 for changeToCandidate
2023-02-14 08:17:34,354 [3f6fb327-55b5-41b7-853a-8e3dfa7d6293@group-A6E1FC536E89-FollowerState] INFO  server.RaftServerConfigKeys (ConfUtils.java:logGet(46)) - raft.server.leaderelection.pre-vote = false (custom)
2023-02-14 08:17:34,354 [3f6fb327-55b5-41b7-853a-8e3dfa7d6293@group-A6E1FC536E89-FollowerState] INFO  impl.RoleInfo (RoleInfo.java:updateAndGet(139)) - 3f6fb327-55b5-41b7-853a-8e3dfa7d6293: start 3f6fb327-55b5-41b7-853a-8e3dfa7d6293@group-A6E1FC536E89-LeaderElection12
2023-02-14 08:17:34,364 [3f6fb327-55b5-41b7-853a-8e3dfa7d6293@group-A6E1FC536E89-LeaderElection12] INFO  impl.LeaderElection (LeaderElection.java:askForVotes(312)) - 3f6fb327-55b5-41b7-853a-8e3dfa7d6293@group-A6E1FC536E89-LeaderElection12 ELECTION round 0: submit vote requests at term 3 for -1: peers:[f91196cd-4755-4cf6-996a-4ead370c0744|rpc:10.1.0.19:34709|dataStream:10.1.0.19:38337|priority:0|startupRole:FOLLOWER, 3f6fb327-55b5-41b7-853a-8e3dfa7d6293|rpc:10.1.0.19:43559|dataStream:10.1.0.19:43503|priority:1|startupRole:FOLLOWER, 36e1e605-60e1-4f03-904e-89ea76d9efd4|rpc:10.1.0.19:42805|dataStream:10.1.0.19:41129|priority:0|startupRole:FOLLOWER]|listeners:[], old=null
2023-02-14 08:17:34,374 [3f6fb327-55b5-41b7-853a-8e3dfa7d6293@group-A6E1FC536E89-LeaderElection12] INFO  server.RaftServerConfigKeys (ConfUtils.java:logFallback(53)) - raft.server.rpc.first-election.timeout.min = 5s (fallback to raft.server.rpc.timeout.min)
2023-02-14 08:17:34,378 [3f6fb327-55b5-41b7-853a-8e3dfa7d6293@group-A6E1FC536E89-LeaderElection12] INFO  server.RaftServerConfigKeys (ConfUtils.java:logFallback(53)) - raft.server.rpc.first-election.timeout.max = 5200ms (fallback to raft.server.rpc.timeout.max)
2023-02-14 08:17:34,374 [grpc-default-executor-2] INFO  server.RaftServer$Division (RaftServerImpl.java:requestVote(1218)) - f91196cd-4755-4cf6-996a-4ead370c0744@group-A6E1FC536E89: receive requestVote(ELECTION, 3f6fb327-55b5-41b7-853a-8e3dfa7d6293, group-A6E1FC536E89, 3, (t:0, i:0))
2023-02-14 08:17:34,380 [grpc-default-executor-2] INFO  impl.VoteContext (VoteContext.java:log(49)) - f91196cd-4755-4cf6-996a-4ead370c0744@group-A6E1FC536E89-FOLLOWER: accept ELECTION from 3f6fb327-55b5-41b7-853a-8e3dfa7d6293: our priority 0 <= candidate's priority 1
2023-02-14 08:17:34,380 [grpc-default-executor-2] INFO  server.RaftServer$Division (RaftServerImpl.java:setRole(321)) - f91196cd-4755-4cf6-996a-4ead370c0744@group-A6E1FC536E89: changes role from  FOLLOWER to FOLLOWER at term 3 for candidate:3f6fb327-55b5-41b7-853a-8e3dfa7d6293
2023-02-14 08:17:34,380 [grpc-default-executor-2] INFO  impl.RoleInfo (RoleInfo.java:shutdownFollowerState(110)) - f91196cd-4755-4cf6-996a-4ead370c0744: shutdown f91196cd-4755-4cf6-996a-4ead370c0744@group-A6E1FC536E89-FollowerState
2023-02-14 08:17:34,380 [grpc-default-executor-2] INFO  impl.RoleInfo (RoleInfo.java:updateAndGet(139)) - f91196cd-4755-4cf6-996a-4ead370c0744: start f91196cd-4755-4cf6-996a-4ead370c0744@group-A6E1FC536E89-FollowerState
2023-02-14 08:17:34,380 [f91196cd-4755-4cf6-996a-4ead370c0744@group-A6E1FC536E89-FollowerState] INFO  impl.FollowerState (FollowerState.java:run(152)) - f91196cd-4755-4cf6-996a-4ead370c0744@group-A6E1FC536E89-FollowerState was interrupted
2023-02-14 08:17:34,381 [f91196cd-4755-4cf6-996a-4ead370c0744@group-A6E1FC536E89-FollowerState] INFO  server.RaftServerConfigKeys (ConfUtils.java:logFallback(53)) - raft.server.rpc.first-election.timeout.min = 5s (fallback to raft.server.rpc.timeout.min)
2023-02-14 08:17:34,381 [f91196cd-4755-4cf6-996a-4ead370c0744@group-A6E1FC536E89-FollowerState] INFO  server.RaftServerConfigKeys (ConfUtils.java:logFallback(53)) - raft.server.rpc.first-election.timeout.max = 5200ms (fallback to raft.server.rpc.timeout.max)
2023-02-14 08:17:34,382 [grpc-default-executor-2] INFO  server.RaftServer$Division (RaftServerImpl.java:requestVote(1251)) - f91196cd-4755-4cf6-996a-4ead370c0744@group-A6E1FC536E89 replies to ELECTION vote request: 3f6fb327-55b5-41b7-853a-8e3dfa7d6293<-f91196cd-4755-4cf6-996a-4ead370c0744#0:OK-t3. Peer's state: f91196cd-4755-4cf6-996a-4ead370c0744@group-A6E1FC536E89:t3, leader=null, voted=3f6fb327-55b5-41b7-853a-8e3dfa7d6293, raftlog=Memoized:f91196cd-4755-4cf6-996a-4ead370c0744@group-A6E1FC536E89-SegmentedRaftLog:OPENED:c-1, conf=-1: peers:[f91196cd-4755-4cf6-996a-4ead370c0744|rpc:10.1.0.19:34709|dataStream:10.1.0.19:38337|priority:0|startupRole:FOLLOWER, 3f6fb327-55b5-41b7-853a-8e3dfa7d6293|rpc:10.1.0.19:43559|dataStream:10.1.0.19:43503|priority:1|startupRole:FOLLOWER, 36e1e605-60e1-4f03-904e-89ea76d9efd4|rpc:10.1.0.19:42805|dataStream:10.1.0.19:41129|priority:0|startupRole:FOLLOWER]|listeners:[], old=null
2023-02-14 08:17:34,385 [3f6fb327-55b5-41b7-853a-8e3dfa7d6293@group-A6E1FC536E89-LeaderElection12] INFO  impl.LeaderElection (LeaderElection.java:logAndReturn(90)) - 3f6fb327-55b5-41b7-853a-8e3dfa7d6293@group-A6E1FC536E89-LeaderElection12: ELECTION PASSED received 1 response(s) and 0 exception(s):
2023-02-14 08:17:34,385 [3f6fb327-55b5-41b7-853a-8e3dfa7d6293@group-A6E1FC536E89-LeaderElection12] INFO  impl.LeaderElection (LeaderElection.java:logAndReturn(94)) -   Response 0: 3f6fb327-55b5-41b7-853a-8e3dfa7d6293<-f91196cd-4755-4cf6-996a-4ead370c0744#0:OK-t3
2023-02-14 08:17:34,385 [3f6fb327-55b5-41b7-853a-8e3dfa7d6293@group-A6E1FC536E89-LeaderElection12] INFO  impl.LeaderElection (LeaderElection.java:askForVotes(314)) - 3f6fb327-55b5-41b7-853a-8e3dfa7d6293@group-A6E1FC536E89-LeaderElection12 ELECTION round 0: result PASSED
2023-02-14 08:17:34,385 [3f6fb327-55b5-41b7-853a-8e3dfa7d6293@group-A6E1FC536E89-LeaderElection12] INFO  impl.RoleInfo (RoleInfo.java:shutdownLeaderElection(130)) - 3f6fb327-55b5-41b7-853a-8e3dfa7d6293: shutdown 3f6fb327-55b5-41b7-853a-8e3dfa7d6293@group-A6E1FC536E89-LeaderElection12
2023-02-14 08:17:34,386 [3f6fb327-55b5-41b7-853a-8e3dfa7d6293@group-A6E1FC536E89-LeaderElection12] INFO  server.RaftServer$Division (RaftServerImpl.java:setRole(321)) - 3f6fb327-55b5-41b7-853a-8e3dfa7d6293@group-A6E1FC536E89: changes role from CANDIDATE to LEADER at term 3 for changeToLeader
2023-02-14 08:17:34,386 [3f6fb327-55b5-41b7-853a-8e3dfa7d6293@group-A6E1FC536E89-LeaderElection12] INFO  ratis.XceiverServerRatis (XceiverServerRatis.java:handleLeaderChangedNotification(905)) - Leader change notification received for group: group-A6E1FC536E89 with new leaderId: 3f6fb327-55b5-41b7-853a-8e3dfa7d6293
2023-02-14 08:17:34,386 [3f6fb327-55b5-41b7-853a-8e3dfa7d6293@group-A6E1FC536E89-LeaderElection12] INFO  server.RaftServer$Division (ServerState.java:setLeader(313)) - 3f6fb327-55b5-41b7-853a-8e3dfa7d6293@group-A6E1FC536E89: change Leader from null to 3f6fb327-55b5-41b7-853a-8e3dfa7d6293 at term 3 for becomeLeader, leader elected after 15293ms
2023-02-14 08:17:34,386 [3f6fb327-55b5-41b7-853a-8e3dfa7d6293@group-A6E1FC536E89-LeaderElection12] INFO  server.RaftServerConfigKeys (ConfUtils.java:logGet(46)) - raft.server.staging.catchup.gap = 1000 (default)
2023-02-14 08:17:34,386 [3f6fb327-55b5-41b7-853a-8e3dfa7d6293@group-A6E1FC536E89-LeaderElection12] INFO  server.RaftServerConfigKeys (ConfUtils.java:logGet(46)) - raft.server.write.element-limit = 1024 (custom)
2023-02-14 08:17:34,387 [3f6fb327-55b5-41b7-853a-8e3dfa7d6293@group-A6E1FC536E89-LeaderElection12] INFO  server.RaftServerConfigKeys (ConfUtils.java:logGet(46)) - raft.server.write.byte-limit = 1024 M (=1073741824) (custom)
2023-02-14 08:17:34,387 [3f6fb327-55b5-41b7-853a-8e3dfa7d6293@group-A6E1FC536E89-LeaderElection12] INFO  server.RaftServerConfigKeys (ConfUtils.java:logGet(46)) - raft.server.watch.timeout = 180s (custom)
2023-02-14 08:17:34,387 [3f6fb327-55b5-41b7-853a-8e3dfa7d6293@group-A6E1FC536E89-LeaderElection12] INFO  server.RaftServerConfigKeys (ConfUtils.java:logGet(46)) - raft.server.watch.timeout.denomination = 1s (default)
2023-02-14 08:17:34,387 [3f6fb327-55b5-41b7-853a-8e3dfa7d6293@group-A6E1FC536E89-LeaderElection12] INFO  server.RaftServerConfigKeys (ConfUtils.java:logGet(46)) - raft.server.watch.element-limit = 65536 (default)
2023-02-14 08:17:34,387 [3f6fb327-55b5-41b7-853a-8e3dfa7d6293@group-A6E1FC536E89-LeaderElection12] INFO  server.RaftServerConfigKeys (ConfUtils.java:logGet(46)) - raft.server.write.element-limit = 1024 (custom)
2023-02-14 08:17:34,387 [3f6fb327-55b5-41b7-853a-8e3dfa7d6293@group-A6E1FC536E89-LeaderElection12] INFO  server.RaftServerConfigKeys (ConfUtils.java:logGet(46)) - raft.server.write.follower.gap.ratio.max = -1.0 (default)
2023-02-14 08:17:34,387 [3f6fb327-55b5-41b7-853a-8e3dfa7d6293@group-A6E1FC536E89-LeaderElection12] INFO  server.RaftServerConfigKeys (ConfUtils.java:logGet(46)) - raft.server.log.appender.snapshot.chunk.size.max = 16MB (=16777216) (default)
2023-02-14 08:17:34,387 [3f6fb327-55b5-41b7-853a-8e3dfa7d6293@group-A6E1FC536E89-LeaderElection12] INFO  server.RaftServerConfigKeys (ConfUtils.java:logGet(46)) - raft.server.log.appender.buffer.byte-limit = 33554432 (custom)
2023-02-14 08:17:34,388 [3f6fb327-55b5-41b7-853a-8e3dfa7d6293@group-A6E1FC536E89-LeaderElection12] INFO  server.RaftServerConfigKeys (ConfUtils.java:logGet(46)) - raft.server.log.appender.buffer.element-limit = 1 (custom)
2023-02-14 08:17:34,385 [grpc-default-executor-3] INFO  server.RaftServer$Division (RaftServerImpl.java:requestVote(1218)) - 36e1e605-60e1-4f03-904e-89ea76d9efd4@group-A6E1FC536E89: receive requestVote(ELECTION, 3f6fb327-55b5-41b7-853a-8e3dfa7d6293, group-A6E1FC536E89, 3, (t:0, i:0))
2023-02-14 08:17:34,390 [grpc-default-executor-3] INFO  impl.VoteContext (VoteContext.java:log(49)) - 36e1e605-60e1-4f03-904e-89ea76d9efd4@group-A6E1FC536E89-FOLLOWER: accept ELECTION from 3f6fb327-55b5-41b7-853a-8e3dfa7d6293: our priority 0 <= candidate's priority 1
2023-02-14 08:17:34,390 [grpc-default-executor-3] INFO  server.RaftServer$Division (RaftServerImpl.java:setRole(321)) - 36e1e605-60e1-4f03-904e-89ea76d9efd4@group-A6E1FC536E89: changes role from  FOLLOWER to FOLLOWER at term 3 for candidate:3f6fb327-55b5-41b7-853a-8e3dfa7d6293
2023-02-14 08:17:34,390 [grpc-default-executor-3] INFO  impl.RoleInfo (RoleInfo.java:shutdownFollowerState(110)) - 36e1e605-60e1-4f03-904e-89ea76d9efd4: shutdown 36e1e605-60e1-4f03-904e-89ea76d9efd4@group-A6E1FC536E89-FollowerState
2023-02-14 08:17:34,390 [grpc-default-executor-3] INFO  impl.RoleInfo (RoleInfo.java:updateAndGet(139)) - 36e1e605-60e1-4f03-904e-89ea76d9efd4: start 36e1e605-60e1-4f03-904e-89ea76d9efd4@group-A6E1FC536E89-FollowerState
2023-02-14 08:17:34,390 [36e1e605-60e1-4f03-904e-89ea76d9efd4@group-A6E1FC536E89-FollowerState] INFO  impl.FollowerState (FollowerState.java:run(152)) - 36e1e605-60e1-4f03-904e-89ea76d9efd4@group-A6E1FC536E89-FollowerState was interrupted
2023-02-14 08:17:34,388 [3f6fb327-55b5-41b7-853a-8e3dfa7d6293@group-A6E1FC536E89-LeaderElection12] INFO  grpc.GrpcConfigKeys (ConfUtils.java:logGet(46)) - raft.grpc.server.leader.outstanding.appends.max = 128 (default)
2023-02-14 08:17:34,391 [3f6fb327-55b5-41b7-853a-8e3dfa7d6293@group-A6E1FC536E89-LeaderElection12] INFO  server.RaftServerConfigKeys (ConfUtils.java:logGet(46)) - raft.server.rpc.request.timeout = 60s (custom)
2023-02-14 08:17:34,391 [3f6fb327-55b5-41b7-853a-8e3dfa7d6293@group-A6E1FC536E89-LeaderElection12] INFO  server.RaftServerConfigKeys (ConfUtils.java:logGet(46)) - raft.server.log.appender.install.snapshot.enabled = false (custom)
2023-02-14 08:17:34,391 [3f6fb327-55b5-41b7-853a-8e3dfa7d6293@group-A6E1FC536E89-LeaderElection12] INFO  grpc.GrpcConfigKeys (ConfUtils.java:logGet(46)) - raft.grpc.server.heartbeat.channel = true (default)
2023-02-14 08:17:34,391 [3f6fb327-55b5-41b7-853a-8e3dfa7d6293@group-A6E1FC536E89-LeaderElection12] INFO  server.RaftServerConfigKeys (ConfUtils.java:logGet(46)) - raft.server.log.appender.wait-time.min = 10ms (default)
2023-02-14 08:17:34,392 [3f6fb327-55b5-41b7-853a-8e3dfa7d6293@group-A6E1FC536E89-LeaderElection12] INFO  server.RaftServerConfigKeys (ConfUtils.java:logGet(46)) - raft.server.log.appender.snapshot.chunk.size.max = 16MB (=16777216) (default)
2023-02-14 08:17:34,392 [3f6fb327-55b5-41b7-853a-8e3dfa7d6293@group-A6E1FC536E89-LeaderElection12] INFO  server.RaftServerConfigKeys (ConfUtils.java:logGet(46)) - raft.server.log.appender.buffer.byte-limit = 33554432 (custom)
2023-02-14 08:17:34,392 [3f6fb327-55b5-41b7-853a-8e3dfa7d6293@group-A6E1FC536E89-LeaderElection12] INFO  server.RaftServerConfigKeys (ConfUtils.java:logGet(46)) - raft.server.log.appender.buffer.element-limit = 1 (custom)
2023-02-14 08:17:34,392 [3f6fb327-55b5-41b7-853a-8e3dfa7d6293@group-A6E1FC536E89-LeaderElection12] INFO  grpc.GrpcConfigKeys (ConfUtils.java:logGet(46)) - raft.grpc.server.leader.outstanding.appends.max = 128 (default)
2023-02-14 08:17:34,392 [3f6fb327-55b5-41b7-853a-8e3dfa7d6293@group-A6E1FC536E89-LeaderElection12] INFO  server.RaftServerConfigKeys (ConfUtils.java:logGet(46)) - raft.server.rpc.request.timeout = 60s (custom)
2023-02-14 08:17:34,392 [3f6fb327-55b5-41b7-853a-8e3dfa7d6293@group-A6E1FC536E89-LeaderElection12] INFO  server.RaftServerConfigKeys (ConfUtils.java:logGet(46)) - raft.server.log.appender.install.snapshot.enabled = false (custom)
2023-02-14 08:17:34,392 [3f6fb327-55b5-41b7-853a-8e3dfa7d6293@group-A6E1FC536E89-LeaderElection12] INFO  grpc.GrpcConfigKeys (ConfUtils.java:logGet(46)) - raft.grpc.server.heartbeat.channel = true (default)
2023-02-14 08:17:34,392 [3f6fb327-55b5-41b7-853a-8e3dfa7d6293@group-A6E1FC536E89-LeaderElection12] INFO  server.RaftServerConfigKeys (ConfUtils.java:logGet(46)) - raft.server.log.appender.wait-time.min = 10ms (default)
2023-02-14 08:17:34,392 [3f6fb327-55b5-41b7-853a-8e3dfa7d6293@group-A6E1FC536E89-LeaderElection12] INFO  impl.RoleInfo (RoleInfo.java:updateAndGet(139)) - 3f6fb327-55b5-41b7-853a-8e3dfa7d6293: start 3f6fb327-55b5-41b7-853a-8e3dfa7d6293@group-A6E1FC536E89-LeaderStateImpl
2023-02-14 08:17:34,392 [3f6fb327-55b5-41b7-853a-8e3dfa7d6293@group-A6E1FC536E89-LeaderElection12] INFO  segmented.SegmentedRaftLogWorker (SegmentedRaftLogWorker.java:startLogSegment(452)) - 3f6fb327-55b5-41b7-853a-8e3dfa7d6293@group-A6E1FC536E89-SegmentedRaftLogWorker: Starting segment from index:0
2023-02-14 08:17:34,393 [EventQueue-PipelineReportForPipelineReportHandler] INFO  pipeline.PipelineManagerImpl (PipelineManagerImpl.java:openPipeline(367)) - Pipeline Pipeline[ Id: 9eec0e4b-2d4f-42f5-9ecb-a6e1fc536e89, Nodes: f91196cd-4755-4cf6-996a-4ead370c0744(fv-az476-382.2mevl5kwmm3ezivwarakluutxb.phxx.internal.cloudapp.net/10.1.0.19)3f6fb327-55b5-41b7-853a-8e3dfa7d6293(fv-az476-382.2mevl5kwmm3ezivwarakluutxb.phxx.internal.cloudapp.net/10.1.0.19)36e1e605-60e1-4f03-904e-89ea76d9efd4(fv-az476-382.2mevl5kwmm3ezivwarakluutxb.phxx.internal.cloudapp.net/10.1.0.19), ReplicationConfig: RATIS/THREE, State:ALLOCATED, leaderId:3f6fb327-55b5-41b7-853a-8e3dfa7d6293, CreationTimestamp2023-02-14T08:17:16.425Z[Etc/UTC]] moved to OPEN state
2023-02-14 08:17:34,393 [36e1e605-60e1-4f03-904e-89ea76d9efd4@group-A6E1FC536E89-FollowerState] INFO  server.RaftServerConfigKeys (ConfUtils.java:logFallback(53)) - raft.server.rpc.first-election.timeout.min = 5s (fallback to raft.server.rpc.timeout.min)
2023-02-14 08:17:34,394 [36e1e605-60e1-4f03-904e-89ea76d9efd4@group-A6E1FC536E89-FollowerState] INFO  server.RaftServerConfigKeys (ConfUtils.java:logFallback(53)) - raft.server.rpc.first-election.timeout.max = 5200ms (fallback to raft.server.rpc.timeout.max)
2023-02-14 08:17:34,394 [grpc-default-executor-3] INFO  server.RaftServer$Division (RaftServerImpl.java:requestVote(1251)) - 36e1e605-60e1-4f03-904e-89ea76d9efd4@group-A6E1FC536E89 replies to ELECTION vote request: 3f6fb327-55b5-41b7-853a-8e3dfa7d6293<-36e1e605-60e1-4f03-904e-89ea76d9efd4#0:OK-t3. Peer's state: 36e1e605-60e1-4f03-904e-89ea76d9efd4@group-A6E1FC536E89:t3, leader=null, voted=3f6fb327-55b5-41b7-853a-8e3dfa7d6293, raftlog=Memoized:36e1e605-60e1-4f03-904e-89ea76d9efd4@group-A6E1FC536E89-SegmentedRaftLog:OPENED:c-1, conf=-1: peers:[f91196cd-4755-4cf6-996a-4ead370c0744|rpc:10.1.0.19:34709|dataStream:10.1.0.19:38337|priority:0|startupRole:FOLLOWER, 3f6fb327-55b5-41b7-853a-8e3dfa7d6293|rpc:10.1.0.19:43559|dataStream:10.1.0.19:43503|priority:1|startupRole:FOLLOWER, 36e1e605-60e1-4f03-904e-89ea76d9efd4|rpc:10.1.0.19:42805|dataStream:10.1.0.19:41129|priority:0|startupRole:FOLLOWER]|listeners:[], old=null
2023-02-14 08:17:34,394 [3f6fb327-55b5-41b7-853a-8e3dfa7d6293@group-A6E1FC536E89-SegmentedRaftLogWorker] INFO  segmented.SegmentedRaftLogWorker (SegmentedRaftLogWorker.java:execute(656)) - 3f6fb327-55b5-41b7-853a-8e3dfa7d6293@group-A6E1FC536E89-SegmentedRaftLogWorker: created new log segment /home/runner/work/ozone/ozone/hadoop-ozone/integration-test/target/test-dir/MiniOzoneClusterImpl-b6fac55f-b4cf-4cde-8675-802fd5a9473d/datanode-2/data/ratis/9eec0e4b-2d4f-42f5-9ecb-a6e1fc536e89/current/log_inprogress_0
2023-02-14 08:17:34,409 [3f6fb327-55b5-41b7-853a-8e3dfa7d6293@group-A6E1FC536E89-LeaderElection12] INFO  server.RaftServer$Division (ServerState.java:setRaftConf(430)) - 3f6fb327-55b5-41b7-853a-8e3dfa7d6293@group-A6E1FC536E89: set configuration 0: peers:[f91196cd-4755-4cf6-996a-4ead370c0744|rpc:10.1.0.19:34709|dataStream:10.1.0.19:38337|priority:0|startupRole:FOLLOWER, 3f6fb327-55b5-41b7-853a-8e3dfa7d6293|rpc:10.1.0.19:43559|dataStream:10.1.0.19:43503|priority:1|startupRole:FOLLOWER, 36e1e605-60e1-4f03-904e-89ea76d9efd4|rpc:10.1.0.19:42805|dataStream:10.1.0.19:41129|priority:0|startupRole:FOLLOWER]|listeners:[], old=null
2023-02-14 08:17:34,434 [36e1e605-60e1-4f03-904e-89ea76d9efd4-server-thread1] INFO  ratis.XceiverServerRatis (XceiverServerRatis.java:handleLeaderChangedNotification(905)) - Leader change notification received for group: group-A6E1FC536E89 with new leaderId: 3f6fb327-55b5-41b7-853a-8e3dfa7d6293
2023-02-14 08:17:34,434 [36e1e605-60e1-4f03-904e-89ea76d9efd4-server-thread1] INFO  server.RaftServer$Division (ServerState.java:setLeader(313)) - 36e1e605-60e1-4f03-904e-89ea76d9efd4@group-A6E1FC536E89: change Leader from null to 3f6fb327-55b5-41b7-853a-8e3dfa7d6293 at term 3 for appendEntries, leader elected after 15353ms
2023-02-14 08:17:34,435 [f91196cd-4755-4cf6-996a-4ead370c0744-server-thread1] INFO  ratis.XceiverServerRatis (XceiverServerRatis.java:handleLeaderChangedNotification(905)) - Leader change notification received for group: group-A6E1FC536E89 with new leaderId: 3f6fb327-55b5-41b7-853a-8e3dfa7d6293
2023-02-14 08:17:34,436 [f91196cd-4755-4cf6-996a-4ead370c0744-server-thread1] INFO  server.RaftServer$Division (ServerState.java:setLeader(313)) - f91196cd-4755-4cf6-996a-4ead370c0744@group-A6E1FC536E89: change Leader from null to 3f6fb327-55b5-41b7-853a-8e3dfa7d6293 at term 3 for appendEntries, leader elected after 15391ms
2023-02-14 08:17:34,438 [36e1e605-60e1-4f03-904e-89ea76d9efd4-server-thread1] INFO  server.RaftServer$Division (ServerState.java:setRaftConf(430)) - 36e1e605-60e1-4f03-904e-89ea76d9efd4@group-A6E1FC536E89: set configuration 0: peers:[f91196cd-4755-4cf6-996a-4ead370c0744|rpc:10.1.0.19:34709|dataStream:10.1.0.19:38337|priority:0|startupRole:FOLLOWER, 3f6fb327-55b5-41b7-853a-8e3dfa7d6293|rpc:10.1.0.19:43559|dataStream:10.1.0.19:43503|priority:1|startupRole:FOLLOWER, 36e1e605-60e1-4f03-904e-89ea76d9efd4|rpc:10.1.0.19:42805|dataStream:10.1.0.19:41129|priority:0|startupRole:FOLLOWER]|listeners:[], old=null
2023-02-14 08:17:34,438 [36e1e605-60e1-4f03-904e-89ea76d9efd4-server-thread1] INFO  segmented.SegmentedRaftLogWorker (SegmentedRaftLogWorker.java:startLogSegment(452)) - 36e1e605-60e1-4f03-904e-89ea76d9efd4@group-A6E1FC536E89-SegmentedRaftLogWorker: Starting segment from index:0
2023-02-14 08:17:34,440 [36e1e605-60e1-4f03-904e-89ea76d9efd4@group-A6E1FC536E89-SegmentedRaftLogWorker] INFO  segmented.SegmentedRaftLogWorker (SegmentedRaftLogWorker.java:execute(656)) - 36e1e605-60e1-4f03-904e-89ea76d9efd4@group-A6E1FC536E89-SegmentedRaftLogWorker: created new log segment /home/runner/work/ozone/ozone/hadoop-ozone/integration-test/target/test-dir/MiniOzoneClusterImpl-b6fac55f-b4cf-4cde-8675-802fd5a9473d/datanode-1/data/ratis/9eec0e4b-2d4f-42f5-9ecb-a6e1fc536e89/current/log_inprogress_0
2023-02-14 08:17:34,463 [f91196cd-4755-4cf6-996a-4ead370c0744-server-thread2] INFO  server.RaftServer$Division (ServerState.java:setRaftConf(430)) - f91196cd-4755-4cf6-996a-4ead370c0744@group-A6E1FC536E89: set configuration 0: peers:[f91196cd-4755-4cf6-996a-4ead370c0744|rpc:10.1.0.19:34709|dataStream:10.1.0.19:38337|priority:0|startupRole:FOLLOWER, 3f6fb327-55b5-41b7-853a-8e3dfa7d6293|rpc:10.1.0.19:43559|dataStream:10.1.0.19:43503|priority:1|startupRole:FOLLOWER, 36e1e605-60e1-4f03-904e-89ea76d9efd4|rpc:10.1.0.19:42805|dataStream:10.1.0.19:41129|priority:0|startupRole:FOLLOWER]|listeners:[], old=null
2023-02-14 08:17:34,463 [f91196cd-4755-4cf6-996a-4ead370c0744-server-thread2] INFO  segmented.SegmentedRaftLogWorker (SegmentedRaftLogWorker.java:startLogSegment(452)) - f91196cd-4755-4cf6-996a-4ead370c0744@group-A6E1FC536E89-SegmentedRaftLogWorker: Starting segment from index:0
2023-02-14 08:17:34,464 [f91196cd-4755-4cf6-996a-4ead370c0744@group-A6E1FC536E89-SegmentedRaftLogWorker] INFO  segmented.SegmentedRaftLogWorker (SegmentedRaftLogWorker.java:execute(656)) - f91196cd-4755-4cf6-996a-4ead370c0744@group-A6E1FC536E89-SegmentedRaftLogWorker: created new log segment /home/runner/work/ozone/ozone/hadoop-ozone/integration-test/target/test-dir/MiniOzoneClusterImpl-b6fac55f-b4cf-4cde-8675-802fd5a9473d/datanode-0/data/ratis/9eec0e4b-2d4f-42f5-9ecb-a6e1fc536e89/current/log_inprogress_0
2023-02-14 08:17:37,035 [Under Replicated Processor] INFO  replication.UnhealthyReplicationProcessor (UnhealthyReplicationProcessor.java:processAll(105)) - Processed 0 containers with health state counts {},failed processing 0
2023-02-14 08:17:37,047 [Over Replicated Processor] INFO  replication.UnhealthyReplicationProcessor (UnhealthyReplicationProcessor.java:processAll(105)) - Processed 0 containers with health state counts {},failed processing 0
]]></system-out>
  </testcase>
  <testcase name="testListStatusIteratorOnPageSize" classname="TestOzoneFileSystem" time="13.745">
    <system-out><![CDATA[2023-02-14 08:18:30,818 [JvmPauseMonitor8] WARN  util.JvmPauseMonitor (JvmPauseMonitor.java:detectPause(126)) - JvmPauseMonitor-b5737586-1c7b-466e-b8cb-d0d8351e95e3: Detected pause in JVM or host machine (eg GC): pause of approximately 256933800ns.
GC pool 'PS MarkSweep' had collection(s): count=1 time=270ms
GC pool 'PS Scavenge' had collection(s): count=1 time=140ms
2023-02-14 08:18:30,818 [JvmPauseMonitor6] WARN  util.JvmPauseMonitor (JvmPauseMonitor.java:detectPause(126)) - JvmPauseMonitor-ad6dcd81-1875-4667-9f21-c7397548b1ba: Detected pause in JVM or host machine (eg GC): pause of approximately 405318643ns.
GC pool 'PS MarkSweep' had collection(s): count=1 time=270ms
GC pool 'PS Scavenge' had collection(s): count=1 time=140ms
2023-02-14 08:18:33,741 [b5737586-1c7b-466e-b8cb-d0d8351e95e3@group-3C8877628462-FollowerState] INFO  impl.FollowerState (FollowerState.java:run(143)) - b5737586-1c7b-466e-b8cb-d0d8351e95e3@group-3C8877628462-FollowerState: change to CANDIDATE, lastRpcElapsedTime:5038063450ns, electionTimeout:5033ms
2023-02-14 08:18:33,742 [b5737586-1c7b-466e-b8cb-d0d8351e95e3@group-3C8877628462-FollowerState] INFO  impl.RoleInfo (RoleInfo.java:shutdownFollowerState(110)) - b5737586-1c7b-466e-b8cb-d0d8351e95e3: shutdown b5737586-1c7b-466e-b8cb-d0d8351e95e3@group-3C8877628462-FollowerState
2023-02-14 08:18:33,742 [b5737586-1c7b-466e-b8cb-d0d8351e95e3@group-3C8877628462-FollowerState] INFO  server.RaftServer$Division (RaftServerImpl.java:setRole(321)) - b5737586-1c7b-466e-b8cb-d0d8351e95e3@group-3C8877628462: changes role from  FOLLOWER to CANDIDATE at term 2 for changeToCandidate
2023-02-14 08:18:33,742 [b5737586-1c7b-466e-b8cb-d0d8351e95e3@group-3C8877628462-FollowerState] INFO  server.RaftServerConfigKeys (ConfUtils.java:logGet(46)) - raft.server.leaderelection.pre-vote = false (custom)
2023-02-14 08:18:33,742 [b5737586-1c7b-466e-b8cb-d0d8351e95e3@group-3C8877628462-FollowerState] INFO  impl.RoleInfo (RoleInfo.java:updateAndGet(139)) - b5737586-1c7b-466e-b8cb-d0d8351e95e3: start b5737586-1c7b-466e-b8cb-d0d8351e95e3@group-3C8877628462-LeaderElection22
2023-02-14 08:18:33,748 [b5737586-1c7b-466e-b8cb-d0d8351e95e3@group-3C8877628462-LeaderElection22] INFO  impl.LeaderElection (LeaderElection.java:askForVotes(312)) - b5737586-1c7b-466e-b8cb-d0d8351e95e3@group-3C8877628462-LeaderElection22 ELECTION round 0: submit vote requests at term 3 for -1: peers:[b5737586-1c7b-466e-b8cb-d0d8351e95e3|rpc:10.1.0.19:36425|dataStream:10.1.0.19:38459|priority:0|startupRole:FOLLOWER, 31091561-319b-44fe-8343-13da60b8022d|rpc:10.1.0.19:41071|dataStream:10.1.0.19:37967|priority:1|startupRole:FOLLOWER, ad6dcd81-1875-4667-9f21-c7397548b1ba|rpc:10.1.0.19:34199|dataStream:10.1.0.19:34273|priority:0|startupRole:FOLLOWER]|listeners:[], old=null
2023-02-14 08:18:33,754 [b5737586-1c7b-466e-b8cb-d0d8351e95e3@group-3C8877628462-LeaderElection22-1] INFO  server.GrpcServerProtocolClient (GrpcServerProtocolClient.java:<init>(63)) - Build channel for 31091561-319b-44fe-8343-13da60b8022d
2023-02-14 08:18:33,758 [b5737586-1c7b-466e-b8cb-d0d8351e95e3@group-3C8877628462-LeaderElection22] INFO  server.RaftServerConfigKeys (ConfUtils.java:logFallback(53)) - raft.server.rpc.first-election.timeout.min = 5s (fallback to raft.server.rpc.timeout.min)
2023-02-14 08:18:33,758 [b5737586-1c7b-466e-b8cb-d0d8351e95e3@group-3C8877628462-LeaderElection22-2] INFO  server.GrpcServerProtocolClient (GrpcServerProtocolClient.java:<init>(63)) - Build channel for ad6dcd81-1875-4667-9f21-c7397548b1ba
2023-02-14 08:18:33,758 [b5737586-1c7b-466e-b8cb-d0d8351e95e3@group-3C8877628462-LeaderElection22] INFO  server.RaftServerConfigKeys (ConfUtils.java:logFallback(53)) - raft.server.rpc.first-election.timeout.max = 5200ms (fallback to raft.server.rpc.timeout.max)
2023-02-14 08:18:33,774 [grpc-default-executor-2] INFO  server.RaftServer$Division (RaftServerImpl.java:requestVote(1218)) - 31091561-319b-44fe-8343-13da60b8022d@group-3C8877628462: receive requestVote(ELECTION, b5737586-1c7b-466e-b8cb-d0d8351e95e3, group-3C8877628462, 3, (t:0, i:0))
2023-02-14 08:18:33,775 [grpc-default-executor-2] INFO  impl.VoteContext (VoteContext.java:log(49)) - 31091561-319b-44fe-8343-13da60b8022d@group-3C8877628462-FOLLOWER: reject ELECTION from b5737586-1c7b-466e-b8cb-d0d8351e95e3: our priority 1 > candidate's priority 0
2023-02-14 08:18:33,775 [grpc-default-executor-2] INFO  server.RaftServer$Division (RaftServerImpl.java:setRole(321)) - 31091561-319b-44fe-8343-13da60b8022d@group-3C8877628462: changes role from  FOLLOWER to FOLLOWER at term 3 for candidate:b5737586-1c7b-466e-b8cb-d0d8351e95e3
2023-02-14 08:18:33,775 [grpc-default-executor-2] INFO  impl.RoleInfo (RoleInfo.java:shutdownFollowerState(110)) - 31091561-319b-44fe-8343-13da60b8022d: shutdown 31091561-319b-44fe-8343-13da60b8022d@group-3C8877628462-FollowerState
2023-02-14 08:18:33,775 [grpc-default-executor-2] INFO  impl.RoleInfo (RoleInfo.java:updateAndGet(139)) - 31091561-319b-44fe-8343-13da60b8022d: start 31091561-319b-44fe-8343-13da60b8022d@group-3C8877628462-FollowerState
2023-02-14 08:18:33,775 [31091561-319b-44fe-8343-13da60b8022d@group-3C8877628462-FollowerState] INFO  impl.FollowerState (FollowerState.java:run(152)) - 31091561-319b-44fe-8343-13da60b8022d@group-3C8877628462-FollowerState was interrupted
2023-02-14 08:18:33,775 [grpc-default-executor-4] INFO  server.RaftServer$Division (RaftServerImpl.java:requestVote(1218)) - ad6dcd81-1875-4667-9f21-c7397548b1ba@group-3C8877628462: receive requestVote(ELECTION, b5737586-1c7b-466e-b8cb-d0d8351e95e3, group-3C8877628462, 3, (t:0, i:0))
2023-02-14 08:18:33,775 [grpc-default-executor-4] INFO  impl.VoteContext (VoteContext.java:log(49)) - ad6dcd81-1875-4667-9f21-c7397548b1ba@group-3C8877628462-FOLLOWER: accept ELECTION from b5737586-1c7b-466e-b8cb-d0d8351e95e3: our priority 0 <= candidate's priority 0
2023-02-14 08:18:33,775 [grpc-default-executor-4] INFO  server.RaftServer$Division (RaftServerImpl.java:setRole(321)) - ad6dcd81-1875-4667-9f21-c7397548b1ba@group-3C8877628462: changes role from  FOLLOWER to FOLLOWER at term 3 for candidate:b5737586-1c7b-466e-b8cb-d0d8351e95e3
2023-02-14 08:18:33,775 [grpc-default-executor-4] INFO  impl.RoleInfo (RoleInfo.java:shutdownFollowerState(110)) - ad6dcd81-1875-4667-9f21-c7397548b1ba: shutdown ad6dcd81-1875-4667-9f21-c7397548b1ba@group-3C8877628462-FollowerState
2023-02-14 08:18:33,775 [31091561-319b-44fe-8343-13da60b8022d@group-3C8877628462-FollowerState] INFO  server.RaftServerConfigKeys (ConfUtils.java:logFallback(53)) - raft.server.rpc.first-election.timeout.min = 5s (fallback to raft.server.rpc.timeout.min)
2023-02-14 08:18:33,775 [31091561-319b-44fe-8343-13da60b8022d@group-3C8877628462-FollowerState] INFO  server.RaftServerConfigKeys (ConfUtils.java:logFallback(53)) - raft.server.rpc.first-election.timeout.max = 5200ms (fallback to raft.server.rpc.timeout.max)
2023-02-14 08:18:33,778 [grpc-default-executor-4] INFO  impl.RoleInfo (RoleInfo.java:updateAndGet(139)) - ad6dcd81-1875-4667-9f21-c7397548b1ba: start ad6dcd81-1875-4667-9f21-c7397548b1ba@group-3C8877628462-FollowerState
2023-02-14 08:18:33,778 [ad6dcd81-1875-4667-9f21-c7397548b1ba@group-3C8877628462-FollowerState] INFO  impl.FollowerState (FollowerState.java:run(152)) - ad6dcd81-1875-4667-9f21-c7397548b1ba@group-3C8877628462-FollowerState was interrupted
2023-02-14 08:18:33,779 [grpc-default-executor-2] INFO  server.RaftServer$Division (RaftServerImpl.java:requestVote(1251)) - 31091561-319b-44fe-8343-13da60b8022d@group-3C8877628462 replies to ELECTION vote request: b5737586-1c7b-466e-b8cb-d0d8351e95e3<-31091561-319b-44fe-8343-13da60b8022d#0:FAIL-t3. Peer's state: 31091561-319b-44fe-8343-13da60b8022d@group-3C8877628462:t3, leader=null, voted=null, raftlog=Memoized:31091561-319b-44fe-8343-13da60b8022d@group-3C8877628462-SegmentedRaftLog:OPENED:c-1, conf=-1: peers:[b5737586-1c7b-466e-b8cb-d0d8351e95e3|rpc:10.1.0.19:36425|dataStream:10.1.0.19:38459|priority:0|startupRole:FOLLOWER, 31091561-319b-44fe-8343-13da60b8022d|rpc:10.1.0.19:41071|dataStream:10.1.0.19:37967|priority:1|startupRole:FOLLOWER, ad6dcd81-1875-4667-9f21-c7397548b1ba|rpc:10.1.0.19:34199|dataStream:10.1.0.19:34273|priority:0|startupRole:FOLLOWER]|listeners:[], old=null
2023-02-14 08:18:33,784 [ad6dcd81-1875-4667-9f21-c7397548b1ba@group-3C8877628462-FollowerState] INFO  server.RaftServerConfigKeys (ConfUtils.java:logFallback(53)) - raft.server.rpc.first-election.timeout.min = 5s (fallback to raft.server.rpc.timeout.min)
2023-02-14 08:18:33,784 [ad6dcd81-1875-4667-9f21-c7397548b1ba@group-3C8877628462-FollowerState] INFO  server.RaftServerConfigKeys (ConfUtils.java:logFallback(53)) - raft.server.rpc.first-election.timeout.max = 5200ms (fallback to raft.server.rpc.timeout.max)
2023-02-14 08:18:33,785 [grpc-default-executor-4] INFO  server.RaftServer$Division (RaftServerImpl.java:requestVote(1251)) - ad6dcd81-1875-4667-9f21-c7397548b1ba@group-3C8877628462 replies to ELECTION vote request: b5737586-1c7b-466e-b8cb-d0d8351e95e3<-ad6dcd81-1875-4667-9f21-c7397548b1ba#0:OK-t3. Peer's state: ad6dcd81-1875-4667-9f21-c7397548b1ba@group-3C8877628462:t3, leader=null, voted=b5737586-1c7b-466e-b8cb-d0d8351e95e3, raftlog=Memoized:ad6dcd81-1875-4667-9f21-c7397548b1ba@group-3C8877628462-SegmentedRaftLog:OPENED:c-1, conf=-1: peers:[b5737586-1c7b-466e-b8cb-d0d8351e95e3|rpc:10.1.0.19:36425|dataStream:10.1.0.19:38459|priority:0|startupRole:FOLLOWER, 31091561-319b-44fe-8343-13da60b8022d|rpc:10.1.0.19:41071|dataStream:10.1.0.19:37967|priority:1|startupRole:FOLLOWER, ad6dcd81-1875-4667-9f21-c7397548b1ba|rpc:10.1.0.19:34199|dataStream:10.1.0.19:34273|priority:0|startupRole:FOLLOWER]|listeners:[], old=null
2023-02-14 08:18:33,786 [b5737586-1c7b-466e-b8cb-d0d8351e95e3@group-3C8877628462-LeaderElection22] INFO  impl.LeaderElection (LeaderElection.java:logAndReturn(90)) - b5737586-1c7b-466e-b8cb-d0d8351e95e3@group-3C8877628462-LeaderElection22: ELECTION REJECTED received 1 response(s) and 0 exception(s):
2023-02-14 08:18:33,786 [b5737586-1c7b-466e-b8cb-d0d8351e95e3@group-3C8877628462-LeaderElection22] INFO  impl.LeaderElection (LeaderElection.java:logAndReturn(94)) -   Response 0: b5737586-1c7b-466e-b8cb-d0d8351e95e3<-31091561-319b-44fe-8343-13da60b8022d#0:FAIL-t3
2023-02-14 08:18:33,786 [b5737586-1c7b-466e-b8cb-d0d8351e95e3@group-3C8877628462-LeaderElection22] INFO  impl.LeaderElection (LeaderElection.java:askForVotes(314)) - b5737586-1c7b-466e-b8cb-d0d8351e95e3@group-3C8877628462-LeaderElection22 ELECTION round 0: result REJECTED
2023-02-14 08:18:33,786 [b5737586-1c7b-466e-b8cb-d0d8351e95e3@group-3C8877628462-LeaderElection22] INFO  server.RaftServer$Division (RaftServerImpl.java:setRole(321)) - b5737586-1c7b-466e-b8cb-d0d8351e95e3@group-3C8877628462: changes role from CANDIDATE to FOLLOWER at term 3 for REJECTED
2023-02-14 08:18:33,786 [b5737586-1c7b-466e-b8cb-d0d8351e95e3@group-3C8877628462-LeaderElection22] INFO  impl.RoleInfo (RoleInfo.java:shutdownLeaderElection(130)) - b5737586-1c7b-466e-b8cb-d0d8351e95e3: shutdown b5737586-1c7b-466e-b8cb-d0d8351e95e3@group-3C8877628462-LeaderElection22
2023-02-14 08:18:33,786 [b5737586-1c7b-466e-b8cb-d0d8351e95e3@group-3C8877628462-LeaderElection22] INFO  impl.RoleInfo (RoleInfo.java:updateAndGet(139)) - b5737586-1c7b-466e-b8cb-d0d8351e95e3: start b5737586-1c7b-466e-b8cb-d0d8351e95e3@group-3C8877628462-FollowerState
2023-02-14 08:18:33,799 [b5737586-1c7b-466e-b8cb-d0d8351e95e3@group-3C8877628462-FollowerState] INFO  server.RaftServerConfigKeys (ConfUtils.java:logFallback(53)) - raft.server.rpc.first-election.timeout.min = 5s (fallback to raft.server.rpc.timeout.min)
2023-02-14 08:18:33,799 [b5737586-1c7b-466e-b8cb-d0d8351e95e3@group-3C8877628462-FollowerState] INFO  server.RaftServerConfigKeys (ConfUtils.java:logFallback(53)) - raft.server.rpc.first-election.timeout.max = 5200ms (fallback to raft.server.rpc.timeout.max)
2023-02-14 08:18:38,866 [b5737586-1c7b-466e-b8cb-d0d8351e95e3@group-3C8877628462-FollowerState] INFO  impl.FollowerState (FollowerState.java:run(143)) - b5737586-1c7b-466e-b8cb-d0d8351e95e3@group-3C8877628462-FollowerState: change to CANDIDATE, lastRpcElapsedTime:5080088211ns, electionTimeout:5067ms
2023-02-14 08:18:38,866 [b5737586-1c7b-466e-b8cb-d0d8351e95e3@group-3C8877628462-FollowerState] INFO  impl.RoleInfo (RoleInfo.java:shutdownFollowerState(110)) - b5737586-1c7b-466e-b8cb-d0d8351e95e3: shutdown b5737586-1c7b-466e-b8cb-d0d8351e95e3@group-3C8877628462-FollowerState
2023-02-14 08:18:38,866 [b5737586-1c7b-466e-b8cb-d0d8351e95e3@group-3C8877628462-FollowerState] INFO  server.RaftServer$Division (RaftServerImpl.java:setRole(321)) - b5737586-1c7b-466e-b8cb-d0d8351e95e3@group-3C8877628462: changes role from  FOLLOWER to CANDIDATE at term 3 for changeToCandidate
2023-02-14 08:18:38,866 [b5737586-1c7b-466e-b8cb-d0d8351e95e3@group-3C8877628462-FollowerState] INFO  server.RaftServerConfigKeys (ConfUtils.java:logGet(46)) - raft.server.leaderelection.pre-vote = false (custom)
2023-02-14 08:18:38,866 [b5737586-1c7b-466e-b8cb-d0d8351e95e3@group-3C8877628462-FollowerState] INFO  impl.RoleInfo (RoleInfo.java:updateAndGet(139)) - b5737586-1c7b-466e-b8cb-d0d8351e95e3: start b5737586-1c7b-466e-b8cb-d0d8351e95e3@group-3C8877628462-LeaderElection23
2023-02-14 08:18:38,872 [b5737586-1c7b-466e-b8cb-d0d8351e95e3@group-3C8877628462-LeaderElection23] INFO  impl.LeaderElection (LeaderElection.java:askForVotes(312)) - b5737586-1c7b-466e-b8cb-d0d8351e95e3@group-3C8877628462-LeaderElection23 ELECTION round 0: submit vote requests at term 4 for -1: peers:[b5737586-1c7b-466e-b8cb-d0d8351e95e3|rpc:10.1.0.19:36425|dataStream:10.1.0.19:38459|priority:0|startupRole:FOLLOWER, 31091561-319b-44fe-8343-13da60b8022d|rpc:10.1.0.19:41071|dataStream:10.1.0.19:37967|priority:1|startupRole:FOLLOWER, ad6dcd81-1875-4667-9f21-c7397548b1ba|rpc:10.1.0.19:34199|dataStream:10.1.0.19:34273|priority:0|startupRole:FOLLOWER]|listeners:[], old=null
2023-02-14 08:18:38,878 [b5737586-1c7b-466e-b8cb-d0d8351e95e3@group-3C8877628462-LeaderElection23] INFO  server.RaftServerConfigKeys (ConfUtils.java:logFallback(53)) - raft.server.rpc.first-election.timeout.min = 5s (fallback to raft.server.rpc.timeout.min)
2023-02-14 08:18:38,878 [b5737586-1c7b-466e-b8cb-d0d8351e95e3@group-3C8877628462-LeaderElection23] INFO  server.RaftServerConfigKeys (ConfUtils.java:logFallback(53)) - raft.server.rpc.first-election.timeout.max = 5200ms (fallback to raft.server.rpc.timeout.max)
2023-02-14 08:18:38,883 [grpc-default-executor-2] INFO  server.RaftServer$Division (RaftServerImpl.java:requestVote(1218)) - 31091561-319b-44fe-8343-13da60b8022d@group-3C8877628462: receive requestVote(ELECTION, b5737586-1c7b-466e-b8cb-d0d8351e95e3, group-3C8877628462, 4, (t:0, i:0))
2023-02-14 08:18:38,883 [grpc-default-executor-2] INFO  impl.VoteContext (VoteContext.java:log(49)) - 31091561-319b-44fe-8343-13da60b8022d@group-3C8877628462-FOLLOWER: reject ELECTION from b5737586-1c7b-466e-b8cb-d0d8351e95e3: our priority 1 > candidate's priority 0
2023-02-14 08:18:38,883 [grpc-default-executor-2] INFO  server.RaftServer$Division (RaftServerImpl.java:setRole(321)) - 31091561-319b-44fe-8343-13da60b8022d@group-3C8877628462: changes role from  FOLLOWER to FOLLOWER at term 4 for candidate:b5737586-1c7b-466e-b8cb-d0d8351e95e3
2023-02-14 08:18:38,883 [grpc-default-executor-2] INFO  impl.RoleInfo (RoleInfo.java:shutdownFollowerState(110)) - 31091561-319b-44fe-8343-13da60b8022d: shutdown 31091561-319b-44fe-8343-13da60b8022d@group-3C8877628462-FollowerState
2023-02-14 08:18:38,883 [grpc-default-executor-2] INFO  impl.RoleInfo (RoleInfo.java:updateAndGet(139)) - 31091561-319b-44fe-8343-13da60b8022d: start 31091561-319b-44fe-8343-13da60b8022d@group-3C8877628462-FollowerState
2023-02-14 08:18:38,883 [31091561-319b-44fe-8343-13da60b8022d@group-3C8877628462-FollowerState] INFO  impl.FollowerState (FollowerState.java:run(152)) - 31091561-319b-44fe-8343-13da60b8022d@group-3C8877628462-FollowerState was interrupted
2023-02-14 08:18:38,889 [31091561-319b-44fe-8343-13da60b8022d@group-3C8877628462-FollowerState] INFO  server.RaftServerConfigKeys (ConfUtils.java:logFallback(53)) - raft.server.rpc.first-election.timeout.min = 5s (fallback to raft.server.rpc.timeout.min)
2023-02-14 08:18:38,889 [31091561-319b-44fe-8343-13da60b8022d@group-3C8877628462-FollowerState] INFO  server.RaftServerConfigKeys (ConfUtils.java:logFallback(53)) - raft.server.rpc.first-election.timeout.max = 5200ms (fallback to raft.server.rpc.timeout.max)
2023-02-14 08:18:38,891 [grpc-default-executor-2] INFO  server.RaftServer$Division (RaftServerImpl.java:requestVote(1251)) - 31091561-319b-44fe-8343-13da60b8022d@group-3C8877628462 replies to ELECTION vote request: b5737586-1c7b-466e-b8cb-d0d8351e95e3<-31091561-319b-44fe-8343-13da60b8022d#0:FAIL-t4. Peer's state: 31091561-319b-44fe-8343-13da60b8022d@group-3C8877628462:t4, leader=null, voted=null, raftlog=Memoized:31091561-319b-44fe-8343-13da60b8022d@group-3C8877628462-SegmentedRaftLog:OPENED:c-1, conf=-1: peers:[b5737586-1c7b-466e-b8cb-d0d8351e95e3|rpc:10.1.0.19:36425|dataStream:10.1.0.19:38459|priority:0|startupRole:FOLLOWER, 31091561-319b-44fe-8343-13da60b8022d|rpc:10.1.0.19:41071|dataStream:10.1.0.19:37967|priority:1|startupRole:FOLLOWER, ad6dcd81-1875-4667-9f21-c7397548b1ba|rpc:10.1.0.19:34199|dataStream:10.1.0.19:34273|priority:0|startupRole:FOLLOWER]|listeners:[], old=null
2023-02-14 08:18:38,893 [b5737586-1c7b-466e-b8cb-d0d8351e95e3@group-3C8877628462-LeaderElection23] INFO  impl.LeaderElection (LeaderElection.java:logAndReturn(90)) - b5737586-1c7b-466e-b8cb-d0d8351e95e3@group-3C8877628462-LeaderElection23: ELECTION REJECTED received 1 response(s) and 0 exception(s):
2023-02-14 08:18:38,893 [b5737586-1c7b-466e-b8cb-d0d8351e95e3@group-3C8877628462-LeaderElection23] INFO  impl.LeaderElection (LeaderElection.java:logAndReturn(94)) -   Response 0: b5737586-1c7b-466e-b8cb-d0d8351e95e3<-31091561-319b-44fe-8343-13da60b8022d#0:FAIL-t4
2023-02-14 08:18:38,893 [b5737586-1c7b-466e-b8cb-d0d8351e95e3@group-3C8877628462-LeaderElection23] INFO  impl.LeaderElection (LeaderElection.java:askForVotes(314)) - b5737586-1c7b-466e-b8cb-d0d8351e95e3@group-3C8877628462-LeaderElection23 ELECTION round 0: result REJECTED
2023-02-14 08:18:38,893 [grpc-default-executor-4] INFO  server.RaftServer$Division (RaftServerImpl.java:requestVote(1218)) - ad6dcd81-1875-4667-9f21-c7397548b1ba@group-3C8877628462: receive requestVote(ELECTION, b5737586-1c7b-466e-b8cb-d0d8351e95e3, group-3C8877628462, 4, (t:0, i:0))
2023-02-14 08:18:38,893 [b5737586-1c7b-466e-b8cb-d0d8351e95e3@group-3C8877628462-LeaderElection23] INFO  server.RaftServer$Division (RaftServerImpl.java:setRole(321)) - b5737586-1c7b-466e-b8cb-d0d8351e95e3@group-3C8877628462: changes role from CANDIDATE to FOLLOWER at term 4 for REJECTED
2023-02-14 08:18:38,894 [b5737586-1c7b-466e-b8cb-d0d8351e95e3@group-3C8877628462-LeaderElection23] INFO  impl.RoleInfo (RoleInfo.java:shutdownLeaderElection(130)) - b5737586-1c7b-466e-b8cb-d0d8351e95e3: shutdown b5737586-1c7b-466e-b8cb-d0d8351e95e3@group-3C8877628462-LeaderElection23
2023-02-14 08:18:38,894 [b5737586-1c7b-466e-b8cb-d0d8351e95e3@group-3C8877628462-LeaderElection23] INFO  impl.RoleInfo (RoleInfo.java:updateAndGet(139)) - b5737586-1c7b-466e-b8cb-d0d8351e95e3: start b5737586-1c7b-466e-b8cb-d0d8351e95e3@group-3C8877628462-FollowerState
2023-02-14 08:18:38,893 [grpc-default-executor-4] INFO  impl.VoteContext (VoteContext.java:log(49)) - ad6dcd81-1875-4667-9f21-c7397548b1ba@group-3C8877628462-FOLLOWER: accept ELECTION from b5737586-1c7b-466e-b8cb-d0d8351e95e3: our priority 0 <= candidate's priority 0
2023-02-14 08:18:38,894 [grpc-default-executor-4] INFO  server.RaftServer$Division (RaftServerImpl.java:setRole(321)) - ad6dcd81-1875-4667-9f21-c7397548b1ba@group-3C8877628462: changes role from  FOLLOWER to FOLLOWER at term 4 for candidate:b5737586-1c7b-466e-b8cb-d0d8351e95e3
2023-02-14 08:18:38,894 [grpc-default-executor-4] INFO  impl.RoleInfo (RoleInfo.java:shutdownFollowerState(110)) - ad6dcd81-1875-4667-9f21-c7397548b1ba: shutdown ad6dcd81-1875-4667-9f21-c7397548b1ba@group-3C8877628462-FollowerState
2023-02-14 08:18:38,897 [grpc-default-executor-4] INFO  impl.RoleInfo (RoleInfo.java:updateAndGet(139)) - ad6dcd81-1875-4667-9f21-c7397548b1ba: start ad6dcd81-1875-4667-9f21-c7397548b1ba@group-3C8877628462-FollowerState
2023-02-14 08:18:38,897 [ad6dcd81-1875-4667-9f21-c7397548b1ba@group-3C8877628462-FollowerState] INFO  impl.FollowerState (FollowerState.java:run(152)) - ad6dcd81-1875-4667-9f21-c7397548b1ba@group-3C8877628462-FollowerState was interrupted
2023-02-14 08:18:38,897 [b5737586-1c7b-466e-b8cb-d0d8351e95e3@group-3C8877628462-FollowerState] INFO  server.RaftServerConfigKeys (ConfUtils.java:logFallback(53)) - raft.server.rpc.first-election.timeout.min = 5s (fallback to raft.server.rpc.timeout.min)
2023-02-14 08:18:38,897 [b5737586-1c7b-466e-b8cb-d0d8351e95e3@group-3C8877628462-FollowerState] INFO  server.RaftServerConfigKeys (ConfUtils.java:logFallback(53)) - raft.server.rpc.first-election.timeout.max = 5200ms (fallback to raft.server.rpc.timeout.max)
2023-02-14 08:18:38,903 [ad6dcd81-1875-4667-9f21-c7397548b1ba@group-3C8877628462-FollowerState] INFO  server.RaftServerConfigKeys (ConfUtils.java:logFallback(53)) - raft.server.rpc.first-election.timeout.min = 5s (fallback to raft.server.rpc.timeout.min)
2023-02-14 08:18:38,903 [ad6dcd81-1875-4667-9f21-c7397548b1ba@group-3C8877628462-FollowerState] INFO  server.RaftServerConfigKeys (ConfUtils.java:logFallback(53)) - raft.server.rpc.first-election.timeout.max = 5200ms (fallback to raft.server.rpc.timeout.max)
2023-02-14 08:18:38,903 [grpc-default-executor-4] INFO  server.RaftServer$Division (RaftServerImpl.java:requestVote(1251)) - ad6dcd81-1875-4667-9f21-c7397548b1ba@group-3C8877628462 replies to ELECTION vote request: b5737586-1c7b-466e-b8cb-d0d8351e95e3<-ad6dcd81-1875-4667-9f21-c7397548b1ba#0:OK-t4. Peer's state: ad6dcd81-1875-4667-9f21-c7397548b1ba@group-3C8877628462:t4, leader=null, voted=b5737586-1c7b-466e-b8cb-d0d8351e95e3, raftlog=Memoized:ad6dcd81-1875-4667-9f21-c7397548b1ba@group-3C8877628462-SegmentedRaftLog:OPENED:c-1, conf=-1: peers:[b5737586-1c7b-466e-b8cb-d0d8351e95e3|rpc:10.1.0.19:36425|dataStream:10.1.0.19:38459|priority:0|startupRole:FOLLOWER, 31091561-319b-44fe-8343-13da60b8022d|rpc:10.1.0.19:41071|dataStream:10.1.0.19:37967|priority:1|startupRole:FOLLOWER, ad6dcd81-1875-4667-9f21-c7397548b1ba|rpc:10.1.0.19:34199|dataStream:10.1.0.19:34273|priority:0|startupRole:FOLLOWER]|listeners:[], old=null
2023-02-14 08:18:40,180 [Under Replicated Processor] INFO  replication.UnhealthyReplicationProcessor (UnhealthyReplicationProcessor.java:processAll(105)) - Processed 0 containers with health state counts {},failed processing 0
2023-02-14 08:18:40,180 [Over Replicated Processor] INFO  replication.UnhealthyReplicationProcessor (UnhealthyReplicationProcessor.java:processAll(105)) - Processed 0 containers with health state counts {},failed processing 0
]]></system-out>
  </testcase>
  <testcase name="testListStatusIteratorOnPageSize" classname="TestOzoneFileSystem" time="16.216">
    <system-out><![CDATA[2023-02-14 08:19:24,057 [Under Replicated Processor] INFO  replication.UnhealthyReplicationProcessor (UnhealthyReplicationProcessor.java:processAll(105)) - Processed 0 containers with health state counts {},failed processing 0
2023-02-14 08:19:24,059 [Over Replicated Processor] INFO  replication.UnhealthyReplicationProcessor (UnhealthyReplicationProcessor.java:processAll(105)) - Processed 0 containers with health state counts {},failed processing 0
]]></system-out>
  </testcase>
  <testcase name="testListStatusIteratorOnPageSize" classname="TestOzoneFileSystem" time="11.397">
    <system-out><![CDATA[2023-02-14 08:20:04,689 [41c129e8-6aab-4c9d-a285-58cf14387518@group-21376C6DCD80-FollowerState] INFO  server.RaftServerConfigKeys (ConfUtils.java:logFallback(53)) - raft.server.rpc.first-election.timeout.min = 5s (fallback to raft.server.rpc.timeout.min)
2023-02-14 08:20:04,689 [41c129e8-6aab-4c9d-a285-58cf14387518@group-21376C6DCD80-FollowerState] INFO  server.RaftServerConfigKeys (ConfUtils.java:logFallback(53)) - raft.server.rpc.first-election.timeout.max = 5200ms (fallback to raft.server.rpc.timeout.max)
2023-02-14 08:20:04,701 [34ef5736-8ccc-4354-bdfe-e8e28e0b14c7@group-21376C6DCD80-FollowerState] INFO  impl.FollowerState (FollowerState.java:run(143)) - 34ef5736-8ccc-4354-bdfe-e8e28e0b14c7@group-21376C6DCD80-FollowerState: change to CANDIDATE, lastRpcElapsedTime:5076032468ns, electionTimeout:5059ms
2023-02-14 08:20:04,701 [34ef5736-8ccc-4354-bdfe-e8e28e0b14c7@group-21376C6DCD80-FollowerState] INFO  impl.RoleInfo (RoleInfo.java:shutdownFollowerState(110)) - 34ef5736-8ccc-4354-bdfe-e8e28e0b14c7: shutdown 34ef5736-8ccc-4354-bdfe-e8e28e0b14c7@group-21376C6DCD80-FollowerState
2023-02-14 08:20:04,701 [34ef5736-8ccc-4354-bdfe-e8e28e0b14c7@group-21376C6DCD80-FollowerState] INFO  server.RaftServer$Division (RaftServerImpl.java:setRole(321)) - 34ef5736-8ccc-4354-bdfe-e8e28e0b14c7@group-21376C6DCD80: changes role from  FOLLOWER to CANDIDATE at term 2 for changeToCandidate
2023-02-14 08:20:04,701 [34ef5736-8ccc-4354-bdfe-e8e28e0b14c7@group-21376C6DCD80-FollowerState] INFO  server.RaftServerConfigKeys (ConfUtils.java:logGet(46)) - raft.server.leaderelection.pre-vote = false (custom)
2023-02-14 08:20:04,701 [34ef5736-8ccc-4354-bdfe-e8e28e0b14c7@group-21376C6DCD80-FollowerState] INFO  impl.RoleInfo (RoleInfo.java:updateAndGet(139)) - 34ef5736-8ccc-4354-bdfe-e8e28e0b14c7: start 34ef5736-8ccc-4354-bdfe-e8e28e0b14c7@group-21376C6DCD80-LeaderElection43
2023-02-14 08:20:04,712 [34ef5736-8ccc-4354-bdfe-e8e28e0b14c7@group-21376C6DCD80-LeaderElection43] INFO  impl.LeaderElection (LeaderElection.java:askForVotes(312)) - 34ef5736-8ccc-4354-bdfe-e8e28e0b14c7@group-21376C6DCD80-LeaderElection43 ELECTION round 0: submit vote requests at term 3 for -1: peers:[34ef5736-8ccc-4354-bdfe-e8e28e0b14c7|rpc:10.1.0.19:40043|dataStream:10.1.0.19:42561|priority:0|startupRole:FOLLOWER, 6359aaa4-8509-4a3b-a3c1-a8ea6163a916|rpc:10.1.0.19:41443|dataStream:10.1.0.19:42567|priority:1|startupRole:FOLLOWER, 41c129e8-6aab-4c9d-a285-58cf14387518|rpc:10.1.0.19:42087|dataStream:10.1.0.19:37525|priority:0|startupRole:FOLLOWER]|listeners:[], old=null
2023-02-14 08:20:04,719 [34ef5736-8ccc-4354-bdfe-e8e28e0b14c7@group-21376C6DCD80-LeaderElection43] INFO  server.RaftServerConfigKeys (ConfUtils.java:logFallback(53)) - raft.server.rpc.first-election.timeout.min = 5s (fallback to raft.server.rpc.timeout.min)
2023-02-14 08:20:04,719 [grpc-default-executor-1] INFO  server.RaftServer$Division (RaftServerImpl.java:requestVote(1218)) - 6359aaa4-8509-4a3b-a3c1-a8ea6163a916@group-21376C6DCD80: receive requestVote(ELECTION, 34ef5736-8ccc-4354-bdfe-e8e28e0b14c7, group-21376C6DCD80, 3, (t:0, i:0))
2023-02-14 08:20:04,722 [grpc-default-executor-1] INFO  impl.VoteContext (VoteContext.java:log(49)) - 6359aaa4-8509-4a3b-a3c1-a8ea6163a916@group-21376C6DCD80-FOLLOWER: reject ELECTION from 34ef5736-8ccc-4354-bdfe-e8e28e0b14c7: our priority 1 > candidate's priority 0
2023-02-14 08:20:04,722 [grpc-default-executor-1] INFO  server.RaftServer$Division (RaftServerImpl.java:setRole(321)) - 6359aaa4-8509-4a3b-a3c1-a8ea6163a916@group-21376C6DCD80: changes role from  FOLLOWER to FOLLOWER at term 3 for candidate:34ef5736-8ccc-4354-bdfe-e8e28e0b14c7
2023-02-14 08:20:04,722 [grpc-default-executor-1] INFO  impl.RoleInfo (RoleInfo.java:shutdownFollowerState(110)) - 6359aaa4-8509-4a3b-a3c1-a8ea6163a916: shutdown 6359aaa4-8509-4a3b-a3c1-a8ea6163a916@group-21376C6DCD80-FollowerState
2023-02-14 08:20:04,722 [grpc-default-executor-1] INFO  impl.RoleInfo (RoleInfo.java:updateAndGet(139)) - 6359aaa4-8509-4a3b-a3c1-a8ea6163a916: start 6359aaa4-8509-4a3b-a3c1-a8ea6163a916@group-21376C6DCD80-FollowerState
2023-02-14 08:20:04,722 [6359aaa4-8509-4a3b-a3c1-a8ea6163a916@group-21376C6DCD80-FollowerState] INFO  impl.FollowerState (FollowerState.java:run(152)) - 6359aaa4-8509-4a3b-a3c1-a8ea6163a916@group-21376C6DCD80-FollowerState was interrupted
2023-02-14 08:20:04,719 [34ef5736-8ccc-4354-bdfe-e8e28e0b14c7@group-21376C6DCD80-LeaderElection43] INFO  server.RaftServerConfigKeys (ConfUtils.java:logFallback(53)) - raft.server.rpc.first-election.timeout.max = 5200ms (fallback to raft.server.rpc.timeout.max)
2023-02-14 08:20:04,728 [grpc-default-executor-1] INFO  server.RaftServer$Division (RaftServerImpl.java:requestVote(1251)) - 6359aaa4-8509-4a3b-a3c1-a8ea6163a916@group-21376C6DCD80 replies to ELECTION vote request: 34ef5736-8ccc-4354-bdfe-e8e28e0b14c7<-6359aaa4-8509-4a3b-a3c1-a8ea6163a916#0:FAIL-t3. Peer's state: 6359aaa4-8509-4a3b-a3c1-a8ea6163a916@group-21376C6DCD80:t3, leader=null, voted=null, raftlog=Memoized:6359aaa4-8509-4a3b-a3c1-a8ea6163a916@group-21376C6DCD80-SegmentedRaftLog:OPENED:c-1, conf=-1: peers:[34ef5736-8ccc-4354-bdfe-e8e28e0b14c7|rpc:10.1.0.19:40043|dataStream:10.1.0.19:42561|priority:0|startupRole:FOLLOWER, 6359aaa4-8509-4a3b-a3c1-a8ea6163a916|rpc:10.1.0.19:41443|dataStream:10.1.0.19:42567|priority:1|startupRole:FOLLOWER, 41c129e8-6aab-4c9d-a285-58cf14387518|rpc:10.1.0.19:42087|dataStream:10.1.0.19:37525|priority:0|startupRole:FOLLOWER]|listeners:[], old=null
2023-02-14 08:20:04,728 [6359aaa4-8509-4a3b-a3c1-a8ea6163a916@group-21376C6DCD80-FollowerState] INFO  server.RaftServerConfigKeys (ConfUtils.java:logFallback(53)) - raft.server.rpc.first-election.timeout.min = 5s (fallback to raft.server.rpc.timeout.min)
2023-02-14 08:20:04,728 [6359aaa4-8509-4a3b-a3c1-a8ea6163a916@group-21376C6DCD80-FollowerState] INFO  server.RaftServerConfigKeys (ConfUtils.java:logFallback(53)) - raft.server.rpc.first-election.timeout.max = 5200ms (fallback to raft.server.rpc.timeout.max)
2023-02-14 08:20:04,730 [grpc-default-executor-2] INFO  server.RaftServer$Division (RaftServerImpl.java:requestVote(1218)) - 41c129e8-6aab-4c9d-a285-58cf14387518@group-21376C6DCD80: receive requestVote(ELECTION, 34ef5736-8ccc-4354-bdfe-e8e28e0b14c7, group-21376C6DCD80, 3, (t:0, i:0))
2023-02-14 08:20:04,730 [grpc-default-executor-2] INFO  impl.VoteContext (VoteContext.java:log(49)) - 41c129e8-6aab-4c9d-a285-58cf14387518@group-21376C6DCD80-FOLLOWER: accept ELECTION from 34ef5736-8ccc-4354-bdfe-e8e28e0b14c7: our priority 0 <= candidate's priority 0
2023-02-14 08:20:04,730 [grpc-default-executor-2] INFO  server.RaftServer$Division (RaftServerImpl.java:setRole(321)) - 41c129e8-6aab-4c9d-a285-58cf14387518@group-21376C6DCD80: changes role from  FOLLOWER to FOLLOWER at term 3 for candidate:34ef5736-8ccc-4354-bdfe-e8e28e0b14c7
2023-02-14 08:20:04,730 [grpc-default-executor-2] INFO  impl.RoleInfo (RoleInfo.java:shutdownFollowerState(110)) - 41c129e8-6aab-4c9d-a285-58cf14387518: shutdown 41c129e8-6aab-4c9d-a285-58cf14387518@group-21376C6DCD80-FollowerState
2023-02-14 08:20:04,730 [grpc-default-executor-2] INFO  impl.RoleInfo (RoleInfo.java:updateAndGet(139)) - 41c129e8-6aab-4c9d-a285-58cf14387518: start 41c129e8-6aab-4c9d-a285-58cf14387518@group-21376C6DCD80-FollowerState
2023-02-14 08:20:04,730 [41c129e8-6aab-4c9d-a285-58cf14387518@group-21376C6DCD80-FollowerState] INFO  impl.FollowerState (FollowerState.java:run(152)) - 41c129e8-6aab-4c9d-a285-58cf14387518@group-21376C6DCD80-FollowerState was interrupted
2023-02-14 08:20:04,731 [34ef5736-8ccc-4354-bdfe-e8e28e0b14c7@group-21376C6DCD80-LeaderElection43] INFO  impl.LeaderElection (LeaderElection.java:logAndReturn(90)) - 34ef5736-8ccc-4354-bdfe-e8e28e0b14c7@group-21376C6DCD80-LeaderElection43: ELECTION REJECTED received 1 response(s) and 0 exception(s):
2023-02-14 08:20:04,731 [34ef5736-8ccc-4354-bdfe-e8e28e0b14c7@group-21376C6DCD80-LeaderElection43] INFO  impl.LeaderElection (LeaderElection.java:logAndReturn(94)) -   Response 0: 34ef5736-8ccc-4354-bdfe-e8e28e0b14c7<-6359aaa4-8509-4a3b-a3c1-a8ea6163a916#0:FAIL-t3
2023-02-14 08:20:04,732 [34ef5736-8ccc-4354-bdfe-e8e28e0b14c7@group-21376C6DCD80-LeaderElection43] INFO  impl.LeaderElection (LeaderElection.java:askForVotes(314)) - 34ef5736-8ccc-4354-bdfe-e8e28e0b14c7@group-21376C6DCD80-LeaderElection43 ELECTION round 0: result REJECTED
2023-02-14 08:20:04,732 [34ef5736-8ccc-4354-bdfe-e8e28e0b14c7@group-21376C6DCD80-LeaderElection43] INFO  server.RaftServer$Division (RaftServerImpl.java:setRole(321)) - 34ef5736-8ccc-4354-bdfe-e8e28e0b14c7@group-21376C6DCD80: changes role from CANDIDATE to FOLLOWER at term 3 for REJECTED
2023-02-14 08:20:04,732 [34ef5736-8ccc-4354-bdfe-e8e28e0b14c7@group-21376C6DCD80-LeaderElection43] INFO  impl.RoleInfo (RoleInfo.java:shutdownLeaderElection(130)) - 34ef5736-8ccc-4354-bdfe-e8e28e0b14c7: shutdown 34ef5736-8ccc-4354-bdfe-e8e28e0b14c7@group-21376C6DCD80-LeaderElection43
2023-02-14 08:20:04,732 [34ef5736-8ccc-4354-bdfe-e8e28e0b14c7@group-21376C6DCD80-LeaderElection43] INFO  impl.RoleInfo (RoleInfo.java:updateAndGet(139)) - 34ef5736-8ccc-4354-bdfe-e8e28e0b14c7: start 34ef5736-8ccc-4354-bdfe-e8e28e0b14c7@group-21376C6DCD80-FollowerState
2023-02-14 08:20:04,732 [41c129e8-6aab-4c9d-a285-58cf14387518@group-21376C6DCD80-FollowerState] INFO  server.RaftServerConfigKeys (ConfUtils.java:logFallback(53)) - raft.server.rpc.first-election.timeout.min = 5s (fallback to raft.server.rpc.timeout.min)
2023-02-14 08:20:04,733 [41c129e8-6aab-4c9d-a285-58cf14387518@group-21376C6DCD80-FollowerState] INFO  server.RaftServerConfigKeys (ConfUtils.java:logFallback(53)) - raft.server.rpc.first-election.timeout.max = 5200ms (fallback to raft.server.rpc.timeout.max)
2023-02-14 08:20:04,733 [grpc-default-executor-2] INFO  server.RaftServer$Division (RaftServerImpl.java:requestVote(1251)) - 41c129e8-6aab-4c9d-a285-58cf14387518@group-21376C6DCD80 replies to ELECTION vote request: 34ef5736-8ccc-4354-bdfe-e8e28e0b14c7<-41c129e8-6aab-4c9d-a285-58cf14387518#0:OK-t3. Peer's state: 41c129e8-6aab-4c9d-a285-58cf14387518@group-21376C6DCD80:t3, leader=null, voted=34ef5736-8ccc-4354-bdfe-e8e28e0b14c7, raftlog=Memoized:41c129e8-6aab-4c9d-a285-58cf14387518@group-21376C6DCD80-SegmentedRaftLog:OPENED:c-1, conf=-1: peers:[34ef5736-8ccc-4354-bdfe-e8e28e0b14c7|rpc:10.1.0.19:40043|dataStream:10.1.0.19:42561|priority:0|startupRole:FOLLOWER, 6359aaa4-8509-4a3b-a3c1-a8ea6163a916|rpc:10.1.0.19:41443|dataStream:10.1.0.19:42567|priority:1|startupRole:FOLLOWER, 41c129e8-6aab-4c9d-a285-58cf14387518|rpc:10.1.0.19:42087|dataStream:10.1.0.19:37525|priority:0|startupRole:FOLLOWER]|listeners:[], old=null
2023-02-14 08:20:04,735 [34ef5736-8ccc-4354-bdfe-e8e28e0b14c7@group-21376C6DCD80-FollowerState] INFO  server.RaftServerConfigKeys (ConfUtils.java:logFallback(53)) - raft.server.rpc.first-election.timeout.min = 5s (fallback to raft.server.rpc.timeout.min)
2023-02-14 08:20:04,735 [34ef5736-8ccc-4354-bdfe-e8e28e0b14c7@group-21376C6DCD80-FollowerState] INFO  server.RaftServerConfigKeys (ConfUtils.java:logFallback(53)) - raft.server.rpc.first-election.timeout.max = 5200ms (fallback to raft.server.rpc.timeout.max)
2023-02-14 08:20:09,763 [41c129e8-6aab-4c9d-a285-58cf14387518@group-21376C6DCD80-FollowerState] INFO  server.RaftServerConfigKeys (ConfUtils.java:logFallback(53)) - raft.server.rpc.first-election.timeout.min = 5s (fallback to raft.server.rpc.timeout.min)
2023-02-14 08:20:09,763 [41c129e8-6aab-4c9d-a285-58cf14387518@group-21376C6DCD80-FollowerState] INFO  server.RaftServerConfigKeys (ConfUtils.java:logFallback(53)) - raft.server.rpc.first-election.timeout.max = 5200ms (fallback to raft.server.rpc.timeout.max)
2023-02-14 08:20:09,785 [6359aaa4-8509-4a3b-a3c1-a8ea6163a916@group-21376C6DCD80-FollowerState] INFO  impl.FollowerState (FollowerState.java:run(143)) - 6359aaa4-8509-4a3b-a3c1-a8ea6163a916@group-21376C6DCD80-FollowerState: change to CANDIDATE, lastRpcElapsedTime:5062715537ns, electionTimeout:5056ms
2023-02-14 08:20:09,785 [6359aaa4-8509-4a3b-a3c1-a8ea6163a916@group-21376C6DCD80-FollowerState] INFO  impl.RoleInfo (RoleInfo.java:shutdownFollowerState(110)) - 6359aaa4-8509-4a3b-a3c1-a8ea6163a916: shutdown 6359aaa4-8509-4a3b-a3c1-a8ea6163a916@group-21376C6DCD80-FollowerState
2023-02-14 08:20:09,785 [6359aaa4-8509-4a3b-a3c1-a8ea6163a916@group-21376C6DCD80-FollowerState] INFO  server.RaftServer$Division (RaftServerImpl.java:setRole(321)) - 6359aaa4-8509-4a3b-a3c1-a8ea6163a916@group-21376C6DCD80: changes role from  FOLLOWER to CANDIDATE at term 3 for changeToCandidate
2023-02-14 08:20:09,785 [6359aaa4-8509-4a3b-a3c1-a8ea6163a916@group-21376C6DCD80-FollowerState] INFO  server.RaftServerConfigKeys (ConfUtils.java:logGet(46)) - raft.server.leaderelection.pre-vote = false (custom)
2023-02-14 08:20:09,785 [6359aaa4-8509-4a3b-a3c1-a8ea6163a916@group-21376C6DCD80-FollowerState] INFO  impl.RoleInfo (RoleInfo.java:updateAndGet(139)) - 6359aaa4-8509-4a3b-a3c1-a8ea6163a916: start 6359aaa4-8509-4a3b-a3c1-a8ea6163a916@group-21376C6DCD80-LeaderElection44
2023-02-14 08:20:09,788 [6359aaa4-8509-4a3b-a3c1-a8ea6163a916@group-21376C6DCD80-LeaderElection44] INFO  impl.LeaderElection (LeaderElection.java:askForVotes(312)) - 6359aaa4-8509-4a3b-a3c1-a8ea6163a916@group-21376C6DCD80-LeaderElection44 ELECTION round 0: submit vote requests at term 4 for -1: peers:[34ef5736-8ccc-4354-bdfe-e8e28e0b14c7|rpc:10.1.0.19:40043|dataStream:10.1.0.19:42561|priority:0|startupRole:FOLLOWER, 6359aaa4-8509-4a3b-a3c1-a8ea6163a916|rpc:10.1.0.19:41443|dataStream:10.1.0.19:42567|priority:1|startupRole:FOLLOWER, 41c129e8-6aab-4c9d-a285-58cf14387518|rpc:10.1.0.19:42087|dataStream:10.1.0.19:37525|priority:0|startupRole:FOLLOWER]|listeners:[], old=null
2023-02-14 08:20:09,800 [grpc-default-executor-2] INFO  server.RaftServer$Division (RaftServerImpl.java:requestVote(1218)) - 34ef5736-8ccc-4354-bdfe-e8e28e0b14c7@group-21376C6DCD80: receive requestVote(ELECTION, 6359aaa4-8509-4a3b-a3c1-a8ea6163a916, group-21376C6DCD80, 4, (t:0, i:0))
2023-02-14 08:20:09,800 [grpc-default-executor-2] INFO  impl.VoteContext (VoteContext.java:log(49)) - 34ef5736-8ccc-4354-bdfe-e8e28e0b14c7@group-21376C6DCD80-FOLLOWER: accept ELECTION from 6359aaa4-8509-4a3b-a3c1-a8ea6163a916: our priority 0 <= candidate's priority 1
2023-02-14 08:20:09,800 [grpc-default-executor-2] INFO  server.RaftServer$Division (RaftServerImpl.java:setRole(321)) - 34ef5736-8ccc-4354-bdfe-e8e28e0b14c7@group-21376C6DCD80: changes role from  FOLLOWER to FOLLOWER at term 4 for candidate:6359aaa4-8509-4a3b-a3c1-a8ea6163a916
2023-02-14 08:20:09,800 [grpc-default-executor-2] INFO  impl.RoleInfo (RoleInfo.java:shutdownFollowerState(110)) - 34ef5736-8ccc-4354-bdfe-e8e28e0b14c7: shutdown 34ef5736-8ccc-4354-bdfe-e8e28e0b14c7@group-21376C6DCD80-FollowerState
2023-02-14 08:20:09,800 [grpc-default-executor-2] INFO  impl.RoleInfo (RoleInfo.java:updateAndGet(139)) - 34ef5736-8ccc-4354-bdfe-e8e28e0b14c7: start 34ef5736-8ccc-4354-bdfe-e8e28e0b14c7@group-21376C6DCD80-FollowerState
2023-02-14 08:20:09,801 [34ef5736-8ccc-4354-bdfe-e8e28e0b14c7@group-21376C6DCD80-FollowerState] INFO  impl.FollowerState (FollowerState.java:run(152)) - 34ef5736-8ccc-4354-bdfe-e8e28e0b14c7@group-21376C6DCD80-FollowerState was interrupted
2023-02-14 08:20:09,801 [6359aaa4-8509-4a3b-a3c1-a8ea6163a916@group-21376C6DCD80-LeaderElection44] INFO  server.RaftServerConfigKeys (ConfUtils.java:logFallback(53)) - raft.server.rpc.first-election.timeout.min = 5s (fallback to raft.server.rpc.timeout.min)
2023-02-14 08:20:09,801 [6359aaa4-8509-4a3b-a3c1-a8ea6163a916@group-21376C6DCD80-LeaderElection44] INFO  server.RaftServerConfigKeys (ConfUtils.java:logFallback(53)) - raft.server.rpc.first-election.timeout.max = 5200ms (fallback to raft.server.rpc.timeout.max)
2023-02-14 08:20:09,802 [34ef5736-8ccc-4354-bdfe-e8e28e0b14c7@group-21376C6DCD80-FollowerState] INFO  server.RaftServerConfigKeys (ConfUtils.java:logFallback(53)) - raft.server.rpc.first-election.timeout.min = 5s (fallback to raft.server.rpc.timeout.min)
2023-02-14 08:20:09,802 [34ef5736-8ccc-4354-bdfe-e8e28e0b14c7@group-21376C6DCD80-FollowerState] INFO  server.RaftServerConfigKeys (ConfUtils.java:logFallback(53)) - raft.server.rpc.first-election.timeout.max = 5200ms (fallback to raft.server.rpc.timeout.max)
2023-02-14 08:20:09,805 [grpc-default-executor-2] INFO  server.RaftServer$Division (RaftServerImpl.java:requestVote(1251)) - 34ef5736-8ccc-4354-bdfe-e8e28e0b14c7@group-21376C6DCD80 replies to ELECTION vote request: 6359aaa4-8509-4a3b-a3c1-a8ea6163a916<-34ef5736-8ccc-4354-bdfe-e8e28e0b14c7#0:OK-t4. Peer's state: 34ef5736-8ccc-4354-bdfe-e8e28e0b14c7@group-21376C6DCD80:t4, leader=null, voted=6359aaa4-8509-4a3b-a3c1-a8ea6163a916, raftlog=Memoized:34ef5736-8ccc-4354-bdfe-e8e28e0b14c7@group-21376C6DCD80-SegmentedRaftLog:OPENED:c-1, conf=-1: peers:[34ef5736-8ccc-4354-bdfe-e8e28e0b14c7|rpc:10.1.0.19:40043|dataStream:10.1.0.19:42561|priority:0|startupRole:FOLLOWER, 6359aaa4-8509-4a3b-a3c1-a8ea6163a916|rpc:10.1.0.19:41443|dataStream:10.1.0.19:42567|priority:1|startupRole:FOLLOWER, 41c129e8-6aab-4c9d-a285-58cf14387518|rpc:10.1.0.19:42087|dataStream:10.1.0.19:37525|priority:0|startupRole:FOLLOWER]|listeners:[], old=null
2023-02-14 08:20:09,806 [grpc-default-executor-1] INFO  server.RaftServer$Division (RaftServerImpl.java:requestVote(1218)) - 41c129e8-6aab-4c9d-a285-58cf14387518@group-21376C6DCD80: receive requestVote(ELECTION, 6359aaa4-8509-4a3b-a3c1-a8ea6163a916, group-21376C6DCD80, 4, (t:0, i:0))
2023-02-14 08:20:09,806 [grpc-default-executor-1] INFO  impl.VoteContext (VoteContext.java:log(49)) - 41c129e8-6aab-4c9d-a285-58cf14387518@group-21376C6DCD80-FOLLOWER: accept ELECTION from 6359aaa4-8509-4a3b-a3c1-a8ea6163a916: our priority 0 <= candidate's priority 1
2023-02-14 08:20:09,806 [grpc-default-executor-1] INFO  server.RaftServer$Division (RaftServerImpl.java:setRole(321)) - 41c129e8-6aab-4c9d-a285-58cf14387518@group-21376C6DCD80: changes role from  FOLLOWER to FOLLOWER at term 4 for candidate:6359aaa4-8509-4a3b-a3c1-a8ea6163a916
2023-02-14 08:20:09,806 [grpc-default-executor-1] INFO  impl.RoleInfo (RoleInfo.java:shutdownFollowerState(110)) - 41c129e8-6aab-4c9d-a285-58cf14387518: shutdown 41c129e8-6aab-4c9d-a285-58cf14387518@group-21376C6DCD80-FollowerState
2023-02-14 08:20:09,806 [grpc-default-executor-1] INFO  impl.RoleInfo (RoleInfo.java:updateAndGet(139)) - 41c129e8-6aab-4c9d-a285-58cf14387518: start 41c129e8-6aab-4c9d-a285-58cf14387518@group-21376C6DCD80-FollowerState
2023-02-14 08:20:09,806 [41c129e8-6aab-4c9d-a285-58cf14387518@group-21376C6DCD80-FollowerState] INFO  impl.FollowerState (FollowerState.java:run(152)) - 41c129e8-6aab-4c9d-a285-58cf14387518@group-21376C6DCD80-FollowerState was interrupted
2023-02-14 08:20:09,811 [6359aaa4-8509-4a3b-a3c1-a8ea6163a916@group-21376C6DCD80-LeaderElection44] INFO  impl.LeaderElection (LeaderElection.java:logAndReturn(90)) - 6359aaa4-8509-4a3b-a3c1-a8ea6163a916@group-21376C6DCD80-LeaderElection44: ELECTION PASSED received 1 response(s) and 0 exception(s):
2023-02-14 08:20:09,811 [6359aaa4-8509-4a3b-a3c1-a8ea6163a916@group-21376C6DCD80-LeaderElection44] INFO  impl.LeaderElection (LeaderElection.java:logAndReturn(94)) -   Response 0: 6359aaa4-8509-4a3b-a3c1-a8ea6163a916<-34ef5736-8ccc-4354-bdfe-e8e28e0b14c7#0:OK-t4
2023-02-14 08:20:09,811 [6359aaa4-8509-4a3b-a3c1-a8ea6163a916@group-21376C6DCD80-LeaderElection44] INFO  impl.LeaderElection (LeaderElection.java:askForVotes(314)) - 6359aaa4-8509-4a3b-a3c1-a8ea6163a916@group-21376C6DCD80-LeaderElection44 ELECTION round 0: result PASSED
2023-02-14 08:20:09,811 [6359aaa4-8509-4a3b-a3c1-a8ea6163a916@group-21376C6DCD80-LeaderElection44] INFO  impl.RoleInfo (RoleInfo.java:shutdownLeaderElection(130)) - 6359aaa4-8509-4a3b-a3c1-a8ea6163a916: shutdown 6359aaa4-8509-4a3b-a3c1-a8ea6163a916@group-21376C6DCD80-LeaderElection44
2023-02-14 08:20:09,811 [6359aaa4-8509-4a3b-a3c1-a8ea6163a916@group-21376C6DCD80-LeaderElection44] INFO  server.RaftServer$Division (RaftServerImpl.java:setRole(321)) - 6359aaa4-8509-4a3b-a3c1-a8ea6163a916@group-21376C6DCD80: changes role from CANDIDATE to LEADER at term 4 for changeToLeader
2023-02-14 08:20:09,811 [6359aaa4-8509-4a3b-a3c1-a8ea6163a916@group-21376C6DCD80-LeaderElection44] INFO  ratis.XceiverServerRatis (XceiverServerRatis.java:handleLeaderChangedNotification(905)) - Leader change notification received for group: group-21376C6DCD80 with new leaderId: 6359aaa4-8509-4a3b-a3c1-a8ea6163a916
2023-02-14 08:20:09,811 [6359aaa4-8509-4a3b-a3c1-a8ea6163a916@group-21376C6DCD80-LeaderElection44] INFO  server.RaftServer$Division (ServerState.java:setLeader(313)) - 6359aaa4-8509-4a3b-a3c1-a8ea6163a916@group-21376C6DCD80: change Leader from null to 6359aaa4-8509-4a3b-a3c1-a8ea6163a916 at term 4 for becomeLeader, leader elected after 20244ms
2023-02-14 08:20:09,811 [6359aaa4-8509-4a3b-a3c1-a8ea6163a916@group-21376C6DCD80-LeaderElection44] INFO  server.RaftServerConfigKeys (ConfUtils.java:logGet(46)) - raft.server.staging.catchup.gap = 1000 (default)
2023-02-14 08:20:09,811 [6359aaa4-8509-4a3b-a3c1-a8ea6163a916@group-21376C6DCD80-LeaderElection44] INFO  server.RaftServerConfigKeys (ConfUtils.java:logGet(46)) - raft.server.write.element-limit = 1024 (custom)
2023-02-14 08:20:09,811 [6359aaa4-8509-4a3b-a3c1-a8ea6163a916@group-21376C6DCD80-LeaderElection44] INFO  server.RaftServerConfigKeys (ConfUtils.java:logGet(46)) - raft.server.write.byte-limit = 1024 M (=1073741824) (custom)
2023-02-14 08:20:09,811 [6359aaa4-8509-4a3b-a3c1-a8ea6163a916@group-21376C6DCD80-LeaderElection44] INFO  server.RaftServerConfigKeys (ConfUtils.java:logGet(46)) - raft.server.watch.timeout = 180s (custom)
2023-02-14 08:20:09,811 [6359aaa4-8509-4a3b-a3c1-a8ea6163a916@group-21376C6DCD80-LeaderElection44] INFO  server.RaftServerConfigKeys (ConfUtils.java:logGet(46)) - raft.server.watch.timeout.denomination = 1s (default)
2023-02-14 08:20:09,811 [6359aaa4-8509-4a3b-a3c1-a8ea6163a916@group-21376C6DCD80-LeaderElection44] INFO  server.RaftServerConfigKeys (ConfUtils.java:logGet(46)) - raft.server.watch.element-limit = 65536 (default)
2023-02-14 08:20:09,811 [6359aaa4-8509-4a3b-a3c1-a8ea6163a916@group-21376C6DCD80-LeaderElection44] INFO  server.RaftServerConfigKeys (ConfUtils.java:logGet(46)) - raft.server.write.element-limit = 1024 (custom)
2023-02-14 08:20:09,811 [6359aaa4-8509-4a3b-a3c1-a8ea6163a916@group-21376C6DCD80-LeaderElection44] INFO  server.RaftServerConfigKeys (ConfUtils.java:logGet(46)) - raft.server.write.follower.gap.ratio.max = -1.0 (default)
2023-02-14 08:20:09,812 [6359aaa4-8509-4a3b-a3c1-a8ea6163a916@group-21376C6DCD80-LeaderElection44] INFO  server.RaftServerConfigKeys (ConfUtils.java:logGet(46)) - raft.server.log.appender.snapshot.chunk.size.max = 16MB (=16777216) (default)
2023-02-14 08:20:09,812 [6359aaa4-8509-4a3b-a3c1-a8ea6163a916@group-21376C6DCD80-LeaderElection44] INFO  server.RaftServerConfigKeys (ConfUtils.java:logGet(46)) - raft.server.log.appender.buffer.byte-limit = 33554432 (custom)
2023-02-14 08:20:09,812 [6359aaa4-8509-4a3b-a3c1-a8ea6163a916@group-21376C6DCD80-LeaderElection44] INFO  server.RaftServerConfigKeys (ConfUtils.java:logGet(46)) - raft.server.log.appender.buffer.element-limit = 1 (custom)
2023-02-14 08:20:09,812 [6359aaa4-8509-4a3b-a3c1-a8ea6163a916@group-21376C6DCD80-LeaderElection44] INFO  grpc.GrpcConfigKeys (ConfUtils.java:logGet(46)) - raft.grpc.server.leader.outstanding.appends.max = 128 (default)
2023-02-14 08:20:09,812 [6359aaa4-8509-4a3b-a3c1-a8ea6163a916@group-21376C6DCD80-LeaderElection44] INFO  server.RaftServerConfigKeys (ConfUtils.java:logGet(46)) - raft.server.rpc.request.timeout = 60s (custom)
2023-02-14 08:20:09,812 [6359aaa4-8509-4a3b-a3c1-a8ea6163a916@group-21376C6DCD80-LeaderElection44] INFO  server.RaftServerConfigKeys (ConfUtils.java:logGet(46)) - raft.server.log.appender.install.snapshot.enabled = false (custom)
2023-02-14 08:20:09,812 [6359aaa4-8509-4a3b-a3c1-a8ea6163a916@group-21376C6DCD80-LeaderElection44] INFO  grpc.GrpcConfigKeys (ConfUtils.java:logGet(46)) - raft.grpc.server.heartbeat.channel = true (default)
2023-02-14 08:20:09,812 [6359aaa4-8509-4a3b-a3c1-a8ea6163a916@group-21376C6DCD80-LeaderElection44] INFO  server.RaftServerConfigKeys (ConfUtils.java:logGet(46)) - raft.server.log.appender.wait-time.min = 10ms (default)
2023-02-14 08:20:09,812 [41c129e8-6aab-4c9d-a285-58cf14387518@group-21376C6DCD80-FollowerState] INFO  server.RaftServerConfigKeys (ConfUtils.java:logFallback(53)) - raft.server.rpc.first-election.timeout.min = 5s (fallback to raft.server.rpc.timeout.min)
2023-02-14 08:20:09,812 [41c129e8-6aab-4c9d-a285-58cf14387518@group-21376C6DCD80-FollowerState] INFO  server.RaftServerConfigKeys (ConfUtils.java:logFallback(53)) - raft.server.rpc.first-election.timeout.max = 5200ms (fallback to raft.server.rpc.timeout.max)
2023-02-14 08:20:09,813 [6359aaa4-8509-4a3b-a3c1-a8ea6163a916@group-21376C6DCD80-LeaderElection44] INFO  server.RaftServerConfigKeys (ConfUtils.java:logGet(46)) - raft.server.log.appender.snapshot.chunk.size.max = 16MB (=16777216) (default)
2023-02-14 08:20:09,813 [6359aaa4-8509-4a3b-a3c1-a8ea6163a916@group-21376C6DCD80-LeaderElection44] INFO  server.RaftServerConfigKeys (ConfUtils.java:logGet(46)) - raft.server.log.appender.buffer.byte-limit = 33554432 (custom)
2023-02-14 08:20:09,813 [6359aaa4-8509-4a3b-a3c1-a8ea6163a916@group-21376C6DCD80-LeaderElection44] INFO  server.RaftServerConfigKeys (ConfUtils.java:logGet(46)) - raft.server.log.appender.buffer.element-limit = 1 (custom)
2023-02-14 08:20:09,813 [6359aaa4-8509-4a3b-a3c1-a8ea6163a916@group-21376C6DCD80-LeaderElection44] INFO  grpc.GrpcConfigKeys (ConfUtils.java:logGet(46)) - raft.grpc.server.leader.outstanding.appends.max = 128 (default)
2023-02-14 08:20:09,813 [6359aaa4-8509-4a3b-a3c1-a8ea6163a916@group-21376C6DCD80-LeaderElection44] INFO  server.RaftServerConfigKeys (ConfUtils.java:logGet(46)) - raft.server.rpc.request.timeout = 60s (custom)
2023-02-14 08:20:09,813 [6359aaa4-8509-4a3b-a3c1-a8ea6163a916@group-21376C6DCD80-LeaderElection44] INFO  server.RaftServerConfigKeys (ConfUtils.java:logGet(46)) - raft.server.log.appender.install.snapshot.enabled = false (custom)
2023-02-14 08:20:09,813 [6359aaa4-8509-4a3b-a3c1-a8ea6163a916@group-21376C6DCD80-LeaderElection44] INFO  grpc.GrpcConfigKeys (ConfUtils.java:logGet(46)) - raft.grpc.server.heartbeat.channel = true (default)
2023-02-14 08:20:09,813 [6359aaa4-8509-4a3b-a3c1-a8ea6163a916@group-21376C6DCD80-LeaderElection44] INFO  server.RaftServerConfigKeys (ConfUtils.java:logGet(46)) - raft.server.log.appender.wait-time.min = 10ms (default)
2023-02-14 08:20:09,813 [6359aaa4-8509-4a3b-a3c1-a8ea6163a916@group-21376C6DCD80-LeaderElection44] INFO  impl.RoleInfo (RoleInfo.java:updateAndGet(139)) - 6359aaa4-8509-4a3b-a3c1-a8ea6163a916: start 6359aaa4-8509-4a3b-a3c1-a8ea6163a916@group-21376C6DCD80-LeaderStateImpl
2023-02-14 08:20:09,813 [6359aaa4-8509-4a3b-a3c1-a8ea6163a916@group-21376C6DCD80-LeaderElection44] INFO  segmented.SegmentedRaftLogWorker (SegmentedRaftLogWorker.java:startLogSegment(452)) - 6359aaa4-8509-4a3b-a3c1-a8ea6163a916@group-21376C6DCD80-SegmentedRaftLogWorker: Starting segment from index:0
2023-02-14 08:20:09,814 [EventQueue-PipelineReportForPipelineReportHandler] INFO  pipeline.PipelineManagerImpl (PipelineManagerImpl.java:openPipeline(367)) - Pipeline Pipeline[ Id: 086626a4-9b64-4949-8d33-21376c6dcd80, Nodes: 41c129e8-6aab-4c9d-a285-58cf14387518(fv-az476-382.2mevl5kwmm3ezivwarakluutxb.phxx.internal.cloudapp.net/10.1.0.19)34ef5736-8ccc-4354-bdfe-e8e28e0b14c7(fv-az476-382.2mevl5kwmm3ezivwarakluutxb.phxx.internal.cloudapp.net/10.1.0.19)6359aaa4-8509-4a3b-a3c1-a8ea6163a916(fv-az476-382.2mevl5kwmm3ezivwarakluutxb.phxx.internal.cloudapp.net/10.1.0.19), ReplicationConfig: RATIS/THREE, State:ALLOCATED, leaderId:6359aaa4-8509-4a3b-a3c1-a8ea6163a916, CreationTimestamp2023-02-14T08:19:47.078Z[Etc/UTC]] moved to OPEN state
2023-02-14 08:20:09,815 [6359aaa4-8509-4a3b-a3c1-a8ea6163a916@group-21376C6DCD80-SegmentedRaftLogWorker] INFO  segmented.SegmentedRaftLogWorker (SegmentedRaftLogWorker.java:execute(656)) - 6359aaa4-8509-4a3b-a3c1-a8ea6163a916@group-21376C6DCD80-SegmentedRaftLogWorker: created new log segment /home/runner/work/ozone/ozone/hadoop-ozone/integration-test/target/test-dir/MiniOzoneClusterImpl-9d03416f-dff1-44af-a51b-f90497d61693/datanode-1/data/ratis/086626a4-9b64-4949-8d33-21376c6dcd80/current/log_inprogress_0
2023-02-14 08:20:09,815 [6359aaa4-8509-4a3b-a3c1-a8ea6163a916@group-21376C6DCD80-LeaderElection44] INFO  server.RaftServer$Division (ServerState.java:setRaftConf(430)) - 6359aaa4-8509-4a3b-a3c1-a8ea6163a916@group-21376C6DCD80: set configuration 0: peers:[34ef5736-8ccc-4354-bdfe-e8e28e0b14c7|rpc:10.1.0.19:40043|dataStream:10.1.0.19:42561|priority:0|startupRole:FOLLOWER, 6359aaa4-8509-4a3b-a3c1-a8ea6163a916|rpc:10.1.0.19:41443|dataStream:10.1.0.19:42567|priority:1|startupRole:FOLLOWER, 41c129e8-6aab-4c9d-a285-58cf14387518|rpc:10.1.0.19:42087|dataStream:10.1.0.19:37525|priority:0|startupRole:FOLLOWER]|listeners:[], old=null
2023-02-14 08:20:09,815 [grpc-default-executor-1] INFO  server.RaftServer$Division (RaftServerImpl.java:requestVote(1251)) - 41c129e8-6aab-4c9d-a285-58cf14387518@group-21376C6DCD80 replies to ELECTION vote request: 6359aaa4-8509-4a3b-a3c1-a8ea6163a916<-41c129e8-6aab-4c9d-a285-58cf14387518#0:OK-t4. Peer's state: 41c129e8-6aab-4c9d-a285-58cf14387518@group-21376C6DCD80:t4, leader=null, voted=6359aaa4-8509-4a3b-a3c1-a8ea6163a916, raftlog=Memoized:41c129e8-6aab-4c9d-a285-58cf14387518@group-21376C6DCD80-SegmentedRaftLog:OPENED:c-1, conf=-1: peers:[34ef5736-8ccc-4354-bdfe-e8e28e0b14c7|rpc:10.1.0.19:40043|dataStream:10.1.0.19:42561|priority:0|startupRole:FOLLOWER, 6359aaa4-8509-4a3b-a3c1-a8ea6163a916|rpc:10.1.0.19:41443|dataStream:10.1.0.19:42567|priority:1|startupRole:FOLLOWER, 41c129e8-6aab-4c9d-a285-58cf14387518|rpc:10.1.0.19:42087|dataStream:10.1.0.19:37525|priority:0|startupRole:FOLLOWER]|listeners:[], old=null
2023-02-14 08:20:09,820 [41c129e8-6aab-4c9d-a285-58cf14387518-server-thread1] INFO  ratis.XceiverServerRatis (XceiverServerRatis.java:handleLeaderChangedNotification(905)) - Leader change notification received for group: group-21376C6DCD80 with new leaderId: 6359aaa4-8509-4a3b-a3c1-a8ea6163a916
2023-02-14 08:20:09,820 [41c129e8-6aab-4c9d-a285-58cf14387518-server-thread1] INFO  server.RaftServer$Division (ServerState.java:setLeader(313)) - 41c129e8-6aab-4c9d-a285-58cf14387518@group-21376C6DCD80: change Leader from null to 6359aaa4-8509-4a3b-a3c1-a8ea6163a916 at term 4 for appendEntries, leader elected after 20304ms
2023-02-14 08:20:09,825 [41c129e8-6aab-4c9d-a285-58cf14387518-server-thread2] INFO  server.RaftServer$Division (ServerState.java:setRaftConf(430)) - 41c129e8-6aab-4c9d-a285-58cf14387518@group-21376C6DCD80: set configuration 0: peers:[34ef5736-8ccc-4354-bdfe-e8e28e0b14c7|rpc:10.1.0.19:40043|dataStream:10.1.0.19:42561|priority:0|startupRole:FOLLOWER, 6359aaa4-8509-4a3b-a3c1-a8ea6163a916|rpc:10.1.0.19:41443|dataStream:10.1.0.19:42567|priority:1|startupRole:FOLLOWER, 41c129e8-6aab-4c9d-a285-58cf14387518|rpc:10.1.0.19:42087|dataStream:10.1.0.19:37525|priority:0|startupRole:FOLLOWER]|listeners:[], old=null
2023-02-14 08:20:09,826 [41c129e8-6aab-4c9d-a285-58cf14387518-server-thread2] INFO  segmented.SegmentedRaftLogWorker (SegmentedRaftLogWorker.java:startLogSegment(452)) - 41c129e8-6aab-4c9d-a285-58cf14387518@group-21376C6DCD80-SegmentedRaftLogWorker: Starting segment from index:0
2023-02-14 08:20:09,827 [41c129e8-6aab-4c9d-a285-58cf14387518@group-21376C6DCD80-SegmentedRaftLogWorker] INFO  segmented.SegmentedRaftLogWorker (SegmentedRaftLogWorker.java:execute(656)) - 41c129e8-6aab-4c9d-a285-58cf14387518@group-21376C6DCD80-SegmentedRaftLogWorker: created new log segment /home/runner/work/ozone/ozone/hadoop-ozone/integration-test/target/test-dir/MiniOzoneClusterImpl-9d03416f-dff1-44af-a51b-f90497d61693/datanode-0/data/ratis/086626a4-9b64-4949-8d33-21376c6dcd80/current/log_inprogress_0
2023-02-14 08:20:09,834 [34ef5736-8ccc-4354-bdfe-e8e28e0b14c7-server-thread1] INFO  ratis.XceiverServerRatis (XceiverServerRatis.java:handleLeaderChangedNotification(905)) - Leader change notification received for group: group-21376C6DCD80 with new leaderId: 6359aaa4-8509-4a3b-a3c1-a8ea6163a916
2023-02-14 08:20:09,835 [34ef5736-8ccc-4354-bdfe-e8e28e0b14c7-server-thread1] INFO  server.RaftServer$Division (ServerState.java:setLeader(313)) - 34ef5736-8ccc-4354-bdfe-e8e28e0b14c7@group-21376C6DCD80: change Leader from null to 6359aaa4-8509-4a3b-a3c1-a8ea6163a916 at term 4 for appendEntries, leader elected after 20300ms
2023-02-14 08:20:09,836 [34ef5736-8ccc-4354-bdfe-e8e28e0b14c7-server-thread1] INFO  server.RaftServer$Division (ServerState.java:setRaftConf(430)) - 34ef5736-8ccc-4354-bdfe-e8e28e0b14c7@group-21376C6DCD80: set configuration 0: peers:[34ef5736-8ccc-4354-bdfe-e8e28e0b14c7|rpc:10.1.0.19:40043|dataStream:10.1.0.19:42561|priority:0|startupRole:FOLLOWER, 6359aaa4-8509-4a3b-a3c1-a8ea6163a916|rpc:10.1.0.19:41443|dataStream:10.1.0.19:42567|priority:1|startupRole:FOLLOWER, 41c129e8-6aab-4c9d-a285-58cf14387518|rpc:10.1.0.19:42087|dataStream:10.1.0.19:37525|priority:0|startupRole:FOLLOWER]|listeners:[], old=null
2023-02-14 08:20:09,836 [34ef5736-8ccc-4354-bdfe-e8e28e0b14c7-server-thread1] INFO  segmented.SegmentedRaftLogWorker (SegmentedRaftLogWorker.java:startLogSegment(452)) - 34ef5736-8ccc-4354-bdfe-e8e28e0b14c7@group-21376C6DCD80-SegmentedRaftLogWorker: Starting segment from index:0
2023-02-14 08:20:09,837 [34ef5736-8ccc-4354-bdfe-e8e28e0b14c7@group-21376C6DCD80-SegmentedRaftLogWorker] INFO  segmented.SegmentedRaftLogWorker (SegmentedRaftLogWorker.java:execute(656)) - 34ef5736-8ccc-4354-bdfe-e8e28e0b14c7@group-21376C6DCD80-SegmentedRaftLogWorker: created new log segment /home/runner/work/ozone/ozone/hadoop-ozone/integration-test/target/test-dir/MiniOzoneClusterImpl-9d03416f-dff1-44af-a51b-f90497d61693/datanode-2/data/ratis/086626a4-9b64-4949-8d33-21376c6dcd80/current/log_inprogress_0
]]></system-out>
  </testcase>
  <testcase name="testRenameToTrashEnabled" classname="TestOzoneFileSystem" time="0.088">
    <system-out><![CDATA[08:17:56.456 [IPC Server handler 15 on default port 34711] ERROR OMAudit - user=runner | ip=127.0.0.1 | op=GET_FILE_STATUS {volume=volume67802, bucket=bucket15311, key=.Trash/runner/Current/testKey1, dataSize=0, replicationConfig=null} | ret=FAILURE
org.apache.hadoop.ozone.om.exceptions.OMException: Unable to get file status: volume: volume67802 bucket: bucket15311 key: .Trash/runner/Current/testKey1
	at org.apache.hadoop.ozone.om.KeyManagerImpl.getOzoneFileStatus(KeyManagerImpl.java:1162) ~[ozone-manager-1.4.0-SNAPSHOT.jar:?]
	at org.apache.hadoop.ozone.om.KeyManagerImpl.getFileStatus(KeyManagerImpl.java:1080) ~[ozone-manager-1.4.0-SNAPSHOT.jar:?]
	at org.apache.hadoop.ozone.om.OmMetadataReader.getFileStatus(OmMetadataReader.java:288) ~[ozone-manager-1.4.0-SNAPSHOT.jar:?]
	at org.apache.hadoop.ozone.om.OzoneManager.getFileStatus(OzoneManager.java:3449) ~[ozone-manager-1.4.0-SNAPSHOT.jar:?]
	at org.apache.hadoop.ozone.protocolPB.OzoneManagerRequestHandler.getOzoneFileStatus(OzoneManagerRequestHandler.java:933) ~[ozone-manager-1.4.0-SNAPSHOT.jar:?]
	at org.apache.hadoop.ozone.protocolPB.OzoneManagerRequestHandler.handleReadRequest(OzoneManagerRequestHandler.java:238) ~[ozone-manager-1.4.0-SNAPSHOT.jar:?]
	at org.apache.hadoop.ozone.protocolPB.OzoneManagerProtocolServerSideTranslatorPB.submitReadRequestToOM(OzoneManagerProtocolServerSideTranslatorPB.java:223) ~[ozone-manager-1.4.0-SNAPSHOT.jar:?]
	at org.apache.hadoop.ozone.protocolPB.OzoneManagerProtocolServerSideTranslatorPB.processRequest(OzoneManagerProtocolServerSideTranslatorPB.java:177) ~[ozone-manager-1.4.0-SNAPSHOT.jar:?]
	at org.apache.hadoop.hdds.server.OzoneProtocolMessageDispatcher.processRequest(OzoneProtocolMessageDispatcher.java:87) [hdds-server-framework-1.4.0-SNAPSHOT.jar:?]
	at org.apache.hadoop.ozone.protocolPB.OzoneManagerProtocolServerSideTranslatorPB.submitRequest(OzoneManagerProtocolServerSideTranslatorPB.java:147) [ozone-manager-1.4.0-SNAPSHOT.jar:?]
	at org.apache.hadoop.ozone.protocol.proto.OzoneManagerProtocolProtos$OzoneManagerService$2.callBlockingMethod(OzoneManagerProtocolProtos.java) [ozone-interface-client-1.4.0-SNAPSHOT.jar:?]
	at org.apache.hadoop.ipc.ProtobufRpcEngine$Server.processCall(ProtobufRpcEngine.java:465) [hadoop-common-3.3.4.jar:?]
	at org.apache.hadoop.ipc.ProtobufRpcEngine2$Server$ProtoBufRpcInvoker.call(ProtobufRpcEngine2.java:578) [hadoop-common-3.3.4.jar:?]
	at org.apache.hadoop.ipc.ProtobufRpcEngine2$Server$ProtoBufRpcInvoker.call(ProtobufRpcEngine2.java:556) [hadoop-common-3.3.4.jar:?]
	at org.apache.hadoop.ipc.RPC$Server.call(RPC.java:1093) [hadoop-common-3.3.4.jar:?]
	at org.apache.hadoop.ipc.Server$RpcCall.run(Server.java:1043) [hadoop-common-3.3.4.jar:?]
	at org.apache.hadoop.ipc.Server$RpcCall.run(Server.java:971) [hadoop-common-3.3.4.jar:?]
	at java.security.AccessController.doPrivileged(Native Method) ~[?:1.8.0_362]
	at javax.security.auth.Subject.doAs(Subject.java:422) [?:1.8.0_362]
	at org.apache.hadoop.security.UserGroupInformation.doAs(UserGroupInformation.java:1878) [hadoop-common-3.3.4.jar:?]
	at org.apache.hadoop.ipc.Server$Handler.run(Server.java:2976) [hadoop-common-3.3.4.jar:?]
08:17:56.459 [IPC Server handler 18 on default port 34711] ERROR OMAudit - user=runner | ip=127.0.0.1 | op=GET_FILE_STATUS {volume=volume67802, bucket=bucket15311, key=.Trash/runner/Current/testKey1, dataSize=0, replicationConfig=null} | ret=FAILURE
org.apache.hadoop.ozone.om.exceptions.OMException: Unable to get file status: volume: volume67802 bucket: bucket15311 key: .Trash/runner/Current/testKey1
	at org.apache.hadoop.ozone.om.KeyManagerImpl.getOzoneFileStatus(KeyManagerImpl.java:1162) ~[ozone-manager-1.4.0-SNAPSHOT.jar:?]
	at org.apache.hadoop.ozone.om.KeyManagerImpl.getFileStatus(KeyManagerImpl.java:1080) ~[ozone-manager-1.4.0-SNAPSHOT.jar:?]
	at org.apache.hadoop.ozone.om.OmMetadataReader.getFileStatus(OmMetadataReader.java:288) ~[ozone-manager-1.4.0-SNAPSHOT.jar:?]
	at org.apache.hadoop.ozone.om.OzoneManager.getFileStatus(OzoneManager.java:3449) ~[ozone-manager-1.4.0-SNAPSHOT.jar:?]
	at org.apache.hadoop.ozone.protocolPB.OzoneManagerRequestHandler.getOzoneFileStatus(OzoneManagerRequestHandler.java:933) ~[ozone-manager-1.4.0-SNAPSHOT.jar:?]
	at org.apache.hadoop.ozone.protocolPB.OzoneManagerRequestHandler.handleReadRequest(OzoneManagerRequestHandler.java:238) ~[ozone-manager-1.4.0-SNAPSHOT.jar:?]
	at org.apache.hadoop.ozone.protocolPB.OzoneManagerProtocolServerSideTranslatorPB.submitReadRequestToOM(OzoneManagerProtocolServerSideTranslatorPB.java:223) ~[ozone-manager-1.4.0-SNAPSHOT.jar:?]
	at org.apache.hadoop.ozone.protocolPB.OzoneManagerProtocolServerSideTranslatorPB.processRequest(OzoneManagerProtocolServerSideTranslatorPB.java:177) ~[ozone-manager-1.4.0-SNAPSHOT.jar:?]
	at org.apache.hadoop.hdds.server.OzoneProtocolMessageDispatcher.processRequest(OzoneProtocolMessageDispatcher.java:87) [hdds-server-framework-1.4.0-SNAPSHOT.jar:?]
	at org.apache.hadoop.ozone.protocolPB.OzoneManagerProtocolServerSideTranslatorPB.submitRequest(OzoneManagerProtocolServerSideTranslatorPB.java:147) [ozone-manager-1.4.0-SNAPSHOT.jar:?]
	at org.apache.hadoop.ozone.protocol.proto.OzoneManagerProtocolProtos$OzoneManagerService$2.callBlockingMethod(OzoneManagerProtocolProtos.java) [ozone-interface-client-1.4.0-SNAPSHOT.jar:?]
	at org.apache.hadoop.ipc.ProtobufRpcEngine$Server.processCall(ProtobufRpcEngine.java:465) [hadoop-common-3.3.4.jar:?]
	at org.apache.hadoop.ipc.ProtobufRpcEngine2$Server$ProtoBufRpcInvoker.call(ProtobufRpcEngine2.java:578) [hadoop-common-3.3.4.jar:?]
	at org.apache.hadoop.ipc.ProtobufRpcEngine2$Server$ProtoBufRpcInvoker.call(ProtobufRpcEngine2.java:556) [hadoop-common-3.3.4.jar:?]
	at org.apache.hadoop.ipc.RPC$Server.call(RPC.java:1093) [hadoop-common-3.3.4.jar:?]
	at org.apache.hadoop.ipc.Server$RpcCall.run(Server.java:1043) [hadoop-common-3.3.4.jar:?]
	at org.apache.hadoop.ipc.Server$RpcCall.run(Server.java:971) [hadoop-common-3.3.4.jar:?]
	at java.security.AccessController.doPrivileged(Native Method) ~[?:1.8.0_362]
	at javax.security.auth.Subject.doAs(Subject.java:422) [?:1.8.0_362]
	at org.apache.hadoop.security.UserGroupInformation.doAs(UserGroupInformation.java:1878) [hadoop-common-3.3.4.jar:?]
	at org.apache.hadoop.ipc.Server$Handler.run(Server.java:2976) [hadoop-common-3.3.4.jar:?]
2023-02-14 08:17:56,465 [Time-limited test] INFO  om.TrashPolicyOzone (TrashPolicyOzone.java:moveToTrash(209)) - Moved: '/testKey1' to trash at: /.Trash/runner/Current/testKey1
]]></system-out>
  </testcase>
  <testcase name="testRenameToTrashEnabled" classname="TestOzoneFileSystem" time="0.103">
    <system-out><![CDATA[08:18:43.698 [IPC Server handler 17 on default port 34455] ERROR OMAudit - user=runner | ip=127.0.0.1 | op=GET_FILE_STATUS {volume=volume94786, bucket=bucket02286, key=.Trash/runner/Current/testKey1, dataSize=0, replicationConfig=null} | ret=FAILURE
org.apache.hadoop.ozone.om.exceptions.OMException: Unable to get file status: volume: volume94786 bucket: bucket02286 key: .Trash/runner/Current/testKey1
	at org.apache.hadoop.ozone.om.KeyManagerImpl.getOzoneFileStatus(KeyManagerImpl.java:1162) ~[ozone-manager-1.4.0-SNAPSHOT.jar:?]
	at org.apache.hadoop.ozone.om.KeyManagerImpl.getFileStatus(KeyManagerImpl.java:1080) ~[ozone-manager-1.4.0-SNAPSHOT.jar:?]
	at org.apache.hadoop.ozone.om.OmMetadataReader.getFileStatus(OmMetadataReader.java:288) ~[ozone-manager-1.4.0-SNAPSHOT.jar:?]
	at org.apache.hadoop.ozone.om.OzoneManager.getFileStatus(OzoneManager.java:3449) ~[ozone-manager-1.4.0-SNAPSHOT.jar:?]
	at org.apache.hadoop.ozone.protocolPB.OzoneManagerRequestHandler.getOzoneFileStatus(OzoneManagerRequestHandler.java:933) ~[ozone-manager-1.4.0-SNAPSHOT.jar:?]
	at org.apache.hadoop.ozone.protocolPB.OzoneManagerRequestHandler.handleReadRequest(OzoneManagerRequestHandler.java:238) ~[ozone-manager-1.4.0-SNAPSHOT.jar:?]
	at org.apache.hadoop.ozone.protocolPB.OzoneManagerProtocolServerSideTranslatorPB.submitRequestDirectlyToOM(OzoneManagerProtocolServerSideTranslatorPB.java:271) ~[ozone-manager-1.4.0-SNAPSHOT.jar:?]
	at org.apache.hadoop.ozone.protocolPB.OzoneManagerProtocolServerSideTranslatorPB.processRequest(OzoneManagerProtocolServerSideTranslatorPB.java:173) ~[ozone-manager-1.4.0-SNAPSHOT.jar:?]
	at org.apache.hadoop.hdds.server.OzoneProtocolMessageDispatcher.processRequest(OzoneProtocolMessageDispatcher.java:87) [hdds-server-framework-1.4.0-SNAPSHOT.jar:?]
	at org.apache.hadoop.ozone.protocolPB.OzoneManagerProtocolServerSideTranslatorPB.submitRequest(OzoneManagerProtocolServerSideTranslatorPB.java:147) [ozone-manager-1.4.0-SNAPSHOT.jar:?]
	at org.apache.hadoop.ozone.protocol.proto.OzoneManagerProtocolProtos$OzoneManagerService$2.callBlockingMethod(OzoneManagerProtocolProtos.java) [ozone-interface-client-1.4.0-SNAPSHOT.jar:?]
	at org.apache.hadoop.ipc.ProtobufRpcEngine$Server.processCall(ProtobufRpcEngine.java:465) [hadoop-common-3.3.4.jar:?]
	at org.apache.hadoop.ipc.ProtobufRpcEngine2$Server$ProtoBufRpcInvoker.call(ProtobufRpcEngine2.java:578) [hadoop-common-3.3.4.jar:?]
	at org.apache.hadoop.ipc.ProtobufRpcEngine2$Server$ProtoBufRpcInvoker.call(ProtobufRpcEngine2.java:556) [hadoop-common-3.3.4.jar:?]
	at org.apache.hadoop.ipc.RPC$Server.call(RPC.java:1093) [hadoop-common-3.3.4.jar:?]
	at org.apache.hadoop.ipc.Server$RpcCall.run(Server.java:1043) [hadoop-common-3.3.4.jar:?]
	at org.apache.hadoop.ipc.Server$RpcCall.run(Server.java:971) [hadoop-common-3.3.4.jar:?]
	at java.security.AccessController.doPrivileged(Native Method) ~[?:1.8.0_362]
	at javax.security.auth.Subject.doAs(Subject.java:422) [?:1.8.0_362]
	at org.apache.hadoop.security.UserGroupInformation.doAs(UserGroupInformation.java:1878) [hadoop-common-3.3.4.jar:?]
	at org.apache.hadoop.ipc.Server$Handler.run(Server.java:2976) [hadoop-common-3.3.4.jar:?]
08:18:43.700 [IPC Server handler 19 on default port 34455] ERROR OMAudit - user=runner | ip=127.0.0.1 | op=GET_FILE_STATUS {volume=volume94786, bucket=bucket02286, key=.Trash/runner/Current/testKey1, dataSize=0, replicationConfig=null} | ret=FAILURE
org.apache.hadoop.ozone.om.exceptions.OMException: Unable to get file status: volume: volume94786 bucket: bucket02286 key: .Trash/runner/Current/testKey1
	at org.apache.hadoop.ozone.om.KeyManagerImpl.getOzoneFileStatus(KeyManagerImpl.java:1162) ~[ozone-manager-1.4.0-SNAPSHOT.jar:?]
	at org.apache.hadoop.ozone.om.KeyManagerImpl.getFileStatus(KeyManagerImpl.java:1080) ~[ozone-manager-1.4.0-SNAPSHOT.jar:?]
	at org.apache.hadoop.ozone.om.OmMetadataReader.getFileStatus(OmMetadataReader.java:288) ~[ozone-manager-1.4.0-SNAPSHOT.jar:?]
	at org.apache.hadoop.ozone.om.OzoneManager.getFileStatus(OzoneManager.java:3449) ~[ozone-manager-1.4.0-SNAPSHOT.jar:?]
	at org.apache.hadoop.ozone.protocolPB.OzoneManagerRequestHandler.getOzoneFileStatus(OzoneManagerRequestHandler.java:933) ~[ozone-manager-1.4.0-SNAPSHOT.jar:?]
	at org.apache.hadoop.ozone.protocolPB.OzoneManagerRequestHandler.handleReadRequest(OzoneManagerRequestHandler.java:238) ~[ozone-manager-1.4.0-SNAPSHOT.jar:?]
	at org.apache.hadoop.ozone.protocolPB.OzoneManagerProtocolServerSideTranslatorPB.submitRequestDirectlyToOM(OzoneManagerProtocolServerSideTranslatorPB.java:271) ~[ozone-manager-1.4.0-SNAPSHOT.jar:?]
	at org.apache.hadoop.ozone.protocolPB.OzoneManagerProtocolServerSideTranslatorPB.processRequest(OzoneManagerProtocolServerSideTranslatorPB.java:173) ~[ozone-manager-1.4.0-SNAPSHOT.jar:?]
	at org.apache.hadoop.hdds.server.OzoneProtocolMessageDispatcher.processRequest(OzoneProtocolMessageDispatcher.java:87) [hdds-server-framework-1.4.0-SNAPSHOT.jar:?]
	at org.apache.hadoop.ozone.protocolPB.OzoneManagerProtocolServerSideTranslatorPB.submitRequest(OzoneManagerProtocolServerSideTranslatorPB.java:147) [ozone-manager-1.4.0-SNAPSHOT.jar:?]
	at org.apache.hadoop.ozone.protocol.proto.OzoneManagerProtocolProtos$OzoneManagerService$2.callBlockingMethod(OzoneManagerProtocolProtos.java) [ozone-interface-client-1.4.0-SNAPSHOT.jar:?]
	at org.apache.hadoop.ipc.ProtobufRpcEngine$Server.processCall(ProtobufRpcEngine.java:465) [hadoop-common-3.3.4.jar:?]
	at org.apache.hadoop.ipc.ProtobufRpcEngine2$Server$ProtoBufRpcInvoker.call(ProtobufRpcEngine2.java:578) [hadoop-common-3.3.4.jar:?]
	at org.apache.hadoop.ipc.ProtobufRpcEngine2$Server$ProtoBufRpcInvoker.call(ProtobufRpcEngine2.java:556) [hadoop-common-3.3.4.jar:?]
	at org.apache.hadoop.ipc.RPC$Server.call(RPC.java:1093) [hadoop-common-3.3.4.jar:?]
	at org.apache.hadoop.ipc.Server$RpcCall.run(Server.java:1043) [hadoop-common-3.3.4.jar:?]
	at org.apache.hadoop.ipc.Server$RpcCall.run(Server.java:971) [hadoop-common-3.3.4.jar:?]
	at java.security.AccessController.doPrivileged(Native Method) ~[?:1.8.0_362]
	at javax.security.auth.Subject.doAs(Subject.java:422) [?:1.8.0_362]
	at org.apache.hadoop.security.UserGroupInformation.doAs(UserGroupInformation.java:1878) [hadoop-common-3.3.4.jar:?]
	at org.apache.hadoop.ipc.Server$Handler.run(Server.java:2976) [hadoop-common-3.3.4.jar:?]
2023-02-14 08:18:43,705 [Time-limited test] INFO  om.TrashPolicyOzone (TrashPolicyOzone.java:moveToTrash(209)) - Moved: '/testKey1' to trash at: /.Trash/runner/Current/testKey1
]]></system-out>
  </testcase>
  <testcase name="testRenameToTrashEnabled" classname="TestOzoneFileSystem" time="0.081">
    <system-out><![CDATA[08:19:29.165 [IPC Server handler 18 on default port 32845] ERROR OMAudit - user=runner | ip=127.0.0.1 | op=GET_FILE_STATUS {volume=volume29101, bucket=bucket05375, key=.Trash/runner/Current/testKey1, dataSize=0, replicationConfig=null} | ret=FAILURE
org.apache.hadoop.ozone.om.exceptions.OMException: Unable to get file status: volume: volume29101 bucket: bucket05375 key: .Trash/runner/Current/testKey1
	at org.apache.hadoop.ozone.om.KeyManagerImpl.getOzoneFileStatus(KeyManagerImpl.java:1162) ~[ozone-manager-1.4.0-SNAPSHOT.jar:?]
	at org.apache.hadoop.ozone.om.KeyManagerImpl.getFileStatus(KeyManagerImpl.java:1080) ~[ozone-manager-1.4.0-SNAPSHOT.jar:?]
	at org.apache.hadoop.ozone.om.OmMetadataReader.getFileStatus(OmMetadataReader.java:288) ~[ozone-manager-1.4.0-SNAPSHOT.jar:?]
	at org.apache.hadoop.ozone.om.OzoneManager.getFileStatus(OzoneManager.java:3449) ~[ozone-manager-1.4.0-SNAPSHOT.jar:?]
	at org.apache.hadoop.ozone.protocolPB.OzoneManagerRequestHandler.getOzoneFileStatus(OzoneManagerRequestHandler.java:933) ~[ozone-manager-1.4.0-SNAPSHOT.jar:?]
	at org.apache.hadoop.ozone.protocolPB.OzoneManagerRequestHandler.handleReadRequest(OzoneManagerRequestHandler.java:238) ~[ozone-manager-1.4.0-SNAPSHOT.jar:?]
	at org.apache.hadoop.ozone.protocolPB.OzoneManagerProtocolServerSideTranslatorPB.submitReadRequestToOM(OzoneManagerProtocolServerSideTranslatorPB.java:223) ~[ozone-manager-1.4.0-SNAPSHOT.jar:?]
	at org.apache.hadoop.ozone.protocolPB.OzoneManagerProtocolServerSideTranslatorPB.processRequest(OzoneManagerProtocolServerSideTranslatorPB.java:177) ~[ozone-manager-1.4.0-SNAPSHOT.jar:?]
	at org.apache.hadoop.hdds.server.OzoneProtocolMessageDispatcher.processRequest(OzoneProtocolMessageDispatcher.java:87) [hdds-server-framework-1.4.0-SNAPSHOT.jar:?]
	at org.apache.hadoop.ozone.protocolPB.OzoneManagerProtocolServerSideTranslatorPB.submitRequest(OzoneManagerProtocolServerSideTranslatorPB.java:147) [ozone-manager-1.4.0-SNAPSHOT.jar:?]
	at org.apache.hadoop.ozone.protocol.proto.OzoneManagerProtocolProtos$OzoneManagerService$2.callBlockingMethod(OzoneManagerProtocolProtos.java) [ozone-interface-client-1.4.0-SNAPSHOT.jar:?]
	at org.apache.hadoop.ipc.ProtobufRpcEngine$Server.processCall(ProtobufRpcEngine.java:465) [hadoop-common-3.3.4.jar:?]
	at org.apache.hadoop.ipc.ProtobufRpcEngine2$Server$ProtoBufRpcInvoker.call(ProtobufRpcEngine2.java:578) [hadoop-common-3.3.4.jar:?]
	at org.apache.hadoop.ipc.ProtobufRpcEngine2$Server$ProtoBufRpcInvoker.call(ProtobufRpcEngine2.java:556) [hadoop-common-3.3.4.jar:?]
	at org.apache.hadoop.ipc.RPC$Server.call(RPC.java:1093) [hadoop-common-3.3.4.jar:?]
	at org.apache.hadoop.ipc.Server$RpcCall.run(Server.java:1043) [hadoop-common-3.3.4.jar:?]
	at org.apache.hadoop.ipc.Server$RpcCall.run(Server.java:971) [hadoop-common-3.3.4.jar:?]
	at java.security.AccessController.doPrivileged(Native Method) ~[?:1.8.0_362]
	at javax.security.auth.Subject.doAs(Subject.java:422) [?:1.8.0_362]
	at org.apache.hadoop.security.UserGroupInformation.doAs(UserGroupInformation.java:1878) [hadoop-common-3.3.4.jar:?]
	at org.apache.hadoop.ipc.Server$Handler.run(Server.java:2976) [hadoop-common-3.3.4.jar:?]
08:19:29.167 [IPC Server handler 0 on default port 32845] ERROR OMAudit - user=runner | ip=127.0.0.1 | op=GET_FILE_STATUS {volume=volume29101, bucket=bucket05375, key=.Trash/runner/Current/testKey1, dataSize=0, replicationConfig=null} | ret=FAILURE
org.apache.hadoop.ozone.om.exceptions.OMException: Unable to get file status: volume: volume29101 bucket: bucket05375 key: .Trash/runner/Current/testKey1
	at org.apache.hadoop.ozone.om.KeyManagerImpl.getOzoneFileStatus(KeyManagerImpl.java:1162) ~[ozone-manager-1.4.0-SNAPSHOT.jar:?]
	at org.apache.hadoop.ozone.om.KeyManagerImpl.getFileStatus(KeyManagerImpl.java:1080) ~[ozone-manager-1.4.0-SNAPSHOT.jar:?]
	at org.apache.hadoop.ozone.om.OmMetadataReader.getFileStatus(OmMetadataReader.java:288) ~[ozone-manager-1.4.0-SNAPSHOT.jar:?]
	at org.apache.hadoop.ozone.om.OzoneManager.getFileStatus(OzoneManager.java:3449) ~[ozone-manager-1.4.0-SNAPSHOT.jar:?]
	at org.apache.hadoop.ozone.protocolPB.OzoneManagerRequestHandler.getOzoneFileStatus(OzoneManagerRequestHandler.java:933) ~[ozone-manager-1.4.0-SNAPSHOT.jar:?]
	at org.apache.hadoop.ozone.protocolPB.OzoneManagerRequestHandler.handleReadRequest(OzoneManagerRequestHandler.java:238) ~[ozone-manager-1.4.0-SNAPSHOT.jar:?]
	at org.apache.hadoop.ozone.protocolPB.OzoneManagerProtocolServerSideTranslatorPB.submitReadRequestToOM(OzoneManagerProtocolServerSideTranslatorPB.java:223) ~[ozone-manager-1.4.0-SNAPSHOT.jar:?]
	at org.apache.hadoop.ozone.protocolPB.OzoneManagerProtocolServerSideTranslatorPB.processRequest(OzoneManagerProtocolServerSideTranslatorPB.java:177) ~[ozone-manager-1.4.0-SNAPSHOT.jar:?]
	at org.apache.hadoop.hdds.server.OzoneProtocolMessageDispatcher.processRequest(OzoneProtocolMessageDispatcher.java:87) [hdds-server-framework-1.4.0-SNAPSHOT.jar:?]
	at org.apache.hadoop.ozone.protocolPB.OzoneManagerProtocolServerSideTranslatorPB.submitRequest(OzoneManagerProtocolServerSideTranslatorPB.java:147) [ozone-manager-1.4.0-SNAPSHOT.jar:?]
	at org.apache.hadoop.ozone.protocol.proto.OzoneManagerProtocolProtos$OzoneManagerService$2.callBlockingMethod(OzoneManagerProtocolProtos.java) [ozone-interface-client-1.4.0-SNAPSHOT.jar:?]
	at org.apache.hadoop.ipc.ProtobufRpcEngine$Server.processCall(ProtobufRpcEngine.java:465) [hadoop-common-3.3.4.jar:?]
	at org.apache.hadoop.ipc.ProtobufRpcEngine2$Server$ProtoBufRpcInvoker.call(ProtobufRpcEngine2.java:578) [hadoop-common-3.3.4.jar:?]
	at org.apache.hadoop.ipc.ProtobufRpcEngine2$Server$ProtoBufRpcInvoker.call(ProtobufRpcEngine2.java:556) [hadoop-common-3.3.4.jar:?]
	at org.apache.hadoop.ipc.RPC$Server.call(RPC.java:1093) [hadoop-common-3.3.4.jar:?]
	at org.apache.hadoop.ipc.Server$RpcCall.run(Server.java:1043) [hadoop-common-3.3.4.jar:?]
	at org.apache.hadoop.ipc.Server$RpcCall.run(Server.java:971) [hadoop-common-3.3.4.jar:?]
	at java.security.AccessController.doPrivileged(Native Method) ~[?:1.8.0_362]
	at javax.security.auth.Subject.doAs(Subject.java:422) [?:1.8.0_362]
	at org.apache.hadoop.security.UserGroupInformation.doAs(UserGroupInformation.java:1878) [hadoop-common-3.3.4.jar:?]
	at org.apache.hadoop.ipc.Server$Handler.run(Server.java:2976) [hadoop-common-3.3.4.jar:?]
2023-02-14 08:19:29,172 [Time-limited test] INFO  om.TrashPolicyOzone (TrashPolicyOzone.java:moveToTrash(209)) - Moved: '/testKey1' to trash at: /.Trash/runner/Current/testKey1
]]></system-out>
  </testcase>
  <testcase name="testRenameToTrashEnabled" classname="TestOzoneFileSystem" time="0.092">
    <system-out><![CDATA[08:20:11.121 [IPC Server handler 15 on default port 42497] ERROR OMAudit - user=runner | ip=127.0.0.1 | op=GET_FILE_STATUS {volume=volume12456, bucket=bucket20487, key=.Trash/runner/Current/testKey1, dataSize=0, replicationConfig=null} | ret=FAILURE
org.apache.hadoop.ozone.om.exceptions.OMException: Unable to get file status: volume: volume12456 bucket: bucket20487 key: .Trash/runner/Current/testKey1
	at org.apache.hadoop.ozone.om.KeyManagerImpl.getOzoneFileStatus(KeyManagerImpl.java:1162) ~[ozone-manager-1.4.0-SNAPSHOT.jar:?]
	at org.apache.hadoop.ozone.om.KeyManagerImpl.getFileStatus(KeyManagerImpl.java:1080) ~[ozone-manager-1.4.0-SNAPSHOT.jar:?]
	at org.apache.hadoop.ozone.om.OmMetadataReader.getFileStatus(OmMetadataReader.java:288) ~[ozone-manager-1.4.0-SNAPSHOT.jar:?]
	at org.apache.hadoop.ozone.om.OzoneManager.getFileStatus(OzoneManager.java:3449) ~[ozone-manager-1.4.0-SNAPSHOT.jar:?]
	at org.apache.hadoop.ozone.protocolPB.OzoneManagerRequestHandler.getOzoneFileStatus(OzoneManagerRequestHandler.java:933) ~[ozone-manager-1.4.0-SNAPSHOT.jar:?]
	at org.apache.hadoop.ozone.protocolPB.OzoneManagerRequestHandler.handleReadRequest(OzoneManagerRequestHandler.java:238) ~[ozone-manager-1.4.0-SNAPSHOT.jar:?]
	at org.apache.hadoop.ozone.protocolPB.OzoneManagerProtocolServerSideTranslatorPB.submitRequestDirectlyToOM(OzoneManagerProtocolServerSideTranslatorPB.java:271) ~[ozone-manager-1.4.0-SNAPSHOT.jar:?]
	at org.apache.hadoop.ozone.protocolPB.OzoneManagerProtocolServerSideTranslatorPB.processRequest(OzoneManagerProtocolServerSideTranslatorPB.java:173) ~[ozone-manager-1.4.0-SNAPSHOT.jar:?]
	at org.apache.hadoop.hdds.server.OzoneProtocolMessageDispatcher.processRequest(OzoneProtocolMessageDispatcher.java:87) [hdds-server-framework-1.4.0-SNAPSHOT.jar:?]
	at org.apache.hadoop.ozone.protocolPB.OzoneManagerProtocolServerSideTranslatorPB.submitRequest(OzoneManagerProtocolServerSideTranslatorPB.java:147) [ozone-manager-1.4.0-SNAPSHOT.jar:?]
	at org.apache.hadoop.ozone.protocol.proto.OzoneManagerProtocolProtos$OzoneManagerService$2.callBlockingMethod(OzoneManagerProtocolProtos.java) [ozone-interface-client-1.4.0-SNAPSHOT.jar:?]
	at org.apache.hadoop.ipc.ProtobufRpcEngine$Server.processCall(ProtobufRpcEngine.java:465) [hadoop-common-3.3.4.jar:?]
	at org.apache.hadoop.ipc.ProtobufRpcEngine2$Server$ProtoBufRpcInvoker.call(ProtobufRpcEngine2.java:578) [hadoop-common-3.3.4.jar:?]
	at org.apache.hadoop.ipc.ProtobufRpcEngine2$Server$ProtoBufRpcInvoker.call(ProtobufRpcEngine2.java:556) [hadoop-common-3.3.4.jar:?]
	at org.apache.hadoop.ipc.RPC$Server.call(RPC.java:1093) [hadoop-common-3.3.4.jar:?]
	at org.apache.hadoop.ipc.Server$RpcCall.run(Server.java:1043) [hadoop-common-3.3.4.jar:?]
	at org.apache.hadoop.ipc.Server$RpcCall.run(Server.java:971) [hadoop-common-3.3.4.jar:?]
	at java.security.AccessController.doPrivileged(Native Method) ~[?:1.8.0_362]
	at javax.security.auth.Subject.doAs(Subject.java:422) [?:1.8.0_362]
	at org.apache.hadoop.security.UserGroupInformation.doAs(UserGroupInformation.java:1878) [hadoop-common-3.3.4.jar:?]
	at org.apache.hadoop.ipc.Server$Handler.run(Server.java:2976) [hadoop-common-3.3.4.jar:?]
08:20:11.124 [IPC Server handler 5 on default port 42497] ERROR OMAudit - user=runner | ip=127.0.0.1 | op=GET_FILE_STATUS {volume=volume12456, bucket=bucket20487, key=.Trash/runner/Current/testKey1, dataSize=0, replicationConfig=null} | ret=FAILURE
org.apache.hadoop.ozone.om.exceptions.OMException: Unable to get file status: volume: volume12456 bucket: bucket20487 key: .Trash/runner/Current/testKey1
	at org.apache.hadoop.ozone.om.KeyManagerImpl.getOzoneFileStatus(KeyManagerImpl.java:1162) ~[ozone-manager-1.4.0-SNAPSHOT.jar:?]
	at org.apache.hadoop.ozone.om.KeyManagerImpl.getFileStatus(KeyManagerImpl.java:1080) ~[ozone-manager-1.4.0-SNAPSHOT.jar:?]
	at org.apache.hadoop.ozone.om.OmMetadataReader.getFileStatus(OmMetadataReader.java:288) ~[ozone-manager-1.4.0-SNAPSHOT.jar:?]
	at org.apache.hadoop.ozone.om.OzoneManager.getFileStatus(OzoneManager.java:3449) ~[ozone-manager-1.4.0-SNAPSHOT.jar:?]
	at org.apache.hadoop.ozone.protocolPB.OzoneManagerRequestHandler.getOzoneFileStatus(OzoneManagerRequestHandler.java:933) ~[ozone-manager-1.4.0-SNAPSHOT.jar:?]
	at org.apache.hadoop.ozone.protocolPB.OzoneManagerRequestHandler.handleReadRequest(OzoneManagerRequestHandler.java:238) ~[ozone-manager-1.4.0-SNAPSHOT.jar:?]
	at org.apache.hadoop.ozone.protocolPB.OzoneManagerProtocolServerSideTranslatorPB.submitRequestDirectlyToOM(OzoneManagerProtocolServerSideTranslatorPB.java:271) ~[ozone-manager-1.4.0-SNAPSHOT.jar:?]
	at org.apache.hadoop.ozone.protocolPB.OzoneManagerProtocolServerSideTranslatorPB.processRequest(OzoneManagerProtocolServerSideTranslatorPB.java:173) ~[ozone-manager-1.4.0-SNAPSHOT.jar:?]
	at org.apache.hadoop.hdds.server.OzoneProtocolMessageDispatcher.processRequest(OzoneProtocolMessageDispatcher.java:87) [hdds-server-framework-1.4.0-SNAPSHOT.jar:?]
	at org.apache.hadoop.ozone.protocolPB.OzoneManagerProtocolServerSideTranslatorPB.submitRequest(OzoneManagerProtocolServerSideTranslatorPB.java:147) [ozone-manager-1.4.0-SNAPSHOT.jar:?]
	at org.apache.hadoop.ozone.protocol.proto.OzoneManagerProtocolProtos$OzoneManagerService$2.callBlockingMethod(OzoneManagerProtocolProtos.java) [ozone-interface-client-1.4.0-SNAPSHOT.jar:?]
	at org.apache.hadoop.ipc.ProtobufRpcEngine$Server.processCall(ProtobufRpcEngine.java:465) [hadoop-common-3.3.4.jar:?]
	at org.apache.hadoop.ipc.ProtobufRpcEngine2$Server$ProtoBufRpcInvoker.call(ProtobufRpcEngine2.java:578) [hadoop-common-3.3.4.jar:?]
	at org.apache.hadoop.ipc.ProtobufRpcEngine2$Server$ProtoBufRpcInvoker.call(ProtobufRpcEngine2.java:556) [hadoop-common-3.3.4.jar:?]
	at org.apache.hadoop.ipc.RPC$Server.call(RPC.java:1093) [hadoop-common-3.3.4.jar:?]
	at org.apache.hadoop.ipc.Server$RpcCall.run(Server.java:1043) [hadoop-common-3.3.4.jar:?]
	at org.apache.hadoop.ipc.Server$RpcCall.run(Server.java:971) [hadoop-common-3.3.4.jar:?]
	at java.security.AccessController.doPrivileged(Native Method) ~[?:1.8.0_362]
	at javax.security.auth.Subject.doAs(Subject.java:422) [?:1.8.0_362]
	at org.apache.hadoop.security.UserGroupInformation.doAs(UserGroupInformation.java:1878) [hadoop-common-3.3.4.jar:?]
	at org.apache.hadoop.ipc.Server$Handler.run(Server.java:2976) [hadoop-common-3.3.4.jar:?]
2023-02-14 08:20:11,129 [Time-limited test] INFO  om.TrashPolicyOzone (TrashPolicyOzone.java:moveToTrash(209)) - Moved: '/testKey1' to trash at: /.Trash/runner/Current/testKey1
]]></system-out>
  </testcase>
  <testcase name="testListStatusWithIntermediateDir" classname="TestOzoneFileSystem" time="0.032">
    <system-out><![CDATA[2023-02-14 08:17:56,485 [IPC Server handler 4 on default port 32841] INFO  pipeline.PipelineStateManagerImpl (PipelineStateManagerImpl.java:addPipeline(103)) - Created pipeline Pipeline[ Id: 3709f2db-d6be-403f-b677-7d599c40ccb3, Nodes: f91196cd-4755-4cf6-996a-4ead370c0744(fv-az476-382.2mevl5kwmm3ezivwarakluutxb.phxx.internal.cloudapp.net/10.1.0.19), ReplicationConfig: STANDALONE/ONE, State:OPEN, leaderId:, CreationTimestamp2023-02-14T08:17:56.484Z[Etc/UTC]].
2023-02-14 08:17:56,492 [OM StateMachine ApplyTransaction Thread - 0] INFO  key.OMKeyRequest (OMKeyRequest.java:wrapUncommittedBlocksAsPseudoKey(837)) - Detect allocated but uncommitted blocks [{blockID={containerID=6, localID=111677748019200057}, length=4194304, offset=0, token=null, pipeline=null, createVersion=0, partNumber=0}] in key object-dir/object-name.
]]></system-out>
  </testcase>
  <testcase name="testListStatusWithIntermediateDir" classname="TestOzoneFileSystem" time="0.023">
    <system-out><![CDATA[2023-02-14 08:18:43,720 [IPC Server handler 16 on default port 45385] INFO  pipeline.PipelineStateManagerImpl (PipelineStateManagerImpl.java:addPipeline(103)) - Created pipeline Pipeline[ Id: acb24261-2613-4784-9c71-ec07e37290d9, Nodes: 31091561-319b-44fe-8343-13da60b8022d(fv-az476-382.2mevl5kwmm3ezivwarakluutxb.phxx.internal.cloudapp.net/10.1.0.19), ReplicationConfig: STANDALONE/ONE, State:OPEN, leaderId:, CreationTimestamp2023-02-14T08:18:43.720Z[Etc/UTC]].
2023-02-14 08:18:43,724 [IPC Server handler 13 on default port 34455] INFO  key.OMKeyRequest (OMKeyRequest.java:wrapUncommittedBlocksAsPseudoKey(837)) - Detect allocated but uncommitted blocks [{blockID={containerID=5, localID=111677748019200057}, length=4194304, offset=0, token=null, pipeline=null, createVersion=0, partNumber=0}] in key object-dir/object-name.
]]></system-out>
  </testcase>
  <testcase name="testListStatusWithIntermediateDir" classname="TestOzoneFileSystem" time="0.027">
    <system-out><![CDATA[2023-02-14 08:19:29,188 [IPC Server handler 12 on default port 44821] INFO  pipeline.PipelineStateManagerImpl (PipelineStateManagerImpl.java:addPipeline(103)) - Created pipeline Pipeline[ Id: e4dba060-2a31-4ba4-92cd-b6d731df7e4d, Nodes: beec9a9c-14cf-4df1-af52-b967c7424cdf(fv-az476-382.2mevl5kwmm3ezivwarakluutxb.phxx.internal.cloudapp.net/10.1.0.19), ReplicationConfig: STANDALONE/ONE, State:OPEN, leaderId:, CreationTimestamp2023-02-14T08:19:29.188Z[Etc/UTC]].
2023-02-14 08:19:29,194 [OM StateMachine ApplyTransaction Thread - 0] INFO  key.OMKeyRequest (OMKeyRequest.java:wrapUncommittedBlocksAsPseudoKey(837)) - Detect allocated but uncommitted blocks [{blockID={containerID=8, localID=111677748019200057}, length=4194304, offset=0, token=null, pipeline=null, createVersion=0, partNumber=0}] in key object-dir/object-name.
]]></system-out>
  </testcase>
  <testcase name="testListStatusWithIntermediateDir" classname="TestOzoneFileSystem" time="0.029">
    <system-out><![CDATA[2023-02-14 08:20:11,149 [IPC Server handler 11 on default port 33463] INFO  pipeline.PipelineStateManagerImpl (PipelineStateManagerImpl.java:addPipeline(103)) - Created pipeline Pipeline[ Id: 830ee42a-e193-442f-8df6-86f0656b5eda, Nodes: 6359aaa4-8509-4a3b-a3c1-a8ea6163a916(fv-az476-382.2mevl5kwmm3ezivwarakluutxb.phxx.internal.cloudapp.net/10.1.0.19), ReplicationConfig: STANDALONE/ONE, State:OPEN, leaderId:, CreationTimestamp2023-02-14T08:20:11.148Z[Etc/UTC]].
2023-02-14 08:20:11,151 [IPC Server handler 19 on default port 42497] INFO  key.OMKeyRequest (OMKeyRequest.java:wrapUncommittedBlocksAsPseudoKey(837)) - Detect allocated but uncommitted blocks [{blockID={containerID=7, localID=111677748019200057}, length=4194304, offset=0, token=null, pipeline=null, createVersion=0, partNumber=0}] in key object-dir/object-name.
]]></system-out>
  </testcase>
  <testcase name="testRenameSourceAndDestinAreSame" classname="TestOzoneFileSystem" time="0.02">
    <system-out><![CDATA[2023-02-14 08:17:56,518 [OM StateMachine ApplyTransaction Thread - 0] INFO  key.OMKeyRequest (OMKeyRequest.java:wrapUncommittedBlocksAsPseudoKey(837)) - Detect allocated but uncommitted blocks [{blockID={containerID=2, localID=111677748019200058}, length=4194304, offset=0, token=null, pipeline=null, createVersion=0, partNumber=0}] in key root/dir1/dir2/file1.
]]></system-out>
  </testcase>
  <testcase name="testRenameSourceAndDestinAreSame" classname="TestOzoneFileSystem" time="0.014">
    <system-out><![CDATA[2023-02-14 08:18:43,745 [IPC Server handler 4 on default port 34455] INFO  key.OMKeyRequest (OMKeyRequest.java:wrapUncommittedBlocksAsPseudoKey(837)) - Detect allocated but uncommitted blocks [{blockID={containerID=2, localID=111677748019200058}, length=4194304, offset=0, token=null, pipeline=null, createVersion=0, partNumber=0}] in key root/dir1/dir2/file1.
]]></system-out>
  </testcase>
  <testcase name="testRenameSourceAndDestinAreSame" classname="TestOzoneFileSystem" time="0.019">
    <system-out><![CDATA[2023-02-14 08:19:29,216 [OM StateMachine ApplyTransaction Thread - 0] INFO  key.OMKeyRequest (OMKeyRequest.java:wrapUncommittedBlocksAsPseudoKey(837)) - Detect allocated but uncommitted blocks [{blockID={containerID=2, localID=111677748019200058}, length=4194304, offset=0, token=null, pipeline=null, createVersion=0, partNumber=0}] in key root/dir1/dir2/file1.
]]></system-out>
  </testcase>
  <testcase name="testRenameSourceAndDestinAreSame" classname="TestOzoneFileSystem" time="0.011">
    <system-out><![CDATA[2023-02-14 08:20:11,169 [IPC Server handler 14 on default port 42497] INFO  key.OMKeyRequest (OMKeyRequest.java:wrapUncommittedBlocksAsPseudoKey(837)) - Detect allocated but uncommitted blocks [{blockID={containerID=1, localID=111677748019200058}, length=4194304, offset=0, token=null, pipeline=null, createVersion=0, partNumber=0}] in key root/dir1/dir2/file1.
]]></system-out>
  </testcase>
  <testcase name="testListStatusIteratorWithDir" classname="TestOzoneFileSystem" time="0.046">
    <system-out><![CDATA[2023-02-14 08:17:56,543 [OM StateMachine ApplyTransaction Thread - 0] INFO  key.OMKeyRequest (OMKeyRequest.java:wrapUncommittedBlocksAsPseudoKey(837)) - Detect allocated but uncommitted blocks [{blockID={containerID=7, localID=111677748019200059}, length=4194304, offset=0, token=null, pipeline=null, createVersion=0, partNumber=0}] in key testListStatus/key1.
2023-02-14 08:17:56,546 [OM StateMachine ApplyTransaction Thread - 0] INFO  key.OMKeyRequest (OMKeyRequest.java:wrapUncommittedBlocksAsPseudoKey(837)) - Detect allocated but uncommitted blocks [{blockID={containerID=1, localID=111677748019200060}, length=4194304, offset=0, token=null, pipeline=null, createVersion=0, partNumber=0}] in key testListStatus/key2.
2023-02-14 08:17:56,556 [OM StateMachine ApplyTransaction Thread - 0] INFO  key.OMKeyRequest (OMKeyRequest.java:wrapUncommittedBlocksAsPseudoKey(837)) - Detect allocated but uncommitted blocks [{blockID={containerID=8, localID=111677748019200061}, length=4194304, offset=0, token=null, pipeline=null, createVersion=0, partNumber=0}] in key testListStatus/dir1/key3.
2023-02-14 08:17:56,560 [OM StateMachine ApplyTransaction Thread - 0] INFO  key.OMKeyRequest (OMKeyRequest.java:wrapUncommittedBlocksAsPseudoKey(837)) - Detect allocated but uncommitted blocks [{blockID={containerID=2, localID=111677748019200062}, length=4194304, offset=0, token=null, pipeline=null, createVersion=0, partNumber=0}] in key testListStatus/dir1/key4.
]]></system-out>
  </testcase>
  <testcase name="testListStatusIteratorWithDir" classname="TestOzoneFileSystem" time="0.032">
    <system-out><![CDATA[2023-02-14 08:18:43,761 [IPC Server handler 13 on default port 34455] INFO  key.OMKeyRequest (OMKeyRequest.java:wrapUncommittedBlocksAsPseudoKey(837)) - Detect allocated but uncommitted blocks [{blockID={containerID=1, localID=111677748019200059}, length=4194304, offset=0, token=null, pipeline=null, createVersion=0, partNumber=0}] in key testListStatus/key1.
2023-02-14 08:18:43,763 [IPC Server handler 15 on default port 34455] INFO  key.OMKeyRequest (OMKeyRequest.java:wrapUncommittedBlocksAsPseudoKey(837)) - Detect allocated but uncommitted blocks [{blockID={containerID=2, localID=111677748019200060}, length=4194304, offset=0, token=null, pipeline=null, createVersion=0, partNumber=0}] in key testListStatus/key2.
2023-02-14 08:18:43,770 [IPC Server handler 19 on default port 34455] INFO  key.OMKeyRequest (OMKeyRequest.java:wrapUncommittedBlocksAsPseudoKey(837)) - Detect allocated but uncommitted blocks [{blockID={containerID=1, localID=111677748019200061}, length=4194304, offset=0, token=null, pipeline=null, createVersion=0, partNumber=0}] in key testListStatus/dir1/key3.
2023-02-14 08:18:43,773 [IPC Server handler 1 on default port 34455] INFO  key.OMKeyRequest (OMKeyRequest.java:wrapUncommittedBlocksAsPseudoKey(837)) - Detect allocated but uncommitted blocks [{blockID={containerID=2, localID=111677748019200062}, length=4194304, offset=0, token=null, pipeline=null, createVersion=0, partNumber=0}] in key testListStatus/dir1/key4.
]]></system-out>
  </testcase>
  <testcase name="testListStatusIteratorWithDir" classname="TestOzoneFileSystem" time="0.038">
    <system-out><![CDATA[2023-02-14 08:19:29,240 [OM StateMachine ApplyTransaction Thread - 0] INFO  key.OMKeyRequest (OMKeyRequest.java:wrapUncommittedBlocksAsPseudoKey(837)) - Detect allocated but uncommitted blocks [{blockID={containerID=4, localID=111677748019200059}, length=4194304, offset=0, token=null, pipeline=null, createVersion=0, partNumber=0}] in key testListStatus/key1.
2023-02-14 08:19:29,244 [OM StateMachine ApplyTransaction Thread - 0] INFO  key.OMKeyRequest (OMKeyRequest.java:wrapUncommittedBlocksAsPseudoKey(837)) - Detect allocated but uncommitted blocks [{blockID={containerID=2, localID=111677748019200060}, length=4194304, offset=0, token=null, pipeline=null, createVersion=0, partNumber=0}] in key testListStatus/key2.
2023-02-14 08:19:29,252 [OM StateMachine ApplyTransaction Thread - 0] INFO  key.OMKeyRequest (OMKeyRequest.java:wrapUncommittedBlocksAsPseudoKey(837)) - Detect allocated but uncommitted blocks [{blockID={containerID=4, localID=111677748019200061}, length=4194304, offset=0, token=null, pipeline=null, createVersion=0, partNumber=0}] in key testListStatus/dir1/key3.
2023-02-14 08:19:29,255 [OM StateMachine ApplyTransaction Thread - 0] INFO  key.OMKeyRequest (OMKeyRequest.java:wrapUncommittedBlocksAsPseudoKey(837)) - Detect allocated but uncommitted blocks [{blockID={containerID=3, localID=111677748019200062}, length=4194304, offset=0, token=null, pipeline=null, createVersion=0, partNumber=0}] in key testListStatus/dir1/key4.
]]></system-out>
  </testcase>
  <testcase name="testListStatusIteratorWithDir" classname="TestOzoneFileSystem" time="0.032">
    <system-out><![CDATA[2023-02-14 08:20:11,185 [IPC Server handler 2 on default port 42497] INFO  key.OMKeyRequest (OMKeyRequest.java:wrapUncommittedBlocksAsPseudoKey(837)) - Detect allocated but uncommitted blocks [{blockID={containerID=8, localID=111677748019200059}, length=4194304, offset=0, token=null, pipeline=null, createVersion=0, partNumber=0}] in key testListStatus/key1.
2023-02-14 08:20:11,188 [IPC Server handler 17 on default port 42497] INFO  key.OMKeyRequest (OMKeyRequest.java:wrapUncommittedBlocksAsPseudoKey(837)) - Detect allocated but uncommitted blocks [{blockID={containerID=6, localID=111677748019200060}, length=4194304, offset=0, token=null, pipeline=null, createVersion=0, partNumber=0}] in key testListStatus/key2.
2023-02-14 08:20:11,194 [IPC Server handler 6 on default port 42497] INFO  key.OMKeyRequest (OMKeyRequest.java:wrapUncommittedBlocksAsPseudoKey(837)) - Detect allocated but uncommitted blocks [{blockID={containerID=2, localID=111677748019200061}, length=4194304, offset=0, token=null, pipeline=null, createVersion=0, partNumber=0}] in key testListStatus/dir1/key3.
2023-02-14 08:20:11,198 [IPC Server handler 15 on default port 42497] INFO  key.OMKeyRequest (OMKeyRequest.java:wrapUncommittedBlocksAsPseudoKey(837)) - Detect allocated but uncommitted blocks [{blockID={containerID=1, localID=111677748019200062}, length=4194304, offset=0, token=null, pipeline=null, createVersion=0, partNumber=0}] in key testListStatus/dir1/key4.
]]></system-out>
  </testcase>
  <testcase name="testListStatusOnLargeDirectory" classname="TestOzoneFileSystem" time="4.5"/>
  <testcase name="testListStatusOnLargeDirectory" classname="TestOzoneFileSystem" time="2.782">
    <system-out><![CDATA[2023-02-14 08:18:44,049 [ad6dcd81-1875-4667-9f21-c7397548b1ba@group-3C8877628462-FollowerState] INFO  impl.FollowerState (FollowerState.java:run(143)) - ad6dcd81-1875-4667-9f21-c7397548b1ba@group-3C8877628462-FollowerState: change to CANDIDATE, lastRpcElapsedTime:5146299149ns, electionTimeout:5146ms
2023-02-14 08:18:44,049 [ad6dcd81-1875-4667-9f21-c7397548b1ba@group-3C8877628462-FollowerState] INFO  impl.RoleInfo (RoleInfo.java:shutdownFollowerState(110)) - ad6dcd81-1875-4667-9f21-c7397548b1ba: shutdown ad6dcd81-1875-4667-9f21-c7397548b1ba@group-3C8877628462-FollowerState
2023-02-14 08:18:44,049 [ad6dcd81-1875-4667-9f21-c7397548b1ba@group-3C8877628462-FollowerState] INFO  server.RaftServer$Division (RaftServerImpl.java:setRole(321)) - ad6dcd81-1875-4667-9f21-c7397548b1ba@group-3C8877628462: changes role from  FOLLOWER to CANDIDATE at term 4 for changeToCandidate
2023-02-14 08:18:44,049 [ad6dcd81-1875-4667-9f21-c7397548b1ba@group-3C8877628462-FollowerState] INFO  server.RaftServerConfigKeys (ConfUtils.java:logGet(46)) - raft.server.leaderelection.pre-vote = false (custom)
2023-02-14 08:18:44,049 [ad6dcd81-1875-4667-9f21-c7397548b1ba@group-3C8877628462-FollowerState] INFO  impl.RoleInfo (RoleInfo.java:updateAndGet(139)) - ad6dcd81-1875-4667-9f21-c7397548b1ba: start ad6dcd81-1875-4667-9f21-c7397548b1ba@group-3C8877628462-LeaderElection24
2023-02-14 08:18:44,057 [ad6dcd81-1875-4667-9f21-c7397548b1ba@group-3C8877628462-LeaderElection24] INFO  impl.LeaderElection (LeaderElection.java:askForVotes(312)) - ad6dcd81-1875-4667-9f21-c7397548b1ba@group-3C8877628462-LeaderElection24 ELECTION round 0: submit vote requests at term 5 for -1: peers:[b5737586-1c7b-466e-b8cb-d0d8351e95e3|rpc:10.1.0.19:36425|dataStream:10.1.0.19:38459|priority:0|startupRole:FOLLOWER, 31091561-319b-44fe-8343-13da60b8022d|rpc:10.1.0.19:41071|dataStream:10.1.0.19:37967|priority:1|startupRole:FOLLOWER, ad6dcd81-1875-4667-9f21-c7397548b1ba|rpc:10.1.0.19:34199|dataStream:10.1.0.19:34273|priority:0|startupRole:FOLLOWER]|listeners:[], old=null
2023-02-14 08:18:44,058 [ad6dcd81-1875-4667-9f21-c7397548b1ba@group-3C8877628462-LeaderElection24] INFO  server.RaftServerConfigKeys (ConfUtils.java:logFallback(53)) - raft.server.rpc.first-election.timeout.min = 5s (fallback to raft.server.rpc.timeout.min)
2023-02-14 08:18:44,058 [ad6dcd81-1875-4667-9f21-c7397548b1ba@group-3C8877628462-LeaderElection24] INFO  server.RaftServerConfigKeys (ConfUtils.java:logFallback(53)) - raft.server.rpc.first-election.timeout.max = 5200ms (fallback to raft.server.rpc.timeout.max)
2023-02-14 08:18:44,062 [grpc-default-executor-1] INFO  server.RaftServer$Division (RaftServerImpl.java:requestVote(1218)) - b5737586-1c7b-466e-b8cb-d0d8351e95e3@group-3C8877628462: receive requestVote(ELECTION, ad6dcd81-1875-4667-9f21-c7397548b1ba, group-3C8877628462, 5, (t:0, i:0))
2023-02-14 08:18:44,062 [grpc-default-executor-3] INFO  server.RaftServer$Division (RaftServerImpl.java:requestVote(1218)) - 31091561-319b-44fe-8343-13da60b8022d@group-3C8877628462: receive requestVote(ELECTION, ad6dcd81-1875-4667-9f21-c7397548b1ba, group-3C8877628462, 5, (t:0, i:0))
2023-02-14 08:18:44,062 [grpc-default-executor-3] INFO  impl.VoteContext (VoteContext.java:log(49)) - 31091561-319b-44fe-8343-13da60b8022d@group-3C8877628462-FOLLOWER: reject ELECTION from ad6dcd81-1875-4667-9f21-c7397548b1ba: our priority 1 > candidate's priority 0
2023-02-14 08:18:44,062 [grpc-default-executor-1] INFO  impl.VoteContext (VoteContext.java:log(49)) - b5737586-1c7b-466e-b8cb-d0d8351e95e3@group-3C8877628462-FOLLOWER: accept ELECTION from ad6dcd81-1875-4667-9f21-c7397548b1ba: our priority 0 <= candidate's priority 0
2023-02-14 08:18:44,062 [grpc-default-executor-1] INFO  server.RaftServer$Division (RaftServerImpl.java:setRole(321)) - b5737586-1c7b-466e-b8cb-d0d8351e95e3@group-3C8877628462: changes role from  FOLLOWER to FOLLOWER at term 5 for candidate:ad6dcd81-1875-4667-9f21-c7397548b1ba
2023-02-14 08:18:44,062 [grpc-default-executor-1] INFO  impl.RoleInfo (RoleInfo.java:shutdownFollowerState(110)) - b5737586-1c7b-466e-b8cb-d0d8351e95e3: shutdown b5737586-1c7b-466e-b8cb-d0d8351e95e3@group-3C8877628462-FollowerState
2023-02-14 08:18:44,062 [grpc-default-executor-1] INFO  impl.RoleInfo (RoleInfo.java:updateAndGet(139)) - b5737586-1c7b-466e-b8cb-d0d8351e95e3: start b5737586-1c7b-466e-b8cb-d0d8351e95e3@group-3C8877628462-FollowerState
2023-02-14 08:18:44,062 [b5737586-1c7b-466e-b8cb-d0d8351e95e3@group-3C8877628462-FollowerState] INFO  impl.FollowerState (FollowerState.java:run(152)) - b5737586-1c7b-466e-b8cb-d0d8351e95e3@group-3C8877628462-FollowerState was interrupted
2023-02-14 08:18:44,062 [grpc-default-executor-3] INFO  server.RaftServer$Division (RaftServerImpl.java:setRole(321)) - 31091561-319b-44fe-8343-13da60b8022d@group-3C8877628462: changes role from  FOLLOWER to FOLLOWER at term 5 for candidate:ad6dcd81-1875-4667-9f21-c7397548b1ba
2023-02-14 08:18:44,062 [grpc-default-executor-3] INFO  impl.RoleInfo (RoleInfo.java:shutdownFollowerState(110)) - 31091561-319b-44fe-8343-13da60b8022d: shutdown 31091561-319b-44fe-8343-13da60b8022d@group-3C8877628462-FollowerState
2023-02-14 08:18:44,062 [grpc-default-executor-3] INFO  impl.RoleInfo (RoleInfo.java:updateAndGet(139)) - 31091561-319b-44fe-8343-13da60b8022d: start 31091561-319b-44fe-8343-13da60b8022d@group-3C8877628462-FollowerState
2023-02-14 08:18:44,063 [31091561-319b-44fe-8343-13da60b8022d@group-3C8877628462-FollowerState] INFO  impl.FollowerState (FollowerState.java:run(152)) - 31091561-319b-44fe-8343-13da60b8022d@group-3C8877628462-FollowerState was interrupted
2023-02-14 08:18:44,067 [b5737586-1c7b-466e-b8cb-d0d8351e95e3@group-3C8877628462-FollowerState] INFO  server.RaftServerConfigKeys (ConfUtils.java:logFallback(53)) - raft.server.rpc.first-election.timeout.min = 5s (fallback to raft.server.rpc.timeout.min)
2023-02-14 08:18:44,067 [b5737586-1c7b-466e-b8cb-d0d8351e95e3@group-3C8877628462-FollowerState] INFO  server.RaftServerConfigKeys (ConfUtils.java:logFallback(53)) - raft.server.rpc.first-election.timeout.max = 5200ms (fallback to raft.server.rpc.timeout.max)
2023-02-14 08:18:44,067 [grpc-default-executor-1] INFO  server.RaftServer$Division (RaftServerImpl.java:requestVote(1251)) - b5737586-1c7b-466e-b8cb-d0d8351e95e3@group-3C8877628462 replies to ELECTION vote request: ad6dcd81-1875-4667-9f21-c7397548b1ba<-b5737586-1c7b-466e-b8cb-d0d8351e95e3#0:OK-t5. Peer's state: b5737586-1c7b-466e-b8cb-d0d8351e95e3@group-3C8877628462:t5, leader=null, voted=ad6dcd81-1875-4667-9f21-c7397548b1ba, raftlog=Memoized:b5737586-1c7b-466e-b8cb-d0d8351e95e3@group-3C8877628462-SegmentedRaftLog:OPENED:c-1, conf=-1: peers:[b5737586-1c7b-466e-b8cb-d0d8351e95e3|rpc:10.1.0.19:36425|dataStream:10.1.0.19:38459|priority:0|startupRole:FOLLOWER, 31091561-319b-44fe-8343-13da60b8022d|rpc:10.1.0.19:41071|dataStream:10.1.0.19:37967|priority:1|startupRole:FOLLOWER, ad6dcd81-1875-4667-9f21-c7397548b1ba|rpc:10.1.0.19:34199|dataStream:10.1.0.19:34273|priority:0|startupRole:FOLLOWER]|listeners:[], old=null
2023-02-14 08:18:44,068 [grpc-default-executor-3] INFO  server.RaftServer$Division (RaftServerImpl.java:requestVote(1251)) - 31091561-319b-44fe-8343-13da60b8022d@group-3C8877628462 replies to ELECTION vote request: ad6dcd81-1875-4667-9f21-c7397548b1ba<-31091561-319b-44fe-8343-13da60b8022d#0:FAIL-t5. Peer's state: 31091561-319b-44fe-8343-13da60b8022d@group-3C8877628462:t5, leader=null, voted=null, raftlog=Memoized:31091561-319b-44fe-8343-13da60b8022d@group-3C8877628462-SegmentedRaftLog:OPENED:c-1, conf=-1: peers:[b5737586-1c7b-466e-b8cb-d0d8351e95e3|rpc:10.1.0.19:36425|dataStream:10.1.0.19:38459|priority:0|startupRole:FOLLOWER, 31091561-319b-44fe-8343-13da60b8022d|rpc:10.1.0.19:41071|dataStream:10.1.0.19:37967|priority:1|startupRole:FOLLOWER, ad6dcd81-1875-4667-9f21-c7397548b1ba|rpc:10.1.0.19:34199|dataStream:10.1.0.19:34273|priority:0|startupRole:FOLLOWER]|listeners:[], old=null
2023-02-14 08:18:44,068 [31091561-319b-44fe-8343-13da60b8022d@group-3C8877628462-FollowerState] INFO  server.RaftServerConfigKeys (ConfUtils.java:logFallback(53)) - raft.server.rpc.first-election.timeout.min = 5s (fallback to raft.server.rpc.timeout.min)
2023-02-14 08:18:44,069 [31091561-319b-44fe-8343-13da60b8022d@group-3C8877628462-FollowerState] INFO  server.RaftServerConfigKeys (ConfUtils.java:logFallback(53)) - raft.server.rpc.first-election.timeout.max = 5200ms (fallback to raft.server.rpc.timeout.max)
2023-02-14 08:18:44,072 [ad6dcd81-1875-4667-9f21-c7397548b1ba@group-3C8877628462-LeaderElection24] INFO  impl.LeaderElection (LeaderElection.java:logAndReturn(90)) - ad6dcd81-1875-4667-9f21-c7397548b1ba@group-3C8877628462-LeaderElection24: ELECTION REJECTED received 1 response(s) and 0 exception(s):
2023-02-14 08:18:44,072 [ad6dcd81-1875-4667-9f21-c7397548b1ba@group-3C8877628462-LeaderElection24] INFO  impl.LeaderElection (LeaderElection.java:logAndReturn(94)) -   Response 0: ad6dcd81-1875-4667-9f21-c7397548b1ba<-31091561-319b-44fe-8343-13da60b8022d#0:FAIL-t5
2023-02-14 08:18:44,072 [ad6dcd81-1875-4667-9f21-c7397548b1ba@group-3C8877628462-LeaderElection24] INFO  impl.LeaderElection (LeaderElection.java:askForVotes(314)) - ad6dcd81-1875-4667-9f21-c7397548b1ba@group-3C8877628462-LeaderElection24 ELECTION round 0: result REJECTED
2023-02-14 08:18:44,072 [ad6dcd81-1875-4667-9f21-c7397548b1ba@group-3C8877628462-LeaderElection24] INFO  server.RaftServer$Division (RaftServerImpl.java:setRole(321)) - ad6dcd81-1875-4667-9f21-c7397548b1ba@group-3C8877628462: changes role from CANDIDATE to FOLLOWER at term 5 for REJECTED
2023-02-14 08:18:44,072 [ad6dcd81-1875-4667-9f21-c7397548b1ba@group-3C8877628462-LeaderElection24] INFO  impl.RoleInfo (RoleInfo.java:shutdownLeaderElection(130)) - ad6dcd81-1875-4667-9f21-c7397548b1ba: shutdown ad6dcd81-1875-4667-9f21-c7397548b1ba@group-3C8877628462-LeaderElection24
2023-02-14 08:18:44,072 [ad6dcd81-1875-4667-9f21-c7397548b1ba@group-3C8877628462-LeaderElection24] INFO  impl.RoleInfo (RoleInfo.java:updateAndGet(139)) - ad6dcd81-1875-4667-9f21-c7397548b1ba: start ad6dcd81-1875-4667-9f21-c7397548b1ba@group-3C8877628462-FollowerState
2023-02-14 08:18:44,075 [ad6dcd81-1875-4667-9f21-c7397548b1ba@group-3C8877628462-FollowerState] INFO  server.RaftServerConfigKeys (ConfUtils.java:logFallback(53)) - raft.server.rpc.first-election.timeout.min = 5s (fallback to raft.server.rpc.timeout.min)
2023-02-14 08:18:44,076 [ad6dcd81-1875-4667-9f21-c7397548b1ba@group-3C8877628462-FollowerState] INFO  server.RaftServerConfigKeys (ConfUtils.java:logFallback(53)) - raft.server.rpc.first-election.timeout.max = 5200ms (fallback to raft.server.rpc.timeout.max)
]]></system-out>
  </testcase>
  <testcase name="testListStatusOnLargeDirectory" classname="TestOzoneFileSystem" time="3.704"/>
  <testcase name="testListStatusOnLargeDirectory" classname="TestOzoneFileSystem" time="2.543">
    <system-out><![CDATA[2023-02-14 08:20:11,454 [Under Replicated Processor] INFO  replication.UnhealthyReplicationProcessor (UnhealthyReplicationProcessor.java:processAll(105)) - Processed 0 containers with health state counts {},failed processing 0
2023-02-14 08:20:11,456 [Over Replicated Processor] INFO  replication.UnhealthyReplicationProcessor (UnhealthyReplicationProcessor.java:processAll(105)) - Processed 0 containers with health state counts {},failed processing 0
]]></system-out>
  </testcase>
  <testcase name="testCreateKeyShouldUseRefreshedBucketReplicationConfig" classname="TestOzoneFileSystem" time="0.302">
    <system-out><![CDATA[2023-02-14 08:18:01,104 [Time-limited test] INFO  rpc.RpcClient (RpcClient.java:createVolume(476)) - Creating Volume: volume98131, with user54529 as owner and space quota set to -1 bytes, counts quota set to -1
2023-02-14 08:18:01,111 [OM StateMachine ApplyTransaction Thread - 0] INFO  volume.OMVolumeCreateRequest (OMVolumeCreateRequest.java:validateAndUpdateCache(195)) - created volume:volume98131 for user:user54529
2023-02-14 08:18:01,113 [Time-limited test] INFO  rpc.RpcClient (RpcClient.java:createBucket(699)) - Creating Bucket: volume98131/bucket02639, with bucket layout LEGACY, runner as owner, Versioning false, Storage Type set to DISK and Encryption set to false, Replication Type set to server-side default replication type, Namespace Quota set to -1, Space Quota set to -1 
2023-02-14 08:18:01,115 [OM StateMachine ApplyTransaction Thread - 0] INFO  bucket.OMBucketCreateRequest (OMBucketCreateRequest.java:validateAndUpdateCache(263)) - created bucket: bucket02639 of layout LEGACY in volume: volume98131
2023-02-14 08:18:01,133 [OM StateMachine ApplyTransaction Thread - 0] INFO  key.OMKeyRequest (OMKeyRequest.java:wrapUncommittedBlocksAsPseudoKey(837)) - Detect allocated but uncommitted blocks [{blockID={containerID=1, localID=111677748019200063}, length=4194304, offset=0, token=null, pipeline=null, createVersion=0, partNumber=0}] in key key.
2023-02-14 08:18:01,157 [OM StateMachine ApplyTransaction Thread - 0] INFO  key.OMKeyRequest (OMKeyRequest.java:wrapUncommittedBlocksAsPseudoKey(837)) - Detect allocated but uncommitted blocks [{blockID={containerID=7, localID=111677748019200064}, length=4194304, offset=0, token=null, pipeline=null, createVersion=0, partNumber=0}] in key key1.
2023-02-14 08:18:01,164 [IPC Server handler 11 on default port 32841] INFO  pipeline.PipelineStateManagerImpl (PipelineStateManagerImpl.java:addPipeline(103)) - Created pipeline Pipeline[ Id: b0a3e20d-4848-4735-bba8-6437d22f9418, Nodes: 3f6fb327-55b5-41b7-853a-8e3dfa7d6293(fv-az476-382.2mevl5kwmm3ezivwarakluutxb.phxx.internal.cloudapp.net/10.1.0.19)88d3c63d-3e2f-409f-802f-d9c0d2dac669(fv-az476-382.2mevl5kwmm3ezivwarakluutxb.phxx.internal.cloudapp.net/10.1.0.19)1b99b404-66b9-4d1b-b018-91bc4acf8ed2(fv-az476-382.2mevl5kwmm3ezivwarakluutxb.phxx.internal.cloudapp.net/10.1.0.19)f91196cd-4755-4cf6-996a-4ead370c0744(fv-az476-382.2mevl5kwmm3ezivwarakluutxb.phxx.internal.cloudapp.net/10.1.0.19)36e1e605-60e1-4f03-904e-89ea76d9efd4(fv-az476-382.2mevl5kwmm3ezivwarakluutxb.phxx.internal.cloudapp.net/10.1.0.19), ReplicationConfig: EC/ECReplicationConfig{data=3, parity=2, ecChunkSize=1048576, codec=rs}, State:ALLOCATED, leaderId:, CreationTimestamp2023-02-14T08:18:01.164Z[Etc/UTC]].
2023-02-14 08:18:01,165 [IPC Server handler 11 on default port 32841] INFO  pipeline.PipelineManagerImpl (PipelineManagerImpl.java:openPipeline(367)) - Pipeline Pipeline[ Id: b0a3e20d-4848-4735-bba8-6437d22f9418, Nodes: 3f6fb327-55b5-41b7-853a-8e3dfa7d6293(fv-az476-382.2mevl5kwmm3ezivwarakluutxb.phxx.internal.cloudapp.net/10.1.0.19)88d3c63d-3e2f-409f-802f-d9c0d2dac669(fv-az476-382.2mevl5kwmm3ezivwarakluutxb.phxx.internal.cloudapp.net/10.1.0.19)1b99b404-66b9-4d1b-b018-91bc4acf8ed2(fv-az476-382.2mevl5kwmm3ezivwarakluutxb.phxx.internal.cloudapp.net/10.1.0.19)f91196cd-4755-4cf6-996a-4ead370c0744(fv-az476-382.2mevl5kwmm3ezivwarakluutxb.phxx.internal.cloudapp.net/10.1.0.19)36e1e605-60e1-4f03-904e-89ea76d9efd4(fv-az476-382.2mevl5kwmm3ezivwarakluutxb.phxx.internal.cloudapp.net/10.1.0.19), ReplicationConfig: EC/ECReplicationConfig{data=3, parity=2, ecChunkSize=1048576, codec=rs}, State:ALLOCATED, leaderId:, CreationTimestamp2023-02-14T08:18:01.164Z[Etc/UTC]] moved to OPEN state
2023-02-14 08:18:01,225 [Time-limited test] WARN  erasurecode.ErasureCodeNative (ErasureCodeNative.java:<clinit>(55)) - ISA-L support is not available in your platform... using builtin-java codec where applicable
2023-02-14 08:18:01,327 [OM StateMachine ApplyTransaction Thread - 0] INFO  key.OMKeyRequest (OMKeyRequest.java:wrapUncommittedBlocksAsPseudoKey(837)) - Detect allocated but uncommitted blocks [{blockID={containerID=9, localID=111677748019200065}, length=4194304, offset=0, token=null, pipeline=null, createVersion=0, partNumber=0}] in key key2.
2023-02-14 08:18:01,333 [IPC Server handler 7 on default port 32841] INFO  pipeline.PipelineStateManagerImpl (PipelineStateManagerImpl.java:addPipeline(103)) - Created pipeline Pipeline[ Id: 499bab62-5e6f-4822-9f46-7762e37bfdfe, Nodes: 36e1e605-60e1-4f03-904e-89ea76d9efd4(fv-az476-382.2mevl5kwmm3ezivwarakluutxb.phxx.internal.cloudapp.net/10.1.0.19)f91196cd-4755-4cf6-996a-4ead370c0744(fv-az476-382.2mevl5kwmm3ezivwarakluutxb.phxx.internal.cloudapp.net/10.1.0.19)1b99b404-66b9-4d1b-b018-91bc4acf8ed2(fv-az476-382.2mevl5kwmm3ezivwarakluutxb.phxx.internal.cloudapp.net/10.1.0.19)3f6fb327-55b5-41b7-853a-8e3dfa7d6293(fv-az476-382.2mevl5kwmm3ezivwarakluutxb.phxx.internal.cloudapp.net/10.1.0.19)88d3c63d-3e2f-409f-802f-d9c0d2dac669(fv-az476-382.2mevl5kwmm3ezivwarakluutxb.phxx.internal.cloudapp.net/10.1.0.19), ReplicationConfig: EC/ECReplicationConfig{data=3, parity=2, ecChunkSize=1048576, codec=rs}, State:ALLOCATED, leaderId:, CreationTimestamp2023-02-14T08:18:01.333Z[Etc/UTC]].
2023-02-14 08:18:01,334 [IPC Server handler 7 on default port 32841] INFO  pipeline.PipelineManagerImpl (PipelineManagerImpl.java:openPipeline(367)) - Pipeline Pipeline[ Id: 499bab62-5e6f-4822-9f46-7762e37bfdfe, Nodes: 36e1e605-60e1-4f03-904e-89ea76d9efd4(fv-az476-382.2mevl5kwmm3ezivwarakluutxb.phxx.internal.cloudapp.net/10.1.0.19)f91196cd-4755-4cf6-996a-4ead370c0744(fv-az476-382.2mevl5kwmm3ezivwarakluutxb.phxx.internal.cloudapp.net/10.1.0.19)1b99b404-66b9-4d1b-b018-91bc4acf8ed2(fv-az476-382.2mevl5kwmm3ezivwarakluutxb.phxx.internal.cloudapp.net/10.1.0.19)3f6fb327-55b5-41b7-853a-8e3dfa7d6293(fv-az476-382.2mevl5kwmm3ezivwarakluutxb.phxx.internal.cloudapp.net/10.1.0.19)88d3c63d-3e2f-409f-802f-d9c0d2dac669(fv-az476-382.2mevl5kwmm3ezivwarakluutxb.phxx.internal.cloudapp.net/10.1.0.19), ReplicationConfig: EC/ECReplicationConfig{data=3, parity=2, ecChunkSize=1048576, codec=rs}, State:ALLOCATED, leaderId:, CreationTimestamp2023-02-14T08:18:01.333Z[Etc/UTC]] moved to OPEN state
2023-02-14 08:18:01,362 [OM StateMachine ApplyTransaction Thread - 0] INFO  key.OMKeyRequest (OMKeyRequest.java:wrapUncommittedBlocksAsPseudoKey(837)) - Detect allocated but uncommitted blocks [{blockID={containerID=10, localID=111677748019200066}, length=4194304, offset=0, token=null, pipeline=null, createVersion=0, partNumber=0}] in key key3.
2023-02-14 08:18:01,370 [OM StateMachine ApplyTransaction Thread - 0] INFO  key.OMKeyRequest (OMKeyRequest.java:wrapUncommittedBlocksAsPseudoKey(837)) - Detect allocated but uncommitted blocks [{blockID={containerID=8, localID=111677748019200067}, length=4194304, offset=0, token=null, pipeline=null, createVersion=0, partNumber=0}] in key key4.
]]></system-out>
  </testcase>
  <testcase name="testCreateKeyShouldUseRefreshedBucketReplicationConfig" classname="TestOzoneFileSystem" time="0.102">
    <system-out><![CDATA[2023-02-14 08:18:46,588 [Time-limited test] INFO  rpc.RpcClient (RpcClient.java:createVolume(476)) - Creating Volume: volume81989, with user99530 as owner and space quota set to -1 bytes, counts quota set to -1
2023-02-14 08:18:46,588 [IPC Server handler 14 on default port 34455] INFO  volume.OMVolumeCreateRequest (OMVolumeCreateRequest.java:validateAndUpdateCache(195)) - created volume:volume81989 for user:user99530
2023-02-14 08:18:46,590 [Time-limited test] INFO  rpc.RpcClient (RpcClient.java:createBucket(699)) - Creating Bucket: volume81989/bucket06430, with bucket layout LEGACY, runner as owner, Versioning false, Storage Type set to DISK and Encryption set to false, Replication Type set to server-side default replication type, Namespace Quota set to -1, Space Quota set to -1 
2023-02-14 08:18:46,590 [IPC Server handler 16 on default port 34455] INFO  bucket.OMBucketCreateRequest (OMBucketCreateRequest.java:validateAndUpdateCache(263)) - created bucket: bucket06430 of layout LEGACY in volume: volume81989
2023-02-14 08:18:46,601 [IPC Server handler 1 on default port 34455] INFO  key.OMKeyRequest (OMKeyRequest.java:wrapUncommittedBlocksAsPseudoKey(837)) - Detect allocated but uncommitted blocks [{blockID={containerID=1, localID=111677748019200063}, length=4194304, offset=0, token=null, pipeline=null, createVersion=0, partNumber=0}] in key key.
2023-02-14 08:18:46,606 [IPC Server handler 5 on default port 34455] INFO  key.OMKeyRequest (OMKeyRequest.java:wrapUncommittedBlocksAsPseudoKey(837)) - Detect allocated but uncommitted blocks [{blockID={containerID=2, localID=111677748019200064}, length=4194304, offset=0, token=null, pipeline=null, createVersion=0, partNumber=0}] in key key1.
2023-02-14 08:18:46,617 [IPC Server handler 19 on default port 45385] INFO  pipeline.PipelineStateManagerImpl (PipelineStateManagerImpl.java:addPipeline(103)) - Created pipeline Pipeline[ Id: 0421db80-b4b6-49bf-8796-2c2ead1e1cbb, Nodes: 5c792a94-e343-4e55-bd70-b5b136c65d30(fv-az476-382.2mevl5kwmm3ezivwarakluutxb.phxx.internal.cloudapp.net/10.1.0.19)b5737586-1c7b-466e-b8cb-d0d8351e95e3(fv-az476-382.2mevl5kwmm3ezivwarakluutxb.phxx.internal.cloudapp.net/10.1.0.19)568f4c16-ddfc-4e51-b0fc-7b0d857ab5f2(fv-az476-382.2mevl5kwmm3ezivwarakluutxb.phxx.internal.cloudapp.net/10.1.0.19)31091561-319b-44fe-8343-13da60b8022d(fv-az476-382.2mevl5kwmm3ezivwarakluutxb.phxx.internal.cloudapp.net/10.1.0.19)ad6dcd81-1875-4667-9f21-c7397548b1ba(fv-az476-382.2mevl5kwmm3ezivwarakluutxb.phxx.internal.cloudapp.net/10.1.0.19), ReplicationConfig: EC/ECReplicationConfig{data=3, parity=2, ecChunkSize=1048576, codec=rs}, State:ALLOCATED, leaderId:, CreationTimestamp2023-02-14T08:18:46.617Z[Etc/UTC]].
2023-02-14 08:18:46,617 [IPC Server handler 19 on default port 45385] INFO  pipeline.PipelineManagerImpl (PipelineManagerImpl.java:openPipeline(367)) - Pipeline Pipeline[ Id: 0421db80-b4b6-49bf-8796-2c2ead1e1cbb, Nodes: 5c792a94-e343-4e55-bd70-b5b136c65d30(fv-az476-382.2mevl5kwmm3ezivwarakluutxb.phxx.internal.cloudapp.net/10.1.0.19)b5737586-1c7b-466e-b8cb-d0d8351e95e3(fv-az476-382.2mevl5kwmm3ezivwarakluutxb.phxx.internal.cloudapp.net/10.1.0.19)568f4c16-ddfc-4e51-b0fc-7b0d857ab5f2(fv-az476-382.2mevl5kwmm3ezivwarakluutxb.phxx.internal.cloudapp.net/10.1.0.19)31091561-319b-44fe-8343-13da60b8022d(fv-az476-382.2mevl5kwmm3ezivwarakluutxb.phxx.internal.cloudapp.net/10.1.0.19)ad6dcd81-1875-4667-9f21-c7397548b1ba(fv-az476-382.2mevl5kwmm3ezivwarakluutxb.phxx.internal.cloudapp.net/10.1.0.19), ReplicationConfig: EC/ECReplicationConfig{data=3, parity=2, ecChunkSize=1048576, codec=rs}, State:ALLOCATED, leaderId:, CreationTimestamp2023-02-14T08:18:46.617Z[Etc/UTC]] moved to OPEN state
2023-02-14 08:18:46,636 [IPC Server handler 8 on default port 34455] INFO  key.OMKeyRequest (OMKeyRequest.java:wrapUncommittedBlocksAsPseudoKey(837)) - Detect allocated but uncommitted blocks [{blockID={containerID=6, localID=111677748019200065}, length=4194304, offset=0, token=null, pipeline=null, createVersion=0, partNumber=0}] in key key2.
2023-02-14 08:18:46,642 [IPC Server handler 18 on default port 45385] INFO  pipeline.PipelineStateManagerImpl (PipelineStateManagerImpl.java:addPipeline(103)) - Created pipeline Pipeline[ Id: 2e9e16c1-c124-4107-9cfa-7ae7d11eaf5a, Nodes: 31091561-319b-44fe-8343-13da60b8022d(fv-az476-382.2mevl5kwmm3ezivwarakluutxb.phxx.internal.cloudapp.net/10.1.0.19)ad6dcd81-1875-4667-9f21-c7397548b1ba(fv-az476-382.2mevl5kwmm3ezivwarakluutxb.phxx.internal.cloudapp.net/10.1.0.19)b5737586-1c7b-466e-b8cb-d0d8351e95e3(fv-az476-382.2mevl5kwmm3ezivwarakluutxb.phxx.internal.cloudapp.net/10.1.0.19)5c792a94-e343-4e55-bd70-b5b136c65d30(fv-az476-382.2mevl5kwmm3ezivwarakluutxb.phxx.internal.cloudapp.net/10.1.0.19)568f4c16-ddfc-4e51-b0fc-7b0d857ab5f2(fv-az476-382.2mevl5kwmm3ezivwarakluutxb.phxx.internal.cloudapp.net/10.1.0.19), ReplicationConfig: EC/ECReplicationConfig{data=3, parity=2, ecChunkSize=1048576, codec=rs}, State:ALLOCATED, leaderId:, CreationTimestamp2023-02-14T08:18:46.641Z[Etc/UTC]].
2023-02-14 08:18:46,642 [IPC Server handler 18 on default port 45385] INFO  pipeline.PipelineManagerImpl (PipelineManagerImpl.java:openPipeline(367)) - Pipeline Pipeline[ Id: 2e9e16c1-c124-4107-9cfa-7ae7d11eaf5a, Nodes: 31091561-319b-44fe-8343-13da60b8022d(fv-az476-382.2mevl5kwmm3ezivwarakluutxb.phxx.internal.cloudapp.net/10.1.0.19)ad6dcd81-1875-4667-9f21-c7397548b1ba(fv-az476-382.2mevl5kwmm3ezivwarakluutxb.phxx.internal.cloudapp.net/10.1.0.19)b5737586-1c7b-466e-b8cb-d0d8351e95e3(fv-az476-382.2mevl5kwmm3ezivwarakluutxb.phxx.internal.cloudapp.net/10.1.0.19)5c792a94-e343-4e55-bd70-b5b136c65d30(fv-az476-382.2mevl5kwmm3ezivwarakluutxb.phxx.internal.cloudapp.net/10.1.0.19)568f4c16-ddfc-4e51-b0fc-7b0d857ab5f2(fv-az476-382.2mevl5kwmm3ezivwarakluutxb.phxx.internal.cloudapp.net/10.1.0.19), ReplicationConfig: EC/ECReplicationConfig{data=3, parity=2, ecChunkSize=1048576, codec=rs}, State:ALLOCATED, leaderId:, CreationTimestamp2023-02-14T08:18:46.641Z[Etc/UTC]] moved to OPEN state
2023-02-14 08:18:46,662 [IPC Server handler 14 on default port 34455] INFO  key.OMKeyRequest (OMKeyRequest.java:wrapUncommittedBlocksAsPseudoKey(837)) - Detect allocated but uncommitted blocks [{blockID={containerID=7, localID=111677748019200066}, length=4194304, offset=0, token=null, pipeline=null, createVersion=0, partNumber=0}] in key key3.
2023-02-14 08:18:46,666 [IPC Server handler 11 on default port 34455] INFO  key.OMKeyRequest (OMKeyRequest.java:wrapUncommittedBlocksAsPseudoKey(837)) - Detect allocated but uncommitted blocks [{blockID={containerID=1, localID=111677748019200067}, length=4194304, offset=0, token=null, pipeline=null, createVersion=0, partNumber=0}] in key key4.
]]></system-out>
  </testcase>
  <testcase name="testCreateKeyShouldUseRefreshedBucketReplicationConfig" classname="TestOzoneFileSystem" time="0.107">
    <system-out><![CDATA[2023-02-14 08:19:32,990 [Time-limited test] INFO  rpc.RpcClient (RpcClient.java:createVolume(476)) - Creating Volume: volume73866, with user89099 as owner and space quota set to -1 bytes, counts quota set to -1
2023-02-14 08:19:32,991 [OM StateMachine ApplyTransaction Thread - 0] INFO  volume.OMVolumeCreateRequest (OMVolumeCreateRequest.java:validateAndUpdateCache(195)) - created volume:volume73866 for user:user89099
2023-02-14 08:19:32,992 [Time-limited test] INFO  rpc.RpcClient (RpcClient.java:createBucket(699)) - Creating Bucket: volume73866/bucket19704, with bucket layout LEGACY, runner as owner, Versioning false, Storage Type set to DISK and Encryption set to false, Replication Type set to server-side default replication type, Namespace Quota set to -1, Space Quota set to -1 
2023-02-14 08:19:32,993 [OM StateMachine ApplyTransaction Thread - 0] INFO  bucket.OMBucketCreateRequest (OMBucketCreateRequest.java:validateAndUpdateCache(263)) - created bucket: bucket19704 of layout LEGACY in volume: volume73866
2023-02-14 08:19:33,011 [OM StateMachine ApplyTransaction Thread - 0] INFO  key.OMKeyRequest (OMKeyRequest.java:wrapUncommittedBlocksAsPseudoKey(837)) - Detect allocated but uncommitted blocks [{blockID={containerID=1, localID=111677748019200063}, length=4194304, offset=0, token=null, pipeline=null, createVersion=0, partNumber=0}] in key key.
2023-02-14 08:19:33,015 [OM StateMachine ApplyTransaction Thread - 0] INFO  key.OMKeyRequest (OMKeyRequest.java:wrapUncommittedBlocksAsPseudoKey(837)) - Detect allocated but uncommitted blocks [{blockID={containerID=3, localID=111677748019200064}, length=4194304, offset=0, token=null, pipeline=null, createVersion=0, partNumber=0}] in key key1.
2023-02-14 08:19:33,017 [IPC Server handler 16 on default port 44821] INFO  pipeline.PipelineStateManagerImpl (PipelineStateManagerImpl.java:addPipeline(103)) - Created pipeline Pipeline[ Id: 64cdf748-902b-48e1-a48c-3b5713928947, Nodes: 756d89f1-fb04-4866-b61e-06654fd6a7ad(fv-az476-382.2mevl5kwmm3ezivwarakluutxb.phxx.internal.cloudapp.net/10.1.0.19)23624866-2448-40b4-b246-86425eff7cca(fv-az476-382.2mevl5kwmm3ezivwarakluutxb.phxx.internal.cloudapp.net/10.1.0.19)0910efe8-a84f-4250-8aec-2e536a9734d2(fv-az476-382.2mevl5kwmm3ezivwarakluutxb.phxx.internal.cloudapp.net/10.1.0.19)beec9a9c-14cf-4df1-af52-b967c7424cdf(fv-az476-382.2mevl5kwmm3ezivwarakluutxb.phxx.internal.cloudapp.net/10.1.0.19)6d5fd74e-c16c-4183-9ec8-8461f8bdbc47(fv-az476-382.2mevl5kwmm3ezivwarakluutxb.phxx.internal.cloudapp.net/10.1.0.19), ReplicationConfig: EC/ECReplicationConfig{data=3, parity=2, ecChunkSize=1048576, codec=rs}, State:ALLOCATED, leaderId:, CreationTimestamp2023-02-14T08:19:33.017Z[Etc/UTC]].
2023-02-14 08:19:33,018 [IPC Server handler 16 on default port 44821] INFO  pipeline.PipelineManagerImpl (PipelineManagerImpl.java:openPipeline(367)) - Pipeline Pipeline[ Id: 64cdf748-902b-48e1-a48c-3b5713928947, Nodes: 756d89f1-fb04-4866-b61e-06654fd6a7ad(fv-az476-382.2mevl5kwmm3ezivwarakluutxb.phxx.internal.cloudapp.net/10.1.0.19)23624866-2448-40b4-b246-86425eff7cca(fv-az476-382.2mevl5kwmm3ezivwarakluutxb.phxx.internal.cloudapp.net/10.1.0.19)0910efe8-a84f-4250-8aec-2e536a9734d2(fv-az476-382.2mevl5kwmm3ezivwarakluutxb.phxx.internal.cloudapp.net/10.1.0.19)beec9a9c-14cf-4df1-af52-b967c7424cdf(fv-az476-382.2mevl5kwmm3ezivwarakluutxb.phxx.internal.cloudapp.net/10.1.0.19)6d5fd74e-c16c-4183-9ec8-8461f8bdbc47(fv-az476-382.2mevl5kwmm3ezivwarakluutxb.phxx.internal.cloudapp.net/10.1.0.19), ReplicationConfig: EC/ECReplicationConfig{data=3, parity=2, ecChunkSize=1048576, codec=rs}, State:ALLOCATED, leaderId:, CreationTimestamp2023-02-14T08:19:33.017Z[Etc/UTC]] moved to OPEN state
2023-02-14 08:19:33,036 [OM StateMachine ApplyTransaction Thread - 0] INFO  key.OMKeyRequest (OMKeyRequest.java:wrapUncommittedBlocksAsPseudoKey(837)) - Detect allocated but uncommitted blocks [{blockID={containerID=9, localID=111677748019200065}, length=4194304, offset=0, token=null, pipeline=null, createVersion=0, partNumber=0}] in key key2.
2023-02-14 08:19:33,043 [IPC Server handler 15 on default port 44821] INFO  pipeline.PipelineStateManagerImpl (PipelineStateManagerImpl.java:addPipeline(103)) - Created pipeline Pipeline[ Id: 62ca3251-1b76-406f-a24e-be94d7184889, Nodes: 756d89f1-fb04-4866-b61e-06654fd6a7ad(fv-az476-382.2mevl5kwmm3ezivwarakluutxb.phxx.internal.cloudapp.net/10.1.0.19)beec9a9c-14cf-4df1-af52-b967c7424cdf(fv-az476-382.2mevl5kwmm3ezivwarakluutxb.phxx.internal.cloudapp.net/10.1.0.19)23624866-2448-40b4-b246-86425eff7cca(fv-az476-382.2mevl5kwmm3ezivwarakluutxb.phxx.internal.cloudapp.net/10.1.0.19)0910efe8-a84f-4250-8aec-2e536a9734d2(fv-az476-382.2mevl5kwmm3ezivwarakluutxb.phxx.internal.cloudapp.net/10.1.0.19)6d5fd74e-c16c-4183-9ec8-8461f8bdbc47(fv-az476-382.2mevl5kwmm3ezivwarakluutxb.phxx.internal.cloudapp.net/10.1.0.19), ReplicationConfig: EC/ECReplicationConfig{data=3, parity=2, ecChunkSize=1048576, codec=rs}, State:ALLOCATED, leaderId:, CreationTimestamp2023-02-14T08:19:33.043Z[Etc/UTC]].
2023-02-14 08:19:33,043 [IPC Server handler 15 on default port 44821] INFO  pipeline.PipelineManagerImpl (PipelineManagerImpl.java:openPipeline(367)) - Pipeline Pipeline[ Id: 62ca3251-1b76-406f-a24e-be94d7184889, Nodes: 756d89f1-fb04-4866-b61e-06654fd6a7ad(fv-az476-382.2mevl5kwmm3ezivwarakluutxb.phxx.internal.cloudapp.net/10.1.0.19)beec9a9c-14cf-4df1-af52-b967c7424cdf(fv-az476-382.2mevl5kwmm3ezivwarakluutxb.phxx.internal.cloudapp.net/10.1.0.19)23624866-2448-40b4-b246-86425eff7cca(fv-az476-382.2mevl5kwmm3ezivwarakluutxb.phxx.internal.cloudapp.net/10.1.0.19)0910efe8-a84f-4250-8aec-2e536a9734d2(fv-az476-382.2mevl5kwmm3ezivwarakluutxb.phxx.internal.cloudapp.net/10.1.0.19)6d5fd74e-c16c-4183-9ec8-8461f8bdbc47(fv-az476-382.2mevl5kwmm3ezivwarakluutxb.phxx.internal.cloudapp.net/10.1.0.19), ReplicationConfig: EC/ECReplicationConfig{data=3, parity=2, ecChunkSize=1048576, codec=rs}, State:ALLOCATED, leaderId:, CreationTimestamp2023-02-14T08:19:33.043Z[Etc/UTC]] moved to OPEN state
2023-02-14 08:19:33,066 [OM StateMachine ApplyTransaction Thread - 0] INFO  key.OMKeyRequest (OMKeyRequest.java:wrapUncommittedBlocksAsPseudoKey(837)) - Detect allocated but uncommitted blocks [{blockID={containerID=10, localID=111677748019200066}, length=4194304, offset=0, token=null, pipeline=null, createVersion=0, partNumber=0}] in key key3.
2023-02-14 08:19:33,072 [OM StateMachine ApplyTransaction Thread - 0] INFO  key.OMKeyRequest (OMKeyRequest.java:wrapUncommittedBlocksAsPseudoKey(837)) - Detect allocated but uncommitted blocks [{blockID={containerID=1, localID=111677748019200067}, length=4194304, offset=0, token=null, pipeline=null, createVersion=0, partNumber=0}] in key key4.
]]></system-out>
  </testcase>
  <testcase name="testCreateKeyShouldUseRefreshedBucketReplicationConfig" classname="TestOzoneFileSystem" time="0.103">
    <system-out><![CDATA[2023-02-14 08:20:13,772 [Time-limited test] INFO  rpc.RpcClient (RpcClient.java:createVolume(476)) - Creating Volume: volume49036, with user56878 as owner and space quota set to -1 bytes, counts quota set to -1
2023-02-14 08:20:13,772 [IPC Server handler 2 on default port 42497] INFO  volume.OMVolumeCreateRequest (OMVolumeCreateRequest.java:validateAndUpdateCache(195)) - created volume:volume49036 for user:user56878
2023-02-14 08:20:13,773 [Time-limited test] INFO  rpc.RpcClient (RpcClient.java:createBucket(699)) - Creating Bucket: volume49036/bucket08006, with bucket layout LEGACY, runner as owner, Versioning false, Storage Type set to DISK and Encryption set to false, Replication Type set to server-side default replication type, Namespace Quota set to -1, Space Quota set to -1 
2023-02-14 08:20:13,774 [IPC Server handler 17 on default port 42497] INFO  bucket.OMBucketCreateRequest (OMBucketCreateRequest.java:validateAndUpdateCache(263)) - created bucket: bucket08006 of layout LEGACY in volume: volume49036
2023-02-14 08:20:13,786 [IPC Server handler 15 on default port 42497] INFO  key.OMKeyRequest (OMKeyRequest.java:wrapUncommittedBlocksAsPseudoKey(837)) - Detect allocated but uncommitted blocks [{blockID={containerID=8, localID=111677748019200063}, length=4194304, offset=0, token=null, pipeline=null, createVersion=0, partNumber=0}] in key key.
2023-02-14 08:20:13,789 [IPC Server handler 0 on default port 42497] INFO  key.OMKeyRequest (OMKeyRequest.java:wrapUncommittedBlocksAsPseudoKey(837)) - Detect allocated but uncommitted blocks [{blockID={containerID=6, localID=111677748019200064}, length=4194304, offset=0, token=null, pipeline=null, createVersion=0, partNumber=0}] in key key1.
2023-02-14 08:20:13,791 [IPC Server handler 8 on default port 33463] INFO  pipeline.PipelineStateManagerImpl (PipelineStateManagerImpl.java:addPipeline(103)) - Created pipeline Pipeline[ Id: c55ccdd3-d3e8-40e0-aba4-5307f71ed202, Nodes: 5eaff5f0-27f1-4250-be20-7eaa1ed6359c(fv-az476-382.2mevl5kwmm3ezivwarakluutxb.phxx.internal.cloudapp.net/10.1.0.19)6d2a8adb-ebe8-462b-9c77-c5b139cd2711(fv-az476-382.2mevl5kwmm3ezivwarakluutxb.phxx.internal.cloudapp.net/10.1.0.19)34ef5736-8ccc-4354-bdfe-e8e28e0b14c7(fv-az476-382.2mevl5kwmm3ezivwarakluutxb.phxx.internal.cloudapp.net/10.1.0.19)6359aaa4-8509-4a3b-a3c1-a8ea6163a916(fv-az476-382.2mevl5kwmm3ezivwarakluutxb.phxx.internal.cloudapp.net/10.1.0.19)41c129e8-6aab-4c9d-a285-58cf14387518(fv-az476-382.2mevl5kwmm3ezivwarakluutxb.phxx.internal.cloudapp.net/10.1.0.19), ReplicationConfig: EC/ECReplicationConfig{data=3, parity=2, ecChunkSize=1048576, codec=rs}, State:ALLOCATED, leaderId:, CreationTimestamp2023-02-14T08:20:13.791Z[Etc/UTC]].
2023-02-14 08:20:13,792 [IPC Server handler 8 on default port 33463] INFO  pipeline.PipelineManagerImpl (PipelineManagerImpl.java:openPipeline(367)) - Pipeline Pipeline[ Id: c55ccdd3-d3e8-40e0-aba4-5307f71ed202, Nodes: 5eaff5f0-27f1-4250-be20-7eaa1ed6359c(fv-az476-382.2mevl5kwmm3ezivwarakluutxb.phxx.internal.cloudapp.net/10.1.0.19)6d2a8adb-ebe8-462b-9c77-c5b139cd2711(fv-az476-382.2mevl5kwmm3ezivwarakluutxb.phxx.internal.cloudapp.net/10.1.0.19)34ef5736-8ccc-4354-bdfe-e8e28e0b14c7(fv-az476-382.2mevl5kwmm3ezivwarakluutxb.phxx.internal.cloudapp.net/10.1.0.19)6359aaa4-8509-4a3b-a3c1-a8ea6163a916(fv-az476-382.2mevl5kwmm3ezivwarakluutxb.phxx.internal.cloudapp.net/10.1.0.19)41c129e8-6aab-4c9d-a285-58cf14387518(fv-az476-382.2mevl5kwmm3ezivwarakluutxb.phxx.internal.cloudapp.net/10.1.0.19), ReplicationConfig: EC/ECReplicationConfig{data=3, parity=2, ecChunkSize=1048576, codec=rs}, State:ALLOCATED, leaderId:, CreationTimestamp2023-02-14T08:20:13.791Z[Etc/UTC]] moved to OPEN state
2023-02-14 08:20:13,814 [IPC Server handler 4 on default port 42497] INFO  key.OMKeyRequest (OMKeyRequest.java:wrapUncommittedBlocksAsPseudoKey(837)) - Detect allocated but uncommitted blocks [{blockID={containerID=9, localID=111677748019200065}, length=4194304, offset=0, token=null, pipeline=null, createVersion=0, partNumber=0}] in key key2.
2023-02-14 08:20:13,820 [IPC Server handler 7 on default port 33463] INFO  pipeline.PipelineStateManagerImpl (PipelineStateManagerImpl.java:addPipeline(103)) - Created pipeline Pipeline[ Id: 0933b77c-59c8-4941-84ec-bf33d2121e22, Nodes: 5eaff5f0-27f1-4250-be20-7eaa1ed6359c(fv-az476-382.2mevl5kwmm3ezivwarakluutxb.phxx.internal.cloudapp.net/10.1.0.19)6d2a8adb-ebe8-462b-9c77-c5b139cd2711(fv-az476-382.2mevl5kwmm3ezivwarakluutxb.phxx.internal.cloudapp.net/10.1.0.19)34ef5736-8ccc-4354-bdfe-e8e28e0b14c7(fv-az476-382.2mevl5kwmm3ezivwarakluutxb.phxx.internal.cloudapp.net/10.1.0.19)6359aaa4-8509-4a3b-a3c1-a8ea6163a916(fv-az476-382.2mevl5kwmm3ezivwarakluutxb.phxx.internal.cloudapp.net/10.1.0.19)41c129e8-6aab-4c9d-a285-58cf14387518(fv-az476-382.2mevl5kwmm3ezivwarakluutxb.phxx.internal.cloudapp.net/10.1.0.19), ReplicationConfig: EC/ECReplicationConfig{data=3, parity=2, ecChunkSize=1048576, codec=rs}, State:ALLOCATED, leaderId:, CreationTimestamp2023-02-14T08:20:13.820Z[Etc/UTC]].
2023-02-14 08:20:13,821 [IPC Server handler 7 on default port 33463] INFO  pipeline.PipelineManagerImpl (PipelineManagerImpl.java:openPipeline(367)) - Pipeline Pipeline[ Id: 0933b77c-59c8-4941-84ec-bf33d2121e22, Nodes: 5eaff5f0-27f1-4250-be20-7eaa1ed6359c(fv-az476-382.2mevl5kwmm3ezivwarakluutxb.phxx.internal.cloudapp.net/10.1.0.19)6d2a8adb-ebe8-462b-9c77-c5b139cd2711(fv-az476-382.2mevl5kwmm3ezivwarakluutxb.phxx.internal.cloudapp.net/10.1.0.19)34ef5736-8ccc-4354-bdfe-e8e28e0b14c7(fv-az476-382.2mevl5kwmm3ezivwarakluutxb.phxx.internal.cloudapp.net/10.1.0.19)6359aaa4-8509-4a3b-a3c1-a8ea6163a916(fv-az476-382.2mevl5kwmm3ezivwarakluutxb.phxx.internal.cloudapp.net/10.1.0.19)41c129e8-6aab-4c9d-a285-58cf14387518(fv-az476-382.2mevl5kwmm3ezivwarakluutxb.phxx.internal.cloudapp.net/10.1.0.19), ReplicationConfig: EC/ECReplicationConfig{data=3, parity=2, ecChunkSize=1048576, codec=rs}, State:ALLOCATED, leaderId:, CreationTimestamp2023-02-14T08:20:13.820Z[Etc/UTC]] moved to OPEN state
2023-02-14 08:20:13,845 [IPC Server handler 2 on default port 42497] INFO  key.OMKeyRequest (OMKeyRequest.java:wrapUncommittedBlocksAsPseudoKey(837)) - Detect allocated but uncommitted blocks [{blockID={containerID=10, localID=111677748019200066}, length=4194304, offset=0, token=null, pipeline=null, createVersion=0, partNumber=0}] in key key3.
2023-02-14 08:20:13,849 [IPC Server handler 19 on default port 42497] INFO  key.OMKeyRequest (OMKeyRequest.java:wrapUncommittedBlocksAsPseudoKey(837)) - Detect allocated but uncommitted blocks [{blockID={containerID=8, localID=111677748019200067}, length=4194304, offset=0, token=null, pipeline=null, createVersion=0, partNumber=0}] in key key4.
]]></system-out>
  </testcase>
  <testcase name="testListStatusIteratorOnRoot" classname="TestOzoneFileSystem" time="0.036"/>
  <testcase name="testListStatusIteratorOnRoot" classname="TestOzoneFileSystem" time="0.018"/>
  <testcase name="testListStatusIteratorOnRoot" classname="TestOzoneFileSystem" time="0.024"/>
  <testcase name="testListStatusIteratorOnRoot" classname="TestOzoneFileSystem" time="0.02"/>
  <testcase name="testRenameDirToFile" classname="TestOzoneFileSystem" time="0.023">
    <system-out><![CDATA[2023-02-14 08:18:01,418 [OM StateMachine ApplyTransaction Thread - 0] INFO  key.OMKeyRequest (OMKeyRequest.java:wrapUncommittedBlocksAsPseudoKey(837)) - Detect allocated but uncommitted blocks [{blockID={containerID=2, localID=111677748019200068}, length=4194304, offset=0, token=null, pipeline=null, createVersion=0, partNumber=0}] in key root/file1.
2023-02-14 08:18:01,421 [Time-limited test] WARN  ozone.BasicOzoneFileSystem (BasicOzoneFileSystem.java:rename(423)) - Failed to rename o3fs://bucket15311.volume67802/a/b/c to o3fs://bucket15311.volume67802/root/file1, file already exists!
]]></system-out>
  </testcase>
  <testcase name="testRenameDirToFile" classname="TestOzoneFileSystem" time="0.013">
    <system-out><![CDATA[2023-02-14 08:18:46,691 [IPC Server handler 17 on default port 34455] INFO  key.OMKeyRequest (OMKeyRequest.java:wrapUncommittedBlocksAsPseudoKey(837)) - Detect allocated but uncommitted blocks [{blockID={containerID=2, localID=111677748019200068}, length=4194304, offset=0, token=null, pipeline=null, createVersion=0, partNumber=0}] in key root/file1.
2023-02-14 08:18:46,692 [Time-limited test] WARN  ozone.BasicOzoneFileSystem (BasicOzoneFileSystem.java:rename(423)) - Failed to rename o3fs://bucket02286.volume94786/a/b/c to o3fs://bucket02286.volume94786/root/file1, file already exists!
]]></system-out>
  </testcase>
  <testcase name="testRenameDirToFile" classname="TestOzoneFileSystem" time="0.016">
    <system-out><![CDATA[2023-02-14 08:19:33,107 [OM StateMachine ApplyTransaction Thread - 0] INFO  key.OMKeyRequest (OMKeyRequest.java:wrapUncommittedBlocksAsPseudoKey(837)) - Detect allocated but uncommitted blocks [{blockID={containerID=2, localID=111677748019200068}, length=4194304, offset=0, token=null, pipeline=null, createVersion=0, partNumber=0}] in key root/file1.
2023-02-14 08:19:33,108 [Time-limited test] WARN  ozone.BasicOzoneFileSystem (BasicOzoneFileSystem.java:rename(423)) - Failed to rename o3fs://bucket05375.volume29101/a/b/c to o3fs://bucket05375.volume29101/root/file1, file already exists!
]]></system-out>
  </testcase>
  <testcase name="testRenameDirToFile" classname="TestOzoneFileSystem" time="0.016">
    <system-out><![CDATA[2023-02-14 08:20:13,881 [IPC Server handler 16 on default port 42497] INFO  key.OMKeyRequest (OMKeyRequest.java:wrapUncommittedBlocksAsPseudoKey(837)) - Detect allocated but uncommitted blocks [{blockID={containerID=6, localID=111677748019200068}, length=4194304, offset=0, token=null, pipeline=null, createVersion=0, partNumber=0}] in key root/file1.
2023-02-14 08:20:13,883 [Time-limited test] WARN  ozone.BasicOzoneFileSystem (BasicOzoneFileSystem.java:rename(423)) - Failed to rename o3fs://bucket20487.volume12456/a/b/c to o3fs://bucket20487.volume12456/root/file1, file already exists!
]]></system-out>
  </testcase>
  <testcase name="testRenameToNewSubDirShouldNotExist" classname="TestOzoneFileSystem" time="0.038">
    <system-out><![CDATA[2023-02-14 08:18:01,449 [Time-limited test] WARN  ozone.BasicOzoneFileSystem (BasicOzoneFileSystem.java:rename(417)) - Failed to rename o3fs://bucket15311.volume67802/a to o3fs://bucket15311.volume67802/b/a, file already exists or not empty!
2023-02-14 08:18:01,455 [OM StateMachine ApplyTransaction Thread - 0] INFO  key.OMKeyRequest (OMKeyRequest.java:wrapUncommittedBlocksAsPseudoKey(837)) - Detect allocated but uncommitted blocks [{blockID={containerID=1, localID=111677748019200069}, length=4194304, offset=0, token=null, pipeline=null, createVersion=0, partNumber=0}] in key file1.
2023-02-14 08:18:01,459 [OM StateMachine ApplyTransaction Thread - 0] INFO  key.OMKeyRequest (OMKeyRequest.java:wrapUncommittedBlocksAsPseudoKey(837)) - Detect allocated but uncommitted blocks [{blockID={containerID=2, localID=111677748019200070}, length=4194304, offset=0, token=null, pipeline=null, createVersion=0, partNumber=0}] in key a/file1.
2023-02-14 08:18:01,461 [Time-limited test] WARN  ozone.BasicOzoneFileSystem (BasicOzoneFileSystem.java:rename(417)) - Failed to rename o3fs://bucket15311.volume67802/file1 to o3fs://bucket15311.volume67802/a/file1, file already exists or not empty!
]]></system-out>
  </testcase>
  <testcase name="testRenameToNewSubDirShouldNotExist" classname="TestOzoneFileSystem" time="0.021">
    <system-out><![CDATA[2023-02-14 08:18:46,707 [Time-limited test] WARN  ozone.BasicOzoneFileSystem (BasicOzoneFileSystem.java:rename(417)) - Failed to rename o3fs://bucket02286.volume94786/a to o3fs://bucket02286.volume94786/b/a, file already exists or not empty!
2023-02-14 08:18:46,709 [IPC Server handler 19 on default port 34455] INFO  key.OMKeyRequest (OMKeyRequest.java:wrapUncommittedBlocksAsPseudoKey(837)) - Detect allocated but uncommitted blocks [{blockID={containerID=1, localID=111677748019200069}, length=4194304, offset=0, token=null, pipeline=null, createVersion=0, partNumber=0}] in key file1.
2023-02-14 08:18:46,711 [IPC Server handler 1 on default port 34455] INFO  key.OMKeyRequest (OMKeyRequest.java:wrapUncommittedBlocksAsPseudoKey(837)) - Detect allocated but uncommitted blocks [{blockID={containerID=2, localID=111677748019200070}, length=4194304, offset=0, token=null, pipeline=null, createVersion=0, partNumber=0}] in key a/file1.
2023-02-14 08:18:46,713 [Time-limited test] WARN  ozone.BasicOzoneFileSystem (BasicOzoneFileSystem.java:rename(417)) - Failed to rename o3fs://bucket02286.volume94786/file1 to o3fs://bucket02286.volume94786/a/file1, file already exists or not empty!
]]></system-out>
  </testcase>
  <testcase name="testRenameToNewSubDirShouldNotExist" classname="TestOzoneFileSystem" time="0.031">
    <system-out><![CDATA[2023-02-14 08:19:33,128 [Time-limited test] WARN  ozone.BasicOzoneFileSystem (BasicOzoneFileSystem.java:rename(417)) - Failed to rename o3fs://bucket05375.volume29101/a to o3fs://bucket05375.volume29101/b/a, file already exists or not empty!
2023-02-14 08:19:33,133 [OM StateMachine ApplyTransaction Thread - 0] INFO  key.OMKeyRequest (OMKeyRequest.java:wrapUncommittedBlocksAsPseudoKey(837)) - Detect allocated but uncommitted blocks [{blockID={containerID=3, localID=111677748019200069}, length=4194304, offset=0, token=null, pipeline=null, createVersion=0, partNumber=0}] in key file1.
2023-02-14 08:19:33,136 [OM StateMachine ApplyTransaction Thread - 0] INFO  key.OMKeyRequest (OMKeyRequest.java:wrapUncommittedBlocksAsPseudoKey(837)) - Detect allocated but uncommitted blocks [{blockID={containerID=4, localID=111677748019200070}, length=4194304, offset=0, token=null, pipeline=null, createVersion=0, partNumber=0}] in key a/file1.
2023-02-14 08:19:33,138 [Time-limited test] WARN  ozone.BasicOzoneFileSystem (BasicOzoneFileSystem.java:rename(417)) - Failed to rename o3fs://bucket05375.volume29101/file1 to o3fs://bucket05375.volume29101/a/file1, file already exists or not empty!
]]></system-out>
  </testcase>
  <testcase name="testRenameToNewSubDirShouldNotExist" classname="TestOzoneFileSystem" time="0.025">
    <system-out><![CDATA[2023-02-14 08:20:13,898 [Time-limited test] WARN  ozone.BasicOzoneFileSystem (BasicOzoneFileSystem.java:rename(417)) - Failed to rename o3fs://bucket20487.volume12456/a to o3fs://bucket20487.volume12456/b/a, file already exists or not empty!
2023-02-14 08:20:13,901 [IPC Server handler 6 on default port 42497] INFO  key.OMKeyRequest (OMKeyRequest.java:wrapUncommittedBlocksAsPseudoKey(837)) - Detect allocated but uncommitted blocks [{blockID={containerID=2, localID=111677748019200069}, length=4194304, offset=0, token=null, pipeline=null, createVersion=0, partNumber=0}] in key file1.
2023-02-14 08:20:13,903 [IPC Server handler 15 on default port 42497] INFO  key.OMKeyRequest (OMKeyRequest.java:wrapUncommittedBlocksAsPseudoKey(837)) - Detect allocated but uncommitted blocks [{blockID={containerID=1, localID=111677748019200070}, length=4194304, offset=0, token=null, pipeline=null, createVersion=0, partNumber=0}] in key a/file1.
2023-02-14 08:20:13,906 [Time-limited test] WARN  ozone.BasicOzoneFileSystem (BasicOzoneFileSystem.java:rename(417)) - Failed to rename o3fs://bucket20487.volume12456/file1 to o3fs://bucket20487.volume12456/a/file1, file already exists or not empty!
]]></system-out>
  </testcase>
  <testcase name="testListStatusOnLargeDirectoryForACLCheck" classname="TestOzoneFileSystem" time="1.964">
    <system-out><![CDATA[2023-02-14 08:18:03,396 [om1-client-thread1] INFO  segmented.SegmentedRaftLogWorker (SegmentedRaftLogWorker.java:rollLogSegment(457)) - om1@group-C5BA1605619E-SegmentedRaftLogWorker: Rolling segment log-0_36902 to index:36902
2023-02-14 08:18:03,398 [om1@group-C5BA1605619E-SegmentedRaftLogWorker] INFO  segmented.SegmentedRaftLogWorker (SegmentedRaftLogWorker.java:execute(613)) - om1@group-C5BA1605619E-SegmentedRaftLogWorker: Rolled log segment from /home/runner/work/ozone/ozone/hadoop-ozone/integration-test/target/test-dir/MiniOzoneClusterImpl-b6fac55f-b4cf-4cde-8675-802fd5a9473d/ozone-meta/ratis/bf265839-605b-3f16-9796-c5ba1605619e/current/log_inprogress_0 to /home/runner/work/ozone/ozone/hadoop-ozone/integration-test/target/test-dir/MiniOzoneClusterImpl-b6fac55f-b4cf-4cde-8675-802fd5a9473d/ozone-meta/ratis/bf265839-605b-3f16-9796-c5ba1605619e/current/log_0-36902
2023-02-14 08:18:03,406 [om1@group-C5BA1605619E-SegmentedRaftLogWorker] INFO  segmented.SegmentedRaftLogWorker (SegmentedRaftLogWorker.java:execute(656)) - om1@group-C5BA1605619E-SegmentedRaftLogWorker: created new log segment /home/runner/work/ozone/ozone/hadoop-ozone/integration-test/target/test-dir/MiniOzoneClusterImpl-b6fac55f-b4cf-4cde-8675-802fd5a9473d/ozone-meta/ratis/bf265839-605b-3f16-9796-c5ba1605619e/current/log_inprogress_36903
]]></system-out>
  </testcase>
  <testcase name="testListStatusOnLargeDirectoryForACLCheck" classname="TestOzoneFileSystem" time="0.787"/>
  <testcase name="testListStatusOnLargeDirectoryForACLCheck" classname="TestOzoneFileSystem" time="1.643">
    <system-out><![CDATA[2023-02-14 08:19:34,745 [om1-client-thread1] INFO  segmented.SegmentedRaftLogWorker (SegmentedRaftLogWorker.java:rollLogSegment(457)) - om1@group-C5BA1605619E-SegmentedRaftLogWorker: Rolling segment log-0_36876 to index:36876
2023-02-14 08:19:34,746 [om1@group-C5BA1605619E-SegmentedRaftLogWorker] INFO  segmented.SegmentedRaftLogWorker (SegmentedRaftLogWorker.java:execute(613)) - om1@group-C5BA1605619E-SegmentedRaftLogWorker: Rolled log segment from /home/runner/work/ozone/ozone/hadoop-ozone/integration-test/target/test-dir/MiniOzoneClusterImpl-9064264e-2b58-4737-9fe3-fdda8e014d69/ozone-meta/ratis/bf265839-605b-3f16-9796-c5ba1605619e/current/log_inprogress_0 to /home/runner/work/ozone/ozone/hadoop-ozone/integration-test/target/test-dir/MiniOzoneClusterImpl-9064264e-2b58-4737-9fe3-fdda8e014d69/ozone-meta/ratis/bf265839-605b-3f16-9796-c5ba1605619e/current/log_0-36876
2023-02-14 08:19:34,754 [om1@group-C5BA1605619E-SegmentedRaftLogWorker] INFO  segmented.SegmentedRaftLogWorker (SegmentedRaftLogWorker.java:execute(656)) - om1@group-C5BA1605619E-SegmentedRaftLogWorker: created new log segment /home/runner/work/ozone/ozone/hadoop-ozone/integration-test/target/test-dir/MiniOzoneClusterImpl-9064264e-2b58-4737-9fe3-fdda8e014d69/ozone-meta/ratis/bf265839-605b-3f16-9796-c5ba1605619e/current/log_inprogress_36877
]]></system-out>
  </testcase>
  <testcase name="testListStatusOnLargeDirectoryForACLCheck" classname="TestOzoneFileSystem" time="1.024"/>
  <testcase name="testRenameFileToDir" classname="TestOzoneFileSystem" time="0.034">
    <system-out><![CDATA[2023-02-14 08:18:03,446 [OM StateMachine ApplyTransaction Thread - 0] INFO  key.OMKeyRequest (OMKeyRequest.java:wrapUncommittedBlocksAsPseudoKey(837)) - Detect allocated but uncommitted blocks [{blockID={containerID=1, localID=111677748019200071}, length=4194304, offset=0, token=null, pipeline=null, createVersion=0, partNumber=0}] in key root/file1.
08:18:03.450 [IPC Server handler 12 on default port 34711] ERROR OMAudit - user=runner | ip=127.0.0.1 | op=LIST_STATUS {volume=volume67802, bucket=bucket15311, key=a/b/c/file1, dataSize=0, replicationConfig=null} | ret=FAILURE
org.apache.hadoop.ozone.om.exceptions.OMException: Unable to get file status: volume: volume67802 bucket: bucket15311 key: a/b/c/file1
	at org.apache.hadoop.ozone.om.KeyManagerImpl.getOzoneFileStatus(KeyManagerImpl.java:1162) ~[ozone-manager-1.4.0-SNAPSHOT.jar:?]
	at org.apache.hadoop.ozone.om.KeyManagerImpl.getFileStatus(KeyManagerImpl.java:1080) ~[ozone-manager-1.4.0-SNAPSHOT.jar:?]
	at org.apache.hadoop.ozone.om.KeyManagerImpl.listStatus(KeyManagerImpl.java:1443) ~[ozone-manager-1.4.0-SNAPSHOT.jar:?]
	at org.apache.hadoop.ozone.om.OmMetadataReader.listStatus(OmMetadataReader.java:261) ~[ozone-manager-1.4.0-SNAPSHOT.jar:?]
	at org.apache.hadoop.ozone.om.OzoneManager.listStatus(OzoneManager.java:3468) ~[ozone-manager-1.4.0-SNAPSHOT.jar:?]
	at org.apache.hadoop.ozone.protocolPB.OzoneManagerRequestHandler.listStatus(OzoneManagerRequestHandler.java:1097) ~[ozone-manager-1.4.0-SNAPSHOT.jar:?]
	at org.apache.hadoop.ozone.protocolPB.OzoneManagerRequestHandler.handleReadRequest(OzoneManagerRequestHandler.java:249) ~[ozone-manager-1.4.0-SNAPSHOT.jar:?]
	at org.apache.hadoop.ozone.protocolPB.OzoneManagerProtocolServerSideTranslatorPB.submitReadRequestToOM(OzoneManagerProtocolServerSideTranslatorPB.java:223) ~[ozone-manager-1.4.0-SNAPSHOT.jar:?]
	at org.apache.hadoop.ozone.protocolPB.OzoneManagerProtocolServerSideTranslatorPB.processRequest(OzoneManagerProtocolServerSideTranslatorPB.java:177) ~[ozone-manager-1.4.0-SNAPSHOT.jar:?]
	at org.apache.hadoop.hdds.server.OzoneProtocolMessageDispatcher.processRequest(OzoneProtocolMessageDispatcher.java:87) [hdds-server-framework-1.4.0-SNAPSHOT.jar:?]
	at org.apache.hadoop.ozone.protocolPB.OzoneManagerProtocolServerSideTranslatorPB.submitRequest(OzoneManagerProtocolServerSideTranslatorPB.java:147) [ozone-manager-1.4.0-SNAPSHOT.jar:?]
	at org.apache.hadoop.ozone.protocol.proto.OzoneManagerProtocolProtos$OzoneManagerService$2.callBlockingMethod(OzoneManagerProtocolProtos.java) [ozone-interface-client-1.4.0-SNAPSHOT.jar:?]
	at org.apache.hadoop.ipc.ProtobufRpcEngine$Server.processCall(ProtobufRpcEngine.java:465) [hadoop-common-3.3.4.jar:?]
	at org.apache.hadoop.ipc.ProtobufRpcEngine2$Server$ProtoBufRpcInvoker.call(ProtobufRpcEngine2.java:578) [hadoop-common-3.3.4.jar:?]
	at org.apache.hadoop.ipc.ProtobufRpcEngine2$Server$ProtoBufRpcInvoker.call(ProtobufRpcEngine2.java:556) [hadoop-common-3.3.4.jar:?]
	at org.apache.hadoop.ipc.RPC$Server.call(RPC.java:1093) [hadoop-common-3.3.4.jar:?]
	at org.apache.hadoop.ipc.Server$RpcCall.run(Server.java:1043) [hadoop-common-3.3.4.jar:?]
	at org.apache.hadoop.ipc.Server$RpcCall.run(Server.java:971) [hadoop-common-3.3.4.jar:?]
	at java.security.AccessController.doPrivileged(Native Method) ~[?:1.8.0_362]
	at javax.security.auth.Subject.doAs(Subject.java:422) [?:1.8.0_362]
	at org.apache.hadoop.security.UserGroupInformation.doAs(UserGroupInformation.java:1878) [hadoop-common-3.3.4.jar:?]
	at org.apache.hadoop.ipc.Server$Handler.run(Server.java:2976) [hadoop-common-3.3.4.jar:?]
]]></system-out>
  </testcase>
  <testcase name="testRenameFileToDir" classname="TestOzoneFileSystem" time="0.025">
    <system-out><![CDATA[2023-02-14 08:18:47,512 [IPC Server handler 12 on default port 34455] INFO  key.OMKeyRequest (OMKeyRequest.java:wrapUncommittedBlocksAsPseudoKey(837)) - Detect allocated but uncommitted blocks [{blockID={containerID=1, localID=111677748019200071}, length=4194304, offset=0, token=null, pipeline=null, createVersion=0, partNumber=0}] in key root/file1.
08:18:47.515 [IPC Server handler 15 on default port 34455] ERROR OMAudit - user=runner | ip=127.0.0.1 | op=LIST_STATUS {volume=volume94786, bucket=bucket02286, key=a/b/c/file1, dataSize=0, replicationConfig=null} | ret=FAILURE
org.apache.hadoop.ozone.om.exceptions.OMException: Unable to get file status: volume: volume94786 bucket: bucket02286 key: a/b/c/file1
	at org.apache.hadoop.ozone.om.KeyManagerImpl.getOzoneFileStatus(KeyManagerImpl.java:1162) ~[ozone-manager-1.4.0-SNAPSHOT.jar:?]
	at org.apache.hadoop.ozone.om.KeyManagerImpl.getFileStatus(KeyManagerImpl.java:1080) ~[ozone-manager-1.4.0-SNAPSHOT.jar:?]
	at org.apache.hadoop.ozone.om.KeyManagerImpl.listStatus(KeyManagerImpl.java:1443) ~[ozone-manager-1.4.0-SNAPSHOT.jar:?]
	at org.apache.hadoop.ozone.om.OmMetadataReader.listStatus(OmMetadataReader.java:261) ~[ozone-manager-1.4.0-SNAPSHOT.jar:?]
	at org.apache.hadoop.ozone.om.OzoneManager.listStatus(OzoneManager.java:3468) ~[ozone-manager-1.4.0-SNAPSHOT.jar:?]
	at org.apache.hadoop.ozone.protocolPB.OzoneManagerRequestHandler.listStatus(OzoneManagerRequestHandler.java:1097) ~[ozone-manager-1.4.0-SNAPSHOT.jar:?]
	at org.apache.hadoop.ozone.protocolPB.OzoneManagerRequestHandler.handleReadRequest(OzoneManagerRequestHandler.java:249) ~[ozone-manager-1.4.0-SNAPSHOT.jar:?]
	at org.apache.hadoop.ozone.protocolPB.OzoneManagerProtocolServerSideTranslatorPB.submitRequestDirectlyToOM(OzoneManagerProtocolServerSideTranslatorPB.java:271) ~[ozone-manager-1.4.0-SNAPSHOT.jar:?]
	at org.apache.hadoop.ozone.protocolPB.OzoneManagerProtocolServerSideTranslatorPB.processRequest(OzoneManagerProtocolServerSideTranslatorPB.java:173) ~[ozone-manager-1.4.0-SNAPSHOT.jar:?]
	at org.apache.hadoop.hdds.server.OzoneProtocolMessageDispatcher.processRequest(OzoneProtocolMessageDispatcher.java:87) [hdds-server-framework-1.4.0-SNAPSHOT.jar:?]
	at org.apache.hadoop.ozone.protocolPB.OzoneManagerProtocolServerSideTranslatorPB.submitRequest(OzoneManagerProtocolServerSideTranslatorPB.java:147) [ozone-manager-1.4.0-SNAPSHOT.jar:?]
	at org.apache.hadoop.ozone.protocol.proto.OzoneManagerProtocolProtos$OzoneManagerService$2.callBlockingMethod(OzoneManagerProtocolProtos.java) [ozone-interface-client-1.4.0-SNAPSHOT.jar:?]
	at org.apache.hadoop.ipc.ProtobufRpcEngine$Server.processCall(ProtobufRpcEngine.java:465) [hadoop-common-3.3.4.jar:?]
	at org.apache.hadoop.ipc.ProtobufRpcEngine2$Server$ProtoBufRpcInvoker.call(ProtobufRpcEngine2.java:578) [hadoop-common-3.3.4.jar:?]
	at org.apache.hadoop.ipc.ProtobufRpcEngine2$Server$ProtoBufRpcInvoker.call(ProtobufRpcEngine2.java:556) [hadoop-common-3.3.4.jar:?]
	at org.apache.hadoop.ipc.RPC$Server.call(RPC.java:1093) [hadoop-common-3.3.4.jar:?]
	at org.apache.hadoop.ipc.Server$RpcCall.run(Server.java:1043) [hadoop-common-3.3.4.jar:?]
	at org.apache.hadoop.ipc.Server$RpcCall.run(Server.java:971) [hadoop-common-3.3.4.jar:?]
	at java.security.AccessController.doPrivileged(Native Method) ~[?:1.8.0_362]
	at javax.security.auth.Subject.doAs(Subject.java:422) [?:1.8.0_362]
	at org.apache.hadoop.security.UserGroupInformation.doAs(UserGroupInformation.java:1878) [hadoop-common-3.3.4.jar:?]
	at org.apache.hadoop.ipc.Server$Handler.run(Server.java:2976) [hadoop-common-3.3.4.jar:?]
]]></system-out>
  </testcase>
  <testcase name="testRenameFileToDir" classname="TestOzoneFileSystem" time="0.034">
    <system-out><![CDATA[2023-02-14 08:19:34,800 [OM StateMachine ApplyTransaction Thread - 0] INFO  key.OMKeyRequest (OMKeyRequest.java:wrapUncommittedBlocksAsPseudoKey(837)) - Detect allocated but uncommitted blocks [{blockID={containerID=2, localID=111677748019200071}, length=4194304, offset=0, token=null, pipeline=null, createVersion=0, partNumber=0}] in key root/file1.
08:19:34.802 [IPC Server handler 12 on default port 32845] ERROR OMAudit - user=runner | ip=127.0.0.1 | op=LIST_STATUS {volume=volume29101, bucket=bucket05375, key=a/b/c/file1, dataSize=0, replicationConfig=null} | ret=FAILURE
org.apache.hadoop.ozone.om.exceptions.OMException: Unable to get file status: volume: volume29101 bucket: bucket05375 key: a/b/c/file1
	at org.apache.hadoop.ozone.om.KeyManagerImpl.getOzoneFileStatus(KeyManagerImpl.java:1162) ~[ozone-manager-1.4.0-SNAPSHOT.jar:?]
	at org.apache.hadoop.ozone.om.KeyManagerImpl.getFileStatus(KeyManagerImpl.java:1080) ~[ozone-manager-1.4.0-SNAPSHOT.jar:?]
	at org.apache.hadoop.ozone.om.KeyManagerImpl.listStatus(KeyManagerImpl.java:1443) ~[ozone-manager-1.4.0-SNAPSHOT.jar:?]
	at org.apache.hadoop.ozone.om.OmMetadataReader.listStatus(OmMetadataReader.java:261) ~[ozone-manager-1.4.0-SNAPSHOT.jar:?]
	at org.apache.hadoop.ozone.om.OzoneManager.listStatus(OzoneManager.java:3468) ~[ozone-manager-1.4.0-SNAPSHOT.jar:?]
	at org.apache.hadoop.ozone.protocolPB.OzoneManagerRequestHandler.listStatus(OzoneManagerRequestHandler.java:1097) ~[ozone-manager-1.4.0-SNAPSHOT.jar:?]
	at org.apache.hadoop.ozone.protocolPB.OzoneManagerRequestHandler.handleReadRequest(OzoneManagerRequestHandler.java:249) ~[ozone-manager-1.4.0-SNAPSHOT.jar:?]
	at org.apache.hadoop.ozone.protocolPB.OzoneManagerProtocolServerSideTranslatorPB.submitReadRequestToOM(OzoneManagerProtocolServerSideTranslatorPB.java:223) ~[ozone-manager-1.4.0-SNAPSHOT.jar:?]
	at org.apache.hadoop.ozone.protocolPB.OzoneManagerProtocolServerSideTranslatorPB.processRequest(OzoneManagerProtocolServerSideTranslatorPB.java:177) ~[ozone-manager-1.4.0-SNAPSHOT.jar:?]
	at org.apache.hadoop.hdds.server.OzoneProtocolMessageDispatcher.processRequest(OzoneProtocolMessageDispatcher.java:87) [hdds-server-framework-1.4.0-SNAPSHOT.jar:?]
	at org.apache.hadoop.ozone.protocolPB.OzoneManagerProtocolServerSideTranslatorPB.submitRequest(OzoneManagerProtocolServerSideTranslatorPB.java:147) [ozone-manager-1.4.0-SNAPSHOT.jar:?]
	at org.apache.hadoop.ozone.protocol.proto.OzoneManagerProtocolProtos$OzoneManagerService$2.callBlockingMethod(OzoneManagerProtocolProtos.java) [ozone-interface-client-1.4.0-SNAPSHOT.jar:?]
	at org.apache.hadoop.ipc.ProtobufRpcEngine$Server.processCall(ProtobufRpcEngine.java:465) [hadoop-common-3.3.4.jar:?]
	at org.apache.hadoop.ipc.ProtobufRpcEngine2$Server$ProtoBufRpcInvoker.call(ProtobufRpcEngine2.java:578) [hadoop-common-3.3.4.jar:?]
	at org.apache.hadoop.ipc.ProtobufRpcEngine2$Server$ProtoBufRpcInvoker.call(ProtobufRpcEngine2.java:556) [hadoop-common-3.3.4.jar:?]
	at org.apache.hadoop.ipc.RPC$Server.call(RPC.java:1093) [hadoop-common-3.3.4.jar:?]
	at org.apache.hadoop.ipc.Server$RpcCall.run(Server.java:1043) [hadoop-common-3.3.4.jar:?]
	at org.apache.hadoop.ipc.Server$RpcCall.run(Server.java:971) [hadoop-common-3.3.4.jar:?]
	at java.security.AccessController.doPrivileged(Native Method) ~[?:1.8.0_362]
	at javax.security.auth.Subject.doAs(Subject.java:422) [?:1.8.0_362]
	at org.apache.hadoop.security.UserGroupInformation.doAs(UserGroupInformation.java:1878) [hadoop-common-3.3.4.jar:?]
	at org.apache.hadoop.ipc.Server$Handler.run(Server.java:2976) [hadoop-common-3.3.4.jar:?]
]]></system-out>
  </testcase>
  <testcase name="testRenameFileToDir" classname="TestOzoneFileSystem" time="0.025">
    <system-out><![CDATA[2023-02-14 08:20:14,946 [IPC Server handler 12 on default port 42497] INFO  key.OMKeyRequest (OMKeyRequest.java:wrapUncommittedBlocksAsPseudoKey(837)) - Detect allocated but uncommitted blocks [{blockID={containerID=2, localID=111677748019200071}, length=4194304, offset=0, token=null, pipeline=null, createVersion=0, partNumber=0}] in key root/file1.
08:20:14.948 [IPC Server handler 10 on default port 42497] ERROR OMAudit - user=runner | ip=127.0.0.1 | op=LIST_STATUS {volume=volume12456, bucket=bucket20487, key=a/b/c/file1, dataSize=0, replicationConfig=null} | ret=FAILURE
org.apache.hadoop.ozone.om.exceptions.OMException: Unable to get file status: volume: volume12456 bucket: bucket20487 key: a/b/c/file1
	at org.apache.hadoop.ozone.om.KeyManagerImpl.getOzoneFileStatus(KeyManagerImpl.java:1162) ~[ozone-manager-1.4.0-SNAPSHOT.jar:?]
	at org.apache.hadoop.ozone.om.KeyManagerImpl.getFileStatus(KeyManagerImpl.java:1080) ~[ozone-manager-1.4.0-SNAPSHOT.jar:?]
	at org.apache.hadoop.ozone.om.KeyManagerImpl.listStatus(KeyManagerImpl.java:1443) ~[ozone-manager-1.4.0-SNAPSHOT.jar:?]
	at org.apache.hadoop.ozone.om.OmMetadataReader.listStatus(OmMetadataReader.java:261) ~[ozone-manager-1.4.0-SNAPSHOT.jar:?]
	at org.apache.hadoop.ozone.om.OzoneManager.listStatus(OzoneManager.java:3468) ~[ozone-manager-1.4.0-SNAPSHOT.jar:?]
	at org.apache.hadoop.ozone.protocolPB.OzoneManagerRequestHandler.listStatus(OzoneManagerRequestHandler.java:1097) ~[ozone-manager-1.4.0-SNAPSHOT.jar:?]
	at org.apache.hadoop.ozone.protocolPB.OzoneManagerRequestHandler.handleReadRequest(OzoneManagerRequestHandler.java:249) ~[ozone-manager-1.4.0-SNAPSHOT.jar:?]
	at org.apache.hadoop.ozone.protocolPB.OzoneManagerProtocolServerSideTranslatorPB.submitRequestDirectlyToOM(OzoneManagerProtocolServerSideTranslatorPB.java:271) ~[ozone-manager-1.4.0-SNAPSHOT.jar:?]
	at org.apache.hadoop.ozone.protocolPB.OzoneManagerProtocolServerSideTranslatorPB.processRequest(OzoneManagerProtocolServerSideTranslatorPB.java:173) ~[ozone-manager-1.4.0-SNAPSHOT.jar:?]
	at org.apache.hadoop.hdds.server.OzoneProtocolMessageDispatcher.processRequest(OzoneProtocolMessageDispatcher.java:87) [hdds-server-framework-1.4.0-SNAPSHOT.jar:?]
	at org.apache.hadoop.ozone.protocolPB.OzoneManagerProtocolServerSideTranslatorPB.submitRequest(OzoneManagerProtocolServerSideTranslatorPB.java:147) [ozone-manager-1.4.0-SNAPSHOT.jar:?]
	at org.apache.hadoop.ozone.protocol.proto.OzoneManagerProtocolProtos$OzoneManagerService$2.callBlockingMethod(OzoneManagerProtocolProtos.java) [ozone-interface-client-1.4.0-SNAPSHOT.jar:?]
	at org.apache.hadoop.ipc.ProtobufRpcEngine$Server.processCall(ProtobufRpcEngine.java:465) [hadoop-common-3.3.4.jar:?]
	at org.apache.hadoop.ipc.ProtobufRpcEngine2$Server$ProtoBufRpcInvoker.call(ProtobufRpcEngine2.java:578) [hadoop-common-3.3.4.jar:?]
	at org.apache.hadoop.ipc.ProtobufRpcEngine2$Server$ProtoBufRpcInvoker.call(ProtobufRpcEngine2.java:556) [hadoop-common-3.3.4.jar:?]
	at org.apache.hadoop.ipc.RPC$Server.call(RPC.java:1093) [hadoop-common-3.3.4.jar:?]
	at org.apache.hadoop.ipc.Server$RpcCall.run(Server.java:1043) [hadoop-common-3.3.4.jar:?]
	at org.apache.hadoop.ipc.Server$RpcCall.run(Server.java:971) [hadoop-common-3.3.4.jar:?]
	at java.security.AccessController.doPrivileged(Native Method) ~[?:1.8.0_362]
	at javax.security.auth.Subject.doAs(Subject.java:422) [?:1.8.0_362]
	at org.apache.hadoop.security.UserGroupInformation.doAs(UserGroupInformation.java:1878) [hadoop-common-3.3.4.jar:?]
	at org.apache.hadoop.ipc.Server$Handler.run(Server.java:2976) [hadoop-common-3.3.4.jar:?]
]]></system-out>
  </testcase>
  <testcase name="testListStatusWithIntermediateDirWithECEnabled" classname="TestOzoneFileSystem" time="0.026">
    <system-out><![CDATA[2023-02-14 08:18:03,476 [IPC Server handler 9 on default port 32841] INFO  pipeline.PipelineStateManagerImpl (PipelineStateManagerImpl.java:addPipeline(103)) - Created pipeline Pipeline[ Id: f6bfec9a-494b-470e-9b92-d368509a2226, Nodes: f91196cd-4755-4cf6-996a-4ead370c0744(fv-az476-382.2mevl5kwmm3ezivwarakluutxb.phxx.internal.cloudapp.net/10.1.0.19)3f6fb327-55b5-41b7-853a-8e3dfa7d6293(fv-az476-382.2mevl5kwmm3ezivwarakluutxb.phxx.internal.cloudapp.net/10.1.0.19)36e1e605-60e1-4f03-904e-89ea76d9efd4(fv-az476-382.2mevl5kwmm3ezivwarakluutxb.phxx.internal.cloudapp.net/10.1.0.19)1b99b404-66b9-4d1b-b018-91bc4acf8ed2(fv-az476-382.2mevl5kwmm3ezivwarakluutxb.phxx.internal.cloudapp.net/10.1.0.19)88d3c63d-3e2f-409f-802f-d9c0d2dac669(fv-az476-382.2mevl5kwmm3ezivwarakluutxb.phxx.internal.cloudapp.net/10.1.0.19), ReplicationConfig: EC/ECReplicationConfig{data=3, parity=2, ecChunkSize=1048576, codec=rs}, State:ALLOCATED, leaderId:, CreationTimestamp2023-02-14T08:18:03.475Z[Etc/UTC]].
2023-02-14 08:18:03,476 [IPC Server handler 9 on default port 32841] INFO  pipeline.PipelineManagerImpl (PipelineManagerImpl.java:openPipeline(367)) - Pipeline Pipeline[ Id: f6bfec9a-494b-470e-9b92-d368509a2226, Nodes: f91196cd-4755-4cf6-996a-4ead370c0744(fv-az476-382.2mevl5kwmm3ezivwarakluutxb.phxx.internal.cloudapp.net/10.1.0.19)3f6fb327-55b5-41b7-853a-8e3dfa7d6293(fv-az476-382.2mevl5kwmm3ezivwarakluutxb.phxx.internal.cloudapp.net/10.1.0.19)36e1e605-60e1-4f03-904e-89ea76d9efd4(fv-az476-382.2mevl5kwmm3ezivwarakluutxb.phxx.internal.cloudapp.net/10.1.0.19)1b99b404-66b9-4d1b-b018-91bc4acf8ed2(fv-az476-382.2mevl5kwmm3ezivwarakluutxb.phxx.internal.cloudapp.net/10.1.0.19)88d3c63d-3e2f-409f-802f-d9c0d2dac669(fv-az476-382.2mevl5kwmm3ezivwarakluutxb.phxx.internal.cloudapp.net/10.1.0.19), ReplicationConfig: EC/ECReplicationConfig{data=3, parity=2, ecChunkSize=1048576, codec=rs}, State:ALLOCATED, leaderId:, CreationTimestamp2023-02-14T08:18:03.475Z[Etc/UTC]] moved to OPEN state
2023-02-14 08:18:03,482 [OM StateMachine ApplyTransaction Thread - 0] INFO  key.OMKeyRequest (OMKeyRequest.java:wrapUncommittedBlocksAsPseudoKey(837)) - Detect allocated but uncommitted blocks [{blockID={containerID=11, localID=111677748019200072}, length=4194304, offset=0, token=null, pipeline=null, createVersion=0, partNumber=0}] in key object-dir/object-name1.
]]></system-out>
  </testcase>
  <testcase name="testListStatusWithIntermediateDirWithECEnabled" classname="TestOzoneFileSystem" time="0.02">
    <system-out><![CDATA[2023-02-14 08:18:47,536 [IPC Server handler 16 on default port 45385] INFO  pipeline.PipelineStateManagerImpl (PipelineStateManagerImpl.java:addPipeline(103)) - Created pipeline Pipeline[ Id: 1242308c-ddf8-4452-b768-793e505bcf3d, Nodes: b5737586-1c7b-466e-b8cb-d0d8351e95e3(fv-az476-382.2mevl5kwmm3ezivwarakluutxb.phxx.internal.cloudapp.net/10.1.0.19)31091561-319b-44fe-8343-13da60b8022d(fv-az476-382.2mevl5kwmm3ezivwarakluutxb.phxx.internal.cloudapp.net/10.1.0.19)568f4c16-ddfc-4e51-b0fc-7b0d857ab5f2(fv-az476-382.2mevl5kwmm3ezivwarakluutxb.phxx.internal.cloudapp.net/10.1.0.19)5c792a94-e343-4e55-bd70-b5b136c65d30(fv-az476-382.2mevl5kwmm3ezivwarakluutxb.phxx.internal.cloudapp.net/10.1.0.19)ad6dcd81-1875-4667-9f21-c7397548b1ba(fv-az476-382.2mevl5kwmm3ezivwarakluutxb.phxx.internal.cloudapp.net/10.1.0.19), ReplicationConfig: EC/ECReplicationConfig{data=3, parity=2, ecChunkSize=1048576, codec=rs}, State:ALLOCATED, leaderId:, CreationTimestamp2023-02-14T08:18:47.536Z[Etc/UTC]].
2023-02-14 08:18:47,536 [IPC Server handler 16 on default port 45385] INFO  pipeline.PipelineManagerImpl (PipelineManagerImpl.java:openPipeline(367)) - Pipeline Pipeline[ Id: 1242308c-ddf8-4452-b768-793e505bcf3d, Nodes: b5737586-1c7b-466e-b8cb-d0d8351e95e3(fv-az476-382.2mevl5kwmm3ezivwarakluutxb.phxx.internal.cloudapp.net/10.1.0.19)31091561-319b-44fe-8343-13da60b8022d(fv-az476-382.2mevl5kwmm3ezivwarakluutxb.phxx.internal.cloudapp.net/10.1.0.19)568f4c16-ddfc-4e51-b0fc-7b0d857ab5f2(fv-az476-382.2mevl5kwmm3ezivwarakluutxb.phxx.internal.cloudapp.net/10.1.0.19)5c792a94-e343-4e55-bd70-b5b136c65d30(fv-az476-382.2mevl5kwmm3ezivwarakluutxb.phxx.internal.cloudapp.net/10.1.0.19)ad6dcd81-1875-4667-9f21-c7397548b1ba(fv-az476-382.2mevl5kwmm3ezivwarakluutxb.phxx.internal.cloudapp.net/10.1.0.19), ReplicationConfig: EC/ECReplicationConfig{data=3, parity=2, ecChunkSize=1048576, codec=rs}, State:ALLOCATED, leaderId:, CreationTimestamp2023-02-14T08:18:47.536Z[Etc/UTC]] moved to OPEN state
2023-02-14 08:18:47,539 [IPC Server handler 14 on default port 34455] INFO  key.OMKeyRequest (OMKeyRequest.java:wrapUncommittedBlocksAsPseudoKey(837)) - Detect allocated but uncommitted blocks [{blockID={containerID=8, localID=111677748019200072}, length=4194304, offset=0, token=null, pipeline=null, createVersion=0, partNumber=0}] in key object-dir/object-name1.
]]></system-out>
  </testcase>
  <testcase name="testListStatusWithIntermediateDirWithECEnabled" classname="TestOzoneFileSystem" time="0.026">
    <system-out><![CDATA[2023-02-14 08:19:34,832 [IPC Server handler 1 on default port 44821] INFO  pipeline.PipelineStateManagerImpl (PipelineStateManagerImpl.java:addPipeline(103)) - Created pipeline Pipeline[ Id: 935a41ec-8229-4914-a89c-3b28cb9e2ebe, Nodes: 6d5fd74e-c16c-4183-9ec8-8461f8bdbc47(fv-az476-382.2mevl5kwmm3ezivwarakluutxb.phxx.internal.cloudapp.net/10.1.0.19)756d89f1-fb04-4866-b61e-06654fd6a7ad(fv-az476-382.2mevl5kwmm3ezivwarakluutxb.phxx.internal.cloudapp.net/10.1.0.19)23624866-2448-40b4-b246-86425eff7cca(fv-az476-382.2mevl5kwmm3ezivwarakluutxb.phxx.internal.cloudapp.net/10.1.0.19)beec9a9c-14cf-4df1-af52-b967c7424cdf(fv-az476-382.2mevl5kwmm3ezivwarakluutxb.phxx.internal.cloudapp.net/10.1.0.19)0910efe8-a84f-4250-8aec-2e536a9734d2(fv-az476-382.2mevl5kwmm3ezivwarakluutxb.phxx.internal.cloudapp.net/10.1.0.19), ReplicationConfig: EC/ECReplicationConfig{data=3, parity=2, ecChunkSize=1048576, codec=rs}, State:ALLOCATED, leaderId:, CreationTimestamp2023-02-14T08:19:34.832Z[Etc/UTC]].
2023-02-14 08:19:34,833 [IPC Server handler 1 on default port 44821] INFO  pipeline.PipelineManagerImpl (PipelineManagerImpl.java:openPipeline(367)) - Pipeline Pipeline[ Id: 935a41ec-8229-4914-a89c-3b28cb9e2ebe, Nodes: 6d5fd74e-c16c-4183-9ec8-8461f8bdbc47(fv-az476-382.2mevl5kwmm3ezivwarakluutxb.phxx.internal.cloudapp.net/10.1.0.19)756d89f1-fb04-4866-b61e-06654fd6a7ad(fv-az476-382.2mevl5kwmm3ezivwarakluutxb.phxx.internal.cloudapp.net/10.1.0.19)23624866-2448-40b4-b246-86425eff7cca(fv-az476-382.2mevl5kwmm3ezivwarakluutxb.phxx.internal.cloudapp.net/10.1.0.19)beec9a9c-14cf-4df1-af52-b967c7424cdf(fv-az476-382.2mevl5kwmm3ezivwarakluutxb.phxx.internal.cloudapp.net/10.1.0.19)0910efe8-a84f-4250-8aec-2e536a9734d2(fv-az476-382.2mevl5kwmm3ezivwarakluutxb.phxx.internal.cloudapp.net/10.1.0.19), ReplicationConfig: EC/ECReplicationConfig{data=3, parity=2, ecChunkSize=1048576, codec=rs}, State:ALLOCATED, leaderId:, CreationTimestamp2023-02-14T08:19:34.832Z[Etc/UTC]] moved to OPEN state
2023-02-14 08:19:34,835 [OM StateMachine ApplyTransaction Thread - 0] INFO  key.OMKeyRequest (OMKeyRequest.java:wrapUncommittedBlocksAsPseudoKey(837)) - Detect allocated but uncommitted blocks [{blockID={containerID=11, localID=111677748019200072}, length=4194304, offset=0, token=null, pipeline=null, createVersion=0, partNumber=0}] in key object-dir/object-name1.
]]></system-out>
  </testcase>
  <testcase name="testListStatusWithIntermediateDirWithECEnabled" classname="TestOzoneFileSystem" time="0.021">
    <system-out><![CDATA[2023-02-14 08:20:14,970 [IPC Server handler 14 on default port 33463] INFO  pipeline.PipelineStateManagerImpl (PipelineStateManagerImpl.java:addPipeline(103)) - Created pipeline Pipeline[ Id: 39de9228-eefb-4fb7-99db-c041dbf16ee1, Nodes: 41c129e8-6aab-4c9d-a285-58cf14387518(fv-az476-382.2mevl5kwmm3ezivwarakluutxb.phxx.internal.cloudapp.net/10.1.0.19)6d2a8adb-ebe8-462b-9c77-c5b139cd2711(fv-az476-382.2mevl5kwmm3ezivwarakluutxb.phxx.internal.cloudapp.net/10.1.0.19)5eaff5f0-27f1-4250-be20-7eaa1ed6359c(fv-az476-382.2mevl5kwmm3ezivwarakluutxb.phxx.internal.cloudapp.net/10.1.0.19)34ef5736-8ccc-4354-bdfe-e8e28e0b14c7(fv-az476-382.2mevl5kwmm3ezivwarakluutxb.phxx.internal.cloudapp.net/10.1.0.19)6359aaa4-8509-4a3b-a3c1-a8ea6163a916(fv-az476-382.2mevl5kwmm3ezivwarakluutxb.phxx.internal.cloudapp.net/10.1.0.19), ReplicationConfig: EC/ECReplicationConfig{data=3, parity=2, ecChunkSize=1048576, codec=rs}, State:ALLOCATED, leaderId:, CreationTimestamp2023-02-14T08:20:14.969Z[Etc/UTC]].
2023-02-14 08:20:14,970 [IPC Server handler 14 on default port 33463] INFO  pipeline.PipelineManagerImpl (PipelineManagerImpl.java:openPipeline(367)) - Pipeline Pipeline[ Id: 39de9228-eefb-4fb7-99db-c041dbf16ee1, Nodes: 41c129e8-6aab-4c9d-a285-58cf14387518(fv-az476-382.2mevl5kwmm3ezivwarakluutxb.phxx.internal.cloudapp.net/10.1.0.19)6d2a8adb-ebe8-462b-9c77-c5b139cd2711(fv-az476-382.2mevl5kwmm3ezivwarakluutxb.phxx.internal.cloudapp.net/10.1.0.19)5eaff5f0-27f1-4250-be20-7eaa1ed6359c(fv-az476-382.2mevl5kwmm3ezivwarakluutxb.phxx.internal.cloudapp.net/10.1.0.19)34ef5736-8ccc-4354-bdfe-e8e28e0b14c7(fv-az476-382.2mevl5kwmm3ezivwarakluutxb.phxx.internal.cloudapp.net/10.1.0.19)6359aaa4-8509-4a3b-a3c1-a8ea6163a916(fv-az476-382.2mevl5kwmm3ezivwarakluutxb.phxx.internal.cloudapp.net/10.1.0.19), ReplicationConfig: EC/ECReplicationConfig{data=3, parity=2, ecChunkSize=1048576, codec=rs}, State:ALLOCATED, leaderId:, CreationTimestamp2023-02-14T08:20:14.969Z[Etc/UTC]] moved to OPEN state
2023-02-14 08:20:14,972 [IPC Server handler 3 on default port 42497] INFO  key.OMKeyRequest (OMKeyRequest.java:wrapUncommittedBlocksAsPseudoKey(837)) - Detect allocated but uncommitted blocks [{blockID={containerID=11, localID=111677748019200072}, length=4194304, offset=0, token=null, pipeline=null, createVersion=0, partNumber=0}] in key object-dir/object-name1.
]]></system-out>
  </testcase>
  <testcase name="testMakeDirsWithAnExistingDirectoryPath" classname="TestOzoneFileSystem" time="0.024">
    <system-out><![CDATA[2023-02-14 08:18:03,510 [OM StateMachine ApplyTransaction Thread - 0] INFO  key.OMKeyRequest (OMKeyRequest.java:wrapUncommittedBlocksAsPseudoKey(837)) - Detect allocated but uncommitted blocks [{blockID={containerID=7, localID=111677748019200073}, length=4194304, offset=0, token=null, pipeline=null, createVersion=0, partNumber=0}] in key d1/d2/d3/d4/key1.
]]></system-out>
  </testcase>
  <testcase name="testMakeDirsWithAnExistingDirectoryPath" classname="TestOzoneFileSystem" time="0.013">
    <system-out><![CDATA[2023-02-14 08:18:47,558 [IPC Server handler 4 on default port 34455] INFO  key.OMKeyRequest (OMKeyRequest.java:wrapUncommittedBlocksAsPseudoKey(837)) - Detect allocated but uncommitted blocks [{blockID={containerID=2, localID=111677748019200073}, length=4194304, offset=0, token=null, pipeline=null, createVersion=0, partNumber=0}] in key d1/d2/d3/d4/key1.
]]></system-out>
  </testcase>
  <testcase name="testMakeDirsWithAnExistingDirectoryPath" classname="TestOzoneFileSystem" time="0.019">
    <system-out><![CDATA[2023-02-14 08:19:34,860 [OM StateMachine ApplyTransaction Thread - 0] INFO  key.OMKeyRequest (OMKeyRequest.java:wrapUncommittedBlocksAsPseudoKey(837)) - Detect allocated but uncommitted blocks [{blockID={containerID=1, localID=111677748019200073}, length=4194304, offset=0, token=null, pipeline=null, createVersion=0, partNumber=0}] in key d1/d2/d3/d4/key1.
]]></system-out>
  </testcase>
  <testcase name="testMakeDirsWithAnExistingDirectoryPath" classname="TestOzoneFileSystem" time="0.018">
    <system-out><![CDATA[2023-02-14 08:20:14,991 [IPC Server handler 6 on default port 42497] INFO  key.OMKeyRequest (OMKeyRequest.java:wrapUncommittedBlocksAsPseudoKey(837)) - Detect allocated but uncommitted blocks [{blockID={containerID=8, localID=111677748019200073}, length=4194304, offset=0, token=null, pipeline=null, createVersion=0, partNumber=0}] in key d1/d2/d3/d4/key1.
]]></system-out>
  </testcase>
</testsuite>