<?xml version="1.0" encoding="UTF-8"?>
<testsuite xmlns:xsi="http://www.w3.org/2001/XMLSchema-instance" xsi:noNamespaceSchemaLocation="https://maven.apache.org/surefire/maven-surefire-plugin/xsd/surefire-test-report-3.0.xsd" version="3.0" name="org.apache.hadoop.ozone.om.TestAddRemoveOzoneManager" time="132.719" tests="3" errors="1" skipped="0" failures="0">
  <properties>
    <property name="java.specification.version" value="21"/>
    <property name="sun.jnu.encoding" value="UTF-8"/>
    <property name="java.class.path" value="/home/runner/work/ozone/ozone/hadoop-ozone/integration-test/target/test-classes:/home/runner/work/ozone/ozone/hadoop-ozone/integration-test/target/classes:/home/runner/work/ozone/ozone/hadoop-hdds/server-scm/target/hdds-server-scm-2.0.0-SNAPSHOT.jar:/home/runner/.m2/repository/com/fasterxml/jackson/core/jackson-annotations/2.16.2/jackson-annotations-2.16.2.jar:/home/runner/.m2/repository/com/fasterxml/jackson/core/jackson-core/2.16.2/jackson-core-2.16.2.jar:/home/runner/.m2/repository/com/fasterxml/jackson/core/jackson-databind/2.16.2/jackson-databind-2.16.2.jar:/home/runner/.m2/repository/com/google/guava/guava/32.1.3-jre/guava-32.1.3-jre.jar:/home/runner/.m2/repository/com/google/guava/failureaccess/1.0.1/failureaccess-1.0.1.jar:/home/runner/.m2/repository/com/google/guava/listenablefuture/9999.0-empty-to-avoid-conflict-with-guava/listenablefuture-9999.0-empty-to-avoid-conflict-with-guava.jar:/home/runner/.m2/repository/org/checkerframework/checker-qual/3.37.0/checker-qual-3.37.0.jar:/home/runner/.m2/repository/com/google/errorprone/error_prone_annotations/2.29.2/error_prone_annotations-2.29.2.jar:/home/runner/.m2/repository/com/google/j2objc/j2objc-annotations/2.8/j2objc-annotations-2.8.jar:/home/runner/.m2/repository/com/google/protobuf/protobuf-java/2.5.0/protobuf-java-2.5.0.jar:/home/runner/.m2/repository/commons-collections/commons-collections/3.2.2/commons-collections-3.2.2.jar:/home/runner/.m2/repository/commons-io/commons-io/2.18.0/commons-io-2.18.0.jar:/home/runner/.m2/repository/info/picocli/picocli/4.7.5/picocli-4.7.5.jar:/home/runner/.m2/repository/io/dropwizard/metrics/metrics-core/3.2.6/metrics-core-3.2.6.jar:/home/runner/.m2/repository/jakarta/annotation/jakarta.annotation-api/2.1.1/jakarta.annotation-api-2.1.1.jar:/home/runner/.m2/repository/javax/servlet/javax.servlet-api/3.1.0/javax.servlet-api-3.1.0.jar:/home/runner/.m2/repository/org/apache/commons/commons-compress/1.27.1/commons-compress-1.27.1.jar:/home/runner/.m2/repository/org/apache/commons/commons-text/1.12.0/commons-text-1.12.0.jar:/home/runner/work/ozone/ozone/hadoop-hdds/client/target/hdds-client-2.0.0-SNAPSHOT.jar:/home/runner/work/ozone/ozone/hadoop-hdds/common/target/hdds-common-2.0.0-SNAPSHOT.jar:/home/runner/work/ozone/ozone/hadoop-hdds/config/target/hdds-config-2.0.0-SNAPSHOT.jar:/home/runner/work/ozone/ozone/hadoop-hdds/container-service/target/hdds-container-service-2.0.0-SNAPSHOT.jar:/home/runner/work/ozone/ozone/hadoop-hdds/hadoop-dependency-client/target/hdds-hadoop-dependency-client-2.0.0-SNAPSHOT.jar:/home/runner/.m2/repository/com/nimbusds/nimbus-jose-jwt/9.40/nimbus-jose-jwt-9.40.jar:/home/runner/work/ozone/ozone/hadoop-hdds/hadoop-dependency-server/target/hdds-hadoop-dependency-server-2.0.0-SNAPSHOT.jar:/home/runner/.m2/repository/org/apache/hadoop/hadoop-hdfs/3.4.1/hadoop-hdfs-3.4.1.jar:/home/runner/.m2/repository/org/apache/kerby/kerb-util/1.0.1/kerb-util-1.0.1.jar:/home/runner/.m2/repository/org/apache/kerby/kerby-config/1.0.1/kerby-config-1.0.1.jar:/home/runner/.m2/repository/org/apache/kerby/kerb-crypto/1.0.1/kerb-crypto-1.0.1.jar:/home/runner/work/ozone/ozone/hadoop-hdds/interface-admin/target/hdds-interface-admin-2.0.0-SNAPSHOT.jar:/home/runner/work/ozone/ozone/hadoop-hdds/interface-client/target/hdds-interface-client-2.0.0-SNAPSHOT.jar:/home/runner/work/ozone/ozone/hadoop-hdds/interface-server/target/hdds-interface-server-2.0.0-SNAPSHOT.jar:/home/runner/work/ozone/ozone/hadoop-hdds/framework/target/hdds-server-framework-2.0.0-SNAPSHOT.jar:/home/runner/.m2/repository/org/apache/ratis/ratis-client/3.1.2/ratis-client-3.1.2.jar:/home/runner/.m2/repository/org/apache/ratis/ratis-common/3.1.2/ratis-common-3.1.2.jar:/home/runner/.m2/repository/org/apache/ratis/ratis-grpc/3.1.2/ratis-grpc-3.1.2.jar:/home/runner/.m2/repository/org/apache/ratis/ratis-netty/3.1.2/ratis-netty-3.1.2.jar:/home/runner/.m2/repository/org/apache/ratis/ratis-proto/3.1.2/ratis-proto-3.1.2.jar:/home/runner/.m2/repository/org/apache/ratis/ratis-server-api/3.1.2/ratis-server-api-3.1.2.jar:/home/runner/.m2/repository/org/apache/ratis/ratis-thirdparty-misc/1.0.6/ratis-thirdparty-misc-1.0.6.jar:/home/runner/.m2/repository/org/bouncycastle/bcpkix-jdk18on/1.80/bcpkix-jdk18on-1.80.jar:/home/runner/.m2/repository/org/bouncycastle/bcprov-jdk18on/1.80/bcprov-jdk18on-1.80.jar:/home/runner/.m2/repository/org/eclipse/jetty/jetty-webapp/9.4.57.v20241219/jetty-webapp-9.4.57.v20241219.jar:/home/runner/.m2/repository/org/eclipse/jetty/jetty-xml/9.4.57.v20241219/jetty-xml-9.4.57.v20241219.jar:/home/runner/.m2/repository/org/slf4j/slf4j-api/2.0.16/slf4j-api-2.0.16.jar:/home/runner/work/ozone/ozone/hadoop-hdds/tools/target/hdds-tools-2.0.0-SNAPSHOT.jar:/home/runner/.m2/repository/ch/qos/reload4j/reload4j/1.2.26/reload4j-1.2.26.jar:/home/runner/.m2/repository/com/fasterxml/jackson/datatype/jackson-datatype-jsr310/2.16.2/jackson-datatype-jsr310-2.16.2.jar:/home/runner/.m2/repository/commons-cli/commons-cli/1.8.0/commons-cli-1.8.0.jar:/home/runner/.m2/repository/org/apache/ratis/ratis-tools/3.1.2/ratis-tools-3.1.2.jar:/home/runner/.m2/repository/org/kohsuke/metainf-services/metainf-services/1.11/metainf-services-1.11.jar:/home/runner/.m2/repository/org/slf4j/slf4j-reload4j/2.0.16/slf4j-reload4j-2.0.16.jar:/home/runner/.m2/repository/org/xerial/sqlite-jdbc/3.49.0.0/sqlite-jdbc-3.49.0.0.jar:/home/runner/work/ozone/ozone/hadoop-ozone/cli-shell/target/ozone-cli-shell-2.0.0-SNAPSHOT.jar:/home/runner/.m2/repository/commons-codec/commons-codec/1.17.1/commons-codec-1.17.1.jar:/home/runner/.m2/repository/info/picocli/picocli-shell-jline3/4.7.5/picocli-shell-jline3-4.7.5.jar:/home/runner/.m2/repository/jakarta/xml/bind/jakarta.xml.bind-api/2.3.3/jakarta.xml.bind-api-2.3.3.jar:/home/runner/.m2/repository/org/apache/httpcomponents/httpclient/4.5.14/httpclient-4.5.14.jar:/home/runner/work/ozone/ozone/hadoop-ozone/ozonefs-common/target/ozone-filesystem-common-2.0.0-SNAPSHOT.jar:/home/runner/work/ozone/ozone/hadoop-ozone/interface-client/target/ozone-interface-client-2.0.0-SNAPSHOT.jar:/home/runner/.m2/repository/org/jline/jline/3.29.0/jline-3.29.0.jar:/home/runner/work/ozone/ozone/hadoop-ozone/client/target/ozone-client-2.0.0-SNAPSHOT.jar:/home/runner/.m2/repository/com/github/stephenc/jcip/jcip-annotations/1.0-1/jcip-annotations-1.0-1.jar:/home/runner/work/ozone/ozone/hadoop-hdds/erasurecode/target/hdds-erasurecode-2.0.0-SNAPSHOT.jar:/home/runner/work/ozone/ozone/hadoop-ozone/common/target/ozone-common-2.0.0-SNAPSHOT.jar:/home/runner/.m2/repository/io/grpc/grpc-api/1.58.0/grpc-api-1.58.0.jar:/home/runner/.m2/repository/io/grpc/grpc-netty/1.58.0/grpc-netty-1.58.0.jar:/home/runner/.m2/repository/io/grpc/grpc-core/1.58.0/grpc-core-1.58.0.jar:/home/runner/.m2/repository/com/google/android/annotations/4.1.1.4/annotations-4.1.1.4.jar:/home/runner/.m2/repository/org/codehaus/mojo/animal-sniffer-annotations/1.23/animal-sniffer-annotations-1.23.jar:/home/runner/.m2/repository/io/grpc/grpc-context/1.58.0/grpc-context-1.58.0.jar:/home/runner/.m2/repository/io/grpc/grpc-util/1.58.0/grpc-util-1.58.0.jar:/home/runner/.m2/repository/io/perfmark/perfmark-api/0.26.0/perfmark-api-0.26.0.jar:/home/runner/.m2/repository/io/grpc/grpc-stub/1.58.0/grpc-stub-1.58.0.jar:/home/runner/.m2/repository/io/netty/netty-codec-http2/4.1.109.Final/netty-codec-http2-4.1.109.Final.jar:/home/runner/.m2/repository/io/netty/netty-codec-http/4.1.109.Final/netty-codec-http-4.1.109.Final.jar:/home/runner/.m2/repository/io/netty/netty-common/4.1.109.Final/netty-common-4.1.109.Final.jar:/home/runner/.m2/repository/io/netty/netty-handler/4.1.109.Final/netty-handler-4.1.109.Final.jar:/home/runner/.m2/repository/io/netty/netty-resolver/4.1.109.Final/netty-resolver-4.1.109.Final.jar:/home/runner/.m2/repository/io/netty/netty-handler-proxy/4.1.109.Final/netty-handler-proxy-4.1.109.Final.jar:/home/runner/.m2/repository/io/netty/netty-codec-socks/4.1.109.Final/netty-codec-socks-4.1.109.Final.jar:/home/runner/.m2/repository/org/apache/httpcomponents/httpcore/4.4.16/httpcore-4.4.16.jar:/home/runner/.m2/repository/io/netty/netty-tcnative-boringssl-static/2.0.65.Final/netty-tcnative-boringssl-static-2.0.65.Final.jar:/home/runner/.m2/repository/io/netty/netty-tcnative-classes/2.0.65.Final/netty-tcnative-classes-2.0.65.Final.jar:/home/runner/.m2/repository/io/netty/netty-tcnative-boringssl-static/2.0.65.Final/netty-tcnative-boringssl-static-2.0.65.Final-linux-x86_64.jar:/home/runner/.m2/repository/io/netty/netty-tcnative-boringssl-static/2.0.65.Final/netty-tcnative-boringssl-static-2.0.65.Final-linux-aarch_64.jar:/home/runner/.m2/repository/io/netty/netty-tcnative-boringssl-static/2.0.65.Final/netty-tcnative-boringssl-static-2.0.65.Final-osx-x86_64.jar:/home/runner/.m2/repository/io/netty/netty-tcnative-boringssl-static/2.0.65.Final/netty-tcnative-boringssl-static-2.0.65.Final-osx-aarch_64.jar:/home/runner/.m2/repository/io/netty/netty-tcnative-boringssl-static/2.0.65.Final/netty-tcnative-boringssl-static-2.0.65.Final-windows-x86_64.jar:/home/runner/work/ozone/ozone/hadoop-ozone/csi/target/ozone-csi-2.0.0-SNAPSHOT.jar:/home/runner/.m2/repository/com/google/protobuf/protobuf-java-util/3.19.6/protobuf-java-util-3.19.6.jar:/home/runner/.m2/repository/io/grpc/grpc-protobuf/1.58.0/grpc-protobuf-1.58.0.jar:/home/runner/.m2/repository/com/google/api/grpc/proto-google-common-protos/2.22.0/proto-google-common-protos-2.22.0.jar:/home/runner/.m2/repository/io/grpc/grpc-protobuf-lite/1.58.0/grpc-protobuf-lite-1.58.0.jar:/home/runner/.m2/repository/io/netty/netty-transport/4.1.109.Final/netty-transport-4.1.109.Final.jar:/home/runner/.m2/repository/io/netty/netty-transport-classes-epoll/4.1.109.Final/netty-transport-classes-epoll-4.1.109.Final.jar:/home/runner/.m2/repository/io/netty/netty-transport-native-epoll/4.1.109.Final/netty-transport-native-epoll-4.1.109.Final-linux-x86_64.jar:/home/runner/.m2/repository/io/netty/netty-transport-native-unix-common/4.1.109.Final/netty-transport-native-unix-common-4.1.109.Final.jar:/home/runner/work/ozone/ozone/hadoop-ozone/ozonefs/target/ozone-filesystem-2.0.0-SNAPSHOT.jar:/home/runner/.m2/repository/io/opentracing/opentracing-api/0.33.0/opentracing-api-0.33.0.jar:/home/runner/.m2/repository/io/opentracing/opentracing-util/0.33.0/opentracing-util-0.33.0.jar:/home/runner/work/ozone/ozone/hadoop-ozone/ozone-manager/target/ozone-manager-2.0.0-SNAPSHOT.jar:/home/runner/.m2/repository/com/sun/jersey/jersey-client/1.19.4/jersey-client-1.19.4.jar:/home/runner/.m2/repository/org/apache/kerby/kerby-util/1.0.1/kerby-util-1.0.1.jar:/home/runner/.m2/repository/org/apache/logging/log4j/log4j-api/2.24.2/log4j-api-2.24.2.jar:/home/runner/work/ozone/ozone/hadoop-hdds/managed-rocksdb/target/hdds-managed-rocksdb-2.0.0-SNAPSHOT.jar:/home/runner/work/ozone/ozone/hadoop-hdds/rocks-native/target/hdds-rocks-native-2.0.0-SNAPSHOT.jar:/home/runner/.m2/repository/org/eclipse/jetty/jetty-io/9.4.57.v20241219/jetty-io-9.4.57.v20241219.jar:/home/runner/work/ozone/ozone/hadoop-ozone/interface-storage/target/ozone-interface-storage-2.0.0-SNAPSHOT.jar:/home/runner/work/ozone/ozone/hadoop-hdds/rocksdb-checkpoint-differ/target/rocksdb-checkpoint-differ-2.0.0-SNAPSHOT.jar:/home/runner/.m2/repository/com/github/vlsi/mxgraph/jgraphx/3.9.12/jgraphx-3.9.12.jar:/home/runner/.m2/repository/org/jgrapht/jgrapht-core/1.4.0/jgrapht-core-1.4.0.jar:/home/runner/.m2/repository/org/jheaps/jheaps/0.11/jheaps-0.11.jar:/home/runner/.m2/repository/org/jgrapht/jgrapht-ext/1.4.0/jgrapht-ext-1.4.0.jar:/home/runner/.m2/repository/org/apache/ranger/ranger-intg/2.3.0/ranger-intg-2.3.0.jar:/home/runner/.m2/repository/org/apache/ranger/ranger-plugins-common/2.3.0/ranger-plugins-common-2.3.0.jar:/home/runner/.m2/repository/commons-lang/commons-lang/2.6/commons-lang-2.6.jar:/home/runner/.m2/repository/org/apache/ranger/ranger-plugins-cred/2.3.0/ranger-plugins-cred-2.3.0.jar:/home/runner/.m2/repository/org/apache/ranger/ranger-plugins-audit/2.3.0/ranger-plugins-audit-2.3.0.jar:/home/runner/.m2/repository/org/eclipse/jetty/jetty-client/9.4.57.v20241219/jetty-client-9.4.57.v20241219.jar:/home/runner/.m2/repository/org/apache/httpcomponents/httpmime/4.5.6/httpmime-4.5.6.jar:/home/runner/.m2/repository/org/apache/httpcomponents/httpcore-nio/4.4.16/httpcore-nio-4.4.16.jar:/home/runner/.m2/repository/org/apache/httpcomponents/httpasyncclient/4.1.3/httpasyncclient-4.1.3.jar:/home/runner/.m2/repository/com/carrotsearch/hppc/0.8.0/hppc-0.8.0.jar:/home/runner/.m2/repository/org/apache/orc/orc-core/1.5.8/orc-core-1.5.8.jar:/home/runner/.m2/repository/net/java/dev/jna/jna/5.2.0/jna-5.2.0.jar:/home/runner/.m2/repository/net/java/dev/jna/jna-platform/5.2.0/jna-platform-5.2.0.jar:/home/runner/.m2/repository/com/kstruct/gethostname4j/0.0.2/gethostname4j-0.0.2.jar:/home/runner/.m2/repository/org/apache/ranger/ranger-plugin-classloader/2.3.0/ranger-plugin-classloader-2.3.0.jar:/home/runner/.m2/repository/org/aspectj/aspectjrt/1.9.7/aspectjrt-1.9.7.jar:/home/runner/.m2/repository/org/aspectj/aspectjweaver/1.9.7/aspectjweaver-1.9.7.jar:/home/runner/.m2/repository/org/codehaus/jackson/jackson-core-asl/1.9.13/jackson-core-asl-1.9.13.jar:/home/runner/.m2/repository/org/codehaus/jackson/jackson-jaxrs/1.9.13/jackson-jaxrs-1.9.13.jar:/home/runner/.m2/repository/org/codehaus/jackson/jackson-mapper-asl/1.9.13/jackson-mapper-asl-1.9.13.jar:/home/runner/.m2/repository/org/eclipse/jetty/jetty-util/9.4.57.v20241219/jetty-util-9.4.57.v20241219.jar:/home/runner/.m2/repository/org/reflections/reflections/0.10.2/reflections-0.10.2.jar:/home/runner/.m2/repository/org/rocksdb/rocksdbjni/7.7.3/rocksdbjni-7.7.3.jar:/home/runner/work/ozone/ozone/hadoop-ozone/recon/target/ozone-recon-2.0.0-SNAPSHOT.jar:/home/runner/.m2/repository/aopalliance/aopalliance/1.0/aopalliance-1.0.jar:/home/runner/.m2/repository/com/google/inject/guice/6.0.0/guice-6.0.0.jar:/home/runner/.m2/repository/jakarta/inject/jakarta.inject-api/2.0.1/jakarta.inject-api-2.0.1.jar:/home/runner/.m2/repository/com/google/inject/extensions/guice-assistedinject/6.0.0/guice-assistedinject-6.0.0.jar:/home/runner/.m2/repository/com/google/inject/extensions/guice-servlet/6.0.0/guice-servlet-6.0.0.jar:/home/runner/.m2/repository/com/jolbox/bonecp/0.8.0.RELEASE/bonecp-0.8.0.RELEASE.jar:/home/runner/.m2/repository/jakarta/activation/jakarta.activation-api/1.2.2/jakarta.activation-api-1.2.2.jar:/home/runner/.m2/repository/jakarta/validation/jakarta.validation-api/2.0.2/jakarta.validation-api-2.0.2.jar:/home/runner/.m2/repository/jakarta/ws/rs/jakarta.ws.rs-api/2.1.6/jakarta.ws.rs-api-2.1.6.jar:/home/runner/.m2/repository/javax/inject/javax.inject/1/javax.inject-1.jar:/home/runner/.m2/repository/org/apache/derby/derby/10.14.2.0/derby-10.14.2.0.jar:/home/runner/work/ozone/ozone/hadoop-ozone/recon-codegen/target/ozone-reconcodegen-2.0.0-SNAPSHOT.jar:/home/runner/.m2/repository/org/eclipse/jetty/jetty-servlet/9.4.57.v20241219/jetty-servlet-9.4.57.v20241219.jar:/home/runner/.m2/repository/org/eclipse/jetty/jetty-security/9.4.57.v20241219/jetty-security-9.4.57.v20241219.jar:/home/runner/.m2/repository/org/glassfish/hk2/guice-bridge/2.6.1/guice-bridge-2.6.1.jar:/home/runner/.m2/repository/org/glassfish/hk2/hk2-api/2.6.1/hk2-api-2.6.1.jar:/home/runner/.m2/repository/org/glassfish/hk2/hk2-utils/2.6.1/hk2-utils-2.6.1.jar:/home/runner/.m2/repository/org/glassfish/hk2/external/aopalliance-repackaged/2.6.1/aopalliance-repackaged-2.6.1.jar:/home/runner/.m2/repository/org/glassfish/hk2/external/jakarta.inject/2.6.1/jakarta.inject-2.6.1.jar:/home/runner/.m2/repository/org/glassfish/jersey/containers/jersey-container-servlet/2.46/jersey-container-servlet-2.46.jar:/home/runner/.m2/repository/org/glassfish/jersey/containers/jersey-container-servlet-core/2.46/jersey-container-servlet-core-2.46.jar:/home/runner/.m2/repository/org/glassfish/jersey/core/jersey-common/2.46/jersey-common-2.46.jar:/home/runner/.m2/repository/org/glassfish/hk2/osgi-resource-locator/1.0.3/osgi-resource-locator-1.0.3.jar:/home/runner/.m2/repository/org/glassfish/jersey/core/jersey-server/2.46/jersey-server-2.46.jar:/home/runner/.m2/repository/org/glassfish/jersey/core/jersey-client/2.46/jersey-client-2.46.jar:/home/runner/.m2/repository/org/glassfish/jersey/inject/jersey-hk2/2.46/jersey-hk2-2.46.jar:/home/runner/.m2/repository/org/glassfish/hk2/hk2-locator/2.6.1/hk2-locator-2.6.1.jar:/home/runner/.m2/repository/org/glassfish/jersey/media/jersey-media-jaxb/2.46/jersey-media-jaxb-2.46.jar:/home/runner/.m2/repository/org/glassfish/jersey/media/jersey-media-json-jackson/2.46/jersey-media-json-jackson-2.46.jar:/home/runner/.m2/repository/org/glassfish/jersey/ext/jersey-entity-filtering/2.46/jersey-entity-filtering-2.46.jar:/home/runner/.m2/repository/org/javassist/javassist/3.30.2-GA/javassist-3.30.2-GA.jar:/home/runner/.m2/repository/org/jooq/jooq/3.11.10/jooq-3.11.10.jar:/home/runner/.m2/repository/org/jooq/jooq-codegen/3.11.10/jooq-codegen-3.11.10.jar:/home/runner/.m2/repository/org/jooq/jooq-meta/3.11.10/jooq-meta-3.11.10.jar:/home/runner/.m2/repository/org/springframework/spring-core/5.3.39/spring-core-5.3.39.jar:/home/runner/.m2/repository/org/springframework/spring-jdbc/5.3.39/spring-jdbc-5.3.39.jar:/home/runner/.m2/repository/org/springframework/spring-beans/5.3.39/spring-beans-5.3.39.jar:/home/runner/.m2/repository/org/springframework/spring-tx/5.3.39/spring-tx-5.3.39.jar:/home/runner/work/ozone/ozone/hadoop-ozone/s3gateway/target/ozone-s3gateway-2.0.0-SNAPSHOT.jar:/home/runner/.m2/repository/com/fasterxml/jackson/dataformat/jackson-dataformat-xml/2.16.2/jackson-dataformat-xml-2.16.2.jar:/home/runner/.m2/repository/com/fasterxml/jackson/module/jackson-module-jaxb-annotations/2.16.2/jackson-module-jaxb-annotations-2.16.2.jar:/home/runner/.m2/repository/io/opentracing/opentracing-noop/0.33.0/opentracing-noop-0.33.0.jar:/home/runner/.m2/repository/javax/annotation/javax.annotation-api/1.3.2/javax.annotation-api-1.3.2.jar:/home/runner/.m2/repository/javax/enterprise/cdi-api/2.0/cdi-api-2.0.jar:/home/runner/.m2/repository/javax/el/javax.el-api/3.0.0/javax.el-api-3.0.0.jar:/home/runner/.m2/repository/javax/interceptor/javax.interceptor-api/1.2/javax.interceptor-api-1.2.jar:/home/runner/.m2/repository/org/glassfish/jaxb/jaxb-runtime/2.3.9/jaxb-runtime-2.3.9.jar:/home/runner/.m2/repository/org/glassfish/jaxb/txw2/2.3.9/txw2-2.3.9.jar:/home/runner/.m2/repository/com/sun/istack/istack-commons-runtime/3.0.12/istack-commons-runtime-3.0.12.jar:/home/runner/.m2/repository/com/sun/activation/jakarta.activation/1.2.2/jakarta.activation-1.2.2.jar:/home/runner/.m2/repository/org/glassfish/jersey/ext/cdi/jersey-cdi1x/2.46/jersey-cdi1x-2.46.jar:/home/runner/.m2/repository/org/jboss/weld/servlet/weld-servlet-shaded/3.1.9.Final/weld-servlet-shaded-3.1.9.Final.jar:/home/runner/work/ozone/ozone/hadoop-ozone/tools/target/ozone-tools-2.0.0-SNAPSHOT.jar:/home/runner/.m2/repository/com/amazonaws/aws-java-sdk-core/1.12.661/aws-java-sdk-core-1.12.661.jar:/home/runner/.m2/repository/com/fasterxml/jackson/dataformat/jackson-dataformat-cbor/2.16.2/jackson-dataformat-cbor-2.16.2.jar:/home/runner/.m2/repository/joda-time/joda-time/2.12.7/joda-time-2.12.7.jar:/home/runner/.m2/repository/com/amazonaws/aws-java-sdk-s3/1.12.661/aws-java-sdk-s3-1.12.661.jar:/home/runner/.m2/repository/com/amazonaws/aws-java-sdk-kms/1.12.661/aws-java-sdk-kms-1.12.661.jar:/home/runner/.m2/repository/com/amazonaws/jmespath-java/1.12.661/jmespath-java-1.12.661.jar:/home/runner/.m2/repository/org/apache/ratis/ratis-shell/3.1.2/ratis-shell-3.1.2.jar:/home/runner/.m2/repository/org/apache/ratis/ratis-server/3.1.2/ratis-server-3.1.2.jar:/home/runner/.m2/repository/org/apache/ratis/ratis-metrics-api/3.1.2/ratis-metrics-api-3.1.2.jar:/home/runner/.m2/repository/org/hamcrest/hamcrest/2.2/hamcrest-2.2.jar:/home/runner/.m2/repository/org/slf4j/jul-to-slf4j/2.0.16/jul-to-slf4j-2.0.16.jar:/home/runner/.m2/repository/org/apache/commons/commons-lang3/3.17.0/commons-lang3-3.17.0.jar:/home/runner/.m2/repository/org/apache/hadoop/hadoop-common/3.4.1/hadoop-common-3.4.1-tests.jar:/home/runner/.m2/repository/org/apache/hadoop/thirdparty/hadoop-shaded-protobuf_3_25/1.3.0/hadoop-shaded-protobuf_3_25-1.3.0.jar:/home/runner/.m2/repository/org/apache/hadoop/hadoop-annotations/3.4.1/hadoop-annotations-3.4.1.jar:/home/runner/.m2/repository/org/apache/hadoop/thirdparty/hadoop-shaded-guava/1.3.0/hadoop-shaded-guava-1.3.0.jar:/home/runner/.m2/repository/org/apache/commons/commons-math3/3.6.1/commons-math3-3.6.1.jar:/home/runner/.m2/repository/commons-net/commons-net/3.11.1/commons-net-3.11.1.jar:/home/runner/.m2/repository/org/eclipse/jetty/jetty-server/9.4.57.v20241219/jetty-server-9.4.57.v20241219.jar:/home/runner/.m2/repository/javax/servlet/jsp/jsp-api/2.1/jsp-api-2.1.jar:/home/runner/.m2/repository/com/sun/jersey/jersey-core/1.19.4/jersey-core-1.19.4.jar:/home/runner/.m2/repository/javax/ws/rs/jsr311-api/1.1.1/jsr311-api-1.1.1.jar:/home/runner/.m2/repository/com/github/pjfanning/jersey-json/1.22.0/jersey-json-1.22.0.jar:/home/runner/.m2/repository/com/sun/xml/bind/jaxb-impl/2.2.3-1/jaxb-impl-2.2.3-1.jar:/home/runner/.m2/repository/org/codehaus/jettison/jettison/1.5.4/jettison-1.5.4.jar:/home/runner/.m2/repository/com/sun/jersey/jersey-server/1.19.4/jersey-server-1.19.4.jar:/home/runner/.m2/repository/commons-beanutils/commons-beanutils/1.9.4/commons-beanutils-1.9.4.jar:/home/runner/.m2/repository/org/apache/commons/commons-configuration2/2.11.0/commons-configuration2-2.11.0.jar:/home/runner/.m2/repository/org/apache/avro/avro/1.9.2/avro-1.9.2.jar:/home/runner/.m2/repository/com/google/re2j/re2j/1.7/re2j-1.7.jar:/home/runner/.m2/repository/com/google/code/gson/gson/2.10.1/gson-2.10.1.jar:/home/runner/.m2/repository/org/apache/hadoop/hadoop-auth/3.4.1/hadoop-auth-3.4.1.jar:/home/runner/.m2/repository/org/apache/curator/curator-framework/4.2.0/curator-framework-4.2.0.jar:/home/runner/.m2/repository/com/jcraft/jsch/0.1.55/jsch-0.1.55.jar:/home/runner/.m2/repository/org/apache/curator/curator-client/4.2.0/curator-client-4.2.0.jar:/home/runner/.m2/repository/org/apache/curator/curator-recipes/5.2.0/curator-recipes-5.2.0.jar:/home/runner/.m2/repository/com/google/code/findbugs/jsr305/3.0.2/jsr305-3.0.2.jar:/home/runner/.m2/repository/org/apache/zookeeper/zookeeper/3.8.4/zookeeper-3.8.4.jar:/home/runner/.m2/repository/org/apache/zookeeper/zookeeper-jute/3.8.4/zookeeper-jute-3.8.4.jar:/home/runner/.m2/repository/org/apache/yetus/audience-annotations/0.12.0/audience-annotations-0.12.0.jar:/home/runner/.m2/repository/io/netty/netty-transport-native-epoll/4.1.109.Final/netty-transport-native-epoll-4.1.109.Final.jar:/home/runner/.m2/repository/org/apache/kerby/kerb-core/1.0.1/kerb-core-1.0.1.jar:/home/runner/.m2/repository/org/apache/kerby/kerby-pkix/1.0.1/kerby-pkix-1.0.1.jar:/home/runner/.m2/repository/org/apache/kerby/kerby-asn1/1.0.1/kerby-asn1-1.0.1.jar:/home/runner/.m2/repository/org/codehaus/woodstox/stax2-api/4.2.2/stax2-api-4.2.2.jar:/home/runner/.m2/repository/com/fasterxml/woodstox/woodstox-core/5.4.0/woodstox-core-5.4.0.jar:/home/runner/.m2/repository/dnsjava/dnsjava/3.6.1/dnsjava-3.6.1.jar:/home/runner/.m2/repository/org/xerial/snappy/snappy-java/1.1.10.7/snappy-java-1.1.10.7.jar:/home/runner/.m2/repository/org/apache/hadoop/hadoop-distcp/3.4.1/hadoop-distcp-3.4.1.jar:/home/runner/.m2/repository/org/apache/hadoop/hadoop-distcp/3.4.1/hadoop-distcp-3.4.1-tests.jar:/home/runner/.m2/repository/org/apache/hadoop/hadoop-hdfs/3.4.1/hadoop-hdfs-3.4.1-tests.jar:/home/runner/.m2/repository/org/eclipse/jetty/jetty-util-ajax/9.4.57.v20241219/jetty-util-ajax-9.4.57.v20241219.jar:/home/runner/.m2/repository/commons-daemon/commons-daemon/1.4.0/commons-daemon-1.4.0.jar:/home/runner/.m2/repository/io/netty/netty-all/4.1.109.Final/netty-all-4.1.109.Final.jar:/home/runner/.m2/repository/io/netty/netty-codec-dns/4.1.109.Final/netty-codec-dns-4.1.109.Final.jar:/home/runner/.m2/repository/io/netty/netty-codec-haproxy/4.1.109.Final/netty-codec-haproxy-4.1.109.Final.jar:/home/runner/.m2/repository/io/netty/netty-codec-memcache/4.1.109.Final/netty-codec-memcache-4.1.109.Final.jar:/home/runner/.m2/repository/io/netty/netty-codec-mqtt/4.1.109.Final/netty-codec-mqtt-4.1.109.Final.jar:/home/runner/.m2/repository/io/netty/netty-codec-redis/4.1.109.Final/netty-codec-redis-4.1.109.Final.jar:/home/runner/.m2/repository/io/netty/netty-codec-smtp/4.1.109.Final/netty-codec-smtp-4.1.109.Final.jar:/home/runner/.m2/repository/io/netty/netty-codec-stomp/4.1.109.Final/netty-codec-stomp-4.1.109.Final.jar:/home/runner/.m2/repository/io/netty/netty-codec-xml/4.1.109.Final/netty-codec-xml-4.1.109.Final.jar:/home/runner/.m2/repository/io/netty/netty-handler-ssl-ocsp/4.1.109.Final/netty-handler-ssl-ocsp-4.1.109.Final.jar:/home/runner/.m2/repository/io/netty/netty-resolver-dns/4.1.109.Final/netty-resolver-dns-4.1.109.Final.jar:/home/runner/.m2/repository/io/netty/netty-transport-rxtx/4.1.109.Final/netty-transport-rxtx-4.1.109.Final.jar:/home/runner/.m2/repository/io/netty/netty-transport-sctp/4.1.109.Final/netty-transport-sctp-4.1.109.Final.jar:/home/runner/.m2/repository/io/netty/netty-transport-udt/4.1.109.Final/netty-transport-udt-4.1.109.Final.jar:/home/runner/.m2/repository/io/netty/netty-transport-classes-kqueue/4.1.109.Final/netty-transport-classes-kqueue-4.1.109.Final.jar:/home/runner/.m2/repository/io/netty/netty-resolver-dns-classes-macos/4.1.109.Final/netty-resolver-dns-classes-macos-4.1.109.Final.jar:/home/runner/.m2/repository/io/netty/netty-transport-native-epoll/4.1.109.Final/netty-transport-native-epoll-4.1.109.Final-linux-aarch_64.jar:/home/runner/.m2/repository/io/netty/netty-transport-native-epoll/4.1.109.Final/netty-transport-native-epoll-4.1.109.Final-linux-riscv64.jar:/home/runner/.m2/repository/io/netty/netty-transport-native-kqueue/4.1.109.Final/netty-transport-native-kqueue-4.1.109.Final-osx-x86_64.jar:/home/runner/.m2/repository/io/netty/netty-transport-native-kqueue/4.1.109.Final/netty-transport-native-kqueue-4.1.109.Final-osx-aarch_64.jar:/home/runner/.m2/repository/io/netty/netty-resolver-dns-native-macos/4.1.109.Final/netty-resolver-dns-native-macos-4.1.109.Final-osx-x86_64.jar:/home/runner/.m2/repository/io/netty/netty-resolver-dns-native-macos/4.1.109.Final/netty-resolver-dns-native-macos-4.1.109.Final-osx-aarch_64.jar:/home/runner/.m2/repository/org/fusesource/leveldbjni/leveldbjni-all/1.8/leveldbjni-all-1.8.jar:/home/runner/.m2/repository/org/apache/hadoop/hadoop-kms/3.4.1/hadoop-kms-3.4.1.jar:/home/runner/.m2/repository/org/apache/hadoop/hadoop-common/3.4.1/hadoop-common-3.4.1.jar:/home/runner/.m2/repository/org/apache/hadoop/hadoop-kms/3.4.1/hadoop-kms-3.4.1-tests.jar:/home/runner/.m2/repository/org/apache/hadoop/hadoop-mapreduce-client-core/3.4.1/hadoop-mapreduce-client-core-3.4.1.jar:/home/runner/.m2/repository/org/apache/hadoop/hadoop-yarn-client/3.4.1/hadoop-yarn-client-3.4.1.jar:/home/runner/.m2/repository/org/eclipse/jetty/websocket/websocket-client/9.4.53.v20231009/websocket-client-9.4.53.v20231009.jar:/home/runner/.m2/repository/org/eclipse/jetty/websocket/websocket-common/9.4.53.v20231009/websocket-common-9.4.53.v20231009.jar:/home/runner/.m2/repository/org/eclipse/jetty/websocket/websocket-api/9.4.53.v20231009/websocket-api-9.4.53.v20231009.jar:/home/runner/.m2/repository/org/apache/hadoop/hadoop-yarn-api/3.4.1/hadoop-yarn-api-3.4.1.jar:/home/runner/.m2/repository/org/apache/hadoop/hadoop-yarn-common/3.4.1/hadoop-yarn-common-3.4.1.jar:/home/runner/.m2/repository/javax/xml/bind/jaxb-api/2.2.11/jaxb-api-2.2.11.jar:/home/runner/.m2/repository/com/sun/jersey/contribs/jersey-guice/1.19.4/jersey-guice-1.19.4.jar:/home/runner/.m2/repository/com/fasterxml/jackson/jaxrs/jackson-jaxrs-json-provider/2.16.2/jackson-jaxrs-json-provider-2.16.2.jar:/home/runner/.m2/repository/com/fasterxml/jackson/jaxrs/jackson-jaxrs-base/2.16.2/jackson-jaxrs-base-2.16.2.jar:/home/runner/.m2/repository/org/apache/hadoop/hadoop-hdfs-client/3.4.1/hadoop-hdfs-client-3.4.1.jar:/home/runner/.m2/repository/org/apache/hadoop/hadoop-mapreduce-client-jobclient/3.4.1/hadoop-mapreduce-client-jobclient-3.4.1.jar:/home/runner/.m2/repository/org/apache/hadoop/hadoop-mapreduce-client-common/3.4.1/hadoop-mapreduce-client-common-3.4.1.jar:/home/runner/.m2/repository/org/apache/hadoop/hadoop-minikdc/3.4.1/hadoop-minikdc-3.4.1.jar:/home/runner/.m2/repository/org/apache/kerby/kerb-simplekdc/2.0.3/kerb-simplekdc-2.0.3.jar:/home/runner/.m2/repository/org/apache/kerby/kerb-client/2.0.3/kerb-client-2.0.3.jar:/home/runner/.m2/repository/org/apache/kerby/kerb-common/2.0.3/kerb-common-2.0.3.jar:/home/runner/.m2/repository/org/apache/kerby/token-provider/2.0.3/token-provider-2.0.3.jar:/home/runner/.m2/repository/org/apache/kerby/kerb-admin/2.0.3/kerb-admin-2.0.3.jar:/home/runner/.m2/repository/org/apache/kerby/kerb-server/2.0.3/kerb-server-2.0.3.jar:/home/runner/.m2/repository/org/apache/kerby/kerb-identity/2.0.3/kerb-identity-2.0.3.jar:/home/runner/.m2/repository/org/apache/kerby/kerby-xdr/2.0.3/kerby-xdr-2.0.3.jar:/home/runner/.m2/repository/junit/junit/4.13.2/junit-4.13.2.jar:/home/runner/.m2/repository/org/hamcrest/hamcrest-core/1.3/hamcrest-core-1.3.jar:/home/runner/work/ozone/ozone/hadoop-hdds/common/target/hdds-common-2.0.0-SNAPSHOT-tests.jar:/home/runner/.m2/repository/commons-validator/commons-validator/1.6/commons-validator-1.6.jar:/home/runner/.m2/repository/commons-digester/commons-digester/1.8.1/commons-digester-1.8.1.jar:/home/runner/.m2/repository/io/jaegertracing/jaeger-client/1.8.1/jaeger-client-1.8.1.jar:/home/runner/.m2/repository/io/jaegertracing/jaeger-thrift/1.8.1/jaeger-thrift-1.8.1.jar:/home/runner/.m2/repository/org/apache/thrift/libthrift/0.15.0/libthrift-0.15.0.jar:/home/runner/.m2/repository/com/squareup/okhttp3/okhttp/4.12.0/okhttp-4.12.0.jar:/home/runner/.m2/repository/com/squareup/okio/okio/3.6.0/okio-3.6.0.jar:/home/runner/.m2/repository/com/squareup/okio/okio-jvm/3.6.0/okio-jvm-3.6.0.jar:/home/runner/.m2/repository/org/jetbrains/kotlin/kotlin-stdlib-common/1.9.25/kotlin-stdlib-common-1.9.25.jar:/home/runner/.m2/repository/org/jetbrains/kotlin/kotlin-stdlib-jdk8/1.9.25/kotlin-stdlib-jdk8-1.9.25.jar:/home/runner/.m2/repository/org/jetbrains/kotlin/kotlin-stdlib-jdk7/1.9.25/kotlin-stdlib-jdk7-1.9.25.jar:/home/runner/.m2/repository/io/jaegertracing/jaeger-tracerresolver/1.8.1/jaeger-tracerresolver-1.8.1.jar:/home/runner/.m2/repository/io/opentracing/contrib/opentracing-tracerresolver/0.1.8/opentracing-tracerresolver-0.1.8.jar:/home/runner/.m2/repository/io/jaegertracing/jaeger-core/1.8.1/jaeger-core-1.8.1.jar:/home/runner/work/ozone/ozone/hadoop-hdds/annotations/target/hdds-annotation-processing-2.0.0-SNAPSHOT.jar:/home/runner/.m2/repository/org/apache/ratis/ratis-metrics-dropwizard3/3.1.2/ratis-metrics-dropwizard3-3.1.2.jar:/home/runner/.m2/repository/org/bouncycastle/bcutil-jdk18on/1.80/bcutil-jdk18on-1.80.jar:/home/runner/.m2/repository/org/jetbrains/kotlin/kotlin-stdlib/1.9.25/kotlin-stdlib-1.9.25.jar:/home/runner/.m2/repository/org/jetbrains/annotations/13.0/annotations-13.0.jar:/home/runner/.m2/repository/org/yaml/snakeyaml/2.0/snakeyaml-2.0.jar:/home/runner/work/ozone/ozone/hadoop-hdds/container-service/target/hdds-container-service-2.0.0-SNAPSHOT-tests.jar:/home/runner/.m2/repository/com/github/luben/zstd-jni/1.5.6-10/zstd-jni-1.5.6-10.jar:/home/runner/.m2/repository/io/netty/netty-buffer/4.1.109.Final/netty-buffer-4.1.109.Final.jar:/home/runner/.m2/repository/io/netty/netty-codec/4.1.109.Final/netty-codec-4.1.109.Final.jar:/home/runner/work/ozone/ozone/hadoop-hdds/framework/target/hdds-server-framework-2.0.0-SNAPSHOT-tests.jar:/home/runner/.m2/repository/com/github/jnr/jnr-constants/0.10.4/jnr-constants-0.10.4.jar:/home/runner/.m2/repository/com/github/jnr/jnr-posix/3.1.20/jnr-posix-3.1.20.jar:/home/runner/.m2/repository/com/github/jnr/jnr-ffi/2.2.17/jnr-ffi-2.2.17.jar:/home/runner/.m2/repository/com/github/jnr/jffi/1.3.13/jffi-1.3.13.jar:/home/runner/.m2/repository/com/github/jnr/jffi/1.3.13/jffi-1.3.13-native.jar:/home/runner/.m2/repository/org/ow2/asm/asm/9.7.1/asm-9.7.1.jar:/home/runner/.m2/repository/org/ow2/asm/asm-commons/9.7.1/asm-commons-9.7.1.jar:/home/runner/.m2/repository/org/ow2/asm/asm-analysis/9.7.1/asm-analysis-9.7.1.jar:/home/runner/.m2/repository/org/ow2/asm/asm-tree/9.7.1/asm-tree-9.7.1.jar:/home/runner/.m2/repository/org/ow2/asm/asm-util/9.7.1/asm-util-9.7.1.jar:/home/runner/.m2/repository/com/github/jnr/jnr-a64asm/1.0.0/jnr-a64asm-1.0.0.jar:/home/runner/.m2/repository/com/github/jnr/jnr-x86asm/1.0.2/jnr-x86asm-1.0.2.jar:/home/runner/.m2/repository/commons-fileupload/commons-fileupload/1.5/commons-fileupload-1.5.jar:/home/runner/.m2/repository/commons-logging/commons-logging/1.2/commons-logging-1.2.jar:/home/runner/.m2/repository/io/prometheus/simpleclient/0.16.0/simpleclient-0.16.0.jar:/home/runner/.m2/repository/io/prometheus/simpleclient_common/0.16.0/simpleclient_common-0.16.0.jar:/home/runner/.m2/repository/io/prometheus/simpleclient_dropwizard/0.16.0/simpleclient_dropwizard-0.16.0.jar:/home/runner/.m2/repository/org/apache/logging/log4j/log4j-core/2.24.2/log4j-core-2.24.2.jar:/home/runner/.m2/repository/org/eclipse/jetty/jetty-http/9.4.57.v20241219/jetty-http-9.4.57.v20241219.jar:/home/runner/.m2/repository/com/lmax/disruptor/3.4.4/disruptor-3.4.4.jar:/home/runner/work/ozone/ozone/hadoop-hdds/server-scm/target/hdds-server-scm-2.0.0-SNAPSHOT-tests.jar:/home/runner/work/ozone/ozone/hadoop-hdds/test-utils/target/hdds-test-utils-2.0.0-SNAPSHOT.jar:/home/runner/work/ozone/ozone/hadoop-ozone/ozone-manager/target/ozone-manager-2.0.0-SNAPSHOT-tests.jar:/home/runner/.m2/repository/org/assertj/assertj-core/3.27.3/assertj-core-3.27.3.jar:/home/runner/.m2/repository/net/bytebuddy/byte-buddy/1.15.11/byte-buddy-1.15.11.jar:/home/runner/.m2/repository/org/junit/jupiter/junit-jupiter-api/5.11.4/junit-jupiter-api-5.11.4.jar:/home/runner/.m2/repository/org/opentest4j/opentest4j/1.3.0/opentest4j-1.3.0.jar:/home/runner/.m2/repository/org/junit/platform/junit-platform-commons/1.11.4/junit-platform-commons-1.11.4.jar:/home/runner/.m2/repository/org/apiguardian/apiguardian-api/1.1.2/apiguardian-api-1.1.2.jar:/home/runner/.m2/repository/org/junit/jupiter/junit-jupiter-engine/5.11.4/junit-jupiter-engine-5.11.4.jar:/home/runner/.m2/repository/org/junit/platform/junit-platform-engine/1.11.4/junit-platform-engine-1.11.4.jar:/home/runner/.m2/repository/org/junit/jupiter/junit-jupiter-params/5.11.4/junit-jupiter-params-5.11.4.jar:/home/runner/.m2/repository/org/mockito/mockito-core/4.11.0/mockito-core-4.11.0.jar:/home/runner/.m2/repository/net/bytebuddy/byte-buddy-agent/1.12.19/byte-buddy-agent-1.12.19.jar:/home/runner/.m2/repository/org/objenesis/objenesis/3.3/objenesis-3.3.jar:/home/runner/.m2/repository/org/mockito/mockito-inline/4.11.0/mockito-inline-4.11.0.jar:/home/runner/.m2/repository/org/mockito/mockito-junit-jupiter/4.11.0/mockito-junit-jupiter-4.11.0.jar:/home/runner/work/ozone/ozone/hadoop-ozone/integration-test/target/gradle-enterprise/test-listeners.jar:"/>
    <property name="java.vm.vendor" value="Eclipse Adoptium"/>
    <property name="sun.arch.data.model" value="64"/>
    <property name="test.build.dir" value="/home/runner/work/ozone/ozone/hadoop-ozone/integration-test/target/test-dir"/>
    <property name="test.cache.data" value=""/>
    <property name="java.vendor.url" value="https://adoptium.net/"/>
    <property name="user.timezone" value="Etc/UTC"/>
    <property name="maven-surefire-plugin.argLineAccessArgs" value=" --add-opens java.management/com.sun.jmx.mbeanserver=ALL-UNNAMED --add-exports java.management/com.sun.jmx.mbeanserver=ALL-UNNAMED --add-opens java.base/java.nio=ALL-UNNAMED --add-opens java.base/java.lang=ALL-UNNAMED --add-opens java.base/java.lang.reflect=ALL-UNNAMED"/>
    <property name="os.name" value="Linux"/>
    <property name="java.vm.specification.version" value="21"/>
    <property name="test.build.data" value="/home/runner/work/ozone/ozone/hadoop-ozone/integration-test/target/test-dir"/>
    <property name="sun.java.launcher" value="SUN_STANDARD"/>
    <property name="sun.boot.library.path" value="/usr/lib/jvm/temurin-21-jdk-amd64/lib"/>
    <property name="sun.java.command" value="/home/runner/work/ozone/ozone/hadoop-ozone/integration-test/target/surefire/surefirebooter13572299506020950937.jar /home/runner/work/ozone/ozone/hadoop-ozone/integration-test/target/surefire 2025-02-16T12-20-00_185-jvmRun1 surefire2769768190806514310tmp surefire_1944020926113502180803tmp"/>
    <property name="jdk.debug" value="release"/>
    <property name="native.lib.tmp.dir" value="/tmp"/>
    <property name="surefire.test.class.path" value="/home/runner/work/ozone/ozone/hadoop-ozone/integration-test/target/test-classes:/home/runner/work/ozone/ozone/hadoop-ozone/integration-test/target/classes:/home/runner/work/ozone/ozone/hadoop-hdds/server-scm/target/hdds-server-scm-2.0.0-SNAPSHOT.jar:/home/runner/.m2/repository/com/fasterxml/jackson/core/jackson-annotations/2.16.2/jackson-annotations-2.16.2.jar:/home/runner/.m2/repository/com/fasterxml/jackson/core/jackson-core/2.16.2/jackson-core-2.16.2.jar:/home/runner/.m2/repository/com/fasterxml/jackson/core/jackson-databind/2.16.2/jackson-databind-2.16.2.jar:/home/runner/.m2/repository/com/google/guava/guava/32.1.3-jre/guava-32.1.3-jre.jar:/home/runner/.m2/repository/com/google/guava/failureaccess/1.0.1/failureaccess-1.0.1.jar:/home/runner/.m2/repository/com/google/guava/listenablefuture/9999.0-empty-to-avoid-conflict-with-guava/listenablefuture-9999.0-empty-to-avoid-conflict-with-guava.jar:/home/runner/.m2/repository/org/checkerframework/checker-qual/3.37.0/checker-qual-3.37.0.jar:/home/runner/.m2/repository/com/google/errorprone/error_prone_annotations/2.29.2/error_prone_annotations-2.29.2.jar:/home/runner/.m2/repository/com/google/j2objc/j2objc-annotations/2.8/j2objc-annotations-2.8.jar:/home/runner/.m2/repository/com/google/protobuf/protobuf-java/2.5.0/protobuf-java-2.5.0.jar:/home/runner/.m2/repository/commons-collections/commons-collections/3.2.2/commons-collections-3.2.2.jar:/home/runner/.m2/repository/commons-io/commons-io/2.18.0/commons-io-2.18.0.jar:/home/runner/.m2/repository/info/picocli/picocli/4.7.5/picocli-4.7.5.jar:/home/runner/.m2/repository/io/dropwizard/metrics/metrics-core/3.2.6/metrics-core-3.2.6.jar:/home/runner/.m2/repository/jakarta/annotation/jakarta.annotation-api/2.1.1/jakarta.annotation-api-2.1.1.jar:/home/runner/.m2/repository/javax/servlet/javax.servlet-api/3.1.0/javax.servlet-api-3.1.0.jar:/home/runner/.m2/repository/org/apache/commons/commons-compress/1.27.1/commons-compress-1.27.1.jar:/home/runner/.m2/repository/org/apache/commons/commons-text/1.12.0/commons-text-1.12.0.jar:/home/runner/work/ozone/ozone/hadoop-hdds/client/target/hdds-client-2.0.0-SNAPSHOT.jar:/home/runner/work/ozone/ozone/hadoop-hdds/common/target/hdds-common-2.0.0-SNAPSHOT.jar:/home/runner/work/ozone/ozone/hadoop-hdds/config/target/hdds-config-2.0.0-SNAPSHOT.jar:/home/runner/work/ozone/ozone/hadoop-hdds/container-service/target/hdds-container-service-2.0.0-SNAPSHOT.jar:/home/runner/work/ozone/ozone/hadoop-hdds/hadoop-dependency-client/target/hdds-hadoop-dependency-client-2.0.0-SNAPSHOT.jar:/home/runner/.m2/repository/com/nimbusds/nimbus-jose-jwt/9.40/nimbus-jose-jwt-9.40.jar:/home/runner/work/ozone/ozone/hadoop-hdds/hadoop-dependency-server/target/hdds-hadoop-dependency-server-2.0.0-SNAPSHOT.jar:/home/runner/.m2/repository/org/apache/hadoop/hadoop-hdfs/3.4.1/hadoop-hdfs-3.4.1.jar:/home/runner/.m2/repository/org/apache/kerby/kerb-util/1.0.1/kerb-util-1.0.1.jar:/home/runner/.m2/repository/org/apache/kerby/kerby-config/1.0.1/kerby-config-1.0.1.jar:/home/runner/.m2/repository/org/apache/kerby/kerb-crypto/1.0.1/kerb-crypto-1.0.1.jar:/home/runner/work/ozone/ozone/hadoop-hdds/interface-admin/target/hdds-interface-admin-2.0.0-SNAPSHOT.jar:/home/runner/work/ozone/ozone/hadoop-hdds/interface-client/target/hdds-interface-client-2.0.0-SNAPSHOT.jar:/home/runner/work/ozone/ozone/hadoop-hdds/interface-server/target/hdds-interface-server-2.0.0-SNAPSHOT.jar:/home/runner/work/ozone/ozone/hadoop-hdds/framework/target/hdds-server-framework-2.0.0-SNAPSHOT.jar:/home/runner/.m2/repository/org/apache/ratis/ratis-client/3.1.2/ratis-client-3.1.2.jar:/home/runner/.m2/repository/org/apache/ratis/ratis-common/3.1.2/ratis-common-3.1.2.jar:/home/runner/.m2/repository/org/apache/ratis/ratis-grpc/3.1.2/ratis-grpc-3.1.2.jar:/home/runner/.m2/repository/org/apache/ratis/ratis-netty/3.1.2/ratis-netty-3.1.2.jar:/home/runner/.m2/repository/org/apache/ratis/ratis-proto/3.1.2/ratis-proto-3.1.2.jar:/home/runner/.m2/repository/org/apache/ratis/ratis-server-api/3.1.2/ratis-server-api-3.1.2.jar:/home/runner/.m2/repository/org/apache/ratis/ratis-thirdparty-misc/1.0.6/ratis-thirdparty-misc-1.0.6.jar:/home/runner/.m2/repository/org/bouncycastle/bcpkix-jdk18on/1.80/bcpkix-jdk18on-1.80.jar:/home/runner/.m2/repository/org/bouncycastle/bcprov-jdk18on/1.80/bcprov-jdk18on-1.80.jar:/home/runner/.m2/repository/org/eclipse/jetty/jetty-webapp/9.4.57.v20241219/jetty-webapp-9.4.57.v20241219.jar:/home/runner/.m2/repository/org/eclipse/jetty/jetty-xml/9.4.57.v20241219/jetty-xml-9.4.57.v20241219.jar:/home/runner/.m2/repository/org/slf4j/slf4j-api/2.0.16/slf4j-api-2.0.16.jar:/home/runner/work/ozone/ozone/hadoop-hdds/tools/target/hdds-tools-2.0.0-SNAPSHOT.jar:/home/runner/.m2/repository/ch/qos/reload4j/reload4j/1.2.26/reload4j-1.2.26.jar:/home/runner/.m2/repository/com/fasterxml/jackson/datatype/jackson-datatype-jsr310/2.16.2/jackson-datatype-jsr310-2.16.2.jar:/home/runner/.m2/repository/commons-cli/commons-cli/1.8.0/commons-cli-1.8.0.jar:/home/runner/.m2/repository/org/apache/ratis/ratis-tools/3.1.2/ratis-tools-3.1.2.jar:/home/runner/.m2/repository/org/kohsuke/metainf-services/metainf-services/1.11/metainf-services-1.11.jar:/home/runner/.m2/repository/org/slf4j/slf4j-reload4j/2.0.16/slf4j-reload4j-2.0.16.jar:/home/runner/.m2/repository/org/xerial/sqlite-jdbc/3.49.0.0/sqlite-jdbc-3.49.0.0.jar:/home/runner/work/ozone/ozone/hadoop-ozone/cli-shell/target/ozone-cli-shell-2.0.0-SNAPSHOT.jar:/home/runner/.m2/repository/commons-codec/commons-codec/1.17.1/commons-codec-1.17.1.jar:/home/runner/.m2/repository/info/picocli/picocli-shell-jline3/4.7.5/picocli-shell-jline3-4.7.5.jar:/home/runner/.m2/repository/jakarta/xml/bind/jakarta.xml.bind-api/2.3.3/jakarta.xml.bind-api-2.3.3.jar:/home/runner/.m2/repository/org/apache/httpcomponents/httpclient/4.5.14/httpclient-4.5.14.jar:/home/runner/work/ozone/ozone/hadoop-ozone/ozonefs-common/target/ozone-filesystem-common-2.0.0-SNAPSHOT.jar:/home/runner/work/ozone/ozone/hadoop-ozone/interface-client/target/ozone-interface-client-2.0.0-SNAPSHOT.jar:/home/runner/.m2/repository/org/jline/jline/3.29.0/jline-3.29.0.jar:/home/runner/work/ozone/ozone/hadoop-ozone/client/target/ozone-client-2.0.0-SNAPSHOT.jar:/home/runner/.m2/repository/com/github/stephenc/jcip/jcip-annotations/1.0-1/jcip-annotations-1.0-1.jar:/home/runner/work/ozone/ozone/hadoop-hdds/erasurecode/target/hdds-erasurecode-2.0.0-SNAPSHOT.jar:/home/runner/work/ozone/ozone/hadoop-ozone/common/target/ozone-common-2.0.0-SNAPSHOT.jar:/home/runner/.m2/repository/io/grpc/grpc-api/1.58.0/grpc-api-1.58.0.jar:/home/runner/.m2/repository/io/grpc/grpc-netty/1.58.0/grpc-netty-1.58.0.jar:/home/runner/.m2/repository/io/grpc/grpc-core/1.58.0/grpc-core-1.58.0.jar:/home/runner/.m2/repository/com/google/android/annotations/4.1.1.4/annotations-4.1.1.4.jar:/home/runner/.m2/repository/org/codehaus/mojo/animal-sniffer-annotations/1.23/animal-sniffer-annotations-1.23.jar:/home/runner/.m2/repository/io/grpc/grpc-context/1.58.0/grpc-context-1.58.0.jar:/home/runner/.m2/repository/io/grpc/grpc-util/1.58.0/grpc-util-1.58.0.jar:/home/runner/.m2/repository/io/perfmark/perfmark-api/0.26.0/perfmark-api-0.26.0.jar:/home/runner/.m2/repository/io/grpc/grpc-stub/1.58.0/grpc-stub-1.58.0.jar:/home/runner/.m2/repository/io/netty/netty-codec-http2/4.1.109.Final/netty-codec-http2-4.1.109.Final.jar:/home/runner/.m2/repository/io/netty/netty-codec-http/4.1.109.Final/netty-codec-http-4.1.109.Final.jar:/home/runner/.m2/repository/io/netty/netty-common/4.1.109.Final/netty-common-4.1.109.Final.jar:/home/runner/.m2/repository/io/netty/netty-handler/4.1.109.Final/netty-handler-4.1.109.Final.jar:/home/runner/.m2/repository/io/netty/netty-resolver/4.1.109.Final/netty-resolver-4.1.109.Final.jar:/home/runner/.m2/repository/io/netty/netty-handler-proxy/4.1.109.Final/netty-handler-proxy-4.1.109.Final.jar:/home/runner/.m2/repository/io/netty/netty-codec-socks/4.1.109.Final/netty-codec-socks-4.1.109.Final.jar:/home/runner/.m2/repository/org/apache/httpcomponents/httpcore/4.4.16/httpcore-4.4.16.jar:/home/runner/.m2/repository/io/netty/netty-tcnative-boringssl-static/2.0.65.Final/netty-tcnative-boringssl-static-2.0.65.Final.jar:/home/runner/.m2/repository/io/netty/netty-tcnative-classes/2.0.65.Final/netty-tcnative-classes-2.0.65.Final.jar:/home/runner/.m2/repository/io/netty/netty-tcnative-boringssl-static/2.0.65.Final/netty-tcnative-boringssl-static-2.0.65.Final-linux-x86_64.jar:/home/runner/.m2/repository/io/netty/netty-tcnative-boringssl-static/2.0.65.Final/netty-tcnative-boringssl-static-2.0.65.Final-linux-aarch_64.jar:/home/runner/.m2/repository/io/netty/netty-tcnative-boringssl-static/2.0.65.Final/netty-tcnative-boringssl-static-2.0.65.Final-osx-x86_64.jar:/home/runner/.m2/repository/io/netty/netty-tcnative-boringssl-static/2.0.65.Final/netty-tcnative-boringssl-static-2.0.65.Final-osx-aarch_64.jar:/home/runner/.m2/repository/io/netty/netty-tcnative-boringssl-static/2.0.65.Final/netty-tcnative-boringssl-static-2.0.65.Final-windows-x86_64.jar:/home/runner/work/ozone/ozone/hadoop-ozone/csi/target/ozone-csi-2.0.0-SNAPSHOT.jar:/home/runner/.m2/repository/com/google/protobuf/protobuf-java-util/3.19.6/protobuf-java-util-3.19.6.jar:/home/runner/.m2/repository/io/grpc/grpc-protobuf/1.58.0/grpc-protobuf-1.58.0.jar:/home/runner/.m2/repository/com/google/api/grpc/proto-google-common-protos/2.22.0/proto-google-common-protos-2.22.0.jar:/home/runner/.m2/repository/io/grpc/grpc-protobuf-lite/1.58.0/grpc-protobuf-lite-1.58.0.jar:/home/runner/.m2/repository/io/netty/netty-transport/4.1.109.Final/netty-transport-4.1.109.Final.jar:/home/runner/.m2/repository/io/netty/netty-transport-classes-epoll/4.1.109.Final/netty-transport-classes-epoll-4.1.109.Final.jar:/home/runner/.m2/repository/io/netty/netty-transport-native-epoll/4.1.109.Final/netty-transport-native-epoll-4.1.109.Final-linux-x86_64.jar:/home/runner/.m2/repository/io/netty/netty-transport-native-unix-common/4.1.109.Final/netty-transport-native-unix-common-4.1.109.Final.jar:/home/runner/work/ozone/ozone/hadoop-ozone/ozonefs/target/ozone-filesystem-2.0.0-SNAPSHOT.jar:/home/runner/.m2/repository/io/opentracing/opentracing-api/0.33.0/opentracing-api-0.33.0.jar:/home/runner/.m2/repository/io/opentracing/opentracing-util/0.33.0/opentracing-util-0.33.0.jar:/home/runner/work/ozone/ozone/hadoop-ozone/ozone-manager/target/ozone-manager-2.0.0-SNAPSHOT.jar:/home/runner/.m2/repository/com/sun/jersey/jersey-client/1.19.4/jersey-client-1.19.4.jar:/home/runner/.m2/repository/org/apache/kerby/kerby-util/1.0.1/kerby-util-1.0.1.jar:/home/runner/.m2/repository/org/apache/logging/log4j/log4j-api/2.24.2/log4j-api-2.24.2.jar:/home/runner/work/ozone/ozone/hadoop-hdds/managed-rocksdb/target/hdds-managed-rocksdb-2.0.0-SNAPSHOT.jar:/home/runner/work/ozone/ozone/hadoop-hdds/rocks-native/target/hdds-rocks-native-2.0.0-SNAPSHOT.jar:/home/runner/.m2/repository/org/eclipse/jetty/jetty-io/9.4.57.v20241219/jetty-io-9.4.57.v20241219.jar:/home/runner/work/ozone/ozone/hadoop-ozone/interface-storage/target/ozone-interface-storage-2.0.0-SNAPSHOT.jar:/home/runner/work/ozone/ozone/hadoop-hdds/rocksdb-checkpoint-differ/target/rocksdb-checkpoint-differ-2.0.0-SNAPSHOT.jar:/home/runner/.m2/repository/com/github/vlsi/mxgraph/jgraphx/3.9.12/jgraphx-3.9.12.jar:/home/runner/.m2/repository/org/jgrapht/jgrapht-core/1.4.0/jgrapht-core-1.4.0.jar:/home/runner/.m2/repository/org/jheaps/jheaps/0.11/jheaps-0.11.jar:/home/runner/.m2/repository/org/jgrapht/jgrapht-ext/1.4.0/jgrapht-ext-1.4.0.jar:/home/runner/.m2/repository/org/apache/ranger/ranger-intg/2.3.0/ranger-intg-2.3.0.jar:/home/runner/.m2/repository/org/apache/ranger/ranger-plugins-common/2.3.0/ranger-plugins-common-2.3.0.jar:/home/runner/.m2/repository/commons-lang/commons-lang/2.6/commons-lang-2.6.jar:/home/runner/.m2/repository/org/apache/ranger/ranger-plugins-cred/2.3.0/ranger-plugins-cred-2.3.0.jar:/home/runner/.m2/repository/org/apache/ranger/ranger-plugins-audit/2.3.0/ranger-plugins-audit-2.3.0.jar:/home/runner/.m2/repository/org/eclipse/jetty/jetty-client/9.4.57.v20241219/jetty-client-9.4.57.v20241219.jar:/home/runner/.m2/repository/org/apache/httpcomponents/httpmime/4.5.6/httpmime-4.5.6.jar:/home/runner/.m2/repository/org/apache/httpcomponents/httpcore-nio/4.4.16/httpcore-nio-4.4.16.jar:/home/runner/.m2/repository/org/apache/httpcomponents/httpasyncclient/4.1.3/httpasyncclient-4.1.3.jar:/home/runner/.m2/repository/com/carrotsearch/hppc/0.8.0/hppc-0.8.0.jar:/home/runner/.m2/repository/org/apache/orc/orc-core/1.5.8/orc-core-1.5.8.jar:/home/runner/.m2/repository/net/java/dev/jna/jna/5.2.0/jna-5.2.0.jar:/home/runner/.m2/repository/net/java/dev/jna/jna-platform/5.2.0/jna-platform-5.2.0.jar:/home/runner/.m2/repository/com/kstruct/gethostname4j/0.0.2/gethostname4j-0.0.2.jar:/home/runner/.m2/repository/org/apache/ranger/ranger-plugin-classloader/2.3.0/ranger-plugin-classloader-2.3.0.jar:/home/runner/.m2/repository/org/aspectj/aspectjrt/1.9.7/aspectjrt-1.9.7.jar:/home/runner/.m2/repository/org/aspectj/aspectjweaver/1.9.7/aspectjweaver-1.9.7.jar:/home/runner/.m2/repository/org/codehaus/jackson/jackson-core-asl/1.9.13/jackson-core-asl-1.9.13.jar:/home/runner/.m2/repository/org/codehaus/jackson/jackson-jaxrs/1.9.13/jackson-jaxrs-1.9.13.jar:/home/runner/.m2/repository/org/codehaus/jackson/jackson-mapper-asl/1.9.13/jackson-mapper-asl-1.9.13.jar:/home/runner/.m2/repository/org/eclipse/jetty/jetty-util/9.4.57.v20241219/jetty-util-9.4.57.v20241219.jar:/home/runner/.m2/repository/org/reflections/reflections/0.10.2/reflections-0.10.2.jar:/home/runner/.m2/repository/org/rocksdb/rocksdbjni/7.7.3/rocksdbjni-7.7.3.jar:/home/runner/work/ozone/ozone/hadoop-ozone/recon/target/ozone-recon-2.0.0-SNAPSHOT.jar:/home/runner/.m2/repository/aopalliance/aopalliance/1.0/aopalliance-1.0.jar:/home/runner/.m2/repository/com/google/inject/guice/6.0.0/guice-6.0.0.jar:/home/runner/.m2/repository/jakarta/inject/jakarta.inject-api/2.0.1/jakarta.inject-api-2.0.1.jar:/home/runner/.m2/repository/com/google/inject/extensions/guice-assistedinject/6.0.0/guice-assistedinject-6.0.0.jar:/home/runner/.m2/repository/com/google/inject/extensions/guice-servlet/6.0.0/guice-servlet-6.0.0.jar:/home/runner/.m2/repository/com/jolbox/bonecp/0.8.0.RELEASE/bonecp-0.8.0.RELEASE.jar:/home/runner/.m2/repository/jakarta/activation/jakarta.activation-api/1.2.2/jakarta.activation-api-1.2.2.jar:/home/runner/.m2/repository/jakarta/validation/jakarta.validation-api/2.0.2/jakarta.validation-api-2.0.2.jar:/home/runner/.m2/repository/jakarta/ws/rs/jakarta.ws.rs-api/2.1.6/jakarta.ws.rs-api-2.1.6.jar:/home/runner/.m2/repository/javax/inject/javax.inject/1/javax.inject-1.jar:/home/runner/.m2/repository/org/apache/derby/derby/10.14.2.0/derby-10.14.2.0.jar:/home/runner/work/ozone/ozone/hadoop-ozone/recon-codegen/target/ozone-reconcodegen-2.0.0-SNAPSHOT.jar:/home/runner/.m2/repository/org/eclipse/jetty/jetty-servlet/9.4.57.v20241219/jetty-servlet-9.4.57.v20241219.jar:/home/runner/.m2/repository/org/eclipse/jetty/jetty-security/9.4.57.v20241219/jetty-security-9.4.57.v20241219.jar:/home/runner/.m2/repository/org/glassfish/hk2/guice-bridge/2.6.1/guice-bridge-2.6.1.jar:/home/runner/.m2/repository/org/glassfish/hk2/hk2-api/2.6.1/hk2-api-2.6.1.jar:/home/runner/.m2/repository/org/glassfish/hk2/hk2-utils/2.6.1/hk2-utils-2.6.1.jar:/home/runner/.m2/repository/org/glassfish/hk2/external/aopalliance-repackaged/2.6.1/aopalliance-repackaged-2.6.1.jar:/home/runner/.m2/repository/org/glassfish/hk2/external/jakarta.inject/2.6.1/jakarta.inject-2.6.1.jar:/home/runner/.m2/repository/org/glassfish/jersey/containers/jersey-container-servlet/2.46/jersey-container-servlet-2.46.jar:/home/runner/.m2/repository/org/glassfish/jersey/containers/jersey-container-servlet-core/2.46/jersey-container-servlet-core-2.46.jar:/home/runner/.m2/repository/org/glassfish/jersey/core/jersey-common/2.46/jersey-common-2.46.jar:/home/runner/.m2/repository/org/glassfish/hk2/osgi-resource-locator/1.0.3/osgi-resource-locator-1.0.3.jar:/home/runner/.m2/repository/org/glassfish/jersey/core/jersey-server/2.46/jersey-server-2.46.jar:/home/runner/.m2/repository/org/glassfish/jersey/core/jersey-client/2.46/jersey-client-2.46.jar:/home/runner/.m2/repository/org/glassfish/jersey/inject/jersey-hk2/2.46/jersey-hk2-2.46.jar:/home/runner/.m2/repository/org/glassfish/hk2/hk2-locator/2.6.1/hk2-locator-2.6.1.jar:/home/runner/.m2/repository/org/glassfish/jersey/media/jersey-media-jaxb/2.46/jersey-media-jaxb-2.46.jar:/home/runner/.m2/repository/org/glassfish/jersey/media/jersey-media-json-jackson/2.46/jersey-media-json-jackson-2.46.jar:/home/runner/.m2/repository/org/glassfish/jersey/ext/jersey-entity-filtering/2.46/jersey-entity-filtering-2.46.jar:/home/runner/.m2/repository/org/javassist/javassist/3.30.2-GA/javassist-3.30.2-GA.jar:/home/runner/.m2/repository/org/jooq/jooq/3.11.10/jooq-3.11.10.jar:/home/runner/.m2/repository/org/jooq/jooq-codegen/3.11.10/jooq-codegen-3.11.10.jar:/home/runner/.m2/repository/org/jooq/jooq-meta/3.11.10/jooq-meta-3.11.10.jar:/home/runner/.m2/repository/org/springframework/spring-core/5.3.39/spring-core-5.3.39.jar:/home/runner/.m2/repository/org/springframework/spring-jdbc/5.3.39/spring-jdbc-5.3.39.jar:/home/runner/.m2/repository/org/springframework/spring-beans/5.3.39/spring-beans-5.3.39.jar:/home/runner/.m2/repository/org/springframework/spring-tx/5.3.39/spring-tx-5.3.39.jar:/home/runner/work/ozone/ozone/hadoop-ozone/s3gateway/target/ozone-s3gateway-2.0.0-SNAPSHOT.jar:/home/runner/.m2/repository/com/fasterxml/jackson/dataformat/jackson-dataformat-xml/2.16.2/jackson-dataformat-xml-2.16.2.jar:/home/runner/.m2/repository/com/fasterxml/jackson/module/jackson-module-jaxb-annotations/2.16.2/jackson-module-jaxb-annotations-2.16.2.jar:/home/runner/.m2/repository/io/opentracing/opentracing-noop/0.33.0/opentracing-noop-0.33.0.jar:/home/runner/.m2/repository/javax/annotation/javax.annotation-api/1.3.2/javax.annotation-api-1.3.2.jar:/home/runner/.m2/repository/javax/enterprise/cdi-api/2.0/cdi-api-2.0.jar:/home/runner/.m2/repository/javax/el/javax.el-api/3.0.0/javax.el-api-3.0.0.jar:/home/runner/.m2/repository/javax/interceptor/javax.interceptor-api/1.2/javax.interceptor-api-1.2.jar:/home/runner/.m2/repository/org/glassfish/jaxb/jaxb-runtime/2.3.9/jaxb-runtime-2.3.9.jar:/home/runner/.m2/repository/org/glassfish/jaxb/txw2/2.3.9/txw2-2.3.9.jar:/home/runner/.m2/repository/com/sun/istack/istack-commons-runtime/3.0.12/istack-commons-runtime-3.0.12.jar:/home/runner/.m2/repository/com/sun/activation/jakarta.activation/1.2.2/jakarta.activation-1.2.2.jar:/home/runner/.m2/repository/org/glassfish/jersey/ext/cdi/jersey-cdi1x/2.46/jersey-cdi1x-2.46.jar:/home/runner/.m2/repository/org/jboss/weld/servlet/weld-servlet-shaded/3.1.9.Final/weld-servlet-shaded-3.1.9.Final.jar:/home/runner/work/ozone/ozone/hadoop-ozone/tools/target/ozone-tools-2.0.0-SNAPSHOT.jar:/home/runner/.m2/repository/com/amazonaws/aws-java-sdk-core/1.12.661/aws-java-sdk-core-1.12.661.jar:/home/runner/.m2/repository/com/fasterxml/jackson/dataformat/jackson-dataformat-cbor/2.16.2/jackson-dataformat-cbor-2.16.2.jar:/home/runner/.m2/repository/joda-time/joda-time/2.12.7/joda-time-2.12.7.jar:/home/runner/.m2/repository/com/amazonaws/aws-java-sdk-s3/1.12.661/aws-java-sdk-s3-1.12.661.jar:/home/runner/.m2/repository/com/amazonaws/aws-java-sdk-kms/1.12.661/aws-java-sdk-kms-1.12.661.jar:/home/runner/.m2/repository/com/amazonaws/jmespath-java/1.12.661/jmespath-java-1.12.661.jar:/home/runner/.m2/repository/org/apache/ratis/ratis-shell/3.1.2/ratis-shell-3.1.2.jar:/home/runner/.m2/repository/org/apache/ratis/ratis-server/3.1.2/ratis-server-3.1.2.jar:/home/runner/.m2/repository/org/apache/ratis/ratis-metrics-api/3.1.2/ratis-metrics-api-3.1.2.jar:/home/runner/.m2/repository/org/hamcrest/hamcrest/2.2/hamcrest-2.2.jar:/home/runner/.m2/repository/org/slf4j/jul-to-slf4j/2.0.16/jul-to-slf4j-2.0.16.jar:/home/runner/.m2/repository/org/apache/commons/commons-lang3/3.17.0/commons-lang3-3.17.0.jar:/home/runner/.m2/repository/org/apache/hadoop/hadoop-common/3.4.1/hadoop-common-3.4.1-tests.jar:/home/runner/.m2/repository/org/apache/hadoop/thirdparty/hadoop-shaded-protobuf_3_25/1.3.0/hadoop-shaded-protobuf_3_25-1.3.0.jar:/home/runner/.m2/repository/org/apache/hadoop/hadoop-annotations/3.4.1/hadoop-annotations-3.4.1.jar:/home/runner/.m2/repository/org/apache/hadoop/thirdparty/hadoop-shaded-guava/1.3.0/hadoop-shaded-guava-1.3.0.jar:/home/runner/.m2/repository/org/apache/commons/commons-math3/3.6.1/commons-math3-3.6.1.jar:/home/runner/.m2/repository/commons-net/commons-net/3.11.1/commons-net-3.11.1.jar:/home/runner/.m2/repository/org/eclipse/jetty/jetty-server/9.4.57.v20241219/jetty-server-9.4.57.v20241219.jar:/home/runner/.m2/repository/javax/servlet/jsp/jsp-api/2.1/jsp-api-2.1.jar:/home/runner/.m2/repository/com/sun/jersey/jersey-core/1.19.4/jersey-core-1.19.4.jar:/home/runner/.m2/repository/javax/ws/rs/jsr311-api/1.1.1/jsr311-api-1.1.1.jar:/home/runner/.m2/repository/com/github/pjfanning/jersey-json/1.22.0/jersey-json-1.22.0.jar:/home/runner/.m2/repository/com/sun/xml/bind/jaxb-impl/2.2.3-1/jaxb-impl-2.2.3-1.jar:/home/runner/.m2/repository/org/codehaus/jettison/jettison/1.5.4/jettison-1.5.4.jar:/home/runner/.m2/repository/com/sun/jersey/jersey-server/1.19.4/jersey-server-1.19.4.jar:/home/runner/.m2/repository/commons-beanutils/commons-beanutils/1.9.4/commons-beanutils-1.9.4.jar:/home/runner/.m2/repository/org/apache/commons/commons-configuration2/2.11.0/commons-configuration2-2.11.0.jar:/home/runner/.m2/repository/org/apache/avro/avro/1.9.2/avro-1.9.2.jar:/home/runner/.m2/repository/com/google/re2j/re2j/1.7/re2j-1.7.jar:/home/runner/.m2/repository/com/google/code/gson/gson/2.10.1/gson-2.10.1.jar:/home/runner/.m2/repository/org/apache/hadoop/hadoop-auth/3.4.1/hadoop-auth-3.4.1.jar:/home/runner/.m2/repository/org/apache/curator/curator-framework/4.2.0/curator-framework-4.2.0.jar:/home/runner/.m2/repository/com/jcraft/jsch/0.1.55/jsch-0.1.55.jar:/home/runner/.m2/repository/org/apache/curator/curator-client/4.2.0/curator-client-4.2.0.jar:/home/runner/.m2/repository/org/apache/curator/curator-recipes/5.2.0/curator-recipes-5.2.0.jar:/home/runner/.m2/repository/com/google/code/findbugs/jsr305/3.0.2/jsr305-3.0.2.jar:/home/runner/.m2/repository/org/apache/zookeeper/zookeeper/3.8.4/zookeeper-3.8.4.jar:/home/runner/.m2/repository/org/apache/zookeeper/zookeeper-jute/3.8.4/zookeeper-jute-3.8.4.jar:/home/runner/.m2/repository/org/apache/yetus/audience-annotations/0.12.0/audience-annotations-0.12.0.jar:/home/runner/.m2/repository/io/netty/netty-transport-native-epoll/4.1.109.Final/netty-transport-native-epoll-4.1.109.Final.jar:/home/runner/.m2/repository/org/apache/kerby/kerb-core/1.0.1/kerb-core-1.0.1.jar:/home/runner/.m2/repository/org/apache/kerby/kerby-pkix/1.0.1/kerby-pkix-1.0.1.jar:/home/runner/.m2/repository/org/apache/kerby/kerby-asn1/1.0.1/kerby-asn1-1.0.1.jar:/home/runner/.m2/repository/org/codehaus/woodstox/stax2-api/4.2.2/stax2-api-4.2.2.jar:/home/runner/.m2/repository/com/fasterxml/woodstox/woodstox-core/5.4.0/woodstox-core-5.4.0.jar:/home/runner/.m2/repository/dnsjava/dnsjava/3.6.1/dnsjava-3.6.1.jar:/home/runner/.m2/repository/org/xerial/snappy/snappy-java/1.1.10.7/snappy-java-1.1.10.7.jar:/home/runner/.m2/repository/org/apache/hadoop/hadoop-distcp/3.4.1/hadoop-distcp-3.4.1.jar:/home/runner/.m2/repository/org/apache/hadoop/hadoop-distcp/3.4.1/hadoop-distcp-3.4.1-tests.jar:/home/runner/.m2/repository/org/apache/hadoop/hadoop-hdfs/3.4.1/hadoop-hdfs-3.4.1-tests.jar:/home/runner/.m2/repository/org/eclipse/jetty/jetty-util-ajax/9.4.57.v20241219/jetty-util-ajax-9.4.57.v20241219.jar:/home/runner/.m2/repository/commons-daemon/commons-daemon/1.4.0/commons-daemon-1.4.0.jar:/home/runner/.m2/repository/io/netty/netty-all/4.1.109.Final/netty-all-4.1.109.Final.jar:/home/runner/.m2/repository/io/netty/netty-codec-dns/4.1.109.Final/netty-codec-dns-4.1.109.Final.jar:/home/runner/.m2/repository/io/netty/netty-codec-haproxy/4.1.109.Final/netty-codec-haproxy-4.1.109.Final.jar:/home/runner/.m2/repository/io/netty/netty-codec-memcache/4.1.109.Final/netty-codec-memcache-4.1.109.Final.jar:/home/runner/.m2/repository/io/netty/netty-codec-mqtt/4.1.109.Final/netty-codec-mqtt-4.1.109.Final.jar:/home/runner/.m2/repository/io/netty/netty-codec-redis/4.1.109.Final/netty-codec-redis-4.1.109.Final.jar:/home/runner/.m2/repository/io/netty/netty-codec-smtp/4.1.109.Final/netty-codec-smtp-4.1.109.Final.jar:/home/runner/.m2/repository/io/netty/netty-codec-stomp/4.1.109.Final/netty-codec-stomp-4.1.109.Final.jar:/home/runner/.m2/repository/io/netty/netty-codec-xml/4.1.109.Final/netty-codec-xml-4.1.109.Final.jar:/home/runner/.m2/repository/io/netty/netty-handler-ssl-ocsp/4.1.109.Final/netty-handler-ssl-ocsp-4.1.109.Final.jar:/home/runner/.m2/repository/io/netty/netty-resolver-dns/4.1.109.Final/netty-resolver-dns-4.1.109.Final.jar:/home/runner/.m2/repository/io/netty/netty-transport-rxtx/4.1.109.Final/netty-transport-rxtx-4.1.109.Final.jar:/home/runner/.m2/repository/io/netty/netty-transport-sctp/4.1.109.Final/netty-transport-sctp-4.1.109.Final.jar:/home/runner/.m2/repository/io/netty/netty-transport-udt/4.1.109.Final/netty-transport-udt-4.1.109.Final.jar:/home/runner/.m2/repository/io/netty/netty-transport-classes-kqueue/4.1.109.Final/netty-transport-classes-kqueue-4.1.109.Final.jar:/home/runner/.m2/repository/io/netty/netty-resolver-dns-classes-macos/4.1.109.Final/netty-resolver-dns-classes-macos-4.1.109.Final.jar:/home/runner/.m2/repository/io/netty/netty-transport-native-epoll/4.1.109.Final/netty-transport-native-epoll-4.1.109.Final-linux-aarch_64.jar:/home/runner/.m2/repository/io/netty/netty-transport-native-epoll/4.1.109.Final/netty-transport-native-epoll-4.1.109.Final-linux-riscv64.jar:/home/runner/.m2/repository/io/netty/netty-transport-native-kqueue/4.1.109.Final/netty-transport-native-kqueue-4.1.109.Final-osx-x86_64.jar:/home/runner/.m2/repository/io/netty/netty-transport-native-kqueue/4.1.109.Final/netty-transport-native-kqueue-4.1.109.Final-osx-aarch_64.jar:/home/runner/.m2/repository/io/netty/netty-resolver-dns-native-macos/4.1.109.Final/netty-resolver-dns-native-macos-4.1.109.Final-osx-x86_64.jar:/home/runner/.m2/repository/io/netty/netty-resolver-dns-native-macos/4.1.109.Final/netty-resolver-dns-native-macos-4.1.109.Final-osx-aarch_64.jar:/home/runner/.m2/repository/org/fusesource/leveldbjni/leveldbjni-all/1.8/leveldbjni-all-1.8.jar:/home/runner/.m2/repository/org/apache/hadoop/hadoop-kms/3.4.1/hadoop-kms-3.4.1.jar:/home/runner/.m2/repository/org/apache/hadoop/hadoop-common/3.4.1/hadoop-common-3.4.1.jar:/home/runner/.m2/repository/org/apache/hadoop/hadoop-kms/3.4.1/hadoop-kms-3.4.1-tests.jar:/home/runner/.m2/repository/org/apache/hadoop/hadoop-mapreduce-client-core/3.4.1/hadoop-mapreduce-client-core-3.4.1.jar:/home/runner/.m2/repository/org/apache/hadoop/hadoop-yarn-client/3.4.1/hadoop-yarn-client-3.4.1.jar:/home/runner/.m2/repository/org/eclipse/jetty/websocket/websocket-client/9.4.53.v20231009/websocket-client-9.4.53.v20231009.jar:/home/runner/.m2/repository/org/eclipse/jetty/websocket/websocket-common/9.4.53.v20231009/websocket-common-9.4.53.v20231009.jar:/home/runner/.m2/repository/org/eclipse/jetty/websocket/websocket-api/9.4.53.v20231009/websocket-api-9.4.53.v20231009.jar:/home/runner/.m2/repository/org/apache/hadoop/hadoop-yarn-api/3.4.1/hadoop-yarn-api-3.4.1.jar:/home/runner/.m2/repository/org/apache/hadoop/hadoop-yarn-common/3.4.1/hadoop-yarn-common-3.4.1.jar:/home/runner/.m2/repository/javax/xml/bind/jaxb-api/2.2.11/jaxb-api-2.2.11.jar:/home/runner/.m2/repository/com/sun/jersey/contribs/jersey-guice/1.19.4/jersey-guice-1.19.4.jar:/home/runner/.m2/repository/com/fasterxml/jackson/jaxrs/jackson-jaxrs-json-provider/2.16.2/jackson-jaxrs-json-provider-2.16.2.jar:/home/runner/.m2/repository/com/fasterxml/jackson/jaxrs/jackson-jaxrs-base/2.16.2/jackson-jaxrs-base-2.16.2.jar:/home/runner/.m2/repository/org/apache/hadoop/hadoop-hdfs-client/3.4.1/hadoop-hdfs-client-3.4.1.jar:/home/runner/.m2/repository/org/apache/hadoop/hadoop-mapreduce-client-jobclient/3.4.1/hadoop-mapreduce-client-jobclient-3.4.1.jar:/home/runner/.m2/repository/org/apache/hadoop/hadoop-mapreduce-client-common/3.4.1/hadoop-mapreduce-client-common-3.4.1.jar:/home/runner/.m2/repository/org/apache/hadoop/hadoop-minikdc/3.4.1/hadoop-minikdc-3.4.1.jar:/home/runner/.m2/repository/org/apache/kerby/kerb-simplekdc/2.0.3/kerb-simplekdc-2.0.3.jar:/home/runner/.m2/repository/org/apache/kerby/kerb-client/2.0.3/kerb-client-2.0.3.jar:/home/runner/.m2/repository/org/apache/kerby/kerb-common/2.0.3/kerb-common-2.0.3.jar:/home/runner/.m2/repository/org/apache/kerby/token-provider/2.0.3/token-provider-2.0.3.jar:/home/runner/.m2/repository/org/apache/kerby/kerb-admin/2.0.3/kerb-admin-2.0.3.jar:/home/runner/.m2/repository/org/apache/kerby/kerb-server/2.0.3/kerb-server-2.0.3.jar:/home/runner/.m2/repository/org/apache/kerby/kerb-identity/2.0.3/kerb-identity-2.0.3.jar:/home/runner/.m2/repository/org/apache/kerby/kerby-xdr/2.0.3/kerby-xdr-2.0.3.jar:/home/runner/.m2/repository/junit/junit/4.13.2/junit-4.13.2.jar:/home/runner/.m2/repository/org/hamcrest/hamcrest-core/1.3/hamcrest-core-1.3.jar:/home/runner/work/ozone/ozone/hadoop-hdds/common/target/hdds-common-2.0.0-SNAPSHOT-tests.jar:/home/runner/.m2/repository/commons-validator/commons-validator/1.6/commons-validator-1.6.jar:/home/runner/.m2/repository/commons-digester/commons-digester/1.8.1/commons-digester-1.8.1.jar:/home/runner/.m2/repository/io/jaegertracing/jaeger-client/1.8.1/jaeger-client-1.8.1.jar:/home/runner/.m2/repository/io/jaegertracing/jaeger-thrift/1.8.1/jaeger-thrift-1.8.1.jar:/home/runner/.m2/repository/org/apache/thrift/libthrift/0.15.0/libthrift-0.15.0.jar:/home/runner/.m2/repository/com/squareup/okhttp3/okhttp/4.12.0/okhttp-4.12.0.jar:/home/runner/.m2/repository/com/squareup/okio/okio/3.6.0/okio-3.6.0.jar:/home/runner/.m2/repository/com/squareup/okio/okio-jvm/3.6.0/okio-jvm-3.6.0.jar:/home/runner/.m2/repository/org/jetbrains/kotlin/kotlin-stdlib-common/1.9.25/kotlin-stdlib-common-1.9.25.jar:/home/runner/.m2/repository/org/jetbrains/kotlin/kotlin-stdlib-jdk8/1.9.25/kotlin-stdlib-jdk8-1.9.25.jar:/home/runner/.m2/repository/org/jetbrains/kotlin/kotlin-stdlib-jdk7/1.9.25/kotlin-stdlib-jdk7-1.9.25.jar:/home/runner/.m2/repository/io/jaegertracing/jaeger-tracerresolver/1.8.1/jaeger-tracerresolver-1.8.1.jar:/home/runner/.m2/repository/io/opentracing/contrib/opentracing-tracerresolver/0.1.8/opentracing-tracerresolver-0.1.8.jar:/home/runner/.m2/repository/io/jaegertracing/jaeger-core/1.8.1/jaeger-core-1.8.1.jar:/home/runner/work/ozone/ozone/hadoop-hdds/annotations/target/hdds-annotation-processing-2.0.0-SNAPSHOT.jar:/home/runner/.m2/repository/org/apache/ratis/ratis-metrics-dropwizard3/3.1.2/ratis-metrics-dropwizard3-3.1.2.jar:/home/runner/.m2/repository/org/bouncycastle/bcutil-jdk18on/1.80/bcutil-jdk18on-1.80.jar:/home/runner/.m2/repository/org/jetbrains/kotlin/kotlin-stdlib/1.9.25/kotlin-stdlib-1.9.25.jar:/home/runner/.m2/repository/org/jetbrains/annotations/13.0/annotations-13.0.jar:/home/runner/.m2/repository/org/yaml/snakeyaml/2.0/snakeyaml-2.0.jar:/home/runner/work/ozone/ozone/hadoop-hdds/container-service/target/hdds-container-service-2.0.0-SNAPSHOT-tests.jar:/home/runner/.m2/repository/com/github/luben/zstd-jni/1.5.6-10/zstd-jni-1.5.6-10.jar:/home/runner/.m2/repository/io/netty/netty-buffer/4.1.109.Final/netty-buffer-4.1.109.Final.jar:/home/runner/.m2/repository/io/netty/netty-codec/4.1.109.Final/netty-codec-4.1.109.Final.jar:/home/runner/work/ozone/ozone/hadoop-hdds/framework/target/hdds-server-framework-2.0.0-SNAPSHOT-tests.jar:/home/runner/.m2/repository/com/github/jnr/jnr-constants/0.10.4/jnr-constants-0.10.4.jar:/home/runner/.m2/repository/com/github/jnr/jnr-posix/3.1.20/jnr-posix-3.1.20.jar:/home/runner/.m2/repository/com/github/jnr/jnr-ffi/2.2.17/jnr-ffi-2.2.17.jar:/home/runner/.m2/repository/com/github/jnr/jffi/1.3.13/jffi-1.3.13.jar:/home/runner/.m2/repository/com/github/jnr/jffi/1.3.13/jffi-1.3.13-native.jar:/home/runner/.m2/repository/org/ow2/asm/asm/9.7.1/asm-9.7.1.jar:/home/runner/.m2/repository/org/ow2/asm/asm-commons/9.7.1/asm-commons-9.7.1.jar:/home/runner/.m2/repository/org/ow2/asm/asm-analysis/9.7.1/asm-analysis-9.7.1.jar:/home/runner/.m2/repository/org/ow2/asm/asm-tree/9.7.1/asm-tree-9.7.1.jar:/home/runner/.m2/repository/org/ow2/asm/asm-util/9.7.1/asm-util-9.7.1.jar:/home/runner/.m2/repository/com/github/jnr/jnr-a64asm/1.0.0/jnr-a64asm-1.0.0.jar:/home/runner/.m2/repository/com/github/jnr/jnr-x86asm/1.0.2/jnr-x86asm-1.0.2.jar:/home/runner/.m2/repository/commons-fileupload/commons-fileupload/1.5/commons-fileupload-1.5.jar:/home/runner/.m2/repository/commons-logging/commons-logging/1.2/commons-logging-1.2.jar:/home/runner/.m2/repository/io/prometheus/simpleclient/0.16.0/simpleclient-0.16.0.jar:/home/runner/.m2/repository/io/prometheus/simpleclient_common/0.16.0/simpleclient_common-0.16.0.jar:/home/runner/.m2/repository/io/prometheus/simpleclient_dropwizard/0.16.0/simpleclient_dropwizard-0.16.0.jar:/home/runner/.m2/repository/org/apache/logging/log4j/log4j-core/2.24.2/log4j-core-2.24.2.jar:/home/runner/.m2/repository/org/eclipse/jetty/jetty-http/9.4.57.v20241219/jetty-http-9.4.57.v20241219.jar:/home/runner/.m2/repository/com/lmax/disruptor/3.4.4/disruptor-3.4.4.jar:/home/runner/work/ozone/ozone/hadoop-hdds/server-scm/target/hdds-server-scm-2.0.0-SNAPSHOT-tests.jar:/home/runner/work/ozone/ozone/hadoop-hdds/test-utils/target/hdds-test-utils-2.0.0-SNAPSHOT.jar:/home/runner/work/ozone/ozone/hadoop-ozone/ozone-manager/target/ozone-manager-2.0.0-SNAPSHOT-tests.jar:/home/runner/.m2/repository/org/assertj/assertj-core/3.27.3/assertj-core-3.27.3.jar:/home/runner/.m2/repository/net/bytebuddy/byte-buddy/1.15.11/byte-buddy-1.15.11.jar:/home/runner/.m2/repository/org/junit/jupiter/junit-jupiter-api/5.11.4/junit-jupiter-api-5.11.4.jar:/home/runner/.m2/repository/org/opentest4j/opentest4j/1.3.0/opentest4j-1.3.0.jar:/home/runner/.m2/repository/org/junit/platform/junit-platform-commons/1.11.4/junit-platform-commons-1.11.4.jar:/home/runner/.m2/repository/org/apiguardian/apiguardian-api/1.1.2/apiguardian-api-1.1.2.jar:/home/runner/.m2/repository/org/junit/jupiter/junit-jupiter-engine/5.11.4/junit-jupiter-engine-5.11.4.jar:/home/runner/.m2/repository/org/junit/platform/junit-platform-engine/1.11.4/junit-platform-engine-1.11.4.jar:/home/runner/.m2/repository/org/junit/jupiter/junit-jupiter-params/5.11.4/junit-jupiter-params-5.11.4.jar:/home/runner/.m2/repository/org/mockito/mockito-core/4.11.0/mockito-core-4.11.0.jar:/home/runner/.m2/repository/net/bytebuddy/byte-buddy-agent/1.12.19/byte-buddy-agent-1.12.19.jar:/home/runner/.m2/repository/org/objenesis/objenesis/3.3/objenesis-3.3.jar:/home/runner/.m2/repository/org/mockito/mockito-inline/4.11.0/mockito-inline-4.11.0.jar:/home/runner/.m2/repository/org/mockito/mockito-junit-jupiter/4.11.0/mockito-junit-jupiter-4.11.0.jar:/home/runner/work/ozone/ozone/hadoop-ozone/integration-test/target/gradle-enterprise/test-listeners.jar:"/>
    <property name="sun.cpu.endian" value="little"/>
    <property name="user.home" value="/home/runner"/>
    <property name="user.language" value="en"/>
    <property name="java.specification.vendor" value="Oracle Corporation"/>
    <property name="skipRecon" value="true"/>
    <property name="java.version.date" value="2025-01-21"/>
    <property name="java.home" value="/usr/lib/jvm/temurin-21-jdk-amd64"/>
    <property name="java.security.krb5.conf" value="/home/runner/work/ozone/ozone/hadoop-ozone/integration-test/target/test-classes/krb5.conf"/>
    <property name="file.separator" value="/"/>
    <property name="basedir" value="/home/runner/work/ozone/ozone/hadoop-ozone/integration-test"/>
    <property name="java.vm.compressedOopsMode" value="Zero based"/>
    <property name="line.separator" value="&#10;"/>
    <property name="java.vm.specification.vendor" value="Oracle Corporation"/>
    <property name="java.specification.name" value="Java Platform API Specification"/>
    <property name="surefire.real.class.path" value="/home/runner/work/ozone/ozone/hadoop-ozone/integration-test/target/surefire/surefirebooter13572299506020950937.jar"/>
    <property name="hadoop.log.dir" value="/home/runner/work/ozone/ozone/hadoop-ozone/integration-test/target/log"/>
    <property name="sun.management.compiler" value="HotSpot 64-Bit Tiered Compilers"/>
    <property name="skipShade" value="true"/>
    <property name="java.runtime.version" value="21.0.6+7-LTS"/>
    <property name="user.name" value="runner"/>
    <property name="java.net.preferIPv4Stack" value="true"/>
    <property name="stdout.encoding" value="UTF-8"/>
    <property name="path.separator" value=":"/>
    <property name="java.security.egd" value="file:///dev/urandom"/>
    <property name="os.version" value="6.8.0-1021-azure"/>
    <property name="java.runtime.name" value="OpenJDK Runtime Environment"/>
    <property name="com.gradle.maven.scan.extension.test.listener.junitplatform.NestedExecutionSafeDelegatingTestExecutionListener" value="78641d23"/>
    <property name="file.encoding" value="UTF-8"/>
    <property name="java.vm.name" value="OpenJDK 64-Bit Server VM"/>
    <property name="java.vendor.version" value="Temurin-21.0.6+7"/>
    <property name="test.build.webapps" value=""/>
    <property name="develocity.listener.surefire.forkId" value="1"/>
    <property name="localRepository" value="/home/runner/.m2/repository"/>
    <property name="java.vendor.url.bug" value="https://github.com/adoptium/adoptium-support/issues"/>
    <property name="jetty.git.hash" value="df524e6b29271c2e09ba9aea83c18dc9db464a31"/>
    <property name="java.io.tmpdir" value="/tmp"/>
    <property name="require.test.libhadoop" value=""/>
    <property name="java.version" value="21.0.6"/>
    <property name="user.dir" value="/home/runner/work/ozone/ozone/hadoop-ozone/integration-test"/>
    <property name="os.arch" value="amd64"/>
    <property name="java.vm.specification.name" value="Java Virtual Machine Specification"/>
    <property name="test.build.classes" value="/home/runner/work/ozone/ozone/hadoop-ozone/integration-test/target/test-classes"/>
    <property name="org.apache.ratis.thirdparty.io.netty.allocator.useCacheForAllThreads" value="false"/>
    <property name="native.encoding" value="UTF-8"/>
    <property name="hadoop.tmp.dir" value="/home/runner/work/ozone/ozone/hadoop-ozone/integration-test/target/tmp"/>
    <property name="java.library.path" value="/usr/java/packages/lib:/usr/lib64:/lib64:/lib:/usr/lib"/>
    <property name="java.vm.info" value="mixed mode, sharing"/>
    <property name="stderr.encoding" value="UTF-8"/>
    <property name="java.vendor" value="Eclipse Adoptium"/>
    <property name="java.vm.version" value="21.0.6+7-LTS"/>
    <property name="sun.io.unicode.encoding" value="UnicodeLittle"/>
    <property name="develocity.listener.port" value="44713"/>
    <property name="java.class.version" value="65.0"/>
  </properties>
  <testcase name="testBootstrapWithoutConfigUpdate" classname="org.apache.hadoop.ozone.om.TestAddRemoveOzoneManager" time="41.598"/>
  <testcase name="testBootstrap" classname="org.apache.hadoop.ozone.om.TestAddRemoveOzoneManager" time="56.444"/>
  <testcase name="testDecommission" classname="org.apache.hadoop.ozone.om.TestAddRemoveOzoneManager" time="34.638">
    <error type="java.io.IOException"><![CDATA[java.io.IOException: Failed to Decommission OM. Error: Request to decommissionomNode-3[localhost:0], sent to OM [omNode-1[localhost:15120]] failed with error: Failed to set configuration: request SetConfigurationRequest:client-838130C52C8E->omNode-1@group-0AAC5367B30E, cid=4, seq=null, RW, null, SET_UNCONDITIONALLY, servers:[omNode-1|localhost:15123, omNode-2|localhost:15127], listeners:[] changes a majority set of the current configuration conf: {index: 11, cur=peers:[omNode-3|localhost:15131, omNode-1|localhost:15123]|listeners:[], old=null}
	at org.apache.hadoop.ozone.om.protocolPB.OMAdminProtocolClientSideImpl.throwException(OMAdminProtocolClientSideImpl.java:217)
	at org.apache.hadoop.ozone.om.protocolPB.OMAdminProtocolClientSideImpl.decommission(OMAdminProtocolClientSideImpl.java:209)
	at org.apache.hadoop.ozone.om.TestAddRemoveOzoneManager.decommissionOM(TestAddRemoveOzoneManager.java:411)
	at org.apache.hadoop.ozone.om.TestAddRemoveOzoneManager.testDecommission(TestAddRemoveOzoneManager.java:373)
	at java.base/java.lang.reflect.Method.invoke(Method.java:580)
	at java.base/java.util.ArrayList.forEach(ArrayList.java:1596)
	at java.base/java.util.ArrayList.forEach(ArrayList.java:1596)
]]></error>
    <system-out><![CDATA[2025-02-16 13:02:54,539 [main] WARN  server.ServerUtils (ServerUtils.java:getScmDbDir(141)) - ozone.scm.db.dirs is not configured. We recommend adding this setting. Falling back to ozone.metadata.dirs instead.
2025-02-16 13:02:54,539 [main] INFO  ha.SCMHANodeDetails (SCMHANodeDetails.java:loadSCMHAConfig(179)) - ServiceID for StorageContainerManager is scmServiceId
2025-02-16 13:02:54,539 [main] INFO  ha.SCMHANodeDetails (SCMHANodeDetails.java:loadSCMHAConfig(190)) - ServiceID for StorageContainerManager is scmServiceId
2025-02-16 13:02:54,540 [main] INFO  ha.SCMHANodeDetails (SCMHANodeDetails.java:loadSCMHAConfig(277)) - Found matching SCM address with SCMServiceId: scmServiceId, SCMNodeId: scmNode-1, RPC Address: localhost:15109 and Ratis port: 15109
2025-02-16 13:02:54,540 [main] INFO  ha.SCMHANodeDetails (ConfUtils.java:setNodeSpecificConfigs(98)) - Setting configuration key ozone.scm.datanode.address with value of key ozone.scm.datanode.address.scmServiceId.scmNode-1: 127.0.0.1:15110
2025-02-16 13:02:54,540 [main] INFO  ha.SCMHANodeDetails (ConfUtils.java:setNodeSpecificConfigs(98)) - Setting configuration key ozone.scm.block.client.address with value of key ozone.scm.block.client.address.scmServiceId.scmNode-1: 127.0.0.1:15113
2025-02-16 13:02:54,540 [main] INFO  ha.SCMHANodeDetails (ConfUtils.java:setNodeSpecificConfigs(98)) - Setting configuration key ozone.scm.client.address with value of key ozone.scm.client.address.scmServiceId.scmNode-1: 127.0.0.1:15111
2025-02-16 13:02:54,540 [main] INFO  ha.SCMHANodeDetails (ConfUtils.java:setNodeSpecificConfigs(98)) - Setting configuration key ozone.scm.security.service.address with value of key ozone.scm.security.service.address.scmServiceId.scmNode-1: 127.0.0.1:15108
2025-02-16 13:02:54,540 [main] INFO  ha.SCMHANodeDetails (ConfUtils.java:setNodeSpecificConfigs(98)) - Setting configuration key ozone.scm.ratis.port with value of key ozone.scm.ratis.port.scmServiceId.scmNode-1: 15109
2025-02-16 13:02:54,540 [main] INFO  ha.SCMHANodeDetails (ConfUtils.java:setNodeSpecificConfigs(98)) - Setting configuration key ozone.scm.grpc.port with value of key ozone.scm.grpc.port.scmServiceId.scmNode-1: 15112
2025-02-16 13:02:54,540 [main] INFO  ha.SCMHANodeDetails (ConfUtils.java:setNodeSpecificConfigs(98)) - Setting configuration key ozone.scm.http-address with value of key ozone.scm.http-address.scmServiceId.scmNode-1: 127.0.0.1:15106
2025-02-16 13:02:54,540 [main] INFO  ha.SCMHANodeDetails (ConfUtils.java:setNodeSpecificConfigs(98)) - Setting configuration key ozone.scm.https-address with value of key ozone.scm.https-address.scmServiceId.scmNode-1: 127.0.0.1:15107
2025-02-16 13:02:54,540 [main] INFO  ha.SCMHANodeDetails (ConfUtils.java:setNodeSpecificConfigs(98)) - Setting configuration key ozone.scm.address with value of key ozone.scm.address.scmServiceId.scmNode-1: 127.0.0.1
2025-02-16 13:02:54,540 [main] WARN  scm.ScmUtils (ScmUtils.java:logWarn(162)) - ConfigKey ozone.scm.block.client.address is deprecated, For configuring different ports for each SCM use PortConfigKey ozone.scm.block.client.port appended with serviceId and nodeId. If want to configure same port configure ozone.scm.block.client.port
2025-02-16 13:02:54,541 [main] WARN  scm.ScmUtils (ScmUtils.java:logWarn(162)) - ConfigKey ozone.scm.client.address is deprecated, For configuring different ports for each SCM use PortConfigKey ozone.scm.client.port appended with serviceId and nodeId. If want to configure same port configure ozone.scm.client.port
2025-02-16 13:02:54,541 [main] WARN  scm.ScmUtils (ScmUtils.java:logWarn(162)) - ConfigKey ozone.scm.datanode.address is deprecated, For configuring different ports for each SCM use PortConfigKey ozone.scm.datanode.port appended with serviceId and nodeId. If want to configure same port configure ozone.scm.datanode.port
2025-02-16 13:02:54,544 [main] WARN  server.ServerUtils (ServerUtils.java:getScmDbDir(141)) - ozone.scm.db.dirs is not configured. We recommend adding this setting. Falling back to ozone.metadata.dirs instead.
2025-02-16 13:02:54,544 [main] INFO  ha.SCMHANodeDetails (SCMHANodeDetails.java:loadSCMHAConfig(179)) - ServiceID for StorageContainerManager is scmServiceId
2025-02-16 13:02:54,544 [main] INFO  ha.SCMHANodeDetails (SCMHANodeDetails.java:loadSCMHAConfig(190)) - ServiceID for StorageContainerManager is scmServiceId
2025-02-16 13:02:54,544 [main] INFO  ha.SCMHANodeDetails (SCMHANodeDetails.java:loadSCMHAConfig(277)) - Found matching SCM address with SCMServiceId: scmServiceId, SCMNodeId: scmNode-1, RPC Address: localhost:15109 and Ratis port: 15109
2025-02-16 13:02:54,544 [main] INFO  ha.SCMHANodeDetails (ConfUtils.java:setNodeSpecificConfigs(98)) - Setting configuration key ozone.scm.datanode.address with value of key ozone.scm.datanode.address.scmServiceId.scmNode-1: 127.0.0.1:15110
2025-02-16 13:02:54,544 [main] INFO  ha.SCMHANodeDetails (ConfUtils.java:setNodeSpecificConfigs(98)) - Setting configuration key ozone.scm.block.client.address with value of key ozone.scm.block.client.address.scmServiceId.scmNode-1: 127.0.0.1:15113
2025-02-16 13:02:54,544 [main] INFO  ha.SCMHANodeDetails (ConfUtils.java:setNodeSpecificConfigs(98)) - Setting configuration key ozone.scm.client.address with value of key ozone.scm.client.address.scmServiceId.scmNode-1: 127.0.0.1:15111
2025-02-16 13:02:54,544 [main] INFO  ha.SCMHANodeDetails (ConfUtils.java:setNodeSpecificConfigs(98)) - Setting configuration key ozone.scm.security.service.address with value of key ozone.scm.security.service.address.scmServiceId.scmNode-1: 127.0.0.1:15108
2025-02-16 13:02:54,544 [main] INFO  ha.SCMHANodeDetails (ConfUtils.java:setNodeSpecificConfigs(98)) - Setting configuration key ozone.scm.ratis.port with value of key ozone.scm.ratis.port.scmServiceId.scmNode-1: 15109
2025-02-16 13:02:54,545 [main] INFO  ha.SCMHANodeDetails (ConfUtils.java:setNodeSpecificConfigs(98)) - Setting configuration key ozone.scm.grpc.port with value of key ozone.scm.grpc.port.scmServiceId.scmNode-1: 15112
2025-02-16 13:02:54,545 [main] INFO  ha.SCMHANodeDetails (ConfUtils.java:setNodeSpecificConfigs(98)) - Setting configuration key ozone.scm.http-address with value of key ozone.scm.http-address.scmServiceId.scmNode-1: 127.0.0.1:15106
2025-02-16 13:02:54,545 [main] INFO  ha.SCMHANodeDetails (ConfUtils.java:setNodeSpecificConfigs(98)) - Setting configuration key ozone.scm.https-address with value of key ozone.scm.https-address.scmServiceId.scmNode-1: 127.0.0.1:15107
2025-02-16 13:02:54,545 [main] INFO  ha.SCMHANodeDetails (ConfUtils.java:setNodeSpecificConfigs(98)) - Setting configuration key ozone.scm.address with value of key ozone.scm.address.scmServiceId.scmNode-1: 127.0.0.1
2025-02-16 13:02:54,545 [main] WARN  scm.ScmUtils (ScmUtils.java:logWarn(162)) - ConfigKey ozone.scm.block.client.address is deprecated, For configuring different ports for each SCM use PortConfigKey ozone.scm.block.client.port appended with serviceId and nodeId. If want to configure same port configure ozone.scm.block.client.port
2025-02-16 13:02:54,545 [main] WARN  scm.ScmUtils (ScmUtils.java:logWarn(162)) - ConfigKey ozone.scm.client.address is deprecated, For configuring different ports for each SCM use PortConfigKey ozone.scm.client.port appended with serviceId and nodeId. If want to configure same port configure ozone.scm.client.port
2025-02-16 13:02:54,545 [main] WARN  scm.ScmUtils (ScmUtils.java:logWarn(162)) - ConfigKey ozone.scm.datanode.address is deprecated, For configuring different ports for each SCM use PortConfigKey ozone.scm.datanode.port appended with serviceId and nodeId. If want to configure same port configure ozone.scm.datanode.port
2025-02-16 13:02:54,546 [main] INFO  server.RaftServerConfigKeys (ConfUtils.java:logGet(46)) - raft.server.log.appender.buffer.byte-limit = 4194304 (custom)
2025-02-16 13:02:54,546 [main] INFO  server.RaftServer (ConfUtils.java:logGet(46)) - raft.rpc.type = GRPC (default)
2025-02-16 13:02:54,546 [main] INFO  grpc.GrpcConfigKeys (ConfUtils.java:logFallback(53)) - raft.grpc.admin.host = null (fallback to raft.grpc.server.host)
2025-02-16 13:02:54,546 [main] INFO  grpc.GrpcConfigKeys (ConfUtils.java:logFallback(53)) - raft.grpc.admin.port = 15109 (fallback to raft.grpc.server.port)
2025-02-16 13:02:54,547 [main] INFO  grpc.GrpcConfigKeys (ConfUtils.java:logFallback(53)) - raft.grpc.client.host = null (fallback to raft.grpc.server.host)
2025-02-16 13:02:54,547 [main] INFO  grpc.GrpcConfigKeys (ConfUtils.java:logFallback(53)) - raft.grpc.client.port = 15109 (fallback to raft.grpc.server.port)
2025-02-16 13:02:54,547 [main] INFO  grpc.GrpcConfigKeys (ConfUtils.java:logGet(46)) - raft.grpc.server.host = null (default)
2025-02-16 13:02:54,547 [main] INFO  grpc.GrpcConfigKeys (ConfUtils.java:logGet(46)) - raft.grpc.server.port = 15109 (custom)
2025-02-16 13:02:54,547 [main] INFO  server.GrpcService (ConfUtils.java:logGet(46)) - raft.grpc.message.size.max = 5242880 (custom)
2025-02-16 13:02:54,547 [main] INFO  server.GrpcService (ConfUtils.java:logGet(46)) - raft.grpc.flow.control.window = 1MB (=1048576) (default)
2025-02-16 13:02:54,547 [main] INFO  server.RaftServerConfigKeys (ConfUtils.java:logGet(46)) - raft.server.rpc.request.timeout = 30000ms (custom)
2025-02-16 13:02:54,547 [main] INFO  grpc.GrpcConfigKeys (ConfUtils.java:logGet(46)) - raft.grpc.server.heartbeat.channel = true (default)
2025-02-16 13:02:54,547 [main] INFO  server.RaftServerConfigKeys (ConfUtils.java:logGet(46)) - raft.server.log.appender.buffer.byte-limit = 4194304 (custom)
2025-02-16 13:02:54,547 [main] INFO  grpc.GrpcConfigKeys (ConfUtils.java:logGet(46)) - raft.grpc.server.async.request.thread.pool.cached = true (default)
2025-02-16 13:02:54,548 [main] INFO  grpc.GrpcConfigKeys (ConfUtils.java:logGet(46)) - raft.grpc.server.async.request.thread.pool.size = 32 (default)
2025-02-16 13:02:54,548 [main] INFO  impl.DataStreamServerImpl (ConfUtils.java:logGet(46)) - raft.datastream.type = DISABLED (default)
2025-02-16 13:02:54,548 [main] INFO  server.RaftServerConfigKeys (ConfUtils.java:logGet(46)) - raft.server.sleep.deviation.threshold = 300ms (default)
2025-02-16 13:02:54,549 [main] INFO  server.RaftServerConfigKeys (ConfUtils.java:logGet(46)) - raft.server.close.threshold = 60s (default)
2025-02-16 13:02:54,549 [main] INFO  server.RaftServerConfigKeys (ConfUtils.java:logGet(46)) - raft.server.leaderelection.leader.step-down.wait-time = 10s (default)
2025-02-16 13:02:54,549 [main] INFO  server.RaftServerConfigKeys (ConfUtils.java:logGet(46)) - raft.server.storage.dir = [/home/runner/work/ozone/ozone/hadoop-ozone/integration-test/target/test-dir/MiniOzoneClusterImpl-8cdb299b-b154-4fd3-af09-aa8d0bad65b8/scmNode-1/scm-ha] (custom)
2025-02-16 13:02:54,549 [main] INFO  server.RaftServerConfigKeys (ConfUtils.java:logGet(46)) - raft.server.threadpool.proxy.cached = true (default)
2025-02-16 13:02:54,549 [main] INFO  server.RaftServerConfigKeys (ConfUtils.java:logGet(46)) - raft.server.threadpool.proxy.size = 0 (default)
2025-02-16 13:02:54,550 [main] INFO  server.RaftServer (RaftServerProxy.java:addNew(100)) - 257e952a-4980-4b97-a405-9e28f64fa058: addNew group-AA8D0BAD65B8:[257e952a-4980-4b97-a405-9e28f64fa058|localhost:15109] returns group-AA8D0BAD65B8:java.util.concurrent.CompletableFuture@732cfe49[Not completed]
2025-02-16 13:02:54,550 [257e952a-4980-4b97-a405-9e28f64fa058-groupManagement] INFO  server.RaftServer$Division (RaftServerImpl.java:<init>(255)) - 257e952a-4980-4b97-a405-9e28f64fa058: new RaftServerImpl for group-AA8D0BAD65B8:[257e952a-4980-4b97-a405-9e28f64fa058|localhost:15109] with SCMStateMachine:uninitialized
2025-02-16 13:02:54,550 [257e952a-4980-4b97-a405-9e28f64fa058-groupManagement] INFO  server.RaftServerConfigKeys (ConfUtils.java:logGet(46)) - raft.server.rpc.timeout.min = 5000ms (custom)
2025-02-16 13:02:54,550 [257e952a-4980-4b97-a405-9e28f64fa058-groupManagement] INFO  server.RaftServerConfigKeys (ConfUtils.java:logGet(46)) - raft.server.rpc.timeout.max = 5200ms (custom)
2025-02-16 13:02:54,550 [257e952a-4980-4b97-a405-9e28f64fa058-groupManagement] INFO  server.RaftServerConfigKeys (ConfUtils.java:logGet(46)) - raft.server.rpc.sleep.time = 25ms (default)
2025-02-16 13:02:54,550 [257e952a-4980-4b97-a405-9e28f64fa058-groupManagement] INFO  server.RaftServerConfigKeys (ConfUtils.java:logGet(46)) - raft.server.rpc.slowness.timeout = 120000ms (custom)
2025-02-16 13:02:54,550 [257e952a-4980-4b97-a405-9e28f64fa058-groupManagement] INFO  server.RaftServerConfigKeys (ConfUtils.java:logGet(46)) - raft.server.leaderelection.leader.step-down.wait-time = 10s (default)
2025-02-16 13:02:54,550 [257e952a-4980-4b97-a405-9e28f64fa058-groupManagement] INFO  server.RaftServerConfigKeys (ConfUtils.java:logGet(46)) - raft.server.leaderelection.member.majority-add = false (default)
2025-02-16 13:02:54,550 [257e952a-4980-4b97-a405-9e28f64fa058-groupManagement] INFO  server.RaftServerConfigKeys (ConfUtils.java:logGet(46)) - raft.server.sleep.deviation.threshold = 300ms (default)
2025-02-16 13:02:54,550 [257e952a-4980-4b97-a405-9e28f64fa058-groupManagement] INFO  server.RaftServer$Division (ServerState.java:<init>(114)) - 257e952a-4980-4b97-a405-9e28f64fa058@group-AA8D0BAD65B8: ConfigurationManager, init=conf: {index: -1, cur=peers:[257e952a-4980-4b97-a405-9e28f64fa058|localhost:15109]|listeners:[], old=null}, confs=<EMPTY_MAP>
2025-02-16 13:02:54,550 [257e952a-4980-4b97-a405-9e28f64fa058-groupManagement] INFO  server.RaftServerConfigKeys (ConfUtils.java:logGet(46)) - raft.server.notification.no-leader.timeout = 60s (default)
2025-02-16 13:02:54,550 [257e952a-4980-4b97-a405-9e28f64fa058-groupManagement] INFO  server.RaftServerConfigKeys (ConfUtils.java:logGet(46)) - raft.server.read.timeout = 10s (default)
2025-02-16 13:02:54,550 [257e952a-4980-4b97-a405-9e28f64fa058-groupManagement] INFO  server.RaftServerConfigKeys (ConfUtils.java:logGet(46)) - raft.server.retrycache.expirytime = 60000ms (default)
2025-02-16 13:02:54,550 [257e952a-4980-4b97-a405-9e28f64fa058-groupManagement] INFO  server.RaftServerConfigKeys (ConfUtils.java:logGet(46)) - raft.server.retrycache.statistics.expirytime = 100ms (default)
2025-02-16 13:02:54,551 [257e952a-4980-4b97-a405-9e28f64fa058-groupManagement] INFO  server.RaftServerConfigKeys (ConfUtils.java:logGet(46)) - raft.server.read.option = DEFAULT (default)
2025-02-16 13:02:54,551 [257e952a-4980-4b97-a405-9e28f64fa058-groupManagement] INFO  server.RaftServerConfigKeys (ConfUtils.java:logGet(46)) - raft.server.read.read-after-write-consistent.write-index-cache.expiry-time = 60s (default)
2025-02-16 13:02:54,551 [257e952a-4980-4b97-a405-9e28f64fa058-groupManagement] INFO  server.RaftServerConfigKeys (ConfUtils.java:logGet(46)) - raft.server.rpc.request.timeout = 30000ms (custom)
2025-02-16 13:02:54,551 [257e952a-4980-4b97-a405-9e28f64fa058-groupManagement] INFO  server.RaftServerConfigKeys (ConfUtils.java:logGet(46)) - raft.server.log.appender.install.snapshot.enabled = false (custom)
2025-02-16 13:02:54,551 [257e952a-4980-4b97-a405-9e28f64fa058-groupManagement] INFO  server.RaftServerConfigKeys (ConfUtils.java:logGet(46)) - raft.server.threadpool.server.cached = true (default)
2025-02-16 13:02:54,551 [257e952a-4980-4b97-a405-9e28f64fa058-groupManagement] INFO  server.RaftServerConfigKeys (ConfUtils.java:logGet(46)) - raft.server.threadpool.server.size = 0 (default)
2025-02-16 13:02:54,551 [257e952a-4980-4b97-a405-9e28f64fa058-groupManagement] INFO  server.RaftServerConfigKeys (ConfUtils.java:logGet(46)) - raft.server.threadpool.client.cached = true (default)
2025-02-16 13:02:54,552 [257e952a-4980-4b97-a405-9e28f64fa058-groupManagement] INFO  server.RaftServerConfigKeys (ConfUtils.java:logGet(46)) - raft.server.threadpool.client.size = 0 (default)
2025-02-16 13:02:54,552 [257e952a-4980-4b97-a405-9e28f64fa058-impl-thread1] INFO  server.RaftServerConfigKeys (ConfUtils.java:logGet(46)) - raft.server.storage.free-space.min = 0MB (=0) (default)
2025-02-16 13:02:54,552 [257e952a-4980-4b97-a405-9e28f64fa058-impl-thread1] INFO  server.RaftServerConfigKeys (ConfUtils.java:logGet(46)) - raft.server.log.corruption.policy = EXCEPTION (default)
2025-02-16 13:02:54,552 [257e952a-4980-4b97-a405-9e28f64fa058-impl-thread1] INFO  server.RaftServerConfigKeys (ConfUtils.java:logGet(46)) - raft.server.storage.dir = [/home/runner/work/ozone/ozone/hadoop-ozone/integration-test/target/test-dir/MiniOzoneClusterImpl-8cdb299b-b154-4fd3-af09-aa8d0bad65b8/scmNode-1/scm-ha] (custom)
2025-02-16 13:02:54,552 [257e952a-4980-4b97-a405-9e28f64fa058-impl-thread1] INFO  storage.RaftStorageDirectory (RaftStorageDirectoryImpl.java:analyzeStorage(138)) - The storage directory /home/runner/work/ozone/ozone/hadoop-ozone/integration-test/target/test-dir/MiniOzoneClusterImpl-8cdb299b-b154-4fd3-af09-aa8d0bad65b8/scmNode-1/scm-ha/8cdb299b-b154-4fd3-af09-aa8d0bad65b8 does not exist. Creating ...
2025-02-16 13:02:54,553 [257e952a-4980-4b97-a405-9e28f64fa058-impl-thread1] INFO  storage.RaftStorageDirectory (RaftStorageDirectoryImpl.java:tryLock(229)) - Lock on /home/runner/work/ozone/ozone/hadoop-ozone/integration-test/target/test-dir/MiniOzoneClusterImpl-8cdb299b-b154-4fd3-af09-aa8d0bad65b8/scmNode-1/scm-ha/8cdb299b-b154-4fd3-af09-aa8d0bad65b8/in_use.lock acquired by nodename 113671@fv-az1944-819
2025-02-16 13:02:54,554 [257e952a-4980-4b97-a405-9e28f64fa058-impl-thread1] INFO  storage.RaftStorage (RaftStorageImpl.java:format(98)) - Storage directory /home/runner/work/ozone/ozone/hadoop-ozone/integration-test/target/test-dir/MiniOzoneClusterImpl-8cdb299b-b154-4fd3-af09-aa8d0bad65b8/scmNode-1/scm-ha/8cdb299b-b154-4fd3-af09-aa8d0bad65b8 has been successfully formatted.
2025-02-16 13:02:54,554 [257e952a-4980-4b97-a405-9e28f64fa058-impl-thread1] INFO  ha.SCMStateMachine (SCMStateMachine.java:lambda$initialize$0(138)) - 257e952a-4980-4b97-a405-9e28f64fa058: initialize group-AA8D0BAD65B8
2025-02-16 13:02:54,554 [257e952a-4980-4b97-a405-9e28f64fa058-impl-thread1] INFO  server.RaftServerConfigKeys (ConfUtils.java:logGet(46)) - raft.server.log.use.memory = false (default)
2025-02-16 13:02:54,554 [257e952a-4980-4b97-a405-9e28f64fa058-impl-thread1] INFO  server.RaftServerConfigKeys (ConfUtils.java:logGet(46)) - raft.server.log.purge.gap = 1000000 (custom)
2025-02-16 13:02:54,554 [257e952a-4980-4b97-a405-9e28f64fa058-impl-thread1] INFO  server.RaftServerConfigKeys (ConfUtils.java:logGet(46)) - raft.server.log.appender.buffer.byte-limit = 4194304 (custom)
2025-02-16 13:02:54,554 [257e952a-4980-4b97-a405-9e28f64fa058-impl-thread1] INFO  server.RaftServerConfigKeys (ConfUtils.java:logGet(46)) - raft.server.log.statemachine.data.read.timeout = 1000ms (default)
2025-02-16 13:02:54,554 [257e952a-4980-4b97-a405-9e28f64fa058-impl-thread1] INFO  server.RaftServerConfigKeys (ConfUtils.java:logGet(46)) - raft.server.log.purge.preservation.log.num = 0 (default)
2025-02-16 13:02:54,555 [257e952a-4980-4b97-a405-9e28f64fa058-impl-thread1] INFO  server.RaftServerConfigKeys (ConfUtils.java:logGet(46)) - raft.server.log.segment.size.max = 4194304 (custom)
2025-02-16 13:02:54,555 [257e952a-4980-4b97-a405-9e28f64fa058-impl-thread1] INFO  server.RaftServerConfigKeys (ConfUtils.java:logGet(46)) - raft.server.log.segment.cache.num.max = 2 (custom)
2025-02-16 13:02:54,555 [257e952a-4980-4b97-a405-9e28f64fa058-impl-thread1] INFO  server.RaftServerConfigKeys (ConfUtils.java:logGet(46)) - raft.server.log.segment.cache.size.max = 200MB (=209715200) (default)
2025-02-16 13:02:54,555 [257e952a-4980-4b97-a405-9e28f64fa058-impl-thread1] INFO  server.RaftServerConfigKeys (ConfUtils.java:logGet(46)) - raft.server.log.appender.buffer.byte-limit = 4194304 (custom)
2025-02-16 13:02:54,555 [257e952a-4980-4b97-a405-9e28f64fa058-impl-thread1] INFO  util.AwaitToRun (AwaitToRun.java:start(81)) - Thread[#2748,257e952a-4980-4b97-a405-9e28f64fa058@group-AA8D0BAD65B8-cacheEviction-AwaitToRun,5,main] started
2025-02-16 13:02:54,555 [257e952a-4980-4b97-a405-9e28f64fa058-impl-thread1] INFO  segmented.SegmentedRaftLogWorker (SegmentedRaftLogWorker.java:<init>(188)) - new 257e952a-4980-4b97-a405-9e28f64fa058@group-AA8D0BAD65B8-SegmentedRaftLogWorker for RaftStorageImpl:Storage Directory /home/runner/work/ozone/ozone/hadoop-ozone/integration-test/target/test-dir/MiniOzoneClusterImpl-8cdb299b-b154-4fd3-af09-aa8d0bad65b8/scmNode-1/scm-ha/8cdb299b-b154-4fd3-af09-aa8d0bad65b8
2025-02-16 13:02:54,555 [257e952a-4980-4b97-a405-9e28f64fa058-impl-thread1] INFO  server.RaftServerConfigKeys (ConfUtils.java:logGet(46)) - raft.server.log.queue.byte-limit = 64MB (=67108864) (default)
2025-02-16 13:02:54,555 [257e952a-4980-4b97-a405-9e28f64fa058-impl-thread1] INFO  server.RaftServerConfigKeys (ConfUtils.java:logGet(46)) - raft.server.log.queue.element-limit = 4096 (default)
2025-02-16 13:02:54,555 [257e952a-4980-4b97-a405-9e28f64fa058-impl-thread1] INFO  server.RaftServerConfigKeys (ConfUtils.java:logGet(46)) - raft.server.log.segment.size.max = 4194304 (custom)
2025-02-16 13:02:54,555 [257e952a-4980-4b97-a405-9e28f64fa058-impl-thread1] INFO  server.RaftServerConfigKeys (ConfUtils.java:logGet(46)) - raft.server.log.preallocated.size = 4194304 (custom)
2025-02-16 13:02:54,555 [257e952a-4980-4b97-a405-9e28f64fa058-impl-thread1] INFO  server.RaftServerConfigKeys (ConfUtils.java:logGet(46)) - raft.server.log.force.sync.num = 128 (default)
2025-02-16 13:02:54,555 [257e952a-4980-4b97-a405-9e28f64fa058-impl-thread1] INFO  server.RaftServerConfigKeys (ConfUtils.java:logGet(46)) - raft.server.log.statemachine.data.sync = true (default)
2025-02-16 13:02:54,555 [257e952a-4980-4b97-a405-9e28f64fa058-impl-thread1] INFO  server.RaftServerConfigKeys (ConfUtils.java:logGet(46)) - raft.server.log.statemachine.data.sync.timeout = 10s (default)
2025-02-16 13:02:54,555 [257e952a-4980-4b97-a405-9e28f64fa058-impl-thread1] INFO  server.RaftServerConfigKeys (ConfUtils.java:logGet(46)) - raft.server.log.statemachine.data.sync.timeout.retry = -1 (default)
2025-02-16 13:02:54,555 [257e952a-4980-4b97-a405-9e28f64fa058-impl-thread1] INFO  server.RaftServerConfigKeys (ConfUtils.java:logGet(46)) - raft.server.log.write.buffer.size = 4194312 (custom)
2025-02-16 13:02:54,556 [257e952a-4980-4b97-a405-9e28f64fa058-impl-thread1] INFO  server.RaftServerConfigKeys (ConfUtils.java:logGet(46)) - raft.server.log.appender.buffer.byte-limit = 4194304 (custom)
2025-02-16 13:02:54,556 [257e952a-4980-4b97-a405-9e28f64fa058-impl-thread1] INFO  server.RaftServerConfigKeys (ConfUtils.java:logGet(46)) - raft.server.log.unsafe-flush.enabled = false (default)
2025-02-16 13:02:54,556 [257e952a-4980-4b97-a405-9e28f64fa058-impl-thread1] INFO  server.RaftServerConfigKeys (ConfUtils.java:logGet(46)) - raft.server.log.async-flush.enabled = false (default)
2025-02-16 13:02:54,556 [257e952a-4980-4b97-a405-9e28f64fa058-impl-thread1] INFO  server.RaftServerConfigKeys (ConfUtils.java:logGet(46)) - raft.server.log.statemachine.data.caching.enabled = false (default)
2025-02-16 13:02:54,556 [257e952a-4980-4b97-a405-9e28f64fa058-impl-thread1] INFO  segmented.SegmentedRaftLogWorker (SegmentedRaftLogWorker.java:lambda$new$0(139)) - 257e952a-4980-4b97-a405-9e28f64fa058@group-AA8D0BAD65B8-SegmentedRaftLogWorker: flushIndex: setUnconditionally 0 -> -1
2025-02-16 13:02:54,556 [257e952a-4980-4b97-a405-9e28f64fa058-impl-thread1] INFO  segmented.SegmentedRaftLogWorker (SegmentedRaftLogWorker.java:lambda$new$0(139)) - 257e952a-4980-4b97-a405-9e28f64fa058@group-AA8D0BAD65B8-SegmentedRaftLogWorker: safeCacheEvictIndex: setUnconditionally 0 -> -1
2025-02-16 13:02:54,556 [257e952a-4980-4b97-a405-9e28f64fa058-impl-thread1] INFO  server.RaftServer$Division (RaftServerImpl.java:start(391)) - 257e952a-4980-4b97-a405-9e28f64fa058@group-AA8D0BAD65B8: start as a follower, conf=conf: {index: -1, cur=peers:[257e952a-4980-4b97-a405-9e28f64fa058|localhost:15109]|listeners:[], old=null}
2025-02-16 13:02:54,556 [257e952a-4980-4b97-a405-9e28f64fa058-impl-thread1] INFO  server.RaftServer$Division (RaftServerImpl.java:setRole(378)) - 257e952a-4980-4b97-a405-9e28f64fa058@group-AA8D0BAD65B8: changes role from      null to FOLLOWER at term 0 for startAsFollower
2025-02-16 13:02:54,556 [257e952a-4980-4b97-a405-9e28f64fa058-impl-thread1] INFO  impl.RoleInfo (RoleInfo.java:updateAndGet(148)) - 257e952a-4980-4b97-a405-9e28f64fa058: start 257e952a-4980-4b97-a405-9e28f64fa058@group-AA8D0BAD65B8-FollowerState
2025-02-16 13:02:54,556 [257e952a-4980-4b97-a405-9e28f64fa058@group-AA8D0BAD65B8-FollowerState] INFO  server.RaftServerConfigKeys (ConfUtils.java:logFallback(53)) - raft.server.rpc.first-election.timeout.min = 5000ms (fallback to raft.server.rpc.timeout.min)
2025-02-16 13:02:54,556 [257e952a-4980-4b97-a405-9e28f64fa058-impl-thread1] INFO  util.JmxRegister (JmxRegister.java:tryRegister(44)) - Successfully registered JMX Bean with object name Ratis:service=RaftServer,group=group-AA8D0BAD65B8,id=257e952a-4980-4b97-a405-9e28f64fa058
2025-02-16 13:02:54,557 [257e952a-4980-4b97-a405-9e28f64fa058-impl-thread1] INFO  util.JmxRegister (JmxRegister.java:register(58)) - register mxBean class org.apache.ratis.server.impl.RaftServerJmxAdapter as Ratis:service=RaftServer,group=group-AA8D0BAD65B8,id=257e952a-4980-4b97-a405-9e28f64fa058
2025-02-16 13:02:54,557 [257e952a-4980-4b97-a405-9e28f64fa058@group-AA8D0BAD65B8-FollowerState] INFO  server.RaftServerConfigKeys (ConfUtils.java:logFallback(53)) - raft.server.rpc.first-election.timeout.max = 5200ms (fallback to raft.server.rpc.timeout.max)
2025-02-16 13:02:54,557 [257e952a-4980-4b97-a405-9e28f64fa058-impl-thread1] INFO  server.RaftServerConfigKeys (ConfUtils.java:logGet(46)) - raft.server.snapshot.trigger-when-stop.enabled = true (default)
2025-02-16 13:02:54,557 [257e952a-4980-4b97-a405-9e28f64fa058-impl-thread1] INFO  server.RaftServerConfigKeys (ConfUtils.java:logGet(46)) - raft.server.snapshot.trigger-when-remove.enabled = true (default)
2025-02-16 13:02:54,557 [257e952a-4980-4b97-a405-9e28f64fa058-impl-thread1] INFO  server.RaftServerConfigKeys (ConfUtils.java:logGet(46)) - raft.server.snapshot.auto.trigger.enabled = true (custom)
2025-02-16 13:02:54,557 [257e952a-4980-4b97-a405-9e28f64fa058-impl-thread1] INFO  server.RaftServerConfigKeys (ConfUtils.java:logGet(46)) - raft.server.snapshot.auto.trigger.threshold = 1000 (custom)
2025-02-16 13:02:54,557 [257e952a-4980-4b97-a405-9e28f64fa058-impl-thread1] INFO  server.RaftServerConfigKeys (ConfUtils.java:logGet(46)) - raft.server.snapshot.retention.file.num = -1 (default)
2025-02-16 13:02:54,557 [257e952a-4980-4b97-a405-9e28f64fa058-impl-thread1] INFO  server.RaftServerConfigKeys (ConfUtils.java:logGet(46)) - raft.server.log.purge.upto.snapshot.index = false (default)
2025-02-16 13:02:54,557 [257e952a-4980-4b97-a405-9e28f64fa058-impl-thread1] INFO  server.RaftServer$Division (RaftServerImpl.java:start(405)) - 257e952a-4980-4b97-a405-9e28f64fa058@group-AA8D0BAD65B8: Successfully started.
2025-02-16 13:02:54,557 [main] INFO  server.RaftServer (RaftServerProxy.java:startImpl(407)) - 257e952a-4980-4b97-a405-9e28f64fa058: start RPC server
2025-02-16 13:02:54,558 [main] INFO  server.GrpcService (GrpcService.java:startImpl(334)) - 257e952a-4980-4b97-a405-9e28f64fa058: GrpcService started, listening on 15109
2025-02-16 13:02:54,558 [JvmPauseMonitor15] INFO  util.JvmPauseMonitor (JvmPauseMonitor.java:run(146)) - JvmPauseMonitor-257e952a-4980-4b97-a405-9e28f64fa058: Started
2025-02-16 13:02:55,508 [167cf672-937a-4492-9243-616f99ab2eba-EndpointStateMachineTaskThread-/127.0.0.1:15057-0 ] INFO  ipc.Client (Client.java:handleConnectionFailure(966)) - Retrying connect to server: localhost/127.0.0.1:15057. Already tried 4 time(s); retry policy is RetryUpToMaximumCountWithFixedSleep(maxRetries=15, sleepTime=1000 MILLISECONDS)
2025-02-16 13:02:56,508 [167cf672-937a-4492-9243-616f99ab2eba-EndpointStateMachineTaskThread-/127.0.0.1:15057-0 ] INFO  ipc.Client (Client.java:handleConnectionFailure(966)) - Retrying connect to server: localhost/127.0.0.1:15057. Already tried 5 time(s); retry policy is RetryUpToMaximumCountWithFixedSleep(maxRetries=15, sleepTime=1000 MILLISECONDS)
2025-02-16 13:02:57,509 [167cf672-937a-4492-9243-616f99ab2eba-EndpointStateMachineTaskThread-/127.0.0.1:15057-0 ] INFO  ipc.Client (Client.java:handleConnectionFailure(966)) - Retrying connect to server: localhost/127.0.0.1:15057. Already tried 6 time(s); retry policy is RetryUpToMaximumCountWithFixedSleep(maxRetries=15, sleepTime=1000 MILLISECONDS)
2025-02-16 13:02:58,509 [167cf672-937a-4492-9243-616f99ab2eba-EndpointStateMachineTaskThread-/127.0.0.1:15057-0 ] INFO  ipc.Client (Client.java:handleConnectionFailure(966)) - Retrying connect to server: localhost/127.0.0.1:15057. Already tried 7 time(s); retry policy is RetryUpToMaximumCountWithFixedSleep(maxRetries=15, sleepTime=1000 MILLISECONDS)
2025-02-16 13:02:59,510 [167cf672-937a-4492-9243-616f99ab2eba-EndpointStateMachineTaskThread-/127.0.0.1:15057-0 ] INFO  ipc.Client (Client.java:handleConnectionFailure(966)) - Retrying connect to server: localhost/127.0.0.1:15057. Already tried 8 time(s); retry policy is RetryUpToMaximumCountWithFixedSleep(maxRetries=15, sleepTime=1000 MILLISECONDS)
2025-02-16 13:02:59,612 [257e952a-4980-4b97-a405-9e28f64fa058@group-AA8D0BAD65B8-FollowerState] INFO  impl.FollowerState (FollowerState.java:runImpl(161)) - 257e952a-4980-4b97-a405-9e28f64fa058@group-AA8D0BAD65B8-FollowerState: change to CANDIDATE, lastRpcElapsedTime:5055625320ns, electionTimeout:5055ms
2025-02-16 13:02:59,612 [257e952a-4980-4b97-a405-9e28f64fa058@group-AA8D0BAD65B8-FollowerState] INFO  impl.RoleInfo (RoleInfo.java:shutdownFollowerState(121)) - 257e952a-4980-4b97-a405-9e28f64fa058: shutdown 257e952a-4980-4b97-a405-9e28f64fa058@group-AA8D0BAD65B8-FollowerState
2025-02-16 13:02:59,612 [257e952a-4980-4b97-a405-9e28f64fa058@group-AA8D0BAD65B8-FollowerState] INFO  server.RaftServer$Division (RaftServerImpl.java:setRole(378)) - 257e952a-4980-4b97-a405-9e28f64fa058@group-AA8D0BAD65B8: changes role from  FOLLOWER to CANDIDATE at term 0 for changeToCandidate
2025-02-16 13:02:59,612 [257e952a-4980-4b97-a405-9e28f64fa058@group-AA8D0BAD65B8-FollowerState] INFO  server.RaftServerConfigKeys (ConfUtils.java:logGet(46)) - raft.server.leaderelection.pre-vote = true (default)
2025-02-16 13:02:59,612 [257e952a-4980-4b97-a405-9e28f64fa058@group-AA8D0BAD65B8-FollowerState] INFO  impl.RoleInfo (RoleInfo.java:updateAndGet(148)) - 257e952a-4980-4b97-a405-9e28f64fa058: start 257e952a-4980-4b97-a405-9e28f64fa058@group-AA8D0BAD65B8-LeaderElection21
2025-02-16 13:02:59,613 [257e952a-4980-4b97-a405-9e28f64fa058@group-AA8D0BAD65B8-LeaderElection21] INFO  impl.LeaderElection (LeaderElection.java:askForVotes(332)) - 257e952a-4980-4b97-a405-9e28f64fa058@group-AA8D0BAD65B8-LeaderElection21 PRE_VOTE round 0: submit vote requests at term 0 for conf: {index: -1, cur=peers:[257e952a-4980-4b97-a405-9e28f64fa058|localhost:15109]|listeners:[], old=null}
2025-02-16 13:02:59,613 [257e952a-4980-4b97-a405-9e28f64fa058@group-AA8D0BAD65B8-LeaderElection21] INFO  impl.LeaderElection (LeaderElection.java:askForVotes(334)) - 257e952a-4980-4b97-a405-9e28f64fa058@group-AA8D0BAD65B8-LeaderElection21 PRE_VOTE round 0: result PASSED (term=0)
2025-02-16 13:02:59,614 [257e952a-4980-4b97-a405-9e28f64fa058@group-AA8D0BAD65B8-LeaderElection21] INFO  impl.LeaderElection (LeaderElection.java:askForVotes(332)) - 257e952a-4980-4b97-a405-9e28f64fa058@group-AA8D0BAD65B8-LeaderElection21 ELECTION round 0: submit vote requests at term 1 for conf: {index: -1, cur=peers:[257e952a-4980-4b97-a405-9e28f64fa058|localhost:15109]|listeners:[], old=null}
2025-02-16 13:02:59,614 [257e952a-4980-4b97-a405-9e28f64fa058@group-AA8D0BAD65B8-LeaderElection21] INFO  impl.LeaderElection (LeaderElection.java:askForVotes(334)) - 257e952a-4980-4b97-a405-9e28f64fa058@group-AA8D0BAD65B8-LeaderElection21 ELECTION round 0: result PASSED (term=1)
2025-02-16 13:02:59,614 [257e952a-4980-4b97-a405-9e28f64fa058@group-AA8D0BAD65B8-LeaderElection21] INFO  impl.RoleInfo (RoleInfo.java:shutdownLeaderElection(141)) - 257e952a-4980-4b97-a405-9e28f64fa058: shutdown 257e952a-4980-4b97-a405-9e28f64fa058@group-AA8D0BAD65B8-LeaderElection21
2025-02-16 13:02:59,614 [257e952a-4980-4b97-a405-9e28f64fa058@group-AA8D0BAD65B8-LeaderElection21] INFO  server.RaftServer$Division (RaftServerImpl.java:setRole(378)) - 257e952a-4980-4b97-a405-9e28f64fa058@group-AA8D0BAD65B8: changes role from CANDIDATE to LEADER at term 1 for changeToLeader
2025-02-16 13:02:59,614 [257e952a-4980-4b97-a405-9e28f64fa058@group-AA8D0BAD65B8-LeaderElection21] INFO  server.RaftServerConfigKeys (ConfUtils.java:logGet(46)) - raft.server.staging.catchup.gap = 1000 (default)
2025-02-16 13:02:59,614 [257e952a-4980-4b97-a405-9e28f64fa058@group-AA8D0BAD65B8-LeaderElection21] INFO  server.RaftServerConfigKeys (ConfUtils.java:logGet(46)) - raft.server.write.element-limit = 4096 (default)
2025-02-16 13:02:59,614 [257e952a-4980-4b97-a405-9e28f64fa058@group-AA8D0BAD65B8-LeaderElection21] INFO  server.RaftServerConfigKeys (ConfUtils.java:logGet(46)) - raft.server.write.byte-limit = 64MB (=67108864) (default)
2025-02-16 13:02:59,614 [257e952a-4980-4b97-a405-9e28f64fa058@group-AA8D0BAD65B8-LeaderElection21] INFO  server.RaftServerConfigKeys (ConfUtils.java:logGet(46)) - raft.server.watch.timeout = 10s (default)
2025-02-16 13:02:59,614 [257e952a-4980-4b97-a405-9e28f64fa058@group-AA8D0BAD65B8-LeaderElection21] INFO  server.RaftServerConfigKeys (ConfUtils.java:logGet(46)) - raft.server.watch.timeout.denomination = 1s (default)
2025-02-16 13:02:59,614 [257e952a-4980-4b97-a405-9e28f64fa058@group-AA8D0BAD65B8-LeaderElection21] INFO  server.RaftServerConfigKeys (ConfUtils.java:logGet(46)) - raft.server.watch.element-limit = 65536 (default)
2025-02-16 13:02:59,615 [257e952a-4980-4b97-a405-9e28f64fa058@group-AA8D0BAD65B8-LeaderElection21] INFO  server.RaftServerConfigKeys (ConfUtils.java:logGet(46)) - raft.server.read.leader.lease.enabled = false (default)
2025-02-16 13:02:59,615 [257e952a-4980-4b97-a405-9e28f64fa058@group-AA8D0BAD65B8-LeaderElection21] INFO  server.RaftServerConfigKeys (ConfUtils.java:logGet(46)) - raft.server.read.leader.lease.timeout.ratio = 0.9 (default)
2025-02-16 13:02:59,615 [257e952a-4980-4b97-a405-9e28f64fa058@group-AA8D0BAD65B8-LeaderElection21] INFO  server.RaftServerConfigKeys (ConfUtils.java:logGet(46)) - raft.server.rpc.timeout.min = 5000ms (custom)
2025-02-16 13:02:59,615 [257e952a-4980-4b97-a405-9e28f64fa058@group-AA8D0BAD65B8-LeaderElection21] INFO  server.RaftServerConfigKeys (ConfUtils.java:logGet(46)) - raft.server.log.log-metadata.enabled = true (default)
2025-02-16 13:02:59,615 [257e952a-4980-4b97-a405-9e28f64fa058@group-AA8D0BAD65B8-LeaderElection21] INFO  server.RaftServerConfigKeys (ConfUtils.java:logGet(46)) - raft.server.write.element-limit = 4096 (default)
2025-02-16 13:02:59,615 [257e952a-4980-4b97-a405-9e28f64fa058@group-AA8D0BAD65B8-LeaderElection21] INFO  server.RaftServerConfigKeys (ConfUtils.java:logGet(46)) - raft.server.write.follower.gap.ratio.max = -1.0 (default)
2025-02-16 13:02:59,615 [257e952a-4980-4b97-a405-9e28f64fa058@group-AA8D0BAD65B8-LeaderElection21] INFO  impl.RoleInfo (RoleInfo.java:updateAndGet(148)) - 257e952a-4980-4b97-a405-9e28f64fa058: start 257e952a-4980-4b97-a405-9e28f64fa058@group-AA8D0BAD65B8-LeaderStateImpl
2025-02-16 13:02:59,615 [257e952a-4980-4b97-a405-9e28f64fa058@group-AA8D0BAD65B8-LeaderElection21] INFO  server.RaftServer$Division (RaftServerImpl.java:setFirstElection(562)) - 257e952a-4980-4b97-a405-9e28f64fa058@group-AA8D0BAD65B8: set firstElectionSinceStartup to false for becomeLeader
2025-02-16 13:02:59,615 [257e952a-4980-4b97-a405-9e28f64fa058@group-AA8D0BAD65B8-LeaderElection21] INFO  server.RaftServer$Division (ServerState.java:setLeader(272)) - 257e952a-4980-4b97-a405-9e28f64fa058@group-AA8D0BAD65B8: change Leader from null to 257e952a-4980-4b97-a405-9e28f64fa058 at term 1 for becomeLeader, leader elected after 5064ms
2025-02-16 13:02:59,615 [257e952a-4980-4b97-a405-9e28f64fa058@group-AA8D0BAD65B8-LeaderElection21] INFO  segmented.SegmentedRaftLogWorker (SegmentedRaftLogWorker.java:startLogSegment(438)) - 257e952a-4980-4b97-a405-9e28f64fa058@group-AA8D0BAD65B8-SegmentedRaftLogWorker: Starting segment from index:0
2025-02-16 13:02:59,616 [257e952a-4980-4b97-a405-9e28f64fa058@group-AA8D0BAD65B8-LeaderElection21] INFO  server.RaftServer$Division (ServerState.java:setRaftConf(386)) - 257e952a-4980-4b97-a405-9e28f64fa058@group-AA8D0BAD65B8: set configuration conf: {index: 0, cur=peers:[257e952a-4980-4b97-a405-9e28f64fa058|localhost:15109]|listeners:[], old=null}
2025-02-16 13:02:59,616 [257e952a-4980-4b97-a405-9e28f64fa058@group-AA8D0BAD65B8-SegmentedRaftLogWorker] INFO  segmented.BufferedWriteChannel (BufferedWriteChannel.java:open(61)) - open log_inprogress_0 at position 0
2025-02-16 13:02:59,623 [257e952a-4980-4b97-a405-9e28f64fa058@group-AA8D0BAD65B8-SegmentedRaftLogWorker] INFO  segmented.SegmentedRaftLogWorker (SegmentedRaftLogWorker.java:execute(644)) - 257e952a-4980-4b97-a405-9e28f64fa058@group-AA8D0BAD65B8-SegmentedRaftLogWorker: created new log segment /home/runner/work/ozone/ozone/hadoop-ozone/integration-test/target/test-dir/MiniOzoneClusterImpl-8cdb299b-b154-4fd3-af09-aa8d0bad65b8/scmNode-1/scm-ha/8cdb299b-b154-4fd3-af09-aa8d0bad65b8/current/log_inprogress_0
2025-02-16 13:02:59,625 [257e952a-4980-4b97-a405-9e28f64fa058@group-AA8D0BAD65B8-StateMachineUpdater] INFO  server.RaftServer$Division (LeaderStateImpl.java:checkStartIndex(313)) - Leader 257e952a-4980-4b97-a405-9e28f64fa058@group-AA8D0BAD65B8-LeaderStateImpl is ready since appliedIndex == startIndex == 0
2025-02-16 13:03:00,510 [167cf672-937a-4492-9243-616f99ab2eba-EndpointStateMachineTaskThread-/127.0.0.1:15057-0 ] INFO  ipc.Client (Client.java:handleConnectionFailure(966)) - Retrying connect to server: localhost/127.0.0.1:15057. Already tried 9 time(s); retry policy is RetryUpToMaximumCountWithFixedSleep(maxRetries=15, sleepTime=1000 MILLISECONDS)
2025-02-16 13:03:00,558 [main] INFO  server.RaftServer (RaftServerProxy.java:lambda$close$9(417)) - 257e952a-4980-4b97-a405-9e28f64fa058: close
2025-02-16 13:03:00,559 [main] INFO  server.GrpcService (GrpcService.java:closeImpl(343)) - 257e952a-4980-4b97-a405-9e28f64fa058: shutdown server GrpcServerProtocolService now
2025-02-16 13:03:00,559 [257e952a-4980-4b97-a405-9e28f64fa058-impl-thread1] INFO  server.RaftServer$Division (RaftServerImpl.java:lambda$close$1(513)) - 257e952a-4980-4b97-a405-9e28f64fa058@group-AA8D0BAD65B8: shutdown
2025-02-16 13:03:00,559 [257e952a-4980-4b97-a405-9e28f64fa058-impl-thread1] INFO  util.JmxRegister (JmxRegister.java:unregister(74)) - Successfully un-registered JMX Bean with object name Ratis:service=RaftServer,group=group-AA8D0BAD65B8,id=257e952a-4980-4b97-a405-9e28f64fa058
2025-02-16 13:03:00,559 [257e952a-4980-4b97-a405-9e28f64fa058-impl-thread1] INFO  impl.RoleInfo (RoleInfo.java:shutdownLeaderState(103)) - 257e952a-4980-4b97-a405-9e28f64fa058: shutdown 257e952a-4980-4b97-a405-9e28f64fa058@group-AA8D0BAD65B8-LeaderStateImpl
2025-02-16 13:03:00,559 [257e952a-4980-4b97-a405-9e28f64fa058-impl-thread1] INFO  impl.PendingRequests (PendingRequests.java:sendNotLeaderResponses(287)) - 257e952a-4980-4b97-a405-9e28f64fa058@group-AA8D0BAD65B8-PendingRequests: sendNotLeaderResponses
2025-02-16 13:03:00,560 [257e952a-4980-4b97-a405-9e28f64fa058-impl-thread1] INFO  impl.StateMachineUpdater (StateMachineUpdater.java:stopAndJoin(164)) - 257e952a-4980-4b97-a405-9e28f64fa058@group-AA8D0BAD65B8-StateMachineUpdater: set stopIndex = 0
2025-02-16 13:03:00,560 [257e952a-4980-4b97-a405-9e28f64fa058@group-AA8D0BAD65B8-StateMachineUpdater] INFO  impl.StateMachineUpdater (StateMachineUpdater.java:takeSnapshot(303)) - 257e952a-4980-4b97-a405-9e28f64fa058@group-AA8D0BAD65B8-StateMachineUpdater: Took a snapshot at index 0
2025-02-16 13:03:00,560 [257e952a-4980-4b97-a405-9e28f64fa058@group-AA8D0BAD65B8-StateMachineUpdater] INFO  impl.StateMachineUpdater (StateMachineUpdater.java:lambda$new$0(102)) - 257e952a-4980-4b97-a405-9e28f64fa058@group-AA8D0BAD65B8-StateMachineUpdater: snapshotIndex: updateIncreasingly -1 -> 0
2025-02-16 13:03:00,560 [257e952a-4980-4b97-a405-9e28f64fa058@group-AA8D0BAD65B8-StateMachineUpdater] INFO  impl.StateMachineUpdater (StateMachineUpdater.java:stop(141)) - 257e952a-4980-4b97-a405-9e28f64fa058@group-AA8D0BAD65B8-StateMachineUpdater: closing SCMStateMachine, lastApplied=(t:1, i:0)
2025-02-16 13:03:00,560 [main] INFO  server.GrpcService (GrpcService.java:closeImpl(352)) - 257e952a-4980-4b97-a405-9e28f64fa058: shutdown server GrpcServerProtocolService successfully
2025-02-16 13:03:00,560 [257e952a-4980-4b97-a405-9e28f64fa058@group-AA8D0BAD65B8-cacheEviction-AwaitToRun] INFO  util.AwaitToRun (AwaitToRun.java:run(49)) - 257e952a-4980-4b97-a405-9e28f64fa058@group-AA8D0BAD65B8-cacheEviction-AwaitToRun-AwaitForSignal is interrupted
2025-02-16 13:03:00,625 [257e952a-4980-4b97-a405-9e28f64fa058-impl-thread1] INFO  segmented.SegmentedRaftLogWorker (SegmentedRaftLogWorker.java:close(252)) - 257e952a-4980-4b97-a405-9e28f64fa058@group-AA8D0BAD65B8-SegmentedRaftLogWorker close()
2025-02-16 13:03:00,625 [JvmPauseMonitor15] INFO  util.JvmPauseMonitor (JvmPauseMonitor.java:run(152)) - JvmPauseMonitor-257e952a-4980-4b97-a405-9e28f64fa058: Stopped
2025-02-16 13:03:00,626 [main] INFO  server.StorageContainerManager (StorageContainerManager.java:initializeRatis(1347)) - Enabled Ratis!
2025-02-16 13:03:00,626 [main] INFO  server.StorageContainerManager (StorageContainerManager.java:scmInit(1295)) - SCM initialization succeeded. Current cluster id for sd=/home/runner/work/ozone/ozone/hadoop-ozone/integration-test/target/test-dir/MiniOzoneClusterImpl-8cdb299b-b154-4fd3-af09-aa8d0bad65b8/scmNode-1/scm; cid=8cdb299b-b154-4fd3-af09-aa8d0bad65b8; layoutVersion=8; scmId=257e952a-4980-4b97-a405-9e28f64fa058
2025-02-16 13:03:00,626 [main] WARN  server.ServerUtils (ServerUtils.java:getScmDbDir(141)) - ozone.scm.db.dirs is not configured. We recommend adding this setting. Falling back to ozone.metadata.dirs instead.
2025-02-16 13:03:00,627 [main] INFO  ha.SCMHANodeDetails (SCMHANodeDetails.java:loadSCMHAConfig(179)) - ServiceID for StorageContainerManager is scmServiceId
2025-02-16 13:03:00,627 [main] INFO  ha.SCMHANodeDetails (SCMHANodeDetails.java:loadSCMHAConfig(190)) - ServiceID for StorageContainerManager is scmServiceId
2025-02-16 13:03:00,627 [main] INFO  ha.SCMHANodeDetails (SCMHANodeDetails.java:loadSCMHAConfig(277)) - Found matching SCM address with SCMServiceId: scmServiceId, SCMNodeId: scmNode-1, RPC Address: localhost:15109 and Ratis port: 15109
2025-02-16 13:03:00,627 [main] INFO  ha.SCMHANodeDetails (ConfUtils.java:setNodeSpecificConfigs(98)) - Setting configuration key ozone.scm.datanode.address with value of key ozone.scm.datanode.address.scmServiceId.scmNode-1: 127.0.0.1:15110
2025-02-16 13:03:00,627 [main] INFO  ha.SCMHANodeDetails (ConfUtils.java:setNodeSpecificConfigs(98)) - Setting configuration key ozone.scm.block.client.address with value of key ozone.scm.block.client.address.scmServiceId.scmNode-1: 127.0.0.1:15113
2025-02-16 13:03:00,627 [main] INFO  ha.SCMHANodeDetails (ConfUtils.java:setNodeSpecificConfigs(98)) - Setting configuration key ozone.scm.client.address with value of key ozone.scm.client.address.scmServiceId.scmNode-1: 127.0.0.1:15111
2025-02-16 13:03:00,627 [main] INFO  ha.SCMHANodeDetails (ConfUtils.java:setNodeSpecificConfigs(98)) - Setting configuration key ozone.scm.security.service.address with value of key ozone.scm.security.service.address.scmServiceId.scmNode-1: 127.0.0.1:15108
2025-02-16 13:03:00,628 [main] INFO  ha.SCMHANodeDetails (ConfUtils.java:setNodeSpecificConfigs(98)) - Setting configuration key ozone.scm.ratis.port with value of key ozone.scm.ratis.port.scmServiceId.scmNode-1: 15109
2025-02-16 13:03:00,628 [main] INFO  ha.SCMHANodeDetails (ConfUtils.java:setNodeSpecificConfigs(98)) - Setting configuration key ozone.scm.grpc.port with value of key ozone.scm.grpc.port.scmServiceId.scmNode-1: 15112
2025-02-16 13:03:00,628 [main] INFO  ha.SCMHANodeDetails (ConfUtils.java:setNodeSpecificConfigs(98)) - Setting configuration key ozone.scm.http-address with value of key ozone.scm.http-address.scmServiceId.scmNode-1: 127.0.0.1:15106
2025-02-16 13:03:00,628 [main] INFO  ha.SCMHANodeDetails (ConfUtils.java:setNodeSpecificConfigs(98)) - Setting configuration key ozone.scm.https-address with value of key ozone.scm.https-address.scmServiceId.scmNode-1: 127.0.0.1:15107
2025-02-16 13:03:00,628 [main] INFO  ha.SCMHANodeDetails (ConfUtils.java:setNodeSpecificConfigs(98)) - Setting configuration key ozone.scm.address with value of key ozone.scm.address.scmServiceId.scmNode-1: 127.0.0.1
2025-02-16 13:03:00,628 [main] WARN  scm.ScmUtils (ScmUtils.java:logWarn(162)) - ConfigKey ozone.scm.block.client.address is deprecated, For configuring different ports for each SCM use PortConfigKey ozone.scm.block.client.port appended with serviceId and nodeId. If want to configure same port configure ozone.scm.block.client.port
2025-02-16 13:03:00,628 [main] WARN  scm.ScmUtils (ScmUtils.java:logWarn(162)) - ConfigKey ozone.scm.client.address is deprecated, For configuring different ports for each SCM use PortConfigKey ozone.scm.client.port appended with serviceId and nodeId. If want to configure same port configure ozone.scm.client.port
2025-02-16 13:03:00,628 [main] WARN  scm.ScmUtils (ScmUtils.java:logWarn(162)) - ConfigKey ozone.scm.datanode.address is deprecated, For configuring different ports for each SCM use PortConfigKey ozone.scm.datanode.port appended with serviceId and nodeId. If want to configure same port configure ozone.scm.datanode.port
2025-02-16 13:03:00,629 [main] WARN  utils.HAUtils (HAUtils.java:getMetaDir(337)) - ozone.scm.db.dirs is not configured. We recommend adding this setting. Falling back to ozone.metadata.dirs instead.
2025-02-16 13:03:00,629 [main] WARN  db.DBStoreBuilder (DBStoreBuilder.java:getDBDirPath(168)) - ozone.scm.db.dirs is not configured. We recommend adding this setting. Falling back to ozone.metadata.dirs instead.
2025-02-16 13:03:00,681 [main] INFO  net.NodeSchemaLoader (NodeSchemaLoader.java:loadSchemaFromFile(127)) - Loading schema from [jar:file:/home/runner/work/ozone/ozone/hadoop-hdds/common/target/hdds-common-2.0.0-SNAPSHOT.jar!/network-topology-default.xml]
2025-02-16 13:03:00,681 [main] INFO  net.NodeSchemaLoader (NodeSchemaLoader.java:loadSchema(174)) - Loading network topology layer schema file
2025-02-16 13:03:00,699 [main] INFO  ha.SCMRatisServerImpl (SCMRatisServerImpl.java:<init>(100)) - starting Raft server for scm:257e952a-4980-4b97-a405-9e28f64fa058
2025-02-16 13:03:00,699 [main] INFO  server.RaftServerConfigKeys (ConfUtils.java:logGet(46)) - raft.server.log.appender.buffer.byte-limit = 4194304 (custom)
2025-02-16 13:03:00,700 [main] INFO  server.RaftServer (ConfUtils.java:logGet(46)) - raft.rpc.type = GRPC (default)
2025-02-16 13:03:00,700 [main] INFO  grpc.GrpcConfigKeys (ConfUtils.java:logFallback(53)) - raft.grpc.admin.host = null (fallback to raft.grpc.server.host)
2025-02-16 13:03:00,700 [main] INFO  grpc.GrpcConfigKeys (ConfUtils.java:logFallback(53)) - raft.grpc.admin.port = 15109 (fallback to raft.grpc.server.port)
2025-02-16 13:03:00,700 [main] INFO  grpc.GrpcConfigKeys (ConfUtils.java:logFallback(53)) - raft.grpc.client.host = null (fallback to raft.grpc.server.host)
2025-02-16 13:03:00,700 [main] INFO  grpc.GrpcConfigKeys (ConfUtils.java:logFallback(53)) - raft.grpc.client.port = 15109 (fallback to raft.grpc.server.port)
2025-02-16 13:03:00,700 [main] INFO  grpc.GrpcConfigKeys (ConfUtils.java:logGet(46)) - raft.grpc.server.host = null (default)
2025-02-16 13:03:00,701 [main] INFO  grpc.GrpcConfigKeys (ConfUtils.java:logGet(46)) - raft.grpc.server.port = 15109 (custom)
2025-02-16 13:03:00,701 [main] INFO  server.GrpcService (ConfUtils.java:logGet(46)) - raft.grpc.message.size.max = 5242880 (custom)
2025-02-16 13:03:00,701 [main] INFO  server.GrpcService (ConfUtils.java:logGet(46)) - raft.grpc.flow.control.window = 1MB (=1048576) (default)
2025-02-16 13:03:00,701 [main] INFO  server.RaftServerConfigKeys (ConfUtils.java:logGet(46)) - raft.server.rpc.request.timeout = 30000ms (custom)
2025-02-16 13:03:00,701 [main] INFO  grpc.GrpcConfigKeys (ConfUtils.java:logGet(46)) - raft.grpc.server.heartbeat.channel = true (default)
2025-02-16 13:03:00,701 [main] INFO  server.RaftServerConfigKeys (ConfUtils.java:logGet(46)) - raft.server.log.appender.buffer.byte-limit = 4194304 (custom)
2025-02-16 13:03:00,701 [main] INFO  grpc.GrpcConfigKeys (ConfUtils.java:logGet(46)) - raft.grpc.server.async.request.thread.pool.cached = true (default)
2025-02-16 13:03:00,701 [main] INFO  grpc.GrpcConfigKeys (ConfUtils.java:logGet(46)) - raft.grpc.server.async.request.thread.pool.size = 32 (default)
2025-02-16 13:03:00,702 [main] INFO  impl.DataStreamServerImpl (ConfUtils.java:logGet(46)) - raft.datastream.type = DISABLED (default)
2025-02-16 13:03:00,702 [main] INFO  server.RaftServerConfigKeys (ConfUtils.java:logGet(46)) - raft.server.sleep.deviation.threshold = 300ms (default)
2025-02-16 13:03:00,702 [main] INFO  server.RaftServerConfigKeys (ConfUtils.java:logGet(46)) - raft.server.close.threshold = 60s (default)
2025-02-16 13:03:00,702 [main] INFO  server.RaftServerConfigKeys (ConfUtils.java:logGet(46)) - raft.server.leaderelection.leader.step-down.wait-time = 10s (default)
2025-02-16 13:03:00,702 [main] INFO  server.RaftServerConfigKeys (ConfUtils.java:logGet(46)) - raft.server.storage.dir = [/home/runner/work/ozone/ozone/hadoop-ozone/integration-test/target/test-dir/MiniOzoneClusterImpl-8cdb299b-b154-4fd3-af09-aa8d0bad65b8/scmNode-1/scm-ha] (custom)
2025-02-16 13:03:00,702 [main] INFO  server.RaftServerConfigKeys (ConfUtils.java:logGet(46)) - raft.server.threadpool.proxy.cached = true (default)
2025-02-16 13:03:00,702 [main] INFO  server.RaftServerConfigKeys (ConfUtils.java:logGet(46)) - raft.server.threadpool.proxy.size = 0 (default)
2025-02-16 13:03:00,703 [257e952a-4980-4b97-a405-9e28f64fa058-impl-thread1] INFO  server.RaftServer (RaftServerProxy.java:initGroupDir(265)) - 257e952a-4980-4b97-a405-9e28f64fa058: found a subdirectory /home/runner/work/ozone/ozone/hadoop-ozone/integration-test/target/test-dir/MiniOzoneClusterImpl-8cdb299b-b154-4fd3-af09-aa8d0bad65b8/scmNode-1/scm-ha/8cdb299b-b154-4fd3-af09-aa8d0bad65b8
2025-02-16 13:03:00,703 [main] INFO  server.RaftServer (RaftServerProxy.java:addNew(100)) - 257e952a-4980-4b97-a405-9e28f64fa058: addNew group-AA8D0BAD65B8:[] returns group-AA8D0BAD65B8:java.util.concurrent.CompletableFuture@15e2a1d9[Not completed]
2025-02-16 13:03:00,703 [257e952a-4980-4b97-a405-9e28f64fa058-groupManagement] INFO  server.RaftServer$Division (RaftServerImpl.java:<init>(255)) - 257e952a-4980-4b97-a405-9e28f64fa058: new RaftServerImpl for group-AA8D0BAD65B8:[] with SCMStateMachine:uninitialized
2025-02-16 13:03:00,703 [257e952a-4980-4b97-a405-9e28f64fa058-groupManagement] INFO  server.RaftServerConfigKeys (ConfUtils.java:logGet(46)) - raft.server.rpc.timeout.min = 5000ms (custom)
2025-02-16 13:03:00,703 [257e952a-4980-4b97-a405-9e28f64fa058-groupManagement] INFO  server.RaftServerConfigKeys (ConfUtils.java:logGet(46)) - raft.server.rpc.timeout.max = 5200ms (custom)
2025-02-16 13:03:00,703 [257e952a-4980-4b97-a405-9e28f64fa058-groupManagement] INFO  server.RaftServerConfigKeys (ConfUtils.java:logGet(46)) - raft.server.rpc.sleep.time = 25ms (default)
2025-02-16 13:03:00,703 [257e952a-4980-4b97-a405-9e28f64fa058-groupManagement] INFO  server.RaftServerConfigKeys (ConfUtils.java:logGet(46)) - raft.server.rpc.slowness.timeout = 120000ms (custom)
2025-02-16 13:03:00,703 [257e952a-4980-4b97-a405-9e28f64fa058-groupManagement] INFO  server.RaftServerConfigKeys (ConfUtils.java:logGet(46)) - raft.server.leaderelection.leader.step-down.wait-time = 10s (default)
2025-02-16 13:03:00,704 [257e952a-4980-4b97-a405-9e28f64fa058-groupManagement] INFO  server.RaftServerConfigKeys (ConfUtils.java:logGet(46)) - raft.server.leaderelection.member.majority-add = false (default)
2025-02-16 13:03:00,704 [257e952a-4980-4b97-a405-9e28f64fa058-groupManagement] INFO  server.RaftServerConfigKeys (ConfUtils.java:logGet(46)) - raft.server.sleep.deviation.threshold = 300ms (default)
2025-02-16 13:03:00,704 [257e952a-4980-4b97-a405-9e28f64fa058-groupManagement] INFO  server.RaftServer$Division (ServerState.java:<init>(114)) - 257e952a-4980-4b97-a405-9e28f64fa058@group-AA8D0BAD65B8: ConfigurationManager, init=conf: {index: -1, cur=peers:[]|listeners:[], old=null}, confs=<EMPTY_MAP>
2025-02-16 13:03:00,704 [257e952a-4980-4b97-a405-9e28f64fa058-groupManagement] INFO  server.RaftServerConfigKeys (ConfUtils.java:logGet(46)) - raft.server.notification.no-leader.timeout = 60s (default)
2025-02-16 13:03:00,704 [257e952a-4980-4b97-a405-9e28f64fa058-groupManagement] INFO  server.RaftServerConfigKeys (ConfUtils.java:logGet(46)) - raft.server.read.timeout = 10s (default)
2025-02-16 13:03:00,704 [257e952a-4980-4b97-a405-9e28f64fa058-groupManagement] INFO  server.RaftServerConfigKeys (ConfUtils.java:logGet(46)) - raft.server.retrycache.expirytime = 60000ms (default)
2025-02-16 13:03:00,704 [257e952a-4980-4b97-a405-9e28f64fa058-groupManagement] INFO  server.RaftServerConfigKeys (ConfUtils.java:logGet(46)) - raft.server.retrycache.statistics.expirytime = 100ms (default)
2025-02-16 13:03:00,704 [257e952a-4980-4b97-a405-9e28f64fa058-groupManagement] INFO  server.RaftServerConfigKeys (ConfUtils.java:logGet(46)) - raft.server.read.option = DEFAULT (default)
2025-02-16 13:03:00,704 [257e952a-4980-4b97-a405-9e28f64fa058-groupManagement] INFO  server.RaftServerConfigKeys (ConfUtils.java:logGet(46)) - raft.server.read.read-after-write-consistent.write-index-cache.expiry-time = 60s (default)
2025-02-16 13:03:00,704 [257e952a-4980-4b97-a405-9e28f64fa058-groupManagement] INFO  server.RaftServerConfigKeys (ConfUtils.java:logGet(46)) - raft.server.rpc.request.timeout = 30000ms (custom)
2025-02-16 13:03:00,705 [257e952a-4980-4b97-a405-9e28f64fa058-groupManagement] INFO  server.RaftServerConfigKeys (ConfUtils.java:logGet(46)) - raft.server.log.appender.install.snapshot.enabled = false (custom)
2025-02-16 13:03:00,705 [257e952a-4980-4b97-a405-9e28f64fa058-groupManagement] INFO  server.RaftServerConfigKeys (ConfUtils.java:logGet(46)) - raft.server.threadpool.server.cached = true (default)
2025-02-16 13:03:00,705 [257e952a-4980-4b97-a405-9e28f64fa058-groupManagement] INFO  server.RaftServerConfigKeys (ConfUtils.java:logGet(46)) - raft.server.threadpool.server.size = 0 (default)
2025-02-16 13:03:00,705 [257e952a-4980-4b97-a405-9e28f64fa058-groupManagement] INFO  server.RaftServerConfigKeys (ConfUtils.java:logGet(46)) - raft.server.threadpool.client.cached = true (default)
2025-02-16 13:03:00,705 [257e952a-4980-4b97-a405-9e28f64fa058-groupManagement] INFO  server.RaftServerConfigKeys (ConfUtils.java:logGet(46)) - raft.server.threadpool.client.size = 0 (default)
2025-02-16 13:03:00,705 [main] INFO  ha.SCMSnapshotProvider (SCMSnapshotProvider.java:<init>(62)) - Initializing SCM Snapshot Provider
2025-02-16 13:03:00,705 [main] WARN  server.ServerUtils (ServerUtils.java:getDefaultRatisDirectory(309)) - Storage directory for Ratis is not configured. It is a good idea to map this to an SSD disk. Falling back to ozone.metadata.dirs
2025-02-16 13:03:00,705 [main] WARN  ha.SCMHAUtils (SCMHAUtils.java:getSCMRatisSnapshotDirectory(157)) - SCM snapshot dir is not configured. Falling back to ozone.metadata.dirs config
2025-02-16 13:03:00,706 [main] INFO  upgrade.AbstractLayoutVersionManager (AbstractLayoutVersionManager.java:init(80)) - Initializing Layout version manager with metadata layout = HBASE_SUPPORT (version = 8), software layout = HBASE_SUPPORT (version = 8)
2025-02-16 13:03:00,707 [main] INFO  ha.SequenceIdGenerator (SequenceIdGenerator.java:upgradeToSequenceId(369)) - upgrade localId to 115816896921600000
2025-02-16 13:03:00,707 [main] INFO  ha.SequenceIdGenerator (SequenceIdGenerator.java:upgradeToSequenceId(379)) - upgrade delTxnId to 0
2025-02-16 13:03:00,708 [main] INFO  ha.SequenceIdGenerator (SequenceIdGenerator.java:upgradeToSequenceId(396)) - upgrade containerId to 0
2025-02-16 13:03:00,708 [main] INFO  ha.SequenceIdGenerator (SequenceIdGenerator.java:upgradeToCertificateSequenceId(433)) - upgrade CertificateId to 2
2025-02-16 13:03:00,709 [main] INFO  ha.SequenceIdGenerator (SequenceIdGenerator.java:<init>(240)) - Init the HA SequenceIdGenerator.
2025-02-16 13:03:00,709 [main] WARN  server.ServerUtils (ServerUtils.java:sanitizeUserArgs(77)) - ozone.scm.stale.node.interval value = 300000 is larger than max = 100000 based on the key value of ozone.scm.heartbeat.thread.interval, reset to the max value 100000.
2025-02-16 13:03:00,709 [main] WARN  server.ServerUtils (ServerUtils.java:sanitizeUserArgs(77)) - ozone.scm.stale.node.interval value = 300000 is larger than max = 100000 based on the key value of ozone.scm.heartbeat.thread.interval, reset to the max value 100000.
2025-02-16 13:03:00,709 [main] INFO  node.SCMNodeManager (SCMNodeManager.java:<init>(179)) - Entering startup safe mode.
2025-02-16 13:03:00,710 [main] INFO  algorithms.ContainerPlacementPolicyFactory (ContainerPlacementPolicyFactory.java:getPolicyInternal(85)) - Create container placement policy of type org.apache.hadoop.hdds.scm.container.placement.algorithms.SCMContainerPlacementRackAware
2025-02-16 13:03:00,710 [main] INFO  algorithms.ContainerPlacementPolicyFactory (ContainerPlacementPolicyFactory.java:getPolicyInternal(85)) - Create container placement policy of type org.apache.hadoop.hdds.scm.container.placement.algorithms.SCMContainerPlacementRackScatter
2025-02-16 13:03:00,710 [main] INFO  pipeline.PipelineStateManagerImpl (PipelineStateManagerImpl.java:initialize(77)) - No pipeline exists in current db
2025-02-16 13:03:00,710 [main] INFO  algorithms.LeaderChoosePolicyFactory (LeaderChoosePolicyFactory.java:getPolicy(56)) - Create leader choose policy of type org.apache.hadoop.hdds.scm.pipeline.leader.choose.algorithms.MinLeaderCountChoosePolicy
2025-02-16 13:03:00,710 [main] INFO  algorithms.ContainerPlacementPolicyFactory (ContainerPlacementPolicyFactory.java:getPolicyInternal(85)) - Create container placement policy of type org.apache.hadoop.hdds.scm.container.placement.algorithms.SCMContainerPlacementRackScatter
2025-02-16 13:03:00,711 [main] INFO  ha.SCMServiceManager (SCMServiceManager.java:register(42)) - Registering service BackgroundPipelineCreator.
2025-02-16 13:03:00,711 [main] INFO  pipeline.BackgroundPipelineCreator (BackgroundPipelineCreator.java:start(127)) - Starting scmNode-1-RatisPipelineUtilsThread.
2025-02-16 13:03:00,711 [main] INFO  BackgroundPipelineScrubber (BackgroundSCMService.java:start(64)) - Starting BackgroundPipelineScrubber Service.
2025-02-16 13:03:00,711 [main] INFO  ha.SCMServiceManager (SCMServiceManager.java:register(42)) - Registering service BackgroundPipelineScrubber.
2025-02-16 13:03:00,711 [main] INFO  ExpiredContainerReplicaOpScrubber (BackgroundSCMService.java:start(64)) - Starting ExpiredContainerReplicaOpScrubber Service.
2025-02-16 13:03:00,712 [main] INFO  ha.SCMServiceManager (SCMServiceManager.java:register(42)) - Registering service ExpiredContainerReplicaOpScrubber.
2025-02-16 13:03:00,712 [main] INFO  algorithms.PipelineChoosePolicyFactory (PipelineChoosePolicyFactory.java:createPipelineChoosePolicyFromClass(78)) - Create pipeline choose policy of type org.apache.hadoop.hdds.scm.pipeline.choose.algorithms.RandomPipelineChoosePolicy
2025-02-16 13:03:00,712 [main] INFO  algorithms.PipelineChoosePolicyFactory (PipelineChoosePolicyFactory.java:createPipelineChoosePolicyFromClass(78)) - Create pipeline choose policy of type org.apache.hadoop.hdds.scm.pipeline.choose.algorithms.RandomPipelineChoosePolicy
2025-02-16 13:03:00,713 [main] INFO  ha.SCMServiceManager (SCMServiceManager.java:register(42)) - Registering service SCMBlockDeletingService.
2025-02-16 13:03:00,714 [main] INFO  replication.ReplicationManager (ReplicationManager.java:start(280)) - Starting Replication Monitor Thread.
2025-02-16 13:03:00,714 [main] INFO  ha.SCMServiceManager (SCMServiceManager.java:register(42)) - Registering service ReplicationManager.
2025-02-16 13:03:00,714 [main] INFO  safemode.ContainerSafeModeRule (ContainerSafeModeRule.java:initializeRule(356)) - Refreshed Containers with one replica threshold count 0, with ec n replica threshold count 0.
2025-02-16 13:03:00,715 [main] INFO  safemode.HealthyPipelineSafeModeRule (HealthyPipelineSafeModeRule.java:initializeRule(177)) - Total pipeline count is 0, healthy pipeline threshold count is 1
2025-02-16 13:03:00,715 [main] INFO  safemode.OneReplicaPipelineSafeModeRule (OneReplicaPipelineSafeModeRule.java:initializeRule(191)) - Total pipeline count is 0, pipeline's with at least one datanode reported threshold count is 0
2025-02-16 13:03:00,715 [main] INFO  server.StorageContainerManager (StorageContainerManager.java:<init>(442)) - SCM start with adminUsers: [runner]
2025-02-16 13:03:00,716 [main] INFO  ipc.CallQueueManager (CallQueueManager.java:<init>(93)) - Using callQueue: class java.util.concurrent.LinkedBlockingQueue, queueCapacity: 10000, scheduler: class org.apache.hadoop.ipc.DefaultRpcScheduler, ipcBackoff: false, ipcFailOver: false.
2025-02-16 13:03:00,716 [main] INFO  ipc.Server (Server.java:<init>(1438)) - Listener at 0.0.0.0:15110
2025-02-16 13:03:00,716 [Socket Reader #1 for port 15110] INFO  ipc.Server (Server.java:run(1474)) - Starting Socket Reader #1 for port 15110
2025-02-16 13:03:00,716 [Socket Reader #2 for port 15110] INFO  ipc.Server (Server.java:run(1474)) - Starting Socket Reader #2 for port 15110
2025-02-16 13:03:00,716 [Socket Reader #3 for port 15110] INFO  ipc.Server (Server.java:run(1474)) - Starting Socket Reader #3 for port 15110
2025-02-16 13:03:00,717 [Socket Reader #4 for port 15110] INFO  ipc.Server (Server.java:run(1474)) - Starting Socket Reader #4 for port 15110
2025-02-16 13:03:00,717 [Socket Reader #5 for port 15110] INFO  ipc.Server (Server.java:run(1474)) - Starting Socket Reader #5 for port 15110
2025-02-16 13:03:00,717 [Socket Reader #6 for port 15110] INFO  ipc.Server (Server.java:run(1474)) - Starting Socket Reader #6 for port 15110
2025-02-16 13:03:00,717 [Socket Reader #7 for port 15110] INFO  ipc.Server (Server.java:run(1474)) - Starting Socket Reader #7 for port 15110
2025-02-16 13:03:00,717 [Socket Reader #8 for port 15110] INFO  ipc.Server (Server.java:run(1474)) - Starting Socket Reader #8 for port 15110
2025-02-16 13:03:00,717 [Socket Reader #9 for port 15110] INFO  ipc.Server (Server.java:run(1474)) - Starting Socket Reader #9 for port 15110
2025-02-16 13:03:00,717 [Socket Reader #10 for port 15110] INFO  ipc.Server (Server.java:run(1474)) - Starting Socket Reader #10 for port 15110
2025-02-16 13:03:00,718 [main] INFO  ipc.CallQueueManager (CallQueueManager.java:<init>(93)) - Using callQueue: class java.util.concurrent.LinkedBlockingQueue, queueCapacity: 10000, scheduler: class org.apache.hadoop.ipc.DefaultRpcScheduler, ipcBackoff: false, ipcFailOver: false.
2025-02-16 13:03:00,719 [main] INFO  ipc.Server (Server.java:<init>(1438)) - Listener at 0.0.0.0:15113
2025-02-16 13:03:00,719 [Socket Reader #1 for port 15113] INFO  ipc.Server (Server.java:run(1474)) - Starting Socket Reader #1 for port 15113
2025-02-16 13:03:00,719 [Socket Reader #2 for port 15113] INFO  ipc.Server (Server.java:run(1474)) - Starting Socket Reader #2 for port 15113
2025-02-16 13:03:00,719 [Socket Reader #3 for port 15113] INFO  ipc.Server (Server.java:run(1474)) - Starting Socket Reader #3 for port 15113
2025-02-16 13:03:00,719 [Socket Reader #4 for port 15113] INFO  ipc.Server (Server.java:run(1474)) - Starting Socket Reader #4 for port 15113
2025-02-16 13:03:00,719 [Socket Reader #5 for port 15113] INFO  ipc.Server (Server.java:run(1474)) - Starting Socket Reader #5 for port 15113
2025-02-16 13:03:00,720 [Socket Reader #6 for port 15113] INFO  ipc.Server (Server.java:run(1474)) - Starting Socket Reader #6 for port 15113
2025-02-16 13:03:00,720 [Socket Reader #7 for port 15113] INFO  ipc.Server (Server.java:run(1474)) - Starting Socket Reader #7 for port 15113
2025-02-16 13:03:00,720 [Socket Reader #8 for port 15113] INFO  ipc.Server (Server.java:run(1474)) - Starting Socket Reader #8 for port 15113
2025-02-16 13:03:00,720 [Socket Reader #9 for port 15113] INFO  ipc.Server (Server.java:run(1474)) - Starting Socket Reader #9 for port 15113
2025-02-16 13:03:00,720 [Socket Reader #10 for port 15113] INFO  ipc.Server (Server.java:run(1474)) - Starting Socket Reader #10 for port 15113
2025-02-16 13:03:00,721 [main] INFO  ipc.CallQueueManager (CallQueueManager.java:<init>(93)) - Using callQueue: class java.util.concurrent.LinkedBlockingQueue, queueCapacity: 10000, scheduler: class org.apache.hadoop.ipc.DefaultRpcScheduler, ipcBackoff: false, ipcFailOver: false.
2025-02-16 13:03:00,721 [main] INFO  ipc.Server (Server.java:<init>(1438)) - Listener at 0.0.0.0:15111
2025-02-16 13:03:00,721 [Socket Reader #1 for port 15111] INFO  ipc.Server (Server.java:run(1474)) - Starting Socket Reader #1 for port 15111
2025-02-16 13:03:00,721 [Socket Reader #2 for port 15111] INFO  ipc.Server (Server.java:run(1474)) - Starting Socket Reader #2 for port 15111
2025-02-16 13:03:00,722 [Socket Reader #3 for port 15111] INFO  ipc.Server (Server.java:run(1474)) - Starting Socket Reader #3 for port 15111
2025-02-16 13:03:00,722 [Socket Reader #4 for port 15111] INFO  ipc.Server (Server.java:run(1474)) - Starting Socket Reader #4 for port 15111
2025-02-16 13:03:00,722 [Socket Reader #5 for port 15111] INFO  ipc.Server (Server.java:run(1474)) - Starting Socket Reader #5 for port 15111
2025-02-16 13:03:00,722 [Socket Reader #6 for port 15111] INFO  ipc.Server (Server.java:run(1474)) - Starting Socket Reader #6 for port 15111
2025-02-16 13:03:00,722 [Socket Reader #7 for port 15111] INFO  ipc.Server (Server.java:run(1474)) - Starting Socket Reader #7 for port 15111
2025-02-16 13:03:00,722 [Socket Reader #8 for port 15111] INFO  ipc.Server (Server.java:run(1474)) - Starting Socket Reader #8 for port 15111
2025-02-16 13:03:00,723 [Socket Reader #9 for port 15111] INFO  ipc.Server (Server.java:run(1474)) - Starting Socket Reader #9 for port 15111
2025-02-16 13:03:00,723 [Socket Reader #10 for port 15111] INFO  ipc.Server (Server.java:run(1474)) - Starting Socket Reader #10 for port 15111
2025-02-16 13:03:00,726 [main] INFO  ha.SCMServiceManager (SCMServiceManager.java:register(42)) - Registering service ContainerBalancer.
2025-02-16 13:03:00,726 [main] INFO  ha.SCMContext (SCMContext.java:updateSafeModeStatus(224)) - Update SafeModeStatus from SafeModeStatus{safeModeStatus=true, preCheckPassed=false} to SafeModeStatus{safeModeStatus=true, preCheckPassed=false}.
2025-02-16 13:03:00,726 [main] INFO  server.StorageContainerManager (StorageContainerManager.java:start(1523)) - StorageContainerLocationProtocol RPC server is listening at /0.0.0.0:15111
2025-02-16 13:03:00,726 [main] INFO  ha.SCMRatisServerImpl (SCMRatisServerImpl.java:start(203)) - starting ratis server 0.0.0.0:15109
2025-02-16 13:03:00,726 [257e952a-4980-4b97-a405-9e28f64fa058-impl-thread1] INFO  server.RaftServerConfigKeys (ConfUtils.java:logGet(46)) - raft.server.storage.free-space.min = 0MB (=0) (default)
2025-02-16 13:03:00,726 [257e952a-4980-4b97-a405-9e28f64fa058-impl-thread1] INFO  server.RaftServerConfigKeys (ConfUtils.java:logGet(46)) - raft.server.log.corruption.policy = EXCEPTION (default)
2025-02-16 13:03:00,726 [257e952a-4980-4b97-a405-9e28f64fa058-impl-thread1] INFO  server.RaftServerConfigKeys (ConfUtils.java:logGet(46)) - raft.server.storage.dir = [/home/runner/work/ozone/ozone/hadoop-ozone/integration-test/target/test-dir/MiniOzoneClusterImpl-8cdb299b-b154-4fd3-af09-aa8d0bad65b8/scmNode-1/scm-ha] (custom)
2025-02-16 13:03:00,727 [257e952a-4980-4b97-a405-9e28f64fa058-impl-thread1] INFO  storage.RaftStorageDirectory (RaftStorageDirectoryImpl.java:tryLock(229)) - Lock on /home/runner/work/ozone/ozone/hadoop-ozone/integration-test/target/test-dir/MiniOzoneClusterImpl-8cdb299b-b154-4fd3-af09-aa8d0bad65b8/scmNode-1/scm-ha/8cdb299b-b154-4fd3-af09-aa8d0bad65b8/in_use.lock acquired by nodename 113671@fv-az1944-819
2025-02-16 13:03:00,728 [257e952a-4980-4b97-a405-9e28f64fa058-impl-thread1] INFO  storage.RaftStorage (RaftStorageImpl.java:analyzeAndRecoverStorage(118)) - Read RaftStorageMetadata{term=1, votedFor=257e952a-4980-4b97-a405-9e28f64fa058} from /home/runner/work/ozone/ozone/hadoop-ozone/integration-test/target/test-dir/MiniOzoneClusterImpl-8cdb299b-b154-4fd3-af09-aa8d0bad65b8/scmNode-1/scm-ha/8cdb299b-b154-4fd3-af09-aa8d0bad65b8/current/raft-meta
2025-02-16 13:03:00,728 [257e952a-4980-4b97-a405-9e28f64fa058-impl-thread1] INFO  server.RaftServer$Division (ServerState.java:setRaftConf(386)) - 257e952a-4980-4b97-a405-9e28f64fa058@group-AA8D0BAD65B8: set configuration conf: {index: 0, cur=peers:[257e952a-4980-4b97-a405-9e28f64fa058|localhost:15109]|listeners:[], old=null}
2025-02-16 13:03:00,728 [257e952a-4980-4b97-a405-9e28f64fa058-impl-thread1] INFO  ha.SCMStateMachine (SCMStateMachine.java:lambda$initialize$0(138)) - 257e952a-4980-4b97-a405-9e28f64fa058: initialize group-AA8D0BAD65B8
2025-02-16 13:03:00,728 [257e952a-4980-4b97-a405-9e28f64fa058-impl-thread1] INFO  server.RaftServerConfigKeys (ConfUtils.java:logGet(46)) - raft.server.log.use.memory = false (default)
2025-02-16 13:03:00,728 [257e952a-4980-4b97-a405-9e28f64fa058-impl-thread1] INFO  server.RaftServerConfigKeys (ConfUtils.java:logGet(46)) - raft.server.log.purge.gap = 1000000 (custom)
2025-02-16 13:03:00,728 [257e952a-4980-4b97-a405-9e28f64fa058-impl-thread1] INFO  server.RaftServerConfigKeys (ConfUtils.java:logGet(46)) - raft.server.log.appender.buffer.byte-limit = 4194304 (custom)
2025-02-16 13:03:00,728 [257e952a-4980-4b97-a405-9e28f64fa058-impl-thread1] INFO  server.RaftServerConfigKeys (ConfUtils.java:logGet(46)) - raft.server.log.statemachine.data.read.timeout = 1000ms (default)
2025-02-16 13:03:00,728 [257e952a-4980-4b97-a405-9e28f64fa058-impl-thread1] INFO  server.RaftServerConfigKeys (ConfUtils.java:logGet(46)) - raft.server.log.purge.preservation.log.num = 0 (default)
2025-02-16 13:03:00,729 [257e952a-4980-4b97-a405-9e28f64fa058-impl-thread1] INFO  server.RaftServerConfigKeys (ConfUtils.java:logGet(46)) - raft.server.log.segment.size.max = 4194304 (custom)
2025-02-16 13:03:00,729 [257e952a-4980-4b97-a405-9e28f64fa058-impl-thread1] INFO  server.RaftServerConfigKeys (ConfUtils.java:logGet(46)) - raft.server.log.segment.cache.num.max = 2 (custom)
2025-02-16 13:03:00,729 [257e952a-4980-4b97-a405-9e28f64fa058-impl-thread1] INFO  server.RaftServerConfigKeys (ConfUtils.java:logGet(46)) - raft.server.log.segment.cache.size.max = 200MB (=209715200) (default)
2025-02-16 13:03:00,729 [257e952a-4980-4b97-a405-9e28f64fa058-impl-thread1] INFO  server.RaftServerConfigKeys (ConfUtils.java:logGet(46)) - raft.server.log.appender.buffer.byte-limit = 4194304 (custom)
2025-02-16 13:03:00,729 [257e952a-4980-4b97-a405-9e28f64fa058-impl-thread1] INFO  util.AwaitToRun (AwaitToRun.java:start(81)) - Thread[#2818,257e952a-4980-4b97-a405-9e28f64fa058@group-AA8D0BAD65B8-cacheEviction-AwaitToRun,5,main] started
2025-02-16 13:03:00,729 [257e952a-4980-4b97-a405-9e28f64fa058-impl-thread1] INFO  segmented.SegmentedRaftLogWorker (SegmentedRaftLogWorker.java:<init>(188)) - new 257e952a-4980-4b97-a405-9e28f64fa058@group-AA8D0BAD65B8-SegmentedRaftLogWorker for RaftStorageImpl:Storage Directory /home/runner/work/ozone/ozone/hadoop-ozone/integration-test/target/test-dir/MiniOzoneClusterImpl-8cdb299b-b154-4fd3-af09-aa8d0bad65b8/scmNode-1/scm-ha/8cdb299b-b154-4fd3-af09-aa8d0bad65b8
2025-02-16 13:03:00,729 [257e952a-4980-4b97-a405-9e28f64fa058-impl-thread1] INFO  server.RaftServerConfigKeys (ConfUtils.java:logGet(46)) - raft.server.log.queue.byte-limit = 64MB (=67108864) (default)
2025-02-16 13:03:00,729 [257e952a-4980-4b97-a405-9e28f64fa058-impl-thread1] INFO  server.RaftServerConfigKeys (ConfUtils.java:logGet(46)) - raft.server.log.queue.element-limit = 4096 (default)
2025-02-16 13:03:00,729 [257e952a-4980-4b97-a405-9e28f64fa058-impl-thread1] INFO  server.RaftServerConfigKeys (ConfUtils.java:logGet(46)) - raft.server.log.segment.size.max = 4194304 (custom)
2025-02-16 13:03:00,729 [257e952a-4980-4b97-a405-9e28f64fa058-impl-thread1] INFO  server.RaftServerConfigKeys (ConfUtils.java:logGet(46)) - raft.server.log.preallocated.size = 4194304 (custom)
2025-02-16 13:03:00,729 [257e952a-4980-4b97-a405-9e28f64fa058-impl-thread1] INFO  server.RaftServerConfigKeys (ConfUtils.java:logGet(46)) - raft.server.log.force.sync.num = 128 (default)
2025-02-16 13:03:00,729 [257e952a-4980-4b97-a405-9e28f64fa058-impl-thread1] INFO  server.RaftServerConfigKeys (ConfUtils.java:logGet(46)) - raft.server.log.statemachine.data.sync = true (default)
2025-02-16 13:03:00,729 [257e952a-4980-4b97-a405-9e28f64fa058-impl-thread1] INFO  server.RaftServerConfigKeys (ConfUtils.java:logGet(46)) - raft.server.log.statemachine.data.sync.timeout = 10s (default)
2025-02-16 13:03:00,729 [257e952a-4980-4b97-a405-9e28f64fa058-impl-thread1] INFO  server.RaftServerConfigKeys (ConfUtils.java:logGet(46)) - raft.server.log.statemachine.data.sync.timeout.retry = -1 (default)
2025-02-16 13:03:00,730 [257e952a-4980-4b97-a405-9e28f64fa058-impl-thread1] INFO  server.RaftServerConfigKeys (ConfUtils.java:logGet(46)) - raft.server.log.write.buffer.size = 4194312 (custom)
2025-02-16 13:03:00,730 [257e952a-4980-4b97-a405-9e28f64fa058-impl-thread1] INFO  server.RaftServerConfigKeys (ConfUtils.java:logGet(46)) - raft.server.log.appender.buffer.byte-limit = 4194304 (custom)
2025-02-16 13:03:00,730 [257e952a-4980-4b97-a405-9e28f64fa058-impl-thread1] INFO  server.RaftServerConfigKeys (ConfUtils.java:logGet(46)) - raft.server.log.unsafe-flush.enabled = false (default)
2025-02-16 13:03:00,730 [257e952a-4980-4b97-a405-9e28f64fa058-impl-thread1] INFO  server.RaftServerConfigKeys (ConfUtils.java:logGet(46)) - raft.server.log.async-flush.enabled = false (default)
2025-02-16 13:03:00,730 [257e952a-4980-4b97-a405-9e28f64fa058-impl-thread1] INFO  server.RaftServerConfigKeys (ConfUtils.java:logGet(46)) - raft.server.log.statemachine.data.caching.enabled = false (default)
2025-02-16 13:03:00,730 [257e952a-4980-4b97-a405-9e28f64fa058-impl-thread1] INFO  server.RaftServer$Division (ServerState.java:setRaftConf(386)) - 257e952a-4980-4b97-a405-9e28f64fa058@group-AA8D0BAD65B8: set configuration conf: {index: 0, cur=peers:[257e952a-4980-4b97-a405-9e28f64fa058|localhost:15109]|listeners:[], old=null}
2025-02-16 13:03:00,731 [257e952a-4980-4b97-a405-9e28f64fa058-impl-thread1] INFO  segmented.LogSegment (LogSegment.java:loadSegment(171)) - Successfully read 1 entries from segment file /home/runner/work/ozone/ozone/hadoop-ozone/integration-test/target/test-dir/MiniOzoneClusterImpl-8cdb299b-b154-4fd3-af09-aa8d0bad65b8/scmNode-1/scm-ha/8cdb299b-b154-4fd3-af09-aa8d0bad65b8/current/log_inprogress_0
2025-02-16 13:03:00,731 [257e952a-4980-4b97-a405-9e28f64fa058-impl-thread1] INFO  segmented.SegmentedRaftLogWorker (SegmentedRaftLogWorker.java:lambda$new$0(139)) - 257e952a-4980-4b97-a405-9e28f64fa058@group-AA8D0BAD65B8-SegmentedRaftLogWorker: safeCacheEvictIndex: setUnconditionally 0 -> -1
2025-02-16 13:03:00,731 [257e952a-4980-4b97-a405-9e28f64fa058-impl-thread1] INFO  segmented.BufferedWriteChannel (BufferedWriteChannel.java:open(61)) - open log_inprogress_0 (append) at position 76
2025-02-16 13:03:00,731 [257e952a-4980-4b97-a405-9e28f64fa058-impl-thread1] INFO  server.RaftServer$Division (RaftServerImpl.java:start(391)) - 257e952a-4980-4b97-a405-9e28f64fa058@group-AA8D0BAD65B8: start as a follower, conf=conf: {index: 0, cur=peers:[257e952a-4980-4b97-a405-9e28f64fa058|localhost:15109]|listeners:[], old=null}
2025-02-16 13:03:00,731 [257e952a-4980-4b97-a405-9e28f64fa058-impl-thread1] INFO  server.RaftServer$Division (RaftServerImpl.java:setRole(378)) - 257e952a-4980-4b97-a405-9e28f64fa058@group-AA8D0BAD65B8: changes role from      null to FOLLOWER at term 1 for startAsFollower
2025-02-16 13:03:00,731 [257e952a-4980-4b97-a405-9e28f64fa058-impl-thread1] INFO  impl.RoleInfo (RoleInfo.java:updateAndGet(148)) - 257e952a-4980-4b97-a405-9e28f64fa058: start 257e952a-4980-4b97-a405-9e28f64fa058@group-AA8D0BAD65B8-FollowerState
2025-02-16 13:03:00,731 [257e952a-4980-4b97-a405-9e28f64fa058-impl-thread1] INFO  util.JmxRegister (JmxRegister.java:tryRegister(44)) - Successfully registered JMX Bean with object name Ratis:service=RaftServer,group=group-AA8D0BAD65B8,id=257e952a-4980-4b97-a405-9e28f64fa058
2025-02-16 13:03:00,731 [257e952a-4980-4b97-a405-9e28f64fa058-impl-thread1] INFO  util.JmxRegister (JmxRegister.java:register(58)) - register mxBean class org.apache.ratis.server.impl.RaftServerJmxAdapter as Ratis:service=RaftServer,group=group-AA8D0BAD65B8,id=257e952a-4980-4b97-a405-9e28f64fa058
2025-02-16 13:03:00,731 [257e952a-4980-4b97-a405-9e28f64fa058-impl-thread1] INFO  server.RaftServerConfigKeys (ConfUtils.java:logGet(46)) - raft.server.snapshot.trigger-when-stop.enabled = true (default)
2025-02-16 13:03:00,731 [257e952a-4980-4b97-a405-9e28f64fa058-impl-thread1] INFO  server.RaftServerConfigKeys (ConfUtils.java:logGet(46)) - raft.server.snapshot.trigger-when-remove.enabled = true (default)
2025-02-16 13:03:00,731 [257e952a-4980-4b97-a405-9e28f64fa058-impl-thread1] INFO  server.RaftServerConfigKeys (ConfUtils.java:logGet(46)) - raft.server.snapshot.auto.trigger.enabled = true (custom)
2025-02-16 13:03:00,731 [257e952a-4980-4b97-a405-9e28f64fa058-impl-thread1] INFO  server.RaftServerConfigKeys (ConfUtils.java:logGet(46)) - raft.server.snapshot.auto.trigger.threshold = 1000 (custom)
2025-02-16 13:03:00,732 [257e952a-4980-4b97-a405-9e28f64fa058-impl-thread1] INFO  server.RaftServerConfigKeys (ConfUtils.java:logGet(46)) - raft.server.snapshot.retention.file.num = -1 (default)
2025-02-16 13:03:00,732 [257e952a-4980-4b97-a405-9e28f64fa058-impl-thread1] INFO  server.RaftServerConfigKeys (ConfUtils.java:logGet(46)) - raft.server.log.purge.upto.snapshot.index = false (default)
2025-02-16 13:03:00,732 [257e952a-4980-4b97-a405-9e28f64fa058@group-AA8D0BAD65B8-FollowerState] INFO  server.RaftServerConfigKeys (ConfUtils.java:logFallback(53)) - raft.server.rpc.first-election.timeout.min = 5000ms (fallback to raft.server.rpc.timeout.min)
2025-02-16 13:03:00,732 [257e952a-4980-4b97-a405-9e28f64fa058-impl-thread1] INFO  server.RaftServer$Division (RaftServerImpl.java:start(405)) - 257e952a-4980-4b97-a405-9e28f64fa058@group-AA8D0BAD65B8: Successfully started.
2025-02-16 13:03:00,732 [257e952a-4980-4b97-a405-9e28f64fa058@group-AA8D0BAD65B8-FollowerState] INFO  server.RaftServerConfigKeys (ConfUtils.java:logFallback(53)) - raft.server.rpc.first-election.timeout.max = 5200ms (fallback to raft.server.rpc.timeout.max)
2025-02-16 13:03:00,732 [main] INFO  server.RaftServer (RaftServerProxy.java:startImpl(407)) - 257e952a-4980-4b97-a405-9e28f64fa058: start RPC server
2025-02-16 13:03:00,732 [main] INFO  server.GrpcService (GrpcService.java:startImpl(334)) - 257e952a-4980-4b97-a405-9e28f64fa058: GrpcService started, listening on 15109
2025-02-16 13:03:00,733 [main] INFO  ha.SCMHAManagerImpl (SCMHAManagerImpl.java:start(140)) -  scm role is FOLLOWER peers [257e952a-4980-4b97-a405-9e28f64fa058|localhost:15109]
2025-02-16 13:03:00,733 [main] INFO  ha.InterSCMGrpcService (InterSCMGrpcProtocolService.java:start(98)) - Starting SCM Grpc Service at port 15112
2025-02-16 13:03:00,733 [JvmPauseMonitor16] INFO  util.JvmPauseMonitor (JvmPauseMonitor.java:run(146)) - JvmPauseMonitor-257e952a-4980-4b97-a405-9e28f64fa058: Started
2025-02-16 13:03:00,733 [main] INFO  SCMHATransactionMonitor (BackgroundSCMService.java:start(64)) - Starting SCMHATransactionMonitor Service.
2025-02-16 13:03:00,733 [main] INFO  ha.SCMServiceManager (SCMServiceManager.java:register(42)) - Registering service SCMHATransactionMonitor.
2025-02-16 13:03:00,734 [main] INFO  SCMHATransactionMonitor (BackgroundSCMService.java:start(61)) - SCMHATransactionMonitor Service is already running, skip start.
2025-02-16 13:03:00,735 [main] WARN  impl.MetricsConfig (MetricsConfig.java:loadFirst(138)) - Cannot locate configuration: tried hadoop-metrics2-storagecontainermanager.properties,hadoop-metrics2.properties
2025-02-16 13:03:00,735 [main] INFO  impl.MetricsSystemImpl (MetricsSystemImpl.java:startTimer(378)) - Scheduled Metric snapshot period at 10 second(s).
2025-02-16 13:03:00,736 [main] INFO  impl.MetricsSystemImpl (MetricsSystemImpl.java:start(191)) - StorageContainerManager metrics system started
2025-02-16 13:03:00,742 [main] INFO  impl.MetricsSinkAdapter (MetricsSinkAdapter.java:start(204)) - Sink prometheus started
2025-02-16 13:03:00,742 [main] INFO  impl.MetricsSystemImpl (MetricsSystemImpl.java:registerSink(305)) - Registered sink prometheus
2025-02-16 13:03:00,756 [main] INFO  server.SCMClientProtocolServer (SCMClientProtocolServer.java:start(208)) - RPC server for Client  is listening at /0.0.0.0:15111
2025-02-16 13:03:00,757 [IPC Server Responder] INFO  ipc.Server (Server.java:run(1713)) - IPC Server Responder: starting
2025-02-16 13:03:00,757 [IPC Server listener on 15111] INFO  ipc.Server (Server.java:run(1553)) - IPC Server listener on 15111: starting
2025-02-16 13:03:00,766 [main] INFO  server.StorageContainerManager (StorageContainerManager.java:start(1536)) - ScmBlockLocationProtocol RPC server is listening at /0.0.0.0:15113
2025-02-16 13:03:00,766 [main] INFO  server.SCMBlockProtocolServer (SCMBlockProtocolServer.java:start(166)) - RPC server for Block Protocol is listening at /0.0.0.0:15113
2025-02-16 13:03:00,766 [IPC Server Responder] INFO  ipc.Server (Server.java:run(1713)) - IPC Server Responder: starting
2025-02-16 13:03:00,767 [IPC Server listener on 15113] INFO  ipc.Server (Server.java:run(1553)) - IPC Server listener on 15113: starting
2025-02-16 13:03:00,775 [main] INFO  http.BaseHttpServer (BaseHttpServer.java:newHttpServer2BuilderForOzone(230)) - Starting Web-server for scm at: http://0.0.0.0:15106
2025-02-16 13:03:00,776 [main] INFO  http.BaseHttpServer (BaseHttpServer.java:<init>(108)) - Hadoop Security Enabled: false Ozone Security Enabled: false Ozone HTTP Security Enabled: false 
2025-02-16 13:03:00,777 [main] WARN  server.AuthenticationFilter (AuthenticationFilter.java:constructSecretProvider(240)) - Unable to initialize FileSignerSecretProvider, falling back to use random secrets. Reason: Could not read signature secret file: /home/runner/hadoop-http-auth-signature-secret
2025-02-16 13:03:00,777 [main] INFO  http.HttpRequestLog (HttpRequestLog.java:getRequestLog(85)) - Http request log for http.requests.scm is not defined
2025-02-16 13:03:00,778 [main] INFO  http.HttpServer2 (HttpServer2.java:addGlobalFilter(1038)) - Added global filter 'safety' (class=org.apache.hadoop.hdds.server.http.HttpServer2$QuotingInputFilter)
2025-02-16 13:03:00,779 [main] INFO  http.HttpServer2 (HttpServer2.java:addFilter(1014)) - Added filter static_user_filter (class=org.apache.hadoop.http.lib.StaticUserWebFilter$StaticUserFilter) to context scm
2025-02-16 13:03:00,779 [main] INFO  http.HttpServer2 (HttpServer2.java:addFilter(1022)) - Added filter static_user_filter (class=org.apache.hadoop.http.lib.StaticUserWebFilter$StaticUserFilter) to context static
2025-02-16 13:03:00,779 [main] INFO  http.HttpServer2 (HttpServer2.java:addFilter(1022)) - Added filter static_user_filter (class=org.apache.hadoop.http.lib.StaticUserWebFilter$StaticUserFilter) to context logs
2025-02-16 13:03:00,780 [main] INFO  http.BaseHttpServer (BaseHttpServer.java:<init>(196)) - HTTP server of scm uses base directory /home/runner/work/ozone/ozone/hadoop-ozone/integration-test/target/test-dir/MiniOzoneClusterImpl-8cdb299b-b154-4fd3-af09-aa8d0bad65b8/scmNode-1/webserver
2025-02-16 13:03:00,780 [main] INFO  http.HttpServer2 (HttpServer2.java:bindListener(1238)) - Jetty bound to port 15106
2025-02-16 13:03:00,780 [main] INFO  server.Server (Server.java:doStart(375)) - jetty-9.4.57.v20241219; built: 2025-01-08T21:24:30.412Z; git: df524e6b29271c2e09ba9aea83c18dc9db464a31; jvm 21.0.6+7-LTS
2025-02-16 13:03:00,781 [main] INFO  server.session (DefaultSessionIdManager.java:doStart(334)) - DefaultSessionIdManager workerName=node0
2025-02-16 13:03:00,781 [main] INFO  server.session (DefaultSessionIdManager.java:doStart(339)) - No SessionScavenger set, using defaults
2025-02-16 13:03:00,781 [main] INFO  server.session (HouseKeeper.java:startScavenging(132)) - node0 Scavenging every 600000ms
2025-02-16 13:03:00,782 [main] INFO  handler.ContextHandler (ContextHandler.java:doStart(921)) - Started o.e.j.s.ServletContextHandler@1021a5dc{logs,/logs,file:///home/runner/work/ozone/ozone/hadoop-ozone/integration-test/target/log,AVAILABLE}
2025-02-16 13:03:00,782 [main] INFO  handler.ContextHandler (ContextHandler.java:doStart(921)) - Started o.e.j.s.ServletContextHandler@ee100ba{static,/static,file:///home/runner/work/ozone/ozone/hadoop-ozone/integration-test/target/test-classes/webapps/static,AVAILABLE}
2025-02-16 13:03:00,786 [main] INFO  handler.ContextHandler (ContextHandler.java:doStart(921)) - Started o.e.j.w.WebAppContext@32369404{scm,/,file:///home/runner/work/ozone/ozone/hadoop-ozone/integration-test/target/test-classes/webapps/scm/,AVAILABLE}{file:/home/runner/work/ozone/ozone/hadoop-ozone/integration-test/target/test-classes/webapps/scm}
2025-02-16 13:03:00,786 [main] INFO  server.AbstractConnector (AbstractConnector.java:doStart(333)) - Started ServerConnector@2393a5d1{HTTP/1.1, (http/1.1)}{0.0.0.0:15106}
2025-02-16 13:03:00,787 [main] INFO  server.Server (Server.java:doStart(415)) - Started @105159ms
2025-02-16 13:03:00,787 [main] WARN  impl.MetricsSystemImpl (MetricsSystemImpl.java:register(279)) - Sink prometheus already exists!
2025-02-16 13:03:00,787 [main] INFO  http.BaseHttpServer (BaseHttpServer.java:updateConnectorAddress(361)) - HTTP server of scm listening at http://0.0.0.0:15106
2025-02-16 13:03:00,787 [main] INFO  ozone.MiniOzoneHAClusterImpl (MiniOzoneHAClusterImpl.java:createSCMService(587)) - Started SCM RPC server at /0.0.0.0:15111
2025-02-16 13:03:00,788 [main] INFO  ha.OMHANodeDetails (OMHANodeDetails.java:loadOMHAConfig(121)) - ServiceID for OzoneManager is om-add-remove
2025-02-16 13:03:00,788 [main] INFO  ha.OMHANodeDetails (OMHANodeDetails.java:loadOMHAConfig(201)) - Found matching OM address with OMServiceId: om-add-remove, OMNodeId: omNode-1, RPC Address: localhost:15120 and Ratis port: 15123
2025-02-16 13:03:00,789 [main] INFO  ha.OMHANodeDetails (ConfUtils.java:setNodeSpecificConfigs(98)) - Setting configuration key ozone.om.http-address with value of key ozone.om.http-address.om-add-remove.omNode-1: 127.0.0.1:15121
2025-02-16 13:03:00,789 [main] INFO  ha.OMHANodeDetails (ConfUtils.java:setNodeSpecificConfigs(98)) - Setting configuration key ozone.om.https-address with value of key ozone.om.https-address.om-add-remove.omNode-1: 127.0.0.1:15122
2025-02-16 13:03:00,789 [main] INFO  ha.OMHANodeDetails (ConfUtils.java:setNodeSpecificConfigs(98)) - Setting configuration key ozone.om.address with value of key ozone.om.address.om-add-remove.omNode-1: 127.0.0.1:15120
2025-02-16 13:03:00,789 [main] WARN  server.ServerUtils (ServerUtils.java:getDBPath(297)) - ozone.om.db.dirs is not configured. We recommend adding this setting. Falling back to ozone.metadata.dirs instead.
2025-02-16 13:03:00,790 [main] INFO  ha.SCMNodeInfo (SCMNodeInfo.java:getPort(194)) - ConfigKey ozone.scm.client.address is deprecated, For configuring different ports for each SCM use PortConfigKey ozone.scm.client.port appended with serviceId and nodeId
2025-02-16 13:03:00,790 [main] INFO  ha.SCMNodeInfo (SCMNodeInfo.java:getPort(194)) - ConfigKey ozone.scm.block.client.address is deprecated, For configuring different ports for each SCM use PortConfigKey ozone.scm.block.client.port appended with serviceId and nodeId
2025-02-16 13:03:00,790 [main] INFO  ha.SCMNodeInfo (SCMNodeInfo.java:getPort(194)) - ConfigKey ozone.scm.security.service.address is deprecated, For configuring different ports for each SCM use PortConfigKey ozone.scm.security.service.port appended with serviceId and nodeId
2025-02-16 13:03:00,790 [main] INFO  ha.SCMNodeInfo (SCMNodeInfo.java:getPort(194)) - ConfigKey ozone.scm.datanode.address is deprecated, For configuring different ports for each SCM use PortConfigKey ozone.scm.datanode.port appended with serviceId and nodeId
2025-02-16 13:03:00,790 [main] INFO  proxy.SCMBlockLocationFailoverProxyProvider (SCMBlockLocationFailoverProxyProvider.java:<init>(113)) - Created block location fail-over proxy with 1 nodes: [nodeId=scmNode-1,nodeAddress=/127.0.0.1:15113]
2025-02-16 13:03:01,511 [167cf672-937a-4492-9243-616f99ab2eba-EndpointStateMachineTaskThread-/127.0.0.1:15057-0 ] INFO  ipc.Client (Client.java:handleConnectionFailure(966)) - Retrying connect to server: localhost/127.0.0.1:15057. Already tried 10 time(s); retry policy is RetryUpToMaximumCountWithFixedSleep(maxRetries=15, sleepTime=1000 MILLISECONDS)
2025-02-16 13:03:02,511 [167cf672-937a-4492-9243-616f99ab2eba-EndpointStateMachineTaskThread-/127.0.0.1:15057-0 ] INFO  ipc.Client (Client.java:handleConnectionFailure(966)) - Retrying connect to server: localhost/127.0.0.1:15057. Already tried 11 time(s); retry policy is RetryUpToMaximumCountWithFixedSleep(maxRetries=15, sleepTime=1000 MILLISECONDS)
2025-02-16 13:03:02,794 [main] INFO  retry.RetryInvocationHandler (RetryInvocationHandler.java:log(426)) - com.google.protobuf.ServiceException: org.apache.hadoop.ipc.RemoteException(org.apache.hadoop.hdds.ratis.ServerNotLeaderException): Server:257e952a-4980-4b97-a405-9e28f64fa058 is not the leader. Could not determine the leader node.
	at org.apache.hadoop.hdds.ratis.ServerNotLeaderException.convertToNotLeaderException(ServerNotLeaderException.java:105)
	at org.apache.hadoop.hdds.scm.ha.RatisUtil.checkRatisException(RatisUtil.java:247)
	at org.apache.hadoop.hdds.scm.protocol.ScmBlockLocationProtocolServerSideTranslatorPB.send(ScmBlockLocationProtocolServerSideTranslatorPB.java:110)
	at org.apache.hadoop.hdds.protocol.proto.ScmBlockLocationProtocolProtos$ScmBlockLocationProtocolService$2.callBlockingMethod(ScmBlockLocationProtocolProtos.java:15776)
	at org.apache.hadoop.ipc.ProtobufRpcEngine$Server.processCall(ProtobufRpcEngine.java:484)
	at org.apache.hadoop.ipc.ProtobufRpcEngine2$Server$ProtoBufRpcInvoker.call(ProtobufRpcEngine2.java:595)
	at org.apache.hadoop.ipc.ProtobufRpcEngine2$Server$ProtoBufRpcInvoker.call(ProtobufRpcEngine2.java:573)
	at org.apache.hadoop.ipc.RPC$Server.call(RPC.java:1227)
	at org.apache.hadoop.ipc.Server$RpcCall.run(Server.java:1246)
	at org.apache.hadoop.ipc.Server$RpcCall.run(Server.java:1169)
	at java.base/java.security.AccessController.doPrivileged(AccessController.java:714)
	at java.base/javax.security.auth.Subject.doAs(Subject.java:525)
	at org.apache.hadoop.security.UserGroupInformation.doAs(UserGroupInformation.java:1953)
	at org.apache.hadoop.ipc.Server$Handler.run(Server.java:3198)
, while invoking $Proxy53.send over nodeId=scmNode-1,nodeAddress=/127.0.0.1:15113 after 1 failover attempts. Trying to failover after sleeping for 2000ms. Current retry count: 1.
2025-02-16 13:03:03,512 [167cf672-937a-4492-9243-616f99ab2eba-EndpointStateMachineTaskThread-/127.0.0.1:15057-0 ] INFO  ipc.Client (Client.java:handleConnectionFailure(966)) - Retrying connect to server: localhost/127.0.0.1:15057. Already tried 12 time(s); retry policy is RetryUpToMaximumCountWithFixedSleep(maxRetries=15, sleepTime=1000 MILLISECONDS)
2025-02-16 13:03:04,513 [167cf672-937a-4492-9243-616f99ab2eba-EndpointStateMachineTaskThread-/127.0.0.1:15057-0 ] INFO  ipc.Client (Client.java:handleConnectionFailure(966)) - Retrying connect to server: localhost/127.0.0.1:15057. Already tried 13 time(s); retry policy is RetryUpToMaximumCountWithFixedSleep(maxRetries=15, sleepTime=1000 MILLISECONDS)
2025-02-16 13:03:04,796 [main] INFO  retry.RetryInvocationHandler (RetryInvocationHandler.java:log(426)) - com.google.protobuf.ServiceException: org.apache.hadoop.ipc.RemoteException(org.apache.hadoop.hdds.ratis.ServerNotLeaderException): Server:257e952a-4980-4b97-a405-9e28f64fa058 is not the leader. Could not determine the leader node.
	at org.apache.hadoop.hdds.ratis.ServerNotLeaderException.convertToNotLeaderException(ServerNotLeaderException.java:105)
	at org.apache.hadoop.hdds.scm.ha.RatisUtil.checkRatisException(RatisUtil.java:247)
	at org.apache.hadoop.hdds.scm.protocol.ScmBlockLocationProtocolServerSideTranslatorPB.send(ScmBlockLocationProtocolServerSideTranslatorPB.java:110)
	at org.apache.hadoop.hdds.protocol.proto.ScmBlockLocationProtocolProtos$ScmBlockLocationProtocolService$2.callBlockingMethod(ScmBlockLocationProtocolProtos.java:15776)
	at org.apache.hadoop.ipc.ProtobufRpcEngine$Server.processCall(ProtobufRpcEngine.java:484)
	at org.apache.hadoop.ipc.ProtobufRpcEngine2$Server$ProtoBufRpcInvoker.call(ProtobufRpcEngine2.java:595)
	at org.apache.hadoop.ipc.ProtobufRpcEngine2$Server$ProtoBufRpcInvoker.call(ProtobufRpcEngine2.java:573)
	at org.apache.hadoop.ipc.RPC$Server.call(RPC.java:1227)
	at org.apache.hadoop.ipc.Server$RpcCall.run(Server.java:1246)
	at org.apache.hadoop.ipc.Server$RpcCall.run(Server.java:1169)
	at java.base/java.security.AccessController.doPrivileged(AccessController.java:714)
	at java.base/javax.security.auth.Subject.doAs(Subject.java:525)
	at org.apache.hadoop.security.UserGroupInformation.doAs(UserGroupInformation.java:1953)
	at org.apache.hadoop.ipc.Server$Handler.run(Server.java:3198)
, while invoking $Proxy53.send over nodeId=scmNode-1,nodeAddress=/127.0.0.1:15113 after 2 failover attempts. Trying to failover after sleeping for 2000ms. Current retry count: 2.
2025-02-16 13:03:05,513 [167cf672-937a-4492-9243-616f99ab2eba-EndpointStateMachineTaskThread-/127.0.0.1:15057-0 ] INFO  ipc.Client (Client.java:handleConnectionFailure(966)) - Retrying connect to server: localhost/127.0.0.1:15057. Already tried 14 time(s); retry policy is RetryUpToMaximumCountWithFixedSleep(maxRetries=15, sleepTime=1000 MILLISECONDS)
2025-02-16 13:03:05,514 [167cf672-937a-4492-9243-616f99ab2eba-EndpointStateMachineTaskThread-/127.0.0.1:15057-0 ] WARN  statemachine.EndpointStateMachine (EndpointStateMachine.java:logIfNeeded(239)) - Unable to communicate to SCM server at localhost/127.0.0.1:15057 for past 0 seconds.
java.net.ConnectException: Call From fv-az1944-819/10.1.0.110 to localhost:15057 failed on connection exception: java.net.ConnectException: Connection refused; For more details see:  http://wiki.apache.org/hadoop/ConnectionRefused
	at java.base/jdk.internal.reflect.DirectConstructorHandleAccessor.newInstance(DirectConstructorHandleAccessor.java:62)
	at java.base/java.lang.reflect.Constructor.newInstanceWithCaller(Constructor.java:502)
	at java.base/java.lang.reflect.Constructor.newInstance(Constructor.java:486)
	at org.apache.hadoop.net.NetUtils.wrapWithMessage(NetUtils.java:961)
	at org.apache.hadoop.net.NetUtils.wrapException(NetUtils.java:876)
	at org.apache.hadoop.ipc.Client.getRpcResponse(Client.java:1588)
	at org.apache.hadoop.ipc.Client.call(Client.java:1529)
	at org.apache.hadoop.ipc.Client.call(Client.java:1426)
	at org.apache.hadoop.ipc.ProtobufRpcEngine$Invoker.invoke(ProtobufRpcEngine.java:250)
	at org.apache.hadoop.ipc.ProtobufRpcEngine$Invoker.invoke(ProtobufRpcEngine.java:132)
	at jdk.proxy2/jdk.proxy2.$Proxy59.submitRequest(Unknown Source)
	at org.apache.hadoop.ozone.protocolPB.StorageContainerDatanodeProtocolClientSideTranslatorPB.submitRequest(StorageContainerDatanodeProtocolClientSideTranslatorPB.java:105)
	at org.apache.hadoop.ozone.protocolPB.StorageContainerDatanodeProtocolClientSideTranslatorPB.sendHeartbeat(StorageContainerDatanodeProtocolClientSideTranslatorPB.java:136)
	at org.apache.hadoop.ozone.container.common.states.endpoint.HeartbeatEndpointTask.call(HeartbeatEndpointTask.java:165)
	at org.apache.hadoop.ozone.container.common.states.endpoint.HeartbeatEndpointTask.call(HeartbeatEndpointTask.java:69)
	at java.base/java.util.concurrent.FutureTask.run(FutureTask.java:317)
	at java.base/java.util.concurrent.ThreadPoolExecutor.runWorker(ThreadPoolExecutor.java:1144)
	at java.base/java.util.concurrent.ThreadPoolExecutor$Worker.run(ThreadPoolExecutor.java:642)
	at java.base/java.lang.Thread.run(Thread.java:1583)
Caused by: java.net.ConnectException: Connection refused
	at java.base/sun.nio.ch.Net.pollConnect(Native Method)
	at java.base/sun.nio.ch.Net.pollConnectNow(Net.java:682)
	at java.base/sun.nio.ch.SocketChannelImpl.finishConnect(SocketChannelImpl.java:973)
	at org.apache.hadoop.net.SocketIOWithTimeout.connect(SocketIOWithTimeout.java:205)
	at org.apache.hadoop.net.NetUtils.connect(NetUtils.java:614)
	at org.apache.hadoop.ipc.Client$Connection.setupConnection(Client.java:668)
	at org.apache.hadoop.ipc.Client$Connection.setupIOstreams(Client.java:789)
	at org.apache.hadoop.ipc.Client$Connection.access$3800(Client.java:364)
	at org.apache.hadoop.ipc.Client.getConnection(Client.java:1649)
	at org.apache.hadoop.ipc.Client.call(Client.java:1473)
	... 12 more
2025-02-16 13:03:05,860 [257e952a-4980-4b97-a405-9e28f64fa058@group-AA8D0BAD65B8-FollowerState] INFO  impl.FollowerState (FollowerState.java:runImpl(161)) - 257e952a-4980-4b97-a405-9e28f64fa058@group-AA8D0BAD65B8-FollowerState: change to CANDIDATE, lastRpcElapsedTime:5128999705ns, electionTimeout:5128ms
2025-02-16 13:03:05,860 [257e952a-4980-4b97-a405-9e28f64fa058@group-AA8D0BAD65B8-FollowerState] INFO  impl.RoleInfo (RoleInfo.java:shutdownFollowerState(121)) - 257e952a-4980-4b97-a405-9e28f64fa058: shutdown 257e952a-4980-4b97-a405-9e28f64fa058@group-AA8D0BAD65B8-FollowerState
2025-02-16 13:03:05,860 [257e952a-4980-4b97-a405-9e28f64fa058@group-AA8D0BAD65B8-FollowerState] INFO  server.RaftServer$Division (RaftServerImpl.java:setRole(378)) - 257e952a-4980-4b97-a405-9e28f64fa058@group-AA8D0BAD65B8: changes role from  FOLLOWER to CANDIDATE at term 1 for changeToCandidate
2025-02-16 13:03:05,860 [257e952a-4980-4b97-a405-9e28f64fa058@group-AA8D0BAD65B8-FollowerState] INFO  server.RaftServerConfigKeys (ConfUtils.java:logGet(46)) - raft.server.leaderelection.pre-vote = true (default)
2025-02-16 13:03:05,860 [257e952a-4980-4b97-a405-9e28f64fa058@group-AA8D0BAD65B8-FollowerState] INFO  impl.RoleInfo (RoleInfo.java:updateAndGet(148)) - 257e952a-4980-4b97-a405-9e28f64fa058: start 257e952a-4980-4b97-a405-9e28f64fa058@group-AA8D0BAD65B8-LeaderElection22
2025-02-16 13:03:05,861 [257e952a-4980-4b97-a405-9e28f64fa058@group-AA8D0BAD65B8-LeaderElection22] INFO  impl.LeaderElection (LeaderElection.java:askForVotes(332)) - 257e952a-4980-4b97-a405-9e28f64fa058@group-AA8D0BAD65B8-LeaderElection22 PRE_VOTE round 0: submit vote requests at term 1 for conf: {index: 0, cur=peers:[257e952a-4980-4b97-a405-9e28f64fa058|localhost:15109]|listeners:[], old=null}
2025-02-16 13:03:05,861 [257e952a-4980-4b97-a405-9e28f64fa058@group-AA8D0BAD65B8-LeaderElection22] INFO  impl.LeaderElection (LeaderElection.java:askForVotes(334)) - 257e952a-4980-4b97-a405-9e28f64fa058@group-AA8D0BAD65B8-LeaderElection22 PRE_VOTE round 0: result PASSED (term=1)
2025-02-16 13:03:05,862 [257e952a-4980-4b97-a405-9e28f64fa058@group-AA8D0BAD65B8-LeaderElection22] INFO  impl.LeaderElection (LeaderElection.java:askForVotes(332)) - 257e952a-4980-4b97-a405-9e28f64fa058@group-AA8D0BAD65B8-LeaderElection22 ELECTION round 0: submit vote requests at term 2 for conf: {index: 0, cur=peers:[257e952a-4980-4b97-a405-9e28f64fa058|localhost:15109]|listeners:[], old=null}
2025-02-16 13:03:05,862 [257e952a-4980-4b97-a405-9e28f64fa058@group-AA8D0BAD65B8-LeaderElection22] INFO  impl.LeaderElection (LeaderElection.java:askForVotes(334)) - 257e952a-4980-4b97-a405-9e28f64fa058@group-AA8D0BAD65B8-LeaderElection22 ELECTION round 0: result PASSED (term=2)
2025-02-16 13:03:05,862 [257e952a-4980-4b97-a405-9e28f64fa058@group-AA8D0BAD65B8-LeaderElection22] INFO  impl.RoleInfo (RoleInfo.java:shutdownLeaderElection(141)) - 257e952a-4980-4b97-a405-9e28f64fa058: shutdown 257e952a-4980-4b97-a405-9e28f64fa058@group-AA8D0BAD65B8-LeaderElection22
2025-02-16 13:03:05,862 [257e952a-4980-4b97-a405-9e28f64fa058@group-AA8D0BAD65B8-LeaderElection22] INFO  server.RaftServer$Division (RaftServerImpl.java:setRole(378)) - 257e952a-4980-4b97-a405-9e28f64fa058@group-AA8D0BAD65B8: changes role from CANDIDATE to LEADER at term 2 for changeToLeader
2025-02-16 13:03:05,862 [257e952a-4980-4b97-a405-9e28f64fa058@group-AA8D0BAD65B8-LeaderElection22] INFO  server.RaftServerConfigKeys (ConfUtils.java:logGet(46)) - raft.server.staging.catchup.gap = 1000 (default)
2025-02-16 13:03:05,862 [257e952a-4980-4b97-a405-9e28f64fa058@group-AA8D0BAD65B8-LeaderElection22] INFO  server.RaftServerConfigKeys (ConfUtils.java:logGet(46)) - raft.server.write.element-limit = 4096 (default)
2025-02-16 13:03:05,862 [257e952a-4980-4b97-a405-9e28f64fa058@group-AA8D0BAD65B8-LeaderElection22] INFO  server.RaftServerConfigKeys (ConfUtils.java:logGet(46)) - raft.server.write.byte-limit = 64MB (=67108864) (default)
2025-02-16 13:03:05,863 [257e952a-4980-4b97-a405-9e28f64fa058@group-AA8D0BAD65B8-LeaderElection22] INFO  server.RaftServerConfigKeys (ConfUtils.java:logGet(46)) - raft.server.watch.timeout = 10s (default)
2025-02-16 13:03:05,863 [257e952a-4980-4b97-a405-9e28f64fa058@group-AA8D0BAD65B8-LeaderElection22] INFO  server.RaftServerConfigKeys (ConfUtils.java:logGet(46)) - raft.server.watch.timeout.denomination = 1s (default)
2025-02-16 13:03:05,863 [257e952a-4980-4b97-a405-9e28f64fa058@group-AA8D0BAD65B8-LeaderElection22] INFO  server.RaftServerConfigKeys (ConfUtils.java:logGet(46)) - raft.server.watch.element-limit = 65536 (default)
2025-02-16 13:03:05,863 [257e952a-4980-4b97-a405-9e28f64fa058@group-AA8D0BAD65B8-LeaderElection22] INFO  server.RaftServerConfigKeys (ConfUtils.java:logGet(46)) - raft.server.read.leader.lease.enabled = false (default)
2025-02-16 13:03:05,863 [257e952a-4980-4b97-a405-9e28f64fa058@group-AA8D0BAD65B8-LeaderElection22] INFO  server.RaftServerConfigKeys (ConfUtils.java:logGet(46)) - raft.server.read.leader.lease.timeout.ratio = 0.9 (default)
2025-02-16 13:03:05,863 [257e952a-4980-4b97-a405-9e28f64fa058@group-AA8D0BAD65B8-LeaderElection22] INFO  server.RaftServerConfigKeys (ConfUtils.java:logGet(46)) - raft.server.rpc.timeout.min = 5000ms (custom)
2025-02-16 13:03:05,863 [257e952a-4980-4b97-a405-9e28f64fa058@group-AA8D0BAD65B8-LeaderElection22] INFO  server.RaftServerConfigKeys (ConfUtils.java:logGet(46)) - raft.server.log.log-metadata.enabled = true (default)
2025-02-16 13:03:05,863 [257e952a-4980-4b97-a405-9e28f64fa058@group-AA8D0BAD65B8-LeaderElection22] INFO  server.RaftServerConfigKeys (ConfUtils.java:logGet(46)) - raft.server.write.element-limit = 4096 (default)
2025-02-16 13:03:05,863 [257e952a-4980-4b97-a405-9e28f64fa058@group-AA8D0BAD65B8-LeaderElection22] INFO  server.RaftServerConfigKeys (ConfUtils.java:logGet(46)) - raft.server.write.follower.gap.ratio.max = -1.0 (default)
2025-02-16 13:03:05,863 [257e952a-4980-4b97-a405-9e28f64fa058@group-AA8D0BAD65B8-LeaderElection22] INFO  impl.RoleInfo (RoleInfo.java:updateAndGet(148)) - 257e952a-4980-4b97-a405-9e28f64fa058: start 257e952a-4980-4b97-a405-9e28f64fa058@group-AA8D0BAD65B8-LeaderStateImpl
2025-02-16 13:03:05,863 [257e952a-4980-4b97-a405-9e28f64fa058@group-AA8D0BAD65B8-LeaderElection22] INFO  server.RaftServer$Division (RaftServerImpl.java:setFirstElection(562)) - 257e952a-4980-4b97-a405-9e28f64fa058@group-AA8D0BAD65B8: set firstElectionSinceStartup to false for becomeLeader
2025-02-16 13:03:05,863 [257e952a-4980-4b97-a405-9e28f64fa058@group-AA8D0BAD65B8-LeaderElection22] INFO  ha.SCMStateMachine (SCMStateMachine.java:notifyLeaderChanged(294)) - current SCM becomes leader of term 2.
2025-02-16 13:03:05,863 [257e952a-4980-4b97-a405-9e28f64fa058@group-AA8D0BAD65B8-LeaderElection22] INFO  ha.SCMContext (SCMContext.java:updateLeaderAndTerm(95)) - update <isLeader,term> from <false,0> to <true,2>
2025-02-16 13:03:05,864 [257e952a-4980-4b97-a405-9e28f64fa058@group-AA8D0BAD65B8-LeaderElection22] INFO  server.RaftServer$Division (ServerState.java:setLeader(272)) - 257e952a-4980-4b97-a405-9e28f64fa058@group-AA8D0BAD65B8: change Leader from null to 257e952a-4980-4b97-a405-9e28f64fa058 at term 2 for becomeLeader, leader elected after 5159ms
2025-02-16 13:03:05,864 [257e952a-4980-4b97-a405-9e28f64fa058@group-AA8D0BAD65B8-LeaderElection22] INFO  segmented.SegmentedRaftLogWorker (SegmentedRaftLogWorker.java:rollLogSegment(443)) - 257e952a-4980-4b97-a405-9e28f64fa058@group-AA8D0BAD65B8-SegmentedRaftLogWorker: Rolling segment log-0_0 to index:0
2025-02-16 13:03:05,864 [257e952a-4980-4b97-a405-9e28f64fa058@group-AA8D0BAD65B8-LeaderElection22] INFO  server.RaftServer$Division (ServerState.java:setRaftConf(386)) - 257e952a-4980-4b97-a405-9e28f64fa058@group-AA8D0BAD65B8: set configuration conf: {index: 1, cur=peers:[257e952a-4980-4b97-a405-9e28f64fa058|localhost:15109]|listeners:[], old=null}
2025-02-16 13:03:05,864 [257e952a-4980-4b97-a405-9e28f64fa058@group-AA8D0BAD65B8-SegmentedRaftLogWorker] INFO  segmented.SegmentedRaftLogWorker (SegmentedRaftLogWorker.java:execute(601)) - 257e952a-4980-4b97-a405-9e28f64fa058@group-AA8D0BAD65B8-SegmentedRaftLogWorker: Rolled log segment from /home/runner/work/ozone/ozone/hadoop-ozone/integration-test/target/test-dir/MiniOzoneClusterImpl-8cdb299b-b154-4fd3-af09-aa8d0bad65b8/scmNode-1/scm-ha/8cdb299b-b154-4fd3-af09-aa8d0bad65b8/current/log_inprogress_0 to /home/runner/work/ozone/ozone/hadoop-ozone/integration-test/target/test-dir/MiniOzoneClusterImpl-8cdb299b-b154-4fd3-af09-aa8d0bad65b8/scmNode-1/scm-ha/8cdb299b-b154-4fd3-af09-aa8d0bad65b8/current/log_0-0
2025-02-16 13:03:05,864 [257e952a-4980-4b97-a405-9e28f64fa058@group-AA8D0BAD65B8-SegmentedRaftLogWorker] INFO  segmented.BufferedWriteChannel (BufferedWriteChannel.java:open(61)) - open log_inprogress_1 at position 0
2025-02-16 13:03:05,873 [257e952a-4980-4b97-a405-9e28f64fa058@group-AA8D0BAD65B8-SegmentedRaftLogWorker] INFO  segmented.SegmentedRaftLogWorker (SegmentedRaftLogWorker.java:execute(644)) - 257e952a-4980-4b97-a405-9e28f64fa058@group-AA8D0BAD65B8-SegmentedRaftLogWorker: created new log segment /home/runner/work/ozone/ozone/hadoop-ozone/integration-test/target/test-dir/MiniOzoneClusterImpl-8cdb299b-b154-4fd3-af09-aa8d0bad65b8/scmNode-1/scm-ha/8cdb299b-b154-4fd3-af09-aa8d0bad65b8/current/log_inprogress_1
2025-02-16 13:03:05,875 [257e952a-4980-4b97-a405-9e28f64fa058@group-AA8D0BAD65B8-StateMachineUpdater] INFO  server.RaftServer$Division (LeaderStateImpl.java:checkStartIndex(313)) - Leader 257e952a-4980-4b97-a405-9e28f64fa058@group-AA8D0BAD65B8-LeaderStateImpl is ready since appliedIndex == startIndex == 1
2025-02-16 13:03:05,875 [257e952a-4980-4b97-a405-9e28f64fa058@group-AA8D0BAD65B8-StateMachineUpdater] INFO  ha.SCMContext (SCMContext.java:setLeaderReady(122)) - update <isLeaderReady> from <false> to <true>
2025-02-16 13:03:05,875 [257e952a-4980-4b97-a405-9e28f64fa058@group-AA8D0BAD65B8-StateMachineUpdater] INFO  pipeline.BackgroundPipelineCreator (BackgroundPipelineCreator.java:notifyStatusChanged(268)) - Service BackgroundPipelineCreator transitions to RUNNING.
2025-02-16 13:03:05,876 [257e952a-4980-4b97-a405-9e28f64fa058@group-AA8D0BAD65B8-StateMachineUpdater] INFO  safemode.HealthyPipelineSafeModeRule (HealthyPipelineSafeModeRule.java:initializeRule(173)) - Refreshed total pipeline count is 0, healthy pipeline threshold count is 1
2025-02-16 13:03:05,876 [257e952a-4980-4b97-a405-9e28f64fa058@group-AA8D0BAD65B8-StateMachineUpdater] INFO  safemode.ContainerSafeModeRule (ContainerSafeModeRule.java:initializeRule(356)) - Refreshed Containers with one replica threshold count 0, with ec n replica threshold count 0.
2025-02-16 13:03:05,876 [257e952a-4980-4b97-a405-9e28f64fa058@group-AA8D0BAD65B8-StateMachineUpdater] INFO  safemode.OneReplicaPipelineSafeModeRule (OneReplicaPipelineSafeModeRule.java:initializeRule(187)) - Refreshed Total pipeline count is 0, pipeline's with at least one datanode reported threshold count is 0
2025-02-16 13:03:05,876 [257e952a-4980-4b97-a405-9e28f64fa058@group-AA8D0BAD65B8-StateMachineUpdater] INFO  server.SCMDatanodeProtocolServer (SCMDatanodeProtocolServer.java:start(192)) - ScmDatanodeProtocol RPC server for DataNodes is listening at /0.0.0.0:15110
2025-02-16 13:03:05,876 [IPC Server Responder] INFO  ipc.Server (Server.java:run(1713)) - IPC Server Responder: starting
2025-02-16 13:03:05,876 [IPC Server listener on 15110] INFO  ipc.Server (Server.java:run(1553)) - IPC Server listener on 15110: starting
OM initialization succeeded.Current cluster id for sd=/home/runner/work/ozone/ozone/hadoop-ozone/integration-test/target/test-dir/MiniOzoneClusterImpl-8cdb299b-b154-4fd3-af09-aa8d0bad65b8/omNode-1/om;cid=8cdb299b-b154-4fd3-af09-aa8d0bad65b8;layoutVersion=8
2025-02-16 13:03:06,799 [main] INFO  ha.OMHANodeDetails (OMHANodeDetails.java:loadOMHAConfig(121)) - ServiceID for OzoneManager is om-add-remove
2025-02-16 13:03:06,799 [main] INFO  ha.OMHANodeDetails (OMHANodeDetails.java:loadOMHAConfig(201)) - Found matching OM address with OMServiceId: om-add-remove, OMNodeId: omNode-1, RPC Address: localhost:15120 and Ratis port: 15123
2025-02-16 13:03:06,799 [main] INFO  ha.OMHANodeDetails (ConfUtils.java:setNodeSpecificConfigs(98)) - Setting configuration key ozone.om.http-address with value of key ozone.om.http-address.om-add-remove.omNode-1: 127.0.0.1:15121
2025-02-16 13:03:06,799 [main] INFO  ha.OMHANodeDetails (ConfUtils.java:setNodeSpecificConfigs(98)) - Setting configuration key ozone.om.https-address with value of key ozone.om.https-address.om-add-remove.omNode-1: 127.0.0.1:15122
2025-02-16 13:03:06,800 [main] INFO  ha.OMHANodeDetails (ConfUtils.java:setNodeSpecificConfigs(98)) - Setting configuration key ozone.om.address with value of key ozone.om.address.om-add-remove.omNode-1: 127.0.0.1:15120
2025-02-16 13:03:06,800 [main] WARN  server.ServerUtils (ServerUtils.java:getDBPath(297)) - ozone.om.db.dirs is not configured. We recommend adding this setting. Falling back to ozone.metadata.dirs instead.
2025-02-16 13:03:06,801 [main] INFO  upgrade.AbstractLayoutVersionManager (AbstractLayoutVersionManager.java:init(80)) - Initializing Layout version manager with metadata layout = DELEGATION_TOKEN_SYMMETRIC_SIGN (version = 8), software layout = DELEGATION_TOKEN_SYMMETRIC_SIGN (version = 8)
2025-02-16 13:03:06,840 [main] INFO  reflections.Reflections (Reflections.java:scan(219)) - Reflections took 39 ms to scan 2 urls, producing 201 keys and 594 values
2025-02-16 13:03:06,840 [main] INFO  upgrade.OMLayoutVersionManager (OMLayoutVersionManager.java:lambda$0(113)) - Skipping Upgrade Action QuotaRepairUpgradeAction since it has been finalized.
2025-02-16 13:03:06,841 [main] INFO  upgrade.OMLayoutVersionManager (OMLayoutVersionManager.java:lambda$0(113)) - Skipping Upgrade Action MockOmUpgradeAction since it has been finalized.
2025-02-16 13:03:06,841 [main] WARN  server.ServerUtils (ServerUtils.java:getDBPath(297)) - ozone.om.db.dirs is not configured. We recommend adding this setting. Falling back to ozone.metadata.dirs instead.
2025-02-16 13:03:06,841 [main] INFO  ha.SCMNodeInfo (SCMNodeInfo.java:getPort(194)) - ConfigKey ozone.scm.client.address is deprecated, For configuring different ports for each SCM use PortConfigKey ozone.scm.client.port appended with serviceId and nodeId
2025-02-16 13:03:06,841 [main] INFO  ha.SCMNodeInfo (SCMNodeInfo.java:getPort(194)) - ConfigKey ozone.scm.block.client.address is deprecated, For configuring different ports for each SCM use PortConfigKey ozone.scm.block.client.port appended with serviceId and nodeId
2025-02-16 13:03:06,841 [main] INFO  ha.SCMNodeInfo (SCMNodeInfo.java:getPort(194)) - ConfigKey ozone.scm.security.service.address is deprecated, For configuring different ports for each SCM use PortConfigKey ozone.scm.security.service.port appended with serviceId and nodeId
2025-02-16 13:03:06,842 [main] INFO  ha.SCMNodeInfo (SCMNodeInfo.java:getPort(194)) - ConfigKey ozone.scm.datanode.address is deprecated, For configuring different ports for each SCM use PortConfigKey ozone.scm.datanode.port appended with serviceId and nodeId
2025-02-16 13:03:06,842 [main] INFO  ha.SCMNodeInfo (SCMNodeInfo.java:getPort(194)) - ConfigKey ozone.scm.client.address is deprecated, For configuring different ports for each SCM use PortConfigKey ozone.scm.client.port appended with serviceId and nodeId
2025-02-16 13:03:06,842 [main] INFO  ha.SCMNodeInfo (SCMNodeInfo.java:getPort(194)) - ConfigKey ozone.scm.block.client.address is deprecated, For configuring different ports for each SCM use PortConfigKey ozone.scm.block.client.port appended with serviceId and nodeId
2025-02-16 13:03:06,842 [main] INFO  ha.SCMNodeInfo (SCMNodeInfo.java:getPort(194)) - ConfigKey ozone.scm.security.service.address is deprecated, For configuring different ports for each SCM use PortConfigKey ozone.scm.security.service.port appended with serviceId and nodeId
2025-02-16 13:03:06,842 [main] INFO  ha.SCMNodeInfo (SCMNodeInfo.java:getPort(194)) - ConfigKey ozone.scm.datanode.address is deprecated, For configuring different ports for each SCM use PortConfigKey ozone.scm.datanode.port appended with serviceId and nodeId
2025-02-16 13:03:06,842 [main] INFO  proxy.SCMBlockLocationFailoverProxyProvider (SCMBlockLocationFailoverProxyProvider.java:<init>(113)) - Created block location fail-over proxy with 1 nodes: [nodeId=scmNode-1,nodeAddress=/127.0.0.1:15113]
2025-02-16 13:03:06,844 [main] INFO  ha.SCMNodeInfo (SCMNodeInfo.java:getPort(194)) - ConfigKey ozone.scm.client.address is deprecated, For configuring different ports for each SCM use PortConfigKey ozone.scm.client.port appended with serviceId and nodeId
2025-02-16 13:03:06,844 [main] INFO  ha.SCMNodeInfo (SCMNodeInfo.java:getPort(194)) - ConfigKey ozone.scm.block.client.address is deprecated, For configuring different ports for each SCM use PortConfigKey ozone.scm.block.client.port appended with serviceId and nodeId
2025-02-16 13:03:06,844 [main] INFO  ha.SCMNodeInfo (SCMNodeInfo.java:getPort(194)) - ConfigKey ozone.scm.security.service.address is deprecated, For configuring different ports for each SCM use PortConfigKey ozone.scm.security.service.port appended with serviceId and nodeId
2025-02-16 13:03:06,844 [main] INFO  ha.SCMNodeInfo (SCMNodeInfo.java:getPort(194)) - ConfigKey ozone.scm.datanode.address is deprecated, For configuring different ports for each SCM use PortConfigKey ozone.scm.datanode.port appended with serviceId and nodeId
2025-02-16 13:03:06,844 [main] INFO  proxy.SCMBlockLocationFailoverProxyProvider (SCMBlockLocationFailoverProxyProvider.java:<init>(113)) - Created block location fail-over proxy with 1 nodes: [nodeId=scmNode-1,nodeAddress=/127.0.0.1:15113]
2025-02-16 13:03:06,848 [main] INFO  om.OzoneManager (OzoneManager.java:<init>(688)) - OM start with adminUsers: [runner]
2025-02-16 13:03:06,849 [main] WARN  server.ServerUtils (ServerUtils.java:getDBPath(297)) - ozone.om.db.dirs is not configured. We recommend adding this setting. Falling back to ozone.metadata.dirs instead.
2025-02-16 13:03:06,849 [main] INFO  helpers.OmKeyInfo (OmKeyInfo.java:getCodec(73)) - OmKeyInfo.getCodec ignorePipeline = true
2025-02-16 13:03:06,992 [main] INFO  om.OzoneManager (OzoneManager.java:instantiateServices(824)) - S3 Multi-Tenancy is disabled
2025-02-16 13:03:06,992 [main] INFO  om.OmSnapshotManager (OmSnapshotManager.java:<init>(183)) - Ozone filesystem snapshot feature is enabled.
2025-02-16 13:03:06,992 [main] WARN  server.ServerUtils (ServerUtils.java:getDBPath(297)) - ozone.om.snapshot.diff.db.dir is not configured. We recommend adding this setting. Falling back to ozone.metadata.dirs instead.
2025-02-16 13:03:07,009 [main] INFO  utils.NativeLibraryLoader (NativeLibraryLoader.java:loadLibrary(120)) - Loading Library: ozone_rocksdb_tools
2025-02-16 13:03:07,009 [main] WARN  snapshot.SnapshotDiffManager (SnapshotDiffManager.java:initNativeLibraryForEfficientDiff(287)) - Native Library for raw sst file reading loading failed. Fallback to performing a full diff instead. Unable to load library ozone_rocksdb_tools from both java.library.path & resource file libozone_rocksdb_tools.so from jar.
2025-02-16 13:03:07,011 [main] INFO  om.OzoneManager (OzoneManager.java:addS3GVolumeToDB(4550)) - Created Volume s3v With Owner runner required for S3Gateway operations.
2025-02-16 13:03:07,011 [main] WARN  server.ServerUtils (ServerUtils.java:getDefaultRatisDirectory(309)) - Storage directory for Ratis is not configured. It is a good idea to map this to an SSD disk. Falling back to ozone.metadata.dirs
2025-02-16 13:03:07,011 [main] WARN  utils.OzoneManagerRatisUtils (OzoneManagerRatisUtils.java:getOMRatisSnapshotDirectory(493)) - ozone.om.ratis.snapshot.dir is not configured. Falling back to ozone.metadata.dirs config
2025-02-16 13:03:07,012 [main] INFO  utils.RDBSnapshotProvider (RDBSnapshotProvider.java:init(85)) - Cleaning up the candidate dir: /home/runner/work/ozone/ozone/hadoop-ozone/integration-test/target/test-dir/MiniOzoneClusterImpl-8cdb299b-b154-4fd3-af09-aa8d0bad65b8/omNode-1/snapshot/om.db.candidate
2025-02-16 13:03:07,012 [main] INFO  ratis_snapshot.OmRatisSnapshotProvider (OmRatisSnapshotProvider.java:<init>(99)) - Initializing OM Snapshot Provider
2025-02-16 13:03:07,013 [main] WARN  dropwizard3.Dm3MetricRegistriesImpl (Dm3MetricRegistriesImpl.java:addReporterRegistration(114)) - New reporters are added after registries were created. Some metrics will be missing from the reporter. Please add reporter before adding any new registry.
2025-02-16 13:03:07,013 [main] WARN  dropwizard3.Dm3MetricRegistriesImpl (Dm3MetricRegistriesImpl.java:addReporterRegistration(114)) - New reporters are added after registries were created. Some metrics will be missing from the reporter. Please add reporter before adding any new registry.
2025-02-16 13:03:07,013 [main] WARN  server.ServerUtils (ServerUtils.java:getDefaultRatisDirectory(309)) - Storage directory for Ratis is not configured. It is a good idea to map this to an SSD disk. Falling back to ozone.metadata.dirs
2025-02-16 13:03:07,014 [main] INFO  server.RaftServerConfigKeys (ConfUtils.java:logGet(46)) - raft.server.log.appender.buffer.byte-limit = 4194304 (custom)
2025-02-16 13:03:07,014 [main] INFO  ratis.OzoneManagerRatisServer (OzoneManagerRatisServer.java:<init>(171)) - Instantiating OM Ratis server with groupID: om-add-remove and peers: localhost:15123, localhost:15131, localhost:15127
2025-02-16 13:03:07,015 [main] INFO  ratis.OzoneManagerStateMachine (OzoneManagerStateMachine.java:loadSnapshotInfoFromDB(609)) - TransactionInfo not found in OM DB.
2025-02-16 13:03:07,015 [main] INFO  server.RaftServer (ConfUtils.java:logGet(46)) - raft.rpc.type = GRPC (default)
2025-02-16 13:03:07,015 [main] INFO  grpc.GrpcConfigKeys (ConfUtils.java:logFallback(53)) - raft.grpc.admin.host = null (fallback to raft.grpc.server.host)
2025-02-16 13:03:07,015 [main] INFO  grpc.GrpcConfigKeys (ConfUtils.java:logFallback(53)) - raft.grpc.admin.port = 15123 (fallback to raft.grpc.server.port)
2025-02-16 13:03:07,015 [main] INFO  grpc.GrpcConfigKeys (ConfUtils.java:logFallback(53)) - raft.grpc.client.host = null (fallback to raft.grpc.server.host)
2025-02-16 13:03:07,015 [main] INFO  grpc.GrpcConfigKeys (ConfUtils.java:logFallback(53)) - raft.grpc.client.port = 15123 (fallback to raft.grpc.server.port)
2025-02-16 13:03:07,016 [main] INFO  grpc.GrpcConfigKeys (ConfUtils.java:logGet(46)) - raft.grpc.server.host = null (default)
2025-02-16 13:03:07,016 [main] INFO  grpc.GrpcConfigKeys (ConfUtils.java:logGet(46)) - raft.grpc.server.port = 15123 (custom)
2025-02-16 13:03:07,016 [main] INFO  server.GrpcService (ConfUtils.java:logGet(46)) - raft.grpc.message.size.max = 5242880 (custom)
2025-02-16 13:03:07,016 [main] INFO  server.GrpcService (ConfUtils.java:logGet(46)) - raft.grpc.flow.control.window = 1MB (=1048576) (default)
2025-02-16 13:03:07,016 [main] INFO  server.RaftServerConfigKeys (ConfUtils.java:logGet(46)) - raft.server.rpc.request.timeout = 3000ms (default)
2025-02-16 13:03:07,016 [main] INFO  grpc.GrpcConfigKeys (ConfUtils.java:logGet(46)) - raft.grpc.server.heartbeat.channel = true (default)
2025-02-16 13:03:07,016 [main] INFO  server.RaftServerConfigKeys (ConfUtils.java:logGet(46)) - raft.server.log.appender.buffer.byte-limit = 4194304 (custom)
2025-02-16 13:03:07,016 [main] INFO  grpc.GrpcConfigKeys (ConfUtils.java:logGet(46)) - raft.grpc.server.async.request.thread.pool.cached = true (default)
2025-02-16 13:03:07,016 [main] INFO  grpc.GrpcConfigKeys (ConfUtils.java:logGet(46)) - raft.grpc.server.async.request.thread.pool.size = 32 (default)
2025-02-16 13:03:07,017 [main] INFO  impl.DataStreamServerImpl (ConfUtils.java:logGet(46)) - raft.datastream.type = DISABLED (default)
2025-02-16 13:03:07,017 [main] INFO  server.RaftServerConfigKeys (ConfUtils.java:logGet(46)) - raft.server.sleep.deviation.threshold = 300ms (default)
2025-02-16 13:03:07,017 [main] INFO  server.RaftServerConfigKeys (ConfUtils.java:logGet(46)) - raft.server.close.threshold = 60s (default)
2025-02-16 13:03:07,017 [main] INFO  server.RaftServerConfigKeys (ConfUtils.java:logGet(46)) - raft.server.leaderelection.leader.step-down.wait-time = 10s (default)
2025-02-16 13:03:07,017 [main] INFO  server.RaftServerConfigKeys (ConfUtils.java:logGet(46)) - raft.server.storage.dir = [/home/runner/work/ozone/ozone/hadoop-ozone/integration-test/target/test-dir/MiniOzoneClusterImpl-8cdb299b-b154-4fd3-af09-aa8d0bad65b8/omNode-1/ratis] (custom)
2025-02-16 13:03:07,017 [main] INFO  server.RaftServerConfigKeys (ConfUtils.java:logGet(46)) - raft.server.threadpool.proxy.cached = true (default)
2025-02-16 13:03:07,018 [main] INFO  server.RaftServerConfigKeys (ConfUtils.java:logGet(46)) - raft.server.threadpool.proxy.size = 0 (default)
2025-02-16 13:03:07,018 [main] INFO  server.RaftServer (RaftServerProxy.java:addNew(100)) - omNode-1: addNew group-0AAC5367B30E:[omNode-3|localhost:15131, omNode-1|localhost:15123, omNode-2|localhost:15127] returns group-0AAC5367B30E:java.util.concurrent.CompletableFuture@28ebfbaf[Not completed]
2025-02-16 13:03:07,018 [omNode-1-groupManagement] INFO  server.RaftServer$Division (RaftServerImpl.java:<init>(255)) - omNode-1: new RaftServerImpl for group-0AAC5367B30E:[omNode-3|localhost:15131, omNode-1|localhost:15123, omNode-2|localhost:15127] with OzoneManagerStateMachine:uninitialized
2025-02-16 13:03:07,018 [main] INFO  om.OzoneManager (OzoneManager.java:initializeRatisServer(2194)) - OzoneManager Ratis server initialized at port 15123
2025-02-16 13:03:07,018 [omNode-1-groupManagement] INFO  server.RaftServerConfigKeys (ConfUtils.java:logGet(46)) - raft.server.rpc.timeout.min = 1s (custom)
2025-02-16 13:03:07,0182025-02-16 13:03:07,018 [main] INFO  om.OzoneManager ( [omNode-1-groupManagement] INFO  server.RaftServerConfigKeys (ConfUtils.java:logGet(46)) - raft.server.rpc.timeout.max = 1200ms (custom)
2025-02-16 13:03:07,018 [omNode-1-groupManagement] INFO  server.RaftServerConfigKeys (OzoneManager.java:getRpcServer(1251)) - Creating RPC Server
ConfUtils.java:logGet(46)) - raft.server.rpc.sleep.time = 25ms (default)
2025-02-16 13:03:07,019 [omNode-1-groupManagement] INFO  server.RaftServerConfigKeys (ConfUtils.java:logGet(46)) - raft.server.rpc.slowness.timeout = 2s (custom)
2025-02-16 13:03:07,019 [omNode-1-groupManagement] INFO  server.RaftServerConfigKeys (ConfUtils.java:logGet(46)) - raft.server.leaderelection.leader.step-down.wait-time = 10s (default)
2025-02-16 13:03:07,019 [omNode-1-groupManagement] INFO  server.RaftServerConfigKeys (ConfUtils.java:logGet(46)) - raft.server.leaderelection.member.majority-add = false (default)
2025-02-16 13:03:07,019 [omNode-1-groupManagement] INFO  server.RaftServerConfigKeys (ConfUtils.java:logGet(46)) - raft.server.sleep.deviation.threshold = 300ms (default)
2025-02-16 13:03:07,018 [main] INFO  om.OzoneManager (OzoneManager.java:getRpcServer(1251)) - Creating RPC Server
2025-02-16 13:03:07,019 [omNode-1-groupManagement] INFO  server.RaftServer$Division (ServerState.java:<init>(114)) - omNode-1@group-0AAC5367B30E: ConfigurationManager, init=conf: {index: -1, cur=peers:[omNode-3|localhost:15131, omNode-1|localhost:15123, omNode-2|localhost:15127]|listeners:[], old=null}, confs=<EMPTY_MAP>
2025-02-16 13:03:07,019 [omNode-1-groupManagement] INFO  server.RaftServerConfigKeys (ConfUtils.java:logGet(46)) - raft.server.notification.no-leader.timeout = 2s (custom)
2025-02-16 13:03:07,019 [omNode-1-groupManagement] INFO  server.RaftServerConfigKeys (ConfUtils.java:logGet(46)) - raft.server.read.timeout = 10s (default)
2025-02-16 13:03:07,019 [omNode-1-groupManagement] INFO  server.RaftServerConfigKeys (ConfUtils.java:logGet(46)) - raft.server.retrycache.expirytime = 300s (custom)
2025-02-16 13:03:07,019 [omNode-1-groupManagement] INFO  server.RaftServerConfigKeys (ConfUtils.java:logGet(46)) - raft.server.retrycache.statistics.expirytime = 100ms (default)
2025-02-16 13:03:07,019 [omNode-1-groupManagement] INFO  server.RaftServerConfigKeys (ConfUtils.java:logGet(46)) - raft.server.read.option = DEFAULT (default)
2025-02-16 13:03:07,019 [omNode-1-groupManagement] INFO  server.RaftServerConfigKeys (ConfUtils.java:logGet(46)) - raft.server.read.read-after-write-consistent.write-index-cache.expiry-time = 60s (default)
2025-02-16 13:03:07,020 [omNode-1-groupManagement] INFO  server.RaftServerConfigKeys (ConfUtils.java:logGet(46)) - raft.server.rpc.request.timeout = 3000ms (default)
2025-02-16 13:03:07,020 [omNode-1-groupManagement] INFO  server.RaftServerConfigKeys (ConfUtils.java:logGet(46)) - raft.server.log.appender.install.snapshot.enabled = false (custom)
2025-02-16 13:03:07,020 [omNode-1-groupManagement] INFO  server.RaftServerConfigKeys (ConfUtils.java:logGet(46)) - raft.server.threadpool.server.cached = true (default)
2025-02-16 13:03:07,020 [omNode-1-groupManagement] INFO  server.RaftServerConfigKeys (ConfUtils.java:logGet(46)) - raft.server.threadpool.server.size = 0 (default)
2025-02-16 13:03:07,020 [omNode-1-groupManagement] INFO  server.RaftServerConfigKeys (ConfUtils.java:logGet(46)) - raft.server.threadpool.client.cached = true (default)
2025-02-16 13:03:07,020 [omNode-1-groupManagement] INFO  server.RaftServerConfigKeys (ConfUtils.java:logGet(46)) - raft.server.threadpool.client.size = 0 (default)
2025-02-16 13:03:07,364 [main] INFO  reflections.Reflections (Reflections.java:scan(219)) - Reflections took 345 ms to scan 21 urls, producing 61 keys and 7316 values
2025-02-16 13:03:07,365 [main] INFO  ipc.CallQueueManager (CallQueueManager.java:<init>(93)) - Using callQueue: class java.util.concurrent.LinkedBlockingQueue, queueCapacity: 2000, scheduler: class org.apache.hadoop.ipc.DefaultRpcScheduler, ipcBackoff: false, ipcFailOver: false.
2025-02-16 13:03:07,366 [main] INFO  ipc.Server (Server.java:<init>(1438)) - Listener at 127.0.0.1:15120
2025-02-16 13:03:07,366 [Socket Reader #1 for port 15120] INFO  ipc.Server (Server.java:run(1474)) - Starting Socket Reader #1 for port 15120
2025-02-16 13:03:07,366 [Socket Reader #2 for port 15120] INFO  ipc.Server (Server.java:run(1474)) - Starting Socket Reader #2 for port 15120
2025-02-16 13:03:07,367 [Socket Reader #3 for port 15120] INFO  ipc.Server (Server.java:run(1474)) - Starting Socket Reader #3 for port 15120
2025-02-16 13:03:07,367 [Socket Reader #4 for port 15120] INFO  ipc.Server (Server.java:run(1474)) - Starting Socket Reader #4 for port 15120
2025-02-16 13:03:07,367 [Socket Reader #5 for port 15120] INFO  ipc.Server (Server.java:run(1474)) - Starting Socket Reader #5 for port 15120
2025-02-16 13:03:07,367 [Socket Reader #6 for port 15120] INFO  ipc.Server (Server.java:run(1474)) - Starting Socket Reader #6 for port 15120
2025-02-16 13:03:07,368 [Socket Reader #7 for port 15120] INFO  ipc.Server (Server.java:run(1474)) - Starting Socket Reader #7 for port 15120
2025-02-16 13:03:07,368 [Socket Reader #8 for port 15120] INFO  ipc.Server (Server.java:run(1474)) - Starting Socket Reader #8 for port 15120
2025-02-16 13:03:07,368 [Socket Reader #9 for port 15120] INFO  ipc.Server (Server.java:run(1474)) - Starting Socket Reader #9 for port 15120
2025-02-16 13:03:07,368 [Socket Reader #10 for port 15120] INFO  ipc.Server (Server.java:run(1474)) - Starting Socket Reader #10 for port 15120
2025-02-16 13:03:07,386 [main] INFO  impl.MetricsSystemImpl (MetricsSystemImpl.java:init(158)) - OzoneManager metrics system started (again)
2025-02-16 13:03:07,394 [main] INFO  om.OzoneManager (OzoneManager.java:start(1678)) - OzoneManager RPC server is listening at localhost/127.0.0.1:15120
2025-02-16 13:03:07,395 [main] INFO  ratis.OzoneManagerRatisServer (OzoneManagerRatisServer.java:start(634)) - Starting OzoneManagerRatisServer omNode-1 at port 15123
2025-02-16 13:03:07,395 [omNode-1-impl-thread1] INFO  server.RaftServerConfigKeys (ConfUtils.java:logGet(46)) - raft.server.storage.free-space.min = 0MB (=0) (default)
2025-02-16 13:03:07,395 [omNode-1-impl-thread1] INFO  server.RaftServerConfigKeys (ConfUtils.java:logGet(46)) - raft.server.log.corruption.policy = EXCEPTION (default)
2025-02-16 13:03:07,395 [omNode-1-impl-thread1] INFO  server.RaftServerConfigKeys (ConfUtils.java:logGet(46)) - raft.server.storage.dir = [/home/runner/work/ozone/ozone/hadoop-ozone/integration-test/target/test-dir/MiniOzoneClusterImpl-8cdb299b-b154-4fd3-af09-aa8d0bad65b8/omNode-1/ratis] (custom)
2025-02-16 13:03:07,396 [omNode-1-impl-thread1] INFO  storage.RaftStorageDirectory (RaftStorageDirectoryImpl.java:analyzeStorage(138)) - The storage directory /home/runner/work/ozone/ozone/hadoop-ozone/integration-test/target/test-dir/MiniOzoneClusterImpl-8cdb299b-b154-4fd3-af09-aa8d0bad65b8/omNode-1/ratis/0718e334-ffa1-36bc-8e9a-0aac5367b30e does not exist. Creating ...
2025-02-16 13:03:07,397 [omNode-1-impl-thread1] INFO  storage.RaftStorageDirectory (RaftStorageDirectoryImpl.java:tryLock(229)) - Lock on /home/runner/work/ozone/ozone/hadoop-ozone/integration-test/target/test-dir/MiniOzoneClusterImpl-8cdb299b-b154-4fd3-af09-aa8d0bad65b8/omNode-1/ratis/0718e334-ffa1-36bc-8e9a-0aac5367b30e/in_use.lock acquired by nodename 113671@fv-az1944-819
2025-02-16 13:03:07,398 [omNode-1-impl-thread1] INFO  storage.RaftStorage (RaftStorageImpl.java:format(98)) - Storage directory /home/runner/work/ozone/ozone/hadoop-ozone/integration-test/target/test-dir/MiniOzoneClusterImpl-8cdb299b-b154-4fd3-af09-aa8d0bad65b8/omNode-1/ratis/0718e334-ffa1-36bc-8e9a-0aac5367b30e has been successfully formatted.
2025-02-16 13:03:07,398 [omNode-1-impl-thread1] INFO  ratis.OzoneManagerStateMachine (OzoneManagerStateMachine.java:lambda$0(139)) - omNode-1: initialize group-0AAC5367B30E with (t:0, i:~)
2025-02-16 13:03:07,398 [omNode-1-impl-thread1] INFO  server.RaftServerConfigKeys (ConfUtils.java:logGet(46)) - raft.server.log.use.memory = false (default)
2025-02-16 13:03:07,399 [omNode-1-impl-thread1] INFO  server.RaftServerConfigKeys (ConfUtils.java:logGet(46)) - raft.server.log.purge.gap = 1000000 (custom)
2025-02-16 13:03:07,399 [omNode-1-impl-thread1] INFO  server.RaftServerConfigKeys (ConfUtils.java:logGet(46)) - raft.server.log.appender.buffer.byte-limit = 4194304 (custom)
2025-02-16 13:03:07,399 [omNode-1-impl-thread1] INFO  server.RaftServerConfigKeys (ConfUtils.java:logGet(46)) - raft.server.log.statemachine.data.read.timeout = 1000ms (default)
2025-02-16 13:03:07,399 [omNode-1-impl-thread1] INFO  server.RaftServerConfigKeys (ConfUtils.java:logGet(46)) - raft.server.log.purge.preservation.log.num = 0 (default)
2025-02-16 13:03:07,400 [omNode-1-impl-thread1] INFO  server.RaftServerConfigKeys (ConfUtils.java:logGet(46)) - raft.server.log.segment.size.max = 4194304 (custom)
2025-02-16 13:03:07,400 [omNode-1-impl-thread1] INFO  server.RaftServerConfigKeys (ConfUtils.java:logGet(46)) - raft.server.log.segment.cache.num.max = 2 (custom)
2025-02-16 13:03:07,400 [omNode-1-impl-thread1] INFO  server.RaftServerConfigKeys (ConfUtils.java:logGet(46)) - raft.server.log.segment.cache.size.max = 200MB (=209715200) (default)
2025-02-16 13:03:07,400 [omNode-1-impl-thread1] INFO  server.RaftServerConfigKeys (ConfUtils.java:logGet(46)) - raft.server.log.appender.buffer.byte-limit = 4194304 (custom)
2025-02-16 13:03:07,400 [omNode-1-impl-thread1] INFO  util.AwaitToRun (AwaitToRun.java:start(81)) - Thread[#3168,omNode-1@group-0AAC5367B30E-cacheEviction-AwaitToRun,5,main] started
2025-02-16 13:03:07,400 [omNode-1-impl-thread1] INFO  segmented.SegmentedRaftLogWorker (SegmentedRaftLogWorker.java:<init>(188)) - new omNode-1@group-0AAC5367B30E-SegmentedRaftLogWorker for RaftStorageImpl:Storage Directory /home/runner/work/ozone/ozone/hadoop-ozone/integration-test/target/test-dir/MiniOzoneClusterImpl-8cdb299b-b154-4fd3-af09-aa8d0bad65b8/omNode-1/ratis/0718e334-ffa1-36bc-8e9a-0aac5367b30e
2025-02-16 13:03:07,400 [omNode-1-impl-thread1] INFO  server.RaftServerConfigKeys (ConfUtils.java:logGet(46)) - raft.server.log.queue.byte-limit = 64MB (=67108864) (default)
2025-02-16 13:03:07,400 [omNode-1-impl-thread1] INFO  server.RaftServerConfigKeys (ConfUtils.java:logGet(46)) - raft.server.log.queue.element-limit = 4096 (default)
2025-02-16 13:03:07,400 [omNode-1-impl-thread1] INFO  server.RaftServerConfigKeys (ConfUtils.java:logGet(46)) - raft.server.log.segment.size.max = 4194304 (custom)
2025-02-16 13:03:07,400 [omNode-1-impl-thread1] INFO  server.RaftServerConfigKeys (ConfUtils.java:logGet(46)) - raft.server.log.preallocated.size = 4194304 (custom)
2025-02-16 13:03:07,400 [omNode-1-impl-thread1] INFO  server.RaftServerConfigKeys (ConfUtils.java:logGet(46)) - raft.server.log.force.sync.num = 128 (default)
2025-02-16 13:03:07,400 [omNode-1-impl-thread1] INFO  server.RaftServerConfigKeys (ConfUtils.java:logGet(46)) - raft.server.log.statemachine.data.sync = true (default)
2025-02-16 13:03:07,400 [omNode-1-impl-thread1] INFO  server.RaftServerConfigKeys (ConfUtils.java:logGet(46)) - raft.server.log.statemachine.data.sync.timeout = 10s (default)
2025-02-16 13:03:07,401 [omNode-1-impl-thread1] INFO  server.RaftServerConfigKeys (ConfUtils.java:logGet(46)) - raft.server.log.statemachine.data.sync.timeout.retry = -1 (default)
2025-02-16 13:03:07,401 [omNode-1-impl-thread1] INFO  server.RaftServerConfigKeys (ConfUtils.java:logGet(46)) - raft.server.log.write.buffer.size = 4194312 (custom)
2025-02-16 13:03:07,401 [omNode-1-impl-thread1] INFO  server.RaftServerConfigKeys (ConfUtils.java:logGet(46)) - raft.server.log.appender.buffer.byte-limit = 4194304 (custom)
2025-02-16 13:03:07,401 [omNode-1-impl-thread1] INFO  server.RaftServerConfigKeys (ConfUtils.java:logGet(46)) - raft.server.log.unsafe-flush.enabled = false (default)
2025-02-16 13:03:07,401 [omNode-1-impl-thread1] INFO  server.RaftServerConfigKeys (ConfUtils.java:logGet(46)) - raft.server.log.async-flush.enabled = false (default)
2025-02-16 13:03:07,401 [omNode-1-impl-thread1] INFO  server.RaftServerConfigKeys (ConfUtils.java:logGet(46)) - raft.server.log.statemachine.data.caching.enabled = false (default)
2025-02-16 13:03:07,401 [omNode-1-impl-thread1] INFO  segmented.SegmentedRaftLogWorker (SegmentedRaftLogWorker.java:lambda$new$0(139)) - omNode-1@group-0AAC5367B30E-SegmentedRaftLogWorker: flushIndex: setUnconditionally 0 -> -1
2025-02-16 13:03:07,401 [omNode-1-impl-thread1] INFO  segmented.SegmentedRaftLogWorker (SegmentedRaftLogWorker.java:lambda$new$0(139)) - omNode-1@group-0AAC5367B30E-SegmentedRaftLogWorker: safeCacheEvictIndex: setUnconditionally 0 -> -1
2025-02-16 13:03:07,402 [omNode-1-impl-thread1] INFO  server.RaftServer$Division (RaftServerImpl.java:start(391)) - omNode-1@group-0AAC5367B30E: start as a follower, conf=conf: {index: -1, cur=peers:[omNode-3|localhost:15131, omNode-1|localhost:15123, omNode-2|localhost:15127]|listeners:[], old=null}
2025-02-16 13:03:07,402 [omNode-1-impl-thread1] INFO  server.RaftServer$Division (RaftServerImpl.java:setRole(378)) - omNode-1@group-0AAC5367B30E: changes role from      null to FOLLOWER at term 0 for startAsFollower
2025-02-16 13:03:07,402 [omNode-1-impl-thread1] INFO  impl.RoleInfo (RoleInfo.java:updateAndGet(148)) - omNode-1: start omNode-1@group-0AAC5367B30E-FollowerState
2025-02-16 13:03:07,402 [omNode-1-impl-thread1] INFO  util.JmxRegister (JmxRegister.java:tryRegister(44)) - Successfully registered JMX Bean with object name Ratis:service=RaftServer,group=group-0AAC5367B30E,id=omNode-1
2025-02-16 13:03:07,402 [omNode-1-impl-thread1] INFO  util.JmxRegister (JmxRegister.java:register(58)) - register mxBean class org.apache.ratis.server.impl.RaftServerJmxAdapter as Ratis:service=RaftServer,group=group-0AAC5367B30E,id=omNode-1
2025-02-16 13:03:07,402 [omNode-1@group-0AAC5367B30E-FollowerState] INFO  server.RaftServerConfigKeys (ConfUtils.java:logFallback(53)) - raft.server.rpc.first-election.timeout.min = 1s (fallback to raft.server.rpc.timeout.min)
2025-02-16 13:03:07,403 [omNode-1@group-0AAC5367B30E-FollowerState] INFO  server.RaftServerConfigKeys (ConfUtils.java:logFallback(53)) - raft.server.rpc.first-election.timeout.max = 1200ms (fallback to raft.server.rpc.timeout.max)
2025-02-16 13:03:07,403 [omNode-1-impl-thread1] INFO  server.RaftServerConfigKeys (ConfUtils.java:logGet(46)) - raft.server.snapshot.trigger-when-stop.enabled = true (default)
2025-02-16 13:03:07,403 [omNode-1-impl-thread1] INFO  server.RaftServerConfigKeys (ConfUtils.java:logGet(46)) - raft.server.snapshot.trigger-when-remove.enabled = true (default)
2025-02-16 13:03:07,403 [omNode-1-impl-thread1] INFO  server.RaftServerConfigKeys (ConfUtils.java:logGet(46)) - raft.server.snapshot.auto.trigger.enabled = true (custom)
2025-02-16 13:03:07,403 [omNode-1-impl-thread1] INFO  server.RaftServerConfigKeys (ConfUtils.java:logGet(46)) - raft.server.snapshot.auto.trigger.threshold = 400000 (default)
2025-02-16 13:03:07,403 [omNode-1-impl-thread1] INFO  server.RaftServerConfigKeys (ConfUtils.java:logGet(46)) - raft.server.snapshot.retention.file.num = -1 (default)
2025-02-16 13:03:07,403 [omNode-1-impl-thread1] INFO  server.RaftServerConfigKeys (ConfUtils.java:logGet(46)) - raft.server.log.purge.upto.snapshot.index = true (custom)
2025-02-16 13:03:07,404 [omNode-1-impl-thread1] INFO  server.RaftServer$Division (RaftServerImpl.java:start(405)) - omNode-1@group-0AAC5367B30E: Successfully started.
2025-02-16 13:03:07,404 [main] INFO  server.RaftServer (RaftServerProxy.java:startImpl(407)) - omNode-1: start RPC server
2025-02-16 13:03:07,405 [main] INFO  server.GrpcService (GrpcService.java:startImpl(334)) - omNode-1: GrpcService started, listening on 15123
2025-02-16 13:03:07,405 [JvmPauseMonitor17] INFO  util.JvmPauseMonitor (JvmPauseMonitor.java:run(146)) - JvmPauseMonitor-omNode-1: Started
2025-02-16 13:03:07,405 [main] INFO  om.OzoneManager (OzoneManager.java:start(1693)) - Version File has different layout version (8) than OM DB (null). That is expected if this OM has never been finalized to a newer layout version.
2025-02-16 13:03:07,408 [main] INFO  client.ScmTopologyClient (ScmTopologyClient.java:start(70)) - Initial network topology fetched from SCM: /.
2025-02-16 13:03:07,409 [main] INFO  net.NodeSchemaLoader (NodeSchemaLoader.java:loadSchemaFromFile(127)) - Loading schema from [jar:file:/home/runner/work/ozone/ozone/hadoop-hdds/common/target/hdds-common-2.0.0-SNAPSHOT.jar!/network-topology-default.xml]
2025-02-16 13:03:07,409 [main] INFO  net.NodeSchemaLoader (NodeSchemaLoader.java:loadSchema(174)) - Loading network topology layer schema file
2025-02-16 13:03:07,414 [main] INFO  http.BaseHttpServer (BaseHttpServer.java:newHttpServer2BuilderForOzone(230)) - Starting Web-server for ozoneManager at: http://0.0.0.0:15121
2025-02-16 13:03:07,415 [main] INFO  http.BaseHttpServer (BaseHttpServer.java:<init>(108)) - Hadoop Security Enabled: false Ozone Security Enabled: false Ozone HTTP Security Enabled: false 
2025-02-16 13:03:07,416 [main] WARN  server.AuthenticationFilter (AuthenticationFilter.java:constructSecretProvider(240)) - Unable to initialize FileSignerSecretProvider, falling back to use random secrets. Reason: Could not read signature secret file: /home/runner/hadoop-http-auth-signature-secret
2025-02-16 13:03:07,416 [main] INFO  http.HttpRequestLog (HttpRequestLog.java:getRequestLog(85)) - Http request log for http.requests.ozoneManager is not defined
2025-02-16 13:03:07,418 [main] INFO  http.HttpServer2 (HttpServer2.java:addGlobalFilter(1038)) - Added global filter 'safety' (class=org.apache.hadoop.hdds.server.http.HttpServer2$QuotingInputFilter)
2025-02-16 13:03:07,418 [main] INFO  http.HttpServer2 (HttpServer2.java:addFilter(1014)) - Added filter static_user_filter (class=org.apache.hadoop.http.lib.StaticUserWebFilter$StaticUserFilter) to context ozoneManager
2025-02-16 13:03:07,418 [main] INFO  http.HttpServer2 (HttpServer2.java:addFilter(1022)) - Added filter static_user_filter (class=org.apache.hadoop.http.lib.StaticUserWebFilter$StaticUserFilter) to context logs
2025-02-16 13:03:07,418 [main] INFO  http.HttpServer2 (HttpServer2.java:addFilter(1022)) - Added filter static_user_filter (class=org.apache.hadoop.http.lib.StaticUserWebFilter$StaticUserFilter) to context static
2025-02-16 13:03:07,419 [main] INFO  http.BaseHttpServer (BaseHttpServer.java:<init>(196)) - HTTP server of ozoneManager uses base directory /home/runner/work/ozone/ozone/hadoop-ozone/integration-test/target/test-dir/MiniOzoneClusterImpl-8cdb299b-b154-4fd3-af09-aa8d0bad65b8/omNode-1/webserver
2025-02-16 13:03:07,419 [main] INFO  http.HttpServer2 (HttpServer2.java:bindListener(1238)) - Jetty bound to port 15121
2025-02-16 13:03:07,420 [main] INFO  server.Server (Server.java:doStart(375)) - jetty-9.4.57.v20241219; built: 2025-01-08T21:24:30.412Z; git: df524e6b29271c2e09ba9aea83c18dc9db464a31; jvm 21.0.6+7-LTS
2025-02-16 13:03:07,421 [main] INFO  server.session (DefaultSessionIdManager.java:doStart(334)) - DefaultSessionIdManager workerName=node0
2025-02-16 13:03:07,421 [main] INFO  server.session (DefaultSessionIdManager.java:doStart(339)) - No SessionScavenger set, using defaults
2025-02-16 13:03:07,421 [main] INFO  server.session (HouseKeeper.java:startScavenging(132)) - node0 Scavenging every 600000ms
2025-02-16 13:03:07,422 [main] INFO  handler.ContextHandler (ContextHandler.java:doStart(921)) - Started o.e.j.s.ServletContextHandler@487f4508{logs,/logs,file:///home/runner/work/ozone/ozone/hadoop-ozone/integration-test/target/log,AVAILABLE}
2025-02-16 13:03:07,422 [main] INFO  handler.ContextHandler (ContextHandler.java:doStart(921)) - Started o.e.j.s.ServletContextHandler@1ec664bc{static,/static,file:///home/runner/work/ozone/ozone/hadoop-ozone/integration-test/target/test-classes/webapps/static,AVAILABLE}
2025-02-16 13:03:07,426 [main] INFO  handler.ContextHandler (ContextHandler.java:doStart(921)) - Started o.e.j.w.WebAppContext@903c506{ozoneManager,/,file:///home/runner/work/ozone/ozone/hadoop-ozone/integration-test/target/test-classes/webapps/ozoneManager/,AVAILABLE}{file:/home/runner/work/ozone/ozone/hadoop-ozone/integration-test/target/test-classes/webapps/ozoneManager}
2025-02-16 13:03:07,427 [main] INFO  server.AbstractConnector (AbstractConnector.java:doStart(333)) - Started ServerConnector@69ecac91{HTTP/1.1, (http/1.1)}{0.0.0.0:15121}
2025-02-16 13:03:07,427 [main] INFO  server.Server (Server.java:doStart(415)) - Started @111799ms
2025-02-16 13:03:07,427 [main] WARN  impl.MetricsSystemImpl (MetricsSystemImpl.java:register(279)) - Sink prometheus already exists!
2025-02-16 13:03:07,427 [main] INFO  http.BaseHttpServer (BaseHttpServer.java:updateConnectorAddress(361)) - HTTP server of ozoneManager listening at http://0.0.0.0:15121
2025-02-16 13:03:07,427 [IPC Server Responder] INFO  ipc.Server (Server.java:run(1713)) - IPC Server Responder: starting
2025-02-16 13:03:07,428 [IPC Server listener on 15120] INFO  ipc.Server (Server.java:run(1553)) - IPC Server listener on 15120: starting
2025-02-16 13:03:07,430 [main] INFO  om.OzoneManager (OzoneManager.java:startTrashEmptier(2148)) - Trash Interval set to 0. Files deleted won't move to trash
2025-02-16 13:03:07,431 [main] INFO  ozone.MiniOzoneHAClusterImpl (MiniOzoneHAClusterImpl.java:createOMService(515)) - Started OzoneManager omNode-1 RPC server at localhost/127.0.0.1:15120
2025-02-16 13:03:07,431 [main] INFO  ha.OMHANodeDetails (OMHANodeDetails.java:loadOMHAConfig(121)) - ServiceID for OzoneManager is om-add-remove
2025-02-16 13:03:07,432 [main] INFO  ha.OMHANodeDetails (OMHANodeDetails.java:loadOMHAConfig(201)) - Found matching OM address with OMServiceId: om-add-remove, OMNodeId: omNode-2, RPC Address: localhost:15124 and Ratis port: 15127
2025-02-16 13:03:07,432 [main] INFO  ha.OMHANodeDetails (ConfUtils.java:setNodeSpecificConfigs(98)) - Setting configuration key ozone.om.http-address with value of key ozone.om.http-address.om-add-remove.omNode-2: 127.0.0.1:15125
2025-02-16 13:03:07,432 [main] INFO  ha.OMHANodeDetails (ConfUtils.java:setNodeSpecificConfigs(98)) - Setting configuration key ozone.om.https-address with value of key ozone.om.https-address.om-add-remove.omNode-2: 127.0.0.1:15126
2025-02-16 13:03:07,432 [main] INFO  ha.OMHANodeDetails (ConfUtils.java:setNodeSpecificConfigs(98)) - Setting configuration key ozone.om.address with value of key ozone.om.address.om-add-remove.omNode-2: 127.0.0.1:15124
2025-02-16 13:03:07,432 [main] WARN  server.ServerUtils (ServerUtils.java:getDBPath(297)) - ozone.om.db.dirs is not configured. We recommend adding this setting. Falling back to ozone.metadata.dirs instead.
2025-02-16 13:03:07,433 [main] INFO  ha.SCMNodeInfo (SCMNodeInfo.java:getPort(194)) - ConfigKey ozone.scm.client.address is deprecated, For configuring different ports for each SCM use PortConfigKey ozone.scm.client.port appended with serviceId and nodeId
2025-02-16 13:03:07,433 [main] INFO  ha.SCMNodeInfo (SCMNodeInfo.java:getPort(194)) - ConfigKey ozone.scm.block.client.address is deprecated, For configuring different ports for each SCM use PortConfigKey ozone.scm.block.client.port appended with serviceId and nodeId
2025-02-16 13:03:07,434 [main] INFO  ha.SCMNodeInfo (SCMNodeInfo.java:getPort(194)) - ConfigKey ozone.scm.security.service.address is deprecated, For configuring different ports for each SCM use PortConfigKey ozone.scm.security.service.port appended with serviceId and nodeId
2025-02-16 13:03:07,434 [main] INFO  ha.SCMNodeInfo (SCMNodeInfo.java:getPort(194)) - ConfigKey ozone.scm.datanode.address is deprecated, For configuring different ports for each SCM use PortConfigKey ozone.scm.datanode.port appended with serviceId and nodeId
2025-02-16 13:03:07,434 [main] INFO  proxy.SCMBlockLocationFailoverProxyProvider (SCMBlockLocationFailoverProxyProvider.java:<init>(113)) - Created block location fail-over proxy with 1 nodes: [nodeId=scmNode-1,nodeAddress=/127.0.0.1:15113]
OM initialization succeeded.Current cluster id for sd=/home/runner/work/ozone/ozone/hadoop-ozone/integration-test/target/test-dir/MiniOzoneClusterImpl-8cdb299b-b154-4fd3-af09-aa8d0bad65b8/omNode-2/om;cid=8cdb299b-b154-4fd3-af09-aa8d0bad65b8;layoutVersion=8
2025-02-16 13:03:07,437 [main] INFO  ha.OMHANodeDetails (OMHANodeDetails.java:loadOMHAConfig(121)) - ServiceID for OzoneManager is om-add-remove
2025-02-16 13:03:07,437 [main] INFO  ha.OMHANodeDetails (OMHANodeDetails.java:loadOMHAConfig(201)) - Found matching OM address with OMServiceId: om-add-remove, OMNodeId: omNode-2, RPC Address: localhost:15124 and Ratis port: 15127
2025-02-16 13:03:07,437 [main] INFO  ha.OMHANodeDetails (ConfUtils.java:setNodeSpecificConfigs(98)) - Setting configuration key ozone.om.http-address with value of key ozone.om.http-address.om-add-remove.omNode-2: 127.0.0.1:15125
2025-02-16 13:03:07,438 [main] INFO  ha.OMHANodeDetails (ConfUtils.java:setNodeSpecificConfigs(98)) - Setting configuration key ozone.om.https-address with value of key ozone.om.https-address.om-add-remove.omNode-2: 127.0.0.1:15126
2025-02-16 13:03:07,438 [main] INFO  ha.OMHANodeDetails (ConfUtils.java:setNodeSpecificConfigs(98)) - Setting configuration key ozone.om.address with value of key ozone.om.address.om-add-remove.omNode-2: 127.0.0.1:15124
2025-02-16 13:03:07,438 [main] WARN  server.ServerUtils (ServerUtils.java:getDBPath(297)) - ozone.om.db.dirs is not configured. We recommend adding this setting. Falling back to ozone.metadata.dirs instead.
2025-02-16 13:03:07,438 [main] INFO  upgrade.AbstractLayoutVersionManager (AbstractLayoutVersionManager.java:init(80)) - Initializing Layout version manager with metadata layout = DELEGATION_TOKEN_SYMMETRIC_SIGN (version = 8), software layout = DELEGATION_TOKEN_SYMMETRIC_SIGN (version = 8)
2025-02-16 13:03:07,480 [main] INFO  reflections.Reflections (Reflections.java:scan(219)) - Reflections took 41 ms to scan 2 urls, producing 201 keys and 594 values
2025-02-16 13:03:07,480 [main] INFO  upgrade.OMLayoutVersionManager (OMLayoutVersionManager.java:lambda$0(113)) - Skipping Upgrade Action QuotaRepairUpgradeAction since it has been finalized.
2025-02-16 13:03:07,480 [main] INFO  upgrade.OMLayoutVersionManager (OMLayoutVersionManager.java:lambda$0(113)) - Skipping Upgrade Action MockOmUpgradeAction since it has been finalized.
2025-02-16 13:03:07,481 [main] WARN  server.ServerUtils (ServerUtils.java:getDBPath(297)) - ozone.om.db.dirs is not configured. We recommend adding this setting. Falling back to ozone.metadata.dirs instead.
2025-02-16 13:03:07,481 [main] INFO  ha.SCMNodeInfo (SCMNodeInfo.java:getPort(194)) - ConfigKey ozone.scm.client.address is deprecated, For configuring different ports for each SCM use PortConfigKey ozone.scm.client.port appended with serviceId and nodeId
2025-02-16 13:03:07,481 [main] INFO  ha.SCMNodeInfo (SCMNodeInfo.java:getPort(194)) - ConfigKey ozone.scm.block.client.address is deprecated, For configuring different ports for each SCM use PortConfigKey ozone.scm.block.client.port appended with serviceId and nodeId
2025-02-16 13:03:07,481 [main] INFO  ha.SCMNodeInfo (SCMNodeInfo.java:getPort(194)) - ConfigKey ozone.scm.security.service.address is deprecated, For configuring different ports for each SCM use PortConfigKey ozone.scm.security.service.port appended with serviceId and nodeId
2025-02-16 13:03:07,481 [main] INFO  ha.SCMNodeInfo (SCMNodeInfo.java:getPort(194)) - ConfigKey ozone.scm.datanode.address is deprecated, For configuring different ports for each SCM use PortConfigKey ozone.scm.datanode.port appended with serviceId and nodeId
2025-02-16 13:03:07,482 [main] INFO  ha.SCMNodeInfo (SCMNodeInfo.java:getPort(194)) - ConfigKey ozone.scm.client.address is deprecated, For configuring different ports for each SCM use PortConfigKey ozone.scm.client.port appended with serviceId and nodeId
2025-02-16 13:03:07,482 [main] INFO  ha.SCMNodeInfo (SCMNodeInfo.java:getPort(194)) - ConfigKey ozone.scm.block.client.address is deprecated, For configuring different ports for each SCM use PortConfigKey ozone.scm.block.client.port appended with serviceId and nodeId
2025-02-16 13:03:07,482 [main] INFO  ha.SCMNodeInfo (SCMNodeInfo.java:getPort(194)) - ConfigKey ozone.scm.security.service.address is deprecated, For configuring different ports for each SCM use PortConfigKey ozone.scm.security.service.port appended with serviceId and nodeId
2025-02-16 13:03:07,482 [main] INFO  ha.SCMNodeInfo (SCMNodeInfo.java:getPort(194)) - ConfigKey ozone.scm.datanode.address is deprecated, For configuring different ports for each SCM use PortConfigKey ozone.scm.datanode.port appended with serviceId and nodeId
2025-02-16 13:03:07,482 [main] INFO  proxy.SCMBlockLocationFailoverProxyProvider (SCMBlockLocationFailoverProxyProvider.java:<init>(113)) - Created block location fail-over proxy with 1 nodes: [nodeId=scmNode-1,nodeAddress=/127.0.0.1:15113]
2025-02-16 13:03:07,483 [main] INFO  ha.SCMNodeInfo (SCMNodeInfo.java:getPort(194)) - ConfigKey ozone.scm.client.address is deprecated, For configuring different ports for each SCM use PortConfigKey ozone.scm.client.port appended with serviceId and nodeId
2025-02-16 13:03:07,483 [main] INFO  ha.SCMNodeInfo (SCMNodeInfo.java:getPort(194)) - ConfigKey ozone.scm.block.client.address is deprecated, For configuring different ports for each SCM use PortConfigKey ozone.scm.block.client.port appended with serviceId and nodeId
2025-02-16 13:03:07,483 [main] INFO  ha.SCMNodeInfo (SCMNodeInfo.java:getPort(194)) - ConfigKey ozone.scm.security.service.address is deprecated, For configuring different ports for each SCM use PortConfigKey ozone.scm.security.service.port appended with serviceId and nodeId
2025-02-16 13:03:07,483 [main] INFO  ha.SCMNodeInfo (SCMNodeInfo.java:getPort(194)) - ConfigKey ozone.scm.datanode.address is deprecated, For configuring different ports for each SCM use PortConfigKey ozone.scm.datanode.port appended with serviceId and nodeId
2025-02-16 13:03:07,484 [main] INFO  proxy.SCMBlockLocationFailoverProxyProvider (SCMBlockLocationFailoverProxyProvider.java:<init>(113)) - Created block location fail-over proxy with 1 nodes: [nodeId=scmNode-1,nodeAddress=/127.0.0.1:15113]
2025-02-16 13:03:07,487 [main] INFO  om.OzoneManager (OzoneManager.java:<init>(688)) - OM start with adminUsers: [runner]
2025-02-16 13:03:07,487 [main] WARN  server.ServerUtils (ServerUtils.java:getDBPath(297)) - ozone.om.db.dirs is not configured. We recommend adding this setting. Falling back to ozone.metadata.dirs instead.
2025-02-16 13:03:07,488 [main] INFO  helpers.OmKeyInfo (OmKeyInfo.java:getCodec(73)) - OmKeyInfo.getCodec ignorePipeline = true
2025-02-16 13:03:07,649 [main] INFO  om.OzoneManager (OzoneManager.java:instantiateServices(824)) - S3 Multi-Tenancy is disabled
2025-02-16 13:03:07,650 [main] INFO  om.OmSnapshotManager (OmSnapshotManager.java:<init>(183)) - Ozone filesystem snapshot feature is enabled.
2025-02-16 13:03:07,650 [main] WARN  server.ServerUtils (ServerUtils.java:getDBPath(297)) - ozone.om.snapshot.diff.db.dir is not configured. We recommend adding this setting. Falling back to ozone.metadata.dirs instead.
2025-02-16 13:03:07,666 [main] INFO  utils.NativeLibraryLoader (NativeLibraryLoader.java:loadLibrary(120)) - Loading Library: ozone_rocksdb_tools
2025-02-16 13:03:07,667 [main] WARN  snapshot.SnapshotDiffManager (SnapshotDiffManager.java:initNativeLibraryForEfficientDiff(287)) - Native Library for raw sst file reading loading failed. Fallback to performing a full diff instead. Unable to load library ozone_rocksdb_tools from both java.library.path & resource file libozone_rocksdb_tools.so from jar.
2025-02-16 13:03:07,669 [main] INFO  om.OzoneManager (OzoneManager.java:addS3GVolumeToDB(4550)) - Created Volume s3v With Owner runner required for S3Gateway operations.
2025-02-16 13:03:07,669 [main] WARN  server.ServerUtils (ServerUtils.java:getDefaultRatisDirectory(309)) - Storage directory for Ratis is not configured. It is a good idea to map this to an SSD disk. Falling back to ozone.metadata.dirs
2025-02-16 13:03:07,669 [main] WARN  utils.OzoneManagerRatisUtils (OzoneManagerRatisUtils.java:getOMRatisSnapshotDirectory(493)) - ozone.om.ratis.snapshot.dir is not configured. Falling back to ozone.metadata.dirs config
2025-02-16 13:03:07,669 [main] INFO  utils.RDBSnapshotProvider (RDBSnapshotProvider.java:init(85)) - Cleaning up the candidate dir: /home/runner/work/ozone/ozone/hadoop-ozone/integration-test/target/test-dir/MiniOzoneClusterImpl-8cdb299b-b154-4fd3-af09-aa8d0bad65b8/omNode-2/snapshot/om.db.candidate
2025-02-16 13:03:07,670 [main] INFO  ratis_snapshot.OmRatisSnapshotProvider (OmRatisSnapshotProvider.java:<init>(99)) - Initializing OM Snapshot Provider
2025-02-16 13:03:07,670 [main] WARN  dropwizard3.Dm3MetricRegistriesImpl (Dm3MetricRegistriesImpl.java:addReporterRegistration(114)) - New reporters are added after registries were created. Some metrics will be missing from the reporter. Please add reporter before adding any new registry.
2025-02-16 13:03:07,671 [main] WARN  dropwizard3.Dm3MetricRegistriesImpl (Dm3MetricRegistriesImpl.java:addReporterRegistration(114)) - New reporters are added after registries were created. Some metrics will be missing from the reporter. Please add reporter before adding any new registry.
2025-02-16 13:03:07,671 [main] WARN  server.ServerUtils (ServerUtils.java:getDefaultRatisDirectory(309)) - Storage directory for Ratis is not configured. It is a good idea to map this to an SSD disk. Falling back to ozone.metadata.dirs
2025-02-16 13:03:07,671 [main] INFO  server.RaftServerConfigKeys (ConfUtils.java:logGet(46)) - raft.server.log.appender.buffer.byte-limit = 4194304 (custom)
2025-02-16 13:03:07,672 [main] INFO  ratis.OzoneManagerRatisServer (OzoneManagerRatisServer.java:<init>(171)) - Instantiating OM Ratis server with groupID: om-add-remove and peers: localhost:15127, localhost:15131, localhost:15123
2025-02-16 13:03:07,672 [main] INFO  ratis.OzoneManagerStateMachine (OzoneManagerStateMachine.java:loadSnapshotInfoFromDB(609)) - TransactionInfo not found in OM DB.
2025-02-16 13:03:07,673 [main] INFO  server.RaftServer (ConfUtils.java:logGet(46)) - raft.rpc.type = GRPC (default)
2025-02-16 13:03:07,673 [main] INFO  grpc.GrpcConfigKeys (ConfUtils.java:logFallback(53)) - raft.grpc.admin.host = null (fallback to raft.grpc.server.host)
2025-02-16 13:03:07,673 [main] INFO  grpc.GrpcConfigKeys (ConfUtils.java:logFallback(53)) - raft.grpc.admin.port = 15127 (fallback to raft.grpc.server.port)
2025-02-16 13:03:07,673 [main] INFO  grpc.GrpcConfigKeys (ConfUtils.java:logFallback(53)) - raft.grpc.client.host = null (fallback to raft.grpc.server.host)
2025-02-16 13:03:07,673 [main] INFO  grpc.GrpcConfigKeys (ConfUtils.java:logFallback(53)) - raft.grpc.client.port = 15127 (fallback to raft.grpc.server.port)
2025-02-16 13:03:07,673 [main] INFO  grpc.GrpcConfigKeys (ConfUtils.java:logGet(46)) - raft.grpc.server.host = null (default)
2025-02-16 13:03:07,673 [main] INFO  grpc.GrpcConfigKeys (ConfUtils.java:logGet(46)) - raft.grpc.server.port = 15127 (custom)
2025-02-16 13:03:07,673 [main] INFO  server.GrpcService (ConfUtils.java:logGet(46)) - raft.grpc.message.size.max = 5242880 (custom)
2025-02-16 13:03:07,673 [main] INFO  server.GrpcService (ConfUtils.java:logGet(46)) - raft.grpc.flow.control.window = 1MB (=1048576) (default)
2025-02-16 13:03:07,673 [main] INFO  server.RaftServerConfigKeys (ConfUtils.java:logGet(46)) - raft.server.rpc.request.timeout = 3000ms (default)
2025-02-16 13:03:07,674 [main] INFO  grpc.GrpcConfigKeys (ConfUtils.java:logGet(46)) - raft.grpc.server.heartbeat.channel = true (default)
2025-02-16 13:03:07,674 [main] INFO  server.RaftServerConfigKeys (ConfUtils.java:logGet(46)) - raft.server.log.appender.buffer.byte-limit = 4194304 (custom)
2025-02-16 13:03:07,674 [main] INFO  grpc.GrpcConfigKeys (ConfUtils.java:logGet(46)) - raft.grpc.server.async.request.thread.pool.cached = true (default)
2025-02-16 13:03:07,674 [main] INFO  grpc.GrpcConfigKeys (ConfUtils.java:logGet(46)) - raft.grpc.server.async.request.thread.pool.size = 32 (default)
2025-02-16 13:03:07,675 [main] INFO  impl.DataStreamServerImpl (ConfUtils.java:logGet(46)) - raft.datastream.type = DISABLED (default)
2025-02-16 13:03:07,675 [main] INFO  server.RaftServerConfigKeys (ConfUtils.java:logGet(46)) - raft.server.sleep.deviation.threshold = 300ms (default)
2025-02-16 13:03:07,675 [main] INFO  server.RaftServerConfigKeys (ConfUtils.java:logGet(46)) - raft.server.close.threshold = 60s (default)
2025-02-16 13:03:07,675 [main] INFO  server.RaftServerConfigKeys (ConfUtils.java:logGet(46)) - raft.server.leaderelection.leader.step-down.wait-time = 10s (default)
2025-02-16 13:03:07,675 [main] INFO  server.RaftServerConfigKeys (ConfUtils.java:logGet(46)) - raft.server.storage.dir = [/home/runner/work/ozone/ozone/hadoop-ozone/integration-test/target/test-dir/MiniOzoneClusterImpl-8cdb299b-b154-4fd3-af09-aa8d0bad65b8/omNode-2/ratis] (custom)
2025-02-16 13:03:07,675 [main] INFO  server.RaftServerConfigKeys (ConfUtils.java:logGet(46)) - raft.server.threadpool.proxy.cached = true (default)
2025-02-16 13:03:07,675 [main] INFO  server.RaftServerConfigKeys (ConfUtils.java:logGet(46)) - raft.server.threadpool.proxy.size = 0 (default)
2025-02-16 13:03:07,676 [main] INFO  server.RaftServer (RaftServerProxy.java:addNew(100)) - omNode-2: addNew group-0AAC5367B30E:[omNode-3|localhost:15131, omNode-1|localhost:15123, omNode-2|localhost:15127] returns group-0AAC5367B30E:java.util.concurrent.CompletableFuture@55dfcfc2[Not completed]
2025-02-16 13:03:07,676 [main] INFO  om.OzoneManager (OzoneManager.java:initializeRatisServer(2194)) - OzoneManager Ratis server initialized at port 15127
2025-02-16 13:03:07,676 [main] INFO  om.OzoneManager (RaftServerImpl.java:<init>(255)) - omNode-2: new RaftServerImpl for group-0AAC5367B30E:[omNode-3|localhost:15131, omNode-1|localhost:15123, omNode-2|localhost:15127] with OzoneManagerStateMachine:uninitialized
2025-02-16 13:03:07,676 [main] INFO  om.OzoneManager (OzoneManager.java:getRpcServer(1251)) - Creating RPC Server
2025-02-16 13:03:07,676 [omNode-2-groupManagement] INFO  server.RaftServerConfigKeys (ConfUtils.java:logGet(46)) - raft.server.rpc.timeout.min = 1s (custom)
2025-02-16 13:03:07,676 [omNode-2-groupManagement] INFO  server.RaftServerConfigKeys (ConfUtils.java:logGet(46)) - raft.server.rpc.timeout.max = 1200ms (custom)
2025-02-16 13:03:07,676 [omNode-2-groupManagement] INFO  server.RaftServerConfigKeys (ConfUtils.java:logGet(46)) - raft.server.rpc.sleep.time = 25ms (default)
2025-02-16 13:03:07,676 [omNode-2-groupManagement] INFO  server.RaftServerConfigKeys (ConfUtils.java:logGet(46)) - raft.server.rpc.slowness.timeout = 2s (custom)
2025-02-16 13:03:07,676 [omNode-2-groupManagement] INFO  server.RaftServerConfigKeys (ConfUtils.java:logGet(46)) - raft.server.leaderelection.leader.step-down.wait-time = 10s (default)
2025-02-16 13:03:07,676 [omNode-2-groupManagement] INFO  server.RaftServerConfigKeys (ConfUtils.java:logGet(46)) - raft.server.leaderelection.member.majority-add = false (default)
2025-02-16 13:03:07,676 [omNode-2-groupManagement] INFO  server.RaftServerConfigKeys (ConfUtils.java:logGet(46)) - raft.server.sleep.deviation.threshold = 300ms (default)
2025-02-16 13:03:07,677 [omNode-2-groupManagement] INFO  server.RaftServer$Division (ServerState.java:<init>(114)) - omNode-2@group-0AAC5367B30E: ConfigurationManager, init=conf: {index: -1, cur=peers:[omNode-3|localhost:15131, omNode-1|localhost:15123, omNode-2|localhost:15127]|listeners:[], old=null}, confs=<EMPTY_MAP>
2025-02-16 13:03:07,677 [omNode-2-groupManagement] INFO  server.RaftServerConfigKeys (ConfUtils.java:logGet(46)) - raft.server.notification.no-leader.timeout = 2s (custom)
2025-02-16 13:03:07,677 [omNode-2-groupManagement] INFO  server.RaftServerConfigKeys (ConfUtils.java:logGet(46)) - raft.server.read.timeout = 10s (default)
2025-02-16 13:03:07,677 [omNode-2-groupManagement] INFO  server.RaftServerConfigKeys (ConfUtils.java:logGet(46)) - raft.server.retrycache.expirytime = 300s (custom)
2025-02-16 13:03:07,677 [omNode-2-groupManagement] INFO  server.RaftServerConfigKeys (ConfUtils.java:logGet(46)) - raft.server.retrycache.statistics.expirytime = 100ms (default)
2025-02-16 13:03:07,677 [omNode-2-groupManagement] INFO  server.RaftServerConfigKeys (ConfUtils.java:logGet(46)) - raft.server.read.option = DEFAULT (default)
2025-02-16 13:03:07,677 [omNode-2-groupManagement] INFO  server.RaftServerConfigKeys (ConfUtils.java:logGet(46)) - raft.server.read.read-after-write-consistent.write-index-cache.expiry-time = 60s (default)
2025-02-16 13:03:07,679 [omNode-2-groupManagement] INFO  server.RaftServerConfigKeys (ConfUtils.java:logGet(46)) - raft.server.rpc.request.timeout = 3000ms (default)
2025-02-16 13:03:07,679 [omNode-2-groupManagement] INFO  server.RaftServerConfigKeys (ConfUtils.java:logGet(46)) - raft.server.log.appender.install.snapshot.enabled = false (custom)
2025-02-16 13:03:07,679 [omNode-2-groupManagement] INFO  server.RaftServerConfigKeys (ConfUtils.java:logGet(46)) - raft.server.threadpool.server.cached = true (default)
2025-02-16 13:03:07,679 [omNode-2-groupManagement] INFO  server.RaftServerConfigKeys (ConfUtils.java:logGet(46)) - raft.server.threadpool.server.size = 0 (default)
2025-02-16 13:03:07,680 [omNode-2-groupManagement] INFO  server.RaftServerConfigKeys (ConfUtils.java:logGet(46)) - raft.server.threadpool.client.cached = true (default)
2025-02-16 13:03:07,680 [omNode-2-groupManagement] INFO  server.RaftServerConfigKeys (ConfUtils.java:logGet(46)) - raft.server.threadpool.client.size = 0 (default)
2025-02-16 13:03:08,016 [main] INFO  reflections.Reflections (Reflections.java:scan(219)) - Reflections took 339 ms to scan 21 urls, producing 61 keys and 7316 values
2025-02-16 13:03:08,018 [main] INFO  ipc.CallQueueManager (CallQueueManager.java:<init>(93)) - Using callQueue: class java.util.concurrent.LinkedBlockingQueue, queueCapacity: 2000, scheduler: class org.apache.hadoop.ipc.DefaultRpcScheduler, ipcBackoff: false, ipcFailOver: false.
2025-02-16 13:03:08,018 [main] INFO  ipc.Server (Server.java:<init>(1438)) - Listener at 127.0.0.1:15124
2025-02-16 13:03:08,019 [Socket Reader #1 for port 15124] INFO  ipc.Server (Server.java:run(1474)) - Starting Socket Reader #1 for port 15124
2025-02-16 13:03:08,019 [Socket Reader #2 for port 15124] INFO  ipc.Server (Server.java:run(1474)) - Starting Socket Reader #2 for port 15124
2025-02-16 13:03:08,019 [Socket Reader #3 for port 15124] INFO  ipc.Server (Server.java:run(1474)) - Starting Socket Reader #3 for port 15124
2025-02-16 13:03:08,019 [Socket Reader #4 for port 15124] INFO  ipc.Server (Server.java:run(1474)) - Starting Socket Reader #4 for port 15124
2025-02-16 13:03:08,020 [Socket Reader #5 for port 15124] INFO  ipc.Server (Server.java:run(1474)) - Starting Socket Reader #5 for port 15124
2025-02-16 13:03:08,020 [Socket Reader #6 for port 15124] INFO  ipc.Server (Server.java:run(1474)) - Starting Socket Reader #6 for port 15124
2025-02-16 13:03:08,021 [Socket Reader #8 for port 15124] INFO  ipc.Server (Server.java:run(1474)) - Starting Socket Reader #8 for port 15124
2025-02-16 13:03:08,021 [Socket Reader #9 for port 15124] INFO  ipc.Server (Server.java:run(1474)) - Starting Socket Reader #9 for port 15124
2025-02-16 13:03:08,021 [Socket Reader #10 for port 15124] INFO  ipc.Server (Server.java:run(1474)) - Starting Socket Reader #10 for port 15124
2025-02-16 13:03:08,022 [Socket Reader #7 for port 15124] INFO  ipc.Server (Server.java:run(1474)) - Starting Socket Reader #7 for port 15124
2025-02-16 13:03:08,058 [main] INFO  impl.MetricsSystemImpl (MetricsSystemImpl.java:init(158)) - OzoneManager metrics system started (again)
2025-02-16 13:03:08,072 [main] INFO  om.OzoneManager (OzoneManager.java:start(1678)) - OzoneManager RPC server is listening at localhost/127.0.0.1:15124
2025-02-16 13:03:08,072 [main] INFO  ratis.OzoneManagerRatisServer (OzoneManagerRatisServer.java:start(634)) - Starting OzoneManagerRatisServer omNode-2 at port 15127
2025-02-16 13:03:08,072 [omNode-2-impl-thread1] INFO  server.RaftServerConfigKeys (ConfUtils.java:logGet(46)) - raft.server.storage.free-space.min = 0MB (=0) (default)
2025-02-16 13:03:08,073 [omNode-2-impl-thread1] INFO  server.RaftServerConfigKeys (ConfUtils.java:logGet(46)) - raft.server.log.corruption.policy = EXCEPTION (default)
2025-02-16 13:03:08,073 [omNode-2-impl-thread1] INFO  server.RaftServerConfigKeys (ConfUtils.java:logGet(46)) - raft.server.storage.dir = [/home/runner/work/ozone/ozone/hadoop-ozone/integration-test/target/test-dir/MiniOzoneClusterImpl-8cdb299b-b154-4fd3-af09-aa8d0bad65b8/omNode-2/ratis] (custom)
2025-02-16 13:03:08,073 [omNode-2-impl-thread1] INFO  storage.RaftStorageDirectory (RaftStorageDirectoryImpl.java:analyzeStorage(138)) - The storage directory /home/runner/work/ozone/ozone/hadoop-ozone/integration-test/target/test-dir/MiniOzoneClusterImpl-8cdb299b-b154-4fd3-af09-aa8d0bad65b8/omNode-2/ratis/0718e334-ffa1-36bc-8e9a-0aac5367b30e does not exist. Creating ...
2025-02-16 13:03:08,074 [omNode-2-impl-thread1] INFO  storage.RaftStorageDirectory (RaftStorageDirectoryImpl.java:tryLock(229)) - Lock on /home/runner/work/ozone/ozone/hadoop-ozone/integration-test/target/test-dir/MiniOzoneClusterImpl-8cdb299b-b154-4fd3-af09-aa8d0bad65b8/omNode-2/ratis/0718e334-ffa1-36bc-8e9a-0aac5367b30e/in_use.lock acquired by nodename 113671@fv-az1944-819
2025-02-16 13:03:08,076 [omNode-2-impl-thread1] INFO  storage.RaftStorage (RaftStorageImpl.java:format(98)) - Storage directory /home/runner/work/ozone/ozone/hadoop-ozone/integration-test/target/test-dir/MiniOzoneClusterImpl-8cdb299b-b154-4fd3-af09-aa8d0bad65b8/omNode-2/ratis/0718e334-ffa1-36bc-8e9a-0aac5367b30e has been successfully formatted.
2025-02-16 13:03:08,076 [omNode-2-impl-thread1] INFO  ratis.OzoneManagerStateMachine (OzoneManagerStateMachine.java:lambda$0(139)) - omNode-2: initialize group-0AAC5367B30E with (t:0, i:~)
2025-02-16 13:03:08,076 [omNode-2-impl-thread1] INFO  server.RaftServerConfigKeys (ConfUtils.java:logGet(46)) - raft.server.log.use.memory = false (default)
2025-02-16 13:03:08,077 [omNode-2-impl-thread1] INFO  server.RaftServerConfigKeys (ConfUtils.java:logGet(46)) - raft.server.log.purge.gap = 1000000 (custom)
2025-02-16 13:03:08,077 [omNode-2-impl-thread1] INFO  server.RaftServerConfigKeys (ConfUtils.java:logGet(46)) - raft.server.log.appender.buffer.byte-limit = 4194304 (custom)
2025-02-16 13:03:08,077 [omNode-2-impl-thread1] INFO  server.RaftServerConfigKeys (ConfUtils.java:logGet(46)) - raft.server.log.statemachine.data.read.timeout = 1000ms (default)
2025-02-16 13:03:08,077 [omNode-2-impl-thread1] INFO  server.RaftServerConfigKeys (ConfUtils.java:logGet(46)) - raft.server.log.purge.preservation.log.num = 0 (default)
2025-02-16 13:03:08,078 [omNode-2-impl-thread1] INFO  server.RaftServerConfigKeys (ConfUtils.java:logGet(46)) - raft.server.log.segment.size.max = 4194304 (custom)
2025-02-16 13:03:08,078 [omNode-2-impl-thread1] INFO  server.RaftServerConfigKeys (ConfUtils.java:logGet(46)) - raft.server.log.segment.cache.num.max = 2 (custom)
2025-02-16 13:03:08,078 [omNode-2-impl-thread1] INFO  server.RaftServerConfigKeys (ConfUtils.java:logGet(46)) - raft.server.log.segment.cache.size.max = 200MB (=209715200) (default)
2025-02-16 13:03:08,078 [omNode-2-impl-thread1] INFO  server.RaftServerConfigKeys (ConfUtils.java:logGet(46)) - raft.server.log.appender.buffer.byte-limit = 4194304 (custom)
2025-02-16 13:03:08,079 [omNode-2-impl-thread1] INFO  util.AwaitToRun (AwaitToRun.java:start(81)) - Thread[#3249,omNode-2@group-0AAC5367B30E-cacheEviction-AwaitToRun,5,main] started
2025-02-16 13:03:08,079 [omNode-2-impl-thread1] INFO  segmented.SegmentedRaftLogWorker (SegmentedRaftLogWorker.java:<init>(188)) - new omNode-2@group-0AAC5367B30E-SegmentedRaftLogWorker for RaftStorageImpl:Storage Directory /home/runner/work/ozone/ozone/hadoop-ozone/integration-test/target/test-dir/MiniOzoneClusterImpl-8cdb299b-b154-4fd3-af09-aa8d0bad65b8/omNode-2/ratis/0718e334-ffa1-36bc-8e9a-0aac5367b30e
2025-02-16 13:03:08,079 [omNode-2-impl-thread1] INFO  server.RaftServerConfigKeys (ConfUtils.java:logGet(46)) - raft.server.log.queue.byte-limit = 64MB (=67108864) (default)
2025-02-16 13:03:08,079 [omNode-2-impl-thread1] INFO  server.RaftServerConfigKeys (ConfUtils.java:logGet(46)) - raft.server.log.queue.element-limit = 4096 (default)
2025-02-16 13:03:08,079 [omNode-2-impl-thread1] INFO  server.RaftServerConfigKeys (ConfUtils.java:logGet(46)) - raft.server.log.segment.size.max = 4194304 (custom)
2025-02-16 13:03:08,079 [omNode-2-impl-thread1] INFO  server.RaftServerConfigKeys (ConfUtils.java:logGet(46)) - raft.server.log.preallocated.size = 4194304 (custom)
2025-02-16 13:03:08,079 [omNode-2-impl-thread1] INFO  server.RaftServerConfigKeys (ConfUtils.java:logGet(46)) - raft.server.log.force.sync.num = 128 (default)
2025-02-16 13:03:08,079 [omNode-2-impl-thread1] INFO  server.RaftServerConfigKeys (ConfUtils.java:logGet(46)) - raft.server.log.statemachine.data.sync = true (default)
2025-02-16 13:03:08,079 [omNode-2-impl-thread1] INFO  server.RaftServerConfigKeys (ConfUtils.java:logGet(46)) - raft.server.log.statemachine.data.sync.timeout = 10s (default)
2025-02-16 13:03:08,079 [omNode-2-impl-thread1] INFO  server.RaftServerConfigKeys (ConfUtils.java:logGet(46)) - raft.server.log.statemachine.data.sync.timeout.retry = -1 (default)
2025-02-16 13:03:08,079 [omNode-2-impl-thread1] INFO  server.RaftServerConfigKeys (ConfUtils.java:logGet(46)) - raft.server.log.write.buffer.size = 4194312 (custom)
2025-02-16 13:03:08,079 [omNode-2-impl-thread1] INFO  server.RaftServerConfigKeys (ConfUtils.java:logGet(46)) - raft.server.log.appender.buffer.byte-limit = 4194304 (custom)
2025-02-16 13:03:08,080 [omNode-2-impl-thread1] INFO  server.RaftServerConfigKeys (ConfUtils.java:logGet(46)) - raft.server.log.unsafe-flush.enabled = false (default)
2025-02-16 13:03:08,080 [omNode-2-impl-thread1] INFO  server.RaftServerConfigKeys (ConfUtils.java:logGet(46)) - raft.server.log.async-flush.enabled = false (default)
2025-02-16 13:03:08,080 [omNode-2-impl-thread1] INFO  server.RaftServerConfigKeys (ConfUtils.java:logGet(46)) - raft.server.log.statemachine.data.caching.enabled = false (default)
2025-02-16 13:03:08,080 [omNode-2-impl-thread1] INFO  segmented.SegmentedRaftLogWorker (SegmentedRaftLogWorker.java:lambda$new$0(139)) - omNode-2@group-0AAC5367B30E-SegmentedRaftLogWorker: flushIndex: setUnconditionally 0 -> -1
2025-02-16 13:03:08,080 [omNode-2-impl-thread1] INFO  segmented.SegmentedRaftLogWorker (SegmentedRaftLogWorker.java:lambda$new$0(139)) - omNode-2@group-0AAC5367B30E-SegmentedRaftLogWorker: safeCacheEvictIndex: setUnconditionally 0 -> -1
2025-02-16 13:03:08,080 [omNode-2-impl-thread1] INFO  server.RaftServer$Division (RaftServerImpl.java:start(391)) - omNode-2@group-0AAC5367B30E: start as a follower, conf=conf: {index: -1, cur=peers:[omNode-3|localhost:15131, omNode-1|localhost:15123, omNode-2|localhost:15127]|listeners:[], old=null}
2025-02-16 13:03:08,080 [omNode-2-impl-thread1] INFO  server.RaftServer$Division (RaftServerImpl.java:setRole(378)) - omNode-2@group-0AAC5367B30E: changes role from      null to FOLLOWER at term 0 for startAsFollower
2025-02-16 13:03:08,080 [omNode-2-impl-thread1] INFO  impl.RoleInfo (RoleInfo.java:updateAndGet(148)) - omNode-2: start omNode-2@group-0AAC5367B30E-FollowerState
2025-02-16 13:03:08,081 [omNode-2@group-0AAC5367B30E-FollowerState] INFO  server.RaftServerConfigKeys (ConfUtils.java:logFallback(53)) - raft.server.rpc.first-election.timeout.min = 1s (fallback to raft.server.rpc.timeout.min)
2025-02-16 13:03:08,081 [omNode-2-impl-thread1] INFO  util.JmxRegister (JmxRegister.java:tryRegister(44)) - Successfully registered JMX Bean with object name Ratis:service=RaftServer,group=group-0AAC5367B30E,id=omNode-2
2025-02-16 13:03:08,081 [omNode-2-impl-thread1] INFO  util.JmxRegister (JmxRegister.java:register(58)) - register mxBean class org.apache.ratis.server.impl.RaftServerJmxAdapter as Ratis:service=RaftServer,group=group-0AAC5367B30E,id=omNode-2
2025-02-16 13:03:08,081 [omNode-2-impl-thread1] INFO  server.RaftServerConfigKeys (ConfUtils.java:logGet(46)) - raft.server.snapshot.trigger-when-stop.enabled = true (default)
2025-02-16 13:03:08,081 [omNode-2-impl-thread1] INFO  server.RaftServerConfigKeys (ConfUtils.java:logGet(46)) - raft.server.snapshot.trigger-when-remove.enabled = true (default)
2025-02-16 13:03:08,081 [omNode-2-impl-thread1] INFO  server.RaftServerConfigKeys (ConfUtils.java:logGet(46)) - raft.server.snapshot.auto.trigger.enabled = true (custom)
2025-02-16 13:03:08,081 [omNode-2-impl-thread1] INFO  server.RaftServerConfigKeys (ConfUtils.java:logGet(46)) - raft.server.snapshot.auto.trigger.threshold = 400000 (default)
2025-02-16 13:03:08,081 [omNode-2-impl-thread1] INFO  server.RaftServerConfigKeys (ConfUtils.java:logGet(46)) - raft.server.snapshot.retention.file.num = -1 (default)
2025-02-16 13:03:08,081 [omNode-2-impl-thread1] INFO  server.RaftServerConfigKeys (ConfUtils.java:logGet(46)) - raft.server.log.purge.upto.snapshot.index = true (custom)
2025-02-16 13:03:08,081 [omNode-2@group-0AAC5367B30E-FollowerState] INFO  server.RaftServerConfigKeys (ConfUtils.java:logFallback(53)) - raft.server.rpc.first-election.timeout.max = 1200ms (fallback to raft.server.rpc.timeout.max)
2025-02-16 13:03:08,082 [omNode-2-impl-thread1] INFO  server.RaftServer$Division (RaftServerImpl.java:start(405)) - omNode-2@group-0AAC5367B30E: Successfully started.
2025-02-16 13:03:08,082 [main] INFO  server.RaftServer (RaftServerProxy.java:startImpl(407)) - omNode-2: start RPC server
2025-02-16 13:03:08,083 [main] INFO  server.GrpcService (GrpcService.java:startImpl(334)) - omNode-2: GrpcService started, listening on 15127
2025-02-16 13:03:08,084 [JvmPauseMonitor18] INFO  util.JvmPauseMonitor (JvmPauseMonitor.java:run(146)) - JvmPauseMonitor-omNode-2: Started
2025-02-16 13:03:08,084 [main] INFO  om.OzoneManager (OzoneManager.java:start(1693)) - Version File has different layout version (8) than OM DB (null). That is expected if this OM has never been finalized to a newer layout version.
2025-02-16 13:03:08,088 [main] INFO  client.ScmTopologyClient (ScmTopologyClient.java:start(70)) - Initial network topology fetched from SCM: /.
2025-02-16 13:03:08,089 [main] INFO  net.NodeSchemaLoader (NodeSchemaLoader.java:loadSchemaFromFile(127)) - Loading schema from [jar:file:/home/runner/work/ozone/ozone/hadoop-hdds/common/target/hdds-common-2.0.0-SNAPSHOT.jar!/network-topology-default.xml]
2025-02-16 13:03:08,089 [main] INFO  net.NodeSchemaLoader (NodeSchemaLoader.java:loadSchema(174)) - Loading network topology layer schema file
2025-02-16 13:03:08,094 [main] INFO  http.BaseHttpServer (BaseHttpServer.java:newHttpServer2BuilderForOzone(230)) - Starting Web-server for ozoneManager at: http://0.0.0.0:15125
2025-02-16 13:03:08,094 [main] INFO  http.BaseHttpServer (BaseHttpServer.java:<init>(108)) - Hadoop Security Enabled: false Ozone Security Enabled: false Ozone HTTP Security Enabled: false 
2025-02-16 13:03:08,096 [main] WARN  server.AuthenticationFilter (AuthenticationFilter.java:constructSecretProvider(240)) - Unable to initialize FileSignerSecretProvider, falling back to use random secrets. Reason: Could not read signature secret file: /home/runner/hadoop-http-auth-signature-secret
2025-02-16 13:03:08,096 [main] INFO  http.HttpRequestLog (HttpRequestLog.java:getRequestLog(85)) - Http request log for http.requests.ozoneManager is not defined
2025-02-16 13:03:08,098 [main] INFO  http.HttpServer2 (HttpServer2.java:addGlobalFilter(1038)) - Added global filter 'safety' (class=org.apache.hadoop.hdds.server.http.HttpServer2$QuotingInputFilter)
2025-02-16 13:03:08,098 [main] INFO  http.HttpServer2 (HttpServer2.java:addFilter(1014)) - Added filter static_user_filter (class=org.apache.hadoop.http.lib.StaticUserWebFilter$StaticUserFilter) to context ozoneManager
2025-02-16 13:03:08,099 [main] INFO  http.HttpServer2 (HttpServer2.java:addFilter(1022)) - Added filter static_user_filter (class=org.apache.hadoop.http.lib.StaticUserWebFilter$StaticUserFilter) to context logs
2025-02-16 13:03:08,099 [main] INFO  http.HttpServer2 (HttpServer2.java:addFilter(1022)) - Added filter static_user_filter (class=org.apache.hadoop.http.lib.StaticUserWebFilter$StaticUserFilter) to context static
2025-02-16 13:03:08,099 [main] INFO  http.BaseHttpServer (BaseHttpServer.java:<init>(196)) - HTTP server of ozoneManager uses base directory /home/runner/work/ozone/ozone/hadoop-ozone/integration-test/target/test-dir/MiniOzoneClusterImpl-8cdb299b-b154-4fd3-af09-aa8d0bad65b8/omNode-2/webserver
2025-02-16 13:03:08,100 [main] INFO  http.HttpServer2 (HttpServer2.java:bindListener(1238)) - Jetty bound to port 15125
2025-02-16 13:03:08,100 [main] INFO  server.Server (Server.java:doStart(375)) - jetty-9.4.57.v20241219; built: 2025-01-08T21:24:30.412Z; git: df524e6b29271c2e09ba9aea83c18dc9db464a31; jvm 21.0.6+7-LTS
2025-02-16 13:03:08,102 [main] INFO  server.session (DefaultSessionIdManager.java:doStart(334)) - DefaultSessionIdManager workerName=node0
2025-02-16 13:03:08,102 [main] INFO  server.session (DefaultSessionIdManager.java:doStart(339)) - No SessionScavenger set, using defaults
2025-02-16 13:03:08,102 [main] INFO  server.session (HouseKeeper.java:startScavenging(132)) - node0 Scavenging every 660000ms
2025-02-16 13:03:08,103 [main] INFO  handler.ContextHandler (ContextHandler.java:doStart(921)) - Started o.e.j.s.ServletContextHandler@71f8971a{logs,/logs,file:///home/runner/work/ozone/ozone/hadoop-ozone/integration-test/target/log,AVAILABLE}
2025-02-16 13:03:08,103 [main] INFO  handler.ContextHandler (ContextHandler.java:doStart(921)) - Started o.e.j.s.ServletContextHandler@5a15ec50{static,/static,file:///home/runner/work/ozone/ozone/hadoop-ozone/integration-test/target/test-classes/webapps/static,AVAILABLE}
2025-02-16 13:03:08,109 [main] INFO  handler.ContextHandler (ContextHandler.java:doStart(921)) - Started o.e.j.w.WebAppContext@34b3127b{ozoneManager,/,file:///home/runner/work/ozone/ozone/hadoop-ozone/integration-test/target/test-classes/webapps/ozoneManager/,AVAILABLE}{file:/home/runner/work/ozone/ozone/hadoop-ozone/integration-test/target/test-classes/webapps/ozoneManager}
2025-02-16 13:03:08,109 [main] INFO  server.AbstractConnector (AbstractConnector.java:doStart(333)) - Started ServerConnector@1cf74e23{HTTP/1.1, (http/1.1)}{0.0.0.0:15125}
2025-02-16 13:03:08,109 [main] INFO  server.Server (Server.java:doStart(415)) - Started @112482ms
2025-02-16 13:03:08,109 [main] WARN  impl.MetricsSystemImpl (MetricsSystemImpl.java:register(279)) - Sink prometheus already exists!
2025-02-16 13:03:08,110 [main] INFO  http.BaseHttpServer (BaseHttpServer.java:updateConnectorAddress(361)) - HTTP server of ozoneManager listening at http://0.0.0.0:15125
2025-02-16 13:03:08,110 [IPC Server Responder] INFO  ipc.Server (Server.java:run(1713)) - IPC Server Responder: starting
2025-02-16 13:03:08,110 [IPC Server listener on 15124] INFO  ipc.Server (Server.java:run(1553)) - IPC Server listener on 15124: starting
2025-02-16 13:03:08,113 [main] INFO  om.OzoneManager (OzoneManager.java:startTrashEmptier(2148)) - Trash Interval set to 0. Files deleted won't move to trash
2025-02-16 13:03:08,113 [main] INFO  ozone.MiniOzoneHAClusterImpl (MiniOzoneHAClusterImpl.java:createOMService(515)) - Started OzoneManager omNode-2 RPC server at localhost/127.0.0.1:15124
2025-02-16 13:03:08,114 [main] INFO  ha.OMHANodeDetails (OMHANodeDetails.java:loadOMHAConfig(121)) - ServiceID for OzoneManager is om-add-remove
2025-02-16 13:03:08,114 [main] INFO  ha.OMHANodeDetails (OMHANodeDetails.java:loadOMHAConfig(201)) - Found matching OM address with OMServiceId: om-add-remove, OMNodeId: omNode-3, RPC Address: localhost:15128 and Ratis port: 15131
2025-02-16 13:03:08,114 [main] INFO  ha.OMHANodeDetails (ConfUtils.java:setNodeSpecificConfigs(98)) - Setting configuration key ozone.om.http-address with value of key ozone.om.http-address.om-add-remove.omNode-3: 127.0.0.1:15129
2025-02-16 13:03:08,115 [main] INFO  ha.OMHANodeDetails (ConfUtils.java:setNodeSpecificConfigs(98)) - Setting configuration key ozone.om.https-address with value of key ozone.om.https-address.om-add-remove.omNode-3: 127.0.0.1:15130
2025-02-16 13:03:08,115 [main] INFO  ha.OMHANodeDetails (ConfUtils.java:setNodeSpecificConfigs(98)) - Setting configuration key ozone.om.address with value of key ozone.om.address.om-add-remove.omNode-3: 127.0.0.1:15128
2025-02-16 13:03:08,115 [main] WARN  server.ServerUtils (ServerUtils.java:getDBPath(297)) - ozone.om.db.dirs is not configured. We recommend adding this setting. Falling back to ozone.metadata.dirs instead.
2025-02-16 13:03:08,116 [main] INFO  ha.SCMNodeInfo (SCMNodeInfo.java:getPort(194)) - ConfigKey ozone.scm.client.address is deprecated, For configuring different ports for each SCM use PortConfigKey ozone.scm.client.port appended with serviceId and nodeId
2025-02-16 13:03:08,116 [main] INFO  ha.SCMNodeInfo (SCMNodeInfo.java:getPort(194)) - ConfigKey ozone.scm.block.client.address is deprecated, For configuring different ports for each SCM use PortConfigKey ozone.scm.block.client.port appended with serviceId and nodeId
2025-02-16 13:03:08,116 [main] INFO  ha.SCMNodeInfo (SCMNodeInfo.java:getPort(194)) - ConfigKey ozone.scm.security.service.address is deprecated, For configuring different ports for each SCM use PortConfigKey ozone.scm.security.service.port appended with serviceId and nodeId
2025-02-16 13:03:08,116 [main] INFO  ha.SCMNodeInfo (SCMNodeInfo.java:getPort(194)) - ConfigKey ozone.scm.datanode.address is deprecated, For configuring different ports for each SCM use PortConfigKey ozone.scm.datanode.port appended with serviceId and nodeId
2025-02-16 13:03:08,116 [main] INFO  proxy.SCMBlockLocationFailoverProxyProvider (SCMBlockLocationFailoverProxyProvider.java:<init>(113)) - Created block location fail-over proxy with 1 nodes: [nodeId=scmNode-1,nodeAddress=/127.0.0.1:15113]
OM initialization succeeded.Current cluster id for sd=/home/runner/work/ozone/ozone/hadoop-ozone/integration-test/target/test-dir/MiniOzoneClusterImpl-8cdb299b-b154-4fd3-af09-aa8d0bad65b8/omNode-3/om;cid=8cdb299b-b154-4fd3-af09-aa8d0bad65b8;layoutVersion=8
2025-02-16 13:03:08,120 [main] INFO  ha.OMHANodeDetails (OMHANodeDetails.java:loadOMHAConfig(121)) - ServiceID for OzoneManager is om-add-remove
2025-02-16 13:03:08,121 [main] INFO  ha.OMHANodeDetails (OMHANodeDetails.java:loadOMHAConfig(201)) - Found matching OM address with OMServiceId: om-add-remove, OMNodeId: omNode-3, RPC Address: localhost:15128 and Ratis port: 15131
2025-02-16 13:03:08,121 [main] INFO  ha.OMHANodeDetails (ConfUtils.java:setNodeSpecificConfigs(98)) - Setting configuration key ozone.om.http-address with value of key ozone.om.http-address.om-add-remove.omNode-3: 127.0.0.1:15129
2025-02-16 13:03:08,121 [main] INFO  ha.OMHANodeDetails (ConfUtils.java:setNodeSpecificConfigs(98)) - Setting configuration key ozone.om.https-address with value of key ozone.om.https-address.om-add-remove.omNode-3: 127.0.0.1:15130
2025-02-16 13:03:08,121 [main] INFO  ha.OMHANodeDetails (ConfUtils.java:setNodeSpecificConfigs(98)) - Setting configuration key ozone.om.address with value of key ozone.om.address.om-add-remove.omNode-3: 127.0.0.1:15128
2025-02-16 13:03:08,121 [main] WARN  server.ServerUtils (ServerUtils.java:getDBPath(297)) - ozone.om.db.dirs is not configured. We recommend adding this setting. Falling back to ozone.metadata.dirs instead.
2025-02-16 13:03:08,122 [main] INFO  upgrade.AbstractLayoutVersionManager (AbstractLayoutVersionManager.java:init(80)) - Initializing Layout version manager with metadata layout = DELEGATION_TOKEN_SYMMETRIC_SIGN (version = 8), software layout = DELEGATION_TOKEN_SYMMETRIC_SIGN (version = 8)
2025-02-16 13:03:08,158 [main] INFO  reflections.Reflections (Reflections.java:scan(219)) - Reflections took 36 ms to scan 2 urls, producing 201 keys and 594 values
2025-02-16 13:03:08,158 [main] INFO  upgrade.OMLayoutVersionManager (OMLayoutVersionManager.java:lambda$0(113)) - Skipping Upgrade Action QuotaRepairUpgradeAction since it has been finalized.
2025-02-16 13:03:08,158 [main] INFO  upgrade.OMLayoutVersionManager (OMLayoutVersionManager.java:lambda$0(113)) - Skipping Upgrade Action MockOmUpgradeAction since it has been finalized.
2025-02-16 13:03:08,158 [main] WARN  server.ServerUtils (ServerUtils.java:getDBPath(297)) - ozone.om.db.dirs is not configured. We recommend adding this setting. Falling back to ozone.metadata.dirs instead.
2025-02-16 13:03:08,159 [main] INFO  ha.SCMNodeInfo (SCMNodeInfo.java:getPort(194)) - ConfigKey ozone.scm.client.address is deprecated, For configuring different ports for each SCM use PortConfigKey ozone.scm.client.port appended with serviceId and nodeId
2025-02-16 13:03:08,159 [main] INFO  ha.SCMNodeInfo (SCMNodeInfo.java:getPort(194)) - ConfigKey ozone.scm.block.client.address is deprecated, For configuring different ports for each SCM use PortConfigKey ozone.scm.block.client.port appended with serviceId and nodeId
2025-02-16 13:03:08,159 [main] INFO  ha.SCMNodeInfo (SCMNodeInfo.java:getPort(194)) - ConfigKey ozone.scm.security.service.address is deprecated, For configuring different ports for each SCM use PortConfigKey ozone.scm.security.service.port appended with serviceId and nodeId
2025-02-16 13:03:08,159 [main] INFO  ha.SCMNodeInfo (SCMNodeInfo.java:getPort(194)) - ConfigKey ozone.scm.datanode.address is deprecated, For configuring different ports for each SCM use PortConfigKey ozone.scm.datanode.port appended with serviceId and nodeId
2025-02-16 13:03:08,159 [main] INFO  ha.SCMNodeInfo (SCMNodeInfo.java:getPort(194)) - ConfigKey ozone.scm.client.address is deprecated, For configuring different ports for each SCM use PortConfigKey ozone.scm.client.port appended with serviceId and nodeId
2025-02-16 13:03:08,159 [main] INFO  ha.SCMNodeInfo (SCMNodeInfo.java:getPort(194)) - ConfigKey ozone.scm.block.client.address is deprecated, For configuring different ports for each SCM use PortConfigKey ozone.scm.block.client.port appended with serviceId and nodeId
2025-02-16 13:03:08,160 [main] INFO  ha.SCMNodeInfo (SCMNodeInfo.java:getPort(194)) - ConfigKey ozone.scm.security.service.address is deprecated, For configuring different ports for each SCM use PortConfigKey ozone.scm.security.service.port appended with serviceId and nodeId
2025-02-16 13:03:08,160 [main] INFO  ha.SCMNodeInfo (SCMNodeInfo.java:getPort(194)) - ConfigKey ozone.scm.datanode.address is deprecated, For configuring different ports for each SCM use PortConfigKey ozone.scm.datanode.port appended with serviceId and nodeId
2025-02-16 13:03:08,160 [main] INFO  proxy.SCMBlockLocationFailoverProxyProvider (SCMBlockLocationFailoverProxyProvider.java:<init>(113)) - Created block location fail-over proxy with 1 nodes: [nodeId=scmNode-1,nodeAddress=/127.0.0.1:15113]
2025-02-16 13:03:08,161 [main] INFO  ha.SCMNodeInfo (SCMNodeInfo.java:getPort(194)) - ConfigKey ozone.scm.client.address is deprecated, For configuring different ports for each SCM use PortConfigKey ozone.scm.client.port appended with serviceId and nodeId
2025-02-16 13:03:08,161 [main] INFO  ha.SCMNodeInfo (SCMNodeInfo.java:getPort(194)) - ConfigKey ozone.scm.block.client.address is deprecated, For configuring different ports for each SCM use PortConfigKey ozone.scm.block.client.port appended with serviceId and nodeId
2025-02-16 13:03:08,161 [main] INFO  ha.SCMNodeInfo (SCMNodeInfo.java:getPort(194)) - ConfigKey ozone.scm.security.service.address is deprecated, For configuring different ports for each SCM use PortConfigKey ozone.scm.security.service.port appended with serviceId and nodeId
2025-02-16 13:03:08,161 [main] INFO  ha.SCMNodeInfo (SCMNodeInfo.java:getPort(194)) - ConfigKey ozone.scm.datanode.address is deprecated, For configuring different ports for each SCM use PortConfigKey ozone.scm.datanode.port appended with serviceId and nodeId
2025-02-16 13:03:08,161 [main] INFO  proxy.SCMBlockLocationFailoverProxyProvider (SCMBlockLocationFailoverProxyProvider.java:<init>(113)) - Created block location fail-over proxy with 1 nodes: [nodeId=scmNode-1,nodeAddress=/127.0.0.1:15113]
2025-02-16 13:03:08,165 [main] INFO  om.OzoneManager (OzoneManager.java:<init>(688)) - OM start with adminUsers: [runner]
2025-02-16 13:03:08,165 [main] WARN  server.ServerUtils (ServerUtils.java:getDBPath(297)) - ozone.om.db.dirs is not configured. We recommend adding this setting. Falling back to ozone.metadata.dirs instead.
2025-02-16 13:03:08,166 [main] INFO  helpers.OmKeyInfo (OmKeyInfo.java:getCodec(73)) - OmKeyInfo.getCodec ignorePipeline = true
2025-02-16 13:03:08,304 [main] INFO  om.OzoneManager (OzoneManager.java:instantiateServices(824)) - S3 Multi-Tenancy is disabled
2025-02-16 13:03:08,304 [main] INFO  om.OmSnapshotManager (OmSnapshotManager.java:<init>(183)) - Ozone filesystem snapshot feature is enabled.
2025-02-16 13:03:08,304 [main] WARN  server.ServerUtils (ServerUtils.java:getDBPath(297)) - ozone.om.snapshot.diff.db.dir is not configured. We recommend adding this setting. Falling back to ozone.metadata.dirs instead.
2025-02-16 13:03:08,321 [main] INFO  utils.NativeLibraryLoader (NativeLibraryLoader.java:loadLibrary(120)) - Loading Library: ozone_rocksdb_tools
2025-02-16 13:03:08,321 [main] WARN  snapshot.SnapshotDiffManager (SnapshotDiffManager.java:initNativeLibraryForEfficientDiff(287)) - Native Library for raw sst file reading loading failed. Fallback to performing a full diff instead. Unable to load library ozone_rocksdb_tools from both java.library.path & resource file libozone_rocksdb_tools.so from jar.
2025-02-16 13:03:08,323 [main] INFO  om.OzoneManager (OzoneManager.java:addS3GVolumeToDB(4550)) - Created Volume s3v With Owner runner required for S3Gateway operations.
2025-02-16 13:03:08,323 [main] WARN  server.ServerUtils (ServerUtils.java:getDefaultRatisDirectory(309)) - Storage directory for Ratis is not configured. It is a good idea to map this to an SSD disk. Falling back to ozone.metadata.dirs
2025-02-16 13:03:08,323 [main] WARN  utils.OzoneManagerRatisUtils (OzoneManagerRatisUtils.java:getOMRatisSnapshotDirectory(493)) - ozone.om.ratis.snapshot.dir is not configured. Falling back to ozone.metadata.dirs config
2025-02-16 13:03:08,323 [main] INFO  utils.RDBSnapshotProvider (RDBSnapshotProvider.java:init(85)) - Cleaning up the candidate dir: /home/runner/work/ozone/ozone/hadoop-ozone/integration-test/target/test-dir/MiniOzoneClusterImpl-8cdb299b-b154-4fd3-af09-aa8d0bad65b8/omNode-3/snapshot/om.db.candidate
2025-02-16 13:03:08,323 [main] INFO  ratis_snapshot.OmRatisSnapshotProvider (OmRatisSnapshotProvider.java:<init>(99)) - Initializing OM Snapshot Provider
2025-02-16 13:03:08,324 [main] WARN  dropwizard3.Dm3MetricRegistriesImpl (Dm3MetricRegistriesImpl.java:addReporterRegistration(114)) - New reporters are added after registries were created. Some metrics will be missing from the reporter. Please add reporter before adding any new registry.
2025-02-16 13:03:08,324 [main] WARN  dropwizard3.Dm3MetricRegistriesImpl (Dm3MetricRegistriesImpl.java:addReporterRegistration(114)) - New reporters are added after registries were created. Some metrics will be missing from the reporter. Please add reporter before adding any new registry.
2025-02-16 13:03:08,325 [main] WARN  server.ServerUtils (ServerUtils.java:getDefaultRatisDirectory(309)) - Storage directory for Ratis is not configured. It is a good idea to map this to an SSD disk. Falling back to ozone.metadata.dirs
2025-02-16 13:03:08,325 [main] INFO  server.RaftServerConfigKeys (ConfUtils.java:logGet(46)) - raft.server.log.appender.buffer.byte-limit = 4194304 (custom)
2025-02-16 13:03:08,326 [main] INFO  ratis.OzoneManagerRatisServer (OzoneManagerRatisServer.java:<init>(171)) - Instantiating OM Ratis server with groupID: om-add-remove and peers: localhost:15131, localhost:15123, localhost:15127
2025-02-16 13:03:08,326 [main] INFO  ratis.OzoneManagerStateMachine (OzoneManagerStateMachine.java:loadSnapshotInfoFromDB(609)) - TransactionInfo not found in OM DB.
2025-02-16 13:03:08,326 [main] INFO  server.RaftServer (ConfUtils.java:logGet(46)) - raft.rpc.type = GRPC (default)
2025-02-16 13:03:08,326 [main] INFO  grpc.GrpcConfigKeys (ConfUtils.java:logFallback(53)) - raft.grpc.admin.host = null (fallback to raft.grpc.server.host)
2025-02-16 13:03:08,327 [main] INFO  grpc.GrpcConfigKeys (ConfUtils.java:logFallback(53)) - raft.grpc.admin.port = 15131 (fallback to raft.grpc.server.port)
2025-02-16 13:03:08,327 [main] INFO  grpc.GrpcConfigKeys (ConfUtils.java:logFallback(53)) - raft.grpc.client.host = null (fallback to raft.grpc.server.host)
2025-02-16 13:03:08,327 [main] INFO  grpc.GrpcConfigKeys (ConfUtils.java:logFallback(53)) - raft.grpc.client.port = 15131 (fallback to raft.grpc.server.port)
2025-02-16 13:03:08,327 [main] INFO  grpc.GrpcConfigKeys (ConfUtils.java:logGet(46)) - raft.grpc.server.host = null (default)
2025-02-16 13:03:08,327 [main] INFO  grpc.GrpcConfigKeys (ConfUtils.java:logGet(46)) - raft.grpc.server.port = 15131 (custom)
2025-02-16 13:03:08,327 [main] INFO  server.GrpcService (ConfUtils.java:logGet(46)) - raft.grpc.message.size.max = 5242880 (custom)
2025-02-16 13:03:08,327 [main] INFO  server.GrpcService (ConfUtils.java:logGet(46)) - raft.grpc.flow.control.window = 1MB (=1048576) (default)
2025-02-16 13:03:08,327 [main] INFO  server.RaftServerConfigKeys (ConfUtils.java:logGet(46)) - raft.server.rpc.request.timeout = 3000ms (default)
2025-02-16 13:03:08,327 [main] INFO  grpc.GrpcConfigKeys (ConfUtils.java:logGet(46)) - raft.grpc.server.heartbeat.channel = true (default)
2025-02-16 13:03:08,327 [main] INFO  server.RaftServerConfigKeys (ConfUtils.java:logGet(46)) - raft.server.log.appender.buffer.byte-limit = 4194304 (custom)
2025-02-16 13:03:08,327 [main] INFO  grpc.GrpcConfigKeys (ConfUtils.java:logGet(46)) - raft.grpc.server.async.request.thread.pool.cached = true (default)
2025-02-16 13:03:08,327 [main] INFO  grpc.GrpcConfigKeys (ConfUtils.java:logGet(46)) - raft.grpc.server.async.request.thread.pool.size = 32 (default)
2025-02-16 13:03:08,328 [main] INFO  impl.DataStreamServerImpl (ConfUtils.java:logGet(46)) - raft.datastream.type = DISABLED (default)
2025-02-16 13:03:08,328 [main] INFO  server.RaftServerConfigKeys (ConfUtils.java:logGet(46)) - raft.server.sleep.deviation.threshold = 300ms (default)
2025-02-16 13:03:08,328 [main] INFO  server.RaftServerConfigKeys (ConfUtils.java:logGet(46)) - raft.server.close.threshold = 60s (default)
2025-02-16 13:03:08,329 [main] INFO  server.RaftServerConfigKeys (ConfUtils.java:logGet(46)) - raft.server.leaderelection.leader.step-down.wait-time = 10s (default)
2025-02-16 13:03:08,329 [main] INFO  server.RaftServerConfigKeys (ConfUtils.java:logGet(46)) - raft.server.storage.dir = [/home/runner/work/ozone/ozone/hadoop-ozone/integration-test/target/test-dir/MiniOzoneClusterImpl-8cdb299b-b154-4fd3-af09-aa8d0bad65b8/omNode-3/ratis] (custom)
2025-02-16 13:03:08,329 [main] INFO  server.RaftServerConfigKeys (ConfUtils.java:logGet(46)) - raft.server.threadpool.proxy.cached = true (default)
2025-02-16 13:03:08,329 [main] INFO  server.RaftServerConfigKeys (ConfUtils.java:logGet(46)) - raft.server.threadpool.proxy.size = 0 (default)
2025-02-16 13:03:08,329 [main] INFO  server.RaftServer (RaftServerProxy.java:addNew(100)) - omNode-3: addNew group-0AAC5367B30E:[omNode-3|localhost:15131, omNode-1|localhost:15123, omNode-2|localhost:15127] returns group-0AAC5367B30E:java.util.concurrent.CompletableFuture@479b206b[Not completed]
2025-02-16 13:03:08,330 [omNode-3-groupManagement] INFO  server.RaftServer$Division (OzoneManager.java:initializeRatisServer(2194)) - OzoneManager Ratis server initialized at port 15131
RaftServerImpl.java:<init>(255)) - omNode-3: new RaftServerImpl for group-0AAC5367B30E:[omNode-3|localhost:15131, omNode-1|localhost:15123, omNode-2|localhost:15127] with OzoneManagerStateMachine:uninitialized
2025-02-16 13:03:08,330 [omNode-3-groupManagement] INFO  server.RaftServerConfigKeys (ConfUtils.java:logGet(46)) - raft.server.rpc.timeout.min = 1s (custom)
2025-02-16 13:03:08,330 [main] INFO  om.OzoneManager (OzoneManager.java:initializeRatisServer(2194)) - OzoneManager Ratis server initialized at port 15131
2025-02-16 13:03:08,330 [omNode-3-groupManagement] INFO  server.RaftServerConfigKeys (ConfUtils.java:logGet(46)) - raft.server.rpc.timeout.max = 1200ms (custom)
2025-02-16 13:03:08,330 [main] INFO  om.OzoneManager (OzoneManager.java:getRpcServer(1251)) - Creating RPC Server
2025-02-16 13:03:08,330 [omNode-3-groupManagement] INFO  server.RaftServerConfigKeys (ConfUtils.java:logGet(46)) - raft.server.rpc.sleep.time = 25ms (default)
2025-02-16 13:03:08,330 [omNode-3-groupManagement] INFO  server.RaftServerConfigKeys (ConfUtils.java:logGet(46)) - raft.server.rpc.slowness.timeout = 2s (custom)
2025-02-16 13:03:08,330 [omNode-3-groupManagement] INFO  server.RaftServerConfigKeys (ConfUtils.java:logGet(46)) - raft.server.leaderelection.leader.step-down.wait-time = 10s (default)
2025-02-16 13:03:08,330 [omNode-3-groupManagement] INFO  server.RaftServerConfigKeys (ConfUtils.java:logGet(46)) - raft.server.leaderelection.member.majority-add = false (default)
2025-02-16 13:03:08,330 [omNode-3-groupManagement] INFO  server.RaftServerConfigKeys (ConfUtils.java:logGet(46)) - raft.server.sleep.deviation.threshold = 300ms (default)
2025-02-16 13:03:08,330 [omNode-3-groupManagement] INFO  server.RaftServer$Division (ServerState.java:<init>(114)) - omNode-3@group-0AAC5367B30E: ConfigurationManager, init=conf: {index: -1, cur=peers:[omNode-3|localhost:15131, omNode-1|localhost:15123, omNode-2|localhost:15127]|listeners:[], old=null}, confs=<EMPTY_MAP>
2025-02-16 13:03:08,330 [omNode-3-groupManagement] INFO  server.RaftServerConfigKeys (ConfUtils.java:logGet(46)) - raft.server.notification.no-leader.timeout = 2s (custom)
2025-02-16 13:03:08,330 [omNode-3-groupManagement] INFO  server.RaftServerConfigKeys (ConfUtils.java:logGet(46)) - raft.server.read.timeout = 10s (default)
2025-02-16 13:03:08,330 [omNode-3-groupManagement] INFO  server.RaftServerConfigKeys (ConfUtils.java:logGet(46)) - raft.server.retrycache.expirytime = 300s (custom)
2025-02-16 13:03:08,330 [omNode-3-groupManagement] INFO  server.RaftServerConfigKeys (ConfUtils.java:logGet(46)) - raft.server.retrycache.statistics.expirytime = 100ms (default)
2025-02-16 13:03:08,331 [omNode-3-groupManagement] INFO  server.RaftServerConfigKeys (ConfUtils.java:logGet(46)) - raft.server.read.option = DEFAULT (default)
2025-02-16 13:03:08,331 [omNode-3-groupManagement] INFO  server.RaftServerConfigKeys (ConfUtils.java:logGet(46)) - raft.server.read.read-after-write-consistent.write-index-cache.expiry-time = 60s (default)
2025-02-16 13:03:08,332 [omNode-3-groupManagement] INFO  server.RaftServerConfigKeys (ConfUtils.java:logGet(46)) - raft.server.rpc.request.timeout = 3000ms (default)
2025-02-16 13:03:08,332 [omNode-3-groupManagement] INFO  server.RaftServerConfigKeys (ConfUtils.java:logGet(46)) - raft.server.log.appender.install.snapshot.enabled = false (custom)
2025-02-16 13:03:08,332 [omNode-3-groupManagement] INFO  server.RaftServerConfigKeys (ConfUtils.java:logGet(46)) - raft.server.threadpool.server.cached = true (default)
2025-02-16 13:03:08,332 [omNode-3-groupManagement] INFO  server.RaftServerConfigKeys (ConfUtils.java:logGet(46)) - raft.server.threadpool.server.size = 0 (default)
2025-02-16 13:03:08,332 [omNode-3-groupManagement] INFO  server.RaftServerConfigKeys (ConfUtils.java:logGet(46)) - raft.server.threadpool.client.cached = true (default)
2025-02-16 13:03:08,332 [omNode-3-groupManagement] INFO  server.RaftServerConfigKeys (ConfUtils.java:logGet(46)) - raft.server.threadpool.client.size = 0 (default)
2025-02-16 13:03:08,477 [omNode-1@group-0AAC5367B30E-FollowerState] INFO  impl.FollowerState (FollowerState.java:runImpl(161)) - omNode-1@group-0AAC5367B30E-FollowerState: change to CANDIDATE, lastRpcElapsedTime:1075541917ns, electionTimeout:1073ms
2025-02-16 13:03:08,478 [omNode-1@group-0AAC5367B30E-FollowerState] INFO  impl.RoleInfo (RoleInfo.java:shutdownFollowerState(121)) - omNode-1: shutdown omNode-1@group-0AAC5367B30E-FollowerState
2025-02-16 13:03:08,478 [omNode-1@group-0AAC5367B30E-FollowerState] INFO  server.RaftServer$Division (RaftServerImpl.java:setRole(378)) - omNode-1@group-0AAC5367B30E: changes role from  FOLLOWER to CANDIDATE at term 0 for changeToCandidate
2025-02-16 13:03:08,478 [omNode-1@group-0AAC5367B30E-FollowerState] INFO  server.RaftServerConfigKeys (ConfUtils.java:logGet(46)) - raft.server.leaderelection.pre-vote = true (default)
2025-02-16 13:03:08,478 [omNode-1@group-0AAC5367B30E-FollowerState] INFO  impl.RoleInfo (RoleInfo.java:updateAndGet(148)) - omNode-1: start omNode-1@group-0AAC5367B30E-LeaderElection23
2025-02-16 13:03:08,478 [omNode-1@group-0AAC5367B30E-LeaderElection23] INFO  impl.LeaderElection (LeaderElection.java:askForVotes(332)) - omNode-1@group-0AAC5367B30E-LeaderElection23 PRE_VOTE round 0: submit vote requests at term 0 for conf: {index: -1, cur=peers:[omNode-3|localhost:15131, omNode-1|localhost:15123, omNode-2|localhost:15127]|listeners:[], old=null}
2025-02-16 13:03:08,479 [omNode-1@group-0AAC5367B30E-LeaderElection23-1] INFO  server.GrpcServerProtocolClient (GrpcServerProtocolClient.java:<init>(65)) - Build channel for omNode-3|localhost:15131
2025-02-16 13:03:08,480 [omNode-1@group-0AAC5367B30E-LeaderElection23] INFO  server.RaftServerConfigKeys (ConfUtils.java:logFallback(53)) - raft.server.rpc.first-election.timeout.min = 1s (fallback to raft.server.rpc.timeout.min)
2025-02-16 13:03:08,480 [omNode-1@group-0AAC5367B30E-LeaderElection23] INFO  server.RaftServerConfigKeys (ConfUtils.java:logFallback(53)) - raft.server.rpc.first-election.timeout.max = 1200ms (fallback to raft.server.rpc.timeout.max)
2025-02-16 13:03:08,482 [omNode-1@group-0AAC5367B30E-LeaderElection23-2] INFO  server.GrpcServerProtocolClient (GrpcServerProtocolClient.java:<init>(65)) - Build channel for omNode-2|localhost:15127
2025-02-16 13:03:08,483 [omNode-1@group-0AAC5367B30E-LeaderElection23] INFO  impl.LeaderElection (LogUtils.java:infoOrTrace(136)) - omNode-1@group-0AAC5367B30E-LeaderElection23 got exception when requesting votes: java.util.concurrent.ExecutionException: org.apache.ratis.thirdparty.io.grpc.StatusRuntimeException: UNAVAILABLE: io exception
2025-02-16 13:03:08,489 [grpc-default-executor-0] INFO  server.RaftServer$Division (RaftServerImpl.java:requestVote(1407)) - omNode-2@group-0AAC5367B30E: receive requestVote(PRE_VOTE, omNode-1, group-0AAC5367B30E, 0, (t:0, i:~))
2025-02-16 13:03:08,489 [grpc-default-executor-0] INFO  impl.VoteContext (VoteContext.java:log(49)) - omNode-2@group-0AAC5367B30E-FOLLOWER: accept PRE_VOTE from omNode-1: our priority 0 <= candidate's priority 0
2025-02-16 13:03:08,490 [grpc-default-executor-0] INFO  server.RaftServer$Division (RaftServerImpl.java:requestVote(1441)) - omNode-2@group-0AAC5367B30E replies to PRE_VOTE vote request: omNode-1<-omNode-2#0:OK-t0. Peer's state: omNode-2@group-0AAC5367B30E:t0, leader=null, voted=, raftlog=Memoized:omNode-2@group-0AAC5367B30E-SegmentedRaftLog:OPENED:c-1:lastnull, conf=conf: {index: -1, cur=peers:[omNode-3|localhost:15131, omNode-1|localhost:15123, omNode-2|localhost:15127]|listeners:[], old=null}
2025-02-16 13:03:08,491 [omNode-1@group-0AAC5367B30E-LeaderElection23] INFO  impl.LeaderElection (LeaderElection.java:logAndReturn(90)) - omNode-1@group-0AAC5367B30E-LeaderElection23: PRE_VOTE PASSED received 1 response(s) and 1 exception(s):
2025-02-16 13:03:08,491 [omNode-1@group-0AAC5367B30E-LeaderElection23] INFO  impl.LeaderElection (LeaderElection.java:logAndReturn(94)) -   Response 0: omNode-1<-omNode-2#0:OK-t0
2025-02-16 13:03:08,491 [omNode-1@group-0AAC5367B30E-LeaderElection23] INFO  impl.LeaderElection (LogUtils.java:infoOrTrace(136)) -   Exception 1: java.util.concurrent.ExecutionException: org.apache.ratis.thirdparty.io.grpc.StatusRuntimeException: UNAVAILABLE: io exception
2025-02-16 13:03:08,491 [omNode-1@group-0AAC5367B30E-LeaderElection23] INFO  impl.LeaderElection (LeaderElection.java:askForVotes(334)) - omNode-1@group-0AAC5367B30E-LeaderElection23 PRE_VOTE round 0: result PASSED
2025-02-16 13:03:08,493 [omNode-1@group-0AAC5367B30E-LeaderElection23] INFO  impl.LeaderElection (LeaderElection.java:askForVotes(332)) - omNode-1@group-0AAC5367B30E-LeaderElection23 ELECTION round 0: submit vote requests at term 1 for conf: {index: -1, cur=peers:[omNode-3|localhost:15131, omNode-1|localhost:15123, omNode-2|localhost:15127]|listeners:[], old=null}
2025-02-16 13:03:08,495 [omNode-1@group-0AAC5367B30E-LeaderElection23] INFO  server.RaftServerConfigKeys (ConfUtils.java:logFallback(53)) - raft.server.rpc.first-election.timeout.min = 1s (fallback to raft.server.rpc.timeout.min)
2025-02-16 13:03:08,495 [omNode-1@group-0AAC5367B30E-LeaderElection23] INFO  server.RaftServerConfigKeys (ConfUtils.java:logFallback(53)) - raft.server.rpc.first-election.timeout.max = 1200ms (fallback to raft.server.rpc.timeout.max)
2025-02-16 13:03:08,496 [omNode-1@group-0AAC5367B30E-LeaderElection23] INFO  impl.LeaderElection (LogUtils.java:infoOrTrace(136)) - omNode-1@group-0AAC5367B30E-LeaderElection23 got exception when requesting votes: java.util.concurrent.ExecutionException: org.apache.ratis.thirdparty.io.grpc.StatusRuntimeException: UNAVAILABLE: io exception
2025-02-16 13:03:08,496 [grpc-default-executor-0] INFO  server.RaftServer$Division (RaftServerImpl.java:requestVote(1407)) - omNode-2@group-0AAC5367B30E: receive requestVote(ELECTION, omNode-1, group-0AAC5367B30E, 1, (t:0, i:~))
2025-02-16 13:03:08,496 [grpc-default-executor-0] INFO  impl.VoteContext (VoteContext.java:log(49)) - omNode-2@group-0AAC5367B30E-FOLLOWER: accept ELECTION from omNode-1: our priority 0 <= candidate's priority 0
2025-02-16 13:03:08,496 [grpc-default-executor-0] INFO  server.RaftServer$Division (RaftServerImpl.java:setRole(378)) - omNode-2@group-0AAC5367B30E: changes role from  FOLLOWER to FOLLOWER at term 0 for candidate:omNode-1
2025-02-16 13:03:08,496 [grpc-default-executor-0] INFO  impl.RoleInfo (RoleInfo.java:shutdownFollowerState(121)) - omNode-2: shutdown omNode-2@group-0AAC5367B30E-FollowerState
2025-02-16 13:03:08,497 [omNode-2@group-0AAC5367B30E-FollowerState] INFO  impl.FollowerState (FollowerState.java:runImpl(170)) - omNode-2@group-0AAC5367B30E-FollowerState was interrupted
2025-02-16 13:03:08,497 [grpc-default-executor-0] INFO  impl.RoleInfo (RoleInfo.java:updateAndGet(148)) - omNode-2: start omNode-2@group-0AAC5367B30E-FollowerState
2025-02-16 13:03:08,497 [grpc-default-executor-0] INFO  server.RaftServer$Division (RaftServerImpl.java:setFirstElection(562)) - omNode-2@group-0AAC5367B30E: set firstElectionSinceStartup to false for candidate:omNode-1
2025-02-16 13:03:08,499 [grpc-default-executor-0] INFO  server.RaftServer$Division (RaftServerImpl.java:requestVote(1441)) - omNode-2@group-0AAC5367B30E replies to ELECTION vote request: omNode-1<-omNode-2#0:OK-t1. Peer's state: omNode-2@group-0AAC5367B30E:t1, leader=null, voted=omNode-1, raftlog=Memoized:omNode-2@group-0AAC5367B30E-SegmentedRaftLog:OPENED:c-1:lastnull, conf=conf: {index: -1, cur=peers:[omNode-3|localhost:15131, omNode-1|localhost:15123, omNode-2|localhost:15127]|listeners:[], old=null}
2025-02-16 13:03:08,499 [omNode-1@group-0AAC5367B30E-LeaderElection23] INFO  impl.LeaderElection (LeaderElection.java:logAndReturn(90)) - omNode-1@group-0AAC5367B30E-LeaderElection23: ELECTION PASSED received 1 response(s) and 1 exception(s):
2025-02-16 13:03:08,499 [omNode-1@group-0AAC5367B30E-LeaderElection23] INFO  impl.LeaderElection (LeaderElection.java:logAndReturn(94)) -   Response 0: omNode-1<-omNode-2#0:OK-t1
2025-02-16 13:03:08,499 [omNode-1@group-0AAC5367B30E-LeaderElection23] INFO  impl.LeaderElection (LogUtils.java:infoOrTrace(136)) -   Exception 1: java.util.concurrent.ExecutionException: org.apache.ratis.thirdparty.io.grpc.StatusRuntimeException: UNAVAILABLE: io exception
2025-02-16 13:03:08,499 [omNode-1@group-0AAC5367B30E-LeaderElection23] INFO  impl.LeaderElection (LeaderElection.java:askForVotes(334)) - omNode-1@group-0AAC5367B30E-LeaderElection23 ELECTION round 0: result PASSED
2025-02-16 13:03:08,499 [omNode-1@group-0AAC5367B30E-LeaderElection23] INFO  impl.RoleInfo (RoleInfo.java:shutdownLeaderElection(141)) - omNode-1: shutdown omNode-1@group-0AAC5367B30E-LeaderElection23
2025-02-16 13:03:08,500 [omNode-1@group-0AAC5367B30E-LeaderElection23] INFO  server.RaftServer$Division (RaftServerImpl.java:setRole(378)) - omNode-1@group-0AAC5367B30E: changes role from CANDIDATE to LEADER at term 1 for changeToLeader
2025-02-16 13:03:08,500 [omNode-1@group-0AAC5367B30E-LeaderElection23] INFO  server.RaftServerConfigKeys (ConfUtils.java:logGet(46)) - raft.server.staging.catchup.gap = 1000 (default)
2025-02-16 13:03:08,500 [omNode-1@group-0AAC5367B30E-LeaderElection23] INFO  server.RaftServerConfigKeys (ConfUtils.java:logGet(46)) - raft.server.write.element-limit = 4096 (default)
2025-02-16 13:03:08,500 [omNode-1@group-0AAC5367B30E-LeaderElection23] INFO  server.RaftServerConfigKeys (ConfUtils.java:logGet(46)) - raft.server.write.byte-limit = 64MB (=67108864) (default)
2025-02-16 13:03:08,500 [omNode-1@group-0AAC5367B30E-LeaderElection23] INFO  server.RaftServerConfigKeys (ConfUtils.java:logGet(46)) - raft.server.watch.timeout = 10s (default)
2025-02-16 13:03:08,500 [omNode-1@group-0AAC5367B30E-LeaderElection23] INFO  server.RaftServerConfigKeys (ConfUtils.java:logGet(46)) - raft.server.watch.timeout.denomination = 1s (default)
2025-02-16 13:03:08,500 [omNode-1@group-0AAC5367B30E-LeaderElection23] INFO  server.RaftServerConfigKeys (ConfUtils.java:logGet(46)) - raft.server.watch.element-limit = 65536 (default)
2025-02-16 13:03:08,500 [omNode-1@group-0AAC5367B30E-LeaderElection23] INFO  server.RaftServerConfigKeys (ConfUtils.java:logGet(46)) - raft.server.read.leader.lease.enabled = false (default)
2025-02-16 13:03:08,500 [omNode-1@group-0AAC5367B30E-LeaderElection23] INFO  server.RaftServerConfigKeys (ConfUtils.java:logGet(46)) - raft.server.read.leader.lease.timeout.ratio = 0.9 (default)
2025-02-16 13:03:08,501 [omNode-1@group-0AAC5367B30E-LeaderElection23] INFO  server.RaftServerConfigKeys (ConfUtils.java:logGet(46)) - raft.server.rpc.timeout.min = 1s (custom)
2025-02-16 13:03:08,501 [omNode-1@group-0AAC5367B30E-LeaderElection23] INFO  server.RaftServerConfigKeys (ConfUtils.java:logGet(46)) - raft.server.log.log-metadata.enabled = true (default)
2025-02-16 13:03:08,501 [omNode-1@group-0AAC5367B30E-LeaderElection23] INFO  server.RaftServerConfigKeys (ConfUtils.java:logGet(46)) - raft.server.write.element-limit = 4096 (default)
2025-02-16 13:03:08,501 [omNode-1@group-0AAC5367B30E-LeaderElection23] INFO  server.RaftServerConfigKeys (ConfUtils.java:logGet(46)) - raft.server.write.follower.gap.ratio.max = -1.0 (default)
2025-02-16 13:03:08,501 [omNode-1@group-0AAC5367B30E-LeaderElection23] INFO  server.RaftServerConfigKeys (ConfUtils.java:logGet(46)) - raft.server.log.appender.snapshot.chunk.size.max = 16MB (=16777216) (default)
2025-02-16 13:03:08,501 [omNode-1@group-0AAC5367B30E-LeaderElection23] INFO  server.RaftServerConfigKeys (ConfUtils.java:logGet(46)) - raft.server.log.appender.buffer.byte-limit = 4194304 (custom)
2025-02-16 13:03:08,501 [omNode-1@group-0AAC5367B30E-LeaderElection23] INFO  server.RaftServerConfigKeys (ConfUtils.java:logGet(46)) - raft.server.log.appender.buffer.element-limit = 1024 (custom)
2025-02-16 13:03:08,501 [omNode-1@group-0AAC5367B30E-LeaderElection23] INFO  server.RaftServerConfigKeys (ConfUtils.java:logGet(46)) - raft.server.log.appender.wait-time.min = 0ms (custom)
2025-02-16 13:03:08,501 [omNode-1@group-0AAC5367B30E-LeaderElection23] INFO  grpc.GrpcConfigKeys (ConfUtils.java:logGet(46)) - raft.grpc.server.leader.outstanding.appends.max = 8 (default)
2025-02-16 13:03:08,501 [omNode-1@group-0AAC5367B30E-LeaderElection23] INFO  server.RaftServerConfigKeys (ConfUtils.java:logGet(46)) - raft.server.rpc.request.timeout = 3000ms (default)
2025-02-16 13:03:08,502 [omNode-1@group-0AAC5367B30E-LeaderElection23] INFO  grpc.GrpcConfigKeys (ConfUtils.java:logGet(46)) - raft.grpc.server.install_snapshot.request.element-limit = 8 (default)
2025-02-16 13:03:08,502 [omNode-1@group-0AAC5367B30E-LeaderElection23] INFO  grpc.GrpcConfigKeys (ConfUtils.java:logGet(46)) - raft.grpc.server.install_snapshot.request.timeout = 3000ms (default)
2025-02-16 13:03:08,502 [omNode-1@group-0AAC5367B30E-LeaderElection23] INFO  grpc.GrpcConfigKeys (ConfUtils.java:logGet(46)) - raft.grpc.server.log-message.batch.duration = 5s (default)
2025-02-16 13:03:08,502 [omNode-1@group-0AAC5367B30E-LeaderElection23] INFO  server.RaftServerConfigKeys (ConfUtils.java:logGet(46)) - raft.server.log.appender.install.snapshot.enabled = false (custom)
2025-02-16 13:03:08,502 [omNode-1@group-0AAC5367B30E-LeaderElection23] INFO  grpc.GrpcConfigKeys (ConfUtils.java:logGet(46)) - raft.grpc.server.heartbeat.channel = true (default)
2025-02-16 13:03:08,503 [omNode-1@group-0AAC5367B30E-LeaderElection23] INFO  server.RaftServerConfigKeys (ConfUtils.java:logGet(46)) - raft.server.log.appender.snapshot.chunk.size.max = 16MB (=16777216) (default)
2025-02-16 13:03:08,503 [omNode-1@group-0AAC5367B30E-LeaderElection23] INFO  server.RaftServerConfigKeys (ConfUtils.java:logGet(46)) - raft.server.log.appender.buffer.byte-limit = 4194304 (custom)
2025-02-16 13:03:08,503 [omNode-1@group-0AAC5367B30E-LeaderElection23] INFO  server.RaftServerConfigKeys (ConfUtils.java:logGet(46)) - raft.server.log.appender.buffer.element-limit = 1024 (custom)
2025-02-16 13:03:08,503 [omNode-1@group-0AAC5367B30E-LeaderElection23] INFO  server.RaftServerConfigKeys (ConfUtils.java:logGet(46)) - raft.server.log.appender.wait-time.min = 0ms (custom)
2025-02-16 13:03:08,503 [omNode-1@group-0AAC5367B30E-LeaderElection23] INFO  grpc.GrpcConfigKeys (ConfUtils.java:logGet(46)) - raft.grpc.server.leader.outstanding.appends.max = 8 (default)
2025-02-16 13:03:08,503 [omNode-1@group-0AAC5367B30E-LeaderElection23] INFO  server.RaftServerConfigKeys (ConfUtils.java:logGet(46)) - raft.server.rpc.request.timeout = 3000ms (default)
2025-02-16 13:03:08,503 [omNode-1@group-0AAC5367B30E-LeaderElection23] INFO  grpc.GrpcConfigKeys (ConfUtils.java:logGet(46)) - raft.grpc.server.install_snapshot.request.element-limit = 8 (default)
2025-02-16 13:03:08,503 [omNode-1@group-0AAC5367B30E-LeaderElection23] INFO  grpc.GrpcConfigKeys (ConfUtils.java:logGet(46)) - raft.grpc.server.install_snapshot.request.timeout = 3000ms (default)
2025-02-16 13:03:08,504 [omNode-1@group-0AAC5367B30E-LeaderElection23] INFO  grpc.GrpcConfigKeys (ConfUtils.java:logGet(46)) - raft.grpc.server.log-message.batch.duration = 5s (default)
2025-02-16 13:03:08,504 [omNode-1@group-0AAC5367B30E-LeaderElection23] INFO  server.RaftServerConfigKeys (ConfUtils.java:logGet(46)) - raft.server.log.appender.install.snapshot.enabled = false (custom)
2025-02-16 13:03:08,504 [omNode-1@group-0AAC5367B30E-LeaderElection23] INFO  grpc.GrpcConfigKeys (ConfUtils.java:logGet(46)) - raft.grpc.server.heartbeat.channel = true (default)
2025-02-16 13:03:08,504 [omNode-1@group-0AAC5367B30E-LeaderElection23] INFO  impl.RoleInfo (RoleInfo.java:updateAndGet(148)) - omNode-1: start omNode-1@group-0AAC5367B30E-LeaderStateImpl
2025-02-16 13:03:08,504 [omNode-1@group-0AAC5367B30E-LeaderElection23] INFO  server.RaftServer$Division (RaftServerImpl.java:setFirstElection(562)) - omNode-1@group-0AAC5367B30E: set firstElectionSinceStartup to false for becomeLeader
2025-02-16 13:03:08,504 [omNode-1@group-0AAC5367B30E-LeaderElection23] INFO  ratis.OzoneManagerStateMachine (OzoneManagerStateMachine.java:notifyLeaderChanged(165)) - omNode-1@group-0AAC5367B30E: leader changed to omNode-1
2025-02-16 13:03:08,504 [omNode-1@group-0AAC5367B30E-LeaderElection23] INFO  server.RaftServer$Division (ServerState.java:setLeader(272)) - omNode-1@group-0AAC5367B30E: change Leader from null to omNode-1 at term 1 for becomeLeader, leader elected after 1485ms
2025-02-16 13:03:08,504 [omNode-1@group-0AAC5367B30E-LeaderElection23] INFO  segmented.SegmentedRaftLogWorker (SegmentedRaftLogWorker.java:startLogSegment(438)) - omNode-1@group-0AAC5367B30E-SegmentedRaftLogWorker: Starting segment from index:0
2025-02-16 13:03:08,505 [omNode-1@group-0AAC5367B30E-SegmentedRaftLogWorker] INFO  segmented.BufferedWriteChannel (BufferedWriteChannel.java:open(61)) - open log_inprogress_0 at position 0
2025-02-16 13:03:08,505 [omNode-1@group-0AAC5367B30E-LeaderElection23] INFO  server.RaftServer$Division (ServerState.java:setRaftConf(386)) - omNode-1@group-0AAC5367B30E: set configuration conf: {index: 0, cur=peers:[omNode-3|localhost:15131, omNode-1|localhost:15123, omNode-2|localhost:15127]|listeners:[], old=null}
2025-02-16 13:03:08,506 [grpc-default-executor-0] WARN  server.GrpcLogAppender (LogUtils.java:warn(121)) - omNode-1@group-0AAC5367B30E->omNode-3-AppendLogResponseHandler: Failed appendEntries: org.apache.ratis.thirdparty.io.grpc.StatusRuntimeException: UNAVAILABLE: io exception
2025-02-16 13:03:08,510 [grpc-default-executor-0] WARN  server.GrpcLogAppender (GrpcLogAppender.java:lambda$resetClient$1(221)) - omNode-1@group-0AAC5367B30E->omNode-3-GrpcLogAppender: Follower failed (request=null, errorCount=1); keep nextIndex (0) unchanged and retry.
2025-02-16 13:03:08,512 [grpc-default-executor-0] WARN  server.GrpcLogAppender (GrpcLogAppender.java:lambda$resetClient$1(221)) - omNode-1@group-0AAC5367B30E->omNode-3-GrpcLogAppender: Follower failed (request=null, errorCount=3); keep nextIndex (1) unchanged and retry.
2025-02-16 13:03:08,513 [omNode-2-server-thread1] INFO  ratis.OzoneManagerStateMachine (OzoneManagerStateMachine.java:notifyLeaderChanged(165)) - omNode-2@group-0AAC5367B30E: leader changed to omNode-1
2025-02-16 13:03:08,514 [omNode-2-server-thread1] INFO  server.RaftServer$Division (ServerState.java:setLeader(272)) - omNode-2@group-0AAC5367B30E: change Leader from null to omNode-1 at term 1 for appendEntries, leader elected after 836ms
2025-02-16 13:03:08,514 [omNode-2-server-thread1] INFO  server.RaftServer$Division (ServerState.java:setRaftConf(386)) - omNode-2@group-0AAC5367B30E: set configuration conf: {index: 0, cur=peers:[omNode-3|localhost:15131, omNode-1|localhost:15123, omNode-2|localhost:15127]|listeners:[], old=null}
2025-02-16 13:03:08,514 [omNode-2-server-thread1] INFO  segmented.SegmentedRaftLogWorker (SegmentedRaftLogWorker.java:startLogSegment(438)) - omNode-2@group-0AAC5367B30E-SegmentedRaftLogWorker: Starting segment from index:0
2025-02-16 13:03:08,514 [omNode-2@group-0AAC5367B30E-SegmentedRaftLogWorker] INFO  segmented.BufferedWriteChannel (BufferedWriteChannel.java:open(61)) - open log_inprogress_0 at position 0
2025-02-16 13:03:08,515 [omNode-1@group-0AAC5367B30E-SegmentedRaftLogWorker] INFO  segmented.SegmentedRaftLogWorker (SegmentedRaftLogWorker.java:execute(644)) - omNode-1@group-0AAC5367B30E-SegmentedRaftLogWorker: created new log segment /home/runner/work/ozone/ozone/hadoop-ozone/integration-test/target/test-dir/MiniOzoneClusterImpl-8cdb299b-b154-4fd3-af09-aa8d0bad65b8/omNode-1/ratis/0718e334-ffa1-36bc-8e9a-0aac5367b30e/current/log_inprogress_0
2025-02-16 13:03:08,524 [omNode-2@group-0AAC5367B30E-SegmentedRaftLogWorker] INFO  segmented.SegmentedRaftLogWorker (SegmentedRaftLogWorker.java:execute(644)) - omNode-2@group-0AAC5367B30E-SegmentedRaftLogWorker: created new log segment /home/runner/work/ozone/ozone/hadoop-ozone/integration-test/target/test-dir/MiniOzoneClusterImpl-8cdb299b-b154-4fd3-af09-aa8d0bad65b8/omNode-2/ratis/0718e334-ffa1-36bc-8e9a-0aac5367b30e/current/log_inprogress_0
2025-02-16 13:03:08,527 [omNode-1@group-0AAC5367B30E-StateMachineUpdater] INFO  ratis.OzoneManagerStateMachine (OzoneManagerStateMachine.java:notifyConfigurationChanged(227)) - notifyConfigurationChanged from Ratis: term=1, index=0, New Peer list: omNode-3(localhost:15131), omNode-1(localhost:15123), omNode-2(localhost:15127)
2025-02-16 13:03:08,527 [omNode-1@group-0AAC5367B30E-StateMachineUpdater] INFO  server.RaftServer$Division (LeaderStateImpl.java:checkStartIndex(313)) - Leader omNode-1@group-0AAC5367B30E-LeaderStateImpl is ready since appliedIndex == startIndex == 0
2025-02-16 13:03:08,664 [main] INFO  reflections.Reflections (Reflections.java:scan(219)) - Reflections took 334 ms to scan 21 urls, producing 61 keys and 7316 values
2025-02-16 13:03:08,666 [main] INFO  ipc.CallQueueManager (CallQueueManager.java:<init>(93)) - Using callQueue: class java.util.concurrent.LinkedBlockingQueue, queueCapacity: 2000, scheduler: class org.apache.hadoop.ipc.DefaultRpcScheduler, ipcBackoff: false, ipcFailOver: false.
2025-02-16 13:03:08,666 [main] INFO  ipc.Server (Server.java:<init>(1438)) - Listener at 127.0.0.1:15128
2025-02-16 13:03:08,666 [Socket Reader #1 for port 15128] INFO  ipc.Server (Server.java:run(1474)) - Starting Socket Reader #1 for port 15128
2025-02-16 13:03:08,666 [Socket Reader #2 for port 15128] INFO  ipc.Server (Server.java:run(1474)) - Starting Socket Reader #2 for port 15128
2025-02-16 13:03:08,667 [Socket Reader #3 for port 15128] INFO  ipc.Server (Server.java:run(1474)) - Starting Socket Reader #3 for port 15128
2025-02-16 13:03:08,667 [Socket Reader #4 for port 15128] INFO  ipc.Server (Server.java:run(1474)) - Starting Socket Reader #4 for port 15128
2025-02-16 13:03:08,667 [Socket Reader #5 for port 15128] INFO  ipc.Server (Server.java:run(1474)) - Starting Socket Reader #5 for port 15128
2025-02-16 13:03:08,667 [Socket Reader #6 for port 15128] INFO  ipc.Server (Server.java:run(1474)) - Starting Socket Reader #6 for port 15128
2025-02-16 13:03:08,667 [Socket Reader #7 for port 15128] INFO  ipc.Server (Server.java:run(1474)) - Starting Socket Reader #7 for port 15128
2025-02-16 13:03:08,667 [Socket Reader #8 for port 15128] INFO  ipc.Server (Server.java:run(1474)) - Starting Socket Reader #8 for port 15128
2025-02-16 13:03:08,667 [Socket Reader #9 for port 15128] INFO  ipc.Server (Server.java:run(1474)) - Starting Socket Reader #9 for port 15128
2025-02-16 13:03:08,668 [Socket Reader #10 for port 15128] INFO  ipc.Server (Server.java:run(1474)) - Starting Socket Reader #10 for port 15128
2025-02-16 13:03:08,684 [main] INFO  impl.MetricsSystemImpl (MetricsSystemImpl.java:init(158)) - OzoneManager metrics system started (again)
2025-02-16 13:03:08,692 [main] INFO  om.OzoneManager (OzoneManager.java:start(1678)) - OzoneManager RPC server is listening at localhost/127.0.0.1:15128
2025-02-16 13:03:08,692 [main] INFO  ratis.OzoneManagerRatisServer (OzoneManagerRatisServer.java:start(634)) - Starting OzoneManagerRatisServer omNode-3 at port 15131
2025-02-16 13:03:08,692 [omNode-3-impl-thread1] INFO  server.RaftServerConfigKeys (ConfUtils.java:logGet(46)) - raft.server.storage.free-space.min = 0MB (=0) (default)
2025-02-16 13:03:08,692 [omNode-3-impl-thread1] INFO  server.RaftServerConfigKeys (ConfUtils.java:logGet(46)) - raft.server.log.corruption.policy = EXCEPTION (default)
2025-02-16 13:03:08,693 [omNode-3-impl-thread1] INFO  server.RaftServerConfigKeys (ConfUtils.java:logGet(46)) - raft.server.storage.dir = [/home/runner/work/ozone/ozone/hadoop-ozone/integration-test/target/test-dir/MiniOzoneClusterImpl-8cdb299b-b154-4fd3-af09-aa8d0bad65b8/omNode-3/ratis] (custom)
2025-02-16 13:03:08,693 [omNode-3-impl-thread1] INFO  storage.RaftStorageDirectory (RaftStorageDirectoryImpl.java:analyzeStorage(138)) - The storage directory /home/runner/work/ozone/ozone/hadoop-ozone/integration-test/target/test-dir/MiniOzoneClusterImpl-8cdb299b-b154-4fd3-af09-aa8d0bad65b8/omNode-3/ratis/0718e334-ffa1-36bc-8e9a-0aac5367b30e does not exist. Creating ...
2025-02-16 13:03:08,694 [omNode-3-impl-thread1] INFO  storage.RaftStorageDirectory (RaftStorageDirectoryImpl.java:tryLock(229)) - Lock on /home/runner/work/ozone/ozone/hadoop-ozone/integration-test/target/test-dir/MiniOzoneClusterImpl-8cdb299b-b154-4fd3-af09-aa8d0bad65b8/omNode-3/ratis/0718e334-ffa1-36bc-8e9a-0aac5367b30e/in_use.lock acquired by nodename 113671@fv-az1944-819
2025-02-16 13:03:08,695 [omNode-3-impl-thread1] INFO  storage.RaftStorage (RaftStorageImpl.java:format(98)) - Storage directory /home/runner/work/ozone/ozone/hadoop-ozone/integration-test/target/test-dir/MiniOzoneClusterImpl-8cdb299b-b154-4fd3-af09-aa8d0bad65b8/omNode-3/ratis/0718e334-ffa1-36bc-8e9a-0aac5367b30e has been successfully formatted.
2025-02-16 13:03:08,695 [omNode-3-impl-thread1] INFO  ratis.OzoneManagerStateMachine (OzoneManagerStateMachine.java:lambda$0(139)) - omNode-3: initialize group-0AAC5367B30E with (t:0, i:~)
2025-02-16 13:03:08,695 [omNode-3-impl-thread1] INFO  server.RaftServerConfigKeys (ConfUtils.java:logGet(46)) - raft.server.log.use.memory = false (default)
2025-02-16 13:03:08,695 [omNode-3-impl-thread1] INFO  server.RaftServerConfigKeys (ConfUtils.java:logGet(46)) - raft.server.log.purge.gap = 1000000 (custom)
2025-02-16 13:03:08,695 [omNode-3-impl-thread1] INFO  server.RaftServerConfigKeys (ConfUtils.java:logGet(46)) - raft.server.log.appender.buffer.byte-limit = 4194304 (custom)
2025-02-16 13:03:08,695 [omNode-3-impl-thread1] INFO  server.RaftServerConfigKeys (ConfUtils.java:logGet(46)) - raft.server.log.statemachine.data.read.timeout = 1000ms (default)
2025-02-16 13:03:08,695 [omNode-3-impl-thread1] INFO  server.RaftServerConfigKeys (ConfUtils.java:logGet(46)) - raft.server.log.purge.preservation.log.num = 0 (default)
2025-02-16 13:03:08,696 [omNode-3-impl-thread1] INFO  server.RaftServerConfigKeys (ConfUtils.java:logGet(46)) - raft.server.log.segment.size.max = 4194304 (custom)
2025-02-16 13:03:08,696 [omNode-3-impl-thread1] INFO  server.RaftServerConfigKeys (ConfUtils.java:logGet(46)) - raft.server.log.segment.cache.num.max = 2 (custom)
2025-02-16 13:03:08,696 [omNode-3-impl-thread1] INFO  server.RaftServerConfigKeys (ConfUtils.java:logGet(46)) - raft.server.log.segment.cache.size.max = 200MB (=209715200) (default)
2025-02-16 13:03:08,696 [omNode-3-impl-thread1] INFO  server.RaftServerConfigKeys (ConfUtils.java:logGet(46)) - raft.server.log.appender.buffer.byte-limit = 4194304 (custom)
2025-02-16 13:03:08,696 [omNode-3-impl-thread1] INFO  util.AwaitToRun (AwaitToRun.java:start(81)) - Thread[#3348,omNode-3@group-0AAC5367B30E-cacheEviction-AwaitToRun,5,main] started
2025-02-16 13:03:08,697 [omNode-3-impl-thread1] INFO  segmented.SegmentedRaftLogWorker (SegmentedRaftLogWorker.java:<init>(188)) - new omNode-3@group-0AAC5367B30E-SegmentedRaftLogWorker for RaftStorageImpl:Storage Directory /home/runner/work/ozone/ozone/hadoop-ozone/integration-test/target/test-dir/MiniOzoneClusterImpl-8cdb299b-b154-4fd3-af09-aa8d0bad65b8/omNode-3/ratis/0718e334-ffa1-36bc-8e9a-0aac5367b30e
2025-02-16 13:03:08,697 [omNode-3-impl-thread1] INFO  server.RaftServerConfigKeys (ConfUtils.java:logGet(46)) - raft.server.log.queue.byte-limit = 64MB (=67108864) (default)
2025-02-16 13:03:08,697 [omNode-3-impl-thread1] INFO  server.RaftServerConfigKeys (ConfUtils.java:logGet(46)) - raft.server.log.queue.element-limit = 4096 (default)
2025-02-16 13:03:08,697 [omNode-3-impl-thread1] INFO  server.RaftServerConfigKeys (ConfUtils.java:logGet(46)) - raft.server.log.segment.size.max = 4194304 (custom)
2025-02-16 13:03:08,697 [omNode-3-impl-thread1] INFO  server.RaftServerConfigKeys (ConfUtils.java:logGet(46)) - raft.server.log.preallocated.size = 4194304 (custom)
2025-02-16 13:03:08,697 [omNode-3-impl-thread1] INFO  server.RaftServerConfigKeys (ConfUtils.java:logGet(46)) - raft.server.log.force.sync.num = 128 (default)
2025-02-16 13:03:08,697 [omNode-3-impl-thread1] INFO  server.RaftServerConfigKeys (ConfUtils.java:logGet(46)) - raft.server.log.statemachine.data.sync = true (default)
2025-02-16 13:03:08,697 [omNode-3-impl-thread1] INFO  server.RaftServerConfigKeys (ConfUtils.java:logGet(46)) - raft.server.log.statemachine.data.sync.timeout = 10s (default)
2025-02-16 13:03:08,697 [omNode-3-impl-thread1] INFO  server.RaftServerConfigKeys (ConfUtils.java:logGet(46)) - raft.server.log.statemachine.data.sync.timeout.retry = -1 (default)
2025-02-16 13:03:08,697 [omNode-3-impl-thread1] INFO  server.RaftServerConfigKeys (ConfUtils.java:logGet(46)) - raft.server.log.write.buffer.size = 4194312 (custom)
2025-02-16 13:03:08,698 [omNode-3-impl-thread1] INFO  server.RaftServerConfigKeys (ConfUtils.java:logGet(46)) - raft.server.log.appender.buffer.byte-limit = 4194304 (custom)
2025-02-16 13:03:08,698 [omNode-3-impl-thread1] INFO  server.RaftServerConfigKeys (ConfUtils.java:logGet(46)) - raft.server.log.unsafe-flush.enabled = false (default)
2025-02-16 13:03:08,698 [omNode-3-impl-thread1] INFO  server.RaftServerConfigKeys (ConfUtils.java:logGet(46)) - raft.server.log.async-flush.enabled = false (default)
2025-02-16 13:03:08,698 [omNode-3-impl-thread1] INFO  server.RaftServerConfigKeys (ConfUtils.java:logGet(46)) - raft.server.log.statemachine.data.caching.enabled = false (default)
2025-02-16 13:03:08,698 [omNode-3-impl-thread1] INFO  segmented.SegmentedRaftLogWorker (SegmentedRaftLogWorker.java:lambda$new$0(139)) - omNode-3@group-0AAC5367B30E-SegmentedRaftLogWorker: flushIndex: setUnconditionally 0 -> -1
2025-02-16 13:03:08,699 [omNode-3-impl-thread1] INFO  segmented.SegmentedRaftLogWorker (SegmentedRaftLogWorker.java:lambda$new$0(139)) - omNode-3@group-0AAC5367B30E-SegmentedRaftLogWorker: safeCacheEvictIndex: setUnconditionally 0 -> -1
2025-02-16 13:03:08,699 [omNode-3-impl-thread1] INFO  server.RaftServer$Division (RaftServerImpl.java:start(391)) - omNode-3@group-0AAC5367B30E: start as a follower, conf=conf: {index: -1, cur=peers:[omNode-3|localhost:15131, omNode-1|localhost:15123, omNode-2|localhost:15127]|listeners:[], old=null}
2025-02-16 13:03:08,699 [omNode-3-impl-thread1] INFO  server.RaftServer$Division (RaftServerImpl.java:setRole(378)) - omNode-3@group-0AAC5367B30E: changes role from      null to FOLLOWER at term 0 for startAsFollower
2025-02-16 13:03:08,699 [omNode-3-impl-thread1] INFO  impl.RoleInfo (RoleInfo.java:updateAndGet(148)) - omNode-3: start omNode-3@group-0AAC5367B30E-FollowerState
2025-02-16 13:03:08,699 [omNode-3-impl-thread1] INFO  util.JmxRegister (JmxRegister.java:tryRegister(44)) - Successfully registered JMX Bean with object name Ratis:service=RaftServer,group=group-0AAC5367B30E,id=omNode-3
2025-02-16 13:03:08,699 [omNode-3-impl-thread1] INFO  util.JmxRegister (JmxRegister.java:register(58)) - register mxBean class org.apache.ratis.server.impl.RaftServerJmxAdapter as Ratis:service=RaftServer,group=group-0AAC5367B30E,id=omNode-3
2025-02-16 13:03:08,699 [omNode-3@group-0AAC5367B30E-FollowerState] INFO  server.RaftServerConfigKeys (ConfUtils.java:logFallback(53)) - raft.server.rpc.first-election.timeout.min = 1s (fallback to raft.server.rpc.timeout.min)
2025-02-16 13:03:08,699 [omNode-3-impl-thread1] INFO  server.RaftServerConfigKeys (ConfUtils.java:logGet(46)) - raft.server.snapshot.trigger-when-stop.enabled = true (default)
2025-02-16 13:03:08,699 [omNode-3-impl-thread1] INFO  server.RaftServerConfigKeys (ConfUtils.java:logGet(46)) - raft.server.snapshot.trigger-when-remove.enabled = true (default)
2025-02-16 13:03:08,699 [omNode-3-impl-thread1] INFO  server.RaftServerConfigKeys (ConfUtils.java:logGet(46)) - raft.server.snapshot.auto.trigger.enabled = true (custom)
2025-02-16 13:03:08,699 [omNode-3@group-0AAC5367B30E-FollowerState] INFO  server.RaftServerConfigKeys (ConfUtils.java:logFallback(53)) - raft.server.rpc.first-election.timeout.max = 1200ms (fallback to raft.server.rpc.timeout.max)
2025-02-16 13:03:08,699 [omNode-3-impl-thread1] INFO  server.RaftServerConfigKeys (ConfUtils.java:logGet(46)) - raft.server.snapshot.auto.trigger.threshold = 400000 (default)
2025-02-16 13:03:08,700 [omNode-3-impl-thread1] INFO  server.RaftServerConfigKeys (ConfUtils.java:logGet(46)) - raft.server.snapshot.retention.file.num = -1 (default)
2025-02-16 13:03:08,700 [omNode-3-impl-thread1] INFO  server.RaftServerConfigKeys (ConfUtils.java:logGet(46)) - raft.server.log.purge.upto.snapshot.index = true (custom)
2025-02-16 13:03:08,700 [omNode-3-impl-thread1] INFO  server.RaftServer$Division (RaftServerImpl.java:start(405)) - omNode-3@group-0AAC5367B30E: Successfully started.
2025-02-16 13:03:08,700 [main] INFO  server.RaftServer (RaftServerProxy.java:startImpl(407)) - omNode-3: start RPC server
2025-02-16 13:03:08,701 [main] INFO  server.GrpcService (GrpcService.java:startImpl(334)) - omNode-3: GrpcService started, listening on 15131
2025-02-16 13:03:08,701 [JvmPauseMonitor19] INFO  util.JvmPauseMonitor (JvmPauseMonitor.java:run(146)) - JvmPauseMonitor-omNode-3: Started
2025-02-16 13:03:08,701 [main] INFO  om.OzoneManager (OzoneManager.java:start(1693)) - Version File has different layout version (8) than OM DB (null). That is expected if this OM has never been finalized to a newer layout version.
2025-02-16 13:03:08,703 [main] INFO  client.ScmTopologyClient (ScmTopologyClient.java:start(70)) - Initial network topology fetched from SCM: /.
2025-02-16 13:03:08,703 [main] INFO  net.NodeSchemaLoader (NodeSchemaLoader.java:loadSchemaFromFile(127)) - Loading schema from [jar:file:/home/runner/work/ozone/ozone/hadoop-hdds/common/target/hdds-common-2.0.0-SNAPSHOT.jar!/network-topology-default.xml]
2025-02-16 13:03:08,703 [main] INFO  net.NodeSchemaLoader (NodeSchemaLoader.java:loadSchema(174)) - Loading network topology layer schema file
2025-02-16 13:03:08,707 [main] INFO  http.BaseHttpServer (BaseHttpServer.java:newHttpServer2BuilderForOzone(230)) - Starting Web-server for ozoneManager at: http://0.0.0.0:15129
2025-02-16 13:03:08,707 [main] INFO  http.BaseHttpServer (BaseHttpServer.java:<init>(108)) - Hadoop Security Enabled: false Ozone Security Enabled: false Ozone HTTP Security Enabled: false 
2025-02-16 13:03:08,708 [main] WARN  server.AuthenticationFilter (AuthenticationFilter.java:constructSecretProvider(240)) - Unable to initialize FileSignerSecretProvider, falling back to use random secrets. Reason: Could not read signature secret file: /home/runner/hadoop-http-auth-signature-secret
2025-02-16 13:03:08,709 [main] INFO  http.HttpRequestLog (HttpRequestLog.java:getRequestLog(85)) - Http request log for http.requests.ozoneManager is not defined
2025-02-16 13:03:08,710 [main] INFO  http.HttpServer2 (HttpServer2.java:addGlobalFilter(1038)) - Added global filter 'safety' (class=org.apache.hadoop.hdds.server.http.HttpServer2$QuotingInputFilter)
2025-02-16 13:03:08,710 [main] INFO  http.HttpServer2 (HttpServer2.java:addFilter(1014)) - Added filter static_user_filter (class=org.apache.hadoop.http.lib.StaticUserWebFilter$StaticUserFilter) to context ozoneManager
2025-02-16 13:03:08,710 [main] INFO  http.HttpServer2 (HttpServer2.java:addFilter(1022)) - Added filter static_user_filter (class=org.apache.hadoop.http.lib.StaticUserWebFilter$StaticUserFilter) to context logs
2025-02-16 13:03:08,710 [main] INFO  http.HttpServer2 (HttpServer2.java:addFilter(1022)) - Added filter static_user_filter (class=org.apache.hadoop.http.lib.StaticUserWebFilter$StaticUserFilter) to context static
2025-02-16 13:03:08,711 [main] INFO  http.BaseHttpServer (BaseHttpServer.java:<init>(196)) - HTTP server of ozoneManager uses base directory /home/runner/work/ozone/ozone/hadoop-ozone/integration-test/target/test-dir/MiniOzoneClusterImpl-8cdb299b-b154-4fd3-af09-aa8d0bad65b8/omNode-3/webserver
2025-02-16 13:03:08,711 [main] INFO  http.HttpServer2 (HttpServer2.java:bindListener(1238)) - Jetty bound to port 15129
2025-02-16 13:03:08,711 [main] INFO  server.Server (Server.java:doStart(375)) - jetty-9.4.57.v20241219; built: 2025-01-08T21:24:30.412Z; git: df524e6b29271c2e09ba9aea83c18dc9db464a31; jvm 21.0.6+7-LTS
2025-02-16 13:03:08,712 [main] INFO  server.session (DefaultSessionIdManager.java:doStart(334)) - DefaultSessionIdManager workerName=node0
2025-02-16 13:03:08,712 [main] INFO  server.session (DefaultSessionIdManager.java:doStart(339)) - No SessionScavenger set, using defaults
2025-02-16 13:03:08,712 [main] INFO  server.session (HouseKeeper.java:startScavenging(132)) - node0 Scavenging every 660000ms
2025-02-16 13:03:08,713 [main] INFO  handler.ContextHandler (ContextHandler.java:doStart(921)) - Started o.e.j.s.ServletContextHandler@5a7a034d{logs,/logs,file:///home/runner/work/ozone/ozone/hadoop-ozone/integration-test/target/log,AVAILABLE}
2025-02-16 13:03:08,713 [main] INFO  handler.ContextHandler (ContextHandler.java:doStart(921)) - Started o.e.j.s.ServletContextHandler@3600fd7f{static,/static,file:///home/runner/work/ozone/ozone/hadoop-ozone/integration-test/target/test-classes/webapps/static,AVAILABLE}
2025-02-16 13:03:08,718 [main] INFO  handler.ContextHandler (ContextHandler.java:doStart(921)) - Started o.e.j.w.WebAppContext@6e35df79{ozoneManager,/,file:///home/runner/work/ozone/ozone/hadoop-ozone/integration-test/target/test-classes/webapps/ozoneManager/,AVAILABLE}{file:/home/runner/work/ozone/ozone/hadoop-ozone/integration-test/target/test-classes/webapps/ozoneManager}
2025-02-16 13:03:08,719 [main] INFO  server.AbstractConnector (AbstractConnector.java:doStart(333)) - Started ServerConnector@7b522bb4{HTTP/1.1, (http/1.1)}{0.0.0.0:15129}
2025-02-16 13:03:08,719 [main] INFO  server.Server (Server.java:doStart(415)) - Started @113091ms
2025-02-16 13:03:08,719 [main] WARN  impl.MetricsSystemImpl (MetricsSystemImpl.java:register(279)) - Sink prometheus already exists!
2025-02-16 13:03:08,719 [main] INFO  http.BaseHttpServer (BaseHttpServer.java:updateConnectorAddress(361)) - HTTP server of ozoneManager listening at http://0.0.0.0:15129
2025-02-16 13:03:08,719 [IPC Server Responder] INFO  ipc.Server (Server.java:run(1713)) - IPC Server Responder: starting
2025-02-16 13:03:08,720 [IPC Server listener on 15128] INFO  ipc.Server (Server.java:run(1553)) - IPC Server listener on 15128: starting
2025-02-16 13:03:08,722 [main] INFO  om.OzoneManager (OzoneManager.java:startTrashEmptier(2148)) - Trash Interval set to 0. Files deleted won't move to trash
2025-02-16 13:03:08,722 [main] INFO  ozone.MiniOzoneHAClusterImpl (MiniOzoneHAClusterImpl.java:createOMService(515)) - Started OzoneManager omNode-3 RPC server at localhost/127.0.0.1:15128
2025-02-16 13:03:08,731 [main] WARN  dropwizard3.Dm3MetricRegistriesImpl (Dm3MetricRegistriesImpl.java:addReporterRegistration(114)) - New reporters are added after registries were created. Some metrics will be missing from the reporter. Please add reporter before adding any new registry.
2025-02-16 13:03:08,731 [main] WARN  dropwizard3.Dm3MetricRegistriesImpl (Dm3MetricRegistriesImpl.java:addReporterRegistration(114)) - New reporters are added after registries were created. Some metrics will be missing from the reporter. Please add reporter before adding any new registry.
2025-02-16 13:03:08,731 [main] INFO  impl.MetricsSystemImpl (MetricsSystemImpl.java:init(158)) - HddsDatanode metrics system started (again)
2025-02-16 13:03:08,740 [main] INFO  ozone.HddsDatanodeService (HddsDatanodeService.java:start(242)) - HddsDatanodeService host:fv-az1944-819.zvagubjpb1fenlvaxs5xdggbeb.ex.internal.cloudapp.net ip:10.1.0.110
2025-02-16 13:03:08,742 [main] INFO  upgrade.AbstractLayoutVersionManager (AbstractLayoutVersionManager.java:init(80)) - Initializing Layout version manager with metadata layout = HBASE_SUPPORT (version = 8), software layout = HBASE_SUPPORT (version = 8)
2025-02-16 13:03:08,743 [main] INFO  ha.SCMNodeInfo (SCMNodeInfo.java:getPort(194)) - ConfigKey ozone.scm.client.address is deprecated, For configuring different ports for each SCM use PortConfigKey ozone.scm.client.port appended with serviceId and nodeId
2025-02-16 13:03:08,743 [main] INFO  ha.SCMNodeInfo (SCMNodeInfo.java:getPort(194)) - ConfigKey ozone.scm.block.client.address is deprecated, For configuring different ports for each SCM use PortConfigKey ozone.scm.block.client.port appended with serviceId and nodeId
2025-02-16 13:03:08,743 [main] INFO  ha.SCMNodeInfo (SCMNodeInfo.java:getPort(194)) - ConfigKey ozone.scm.security.service.address is deprecated, For configuring different ports for each SCM use PortConfigKey ozone.scm.security.service.port appended with serviceId and nodeId
2025-02-16 13:03:08,743 [main] INFO  ha.SCMNodeInfo (SCMNodeInfo.java:getPort(194)) - ConfigKey ozone.scm.datanode.address is deprecated, For configuring different ports for each SCM use PortConfigKey ozone.scm.datanode.port appended with serviceId and nodeId
2025-02-16 13:03:08,743 [main] INFO  statemachine.DatanodeStateMachine (DatanodeStateMachine.java:getEndPointTaskThreadPoolSize(293)) - Datanode State Machine Task Thread Pool size 2
2025-02-16 13:03:08,746 [main] INFO  volume.HddsVolume (HddsVolume.java:<init>(131)) - Creating HddsVolume: /home/runner/work/ozone/ozone/hadoop-ozone/integration-test/target/test-dir/MiniOzoneClusterImpl-8cdb299b-b154-4fd3-af09-aa8d0bad65b8/ozone-meta/datanode-1/data-0/hdds of storage type: DISK, capacity=9222449699674390527, used=0, available=9222449699674390527
2025-02-16 13:03:08,746 [main] INFO  volume.MutableVolumeSet (MutableVolumeSet.java:initializeVolumeSet(171)) - Added Volume : /home/runner/work/ozone/ozone/hadoop-ozone/integration-test/target/test-dir/MiniOzoneClusterImpl-8cdb299b-b154-4fd3-af09-aa8d0bad65b8/ozone-meta/datanode-1/data-0/hdds to VolumeSet
2025-02-16 13:03:08,747 [main] INFO  volume.MutableVolumeSet (MutableVolumeSet.java:initializeVolumeSet(171)) - Added Volume : /home/runner/work/ozone/ozone/hadoop-ozone/integration-test/target/test-dir/MiniOzoneClusterImpl-8cdb299b-b154-4fd3-af09-aa8d0bad65b8/ozone-meta/datanode-1/ratis to VolumeSet
2025-02-16 13:03:08,747 [main] INFO  ozoneimpl.OzoneContainer (HddsVolumeUtil.java:loadAllHddsVolumeDbStore(101)) - Load 1 volumes DbStore cost: 0ms
2025-02-16 13:03:08,748 [main] WARN  db.DBStoreBuilder (DBStoreBuilder.java:getDBDirPath(168)) - ozone.scm.datanode.id.dir is not configured. We recommend adding this setting. Falling back to ozone.metadata.dirs instead.
2025-02-16 13:03:08,748 [main] WARN  db.DBStoreBuilder (DBStoreBuilder.java:getDBDirPath(168)) - ozone.scm.datanode.id.dir is not configured. We recommend adding this setting. Falling back to ozone.metadata.dirs instead.
2025-02-16 13:03:08,760 [main] INFO  impl.FilePerChunkStrategy (FilePerChunkStrategy.java:<init>(82)) - ozone.chunk.read.mapped.buffer.max.count is load with 0
2025-02-16 13:03:08,760 [main] INFO  impl.FilePerBlockStrategy (FilePerBlockStrategy.java:<init>(90)) - ozone.chunk.read.mapped.buffer.max.count is load with 0
2025-02-16 13:03:08,761 [main] INFO  server.RaftServerConfigKeys (ConfUtils.java:logGet(46)) - raft.server.log.appender.buffer.byte-limit = 33554432 (custom)
2025-02-16 13:03:08,762 [main] INFO  server.RaftServer (ConfUtils.java:logGet(46)) - raft.rpc.type = GRPC (default)
2025-02-16 13:03:08,762 [main] INFO  grpc.GrpcConfigKeys (ConfUtils.java:logFallback(53)) - raft.grpc.admin.host = null (fallback to raft.grpc.server.host)
2025-02-16 13:03:08,762 [main] INFO  grpc.GrpcConfigKeys (ConfUtils.java:logGet(46)) - raft.grpc.admin.port = 15137 (custom)
2025-02-16 13:03:08,762 [main] INFO  grpc.GrpcConfigKeys (ConfUtils.java:logFallback(53)) - raft.grpc.client.host = null (fallback to raft.grpc.server.host)
2025-02-16 13:03:08,763 [main] INFO  grpc.GrpcConfigKeys (ConfUtils.java:logGet(46)) - raft.grpc.client.port = 15136 (custom)
2025-02-16 13:03:08,763 [main] INFO  grpc.GrpcConfigKeys (ConfUtils.java:logGet(46)) - raft.grpc.server.host = null (default)
2025-02-16 13:03:08,763 [main] INFO  grpc.GrpcConfigKeys (ConfUtils.java:logGet(46)) - raft.grpc.server.port = 15138 (custom)
2025-02-16 13:03:08,763 [main] INFO  server.GrpcService (ConfUtils.java:logGet(46)) - raft.grpc.message.size.max = 34603008 (custom)
2025-02-16 13:03:08,763 [main] INFO  server.GrpcService (ConfUtils.java:logGet(46)) - raft.grpc.flow.control.window = 5MB (=5242880) (custom)
2025-02-16 13:03:08,763 [main] INFO  server.RaftServerConfigKeys (ConfUtils.java:logGet(46)) - raft.server.rpc.request.timeout = 60s (custom)
2025-02-16 13:03:08,763 [main] INFO  grpc.GrpcConfigKeys (ConfUtils.java:logGet(46)) - raft.grpc.server.heartbeat.channel = true (default)
2025-02-16 13:03:08,763 [main] INFO  server.RaftServerConfigKeys (ConfUtils.java:logGet(46)) - raft.server.log.appender.buffer.byte-limit = 33554432 (custom)
2025-02-16 13:03:08,763 [main] INFO  grpc.GrpcConfigKeys (ConfUtils.java:logGet(46)) - raft.grpc.server.async.request.thread.pool.cached = true (default)
2025-02-16 13:03:08,763 [main] INFO  grpc.GrpcConfigKeys (ConfUtils.java:logGet(46)) - raft.grpc.server.async.request.thread.pool.size = 32 (default)
2025-02-16 13:03:08,765 [main] INFO  impl.DataStreamServerImpl (ConfUtils.java:logGet(46)) - raft.datastream.type = NETTY (custom)
2025-02-16 13:03:08,765 [main] INFO  server.RaftServerConfigKeys (ConfUtils.java:logGet(46)) - raft.server.data-stream.async.request.thread.pool.cached = false (default)
2025-02-16 13:03:08,765 [main] INFO  server.RaftServerConfigKeys (ConfUtils.java:logGet(46)) - raft.server.data-stream.async.request.thread.pool.size = 20 (custom)
2025-02-16 13:03:08,765 [main] INFO  server.RaftServerConfigKeys (ConfUtils.java:logGet(46)) - raft.server.data-stream.async.write.thread.pool.size = 16 (default)
2025-02-16 13:03:08,766 [main] INFO  netty.NettyConfigKeys$DataStream (ConfUtils.java:logGet(46)) - raft.netty.dataStream.server.channel.inactive.grace-period = 10min (default)
2025-02-16 13:03:08,766 [main] INFO  server.RaftServerConfigKeys (ConfUtils.java:logGet(46)) - raft.server.data-stream.client.pool.size = 10 (default)
2025-02-16 13:03:08,766 [main] INFO  netty.NettyConfigKeys$DataStream (ConfUtils.java:logGet(46)) - raft.netty.dataStream.server.use-epoll = true (default)
2025-02-16 13:03:08,766 [main] INFO  netty.NettyConfigKeys$DataStream (ConfUtils.java:logGet(46)) - raft.netty.dataStream.server.boss-group.size = 0 (default)
2025-02-16 13:03:08,766 [main] INFO  netty.NettyUtils (NettyUtils.java:newEventLoopGroup(74)) - Create EpollEventLoopGroup for b381b084-c55c-4dbb-889c-469a9420fe3b-NettyServerStreamRpc-bossGroup; Thread size is 0.
2025-02-16 13:03:08,766 [main] INFO  netty.NettyConfigKeys$DataStream (ConfUtils.java:logGet(46)) - raft.netty.dataStream.server.worker-group.size = 0 (default)
2025-02-16 13:03:08,766 [main] INFO  netty.NettyUtils (NettyUtils.java:newEventLoopGroup(74)) - Create EpollEventLoopGroup for b381b084-c55c-4dbb-889c-469a9420fe3b-NettyServerStreamRpc-workerGroup; Thread size is 0.
2025-02-16 13:03:08,767 [main] INFO  netty.NettyConfigKeys$DataStream (ConfUtils.java:logGet(46)) - raft.netty.dataStream.server.tls.conf = null (default)
2025-02-16 13:03:08,767 [main] INFO  netty.NettyConfigKeys$DataStream (ConfUtils.java:logGet(46)) - raft.netty.dataStream.host = null (default)
2025-02-16 13:03:08,767 [main] INFO  netty.NettyConfigKeys$DataStream (ConfUtils.java:logGet(46)) - raft.netty.dataStream.port = 15139 (custom)
2025-02-16 13:03:08,767 [main] INFO  server.RaftServerConfigKeys (ConfUtils.java:logGet(46)) - raft.server.sleep.deviation.threshold = 300ms (default)
2025-02-16 13:03:08,768 [main] INFO  server.RaftServerConfigKeys (ConfUtils.java:logGet(46)) - raft.server.close.threshold = 60s (default)
2025-02-16 13:03:08,768 [main] INFO  server.RaftServerConfigKeys (ConfUtils.java:logGet(46)) - raft.server.leaderelection.leader.step-down.wait-time = 10s (default)
2025-02-16 13:03:08,768 [main] INFO  server.RaftServerConfigKeys (ConfUtils.java:logGet(46)) - raft.server.storage.dir = [/home/runner/work/ozone/ozone/hadoop-ozone/integration-test/target/test-dir/MiniOzoneClusterImpl-8cdb299b-b154-4fd3-af09-aa8d0bad65b8/ozone-meta/datanode-1/ratis] (custom)
2025-02-16 13:03:08,768 [main] INFO  server.RaftServerConfigKeys (ConfUtils.java:logGet(46)) - raft.server.threadpool.proxy.cached = true (default)
2025-02-16 13:03:08,768 [main] INFO  server.RaftServerConfigKeys (ConfUtils.java:logGet(46)) - raft.server.threadpool.proxy.size = 0 (default)
2025-02-16 13:03:08,768 [b381b084-c55c-4dbb-889c-469a9420fe3b-NettyServerStreamRpc-bossGroup--thread1] INFO  logging.LoggingHandler (AbstractInternalLogger.java:log(148)) - [id: 0x37987d5f] REGISTERED
2025-02-16 13:03:08,768 [b381b084-c55c-4dbb-889c-469a9420fe3b-NettyServerStreamRpc-bossGroup--thread1] INFO  logging.LoggingHandler (AbstractInternalLogger.java:log(148)) - [id: 0x37987d5f] BIND: 0.0.0.0/0.0.0.0:15139
2025-02-16 13:03:08,768 [b381b084-c55c-4dbb-889c-469a9420fe3b-NettyServerStreamRpc-bossGroup--thread1] INFO  logging.LoggingHandler (AbstractInternalLogger.java:log(148)) - [id: 0x37987d5f, L:/0.0.0.0:15139] ACTIVE
2025-02-16 13:03:08,769 [b381b084-c55c-4dbb-889c-469a9420fe3b-impl-thread1] INFO  server.RaftServer (RaftServerProxy.java:initGroupDir(265)) - b381b084-c55c-4dbb-889c-469a9420fe3b: found a subdirectory /home/runner/work/ozone/ozone/hadoop-ozone/integration-test/target/test-dir/MiniOzoneClusterImpl-8cdb299b-b154-4fd3-af09-aa8d0bad65b8/ozone-meta/datanode-1/ratis/tmp
2025-02-16 13:03:08,769 [b381b084-c55c-4dbb-889c-469a9420fe3b-impl-thread1] INFO  server.RaftServer (RaftServerProxy.java:initGroupDir(270)) - b381b084-c55c-4dbb-889c-469a9420fe3b: The directory /home/runner/work/ozone/ozone/hadoop-ozone/integration-test/target/test-dir/MiniOzoneClusterImpl-8cdb299b-b154-4fd3-af09-aa8d0bad65b8/ozone-meta/datanode-1/ratis/tmp is not a group directory; ignoring it. 
2025-02-16 13:03:08,769 [main] INFO  replication.ReplicationServer (ReplicationServer.java:<init>(84)) - Initializing replication server with thread count = 10 queue length = 4096
2025-02-16 13:03:08,770 [main] INFO  server.XceiverServerGrpc (XceiverServerGrpc.java:<init>(132)) - GrpcServer channel type EpollServerSocketChannel
2025-02-16 13:03:08,771 [main] INFO  replication.ReplicationSupervisor (ReplicationSupervisor.java:build(169)) - Initializing replication supervisor with thread count = 10
2025-02-16 13:03:08,771 [main] INFO  replication.ReplicationSupervisor (ReplicationSupervisor.java:nodeStateUpdated(358)) - Node state updated to IN_SERVICE, scaling executor pool size to 10
2025-02-16 13:03:08,773 [main] INFO  http.BaseHttpServer (BaseHttpServer.java:newHttpServer2BuilderForOzone(230)) - Starting Web-server for hddsDatanode at: http://0.0.0.0:15133
2025-02-16 13:03:08,773 [main] INFO  http.BaseHttpServer (BaseHttpServer.java:<init>(108)) - Hadoop Security Enabled: false Ozone Security Enabled: false Ozone HTTP Security Enabled: false 
2025-02-16 13:03:08,774 [main] WARN  server.AuthenticationFilter (AuthenticationFilter.java:constructSecretProvider(240)) - Unable to initialize FileSignerSecretProvider, falling back to use random secrets. Reason: Could not read signature secret file: /home/runner/hadoop-http-auth-signature-secret
2025-02-16 13:03:08,774 [main] INFO  http.HttpRequestLog (HttpRequestLog.java:getRequestLog(85)) - Http request log for http.requests.hddsDatanode is not defined
2025-02-16 13:03:08,775 [main] INFO  http.HttpServer2 (HttpServer2.java:addGlobalFilter(1038)) - Added global filter 'safety' (class=org.apache.hadoop.hdds.server.http.HttpServer2$QuotingInputFilter)
2025-02-16 13:03:08,776 [main] INFO  http.HttpServer2 (HttpServer2.java:addFilter(1014)) - Added filter static_user_filter (class=org.apache.hadoop.http.lib.StaticUserWebFilter$StaticUserFilter) to context hddsDatanode
2025-02-16 13:03:08,776 [main] INFO  http.HttpServer2 (HttpServer2.java:addFilter(1022)) - Added filter static_user_filter (class=org.apache.hadoop.http.lib.StaticUserWebFilter$StaticUserFilter) to context logs
2025-02-16 13:03:08,776 [main] INFO  http.HttpServer2 (HttpServer2.java:addFilter(1022)) - Added filter static_user_filter (class=org.apache.hadoop.http.lib.StaticUserWebFilter$StaticUserFilter) to context static
2025-02-16 13:03:08,777 [main] INFO  http.BaseHttpServer (BaseHttpServer.java:<init>(196)) - HTTP server of hddsDatanode uses base directory /home/runner/work/ozone/ozone/hadoop-ozone/integration-test/target/test-dir/MiniOzoneClusterImpl-8cdb299b-b154-4fd3-af09-aa8d0bad65b8/ozone-meta/datanode-1/meta/webserver
2025-02-16 13:03:08,777 [main] INFO  http.HttpServer2 (HttpServer2.java:bindListener(1238)) - Jetty bound to port 15133
2025-02-16 13:03:08,777 [main] INFO  server.Server (Server.java:doStart(375)) - jetty-9.4.57.v20241219; built: 2025-01-08T21:24:30.412Z; git: df524e6b29271c2e09ba9aea83c18dc9db464a31; jvm 21.0.6+7-LTS
2025-02-16 13:03:08,778 [main] INFO  server.session (DefaultSessionIdManager.java:doStart(334)) - DefaultSessionIdManager workerName=node0
2025-02-16 13:03:08,778 [main] INFO  server.session (DefaultSessionIdManager.java:doStart(339)) - No SessionScavenger set, using defaults
2025-02-16 13:03:08,779 [main] INFO  server.session (HouseKeeper.java:startScavenging(132)) - node0 Scavenging every 600000ms
2025-02-16 13:03:08,779 [main] INFO  handler.ContextHandler (ContextHandler.java:doStart(921)) - Started o.e.j.s.ServletContextHandler@442e3c9a{logs,/logs,file:///home/runner/work/ozone/ozone/hadoop-ozone/integration-test/target/log,AVAILABLE}
2025-02-16 13:03:08,779 [main] INFO  handler.ContextHandler (ContextHandler.java:doStart(921)) - Started o.e.j.s.ServletContextHandler@379c4c02{static,/static,jar:file:/home/runner/work/ozone/ozone/hadoop-hdds/container-service/target/hdds-container-service-2.0.0-SNAPSHOT.jar!/webapps/static,AVAILABLE}
2025-02-16 13:03:08,909 [main] INFO  handler.ContextHandler (ContextHandler.java:doStart(921)) - Started o.e.j.w.WebAppContext@34332fc0{hddsDatanode,/,file:///home/runner/work/ozone/ozone/hadoop-ozone/integration-test/target/test-dir/MiniOzoneClusterImpl-8cdb299b-b154-4fd3-af09-aa8d0bad65b8/ozone-meta/datanode-1/meta/webserver/jetty-0_0_0_0-15133-hdds-container-service-2_0_0-SNAPSHOT_jar-_-any-3530234051769344802/webapp/,AVAILABLE}{jar:file:/home/runner/work/ozone/ozone/hadoop-hdds/container-service/target/hdds-container-service-2.0.0-SNAPSHOT.jar!/webapps/hddsDatanode}
2025-02-16 13:03:08,909 [main] INFO  server.AbstractConnector (AbstractConnector.java:doStart(333)) - Started ServerConnector@7ddd9067{HTTP/1.1, (http/1.1)}{0.0.0.0:15133}
2025-02-16 13:03:08,910 [main] INFO  server.Server (Server.java:doStart(415)) - Started @113282ms
2025-02-16 13:03:08,910 [main] WARN  impl.MetricsSystemImpl (MetricsSystemImpl.java:register(279)) - Sink prometheus already exists!
2025-02-16 13:03:08,910 [main] INFO  http.BaseHttpServer (BaseHttpServer.java:updateConnectorAddress(361)) - HTTP server of hddsDatanode listening at http://0.0.0.0:15133
2025-02-16 13:03:08,910 [main] INFO  ipc.CallQueueManager (CallQueueManager.java:<init>(93)) - Using callQueue: class java.util.concurrent.LinkedBlockingQueue, queueCapacity: 1000, scheduler: class org.apache.hadoop.ipc.DefaultRpcScheduler, ipcBackoff: false, ipcFailOver: false.
2025-02-16 13:03:08,911 [main] INFO  ipc.Server (Server.java:<init>(1438)) - Listener at 0.0.0.0:15134
2025-02-16 13:03:08,912 [Socket Reader #1 for port 15134] INFO  ipc.Server (Server.java:run(1474)) - Starting Socket Reader #1 for port 15134
2025-02-16 13:03:08,913 [Socket Reader #2 for port 15134] INFO  ipc.Server (Server.java:run(1474)) - Starting Socket Reader #2 for port 15134
2025-02-16 13:03:08,913 [Socket Reader #3 for port 15134] INFO  ipc.Server (Server.java:run(1474)) - Starting Socket Reader #3 for port 15134
2025-02-16 13:03:08,914 [Socket Reader #4 for port 15134] INFO  ipc.Server (Server.java:run(1474)) - Starting Socket Reader #4 for port 15134
2025-02-16 13:03:08,915 [Socket Reader #5 for port 15134] INFO  ipc.Server (Server.java:run(1474)) - Starting Socket Reader #5 for port 15134
2025-02-16 13:03:08,915 [Socket Reader #6 for port 15134] INFO  ipc.Server (Server.java:run(1474)) - Starting Socket Reader #6 for port 15134
2025-02-16 13:03:08,916 [Socket Reader #7 for port 15134] INFO  ipc.Server (Server.java:run(1474)) - Starting Socket Reader #7 for port 15134
2025-02-16 13:03:08,917 [Socket Reader #8 for port 15134] INFO  ipc.Server (Server.java:run(1474)) - Starting Socket Reader #8 for port 15134
2025-02-16 13:03:08,917 [Socket Reader #9 for port 15134] INFO  ipc.Server (Server.java:run(1474)) - Starting Socket Reader #9 for port 15134
2025-02-16 13:03:08,918 [Socket Reader #10 for port 15134] INFO  ipc.Server (Server.java:run(1474)) - Starting Socket Reader #10 for port 15134
2025-02-16 13:03:08,920 [main] INFO  ozone.HddsDatanodeService (HddsDatanodeService.java:start(333)) - Datanode start with admins: [runner]
2025-02-16 13:03:08,920 [main] INFO  ozone.HddsDatanodeClientProtocolServer (HddsDatanodeClientProtocolServer.java:start(77)) - RPC server for Client /0.0.0.0:15134
2025-02-16 13:03:08,921 [IPC Server Responder] INFO  ipc.Server (Server.java:run(1713)) - IPC Server Responder: starting
2025-02-16 13:03:08,922 [IPC Server listener on 15134] INFO  ipc.Server (Server.java:run(1553)) - IPC Server listener on 15134: starting
2025-02-16 13:03:08,924 [main] WARN  dropwizard3.Dm3MetricRegistriesImpl (Dm3MetricRegistriesImpl.java:addReporterRegistration(114)) - New reporters are added after registries were created. Some metrics will be missing from the reporter. Please add reporter before adding any new registry.
2025-02-16 13:03:08,924 [main] WARN  dropwizard3.Dm3MetricRegistriesImpl (Dm3MetricRegistriesImpl.java:addReporterRegistration(114)) - New reporters are added after registries were created. Some metrics will be missing from the reporter. Please add reporter before adding any new registry.
2025-02-16 13:03:08,924 [main] INFO  impl.MetricsSystemImpl (MetricsSystemImpl.java:init(158)) - HddsDatanode metrics system started (again)
2025-02-16 13:03:08,928 [b381b084-c55c-4dbb-889c-469a9420fe3b-DatanodeStateMachineDaemonThread] INFO  statemachine.DatanodeStateMachine (DatanodeStateMachine.java:startStateMachineThread(336)) - Ozone container server started.
2025-02-16 13:03:08,928 [b381b084-c55c-4dbb-889c-469a9420fe3b-DatanodeStateMachineTaskThread-0] INFO  ha.SCMNodeInfo (SCMNodeInfo.java:getPort(194)) - ConfigKey ozone.scm.client.address is deprecated, For configuring different ports for each SCM use PortConfigKey ozone.scm.client.port appended with serviceId and nodeId
2025-02-16 13:03:08,929 [b381b084-c55c-4dbb-889c-469a9420fe3b-DatanodeStateMachineTaskThread-0] INFO  ha.SCMNodeInfo (SCMNodeInfo.java:getPort(194)) - ConfigKey ozone.scm.block.client.address is deprecated, For configuring different ports for each SCM use PortConfigKey ozone.scm.block.client.port appended with serviceId and nodeId
2025-02-16 13:03:08,929 [b381b084-c55c-4dbb-889c-469a9420fe3b-DatanodeStateMachineTaskThread-0] INFO  ha.SCMNodeInfo (SCMNodeInfo.java:getPort(194)) - ConfigKey ozone.scm.security.service.address is deprecated, For configuring different ports for each SCM use PortConfigKey ozone.scm.security.service.port appended with serviceId and nodeId
2025-02-16 13:03:08,929 [b381b084-c55c-4dbb-889c-469a9420fe3b-DatanodeStateMachineTaskThread-0] INFO  ha.SCMNodeInfo (SCMNodeInfo.java:getPort(194)) - ConfigKey ozone.scm.datanode.address is deprecated, For configuring different ports for each SCM use PortConfigKey ozone.scm.datanode.port appended with serviceId and nodeId
2025-02-16 13:03:08,931 [b381b084-c55c-4dbb-889c-469a9420fe3b-DatanodeStateMachineTaskThread-0] INFO  datanode.InitDatanodeState (InitDatanodeState.java:persistContainerDatanodeDetails(139)) - DatanodeDetails is persisted to /home/runner/work/ozone/ozone/hadoop-ozone/integration-test/target/test-dir/MiniOzoneClusterImpl-8cdb299b-b154-4fd3-af09-aa8d0bad65b8/ozone-meta/datanode-1/meta/datanode.id
2025-02-16 13:03:08,937 [main] INFO  ozone.HddsDatanodeService (HddsDatanodeService.java:start(242)) - HddsDatanodeService host:fv-az1944-819.zvagubjpb1fenlvaxs5xdggbeb.ex.internal.cloudapp.net ip:10.1.0.110
2025-02-16 13:03:08,940 [main] INFO  upgrade.AbstractLayoutVersionManager (AbstractLayoutVersionManager.java:init(80)) - Initializing Layout version manager with metadata layout = HBASE_SUPPORT (version = 8), software layout = HBASE_SUPPORT (version = 8)
2025-02-16 13:03:08,940 [main] INFO  ha.SCMNodeInfo (SCMNodeInfo.java:getPort(194)) - ConfigKey ozone.scm.client.address is deprecated, For configuring different ports for each SCM use PortConfigKey ozone.scm.client.port appended with serviceId and nodeId
2025-02-16 13:03:08,940 [main] INFO  ha.SCMNodeInfo (SCMNodeInfo.java:getPort(194)) - ConfigKey ozone.scm.block.client.address is deprecated, For configuring different ports for each SCM use PortConfigKey ozone.scm.block.client.port appended with serviceId and nodeId
2025-02-16 13:03:08,940 [main] INFO  ha.SCMNodeInfo (SCMNodeInfo.java:getPort(194)) - ConfigKey ozone.scm.security.service.address is deprecated, For configuring different ports for each SCM use PortConfigKey ozone.scm.security.service.port appended with serviceId and nodeId
2025-02-16 13:03:08,940 [main] INFO  ha.SCMNodeInfo (SCMNodeInfo.java:getPort(194)) - ConfigKey ozone.scm.datanode.address is deprecated, For configuring different ports for each SCM use PortConfigKey ozone.scm.datanode.port appended with serviceId and nodeId
2025-02-16 13:03:08,940 [main] INFO  statemachine.DatanodeStateMachine (DatanodeStateMachine.java:getEndPointTaskThreadPoolSize(293)) - Datanode State Machine Task Thread Pool size 2
2025-02-16 13:03:08,942 [main] INFO  volume.HddsVolume (HddsVolume.java:<init>(131)) - Creating HddsVolume: /home/runner/work/ozone/ozone/hadoop-ozone/integration-test/target/test-dir/MiniOzoneClusterImpl-8cdb299b-b154-4fd3-af09-aa8d0bad65b8/ozone-meta/datanode-2/data-0/hdds of storage type: DISK, capacity=9222449699674390527, used=0, available=9222449699674390527
2025-02-16 13:03:08,942 [main] INFO  volume.MutableVolumeSet (MutableVolumeSet.java:initializeVolumeSet(171)) - Added Volume : /home/runner/work/ozone/ozone/hadoop-ozone/integration-test/target/test-dir/MiniOzoneClusterImpl-8cdb299b-b154-4fd3-af09-aa8d0bad65b8/ozone-meta/datanode-2/data-0/hdds to VolumeSet
2025-02-16 13:03:08,943 [main] INFO  volume.MutableVolumeSet (MutableVolumeSet.java:initializeVolumeSet(171)) - Added Volume : /home/runner/work/ozone/ozone/hadoop-ozone/integration-test/target/test-dir/MiniOzoneClusterImpl-8cdb299b-b154-4fd3-af09-aa8d0bad65b8/ozone-meta/datanode-2/ratis to VolumeSet
2025-02-16 13:03:08,943 [main] INFO  ozoneimpl.OzoneContainer (HddsVolumeUtil.java:loadAllHddsVolumeDbStore(101)) - Load 1 volumes DbStore cost: 0ms
2025-02-16 13:03:08,943 [main] WARN  db.DBStoreBuilder (DBStoreBuilder.java:getDBDirPath(168)) - ozone.scm.datanode.id.dir is not configured. We recommend adding this setting. Falling back to ozone.metadata.dirs instead.
2025-02-16 13:03:08,944 [main] WARN  db.DBStoreBuilder (DBStoreBuilder.java:getDBDirPath(168)) - ozone.scm.datanode.id.dir is not configured. We recommend adding this setting. Falling back to ozone.metadata.dirs instead.
2025-02-16 13:03:08,957 [main] INFO  impl.FilePerChunkStrategy (FilePerChunkStrategy.java:<init>(82)) - ozone.chunk.read.mapped.buffer.max.count is load with 0
2025-02-16 13:03:08,957 [main] INFO  impl.FilePerBlockStrategy (FilePerBlockStrategy.java:<init>(90)) - ozone.chunk.read.mapped.buffer.max.count is load with 0
2025-02-16 13:03:08,957 [main] INFO  server.RaftServerConfigKeys (ConfUtils.java:logGet(46)) - raft.server.log.appender.buffer.byte-limit = 33554432 (custom)
2025-02-16 13:03:08,958 [main] INFO  server.RaftServer (ConfUtils.java:logGet(46)) - raft.rpc.type = GRPC (default)
2025-02-16 13:03:08,958 [main] INFO  grpc.GrpcConfigKeys (ConfUtils.java:logFallback(53)) - raft.grpc.admin.host = null (fallback to raft.grpc.server.host)
2025-02-16 13:03:08,959 [main] INFO  grpc.GrpcConfigKeys (ConfUtils.java:logGet(46)) - raft.grpc.admin.port = 15146 (custom)
2025-02-16 13:03:08,959 [main] INFO  grpc.GrpcConfigKeys (ConfUtils.java:logFallback(53)) - raft.grpc.client.host = null (fallback to raft.grpc.server.host)
2025-02-16 13:03:08,959 [main] INFO  grpc.GrpcConfigKeys (ConfUtils.java:logGet(46)) - raft.grpc.client.port = 15145 (custom)
2025-02-16 13:03:08,959 [main] INFO  grpc.GrpcConfigKeys (ConfUtils.java:logGet(46)) - raft.grpc.server.host = null (default)
2025-02-16 13:03:08,959 [main] INFO  grpc.GrpcConfigKeys (ConfUtils.java:logGet(46)) - raft.grpc.server.port = 15147 (custom)
2025-02-16 13:03:08,959 [main] INFO  server.GrpcService (ConfUtils.java:logGet(46)) - raft.grpc.message.size.max = 34603008 (custom)
2025-02-16 13:03:08,959 [main] INFO  server.GrpcService (ConfUtils.java:logGet(46)) - raft.grpc.flow.control.window = 5MB (=5242880) (custom)
2025-02-16 13:03:08,959 [main] INFO  server.RaftServerConfigKeys (ConfUtils.java:logGet(46)) - raft.server.rpc.request.timeout = 60s (custom)
2025-02-16 13:03:08,959 [main] INFO  grpc.GrpcConfigKeys (ConfUtils.java:logGet(46)) - raft.grpc.server.heartbeat.channel = true (default)
2025-02-16 13:03:08,959 [main] INFO  server.RaftServerConfigKeys (ConfUtils.java:logGet(46)) - raft.server.log.appender.buffer.byte-limit = 33554432 (custom)
2025-02-16 13:03:08,959 [main] INFO  grpc.GrpcConfigKeys (ConfUtils.java:logGet(46)) - raft.grpc.server.async.request.thread.pool.cached = true (default)
2025-02-16 13:03:08,960 [main] INFO  grpc.GrpcConfigKeys (ConfUtils.java:logGet(46)) - raft.grpc.server.async.request.thread.pool.size = 32 (default)
2025-02-16 13:03:08,961 [main] INFO  impl.DataStreamServerImpl (ConfUtils.java:logGet(46)) - raft.datastream.type = NETTY (custom)
2025-02-16 13:03:08,961 [main] INFO  server.RaftServerConfigKeys (ConfUtils.java:logGet(46)) - raft.server.data-stream.async.request.thread.pool.cached = false (default)
2025-02-16 13:03:08,961 [main] INFO  server.RaftServerConfigKeys (ConfUtils.java:logGet(46)) - raft.server.data-stream.async.request.thread.pool.size = 20 (custom)
2025-02-16 13:03:08,961 [main] INFO  server.RaftServerConfigKeys (ConfUtils.java:logGet(46)) - raft.server.data-stream.async.write.thread.pool.size = 16 (default)
2025-02-16 13:03:08,961 [main] INFO  netty.NettyConfigKeys$DataStream (ConfUtils.java:logGet(46)) - raft.netty.dataStream.server.channel.inactive.grace-period = 10min (default)
2025-02-16 13:03:08,961 [main] INFO  server.RaftServerConfigKeys (ConfUtils.java:logGet(46)) - raft.server.data-stream.client.pool.size = 10 (default)
2025-02-16 13:03:08,962 [main] INFO  netty.NettyConfigKeys$DataStream (ConfUtils.java:logGet(46)) - raft.netty.dataStream.server.use-epoll = true (default)
2025-02-16 13:03:08,962 [main] INFO  netty.NettyConfigKeys$DataStream (ConfUtils.java:logGet(46)) - raft.netty.dataStream.server.boss-group.size = 0 (default)
2025-02-16 13:03:08,962 [main] INFO  netty.NettyUtils (NettyUtils.java:newEventLoopGroup(74)) - Create EpollEventLoopGroup for 49e1ea80-2a9c-4fc6-9dfd-fcdc1670084a-NettyServerStreamRpc-bossGroup; Thread size is 0.
2025-02-16 13:03:08,962 [main] INFO  netty.NettyConfigKeys$DataStream (ConfUtils.java:logGet(46)) - raft.netty.dataStream.server.worker-group.size = 0 (default)
2025-02-16 13:03:08,962 [main] INFO  netty.NettyUtils (NettyUtils.java:newEventLoopGroup(74)) - Create EpollEventLoopGroup for 49e1ea80-2a9c-4fc6-9dfd-fcdc1670084a-NettyServerStreamRpc-workerGroup; Thread size is 0.
2025-02-16 13:03:08,963 [main] INFO  netty.NettyConfigKeys$DataStream (ConfUtils.java:logGet(46)) - raft.netty.dataStream.server.tls.conf = null (default)
2025-02-16 13:03:08,963 [main] INFO  netty.NettyConfigKeys$DataStream (ConfUtils.java:logGet(46)) - raft.netty.dataStream.host = null (default)
2025-02-16 13:03:08,963 [main] INFO  netty.NettyConfigKeys$DataStream (ConfUtils.java:logGet(46)) - raft.netty.dataStream.port = 15148 (custom)
2025-02-16 13:03:08,963 [main] INFO  server.RaftServerConfigKeys (ConfUtils.java:logGet(46)) - raft.server.sleep.deviation.threshold = 300ms (default)
2025-02-16 13:03:08,963 [main] INFO  server.RaftServerConfigKeys (ConfUtils.java:logGet(46)) - raft.server.close.threshold = 60s (default)
2025-02-16 13:03:08,963 [main] INFO  server.RaftServerConfigKeys (ConfUtils.java:logGet(46)) - raft.server.leaderelection.leader.step-down.wait-time = 10s (default)
2025-02-16 13:03:08,963 [main] INFO  server.RaftServerConfigKeys (ConfUtils.java:logGet(46)) - raft.server.storage.dir = [/home/runner/work/ozone/ozone/hadoop-ozone/integration-test/target/test-dir/MiniOzoneClusterImpl-8cdb299b-b154-4fd3-af09-aa8d0bad65b8/ozone-meta/datanode-2/ratis] (custom)
2025-02-16 13:03:08,964 [main] INFO  server.RaftServerConfigKeys (ConfUtils.java:logGet(46)) - raft.server.threadpool.proxy.cached = true (default)
2025-02-16 13:03:08,964 [main] INFO  server.RaftServerConfigKeys (ConfUtils.java:logGet(46)) - raft.server.threadpool.proxy.size = 0 (default)
2025-02-16 13:03:08,963 [49e1ea80-2a9c-4fc6-9dfd-fcdc1670084a-NettyServerStreamRpc-bossGroup--thread1] INFO  logging.LoggingHandler (AbstractInternalLogger.java:log(148)) - [id: 0x26d35bc1] REGISTERED
2025-02-16 13:03:08,964 [49e1ea80-2a9c-4fc6-9dfd-fcdc1670084a-NettyServerStreamRpc-bossGroup--thread1] INFO  logging.LoggingHandler (AbstractInternalLogger.java:log(148)) - [id: 0x26d35bc1] BIND: 0.0.0.0/0.0.0.0:15148
2025-02-16 13:03:08,964 [49e1ea80-2a9c-4fc6-9dfd-fcdc1670084a-impl-thread1] INFO  server.RaftServer (RaftServerProxy.java:initGroupDir(265)) - 49e1ea80-2a9c-4fc6-9dfd-fcdc1670084a: found a subdirectory /home/runner/work/ozone/ozone/hadoop-ozone/integration-test/target/test-dir/MiniOzoneClusterImpl-8cdb299b-b154-4fd3-af09-aa8d0bad65b8/ozone-meta/datanode-2/ratis/tmp
2025-02-16 13:03:08,964 [49e1ea80-2a9c-4fc6-9dfd-fcdc1670084a-impl-thread1] INFO  server.RaftServer (RaftServerProxy.java:initGroupDir(270)) - 49e1ea80-2a9c-4fc6-9dfd-fcdc1670084a: The directory /home/runner/work/ozone/ozone/hadoop-ozone/integration-test/target/test-dir/MiniOzoneClusterImpl-8cdb299b-b154-4fd3-af09-aa8d0bad65b8/ozone-meta/datanode-2/ratis/tmp is not a group directory; ignoring it. 
2025-02-16 13:03:08,964 [main] INFO  replication.ReplicationServer (ReplicationServer.java:<init>(84)) - Initializing replication server with thread count = 10 queue length = 4096
2025-02-16 13:03:08,965 [main] INFO  server.XceiverServerGrpc (XceiverServerGrpc.java:<init>(132)) - GrpcServer channel type EpollServerSocketChannel
2025-02-16 13:03:08,964 [49e1ea80-2a9c-4fc6-9dfd-fcdc1670084a-NettyServerStreamRpc-bossGroup--thread1] INFO  logging.LoggingHandler (AbstractInternalLogger.java:log(148)) - [id: 0x26d35bc1, L:/0.0.0.0:15148] ACTIVE
2025-02-16 13:03:08,966 [main] INFO  replication.ReplicationSupervisor (ReplicationSupervisor.java:build(169)) - Initializing replication supervisor with thread count = 10
2025-02-16 13:03:08,966 [main] INFO  replication.ReplicationSupervisor (ReplicationSupervisor.java:nodeStateUpdated(358)) - Node state updated to IN_SERVICE, scaling executor pool size to 10
2025-02-16 13:03:08,968 [main] INFO  http.BaseHttpServer (BaseHttpServer.java:newHttpServer2BuilderForOzone(230)) - Starting Web-server for hddsDatanode at: http://0.0.0.0:15142
2025-02-16 13:03:08,968 [main] INFO  http.BaseHttpServer (BaseHttpServer.java:<init>(108)) - Hadoop Security Enabled: false Ozone Security Enabled: false Ozone HTTP Security Enabled: false 
2025-02-16 13:03:08,969 [main] WARN  server.AuthenticationFilter (AuthenticationFilter.java:constructSecretProvider(240)) - Unable to initialize FileSignerSecretProvider, falling back to use random secrets. Reason: Could not read signature secret file: /home/runner/hadoop-http-auth-signature-secret
2025-02-16 13:03:08,969 [main] INFO  http.HttpRequestLog (HttpRequestLog.java:getRequestLog(85)) - Http request log for http.requests.hddsDatanode is not defined
2025-02-16 13:03:08,971 [main] INFO  http.HttpServer2 (HttpServer2.java:addGlobalFilter(1038)) - Added global filter 'safety' (class=org.apache.hadoop.hdds.server.http.HttpServer2$QuotingInputFilter)
2025-02-16 13:03:08,971 [main] INFO  http.HttpServer2 (HttpServer2.java:addFilter(1014)) - Added filter static_user_filter (class=org.apache.hadoop.http.lib.StaticUserWebFilter$StaticUserFilter) to context hddsDatanode
2025-02-16 13:03:08,971 [main] INFO  http.HttpServer2 (HttpServer2.java:addFilter(1022)) - Added filter static_user_filter (class=org.apache.hadoop.http.lib.StaticUserWebFilter$StaticUserFilter) to context logs
2025-02-16 13:03:08,971 [main] INFO  http.HttpServer2 (HttpServer2.java:addFilter(1022)) - Added filter static_user_filter (class=org.apache.hadoop.http.lib.StaticUserWebFilter$StaticUserFilter) to context static
2025-02-16 13:03:08,972 [main] INFO  http.BaseHttpServer (BaseHttpServer.java:<init>(196)) - HTTP server of hddsDatanode uses base directory /home/runner/work/ozone/ozone/hadoop-ozone/integration-test/target/test-dir/MiniOzoneClusterImpl-8cdb299b-b154-4fd3-af09-aa8d0bad65b8/ozone-meta/datanode-2/meta/webserver
2025-02-16 13:03:08,972 [main] INFO  http.HttpServer2 (HttpServer2.java:bindListener(1238)) - Jetty bound to port 15142
2025-02-16 13:03:08,972 [main] INFO  server.Server (Server.java:doStart(375)) - jetty-9.4.57.v20241219; built: 2025-01-08T21:24:30.412Z; git: df524e6b29271c2e09ba9aea83c18dc9db464a31; jvm 21.0.6+7-LTS
2025-02-16 13:03:08,974 [main] INFO  server.session (DefaultSessionIdManager.java:doStart(334)) - DefaultSessionIdManager workerName=node0
2025-02-16 13:03:08,974 [main] INFO  server.session (DefaultSessionIdManager.java:doStart(339)) - No SessionScavenger set, using defaults
2025-02-16 13:03:08,974 [main] INFO  server.session (HouseKeeper.java:startScavenging(132)) - node0 Scavenging every 660000ms
2025-02-16 13:03:08,974 [main] INFO  handler.ContextHandler (ContextHandler.java:doStart(921)) - Started o.e.j.s.ServletContextHandler@6fadcfb4{logs,/logs,file:///home/runner/work/ozone/ozone/hadoop-ozone/integration-test/target/log,AVAILABLE}
2025-02-16 13:03:08,975 [main] INFO  handler.ContextHandler (ContextHandler.java:doStart(921)) - Started o.e.j.s.ServletContextHandler@66d3f19a{static,/static,jar:file:/home/runner/work/ozone/ozone/hadoop-hdds/container-service/target/hdds-container-service-2.0.0-SNAPSHOT.jar!/webapps/static,AVAILABLE}
2025-02-16 13:03:09,018 [omNode-3-server-thread1] INFO  server.RaftServer$Division (RaftServerImpl.java:setFirstElection(562)) - omNode-3@group-0AAC5367B30E: set firstElectionSinceStartup to false for appendEntries
2025-02-16 13:03:09,018 [omNode-3-server-thread1] INFO  ratis.OzoneManagerStateMachine (OzoneManagerStateMachine.java:notifyLeaderChanged(165)) - omNode-3@group-0AAC5367B30E: leader changed to omNode-1
2025-02-16 13:03:09,018 [omNode-3-server-thread1] INFO  server.RaftServer$Division (ServerState.java:setLeader(272)) - omNode-3@group-0AAC5367B30E: change Leader from null to omNode-1 at term 1 for appendEntries, leader elected after 687ms
2025-02-16 13:03:09,018 [omNode-3-server-thread1] INFO  server.RaftServer$Division (RaftServerImpl.java:checkInconsistentAppendEntries(1648)) - omNode-3@group-0AAC5367B30E: Failed appendEntries as previous log entry ((t:1, i:0)) is not found
2025-02-16 13:03:09,018 [omNode-3-server-thread1] INFO  server.RaftServer$Division (RaftServerImpl.java:appendEntriesAsync(1580)) - omNode-3@group-0AAC5367B30E: appendEntries* reply omNode-1<-omNode-3#904:FAIL-t0,INCONSISTENCY,nextIndex=0,followerCommit=-1,matchIndex=-1
2025-02-16 13:03:09,019 [grpc-default-executor-6] WARN  server.GrpcLogAppender (GrpcLogAppender.java:onNextImpl(519)) - omNode-1@group-0AAC5367B30E->omNode-3-AppendLogResponseHandler: received INCONSISTENCY reply with nextIndex 0, errorCount=7, request=AppendEntriesRequest:cid=904,entriesCount=0
2025-02-16 13:03:09,020 [grpc-default-executor-6] INFO  leader.FollowerInfo (FollowerInfoImpl.java:info(70)) - omNode-1@group-0AAC5367B30E->omNode-3: setNextIndex nextIndex: updateUnconditionally 1 -> 0
2025-02-16 13:03:09,020 [omNode-3-server-thread1] INFO  server.RaftServer$Division (ServerState.java:setRaftConf(386)) - omNode-3@group-0AAC5367B30E: set configuration conf: {index: 0, cur=peers:[omNode-3|localhost:15131, omNode-1|localhost:15123, omNode-2|localhost:15127]|listeners:[], old=null}
2025-02-16 13:03:09,021 [omNode-3-server-thread1] INFO  segmented.SegmentedRaftLogWorker (SegmentedRaftLogWorker.java:startLogSegment(438)) - omNode-3@group-0AAC5367B30E-SegmentedRaftLogWorker: Starting segment from index:0
2025-02-16 13:03:09,021 [omNode-3@group-0AAC5367B30E-SegmentedRaftLogWorker] INFO  segmented.BufferedWriteChannel (BufferedWriteChannel.java:open(61)) - open log_inprogress_0 at position 0
2025-02-16 13:03:09,029 [omNode-2@group-0AAC5367B30E-StateMachineUpdater] INFO  ratis.OzoneManagerStateMachine (OzoneManagerStateMachine.java:notifyConfigurationChanged(227)) - notifyConfigurationChanged from Ratis: term=1, index=0, New Peer list: omNode-3(localhost:15131), omNode-1(localhost:15123), omNode-2(localhost:15127)
2025-02-16 13:03:09,030 [omNode-3@group-0AAC5367B30E-SegmentedRaftLogWorker] INFO  segmented.SegmentedRaftLogWorker (SegmentedRaftLogWorker.java:execute(644)) - omNode-3@group-0AAC5367B30E-SegmentedRaftLogWorker: created new log segment /home/runner/work/ozone/ozone/hadoop-ozone/integration-test/target/test-dir/MiniOzoneClusterImpl-8cdb299b-b154-4fd3-af09-aa8d0bad65b8/omNode-3/ratis/0718e334-ffa1-36bc-8e9a-0aac5367b30e/current/log_inprogress_0
2025-02-16 13:03:09,031 [omNode-3@group-0AAC5367B30E-StateMachineUpdater] INFO  ratis.OzoneManagerStateMachine (OzoneManagerStateMachine.java:notifyConfigurationChanged(227)) - notifyConfigurationChanged from Ratis: term=1, index=0, New Peer list: omNode-3(localhost:15131), omNode-1(localhost:15123), omNode-2(localhost:15127)
2025-02-16 13:03:09,112 [main] INFO  handler.ContextHandler (ContextHandler.java:doStart(921)) - Started o.e.j.w.WebAppContext@54e06eeb{hddsDatanode,/,file:///home/runner/work/ozone/ozone/hadoop-ozone/integration-test/target/test-dir/MiniOzoneClusterImpl-8cdb299b-b154-4fd3-af09-aa8d0bad65b8/ozone-meta/datanode-2/meta/webserver/jetty-0_0_0_0-15142-hdds-container-service-2_0_0-SNAPSHOT_jar-_-any-6491206927022917146/webapp/,AVAILABLE}{jar:file:/home/runner/work/ozone/ozone/hadoop-hdds/container-service/target/hdds-container-service-2.0.0-SNAPSHOT.jar!/webapps/hddsDatanode}
2025-02-16 13:03:09,113 [main] INFO  server.AbstractConnector (AbstractConnector.java:doStart(333)) - Started ServerConnector@3eeab865{HTTP/1.1, (http/1.1)}{0.0.0.0:15142}
2025-02-16 13:03:09,113 [main] INFO  server.Server (Server.java:doStart(415)) - Started @113485ms
2025-02-16 13:03:09,113 [main] WARN  impl.MetricsSystemImpl (MetricsSystemImpl.java:register(279)) - Sink prometheus already exists!
2025-02-16 13:03:09,113 [main] INFO  http.BaseHttpServer (BaseHttpServer.java:updateConnectorAddress(361)) - HTTP server of hddsDatanode listening at http://0.0.0.0:15142
2025-02-16 13:03:09,113 [main] INFO  ipc.CallQueueManager (CallQueueManager.java:<init>(93)) - Using callQueue: class java.util.concurrent.LinkedBlockingQueue, queueCapacity: 1000, scheduler: class org.apache.hadoop.ipc.DefaultRpcScheduler, ipcBackoff: false, ipcFailOver: false.
2025-02-16 13:03:09,114 [main] INFO  ipc.Server (Server.java:<init>(1438)) - Listener at 0.0.0.0:15143
2025-02-16 13:03:09,114 [Socket Reader #1 for port 15143] INFO  ipc.Server (Server.java:run(1474)) - Starting Socket Reader #1 for port 15143
2025-02-16 13:03:09,114 [Socket Reader #2 for port 15143] INFO  ipc.Server (Server.java:run(1474)) - Starting Socket Reader #2 for port 15143
2025-02-16 13:03:09,114 [Socket Reader #3 for port 15143] INFO  ipc.Server (Server.java:run(1474)) - Starting Socket Reader #3 for port 15143
2025-02-16 13:03:09,114 [Socket Reader #4 for port 15143] INFO  ipc.Server (Server.java:run(1474)) - Starting Socket Reader #4 for port 15143
2025-02-16 13:03:09,114 [Socket Reader #5 for port 15143] INFO  ipc.Server (Server.java:run(1474)) - Starting Socket Reader #5 for port 15143
2025-02-16 13:03:09,115 [Socket Reader #6 for port 15143] INFO  ipc.Server (Server.java:run(1474)) - Starting Socket Reader #6 for port 15143
2025-02-16 13:03:09,115 [Socket Reader #7 for port 15143] INFO  ipc.Server (Server.java:run(1474)) - Starting Socket Reader #7 for port 15143
2025-02-16 13:03:09,115 [Socket Reader #8 for port 15143] INFO  ipc.Server (Server.java:run(1474)) - Starting Socket Reader #8 for port 15143
2025-02-16 13:03:09,115 [Socket Reader #9 for port 15143] INFO  ipc.Server (Server.java:run(1474)) - Starting Socket Reader #9 for port 15143
2025-02-16 13:03:09,115 [Socket Reader #10 for port 15143] INFO  ipc.Server (Server.java:run(1474)) - Starting Socket Reader #10 for port 15143
2025-02-16 13:03:09,116 [main] INFO  ozone.HddsDatanodeService (HddsDatanodeService.java:start(333)) - Datanode start with admins: [runner]
2025-02-16 13:03:09,117 [main] INFO  ozone.HddsDatanodeClientProtocolServer (HddsDatanodeClientProtocolServer.java:start(77)) - RPC server for Client /0.0.0.0:15143
2025-02-16 13:03:09,117 [IPC Server Responder] INFO  ipc.Server (Server.java:run(1713)) - IPC Server Responder: starting
2025-02-16 13:03:09,117 [IPC Server listener on 15143] INFO  ipc.Server (Server.java:run(1553)) - IPC Server listener on 15143: starting
2025-02-16 13:03:09,118 [main] WARN  dropwizard3.Dm3MetricRegistriesImpl (Dm3MetricRegistriesImpl.java:addReporterRegistration(114)) - New reporters are added after registries were created. Some metrics will be missing from the reporter. Please add reporter before adding any new registry.
2025-02-16 13:03:09,118 [main] WARN  dropwizard3.Dm3MetricRegistriesImpl (Dm3MetricRegistriesImpl.java:addReporterRegistration(114)) - New reporters are added after registries were created. Some metrics will be missing from the reporter. Please add reporter before adding any new registry.
2025-02-16 13:03:09,118 [main] INFO  impl.MetricsSystemImpl (MetricsSystemImpl.java:init(158)) - HddsDatanode metrics system started (again)
2025-02-16 13:03:09,119 [49e1ea80-2a9c-4fc6-9dfd-fcdc1670084a-DatanodeStateMachineDaemonThread] INFO  statemachine.DatanodeStateMachine (DatanodeStateMachine.java:startStateMachineThread(336)) - Ozone container server started.
2025-02-16 13:03:09,120 [49e1ea80-2a9c-4fc6-9dfd-fcdc1670084a-DatanodeStateMachineTaskThread-0] INFO  ha.SCMNodeInfo (SCMNodeInfo.java:getPort(194)) - ConfigKey ozone.scm.client.address is deprecated, For configuring different ports for each SCM use PortConfigKey ozone.scm.client.port appended with serviceId and nodeId
2025-02-16 13:03:09,120 [49e1ea80-2a9c-4fc6-9dfd-fcdc1670084a-DatanodeStateMachineTaskThread-0] INFO  ha.SCMNodeInfo (SCMNodeInfo.java:getPort(194)) - ConfigKey ozone.scm.block.client.address is deprecated, For configuring different ports for each SCM use PortConfigKey ozone.scm.block.client.port appended with serviceId and nodeId
2025-02-16 13:03:09,120 [49e1ea80-2a9c-4fc6-9dfd-fcdc1670084a-DatanodeStateMachineTaskThread-0] INFO  ha.SCMNodeInfo (SCMNodeInfo.java:getPort(194)) - ConfigKey ozone.scm.security.service.address is deprecated, For configuring different ports for each SCM use PortConfigKey ozone.scm.security.service.port appended with serviceId and nodeId
2025-02-16 13:03:09,120 [49e1ea80-2a9c-4fc6-9dfd-fcdc1670084a-DatanodeStateMachineTaskThread-0] INFO  ha.SCMNodeInfo (SCMNodeInfo.java:getPort(194)) - ConfigKey ozone.scm.datanode.address is deprecated, For configuring different ports for each SCM use PortConfigKey ozone.scm.datanode.port appended with serviceId and nodeId
2025-02-16 13:03:09,121 [49e1ea80-2a9c-4fc6-9dfd-fcdc1670084a-DatanodeStateMachineTaskThread-0] INFO  datanode.InitDatanodeState (InitDatanodeState.java:persistContainerDatanodeDetails(139)) - DatanodeDetails is persisted to /home/runner/work/ozone/ozone/hadoop-ozone/integration-test/target/test-dir/MiniOzoneClusterImpl-8cdb299b-b154-4fd3-af09-aa8d0bad65b8/ozone-meta/datanode-2/meta/datanode.id
2025-02-16 13:03:09,128 [main] INFO  ozone.HddsDatanodeService (HddsDatanodeService.java:start(242)) - HddsDatanodeService host:fv-az1944-819.zvagubjpb1fenlvaxs5xdggbeb.ex.internal.cloudapp.net ip:10.1.0.110
2025-02-16 13:03:09,130 [main] INFO  upgrade.AbstractLayoutVersionManager (AbstractLayoutVersionManager.java:init(80)) - Initializing Layout version manager with metadata layout = HBASE_SUPPORT (version = 8), software layout = HBASE_SUPPORT (version = 8)
2025-02-16 13:03:09,130 [main] INFO  ha.SCMNodeInfo (SCMNodeInfo.java:getPort(194)) - ConfigKey ozone.scm.client.address is deprecated, For configuring different ports for each SCM use PortConfigKey ozone.scm.client.port appended with serviceId and nodeId
2025-02-16 13:03:09,130 [main] INFO  ha.SCMNodeInfo (SCMNodeInfo.java:getPort(194)) - ConfigKey ozone.scm.block.client.address is deprecated, For configuring different ports for each SCM use PortConfigKey ozone.scm.block.client.port appended with serviceId and nodeId
2025-02-16 13:03:09,130 [main] INFO  ha.SCMNodeInfo (SCMNodeInfo.java:getPort(194)) - ConfigKey ozone.scm.security.service.address is deprecated, For configuring different ports for each SCM use PortConfigKey ozone.scm.security.service.port appended with serviceId and nodeId
2025-02-16 13:03:09,130 [main] INFO  ha.SCMNodeInfo (SCMNodeInfo.java:getPort(194)) - ConfigKey ozone.scm.datanode.address is deprecated, For configuring different ports for each SCM use PortConfigKey ozone.scm.datanode.port appended with serviceId and nodeId
2025-02-16 13:03:09,131 [main] INFO  statemachine.DatanodeStateMachine (DatanodeStateMachine.java:getEndPointTaskThreadPoolSize(293)) - Datanode State Machine Task Thread Pool size 2
2025-02-16 13:03:09,132 [main] INFO  volume.HddsVolume (HddsVolume.java:<init>(131)) - Creating HddsVolume: /home/runner/work/ozone/ozone/hadoop-ozone/integration-test/target/test-dir/MiniOzoneClusterImpl-8cdb299b-b154-4fd3-af09-aa8d0bad65b8/ozone-meta/datanode-3/data-0/hdds of storage type: DISK, capacity=9222449699674390527, used=0, available=9222449699674390527
2025-02-16 13:03:09,132 [main] INFO  volume.MutableVolumeSet (MutableVolumeSet.java:initializeVolumeSet(171)) - Added Volume : /home/runner/work/ozone/ozone/hadoop-ozone/integration-test/target/test-dir/MiniOzoneClusterImpl-8cdb299b-b154-4fd3-af09-aa8d0bad65b8/ozone-meta/datanode-3/data-0/hdds to VolumeSet
2025-02-16 13:03:09,133 [main] INFO  volume.MutableVolumeSet (MutableVolumeSet.java:initializeVolumeSet(171)) - Added Volume : /home/runner/work/ozone/ozone/hadoop-ozone/integration-test/target/test-dir/MiniOzoneClusterImpl-8cdb299b-b154-4fd3-af09-aa8d0bad65b8/ozone-meta/datanode-3/ratis to VolumeSet
2025-02-16 13:03:09,134 [main] INFO  ozoneimpl.OzoneContainer (HddsVolumeUtil.java:loadAllHddsVolumeDbStore(101)) - Load 1 volumes DbStore cost: 0ms
2025-02-16 13:03:09,134 [main] WARN  db.DBStoreBuilder (DBStoreBuilder.java:getDBDirPath(168)) - ozone.scm.datanode.id.dir is not configured. We recommend adding this setting. Falling back to ozone.metadata.dirs instead.
2025-02-16 13:03:09,135 [main] WARN  db.DBStoreBuilder (DBStoreBuilder.java:getDBDirPath(168)) - ozone.scm.datanode.id.dir is not configured. We recommend adding this setting. Falling back to ozone.metadata.dirs instead.
2025-02-16 13:03:09,146 [main] INFO  impl.FilePerChunkStrategy (FilePerChunkStrategy.java:<init>(82)) - ozone.chunk.read.mapped.buffer.max.count is load with 0
2025-02-16 13:03:09,146 [main] INFO  impl.FilePerBlockStrategy (FilePerBlockStrategy.java:<init>(90)) - ozone.chunk.read.mapped.buffer.max.count is load with 0
2025-02-16 13:03:09,147 [main] INFO  server.RaftServerConfigKeys (ConfUtils.java:logGet(46)) - raft.server.log.appender.buffer.byte-limit = 33554432 (custom)
2025-02-16 13:03:09,148 [main] INFO  server.RaftServer (ConfUtils.java:logGet(46)) - raft.rpc.type = GRPC (default)
2025-02-16 13:03:09,148 [main] INFO  grpc.GrpcConfigKeys (ConfUtils.java:logFallback(53)) - raft.grpc.admin.host = null (fallback to raft.grpc.server.host)
2025-02-16 13:03:09,148 [main] INFO  grpc.GrpcConfigKeys (ConfUtils.java:logGet(46)) - raft.grpc.admin.port = 15155 (custom)
2025-02-16 13:03:09,148 [main] INFO  grpc.GrpcConfigKeys (ConfUtils.java:logFallback(53)) - raft.grpc.client.host = null (fallback to raft.grpc.server.host)
2025-02-16 13:03:09,148 [main] INFO  grpc.GrpcConfigKeys (ConfUtils.java:logGet(46)) - raft.grpc.client.port = 15154 (custom)
2025-02-16 13:03:09,148 [main] INFO  grpc.GrpcConfigKeys (ConfUtils.java:logGet(46)) - raft.grpc.server.host = null (default)
2025-02-16 13:03:09,148 [main] INFO  grpc.GrpcConfigKeys (ConfUtils.java:logGet(46)) - raft.grpc.server.port = 15156 (custom)
2025-02-16 13:03:09,148 [main] INFO  server.GrpcService (ConfUtils.java:logGet(46)) - raft.grpc.message.size.max = 34603008 (custom)
2025-02-16 13:03:09,149 [main] INFO  server.GrpcService (ConfUtils.java:logGet(46)) - raft.grpc.flow.control.window = 5MB (=5242880) (custom)
2025-02-16 13:03:09,149 [main] INFO  server.RaftServerConfigKeys (ConfUtils.java:logGet(46)) - raft.server.rpc.request.timeout = 60s (custom)
2025-02-16 13:03:09,149 [main] INFO  grpc.GrpcConfigKeys (ConfUtils.java:logGet(46)) - raft.grpc.server.heartbeat.channel = true (default)
2025-02-16 13:03:09,149 [main] INFO  server.RaftServerConfigKeys (ConfUtils.java:logGet(46)) - raft.server.log.appender.buffer.byte-limit = 33554432 (custom)
2025-02-16 13:03:09,149 [main] INFO  grpc.GrpcConfigKeys (ConfUtils.java:logGet(46)) - raft.grpc.server.async.request.thread.pool.cached = true (default)
2025-02-16 13:03:09,149 [main] INFO  grpc.GrpcConfigKeys (ConfUtils.java:logGet(46)) - raft.grpc.server.async.request.thread.pool.size = 32 (default)
2025-02-16 13:03:09,150 [main] INFO  impl.DataStreamServerImpl (ConfUtils.java:logGet(46)) - raft.datastream.type = NETTY (custom)
2025-02-16 13:03:09,151 [main] INFO  server.RaftServerConfigKeys (ConfUtils.java:logGet(46)) - raft.server.data-stream.async.request.thread.pool.cached = false (default)
2025-02-16 13:03:09,151 [main] INFO  server.RaftServerConfigKeys (ConfUtils.java:logGet(46)) - raft.server.data-stream.async.request.thread.pool.size = 20 (custom)
2025-02-16 13:03:09,151 [main] INFO  server.RaftServerConfigKeys (ConfUtils.java:logGet(46)) - raft.server.data-stream.async.write.thread.pool.size = 16 (default)
2025-02-16 13:03:09,151 [main] INFO  netty.NettyConfigKeys$DataStream (ConfUtils.java:logGet(46)) - raft.netty.dataStream.server.channel.inactive.grace-period = 10min (default)
2025-02-16 13:03:09,151 [main] INFO  server.RaftServerConfigKeys (ConfUtils.java:logGet(46)) - raft.server.data-stream.client.pool.size = 10 (default)
2025-02-16 13:03:09,151 [main] INFO  netty.NettyConfigKeys$DataStream (ConfUtils.java:logGet(46)) - raft.netty.dataStream.server.use-epoll = true (default)
2025-02-16 13:03:09,151 [main] INFO  netty.NettyConfigKeys$DataStream (ConfUtils.java:logGet(46)) - raft.netty.dataStream.server.boss-group.size = 0 (default)
2025-02-16 13:03:09,151 [main] INFO  netty.NettyUtils (NettyUtils.java:newEventLoopGroup(74)) - Create EpollEventLoopGroup for 9e04f330-63f7-447c-8500-8939715d6f40-NettyServerStreamRpc-bossGroup; Thread size is 0.
2025-02-16 13:03:09,152 [main] INFO  netty.NettyConfigKeys$DataStream (ConfUtils.java:logGet(46)) - raft.netty.dataStream.server.worker-group.size = 0 (default)
2025-02-16 13:03:09,152 [main] INFO  netty.NettyUtils (NettyUtils.java:newEventLoopGroup(74)) - Create EpollEventLoopGroup for 9e04f330-63f7-447c-8500-8939715d6f40-NettyServerStreamRpc-workerGroup; Thread size is 0.
2025-02-16 13:03:09,152 [main] INFO  netty.NettyConfigKeys$DataStream (ConfUtils.java:logGet(46)) - raft.netty.dataStream.server.tls.conf = null (default)
2025-02-16 13:03:09,152 [main] INFO  netty.NettyConfigKeys$DataStream (ConfUtils.java:logGet(46)) - raft.netty.dataStream.host = null (default)
2025-02-16 13:03:09,152 [main] INFO  netty.NettyConfigKeys$DataStream (ConfUtils.java:logGet(46)) - raft.netty.dataStream.port = 15157 (custom)
2025-02-16 13:03:09,153 [main] INFO  server.RaftServerConfigKeys (ConfUtils.java:logGet(46)) - raft.server.sleep.deviation.threshold = 300ms (default)
2025-02-16 13:03:09,153 [main] INFO  server.RaftServerConfigKeys (ConfUtils.java:logGet(46)) - raft.server.close.threshold = 60s (default)
2025-02-16 13:03:09,153 [main] INFO  server.RaftServerConfigKeys (ConfUtils.java:logGet(46)) - raft.server.leaderelection.leader.step-down.wait-time = 10s (default)
2025-02-16 13:03:09,153 [main] INFO  server.RaftServerConfigKeys (ConfUtils.java:logGet(46)) - raft.server.storage.dir = [/home/runner/work/ozone/ozone/hadoop-ozone/integration-test/target/test-dir/MiniOzoneClusterImpl-8cdb299b-b154-4fd3-af09-aa8d0bad65b8/ozone-meta/datanode-3/ratis] (custom)
2025-02-16 13:03:09,153 [main] INFO  server.RaftServerConfigKeys (ConfUtils.java:logGet(46)) - raft.server.threadpool.proxy.cached = true (default)
2025-02-16 13:03:09,153 [9e04f330-63f7-447c-8500-8939715d6f40-NettyServerStreamRpc-bossGroup--thread1] INFO  logging.LoggingHandler (AbstractInternalLogger.java:log(148)) - [id: 0x7a0e33e0] REGISTERED
2025-02-16 13:03:09,154 [main] INFO  server.RaftServerConfigKeys (ConfUtils.java:logGet(46)) - raft.server.threadpool.proxy.size = 0 (default)
2025-02-16 13:03:09,154 [9e04f330-63f7-447c-8500-8939715d6f40-NettyServerStreamRpc-bossGroup--thread1] INFO  logging.LoggingHandler (AbstractInternalLogger.java:log(148)) - [id: 0x7a0e33e0] BIND: 0.0.0.0/0.0.0.0:15157
2025-02-16 13:03:09,154 [9e04f330-63f7-447c-8500-8939715d6f40-NettyServerStreamRpc-bossGroup--thread1] INFO  logging.LoggingHandler (AbstractInternalLogger.java:log(148)) - [id: 0x7a0e33e0, L:/0.0.0.0:15157] ACTIVE
2025-02-16 13:03:09,154 [9e04f330-63f7-447c-8500-8939715d6f40-impl-thread1] INFO  server.RaftServer (RaftServerProxy.java:initGroupDir(265)) - 9e04f330-63f7-447c-8500-8939715d6f40: found a subdirectory /home/runner/work/ozone/ozone/hadoop-ozone/integration-test/target/test-dir/MiniOzoneClusterImpl-8cdb299b-b154-4fd3-af09-aa8d0bad65b8/ozone-meta/datanode-3/ratis/tmp
2025-02-16 13:03:09,155 [9e04f330-63f7-447c-8500-8939715d6f40-impl-thread1] INFO  server.RaftServer (RaftServerProxy.java:initGroupDir(270)) - 9e04f330-63f7-447c-8500-8939715d6f40: The directory /home/runner/work/ozone/ozone/hadoop-ozone/integration-test/target/test-dir/MiniOzoneClusterImpl-8cdb299b-b154-4fd3-af09-aa8d0bad65b8/ozone-meta/datanode-3/ratis/tmp is not a group directory; ignoring it. 
2025-02-16 13:03:09,155 [main] INFO  replication.ReplicationServer (ReplicationServer.java:<init>(84)) - Initializing replication server with thread count = 10 queue length = 4096
2025-02-16 13:03:09,155 [main] INFO  server.XceiverServerGrpc (XceiverServerGrpc.java:<init>(132)) - GrpcServer channel type EpollServerSocketChannel
2025-02-16 13:03:09,156 [main] INFO  replication.ReplicationSupervisor (ReplicationSupervisor.java:build(169)) - Initializing replication supervisor with thread count = 10
2025-02-16 13:03:09,157 [main] INFO  replication.ReplicationSupervisor (ReplicationSupervisor.java:nodeStateUpdated(358)) - Node state updated to IN_SERVICE, scaling executor pool size to 10
2025-02-16 13:03:09,158 [main] INFO  http.BaseHttpServer (BaseHttpServer.java:newHttpServer2BuilderForOzone(230)) - Starting Web-server for hddsDatanode at: http://0.0.0.0:15151
2025-02-16 13:03:09,158 [main] INFO  http.BaseHttpServer (BaseHttpServer.java:<init>(108)) - Hadoop Security Enabled: false Ozone Security Enabled: false Ozone HTTP Security Enabled: false 
2025-02-16 13:03:09,159 [main] WARN  server.AuthenticationFilter (AuthenticationFilter.java:constructSecretProvider(240)) - Unable to initialize FileSignerSecretProvider, falling back to use random secrets. Reason: Could not read signature secret file: /home/runner/hadoop-http-auth-signature-secret
2025-02-16 13:03:09,160 [main] INFO  http.HttpRequestLog (HttpRequestLog.java:getRequestLog(85)) - Http request log for http.requests.hddsDatanode is not defined
2025-02-16 13:03:09,161 [main] INFO  http.HttpServer2 (HttpServer2.java:addGlobalFilter(1038)) - Added global filter 'safety' (class=org.apache.hadoop.hdds.server.http.HttpServer2$QuotingInputFilter)
2025-02-16 13:03:09,161 [main] INFO  http.HttpServer2 (HttpServer2.java:addFilter(1014)) - Added filter static_user_filter (class=org.apache.hadoop.http.lib.StaticUserWebFilter$StaticUserFilter) to context hddsDatanode
2025-02-16 13:03:09,161 [main] INFO  http.HttpServer2 (HttpServer2.java:addFilter(1022)) - Added filter static_user_filter (class=org.apache.hadoop.http.lib.StaticUserWebFilter$StaticUserFilter) to context logs
2025-02-16 13:03:09,161 [main] INFO  http.HttpServer2 (HttpServer2.java:addFilter(1022)) - Added filter static_user_filter (class=org.apache.hadoop.http.lib.StaticUserWebFilter$StaticUserFilter) to context static
2025-02-16 13:03:09,162 [main] INFO  http.BaseHttpServer (BaseHttpServer.java:<init>(196)) - HTTP server of hddsDatanode uses base directory /home/runner/work/ozone/ozone/hadoop-ozone/integration-test/target/test-dir/MiniOzoneClusterImpl-8cdb299b-b154-4fd3-af09-aa8d0bad65b8/ozone-meta/datanode-3/meta/webserver
2025-02-16 13:03:09,162 [main] INFO  http.HttpServer2 (HttpServer2.java:bindListener(1238)) - Jetty bound to port 15151
2025-02-16 13:03:09,162 [main] INFO  server.Server (Server.java:doStart(375)) - jetty-9.4.57.v20241219; built: 2025-01-08T21:24:30.412Z; git: df524e6b29271c2e09ba9aea83c18dc9db464a31; jvm 21.0.6+7-LTS
2025-02-16 13:03:09,164 [main] INFO  server.session (DefaultSessionIdManager.java:doStart(334)) - DefaultSessionIdManager workerName=node0
2025-02-16 13:03:09,164 [main] INFO  server.session (DefaultSessionIdManager.java:doStart(339)) - No SessionScavenger set, using defaults
2025-02-16 13:03:09,164 [main] INFO  server.session (HouseKeeper.java:startScavenging(132)) - node0 Scavenging every 660000ms
2025-02-16 13:03:09,164 [main] INFO  handler.ContextHandler (ContextHandler.java:doStart(921)) - Started o.e.j.s.ServletContextHandler@1aecb3bd{logs,/logs,file:///home/runner/work/ozone/ozone/hadoop-ozone/integration-test/target/log,AVAILABLE}
2025-02-16 13:03:09,165 [main] INFO  handler.ContextHandler (ContextHandler.java:doStart(921)) - Started o.e.j.s.ServletContextHandler@38cb6f24{static,/static,jar:file:/home/runner/work/ozone/ozone/hadoop-hdds/container-service/target/hdds-container-service-2.0.0-SNAPSHOT.jar!/webapps/static,AVAILABLE}
2025-02-16 13:03:09,308 [main] INFO  handler.ContextHandler (ContextHandler.java:doStart(921)) - Started o.e.j.w.WebAppContext@2fed309e{hddsDatanode,/,file:///home/runner/work/ozone/ozone/hadoop-ozone/integration-test/target/test-dir/MiniOzoneClusterImpl-8cdb299b-b154-4fd3-af09-aa8d0bad65b8/ozone-meta/datanode-3/meta/webserver/jetty-0_0_0_0-15151-hdds-container-service-2_0_0-SNAPSHOT_jar-_-any-15215883782713733765/webapp/,AVAILABLE}{jar:file:/home/runner/work/ozone/ozone/hadoop-hdds/container-service/target/hdds-container-service-2.0.0-SNAPSHOT.jar!/webapps/hddsDatanode}
2025-02-16 13:03:09,308 [main] INFO  server.AbstractConnector (AbstractConnector.java:doStart(333)) - Started ServerConnector@46de9704{HTTP/1.1, (http/1.1)}{0.0.0.0:15151}
2025-02-16 13:03:09,308 [main] INFO  server.Server (Server.java:doStart(415)) - Started @113681ms
2025-02-16 13:03:09,308 [main] WARN  impl.MetricsSystemImpl (MetricsSystemImpl.java:register(279)) - Sink prometheus already exists!
2025-02-16 13:03:09,309 [main] INFO  http.BaseHttpServer (BaseHttpServer.java:updateConnectorAddress(361)) - HTTP server of hddsDatanode listening at http://0.0.0.0:15151
2025-02-16 13:03:09,309 [main] INFO  ipc.CallQueueManager (CallQueueManager.java:<init>(93)) - Using callQueue: class java.util.concurrent.LinkedBlockingQueue, queueCapacity: 1000, scheduler: class org.apache.hadoop.ipc.DefaultRpcScheduler, ipcBackoff: false, ipcFailOver: false.
2025-02-16 13:03:09,310 [main] INFO  ipc.Server (Server.java:<init>(1438)) - Listener at 0.0.0.0:15152
2025-02-16 13:03:09,310 [Socket Reader #1 for port 15152] INFO  ipc.Server (Server.java:run(1474)) - Starting Socket Reader #1 for port 15152
2025-02-16 13:03:09,310 [Socket Reader #2 for port 15152] INFO  ipc.Server (Server.java:run(1474)) - Starting Socket Reader #2 for port 15152
2025-02-16 13:03:09,310 [Socket Reader #3 for port 15152] INFO  ipc.Server (Server.java:run(1474)) - Starting Socket Reader #3 for port 15152
2025-02-16 13:03:09,311 [Socket Reader #4 for port 15152] INFO  ipc.Server (Server.java:run(1474)) - Starting Socket Reader #4 for port 15152
2025-02-16 13:03:09,311 [Socket Reader #5 for port 15152] INFO  ipc.Server (Server.java:run(1474)) - Starting Socket Reader #5 for port 15152
2025-02-16 13:03:09,311 [Socket Reader #6 for port 15152] INFO  ipc.Server (Server.java:run(1474)) - Starting Socket Reader #6 for port 15152
2025-02-16 13:03:09,312 [Socket Reader #7 for port 15152] INFO  ipc.Server (Server.java:run(1474)) - Starting Socket Reader #7 for port 15152
2025-02-16 13:03:09,312 [Socket Reader #8 for port 15152] INFO  ipc.Server (Server.java:run(1474)) - Starting Socket Reader #8 for port 15152
2025-02-16 13:03:09,312 [Socket Reader #9 for port 15152] INFO  ipc.Server (Server.java:run(1474)) - Starting Socket Reader #9 for port 15152
2025-02-16 13:03:09,312 [Socket Reader #10 for port 15152] INFO  ipc.Server (Server.java:run(1474)) - Starting Socket Reader #10 for port 15152
2025-02-16 13:03:09,314 [main] INFO  ozone.HddsDatanodeService (HddsDatanodeService.java:start(333)) - Datanode start with admins: [runner]
2025-02-16 13:03:09,314 [main] INFO  ozone.HddsDatanodeClientProtocolServer (HddsDatanodeClientProtocolServer.java:start(77)) - RPC server for Client /0.0.0.0:15152
2025-02-16 13:03:09,314 [IPC Server Responder] INFO  ipc.Server (Server.java:run(1713)) - IPC Server Responder: starting
2025-02-16 13:03:09,314 [IPC Server listener on 15152] INFO  ipc.Server (Server.java:run(1553)) - IPC Server listener on 15152: starting
2025-02-16 13:03:09,316 [main] INFO  ozone.MiniOzoneClusterImpl (MiniOzoneClusterImpl.java:lambda$waitForClusterToBeReady$0(211)) - Waiting for nodes to be ready. Got 0 of 3 DN Heartbeats.
2025-02-16 13:03:09,317 [main] INFO  ozone.MiniOzoneClusterImpl (MiniOzoneClusterImpl.java:lambda$waitForClusterToBeReady$0(214)) - Waiting for cluster to exit safe mode
2025-02-16 13:03:09,317 [main] INFO  ozone.MiniOzoneClusterImpl (MiniOzoneClusterImpl.java:lambda$waitForClusterToBeReady$0(216)) - SCM became leader
2025-02-16 13:03:09,317 [9e04f330-63f7-447c-8500-8939715d6f40-DatanodeStateMachineDaemonThread] INFO  statemachine.DatanodeStateMachine (DatanodeStateMachine.java:startStateMachineThread(336)) - Ozone container server started.
2025-02-16 13:03:09,317 [9e04f330-63f7-447c-8500-8939715d6f40-DatanodeStateMachineTaskThread-0] INFO  ha.SCMNodeInfo (SCMNodeInfo.java:getPort(194)) - ConfigKey ozone.scm.client.address is deprecated, For configuring different ports for each SCM use PortConfigKey ozone.scm.client.port appended with serviceId and nodeId
2025-02-16 13:03:09,317 [9e04f330-63f7-447c-8500-8939715d6f40-DatanodeStateMachineTaskThread-0] INFO  ha.SCMNodeInfo (SCMNodeInfo.java:getPort(194)) - ConfigKey ozone.scm.block.client.address is deprecated, For configuring different ports for each SCM use PortConfigKey ozone.scm.block.client.port appended with serviceId and nodeId
2025-02-16 13:03:09,317 [9e04f330-63f7-447c-8500-8939715d6f40-DatanodeStateMachineTaskThread-0] INFO  ha.SCMNodeInfo (SCMNodeInfo.java:getPort(194)) - ConfigKey ozone.scm.security.service.address is deprecated, For configuring different ports for each SCM use PortConfigKey ozone.scm.security.service.port appended with serviceId and nodeId
2025-02-16 13:03:09,317 [9e04f330-63f7-447c-8500-8939715d6f40-DatanodeStateMachineTaskThread-0] INFO  ha.SCMNodeInfo (SCMNodeInfo.java:getPort(194)) - ConfigKey ozone.scm.datanode.address is deprecated, For configuring different ports for each SCM use PortConfigKey ozone.scm.datanode.port appended with serviceId and nodeId
2025-02-16 13:03:09,319 [9e04f330-63f7-447c-8500-8939715d6f40-DatanodeStateMachineTaskThread-0] INFO  datanode.InitDatanodeState (InitDatanodeState.java:persistContainerDatanodeDetails(139)) - DatanodeDetails is persisted to /home/runner/work/ozone/ozone/hadoop-ozone/integration-test/target/test-dir/MiniOzoneClusterImpl-8cdb299b-b154-4fd3-af09-aa8d0bad65b8/ozone-meta/datanode-3/meta/datanode.id
2025-02-16 13:03:10,317 [main] INFO  ozone.MiniOzoneClusterImpl (MiniOzoneClusterImpl.java:lambda$waitForClusterToBeReady$0(211)) - Waiting for nodes to be ready. Got 0 of 3 DN Heartbeats.
2025-02-16 13:03:10,317 [main] INFO  ozone.MiniOzoneClusterImpl (MiniOzoneClusterImpl.java:lambda$waitForClusterToBeReady$0(214)) - Waiting for cluster to exit safe mode
2025-02-16 13:03:10,317 [main] INFO  ozone.MiniOzoneClusterImpl (MiniOzoneClusterImpl.java:lambda$waitForClusterToBeReady$0(216)) - SCM became leader
2025-02-16 13:03:10,958 [b381b084-c55c-4dbb-889c-469a9420fe3b-EndpointStateMachineTaskThread-/127.0.0.1:15110-0 ] INFO  utils.DatanodeStoreCache (DatanodeStoreCache.java:addDB(71)) - Added db /home/runner/work/ozone/ozone/hadoop-ozone/integration-test/target/test-dir/MiniOzoneClusterImpl-8cdb299b-b154-4fd3-af09-aa8d0bad65b8/ozone-meta/datanode-1/data-0/hdds/8cdb299b-b154-4fd3-af09-aa8d0bad65b8/DS-ea788416-6fc0-45f3-b539-4b78963453ca/container.db to cache
2025-02-16 13:03:10,958 [b381b084-c55c-4dbb-889c-469a9420fe3b-EndpointStateMachineTaskThread-/127.0.0.1:15110-0 ] INFO  volume.HddsVolume (HddsVolume.java:createDbStore(445)) - SchemaV3 db is created and loaded at /home/runner/work/ozone/ozone/hadoop-ozone/integration-test/target/test-dir/MiniOzoneClusterImpl-8cdb299b-b154-4fd3-af09-aa8d0bad65b8/ozone-meta/datanode-1/data-0/hdds/8cdb299b-b154-4fd3-af09-aa8d0bad65b8/DS-ea788416-6fc0-45f3-b539-4b78963453ca/container.db for volume DS-ea788416-6fc0-45f3-b539-4b78963453ca
2025-02-16 13:03:10,959 [b381b084-c55c-4dbb-889c-469a9420fe3b-ContainerReader-0] INFO  ozoneimpl.ContainerReader (ContainerReader.java:readVolume(144)) - Start to verify containers on volume /home/runner/work/ozone/ozone/hadoop-ozone/integration-test/target/test-dir/MiniOzoneClusterImpl-8cdb299b-b154-4fd3-af09-aa8d0bad65b8/ozone-meta/datanode-1/data-0/hdds
2025-02-16 13:03:10,960 [b381b084-c55c-4dbb-889c-469a9420fe3b-ContainerReader-0] INFO  ozoneimpl.ContainerReader (ContainerReader.java:readVolume(174)) - Finish verifying containers on volume /home/runner/work/ozone/ozone/hadoop-ozone/integration-test/target/test-dir/MiniOzoneClusterImpl-8cdb299b-b154-4fd3-af09-aa8d0bad65b8/ozone-meta/datanode-1/data-0/hdds
2025-02-16 13:03:10,960 [b381b084-c55c-4dbb-889c-469a9420fe3b-EndpointStateMachineTaskThread-/127.0.0.1:15110-0 ] INFO  ozoneimpl.OzoneContainer (OzoneContainer.java:buildContainerSet(357)) - Build ContainerSet costs 0s
2025-02-16 13:03:10,960 [b381b084-c55c-4dbb-889c-469a9420fe3b-EndpointStateMachineTaskThread-/127.0.0.1:15110-0 ] INFO  volume.ThrottledAsyncChecker (ThrottledAsyncChecker.java:schedule(138)) - Scheduling a check for /home/runner/work/ozone/ozone/hadoop-ozone/integration-test/target/test-dir/MiniOzoneClusterImpl-8cdb299b-b154-4fd3-af09-aa8d0bad65b8/ozone-meta/datanode-1/data-0/hdds
2025-02-16 13:03:10,960 [b381b084-c55c-4dbb-889c-469a9420fe3b-EndpointStateMachineTaskThread-/127.0.0.1:15110-0 ] INFO  volume.StorageVolumeChecker (StorageVolumeChecker.java:checkAllVolumes(215)) - Scheduled health check for volume /home/runner/work/ozone/ozone/hadoop-ozone/integration-test/target/test-dir/MiniOzoneClusterImpl-8cdb299b-b154-4fd3-af09-aa8d0bad65b8/ozone-meta/datanode-1/data-0/hdds
2025-02-16 13:03:10,961 [b381b084-c55c-4dbb-889c-469a9420fe3b-EndpointStateMachineTaskThread-/127.0.0.1:15110-0 ] INFO  volume.ThrottledAsyncChecker (ThrottledAsyncChecker.java:schedule(138)) - Scheduling a check for /home/runner/work/ozone/ozone/hadoop-ozone/integration-test/target/test-dir/MiniOzoneClusterImpl-8cdb299b-b154-4fd3-af09-aa8d0bad65b8/ozone-meta/datanode-1/ratis
2025-02-16 13:03:10,961 [b381b084-c55c-4dbb-889c-469a9420fe3b-EndpointStateMachineTaskThread-/127.0.0.1:15110-0 ] INFO  volume.StorageVolumeChecker (StorageVolumeChecker.java:checkAllVolumes(215)) - Scheduled health check for volume /home/runner/work/ozone/ozone/hadoop-ozone/integration-test/target/test-dir/MiniOzoneClusterImpl-8cdb299b-b154-4fd3-af09-aa8d0bad65b8/ozone-meta/datanode-1/ratis
2025-02-16 13:03:10,962 [b381b084-c55c-4dbb-889c-469a9420fe3b-EndpointStateMachineTaskThread-/127.0.0.1:15110-0 ] INFO  ozoneimpl.OzoneContainer (OzoneContainer.java:start(500)) - Attempting to start container services.
2025-02-16 13:03:10,963 [ContainerMetadataScanner] INFO  ozoneimpl.AbstractBackgroundContainerScanner (AbstractBackgroundContainerScanner.java:runIteration(84)) - Completed an iteration in 0 minutes. Number of iterations (since the data-node restart) : 1, Number of containers scanned in this iteration : 0, Number of unhealthy containers found in this iteration : 0
2025-02-16 13:03:10,963 [b381b084-c55c-4dbb-889c-469a9420fe3b-EndpointStateMachineTaskThread-/127.0.0.1:15110-0 ] INFO  replication.ReplicationServer (ReplicationServer.java:start(137)) - ReplicationServer is started using port 15140
2025-02-16 13:03:10,964 [ContainerDataScanner(/home/runner/work/ozone/ozone/hadoop-ozone/integration-test/target/test-dir/MiniOzoneClusterImpl-8cdb299b-b154-4fd3-af09-aa8d0bad65b8/ozone-meta/datanode-1/data-0/hdds)] INFO  ozoneimpl.AbstractBackgroundContainerScanner (AbstractBackgroundContainerScanner.java:runIteration(84)) - Completed an iteration in 0 minutes. Number of iterations (since the data-node restart) : 1, Number of containers scanned in this iteration : 0, Number of unhealthy containers found in this iteration : 0
2025-02-16 13:03:10,964 [b381b084-c55c-4dbb-889c-469a9420fe3b-EndpointStateMachineTaskThread-/127.0.0.1:15110-0 ] INFO  ratis.XceiverServerRatis (XceiverServerRatis.java:start(558)) - Starting XceiverServerRatis(b381b084-c55c-4dbb-889c-469a9420fe3b)
2025-02-16 13:03:10,964 [b381b084-c55c-4dbb-889c-469a9420fe3b-EndpointStateMachineTaskThread-/127.0.0.1:15110-0 ] INFO  server.RaftServer (RaftServerProxy.java:startImpl(407)) - b381b084-c55c-4dbb-889c-469a9420fe3b: start RPC server
2025-02-16 13:03:10,965 [b381b084-c55c-4dbb-889c-469a9420fe3b-EndpointStateMachineTaskThread-/127.0.0.1:15110-0 ] INFO  server.GrpcService (GrpcService.java:startImpl(334)) - b381b084-c55c-4dbb-889c-469a9420fe3b: GrpcService started, listening on 15136
2025-02-16 13:03:10,965 [b381b084-c55c-4dbb-889c-469a9420fe3b-EndpointStateMachineTaskThread-/127.0.0.1:15110-0 ] INFO  server.GrpcService (GrpcService.java:startImpl(334)) - b381b084-c55c-4dbb-889c-469a9420fe3b: GrpcService started, listening on 15138
2025-02-16 13:03:10,965 [b381b084-c55c-4dbb-889c-469a9420fe3b-EndpointStateMachineTaskThread-/127.0.0.1:15110-0 ] INFO  server.GrpcService (GrpcService.java:startImpl(334)) - b381b084-c55c-4dbb-889c-469a9420fe3b: GrpcService started, listening on 15137
2025-02-16 13:03:10,965 [b381b084-c55c-4dbb-889c-469a9420fe3b-EndpointStateMachineTaskThread-/127.0.0.1:15110-0 ] INFO  ratis.XceiverServerRatis (XceiverServerRatis.java:getRealPort(585)) - XceiverServerRatis(b381b084-c55c-4dbb-889c-469a9420fe3b) is started using port RATIS=15136
2025-02-16 13:03:10,966 [b381b084-c55c-4dbb-889c-469a9420fe3b-EndpointStateMachineTaskThread-/127.0.0.1:15110-0 ] INFO  ratis.XceiverServerRatis (XceiverServerRatis.java:getRealPort(585)) - XceiverServerRatis(b381b084-c55c-4dbb-889c-469a9420fe3b) is started using port RATIS_ADMIN=15137
2025-02-16 13:03:10,966 [b381b084-c55c-4dbb-889c-469a9420fe3b-EndpointStateMachineTaskThread-/127.0.0.1:15110-0 ] INFO  ratis.XceiverServerRatis (XceiverServerRatis.java:getRealPort(585)) - XceiverServerRatis(b381b084-c55c-4dbb-889c-469a9420fe3b) is started using port RATIS_SERVER=15138
2025-02-16 13:03:10,966 [b381b084-c55c-4dbb-889c-469a9420fe3b-EndpointStateMachineTaskThread-/127.0.0.1:15110-0 ] INFO  ratis.XceiverServerRatis (XceiverServerRatis.java:getRealPort(585)) - XceiverServerRatis(b381b084-c55c-4dbb-889c-469a9420fe3b) is started using port RATIS_DATASTREAM=15139
2025-02-16 13:03:10,966 [JvmPauseMonitor20] INFO  util.JvmPauseMonitor (JvmPauseMonitor.java:run(146)) - JvmPauseMonitor-b381b084-c55c-4dbb-889c-469a9420fe3b: Started
2025-02-16 13:03:10,967 [b381b084-c55c-4dbb-889c-469a9420fe3b-BlockDeletingService#0] INFO  interfaces.ContainerDeletionChoosingPolicyTemplate (ContainerDeletionChoosingPolicyTemplate.java:chooseContainerForBlockDeletion(83)) - Chosen 0/5000 blocks from 0 candidate containers.
2025-02-16 13:03:11,145 [49e1ea80-2a9c-4fc6-9dfd-fcdc1670084a-EndpointStateMachineTaskThread-/127.0.0.1:15110-0 ] INFO  utils.DatanodeStoreCache (DatanodeStoreCache.java:addDB(71)) - Added db /home/runner/work/ozone/ozone/hadoop-ozone/integration-test/target/test-dir/MiniOzoneClusterImpl-8cdb299b-b154-4fd3-af09-aa8d0bad65b8/ozone-meta/datanode-2/data-0/hdds/8cdb299b-b154-4fd3-af09-aa8d0bad65b8/DS-cbd5e898-1f82-47e9-931c-75593037a700/container.db to cache
2025-02-16 13:03:11,146 [49e1ea80-2a9c-4fc6-9dfd-fcdc1670084a-EndpointStateMachineTaskThread-/127.0.0.1:15110-0 ] INFO  volume.HddsVolume (HddsVolume.java:createDbStore(445)) - SchemaV3 db is created and loaded at /home/runner/work/ozone/ozone/hadoop-ozone/integration-test/target/test-dir/MiniOzoneClusterImpl-8cdb299b-b154-4fd3-af09-aa8d0bad65b8/ozone-meta/datanode-2/data-0/hdds/8cdb299b-b154-4fd3-af09-aa8d0bad65b8/DS-cbd5e898-1f82-47e9-931c-75593037a700/container.db for volume DS-cbd5e898-1f82-47e9-931c-75593037a700
2025-02-16 13:03:11,147 [49e1ea80-2a9c-4fc6-9dfd-fcdc1670084a-ContainerReader-0] INFO  ozoneimpl.ContainerReader (ContainerReader.java:readVolume(144)) - Start to verify containers on volume /home/runner/work/ozone/ozone/hadoop-ozone/integration-test/target/test-dir/MiniOzoneClusterImpl-8cdb299b-b154-4fd3-af09-aa8d0bad65b8/ozone-meta/datanode-2/data-0/hdds
2025-02-16 13:03:11,147 [49e1ea80-2a9c-4fc6-9dfd-fcdc1670084a-ContainerReader-0] INFO  ozoneimpl.ContainerReader (ContainerReader.java:readVolume(174)) - Finish verifying containers on volume /home/runner/work/ozone/ozone/hadoop-ozone/integration-test/target/test-dir/MiniOzoneClusterImpl-8cdb299b-b154-4fd3-af09-aa8d0bad65b8/ozone-meta/datanode-2/data-0/hdds
2025-02-16 13:03:11,147 [49e1ea80-2a9c-4fc6-9dfd-fcdc1670084a-EndpointStateMachineTaskThread-/127.0.0.1:15110-0 ] INFO  ozoneimpl.OzoneContainer (OzoneContainer.java:buildContainerSet(357)) - Build ContainerSet costs 0s
2025-02-16 13:03:11,148 [49e1ea80-2a9c-4fc6-9dfd-fcdc1670084a-EndpointStateMachineTaskThread-/127.0.0.1:15110-0 ] INFO  volume.ThrottledAsyncChecker (ThrottledAsyncChecker.java:schedule(138)) - Scheduling a check for /home/runner/work/ozone/ozone/hadoop-ozone/integration-test/target/test-dir/MiniOzoneClusterImpl-8cdb299b-b154-4fd3-af09-aa8d0bad65b8/ozone-meta/datanode-2/data-0/hdds
2025-02-16 13:03:11,148 [49e1ea80-2a9c-4fc6-9dfd-fcdc1670084a-EndpointStateMachineTaskThread-/127.0.0.1:15110-0 ] INFO  volume.StorageVolumeChecker (StorageVolumeChecker.java:checkAllVolumes(215)) - Scheduled health check for volume /home/runner/work/ozone/ozone/hadoop-ozone/integration-test/target/test-dir/MiniOzoneClusterImpl-8cdb299b-b154-4fd3-af09-aa8d0bad65b8/ozone-meta/datanode-2/data-0/hdds
2025-02-16 13:03:11,149 [49e1ea80-2a9c-4fc6-9dfd-fcdc1670084a-EndpointStateMachineTaskThread-/127.0.0.1:15110-0 ] INFO  volume.ThrottledAsyncChecker (ThrottledAsyncChecker.java:schedule(138)) - Scheduling a check for /home/runner/work/ozone/ozone/hadoop-ozone/integration-test/target/test-dir/MiniOzoneClusterImpl-8cdb299b-b154-4fd3-af09-aa8d0bad65b8/ozone-meta/datanode-2/ratis
2025-02-16 13:03:11,149 [49e1ea80-2a9c-4fc6-9dfd-fcdc1670084a-EndpointStateMachineTaskThread-/127.0.0.1:15110-0 ] INFO  volume.StorageVolumeChecker (StorageVolumeChecker.java:checkAllVolumes(215)) - Scheduled health check for volume /home/runner/work/ozone/ozone/hadoop-ozone/integration-test/target/test-dir/MiniOzoneClusterImpl-8cdb299b-b154-4fd3-af09-aa8d0bad65b8/ozone-meta/datanode-2/ratis
2025-02-16 13:03:11,150 [49e1ea80-2a9c-4fc6-9dfd-fcdc1670084a-EndpointStateMachineTaskThread-/127.0.0.1:15110-0 ] INFO  ozoneimpl.OzoneContainer (OzoneContainer.java:start(500)) - Attempting to start container services.
2025-02-16 13:03:11,150 [49e1ea80-2a9c-4fc6-9dfd-fcdc1670084a-EndpointStateMachineTaskThread-/127.0.0.1:15110-0 ] WARN  ozoneimpl.OnDemandContainerDataScanner (OnDemandContainerDataScanner.java:init(74)) - Trying to initialize on demand scanner a second time on a datanode.
2025-02-16 13:03:11,150 [ContainerMetadataScanner] INFO  ozoneimpl.AbstractBackgroundContainerScanner (AbstractBackgroundContainerScanner.java:runIteration(84)) - Completed an iteration in 0 minutes. Number of iterations (since the data-node restart) : 1, Number of containers scanned in this iteration : 0, Number of unhealthy containers found in this iteration : 0
2025-02-16 13:03:11,150 [ContainerDataScanner(/home/runner/work/ozone/ozone/hadoop-ozone/integration-test/target/test-dir/MiniOzoneClusterImpl-8cdb299b-b154-4fd3-af09-aa8d0bad65b8/ozone-meta/datanode-2/data-0/hdds)] INFO  ozoneimpl.AbstractBackgroundContainerScanner (AbstractBackgroundContainerScanner.java:runIteration(84)) - Completed an iteration in 0 minutes. Number of iterations (since the data-node restart) : 1, Number of containers scanned in this iteration : 0, Number of unhealthy containers found in this iteration : 0
2025-02-16 13:03:11,151 [49e1ea80-2a9c-4fc6-9dfd-fcdc1670084a-EndpointStateMachineTaskThread-/127.0.0.1:15110-0 ] INFO  replication.ReplicationServer (ReplicationServer.java:start(137)) - ReplicationServer is started using port 15149
2025-02-16 13:03:11,151 [49e1ea80-2a9c-4fc6-9dfd-fcdc1670084a-EndpointStateMachineTaskThread-/127.0.0.1:15110-0 ] INFO  ratis.XceiverServerRatis (XceiverServerRatis.java:start(558)) - Starting XceiverServerRatis(49e1ea80-2a9c-4fc6-9dfd-fcdc1670084a)
2025-02-16 13:03:11,152 [49e1ea80-2a9c-4fc6-9dfd-fcdc1670084a-EndpointStateMachineTaskThread-/127.0.0.1:15110-0 ] INFO  server.RaftServer (RaftServerProxy.java:startImpl(407)) - 49e1ea80-2a9c-4fc6-9dfd-fcdc1670084a: start RPC server
2025-02-16 13:03:11,152 [49e1ea80-2a9c-4fc6-9dfd-fcdc1670084a-EndpointStateMachineTaskThread-/127.0.0.1:15110-0 ] INFO  server.GrpcService (GrpcService.java:startImpl(334)) - 49e1ea80-2a9c-4fc6-9dfd-fcdc1670084a: GrpcService started, listening on 15145
2025-02-16 13:03:11,152 [49e1ea80-2a9c-4fc6-9dfd-fcdc1670084a-EndpointStateMachineTaskThread-/127.0.0.1:15110-0 ] INFO  server.GrpcService (GrpcService.java:startImpl(334)) - 49e1ea80-2a9c-4fc6-9dfd-fcdc1670084a: GrpcService started, listening on 15147
2025-02-16 13:03:11,152 [49e1ea80-2a9c-4fc6-9dfd-fcdc1670084a-EndpointStateMachineTaskThread-/127.0.0.1:15110-0 ] INFO  server.GrpcService (GrpcService.java:startImpl(334)) - 49e1ea80-2a9c-4fc6-9dfd-fcdc1670084a: GrpcService started, listening on 15146
2025-02-16 13:03:11,152 [49e1ea80-2a9c-4fc6-9dfd-fcdc1670084a-EndpointStateMachineTaskThread-/127.0.0.1:15110-0 ] INFO  ratis.XceiverServerRatis (XceiverServerRatis.java:getRealPort(585)) - XceiverServerRatis(49e1ea80-2a9c-4fc6-9dfd-fcdc1670084a) is started using port RATIS=15145
2025-02-16 13:03:11,152 [JvmPauseMonitor21] INFO  util.JvmPauseMonitor (JvmPauseMonitor.java:run(146)) - JvmPauseMonitor-49e1ea80-2a9c-4fc6-9dfd-fcdc1670084a: Started
2025-02-16 13:03:11,153 [49e1ea80-2a9c-4fc6-9dfd-fcdc1670084a-EndpointStateMachineTaskThread-/127.0.0.1:15110-0 ] INFO  ratis.XceiverServerRatis (XceiverServerRatis.java:getRealPort(585)) - XceiverServerRatis(49e1ea80-2a9c-4fc6-9dfd-fcdc1670084a) is started using port RATIS_ADMIN=15146
2025-02-16 13:03:11,153 [49e1ea80-2a9c-4fc6-9dfd-fcdc1670084a-EndpointStateMachineTaskThread-/127.0.0.1:15110-0 ] INFO  ratis.XceiverServerRatis (XceiverServerRatis.java:getRealPort(585)) - XceiverServerRatis(49e1ea80-2a9c-4fc6-9dfd-fcdc1670084a) is started using port RATIS_SERVER=15147
2025-02-16 13:03:11,153 [49e1ea80-2a9c-4fc6-9dfd-fcdc1670084a-EndpointStateMachineTaskThread-/127.0.0.1:15110-0 ] INFO  ratis.XceiverServerRatis (XceiverServerRatis.java:getRealPort(585)) - XceiverServerRatis(49e1ea80-2a9c-4fc6-9dfd-fcdc1670084a) is started using port RATIS_DATASTREAM=15148
2025-02-16 13:03:11,153 [49e1ea80-2a9c-4fc6-9dfd-fcdc1670084a-BlockDeletingService#0] INFO  interfaces.ContainerDeletionChoosingPolicyTemplate (ContainerDeletionChoosingPolicyTemplate.java:chooseContainerForBlockDeletion(83)) - Chosen 0/5000 blocks from 0 candidate containers.
2025-02-16 13:03:11,317 [main] INFO  ozone.MiniOzoneClusterImpl (MiniOzoneClusterImpl.java:lambda$waitForClusterToBeReady$0(211)) - Waiting for nodes to be ready. Got 0 of 3 DN Heartbeats.
2025-02-16 13:03:11,318 [main] INFO  ozone.MiniOzoneClusterImpl (MiniOzoneClusterImpl.java:lambda$waitForClusterToBeReady$0(214)) - Waiting for cluster to exit safe mode
2025-02-16 13:03:11,318 [main] INFO  ozone.MiniOzoneClusterImpl (MiniOzoneClusterImpl.java:lambda$waitForClusterToBeReady$0(216)) - SCM became leader
2025-02-16 13:03:11,345 [9e04f330-63f7-447c-8500-8939715d6f40-EndpointStateMachineTaskThread-/127.0.0.1:15110-0 ] INFO  utils.DatanodeStoreCache (DatanodeStoreCache.java:addDB(71)) - Added db /home/runner/work/ozone/ozone/hadoop-ozone/integration-test/target/test-dir/MiniOzoneClusterImpl-8cdb299b-b154-4fd3-af09-aa8d0bad65b8/ozone-meta/datanode-3/data-0/hdds/8cdb299b-b154-4fd3-af09-aa8d0bad65b8/DS-a346e555-b2e7-4958-82e3-c4fb331c56f6/container.db to cache
2025-02-16 13:03:11,345 [9e04f330-63f7-447c-8500-8939715d6f40-EndpointStateMachineTaskThread-/127.0.0.1:15110-0 ] INFO  volume.HddsVolume (HddsVolume.java:createDbStore(445)) - SchemaV3 db is created and loaded at /home/runner/work/ozone/ozone/hadoop-ozone/integration-test/target/test-dir/MiniOzoneClusterImpl-8cdb299b-b154-4fd3-af09-aa8d0bad65b8/ozone-meta/datanode-3/data-0/hdds/8cdb299b-b154-4fd3-af09-aa8d0bad65b8/DS-a346e555-b2e7-4958-82e3-c4fb331c56f6/container.db for volume DS-a346e555-b2e7-4958-82e3-c4fb331c56f6
2025-02-16 13:03:11,347 [9e04f330-63f7-447c-8500-8939715d6f40-ContainerReader-0] INFO  ozoneimpl.ContainerReader (ContainerReader.java:readVolume(144)) - Start to verify containers on volume /home/runner/work/ozone/ozone/hadoop-ozone/integration-test/target/test-dir/MiniOzoneClusterImpl-8cdb299b-b154-4fd3-af09-aa8d0bad65b8/ozone-meta/datanode-3/data-0/hdds
2025-02-16 13:03:11,347 [9e04f330-63f7-447c-8500-8939715d6f40-ContainerReader-0] INFO  ozoneimpl.ContainerReader (ContainerReader.java:readVolume(174)) - Finish verifying containers on volume /home/runner/work/ozone/ozone/hadoop-ozone/integration-test/target/test-dir/MiniOzoneClusterImpl-8cdb299b-b154-4fd3-af09-aa8d0bad65b8/ozone-meta/datanode-3/data-0/hdds
2025-02-16 13:03:11,347 [9e04f330-63f7-447c-8500-8939715d6f40-EndpointStateMachineTaskThread-/127.0.0.1:15110-0 ] INFO  ozoneimpl.OzoneContainer (OzoneContainer.java:buildContainerSet(357)) - Build ContainerSet costs 0s
2025-02-16 13:03:11,347 [9e04f330-63f7-447c-8500-8939715d6f40-EndpointStateMachineTaskThread-/127.0.0.1:15110-0 ] INFO  volume.ThrottledAsyncChecker (ThrottledAsyncChecker.java:schedule(138)) - Scheduling a check for /home/runner/work/ozone/ozone/hadoop-ozone/integration-test/target/test-dir/MiniOzoneClusterImpl-8cdb299b-b154-4fd3-af09-aa8d0bad65b8/ozone-meta/datanode-3/data-0/hdds
2025-02-16 13:03:11,348 [9e04f330-63f7-447c-8500-8939715d6f40-EndpointStateMachineTaskThread-/127.0.0.1:15110-0 ] INFO  volume.StorageVolumeChecker (StorageVolumeChecker.java:checkAllVolumes(215)) - Scheduled health check for volume /home/runner/work/ozone/ozone/hadoop-ozone/integration-test/target/test-dir/MiniOzoneClusterImpl-8cdb299b-b154-4fd3-af09-aa8d0bad65b8/ozone-meta/datanode-3/data-0/hdds
2025-02-16 13:03:11,349 [9e04f330-63f7-447c-8500-8939715d6f40-EndpointStateMachineTaskThread-/127.0.0.1:15110-0 ] INFO  volume.ThrottledAsyncChecker (ThrottledAsyncChecker.java:schedule(138)) - Scheduling a check for /home/runner/work/ozone/ozone/hadoop-ozone/integration-test/target/test-dir/MiniOzoneClusterImpl-8cdb299b-b154-4fd3-af09-aa8d0bad65b8/ozone-meta/datanode-3/ratis
2025-02-16 13:03:11,349 [9e04f330-63f7-447c-8500-8939715d6f40-EndpointStateMachineTaskThread-/127.0.0.1:15110-0 ] INFO  volume.StorageVolumeChecker (StorageVolumeChecker.java:checkAllVolumes(215)) - Scheduled health check for volume /home/runner/work/ozone/ozone/hadoop-ozone/integration-test/target/test-dir/MiniOzoneClusterImpl-8cdb299b-b154-4fd3-af09-aa8d0bad65b8/ozone-meta/datanode-3/ratis
2025-02-16 13:03:11,349 [9e04f330-63f7-447c-8500-8939715d6f40-EndpointStateMachineTaskThread-/127.0.0.1:15110-0 ] INFO  ozoneimpl.OzoneContainer (OzoneContainer.java:start(500)) - Attempting to start container services.
2025-02-16 13:03:11,350 [9e04f330-63f7-447c-8500-8939715d6f40-EndpointStateMachineTaskThread-/127.0.0.1:15110-0 ] WARN  ozoneimpl.OnDemandContainerDataScanner (OnDemandContainerDataScanner.java:init(74)) - Trying to initialize on demand scanner a second time on a datanode.
2025-02-16 13:03:11,350 [ContainerMetadataScanner] INFO  ozoneimpl.AbstractBackgroundContainerScanner (AbstractBackgroundContainerScanner.java:runIteration(84)) - Completed an iteration in 0 minutes. Number of iterations (since the data-node restart) : 1, Number of containers scanned in this iteration : 0, Number of unhealthy containers found in this iteration : 0
2025-02-16 13:03:11,350 [ContainerDataScanner(/home/runner/work/ozone/ozone/hadoop-ozone/integration-test/target/test-dir/MiniOzoneClusterImpl-8cdb299b-b154-4fd3-af09-aa8d0bad65b8/ozone-meta/datanode-3/data-0/hdds)] INFO  ozoneimpl.AbstractBackgroundContainerScanner (AbstractBackgroundContainerScanner.java:runIteration(84)) - Completed an iteration in 0 minutes. Number of iterations (since the data-node restart) : 1, Number of containers scanned in this iteration : 0, Number of unhealthy containers found in this iteration : 0
2025-02-16 13:03:11,350 [9e04f330-63f7-447c-8500-8939715d6f40-EndpointStateMachineTaskThread-/127.0.0.1:15110-0 ] INFO  replication.ReplicationServer (ReplicationServer.java:start(137)) - ReplicationServer is started using port 15158
2025-02-16 13:03:11,351 [9e04f330-63f7-447c-8500-8939715d6f40-EndpointStateMachineTaskThread-/127.0.0.1:15110-0 ] INFO  ratis.XceiverServerRatis (XceiverServerRatis.java:start(558)) - Starting XceiverServerRatis(9e04f330-63f7-447c-8500-8939715d6f40)
2025-02-16 13:03:11,351 [9e04f330-63f7-447c-8500-8939715d6f40-EndpointStateMachineTaskThread-/127.0.0.1:15110-0 ] INFO  server.RaftServer (RaftServerProxy.java:startImpl(407)) - 9e04f330-63f7-447c-8500-8939715d6f40: start RPC server
2025-02-16 13:03:11,352 [9e04f330-63f7-447c-8500-8939715d6f40-EndpointStateMachineTaskThread-/127.0.0.1:15110-0 ] INFO  server.GrpcService (GrpcService.java:startImpl(334)) - 9e04f330-63f7-447c-8500-8939715d6f40: GrpcService started, listening on 15154
2025-02-16 13:03:11,352 [9e04f330-63f7-447c-8500-8939715d6f40-EndpointStateMachineTaskThread-/127.0.0.1:15110-0 ] INFO  server.GrpcService (GrpcService.java:startImpl(334)) - 9e04f330-63f7-447c-8500-8939715d6f40: GrpcService started, listening on 15156
2025-02-16 13:03:11,352 [9e04f330-63f7-447c-8500-8939715d6f40-EndpointStateMachineTaskThread-/127.0.0.1:15110-0 ] INFO  server.GrpcService (GrpcService.java:startImpl(334)) - 9e04f330-63f7-447c-8500-8939715d6f40: GrpcService started, listening on 15155
2025-02-16 13:03:11,353 [9e04f330-63f7-447c-8500-8939715d6f40-EndpointStateMachineTaskThread-/127.0.0.1:15110-0 ] INFO  ratis.XceiverServerRatis (XceiverServerRatis.java:getRealPort(585)) - XceiverServerRatis(9e04f330-63f7-447c-8500-8939715d6f40) is started using port RATIS=15154
2025-02-16 13:03:11,353 [9e04f330-63f7-447c-8500-8939715d6f40-EndpointStateMachineTaskThread-/127.0.0.1:15110-0 ] INFO  ratis.XceiverServerRatis (XceiverServerRatis.java:getRealPort(585)) - XceiverServerRatis(9e04f330-63f7-447c-8500-8939715d6f40) is started using port RATIS_ADMIN=15155
2025-02-16 13:03:11,353 [JvmPauseMonitor22] INFO  util.JvmPauseMonitor (JvmPauseMonitor.java:run(146)) - JvmPauseMonitor-9e04f330-63f7-447c-8500-8939715d6f40: Started
2025-02-16 13:03:11,353 [9e04f330-63f7-447c-8500-8939715d6f40-EndpointStateMachineTaskThread-/127.0.0.1:15110-0 ] INFO  ratis.XceiverServerRatis (XceiverServerRatis.java:getRealPort(585)) - XceiverServerRatis(9e04f330-63f7-447c-8500-8939715d6f40) is started using port RATIS_SERVER=15156
2025-02-16 13:03:11,353 [9e04f330-63f7-447c-8500-8939715d6f40-EndpointStateMachineTaskThread-/127.0.0.1:15110-0 ] INFO  ratis.XceiverServerRatis (XceiverServerRatis.java:getRealPort(585)) - XceiverServerRatis(9e04f330-63f7-447c-8500-8939715d6f40) is started using port RATIS_DATASTREAM=15157
2025-02-16 13:03:11,354 [9e04f330-63f7-447c-8500-8939715d6f40-BlockDeletingService#0] INFO  interfaces.ContainerDeletionChoosingPolicyTemplate (ContainerDeletionChoosingPolicyTemplate.java:chooseContainerForBlockDeletion(83)) - Chosen 0/5000 blocks from 0 candidate containers.
2025-02-16 13:03:12,318 [main] INFO  ozone.MiniOzoneClusterImpl (MiniOzoneClusterImpl.java:lambda$waitForClusterToBeReady$0(211)) - Waiting for nodes to be ready. Got 0 of 3 DN Heartbeats.
2025-02-16 13:03:12,318 [main] INFO  ozone.MiniOzoneClusterImpl (MiniOzoneClusterImpl.java:lambda$waitForClusterToBeReady$0(214)) - Waiting for cluster to exit safe mode
2025-02-16 13:03:12,318 [main] INFO  ozone.MiniOzoneClusterImpl (MiniOzoneClusterImpl.java:lambda$waitForClusterToBeReady$0(216)) - SCM became leader
2025-02-16 13:03:12,929 [IPC Server handler 0 on default port 15110] INFO  net.NetworkTopologyImpl (NetworkTopologyImpl.java:add(133)) - Added a new node: /default-rack/b381b084-c55c-4dbb-889c-469a9420fe3b
2025-02-16 13:03:12,930 [IPC Server handler 0 on default port 15110] INFO  node.SCMNodeManager (SCMNodeManager.java:register(423)) - Registered datanode: b381b084-c55c-4dbb-889c-469a9420fe3b{ip: 127.0.0.1, host: localhost, ports: [HTTP=15133, CLIENT_RPC=15134, REPLICATION=15140, RATIS=15136, RATIS_ADMIN=15137, RATIS_SERVER=15138, RATIS_DATASTREAM=15139, STANDALONE=15135], networkLocation: /default-rack, certSerialId: null, persistedOpState: null, persistedOpStateExpiryEpochSec: 0}
2025-02-16 13:03:12,930 [scmNode-1-EventQueue-NewNodeForNewNodeHandler] INFO  pipeline.BackgroundPipelineCreator (BackgroundPipelineCreator.java:notifyEventTriggered(290)) - trigger a one-shot run on scmNode-1-RatisPipelineUtilsThread.
2025-02-16 13:03:12,930 [scmNode-1-EventQueue-NodeRegistrationContainerReportForDataNodeSafeModeRule] INFO  safemode.SCMSafeModeManager (DataNodeSafeModeRule.java:process(71)) - SCM in safe mode. 1 DataNodes registered, 3 required.
2025-02-16 13:03:12,931 [scmNode-1-RatisPipelineUtilsThread-0] INFO  pipeline.RatisPipelineProvider (RatisPipelineProvider.java:lambda$create$0(203)) - Sending CreatePipelineCommand for pipeline:PipelineID=01db27b0-2f33-445b-b108-89740a92551e to datanode:b381b084-c55c-4dbb-889c-469a9420fe3b
2025-02-16 13:03:12,940 [scmNode-1-EventQueue-ContainerRegistrationReportForContainerSafeModeRule] INFO  safemode.SCMSafeModeManager (SCMSafeModeManager.java:validateSafeModeExitRules(186)) - ContainerSafeModeRule rule is successfully validated
2025-02-16 13:03:12,940 [scmNode-1-EventQueue-PipelineReportForOneReplicaPipelineSafeModeRule] INFO  safemode.SCMSafeModeManager (SCMSafeModeManager.java:validateSafeModeExitRules(186)) - AtleastOneDatanodeReportedRule rule is successfully validated
2025-02-16 13:03:12,943 [257e952a-4980-4b97-a405-9e28f64fa058@group-AA8D0BAD65B8-StateMachineUpdater] INFO  safemode.HealthyPipelineSafeModeRule (HealthyPipelineSafeModeRule.java:initializeRule(173)) - Refreshed total pipeline count is 0, healthy pipeline threshold count is 1
2025-02-16 13:03:12,943 [scmNode-1-RatisPipelineUtilsThread-0] INFO  pipeline.BackgroundPipelineCreator (BackgroundPipelineCreator.java:createPipelines(246)) - Created new pipeline Pipeline[ Id: 01db27b0-2f33-445b-b108-89740a92551e, Nodes: b381b084-c55c-4dbb-889c-469a9420fe3b(localhost/127.0.0.1) ReplicaIndex: 0, ReplicationConfig: RATIS/ONE, State:ALLOCATED, leaderId:, CreationTimestamp2025-02-16T13:03:12.931036235Z[Etc/UTC]]
2025-02-16 13:03:13,121 [IPC Server handler 2 on default port 15110] INFO  net.NetworkTopologyImpl (NetworkTopologyImpl.java:add(133)) - Added a new node: /default-rack/49e1ea80-2a9c-4fc6-9dfd-fcdc1670084a
2025-02-16 13:03:13,121 [IPC Server handler 2 on default port 15110] INFO  node.SCMNodeManager (SCMNodeManager.java:register(423)) - Registered datanode: 49e1ea80-2a9c-4fc6-9dfd-fcdc1670084a{ip: 127.0.0.1, host: localhost, ports: [HTTP=15142, CLIENT_RPC=15143, REPLICATION=15149, RATIS=15145, RATIS_ADMIN=15146, RATIS_SERVER=15147, RATIS_DATASTREAM=15148, STANDALONE=15144], networkLocation: /default-rack, certSerialId: null, persistedOpState: null, persistedOpStateExpiryEpochSec: 0}
2025-02-16 13:03:13,121 [scmNode-1-EventQueue-NewNodeForNewNodeHandler] INFO  pipeline.BackgroundPipelineCreator (BackgroundPipelineCreator.java:notifyEventTriggered(290)) - trigger a one-shot run on scmNode-1-RatisPipelineUtilsThread.
2025-02-16 13:03:13,121 [scmNode-1-EventQueue-NodeRegistrationContainerReportForDataNodeSafeModeRule] INFO  safemode.SCMSafeModeManager (DataNodeSafeModeRule.java:process(71)) - SCM in safe mode. 2 DataNodes registered, 3 required.
2025-02-16 13:03:13,122 [scmNode-1-RatisPipelineUtilsThread-0] INFO  pipeline.RatisPipelineProvider (RatisPipelineProvider.java:lambda$create$0(203)) - Sending CreatePipelineCommand for pipeline:PipelineID=8966a0be-ef4e-4fe4-9812-dec212c26871 to datanode:49e1ea80-2a9c-4fc6-9dfd-fcdc1670084a
2025-02-16 13:03:13,123 [257e952a-4980-4b97-a405-9e28f64fa058@group-AA8D0BAD65B8-StateMachineUpdater] INFO  safemode.HealthyPipelineSafeModeRule (HealthyPipelineSafeModeRule.java:initializeRule(173)) - Refreshed total pipeline count is 0, healthy pipeline threshold count is 1
2025-02-16 13:03:13,124 [scmNode-1-RatisPipelineUtilsThread-0] INFO  pipeline.BackgroundPipelineCreator (BackgroundPipelineCreator.java:createPipelines(246)) - Created new pipeline Pipeline[ Id: 8966a0be-ef4e-4fe4-9812-dec212c26871, Nodes: 49e1ea80-2a9c-4fc6-9dfd-fcdc1670084a(localhost/127.0.0.1) ReplicaIndex: 0, ReplicationConfig: RATIS/ONE, State:ALLOCATED, leaderId:, CreationTimestamp2025-02-16T13:03:13.122089117Z[Etc/UTC]]
2025-02-16 13:03:13,318 [IPC Server handler 3 on default port 15110] INFO  net.NetworkTopologyImpl (NetworkTopologyImpl.java:add(133)) - Added a new node: /default-rack/9e04f330-63f7-447c-8500-8939715d6f40
2025-02-16 13:03:13,318 [IPC Server handler 3 on default port 15110] INFO  node.SCMNodeManager (SCMNodeManager.java:register(423)) - Registered datanode: 9e04f330-63f7-447c-8500-8939715d6f40{ip: 127.0.0.1, host: localhost, ports: [HTTP=15151, CLIENT_RPC=15152, REPLICATION=15158, RATIS=15154, RATIS_ADMIN=15155, RATIS_SERVER=15156, RATIS_DATASTREAM=15157, STANDALONE=15153], networkLocation: /default-rack, certSerialId: null, persistedOpState: null, persistedOpStateExpiryEpochSec: 0}
2025-02-16 13:03:13,318 [scmNode-1-EventQueue-NewNodeForNewNodeHandler] INFO  pipeline.BackgroundPipelineCreator (BackgroundPipelineCreator.java:notifyEventTriggered(290)) - trigger a one-shot run on scmNode-1-RatisPipelineUtilsThread.
2025-02-16 13:03:13,318 [scmNode-1-EventQueue-NodeRegistrationContainerReportForDataNodeSafeModeRule] INFO  safemode.SCMSafeModeManager (DataNodeSafeModeRule.java:process(71)) - SCM in safe mode. 3 DataNodes registered, 3 required.
2025-02-16 13:03:13,318 [scmNode-1-EventQueue-NodeRegistrationContainerReportForDataNodeSafeModeRule] INFO  safemode.SCMSafeModeManager (SCMSafeModeManager.java:validateSafeModeExitRules(186)) - DataNodeSafeModeRule rule is successfully validated
2025-02-16 13:03:13,318 [scmNode-1-EventQueue-NodeRegistrationContainerReportForDataNodeSafeModeRule] INFO  safemode.SCMSafeModeManager (SCMSafeModeManager.java:completePreCheck(215)) - All SCM safe mode pre check rules have passed
2025-02-16 13:03:13,318 [main] INFO  ozone.MiniOzoneClusterImpl (MiniOzoneClusterImpl.java:lambda$waitForClusterToBeReady$0(211)) - Nodes are ready. Got 3 of 3 DN Heartbeats.
2025-02-16 13:03:13,319 [main] INFO  ozone.MiniOzoneClusterImpl (MiniOzoneClusterImpl.java:lambda$waitForClusterToBeReady$0(214)) - Waiting for cluster to exit safe mode
2025-02-16 13:03:13,319 [main] INFO  ozone.MiniOzoneClusterImpl (MiniOzoneClusterImpl.java:lambda$waitForClusterToBeReady$0(216)) - SCM became leader
2025-02-16 13:03:13,319 [scmNode-1-EventQueue-NodeRegistrationContainerReportForDataNodeSafeModeRule] INFO  ha.SCMContext (SCMContext.java:updateSafeModeStatus(224)) - Update SafeModeStatus from SafeModeStatus{safeModeStatus=true, preCheckPassed=false} to SafeModeStatus{safeModeStatus=true, preCheckPassed=true}.
2025-02-16 13:03:13,319 [scmNode-1-EventQueue-NodeRegistrationContainerReportForDataNodeSafeModeRule] INFO  pipeline.BackgroundPipelineCreator (BackgroundPipelineCreator.java:notifyEventTriggered(290)) - trigger a one-shot run on scmNode-1-RatisPipelineUtilsThread.
2025-02-16 13:03:13,319 [scmNode-1-RatisPipelineUtilsThread-0] INFO  pipeline.RatisPipelineProvider (RatisPipelineProvider.java:lambda$create$0(203)) - Sending CreatePipelineCommand for pipeline:PipelineID=25da51ee-eac8-4c3b-b755-45685d50a505 to datanode:9e04f330-63f7-447c-8500-8939715d6f40
2025-02-16 13:03:13,321 [257e952a-4980-4b97-a405-9e28f64fa058@group-AA8D0BAD65B8-StateMachineUpdater] INFO  safemode.HealthyPipelineSafeModeRule (HealthyPipelineSafeModeRule.java:initializeRule(173)) - Refreshed total pipeline count is 0, healthy pipeline threshold count is 1
2025-02-16 13:03:13,321 [scmNode-1-RatisPipelineUtilsThread-0] INFO  pipeline.BackgroundPipelineCreator (BackgroundPipelineCreator.java:createPipelines(246)) - Created new pipeline Pipeline[ Id: 25da51ee-eac8-4c3b-b755-45685d50a505, Nodes: 9e04f330-63f7-447c-8500-8939715d6f40(localhost/127.0.0.1) ReplicaIndex: 0, ReplicationConfig: RATIS/ONE, State:ALLOCATED, leaderId:, CreationTimestamp2025-02-16T13:03:13.319195356Z[Etc/UTC]]
2025-02-16 13:03:13,321 [scmNode-1-RatisPipelineUtilsThread-0] INFO  pipeline.RatisPipelineProvider (RatisPipelineProvider.java:lambda$create$0(203)) - Sending CreatePipelineCommand for pipeline:PipelineID=597bc4f1-5f8c-4c7d-80e7-a4bd09ebd6a4 to datanode:b381b084-c55c-4dbb-889c-469a9420fe3b
2025-02-16 13:03:13,322 [scmNode-1-RatisPipelineUtilsThread-0] INFO  pipeline.RatisPipelineProvider (RatisPipelineProvider.java:lambda$create$0(203)) - Sending CreatePipelineCommand for pipeline:PipelineID=597bc4f1-5f8c-4c7d-80e7-a4bd09ebd6a4 to datanode:49e1ea80-2a9c-4fc6-9dfd-fcdc1670084a
2025-02-16 13:03:13,322 [scmNode-1-RatisPipelineUtilsThread-0] INFO  pipeline.RatisPipelineProvider (RatisPipelineProvider.java:lambda$create$0(203)) - Sending CreatePipelineCommand for pipeline:PipelineID=597bc4f1-5f8c-4c7d-80e7-a4bd09ebd6a4 to datanode:9e04f330-63f7-447c-8500-8939715d6f40
2025-02-16 13:03:13,323 [257e952a-4980-4b97-a405-9e28f64fa058@group-AA8D0BAD65B8-StateMachineUpdater] INFO  safemode.HealthyPipelineSafeModeRule (HealthyPipelineSafeModeRule.java:initializeRule(173)) - Refreshed total pipeline count is 0, healthy pipeline threshold count is 1
2025-02-16 13:03:13,323 [scmNode-1-RatisPipelineUtilsThread-0] INFO  pipeline.BackgroundPipelineCreator (BackgroundPipelineCreator.java:createPipelines(246)) - Created new pipeline Pipeline[ Id: 597bc4f1-5f8c-4c7d-80e7-a4bd09ebd6a4, Nodes: b381b084-c55c-4dbb-889c-469a9420fe3b(localhost/127.0.0.1) ReplicaIndex: 049e1ea80-2a9c-4fc6-9dfd-fcdc1670084a(localhost/127.0.0.1) ReplicaIndex: 09e04f330-63f7-447c-8500-8939715d6f40(localhost/127.0.0.1) ReplicaIndex: 0, ReplicationConfig: RATIS/THREE, State:ALLOCATED, leaderId:, CreationTimestamp2025-02-16T13:03:13.321954325Z[Etc/UTC]]
2025-02-16 13:03:13,324 [scmNode-1-RatisPipelineUtilsThread-0] INFO  pipeline.RatisPipelineProvider (RatisPipelineProvider.java:lambda$create$0(203)) - Sending CreatePipelineCommand for pipeline:PipelineID=f52a4d2f-60f5-4844-bc3c-e6a5fee08feb to datanode:9e04f330-63f7-447c-8500-8939715d6f40
2025-02-16 13:03:13,324 [scmNode-1-RatisPipelineUtilsThread-0] INFO  pipeline.RatisPipelineProvider (RatisPipelineProvider.java:lambda$create$0(203)) - Sending CreatePipelineCommand for pipeline:PipelineID=f52a4d2f-60f5-4844-bc3c-e6a5fee08feb to datanode:b381b084-c55c-4dbb-889c-469a9420fe3b
2025-02-16 13:03:13,324 [scmNode-1-RatisPipelineUtilsThread-0] INFO  pipeline.RatisPipelineProvider (RatisPipelineProvider.java:lambda$create$0(203)) - Sending CreatePipelineCommand for pipeline:PipelineID=f52a4d2f-60f5-4844-bc3c-e6a5fee08feb to datanode:49e1ea80-2a9c-4fc6-9dfd-fcdc1670084a
2025-02-16 13:03:13,325 [257e952a-4980-4b97-a405-9e28f64fa058@group-AA8D0BAD65B8-StateMachineUpdater] INFO  safemode.HealthyPipelineSafeModeRule (HealthyPipelineSafeModeRule.java:initializeRule(173)) - Refreshed total pipeline count is 0, healthy pipeline threshold count is 1
2025-02-16 13:03:13,325 [scmNode-1-RatisPipelineUtilsThread-0] INFO  pipeline.PipelineManagerImpl (PipelineManagerImpl.java:recordMetricsForPipeline(914)) - Pipeline: PipelineID=f52a4d2f-60f5-4844-bc3c-e6a5fee08feb contains same datanodes as previous pipelines: PipelineID=597bc4f1-5f8c-4c7d-80e7-a4bd09ebd6a4 nodeIds: 9e04f330-63f7-447c-8500-8939715d6f40, b381b084-c55c-4dbb-889c-469a9420fe3b, 49e1ea80-2a9c-4fc6-9dfd-fcdc1670084a
2025-02-16 13:03:13,325 [scmNode-1-RatisPipelineUtilsThread-0] INFO  pipeline.BackgroundPipelineCreator (BackgroundPipelineCreator.java:createPipelines(246)) - Created new pipeline Pipeline[ Id: f52a4d2f-60f5-4844-bc3c-e6a5fee08feb, Nodes: 9e04f330-63f7-447c-8500-8939715d6f40(localhost/127.0.0.1) ReplicaIndex: 0b381b084-c55c-4dbb-889c-469a9420fe3b(localhost/127.0.0.1) ReplicaIndex: 049e1ea80-2a9c-4fc6-9dfd-fcdc1670084a(localhost/127.0.0.1) ReplicaIndex: 0, ReplicationConfig: RATIS/THREE, State:ALLOCATED, leaderId:, CreationTimestamp2025-02-16T13:03:13.324202926Z[Etc/UTC]]
2025-02-16 13:03:13,506 [timer1] WARN  server.GrpcLogAppender (LogUtils.java:warn(121)) - omNode-1@group-0AAC5367B30E->omNode-3-AppendLogResponseHandler: Failed appendEntries (Repeated 6 times in the last 5.000s): org.apache.ratis.thirdparty.io.grpc.StatusRuntimeException: UNAVAILABLE: io exception
2025-02-16 13:03:13,511 [timer3] WARN  server.GrpcLogAppender (GrpcLogAppender.java:lambda$resetClient$1(221)) - omNode-1@group-0AAC5367B30E->omNode-3-GrpcLogAppender: Follower failed (request=null, errorCount=2); keep nextIndex (0) unchanged and retry. (Repeated 2 times in the last 5.001s)
2025-02-16 13:03:13,512 [timer4] WARN  server.GrpcLogAppender (GrpcLogAppender.java:lambda$resetClient$1(221)) - omNode-1@group-0AAC5367B30E->omNode-3-GrpcLogAppender: Follower failed (request=null, errorCount=6); keep nextIndex (1) unchanged and retry. (Repeated 4 times in the last 5.001s)
2025-02-16 13:03:14,319 [main] INFO  ozone.MiniOzoneClusterImpl (MiniOzoneClusterImpl.java:lambda$waitForClusterToBeReady$0(211)) - Nodes are ready. Got 3 of 3 DN Heartbeats.
2025-02-16 13:03:14,319 [main] INFO  ozone.MiniOzoneClusterImpl (MiniOzoneClusterImpl.java:lambda$waitForClusterToBeReady$0(214)) - Waiting for cluster to exit safe mode
2025-02-16 13:03:14,319 [main] INFO  ozone.MiniOzoneClusterImpl (MiniOzoneClusterImpl.java:lambda$waitForClusterToBeReady$0(216)) - SCM became leader
2025-02-16 13:03:15,319 [main] INFO  ozone.MiniOzoneClusterImpl (MiniOzoneClusterImpl.java:lambda$waitForClusterToBeReady$0(211)) - Nodes are ready. Got 3 of 3 DN Heartbeats.
2025-02-16 13:03:15,320 [main] INFO  ozone.MiniOzoneClusterImpl (MiniOzoneClusterImpl.java:lambda$waitForClusterToBeReady$0(214)) - Waiting for cluster to exit safe mode
2025-02-16 13:03:15,320 [main] INFO  ozone.MiniOzoneClusterImpl (MiniOzoneClusterImpl.java:lambda$waitForClusterToBeReady$0(216)) - SCM became leader
2025-02-16 13:03:15,929 [b381b084-c55c-4dbb-889c-469a9420fe3b-PipelineCommandHandlerThread-0] INFO  server.RaftServer (RaftServerProxy.java:addNew(100)) - b381b084-c55c-4dbb-889c-469a9420fe3b: addNew group-89740A92551E:[b381b084-c55c-4dbb-889c-469a9420fe3b|127.0.0.1:15138] returns group-89740A92551E:java.util.concurrent.CompletableFuture@25516dc1[Not completed]
2025-02-16 13:03:15,930 [b381b084-c55c-4dbb-889c-469a9420fe3b-groupManagement] INFO  server.RaftServer$Division (RaftServerImpl.java:<init>(255)) - b381b084-c55c-4dbb-889c-469a9420fe3b: new RaftServerImpl for group-89740A92551E:[b381b084-c55c-4dbb-889c-469a9420fe3b|127.0.0.1:15138] with ContainerStateMachine:uninitialized
2025-02-16 13:03:15,930 [b381b084-c55c-4dbb-889c-469a9420fe3b-groupManagement] INFO  server.RaftServerConfigKeys (ConfUtils.java:logGet(46)) - raft.server.rpc.timeout.min = 5s (custom)
2025-02-16 13:03:15,930 [b381b084-c55c-4dbb-889c-469a9420fe3b-groupManagement] INFO  server.RaftServerConfigKeys (ConfUtils.java:logGet(46)) - raft.server.rpc.timeout.max = 5200ms (custom)
2025-02-16 13:03:15,930 [b381b084-c55c-4dbb-889c-469a9420fe3b-groupManagement] INFO  server.RaftServerConfigKeys (ConfUtils.java:logGet(46)) - raft.server.rpc.sleep.time = 25ms (default)
2025-02-16 13:03:15,931 [b381b084-c55c-4dbb-889c-469a9420fe3b-groupManagement] INFO  server.RaftServerConfigKeys (ConfUtils.java:logGet(46)) - raft.server.rpc.slowness.timeout = 300s (custom)
2025-02-16 13:03:15,931 [b381b084-c55c-4dbb-889c-469a9420fe3b-groupManagement] INFO  server.RaftServerConfigKeys (ConfUtils.java:logGet(46)) - raft.server.leaderelection.leader.step-down.wait-time = 10s (default)
2025-02-16 13:03:15,931 [b381b084-c55c-4dbb-889c-469a9420fe3b-groupManagement] INFO  server.RaftServerConfigKeys (ConfUtils.java:logGet(46)) - raft.server.leaderelection.member.majority-add = false (default)
2025-02-16 13:03:15,931 [b381b084-c55c-4dbb-889c-469a9420fe3b-groupManagement] INFO  server.RaftServerConfigKeys (ConfUtils.java:logGet(46)) - raft.server.sleep.deviation.threshold = 300ms (default)
2025-02-16 13:03:15,931 [b381b084-c55c-4dbb-889c-469a9420fe3b-groupManagement] INFO  server.RaftServer$Division (ServerState.java:<init>(114)) - b381b084-c55c-4dbb-889c-469a9420fe3b@group-89740A92551E: ConfigurationManager, init=conf: {index: -1, cur=peers:[b381b084-c55c-4dbb-889c-469a9420fe3b|127.0.0.1:15138]|listeners:[], old=null}, confs=<EMPTY_MAP>
2025-02-16 13:03:15,931 [b381b084-c55c-4dbb-889c-469a9420fe3b-groupManagement] INFO  server.RaftServerConfigKeys (ConfUtils.java:logGet(46)) - raft.server.notification.no-leader.timeout = 300s (custom)
2025-02-16 13:03:15,931 [b381b084-c55c-4dbb-889c-469a9420fe3b-groupManagement] INFO  server.RaftServerConfigKeys (ConfUtils.java:logGet(46)) - raft.server.read.timeout = 10s (default)
2025-02-16 13:03:15,931 [b381b084-c55c-4dbb-889c-469a9420fe3b-groupManagement] INFO  server.RaftServerConfigKeys (ConfUtils.java:logGet(46)) - raft.server.retrycache.expirytime = 600000ms (custom)
2025-02-16 13:03:15,931 [b381b084-c55c-4dbb-889c-469a9420fe3b-groupManagement] INFO  server.RaftServerConfigKeys (ConfUtils.java:logGet(46)) - raft.server.retrycache.statistics.expirytime = 100ms (default)
2025-02-16 13:03:15,931 [b381b084-c55c-4dbb-889c-469a9420fe3b-groupManagement] INFO  server.RaftServerConfigKeys (ConfUtils.java:logGet(46)) - raft.server.read.option = DEFAULT (default)
2025-02-16 13:03:15,931 [b381b084-c55c-4dbb-889c-469a9420fe3b-groupManagement] INFO  server.RaftServerConfigKeys (ConfUtils.java:logGet(46)) - raft.server.read.read-after-write-consistent.write-index-cache.expiry-time = 60s (default)
2025-02-16 13:03:15,933 [b381b084-c55c-4dbb-889c-469a9420fe3b-groupManagement] INFO  server.RaftServerConfigKeys (ConfUtils.java:logGet(46)) - raft.server.rpc.request.timeout = 60s (custom)
2025-02-16 13:03:15,933 [b381b084-c55c-4dbb-889c-469a9420fe3b-groupManagement] INFO  server.RaftServerConfigKeys (ConfUtils.java:logGet(46)) - raft.server.log.appender.install.snapshot.enabled = false (custom)
2025-02-16 13:03:15,933 [b381b084-c55c-4dbb-889c-469a9420fe3b-groupManagement] INFO  server.RaftServerConfigKeys (ConfUtils.java:logGet(46)) - raft.server.threadpool.server.cached = true (default)
2025-02-16 13:03:15,933 [b381b084-c55c-4dbb-889c-469a9420fe3b-groupManagement] INFO  server.RaftServerConfigKeys (ConfUtils.java:logGet(46)) - raft.server.threadpool.server.size = 0 (default)
2025-02-16 13:03:15,933 [b381b084-c55c-4dbb-889c-469a9420fe3b-groupManagement] INFO  server.RaftServerConfigKeys (ConfUtils.java:logGet(46)) - raft.server.threadpool.client.cached = true (default)
2025-02-16 13:03:15,933 [b381b084-c55c-4dbb-889c-469a9420fe3b-groupManagement] INFO  server.RaftServerConfigKeys (ConfUtils.java:logGet(46)) - raft.server.threadpool.client.size = 0 (default)
2025-02-16 13:03:15,933 [b381b084-c55c-4dbb-889c-469a9420fe3b-groupManagement] INFO  server.RaftServerConfigKeys (ConfUtils.java:logGet(46)) - raft.server.storage.free-space.min = 0MB (=0) (default)
2025-02-16 13:03:15,933 [b381b084-c55c-4dbb-889c-469a9420fe3b-groupManagement] INFO  server.RaftServerConfigKeys (ConfUtils.java:logGet(46)) - raft.server.log.corruption.policy = EXCEPTION (default)
2025-02-16 13:03:15,933 [b381b084-c55c-4dbb-889c-469a9420fe3b-groupManagement] INFO  server.RaftServerConfigKeys (ConfUtils.java:logGet(46)) - raft.server.storage.dir = [/home/runner/work/ozone/ozone/hadoop-ozone/integration-test/target/test-dir/MiniOzoneClusterImpl-8cdb299b-b154-4fd3-af09-aa8d0bad65b8/ozone-meta/datanode-1/ratis] (custom)
2025-02-16 13:03:15,933 [b381b084-c55c-4dbb-889c-469a9420fe3b-groupManagement] INFO  storage.RaftStorageDirectory (RaftStorageDirectoryImpl.java:analyzeStorage(138)) - The storage directory /home/runner/work/ozone/ozone/hadoop-ozone/integration-test/target/test-dir/MiniOzoneClusterImpl-8cdb299b-b154-4fd3-af09-aa8d0bad65b8/ozone-meta/datanode-1/ratis/01db27b0-2f33-445b-b108-89740a92551e does not exist. Creating ...
2025-02-16 13:03:15,934 [b381b084-c55c-4dbb-889c-469a9420fe3b-groupManagement] INFO  storage.RaftStorageDirectory (RaftStorageDirectoryImpl.java:tryLock(229)) - Lock on /home/runner/work/ozone/ozone/hadoop-ozone/integration-test/target/test-dir/MiniOzoneClusterImpl-8cdb299b-b154-4fd3-af09-aa8d0bad65b8/ozone-meta/datanode-1/ratis/01db27b0-2f33-445b-b108-89740a92551e/in_use.lock acquired by nodename 113671@fv-az1944-819
2025-02-16 13:03:15,935 [b381b084-c55c-4dbb-889c-469a9420fe3b-groupManagement] INFO  storage.RaftStorage (RaftStorageImpl.java:format(98)) - Storage directory /home/runner/work/ozone/ozone/hadoop-ozone/integration-test/target/test-dir/MiniOzoneClusterImpl-8cdb299b-b154-4fd3-af09-aa8d0bad65b8/ozone-meta/datanode-1/ratis/01db27b0-2f33-445b-b108-89740a92551e has been successfully formatted.
2025-02-16 13:03:15,936 [b381b084-c55c-4dbb-889c-469a9420fe3b-groupManagement] INFO  ratis.ContainerStateMachine (ContainerStateMachine.java:initialize(300)) - b381b084-c55c-4dbb-889c-469a9420fe3b: initialize group-89740A92551E
2025-02-16 13:03:15,936 [b381b084-c55c-4dbb-889c-469a9420fe3b-groupManagement] INFO  ratis.ContainerStateMachine (ContainerStateMachine.java:loadSnapshot(308)) - group-89740A92551E: The snapshot info is null. Setting the last applied index to:(t:0, i:~)
2025-02-16 13:03:15,936 [b381b084-c55c-4dbb-889c-469a9420fe3b-groupManagement] INFO  server.RaftServerConfigKeys (ConfUtils.java:logGet(46)) - raft.server.log.use.memory = false (default)
2025-02-16 13:03:15,936 [b381b084-c55c-4dbb-889c-469a9420fe3b-groupManagement] INFO  server.RaftServerConfigKeys (ConfUtils.java:logGet(46)) - raft.server.log.purge.gap = 1000000 (custom)
2025-02-16 13:03:15,936 [b381b084-c55c-4dbb-889c-469a9420fe3b-groupManagement] INFO  server.RaftServerConfigKeys (ConfUtils.java:logGet(46)) - raft.server.log.appender.buffer.byte-limit = 33554432 (custom)
2025-02-16 13:03:15,936 [b381b084-c55c-4dbb-889c-469a9420fe3b-groupManagement] INFO  server.RaftServerConfigKeys (ConfUtils.java:logGet(46)) - raft.server.log.statemachine.data.read.timeout = 1000ms (default)
2025-02-16 13:03:15,936 [b381b084-c55c-4dbb-889c-469a9420fe3b-groupManagement] INFO  server.RaftServerConfigKeys (ConfUtils.java:logGet(46)) - raft.server.log.purge.preservation.log.num = 0 (default)
2025-02-16 13:03:15,937 [b381b084-c55c-4dbb-889c-469a9420fe3b-groupManagement] INFO  server.RaftServerConfigKeys (ConfUtils.java:logGet(46)) - raft.server.log.segment.size.max = 67108864 (custom)
2025-02-16 13:03:15,937 [b381b084-c55c-4dbb-889c-469a9420fe3b-groupManagement] INFO  server.RaftServerConfigKeys (ConfUtils.java:logGet(46)) - raft.server.log.segment.cache.num.max = 2 (custom)
2025-02-16 13:03:15,937 [b381b084-c55c-4dbb-889c-469a9420fe3b-groupManagement] INFO  server.RaftServerConfigKeys (ConfUtils.java:logGet(46)) - raft.server.log.segment.cache.size.max = 200MB (=209715200) (default)
2025-02-16 13:03:15,938 [b381b084-c55c-4dbb-889c-469a9420fe3b-groupManagement] INFO  server.RaftServerConfigKeys (ConfUtils.java:logGet(46)) - raft.server.log.appender.buffer.byte-limit = 33554432 (custom)
2025-02-16 13:03:15,938 [b381b084-c55c-4dbb-889c-469a9420fe3b-groupManagement] INFO  util.AwaitToRun (AwaitToRun.java:start(81)) - Thread[#3608,b381b084-c55c-4dbb-889c-469a9420fe3b@group-89740A92551E-cacheEviction-AwaitToRun,5,main] started
2025-02-16 13:03:15,938 [b381b084-c55c-4dbb-889c-469a9420fe3b-groupManagement] INFO  segmented.SegmentedRaftLogWorker (SegmentedRaftLogWorker.java:<init>(188)) - new b381b084-c55c-4dbb-889c-469a9420fe3b@group-89740A92551E-SegmentedRaftLogWorker for RaftStorageImpl:Storage Directory /home/runner/work/ozone/ozone/hadoop-ozone/integration-test/target/test-dir/MiniOzoneClusterImpl-8cdb299b-b154-4fd3-af09-aa8d0bad65b8/ozone-meta/datanode-1/ratis/01db27b0-2f33-445b-b108-89740a92551e
2025-02-16 13:03:15,938 [b381b084-c55c-4dbb-889c-469a9420fe3b-groupManagement] INFO  server.RaftServerConfigKeys (ConfUtils.java:logGet(46)) - raft.server.log.queue.byte-limit = 4294967296 (custom)
2025-02-16 13:03:15,938 [b381b084-c55c-4dbb-889c-469a9420fe3b-groupManagement] INFO  server.RaftServerConfigKeys (ConfUtils.java:logGet(46)) - raft.server.log.queue.element-limit = 1024 (custom)
2025-02-16 13:03:15,938 [b381b084-c55c-4dbb-889c-469a9420fe3b-groupManagement] INFO  server.RaftServerConfigKeys (ConfUtils.java:logGet(46)) - raft.server.log.segment.size.max = 67108864 (custom)
2025-02-16 13:03:15,938 [b381b084-c55c-4dbb-889c-469a9420fe3b-groupManagement] INFO  server.RaftServerConfigKeys (ConfUtils.java:logGet(46)) - raft.server.log.preallocated.size = 4194304 (custom)
2025-02-16 13:03:15,938 [b381b084-c55c-4dbb-889c-469a9420fe3b-groupManagement] INFO  server.RaftServerConfigKeys (ConfUtils.java:logGet(46)) - raft.server.log.force.sync.num = 128 (default)
2025-02-16 13:03:15,938 [b381b084-c55c-4dbb-889c-469a9420fe3b-groupManagement] INFO  server.RaftServerConfigKeys (ConfUtils.java:logGet(46)) - raft.server.log.statemachine.data.sync = true (default)
2025-02-16 13:03:15,938 [b381b084-c55c-4dbb-889c-469a9420fe3b-groupManagement] INFO  server.RaftServerConfigKeys (ConfUtils.java:logGet(46)) - raft.server.log.statemachine.data.sync.timeout = 10s (default)
2025-02-16 13:03:15,938 [b381b084-c55c-4dbb-889c-469a9420fe3b-groupManagement] INFO  server.RaftServerConfigKeys (ConfUtils.java:logGet(46)) - raft.server.log.statemachine.data.sync.timeout.retry = 30 (custom)
2025-02-16 13:03:15,939 [b381b084-c55c-4dbb-889c-469a9420fe3b-groupManagement] INFO  server.RaftServerConfigKeys (ConfUtils.java:logGet(46)) - raft.server.log.write.buffer.size = 33554440 (custom)
2025-02-16 13:03:15,939 [257e952a-4980-4b97-a405-9e28f64fa058@group-AA8D0BAD65B8-StateMachineUpdater] INFO  safemode.HealthyPipelineSafeModeRule (HealthyPipelineSafeModeRule.java:initializeRule(173)) - Refreshed total pipeline count is 0, healthy pipeline threshold count is 1
2025-02-16 13:03:15,941 [scmNode-1-EventQueue-PipelineReportForPipelineReportHandler] INFO  pipeline.PipelineReportHandler (PipelineReportHandler.java:processPipelineReport(141)) - Opened pipeline PipelineID=01db27b0-2f33-445b-b108-89740a92551e
2025-02-16 13:03:15,941 [scmNode-1-EventQueue-OpenPipelineForHealthyPipelineSafeModeRule] INFO  safemode.SCMSafeModeManager (HealthyPipelineSafeModeRule.java:process(141)) - SCM in safe mode. Healthy pipelines reported count is 0, required healthy pipeline reported count is 1
2025-02-16 13:03:15,943 [b381b084-c55c-4dbb-889c-469a9420fe3b-groupManagement] INFO  server.RaftServerConfigKeys (ConfUtils.java:logGet(46)) - raft.server.log.appender.buffer.byte-limit = 33554432 (custom)
2025-02-16 13:03:15,943 [b381b084-c55c-4dbb-889c-469a9420fe3b-groupManagement] INFO  server.RaftServerConfigKeys (ConfUtils.java:logGet(46)) - raft.server.log.unsafe-flush.enabled = false (default)
2025-02-16 13:03:15,943 [b381b084-c55c-4dbb-889c-469a9420fe3b-groupManagement] INFO  server.RaftServerConfigKeys (ConfUtils.java:logGet(46)) - raft.server.log.async-flush.enabled = false (default)
2025-02-16 13:03:15,943 [b381b084-c55c-4dbb-889c-469a9420fe3b-groupManagement] INFO  server.RaftServerConfigKeys (ConfUtils.java:logGet(46)) - raft.server.log.statemachine.data.caching.enabled = true (custom)
2025-02-16 13:03:15,943 [b381b084-c55c-4dbb-889c-469a9420fe3b-groupManagement] INFO  segmented.SegmentedRaftLogWorker (SegmentedRaftLogWorker.java:lambda$new$0(139)) - b381b084-c55c-4dbb-889c-469a9420fe3b@group-89740A92551E-SegmentedRaftLogWorker: flushIndex: setUnconditionally 0 -> -1
2025-02-16 13:03:15,943 [b381b084-c55c-4dbb-889c-469a9420fe3b-groupManagement] INFO  segmented.SegmentedRaftLogWorker (SegmentedRaftLogWorker.java:lambda$new$0(139)) - b381b084-c55c-4dbb-889c-469a9420fe3b@group-89740A92551E-SegmentedRaftLogWorker: safeCacheEvictIndex: setUnconditionally 0 -> -1
2025-02-16 13:03:15,944 [b381b084-c55c-4dbb-889c-469a9420fe3b-groupManagement] INFO  server.RaftServer$Division (RaftServerImpl.java:start(391)) - b381b084-c55c-4dbb-889c-469a9420fe3b@group-89740A92551E: start as a follower, conf=conf: {index: -1, cur=peers:[b381b084-c55c-4dbb-889c-469a9420fe3b|127.0.0.1:15138]|listeners:[], old=null}
2025-02-16 13:03:15,944 [b381b084-c55c-4dbb-889c-469a9420fe3b-groupManagement] INFO  server.RaftServer$Division (RaftServerImpl.java:setRole(378)) - b381b084-c55c-4dbb-889c-469a9420fe3b@group-89740A92551E: changes role from      null to FOLLOWER at term 0 for startAsFollower
2025-02-16 13:03:15,944 [b381b084-c55c-4dbb-889c-469a9420fe3b-groupManagement] INFO  impl.RoleInfo (RoleInfo.java:updateAndGet(148)) - b381b084-c55c-4dbb-889c-469a9420fe3b: start b381b084-c55c-4dbb-889c-469a9420fe3b@group-89740A92551E-FollowerState
2025-02-16 13:03:15,944 [b381b084-c55c-4dbb-889c-469a9420fe3b-groupManagement] INFO  util.JmxRegister (JmxRegister.java:tryRegister(44)) - Successfully registered JMX Bean with object name Ratis:service=RaftServer,group=group-89740A92551E,id=b381b084-c55c-4dbb-889c-469a9420fe3b
2025-02-16 13:03:15,944 [b381b084-c55c-4dbb-889c-469a9420fe3b-groupManagement] INFO  util.JmxRegister (JmxRegister.java:register(58)) - register mxBean class org.apache.ratis.server.impl.RaftServerJmxAdapter as Ratis:service=RaftServer,group=group-89740A92551E,id=b381b084-c55c-4dbb-889c-469a9420fe3b
2025-02-16 13:03:15,944 [b381b084-c55c-4dbb-889c-469a9420fe3b@group-89740A92551E-FollowerState] INFO  server.RaftServerConfigKeys (ConfUtils.java:logFallback(53)) - raft.server.rpc.first-election.timeout.min = 5s (fallback to raft.server.rpc.timeout.min)
2025-02-16 13:03:15,944 [b381b084-c55c-4dbb-889c-469a9420fe3b-groupManagement] INFO  server.RaftServerConfigKeys (ConfUtils.java:logGet(46)) - raft.server.snapshot.trigger-when-stop.enabled = true (default)
2025-02-16 13:03:15,944 [b381b084-c55c-4dbb-889c-469a9420fe3b-groupManagement] INFO  server.RaftServerConfigKeys (ConfUtils.java:logGet(46)) - raft.server.snapshot.trigger-when-remove.enabled = true (default)
2025-02-16 13:03:15,944 [b381b084-c55c-4dbb-889c-469a9420fe3b-groupManagement] INFO  server.RaftServerConfigKeys (ConfUtils.java:logGet(46)) - raft.server.snapshot.auto.trigger.enabled = true (custom)
2025-02-16 13:03:15,944 [b381b084-c55c-4dbb-889c-469a9420fe3b-groupManagement] INFO  server.RaftServerConfigKeys (ConfUtils.java:logGet(46)) - raft.server.snapshot.auto.trigger.threshold = 100000 (custom)
2025-02-16 13:03:15,944 [b381b084-c55c-4dbb-889c-469a9420fe3b-groupManagement] INFO  server.RaftServerConfigKeys (ConfUtils.java:logGet(46)) - raft.server.snapshot.retention.file.num = 5 (custom)
2025-02-16 13:03:15,945 [b381b084-c55c-4dbb-889c-469a9420fe3b-groupManagement] INFO  server.RaftServerConfigKeys (ConfUtils.java:logGet(46)) - raft.server.log.purge.upto.snapshot.index = false (default)
2025-02-16 13:03:15,944 [b381b084-c55c-4dbb-889c-469a9420fe3b@group-89740A92551E-FollowerState] INFO  server.RaftServerConfigKeys (ConfUtils.java:logFallback(53)) - raft.server.rpc.first-election.timeout.max = 5200ms (fallback to raft.server.rpc.timeout.max)
2025-02-16 13:03:15,945 [b381b084-c55c-4dbb-889c-469a9420fe3b-groupManagement] INFO  server.RaftServer$Division (RaftServerImpl.java:start(405)) - b381b084-c55c-4dbb-889c-469a9420fe3b@group-89740A92551E: Successfully started.
2025-02-16 13:03:15,945 [b381b084-c55c-4dbb-889c-469a9420fe3b-PipelineCommandHandlerThread-0] INFO  ratis.XceiverServerRatis (XceiverServerRatis.java:addGroup(841)) - Created group PipelineID=01db27b0-2f33-445b-b108-89740a92551e
2025-02-16 13:03:15,945 [b381b084-c55c-4dbb-889c-469a9420fe3b-PipelineCommandHandlerThread-0] INFO  commandhandler.CreatePipelineCommandHandler (CreatePipelineCommandHandler.java:lambda$handle$2(128)) - Created Pipeline RATIS ONE PipelineID=01db27b0-2f33-445b-b108-89740a92551e.
2025-02-16 13:03:15,946 [b381b084-c55c-4dbb-889c-469a9420fe3b-PipelineCommandHandlerThread-0] INFO  server.RaftServer (RaftServerProxy.java:addNew(100)) - b381b084-c55c-4dbb-889c-469a9420fe3b: addNew group-A4BD09EBD6A4:[49e1ea80-2a9c-4fc6-9dfd-fcdc1670084a|127.0.0.1:15147, 9e04f330-63f7-447c-8500-8939715d6f40|127.0.0.1:15156, b381b084-c55c-4dbb-889c-469a9420fe3b|127.0.0.1:15138] returns group-A4BD09EBD6A4:java.util.concurrent.CompletableFuture@136a98c8[Not completed]
2025-02-16 13:03:15,946 [b381b084-c55c-4dbb-889c-469a9420fe3b-groupManagement] INFO  server.RaftServer$Division (RaftServerImpl.java:<init>(255)) - b381b084-c55c-4dbb-889c-469a9420fe3b: new RaftServerImpl for group-A4BD09EBD6A4:[49e1ea80-2a9c-4fc6-9dfd-fcdc1670084a|127.0.0.1:15147, 9e04f330-63f7-447c-8500-8939715d6f40|127.0.0.1:15156, b381b084-c55c-4dbb-889c-469a9420fe3b|127.0.0.1:15138] with ContainerStateMachine:uninitialized
2025-02-16 13:03:15,946 [b381b084-c55c-4dbb-889c-469a9420fe3b-groupManagement] INFO  server.RaftServerConfigKeys (ConfUtils.java:logGet(46)) - raft.server.rpc.timeout.min = 5s (custom)
2025-02-16 13:03:15,947 [b381b084-c55c-4dbb-889c-469a9420fe3b-groupManagement] INFO  server.RaftServerConfigKeys (ConfUtils.java:logGet(46)) - raft.server.rpc.timeout.max = 5200ms (custom)
2025-02-16 13:03:15,947 [b381b084-c55c-4dbb-889c-469a9420fe3b-groupManagement] INFO  server.RaftServerConfigKeys (ConfUtils.java:logGet(46)) - raft.server.rpc.sleep.time = 25ms (default)
2025-02-16 13:03:15,947 [b381b084-c55c-4dbb-889c-469a9420fe3b-groupManagement] INFO  server.RaftServerConfigKeys (ConfUtils.java:logGet(46)) - raft.server.rpc.slowness.timeout = 300s (custom)
2025-02-16 13:03:15,947 [b381b084-c55c-4dbb-889c-469a9420fe3b-groupManagement] INFO  server.RaftServerConfigKeys (ConfUtils.java:logGet(46)) - raft.server.leaderelection.leader.step-down.wait-time = 10s (default)
2025-02-16 13:03:15,947 [b381b084-c55c-4dbb-889c-469a9420fe3b-groupManagement] INFO  server.RaftServerConfigKeys (ConfUtils.java:logGet(46)) - raft.server.leaderelection.member.majority-add = false (default)
2025-02-16 13:03:15,947 [b381b084-c55c-4dbb-889c-469a9420fe3b-groupManagement] INFO  server.RaftServerConfigKeys (ConfUtils.java:logGet(46)) - raft.server.sleep.deviation.threshold = 300ms (default)
2025-02-16 13:03:15,947 [b381b084-c55c-4dbb-889c-469a9420fe3b-groupManagement] INFO  server.RaftServer$Division (ServerState.java:<init>(114)) - b381b084-c55c-4dbb-889c-469a9420fe3b@group-A4BD09EBD6A4: ConfigurationManager, init=conf: {index: -1, cur=peers:[49e1ea80-2a9c-4fc6-9dfd-fcdc1670084a|127.0.0.1:15147, 9e04f330-63f7-447c-8500-8939715d6f40|127.0.0.1:15156, b381b084-c55c-4dbb-889c-469a9420fe3b|127.0.0.1:15138]|listeners:[], old=null}, confs=<EMPTY_MAP>
2025-02-16 13:03:15,947 [b381b084-c55c-4dbb-889c-469a9420fe3b-groupManagement] INFO  server.RaftServerConfigKeys (ConfUtils.java:logGet(46)) - raft.server.notification.no-leader.timeout = 300s (custom)
2025-02-16 13:03:15,947 [b381b084-c55c-4dbb-889c-469a9420fe3b-groupManagement] INFO  server.RaftServerConfigKeys (ConfUtils.java:logGet(46)) - raft.server.read.timeout = 10s (default)
2025-02-16 13:03:15,947 [b381b084-c55c-4dbb-889c-469a9420fe3b-groupManagement] INFO  server.RaftServerConfigKeys (ConfUtils.java:logGet(46)) - raft.server.retrycache.expirytime = 600000ms (custom)
2025-02-16 13:03:15,947 [b381b084-c55c-4dbb-889c-469a9420fe3b-groupManagement] INFO  server.RaftServerConfigKeys (ConfUtils.java:logGet(46)) - raft.server.retrycache.statistics.expirytime = 100ms (default)
2025-02-16 13:03:15,947 [b381b084-c55c-4dbb-889c-469a9420fe3b-groupManagement] INFO  server.RaftServerConfigKeys (ConfUtils.java:logGet(46)) - raft.server.read.option = DEFAULT (default)
2025-02-16 13:03:15,947 [b381b084-c55c-4dbb-889c-469a9420fe3b-groupManagement] INFO  server.RaftServerConfigKeys (ConfUtils.java:logGet(46)) - raft.server.read.read-after-write-consistent.write-index-cache.expiry-time = 60s (default)
2025-02-16 13:03:15,949 [b381b084-c55c-4dbb-889c-469a9420fe3b-groupManagement] INFO  server.RaftServerConfigKeys (ConfUtils.java:logGet(46)) - raft.server.rpc.request.timeout = 60s (custom)
2025-02-16 13:03:15,949 [b381b084-c55c-4dbb-889c-469a9420fe3b-groupManagement] INFO  server.RaftServerConfigKeys (ConfUtils.java:logGet(46)) - raft.server.log.appender.install.snapshot.enabled = false (custom)
2025-02-16 13:03:15,949 [b381b084-c55c-4dbb-889c-469a9420fe3b-groupManagement] INFO  server.RaftServerConfigKeys (ConfUtils.java:logGet(46)) - raft.server.threadpool.server.cached = true (default)
2025-02-16 13:03:15,949 [b381b084-c55c-4dbb-889c-469a9420fe3b-groupManagement] INFO  server.RaftServerConfigKeys (ConfUtils.java:logGet(46)) - raft.server.threadpool.server.size = 0 (default)
2025-02-16 13:03:15,949 [b381b084-c55c-4dbb-889c-469a9420fe3b-groupManagement] INFO  server.RaftServerConfigKeys (ConfUtils.java:logGet(46)) - raft.server.threadpool.client.cached = true (default)
2025-02-16 13:03:15,949 [b381b084-c55c-4dbb-889c-469a9420fe3b-groupManagement] INFO  server.RaftServerConfigKeys (ConfUtils.java:logGet(46)) - raft.server.threadpool.client.size = 0 (default)
2025-02-16 13:03:15,949 [b381b084-c55c-4dbb-889c-469a9420fe3b-groupManagement] INFO  server.RaftServerConfigKeys (ConfUtils.java:logGet(46)) - raft.server.storage.free-space.min = 0MB (=0) (default)
2025-02-16 13:03:15,949 [b381b084-c55c-4dbb-889c-469a9420fe3b-groupManagement] INFO  server.RaftServerConfigKeys (ConfUtils.java:logGet(46)) - raft.server.log.corruption.policy = EXCEPTION (default)
2025-02-16 13:03:15,949 [b381b084-c55c-4dbb-889c-469a9420fe3b-groupManagement] INFO  server.RaftServerConfigKeys (ConfUtils.java:logGet(46)) - raft.server.storage.dir = [/home/runner/work/ozone/ozone/hadoop-ozone/integration-test/target/test-dir/MiniOzoneClusterImpl-8cdb299b-b154-4fd3-af09-aa8d0bad65b8/ozone-meta/datanode-1/ratis] (custom)
2025-02-16 13:03:15,949 [b381b084-c55c-4dbb-889c-469a9420fe3b-groupManagement] INFO  storage.RaftStorageDirectory (RaftStorageDirectoryImpl.java:analyzeStorage(138)) - The storage directory /home/runner/work/ozone/ozone/hadoop-ozone/integration-test/target/test-dir/MiniOzoneClusterImpl-8cdb299b-b154-4fd3-af09-aa8d0bad65b8/ozone-meta/datanode-1/ratis/597bc4f1-5f8c-4c7d-80e7-a4bd09ebd6a4 does not exist. Creating ...
2025-02-16 13:03:15,950 [b381b084-c55c-4dbb-889c-469a9420fe3b-groupManagement] INFO  storage.RaftStorageDirectory (RaftStorageDirectoryImpl.java:tryLock(229)) - Lock on /home/runner/work/ozone/ozone/hadoop-ozone/integration-test/target/test-dir/MiniOzoneClusterImpl-8cdb299b-b154-4fd3-af09-aa8d0bad65b8/ozone-meta/datanode-1/ratis/597bc4f1-5f8c-4c7d-80e7-a4bd09ebd6a4/in_use.lock acquired by nodename 113671@fv-az1944-819
2025-02-16 13:03:15,951 [b381b084-c55c-4dbb-889c-469a9420fe3b-groupManagement] INFO  storage.RaftStorage (RaftStorageImpl.java:format(98)) - Storage directory /home/runner/work/ozone/ozone/hadoop-ozone/integration-test/target/test-dir/MiniOzoneClusterImpl-8cdb299b-b154-4fd3-af09-aa8d0bad65b8/ozone-meta/datanode-1/ratis/597bc4f1-5f8c-4c7d-80e7-a4bd09ebd6a4 has been successfully formatted.
2025-02-16 13:03:15,951 [b381b084-c55c-4dbb-889c-469a9420fe3b-groupManagement] INFO  ratis.ContainerStateMachine (ContainerStateMachine.java:initialize(300)) - b381b084-c55c-4dbb-889c-469a9420fe3b: initialize group-A4BD09EBD6A4
2025-02-16 13:03:15,952 [b381b084-c55c-4dbb-889c-469a9420fe3b-groupManagement] INFO  ratis.ContainerStateMachine (ContainerStateMachine.java:loadSnapshot(308)) - group-A4BD09EBD6A4: The snapshot info is null. Setting the last applied index to:(t:0, i:~)
2025-02-16 13:03:15,952 [b381b084-c55c-4dbb-889c-469a9420fe3b-groupManagement] INFO  server.RaftServerConfigKeys (ConfUtils.java:logGet(46)) - raft.server.log.use.memory = false (default)
2025-02-16 13:03:15,952 [b381b084-c55c-4dbb-889c-469a9420fe3b-groupManagement] INFO  server.RaftServerConfigKeys (ConfUtils.java:logGet(46)) - raft.server.log.purge.gap = 1000000 (custom)
2025-02-16 13:03:15,952 [b381b084-c55c-4dbb-889c-469a9420fe3b-groupManagement] INFO  server.RaftServerConfigKeys (ConfUtils.java:logGet(46)) - raft.server.log.appender.buffer.byte-limit = 33554432 (custom)
2025-02-16 13:03:15,952 [b381b084-c55c-4dbb-889c-469a9420fe3b-groupManagement] INFO  server.RaftServerConfigKeys (ConfUtils.java:logGet(46)) - raft.server.log.statemachine.data.read.timeout = 1000ms (default)
2025-02-16 13:03:15,952 [b381b084-c55c-4dbb-889c-469a9420fe3b-groupManagement] INFO  server.RaftServerConfigKeys (ConfUtils.java:logGet(46)) - raft.server.log.purge.preservation.log.num = 0 (default)
2025-02-16 13:03:15,953 [b381b084-c55c-4dbb-889c-469a9420fe3b-groupManagement] INFO  server.RaftServerConfigKeys (ConfUtils.java:logGet(46)) - raft.server.log.segment.size.max = 67108864 (custom)
2025-02-16 13:03:15,953 [b381b084-c55c-4dbb-889c-469a9420fe3b-groupManagement] INFO  server.RaftServerConfigKeys (ConfUtils.java:logGet(46)) - raft.server.log.segment.cache.num.max = 2 (custom)
2025-02-16 13:03:15,953 [b381b084-c55c-4dbb-889c-469a9420fe3b-groupManagement] INFO  server.RaftServerConfigKeys (ConfUtils.java:logGet(46)) - raft.server.log.segment.cache.size.max = 200MB (=209715200) (default)
2025-02-16 13:03:15,953 [b381b084-c55c-4dbb-889c-469a9420fe3b-groupManagement] INFO  server.RaftServerConfigKeys (ConfUtils.java:logGet(46)) - raft.server.log.appender.buffer.byte-limit = 33554432 (custom)
2025-02-16 13:03:15,954 [b381b084-c55c-4dbb-889c-469a9420fe3b-groupManagement] INFO  util.AwaitToRun (AwaitToRun.java:start(81)) - Thread[#3613,b381b084-c55c-4dbb-889c-469a9420fe3b@group-A4BD09EBD6A4-cacheEviction-AwaitToRun,5,main] started
2025-02-16 13:03:15,954 [b381b084-c55c-4dbb-889c-469a9420fe3b-groupManagement] INFO  segmented.SegmentedRaftLogWorker (SegmentedRaftLogWorker.java:<init>(188)) - new b381b084-c55c-4dbb-889c-469a9420fe3b@group-A4BD09EBD6A4-SegmentedRaftLogWorker for RaftStorageImpl:Storage Directory /home/runner/work/ozone/ozone/hadoop-ozone/integration-test/target/test-dir/MiniOzoneClusterImpl-8cdb299b-b154-4fd3-af09-aa8d0bad65b8/ozone-meta/datanode-1/ratis/597bc4f1-5f8c-4c7d-80e7-a4bd09ebd6a4
2025-02-16 13:03:15,954 [b381b084-c55c-4dbb-889c-469a9420fe3b-groupManagement] INFO  server.RaftServerConfigKeys (ConfUtils.java:logGet(46)) - raft.server.log.queue.byte-limit = 4294967296 (custom)
2025-02-16 13:03:15,954 [b381b084-c55c-4dbb-889c-469a9420fe3b-groupManagement] INFO  server.RaftServerConfigKeys (ConfUtils.java:logGet(46)) - raft.server.log.queue.element-limit = 1024 (custom)
2025-02-16 13:03:15,954 [b381b084-c55c-4dbb-889c-469a9420fe3b-groupManagement] INFO  server.RaftServerConfigKeys (ConfUtils.java:logGet(46)) - raft.server.log.segment.size.max = 67108864 (custom)
2025-02-16 13:03:15,954 [b381b084-c55c-4dbb-889c-469a9420fe3b-groupManagement] INFO  server.RaftServerConfigKeys (ConfUtils.java:logGet(46)) - raft.server.log.preallocated.size = 4194304 (custom)
2025-02-16 13:03:15,954 [b381b084-c55c-4dbb-889c-469a9420fe3b-groupManagement] INFO  server.RaftServerConfigKeys (ConfUtils.java:logGet(46)) - raft.server.log.force.sync.num = 128 (default)
2025-02-16 13:03:15,954 [b381b084-c55c-4dbb-889c-469a9420fe3b-groupManagement] INFO  server.RaftServerConfigKeys (ConfUtils.java:logGet(46)) - raft.server.log.statemachine.data.sync = true (default)
2025-02-16 13:03:15,954 [b381b084-c55c-4dbb-889c-469a9420fe3b-groupManagement] INFO  server.RaftServerConfigKeys (ConfUtils.java:logGet(46)) - raft.server.log.statemachine.data.sync.timeout = 10s (default)
2025-02-16 13:03:15,954 [b381b084-c55c-4dbb-889c-469a9420fe3b-groupManagement] INFO  server.RaftServerConfigKeys (ConfUtils.java:logGet(46)) - raft.server.log.statemachine.data.sync.timeout.retry = 30 (custom)
2025-02-16 13:03:15,955 [b381b084-c55c-4dbb-889c-469a9420fe3b-groupManagement] INFO  server.RaftServerConfigKeys (ConfUtils.java:logGet(46)) - raft.server.log.write.buffer.size = 33554440 (custom)
2025-02-16 13:03:15,955 [scmNode-1-EventQueue-OpenPipelineForHealthyPipelineSafeModeRule] INFO  safemode.SCMSafeModeManager (HealthyPipelineSafeModeRule.java:process(141)) - SCM in safe mode. Healthy pipelines reported count is 0, required healthy pipeline reported count is 1
2025-02-16 13:03:15,958 [b381b084-c55c-4dbb-889c-469a9420fe3b-groupManagement] INFO  server.RaftServerConfigKeys (ConfUtils.java:logGet(46)) - raft.server.log.appender.buffer.byte-limit = 33554432 (custom)
2025-02-16 13:03:15,959 [b381b084-c55c-4dbb-889c-469a9420fe3b-groupManagement] INFO  server.RaftServerConfigKeys (ConfUtils.java:logGet(46)) - raft.server.log.unsafe-flush.enabled = false (default)
2025-02-16 13:03:15,959 [b381b084-c55c-4dbb-889c-469a9420fe3b-groupManagement] INFO  server.RaftServerConfigKeys (ConfUtils.java:logGet(46)) - raft.server.log.async-flush.enabled = false (default)
2025-02-16 13:03:15,959 [b381b084-c55c-4dbb-889c-469a9420fe3b-groupManagement] INFO  server.RaftServerConfigKeys (ConfUtils.java:logGet(46)) - raft.server.log.statemachine.data.caching.enabled = true (custom)
2025-02-16 13:03:15,959 [b381b084-c55c-4dbb-889c-469a9420fe3b-groupManagement] INFO  segmented.SegmentedRaftLogWorker (SegmentedRaftLogWorker.java:lambda$new$0(139)) - b381b084-c55c-4dbb-889c-469a9420fe3b@group-A4BD09EBD6A4-SegmentedRaftLogWorker: flushIndex: setUnconditionally 0 -> -1
2025-02-16 13:03:15,959 [b381b084-c55c-4dbb-889c-469a9420fe3b-groupManagement] INFO  segmented.SegmentedRaftLogWorker (SegmentedRaftLogWorker.java:lambda$new$0(139)) - b381b084-c55c-4dbb-889c-469a9420fe3b@group-A4BD09EBD6A4-SegmentedRaftLogWorker: safeCacheEvictIndex: setUnconditionally 0 -> -1
2025-02-16 13:03:15,959 [b381b084-c55c-4dbb-889c-469a9420fe3b-groupManagement] INFO  server.RaftServer$Division (RaftServerImpl.java:start(391)) - b381b084-c55c-4dbb-889c-469a9420fe3b@group-A4BD09EBD6A4: start as a follower, conf=conf: {index: -1, cur=peers:[49e1ea80-2a9c-4fc6-9dfd-fcdc1670084a|127.0.0.1:15147, 9e04f330-63f7-447c-8500-8939715d6f40|127.0.0.1:15156, b381b084-c55c-4dbb-889c-469a9420fe3b|127.0.0.1:15138]|listeners:[], old=null}
2025-02-16 13:03:15,959 [b381b084-c55c-4dbb-889c-469a9420fe3b-groupManagement] INFO  server.RaftServer$Division (RaftServerImpl.java:setRole(378)) - b381b084-c55c-4dbb-889c-469a9420fe3b@group-A4BD09EBD6A4: changes role from      null to FOLLOWER at term 0 for startAsFollower
2025-02-16 13:03:15,959 [b381b084-c55c-4dbb-889c-469a9420fe3b-groupManagement] INFO  impl.RoleInfo (RoleInfo.java:updateAndGet(148)) - b381b084-c55c-4dbb-889c-469a9420fe3b: start b381b084-c55c-4dbb-889c-469a9420fe3b@group-A4BD09EBD6A4-FollowerState
2025-02-16 13:03:15,960 [b381b084-c55c-4dbb-889c-469a9420fe3b-groupManagement] INFO  util.JmxRegister (JmxRegister.java:tryRegister(44)) - Successfully registered JMX Bean with object name Ratis:service=RaftServer,group=group-A4BD09EBD6A4,id=b381b084-c55c-4dbb-889c-469a9420fe3b
2025-02-16 13:03:15,960 [b381b084-c55c-4dbb-889c-469a9420fe3b-groupManagement] INFO  util.JmxRegister (JmxRegister.java:register(58)) - register mxBean class org.apache.ratis.server.impl.RaftServerJmxAdapter as Ratis:service=RaftServer,group=group-A4BD09EBD6A4,id=b381b084-c55c-4dbb-889c-469a9420fe3b
2025-02-16 13:03:15,960 [b381b084-c55c-4dbb-889c-469a9420fe3b-groupManagement] INFO  server.RaftServerConfigKeys (ConfUtils.java:logGet(46)) - raft.server.snapshot.trigger-when-stop.enabled = true (default)
2025-02-16 13:03:15,960 [b381b084-c55c-4dbb-889c-469a9420fe3b-groupManagement] INFO  server.RaftServerConfigKeys (ConfUtils.java:logGet(46)) - raft.server.snapshot.trigger-when-remove.enabled = true (default)
2025-02-16 13:03:15,960 [b381b084-c55c-4dbb-889c-469a9420fe3b-groupManagement] INFO  server.RaftServerConfigKeys (ConfUtils.java:logGet(46)) - raft.server.snapshot.auto.trigger.enabled = true (custom)
2025-02-16 13:03:15,960 [b381b084-c55c-4dbb-889c-469a9420fe3b-groupManagement] INFO  server.RaftServerConfigKeys (ConfUtils.java:logGet(46)) - raft.server.snapshot.auto.trigger.threshold = 100000 (custom)
2025-02-16 13:03:15,960 [b381b084-c55c-4dbb-889c-469a9420fe3b@group-A4BD09EBD6A4-FollowerState] INFO  server.RaftServerConfigKeys (ConfUtils.java:logFallback(53)) - raft.server.rpc.first-election.timeout.min = 5s (fallback to raft.server.rpc.timeout.min)
2025-02-16 13:03:15,960 [b381b084-c55c-4dbb-889c-469a9420fe3b-groupManagement] INFO  server.RaftServerConfigKeys (ConfUtils.java:logGet(46)) - raft.server.snapshot.retention.file.num = 5 (custom)
2025-02-16 13:03:15,960 [b381b084-c55c-4dbb-889c-469a9420fe3b-groupManagement] INFO  server.RaftServerConfigKeys (ConfUtils.java:logGet(46)) - raft.server.log.purge.upto.snapshot.index = false (default)
2025-02-16 13:03:15,960 [b381b084-c55c-4dbb-889c-469a9420fe3b@group-A4BD09EBD6A4-FollowerState] INFO  server.RaftServerConfigKeys (ConfUtils.java:logFallback(53)) - raft.server.rpc.first-election.timeout.max = 5200ms (fallback to raft.server.rpc.timeout.max)
2025-02-16 13:03:15,960 [b381b084-c55c-4dbb-889c-469a9420fe3b-groupManagement] INFO  server.RaftServer$Division (RaftServerImpl.java:start(405)) - b381b084-c55c-4dbb-889c-469a9420fe3b@group-A4BD09EBD6A4: Successfully started.
2025-02-16 13:03:15,961 [b381b084-c55c-4dbb-889c-469a9420fe3b-PipelineCommandHandlerThread-0] INFO  ratis.XceiverServerRatis (XceiverServerRatis.java:addGroup(841)) - Created group PipelineID=597bc4f1-5f8c-4c7d-80e7-a4bd09ebd6a4
2025-02-16 13:03:15,966 [grpc-default-executor-6] INFO  server.RaftServer (RaftServerProxy.java:addNew(100)) - 49e1ea80-2a9c-4fc6-9dfd-fcdc1670084a: addNew group-A4BD09EBD6A4:[49e1ea80-2a9c-4fc6-9dfd-fcdc1670084a|127.0.0.1:15147, 9e04f330-63f7-447c-8500-8939715d6f40|127.0.0.1:15156, b381b084-c55c-4dbb-889c-469a9420fe3b|127.0.0.1:15138] returns group-A4BD09EBD6A4:java.util.concurrent.CompletableFuture@36eec202[Not completed]
2025-02-16 13:03:15,967 [49e1ea80-2a9c-4fc6-9dfd-fcdc1670084a-groupManagement] INFO  server.RaftServer$Division (RaftServerImpl.java:<init>(255)) - 49e1ea80-2a9c-4fc6-9dfd-fcdc1670084a: new RaftServerImpl for group-A4BD09EBD6A4:[49e1ea80-2a9c-4fc6-9dfd-fcdc1670084a|127.0.0.1:15147, 9e04f330-63f7-447c-8500-8939715d6f40|127.0.0.1:15156, b381b084-c55c-4dbb-889c-469a9420fe3b|127.0.0.1:15138] with ContainerStateMachine:uninitialized
2025-02-16 13:03:15,967 [49e1ea80-2a9c-4fc6-9dfd-fcdc1670084a-groupManagement] INFO  server.RaftServerConfigKeys (ConfUtils.java:logGet(46)) - raft.server.rpc.timeout.min = 5s (custom)
2025-02-16 13:03:15,967 [49e1ea80-2a9c-4fc6-9dfd-fcdc1670084a-groupManagement] INFO  server.RaftServerConfigKeys (ConfUtils.java:logGet(46)) - raft.server.rpc.timeout.max = 5200ms (custom)
2025-02-16 13:03:15,967 [49e1ea80-2a9c-4fc6-9dfd-fcdc1670084a-groupManagement] INFO  server.RaftServerConfigKeys (ConfUtils.java:logGet(46)) - raft.server.rpc.sleep.time = 25ms (default)
2025-02-16 13:03:15,967 [49e1ea80-2a9c-4fc6-9dfd-fcdc1670084a-groupManagement] INFO  server.RaftServerConfigKeys (ConfUtils.java:logGet(46)) - raft.server.rpc.slowness.timeout = 300s (custom)
2025-02-16 13:03:15,967 [49e1ea80-2a9c-4fc6-9dfd-fcdc1670084a-groupManagement] INFO  server.RaftServerConfigKeys (ConfUtils.java:logGet(46)) - raft.server.leaderelection.leader.step-down.wait-time = 10s (default)
2025-02-16 13:03:15,967 [49e1ea80-2a9c-4fc6-9dfd-fcdc1670084a-groupManagement] INFO  server.RaftServerConfigKeys (ConfUtils.java:logGet(46)) - raft.server.leaderelection.member.majority-add = false (default)
2025-02-16 13:03:15,967 [49e1ea80-2a9c-4fc6-9dfd-fcdc1670084a-groupManagement] INFO  server.RaftServerConfigKeys (ConfUtils.java:logGet(46)) - raft.server.sleep.deviation.threshold = 300ms (default)
2025-02-16 13:03:15,967 [49e1ea80-2a9c-4fc6-9dfd-fcdc1670084a-groupManagement] INFO  server.RaftServer$Division (ServerState.java:<init>(114)) - 49e1ea80-2a9c-4fc6-9dfd-fcdc1670084a@group-A4BD09EBD6A4: ConfigurationManager, init=conf: {index: -1, cur=peers:[49e1ea80-2a9c-4fc6-9dfd-fcdc1670084a|127.0.0.1:15147, 9e04f330-63f7-447c-8500-8939715d6f40|127.0.0.1:15156, b381b084-c55c-4dbb-889c-469a9420fe3b|127.0.0.1:15138]|listeners:[], old=null}, confs=<EMPTY_MAP>
2025-02-16 13:03:15,967 [49e1ea80-2a9c-4fc6-9dfd-fcdc1670084a-groupManagement] INFO  server.RaftServerConfigKeys (ConfUtils.java:logGet(46)) - raft.server.notification.no-leader.timeout = 300s (custom)
2025-02-16 13:03:15,967 [49e1ea80-2a9c-4fc6-9dfd-fcdc1670084a-groupManagement] INFO  server.RaftServerConfigKeys (ConfUtils.java:logGet(46)) - raft.server.read.timeout = 10s (default)
2025-02-16 13:03:15,967 [49e1ea80-2a9c-4fc6-9dfd-fcdc1670084a-groupManagement] INFO  server.RaftServerConfigKeys (ConfUtils.java:logGet(46)) - raft.server.retrycache.expirytime = 600000ms (custom)
2025-02-16 13:03:15,967 [49e1ea80-2a9c-4fc6-9dfd-fcdc1670084a-groupManagement] INFO  server.RaftServerConfigKeys (ConfUtils.java:logGet(46)) - raft.server.retrycache.statistics.expirytime = 100ms (default)
2025-02-16 13:03:15,967 [49e1ea80-2a9c-4fc6-9dfd-fcdc1670084a-groupManagement] INFO  server.RaftServerConfigKeys (ConfUtils.java:logGet(46)) - raft.server.read.option = DEFAULT (default)
2025-02-16 13:03:15,967 [49e1ea80-2a9c-4fc6-9dfd-fcdc1670084a-groupManagement] INFO  server.RaftServerConfigKeys (ConfUtils.java:logGet(46)) - raft.server.read.read-after-write-consistent.write-index-cache.expiry-time = 60s (default)
2025-02-16 13:03:15,970 [49e1ea80-2a9c-4fc6-9dfd-fcdc1670084a-groupManagement] INFO  server.RaftServerConfigKeys (ConfUtils.java:logGet(46)) - raft.server.rpc.request.timeout = 60s (custom)
2025-02-16 13:03:15,970 [49e1ea80-2a9c-4fc6-9dfd-fcdc1670084a-groupManagement] INFO  server.RaftServerConfigKeys (ConfUtils.java:logGet(46)) - raft.server.log.appender.install.snapshot.enabled = false (custom)
2025-02-16 13:03:15,970 [49e1ea80-2a9c-4fc6-9dfd-fcdc1670084a-groupManagement] INFO  server.RaftServerConfigKeys (ConfUtils.java:logGet(46)) - raft.server.threadpool.server.cached = true (default)
2025-02-16 13:03:15,970 [49e1ea80-2a9c-4fc6-9dfd-fcdc1670084a-groupManagement] INFO  server.RaftServerConfigKeys (ConfUtils.java:logGet(46)) - raft.server.threadpool.server.size = 0 (default)
2025-02-16 13:03:15,970 [49e1ea80-2a9c-4fc6-9dfd-fcdc1670084a-groupManagement] INFO  server.RaftServerConfigKeys (ConfUtils.java:logGet(46)) - raft.server.threadpool.client.cached = true (default)
2025-02-16 13:03:15,970 [49e1ea80-2a9c-4fc6-9dfd-fcdc1670084a-groupManagement] INFO  server.RaftServerConfigKeys (ConfUtils.java:logGet(46)) - raft.server.threadpool.client.size = 0 (default)
2025-02-16 13:03:15,970 [49e1ea80-2a9c-4fc6-9dfd-fcdc1670084a-groupManagement] INFO  server.RaftServerConfigKeys (ConfUtils.java:logGet(46)) - raft.server.storage.free-space.min = 0MB (=0) (default)
2025-02-16 13:03:15,970 [49e1ea80-2a9c-4fc6-9dfd-fcdc1670084a-groupManagement] INFO  server.RaftServerConfigKeys (ConfUtils.java:logGet(46)) - raft.server.log.corruption.policy = EXCEPTION (default)
2025-02-16 13:03:15,970 [49e1ea80-2a9c-4fc6-9dfd-fcdc1670084a-groupManagement] INFO  server.RaftServerConfigKeys (ConfUtils.java:logGet(46)) - raft.server.storage.dir = [/home/runner/work/ozone/ozone/hadoop-ozone/integration-test/target/test-dir/MiniOzoneClusterImpl-8cdb299b-b154-4fd3-af09-aa8d0bad65b8/ozone-meta/datanode-2/ratis] (custom)
2025-02-16 13:03:15,970 [49e1ea80-2a9c-4fc6-9dfd-fcdc1670084a-groupManagement] INFO  storage.RaftStorageDirectory (RaftStorageDirectoryImpl.java:analyzeStorage(138)) - The storage directory /home/runner/work/ozone/ozone/hadoop-ozone/integration-test/target/test-dir/MiniOzoneClusterImpl-8cdb299b-b154-4fd3-af09-aa8d0bad65b8/ozone-meta/datanode-2/ratis/597bc4f1-5f8c-4c7d-80e7-a4bd09ebd6a4 does not exist. Creating ...
2025-02-16 13:03:15,971 [49e1ea80-2a9c-4fc6-9dfd-fcdc1670084a-groupManagement] INFO  storage.RaftStorageDirectory (RaftStorageDirectoryImpl.java:tryLock(229)) - Lock on /home/runner/work/ozone/ozone/hadoop-ozone/integration-test/target/test-dir/MiniOzoneClusterImpl-8cdb299b-b154-4fd3-af09-aa8d0bad65b8/ozone-meta/datanode-2/ratis/597bc4f1-5f8c-4c7d-80e7-a4bd09ebd6a4/in_use.lock acquired by nodename 113671@fv-az1944-819
2025-02-16 13:03:15,973 [49e1ea80-2a9c-4fc6-9dfd-fcdc1670084a-groupManagement] INFO  storage.RaftStorage (RaftStorageImpl.java:format(98)) - Storage directory /home/runner/work/ozone/ozone/hadoop-ozone/integration-test/target/test-dir/MiniOzoneClusterImpl-8cdb299b-b154-4fd3-af09-aa8d0bad65b8/ozone-meta/datanode-2/ratis/597bc4f1-5f8c-4c7d-80e7-a4bd09ebd6a4 has been successfully formatted.
2025-02-16 13:03:15,973 [49e1ea80-2a9c-4fc6-9dfd-fcdc1670084a-groupManagement] INFO  ratis.ContainerStateMachine (ContainerStateMachine.java:initialize(300)) - 49e1ea80-2a9c-4fc6-9dfd-fcdc1670084a: initialize group-A4BD09EBD6A4
2025-02-16 13:03:15,973 [49e1ea80-2a9c-4fc6-9dfd-fcdc1670084a-groupManagement] INFO  ratis.ContainerStateMachine (ContainerStateMachine.java:loadSnapshot(308)) - group-A4BD09EBD6A4: The snapshot info is null. Setting the last applied index to:(t:0, i:~)
2025-02-16 13:03:15,973 [49e1ea80-2a9c-4fc6-9dfd-fcdc1670084a-groupManagement] INFO  server.RaftServerConfigKeys (ConfUtils.java:logGet(46)) - raft.server.log.use.memory = false (default)
2025-02-16 13:03:15,973 [49e1ea80-2a9c-4fc6-9dfd-fcdc1670084a-groupManagement] INFO  server.RaftServerConfigKeys (ConfUtils.java:logGet(46)) - raft.server.log.purge.gap = 1000000 (custom)
2025-02-16 13:03:15,973 [49e1ea80-2a9c-4fc6-9dfd-fcdc1670084a-groupManagement] INFO  server.RaftServerConfigKeys (ConfUtils.java:logGet(46)) - raft.server.log.appender.buffer.byte-limit = 33554432 (custom)
2025-02-16 13:03:15,973 [49e1ea80-2a9c-4fc6-9dfd-fcdc1670084a-groupManagement] INFO  server.RaftServerConfigKeys (ConfUtils.java:logGet(46)) - raft.server.log.statemachine.data.read.timeout = 1000ms (default)
2025-02-16 13:03:15,973 [49e1ea80-2a9c-4fc6-9dfd-fcdc1670084a-groupManagement] INFO  server.RaftServerConfigKeys (ConfUtils.java:logGet(46)) - raft.server.log.purge.preservation.log.num = 0 (default)
2025-02-16 13:03:15,974 [49e1ea80-2a9c-4fc6-9dfd-fcdc1670084a-groupManagement] INFO  server.RaftServerConfigKeys (ConfUtils.java:logGet(46)) - raft.server.log.segment.size.max = 67108864 (custom)
2025-02-16 13:03:15,975 [49e1ea80-2a9c-4fc6-9dfd-fcdc1670084a-groupManagement] INFO  server.RaftServerConfigKeys (ConfUtils.java:logGet(46)) - raft.server.log.segment.cache.num.max = 2 (custom)
2025-02-16 13:03:15,975 [49e1ea80-2a9c-4fc6-9dfd-fcdc1670084a-groupManagement] INFO  server.RaftServerConfigKeys (ConfUtils.java:logGet(46)) - raft.server.log.segment.cache.size.max = 200MB (=209715200) (default)
2025-02-16 13:03:15,975 [49e1ea80-2a9c-4fc6-9dfd-fcdc1670084a-groupManagement] INFO  server.RaftServerConfigKeys (ConfUtils.java:logGet(46)) - raft.server.log.appender.buffer.byte-limit = 33554432 (custom)
2025-02-16 13:03:15,975 [49e1ea80-2a9c-4fc6-9dfd-fcdc1670084a-groupManagement] INFO  util.AwaitToRun (AwaitToRun.java:start(81)) - Thread[#3618,49e1ea80-2a9c-4fc6-9dfd-fcdc1670084a@group-A4BD09EBD6A4-cacheEviction-AwaitToRun,5,main] started
2025-02-16 13:03:15,975 [49e1ea80-2a9c-4fc6-9dfd-fcdc1670084a-groupManagement] INFO  segmented.SegmentedRaftLogWorker (SegmentedRaftLogWorker.java:<init>(188)) - new 49e1ea80-2a9c-4fc6-9dfd-fcdc1670084a@group-A4BD09EBD6A4-SegmentedRaftLogWorker for RaftStorageImpl:Storage Directory /home/runner/work/ozone/ozone/hadoop-ozone/integration-test/target/test-dir/MiniOzoneClusterImpl-8cdb299b-b154-4fd3-af09-aa8d0bad65b8/ozone-meta/datanode-2/ratis/597bc4f1-5f8c-4c7d-80e7-a4bd09ebd6a4
2025-02-16 13:03:15,975 [49e1ea80-2a9c-4fc6-9dfd-fcdc1670084a-groupManagement] INFO  server.RaftServerConfigKeys (ConfUtils.java:logGet(46)) - raft.server.log.queue.byte-limit = 4294967296 (custom)
2025-02-16 13:03:15,975 [49e1ea80-2a9c-4fc6-9dfd-fcdc1670084a-groupManagement] INFO  server.RaftServerConfigKeys (ConfUtils.java:logGet(46)) - raft.server.log.queue.element-limit = 1024 (custom)
2025-02-16 13:03:15,975 [49e1ea80-2a9c-4fc6-9dfd-fcdc1670084a-groupManagement] INFO  server.RaftServerConfigKeys (ConfUtils.java:logGet(46)) - raft.server.log.segment.size.max = 67108864 (custom)
2025-02-16 13:03:15,975 [49e1ea80-2a9c-4fc6-9dfd-fcdc1670084a-groupManagement] INFO  server.RaftServerConfigKeys (ConfUtils.java:logGet(46)) - raft.server.log.preallocated.size = 4194304 (custom)
2025-02-16 13:03:15,975 [49e1ea80-2a9c-4fc6-9dfd-fcdc1670084a-groupManagement] INFO  server.RaftServerConfigKeys (ConfUtils.java:logGet(46)) - raft.server.log.force.sync.num = 128 (default)
2025-02-16 13:03:15,975 [49e1ea80-2a9c-4fc6-9dfd-fcdc1670084a-groupManagement] INFO  server.RaftServerConfigKeys (ConfUtils.java:logGet(46)) - raft.server.log.statemachine.data.sync = true (default)
2025-02-16 13:03:15,975 [49e1ea80-2a9c-4fc6-9dfd-fcdc1670084a-groupManagement] INFO  server.RaftServerConfigKeys (ConfUtils.java:logGet(46)) - raft.server.log.statemachine.data.sync.timeout = 10s (default)
2025-02-16 13:03:15,975 [49e1ea80-2a9c-4fc6-9dfd-fcdc1670084a-groupManagement] INFO  server.RaftServerConfigKeys (ConfUtils.java:logGet(46)) - raft.server.log.statemachine.data.sync.timeout.retry = 30 (custom)
2025-02-16 13:03:15,975 [49e1ea80-2a9c-4fc6-9dfd-fcdc1670084a-groupManagement] INFO  server.RaftServerConfigKeys (ConfUtils.java:logGet(46)) - raft.server.log.write.buffer.size = 33554440 (custom)
2025-02-16 13:03:15,979 [49e1ea80-2a9c-4fc6-9dfd-fcdc1670084a-groupManagement] INFO  server.RaftServerConfigKeys (ConfUtils.java:logGet(46)) - raft.server.log.appender.buffer.byte-limit = 33554432 (custom)
2025-02-16 13:03:15,979 [49e1ea80-2a9c-4fc6-9dfd-fcdc1670084a-groupManagement] INFO  server.RaftServerConfigKeys (ConfUtils.java:logGet(46)) - raft.server.log.unsafe-flush.enabled = false (default)
2025-02-16 13:03:15,979 [49e1ea80-2a9c-4fc6-9dfd-fcdc1670084a-groupManagement] INFO  server.RaftServerConfigKeys (ConfUtils.java:logGet(46)) - raft.server.log.async-flush.enabled = false (default)
2025-02-16 13:03:15,979 [49e1ea80-2a9c-4fc6-9dfd-fcdc1670084a-groupManagement] INFO  server.RaftServerConfigKeys (ConfUtils.java:logGet(46)) - raft.server.log.statemachine.data.caching.enabled = true (custom)
2025-02-16 13:03:15,979 [49e1ea80-2a9c-4fc6-9dfd-fcdc1670084a-groupManagement] INFO  segmented.SegmentedRaftLogWorker (SegmentedRaftLogWorker.java:lambda$new$0(139)) - 49e1ea80-2a9c-4fc6-9dfd-fcdc1670084a@group-A4BD09EBD6A4-SegmentedRaftLogWorker: flushIndex: setUnconditionally 0 -> -1
2025-02-16 13:03:15,979 [49e1ea80-2a9c-4fc6-9dfd-fcdc1670084a-groupManagement] INFO  segmented.SegmentedRaftLogWorker (SegmentedRaftLogWorker.java:lambda$new$0(139)) - 49e1ea80-2a9c-4fc6-9dfd-fcdc1670084a@group-A4BD09EBD6A4-SegmentedRaftLogWorker: safeCacheEvictIndex: setUnconditionally 0 -> -1
2025-02-16 13:03:15,980 [49e1ea80-2a9c-4fc6-9dfd-fcdc1670084a-groupManagement] INFO  server.RaftServer$Division (RaftServerImpl.java:start(391)) - 49e1ea80-2a9c-4fc6-9dfd-fcdc1670084a@group-A4BD09EBD6A4: start as a follower, conf=conf: {index: -1, cur=peers:[49e1ea80-2a9c-4fc6-9dfd-fcdc1670084a|127.0.0.1:15147, 9e04f330-63f7-447c-8500-8939715d6f40|127.0.0.1:15156, b381b084-c55c-4dbb-889c-469a9420fe3b|127.0.0.1:15138]|listeners:[], old=null}
2025-02-16 13:03:15,980 [49e1ea80-2a9c-4fc6-9dfd-fcdc1670084a-groupManagement] INFO  server.RaftServer$Division (RaftServerImpl.java:setRole(378)) - 49e1ea80-2a9c-4fc6-9dfd-fcdc1670084a@group-A4BD09EBD6A4: changes role from      null to FOLLOWER at term 0 for startAsFollower
2025-02-16 13:03:15,980 [49e1ea80-2a9c-4fc6-9dfd-fcdc1670084a-groupManagement] INFO  impl.RoleInfo (RoleInfo.java:updateAndGet(148)) - 49e1ea80-2a9c-4fc6-9dfd-fcdc1670084a: start 49e1ea80-2a9c-4fc6-9dfd-fcdc1670084a@group-A4BD09EBD6A4-FollowerState
2025-02-16 13:03:15,980 [49e1ea80-2a9c-4fc6-9dfd-fcdc1670084a-groupManagement] INFO  util.JmxRegister (JmxRegister.java:tryRegister(44)) - Successfully registered JMX Bean with object name Ratis:service=RaftServer,group=group-A4BD09EBD6A4,id=49e1ea80-2a9c-4fc6-9dfd-fcdc1670084a
2025-02-16 13:03:15,980 [49e1ea80-2a9c-4fc6-9dfd-fcdc1670084a-groupManagement] INFO  util.JmxRegister (JmxRegister.java:register(58)) - register mxBean class org.apache.ratis.server.impl.RaftServerJmxAdapter as Ratis:service=RaftServer,group=group-A4BD09EBD6A4,id=49e1ea80-2a9c-4fc6-9dfd-fcdc1670084a
2025-02-16 13:03:15,980 [49e1ea80-2a9c-4fc6-9dfd-fcdc1670084a-groupManagement] INFO  server.RaftServerConfigKeys (ConfUtils.java:logGet(46)) - raft.server.snapshot.trigger-when-stop.enabled = true (default)
2025-02-16 13:03:15,980 [49e1ea80-2a9c-4fc6-9dfd-fcdc1670084a-groupManagement] INFO  server.RaftServerConfigKeys (ConfUtils.java:logGet(46)) - raft.server.snapshot.trigger-when-remove.enabled = true (default)
2025-02-16 13:03:15,980 [49e1ea80-2a9c-4fc6-9dfd-fcdc1670084a-groupManagement] INFO  server.RaftServerConfigKeys (ConfUtils.java:logGet(46)) - raft.server.snapshot.auto.trigger.enabled = true (custom)
2025-02-16 13:03:15,980 [49e1ea80-2a9c-4fc6-9dfd-fcdc1670084a-groupManagement] INFO  server.RaftServerConfigKeys (ConfUtils.java:logGet(46)) - raft.server.snapshot.auto.trigger.threshold = 100000 (custom)
2025-02-16 13:03:15,980 [49e1ea80-2a9c-4fc6-9dfd-fcdc1670084a-groupManagement] INFO  server.RaftServerConfigKeys (ConfUtils.java:logGet(46)) - raft.server.snapshot.retention.file.num = 5 (custom)
2025-02-16 13:03:15,980 [49e1ea80-2a9c-4fc6-9dfd-fcdc1670084a-groupManagement] INFO  server.RaftServerConfigKeys (ConfUtils.java:logGet(46)) - raft.server.log.purge.upto.snapshot.index = false (default)
2025-02-16 13:03:15,980 [49e1ea80-2a9c-4fc6-9dfd-fcdc1670084a@group-A4BD09EBD6A4-FollowerState] INFO  server.RaftServerConfigKeys (ConfUtils.java:logFallback(53)) - raft.server.rpc.first-election.timeout.min = 5s (fallback to raft.server.rpc.timeout.min)
2025-02-16 13:03:15,981 [49e1ea80-2a9c-4fc6-9dfd-fcdc1670084a@group-A4BD09EBD6A4-FollowerState] INFO  server.RaftServerConfigKeys (ConfUtils.java:logFallback(53)) - raft.server.rpc.first-election.timeout.max = 5200ms (fallback to raft.server.rpc.timeout.max)
2025-02-16 13:03:15,981 [49e1ea80-2a9c-4fc6-9dfd-fcdc1670084a-groupManagement] INFO  server.RaftServer$Division (RaftServerImpl.java:start(405)) - 49e1ea80-2a9c-4fc6-9dfd-fcdc1670084a@group-A4BD09EBD6A4: Successfully started.
2025-02-16 13:03:15,987 [grpc-default-executor-6] INFO  server.RaftServer (RaftServerProxy.java:addNew(100)) - 9e04f330-63f7-447c-8500-8939715d6f40: addNew group-A4BD09EBD6A4:[49e1ea80-2a9c-4fc6-9dfd-fcdc1670084a|127.0.0.1:15147, 9e04f330-63f7-447c-8500-8939715d6f40|127.0.0.1:15156, b381b084-c55c-4dbb-889c-469a9420fe3b|127.0.0.1:15138] returns group-A4BD09EBD6A4:java.util.concurrent.CompletableFuture@6cd8a866[Not completed]
2025-02-16 13:03:15,988 [9e04f330-63f7-447c-8500-8939715d6f40-groupManagement] INFO  server.RaftServer$Division (RaftServerImpl.java:<init>(255)) - 9e04f330-63f7-447c-8500-8939715d6f40: new RaftServerImpl for group-A4BD09EBD6A4:[49e1ea80-2a9c-4fc6-9dfd-fcdc1670084a|127.0.0.1:15147, 9e04f330-63f7-447c-8500-8939715d6f40|127.0.0.1:15156, b381b084-c55c-4dbb-889c-469a9420fe3b|127.0.0.1:15138] with ContainerStateMachine:uninitialized
2025-02-16 13:03:15,988 [9e04f330-63f7-447c-8500-8939715d6f40-groupManagement] INFO  server.RaftServerConfigKeys (ConfUtils.java:logGet(46)) - raft.server.rpc.timeout.min = 5s (custom)
2025-02-16 13:03:15,988 [9e04f330-63f7-447c-8500-8939715d6f40-groupManagement] INFO  server.RaftServerConfigKeys (ConfUtils.java:logGet(46)) - raft.server.rpc.timeout.max = 5200ms (custom)
2025-02-16 13:03:15,988 [9e04f330-63f7-447c-8500-8939715d6f40-groupManagement] INFO  server.RaftServerConfigKeys (ConfUtils.java:logGet(46)) - raft.server.rpc.sleep.time = 25ms (default)
2025-02-16 13:03:15,988 [9e04f330-63f7-447c-8500-8939715d6f40-groupManagement] INFO  server.RaftServerConfigKeys (ConfUtils.java:logGet(46)) - raft.server.rpc.slowness.timeout = 300s (custom)
2025-02-16 13:03:15,988 [9e04f330-63f7-447c-8500-8939715d6f40-groupManagement] INFO  server.RaftServerConfigKeys (ConfUtils.java:logGet(46)) - raft.server.leaderelection.leader.step-down.wait-time = 10s (default)
2025-02-16 13:03:15,988 [9e04f330-63f7-447c-8500-8939715d6f40-groupManagement] INFO  server.RaftServerConfigKeys (ConfUtils.java:logGet(46)) - raft.server.leaderelection.member.majority-add = false (default)
2025-02-16 13:03:15,988 [9e04f330-63f7-447c-8500-8939715d6f40-groupManagement] INFO  server.RaftServerConfigKeys (ConfUtils.java:logGet(46)) - raft.server.sleep.deviation.threshold = 300ms (default)
2025-02-16 13:03:15,988 [9e04f330-63f7-447c-8500-8939715d6f40-groupManagement] INFO  server.RaftServer$Division (ServerState.java:<init>(114)) - 9e04f330-63f7-447c-8500-8939715d6f40@group-A4BD09EBD6A4: ConfigurationManager, init=conf: {index: -1, cur=peers:[49e1ea80-2a9c-4fc6-9dfd-fcdc1670084a|127.0.0.1:15147, 9e04f330-63f7-447c-8500-8939715d6f40|127.0.0.1:15156, b381b084-c55c-4dbb-889c-469a9420fe3b|127.0.0.1:15138]|listeners:[], old=null}, confs=<EMPTY_MAP>
2025-02-16 13:03:15,988 [9e04f330-63f7-447c-8500-8939715d6f40-groupManagement] INFO  server.RaftServerConfigKeys (ConfUtils.java:logGet(46)) - raft.server.notification.no-leader.timeout = 300s (custom)
2025-02-16 13:03:15,988 [9e04f330-63f7-447c-8500-8939715d6f40-groupManagement] INFO  server.RaftServerConfigKeys (ConfUtils.java:logGet(46)) - raft.server.read.timeout = 10s (default)
2025-02-16 13:03:15,988 [9e04f330-63f7-447c-8500-8939715d6f40-groupManagement] INFO  server.RaftServerConfigKeys (ConfUtils.java:logGet(46)) - raft.server.retrycache.expirytime = 600000ms (custom)
2025-02-16 13:03:15,988 [9e04f330-63f7-447c-8500-8939715d6f40-groupManagement] INFO  server.RaftServerConfigKeys (ConfUtils.java:logGet(46)) - raft.server.retrycache.statistics.expirytime = 100ms (default)
2025-02-16 13:03:15,988 [9e04f330-63f7-447c-8500-8939715d6f40-groupManagement] INFO  server.RaftServerConfigKeys (ConfUtils.java:logGet(46)) - raft.server.read.option = DEFAULT (default)
2025-02-16 13:03:15,988 [9e04f330-63f7-447c-8500-8939715d6f40-groupManagement] INFO  server.RaftServerConfigKeys (ConfUtils.java:logGet(46)) - raft.server.read.read-after-write-consistent.write-index-cache.expiry-time = 60s (default)
2025-02-16 13:03:15,990 [9e04f330-63f7-447c-8500-8939715d6f40-groupManagement] INFO  server.RaftServerConfigKeys (ConfUtils.java:logGet(46)) - raft.server.rpc.request.timeout = 60s (custom)
2025-02-16 13:03:15,990 [9e04f330-63f7-447c-8500-8939715d6f40-groupManagement] INFO  server.RaftServerConfigKeys (ConfUtils.java:logGet(46)) - raft.server.log.appender.install.snapshot.enabled = false (custom)
2025-02-16 13:03:15,990 [9e04f330-63f7-447c-8500-8939715d6f40-groupManagement] INFO  server.RaftServerConfigKeys (ConfUtils.java:logGet(46)) - raft.server.threadpool.server.cached = true (default)
2025-02-16 13:03:15,990 [9e04f330-63f7-447c-8500-8939715d6f40-groupManagement] INFO  server.RaftServerConfigKeys (ConfUtils.java:logGet(46)) - raft.server.threadpool.server.size = 0 (default)
2025-02-16 13:03:15,990 [9e04f330-63f7-447c-8500-8939715d6f40-groupManagement] INFO  server.RaftServerConfigKeys (ConfUtils.java:logGet(46)) - raft.server.threadpool.client.cached = true (default)
2025-02-16 13:03:15,990 [9e04f330-63f7-447c-8500-8939715d6f40-groupManagement] INFO  server.RaftServerConfigKeys (ConfUtils.java:logGet(46)) - raft.server.threadpool.client.size = 0 (default)
2025-02-16 13:03:15,990 [9e04f330-63f7-447c-8500-8939715d6f40-groupManagement] INFO  server.RaftServerConfigKeys (ConfUtils.java:logGet(46)) - raft.server.storage.free-space.min = 0MB (=0) (default)
2025-02-16 13:03:15,990 [9e04f330-63f7-447c-8500-8939715d6f40-groupManagement] INFO  server.RaftServerConfigKeys (ConfUtils.java:logGet(46)) - raft.server.log.corruption.policy = EXCEPTION (default)
2025-02-16 13:03:15,990 [9e04f330-63f7-447c-8500-8939715d6f40-groupManagement] INFO  server.RaftServerConfigKeys (ConfUtils.java:logGet(46)) - raft.server.storage.dir = [/home/runner/work/ozone/ozone/hadoop-ozone/integration-test/target/test-dir/MiniOzoneClusterImpl-8cdb299b-b154-4fd3-af09-aa8d0bad65b8/ozone-meta/datanode-3/ratis] (custom)
2025-02-16 13:03:15,990 [9e04f330-63f7-447c-8500-8939715d6f40-groupManagement] INFO  storage.RaftStorageDirectory (RaftStorageDirectoryImpl.java:analyzeStorage(138)) - The storage directory /home/runner/work/ozone/ozone/hadoop-ozone/integration-test/target/test-dir/MiniOzoneClusterImpl-8cdb299b-b154-4fd3-af09-aa8d0bad65b8/ozone-meta/datanode-3/ratis/597bc4f1-5f8c-4c7d-80e7-a4bd09ebd6a4 does not exist. Creating ...
2025-02-16 13:03:15,992 [9e04f330-63f7-447c-8500-8939715d6f40-groupManagement] INFO  storage.RaftStorageDirectory (RaftStorageDirectoryImpl.java:tryLock(229)) - Lock on /home/runner/work/ozone/ozone/hadoop-ozone/integration-test/target/test-dir/MiniOzoneClusterImpl-8cdb299b-b154-4fd3-af09-aa8d0bad65b8/ozone-meta/datanode-3/ratis/597bc4f1-5f8c-4c7d-80e7-a4bd09ebd6a4/in_use.lock acquired by nodename 113671@fv-az1944-819
2025-02-16 13:03:15,992 [9e04f330-63f7-447c-8500-8939715d6f40-groupManagement] INFO  storage.RaftStorage (RaftStorageImpl.java:format(98)) - Storage directory /home/runner/work/ozone/ozone/hadoop-ozone/integration-test/target/test-dir/MiniOzoneClusterImpl-8cdb299b-b154-4fd3-af09-aa8d0bad65b8/ozone-meta/datanode-3/ratis/597bc4f1-5f8c-4c7d-80e7-a4bd09ebd6a4 has been successfully formatted.
2025-02-16 13:03:15,993 [9e04f330-63f7-447c-8500-8939715d6f40-groupManagement] INFO  ratis.ContainerStateMachine (ContainerStateMachine.java:initialize(300)) - 9e04f330-63f7-447c-8500-8939715d6f40: initialize group-A4BD09EBD6A4
2025-02-16 13:03:15,993 [9e04f330-63f7-447c-8500-8939715d6f40-groupManagement] INFO  ratis.ContainerStateMachine (ContainerStateMachine.java:loadSnapshot(308)) - group-A4BD09EBD6A4: The snapshot info is null. Setting the last applied index to:(t:0, i:~)
2025-02-16 13:03:15,993 [9e04f330-63f7-447c-8500-8939715d6f40-groupManagement] INFO  server.RaftServerConfigKeys (ConfUtils.java:logGet(46)) - raft.server.log.use.memory = false (default)
2025-02-16 13:03:15,993 [9e04f330-63f7-447c-8500-8939715d6f40-groupManagement] INFO  server.RaftServerConfigKeys (ConfUtils.java:logGet(46)) - raft.server.log.purge.gap = 1000000 (custom)
2025-02-16 13:03:15,993 [9e04f330-63f7-447c-8500-8939715d6f40-groupManagement] INFO  server.RaftServerConfigKeys (ConfUtils.java:logGet(46)) - raft.server.log.appender.buffer.byte-limit = 33554432 (custom)
2025-02-16 13:03:15,993 [9e04f330-63f7-447c-8500-8939715d6f40-groupManagement] INFO  server.RaftServerConfigKeys (ConfUtils.java:logGet(46)) - raft.server.log.statemachine.data.read.timeout = 1000ms (default)
2025-02-16 13:03:15,993 [9e04f330-63f7-447c-8500-8939715d6f40-groupManagement] INFO  server.RaftServerConfigKeys (ConfUtils.java:logGet(46)) - raft.server.log.purge.preservation.log.num = 0 (default)
2025-02-16 13:03:15,994 [9e04f330-63f7-447c-8500-8939715d6f40-groupManagement] INFO  server.RaftServerConfigKeys (ConfUtils.java:logGet(46)) - raft.server.log.segment.size.max = 67108864 (custom)
2025-02-16 13:03:15,995 [9e04f330-63f7-447c-8500-8939715d6f40-groupManagement] INFO  server.RaftServerConfigKeys (ConfUtils.java:logGet(46)) - raft.server.log.segment.cache.num.max = 2 (custom)
2025-02-16 13:03:15,995 [9e04f330-63f7-447c-8500-8939715d6f40-groupManagement] INFO  server.RaftServerConfigKeys (ConfUtils.java:logGet(46)) - raft.server.log.segment.cache.size.max = 200MB (=209715200) (default)
2025-02-16 13:03:15,995 [9e04f330-63f7-447c-8500-8939715d6f40-groupManagement] INFO  server.RaftServerConfigKeys (ConfUtils.java:logGet(46)) - raft.server.log.appender.buffer.byte-limit = 33554432 (custom)
2025-02-16 13:03:15,995 [9e04f330-63f7-447c-8500-8939715d6f40-groupManagement] INFO  util.AwaitToRun (AwaitToRun.java:start(81)) - Thread[#3626,9e04f330-63f7-447c-8500-8939715d6f40@group-A4BD09EBD6A4-cacheEviction-AwaitToRun,5,main] started
2025-02-16 13:03:15,995 [9e04f330-63f7-447c-8500-8939715d6f40-groupManagement] INFO  segmented.SegmentedRaftLogWorker (SegmentedRaftLogWorker.java:<init>(188)) - new 9e04f330-63f7-447c-8500-8939715d6f40@group-A4BD09EBD6A4-SegmentedRaftLogWorker for RaftStorageImpl:Storage Directory /home/runner/work/ozone/ozone/hadoop-ozone/integration-test/target/test-dir/MiniOzoneClusterImpl-8cdb299b-b154-4fd3-af09-aa8d0bad65b8/ozone-meta/datanode-3/ratis/597bc4f1-5f8c-4c7d-80e7-a4bd09ebd6a4
2025-02-16 13:03:15,995 [9e04f330-63f7-447c-8500-8939715d6f40-groupManagement] INFO  server.RaftServerConfigKeys (ConfUtils.java:logGet(46)) - raft.server.log.queue.byte-limit = 4294967296 (custom)
2025-02-16 13:03:15,995 [9e04f330-63f7-447c-8500-8939715d6f40-groupManagement] INFO  server.RaftServerConfigKeys (ConfUtils.java:logGet(46)) - raft.server.log.queue.element-limit = 1024 (custom)
2025-02-16 13:03:15,995 [9e04f330-63f7-447c-8500-8939715d6f40-groupManagement] INFO  server.RaftServerConfigKeys (ConfUtils.java:logGet(46)) - raft.server.log.segment.size.max = 67108864 (custom)
2025-02-16 13:03:15,995 [9e04f330-63f7-447c-8500-8939715d6f40-groupManagement] INFO  server.RaftServerConfigKeys (ConfUtils.java:logGet(46)) - raft.server.log.preallocated.size = 4194304 (custom)
2025-02-16 13:03:15,995 [9e04f330-63f7-447c-8500-8939715d6f40-groupManagement] INFO  server.RaftServerConfigKeys (ConfUtils.java:logGet(46)) - raft.server.log.force.sync.num = 128 (default)
2025-02-16 13:03:15,995 [9e04f330-63f7-447c-8500-8939715d6f40-groupManagement] INFO  server.RaftServerConfigKeys (ConfUtils.java:logGet(46)) - raft.server.log.statemachine.data.sync = true (default)
2025-02-16 13:03:15,995 [9e04f330-63f7-447c-8500-8939715d6f40-groupManagement] INFO  server.RaftServerConfigKeys (ConfUtils.java:logGet(46)) - raft.server.log.statemachine.data.sync.timeout = 10s (default)
2025-02-16 13:03:15,995 [9e04f330-63f7-447c-8500-8939715d6f40-groupManagement] INFO  server.RaftServerConfigKeys (ConfUtils.java:logGet(46)) - raft.server.log.statemachine.data.sync.timeout.retry = 30 (custom)
2025-02-16 13:03:15,996 [9e04f330-63f7-447c-8500-8939715d6f40-groupManagement] INFO  server.RaftServerConfigKeys (ConfUtils.java:logGet(46)) - raft.server.log.write.buffer.size = 33554440 (custom)
2025-02-16 13:03:15,999 [9e04f330-63f7-447c-8500-8939715d6f40-groupManagement] INFO  server.RaftServerConfigKeys (ConfUtils.java:logGet(46)) - raft.server.log.appender.buffer.byte-limit = 33554432 (custom)
2025-02-16 13:03:15,999 [9e04f330-63f7-447c-8500-8939715d6f40-groupManagement] INFO  server.RaftServerConfigKeys (ConfUtils.java:logGet(46)) - raft.server.log.unsafe-flush.enabled = false (default)
2025-02-16 13:03:15,999 [9e04f330-63f7-447c-8500-8939715d6f40-groupManagement] INFO  server.RaftServerConfigKeys (ConfUtils.java:logGet(46)) - raft.server.log.async-flush.enabled = false (default)
2025-02-16 13:03:15,999 [9e04f330-63f7-447c-8500-8939715d6f40-groupManagement] INFO  server.RaftServerConfigKeys (ConfUtils.java:logGet(46)) - raft.server.log.statemachine.data.caching.enabled = true (custom)
2025-02-16 13:03:15,999 [9e04f330-63f7-447c-8500-8939715d6f40-groupManagement] INFO  segmented.SegmentedRaftLogWorker (SegmentedRaftLogWorker.java:lambda$new$0(139)) - 9e04f330-63f7-447c-8500-8939715d6f40@group-A4BD09EBD6A4-SegmentedRaftLogWorker: flushIndex: setUnconditionally 0 -> -1
2025-02-16 13:03:16,000 [9e04f330-63f7-447c-8500-8939715d6f40-groupManagement] INFO  segmented.SegmentedRaftLogWorker (SegmentedRaftLogWorker.java:lambda$new$0(139)) - 9e04f330-63f7-447c-8500-8939715d6f40@group-A4BD09EBD6A4-SegmentedRaftLogWorker: safeCacheEvictIndex: setUnconditionally 0 -> -1
2025-02-16 13:03:16,000 [9e04f330-63f7-447c-8500-8939715d6f40-groupManagement] INFO  server.RaftServer$Division (RaftServerImpl.java:start(391)) - 9e04f330-63f7-447c-8500-8939715d6f40@group-A4BD09EBD6A4: start as a follower, conf=conf: {index: -1, cur=peers:[49e1ea80-2a9c-4fc6-9dfd-fcdc1670084a|127.0.0.1:15147, 9e04f330-63f7-447c-8500-8939715d6f40|127.0.0.1:15156, b381b084-c55c-4dbb-889c-469a9420fe3b|127.0.0.1:15138]|listeners:[], old=null}
2025-02-16 13:03:16,000 [9e04f330-63f7-447c-8500-8939715d6f40-groupManagement] INFO  server.RaftServer$Division (RaftServerImpl.java:setRole(378)) - 9e04f330-63f7-447c-8500-8939715d6f40@group-A4BD09EBD6A4: changes role from      null to FOLLOWER at term 0 for startAsFollower
2025-02-16 13:03:16,000 [9e04f330-63f7-447c-8500-8939715d6f40-groupManagement] INFO  impl.RoleInfo (RoleInfo.java:updateAndGet(148)) - 9e04f330-63f7-447c-8500-8939715d6f40: start 9e04f330-63f7-447c-8500-8939715d6f40@group-A4BD09EBD6A4-FollowerState
2025-02-16 13:03:16,000 [9e04f330-63f7-447c-8500-8939715d6f40-groupManagement] INFO  util.JmxRegister (JmxRegister.java:tryRegister(44)) - Successfully registered JMX Bean with object name Ratis:service=RaftServer,group=group-A4BD09EBD6A4,id=9e04f330-63f7-447c-8500-8939715d6f40
2025-02-16 13:03:16,000 [9e04f330-63f7-447c-8500-8939715d6f40@group-A4BD09EBD6A4-FollowerState] INFO  server.RaftServerConfigKeys (ConfUtils.java:logFallback(53)) - raft.server.rpc.first-election.timeout.min = 5s (fallback to raft.server.rpc.timeout.min)
2025-02-16 13:03:16,000 [9e04f330-63f7-447c-8500-8939715d6f40-groupManagement] INFO  util.JmxRegister (JmxRegister.java:register(58)) - register mxBean class org.apache.ratis.server.impl.RaftServerJmxAdapter as Ratis:service=RaftServer,group=group-A4BD09EBD6A4,id=9e04f330-63f7-447c-8500-8939715d6f40
2025-02-16 13:03:16,000 [9e04f330-63f7-447c-8500-8939715d6f40@group-A4BD09EBD6A4-FollowerState] INFO  server.RaftServerConfigKeys (ConfUtils.java:logFallback(53)) - raft.server.rpc.first-election.timeout.max = 5200ms (fallback to raft.server.rpc.timeout.max)
2025-02-16 13:03:16,000 [9e04f330-63f7-447c-8500-8939715d6f40-groupManagement] INFO  server.RaftServerConfigKeys (ConfUtils.java:logGet(46)) - raft.server.snapshot.trigger-when-stop.enabled = true (default)
2025-02-16 13:03:16,001 [9e04f330-63f7-447c-8500-8939715d6f40-groupManagement] INFO  server.RaftServerConfigKeys (ConfUtils.java:logGet(46)) - raft.server.snapshot.trigger-when-remove.enabled = true (default)
2025-02-16 13:03:16,001 [9e04f330-63f7-447c-8500-8939715d6f40-groupManagement] INFO  server.RaftServerConfigKeys (ConfUtils.java:logGet(46)) - raft.server.snapshot.auto.trigger.enabled = true (custom)
2025-02-16 13:03:16,001 [9e04f330-63f7-447c-8500-8939715d6f40-groupManagement] INFO  server.RaftServerConfigKeys (ConfUtils.java:logGet(46)) - raft.server.snapshot.auto.trigger.threshold = 100000 (custom)
2025-02-16 13:03:16,001 [9e04f330-63f7-447c-8500-8939715d6f40-groupManagement] INFO  server.RaftServerConfigKeys (ConfUtils.java:logGet(46)) - raft.server.snapshot.retention.file.num = 5 (custom)
2025-02-16 13:03:16,001 [9e04f330-63f7-447c-8500-8939715d6f40-groupManagement] INFO  server.RaftServerConfigKeys (ConfUtils.java:logGet(46)) - raft.server.log.purge.upto.snapshot.index = false (default)
2025-02-16 13:03:16,001 [9e04f330-63f7-447c-8500-8939715d6f40-groupManagement] INFO  server.RaftServer$Division (RaftServerImpl.java:start(405)) - 9e04f330-63f7-447c-8500-8939715d6f40@group-A4BD09EBD6A4: Successfully started.
2025-02-16 13:03:16,003 [b381b084-c55c-4dbb-889c-469a9420fe3b-PipelineCommandHandlerThread-0] INFO  commandhandler.CreatePipelineCommandHandler (CreatePipelineCommandHandler.java:lambda$handle$2(128)) - Created Pipeline RATIS THREE PipelineID=597bc4f1-5f8c-4c7d-80e7-a4bd09ebd6a4.
2025-02-16 13:03:16,003 [b381b084-c55c-4dbb-889c-469a9420fe3b-PipelineCommandHandlerThread-0] INFO  server.RaftServer (RaftServerProxy.java:addNew(100)) - b381b084-c55c-4dbb-889c-469a9420fe3b: addNew group-E6A5FEE08FEB:[49e1ea80-2a9c-4fc6-9dfd-fcdc1670084a|127.0.0.1:15147, 9e04f330-63f7-447c-8500-8939715d6f40|127.0.0.1:15156, b381b084-c55c-4dbb-889c-469a9420fe3b|127.0.0.1:15138] returns group-E6A5FEE08FEB:java.util.concurrent.CompletableFuture@242fe41f[Not completed]
2025-02-16 13:03:16,004 [b381b084-c55c-4dbb-889c-469a9420fe3b-groupManagement] INFO  server.RaftServer$Division (RaftServerImpl.java:<init>(255)) - b381b084-c55c-4dbb-889c-469a9420fe3b: new RaftServerImpl for group-E6A5FEE08FEB:[49e1ea80-2a9c-4fc6-9dfd-fcdc1670084a|127.0.0.1:15147, 9e04f330-63f7-447c-8500-8939715d6f40|127.0.0.1:15156, b381b084-c55c-4dbb-889c-469a9420fe3b|127.0.0.1:15138] with ContainerStateMachine:uninitialized
2025-02-16 13:03:16,004 [b381b084-c55c-4dbb-889c-469a9420fe3b-groupManagement] INFO  server.RaftServerConfigKeys (ConfUtils.java:logGet(46)) - raft.server.rpc.timeout.min = 5s (custom)
2025-02-16 13:03:16,004 [b381b084-c55c-4dbb-889c-469a9420fe3b-groupManagement] INFO  server.RaftServerConfigKeys (ConfUtils.java:logGet(46)) - raft.server.rpc.timeout.max = 5200ms (custom)
2025-02-16 13:03:16,004 [b381b084-c55c-4dbb-889c-469a9420fe3b-groupManagement] INFO  server.RaftServerConfigKeys (ConfUtils.java:logGet(46)) - raft.server.rpc.sleep.time = 25ms (default)
2025-02-16 13:03:16,004 [b381b084-c55c-4dbb-889c-469a9420fe3b-groupManagement] INFO  server.RaftServerConfigKeys (ConfUtils.java:logGet(46)) - raft.server.rpc.slowness.timeout = 300s (custom)
2025-02-16 13:03:16,004 [b381b084-c55c-4dbb-889c-469a9420fe3b-groupManagement] INFO  server.RaftServerConfigKeys (ConfUtils.java:logGet(46)) - raft.server.leaderelection.leader.step-down.wait-time = 10s (default)
2025-02-16 13:03:16,004 [b381b084-c55c-4dbb-889c-469a9420fe3b-groupManagement] INFO  server.RaftServerConfigKeys (ConfUtils.java:logGet(46)) - raft.server.leaderelection.member.majority-add = false (default)
2025-02-16 13:03:16,004 [b381b084-c55c-4dbb-889c-469a9420fe3b-groupManagement] INFO  server.RaftServerConfigKeys (ConfUtils.java:logGet(46)) - raft.server.sleep.deviation.threshold = 300ms (default)
2025-02-16 13:03:16,004 [b381b084-c55c-4dbb-889c-469a9420fe3b-groupManagement] INFO  server.RaftServer$Division (ServerState.java:<init>(114)) - b381b084-c55c-4dbb-889c-469a9420fe3b@group-E6A5FEE08FEB: ConfigurationManager, init=conf: {index: -1, cur=peers:[49e1ea80-2a9c-4fc6-9dfd-fcdc1670084a|127.0.0.1:15147, 9e04f330-63f7-447c-8500-8939715d6f40|127.0.0.1:15156, b381b084-c55c-4dbb-889c-469a9420fe3b|127.0.0.1:15138]|listeners:[], old=null}, confs=<EMPTY_MAP>
2025-02-16 13:03:16,005 [b381b084-c55c-4dbb-889c-469a9420fe3b-groupManagement] INFO  server.RaftServerConfigKeys (ConfUtils.java:logGet(46)) - raft.server.notification.no-leader.timeout = 300s (custom)
2025-02-16 13:03:16,005 [b381b084-c55c-4dbb-889c-469a9420fe3b-groupManagement] INFO  server.RaftServerConfigKeys (ConfUtils.java:logGet(46)) - raft.server.read.timeout = 10s (default)
2025-02-16 13:03:16,005 [b381b084-c55c-4dbb-889c-469a9420fe3b-groupManagement] INFO  server.RaftServerConfigKeys (ConfUtils.java:logGet(46)) - raft.server.retrycache.expirytime = 600000ms (custom)
2025-02-16 13:03:16,005 [b381b084-c55c-4dbb-889c-469a9420fe3b-groupManagement] INFO  server.RaftServerConfigKeys (ConfUtils.java:logGet(46)) - raft.server.retrycache.statistics.expirytime = 100ms (default)
2025-02-16 13:03:16,005 [b381b084-c55c-4dbb-889c-469a9420fe3b-groupManagement] INFO  server.RaftServerConfigKeys (ConfUtils.java:logGet(46)) - raft.server.read.option = DEFAULT (default)
2025-02-16 13:03:16,005 [b381b084-c55c-4dbb-889c-469a9420fe3b-groupManagement] INFO  server.RaftServerConfigKeys (ConfUtils.java:logGet(46)) - raft.server.read.read-after-write-consistent.write-index-cache.expiry-time = 60s (default)
2025-02-16 13:03:16,006 [b381b084-c55c-4dbb-889c-469a9420fe3b-groupManagement] INFO  server.RaftServerConfigKeys (ConfUtils.java:logGet(46)) - raft.server.rpc.request.timeout = 60s (custom)
2025-02-16 13:03:16,006 [b381b084-c55c-4dbb-889c-469a9420fe3b-groupManagement] INFO  server.RaftServerConfigKeys (ConfUtils.java:logGet(46)) - raft.server.log.appender.install.snapshot.enabled = false (custom)
2025-02-16 13:03:16,006 [b381b084-c55c-4dbb-889c-469a9420fe3b-groupManagement] INFO  server.RaftServerConfigKeys (ConfUtils.java:logGet(46)) - raft.server.threadpool.server.cached = true (default)
2025-02-16 13:03:16,006 [b381b084-c55c-4dbb-889c-469a9420fe3b-groupManagement] INFO  server.RaftServerConfigKeys (ConfUtils.java:logGet(46)) - raft.server.threadpool.server.size = 0 (default)
2025-02-16 13:03:16,006 [b381b084-c55c-4dbb-889c-469a9420fe3b-groupManagement] INFO  server.RaftServerConfigKeys (ConfUtils.java:logGet(46)) - raft.server.threadpool.client.cached = true (default)
2025-02-16 13:03:16,007 [b381b084-c55c-4dbb-889c-469a9420fe3b-groupManagement] INFO  server.RaftServerConfigKeys (ConfUtils.java:logGet(46)) - raft.server.threadpool.client.size = 0 (default)
2025-02-16 13:03:16,007 [b381b084-c55c-4dbb-889c-469a9420fe3b-groupManagement] INFO  server.RaftServerConfigKeys (ConfUtils.java:logGet(46)) - raft.server.storage.free-space.min = 0MB (=0) (default)
2025-02-16 13:03:16,007 [b381b084-c55c-4dbb-889c-469a9420fe3b-groupManagement] INFO  server.RaftServerConfigKeys (ConfUtils.java:logGet(46)) - raft.server.log.corruption.policy = EXCEPTION (default)
2025-02-16 13:03:16,007 [b381b084-c55c-4dbb-889c-469a9420fe3b-groupManagement] INFO  server.RaftServerConfigKeys (ConfUtils.java:logGet(46)) - raft.server.storage.dir = [/home/runner/work/ozone/ozone/hadoop-ozone/integration-test/target/test-dir/MiniOzoneClusterImpl-8cdb299b-b154-4fd3-af09-aa8d0bad65b8/ozone-meta/datanode-1/ratis] (custom)
2025-02-16 13:03:16,007 [b381b084-c55c-4dbb-889c-469a9420fe3b-groupManagement] INFO  storage.RaftStorageDirectory (RaftStorageDirectoryImpl.java:analyzeStorage(138)) - The storage directory /home/runner/work/ozone/ozone/hadoop-ozone/integration-test/target/test-dir/MiniOzoneClusterImpl-8cdb299b-b154-4fd3-af09-aa8d0bad65b8/ozone-meta/datanode-1/ratis/f52a4d2f-60f5-4844-bc3c-e6a5fee08feb does not exist. Creating ...
2025-02-16 13:03:16,008 [b381b084-c55c-4dbb-889c-469a9420fe3b-groupManagement] INFO  storage.RaftStorageDirectory (RaftStorageDirectoryImpl.java:tryLock(229)) - Lock on /home/runner/work/ozone/ozone/hadoop-ozone/integration-test/target/test-dir/MiniOzoneClusterImpl-8cdb299b-b154-4fd3-af09-aa8d0bad65b8/ozone-meta/datanode-1/ratis/f52a4d2f-60f5-4844-bc3c-e6a5fee08feb/in_use.lock acquired by nodename 113671@fv-az1944-819
2025-02-16 13:03:16,009 [b381b084-c55c-4dbb-889c-469a9420fe3b-groupManagement] INFO  storage.RaftStorage (RaftStorageImpl.java:format(98)) - Storage directory /home/runner/work/ozone/ozone/hadoop-ozone/integration-test/target/test-dir/MiniOzoneClusterImpl-8cdb299b-b154-4fd3-af09-aa8d0bad65b8/ozone-meta/datanode-1/ratis/f52a4d2f-60f5-4844-bc3c-e6a5fee08feb has been successfully formatted.
2025-02-16 13:03:16,009 [b381b084-c55c-4dbb-889c-469a9420fe3b-groupManagement] INFO  ratis.ContainerStateMachine (ContainerStateMachine.java:initialize(300)) - b381b084-c55c-4dbb-889c-469a9420fe3b: initialize group-E6A5FEE08FEB
2025-02-16 13:03:16,009 [b381b084-c55c-4dbb-889c-469a9420fe3b-groupManagement] INFO  ratis.ContainerStateMachine (ContainerStateMachine.java:loadSnapshot(308)) - group-E6A5FEE08FEB: The snapshot info is null. Setting the last applied index to:(t:0, i:~)
2025-02-16 13:03:16,009 [b381b084-c55c-4dbb-889c-469a9420fe3b-groupManagement] INFO  server.RaftServerConfigKeys (ConfUtils.java:logGet(46)) - raft.server.log.use.memory = false (default)
2025-02-16 13:03:16,009 [b381b084-c55c-4dbb-889c-469a9420fe3b-groupManagement] INFO  server.RaftServerConfigKeys (ConfUtils.java:logGet(46)) - raft.server.log.purge.gap = 1000000 (custom)
2025-02-16 13:03:16,009 [b381b084-c55c-4dbb-889c-469a9420fe3b-groupManagement] INFO  server.RaftServerConfigKeys (ConfUtils.java:logGet(46)) - raft.server.log.appender.buffer.byte-limit = 33554432 (custom)
2025-02-16 13:03:16,009 [b381b084-c55c-4dbb-889c-469a9420fe3b-groupManagement] INFO  server.RaftServerConfigKeys (ConfUtils.java:logGet(46)) - raft.server.log.statemachine.data.read.timeout = 1000ms (default)
2025-02-16 13:03:16,009 [b381b084-c55c-4dbb-889c-469a9420fe3b-groupManagement] INFO  server.RaftServerConfigKeys (ConfUtils.java:logGet(46)) - raft.server.log.purge.preservation.log.num = 0 (default)
2025-02-16 13:03:16,010 [scmNode-1-EventQueue-OpenPipelineForHealthyPipelineSafeModeRule] INFO  safemode.SCMSafeModeManager (HealthyPipelineSafeModeRule.java:process(141)) - SCM in safe mode. Healthy pipelines reported count is 0, required healthy pipeline reported count is 1
2025-02-16 13:03:16,010 [b381b084-c55c-4dbb-889c-469a9420fe3b-groupManagement] INFO  server.RaftServerConfigKeys (ConfUtils.java:logGet(46)) - raft.server.log.segment.size.max = 67108864 (custom)
2025-02-16 13:03:16,011 [b381b084-c55c-4dbb-889c-469a9420fe3b-groupManagement] INFO  server.RaftServerConfigKeys (ConfUtils.java:logGet(46)) - raft.server.log.segment.cache.num.max = 2 (custom)
2025-02-16 13:03:16,011 [b381b084-c55c-4dbb-889c-469a9420fe3b-groupManagement] INFO  server.RaftServerConfigKeys (ConfUtils.java:logGet(46)) - raft.server.log.segment.cache.size.max = 200MB (=209715200) (default)
2025-02-16 13:03:16,011 [b381b084-c55c-4dbb-889c-469a9420fe3b-groupManagement] INFO  server.RaftServerConfigKeys (ConfUtils.java:logGet(46)) - raft.server.log.appender.buffer.byte-limit = 33554432 (custom)
2025-02-16 13:03:16,011 [b381b084-c55c-4dbb-889c-469a9420fe3b-groupManagement] INFO  util.AwaitToRun (AwaitToRun.java:start(81)) - Thread[#3633,b381b084-c55c-4dbb-889c-469a9420fe3b@group-E6A5FEE08FEB-cacheEviction-AwaitToRun,5,main] started
2025-02-16 13:03:16,011 [b381b084-c55c-4dbb-889c-469a9420fe3b-groupManagement] INFO  segmented.SegmentedRaftLogWorker (SegmentedRaftLogWorker.java:<init>(188)) - new b381b084-c55c-4dbb-889c-469a9420fe3b@group-E6A5FEE08FEB-SegmentedRaftLogWorker for RaftStorageImpl:Storage Directory /home/runner/work/ozone/ozone/hadoop-ozone/integration-test/target/test-dir/MiniOzoneClusterImpl-8cdb299b-b154-4fd3-af09-aa8d0bad65b8/ozone-meta/datanode-1/ratis/f52a4d2f-60f5-4844-bc3c-e6a5fee08feb
2025-02-16 13:03:16,011 [b381b084-c55c-4dbb-889c-469a9420fe3b-groupManagement] INFO  server.RaftServerConfigKeys (ConfUtils.java:logGet(46)) - raft.server.log.queue.byte-limit = 4294967296 (custom)
2025-02-16 13:03:16,011 [b381b084-c55c-4dbb-889c-469a9420fe3b-groupManagement] INFO  server.RaftServerConfigKeys (ConfUtils.java:logGet(46)) - raft.server.log.queue.element-limit = 1024 (custom)
2025-02-16 13:03:16,011 [b381b084-c55c-4dbb-889c-469a9420fe3b-groupManagement] INFO  server.RaftServerConfigKeys (ConfUtils.java:logGet(46)) - raft.server.log.segment.size.max = 67108864 (custom)
2025-02-16 13:03:16,011 [b381b084-c55c-4dbb-889c-469a9420fe3b-groupManagement] INFO  server.RaftServerConfigKeys (ConfUtils.java:logGet(46)) - raft.server.log.preallocated.size = 4194304 (custom)
2025-02-16 13:03:16,012 [b381b084-c55c-4dbb-889c-469a9420fe3b-groupManagement] INFO  server.RaftServerConfigKeys (ConfUtils.java:logGet(46)) - raft.server.log.force.sync.num = 128 (default)
2025-02-16 13:03:16,012 [b381b084-c55c-4dbb-889c-469a9420fe3b-groupManagement] INFO  server.RaftServerConfigKeys (ConfUtils.java:logGet(46)) - raft.server.log.statemachine.data.sync = true (default)
2025-02-16 13:03:16,012 [b381b084-c55c-4dbb-889c-469a9420fe3b-groupManagement] INFO  server.RaftServerConfigKeys (ConfUtils.java:logGet(46)) - raft.server.log.statemachine.data.sync.timeout = 10s (default)
2025-02-16 13:03:16,012 [b381b084-c55c-4dbb-889c-469a9420fe3b-groupManagement] INFO  server.RaftServerConfigKeys (ConfUtils.java:logGet(46)) - raft.server.log.statemachine.data.sync.timeout.retry = 30 (custom)
2025-02-16 13:03:16,012 [b381b084-c55c-4dbb-889c-469a9420fe3b-groupManagement] INFO  server.RaftServerConfigKeys (ConfUtils.java:logGet(46)) - raft.server.log.write.buffer.size = 33554440 (custom)
2025-02-16 13:03:16,016 [b381b084-c55c-4dbb-889c-469a9420fe3b-groupManagement] INFO  server.RaftServerConfigKeys (ConfUtils.java:logGet(46)) - raft.server.log.appender.buffer.byte-limit = 33554432 (custom)
2025-02-16 13:03:16,016 [b381b084-c55c-4dbb-889c-469a9420fe3b-groupManagement] INFO  server.RaftServerConfigKeys (ConfUtils.java:logGet(46)) - raft.server.log.unsafe-flush.enabled = false (default)
2025-02-16 13:03:16,016 [b381b084-c55c-4dbb-889c-469a9420fe3b-groupManagement] INFO  server.RaftServerConfigKeys (ConfUtils.java:logGet(46)) - raft.server.log.async-flush.enabled = false (default)
2025-02-16 13:03:16,016 [b381b084-c55c-4dbb-889c-469a9420fe3b-groupManagement] INFO  server.RaftServerConfigKeys (ConfUtils.java:logGet(46)) - raft.server.log.statemachine.data.caching.enabled = true (custom)
2025-02-16 13:03:16,016 [b381b084-c55c-4dbb-889c-469a9420fe3b-groupManagement] INFO  segmented.SegmentedRaftLogWorker (SegmentedRaftLogWorker.java:lambda$new$0(139)) - b381b084-c55c-4dbb-889c-469a9420fe3b@group-E6A5FEE08FEB-SegmentedRaftLogWorker: flushIndex: setUnconditionally 0 -> -1
2025-02-16 13:03:16,016 [b381b084-c55c-4dbb-889c-469a9420fe3b-groupManagement] INFO  segmented.SegmentedRaftLogWorker (SegmentedRaftLogWorker.java:lambda$new$0(139)) - b381b084-c55c-4dbb-889c-469a9420fe3b@group-E6A5FEE08FEB-SegmentedRaftLogWorker: safeCacheEvictIndex: setUnconditionally 0 -> -1
2025-02-16 13:03:16,016 [b381b084-c55c-4dbb-889c-469a9420fe3b-groupManagement] INFO  server.RaftServer$Division (RaftServerImpl.java:start(391)) - b381b084-c55c-4dbb-889c-469a9420fe3b@group-E6A5FEE08FEB: start as a follower, conf=conf: {index: -1, cur=peers:[49e1ea80-2a9c-4fc6-9dfd-fcdc1670084a|127.0.0.1:15147, 9e04f330-63f7-447c-8500-8939715d6f40|127.0.0.1:15156, b381b084-c55c-4dbb-889c-469a9420fe3b|127.0.0.1:15138]|listeners:[], old=null}
2025-02-16 13:03:16,016 [b381b084-c55c-4dbb-889c-469a9420fe3b-groupManagement] INFO  server.RaftServer$Division (RaftServerImpl.java:setRole(378)) - b381b084-c55c-4dbb-889c-469a9420fe3b@group-E6A5FEE08FEB: changes role from      null to FOLLOWER at term 0 for startAsFollower
2025-02-16 13:03:16,016 [b381b084-c55c-4dbb-889c-469a9420fe3b-groupManagement] INFO  impl.RoleInfo (RoleInfo.java:updateAndGet(148)) - b381b084-c55c-4dbb-889c-469a9420fe3b: start b381b084-c55c-4dbb-889c-469a9420fe3b@group-E6A5FEE08FEB-FollowerState
2025-02-16 13:03:16,017 [b381b084-c55c-4dbb-889c-469a9420fe3b-groupManagement] INFO  util.JmxRegister (JmxRegister.java:tryRegister(44)) - Successfully registered JMX Bean with object name Ratis:service=RaftServer,group=group-E6A5FEE08FEB,id=b381b084-c55c-4dbb-889c-469a9420fe3b
2025-02-16 13:03:16,017 [b381b084-c55c-4dbb-889c-469a9420fe3b-groupManagement] INFO  util.JmxRegister (JmxRegister.java:register(58)) - register mxBean class org.apache.ratis.server.impl.RaftServerJmxAdapter as Ratis:service=RaftServer,group=group-E6A5FEE08FEB,id=b381b084-c55c-4dbb-889c-469a9420fe3b
2025-02-16 13:03:16,017 [b381b084-c55c-4dbb-889c-469a9420fe3b-groupManagement] INFO  server.RaftServerConfigKeys (ConfUtils.java:logGet(46)) - raft.server.snapshot.trigger-when-stop.enabled = true (default)
2025-02-16 13:03:16,017 [b381b084-c55c-4dbb-889c-469a9420fe3b-groupManagement] INFO  server.RaftServerConfigKeys (ConfUtils.java:logGet(46)) - raft.server.snapshot.trigger-when-remove.enabled = true (default)
2025-02-16 13:03:16,017 [b381b084-c55c-4dbb-889c-469a9420fe3b-groupManagement] INFO  server.RaftServerConfigKeys (ConfUtils.java:logGet(46)) - raft.server.snapshot.auto.trigger.enabled = true (custom)
2025-02-16 13:03:16,017 [b381b084-c55c-4dbb-889c-469a9420fe3b@group-E6A5FEE08FEB-FollowerState] INFO  server.RaftServerConfigKeys (ConfUtils.java:logFallback(53)) - raft.server.rpc.first-election.timeout.min = 5s (fallback to raft.server.rpc.timeout.min)
2025-02-16 13:03:16,017 [b381b084-c55c-4dbb-889c-469a9420fe3b-groupManagement] INFO  server.RaftServerConfigKeys (ConfUtils.java:logGet(46)) - raft.server.snapshot.auto.trigger.threshold = 100000 (custom)
2025-02-16 13:03:16,017 [b381b084-c55c-4dbb-889c-469a9420fe3b@group-E6A5FEE08FEB-FollowerState] INFO  server.RaftServerConfigKeys (ConfUtils.java:logFallback(53)) - raft.server.rpc.first-election.timeout.max = 5200ms (fallback to raft.server.rpc.timeout.max)
2025-02-16 13:03:16,017 [b381b084-c55c-4dbb-889c-469a9420fe3b-groupManagement] INFO  server.RaftServerConfigKeys (ConfUtils.java:logGet(46)) - raft.server.snapshot.retention.file.num = 5 (custom)
2025-02-16 13:03:16,017 [b381b084-c55c-4dbb-889c-469a9420fe3b-groupManagement] INFO  server.RaftServerConfigKeys (ConfUtils.java:logGet(46)) - raft.server.log.purge.upto.snapshot.index = false (default)
2025-02-16 13:03:16,018 [b381b084-c55c-4dbb-889c-469a9420fe3b-groupManagement] INFO  server.RaftServer$Division (RaftServerImpl.java:start(405)) - b381b084-c55c-4dbb-889c-469a9420fe3b@group-E6A5FEE08FEB: Successfully started.
2025-02-16 13:03:16,018 [b381b084-c55c-4dbb-889c-469a9420fe3b-PipelineCommandHandlerThread-0] INFO  ratis.XceiverServerRatis (XceiverServerRatis.java:addGroup(841)) - Created group PipelineID=f52a4d2f-60f5-4844-bc3c-e6a5fee08feb
2025-02-16 13:03:16,023 [grpc-default-executor-6] INFO  server.RaftServer (RaftServerProxy.java:addNew(100)) - 9e04f330-63f7-447c-8500-8939715d6f40: addNew group-E6A5FEE08FEB:[49e1ea80-2a9c-4fc6-9dfd-fcdc1670084a|127.0.0.1:15147, 9e04f330-63f7-447c-8500-8939715d6f40|127.0.0.1:15156, b381b084-c55c-4dbb-889c-469a9420fe3b|127.0.0.1:15138] returns group-E6A5FEE08FEB:java.util.concurrent.CompletableFuture@7980b880[Not completed]
2025-02-16 13:03:16,024 [9e04f330-63f7-447c-8500-8939715d6f40-groupManagement] INFO  server.RaftServer$Division (RaftServerImpl.java:<init>(255)) - 9e04f330-63f7-447c-8500-8939715d6f40: new RaftServerImpl for group-E6A5FEE08FEB:[49e1ea80-2a9c-4fc6-9dfd-fcdc1670084a|127.0.0.1:15147, 9e04f330-63f7-447c-8500-8939715d6f40|127.0.0.1:15156, b381b084-c55c-4dbb-889c-469a9420fe3b|127.0.0.1:15138] with ContainerStateMachine:uninitialized
2025-02-16 13:03:16,024 [9e04f330-63f7-447c-8500-8939715d6f40-groupManagement] INFO  server.RaftServerConfigKeys (ConfUtils.java:logGet(46)) - raft.server.rpc.timeout.min = 5s (custom)
2025-02-16 13:03:16,024 [9e04f330-63f7-447c-8500-8939715d6f40-groupManagement] INFO  server.RaftServerConfigKeys (ConfUtils.java:logGet(46)) - raft.server.rpc.timeout.max = 5200ms (custom)
2025-02-16 13:03:16,024 [9e04f330-63f7-447c-8500-8939715d6f40-groupManagement] INFO  server.RaftServerConfigKeys (ConfUtils.java:logGet(46)) - raft.server.rpc.sleep.time = 25ms (default)
2025-02-16 13:03:16,024 [9e04f330-63f7-447c-8500-8939715d6f40-groupManagement] INFO  server.RaftServerConfigKeys (ConfUtils.java:logGet(46)) - raft.server.rpc.slowness.timeout = 300s (custom)
2025-02-16 13:03:16,024 [9e04f330-63f7-447c-8500-8939715d6f40-groupManagement] INFO  server.RaftServerConfigKeys (ConfUtils.java:logGet(46)) - raft.server.leaderelection.leader.step-down.wait-time = 10s (default)
2025-02-16 13:03:16,024 [9e04f330-63f7-447c-8500-8939715d6f40-groupManagement] INFO  server.RaftServerConfigKeys (ConfUtils.java:logGet(46)) - raft.server.leaderelection.member.majority-add = false (default)
2025-02-16 13:03:16,024 [9e04f330-63f7-447c-8500-8939715d6f40-groupManagement] INFO  server.RaftServerConfigKeys (ConfUtils.java:logGet(46)) - raft.server.sleep.deviation.threshold = 300ms (default)
2025-02-16 13:03:16,024 [9e04f330-63f7-447c-8500-8939715d6f40-groupManagement] INFO  server.RaftServer$Division (ServerState.java:<init>(114)) - 9e04f330-63f7-447c-8500-8939715d6f40@group-E6A5FEE08FEB: ConfigurationManager, init=conf: {index: -1, cur=peers:[49e1ea80-2a9c-4fc6-9dfd-fcdc1670084a|127.0.0.1:15147, 9e04f330-63f7-447c-8500-8939715d6f40|127.0.0.1:15156, b381b084-c55c-4dbb-889c-469a9420fe3b|127.0.0.1:15138]|listeners:[], old=null}, confs=<EMPTY_MAP>
2025-02-16 13:03:16,024 [9e04f330-63f7-447c-8500-8939715d6f40-groupManagement] INFO  server.RaftServerConfigKeys (ConfUtils.java:logGet(46)) - raft.server.notification.no-leader.timeout = 300s (custom)
2025-02-16 13:03:16,024 [9e04f330-63f7-447c-8500-8939715d6f40-groupManagement] INFO  server.RaftServerConfigKeys (ConfUtils.java:logGet(46)) - raft.server.read.timeout = 10s (default)
2025-02-16 13:03:16,024 [9e04f330-63f7-447c-8500-8939715d6f40-groupManagement] INFO  server.RaftServerConfigKeys (ConfUtils.java:logGet(46)) - raft.server.retrycache.expirytime = 600000ms (custom)
2025-02-16 13:03:16,024 [9e04f330-63f7-447c-8500-8939715d6f40-groupManagement] INFO  server.RaftServerConfigKeys (ConfUtils.java:logGet(46)) - raft.server.retrycache.statistics.expirytime = 100ms (default)
2025-02-16 13:03:16,024 [9e04f330-63f7-447c-8500-8939715d6f40-groupManagement] INFO  server.RaftServerConfigKeys (ConfUtils.java:logGet(46)) - raft.server.read.option = DEFAULT (default)
2025-02-16 13:03:16,024 [9e04f330-63f7-447c-8500-8939715d6f40-groupManagement] INFO  server.RaftServerConfigKeys (ConfUtils.java:logGet(46)) - raft.server.read.read-after-write-consistent.write-index-cache.expiry-time = 60s (default)
2025-02-16 13:03:16,027 [9e04f330-63f7-447c-8500-8939715d6f40-groupManagement] INFO  server.RaftServerConfigKeys (ConfUtils.java:logGet(46)) - raft.server.rpc.request.timeout = 60s (custom)
2025-02-16 13:03:16,027 [9e04f330-63f7-447c-8500-8939715d6f40-groupManagement] INFO  server.RaftServerConfigKeys (ConfUtils.java:logGet(46)) - raft.server.log.appender.install.snapshot.enabled = false (custom)
2025-02-16 13:03:16,027 [9e04f330-63f7-447c-8500-8939715d6f40-groupManagement] INFO  server.RaftServerConfigKeys (ConfUtils.java:logGet(46)) - raft.server.threadpool.server.cached = true (default)
2025-02-16 13:03:16,027 [9e04f330-63f7-447c-8500-8939715d6f40-groupManagement] INFO  server.RaftServerConfigKeys (ConfUtils.java:logGet(46)) - raft.server.threadpool.server.size = 0 (default)
2025-02-16 13:03:16,027 [9e04f330-63f7-447c-8500-8939715d6f40-groupManagement] INFO  server.RaftServerConfigKeys (ConfUtils.java:logGet(46)) - raft.server.threadpool.client.cached = true (default)
2025-02-16 13:03:16,027 [9e04f330-63f7-447c-8500-8939715d6f40-groupManagement] INFO  server.RaftServerConfigKeys (ConfUtils.java:logGet(46)) - raft.server.threadpool.client.size = 0 (default)
2025-02-16 13:03:16,027 [9e04f330-63f7-447c-8500-8939715d6f40-groupManagement] INFO  server.RaftServerConfigKeys (ConfUtils.java:logGet(46)) - raft.server.storage.free-space.min = 0MB (=0) (default)
2025-02-16 13:03:16,027 [9e04f330-63f7-447c-8500-8939715d6f40-groupManagement] INFO  server.RaftServerConfigKeys (ConfUtils.java:logGet(46)) - raft.server.log.corruption.policy = EXCEPTION (default)
2025-02-16 13:03:16,027 [9e04f330-63f7-447c-8500-8939715d6f40-groupManagement] INFO  server.RaftServerConfigKeys (ConfUtils.java:logGet(46)) - raft.server.storage.dir = [/home/runner/work/ozone/ozone/hadoop-ozone/integration-test/target/test-dir/MiniOzoneClusterImpl-8cdb299b-b154-4fd3-af09-aa8d0bad65b8/ozone-meta/datanode-3/ratis] (custom)
2025-02-16 13:03:16,027 [9e04f330-63f7-447c-8500-8939715d6f40-groupManagement] INFO  storage.RaftStorageDirectory (RaftStorageDirectoryImpl.java:analyzeStorage(138)) - The storage directory /home/runner/work/ozone/ozone/hadoop-ozone/integration-test/target/test-dir/MiniOzoneClusterImpl-8cdb299b-b154-4fd3-af09-aa8d0bad65b8/ozone-meta/datanode-3/ratis/f52a4d2f-60f5-4844-bc3c-e6a5fee08feb does not exist. Creating ...
2025-02-16 13:03:16,029 [9e04f330-63f7-447c-8500-8939715d6f40-groupManagement] INFO  storage.RaftStorageDirectory (RaftStorageDirectoryImpl.java:tryLock(229)) - Lock on /home/runner/work/ozone/ozone/hadoop-ozone/integration-test/target/test-dir/MiniOzoneClusterImpl-8cdb299b-b154-4fd3-af09-aa8d0bad65b8/ozone-meta/datanode-3/ratis/f52a4d2f-60f5-4844-bc3c-e6a5fee08feb/in_use.lock acquired by nodename 113671@fv-az1944-819
2025-02-16 13:03:16,030 [9e04f330-63f7-447c-8500-8939715d6f40-groupManagement] INFO  storage.RaftStorage (RaftStorageImpl.java:format(98)) - Storage directory /home/runner/work/ozone/ozone/hadoop-ozone/integration-test/target/test-dir/MiniOzoneClusterImpl-8cdb299b-b154-4fd3-af09-aa8d0bad65b8/ozone-meta/datanode-3/ratis/f52a4d2f-60f5-4844-bc3c-e6a5fee08feb has been successfully formatted.
2025-02-16 13:03:16,030 [9e04f330-63f7-447c-8500-8939715d6f40-groupManagement] INFO  ratis.ContainerStateMachine (ContainerStateMachine.java:initialize(300)) - 9e04f330-63f7-447c-8500-8939715d6f40: initialize group-E6A5FEE08FEB
2025-02-16 13:03:16,030 [9e04f330-63f7-447c-8500-8939715d6f40-groupManagement] INFO  ratis.ContainerStateMachine (ContainerStateMachine.java:loadSnapshot(308)) - group-E6A5FEE08FEB: The snapshot info is null. Setting the last applied index to:(t:0, i:~)
2025-02-16 13:03:16,030 [9e04f330-63f7-447c-8500-8939715d6f40-groupManagement] INFO  server.RaftServerConfigKeys (ConfUtils.java:logGet(46)) - raft.server.log.use.memory = false (default)
2025-02-16 13:03:16,030 [9e04f330-63f7-447c-8500-8939715d6f40-groupManagement] INFO  server.RaftServerConfigKeys (ConfUtils.java:logGet(46)) - raft.server.log.purge.gap = 1000000 (custom)
2025-02-16 13:03:16,030 [9e04f330-63f7-447c-8500-8939715d6f40-groupManagement] INFO  server.RaftServerConfigKeys (ConfUtils.java:logGet(46)) - raft.server.log.appender.buffer.byte-limit = 33554432 (custom)
2025-02-16 13:03:16,031 [9e04f330-63f7-447c-8500-8939715d6f40-groupManagement] INFO  server.RaftServerConfigKeys (ConfUtils.java:logGet(46)) - raft.server.log.statemachine.data.read.timeout = 1000ms (default)
2025-02-16 13:03:16,031 [9e04f330-63f7-447c-8500-8939715d6f40-groupManagement] INFO  server.RaftServerConfigKeys (ConfUtils.java:logGet(46)) - raft.server.log.purge.preservation.log.num = 0 (default)
2025-02-16 13:03:16,031 [9e04f330-63f7-447c-8500-8939715d6f40-groupManagement] INFO  server.RaftServerConfigKeys (ConfUtils.java:logGet(46)) - raft.server.log.segment.size.max = 67108864 (custom)
2025-02-16 13:03:16,032 [9e04f330-63f7-447c-8500-8939715d6f40-groupManagement] INFO  server.RaftServerConfigKeys (ConfUtils.java:logGet(46)) - raft.server.log.segment.cache.num.max = 2 (custom)
2025-02-16 13:03:16,032 [9e04f330-63f7-447c-8500-8939715d6f40-groupManagement] INFO  server.RaftServerConfigKeys (ConfUtils.java:logGet(46)) - raft.server.log.segment.cache.size.max = 200MB (=209715200) (default)
2025-02-16 13:03:16,032 [9e04f330-63f7-447c-8500-8939715d6f40-groupManagement] INFO  server.RaftServerConfigKeys (ConfUtils.java:logGet(46)) - raft.server.log.appender.buffer.byte-limit = 33554432 (custom)
2025-02-16 13:03:16,032 [9e04f330-63f7-447c-8500-8939715d6f40-groupManagement] INFO  util.AwaitToRun (AwaitToRun.java:start(81)) - Thread[#3637,9e04f330-63f7-447c-8500-8939715d6f40@group-E6A5FEE08FEB-cacheEviction-AwaitToRun,5,main] started
2025-02-16 13:03:16,032 [9e04f330-63f7-447c-8500-8939715d6f40-groupManagement] INFO  segmented.SegmentedRaftLogWorker (SegmentedRaftLogWorker.java:<init>(188)) - new 9e04f330-63f7-447c-8500-8939715d6f40@group-E6A5FEE08FEB-SegmentedRaftLogWorker for RaftStorageImpl:Storage Directory /home/runner/work/ozone/ozone/hadoop-ozone/integration-test/target/test-dir/MiniOzoneClusterImpl-8cdb299b-b154-4fd3-af09-aa8d0bad65b8/ozone-meta/datanode-3/ratis/f52a4d2f-60f5-4844-bc3c-e6a5fee08feb
2025-02-16 13:03:16,032 [9e04f330-63f7-447c-8500-8939715d6f40-groupManagement] INFO  server.RaftServerConfigKeys (ConfUtils.java:logGet(46)) - raft.server.log.queue.byte-limit = 4294967296 (custom)
2025-02-16 13:03:16,032 [9e04f330-63f7-447c-8500-8939715d6f40-groupManagement] INFO  server.RaftServerConfigKeys (ConfUtils.java:logGet(46)) - raft.server.log.queue.element-limit = 1024 (custom)
2025-02-16 13:03:16,032 [9e04f330-63f7-447c-8500-8939715d6f40-groupManagement] INFO  server.RaftServerConfigKeys (ConfUtils.java:logGet(46)) - raft.server.log.segment.size.max = 67108864 (custom)
2025-02-16 13:03:16,032 [9e04f330-63f7-447c-8500-8939715d6f40-groupManagement] INFO  server.RaftServerConfigKeys (ConfUtils.java:logGet(46)) - raft.server.log.preallocated.size = 4194304 (custom)
2025-02-16 13:03:16,032 [9e04f330-63f7-447c-8500-8939715d6f40-groupManagement] INFO  server.RaftServerConfigKeys (ConfUtils.java:logGet(46)) - raft.server.log.force.sync.num = 128 (default)
2025-02-16 13:03:16,032 [9e04f330-63f7-447c-8500-8939715d6f40-groupManagement] INFO  server.RaftServerConfigKeys (ConfUtils.java:logGet(46)) - raft.server.log.statemachine.data.sync = true (default)
2025-02-16 13:03:16,032 [9e04f330-63f7-447c-8500-8939715d6f40-groupManagement] INFO  server.RaftServerConfigKeys (ConfUtils.java:logGet(46)) - raft.server.log.statemachine.data.sync.timeout = 10s (default)
2025-02-16 13:03:16,032 [9e04f330-63f7-447c-8500-8939715d6f40-groupManagement] INFO  server.RaftServerConfigKeys (ConfUtils.java:logGet(46)) - raft.server.log.statemachine.data.sync.timeout.retry = 30 (custom)
2025-02-16 13:03:16,033 [9e04f330-63f7-447c-8500-8939715d6f40-groupManagement] INFO  server.RaftServerConfigKeys (ConfUtils.java:logGet(46)) - raft.server.log.write.buffer.size = 33554440 (custom)
2025-02-16 13:03:16,036 [9e04f330-63f7-447c-8500-8939715d6f40-groupManagement] INFO  server.RaftServerConfigKeys (ConfUtils.java:logGet(46)) - raft.server.log.appender.buffer.byte-limit = 33554432 (custom)
2025-02-16 13:03:16,036 [9e04f330-63f7-447c-8500-8939715d6f40-groupManagement] INFO  server.RaftServerConfigKeys (ConfUtils.java:logGet(46)) - raft.server.log.unsafe-flush.enabled = false (default)
2025-02-16 13:03:16,036 [9e04f330-63f7-447c-8500-8939715d6f40-groupManagement] INFO  server.RaftServerConfigKeys (ConfUtils.java:logGet(46)) - raft.server.log.async-flush.enabled = false (default)
2025-02-16 13:03:16,036 [9e04f330-63f7-447c-8500-8939715d6f40-groupManagement] INFO  server.RaftServerConfigKeys (ConfUtils.java:logGet(46)) - raft.server.log.statemachine.data.caching.enabled = true (custom)
2025-02-16 13:03:16,037 [9e04f330-63f7-447c-8500-8939715d6f40-groupManagement] INFO  segmented.SegmentedRaftLogWorker (SegmentedRaftLogWorker.java:lambda$new$0(139)) - 9e04f330-63f7-447c-8500-8939715d6f40@group-E6A5FEE08FEB-SegmentedRaftLogWorker: flushIndex: setUnconditionally 0 -> -1
2025-02-16 13:03:16,037 [9e04f330-63f7-447c-8500-8939715d6f40-groupManagement] INFO  segmented.SegmentedRaftLogWorker (SegmentedRaftLogWorker.java:lambda$new$0(139)) - 9e04f330-63f7-447c-8500-8939715d6f40@group-E6A5FEE08FEB-SegmentedRaftLogWorker: safeCacheEvictIndex: setUnconditionally 0 -> -1
2025-02-16 13:03:16,037 [9e04f330-63f7-447c-8500-8939715d6f40-groupManagement] INFO  server.RaftServer$Division (RaftServerImpl.java:start(391)) - 9e04f330-63f7-447c-8500-8939715d6f40@group-E6A5FEE08FEB: start as a follower, conf=conf: {index: -1, cur=peers:[49e1ea80-2a9c-4fc6-9dfd-fcdc1670084a|127.0.0.1:15147, 9e04f330-63f7-447c-8500-8939715d6f40|127.0.0.1:15156, b381b084-c55c-4dbb-889c-469a9420fe3b|127.0.0.1:15138]|listeners:[], old=null}
2025-02-16 13:03:16,037 [9e04f330-63f7-447c-8500-8939715d6f40-groupManagement] INFO  server.RaftServer$Division (RaftServerImpl.java:setRole(378)) - 9e04f330-63f7-447c-8500-8939715d6f40@group-E6A5FEE08FEB: changes role from      null to FOLLOWER at term 0 for startAsFollower
2025-02-16 13:03:16,037 [9e04f330-63f7-447c-8500-8939715d6f40-groupManagement] INFO  impl.RoleInfo (RoleInfo.java:updateAndGet(148)) - 9e04f330-63f7-447c-8500-8939715d6f40: start 9e04f330-63f7-447c-8500-8939715d6f40@group-E6A5FEE08FEB-FollowerState
2025-02-16 13:03:16,037 [9e04f330-63f7-447c-8500-8939715d6f40@group-E6A5FEE08FEB-FollowerState] INFO  server.RaftServerConfigKeys (ConfUtils.java:logFallback(53)) - raft.server.rpc.first-election.timeout.min = 5s (fallback to raft.server.rpc.timeout.min)
2025-02-16 13:03:16,037 [9e04f330-63f7-447c-8500-8939715d6f40@group-E6A5FEE08FEB-FollowerState] INFO  server.RaftServerConfigKeys (ConfUtils.java:logFallback(53)) - raft.server.rpc.first-election.timeout.max = 5200ms (fallback to raft.server.rpc.timeout.max)
2025-02-16 13:03:16,037 [9e04f330-63f7-447c-8500-8939715d6f40-groupManagement] INFO  util.JmxRegister (JmxRegister.java:tryRegister(44)) - Successfully registered JMX Bean with object name Ratis:service=RaftServer,group=group-E6A5FEE08FEB,id=9e04f330-63f7-447c-8500-8939715d6f40
2025-02-16 13:03:16,038 [9e04f330-63f7-447c-8500-8939715d6f40-groupManagement] INFO  util.JmxRegister (JmxRegister.java:register(58)) - register mxBean class org.apache.ratis.server.impl.RaftServerJmxAdapter as Ratis:service=RaftServer,group=group-E6A5FEE08FEB,id=9e04f330-63f7-447c-8500-8939715d6f40
2025-02-16 13:03:16,038 [9e04f330-63f7-447c-8500-8939715d6f40-groupManagement] INFO  server.RaftServerConfigKeys (ConfUtils.java:logGet(46)) - raft.server.snapshot.trigger-when-stop.enabled = true (default)
2025-02-16 13:03:16,038 [9e04f330-63f7-447c-8500-8939715d6f40-groupManagement] INFO  server.RaftServerConfigKeys (ConfUtils.java:logGet(46)) - raft.server.snapshot.trigger-when-remove.enabled = true (default)
2025-02-16 13:03:16,038 [9e04f330-63f7-447c-8500-8939715d6f40-groupManagement] INFO  server.RaftServerConfigKeys (ConfUtils.java:logGet(46)) - raft.server.snapshot.auto.trigger.enabled = true (custom)
2025-02-16 13:03:16,038 [9e04f330-63f7-447c-8500-8939715d6f40-groupManagement] INFO  server.RaftServerConfigKeys (ConfUtils.java:logGet(46)) - raft.server.snapshot.auto.trigger.threshold = 100000 (custom)
2025-02-16 13:03:16,038 [9e04f330-63f7-447c-8500-8939715d6f40-groupManagement] INFO  server.RaftServerConfigKeys (ConfUtils.java:logGet(46)) - raft.server.snapshot.retention.file.num = 5 (custom)
2025-02-16 13:03:16,038 [9e04f330-63f7-447c-8500-8939715d6f40-groupManagement] INFO  server.RaftServerConfigKeys (ConfUtils.java:logGet(46)) - raft.server.log.purge.upto.snapshot.index = false (default)
2025-02-16 13:03:16,038 [9e04f330-63f7-447c-8500-8939715d6f40-groupManagement] INFO  server.RaftServer$Division (RaftServerImpl.java:start(405)) - 9e04f330-63f7-447c-8500-8939715d6f40@group-E6A5FEE08FEB: Successfully started.
2025-02-16 13:03:16,045 [grpc-default-executor-6] INFO  server.RaftServer (RaftServerProxy.java:addNew(100)) - 49e1ea80-2a9c-4fc6-9dfd-fcdc1670084a: addNew group-E6A5FEE08FEB:[49e1ea80-2a9c-4fc6-9dfd-fcdc1670084a|127.0.0.1:15147, 9e04f330-63f7-447c-8500-8939715d6f40|127.0.0.1:15156, b381b084-c55c-4dbb-889c-469a9420fe3b|127.0.0.1:15138] returns group-E6A5FEE08FEB:java.util.concurrent.CompletableFuture@27fee0e5[Not completed]
2025-02-16 13:03:16,046 [49e1ea80-2a9c-4fc6-9dfd-fcdc1670084a-groupManagement] INFO  server.RaftServer$Division (RaftServerImpl.java:<init>(255)) - 49e1ea80-2a9c-4fc6-9dfd-fcdc1670084a: new RaftServerImpl for group-E6A5FEE08FEB:[49e1ea80-2a9c-4fc6-9dfd-fcdc1670084a|127.0.0.1:15147, 9e04f330-63f7-447c-8500-8939715d6f40|127.0.0.1:15156, b381b084-c55c-4dbb-889c-469a9420fe3b|127.0.0.1:15138] with ContainerStateMachine:uninitialized
2025-02-16 13:03:16,046 [49e1ea80-2a9c-4fc6-9dfd-fcdc1670084a-groupManagement] INFO  server.RaftServerConfigKeys (ConfUtils.java:logGet(46)) - raft.server.rpc.timeout.min = 5s (custom)
2025-02-16 13:03:16,046 [49e1ea80-2a9c-4fc6-9dfd-fcdc1670084a-groupManagement] INFO  server.RaftServerConfigKeys (ConfUtils.java:logGet(46)) - raft.server.rpc.timeout.max = 5200ms (custom)
2025-02-16 13:03:16,046 [49e1ea80-2a9c-4fc6-9dfd-fcdc1670084a-groupManagement] INFO  server.RaftServerConfigKeys (ConfUtils.java:logGet(46)) - raft.server.rpc.sleep.time = 25ms (default)
2025-02-16 13:03:16,046 [49e1ea80-2a9c-4fc6-9dfd-fcdc1670084a-groupManagement] INFO  server.RaftServerConfigKeys (ConfUtils.java:logGet(46)) - raft.server.rpc.slowness.timeout = 300s (custom)
2025-02-16 13:03:16,046 [49e1ea80-2a9c-4fc6-9dfd-fcdc1670084a-groupManagement] INFO  server.RaftServerConfigKeys (ConfUtils.java:logGet(46)) - raft.server.leaderelection.leader.step-down.wait-time = 10s (default)
2025-02-16 13:03:16,046 [49e1ea80-2a9c-4fc6-9dfd-fcdc1670084a-groupManagement] INFO  server.RaftServerConfigKeys (ConfUtils.java:logGet(46)) - raft.server.leaderelection.member.majority-add = false (default)
2025-02-16 13:03:16,046 [49e1ea80-2a9c-4fc6-9dfd-fcdc1670084a-groupManagement] INFO  server.RaftServerConfigKeys (ConfUtils.java:logGet(46)) - raft.server.sleep.deviation.threshold = 300ms (default)
2025-02-16 13:03:16,046 [49e1ea80-2a9c-4fc6-9dfd-fcdc1670084a-groupManagement] INFO  server.RaftServer$Division (ServerState.java:<init>(114)) - 49e1ea80-2a9c-4fc6-9dfd-fcdc1670084a@group-E6A5FEE08FEB: ConfigurationManager, init=conf: {index: -1, cur=peers:[49e1ea80-2a9c-4fc6-9dfd-fcdc1670084a|127.0.0.1:15147, 9e04f330-63f7-447c-8500-8939715d6f40|127.0.0.1:15156, b381b084-c55c-4dbb-889c-469a9420fe3b|127.0.0.1:15138]|listeners:[], old=null}, confs=<EMPTY_MAP>
2025-02-16 13:03:16,046 [49e1ea80-2a9c-4fc6-9dfd-fcdc1670084a-groupManagement] INFO  server.RaftServerConfigKeys (ConfUtils.java:logGet(46)) - raft.server.notification.no-leader.timeout = 300s (custom)
2025-02-16 13:03:16,046 [49e1ea80-2a9c-4fc6-9dfd-fcdc1670084a-groupManagement] INFO  server.RaftServerConfigKeys (ConfUtils.java:logGet(46)) - raft.server.read.timeout = 10s (default)
2025-02-16 13:03:16,046 [49e1ea80-2a9c-4fc6-9dfd-fcdc1670084a-groupManagement] INFO  server.RaftServerConfigKeys (ConfUtils.java:logGet(46)) - raft.server.retrycache.expirytime = 600000ms (custom)
2025-02-16 13:03:16,046 [49e1ea80-2a9c-4fc6-9dfd-fcdc1670084a-groupManagement] INFO  server.RaftServerConfigKeys (ConfUtils.java:logGet(46)) - raft.server.retrycache.statistics.expirytime = 100ms (default)
2025-02-16 13:03:16,047 [49e1ea80-2a9c-4fc6-9dfd-fcdc1670084a-groupManagement] INFO  server.RaftServerConfigKeys (ConfUtils.java:logGet(46)) - raft.server.read.option = DEFAULT (default)
2025-02-16 13:03:16,047 [49e1ea80-2a9c-4fc6-9dfd-fcdc1670084a-groupManagement] INFO  server.RaftServerConfigKeys (ConfUtils.java:logGet(46)) - raft.server.read.read-after-write-consistent.write-index-cache.expiry-time = 60s (default)
2025-02-16 13:03:16,048 [49e1ea80-2a9c-4fc6-9dfd-fcdc1670084a-groupManagement] INFO  server.RaftServerConfigKeys (ConfUtils.java:logGet(46)) - raft.server.rpc.request.timeout = 60s (custom)
2025-02-16 13:03:16,048 [49e1ea80-2a9c-4fc6-9dfd-fcdc1670084a-groupManagement] INFO  server.RaftServerConfigKeys (ConfUtils.java:logGet(46)) - raft.server.log.appender.install.snapshot.enabled = false (custom)
2025-02-16 13:03:16,048 [49e1ea80-2a9c-4fc6-9dfd-fcdc1670084a-groupManagement] INFO  server.RaftServerConfigKeys (ConfUtils.java:logGet(46)) - raft.server.threadpool.server.cached = true (default)
2025-02-16 13:03:16,048 [49e1ea80-2a9c-4fc6-9dfd-fcdc1670084a-groupManagement] INFO  server.RaftServerConfigKeys (ConfUtils.java:logGet(46)) - raft.server.threadpool.server.size = 0 (default)
2025-02-16 13:03:16,048 [49e1ea80-2a9c-4fc6-9dfd-fcdc1670084a-groupManagement] INFO  server.RaftServerConfigKeys (ConfUtils.java:logGet(46)) - raft.server.threadpool.client.cached = true (default)
2025-02-16 13:03:16,048 [49e1ea80-2a9c-4fc6-9dfd-fcdc1670084a-groupManagement] INFO  server.RaftServerConfigKeys (ConfUtils.java:logGet(46)) - raft.server.threadpool.client.size = 0 (default)
2025-02-16 13:03:16,048 [49e1ea80-2a9c-4fc6-9dfd-fcdc1670084a-groupManagement] INFO  server.RaftServerConfigKeys (ConfUtils.java:logGet(46)) - raft.server.storage.free-space.min = 0MB (=0) (default)
2025-02-16 13:03:16,048 [49e1ea80-2a9c-4fc6-9dfd-fcdc1670084a-groupManagement] INFO  server.RaftServerConfigKeys (ConfUtils.java:logGet(46)) - raft.server.log.corruption.policy = EXCEPTION (default)
2025-02-16 13:03:16,048 [49e1ea80-2a9c-4fc6-9dfd-fcdc1670084a-groupManagement] INFO  server.RaftServerConfigKeys (ConfUtils.java:logGet(46)) - raft.server.storage.dir = [/home/runner/work/ozone/ozone/hadoop-ozone/integration-test/target/test-dir/MiniOzoneClusterImpl-8cdb299b-b154-4fd3-af09-aa8d0bad65b8/ozone-meta/datanode-2/ratis] (custom)
2025-02-16 13:03:16,049 [49e1ea80-2a9c-4fc6-9dfd-fcdc1670084a-groupManagement] INFO  storage.RaftStorageDirectory (RaftStorageDirectoryImpl.java:analyzeStorage(138)) - The storage directory /home/runner/work/ozone/ozone/hadoop-ozone/integration-test/target/test-dir/MiniOzoneClusterImpl-8cdb299b-b154-4fd3-af09-aa8d0bad65b8/ozone-meta/datanode-2/ratis/f52a4d2f-60f5-4844-bc3c-e6a5fee08feb does not exist. Creating ...
2025-02-16 13:03:16,049 [49e1ea80-2a9c-4fc6-9dfd-fcdc1670084a-groupManagement] INFO  storage.RaftStorageDirectory (RaftStorageDirectoryImpl.java:tryLock(229)) - Lock on /home/runner/work/ozone/ozone/hadoop-ozone/integration-test/target/test-dir/MiniOzoneClusterImpl-8cdb299b-b154-4fd3-af09-aa8d0bad65b8/ozone-meta/datanode-2/ratis/f52a4d2f-60f5-4844-bc3c-e6a5fee08feb/in_use.lock acquired by nodename 113671@fv-az1944-819
2025-02-16 13:03:16,050 [49e1ea80-2a9c-4fc6-9dfd-fcdc1670084a-groupManagement] INFO  storage.RaftStorage (RaftStorageImpl.java:format(98)) - Storage directory /home/runner/work/ozone/ozone/hadoop-ozone/integration-test/target/test-dir/MiniOzoneClusterImpl-8cdb299b-b154-4fd3-af09-aa8d0bad65b8/ozone-meta/datanode-2/ratis/f52a4d2f-60f5-4844-bc3c-e6a5fee08feb has been successfully formatted.
2025-02-16 13:03:16,051 [49e1ea80-2a9c-4fc6-9dfd-fcdc1670084a-groupManagement] INFO  ratis.ContainerStateMachine (ContainerStateMachine.java:initialize(300)) - 49e1ea80-2a9c-4fc6-9dfd-fcdc1670084a: initialize group-E6A5FEE08FEB
2025-02-16 13:03:16,051 [49e1ea80-2a9c-4fc6-9dfd-fcdc1670084a-groupManagement] INFO  ratis.ContainerStateMachine (ContainerStateMachine.java:loadSnapshot(308)) - group-E6A5FEE08FEB: The snapshot info is null. Setting the last applied index to:(t:0, i:~)
2025-02-16 13:03:16,051 [49e1ea80-2a9c-4fc6-9dfd-fcdc1670084a-groupManagement] INFO  server.RaftServerConfigKeys (ConfUtils.java:logGet(46)) - raft.server.log.use.memory = false (default)
2025-02-16 13:03:16,051 [49e1ea80-2a9c-4fc6-9dfd-fcdc1670084a-groupManagement] INFO  server.RaftServerConfigKeys (ConfUtils.java:logGet(46)) - raft.server.log.purge.gap = 1000000 (custom)
2025-02-16 13:03:16,051 [49e1ea80-2a9c-4fc6-9dfd-fcdc1670084a-groupManagement] INFO  server.RaftServerConfigKeys (ConfUtils.java:logGet(46)) - raft.server.log.appender.buffer.byte-limit = 33554432 (custom)
2025-02-16 13:03:16,051 [49e1ea80-2a9c-4fc6-9dfd-fcdc1670084a-groupManagement] INFO  server.RaftServerConfigKeys (ConfUtils.java:logGet(46)) - raft.server.log.statemachine.data.read.timeout = 1000ms (default)
2025-02-16 13:03:16,051 [49e1ea80-2a9c-4fc6-9dfd-fcdc1670084a-groupManagement] INFO  server.RaftServerConfigKeys (ConfUtils.java:logGet(46)) - raft.server.log.purge.preservation.log.num = 0 (default)
2025-02-16 13:03:16,052 [49e1ea80-2a9c-4fc6-9dfd-fcdc1670084a-groupManagement] INFO  server.RaftServerConfigKeys (ConfUtils.java:logGet(46)) - raft.server.log.segment.size.max = 67108864 (custom)
2025-02-16 13:03:16,052 [49e1ea80-2a9c-4fc6-9dfd-fcdc1670084a-groupManagement] INFO  server.RaftServerConfigKeys (ConfUtils.java:logGet(46)) - raft.server.log.segment.cache.num.max = 2 (custom)
2025-02-16 13:03:16,052 [49e1ea80-2a9c-4fc6-9dfd-fcdc1670084a-groupManagement] INFO  server.RaftServerConfigKeys (ConfUtils.java:logGet(46)) - raft.server.log.segment.cache.size.max = 200MB (=209715200) (default)
2025-02-16 13:03:16,052 [49e1ea80-2a9c-4fc6-9dfd-fcdc1670084a-groupManagement] INFO  server.RaftServerConfigKeys (ConfUtils.java:logGet(46)) - raft.server.log.appender.buffer.byte-limit = 33554432 (custom)
2025-02-16 13:03:16,053 [49e1ea80-2a9c-4fc6-9dfd-fcdc1670084a-groupManagement] INFO  util.AwaitToRun (AwaitToRun.java:start(81)) - Thread[#3644,49e1ea80-2a9c-4fc6-9dfd-fcdc1670084a@group-E6A5FEE08FEB-cacheEviction-AwaitToRun,5,main] started
2025-02-16 13:03:16,053 [49e1ea80-2a9c-4fc6-9dfd-fcdc1670084a-groupManagement] INFO  segmented.SegmentedRaftLogWorker (SegmentedRaftLogWorker.java:<init>(188)) - new 49e1ea80-2a9c-4fc6-9dfd-fcdc1670084a@group-E6A5FEE08FEB-SegmentedRaftLogWorker for RaftStorageImpl:Storage Directory /home/runner/work/ozone/ozone/hadoop-ozone/integration-test/target/test-dir/MiniOzoneClusterImpl-8cdb299b-b154-4fd3-af09-aa8d0bad65b8/ozone-meta/datanode-2/ratis/f52a4d2f-60f5-4844-bc3c-e6a5fee08feb
2025-02-16 13:03:16,053 [49e1ea80-2a9c-4fc6-9dfd-fcdc1670084a-groupManagement] INFO  server.RaftServerConfigKeys (ConfUtils.java:logGet(46)) - raft.server.log.queue.byte-limit = 4294967296 (custom)
2025-02-16 13:03:16,053 [49e1ea80-2a9c-4fc6-9dfd-fcdc1670084a-groupManagement] INFO  server.RaftServerConfigKeys (ConfUtils.java:logGet(46)) - raft.server.log.queue.element-limit = 1024 (custom)
2025-02-16 13:03:16,053 [49e1ea80-2a9c-4fc6-9dfd-fcdc1670084a-groupManagement] INFO  server.RaftServerConfigKeys (ConfUtils.java:logGet(46)) - raft.server.log.segment.size.max = 67108864 (custom)
2025-02-16 13:03:16,053 [49e1ea80-2a9c-4fc6-9dfd-fcdc1670084a-groupManagement] INFO  server.RaftServerConfigKeys (ConfUtils.java:logGet(46)) - raft.server.log.preallocated.size = 4194304 (custom)
2025-02-16 13:03:16,053 [49e1ea80-2a9c-4fc6-9dfd-fcdc1670084a-groupManagement] INFO  server.RaftServerConfigKeys (ConfUtils.java:logGet(46)) - raft.server.log.force.sync.num = 128 (default)
2025-02-16 13:03:16,053 [49e1ea80-2a9c-4fc6-9dfd-fcdc1670084a-groupManagement] INFO  server.RaftServerConfigKeys (ConfUtils.java:logGet(46)) - raft.server.log.statemachine.data.sync = true (default)
2025-02-16 13:03:16,054 [49e1ea80-2a9c-4fc6-9dfd-fcdc1670084a-groupManagement] INFO  server.RaftServerConfigKeys (ConfUtils.java:logGet(46)) - raft.server.log.statemachine.data.sync.timeout = 10s (default)
2025-02-16 13:03:16,054 [49e1ea80-2a9c-4fc6-9dfd-fcdc1670084a-groupManagement] INFO  server.RaftServerConfigKeys (ConfUtils.java:logGet(46)) - raft.server.log.statemachine.data.sync.timeout.retry = 30 (custom)
2025-02-16 13:03:16,054 [49e1ea80-2a9c-4fc6-9dfd-fcdc1670084a-groupManagement] INFO  server.RaftServerConfigKeys (ConfUtils.java:logGet(46)) - raft.server.log.write.buffer.size = 33554440 (custom)
2025-02-16 13:03:16,058 [49e1ea80-2a9c-4fc6-9dfd-fcdc1670084a-groupManagement] INFO  server.RaftServerConfigKeys (ConfUtils.java:logGet(46)) - raft.server.log.appender.buffer.byte-limit = 33554432 (custom)
2025-02-16 13:03:16,058 [49e1ea80-2a9c-4fc6-9dfd-fcdc1670084a-groupManagement] INFO  server.RaftServerConfigKeys (ConfUtils.java:logGet(46)) - raft.server.log.unsafe-flush.enabled = false (default)
2025-02-16 13:03:16,058 [49e1ea80-2a9c-4fc6-9dfd-fcdc1670084a-groupManagement] INFO  server.RaftServerConfigKeys (ConfUtils.java:logGet(46)) - raft.server.log.async-flush.enabled = false (default)
2025-02-16 13:03:16,058 [49e1ea80-2a9c-4fc6-9dfd-fcdc1670084a-groupManagement] INFO  server.RaftServerConfigKeys (ConfUtils.java:logGet(46)) - raft.server.log.statemachine.data.caching.enabled = true (custom)
2025-02-16 13:03:16,058 [49e1ea80-2a9c-4fc6-9dfd-fcdc1670084a-groupManagement] INFO  segmented.SegmentedRaftLogWorker (SegmentedRaftLogWorker.java:lambda$new$0(139)) - 49e1ea80-2a9c-4fc6-9dfd-fcdc1670084a@group-E6A5FEE08FEB-SegmentedRaftLogWorker: flushIndex: setUnconditionally 0 -> -1
2025-02-16 13:03:16,059 [49e1ea80-2a9c-4fc6-9dfd-fcdc1670084a-groupManagement] INFO  segmented.SegmentedRaftLogWorker (SegmentedRaftLogWorker.java:lambda$new$0(139)) - 49e1ea80-2a9c-4fc6-9dfd-fcdc1670084a@group-E6A5FEE08FEB-SegmentedRaftLogWorker: safeCacheEvictIndex: setUnconditionally 0 -> -1
2025-02-16 13:03:16,059 [49e1ea80-2a9c-4fc6-9dfd-fcdc1670084a-groupManagement] INFO  server.RaftServer$Division (RaftServerImpl.java:start(391)) - 49e1ea80-2a9c-4fc6-9dfd-fcdc1670084a@group-E6A5FEE08FEB: start as a follower, conf=conf: {index: -1, cur=peers:[49e1ea80-2a9c-4fc6-9dfd-fcdc1670084a|127.0.0.1:15147, 9e04f330-63f7-447c-8500-8939715d6f40|127.0.0.1:15156, b381b084-c55c-4dbb-889c-469a9420fe3b|127.0.0.1:15138]|listeners:[], old=null}
2025-02-16 13:03:16,059 [49e1ea80-2a9c-4fc6-9dfd-fcdc1670084a-groupManagement] INFO  server.RaftServer$Division (RaftServerImpl.java:setRole(378)) - 49e1ea80-2a9c-4fc6-9dfd-fcdc1670084a@group-E6A5FEE08FEB: changes role from      null to FOLLOWER at term 0 for startAsFollower
2025-02-16 13:03:16,059 [49e1ea80-2a9c-4fc6-9dfd-fcdc1670084a-groupManagement] INFO  impl.RoleInfo (RoleInfo.java:updateAndGet(148)) - 49e1ea80-2a9c-4fc6-9dfd-fcdc1670084a: start 49e1ea80-2a9c-4fc6-9dfd-fcdc1670084a@group-E6A5FEE08FEB-FollowerState
2025-02-16 13:03:16,059 [49e1ea80-2a9c-4fc6-9dfd-fcdc1670084a@group-E6A5FEE08FEB-FollowerState] INFO  server.RaftServerConfigKeys (ConfUtils.java:logFallback(53)) - raft.server.rpc.first-election.timeout.min = 5s (fallback to raft.server.rpc.timeout.min)
2025-02-16 13:03:16,059 [49e1ea80-2a9c-4fc6-9dfd-fcdc1670084a@group-E6A5FEE08FEB-FollowerState] INFO  server.RaftServerConfigKeys (ConfUtils.java:logFallback(53)) - raft.server.rpc.first-election.timeout.max = 5200ms (fallback to raft.server.rpc.timeout.max)
2025-02-16 13:03:16,059 [49e1ea80-2a9c-4fc6-9dfd-fcdc1670084a-groupManagement] INFO  util.JmxRegister (JmxRegister.java:tryRegister(44)) - Successfully registered JMX Bean with object name Ratis:service=RaftServer,group=group-E6A5FEE08FEB,id=49e1ea80-2a9c-4fc6-9dfd-fcdc1670084a
2025-02-16 13:03:16,059 [49e1ea80-2a9c-4fc6-9dfd-fcdc1670084a-groupManagement] INFO  util.JmxRegister (JmxRegister.java:register(58)) - register mxBean class org.apache.ratis.server.impl.RaftServerJmxAdapter as Ratis:service=RaftServer,group=group-E6A5FEE08FEB,id=49e1ea80-2a9c-4fc6-9dfd-fcdc1670084a
2025-02-16 13:03:16,059 [49e1ea80-2a9c-4fc6-9dfd-fcdc1670084a-groupManagement] INFO  server.RaftServerConfigKeys (ConfUtils.java:logGet(46)) - raft.server.snapshot.trigger-when-stop.enabled = true (default)
2025-02-16 13:03:16,059 [49e1ea80-2a9c-4fc6-9dfd-fcdc1670084a-groupManagement] INFO  server.RaftServerConfigKeys (ConfUtils.java:logGet(46)) - raft.server.snapshot.trigger-when-remove.enabled = true (default)
2025-02-16 13:03:16,059 [49e1ea80-2a9c-4fc6-9dfd-fcdc1670084a-groupManagement] INFO  server.RaftServerConfigKeys (ConfUtils.java:logGet(46)) - raft.server.snapshot.auto.trigger.enabled = true (custom)
2025-02-16 13:03:16,060 [49e1ea80-2a9c-4fc6-9dfd-fcdc1670084a-groupManagement] INFO  server.RaftServerConfigKeys (ConfUtils.java:logGet(46)) - raft.server.snapshot.auto.trigger.threshold = 100000 (custom)
2025-02-16 13:03:16,060 [49e1ea80-2a9c-4fc6-9dfd-fcdc1670084a-groupManagement] INFO  server.RaftServerConfigKeys (ConfUtils.java:logGet(46)) - raft.server.snapshot.retention.file.num = 5 (custom)
2025-02-16 13:03:16,060 [49e1ea80-2a9c-4fc6-9dfd-fcdc1670084a-groupManagement] INFO  server.RaftServerConfigKeys (ConfUtils.java:logGet(46)) - raft.server.log.purge.upto.snapshot.index = false (default)
2025-02-16 13:03:16,060 [49e1ea80-2a9c-4fc6-9dfd-fcdc1670084a-groupManagement] INFO  server.RaftServer$Division (RaftServerImpl.java:start(405)) - 49e1ea80-2a9c-4fc6-9dfd-fcdc1670084a@group-E6A5FEE08FEB: Successfully started.
2025-02-16 13:03:16,062 [b381b084-c55c-4dbb-889c-469a9420fe3b-PipelineCommandHandlerThread-0] INFO  commandhandler.CreatePipelineCommandHandler (CreatePipelineCommandHandler.java:lambda$handle$2(128)) - Created Pipeline RATIS THREE PipelineID=f52a4d2f-60f5-4844-bc3c-e6a5fee08feb.
2025-02-16 13:03:16,120 [49e1ea80-2a9c-4fc6-9dfd-fcdc1670084a-PipelineCommandHandlerThread-0] INFO  server.RaftServer (RaftServerProxy.java:addNew(100)) - 49e1ea80-2a9c-4fc6-9dfd-fcdc1670084a: addNew group-DEC212C26871:[49e1ea80-2a9c-4fc6-9dfd-fcdc1670084a|127.0.0.1:15147] returns group-DEC212C26871:java.util.concurrent.CompletableFuture@5a212c00[Not completed]
2025-02-16 13:03:16,121 [49e1ea80-2a9c-4fc6-9dfd-fcdc1670084a-groupManagement] INFO  server.RaftServer$Division (RaftServerImpl.java:<init>(255)) - 49e1ea80-2a9c-4fc6-9dfd-fcdc1670084a: new RaftServerImpl for group-DEC212C26871:[49e1ea80-2a9c-4fc6-9dfd-fcdc1670084a|127.0.0.1:15147] with ContainerStateMachine:uninitialized
2025-02-16 13:03:16,121 [49e1ea80-2a9c-4fc6-9dfd-fcdc1670084a-groupManagement] INFO  server.RaftServerConfigKeys (ConfUtils.java:logGet(46)) - raft.server.rpc.timeout.min = 5s (custom)
2025-02-16 13:03:16,121 [49e1ea80-2a9c-4fc6-9dfd-fcdc1670084a-groupManagement] INFO  server.RaftServerConfigKeys (ConfUtils.java:logGet(46)) - raft.server.rpc.timeout.max = 5200ms (custom)
2025-02-16 13:03:16,121 [49e1ea80-2a9c-4fc6-9dfd-fcdc1670084a-groupManagement] INFO  server.RaftServerConfigKeys (ConfUtils.java:logGet(46)) - raft.server.rpc.sleep.time = 25ms (default)
2025-02-16 13:03:16,121 [49e1ea80-2a9c-4fc6-9dfd-fcdc1670084a-groupManagement] INFO  server.RaftServerConfigKeys (ConfUtils.java:logGet(46)) - raft.server.rpc.slowness.timeout = 300s (custom)
2025-02-16 13:03:16,121 [49e1ea80-2a9c-4fc6-9dfd-fcdc1670084a-groupManagement] INFO  server.RaftServerConfigKeys (ConfUtils.java:logGet(46)) - raft.server.leaderelection.leader.step-down.wait-time = 10s (default)
2025-02-16 13:03:16,121 [49e1ea80-2a9c-4fc6-9dfd-fcdc1670084a-groupManagement] INFO  server.RaftServerConfigKeys (ConfUtils.java:logGet(46)) - raft.server.leaderelection.member.majority-add = false (default)
2025-02-16 13:03:16,121 [49e1ea80-2a9c-4fc6-9dfd-fcdc1670084a-groupManagement] INFO  server.RaftServerConfigKeys (ConfUtils.java:logGet(46)) - raft.server.sleep.deviation.threshold = 300ms (default)
2025-02-16 13:03:16,121 [49e1ea80-2a9c-4fc6-9dfd-fcdc1670084a-groupManagement] INFO  server.RaftServer$Division (ServerState.java:<init>(114)) - 49e1ea80-2a9c-4fc6-9dfd-fcdc1670084a@group-DEC212C26871: ConfigurationManager, init=conf: {index: -1, cur=peers:[49e1ea80-2a9c-4fc6-9dfd-fcdc1670084a|127.0.0.1:15147]|listeners:[], old=null}, confs=<EMPTY_MAP>
2025-02-16 13:03:16,121 [49e1ea80-2a9c-4fc6-9dfd-fcdc1670084a-groupManagement] INFO  server.RaftServerConfigKeys (ConfUtils.java:logGet(46)) - raft.server.notification.no-leader.timeout = 300s (custom)
2025-02-16 13:03:16,121 [49e1ea80-2a9c-4fc6-9dfd-fcdc1670084a-groupManagement] INFO  server.RaftServerConfigKeys (ConfUtils.java:logGet(46)) - raft.server.read.timeout = 10s (default)
2025-02-16 13:03:16,121 [49e1ea80-2a9c-4fc6-9dfd-fcdc1670084a-groupManagement] INFO  server.RaftServerConfigKeys (ConfUtils.java:logGet(46)) - raft.server.retrycache.expirytime = 600000ms (custom)
2025-02-16 13:03:16,121 [49e1ea80-2a9c-4fc6-9dfd-fcdc1670084a-groupManagement] INFO  server.RaftServerConfigKeys (ConfUtils.java:logGet(46)) - raft.server.retrycache.statistics.expirytime = 100ms (default)
2025-02-16 13:03:16,121 [49e1ea80-2a9c-4fc6-9dfd-fcdc1670084a-groupManagement] INFO  server.RaftServerConfigKeys (ConfUtils.java:logGet(46)) - raft.server.read.option = DEFAULT (default)
2025-02-16 13:03:16,121 [49e1ea80-2a9c-4fc6-9dfd-fcdc1670084a-groupManagement] INFO  server.RaftServerConfigKeys (ConfUtils.java:logGet(46)) - raft.server.read.read-after-write-consistent.write-index-cache.expiry-time = 60s (default)
2025-02-16 13:03:16,124 [49e1ea80-2a9c-4fc6-9dfd-fcdc1670084a-groupManagement] INFO  server.RaftServerConfigKeys (ConfUtils.java:logGet(46)) - raft.server.rpc.request.timeout = 60s (custom)
2025-02-16 13:03:16,124 [49e1ea80-2a9c-4fc6-9dfd-fcdc1670084a-groupManagement] INFO  server.RaftServerConfigKeys (ConfUtils.java:logGet(46)) - raft.server.log.appender.install.snapshot.enabled = false (custom)
2025-02-16 13:03:16,124 [49e1ea80-2a9c-4fc6-9dfd-fcdc1670084a-groupManagement] INFO  server.RaftServerConfigKeys (ConfUtils.java:logGet(46)) - raft.server.threadpool.server.cached = true (default)
2025-02-16 13:03:16,124 [49e1ea80-2a9c-4fc6-9dfd-fcdc1670084a-groupManagement] INFO  server.RaftServerConfigKeys (ConfUtils.java:logGet(46)) - raft.server.threadpool.server.size = 0 (default)
2025-02-16 13:03:16,124 [49e1ea80-2a9c-4fc6-9dfd-fcdc1670084a-groupManagement] INFO  server.RaftServerConfigKeys (ConfUtils.java:logGet(46)) - raft.server.threadpool.client.cached = true (default)
2025-02-16 13:03:16,124 [49e1ea80-2a9c-4fc6-9dfd-fcdc1670084a-groupManagement] INFO  server.RaftServerConfigKeys (ConfUtils.java:logGet(46)) - raft.server.threadpool.client.size = 0 (default)
2025-02-16 13:03:16,124 [49e1ea80-2a9c-4fc6-9dfd-fcdc1670084a-groupManagement] INFO  server.RaftServerConfigKeys (ConfUtils.java:logGet(46)) - raft.server.storage.free-space.min = 0MB (=0) (default)
2025-02-16 13:03:16,124 [49e1ea80-2a9c-4fc6-9dfd-fcdc1670084a-groupManagement] INFO  server.RaftServerConfigKeys (ConfUtils.java:logGet(46)) - raft.server.log.corruption.policy = EXCEPTION (default)
2025-02-16 13:03:16,124 [49e1ea80-2a9c-4fc6-9dfd-fcdc1670084a-groupManagement] INFO  server.RaftServerConfigKeys (ConfUtils.java:logGet(46)) - raft.server.storage.dir = [/home/runner/work/ozone/ozone/hadoop-ozone/integration-test/target/test-dir/MiniOzoneClusterImpl-8cdb299b-b154-4fd3-af09-aa8d0bad65b8/ozone-meta/datanode-2/ratis] (custom)
2025-02-16 13:03:16,124 [49e1ea80-2a9c-4fc6-9dfd-fcdc1670084a-groupManagement] INFO  storage.RaftStorageDirectory (RaftStorageDirectoryImpl.java:analyzeStorage(138)) - The storage directory /home/runner/work/ozone/ozone/hadoop-ozone/integration-test/target/test-dir/MiniOzoneClusterImpl-8cdb299b-b154-4fd3-af09-aa8d0bad65b8/ozone-meta/datanode-2/ratis/8966a0be-ef4e-4fe4-9812-dec212c26871 does not exist. Creating ...
2025-02-16 13:03:16,125 [49e1ea80-2a9c-4fc6-9dfd-fcdc1670084a-groupManagement] INFO  storage.RaftStorageDirectory (RaftStorageDirectoryImpl.java:tryLock(229)) - Lock on /home/runner/work/ozone/ozone/hadoop-ozone/integration-test/target/test-dir/MiniOzoneClusterImpl-8cdb299b-b154-4fd3-af09-aa8d0bad65b8/ozone-meta/datanode-2/ratis/8966a0be-ef4e-4fe4-9812-dec212c26871/in_use.lock acquired by nodename 113671@fv-az1944-819
2025-02-16 13:03:16,126 [49e1ea80-2a9c-4fc6-9dfd-fcdc1670084a-groupManagement] INFO  storage.RaftStorage (RaftStorageImpl.java:format(98)) - Storage directory /home/runner/work/ozone/ozone/hadoop-ozone/integration-test/target/test-dir/MiniOzoneClusterImpl-8cdb299b-b154-4fd3-af09-aa8d0bad65b8/ozone-meta/datanode-2/ratis/8966a0be-ef4e-4fe4-9812-dec212c26871 has been successfully formatted.
2025-02-16 13:03:16,127 [49e1ea80-2a9c-4fc6-9dfd-fcdc1670084a-groupManagement] INFO  ratis.ContainerStateMachine (ContainerStateMachine.java:initialize(300)) - 49e1ea80-2a9c-4fc6-9dfd-fcdc1670084a: initialize group-DEC212C26871
2025-02-16 13:03:16,127 [49e1ea80-2a9c-4fc6-9dfd-fcdc1670084a-groupManagement] INFO  ratis.ContainerStateMachine (ContainerStateMachine.java:loadSnapshot(308)) - group-DEC212C26871: The snapshot info is null. Setting the last applied index to:(t:0, i:~)
2025-02-16 13:03:16,127 [49e1ea80-2a9c-4fc6-9dfd-fcdc1670084a-groupManagement] INFO  server.RaftServerConfigKeys (ConfUtils.java:logGet(46)) - raft.server.log.use.memory = false (default)
2025-02-16 13:03:16,127 [49e1ea80-2a9c-4fc6-9dfd-fcdc1670084a-groupManagement] INFO  server.RaftServerConfigKeys (ConfUtils.java:logGet(46)) - raft.server.log.purge.gap = 1000000 (custom)
2025-02-16 13:03:16,127 [49e1ea80-2a9c-4fc6-9dfd-fcdc1670084a-groupManagement] INFO  server.RaftServerConfigKeys (ConfUtils.java:logGet(46)) - raft.server.log.appender.buffer.byte-limit = 33554432 (custom)
2025-02-16 13:03:16,127 [49e1ea80-2a9c-4fc6-9dfd-fcdc1670084a-groupManagement] INFO  server.RaftServerConfigKeys (ConfUtils.java:logGet(46)) - raft.server.log.statemachine.data.read.timeout = 1000ms (default)
2025-02-16 13:03:16,127 [49e1ea80-2a9c-4fc6-9dfd-fcdc1670084a-groupManagement] INFO  server.RaftServerConfigKeys (ConfUtils.java:logGet(46)) - raft.server.log.purge.preservation.log.num = 0 (default)
2025-02-16 13:03:16,128 [49e1ea80-2a9c-4fc6-9dfd-fcdc1670084a-groupManagement] INFO  server.RaftServerConfigKeys (ConfUtils.java:logGet(46)) - raft.server.log.segment.size.max = 67108864 (custom)
2025-02-16 13:03:16,128 [49e1ea80-2a9c-4fc6-9dfd-fcdc1670084a-groupManagement] INFO  server.RaftServerConfigKeys (ConfUtils.java:logGet(46)) - raft.server.log.segment.cache.num.max = 2 (custom)
2025-02-16 13:03:16,128 [49e1ea80-2a9c-4fc6-9dfd-fcdc1670084a-groupManagement] INFO  server.RaftServerConfigKeys (ConfUtils.java:logGet(46)) - raft.server.log.segment.cache.size.max = 200MB (=209715200) (default)
2025-02-16 13:03:16,128 [49e1ea80-2a9c-4fc6-9dfd-fcdc1670084a-groupManagement] INFO  server.RaftServerConfigKeys (ConfUtils.java:logGet(46)) - raft.server.log.appender.buffer.byte-limit = 33554432 (custom)
2025-02-16 13:03:16,129 [49e1ea80-2a9c-4fc6-9dfd-fcdc1670084a-groupManagement] INFO  util.AwaitToRun (AwaitToRun.java:start(81)) - Thread[#3652,49e1ea80-2a9c-4fc6-9dfd-fcdc1670084a@group-DEC212C26871-cacheEviction-AwaitToRun,5,main] started
2025-02-16 13:03:16,129 [49e1ea80-2a9c-4fc6-9dfd-fcdc1670084a-groupManagement] INFO  segmented.SegmentedRaftLogWorker (SegmentedRaftLogWorker.java:<init>(188)) - new 49e1ea80-2a9c-4fc6-9dfd-fcdc1670084a@group-DEC212C26871-SegmentedRaftLogWorker for RaftStorageImpl:Storage Directory /home/runner/work/ozone/ozone/hadoop-ozone/integration-test/target/test-dir/MiniOzoneClusterImpl-8cdb299b-b154-4fd3-af09-aa8d0bad65b8/ozone-meta/datanode-2/ratis/8966a0be-ef4e-4fe4-9812-dec212c26871
2025-02-16 13:03:16,129 [49e1ea80-2a9c-4fc6-9dfd-fcdc1670084a-groupManagement] INFO  server.RaftServerConfigKeys (ConfUtils.java:logGet(46)) - raft.server.log.queue.byte-limit = 4294967296 (custom)
2025-02-16 13:03:16,129 [49e1ea80-2a9c-4fc6-9dfd-fcdc1670084a-groupManagement] INFO  server.RaftServerConfigKeys (ConfUtils.java:logGet(46)) - raft.server.log.queue.element-limit = 1024 (custom)
2025-02-16 13:03:16,129 [49e1ea80-2a9c-4fc6-9dfd-fcdc1670084a-groupManagement] INFO  server.RaftServerConfigKeys (ConfUtils.java:logGet(46)) - raft.server.log.segment.size.max = 67108864 (custom)
2025-02-16 13:03:16,129 [49e1ea80-2a9c-4fc6-9dfd-fcdc1670084a-groupManagement] INFO  server.RaftServerConfigKeys (ConfUtils.java:logGet(46)) - raft.server.log.preallocated.size = 4194304 (custom)
2025-02-16 13:03:16,129 [49e1ea80-2a9c-4fc6-9dfd-fcdc1670084a-groupManagement] INFO  server.RaftServerConfigKeys (ConfUtils.java:logGet(46)) - raft.server.log.force.sync.num = 128 (default)
2025-02-16 13:03:16,129 [49e1ea80-2a9c-4fc6-9dfd-fcdc1670084a-groupManagement] INFO  server.RaftServerConfigKeys (ConfUtils.java:logGet(46)) - raft.server.log.statemachine.data.sync = true (default)
2025-02-16 13:03:16,129 [49e1ea80-2a9c-4fc6-9dfd-fcdc1670084a-groupManagement] INFO  server.RaftServerConfigKeys (ConfUtils.java:logGet(46)) - raft.server.log.statemachine.data.sync.timeout = 10s (default)
2025-02-16 13:03:16,129 [49e1ea80-2a9c-4fc6-9dfd-fcdc1670084a-groupManagement] INFO  server.RaftServerConfigKeys (ConfUtils.java:logGet(46)) - raft.server.log.statemachine.data.sync.timeout.retry = 30 (custom)
2025-02-16 13:03:16,129 [49e1ea80-2a9c-4fc6-9dfd-fcdc1670084a-groupManagement] INFO  server.RaftServerConfigKeys (ConfUtils.java:logGet(46)) - raft.server.log.write.buffer.size = 33554440 (custom)
2025-02-16 13:03:16,130 [257e952a-4980-4b97-a405-9e28f64fa058@group-AA8D0BAD65B8-StateMachineUpdater] INFO  safemode.HealthyPipelineSafeModeRule (HealthyPipelineSafeModeRule.java:initializeRule(173)) - Refreshed total pipeline count is 0, healthy pipeline threshold count is 1
2025-02-16 13:03:16,131 [scmNode-1-EventQueue-PipelineReportForPipelineReportHandler] INFO  pipeline.PipelineReportHandler (PipelineReportHandler.java:processPipelineReport(141)) - Opened pipeline PipelineID=8966a0be-ef4e-4fe4-9812-dec212c26871
2025-02-16 13:03:16,131 [scmNode-1-EventQueue-OpenPipelineForHealthyPipelineSafeModeRule] INFO  safemode.SCMSafeModeManager (HealthyPipelineSafeModeRule.java:process(141)) - SCM in safe mode. Healthy pipelines reported count is 0, required healthy pipeline reported count is 1
2025-02-16 13:03:16,133 [49e1ea80-2a9c-4fc6-9dfd-fcdc1670084a-groupManagement] INFO  server.RaftServerConfigKeys (ConfUtils.java:logGet(46)) - raft.server.log.appender.buffer.byte-limit = 33554432 (custom)
2025-02-16 13:03:16,133 [49e1ea80-2a9c-4fc6-9dfd-fcdc1670084a-groupManagement] INFO  server.RaftServerConfigKeys (ConfUtils.java:logGet(46)) - raft.server.log.unsafe-flush.enabled = false (default)
2025-02-16 13:03:16,133 [49e1ea80-2a9c-4fc6-9dfd-fcdc1670084a-groupManagement] INFO  server.RaftServerConfigKeys (ConfUtils.java:logGet(46)) - raft.server.log.async-flush.enabled = false (default)
2025-02-16 13:03:16,133 [49e1ea80-2a9c-4fc6-9dfd-fcdc1670084a-groupManagement] INFO  server.RaftServerConfigKeys (ConfUtils.java:logGet(46)) - raft.server.log.statemachine.data.caching.enabled = true (custom)
2025-02-16 13:03:16,134 [49e1ea80-2a9c-4fc6-9dfd-fcdc1670084a-groupManagement] INFO  segmented.SegmentedRaftLogWorker (SegmentedRaftLogWorker.java:lambda$new$0(139)) - 49e1ea80-2a9c-4fc6-9dfd-fcdc1670084a@group-DEC212C26871-SegmentedRaftLogWorker: flushIndex: setUnconditionally 0 -> -1
2025-02-16 13:03:16,134 [49e1ea80-2a9c-4fc6-9dfd-fcdc1670084a-groupManagement] INFO  segmented.SegmentedRaftLogWorker (SegmentedRaftLogWorker.java:lambda$new$0(139)) - 49e1ea80-2a9c-4fc6-9dfd-fcdc1670084a@group-DEC212C26871-SegmentedRaftLogWorker: safeCacheEvictIndex: setUnconditionally 0 -> -1
2025-02-16 13:03:16,134 [49e1ea80-2a9c-4fc6-9dfd-fcdc1670084a-groupManagement] INFO  server.RaftServer$Division (RaftServerImpl.java:start(391)) - 49e1ea80-2a9c-4fc6-9dfd-fcdc1670084a@group-DEC212C26871: start as a follower, conf=conf: {index: -1, cur=peers:[49e1ea80-2a9c-4fc6-9dfd-fcdc1670084a|127.0.0.1:15147]|listeners:[], old=null}
2025-02-16 13:03:16,134 [49e1ea80-2a9c-4fc6-9dfd-fcdc1670084a-groupManagement] INFO  server.RaftServer$Division (RaftServerImpl.java:setRole(378)) - 49e1ea80-2a9c-4fc6-9dfd-fcdc1670084a@group-DEC212C26871: changes role from      null to FOLLOWER at term 0 for startAsFollower
2025-02-16 13:03:16,134 [49e1ea80-2a9c-4fc6-9dfd-fcdc1670084a-groupManagement] INFO  impl.RoleInfo (RoleInfo.java:updateAndGet(148)) - 49e1ea80-2a9c-4fc6-9dfd-fcdc1670084a: start 49e1ea80-2a9c-4fc6-9dfd-fcdc1670084a@group-DEC212C26871-FollowerState
2025-02-16 13:03:16,134 [49e1ea80-2a9c-4fc6-9dfd-fcdc1670084a@group-DEC212C26871-FollowerState] INFO  server.RaftServerConfigKeys (ConfUtils.java:logFallback(53)) - raft.server.rpc.first-election.timeout.min = 5s (fallback to raft.server.rpc.timeout.min)
2025-02-16 13:03:16,134 [49e1ea80-2a9c-4fc6-9dfd-fcdc1670084a@group-DEC212C26871-FollowerState] INFO  server.RaftServerConfigKeys (ConfUtils.java:logFallback(53)) - raft.server.rpc.first-election.timeout.max = 5200ms (fallback to raft.server.rpc.timeout.max)
2025-02-16 13:03:16,134 [49e1ea80-2a9c-4fc6-9dfd-fcdc1670084a-groupManagement] INFO  util.JmxRegister (JmxRegister.java:tryRegister(44)) - Successfully registered JMX Bean with object name Ratis:service=RaftServer,group=group-DEC212C26871,id=49e1ea80-2a9c-4fc6-9dfd-fcdc1670084a
2025-02-16 13:03:16,134 [49e1ea80-2a9c-4fc6-9dfd-fcdc1670084a-groupManagement] INFO  util.JmxRegister (JmxRegister.java:register(58)) - register mxBean class org.apache.ratis.server.impl.RaftServerJmxAdapter as Ratis:service=RaftServer,group=group-DEC212C26871,id=49e1ea80-2a9c-4fc6-9dfd-fcdc1670084a
2025-02-16 13:03:16,134 [49e1ea80-2a9c-4fc6-9dfd-fcdc1670084a-groupManagement] INFO  server.RaftServerConfigKeys (ConfUtils.java:logGet(46)) - raft.server.snapshot.trigger-when-stop.enabled = true (default)
2025-02-16 13:03:16,135 [49e1ea80-2a9c-4fc6-9dfd-fcdc1670084a-groupManagement] INFO  server.RaftServerConfigKeys (ConfUtils.java:logGet(46)) - raft.server.snapshot.trigger-when-remove.enabled = true (default)
2025-02-16 13:03:16,135 [49e1ea80-2a9c-4fc6-9dfd-fcdc1670084a-groupManagement] INFO  server.RaftServerConfigKeys (ConfUtils.java:logGet(46)) - raft.server.snapshot.auto.trigger.enabled = true (custom)
2025-02-16 13:03:16,135 [49e1ea80-2a9c-4fc6-9dfd-fcdc1670084a-groupManagement] INFO  server.RaftServerConfigKeys (ConfUtils.java:logGet(46)) - raft.server.snapshot.auto.trigger.threshold = 100000 (custom)
2025-02-16 13:03:16,135 [49e1ea80-2a9c-4fc6-9dfd-fcdc1670084a-groupManagement] INFO  server.RaftServerConfigKeys (ConfUtils.java:logGet(46)) - raft.server.snapshot.retention.file.num = 5 (custom)
2025-02-16 13:03:16,135 [49e1ea80-2a9c-4fc6-9dfd-fcdc1670084a-groupManagement] INFO  server.RaftServerConfigKeys (ConfUtils.java:logGet(46)) - raft.server.log.purge.upto.snapshot.index = false (default)
2025-02-16 13:03:16,135 [49e1ea80-2a9c-4fc6-9dfd-fcdc1670084a-groupManagement] INFO  server.RaftServer$Division (RaftServerImpl.java:start(405)) - 49e1ea80-2a9c-4fc6-9dfd-fcdc1670084a@group-DEC212C26871: Successfully started.
2025-02-16 13:03:16,135 [49e1ea80-2a9c-4fc6-9dfd-fcdc1670084a-PipelineCommandHandlerThread-0] INFO  ratis.XceiverServerRatis (XceiverServerRatis.java:addGroup(841)) - Created group PipelineID=8966a0be-ef4e-4fe4-9812-dec212c26871
2025-02-16 13:03:16,135 [49e1ea80-2a9c-4fc6-9dfd-fcdc1670084a-PipelineCommandHandlerThread-0] INFO  commandhandler.CreatePipelineCommandHandler (CreatePipelineCommandHandler.java:lambda$handle$2(128)) - Created Pipeline RATIS ONE PipelineID=8966a0be-ef4e-4fe4-9812-dec212c26871.
2025-02-16 13:03:16,318 [9e04f330-63f7-447c-8500-8939715d6f40-PipelineCommandHandlerThread-0] INFO  server.RaftServer (RaftServerProxy.java:addNew(100)) - 9e04f330-63f7-447c-8500-8939715d6f40: addNew group-45685D50A505:[9e04f330-63f7-447c-8500-8939715d6f40|127.0.0.1:15156] returns group-45685D50A505:java.util.concurrent.CompletableFuture@2e5c328e[Not completed]
2025-02-16 13:03:16,319 [9e04f330-63f7-447c-8500-8939715d6f40-groupManagement] INFO  server.RaftServer$Division (RaftServerImpl.java:<init>(255)) - 9e04f330-63f7-447c-8500-8939715d6f40: new RaftServerImpl for group-45685D50A505:[9e04f330-63f7-447c-8500-8939715d6f40|127.0.0.1:15156] with ContainerStateMachine:uninitialized
2025-02-16 13:03:16,319 [9e04f330-63f7-447c-8500-8939715d6f40-groupManagement] INFO  server.RaftServerConfigKeys (ConfUtils.java:logGet(46)) - raft.server.rpc.timeout.min = 5s (custom)
2025-02-16 13:03:16,319 [9e04f330-63f7-447c-8500-8939715d6f40-groupManagement] INFO  server.RaftServerConfigKeys (ConfUtils.java:logGet(46)) - raft.server.rpc.timeout.max = 5200ms (custom)
2025-02-16 13:03:16,319 [9e04f330-63f7-447c-8500-8939715d6f40-groupManagement] INFO  server.RaftServerConfigKeys (ConfUtils.java:logGet(46)) - raft.server.rpc.sleep.time = 25ms (default)
2025-02-16 13:03:16,319 [9e04f330-63f7-447c-8500-8939715d6f40-groupManagement] INFO  server.RaftServerConfigKeys (ConfUtils.java:logGet(46)) - raft.server.rpc.slowness.timeout = 300s (custom)
2025-02-16 13:03:16,319 [9e04f330-63f7-447c-8500-8939715d6f40-groupManagement] INFO  server.RaftServerConfigKeys (ConfUtils.java:logGet(46)) - raft.server.leaderelection.leader.step-down.wait-time = 10s (default)
2025-02-16 13:03:16,319 [9e04f330-63f7-447c-8500-8939715d6f40-groupManagement] INFO  server.RaftServerConfigKeys (ConfUtils.java:logGet(46)) - raft.server.leaderelection.member.majority-add = false (default)
2025-02-16 13:03:16,319 [9e04f330-63f7-447c-8500-8939715d6f40-groupManagement] INFO  server.RaftServerConfigKeys (ConfUtils.java:logGet(46)) - raft.server.sleep.deviation.threshold = 300ms (default)
2025-02-16 13:03:16,319 [9e04f330-63f7-447c-8500-8939715d6f40-groupManagement] INFO  server.RaftServer$Division (ServerState.java:<init>(114)) - 9e04f330-63f7-447c-8500-8939715d6f40@group-45685D50A505: ConfigurationManager, init=conf: {index: -1, cur=peers:[9e04f330-63f7-447c-8500-8939715d6f40|127.0.0.1:15156]|listeners:[], old=null}, confs=<EMPTY_MAP>
2025-02-16 13:03:16,319 [9e04f330-63f7-447c-8500-8939715d6f40-groupManagement] INFO  server.RaftServerConfigKeys (ConfUtils.java:logGet(46)) - raft.server.notification.no-leader.timeout = 300s (custom)
2025-02-16 13:03:16,319 [9e04f330-63f7-447c-8500-8939715d6f40-groupManagement] INFO  server.RaftServerConfigKeys (ConfUtils.java:logGet(46)) - raft.server.read.timeout = 10s (default)
2025-02-16 13:03:16,319 [9e04f330-63f7-447c-8500-8939715d6f40-groupManagement] INFO  server.RaftServerConfigKeys (ConfUtils.java:logGet(46)) - raft.server.retrycache.expirytime = 600000ms (custom)
2025-02-16 13:03:16,319 [9e04f330-63f7-447c-8500-8939715d6f40-groupManagement] INFO  server.RaftServerConfigKeys (ConfUtils.java:logGet(46)) - raft.server.retrycache.statistics.expirytime = 100ms (default)
2025-02-16 13:03:16,319 [9e04f330-63f7-447c-8500-8939715d6f40-groupManagement] INFO  server.RaftServerConfigKeys (ConfUtils.java:logGet(46)) - raft.server.read.option = DEFAULT (default)
2025-02-16 13:03:16,319 [9e04f330-63f7-447c-8500-8939715d6f40-groupManagement] INFO  server.RaftServerConfigKeys (ConfUtils.java:logGet(46)) - raft.server.read.read-after-write-consistent.write-index-cache.expiry-time = 60s (default)
2025-02-16 13:03:16,320 [main] INFO  ozone.MiniOzoneClusterImpl (MiniOzoneClusterImpl.java:lambda$waitForClusterToBeReady$0(211)) - Nodes are ready. Got 3 of 3 DN Heartbeats.
2025-02-16 13:03:16,320 [main] INFO  ozone.MiniOzoneClusterImpl (MiniOzoneClusterImpl.java:lambda$waitForClusterToBeReady$0(214)) - Waiting for cluster to exit safe mode
2025-02-16 13:03:16,320 [main] INFO  ozone.MiniOzoneClusterImpl (MiniOzoneClusterImpl.java:lambda$waitForClusterToBeReady$0(216)) - SCM became leader
2025-02-16 13:03:16,321 [9e04f330-63f7-447c-8500-8939715d6f40-groupManagement] INFO  server.RaftServerConfigKeys (ConfUtils.java:logGet(46)) - raft.server.rpc.request.timeout = 60s (custom)
2025-02-16 13:03:16,321 [9e04f330-63f7-447c-8500-8939715d6f40-groupManagement] INFO  server.RaftServerConfigKeys (ConfUtils.java:logGet(46)) - raft.server.log.appender.install.snapshot.enabled = false (custom)
2025-02-16 13:03:16,321 [9e04f330-63f7-447c-8500-8939715d6f40-groupManagement] INFO  server.RaftServerConfigKeys (ConfUtils.java:logGet(46)) - raft.server.threadpool.server.cached = true (default)
2025-02-16 13:03:16,321 [9e04f330-63f7-447c-8500-8939715d6f40-groupManagement] INFO  server.RaftServerConfigKeys (ConfUtils.java:logGet(46)) - raft.server.threadpool.server.size = 0 (default)
2025-02-16 13:03:16,321 [9e04f330-63f7-447c-8500-8939715d6f40-groupManagement] INFO  server.RaftServerConfigKeys (ConfUtils.java:logGet(46)) - raft.server.threadpool.client.cached = true (default)
2025-02-16 13:03:16,321 [9e04f330-63f7-447c-8500-8939715d6f40-groupManagement] INFO  server.RaftServerConfigKeys (ConfUtils.java:logGet(46)) - raft.server.threadpool.client.size = 0 (default)
2025-02-16 13:03:16,321 [9e04f330-63f7-447c-8500-8939715d6f40-groupManagement] INFO  server.RaftServerConfigKeys (ConfUtils.java:logGet(46)) - raft.server.storage.free-space.min = 0MB (=0) (default)
2025-02-16 13:03:16,321 [9e04f330-63f7-447c-8500-8939715d6f40-groupManagement] INFO  server.RaftServerConfigKeys (ConfUtils.java:logGet(46)) - raft.server.log.corruption.policy = EXCEPTION (default)
2025-02-16 13:03:16,321 [9e04f330-63f7-447c-8500-8939715d6f40-groupManagement] INFO  server.RaftServerConfigKeys (ConfUtils.java:logGet(46)) - raft.server.storage.dir = [/home/runner/work/ozone/ozone/hadoop-ozone/integration-test/target/test-dir/MiniOzoneClusterImpl-8cdb299b-b154-4fd3-af09-aa8d0bad65b8/ozone-meta/datanode-3/ratis] (custom)
2025-02-16 13:03:16,322 [9e04f330-63f7-447c-8500-8939715d6f40-groupManagement] INFO  storage.RaftStorageDirectory (RaftStorageDirectoryImpl.java:analyzeStorage(138)) - The storage directory /home/runner/work/ozone/ozone/hadoop-ozone/integration-test/target/test-dir/MiniOzoneClusterImpl-8cdb299b-b154-4fd3-af09-aa8d0bad65b8/ozone-meta/datanode-3/ratis/25da51ee-eac8-4c3b-b755-45685d50a505 does not exist. Creating ...
2025-02-16 13:03:16,322 [9e04f330-63f7-447c-8500-8939715d6f40-groupManagement] INFO  storage.RaftStorageDirectory (RaftStorageDirectoryImpl.java:tryLock(229)) - Lock on /home/runner/work/ozone/ozone/hadoop-ozone/integration-test/target/test-dir/MiniOzoneClusterImpl-8cdb299b-b154-4fd3-af09-aa8d0bad65b8/ozone-meta/datanode-3/ratis/25da51ee-eac8-4c3b-b755-45685d50a505/in_use.lock acquired by nodename 113671@fv-az1944-819
2025-02-16 13:03:16,323 [9e04f330-63f7-447c-8500-8939715d6f40-groupManagement] INFO  storage.RaftStorage (RaftStorageImpl.java:format(98)) - Storage directory /home/runner/work/ozone/ozone/hadoop-ozone/integration-test/target/test-dir/MiniOzoneClusterImpl-8cdb299b-b154-4fd3-af09-aa8d0bad65b8/ozone-meta/datanode-3/ratis/25da51ee-eac8-4c3b-b755-45685d50a505 has been successfully formatted.
2025-02-16 13:03:16,324 [9e04f330-63f7-447c-8500-8939715d6f40-groupManagement] INFO  ratis.ContainerStateMachine (ContainerStateMachine.java:initialize(300)) - 9e04f330-63f7-447c-8500-8939715d6f40: initialize group-45685D50A505
2025-02-16 13:03:16,324 [9e04f330-63f7-447c-8500-8939715d6f40-groupManagement] INFO  ratis.ContainerStateMachine (ContainerStateMachine.java:loadSnapshot(308)) - group-45685D50A505: The snapshot info is null. Setting the last applied index to:(t:0, i:~)
2025-02-16 13:03:16,324 [9e04f330-63f7-447c-8500-8939715d6f40-groupManagement] INFO  server.RaftServerConfigKeys (ConfUtils.java:logGet(46)) - raft.server.log.use.memory = false (default)
2025-02-16 13:03:16,324 [9e04f330-63f7-447c-8500-8939715d6f40-groupManagement] INFO  server.RaftServerConfigKeys (ConfUtils.java:logGet(46)) - raft.server.log.purge.gap = 1000000 (custom)
2025-02-16 13:03:16,324 [9e04f330-63f7-447c-8500-8939715d6f40-groupManagement] INFO  server.RaftServerConfigKeys (ConfUtils.java:logGet(46)) - raft.server.log.appender.buffer.byte-limit = 33554432 (custom)
2025-02-16 13:03:16,324 [9e04f330-63f7-447c-8500-8939715d6f40-groupManagement] INFO  server.RaftServerConfigKeys (ConfUtils.java:logGet(46)) - raft.server.log.statemachine.data.read.timeout = 1000ms (default)
2025-02-16 13:03:16,324 [9e04f330-63f7-447c-8500-8939715d6f40-groupManagement] INFO  server.RaftServerConfigKeys (ConfUtils.java:logGet(46)) - raft.server.log.purge.preservation.log.num = 0 (default)
2025-02-16 13:03:16,325 [9e04f330-63f7-447c-8500-8939715d6f40-groupManagement] INFO  server.RaftServerConfigKeys (ConfUtils.java:logGet(46)) - raft.server.log.segment.size.max = 67108864 (custom)
2025-02-16 13:03:16,325 [9e04f330-63f7-447c-8500-8939715d6f40-groupManagement] INFO  server.RaftServerConfigKeys (ConfUtils.java:logGet(46)) - raft.server.log.segment.cache.num.max = 2 (custom)
2025-02-16 13:03:16,325 [9e04f330-63f7-447c-8500-8939715d6f40-groupManagement] INFO  server.RaftServerConfigKeys (ConfUtils.java:logGet(46)) - raft.server.log.segment.cache.size.max = 200MB (=209715200) (default)
2025-02-16 13:03:16,325 [9e04f330-63f7-447c-8500-8939715d6f40-groupManagement] INFO  server.RaftServerConfigKeys (ConfUtils.java:logGet(46)) - raft.server.log.appender.buffer.byte-limit = 33554432 (custom)
2025-02-16 13:03:16,326 [9e04f330-63f7-447c-8500-8939715d6f40-groupManagement] INFO  util.AwaitToRun (AwaitToRun.java:start(81)) - Thread[#3657,9e04f330-63f7-447c-8500-8939715d6f40@group-45685D50A505-cacheEviction-AwaitToRun,5,main] started
2025-02-16 13:03:16,326 [9e04f330-63f7-447c-8500-8939715d6f40-groupManagement] INFO  segmented.SegmentedRaftLogWorker (SegmentedRaftLogWorker.java:<init>(188)) - new 9e04f330-63f7-447c-8500-8939715d6f40@group-45685D50A505-SegmentedRaftLogWorker for RaftStorageImpl:Storage Directory /home/runner/work/ozone/ozone/hadoop-ozone/integration-test/target/test-dir/MiniOzoneClusterImpl-8cdb299b-b154-4fd3-af09-aa8d0bad65b8/ozone-meta/datanode-3/ratis/25da51ee-eac8-4c3b-b755-45685d50a505
2025-02-16 13:03:16,326 [9e04f330-63f7-447c-8500-8939715d6f40-groupManagement] INFO  server.RaftServerConfigKeys (ConfUtils.java:logGet(46)) - raft.server.log.queue.byte-limit = 4294967296 (custom)
2025-02-16 13:03:16,326 [9e04f330-63f7-447c-8500-8939715d6f40-groupManagement] INFO  server.RaftServerConfigKeys (ConfUtils.java:logGet(46)) - raft.server.log.queue.element-limit = 1024 (custom)
2025-02-16 13:03:16,326 [9e04f330-63f7-447c-8500-8939715d6f40-groupManagement] INFO  server.RaftServerConfigKeys (ConfUtils.java:logGet(46)) - raft.server.log.segment.size.max = 67108864 (custom)
2025-02-16 13:03:16,326 [9e04f330-63f7-447c-8500-8939715d6f40-groupManagement] INFO  server.RaftServerConfigKeys (ConfUtils.java:logGet(46)) - raft.server.log.preallocated.size = 4194304 (custom)
2025-02-16 13:03:16,326 [9e04f330-63f7-447c-8500-8939715d6f40-groupManagement] INFO  server.RaftServerConfigKeys (ConfUtils.java:logGet(46)) - raft.server.log.force.sync.num = 128 (default)
2025-02-16 13:03:16,326 [9e04f330-63f7-447c-8500-8939715d6f40-groupManagement] INFO  server.RaftServerConfigKeys (ConfUtils.java:logGet(46)) - raft.server.log.statemachine.data.sync = true (default)
2025-02-16 13:03:16,326 [9e04f330-63f7-447c-8500-8939715d6f40-groupManagement] INFO  server.RaftServerConfigKeys (ConfUtils.java:logGet(46)) - raft.server.log.statemachine.data.sync.timeout = 10s (default)
2025-02-16 13:03:16,326 [9e04f330-63f7-447c-8500-8939715d6f40-groupManagement] INFO  server.RaftServerConfigKeys (ConfUtils.java:logGet(46)) - raft.server.log.statemachine.data.sync.timeout.retry = 30 (custom)
2025-02-16 13:03:16,326 [9e04f330-63f7-447c-8500-8939715d6f40-groupManagement] INFO  server.RaftServerConfigKeys (ConfUtils.java:logGet(46)) - raft.server.log.write.buffer.size = 33554440 (custom)
2025-02-16 13:03:16,327 [257e952a-4980-4b97-a405-9e28f64fa058@group-AA8D0BAD65B8-StateMachineUpdater] INFO  safemode.HealthyPipelineSafeModeRule (HealthyPipelineSafeModeRule.java:initializeRule(173)) - Refreshed total pipeline count is 0, healthy pipeline threshold count is 1
2025-02-16 13:03:16,328 [scmNode-1-EventQueue-PipelineReportForPipelineReportHandler] INFO  pipeline.PipelineReportHandler (PipelineReportHandler.java:processPipelineReport(141)) - Opened pipeline PipelineID=25da51ee-eac8-4c3b-b755-45685d50a505
2025-02-16 13:03:16,328 [scmNode-1-EventQueue-OpenPipelineForHealthyPipelineSafeModeRule] INFO  safemode.SCMSafeModeManager (HealthyPipelineSafeModeRule.java:process(141)) - SCM in safe mode. Healthy pipelines reported count is 0, required healthy pipeline reported count is 1
2025-02-16 13:03:16,331 [9e04f330-63f7-447c-8500-8939715d6f40-groupManagement] INFO  server.RaftServerConfigKeys (ConfUtils.java:logGet(46)) - raft.server.log.appender.buffer.byte-limit = 33554432 (custom)
2025-02-16 13:03:16,331 [9e04f330-63f7-447c-8500-8939715d6f40-groupManagement] INFO  server.RaftServerConfigKeys (ConfUtils.java:logGet(46)) - raft.server.log.unsafe-flush.enabled = false (default)
2025-02-16 13:03:16,331 [9e04f330-63f7-447c-8500-8939715d6f40-groupManagement] INFO  server.RaftServerConfigKeys (ConfUtils.java:logGet(46)) - raft.server.log.async-flush.enabled = false (default)
2025-02-16 13:03:16,331 [9e04f330-63f7-447c-8500-8939715d6f40-groupManagement] INFO  server.RaftServerConfigKeys (ConfUtils.java:logGet(46)) - raft.server.log.statemachine.data.caching.enabled = true (custom)
2025-02-16 13:03:16,331 [9e04f330-63f7-447c-8500-8939715d6f40-groupManagement] INFO  segmented.SegmentedRaftLogWorker (SegmentedRaftLogWorker.java:lambda$new$0(139)) - 9e04f330-63f7-447c-8500-8939715d6f40@group-45685D50A505-SegmentedRaftLogWorker: flushIndex: setUnconditionally 0 -> -1
2025-02-16 13:03:16,331 [9e04f330-63f7-447c-8500-8939715d6f40-groupManagement] INFO  segmented.SegmentedRaftLogWorker (SegmentedRaftLogWorker.java:lambda$new$0(139)) - 9e04f330-63f7-447c-8500-8939715d6f40@group-45685D50A505-SegmentedRaftLogWorker: safeCacheEvictIndex: setUnconditionally 0 -> -1
2025-02-16 13:03:16,331 [9e04f330-63f7-447c-8500-8939715d6f40-groupManagement] INFO  server.RaftServer$Division (RaftServerImpl.java:start(391)) - 9e04f330-63f7-447c-8500-8939715d6f40@group-45685D50A505: start as a follower, conf=conf: {index: -1, cur=peers:[9e04f330-63f7-447c-8500-8939715d6f40|127.0.0.1:15156]|listeners:[], old=null}
2025-02-16 13:03:16,331 [9e04f330-63f7-447c-8500-8939715d6f40-groupManagement] INFO  server.RaftServer$Division (RaftServerImpl.java:setRole(378)) - 9e04f330-63f7-447c-8500-8939715d6f40@group-45685D50A505: changes role from      null to FOLLOWER at term 0 for startAsFollower
2025-02-16 13:03:16,331 [9e04f330-63f7-447c-8500-8939715d6f40-groupManagement] INFO  impl.RoleInfo (RoleInfo.java:updateAndGet(148)) - 9e04f330-63f7-447c-8500-8939715d6f40: start 9e04f330-63f7-447c-8500-8939715d6f40@group-45685D50A505-FollowerState
2025-02-16 13:03:16,332 [9e04f330-63f7-447c-8500-8939715d6f40-groupManagement] INFO  util.JmxRegister (JmxRegister.java:tryRegister(44)) - Successfully registered JMX Bean with object name Ratis:service=RaftServer,group=group-45685D50A505,id=9e04f330-63f7-447c-8500-8939715d6f40
2025-02-16 13:03:16,332 [9e04f330-63f7-447c-8500-8939715d6f40@group-45685D50A505-FollowerState] INFO  server.RaftServerConfigKeys (ConfUtils.java:logFallback(53)) - raft.server.rpc.first-election.timeout.min = 5s (fallback to raft.server.rpc.timeout.min)
2025-02-16 13:03:16,332 [9e04f330-63f7-447c-8500-8939715d6f40@group-45685D50A505-FollowerState] INFO  server.RaftServerConfigKeys (ConfUtils.java:logFallback(53)) - raft.server.rpc.first-election.timeout.max = 5200ms (fallback to raft.server.rpc.timeout.max)
2025-02-16 13:03:16,332 [9e04f330-63f7-447c-8500-8939715d6f40-groupManagement] INFO  util.JmxRegister (JmxRegister.java:register(58)) - register mxBean class org.apache.ratis.server.impl.RaftServerJmxAdapter as Ratis:service=RaftServer,group=group-45685D50A505,id=9e04f330-63f7-447c-8500-8939715d6f40
2025-02-16 13:03:16,332 [9e04f330-63f7-447c-8500-8939715d6f40-groupManagement] INFO  server.RaftServerConfigKeys (ConfUtils.java:logGet(46)) - raft.server.snapshot.trigger-when-stop.enabled = true (default)
2025-02-16 13:03:16,332 [9e04f330-63f7-447c-8500-8939715d6f40-groupManagement] INFO  server.RaftServerConfigKeys (ConfUtils.java:logGet(46)) - raft.server.snapshot.trigger-when-remove.enabled = true (default)
2025-02-16 13:03:16,332 [9e04f330-63f7-447c-8500-8939715d6f40-groupManagement] INFO  server.RaftServerConfigKeys (ConfUtils.java:logGet(46)) - raft.server.snapshot.auto.trigger.enabled = true (custom)
2025-02-16 13:03:16,332 [9e04f330-63f7-447c-8500-8939715d6f40-groupManagement] INFO  server.RaftServerConfigKeys (ConfUtils.java:logGet(46)) - raft.server.snapshot.auto.trigger.threshold = 100000 (custom)
2025-02-16 13:03:16,332 [9e04f330-63f7-447c-8500-8939715d6f40-groupManagement] INFO  server.RaftServerConfigKeys (ConfUtils.java:logGet(46)) - raft.server.snapshot.retention.file.num = 5 (custom)
2025-02-16 13:03:16,332 [9e04f330-63f7-447c-8500-8939715d6f40-groupManagement] INFO  server.RaftServerConfigKeys (ConfUtils.java:logGet(46)) - raft.server.log.purge.upto.snapshot.index = false (default)
2025-02-16 13:03:16,333 [9e04f330-63f7-447c-8500-8939715d6f40-groupManagement] INFO  server.RaftServer$Division (RaftServerImpl.java:start(405)) - 9e04f330-63f7-447c-8500-8939715d6f40@group-45685D50A505: Successfully started.
2025-02-16 13:03:16,333 [9e04f330-63f7-447c-8500-8939715d6f40-PipelineCommandHandlerThread-0] INFO  ratis.XceiverServerRatis (XceiverServerRatis.java:addGroup(841)) - Created group PipelineID=25da51ee-eac8-4c3b-b755-45685d50a505
2025-02-16 13:03:16,333 [9e04f330-63f7-447c-8500-8939715d6f40-PipelineCommandHandlerThread-0] INFO  commandhandler.CreatePipelineCommandHandler (CreatePipelineCommandHandler.java:lambda$handle$2(128)) - Created Pipeline RATIS ONE PipelineID=25da51ee-eac8-4c3b-b755-45685d50a505.
2025-02-16 13:03:17,320 [main] INFO  ozone.MiniOzoneClusterImpl (MiniOzoneClusterImpl.java:lambda$waitForClusterToBeReady$0(211)) - Nodes are ready. Got 3 of 3 DN Heartbeats.
2025-02-16 13:03:17,320 [main] INFO  ozone.MiniOzoneClusterImpl (MiniOzoneClusterImpl.java:lambda$waitForClusterToBeReady$0(214)) - Waiting for cluster to exit safe mode
2025-02-16 13:03:17,321 [main] INFO  ozone.MiniOzoneClusterImpl (MiniOzoneClusterImpl.java:lambda$waitForClusterToBeReady$0(216)) - SCM became leader
2025-02-16 13:03:18,321 [main] INFO  ozone.MiniOzoneClusterImpl (MiniOzoneClusterImpl.java:lambda$waitForClusterToBeReady$0(211)) - Nodes are ready. Got 3 of 3 DN Heartbeats.
2025-02-16 13:03:18,321 [main] INFO  ozone.MiniOzoneClusterImpl (MiniOzoneClusterImpl.java:lambda$waitForClusterToBeReady$0(214)) - Waiting for cluster to exit safe mode
2025-02-16 13:03:18,321 [main] INFO  ozone.MiniOzoneClusterImpl (MiniOzoneClusterImpl.java:lambda$waitForClusterToBeReady$0(216)) - SCM became leader
2025-02-16 13:03:19,321 [main] INFO  ozone.MiniOzoneClusterImpl (MiniOzoneClusterImpl.java:lambda$waitForClusterToBeReady$0(211)) - Nodes are ready. Got 3 of 3 DN Heartbeats.
2025-02-16 13:03:19,321 [main] INFO  ozone.MiniOzoneClusterImpl (MiniOzoneClusterImpl.java:lambda$waitForClusterToBeReady$0(214)) - Waiting for cluster to exit safe mode
2025-02-16 13:03:19,321 [main] INFO  ozone.MiniOzoneClusterImpl (MiniOzoneClusterImpl.java:lambda$waitForClusterToBeReady$0(216)) - SCM became leader
2025-02-16 13:03:20,322 [main] INFO  ozone.MiniOzoneClusterImpl (MiniOzoneClusterImpl.java:lambda$waitForClusterToBeReady$0(211)) - Nodes are ready. Got 3 of 3 DN Heartbeats.
2025-02-16 13:03:20,322 [main] INFO  ozone.MiniOzoneClusterImpl (MiniOzoneClusterImpl.java:lambda$waitForClusterToBeReady$0(214)) - Waiting for cluster to exit safe mode
2025-02-16 13:03:20,322 [main] INFO  ozone.MiniOzoneClusterImpl (MiniOzoneClusterImpl.java:lambda$waitForClusterToBeReady$0(216)) - SCM became leader
2025-02-16 13:03:20,963 [b381b084-c55c-4dbb-889c-469a9420fe3b@group-89740A92551E-FollowerState] INFO  impl.FollowerState (FollowerState.java:runImpl(161)) - b381b084-c55c-4dbb-889c-469a9420fe3b@group-89740A92551E-FollowerState: change to CANDIDATE, lastRpcElapsedTime:5019088580ns, electionTimeout:5018ms
2025-02-16 13:03:20,963 [b381b084-c55c-4dbb-889c-469a9420fe3b@group-89740A92551E-FollowerState] INFO  impl.RoleInfo (RoleInfo.java:shutdownFollowerState(121)) - b381b084-c55c-4dbb-889c-469a9420fe3b: shutdown b381b084-c55c-4dbb-889c-469a9420fe3b@group-89740A92551E-FollowerState
2025-02-16 13:03:20,963 [b381b084-c55c-4dbb-889c-469a9420fe3b@group-89740A92551E-FollowerState] INFO  server.RaftServer$Division (RaftServerImpl.java:setRole(378)) - b381b084-c55c-4dbb-889c-469a9420fe3b@group-89740A92551E: changes role from  FOLLOWER to CANDIDATE at term 0 for changeToCandidate
2025-02-16 13:03:20,963 [b381b084-c55c-4dbb-889c-469a9420fe3b@group-89740A92551E-FollowerState] INFO  server.RaftServerConfigKeys (ConfUtils.java:logGet(46)) - raft.server.leaderelection.pre-vote = true (default)
2025-02-16 13:03:20,963 [b381b084-c55c-4dbb-889c-469a9420fe3b@group-89740A92551E-FollowerState] INFO  impl.RoleInfo (RoleInfo.java:updateAndGet(148)) - b381b084-c55c-4dbb-889c-469a9420fe3b: start b381b084-c55c-4dbb-889c-469a9420fe3b@group-89740A92551E-LeaderElection24
2025-02-16 13:03:20,964 [b381b084-c55c-4dbb-889c-469a9420fe3b@group-89740A92551E-LeaderElection24] INFO  impl.LeaderElection (LeaderElection.java:askForVotes(332)) - b381b084-c55c-4dbb-889c-469a9420fe3b@group-89740A92551E-LeaderElection24 PRE_VOTE round 0: submit vote requests at term 0 for conf: {index: -1, cur=peers:[b381b084-c55c-4dbb-889c-469a9420fe3b|127.0.0.1:15138]|listeners:[], old=null}
2025-02-16 13:03:20,964 [b381b084-c55c-4dbb-889c-469a9420fe3b@group-89740A92551E-LeaderElection24] INFO  impl.LeaderElection (LeaderElection.java:askForVotes(334)) - b381b084-c55c-4dbb-889c-469a9420fe3b@group-89740A92551E-LeaderElection24 PRE_VOTE round 0: result PASSED (term=0)
2025-02-16 13:03:20,965 [b381b084-c55c-4dbb-889c-469a9420fe3b@group-89740A92551E-LeaderElection24] INFO  impl.LeaderElection (LeaderElection.java:askForVotes(332)) - b381b084-c55c-4dbb-889c-469a9420fe3b@group-89740A92551E-LeaderElection24 ELECTION round 0: submit vote requests at term 1 for conf: {index: -1, cur=peers:[b381b084-c55c-4dbb-889c-469a9420fe3b|127.0.0.1:15138]|listeners:[], old=null}
2025-02-16 13:03:20,965 [b381b084-c55c-4dbb-889c-469a9420fe3b@group-89740A92551E-LeaderElection24] INFO  impl.LeaderElection (LeaderElection.java:askForVotes(334)) - b381b084-c55c-4dbb-889c-469a9420fe3b@group-89740A92551E-LeaderElection24 ELECTION round 0: result PASSED (term=1)
2025-02-16 13:03:20,965 [b381b084-c55c-4dbb-889c-469a9420fe3b@group-89740A92551E-LeaderElection24] INFO  impl.RoleInfo (RoleInfo.java:shutdownLeaderElection(141)) - b381b084-c55c-4dbb-889c-469a9420fe3b: shutdown b381b084-c55c-4dbb-889c-469a9420fe3b@group-89740A92551E-LeaderElection24
2025-02-16 13:03:20,965 [b381b084-c55c-4dbb-889c-469a9420fe3b@group-89740A92551E-LeaderElection24] INFO  server.RaftServer$Division (RaftServerImpl.java:setRole(378)) - b381b084-c55c-4dbb-889c-469a9420fe3b@group-89740A92551E: changes role from CANDIDATE to LEADER at term 1 for changeToLeader
2025-02-16 13:03:20,965 [b381b084-c55c-4dbb-889c-469a9420fe3b@group-89740A92551E-LeaderElection24] INFO  server.RaftServerConfigKeys (ConfUtils.java:logGet(46)) - raft.server.staging.catchup.gap = 1000 (default)
2025-02-16 13:03:20,965 [b381b084-c55c-4dbb-889c-469a9420fe3b@group-89740A92551E-LeaderElection24] INFO  server.RaftServerConfigKeys (ConfUtils.java:logGet(46)) - raft.server.write.element-limit = 1024 (custom)
2025-02-16 13:03:20,965 [b381b084-c55c-4dbb-889c-469a9420fe3b@group-89740A92551E-LeaderElection24] INFO  server.RaftServerConfigKeys (ConfUtils.java:logGet(46)) - raft.server.write.byte-limit = 1024 M (=1073741824) (custom)
2025-02-16 13:03:20,966 [b381b084-c55c-4dbb-889c-469a9420fe3b@group-89740A92551E-LeaderElection24] INFO  server.RaftServerConfigKeys (ConfUtils.java:logGet(46)) - raft.server.watch.timeout = 30s (custom)
2025-02-16 13:03:20,966 [b381b084-c55c-4dbb-889c-469a9420fe3b@group-89740A92551E-LeaderElection24] INFO  server.RaftServerConfigKeys (ConfUtils.java:logGet(46)) - raft.server.watch.timeout.denomination = 1s (default)
2025-02-16 13:03:20,966 [b381b084-c55c-4dbb-889c-469a9420fe3b@group-89740A92551E-LeaderElection24] INFO  server.RaftServerConfigKeys (ConfUtils.java:logGet(46)) - raft.server.watch.element-limit = 65536 (default)
2025-02-16 13:03:20,966 [b381b084-c55c-4dbb-889c-469a9420fe3b@group-89740A92551E-LeaderElection24] INFO  server.RaftServerConfigKeys (ConfUtils.java:logGet(46)) - raft.server.read.leader.lease.enabled = false (default)
2025-02-16 13:03:20,966 [b381b084-c55c-4dbb-889c-469a9420fe3b@group-89740A92551E-LeaderElection24] INFO  server.RaftServerConfigKeys (ConfUtils.java:logGet(46)) - raft.server.read.leader.lease.timeout.ratio = 0.9 (default)
2025-02-16 13:03:20,966 [b381b084-c55c-4dbb-889c-469a9420fe3b@group-89740A92551E-LeaderElection24] INFO  server.RaftServerConfigKeys (ConfUtils.java:logGet(46)) - raft.server.rpc.timeout.min = 5s (custom)
2025-02-16 13:03:20,966 [b381b084-c55c-4dbb-889c-469a9420fe3b@group-89740A92551E-LeaderElection24] INFO  server.RaftServerConfigKeys (ConfUtils.java:logGet(46)) - raft.server.log.log-metadata.enabled = true (default)
2025-02-16 13:03:20,966 [b381b084-c55c-4dbb-889c-469a9420fe3b@group-89740A92551E-LeaderElection24] INFO  server.RaftServerConfigKeys (ConfUtils.java:logGet(46)) - raft.server.write.element-limit = 1024 (custom)
2025-02-16 13:03:20,966 [b381b084-c55c-4dbb-889c-469a9420fe3b@group-89740A92551E-LeaderElection24] INFO  server.RaftServerConfigKeys (ConfUtils.java:logGet(46)) - raft.server.write.follower.gap.ratio.max = -1.0 (default)
2025-02-16 13:03:20,966 [b381b084-c55c-4dbb-889c-469a9420fe3b@group-89740A92551E-LeaderElection24] INFO  impl.RoleInfo (RoleInfo.java:updateAndGet(148)) - b381b084-c55c-4dbb-889c-469a9420fe3b: start b381b084-c55c-4dbb-889c-469a9420fe3b@group-89740A92551E-LeaderStateImpl
2025-02-16 13:03:20,966 [b381b084-c55c-4dbb-889c-469a9420fe3b@group-89740A92551E-LeaderElection24] INFO  server.RaftServer$Division (RaftServerImpl.java:setFirstElection(562)) - b381b084-c55c-4dbb-889c-469a9420fe3b@group-89740A92551E: set firstElectionSinceStartup to false for becomeLeader
2025-02-16 13:03:20,966 [b381b084-c55c-4dbb-889c-469a9420fe3b@group-89740A92551E-LeaderElection24] INFO  ratis.XceiverServerRatis (XceiverServerRatis.java:handleLeaderChangedNotification(941)) - Leader change notification received for group: group-89740A92551E with new leaderId: b381b084-c55c-4dbb-889c-469a9420fe3b
2025-02-16 13:03:20,967 [b381b084-c55c-4dbb-889c-469a9420fe3b@group-89740A92551E-LeaderElection24] INFO  server.RaftServer$Division (ServerState.java:setLeader(272)) - b381b084-c55c-4dbb-889c-469a9420fe3b@group-89740A92551E: change Leader from null to b381b084-c55c-4dbb-889c-469a9420fe3b at term 1 for becomeLeader, leader elected after 5035ms
2025-02-16 13:03:20,967 [b381b084-c55c-4dbb-889c-469a9420fe3b@group-89740A92551E-LeaderElection24] INFO  segmented.SegmentedRaftLogWorker (SegmentedRaftLogWorker.java:startLogSegment(438)) - b381b084-c55c-4dbb-889c-469a9420fe3b@group-89740A92551E-SegmentedRaftLogWorker: Starting segment from index:0
2025-02-16 13:03:20,967 [b381b084-c55c-4dbb-889c-469a9420fe3b@group-89740A92551E-LeaderElection24] INFO  server.RaftServer$Division (ServerState.java:setRaftConf(386)) - b381b084-c55c-4dbb-889c-469a9420fe3b@group-89740A92551E: set configuration conf: {index: 0, cur=peers:[b381b084-c55c-4dbb-889c-469a9420fe3b|127.0.0.1:15138]|listeners:[], old=null}
2025-02-16 13:03:20,967 [b381b084-c55c-4dbb-889c-469a9420fe3b@group-89740A92551E-SegmentedRaftLogWorker] INFO  segmented.BufferedWriteChannel (BufferedWriteChannel.java:open(61)) - open log_inprogress_0 at position 0
2025-02-16 13:03:20,969 [scmNode-1-EventQueue-OpenPipelineForHealthyPipelineSafeModeRule] INFO  safemode.SCMSafeModeManager (HealthyPipelineSafeModeRule.java:process(141)) - SCM in safe mode. Healthy pipelines reported count is 0, required healthy pipeline reported count is 1
2025-02-16 13:03:20,976 [b381b084-c55c-4dbb-889c-469a9420fe3b@group-89740A92551E-SegmentedRaftLogWorker] INFO  segmented.SegmentedRaftLogWorker (SegmentedRaftLogWorker.java:execute(644)) - b381b084-c55c-4dbb-889c-469a9420fe3b@group-89740A92551E-SegmentedRaftLogWorker: created new log segment /home/runner/work/ozone/ozone/hadoop-ozone/integration-test/target/test-dir/MiniOzoneClusterImpl-8cdb299b-b154-4fd3-af09-aa8d0bad65b8/ozone-meta/datanode-1/ratis/01db27b0-2f33-445b-b108-89740a92551e/current/log_inprogress_0
2025-02-16 13:03:20,977 [b381b084-c55c-4dbb-889c-469a9420fe3b@group-89740A92551E-StateMachineUpdater] INFO  server.RaftServer$Division (LeaderStateImpl.java:checkStartIndex(313)) - Leader b381b084-c55c-4dbb-889c-469a9420fe3b@group-89740A92551E-LeaderStateImpl is ready since appliedIndex == startIndex == 0
2025-02-16 13:03:21,003 [b381b084-c55c-4dbb-889c-469a9420fe3b@group-A4BD09EBD6A4-FollowerState] INFO  impl.FollowerState (FollowerState.java:runImpl(161)) - b381b084-c55c-4dbb-889c-469a9420fe3b@group-A4BD09EBD6A4-FollowerState: change to CANDIDATE, lastRpcElapsedTime:5043869094ns, electionTimeout:5043ms
2025-02-16 13:03:21,003 [b381b084-c55c-4dbb-889c-469a9420fe3b@group-A4BD09EBD6A4-FollowerState] INFO  impl.RoleInfo (RoleInfo.java:shutdownFollowerState(121)) - b381b084-c55c-4dbb-889c-469a9420fe3b: shutdown b381b084-c55c-4dbb-889c-469a9420fe3b@group-A4BD09EBD6A4-FollowerState
2025-02-16 13:03:21,003 [b381b084-c55c-4dbb-889c-469a9420fe3b@group-A4BD09EBD6A4-FollowerState] INFO  server.RaftServer$Division (RaftServerImpl.java:setRole(378)) - b381b084-c55c-4dbb-889c-469a9420fe3b@group-A4BD09EBD6A4: changes role from  FOLLOWER to CANDIDATE at term 0 for changeToCandidate
2025-02-16 13:03:21,003 [b381b084-c55c-4dbb-889c-469a9420fe3b@group-A4BD09EBD6A4-FollowerState] INFO  server.RaftServerConfigKeys (ConfUtils.java:logGet(46)) - raft.server.leaderelection.pre-vote = true (default)
2025-02-16 13:03:21,003 [b381b084-c55c-4dbb-889c-469a9420fe3b@group-A4BD09EBD6A4-FollowerState] INFO  impl.RoleInfo (RoleInfo.java:updateAndGet(148)) - b381b084-c55c-4dbb-889c-469a9420fe3b: start b381b084-c55c-4dbb-889c-469a9420fe3b@group-A4BD09EBD6A4-LeaderElection25
2025-02-16 13:03:21,005 [b381b084-c55c-4dbb-889c-469a9420fe3b@group-A4BD09EBD6A4-LeaderElection25] INFO  impl.LeaderElection (LeaderElection.java:askForVotes(332)) - b381b084-c55c-4dbb-889c-469a9420fe3b@group-A4BD09EBD6A4-LeaderElection25 PRE_VOTE round 0: submit vote requests at term 0 for conf: {index: -1, cur=peers:[49e1ea80-2a9c-4fc6-9dfd-fcdc1670084a|127.0.0.1:15147, 9e04f330-63f7-447c-8500-8939715d6f40|127.0.0.1:15156, b381b084-c55c-4dbb-889c-469a9420fe3b|127.0.0.1:15138]|listeners:[], old=null}
2025-02-16 13:03:21,006 [b381b084-c55c-4dbb-889c-469a9420fe3b@group-A4BD09EBD6A4-LeaderElection25-1] INFO  server.GrpcServerProtocolClient (GrpcServerProtocolClient.java:<init>(65)) - Build channel for 49e1ea80-2a9c-4fc6-9dfd-fcdc1670084a|127.0.0.1:15147
2025-02-16 13:03:21,006 [b381b084-c55c-4dbb-889c-469a9420fe3b@group-A4BD09EBD6A4-LeaderElection25-2] INFO  server.GrpcServerProtocolClient (GrpcServerProtocolClient.java:<init>(65)) - Build channel for 9e04f330-63f7-447c-8500-8939715d6f40|127.0.0.1:15156
2025-02-16 13:03:21,006 [b381b084-c55c-4dbb-889c-469a9420fe3b@group-A4BD09EBD6A4-LeaderElection25] INFO  server.RaftServerConfigKeys (ConfUtils.java:logFallback(53)) - raft.server.rpc.first-election.timeout.min = 5s (fallback to raft.server.rpc.timeout.min)
2025-02-16 13:03:21,006 [b381b084-c55c-4dbb-889c-469a9420fe3b@group-A4BD09EBD6A4-LeaderElection25] INFO  server.RaftServerConfigKeys (ConfUtils.java:logFallback(53)) - raft.server.rpc.first-election.timeout.max = 5200ms (fallback to raft.server.rpc.timeout.max)
2025-02-16 13:03:21,009 [grpc-default-executor-4] INFO  server.RaftServer$Division (RaftServerImpl.java:requestVote(1407)) - 9e04f330-63f7-447c-8500-8939715d6f40@group-A4BD09EBD6A4: receive requestVote(PRE_VOTE, b381b084-c55c-4dbb-889c-469a9420fe3b, group-A4BD09EBD6A4, 0, (t:0, i:0))
2025-02-16 13:03:21,009 [grpc-default-executor-6] INFO  server.RaftServer$Division (RaftServerImpl.java:requestVote(1407)) - 49e1ea80-2a9c-4fc6-9dfd-fcdc1670084a@group-A4BD09EBD6A4: receive requestVote(PRE_VOTE, b381b084-c55c-4dbb-889c-469a9420fe3b, group-A4BD09EBD6A4, 0, (t:0, i:0))
2025-02-16 13:03:21,009 [grpc-default-executor-4] INFO  impl.VoteContext (VoteContext.java:log(49)) - 9e04f330-63f7-447c-8500-8939715d6f40@group-A4BD09EBD6A4-FOLLOWER: accept PRE_VOTE from b381b084-c55c-4dbb-889c-469a9420fe3b: our priority 0 <= candidate's priority 0
2025-02-16 13:03:21,009 [grpc-default-executor-6] INFO  impl.VoteContext (VoteContext.java:log(49)) - 49e1ea80-2a9c-4fc6-9dfd-fcdc1670084a@group-A4BD09EBD6A4-FOLLOWER: reject PRE_VOTE from b381b084-c55c-4dbb-889c-469a9420fe3b: our priority 1 > candidate's priority 0
2025-02-16 13:03:21,009 [grpc-default-executor-4] INFO  server.RaftServer$Division (RaftServerImpl.java:requestVote(1441)) - 9e04f330-63f7-447c-8500-8939715d6f40@group-A4BD09EBD6A4 replies to PRE_VOTE vote request: b381b084-c55c-4dbb-889c-469a9420fe3b<-9e04f330-63f7-447c-8500-8939715d6f40#0:OK-t0. Peer's state: 9e04f330-63f7-447c-8500-8939715d6f40@group-A4BD09EBD6A4:t0, leader=null, voted=, raftlog=Memoized:9e04f330-63f7-447c-8500-8939715d6f40@group-A4BD09EBD6A4-SegmentedRaftLog:OPENED:c-1:lastnull, conf=conf: {index: -1, cur=peers:[49e1ea80-2a9c-4fc6-9dfd-fcdc1670084a|127.0.0.1:15147, 9e04f330-63f7-447c-8500-8939715d6f40|127.0.0.1:15156, b381b084-c55c-4dbb-889c-469a9420fe3b|127.0.0.1:15138]|listeners:[], old=null}
2025-02-16 13:03:21,009 [grpc-default-executor-6] INFO  server.RaftServer$Division (RaftServerImpl.java:requestVote(1441)) - 49e1ea80-2a9c-4fc6-9dfd-fcdc1670084a@group-A4BD09EBD6A4 replies to PRE_VOTE vote request: b381b084-c55c-4dbb-889c-469a9420fe3b<-49e1ea80-2a9c-4fc6-9dfd-fcdc1670084a#0:FAIL-t0. Peer's state: 49e1ea80-2a9c-4fc6-9dfd-fcdc1670084a@group-A4BD09EBD6A4:t0, leader=null, voted=, raftlog=Memoized:49e1ea80-2a9c-4fc6-9dfd-fcdc1670084a@group-A4BD09EBD6A4-SegmentedRaftLog:OPENED:c-1:lastnull, conf=conf: {index: -1, cur=peers:[49e1ea80-2a9c-4fc6-9dfd-fcdc1670084a|127.0.0.1:15147, 9e04f330-63f7-447c-8500-8939715d6f40|127.0.0.1:15156, b381b084-c55c-4dbb-889c-469a9420fe3b|127.0.0.1:15138]|listeners:[], old=null}
2025-02-16 13:03:21,010 [b381b084-c55c-4dbb-889c-469a9420fe3b@group-A4BD09EBD6A4-LeaderElection25] INFO  impl.LeaderElection (LeaderElection.java:logAndReturn(90)) - b381b084-c55c-4dbb-889c-469a9420fe3b@group-A4BD09EBD6A4-LeaderElection25: PRE_VOTE REJECTED received 2 response(s) and 0 exception(s):
2025-02-16 13:03:21,010 [b381b084-c55c-4dbb-889c-469a9420fe3b@group-A4BD09EBD6A4-LeaderElection25] INFO  impl.LeaderElection (LeaderElection.java:logAndReturn(94)) -   Response 0: b381b084-c55c-4dbb-889c-469a9420fe3b<-49e1ea80-2a9c-4fc6-9dfd-fcdc1670084a#0:FAIL-t0
2025-02-16 13:03:21,010 [b381b084-c55c-4dbb-889c-469a9420fe3b@group-A4BD09EBD6A4-LeaderElection25] INFO  impl.LeaderElection (LeaderElection.java:logAndReturn(94)) -   Response 1: b381b084-c55c-4dbb-889c-469a9420fe3b<-9e04f330-63f7-447c-8500-8939715d6f40#0:OK-t0
2025-02-16 13:03:21,010 [b381b084-c55c-4dbb-889c-469a9420fe3b@group-A4BD09EBD6A4-LeaderElection25] INFO  impl.LeaderElection (LeaderElection.java:askForVotes(334)) - b381b084-c55c-4dbb-889c-469a9420fe3b@group-A4BD09EBD6A4-LeaderElection25 PRE_VOTE round 0: result REJECTED
2025-02-16 13:03:21,010 [b381b084-c55c-4dbb-889c-469a9420fe3b@group-A4BD09EBD6A4-LeaderElection25] INFO  server.RaftServer$Division (RaftServerImpl.java:setRole(378)) - b381b084-c55c-4dbb-889c-469a9420fe3b@group-A4BD09EBD6A4: changes role from CANDIDATE to FOLLOWER at term 0 for REJECTED
2025-02-16 13:03:21,010 [b381b084-c55c-4dbb-889c-469a9420fe3b@group-A4BD09EBD6A4-LeaderElection25] INFO  impl.RoleInfo (RoleInfo.java:shutdownLeaderElection(141)) - b381b084-c55c-4dbb-889c-469a9420fe3b: shutdown b381b084-c55c-4dbb-889c-469a9420fe3b@group-A4BD09EBD6A4-LeaderElection25
2025-02-16 13:03:21,010 [b381b084-c55c-4dbb-889c-469a9420fe3b@group-A4BD09EBD6A4-LeaderElection25] INFO  impl.RoleInfo (RoleInfo.java:updateAndGet(148)) - b381b084-c55c-4dbb-889c-469a9420fe3b: start b381b084-c55c-4dbb-889c-469a9420fe3b@group-A4BD09EBD6A4-FollowerState
2025-02-16 13:03:21,011 [b381b084-c55c-4dbb-889c-469a9420fe3b@group-A4BD09EBD6A4-LeaderElection25] INFO  server.RaftServer$Division (RaftServerImpl.java:setFirstElection(562)) - b381b084-c55c-4dbb-889c-469a9420fe3b@group-A4BD09EBD6A4: set firstElectionSinceStartup to false for REJECTED
2025-02-16 13:03:21,056 [49e1ea80-2a9c-4fc6-9dfd-fcdc1670084a@group-A4BD09EBD6A4-FollowerState] INFO  impl.FollowerState (FollowerState.java:runImpl(161)) - 49e1ea80-2a9c-4fc6-9dfd-fcdc1670084a@group-A4BD09EBD6A4-FollowerState: change to CANDIDATE, lastRpcElapsedTime:5075897175ns, electionTimeout:5075ms
2025-02-16 13:03:21,056 [49e1ea80-2a9c-4fc6-9dfd-fcdc1670084a@group-A4BD09EBD6A4-FollowerState] INFO  impl.RoleInfo (RoleInfo.java:shutdownFollowerState(121)) - 49e1ea80-2a9c-4fc6-9dfd-fcdc1670084a: shutdown 49e1ea80-2a9c-4fc6-9dfd-fcdc1670084a@group-A4BD09EBD6A4-FollowerState
2025-02-16 13:03:21,056 [49e1ea80-2a9c-4fc6-9dfd-fcdc1670084a@group-A4BD09EBD6A4-FollowerState] INFO  server.RaftServer$Division (RaftServerImpl.java:setRole(378)) - 49e1ea80-2a9c-4fc6-9dfd-fcdc1670084a@group-A4BD09EBD6A4: changes role from  FOLLOWER to CANDIDATE at term 0 for changeToCandidate
2025-02-16 13:03:21,056 [49e1ea80-2a9c-4fc6-9dfd-fcdc1670084a@group-A4BD09EBD6A4-FollowerState] INFO  server.RaftServerConfigKeys (ConfUtils.java:logGet(46)) - raft.server.leaderelection.pre-vote = true (default)
2025-02-16 13:03:21,056 [49e1ea80-2a9c-4fc6-9dfd-fcdc1670084a@group-A4BD09EBD6A4-FollowerState] INFO  impl.RoleInfo (RoleInfo.java:updateAndGet(148)) - 49e1ea80-2a9c-4fc6-9dfd-fcdc1670084a: start 49e1ea80-2a9c-4fc6-9dfd-fcdc1670084a@group-A4BD09EBD6A4-LeaderElection26
2025-02-16 13:03:21,056 [49e1ea80-2a9c-4fc6-9dfd-fcdc1670084a@group-A4BD09EBD6A4-LeaderElection26] INFO  impl.LeaderElection (LeaderElection.java:askForVotes(332)) - 49e1ea80-2a9c-4fc6-9dfd-fcdc1670084a@group-A4BD09EBD6A4-LeaderElection26 PRE_VOTE round 0: submit vote requests at term 0 for conf: {index: -1, cur=peers:[49e1ea80-2a9c-4fc6-9dfd-fcdc1670084a|127.0.0.1:15147, 9e04f330-63f7-447c-8500-8939715d6f40|127.0.0.1:15156, b381b084-c55c-4dbb-889c-469a9420fe3b|127.0.0.1:15138]|listeners:[], old=null}
2025-02-16 13:03:21,056 [49e1ea80-2a9c-4fc6-9dfd-fcdc1670084a@group-A4BD09EBD6A4-LeaderElection26-1] INFO  server.GrpcServerProtocolClient (GrpcServerProtocolClient.java:<init>(65)) - Build channel for 9e04f330-63f7-447c-8500-8939715d6f40|127.0.0.1:15156
2025-02-16 13:03:21,057 [49e1ea80-2a9c-4fc6-9dfd-fcdc1670084a@group-A4BD09EBD6A4-LeaderElection26-2] INFO  server.GrpcServerProtocolClient (GrpcServerProtocolClient.java:<init>(65)) - Build channel for b381b084-c55c-4dbb-889c-469a9420fe3b|127.0.0.1:15138
2025-02-16 13:03:21,057 [49e1ea80-2a9c-4fc6-9dfd-fcdc1670084a@group-A4BD09EBD6A4-LeaderElection26] INFO  server.RaftServerConfigKeys (ConfUtils.java:logFallback(53)) - raft.server.rpc.first-election.timeout.min = 5s (fallback to raft.server.rpc.timeout.min)
2025-02-16 13:03:21,057 [49e1ea80-2a9c-4fc6-9dfd-fcdc1670084a@group-A4BD09EBD6A4-LeaderElection26] INFO  server.RaftServerConfigKeys (ConfUtils.java:logFallback(53)) - raft.server.rpc.first-election.timeout.max = 5200ms (fallback to raft.server.rpc.timeout.max)
2025-02-16 13:03:21,059 [grpc-default-executor-5] INFO  server.RaftServer$Division (RaftServerImpl.java:requestVote(1407)) - 9e04f330-63f7-447c-8500-8939715d6f40@group-A4BD09EBD6A4: receive requestVote(PRE_VOTE, 49e1ea80-2a9c-4fc6-9dfd-fcdc1670084a, group-A4BD09EBD6A4, 0, (t:0, i:0))
2025-02-16 13:03:21,059 [grpc-default-executor-5] INFO  impl.VoteContext (VoteContext.java:log(49)) - 9e04f330-63f7-447c-8500-8939715d6f40@group-A4BD09EBD6A4-FOLLOWER: accept PRE_VOTE from 49e1ea80-2a9c-4fc6-9dfd-fcdc1670084a: our priority 0 <= candidate's priority 1
2025-02-16 13:03:21,059 [grpc-default-executor-5] INFO  server.RaftServer$Division (RaftServerImpl.java:requestVote(1441)) - 9e04f330-63f7-447c-8500-8939715d6f40@group-A4BD09EBD6A4 replies to PRE_VOTE vote request: 49e1ea80-2a9c-4fc6-9dfd-fcdc1670084a<-9e04f330-63f7-447c-8500-8939715d6f40#0:OK-t0. Peer's state: 9e04f330-63f7-447c-8500-8939715d6f40@group-A4BD09EBD6A4:t0, leader=null, voted=, raftlog=Memoized:9e04f330-63f7-447c-8500-8939715d6f40@group-A4BD09EBD6A4-SegmentedRaftLog:OPENED:c-1:lastnull, conf=conf: {index: -1, cur=peers:[49e1ea80-2a9c-4fc6-9dfd-fcdc1670084a|127.0.0.1:15147, 9e04f330-63f7-447c-8500-8939715d6f40|127.0.0.1:15156, b381b084-c55c-4dbb-889c-469a9420fe3b|127.0.0.1:15138]|listeners:[], old=null}
2025-02-16 13:03:21,059 [grpc-default-executor-4] INFO  server.RaftServer$Division (RaftServerImpl.java:requestVote(1407)) - b381b084-c55c-4dbb-889c-469a9420fe3b@group-A4BD09EBD6A4: receive requestVote(PRE_VOTE, 49e1ea80-2a9c-4fc6-9dfd-fcdc1670084a, group-A4BD09EBD6A4, 0, (t:0, i:0))
2025-02-16 13:03:21,060 [grpc-default-executor-4] INFO  impl.VoteContext (VoteContext.java:log(49)) - b381b084-c55c-4dbb-889c-469a9420fe3b@group-A4BD09EBD6A4-FOLLOWER: accept PRE_VOTE from 49e1ea80-2a9c-4fc6-9dfd-fcdc1670084a: our priority 0 <= candidate's priority 1
2025-02-16 13:03:21,060 [grpc-default-executor-4] INFO  server.RaftServer$Division (RaftServerImpl.java:requestVote(1441)) - b381b084-c55c-4dbb-889c-469a9420fe3b@group-A4BD09EBD6A4 replies to PRE_VOTE vote request: 49e1ea80-2a9c-4fc6-9dfd-fcdc1670084a<-b381b084-c55c-4dbb-889c-469a9420fe3b#0:OK-t0. Peer's state: b381b084-c55c-4dbb-889c-469a9420fe3b@group-A4BD09EBD6A4:t0, leader=null, voted=, raftlog=Memoized:b381b084-c55c-4dbb-889c-469a9420fe3b@group-A4BD09EBD6A4-SegmentedRaftLog:OPENED:c-1:lastnull, conf=conf: {index: -1, cur=peers:[49e1ea80-2a9c-4fc6-9dfd-fcdc1670084a|127.0.0.1:15147, 9e04f330-63f7-447c-8500-8939715d6f40|127.0.0.1:15156, b381b084-c55c-4dbb-889c-469a9420fe3b|127.0.0.1:15138]|listeners:[], old=null}
2025-02-16 13:03:21,060 [49e1ea80-2a9c-4fc6-9dfd-fcdc1670084a@group-A4BD09EBD6A4-LeaderElection26] INFO  impl.LeaderElection (LeaderElection.java:logAndReturn(90)) - 49e1ea80-2a9c-4fc6-9dfd-fcdc1670084a@group-A4BD09EBD6A4-LeaderElection26: PRE_VOTE PASSED received 1 response(s) and 0 exception(s):
2025-02-16 13:03:21,060 [49e1ea80-2a9c-4fc6-9dfd-fcdc1670084a@group-A4BD09EBD6A4-LeaderElection26] INFO  impl.LeaderElection (LeaderElection.java:logAndReturn(94)) -   Response 0: 49e1ea80-2a9c-4fc6-9dfd-fcdc1670084a<-9e04f330-63f7-447c-8500-8939715d6f40#0:OK-t0
2025-02-16 13:03:21,060 [49e1ea80-2a9c-4fc6-9dfd-fcdc1670084a@group-A4BD09EBD6A4-LeaderElection26] INFO  impl.LeaderElection (LeaderElection.java:askForVotes(334)) - 49e1ea80-2a9c-4fc6-9dfd-fcdc1670084a@group-A4BD09EBD6A4-LeaderElection26 PRE_VOTE round 0: result PASSED
2025-02-16 13:03:21,061 [49e1ea80-2a9c-4fc6-9dfd-fcdc1670084a@group-A4BD09EBD6A4-LeaderElection26] INFO  impl.LeaderElection (LeaderElection.java:askForVotes(332)) - 49e1ea80-2a9c-4fc6-9dfd-fcdc1670084a@group-A4BD09EBD6A4-LeaderElection26 ELECTION round 0: submit vote requests at term 1 for conf: {index: -1, cur=peers:[49e1ea80-2a9c-4fc6-9dfd-fcdc1670084a|127.0.0.1:15147, 9e04f330-63f7-447c-8500-8939715d6f40|127.0.0.1:15156, b381b084-c55c-4dbb-889c-469a9420fe3b|127.0.0.1:15138]|listeners:[], old=null}
2025-02-16 13:03:21,062 [49e1ea80-2a9c-4fc6-9dfd-fcdc1670084a@group-A4BD09EBD6A4-LeaderElection26] INFO  server.RaftServerConfigKeys (ConfUtils.java:logFallback(53)) - raft.server.rpc.first-election.timeout.min = 5s (fallback to raft.server.rpc.timeout.min)
2025-02-16 13:03:21,062 [49e1ea80-2a9c-4fc6-9dfd-fcdc1670084a@group-A4BD09EBD6A4-LeaderElection26] INFO  server.RaftServerConfigKeys (ConfUtils.java:logFallback(53)) - raft.server.rpc.first-election.timeout.max = 5200ms (fallback to raft.server.rpc.timeout.max)
2025-02-16 13:03:21,062 [grpc-default-executor-4] INFO  server.RaftServer$Division (RaftServerImpl.java:requestVote(1407)) - 9e04f330-63f7-447c-8500-8939715d6f40@group-A4BD09EBD6A4: receive requestVote(ELECTION, 49e1ea80-2a9c-4fc6-9dfd-fcdc1670084a, group-A4BD09EBD6A4, 1, (t:0, i:0))
2025-02-16 13:03:21,062 [grpc-default-executor-4] INFO  impl.VoteContext (VoteContext.java:log(49)) - 9e04f330-63f7-447c-8500-8939715d6f40@group-A4BD09EBD6A4-FOLLOWER: accept ELECTION from 49e1ea80-2a9c-4fc6-9dfd-fcdc1670084a: our priority 0 <= candidate's priority 1
2025-02-16 13:03:21,062 [grpc-default-executor-4] INFO  server.RaftServer$Division (RaftServerImpl.java:setRole(378)) - 9e04f330-63f7-447c-8500-8939715d6f40@group-A4BD09EBD6A4: changes role from  FOLLOWER to FOLLOWER at term 0 for candidate:49e1ea80-2a9c-4fc6-9dfd-fcdc1670084a
2025-02-16 13:03:21,063 [grpc-default-executor-4] INFO  impl.RoleInfo (RoleInfo.java:shutdownFollowerState(121)) - 9e04f330-63f7-447c-8500-8939715d6f40: shutdown 9e04f330-63f7-447c-8500-8939715d6f40@group-A4BD09EBD6A4-FollowerState
2025-02-16 13:03:21,063 [grpc-default-executor-4] INFO  impl.RoleInfo (RoleInfo.java:updateAndGet(148)) - 9e04f330-63f7-447c-8500-8939715d6f40: start 9e04f330-63f7-447c-8500-8939715d6f40@group-A4BD09EBD6A4-FollowerState
2025-02-16 13:03:21,063 [9e04f330-63f7-447c-8500-8939715d6f40@group-A4BD09EBD6A4-FollowerState] INFO  impl.FollowerState (FollowerState.java:runImpl(170)) - 9e04f330-63f7-447c-8500-8939715d6f40@group-A4BD09EBD6A4-FollowerState was interrupted
2025-02-16 13:03:21,063 [grpc-default-executor-5] INFO  server.RaftServer$Division (RaftServerImpl.java:requestVote(1407)) - b381b084-c55c-4dbb-889c-469a9420fe3b@group-A4BD09EBD6A4: receive requestVote(ELECTION, 49e1ea80-2a9c-4fc6-9dfd-fcdc1670084a, group-A4BD09EBD6A4, 1, (t:0, i:0))
2025-02-16 13:03:21,063 [grpc-default-executor-5] INFO  impl.VoteContext (VoteContext.java:log(49)) - b381b084-c55c-4dbb-889c-469a9420fe3b@group-A4BD09EBD6A4-FOLLOWER: accept ELECTION from 49e1ea80-2a9c-4fc6-9dfd-fcdc1670084a: our priority 0 <= candidate's priority 1
2025-02-16 13:03:21,063 [grpc-default-executor-5] INFO  server.RaftServer$Division (RaftServerImpl.java:setRole(378)) - b381b084-c55c-4dbb-889c-469a9420fe3b@group-A4BD09EBD6A4: changes role from  FOLLOWER to FOLLOWER at term 0 for candidate:49e1ea80-2a9c-4fc6-9dfd-fcdc1670084a
2025-02-16 13:03:21,063 [grpc-default-executor-4] INFO  server.RaftServer$Division (RaftServerImpl.java:setFirstElection(562)) - 9e04f330-63f7-447c-8500-8939715d6f40@group-A4BD09EBD6A4: set firstElectionSinceStartup to false for candidate:49e1ea80-2a9c-4fc6-9dfd-fcdc1670084a
2025-02-16 13:03:21,063 [9e04f330-63f7-447c-8500-8939715d6f40@group-A4BD09EBD6A4-FollowerState] INFO  server.RaftServerConfigKeys (ConfUtils.java:logFallback(53)) - raft.server.rpc.first-election.timeout.min = 5s (fallback to raft.server.rpc.timeout.min)
2025-02-16 13:03:21,063 [9e04f330-63f7-447c-8500-8939715d6f40@group-A4BD09EBD6A4-FollowerState] INFO  server.RaftServerConfigKeys (ConfUtils.java:logFallback(53)) - raft.server.rpc.first-election.timeout.max = 5200ms (fallback to raft.server.rpc.timeout.max)
2025-02-16 13:03:21,063 [grpc-default-executor-5] INFO  impl.RoleInfo (RoleInfo.java:shutdownFollowerState(121)) - b381b084-c55c-4dbb-889c-469a9420fe3b: shutdown b381b084-c55c-4dbb-889c-469a9420fe3b@group-A4BD09EBD6A4-FollowerState
2025-02-16 13:03:21,063 [grpc-default-executor-5] INFO  impl.RoleInfo (RoleInfo.java:updateAndGet(148)) - b381b084-c55c-4dbb-889c-469a9420fe3b: start b381b084-c55c-4dbb-889c-469a9420fe3b@group-A4BD09EBD6A4-FollowerState
2025-02-16 13:03:21,063 [b381b084-c55c-4dbb-889c-469a9420fe3b@group-A4BD09EBD6A4-FollowerState] INFO  impl.FollowerState (FollowerState.java:runImpl(170)) - b381b084-c55c-4dbb-889c-469a9420fe3b@group-A4BD09EBD6A4-FollowerState was interrupted
2025-02-16 13:03:21,065 [grpc-default-executor-4] INFO  server.RaftServer$Division (RaftServerImpl.java:requestVote(1441)) - 9e04f330-63f7-447c-8500-8939715d6f40@group-A4BD09EBD6A4 replies to ELECTION vote request: 49e1ea80-2a9c-4fc6-9dfd-fcdc1670084a<-9e04f330-63f7-447c-8500-8939715d6f40#0:OK-t1. Peer's state: 9e04f330-63f7-447c-8500-8939715d6f40@group-A4BD09EBD6A4:t1, leader=null, voted=49e1ea80-2a9c-4fc6-9dfd-fcdc1670084a, raftlog=Memoized:9e04f330-63f7-447c-8500-8939715d6f40@group-A4BD09EBD6A4-SegmentedRaftLog:OPENED:c-1:lastnull, conf=conf: {index: -1, cur=peers:[49e1ea80-2a9c-4fc6-9dfd-fcdc1670084a|127.0.0.1:15147, 9e04f330-63f7-447c-8500-8939715d6f40|127.0.0.1:15156, b381b084-c55c-4dbb-889c-469a9420fe3b|127.0.0.1:15138]|listeners:[], old=null}
2025-02-16 13:03:21,065 [grpc-default-executor-5] INFO  server.RaftServer$Division (RaftServerImpl.java:requestVote(1441)) - b381b084-c55c-4dbb-889c-469a9420fe3b@group-A4BD09EBD6A4 replies to ELECTION vote request: 49e1ea80-2a9c-4fc6-9dfd-fcdc1670084a<-b381b084-c55c-4dbb-889c-469a9420fe3b#0:OK-t1. Peer's state: b381b084-c55c-4dbb-889c-469a9420fe3b@group-A4BD09EBD6A4:t1, leader=null, voted=49e1ea80-2a9c-4fc6-9dfd-fcdc1670084a, raftlog=Memoized:b381b084-c55c-4dbb-889c-469a9420fe3b@group-A4BD09EBD6A4-SegmentedRaftLog:OPENED:c-1:lastnull, conf=conf: {index: -1, cur=peers:[49e1ea80-2a9c-4fc6-9dfd-fcdc1670084a|127.0.0.1:15147, 9e04f330-63f7-447c-8500-8939715d6f40|127.0.0.1:15156, b381b084-c55c-4dbb-889c-469a9420fe3b|127.0.0.1:15138]|listeners:[], old=null}
2025-02-16 13:03:21,065 [49e1ea80-2a9c-4fc6-9dfd-fcdc1670084a@group-A4BD09EBD6A4-LeaderElection26] INFO  impl.LeaderElection (LeaderElection.java:logAndReturn(90)) - 49e1ea80-2a9c-4fc6-9dfd-fcdc1670084a@group-A4BD09EBD6A4-LeaderElection26: ELECTION PASSED received 1 response(s) and 0 exception(s):
2025-02-16 13:03:21,065 [49e1ea80-2a9c-4fc6-9dfd-fcdc1670084a@group-A4BD09EBD6A4-LeaderElection26] INFO  impl.LeaderElection (LeaderElection.java:logAndReturn(94)) -   Response 0: 49e1ea80-2a9c-4fc6-9dfd-fcdc1670084a<-9e04f330-63f7-447c-8500-8939715d6f40#0:OK-t1
2025-02-16 13:03:21,065 [49e1ea80-2a9c-4fc6-9dfd-fcdc1670084a@group-A4BD09EBD6A4-LeaderElection26] INFO  impl.LeaderElection (LeaderElection.java:askForVotes(334)) - 49e1ea80-2a9c-4fc6-9dfd-fcdc1670084a@group-A4BD09EBD6A4-LeaderElection26 ELECTION round 0: result PASSED
2025-02-16 13:03:21,065 [49e1ea80-2a9c-4fc6-9dfd-fcdc1670084a@group-A4BD09EBD6A4-LeaderElection26] INFO  impl.RoleInfo (RoleInfo.java:shutdownLeaderElection(141)) - 49e1ea80-2a9c-4fc6-9dfd-fcdc1670084a: shutdown 49e1ea80-2a9c-4fc6-9dfd-fcdc1670084a@group-A4BD09EBD6A4-LeaderElection26
2025-02-16 13:03:21,065 [49e1ea80-2a9c-4fc6-9dfd-fcdc1670084a@group-A4BD09EBD6A4-LeaderElection26] INFO  server.RaftServer$Division (RaftServerImpl.java:setRole(378)) - 49e1ea80-2a9c-4fc6-9dfd-fcdc1670084a@group-A4BD09EBD6A4: changes role from CANDIDATE to LEADER at term 1 for changeToLeader
2025-02-16 13:03:21,065 [49e1ea80-2a9c-4fc6-9dfd-fcdc1670084a@group-A4BD09EBD6A4-LeaderElection26] INFO  server.RaftServerConfigKeys (ConfUtils.java:logGet(46)) - raft.server.staging.catchup.gap = 1000 (default)
2025-02-16 13:03:21,066 [49e1ea80-2a9c-4fc6-9dfd-fcdc1670084a@group-A4BD09EBD6A4-LeaderElection26] INFO  server.RaftServerConfigKeys (ConfUtils.java:logGet(46)) - raft.server.write.element-limit = 1024 (custom)
2025-02-16 13:03:21,066 [49e1ea80-2a9c-4fc6-9dfd-fcdc1670084a@group-A4BD09EBD6A4-LeaderElection26] INFO  server.RaftServerConfigKeys (ConfUtils.java:logGet(46)) - raft.server.write.byte-limit = 1024 M (=1073741824) (custom)
2025-02-16 13:03:21,066 [49e1ea80-2a9c-4fc6-9dfd-fcdc1670084a@group-A4BD09EBD6A4-LeaderElection26] INFO  server.RaftServerConfigKeys (ConfUtils.java:logGet(46)) - raft.server.watch.timeout = 30s (custom)
2025-02-16 13:03:21,066 [49e1ea80-2a9c-4fc6-9dfd-fcdc1670084a@group-A4BD09EBD6A4-LeaderElection26] INFO  server.RaftServerConfigKeys (ConfUtils.java:logGet(46)) - raft.server.watch.timeout.denomination = 1s (default)
2025-02-16 13:03:21,066 [49e1ea80-2a9c-4fc6-9dfd-fcdc1670084a@group-A4BD09EBD6A4-LeaderElection26] INFO  server.RaftServerConfigKeys (ConfUtils.java:logGet(46)) - raft.server.watch.element-limit = 65536 (default)
2025-02-16 13:03:21,066 [49e1ea80-2a9c-4fc6-9dfd-fcdc1670084a@group-A4BD09EBD6A4-LeaderElection26] INFO  server.RaftServerConfigKeys (ConfUtils.java:logGet(46)) - raft.server.read.leader.lease.enabled = false (default)
2025-02-16 13:03:21,067 [49e1ea80-2a9c-4fc6-9dfd-fcdc1670084a@group-A4BD09EBD6A4-LeaderElection26] INFO  server.RaftServerConfigKeys (ConfUtils.java:logGet(46)) - raft.server.read.leader.lease.timeout.ratio = 0.9 (default)
2025-02-16 13:03:21,067 [49e1ea80-2a9c-4fc6-9dfd-fcdc1670084a@group-A4BD09EBD6A4-LeaderElection26] INFO  server.RaftServerConfigKeys (ConfUtils.java:logGet(46)) - raft.server.rpc.timeout.min = 5s (custom)
2025-02-16 13:03:21,067 [49e1ea80-2a9c-4fc6-9dfd-fcdc1670084a@group-A4BD09EBD6A4-LeaderElection26] INFO  server.RaftServerConfigKeys (ConfUtils.java:logGet(46)) - raft.server.log.log-metadata.enabled = true (default)
2025-02-16 13:03:21,067 [49e1ea80-2a9c-4fc6-9dfd-fcdc1670084a@group-A4BD09EBD6A4-LeaderElection26] INFO  server.RaftServerConfigKeys (ConfUtils.java:logGet(46)) - raft.server.write.element-limit = 1024 (custom)
2025-02-16 13:03:21,067 [49e1ea80-2a9c-4fc6-9dfd-fcdc1670084a@group-A4BD09EBD6A4-LeaderElection26] INFO  server.RaftServerConfigKeys (ConfUtils.java:logGet(46)) - raft.server.write.follower.gap.ratio.max = -1.0 (default)
2025-02-16 13:03:21,067 [49e1ea80-2a9c-4fc6-9dfd-fcdc1670084a@group-A4BD09EBD6A4-LeaderElection26] INFO  server.RaftServerConfigKeys (ConfUtils.java:logGet(46)) - raft.server.log.appender.snapshot.chunk.size.max = 16MB (=16777216) (default)
2025-02-16 13:03:21,067 [49e1ea80-2a9c-4fc6-9dfd-fcdc1670084a@group-A4BD09EBD6A4-LeaderElection26] INFO  server.RaftServerConfigKeys (ConfUtils.java:logGet(46)) - raft.server.log.appender.buffer.byte-limit = 33554432 (custom)
2025-02-16 13:03:21,067 [49e1ea80-2a9c-4fc6-9dfd-fcdc1670084a@group-A4BD09EBD6A4-LeaderElection26] INFO  server.RaftServerConfigKeys (ConfUtils.java:logGet(46)) - raft.server.log.appender.buffer.element-limit = 1024 (custom)
2025-02-16 13:03:21,067 [49e1ea80-2a9c-4fc6-9dfd-fcdc1670084a@group-A4BD09EBD6A4-LeaderElection26] INFO  server.RaftServerConfigKeys (ConfUtils.java:logGet(46)) - raft.server.log.appender.wait-time.min = 0μs (custom)
2025-02-16 13:03:21,067 [49e1ea80-2a9c-4fc6-9dfd-fcdc1670084a@group-A4BD09EBD6A4-LeaderElection26] INFO  grpc.GrpcConfigKeys (ConfUtils.java:logGet(46)) - raft.grpc.server.leader.outstanding.appends.max = 8 (default)
2025-02-16 13:03:21,068 [49e1ea80-2a9c-4fc6-9dfd-fcdc1670084a@group-A4BD09EBD6A4-LeaderElection26] INFO  server.RaftServerConfigKeys (ConfUtils.java:logGet(46)) - raft.server.rpc.request.timeout = 60s (custom)
2025-02-16 13:03:21,068 [49e1ea80-2a9c-4fc6-9dfd-fcdc1670084a@group-A4BD09EBD6A4-LeaderElection26] INFO  grpc.GrpcConfigKeys (ConfUtils.java:logGet(46)) - raft.grpc.server.install_snapshot.request.element-limit = 8 (default)
2025-02-16 13:03:21,068 [49e1ea80-2a9c-4fc6-9dfd-fcdc1670084a@group-A4BD09EBD6A4-LeaderElection26] INFO  grpc.GrpcConfigKeys (ConfUtils.java:logGet(46)) - raft.grpc.server.install_snapshot.request.timeout = 3000ms (default)
2025-02-16 13:03:21,068 [49e1ea80-2a9c-4fc6-9dfd-fcdc1670084a@group-A4BD09EBD6A4-LeaderElection26] INFO  grpc.GrpcConfigKeys (ConfUtils.java:logGet(46)) - raft.grpc.server.log-message.batch.duration = 5s (default)
2025-02-16 13:03:21,068 [49e1ea80-2a9c-4fc6-9dfd-fcdc1670084a@group-A4BD09EBD6A4-LeaderElection26] INFO  server.RaftServerConfigKeys (ConfUtils.java:logGet(46)) - raft.server.log.appender.install.snapshot.enabled = false (custom)
2025-02-16 13:03:21,068 [49e1ea80-2a9c-4fc6-9dfd-fcdc1670084a@group-A4BD09EBD6A4-LeaderElection26] INFO  grpc.GrpcConfigKeys (ConfUtils.java:logGet(46)) - raft.grpc.server.heartbeat.channel = true (default)
2025-02-16 13:03:21,068 [49e1ea80-2a9c-4fc6-9dfd-fcdc1670084a@group-A4BD09EBD6A4-LeaderElection26] INFO  server.RaftServerConfigKeys (ConfUtils.java:logGet(46)) - raft.server.log.appender.snapshot.chunk.size.max = 16MB (=16777216) (default)
2025-02-16 13:03:21,069 [49e1ea80-2a9c-4fc6-9dfd-fcdc1670084a@group-A4BD09EBD6A4-LeaderElection26] INFO  server.RaftServerConfigKeys (ConfUtils.java:logGet(46)) - raft.server.log.appender.buffer.byte-limit = 33554432 (custom)
2025-02-16 13:03:21,069 [49e1ea80-2a9c-4fc6-9dfd-fcdc1670084a@group-A4BD09EBD6A4-LeaderElection26] INFO  server.RaftServerConfigKeys (ConfUtils.java:logGet(46)) - raft.server.log.appender.buffer.element-limit = 1024 (custom)
2025-02-16 13:03:21,069 [49e1ea80-2a9c-4fc6-9dfd-fcdc1670084a@group-A4BD09EBD6A4-LeaderElection26] INFO  server.RaftServerConfigKeys (ConfUtils.java:logGet(46)) - raft.server.log.appender.wait-time.min = 0μs (custom)
2025-02-16 13:03:21,069 [49e1ea80-2a9c-4fc6-9dfd-fcdc1670084a@group-A4BD09EBD6A4-LeaderElection26] INFO  grpc.GrpcConfigKeys (ConfUtils.java:logGet(46)) - raft.grpc.server.leader.outstanding.appends.max = 8 (default)
2025-02-16 13:03:21,069 [49e1ea80-2a9c-4fc6-9dfd-fcdc1670084a@group-A4BD09EBD6A4-LeaderElection26] INFO  server.RaftServerConfigKeys (ConfUtils.java:logGet(46)) - raft.server.rpc.request.timeout = 60s (custom)
2025-02-16 13:03:21,069 [49e1ea80-2a9c-4fc6-9dfd-fcdc1670084a@group-A4BD09EBD6A4-LeaderElection26] INFO  grpc.GrpcConfigKeys (ConfUtils.java:logGet(46)) - raft.grpc.server.install_snapshot.request.element-limit = 8 (default)
2025-02-16 13:03:21,069 [49e1ea80-2a9c-4fc6-9dfd-fcdc1670084a@group-A4BD09EBD6A4-LeaderElection26] INFO  grpc.GrpcConfigKeys (ConfUtils.java:logGet(46)) - raft.grpc.server.install_snapshot.request.timeout = 3000ms (default)
2025-02-16 13:03:21,069 [49e1ea80-2a9c-4fc6-9dfd-fcdc1670084a@group-A4BD09EBD6A4-LeaderElection26] INFO  grpc.GrpcConfigKeys (ConfUtils.java:logGet(46)) - raft.grpc.server.log-message.batch.duration = 5s (default)
2025-02-16 13:03:21,069 [49e1ea80-2a9c-4fc6-9dfd-fcdc1670084a@group-A4BD09EBD6A4-LeaderElection26] INFO  server.RaftServerConfigKeys (ConfUtils.java:logGet(46)) - raft.server.log.appender.install.snapshot.enabled = false (custom)
2025-02-16 13:03:21,069 [49e1ea80-2a9c-4fc6-9dfd-fcdc1670084a@group-A4BD09EBD6A4-LeaderElection26] INFO  grpc.GrpcConfigKeys (ConfUtils.java:logGet(46)) - raft.grpc.server.heartbeat.channel = true (default)
2025-02-16 13:03:21,069 [49e1ea80-2a9c-4fc6-9dfd-fcdc1670084a@group-A4BD09EBD6A4-LeaderElection26] INFO  impl.RoleInfo (RoleInfo.java:updateAndGet(148)) - 49e1ea80-2a9c-4fc6-9dfd-fcdc1670084a: start 49e1ea80-2a9c-4fc6-9dfd-fcdc1670084a@group-A4BD09EBD6A4-LeaderStateImpl
2025-02-16 13:03:21,069 [49e1ea80-2a9c-4fc6-9dfd-fcdc1670084a@group-A4BD09EBD6A4-LeaderElection26] INFO  server.RaftServer$Division (RaftServerImpl.java:setFirstElection(562)) - 49e1ea80-2a9c-4fc6-9dfd-fcdc1670084a@group-A4BD09EBD6A4: set firstElectionSinceStartup to false for becomeLeader
2025-02-16 13:03:21,069 [49e1ea80-2a9c-4fc6-9dfd-fcdc1670084a@group-A4BD09EBD6A4-LeaderElection26] INFO  ratis.XceiverServerRatis (XceiverServerRatis.java:handleLeaderChangedNotification(941)) - Leader change notification received for group: group-A4BD09EBD6A4 with new leaderId: 49e1ea80-2a9c-4fc6-9dfd-fcdc1670084a
2025-02-16 13:03:21,069 [49e1ea80-2a9c-4fc6-9dfd-fcdc1670084a@group-A4BD09EBD6A4-LeaderElection26] INFO  server.RaftServer$Division (ServerState.java:setLeader(272)) - 49e1ea80-2a9c-4fc6-9dfd-fcdc1670084a@group-A4BD09EBD6A4: change Leader from null to 49e1ea80-2a9c-4fc6-9dfd-fcdc1670084a at term 1 for becomeLeader, leader elected after 5102ms
2025-02-16 13:03:21,070 [49e1ea80-2a9c-4fc6-9dfd-fcdc1670084a@group-A4BD09EBD6A4-LeaderElection26] INFO  segmented.SegmentedRaftLogWorker (SegmentedRaftLogWorker.java:startLogSegment(438)) - 49e1ea80-2a9c-4fc6-9dfd-fcdc1670084a@group-A4BD09EBD6A4-SegmentedRaftLogWorker: Starting segment from index:0
2025-02-16 13:03:21,070 [49e1ea80-2a9c-4fc6-9dfd-fcdc1670084a@group-A4BD09EBD6A4-LeaderElection26] INFO  server.RaftServer$Division (ServerState.java:setRaftConf(386)) - 49e1ea80-2a9c-4fc6-9dfd-fcdc1670084a@group-A4BD09EBD6A4: set configuration conf: {index: 0, cur=peers:[49e1ea80-2a9c-4fc6-9dfd-fcdc1670084a|127.0.0.1:15147, 9e04f330-63f7-447c-8500-8939715d6f40|127.0.0.1:15156, b381b084-c55c-4dbb-889c-469a9420fe3b|127.0.0.1:15138]|listeners:[], old=null}
2025-02-16 13:03:21,070 [49e1ea80-2a9c-4fc6-9dfd-fcdc1670084a@group-A4BD09EBD6A4-SegmentedRaftLogWorker] INFO  segmented.BufferedWriteChannel (BufferedWriteChannel.java:open(61)) - open log_inprogress_0 at position 0
2025-02-16 13:03:21,072 [49e1ea80-2a9c-4fc6-9dfd-fcdc1670084a@group-E6A5FEE08FEB-FollowerState] INFO  impl.FollowerState (FollowerState.java:runImpl(161)) - 49e1ea80-2a9c-4fc6-9dfd-fcdc1670084a@group-E6A5FEE08FEB-FollowerState: change to CANDIDATE, lastRpcElapsedTime:5012656180ns, electionTimeout:5011ms
2025-02-16 13:03:21,072 [49e1ea80-2a9c-4fc6-9dfd-fcdc1670084a@group-E6A5FEE08FEB-FollowerState] INFO  impl.RoleInfo (RoleInfo.java:shutdownFollowerState(121)) - 49e1ea80-2a9c-4fc6-9dfd-fcdc1670084a: shutdown 49e1ea80-2a9c-4fc6-9dfd-fcdc1670084a@group-E6A5FEE08FEB-FollowerState
2025-02-16 13:03:21,072 [49e1ea80-2a9c-4fc6-9dfd-fcdc1670084a@group-E6A5FEE08FEB-FollowerState] INFO  server.RaftServer$Division (RaftServerImpl.java:setRole(378)) - 49e1ea80-2a9c-4fc6-9dfd-fcdc1670084a@group-E6A5FEE08FEB: changes role from  FOLLOWER to CANDIDATE at term 0 for changeToCandidate
2025-02-16 13:03:21,072 [49e1ea80-2a9c-4fc6-9dfd-fcdc1670084a@group-E6A5FEE08FEB-FollowerState] INFO  server.RaftServerConfigKeys (ConfUtils.java:logGet(46)) - raft.server.leaderelection.pre-vote = true (default)
2025-02-16 13:03:21,072 [49e1ea80-2a9c-4fc6-9dfd-fcdc1670084a@group-E6A5FEE08FEB-FollowerState] INFO  impl.RoleInfo (RoleInfo.java:updateAndGet(148)) - 49e1ea80-2a9c-4fc6-9dfd-fcdc1670084a: start 49e1ea80-2a9c-4fc6-9dfd-fcdc1670084a@group-E6A5FEE08FEB-LeaderElection27
2025-02-16 13:03:21,072 [49e1ea80-2a9c-4fc6-9dfd-fcdc1670084a@group-E6A5FEE08FEB-LeaderElection27] INFO  impl.LeaderElection (LeaderElection.java:askForVotes(332)) - 49e1ea80-2a9c-4fc6-9dfd-fcdc1670084a@group-E6A5FEE08FEB-LeaderElection27 PRE_VOTE round 0: submit vote requests at term 0 for conf: {index: -1, cur=peers:[49e1ea80-2a9c-4fc6-9dfd-fcdc1670084a|127.0.0.1:15147, 9e04f330-63f7-447c-8500-8939715d6f40|127.0.0.1:15156, b381b084-c55c-4dbb-889c-469a9420fe3b|127.0.0.1:15138]|listeners:[], old=null}
2025-02-16 13:03:21,073 [49e1ea80-2a9c-4fc6-9dfd-fcdc1670084a@group-E6A5FEE08FEB-LeaderElection27] INFO  server.RaftServerConfigKeys (ConfUtils.java:logFallback(53)) - raft.server.rpc.first-election.timeout.min = 5s (fallback to raft.server.rpc.timeout.min)
2025-02-16 13:03:21,073 [49e1ea80-2a9c-4fc6-9dfd-fcdc1670084a@group-E6A5FEE08FEB-LeaderElection27] INFO  server.RaftServerConfigKeys (ConfUtils.java:logFallback(53)) - raft.server.rpc.first-election.timeout.max = 5200ms (fallback to raft.server.rpc.timeout.max)
2025-02-16 13:03:21,073 [scmNode-1-EventQueue-OpenPipelineForHealthyPipelineSafeModeRule] INFO  safemode.SCMSafeModeManager (HealthyPipelineSafeModeRule.java:process(141)) - SCM in safe mode. Healthy pipelines reported count is 0, required healthy pipeline reported count is 1
2025-02-16 13:03:21,076 [grpc-default-executor-3] INFO  server.RaftServer$Division (RaftServerImpl.java:requestVote(1407)) - b381b084-c55c-4dbb-889c-469a9420fe3b@group-E6A5FEE08FEB: receive requestVote(PRE_VOTE, 49e1ea80-2a9c-4fc6-9dfd-fcdc1670084a, group-E6A5FEE08FEB, 0, (t:0, i:0))
2025-02-16 13:03:21,076 [grpc-default-executor-3] INFO  impl.VoteContext (VoteContext.java:log(49)) - b381b084-c55c-4dbb-889c-469a9420fe3b@group-E6A5FEE08FEB-FOLLOWER: accept PRE_VOTE from 49e1ea80-2a9c-4fc6-9dfd-fcdc1670084a: our priority 0 <= candidate's priority 0
2025-02-16 13:03:21,076 [grpc-default-executor-3] INFO  server.RaftServer$Division (RaftServerImpl.java:requestVote(1441)) - b381b084-c55c-4dbb-889c-469a9420fe3b@group-E6A5FEE08FEB replies to PRE_VOTE vote request: 49e1ea80-2a9c-4fc6-9dfd-fcdc1670084a<-b381b084-c55c-4dbb-889c-469a9420fe3b#0:OK-t0. Peer's state: b381b084-c55c-4dbb-889c-469a9420fe3b@group-E6A5FEE08FEB:t0, leader=null, voted=, raftlog=Memoized:b381b084-c55c-4dbb-889c-469a9420fe3b@group-E6A5FEE08FEB-SegmentedRaftLog:OPENED:c-1:lastnull, conf=conf: {index: -1, cur=peers:[49e1ea80-2a9c-4fc6-9dfd-fcdc1670084a|127.0.0.1:15147, 9e04f330-63f7-447c-8500-8939715d6f40|127.0.0.1:15156, b381b084-c55c-4dbb-889c-469a9420fe3b|127.0.0.1:15138]|listeners:[], old=null}
2025-02-16 13:03:21,077 [b381b084-c55c-4dbb-889c-469a9420fe3b-server-thread1] INFO  ratis.XceiverServerRatis (XceiverServerRatis.java:handleLeaderChangedNotification(941)) - Leader change notification received for group: group-A4BD09EBD6A4 with new leaderId: 49e1ea80-2a9c-4fc6-9dfd-fcdc1670084a
2025-02-16 13:03:21,077 [b381b084-c55c-4dbb-889c-469a9420fe3b-server-thread1] INFO  server.RaftServer$Division (ServerState.java:setLeader(272)) - b381b084-c55c-4dbb-889c-469a9420fe3b@group-A4BD09EBD6A4: change Leader from null to 49e1ea80-2a9c-4fc6-9dfd-fcdc1670084a at term 1 for appendEntries, leader elected after 5129ms
2025-02-16 13:03:21,077 [grpc-default-executor-4] INFO  server.RaftServer$Division (RaftServerImpl.java:requestVote(1407)) - 9e04f330-63f7-447c-8500-8939715d6f40@group-E6A5FEE08FEB: receive requestVote(PRE_VOTE, 49e1ea80-2a9c-4fc6-9dfd-fcdc1670084a, group-E6A5FEE08FEB, 0, (t:0, i:0))
2025-02-16 13:03:21,077 [b381b084-c55c-4dbb-889c-469a9420fe3b-server-thread1] INFO  server.RaftServer$Division (ServerState.java:setRaftConf(386)) - b381b084-c55c-4dbb-889c-469a9420fe3b@group-A4BD09EBD6A4: set configuration conf: {index: 0, cur=peers:[49e1ea80-2a9c-4fc6-9dfd-fcdc1670084a|127.0.0.1:15147, 9e04f330-63f7-447c-8500-8939715d6f40|127.0.0.1:15156, b381b084-c55c-4dbb-889c-469a9420fe3b|127.0.0.1:15138]|listeners:[], old=null}
2025-02-16 13:03:21,077 [grpc-default-executor-4] INFO  impl.VoteContext (VoteContext.java:log(49)) - 9e04f330-63f7-447c-8500-8939715d6f40@group-E6A5FEE08FEB-FOLLOWER: reject PRE_VOTE from 49e1ea80-2a9c-4fc6-9dfd-fcdc1670084a: our priority 1 > candidate's priority 0
2025-02-16 13:03:21,077 [grpc-default-executor-4] INFO  server.RaftServer$Division (RaftServerImpl.java:requestVote(1441)) - 9e04f330-63f7-447c-8500-8939715d6f40@group-E6A5FEE08FEB replies to PRE_VOTE vote request: 49e1ea80-2a9c-4fc6-9dfd-fcdc1670084a<-9e04f330-63f7-447c-8500-8939715d6f40#0:FAIL-t0. Peer's state: 9e04f330-63f7-447c-8500-8939715d6f40@group-E6A5FEE08FEB:t0, leader=null, voted=, raftlog=Memoized:9e04f330-63f7-447c-8500-8939715d6f40@group-E6A5FEE08FEB-SegmentedRaftLog:OPENED:c-1:lastnull, conf=conf: {index: -1, cur=peers:[49e1ea80-2a9c-4fc6-9dfd-fcdc1670084a|127.0.0.1:15147, 9e04f330-63f7-447c-8500-8939715d6f40|127.0.0.1:15156, b381b084-c55c-4dbb-889c-469a9420fe3b|127.0.0.1:15138]|listeners:[], old=null}
2025-02-16 13:03:21,077 [257e952a-4980-4b97-a405-9e28f64fa058@group-AA8D0BAD65B8-StateMachineUpdater] INFO  safemode.HealthyPipelineSafeModeRule (HealthyPipelineSafeModeRule.java:initializeRule(173)) - Refreshed total pipeline count is 1, healthy pipeline threshold count is 1
2025-02-16 13:03:21,078 [49e1ea80-2a9c-4fc6-9dfd-fcdc1670084a@group-E6A5FEE08FEB-LeaderElection27] INFO  impl.LeaderElection (LeaderElection.java:logAndReturn(90)) - 49e1ea80-2a9c-4fc6-9dfd-fcdc1670084a@group-E6A5FEE08FEB-LeaderElection27: PRE_VOTE REJECTED received 2 response(s) and 0 exception(s):
2025-02-16 13:03:21,078 [49e1ea80-2a9c-4fc6-9dfd-fcdc1670084a@group-E6A5FEE08FEB-LeaderElection27] INFO  impl.LeaderElection (LeaderElection.java:logAndReturn(94)) -   Response 0: 49e1ea80-2a9c-4fc6-9dfd-fcdc1670084a<-9e04f330-63f7-447c-8500-8939715d6f40#0:FAIL-t0
2025-02-16 13:03:21,078 [49e1ea80-2a9c-4fc6-9dfd-fcdc1670084a@group-E6A5FEE08FEB-LeaderElection27] INFO  impl.LeaderElection (LeaderElection.java:logAndReturn(94)) -   Response 1: 49e1ea80-2a9c-4fc6-9dfd-fcdc1670084a<-b381b084-c55c-4dbb-889c-469a9420fe3b#0:OK-t0
2025-02-16 13:03:21,078 [9e04f330-63f7-447c-8500-8939715d6f40-server-thread2] INFO  ratis.XceiverServerRatis (XceiverServerRatis.java:handleLeaderChangedNotification(941)) - Leader change notification received for group: group-A4BD09EBD6A4 with new leaderId: 49e1ea80-2a9c-4fc6-9dfd-fcdc1670084a
2025-02-16 13:03:21,077 [b381b084-c55c-4dbb-889c-469a9420fe3b-server-thread1] INFO  segmented.SegmentedRaftLogWorker (SegmentedRaftLogWorker.java:startLogSegment(438)) - b381b084-c55c-4dbb-889c-469a9420fe3b@group-A4BD09EBD6A4-SegmentedRaftLogWorker: Starting segment from index:0
2025-02-16 13:03:21,078 [9e04f330-63f7-447c-8500-8939715d6f40-server-thread2] INFO  server.RaftServer$Division (ServerState.java:setLeader(272)) - 9e04f330-63f7-447c-8500-8939715d6f40@group-A4BD09EBD6A4: change Leader from null to 49e1ea80-2a9c-4fc6-9dfd-fcdc1670084a at term 1 for appendEntries, leader elected after 5090ms
2025-02-16 13:03:21,078 [49e1ea80-2a9c-4fc6-9dfd-fcdc1670084a@group-E6A5FEE08FEB-LeaderElection27] INFO  impl.LeaderElection (LeaderElection.java:askForVotes(334)) - 49e1ea80-2a9c-4fc6-9dfd-fcdc1670084a@group-E6A5FEE08FEB-LeaderElection27 PRE_VOTE round 0: result REJECTED
2025-02-16 13:03:21,079 [49e1ea80-2a9c-4fc6-9dfd-fcdc1670084a@group-E6A5FEE08FEB-LeaderElection27] INFO  server.RaftServer$Division (RaftServerImpl.java:setRole(378)) - 49e1ea80-2a9c-4fc6-9dfd-fcdc1670084a@group-E6A5FEE08FEB: changes role from CANDIDATE to FOLLOWER at term 0 for REJECTED
2025-02-16 13:03:21,079 [49e1ea80-2a9c-4fc6-9dfd-fcdc1670084a@group-E6A5FEE08FEB-LeaderElection27] INFO  impl.RoleInfo (RoleInfo.java:shutdownLeaderElection(141)) - 49e1ea80-2a9c-4fc6-9dfd-fcdc1670084a: shutdown 49e1ea80-2a9c-4fc6-9dfd-fcdc1670084a@group-E6A5FEE08FEB-LeaderElection27
2025-02-16 13:03:21,079 [49e1ea80-2a9c-4fc6-9dfd-fcdc1670084a@group-E6A5FEE08FEB-LeaderElection27] INFO  impl.RoleInfo (RoleInfo.java:updateAndGet(148)) - 49e1ea80-2a9c-4fc6-9dfd-fcdc1670084a: start 49e1ea80-2a9c-4fc6-9dfd-fcdc1670084a@group-E6A5FEE08FEB-FollowerState
2025-02-16 13:03:21,079 [b381b084-c55c-4dbb-889c-469a9420fe3b@group-A4BD09EBD6A4-SegmentedRaftLogWorker] INFO  segmented.BufferedWriteChannel (BufferedWriteChannel.java:open(61)) - open log_inprogress_0 at position 0
2025-02-16 13:03:21,080 [49e1ea80-2a9c-4fc6-9dfd-fcdc1670084a@group-E6A5FEE08FEB-FollowerState] INFO  server.RaftServerConfigKeys (ConfUtils.java:logFallback(53)) - raft.server.rpc.first-election.timeout.min = 5s (fallback to raft.server.rpc.timeout.min)
2025-02-16 13:03:21,080 [49e1ea80-2a9c-4fc6-9dfd-fcdc1670084a@group-E6A5FEE08FEB-FollowerState] INFO  server.RaftServerConfigKeys (ConfUtils.java:logFallback(53)) - raft.server.rpc.first-election.timeout.max = 5200ms (fallback to raft.server.rpc.timeout.max)
2025-02-16 13:03:21,080 [49e1ea80-2a9c-4fc6-9dfd-fcdc1670084a@group-E6A5FEE08FEB-LeaderElection27] INFO  server.RaftServer$Division (RaftServerImpl.java:setFirstElection(562)) - 49e1ea80-2a9c-4fc6-9dfd-fcdc1670084a@group-E6A5FEE08FEB: set firstElectionSinceStartup to false for REJECTED
2025-02-16 13:03:21,078 [scmNode-1-EventQueue-PipelineReportForPipelineReportHandler] INFO  pipeline.PipelineReportHandler (PipelineReportHandler.java:processPipelineReport(141)) - Opened pipeline PipelineID=597bc4f1-5f8c-4c7d-80e7-a4bd09ebd6a4
2025-02-16 13:03:21,080 [scmNode-1-EventQueue-OpenPipelineForHealthyPipelineSafeModeRule] INFO  safemode.SCMSafeModeManager (HealthyPipelineSafeModeRule.java:process(141)) - SCM in safe mode. Healthy pipelines reported count is 1, required healthy pipeline reported count is 1
2025-02-16 13:03:21,080 [scmNode-1-EventQueue-OpenPipelineForHealthyPipelineSafeModeRule] INFO  safemode.SCMSafeModeManager (SCMSafeModeManager.java:validateSafeModeExitRules(186)) - HealthyPipelineSafeModeRule rule is successfully validated
2025-02-16 13:03:21,080 [scmNode-1-EventQueue-OpenPipelineForHealthyPipelineSafeModeRule] INFO  safemode.SCMSafeModeManager (SCMSafeModeManager.java:validateSafeModeExitRules(201)) - ScmSafeModeManager, all rules are successfully validated
2025-02-16 13:03:21,080 [scmNode-1-EventQueue-OpenPipelineForHealthyPipelineSafeModeRule] INFO  safemode.SCMSafeModeManager (SCMSafeModeManager.java:exitSafeMode(231)) - SCM exiting safe mode.
2025-02-16 13:03:21,080 [scmNode-1-EventQueue-OpenPipelineForHealthyPipelineSafeModeRule] INFO  ha.SCMContext (SCMContext.java:updateSafeModeStatus(224)) - Update SafeModeStatus from SafeModeStatus{safeModeStatus=true, preCheckPassed=true} to SafeModeStatus{safeModeStatus=false, preCheckPassed=true}.
2025-02-16 13:03:21,080 [scmNode-1-EventQueue-OpenPipelineForHealthyPipelineSafeModeRule] INFO  BackgroundPipelineScrubber (BackgroundSCMService.java:notifyStatusChanged(78)) - Service BackgroundPipelineScrubber transitions to RUNNING.
2025-02-16 13:03:21,080 [scmNode-1-EventQueue-OpenPipelineForHealthyPipelineSafeModeRule] INFO  ExpiredContainerReplicaOpScrubber (BackgroundSCMService.java:notifyStatusChanged(78)) - Service ExpiredContainerReplicaOpScrubber transitions to RUNNING.
2025-02-16 13:03:21,081 [scmNode-1-EventQueue-OpenPipelineForHealthyPipelineSafeModeRule] INFO  block.SCMBlockDeletingService (SCMBlockDeletingService.java:notifyStatusChanged(250)) - notifyStatusChanged:RUNNING
2025-02-16 13:03:21,081 [scmNode-1-EventQueue-OpenPipelineForHealthyPipelineSafeModeRule] INFO  replication.ReplicationManager (ReplicationManager.java:notifyStatusChanged(1373)) - Service ReplicationManager transitions to RUNNING.
2025-02-16 13:03:21,079 [49e1ea80-2a9c-4fc6-9dfd-fcdc1670084a@group-A4BD09EBD6A4-SegmentedRaftLogWorker] INFO  segmented.SegmentedRaftLogWorker (SegmentedRaftLogWorker.java:execute(644)) - 49e1ea80-2a9c-4fc6-9dfd-fcdc1670084a@group-A4BD09EBD6A4-SegmentedRaftLogWorker: created new log segment /home/runner/work/ozone/ozone/hadoop-ozone/integration-test/target/test-dir/MiniOzoneClusterImpl-8cdb299b-b154-4fd3-af09-aa8d0bad65b8/ozone-meta/datanode-2/ratis/597bc4f1-5f8c-4c7d-80e7-a4bd09ebd6a4/current/log_inprogress_0
2025-02-16 13:03:21,079 [9e04f330-63f7-447c-8500-8939715d6f40-server-thread2] INFO  server.RaftServer$Division (ServerState.java:setRaftConf(386)) - 9e04f330-63f7-447c-8500-8939715d6f40@group-A4BD09EBD6A4: set configuration conf: {index: 0, cur=peers:[49e1ea80-2a9c-4fc6-9dfd-fcdc1670084a|127.0.0.1:15147, 9e04f330-63f7-447c-8500-8939715d6f40|127.0.0.1:15156, b381b084-c55c-4dbb-889c-469a9420fe3b|127.0.0.1:15138]|listeners:[], old=null}
2025-02-16 13:03:21,081 [9e04f330-63f7-447c-8500-8939715d6f40-server-thread2] INFO  segmented.SegmentedRaftLogWorker (SegmentedRaftLogWorker.java:startLogSegment(438)) - 9e04f330-63f7-447c-8500-8939715d6f40@group-A4BD09EBD6A4-SegmentedRaftLogWorker: Starting segment from index:0
2025-02-16 13:03:21,081 [9e04f330-63f7-447c-8500-8939715d6f40@group-A4BD09EBD6A4-SegmentedRaftLogWorker] INFO  segmented.BufferedWriteChannel (BufferedWriteChannel.java:open(61)) - open log_inprogress_0 at position 0
2025-02-16 13:03:21,081 [scmNode-1-EventQueue-OpenPipelineForHealthyPipelineSafeModeRule] WARN  balancer.ContainerBalancer (ContainerBalancer.java:shouldRun(134)) - Could not find persisted configuration for ContainerBalancer when checking if ContainerBalancer should run. ContainerBalancer should not run now.
2025-02-16 13:03:21,082 [scmNode-1-EventQueue-OpenPipelineForHealthyPipelineSafeModeRule] INFO  SCMHATransactionMonitor (BackgroundSCMService.java:notifyStatusChanged(78)) - Service SCMHATransactionMonitor transitions to RUNNING.
2025-02-16 13:03:21,093 [9e04f330-63f7-447c-8500-8939715d6f40@group-A4BD09EBD6A4-SegmentedRaftLogWorker] INFO  segmented.SegmentedRaftLogWorker (SegmentedRaftLogWorker.java:execute(644)) - 9e04f330-63f7-447c-8500-8939715d6f40@group-A4BD09EBD6A4-SegmentedRaftLogWorker: created new log segment /home/runner/work/ozone/ozone/hadoop-ozone/integration-test/target/test-dir/MiniOzoneClusterImpl-8cdb299b-b154-4fd3-af09-aa8d0bad65b8/ozone-meta/datanode-3/ratis/597bc4f1-5f8c-4c7d-80e7-a4bd09ebd6a4/current/log_inprogress_0
2025-02-16 13:03:21,094 [b381b084-c55c-4dbb-889c-469a9420fe3b@group-A4BD09EBD6A4-SegmentedRaftLogWorker] INFO  segmented.SegmentedRaftLogWorker (SegmentedRaftLogWorker.java:execute(644)) - b381b084-c55c-4dbb-889c-469a9420fe3b@group-A4BD09EBD6A4-SegmentedRaftLogWorker: created new log segment /home/runner/work/ozone/ozone/hadoop-ozone/integration-test/target/test-dir/MiniOzoneClusterImpl-8cdb299b-b154-4fd3-af09-aa8d0bad65b8/ozone-meta/datanode-1/ratis/597bc4f1-5f8c-4c7d-80e7-a4bd09ebd6a4/current/log_inprogress_0
2025-02-16 13:03:21,095 [49e1ea80-2a9c-4fc6-9dfd-fcdc1670084a@group-A4BD09EBD6A4-StateMachineUpdater] INFO  server.RaftServer$Division (LeaderStateImpl.java:checkStartIndex(313)) - Leader 49e1ea80-2a9c-4fc6-9dfd-fcdc1670084a@group-A4BD09EBD6A4-LeaderStateImpl is ready since appliedIndex == startIndex == 0
2025-02-16 13:03:21,108 [9e04f330-63f7-447c-8500-8939715d6f40@group-E6A5FEE08FEB-FollowerState] INFO  impl.FollowerState (FollowerState.java:runImpl(161)) - 9e04f330-63f7-447c-8500-8939715d6f40@group-E6A5FEE08FEB-FollowerState: change to CANDIDATE, lastRpcElapsedTime:5070480664ns, electionTimeout:5070ms
2025-02-16 13:03:21,108 [9e04f330-63f7-447c-8500-8939715d6f40@group-E6A5FEE08FEB-FollowerState] INFO  impl.RoleInfo (RoleInfo.java:shutdownFollowerState(121)) - 9e04f330-63f7-447c-8500-8939715d6f40: shutdown 9e04f330-63f7-447c-8500-8939715d6f40@group-E6A5FEE08FEB-FollowerState
2025-02-16 13:03:21,108 [9e04f330-63f7-447c-8500-8939715d6f40@group-E6A5FEE08FEB-FollowerState] INFO  server.RaftServer$Division (RaftServerImpl.java:setRole(378)) - 9e04f330-63f7-447c-8500-8939715d6f40@group-E6A5FEE08FEB: changes role from  FOLLOWER to CANDIDATE at term 0 for changeToCandidate
2025-02-16 13:03:21,108 [9e04f330-63f7-447c-8500-8939715d6f40@group-E6A5FEE08FEB-FollowerState] INFO  server.RaftServerConfigKeys (ConfUtils.java:logGet(46)) - raft.server.leaderelection.pre-vote = true (default)
2025-02-16 13:03:21,108 [9e04f330-63f7-447c-8500-8939715d6f40@group-E6A5FEE08FEB-FollowerState] INFO  impl.RoleInfo (RoleInfo.java:updateAndGet(148)) - 9e04f330-63f7-447c-8500-8939715d6f40: start 9e04f330-63f7-447c-8500-8939715d6f40@group-E6A5FEE08FEB-LeaderElection28
2025-02-16 13:03:21,108 [9e04f330-63f7-447c-8500-8939715d6f40@group-E6A5FEE08FEB-LeaderElection28] INFO  impl.LeaderElection (LeaderElection.java:askForVotes(332)) - 9e04f330-63f7-447c-8500-8939715d6f40@group-E6A5FEE08FEB-LeaderElection28 PRE_VOTE round 0: submit vote requests at term 0 for conf: {index: -1, cur=peers:[49e1ea80-2a9c-4fc6-9dfd-fcdc1670084a|127.0.0.1:15147, 9e04f330-63f7-447c-8500-8939715d6f40|127.0.0.1:15156, b381b084-c55c-4dbb-889c-469a9420fe3b|127.0.0.1:15138]|listeners:[], old=null}
2025-02-16 13:03:21,108 [9e04f330-63f7-447c-8500-8939715d6f40@group-E6A5FEE08FEB-LeaderElection28-1] INFO  server.GrpcServerProtocolClient (GrpcServerProtocolClient.java:<init>(65)) - Build channel for 49e1ea80-2a9c-4fc6-9dfd-fcdc1670084a|127.0.0.1:15147
2025-02-16 13:03:21,109 [9e04f330-63f7-447c-8500-8939715d6f40@group-E6A5FEE08FEB-LeaderElection28-2] INFO  server.GrpcServerProtocolClient (GrpcServerProtocolClient.java:<init>(65)) - Build channel for b381b084-c55c-4dbb-889c-469a9420fe3b|127.0.0.1:15138
2025-02-16 13:03:21,108 [9e04f330-63f7-447c-8500-8939715d6f40@group-E6A5FEE08FEB-LeaderElection28] INFO  server.RaftServerConfigKeys (ConfUtils.java:logFallback(53)) - raft.server.rpc.first-election.timeout.min = 5s (fallback to raft.server.rpc.timeout.min)
2025-02-16 13:03:21,109 [9e04f330-63f7-447c-8500-8939715d6f40@group-E6A5FEE08FEB-LeaderElection28] INFO  server.RaftServerConfigKeys (ConfUtils.java:logFallback(53)) - raft.server.rpc.first-election.timeout.max = 5200ms (fallback to raft.server.rpc.timeout.max)
2025-02-16 13:03:21,111 [grpc-default-executor-3] INFO  server.RaftServer$Division (RaftServerImpl.java:requestVote(1407)) - b381b084-c55c-4dbb-889c-469a9420fe3b@group-E6A5FEE08FEB: receive requestVote(PRE_VOTE, 9e04f330-63f7-447c-8500-8939715d6f40, group-E6A5FEE08FEB, 0, (t:0, i:0))
2025-02-16 13:03:21,112 [grpc-default-executor-4] INFO  server.RaftServer$Division (RaftServerImpl.java:requestVote(1407)) - 49e1ea80-2a9c-4fc6-9dfd-fcdc1670084a@group-E6A5FEE08FEB: receive requestVote(PRE_VOTE, 9e04f330-63f7-447c-8500-8939715d6f40, group-E6A5FEE08FEB, 0, (t:0, i:0))
2025-02-16 13:03:21,112 [grpc-default-executor-3] INFO  impl.VoteContext (VoteContext.java:log(49)) - b381b084-c55c-4dbb-889c-469a9420fe3b@group-E6A5FEE08FEB-FOLLOWER: accept PRE_VOTE from 9e04f330-63f7-447c-8500-8939715d6f40: our priority 0 <= candidate's priority 1
2025-02-16 13:03:21,112 [grpc-default-executor-4] INFO  impl.VoteContext (VoteContext.java:log(49)) - 49e1ea80-2a9c-4fc6-9dfd-fcdc1670084a@group-E6A5FEE08FEB-FOLLOWER: accept PRE_VOTE from 9e04f330-63f7-447c-8500-8939715d6f40: our priority 0 <= candidate's priority 1
2025-02-16 13:03:21,112 [grpc-default-executor-4] INFO  server.RaftServer$Division (RaftServerImpl.java:requestVote(1441)) - 49e1ea80-2a9c-4fc6-9dfd-fcdc1670084a@group-E6A5FEE08FEB replies to PRE_VOTE vote request: 9e04f330-63f7-447c-8500-8939715d6f40<-49e1ea80-2a9c-4fc6-9dfd-fcdc1670084a#0:OK-t0. Peer's state: 49e1ea80-2a9c-4fc6-9dfd-fcdc1670084a@group-E6A5FEE08FEB:t0, leader=null, voted=, raftlog=Memoized:49e1ea80-2a9c-4fc6-9dfd-fcdc1670084a@group-E6A5FEE08FEB-SegmentedRaftLog:OPENED:c-1:lastnull, conf=conf: {index: -1, cur=peers:[49e1ea80-2a9c-4fc6-9dfd-fcdc1670084a|127.0.0.1:15147, 9e04f330-63f7-447c-8500-8939715d6f40|127.0.0.1:15156, b381b084-c55c-4dbb-889c-469a9420fe3b|127.0.0.1:15138]|listeners:[], old=null}
2025-02-16 13:03:21,112 [grpc-default-executor-3] INFO  server.RaftServer$Division (RaftServerImpl.java:requestVote(1441)) - b381b084-c55c-4dbb-889c-469a9420fe3b@group-E6A5FEE08FEB replies to PRE_VOTE vote request: 9e04f330-63f7-447c-8500-8939715d6f40<-b381b084-c55c-4dbb-889c-469a9420fe3b#0:OK-t0. Peer's state: b381b084-c55c-4dbb-889c-469a9420fe3b@group-E6A5FEE08FEB:t0, leader=null, voted=, raftlog=Memoized:b381b084-c55c-4dbb-889c-469a9420fe3b@group-E6A5FEE08FEB-SegmentedRaftLog:OPENED:c-1:lastnull, conf=conf: {index: -1, cur=peers:[49e1ea80-2a9c-4fc6-9dfd-fcdc1670084a|127.0.0.1:15147, 9e04f330-63f7-447c-8500-8939715d6f40|127.0.0.1:15156, b381b084-c55c-4dbb-889c-469a9420fe3b|127.0.0.1:15138]|listeners:[], old=null}
2025-02-16 13:03:21,112 [9e04f330-63f7-447c-8500-8939715d6f40@group-E6A5FEE08FEB-LeaderElection28] INFO  impl.LeaderElection (LeaderElection.java:logAndReturn(90)) - 9e04f330-63f7-447c-8500-8939715d6f40@group-E6A5FEE08FEB-LeaderElection28: PRE_VOTE PASSED received 1 response(s) and 0 exception(s):
2025-02-16 13:03:21,112 [9e04f330-63f7-447c-8500-8939715d6f40@group-E6A5FEE08FEB-LeaderElection28] INFO  impl.LeaderElection (LeaderElection.java:logAndReturn(94)) -   Response 0: 9e04f330-63f7-447c-8500-8939715d6f40<-b381b084-c55c-4dbb-889c-469a9420fe3b#0:OK-t0
2025-02-16 13:03:21,112 [9e04f330-63f7-447c-8500-8939715d6f40@group-E6A5FEE08FEB-LeaderElection28] INFO  impl.LeaderElection (LeaderElection.java:askForVotes(334)) - 9e04f330-63f7-447c-8500-8939715d6f40@group-E6A5FEE08FEB-LeaderElection28 PRE_VOTE round 0: result PASSED
2025-02-16 13:03:21,113 [9e04f330-63f7-447c-8500-8939715d6f40@group-E6A5FEE08FEB-LeaderElection28] INFO  impl.LeaderElection (LeaderElection.java:askForVotes(332)) - 9e04f330-63f7-447c-8500-8939715d6f40@group-E6A5FEE08FEB-LeaderElection28 ELECTION round 0: submit vote requests at term 1 for conf: {index: -1, cur=peers:[49e1ea80-2a9c-4fc6-9dfd-fcdc1670084a|127.0.0.1:15147, 9e04f330-63f7-447c-8500-8939715d6f40|127.0.0.1:15156, b381b084-c55c-4dbb-889c-469a9420fe3b|127.0.0.1:15138]|listeners:[], old=null}
2025-02-16 13:03:21,114 [9e04f330-63f7-447c-8500-8939715d6f40@group-E6A5FEE08FEB-LeaderElection28] INFO  server.RaftServerConfigKeys (ConfUtils.java:logFallback(53)) - raft.server.rpc.first-election.timeout.min = 5s (fallback to raft.server.rpc.timeout.min)
2025-02-16 13:03:21,114 [9e04f330-63f7-447c-8500-8939715d6f40@group-E6A5FEE08FEB-LeaderElection28] INFO  server.RaftServerConfigKeys (ConfUtils.java:logFallback(53)) - raft.server.rpc.first-election.timeout.max = 5200ms (fallback to raft.server.rpc.timeout.max)
2025-02-16 13:03:21,114 [grpc-default-executor-4] INFO  server.RaftServer$Division (RaftServerImpl.java:requestVote(1407)) - 49e1ea80-2a9c-4fc6-9dfd-fcdc1670084a@group-E6A5FEE08FEB: receive requestVote(ELECTION, 9e04f330-63f7-447c-8500-8939715d6f40, group-E6A5FEE08FEB, 1, (t:0, i:0))
2025-02-16 13:03:21,114 [grpc-default-executor-4] INFO  impl.VoteContext (VoteContext.java:log(49)) - 49e1ea80-2a9c-4fc6-9dfd-fcdc1670084a@group-E6A5FEE08FEB-FOLLOWER: accept ELECTION from 9e04f330-63f7-447c-8500-8939715d6f40: our priority 0 <= candidate's priority 1
2025-02-16 13:03:21,114 [grpc-default-executor-4] INFO  server.RaftServer$Division (RaftServerImpl.java:setRole(378)) - 49e1ea80-2a9c-4fc6-9dfd-fcdc1670084a@group-E6A5FEE08FEB: changes role from  FOLLOWER to FOLLOWER at term 0 for candidate:9e04f330-63f7-447c-8500-8939715d6f40
2025-02-16 13:03:21,114 [grpc-default-executor-4] INFO  impl.RoleInfo (RoleInfo.java:shutdownFollowerState(121)) - 49e1ea80-2a9c-4fc6-9dfd-fcdc1670084a: shutdown 49e1ea80-2a9c-4fc6-9dfd-fcdc1670084a@group-E6A5FEE08FEB-FollowerState
2025-02-16 13:03:21,114 [grpc-default-executor-3] INFO  server.RaftServer$Division (RaftServerImpl.java:requestVote(1407)) - b381b084-c55c-4dbb-889c-469a9420fe3b@group-E6A5FEE08FEB: receive requestVote(ELECTION, 9e04f330-63f7-447c-8500-8939715d6f40, group-E6A5FEE08FEB, 1, (t:0, i:0))
2025-02-16 13:03:21,114 [grpc-default-executor-3] INFO  impl.VoteContext (VoteContext.java:log(49)) - b381b084-c55c-4dbb-889c-469a9420fe3b@group-E6A5FEE08FEB-FOLLOWER: accept ELECTION from 9e04f330-63f7-447c-8500-8939715d6f40: our priority 0 <= candidate's priority 1
2025-02-16 13:03:21,114 [grpc-default-executor-3] INFO  server.RaftServer$Division (RaftServerImpl.java:setRole(378)) - b381b084-c55c-4dbb-889c-469a9420fe3b@group-E6A5FEE08FEB: changes role from  FOLLOWER to FOLLOWER at term 0 for candidate:9e04f330-63f7-447c-8500-8939715d6f40
2025-02-16 13:03:21,114 [grpc-default-executor-3] INFO  impl.RoleInfo (RoleInfo.java:shutdownFollowerState(121)) - b381b084-c55c-4dbb-889c-469a9420fe3b: shutdown b381b084-c55c-4dbb-889c-469a9420fe3b@group-E6A5FEE08FEB-FollowerState
2025-02-16 13:03:21,115 [grpc-default-executor-3] INFO  impl.RoleInfo (RoleInfo.java:updateAndGet(148)) - b381b084-c55c-4dbb-889c-469a9420fe3b: start b381b084-c55c-4dbb-889c-469a9420fe3b@group-E6A5FEE08FEB-FollowerState
2025-02-16 13:03:21,114 [grpc-default-executor-4] INFO  impl.RoleInfo (RoleInfo.java:updateAndGet(148)) - 49e1ea80-2a9c-4fc6-9dfd-fcdc1670084a: start 49e1ea80-2a9c-4fc6-9dfd-fcdc1670084a@group-E6A5FEE08FEB-FollowerState
2025-02-16 13:03:21,114 [49e1ea80-2a9c-4fc6-9dfd-fcdc1670084a@group-E6A5FEE08FEB-FollowerState] INFO  impl.FollowerState (FollowerState.java:runImpl(170)) - 49e1ea80-2a9c-4fc6-9dfd-fcdc1670084a@group-E6A5FEE08FEB-FollowerState was interrupted
2025-02-16 13:03:21,115 [grpc-default-executor-3] INFO  server.RaftServer$Division (RaftServerImpl.java:setFirstElection(562)) - b381b084-c55c-4dbb-889c-469a9420fe3b@group-E6A5FEE08FEB: set firstElectionSinceStartup to false for candidate:9e04f330-63f7-447c-8500-8939715d6f40
2025-02-16 13:03:21,115 [b381b084-c55c-4dbb-889c-469a9420fe3b@group-E6A5FEE08FEB-FollowerState] INFO  impl.FollowerState (FollowerState.java:runImpl(170)) - b381b084-c55c-4dbb-889c-469a9420fe3b@group-E6A5FEE08FEB-FollowerState was interrupted
2025-02-16 13:03:21,116 [grpc-default-executor-3] INFO  server.RaftServer$Division (RaftServerImpl.java:requestVote(1441)) - b381b084-c55c-4dbb-889c-469a9420fe3b@group-E6A5FEE08FEB replies to ELECTION vote request: 9e04f330-63f7-447c-8500-8939715d6f40<-b381b084-c55c-4dbb-889c-469a9420fe3b#0:OK-t1. Peer's state: b381b084-c55c-4dbb-889c-469a9420fe3b@group-E6A5FEE08FEB:t1, leader=null, voted=9e04f330-63f7-447c-8500-8939715d6f40, raftlog=Memoized:b381b084-c55c-4dbb-889c-469a9420fe3b@group-E6A5FEE08FEB-SegmentedRaftLog:OPENED:c-1:lastnull, conf=conf: {index: -1, cur=peers:[49e1ea80-2a9c-4fc6-9dfd-fcdc1670084a|127.0.0.1:15147, 9e04f330-63f7-447c-8500-8939715d6f40|127.0.0.1:15156, b381b084-c55c-4dbb-889c-469a9420fe3b|127.0.0.1:15138]|listeners:[], old=null}
2025-02-16 13:03:21,116 [grpc-default-executor-4] INFO  server.RaftServer$Division (RaftServerImpl.java:requestVote(1441)) - 49e1ea80-2a9c-4fc6-9dfd-fcdc1670084a@group-E6A5FEE08FEB replies to ELECTION vote request: 9e04f330-63f7-447c-8500-8939715d6f40<-49e1ea80-2a9c-4fc6-9dfd-fcdc1670084a#0:OK-t1. Peer's state: 49e1ea80-2a9c-4fc6-9dfd-fcdc1670084a@group-E6A5FEE08FEB:t1, leader=null, voted=9e04f330-63f7-447c-8500-8939715d6f40, raftlog=Memoized:49e1ea80-2a9c-4fc6-9dfd-fcdc1670084a@group-E6A5FEE08FEB-SegmentedRaftLog:OPENED:c-1:lastnull, conf=conf: {index: -1, cur=peers:[49e1ea80-2a9c-4fc6-9dfd-fcdc1670084a|127.0.0.1:15147, 9e04f330-63f7-447c-8500-8939715d6f40|127.0.0.1:15156, b381b084-c55c-4dbb-889c-469a9420fe3b|127.0.0.1:15138]|listeners:[], old=null}
2025-02-16 13:03:21,116 [9e04f330-63f7-447c-8500-8939715d6f40@group-E6A5FEE08FEB-LeaderElection28] INFO  impl.LeaderElection (LeaderElection.java:logAndReturn(90)) - 9e04f330-63f7-447c-8500-8939715d6f40@group-E6A5FEE08FEB-LeaderElection28: ELECTION PASSED received 1 response(s) and 0 exception(s):
2025-02-16 13:03:21,116 [9e04f330-63f7-447c-8500-8939715d6f40@group-E6A5FEE08FEB-LeaderElection28] INFO  impl.LeaderElection (LeaderElection.java:logAndReturn(94)) -   Response 0: 9e04f330-63f7-447c-8500-8939715d6f40<-b381b084-c55c-4dbb-889c-469a9420fe3b#0:OK-t1
2025-02-16 13:03:21,116 [9e04f330-63f7-447c-8500-8939715d6f40@group-E6A5FEE08FEB-LeaderElection28] INFO  impl.LeaderElection (LeaderElection.java:askForVotes(334)) - 9e04f330-63f7-447c-8500-8939715d6f40@group-E6A5FEE08FEB-LeaderElection28 ELECTION round 0: result PASSED
2025-02-16 13:03:21,116 [9e04f330-63f7-447c-8500-8939715d6f40@group-E6A5FEE08FEB-LeaderElection28] INFO  impl.RoleInfo (RoleInfo.java:shutdownLeaderElection(141)) - 9e04f330-63f7-447c-8500-8939715d6f40: shutdown 9e04f330-63f7-447c-8500-8939715d6f40@group-E6A5FEE08FEB-LeaderElection28
2025-02-16 13:03:21,116 [9e04f330-63f7-447c-8500-8939715d6f40@group-E6A5FEE08FEB-LeaderElection28] INFO  server.RaftServer$Division (RaftServerImpl.java:setRole(378)) - 9e04f330-63f7-447c-8500-8939715d6f40@group-E6A5FEE08FEB: changes role from CANDIDATE to LEADER at term 1 for changeToLeader
2025-02-16 13:03:21,116 [9e04f330-63f7-447c-8500-8939715d6f40@group-E6A5FEE08FEB-LeaderElection28] INFO  server.RaftServerConfigKeys (ConfUtils.java:logGet(46)) - raft.server.staging.catchup.gap = 1000 (default)
2025-02-16 13:03:21,116 [9e04f330-63f7-447c-8500-8939715d6f40@group-E6A5FEE08FEB-LeaderElection28] INFO  server.RaftServerConfigKeys (ConfUtils.java:logGet(46)) - raft.server.write.element-limit = 1024 (custom)
2025-02-16 13:03:21,116 [9e04f330-63f7-447c-8500-8939715d6f40@group-E6A5FEE08FEB-LeaderElection28] INFO  server.RaftServerConfigKeys (ConfUtils.java:logGet(46)) - raft.server.write.byte-limit = 1024 M (=1073741824) (custom)
2025-02-16 13:03:21,117 [9e04f330-63f7-447c-8500-8939715d6f40@group-E6A5FEE08FEB-LeaderElection28] INFO  server.RaftServerConfigKeys (ConfUtils.java:logGet(46)) - raft.server.watch.timeout = 30s (custom)
2025-02-16 13:03:21,117 [9e04f330-63f7-447c-8500-8939715d6f40@group-E6A5FEE08FEB-LeaderElection28] INFO  server.RaftServerConfigKeys (ConfUtils.java:logGet(46)) - raft.server.watch.timeout.denomination = 1s (default)
2025-02-16 13:03:21,117 [9e04f330-63f7-447c-8500-8939715d6f40@group-E6A5FEE08FEB-LeaderElection28] INFO  server.RaftServerConfigKeys (ConfUtils.java:logGet(46)) - raft.server.watch.element-limit = 65536 (default)
2025-02-16 13:03:21,117 [9e04f330-63f7-447c-8500-8939715d6f40@group-E6A5FEE08FEB-LeaderElection28] INFO  server.RaftServerConfigKeys (ConfUtils.java:logGet(46)) - raft.server.read.leader.lease.enabled = false (default)
2025-02-16 13:03:21,117 [9e04f330-63f7-447c-8500-8939715d6f40@group-E6A5FEE08FEB-LeaderElection28] INFO  server.RaftServerConfigKeys (ConfUtils.java:logGet(46)) - raft.server.read.leader.lease.timeout.ratio = 0.9 (default)
2025-02-16 13:03:21,117 [9e04f330-63f7-447c-8500-8939715d6f40@group-E6A5FEE08FEB-LeaderElection28] INFO  server.RaftServerConfigKeys (ConfUtils.java:logGet(46)) - raft.server.rpc.timeout.min = 5s (custom)
2025-02-16 13:03:21,117 [9e04f330-63f7-447c-8500-8939715d6f40@group-E6A5FEE08FEB-LeaderElection28] INFO  server.RaftServerConfigKeys (ConfUtils.java:logGet(46)) - raft.server.log.log-metadata.enabled = true (default)
2025-02-16 13:03:21,117 [9e04f330-63f7-447c-8500-8939715d6f40@group-E6A5FEE08FEB-LeaderElection28] INFO  server.RaftServerConfigKeys (ConfUtils.java:logGet(46)) - raft.server.write.element-limit = 1024 (custom)
2025-02-16 13:03:21,117 [9e04f330-63f7-447c-8500-8939715d6f40@group-E6A5FEE08FEB-LeaderElection28] INFO  server.RaftServerConfigKeys (ConfUtils.java:logGet(46)) - raft.server.write.follower.gap.ratio.max = -1.0 (default)
2025-02-16 13:03:21,117 [9e04f330-63f7-447c-8500-8939715d6f40@group-E6A5FEE08FEB-LeaderElection28] INFO  server.RaftServerConfigKeys (ConfUtils.java:logGet(46)) - raft.server.log.appender.snapshot.chunk.size.max = 16MB (=16777216) (default)
2025-02-16 13:03:21,118 [9e04f330-63f7-447c-8500-8939715d6f40@group-E6A5FEE08FEB-LeaderElection28] INFO  server.RaftServerConfigKeys (ConfUtils.java:logGet(46)) - raft.server.log.appender.buffer.byte-limit = 33554432 (custom)
2025-02-16 13:03:21,118 [9e04f330-63f7-447c-8500-8939715d6f40@group-E6A5FEE08FEB-LeaderElection28] INFO  server.RaftServerConfigKeys (ConfUtils.java:logGet(46)) - raft.server.log.appender.buffer.element-limit = 1024 (custom)
2025-02-16 13:03:21,118 [9e04f330-63f7-447c-8500-8939715d6f40@group-E6A5FEE08FEB-LeaderElection28] INFO  server.RaftServerConfigKeys (ConfUtils.java:logGet(46)) - raft.server.log.appender.wait-time.min = 0μs (custom)
2025-02-16 13:03:21,118 [9e04f330-63f7-447c-8500-8939715d6f40@group-E6A5FEE08FEB-LeaderElection28] INFO  grpc.GrpcConfigKeys (ConfUtils.java:logGet(46)) - raft.grpc.server.leader.outstanding.appends.max = 8 (default)
2025-02-16 13:03:21,118 [9e04f330-63f7-447c-8500-8939715d6f40@group-E6A5FEE08FEB-LeaderElection28] INFO  server.RaftServerConfigKeys (ConfUtils.java:logGet(46)) - raft.server.rpc.request.timeout = 60s (custom)
2025-02-16 13:03:21,118 [9e04f330-63f7-447c-8500-8939715d6f40@group-E6A5FEE08FEB-LeaderElection28] INFO  grpc.GrpcConfigKeys (ConfUtils.java:logGet(46)) - raft.grpc.server.install_snapshot.request.element-limit = 8 (default)
2025-02-16 13:03:21,118 [9e04f330-63f7-447c-8500-8939715d6f40@group-E6A5FEE08FEB-LeaderElection28] INFO  grpc.GrpcConfigKeys (ConfUtils.java:logGet(46)) - raft.grpc.server.install_snapshot.request.timeout = 3000ms (default)
2025-02-16 13:03:21,118 [9e04f330-63f7-447c-8500-8939715d6f40@group-E6A5FEE08FEB-LeaderElection28] INFO  grpc.GrpcConfigKeys (ConfUtils.java:logGet(46)) - raft.grpc.server.log-message.batch.duration = 5s (default)
2025-02-16 13:03:21,118 [9e04f330-63f7-447c-8500-8939715d6f40@group-E6A5FEE08FEB-LeaderElection28] INFO  server.RaftServerConfigKeys (ConfUtils.java:logGet(46)) - raft.server.log.appender.install.snapshot.enabled = false (custom)
2025-02-16 13:03:21,118 [9e04f330-63f7-447c-8500-8939715d6f40@group-E6A5FEE08FEB-LeaderElection28] INFO  grpc.GrpcConfigKeys (ConfUtils.java:logGet(46)) - raft.grpc.server.heartbeat.channel = true (default)
2025-02-16 13:03:21,119 [9e04f330-63f7-447c-8500-8939715d6f40@group-E6A5FEE08FEB-LeaderElection28] INFO  server.RaftServerConfigKeys (ConfUtils.java:logGet(46)) - raft.server.log.appender.snapshot.chunk.size.max = 16MB (=16777216) (default)
2025-02-16 13:03:21,119 [9e04f330-63f7-447c-8500-8939715d6f40@group-E6A5FEE08FEB-LeaderElection28] INFO  server.RaftServerConfigKeys (ConfUtils.java:logGet(46)) - raft.server.log.appender.buffer.byte-limit = 33554432 (custom)
2025-02-16 13:03:21,119 [9e04f330-63f7-447c-8500-8939715d6f40@group-E6A5FEE08FEB-LeaderElection28] INFO  server.RaftServerConfigKeys (ConfUtils.java:logGet(46)) - raft.server.log.appender.buffer.element-limit = 1024 (custom)
2025-02-16 13:03:21,119 [9e04f330-63f7-447c-8500-8939715d6f40@group-E6A5FEE08FEB-LeaderElection28] INFO  server.RaftServerConfigKeys (ConfUtils.java:logGet(46)) - raft.server.log.appender.wait-time.min = 0μs (custom)
2025-02-16 13:03:21,119 [9e04f330-63f7-447c-8500-8939715d6f40@group-E6A5FEE08FEB-LeaderElection28] INFO  grpc.GrpcConfigKeys (ConfUtils.java:logGet(46)) - raft.grpc.server.leader.outstanding.appends.max = 8 (default)
2025-02-16 13:03:21,119 [9e04f330-63f7-447c-8500-8939715d6f40@group-E6A5FEE08FEB-LeaderElection28] INFO  server.RaftServerConfigKeys (ConfUtils.java:logGet(46)) - raft.server.rpc.request.timeout = 60s (custom)
2025-02-16 13:03:21,119 [9e04f330-63f7-447c-8500-8939715d6f40@group-E6A5FEE08FEB-LeaderElection28] INFO  grpc.GrpcConfigKeys (ConfUtils.java:logGet(46)) - raft.grpc.server.install_snapshot.request.element-limit = 8 (default)
2025-02-16 13:03:21,119 [9e04f330-63f7-447c-8500-8939715d6f40@group-E6A5FEE08FEB-LeaderElection28] INFO  grpc.GrpcConfigKeys (ConfUtils.java:logGet(46)) - raft.grpc.server.install_snapshot.request.timeout = 3000ms (default)
2025-02-16 13:03:21,119 [9e04f330-63f7-447c-8500-8939715d6f40@group-E6A5FEE08FEB-LeaderElection28] INFO  grpc.GrpcConfigKeys (ConfUtils.java:logGet(46)) - raft.grpc.server.log-message.batch.duration = 5s (default)
2025-02-16 13:03:21,119 [9e04f330-63f7-447c-8500-8939715d6f40@group-E6A5FEE08FEB-LeaderElection28] INFO  server.RaftServerConfigKeys (ConfUtils.java:logGet(46)) - raft.server.log.appender.install.snapshot.enabled = false (custom)
2025-02-16 13:03:21,119 [9e04f330-63f7-447c-8500-8939715d6f40@group-E6A5FEE08FEB-LeaderElection28] INFO  grpc.GrpcConfigKeys (ConfUtils.java:logGet(46)) - raft.grpc.server.heartbeat.channel = true (default)
2025-02-16 13:03:21,119 [9e04f330-63f7-447c-8500-8939715d6f40@group-E6A5FEE08FEB-LeaderElection28] INFO  impl.RoleInfo (RoleInfo.java:updateAndGet(148)) - 9e04f330-63f7-447c-8500-8939715d6f40: start 9e04f330-63f7-447c-8500-8939715d6f40@group-E6A5FEE08FEB-LeaderStateImpl
2025-02-16 13:03:21,119 [9e04f330-63f7-447c-8500-8939715d6f40@group-E6A5FEE08FEB-LeaderElection28] INFO  server.RaftServer$Division (RaftServerImpl.java:setFirstElection(562)) - 9e04f330-63f7-447c-8500-8939715d6f40@group-E6A5FEE08FEB: set firstElectionSinceStartup to false for becomeLeader
2025-02-16 13:03:21,119 [9e04f330-63f7-447c-8500-8939715d6f40@group-E6A5FEE08FEB-LeaderElection28] INFO  ratis.XceiverServerRatis (XceiverServerRatis.java:handleLeaderChangedNotification(941)) - Leader change notification received for group: group-E6A5FEE08FEB with new leaderId: 9e04f330-63f7-447c-8500-8939715d6f40
2025-02-16 13:03:21,119 [9e04f330-63f7-447c-8500-8939715d6f40@group-E6A5FEE08FEB-LeaderElection28] INFO  server.RaftServer$Division (ServerState.java:setLeader(272)) - 9e04f330-63f7-447c-8500-8939715d6f40@group-E6A5FEE08FEB: change Leader from null to 9e04f330-63f7-447c-8500-8939715d6f40 at term 1 for becomeLeader, leader elected after 5094ms
2025-02-16 13:03:21,120 [9e04f330-63f7-447c-8500-8939715d6f40@group-E6A5FEE08FEB-LeaderElection28] INFO  segmented.SegmentedRaftLogWorker (SegmentedRaftLogWorker.java:startLogSegment(438)) - 9e04f330-63f7-447c-8500-8939715d6f40@group-E6A5FEE08FEB-SegmentedRaftLogWorker: Starting segment from index:0
2025-02-16 13:03:21,120 [9e04f330-63f7-447c-8500-8939715d6f40@group-E6A5FEE08FEB-LeaderElection28] INFO  server.RaftServer$Division (ServerState.java:setRaftConf(386)) - 9e04f330-63f7-447c-8500-8939715d6f40@group-E6A5FEE08FEB: set configuration conf: {index: 0, cur=peers:[49e1ea80-2a9c-4fc6-9dfd-fcdc1670084a|127.0.0.1:15147, 9e04f330-63f7-447c-8500-8939715d6f40|127.0.0.1:15156, b381b084-c55c-4dbb-889c-469a9420fe3b|127.0.0.1:15138]|listeners:[], old=null}
2025-02-16 13:03:21,120 [9e04f330-63f7-447c-8500-8939715d6f40@group-E6A5FEE08FEB-SegmentedRaftLogWorker] INFO  segmented.BufferedWriteChannel (BufferedWriteChannel.java:open(61)) - open log_inprogress_0 at position 0
2025-02-16 13:03:21,124 [scmNode-1-EventQueue-PipelineReportForPipelineReportHandler] INFO  pipeline.PipelineReportHandler (PipelineReportHandler.java:processPipelineReport(141)) - Opened pipeline PipelineID=f52a4d2f-60f5-4844-bc3c-e6a5fee08feb
2025-02-16 13:03:21,125 [49e1ea80-2a9c-4fc6-9dfd-fcdc1670084a-server-thread1] INFO  ratis.XceiverServerRatis (XceiverServerRatis.java:handleLeaderChangedNotification(941)) - Leader change notification received for group: group-E6A5FEE08FEB with new leaderId: 9e04f330-63f7-447c-8500-8939715d6f40
2025-02-16 13:03:21,125 [49e1ea80-2a9c-4fc6-9dfd-fcdc1670084a-server-thread1] INFO  server.RaftServer$Division (ServerState.java:setLeader(272)) - 49e1ea80-2a9c-4fc6-9dfd-fcdc1670084a@group-E6A5FEE08FEB: change Leader from null to 9e04f330-63f7-447c-8500-8939715d6f40 at term 1 for appendEntries, leader elected after 5078ms
2025-02-16 13:03:21,126 [49e1ea80-2a9c-4fc6-9dfd-fcdc1670084a-server-thread2] INFO  server.RaftServer$Division (ServerState.java:setRaftConf(386)) - 49e1ea80-2a9c-4fc6-9dfd-fcdc1670084a@group-E6A5FEE08FEB: set configuration conf: {index: 0, cur=peers:[49e1ea80-2a9c-4fc6-9dfd-fcdc1670084a|127.0.0.1:15147, 9e04f330-63f7-447c-8500-8939715d6f40|127.0.0.1:15156, b381b084-c55c-4dbb-889c-469a9420fe3b|127.0.0.1:15138]|listeners:[], old=null}
2025-02-16 13:03:21,126 [49e1ea80-2a9c-4fc6-9dfd-fcdc1670084a-server-thread2] INFO  segmented.SegmentedRaftLogWorker (SegmentedRaftLogWorker.java:startLogSegment(438)) - 49e1ea80-2a9c-4fc6-9dfd-fcdc1670084a@group-E6A5FEE08FEB-SegmentedRaftLogWorker: Starting segment from index:0
2025-02-16 13:03:21,126 [49e1ea80-2a9c-4fc6-9dfd-fcdc1670084a@group-E6A5FEE08FEB-SegmentedRaftLogWorker] INFO  segmented.BufferedWriteChannel (BufferedWriteChannel.java:open(61)) - open log_inprogress_0 at position 0
2025-02-16 13:03:21,128 [b381b084-c55c-4dbb-889c-469a9420fe3b-server-thread1] INFO  ratis.XceiverServerRatis (XceiverServerRatis.java:handleLeaderChangedNotification(941)) - Leader change notification received for group: group-E6A5FEE08FEB with new leaderId: 9e04f330-63f7-447c-8500-8939715d6f40
2025-02-16 13:03:21,128 [b381b084-c55c-4dbb-889c-469a9420fe3b-server-thread1] INFO  server.RaftServer$Division (ServerState.java:setLeader(272)) - b381b084-c55c-4dbb-889c-469a9420fe3b@group-E6A5FEE08FEB: change Leader from null to 9e04f330-63f7-447c-8500-8939715d6f40 at term 1 for appendEntries, leader elected after 5123ms
2025-02-16 13:03:21,129 [b381b084-c55c-4dbb-889c-469a9420fe3b-server-thread2] INFO  server.RaftServer$Division (ServerState.java:setRaftConf(386)) - b381b084-c55c-4dbb-889c-469a9420fe3b@group-E6A5FEE08FEB: set configuration conf: {index: 0, cur=peers:[49e1ea80-2a9c-4fc6-9dfd-fcdc1670084a|127.0.0.1:15147, 9e04f330-63f7-447c-8500-8939715d6f40|127.0.0.1:15156, b381b084-c55c-4dbb-889c-469a9420fe3b|127.0.0.1:15138]|listeners:[], old=null}
2025-02-16 13:03:21,129 [b381b084-c55c-4dbb-889c-469a9420fe3b-server-thread2] INFO  segmented.SegmentedRaftLogWorker (SegmentedRaftLogWorker.java:startLogSegment(438)) - b381b084-c55c-4dbb-889c-469a9420fe3b@group-E6A5FEE08FEB-SegmentedRaftLogWorker: Starting segment from index:0
2025-02-16 13:03:21,130 [b381b084-c55c-4dbb-889c-469a9420fe3b@group-E6A5FEE08FEB-SegmentedRaftLogWorker] INFO  segmented.BufferedWriteChannel (BufferedWriteChannel.java:open(61)) - open log_inprogress_0 at position 0
2025-02-16 13:03:21,130 [9e04f330-63f7-447c-8500-8939715d6f40@group-E6A5FEE08FEB-SegmentedRaftLogWorker] INFO  segmented.SegmentedRaftLogWorker (SegmentedRaftLogWorker.java:execute(644)) - 9e04f330-63f7-447c-8500-8939715d6f40@group-E6A5FEE08FEB-SegmentedRaftLogWorker: created new log segment /home/runner/work/ozone/ozone/hadoop-ozone/integration-test/target/test-dir/MiniOzoneClusterImpl-8cdb299b-b154-4fd3-af09-aa8d0bad65b8/ozone-meta/datanode-3/ratis/f52a4d2f-60f5-4844-bc3c-e6a5fee08feb/current/log_inprogress_0
2025-02-16 13:03:21,137 [49e1ea80-2a9c-4fc6-9dfd-fcdc1670084a@group-E6A5FEE08FEB-SegmentedRaftLogWorker] INFO  segmented.SegmentedRaftLogWorker (SegmentedRaftLogWorker.java:execute(644)) - 49e1ea80-2a9c-4fc6-9dfd-fcdc1670084a@group-E6A5FEE08FEB-SegmentedRaftLogWorker: created new log segment /home/runner/work/ozone/ozone/hadoop-ozone/integration-test/target/test-dir/MiniOzoneClusterImpl-8cdb299b-b154-4fd3-af09-aa8d0bad65b8/ozone-meta/datanode-2/ratis/f52a4d2f-60f5-4844-bc3c-e6a5fee08feb/current/log_inprogress_0
2025-02-16 13:03:21,138 [b381b084-c55c-4dbb-889c-469a9420fe3b@group-E6A5FEE08FEB-SegmentedRaftLogWorker] INFO  segmented.SegmentedRaftLogWorker (SegmentedRaftLogWorker.java:execute(644)) - b381b084-c55c-4dbb-889c-469a9420fe3b@group-E6A5FEE08FEB-SegmentedRaftLogWorker: created new log segment /home/runner/work/ozone/ozone/hadoop-ozone/integration-test/target/test-dir/MiniOzoneClusterImpl-8cdb299b-b154-4fd3-af09-aa8d0bad65b8/ozone-meta/datanode-1/ratis/f52a4d2f-60f5-4844-bc3c-e6a5fee08feb/current/log_inprogress_0
2025-02-16 13:03:21,139 [9e04f330-63f7-447c-8500-8939715d6f40@group-E6A5FEE08FEB-StateMachineUpdater] INFO  server.RaftServer$Division (LeaderStateImpl.java:checkStartIndex(313)) - Leader 9e04f330-63f7-447c-8500-8939715d6f40@group-E6A5FEE08FEB-LeaderStateImpl is ready since appliedIndex == startIndex == 0
2025-02-16 13:03:21,229 [49e1ea80-2a9c-4fc6-9dfd-fcdc1670084a@group-DEC212C26871-FollowerState] INFO  impl.FollowerState (FollowerState.java:runImpl(161)) - 49e1ea80-2a9c-4fc6-9dfd-fcdc1670084a@group-DEC212C26871-FollowerState: change to CANDIDATE, lastRpcElapsedTime:5095430136ns, electionTimeout:5095ms
2025-02-16 13:03:21,229 [49e1ea80-2a9c-4fc6-9dfd-fcdc1670084a@group-DEC212C26871-FollowerState] INFO  impl.RoleInfo (RoleInfo.java:shutdownFollowerState(121)) - 49e1ea80-2a9c-4fc6-9dfd-fcdc1670084a: shutdown 49e1ea80-2a9c-4fc6-9dfd-fcdc1670084a@group-DEC212C26871-FollowerState
2025-02-16 13:03:21,230 [49e1ea80-2a9c-4fc6-9dfd-fcdc1670084a@group-DEC212C26871-FollowerState] INFO  server.RaftServer$Division (RaftServerImpl.java:setRole(378)) - 49e1ea80-2a9c-4fc6-9dfd-fcdc1670084a@group-DEC212C26871: changes role from  FOLLOWER to CANDIDATE at term 0 for changeToCandidate
2025-02-16 13:03:21,230 [49e1ea80-2a9c-4fc6-9dfd-fcdc1670084a@group-DEC212C26871-FollowerState] INFO  server.RaftServerConfigKeys (ConfUtils.java:logGet(46)) - raft.server.leaderelection.pre-vote = true (default)
2025-02-16 13:03:21,230 [49e1ea80-2a9c-4fc6-9dfd-fcdc1670084a@group-DEC212C26871-FollowerState] INFO  impl.RoleInfo (RoleInfo.java:updateAndGet(148)) - 49e1ea80-2a9c-4fc6-9dfd-fcdc1670084a: start 49e1ea80-2a9c-4fc6-9dfd-fcdc1670084a@group-DEC212C26871-LeaderElection29
2025-02-16 13:03:21,230 [49e1ea80-2a9c-4fc6-9dfd-fcdc1670084a@group-DEC212C26871-LeaderElection29] INFO  impl.LeaderElection (LeaderElection.java:askForVotes(332)) - 49e1ea80-2a9c-4fc6-9dfd-fcdc1670084a@group-DEC212C26871-LeaderElection29 PRE_VOTE round 0: submit vote requests at term 0 for conf: {index: -1, cur=peers:[49e1ea80-2a9c-4fc6-9dfd-fcdc1670084a|127.0.0.1:15147]|listeners:[], old=null}
2025-02-16 13:03:21,230 [49e1ea80-2a9c-4fc6-9dfd-fcdc1670084a@group-DEC212C26871-LeaderElection29] INFO  impl.LeaderElection (LeaderElection.java:askForVotes(334)) - 49e1ea80-2a9c-4fc6-9dfd-fcdc1670084a@group-DEC212C26871-LeaderElection29 PRE_VOTE round 0: result PASSED (term=0)
2025-02-16 13:03:21,231 [49e1ea80-2a9c-4fc6-9dfd-fcdc1670084a@group-DEC212C26871-LeaderElection29] INFO  impl.LeaderElection (LeaderElection.java:askForVotes(332)) - 49e1ea80-2a9c-4fc6-9dfd-fcdc1670084a@group-DEC212C26871-LeaderElection29 ELECTION round 0: submit vote requests at term 1 for conf: {index: -1, cur=peers:[49e1ea80-2a9c-4fc6-9dfd-fcdc1670084a|127.0.0.1:15147]|listeners:[], old=null}
2025-02-16 13:03:21,231 [49e1ea80-2a9c-4fc6-9dfd-fcdc1670084a@group-DEC212C26871-LeaderElection29] INFO  impl.LeaderElection (LeaderElection.java:askForVotes(334)) - 49e1ea80-2a9c-4fc6-9dfd-fcdc1670084a@group-DEC212C26871-LeaderElection29 ELECTION round 0: result PASSED (term=1)
2025-02-16 13:03:21,231 [49e1ea80-2a9c-4fc6-9dfd-fcdc1670084a@group-DEC212C26871-LeaderElection29] INFO  impl.RoleInfo (RoleInfo.java:shutdownLeaderElection(141)) - 49e1ea80-2a9c-4fc6-9dfd-fcdc1670084a: shutdown 49e1ea80-2a9c-4fc6-9dfd-fcdc1670084a@group-DEC212C26871-LeaderElection29
2025-02-16 13:03:21,231 [49e1ea80-2a9c-4fc6-9dfd-fcdc1670084a@group-DEC212C26871-LeaderElection29] INFO  server.RaftServer$Division (RaftServerImpl.java:setRole(378)) - 49e1ea80-2a9c-4fc6-9dfd-fcdc1670084a@group-DEC212C26871: changes role from CANDIDATE to LEADER at term 1 for changeToLeader
2025-02-16 13:03:21,231 [49e1ea80-2a9c-4fc6-9dfd-fcdc1670084a@group-DEC212C26871-LeaderElection29] INFO  server.RaftServerConfigKeys (ConfUtils.java:logGet(46)) - raft.server.staging.catchup.gap = 1000 (default)
2025-02-16 13:03:21,231 [49e1ea80-2a9c-4fc6-9dfd-fcdc1670084a@group-DEC212C26871-LeaderElection29] INFO  server.RaftServerConfigKeys (ConfUtils.java:logGet(46)) - raft.server.write.element-limit = 1024 (custom)
2025-02-16 13:03:21,231 [49e1ea80-2a9c-4fc6-9dfd-fcdc1670084a@group-DEC212C26871-LeaderElection29] INFO  server.RaftServerConfigKeys (ConfUtils.java:logGet(46)) - raft.server.write.byte-limit = 1024 M (=1073741824) (custom)
2025-02-16 13:03:21,232 [49e1ea80-2a9c-4fc6-9dfd-fcdc1670084a@group-DEC212C26871-LeaderElection29] INFO  server.RaftServerConfigKeys (ConfUtils.java:logGet(46)) - raft.server.watch.timeout = 30s (custom)
2025-02-16 13:03:21,232 [49e1ea80-2a9c-4fc6-9dfd-fcdc1670084a@group-DEC212C26871-LeaderElection29] INFO  server.RaftServerConfigKeys (ConfUtils.java:logGet(46)) - raft.server.watch.timeout.denomination = 1s (default)
2025-02-16 13:03:21,232 [49e1ea80-2a9c-4fc6-9dfd-fcdc1670084a@group-DEC212C26871-LeaderElection29] INFO  server.RaftServerConfigKeys (ConfUtils.java:logGet(46)) - raft.server.watch.element-limit = 65536 (default)
2025-02-16 13:03:21,232 [49e1ea80-2a9c-4fc6-9dfd-fcdc1670084a@group-DEC212C26871-LeaderElection29] INFO  server.RaftServerConfigKeys (ConfUtils.java:logGet(46)) - raft.server.read.leader.lease.enabled = false (default)
2025-02-16 13:03:21,232 [49e1ea80-2a9c-4fc6-9dfd-fcdc1670084a@group-DEC212C26871-LeaderElection29] INFO  server.RaftServerConfigKeys (ConfUtils.java:logGet(46)) - raft.server.read.leader.lease.timeout.ratio = 0.9 (default)
2025-02-16 13:03:21,232 [49e1ea80-2a9c-4fc6-9dfd-fcdc1670084a@group-DEC212C26871-LeaderElection29] INFO  server.RaftServerConfigKeys (ConfUtils.java:logGet(46)) - raft.server.rpc.timeout.min = 5s (custom)
2025-02-16 13:03:21,232 [49e1ea80-2a9c-4fc6-9dfd-fcdc1670084a@group-DEC212C26871-LeaderElection29] INFO  server.RaftServerConfigKeys (ConfUtils.java:logGet(46)) - raft.server.log.log-metadata.enabled = true (default)
2025-02-16 13:03:21,232 [49e1ea80-2a9c-4fc6-9dfd-fcdc1670084a@group-DEC212C26871-LeaderElection29] INFO  server.RaftServerConfigKeys (ConfUtils.java:logGet(46)) - raft.server.write.element-limit = 1024 (custom)
2025-02-16 13:03:21,232 [49e1ea80-2a9c-4fc6-9dfd-fcdc1670084a@group-DEC212C26871-LeaderElection29] INFO  server.RaftServerConfigKeys (ConfUtils.java:logGet(46)) - raft.server.write.follower.gap.ratio.max = -1.0 (default)
2025-02-16 13:03:21,232 [49e1ea80-2a9c-4fc6-9dfd-fcdc1670084a@group-DEC212C26871-LeaderElection29] INFO  impl.RoleInfo (RoleInfo.java:updateAndGet(148)) - 49e1ea80-2a9c-4fc6-9dfd-fcdc1670084a: start 49e1ea80-2a9c-4fc6-9dfd-fcdc1670084a@group-DEC212C26871-LeaderStateImpl
2025-02-16 13:03:21,232 [49e1ea80-2a9c-4fc6-9dfd-fcdc1670084a@group-DEC212C26871-LeaderElection29] INFO  server.RaftServer$Division (RaftServerImpl.java:setFirstElection(562)) - 49e1ea80-2a9c-4fc6-9dfd-fcdc1670084a@group-DEC212C26871: set firstElectionSinceStartup to false for becomeLeader
2025-02-16 13:03:21,232 [49e1ea80-2a9c-4fc6-9dfd-fcdc1670084a@group-DEC212C26871-LeaderElection29] INFO  ratis.XceiverServerRatis (XceiverServerRatis.java:handleLeaderChangedNotification(941)) - Leader change notification received for group: group-DEC212C26871 with new leaderId: 49e1ea80-2a9c-4fc6-9dfd-fcdc1670084a
2025-02-16 13:03:21,232 [49e1ea80-2a9c-4fc6-9dfd-fcdc1670084a@group-DEC212C26871-LeaderElection29] INFO  server.RaftServer$Division (ServerState.java:setLeader(272)) - 49e1ea80-2a9c-4fc6-9dfd-fcdc1670084a@group-DEC212C26871: change Leader from null to 49e1ea80-2a9c-4fc6-9dfd-fcdc1670084a at term 1 for becomeLeader, leader elected after 5111ms
2025-02-16 13:03:21,233 [49e1ea80-2a9c-4fc6-9dfd-fcdc1670084a@group-DEC212C26871-LeaderElection29] INFO  segmented.SegmentedRaftLogWorker (SegmentedRaftLogWorker.java:startLogSegment(438)) - 49e1ea80-2a9c-4fc6-9dfd-fcdc1670084a@group-DEC212C26871-SegmentedRaftLogWorker: Starting segment from index:0
2025-02-16 13:03:21,233 [49e1ea80-2a9c-4fc6-9dfd-fcdc1670084a@group-DEC212C26871-LeaderElection29] INFO  server.RaftServer$Division (ServerState.java:setRaftConf(386)) - 49e1ea80-2a9c-4fc6-9dfd-fcdc1670084a@group-DEC212C26871: set configuration conf: {index: 0, cur=peers:[49e1ea80-2a9c-4fc6-9dfd-fcdc1670084a|127.0.0.1:15147]|listeners:[], old=null}
2025-02-16 13:03:21,233 [49e1ea80-2a9c-4fc6-9dfd-fcdc1670084a@group-DEC212C26871-SegmentedRaftLogWorker] INFO  segmented.BufferedWriteChannel (BufferedWriteChannel.java:open(61)) - open log_inprogress_0 at position 0
2025-02-16 13:03:21,242 [49e1ea80-2a9c-4fc6-9dfd-fcdc1670084a@group-DEC212C26871-SegmentedRaftLogWorker] INFO  segmented.SegmentedRaftLogWorker (SegmentedRaftLogWorker.java:execute(644)) - 49e1ea80-2a9c-4fc6-9dfd-fcdc1670084a@group-DEC212C26871-SegmentedRaftLogWorker: created new log segment /home/runner/work/ozone/ozone/hadoop-ozone/integration-test/target/test-dir/MiniOzoneClusterImpl-8cdb299b-b154-4fd3-af09-aa8d0bad65b8/ozone-meta/datanode-2/ratis/8966a0be-ef4e-4fe4-9812-dec212c26871/current/log_inprogress_0
2025-02-16 13:03:21,243 [49e1ea80-2a9c-4fc6-9dfd-fcdc1670084a@group-DEC212C26871-StateMachineUpdater] INFO  server.RaftServer$Division (LeaderStateImpl.java:checkStartIndex(313)) - Leader 49e1ea80-2a9c-4fc6-9dfd-fcdc1670084a@group-DEC212C26871-LeaderStateImpl is ready since appliedIndex == startIndex == 0
2025-02-16 13:03:21,322 [main] INFO  ozone.MiniOzoneClusterImpl (MiniOzoneClusterImpl.java:lambda$waitForClusterToBeReady$0(211)) - Nodes are ready. Got 3 of 3 DN Heartbeats.
2025-02-16 13:03:21,322 [main] INFO  ozone.MiniOzoneClusterImpl (MiniOzoneClusterImpl.java:lambda$waitForClusterToBeReady$0(214)) - Cluster exits safe mode
2025-02-16 13:03:21,322 [main] INFO  ozone.MiniOzoneClusterImpl (MiniOzoneClusterImpl.java:lambda$waitForClusterToBeReady$0(216)) - SCM became leader
2025-02-16 13:03:21,325 [IPC Server handler 1 on default port 15120] INFO  ha.SCMNodeInfo (SCMNodeInfo.java:getPort(194)) - ConfigKey ozone.scm.client.address is deprecated, For configuring different ports for each SCM use PortConfigKey ozone.scm.client.port appended with serviceId and nodeId
2025-02-16 13:03:21,325 [IPC Server handler 1 on default port 15120] INFO  ha.SCMNodeInfo (SCMNodeInfo.java:getPort(194)) - ConfigKey ozone.scm.block.client.address is deprecated, For configuring different ports for each SCM use PortConfigKey ozone.scm.block.client.port appended with serviceId and nodeId
2025-02-16 13:03:21,325 [IPC Server handler 1 on default port 15120] INFO  ha.SCMNodeInfo (SCMNodeInfo.java:getPort(194)) - ConfigKey ozone.scm.security.service.address is deprecated, For configuring different ports for each SCM use PortConfigKey ozone.scm.security.service.port appended with serviceId and nodeId
2025-02-16 13:03:21,325 [IPC Server handler 1 on default port 15120] INFO  ha.SCMNodeInfo (SCMNodeInfo.java:getPort(194)) - ConfigKey ozone.scm.datanode.address is deprecated, For configuring different ports for each SCM use PortConfigKey ozone.scm.datanode.port appended with serviceId and nodeId
2025-02-16 13:03:21,326 [main] INFO  rpc.RpcClient (RpcClient.java:createVolume(464)) - Creating Volume: volume51732, with runner as owner and space quota set to -1 bytes, counts quota set to -1
2025-02-16 13:03:21,330 [omNode-1-OMStateMachineApplyTransactionThread - 0] INFO  volume.OMVolumeCreateRequest (OMVolumeCreateRequest.java:validateAndUpdateCache(214)) - created volume:volume51732 for user:runner
2025-02-16 13:03:21,331 [omNode-3-OMStateMachineApplyTransactionThread - 0] INFO  volume.OMVolumeCreateRequest (OMVolumeCreateRequest.java:validateAndUpdateCache(214)) - created volume:volume51732 for user:runner
2025-02-16 13:03:21,331 [omNode-2-OMStateMachineApplyTransactionThread - 0] INFO  volume.OMVolumeCreateRequest (OMVolumeCreateRequest.java:validateAndUpdateCache(214)) - created volume:volume51732 for user:runner
2025-02-16 13:03:21,332 [main] INFO  rpc.RpcClient (RpcClient.java:createBucket(688)) - Creating Bucket: volume51732/bucket62854, with server-side default bucket layout, runner as owner, Versioning false, Storage Type set to DISK and Encryption set to false, Replication Type set to server-side default replication type, Namespace Quota set to -1, Space Quota set to -1 
2025-02-16 13:03:21,335 [omNode-1-OMStateMachineApplyTransactionThread - 0] INFO  bucket.OMBucketCreateRequest (OMBucketCreateRequest.java:validateAndUpdateCache(293)) - created bucket: bucket62854 of layout FILE_SYSTEM_OPTIMIZED in volume: volume51732
2025-02-16 13:03:21,336 [omNode-3-OMStateMachineApplyTransactionThread - 0] INFO  bucket.OMBucketCreateRequest (OMBucketCreateRequest.java:validateAndUpdateCache(293)) - created bucket: bucket62854 of layout FILE_SYSTEM_OPTIMIZED in volume: volume51732
2025-02-16 13:03:21,336 [omNode-2-OMStateMachineApplyTransactionThread - 0] INFO  bucket.OMBucketCreateRequest (OMBucketCreateRequest.java:validateAndUpdateCache(293)) - created bucket: bucket62854 of layout FILE_SYSTEM_OPTIMIZED in volume: volume51732
2025-02-16 13:03:21,341 [IPC Server handler 8 on default port 15113] INFO  ha.SequenceIdGenerator (SequenceIdGenerator.java:getNextId(144)) - Allocate a batch for containerId, change lastId from 0 to 1000.
2025-02-16 13:03:21,344 [257e952a-4980-4b97-a405-9e28f64fa058@group-AA8D0BAD65B8-StateMachineUpdater] WARN  ha.SequenceIdGenerator (SequenceIdGenerator.java:allocateBatch(257)) - Failed to allocate a batch for localId, expected lastId is 0, actual lastId is 115816896921600000.
2025-02-16 13:03:21,345 [IPC Server handler 8 on default port 15113] INFO  ha.SequenceIdGenerator (SequenceIdGenerator.java:getNextId(144)) - Allocate a batch for localId, change lastId from 115816896921600000 to 115816896921601000.
2025-02-16 13:03:21,375 [main] INFO  om.OzoneManager (OzoneManager.java:stop(2238)) - omNode-2[localhost:15124]: Stopping Ozone Manager
2025-02-16 13:03:21,375 [main] INFO  ipc.Server (Server.java:stop(3697)) - Stopping server on 15124
2025-02-16 13:03:21,377 [IPC Server listener on 15124] INFO  ipc.Server (Server.java:run(1585)) - Stopping IPC Server listener on 15124
2025-02-16 13:03:21,377 [IPC Server Responder] INFO  ipc.Server (Server.java:run(1718)) - Stopping IPC Server Responder
2025-02-16 13:03:21,377 [main] INFO  ratis.OzoneManagerRatisServer (OzoneManagerRatisServer.java:stop(640)) - Stopping org.apache.hadoop.ozone.om.ratis.OzoneManagerRatisServer@369a654e at port 15127
2025-02-16 13:03:21,377 [main] INFO  server.RaftServer (RaftServerProxy.java:lambda$close$9(417)) - omNode-2: close
2025-02-16 13:03:21,378 [main] INFO  server.GrpcService (GrpcService.java:closeImpl(343)) - omNode-2: shutdown server GrpcServerProtocolService now
2025-02-16 13:03:21,378 [omNode-2-impl-thread1] INFO  server.RaftServer$Division (RaftServerImpl.java:lambda$close$1(513)) - omNode-2@group-0AAC5367B30E: shutdown
2025-02-16 13:03:21,378 [omNode-2-impl-thread1] INFO  util.JmxRegister (JmxRegister.java:unregister(74)) - Successfully un-registered JMX Bean with object name Ratis:service=RaftServer,group=group-0AAC5367B30E,id=omNode-2
2025-02-16 13:03:21,378 [omNode-2-impl-thread1] INFO  impl.RoleInfo (RoleInfo.java:shutdownFollowerState(121)) - omNode-2: shutdown omNode-2@group-0AAC5367B30E-FollowerState
2025-02-16 13:03:21,378 [omNode-2-impl-thread1] INFO  impl.StateMachineUpdater (StateMachineUpdater.java:stopAndJoin(164)) - omNode-2@group-0AAC5367B30E-StateMachineUpdater: set stopIndex = 7
2025-02-16 13:03:21,378 [omNode-2@group-0AAC5367B30E-FollowerState] INFO  impl.FollowerState (FollowerState.java:runImpl(170)) - omNode-2@group-0AAC5367B30E-FollowerState was interrupted
2025-02-16 13:03:21,378 [grpc-default-executor-3] WARN  server.GrpcServerProtocolService (LogUtils.java:warn(121)) - omNode-2: APPEND_ENTRIES onError, lastRequest: omNode-1->omNode-2#40-t1,previous=(t:1, i:7),leaderCommit=7,initializing? false,entries: size=1, first=(t:1, i:8), METADATAENTRY(c:7): org.apache.ratis.thirdparty.io.grpc.StatusRuntimeException: CANCELLED: client cancelled
2025-02-16 13:03:21,378 [grpc-default-executor-5] WARN  server.GrpcServerProtocolService (LogUtils.java:warn(121)) - omNode-2: APPEND_ENTRIES onError, lastRequest: null: org.apache.ratis.thirdparty.io.grpc.StatusRuntimeException: CANCELLED: client cancelled
2025-02-16 13:03:21,379 [grpc-default-executor-0] WARN  server.GrpcLogAppender (LogUtils.java:warn(121)) - omNode-1@group-0AAC5367B30E->omNode-2-AppendLogResponseHandler: Failed appendEntries: org.apache.ratis.thirdparty.io.grpc.StatusRuntimeException: CANCELLED: RST_STREAM closed stream. HTTP/2 error code: CANCEL
2025-02-16 13:03:21,379 [grpc-default-executor-0] WARN  server.GrpcLogAppender (GrpcLogAppender.java:lambda$resetClient$1(221)) - omNode-1@group-0AAC5367B30E->omNode-2-GrpcLogAppender: Follower failed (request=null, errorCount=1); keep nextIndex (9) unchanged and retry.
2025-02-16 13:03:21,381 [main] INFO  server.GrpcService (GrpcService.java:closeImpl(352)) - omNode-2: shutdown server GrpcServerProtocolService successfully
2025-02-16 13:03:21,399 [omNode-2@group-0AAC5367B30E-StateMachineUpdater] INFO  ratis.OzoneManagerStateMachine (OzoneManagerStateMachine.java:takeSnapshotImpl(506)) - omNode-2: taking snapshot. applied = (t:1, i:6), skipped = 5, notified = (t:1, i:6), current snapshot index = (t:1, i:6), took 21 ms
2025-02-16 13:03:21,399 [omNode-2@group-0AAC5367B30E-StateMachineUpdater] INFO  impl.StateMachineUpdater (StateMachineUpdater.java:takeSnapshot(303)) - omNode-2@group-0AAC5367B30E-StateMachineUpdater: Took a snapshot at index 6
2025-02-16 13:03:21,399 [omNode-2@group-0AAC5367B30E-StateMachineUpdater] INFO  impl.StateMachineUpdater (StateMachineUpdater.java:lambda$new$0(102)) - omNode-2@group-0AAC5367B30E-StateMachineUpdater: snapshotIndex: updateIncreasingly -1 -> 6
2025-02-16 13:03:21,403 [omNode-2@group-0AAC5367B30E-StateMachineUpdater] INFO  ratis.OzoneManagerStateMachine (OzoneManagerStateMachine.java:takeSnapshotImpl(506)) - omNode-2: taking snapshot. applied = (t:1, i:6), skipped = 5, notified = (t:1, i:6), current snapshot index = (t:1, i:6), took 4 ms
2025-02-16 13:03:21,403 [omNode-2@group-0AAC5367B30E-StateMachineUpdater] INFO  impl.StateMachineUpdater (StateMachineUpdater.java:takeSnapshot(303)) - omNode-2@group-0AAC5367B30E-StateMachineUpdater: Took a snapshot at index 6
2025-02-16 13:03:21,403 [omNode-2@group-0AAC5367B30E-StateMachineUpdater] INFO  impl.StateMachineUpdater (StateMachineUpdater.java:stop(141)) - omNode-2@group-0AAC5367B30E-StateMachineUpdater: closing OzoneManagerStateMachine, lastApplied=(t:1, i:7)
2025-02-16 13:03:21,403 [omNode-2@group-0AAC5367B30E-StateMachineUpdater] INFO  ratis.OzoneManagerStateMachine (OzoneManagerStateMachine.java:close(546)) - Stopping OzoneManagerStateMachine:omNode-2:group-0AAC5367B30E.
2025-02-16 13:03:21,403 [omNode-2@group-0AAC5367B30E-StateMachineUpdater] INFO  ratis.OzoneManagerDoubleBuffer (OzoneManagerDoubleBuffer.java:stopDaemon(501)) - Stopping OMDoubleBuffer flush thread
2025-02-16 13:03:21,403 [omNode-2-OMDoubleBufferFlushThread] INFO  ratis.OzoneManagerDoubleBuffer (OzoneManagerDoubleBuffer.java:canFlush(561)) - OMDoubleBuffer flush thread omNode-2-OMDoubleBufferFlushThread is interrupted and will exit.
2025-02-16 13:03:21,404 [omNode-2@group-0AAC5367B30E-cacheEviction-AwaitToRun] INFO  util.AwaitToRun (AwaitToRun.java:run(49)) - omNode-2@group-0AAC5367B30E-cacheEviction-AwaitToRun-AwaitForSignal is interrupted
2025-02-16 13:03:21,488 [9e04f330-63f7-447c-8500-8939715d6f40@group-45685D50A505-FollowerState] INFO  impl.FollowerState (FollowerState.java:runImpl(161)) - 9e04f330-63f7-447c-8500-8939715d6f40@group-45685D50A505-FollowerState: change to CANDIDATE, lastRpcElapsedTime:5156514541ns, electionTimeout:5156ms
2025-02-16 13:03:21,488 [9e04f330-63f7-447c-8500-8939715d6f40@group-45685D50A505-FollowerState] INFO  impl.RoleInfo (RoleInfo.java:shutdownFollowerState(121)) - 9e04f330-63f7-447c-8500-8939715d6f40: shutdown 9e04f330-63f7-447c-8500-8939715d6f40@group-45685D50A505-FollowerState
2025-02-16 13:03:21,488 [9e04f330-63f7-447c-8500-8939715d6f40@group-45685D50A505-FollowerState] INFO  server.RaftServer$Division (RaftServerImpl.java:setRole(378)) - 9e04f330-63f7-447c-8500-8939715d6f40@group-45685D50A505: changes role from  FOLLOWER to CANDIDATE at term 0 for changeToCandidate
2025-02-16 13:03:21,488 [9e04f330-63f7-447c-8500-8939715d6f40@group-45685D50A505-FollowerState] INFO  server.RaftServerConfigKeys (ConfUtils.java:logGet(46)) - raft.server.leaderelection.pre-vote = true (default)
2025-02-16 13:03:21,488 [9e04f330-63f7-447c-8500-8939715d6f40@group-45685D50A505-FollowerState] INFO  impl.RoleInfo (RoleInfo.java:updateAndGet(148)) - 9e04f330-63f7-447c-8500-8939715d6f40: start 9e04f330-63f7-447c-8500-8939715d6f40@group-45685D50A505-LeaderElection30
2025-02-16 13:03:21,488 [9e04f330-63f7-447c-8500-8939715d6f40@group-45685D50A505-LeaderElection30] INFO  impl.LeaderElection (LeaderElection.java:askForVotes(332)) - 9e04f330-63f7-447c-8500-8939715d6f40@group-45685D50A505-LeaderElection30 PRE_VOTE round 0: submit vote requests at term 0 for conf: {index: -1, cur=peers:[9e04f330-63f7-447c-8500-8939715d6f40|127.0.0.1:15156]|listeners:[], old=null}
2025-02-16 13:03:21,489 [9e04f330-63f7-447c-8500-8939715d6f40@group-45685D50A505-LeaderElection30] INFO  impl.LeaderElection (LeaderElection.java:askForVotes(334)) - 9e04f330-63f7-447c-8500-8939715d6f40@group-45685D50A505-LeaderElection30 PRE_VOTE round 0: result PASSED (term=0)
2025-02-16 13:03:21,490 [9e04f330-63f7-447c-8500-8939715d6f40@group-45685D50A505-LeaderElection30] INFO  impl.LeaderElection (LeaderElection.java:askForVotes(332)) - 9e04f330-63f7-447c-8500-8939715d6f40@group-45685D50A505-LeaderElection30 ELECTION round 0: submit vote requests at term 1 for conf: {index: -1, cur=peers:[9e04f330-63f7-447c-8500-8939715d6f40|127.0.0.1:15156]|listeners:[], old=null}
2025-02-16 13:03:21,490 [9e04f330-63f7-447c-8500-8939715d6f40@group-45685D50A505-LeaderElection30] INFO  impl.LeaderElection (LeaderElection.java:askForVotes(334)) - 9e04f330-63f7-447c-8500-8939715d6f40@group-45685D50A505-LeaderElection30 ELECTION round 0: result PASSED (term=1)
2025-02-16 13:03:21,490 [9e04f330-63f7-447c-8500-8939715d6f40@group-45685D50A505-LeaderElection30] INFO  impl.RoleInfo (RoleInfo.java:shutdownLeaderElection(141)) - 9e04f330-63f7-447c-8500-8939715d6f40: shutdown 9e04f330-63f7-447c-8500-8939715d6f40@group-45685D50A505-LeaderElection30
2025-02-16 13:03:21,490 [9e04f330-63f7-447c-8500-8939715d6f40@group-45685D50A505-LeaderElection30] INFO  server.RaftServer$Division (RaftServerImpl.java:setRole(378)) - 9e04f330-63f7-447c-8500-8939715d6f40@group-45685D50A505: changes role from CANDIDATE to LEADER at term 1 for changeToLeader
2025-02-16 13:03:21,490 [9e04f330-63f7-447c-8500-8939715d6f40@group-45685D50A505-LeaderElection30] INFO  server.RaftServerConfigKeys (ConfUtils.java:logGet(46)) - raft.server.staging.catchup.gap = 1000 (default)
2025-02-16 13:03:21,490 [9e04f330-63f7-447c-8500-8939715d6f40@group-45685D50A505-LeaderElection30] INFO  server.RaftServerConfigKeys (ConfUtils.java:logGet(46)) - raft.server.write.element-limit = 1024 (custom)
2025-02-16 13:03:21,490 [9e04f330-63f7-447c-8500-8939715d6f40@group-45685D50A505-LeaderElection30] INFO  server.RaftServerConfigKeys (ConfUtils.java:logGet(46)) - raft.server.write.byte-limit = 1024 M (=1073741824) (custom)
2025-02-16 13:03:21,491 [9e04f330-63f7-447c-8500-8939715d6f40@group-45685D50A505-LeaderElection30] INFO  server.RaftServerConfigKeys (ConfUtils.java:logGet(46)) - raft.server.watch.timeout = 30s (custom)
2025-02-16 13:03:21,491 [9e04f330-63f7-447c-8500-8939715d6f40@group-45685D50A505-LeaderElection30] INFO  server.RaftServerConfigKeys (ConfUtils.java:logGet(46)) - raft.server.watch.timeout.denomination = 1s (default)
2025-02-16 13:03:21,491 [9e04f330-63f7-447c-8500-8939715d6f40@group-45685D50A505-LeaderElection30] INFO  server.RaftServerConfigKeys (ConfUtils.java:logGet(46)) - raft.server.watch.element-limit = 65536 (default)
2025-02-16 13:03:21,491 [9e04f330-63f7-447c-8500-8939715d6f40@group-45685D50A505-LeaderElection30] INFO  server.RaftServerConfigKeys (ConfUtils.java:logGet(46)) - raft.server.read.leader.lease.enabled = false (default)
2025-02-16 13:03:21,491 [9e04f330-63f7-447c-8500-8939715d6f40@group-45685D50A505-LeaderElection30] INFO  server.RaftServerConfigKeys (ConfUtils.java:logGet(46)) - raft.server.read.leader.lease.timeout.ratio = 0.9 (default)
2025-02-16 13:03:21,491 [9e04f330-63f7-447c-8500-8939715d6f40@group-45685D50A505-LeaderElection30] INFO  server.RaftServerConfigKeys (ConfUtils.java:logGet(46)) - raft.server.rpc.timeout.min = 5s (custom)
2025-02-16 13:03:21,491 [9e04f330-63f7-447c-8500-8939715d6f40@group-45685D50A505-LeaderElection30] INFO  server.RaftServerConfigKeys (ConfUtils.java:logGet(46)) - raft.server.log.log-metadata.enabled = true (default)
2025-02-16 13:03:21,491 [9e04f330-63f7-447c-8500-8939715d6f40@group-45685D50A505-LeaderElection30] INFO  server.RaftServerConfigKeys (ConfUtils.java:logGet(46)) - raft.server.write.element-limit = 1024 (custom)
2025-02-16 13:03:21,491 [9e04f330-63f7-447c-8500-8939715d6f40@group-45685D50A505-LeaderElection30] INFO  server.RaftServerConfigKeys (ConfUtils.java:logGet(46)) - raft.server.write.follower.gap.ratio.max = -1.0 (default)
2025-02-16 13:03:21,491 [9e04f330-63f7-447c-8500-8939715d6f40@group-45685D50A505-LeaderElection30] INFO  impl.RoleInfo (RoleInfo.java:updateAndGet(148)) - 9e04f330-63f7-447c-8500-8939715d6f40: start 9e04f330-63f7-447c-8500-8939715d6f40@group-45685D50A505-LeaderStateImpl
2025-02-16 13:03:21,491 [9e04f330-63f7-447c-8500-8939715d6f40@group-45685D50A505-LeaderElection30] INFO  server.RaftServer$Division (RaftServerImpl.java:setFirstElection(562)) - 9e04f330-63f7-447c-8500-8939715d6f40@group-45685D50A505: set firstElectionSinceStartup to false for becomeLeader
2025-02-16 13:03:21,491 [9e04f330-63f7-447c-8500-8939715d6f40@group-45685D50A505-LeaderElection30] INFO  ratis.XceiverServerRatis (XceiverServerRatis.java:handleLeaderChangedNotification(941)) - Leader change notification received for group: group-45685D50A505 with new leaderId: 9e04f330-63f7-447c-8500-8939715d6f40
2025-02-16 13:03:21,491 [9e04f330-63f7-447c-8500-8939715d6f40@group-45685D50A505-LeaderElection30] INFO  server.RaftServer$Division (ServerState.java:setLeader(272)) - 9e04f330-63f7-447c-8500-8939715d6f40@group-45685D50A505: change Leader from null to 9e04f330-63f7-447c-8500-8939715d6f40 at term 1 for becomeLeader, leader elected after 5172ms
2025-02-16 13:03:21,492 [9e04f330-63f7-447c-8500-8939715d6f40@group-45685D50A505-LeaderElection30] INFO  segmented.SegmentedRaftLogWorker (SegmentedRaftLogWorker.java:startLogSegment(438)) - 9e04f330-63f7-447c-8500-8939715d6f40@group-45685D50A505-SegmentedRaftLogWorker: Starting segment from index:0
2025-02-16 13:03:21,492 [9e04f330-63f7-447c-8500-8939715d6f40@group-45685D50A505-LeaderElection30] INFO  server.RaftServer$Division (ServerState.java:setRaftConf(386)) - 9e04f330-63f7-447c-8500-8939715d6f40@group-45685D50A505: set configuration conf: {index: 0, cur=peers:[9e04f330-63f7-447c-8500-8939715d6f40|127.0.0.1:15156]|listeners:[], old=null}
2025-02-16 13:03:21,492 [9e04f330-63f7-447c-8500-8939715d6f40@group-45685D50A505-SegmentedRaftLogWorker] INFO  segmented.BufferedWriteChannel (BufferedWriteChannel.java:open(61)) - open log_inprogress_0 at position 0
2025-02-16 13:03:21,500 [9e04f330-63f7-447c-8500-8939715d6f40@group-45685D50A505-SegmentedRaftLogWorker] INFO  segmented.SegmentedRaftLogWorker (SegmentedRaftLogWorker.java:execute(644)) - 9e04f330-63f7-447c-8500-8939715d6f40@group-45685D50A505-SegmentedRaftLogWorker: created new log segment /home/runner/work/ozone/ozone/hadoop-ozone/integration-test/target/test-dir/MiniOzoneClusterImpl-8cdb299b-b154-4fd3-af09-aa8d0bad65b8/ozone-meta/datanode-3/ratis/25da51ee-eac8-4c3b-b755-45685d50a505/current/log_inprogress_0
2025-02-16 13:03:21,502 [9e04f330-63f7-447c-8500-8939715d6f40@group-45685D50A505-StateMachineUpdater] INFO  server.RaftServer$Division (LeaderStateImpl.java:checkStartIndex(313)) - Leader 9e04f330-63f7-447c-8500-8939715d6f40@group-45685D50A505-LeaderStateImpl is ready since appliedIndex == startIndex == 0
2025-02-16 13:03:22,375 [omNode-2-impl-thread1] INFO  segmented.SegmentedRaftLogWorker (SegmentedRaftLogWorker.java:close(252)) - omNode-2@group-0AAC5367B30E-SegmentedRaftLogWorker close()
2025-02-16 13:03:22,375 [JvmPauseMonitor18] INFO  util.JvmPauseMonitor (JvmPauseMonitor.java:run(152)) - JvmPauseMonitor-omNode-2: Stopped
2025-02-16 13:03:22,375 [main] INFO  utils.BackgroundService (BackgroundService.java:shutdown(162)) - Shutting down service KeyDeletingService
2025-02-16 13:03:22,376 [main] INFO  utils.BackgroundService (BackgroundService.java:shutdown(162)) - Shutting down service DirectoryDeletingService
2025-02-16 13:03:22,377 [main] INFO  utils.BackgroundService (BackgroundService.java:shutdown(162)) - Shutting down service OpenKeyCleanupService
2025-02-16 13:03:22,377 [main] INFO  utils.BackgroundService (BackgroundService.java:shutdown(162)) - Shutting down service SstFilteringService
2025-02-16 13:03:22,377 [main] INFO  utils.BackgroundService (BackgroundService.java:shutdown(162)) - Shutting down service SnapshotDeletingService
2025-02-16 13:03:22,378 [main] INFO  utils.BackgroundService (BackgroundService.java:shutdown(162)) - Shutting down service MultipartUploadCleanupService
2025-02-16 13:03:22,378 [main] INFO  handler.ContextHandler (ContextHandler.java:doStop(1159)) - Stopped o.e.j.w.WebAppContext@34b3127b{ozoneManager,/,null,STOPPED}{file:/home/runner/work/ozone/ozone/hadoop-ozone/integration-test/target/test-classes/webapps/ozoneManager}
2025-02-16 13:03:22,379 [main] INFO  server.AbstractConnector (AbstractConnector.java:doStop(383)) - Stopped ServerConnector@1cf74e23{HTTP/1.1, (http/1.1)}{0.0.0.0:15125}
2025-02-16 13:03:22,379 [main] INFO  server.session (HouseKeeper.java:stopScavenging(149)) - node0 Stopped scavenging
2025-02-16 13:03:22,379 [main] INFO  handler.ContextHandler (ContextHandler.java:doStop(1159)) - Stopped o.e.j.s.ServletContextHandler@5a15ec50{static,/static,file:///home/runner/work/ozone/ozone/hadoop-ozone/integration-test/target/test-classes/webapps/static,STOPPED}
2025-02-16 13:03:22,379 [main] INFO  handler.ContextHandler (ContextHandler.java:doStop(1159)) - Stopped o.e.j.s.ServletContextHandler@71f8971a{logs,/logs,file:///home/runner/work/ozone/ozone/hadoop-ozone/integration-test/target/log,STOPPED}
2025-02-16 13:03:22,381 [main] INFO  rocksdiff.RocksDBCheckpointDiffer (RocksDBCheckpointDiffer.java:close(304)) - Shutting down CompactionDagPruningService.
2025-02-16 13:03:22,383 [main] INFO  snapshot.SnapshotDiffManager (SnapshotDiffManager.java:closeExecutorService(1656)) - Shutting down executorService: 'SnapDiffExecutor'
2025-02-16 13:03:22,383 [main] INFO  utils.BackgroundService (BackgroundService.java:shutdown(162)) - Shutting down service SnapshotDiffCleanupService
2025-02-16 13:03:22,388 [IPC Server handler 7 on default port 15120] INFO  ratis.OzoneManagerRatisServer (OzoneManagerRatisServer.java:removeOMFromRatisRing(388)) - omNode-1: Submitting SetConfiguration request to Ratis server to remove OM peer omNode-2 from Ratis group group-0AAC5367B30E:[omNode-3|localhost:15131, omNode-1|localhost:15123, omNode-2|localhost:15127]
2025-02-16 13:03:22,389 [IPC Server handler 7 on default port 15120] INFO  server.RaftServer$Division (RaftServerImpl.java:setConfigurationAsync(1296)) - omNode-1@group-0AAC5367B30E: receive setConfiguration SetConfigurationRequest:client-838130C52C8E->omNode-1@group-0AAC5367B30E, cid=3, seq=null, RW, null, SET_UNCONDITIONALLY, servers:[omNode-3|localhost:15131, omNode-1|localhost:15123], listeners:[]
2025-02-16 13:03:22,389 [IPC Server handler 7 on default port 15120] INFO  server.RaftServer$Division (LeaderStateImpl.java:startSetConfiguration(485)) - omNode-1@group-0AAC5367B30E-LeaderStateImpl: startSetConfiguration SetConfigurationRequest:client-838130C52C8E->omNode-1@group-0AAC5367B30E, cid=3, seq=null, RW, null, SET_UNCONDITIONALLY, servers:[omNode-3|localhost:15131, omNode-1|localhost:15123], listeners:[]
2025-02-16 13:03:22,389 [IPC Server handler 7 on default port 15120] INFO  server.RaftServer$Division (ServerState.java:setRaftConf(386)) - omNode-1@group-0AAC5367B30E: set configuration conf: {index: 9, cur=peers:[omNode-3|localhost:15131, omNode-1|localhost:15123]|listeners:[], old=peers:[omNode-3|localhost:15131, omNode-1|localhost:15123, omNode-2|localhost:15127]|listeners:[]}
2025-02-16 13:03:22,390 [grpc-default-executor-4] WARN  server.GrpcLogAppender (GrpcLogAppender.java:lambda$resetClient$1(221)) - omNode-1@group-0AAC5367B30E->omNode-2-GrpcLogAppender: Follower failed (request=null, errorCount=9); keep nextIndex (10) unchanged and retry.
2025-02-16 13:03:22,391 [omNode-3-server-thread1] INFO  server.RaftServer$Division (ServerState.java:setRaftConf(386)) - omNode-3@group-0AAC5367B30E: set configuration conf: {index: 9, cur=peers:[omNode-3|localhost:15131, omNode-1|localhost:15123]|listeners:[], old=peers:[omNode-3|localhost:15131, omNode-1|localhost:15123, omNode-2|localhost:15127]|listeners:[]}
2025-02-16 13:03:22,392 [omNode-1@group-0AAC5367B30E-LeaderStateImpl] INFO  server.RaftServer$Division (ServerState.java:setRaftConf(386)) - omNode-1@group-0AAC5367B30E: set configuration conf: {index: 11, cur=peers:[omNode-3|localhost:15131, omNode-1|localhost:15123]|listeners:[], old=null}
2025-02-16 13:03:22,393 [grpc-default-executor-0] INFO  server.GrpcLogAppender (GrpcLogAppender.java:onError(537)) - omNode-1@group-0AAC5367B30E->omNode-2-GrpcLogAppender is already stopped
2025-02-16 13:03:22,393 [grpc-default-executor-4] INFO  server.GrpcLogAppender (GrpcLogAppender.java:onError(537)) - omNode-1@group-0AAC5367B30E->omNode-2-GrpcLogAppender is already stopped
2025-02-16 13:03:22,393 [omNode-1@group-0AAC5367B30E->omNode-2-GrpcLogAppender-LogAppenderDaemon] INFO  leader.LogAppenderDaemon (LogAppenderDaemon.java:run(87)) - omNode-1@group-0AAC5367B30E->omNode-2-GrpcLogAppender-LogAppenderDaemon I/O was interrupted: java.io.InterruptedIOException: Interrupted appendLog, heartbeat? false
2025-02-16 13:03:22,393 [omNode-3-server-thread1] INFO  server.RaftServer$Division (ServerState.java:setRaftConf(386)) - omNode-3@group-0AAC5367B30E: set configuration conf: {index: 11, cur=peers:[omNode-3|localhost:15131, omNode-1|localhost:15123]|listeners:[], old=null}
2025-02-16 13:03:22,394 [IPC Server handler 7 on default port 15120] INFO  ratis.OzoneManagerRatisServer (OzoneManagerRatisServer.java:removeOMFromRatisRing(403)) - Removed OM omNode-2 from Ratis group group-0AAC5367B30E.
2025-02-16 13:03:22,399 [IPC Server handler 9 on default port 15120] INFO  ratis.OzoneManagerRatisServer (OzoneManagerRatisServer.java:removeOMFromRatisRing(388)) - omNode-1: Submitting SetConfiguration request to Ratis server to remove OM peer omNode-3 from Ratis group group-0AAC5367B30E:[omNode-3|localhost:15131, omNode-1|localhost:15123, omNode-2|localhost:15127]
2025-02-16 13:03:22,399 [IPC Server handler 9 on default port 15120] INFO  server.RaftServer$Division (RaftServerImpl.java:setConfigurationAsync(1296)) - omNode-1@group-0AAC5367B30E: receive setConfiguration SetConfigurationRequest:client-838130C52C8E->omNode-1@group-0AAC5367B30E, cid=4, seq=null, RW, null, SET_UNCONDITIONALLY, servers:[omNode-1|localhost:15123, omNode-2|localhost:15127], listeners:[]
2025-02-16 13:03:22,401 [omNode-3@group-0AAC5367B30E-StateMachineUpdater] INFO  ratis.OzoneManagerStateMachine (OzoneManagerStateMachine.java:notifyConfigurationChanged(227)) - notifyConfigurationChanged from Ratis: term=1, index=9, New Peer list: omNode-3(localhost:15131), omNode-1(localhost:15123)
2025-02-16 13:03:22,401 [omNode-3@group-0AAC5367B30E-StateMachineUpdater] INFO  ratis.OzoneManagerRatisServer (OzoneManagerRatisServer.java:removeRaftPeer(455)) - org.apache.hadoop.ozone.om.ratis.OzoneManagerRatisServer@7988507d: Removed OM omNode-2 from Ratis Peers list.
2025-02-16 13:03:22,401 [omNode-1@group-0AAC5367B30E-StateMachineUpdater] INFO  ratis.OzoneManagerStateMachine (OzoneManagerStateMachine.java:notifyConfigurationChanged(227)) - notifyConfigurationChanged from Ratis: term=1, index=9, New Peer list: omNode-3(localhost:15131), omNode-1(localhost:15123)
2025-02-16 13:03:22,401 [omNode-1@group-0AAC5367B30E-StateMachineUpdater] INFO  ratis.OzoneManagerRatisServer (OzoneManagerRatisServer.java:removeRaftPeer(455)) - org.apache.hadoop.ozone.om.ratis.OzoneManagerRatisServer@5c7ebbbc: Removed OM omNode-2 from Ratis Peers list.
2025-02-16 13:03:22,401 [omNode-1@group-0AAC5367B30E-StateMachineUpdater] INFO  om.OzoneManager (OzoneManager.java:removeOMNodeFromPeers(2087)) - Removed OM omNode-2 from OM Peer Nodes.
2025-02-16 13:03:22,402 [omNode-3@group-0AAC5367B30E-StateMachineUpdater] INFO  om.OzoneManager (OzoneManager.java:removeOMNodeFromPeers(2087)) - Removed OM omNode-2 from OM Peer Nodes.
2025-02-16 13:03:22,403 [omNode-1@group-0AAC5367B30E-StateMachineUpdater] INFO  ratis.OzoneManagerStateMachine (OzoneManagerStateMachine.java:notifyConfigurationChanged(227)) - notifyConfigurationChanged from Ratis: term=1, index=11, New Peer list: omNode-3(localhost:15131), omNode-1(localhost:15123)
2025-02-16 13:03:22,403 [omNode-3@group-0AAC5367B30E-StateMachineUpdater] INFO  ratis.OzoneManagerStateMachine (OzoneManagerStateMachine.java:notifyConfigurationChanged(227)) - notifyConfigurationChanged from Ratis: term=1, index=11, New Peer list: omNode-3(localhost:15131), omNode-1(localhost:15123)
2025-02-16 13:03:22,403 [main] INFO  ozone.MiniOzoneClusterImpl (MiniOzoneClusterImpl.java:shutdown(466)) - Shutting down the Mini Ozone Cluster
2025-02-16 13:03:22,403 [main] INFO  db.CodecTestUtil (CodecTestUtil.java:gc(49)) - gc 0
2025-02-16 13:03:22,579 [main] INFO  ozone.MiniOzoneHAClusterImpl (MiniOzoneHAClusterImpl.java:stop(288)) - Stopping the OzoneManager omNode-3
2025-02-16 13:03:22,579 [main] INFO  om.OzoneManager (OzoneManager.java:stop(2238)) - omNode-3[localhost:15128]: Stopping Ozone Manager
2025-02-16 13:03:22,579 [main] INFO  ipc.Server (Server.java:stop(3697)) - Stopping server on 15128
2025-02-16 13:03:22,581 [IPC Server listener on 15128] INFO  ipc.Server (Server.java:run(1585)) - Stopping IPC Server listener on 15128
2025-02-16 13:03:22,581 [IPC Server Responder] INFO  ipc.Server (Server.java:run(1718)) - Stopping IPC Server Responder
2025-02-16 13:03:22,581 [main] INFO  ratis.OzoneManagerRatisServer (OzoneManagerRatisServer.java:stop(640)) - Stopping org.apache.hadoop.ozone.om.ratis.OzoneManagerRatisServer@7988507d at port 15131
2025-02-16 13:03:22,582 [main] INFO  server.RaftServer (RaftServerProxy.java:lambda$close$9(417)) - omNode-3: close
2025-02-16 13:03:22,582 [omNode-3-impl-thread1] INFO  server.RaftServer$Division (RaftServerImpl.java:lambda$close$1(513)) - omNode-3@group-0AAC5367B30E: shutdown
2025-02-16 13:03:22,582 [main] INFO  server.GrpcService (GrpcService.java:closeImpl(343)) - omNode-3: shutdown server GrpcServerProtocolService now
2025-02-16 13:03:22,582 [omNode-3-impl-thread1] INFO  util.JmxRegister (JmxRegister.java:unregister(74)) - Successfully un-registered JMX Bean with object name Ratis:service=RaftServer,group=group-0AAC5367B30E,id=omNode-3
2025-02-16 13:03:22,582 [omNode-3-impl-thread1] INFO  impl.RoleInfo (RoleInfo.java:shutdownFollowerState(121)) - omNode-3: shutdown omNode-3@group-0AAC5367B30E-FollowerState
2025-02-16 13:03:22,582 [omNode-3-impl-thread1] INFO  impl.StateMachineUpdater (StateMachineUpdater.java:stopAndJoin(164)) - omNode-3@group-0AAC5367B30E-StateMachineUpdater: set stopIndex = 11
2025-02-16 13:03:22,583 [omNode-3@group-0AAC5367B30E-FollowerState] INFO  impl.FollowerState (FollowerState.java:runImpl(170)) - omNode-3@group-0AAC5367B30E-FollowerState was interrupted
2025-02-16 13:03:22,583 [grpc-default-executor-5] WARN  server.GrpcServerProtocolService (LogUtils.java:warn(121)) - omNode-3: APPEND_ENTRIES onError, lastRequest: null: org.apache.ratis.thirdparty.io.grpc.StatusRuntimeException: CANCELLED: client cancelled
2025-02-16 13:03:22,584 [grpc-default-executor-3] WARN  server.GrpcServerProtocolService (LogUtils.java:warn(121)) - omNode-3: APPEND_ENTRIES onError, lastRequest: omNode-1->omNode-3#951-t1,previous=(t:1, i:11),leaderCommit=11,initializing? false,entries: size=1, first=(t:1, i:12), METADATAENTRY(c:11): org.apache.ratis.thirdparty.io.grpc.StatusRuntimeException: CANCELLED: client cancelled
2025-02-16 13:03:22,584 [main] INFO  server.GrpcService (GrpcService.java:closeImpl(352)) - omNode-3: shutdown server GrpcServerProtocolService successfully
2025-02-16 13:03:22,584 [grpc-default-executor-3] WARN  server.GrpcLogAppender (LogUtils.java:warn(121)) - omNode-1@group-0AAC5367B30E->omNode-3-AppendLogResponseHandler: Failed appendEntries: org.apache.ratis.thirdparty.io.grpc.StatusRuntimeException: CANCELLED: RST_STREAM closed stream. HTTP/2 error code: CANCEL
2025-02-16 13:03:22,585 [grpc-default-executor-0] WARN  server.GrpcLogAppender (GrpcLogAppender.java:lambda$resetClient$1(221)) - omNode-1@group-0AAC5367B30E->omNode-3-GrpcLogAppender: Follower failed (request=null, errorCount=1); keep nextIndex (13) unchanged and retry.
2025-02-16 13:03:22,599 [omNode-3@group-0AAC5367B30E-StateMachineUpdater] INFO  ratis.OzoneManagerStateMachine (OzoneManagerStateMachine.java:takeSnapshotImpl(506)) - omNode-3: taking snapshot. applied = (t:1, i:11), skipped = 7, notified = (t:1, i:11), current snapshot index = (t:1, i:11), took 16 ms
2025-02-16 13:03:22,599 [omNode-3@group-0AAC5367B30E-StateMachineUpdater] INFO  impl.StateMachineUpdater (StateMachineUpdater.java:takeSnapshot(303)) - omNode-3@group-0AAC5367B30E-StateMachineUpdater: Took a snapshot at index 11
2025-02-16 13:03:22,599 [omNode-3@group-0AAC5367B30E-StateMachineUpdater] INFO  impl.StateMachineUpdater (StateMachineUpdater.java:lambda$new$0(102)) - omNode-3@group-0AAC5367B30E-StateMachineUpdater: snapshotIndex: updateIncreasingly -1 -> 11
2025-02-16 13:03:22,599 [omNode-3@group-0AAC5367B30E-StateMachineUpdater] INFO  impl.StateMachineUpdater (StateMachineUpdater.java:stop(141)) - omNode-3@group-0AAC5367B30E-StateMachineUpdater: closing OzoneManagerStateMachine, lastApplied=(t:1, i:11)
2025-02-16 13:03:22,599 [omNode-3@group-0AAC5367B30E-StateMachineUpdater] INFO  ratis.OzoneManagerStateMachine (OzoneManagerStateMachine.java:close(546)) - Stopping OzoneManagerStateMachine:omNode-3:group-0AAC5367B30E.
2025-02-16 13:03:22,599 [omNode-3@group-0AAC5367B30E-StateMachineUpdater] INFO  ratis.OzoneManagerDoubleBuffer (OzoneManagerDoubleBuffer.java:stopDaemon(501)) - Stopping OMDoubleBuffer flush thread
2025-02-16 13:03:22,599 [omNode-3-OMDoubleBufferFlushThread] INFO  ratis.OzoneManagerDoubleBuffer (OzoneManagerDoubleBuffer.java:canFlush(561)) - OMDoubleBuffer flush thread omNode-3-OMDoubleBufferFlushThread is interrupted and will exit.
2025-02-16 13:03:22,599 [omNode-3@group-0AAC5367B30E-cacheEviction-AwaitToRun] INFO  util.AwaitToRun (AwaitToRun.java:run(49)) - omNode-3@group-0AAC5367B30E-cacheEviction-AwaitToRun-AwaitForSignal is interrupted
2025-02-16 13:03:23,396 [omNode-3-impl-thread1] INFO  segmented.SegmentedRaftLogWorker (SegmentedRaftLogWorker.java:close(252)) - omNode-3@group-0AAC5367B30E-SegmentedRaftLogWorker close()
2025-02-16 13:03:23,397 [JvmPauseMonitor19] INFO  util.JvmPauseMonitor (JvmPauseMonitor.java:run(152)) - JvmPauseMonitor-omNode-3: Stopped
2025-02-16 13:03:23,397 [main] INFO  utils.BackgroundService (BackgroundService.java:shutdown(162)) - Shutting down service KeyDeletingService
2025-02-16 13:03:23,397 [main] INFO  utils.BackgroundService (BackgroundService.java:shutdown(162)) - Shutting down service DirectoryDeletingService
2025-02-16 13:03:23,398 [main] INFO  utils.BackgroundService (BackgroundService.java:shutdown(162)) - Shutting down service OpenKeyCleanupService
2025-02-16 13:03:23,398 [main] INFO  utils.BackgroundService (BackgroundService.java:shutdown(162)) - Shutting down service SstFilteringService
2025-02-16 13:03:23,399 [main] INFO  utils.BackgroundService (BackgroundService.java:shutdown(162)) - Shutting down service SnapshotDeletingService
2025-02-16 13:03:23,399 [main] INFO  utils.BackgroundService (BackgroundService.java:shutdown(162)) - Shutting down service MultipartUploadCleanupService
2025-02-16 13:03:23,400 [main] INFO  handler.ContextHandler (ContextHandler.java:doStop(1159)) - Stopped o.e.j.w.WebAppContext@6e35df79{ozoneManager,/,null,STOPPED}{file:/home/runner/work/ozone/ozone/hadoop-ozone/integration-test/target/test-classes/webapps/ozoneManager}
2025-02-16 13:03:23,400 [main] INFO  server.AbstractConnector (AbstractConnector.java:doStop(383)) - Stopped ServerConnector@7b522bb4{HTTP/1.1, (http/1.1)}{0.0.0.0:15129}
2025-02-16 13:03:23,400 [main] INFO  server.session (HouseKeeper.java:stopScavenging(149)) - node0 Stopped scavenging
2025-02-16 13:03:23,401 [main] INFO  handler.ContextHandler (ContextHandler.java:doStop(1159)) - Stopped o.e.j.s.ServletContextHandler@3600fd7f{static,/static,file:///home/runner/work/ozone/ozone/hadoop-ozone/integration-test/target/test-classes/webapps/static,STOPPED}
2025-02-16 13:03:23,401 [main] INFO  handler.ContextHandler (ContextHandler.java:doStop(1159)) - Stopped o.e.j.s.ServletContextHandler@5a7a034d{logs,/logs,file:///home/runner/work/ozone/ozone/hadoop-ozone/integration-test/target/log,STOPPED}
2025-02-16 13:03:23,402 [main] INFO  rocksdiff.RocksDBCheckpointDiffer (RocksDBCheckpointDiffer.java:close(304)) - Shutting down CompactionDagPruningService.
2025-02-16 13:03:23,403 [main] INFO  snapshot.SnapshotDiffManager (SnapshotDiffManager.java:closeExecutorService(1656)) - Shutting down executorService: 'SnapDiffExecutor'
2025-02-16 13:03:23,404 [main] INFO  utils.BackgroundService (BackgroundService.java:shutdown(162)) - Shutting down service SnapshotDiffCleanupService
2025-02-16 13:03:23,404 [main] INFO  ozone.MiniOzoneHAClusterImpl (MiniOzoneHAClusterImpl.java:stop(288)) - Stopping the OzoneManager omNode-1
2025-02-16 13:03:23,405 [main] INFO  om.OzoneManager (OzoneManager.java:stop(2238)) - omNode-1[localhost:15120]: Stopping Ozone Manager
2025-02-16 13:03:23,405 [main] INFO  ipc.Server (Server.java:stop(3697)) - Stopping server on 15120
2025-02-16 13:03:23,407 [IPC Server listener on 15120] INFO  ipc.Server (Server.java:run(1585)) - Stopping IPC Server listener on 15120
2025-02-16 13:03:23,407 [main] INFO  ratis.OzoneManagerRatisServer (OzoneManagerRatisServer.java:stop(640)) - Stopping org.apache.hadoop.ozone.om.ratis.OzoneManagerRatisServer@5c7ebbbc at port 15123
2025-02-16 13:03:23,407 [main] INFO  server.RaftServer (RaftServerProxy.java:lambda$close$9(417)) - omNode-1: close
2025-02-16 13:03:23,407 [main] INFO  server.GrpcService (GrpcService.java:closeImpl(343)) - omNode-1: shutdown server GrpcServerProtocolService now
2025-02-16 13:03:23,407 [omNode-1-impl-thread1] INFO  server.RaftServer$Division (RaftServerImpl.java:lambda$close$1(513)) - omNode-1@group-0AAC5367B30E: shutdown
2025-02-16 13:03:23,408 [omNode-1-impl-thread1] INFO  util.JmxRegister (JmxRegister.java:unregister(74)) - Successfully un-registered JMX Bean with object name Ratis:service=RaftServer,group=group-0AAC5367B30E,id=omNode-1
2025-02-16 13:03:23,408 [omNode-1-impl-thread1] INFO  impl.RoleInfo (RoleInfo.java:shutdownLeaderState(103)) - omNode-1: shutdown omNode-1@group-0AAC5367B30E-LeaderStateImpl
2025-02-16 13:03:23,408 [IPC Server Responder] INFO  ipc.Server (Server.java:run(1718)) - Stopping IPC Server Responder
2025-02-16 13:03:23,408 [omNode-1-impl-thread1] INFO  impl.PendingRequests (PendingRequests.java:sendNotLeaderResponses(287)) - omNode-1@group-0AAC5367B30E-PendingRequests: sendNotLeaderResponses
2025-02-16 13:03:23,408 [omNode-1@group-0AAC5367B30E->omNode-3-GrpcLogAppender-LogAppenderDaemon] WARN  server.GrpcLogAppender (GrpcLogAppender.java:mayWait(293)) - omNode-1@group-0AAC5367B30E->omNode-3-GrpcLogAppender: Wait interrupted by java.lang.InterruptedException
2025-02-16 13:03:23,408 [omNode-1-impl-thread1] INFO  impl.StateMachineUpdater (StateMachineUpdater.java:stopAndJoin(164)) - omNode-1@group-0AAC5367B30E-StateMachineUpdater: set stopIndex = 12
2025-02-16 13:03:23,409 [Thread-3102] INFO  server.GrpcServerProtocolClient (GrpcServerProtocolClient.java:close(105)) - omNode-3 Close channels
2025-02-16 13:03:23,409 [Thread-3104] INFO  server.GrpcServerProtocolClient (GrpcServerProtocolClient.java:close(105)) - omNode-2 Close channels
2025-02-16 13:03:23,410 [main] INFO  server.GrpcService (GrpcService.java:closeImpl(352)) - omNode-1: shutdown server GrpcServerProtocolService successfully
2025-02-16 13:03:23,425 [omNode-1@group-0AAC5367B30E-StateMachineUpdater] INFO  ratis.OzoneManagerStateMachine (OzoneManagerStateMachine.java:takeSnapshotImpl(506)) - omNode-1: taking snapshot. applied = (t:1, i:12), skipped = 7, notified = (t:1, i:12), current snapshot index = (t:1, i:12), took 17 ms
2025-02-16 13:03:23,426 [omNode-1@group-0AAC5367B30E-StateMachineUpdater] INFO  impl.StateMachineUpdater (StateMachineUpdater.java:takeSnapshot(303)) - omNode-1@group-0AAC5367B30E-StateMachineUpdater: Took a snapshot at index 12
2025-02-16 13:03:23,426 [omNode-1@group-0AAC5367B30E-StateMachineUpdater] INFO  impl.StateMachineUpdater (StateMachineUpdater.java:lambda$new$0(102)) - omNode-1@group-0AAC5367B30E-StateMachineUpdater: snapshotIndex: updateIncreasingly -1 -> 12
2025-02-16 13:03:23,426 [omNode-1@group-0AAC5367B30E-StateMachineUpdater] INFO  impl.StateMachineUpdater (StateMachineUpdater.java:stop(141)) - omNode-1@group-0AAC5367B30E-StateMachineUpdater: closing OzoneManagerStateMachine, lastApplied=(t:1, i:12)
2025-02-16 13:03:23,426 [omNode-1@group-0AAC5367B30E-StateMachineUpdater] INFO  ratis.OzoneManagerStateMachine (OzoneManagerStateMachine.java:close(546)) - Stopping OzoneManagerStateMachine:omNode-1:group-0AAC5367B30E.
2025-02-16 13:03:23,426 [omNode-1@group-0AAC5367B30E-StateMachineUpdater] INFO  ratis.OzoneManagerDoubleBuffer (OzoneManagerDoubleBuffer.java:stopDaemon(501)) - Stopping OMDoubleBuffer flush thread
2025-02-16 13:03:23,426 [omNode-1-OMDoubleBufferFlushThread] INFO  ratis.OzoneManagerDoubleBuffer (OzoneManagerDoubleBuffer.java:canFlush(561)) - OMDoubleBuffer flush thread omNode-1-OMDoubleBufferFlushThread is interrupted and will exit.
2025-02-16 13:03:23,426 [omNode-1@group-0AAC5367B30E-cacheEviction-AwaitToRun] INFO  util.AwaitToRun (AwaitToRun.java:run(49)) - omNode-1@group-0AAC5367B30E-cacheEviction-AwaitToRun-AwaitForSignal is interrupted
2025-02-16 13:03:24,396 [omNode-1-impl-thread1] INFO  segmented.SegmentedRaftLogWorker (SegmentedRaftLogWorker.java:close(252)) - omNode-1@group-0AAC5367B30E-SegmentedRaftLogWorker close()
2025-02-16 13:03:24,396 [JvmPauseMonitor17] INFO  util.JvmPauseMonitor (JvmPauseMonitor.java:run(152)) - JvmPauseMonitor-omNode-1: Stopped
2025-02-16 13:03:24,396 [main] INFO  utils.BackgroundService (BackgroundService.java:shutdown(162)) - Shutting down service KeyDeletingService
2025-02-16 13:03:24,397 [main] INFO  utils.BackgroundService (BackgroundService.java:shutdown(162)) - Shutting down service DirectoryDeletingService
2025-02-16 13:03:24,397 [main] INFO  utils.BackgroundService (BackgroundService.java:shutdown(162)) - Shutting down service OpenKeyCleanupService
2025-02-16 13:03:24,398 [main] INFO  utils.BackgroundService (BackgroundService.java:shutdown(162)) - Shutting down service SstFilteringService
2025-02-16 13:03:24,398 [main] INFO  utils.BackgroundService (BackgroundService.java:shutdown(162)) - Shutting down service SnapshotDeletingService
2025-02-16 13:03:24,398 [main] INFO  utils.BackgroundService (BackgroundService.java:shutdown(162)) - Shutting down service MultipartUploadCleanupService
2025-02-16 13:03:24,399 [main] INFO  handler.ContextHandler (ContextHandler.java:doStop(1159)) - Stopped o.e.j.w.WebAppContext@903c506{ozoneManager,/,null,STOPPED}{file:/home/runner/work/ozone/ozone/hadoop-ozone/integration-test/target/test-classes/webapps/ozoneManager}
2025-02-16 13:03:24,399 [main] INFO  server.AbstractConnector (AbstractConnector.java:doStop(383)) - Stopped ServerConnector@69ecac91{HTTP/1.1, (http/1.1)}{0.0.0.0:15121}
2025-02-16 13:03:24,399 [main] INFO  server.session (HouseKeeper.java:stopScavenging(149)) - node0 Stopped scavenging
2025-02-16 13:03:24,399 [main] INFO  handler.ContextHandler (ContextHandler.java:doStop(1159)) - Stopped o.e.j.s.ServletContextHandler@1ec664bc{static,/static,file:///home/runner/work/ozone/ozone/hadoop-ozone/integration-test/target/test-classes/webapps/static,STOPPED}
2025-02-16 13:03:24,400 [main] INFO  handler.ContextHandler (ContextHandler.java:doStop(1159)) - Stopped o.e.j.s.ServletContextHandler@487f4508{logs,/logs,file:///home/runner/work/ozone/ozone/hadoop-ozone/integration-test/target/log,STOPPED}
2025-02-16 13:03:24,400 [main] INFO  rocksdiff.RocksDBCheckpointDiffer (RocksDBCheckpointDiffer.java:close(304)) - Shutting down CompactionDagPruningService.
2025-02-16 13:03:24,402 [main] INFO  snapshot.SnapshotDiffManager (SnapshotDiffManager.java:closeExecutorService(1656)) - Shutting down executorService: 'SnapDiffExecutor'
2025-02-16 13:03:24,402 [main] INFO  utils.BackgroundService (BackgroundService.java:shutdown(162)) - Shutting down service SnapshotDiffCleanupService
2025-02-16 13:03:24,403 [main] INFO  ozone.MiniOzoneHAClusterImpl (MiniOzoneHAClusterImpl.java:stop(288)) - Stopping the OzoneManager omNode-2
2025-02-16 13:03:24,403 [main] INFO  om.OzoneManager (OzoneManager.java:stop(2238)) - omNode-2[localhost:15124]: Stopping Ozone Manager
2025-02-16 13:03:24,403 [main] INFO  ozone.MiniOzoneHAClusterImpl (MiniOzoneHAClusterImpl.java:stop(295)) - Stopping the StorageContainerManager 257e952a-4980-4b97-a405-9e28f64fa058
2025-02-16 13:03:24,403 [main] INFO  server.StorageContainerManager (StorageContainerManager.java:stop(1630)) - Container Balancer is not running.
2025-02-16 13:03:24,403 [main] INFO  server.StorageContainerManager (StorageContainerManager.java:stopReplicationManager(1768)) - Stopping Replication Manager Service.
2025-02-16 13:03:24,403 [main] INFO  replication.ReplicationManager (ReplicationManager.java:stop(310)) - Stopping Replication Monitor Thread.
2025-02-16 13:03:24,403 [main] INFO  server.StorageContainerManager (StorageContainerManager.java:stop(1639)) - Stopping the Datanode Admin Monitor.
2025-02-16 13:03:24,403 [scmNode-1-ReplicationMonitor] INFO  replication.ReplicationManager (ReplicationManager.java:run(910)) - Replication Monitor Thread is stopped
2025-02-16 13:03:24,403 [scmNode-1-OverReplicatedProcessor] WARN  replication.UnhealthyReplicationProcessor (UnhealthyReplicationProcessor.java:run(178)) - scmNode-1-OverReplicatedProcessor interrupted. Exiting...
2025-02-16 13:03:24,403 [scmNode-1-UnderReplicatedProcessor] WARN  replication.UnhealthyReplicationProcessor (UnhealthyReplicationProcessor.java:run(178)) - scmNode-1-UnderReplicatedProcessor interrupted. Exiting...
2025-02-16 13:03:24,403 [main] INFO  server.StorageContainerManager (StorageContainerManager.java:stop(1646)) - Stopping datanode service RPC server
2025-02-16 13:03:24,404 [main] INFO  server.SCMDatanodeProtocolServer (SCMDatanodeProtocolServer.java:stop(447)) - Stopping the RPC server for DataNodes
2025-02-16 13:03:24,404 [main] INFO  ipc.Server (Server.java:stop(3697)) - Stopping server on 15110
2025-02-16 13:03:24,408 [IPC Server listener on 15110] INFO  ipc.Server (Server.java:run(1585)) - Stopping IPC Server listener on 15110
2025-02-16 13:03:24,408 [IPC Server Responder] INFO  ipc.Server (Server.java:run(1718)) - Stopping IPC Server Responder
2025-02-16 13:03:24,481 [scmNode-1-SCMHeartbeatProcessor-0] WARN  node.NodeStateManager (NodeStateManager.java:scheduleNextHealthCheck(930)) - Current Thread is interrupted, shutting down HB processing thread for Node Manager.
2025-02-16 13:03:24,481 [main] INFO  server.StorageContainerManager (StorageContainerManager.java:stop(1654)) - Stopping block service RPC server
2025-02-16 13:03:24,481 [main] INFO  server.SCMBlockProtocolServer (SCMBlockProtocolServer.java:stop(175)) - Stopping the RPC server for Block Protocol
2025-02-16 13:03:24,481 [main] INFO  ipc.Server (Server.java:stop(3697)) - Stopping server on 15113
2025-02-16 13:03:24,486 [IPC Server listener on 15113] INFO  ipc.Server (Server.java:run(1585)) - Stopping IPC Server listener on 15113
2025-02-16 13:03:24,486 [IPC Server Responder] INFO  ipc.Server (Server.java:run(1718)) - Stopping IPC Server Responder
2025-02-16 13:03:24,486 [main] INFO  server.StorageContainerManager (StorageContainerManager.java:stop(1661)) - Stopping the StorageContainerLocationProtocol RPC server
2025-02-16 13:03:24,486 [main] INFO  server.SCMClientProtocolServer (SCMClientProtocolServer.java:stop(217)) - Stopping the RPC server for Client Protocol
2025-02-16 13:03:24,486 [main] INFO  ipc.Server (Server.java:stop(3697)) - Stopping server on 15111
2025-02-16 13:03:24,490 [IPC Server listener on 15111] INFO  ipc.Server (Server.java:run(1585)) - Stopping IPC Server listener on 15111
2025-02-16 13:03:24,491 [IPC Server Responder] INFO  ipc.Server (Server.java:run(1718)) - Stopping IPC Server Responder
2025-02-16 13:03:24,491 [main] INFO  server.StorageContainerManager (StorageContainerManager.java:stop(1668)) - Stopping Storage Container Manager HTTP server.
2025-02-16 13:03:24,491 [main] INFO  handler.ContextHandler (ContextHandler.java:doStop(1159)) - Stopped o.e.j.w.WebAppContext@32369404{scm,/,null,STOPPED}{file:/home/runner/work/ozone/ozone/hadoop-ozone/integration-test/target/test-classes/webapps/scm}
2025-02-16 13:03:24,492 [main] INFO  server.AbstractConnector (AbstractConnector.java:doStop(383)) - Stopped ServerConnector@2393a5d1{HTTP/1.1, (http/1.1)}{0.0.0.0:15106}
2025-02-16 13:03:24,492 [main] INFO  server.session (HouseKeeper.java:stopScavenging(149)) - node0 Stopped scavenging
2025-02-16 13:03:24,492 [main] INFO  handler.ContextHandler (ContextHandler.java:doStop(1159)) - Stopped o.e.j.s.ServletContextHandler@ee100ba{static,/static,file:///home/runner/work/ozone/ozone/hadoop-ozone/integration-test/target/test-classes/webapps/static,STOPPED}
2025-02-16 13:03:24,492 [main] INFO  handler.ContextHandler (ContextHandler.java:doStop(1159)) - Stopped o.e.j.s.ServletContextHandler@1021a5dc{logs,/logs,file:///home/runner/work/ozone/ozone/hadoop-ozone/integration-test/target/log,STOPPED}
2025-02-16 13:03:24,493 [main] INFO  server.StorageContainerManager (StorageContainerManager.java:stop(1676)) - Stopping SCM LayoutVersionManager Service.
2025-02-16 13:03:24,494 [main] INFO  server.StorageContainerManager (StorageContainerManager.java:stop(1688)) - Stopping Block Manager Service.
2025-02-16 13:03:24,494 [main] INFO  utils.BackgroundService (BackgroundService.java:shutdown(162)) - Shutting down service SCMBlockDeletingService
2025-02-16 13:03:24,494 [main] INFO  utils.BackgroundService (BackgroundService.java:shutdown(162)) - Shutting down service SCMBlockDeletingService
2025-02-16 13:03:24,495 [main] INFO  server.StorageContainerManager (StorageContainerManager.java:stop(1713)) - Stopping SCM Event Queue.
2025-02-16 13:03:24,495 [9e04f330-63f7-447c-8500-8939715d6f40-EndpointStateMachineTaskThread-/127.0.0.1:15110-0 ] WARN  statemachine.EndpointStateMachine (EndpointStateMachine.java:logIfNeeded(239)) - Unable to communicate to SCM server at localhost/127.0.0.1:15110 for past 0 seconds.
java.io.EOFException: End of File Exception between local host is: "fv-az1944-819/10.1.0.110"; destination host is: "localhost":15110; : java.io.EOFException; For more details see:  http://wiki.apache.org/hadoop/EOFException
	at java.base/jdk.internal.reflect.DirectConstructorHandleAccessor.newInstance(DirectConstructorHandleAccessor.java:62)
	at java.base/java.lang.reflect.Constructor.newInstanceWithCaller(Constructor.java:502)
	at java.base/java.lang.reflect.Constructor.newInstance(Constructor.java:486)
	at org.apache.hadoop.net.NetUtils.wrapWithMessage(NetUtils.java:961)
	at org.apache.hadoop.net.NetUtils.wrapException(NetUtils.java:910)
	at org.apache.hadoop.ipc.Client.getRpcResponse(Client.java:1588)
	at org.apache.hadoop.ipc.Client.call(Client.java:1529)
	at org.apache.hadoop.ipc.Client.call(Client.java:1426)
	at org.apache.hadoop.ipc.ProtobufRpcEngine$Invoker.invoke(ProtobufRpcEngine.java:250)
	at org.apache.hadoop.ipc.ProtobufRpcEngine$Invoker.invoke(ProtobufRpcEngine.java:132)
	at jdk.proxy2/jdk.proxy2.$Proxy59.submitRequest(Unknown Source)
	at org.apache.hadoop.ozone.protocolPB.StorageContainerDatanodeProtocolClientSideTranslatorPB.submitRequest(StorageContainerDatanodeProtocolClientSideTranslatorPB.java:105)
	at org.apache.hadoop.ozone.protocolPB.StorageContainerDatanodeProtocolClientSideTranslatorPB.sendHeartbeat(StorageContainerDatanodeProtocolClientSideTranslatorPB.java:136)
	at org.apache.hadoop.ozone.container.common.states.endpoint.HeartbeatEndpointTask.call(HeartbeatEndpointTask.java:165)
	at org.apache.hadoop.ozone.container.common.states.endpoint.HeartbeatEndpointTask.call(HeartbeatEndpointTask.java:69)
	at java.base/java.util.concurrent.FutureTask.run(FutureTask.java:317)
	at java.base/java.util.concurrent.ThreadPoolExecutor.runWorker(ThreadPoolExecutor.java:1144)
	at java.base/java.util.concurrent.ThreadPoolExecutor$Worker.run(ThreadPoolExecutor.java:642)
	at java.base/java.lang.Thread.run(Thread.java:1583)
Caused by: java.io.EOFException
	at java.base/java.io.DataInputStream.readFully(DataInputStream.java:210)
	at java.base/java.io.DataInputStream.readInt(DataInputStream.java:385)
	at org.apache.hadoop.ipc.Client$IpcStreams.readResponse(Client.java:1923)
	at org.apache.hadoop.ipc.Client$Connection.receiveRpcResponse(Client.java:1203)
	at org.apache.hadoop.ipc.Client$Connection.run(Client.java:1094)
2025-02-16 13:03:24,495 [main] INFO  server.StorageContainerManager (StorageContainerManager.java:stop(1724)) - Stopping SCM HA services.
2025-02-16 13:03:24,496 [main] INFO  ha.SCMRatisServerImpl (SCMRatisServerImpl.java:stop(266)) - stopping ratis server 0.0.0.0:15109
2025-02-16 13:03:24,496 [main] INFO  server.RaftServer (RaftServerProxy.java:lambda$close$9(417)) - 257e952a-4980-4b97-a405-9e28f64fa058: close
2025-02-16 13:03:24,496 [main] INFO  server.GrpcService (GrpcService.java:closeImpl(343)) - 257e952a-4980-4b97-a405-9e28f64fa058: shutdown server GrpcServerProtocolService now
2025-02-16 13:03:24,496 [257e952a-4980-4b97-a405-9e28f64fa058-impl-thread1] INFO  server.RaftServer$Division (RaftServerImpl.java:lambda$close$1(513)) - 257e952a-4980-4b97-a405-9e28f64fa058@group-AA8D0BAD65B8: shutdown
2025-02-16 13:03:24,496 [257e952a-4980-4b97-a405-9e28f64fa058-impl-thread1] INFO  util.JmxRegister (JmxRegister.java:unregister(74)) - Successfully un-registered JMX Bean with object name Ratis:service=RaftServer,group=group-AA8D0BAD65B8,id=257e952a-4980-4b97-a405-9e28f64fa058
2025-02-16 13:03:24,496 [257e952a-4980-4b97-a405-9e28f64fa058-impl-thread1] INFO  impl.RoleInfo (RoleInfo.java:shutdownLeaderState(103)) - 257e952a-4980-4b97-a405-9e28f64fa058: shutdown 257e952a-4980-4b97-a405-9e28f64fa058@group-AA8D0BAD65B8-LeaderStateImpl
2025-02-16 13:03:24,496 [257e952a-4980-4b97-a405-9e28f64fa058-impl-thread1] INFO  impl.PendingRequests (PendingRequests.java:sendNotLeaderResponses(287)) - 257e952a-4980-4b97-a405-9e28f64fa058@group-AA8D0BAD65B8-PendingRequests: sendNotLeaderResponses
2025-02-16 13:03:24,496 [257e952a-4980-4b97-a405-9e28f64fa058-impl-thread1] INFO  ha.SCMStateMachine (SCMStateMachine.java:notifyNotLeader(214)) - current leader SCM steps down.
2025-02-16 13:03:24,496 [257e952a-4980-4b97-a405-9e28f64fa058-impl-thread1] INFO  ha.SCMContext (SCMContext.java:updateLeaderAndTerm(95)) - update <isLeader,term> from <true,2> to <false,0>
2025-02-16 13:03:24,496 [257e952a-4980-4b97-a405-9e28f64fa058-impl-thread1] INFO  ha.SCMContext (SCMContext.java:updateLeaderAndTerm(101)) - update <isLeaderReady> from <true> to <false>
2025-02-16 13:03:24,496 [257e952a-4980-4b97-a405-9e28f64fa058-impl-thread1] INFO  BackgroundPipelineScrubber (BackgroundSCMService.java:notifyStatusChanged(84)) - Service BackgroundPipelineScrubber transitions to PAUSING.
2025-02-16 13:03:24,496 [257e952a-4980-4b97-a405-9e28f64fa058-impl-thread1] INFO  ExpiredContainerReplicaOpScrubber (BackgroundSCMService.java:notifyStatusChanged(84)) - Service ExpiredContainerReplicaOpScrubber transitions to PAUSING.
2025-02-16 13:03:24,496 [257e952a-4980-4b97-a405-9e28f64fa058-impl-thread1] INFO  SCMHATransactionMonitor (BackgroundSCMService.java:notifyStatusChanged(84)) - Service SCMHATransactionMonitor transitions to PAUSING.
2025-02-16 13:03:24,497 [257e952a-4980-4b97-a405-9e28f64fa058-impl-thread1] INFO  impl.StateMachineUpdater (StateMachineUpdater.java:stopAndJoin(164)) - 257e952a-4980-4b97-a405-9e28f64fa058@group-AA8D0BAD65B8-StateMachineUpdater: set stopIndex = 30
2025-02-16 13:03:24,497 [257e952a-4980-4b97-a405-9e28f64fa058@group-AA8D0BAD65B8-StateMachineUpdater] INFO  ha.SCMStateMachine (SCMStateMachine.java:takeSnapshot(333)) - Current Snapshot Index 30, takeSnapshot took 0 ms
2025-02-16 13:03:24,498 [257e952a-4980-4b97-a405-9e28f64fa058@group-AA8D0BAD65B8-StateMachineUpdater] INFO  impl.StateMachineUpdater (StateMachineUpdater.java:takeSnapshot(303)) - 257e952a-4980-4b97-a405-9e28f64fa058@group-AA8D0BAD65B8-StateMachineUpdater: Took a snapshot at index 30
2025-02-16 13:03:24,498 [257e952a-4980-4b97-a405-9e28f64fa058@group-AA8D0BAD65B8-StateMachineUpdater] INFO  impl.StateMachineUpdater (StateMachineUpdater.java:lambda$new$0(102)) - 257e952a-4980-4b97-a405-9e28f64fa058@group-AA8D0BAD65B8-StateMachineUpdater: snapshotIndex: updateIncreasingly -1 -> 30
2025-02-16 13:03:24,498 [257e952a-4980-4b97-a405-9e28f64fa058@group-AA8D0BAD65B8-StateMachineUpdater] INFO  impl.StateMachineUpdater (StateMachineUpdater.java:stop(141)) - 257e952a-4980-4b97-a405-9e28f64fa058@group-AA8D0BAD65B8-StateMachineUpdater: closing SCMStateMachine, lastApplied=(t:2, i:30)
2025-02-16 13:03:24,498 [257e952a-4980-4b97-a405-9e28f64fa058@group-AA8D0BAD65B8-cacheEviction-AwaitToRun] INFO  util.AwaitToRun (AwaitToRun.java:run(49)) - 257e952a-4980-4b97-a405-9e28f64fa058@group-AA8D0BAD65B8-cacheEviction-AwaitToRun-AwaitForSignal is interrupted
2025-02-16 13:03:24,501 [main] INFO  server.GrpcService (GrpcService.java:closeImpl(352)) - 257e952a-4980-4b97-a405-9e28f64fa058: shutdown server GrpcServerProtocolService successfully
2025-02-16 13:03:25,346 [257e952a-4980-4b97-a405-9e28f64fa058-impl-thread1] INFO  segmented.SegmentedRaftLogWorker (SegmentedRaftLogWorker.java:close(252)) - 257e952a-4980-4b97-a405-9e28f64fa058@group-AA8D0BAD65B8-SegmentedRaftLogWorker close()
2025-02-16 13:03:25,346 [JvmPauseMonitor16] INFO  util.JvmPauseMonitor (JvmPauseMonitor.java:run(152)) - JvmPauseMonitor-257e952a-4980-4b97-a405-9e28f64fa058: Stopped
2025-02-16 13:03:25,347 [main] INFO  SCMHATransactionMonitor (BackgroundSCMService.java:stop(127)) - Stopping SCMHATransactionMonitor Service.
2025-02-16 13:03:25,347 [scmNode-1-SCMHATransactionMonitor] WARN  SCMHATransactionMonitor (BackgroundSCMService.java:run(111)) - SCMHATransactionMonitor is interrupted, exit
2025-02-16 13:03:25,347 [main] INFO  pipeline.BackgroundPipelineCreator (BackgroundPipelineCreator.java:stop(154)) - Stopping scmNode-1-RatisPipelineUtilsThread.
2025-02-16 13:03:25,347 [scmNode-1-RatisPipelineUtilsThread-0] WARN  pipeline.BackgroundPipelineCreator (BackgroundPipelineCreator.java:run(185)) - scmNode-1-RatisPipelineUtilsThread is interrupted.
2025-02-16 13:03:25,347 [main] INFO  BackgroundPipelineScrubber (BackgroundSCMService.java:stop(127)) - Stopping BackgroundPipelineScrubber Service.
2025-02-16 13:03:25,347 [scmNode-1-BackgroundPipelineScrubber] WARN  BackgroundPipelineScrubber (BackgroundSCMService.java:run(111)) - BackgroundPipelineScrubber is interrupted, exit
2025-02-16 13:03:25,348 [main] INFO  impl.MetricsSystemImpl (MetricsSystemImpl.java:stop(210)) - Stopping HddsDatanode metrics system...
2025-02-16 13:03:25,349 [prometheus] INFO  impl.MetricsSinkAdapter (MetricsSinkAdapter.java:publishMetricsFromQueue(141)) - prometheus thread interrupted.
2025-02-16 13:03:25,349 [main] INFO  impl.MetricsSystemImpl (MetricsSystemImpl.java:stop(216)) - HddsDatanode metrics system stopped.
2025-02-16 13:03:25,350 [main] WARN  pipeline.BackgroundPipelineCreator (BackgroundPipelineCreator.java:stop(150)) - scmNode-1-RatisPipelineUtilsThread is not running, just ignore.
2025-02-16 13:03:25,350 [main] INFO  BackgroundPipelineScrubber (BackgroundSCMService.java:stop(122)) - BackgroundPipelineScrubber Service is not running, skip stop.
2025-02-16 13:03:25,350 [main] INFO  ExpiredContainerReplicaOpScrubber (BackgroundSCMService.java:stop(127)) - Stopping ExpiredContainerReplicaOpScrubber Service.
2025-02-16 13:03:25,350 [main] INFO  utils.BackgroundService (BackgroundService.java:shutdown(162)) - Shutting down service SCMBlockDeletingService
2025-02-16 13:03:25,350 [main] INFO  replication.ReplicationManager (ReplicationManager.java:stop(317)) - Replication Monitor Thread is not running.
2025-02-16 13:03:25,350 [main] WARN  balancer.ContainerBalancer (ContainerBalancer.java:stop(349)) - Cannot stop Container Balancer because it's not running or stopping
2025-02-16 13:03:25,350 [main] INFO  SCMHATransactionMonitor (BackgroundSCMService.java:stop(122)) - SCMHATransactionMonitor Service is not running, skip stop.
2025-02-16 13:03:25,350 [scmNode-1-ExpiredContainerReplicaOpScrubber] WARN  ExpiredContainerReplicaOpScrubber (BackgroundSCMService.java:run(111)) - ExpiredContainerReplicaOpScrubber is interrupted, exit
2025-02-16 13:03:25,350 [scmNode-1-LeaseManager#LeaseMonitor] WARN  lease.LeaseManager (LeaseManager.java:run(285)) - Lease manager is interrupted. Shutting down...
java.lang.InterruptedException
	at java.base/java.util.concurrent.locks.AbstractQueuedSynchronizer.tryAcquireSharedNanos(AbstractQueuedSynchronizer.java:1133)
	at java.base/java.util.concurrent.Semaphore.tryAcquire(Semaphore.java:415)
	at org.apache.hadoop.ozone.lease.LeaseManager$LeaseMonitor.run(LeaseManager.java:283)
	at java.base/java.lang.Thread.run(Thread.java:1583)
2025-02-16 13:03:25,351 [main] INFO  server.StorageContainerManager (StorageContainerManager.java:stop(1759)) - Stopping SCM MetadataStore.
2025-02-16 13:03:25,352 [main] INFO  ozone.MiniOzoneClusterImpl (MiniOzoneClusterImpl.java:stop(482)) - Stopping the Mini Ozone Cluster
2025-02-16 13:03:25,352 [main] INFO  ozone.MiniOzoneClusterImpl (MiniOzoneClusterImpl.java:stopDatanodes(559)) - Stopping the HddsDatanodes
2025-02-16 13:03:25,354 [ForkJoinPool.commonPool-worker-1] INFO  ozoneimpl.OzoneContainer (OzoneContainer.java:stop(524)) - Attempting to stop container services.
2025-02-16 13:03:25,355 [ForkJoinPool.commonPool-worker-3] INFO  ozoneimpl.OzoneContainer (OzoneContainer.java:stop(524)) - Attempting to stop container services.
2025-02-16 13:03:25,355 [ContainerMetadataScanner] WARN  ozoneimpl.AbstractBackgroundContainerScanner (AbstractBackgroundContainerScanner.java:handleRemainingSleep(131)) - Background container scan was interrupted.
2025-02-16 13:03:25,355 [ContainerMetadataScanner] INFO  ozoneimpl.AbstractBackgroundContainerScanner (AbstractBackgroundContainerScanner.java:run(58)) - Thread[#3550,ContainerMetadataScanner,5,main] exiting.
2025-02-16 13:03:25,356 [ForkJoinPool.commonPool-worker-1] INFO  ozoneimpl.BackgroundContainerDataScanner (BackgroundContainerDataScanner.java:shutdown(141)) - ContainerDataScanner(/home/runner/work/ozone/ozone/hadoop-ozone/integration-test/target/test-dir/MiniOzoneClusterImpl-8cdb299b-b154-4fd3-af09-aa8d0bad65b8/ozone-meta/datanode-1/data-0/hdds) is shutting down. 
2025-02-16 13:03:25,356 [ContainerDataScanner(/home/runner/work/ozone/ozone/hadoop-ozone/integration-test/target/test-dir/MiniOzoneClusterImpl-8cdb299b-b154-4fd3-af09-aa8d0bad65b8/ozone-meta/datanode-1/data-0/hdds)] WARN  ozoneimpl.AbstractBackgroundContainerScanner (AbstractBackgroundContainerScanner.java:handleRemainingSleep(131)) - Background container scan was interrupted.
2025-02-16 13:03:25,356 [ContainerDataScanner(/home/runner/work/ozone/ozone/hadoop-ozone/integration-test/target/test-dir/MiniOzoneClusterImpl-8cdb299b-b154-4fd3-af09-aa8d0bad65b8/ozone-meta/datanode-1/data-0/hdds)] INFO  ozoneimpl.AbstractBackgroundContainerScanner (AbstractBackgroundContainerScanner.java:run(58)) - ContainerDataScanner(/home/runner/work/ozone/ozone/hadoop-ozone/integration-test/target/test-dir/MiniOzoneClusterImpl-8cdb299b-b154-4fd3-af09-aa8d0bad65b8/ozone-meta/datanode-1/data-0/hdds, DS-ea788416-6fc0-45f3-b539-4b78963453ca) exiting.
2025-02-16 13:03:25,356 [ContainerMetadataScanner] WARN  ozoneimpl.AbstractBackgroundContainerScanner (AbstractBackgroundContainerScanner.java:handleRemainingSleep(131)) - Background container scan was interrupted.
2025-02-16 13:03:25,356 [ContainerMetadataScanner] INFO  ozoneimpl.AbstractBackgroundContainerScanner (AbstractBackgroundContainerScanner.java:run(58)) - Thread[#3586,ContainerMetadataScanner,5,main] exiting.
2025-02-16 13:03:25,356 [ForkJoinPool.commonPool-worker-3] INFO  ozoneimpl.BackgroundContainerDataScanner (BackgroundContainerDataScanner.java:shutdown(141)) - ContainerDataScanner(/home/runner/work/ozone/ozone/hadoop-ozone/integration-test/target/test-dir/MiniOzoneClusterImpl-8cdb299b-b154-4fd3-af09-aa8d0bad65b8/ozone-meta/datanode-3/data-0/hdds) is shutting down. 
2025-02-16 13:03:25,356 [ContainerDataScanner(/home/runner/work/ozone/ozone/hadoop-ozone/integration-test/target/test-dir/MiniOzoneClusterImpl-8cdb299b-b154-4fd3-af09-aa8d0bad65b8/ozone-meta/datanode-3/data-0/hdds)] WARN  ozoneimpl.AbstractBackgroundContainerScanner (AbstractBackgroundContainerScanner.java:handleRemainingSleep(131)) - Background container scan was interrupted.
2025-02-16 13:03:25,356 [ContainerDataScanner(/home/runner/work/ozone/ozone/hadoop-ozone/integration-test/target/test-dir/MiniOzoneClusterImpl-8cdb299b-b154-4fd3-af09-aa8d0bad65b8/ozone-meta/datanode-3/data-0/hdds)] INFO  ozoneimpl.AbstractBackgroundContainerScanner (AbstractBackgroundContainerScanner.java:run(58)) - ContainerDataScanner(/home/runner/work/ozone/ozone/hadoop-ozone/integration-test/target/test-dir/MiniOzoneClusterImpl-8cdb299b-b154-4fd3-af09-aa8d0bad65b8/ozone-meta/datanode-3/data-0/hdds, DS-a346e555-b2e7-4958-82e3-c4fb331c56f6) exiting.
2025-02-16 13:03:25,356 [ForkJoinPool.commonPool-worker-1] INFO  ozoneimpl.OnDemandContainerDataScanner (OnDemandContainerDataScanner.java:shutdownScanner(208)) - On-demand container scanner is shutting down.
2025-02-16 13:03:25,357 [ForkJoinPool.commonPool-worker-3] INFO  ratis.XceiverServerRatis (XceiverServerRatis.java:stop(593)) - Closing XceiverServerRatis(9e04f330-63f7-447c-8500-8939715d6f40)
2025-02-16 13:03:25,357 [ForkJoinPool.commonPool-worker-3] INFO  server.RaftServer (RaftServerProxy.java:lambda$close$9(417)) - 9e04f330-63f7-447c-8500-8939715d6f40: close
2025-02-16 13:03:25,357 [ForkJoinPool.commonPool-worker-1] INFO  ratis.XceiverServerRatis (XceiverServerRatis.java:stop(593)) - Closing XceiverServerRatis(b381b084-c55c-4dbb-889c-469a9420fe3b)
2025-02-16 13:03:25,357 [ForkJoinPool.commonPool-worker-1] INFO  server.RaftServer (RaftServerProxy.java:lambda$close$9(417)) - b381b084-c55c-4dbb-889c-469a9420fe3b: close
2025-02-16 13:03:25,357 [9e04f330-63f7-447c-8500-8939715d6f40-impl-thread1] INFO  server.RaftServer$Division (RaftServerImpl.java:lambda$close$1(513)) - 9e04f330-63f7-447c-8500-8939715d6f40@group-E6A5FEE08FEB: shutdown
2025-02-16 13:03:25,357 [9e04f330-63f7-447c-8500-8939715d6f40-impl-thread1] INFO  util.JmxRegister (JmxRegister.java:unregister(74)) - Successfully un-registered JMX Bean with object name Ratis:service=RaftServer,group=group-E6A5FEE08FEB,id=9e04f330-63f7-447c-8500-8939715d6f40
2025-02-16 13:03:25,357 [9e04f330-63f7-447c-8500-8939715d6f40-impl-thread1] INFO  impl.RoleInfo (RoleInfo.java:shutdownLeaderState(103)) - 9e04f330-63f7-447c-8500-8939715d6f40: shutdown 9e04f330-63f7-447c-8500-8939715d6f40@group-E6A5FEE08FEB-LeaderStateImpl
2025-02-16 13:03:25,357 [9e04f330-63f7-447c-8500-8939715d6f40@group-E6A5FEE08FEB->b381b084-c55c-4dbb-889c-469a9420fe3b-GrpcLogAppender-LogAppenderDaemon] WARN  server.GrpcLogAppender (GrpcLogAppender.java:mayWait(293)) - 9e04f330-63f7-447c-8500-8939715d6f40@group-E6A5FEE08FEB->b381b084-c55c-4dbb-889c-469a9420fe3b-GrpcLogAppender: Wait interrupted by java.lang.InterruptedException
2025-02-16 13:03:25,358 [9e04f330-63f7-447c-8500-8939715d6f40@group-E6A5FEE08FEB->49e1ea80-2a9c-4fc6-9dfd-fcdc1670084a-GrpcLogAppender-LogAppenderDaemon] WARN  server.GrpcLogAppender (GrpcLogAppender.java:mayWait(293)) - 9e04f330-63f7-447c-8500-8939715d6f40@group-E6A5FEE08FEB->49e1ea80-2a9c-4fc6-9dfd-fcdc1670084a-GrpcLogAppender: Wait interrupted by java.lang.InterruptedException
2025-02-16 13:03:25,357 [9e04f330-63f7-447c-8500-8939715d6f40-impl-thread2] INFO  server.RaftServer$Division (RaftServerImpl.java:lambda$close$1(513)) - 9e04f330-63f7-447c-8500-8939715d6f40@group-A4BD09EBD6A4: shutdown
2025-02-16 13:03:25,358 [9e04f330-63f7-447c-8500-8939715d6f40-impl-thread2] INFO  util.JmxRegister (JmxRegister.java:unregister(74)) - Successfully un-registered JMX Bean with object name Ratis:service=RaftServer,group=group-A4BD09EBD6A4,id=9e04f330-63f7-447c-8500-8939715d6f40
2025-02-16 13:03:25,358 [9e04f330-63f7-447c-8500-8939715d6f40-impl-thread2] INFO  impl.RoleInfo (RoleInfo.java:shutdownFollowerState(121)) - 9e04f330-63f7-447c-8500-8939715d6f40: shutdown 9e04f330-63f7-447c-8500-8939715d6f40@group-A4BD09EBD6A4-FollowerState
2025-02-16 13:03:25,358 [9e04f330-63f7-447c-8500-8939715d6f40-impl-thread2] INFO  impl.StateMachineUpdater (StateMachineUpdater.java:stopAndJoin(164)) - 9e04f330-63f7-447c-8500-8939715d6f40@group-A4BD09EBD6A4-StateMachineUpdater: set stopIndex = 0
2025-02-16 13:03:25,358 [9e04f330-63f7-447c-8500-8939715d6f40-impl-thread1] INFO  impl.PendingRequests (PendingRequests.java:sendNotLeaderResponses(287)) - 9e04f330-63f7-447c-8500-8939715d6f40@group-E6A5FEE08FEB-PendingRequests: sendNotLeaderResponses
2025-02-16 13:03:25,358 [grpc-default-executor-5] INFO  server.GrpcServerProtocolService (GrpcServerProtocolService.java:onCompleted(157)) - 49e1ea80-2a9c-4fc6-9dfd-fcdc1670084a: Completed APPEND_ENTRIES, lastRequest: 9e04f330-63f7-447c-8500-8939715d6f40->49e1ea80-2a9c-4fc6-9dfd-fcdc1670084a#1-t1,previous=(t:0, i:0),leaderCommit=-1,initializing? false,entries: size=1, first=(t:1, i:0), CONFIGURATIONENTRY(current:id:"49e1ea80-2a9c-4fc6-9dfd-fcdc1670084a"address:"127.0.0.1:15147"dataStreamAddress:"127.0.0.1:15148"clientAddress:"127.0.0.1:15145"adminAddress:"127.0.0.1:15146"startupRole:FOLLOWER, id:"9e04f330-63f7-447c-8500-8939715d6f40"address:"127.0.0.1:15156"priority:1dataStreamAddress:"127.0.0.1:15157"clientAddress:"127.0.0.1:15154"adminAddress:"127.0.0.1:15155"startupRole:FOLLOWER, id:"b381b084-c55c-4dbb-889c-469a9420fe3b"address:"127.0.0.1:15138"dataStreamAddress:"127.0.0.1:15139"clientAddress:"127.0.0.1:15136"adminAddress:"127.0.0.1:15137"startupRole:FOLLOWER, old:)
2025-02-16 13:03:25,359 [9e04f330-63f7-447c-8500-8939715d6f40@group-A4BD09EBD6A4-StateMachineUpdater] INFO  ratis.ContainerStateMachine (ContainerStateMachine.java:takeSnapshot(376)) - group-A4BD09EBD6A4: Taking a snapshot at:(t:1, i:0) file /home/runner/work/ozone/ozone/hadoop-ozone/integration-test/target/test-dir/MiniOzoneClusterImpl-8cdb299b-b154-4fd3-af09-aa8d0bad65b8/ozone-meta/datanode-3/ratis/597bc4f1-5f8c-4c7d-80e7-a4bd09ebd6a4/sm/snapshot.1_0
2025-02-16 13:03:25,359 [b381b084-c55c-4dbb-889c-469a9420fe3b-impl-thread2] INFO  server.RaftServer$Division (RaftServerImpl.java:lambda$close$1(513)) - b381b084-c55c-4dbb-889c-469a9420fe3b@group-E6A5FEE08FEB: shutdown
2025-02-16 13:03:25,357 [b381b084-c55c-4dbb-889c-469a9420fe3b-impl-thread1] INFO  server.RaftServer$Division (RaftServerImpl.java:lambda$close$1(513)) - b381b084-c55c-4dbb-889c-469a9420fe3b@group-89740A92551E: shutdown
2025-02-16 13:03:25,359 [b381b084-c55c-4dbb-889c-469a9420fe3b-impl-thread1] INFO  util.JmxRegister (JmxRegister.java:unregister(74)) - Successfully un-registered JMX Bean with object name Ratis:service=RaftServer,group=group-89740A92551E,id=b381b084-c55c-4dbb-889c-469a9420fe3b
2025-02-16 13:03:25,359 [b381b084-c55c-4dbb-889c-469a9420fe3b-impl-thread1] INFO  impl.RoleInfo (RoleInfo.java:shutdownLeaderState(103)) - b381b084-c55c-4dbb-889c-469a9420fe3b: shutdown b381b084-c55c-4dbb-889c-469a9420fe3b@group-89740A92551E-LeaderStateImpl
2025-02-16 13:03:25,359 [b381b084-c55c-4dbb-889c-469a9420fe3b-impl-thread1] INFO  impl.PendingRequests (PendingRequests.java:sendNotLeaderResponses(287)) - b381b084-c55c-4dbb-889c-469a9420fe3b@group-89740A92551E-PendingRequests: sendNotLeaderResponses
2025-02-16 13:03:25,359 [ForkJoinPool.commonPool-worker-1] INFO  server.GrpcService (GrpcService.java:closeImpl(343)) - b381b084-c55c-4dbb-889c-469a9420fe3b: shutdown server org.apache.ratis.grpc.server.GrpcClientProtocolService now
2025-02-16 13:03:25,360 [grpc-default-executor-3] INFO  server.GrpcServerProtocolService (GrpcServerProtocolService.java:onCompleted(157)) - b381b084-c55c-4dbb-889c-469a9420fe3b: Completed APPEND_ENTRIES, lastRequest: 9e04f330-63f7-447c-8500-8939715d6f40->b381b084-c55c-4dbb-889c-469a9420fe3b#1-t1,previous=(t:0, i:0),leaderCommit=-1,initializing? false,entries: size=1, first=(t:1, i:0), CONFIGURATIONENTRY(current:id:"49e1ea80-2a9c-4fc6-9dfd-fcdc1670084a"address:"127.0.0.1:15147"dataStreamAddress:"127.0.0.1:15148"clientAddress:"127.0.0.1:15145"adminAddress:"127.0.0.1:15146"startupRole:FOLLOWER, id:"9e04f330-63f7-447c-8500-8939715d6f40"address:"127.0.0.1:15156"priority:1dataStreamAddress:"127.0.0.1:15157"clientAddress:"127.0.0.1:15154"adminAddress:"127.0.0.1:15155"startupRole:FOLLOWER, id:"b381b084-c55c-4dbb-889c-469a9420fe3b"address:"127.0.0.1:15138"dataStreamAddress:"127.0.0.1:15139"clientAddress:"127.0.0.1:15136"adminAddress:"127.0.0.1:15137"startupRole:FOLLOWER, old:)
2025-02-16 13:03:25,360 [grpc-default-executor-3] INFO  server.GrpcServerProtocolService (GrpcServerProtocolService.java:lambda$onCompleted$5(159)) - b381b084-c55c-4dbb-889c-469a9420fe3b: Completed APPEND_ENTRIES, lastReply: null
2025-02-16 13:03:25,357 [ForkJoinPool.commonPool-worker-3] INFO  server.GrpcService (GrpcService.java:closeImpl(343)) - 9e04f330-63f7-447c-8500-8939715d6f40: shutdown server org.apache.ratis.grpc.server.GrpcClientProtocolService now
2025-02-16 13:03:25,360 [Thread-3184] INFO  server.GrpcServerProtocolClient (GrpcServerProtocolClient.java:close(105)) - 9e04f330-63f7-447c-8500-8939715d6f40 Close channels
2025-02-16 13:03:25,357 [9e04f330-63f7-447c-8500-8939715d6f40-impl-thread3] INFO  server.RaftServer$Division (RaftServerImpl.java:lambda$close$1(513)) - 9e04f330-63f7-447c-8500-8939715d6f40@group-45685D50A505: shutdown
2025-02-16 13:03:25,361 [9e04f330-63f7-447c-8500-8939715d6f40-impl-thread3] INFO  util.JmxRegister (JmxRegister.java:unregister(74)) - Successfully un-registered JMX Bean with object name Ratis:service=RaftServer,group=group-45685D50A505,id=9e04f330-63f7-447c-8500-8939715d6f40
2025-02-16 13:03:25,361 [9e04f330-63f7-447c-8500-8939715d6f40-impl-thread3] INFO  impl.RoleInfo (RoleInfo.java:shutdownLeaderState(103)) - 9e04f330-63f7-447c-8500-8939715d6f40: shutdown 9e04f330-63f7-447c-8500-8939715d6f40@group-45685D50A505-LeaderStateImpl
2025-02-16 13:03:25,361 [9e04f330-63f7-447c-8500-8939715d6f40-impl-thread3] INFO  impl.PendingRequests (PendingRequests.java:sendNotLeaderResponses(287)) - 9e04f330-63f7-447c-8500-8939715d6f40@group-45685D50A505-PendingRequests: sendNotLeaderResponses
2025-02-16 13:03:25,360 [Thread-3183] INFO  server.GrpcServerProtocolClient (GrpcServerProtocolClient.java:close(105)) - 49e1ea80-2a9c-4fc6-9dfd-fcdc1670084a Close channels
2025-02-16 13:03:25,362 [Thread-3186] INFO  server.GrpcServerProtocolClient (GrpcServerProtocolClient.java:close(105)) - 49e1ea80-2a9c-4fc6-9dfd-fcdc1670084a Close channels
2025-02-16 13:03:25,360 [9e04f330-63f7-447c-8500-8939715d6f40@group-A4BD09EBD6A4-StateMachineUpdater] INFO  ratis.ContainerStateMachine (ContainerStateMachine.java:takeSnapshot(387)) - group-A4BD09EBD6A4: Finished taking a snapshot at:(t:1, i:0) file:/home/runner/work/ozone/ozone/hadoop-ozone/integration-test/target/test-dir/MiniOzoneClusterImpl-8cdb299b-b154-4fd3-af09-aa8d0bad65b8/ozone-meta/datanode-3/ratis/597bc4f1-5f8c-4c7d-80e7-a4bd09ebd6a4/sm/snapshot.1_0 took: 1 ms
2025-02-16 13:03:25,362 [9e04f330-63f7-447c-8500-8939715d6f40@group-A4BD09EBD6A4-StateMachineUpdater] INFO  impl.StateMachineUpdater (StateMachineUpdater.java:takeSnapshot(303)) - 9e04f330-63f7-447c-8500-8939715d6f40@group-A4BD09EBD6A4-StateMachineUpdater: Took a snapshot at index 0
2025-02-16 13:03:25,360 [b381b084-c55c-4dbb-889c-469a9420fe3b@group-89740A92551E-StateMachineUpdater] INFO  ratis.ContainerStateMachine (ContainerStateMachine.java:takeSnapshot(376)) - group-89740A92551E: Taking a snapshot at:(t:1, i:3) file /home/runner/work/ozone/ozone/hadoop-ozone/integration-test/target/test-dir/MiniOzoneClusterImpl-8cdb299b-b154-4fd3-af09-aa8d0bad65b8/ozone-meta/datanode-1/ratis/01db27b0-2f33-445b-b108-89740a92551e/sm/snapshot.1_3
2025-02-16 13:03:25,360 [grpc-default-executor-4] INFO  server.GrpcServerProtocolService (GrpcServerProtocolService.java:onCompleted(157)) - b381b084-c55c-4dbb-889c-469a9420fe3b: Completed APPEND_ENTRIES, lastRequest: null
2025-02-16 13:03:25,360 [b381b084-c55c-4dbb-889c-469a9420fe3b-impl-thread1] INFO  impl.StateMachineUpdater (StateMachineUpdater.java:stopAndJoin(164)) - b381b084-c55c-4dbb-889c-469a9420fe3b@group-89740A92551E-StateMachineUpdater: set stopIndex = 3
2025-02-16 13:03:25,359 [b381b084-c55c-4dbb-889c-469a9420fe3b-impl-thread3] INFO  server.RaftServer$Division (RaftServerImpl.java:lambda$close$1(513)) - b381b084-c55c-4dbb-889c-469a9420fe3b@group-A4BD09EBD6A4: shutdown
2025-02-16 13:03:25,359 [grpc-default-executor-0] INFO  server.GrpcServerProtocolService (GrpcServerProtocolService.java:onCompleted(157)) - 49e1ea80-2a9c-4fc6-9dfd-fcdc1670084a: Completed APPEND_ENTRIES, lastRequest: null
2025-02-16 13:03:25,363 [grpc-default-executor-0] INFO  server.GrpcServerProtocolService (GrpcServerProtocolService.java:lambda$onCompleted$5(159)) - 49e1ea80-2a9c-4fc6-9dfd-fcdc1670084a: Completed APPEND_ENTRIES, lastReply: serverReply {
  requestorId: "9e04f330-63f7-447c-8500-8939715d6f40"
  replyId: "49e1ea80-2a9c-4fc6-9dfd-fcdc1670084a"
  raftGroupId {
    id: "\365*M/`\365HD\274<\346\245\376\340\217\353"
  }
  callId: 3
  success: true
}
term: 1
nextIndex: 1
matchIndex: 18446744073709551615
isHearbeat: true

2025-02-16 13:03:25,359 [b381b084-c55c-4dbb-889c-469a9420fe3b-impl-thread2] INFO  util.JmxRegister (JmxRegister.java:unregister(74)) - Successfully un-registered JMX Bean with object name Ratis:service=RaftServer,group=group-E6A5FEE08FEB,id=b381b084-c55c-4dbb-889c-469a9420fe3b
2025-02-16 13:03:25,364 [b381b084-c55c-4dbb-889c-469a9420fe3b-impl-thread2] INFO  impl.RoleInfo (RoleInfo.java:shutdownFollowerState(121)) - b381b084-c55c-4dbb-889c-469a9420fe3b: shutdown b381b084-c55c-4dbb-889c-469a9420fe3b@group-E6A5FEE08FEB-FollowerState
2025-02-16 13:03:25,359 [9e04f330-63f7-447c-8500-8939715d6f40@group-E6A5FEE08FEB-StateMachineUpdater] INFO  ratis.ContainerStateMachine (ContainerStateMachine.java:takeSnapshot(376)) - group-E6A5FEE08FEB: Taking a snapshot at:(t:1, i:0) file /home/runner/work/ozone/ozone/hadoop-ozone/integration-test/target/test-dir/MiniOzoneClusterImpl-8cdb299b-b154-4fd3-af09-aa8d0bad65b8/ozone-meta/datanode-3/ratis/f52a4d2f-60f5-4844-bc3c-e6a5fee08feb/sm/snapshot.1_0
2025-02-16 13:03:25,364 [b381b084-c55c-4dbb-889c-469a9420fe3b@group-E6A5FEE08FEB-StateMachineUpdater] INFO  ratis.ContainerStateMachine (ContainerStateMachine.java:takeSnapshot(376)) - group-E6A5FEE08FEB: Taking a snapshot at:(t:1, i:0) file /home/runner/work/ozone/ozone/hadoop-ozone/integration-test/target/test-dir/MiniOzoneClusterImpl-8cdb299b-b154-4fd3-af09-aa8d0bad65b8/ozone-meta/datanode-1/ratis/f52a4d2f-60f5-4844-bc3c-e6a5fee08feb/sm/snapshot.1_0
2025-02-16 13:03:25,359 [grpc-default-executor-5] INFO  server.GrpcServerProtocolService (GrpcServerProtocolService.java:lambda$onCompleted$5(159)) - 49e1ea80-2a9c-4fc6-9dfd-fcdc1670084a: Completed APPEND_ENTRIES, lastReply: null
2025-02-16 13:03:25,364 [grpc-default-executor-6] INFO  server.GrpcLogAppender (GrpcLogAppender.java:onCompleted(550)) - 9e04f330-63f7-447c-8500-8939715d6f40@group-E6A5FEE08FEB->49e1ea80-2a9c-4fc6-9dfd-fcdc1670084a-AppendLogResponseHandler: follower responses appendEntries COMPLETED
2025-02-16 13:03:25,364 [grpc-default-executor-6] WARN  server.GrpcLogAppender (GrpcLogAppender.java:resetClient(230)) - 9e04f330-63f7-447c-8500-8939715d6f40@group-E6A5FEE08FEB->49e1ea80-2a9c-4fc6-9dfd-fcdc1670084a-GrpcLogAppender: Failed to getClient for 49e1ea80-2a9c-4fc6-9dfd-fcdc1670084a
org.apache.ratis.protocol.exceptions.AlreadyClosedException: 9e04f330-63f7-447c-8500-8939715d6f40 is already CLOSED
	at org.apache.ratis.util.PeerProxyMap$PeerAndProxy.getProxy(PeerProxyMap.java:67)
	at org.apache.ratis.util.PeerProxyMap.getProxy(PeerProxyMap.java:124)
	at org.apache.ratis.grpc.server.GrpcLogAppender.getClient(GrpcLogAppender.java:200)
	at org.apache.ratis.grpc.server.GrpcLogAppender.resetClient(GrpcLogAppender.java:205)
	at org.apache.ratis.grpc.server.GrpcLogAppender.access$800(GrpcLogAppender.java:64)
	at org.apache.ratis.grpc.server.GrpcLogAppender$AppendLogResponseHandler.onCompleted(GrpcLogAppender.java:551)
	at org.apache.ratis.thirdparty.io.grpc.stub.ClientCalls$StreamObserverToCallListenerAdapter.onClose(ClientCalls.java:479)
	at org.apache.ratis.thirdparty.io.grpc.internal.DelayedClientCall$DelayedListener$3.run(DelayedClientCall.java:489)
	at org.apache.ratis.thirdparty.io.grpc.internal.DelayedClientCall$DelayedListener.delayOrExecute(DelayedClientCall.java:453)
	at org.apache.ratis.thirdparty.io.grpc.internal.DelayedClientCall$DelayedListener.onClose(DelayedClientCall.java:486)
	at org.apache.ratis.thirdparty.io.grpc.internal.ClientCallImpl.closeObserver(ClientCallImpl.java:567)
	at org.apache.ratis.thirdparty.io.grpc.internal.ClientCallImpl.access$300(ClientCallImpl.java:71)
	at org.apache.ratis.thirdparty.io.grpc.internal.ClientCallImpl$ClientStreamListenerImpl$1StreamClosed.runInternal(ClientCallImpl.java:735)
	at org.apache.ratis.thirdparty.io.grpc.internal.ClientCallImpl$ClientStreamListenerImpl$1StreamClosed.runInContext(ClientCallImpl.java:716)
	at org.apache.ratis.thirdparty.io.grpc.internal.ContextRunnable.run(ContextRunnable.java:37)
	at org.apache.ratis.thirdparty.io.grpc.internal.SerializingExecutor.run(SerializingExecutor.java:133)
	at java.base/java.util.concurrent.ThreadPoolExecutor.runWorker(ThreadPoolExecutor.java:1144)
	at java.base/java.util.concurrent.ThreadPoolExecutor$Worker.run(ThreadPoolExecutor.java:642)
	at java.base/java.lang.Thread.run(Thread.java:1583)
2025-02-16 13:03:25,359 [9e04f330-63f7-447c-8500-8939715d6f40-impl-thread1] INFO  impl.StateMachineUpdater (StateMachineUpdater.java:stopAndJoin(164)) - 9e04f330-63f7-447c-8500-8939715d6f40@group-E6A5FEE08FEB-StateMachineUpdater: set stopIndex = 0
2025-02-16 13:03:25,358 [9e04f330-63f7-447c-8500-8939715d6f40@group-A4BD09EBD6A4-FollowerState] INFO  impl.FollowerState (FollowerState.java:runImpl(170)) - 9e04f330-63f7-447c-8500-8939715d6f40@group-A4BD09EBD6A4-FollowerState was interrupted
2025-02-16 13:03:25,364 [b381b084-c55c-4dbb-889c-469a9420fe3b@group-E6A5FEE08FEB-FollowerState] INFO  impl.FollowerState (FollowerState.java:runImpl(170)) - b381b084-c55c-4dbb-889c-469a9420fe3b@group-E6A5FEE08FEB-FollowerState was interrupted
2025-02-16 13:03:25,364 [grpc-default-executor-1] INFO  server.GrpcLogAppender (GrpcLogAppender.java:onCompleted(550)) - 9e04f330-63f7-447c-8500-8939715d6f40@group-E6A5FEE08FEB->49e1ea80-2a9c-4fc6-9dfd-fcdc1670084a-AppendLogResponseHandler: follower responses appendEntries COMPLETED
2025-02-16 13:03:25,365 [grpc-default-executor-1] WARN  server.GrpcLogAppender (GrpcLogAppender.java:resetClient(230)) - 9e04f330-63f7-447c-8500-8939715d6f40@group-E6A5FEE08FEB->49e1ea80-2a9c-4fc6-9dfd-fcdc1670084a-GrpcLogAppender: Failed to getClient for 49e1ea80-2a9c-4fc6-9dfd-fcdc1670084a
org.apache.ratis.protocol.exceptions.AlreadyClosedException: 9e04f330-63f7-447c-8500-8939715d6f40 is already CLOSED
	at org.apache.ratis.util.PeerProxyMap$PeerAndProxy.getProxy(PeerProxyMap.java:67)
	at org.apache.ratis.util.PeerProxyMap.getProxy(PeerProxyMap.java:124)
	at org.apache.ratis.grpc.server.GrpcLogAppender.getClient(GrpcLogAppender.java:200)
	at org.apache.ratis.grpc.server.GrpcLogAppender.resetClient(GrpcLogAppender.java:205)
	at org.apache.ratis.grpc.server.GrpcLogAppender.access$800(GrpcLogAppender.java:64)
	at org.apache.ratis.grpc.server.GrpcLogAppender$AppendLogResponseHandler.onCompleted(GrpcLogAppender.java:551)
	at org.apache.ratis.thirdparty.io.grpc.stub.ClientCalls$StreamObserverToCallListenerAdapter.onClose(ClientCalls.java:479)
	at org.apache.ratis.thirdparty.io.grpc.internal.ClientCallImpl.closeObserver(ClientCallImpl.java:567)
	at org.apache.ratis.thirdparty.io.grpc.internal.ClientCallImpl.access$300(ClientCallImpl.java:71)
	at org.apache.ratis.thirdparty.io.grpc.internal.ClientCallImpl$ClientStreamListenerImpl$1StreamClosed.runInternal(ClientCallImpl.java:735)
	at org.apache.ratis.thirdparty.io.grpc.internal.ClientCallImpl$ClientStreamListenerImpl$1StreamClosed.runInContext(ClientCallImpl.java:716)
	at org.apache.ratis.thirdparty.io.grpc.internal.ContextRunnable.run(ContextRunnable.java:37)
	at org.apache.ratis.thirdparty.io.grpc.internal.SerializingExecutor.run(SerializingExecutor.java:133)
	at java.base/java.util.concurrent.ThreadPoolExecutor.runWorker(ThreadPoolExecutor.java:1144)
	at java.base/java.util.concurrent.ThreadPoolExecutor$Worker.run(ThreadPoolExecutor.java:642)
	at java.base/java.lang.Thread.run(Thread.java:1583)
2025-02-16 13:03:25,364 [b381b084-c55c-4dbb-889c-469a9420fe3b-impl-thread2] INFO  impl.StateMachineUpdater (StateMachineUpdater.java:stopAndJoin(164)) - b381b084-c55c-4dbb-889c-469a9420fe3b@group-E6A5FEE08FEB-StateMachineUpdater: set stopIndex = 0
2025-02-16 13:03:25,363 [b381b084-c55c-4dbb-889c-469a9420fe3b-impl-thread3] INFO  util.JmxRegister (JmxRegister.java:unregister(74)) - Successfully un-registered JMX Bean with object name Ratis:service=RaftServer,group=group-A4BD09EBD6A4,id=b381b084-c55c-4dbb-889c-469a9420fe3b
2025-02-16 13:03:25,365 [b381b084-c55c-4dbb-889c-469a9420fe3b-impl-thread3] INFO  impl.RoleInfo (RoleInfo.java:shutdownFollowerState(121)) - b381b084-c55c-4dbb-889c-469a9420fe3b: shutdown b381b084-c55c-4dbb-889c-469a9420fe3b@group-A4BD09EBD6A4-FollowerState
2025-02-16 13:03:25,366 [b381b084-c55c-4dbb-889c-469a9420fe3b-impl-thread3] INFO  impl.StateMachineUpdater (StateMachineUpdater.java:stopAndJoin(164)) - b381b084-c55c-4dbb-889c-469a9420fe3b@group-A4BD09EBD6A4-StateMachineUpdater: set stopIndex = 0
2025-02-16 13:03:25,363 [9e04f330-63f7-447c-8500-8939715d6f40@group-45685D50A505-StateMachineUpdater] INFO  ratis.ContainerStateMachine (ContainerStateMachine.java:takeSnapshot(376)) - group-45685D50A505: Taking a snapshot at:(t:1, i:0) file /home/runner/work/ozone/ozone/hadoop-ozone/integration-test/target/test-dir/MiniOzoneClusterImpl-8cdb299b-b154-4fd3-af09-aa8d0bad65b8/ozone-meta/datanode-3/ratis/25da51ee-eac8-4c3b-b755-45685d50a505/sm/snapshot.1_0
2025-02-16 13:03:25,363 [grpc-default-executor-4] INFO  server.GrpcServerProtocolService (GrpcServerProtocolService.java:lambda$onCompleted$5(159)) - b381b084-c55c-4dbb-889c-469a9420fe3b: Completed APPEND_ENTRIES, lastReply: serverReply {
  requestorId: "9e04f330-63f7-447c-8500-8939715d6f40"
  replyId: "b381b084-c55c-4dbb-889c-469a9420fe3b"
  raftGroupId {
    id: "\365*M/`\365HD\274<\346\245\376\340\217\353"
  }
  callId: 5
  success: true
}
term: 1
nextIndex: 1
matchIndex: 18446744073709551615
isHearbeat: true

2025-02-16 13:03:25,366 [b381b084-c55c-4dbb-889c-469a9420fe3b@group-A4BD09EBD6A4-StateMachineUpdater] INFO  ratis.ContainerStateMachine (ContainerStateMachine.java:takeSnapshot(376)) - group-A4BD09EBD6A4: Taking a snapshot at:(t:1, i:0) file /home/runner/work/ozone/ozone/hadoop-ozone/integration-test/target/test-dir/MiniOzoneClusterImpl-8cdb299b-b154-4fd3-af09-aa8d0bad65b8/ozone-meta/datanode-1/ratis/597bc4f1-5f8c-4c7d-80e7-a4bd09ebd6a4/sm/snapshot.1_0
2025-02-16 13:03:25,366 [grpc-default-executor-4] INFO  server.GrpcLogAppender (GrpcLogAppender.java:onCompleted(550)) - 9e04f330-63f7-447c-8500-8939715d6f40@group-E6A5FEE08FEB->b381b084-c55c-4dbb-889c-469a9420fe3b-AppendLogResponseHandler: follower responses appendEntries COMPLETED
2025-02-16 13:03:25,366 [grpc-default-executor-4] WARN  server.GrpcLogAppender (GrpcLogAppender.java:resetClient(230)) - 9e04f330-63f7-447c-8500-8939715d6f40@group-E6A5FEE08FEB->b381b084-c55c-4dbb-889c-469a9420fe3b-GrpcLogAppender: Failed to getClient for b381b084-c55c-4dbb-889c-469a9420fe3b
org.apache.ratis.protocol.exceptions.AlreadyClosedException: 9e04f330-63f7-447c-8500-8939715d6f40 is already CLOSED
	at org.apache.ratis.util.PeerProxyMap$PeerAndProxy.getProxy(PeerProxyMap.java:67)
	at org.apache.ratis.util.PeerProxyMap.getProxy(PeerProxyMap.java:124)
	at org.apache.ratis.grpc.server.GrpcLogAppender.getClient(GrpcLogAppender.java:200)
	at org.apache.ratis.grpc.server.GrpcLogAppender.resetClient(GrpcLogAppender.java:205)
	at org.apache.ratis.grpc.server.GrpcLogAppender.access$800(GrpcLogAppender.java:64)
	at org.apache.ratis.grpc.server.GrpcLogAppender$AppendLogResponseHandler.onCompleted(GrpcLogAppender.java:551)
	at org.apache.ratis.thirdparty.io.grpc.stub.ClientCalls$StreamObserverToCallListenerAdapter.onClose(ClientCalls.java:479)
	at org.apache.ratis.thirdparty.io.grpc.internal.DelayedClientCall$DelayedListener$3.run(DelayedClientCall.java:489)
	at org.apache.ratis.thirdparty.io.grpc.internal.DelayedClientCall$DelayedListener.delayOrExecute(DelayedClientCall.java:453)
	at org.apache.ratis.thirdparty.io.grpc.internal.DelayedClientCall$DelayedListener.onClose(DelayedClientCall.java:486)
	at org.apache.ratis.thirdparty.io.grpc.internal.ClientCallImpl.closeObserver(ClientCallImpl.java:567)
	at org.apache.ratis.thirdparty.io.grpc.internal.ClientCallImpl.access$300(ClientCallImpl.java:71)
	at org.apache.ratis.thirdparty.io.grpc.internal.ClientCallImpl$ClientStreamListenerImpl$1StreamClosed.runInternal(ClientCallImpl.java:735)
	at org.apache.ratis.thirdparty.io.grpc.internal.ClientCallImpl$ClientStreamListenerImpl$1StreamClosed.runInContext(ClientCallImpl.java:716)
	at org.apache.ratis.thirdparty.io.grpc.internal.ContextRunnable.run(ContextRunnable.java:37)
	at org.apache.ratis.thirdparty.io.grpc.internal.SerializingExecutor.run(SerializingExecutor.java:133)
	at java.base/java.util.concurrent.ThreadPoolExecutor.runWorker(ThreadPoolExecutor.java:1144)
	at java.base/java.util.concurrent.ThreadPoolExecutor$Worker.run(ThreadPoolExecutor.java:642)
	at java.base/java.lang.Thread.run(Thread.java:1583)
2025-02-16 13:03:25,363 [9e04f330-63f7-447c-8500-8939715d6f40-impl-thread3] INFO  impl.StateMachineUpdater (StateMachineUpdater.java:stopAndJoin(164)) - 9e04f330-63f7-447c-8500-8939715d6f40@group-45685D50A505-StateMachineUpdater: set stopIndex = 0
2025-02-16 13:03:25,363 [9e04f330-63f7-447c-8500-8939715d6f40@group-A4BD09EBD6A4-StateMachineUpdater] INFO  impl.StateMachineUpdater (StateMachineUpdater.java:lambda$new$0(102)) - 9e04f330-63f7-447c-8500-8939715d6f40@group-A4BD09EBD6A4-StateMachineUpdater: snapshotIndex: updateIncreasingly -1 -> 0
2025-02-16 13:03:25,363 [Thread-3188] INFO  server.GrpcServerProtocolClient (GrpcServerProtocolClient.java:close(105)) - b381b084-c55c-4dbb-889c-469a9420fe3b Close channels
2025-02-16 13:03:25,363 [ForkJoinPool.commonPool-worker-1] INFO  server.GrpcService (GrpcService.java:closeImpl(352)) - b381b084-c55c-4dbb-889c-469a9420fe3b: shutdown server org.apache.ratis.grpc.server.GrpcClientProtocolService successfully
2025-02-16 13:03:25,361 [grpc-default-executor-3] INFO  server.GrpcLogAppender (GrpcLogAppender.java:onCompleted(550)) - 9e04f330-63f7-447c-8500-8939715d6f40@group-E6A5FEE08FEB->b381b084-c55c-4dbb-889c-469a9420fe3b-AppendLogResponseHandler: follower responses appendEntries COMPLETED
2025-02-16 13:03:25,367 [grpc-default-executor-3] WARN  server.GrpcLogAppender (GrpcLogAppender.java:resetClient(230)) - 9e04f330-63f7-447c-8500-8939715d6f40@group-E6A5FEE08FEB->b381b084-c55c-4dbb-889c-469a9420fe3b-GrpcLogAppender: Failed to getClient for b381b084-c55c-4dbb-889c-469a9420fe3b
org.apache.ratis.protocol.exceptions.AlreadyClosedException: 9e04f330-63f7-447c-8500-8939715d6f40 is already CLOSED
	at org.apache.ratis.util.PeerProxyMap$PeerAndProxy.getProxy(PeerProxyMap.java:67)
	at org.apache.ratis.util.PeerProxyMap.getProxy(PeerProxyMap.java:124)
	at org.apache.ratis.grpc.server.GrpcLogAppender.getClient(GrpcLogAppender.java:200)
	at org.apache.ratis.grpc.server.GrpcLogAppender.resetClient(GrpcLogAppender.java:205)
	at org.apache.ratis.grpc.server.GrpcLogAppender.access$800(GrpcLogAppender.java:64)
	at org.apache.ratis.grpc.server.GrpcLogAppender$AppendLogResponseHandler.onCompleted(GrpcLogAppender.java:551)
	at org.apache.ratis.thirdparty.io.grpc.stub.ClientCalls$StreamObserverToCallListenerAdapter.onClose(ClientCalls.java:479)
	at org.apache.ratis.thirdparty.io.grpc.internal.ClientCallImpl.closeObserver(ClientCallImpl.java:567)
	at org.apache.ratis.thirdparty.io.grpc.internal.ClientCallImpl.access$300(ClientCallImpl.java:71)
	at org.apache.ratis.thirdparty.io.grpc.internal.ClientCallImpl$ClientStreamListenerImpl$1StreamClosed.runInternal(ClientCallImpl.java:735)
	at org.apache.ratis.thirdparty.io.grpc.internal.ClientCallImpl$ClientStreamListenerImpl$1StreamClosed.runInContext(ClientCallImpl.java:716)
	at org.apache.ratis.thirdparty.io.grpc.internal.ContextRunnable.run(ContextRunnable.java:37)
	at org.apache.ratis.thirdparty.io.grpc.internal.SerializingExecutor.run(SerializingExecutor.java:133)
	at java.base/java.util.concurrent.ThreadPoolExecutor.runWorker(ThreadPoolExecutor.java:1144)
	at java.base/java.util.concurrent.ThreadPoolExecutor$Worker.run(ThreadPoolExecutor.java:642)
	at java.base/java.lang.Thread.run(Thread.java:1583)
2025-02-16 13:03:25,367 [ForkJoinPool.commonPool-worker-1] INFO  server.GrpcService (GrpcService.java:closeImpl(343)) - b381b084-c55c-4dbb-889c-469a9420fe3b: shutdown server GrpcServerProtocolService now
2025-02-16 13:03:25,367 [9e04f330-63f7-447c-8500-8939715d6f40@group-A4BD09EBD6A4-StateMachineUpdater] INFO  impl.StateMachineUpdater (StateMachineUpdater.java:stop(141)) - 9e04f330-63f7-447c-8500-8939715d6f40@group-A4BD09EBD6A4-StateMachineUpdater: closing ContainerStateMachine, lastApplied=(t:1, i:0)
2025-02-16 13:03:25,368 [9e04f330-63f7-447c-8500-8939715d6f40@group-45685D50A505-StateMachineUpdater] INFO  ratis.ContainerStateMachine (ContainerStateMachine.java:takeSnapshot(387)) - group-45685D50A505: Finished taking a snapshot at:(t:1, i:0) file:/home/runner/work/ozone/ozone/hadoop-ozone/integration-test/target/test-dir/MiniOzoneClusterImpl-8cdb299b-b154-4fd3-af09-aa8d0bad65b8/ozone-meta/datanode-3/ratis/25da51ee-eac8-4c3b-b755-45685d50a505/sm/snapshot.1_0 took: 5 ms
2025-02-16 13:03:25,368 [9e04f330-63f7-447c-8500-8939715d6f40@group-45685D50A505-StateMachineUpdater] INFO  impl.StateMachineUpdater (StateMachineUpdater.java:takeSnapshot(303)) - 9e04f330-63f7-447c-8500-8939715d6f40@group-45685D50A505-StateMachineUpdater: Took a snapshot at index 0
2025-02-16 13:03:25,368 [9e04f330-63f7-447c-8500-8939715d6f40@group-45685D50A505-StateMachineUpdater] INFO  impl.StateMachineUpdater (StateMachineUpdater.java:lambda$new$0(102)) - 9e04f330-63f7-447c-8500-8939715d6f40@group-45685D50A505-StateMachineUpdater: snapshotIndex: updateIncreasingly -1 -> 0
2025-02-16 13:03:25,368 [9e04f330-63f7-447c-8500-8939715d6f40@group-45685D50A505-StateMachineUpdater] INFO  impl.StateMachineUpdater (StateMachineUpdater.java:stop(141)) - 9e04f330-63f7-447c-8500-8939715d6f40@group-45685D50A505-StateMachineUpdater: closing ContainerStateMachine, lastApplied=(t:1, i:0)
2025-02-16 13:03:25,368 [b381b084-c55c-4dbb-889c-469a9420fe3b@group-A4BD09EBD6A4-StateMachineUpdater] INFO  ratis.ContainerStateMachine (ContainerStateMachine.java:takeSnapshot(387)) - group-A4BD09EBD6A4: Finished taking a snapshot at:(t:1, i:0) file:/home/runner/work/ozone/ozone/hadoop-ozone/integration-test/target/test-dir/MiniOzoneClusterImpl-8cdb299b-b154-4fd3-af09-aa8d0bad65b8/ozone-meta/datanode-1/ratis/597bc4f1-5f8c-4c7d-80e7-a4bd09ebd6a4/sm/snapshot.1_0 took: 2 ms
2025-02-16 13:03:25,368 [b381b084-c55c-4dbb-889c-469a9420fe3b@group-A4BD09EBD6A4-StateMachineUpdater] INFO  impl.StateMachineUpdater (StateMachineUpdater.java:takeSnapshot(303)) - b381b084-c55c-4dbb-889c-469a9420fe3b@group-A4BD09EBD6A4-StateMachineUpdater: Took a snapshot at index 0
2025-02-16 13:03:25,368 [b381b084-c55c-4dbb-889c-469a9420fe3b@group-A4BD09EBD6A4-StateMachineUpdater] INFO  impl.StateMachineUpdater (StateMachineUpdater.java:lambda$new$0(102)) - b381b084-c55c-4dbb-889c-469a9420fe3b@group-A4BD09EBD6A4-StateMachineUpdater: snapshotIndex: updateIncreasingly -1 -> 0
2025-02-16 13:03:25,368 [b381b084-c55c-4dbb-889c-469a9420fe3b@group-A4BD09EBD6A4-StateMachineUpdater] INFO  impl.StateMachineUpdater (StateMachineUpdater.java:stop(141)) - b381b084-c55c-4dbb-889c-469a9420fe3b@group-A4BD09EBD6A4-StateMachineUpdater: closing ContainerStateMachine, lastApplied=(t:1, i:0)
2025-02-16 13:03:25,369 [grpc-default-executor-0] WARN  server.GrpcServerProtocolService (LogUtils.java:warn(121)) - b381b084-c55c-4dbb-889c-469a9420fe3b: APPEND_ENTRIES onError, lastRequest: null: org.apache.ratis.thirdparty.io.grpc.StatusRuntimeException: CANCELLED: client cancelled
2025-02-16 13:03:25,366 [b381b084-c55c-4dbb-889c-469a9420fe3b@group-E6A5FEE08FEB-StateMachineUpdater] INFO  ratis.ContainerStateMachine (ContainerStateMachine.java:takeSnapshot(387)) - group-E6A5FEE08FEB: Finished taking a snapshot at:(t:1, i:0) file:/home/runner/work/ozone/ozone/hadoop-ozone/integration-test/target/test-dir/MiniOzoneClusterImpl-8cdb299b-b154-4fd3-af09-aa8d0bad65b8/ozone-meta/datanode-1/ratis/f52a4d2f-60f5-4844-bc3c-e6a5fee08feb/sm/snapshot.1_0 took: 2 ms
2025-02-16 13:03:25,369 [b381b084-c55c-4dbb-889c-469a9420fe3b@group-E6A5FEE08FEB-StateMachineUpdater] INFO  impl.StateMachineUpdater (StateMachineUpdater.java:takeSnapshot(303)) - b381b084-c55c-4dbb-889c-469a9420fe3b@group-E6A5FEE08FEB-StateMachineUpdater: Took a snapshot at index 0
2025-02-16 13:03:25,369 [b381b084-c55c-4dbb-889c-469a9420fe3b@group-E6A5FEE08FEB-StateMachineUpdater] INFO  impl.StateMachineUpdater (StateMachineUpdater.java:lambda$new$0(102)) - b381b084-c55c-4dbb-889c-469a9420fe3b@group-E6A5FEE08FEB-StateMachineUpdater: snapshotIndex: updateIncreasingly -1 -> 0
2025-02-16 13:03:25,369 [b381b084-c55c-4dbb-889c-469a9420fe3b@group-E6A5FEE08FEB-StateMachineUpdater] INFO  impl.StateMachineUpdater (StateMachineUpdater.java:stop(141)) - b381b084-c55c-4dbb-889c-469a9420fe3b@group-E6A5FEE08FEB-StateMachineUpdater: closing ContainerStateMachine, lastApplied=(t:1, i:0)
2025-02-16 13:03:25,369 [b381b084-c55c-4dbb-889c-469a9420fe3b@group-E6A5FEE08FEB-cacheEviction-AwaitToRun] INFO  util.AwaitToRun (AwaitToRun.java:run(49)) - b381b084-c55c-4dbb-889c-469a9420fe3b@group-E6A5FEE08FEB-cacheEviction-AwaitToRun-AwaitForSignal is interrupted
2025-02-16 13:03:25,366 [b381b084-c55c-4dbb-889c-469a9420fe3b@group-A4BD09EBD6A4-FollowerState] INFO  impl.FollowerState (FollowerState.java:runImpl(170)) - b381b084-c55c-4dbb-889c-469a9420fe3b@group-A4BD09EBD6A4-FollowerState was interrupted
2025-02-16 13:03:25,366 [9e04f330-63f7-447c-8500-8939715d6f40@group-E6A5FEE08FEB-StateMachineUpdater] INFO  ratis.ContainerStateMachine (ContainerStateMachine.java:takeSnapshot(387)) - group-E6A5FEE08FEB: Finished taking a snapshot at:(t:1, i:0) file:/home/runner/work/ozone/ozone/hadoop-ozone/integration-test/target/test-dir/MiniOzoneClusterImpl-8cdb299b-b154-4fd3-af09-aa8d0bad65b8/ozone-meta/datanode-3/ratis/f52a4d2f-60f5-4844-bc3c-e6a5fee08feb/sm/snapshot.1_0 took: 7 ms
2025-02-16 13:03:25,370 [9e04f330-63f7-447c-8500-8939715d6f40@group-E6A5FEE08FEB-StateMachineUpdater] INFO  impl.StateMachineUpdater (StateMachineUpdater.java:takeSnapshot(303)) - 9e04f330-63f7-447c-8500-8939715d6f40@group-E6A5FEE08FEB-StateMachineUpdater: Took a snapshot at index 0
2025-02-16 13:03:25,370 [9e04f330-63f7-447c-8500-8939715d6f40@group-E6A5FEE08FEB-StateMachineUpdater] INFO  impl.StateMachineUpdater (StateMachineUpdater.java:lambda$new$0(102)) - 9e04f330-63f7-447c-8500-8939715d6f40@group-E6A5FEE08FEB-StateMachineUpdater: snapshotIndex: updateIncreasingly -1 -> 0
2025-02-16 13:03:25,370 [9e04f330-63f7-447c-8500-8939715d6f40@group-E6A5FEE08FEB-StateMachineUpdater] INFO  impl.StateMachineUpdater (StateMachineUpdater.java:stop(141)) - 9e04f330-63f7-447c-8500-8939715d6f40@group-E6A5FEE08FEB-StateMachineUpdater: closing ContainerStateMachine, lastApplied=(t:1, i:0)
2025-02-16 13:03:25,366 [b381b084-c55c-4dbb-889c-469a9420fe3b@group-89740A92551E-StateMachineUpdater] INFO  ratis.ContainerStateMachine (ContainerStateMachine.java:takeSnapshot(387)) - group-89740A92551E: Finished taking a snapshot at:(t:1, i:3) file:/home/runner/work/ozone/ozone/hadoop-ozone/integration-test/target/test-dir/MiniOzoneClusterImpl-8cdb299b-b154-4fd3-af09-aa8d0bad65b8/ozone-meta/datanode-1/ratis/01db27b0-2f33-445b-b108-89740a92551e/sm/snapshot.1_3 took: 6 ms
2025-02-16 13:03:25,370 [b381b084-c55c-4dbb-889c-469a9420fe3b@group-89740A92551E-StateMachineUpdater] INFO  impl.StateMachineUpdater (StateMachineUpdater.java:takeSnapshot(303)) - b381b084-c55c-4dbb-889c-469a9420fe3b@group-89740A92551E-StateMachineUpdater: Took a snapshot at index 3
2025-02-16 13:03:25,370 [b381b084-c55c-4dbb-889c-469a9420fe3b@group-89740A92551E-StateMachineUpdater] INFO  impl.StateMachineUpdater (StateMachineUpdater.java:lambda$new$0(102)) - b381b084-c55c-4dbb-889c-469a9420fe3b@group-89740A92551E-StateMachineUpdater: snapshotIndex: updateIncreasingly -1 -> 3
2025-02-16 13:03:25,370 [b381b084-c55c-4dbb-889c-469a9420fe3b@group-89740A92551E-StateMachineUpdater] INFO  impl.StateMachineUpdater (StateMachineUpdater.java:stop(141)) - b381b084-c55c-4dbb-889c-469a9420fe3b@group-89740A92551E-StateMachineUpdater: closing ContainerStateMachine, lastApplied=(t:1, i:3)
2025-02-16 13:03:25,369 [grpc-default-executor-1] WARN  server.GrpcLogAppender (LogUtils.java:warn(121)) - 49e1ea80-2a9c-4fc6-9dfd-fcdc1670084a@group-A4BD09EBD6A4->b381b084-c55c-4dbb-889c-469a9420fe3b-AppendLogResponseHandler: Failed appendEntries: org.apache.ratis.thirdparty.io.grpc.StatusRuntimeException: CANCELLED: RST_STREAM closed stream. HTTP/2 error code: CANCEL
2025-02-16 13:03:25,369 [9e04f330-63f7-447c-8500-8939715d6f40@group-45685D50A505-cacheEviction-AwaitToRun] INFO  util.AwaitToRun (AwaitToRun.java:run(49)) - 9e04f330-63f7-447c-8500-8939715d6f40@group-45685D50A505-cacheEviction-AwaitToRun-AwaitForSignal is interrupted
2025-02-16 13:03:25,371 [9e04f330-63f7-447c-8500-8939715d6f40@group-E6A5FEE08FEB-cacheEviction-AwaitToRun] INFO  util.AwaitToRun (AwaitToRun.java:run(49)) - 9e04f330-63f7-447c-8500-8939715d6f40@group-E6A5FEE08FEB-cacheEviction-AwaitToRun-AwaitForSignal is interrupted
2025-02-16 13:03:25,371 [grpc-default-executor-1] WARN  server.GrpcLogAppender (GrpcLogAppender.java:lambda$resetClient$1(221)) - 49e1ea80-2a9c-4fc6-9dfd-fcdc1670084a@group-A4BD09EBD6A4->b381b084-c55c-4dbb-889c-469a9420fe3b-GrpcLogAppender: Follower failed (request=null, errorCount=1); keep nextIndex (1) unchanged and retry.
2025-02-16 13:03:25,369 [ForkJoinPool.commonPool-worker-1] INFO  server.GrpcService (GrpcService.java:closeImpl(352)) - b381b084-c55c-4dbb-889c-469a9420fe3b: shutdown server GrpcServerProtocolService successfully
2025-02-16 13:03:25,369 [b381b084-c55c-4dbb-889c-469a9420fe3b@group-A4BD09EBD6A4-cacheEviction-AwaitToRun] INFO  util.AwaitToRun (AwaitToRun.java:run(49)) - b381b084-c55c-4dbb-889c-469a9420fe3b@group-A4BD09EBD6A4-cacheEviction-AwaitToRun-AwaitForSignal is interrupted
2025-02-16 13:03:25,369 [ForkJoinPool.commonPool-worker-3] INFO  server.GrpcService (GrpcService.java:closeImpl(352)) - 9e04f330-63f7-447c-8500-8939715d6f40: shutdown server org.apache.ratis.grpc.server.GrpcClientProtocolService successfully
2025-02-16 13:03:25,373 [ForkJoinPool.commonPool-worker-3] INFO  server.GrpcService (GrpcService.java:closeImpl(343)) - 9e04f330-63f7-447c-8500-8939715d6f40: shutdown server GrpcServerProtocolService now
2025-02-16 13:03:25,369 [9e04f330-63f7-447c-8500-8939715d6f40@group-A4BD09EBD6A4-cacheEviction-AwaitToRun] INFO  util.AwaitToRun (AwaitToRun.java:run(49)) - 9e04f330-63f7-447c-8500-8939715d6f40@group-A4BD09EBD6A4-cacheEviction-AwaitToRun-AwaitForSignal is interrupted
2025-02-16 13:03:25,373 [b381b084-c55c-4dbb-889c-469a9420fe3b@group-89740A92551E-cacheEviction-AwaitToRun] INFO  util.AwaitToRun (AwaitToRun.java:run(49)) - b381b084-c55c-4dbb-889c-469a9420fe3b@group-89740A92551E-cacheEviction-AwaitToRun-AwaitForSignal is interrupted
2025-02-16 13:03:25,373 [ForkJoinPool.commonPool-worker-1] INFO  server.GrpcService (GrpcService.java:closeImpl(343)) - b381b084-c55c-4dbb-889c-469a9420fe3b: shutdown server org.apache.ratis.grpc.server.GrpcAdminProtocolService now
2025-02-16 13:03:25,373 [ForkJoinPool.commonPool-worker-1] INFO  server.GrpcService (GrpcService.java:closeImpl(352)) - b381b084-c55c-4dbb-889c-469a9420fe3b: shutdown server org.apache.ratis.grpc.server.GrpcAdminProtocolService successfully
2025-02-16 13:03:25,371 [grpc-default-executor-4] WARN  server.GrpcServerProtocolService (LogUtils.java:warn(121)) - b381b084-c55c-4dbb-889c-469a9420fe3b: APPEND_ENTRIES onError, lastRequest: 49e1ea80-2a9c-4fc6-9dfd-fcdc1670084a->b381b084-c55c-4dbb-889c-469a9420fe3b#1-t1,previous=(t:0, i:0),leaderCommit=-1,initializing? false,entries: size=1, first=(t:1, i:0), CONFIGURATIONENTRY(current:id:"49e1ea80-2a9c-4fc6-9dfd-fcdc1670084a"address:"127.0.0.1:15147"priority:1dataStreamAddress:"127.0.0.1:15148"clientAddress:"127.0.0.1:15145"adminAddress:"127.0.0.1:15146"startupRole:FOLLOWER, id:"9e04f330-63f7-447c-8500-8939715d6f40"address:"127.0.0.1:15156"dataStreamAddress:"127.0.0.1:15157"clientAddress:"127.0.0.1:15154"adminAddress:"127.0.0.1:15155"startupRole:FOLLOWER, id:"b381b084-c55c-4dbb-889c-469a9420fe3b"address:"127.0.0.1:15138"dataStreamAddress:"127.0.0.1:15139"clientAddress:"127.0.0.1:15136"adminAddress:"127.0.0.1:15137"startupRole:FOLLOWER, old:): org.apache.ratis.thirdparty.io.grpc.StatusRuntimeException: CANCELLED: client cancelled
2025-02-16 13:03:25,374 [grpc-default-executor-0] WARN  server.GrpcServerProtocolService (LogUtils.java:warn(121)) - 9e04f330-63f7-447c-8500-8939715d6f40: APPEND_ENTRIES onError, lastRequest: 49e1ea80-2a9c-4fc6-9dfd-fcdc1670084a->9e04f330-63f7-447c-8500-8939715d6f40#1-t1,previous=(t:0, i:0),leaderCommit=-1,initializing? false,entries: size=1, first=(t:1, i:0), CONFIGURATIONENTRY(current:id:"49e1ea80-2a9c-4fc6-9dfd-fcdc1670084a"address:"127.0.0.1:15147"priority:1dataStreamAddress:"127.0.0.1:15148"clientAddress:"127.0.0.1:15145"adminAddress:"127.0.0.1:15146"startupRole:FOLLOWER, id:"9e04f330-63f7-447c-8500-8939715d6f40"address:"127.0.0.1:15156"dataStreamAddress:"127.0.0.1:15157"clientAddress:"127.0.0.1:15154"adminAddress:"127.0.0.1:15155"startupRole:FOLLOWER, id:"b381b084-c55c-4dbb-889c-469a9420fe3b"address:"127.0.0.1:15138"dataStreamAddress:"127.0.0.1:15139"clientAddress:"127.0.0.1:15136"adminAddress:"127.0.0.1:15137"startupRole:FOLLOWER, old:): org.apache.ratis.thirdparty.io.grpc.StatusRuntimeException: CANCELLED: client cancelled
2025-02-16 13:03:25,375 [grpc-default-executor-0] WARN  server.GrpcServerProtocolService (LogUtils.java:warn(121)) - 9e04f330-63f7-447c-8500-8939715d6f40: APPEND_ENTRIES onError, lastRequest: null: org.apache.ratis.thirdparty.io.grpc.StatusRuntimeException: CANCELLED: client cancelled
2025-02-16 13:03:25,375 [grpc-default-executor-1] WARN  server.GrpcLogAppender (GrpcLogAppender.java:lambda$resetClient$1(221)) - 49e1ea80-2a9c-4fc6-9dfd-fcdc1670084a@group-A4BD09EBD6A4->9e04f330-63f7-447c-8500-8939715d6f40-GrpcLogAppender: Follower failed (request=null, errorCount=1); keep nextIndex (1) unchanged and retry.
2025-02-16 13:03:25,375 [ForkJoinPool.commonPool-worker-3] INFO  server.GrpcService (GrpcService.java:closeImpl(352)) - 9e04f330-63f7-447c-8500-8939715d6f40: shutdown server GrpcServerProtocolService successfully
2025-02-16 13:03:25,375 [ForkJoinPool.commonPool-worker-3] INFO  server.GrpcService (GrpcService.java:closeImpl(343)) - 9e04f330-63f7-447c-8500-8939715d6f40: shutdown server org.apache.ratis.grpc.server.GrpcAdminProtocolService now
2025-02-16 13:03:25,375 [grpc-default-executor-4] WARN  server.GrpcLogAppender (LogUtils.java:warn(121)) - 49e1ea80-2a9c-4fc6-9dfd-fcdc1670084a@group-A4BD09EBD6A4->9e04f330-63f7-447c-8500-8939715d6f40-AppendLogResponseHandler: Failed appendEntries: org.apache.ratis.thirdparty.io.grpc.StatusRuntimeException: CANCELLED: RST_STREAM closed stream. HTTP/2 error code: CANCEL
2025-02-16 13:03:25,376 [ForkJoinPool.commonPool-worker-3] INFO  server.GrpcService (GrpcService.java:closeImpl(352)) - 9e04f330-63f7-447c-8500-8939715d6f40: shutdown server org.apache.ratis.grpc.server.GrpcAdminProtocolService successfully
2025-02-16 13:03:25,385 [9e04f330-63f7-447c-8500-8939715d6f40-NettyServerStreamRpc-bossGroup--thread1] INFO  logging.LoggingHandler (AbstractInternalLogger.java:log(148)) - [id: 0x7a0e33e0, L:/0.0.0.0:15157] CLOSE
2025-02-16 13:03:25,385 [9e04f330-63f7-447c-8500-8939715d6f40-NettyServerStreamRpc-bossGroup--thread1] INFO  logging.LoggingHandler (AbstractInternalLogger.java:log(148)) - [id: 0x7a0e33e0, L:/0.0.0.0:15157] INACTIVE
2025-02-16 13:03:25,386 [9e04f330-63f7-447c-8500-8939715d6f40-NettyServerStreamRpc-bossGroup--thread1] INFO  logging.LoggingHandler (AbstractInternalLogger.java:log(148)) - [id: 0x7a0e33e0, L:/0.0.0.0:15157] UNREGISTERED
2025-02-16 13:03:25,389 [b381b084-c55c-4dbb-889c-469a9420fe3b-NettyServerStreamRpc-bossGroup--thread1] INFO  logging.LoggingHandler (AbstractInternalLogger.java:log(148)) - [id: 0x37987d5f, L:/0.0.0.0:15139] CLOSE
2025-02-16 13:03:25,389 [b381b084-c55c-4dbb-889c-469a9420fe3b-NettyServerStreamRpc-bossGroup--thread1] INFO  logging.LoggingHandler (AbstractInternalLogger.java:log(148)) - [id: 0x37987d5f, L:/0.0.0.0:15139] INACTIVE
2025-02-16 13:03:25,389 [b381b084-c55c-4dbb-889c-469a9420fe3b-NettyServerStreamRpc-bossGroup--thread1] INFO  logging.LoggingHandler (AbstractInternalLogger.java:log(148)) - [id: 0x37987d5f, L:/0.0.0.0:15139] UNREGISTERED
2025-02-16 13:03:25,502 [9e04f330-63f7-447c-8500-8939715d6f40-impl-thread3] INFO  segmented.SegmentedRaftLogWorker (SegmentedRaftLogWorker.java:close(252)) - 9e04f330-63f7-447c-8500-8939715d6f40@group-45685D50A505-SegmentedRaftLogWorker close()
2025-02-16 13:03:25,502 [9e04f330-63f7-447c-8500-8939715d6f40-impl-thread3] INFO  ratis.ContainerStateMachine (ContainerStateMachine.java:notifyServerShutdown(932)) - group-45685D50A505 is closed by HddsDatanodeService
2025-02-16 13:03:26,095 [9e04f330-63f7-447c-8500-8939715d6f40-impl-thread2] INFO  segmented.SegmentedRaftLogWorker (SegmentedRaftLogWorker.java:close(252)) - 9e04f330-63f7-447c-8500-8939715d6f40@group-A4BD09EBD6A4-SegmentedRaftLogWorker close()
2025-02-16 13:03:26,095 [9e04f330-63f7-447c-8500-8939715d6f40-impl-thread2] INFO  ratis.ContainerStateMachine (ContainerStateMachine.java:notifyServerShutdown(932)) - group-A4BD09EBD6A4 is closed by HddsDatanodeService
2025-02-16 13:03:26,096 [b381b084-c55c-4dbb-889c-469a9420fe3b-impl-thread3] INFO  segmented.SegmentedRaftLogWorker (SegmentedRaftLogWorker.java:close(252)) - b381b084-c55c-4dbb-889c-469a9420fe3b@group-A4BD09EBD6A4-SegmentedRaftLogWorker close()
2025-02-16 13:03:26,096 [b381b084-c55c-4dbb-889c-469a9420fe3b-impl-thread3] INFO  ratis.ContainerStateMachine (ContainerStateMachine.java:notifyServerShutdown(932)) - group-A4BD09EBD6A4 is closed by HddsDatanodeService
2025-02-16 13:03:26,133 [9e04f330-63f7-447c-8500-8939715d6f40-impl-thread1] INFO  segmented.SegmentedRaftLogWorker (SegmentedRaftLogWorker.java:close(252)) - 9e04f330-63f7-447c-8500-8939715d6f40@group-E6A5FEE08FEB-SegmentedRaftLogWorker close()
2025-02-16 13:03:26,133 [9e04f330-63f7-447c-8500-8939715d6f40-impl-thread1] INFO  ratis.ContainerStateMachine (ContainerStateMachine.java:notifyServerShutdown(932)) - group-E6A5FEE08FEB is closed by HddsDatanodeService
2025-02-16 13:03:26,133 [JvmPauseMonitor22] INFO  util.JvmPauseMonitor (JvmPauseMonitor.java:run(152)) - JvmPauseMonitor-9e04f330-63f7-447c-8500-8939715d6f40: Stopped
2025-02-16 13:03:26,140 [b381b084-c55c-4dbb-889c-469a9420fe3b-impl-thread2] INFO  segmented.SegmentedRaftLogWorker (SegmentedRaftLogWorker.java:close(252)) - b381b084-c55c-4dbb-889c-469a9420fe3b@group-E6A5FEE08FEB-SegmentedRaftLogWorker close()
2025-02-16 13:03:26,140 [b381b084-c55c-4dbb-889c-469a9420fe3b-impl-thread2] INFO  ratis.ContainerStateMachine (ContainerStateMachine.java:notifyServerShutdown(932)) - group-E6A5FEE08FEB is closed by HddsDatanodeService
2025-02-16 13:03:26,234 [main] INFO  ozoneimpl.OzoneContainer (OzoneContainer.java:stop(524)) - Attempting to stop container services.
2025-02-16 13:03:26,235 [ContainerMetadataScanner] WARN  ozoneimpl.AbstractBackgroundContainerScanner (AbstractBackgroundContainerScanner.java:handleRemainingSleep(131)) - Background container scan was interrupted.
2025-02-16 13:03:26,235 [ContainerMetadataScanner] INFO  ozoneimpl.AbstractBackgroundContainerScanner (AbstractBackgroundContainerScanner.java:run(58)) - Thread[#3568,ContainerMetadataScanner,5,main] exiting.
2025-02-16 13:03:26,235 [main] INFO  ozoneimpl.BackgroundContainerDataScanner (BackgroundContainerDataScanner.java:shutdown(141)) - ContainerDataScanner(/home/runner/work/ozone/ozone/hadoop-ozone/integration-test/target/test-dir/MiniOzoneClusterImpl-8cdb299b-b154-4fd3-af09-aa8d0bad65b8/ozone-meta/datanode-2/data-0/hdds) is shutting down. 
2025-02-16 13:03:26,235 [ContainerDataScanner(/home/runner/work/ozone/ozone/hadoop-ozone/integration-test/target/test-dir/MiniOzoneClusterImpl-8cdb299b-b154-4fd3-af09-aa8d0bad65b8/ozone-meta/datanode-2/data-0/hdds)] WARN  ozoneimpl.AbstractBackgroundContainerScanner (AbstractBackgroundContainerScanner.java:handleRemainingSleep(131)) - Background container scan was interrupted.
2025-02-16 13:03:26,235 [ContainerDataScanner(/home/runner/work/ozone/ozone/hadoop-ozone/integration-test/target/test-dir/MiniOzoneClusterImpl-8cdb299b-b154-4fd3-af09-aa8d0bad65b8/ozone-meta/datanode-2/data-0/hdds)] INFO  ozoneimpl.AbstractBackgroundContainerScanner (AbstractBackgroundContainerScanner.java:run(58)) - ContainerDataScanner(/home/runner/work/ozone/ozone/hadoop-ozone/integration-test/target/test-dir/MiniOzoneClusterImpl-8cdb299b-b154-4fd3-af09-aa8d0bad65b8/ozone-meta/datanode-2/data-0/hdds, DS-cbd5e898-1f82-47e9-931c-75593037a700) exiting.
2025-02-16 13:03:26,235 [49e1ea80-2a9c-4fc6-9dfd-fcdc1670084a-EndpointStateMachineTaskThread-/127.0.0.1:15110-0 ] INFO  ipc.Client (Client.java:handleConnectionFailure(966)) - Retrying connect to server: localhost/127.0.0.1:15110. Already tried 0 time(s); retry policy is RetryUpToMaximumCountWithFixedSleep(maxRetries=15, sleepTime=1000 MILLISECONDS)
2025-02-16 13:03:26,235 [main] INFO  ratis.XceiverServerRatis (XceiverServerRatis.java:stop(593)) - Closing XceiverServerRatis(49e1ea80-2a9c-4fc6-9dfd-fcdc1670084a)
2025-02-16 13:03:26,236 [main] INFO  server.RaftServer (RaftServerProxy.java:lambda$close$9(417)) - 49e1ea80-2a9c-4fc6-9dfd-fcdc1670084a: close
2025-02-16 13:03:26,236 [49e1ea80-2a9c-4fc6-9dfd-fcdc1670084a-impl-thread1] INFO  server.RaftServer$Division (RaftServerImpl.java:lambda$close$1(513)) - 49e1ea80-2a9c-4fc6-9dfd-fcdc1670084a@group-DEC212C26871: shutdown
2025-02-16 13:03:26,236 [49e1ea80-2a9c-4fc6-9dfd-fcdc1670084a-impl-thread1] INFO  util.JmxRegister (JmxRegister.java:unregister(74)) - Successfully un-registered JMX Bean with object name Ratis:service=RaftServer,group=group-DEC212C26871,id=49e1ea80-2a9c-4fc6-9dfd-fcdc1670084a
2025-02-16 13:03:26,236 [49e1ea80-2a9c-4fc6-9dfd-fcdc1670084a-impl-thread1] INFO  impl.RoleInfo (RoleInfo.java:shutdownLeaderState(103)) - 49e1ea80-2a9c-4fc6-9dfd-fcdc1670084a: shutdown 49e1ea80-2a9c-4fc6-9dfd-fcdc1670084a@group-DEC212C26871-LeaderStateImpl
2025-02-16 13:03:26,236 [49e1ea80-2a9c-4fc6-9dfd-fcdc1670084a-impl-thread1] INFO  impl.PendingRequests (PendingRequests.java:sendNotLeaderResponses(287)) - 49e1ea80-2a9c-4fc6-9dfd-fcdc1670084a@group-DEC212C26871-PendingRequests: sendNotLeaderResponses
2025-02-16 13:03:26,236 [49e1ea80-2a9c-4fc6-9dfd-fcdc1670084a-impl-thread2] INFO  server.RaftServer$Division (RaftServerImpl.java:lambda$close$1(513)) - 49e1ea80-2a9c-4fc6-9dfd-fcdc1670084a@group-E6A5FEE08FEB: shutdown
2025-02-16 13:03:26,236 [49e1ea80-2a9c-4fc6-9dfd-fcdc1670084a-impl-thread3] INFO  server.RaftServer$Division (RaftServerImpl.java:lambda$close$1(513)) - 49e1ea80-2a9c-4fc6-9dfd-fcdc1670084a@group-A4BD09EBD6A4: shutdown
2025-02-16 13:03:26,236 [main] INFO  server.GrpcService (GrpcService.java:closeImpl(343)) - 49e1ea80-2a9c-4fc6-9dfd-fcdc1670084a: shutdown server org.apache.ratis.grpc.server.GrpcClientProtocolService now
2025-02-16 13:03:26,237 [49e1ea80-2a9c-4fc6-9dfd-fcdc1670084a-impl-thread2] INFO  util.JmxRegister (JmxRegister.java:unregister(74)) - Successfully un-registered JMX Bean with object name Ratis:service=RaftServer,group=group-E6A5FEE08FEB,id=49e1ea80-2a9c-4fc6-9dfd-fcdc1670084a
2025-02-16 13:03:26,237 [49e1ea80-2a9c-4fc6-9dfd-fcdc1670084a-impl-thread2] INFO  impl.RoleInfo (RoleInfo.java:shutdownFollowerState(121)) - 49e1ea80-2a9c-4fc6-9dfd-fcdc1670084a: shutdown 49e1ea80-2a9c-4fc6-9dfd-fcdc1670084a@group-E6A5FEE08FEB-FollowerState
2025-02-16 13:03:26,237 [49e1ea80-2a9c-4fc6-9dfd-fcdc1670084a-impl-thread2] INFO  impl.StateMachineUpdater (StateMachineUpdater.java:stopAndJoin(164)) - 49e1ea80-2a9c-4fc6-9dfd-fcdc1670084a@group-E6A5FEE08FEB-StateMachineUpdater: set stopIndex = 0
2025-02-16 13:03:26,237 [49e1ea80-2a9c-4fc6-9dfd-fcdc1670084a@group-DEC212C26871-StateMachineUpdater] INFO  ratis.ContainerStateMachine (ContainerStateMachine.java:takeSnapshot(376)) - group-DEC212C26871: Taking a snapshot at:(t:1, i:0) file /home/runner/work/ozone/ozone/hadoop-ozone/integration-test/target/test-dir/MiniOzoneClusterImpl-8cdb299b-b154-4fd3-af09-aa8d0bad65b8/ozone-meta/datanode-2/ratis/8966a0be-ef4e-4fe4-9812-dec212c26871/sm/snapshot.1_0
2025-02-16 13:03:26,237 [49e1ea80-2a9c-4fc6-9dfd-fcdc1670084a@group-E6A5FEE08FEB-FollowerState] INFO  impl.FollowerState (FollowerState.java:runImpl(170)) - 49e1ea80-2a9c-4fc6-9dfd-fcdc1670084a@group-E6A5FEE08FEB-FollowerState was interrupted
2025-02-16 13:03:26,238 [Thread-3263] INFO  server.GrpcServerProtocolClient (GrpcServerProtocolClient.java:close(105)) - b381b084-c55c-4dbb-889c-469a9420fe3b Close channels
2025-02-16 13:03:26,237 [Thread-3262] INFO  server.GrpcServerProtocolClient (GrpcServerProtocolClient.java:close(105)) - 9e04f330-63f7-447c-8500-8939715d6f40 Close channels
2025-02-16 13:03:26,237 [49e1ea80-2a9c-4fc6-9dfd-fcdc1670084a-impl-thread3] INFO  util.JmxRegister (JmxRegister.java:unregister(74)) - Successfully un-registered JMX Bean with object name Ratis:service=RaftServer,group=group-A4BD09EBD6A4,id=49e1ea80-2a9c-4fc6-9dfd-fcdc1670084a
2025-02-16 13:03:26,238 [49e1ea80-2a9c-4fc6-9dfd-fcdc1670084a-impl-thread3] INFO  impl.RoleInfo (RoleInfo.java:shutdownLeaderState(103)) - 49e1ea80-2a9c-4fc6-9dfd-fcdc1670084a: shutdown 49e1ea80-2a9c-4fc6-9dfd-fcdc1670084a@group-A4BD09EBD6A4-LeaderStateImpl
2025-02-16 13:03:26,238 [49e1ea80-2a9c-4fc6-9dfd-fcdc1670084a@group-A4BD09EBD6A4->9e04f330-63f7-447c-8500-8939715d6f40-GrpcLogAppender-LogAppenderDaemon] WARN  server.GrpcLogAppender (GrpcLogAppender.java:mayWait(293)) - 49e1ea80-2a9c-4fc6-9dfd-fcdc1670084a@group-A4BD09EBD6A4->9e04f330-63f7-447c-8500-8939715d6f40-GrpcLogAppender: Wait interrupted by java.lang.InterruptedException
2025-02-16 13:03:26,238 [49e1ea80-2a9c-4fc6-9dfd-fcdc1670084a@group-E6A5FEE08FEB-StateMachineUpdater] INFO  ratis.ContainerStateMachine (ContainerStateMachine.java:takeSnapshot(376)) - group-E6A5FEE08FEB: Taking a snapshot at:(t:1, i:0) file /home/runner/work/ozone/ozone/hadoop-ozone/integration-test/target/test-dir/MiniOzoneClusterImpl-8cdb299b-b154-4fd3-af09-aa8d0bad65b8/ozone-meta/datanode-2/ratis/f52a4d2f-60f5-4844-bc3c-e6a5fee08feb/sm/snapshot.1_0
2025-02-16 13:03:26,238 [49e1ea80-2a9c-4fc6-9dfd-fcdc1670084a-impl-thread1] INFO  impl.StateMachineUpdater (StateMachineUpdater.java:stopAndJoin(164)) - 49e1ea80-2a9c-4fc6-9dfd-fcdc1670084a@group-DEC212C26871-StateMachineUpdater: set stopIndex = 0
2025-02-16 13:03:26,238 [49e1ea80-2a9c-4fc6-9dfd-fcdc1670084a-impl-thread3] INFO  impl.PendingRequests (PendingRequests.java:sendNotLeaderResponses(287)) - 49e1ea80-2a9c-4fc6-9dfd-fcdc1670084a@group-A4BD09EBD6A4-PendingRequests: sendNotLeaderResponses
2025-02-16 13:03:26,239 [49e1ea80-2a9c-4fc6-9dfd-fcdc1670084a@group-DEC212C26871-StateMachineUpdater] INFO  ratis.ContainerStateMachine (ContainerStateMachine.java:takeSnapshot(387)) - group-DEC212C26871: Finished taking a snapshot at:(t:1, i:0) file:/home/runner/work/ozone/ozone/hadoop-ozone/integration-test/target/test-dir/MiniOzoneClusterImpl-8cdb299b-b154-4fd3-af09-aa8d0bad65b8/ozone-meta/datanode-2/ratis/8966a0be-ef4e-4fe4-9812-dec212c26871/sm/snapshot.1_0 took: 2 ms
2025-02-16 13:03:26,239 [49e1ea80-2a9c-4fc6-9dfd-fcdc1670084a@group-DEC212C26871-StateMachineUpdater] INFO  impl.StateMachineUpdater (StateMachineUpdater.java:takeSnapshot(303)) - 49e1ea80-2a9c-4fc6-9dfd-fcdc1670084a@group-DEC212C26871-StateMachineUpdater: Took a snapshot at index 0
2025-02-16 13:03:26,238 [main] INFO  server.GrpcService (GrpcService.java:closeImpl(352)) - 49e1ea80-2a9c-4fc6-9dfd-fcdc1670084a: shutdown server org.apache.ratis.grpc.server.GrpcClientProtocolService successfully
2025-02-16 13:03:26,239 [main] INFO  server.GrpcService (GrpcService.java:closeImpl(343)) - 49e1ea80-2a9c-4fc6-9dfd-fcdc1670084a: shutdown server GrpcServerProtocolService now
2025-02-16 13:03:26,239 [49e1ea80-2a9c-4fc6-9dfd-fcdc1670084a@group-DEC212C26871-StateMachineUpdater] INFO  impl.StateMachineUpdater (StateMachineUpdater.java:lambda$new$0(102)) - 49e1ea80-2a9c-4fc6-9dfd-fcdc1670084a@group-DEC212C26871-StateMachineUpdater: snapshotIndex: updateIncreasingly -1 -> 0
2025-02-16 13:03:26,239 [49e1ea80-2a9c-4fc6-9dfd-fcdc1670084a@group-A4BD09EBD6A4->b381b084-c55c-4dbb-889c-469a9420fe3b-GrpcLogAppender-LogAppenderDaemon] WARN  server.GrpcLogAppender (GrpcLogAppender.java:mayWait(293)) - 49e1ea80-2a9c-4fc6-9dfd-fcdc1670084a@group-A4BD09EBD6A4->b381b084-c55c-4dbb-889c-469a9420fe3b-GrpcLogAppender: Wait interrupted by java.lang.InterruptedException
2025-02-16 13:03:26,239 [49e1ea80-2a9c-4fc6-9dfd-fcdc1670084a@group-E6A5FEE08FEB-StateMachineUpdater] INFO  ratis.ContainerStateMachine (ContainerStateMachine.java:takeSnapshot(387)) - group-E6A5FEE08FEB: Finished taking a snapshot at:(t:1, i:0) file:/home/runner/work/ozone/ozone/hadoop-ozone/integration-test/target/test-dir/MiniOzoneClusterImpl-8cdb299b-b154-4fd3-af09-aa8d0bad65b8/ozone-meta/datanode-2/ratis/f52a4d2f-60f5-4844-bc3c-e6a5fee08feb/sm/snapshot.1_0 took: 1 ms
2025-02-16 13:03:26,239 [49e1ea80-2a9c-4fc6-9dfd-fcdc1670084a@group-E6A5FEE08FEB-StateMachineUpdater] INFO  impl.StateMachineUpdater (StateMachineUpdater.java:takeSnapshot(303)) - 49e1ea80-2a9c-4fc6-9dfd-fcdc1670084a@group-E6A5FEE08FEB-StateMachineUpdater: Took a snapshot at index 0
2025-02-16 13:03:26,240 [49e1ea80-2a9c-4fc6-9dfd-fcdc1670084a@group-E6A5FEE08FEB-StateMachineUpdater] INFO  impl.StateMachineUpdater (StateMachineUpdater.java:lambda$new$0(102)) - 49e1ea80-2a9c-4fc6-9dfd-fcdc1670084a@group-E6A5FEE08FEB-StateMachineUpdater: snapshotIndex: updateIncreasingly -1 -> 0
2025-02-16 13:03:26,240 [49e1ea80-2a9c-4fc6-9dfd-fcdc1670084a-impl-thread3] INFO  impl.StateMachineUpdater (StateMachineUpdater.java:stopAndJoin(164)) - 49e1ea80-2a9c-4fc6-9dfd-fcdc1670084a@group-A4BD09EBD6A4-StateMachineUpdater: set stopIndex = 0
2025-02-16 13:03:26,239 [49e1ea80-2a9c-4fc6-9dfd-fcdc1670084a@group-DEC212C26871-StateMachineUpdater] INFO  impl.StateMachineUpdater (StateMachineUpdater.java:stop(141)) - 49e1ea80-2a9c-4fc6-9dfd-fcdc1670084a@group-DEC212C26871-StateMachineUpdater: closing ContainerStateMachine, lastApplied=(t:1, i:0)
2025-02-16 13:03:26,240 [49e1ea80-2a9c-4fc6-9dfd-fcdc1670084a@group-E6A5FEE08FEB-StateMachineUpdater] INFO  impl.StateMachineUpdater (StateMachineUpdater.java:stop(141)) - 49e1ea80-2a9c-4fc6-9dfd-fcdc1670084a@group-E6A5FEE08FEB-StateMachineUpdater: closing ContainerStateMachine, lastApplied=(t:1, i:0)
2025-02-16 13:03:26,240 [49e1ea80-2a9c-4fc6-9dfd-fcdc1670084a@group-A4BD09EBD6A4-StateMachineUpdater] INFO  ratis.ContainerStateMachine (ContainerStateMachine.java:takeSnapshot(376)) - group-A4BD09EBD6A4: Taking a snapshot at:(t:1, i:0) file /home/runner/work/ozone/ozone/hadoop-ozone/integration-test/target/test-dir/MiniOzoneClusterImpl-8cdb299b-b154-4fd3-af09-aa8d0bad65b8/ozone-meta/datanode-2/ratis/597bc4f1-5f8c-4c7d-80e7-a4bd09ebd6a4/sm/snapshot.1_0
2025-02-16 13:03:26,240 [main] INFO  server.GrpcService (GrpcService.java:closeImpl(352)) - 49e1ea80-2a9c-4fc6-9dfd-fcdc1670084a: shutdown server GrpcServerProtocolService successfully
2025-02-16 13:03:26,240 [49e1ea80-2a9c-4fc6-9dfd-fcdc1670084a@group-E6A5FEE08FEB-cacheEviction-AwaitToRun] INFO  util.AwaitToRun (AwaitToRun.java:run(49)) - 49e1ea80-2a9c-4fc6-9dfd-fcdc1670084a@group-E6A5FEE08FEB-cacheEviction-AwaitToRun-AwaitForSignal is interrupted
2025-02-16 13:03:26,240 [main] INFO  server.GrpcService (GrpcService.java:closeImpl(343)) - 49e1ea80-2a9c-4fc6-9dfd-fcdc1670084a: shutdown server org.apache.ratis.grpc.server.GrpcAdminProtocolService now
2025-02-16 13:03:26,240 [main] INFO  server.GrpcService (GrpcService.java:closeImpl(352)) - 49e1ea80-2a9c-4fc6-9dfd-fcdc1670084a: shutdown server org.apache.ratis.grpc.server.GrpcAdminProtocolService successfully
2025-02-16 13:03:26,241 [49e1ea80-2a9c-4fc6-9dfd-fcdc1670084a@group-A4BD09EBD6A4-StateMachineUpdater] INFO  ratis.ContainerStateMachine (ContainerStateMachine.java:takeSnapshot(387)) - group-A4BD09EBD6A4: Finished taking a snapshot at:(t:1, i:0) file:/home/runner/work/ozone/ozone/hadoop-ozone/integration-test/target/test-dir/MiniOzoneClusterImpl-8cdb299b-b154-4fd3-af09-aa8d0bad65b8/ozone-meta/datanode-2/ratis/597bc4f1-5f8c-4c7d-80e7-a4bd09ebd6a4/sm/snapshot.1_0 took: 1 ms
2025-02-16 13:03:26,241 [49e1ea80-2a9c-4fc6-9dfd-fcdc1670084a@group-DEC212C26871-cacheEviction-AwaitToRun] INFO  util.AwaitToRun (AwaitToRun.java:run(49)) - 49e1ea80-2a9c-4fc6-9dfd-fcdc1670084a@group-DEC212C26871-cacheEviction-AwaitToRun-AwaitForSignal is interrupted
2025-02-16 13:03:26,241 [49e1ea80-2a9c-4fc6-9dfd-fcdc1670084a@group-A4BD09EBD6A4-StateMachineUpdater] INFO  impl.StateMachineUpdater (StateMachineUpdater.java:takeSnapshot(303)) - 49e1ea80-2a9c-4fc6-9dfd-fcdc1670084a@group-A4BD09EBD6A4-StateMachineUpdater: Took a snapshot at index 0
2025-02-16 13:03:26,241 [49e1ea80-2a9c-4fc6-9dfd-fcdc1670084a@group-A4BD09EBD6A4-StateMachineUpdater] INFO  impl.StateMachineUpdater (StateMachineUpdater.java:lambda$new$0(102)) - 49e1ea80-2a9c-4fc6-9dfd-fcdc1670084a@group-A4BD09EBD6A4-StateMachineUpdater: snapshotIndex: updateIncreasingly -1 -> 0
2025-02-16 13:03:26,241 [49e1ea80-2a9c-4fc6-9dfd-fcdc1670084a@group-A4BD09EBD6A4-StateMachineUpdater] INFO  impl.StateMachineUpdater (StateMachineUpdater.java:stop(141)) - 49e1ea80-2a9c-4fc6-9dfd-fcdc1670084a@group-A4BD09EBD6A4-StateMachineUpdater: closing ContainerStateMachine, lastApplied=(t:1, i:0)
2025-02-16 13:03:26,242 [49e1ea80-2a9c-4fc6-9dfd-fcdc1670084a@group-A4BD09EBD6A4-cacheEviction-AwaitToRun] INFO  util.AwaitToRun (AwaitToRun.java:run(49)) - 49e1ea80-2a9c-4fc6-9dfd-fcdc1670084a@group-A4BD09EBD6A4-cacheEviction-AwaitToRun-AwaitForSignal is interrupted
2025-02-16 13:03:26,244 [49e1ea80-2a9c-4fc6-9dfd-fcdc1670084a-impl-thread1] INFO  segmented.SegmentedRaftLogWorker (SegmentedRaftLogWorker.java:close(252)) - 49e1ea80-2a9c-4fc6-9dfd-fcdc1670084a@group-DEC212C26871-SegmentedRaftLogWorker close()
2025-02-16 13:03:26,244 [49e1ea80-2a9c-4fc6-9dfd-fcdc1670084a-impl-thread1] INFO  ratis.ContainerStateMachine (ContainerStateMachine.java:notifyServerShutdown(932)) - group-DEC212C26871 is closed by HddsDatanodeService
2025-02-16 13:03:26,246 [49e1ea80-2a9c-4fc6-9dfd-fcdc1670084a-NettyServerStreamRpc-bossGroup--thread1] INFO  logging.LoggingHandler (AbstractInternalLogger.java:log(148)) - [id: 0x26d35bc1, L:/0.0.0.0:15148] CLOSE
2025-02-16 13:03:26,246 [49e1ea80-2a9c-4fc6-9dfd-fcdc1670084a-NettyServerStreamRpc-bossGroup--thread1] INFO  logging.LoggingHandler (AbstractInternalLogger.java:log(148)) - [id: 0x26d35bc1, L:/0.0.0.0:15148] INACTIVE
2025-02-16 13:03:26,246 [49e1ea80-2a9c-4fc6-9dfd-fcdc1670084a-NettyServerStreamRpc-bossGroup--thread1] INFO  logging.LoggingHandler (AbstractInternalLogger.java:log(148)) - [id: 0x26d35bc1, L:/0.0.0.0:15148] UNREGISTERED
2025-02-16 13:03:26,367 [b381b084-c55c-4dbb-889c-469a9420fe3b-impl-thread1] INFO  segmented.SegmentedRaftLogWorker (SegmentedRaftLogWorker.java:close(252)) - b381b084-c55c-4dbb-889c-469a9420fe3b@group-89740A92551E-SegmentedRaftLogWorker close()
2025-02-16 13:03:26,367 [b381b084-c55c-4dbb-889c-469a9420fe3b-impl-thread1] INFO  ratis.ContainerStateMachine (ContainerStateMachine.java:notifyServerShutdown(932)) - group-89740A92551E is closed by HddsDatanodeService
2025-02-16 13:03:26,367 [JvmPauseMonitor20] INFO  util.JvmPauseMonitor (JvmPauseMonitor.java:run(152)) - JvmPauseMonitor-b381b084-c55c-4dbb-889c-469a9420fe3b: Stopped
2025-02-16 13:03:26,379 [timer1] WARN  server.GrpcLogAppender (GrpcLogAppender.java:lambda$resetClient$1(221)) - omNode-1@group-0AAC5367B30E->omNode-2-GrpcLogAppender: Follower failed (request=null, errorCount=8); keep nextIndex (9) unchanged and retry. (Repeated 8 times in the last 5.000s)
2025-02-16 13:03:26,379 [timer0] WARN  server.GrpcLogAppender (LogUtils.java:warn(121)) - omNode-1@group-0AAC5367B30E->omNode-2-AppendLogResponseHandler: Failed appendEntries (Repeated 10 times in the last 5.000s): org.apache.ratis.thirdparty.io.grpc.StatusRuntimeException: UNAVAILABLE: io exception
2025-02-16 13:03:27,085 [49e1ea80-2a9c-4fc6-9dfd-fcdc1670084a-impl-thread3] INFO  segmented.SegmentedRaftLogWorker (SegmentedRaftLogWorker.java:close(252)) - 49e1ea80-2a9c-4fc6-9dfd-fcdc1670084a@group-A4BD09EBD6A4-SegmentedRaftLogWorker close()
2025-02-16 13:03:27,085 [49e1ea80-2a9c-4fc6-9dfd-fcdc1670084a-impl-thread3] INFO  ratis.ContainerStateMachine (ContainerStateMachine.java:notifyServerShutdown(932)) - group-A4BD09EBD6A4 is closed by HddsDatanodeService
2025-02-16 13:03:27,139 [49e1ea80-2a9c-4fc6-9dfd-fcdc1670084a-impl-thread2] INFO  segmented.SegmentedRaftLogWorker (SegmentedRaftLogWorker.java:close(252)) - 49e1ea80-2a9c-4fc6-9dfd-fcdc1670084a@group-E6A5FEE08FEB-SegmentedRaftLogWorker close()
2025-02-16 13:03:27,139 [49e1ea80-2a9c-4fc6-9dfd-fcdc1670084a-impl-thread2] INFO  ratis.ContainerStateMachine (ContainerStateMachine.java:notifyServerShutdown(932)) - group-E6A5FEE08FEB is closed by HddsDatanodeService
2025-02-16 13:03:27,139 [JvmPauseMonitor21] INFO  util.JvmPauseMonitor (JvmPauseMonitor.java:run(152)) - JvmPauseMonitor-49e1ea80-2a9c-4fc6-9dfd-fcdc1670084a: Stopped
2025-02-16 13:03:27,236 [49e1ea80-2a9c-4fc6-9dfd-fcdc1670084a-EndpointStateMachineTaskThread-/127.0.0.1:15110-0 ] INFO  ipc.Client (Client.java:handleConnectionFailure(966)) - Retrying connect to server: localhost/127.0.0.1:15110. Already tried 1 time(s); retry policy is RetryUpToMaximumCountWithFixedSleep(maxRetries=15, sleepTime=1000 MILLISECONDS)
2025-02-16 13:03:27,390 [timer4] WARN  server.GrpcLogAppender (GrpcLogAppender.java:lambda$resetClient$1(221)) - omNode-1@group-0AAC5367B30E->omNode-2-GrpcLogAppender: Follower failed (request=null, errorCount=10); keep nextIndex (10) unchanged and retry. (Repeated 2 times in the last 4.999s)
2025-02-16 13:03:27,584 [timer6] WARN  server.GrpcLogAppender (LogUtils.java:warn(121)) - omNode-1@group-0AAC5367B30E->omNode-3-AppendLogResponseHandler: Failed appendEntries (Repeated 8 times in the last 4.999s): org.apache.ratis.thirdparty.io.grpc.StatusRuntimeException: UNAVAILABLE: io exception
2025-02-16 13:03:27,585 [timer7] WARN  server.GrpcLogAppender (GrpcLogAppender.java:lambda$resetClient$1(221)) - omNode-1@group-0AAC5367B30E->omNode-3-GrpcLogAppender: Follower failed (request=null, errorCount=8); keep nextIndex (13) unchanged and retry. (Repeated 8 times in the last 5.000s)
2025-02-16 13:03:28,136 [ForkJoinPool.commonPool-worker-3] INFO  utils.DatanodeStoreCache (DatanodeStoreCache.java:shutdownCache(115)) - Skip clearing cache in mini cluster mode. Entries left: [/home/runner/work/ozone/ozone/hadoop-ozone/integration-test/target/test-dir/MiniOzoneClusterImpl-8cdb299b-b154-4fd3-af09-aa8d0bad65b8/ozone-meta/datanode-1/data-0/hdds/8cdb299b-b154-4fd3-af09-aa8d0bad65b8/DS-ea788416-6fc0-45f3-b539-4b78963453ca/container.db, /home/runner/work/ozone/ozone/hadoop-ozone/integration-test/target/test-dir/MiniOzoneClusterImpl-8cdb299b-b154-4fd3-af09-aa8d0bad65b8/ozone-meta/datanode-2/data-0/hdds/8cdb299b-b154-4fd3-af09-aa8d0bad65b8/DS-cbd5e898-1f82-47e9-931c-75593037a700/container.db, /home/runner/work/ozone/ozone/hadoop-ozone/integration-test/target/test-dir/MiniOzoneClusterImpl-8cdb299b-b154-4fd3-af09-aa8d0bad65b8/ozone-meta/datanode-3/data-0/hdds/8cdb299b-b154-4fd3-af09-aa8d0bad65b8/DS-a346e555-b2e7-4958-82e3-c4fb331c56f6/container.db]
2025-02-16 13:03:28,137 [ForkJoinPool.commonPool-worker-3] INFO  utils.DatanodeStoreCache (DatanodeStoreCache.java:removeDB(109)) - Removed db /home/runner/work/ozone/ozone/hadoop-ozone/integration-test/target/test-dir/MiniOzoneClusterImpl-8cdb299b-b154-4fd3-af09-aa8d0bad65b8/ozone-meta/datanode-3/data-0/hdds/8cdb299b-b154-4fd3-af09-aa8d0bad65b8/DS-a346e555-b2e7-4958-82e3-c4fb331c56f6/container.db from cache
2025-02-16 13:03:28,137 [ForkJoinPool.commonPool-worker-3] INFO  volume.HddsVolume (HddsVolume.java:closeDbStore(478)) - SchemaV3 db is stopped at /home/runner/work/ozone/ozone/hadoop-ozone/integration-test/target/test-dir/MiniOzoneClusterImpl-8cdb299b-b154-4fd3-af09-aa8d0bad65b8/ozone-meta/datanode-3/data-0/hdds/8cdb299b-b154-4fd3-af09-aa8d0bad65b8/DS-a346e555-b2e7-4958-82e3-c4fb331c56f6/container.db for volume DS-a346e555-b2e7-4958-82e3-c4fb331c56f6
2025-02-16 13:03:28,137 [ForkJoinPool.commonPool-worker-3] INFO  utils.BackgroundService (BackgroundService.java:shutdown(162)) - Shutting down service BlockDeletingService
2025-02-16 13:03:28,138 [ForkJoinPool.commonPool-worker-3] INFO  utils.BackgroundService (BackgroundService.java:shutdown(162)) - Shutting down service StaleRecoveringContainerScrubbingService
2025-02-16 13:03:28,138 [ForkJoinPool.commonPool-worker-3] INFO  statemachine.DatanodeStateMachine (DatanodeStateMachine.java:stopDaemon(625)) - Ozone container server stopped.
2025-02-16 13:03:28,149 [ForkJoinPool.commonPool-worker-3] INFO  handler.ContextHandler (ContextHandler.java:doStop(1159)) - Stopped o.e.j.w.WebAppContext@2fed309e{hddsDatanode,/,null,STOPPED}{jar:file:/home/runner/work/ozone/ozone/hadoop-hdds/container-service/target/hdds-container-service-2.0.0-SNAPSHOT.jar!/webapps/hddsDatanode}
2025-02-16 13:03:28,150 [ForkJoinPool.commonPool-worker-3] INFO  server.AbstractConnector (AbstractConnector.java:doStop(383)) - Stopped ServerConnector@46de9704{HTTP/1.1, (http/1.1)}{0.0.0.0:15151}
2025-02-16 13:03:28,150 [ForkJoinPool.commonPool-worker-3] INFO  server.session (HouseKeeper.java:stopScavenging(149)) - node0 Stopped scavenging
2025-02-16 13:03:28,150 [ForkJoinPool.commonPool-worker-3] INFO  handler.ContextHandler (ContextHandler.java:doStop(1159)) - Stopped o.e.j.s.ServletContextHandler@38cb6f24{static,/static,jar:file:/home/runner/work/ozone/ozone/hadoop-hdds/container-service/target/hdds-container-service-2.0.0-SNAPSHOT.jar!/webapps/static,STOPPED}
2025-02-16 13:03:28,150 [ForkJoinPool.commonPool-worker-3] INFO  handler.ContextHandler (ContextHandler.java:doStop(1159)) - Stopped o.e.j.s.ServletContextHandler@1aecb3bd{logs,/logs,file:///home/runner/work/ozone/ozone/hadoop-ozone/integration-test/target/log,STOPPED}
2025-02-16 13:03:28,151 [ForkJoinPool.commonPool-worker-3] INFO  ozone.HddsDatanodeClientProtocolServer (HddsDatanodeClientProtocolServer.java:stop(83)) - Stopping the RPC server for Client Protocol
2025-02-16 13:03:28,151 [ForkJoinPool.commonPool-worker-3] INFO  ipc.Server (Server.java:stop(3697)) - Stopping server on 15152
2025-02-16 13:03:28,152 [IPC Server listener on 15152] INFO  ipc.Server (Server.java:run(1585)) - Stopping IPC Server listener on 15152
2025-02-16 13:03:28,152 [IPC Server Responder] INFO  ipc.Server (Server.java:run(1718)) - Stopping IPC Server Responder
2025-02-16 13:03:28,237 [49e1ea80-2a9c-4fc6-9dfd-fcdc1670084a-EndpointStateMachineTaskThread-/127.0.0.1:15110-0 ] INFO  ipc.Client (Client.java:handleConnectionFailure(966)) - Retrying connect to server: localhost/127.0.0.1:15110. Already tried 2 time(s); retry policy is RetryUpToMaximumCountWithFixedSleep(maxRetries=15, sleepTime=1000 MILLISECONDS)
2025-02-16 13:03:28,370 [ForkJoinPool.commonPool-worker-1] INFO  utils.DatanodeStoreCache (DatanodeStoreCache.java:shutdownCache(115)) - Skip clearing cache in mini cluster mode. Entries left: [/home/runner/work/ozone/ozone/hadoop-ozone/integration-test/target/test-dir/MiniOzoneClusterImpl-8cdb299b-b154-4fd3-af09-aa8d0bad65b8/ozone-meta/datanode-1/data-0/hdds/8cdb299b-b154-4fd3-af09-aa8d0bad65b8/DS-ea788416-6fc0-45f3-b539-4b78963453ca/container.db, /home/runner/work/ozone/ozone/hadoop-ozone/integration-test/target/test-dir/MiniOzoneClusterImpl-8cdb299b-b154-4fd3-af09-aa8d0bad65b8/ozone-meta/datanode-2/data-0/hdds/8cdb299b-b154-4fd3-af09-aa8d0bad65b8/DS-cbd5e898-1f82-47e9-931c-75593037a700/container.db]
2025-02-16 13:03:28,372 [ForkJoinPool.commonPool-worker-1] INFO  utils.DatanodeStoreCache (DatanodeStoreCache.java:removeDB(109)) - Removed db /home/runner/work/ozone/ozone/hadoop-ozone/integration-test/target/test-dir/MiniOzoneClusterImpl-8cdb299b-b154-4fd3-af09-aa8d0bad65b8/ozone-meta/datanode-1/data-0/hdds/8cdb299b-b154-4fd3-af09-aa8d0bad65b8/DS-ea788416-6fc0-45f3-b539-4b78963453ca/container.db from cache
2025-02-16 13:03:28,372 [ForkJoinPool.commonPool-worker-1] INFO  volume.HddsVolume (HddsVolume.java:closeDbStore(478)) - SchemaV3 db is stopped at /home/runner/work/ozone/ozone/hadoop-ozone/integration-test/target/test-dir/MiniOzoneClusterImpl-8cdb299b-b154-4fd3-af09-aa8d0bad65b8/ozone-meta/datanode-1/data-0/hdds/8cdb299b-b154-4fd3-af09-aa8d0bad65b8/DS-ea788416-6fc0-45f3-b539-4b78963453ca/container.db for volume DS-ea788416-6fc0-45f3-b539-4b78963453ca
2025-02-16 13:03:28,372 [ForkJoinPool.commonPool-worker-1] INFO  utils.BackgroundService (BackgroundService.java:shutdown(162)) - Shutting down service BlockDeletingService
2025-02-16 13:03:28,372 [ForkJoinPool.commonPool-worker-1] INFO  utils.BackgroundService (BackgroundService.java:shutdown(162)) - Shutting down service StaleRecoveringContainerScrubbingService
2025-02-16 13:03:28,373 [ForkJoinPool.commonPool-worker-1] INFO  statemachine.DatanodeStateMachine (DatanodeStateMachine.java:stopDaemon(625)) - Ozone container server stopped.
2025-02-16 13:03:28,384 [ForkJoinPool.commonPool-worker-1] INFO  handler.ContextHandler (ContextHandler.java:doStop(1159)) - Stopped o.e.j.w.WebAppContext@34332fc0{hddsDatanode,/,null,STOPPED}{jar:file:/home/runner/work/ozone/ozone/hadoop-hdds/container-service/target/hdds-container-service-2.0.0-SNAPSHOT.jar!/webapps/hddsDatanode}
2025-02-16 13:03:28,384 [ForkJoinPool.commonPool-worker-1] INFO  server.AbstractConnector (AbstractConnector.java:doStop(383)) - Stopped ServerConnector@7ddd9067{HTTP/1.1, (http/1.1)}{0.0.0.0:15133}
2025-02-16 13:03:28,385 [ForkJoinPool.commonPool-worker-1] INFO  server.session (HouseKeeper.java:stopScavenging(149)) - node0 Stopped scavenging
2025-02-16 13:03:28,385 [ForkJoinPool.commonPool-worker-1] INFO  handler.ContextHandler (ContextHandler.java:doStop(1159)) - Stopped o.e.j.s.ServletContextHandler@379c4c02{static,/static,jar:file:/home/runner/work/ozone/ozone/hadoop-hdds/container-service/target/hdds-container-service-2.0.0-SNAPSHOT.jar!/webapps/static,STOPPED}
2025-02-16 13:03:28,385 [ForkJoinPool.commonPool-worker-1] INFO  handler.ContextHandler (ContextHandler.java:doStop(1159)) - Stopped o.e.j.s.ServletContextHandler@442e3c9a{logs,/logs,file:///home/runner/work/ozone/ozone/hadoop-ozone/integration-test/target/log,STOPPED}
2025-02-16 13:03:28,385 [ForkJoinPool.commonPool-worker-1] INFO  ozone.HddsDatanodeClientProtocolServer (HddsDatanodeClientProtocolServer.java:stop(83)) - Stopping the RPC server for Client Protocol
2025-02-16 13:03:28,385 [ForkJoinPool.commonPool-worker-1] INFO  ipc.Server (Server.java:stop(3697)) - Stopping server on 15134
2025-02-16 13:03:28,386 [IPC Server Responder] INFO  ipc.Server (Server.java:run(1718)) - Stopping IPC Server Responder
2025-02-16 13:03:28,386 [IPC Server listener on 15134] INFO  ipc.Server (Server.java:run(1585)) - Stopping IPC Server listener on 15134
2025-02-16 13:03:29,142 [main] INFO  utils.DatanodeStoreCache (DatanodeStoreCache.java:shutdownCache(115)) - Skip clearing cache in mini cluster mode. Entries left: [/home/runner/work/ozone/ozone/hadoop-ozone/integration-test/target/test-dir/MiniOzoneClusterImpl-8cdb299b-b154-4fd3-af09-aa8d0bad65b8/ozone-meta/datanode-2/data-0/hdds/8cdb299b-b154-4fd3-af09-aa8d0bad65b8/DS-cbd5e898-1f82-47e9-931c-75593037a700/container.db]
2025-02-16 13:03:29,143 [main] INFO  utils.DatanodeStoreCache (DatanodeStoreCache.java:removeDB(109)) - Removed db /home/runner/work/ozone/ozone/hadoop-ozone/integration-test/target/test-dir/MiniOzoneClusterImpl-8cdb299b-b154-4fd3-af09-aa8d0bad65b8/ozone-meta/datanode-2/data-0/hdds/8cdb299b-b154-4fd3-af09-aa8d0bad65b8/DS-cbd5e898-1f82-47e9-931c-75593037a700/container.db from cache
2025-02-16 13:03:29,143 [main] INFO  volume.HddsVolume (HddsVolume.java:closeDbStore(478)) - SchemaV3 db is stopped at /home/runner/work/ozone/ozone/hadoop-ozone/integration-test/target/test-dir/MiniOzoneClusterImpl-8cdb299b-b154-4fd3-af09-aa8d0bad65b8/ozone-meta/datanode-2/data-0/hdds/8cdb299b-b154-4fd3-af09-aa8d0bad65b8/DS-cbd5e898-1f82-47e9-931c-75593037a700/container.db for volume DS-cbd5e898-1f82-47e9-931c-75593037a700
2025-02-16 13:03:29,144 [main] INFO  utils.BackgroundService (BackgroundService.java:shutdown(162)) - Shutting down service BlockDeletingService
2025-02-16 13:03:29,144 [main] INFO  utils.BackgroundService (BackgroundService.java:shutdown(162)) - Shutting down service StaleRecoveringContainerScrubbingService
2025-02-16 13:03:29,145 [main] INFO  statemachine.DatanodeStateMachine (DatanodeStateMachine.java:stopDaemon(625)) - Ozone container server stopped.
2025-02-16 13:03:29,156 [main] INFO  handler.ContextHandler (ContextHandler.java:doStop(1159)) - Stopped o.e.j.w.WebAppContext@54e06eeb{hddsDatanode,/,null,STOPPED}{jar:file:/home/runner/work/ozone/ozone/hadoop-hdds/container-service/target/hdds-container-service-2.0.0-SNAPSHOT.jar!/webapps/hddsDatanode}
2025-02-16 13:03:29,157 [main] INFO  server.AbstractConnector (AbstractConnector.java:doStop(383)) - Stopped ServerConnector@3eeab865{HTTP/1.1, (http/1.1)}{0.0.0.0:15142}
2025-02-16 13:03:29,157 [main] INFO  server.session (HouseKeeper.java:stopScavenging(149)) - node0 Stopped scavenging
2025-02-16 13:03:29,157 [main] INFO  handler.ContextHandler (ContextHandler.java:doStop(1159)) - Stopped o.e.j.s.ServletContextHandler@66d3f19a{static,/static,jar:file:/home/runner/work/ozone/ozone/hadoop-hdds/container-service/target/hdds-container-service-2.0.0-SNAPSHOT.jar!/webapps/static,STOPPED}
2025-02-16 13:03:29,157 [main] INFO  handler.ContextHandler (ContextHandler.java:doStop(1159)) - Stopped o.e.j.s.ServletContextHandler@6fadcfb4{logs,/logs,file:///home/runner/work/ozone/ozone/hadoop-ozone/integration-test/target/log,STOPPED}
2025-02-16 13:03:29,158 [main] INFO  ozone.HddsDatanodeClientProtocolServer (HddsDatanodeClientProtocolServer.java:stop(83)) - Stopping the RPC server for Client Protocol
2025-02-16 13:03:29,158 [main] INFO  ipc.Server (Server.java:stop(3697)) - Stopping server on 15143
2025-02-16 13:03:29,159 [IPC Server listener on 15143] INFO  ipc.Server (Server.java:run(1585)) - Stopping IPC Server listener on 15143
2025-02-16 13:03:29,159 [IPC Server Responder] INFO  ipc.Server (Server.java:run(1718)) - Stopping IPC Server Responder
]]></system-out>
  </testcase>
</testsuite>