<?xml version="1.0" encoding="UTF-8"?>
<testsuite xmlns:xsi="http://www.w3.org/2001/XMLSchema-instance" xsi:noNamespaceSchemaLocation="https://maven.apache.org/surefire/maven-surefire-plugin/xsd/surefire-test-report.xsd" name="org.apache.hadoop.ozone.om.TestOzoneManagerHAWithData" time="323.222" tests="12" errors="1" skipped="1" failures="0">
  <properties>
    <property name="awt.toolkit" value="sun.awt.X11.XToolkit"/>
    <property name="file.encoding.pkg" value="sun.io"/>
    <property name="java.specification.version" value="1.8"/>
    <property name="sun.cpu.isalist" value=""/>
    <property name="sun.jnu.encoding" value="ANSI_X3.4-1968"/>
    <property name="java.class.path" value="/github/workspace/mnt/ozone/hadoop-ozone/integration-test/target/test-classes:/github/workspace/mnt/ozone/hadoop-ozone/integration-test/target/classes:/home/user/.m2/repository/org/apache/hadoop/hadoop-ozone-common/0.6.0-SNAPSHOT/hadoop-ozone-common-0.6.0-SNAPSHOT.jar:/home/user/.m2/repository/org/apache/commons/commons-compress/1.4.1/commons-compress-1.4.1.jar:/home/user/.m2/repository/org/tukaani/xz/1.0/xz-1.0.jar:/home/user/.m2/repository/org/apache/hadoop/hadoop-hdds-common/0.6.0-SNAPSHOT/hadoop-hdds-common-0.6.0-SNAPSHOT.jar:/home/user/.m2/repository/org/apache/hadoop/hadoop-hdds-hadoop-dependency-client/0.6.0-SNAPSHOT/hadoop-hdds-hadoop-dependency-client-0.6.0-SNAPSHOT.jar:/home/user/.m2/repository/info/picocli/picocli/3.9.6/picocli-3.9.6.jar:/home/user/.m2/repository/com/fasterxml/jackson/core/jackson-annotations/2.10.3/jackson-annotations-2.10.3.jar:/home/user/.m2/repository/javax/annotation/javax.annotation-api/1.2/javax.annotation-api-1.2.jar:/home/user/.m2/repository/org/apache/ratis/ratis-server/0.6.0-6ab75ae-SNAPSHOT/ratis-server-0.6.0-6ab75ae-SNAPSHOT.jar:/home/user/.m2/repository/org/apache/ratis/ratis-client/0.6.0-6ab75ae-SNAPSHOT/ratis-client-0.6.0-6ab75ae-SNAPSHOT.jar:/home/user/.m2/repository/org/apache/ratis/ratis-metrics/0.6.0-6ab75ae-SNAPSHOT/ratis-metrics-0.6.0-6ab75ae-SNAPSHOT.jar:/home/user/.m2/repository/org/apache/ratis/ratis-netty/0.6.0-6ab75ae-SNAPSHOT/ratis-netty-0.6.0-6ab75ae-SNAPSHOT.jar:/home/user/.m2/repository/org/apache/ratis/ratis-grpc/0.6.0-6ab75ae-SNAPSHOT/ratis-grpc-0.6.0-6ab75ae-SNAPSHOT.jar:/home/user/.m2/repository/org/apache/logging/log4j/log4j-api/2.11.0/log4j-api-2.11.0.jar:/home/user/.m2/repository/org/apache/logging/log4j/log4j-core/2.11.0/log4j-core-2.11.0.jar:/home/user/.m2/repository/com/lmax/disruptor/3.4.2/disruptor-3.4.2.jar:/home/user/.m2/repository/org/apache/commons/commons-pool2/2.6.0/commons-pool2-2.6.0.jar:/home/user/.m2/repository/org/bouncycastle/bcpkix-jdk15on/1.60/bcpkix-jdk15on-1.60.jar:/home/user/.m2/repository/commons-validator/commons-validator/1.6/commons-validator-1.6.jar:/home/user/.m2/repository/commons-digester/commons-digester/1.8.1/commons-digester-1.8.1.jar:/home/user/.m2/repository/io/jaegertracing/jaeger-client/1.2.0/jaeger-client-1.2.0.jar:/home/user/.m2/repository/io/jaegertracing/jaeger-thrift/1.2.0/jaeger-thrift-1.2.0.jar:/home/user/.m2/repository/org/apache/thrift/libthrift/0.13.0/libthrift-0.13.0.jar:/home/user/.m2/repository/com/squareup/okhttp3/okhttp/4.2.2/okhttp-4.2.2.jar:/home/user/.m2/repository/com/squareup/okio/okio/2.2.2/okio-2.2.2.jar:/home/user/.m2/repository/org/jetbrains/kotlin/kotlin-stdlib/1.3.50/kotlin-stdlib-1.3.50.jar:/home/user/.m2/repository/org/jetbrains/kotlin/kotlin-stdlib-common/1.3.50/kotlin-stdlib-common-1.3.50.jar:/home/user/.m2/repository/org/jetbrains/annotations/13.0/annotations-13.0.jar:/home/user/.m2/repository/io/jaegertracing/jaeger-core/1.2.0/jaeger-core-1.2.0.jar:/home/user/.m2/repository/io/jaegertracing/jaeger-tracerresolver/1.2.0/jaeger-tracerresolver-1.2.0.jar:/home/user/.m2/repository/io/opentracing/contrib/opentracing-tracerresolver/0.1.8/opentracing-tracerresolver-0.1.8.jar:/home/user/.m2/repository/io/opentracing/opentracing-util/0.33.0/opentracing-util-0.33.0.jar:/home/user/.m2/repository/io/opentracing/opentracing-api/0.33.0/opentracing-api-0.33.0.jar:/home/user/.m2/repository/io/opentracing/opentracing-noop/0.33.0/opentracing-noop-0.33.0.jar:/home/user/.m2/repository/org/apache/hadoop/hadoop-hdds-client/0.6.0-SNAPSHOT/hadoop-hdds-client-0.6.0-SNAPSHOT.jar:/home/user/.m2/repository/org/apache/hadoop/hadoop-ozone-interface-client/0.6.0-SNAPSHOT/hadoop-ozone-interface-client-0.6.0-SNAPSHOT.jar:/home/user/.m2/repository/org/apache/hadoop/hadoop-hdds-test-utils/0.6.0-SNAPSHOT/hadoop-hdds-test-utils-0.6.0-SNAPSHOT.jar:/home/user/.m2/repository/com/google/guava/guava/28.2-jre/guava-28.2-jre.jar:/home/user/.m2/repository/com/google/guava/failureaccess/1.0.1/failureaccess-1.0.1.jar:/home/user/.m2/repository/com/google/guava/listenablefuture/9999.0-empty-to-avoid-conflict-with-guava/listenablefuture-9999.0-empty-to-avoid-conflict-with-guava.jar:/home/user/.m2/repository/com/google/code/findbugs/jsr305/3.0.0/jsr305-3.0.0.jar:/home/user/.m2/repository/org/checkerframework/checker-qual/2.10.0/checker-qual-2.10.0.jar:/home/user/.m2/repository/com/google/errorprone/error_prone_annotations/2.2.0/error_prone_annotations-2.2.0.jar:/home/user/.m2/repository/com/google/j2objc/j2objc-annotations/1.3/j2objc-annotations-1.3.jar:/home/user/.m2/repository/commons-io/commons-io/2.5/commons-io-2.5.jar:/home/user/.m2/repository/commons-logging/commons-logging/1.2/commons-logging-1.2.jar:/home/user/.m2/repository/log4j/log4j/1.2.17/log4j-1.2.17.jar:/home/user/.m2/repository/org/slf4j/slf4j-api/1.7.25/slf4j-api-1.7.25.jar:/home/user/.m2/repository/org/apache/hadoop/hadoop-hdds-server-scm/0.6.0-SNAPSHOT/hadoop-hdds-server-scm-0.6.0-SNAPSHOT.jar:/home/user/.m2/repository/org/apache/hadoop/hadoop-hdds-container-service/0.6.0-SNAPSHOT/hadoop-hdds-container-service-0.6.0-SNAPSHOT.jar:/home/user/.m2/repository/org/apache/hadoop/hadoop-hdds-hadoop-dependency-server/0.6.0-SNAPSHOT/hadoop-hdds-hadoop-dependency-server-0.6.0-SNAPSHOT.jar:/home/user/.m2/repository/org/apache/hadoop/hadoop-hdds-server-framework/0.6.0-SNAPSHOT/hadoop-hdds-server-framework-0.6.0-SNAPSHOT.jar:/home/user/.m2/repository/org/apache/hadoop/hadoop-hdds-interface-server/0.6.0-SNAPSHOT/hadoop-hdds-interface-server-0.6.0-SNAPSHOT.jar:/home/user/.m2/repository/org/apache/hadoop/hadoop-hdds-interface-admin/0.6.0-SNAPSHOT/hadoop-hdds-interface-admin-0.6.0-SNAPSHOT.jar:/home/user/.m2/repository/org/rocksdb/rocksdbjni/6.8.1/rocksdbjni-6.8.1.jar:/home/user/.m2/repository/io/prometheus/simpleclient_dropwizard/0.7.0/simpleclient_dropwizard-0.7.0.jar:/home/user/.m2/repository/io/prometheus/simpleclient/0.7.0/simpleclient-0.7.0.jar:/home/user/.m2/repository/io/prometheus/simpleclient_common/0.7.0/simpleclient_common-0.7.0.jar:/home/user/.m2/repository/com/fasterxml/jackson/datatype/jackson-datatype-jsr310/2.10.3/jackson-datatype-jsr310-2.10.3.jar:/home/user/.m2/repository/org/apache/hadoop/hadoop-hdds-docs/0.6.0-SNAPSHOT/hadoop-hdds-docs-0.6.0-SNAPSHOT.jar:/home/user/.m2/repository/io/dropwizard/metrics/metrics-core/3.2.4/metrics-core-3.2.4.jar:/home/user/.m2/repository/org/apache/hadoop/hadoop-hdfs-client/3.2.1/hadoop-hdfs-client-3.2.1.jar:/home/user/.m2/repository/org/bouncycastle/bcprov-jdk15on/1.60/bcprov-jdk15on-1.60.jar:/home/user/.m2/repository/org/apache/hadoop/hadoop-ozone-ozone-manager/0.6.0-SNAPSHOT/hadoop-ozone-ozone-manager-0.6.0-SNAPSHOT.jar:/home/user/.m2/repository/org/apache/hadoop/hadoop-hdds-interface-client/0.6.0-SNAPSHOT/hadoop-hdds-interface-client-0.6.0-SNAPSHOT.jar:/home/user/.m2/repository/org/apache/ratis/ratis-thirdparty-misc/0.4.0/ratis-thirdparty-misc-0.4.0.jar:/home/user/.m2/repository/org/apache/hadoop/hadoop-minikdc/3.2.1/hadoop-minikdc-3.2.1.jar:/home/user/.m2/repository/org/apache/kerby/kerb-simplekdc/1.0.1/kerb-simplekdc-1.0.1.jar:/home/user/.m2/repository/org/apache/kerby/kerb-client/1.0.1/kerb-client-1.0.1.jar:/home/user/.m2/repository/org/apache/kerby/kerby-config/1.0.1/kerby-config-1.0.1.jar:/home/user/.m2/repository/org/apache/kerby/kerb-core/1.0.1/kerb-core-1.0.1.jar:/home/user/.m2/repository/org/apache/kerby/kerby-pkix/1.0.1/kerby-pkix-1.0.1.jar:/home/user/.m2/repository/org/apache/kerby/kerby-asn1/1.0.1/kerby-asn1-1.0.1.jar:/home/user/.m2/repository/org/apache/kerby/kerby-util/1.0.1/kerby-util-1.0.1.jar:/home/user/.m2/repository/org/apache/kerby/kerb-common/1.0.1/kerb-common-1.0.1.jar:/home/user/.m2/repository/org/apache/kerby/kerb-crypto/1.0.1/kerb-crypto-1.0.1.jar:/home/user/.m2/repository/org/apache/kerby/kerb-util/1.0.1/kerb-util-1.0.1.jar:/home/user/.m2/repository/org/apache/kerby/token-provider/1.0.1/token-provider-1.0.1.jar:/home/user/.m2/repository/org/apache/kerby/kerb-admin/1.0.1/kerb-admin-1.0.1.jar:/home/user/.m2/repository/org/apache/kerby/kerb-server/1.0.1/kerb-server-1.0.1.jar:/home/user/.m2/repository/org/apache/kerby/kerb-identity/1.0.1/kerb-identity-1.0.1.jar:/home/user/.m2/repository/org/apache/kerby/kerby-xdr/1.0.1/kerby-xdr-1.0.1.jar:/home/user/.m2/repository/org/slf4j/slf4j-log4j12/1.7.25/slf4j-log4j12-1.7.25.jar:/home/user/.m2/repository/org/apache/hadoop/hadoop-ozone-s3gateway/0.6.0-SNAPSHOT/hadoop-ozone-s3gateway-0.6.0-SNAPSHOT.jar:/home/user/.m2/repository/org/jboss/weld/servlet/weld-servlet/2.4.7.Final/weld-servlet-2.4.7.Final.jar:/home/user/.m2/repository/org/glassfish/jersey/containers/jersey-container-servlet-core/2.27/jersey-container-servlet-core-2.27.jar:/home/user/.m2/repository/org/glassfish/hk2/external/javax.inject/2.5.0-b42/javax.inject-2.5.0-b42.jar:/home/user/.m2/repository/org/glassfish/jersey/core/jersey-common/2.27/jersey-common-2.27.jar:/home/user/.m2/repository/org/glassfish/hk2/osgi-resource-locator/1.0.1/osgi-resource-locator-1.0.1.jar:/home/user/.m2/repository/javax/ws/rs/javax.ws.rs-api/2.1/javax.ws.rs-api-2.1.jar:/home/user/.m2/repository/org/glassfish/jersey/ext/cdi/jersey-cdi1x/2.27/jersey-cdi1x-2.27.jar:/home/user/.m2/repository/org/glassfish/jersey/inject/jersey-hk2/2.27/jersey-hk2-2.27.jar:/home/user/.m2/repository/org/glassfish/hk2/hk2-locator/2.5.0-b42/hk2-locator-2.5.0-b42.jar:/home/user/.m2/repository/org/javassist/javassist/3.22.0-CR2/javassist-3.22.0-CR2.jar:/home/user/.m2/repository/org/glassfish/hk2/hk2-api/2.5.0/hk2-api-2.5.0.jar:/home/user/.m2/repository/org/glassfish/hk2/external/jakarta.inject/2.5.0/jakarta.inject-2.5.0.jar:/home/user/.m2/repository/org/glassfish/hk2/hk2-utils/2.5.0/hk2-utils-2.5.0.jar:/home/user/.m2/repository/jakarta/annotation/jakarta.annotation-api/1.3.4/jakarta.annotation-api-1.3.4.jar:/home/user/.m2/repository/org/glassfish/hk2/external/aopalliance-repackaged/2.5.0/aopalliance-repackaged-2.5.0.jar:/home/user/.m2/repository/com/fasterxml/jackson/dataformat/jackson-dataformat-xml/2.10.3/jackson-dataformat-xml-2.10.3.jar:/home/user/.m2/repository/com/fasterxml/jackson/core/jackson-core/2.10.3/jackson-core-2.10.3.jar:/home/user/.m2/repository/com/fasterxml/jackson/module/jackson-module-jaxb-annotations/2.10.3/jackson-module-jaxb-annotations-2.10.3.jar:/home/user/.m2/repository/jakarta/xml/bind/jakarta.xml.bind-api/2.3.2/jakarta.xml.bind-api-2.3.2.jar:/home/user/.m2/repository/jakarta/activation/jakarta.activation-api/1.2.1/jakarta.activation-api-1.2.1.jar:/home/user/.m2/repository/org/codehaus/woodstox/stax2-api/3.1.4/stax2-api-3.1.4.jar:/home/user/.m2/repository/com/fasterxml/woodstox/woodstox-core/5.0.3/woodstox-core-5.0.3.jar:/home/user/.m2/repository/javax/enterprise/cdi-api/1.2/cdi-api-1.2.jar:/home/user/.m2/repository/javax/el/javax.el-api/3.0.0/javax.el-api-3.0.0.jar:/home/user/.m2/repository/javax/interceptor/javax.interceptor-api/1.2/javax.interceptor-api-1.2.jar:/home/user/.m2/repository/javax/inject/javax.inject/1/javax.inject-1.jar:/home/user/.m2/repository/com/sun/xml/bind/jaxb-impl/2.3.0.1/jaxb-impl-2.3.0.1.jar:/home/user/.m2/repository/com/sun/xml/bind/jaxb-core/2.3.0.1/jaxb-core-2.3.0.1.jar:/home/user/.m2/repository/javax/xml/bind/jaxb-api/2.3.0/jaxb-api-2.3.0.jar:/home/user/.m2/repository/javax/activation/activation/1.1.1/activation-1.1.1.jar:/home/user/.m2/repository/org/apache/hadoop/hadoop-ozone-csi/0.6.0-SNAPSHOT/hadoop-ozone-csi-0.6.0-SNAPSHOT.jar:/home/user/.m2/repository/com/google/protobuf/protobuf-java-util/3.11.0/protobuf-java-util-3.11.0.jar:/home/user/.m2/repository/com/google/code/gson/gson/2.2.4/gson-2.2.4.jar:/home/user/.m2/repository/org/apache/hadoop/hadoop-hdds-config/0.6.0-SNAPSHOT/hadoop-hdds-config-0.6.0-SNAPSHOT.jar:/home/user/.m2/repository/com/google/protobuf/protobuf-java/2.5.0/protobuf-java-2.5.0.jar:/home/user/.m2/repository/io/grpc/grpc-netty/1.29.0/grpc-netty-1.29.0.jar:/home/user/.m2/repository/io/grpc/grpc-core/1.29.0/grpc-core-1.29.0.jar:/home/user/.m2/repository/com/google/android/annotations/4.1.1.4/annotations-4.1.1.4.jar:/home/user/.m2/repository/io/perfmark/perfmark-api/0.19.0/perfmark-api-0.19.0.jar:/home/user/.m2/repository/io/netty/netty-codec-http2/4.1.48.Final/netty-codec-http2-4.1.48.Final.jar:/home/user/.m2/repository/io/netty/netty-codec/4.1.48.Final/netty-codec-4.1.48.Final.jar:/home/user/.m2/repository/io/netty/netty-handler/4.1.48.Final/netty-handler-4.1.48.Final.jar:/home/user/.m2/repository/io/netty/netty-codec-http/4.1.48.Final/netty-codec-http-4.1.48.Final.jar:/home/user/.m2/repository/io/netty/netty-handler-proxy/4.1.48.Final/netty-handler-proxy-4.1.48.Final.jar:/home/user/.m2/repository/io/netty/netty-codec-socks/4.1.48.Final/netty-codec-socks-4.1.48.Final.jar:/home/user/.m2/repository/io/netty/netty-transport-native-epoll/4.1.48.Final/netty-transport-native-epoll-4.1.48.Final.jar:/home/user/.m2/repository/io/netty/netty-common/4.1.48.Final/netty-common-4.1.48.Final.jar:/home/user/.m2/repository/io/netty/netty-buffer/4.1.48.Final/netty-buffer-4.1.48.Final.jar:/home/user/.m2/repository/io/netty/netty-transport/4.1.48.Final/netty-transport-4.1.48.Final.jar:/home/user/.m2/repository/io/netty/netty-resolver/4.1.48.Final/netty-resolver-4.1.48.Final.jar:/home/user/.m2/repository/io/netty/netty-transport-native-unix-common/4.1.48.Final/netty-transport-native-unix-common-4.1.48.Final.jar:/home/user/.m2/repository/io/grpc/grpc-protobuf/1.29.0/grpc-protobuf-1.29.0.jar:/home/user/.m2/repository/io/grpc/grpc-api/1.29.0/grpc-api-1.29.0.jar:/home/user/.m2/repository/io/grpc/grpc-context/1.29.0/grpc-context-1.29.0.jar:/home/user/.m2/repository/org/codehaus/mojo/animal-sniffer-annotations/1.18/animal-sniffer-annotations-1.18.jar:/home/user/.m2/repository/com/google/api/grpc/proto-google-common-protos/1.17.0/proto-google-common-protos-1.17.0.jar:/home/user/.m2/repository/io/grpc/grpc-protobuf-lite/1.29.0/grpc-protobuf-lite-1.29.0.jar:/home/user/.m2/repository/io/grpc/grpc-stub/1.29.0/grpc-stub-1.29.0.jar:/home/user/.m2/repository/org/apache/hadoop/hadoop-ozone-recon/0.6.0-SNAPSHOT/hadoop-ozone-recon-0.6.0-SNAPSHOT.jar:/home/user/.m2/repository/org/apache/hadoop/hadoop-ozone-reconcodegen/0.6.0-SNAPSHOT/hadoop-ozone-reconcodegen-0.6.0-SNAPSHOT.jar:/home/user/.m2/repository/com/google/inject/extensions/guice-multibindings/4.0/guice-multibindings-4.0.jar:/home/user/.m2/repository/com/google/inject/guice/4.0/guice-4.0.jar:/home/user/.m2/repository/aopalliance/aopalliance/1.0/aopalliance-1.0.jar:/home/user/.m2/repository/com/google/inject/extensions/guice-assistedinject/4.0/guice-assistedinject-4.0.jar:/home/user/.m2/repository/com/google/inject/extensions/guice-servlet/4.0/guice-servlet-4.0.jar:/home/user/.m2/repository/org/glassfish/jersey/containers/jersey-container-servlet/2.27/jersey-container-servlet-2.27.jar:/home/user/.m2/repository/org/glassfish/hk2/guice-bridge/2.5.0/guice-bridge-2.5.0.jar:/home/user/.m2/repository/org/glassfish/jersey/core/jersey-server/2.27/jersey-server-2.27.jar:/home/user/.m2/repository/org/glassfish/jersey/core/jersey-client/2.27/jersey-client-2.27.jar:/home/user/.m2/repository/org/glassfish/jersey/media/jersey-media-jaxb/2.27/jersey-media-jaxb-2.27.jar:/home/user/.m2/repository/javax/validation/validation-api/1.1.0.Final/validation-api-1.1.0.Final.jar:/home/user/.m2/repository/org/glassfish/jersey/media/jersey-media-json-jackson/2.27/jersey-media-json-jackson-2.27.jar:/home/user/.m2/repository/org/glassfish/jersey/ext/jersey-entity-filtering/2.27/jersey-entity-filtering-2.27.jar:/home/user/.m2/repository/org/jooq/jooq/3.11.10/jooq-3.11.10.jar:/home/user/.m2/repository/org/jooq/jooq-meta/3.11.10/jooq-meta-3.11.10.jar:/home/user/.m2/repository/org/jooq/jooq-codegen/3.11.10/jooq-codegen-3.11.10.jar:/home/user/.m2/repository/com/jolbox/bonecp/0.8.0.RELEASE/bonecp-0.8.0.RELEASE.jar:/home/user/.m2/repository/org/apache/derby/derby/10.14.2.0/derby-10.14.2.0.jar:/home/user/.m2/repository/org/xerial/sqlite-jdbc/3.25.2/sqlite-jdbc-3.25.2.jar:/home/user/.m2/repository/org/springframework/spring-jdbc/5.2.5.RELEASE/spring-jdbc-5.2.5.RELEASE.jar:/home/user/.m2/repository/org/springframework/spring-beans/5.2.5.RELEASE/spring-beans-5.2.5.RELEASE.jar:/home/user/.m2/repository/org/springframework/spring-core/5.2.5.RELEASE/spring-core-5.2.5.RELEASE.jar:/home/user/.m2/repository/org/springframework/spring-jcl/5.2.5.RELEASE/spring-jcl-5.2.5.RELEASE.jar:/home/user/.m2/repository/org/springframework/spring-tx/5.2.5.RELEASE/spring-tx-5.2.5.RELEASE.jar:/home/user/.m2/repository/org/apache/hadoop/hadoop-ozone-client/0.6.0-SNAPSHOT/hadoop-ozone-client-0.6.0-SNAPSHOT.jar:/home/user/.m2/repository/org/apache/hadoop/hadoop-ozone-filesystem/0.6.0-SNAPSHOT/hadoop-ozone-filesystem-0.6.0-SNAPSHOT.jar:/home/user/.m2/repository/org/apache/hadoop/hadoop-ozone-filesystem-common/0.6.0-SNAPSHOT/hadoop-ozone-filesystem-common-0.6.0-SNAPSHOT.jar:/home/user/.m2/repository/org/apache/hadoop/hadoop-ozone-tools/0.6.0-SNAPSHOT/hadoop-ozone-tools-0.6.0-SNAPSHOT.jar:/home/user/.m2/repository/org/apache/hadoop/hadoop-hdfs/3.2.1/hadoop-hdfs-3.2.1.jar:/home/user/.m2/repository/org/apache/ratis/ratis-tools/0.6.0-6ab75ae-SNAPSHOT/ratis-tools-0.6.0-6ab75ae-SNAPSHOT.jar:/home/user/.m2/repository/org/apache/ratis/ratis-proto/0.6.0-6ab75ae-SNAPSHOT/ratis-proto-0.6.0-6ab75ae-SNAPSHOT.jar:/home/user/.m2/repository/org/apache/ratis/ratis-common/0.6.0-6ab75ae-SNAPSHOT/ratis-common-0.6.0-6ab75ae-SNAPSHOT.jar:/home/user/.m2/repository/com/amazonaws/aws-java-sdk-core/1.11.615/aws-java-sdk-core-1.11.615.jar:/home/user/.m2/repository/org/apache/httpcomponents/httpclient/4.5.2/httpclient-4.5.2.jar:/home/user/.m2/repository/org/apache/httpcomponents/httpcore/4.4.4/httpcore-4.4.4.jar:/home/user/.m2/repository/software/amazon/ion/ion-java/1.0.2/ion-java-1.0.2.jar:/home/user/.m2/repository/com/fasterxml/jackson/dataformat/jackson-dataformat-cbor/2.10.3/jackson-dataformat-cbor-2.10.3.jar:/home/user/.m2/repository/joda-time/joda-time/2.8.1/joda-time-2.8.1.jar:/home/user/.m2/repository/com/amazonaws/aws-java-sdk-s3/1.11.615/aws-java-sdk-s3-1.11.615.jar:/home/user/.m2/repository/com/amazonaws/aws-java-sdk-kms/1.11.615/aws-java-sdk-kms-1.11.615.jar:/home/user/.m2/repository/com/amazonaws/jmespath-java/1.11.615/jmespath-java-1.11.615.jar:/home/user/.m2/repository/org/apache/hadoop/hadoop-hdds-tools/0.6.0-SNAPSHOT/hadoop-hdds-tools-0.6.0-SNAPSHOT.jar:/home/user/.m2/repository/commons-cli/commons-cli/1.2/commons-cli-1.2.jar:/home/user/.m2/repository/org/apache/commons/commons-lang3/3.7/commons-lang3-3.7.jar:/home/user/.m2/repository/org/apache/hadoop/hadoop-ozone-ozone-manager/0.6.0-SNAPSHOT/hadoop-ozone-ozone-manager-0.6.0-SNAPSHOT-tests.jar:/home/user/.m2/repository/junit/junit/4.11/junit-4.11.jar:/home/user/.m2/repository/org/hamcrest/hamcrest-core/1.3/hamcrest-core-1.3.jar:/home/user/.m2/repository/org/openjdk/jmh/jmh-core/1.19/jmh-core-1.19.jar:/home/user/.m2/repository/net/sf/jopt-simple/jopt-simple/4.6/jopt-simple-4.6.jar:/home/user/.m2/repository/org/apache/commons/commons-math3/3.1.1/commons-math3-3.1.1.jar:/home/user/.m2/repository/org/openjdk/jmh/jmh-generator-annprocess/1.19/jmh-generator-annprocess-1.19.jar:/home/user/.m2/repository/org/mockito/mockito-all/1.8.5/mockito-all-1.8.5.jar:/home/user/.m2/repository/org/apache/hadoop/hadoop-kms/3.2.1/hadoop-kms-3.2.1.jar:/home/user/.m2/repository/org/apache/hadoop/hadoop-auth/3.2.1/hadoop-auth-3.2.1.jar:/home/user/.m2/repository/com/nimbusds/nimbus-jose-jwt/7.9/nimbus-jose-jwt-7.9.jar:/home/user/.m2/repository/com/github/stephenc/jcip/jcip-annotations/1.0-1/jcip-annotations-1.0-1.jar:/home/user/.m2/repository/net/minidev/json-smart/2.3/json-smart-2.3.jar:/home/user/.m2/repository/net/minidev/accessors-smart/1.2/accessors-smart-1.2.jar:/home/user/.m2/repository/org/ow2/asm/asm/5.0.4/asm-5.0.4.jar:/home/user/.m2/repository/org/apache/zookeeper/zookeeper/3.4.13/zookeeper-3.4.13.jar:/home/user/.m2/repository/org/apache/yetus/audience-annotations/0.5.0/audience-annotations-0.5.0.jar:/home/user/.m2/repository/org/apache/curator/curator-framework/2.13.0/curator-framework-2.13.0.jar:/home/user/.m2/repository/com/sun/jersey/jersey-core/1.19/jersey-core-1.19.jar:/home/user/.m2/repository/javax/ws/rs/jsr311-api/1.1.1/jsr311-api-1.1.1.jar:/home/user/.m2/repository/com/sun/jersey/jersey-server/1.19/jersey-server-1.19.jar:/home/user/.m2/repository/javax/servlet/javax.servlet-api/3.1.0/javax.servlet-api-3.1.0.jar:/home/user/.m2/repository/org/eclipse/jetty/jetty-server/9.4.26.v20200117/jetty-server-9.4.26.v20200117.jar:/home/user/.m2/repository/org/eclipse/jetty/jetty-http/9.4.26.v20200117/jetty-http-9.4.26.v20200117.jar:/home/user/.m2/repository/org/eclipse/jetty/jetty-io/9.4.26.v20200117/jetty-io-9.4.26.v20200117.jar:/home/user/.m2/repository/org/eclipse/jetty/jetty-webapp/9.4.26.v20200117/jetty-webapp-9.4.26.v20200117.jar:/home/user/.m2/repository/org/eclipse/jetty/jetty-xml/9.4.26.v20200117/jetty-xml-9.4.26.v20200117.jar:/home/user/.m2/repository/org/eclipse/jetty/jetty-servlet/9.4.26.v20200117/jetty-servlet-9.4.26.v20200117.jar:/home/user/.m2/repository/org/eclipse/jetty/jetty-security/9.4.26.v20200117/jetty-security-9.4.26.v20200117.jar:/home/user/.m2/repository/org/apache/hadoop/hadoop-common/3.2.1/hadoop-common-3.2.1.jar:/home/user/.m2/repository/commons-net/commons-net/3.6/commons-net-3.6.jar:/home/user/.m2/repository/commons-collections/commons-collections/3.2.2/commons-collections-3.2.2.jar:/home/user/.m2/repository/com/sun/jersey/jersey-servlet/1.19/jersey-servlet-1.19.jar:/home/user/.m2/repository/com/sun/jersey/jersey-json/1.19/jersey-json-1.19.jar:/home/user/.m2/repository/org/codehaus/jettison/jettison/1.1/jettison-1.1.jar:/home/user/.m2/repository/org/codehaus/jackson/jackson-jaxrs/1.9.2/jackson-jaxrs-1.9.2.jar:/home/user/.m2/repository/org/codehaus/jackson/jackson-xc/1.9.2/jackson-xc-1.9.2.jar:/home/user/.m2/repository/commons-beanutils/commons-beanutils/1.9.4/commons-beanutils-1.9.4.jar:/home/user/.m2/repository/org/apache/commons/commons-configuration2/2.1.1/commons-configuration2-2.1.1.jar:/home/user/.m2/repository/org/apache/commons/commons-text/1.4/commons-text-1.4.jar:/home/user/.m2/repository/com/google/re2j/re2j/1.1/re2j-1.1.jar:/home/user/.m2/repository/com/jcraft/jsch/0.1.54/jsch-0.1.54.jar:/home/user/.m2/repository/org/apache/curator/curator-client/2.13.0/curator-client-2.13.0.jar:/home/user/.m2/repository/org/apache/curator/curator-recipes/2.13.0/curator-recipes-2.13.0.jar:/home/user/.m2/repository/dnsjava/dnsjava/2.1.7/dnsjava-2.1.7.jar:/home/user/.m2/repository/org/slf4j/jul-to-slf4j/1.7.25/jul-to-slf4j-1.7.25.jar:/home/user/.m2/repository/org/eclipse/jetty/jetty-util/9.4.26.v20200117/jetty-util-9.4.26.v20200117.jar:/home/user/.m2/repository/com/fasterxml/jackson/core/jackson-databind/2.10.3/jackson-databind-2.10.3.jar:/home/user/.m2/repository/org/apache/hadoop/hadoop-kms/3.2.1/hadoop-kms-3.2.1-tests.jar:/home/user/.m2/repository/org/apache/hadoop/hadoop-hdds-server-scm/0.6.0-SNAPSHOT/hadoop-hdds-server-scm-0.6.0-SNAPSHOT-tests.jar:/home/user/.m2/repository/org/apache/hadoop/hadoop-hdds-container-service/0.6.0-SNAPSHOT/hadoop-hdds-container-service-0.6.0-SNAPSHOT-tests.jar:/home/user/.m2/repository/org/apache/hadoop/hadoop-hdds-common/0.6.0-SNAPSHOT/hadoop-hdds-common-0.6.0-SNAPSHOT-tests.jar:/home/user/.m2/repository/org/yaml/snakeyaml/1.16/snakeyaml-1.16.jar:/home/user/.m2/repository/org/apache/hadoop/hadoop-hdds-hadoop-dependency-test/0.6.0-SNAPSHOT/hadoop-hdds-hadoop-dependency-test-0.6.0-SNAPSHOT.jar:/home/user/.m2/repository/org/apache/hadoop/hadoop-common/3.2.1/hadoop-common-3.2.1-tests.jar:/home/user/.m2/repository/javax/servlet/jsp/jsp-api/2.1/jsp-api-2.1.jar:/home/user/.m2/repository/org/apache/hadoop/hadoop-hdfs/3.2.1/hadoop-hdfs-3.2.1-tests.jar:/home/user/.m2/repository/org/eclipse/jetty/jetty-util-ajax/9.4.26.v20200117/jetty-util-ajax-9.4.26.v20200117.jar:/home/user/.m2/repository/commons-codec/commons-codec/1.11/commons-codec-1.11.jar:/home/user/.m2/repository/commons-daemon/commons-daemon/1.0.13/commons-daemon-1.0.13.jar:/home/user/.m2/repository/io/netty/netty/3.10.5.Final/netty-3.10.5.Final.jar:/home/user/.m2/repository/io/netty/netty-all/4.1.48.Final/netty-all-4.1.48.Final.jar:/home/user/.m2/repository/org/apache/htrace/htrace-core4/4.1.0-incubating/htrace-core4-4.1.0-incubating.jar:/home/user/.m2/repository/org/fusesource/leveldbjni/leveldbjni-all/1.8/leveldbjni-all-1.8.jar:/home/user/.m2/repository/org/apache/hadoop/hadoop-distcp/3.2.1/hadoop-distcp-3.2.1.jar:/home/user/.m2/repository/org/apache/hadoop/hadoop-mapreduce-client-jobclient/3.2.1/hadoop-mapreduce-client-jobclient-3.2.1.jar:/home/user/.m2/repository/org/apache/hadoop/hadoop-mapreduce-client-common/3.2.1/hadoop-mapreduce-client-common-3.2.1.jar:/home/user/.m2/repository/org/apache/hadoop/hadoop-yarn-common/3.2.1/hadoop-yarn-common-3.2.1.jar:/home/user/.m2/repository/org/apache/hadoop/hadoop-yarn-api/3.2.1/hadoop-yarn-api-3.2.1.jar:/home/user/.m2/repository/com/sun/jersey/jersey-client/1.19/jersey-client-1.19.jar:/home/user/.m2/repository/com/sun/jersey/contribs/jersey-guice/1.19/jersey-guice-1.19.jar:/home/user/.m2/repository/com/fasterxml/jackson/jaxrs/jackson-jaxrs-json-provider/2.10.3/jackson-jaxrs-json-provider-2.10.3.jar:/home/user/.m2/repository/com/fasterxml/jackson/jaxrs/jackson-jaxrs-base/2.10.3/jackson-jaxrs-base-2.10.3.jar:/home/user/.m2/repository/org/apache/hadoop/hadoop-yarn-client/3.2.1/hadoop-yarn-client-3.2.1.jar:/home/user/.m2/repository/org/apache/hadoop/hadoop-mapreduce-client-core/3.2.1/hadoop-mapreduce-client-core-3.2.1.jar:/home/user/.m2/repository/org/apache/avro/avro/1.7.7/avro-1.7.7.jar:/home/user/.m2/repository/org/codehaus/jackson/jackson-core-asl/1.9.13/jackson-core-asl-1.9.13.jar:/home/user/.m2/repository/org/codehaus/jackson/jackson-mapper-asl/1.9.13/jackson-mapper-asl-1.9.13.jar:/home/user/.m2/repository/com/thoughtworks/paranamer/paranamer/2.3/paranamer-2.3.jar:/home/user/.m2/repository/org/xerial/snappy/snappy-java/1.0.5/snappy-java-1.0.5.jar:/home/user/.m2/repository/org/apache/hadoop/hadoop-annotations/3.2.1/hadoop-annotations-3.2.1.jar:/usr/lib/jvm/java-1.8.0-openjdk-1.8.0.232.b09-0.el7_7.x86_64/jre/../lib/tools.jar:/home/user/.m2/repository/org/apache/hadoop/hadoop-distcp/3.2.1/hadoop-distcp-3.2.1-tests.jar:"/>
    <property name="java.vm.vendor" value="Oracle Corporation"/>
    <property name="sun.arch.data.model" value="64"/>
    <property name="test.build.dir" value="/github/workspace/mnt/ozone/hadoop-ozone/integration-test/target/test-dir"/>
    <property name="test.cache.data" value=""/>
    <property name="java.vendor.url" value="http://java.oracle.com/"/>
    <property name="user.timezone" value=""/>
    <property name="java.vm.specification.version" value="1.8"/>
    <property name="os.name" value="Linux"/>
    <property name="test.build.data" value="/github/workspace/mnt/ozone/hadoop-ozone/integration-test/target/test-dir"/>
    <property name="user.country" value="US"/>
    <property name="sun.java.launcher" value="SUN_STANDARD"/>
    <property name="sun.boot.library.path" value="/usr/lib/jvm/java-1.8.0-openjdk-1.8.0.232.b09-0.el7_7.x86_64/jre/lib/amd64"/>
    <property name="sun.java.command" value="/github/workspace/mnt/ozone/hadoop-ozone/integration-test/target/surefire/surefirebooter1308477141630131302.jar /github/workspace/mnt/ozone/hadoop-ozone/integration-test/target/surefire 2020-06-25T10-50-55_246-jvmRun1 surefire7167755528213320988tmp surefire_182872494982810166929tmp"/>
    <property name="surefire.test.class.path" value="/github/workspace/mnt/ozone/hadoop-ozone/integration-test/target/test-classes:/github/workspace/mnt/ozone/hadoop-ozone/integration-test/target/classes:/home/user/.m2/repository/org/apache/hadoop/hadoop-ozone-common/0.6.0-SNAPSHOT/hadoop-ozone-common-0.6.0-SNAPSHOT.jar:/home/user/.m2/repository/org/apache/commons/commons-compress/1.4.1/commons-compress-1.4.1.jar:/home/user/.m2/repository/org/tukaani/xz/1.0/xz-1.0.jar:/home/user/.m2/repository/org/apache/hadoop/hadoop-hdds-common/0.6.0-SNAPSHOT/hadoop-hdds-common-0.6.0-SNAPSHOT.jar:/home/user/.m2/repository/org/apache/hadoop/hadoop-hdds-hadoop-dependency-client/0.6.0-SNAPSHOT/hadoop-hdds-hadoop-dependency-client-0.6.0-SNAPSHOT.jar:/home/user/.m2/repository/info/picocli/picocli/3.9.6/picocli-3.9.6.jar:/home/user/.m2/repository/com/fasterxml/jackson/core/jackson-annotations/2.10.3/jackson-annotations-2.10.3.jar:/home/user/.m2/repository/javax/annotation/javax.annotation-api/1.2/javax.annotation-api-1.2.jar:/home/user/.m2/repository/org/apache/ratis/ratis-server/0.6.0-6ab75ae-SNAPSHOT/ratis-server-0.6.0-6ab75ae-SNAPSHOT.jar:/home/user/.m2/repository/org/apache/ratis/ratis-client/0.6.0-6ab75ae-SNAPSHOT/ratis-client-0.6.0-6ab75ae-SNAPSHOT.jar:/home/user/.m2/repository/org/apache/ratis/ratis-metrics/0.6.0-6ab75ae-SNAPSHOT/ratis-metrics-0.6.0-6ab75ae-SNAPSHOT.jar:/home/user/.m2/repository/org/apache/ratis/ratis-netty/0.6.0-6ab75ae-SNAPSHOT/ratis-netty-0.6.0-6ab75ae-SNAPSHOT.jar:/home/user/.m2/repository/org/apache/ratis/ratis-grpc/0.6.0-6ab75ae-SNAPSHOT/ratis-grpc-0.6.0-6ab75ae-SNAPSHOT.jar:/home/user/.m2/repository/org/apache/logging/log4j/log4j-api/2.11.0/log4j-api-2.11.0.jar:/home/user/.m2/repository/org/apache/logging/log4j/log4j-core/2.11.0/log4j-core-2.11.0.jar:/home/user/.m2/repository/com/lmax/disruptor/3.4.2/disruptor-3.4.2.jar:/home/user/.m2/repository/org/apache/commons/commons-pool2/2.6.0/commons-pool2-2.6.0.jar:/home/user/.m2/repository/org/bouncycastle/bcpkix-jdk15on/1.60/bcpkix-jdk15on-1.60.jar:/home/user/.m2/repository/commons-validator/commons-validator/1.6/commons-validator-1.6.jar:/home/user/.m2/repository/commons-digester/commons-digester/1.8.1/commons-digester-1.8.1.jar:/home/user/.m2/repository/io/jaegertracing/jaeger-client/1.2.0/jaeger-client-1.2.0.jar:/home/user/.m2/repository/io/jaegertracing/jaeger-thrift/1.2.0/jaeger-thrift-1.2.0.jar:/home/user/.m2/repository/org/apache/thrift/libthrift/0.13.0/libthrift-0.13.0.jar:/home/user/.m2/repository/com/squareup/okhttp3/okhttp/4.2.2/okhttp-4.2.2.jar:/home/user/.m2/repository/com/squareup/okio/okio/2.2.2/okio-2.2.2.jar:/home/user/.m2/repository/org/jetbrains/kotlin/kotlin-stdlib/1.3.50/kotlin-stdlib-1.3.50.jar:/home/user/.m2/repository/org/jetbrains/kotlin/kotlin-stdlib-common/1.3.50/kotlin-stdlib-common-1.3.50.jar:/home/user/.m2/repository/org/jetbrains/annotations/13.0/annotations-13.0.jar:/home/user/.m2/repository/io/jaegertracing/jaeger-core/1.2.0/jaeger-core-1.2.0.jar:/home/user/.m2/repository/io/jaegertracing/jaeger-tracerresolver/1.2.0/jaeger-tracerresolver-1.2.0.jar:/home/user/.m2/repository/io/opentracing/contrib/opentracing-tracerresolver/0.1.8/opentracing-tracerresolver-0.1.8.jar:/home/user/.m2/repository/io/opentracing/opentracing-util/0.33.0/opentracing-util-0.33.0.jar:/home/user/.m2/repository/io/opentracing/opentracing-api/0.33.0/opentracing-api-0.33.0.jar:/home/user/.m2/repository/io/opentracing/opentracing-noop/0.33.0/opentracing-noop-0.33.0.jar:/home/user/.m2/repository/org/apache/hadoop/hadoop-hdds-client/0.6.0-SNAPSHOT/hadoop-hdds-client-0.6.0-SNAPSHOT.jar:/home/user/.m2/repository/org/apache/hadoop/hadoop-ozone-interface-client/0.6.0-SNAPSHOT/hadoop-ozone-interface-client-0.6.0-SNAPSHOT.jar:/home/user/.m2/repository/org/apache/hadoop/hadoop-hdds-test-utils/0.6.0-SNAPSHOT/hadoop-hdds-test-utils-0.6.0-SNAPSHOT.jar:/home/user/.m2/repository/com/google/guava/guava/28.2-jre/guava-28.2-jre.jar:/home/user/.m2/repository/com/google/guava/failureaccess/1.0.1/failureaccess-1.0.1.jar:/home/user/.m2/repository/com/google/guava/listenablefuture/9999.0-empty-to-avoid-conflict-with-guava/listenablefuture-9999.0-empty-to-avoid-conflict-with-guava.jar:/home/user/.m2/repository/com/google/code/findbugs/jsr305/3.0.0/jsr305-3.0.0.jar:/home/user/.m2/repository/org/checkerframework/checker-qual/2.10.0/checker-qual-2.10.0.jar:/home/user/.m2/repository/com/google/errorprone/error_prone_annotations/2.2.0/error_prone_annotations-2.2.0.jar:/home/user/.m2/repository/com/google/j2objc/j2objc-annotations/1.3/j2objc-annotations-1.3.jar:/home/user/.m2/repository/commons-io/commons-io/2.5/commons-io-2.5.jar:/home/user/.m2/repository/commons-logging/commons-logging/1.2/commons-logging-1.2.jar:/home/user/.m2/repository/log4j/log4j/1.2.17/log4j-1.2.17.jar:/home/user/.m2/repository/org/slf4j/slf4j-api/1.7.25/slf4j-api-1.7.25.jar:/home/user/.m2/repository/org/apache/hadoop/hadoop-hdds-server-scm/0.6.0-SNAPSHOT/hadoop-hdds-server-scm-0.6.0-SNAPSHOT.jar:/home/user/.m2/repository/org/apache/hadoop/hadoop-hdds-container-service/0.6.0-SNAPSHOT/hadoop-hdds-container-service-0.6.0-SNAPSHOT.jar:/home/user/.m2/repository/org/apache/hadoop/hadoop-hdds-hadoop-dependency-server/0.6.0-SNAPSHOT/hadoop-hdds-hadoop-dependency-server-0.6.0-SNAPSHOT.jar:/home/user/.m2/repository/org/apache/hadoop/hadoop-hdds-server-framework/0.6.0-SNAPSHOT/hadoop-hdds-server-framework-0.6.0-SNAPSHOT.jar:/home/user/.m2/repository/org/apache/hadoop/hadoop-hdds-interface-server/0.6.0-SNAPSHOT/hadoop-hdds-interface-server-0.6.0-SNAPSHOT.jar:/home/user/.m2/repository/org/apache/hadoop/hadoop-hdds-interface-admin/0.6.0-SNAPSHOT/hadoop-hdds-interface-admin-0.6.0-SNAPSHOT.jar:/home/user/.m2/repository/org/rocksdb/rocksdbjni/6.8.1/rocksdbjni-6.8.1.jar:/home/user/.m2/repository/io/prometheus/simpleclient_dropwizard/0.7.0/simpleclient_dropwizard-0.7.0.jar:/home/user/.m2/repository/io/prometheus/simpleclient/0.7.0/simpleclient-0.7.0.jar:/home/user/.m2/repository/io/prometheus/simpleclient_common/0.7.0/simpleclient_common-0.7.0.jar:/home/user/.m2/repository/com/fasterxml/jackson/datatype/jackson-datatype-jsr310/2.10.3/jackson-datatype-jsr310-2.10.3.jar:/home/user/.m2/repository/org/apache/hadoop/hadoop-hdds-docs/0.6.0-SNAPSHOT/hadoop-hdds-docs-0.6.0-SNAPSHOT.jar:/home/user/.m2/repository/io/dropwizard/metrics/metrics-core/3.2.4/metrics-core-3.2.4.jar:/home/user/.m2/repository/org/apache/hadoop/hadoop-hdfs-client/3.2.1/hadoop-hdfs-client-3.2.1.jar:/home/user/.m2/repository/org/bouncycastle/bcprov-jdk15on/1.60/bcprov-jdk15on-1.60.jar:/home/user/.m2/repository/org/apache/hadoop/hadoop-ozone-ozone-manager/0.6.0-SNAPSHOT/hadoop-ozone-ozone-manager-0.6.0-SNAPSHOT.jar:/home/user/.m2/repository/org/apache/hadoop/hadoop-hdds-interface-client/0.6.0-SNAPSHOT/hadoop-hdds-interface-client-0.6.0-SNAPSHOT.jar:/home/user/.m2/repository/org/apache/ratis/ratis-thirdparty-misc/0.4.0/ratis-thirdparty-misc-0.4.0.jar:/home/user/.m2/repository/org/apache/hadoop/hadoop-minikdc/3.2.1/hadoop-minikdc-3.2.1.jar:/home/user/.m2/repository/org/apache/kerby/kerb-simplekdc/1.0.1/kerb-simplekdc-1.0.1.jar:/home/user/.m2/repository/org/apache/kerby/kerb-client/1.0.1/kerb-client-1.0.1.jar:/home/user/.m2/repository/org/apache/kerby/kerby-config/1.0.1/kerby-config-1.0.1.jar:/home/user/.m2/repository/org/apache/kerby/kerb-core/1.0.1/kerb-core-1.0.1.jar:/home/user/.m2/repository/org/apache/kerby/kerby-pkix/1.0.1/kerby-pkix-1.0.1.jar:/home/user/.m2/repository/org/apache/kerby/kerby-asn1/1.0.1/kerby-asn1-1.0.1.jar:/home/user/.m2/repository/org/apache/kerby/kerby-util/1.0.1/kerby-util-1.0.1.jar:/home/user/.m2/repository/org/apache/kerby/kerb-common/1.0.1/kerb-common-1.0.1.jar:/home/user/.m2/repository/org/apache/kerby/kerb-crypto/1.0.1/kerb-crypto-1.0.1.jar:/home/user/.m2/repository/org/apache/kerby/kerb-util/1.0.1/kerb-util-1.0.1.jar:/home/user/.m2/repository/org/apache/kerby/token-provider/1.0.1/token-provider-1.0.1.jar:/home/user/.m2/repository/org/apache/kerby/kerb-admin/1.0.1/kerb-admin-1.0.1.jar:/home/user/.m2/repository/org/apache/kerby/kerb-server/1.0.1/kerb-server-1.0.1.jar:/home/user/.m2/repository/org/apache/kerby/kerb-identity/1.0.1/kerb-identity-1.0.1.jar:/home/user/.m2/repository/org/apache/kerby/kerby-xdr/1.0.1/kerby-xdr-1.0.1.jar:/home/user/.m2/repository/org/slf4j/slf4j-log4j12/1.7.25/slf4j-log4j12-1.7.25.jar:/home/user/.m2/repository/org/apache/hadoop/hadoop-ozone-s3gateway/0.6.0-SNAPSHOT/hadoop-ozone-s3gateway-0.6.0-SNAPSHOT.jar:/home/user/.m2/repository/org/jboss/weld/servlet/weld-servlet/2.4.7.Final/weld-servlet-2.4.7.Final.jar:/home/user/.m2/repository/org/glassfish/jersey/containers/jersey-container-servlet-core/2.27/jersey-container-servlet-core-2.27.jar:/home/user/.m2/repository/org/glassfish/hk2/external/javax.inject/2.5.0-b42/javax.inject-2.5.0-b42.jar:/home/user/.m2/repository/org/glassfish/jersey/core/jersey-common/2.27/jersey-common-2.27.jar:/home/user/.m2/repository/org/glassfish/hk2/osgi-resource-locator/1.0.1/osgi-resource-locator-1.0.1.jar:/home/user/.m2/repository/javax/ws/rs/javax.ws.rs-api/2.1/javax.ws.rs-api-2.1.jar:/home/user/.m2/repository/org/glassfish/jersey/ext/cdi/jersey-cdi1x/2.27/jersey-cdi1x-2.27.jar:/home/user/.m2/repository/org/glassfish/jersey/inject/jersey-hk2/2.27/jersey-hk2-2.27.jar:/home/user/.m2/repository/org/glassfish/hk2/hk2-locator/2.5.0-b42/hk2-locator-2.5.0-b42.jar:/home/user/.m2/repository/org/javassist/javassist/3.22.0-CR2/javassist-3.22.0-CR2.jar:/home/user/.m2/repository/org/glassfish/hk2/hk2-api/2.5.0/hk2-api-2.5.0.jar:/home/user/.m2/repository/org/glassfish/hk2/external/jakarta.inject/2.5.0/jakarta.inject-2.5.0.jar:/home/user/.m2/repository/org/glassfish/hk2/hk2-utils/2.5.0/hk2-utils-2.5.0.jar:/home/user/.m2/repository/jakarta/annotation/jakarta.annotation-api/1.3.4/jakarta.annotation-api-1.3.4.jar:/home/user/.m2/repository/org/glassfish/hk2/external/aopalliance-repackaged/2.5.0/aopalliance-repackaged-2.5.0.jar:/home/user/.m2/repository/com/fasterxml/jackson/dataformat/jackson-dataformat-xml/2.10.3/jackson-dataformat-xml-2.10.3.jar:/home/user/.m2/repository/com/fasterxml/jackson/core/jackson-core/2.10.3/jackson-core-2.10.3.jar:/home/user/.m2/repository/com/fasterxml/jackson/module/jackson-module-jaxb-annotations/2.10.3/jackson-module-jaxb-annotations-2.10.3.jar:/home/user/.m2/repository/jakarta/xml/bind/jakarta.xml.bind-api/2.3.2/jakarta.xml.bind-api-2.3.2.jar:/home/user/.m2/repository/jakarta/activation/jakarta.activation-api/1.2.1/jakarta.activation-api-1.2.1.jar:/home/user/.m2/repository/org/codehaus/woodstox/stax2-api/3.1.4/stax2-api-3.1.4.jar:/home/user/.m2/repository/com/fasterxml/woodstox/woodstox-core/5.0.3/woodstox-core-5.0.3.jar:/home/user/.m2/repository/javax/enterprise/cdi-api/1.2/cdi-api-1.2.jar:/home/user/.m2/repository/javax/el/javax.el-api/3.0.0/javax.el-api-3.0.0.jar:/home/user/.m2/repository/javax/interceptor/javax.interceptor-api/1.2/javax.interceptor-api-1.2.jar:/home/user/.m2/repository/javax/inject/javax.inject/1/javax.inject-1.jar:/home/user/.m2/repository/com/sun/xml/bind/jaxb-impl/2.3.0.1/jaxb-impl-2.3.0.1.jar:/home/user/.m2/repository/com/sun/xml/bind/jaxb-core/2.3.0.1/jaxb-core-2.3.0.1.jar:/home/user/.m2/repository/javax/xml/bind/jaxb-api/2.3.0/jaxb-api-2.3.0.jar:/home/user/.m2/repository/javax/activation/activation/1.1.1/activation-1.1.1.jar:/home/user/.m2/repository/org/apache/hadoop/hadoop-ozone-csi/0.6.0-SNAPSHOT/hadoop-ozone-csi-0.6.0-SNAPSHOT.jar:/home/user/.m2/repository/com/google/protobuf/protobuf-java-util/3.11.0/protobuf-java-util-3.11.0.jar:/home/user/.m2/repository/com/google/code/gson/gson/2.2.4/gson-2.2.4.jar:/home/user/.m2/repository/org/apache/hadoop/hadoop-hdds-config/0.6.0-SNAPSHOT/hadoop-hdds-config-0.6.0-SNAPSHOT.jar:/home/user/.m2/repository/com/google/protobuf/protobuf-java/2.5.0/protobuf-java-2.5.0.jar:/home/user/.m2/repository/io/grpc/grpc-netty/1.29.0/grpc-netty-1.29.0.jar:/home/user/.m2/repository/io/grpc/grpc-core/1.29.0/grpc-core-1.29.0.jar:/home/user/.m2/repository/com/google/android/annotations/4.1.1.4/annotations-4.1.1.4.jar:/home/user/.m2/repository/io/perfmark/perfmark-api/0.19.0/perfmark-api-0.19.0.jar:/home/user/.m2/repository/io/netty/netty-codec-http2/4.1.48.Final/netty-codec-http2-4.1.48.Final.jar:/home/user/.m2/repository/io/netty/netty-codec/4.1.48.Final/netty-codec-4.1.48.Final.jar:/home/user/.m2/repository/io/netty/netty-handler/4.1.48.Final/netty-handler-4.1.48.Final.jar:/home/user/.m2/repository/io/netty/netty-codec-http/4.1.48.Final/netty-codec-http-4.1.48.Final.jar:/home/user/.m2/repository/io/netty/netty-handler-proxy/4.1.48.Final/netty-handler-proxy-4.1.48.Final.jar:/home/user/.m2/repository/io/netty/netty-codec-socks/4.1.48.Final/netty-codec-socks-4.1.48.Final.jar:/home/user/.m2/repository/io/netty/netty-transport-native-epoll/4.1.48.Final/netty-transport-native-epoll-4.1.48.Final.jar:/home/user/.m2/repository/io/netty/netty-common/4.1.48.Final/netty-common-4.1.48.Final.jar:/home/user/.m2/repository/io/netty/netty-buffer/4.1.48.Final/netty-buffer-4.1.48.Final.jar:/home/user/.m2/repository/io/netty/netty-transport/4.1.48.Final/netty-transport-4.1.48.Final.jar:/home/user/.m2/repository/io/netty/netty-resolver/4.1.48.Final/netty-resolver-4.1.48.Final.jar:/home/user/.m2/repository/io/netty/netty-transport-native-unix-common/4.1.48.Final/netty-transport-native-unix-common-4.1.48.Final.jar:/home/user/.m2/repository/io/grpc/grpc-protobuf/1.29.0/grpc-protobuf-1.29.0.jar:/home/user/.m2/repository/io/grpc/grpc-api/1.29.0/grpc-api-1.29.0.jar:/home/user/.m2/repository/io/grpc/grpc-context/1.29.0/grpc-context-1.29.0.jar:/home/user/.m2/repository/org/codehaus/mojo/animal-sniffer-annotations/1.18/animal-sniffer-annotations-1.18.jar:/home/user/.m2/repository/com/google/api/grpc/proto-google-common-protos/1.17.0/proto-google-common-protos-1.17.0.jar:/home/user/.m2/repository/io/grpc/grpc-protobuf-lite/1.29.0/grpc-protobuf-lite-1.29.0.jar:/home/user/.m2/repository/io/grpc/grpc-stub/1.29.0/grpc-stub-1.29.0.jar:/home/user/.m2/repository/org/apache/hadoop/hadoop-ozone-recon/0.6.0-SNAPSHOT/hadoop-ozone-recon-0.6.0-SNAPSHOT.jar:/home/user/.m2/repository/org/apache/hadoop/hadoop-ozone-reconcodegen/0.6.0-SNAPSHOT/hadoop-ozone-reconcodegen-0.6.0-SNAPSHOT.jar:/home/user/.m2/repository/com/google/inject/extensions/guice-multibindings/4.0/guice-multibindings-4.0.jar:/home/user/.m2/repository/com/google/inject/guice/4.0/guice-4.0.jar:/home/user/.m2/repository/aopalliance/aopalliance/1.0/aopalliance-1.0.jar:/home/user/.m2/repository/com/google/inject/extensions/guice-assistedinject/4.0/guice-assistedinject-4.0.jar:/home/user/.m2/repository/com/google/inject/extensions/guice-servlet/4.0/guice-servlet-4.0.jar:/home/user/.m2/repository/org/glassfish/jersey/containers/jersey-container-servlet/2.27/jersey-container-servlet-2.27.jar:/home/user/.m2/repository/org/glassfish/hk2/guice-bridge/2.5.0/guice-bridge-2.5.0.jar:/home/user/.m2/repository/org/glassfish/jersey/core/jersey-server/2.27/jersey-server-2.27.jar:/home/user/.m2/repository/org/glassfish/jersey/core/jersey-client/2.27/jersey-client-2.27.jar:/home/user/.m2/repository/org/glassfish/jersey/media/jersey-media-jaxb/2.27/jersey-media-jaxb-2.27.jar:/home/user/.m2/repository/javax/validation/validation-api/1.1.0.Final/validation-api-1.1.0.Final.jar:/home/user/.m2/repository/org/glassfish/jersey/media/jersey-media-json-jackson/2.27/jersey-media-json-jackson-2.27.jar:/home/user/.m2/repository/org/glassfish/jersey/ext/jersey-entity-filtering/2.27/jersey-entity-filtering-2.27.jar:/home/user/.m2/repository/org/jooq/jooq/3.11.10/jooq-3.11.10.jar:/home/user/.m2/repository/org/jooq/jooq-meta/3.11.10/jooq-meta-3.11.10.jar:/home/user/.m2/repository/org/jooq/jooq-codegen/3.11.10/jooq-codegen-3.11.10.jar:/home/user/.m2/repository/com/jolbox/bonecp/0.8.0.RELEASE/bonecp-0.8.0.RELEASE.jar:/home/user/.m2/repository/org/apache/derby/derby/10.14.2.0/derby-10.14.2.0.jar:/home/user/.m2/repository/org/xerial/sqlite-jdbc/3.25.2/sqlite-jdbc-3.25.2.jar:/home/user/.m2/repository/org/springframework/spring-jdbc/5.2.5.RELEASE/spring-jdbc-5.2.5.RELEASE.jar:/home/user/.m2/repository/org/springframework/spring-beans/5.2.5.RELEASE/spring-beans-5.2.5.RELEASE.jar:/home/user/.m2/repository/org/springframework/spring-core/5.2.5.RELEASE/spring-core-5.2.5.RELEASE.jar:/home/user/.m2/repository/org/springframework/spring-jcl/5.2.5.RELEASE/spring-jcl-5.2.5.RELEASE.jar:/home/user/.m2/repository/org/springframework/spring-tx/5.2.5.RELEASE/spring-tx-5.2.5.RELEASE.jar:/home/user/.m2/repository/org/apache/hadoop/hadoop-ozone-client/0.6.0-SNAPSHOT/hadoop-ozone-client-0.6.0-SNAPSHOT.jar:/home/user/.m2/repository/org/apache/hadoop/hadoop-ozone-filesystem/0.6.0-SNAPSHOT/hadoop-ozone-filesystem-0.6.0-SNAPSHOT.jar:/home/user/.m2/repository/org/apache/hadoop/hadoop-ozone-filesystem-common/0.6.0-SNAPSHOT/hadoop-ozone-filesystem-common-0.6.0-SNAPSHOT.jar:/home/user/.m2/repository/org/apache/hadoop/hadoop-ozone-tools/0.6.0-SNAPSHOT/hadoop-ozone-tools-0.6.0-SNAPSHOT.jar:/home/user/.m2/repository/org/apache/hadoop/hadoop-hdfs/3.2.1/hadoop-hdfs-3.2.1.jar:/home/user/.m2/repository/org/apache/ratis/ratis-tools/0.6.0-6ab75ae-SNAPSHOT/ratis-tools-0.6.0-6ab75ae-SNAPSHOT.jar:/home/user/.m2/repository/org/apache/ratis/ratis-proto/0.6.0-6ab75ae-SNAPSHOT/ratis-proto-0.6.0-6ab75ae-SNAPSHOT.jar:/home/user/.m2/repository/org/apache/ratis/ratis-common/0.6.0-6ab75ae-SNAPSHOT/ratis-common-0.6.0-6ab75ae-SNAPSHOT.jar:/home/user/.m2/repository/com/amazonaws/aws-java-sdk-core/1.11.615/aws-java-sdk-core-1.11.615.jar:/home/user/.m2/repository/org/apache/httpcomponents/httpclient/4.5.2/httpclient-4.5.2.jar:/home/user/.m2/repository/org/apache/httpcomponents/httpcore/4.4.4/httpcore-4.4.4.jar:/home/user/.m2/repository/software/amazon/ion/ion-java/1.0.2/ion-java-1.0.2.jar:/home/user/.m2/repository/com/fasterxml/jackson/dataformat/jackson-dataformat-cbor/2.10.3/jackson-dataformat-cbor-2.10.3.jar:/home/user/.m2/repository/joda-time/joda-time/2.8.1/joda-time-2.8.1.jar:/home/user/.m2/repository/com/amazonaws/aws-java-sdk-s3/1.11.615/aws-java-sdk-s3-1.11.615.jar:/home/user/.m2/repository/com/amazonaws/aws-java-sdk-kms/1.11.615/aws-java-sdk-kms-1.11.615.jar:/home/user/.m2/repository/com/amazonaws/jmespath-java/1.11.615/jmespath-java-1.11.615.jar:/home/user/.m2/repository/org/apache/hadoop/hadoop-hdds-tools/0.6.0-SNAPSHOT/hadoop-hdds-tools-0.6.0-SNAPSHOT.jar:/home/user/.m2/repository/commons-cli/commons-cli/1.2/commons-cli-1.2.jar:/home/user/.m2/repository/org/apache/commons/commons-lang3/3.7/commons-lang3-3.7.jar:/home/user/.m2/repository/org/apache/hadoop/hadoop-ozone-ozone-manager/0.6.0-SNAPSHOT/hadoop-ozone-ozone-manager-0.6.0-SNAPSHOT-tests.jar:/home/user/.m2/repository/junit/junit/4.11/junit-4.11.jar:/home/user/.m2/repository/org/hamcrest/hamcrest-core/1.3/hamcrest-core-1.3.jar:/home/user/.m2/repository/org/openjdk/jmh/jmh-core/1.19/jmh-core-1.19.jar:/home/user/.m2/repository/net/sf/jopt-simple/jopt-simple/4.6/jopt-simple-4.6.jar:/home/user/.m2/repository/org/apache/commons/commons-math3/3.1.1/commons-math3-3.1.1.jar:/home/user/.m2/repository/org/openjdk/jmh/jmh-generator-annprocess/1.19/jmh-generator-annprocess-1.19.jar:/home/user/.m2/repository/org/mockito/mockito-all/1.8.5/mockito-all-1.8.5.jar:/home/user/.m2/repository/org/apache/hadoop/hadoop-kms/3.2.1/hadoop-kms-3.2.1.jar:/home/user/.m2/repository/org/apache/hadoop/hadoop-auth/3.2.1/hadoop-auth-3.2.1.jar:/home/user/.m2/repository/com/nimbusds/nimbus-jose-jwt/7.9/nimbus-jose-jwt-7.9.jar:/home/user/.m2/repository/com/github/stephenc/jcip/jcip-annotations/1.0-1/jcip-annotations-1.0-1.jar:/home/user/.m2/repository/net/minidev/json-smart/2.3/json-smart-2.3.jar:/home/user/.m2/repository/net/minidev/accessors-smart/1.2/accessors-smart-1.2.jar:/home/user/.m2/repository/org/ow2/asm/asm/5.0.4/asm-5.0.4.jar:/home/user/.m2/repository/org/apache/zookeeper/zookeeper/3.4.13/zookeeper-3.4.13.jar:/home/user/.m2/repository/org/apache/yetus/audience-annotations/0.5.0/audience-annotations-0.5.0.jar:/home/user/.m2/repository/org/apache/curator/curator-framework/2.13.0/curator-framework-2.13.0.jar:/home/user/.m2/repository/com/sun/jersey/jersey-core/1.19/jersey-core-1.19.jar:/home/user/.m2/repository/javax/ws/rs/jsr311-api/1.1.1/jsr311-api-1.1.1.jar:/home/user/.m2/repository/com/sun/jersey/jersey-server/1.19/jersey-server-1.19.jar:/home/user/.m2/repository/javax/servlet/javax.servlet-api/3.1.0/javax.servlet-api-3.1.0.jar:/home/user/.m2/repository/org/eclipse/jetty/jetty-server/9.4.26.v20200117/jetty-server-9.4.26.v20200117.jar:/home/user/.m2/repository/org/eclipse/jetty/jetty-http/9.4.26.v20200117/jetty-http-9.4.26.v20200117.jar:/home/user/.m2/repository/org/eclipse/jetty/jetty-io/9.4.26.v20200117/jetty-io-9.4.26.v20200117.jar:/home/user/.m2/repository/org/eclipse/jetty/jetty-webapp/9.4.26.v20200117/jetty-webapp-9.4.26.v20200117.jar:/home/user/.m2/repository/org/eclipse/jetty/jetty-xml/9.4.26.v20200117/jetty-xml-9.4.26.v20200117.jar:/home/user/.m2/repository/org/eclipse/jetty/jetty-servlet/9.4.26.v20200117/jetty-servlet-9.4.26.v20200117.jar:/home/user/.m2/repository/org/eclipse/jetty/jetty-security/9.4.26.v20200117/jetty-security-9.4.26.v20200117.jar:/home/user/.m2/repository/org/apache/hadoop/hadoop-common/3.2.1/hadoop-common-3.2.1.jar:/home/user/.m2/repository/commons-net/commons-net/3.6/commons-net-3.6.jar:/home/user/.m2/repository/commons-collections/commons-collections/3.2.2/commons-collections-3.2.2.jar:/home/user/.m2/repository/com/sun/jersey/jersey-servlet/1.19/jersey-servlet-1.19.jar:/home/user/.m2/repository/com/sun/jersey/jersey-json/1.19/jersey-json-1.19.jar:/home/user/.m2/repository/org/codehaus/jettison/jettison/1.1/jettison-1.1.jar:/home/user/.m2/repository/org/codehaus/jackson/jackson-jaxrs/1.9.2/jackson-jaxrs-1.9.2.jar:/home/user/.m2/repository/org/codehaus/jackson/jackson-xc/1.9.2/jackson-xc-1.9.2.jar:/home/user/.m2/repository/commons-beanutils/commons-beanutils/1.9.4/commons-beanutils-1.9.4.jar:/home/user/.m2/repository/org/apache/commons/commons-configuration2/2.1.1/commons-configuration2-2.1.1.jar:/home/user/.m2/repository/org/apache/commons/commons-text/1.4/commons-text-1.4.jar:/home/user/.m2/repository/com/google/re2j/re2j/1.1/re2j-1.1.jar:/home/user/.m2/repository/com/jcraft/jsch/0.1.54/jsch-0.1.54.jar:/home/user/.m2/repository/org/apache/curator/curator-client/2.13.0/curator-client-2.13.0.jar:/home/user/.m2/repository/org/apache/curator/curator-recipes/2.13.0/curator-recipes-2.13.0.jar:/home/user/.m2/repository/dnsjava/dnsjava/2.1.7/dnsjava-2.1.7.jar:/home/user/.m2/repository/org/slf4j/jul-to-slf4j/1.7.25/jul-to-slf4j-1.7.25.jar:/home/user/.m2/repository/org/eclipse/jetty/jetty-util/9.4.26.v20200117/jetty-util-9.4.26.v20200117.jar:/home/user/.m2/repository/com/fasterxml/jackson/core/jackson-databind/2.10.3/jackson-databind-2.10.3.jar:/home/user/.m2/repository/org/apache/hadoop/hadoop-kms/3.2.1/hadoop-kms-3.2.1-tests.jar:/home/user/.m2/repository/org/apache/hadoop/hadoop-hdds-server-scm/0.6.0-SNAPSHOT/hadoop-hdds-server-scm-0.6.0-SNAPSHOT-tests.jar:/home/user/.m2/repository/org/apache/hadoop/hadoop-hdds-container-service/0.6.0-SNAPSHOT/hadoop-hdds-container-service-0.6.0-SNAPSHOT-tests.jar:/home/user/.m2/repository/org/apache/hadoop/hadoop-hdds-common/0.6.0-SNAPSHOT/hadoop-hdds-common-0.6.0-SNAPSHOT-tests.jar:/home/user/.m2/repository/org/yaml/snakeyaml/1.16/snakeyaml-1.16.jar:/home/user/.m2/repository/org/apache/hadoop/hadoop-hdds-hadoop-dependency-test/0.6.0-SNAPSHOT/hadoop-hdds-hadoop-dependency-test-0.6.0-SNAPSHOT.jar:/home/user/.m2/repository/org/apache/hadoop/hadoop-common/3.2.1/hadoop-common-3.2.1-tests.jar:/home/user/.m2/repository/javax/servlet/jsp/jsp-api/2.1/jsp-api-2.1.jar:/home/user/.m2/repository/org/apache/hadoop/hadoop-hdfs/3.2.1/hadoop-hdfs-3.2.1-tests.jar:/home/user/.m2/repository/org/eclipse/jetty/jetty-util-ajax/9.4.26.v20200117/jetty-util-ajax-9.4.26.v20200117.jar:/home/user/.m2/repository/commons-codec/commons-codec/1.11/commons-codec-1.11.jar:/home/user/.m2/repository/commons-daemon/commons-daemon/1.0.13/commons-daemon-1.0.13.jar:/home/user/.m2/repository/io/netty/netty/3.10.5.Final/netty-3.10.5.Final.jar:/home/user/.m2/repository/io/netty/netty-all/4.1.48.Final/netty-all-4.1.48.Final.jar:/home/user/.m2/repository/org/apache/htrace/htrace-core4/4.1.0-incubating/htrace-core4-4.1.0-incubating.jar:/home/user/.m2/repository/org/fusesource/leveldbjni/leveldbjni-all/1.8/leveldbjni-all-1.8.jar:/home/user/.m2/repository/org/apache/hadoop/hadoop-distcp/3.2.1/hadoop-distcp-3.2.1.jar:/home/user/.m2/repository/org/apache/hadoop/hadoop-mapreduce-client-jobclient/3.2.1/hadoop-mapreduce-client-jobclient-3.2.1.jar:/home/user/.m2/repository/org/apache/hadoop/hadoop-mapreduce-client-common/3.2.1/hadoop-mapreduce-client-common-3.2.1.jar:/home/user/.m2/repository/org/apache/hadoop/hadoop-yarn-common/3.2.1/hadoop-yarn-common-3.2.1.jar:/home/user/.m2/repository/org/apache/hadoop/hadoop-yarn-api/3.2.1/hadoop-yarn-api-3.2.1.jar:/home/user/.m2/repository/com/sun/jersey/jersey-client/1.19/jersey-client-1.19.jar:/home/user/.m2/repository/com/sun/jersey/contribs/jersey-guice/1.19/jersey-guice-1.19.jar:/home/user/.m2/repository/com/fasterxml/jackson/jaxrs/jackson-jaxrs-json-provider/2.10.3/jackson-jaxrs-json-provider-2.10.3.jar:/home/user/.m2/repository/com/fasterxml/jackson/jaxrs/jackson-jaxrs-base/2.10.3/jackson-jaxrs-base-2.10.3.jar:/home/user/.m2/repository/org/apache/hadoop/hadoop-yarn-client/3.2.1/hadoop-yarn-client-3.2.1.jar:/home/user/.m2/repository/org/apache/hadoop/hadoop-mapreduce-client-core/3.2.1/hadoop-mapreduce-client-core-3.2.1.jar:/home/user/.m2/repository/org/apache/avro/avro/1.7.7/avro-1.7.7.jar:/home/user/.m2/repository/org/codehaus/jackson/jackson-core-asl/1.9.13/jackson-core-asl-1.9.13.jar:/home/user/.m2/repository/org/codehaus/jackson/jackson-mapper-asl/1.9.13/jackson-mapper-asl-1.9.13.jar:/home/user/.m2/repository/com/thoughtworks/paranamer/paranamer/2.3/paranamer-2.3.jar:/home/user/.m2/repository/org/xerial/snappy/snappy-java/1.0.5/snappy-java-1.0.5.jar:/home/user/.m2/repository/org/apache/hadoop/hadoop-annotations/3.2.1/hadoop-annotations-3.2.1.jar:/usr/lib/jvm/java-1.8.0-openjdk-1.8.0.232.b09-0.el7_7.x86_64/jre/../lib/tools.jar:/home/user/.m2/repository/org/apache/hadoop/hadoop-distcp/3.2.1/hadoop-distcp-3.2.1-tests.jar:"/>
    <property name="sun.cpu.endian" value="little"/>
    <property name="user.home" value="/home/user"/>
    <property name="user.language" value="en"/>
    <property name="java.specification.vendor" value="Oracle Corporation"/>
    <property name="java.home" value="/usr/lib/jvm/java-1.8.0-openjdk-1.8.0.232.b09-0.el7_7.x86_64/jre"/>
    <property name="java.security.krb5.conf" value="/github/workspace/mnt/ozone/hadoop-ozone/integration-test/target/test-classes/krb5.conf"/>
    <property name="basedir" value="/github/workspace/mnt/ozone/hadoop-ozone/integration-test"/>
    <property name="file.separator" value="/"/>
    <property name="line.separator" value="&#10;"/>
    <property name="java.vm.specification.vendor" value="Oracle Corporation"/>
    <property name="java.specification.name" value="Java Platform API Specification"/>
    <property name="java.awt.graphicsenv" value="sun.awt.X11GraphicsEnvironment"/>
    <property name="skip.installnpx" value="true"/>
    <property name="surefire.real.class.path" value="/github/workspace/mnt/ozone/hadoop-ozone/integration-test/target/surefire/surefirebooter1308477141630131302.jar:/home/user/.m2/repository/org/jacoco/org.jacoco.agent/0.8.5/org.jacoco.agent-0.8.5-runtime.jar"/>
    <property name="hadoop.log.dir" value="/github/workspace/mnt/ozone/hadoop-ozone/integration-test/target/log"/>
    <property name="sun.boot.class.path" value="/usr/lib/jvm/java-1.8.0-openjdk-1.8.0.232.b09-0.el7_7.x86_64/jre/lib/resources.jar:/usr/lib/jvm/java-1.8.0-openjdk-1.8.0.232.b09-0.el7_7.x86_64/jre/lib/rt.jar:/usr/lib/jvm/java-1.8.0-openjdk-1.8.0.232.b09-0.el7_7.x86_64/jre/lib/sunrsasign.jar:/usr/lib/jvm/java-1.8.0-openjdk-1.8.0.232.b09-0.el7_7.x86_64/jre/lib/jsse.jar:/usr/lib/jvm/java-1.8.0-openjdk-1.8.0.232.b09-0.el7_7.x86_64/jre/lib/jce.jar:/usr/lib/jvm/java-1.8.0-openjdk-1.8.0.232.b09-0.el7_7.x86_64/jre/lib/charsets.jar:/usr/lib/jvm/java-1.8.0-openjdk-1.8.0.232.b09-0.el7_7.x86_64/jre/lib/jfr.jar:/usr/lib/jvm/java-1.8.0-openjdk-1.8.0.232.b09-0.el7_7.x86_64/jre/classes"/>
    <property name="sun.management.compiler" value="HotSpot 64-Bit Tiered Compilers"/>
    <property name="skip.npx" value="true"/>
    <property name="java.runtime.version" value="1.8.0_232-b09"/>
    <property name="java.net.preferIPv4Stack" value="true"/>
    <property name="user.name" value="jenkins1001"/>
    <property name="path.separator" value=":"/>
    <property name="java.security.egd" value="file:///dev/urandom"/>
    <property name="os.version" value="5.3.0-1028-azure"/>
    <property name="java.endorsed.dirs" value="/usr/lib/jvm/java-1.8.0-openjdk-1.8.0.232.b09-0.el7_7.x86_64/jre/lib/endorsed"/>
    <property name="java.runtime.name" value="OpenJDK Runtime Environment"/>
    <property name="file.encoding" value="ANSI_X3.4-1968"/>
    <property name="java.vm.name" value="OpenJDK 64-Bit Server VM"/>
    <property name="test.build.webapps" value=""/>
    <property name="localRepository" value="/home/user/.m2/repository"/>
    <property name="java.vendor.url.bug" value="http://bugreport.sun.com/bugreport/"/>
    <property name="java.io.tmpdir" value="/tmp"/>
    <property name="require.test.libhadoop" value=""/>
    <property name="java.version" value="1.8.0_232"/>
    <property name="user.dir" value="/github/workspace/mnt/ozone/hadoop-ozone/integration-test"/>
    <property name="os.arch" value="amd64"/>
    <property name="java.vm.specification.name" value="Java Virtual Machine Specification"/>
    <property name="test.build.classes" value="/github/workspace/mnt/ozone/hadoop-ozone/integration-test/target/test-classes"/>
    <property name="java.awt.printerjob" value="sun.print.PSPrinterJob"/>
    <property name="sun.os.patch.level" value="unknown"/>
    <property name="hadoop.tmp.dir" value="/github/workspace/mnt/ozone/hadoop-ozone/integration-test/target/tmp"/>
    <property name="java.library.path" value="/usr/lib:/usr/java/packages/lib/amd64:/usr/lib64:/lib64:/lib:/usr/lib"/>
    <property name="java.vm.info" value="mixed mode"/>
    <property name="java.vendor" value="Oracle Corporation"/>
    <property name="java.vm.version" value="25.232-b09"/>
    <property name="java.ext.dirs" value="/usr/lib/jvm/java-1.8.0-openjdk-1.8.0.232.b09-0.el7_7.x86_64/jre/lib/ext:/usr/java/packages/lib/ext"/>
    <property name="sun.io.unicode.encoding" value="UnicodeLittle"/>
    <property name="java.class.version" value="52.0"/>
  </properties>
  <testcase name="testMultipartUpload" classname="org.apache.hadoop.ozone.om.TestOzoneManagerHAWithData" time="29.183"/>
  <testcase name="testOMRatisSnapshot" classname="org.apache.hadoop.ozone.om.TestOzoneManagerHAWithData" time="24.347"/>
  <testcase name="testFileOperationsWithRecursive" classname="org.apache.hadoop.ozone.om.TestOzoneManagerHAWithData" time="24.538"/>
  <testcase name="testMultipartUploadWithOneOmNodeDown" classname="org.apache.hadoop.ozone.om.TestOzoneManagerHAWithData" time="48.568">
    <error message="omNode-2@group-523986131536 is in LEADER state but not ready yet.&#10;	at org.apache.hadoop.ozone.om.ratis.OzoneManagerRatisServer.processReply(OzoneManagerRatisServer.java:177)&#10;	at org.apache.hadoop.ozone.om.ratis.OzoneManagerRatisServer.submitRequest(OzoneManagerRatisServer.java:136)&#10;	at org.apache.hadoop.ozone.protocolPB.OzoneManagerProtocolServerSideTranslatorPB.submitRequestToRatis(OzoneManagerProtocolServerSideTranslatorPB.java:177)&#10;	at org.apache.hadoop.ozone.protocolPB.OzoneManagerProtocolServerSideTranslatorPB.processRequest(OzoneManagerProtocolServerSideTranslatorPB.java:134)&#10;	at org.apache.hadoop.hdds.server.OzoneProtocolMessageDispatcher.processRequest(OzoneProtocolMessageDispatcher.java:74)&#10;	at org.apache.hadoop.ozone.protocolPB.OzoneManagerProtocolServerSideTranslatorPB.submitRequest(OzoneManagerProtocolServerSideTranslatorPB.java:113)&#10;	at org.apache.hadoop.ozone.protocol.proto.OzoneManagerProtocolProtos$OzoneManagerService$2.callBlockingMethod(OzoneManagerProtocolProtos.java)&#10;	at org.apache.hadoop.ipc.ProtobufRpcEngine$Server$ProtoBufRpcInvoker.call(ProtobufRpcEngine.java:528)&#10;	at org.apache.hadoop.ipc.RPC$Server.call(RPC.java:1070)&#10;	at org.apache.hadoop.ipc.Server$RpcCall.run(Server.java:999)&#10;	at org.apache.hadoop.ipc.Server$RpcCall.run(Server.java:927)&#10;	at java.security.AccessController.doPrivileged(Native Method)&#10;	at javax.security.auth.Subject.doAs(Subject.java:422)&#10;	at org.apache.hadoop.security.UserGroupInformation.doAs(UserGroupInformation.java:1730)&#10;	at org.apache.hadoop.ipc.Server$Handler.run(Server.java:2915)&#10;" type="org.apache.hadoop.ipc.RemoteException(org.apache.hadoop.ozone.om.exceptions.OMLeaderNotReadyException)">org.apache.hadoop.ipc.RemoteException(org.apache.hadoop.ozone.om.exceptions.OMLeaderNotReadyException): omNode-2@group-523986131536 is in LEADER state but not ready yet.
	at org.apache.hadoop.ozone.om.ratis.OzoneManagerRatisServer.processReply(OzoneManagerRatisServer.java:177)
	at org.apache.hadoop.ozone.om.ratis.OzoneManagerRatisServer.submitRequest(OzoneManagerRatisServer.java:136)
	at org.apache.hadoop.ozone.protocolPB.OzoneManagerProtocolServerSideTranslatorPB.submitRequestToRatis(OzoneManagerProtocolServerSideTranslatorPB.java:177)
	at org.apache.hadoop.ozone.protocolPB.OzoneManagerProtocolServerSideTranslatorPB.processRequest(OzoneManagerProtocolServerSideTranslatorPB.java:134)
	at org.apache.hadoop.hdds.server.OzoneProtocolMessageDispatcher.processRequest(OzoneProtocolMessageDispatcher.java:74)
	at org.apache.hadoop.ozone.protocolPB.OzoneManagerProtocolServerSideTranslatorPB.submitRequest(OzoneManagerProtocolServerSideTranslatorPB.java:113)
	at org.apache.hadoop.ozone.protocol.proto.OzoneManagerProtocolProtos$OzoneManagerService$2.callBlockingMethod(OzoneManagerProtocolProtos.java)
	at org.apache.hadoop.ipc.ProtobufRpcEngine$Server$ProtoBufRpcInvoker.call(ProtobufRpcEngine.java:528)
	at org.apache.hadoop.ipc.RPC$Server.call(RPC.java:1070)
	at org.apache.hadoop.ipc.Server$RpcCall.run(Server.java:999)
	at org.apache.hadoop.ipc.Server$RpcCall.run(Server.java:927)
	at java.security.AccessController.doPrivileged(Native Method)
	at javax.security.auth.Subject.doAs(Subject.java:422)
	at org.apache.hadoop.security.UserGroupInformation.doAs(UserGroupInformation.java:1730)
	at org.apache.hadoop.ipc.Server$Handler.run(Server.java:2915)

	at org.apache.hadoop.ipc.Client.getRpcResponse(Client.java:1545)
	at org.apache.hadoop.ipc.Client.call(Client.java:1491)
	at org.apache.hadoop.ipc.Client.call(Client.java:1388)
	at org.apache.hadoop.ipc.ProtobufRpcEngine$Invoker.invoke(ProtobufRpcEngine.java:233)
	at org.apache.hadoop.ipc.ProtobufRpcEngine$Invoker.invoke(ProtobufRpcEngine.java:118)
	at com.sun.proxy.$Proxy39.submitRequest(Unknown Source)
	at sun.reflect.GeneratedMethodAccessor40.invoke(Unknown Source)
	at sun.reflect.DelegatingMethodAccessorImpl.invoke(DelegatingMethodAccessorImpl.java:43)
	at java.lang.reflect.Method.invoke(Method.java:498)
	at org.apache.hadoop.io.retry.RetryInvocationHandler.invokeMethod(RetryInvocationHandler.java:422)
	at org.apache.hadoop.io.retry.RetryInvocationHandler$Call.invokeMethod(RetryInvocationHandler.java:165)
	at org.apache.hadoop.io.retry.RetryInvocationHandler$Call.invoke(RetryInvocationHandler.java:157)
	at org.apache.hadoop.io.retry.RetryInvocationHandler$Call.invokeOnce(RetryInvocationHandler.java:95)
	at org.apache.hadoop.io.retry.RetryInvocationHandler.invoke(RetryInvocationHandler.java:359)
	at com.sun.proxy.$Proxy39.submitRequest(Unknown Source)
	at org.apache.hadoop.ozone.om.protocolPB.Hadoop3OmTransport.submitRequest(Hadoop3OmTransport.java:89)
	at org.apache.hadoop.ozone.om.protocolPB.OzoneManagerProtocolClientSideTranslatorPB.submitRequest(OzoneManagerProtocolClientSideTranslatorPB.java:210)
	at org.apache.hadoop.ozone.om.protocolPB.OzoneManagerProtocolClientSideTranslatorPB.openKey(OzoneManagerProtocolClientSideTranslatorPB.java:581)
	at org.apache.hadoop.ozone.client.rpc.RpcClient.createMultipartKey(RpcClient.java:869)
	at org.apache.hadoop.ozone.client.OzoneBucket.createMultipartKey(OzoneBucket.java:446)
	at org.apache.hadoop.ozone.om.TestOzoneManagerHAWithData.createMultipartKeyAndReadKey(TestOzoneManagerHAWithData.java:372)
	at org.apache.hadoop.ozone.om.TestOzoneManagerHAWithData.testMultipartUploadWithOneOmNodeDown(TestOzoneManagerHAWithData.java:313)
	at sun.reflect.NativeMethodAccessorImpl.invoke0(Native Method)
	at sun.reflect.NativeMethodAccessorImpl.invoke(NativeMethodAccessorImpl.java:62)
	at sun.reflect.DelegatingMethodAccessorImpl.invoke(DelegatingMethodAccessorImpl.java:43)
	at java.lang.reflect.Method.invoke(Method.java:498)
	at org.junit.runners.model.FrameworkMethod$1.runReflectiveCall(FrameworkMethod.java:47)
	at org.junit.internal.runners.model.ReflectiveCallable.run(ReflectiveCallable.java:12)
	at org.junit.runners.model.FrameworkMethod.invokeExplosively(FrameworkMethod.java:44)
	at org.junit.internal.runners.statements.InvokeMethod.evaluate(InvokeMethod.java:17)
	at org.junit.internal.runners.statements.RunBefores.evaluate(RunBefores.java:26)
	at org.junit.internal.runners.statements.RunAfters.evaluate(RunAfters.java:27)
	at org.junit.rules.ExpectedException$ExpectedExceptionStatement.evaluate(ExpectedException.java:168)
	at org.junit.internal.runners.statements.FailOnTimeout$StatementThread.run(FailOnTimeout.java:74)
</error>
    <system-out><![CDATA[2020-06-25 11:02:50,109 [Thread-1406] WARN  server.ServerUtils (ServerUtils.java:getScmDbDir(148)) - ozone.scm.db.dirs is not configured. We recommend adding this setting. Falling back to ozone.metadata.dirs instead.
2020-06-25 11:02:50,110 [Thread-1406] WARN  server.ServerUtils (ServerUtils.java:getScmDbDir(148)) - ozone.scm.db.dirs is not configured. We recommend adding this setting. Falling back to ozone.metadata.dirs instead.
2020-06-25 11:02:50,111 [Thread-1406] WARN  db.DBStoreBuilder (DBStoreBuilder.java:createDBStoreBuilder(277)) - ozone.scm.db.dirs is not configured. We recommend adding this setting. Falling back to ozone.metadata.dirs instead.
2020-06-25 11:02:50,137 [Thread-1406] INFO  net.NodeSchemaLoader (NodeSchemaLoader.java:loadSchemaFromFile(126)) - Loading file from sun.misc.CompoundEnumeration@22792441
2020-06-25 11:02:50,137 [Thread-1406] INFO  net.NodeSchemaLoader (NodeSchemaLoader.java:loadSchema(172)) - Loading network topology layer schema file
2020-06-25 11:02:50,140 [Thread-1406] WARN  server.ServerUtils (ServerUtils.java:sanitizeUserArgs(73)) - ozone.scm.stale.node.interval value = 300000 is larger than max = 100000 based on the key value of ozone.scm.heartbeat.thread.interval, reset to the max value 100000.
2020-06-25 11:02:50,140 [Thread-1406] WARN  server.ServerUtils (ServerUtils.java:sanitizeUserArgs(73)) - ozone.scm.stale.node.interval value = 300000 is larger than max = 100000 based on the key value of ozone.scm.heartbeat.thread.interval, reset to the max value 100000.
2020-06-25 11:02:50,140 [Thread-1406] INFO  node.SCMNodeManager (SCMNodeManager.java:<init>(116)) - Entering startup safe mode.
2020-06-25 11:02:50,141 [Thread-1406] INFO  algorithms.ContainerPlacementPolicyFactory (ContainerPlacementPolicyFactory.java:getPolicy(60)) - Create container placement policy of type org.apache.hadoop.hdds.scm.container.placement.algorithms.SCMContainerPlacementRandom
2020-06-25 11:02:50,141 [Thread-1406] INFO  pipeline.SCMPipelineManager (SCMPipelineManager.java:initializePipelineState(158)) - No pipeline exists in current db
2020-06-25 11:02:50,143 [Thread-1406] INFO  safemode.HealthyPipelineSafeModeRule (HealthyPipelineSafeModeRule.java:<init>(89)) - Total pipeline count is 0, healthy pipeline threshold count is 0
2020-06-25 11:02:50,143 [Thread-1406] INFO  safemode.OneReplicaPipelineSafeModeRule (OneReplicaPipelineSafeModeRule.java:<init>(79)) - Total pipeline count is 0, pipeline's with at least one datanode reported threshold count is 0
2020-06-25 11:02:50,145 [Thread-1406] INFO  ipc.CallQueueManager (CallQueueManager.java:<init>(84)) - Using callQueue: class java.util.concurrent.LinkedBlockingQueue, queueCapacity: 2000, scheduler: class org.apache.hadoop.ipc.DefaultRpcScheduler, ipcBackoff: false.
2020-06-25 11:02:50,146 [Socket Reader #1 for port 0] INFO  ipc.Server (Server.java:run(1219)) - Starting Socket Reader #1 for port 0
2020-06-25 11:02:50,146 [RatisPipelineUtilsThread] ERROR pipeline.SCMPipelineManager (SCMPipelineManager.java:createPipeline(222)) - Failed to create pipeline of type RATIS and factor ONE. Exception: Cannot create pipeline of factor 1 using 0 nodes. Used 0 nodes. Healthy nodes 0
2020-06-25 11:02:50,146 [Listener at 0.0.0.0/37057] INFO  ipc.CallQueueManager (CallQueueManager.java:<init>(84)) - Using callQueue: class java.util.concurrent.LinkedBlockingQueue, queueCapacity: 2000, scheduler: class org.apache.hadoop.ipc.DefaultRpcScheduler, ipcBackoff: false.
2020-06-25 11:02:50,155 [Socket Reader #1 for port 0] INFO  ipc.Server (Server.java:run(1219)) - Starting Socket Reader #1 for port 0
2020-06-25 11:02:50,155 [Listener at 0.0.0.0/45839] INFO  ipc.CallQueueManager (CallQueueManager.java:<init>(84)) - Using callQueue: class java.util.concurrent.LinkedBlockingQueue, queueCapacity: 2000, scheduler: class org.apache.hadoop.ipc.DefaultRpcScheduler, ipcBackoff: false.
2020-06-25 11:02:50,156 [Socket Reader #1 for port 0] INFO  ipc.Server (Server.java:run(1219)) - Starting Socket Reader #1 for port 0
2020-06-25 11:02:50,165 [Listener at 0.0.0.0/45725] INFO  http.BaseHttpServer (BaseHttpServer.java:newHttpServer2BuilderForOzone(207)) - Starting Web-server for scm at: http://0.0.0.0:0
2020-06-25 11:02:50,165 [Listener at 0.0.0.0/45725] INFO  http.BaseHttpServer (BaseHttpServer.java:<init>(106)) - Hadoop Security Enabled: false Ozone Security Enabled: false Ozone HTTP Security Enabled: false 
2020-06-25 11:02:50,166 [Listener at 0.0.0.0/45725] INFO  server.AuthenticationFilter (AuthenticationFilter.java:constructSecretProvider(240)) - Unable to initialize FileSignerSecretProvider, falling back to use random secrets.
2020-06-25 11:02:50,167 [Listener at 0.0.0.0/45725] WARN  http.HttpRequestLog (HttpRequestLog.java:getRequestLog(103)) - Jetty request log can only be enabled using Log4j
2020-06-25 11:02:50,167 [Listener at 0.0.0.0/45725] INFO  http.HttpServer2 (HttpServer2.java:addGlobalFilter(997)) - Added global filter 'safety' (class=org.apache.hadoop.hdds.server.http.HttpServer2$QuotingInputFilter)
2020-06-25 11:02:50,168 [Listener at 0.0.0.0/45725] INFO  http.HttpServer2 (HttpServer2.java:addFilter(973)) - Added filter static_user_filter (class=org.apache.hadoop.http.lib.StaticUserWebFilter$StaticUserFilter) to context scm
2020-06-25 11:02:50,168 [Listener at 0.0.0.0/45725] INFO  http.HttpServer2 (HttpServer2.java:addFilter(981)) - Added filter static_user_filter (class=org.apache.hadoop.http.lib.StaticUserWebFilter$StaticUserFilter) to context logs
2020-06-25 11:02:50,168 [Listener at 0.0.0.0/45725] INFO  http.HttpServer2 (HttpServer2.java:addFilter(981)) - Added filter static_user_filter (class=org.apache.hadoop.http.lib.StaticUserWebFilter$StaticUserFilter) to context static
2020-06-25 11:02:50,171 [Listener at 0.0.0.0/45725] INFO  server.StorageContainerManager (StorageContainerManager.java:start(782)) - StorageContainerLocationProtocol RPC server is listening at /0.0.0.0:45725
2020-06-25 11:02:50,173 [Listener at 0.0.0.0/45725] WARN  impl.MetricsConfig (MetricsConfig.java:loadFirst(134)) - Cannot locate configuration: tried hadoop-metrics2-storagecontainermanager.properties,hadoop-metrics2.properties
2020-06-25 11:02:50,174 [Listener at 0.0.0.0/45725] INFO  impl.MetricsSystemImpl (MetricsSystemImpl.java:startTimer(374)) - Scheduled Metric snapshot period at 10 second(s).
2020-06-25 11:02:50,174 [Listener at 0.0.0.0/45725] INFO  impl.MetricsSystemImpl (MetricsSystemImpl.java:start(191)) - StorageContainerManager metrics system started
2020-06-25 11:02:50,489 [Listener at 0.0.0.0/45725] WARN  impl.MetricsSystemImpl (MetricsSystemImpl.java:register(276)) - Sink prometheus already exists!
2020-06-25 11:02:50,491 [Listener at 0.0.0.0/45725] INFO  server.SCMClientProtocolServer (SCMClientProtocolServer.java:start(156)) - RPC server for Client  is listening at /0.0.0.0:45725
2020-06-25 11:02:50,491 [IPC Server Responder] INFO  ipc.Server (Server.java:run(1460)) - IPC Server Responder: starting
2020-06-25 11:02:50,492 [IPC Server listener on 0] INFO  ipc.Server (Server.java:run(1298)) - IPC Server listener on 0: starting
2020-06-25 11:02:50,498 [Listener at 0.0.0.0/45725] INFO  server.StorageContainerManager (StorageContainerManager.java:start(794)) - ScmBlockLocationProtocol RPC server is listening at /0.0.0.0:45839
2020-06-25 11:02:50,498 [Listener at 0.0.0.0/45725] INFO  server.SCMBlockProtocolServer (SCMBlockProtocolServer.java:start(149)) - RPC server for Block Protocol is listening at /0.0.0.0:45839
2020-06-25 11:02:50,499 [IPC Server Responder] INFO  ipc.Server (Server.java:run(1460)) - IPC Server Responder: starting
2020-06-25 11:02:50,504 [IPC Server listener on 0] INFO  ipc.Server (Server.java:run(1298)) - IPC Server listener on 0: starting
2020-06-25 11:02:50,516 [Listener at 0.0.0.0/45725] INFO  server.StorageContainerManager (StorageContainerManager.java:start(800)) - ScmDatanodeProtocl RPC server is listening at /0.0.0.0:37057
2020-06-25 11:02:50,516 [Listener at 0.0.0.0/45725] INFO  server.SCMDatanodeProtocolServer (SCMDatanodeProtocolServer.java:start(172)) - RPC server for DataNodes is listening at /0.0.0.0:37057
2020-06-25 11:02:50,517 [IPC Server Responder] INFO  ipc.Server (Server.java:run(1460)) - IPC Server Responder: starting
2020-06-25 11:02:50,517 [IPC Server listener on 0] INFO  ipc.Server (Server.java:run(1298)) - IPC Server listener on 0: starting
2020-06-25 11:02:50,526 [Listener at 0.0.0.0/45725] INFO  http.HttpServer2 (HttpServer2.java:bindListener(1215)) - Jetty bound to port 40489
2020-06-25 11:02:50,526 [Listener at 0.0.0.0/45725] INFO  server.Server (Server.java:doStart(359)) - jetty-9.4.26.v20200117; built: 2020-01-17T12:35:33.676Z; git: 7b38981d25d14afb4a12ff1f2596756144edf695; jvm 1.8.0_232-b09
2020-06-25 11:02:50,528 [Listener at 0.0.0.0/45725] INFO  server.session (DefaultSessionIdManager.java:doStart(333)) - DefaultSessionIdManager workerName=node0
2020-06-25 11:02:50,528 [Listener at 0.0.0.0/45725] INFO  server.session (DefaultSessionIdManager.java:doStart(338)) - No SessionScavenger set, using defaults
2020-06-25 11:02:50,528 [Listener at 0.0.0.0/45725] INFO  server.session (HouseKeeper.java:startScavenging(140)) - node0 Scavenging every 660000ms
2020-06-25 11:02:50,529 [Listener at 0.0.0.0/45725] INFO  handler.ContextHandler (ContextHandler.java:doStart(825)) - Started o.e.j.s.ServletContextHandler@124c5281{logs,/logs,file:///github/workspace/mnt/ozone/hadoop-ozone/integration-test/target/log,AVAILABLE}
2020-06-25 11:02:50,529 [Listener at 0.0.0.0/45725] INFO  handler.ContextHandler (ContextHandler.java:doStart(825)) - Started o.e.j.s.ServletContextHandler@69d5d33b{static,/static,file:///github/workspace/mnt/ozone/hadoop-ozone/integration-test/target/test-classes/webapps/static,AVAILABLE}
2020-06-25 11:02:50,532 [Listener at 0.0.0.0/45725] INFO  handler.ContextHandler (ContextHandler.java:doStart(825)) - Started o.e.j.w.WebAppContext@c1724e9{scm,/,file:///github/workspace/mnt/ozone/hadoop-ozone/integration-test/target/test-classes/webapps/scm/,AVAILABLE}{file:/github/workspace/mnt/ozone/hadoop-ozone/integration-test/target/test-classes/webapps/scm}
2020-06-25 11:02:50,533 [Listener at 0.0.0.0/45725] INFO  server.AbstractConnector (AbstractConnector.java:doStart(330)) - Started ServerConnector@137f9de7{HTTP/1.1,[http/1.1]}{0.0.0.0:40489}
2020-06-25 11:02:50,533 [Listener at 0.0.0.0/45725] INFO  server.Server (Server.java:doStart(399)) - Started @79382ms
2020-06-25 11:02:50,533 [Listener at 0.0.0.0/45725] WARN  impl.MetricsSystemImpl (MetricsSystemImpl.java:register(276)) - Sink prometheus already exists!
2020-06-25 11:02:50,539 [Listener at 0.0.0.0/45725] INFO  http.BaseHttpServer (BaseHttpServer.java:updateConnectorAddress(327)) - HTTP server of scm listening at http://0.0.0.0:40489
2020-06-25 11:02:50,542 [Listener at 0.0.0.0/45725] WARN  server.ServerUtils (ServerUtils.java:getDBPath(225)) - ozone.om.db.dirs is not configured. We recommend adding this setting. Falling back to ozone.metadata.dirs instead.
2020-06-25 11:02:50,543 [org.apache.hadoop.util.JvmPauseMonitor$Monitor@6f47043a] INFO  util.JvmPauseMonitor (JvmPauseMonitor.java:run(188)) - Starting JVM pause monitor
2020-06-25 11:02:50,544 [Listener at 0.0.0.0/45725] INFO  ha.OMHANodeDetails (OMHANodeDetails.java:loadOMHAConfig(110)) - ServiceID for OzoneManager is om-service-test1
2020-06-25 11:02:50,544 [Listener at 0.0.0.0/45725] INFO  ha.OMHANodeDetails (OMHANodeDetails.java:loadOMHAConfig(188)) - Found matching OM address with OMServiceId: om-service-test1, OMNodeId: omNode-1, RPC Address: localhost:10624 and Ratis port: 10628
2020-06-25 11:02:50,545 [Listener at 0.0.0.0/45725] INFO  ha.OMHANodeDetails (OMHANodeDetails.java:setOMNodeSpecificConfigs(314)) - Setting configuration key ozone.om.http-address with value of key ozone.om.http-address.omNode-1: 127.0.0.1:10626
2020-06-25 11:02:50,545 [Listener at 0.0.0.0/45725] INFO  ha.OMHANodeDetails (OMHANodeDetails.java:setOMNodeSpecificConfigs(314)) - Setting configuration key ozone.om.https-address with value of key ozone.om.https-address.omNode-1: 127.0.0.1:10627
2020-06-25 11:02:50,545 [Listener at 0.0.0.0/45725] INFO  ha.OMHANodeDetails (OMHANodeDetails.java:setOMNodeSpecificConfigs(314)) - Setting configuration key ozone.om.address with value of key ozone.om.address.omNode-1: 127.0.0.1:10624
2020-06-25 11:02:50,545 [Listener at 0.0.0.0/45725] WARN  server.ServerUtils (ServerUtils.java:getDBPath(225)) - ozone.om.db.dirs is not configured. We recommend adding this setting. Falling back to ozone.metadata.dirs instead.
2020-06-25 11:02:50,545 [Listener at 0.0.0.0/45725] WARN  server.ServerUtils (ServerUtils.java:getDBPath(225)) - ozone.om.db.dirs is not configured. We recommend adding this setting. Falling back to ozone.metadata.dirs instead.
2020-06-25 11:02:50,555 [Listener at 0.0.0.0/45725] WARN  server.ServerUtils (ServerUtils.java:getDBPath(225)) - ozone.om.db.dirs is not configured. We recommend adding this setting. Falling back to ozone.metadata.dirs instead.
2020-06-25 11:02:50,609 [Listener at 0.0.0.0/45725] WARN  server.ServerUtils (ServerUtils.java:getDefaultRatisDirectory(237)) - Storage directory for Ratis is not configured. It is a good idea to map this to an SSD disk. Falling back to ozone.metadata.dirs
2020-06-25 11:02:50,610 [Listener at 0.0.0.0/45725] INFO  ratis.OzoneManagerRatisServer (OzoneManagerRatisServer.java:<init>(268)) - Instantiating OM Ratis server with GroupID: om-service-test1 and Raft Peers: localhost:10628, localhost:10634, localhost:10640
2020-06-25 11:02:50,610 [Listener at 0.0.0.0/45725] INFO  ratis.OzoneManagerStateMachine (OzoneManagerStateMachine.java:loadSnapshotInfoFromDB(539)) - LastAppliedIndex is set from TransactionInfo from OM DB as (t:0, i:~)
2020-06-25 11:02:50,611 [Listener at 0.0.0.0/45725] INFO  impl.RaftServerProxy (ConfUtils.java:logGet(44)) - raft.rpc.type = GRPC (default)
2020-06-25 11:02:50,611 [Listener at 0.0.0.0/45725] INFO  grpc.GrpcFactory (GrpcFactory.java:checkPooledByteBufAllocatorUseCacheForAllThreads(45)) - PERFORMANCE WARNING: useCacheForAllThreads is true that may cause Netty to create a lot garbage objects and, as a result, trigger GC.
	It is recommended to disable useCacheForAllThreads by setting -Dorg.apache.ratis.thirdparty.io.netty.allocator.useCacheForAllThreads=false in command line.
2020-06-25 11:02:50,611 [Listener at 0.0.0.0/45725] INFO  grpc.GrpcConfigKeys (ConfUtils.java:logGet(44)) - raft.grpc.server.port = 10628 (custom)
2020-06-25 11:02:50,611 [Listener at 0.0.0.0/45725] INFO  server.GrpcService (ConfUtils.java:logGet(44)) - raft.grpc.message.size.max = 33554432 (custom)
2020-06-25 11:02:50,611 [Listener at 0.0.0.0/45725] INFO  server.RaftServerConfigKeys (ConfUtils.java:logGet(44)) - raft.server.log.appender.buffer.byte-limit = 33554432 (custom)
2020-06-25 11:02:50,611 [Listener at 0.0.0.0/45725] INFO  server.GrpcService (ConfUtils.java:logGet(44)) - raft.grpc.flow.control.window = 1MB (=1048576) (default)
2020-06-25 11:02:50,611 [Listener at 0.0.0.0/45725] INFO  server.RaftServerConfigKeys (ConfUtils.java:logGet(44)) - raft.server.rpc.request.timeout = 3000ms (default)
2020-06-25 11:02:50,613 [Listener at 0.0.0.0/45725] INFO  server.RaftServerConfigKeys (ConfUtils.java:logGet(44)) - raft.server.storage.dir = [/github/workspace/mnt/ozone/hadoop-ozone/integration-test/target/test-dir/MiniOzoneClusterImpl-aa6a32bf-ecb8-457c-8a9c-777f344c5ca2/omNode-1/ratis] (custom)
2020-06-25 11:02:50,613 [pool-359-thread-1] INFO  impl.RaftServerImpl (RaftServerImpl.java:<init>(99)) - omNode-1: new RaftServerImpl for group-523986131536:[omNode-3:localhost:10640, omNode-1:localhost:10628, omNode-2:localhost:10634] with OzoneManagerStateMachine:uninitialized
2020-06-25 11:02:50,613 [pool-359-thread-1] INFO  server.RaftServerConfigKeys (ConfUtils.java:logGet(44)) - raft.server.rpc.timeout.min = 1s (custom)
2020-06-25 11:02:50,614 [pool-359-thread-1] INFO  server.RaftServerConfigKeys (ConfUtils.java:logGet(44)) - raft.server.rpc.timeout.max = 1200ms (custom)
2020-06-25 11:02:50,614 [pool-359-thread-1] INFO  server.RaftServerConfigKeys (ConfUtils.java:logGet(44)) - raft.server.rpcslowness.timeout = 2s (custom)
2020-06-25 11:02:50,614 [pool-359-thread-1] INFO  server.RaftServerConfigKeys (ConfUtils.java:logGet(44)) - raft.server.sleep.deviation.threshold = 300 (default)
2020-06-25 11:02:50,614 [pool-359-thread-1] INFO  server.RaftServerConfigKeys (ConfUtils.java:logGet(44)) - raft.server.log.appender.install.snapshot.enabled = false (custom)
2020-06-25 11:02:50,614 [pool-359-thread-1] INFO  impl.RaftServerImpl (ServerState.java:<init>(103)) - omNode-1@group-523986131536: ConfigurationManager, init=-1: [omNode-3:localhost:10640, omNode-1:localhost:10628, omNode-2:localhost:10634], old=null, confs=<EMPTY_MAP>
2020-06-25 11:02:50,614 [pool-359-thread-1] INFO  server.RaftServerConfigKeys (ConfUtils.java:logGet(44)) - raft.server.storage.dir = [/github/workspace/mnt/ozone/hadoop-ozone/integration-test/target/test-dir/MiniOzoneClusterImpl-aa6a32bf-ecb8-457c-8a9c-777f344c5ca2/omNode-1/ratis] (custom)
2020-06-25 11:02:50,615 [pool-359-thread-1] INFO  server.RaftServerConfigKeys (ConfUtils.java:logGet(44)) - raft.server.log.corruption.policy = EXCEPTION (default)
2020-06-25 11:02:50,615 [pool-359-thread-1] INFO  storage.RaftStorageDirectory (RaftStorageDirectory.java:analyzeStorage(261)) - The storage directory /github/workspace/mnt/ozone/hadoop-ozone/integration-test/target/test-dir/MiniOzoneClusterImpl-aa6a32bf-ecb8-457c-8a9c-777f344c5ca2/omNode-1/ratis/c9bc4cf4-3bc3-3c60-a66b-523986131536 does not exist. Creating ...
2020-06-25 11:02:50,616 [pool-359-thread-1] INFO  storage.RaftStorageDirectory (RaftStorageDirectory.java:tryLock(343)) - Lock on /github/workspace/mnt/ozone/hadoop-ozone/integration-test/target/test-dir/MiniOzoneClusterImpl-aa6a32bf-ecb8-457c-8a9c-777f344c5ca2/omNode-1/ratis/c9bc4cf4-3bc3-3c60-a66b-523986131536/in_use.lock acquired by nodename 9717@da41f0c55cd9
2020-06-25 11:02:50,617 [pool-359-thread-1] INFO  storage.RaftStorage (RaftStorage.java:format(84)) - Storage directory /github/workspace/mnt/ozone/hadoop-ozone/integration-test/target/test-dir/MiniOzoneClusterImpl-aa6a32bf-ecb8-457c-8a9c-777f344c5ca2/omNode-1/ratis/c9bc4cf4-3bc3-3c60-a66b-523986131536 has been successfully formatted.
2020-06-25 11:02:50,617 [pool-359-thread-1] INFO  ratis.OzoneManagerStateMachine (OzoneManagerStateMachine.java:getLatestSnapshot(147)) - Latest Snapshot Info 0#-1
2020-06-25 11:02:50,617 [pool-359-thread-1] INFO  server.RaftServerConfigKeys (ConfUtils.java:logGet(44)) - raft.server.notification.no-leader.timeout = 2s (custom)
2020-06-25 11:02:50,617 [pool-359-thread-1] INFO  server.RaftServerConfigKeys (ConfUtils.java:logGet(44)) - raft.server.log.use.memory = false (default)
2020-06-25 11:02:50,617 [Listener at 0.0.0.0/45725] INFO  impl.RaftServerProxy (RaftServerProxy.java:addNew(89)) - omNode-1: addNew group-523986131536:[omNode-3:localhost:10640, omNode-1:localhost:10628, omNode-2:localhost:10634] returns group-523986131536:java.util.concurrent.CompletableFuture@7694b7b3[Not completed]
2020-06-25 11:02:50,617 [pool-359-thread-1] INFO  server.RaftServerConfigKeys (ConfUtils.java:logGet(44)) - raft.server.log.purge.gap = 50 (custom)
2020-06-25 11:02:50,618 [pool-359-thread-1] INFO  server.RaftServerConfigKeys (ConfUtils.java:logGet(44)) - raft.server.log.appender.buffer.byte-limit = 33554432 (custom)
2020-06-25 11:02:50,619 [pool-359-thread-1] INFO  server.RaftServerConfigKeys (ConfUtils.java:logGet(44)) - raft.server.log.segment.size.max = 16384 (custom)
2020-06-25 11:02:50,619 [pool-359-thread-1] INFO  metrics.RatisMetrics (RatisMetrics.java:lambda$create$0(36)) - Creating Metrics Registry : ratis.log_worker.omNode-1@group-523986131536
2020-06-25 11:02:50,619 [pool-359-thread-1] INFO  server.RaftServerConfigKeys (ConfUtils.java:logGet(44)) - raft.server.log.segment.cache.num.max = 2 (custom)
2020-06-25 11:02:50,619 [pool-359-thread-1] INFO  segmented.SegmentedRaftLogWorker (SegmentedRaftLogWorker.java:<init>(180)) - new omNode-1@group-523986131536-SegmentedRaftLogWorker for RaftStorage:Storage Directory /github/workspace/mnt/ozone/hadoop-ozone/integration-test/target/test-dir/MiniOzoneClusterImpl-aa6a32bf-ecb8-457c-8a9c-777f344c5ca2/omNode-1/ratis/c9bc4cf4-3bc3-3c60-a66b-523986131536
2020-06-25 11:02:50,619 [pool-359-thread-1] INFO  server.RaftServerConfigKeys (ConfUtils.java:logGet(44)) - raft.server.log.queue.byte-limit = 64MB (=67108864) (default)
2020-06-25 11:02:50,619 [pool-359-thread-1] INFO  server.RaftServerConfigKeys (ConfUtils.java:logGet(44)) - raft.server.log.queue.element-limit = 4096 (default)
2020-06-25 11:02:50,620 [pool-359-thread-1] INFO  server.RaftServerConfigKeys (ConfUtils.java:logGet(44)) - raft.server.log.segment.size.max = 16384 (custom)
2020-06-25 11:02:50,620 [pool-359-thread-1] INFO  server.RaftServerConfigKeys (ConfUtils.java:logGet(44)) - raft.server.log.preallocated.size = 16384 (custom)
2020-06-25 11:02:50,620 [pool-359-thread-1] INFO  server.RaftServerConfigKeys (ConfUtils.java:logGet(44)) - raft.server.log.write.buffer.size = 64KB (=65536) (default)
2020-06-25 11:02:50,620 [pool-359-thread-1] INFO  server.RaftServerConfigKeys (ConfUtils.java:logGet(44)) - raft.server.log.force.sync.num = 128 (default)
2020-06-25 11:02:50,620 [pool-359-thread-1] INFO  server.RaftServerConfigKeys (ConfUtils.java:logGet(44)) - raft.server.log.statemachine.data.sync = true (default)
2020-06-25 11:02:50,620 [pool-359-thread-1] INFO  server.RaftServerConfigKeys (ConfUtils.java:logGet(44)) - raft.server.log.statemachine.data.sync.timeout = 10s (default)
2020-06-25 11:02:50,620 [pool-359-thread-1] INFO  server.RaftServerConfigKeys (ConfUtils.java:logGet(44)) - raft.server.log.statemachine.data.sync.timeout.retry = -1 (default)
2020-06-25 11:02:50,621 [pool-359-thread-1] INFO  server.RaftServerConfigKeys (ConfUtils.java:logGet(44)) - raft.server.log.statemachine.data.caching.enabled = false (default)
2020-06-25 11:02:50,621 [pool-359-thread-1] INFO  segmented.SegmentedRaftLogWorker (SegmentedRaftLogWorker.java:lambda$new$0(129)) - omNode-1@group-523986131536-SegmentedRaftLogWorker: flushIndex: setUnconditionally 0 -> -1
2020-06-25 11:02:50,621 [pool-359-thread-1] INFO  segmented.SegmentedRaftLogWorker (SegmentedRaftLogWorker.java:lambda$new$0(129)) - omNode-1@group-523986131536-SegmentedRaftLogWorker: safeCacheEvictIndex: setUnconditionally 0 -> -1
2020-06-25 11:02:50,622 [Listener at 0.0.0.0/45725] INFO  om.OzoneManager (OzoneManager.java:initializeRatisServer(1224)) - OzoneManager Ratis server initialized at port 10628
2020-06-25 11:02:50,622 [Listener at 0.0.0.0/45725] WARN  server.ServerUtils (ServerUtils.java:getDefaultRatisDirectory(237)) - Storage directory for Ratis is not configured. It is a good idea to map this to an SSD disk. Falling back to ozone.metadata.dirs
2020-06-25 11:02:50,622 [Listener at 0.0.0.0/45725] WARN  server.ServerUtils (ServerUtils.java:getDefaultRatisDirectory(237)) - Storage directory for Ratis is not configured. It is a good idea to map this to an SSD disk. Falling back to ozone.metadata.dirs
2020-06-25 11:02:50,622 [Listener at 0.0.0.0/45725] INFO  snapshot.OzoneManagerSnapshotProvider (OzoneManagerSnapshotProvider.java:<init>(77)) - Initializing OM Snapshot Provider
2020-06-25 11:02:50,625 [Listener at 0.0.0.0/45725] INFO  ipc.CallQueueManager (CallQueueManager.java:<init>(84)) - Using callQueue: class java.util.concurrent.LinkedBlockingQueue, queueCapacity: 2000, scheduler: class org.apache.hadoop.ipc.DefaultRpcScheduler, ipcBackoff: false.
2020-06-25 11:02:50,625 [pool-359-thread-1] INFO  server.RaftServerConfigKeys (ConfUtils.java:logGet(44)) - raft.server.snapshot.auto.trigger.enabled = true (custom)
2020-06-25 11:02:50,625 [pool-359-thread-1] INFO  server.RaftServerConfigKeys (ConfUtils.java:logGet(44)) - raft.server.snapshot.auto.trigger.threshold = 50 (custom)
2020-06-25 11:02:50,625 [pool-359-thread-1] INFO  server.RaftServerConfigKeys (ConfUtils.java:logGet(44)) - raft.server.snapshot.retention.file.num = -1 (default)
2020-06-25 11:02:50,625 [pool-359-thread-1] INFO  server.RaftServerConfigKeys (ConfUtils.java:logGet(44)) - raft.server.log.purge.upto.snapshot.index = false (default)
2020-06-25 11:02:50,625 [pool-359-thread-1] INFO  server.RaftServerConfigKeys (ConfUtils.java:logGet(44)) - raft.server.retrycache.expirytime = 600000ms (custom)
2020-06-25 11:02:50,625 [pool-359-thread-1] INFO  metrics.RatisMetrics (RatisMetrics.java:lambda$create$0(36)) - Creating Metrics Registry : ratis.leader_election.omNode-1@group-523986131536
2020-06-25 11:02:50,626 [pool-359-thread-1] INFO  metrics.RatisMetrics (RatisMetrics.java:lambda$create$0(36)) - Creating Metrics Registry : ratis.server.omNode-1@group-523986131536
2020-06-25 11:02:50,628 [Socket Reader #1 for port 10624] INFO  ipc.Server (Server.java:run(1219)) - Starting Socket Reader #1 for port 10624
2020-06-25 11:02:50,650 [Listener at 127.0.0.1/10624] INFO  impl.MetricsSystemImpl (MetricsSystemImpl.java:init(158)) - OzoneManager metrics system started (again)
2020-06-25 11:02:50,651 [Listener at 127.0.0.1/10624] INFO  om.OzoneManager (OzoneManager.java:start(1083)) - OzoneManager RPC server is listening at localhost/127.0.0.1:10624
2020-06-25 11:02:50,652 [Listener at 127.0.0.1/10624] INFO  ratis.OzoneManagerRatisServer (OzoneManagerRatisServer.java:start(365)) - Starting OzoneManagerRatisServer omNode-1 at port 10628
2020-06-25 11:02:50,652 [Listener at 127.0.0.1/10624] INFO  impl.RaftServerImpl (RaftServerImpl.java:start(186)) - omNode-1@group-523986131536: start as a follower, conf=-1: [omNode-3:localhost:10640, omNode-1:localhost:10628, omNode-2:localhost:10634], old=null
2020-06-25 11:02:50,652 [Listener at 127.0.0.1/10624] INFO  impl.RaftServerImpl (RaftServerImpl.java:setRole(175)) - omNode-1@group-523986131536: changes role from      null to FOLLOWER at term 0 for startAsFollower
2020-06-25 11:02:50,652 [Listener at 127.0.0.1/10624] INFO  impl.RoleInfo (RoleInfo.java:updateAndGet(143)) - omNode-1: start FollowerState
2020-06-25 11:02:50,653 [Listener at 127.0.0.1/10624] INFO  util.JmxRegister (JmxRegister.java:tryRegister(44)) - Successfully registered JMX Bean with object name Ratis:service=RaftServer,group=group-523986131536,id=omNode-1
2020-06-25 11:02:50,654 [Listener at 127.0.0.1/10624] INFO  metrics.RatisMetrics (RatisMetrics.java:lambda$create$0(36)) - Creating Metrics Registry : ratis.state_machine.omNode-1@group-523986131536
2020-06-25 11:02:50,654 [Listener at 127.0.0.1/10624] INFO  impl.RaftServerProxy (RaftServerProxy.java:lambda$start$3(304)) - omNode-1: start RPC server
2020-06-25 11:02:50,655 [Listener at 127.0.0.1/10624] INFO  server.GrpcService (GrpcService.java:startImpl(160)) - omNode-1: GrpcService started, listening on 0.0.0.0/0.0.0.0:10628
2020-06-25 11:02:50,657 [IPC Server Responder] INFO  ipc.Server (Server.java:run(1460)) - IPC Server Responder: starting
2020-06-25 11:02:50,658 [IPC Server listener on 10624] INFO  ipc.Server (Server.java:run(1298)) - IPC Server listener on 10624: starting
2020-06-25 11:02:50,671 [Listener at 127.0.0.1/10624] INFO  http.BaseHttpServer (BaseHttpServer.java:newHttpServer2BuilderForOzone(207)) - Starting Web-server for ozoneManager at: http://0.0.0.0:10626
2020-06-25 11:02:50,671 [Listener at 127.0.0.1/10624] INFO  http.BaseHttpServer (BaseHttpServer.java:<init>(106)) - Hadoop Security Enabled: false Ozone Security Enabled: false Ozone HTTP Security Enabled: false 
2020-06-25 11:02:50,672 [Listener at 127.0.0.1/10624] INFO  server.AuthenticationFilter (AuthenticationFilter.java:constructSecretProvider(240)) - Unable to initialize FileSignerSecretProvider, falling back to use random secrets.
2020-06-25 11:02:50,672 [Listener at 127.0.0.1/10624] WARN  http.HttpRequestLog (HttpRequestLog.java:getRequestLog(103)) - Jetty request log can only be enabled using Log4j
2020-06-25 11:02:50,673 [Listener at 127.0.0.1/10624] INFO  http.HttpServer2 (HttpServer2.java:addGlobalFilter(997)) - Added global filter 'safety' (class=org.apache.hadoop.hdds.server.http.HttpServer2$QuotingInputFilter)
2020-06-25 11:02:50,673 [Listener at 127.0.0.1/10624] INFO  http.HttpServer2 (HttpServer2.java:addFilter(973)) - Added filter static_user_filter (class=org.apache.hadoop.http.lib.StaticUserWebFilter$StaticUserFilter) to context ozoneManager
2020-06-25 11:02:50,674 [Listener at 127.0.0.1/10624] INFO  http.HttpServer2 (HttpServer2.java:addFilter(981)) - Added filter static_user_filter (class=org.apache.hadoop.http.lib.StaticUserWebFilter$StaticUserFilter) to context logs
2020-06-25 11:02:50,674 [Listener at 127.0.0.1/10624] INFO  http.HttpServer2 (HttpServer2.java:addFilter(981)) - Added filter static_user_filter (class=org.apache.hadoop.http.lib.StaticUserWebFilter$StaticUserFilter) to context static
2020-06-25 11:02:50,674 [Listener at 127.0.0.1/10624] INFO  http.HttpServer2 (HttpServer2.java:bindListener(1215)) - Jetty bound to port 10626
2020-06-25 11:02:50,674 [Listener at 127.0.0.1/10624] INFO  server.Server (Server.java:doStart(359)) - jetty-9.4.26.v20200117; built: 2020-01-17T12:35:33.676Z; git: 7b38981d25d14afb4a12ff1f2596756144edf695; jvm 1.8.0_232-b09
2020-06-25 11:02:50,677 [Listener at 127.0.0.1/10624] INFO  server.session (DefaultSessionIdManager.java:doStart(333)) - DefaultSessionIdManager workerName=node0
2020-06-25 11:02:50,677 [Listener at 127.0.0.1/10624] INFO  server.session (DefaultSessionIdManager.java:doStart(338)) - No SessionScavenger set, using defaults
2020-06-25 11:02:50,677 [Listener at 127.0.0.1/10624] INFO  server.session (HouseKeeper.java:startScavenging(140)) - node0 Scavenging every 600000ms
2020-06-25 11:02:50,678 [Listener at 127.0.0.1/10624] INFO  handler.ContextHandler (ContextHandler.java:doStart(825)) - Started o.e.j.s.ServletContextHandler@52c4d40e{logs,/logs,file:///github/workspace/mnt/ozone/hadoop-ozone/integration-test/target/log,AVAILABLE}
2020-06-25 11:02:50,678 [Listener at 127.0.0.1/10624] INFO  handler.ContextHandler (ContextHandler.java:doStart(825)) - Started o.e.j.s.ServletContextHandler@768a91d0{static,/static,file:///github/workspace/mnt/ozone/hadoop-ozone/integration-test/target/test-classes/webapps/static,AVAILABLE}
2020-06-25 11:02:50,681 [Listener at 127.0.0.1/10624] INFO  handler.ContextHandler (ContextHandler.java:doStart(825)) - Started o.e.j.w.WebAppContext@619b105{ozoneManager,/,file:///github/workspace/mnt/ozone/hadoop-ozone/integration-test/target/test-classes/webapps/ozoneManager/,AVAILABLE}{file:/github/workspace/mnt/ozone/hadoop-ozone/integration-test/target/test-classes/webapps/ozoneManager}
2020-06-25 11:02:50,682 [Listener at 127.0.0.1/10624] INFO  server.AbstractConnector (AbstractConnector.java:doStart(330)) - Started ServerConnector@4e0d8ed7{HTTP/1.1,[http/1.1]}{0.0.0.0:10626}
2020-06-25 11:02:50,682 [Listener at 127.0.0.1/10624] INFO  server.Server (Server.java:doStart(399)) - Started @79531ms
2020-06-25 11:02:50,682 [Listener at 127.0.0.1/10624] WARN  impl.MetricsSystemImpl (MetricsSystemImpl.java:register(276)) - Sink prometheus already exists!
2020-06-25 11:02:50,687 [Listener at 127.0.0.1/10624] INFO  http.BaseHttpServer (BaseHttpServer.java:updateConnectorAddress(327)) - HTTP server of ozoneManager listening at http://0.0.0.0:10626
2020-06-25 11:02:50,688 [Listener at 127.0.0.1/10624] INFO  ozone.MiniOzoneHAClusterImpl (MiniOzoneHAClusterImpl.java:createOMService(380)) - Started OzoneManager RPC server at localhost/127.0.0.1:10624
2020-06-25 11:02:50,688 [org.apache.hadoop.util.JvmPauseMonitor$Monitor@74e3faff] INFO  util.JvmPauseMonitor (JvmPauseMonitor.java:run(188)) - Starting JVM pause monitor
2020-06-25 11:02:50,688 [Listener at 127.0.0.1/10624] WARN  server.ServerUtils (ServerUtils.java:getDBPath(225)) - ozone.om.db.dirs is not configured. We recommend adding this setting. Falling back to ozone.metadata.dirs instead.
2020-06-25 11:02:50,690 [Listener at 127.0.0.1/10624] INFO  ha.OMHANodeDetails (OMHANodeDetails.java:loadOMHAConfig(110)) - ServiceID for OzoneManager is om-service-test1
2020-06-25 11:02:50,691 [Listener at 127.0.0.1/10624] INFO  ha.OMHANodeDetails (OMHANodeDetails.java:loadOMHAConfig(188)) - Found matching OM address with OMServiceId: om-service-test1, OMNodeId: omNode-2, RPC Address: localhost:10630 and Ratis port: 10634
2020-06-25 11:02:50,691 [Listener at 127.0.0.1/10624] INFO  ha.OMHANodeDetails (OMHANodeDetails.java:setOMNodeSpecificConfigs(314)) - Setting configuration key ozone.om.http-address with value of key ozone.om.http-address.omNode-2: 127.0.0.1:10632
2020-06-25 11:02:50,691 [Listener at 127.0.0.1/10624] INFO  ha.OMHANodeDetails (OMHANodeDetails.java:setOMNodeSpecificConfigs(314)) - Setting configuration key ozone.om.https-address with value of key ozone.om.https-address.omNode-2: 127.0.0.1:10633
2020-06-25 11:02:50,692 [Listener at 127.0.0.1/10624] INFO  ha.OMHANodeDetails (OMHANodeDetails.java:setOMNodeSpecificConfigs(314)) - Setting configuration key ozone.om.address with value of key ozone.om.address.omNode-2: 127.0.0.1:10630
2020-06-25 11:02:50,692 [Listener at 127.0.0.1/10624] WARN  server.ServerUtils (ServerUtils.java:getDBPath(225)) - ozone.om.db.dirs is not configured. We recommend adding this setting. Falling back to ozone.metadata.dirs instead.
2020-06-25 11:02:50,692 [Listener at 127.0.0.1/10624] WARN  server.ServerUtils (ServerUtils.java:getDBPath(225)) - ozone.om.db.dirs is not configured. We recommend adding this setting. Falling back to ozone.metadata.dirs instead.
2020-06-25 11:02:50,695 [Listener at 127.0.0.1/10624] WARN  server.ServerUtils (ServerUtils.java:getDBPath(225)) - ozone.om.db.dirs is not configured. We recommend adding this setting. Falling back to ozone.metadata.dirs instead.
2020-06-25 11:02:50,754 [Listener at 127.0.0.1/10624] WARN  server.ServerUtils (ServerUtils.java:getDefaultRatisDirectory(237)) - Storage directory for Ratis is not configured. It is a good idea to map this to an SSD disk. Falling back to ozone.metadata.dirs
2020-06-25 11:02:50,754 [Listener at 127.0.0.1/10624] INFO  ratis.OzoneManagerRatisServer (OzoneManagerRatisServer.java:<init>(268)) - Instantiating OM Ratis server with GroupID: om-service-test1 and Raft Peers: localhost:10634, localhost:10628, localhost:10640
2020-06-25 11:02:50,754 [Listener at 127.0.0.1/10624] INFO  ratis.OzoneManagerStateMachine (OzoneManagerStateMachine.java:loadSnapshotInfoFromDB(539)) - LastAppliedIndex is set from TransactionInfo from OM DB as (t:0, i:~)
2020-06-25 11:02:50,755 [Listener at 127.0.0.1/10624] INFO  impl.RaftServerProxy (ConfUtils.java:logGet(44)) - raft.rpc.type = GRPC (default)
2020-06-25 11:02:50,755 [Listener at 127.0.0.1/10624] INFO  grpc.GrpcFactory (GrpcFactory.java:checkPooledByteBufAllocatorUseCacheForAllThreads(45)) - PERFORMANCE WARNING: useCacheForAllThreads is true that may cause Netty to create a lot garbage objects and, as a result, trigger GC.
	It is recommended to disable useCacheForAllThreads by setting -Dorg.apache.ratis.thirdparty.io.netty.allocator.useCacheForAllThreads=false in command line.
2020-06-25 11:02:50,755 [Listener at 127.0.0.1/10624] INFO  grpc.GrpcConfigKeys (ConfUtils.java:logGet(44)) - raft.grpc.server.port = 10634 (custom)
2020-06-25 11:02:50,755 [Listener at 127.0.0.1/10624] INFO  server.GrpcService (ConfUtils.java:logGet(44)) - raft.grpc.message.size.max = 33554432 (custom)
2020-06-25 11:02:50,755 [Listener at 127.0.0.1/10624] INFO  server.RaftServerConfigKeys (ConfUtils.java:logGet(44)) - raft.server.log.appender.buffer.byte-limit = 33554432 (custom)
2020-06-25 11:02:50,755 [Listener at 127.0.0.1/10624] INFO  server.GrpcService (ConfUtils.java:logGet(44)) - raft.grpc.flow.control.window = 1MB (=1048576) (default)
2020-06-25 11:02:50,755 [Listener at 127.0.0.1/10624] INFO  server.RaftServerConfigKeys (ConfUtils.java:logGet(44)) - raft.server.rpc.request.timeout = 3000ms (default)
2020-06-25 11:02:50,756 [Listener at 127.0.0.1/10624] INFO  server.RaftServerConfigKeys (ConfUtils.java:logGet(44)) - raft.server.storage.dir = [/github/workspace/mnt/ozone/hadoop-ozone/integration-test/target/test-dir/MiniOzoneClusterImpl-aa6a32bf-ecb8-457c-8a9c-777f344c5ca2/omNode-2/ratis] (custom)
2020-06-25 11:02:50,757 [Listener at 127.0.0.1/10624] INFO  impl.RaftServerProxy (RaftServerProxy.java:addNew(89)) - omNode-2: addNew group-523986131536:[omNode-3:localhost:10640, omNode-1:localhost:10628, omNode-2:localhost:10634] returns group-523986131536:java.util.concurrent.CompletableFuture@17f58afa[Not completed]
2020-06-25 11:02:50,757 [pool-375-thread-1] INFO  impl.RaftServerImpl (RaftServerImpl.java:<init>(99)) - omNode-2: new RaftServerImpl for group-523986131536:[omNode-3:localhost:10640, omNode-1:localhost:10628, omNode-2:localhost:10634] with OzoneManagerStateMachine:uninitialized
2020-06-25 11:02:50,757 [pool-375-thread-1] INFO  server.RaftServerConfigKeys (ConfUtils.java:logGet(44)) - raft.server.rpc.timeout.min = 1s (custom)
2020-06-25 11:02:50,757 [pool-375-thread-1] INFO  server.RaftServerConfigKeys (ConfUtils.java:logGet(44)) - raft.server.rpc.timeout.max = 1200ms (custom)
2020-06-25 11:02:50,757 [pool-375-thread-1] INFO  server.RaftServerConfigKeys (ConfUtils.java:logGet(44)) - raft.server.rpcslowness.timeout = 2s (custom)
2020-06-25 11:02:50,757 [pool-375-thread-1] INFO  server.RaftServerConfigKeys (ConfUtils.java:logGet(44)) - raft.server.sleep.deviation.threshold = 300 (default)
2020-06-25 11:02:50,757 [pool-375-thread-1] INFO  server.RaftServerConfigKeys (ConfUtils.java:logGet(44)) - raft.server.log.appender.install.snapshot.enabled = false (custom)
2020-06-25 11:02:50,758 [pool-375-thread-1] INFO  impl.RaftServerImpl (ServerState.java:<init>(103)) - omNode-2@group-523986131536: ConfigurationManager, init=-1: [omNode-3:localhost:10640, omNode-1:localhost:10628, omNode-2:localhost:10634], old=null, confs=<EMPTY_MAP>
2020-06-25 11:02:50,758 [pool-375-thread-1] INFO  server.RaftServerConfigKeys (ConfUtils.java:logGet(44)) - raft.server.storage.dir = [/github/workspace/mnt/ozone/hadoop-ozone/integration-test/target/test-dir/MiniOzoneClusterImpl-aa6a32bf-ecb8-457c-8a9c-777f344c5ca2/omNode-2/ratis] (custom)
2020-06-25 11:02:50,758 [pool-375-thread-1] INFO  server.RaftServerConfigKeys (ConfUtils.java:logGet(44)) - raft.server.log.corruption.policy = EXCEPTION (default)
2020-06-25 11:02:50,758 [pool-375-thread-1] INFO  storage.RaftStorageDirectory (RaftStorageDirectory.java:analyzeStorage(261)) - The storage directory /github/workspace/mnt/ozone/hadoop-ozone/integration-test/target/test-dir/MiniOzoneClusterImpl-aa6a32bf-ecb8-457c-8a9c-777f344c5ca2/omNode-2/ratis/c9bc4cf4-3bc3-3c60-a66b-523986131536 does not exist. Creating ...
2020-06-25 11:02:50,759 [Listener at 127.0.0.1/10624] INFO  om.OzoneManager (OzoneManager.java:initializeRatisServer(1224)) - OzoneManager Ratis server initialized at port 10634
2020-06-25 11:02:50,759 [Listener at 127.0.0.1/10624] WARN  server.ServerUtils (ServerUtils.java:getDefaultRatisDirectory(237)) - Storage directory for Ratis is not configured. It is a good idea to map this to an SSD disk. Falling back to ozone.metadata.dirs
2020-06-25 11:02:50,759 [Listener at 127.0.0.1/10624] WARN  server.ServerUtils (ServerUtils.java:getDefaultRatisDirectory(237)) - Storage directory for Ratis is not configured. It is a good idea to map this to an SSD disk. Falling back to ozone.metadata.dirs
2020-06-25 11:02:50,759 [pool-375-thread-1] INFO  storage.RaftStorageDirectory (RaftStorageDirectory.java:tryLock(343)) - Lock on /github/workspace/mnt/ozone/hadoop-ozone/integration-test/target/test-dir/MiniOzoneClusterImpl-aa6a32bf-ecb8-457c-8a9c-777f344c5ca2/omNode-2/ratis/c9bc4cf4-3bc3-3c60-a66b-523986131536/in_use.lock acquired by nodename 9717@da41f0c55cd9
2020-06-25 11:02:50,759 [Listener at 127.0.0.1/10624] INFO  snapshot.OzoneManagerSnapshotProvider (OzoneManagerSnapshotProvider.java:<init>(77)) - Initializing OM Snapshot Provider
2020-06-25 11:02:50,761 [Listener at 127.0.0.1/10624] INFO  ipc.CallQueueManager (CallQueueManager.java:<init>(84)) - Using callQueue: class java.util.concurrent.LinkedBlockingQueue, queueCapacity: 2000, scheduler: class org.apache.hadoop.ipc.DefaultRpcScheduler, ipcBackoff: false.
2020-06-25 11:02:50,764 [pool-375-thread-1] INFO  storage.RaftStorage (RaftStorage.java:format(84)) - Storage directory /github/workspace/mnt/ozone/hadoop-ozone/integration-test/target/test-dir/MiniOzoneClusterImpl-aa6a32bf-ecb8-457c-8a9c-777f344c5ca2/omNode-2/ratis/c9bc4cf4-3bc3-3c60-a66b-523986131536 has been successfully formatted.
2020-06-25 11:02:50,764 [pool-375-thread-1] INFO  ratis.OzoneManagerStateMachine (OzoneManagerStateMachine.java:getLatestSnapshot(147)) - Latest Snapshot Info 0#-1
2020-06-25 11:02:50,764 [pool-375-thread-1] INFO  server.RaftServerConfigKeys (ConfUtils.java:logGet(44)) - raft.server.notification.no-leader.timeout = 2s (custom)
2020-06-25 11:02:50,764 [pool-375-thread-1] INFO  server.RaftServerConfigKeys (ConfUtils.java:logGet(44)) - raft.server.log.use.memory = false (default)
2020-06-25 11:02:50,765 [pool-375-thread-1] INFO  server.RaftServerConfigKeys (ConfUtils.java:logGet(44)) - raft.server.log.purge.gap = 50 (custom)
2020-06-25 11:02:50,765 [pool-375-thread-1] INFO  server.RaftServerConfigKeys (ConfUtils.java:logGet(44)) - raft.server.log.appender.buffer.byte-limit = 33554432 (custom)
2020-06-25 11:02:50,765 [pool-375-thread-1] INFO  server.RaftServerConfigKeys (ConfUtils.java:logGet(44)) - raft.server.log.segment.size.max = 16384 (custom)
2020-06-25 11:02:50,765 [pool-375-thread-1] INFO  metrics.RatisMetrics (RatisMetrics.java:lambda$create$0(36)) - Creating Metrics Registry : ratis.log_worker.omNode-2@group-523986131536
2020-06-25 11:02:50,765 [pool-375-thread-1] INFO  server.RaftServerConfigKeys (ConfUtils.java:logGet(44)) - raft.server.log.segment.cache.num.max = 2 (custom)
2020-06-25 11:02:50,765 [pool-375-thread-1] INFO  segmented.SegmentedRaftLogWorker (SegmentedRaftLogWorker.java:<init>(180)) - new omNode-2@group-523986131536-SegmentedRaftLogWorker for RaftStorage:Storage Directory /github/workspace/mnt/ozone/hadoop-ozone/integration-test/target/test-dir/MiniOzoneClusterImpl-aa6a32bf-ecb8-457c-8a9c-777f344c5ca2/omNode-2/ratis/c9bc4cf4-3bc3-3c60-a66b-523986131536
2020-06-25 11:02:50,765 [pool-375-thread-1] INFO  server.RaftServerConfigKeys (ConfUtils.java:logGet(44)) - raft.server.log.queue.byte-limit = 64MB (=67108864) (default)
2020-06-25 11:02:50,765 [pool-375-thread-1] INFO  server.RaftServerConfigKeys (ConfUtils.java:logGet(44)) - raft.server.log.queue.element-limit = 4096 (default)
2020-06-25 11:02:50,765 [pool-375-thread-1] INFO  server.RaftServerConfigKeys (ConfUtils.java:logGet(44)) - raft.server.log.segment.size.max = 16384 (custom)
2020-06-25 11:02:50,765 [pool-375-thread-1] INFO  server.RaftServerConfigKeys (ConfUtils.java:logGet(44)) - raft.server.log.preallocated.size = 16384 (custom)
2020-06-25 11:02:50,765 [pool-375-thread-1] INFO  server.RaftServerConfigKeys (ConfUtils.java:logGet(44)) - raft.server.log.write.buffer.size = 64KB (=65536) (default)
2020-06-25 11:02:50,765 [pool-375-thread-1] INFO  server.RaftServerConfigKeys (ConfUtils.java:logGet(44)) - raft.server.log.force.sync.num = 128 (default)
2020-06-25 11:02:50,765 [pool-375-thread-1] INFO  server.RaftServerConfigKeys (ConfUtils.java:logGet(44)) - raft.server.log.statemachine.data.sync = true (default)
2020-06-25 11:02:50,765 [pool-375-thread-1] INFO  server.RaftServerConfigKeys (ConfUtils.java:logGet(44)) - raft.server.log.statemachine.data.sync.timeout = 10s (default)
2020-06-25 11:02:50,766 [pool-375-thread-1] INFO  server.RaftServerConfigKeys (ConfUtils.java:logGet(44)) - raft.server.log.statemachine.data.sync.timeout.retry = -1 (default)
2020-06-25 11:02:50,768 [Socket Reader #1 for port 10630] INFO  ipc.Server (Server.java:run(1219)) - Starting Socket Reader #1 for port 10630
2020-06-25 11:02:50,783 [pool-375-thread-1] INFO  server.RaftServerConfigKeys (ConfUtils.java:logGet(44)) - raft.server.log.statemachine.data.caching.enabled = false (default)
2020-06-25 11:02:50,783 [pool-375-thread-1] INFO  segmented.SegmentedRaftLogWorker (SegmentedRaftLogWorker.java:lambda$new$0(129)) - omNode-2@group-523986131536-SegmentedRaftLogWorker: flushIndex: setUnconditionally 0 -> -1
2020-06-25 11:02:50,783 [pool-375-thread-1] INFO  segmented.SegmentedRaftLogWorker (SegmentedRaftLogWorker.java:lambda$new$0(129)) - omNode-2@group-523986131536-SegmentedRaftLogWorker: safeCacheEvictIndex: setUnconditionally 0 -> -1
2020-06-25 11:02:50,785 [Listener at 127.0.0.1/10630] INFO  impl.MetricsSystemImpl (MetricsSystemImpl.java:init(158)) - OzoneManager metrics system started (again)
2020-06-25 11:02:50,785 [pool-375-thread-1] INFO  server.RaftServerConfigKeys (ConfUtils.java:logGet(44)) - raft.server.snapshot.auto.trigger.enabled = true (custom)
2020-06-25 11:02:50,785 [pool-375-thread-1] INFO  server.RaftServerConfigKeys (ConfUtils.java:logGet(44)) - raft.server.snapshot.auto.trigger.threshold = 50 (custom)
2020-06-25 11:02:50,785 [pool-375-thread-1] INFO  server.RaftServerConfigKeys (ConfUtils.java:logGet(44)) - raft.server.snapshot.retention.file.num = -1 (default)
2020-06-25 11:02:50,785 [pool-375-thread-1] INFO  server.RaftServerConfigKeys (ConfUtils.java:logGet(44)) - raft.server.log.purge.upto.snapshot.index = false (default)
2020-06-25 11:02:50,785 [pool-375-thread-1] INFO  server.RaftServerConfigKeys (ConfUtils.java:logGet(44)) - raft.server.retrycache.expirytime = 600000ms (custom)
2020-06-25 11:02:50,786 [pool-375-thread-1] INFO  metrics.RatisMetrics (RatisMetrics.java:lambda$create$0(36)) - Creating Metrics Registry : ratis.leader_election.omNode-2@group-523986131536
2020-06-25 11:02:50,786 [pool-375-thread-1] INFO  metrics.RatisMetrics (RatisMetrics.java:lambda$create$0(36)) - Creating Metrics Registry : ratis.server.omNode-2@group-523986131536
2020-06-25 11:02:50,788 [Listener at 127.0.0.1/10630] INFO  om.OzoneManager (OzoneManager.java:start(1083)) - OzoneManager RPC server is listening at localhost/127.0.0.1:10630
2020-06-25 11:02:50,789 [Listener at 127.0.0.1/10630] INFO  ratis.OzoneManagerRatisServer (OzoneManagerRatisServer.java:start(365)) - Starting OzoneManagerRatisServer omNode-2 at port 10634
2020-06-25 11:02:50,789 [Listener at 127.0.0.1/10630] INFO  impl.RaftServerImpl (RaftServerImpl.java:start(186)) - omNode-2@group-523986131536: start as a follower, conf=-1: [omNode-3:localhost:10640, omNode-1:localhost:10628, omNode-2:localhost:10634], old=null
2020-06-25 11:02:50,789 [Listener at 127.0.0.1/10630] INFO  impl.RaftServerImpl (RaftServerImpl.java:setRole(175)) - omNode-2@group-523986131536: changes role from      null to FOLLOWER at term 0 for startAsFollower
2020-06-25 11:02:50,789 [Listener at 127.0.0.1/10630] INFO  impl.RoleInfo (RoleInfo.java:updateAndGet(143)) - omNode-2: start FollowerState
2020-06-25 11:02:50,790 [Listener at 127.0.0.1/10630] INFO  util.JmxRegister (JmxRegister.java:tryRegister(44)) - Successfully registered JMX Bean with object name Ratis:service=RaftServer,group=group-523986131536,id=omNode-2
2020-06-25 11:02:50,790 [Listener at 127.0.0.1/10630] INFO  metrics.RatisMetrics (RatisMetrics.java:lambda$create$0(36)) - Creating Metrics Registry : ratis.state_machine.omNode-2@group-523986131536
2020-06-25 11:02:50,797 [Listener at 127.0.0.1/10630] INFO  impl.RaftServerProxy (RaftServerProxy.java:lambda$start$3(304)) - omNode-2: start RPC server
2020-06-25 11:02:50,797 [Listener at 127.0.0.1/10630] INFO  server.GrpcService (GrpcService.java:startImpl(160)) - omNode-2: GrpcService started, listening on 0.0.0.0/0.0.0.0:10634
2020-06-25 11:02:50,799 [IPC Server Responder] INFO  ipc.Server (Server.java:run(1460)) - IPC Server Responder: starting
2020-06-25 11:02:50,799 [IPC Server listener on 10630] INFO  ipc.Server (Server.java:run(1298)) - IPC Server listener on 10630: starting
2020-06-25 11:02:50,816 [Listener at 127.0.0.1/10630] INFO  http.BaseHttpServer (BaseHttpServer.java:newHttpServer2BuilderForOzone(207)) - Starting Web-server for ozoneManager at: http://0.0.0.0:10632
2020-06-25 11:02:50,816 [Listener at 127.0.0.1/10630] INFO  http.BaseHttpServer (BaseHttpServer.java:<init>(106)) - Hadoop Security Enabled: false Ozone Security Enabled: false Ozone HTTP Security Enabled: false 
2020-06-25 11:02:50,817 [Listener at 127.0.0.1/10630] INFO  server.AuthenticationFilter (AuthenticationFilter.java:constructSecretProvider(240)) - Unable to initialize FileSignerSecretProvider, falling back to use random secrets.
2020-06-25 11:02:50,817 [Listener at 127.0.0.1/10630] WARN  http.HttpRequestLog (HttpRequestLog.java:getRequestLog(103)) - Jetty request log can only be enabled using Log4j
2020-06-25 11:02:50,818 [Listener at 127.0.0.1/10630] INFO  http.HttpServer2 (HttpServer2.java:addGlobalFilter(997)) - Added global filter 'safety' (class=org.apache.hadoop.hdds.server.http.HttpServer2$QuotingInputFilter)
2020-06-25 11:02:50,819 [Listener at 127.0.0.1/10630] INFO  http.HttpServer2 (HttpServer2.java:addFilter(973)) - Added filter static_user_filter (class=org.apache.hadoop.http.lib.StaticUserWebFilter$StaticUserFilter) to context ozoneManager
2020-06-25 11:02:50,819 [Listener at 127.0.0.1/10630] INFO  http.HttpServer2 (HttpServer2.java:addFilter(981)) - Added filter static_user_filter (class=org.apache.hadoop.http.lib.StaticUserWebFilter$StaticUserFilter) to context logs
2020-06-25 11:02:50,819 [Listener at 127.0.0.1/10630] INFO  http.HttpServer2 (HttpServer2.java:addFilter(981)) - Added filter static_user_filter (class=org.apache.hadoop.http.lib.StaticUserWebFilter$StaticUserFilter) to context static
2020-06-25 11:02:50,819 [Listener at 127.0.0.1/10630] INFO  http.HttpServer2 (HttpServer2.java:bindListener(1215)) - Jetty bound to port 10632
2020-06-25 11:02:50,820 [Listener at 127.0.0.1/10630] INFO  server.Server (Server.java:doStart(359)) - jetty-9.4.26.v20200117; built: 2020-01-17T12:35:33.676Z; git: 7b38981d25d14afb4a12ff1f2596756144edf695; jvm 1.8.0_232-b09
2020-06-25 11:02:50,825 [Listener at 127.0.0.1/10630] INFO  server.session (DefaultSessionIdManager.java:doStart(333)) - DefaultSessionIdManager workerName=node0
2020-06-25 11:02:50,825 [Listener at 127.0.0.1/10630] INFO  server.session (DefaultSessionIdManager.java:doStart(338)) - No SessionScavenger set, using defaults
2020-06-25 11:02:50,825 [Listener at 127.0.0.1/10630] INFO  server.session (HouseKeeper.java:startScavenging(140)) - node0 Scavenging every 600000ms
2020-06-25 11:02:50,826 [Listener at 127.0.0.1/10630] INFO  handler.ContextHandler (ContextHandler.java:doStart(825)) - Started o.e.j.s.ServletContextHandler@6df2a761{logs,/logs,file:///github/workspace/mnt/ozone/hadoop-ozone/integration-test/target/log,AVAILABLE}
2020-06-25 11:02:50,827 [Listener at 127.0.0.1/10630] INFO  handler.ContextHandler (ContextHandler.java:doStart(825)) - Started o.e.j.s.ServletContextHandler@5c0a5cc4{static,/static,file:///github/workspace/mnt/ozone/hadoop-ozone/integration-test/target/test-classes/webapps/static,AVAILABLE}
2020-06-25 11:02:50,829 [Listener at 127.0.0.1/10630] INFO  handler.ContextHandler (ContextHandler.java:doStart(825)) - Started o.e.j.w.WebAppContext@7bfd07bb{ozoneManager,/,file:///github/workspace/mnt/ozone/hadoop-ozone/integration-test/target/test-classes/webapps/ozoneManager/,AVAILABLE}{file:/github/workspace/mnt/ozone/hadoop-ozone/integration-test/target/test-classes/webapps/ozoneManager}
2020-06-25 11:02:50,837 [Listener at 127.0.0.1/10630] INFO  server.AbstractConnector (AbstractConnector.java:doStart(330)) - Started ServerConnector@19b81261{HTTP/1.1,[http/1.1]}{0.0.0.0:10632}
2020-06-25 11:02:50,837 [Listener at 127.0.0.1/10630] INFO  server.Server (Server.java:doStart(399)) - Started @79685ms
2020-06-25 11:02:50,837 [Listener at 127.0.0.1/10630] WARN  impl.MetricsSystemImpl (MetricsSystemImpl.java:register(276)) - Sink prometheus already exists!
2020-06-25 11:02:50,841 [Listener at 127.0.0.1/10630] INFO  http.BaseHttpServer (BaseHttpServer.java:updateConnectorAddress(327)) - HTTP server of ozoneManager listening at http://0.0.0.0:10632
2020-06-25 11:02:50,841 [Listener at 127.0.0.1/10630] INFO  ozone.MiniOzoneHAClusterImpl (MiniOzoneHAClusterImpl.java:createOMService(380)) - Started OzoneManager RPC server at localhost/127.0.0.1:10630
2020-06-25 11:02:50,842 [Listener at 127.0.0.1/10630] WARN  server.ServerUtils (ServerUtils.java:getDBPath(225)) - ozone.om.db.dirs is not configured. We recommend adding this setting. Falling back to ozone.metadata.dirs instead.
2020-06-25 11:02:50,843 [org.apache.hadoop.util.JvmPauseMonitor$Monitor@76b90d8e] INFO  util.JvmPauseMonitor (JvmPauseMonitor.java:run(188)) - Starting JVM pause monitor
2020-06-25 11:02:50,844 [Listener at 127.0.0.1/10630] INFO  ha.OMHANodeDetails (OMHANodeDetails.java:loadOMHAConfig(110)) - ServiceID for OzoneManager is om-service-test1
2020-06-25 11:02:50,844 [Listener at 127.0.0.1/10630] INFO  ha.OMHANodeDetails (OMHANodeDetails.java:loadOMHAConfig(188)) - Found matching OM address with OMServiceId: om-service-test1, OMNodeId: omNode-3, RPC Address: localhost:10636 and Ratis port: 10640
2020-06-25 11:02:50,844 [Listener at 127.0.0.1/10630] INFO  ha.OMHANodeDetails (OMHANodeDetails.java:setOMNodeSpecificConfigs(314)) - Setting configuration key ozone.om.http-address with value of key ozone.om.http-address.omNode-3: 127.0.0.1:10638
2020-06-25 11:02:50,844 [Listener at 127.0.0.1/10630] INFO  ha.OMHANodeDetails (OMHANodeDetails.java:setOMNodeSpecificConfigs(314)) - Setting configuration key ozone.om.https-address with value of key ozone.om.https-address.omNode-3: 127.0.0.1:10639
2020-06-25 11:02:50,844 [Listener at 127.0.0.1/10630] INFO  ha.OMHANodeDetails (OMHANodeDetails.java:setOMNodeSpecificConfigs(314)) - Setting configuration key ozone.om.address with value of key ozone.om.address.omNode-3: 127.0.0.1:10636
2020-06-25 11:02:50,845 [Listener at 127.0.0.1/10630] WARN  server.ServerUtils (ServerUtils.java:getDBPath(225)) - ozone.om.db.dirs is not configured. We recommend adding this setting. Falling back to ozone.metadata.dirs instead.
2020-06-25 11:02:50,845 [Listener at 127.0.0.1/10630] WARN  server.ServerUtils (ServerUtils.java:getDBPath(225)) - ozone.om.db.dirs is not configured. We recommend adding this setting. Falling back to ozone.metadata.dirs instead.
2020-06-25 11:02:50,848 [Listener at 127.0.0.1/10630] WARN  server.ServerUtils (ServerUtils.java:getDBPath(225)) - ozone.om.db.dirs is not configured. We recommend adding this setting. Falling back to ozone.metadata.dirs instead.
2020-06-25 11:02:50,899 [Listener at 127.0.0.1/10630] WARN  server.ServerUtils (ServerUtils.java:getDefaultRatisDirectory(237)) - Storage directory for Ratis is not configured. It is a good idea to map this to an SSD disk. Falling back to ozone.metadata.dirs
2020-06-25 11:02:50,899 [Listener at 127.0.0.1/10630] INFO  ratis.OzoneManagerRatisServer (OzoneManagerRatisServer.java:<init>(268)) - Instantiating OM Ratis server with GroupID: om-service-test1 and Raft Peers: localhost:10640, localhost:10628, localhost:10634
2020-06-25 11:02:50,899 [Listener at 127.0.0.1/10630] INFO  ratis.OzoneManagerStateMachine (OzoneManagerStateMachine.java:loadSnapshotInfoFromDB(539)) - LastAppliedIndex is set from TransactionInfo from OM DB as (t:0, i:~)
2020-06-25 11:02:50,899 [Listener at 127.0.0.1/10630] INFO  impl.RaftServerProxy (ConfUtils.java:logGet(44)) - raft.rpc.type = GRPC (default)
2020-06-25 11:02:50,900 [Listener at 127.0.0.1/10630] INFO  grpc.GrpcFactory (GrpcFactory.java:checkPooledByteBufAllocatorUseCacheForAllThreads(45)) - PERFORMANCE WARNING: useCacheForAllThreads is true that may cause Netty to create a lot garbage objects and, as a result, trigger GC.
	It is recommended to disable useCacheForAllThreads by setting -Dorg.apache.ratis.thirdparty.io.netty.allocator.useCacheForAllThreads=false in command line.
2020-06-25 11:02:50,900 [Listener at 127.0.0.1/10630] INFO  grpc.GrpcConfigKeys (ConfUtils.java:logGet(44)) - raft.grpc.server.port = 10640 (custom)
2020-06-25 11:02:50,900 [Listener at 127.0.0.1/10630] INFO  server.GrpcService (ConfUtils.java:logGet(44)) - raft.grpc.message.size.max = 33554432 (custom)
2020-06-25 11:02:50,900 [Listener at 127.0.0.1/10630] INFO  server.RaftServerConfigKeys (ConfUtils.java:logGet(44)) - raft.server.log.appender.buffer.byte-limit = 33554432 (custom)
2020-06-25 11:02:50,900 [Listener at 127.0.0.1/10630] INFO  server.GrpcService (ConfUtils.java:logGet(44)) - raft.grpc.flow.control.window = 1MB (=1048576) (default)
2020-06-25 11:02:50,900 [Listener at 127.0.0.1/10630] INFO  server.RaftServerConfigKeys (ConfUtils.java:logGet(44)) - raft.server.rpc.request.timeout = 3000ms (default)
2020-06-25 11:02:50,901 [Listener at 127.0.0.1/10630] INFO  server.RaftServerConfigKeys (ConfUtils.java:logGet(44)) - raft.server.storage.dir = [/github/workspace/mnt/ozone/hadoop-ozone/integration-test/target/test-dir/MiniOzoneClusterImpl-aa6a32bf-ecb8-457c-8a9c-777f344c5ca2/omNode-3/ratis] (custom)
2020-06-25 11:02:50,902 [Listener at 127.0.0.1/10630] INFO  impl.RaftServerProxy (RaftServerProxy.java:addNew(89)) - omNode-3: addNew group-523986131536:[omNode-3:localhost:10640, omNode-1:localhost:10628, omNode-2:localhost:10634] returns group-523986131536:java.util.concurrent.CompletableFuture@6e0c8def[Not completed]
2020-06-25 11:02:50,902 [pool-391-thread-1] INFO  impl.RaftServerImpl (RaftServerImpl.java:<init>(99)) - omNode-3: new RaftServerImpl for group-523986131536:[omNode-3:localhost:10640, omNode-1:localhost:10628, omNode-2:localhost:10634] with OzoneManagerStateMachine:uninitialized
2020-06-25 11:02:50,902 [pool-391-thread-1] INFO  server.RaftServerConfigKeys (ConfUtils.java:logGet(44)) - raft.server.rpc.timeout.min = 1s (custom)
2020-06-25 11:02:50,902 [pool-391-thread-1] INFO  server.RaftServerConfigKeys (ConfUtils.java:logGet(44)) - raft.server.rpc.timeout.max = 1200ms (custom)
2020-06-25 11:02:50,906 [pool-391-thread-1] INFO  server.RaftServerConfigKeys (ConfUtils.java:logGet(44)) - raft.server.rpcslowness.timeout = 2s (custom)
2020-06-25 11:02:50,906 [pool-391-thread-1] INFO  server.RaftServerConfigKeys (ConfUtils.java:logGet(44)) - raft.server.sleep.deviation.threshold = 300 (default)
2020-06-25 11:02:50,906 [Listener at 127.0.0.1/10630] INFO  om.OzoneManager (OzoneManager.java:initializeRatisServer(1224)) - OzoneManager Ratis server initialized at port 10640
2020-06-25 11:02:50,906 [Listener at 127.0.0.1/10630] WARN  server.ServerUtils (ServerUtils.java:getDefaultRatisDirectory(237)) - Storage directory for Ratis is not configured. It is a good idea to map this to an SSD disk. Falling back to ozone.metadata.dirs
2020-06-25 11:02:50,906 [pool-391-thread-1] INFO  server.RaftServerConfigKeys (ConfUtils.java:logGet(44)) - raft.server.log.appender.install.snapshot.enabled = false (custom)
2020-06-25 11:02:50,907 [Listener at 127.0.0.1/10630] WARN  server.ServerUtils (ServerUtils.java:getDefaultRatisDirectory(237)) - Storage directory for Ratis is not configured. It is a good idea to map this to an SSD disk. Falling back to ozone.metadata.dirs
2020-06-25 11:02:50,907 [pool-391-thread-1] INFO  impl.RaftServerImpl (ServerState.java:<init>(103)) - omNode-3@group-523986131536: ConfigurationManager, init=-1: [omNode-3:localhost:10640, omNode-1:localhost:10628, omNode-2:localhost:10634], old=null, confs=<EMPTY_MAP>
2020-06-25 11:02:50,907 [Listener at 127.0.0.1/10630] INFO  snapshot.OzoneManagerSnapshotProvider (OzoneManagerSnapshotProvider.java:<init>(77)) - Initializing OM Snapshot Provider
2020-06-25 11:02:50,907 [pool-391-thread-1] INFO  server.RaftServerConfigKeys (ConfUtils.java:logGet(44)) - raft.server.storage.dir = [/github/workspace/mnt/ozone/hadoop-ozone/integration-test/target/test-dir/MiniOzoneClusterImpl-aa6a32bf-ecb8-457c-8a9c-777f344c5ca2/omNode-3/ratis] (custom)
2020-06-25 11:02:50,907 [pool-391-thread-1] INFO  server.RaftServerConfigKeys (ConfUtils.java:logGet(44)) - raft.server.log.corruption.policy = EXCEPTION (default)
2020-06-25 11:02:50,907 [pool-391-thread-1] INFO  storage.RaftStorageDirectory (RaftStorageDirectory.java:analyzeStorage(261)) - The storage directory /github/workspace/mnt/ozone/hadoop-ozone/integration-test/target/test-dir/MiniOzoneClusterImpl-aa6a32bf-ecb8-457c-8a9c-777f344c5ca2/omNode-3/ratis/c9bc4cf4-3bc3-3c60-a66b-523986131536 does not exist. Creating ...
2020-06-25 11:02:50,908 [Listener at 127.0.0.1/10630] INFO  ipc.CallQueueManager (CallQueueManager.java:<init>(84)) - Using callQueue: class java.util.concurrent.LinkedBlockingQueue, queueCapacity: 2000, scheduler: class org.apache.hadoop.ipc.DefaultRpcScheduler, ipcBackoff: false.
2020-06-25 11:02:50,909 [pool-391-thread-1] INFO  storage.RaftStorageDirectory (RaftStorageDirectory.java:tryLock(343)) - Lock on /github/workspace/mnt/ozone/hadoop-ozone/integration-test/target/test-dir/MiniOzoneClusterImpl-aa6a32bf-ecb8-457c-8a9c-777f344c5ca2/omNode-3/ratis/c9bc4cf4-3bc3-3c60-a66b-523986131536/in_use.lock acquired by nodename 9717@da41f0c55cd9
2020-06-25 11:02:50,911 [pool-391-thread-1] INFO  storage.RaftStorage (RaftStorage.java:format(84)) - Storage directory /github/workspace/mnt/ozone/hadoop-ozone/integration-test/target/test-dir/MiniOzoneClusterImpl-aa6a32bf-ecb8-457c-8a9c-777f344c5ca2/omNode-3/ratis/c9bc4cf4-3bc3-3c60-a66b-523986131536 has been successfully formatted.
2020-06-25 11:02:50,911 [pool-391-thread-1] INFO  ratis.OzoneManagerStateMachine (OzoneManagerStateMachine.java:getLatestSnapshot(147)) - Latest Snapshot Info 0#-1
2020-06-25 11:02:50,911 [pool-391-thread-1] INFO  server.RaftServerConfigKeys (ConfUtils.java:logGet(44)) - raft.server.notification.no-leader.timeout = 2s (custom)
2020-06-25 11:02:50,911 [pool-391-thread-1] INFO  server.RaftServerConfigKeys (ConfUtils.java:logGet(44)) - raft.server.log.use.memory = false (default)
2020-06-25 11:02:50,911 [pool-391-thread-1] INFO  server.RaftServerConfigKeys (ConfUtils.java:logGet(44)) - raft.server.log.purge.gap = 50 (custom)
2020-06-25 11:02:50,911 [pool-391-thread-1] INFO  server.RaftServerConfigKeys (ConfUtils.java:logGet(44)) - raft.server.log.appender.buffer.byte-limit = 33554432 (custom)
2020-06-25 11:02:50,911 [pool-391-thread-1] INFO  server.RaftServerConfigKeys (ConfUtils.java:logGet(44)) - raft.server.log.segment.size.max = 16384 (custom)
2020-06-25 11:02:50,912 [pool-391-thread-1] INFO  metrics.RatisMetrics (RatisMetrics.java:lambda$create$0(36)) - Creating Metrics Registry : ratis.log_worker.omNode-3@group-523986131536
2020-06-25 11:02:50,912 [pool-391-thread-1] INFO  server.RaftServerConfigKeys (ConfUtils.java:logGet(44)) - raft.server.log.segment.cache.num.max = 2 (custom)
2020-06-25 11:02:50,912 [pool-391-thread-1] INFO  segmented.SegmentedRaftLogWorker (SegmentedRaftLogWorker.java:<init>(180)) - new omNode-3@group-523986131536-SegmentedRaftLogWorker for RaftStorage:Storage Directory /github/workspace/mnt/ozone/hadoop-ozone/integration-test/target/test-dir/MiniOzoneClusterImpl-aa6a32bf-ecb8-457c-8a9c-777f344c5ca2/omNode-3/ratis/c9bc4cf4-3bc3-3c60-a66b-523986131536
2020-06-25 11:02:50,912 [pool-391-thread-1] INFO  server.RaftServerConfigKeys (ConfUtils.java:logGet(44)) - raft.server.log.queue.byte-limit = 64MB (=67108864) (default)
2020-06-25 11:02:50,912 [pool-391-thread-1] INFO  server.RaftServerConfigKeys (ConfUtils.java:logGet(44)) - raft.server.log.queue.element-limit = 4096 (default)
2020-06-25 11:02:50,912 [pool-391-thread-1] INFO  server.RaftServerConfigKeys (ConfUtils.java:logGet(44)) - raft.server.log.segment.size.max = 16384 (custom)
2020-06-25 11:02:50,912 [pool-391-thread-1] INFO  server.RaftServerConfigKeys (ConfUtils.java:logGet(44)) - raft.server.log.preallocated.size = 16384 (custom)
2020-06-25 11:02:50,912 [pool-391-thread-1] INFO  server.RaftServerConfigKeys (ConfUtils.java:logGet(44)) - raft.server.log.write.buffer.size = 64KB (=65536) (default)
2020-06-25 11:02:50,912 [pool-391-thread-1] INFO  server.RaftServerConfigKeys (ConfUtils.java:logGet(44)) - raft.server.log.force.sync.num = 128 (default)
2020-06-25 11:02:50,912 [pool-391-thread-1] INFO  server.RaftServerConfigKeys (ConfUtils.java:logGet(44)) - raft.server.log.statemachine.data.sync = true (default)
2020-06-25 11:02:50,913 [pool-391-thread-1] INFO  server.RaftServerConfigKeys (ConfUtils.java:logGet(44)) - raft.server.log.statemachine.data.sync.timeout = 10s (default)
2020-06-25 11:02:50,913 [pool-391-thread-1] INFO  server.RaftServerConfigKeys (ConfUtils.java:logGet(44)) - raft.server.log.statemachine.data.sync.timeout.retry = -1 (default)
2020-06-25 11:02:50,914 [pool-391-thread-1] INFO  server.RaftServerConfigKeys (ConfUtils.java:logGet(44)) - raft.server.log.statemachine.data.caching.enabled = false (default)
2020-06-25 11:02:50,914 [pool-391-thread-1] INFO  segmented.SegmentedRaftLogWorker (SegmentedRaftLogWorker.java:lambda$new$0(129)) - omNode-3@group-523986131536-SegmentedRaftLogWorker: flushIndex: setUnconditionally 0 -> -1
2020-06-25 11:02:50,914 [pool-391-thread-1] INFO  segmented.SegmentedRaftLogWorker (SegmentedRaftLogWorker.java:lambda$new$0(129)) - omNode-3@group-523986131536-SegmentedRaftLogWorker: safeCacheEvictIndex: setUnconditionally 0 -> -1
2020-06-25 11:02:50,915 [pool-391-thread-1] INFO  server.RaftServerConfigKeys (ConfUtils.java:logGet(44)) - raft.server.snapshot.auto.trigger.enabled = true (custom)
2020-06-25 11:02:50,915 [pool-391-thread-1] INFO  server.RaftServerConfigKeys (ConfUtils.java:logGet(44)) - raft.server.snapshot.auto.trigger.threshold = 50 (custom)
2020-06-25 11:02:50,915 [pool-391-thread-1] INFO  server.RaftServerConfigKeys (ConfUtils.java:logGet(44)) - raft.server.snapshot.retention.file.num = -1 (default)
2020-06-25 11:02:50,915 [pool-391-thread-1] INFO  server.RaftServerConfigKeys (ConfUtils.java:logGet(44)) - raft.server.log.purge.upto.snapshot.index = false (default)
2020-06-25 11:02:50,915 [pool-391-thread-1] INFO  server.RaftServerConfigKeys (ConfUtils.java:logGet(44)) - raft.server.retrycache.expirytime = 600000ms (custom)
2020-06-25 11:02:50,915 [pool-391-thread-1] INFO  metrics.RatisMetrics (RatisMetrics.java:lambda$create$0(36)) - Creating Metrics Registry : ratis.leader_election.omNode-3@group-523986131536
2020-06-25 11:02:50,916 [pool-391-thread-1] INFO  metrics.RatisMetrics (RatisMetrics.java:lambda$create$0(36)) - Creating Metrics Registry : ratis.server.omNode-3@group-523986131536
2020-06-25 11:02:50,920 [Socket Reader #1 for port 10636] INFO  ipc.Server (Server.java:run(1219)) - Starting Socket Reader #1 for port 10636
2020-06-25 11:02:50,924 [Listener at 127.0.0.1/10636] INFO  impl.MetricsSystemImpl (MetricsSystemImpl.java:init(158)) - OzoneManager metrics system started (again)
2020-06-25 11:02:50,927 [Listener at 127.0.0.1/10636] INFO  om.OzoneManager (OzoneManager.java:start(1083)) - OzoneManager RPC server is listening at localhost/127.0.0.1:10636
2020-06-25 11:02:50,927 [Listener at 127.0.0.1/10636] INFO  ratis.OzoneManagerRatisServer (OzoneManagerRatisServer.java:start(365)) - Starting OzoneManagerRatisServer omNode-3 at port 10640
2020-06-25 11:02:50,927 [Listener at 127.0.0.1/10636] INFO  impl.RaftServerImpl (RaftServerImpl.java:start(186)) - omNode-3@group-523986131536: start as a follower, conf=-1: [omNode-3:localhost:10640, omNode-1:localhost:10628, omNode-2:localhost:10634], old=null
2020-06-25 11:02:50,927 [Listener at 127.0.0.1/10636] INFO  impl.RaftServerImpl (RaftServerImpl.java:setRole(175)) - omNode-3@group-523986131536: changes role from      null to FOLLOWER at term 0 for startAsFollower
2020-06-25 11:02:50,928 [Listener at 127.0.0.1/10636] INFO  impl.RoleInfo (RoleInfo.java:updateAndGet(143)) - omNode-3: start FollowerState
2020-06-25 11:02:50,928 [Listener at 127.0.0.1/10636] INFO  util.JmxRegister (JmxRegister.java:tryRegister(44)) - Successfully registered JMX Bean with object name Ratis:service=RaftServer,group=group-523986131536,id=omNode-3
2020-06-25 11:02:50,928 [Listener at 127.0.0.1/10636] INFO  metrics.RatisMetrics (RatisMetrics.java:lambda$create$0(36)) - Creating Metrics Registry : ratis.state_machine.omNode-3@group-523986131536
2020-06-25 11:02:50,929 [Listener at 127.0.0.1/10636] INFO  impl.RaftServerProxy (RaftServerProxy.java:lambda$start$3(304)) - omNode-3: start RPC server
2020-06-25 11:02:50,929 [Listener at 127.0.0.1/10636] INFO  server.GrpcService (GrpcService.java:startImpl(160)) - omNode-3: GrpcService started, listening on 0.0.0.0/0.0.0.0:10640
2020-06-25 11:02:50,937 [IPC Server Responder] INFO  ipc.Server (Server.java:run(1460)) - IPC Server Responder: starting
2020-06-25 11:02:50,937 [IPC Server listener on 10636] INFO  ipc.Server (Server.java:run(1298)) - IPC Server listener on 10636: starting
2020-06-25 11:02:50,953 [Listener at 127.0.0.1/10636] INFO  http.BaseHttpServer (BaseHttpServer.java:newHttpServer2BuilderForOzone(207)) - Starting Web-server for ozoneManager at: http://0.0.0.0:10638
2020-06-25 11:02:50,953 [Listener at 127.0.0.1/10636] INFO  http.BaseHttpServer (BaseHttpServer.java:<init>(106)) - Hadoop Security Enabled: false Ozone Security Enabled: false Ozone HTTP Security Enabled: false 
2020-06-25 11:02:50,954 [Listener at 127.0.0.1/10636] INFO  server.AuthenticationFilter (AuthenticationFilter.java:constructSecretProvider(240)) - Unable to initialize FileSignerSecretProvider, falling back to use random secrets.
2020-06-25 11:02:50,955 [Listener at 127.0.0.1/10636] WARN  http.HttpRequestLog (HttpRequestLog.java:getRequestLog(103)) - Jetty request log can only be enabled using Log4j
2020-06-25 11:02:50,956 [Listener at 127.0.0.1/10636] INFO  http.HttpServer2 (HttpServer2.java:addGlobalFilter(997)) - Added global filter 'safety' (class=org.apache.hadoop.hdds.server.http.HttpServer2$QuotingInputFilter)
2020-06-25 11:02:50,957 [Listener at 127.0.0.1/10636] INFO  http.HttpServer2 (HttpServer2.java:addFilter(973)) - Added filter static_user_filter (class=org.apache.hadoop.http.lib.StaticUserWebFilter$StaticUserFilter) to context ozoneManager
2020-06-25 11:02:50,957 [Listener at 127.0.0.1/10636] INFO  http.HttpServer2 (HttpServer2.java:addFilter(981)) - Added filter static_user_filter (class=org.apache.hadoop.http.lib.StaticUserWebFilter$StaticUserFilter) to context static
2020-06-25 11:02:50,957 [Listener at 127.0.0.1/10636] INFO  http.HttpServer2 (HttpServer2.java:addFilter(981)) - Added filter static_user_filter (class=org.apache.hadoop.http.lib.StaticUserWebFilter$StaticUserFilter) to context logs
2020-06-25 11:02:50,957 [Listener at 127.0.0.1/10636] INFO  http.HttpServer2 (HttpServer2.java:bindListener(1215)) - Jetty bound to port 10638
2020-06-25 11:02:50,957 [Listener at 127.0.0.1/10636] INFO  server.Server (Server.java:doStart(359)) - jetty-9.4.26.v20200117; built: 2020-01-17T12:35:33.676Z; git: 7b38981d25d14afb4a12ff1f2596756144edf695; jvm 1.8.0_232-b09
2020-06-25 11:02:50,960 [Listener at 127.0.0.1/10636] INFO  server.session (DefaultSessionIdManager.java:doStart(333)) - DefaultSessionIdManager workerName=node0
2020-06-25 11:02:50,960 [Listener at 127.0.0.1/10636] INFO  server.session (DefaultSessionIdManager.java:doStart(338)) - No SessionScavenger set, using defaults
2020-06-25 11:02:50,960 [Listener at 127.0.0.1/10636] INFO  server.session (HouseKeeper.java:startScavenging(140)) - node0 Scavenging every 660000ms
2020-06-25 11:02:50,961 [Listener at 127.0.0.1/10636] INFO  handler.ContextHandler (ContextHandler.java:doStart(825)) - Started o.e.j.s.ServletContextHandler@31012258{logs,/logs,file:///github/workspace/mnt/ozone/hadoop-ozone/integration-test/target/log,AVAILABLE}
2020-06-25 11:02:50,961 [Listener at 127.0.0.1/10636] INFO  handler.ContextHandler (ContextHandler.java:doStart(825)) - Started o.e.j.s.ServletContextHandler@7562b42{static,/static,file:///github/workspace/mnt/ozone/hadoop-ozone/integration-test/target/test-classes/webapps/static,AVAILABLE}
2020-06-25 11:02:50,964 [Listener at 127.0.0.1/10636] INFO  handler.ContextHandler (ContextHandler.java:doStart(825)) - Started o.e.j.w.WebAppContext@52de1b02{ozoneManager,/,file:///github/workspace/mnt/ozone/hadoop-ozone/integration-test/target/test-classes/webapps/ozoneManager/,AVAILABLE}{file:/github/workspace/mnt/ozone/hadoop-ozone/integration-test/target/test-classes/webapps/ozoneManager}
2020-06-25 11:02:50,976 [Listener at 127.0.0.1/10636] INFO  server.AbstractConnector (AbstractConnector.java:doStart(330)) - Started ServerConnector@45257cd2{HTTP/1.1,[http/1.1]}{0.0.0.0:10638}
2020-06-25 11:02:50,977 [Listener at 127.0.0.1/10636] INFO  server.Server (Server.java:doStart(399)) - Started @79825ms
2020-06-25 11:02:50,977 [Listener at 127.0.0.1/10636] WARN  impl.MetricsSystemImpl (MetricsSystemImpl.java:register(276)) - Sink prometheus already exists!
2020-06-25 11:02:50,980 [Listener at 127.0.0.1/10636] INFO  http.BaseHttpServer (BaseHttpServer.java:updateConnectorAddress(327)) - HTTP server of ozoneManager listening at http://0.0.0.0:10638
2020-06-25 11:02:50,981 [Listener at 127.0.0.1/10636] INFO  ozone.MiniOzoneHAClusterImpl (MiniOzoneHAClusterImpl.java:createOMService(380)) - Started OzoneManager RPC server at localhost/127.0.0.1:10636
2020-06-25 11:02:50,986 [Listener at 127.0.0.1/10636] INFO  impl.MetricsSystemImpl (MetricsSystemImpl.java:init(158)) - HddsDatanode metrics system started (again)
2020-06-25 11:02:50,989 [org.apache.hadoop.util.JvmPauseMonitor$Monitor@4932e7d7] INFO  util.JvmPauseMonitor (JvmPauseMonitor.java:run(188)) - Starting JVM pause monitor
2020-06-25 11:02:50,989 [Listener at 127.0.0.1/10636] INFO  ozone.HddsDatanodeService (HddsDatanodeService.java:start(197)) - HddsDatanodeService host:da41f0c55cd9 ip:172.17.0.2
2020-06-25 11:02:50,991 [Listener at 127.0.0.1/10636] INFO  volume.HddsVolume (HddsVolume.java:<init>(176)) - Creating Volume: /github/workspace/mnt/ozone/hadoop-ozone/integration-test/target/test-dir/MiniOzoneClusterImpl-aa6a32bf-ecb8-457c-8a9c-777f344c5ca2/datanode-0/data-0/containers/hdds of storage type : DISK and capacity : 9223372036854775807
2020-06-25 11:02:50,992 [Listener at 127.0.0.1/10636] INFO  volume.MutableVolumeSet (MutableVolumeSet.java:initializeVolumeSet(181)) - Added Volume : /github/workspace/mnt/ozone/hadoop-ozone/integration-test/target/test-dir/MiniOzoneClusterImpl-aa6a32bf-ecb8-457c-8a9c-777f344c5ca2/datanode-0/data-0/containers/hdds to VolumeSet
2020-06-25 11:02:50,993 [Listener at 127.0.0.1/10636] INFO  volume.ThrottledAsyncChecker (ThrottledAsyncChecker.java:schedule(141)) - Scheduling a check for /github/workspace/mnt/ozone/hadoop-ozone/integration-test/target/test-dir/MiniOzoneClusterImpl-aa6a32bf-ecb8-457c-8a9c-777f344c5ca2/datanode-0/data-0/containers/hdds
2020-06-25 11:02:50,994 [Listener at 127.0.0.1/10636] INFO  volume.HddsVolumeChecker (HddsVolumeChecker.java:checkAllVolumes(200)) - Scheduled health check for volume /github/workspace/mnt/ozone/hadoop-ozone/integration-test/target/test-dir/MiniOzoneClusterImpl-aa6a32bf-ecb8-457c-8a9c-777f344c5ca2/datanode-0/data-0/containers/hdds
2020-06-25 11:02:51,017 [Listener at 127.0.0.1/10636] INFO  impl.RaftServerProxy (ConfUtils.java:logGet(44)) - raft.rpc.type = GRPC (default)
2020-06-25 11:02:51,017 [Listener at 127.0.0.1/10636] INFO  grpc.GrpcFactory (GrpcFactory.java:checkPooledByteBufAllocatorUseCacheForAllThreads(45)) - PERFORMANCE WARNING: useCacheForAllThreads is true that may cause Netty to create a lot garbage objects and, as a result, trigger GC.
	It is recommended to disable useCacheForAllThreads by setting -Dorg.apache.ratis.thirdparty.io.netty.allocator.useCacheForAllThreads=false in command line.
2020-06-25 11:02:51,017 [Listener at 127.0.0.1/10636] INFO  grpc.GrpcConfigKeys (ConfUtils.java:logGet(44)) - raft.grpc.server.port = 0 (default)
2020-06-25 11:02:51,017 [Listener at 127.0.0.1/10636] INFO  server.GrpcService (ConfUtils.java:logGet(44)) - raft.grpc.message.size.max = 32MB (=33554432) (custom)
2020-06-25 11:02:51,017 [Listener at 127.0.0.1/10636] INFO  server.RaftServerConfigKeys (ConfUtils.java:logGet(44)) - raft.server.log.appender.buffer.byte-limit = 33554432 (custom)
2020-06-25 11:02:51,017 [Listener at 127.0.0.1/10636] INFO  server.GrpcService (ConfUtils.java:logGet(44)) - raft.grpc.flow.control.window = 5MB (=5242880) (custom)
2020-06-25 11:02:51,017 [Listener at 127.0.0.1/10636] INFO  server.RaftServerConfigKeys (ConfUtils.java:logGet(44)) - raft.server.rpc.request.timeout = 60s (custom)
2020-06-25 11:02:51,018 [Listener at 127.0.0.1/10636] INFO  server.RaftServerConfigKeys (ConfUtils.java:logGet(44)) - raft.server.storage.dir = [/github/workspace/mnt/ozone/hadoop-ozone/integration-test/target/test-dir/MiniOzoneClusterImpl-aa6a32bf-ecb8-457c-8a9c-777f344c5ca2/datanode-0/data/ratis] (custom)
2020-06-25 11:02:51,023 [Listener at 127.0.0.1/10636] INFO  http.BaseHttpServer (BaseHttpServer.java:newHttpServer2BuilderForOzone(207)) - Starting Web-server for hddsDatanode at: http://0.0.0.0:0
2020-06-25 11:02:51,023 [Listener at 127.0.0.1/10636] INFO  http.BaseHttpServer (BaseHttpServer.java:<init>(106)) - Hadoop Security Enabled: false Ozone Security Enabled: false Ozone HTTP Security Enabled: false 
2020-06-25 11:02:51,024 [Listener at 127.0.0.1/10636] INFO  server.AuthenticationFilter (AuthenticationFilter.java:constructSecretProvider(240)) - Unable to initialize FileSignerSecretProvider, falling back to use random secrets.
2020-06-25 11:02:51,024 [Listener at 127.0.0.1/10636] WARN  http.HttpRequestLog (HttpRequestLog.java:getRequestLog(103)) - Jetty request log can only be enabled using Log4j
2020-06-25 11:02:51,025 [Listener at 127.0.0.1/10636] INFO  http.HttpServer2 (HttpServer2.java:addGlobalFilter(997)) - Added global filter 'safety' (class=org.apache.hadoop.hdds.server.http.HttpServer2$QuotingInputFilter)
2020-06-25 11:02:51,026 [Listener at 127.0.0.1/10636] INFO  http.HttpServer2 (HttpServer2.java:addFilter(973)) - Added filter static_user_filter (class=org.apache.hadoop.http.lib.StaticUserWebFilter$StaticUserFilter) to context hddsDatanode
2020-06-25 11:02:51,026 [Listener at 127.0.0.1/10636] INFO  http.HttpServer2 (HttpServer2.java:addFilter(981)) - Added filter static_user_filter (class=org.apache.hadoop.http.lib.StaticUserWebFilter$StaticUserFilter) to context static
2020-06-25 11:02:51,026 [Listener at 127.0.0.1/10636] INFO  http.HttpServer2 (HttpServer2.java:addFilter(981)) - Added filter static_user_filter (class=org.apache.hadoop.http.lib.StaticUserWebFilter$StaticUserFilter) to context logs
2020-06-25 11:02:51,026 [Listener at 127.0.0.1/10636] INFO  http.HttpServer2 (HttpServer2.java:bindListener(1215)) - Jetty bound to port 36235
2020-06-25 11:02:51,026 [Listener at 127.0.0.1/10636] INFO  server.Server (Server.java:doStart(359)) - jetty-9.4.26.v20200117; built: 2020-01-17T12:35:33.676Z; git: 7b38981d25d14afb4a12ff1f2596756144edf695; jvm 1.8.0_232-b09
2020-06-25 11:02:51,029 [Listener at 127.0.0.1/10636] INFO  server.session (DefaultSessionIdManager.java:doStart(333)) - DefaultSessionIdManager workerName=node0
2020-06-25 11:02:51,029 [Listener at 127.0.0.1/10636] INFO  server.session (DefaultSessionIdManager.java:doStart(338)) - No SessionScavenger set, using defaults
2020-06-25 11:02:51,030 [Listener at 127.0.0.1/10636] INFO  server.session (HouseKeeper.java:startScavenging(140)) - node0 Scavenging every 660000ms
2020-06-25 11:02:51,030 [Listener at 127.0.0.1/10636] INFO  handler.ContextHandler (ContextHandler.java:doStart(825)) - Started o.e.j.s.ServletContextHandler@65ce07f1{logs,/logs,file:///github/workspace/mnt/ozone/hadoop-ozone/integration-test/target/log,AVAILABLE}
2020-06-25 11:02:51,031 [Listener at 127.0.0.1/10636] INFO  handler.ContextHandler (ContextHandler.java:doStart(825)) - Started o.e.j.s.ServletContextHandler@63cf9afe{static,/static,jar:file:/home/user/.m2/repository/org/apache/hadoop/hadoop-hdds-container-service/0.6.0-SNAPSHOT/hadoop-hdds-container-service-0.6.0-SNAPSHOT.jar!/webapps/static,AVAILABLE}
2020-06-25 11:02:51,048 [Listener at 127.0.0.1/10636] INFO  handler.ContextHandler (ContextHandler.java:doStart(825)) - Started o.e.j.w.WebAppContext@6f7ce4b3{hddsDatanode,/,file:///tmp/jetty-0_0_0_0-36235-hadoop-hdds-container-service-0_6_0-SNAPSHOT_jar-_-any-8509603859124805036.dir/webapp/,AVAILABLE}{jar:file:/home/user/.m2/repository/org/apache/hadoop/hadoop-hdds-container-service/0.6.0-SNAPSHOT/hadoop-hdds-container-service-0.6.0-SNAPSHOT.jar!/webapps/hddsDatanode}
2020-06-25 11:02:51,049 [Listener at 127.0.0.1/10636] INFO  server.AbstractConnector (AbstractConnector.java:doStart(330)) - Started ServerConnector@79f076ea{HTTP/1.1,[http/1.1]}{0.0.0.0:36235}
2020-06-25 11:02:51,050 [Listener at 127.0.0.1/10636] INFO  server.Server (Server.java:doStart(399)) - Started @79898ms
2020-06-25 11:02:51,050 [Listener at 127.0.0.1/10636] WARN  impl.MetricsSystemImpl (MetricsSystemImpl.java:register(276)) - Sink prometheus already exists!
2020-06-25 11:02:51,054 [Listener at 127.0.0.1/10636] INFO  http.BaseHttpServer (BaseHttpServer.java:updateConnectorAddress(327)) - HTTP server of hddsDatanode listening at http://0.0.0.0:36235
2020-06-25 11:02:51,055 [Listener at 127.0.0.1/10636] INFO  impl.MetricsSystemImpl (MetricsSystemImpl.java:init(158)) - HddsDatanode metrics system started (again)
2020-06-25 11:02:51,058 [Listener at 127.0.0.1/10636] INFO  ozone.HddsDatanodeService (HddsDatanodeService.java:start(197)) - HddsDatanodeService host:da41f0c55cd9 ip:172.17.0.2
2020-06-25 11:02:51,059 [Listener at 127.0.0.1/10636] INFO  volume.HddsVolume (HddsVolume.java:<init>(176)) - Creating Volume: /github/workspace/mnt/ozone/hadoop-ozone/integration-test/target/test-dir/MiniOzoneClusterImpl-aa6a32bf-ecb8-457c-8a9c-777f344c5ca2/datanode-1/data-0/containers/hdds of storage type : DISK and capacity : 9223372036854775807
2020-06-25 11:02:51,059 [Listener at 127.0.0.1/10636] INFO  volume.MutableVolumeSet (MutableVolumeSet.java:initializeVolumeSet(181)) - Added Volume : /github/workspace/mnt/ozone/hadoop-ozone/integration-test/target/test-dir/MiniOzoneClusterImpl-aa6a32bf-ecb8-457c-8a9c-777f344c5ca2/datanode-1/data-0/containers/hdds to VolumeSet
2020-06-25 11:02:51,060 [Listener at 127.0.0.1/10636] INFO  volume.ThrottledAsyncChecker (ThrottledAsyncChecker.java:schedule(141)) - Scheduling a check for /github/workspace/mnt/ozone/hadoop-ozone/integration-test/target/test-dir/MiniOzoneClusterImpl-aa6a32bf-ecb8-457c-8a9c-777f344c5ca2/datanode-1/data-0/containers/hdds
2020-06-25 11:02:51,061 [Listener at 127.0.0.1/10636] INFO  volume.HddsVolumeChecker (HddsVolumeChecker.java:checkAllVolumes(200)) - Scheduled health check for volume /github/workspace/mnt/ozone/hadoop-ozone/integration-test/target/test-dir/MiniOzoneClusterImpl-aa6a32bf-ecb8-457c-8a9c-777f344c5ca2/datanode-1/data-0/containers/hdds
2020-06-25 11:02:51,088 [org.apache.hadoop.util.JvmPauseMonitor$Monitor@62478fe1] INFO  util.JvmPauseMonitor (JvmPauseMonitor.java:run(188)) - Starting JVM pause monitor
2020-06-25 11:02:51,091 [Datanode State Machine Thread - 0] INFO  datanode.InitDatanodeState (InitDatanodeState.java:persistContainerDatanodeDetails(145)) - DatanodeDetails is persisted to /github/workspace/mnt/ozone/hadoop-ozone/integration-test/target/test-dir/MiniOzoneClusterImpl-aa6a32bf-ecb8-457c-8a9c-777f344c5ca2/datanode-0/meta/datanode.id
2020-06-25 11:02:51,094 [Listener at 127.0.0.1/10636] INFO  impl.RaftServerProxy (ConfUtils.java:logGet(44)) - raft.rpc.type = GRPC (default)
2020-06-25 11:02:51,094 [Listener at 127.0.0.1/10636] INFO  grpc.GrpcFactory (GrpcFactory.java:checkPooledByteBufAllocatorUseCacheForAllThreads(45)) - PERFORMANCE WARNING: useCacheForAllThreads is true that may cause Netty to create a lot garbage objects and, as a result, trigger GC.
	It is recommended to disable useCacheForAllThreads by setting -Dorg.apache.ratis.thirdparty.io.netty.allocator.useCacheForAllThreads=false in command line.
2020-06-25 11:02:51,094 [Listener at 127.0.0.1/10636] INFO  grpc.GrpcConfigKeys (ConfUtils.java:logGet(44)) - raft.grpc.server.port = 0 (default)
2020-06-25 11:02:51,095 [Listener at 127.0.0.1/10636] INFO  server.GrpcService (ConfUtils.java:logGet(44)) - raft.grpc.message.size.max = 32MB (=33554432) (custom)
2020-06-25 11:02:51,095 [Listener at 127.0.0.1/10636] INFO  server.RaftServerConfigKeys (ConfUtils.java:logGet(44)) - raft.server.log.appender.buffer.byte-limit = 33554432 (custom)
2020-06-25 11:02:51,095 [Listener at 127.0.0.1/10636] INFO  server.GrpcService (ConfUtils.java:logGet(44)) - raft.grpc.flow.control.window = 5MB (=5242880) (custom)
2020-06-25 11:02:51,095 [Listener at 127.0.0.1/10636] INFO  server.RaftServerConfigKeys (ConfUtils.java:logGet(44)) - raft.server.rpc.request.timeout = 60s (custom)
2020-06-25 11:02:51,096 [Listener at 127.0.0.1/10636] INFO  server.RaftServerConfigKeys (ConfUtils.java:logGet(44)) - raft.server.storage.dir = [/github/workspace/mnt/ozone/hadoop-ozone/integration-test/target/test-dir/MiniOzoneClusterImpl-aa6a32bf-ecb8-457c-8a9c-777f344c5ca2/datanode-1/data/ratis] (custom)
2020-06-25 11:02:51,101 [Listener at 127.0.0.1/10636] INFO  http.BaseHttpServer (BaseHttpServer.java:newHttpServer2BuilderForOzone(207)) - Starting Web-server for hddsDatanode at: http://0.0.0.0:0
2020-06-25 11:02:51,101 [Listener at 127.0.0.1/10636] INFO  http.BaseHttpServer (BaseHttpServer.java:<init>(106)) - Hadoop Security Enabled: false Ozone Security Enabled: false Ozone HTTP Security Enabled: false 
2020-06-25 11:02:51,103 [Listener at 127.0.0.1/10636] INFO  server.AuthenticationFilter (AuthenticationFilter.java:constructSecretProvider(240)) - Unable to initialize FileSignerSecretProvider, falling back to use random secrets.
2020-06-25 11:02:51,103 [Listener at 127.0.0.1/10636] WARN  http.HttpRequestLog (HttpRequestLog.java:getRequestLog(103)) - Jetty request log can only be enabled using Log4j
2020-06-25 11:02:51,104 [Listener at 127.0.0.1/10636] INFO  http.HttpServer2 (HttpServer2.java:addGlobalFilter(997)) - Added global filter 'safety' (class=org.apache.hadoop.hdds.server.http.HttpServer2$QuotingInputFilter)
2020-06-25 11:02:51,104 [Listener at 127.0.0.1/10636] INFO  http.HttpServer2 (HttpServer2.java:addFilter(973)) - Added filter static_user_filter (class=org.apache.hadoop.http.lib.StaticUserWebFilter$StaticUserFilter) to context hddsDatanode
2020-06-25 11:02:51,105 [Listener at 127.0.0.1/10636] INFO  http.HttpServer2 (HttpServer2.java:addFilter(981)) - Added filter static_user_filter (class=org.apache.hadoop.http.lib.StaticUserWebFilter$StaticUserFilter) to context static
2020-06-25 11:02:51,105 [Listener at 127.0.0.1/10636] INFO  http.HttpServer2 (HttpServer2.java:addFilter(981)) - Added filter static_user_filter (class=org.apache.hadoop.http.lib.StaticUserWebFilter$StaticUserFilter) to context logs
2020-06-25 11:02:51,105 [Listener at 127.0.0.1/10636] INFO  http.HttpServer2 (HttpServer2.java:bindListener(1215)) - Jetty bound to port 34249
2020-06-25 11:02:51,105 [Listener at 127.0.0.1/10636] INFO  server.Server (Server.java:doStart(359)) - jetty-9.4.26.v20200117; built: 2020-01-17T12:35:33.676Z; git: 7b38981d25d14afb4a12ff1f2596756144edf695; jvm 1.8.0_232-b09
2020-06-25 11:02:51,110 [Listener at 127.0.0.1/10636] INFO  server.session (DefaultSessionIdManager.java:doStart(333)) - DefaultSessionIdManager workerName=node0
2020-06-25 11:02:51,110 [Listener at 127.0.0.1/10636] INFO  server.session (DefaultSessionIdManager.java:doStart(338)) - No SessionScavenger set, using defaults
2020-06-25 11:02:51,110 [Listener at 127.0.0.1/10636] INFO  server.session (HouseKeeper.java:startScavenging(140)) - node0 Scavenging every 660000ms
2020-06-25 11:02:51,111 [Listener at 127.0.0.1/10636] INFO  handler.ContextHandler (ContextHandler.java:doStart(825)) - Started o.e.j.s.ServletContextHandler@5c26927b{logs,/logs,file:///github/workspace/mnt/ozone/hadoop-ozone/integration-test/target/log,AVAILABLE}
2020-06-25 11:02:51,111 [Listener at 127.0.0.1/10636] INFO  handler.ContextHandler (ContextHandler.java:doStart(825)) - Started o.e.j.s.ServletContextHandler@45f002a3{static,/static,jar:file:/home/user/.m2/repository/org/apache/hadoop/hadoop-hdds-container-service/0.6.0-SNAPSHOT/hadoop-hdds-container-service-0.6.0-SNAPSHOT.jar!/webapps/static,AVAILABLE}
2020-06-25 11:02:51,129 [Listener at 127.0.0.1/10636] INFO  handler.ContextHandler (ContextHandler.java:doStart(825)) - Started o.e.j.w.WebAppContext@2247747c{hddsDatanode,/,file:///tmp/jetty-0_0_0_0-34249-hadoop-hdds-container-service-0_6_0-SNAPSHOT_jar-_-any-2093527342459693690.dir/webapp/,AVAILABLE}{jar:file:/home/user/.m2/repository/org/apache/hadoop/hadoop-hdds-container-service/0.6.0-SNAPSHOT/hadoop-hdds-container-service-0.6.0-SNAPSHOT.jar!/webapps/hddsDatanode}
2020-06-25 11:02:51,131 [Listener at 127.0.0.1/10636] INFO  server.AbstractConnector (AbstractConnector.java:doStart(330)) - Started ServerConnector@10f6eebc{HTTP/1.1,[http/1.1]}{0.0.0.0:34249}
2020-06-25 11:02:51,131 [Listener at 127.0.0.1/10636] INFO  server.Server (Server.java:doStart(399)) - Started @79979ms
2020-06-25 11:02:51,131 [Listener at 127.0.0.1/10636] WARN  impl.MetricsSystemImpl (MetricsSystemImpl.java:register(276)) - Sink prometheus already exists!
2020-06-25 11:02:51,135 [Listener at 127.0.0.1/10636] INFO  http.BaseHttpServer (BaseHttpServer.java:updateConnectorAddress(327)) - HTTP server of hddsDatanode listening at http://0.0.0.0:34249
2020-06-25 11:02:51,135 [Listener at 127.0.0.1/10636] INFO  impl.MetricsSystemImpl (MetricsSystemImpl.java:init(158)) - HddsDatanode metrics system started (again)
2020-06-25 11:02:51,139 [org.apache.hadoop.util.JvmPauseMonitor$Monitor@14750e8c] INFO  util.JvmPauseMonitor (JvmPauseMonitor.java:run(188)) - Starting JVM pause monitor
2020-06-25 11:02:51,143 [Datanode State Machine Thread - 0] INFO  datanode.InitDatanodeState (InitDatanodeState.java:persistContainerDatanodeDetails(145)) - DatanodeDetails is persisted to /github/workspace/mnt/ozone/hadoop-ozone/integration-test/target/test-dir/MiniOzoneClusterImpl-aa6a32bf-ecb8-457c-8a9c-777f344c5ca2/datanode-1/meta/datanode.id
2020-06-25 11:02:51,145 [Listener at 127.0.0.1/10636] INFO  ozone.HddsDatanodeService (HddsDatanodeService.java:start(197)) - HddsDatanodeService host:da41f0c55cd9 ip:172.17.0.2
2020-06-25 11:02:51,147 [Listener at 127.0.0.1/10636] INFO  volume.HddsVolume (HddsVolume.java:<init>(176)) - Creating Volume: /github/workspace/mnt/ozone/hadoop-ozone/integration-test/target/test-dir/MiniOzoneClusterImpl-aa6a32bf-ecb8-457c-8a9c-777f344c5ca2/datanode-2/data-0/containers/hdds of storage type : DISK and capacity : 9223372036854775807
2020-06-25 11:02:51,147 [Listener at 127.0.0.1/10636] INFO  volume.MutableVolumeSet (MutableVolumeSet.java:initializeVolumeSet(181)) - Added Volume : /github/workspace/mnt/ozone/hadoop-ozone/integration-test/target/test-dir/MiniOzoneClusterImpl-aa6a32bf-ecb8-457c-8a9c-777f344c5ca2/datanode-2/data-0/containers/hdds to VolumeSet
2020-06-25 11:02:51,147 [Listener at 127.0.0.1/10636] INFO  volume.ThrottledAsyncChecker (ThrottledAsyncChecker.java:schedule(141)) - Scheduling a check for /github/workspace/mnt/ozone/hadoop-ozone/integration-test/target/test-dir/MiniOzoneClusterImpl-aa6a32bf-ecb8-457c-8a9c-777f344c5ca2/datanode-2/data-0/containers/hdds
2020-06-25 11:02:51,148 [Listener at 127.0.0.1/10636] INFO  volume.HddsVolumeChecker (HddsVolumeChecker.java:checkAllVolumes(200)) - Scheduled health check for volume /github/workspace/mnt/ozone/hadoop-ozone/integration-test/target/test-dir/MiniOzoneClusterImpl-aa6a32bf-ecb8-457c-8a9c-777f344c5ca2/datanode-2/data-0/containers/hdds
2020-06-25 11:02:51,162 [Listener at 127.0.0.1/10636] INFO  impl.RaftServerProxy (ConfUtils.java:logGet(44)) - raft.rpc.type = GRPC (default)
2020-06-25 11:02:51,162 [Listener at 127.0.0.1/10636] INFO  grpc.GrpcFactory (GrpcFactory.java:checkPooledByteBufAllocatorUseCacheForAllThreads(45)) - PERFORMANCE WARNING: useCacheForAllThreads is true that may cause Netty to create a lot garbage objects and, as a result, trigger GC.
	It is recommended to disable useCacheForAllThreads by setting -Dorg.apache.ratis.thirdparty.io.netty.allocator.useCacheForAllThreads=false in command line.
2020-06-25 11:02:51,162 [Listener at 127.0.0.1/10636] INFO  grpc.GrpcConfigKeys (ConfUtils.java:logGet(44)) - raft.grpc.server.port = 0 (default)
2020-06-25 11:02:51,163 [Listener at 127.0.0.1/10636] INFO  server.GrpcService (ConfUtils.java:logGet(44)) - raft.grpc.message.size.max = 32MB (=33554432) (custom)
2020-06-25 11:02:51,163 [Listener at 127.0.0.1/10636] INFO  server.RaftServerConfigKeys (ConfUtils.java:logGet(44)) - raft.server.log.appender.buffer.byte-limit = 33554432 (custom)
2020-06-25 11:02:51,163 [Listener at 127.0.0.1/10636] INFO  server.GrpcService (ConfUtils.java:logGet(44)) - raft.grpc.flow.control.window = 5MB (=5242880) (custom)
2020-06-25 11:02:51,163 [Listener at 127.0.0.1/10636] INFO  server.RaftServerConfigKeys (ConfUtils.java:logGet(44)) - raft.server.rpc.request.timeout = 60s (custom)
2020-06-25 11:02:51,164 [Listener at 127.0.0.1/10636] INFO  server.RaftServerConfigKeys (ConfUtils.java:logGet(44)) - raft.server.storage.dir = [/github/workspace/mnt/ozone/hadoop-ozone/integration-test/target/test-dir/MiniOzoneClusterImpl-aa6a32bf-ecb8-457c-8a9c-777f344c5ca2/datanode-2/data/ratis] (custom)
2020-06-25 11:02:51,169 [Listener at 127.0.0.1/10636] INFO  http.BaseHttpServer (BaseHttpServer.java:newHttpServer2BuilderForOzone(207)) - Starting Web-server for hddsDatanode at: http://0.0.0.0:0
2020-06-25 11:02:51,170 [Listener at 127.0.0.1/10636] INFO  http.BaseHttpServer (BaseHttpServer.java:<init>(106)) - Hadoop Security Enabled: false Ozone Security Enabled: false Ozone HTTP Security Enabled: false 
2020-06-25 11:02:51,170 [Listener at 127.0.0.1/10636] INFO  server.AuthenticationFilter (AuthenticationFilter.java:constructSecretProvider(240)) - Unable to initialize FileSignerSecretProvider, falling back to use random secrets.
2020-06-25 11:02:51,171 [Listener at 127.0.0.1/10636] WARN  http.HttpRequestLog (HttpRequestLog.java:getRequestLog(103)) - Jetty request log can only be enabled using Log4j
2020-06-25 11:02:51,172 [Listener at 127.0.0.1/10636] INFO  http.HttpServer2 (HttpServer2.java:addGlobalFilter(997)) - Added global filter 'safety' (class=org.apache.hadoop.hdds.server.http.HttpServer2$QuotingInputFilter)
2020-06-25 11:02:51,172 [Listener at 127.0.0.1/10636] INFO  http.HttpServer2 (HttpServer2.java:addFilter(973)) - Added filter static_user_filter (class=org.apache.hadoop.http.lib.StaticUserWebFilter$StaticUserFilter) to context hddsDatanode
2020-06-25 11:02:51,172 [Listener at 127.0.0.1/10636] INFO  http.HttpServer2 (HttpServer2.java:addFilter(981)) - Added filter static_user_filter (class=org.apache.hadoop.http.lib.StaticUserWebFilter$StaticUserFilter) to context static
2020-06-25 11:02:51,172 [Listener at 127.0.0.1/10636] INFO  http.HttpServer2 (HttpServer2.java:addFilter(981)) - Added filter static_user_filter (class=org.apache.hadoop.http.lib.StaticUserWebFilter$StaticUserFilter) to context logs
2020-06-25 11:02:51,173 [Listener at 127.0.0.1/10636] INFO  http.HttpServer2 (HttpServer2.java:bindListener(1215)) - Jetty bound to port 43677
2020-06-25 11:02:51,173 [Listener at 127.0.0.1/10636] INFO  server.Server (Server.java:doStart(359)) - jetty-9.4.26.v20200117; built: 2020-01-17T12:35:33.676Z; git: 7b38981d25d14afb4a12ff1f2596756144edf695; jvm 1.8.0_232-b09
2020-06-25 11:02:51,175 [Listener at 127.0.0.1/10636] INFO  server.session (DefaultSessionIdManager.java:doStart(333)) - DefaultSessionIdManager workerName=node0
2020-06-25 11:02:51,175 [Listener at 127.0.0.1/10636] INFO  server.session (DefaultSessionIdManager.java:doStart(338)) - No SessionScavenger set, using defaults
2020-06-25 11:02:51,176 [Listener at 127.0.0.1/10636] INFO  server.session (HouseKeeper.java:startScavenging(140)) - node0 Scavenging every 660000ms
2020-06-25 11:02:51,176 [Listener at 127.0.0.1/10636] INFO  handler.ContextHandler (ContextHandler.java:doStart(825)) - Started o.e.j.s.ServletContextHandler@1bab0447{logs,/logs,file:///github/workspace/mnt/ozone/hadoop-ozone/integration-test/target/log,AVAILABLE}
2020-06-25 11:02:51,177 [Listener at 127.0.0.1/10636] INFO  handler.ContextHandler (ContextHandler.java:doStart(825)) - Started o.e.j.s.ServletContextHandler@2e8bf6bb{static,/static,jar:file:/home/user/.m2/repository/org/apache/hadoop/hadoop-hdds-container-service/0.6.0-SNAPSHOT/hadoop-hdds-container-service-0.6.0-SNAPSHOT.jar!/webapps/static,AVAILABLE}
2020-06-25 11:02:51,190 [Listener at 127.0.0.1/10636] INFO  handler.ContextHandler (ContextHandler.java:doStart(825)) - Started o.e.j.w.WebAppContext@40253e74{hddsDatanode,/,file:///tmp/jetty-0_0_0_0-43677-hadoop-hdds-container-service-0_6_0-SNAPSHOT_jar-_-any-7131192555837388878.dir/webapp/,AVAILABLE}{jar:file:/home/user/.m2/repository/org/apache/hadoop/hadoop-hdds-container-service/0.6.0-SNAPSHOT/hadoop-hdds-container-service-0.6.0-SNAPSHOT.jar!/webapps/hddsDatanode}
2020-06-25 11:02:51,191 [Listener at 127.0.0.1/10636] INFO  server.AbstractConnector (AbstractConnector.java:doStart(330)) - Started ServerConnector@a5dbdd3{HTTP/1.1,[http/1.1]}{0.0.0.0:43677}
2020-06-25 11:02:51,192 [Listener at 127.0.0.1/10636] INFO  server.Server (Server.java:doStart(399)) - Started @80040ms
2020-06-25 11:02:51,192 [Listener at 127.0.0.1/10636] WARN  impl.MetricsSystemImpl (MetricsSystemImpl.java:register(276)) - Sink prometheus already exists!
2020-06-25 11:02:51,195 [Listener at 127.0.0.1/10636] INFO  http.BaseHttpServer (BaseHttpServer.java:updateConnectorAddress(327)) - HTTP server of hddsDatanode listening at http://0.0.0.0:43677
2020-06-25 11:02:51,196 [Listener at 127.0.0.1/10636] INFO  ozone.MiniOzoneClusterImpl (MiniOzoneClusterImpl.java:lambda$waitForClusterToBeReady$0(177)) - Waiting for nodes to be ready. Got 0 of 3 DN Heartbeats.
2020-06-25 11:02:51,196 [Listener at 127.0.0.1/10636] INFO  ozone.MiniOzoneClusterImpl (MiniOzoneClusterImpl.java:lambda$waitForClusterToBeReady$0(180)) - Waiting for cluster to exit safe mode
2020-06-25 11:02:51,208 [org.apache.hadoop.util.JvmPauseMonitor$Monitor@261865d9] INFO  util.JvmPauseMonitor (JvmPauseMonitor.java:run(188)) - Starting JVM pause monitor
2020-06-25 11:02:51,209 [Datanode State Machine Thread - 0] INFO  datanode.InitDatanodeState (InitDatanodeState.java:persistContainerDatanodeDetails(145)) - DatanodeDetails is persisted to /github/workspace/mnt/ozone/hadoop-ozone/integration-test/target/test-dir/MiniOzoneClusterImpl-aa6a32bf-ecb8-457c-8a9c-777f344c5ca2/datanode-2/meta/datanode.id
2020-06-25 11:02:51,662 [Thread-1500] INFO  impl.FollowerState (FollowerState.java:run(108)) - omNode-1@group-523986131536-FollowerState: change to CANDIDATE, lastRpcTime:1009ms, electionTimeout:1009ms
2020-06-25 11:02:51,662 [Thread-1500] INFO  impl.RoleInfo (RoleInfo.java:shutdownFollowerState(121)) - omNode-1: shutdown FollowerState
2020-06-25 11:02:51,662 [Thread-1500] INFO  impl.RaftServerImpl (RaftServerImpl.java:setRole(175)) - omNode-1@group-523986131536: changes role from  FOLLOWER to CANDIDATE at term 0 for changeToCandidate
2020-06-25 11:02:51,662 [Thread-1500] INFO  impl.RoleInfo (RoleInfo.java:updateAndGet(143)) - omNode-1: start LeaderElection
2020-06-25 11:02:51,668 [omNode-1@group-523986131536-LeaderElection22] INFO  impl.LeaderElection (LeaderElection.java:askForVotes(206)) - omNode-1@group-523986131536-LeaderElection22: begin an election at term 1 for -1: [omNode-3:localhost:10640, omNode-1:localhost:10628, omNode-2:localhost:10634], old=null
2020-06-25 11:02:51,668 [omNode-1@group-523986131536-LeaderElection22] INFO  ratis.OzoneManagerStateMachine (OzoneManagerStateMachine.java:getLatestSnapshot(147)) - Latest Snapshot Info 0#-1
2020-06-25 11:02:51,692 [grpc-default-executor-2] DEBUG impl.RaftServerImpl (RaftServerImpl.java:requestVote(821)) - omNode-3@group-523986131536: receive requestVote(omNode-1, group-523986131536, 1, (t:0, i:~))
2020-06-25 11:02:51,692 [grpc-default-executor-2] INFO  impl.RaftServerImpl (RaftServerImpl.java:setRole(175)) - omNode-3@group-523986131536: changes role from  FOLLOWER to FOLLOWER at term 1 for recognizeCandidate:omNode-1
2020-06-25 11:02:51,692 [grpc-default-executor-2] INFO  impl.RoleInfo (RoleInfo.java:shutdownFollowerState(121)) - omNode-3: shutdown FollowerState
2020-06-25 11:02:51,692 [grpc-default-executor-2] INFO  impl.RoleInfo (RoleInfo.java:updateAndGet(143)) - omNode-3: start FollowerState
2020-06-25 11:02:51,692 [Thread-1578] INFO  impl.FollowerState (FollowerState.java:run(117)) - omNode-3@group-523986131536-FollowerState was interrupted: java.lang.InterruptedException: sleep interrupted
2020-06-25 11:02:51,696 [grpc-default-executor-2] INFO  ratis.OzoneManagerStateMachine (OzoneManagerStateMachine.java:getLatestSnapshot(147)) - Latest Snapshot Info 0#-1
2020-06-25 11:02:51,699 [grpc-default-executor-2] DEBUG impl.RaftServerImpl (RaftServerImpl.java:requestVote(853)) - omNode-3@group-523986131536 replies to vote request: omNode-1<-omNode-3#0:OK-t1. Peer's state: omNode-3@group-523986131536:t1, leader=null, voted=omNode-1, raftlog=omNode-3@group-523986131536-SegmentedRaftLog:OPENED:c-1,f-1,i0, conf=-1: [omNode-3:localhost:10640, omNode-1:localhost:10628, omNode-2:localhost:10634], old=null
2020-06-25 11:02:51,703 [grpc-default-executor-2] DEBUG impl.RaftServerImpl (RaftServerImpl.java:requestVote(821)) - omNode-2@group-523986131536: receive requestVote(omNode-1, group-523986131536, 1, (t:0, i:~))
2020-06-25 11:02:51,704 [grpc-default-executor-2] INFO  impl.RaftServerImpl (RaftServerImpl.java:setRole(175)) - omNode-2@group-523986131536: changes role from  FOLLOWER to FOLLOWER at term 1 for recognizeCandidate:omNode-1
2020-06-25 11:02:51,704 [grpc-default-executor-2] INFO  impl.RoleInfo (RoleInfo.java:shutdownFollowerState(121)) - omNode-2: shutdown FollowerState
2020-06-25 11:02:51,704 [omNode-1@group-523986131536-LeaderElection22] INFO  impl.LeaderElection (LeaderElection.java:logAndReturn(61)) - omNode-1@group-523986131536-LeaderElection22: Election PASSED; received 1 response(s) [omNode-1<-omNode-3#0:OK-t1] and 0 exception(s); omNode-1@group-523986131536:t1, leader=null, voted=omNode-1, raftlog=omNode-1@group-523986131536-SegmentedRaftLog:OPENED:c-1,f-1,i0, conf=-1: [omNode-3:localhost:10640, omNode-1:localhost:10628, omNode-2:localhost:10634], old=null
2020-06-25 11:02:51,704 [Thread-1539] INFO  impl.FollowerState (FollowerState.java:run(117)) - omNode-2@group-523986131536-FollowerState was interrupted: java.lang.InterruptedException: sleep interrupted
2020-06-25 11:02:51,704 [grpc-default-executor-2] INFO  impl.RoleInfo (RoleInfo.java:updateAndGet(143)) - omNode-2: start FollowerState
2020-06-25 11:02:51,704 [omNode-1@group-523986131536-LeaderElection22] INFO  impl.RoleInfo (RoleInfo.java:shutdownLeaderElection(134)) - omNode-1: shutdown LeaderElection
2020-06-25 11:02:51,704 [omNode-1@group-523986131536-LeaderElection22] INFO  impl.RaftServerImpl (RaftServerImpl.java:setRole(175)) - omNode-1@group-523986131536: changes role from CANDIDATE to LEADER at term 1 for changeToLeader
2020-06-25 11:02:51,704 [omNode-1@group-523986131536-LeaderElection22] INFO  impl.RaftServerImpl (ServerState.java:setLeader(255)) - omNode-1@group-523986131536: change Leader from null to omNode-1 at term 1 for becomeLeader, leader elected after 1087ms
2020-06-25 11:02:51,704 [omNode-1@group-523986131536-LeaderElection22] INFO  server.RaftServerConfigKeys (ConfUtils.java:logGet(44)) - raft.server.staging.catchup.gap = 1000 (default)
2020-06-25 11:02:51,704 [omNode-1@group-523986131536-LeaderElection22] INFO  server.RaftServerConfigKeys (ConfUtils.java:logGet(44)) - raft.server.rpc.sleep.time = 25ms (default)
2020-06-25 11:02:51,708 [grpc-default-executor-2] INFO  ratis.OzoneManagerStateMachine (OzoneManagerStateMachine.java:getLatestSnapshot(147)) - Latest Snapshot Info 0#-1
2020-06-25 11:02:51,709 [grpc-default-executor-2] DEBUG impl.RaftServerImpl (RaftServerImpl.java:requestVote(853)) - omNode-2@group-523986131536 replies to vote request: omNode-1<-omNode-2#0:OK-t1. Peer's state: omNode-2@group-523986131536:t1, leader=null, voted=omNode-1, raftlog=omNode-2@group-523986131536-SegmentedRaftLog:OPENED:c-1,f-1,i0, conf=-1: [omNode-3:localhost:10640, omNode-1:localhost:10628, omNode-2:localhost:10634], old=null
2020-06-25 11:02:51,709 [omNode-1@group-523986131536-LeaderElection22] INFO  metrics.RatisMetrics (RatisMetrics.java:lambda$create$0(36)) - Creating Metrics Registry : ratis.log_appender.omNode-1@group-523986131536
2020-06-25 11:02:51,710 [omNode-1@group-523986131536-LeaderElection22] INFO  server.RaftServerConfigKeys (ConfUtils.java:logGet(44)) - raft.server.write.element-limit = 4096 (default)
2020-06-25 11:02:51,710 [omNode-1@group-523986131536-LeaderElection22] INFO  server.RaftServerConfigKeys (ConfUtils.java:logGet(44)) - raft.server.write.byte-limit = 64MB (=67108864) (default)
2020-06-25 11:02:51,710 [omNode-1@group-523986131536-LeaderElection22] INFO  server.RaftServerConfigKeys (ConfUtils.java:logGet(44)) - raft.server.watch.timeout = 10s (default)
2020-06-25 11:02:51,710 [omNode-1@group-523986131536-LeaderElection22] INFO  server.RaftServerConfigKeys (ConfUtils.java:logGet(44)) - raft.server.watch.timeout.denomination = 1s (default)
2020-06-25 11:02:51,710 [omNode-1@group-523986131536-LeaderElection22] INFO  server.RaftServerConfigKeys (ConfUtils.java:logGet(44)) - raft.server.watch.element-limit = 65536 (default)
2020-06-25 11:02:51,710 [omNode-1@group-523986131536-LeaderElection22] INFO  server.RaftServerConfigKeys (ConfUtils.java:logGet(44)) - raft.server.log.appender.snapshot.chunk.size.max = 16MB (=16777216) (default)
2020-06-25 11:02:51,710 [omNode-1@group-523986131536-LeaderElection22] INFO  server.RaftServerConfigKeys (ConfUtils.java:logGet(44)) - raft.server.log.appender.buffer.byte-limit = 33554432 (custom)
2020-06-25 11:02:51,710 [omNode-1@group-523986131536-LeaderElection22] INFO  server.RaftServerConfigKeys (ConfUtils.java:logGet(44)) - raft.server.log.appender.buffer.element-limit = 1024 (custom)
2020-06-25 11:02:51,711 [omNode-1@group-523986131536-LeaderElection22] INFO  grpc.GrpcConfigKeys (ConfUtils.java:logGet(44)) - raft.grpc.server.leader.outstanding.appends.max = 128 (default)
2020-06-25 11:02:51,711 [omNode-1@group-523986131536-LeaderElection22] INFO  server.RaftServerConfigKeys (ConfUtils.java:logGet(44)) - raft.server.rpc.request.timeout = 3000ms (default)
2020-06-25 11:02:51,711 [omNode-1@group-523986131536-LeaderElection22] INFO  server.RaftServerConfigKeys (ConfUtils.java:logGet(44)) - raft.server.log.appender.install.snapshot.enabled = false (custom)
2020-06-25 11:02:51,711 [omNode-1@group-523986131536-LeaderElection22] INFO  metrics.RatisMetrics (RatisMetrics.java:lambda$create$0(36)) - Creating Metrics Registry : ratis_grpc.log_appender.omNode-1@group-523986131536
2020-06-25 11:02:51,714 [omNode-1@group-523986131536-LeaderElection22] INFO  server.RaftServerConfigKeys (ConfUtils.java:logGet(44)) - raft.server.log.appender.snapshot.chunk.size.max = 16MB (=16777216) (default)
2020-06-25 11:02:51,714 [omNode-1@group-523986131536-LeaderElection22] INFO  server.RaftServerConfigKeys (ConfUtils.java:logGet(44)) - raft.server.log.appender.buffer.byte-limit = 33554432 (custom)
2020-06-25 11:02:51,714 [omNode-1@group-523986131536-LeaderElection22] INFO  server.RaftServerConfigKeys (ConfUtils.java:logGet(44)) - raft.server.log.appender.buffer.element-limit = 1024 (custom)
2020-06-25 11:02:51,714 [omNode-1@group-523986131536-LeaderElection22] INFO  grpc.GrpcConfigKeys (ConfUtils.java:logGet(44)) - raft.grpc.server.leader.outstanding.appends.max = 128 (default)
2020-06-25 11:02:51,714 [omNode-1@group-523986131536-LeaderElection22] INFO  server.RaftServerConfigKeys (ConfUtils.java:logGet(44)) - raft.server.rpc.request.timeout = 3000ms (default)
2020-06-25 11:02:51,714 [omNode-1@group-523986131536-LeaderElection22] INFO  server.RaftServerConfigKeys (ConfUtils.java:logGet(44)) - raft.server.log.appender.install.snapshot.enabled = false (custom)
2020-06-25 11:02:51,716 [omNode-1@group-523986131536-LeaderElection22] INFO  impl.RoleInfo (RoleInfo.java:updateAndGet(143)) - omNode-1: start LeaderState
2020-06-25 11:02:51,716 [omNode-1@group-523986131536-LeaderElection22] INFO  segmented.SegmentedRaftLogWorker (SegmentedRaftLogWorker.java:startLogSegment(397)) - omNode-1@group-523986131536-SegmentedRaftLogWorker: Starting segment from index:0
2020-06-25 11:02:51,717 [omNode-1@group-523986131536-SegmentedRaftLogWorker] INFO  segmented.SegmentedRaftLogWorker (SegmentedRaftLogWorker.java:execute(596)) - omNode-1@group-523986131536-SegmentedRaftLogWorker: created new log segment /github/workspace/mnt/ozone/hadoop-ozone/integration-test/target/test-dir/MiniOzoneClusterImpl-aa6a32bf-ecb8-457c-8a9c-777f344c5ca2/omNode-1/ratis/c9bc4cf4-3bc3-3c60-a66b-523986131536/current/log_inprogress_0
2020-06-25 11:02:51,725 [omNode-1@group-523986131536-LeaderElection22] INFO  impl.RaftServerImpl (ServerState.java:setRaftConf(356)) - omNode-1@group-523986131536: set configuration 0: [omNode-3:localhost:10640, omNode-1:localhost:10628, omNode-2:localhost:10634], old=null at 0
2020-06-25 11:02:51,736 [grpc-default-executor-3] INFO  impl.RaftServerImpl (ServerState.java:setLeader(255)) - omNode-2@group-523986131536: change Leader from null to omNode-1 at term 1 for appendEntries, leader elected after 971ms
2020-06-25 11:02:51,740 [grpc-default-executor-3] DEBUG impl.RaftServerImpl (RaftServerImpl.java:logAppendEntries(928)) - omNode-2@group-523986131536: receive appendEntries(omNode-1, 1, null, 0, false, commits[omNode-1:c0, omNode-3:c-1, omNode-2:c-1], entries: (t:1, i:0), CONFIGURATIONENTRY
2020-06-25 11:02:51,742 [grpc-default-executor-6] INFO  impl.RaftServerImpl (ServerState.java:setLeader(255)) - omNode-3@group-523986131536: change Leader from null to omNode-1 at term 1 for appendEntries, leader elected after 831ms
2020-06-25 11:02:51,742 [grpc-default-executor-3] INFO  ratis.OzoneManagerStateMachine (OzoneManagerStateMachine.java:getLatestSnapshot(147)) - Latest Snapshot Info 0#-1
2020-06-25 11:02:51,743 [grpc-default-executor-3] INFO  impl.RaftServerImpl (ServerState.java:setRaftConf(356)) - omNode-2@group-523986131536: set configuration 0: [omNode-3:localhost:10640, omNode-1:localhost:10628, omNode-2:localhost:10634], old=null at 0
2020-06-25 11:02:51,743 [grpc-default-executor-3] INFO  segmented.SegmentedRaftLogWorker (SegmentedRaftLogWorker.java:startLogSegment(397)) - omNode-2@group-523986131536-SegmentedRaftLogWorker: Starting segment from index:0
2020-06-25 11:02:51,744 [omNode-2@group-523986131536-SegmentedRaftLogWorker] INFO  segmented.SegmentedRaftLogWorker (SegmentedRaftLogWorker.java:execute(596)) - omNode-2@group-523986131536-SegmentedRaftLogWorker: created new log segment /github/workspace/mnt/ozone/hadoop-ozone/integration-test/target/test-dir/MiniOzoneClusterImpl-aa6a32bf-ecb8-457c-8a9c-777f344c5ca2/omNode-2/ratis/c9bc4cf4-3bc3-3c60-a66b-523986131536/current/log_inprogress_0
2020-06-25 11:02:51,745 [grpc-default-executor-6] DEBUG impl.RaftServerImpl (RaftServerImpl.java:logAppendEntries(928)) - omNode-3@group-523986131536: receive appendEntries(omNode-1, 1, null, 0, false, commits[omNode-1:c0, omNode-3:c-1, omNode-2:c-1], entries: (t:1, i:0), CONFIGURATIONENTRY
2020-06-25 11:02:51,745 [grpc-default-executor-6] INFO  ratis.OzoneManagerStateMachine (OzoneManagerStateMachine.java:getLatestSnapshot(147)) - Latest Snapshot Info 0#-1
2020-06-25 11:02:51,745 [grpc-default-executor-6] INFO  impl.RaftServerImpl (ServerState.java:setRaftConf(356)) - omNode-3@group-523986131536: set configuration 0: [omNode-3:localhost:10640, omNode-1:localhost:10628, omNode-2:localhost:10634], old=null at 0
2020-06-25 11:02:51,746 [grpc-default-executor-6] INFO  segmented.SegmentedRaftLogWorker (SegmentedRaftLogWorker.java:startLogSegment(397)) - omNode-3@group-523986131536-SegmentedRaftLogWorker: Starting segment from index:0
2020-06-25 11:02:51,746 [grpc-default-executor-4] DEBUG server.GrpcLogAppender (GrpcLogAppender.java:onNext(257)) - omNode-1@group-523986131536->omNode-3-AppendLogResponseHandler: received the first reply omNode-1<-omNode-3#0:OK,SUCCESS,nextIndex:0,term:1,followerCommit:-1, request=AppendEntriesRequest:cid=0,entriesCount=0,lastEntry=null
2020-06-25 11:02:51,747 [grpc-default-executor-3] DEBUG server.GrpcLogAppender (GrpcLogAppender.java:onNext(257)) - omNode-1@group-523986131536->omNode-2-AppendLogResponseHandler: received the first reply omNode-1<-omNode-2#0:OK,SUCCESS,nextIndex:0,term:1,followerCommit:-1, request=AppendEntriesRequest:cid=0,entriesCount=0,lastEntry=null
2020-06-25 11:02:51,750 [Thread-1656] DEBUG impl.RaftServerImpl (RaftServerImpl.java:logAppendEntries(928)) - omNode-2@group-523986131536: succeeded to handle AppendEntries. Reply: omNode-1<-omNode-2#1:OK,SUCCESS,nextIndex:1,term:1,followerCommit:0
2020-06-25 11:02:51,751 [omNode-3@group-523986131536-SegmentedRaftLogWorker] INFO  segmented.SegmentedRaftLogWorker (SegmentedRaftLogWorker.java:execute(596)) - omNode-3@group-523986131536-SegmentedRaftLogWorker: created new log segment /github/workspace/mnt/ozone/hadoop-ozone/integration-test/target/test-dir/MiniOzoneClusterImpl-aa6a32bf-ecb8-457c-8a9c-777f344c5ca2/omNode-3/ratis/c9bc4cf4-3bc3-3c60-a66b-523986131536/current/log_inprogress_0
2020-06-25 11:02:51,752 [grpc-default-executor-6] DEBUG server.GrpcLogAppender (GrpcLogAppender.java:onNext(257)) - omNode-1@group-523986131536->omNode-2-AppendLogResponseHandler: received a reply omNode-1<-omNode-2#1:OK,SUCCESS,nextIndex:1,term:1,followerCommit:0, request=AppendEntriesRequest:cid=1,entriesCount=1,lastEntry=(t:1, i:0)
2020-06-25 11:02:51,753 [Thread-1657] DEBUG impl.RaftServerImpl (RaftServerImpl.java:logAppendEntries(928)) - omNode-3@group-523986131536: succeeded to handle AppendEntries. Reply: omNode-1<-omNode-3#1:OK,SUCCESS,nextIndex:1,term:1,followerCommit:0
2020-06-25 11:02:51,753 [grpc-default-executor-6] DEBUG server.GrpcLogAppender (GrpcLogAppender.java:onNext(257)) - omNode-1@group-523986131536->omNode-3-AppendLogResponseHandler: received a reply omNode-1<-omNode-3#1:OK,SUCCESS,nextIndex:1,term:1,followerCommit:0, request=AppendEntriesRequest:cid=1,entriesCount=1,lastEntry=(t:1, i:0)
2020-06-25 11:02:52,196 [Listener at 127.0.0.1/10636] INFO  ozone.MiniOzoneClusterImpl (MiniOzoneClusterImpl.java:lambda$waitForClusterToBeReady$0(177)) - Waiting for nodes to be ready. Got 0 of 3 DN Heartbeats.
2020-06-25 11:02:52,196 [Listener at 127.0.0.1/10636] INFO  ozone.MiniOzoneClusterImpl (MiniOzoneClusterImpl.java:lambda$waitForClusterToBeReady$0(180)) - Waiting for cluster to exit safe mode
2020-06-25 11:02:52,253 [grpc-default-executor-6] INFO  ratis.OzoneManagerStateMachine (OzoneManagerStateMachine.java:getLatestSnapshot(147)) - Latest Snapshot Info 0#-1
2020-06-25 11:02:52,254 [grpc-default-executor-6] DEBUG server.GrpcLogAppender (GrpcLogAppender.java:onNext(257)) - omNode-1@group-523986131536->omNode-2-AppendLogResponseHandler: received a reply omNode-1<-omNode-2#2:OK,SUCCESS,nextIndex:1,term:1,followerCommit:0, request=AppendEntriesRequest:cid=2,entriesCount=0,lastEntry=null
2020-06-25 11:02:52,254 [grpc-default-executor-6] INFO  ratis.OzoneManagerStateMachine (OzoneManagerStateMachine.java:getLatestSnapshot(147)) - Latest Snapshot Info 0#-1
2020-06-25 11:02:52,255 [grpc-default-executor-6] DEBUG server.GrpcLogAppender (GrpcLogAppender.java:onNext(257)) - omNode-1@group-523986131536->omNode-3-AppendLogResponseHandler: received a reply omNode-1<-omNode-3#2:OK,SUCCESS,nextIndex:1,term:1,followerCommit:0, request=AppendEntriesRequest:cid=2,entriesCount=0,lastEntry=null
2020-06-25 11:02:52,755 [grpc-default-executor-6] INFO  ratis.OzoneManagerStateMachine (OzoneManagerStateMachine.java:getLatestSnapshot(147)) - Latest Snapshot Info 0#-1
2020-06-25 11:02:52,756 [grpc-default-executor-6] INFO  ratis.OzoneManagerStateMachine (OzoneManagerStateMachine.java:getLatestSnapshot(147)) - Latest Snapshot Info 0#-1
2020-06-25 11:02:52,757 [grpc-default-executor-6] DEBUG server.GrpcLogAppender (GrpcLogAppender.java:onNext(257)) - omNode-1@group-523986131536->omNode-2-AppendLogResponseHandler: received a reply omNode-1<-omNode-2#3:OK,SUCCESS,nextIndex:1,term:1,followerCommit:0, request=AppendEntriesRequest:cid=3,entriesCount=0,lastEntry=null
2020-06-25 11:02:52,757 [grpc-default-executor-3] DEBUG server.GrpcLogAppender (GrpcLogAppender.java:onNext(257)) - omNode-1@group-523986131536->omNode-3-AppendLogResponseHandler: received a reply omNode-1<-omNode-3#3:OK,SUCCESS,nextIndex:1,term:1,followerCommit:0, request=AppendEntriesRequest:cid=3,entriesCount=0,lastEntry=null
2020-06-25 11:02:53,093 [Datanode State Machine Thread - 0] INFO  ozoneimpl.OzoneContainer (OzoneContainer.java:start(232)) - Attempting to start container services.
2020-06-25 11:02:53,094 [Datanode State Machine Thread - 0] INFO  ozoneimpl.OzoneContainer (OzoneContainer.java:startContainerScrub(196)) - Background container scanner has been disabled.
2020-06-25 11:02:53,094 [Datanode State Machine Thread - 0] INFO  ratis.XceiverServerRatis (XceiverServerRatis.java:start(425)) - Starting XceiverServerRatis 46f5dd17-f708-4f3a-b37a-c80b662a6b15 at port 0
2020-06-25 11:02:53,094 [Datanode State Machine Thread - 0] INFO  impl.RaftServerProxy (RaftServerProxy.java:lambda$start$3(304)) - 46f5dd17-f708-4f3a-b37a-c80b662a6b15: start RPC server
2020-06-25 11:02:53,095 [Datanode State Machine Thread - 0] INFO  server.GrpcService (GrpcService.java:startImpl(160)) - 46f5dd17-f708-4f3a-b37a-c80b662a6b15: GrpcService started, listening on 0.0.0.0/0.0.0.0:41277
2020-06-25 11:02:53,095 [Datanode State Machine Thread - 0] INFO  ratis.XceiverServerRatis (XceiverServerRatis.java:start(437)) - XceiverServerRatis 46f5dd17-f708-4f3a-b37a-c80b662a6b15 is started using port 41277
2020-06-25 11:02:53,095 [Datanode State Machine Thread - 0] INFO  server.XceiverServerGrpc (XceiverServerGrpc.java:start(145)) - XceiverServerGrpc 46f5dd17-f708-4f3a-b37a-c80b662a6b15 is started using port 45959
2020-06-25 11:02:53,142 [Datanode State Machine Thread - 0] INFO  ozoneimpl.OzoneContainer (OzoneContainer.java:start(232)) - Attempting to start container services.
2020-06-25 11:02:53,142 [Datanode State Machine Thread - 0] INFO  ozoneimpl.OzoneContainer (OzoneContainer.java:startContainerScrub(196)) - Background container scanner has been disabled.
2020-06-25 11:02:53,142 [Datanode State Machine Thread - 0] INFO  ratis.XceiverServerRatis (XceiverServerRatis.java:start(425)) - Starting XceiverServerRatis 4a701bf3-65c5-4a6b-a9bd-8d146b70a3c5 at port 0
2020-06-25 11:02:53,142 [Datanode State Machine Thread - 0] INFO  impl.RaftServerProxy (RaftServerProxy.java:lambda$start$3(304)) - 4a701bf3-65c5-4a6b-a9bd-8d146b70a3c5: start RPC server
2020-06-25 11:02:53,143 [Datanode State Machine Thread - 0] INFO  server.GrpcService (GrpcService.java:startImpl(160)) - 4a701bf3-65c5-4a6b-a9bd-8d146b70a3c5: GrpcService started, listening on 0.0.0.0/0.0.0.0:38859
2020-06-25 11:02:53,143 [Datanode State Machine Thread - 0] INFO  ratis.XceiverServerRatis (XceiverServerRatis.java:start(437)) - XceiverServerRatis 4a701bf3-65c5-4a6b-a9bd-8d146b70a3c5 is started using port 38859
2020-06-25 11:02:53,144 [Datanode State Machine Thread - 0] INFO  server.XceiverServerGrpc (XceiverServerGrpc.java:start(145)) - XceiverServerGrpc 4a701bf3-65c5-4a6b-a9bd-8d146b70a3c5 is started using port 39095
2020-06-25 11:02:53,196 [Listener at 127.0.0.1/10636] INFO  ozone.MiniOzoneClusterImpl (MiniOzoneClusterImpl.java:lambda$waitForClusterToBeReady$0(177)) - Waiting for nodes to be ready. Got 0 of 3 DN Heartbeats.
2020-06-25 11:02:53,197 [Listener at 127.0.0.1/10636] INFO  ozone.MiniOzoneClusterImpl (MiniOzoneClusterImpl.java:lambda$waitForClusterToBeReady$0(180)) - Waiting for cluster to exit safe mode
2020-06-25 11:02:53,210 [Datanode State Machine Thread - 0] INFO  ozoneimpl.OzoneContainer (OzoneContainer.java:start(232)) - Attempting to start container services.
2020-06-25 11:02:53,211 [Datanode State Machine Thread - 0] INFO  ozoneimpl.OzoneContainer (OzoneContainer.java:startContainerScrub(196)) - Background container scanner has been disabled.
2020-06-25 11:02:53,211 [Datanode State Machine Thread - 0] INFO  ratis.XceiverServerRatis (XceiverServerRatis.java:start(425)) - Starting XceiverServerRatis 41a654b2-66a7-4542-b2c0-cec1bd614880 at port 0
2020-06-25 11:02:53,212 [Datanode State Machine Thread - 0] INFO  impl.RaftServerProxy (RaftServerProxy.java:lambda$start$3(304)) - 41a654b2-66a7-4542-b2c0-cec1bd614880: start RPC server
2020-06-25 11:02:53,213 [Datanode State Machine Thread - 0] INFO  server.GrpcService (GrpcService.java:startImpl(160)) - 41a654b2-66a7-4542-b2c0-cec1bd614880: GrpcService started, listening on 0.0.0.0/0.0.0.0:32799
2020-06-25 11:02:53,214 [Datanode State Machine Thread - 0] INFO  ratis.XceiverServerRatis (XceiverServerRatis.java:start(437)) - XceiverServerRatis 41a654b2-66a7-4542-b2c0-cec1bd614880 is started using port 32799
2020-06-25 11:02:53,214 [Datanode State Machine Thread - 0] INFO  server.XceiverServerGrpc (XceiverServerGrpc.java:start(145)) - XceiverServerGrpc 41a654b2-66a7-4542-b2c0-cec1bd614880 is started using port 36787
2020-06-25 11:02:53,258 [grpc-default-executor-3] INFO  ratis.OzoneManagerStateMachine (OzoneManagerStateMachine.java:getLatestSnapshot(147)) - Latest Snapshot Info 0#-1
2020-06-25 11:02:53,258 [grpc-default-executor-6] INFO  ratis.OzoneManagerStateMachine (OzoneManagerStateMachine.java:getLatestSnapshot(147)) - Latest Snapshot Info 0#-1
2020-06-25 11:02:53,259 [grpc-default-executor-3] DEBUG server.GrpcLogAppender (GrpcLogAppender.java:onNext(257)) - omNode-1@group-523986131536->omNode-3-AppendLogResponseHandler: received a reply omNode-1<-omNode-3#4:OK,SUCCESS,nextIndex:1,term:1,followerCommit:0, request=AppendEntriesRequest:cid=4,entriesCount=0,lastEntry=null
2020-06-25 11:02:53,259 [grpc-default-executor-6] DEBUG server.GrpcLogAppender (GrpcLogAppender.java:onNext(257)) - omNode-1@group-523986131536->omNode-2-AppendLogResponseHandler: received a reply omNode-1<-omNode-2#4:OK,SUCCESS,nextIndex:1,term:1,followerCommit:0, request=AppendEntriesRequest:cid=4,entriesCount=0,lastEntry=null
2020-06-25 11:02:53,760 [grpc-default-executor-6] INFO  ratis.OzoneManagerStateMachine (OzoneManagerStateMachine.java:getLatestSnapshot(147)) - Latest Snapshot Info 0#-1
2020-06-25 11:02:53,761 [grpc-default-executor-3] INFO  ratis.OzoneManagerStateMachine (OzoneManagerStateMachine.java:getLatestSnapshot(147)) - Latest Snapshot Info 0#-1
2020-06-25 11:02:53,762 [grpc-default-executor-3] DEBUG server.GrpcLogAppender (GrpcLogAppender.java:onNext(257)) - omNode-1@group-523986131536->omNode-3-AppendLogResponseHandler: received a reply omNode-1<-omNode-3#5:OK,SUCCESS,nextIndex:1,term:1,followerCommit:0, request=AppendEntriesRequest:cid=5,entriesCount=0,lastEntry=null
2020-06-25 11:02:53,762 [grpc-default-executor-3] DEBUG server.GrpcLogAppender (GrpcLogAppender.java:onNext(257)) - omNode-1@group-523986131536->omNode-2-AppendLogResponseHandler: received a reply omNode-1<-omNode-2#5:OK,SUCCESS,nextIndex:1,term:1,followerCommit:0, request=AppendEntriesRequest:cid=5,entriesCount=0,lastEntry=null
2020-06-25 11:02:54,197 [Listener at 127.0.0.1/10636] INFO  ozone.MiniOzoneClusterImpl (MiniOzoneClusterImpl.java:lambda$waitForClusterToBeReady$0(177)) - Waiting for nodes to be ready. Got 0 of 3 DN Heartbeats.
2020-06-25 11:02:54,197 [Listener at 127.0.0.1/10636] INFO  ozone.MiniOzoneClusterImpl (MiniOzoneClusterImpl.java:lambda$waitForClusterToBeReady$0(180)) - Waiting for cluster to exit safe mode
2020-06-25 11:02:54,263 [grpc-default-executor-3] INFO  ratis.OzoneManagerStateMachine (OzoneManagerStateMachine.java:getLatestSnapshot(147)) - Latest Snapshot Info 0#-1
2020-06-25 11:02:54,264 [grpc-default-executor-6] INFO  ratis.OzoneManagerStateMachine (OzoneManagerStateMachine.java:getLatestSnapshot(147)) - Latest Snapshot Info 0#-1
2020-06-25 11:02:54,266 [grpc-default-executor-6] DEBUG server.GrpcLogAppender (GrpcLogAppender.java:onNext(257)) - omNode-1@group-523986131536->omNode-2-AppendLogResponseHandler: received a reply omNode-1<-omNode-2#6:OK,SUCCESS,nextIndex:1,term:1,followerCommit:0, request=AppendEntriesRequest:cid=6,entriesCount=0,lastEntry=null
2020-06-25 11:02:54,267 [grpc-default-executor-6] DEBUG server.GrpcLogAppender (GrpcLogAppender.java:onNext(257)) - omNode-1@group-523986131536->omNode-3-AppendLogResponseHandler: received a reply omNode-1<-omNode-3#6:OK,SUCCESS,nextIndex:1,term:1,followerCommit:0, request=AppendEntriesRequest:cid=6,entriesCount=0,lastEntry=null
2020-06-25 11:02:54,768 [grpc-default-executor-6] INFO  ratis.OzoneManagerStateMachine (OzoneManagerStateMachine.java:getLatestSnapshot(147)) - Latest Snapshot Info 0#-1
2020-06-25 11:02:54,768 [grpc-default-executor-3] INFO  ratis.OzoneManagerStateMachine (OzoneManagerStateMachine.java:getLatestSnapshot(147)) - Latest Snapshot Info 0#-1
2020-06-25 11:02:54,770 [grpc-default-executor-3] DEBUG server.GrpcLogAppender (GrpcLogAppender.java:onNext(257)) - omNode-1@group-523986131536->omNode-2-AppendLogResponseHandler: received a reply omNode-1<-omNode-2#7:OK,SUCCESS,nextIndex:1,term:1,followerCommit:0, request=AppendEntriesRequest:cid=7,entriesCount=0,lastEntry=null
2020-06-25 11:02:54,770 [grpc-default-executor-6] DEBUG server.GrpcLogAppender (GrpcLogAppender.java:onNext(257)) - omNode-1@group-523986131536->omNode-3-AppendLogResponseHandler: received a reply omNode-1<-omNode-3#7:OK,SUCCESS,nextIndex:1,term:1,followerCommit:0, request=AppendEntriesRequest:cid=7,entriesCount=0,lastEntry=null
2020-06-25 11:02:55,092 [IPC Server handler 0 on default port 37057] INFO  net.NetworkTopology (NetworkTopologyImpl.java:add(111)) - Added a new node: /default-rack/46f5dd17-f708-4f3a-b37a-c80b662a6b15
2020-06-25 11:02:55,092 [IPC Server handler 0 on default port 37057] INFO  node.SCMNodeManager (SCMNodeManager.java:register(268)) - Registered Data node : 46f5dd17-f708-4f3a-b37a-c80b662a6b15{ip: 172.17.0.2, host: da41f0c55cd9, networkLocation: /default-rack, certSerialId: null}
2020-06-25 11:02:55,092 [RatisPipelineUtilsThread] INFO  pipeline.RatisPipelineProvider (RatisPipelineProvider.java:lambda$create$0(138)) - Sending CreatePipelineCommand for pipeline:PipelineID=2e3d01d9-12cd-46b0-a3c8-632c14077b12 to datanode:46f5dd17-f708-4f3a-b37a-c80b662a6b15
2020-06-25 11:02:55,093 [RatisPipelineUtilsThread] INFO  pipeline.PipelineStateManager (PipelineStateManager.java:addPipeline(54)) - Created pipeline Pipeline[ Id: 2e3d01d9-12cd-46b0-a3c8-632c14077b12, Nodes: 46f5dd17-f708-4f3a-b37a-c80b662a6b15{ip: 172.17.0.2, host: da41f0c55cd9, networkLocation: /default-rack, certSerialId: null}, Type:RATIS, Factor:ONE, State:ALLOCATED, leaderId:, CreationTimestamp2020-06-25T11:02:55.092Z]
2020-06-25 11:02:55,093 [RatisPipelineUtilsThread] ERROR pipeline.SCMPipelineManager (SCMPipelineManager.java:createPipeline(222)) - Failed to create pipeline of type RATIS and factor ONE. Exception: Cannot create pipeline of factor 1 using 0 nodes. Used 1 nodes. Healthy nodes 1
2020-06-25 11:02:55,094 [EventQueue-NodeRegistrationContainerReportForDataNodeSafeModeRule] INFO  safemode.SCMSafeModeManager (DataNodeSafeModeRule.java:process(71)) - SCM in safe mode. 1 DataNodes registered, 1 required.
2020-06-25 11:02:55,094 [EventQueue-NodeRegistrationContainerReportForDataNodeSafeModeRule] INFO  safemode.SCMSafeModeManager (SCMSafeModeManager.java:validateSafeModeExitRules(214)) - DataNodeSafeModeRule rule is successfully validated
2020-06-25 11:02:55,094 [EventQueue-NodeRegistrationContainerReportForDataNodeSafeModeRule] INFO  safemode.SCMSafeModeManager (SCMSafeModeManager.java:completePreCheck(242)) - All SCM safe mode pre check rules have passed
2020-06-25 11:02:55,095 [RatisPipelineUtilsThread] ERROR pipeline.SCMPipelineManager (SCMPipelineManager.java:createPipeline(222)) - Failed to create pipeline of type RATIS and factor ONE. Exception: Cannot create pipeline of factor 1 using 0 nodes. Used 1 nodes. Healthy nodes 1
2020-06-25 11:02:55,095 [RatisPipelineUtilsThread] WARN  pipeline.PipelinePlacementPolicy (PipelinePlacementPolicy.java:filterViableNodes(133)) - Pipeline creation failed due to no sufficient healthy datanodes. Required 3. Found 1.
2020-06-25 11:02:55,095 [RatisPipelineUtilsThread] ERROR pipeline.SCMPipelineManager (SCMPipelineManager.java:createPipeline(222)) - Failed to create pipeline of type RATIS and factor THREE. Exception: Pipeline creation failed due to no sufficient healthy datanodes. Required 3. Found 1.
2020-06-25 11:02:55,096 [EventQueue-NodeRegistrationContainerReportForContainerSafeModeRule] INFO  safemode.SCMSafeModeManager (SCMSafeModeManager.java:validateSafeModeExitRules(214)) - ContainerSafeModeRule rule is successfully validated
2020-06-25 11:02:55,140 [IPC Server handler 1 on default port 37057] INFO  net.NetworkTopology (NetworkTopologyImpl.java:add(111)) - Added a new node: /default-rack/4a701bf3-65c5-4a6b-a9bd-8d146b70a3c5
2020-06-25 11:02:55,140 [IPC Server handler 1 on default port 37057] INFO  node.SCMNodeManager (SCMNodeManager.java:register(268)) - Registered Data node : 4a701bf3-65c5-4a6b-a9bd-8d146b70a3c5{ip: 172.17.0.2, host: da41f0c55cd9, networkLocation: /default-rack, certSerialId: null}
2020-06-25 11:02:55,141 [EventQueue-NodeRegistrationContainerReportForDataNodeSafeModeRule] INFO  safemode.SCMSafeModeManager (SCMSafeModeManager.java:validateSafeModeExitRules(214)) - DataNodeSafeModeRule rule is successfully validated
2020-06-25 11:02:55,141 [EventQueue-NodeRegistrationContainerReportForContainerSafeModeRule] INFO  safemode.SCMSafeModeManager (SCMSafeModeManager.java:validateSafeModeExitRules(214)) - ContainerSafeModeRule rule is successfully validated
2020-06-25 11:02:55,141 [RatisPipelineUtilsThread] INFO  pipeline.RatisPipelineProvider (RatisPipelineProvider.java:lambda$create$0(138)) - Sending CreatePipelineCommand for pipeline:PipelineID=db8d3902-6c92-4654-bb9c-8c4e2d739626 to datanode:4a701bf3-65c5-4a6b-a9bd-8d146b70a3c5
2020-06-25 11:02:55,142 [RatisPipelineUtilsThread] INFO  pipeline.PipelineStateManager (PipelineStateManager.java:addPipeline(54)) - Created pipeline Pipeline[ Id: db8d3902-6c92-4654-bb9c-8c4e2d739626, Nodes: 4a701bf3-65c5-4a6b-a9bd-8d146b70a3c5{ip: 172.17.0.2, host: da41f0c55cd9, networkLocation: /default-rack, certSerialId: null}, Type:RATIS, Factor:ONE, State:ALLOCATED, leaderId:, CreationTimestamp2020-06-25T11:02:55.141Z]
2020-06-25 11:02:55,142 [RatisPipelineUtilsThread] ERROR pipeline.SCMPipelineManager (SCMPipelineManager.java:createPipeline(222)) - Failed to create pipeline of type RATIS and factor ONE. Exception: Cannot create pipeline of factor 1 using 0 nodes. Used 2 nodes. Healthy nodes 2
2020-06-25 11:02:55,142 [RatisPipelineUtilsThread] WARN  pipeline.PipelinePlacementPolicy (PipelinePlacementPolicy.java:filterViableNodes(133)) - Pipeline creation failed due to no sufficient healthy datanodes. Required 3. Found 2.
2020-06-25 11:02:55,142 [RatisPipelineUtilsThread] ERROR pipeline.SCMPipelineManager (SCMPipelineManager.java:createPipeline(222)) - Failed to create pipeline of type RATIS and factor THREE. Exception: Pipeline creation failed due to no sufficient healthy datanodes. Required 3. Found 2.
2020-06-25 11:02:55,197 [Listener at 127.0.0.1/10636] INFO  ozone.MiniOzoneClusterImpl (MiniOzoneClusterImpl.java:lambda$waitForClusterToBeReady$0(177)) - Waiting for nodes to be ready. Got 2 of 3 DN Heartbeats.
2020-06-25 11:02:55,197 [Listener at 127.0.0.1/10636] INFO  ozone.MiniOzoneClusterImpl (MiniOzoneClusterImpl.java:lambda$waitForClusterToBeReady$0(180)) - Waiting for cluster to exit safe mode
2020-06-25 11:02:55,209 [IPC Server handler 2 on default port 37057] INFO  net.NetworkTopology (NetworkTopologyImpl.java:add(111)) - Added a new node: /default-rack/41a654b2-66a7-4542-b2c0-cec1bd614880
2020-06-25 11:02:55,209 [IPC Server handler 2 on default port 37057] INFO  node.SCMNodeManager (SCMNodeManager.java:register(268)) - Registered Data node : 41a654b2-66a7-4542-b2c0-cec1bd614880{ip: 172.17.0.2, host: da41f0c55cd9, networkLocation: /default-rack, certSerialId: null}
2020-06-25 11:02:55,209 [EventQueue-NodeRegistrationContainerReportForDataNodeSafeModeRule] INFO  safemode.SCMSafeModeManager (SCMSafeModeManager.java:validateSafeModeExitRules(214)) - DataNodeSafeModeRule rule is successfully validated
2020-06-25 11:02:55,210 [EventQueue-NodeRegistrationContainerReportForContainerSafeModeRule] INFO  safemode.SCMSafeModeManager (SCMSafeModeManager.java:validateSafeModeExitRules(214)) - ContainerSafeModeRule rule is successfully validated
2020-06-25 11:02:55,210 [RatisPipelineUtilsThread] INFO  pipeline.RatisPipelineProvider (RatisPipelineProvider.java:lambda$create$0(138)) - Sending CreatePipelineCommand for pipeline:PipelineID=bf67ef8b-32b3-4f1e-ac1f-d47e886b75d4 to datanode:41a654b2-66a7-4542-b2c0-cec1bd614880
2020-06-25 11:02:55,211 [RatisPipelineUtilsThread] INFO  pipeline.PipelineStateManager (PipelineStateManager.java:addPipeline(54)) - Created pipeline Pipeline[ Id: bf67ef8b-32b3-4f1e-ac1f-d47e886b75d4, Nodes: 41a654b2-66a7-4542-b2c0-cec1bd614880{ip: 172.17.0.2, host: da41f0c55cd9, networkLocation: /default-rack, certSerialId: null}, Type:RATIS, Factor:ONE, State:ALLOCATED, leaderId:, CreationTimestamp2020-06-25T11:02:55.210Z]
2020-06-25 11:02:55,211 [RatisPipelineUtilsThread] ERROR pipeline.SCMPipelineManager (SCMPipelineManager.java:createPipeline(222)) - Failed to create pipeline of type RATIS and factor ONE. Exception: Cannot create pipeline of factor 1 using 0 nodes. Used 3 nodes. Healthy nodes 3
2020-06-25 11:02:55,211 [RatisPipelineUtilsThread] INFO  pipeline.RatisPipelineProvider (RatisPipelineProvider.java:lambda$create$0(138)) - Sending CreatePipelineCommand for pipeline:PipelineID=653aa788-1352-49d8-9f60-fa8fc8fc0b25 to datanode:4a701bf3-65c5-4a6b-a9bd-8d146b70a3c5
2020-06-25 11:02:55,211 [RatisPipelineUtilsThread] INFO  pipeline.RatisPipelineProvider (RatisPipelineProvider.java:lambda$create$0(138)) - Sending CreatePipelineCommand for pipeline:PipelineID=653aa788-1352-49d8-9f60-fa8fc8fc0b25 to datanode:41a654b2-66a7-4542-b2c0-cec1bd614880
2020-06-25 11:02:55,211 [RatisPipelineUtilsThread] INFO  pipeline.RatisPipelineProvider (RatisPipelineProvider.java:lambda$create$0(138)) - Sending CreatePipelineCommand for pipeline:PipelineID=653aa788-1352-49d8-9f60-fa8fc8fc0b25 to datanode:46f5dd17-f708-4f3a-b37a-c80b662a6b15
2020-06-25 11:02:55,211 [RatisPipelineUtilsThread] INFO  pipeline.PipelineStateManager (PipelineStateManager.java:addPipeline(54)) - Created pipeline Pipeline[ Id: 653aa788-1352-49d8-9f60-fa8fc8fc0b25, Nodes: 4a701bf3-65c5-4a6b-a9bd-8d146b70a3c5{ip: 172.17.0.2, host: da41f0c55cd9, networkLocation: /default-rack, certSerialId: null}41a654b2-66a7-4542-b2c0-cec1bd614880{ip: 172.17.0.2, host: da41f0c55cd9, networkLocation: /default-rack, certSerialId: null}46f5dd17-f708-4f3a-b37a-c80b662a6b15{ip: 172.17.0.2, host: da41f0c55cd9, networkLocation: /default-rack, certSerialId: null}, Type:RATIS, Factor:THREE, State:ALLOCATED, leaderId:, CreationTimestamp2020-06-25T11:02:55.211Z]
2020-06-25 11:02:55,212 [RatisPipelineUtilsThread] ERROR pipeline.SCMPipelineManager (SCMPipelineManager.java:createPipeline(222)) - Failed to create pipeline of type RATIS and factor THREE. Exception: Pipeline creation failed because nodes are engaged in other pipelines and every node can only be engaged in max 2 pipelines. Required 3. Found 0
2020-06-25 11:02:55,271 [grpc-default-executor-6] INFO  ratis.OzoneManagerStateMachine (OzoneManagerStateMachine.java:getLatestSnapshot(147)) - Latest Snapshot Info 0#-1
2020-06-25 11:02:55,271 [grpc-default-executor-3] INFO  ratis.OzoneManagerStateMachine (OzoneManagerStateMachine.java:getLatestSnapshot(147)) - Latest Snapshot Info 0#-1
2020-06-25 11:02:55,273 [grpc-default-executor-3] DEBUG server.GrpcLogAppender (GrpcLogAppender.java:onNext(257)) - omNode-1@group-523986131536->omNode-2-AppendLogResponseHandler: received a reply omNode-1<-omNode-2#8:OK,SUCCESS,nextIndex:1,term:1,followerCommit:0, request=AppendEntriesRequest:cid=8,entriesCount=0,lastEntry=null
2020-06-25 11:02:55,273 [grpc-default-executor-3] DEBUG server.GrpcLogAppender (GrpcLogAppender.java:onNext(257)) - omNode-1@group-523986131536->omNode-3-AppendLogResponseHandler: received a reply omNode-1<-omNode-3#8:OK,SUCCESS,nextIndex:1,term:1,followerCommit:0, request=AppendEntriesRequest:cid=8,entriesCount=0,lastEntry=null
2020-06-25 11:02:55,774 [grpc-default-executor-3] INFO  ratis.OzoneManagerStateMachine (OzoneManagerStateMachine.java:getLatestSnapshot(147)) - Latest Snapshot Info 0#-1
2020-06-25 11:02:55,775 [grpc-default-executor-3] DEBUG server.GrpcLogAppender (GrpcLogAppender.java:onNext(257)) - omNode-1@group-523986131536->omNode-2-AppendLogResponseHandler: received a reply omNode-1<-omNode-2#9:OK,SUCCESS,nextIndex:1,term:1,followerCommit:0, request=AppendEntriesRequest:cid=9,entriesCount=0,lastEntry=null
2020-06-25 11:02:55,776 [grpc-default-executor-3] INFO  ratis.OzoneManagerStateMachine (OzoneManagerStateMachine.java:getLatestSnapshot(147)) - Latest Snapshot Info 0#-1
2020-06-25 11:02:55,777 [grpc-default-executor-3] DEBUG server.GrpcLogAppender (GrpcLogAppender.java:onNext(257)) - omNode-1@group-523986131536->omNode-3-AppendLogResponseHandler: received a reply omNode-1<-omNode-3#9:OK,SUCCESS,nextIndex:1,term:1,followerCommit:0, request=AppendEntriesRequest:cid=9,entriesCount=0,lastEntry=null
2020-06-25 11:02:56,198 [Listener at 127.0.0.1/10636] INFO  ozone.MiniOzoneClusterImpl (MiniOzoneClusterImpl.java:lambda$waitForClusterToBeReady$0(177)) - Nodes are ready. Got 3 of 3 DN Heartbeats.
2020-06-25 11:02:56,198 [Listener at 127.0.0.1/10636] INFO  ozone.MiniOzoneClusterImpl (MiniOzoneClusterImpl.java:lambda$waitForClusterToBeReady$0(180)) - Waiting for cluster to exit safe mode
2020-06-25 11:02:56,277 [grpc-default-executor-3] INFO  ratis.OzoneManagerStateMachine (OzoneManagerStateMachine.java:getLatestSnapshot(147)) - Latest Snapshot Info 0#-1
2020-06-25 11:02:56,278 [grpc-default-executor-3] DEBUG server.GrpcLogAppender (GrpcLogAppender.java:onNext(257)) - omNode-1@group-523986131536->omNode-2-AppendLogResponseHandler: received a reply omNode-1<-omNode-2#10:OK,SUCCESS,nextIndex:1,term:1,followerCommit:0, request=AppendEntriesRequest:cid=10,entriesCount=0,lastEntry=null
2020-06-25 11:02:56,278 [grpc-default-executor-3] INFO  ratis.OzoneManagerStateMachine (OzoneManagerStateMachine.java:getLatestSnapshot(147)) - Latest Snapshot Info 0#-1
2020-06-25 11:02:56,279 [grpc-default-executor-3] DEBUG server.GrpcLogAppender (GrpcLogAppender.java:onNext(257)) - omNode-1@group-523986131536->omNode-3-AppendLogResponseHandler: received a reply omNode-1<-omNode-3#10:OK,SUCCESS,nextIndex:1,term:1,followerCommit:0, request=AppendEntriesRequest:cid=10,entriesCount=0,lastEntry=null
2020-06-25 11:02:56,779 [grpc-default-executor-3] INFO  ratis.OzoneManagerStateMachine (OzoneManagerStateMachine.java:getLatestSnapshot(147)) - Latest Snapshot Info 0#-1
2020-06-25 11:02:56,780 [grpc-default-executor-3] INFO  ratis.OzoneManagerStateMachine (OzoneManagerStateMachine.java:getLatestSnapshot(147)) - Latest Snapshot Info 0#-1
2020-06-25 11:02:56,780 [grpc-default-executor-3] DEBUG server.GrpcLogAppender (GrpcLogAppender.java:onNext(257)) - omNode-1@group-523986131536->omNode-2-AppendLogResponseHandler: received a reply omNode-1<-omNode-2#11:OK,SUCCESS,nextIndex:1,term:1,followerCommit:0, request=AppendEntriesRequest:cid=11,entriesCount=0,lastEntry=null
2020-06-25 11:02:56,781 [grpc-default-executor-3] DEBUG server.GrpcLogAppender (GrpcLogAppender.java:onNext(257)) - omNode-1@group-523986131536->omNode-3-AppendLogResponseHandler: received a reply omNode-1<-omNode-3#11:OK,SUCCESS,nextIndex:1,term:1,followerCommit:0, request=AppendEntriesRequest:cid=11,entriesCount=0,lastEntry=null
2020-06-25 11:02:57,198 [Listener at 127.0.0.1/10636] INFO  ozone.MiniOzoneClusterImpl (MiniOzoneClusterImpl.java:lambda$waitForClusterToBeReady$0(177)) - Nodes are ready. Got 3 of 3 DN Heartbeats.
2020-06-25 11:02:57,198 [Listener at 127.0.0.1/10636] INFO  ozone.MiniOzoneClusterImpl (MiniOzoneClusterImpl.java:lambda$waitForClusterToBeReady$0(180)) - Waiting for cluster to exit safe mode
2020-06-25 11:02:57,281 [grpc-default-executor-3] INFO  ratis.OzoneManagerStateMachine (OzoneManagerStateMachine.java:getLatestSnapshot(147)) - Latest Snapshot Info 0#-1
2020-06-25 11:02:57,282 [grpc-default-executor-6] INFO  ratis.OzoneManagerStateMachine (OzoneManagerStateMachine.java:getLatestSnapshot(147)) - Latest Snapshot Info 0#-1
2020-06-25 11:02:57,282 [grpc-default-executor-6] DEBUG server.GrpcLogAppender (GrpcLogAppender.java:onNext(257)) - omNode-1@group-523986131536->omNode-2-AppendLogResponseHandler: received a reply omNode-1<-omNode-2#12:OK,SUCCESS,nextIndex:1,term:1,followerCommit:0, request=AppendEntriesRequest:cid=12,entriesCount=0,lastEntry=null
2020-06-25 11:02:57,283 [grpc-default-executor-6] DEBUG server.GrpcLogAppender (GrpcLogAppender.java:onNext(257)) - omNode-1@group-523986131536->omNode-3-AppendLogResponseHandler: received a reply omNode-1<-omNode-3#12:OK,SUCCESS,nextIndex:1,term:1,followerCommit:0, request=AppendEntriesRequest:cid=12,entriesCount=0,lastEntry=null
2020-06-25 11:02:57,784 [grpc-default-executor-6] INFO  ratis.OzoneManagerStateMachine (OzoneManagerStateMachine.java:getLatestSnapshot(147)) - Latest Snapshot Info 0#-1
2020-06-25 11:02:57,784 [grpc-default-executor-3] INFO  ratis.OzoneManagerStateMachine (OzoneManagerStateMachine.java:getLatestSnapshot(147)) - Latest Snapshot Info 0#-1
2020-06-25 11:02:57,785 [grpc-default-executor-3] DEBUG server.GrpcLogAppender (GrpcLogAppender.java:onNext(257)) - omNode-1@group-523986131536->omNode-2-AppendLogResponseHandler: received a reply omNode-1<-omNode-2#13:OK,SUCCESS,nextIndex:1,term:1,followerCommit:0, request=AppendEntriesRequest:cid=13,entriesCount=0,lastEntry=null
2020-06-25 11:02:57,785 [grpc-default-executor-3] DEBUG server.GrpcLogAppender (GrpcLogAppender.java:onNext(257)) - omNode-1@group-523986131536->omNode-3-AppendLogResponseHandler: received a reply omNode-1<-omNode-3#13:OK,SUCCESS,nextIndex:1,term:1,followerCommit:0, request=AppendEntriesRequest:cid=13,entriesCount=0,lastEntry=null
2020-06-25 11:02:58,091 [Command processor thread] INFO  impl.RaftServerProxy (RaftServerProxy.java:addNew(89)) - 46f5dd17-f708-4f3a-b37a-c80b662a6b15: addNew group-632C14077B12:[46f5dd17-f708-4f3a-b37a-c80b662a6b15:172.17.0.2:41277] returns group-632C14077B12:java.util.concurrent.CompletableFuture@77b7cd79[Not completed]
2020-06-25 11:02:58,092 [pool-403-thread-1] INFO  impl.RaftServerImpl (RaftServerImpl.java:<init>(99)) - 46f5dd17-f708-4f3a-b37a-c80b662a6b15: new RaftServerImpl for group-632C14077B12:[46f5dd17-f708-4f3a-b37a-c80b662a6b15:172.17.0.2:41277] with ContainerStateMachine:uninitialized
2020-06-25 11:02:58,092 [pool-403-thread-1] INFO  server.RaftServerConfigKeys (ConfUtils.java:logGet(44)) - raft.server.rpc.timeout.min = 5s (custom)
2020-06-25 11:02:58,092 [pool-403-thread-1] INFO  server.RaftServerConfigKeys (ConfUtils.java:logGet(44)) - raft.server.rpc.timeout.max = 5200ms (custom)
2020-06-25 11:02:58,092 [pool-403-thread-1] INFO  server.RaftServerConfigKeys (ConfUtils.java:logGet(44)) - raft.server.rpcslowness.timeout = 300s (custom)
2020-06-25 11:02:58,092 [pool-403-thread-1] INFO  server.RaftServerConfigKeys (ConfUtils.java:logGet(44)) - raft.server.sleep.deviation.threshold = 300 (default)
2020-06-25 11:02:58,092 [pool-403-thread-1] INFO  server.RaftServerConfigKeys (ConfUtils.java:logGet(44)) - raft.server.log.appender.install.snapshot.enabled = false (custom)
2020-06-25 11:02:58,093 [pool-403-thread-1] INFO  impl.RaftServerImpl (ServerState.java:<init>(103)) - 46f5dd17-f708-4f3a-b37a-c80b662a6b15@group-632C14077B12: ConfigurationManager, init=-1: [46f5dd17-f708-4f3a-b37a-c80b662a6b15:172.17.0.2:41277], old=null, confs=<EMPTY_MAP>
2020-06-25 11:02:58,093 [pool-403-thread-1] INFO  server.RaftServerConfigKeys (ConfUtils.java:logGet(44)) - raft.server.storage.dir = [/github/workspace/mnt/ozone/hadoop-ozone/integration-test/target/test-dir/MiniOzoneClusterImpl-aa6a32bf-ecb8-457c-8a9c-777f344c5ca2/datanode-0/data/ratis] (custom)
2020-06-25 11:02:58,093 [pool-403-thread-1] INFO  server.RaftServerConfigKeys (ConfUtils.java:logGet(44)) - raft.server.log.corruption.policy = EXCEPTION (default)
2020-06-25 11:02:58,093 [pool-403-thread-1] INFO  storage.RaftStorageDirectory (RaftStorageDirectory.java:analyzeStorage(261)) - The storage directory /github/workspace/mnt/ozone/hadoop-ozone/integration-test/target/test-dir/MiniOzoneClusterImpl-aa6a32bf-ecb8-457c-8a9c-777f344c5ca2/datanode-0/data/ratis/2e3d01d9-12cd-46b0-a3c8-632c14077b12 does not exist. Creating ...
2020-06-25 11:02:58,094 [pool-403-thread-1] INFO  storage.RaftStorageDirectory (RaftStorageDirectory.java:tryLock(343)) - Lock on /github/workspace/mnt/ozone/hadoop-ozone/integration-test/target/test-dir/MiniOzoneClusterImpl-aa6a32bf-ecb8-457c-8a9c-777f344c5ca2/datanode-0/data/ratis/2e3d01d9-12cd-46b0-a3c8-632c14077b12/in_use.lock acquired by nodename 9717@da41f0c55cd9
2020-06-25 11:02:58,096 [pool-403-thread-1] INFO  storage.RaftStorage (RaftStorage.java:format(84)) - Storage directory /github/workspace/mnt/ozone/hadoop-ozone/integration-test/target/test-dir/MiniOzoneClusterImpl-aa6a32bf-ecb8-457c-8a9c-777f344c5ca2/datanode-0/data/ratis/2e3d01d9-12cd-46b0-a3c8-632c14077b12 has been successfully formatted.
2020-06-25 11:02:58,097 [pool-403-thread-1] INFO  ratis.ContainerStateMachine (ContainerStateMachine.java:loadSnapshot(226)) - group-632C14077B12: The snapshot info is null. Setting the last applied indexto:(t:0, i:~)
2020-06-25 11:02:58,097 [pool-403-thread-1] INFO  server.RaftServerConfigKeys (ConfUtils.java:logGet(44)) - raft.server.notification.no-leader.timeout = 60s (default)
2020-06-25 11:02:58,097 [pool-403-thread-1] INFO  server.RaftServerConfigKeys (ConfUtils.java:logGet(44)) - raft.server.log.use.memory = false (default)
2020-06-25 11:02:58,097 [pool-403-thread-1] INFO  server.RaftServerConfigKeys (ConfUtils.java:logGet(44)) - raft.server.log.purge.gap = 1000000 (custom)
2020-06-25 11:02:58,098 [pool-403-thread-1] INFO  server.RaftServerConfigKeys (ConfUtils.java:logGet(44)) - raft.server.log.appender.buffer.byte-limit = 33554432 (custom)
2020-06-25 11:02:58,098 [pool-403-thread-1] INFO  server.RaftServerConfigKeys (ConfUtils.java:logGet(44)) - raft.server.log.segment.size.max = 1048576 (custom)
2020-06-25 11:02:58,098 [pool-403-thread-1] INFO  metrics.RatisMetrics (RatisMetrics.java:lambda$create$0(36)) - Creating Metrics Registry : ratis.log_worker.46f5dd17-f708-4f3a-b37a-c80b662a6b15@group-632C14077B12
2020-06-25 11:02:58,098 [pool-403-thread-1] INFO  server.RaftServerConfigKeys (ConfUtils.java:logGet(44)) - raft.server.log.segment.cache.num.max = 2 (custom)
2020-06-25 11:02:58,098 [pool-403-thread-1] INFO  segmented.SegmentedRaftLogWorker (SegmentedRaftLogWorker.java:<init>(180)) - new 46f5dd17-f708-4f3a-b37a-c80b662a6b15@group-632C14077B12-SegmentedRaftLogWorker for RaftStorage:Storage Directory /github/workspace/mnt/ozone/hadoop-ozone/integration-test/target/test-dir/MiniOzoneClusterImpl-aa6a32bf-ecb8-457c-8a9c-777f344c5ca2/datanode-0/data/ratis/2e3d01d9-12cd-46b0-a3c8-632c14077b12
2020-06-25 11:02:58,098 [pool-403-thread-1] INFO  server.RaftServerConfigKeys (ConfUtils.java:logGet(44)) - raft.server.log.queue.byte-limit = 2147483647 (custom)
2020-06-25 11:02:58,098 [pool-403-thread-1] INFO  server.RaftServerConfigKeys (ConfUtils.java:logGet(44)) - raft.server.log.queue.element-limit = 1024 (custom)
2020-06-25 11:02:58,098 [pool-403-thread-1] INFO  server.RaftServerConfigKeys (ConfUtils.java:logGet(44)) - raft.server.log.segment.size.max = 1048576 (custom)
2020-06-25 11:02:58,098 [pool-403-thread-1] INFO  server.RaftServerConfigKeys (ConfUtils.java:logGet(44)) - raft.server.log.preallocated.size = 16384 (custom)
2020-06-25 11:02:58,098 [pool-403-thread-1] INFO  server.RaftServerConfigKeys (ConfUtils.java:logGet(44)) - raft.server.log.write.buffer.size = 1048576 (custom)
2020-06-25 11:02:58,099 [pool-403-thread-1] INFO  server.RaftServerConfigKeys (ConfUtils.java:logGet(44)) - raft.server.log.force.sync.num = 128 (default)
2020-06-25 11:02:58,099 [pool-403-thread-1] INFO  server.RaftServerConfigKeys (ConfUtils.java:logGet(44)) - raft.server.log.statemachine.data.sync = true (default)
2020-06-25 11:02:58,099 [EventQueue-PipelineReportForPipelineReportHandler] INFO  pipeline.PipelineStateManager (PipelineStateManager.java:openPipeline(131)) - Pipeline Pipeline[ Id: 2e3d01d9-12cd-46b0-a3c8-632c14077b12, Nodes: 46f5dd17-f708-4f3a-b37a-c80b662a6b15{ip: 172.17.0.2, host: da41f0c55cd9, networkLocation: /default-rack, certSerialId: null}, Type:RATIS, Factor:ONE, State:ALLOCATED, leaderId:46f5dd17-f708-4f3a-b37a-c80b662a6b15, CreationTimestamp2020-06-25T11:02:55.092Z] moved to OPEN state
2020-06-25 11:02:58,104 [pool-403-thread-1] INFO  server.RaftServerConfigKeys (ConfUtils.java:logGet(44)) - raft.server.log.statemachine.data.sync.timeout = 10s (default)
2020-06-25 11:02:58,104 [pool-403-thread-1] INFO  server.RaftServerConfigKeys (ConfUtils.java:logGet(44)) - raft.server.log.statemachine.data.sync.timeout.retry = -1 (default)
2020-06-25 11:02:58,105 [EventQueue-OpenPipelineForHealthyPipelineSafeModeRule] INFO  safemode.SCMSafeModeManager (HealthyPipelineSafeModeRule.java:process(132)) - SCM in safe mode. Healthy pipelines reported count is 0, required healthy pipeline reported count is 1
2020-06-25 11:02:58,106 [pool-403-thread-1] INFO  server.RaftServerConfigKeys (ConfUtils.java:logGet(44)) - raft.server.log.statemachine.data.caching.enabled = true (custom)
2020-06-25 11:02:58,107 [pool-403-thread-1] INFO  segmented.SegmentedRaftLogWorker (SegmentedRaftLogWorker.java:lambda$new$0(129)) - 46f5dd17-f708-4f3a-b37a-c80b662a6b15@group-632C14077B12-SegmentedRaftLogWorker: flushIndex: setUnconditionally 0 -> -1
2020-06-25 11:02:58,107 [pool-403-thread-1] INFO  segmented.SegmentedRaftLogWorker (SegmentedRaftLogWorker.java:lambda$new$0(129)) - 46f5dd17-f708-4f3a-b37a-c80b662a6b15@group-632C14077B12-SegmentedRaftLogWorker: safeCacheEvictIndex: setUnconditionally 0 -> -1
2020-06-25 11:02:58,112 [EventQueue-OpenPipelineForOneReplicaPipelineSafeModeRule] INFO  safemode.SCMSafeModeManager (SCMSafeModeManager.java:validateSafeModeExitRules(214)) - AtleastOneDatanodeReportedRule rule is successfully validated
2020-06-25 11:02:58,116 [pool-403-thread-1] INFO  server.RaftServerConfigKeys (ConfUtils.java:logGet(44)) - raft.server.snapshot.auto.trigger.enabled = true (custom)
2020-06-25 11:02:58,116 [pool-403-thread-1] INFO  server.RaftServerConfigKeys (ConfUtils.java:logGet(44)) - raft.server.snapshot.auto.trigger.threshold = 10000 (custom)
2020-06-25 11:02:58,116 [pool-403-thread-1] INFO  server.RaftServerConfigKeys (ConfUtils.java:logGet(44)) - raft.server.snapshot.retention.file.num = 5 (custom)
2020-06-25 11:02:58,116 [pool-403-thread-1] INFO  server.RaftServerConfigKeys (ConfUtils.java:logGet(44)) - raft.server.log.purge.upto.snapshot.index = false (default)
2020-06-25 11:02:58,116 [pool-403-thread-1] INFO  server.RaftServerConfigKeys (ConfUtils.java:logGet(44)) - raft.server.retrycache.expirytime = 600000ms (custom)
2020-06-25 11:02:58,116 [pool-403-thread-1] INFO  metrics.RatisMetrics (RatisMetrics.java:lambda$create$0(36)) - Creating Metrics Registry : ratis.leader_election.46f5dd17-f708-4f3a-b37a-c80b662a6b15@group-632C14077B12
2020-06-25 11:02:58,117 [pool-403-thread-1] INFO  metrics.RatisMetrics (RatisMetrics.java:lambda$create$0(36)) - Creating Metrics Registry : ratis.server.46f5dd17-f708-4f3a-b37a-c80b662a6b15@group-632C14077B12
2020-06-25 11:02:58,118 [pool-403-thread-1] INFO  impl.RaftServerImpl (RaftServerImpl.java:start(186)) - 46f5dd17-f708-4f3a-b37a-c80b662a6b15@group-632C14077B12: start as a follower, conf=-1: [46f5dd17-f708-4f3a-b37a-c80b662a6b15:172.17.0.2:41277], old=null
2020-06-25 11:02:58,118 [pool-403-thread-1] INFO  impl.RaftServerImpl (RaftServerImpl.java:setRole(175)) - 46f5dd17-f708-4f3a-b37a-c80b662a6b15@group-632C14077B12: changes role from      null to FOLLOWER at term 0 for startAsFollower
2020-06-25 11:02:58,118 [pool-403-thread-1] INFO  impl.RoleInfo (RoleInfo.java:updateAndGet(143)) - 46f5dd17-f708-4f3a-b37a-c80b662a6b15: start FollowerState
2020-06-25 11:02:58,119 [pool-403-thread-1] INFO  util.JmxRegister (JmxRegister.java:tryRegister(44)) - Successfully registered JMX Bean with object name Ratis:service=RaftServer,group=group-632C14077B12,id=46f5dd17-f708-4f3a-b37a-c80b662a6b15
2020-06-25 11:02:58,119 [pool-403-thread-1] INFO  metrics.RatisMetrics (RatisMetrics.java:lambda$create$0(36)) - Creating Metrics Registry : ratis.state_machine.46f5dd17-f708-4f3a-b37a-c80b662a6b15@group-632C14077B12
2020-06-25 11:02:58,120 [Command processor thread] INFO  commandhandler.CreatePipelineCommandHandler (CreatePipelineCommandHandler.java:handle(109)) - Created Pipeline RATIS ONE #id: "2e3d01d9-12cd-46b0-a3c8-632c14077b12"
.
2020-06-25 11:02:58,120 [Command processor thread] INFO  impl.RaftServerProxy (RaftServerProxy.java:addNew(89)) - 46f5dd17-f708-4f3a-b37a-c80b662a6b15: addNew group-FA8FC8FC0B25:[41a654b2-66a7-4542-b2c0-cec1bd614880:172.17.0.2:32799, 4a701bf3-65c5-4a6b-a9bd-8d146b70a3c5:172.17.0.2:38859, 46f5dd17-f708-4f3a-b37a-c80b662a6b15:172.17.0.2:41277] returns group-FA8FC8FC0B25:java.util.concurrent.CompletableFuture@73884757[Not completed]
2020-06-25 11:02:58,121 [pool-403-thread-1] INFO  impl.RaftServerImpl (RaftServerImpl.java:<init>(99)) - 46f5dd17-f708-4f3a-b37a-c80b662a6b15: new RaftServerImpl for group-FA8FC8FC0B25:[41a654b2-66a7-4542-b2c0-cec1bd614880:172.17.0.2:32799, 4a701bf3-65c5-4a6b-a9bd-8d146b70a3c5:172.17.0.2:38859, 46f5dd17-f708-4f3a-b37a-c80b662a6b15:172.17.0.2:41277] with ContainerStateMachine:uninitialized
2020-06-25 11:02:58,121 [pool-403-thread-1] INFO  server.RaftServerConfigKeys (ConfUtils.java:logGet(44)) - raft.server.rpc.timeout.min = 5s (custom)
2020-06-25 11:02:58,121 [pool-403-thread-1] INFO  server.RaftServerConfigKeys (ConfUtils.java:logGet(44)) - raft.server.rpc.timeout.max = 5200ms (custom)
2020-06-25 11:02:58,121 [pool-403-thread-1] INFO  server.RaftServerConfigKeys (ConfUtils.java:logGet(44)) - raft.server.rpcslowness.timeout = 300s (custom)
2020-06-25 11:02:58,121 [pool-403-thread-1] INFO  server.RaftServerConfigKeys (ConfUtils.java:logGet(44)) - raft.server.sleep.deviation.threshold = 300 (default)
2020-06-25 11:02:58,121 [pool-403-thread-1] INFO  server.RaftServerConfigKeys (ConfUtils.java:logGet(44)) - raft.server.log.appender.install.snapshot.enabled = false (custom)
2020-06-25 11:02:58,122 [pool-403-thread-1] INFO  impl.RaftServerImpl (ServerState.java:<init>(103)) - 46f5dd17-f708-4f3a-b37a-c80b662a6b15@group-FA8FC8FC0B25: ConfigurationManager, init=-1: [41a654b2-66a7-4542-b2c0-cec1bd614880:172.17.0.2:32799, 4a701bf3-65c5-4a6b-a9bd-8d146b70a3c5:172.17.0.2:38859, 46f5dd17-f708-4f3a-b37a-c80b662a6b15:172.17.0.2:41277], old=null, confs=<EMPTY_MAP>
2020-06-25 11:02:58,122 [pool-403-thread-1] INFO  server.RaftServerConfigKeys (ConfUtils.java:logGet(44)) - raft.server.storage.dir = [/github/workspace/mnt/ozone/hadoop-ozone/integration-test/target/test-dir/MiniOzoneClusterImpl-aa6a32bf-ecb8-457c-8a9c-777f344c5ca2/datanode-0/data/ratis] (custom)
2020-06-25 11:02:58,122 [pool-403-thread-1] INFO  server.RaftServerConfigKeys (ConfUtils.java:logGet(44)) - raft.server.log.corruption.policy = EXCEPTION (default)
2020-06-25 11:02:58,122 [pool-403-thread-1] INFO  storage.RaftStorageDirectory (RaftStorageDirectory.java:analyzeStorage(261)) - The storage directory /github/workspace/mnt/ozone/hadoop-ozone/integration-test/target/test-dir/MiniOzoneClusterImpl-aa6a32bf-ecb8-457c-8a9c-777f344c5ca2/datanode-0/data/ratis/653aa788-1352-49d8-9f60-fa8fc8fc0b25 does not exist. Creating ...
2020-06-25 11:02:58,123 [pool-403-thread-1] INFO  storage.RaftStorageDirectory (RaftStorageDirectory.java:tryLock(343)) - Lock on /github/workspace/mnt/ozone/hadoop-ozone/integration-test/target/test-dir/MiniOzoneClusterImpl-aa6a32bf-ecb8-457c-8a9c-777f344c5ca2/datanode-0/data/ratis/653aa788-1352-49d8-9f60-fa8fc8fc0b25/in_use.lock acquired by nodename 9717@da41f0c55cd9
2020-06-25 11:02:58,125 [pool-403-thread-1] INFO  storage.RaftStorage (RaftStorage.java:format(84)) - Storage directory /github/workspace/mnt/ozone/hadoop-ozone/integration-test/target/test-dir/MiniOzoneClusterImpl-aa6a32bf-ecb8-457c-8a9c-777f344c5ca2/datanode-0/data/ratis/653aa788-1352-49d8-9f60-fa8fc8fc0b25 has been successfully formatted.
2020-06-25 11:02:58,125 [pool-403-thread-1] INFO  ratis.ContainerStateMachine (ContainerStateMachine.java:loadSnapshot(226)) - group-FA8FC8FC0B25: The snapshot info is null. Setting the last applied indexto:(t:0, i:~)
2020-06-25 11:02:58,125 [pool-403-thread-1] INFO  server.RaftServerConfigKeys (ConfUtils.java:logGet(44)) - raft.server.notification.no-leader.timeout = 60s (default)
2020-06-25 11:02:58,125 [pool-403-thread-1] INFO  server.RaftServerConfigKeys (ConfUtils.java:logGet(44)) - raft.server.log.use.memory = false (default)
2020-06-25 11:02:58,125 [pool-403-thread-1] INFO  server.RaftServerConfigKeys (ConfUtils.java:logGet(44)) - raft.server.log.purge.gap = 1000000 (custom)
2020-06-25 11:02:58,125 [pool-403-thread-1] INFO  server.RaftServerConfigKeys (ConfUtils.java:logGet(44)) - raft.server.log.appender.buffer.byte-limit = 33554432 (custom)
2020-06-25 11:02:58,126 [pool-403-thread-1] INFO  server.RaftServerConfigKeys (ConfUtils.java:logGet(44)) - raft.server.log.segment.size.max = 1048576 (custom)
2020-06-25 11:02:58,126 [pool-403-thread-1] INFO  metrics.RatisMetrics (RatisMetrics.java:lambda$create$0(36)) - Creating Metrics Registry : ratis.log_worker.46f5dd17-f708-4f3a-b37a-c80b662a6b15@group-FA8FC8FC0B25
2020-06-25 11:02:58,126 [pool-403-thread-1] INFO  server.RaftServerConfigKeys (ConfUtils.java:logGet(44)) - raft.server.log.segment.cache.num.max = 2 (custom)
2020-06-25 11:02:58,126 [pool-403-thread-1] INFO  segmented.SegmentedRaftLogWorker (SegmentedRaftLogWorker.java:<init>(180)) - new 46f5dd17-f708-4f3a-b37a-c80b662a6b15@group-FA8FC8FC0B25-SegmentedRaftLogWorker for RaftStorage:Storage Directory /github/workspace/mnt/ozone/hadoop-ozone/integration-test/target/test-dir/MiniOzoneClusterImpl-aa6a32bf-ecb8-457c-8a9c-777f344c5ca2/datanode-0/data/ratis/653aa788-1352-49d8-9f60-fa8fc8fc0b25
2020-06-25 11:02:58,126 [pool-403-thread-1] INFO  server.RaftServerConfigKeys (ConfUtils.java:logGet(44)) - raft.server.log.queue.byte-limit = 2147483647 (custom)
2020-06-25 11:02:58,126 [pool-403-thread-1] INFO  server.RaftServerConfigKeys (ConfUtils.java:logGet(44)) - raft.server.log.queue.element-limit = 1024 (custom)
2020-06-25 11:02:58,129 [pool-403-thread-1] INFO  server.RaftServerConfigKeys (ConfUtils.java:logGet(44)) - raft.server.log.segment.size.max = 1048576 (custom)
2020-06-25 11:02:58,130 [pool-403-thread-1] INFO  server.RaftServerConfigKeys (ConfUtils.java:logGet(44)) - raft.server.log.preallocated.size = 16384 (custom)
2020-06-25 11:02:58,130 [pool-403-thread-1] INFO  server.RaftServerConfigKeys (ConfUtils.java:logGet(44)) - raft.server.log.write.buffer.size = 1048576 (custom)
2020-06-25 11:02:58,130 [pool-403-thread-1] INFO  server.RaftServerConfigKeys (ConfUtils.java:logGet(44)) - raft.server.log.force.sync.num = 128 (default)
2020-06-25 11:02:58,130 [pool-403-thread-1] INFO  server.RaftServerConfigKeys (ConfUtils.java:logGet(44)) - raft.server.log.statemachine.data.sync = true (default)
2020-06-25 11:02:58,130 [pool-403-thread-1] INFO  server.RaftServerConfigKeys (ConfUtils.java:logGet(44)) - raft.server.log.statemachine.data.sync.timeout = 10s (default)
2020-06-25 11:02:58,130 [pool-403-thread-1] INFO  server.RaftServerConfigKeys (ConfUtils.java:logGet(44)) - raft.server.log.statemachine.data.sync.timeout.retry = -1 (default)
2020-06-25 11:02:58,132 [pool-403-thread-1] INFO  server.RaftServerConfigKeys (ConfUtils.java:logGet(44)) - raft.server.log.statemachine.data.caching.enabled = true (custom)
2020-06-25 11:02:58,132 [pool-403-thread-1] INFO  segmented.SegmentedRaftLogWorker (SegmentedRaftLogWorker.java:lambda$new$0(129)) - 46f5dd17-f708-4f3a-b37a-c80b662a6b15@group-FA8FC8FC0B25-SegmentedRaftLogWorker: flushIndex: setUnconditionally 0 -> -1
2020-06-25 11:02:58,132 [pool-403-thread-1] INFO  segmented.SegmentedRaftLogWorker (SegmentedRaftLogWorker.java:lambda$new$0(129)) - 46f5dd17-f708-4f3a-b37a-c80b662a6b15@group-FA8FC8FC0B25-SegmentedRaftLogWorker: safeCacheEvictIndex: setUnconditionally 0 -> -1
2020-06-25 11:02:58,132 [pool-403-thread-1] INFO  server.RaftServerConfigKeys (ConfUtils.java:logGet(44)) - raft.server.snapshot.auto.trigger.enabled = true (custom)
2020-06-25 11:02:58,132 [pool-403-thread-1] INFO  server.RaftServerConfigKeys (ConfUtils.java:logGet(44)) - raft.server.snapshot.auto.trigger.threshold = 10000 (custom)
2020-06-25 11:02:58,132 [pool-403-thread-1] INFO  server.RaftServerConfigKeys (ConfUtils.java:logGet(44)) - raft.server.snapshot.retention.file.num = 5 (custom)
2020-06-25 11:02:58,133 [pool-403-thread-1] INFO  server.RaftServerConfigKeys (ConfUtils.java:logGet(44)) - raft.server.log.purge.upto.snapshot.index = false (default)
2020-06-25 11:02:58,133 [pool-403-thread-1] INFO  server.RaftServerConfigKeys (ConfUtils.java:logGet(44)) - raft.server.retrycache.expirytime = 600000ms (custom)
2020-06-25 11:02:58,133 [pool-403-thread-1] INFO  metrics.RatisMetrics (RatisMetrics.java:lambda$create$0(36)) - Creating Metrics Registry : ratis.leader_election.46f5dd17-f708-4f3a-b37a-c80b662a6b15@group-FA8FC8FC0B25
2020-06-25 11:02:58,133 [pool-403-thread-1] INFO  metrics.RatisMetrics (RatisMetrics.java:lambda$create$0(36)) - Creating Metrics Registry : ratis.server.46f5dd17-f708-4f3a-b37a-c80b662a6b15@group-FA8FC8FC0B25
2020-06-25 11:02:58,134 [pool-403-thread-1] INFO  impl.RaftServerImpl (RaftServerImpl.java:start(186)) - 46f5dd17-f708-4f3a-b37a-c80b662a6b15@group-FA8FC8FC0B25: start as a follower, conf=-1: [41a654b2-66a7-4542-b2c0-cec1bd614880:172.17.0.2:32799, 4a701bf3-65c5-4a6b-a9bd-8d146b70a3c5:172.17.0.2:38859, 46f5dd17-f708-4f3a-b37a-c80b662a6b15:172.17.0.2:41277], old=null
2020-06-25 11:02:58,134 [pool-403-thread-1] INFO  impl.RaftServerImpl (RaftServerImpl.java:setRole(175)) - 46f5dd17-f708-4f3a-b37a-c80b662a6b15@group-FA8FC8FC0B25: changes role from      null to FOLLOWER at term 0 for startAsFollower
2020-06-25 11:02:58,134 [pool-403-thread-1] INFO  impl.RoleInfo (RoleInfo.java:updateAndGet(143)) - 46f5dd17-f708-4f3a-b37a-c80b662a6b15: start FollowerState
2020-06-25 11:02:58,136 [pool-403-thread-1] INFO  util.JmxRegister (JmxRegister.java:tryRegister(44)) - Successfully registered JMX Bean with object name Ratis:service=RaftServer,group=group-FA8FC8FC0B25,id=46f5dd17-f708-4f3a-b37a-c80b662a6b15
2020-06-25 11:02:58,136 [pool-403-thread-1] INFO  metrics.RatisMetrics (RatisMetrics.java:lambda$create$0(36)) - Creating Metrics Registry : ratis.state_machine.46f5dd17-f708-4f3a-b37a-c80b662a6b15@group-FA8FC8FC0B25
2020-06-25 11:02:58,144 [Command processor thread] INFO  impl.RaftServerProxy (RaftServerProxy.java:addNew(89)) - 4a701bf3-65c5-4a6b-a9bd-8d146b70a3c5: addNew group-8C4E2D739626:[4a701bf3-65c5-4a6b-a9bd-8d146b70a3c5:172.17.0.2:38859] returns group-8C4E2D739626:java.util.concurrent.CompletableFuture@5fb46dc6[Not completed]
2020-06-25 11:02:58,153 [grpc-default-executor-3] INFO  impl.RaftServerProxy (RaftServerProxy.java:addNew(89)) - 4a701bf3-65c5-4a6b-a9bd-8d146b70a3c5: addNew group-FA8FC8FC0B25:[41a654b2-66a7-4542-b2c0-cec1bd614880:172.17.0.2:32799, 4a701bf3-65c5-4a6b-a9bd-8d146b70a3c5:172.17.0.2:38859, 46f5dd17-f708-4f3a-b37a-c80b662a6b15:172.17.0.2:41277] returns group-FA8FC8FC0B25:java.util.concurrent.CompletableFuture@63387489[Not completed]
2020-06-25 11:02:58,155 [pool-418-thread-1] INFO  impl.RaftServerImpl (RaftServerImpl.java:<init>(99)) - 4a701bf3-65c5-4a6b-a9bd-8d146b70a3c5: new RaftServerImpl for group-8C4E2D739626:[4a701bf3-65c5-4a6b-a9bd-8d146b70a3c5:172.17.0.2:38859] with ContainerStateMachine:uninitialized
2020-06-25 11:02:58,155 [pool-418-thread-1] INFO  server.RaftServerConfigKeys (ConfUtils.java:logGet(44)) - raft.server.rpc.timeout.min = 5s (custom)
2020-06-25 11:02:58,156 [pool-418-thread-1] INFO  server.RaftServerConfigKeys (ConfUtils.java:logGet(44)) - raft.server.rpc.timeout.max = 5200ms (custom)
2020-06-25 11:02:58,156 [pool-418-thread-1] INFO  server.RaftServerConfigKeys (ConfUtils.java:logGet(44)) - raft.server.rpcslowness.timeout = 300s (custom)
2020-06-25 11:02:58,156 [pool-418-thread-1] INFO  server.RaftServerConfigKeys (ConfUtils.java:logGet(44)) - raft.server.sleep.deviation.threshold = 300 (default)
2020-06-25 11:02:58,156 [pool-418-thread-1] INFO  server.RaftServerConfigKeys (ConfUtils.java:logGet(44)) - raft.server.log.appender.install.snapshot.enabled = false (custom)
2020-06-25 11:02:58,156 [pool-418-thread-1] INFO  impl.RaftServerImpl (ServerState.java:<init>(103)) - 4a701bf3-65c5-4a6b-a9bd-8d146b70a3c5@group-8C4E2D739626: ConfigurationManager, init=-1: [4a701bf3-65c5-4a6b-a9bd-8d146b70a3c5:172.17.0.2:38859], old=null, confs=<EMPTY_MAP>
2020-06-25 11:02:58,156 [pool-418-thread-1] INFO  server.RaftServerConfigKeys (ConfUtils.java:logGet(44)) - raft.server.storage.dir = [/github/workspace/mnt/ozone/hadoop-ozone/integration-test/target/test-dir/MiniOzoneClusterImpl-aa6a32bf-ecb8-457c-8a9c-777f344c5ca2/datanode-1/data/ratis] (custom)
2020-06-25 11:02:58,157 [pool-418-thread-1] INFO  server.RaftServerConfigKeys (ConfUtils.java:logGet(44)) - raft.server.log.corruption.policy = EXCEPTION (default)
2020-06-25 11:02:58,157 [pool-418-thread-1] INFO  storage.RaftStorageDirectory (RaftStorageDirectory.java:analyzeStorage(261)) - The storage directory /github/workspace/mnt/ozone/hadoop-ozone/integration-test/target/test-dir/MiniOzoneClusterImpl-aa6a32bf-ecb8-457c-8a9c-777f344c5ca2/datanode-1/data/ratis/db8d3902-6c92-4654-bb9c-8c4e2d739626 does not exist. Creating ...
2020-06-25 11:02:58,158 [pool-418-thread-1] INFO  storage.RaftStorageDirectory (RaftStorageDirectory.java:tryLock(343)) - Lock on /github/workspace/mnt/ozone/hadoop-ozone/integration-test/target/test-dir/MiniOzoneClusterImpl-aa6a32bf-ecb8-457c-8a9c-777f344c5ca2/datanode-1/data/ratis/db8d3902-6c92-4654-bb9c-8c4e2d739626/in_use.lock acquired by nodename 9717@da41f0c55cd9
2020-06-25 11:02:58,159 [pool-418-thread-1] INFO  storage.RaftStorage (RaftStorage.java:format(84)) - Storage directory /github/workspace/mnt/ozone/hadoop-ozone/integration-test/target/test-dir/MiniOzoneClusterImpl-aa6a32bf-ecb8-457c-8a9c-777f344c5ca2/datanode-1/data/ratis/db8d3902-6c92-4654-bb9c-8c4e2d739626 has been successfully formatted.
2020-06-25 11:02:58,162 [pool-418-thread-1] INFO  ratis.ContainerStateMachine (ContainerStateMachine.java:loadSnapshot(226)) - group-8C4E2D739626: The snapshot info is null. Setting the last applied indexto:(t:0, i:~)
2020-06-25 11:02:58,162 [pool-418-thread-1] INFO  server.RaftServerConfigKeys (ConfUtils.java:logGet(44)) - raft.server.notification.no-leader.timeout = 60s (default)
2020-06-25 11:02:58,162 [pool-418-thread-1] INFO  server.RaftServerConfigKeys (ConfUtils.java:logGet(44)) - raft.server.log.use.memory = false (default)
2020-06-25 11:02:58,162 [EventQueue-PipelineReportForPipelineReportHandler] INFO  pipeline.PipelineStateManager (PipelineStateManager.java:openPipeline(131)) - Pipeline Pipeline[ Id: db8d3902-6c92-4654-bb9c-8c4e2d739626, Nodes: 4a701bf3-65c5-4a6b-a9bd-8d146b70a3c5{ip: 172.17.0.2, host: da41f0c55cd9, networkLocation: /default-rack, certSerialId: null}, Type:RATIS, Factor:ONE, State:ALLOCATED, leaderId:4a701bf3-65c5-4a6b-a9bd-8d146b70a3c5, CreationTimestamp2020-06-25T11:02:55.141Z] moved to OPEN state
2020-06-25 11:02:58,163 [EventQueue-OpenPipelineForHealthyPipelineSafeModeRule] INFO  safemode.SCMSafeModeManager (HealthyPipelineSafeModeRule.java:process(132)) - SCM in safe mode. Healthy pipelines reported count is 0, required healthy pipeline reported count is 1
2020-06-25 11:02:58,163 [EventQueue-OpenPipelineForOneReplicaPipelineSafeModeRule] INFO  safemode.SCMSafeModeManager (SCMSafeModeManager.java:validateSafeModeExitRules(214)) - AtleastOneDatanodeReportedRule rule is successfully validated
2020-06-25 11:02:58,163 [pool-418-thread-1] INFO  server.RaftServerConfigKeys (ConfUtils.java:logGet(44)) - raft.server.log.purge.gap = 1000000 (custom)
2020-06-25 11:02:58,163 [pool-418-thread-1] INFO  server.RaftServerConfigKeys (ConfUtils.java:logGet(44)) - raft.server.log.appender.buffer.byte-limit = 33554432 (custom)
2020-06-25 11:02:58,164 [pool-418-thread-1] INFO  server.RaftServerConfigKeys (ConfUtils.java:logGet(44)) - raft.server.log.segment.size.max = 1048576 (custom)
2020-06-25 11:02:58,164 [pool-418-thread-1] INFO  metrics.RatisMetrics (RatisMetrics.java:lambda$create$0(36)) - Creating Metrics Registry : ratis.log_worker.4a701bf3-65c5-4a6b-a9bd-8d146b70a3c5@group-8C4E2D739626
2020-06-25 11:02:58,164 [pool-418-thread-1] INFO  server.RaftServerConfigKeys (ConfUtils.java:logGet(44)) - raft.server.log.segment.cache.num.max = 2 (custom)
2020-06-25 11:02:58,164 [pool-418-thread-1] INFO  segmented.SegmentedRaftLogWorker (SegmentedRaftLogWorker.java:<init>(180)) - new 4a701bf3-65c5-4a6b-a9bd-8d146b70a3c5@group-8C4E2D739626-SegmentedRaftLogWorker for RaftStorage:Storage Directory /github/workspace/mnt/ozone/hadoop-ozone/integration-test/target/test-dir/MiniOzoneClusterImpl-aa6a32bf-ecb8-457c-8a9c-777f344c5ca2/datanode-1/data/ratis/db8d3902-6c92-4654-bb9c-8c4e2d739626
2020-06-25 11:02:58,164 [pool-418-thread-1] INFO  server.RaftServerConfigKeys (ConfUtils.java:logGet(44)) - raft.server.log.queue.byte-limit = 2147483647 (custom)
2020-06-25 11:02:58,164 [pool-418-thread-1] INFO  server.RaftServerConfigKeys (ConfUtils.java:logGet(44)) - raft.server.log.queue.element-limit = 1024 (custom)
2020-06-25 11:02:58,164 [pool-418-thread-1] INFO  server.RaftServerConfigKeys (ConfUtils.java:logGet(44)) - raft.server.log.segment.size.max = 1048576 (custom)
2020-06-25 11:02:58,164 [pool-418-thread-1] INFO  server.RaftServerConfigKeys (ConfUtils.java:logGet(44)) - raft.server.log.preallocated.size = 16384 (custom)
2020-06-25 11:02:58,164 [pool-418-thread-1] INFO  server.RaftServerConfigKeys (ConfUtils.java:logGet(44)) - raft.server.log.write.buffer.size = 1048576 (custom)
2020-06-25 11:02:58,165 [pool-418-thread-1] INFO  server.RaftServerConfigKeys (ConfUtils.java:logGet(44)) - raft.server.log.force.sync.num = 128 (default)
2020-06-25 11:02:58,165 [pool-418-thread-1] INFO  server.RaftServerConfigKeys (ConfUtils.java:logGet(44)) - raft.server.log.statemachine.data.sync = true (default)
2020-06-25 11:02:58,165 [pool-418-thread-1] INFO  server.RaftServerConfigKeys (ConfUtils.java:logGet(44)) - raft.server.log.statemachine.data.sync.timeout = 10s (default)
2020-06-25 11:02:58,165 [pool-418-thread-1] INFO  server.RaftServerConfigKeys (ConfUtils.java:logGet(44)) - raft.server.log.statemachine.data.sync.timeout.retry = -1 (default)
2020-06-25 11:02:58,167 [pool-418-thread-1] INFO  server.RaftServerConfigKeys (ConfUtils.java:logGet(44)) - raft.server.log.statemachine.data.caching.enabled = true (custom)
2020-06-25 11:02:58,167 [pool-418-thread-1] INFO  segmented.SegmentedRaftLogWorker (SegmentedRaftLogWorker.java:lambda$new$0(129)) - 4a701bf3-65c5-4a6b-a9bd-8d146b70a3c5@group-8C4E2D739626-SegmentedRaftLogWorker: flushIndex: setUnconditionally 0 -> -1
2020-06-25 11:02:58,167 [pool-418-thread-1] INFO  segmented.SegmentedRaftLogWorker (SegmentedRaftLogWorker.java:lambda$new$0(129)) - 4a701bf3-65c5-4a6b-a9bd-8d146b70a3c5@group-8C4E2D739626-SegmentedRaftLogWorker: safeCacheEvictIndex: setUnconditionally 0 -> -1
2020-06-25 11:02:58,168 [pool-418-thread-1] INFO  server.RaftServerConfigKeys (ConfUtils.java:logGet(44)) - raft.server.snapshot.auto.trigger.enabled = true (custom)
2020-06-25 11:02:58,168 [pool-418-thread-1] INFO  server.RaftServerConfigKeys (ConfUtils.java:logGet(44)) - raft.server.snapshot.auto.trigger.threshold = 10000 (custom)
2020-06-25 11:02:58,168 [pool-418-thread-1] INFO  server.RaftServerConfigKeys (ConfUtils.java:logGet(44)) - raft.server.snapshot.retention.file.num = 5 (custom)
2020-06-25 11:02:58,168 [pool-418-thread-1] INFO  server.RaftServerConfigKeys (ConfUtils.java:logGet(44)) - raft.server.log.purge.upto.snapshot.index = false (default)
2020-06-25 11:02:58,168 [pool-418-thread-1] INFO  server.RaftServerConfigKeys (ConfUtils.java:logGet(44)) - raft.server.retrycache.expirytime = 600000ms (custom)
2020-06-25 11:02:58,168 [pool-418-thread-1] INFO  metrics.RatisMetrics (RatisMetrics.java:lambda$create$0(36)) - Creating Metrics Registry : ratis.leader_election.4a701bf3-65c5-4a6b-a9bd-8d146b70a3c5@group-8C4E2D739626
2020-06-25 11:02:58,168 [pool-418-thread-1] INFO  metrics.RatisMetrics (RatisMetrics.java:lambda$create$0(36)) - Creating Metrics Registry : ratis.server.4a701bf3-65c5-4a6b-a9bd-8d146b70a3c5@group-8C4E2D739626
2020-06-25 11:02:58,170 [pool-418-thread-1] INFO  impl.RaftServerImpl (RaftServerImpl.java:<init>(99)) - 4a701bf3-65c5-4a6b-a9bd-8d146b70a3c5: new RaftServerImpl for group-FA8FC8FC0B25:[41a654b2-66a7-4542-b2c0-cec1bd614880:172.17.0.2:32799, 4a701bf3-65c5-4a6b-a9bd-8d146b70a3c5:172.17.0.2:38859, 46f5dd17-f708-4f3a-b37a-c80b662a6b15:172.17.0.2:41277] with ContainerStateMachine:uninitialized
2020-06-25 11:02:58,170 [pool-418-thread-1] INFO  server.RaftServerConfigKeys (ConfUtils.java:logGet(44)) - raft.server.rpc.timeout.min = 5s (custom)
2020-06-25 11:02:58,170 [pool-418-thread-1] INFO  server.RaftServerConfigKeys (ConfUtils.java:logGet(44)) - raft.server.rpc.timeout.max = 5200ms (custom)
2020-06-25 11:02:58,170 [pool-418-thread-1] INFO  server.RaftServerConfigKeys (ConfUtils.java:logGet(44)) - raft.server.rpcslowness.timeout = 300s (custom)
2020-06-25 11:02:58,170 [pool-418-thread-1] INFO  server.RaftServerConfigKeys (ConfUtils.java:logGet(44)) - raft.server.sleep.deviation.threshold = 300 (default)
2020-06-25 11:02:58,170 [pool-418-thread-1] INFO  server.RaftServerConfigKeys (ConfUtils.java:logGet(44)) - raft.server.log.appender.install.snapshot.enabled = false (custom)
2020-06-25 11:02:58,171 [pool-418-thread-1] INFO  impl.RaftServerImpl (ServerState.java:<init>(103)) - 4a701bf3-65c5-4a6b-a9bd-8d146b70a3c5@group-FA8FC8FC0B25: ConfigurationManager, init=-1: [41a654b2-66a7-4542-b2c0-cec1bd614880:172.17.0.2:32799, 4a701bf3-65c5-4a6b-a9bd-8d146b70a3c5:172.17.0.2:38859, 46f5dd17-f708-4f3a-b37a-c80b662a6b15:172.17.0.2:41277], old=null, confs=<EMPTY_MAP>
2020-06-25 11:02:58,171 [pool-418-thread-1] INFO  server.RaftServerConfigKeys (ConfUtils.java:logGet(44)) - raft.server.storage.dir = [/github/workspace/mnt/ozone/hadoop-ozone/integration-test/target/test-dir/MiniOzoneClusterImpl-aa6a32bf-ecb8-457c-8a9c-777f344c5ca2/datanode-1/data/ratis] (custom)
2020-06-25 11:02:58,171 [pool-418-thread-1] INFO  server.RaftServerConfigKeys (ConfUtils.java:logGet(44)) - raft.server.log.corruption.policy = EXCEPTION (default)
2020-06-25 11:02:58,171 [pool-418-thread-1] INFO  storage.RaftStorageDirectory (RaftStorageDirectory.java:analyzeStorage(261)) - The storage directory /github/workspace/mnt/ozone/hadoop-ozone/integration-test/target/test-dir/MiniOzoneClusterImpl-aa6a32bf-ecb8-457c-8a9c-777f344c5ca2/datanode-1/data/ratis/653aa788-1352-49d8-9f60-fa8fc8fc0b25 does not exist. Creating ...
2020-06-25 11:02:58,172 [pool-418-thread-1] INFO  storage.RaftStorageDirectory (RaftStorageDirectory.java:tryLock(343)) - Lock on /github/workspace/mnt/ozone/hadoop-ozone/integration-test/target/test-dir/MiniOzoneClusterImpl-aa6a32bf-ecb8-457c-8a9c-777f344c5ca2/datanode-1/data/ratis/653aa788-1352-49d8-9f60-fa8fc8fc0b25/in_use.lock acquired by nodename 9717@da41f0c55cd9
2020-06-25 11:02:58,173 [pool-418-thread-1] INFO  storage.RaftStorage (RaftStorage.java:format(84)) - Storage directory /github/workspace/mnt/ozone/hadoop-ozone/integration-test/target/test-dir/MiniOzoneClusterImpl-aa6a32bf-ecb8-457c-8a9c-777f344c5ca2/datanode-1/data/ratis/653aa788-1352-49d8-9f60-fa8fc8fc0b25 has been successfully formatted.
2020-06-25 11:02:58,177 [pool-418-thread-1] INFO  ratis.ContainerStateMachine (ContainerStateMachine.java:loadSnapshot(226)) - group-FA8FC8FC0B25: The snapshot info is null. Setting the last applied indexto:(t:0, i:~)
2020-06-25 11:02:58,179 [pool-418-thread-1] INFO  server.RaftServerConfigKeys (ConfUtils.java:logGet(44)) - raft.server.notification.no-leader.timeout = 60s (default)
2020-06-25 11:02:58,179 [pool-418-thread-1] INFO  server.RaftServerConfigKeys (ConfUtils.java:logGet(44)) - raft.server.log.use.memory = false (default)
2020-06-25 11:02:58,179 [pool-418-thread-1] INFO  server.RaftServerConfigKeys (ConfUtils.java:logGet(44)) - raft.server.log.purge.gap = 1000000 (custom)
2020-06-25 11:02:58,179 [pool-418-thread-1] INFO  server.RaftServerConfigKeys (ConfUtils.java:logGet(44)) - raft.server.log.appender.buffer.byte-limit = 33554432 (custom)
2020-06-25 11:02:58,179 [pool-418-thread-1] INFO  server.RaftServerConfigKeys (ConfUtils.java:logGet(44)) - raft.server.log.segment.size.max = 1048576 (custom)
2020-06-25 11:02:58,179 [pool-418-thread-1] INFO  metrics.RatisMetrics (RatisMetrics.java:lambda$create$0(36)) - Creating Metrics Registry : ratis.log_worker.4a701bf3-65c5-4a6b-a9bd-8d146b70a3c5@group-FA8FC8FC0B25
2020-06-25 11:02:58,180 [pool-418-thread-1] INFO  server.RaftServerConfigKeys (ConfUtils.java:logGet(44)) - raft.server.log.segment.cache.num.max = 2 (custom)
2020-06-25 11:02:58,180 [pool-418-thread-1] INFO  segmented.SegmentedRaftLogWorker (SegmentedRaftLogWorker.java:<init>(180)) - new 4a701bf3-65c5-4a6b-a9bd-8d146b70a3c5@group-FA8FC8FC0B25-SegmentedRaftLogWorker for RaftStorage:Storage Directory /github/workspace/mnt/ozone/hadoop-ozone/integration-test/target/test-dir/MiniOzoneClusterImpl-aa6a32bf-ecb8-457c-8a9c-777f344c5ca2/datanode-1/data/ratis/653aa788-1352-49d8-9f60-fa8fc8fc0b25
2020-06-25 11:02:58,180 [pool-418-thread-1] INFO  server.RaftServerConfigKeys (ConfUtils.java:logGet(44)) - raft.server.log.queue.byte-limit = 2147483647 (custom)
2020-06-25 11:02:58,180 [pool-418-thread-1] INFO  server.RaftServerConfigKeys (ConfUtils.java:logGet(44)) - raft.server.log.queue.element-limit = 1024 (custom)
2020-06-25 11:02:58,180 [pool-418-thread-1] INFO  server.RaftServerConfigKeys (ConfUtils.java:logGet(44)) - raft.server.log.segment.size.max = 1048576 (custom)
2020-06-25 11:02:58,180 [pool-418-thread-1] INFO  server.RaftServerConfigKeys (ConfUtils.java:logGet(44)) - raft.server.log.preallocated.size = 16384 (custom)
2020-06-25 11:02:58,180 [pool-418-thread-1] INFO  server.RaftServerConfigKeys (ConfUtils.java:logGet(44)) - raft.server.log.write.buffer.size = 1048576 (custom)
2020-06-25 11:02:58,181 [pool-418-thread-1] INFO  server.RaftServerConfigKeys (ConfUtils.java:logGet(44)) - raft.server.log.force.sync.num = 128 (default)
2020-06-25 11:02:58,181 [pool-418-thread-1] INFO  server.RaftServerConfigKeys (ConfUtils.java:logGet(44)) - raft.server.log.statemachine.data.sync = true (default)
2020-06-25 11:02:58,181 [pool-418-thread-1] INFO  server.RaftServerConfigKeys (ConfUtils.java:logGet(44)) - raft.server.log.statemachine.data.sync.timeout = 10s (default)
2020-06-25 11:02:58,181 [pool-418-thread-1] INFO  server.RaftServerConfigKeys (ConfUtils.java:logGet(44)) - raft.server.log.statemachine.data.sync.timeout.retry = -1 (default)
2020-06-25 11:02:58,183 [pool-418-thread-1] INFO  server.RaftServerConfigKeys (ConfUtils.java:logGet(44)) - raft.server.log.statemachine.data.caching.enabled = true (custom)
2020-06-25 11:02:58,184 [pool-418-thread-1] INFO  segmented.SegmentedRaftLogWorker (SegmentedRaftLogWorker.java:lambda$new$0(129)) - 4a701bf3-65c5-4a6b-a9bd-8d146b70a3c5@group-FA8FC8FC0B25-SegmentedRaftLogWorker: flushIndex: setUnconditionally 0 -> -1
2020-06-25 11:02:58,184 [pool-418-thread-1] INFO  segmented.SegmentedRaftLogWorker (SegmentedRaftLogWorker.java:lambda$new$0(129)) - 4a701bf3-65c5-4a6b-a9bd-8d146b70a3c5@group-FA8FC8FC0B25-SegmentedRaftLogWorker: safeCacheEvictIndex: setUnconditionally 0 -> -1
2020-06-25 11:02:58,188 [pool-418-thread-1] INFO  server.RaftServerConfigKeys (ConfUtils.java:logGet(44)) - raft.server.snapshot.auto.trigger.enabled = true (custom)
2020-06-25 11:02:58,188 [pool-418-thread-1] INFO  server.RaftServerConfigKeys (ConfUtils.java:logGet(44)) - raft.server.snapshot.auto.trigger.threshold = 10000 (custom)
2020-06-25 11:02:58,188 [pool-418-thread-1] INFO  server.RaftServerConfigKeys (ConfUtils.java:logGet(44)) - raft.server.snapshot.retention.file.num = 5 (custom)
2020-06-25 11:02:58,188 [pool-418-thread-1] INFO  server.RaftServerConfigKeys (ConfUtils.java:logGet(44)) - raft.server.log.purge.upto.snapshot.index = false (default)
2020-06-25 11:02:58,188 [pool-418-thread-1] INFO  server.RaftServerConfigKeys (ConfUtils.java:logGet(44)) - raft.server.retrycache.expirytime = 600000ms (custom)
2020-06-25 11:02:58,188 [pool-418-thread-1] INFO  metrics.RatisMetrics (RatisMetrics.java:lambda$create$0(36)) - Creating Metrics Registry : ratis.leader_election.4a701bf3-65c5-4a6b-a9bd-8d146b70a3c5@group-FA8FC8FC0B25
2020-06-25 11:02:58,189 [pool-418-thread-1] INFO  metrics.RatisMetrics (RatisMetrics.java:lambda$create$0(36)) - Creating Metrics Registry : ratis.server.4a701bf3-65c5-4a6b-a9bd-8d146b70a3c5@group-FA8FC8FC0B25
2020-06-25 11:02:58,190 [pool-418-thread-1] INFO  impl.RaftServerImpl (RaftServerImpl.java:start(186)) - 4a701bf3-65c5-4a6b-a9bd-8d146b70a3c5@group-8C4E2D739626: start as a follower, conf=-1: [4a701bf3-65c5-4a6b-a9bd-8d146b70a3c5:172.17.0.2:38859], old=null
2020-06-25 11:02:58,190 [pool-418-thread-1] INFO  impl.RaftServerImpl (RaftServerImpl.java:setRole(175)) - 4a701bf3-65c5-4a6b-a9bd-8d146b70a3c5@group-8C4E2D739626: changes role from      null to FOLLOWER at term 0 for startAsFollower
2020-06-25 11:02:58,190 [pool-418-thread-1] INFO  impl.RoleInfo (RoleInfo.java:updateAndGet(143)) - 4a701bf3-65c5-4a6b-a9bd-8d146b70a3c5: start FollowerState
2020-06-25 11:02:58,191 [pool-418-thread-1] INFO  util.JmxRegister (JmxRegister.java:tryRegister(44)) - Successfully registered JMX Bean with object name Ratis:service=RaftServer,group=group-8C4E2D739626,id=4a701bf3-65c5-4a6b-a9bd-8d146b70a3c5
2020-06-25 11:02:58,191 [pool-418-thread-1] INFO  metrics.RatisMetrics (RatisMetrics.java:lambda$create$0(36)) - Creating Metrics Registry : ratis.state_machine.4a701bf3-65c5-4a6b-a9bd-8d146b70a3c5@group-8C4E2D739626
2020-06-25 11:02:58,191 [pool-418-thread-1] INFO  impl.RaftServerImpl (RaftServerImpl.java:start(186)) - 4a701bf3-65c5-4a6b-a9bd-8d146b70a3c5@group-FA8FC8FC0B25: start as a follower, conf=-1: [41a654b2-66a7-4542-b2c0-cec1bd614880:172.17.0.2:32799, 4a701bf3-65c5-4a6b-a9bd-8d146b70a3c5:172.17.0.2:38859, 46f5dd17-f708-4f3a-b37a-c80b662a6b15:172.17.0.2:41277], old=null
2020-06-25 11:02:58,191 [pool-418-thread-1] INFO  impl.RaftServerImpl (RaftServerImpl.java:setRole(175)) - 4a701bf3-65c5-4a6b-a9bd-8d146b70a3c5@group-FA8FC8FC0B25: changes role from      null to FOLLOWER at term 0 for startAsFollower
2020-06-25 11:02:58,191 [pool-418-thread-1] INFO  impl.RoleInfo (RoleInfo.java:updateAndGet(143)) - 4a701bf3-65c5-4a6b-a9bd-8d146b70a3c5: start FollowerState
2020-06-25 11:02:58,192 [Command processor thread] INFO  commandhandler.CreatePipelineCommandHandler (CreatePipelineCommandHandler.java:handle(109)) - Created Pipeline RATIS ONE #id: "db8d3902-6c92-4654-bb9c-8c4e2d739626"
.
2020-06-25 11:02:58,192 [pool-418-thread-1] INFO  util.JmxRegister (JmxRegister.java:tryRegister(44)) - Successfully registered JMX Bean with object name Ratis:service=RaftServer,group=group-FA8FC8FC0B25,id=4a701bf3-65c5-4a6b-a9bd-8d146b70a3c5
2020-06-25 11:02:58,192 [pool-418-thread-1] INFO  metrics.RatisMetrics (RatisMetrics.java:lambda$create$0(36)) - Creating Metrics Registry : ratis.state_machine.4a701bf3-65c5-4a6b-a9bd-8d146b70a3c5@group-FA8FC8FC0B25
2020-06-25 11:02:58,205 [Listener at 127.0.0.1/10636] INFO  ozone.MiniOzoneClusterImpl (MiniOzoneClusterImpl.java:lambda$waitForClusterToBeReady$0(177)) - Nodes are ready. Got 3 of 3 DN Heartbeats.
2020-06-25 11:02:58,205 [Listener at 127.0.0.1/10636] INFO  ozone.MiniOzoneClusterImpl (MiniOzoneClusterImpl.java:lambda$waitForClusterToBeReady$0(180)) - Waiting for cluster to exit safe mode
2020-06-25 11:02:58,220 [Command processor thread] INFO  impl.RaftServerProxy (RaftServerProxy.java:addNew(89)) - 41a654b2-66a7-4542-b2c0-cec1bd614880: addNew group-D47E886B75D4:[41a654b2-66a7-4542-b2c0-cec1bd614880:172.17.0.2:32799] returns group-D47E886B75D4:java.util.concurrent.CompletableFuture@193b90a3[Not completed]
2020-06-25 11:02:58,220 [grpc-default-executor-3] INFO  impl.RaftServerProxy (RaftServerProxy.java:addNew(89)) - 41a654b2-66a7-4542-b2c0-cec1bd614880: addNew group-FA8FC8FC0B25:[41a654b2-66a7-4542-b2c0-cec1bd614880:172.17.0.2:32799, 4a701bf3-65c5-4a6b-a9bd-8d146b70a3c5:172.17.0.2:38859, 46f5dd17-f708-4f3a-b37a-c80b662a6b15:172.17.0.2:41277] returns group-FA8FC8FC0B25:java.util.concurrent.CompletableFuture@278ccd42[Not completed]
2020-06-25 11:02:58,221 [pool-433-thread-1] INFO  impl.RaftServerImpl (RaftServerImpl.java:<init>(99)) - 41a654b2-66a7-4542-b2c0-cec1bd614880: new RaftServerImpl for group-D47E886B75D4:[41a654b2-66a7-4542-b2c0-cec1bd614880:172.17.0.2:32799] with ContainerStateMachine:uninitialized
2020-06-25 11:02:58,221 [pool-433-thread-1] INFO  server.RaftServerConfigKeys (ConfUtils.java:logGet(44)) - raft.server.rpc.timeout.min = 5s (custom)
2020-06-25 11:02:58,221 [pool-433-thread-1] INFO  server.RaftServerConfigKeys (ConfUtils.java:logGet(44)) - raft.server.rpc.timeout.max = 5200ms (custom)
2020-06-25 11:02:58,222 [pool-433-thread-1] INFO  server.RaftServerConfigKeys (ConfUtils.java:logGet(44)) - raft.server.rpcslowness.timeout = 300s (custom)
2020-06-25 11:02:58,222 [pool-433-thread-1] INFO  server.RaftServerConfigKeys (ConfUtils.java:logGet(44)) - raft.server.sleep.deviation.threshold = 300 (default)
2020-06-25 11:02:58,222 [pool-433-thread-1] INFO  server.RaftServerConfigKeys (ConfUtils.java:logGet(44)) - raft.server.log.appender.install.snapshot.enabled = false (custom)
2020-06-25 11:02:58,222 [pool-433-thread-1] INFO  impl.RaftServerImpl (ServerState.java:<init>(103)) - 41a654b2-66a7-4542-b2c0-cec1bd614880@group-D47E886B75D4: ConfigurationManager, init=-1: [41a654b2-66a7-4542-b2c0-cec1bd614880:172.17.0.2:32799], old=null, confs=<EMPTY_MAP>
2020-06-25 11:02:58,222 [pool-433-thread-1] INFO  server.RaftServerConfigKeys (ConfUtils.java:logGet(44)) - raft.server.storage.dir = [/github/workspace/mnt/ozone/hadoop-ozone/integration-test/target/test-dir/MiniOzoneClusterImpl-aa6a32bf-ecb8-457c-8a9c-777f344c5ca2/datanode-2/data/ratis] (custom)
2020-06-25 11:02:58,222 [pool-433-thread-1] INFO  server.RaftServerConfigKeys (ConfUtils.java:logGet(44)) - raft.server.log.corruption.policy = EXCEPTION (default)
2020-06-25 11:02:58,223 [pool-433-thread-1] INFO  storage.RaftStorageDirectory (RaftStorageDirectory.java:analyzeStorage(261)) - The storage directory /github/workspace/mnt/ozone/hadoop-ozone/integration-test/target/test-dir/MiniOzoneClusterImpl-aa6a32bf-ecb8-457c-8a9c-777f344c5ca2/datanode-2/data/ratis/bf67ef8b-32b3-4f1e-ac1f-d47e886b75d4 does not exist. Creating ...
2020-06-25 11:02:58,224 [pool-433-thread-1] INFO  storage.RaftStorageDirectory (RaftStorageDirectory.java:tryLock(343)) - Lock on /github/workspace/mnt/ozone/hadoop-ozone/integration-test/target/test-dir/MiniOzoneClusterImpl-aa6a32bf-ecb8-457c-8a9c-777f344c5ca2/datanode-2/data/ratis/bf67ef8b-32b3-4f1e-ac1f-d47e886b75d4/in_use.lock acquired by nodename 9717@da41f0c55cd9
2020-06-25 11:02:58,225 [pool-433-thread-1] INFO  storage.RaftStorage (RaftStorage.java:format(84)) - Storage directory /github/workspace/mnt/ozone/hadoop-ozone/integration-test/target/test-dir/MiniOzoneClusterImpl-aa6a32bf-ecb8-457c-8a9c-777f344c5ca2/datanode-2/data/ratis/bf67ef8b-32b3-4f1e-ac1f-d47e886b75d4 has been successfully formatted.
2020-06-25 11:02:58,226 [pool-433-thread-1] INFO  ratis.ContainerStateMachine (ContainerStateMachine.java:loadSnapshot(226)) - group-D47E886B75D4: The snapshot info is null. Setting the last applied indexto:(t:0, i:~)
2020-06-25 11:02:58,226 [pool-433-thread-1] INFO  server.RaftServerConfigKeys (ConfUtils.java:logGet(44)) - raft.server.notification.no-leader.timeout = 60s (default)
2020-06-25 11:02:58,226 [pool-433-thread-1] INFO  server.RaftServerConfigKeys (ConfUtils.java:logGet(44)) - raft.server.log.use.memory = false (default)
2020-06-25 11:02:58,227 [pool-433-thread-1] INFO  server.RaftServerConfigKeys (ConfUtils.java:logGet(44)) - raft.server.log.purge.gap = 1000000 (custom)
2020-06-25 11:02:58,227 [pool-433-thread-1] INFO  server.RaftServerConfigKeys (ConfUtils.java:logGet(44)) - raft.server.log.appender.buffer.byte-limit = 33554432 (custom)
2020-06-25 11:02:58,227 [EventQueue-PipelineReportForPipelineReportHandler] INFO  pipeline.PipelineStateManager (PipelineStateManager.java:openPipeline(131)) - Pipeline Pipeline[ Id: bf67ef8b-32b3-4f1e-ac1f-d47e886b75d4, Nodes: 41a654b2-66a7-4542-b2c0-cec1bd614880{ip: 172.17.0.2, host: da41f0c55cd9, networkLocation: /default-rack, certSerialId: null}, Type:RATIS, Factor:ONE, State:ALLOCATED, leaderId:41a654b2-66a7-4542-b2c0-cec1bd614880, CreationTimestamp2020-06-25T11:02:55.210Z] moved to OPEN state
2020-06-25 11:02:58,227 [pool-433-thread-1] INFO  server.RaftServerConfigKeys (ConfUtils.java:logGet(44)) - raft.server.log.segment.size.max = 1048576 (custom)
2020-06-25 11:02:58,228 [EventQueue-OpenPipelineForHealthyPipelineSafeModeRule] INFO  safemode.SCMSafeModeManager (HealthyPipelineSafeModeRule.java:process(132)) - SCM in safe mode. Healthy pipelines reported count is 0, required healthy pipeline reported count is 1
2020-06-25 11:02:58,228 [EventQueue-OpenPipelineForOneReplicaPipelineSafeModeRule] INFO  safemode.SCMSafeModeManager (SCMSafeModeManager.java:validateSafeModeExitRules(214)) - AtleastOneDatanodeReportedRule rule is successfully validated
2020-06-25 11:02:58,228 [pool-433-thread-1] INFO  metrics.RatisMetrics (RatisMetrics.java:lambda$create$0(36)) - Creating Metrics Registry : ratis.log_worker.41a654b2-66a7-4542-b2c0-cec1bd614880@group-D47E886B75D4
2020-06-25 11:02:58,228 [pool-433-thread-1] INFO  server.RaftServerConfigKeys (ConfUtils.java:logGet(44)) - raft.server.log.segment.cache.num.max = 2 (custom)
2020-06-25 11:02:58,228 [pool-433-thread-1] INFO  segmented.SegmentedRaftLogWorker (SegmentedRaftLogWorker.java:<init>(180)) - new 41a654b2-66a7-4542-b2c0-cec1bd614880@group-D47E886B75D4-SegmentedRaftLogWorker for RaftStorage:Storage Directory /github/workspace/mnt/ozone/hadoop-ozone/integration-test/target/test-dir/MiniOzoneClusterImpl-aa6a32bf-ecb8-457c-8a9c-777f344c5ca2/datanode-2/data/ratis/bf67ef8b-32b3-4f1e-ac1f-d47e886b75d4
2020-06-25 11:02:58,228 [pool-433-thread-1] INFO  server.RaftServerConfigKeys (ConfUtils.java:logGet(44)) - raft.server.log.queue.byte-limit = 2147483647 (custom)
2020-06-25 11:02:58,228 [pool-433-thread-1] INFO  server.RaftServerConfigKeys (ConfUtils.java:logGet(44)) - raft.server.log.queue.element-limit = 1024 (custom)
2020-06-25 11:02:58,229 [pool-433-thread-1] INFO  server.RaftServerConfigKeys (ConfUtils.java:logGet(44)) - raft.server.log.segment.size.max = 1048576 (custom)
2020-06-25 11:02:58,229 [pool-433-thread-1] INFO  server.RaftServerConfigKeys (ConfUtils.java:logGet(44)) - raft.server.log.preallocated.size = 16384 (custom)
2020-06-25 11:02:58,229 [pool-433-thread-1] INFO  server.RaftServerConfigKeys (ConfUtils.java:logGet(44)) - raft.server.log.write.buffer.size = 1048576 (custom)
2020-06-25 11:02:58,229 [pool-433-thread-1] INFO  server.RaftServerConfigKeys (ConfUtils.java:logGet(44)) - raft.server.log.force.sync.num = 128 (default)
2020-06-25 11:02:58,229 [pool-433-thread-1] INFO  server.RaftServerConfigKeys (ConfUtils.java:logGet(44)) - raft.server.log.statemachine.data.sync = true (default)
2020-06-25 11:02:58,229 [pool-433-thread-1] INFO  server.RaftServerConfigKeys (ConfUtils.java:logGet(44)) - raft.server.log.statemachine.data.sync.timeout = 10s (default)
2020-06-25 11:02:58,229 [pool-433-thread-1] INFO  server.RaftServerConfigKeys (ConfUtils.java:logGet(44)) - raft.server.log.statemachine.data.sync.timeout.retry = -1 (default)
2020-06-25 11:02:58,233 [pool-433-thread-1] INFO  server.RaftServerConfigKeys (ConfUtils.java:logGet(44)) - raft.server.log.statemachine.data.caching.enabled = true (custom)
2020-06-25 11:02:58,233 [pool-433-thread-1] INFO  segmented.SegmentedRaftLogWorker (SegmentedRaftLogWorker.java:lambda$new$0(129)) - 41a654b2-66a7-4542-b2c0-cec1bd614880@group-D47E886B75D4-SegmentedRaftLogWorker: flushIndex: setUnconditionally 0 -> -1
2020-06-25 11:02:58,233 [pool-433-thread-1] INFO  segmented.SegmentedRaftLogWorker (SegmentedRaftLogWorker.java:lambda$new$0(129)) - 41a654b2-66a7-4542-b2c0-cec1bd614880@group-D47E886B75D4-SegmentedRaftLogWorker: safeCacheEvictIndex: setUnconditionally 0 -> -1
2020-06-25 11:02:58,233 [pool-433-thread-1] INFO  server.RaftServerConfigKeys (ConfUtils.java:logGet(44)) - raft.server.snapshot.auto.trigger.enabled = true (custom)
2020-06-25 11:02:58,233 [pool-433-thread-1] INFO  server.RaftServerConfigKeys (ConfUtils.java:logGet(44)) - raft.server.snapshot.auto.trigger.threshold = 10000 (custom)
2020-06-25 11:02:58,234 [pool-433-thread-1] INFO  server.RaftServerConfigKeys (ConfUtils.java:logGet(44)) - raft.server.snapshot.retention.file.num = 5 (custom)
2020-06-25 11:02:58,234 [pool-433-thread-1] INFO  server.RaftServerConfigKeys (ConfUtils.java:logGet(44)) - raft.server.log.purge.upto.snapshot.index = false (default)
2020-06-25 11:02:58,234 [pool-433-thread-1] INFO  server.RaftServerConfigKeys (ConfUtils.java:logGet(44)) - raft.server.retrycache.expirytime = 600000ms (custom)
2020-06-25 11:02:58,234 [pool-433-thread-1] INFO  metrics.RatisMetrics (RatisMetrics.java:lambda$create$0(36)) - Creating Metrics Registry : ratis.leader_election.41a654b2-66a7-4542-b2c0-cec1bd614880@group-D47E886B75D4
2020-06-25 11:02:58,235 [pool-433-thread-1] INFO  metrics.RatisMetrics (RatisMetrics.java:lambda$create$0(36)) - Creating Metrics Registry : ratis.server.41a654b2-66a7-4542-b2c0-cec1bd614880@group-D47E886B75D4
2020-06-25 11:02:58,238 [pool-433-thread-1] INFO  impl.RaftServerImpl (RaftServerImpl.java:<init>(99)) - 41a654b2-66a7-4542-b2c0-cec1bd614880: new RaftServerImpl for group-FA8FC8FC0B25:[41a654b2-66a7-4542-b2c0-cec1bd614880:172.17.0.2:32799, 4a701bf3-65c5-4a6b-a9bd-8d146b70a3c5:172.17.0.2:38859, 46f5dd17-f708-4f3a-b37a-c80b662a6b15:172.17.0.2:41277] with ContainerStateMachine:uninitialized
2020-06-25 11:02:58,238 [pool-433-thread-1] INFO  server.RaftServerConfigKeys (ConfUtils.java:logGet(44)) - raft.server.rpc.timeout.min = 5s (custom)
2020-06-25 11:02:58,238 [pool-433-thread-1] INFO  server.RaftServerConfigKeys (ConfUtils.java:logGet(44)) - raft.server.rpc.timeout.max = 5200ms (custom)
2020-06-25 11:02:58,238 [pool-433-thread-1] INFO  server.RaftServerConfigKeys (ConfUtils.java:logGet(44)) - raft.server.rpcslowness.timeout = 300s (custom)
2020-06-25 11:02:58,238 [pool-433-thread-1] INFO  server.RaftServerConfigKeys (ConfUtils.java:logGet(44)) - raft.server.sleep.deviation.threshold = 300 (default)
2020-06-25 11:02:58,238 [pool-433-thread-1] INFO  server.RaftServerConfigKeys (ConfUtils.java:logGet(44)) - raft.server.log.appender.install.snapshot.enabled = false (custom)
2020-06-25 11:02:58,238 [pool-433-thread-1] INFO  impl.RaftServerImpl (ServerState.java:<init>(103)) - 41a654b2-66a7-4542-b2c0-cec1bd614880@group-FA8FC8FC0B25: ConfigurationManager, init=-1: [41a654b2-66a7-4542-b2c0-cec1bd614880:172.17.0.2:32799, 4a701bf3-65c5-4a6b-a9bd-8d146b70a3c5:172.17.0.2:38859, 46f5dd17-f708-4f3a-b37a-c80b662a6b15:172.17.0.2:41277], old=null, confs=<EMPTY_MAP>
2020-06-25 11:02:58,238 [pool-433-thread-1] INFO  server.RaftServerConfigKeys (ConfUtils.java:logGet(44)) - raft.server.storage.dir = [/github/workspace/mnt/ozone/hadoop-ozone/integration-test/target/test-dir/MiniOzoneClusterImpl-aa6a32bf-ecb8-457c-8a9c-777f344c5ca2/datanode-2/data/ratis] (custom)
2020-06-25 11:02:58,239 [pool-433-thread-1] INFO  server.RaftServerConfigKeys (ConfUtils.java:logGet(44)) - raft.server.log.corruption.policy = EXCEPTION (default)
2020-06-25 11:02:58,239 [pool-433-thread-1] INFO  storage.RaftStorageDirectory (RaftStorageDirectory.java:analyzeStorage(261)) - The storage directory /github/workspace/mnt/ozone/hadoop-ozone/integration-test/target/test-dir/MiniOzoneClusterImpl-aa6a32bf-ecb8-457c-8a9c-777f344c5ca2/datanode-2/data/ratis/653aa788-1352-49d8-9f60-fa8fc8fc0b25 does not exist. Creating ...
2020-06-25 11:02:58,240 [pool-433-thread-1] INFO  storage.RaftStorageDirectory (RaftStorageDirectory.java:tryLock(343)) - Lock on /github/workspace/mnt/ozone/hadoop-ozone/integration-test/target/test-dir/MiniOzoneClusterImpl-aa6a32bf-ecb8-457c-8a9c-777f344c5ca2/datanode-2/data/ratis/653aa788-1352-49d8-9f60-fa8fc8fc0b25/in_use.lock acquired by nodename 9717@da41f0c55cd9
2020-06-25 11:02:58,241 [pool-433-thread-1] INFO  storage.RaftStorage (RaftStorage.java:format(84)) - Storage directory /github/workspace/mnt/ozone/hadoop-ozone/integration-test/target/test-dir/MiniOzoneClusterImpl-aa6a32bf-ecb8-457c-8a9c-777f344c5ca2/datanode-2/data/ratis/653aa788-1352-49d8-9f60-fa8fc8fc0b25 has been successfully formatted.
2020-06-25 11:02:58,241 [pool-433-thread-1] INFO  ratis.ContainerStateMachine (ContainerStateMachine.java:loadSnapshot(226)) - group-FA8FC8FC0B25: The snapshot info is null. Setting the last applied indexto:(t:0, i:~)
2020-06-25 11:02:58,241 [pool-433-thread-1] INFO  server.RaftServerConfigKeys (ConfUtils.java:logGet(44)) - raft.server.notification.no-leader.timeout = 60s (default)
2020-06-25 11:02:58,241 [pool-433-thread-1] INFO  server.RaftServerConfigKeys (ConfUtils.java:logGet(44)) - raft.server.log.use.memory = false (default)
2020-06-25 11:02:58,241 [pool-433-thread-1] INFO  server.RaftServerConfigKeys (ConfUtils.java:logGet(44)) - raft.server.log.purge.gap = 1000000 (custom)
2020-06-25 11:02:58,242 [pool-433-thread-1] INFO  server.RaftServerConfigKeys (ConfUtils.java:logGet(44)) - raft.server.log.appender.buffer.byte-limit = 33554432 (custom)
2020-06-25 11:02:58,242 [pool-433-thread-1] INFO  server.RaftServerConfigKeys (ConfUtils.java:logGet(44)) - raft.server.log.segment.size.max = 1048576 (custom)
2020-06-25 11:02:58,242 [pool-433-thread-1] INFO  metrics.RatisMetrics (RatisMetrics.java:lambda$create$0(36)) - Creating Metrics Registry : ratis.log_worker.41a654b2-66a7-4542-b2c0-cec1bd614880@group-FA8FC8FC0B25
2020-06-25 11:02:58,242 [pool-433-thread-1] INFO  server.RaftServerConfigKeys (ConfUtils.java:logGet(44)) - raft.server.log.segment.cache.num.max = 2 (custom)
2020-06-25 11:02:58,242 [pool-433-thread-1] INFO  segmented.SegmentedRaftLogWorker (SegmentedRaftLogWorker.java:<init>(180)) - new 41a654b2-66a7-4542-b2c0-cec1bd614880@group-FA8FC8FC0B25-SegmentedRaftLogWorker for RaftStorage:Storage Directory /github/workspace/mnt/ozone/hadoop-ozone/integration-test/target/test-dir/MiniOzoneClusterImpl-aa6a32bf-ecb8-457c-8a9c-777f344c5ca2/datanode-2/data/ratis/653aa788-1352-49d8-9f60-fa8fc8fc0b25
2020-06-25 11:02:58,242 [pool-433-thread-1] INFO  server.RaftServerConfigKeys (ConfUtils.java:logGet(44)) - raft.server.log.queue.byte-limit = 2147483647 (custom)
2020-06-25 11:02:58,243 [pool-433-thread-1] INFO  server.RaftServerConfigKeys (ConfUtils.java:logGet(44)) - raft.server.log.queue.element-limit = 1024 (custom)
2020-06-25 11:02:58,243 [pool-433-thread-1] INFO  server.RaftServerConfigKeys (ConfUtils.java:logGet(44)) - raft.server.log.segment.size.max = 1048576 (custom)
2020-06-25 11:02:58,243 [pool-433-thread-1] INFO  server.RaftServerConfigKeys (ConfUtils.java:logGet(44)) - raft.server.log.preallocated.size = 16384 (custom)
2020-06-25 11:02:58,243 [pool-433-thread-1] INFO  server.RaftServerConfigKeys (ConfUtils.java:logGet(44)) - raft.server.log.write.buffer.size = 1048576 (custom)
2020-06-25 11:02:58,243 [pool-433-thread-1] INFO  server.RaftServerConfigKeys (ConfUtils.java:logGet(44)) - raft.server.log.force.sync.num = 128 (default)
2020-06-25 11:02:58,243 [pool-433-thread-1] INFO  server.RaftServerConfigKeys (ConfUtils.java:logGet(44)) - raft.server.log.statemachine.data.sync = true (default)
2020-06-25 11:02:58,243 [pool-433-thread-1] INFO  server.RaftServerConfigKeys (ConfUtils.java:logGet(44)) - raft.server.log.statemachine.data.sync.timeout = 10s (default)
2020-06-25 11:02:58,243 [pool-433-thread-1] INFO  server.RaftServerConfigKeys (ConfUtils.java:logGet(44)) - raft.server.log.statemachine.data.sync.timeout.retry = -1 (default)
2020-06-25 11:02:58,245 [pool-433-thread-1] INFO  server.RaftServerConfigKeys (ConfUtils.java:logGet(44)) - raft.server.log.statemachine.data.caching.enabled = true (custom)
2020-06-25 11:02:58,245 [pool-433-thread-1] INFO  segmented.SegmentedRaftLogWorker (SegmentedRaftLogWorker.java:lambda$new$0(129)) - 41a654b2-66a7-4542-b2c0-cec1bd614880@group-FA8FC8FC0B25-SegmentedRaftLogWorker: flushIndex: setUnconditionally 0 -> -1
2020-06-25 11:02:58,245 [pool-433-thread-1] INFO  segmented.SegmentedRaftLogWorker (SegmentedRaftLogWorker.java:lambda$new$0(129)) - 41a654b2-66a7-4542-b2c0-cec1bd614880@group-FA8FC8FC0B25-SegmentedRaftLogWorker: safeCacheEvictIndex: setUnconditionally 0 -> -1
2020-06-25 11:02:58,245 [pool-433-thread-1] INFO  server.RaftServerConfigKeys (ConfUtils.java:logGet(44)) - raft.server.snapshot.auto.trigger.enabled = true (custom)
2020-06-25 11:02:58,245 [pool-433-thread-1] INFO  server.RaftServerConfigKeys (ConfUtils.java:logGet(44)) - raft.server.snapshot.auto.trigger.threshold = 10000 (custom)
2020-06-25 11:02:58,246 [pool-433-thread-1] INFO  server.RaftServerConfigKeys (ConfUtils.java:logGet(44)) - raft.server.snapshot.retention.file.num = 5 (custom)
2020-06-25 11:02:58,246 [pool-433-thread-1] INFO  server.RaftServerConfigKeys (ConfUtils.java:logGet(44)) - raft.server.log.purge.upto.snapshot.index = false (default)
2020-06-25 11:02:58,246 [pool-433-thread-1] INFO  server.RaftServerConfigKeys (ConfUtils.java:logGet(44)) - raft.server.retrycache.expirytime = 600000ms (custom)
2020-06-25 11:02:58,246 [pool-433-thread-1] INFO  metrics.RatisMetrics (RatisMetrics.java:lambda$create$0(36)) - Creating Metrics Registry : ratis.leader_election.41a654b2-66a7-4542-b2c0-cec1bd614880@group-FA8FC8FC0B25
2020-06-25 11:02:58,249 [pool-433-thread-1] INFO  metrics.RatisMetrics (RatisMetrics.java:lambda$create$0(36)) - Creating Metrics Registry : ratis.server.41a654b2-66a7-4542-b2c0-cec1bd614880@group-FA8FC8FC0B25
2020-06-25 11:02:58,250 [pool-433-thread-1] INFO  impl.RaftServerImpl (RaftServerImpl.java:start(186)) - 41a654b2-66a7-4542-b2c0-cec1bd614880@group-D47E886B75D4: start as a follower, conf=-1: [41a654b2-66a7-4542-b2c0-cec1bd614880:172.17.0.2:32799], old=null
2020-06-25 11:02:58,250 [pool-433-thread-1] INFO  impl.RaftServerImpl (RaftServerImpl.java:setRole(175)) - 41a654b2-66a7-4542-b2c0-cec1bd614880@group-D47E886B75D4: changes role from      null to FOLLOWER at term 0 for startAsFollower
2020-06-25 11:02:58,250 [pool-433-thread-1] INFO  impl.RoleInfo (RoleInfo.java:updateAndGet(143)) - 41a654b2-66a7-4542-b2c0-cec1bd614880: start FollowerState
2020-06-25 11:02:58,250 [pool-433-thread-1] INFO  util.JmxRegister (JmxRegister.java:tryRegister(44)) - Successfully registered JMX Bean with object name Ratis:service=RaftServer,group=group-D47E886B75D4,id=41a654b2-66a7-4542-b2c0-cec1bd614880
2020-06-25 11:02:58,250 [pool-433-thread-1] INFO  metrics.RatisMetrics (RatisMetrics.java:lambda$create$0(36)) - Creating Metrics Registry : ratis.state_machine.41a654b2-66a7-4542-b2c0-cec1bd614880@group-D47E886B75D4
2020-06-25 11:02:58,251 [pool-433-thread-1] INFO  impl.RaftServerImpl (RaftServerImpl.java:start(186)) - 41a654b2-66a7-4542-b2c0-cec1bd614880@group-FA8FC8FC0B25: start as a follower, conf=-1: [41a654b2-66a7-4542-b2c0-cec1bd614880:172.17.0.2:32799, 4a701bf3-65c5-4a6b-a9bd-8d146b70a3c5:172.17.0.2:38859, 46f5dd17-f708-4f3a-b37a-c80b662a6b15:172.17.0.2:41277], old=null
2020-06-25 11:02:58,251 [pool-433-thread-1] INFO  impl.RaftServerImpl (RaftServerImpl.java:setRole(175)) - 41a654b2-66a7-4542-b2c0-cec1bd614880@group-FA8FC8FC0B25: changes role from      null to FOLLOWER at term 0 for startAsFollower
2020-06-25 11:02:58,251 [pool-433-thread-1] INFO  impl.RoleInfo (RoleInfo.java:updateAndGet(143)) - 41a654b2-66a7-4542-b2c0-cec1bd614880: start FollowerState
2020-06-25 11:02:58,251 [Command processor thread] INFO  commandhandler.CreatePipelineCommandHandler (CreatePipelineCommandHandler.java:handle(109)) - Created Pipeline RATIS ONE #id: "bf67ef8b-32b3-4f1e-ac1f-d47e886b75d4"
.
2020-06-25 11:02:58,252 [pool-433-thread-1] INFO  util.JmxRegister (JmxRegister.java:tryRegister(44)) - Successfully registered JMX Bean with object name Ratis:service=RaftServer,group=group-FA8FC8FC0B25,id=41a654b2-66a7-4542-b2c0-cec1bd614880
2020-06-25 11:02:58,252 [pool-433-thread-1] INFO  metrics.RatisMetrics (RatisMetrics.java:lambda$create$0(36)) - Creating Metrics Registry : ratis.state_machine.41a654b2-66a7-4542-b2c0-cec1bd614880@group-FA8FC8FC0B25
2020-06-25 11:02:58,261 [Command processor thread] INFO  commandhandler.CreatePipelineCommandHandler (CreatePipelineCommandHandler.java:handle(109)) - Created Pipeline RATIS THREE #id: "653aa788-1352-49d8-9f60-fa8fc8fc0b25"
.
2020-06-25 11:02:58,286 [grpc-default-executor-3] INFO  ratis.OzoneManagerStateMachine (OzoneManagerStateMachine.java:getLatestSnapshot(147)) - Latest Snapshot Info 0#-1
2020-06-25 11:02:58,286 [grpc-default-executor-6] INFO  ratis.OzoneManagerStateMachine (OzoneManagerStateMachine.java:getLatestSnapshot(147)) - Latest Snapshot Info 0#-1
2020-06-25 11:02:58,287 [grpc-default-executor-3] DEBUG server.GrpcLogAppender (GrpcLogAppender.java:onNext(257)) - omNode-1@group-523986131536->omNode-2-AppendLogResponseHandler: received a reply omNode-1<-omNode-2#14:OK,SUCCESS,nextIndex:1,term:1,followerCommit:0, request=AppendEntriesRequest:cid=14,entriesCount=0,lastEntry=null
2020-06-25 11:02:58,288 [grpc-default-executor-6] DEBUG server.GrpcLogAppender (GrpcLogAppender.java:onNext(257)) - omNode-1@group-523986131536->omNode-3-AppendLogResponseHandler: received a reply omNode-1<-omNode-3#14:OK,SUCCESS,nextIndex:1,term:1,followerCommit:0, request=AppendEntriesRequest:cid=14,entriesCount=0,lastEntry=null
2020-06-25 11:02:58,788 [grpc-default-executor-6] INFO  ratis.OzoneManagerStateMachine (OzoneManagerStateMachine.java:getLatestSnapshot(147)) - Latest Snapshot Info 0#-1
2020-06-25 11:02:58,788 [grpc-default-executor-3] INFO  ratis.OzoneManagerStateMachine (OzoneManagerStateMachine.java:getLatestSnapshot(147)) - Latest Snapshot Info 0#-1
2020-06-25 11:02:58,789 [grpc-default-executor-3] DEBUG server.GrpcLogAppender (GrpcLogAppender.java:onNext(257)) - omNode-1@group-523986131536->omNode-3-AppendLogResponseHandler: received a reply omNode-1<-omNode-3#15:OK,SUCCESS,nextIndex:1,term:1,followerCommit:0, request=AppendEntriesRequest:cid=15,entriesCount=0,lastEntry=null
2020-06-25 11:02:58,790 [grpc-default-executor-3] DEBUG server.GrpcLogAppender (GrpcLogAppender.java:onNext(257)) - omNode-1@group-523986131536->omNode-2-AppendLogResponseHandler: received a reply omNode-1<-omNode-2#15:OK,SUCCESS,nextIndex:1,term:1,followerCommit:0, request=AppendEntriesRequest:cid=15,entriesCount=0,lastEntry=null
2020-06-25 11:02:59,205 [Listener at 127.0.0.1/10636] INFO  ozone.MiniOzoneClusterImpl (MiniOzoneClusterImpl.java:lambda$waitForClusterToBeReady$0(177)) - Nodes are ready. Got 3 of 3 DN Heartbeats.
2020-06-25 11:02:59,205 [Listener at 127.0.0.1/10636] INFO  ozone.MiniOzoneClusterImpl (MiniOzoneClusterImpl.java:lambda$waitForClusterToBeReady$0(180)) - Waiting for cluster to exit safe mode
2020-06-25 11:02:59,290 [grpc-default-executor-3] INFO  ratis.OzoneManagerStateMachine (OzoneManagerStateMachine.java:getLatestSnapshot(147)) - Latest Snapshot Info 0#-1
2020-06-25 11:02:59,291 [grpc-default-executor-3] INFO  ratis.OzoneManagerStateMachine (OzoneManagerStateMachine.java:getLatestSnapshot(147)) - Latest Snapshot Info 0#-1
2020-06-25 11:02:59,292 [grpc-default-executor-3] DEBUG server.GrpcLogAppender (GrpcLogAppender.java:onNext(257)) - omNode-1@group-523986131536->omNode-3-AppendLogResponseHandler: received a reply omNode-1<-omNode-3#16:OK,SUCCESS,nextIndex:1,term:1,followerCommit:0, request=AppendEntriesRequest:cid=16,entriesCount=0,lastEntry=null
2020-06-25 11:02:59,292 [grpc-default-executor-3] DEBUG server.GrpcLogAppender (GrpcLogAppender.java:onNext(257)) - omNode-1@group-523986131536->omNode-2-AppendLogResponseHandler: received a reply omNode-1<-omNode-2#16:OK,SUCCESS,nextIndex:1,term:1,followerCommit:0, request=AppendEntriesRequest:cid=16,entriesCount=0,lastEntry=null
2020-06-25 11:02:59,793 [grpc-default-executor-3] INFO  ratis.OzoneManagerStateMachine (OzoneManagerStateMachine.java:getLatestSnapshot(147)) - Latest Snapshot Info 0#-1
2020-06-25 11:02:59,793 [grpc-default-executor-6] INFO  ratis.OzoneManagerStateMachine (OzoneManagerStateMachine.java:getLatestSnapshot(147)) - Latest Snapshot Info 0#-1
2020-06-25 11:02:59,794 [grpc-default-executor-6] DEBUG server.GrpcLogAppender (GrpcLogAppender.java:onNext(257)) - omNode-1@group-523986131536->omNode-3-AppendLogResponseHandler: received a reply omNode-1<-omNode-3#17:OK,SUCCESS,nextIndex:1,term:1,followerCommit:0, request=AppendEntriesRequest:cid=17,entriesCount=0,lastEntry=null
2020-06-25 11:02:59,794 [grpc-default-executor-6] DEBUG server.GrpcLogAppender (GrpcLogAppender.java:onNext(257)) - omNode-1@group-523986131536->omNode-2-AppendLogResponseHandler: received a reply omNode-1<-omNode-2#17:OK,SUCCESS,nextIndex:1,term:1,followerCommit:0, request=AppendEntriesRequest:cid=17,entriesCount=0,lastEntry=null
2020-06-25 11:03:00,206 [Listener at 127.0.0.1/10636] INFO  ozone.MiniOzoneClusterImpl (MiniOzoneClusterImpl.java:lambda$waitForClusterToBeReady$0(177)) - Nodes are ready. Got 3 of 3 DN Heartbeats.
2020-06-25 11:03:00,206 [Listener at 127.0.0.1/10636] INFO  ozone.MiniOzoneClusterImpl (MiniOzoneClusterImpl.java:lambda$waitForClusterToBeReady$0(180)) - Waiting for cluster to exit safe mode
2020-06-25 11:03:00,295 [grpc-default-executor-6] INFO  ratis.OzoneManagerStateMachine (OzoneManagerStateMachine.java:getLatestSnapshot(147)) - Latest Snapshot Info 0#-1
2020-06-25 11:03:00,295 [grpc-default-executor-3] INFO  ratis.OzoneManagerStateMachine (OzoneManagerStateMachine.java:getLatestSnapshot(147)) - Latest Snapshot Info 0#-1
2020-06-25 11:03:00,296 [grpc-default-executor-6] DEBUG server.GrpcLogAppender (GrpcLogAppender.java:onNext(257)) - omNode-1@group-523986131536->omNode-3-AppendLogResponseHandler: received a reply omNode-1<-omNode-3#18:OK,SUCCESS,nextIndex:1,term:1,followerCommit:0, request=AppendEntriesRequest:cid=18,entriesCount=0,lastEntry=null
2020-06-25 11:03:00,297 [grpc-default-executor-3] DEBUG server.GrpcLogAppender (GrpcLogAppender.java:onNext(257)) - omNode-1@group-523986131536->omNode-2-AppendLogResponseHandler: received a reply omNode-1<-omNode-2#18:OK,SUCCESS,nextIndex:1,term:1,followerCommit:0, request=AppendEntriesRequest:cid=18,entriesCount=0,lastEntry=null
2020-06-25 11:03:00,798 [grpc-default-executor-3] INFO  ratis.OzoneManagerStateMachine (OzoneManagerStateMachine.java:getLatestSnapshot(147)) - Latest Snapshot Info 0#-1
2020-06-25 11:03:00,798 [grpc-default-executor-6] INFO  ratis.OzoneManagerStateMachine (OzoneManagerStateMachine.java:getLatestSnapshot(147)) - Latest Snapshot Info 0#-1
2020-06-25 11:03:00,799 [grpc-default-executor-6] DEBUG server.GrpcLogAppender (GrpcLogAppender.java:onNext(257)) - omNode-1@group-523986131536->omNode-3-AppendLogResponseHandler: received a reply omNode-1<-omNode-3#19:OK,SUCCESS,nextIndex:1,term:1,followerCommit:0, request=AppendEntriesRequest:cid=19,entriesCount=0,lastEntry=null
2020-06-25 11:03:00,800 [grpc-default-executor-6] DEBUG server.GrpcLogAppender (GrpcLogAppender.java:onNext(257)) - omNode-1@group-523986131536->omNode-2-AppendLogResponseHandler: received a reply omNode-1<-omNode-2#19:OK,SUCCESS,nextIndex:1,term:1,followerCommit:0, request=AppendEntriesRequest:cid=19,entriesCount=0,lastEntry=null
2020-06-25 11:03:01,206 [Listener at 127.0.0.1/10636] INFO  ozone.MiniOzoneClusterImpl (MiniOzoneClusterImpl.java:lambda$waitForClusterToBeReady$0(177)) - Nodes are ready. Got 3 of 3 DN Heartbeats.
2020-06-25 11:03:01,206 [Listener at 127.0.0.1/10636] INFO  ozone.MiniOzoneClusterImpl (MiniOzoneClusterImpl.java:lambda$waitForClusterToBeReady$0(180)) - Waiting for cluster to exit safe mode
2020-06-25 11:03:01,300 [grpc-default-executor-6] INFO  ratis.OzoneManagerStateMachine (OzoneManagerStateMachine.java:getLatestSnapshot(147)) - Latest Snapshot Info 0#-1
2020-06-25 11:03:01,301 [grpc-default-executor-3] INFO  ratis.OzoneManagerStateMachine (OzoneManagerStateMachine.java:getLatestSnapshot(147)) - Latest Snapshot Info 0#-1
2020-06-25 11:03:01,301 [grpc-default-executor-3] DEBUG server.GrpcLogAppender (GrpcLogAppender.java:onNext(257)) - omNode-1@group-523986131536->omNode-3-AppendLogResponseHandler: received a reply omNode-1<-omNode-3#20:OK,SUCCESS,nextIndex:1,term:1,followerCommit:0, request=AppendEntriesRequest:cid=20,entriesCount=0,lastEntry=null
2020-06-25 11:03:01,303 [grpc-default-executor-3] DEBUG server.GrpcLogAppender (GrpcLogAppender.java:onNext(257)) - omNode-1@group-523986131536->omNode-2-AppendLogResponseHandler: received a reply omNode-1<-omNode-2#20:OK,SUCCESS,nextIndex:1,term:1,followerCommit:0, request=AppendEntriesRequest:cid=20,entriesCount=0,lastEntry=null
2020-06-25 11:03:01,803 [grpc-default-executor-3] INFO  ratis.OzoneManagerStateMachine (OzoneManagerStateMachine.java:getLatestSnapshot(147)) - Latest Snapshot Info 0#-1
2020-06-25 11:03:01,804 [grpc-default-executor-3] INFO  ratis.OzoneManagerStateMachine (OzoneManagerStateMachine.java:getLatestSnapshot(147)) - Latest Snapshot Info 0#-1
2020-06-25 11:03:01,804 [grpc-default-executor-3] DEBUG server.GrpcLogAppender (GrpcLogAppender.java:onNext(257)) - omNode-1@group-523986131536->omNode-3-AppendLogResponseHandler: received a reply omNode-1<-omNode-3#21:OK,SUCCESS,nextIndex:1,term:1,followerCommit:0, request=AppendEntriesRequest:cid=21,entriesCount=0,lastEntry=null
2020-06-25 11:03:01,805 [grpc-default-executor-3] DEBUG server.GrpcLogAppender (GrpcLogAppender.java:onNext(257)) - omNode-1@group-523986131536->omNode-2-AppendLogResponseHandler: received a reply omNode-1<-omNode-2#21:OK,SUCCESS,nextIndex:1,term:1,followerCommit:0, request=AppendEntriesRequest:cid=21,entriesCount=0,lastEntry=null
2020-06-25 11:03:02,206 [Listener at 127.0.0.1/10636] INFO  ozone.MiniOzoneClusterImpl (MiniOzoneClusterImpl.java:lambda$waitForClusterToBeReady$0(177)) - Nodes are ready. Got 3 of 3 DN Heartbeats.
2020-06-25 11:03:02,207 [Listener at 127.0.0.1/10636] INFO  ozone.MiniOzoneClusterImpl (MiniOzoneClusterImpl.java:lambda$waitForClusterToBeReady$0(180)) - Waiting for cluster to exit safe mode
2020-06-25 11:03:02,306 [grpc-default-executor-3] INFO  ratis.OzoneManagerStateMachine (OzoneManagerStateMachine.java:getLatestSnapshot(147)) - Latest Snapshot Info 0#-1
2020-06-25 11:03:02,307 [grpc-default-executor-3] INFO  ratis.OzoneManagerStateMachine (OzoneManagerStateMachine.java:getLatestSnapshot(147)) - Latest Snapshot Info 0#-1
2020-06-25 11:03:02,307 [grpc-default-executor-3] DEBUG server.GrpcLogAppender (GrpcLogAppender.java:onNext(257)) - omNode-1@group-523986131536->omNode-3-AppendLogResponseHandler: received a reply omNode-1<-omNode-3#22:OK,SUCCESS,nextIndex:1,term:1,followerCommit:0, request=AppendEntriesRequest:cid=22,entriesCount=0,lastEntry=null
2020-06-25 11:03:02,308 [grpc-default-executor-3] DEBUG server.GrpcLogAppender (GrpcLogAppender.java:onNext(257)) - omNode-1@group-523986131536->omNode-2-AppendLogResponseHandler: received a reply omNode-1<-omNode-2#22:OK,SUCCESS,nextIndex:1,term:1,followerCommit:0, request=AppendEntriesRequest:cid=22,entriesCount=0,lastEntry=null
2020-06-25 11:03:02,808 [grpc-default-executor-3] INFO  ratis.OzoneManagerStateMachine (OzoneManagerStateMachine.java:getLatestSnapshot(147)) - Latest Snapshot Info 0#-1
2020-06-25 11:03:02,809 [grpc-default-executor-6] INFO  ratis.OzoneManagerStateMachine (OzoneManagerStateMachine.java:getLatestSnapshot(147)) - Latest Snapshot Info 0#-1
2020-06-25 11:03:02,810 [grpc-default-executor-6] DEBUG server.GrpcLogAppender (GrpcLogAppender.java:onNext(257)) - omNode-1@group-523986131536->omNode-3-AppendLogResponseHandler: received a reply omNode-1<-omNode-3#23:OK,SUCCESS,nextIndex:1,term:1,followerCommit:0, request=AppendEntriesRequest:cid=23,entriesCount=0,lastEntry=null
2020-06-25 11:03:02,811 [grpc-default-executor-6] DEBUG server.GrpcLogAppender (GrpcLogAppender.java:onNext(257)) - omNode-1@group-523986131536->omNode-2-AppendLogResponseHandler: received a reply omNode-1<-omNode-2#23:OK,SUCCESS,nextIndex:1,term:1,followerCommit:0, request=AppendEntriesRequest:cid=23,entriesCount=0,lastEntry=null
2020-06-25 11:03:03,133 [Thread-1699] INFO  impl.FollowerState (FollowerState.java:run(108)) - 46f5dd17-f708-4f3a-b37a-c80b662a6b15@group-632C14077B12-FollowerState: change to CANDIDATE, lastRpcTime:5014ms, electionTimeout:5013ms
2020-06-25 11:03:03,133 [Thread-1699] INFO  impl.RoleInfo (RoleInfo.java:shutdownFollowerState(121)) - 46f5dd17-f708-4f3a-b37a-c80b662a6b15: shutdown FollowerState
2020-06-25 11:03:03,134 [Thread-1699] INFO  impl.RaftServerImpl (RaftServerImpl.java:setRole(175)) - 46f5dd17-f708-4f3a-b37a-c80b662a6b15@group-632C14077B12: changes role from  FOLLOWER to CANDIDATE at term 0 for changeToCandidate
2020-06-25 11:03:03,134 [Thread-1699] INFO  impl.RoleInfo (RoleInfo.java:updateAndGet(143)) - 46f5dd17-f708-4f3a-b37a-c80b662a6b15: start LeaderElection
2020-06-25 11:03:03,137 [46f5dd17-f708-4f3a-b37a-c80b662a6b15@group-632C14077B12-LeaderElection23] INFO  impl.LeaderElection (LeaderElection.java:askForVotes(206)) - 46f5dd17-f708-4f3a-b37a-c80b662a6b15@group-632C14077B12-LeaderElection23: begin an election at term 1 for -1: [46f5dd17-f708-4f3a-b37a-c80b662a6b15:172.17.0.2:41277], old=null
2020-06-25 11:03:03,137 [46f5dd17-f708-4f3a-b37a-c80b662a6b15@group-632C14077B12-LeaderElection23] INFO  impl.RoleInfo (RoleInfo.java:shutdownLeaderElection(134)) - 46f5dd17-f708-4f3a-b37a-c80b662a6b15: shutdown LeaderElection
2020-06-25 11:03:03,137 [46f5dd17-f708-4f3a-b37a-c80b662a6b15@group-632C14077B12-LeaderElection23] INFO  impl.RaftServerImpl (RaftServerImpl.java:setRole(175)) - 46f5dd17-f708-4f3a-b37a-c80b662a6b15@group-632C14077B12: changes role from CANDIDATE to LEADER at term 1 for changeToLeader
2020-06-25 11:03:03,137 [46f5dd17-f708-4f3a-b37a-c80b662a6b15@group-632C14077B12-LeaderElection23] INFO  ratis.XceiverServerRatis (XceiverServerRatis.java:handleLeaderChangedNotification(762)) - Leader change notification received for group: group-632C14077B12 with new leaderId: 46f5dd17-f708-4f3a-b37a-c80b662a6b15
2020-06-25 11:03:03,137 [46f5dd17-f708-4f3a-b37a-c80b662a6b15@group-632C14077B12-LeaderElection23] INFO  impl.RaftServerImpl (ServerState.java:setLeader(255)) - 46f5dd17-f708-4f3a-b37a-c80b662a6b15@group-632C14077B12: change Leader from null to 46f5dd17-f708-4f3a-b37a-c80b662a6b15 at term 1 for becomeLeader, leader elected after 5039ms
2020-06-25 11:03:03,137 [46f5dd17-f708-4f3a-b37a-c80b662a6b15@group-632C14077B12-LeaderElection23] INFO  server.RaftServerConfigKeys (ConfUtils.java:logGet(44)) - raft.server.staging.catchup.gap = 1000 (default)
2020-06-25 11:03:03,138 [46f5dd17-f708-4f3a-b37a-c80b662a6b15@group-632C14077B12-LeaderElection23] INFO  server.RaftServerConfigKeys (ConfUtils.java:logGet(44)) - raft.server.rpc.sleep.time = 25ms (default)
2020-06-25 11:03:03,138 [46f5dd17-f708-4f3a-b37a-c80b662a6b15@group-632C14077B12-LeaderElection23] INFO  metrics.RatisMetrics (RatisMetrics.java:lambda$create$0(36)) - Creating Metrics Registry : ratis.log_appender.46f5dd17-f708-4f3a-b37a-c80b662a6b15@group-632C14077B12
2020-06-25 11:03:03,138 [46f5dd17-f708-4f3a-b37a-c80b662a6b15@group-632C14077B12-LeaderElection23] INFO  server.RaftServerConfigKeys (ConfUtils.java:logGet(44)) - raft.server.write.element-limit = 1024 (custom)
2020-06-25 11:03:03,138 [46f5dd17-f708-4f3a-b37a-c80b662a6b15@group-632C14077B12-LeaderElection23] INFO  server.RaftServerConfigKeys (ConfUtils.java:logGet(44)) - raft.server.write.byte-limit = 1073741824 (custom)
2020-06-25 11:03:03,139 [46f5dd17-f708-4f3a-b37a-c80b662a6b15@group-632C14077B12-LeaderElection23] INFO  server.RaftServerConfigKeys (ConfUtils.java:logGet(44)) - raft.server.watch.timeout = 180s (custom)
2020-06-25 11:03:03,139 [46f5dd17-f708-4f3a-b37a-c80b662a6b15@group-632C14077B12-LeaderElection23] INFO  server.RaftServerConfigKeys (ConfUtils.java:logGet(44)) - raft.server.watch.timeout.denomination = 1s (default)
2020-06-25 11:03:03,139 [46f5dd17-f708-4f3a-b37a-c80b662a6b15@group-632C14077B12-LeaderElection23] INFO  server.RaftServerConfigKeys (ConfUtils.java:logGet(44)) - raft.server.watch.element-limit = 65536 (default)
2020-06-25 11:03:03,139 [46f5dd17-f708-4f3a-b37a-c80b662a6b15@group-632C14077B12-LeaderElection23] INFO  impl.RoleInfo (RoleInfo.java:updateAndGet(143)) - 46f5dd17-f708-4f3a-b37a-c80b662a6b15: start LeaderState
2020-06-25 11:03:03,140 [46f5dd17-f708-4f3a-b37a-c80b662a6b15@group-632C14077B12-LeaderElection23] INFO  segmented.SegmentedRaftLogWorker (SegmentedRaftLogWorker.java:startLogSegment(397)) - 46f5dd17-f708-4f3a-b37a-c80b662a6b15@group-632C14077B12-SegmentedRaftLogWorker: Starting segment from index:0
2020-06-25 11:03:03,141 [46f5dd17-f708-4f3a-b37a-c80b662a6b15@group-632C14077B12-LeaderElection23] INFO  impl.RaftServerImpl (ServerState.java:setRaftConf(356)) - 46f5dd17-f708-4f3a-b37a-c80b662a6b15@group-632C14077B12: set configuration 0: [46f5dd17-f708-4f3a-b37a-c80b662a6b15:172.17.0.2:41277], old=null at 0
2020-06-25 11:03:03,143 [46f5dd17-f708-4f3a-b37a-c80b662a6b15@group-632C14077B12-SegmentedRaftLogWorker] INFO  segmented.SegmentedRaftLogWorker (SegmentedRaftLogWorker.java:execute(596)) - 46f5dd17-f708-4f3a-b37a-c80b662a6b15@group-632C14077B12-SegmentedRaftLogWorker: created new log segment /github/workspace/mnt/ozone/hadoop-ozone/integration-test/target/test-dir/MiniOzoneClusterImpl-aa6a32bf-ecb8-457c-8a9c-777f344c5ca2/datanode-0/data/ratis/2e3d01d9-12cd-46b0-a3c8-632c14077b12/current/log_inprogress_0
2020-06-25 11:03:03,207 [Listener at 127.0.0.1/10636] INFO  ozone.MiniOzoneClusterImpl (MiniOzoneClusterImpl.java:lambda$waitForClusterToBeReady$0(177)) - Nodes are ready. Got 3 of 3 DN Heartbeats.
2020-06-25 11:03:03,207 [Listener at 127.0.0.1/10636] INFO  ozone.MiniOzoneClusterImpl (MiniOzoneClusterImpl.java:lambda$waitForClusterToBeReady$0(180)) - Waiting for cluster to exit safe mode
2020-06-25 11:03:03,280 [Thread-1704] INFO  impl.FollowerState (FollowerState.java:run(108)) - 4a701bf3-65c5-4a6b-a9bd-8d146b70a3c5@group-8C4E2D739626-FollowerState: change to CANDIDATE, lastRpcTime:5090ms, electionTimeout:5089ms
2020-06-25 11:03:03,281 [Thread-1704] INFO  impl.RoleInfo (RoleInfo.java:shutdownFollowerState(121)) - 4a701bf3-65c5-4a6b-a9bd-8d146b70a3c5: shutdown FollowerState
2020-06-25 11:03:03,281 [Thread-1704] INFO  impl.RaftServerImpl (RaftServerImpl.java:setRole(175)) - 4a701bf3-65c5-4a6b-a9bd-8d146b70a3c5@group-8C4E2D739626: changes role from  FOLLOWER to CANDIDATE at term 0 for changeToCandidate
2020-06-25 11:03:03,281 [Thread-1704] INFO  impl.RoleInfo (RoleInfo.java:updateAndGet(143)) - 4a701bf3-65c5-4a6b-a9bd-8d146b70a3c5: start LeaderElection
2020-06-25 11:03:03,292 [4a701bf3-65c5-4a6b-a9bd-8d146b70a3c5@group-8C4E2D739626-LeaderElection24] INFO  impl.LeaderElection (LeaderElection.java:askForVotes(206)) - 4a701bf3-65c5-4a6b-a9bd-8d146b70a3c5@group-8C4E2D739626-LeaderElection24: begin an election at term 1 for -1: [4a701bf3-65c5-4a6b-a9bd-8d146b70a3c5:172.17.0.2:38859], old=null
2020-06-25 11:03:03,292 [4a701bf3-65c5-4a6b-a9bd-8d146b70a3c5@group-8C4E2D739626-LeaderElection24] INFO  impl.RoleInfo (RoleInfo.java:shutdownLeaderElection(134)) - 4a701bf3-65c5-4a6b-a9bd-8d146b70a3c5: shutdown LeaderElection
2020-06-25 11:03:03,292 [4a701bf3-65c5-4a6b-a9bd-8d146b70a3c5@group-8C4E2D739626-LeaderElection24] INFO  impl.RaftServerImpl (RaftServerImpl.java:setRole(175)) - 4a701bf3-65c5-4a6b-a9bd-8d146b70a3c5@group-8C4E2D739626: changes role from CANDIDATE to LEADER at term 1 for changeToLeader
2020-06-25 11:03:03,293 [4a701bf3-65c5-4a6b-a9bd-8d146b70a3c5@group-8C4E2D739626-LeaderElection24] INFO  ratis.XceiverServerRatis (XceiverServerRatis.java:handleLeaderChangedNotification(762)) - Leader change notification received for group: group-8C4E2D739626 with new leaderId: 4a701bf3-65c5-4a6b-a9bd-8d146b70a3c5
2020-06-25 11:03:03,293 [4a701bf3-65c5-4a6b-a9bd-8d146b70a3c5@group-8C4E2D739626-LeaderElection24] INFO  impl.RaftServerImpl (ServerState.java:setLeader(255)) - 4a701bf3-65c5-4a6b-a9bd-8d146b70a3c5@group-8C4E2D739626: change Leader from null to 4a701bf3-65c5-4a6b-a9bd-8d146b70a3c5 at term 1 for becomeLeader, leader elected after 5130ms
2020-06-25 11:03:03,293 [4a701bf3-65c5-4a6b-a9bd-8d146b70a3c5@group-8C4E2D739626-LeaderElection24] INFO  server.RaftServerConfigKeys (ConfUtils.java:logGet(44)) - raft.server.staging.catchup.gap = 1000 (default)
2020-06-25 11:03:03,293 [4a701bf3-65c5-4a6b-a9bd-8d146b70a3c5@group-8C4E2D739626-LeaderElection24] INFO  server.RaftServerConfigKeys (ConfUtils.java:logGet(44)) - raft.server.rpc.sleep.time = 25ms (default)
2020-06-25 11:03:03,295 [4a701bf3-65c5-4a6b-a9bd-8d146b70a3c5@group-8C4E2D739626-LeaderElection24] INFO  metrics.RatisMetrics (RatisMetrics.java:lambda$create$0(36)) - Creating Metrics Registry : ratis.log_appender.4a701bf3-65c5-4a6b-a9bd-8d146b70a3c5@group-8C4E2D739626
2020-06-25 11:03:03,295 [4a701bf3-65c5-4a6b-a9bd-8d146b70a3c5@group-8C4E2D739626-LeaderElection24] INFO  server.RaftServerConfigKeys (ConfUtils.java:logGet(44)) - raft.server.write.element-limit = 1024 (custom)
2020-06-25 11:03:03,295 [4a701bf3-65c5-4a6b-a9bd-8d146b70a3c5@group-8C4E2D739626-LeaderElection24] INFO  server.RaftServerConfigKeys (ConfUtils.java:logGet(44)) - raft.server.write.byte-limit = 1073741824 (custom)
2020-06-25 11:03:03,296 [4a701bf3-65c5-4a6b-a9bd-8d146b70a3c5@group-8C4E2D739626-LeaderElection24] INFO  server.RaftServerConfigKeys (ConfUtils.java:logGet(44)) - raft.server.watch.timeout = 180s (custom)
2020-06-25 11:03:03,296 [4a701bf3-65c5-4a6b-a9bd-8d146b70a3c5@group-8C4E2D739626-LeaderElection24] INFO  server.RaftServerConfigKeys (ConfUtils.java:logGet(44)) - raft.server.watch.timeout.denomination = 1s (default)
2020-06-25 11:03:03,296 [4a701bf3-65c5-4a6b-a9bd-8d146b70a3c5@group-8C4E2D739626-LeaderElection24] INFO  server.RaftServerConfigKeys (ConfUtils.java:logGet(44)) - raft.server.watch.element-limit = 65536 (default)
2020-06-25 11:03:03,296 [4a701bf3-65c5-4a6b-a9bd-8d146b70a3c5@group-8C4E2D739626-LeaderElection24] INFO  impl.RoleInfo (RoleInfo.java:updateAndGet(143)) - 4a701bf3-65c5-4a6b-a9bd-8d146b70a3c5: start LeaderState
2020-06-25 11:03:03,297 [4a701bf3-65c5-4a6b-a9bd-8d146b70a3c5@group-8C4E2D739626-LeaderElection24] INFO  segmented.SegmentedRaftLogWorker (SegmentedRaftLogWorker.java:startLogSegment(397)) - 4a701bf3-65c5-4a6b-a9bd-8d146b70a3c5@group-8C4E2D739626-SegmentedRaftLogWorker: Starting segment from index:0
2020-06-25 11:03:03,297 [4a701bf3-65c5-4a6b-a9bd-8d146b70a3c5@group-8C4E2D739626-LeaderElection24] INFO  impl.RaftServerImpl (ServerState.java:setRaftConf(356)) - 4a701bf3-65c5-4a6b-a9bd-8d146b70a3c5@group-8C4E2D739626: set configuration 0: [4a701bf3-65c5-4a6b-a9bd-8d146b70a3c5:172.17.0.2:38859], old=null at 0
2020-06-25 11:03:03,298 [4a701bf3-65c5-4a6b-a9bd-8d146b70a3c5@group-8C4E2D739626-SegmentedRaftLogWorker] INFO  segmented.SegmentedRaftLogWorker (SegmentedRaftLogWorker.java:execute(596)) - 4a701bf3-65c5-4a6b-a9bd-8d146b70a3c5@group-8C4E2D739626-SegmentedRaftLogWorker: created new log segment /github/workspace/mnt/ozone/hadoop-ozone/integration-test/target/test-dir/MiniOzoneClusterImpl-aa6a32bf-ecb8-457c-8a9c-777f344c5ca2/datanode-1/data/ratis/db8d3902-6c92-4654-bb9c-8c4e2d739626/current/log_inprogress_0
2020-06-25 11:03:03,311 [grpc-default-executor-6] INFO  ratis.OzoneManagerStateMachine (OzoneManagerStateMachine.java:getLatestSnapshot(147)) - Latest Snapshot Info 0#-1
2020-06-25 11:03:03,312 [grpc-default-executor-3] INFO  ratis.OzoneManagerStateMachine (OzoneManagerStateMachine.java:getLatestSnapshot(147)) - Latest Snapshot Info 0#-1
2020-06-25 11:03:03,313 [grpc-default-executor-6] DEBUG server.GrpcLogAppender (GrpcLogAppender.java:onNext(257)) - omNode-1@group-523986131536->omNode-3-AppendLogResponseHandler: received a reply omNode-1<-omNode-3#24:OK,SUCCESS,nextIndex:1,term:1,followerCommit:0, request=AppendEntriesRequest:cid=24,entriesCount=0,lastEntry=null
2020-06-25 11:03:03,314 [grpc-default-executor-3] DEBUG server.GrpcLogAppender (GrpcLogAppender.java:onNext(257)) - omNode-1@group-523986131536->omNode-2-AppendLogResponseHandler: received a reply omNode-1<-omNode-2#24:OK,SUCCESS,nextIndex:1,term:1,followerCommit:0, request=AppendEntriesRequest:cid=24,entriesCount=0,lastEntry=null
2020-06-25 11:03:03,324 [Thread-1705] INFO  impl.FollowerState (FollowerState.java:run(108)) - 4a701bf3-65c5-4a6b-a9bd-8d146b70a3c5@group-FA8FC8FC0B25-FollowerState: change to CANDIDATE, lastRpcTime:5132ms, electionTimeout:5131ms
2020-06-25 11:03:03,324 [Thread-1705] INFO  impl.RoleInfo (RoleInfo.java:shutdownFollowerState(121)) - 4a701bf3-65c5-4a6b-a9bd-8d146b70a3c5: shutdown FollowerState
2020-06-25 11:03:03,324 [Thread-1705] INFO  impl.RaftServerImpl (RaftServerImpl.java:setRole(175)) - 4a701bf3-65c5-4a6b-a9bd-8d146b70a3c5@group-FA8FC8FC0B25: changes role from  FOLLOWER to CANDIDATE at term 0 for changeToCandidate
2020-06-25 11:03:03,324 [Thread-1705] INFO  impl.RoleInfo (RoleInfo.java:updateAndGet(143)) - 4a701bf3-65c5-4a6b-a9bd-8d146b70a3c5: start LeaderElection
2020-06-25 11:03:03,326 [Thread-1701] INFO  impl.FollowerState (FollowerState.java:run(108)) - 46f5dd17-f708-4f3a-b37a-c80b662a6b15@group-FA8FC8FC0B25-FollowerState: change to CANDIDATE, lastRpcTime:5191ms, electionTimeout:5188ms
2020-06-25 11:03:03,327 [Thread-1701] INFO  impl.RoleInfo (RoleInfo.java:shutdownFollowerState(121)) - 46f5dd17-f708-4f3a-b37a-c80b662a6b15: shutdown FollowerState
2020-06-25 11:03:03,327 [Thread-1701] INFO  impl.RaftServerImpl (RaftServerImpl.java:setRole(175)) - 46f5dd17-f708-4f3a-b37a-c80b662a6b15@group-FA8FC8FC0B25: changes role from  FOLLOWER to CANDIDATE at term 0 for changeToCandidate
2020-06-25 11:03:03,327 [Thread-1701] INFO  impl.RoleInfo (RoleInfo.java:updateAndGet(143)) - 46f5dd17-f708-4f3a-b37a-c80b662a6b15: start LeaderElection
2020-06-25 11:03:03,338 [4a701bf3-65c5-4a6b-a9bd-8d146b70a3c5@group-FA8FC8FC0B25-LeaderElection25] INFO  impl.LeaderElection (LeaderElection.java:askForVotes(206)) - 4a701bf3-65c5-4a6b-a9bd-8d146b70a3c5@group-FA8FC8FC0B25-LeaderElection25: begin an election at term 1 for -1: [41a654b2-66a7-4542-b2c0-cec1bd614880:172.17.0.2:32799, 4a701bf3-65c5-4a6b-a9bd-8d146b70a3c5:172.17.0.2:38859, 46f5dd17-f708-4f3a-b37a-c80b662a6b15:172.17.0.2:41277], old=null
2020-06-25 11:03:03,338 [46f5dd17-f708-4f3a-b37a-c80b662a6b15@group-FA8FC8FC0B25-LeaderElection26] INFO  impl.LeaderElection (LeaderElection.java:askForVotes(206)) - 46f5dd17-f708-4f3a-b37a-c80b662a6b15@group-FA8FC8FC0B25-LeaderElection26: begin an election at term 1 for -1: [41a654b2-66a7-4542-b2c0-cec1bd614880:172.17.0.2:32799, 4a701bf3-65c5-4a6b-a9bd-8d146b70a3c5:172.17.0.2:38859, 46f5dd17-f708-4f3a-b37a-c80b662a6b15:172.17.0.2:41277], old=null
2020-06-25 11:03:03,345 [grpc-default-executor-3] DEBUG impl.RaftServerImpl (RaftServerImpl.java:requestVote(821)) - 41a654b2-66a7-4542-b2c0-cec1bd614880@group-FA8FC8FC0B25: receive requestVote(4a701bf3-65c5-4a6b-a9bd-8d146b70a3c5, group-FA8FC8FC0B25, 1, (t:0, i:0))
2020-06-25 11:03:03,348 [grpc-default-executor-3] INFO  impl.RaftServerImpl (RaftServerImpl.java:setRole(175)) - 41a654b2-66a7-4542-b2c0-cec1bd614880@group-FA8FC8FC0B25: changes role from  FOLLOWER to FOLLOWER at term 1 for recognizeCandidate:4a701bf3-65c5-4a6b-a9bd-8d146b70a3c5
2020-06-25 11:03:03,348 [grpc-default-executor-3] INFO  impl.RoleInfo (RoleInfo.java:shutdownFollowerState(121)) - 41a654b2-66a7-4542-b2c0-cec1bd614880: shutdown FollowerState
2020-06-25 11:03:03,348 [grpc-default-executor-3] INFO  impl.RoleInfo (RoleInfo.java:updateAndGet(143)) - 41a654b2-66a7-4542-b2c0-cec1bd614880: start FollowerState
2020-06-25 11:03:03,348 [Thread-1710] INFO  impl.FollowerState (FollowerState.java:run(117)) - 41a654b2-66a7-4542-b2c0-cec1bd614880@group-FA8FC8FC0B25-FollowerState was interrupted: java.lang.InterruptedException: sleep interrupted
2020-06-25 11:03:03,350 [grpc-default-executor-3] DEBUG impl.RaftServerImpl (RaftServerImpl.java:requestVote(853)) - 41a654b2-66a7-4542-b2c0-cec1bd614880@group-FA8FC8FC0B25 replies to vote request: 4a701bf3-65c5-4a6b-a9bd-8d146b70a3c5<-41a654b2-66a7-4542-b2c0-cec1bd614880#0:OK-t1. Peer's state: 41a654b2-66a7-4542-b2c0-cec1bd614880@group-FA8FC8FC0B25:t1, leader=null, voted=4a701bf3-65c5-4a6b-a9bd-8d146b70a3c5, raftlog=41a654b2-66a7-4542-b2c0-cec1bd614880@group-FA8FC8FC0B25-SegmentedRaftLog:OPENED:c-1,f-1,i0, conf=-1: [41a654b2-66a7-4542-b2c0-cec1bd614880:172.17.0.2:32799, 4a701bf3-65c5-4a6b-a9bd-8d146b70a3c5:172.17.0.2:38859, 46f5dd17-f708-4f3a-b37a-c80b662a6b15:172.17.0.2:41277], old=null
2020-06-25 11:03:03,353 [grpc-default-executor-3] DEBUG impl.RaftServerImpl (RaftServerImpl.java:requestVote(821)) - 46f5dd17-f708-4f3a-b37a-c80b662a6b15@group-FA8FC8FC0B25: receive requestVote(4a701bf3-65c5-4a6b-a9bd-8d146b70a3c5, group-FA8FC8FC0B25, 1, (t:0, i:0))
2020-06-25 11:03:03,353 [grpc-default-executor-3] DEBUG impl.RaftServerImpl (RaftServerImpl.java:requestVote(853)) - 46f5dd17-f708-4f3a-b37a-c80b662a6b15@group-FA8FC8FC0B25 replies to vote request: 4a701bf3-65c5-4a6b-a9bd-8d146b70a3c5<-46f5dd17-f708-4f3a-b37a-c80b662a6b15#0:FAIL-t1. Peer's state: 46f5dd17-f708-4f3a-b37a-c80b662a6b15@group-FA8FC8FC0B25:t1, leader=null, voted=46f5dd17-f708-4f3a-b37a-c80b662a6b15, raftlog=46f5dd17-f708-4f3a-b37a-c80b662a6b15@group-FA8FC8FC0B25-SegmentedRaftLog:OPENED:c-1,f-1,i0, conf=-1: [41a654b2-66a7-4542-b2c0-cec1bd614880:172.17.0.2:32799, 4a701bf3-65c5-4a6b-a9bd-8d146b70a3c5:172.17.0.2:38859, 46f5dd17-f708-4f3a-b37a-c80b662a6b15:172.17.0.2:41277], old=null
2020-06-25 11:03:03,355 [4a701bf3-65c5-4a6b-a9bd-8d146b70a3c5@group-FA8FC8FC0B25-LeaderElection25] INFO  impl.LeaderElection (LeaderElection.java:logAndReturn(61)) - 4a701bf3-65c5-4a6b-a9bd-8d146b70a3c5@group-FA8FC8FC0B25-LeaderElection25: Election PASSED; received 1 response(s) [4a701bf3-65c5-4a6b-a9bd-8d146b70a3c5<-41a654b2-66a7-4542-b2c0-cec1bd614880#0:OK-t1] and 0 exception(s); 4a701bf3-65c5-4a6b-a9bd-8d146b70a3c5@group-FA8FC8FC0B25:t1, leader=null, voted=4a701bf3-65c5-4a6b-a9bd-8d146b70a3c5, raftlog=4a701bf3-65c5-4a6b-a9bd-8d146b70a3c5@group-FA8FC8FC0B25-SegmentedRaftLog:OPENED:c-1,f-1,i0, conf=-1: [41a654b2-66a7-4542-b2c0-cec1bd614880:172.17.0.2:32799, 4a701bf3-65c5-4a6b-a9bd-8d146b70a3c5:172.17.0.2:38859, 46f5dd17-f708-4f3a-b37a-c80b662a6b15:172.17.0.2:41277], old=null
2020-06-25 11:03:03,357 [4a701bf3-65c5-4a6b-a9bd-8d146b70a3c5@group-FA8FC8FC0B25-LeaderElection25] INFO  impl.RoleInfo (RoleInfo.java:shutdownLeaderElection(134)) - 4a701bf3-65c5-4a6b-a9bd-8d146b70a3c5: shutdown LeaderElection
2020-06-25 11:03:03,357 [4a701bf3-65c5-4a6b-a9bd-8d146b70a3c5@group-FA8FC8FC0B25-LeaderElection25] INFO  impl.RaftServerImpl (RaftServerImpl.java:setRole(175)) - 4a701bf3-65c5-4a6b-a9bd-8d146b70a3c5@group-FA8FC8FC0B25: changes role from CANDIDATE to LEADER at term 1 for changeToLeader
2020-06-25 11:03:03,357 [4a701bf3-65c5-4a6b-a9bd-8d146b70a3c5@group-FA8FC8FC0B25-LeaderElection25] INFO  ratis.XceiverServerRatis (XceiverServerRatis.java:handleLeaderChangedNotification(762)) - Leader change notification received for group: group-FA8FC8FC0B25 with new leaderId: 4a701bf3-65c5-4a6b-a9bd-8d146b70a3c5
2020-06-25 11:03:03,357 [4a701bf3-65c5-4a6b-a9bd-8d146b70a3c5@group-FA8FC8FC0B25-LeaderElection25] INFO  impl.RaftServerImpl (ServerState.java:setLeader(255)) - 4a701bf3-65c5-4a6b-a9bd-8d146b70a3c5@group-FA8FC8FC0B25: change Leader from null to 4a701bf3-65c5-4a6b-a9bd-8d146b70a3c5 at term 1 for becomeLeader, leader elected after 5178ms
2020-06-25 11:03:03,357 [4a701bf3-65c5-4a6b-a9bd-8d146b70a3c5@group-FA8FC8FC0B25-LeaderElection25] INFO  server.RaftServerConfigKeys (ConfUtils.java:logGet(44)) - raft.server.staging.catchup.gap = 1000 (default)
2020-06-25 11:03:03,357 [4a701bf3-65c5-4a6b-a9bd-8d146b70a3c5@group-FA8FC8FC0B25-LeaderElection25] INFO  server.RaftServerConfigKeys (ConfUtils.java:logGet(44)) - raft.server.rpc.sleep.time = 25ms (default)
2020-06-25 11:03:03,358 [4a701bf3-65c5-4a6b-a9bd-8d146b70a3c5@group-FA8FC8FC0B25-LeaderElection25] INFO  metrics.RatisMetrics (RatisMetrics.java:lambda$create$0(36)) - Creating Metrics Registry : ratis.log_appender.4a701bf3-65c5-4a6b-a9bd-8d146b70a3c5@group-FA8FC8FC0B25
2020-06-25 11:03:03,358 [4a701bf3-65c5-4a6b-a9bd-8d146b70a3c5@group-FA8FC8FC0B25-LeaderElection25] INFO  server.RaftServerConfigKeys (ConfUtils.java:logGet(44)) - raft.server.write.element-limit = 1024 (custom)
2020-06-25 11:03:03,358 [4a701bf3-65c5-4a6b-a9bd-8d146b70a3c5@group-FA8FC8FC0B25-LeaderElection25] INFO  server.RaftServerConfigKeys (ConfUtils.java:logGet(44)) - raft.server.write.byte-limit = 1073741824 (custom)
2020-06-25 11:03:03,358 [4a701bf3-65c5-4a6b-a9bd-8d146b70a3c5@group-FA8FC8FC0B25-LeaderElection25] INFO  server.RaftServerConfigKeys (ConfUtils.java:logGet(44)) - raft.server.watch.timeout = 180s (custom)
2020-06-25 11:03:03,358 [4a701bf3-65c5-4a6b-a9bd-8d146b70a3c5@group-FA8FC8FC0B25-LeaderElection25] INFO  server.RaftServerConfigKeys (ConfUtils.java:logGet(44)) - raft.server.watch.timeout.denomination = 1s (default)
2020-06-25 11:03:03,358 [4a701bf3-65c5-4a6b-a9bd-8d146b70a3c5@group-FA8FC8FC0B25-LeaderElection25] INFO  server.RaftServerConfigKeys (ConfUtils.java:logGet(44)) - raft.server.watch.element-limit = 65536 (default)
2020-06-25 11:03:03,358 [4a701bf3-65c5-4a6b-a9bd-8d146b70a3c5@group-FA8FC8FC0B25-LeaderElection25] INFO  server.RaftServerConfigKeys (ConfUtils.java:logGet(44)) - raft.server.log.appender.snapshot.chunk.size.max = 16MB (=16777216) (default)
2020-06-25 11:03:03,359 [4a701bf3-65c5-4a6b-a9bd-8d146b70a3c5@group-FA8FC8FC0B25-LeaderElection25] INFO  server.RaftServerConfigKeys (ConfUtils.java:logGet(44)) - raft.server.log.appender.buffer.byte-limit = 33554432 (custom)
2020-06-25 11:03:03,359 [4a701bf3-65c5-4a6b-a9bd-8d146b70a3c5@group-FA8FC8FC0B25-LeaderElection25] INFO  server.RaftServerConfigKeys (ConfUtils.java:logGet(44)) - raft.server.log.appender.buffer.element-limit = 1 (custom)
2020-06-25 11:03:03,359 [4a701bf3-65c5-4a6b-a9bd-8d146b70a3c5@group-FA8FC8FC0B25-LeaderElection25] INFO  grpc.GrpcConfigKeys (ConfUtils.java:logGet(44)) - raft.grpc.server.leader.outstanding.appends.max = 128 (default)
2020-06-25 11:03:03,359 [4a701bf3-65c5-4a6b-a9bd-8d146b70a3c5@group-FA8FC8FC0B25-LeaderElection25] INFO  server.RaftServerConfigKeys (ConfUtils.java:logGet(44)) - raft.server.rpc.request.timeout = 60s (custom)
2020-06-25 11:03:03,359 [4a701bf3-65c5-4a6b-a9bd-8d146b70a3c5@group-FA8FC8FC0B25-LeaderElection25] INFO  server.RaftServerConfigKeys (ConfUtils.java:logGet(44)) - raft.server.log.appender.install.snapshot.enabled = false (custom)
2020-06-25 11:03:03,359 [4a701bf3-65c5-4a6b-a9bd-8d146b70a3c5@group-FA8FC8FC0B25-LeaderElection25] INFO  metrics.RatisMetrics (RatisMetrics.java:lambda$create$0(36)) - Creating Metrics Registry : ratis_grpc.log_appender.4a701bf3-65c5-4a6b-a9bd-8d146b70a3c5@group-FA8FC8FC0B25
2020-06-25 11:03:03,361 [EventQueue-PipelineReportForPipelineReportHandler] INFO  pipeline.PipelineStateManager (PipelineStateManager.java:openPipeline(131)) - Pipeline Pipeline[ Id: 653aa788-1352-49d8-9f60-fa8fc8fc0b25, Nodes: 4a701bf3-65c5-4a6b-a9bd-8d146b70a3c5{ip: 172.17.0.2, host: da41f0c55cd9, networkLocation: /default-rack, certSerialId: null}41a654b2-66a7-4542-b2c0-cec1bd614880{ip: 172.17.0.2, host: da41f0c55cd9, networkLocation: /default-rack, certSerialId: null}46f5dd17-f708-4f3a-b37a-c80b662a6b15{ip: 172.17.0.2, host: da41f0c55cd9, networkLocation: /default-rack, certSerialId: null}, Type:RATIS, Factor:THREE, State:ALLOCATED, leaderId:4a701bf3-65c5-4a6b-a9bd-8d146b70a3c5, CreationTimestamp2020-06-25T11:02:55.211Z] moved to OPEN state
2020-06-25 11:03:03,362 [4a701bf3-65c5-4a6b-a9bd-8d146b70a3c5@group-FA8FC8FC0B25-LeaderElection25] INFO  server.RaftServerConfigKeys (ConfUtils.java:logGet(44)) - raft.server.log.appender.snapshot.chunk.size.max = 16MB (=16777216) (default)
2020-06-25 11:03:03,363 [EventQueue-OpenPipelineForOneReplicaPipelineSafeModeRule] INFO  safemode.SCMSafeModeManager (SCMSafeModeManager.java:validateSafeModeExitRules(214)) - AtleastOneDatanodeReportedRule rule is successfully validated
2020-06-25 11:03:03,363 [EventQueue-OpenPipelineForHealthyPipelineSafeModeRule] INFO  safemode.SCMSafeModeManager (HealthyPipelineSafeModeRule.java:process(132)) - SCM in safe mode. Healthy pipelines reported count is 1, required healthy pipeline reported count is 1
2020-06-25 11:03:03,371 [EventQueue-OpenPipelineForHealthyPipelineSafeModeRule] INFO  safemode.SCMSafeModeManager (SCMSafeModeManager.java:validateSafeModeExitRules(214)) - HealthyPipelineSafeModeRule rule is successfully validated
2020-06-25 11:03:03,371 [EventQueue-OpenPipelineForHealthyPipelineSafeModeRule] INFO  safemode.SCMSafeModeManager (SCMSafeModeManager.java:validateSafeModeExitRules(228)) - ScmSafeModeManager, all rules are successfully validated
2020-06-25 11:03:03,371 [EventQueue-OpenPipelineForHealthyPipelineSafeModeRule] INFO  safemode.SCMSafeModeManager (SCMSafeModeManager.java:exitSafeMode(257)) - SCM exiting safe mode.
2020-06-25 11:03:03,364 [grpc-default-executor-3] DEBUG impl.RaftServerImpl (RaftServerImpl.java:requestVote(821)) - 4a701bf3-65c5-4a6b-a9bd-8d146b70a3c5@group-FA8FC8FC0B25: receive requestVote(46f5dd17-f708-4f3a-b37a-c80b662a6b15, group-FA8FC8FC0B25, 1, (t:0, i:0))
2020-06-25 11:03:03,363 [4a701bf3-65c5-4a6b-a9bd-8d146b70a3c5@group-FA8FC8FC0B25-LeaderElection25] INFO  server.RaftServerConfigKeys (ConfUtils.java:logGet(44)) - raft.server.log.appender.buffer.byte-limit = 33554432 (custom)
2020-06-25 11:03:03,372 [4a701bf3-65c5-4a6b-a9bd-8d146b70a3c5@group-FA8FC8FC0B25-LeaderElection25] INFO  server.RaftServerConfigKeys (ConfUtils.java:logGet(44)) - raft.server.log.appender.buffer.element-limit = 1 (custom)
2020-06-25 11:03:03,372 [4a701bf3-65c5-4a6b-a9bd-8d146b70a3c5@group-FA8FC8FC0B25-LeaderElection25] INFO  grpc.GrpcConfigKeys (ConfUtils.java:logGet(44)) - raft.grpc.server.leader.outstanding.appends.max = 128 (default)
2020-06-25 11:03:03,372 [4a701bf3-65c5-4a6b-a9bd-8d146b70a3c5@group-FA8FC8FC0B25-LeaderElection25] INFO  server.RaftServerConfigKeys (ConfUtils.java:logGet(44)) - raft.server.rpc.request.timeout = 60s (custom)
2020-06-25 11:03:03,372 [4a701bf3-65c5-4a6b-a9bd-8d146b70a3c5@group-FA8FC8FC0B25-LeaderElection25] INFO  server.RaftServerConfigKeys (ConfUtils.java:logGet(44)) - raft.server.log.appender.install.snapshot.enabled = false (custom)
2020-06-25 11:03:03,373 [Thread-1709] INFO  impl.FollowerState (FollowerState.java:run(108)) - 41a654b2-66a7-4542-b2c0-cec1bd614880@group-D47E886B75D4-FollowerState: change to CANDIDATE, lastRpcTime:5123ms, electionTimeout:5122ms
2020-06-25 11:03:03,374 [Thread-1709] INFO  impl.RoleInfo (RoleInfo.java:shutdownFollowerState(121)) - 41a654b2-66a7-4542-b2c0-cec1bd614880: shutdown FollowerState
2020-06-25 11:03:03,374 [Thread-1709] INFO  impl.RaftServerImpl (RaftServerImpl.java:setRole(175)) - 41a654b2-66a7-4542-b2c0-cec1bd614880@group-D47E886B75D4: changes role from  FOLLOWER to CANDIDATE at term 0 for changeToCandidate
2020-06-25 11:03:03,374 [Thread-1709] INFO  impl.RoleInfo (RoleInfo.java:updateAndGet(143)) - 41a654b2-66a7-4542-b2c0-cec1bd614880: start LeaderElection
2020-06-25 11:03:03,375 [4a701bf3-65c5-4a6b-a9bd-8d146b70a3c5@group-FA8FC8FC0B25-LeaderElection25] INFO  impl.RoleInfo (RoleInfo.java:updateAndGet(143)) - 4a701bf3-65c5-4a6b-a9bd-8d146b70a3c5: start LeaderState
2020-06-25 11:03:03,375 [grpc-default-executor-6] DEBUG impl.RaftServerImpl (RaftServerImpl.java:requestVote(821)) - 41a654b2-66a7-4542-b2c0-cec1bd614880@group-FA8FC8FC0B25: receive requestVote(46f5dd17-f708-4f3a-b37a-c80b662a6b15, group-FA8FC8FC0B25, 1, (t:0, i:0))
2020-06-25 11:03:03,375 [4a701bf3-65c5-4a6b-a9bd-8d146b70a3c5@group-FA8FC8FC0B25-LeaderElection25] INFO  segmented.SegmentedRaftLogWorker (SegmentedRaftLogWorker.java:startLogSegment(397)) - 4a701bf3-65c5-4a6b-a9bd-8d146b70a3c5@group-FA8FC8FC0B25-SegmentedRaftLogWorker: Starting segment from index:0
2020-06-25 11:03:03,380 [grpc-default-executor-6] DEBUG impl.RaftServerImpl (RaftServerImpl.java:requestVote(853)) - 41a654b2-66a7-4542-b2c0-cec1bd614880@group-FA8FC8FC0B25 replies to vote request: 46f5dd17-f708-4f3a-b37a-c80b662a6b15<-41a654b2-66a7-4542-b2c0-cec1bd614880#0:FAIL-t1. Peer's state: 41a654b2-66a7-4542-b2c0-cec1bd614880@group-FA8FC8FC0B25:t1, leader=null, voted=4a701bf3-65c5-4a6b-a9bd-8d146b70a3c5, raftlog=41a654b2-66a7-4542-b2c0-cec1bd614880@group-FA8FC8FC0B25-SegmentedRaftLog:OPENED:c-1,f-1,i0, conf=-1: [41a654b2-66a7-4542-b2c0-cec1bd614880:172.17.0.2:32799, 4a701bf3-65c5-4a6b-a9bd-8d146b70a3c5:172.17.0.2:38859, 46f5dd17-f708-4f3a-b37a-c80b662a6b15:172.17.0.2:41277], old=null
2020-06-25 11:03:03,386 [4a701bf3-65c5-4a6b-a9bd-8d146b70a3c5@group-FA8FC8FC0B25-SegmentedRaftLogWorker] INFO  segmented.SegmentedRaftLogWorker (SegmentedRaftLogWorker.java:execute(596)) - 4a701bf3-65c5-4a6b-a9bd-8d146b70a3c5@group-FA8FC8FC0B25-SegmentedRaftLogWorker: created new log segment /github/workspace/mnt/ozone/hadoop-ozone/integration-test/target/test-dir/MiniOzoneClusterImpl-aa6a32bf-ecb8-457c-8a9c-777f344c5ca2/datanode-1/data/ratis/653aa788-1352-49d8-9f60-fa8fc8fc0b25/current/log_inprogress_0
2020-06-25 11:03:03,387 [41a654b2-66a7-4542-b2c0-cec1bd614880@group-D47E886B75D4-LeaderElection27] INFO  impl.LeaderElection (LeaderElection.java:askForVotes(206)) - 41a654b2-66a7-4542-b2c0-cec1bd614880@group-D47E886B75D4-LeaderElection27: begin an election at term 1 for -1: [41a654b2-66a7-4542-b2c0-cec1bd614880:172.17.0.2:32799], old=null
2020-06-25 11:03:03,396 [4a701bf3-65c5-4a6b-a9bd-8d146b70a3c5@group-FA8FC8FC0B25-LeaderElection25] INFO  impl.RaftServerImpl (ServerState.java:setRaftConf(356)) - 4a701bf3-65c5-4a6b-a9bd-8d146b70a3c5@group-FA8FC8FC0B25: set configuration 0: [41a654b2-66a7-4542-b2c0-cec1bd614880:172.17.0.2:32799, 4a701bf3-65c5-4a6b-a9bd-8d146b70a3c5:172.17.0.2:38859, 46f5dd17-f708-4f3a-b37a-c80b662a6b15:172.17.0.2:41277], old=null at 0
2020-06-25 11:03:03,390 [grpc-default-executor-4] INFO  ratis.XceiverServerRatis (XceiverServerRatis.java:handleLeaderChangedNotification(762)) - Leader change notification received for group: group-FA8FC8FC0B25 with new leaderId: 4a701bf3-65c5-4a6b-a9bd-8d146b70a3c5
2020-06-25 11:03:03,397 [grpc-default-executor-4] INFO  impl.RaftServerImpl (ServerState.java:setLeader(255)) - 41a654b2-66a7-4542-b2c0-cec1bd614880@group-FA8FC8FC0B25: change Leader from null to 4a701bf3-65c5-4a6b-a9bd-8d146b70a3c5 at term 1 for appendEntries, leader elected after 5148ms
2020-06-25 11:03:03,397 [grpc-default-executor-3] INFO  impl.RaftServerImpl (RaftServerImpl.java:requestVote(832)) - 4a701bf3-65c5-4a6b-a9bd-8d146b70a3c5@group-FA8FC8FC0B25-   LEADER: Withhold vote from candidate 46f5dd17-f708-4f3a-b37a-c80b662a6b15 with term 1. State: leader=4a701bf3-65c5-4a6b-a9bd-8d146b70a3c5, term=1, lastRpcElapsed=null
2020-06-25 11:03:03,397 [grpc-default-executor-3] DEBUG impl.RaftServerImpl (RaftServerImpl.java:requestVote(853)) - 4a701bf3-65c5-4a6b-a9bd-8d146b70a3c5@group-FA8FC8FC0B25 replies to vote request: 46f5dd17-f708-4f3a-b37a-c80b662a6b15<-4a701bf3-65c5-4a6b-a9bd-8d146b70a3c5#0:FAIL-t1. Peer's state: 4a701bf3-65c5-4a6b-a9bd-8d146b70a3c5@group-FA8FC8FC0B25:t1, leader=4a701bf3-65c5-4a6b-a9bd-8d146b70a3c5, voted=4a701bf3-65c5-4a6b-a9bd-8d146b70a3c5, raftlog=4a701bf3-65c5-4a6b-a9bd-8d146b70a3c5@group-FA8FC8FC0B25-SegmentedRaftLog:OPENED:c0,f0,i0, conf=0: [41a654b2-66a7-4542-b2c0-cec1bd614880:172.17.0.2:32799, 4a701bf3-65c5-4a6b-a9bd-8d146b70a3c5:172.17.0.2:38859, 46f5dd17-f708-4f3a-b37a-c80b662a6b15:172.17.0.2:41277], old=null
2020-06-25 11:03:03,396 [41a654b2-66a7-4542-b2c0-cec1bd614880@group-D47E886B75D4-LeaderElection27] INFO  impl.RoleInfo (RoleInfo.java:shutdownLeaderElection(134)) - 41a654b2-66a7-4542-b2c0-cec1bd614880: shutdown LeaderElection
2020-06-25 11:03:03,398 [41a654b2-66a7-4542-b2c0-cec1bd614880@group-D47E886B75D4-LeaderElection27] INFO  impl.RaftServerImpl (RaftServerImpl.java:setRole(175)) - 41a654b2-66a7-4542-b2c0-cec1bd614880@group-D47E886B75D4: changes role from CANDIDATE to LEADER at term 1 for changeToLeader
2020-06-25 11:03:03,398 [41a654b2-66a7-4542-b2c0-cec1bd614880@group-D47E886B75D4-LeaderElection27] INFO  ratis.XceiverServerRatis (XceiverServerRatis.java:handleLeaderChangedNotification(762)) - Leader change notification received for group: group-D47E886B75D4 with new leaderId: 41a654b2-66a7-4542-b2c0-cec1bd614880
2020-06-25 11:03:03,404 [41a654b2-66a7-4542-b2c0-cec1bd614880@group-D47E886B75D4-LeaderElection27] INFO  impl.RaftServerImpl (ServerState.java:setLeader(255)) - 41a654b2-66a7-4542-b2c0-cec1bd614880@group-D47E886B75D4: change Leader from null to 41a654b2-66a7-4542-b2c0-cec1bd614880 at term 1 for becomeLeader, leader elected after 5171ms
2020-06-25 11:03:03,405 [41a654b2-66a7-4542-b2c0-cec1bd614880@group-D47E886B75D4-LeaderElection27] INFO  server.RaftServerConfigKeys (ConfUtils.java:logGet(44)) - raft.server.staging.catchup.gap = 1000 (default)
2020-06-25 11:03:03,405 [41a654b2-66a7-4542-b2c0-cec1bd614880@group-D47E886B75D4-LeaderElection27] INFO  server.RaftServerConfigKeys (ConfUtils.java:logGet(44)) - raft.server.rpc.sleep.time = 25ms (default)
2020-06-25 11:03:03,405 [41a654b2-66a7-4542-b2c0-cec1bd614880@group-D47E886B75D4-LeaderElection27] INFO  metrics.RatisMetrics (RatisMetrics.java:lambda$create$0(36)) - Creating Metrics Registry : ratis.log_appender.41a654b2-66a7-4542-b2c0-cec1bd614880@group-D47E886B75D4
2020-06-25 11:03:03,405 [41a654b2-66a7-4542-b2c0-cec1bd614880@group-D47E886B75D4-LeaderElection27] INFO  server.RaftServerConfigKeys (ConfUtils.java:logGet(44)) - raft.server.write.element-limit = 1024 (custom)
2020-06-25 11:03:03,405 [41a654b2-66a7-4542-b2c0-cec1bd614880@group-D47E886B75D4-LeaderElection27] INFO  server.RaftServerConfigKeys (ConfUtils.java:logGet(44)) - raft.server.write.byte-limit = 1073741824 (custom)
2020-06-25 11:03:03,404 [46f5dd17-f708-4f3a-b37a-c80b662a6b15@group-FA8FC8FC0B25-LeaderElection26] INFO  impl.LeaderElection (LeaderElection.java:logAndReturn(61)) - 46f5dd17-f708-4f3a-b37a-c80b662a6b15@group-FA8FC8FC0B25-LeaderElection26: Election REJECTED; received 2 response(s) [46f5dd17-f708-4f3a-b37a-c80b662a6b15<-41a654b2-66a7-4542-b2c0-cec1bd614880#0:FAIL-t1, 46f5dd17-f708-4f3a-b37a-c80b662a6b15<-4a701bf3-65c5-4a6b-a9bd-8d146b70a3c5#0:FAIL-t1] and 0 exception(s); 46f5dd17-f708-4f3a-b37a-c80b662a6b15@group-FA8FC8FC0B25:t1, leader=null, voted=46f5dd17-f708-4f3a-b37a-c80b662a6b15, raftlog=46f5dd17-f708-4f3a-b37a-c80b662a6b15@group-FA8FC8FC0B25-SegmentedRaftLog:OPENED:c-1,f-1,i0, conf=-1: [41a654b2-66a7-4542-b2c0-cec1bd614880:172.17.0.2:32799, 4a701bf3-65c5-4a6b-a9bd-8d146b70a3c5:172.17.0.2:38859, 46f5dd17-f708-4f3a-b37a-c80b662a6b15:172.17.0.2:41277], old=null
2020-06-25 11:03:03,404 [grpc-default-executor-4] DEBUG impl.RaftServerImpl (RaftServerImpl.java:logAppendEntries(928)) - 41a654b2-66a7-4542-b2c0-cec1bd614880@group-FA8FC8FC0B25: receive appendEntries(4a701bf3-65c5-4a6b-a9bd-8d146b70a3c5, 1, null, -1, false, commits[4a701bf3-65c5-4a6b-a9bd-8d146b70a3c5:c-1, 41a654b2-66a7-4542-b2c0-cec1bd614880:c-1, 46f5dd17-f708-4f3a-b37a-c80b662a6b15:c-1], entries: (t:1, i:0), CONFIGURATIONENTRY
2020-06-25 11:03:03,408 [grpc-default-executor-4] INFO  impl.RaftServerImpl (ServerState.java:setRaftConf(356)) - 41a654b2-66a7-4542-b2c0-cec1bd614880@group-FA8FC8FC0B25: set configuration 0: [41a654b2-66a7-4542-b2c0-cec1bd614880:172.17.0.2:32799, 4a701bf3-65c5-4a6b-a9bd-8d146b70a3c5:172.17.0.2:38859, 46f5dd17-f708-4f3a-b37a-c80b662a6b15:172.17.0.2:41277], old=null at 0
2020-06-25 11:03:03,408 [grpc-default-executor-4] INFO  segmented.SegmentedRaftLogWorker (SegmentedRaftLogWorker.java:startLogSegment(397)) - 41a654b2-66a7-4542-b2c0-cec1bd614880@group-FA8FC8FC0B25-SegmentedRaftLogWorker: Starting segment from index:0
2020-06-25 11:03:03,406 [grpc-default-executor-3] INFO  impl.RaftServerImpl (RaftServerImpl.java:setRole(175)) - 46f5dd17-f708-4f3a-b37a-c80b662a6b15@group-FA8FC8FC0B25: changes role from CANDIDATE to FOLLOWER at term 1 for appendEntries
2020-06-25 11:03:03,414 [grpc-default-executor-3] INFO  impl.RoleInfo (RoleInfo.java:shutdownLeaderElection(134)) - 46f5dd17-f708-4f3a-b37a-c80b662a6b15: shutdown LeaderElection
2020-06-25 11:03:03,406 [41a654b2-66a7-4542-b2c0-cec1bd614880@group-D47E886B75D4-LeaderElection27] INFO  server.RaftServerConfigKeys (ConfUtils.java:logGet(44)) - raft.server.watch.timeout = 180s (custom)
2020-06-25 11:03:03,414 [41a654b2-66a7-4542-b2c0-cec1bd614880@group-D47E886B75D4-LeaderElection27] INFO  server.RaftServerConfigKeys (ConfUtils.java:logGet(44)) - raft.server.watch.timeout.denomination = 1s (default)
2020-06-25 11:03:03,414 [41a654b2-66a7-4542-b2c0-cec1bd614880@group-D47E886B75D4-LeaderElection27] INFO  server.RaftServerConfigKeys (ConfUtils.java:logGet(44)) - raft.server.watch.element-limit = 65536 (default)
2020-06-25 11:03:03,414 [grpc-default-executor-3] INFO  impl.RoleInfo (RoleInfo.java:updateAndGet(143)) - 46f5dd17-f708-4f3a-b37a-c80b662a6b15: start FollowerState
2020-06-25 11:03:03,410 [grpc-default-executor-4] DEBUG server.GrpcLogAppender (GrpcLogAppender.java:onNext(257)) - 4a701bf3-65c5-4a6b-a9bd-8d146b70a3c5@group-FA8FC8FC0B25->41a654b2-66a7-4542-b2c0-cec1bd614880-AppendLogResponseHandler: received the first reply 4a701bf3-65c5-4a6b-a9bd-8d146b70a3c5<-41a654b2-66a7-4542-b2c0-cec1bd614880#0:OK,SUCCESS,nextIndex:0,term:1,followerCommit:-1, request=AppendEntriesRequest:cid=0,entriesCount=0,lastEntry=null
2020-06-25 11:03:03,410 [41a654b2-66a7-4542-b2c0-cec1bd614880@group-FA8FC8FC0B25-SegmentedRaftLogWorker] INFO  segmented.SegmentedRaftLogWorker (SegmentedRaftLogWorker.java:execute(596)) - 41a654b2-66a7-4542-b2c0-cec1bd614880@group-FA8FC8FC0B25-SegmentedRaftLogWorker: created new log segment /github/workspace/mnt/ozone/hadoop-ozone/integration-test/target/test-dir/MiniOzoneClusterImpl-aa6a32bf-ecb8-457c-8a9c-777f344c5ca2/datanode-2/data/ratis/653aa788-1352-49d8-9f60-fa8fc8fc0b25/current/log_inprogress_0
2020-06-25 11:03:03,414 [41a654b2-66a7-4542-b2c0-cec1bd614880@group-D47E886B75D4-LeaderElection27] INFO  impl.RoleInfo (RoleInfo.java:updateAndGet(143)) - 41a654b2-66a7-4542-b2c0-cec1bd614880: start LeaderState
2020-06-25 11:03:03,417 [grpc-default-executor-3] INFO  ratis.XceiverServerRatis (XceiverServerRatis.java:handleLeaderChangedNotification(762)) - Leader change notification received for group: group-FA8FC8FC0B25 with new leaderId: 4a701bf3-65c5-4a6b-a9bd-8d146b70a3c5
2020-06-25 11:03:03,417 [grpc-default-executor-3] INFO  impl.RaftServerImpl (ServerState.java:setLeader(255)) - 46f5dd17-f708-4f3a-b37a-c80b662a6b15@group-FA8FC8FC0B25: change Leader from null to 4a701bf3-65c5-4a6b-a9bd-8d146b70a3c5 at term 1 for appendEntries, leader elected after 5292ms
2020-06-25 11:03:03,418 [grpc-default-executor-4] DEBUG impl.RaftServerImpl (RaftServerImpl.java:logAppendEntries(928)) - 46f5dd17-f708-4f3a-b37a-c80b662a6b15@group-FA8FC8FC0B25: receive appendEntries(4a701bf3-65c5-4a6b-a9bd-8d146b70a3c5, 1, null, 0, false, commits[4a701bf3-65c5-4a6b-a9bd-8d146b70a3c5:c0, 41a654b2-66a7-4542-b2c0-cec1bd614880:c-1, 46f5dd17-f708-4f3a-b37a-c80b662a6b15:c-1], entries: (t:1, i:0), CONFIGURATIONENTRY
2020-06-25 11:03:03,419 [41a654b2-66a7-4542-b2c0-cec1bd614880@group-D47E886B75D4-LeaderElection27] INFO  segmented.SegmentedRaftLogWorker (SegmentedRaftLogWorker.java:startLogSegment(397)) - 41a654b2-66a7-4542-b2c0-cec1bd614880@group-D47E886B75D4-SegmentedRaftLogWorker: Starting segment from index:0
2020-06-25 11:03:03,419 [grpc-default-executor-3] DEBUG server.GrpcLogAppender (GrpcLogAppender.java:onNext(257)) - 4a701bf3-65c5-4a6b-a9bd-8d146b70a3c5@group-FA8FC8FC0B25->46f5dd17-f708-4f3a-b37a-c80b662a6b15-AppendLogResponseHandler: received the first reply 4a701bf3-65c5-4a6b-a9bd-8d146b70a3c5<-46f5dd17-f708-4f3a-b37a-c80b662a6b15#0:OK,SUCCESS,nextIndex:0,term:1,followerCommit:-1, request=AppendEntriesRequest:cid=0,entriesCount=0,lastEntry=null
2020-06-25 11:03:03,419 [41a654b2-66a7-4542-b2c0-cec1bd614880@group-D47E886B75D4-LeaderElection27] INFO  impl.RaftServerImpl (ServerState.java:setRaftConf(356)) - 41a654b2-66a7-4542-b2c0-cec1bd614880@group-D47E886B75D4: set configuration 0: [41a654b2-66a7-4542-b2c0-cec1bd614880:172.17.0.2:32799], old=null at 0
2020-06-25 11:03:03,421 [grpc-default-executor-4] INFO  impl.RaftServerImpl (ServerState.java:setRaftConf(356)) - 46f5dd17-f708-4f3a-b37a-c80b662a6b15@group-FA8FC8FC0B25: set configuration 0: [41a654b2-66a7-4542-b2c0-cec1bd614880:172.17.0.2:32799, 4a701bf3-65c5-4a6b-a9bd-8d146b70a3c5:172.17.0.2:38859, 46f5dd17-f708-4f3a-b37a-c80b662a6b15:172.17.0.2:41277], old=null at 0
2020-06-25 11:03:03,422 [grpc-default-executor-4] INFO  segmented.SegmentedRaftLogWorker (SegmentedRaftLogWorker.java:startLogSegment(397)) - 46f5dd17-f708-4f3a-b37a-c80b662a6b15@group-FA8FC8FC0B25-SegmentedRaftLogWorker: Starting segment from index:0
2020-06-25 11:03:03,422 [41a654b2-66a7-4542-b2c0-cec1bd614880@group-D47E886B75D4-SegmentedRaftLogWorker] INFO  segmented.SegmentedRaftLogWorker (SegmentedRaftLogWorker.java:execute(596)) - 41a654b2-66a7-4542-b2c0-cec1bd614880@group-D47E886B75D4-SegmentedRaftLogWorker: created new log segment /github/workspace/mnt/ozone/hadoop-ozone/integration-test/target/test-dir/MiniOzoneClusterImpl-aa6a32bf-ecb8-457c-8a9c-777f344c5ca2/datanode-2/data/ratis/bf67ef8b-32b3-4f1e-ac1f-d47e886b75d4/current/log_inprogress_0
2020-06-25 11:03:03,425 [Thread-1756] DEBUG impl.RaftServerImpl (RaftServerImpl.java:logAppendEntries(928)) - 41a654b2-66a7-4542-b2c0-cec1bd614880@group-FA8FC8FC0B25: succeeded to handle AppendEntries. Reply: 4a701bf3-65c5-4a6b-a9bd-8d146b70a3c5<-41a654b2-66a7-4542-b2c0-cec1bd614880#1:OK,SUCCESS,nextIndex:1,term:1,followerCommit:-1
2020-06-25 11:03:03,426 [grpc-default-executor-3] DEBUG server.GrpcLogAppender (GrpcLogAppender.java:onNext(257)) - 4a701bf3-65c5-4a6b-a9bd-8d146b70a3c5@group-FA8FC8FC0B25->41a654b2-66a7-4542-b2c0-cec1bd614880-AppendLogResponseHandler: received a reply 4a701bf3-65c5-4a6b-a9bd-8d146b70a3c5<-41a654b2-66a7-4542-b2c0-cec1bd614880#1:OK,SUCCESS,nextIndex:1,term:1,followerCommit:-1, request=AppendEntriesRequest:cid=1,entriesCount=1,lastEntry=(t:1, i:0)
2020-06-25 11:03:03,426 [46f5dd17-f708-4f3a-b37a-c80b662a6b15@group-FA8FC8FC0B25-SegmentedRaftLogWorker] INFO  segmented.SegmentedRaftLogWorker (SegmentedRaftLogWorker.java:execute(596)) - 46f5dd17-f708-4f3a-b37a-c80b662a6b15@group-FA8FC8FC0B25-SegmentedRaftLogWorker: created new log segment /github/workspace/mnt/ozone/hadoop-ozone/integration-test/target/test-dir/MiniOzoneClusterImpl-aa6a32bf-ecb8-457c-8a9c-777f344c5ca2/datanode-0/data/ratis/653aa788-1352-49d8-9f60-fa8fc8fc0b25/current/log_inprogress_0
2020-06-25 11:03:03,428 [Thread-1757] DEBUG impl.RaftServerImpl (RaftServerImpl.java:logAppendEntries(928)) - 46f5dd17-f708-4f3a-b37a-c80b662a6b15@group-FA8FC8FC0B25: succeeded to handle AppendEntries. Reply: 4a701bf3-65c5-4a6b-a9bd-8d146b70a3c5<-46f5dd17-f708-4f3a-b37a-c80b662a6b15#1:OK,SUCCESS,nextIndex:1,term:1,followerCommit:0
2020-06-25 11:03:03,429 [grpc-default-executor-3] DEBUG server.GrpcLogAppender (GrpcLogAppender.java:onNext(257)) - 4a701bf3-65c5-4a6b-a9bd-8d146b70a3c5@group-FA8FC8FC0B25->46f5dd17-f708-4f3a-b37a-c80b662a6b15-AppendLogResponseHandler: received a reply 4a701bf3-65c5-4a6b-a9bd-8d146b70a3c5<-46f5dd17-f708-4f3a-b37a-c80b662a6b15#1:OK,SUCCESS,nextIndex:1,term:1,followerCommit:0, request=AppendEntriesRequest:cid=1,entriesCount=1,lastEntry=(t:1, i:0)
2020-06-25 11:03:03,814 [grpc-default-executor-3] INFO  ratis.OzoneManagerStateMachine (OzoneManagerStateMachine.java:getLatestSnapshot(147)) - Latest Snapshot Info 0#-1
2020-06-25 11:03:03,815 [grpc-default-executor-4] INFO  ratis.OzoneManagerStateMachine (OzoneManagerStateMachine.java:getLatestSnapshot(147)) - Latest Snapshot Info 0#-1
2020-06-25 11:03:03,815 [grpc-default-executor-4] DEBUG server.GrpcLogAppender (GrpcLogAppender.java:onNext(257)) - omNode-1@group-523986131536->omNode-3-AppendLogResponseHandler: received a reply omNode-1<-omNode-3#25:OK,SUCCESS,nextIndex:1,term:1,followerCommit:0, request=AppendEntriesRequest:cid=25,entriesCount=0,lastEntry=null
2020-06-25 11:03:03,816 [grpc-default-executor-4] DEBUG server.GrpcLogAppender (GrpcLogAppender.java:onNext(257)) - omNode-1@group-523986131536->omNode-2-AppendLogResponseHandler: received a reply omNode-1<-omNode-2#25:OK,SUCCESS,nextIndex:1,term:1,followerCommit:0, request=AppendEntriesRequest:cid=25,entriesCount=0,lastEntry=null
2020-06-25 11:03:04,207 [Listener at 127.0.0.1/10636] INFO  ozone.MiniOzoneClusterImpl (MiniOzoneClusterImpl.java:lambda$waitForClusterToBeReady$0(177)) - Nodes are ready. Got 3 of 3 DN Heartbeats.
2020-06-25 11:03:04,207 [Listener at 127.0.0.1/10636] INFO  ozone.MiniOzoneClusterImpl (MiniOzoneClusterImpl.java:lambda$waitForClusterToBeReady$0(180)) - Cluster exits safe mode
2020-06-25 11:03:04,229 [Listener at 127.0.0.1/10636] INFO  rpc.RpcClient (RpcClient.java:createVolume(310)) - Creating Volume: volume04747, with user02608 as owner.
2020-06-25 11:03:04,230 [IPC Server handler 0 on default port 10624] DEBUG impl.RaftServerImpl (RaftServerImpl.java:submitClientRequestAsync(575)) - omNode-1@group-523986131536: receive client request(RaftClientRequest:client-BC48E1CFE2CE->omNode-1@group-523986131536, cid=100, seq=0, RW, Message:080b12001a13636c6965...(size=143))
2020-06-25 11:03:04,231 [IPC Server handler 0 on default port 10624] DEBUG impl.RaftServerImpl (LeaderState.java:addPendingRequest(335)) - omNode-1@group-523986131536-LeaderState: addPendingRequest at RaftClientRequest:client-BC48E1CFE2CE->omNode-1@group-523986131536, cid=100, seq=0, RW, Message:080b12001a13636c6965...(size=143), entry=(t:1, i:1), STATEMACHINELOGENTRY, client-BC48E1CFE2CE, cid=100
2020-06-25 11:03:04,233 [grpc-default-executor-4] DEBUG impl.RaftServerImpl (RaftServerImpl.java:logAppendEntries(928)) - omNode-3@group-523986131536: receive appendEntries(omNode-1, 1, (t:1, i:0), 0, false, commits[omNode-1:c0, omNode-3:c0, omNode-2:c0], entries: (t:1, i:1), STATEMACHINELOGENTRY, client-BC48E1CFE2CE, cid=100
2020-06-25 11:03:04,234 [grpc-default-executor-4] INFO  ratis.OzoneManagerStateMachine (OzoneManagerStateMachine.java:getLatestSnapshot(147)) - Latest Snapshot Info 0#-1
2020-06-25 11:03:04,234 [grpc-default-executor-4] INFO  ratis.OzoneManagerStateMachine (OzoneManagerStateMachine.java:getLatestSnapshot(147)) - Latest Snapshot Info 0#-1
2020-06-25 11:03:04,234 [grpc-default-executor-3] DEBUG impl.RaftServerImpl (RaftServerImpl.java:logAppendEntries(928)) - omNode-2@group-523986131536: receive appendEntries(omNode-1, 1, (t:1, i:0), 0, false, commits[omNode-1:c0, omNode-3:c0, omNode-2:c0], entries: (t:1, i:1), STATEMACHINELOGENTRY, client-BC48E1CFE2CE, cid=100
2020-06-25 11:03:04,234 [grpc-default-executor-3] INFO  ratis.OzoneManagerStateMachine (OzoneManagerStateMachine.java:getLatestSnapshot(147)) - Latest Snapshot Info 0#-1
2020-06-25 11:03:04,234 [grpc-default-executor-3] INFO  ratis.OzoneManagerStateMachine (OzoneManagerStateMachine.java:getLatestSnapshot(147)) - Latest Snapshot Info 0#-1
2020-06-25 11:03:04,240 [Thread-1763] DEBUG impl.RaftServerImpl (RaftServerImpl.java:logAppendEntries(928)) - omNode-3@group-523986131536: succeeded to handle AppendEntries. Reply: omNode-1<-omNode-3#26:OK,SUCCESS,nextIndex:2,term:1,followerCommit:0
2020-06-25 11:03:04,240 [grpc-default-executor-3] DEBUG server.GrpcLogAppender (GrpcLogAppender.java:onNext(257)) - omNode-1@group-523986131536->omNode-3-AppendLogResponseHandler: received a reply omNode-1<-omNode-3#26:OK,SUCCESS,nextIndex:2,term:1,followerCommit:0, request=AppendEntriesRequest:cid=26,entriesCount=1,lastEntry=(t:1, i:1)
2020-06-25 11:03:04,244 [grpc-default-executor-3] DEBUG impl.RaftServerImpl (RaftServerImpl.java:logAppendEntries(928)) - omNode-3@group-523986131536: receive appendEntries(omNode-1, 1, (t:1, i:1), 1, false, commits[omNode-1:c1, omNode-3:c0, omNode-2:c0], entries: (t:1, i:2), METADATAENTRY(c:1)
2020-06-25 11:03:04,244 [grpc-default-executor-3] INFO  ratis.OzoneManagerStateMachine (OzoneManagerStateMachine.java:getLatestSnapshot(147)) - Latest Snapshot Info 0#-1
2020-06-25 11:03:04,244 [grpc-default-executor-3] INFO  ratis.OzoneManagerStateMachine (OzoneManagerStateMachine.java:getLatestSnapshot(147)) - Latest Snapshot Info 0#-1
2020-06-25 11:03:04,245 [grpc-default-executor-3] DEBUG impl.RaftServerImpl (RaftServerImpl.java:logAppendEntries(928)) - omNode-2@group-523986131536: receive appendEntries(omNode-1, 1, (t:1, i:1), 1, false, commits[omNode-1:c1, omNode-3:c0, omNode-2:c0], entries: (t:1, i:2), METADATAENTRY(c:1)
2020-06-25 11:03:04,245 [grpc-default-executor-3] INFO  ratis.OzoneManagerStateMachine (OzoneManagerStateMachine.java:getLatestSnapshot(147)) - Latest Snapshot Info 0#-1
2020-06-25 11:03:04,246 [grpc-default-executor-3] INFO  ratis.OzoneManagerStateMachine (OzoneManagerStateMachine.java:getLatestSnapshot(147)) - Latest Snapshot Info 0#-1
2020-06-25 11:03:04,251 [Thread-1764] DEBUG impl.RaftServerImpl (RaftServerImpl.java:logAppendEntries(928)) - omNode-2@group-523986131536: succeeded to handle AppendEntries. Reply: omNode-1<-omNode-2#26:OK,SUCCESS,nextIndex:2,term:1,followerCommit:0
2020-06-25 11:03:04,251 [grpc-default-executor-3] DEBUG server.GrpcLogAppender (GrpcLogAppender.java:onNext(257)) - omNode-1@group-523986131536->omNode-2-AppendLogResponseHandler: received a reply omNode-1<-omNode-2#26:OK,SUCCESS,nextIndex:2,term:1,followerCommit:0, request=AppendEntriesRequest:cid=26,entriesCount=1,lastEntry=(t:1, i:1)
2020-06-25 11:03:04,251 [OM StateMachine ApplyTransaction Thread - 0] INFO  volume.OMVolumeCreateRequest (OMVolumeCreateRequest.java:validateAndUpdateCache(204)) - created volume:volume04747 for user:user02608
2020-06-25 11:03:04,252 [Thread-1766] DEBUG impl.RaftServerImpl (RaftServerImpl.java:logAppendEntries(928)) - omNode-2@group-523986131536: succeeded to handle AppendEntries. Reply: omNode-1<-omNode-2#27:OK,SUCCESS,nextIndex:3,term:1,followerCommit:1
2020-06-25 11:03:04,253 [grpc-default-executor-3] DEBUG server.GrpcLogAppender (GrpcLogAppender.java:onNext(257)) - omNode-1@group-523986131536->omNode-2-AppendLogResponseHandler: received a reply omNode-1<-omNode-2#27:OK,SUCCESS,nextIndex:3,term:1,followerCommit:1, request=AppendEntriesRequest:cid=27,entriesCount=1,lastEntry=(t:1, i:2)
2020-06-25 11:03:04,260 [Thread-1765] DEBUG impl.RaftServerImpl (RaftServerImpl.java:logAppendEntries(928)) - omNode-3@group-523986131536: succeeded to handle AppendEntries. Reply: omNode-1<-omNode-3#27:OK,SUCCESS,nextIndex:3,term:1,followerCommit:1
2020-06-25 11:03:04,261 [grpc-default-executor-3] DEBUG server.GrpcLogAppender (GrpcLogAppender.java:onNext(257)) - omNode-1@group-523986131536->omNode-3-AppendLogResponseHandler: received a reply omNode-1<-omNode-3#27:OK,SUCCESS,nextIndex:3,term:1,followerCommit:1, request=AppendEntriesRequest:cid=27,entriesCount=1,lastEntry=(t:1, i:2)
2020-06-25 11:03:04,265 [OM StateMachine ApplyTransaction Thread - 0] INFO  volume.OMVolumeCreateRequest (OMVolumeCreateRequest.java:validateAndUpdateCache(204)) - created volume:volume04747 for user:user02608
2020-06-25 11:03:04,267 [OM StateMachine ApplyTransaction Thread - 0] INFO  volume.OMVolumeCreateRequest (OMVolumeCreateRequest.java:validateAndUpdateCache(204)) - created volume:volume04747 for user:user02608
2020-06-25 11:03:04,287 [Listener at 127.0.0.1/10636] INFO  rpc.RpcClient (RpcClient.java:createBucket(450)) - Creating Bucket: volume04747/7590a5fb-6b72-4ef3-ba75-430649138fec, with Versioning false and Storage Type set to DISK and Encryption set to false 
2020-06-25 11:03:04,288 [IPC Server handler 5 on default port 10624] DEBUG impl.RaftServerImpl (RaftServerImpl.java:submitClientRequestAsync(575)) - omNode-1@group-523986131536: receive client request(RaftClientRequest:client-BC48E1CFE2CE->omNode-1@group-523986131536, cid=101, seq=0, RW, Message:081512001a13636c6965...(size=173))
2020-06-25 11:03:04,299 [IPC Server handler 5 on default port 10624] DEBUG impl.RaftServerImpl (LeaderState.java:addPendingRequest(335)) - omNode-1@group-523986131536-LeaderState: addPendingRequest at RaftClientRequest:client-BC48E1CFE2CE->omNode-1@group-523986131536, cid=101, seq=0, RW, Message:081512001a13636c6965...(size=173), entry=(t:1, i:3), STATEMACHINELOGENTRY, client-BC48E1CFE2CE, cid=101
2020-06-25 11:03:04,301 [grpc-default-executor-3] DEBUG impl.RaftServerImpl (RaftServerImpl.java:logAppendEntries(928)) - omNode-3@group-523986131536: receive appendEntries(omNode-1, 1, (t:1, i:2), 2, false, commits[omNode-1:c2, omNode-3:c1, omNode-2:c1], entries: (t:1, i:3), STATEMACHINELOGENTRY, client-BC48E1CFE2CE, cid=101
2020-06-25 11:03:04,301 [grpc-default-executor-3] INFO  ratis.OzoneManagerStateMachine (OzoneManagerStateMachine.java:getLatestSnapshot(147)) - Latest Snapshot Info 0#-1
2020-06-25 11:03:04,301 [grpc-default-executor-3] INFO  ratis.OzoneManagerStateMachine (OzoneManagerStateMachine.java:getLatestSnapshot(147)) - Latest Snapshot Info 0#-1
2020-06-25 11:03:04,302 [grpc-default-executor-4] DEBUG impl.RaftServerImpl (RaftServerImpl.java:logAppendEntries(928)) - omNode-2@group-523986131536: receive appendEntries(omNode-1, 1, (t:1, i:2), 2, false, commits[omNode-1:c2, omNode-3:c1, omNode-2:c1], entries: (t:1, i:3), STATEMACHINELOGENTRY, client-BC48E1CFE2CE, cid=101
2020-06-25 11:03:04,302 [grpc-default-executor-4] INFO  ratis.OzoneManagerStateMachine (OzoneManagerStateMachine.java:getLatestSnapshot(147)) - Latest Snapshot Info 0#-1
2020-06-25 11:03:04,302 [grpc-default-executor-4] INFO  ratis.OzoneManagerStateMachine (OzoneManagerStateMachine.java:getLatestSnapshot(147)) - Latest Snapshot Info 0#-1
2020-06-25 11:03:04,316 [Thread-1767] DEBUG impl.RaftServerImpl (RaftServerImpl.java:logAppendEntries(928)) - omNode-3@group-523986131536: succeeded to handle AppendEntries. Reply: omNode-1<-omNode-3#28:OK,SUCCESS,nextIndex:4,term:1,followerCommit:2
2020-06-25 11:03:04,317 [grpc-default-executor-4] DEBUG server.GrpcLogAppender (GrpcLogAppender.java:onNext(257)) - omNode-1@group-523986131536->omNode-3-AppendLogResponseHandler: received a reply omNode-1<-omNode-3#28:OK,SUCCESS,nextIndex:4,term:1,followerCommit:2, request=AppendEntriesRequest:cid=28,entriesCount=1,lastEntry=(t:1, i:3)
2020-06-25 11:03:04,319 [Thread-1768] DEBUG impl.RaftServerImpl (RaftServerImpl.java:logAppendEntries(928)) - omNode-2@group-523986131536: succeeded to handle AppendEntries. Reply: omNode-1<-omNode-2#28:OK,SUCCESS,nextIndex:4,term:1,followerCommit:2
2020-06-25 11:03:04,320 [grpc-default-executor-3] DEBUG server.GrpcLogAppender (GrpcLogAppender.java:onNext(257)) - omNode-1@group-523986131536->omNode-2-AppendLogResponseHandler: received a reply omNode-1<-omNode-2#28:OK,SUCCESS,nextIndex:4,term:1,followerCommit:2, request=AppendEntriesRequest:cid=28,entriesCount=1,lastEntry=(t:1, i:3)
2020-06-25 11:03:04,321 [grpc-default-executor-3] DEBUG impl.RaftServerImpl (RaftServerImpl.java:logAppendEntries(928)) - omNode-2@group-523986131536: receive appendEntries(omNode-1, 1, (t:1, i:3), 3, false, commits[omNode-1:c3, omNode-3:c2, omNode-2:c2], entries: (t:1, i:4), METADATAENTRY(c:3)
2020-06-25 11:03:04,321 [grpc-default-executor-3] INFO  ratis.OzoneManagerStateMachine (OzoneManagerStateMachine.java:getLatestSnapshot(147)) - Latest Snapshot Info 0#-1
2020-06-25 11:03:04,321 [grpc-default-executor-3] INFO  ratis.OzoneManagerStateMachine (OzoneManagerStateMachine.java:getLatestSnapshot(147)) - Latest Snapshot Info 0#-1
2020-06-25 11:03:04,321 [grpc-default-executor-6] DEBUG impl.RaftServerImpl (RaftServerImpl.java:logAppendEntries(928)) - omNode-3@group-523986131536: receive appendEntries(omNode-1, 1, (t:1, i:3), 3, false, commits[omNode-1:c3, omNode-3:c2, omNode-2:c2], entries: (t:1, i:4), METADATAENTRY(c:3)
2020-06-25 11:03:04,321 [grpc-default-executor-6] INFO  ratis.OzoneManagerStateMachine (OzoneManagerStateMachine.java:getLatestSnapshot(147)) - Latest Snapshot Info 0#-1
2020-06-25 11:03:04,321 [grpc-default-executor-6] INFO  ratis.OzoneManagerStateMachine (OzoneManagerStateMachine.java:getLatestSnapshot(147)) - Latest Snapshot Info 0#-1
2020-06-25 11:03:04,323 [Thread-1769] DEBUG impl.RaftServerImpl (RaftServerImpl.java:logAppendEntries(928)) - omNode-2@group-523986131536: succeeded to handle AppendEntries. Reply: omNode-1<-omNode-2#29:OK,SUCCESS,nextIndex:5,term:1,followerCommit:3
2020-06-25 11:03:04,324 [grpc-default-executor-6] DEBUG server.GrpcLogAppender (GrpcLogAppender.java:onNext(257)) - omNode-1@group-523986131536->omNode-2-AppendLogResponseHandler: received a reply omNode-1<-omNode-2#29:OK,SUCCESS,nextIndex:5,term:1,followerCommit:3, request=AppendEntriesRequest:cid=29,entriesCount=1,lastEntry=(t:1, i:4)
2020-06-25 11:03:04,326 [Thread-1770] DEBUG impl.RaftServerImpl (RaftServerImpl.java:logAppendEntries(928)) - omNode-3@group-523986131536: succeeded to handle AppendEntries. Reply: omNode-1<-omNode-3#29:OK,SUCCESS,nextIndex:5,term:1,followerCommit:3
2020-06-25 11:03:04,326 [grpc-default-executor-6] DEBUG server.GrpcLogAppender (GrpcLogAppender.java:onNext(257)) - omNode-1@group-523986131536->omNode-3-AppendLogResponseHandler: received a reply omNode-1<-omNode-3#29:OK,SUCCESS,nextIndex:5,term:1,followerCommit:3, request=AppendEntriesRequest:cid=29,entriesCount=1,lastEntry=(t:1, i:4)
2020-06-25 11:03:04,329 [IPC Server handler 3 on default port 10624] DEBUG impl.RaftServerImpl (RaftServerImpl.java:submitClientRequestAsync(575)) - omNode-1@group-523986131536: receive client request(RaftClientRequest:client-BC48E1CFE2CE->omNode-1@group-523986131536, cid=102, seq=0, RW, Message:082d12001a13636c6965...(size=266))
2020-06-25 11:03:04,329 [IPC Server handler 3 on default port 10624] DEBUG impl.RaftServerImpl (LeaderState.java:addPendingRequest(335)) - omNode-1@group-523986131536-LeaderState: addPendingRequest at RaftClientRequest:client-BC48E1CFE2CE->omNode-1@group-523986131536, cid=102, seq=0, RW, Message:082d12001a13636c6965...(size=266), entry=(t:1, i:5), STATEMACHINELOGENTRY, client-BC48E1CFE2CE, cid=102
2020-06-25 11:03:04,330 [grpc-default-executor-6] DEBUG impl.RaftServerImpl (RaftServerImpl.java:logAppendEntries(928)) - omNode-3@group-523986131536: receive appendEntries(omNode-1, 1, (t:1, i:4), 4, false, commits[omNode-1:c4, omNode-3:c3, omNode-2:c3], entries: (t:1, i:5), STATEMACHINELOGENTRY, client-BC48E1CFE2CE, cid=102
2020-06-25 11:03:04,330 [grpc-default-executor-4] DEBUG impl.RaftServerImpl (RaftServerImpl.java:logAppendEntries(928)) - omNode-2@group-523986131536: receive appendEntries(omNode-1, 1, (t:1, i:4), 4, false, commits[omNode-1:c4, omNode-3:c3, omNode-2:c3], entries: (t:1, i:5), STATEMACHINELOGENTRY, client-BC48E1CFE2CE, cid=102
2020-06-25 11:03:04,330 [grpc-default-executor-6] INFO  ratis.OzoneManagerStateMachine (OzoneManagerStateMachine.java:getLatestSnapshot(147)) - Latest Snapshot Info 0#-1
2020-06-25 11:03:04,330 [grpc-default-executor-6] INFO  ratis.OzoneManagerStateMachine (OzoneManagerStateMachine.java:getLatestSnapshot(147)) - Latest Snapshot Info 0#-1
2020-06-25 11:03:04,330 [grpc-default-executor-4] INFO  ratis.OzoneManagerStateMachine (OzoneManagerStateMachine.java:getLatestSnapshot(147)) - Latest Snapshot Info 0#-1
2020-06-25 11:03:04,330 [grpc-default-executor-4] INFO  ratis.OzoneManagerStateMachine (OzoneManagerStateMachine.java:getLatestSnapshot(147)) - Latest Snapshot Info 0#-1
2020-06-25 11:03:04,336 [Thread-1771] DEBUG impl.RaftServerImpl (RaftServerImpl.java:logAppendEntries(928)) - omNode-3@group-523986131536: succeeded to handle AppendEntries. Reply: omNode-1<-omNode-3#30:OK,SUCCESS,nextIndex:6,term:1,followerCommit:4
2020-06-25 11:03:04,337 [grpc-default-executor-4] DEBUG server.GrpcLogAppender (GrpcLogAppender.java:onNext(257)) - omNode-1@group-523986131536->omNode-3-AppendLogResponseHandler: received a reply omNode-1<-omNode-3#30:OK,SUCCESS,nextIndex:6,term:1,followerCommit:4, request=AppendEntriesRequest:cid=30,entriesCount=1,lastEntry=(t:1, i:5)
2020-06-25 11:03:04,338 [grpc-default-executor-6] DEBUG impl.RaftServerImpl (RaftServerImpl.java:logAppendEntries(928)) - omNode-2@group-523986131536: receive appendEntries(omNode-1, 1, (t:1, i:5), 5, false, commits[omNode-1:c5, omNode-3:c4, omNode-2:c3], entries: (t:1, i:6), METADATAENTRY(c:5)
2020-06-25 11:03:04,338 [grpc-default-executor-6] INFO  ratis.OzoneManagerStateMachine (OzoneManagerStateMachine.java:getLatestSnapshot(147)) - Latest Snapshot Info 0#-1
2020-06-25 11:03:04,338 [grpc-default-executor-6] INFO  ratis.OzoneManagerStateMachine (OzoneManagerStateMachine.java:getLatestSnapshot(147)) - Latest Snapshot Info 0#-1
2020-06-25 11:03:04,339 [Listener at 127.0.0.1/10636] INFO  ipc.Server (Server.java:stop(3359)) - Stopping server on 10624
2020-06-25 11:03:04,340 [Thread-1772] DEBUG impl.RaftServerImpl (RaftServerImpl.java:logAppendEntries(928)) - omNode-2@group-523986131536: succeeded to handle AppendEntries. Reply: omNode-1<-omNode-2#30:OK,SUCCESS,nextIndex:6,term:1,followerCommit:4
2020-06-25 11:03:04,346 [grpc-default-executor-6] DEBUG server.GrpcLogAppender (GrpcLogAppender.java:onNext(257)) - omNode-1@group-523986131536->omNode-2-AppendLogResponseHandler: received a reply omNode-1<-omNode-2#30:OK,SUCCESS,nextIndex:6,term:1,followerCommit:4, request=AppendEntriesRequest:cid=30,entriesCount=1,lastEntry=(t:1, i:5)
2020-06-25 11:03:04,345 [Listener at 127.0.0.1/10636] INFO  impl.RaftServerProxy (RaftServerProxy.java:lambda$close$4(319)) - omNode-1: close
2020-06-25 11:03:04,345 [IPC Server Responder] INFO  ipc.Server (Server.java:run(1465)) - Stopping IPC Server Responder
2020-06-25 11:03:04,345 [IPC Server listener on 10624] INFO  ipc.Server (Server.java:run(1330)) - Stopping IPC Server listener on 10624
2020-06-25 11:03:04,341 [grpc-default-executor-4] DEBUG impl.RaftServerImpl (RaftServerImpl.java:logAppendEntries(928)) - omNode-3@group-523986131536: receive appendEntries(omNode-1, 1, (t:1, i:5), 5, false, commits[omNode-1:c5, omNode-3:c4, omNode-2:c3], entries: (t:1, i:6), METADATAENTRY(c:5)
2020-06-25 11:03:04,346 [grpc-default-executor-4] INFO  ratis.OzoneManagerStateMachine (OzoneManagerStateMachine.java:getLatestSnapshot(147)) - Latest Snapshot Info 0#-1
2020-06-25 11:03:04,346 [grpc-default-executor-4] INFO  ratis.OzoneManagerStateMachine (OzoneManagerStateMachine.java:getLatestSnapshot(147)) - Latest Snapshot Info 0#-1
2020-06-25 11:03:04,346 [Listener at 127.0.0.1/10636] INFO  impl.RaftServerImpl (RaftServerImpl.java:lambda$shutdown$3(252)) - omNode-1@group-523986131536: shutdown
2020-06-25 11:03:04,349 [Listener at 127.0.0.1/10636] INFO  util.JmxRegister (JmxRegister.java:unregister(73)) - Successfully un-registered JMX Bean with object name Ratis:service=RaftServer,group=group-523986131536,id=omNode-1
2020-06-25 11:03:04,349 [Listener at 127.0.0.1/10636] INFO  impl.RoleInfo (RoleInfo.java:shutdownLeaderState(104)) - omNode-1: shutdown LeaderState
2020-06-25 11:03:04,349 [Listener at 127.0.0.1/10636] INFO  metrics.RatisMetrics (RatisMetrics.java:unregister(43)) - Unregistering Metrics Registry : ratis_grpc.log_appender.omNode-1@group-523986131536
2020-06-25 11:03:04,350 [Listener at 127.0.0.1/10636] INFO  metrics.RatisMetrics (RatisMetrics.java:unregister(43)) - Unregistering Metrics Registry : ratis_grpc.log_appender.omNode-1@group-523986131536
2020-06-25 11:03:04,350 [org.apache.ratis.server.impl.LogAppender$AppenderDaemon$$Lambda$336/141621418@342edcd1] WARN  server.GrpcLogAppender (GrpcLogAppender.java:mayWait(153)) - omNode-1@group-523986131536->omNode-3-GrpcLogAppender: Wait interrupted by java.lang.InterruptedException
2020-06-25 11:03:04,350 [Thread-1773] DEBUG impl.RaftServerImpl (RaftServerImpl.java:logAppendEntries(928)) - omNode-2@group-523986131536: succeeded to handle AppendEntries. Reply: omNode-1<-omNode-2#31:OK,SUCCESS,nextIndex:7,term:1,followerCommit:5
2020-06-25 11:03:04,351 [grpc-default-executor-6] DEBUG server.GrpcLogAppender (GrpcLogAppender.java:onNext(257)) - omNode-1@group-523986131536->omNode-2-AppendLogResponseHandler: received a reply omNode-1<-omNode-2#31:OK,SUCCESS,nextIndex:7,term:1,followerCommit:5, request=AppendEntriesRequest:cid=31,entriesCount=1,lastEntry=(t:1, i:6)
2020-06-25 11:03:04,351 [grpc-default-executor-4] INFO  server.GrpcServerProtocolService (GrpcServerProtocolService.java:onCompleted(138)) - omNode-3: Completed APPEND_ENTRIES, lastRequest: omNode-1->omNode-3#31-t1, previous=(t:1, i:5), leaderCommit=5, initializing? false, entries: size=1, first=(t:1, i:6), METADATAENTRY(c:5)
2020-06-25 11:03:04,351 [grpc-default-executor-4] INFO  server.GrpcLogAppender (GrpcLogAppender.java:onCompleted(319)) - omNode-1@group-523986131536->omNode-3-AppendLogResponseHandler: follower responses appendEntries COMPLETED
2020-06-25 11:03:04,358 [Listener at 127.0.0.1/10636] INFO  impl.PendingRequests (PendingRequests.java:sendNotLeaderResponses(249)) - omNode-1@group-523986131536-PendingRequests: sendNotLeaderResponses
2020-06-25 11:03:04,358 [org.apache.ratis.server.impl.LogAppender$AppenderDaemon$$Lambda$336/141621418@25e478a0] WARN  server.GrpcLogAppender (GrpcLogAppender.java:mayWait(153)) - omNode-1@group-523986131536->omNode-2-GrpcLogAppender: Wait interrupted by java.lang.InterruptedException
2020-06-25 11:03:04,359 [grpc-default-executor-6] INFO  server.GrpcServerProtocolService (GrpcServerProtocolService.java:onCompleted(138)) - omNode-2: Completed APPEND_ENTRIES, lastRequest: omNode-1->omNode-2#31-t1, previous=(t:1, i:5), leaderCommit=5, initializing? false, entries: size=1, first=(t:1, i:6), METADATAENTRY(c:5)
2020-06-25 11:03:04,364 [Thread-1774] DEBUG impl.RaftServerImpl (RaftServerImpl.java:logAppendEntries(928)) - omNode-3@group-523986131536: succeeded to handle AppendEntries. Reply: omNode-1<-omNode-3#31:OK,SUCCESS,nextIndex:7,term:1,followerCommit:5
2020-06-25 11:03:04,364 [grpc-default-executor-4] INFO  impl.FollowerInfo (FollowerInfo.java:lambda$new$0(51)) - omNode-1@group-523986131536->omNode-3: nextIndex: updateUnconditionally 7 -> 6
2020-06-25 11:03:04,365 [grpc-default-executor-4] INFO  server.GrpcLogAppender (GrpcLogAppender.java:onCompleted(319)) - omNode-1@group-523986131536->omNode-2-AppendLogResponseHandler: follower responses appendEntries COMPLETED
2020-06-25 11:03:04,366 [Listener at 127.0.0.1/10636] INFO  metrics.RatisMetrics (RatisMetrics.java:unregister(43)) - Unregistering Metrics Registry : ratis.log_appender.omNode-1@group-523986131536
2020-06-25 11:03:04,366 [Listener at 127.0.0.1/10636] INFO  metrics.RatisMetrics (RatisMetrics.java:unregister(43)) - Unregistering Metrics Registry : ratis.server.omNode-1@group-523986131536
2020-06-25 11:03:04,366 [Listener at 127.0.0.1/10636] INFO  impl.StateMachineUpdater (StateMachineUpdater.java:stopAndJoin(142)) - omNode-1@group-523986131536-StateMachineUpdater: set stopIndex = 5
2020-06-25 11:03:04,367 [omNode-1@group-523986131536-StateMachineUpdater] INFO  ratis.OzoneManagerStateMachine (OzoneManagerStateMachine.java:takeSnapshot(355)) - Current Snapshot Index (t:1, i:5)
2020-06-25 11:03:04,367 [omNode-1@group-523986131536-StateMachineUpdater] INFO  impl.StateMachineUpdater (StateMachineUpdater.java:takeSnapshot(277)) - omNode-1@group-523986131536-StateMachineUpdater: Took a snapshot at index 5
2020-06-25 11:03:04,367 [omNode-1@group-523986131536-StateMachineUpdater] INFO  impl.StateMachineUpdater (StateMachineUpdater.java:lambda$new$0(87)) - omNode-1@group-523986131536-StateMachineUpdater: snapshotIndex: updateIncreasingly -1 -> 5
2020-06-25 11:03:04,367 [omNode-1@group-523986131536-StateMachineUpdater] INFO  metrics.RatisMetrics (RatisMetrics.java:unregister(43)) - Unregistering Metrics Registry : ratis.state_machine.omNode-1@group-523986131536
2020-06-25 11:03:04,367 [Listener at 127.0.0.1/10636] INFO  impl.RaftServerImpl (ServerState.java:close(387)) - omNode-1@group-523986131536: closes. applyIndex: 5
2020-06-25 11:03:04,367 [omNode-1@group-523986131536-SegmentedRaftLogWorker] INFO  segmented.SegmentedRaftLogWorker (SegmentedRaftLogWorker.java:run(327)) - omNode-1@group-523986131536-SegmentedRaftLogWorker was interrupted, exiting. There are 0 tasks remaining in the queue.
2020-06-25 11:03:04,368 [Listener at 127.0.0.1/10636] INFO  segmented.SegmentedRaftLogWorker (SegmentedRaftLogWorker.java:close(234)) - omNode-1@group-523986131536-SegmentedRaftLogWorker close()
2020-06-25 11:03:04,368 [grpc-default-executor-4] INFO  impl.FollowerInfo (FollowerInfo.java:lambda$new$0(51)) - omNode-1@group-523986131536->omNode-2: nextIndex: updateUnconditionally 7 -> 6
2020-06-25 11:03:04,369 [Listener at 127.0.0.1/10636] INFO  metrics.RatisMetrics (RatisMetrics.java:unregister(43)) - Unregistering Metrics Registry : ratis.log_worker.omNode-1@group-523986131536
2020-06-25 11:03:04,369 [Listener at 127.0.0.1/10636] INFO  metrics.RatisMetrics (RatisMetrics.java:unregister(43)) - Unregistering Metrics Registry : ratis.leader_election.omNode-1@group-523986131536
2020-06-25 11:03:04,369 [Listener at 127.0.0.1/10636] INFO  metrics.RatisMetrics (RatisMetrics.java:unregister(43)) - Unregistering Metrics Registry : ratis.server.omNode-1@group-523986131536
2020-06-25 11:03:04,369 [Listener at 127.0.0.1/10636] INFO  server.GrpcService (GrpcService.java:closeImpl(166)) - omNode-1: shutdown server with port 10628 now
2020-06-25 11:03:04,370 [Listener at 127.0.0.1/10636] INFO  server.GrpcService (GrpcService.java:closeImpl(174)) - omNode-1: shutdown server with port 10628 successfully
2020-06-25 11:03:04,371 [Listener at 127.0.0.1/10636] INFO  ratis.OzoneManagerDoubleBuffer (OzoneManagerDoubleBuffer.java:stop(410)) - Stopping OMDoubleBuffer flush thread
2020-06-25 11:03:04,371 [OMDoubleBufferFlushThread] INFO  ratis.OzoneManagerDoubleBuffer (OzoneManagerDoubleBuffer.java:flushTransactions(342)) - OMDoubleBuffer flush thread OMDoubleBufferFlushThread is interrupted and will exit. OMDoubleBufferFlushThread
2020-06-25 11:03:04,371 [Listener at 127.0.0.1/10636] INFO  ratis.OzoneManagerStateMachine (HadoopExecutors.java:shutdown(118)) - Gracefully shutting down executor service. Waiting max 5 SECONDS
2020-06-25 11:03:04,371 [Listener at 127.0.0.1/10636] INFO  ratis.OzoneManagerStateMachine (HadoopExecutors.java:shutdown(129)) - Succesfully shutdown executor service
2020-06-25 11:03:04,371 [Listener at 127.0.0.1/10636] INFO  ratis.OzoneManagerStateMachine (HadoopExecutors.java:shutdown(118)) - Gracefully shutting down executor service. Waiting max 5 SECONDS
2020-06-25 11:03:04,371 [Listener at 127.0.0.1/10636] INFO  ratis.OzoneManagerStateMachine (HadoopExecutors.java:shutdown(129)) - Succesfully shutdown executor service
2020-06-25 11:03:04,371 [Listener at 127.0.0.1/10636] INFO  utils.BackgroundService (BackgroundService.java:shutdown(157)) - Shutting down service KeyDeletingService
2020-06-25 11:03:04,372 [Listener at 127.0.0.1/10636] INFO  handler.ContextHandler (ContextHandler.java:doStop(1016)) - Stopped o.e.j.w.WebAppContext@619b105{ozoneManager,/,null,UNAVAILABLE}{file:/github/workspace/mnt/ozone/hadoop-ozone/integration-test/target/test-classes/webapps/ozoneManager}
2020-06-25 11:03:04,372 [Listener at 127.0.0.1/10636] INFO  server.AbstractConnector (AbstractConnector.java:doStop(380)) - Stopped ServerConnector@4e0d8ed7{HTTP/1.1,[http/1.1]}{0.0.0.0:10626}
2020-06-25 11:03:04,372 [Listener at 127.0.0.1/10636] INFO  server.session (HouseKeeper.java:stopScavenging(158)) - node0 Stopped scavenging
2020-06-25 11:03:04,372 [Listener at 127.0.0.1/10636] INFO  handler.ContextHandler (ContextHandler.java:doStop(1016)) - Stopped o.e.j.s.ServletContextHandler@768a91d0{static,/static,file:///github/workspace/mnt/ozone/hadoop-ozone/integration-test/target/test-classes/webapps/static,UNAVAILABLE}
2020-06-25 11:03:04,373 [Listener at 127.0.0.1/10636] INFO  handler.ContextHandler (ContextHandler.java:doStop(1016)) - Stopped o.e.j.s.ServletContextHandler@52c4d40e{logs,/logs,file:///github/workspace/mnt/ozone/hadoop-ozone/integration-test/target/log,UNAVAILABLE}
2020-06-25 11:03:05,928 [grpc-default-executor-4] DEBUG server.GrpcLogAppender (GrpcLogAppender.java:onNext(257)) - 4a701bf3-65c5-4a6b-a9bd-8d146b70a3c5@group-FA8FC8FC0B25->41a654b2-66a7-4542-b2c0-cec1bd614880-AppendLogResponseHandler: received a reply 4a701bf3-65c5-4a6b-a9bd-8d146b70a3c5<-41a654b2-66a7-4542-b2c0-cec1bd614880#2:OK,SUCCESS,nextIndex:1,term:1,followerCommit:0, request=AppendEntriesRequest:cid=2,entriesCount=0,lastEntry=null
2020-06-25 11:03:05,930 [grpc-default-executor-4] DEBUG server.GrpcLogAppender (GrpcLogAppender.java:onNext(257)) - 4a701bf3-65c5-4a6b-a9bd-8d146b70a3c5@group-FA8FC8FC0B25->46f5dd17-f708-4f3a-b37a-c80b662a6b15-AppendLogResponseHandler: received a reply 4a701bf3-65c5-4a6b-a9bd-8d146b70a3c5<-46f5dd17-f708-4f3a-b37a-c80b662a6b15#2:OK,SUCCESS,nextIndex:1,term:1,followerCommit:0, request=AppendEntriesRequest:cid=2,entriesCount=0,lastEntry=null
2020-06-25 11:03:06,055 [Thread-1650] INFO  impl.FollowerState (FollowerState.java:run(108)) - omNode-2@group-523986131536-FollowerState: change to CANDIDATE, lastRpcTime:1704ms, electionTimeout:1121ms
2020-06-25 11:03:06,055 [Thread-1650] INFO  impl.RoleInfo (RoleInfo.java:shutdownFollowerState(121)) - omNode-2: shutdown FollowerState
2020-06-25 11:03:06,055 [Thread-1650] INFO  impl.RaftServerImpl (RaftServerImpl.java:setRole(175)) - omNode-2@group-523986131536: changes role from  FOLLOWER to CANDIDATE at term 1 for changeToCandidate
2020-06-25 11:03:06,055 [Thread-1650] INFO  impl.RoleInfo (RoleInfo.java:updateAndGet(143)) - omNode-2: start LeaderElection
2020-06-25 11:03:06,056 [omNode-2@group-523986131536-LeaderElection28] INFO  impl.RaftServerImpl (ServerState.java:setLeader(255)) - omNode-2@group-523986131536: change Leader from omNode-1 to null at term 1 for initElection
2020-06-25 11:03:06,058 [omNode-2@group-523986131536-LeaderElection28] INFO  impl.LeaderElection (LeaderElection.java:askForVotes(206)) - omNode-2@group-523986131536-LeaderElection28: begin an election at term 2 for 0: [omNode-3:localhost:10640, omNode-1:localhost:10628, omNode-2:localhost:10634], old=null
2020-06-25 11:03:06,065 [omNode-2@group-523986131536-LeaderElection28] INFO  impl.LeaderElection (LogUtils.java:infoOrTrace(137)) - omNode-2@group-523986131536-LeaderElection28 got exception when requesting votes: java.util.concurrent.ExecutionException: org.apache.ratis.thirdparty.io.grpc.StatusRuntimeException: UNAVAILABLE: io exception
2020-06-25 11:03:06,077 [grpc-default-executor-4] DEBUG impl.RaftServerImpl (RaftServerImpl.java:requestVote(821)) - omNode-3@group-523986131536: receive requestVote(omNode-2, group-523986131536, 2, (t:1, i:6))
2020-06-25 11:03:06,077 [grpc-default-executor-4] INFO  impl.RaftServerImpl (ServerState.java:setLeader(255)) - omNode-3@group-523986131536: change Leader from omNode-1 to null at term 2 for updateCurrentTerm
2020-06-25 11:03:06,077 [grpc-default-executor-4] INFO  impl.RaftServerImpl (RaftServerImpl.java:setRole(175)) - omNode-3@group-523986131536: changes role from  FOLLOWER to FOLLOWER at term 2 for recognizeCandidate:omNode-2
2020-06-25 11:03:06,077 [grpc-default-executor-4] INFO  impl.RoleInfo (RoleInfo.java:shutdownFollowerState(121)) - omNode-3: shutdown FollowerState
2020-06-25 11:03:06,077 [grpc-default-executor-4] INFO  impl.RoleInfo (RoleInfo.java:updateAndGet(143)) - omNode-3: start FollowerState
2020-06-25 11:03:06,077 [Thread-1649] INFO  impl.FollowerState (FollowerState.java:run(117)) - omNode-3@group-523986131536-FollowerState was interrupted: java.lang.InterruptedException: sleep interrupted
2020-06-25 11:03:06,078 [grpc-default-executor-4] INFO  ratis.OzoneManagerStateMachine (OzoneManagerStateMachine.java:getLatestSnapshot(147)) - Latest Snapshot Info 0#-1
2020-06-25 11:03:06,083 [grpc-default-executor-4] DEBUG impl.RaftServerImpl (RaftServerImpl.java:requestVote(853)) - omNode-3@group-523986131536 replies to vote request: omNode-2<-omNode-3#0:OK-t2. Peer's state: omNode-3@group-523986131536:t2, leader=null, voted=omNode-2, raftlog=omNode-3@group-523986131536-SegmentedRaftLog:OPENED:c5,f6,i6, conf=0: [omNode-3:localhost:10640, omNode-1:localhost:10628, omNode-2:localhost:10634], old=null
2020-06-25 11:03:06,089 [omNode-2@group-523986131536-LeaderElection28] INFO  impl.LeaderElection (LeaderElection.java:logAndReturn(61)) - omNode-2@group-523986131536-LeaderElection28: Election PASSED; received 1 response(s) [omNode-2<-omNode-3#0:OK-t2] and 1 exception(s); omNode-2@group-523986131536:t2, leader=null, voted=omNode-2, raftlog=omNode-2@group-523986131536-SegmentedRaftLog:OPENED:c5,f6,i6, conf=0: [omNode-3:localhost:10640, omNode-1:localhost:10628, omNode-2:localhost:10634], old=null
2020-06-25 11:03:06,089 [omNode-2@group-523986131536-LeaderElection28] INFO  impl.LeaderElection (LogUtils.java:infoOrTrace(137)) -   Exception 0: java.util.concurrent.ExecutionException: org.apache.ratis.thirdparty.io.grpc.StatusRuntimeException: UNAVAILABLE: io exception
2020-06-25 11:03:06,089 [omNode-2@group-523986131536-LeaderElection28] INFO  impl.RoleInfo (RoleInfo.java:shutdownLeaderElection(134)) - omNode-2: shutdown LeaderElection
2020-06-25 11:03:06,089 [omNode-2@group-523986131536-LeaderElection28] INFO  impl.RaftServerImpl (RaftServerImpl.java:setRole(175)) - omNode-2@group-523986131536: changes role from CANDIDATE to LEADER at term 2 for changeToLeader
2020-06-25 11:03:06,089 [omNode-2@group-523986131536-LeaderElection28] INFO  impl.RaftServerImpl (ServerState.java:setLeader(255)) - omNode-2@group-523986131536: change Leader from null to omNode-2 at term 2 for becomeLeader, leader elected after 33ms
2020-06-25 11:03:06,089 [omNode-2@group-523986131536-LeaderElection28] INFO  server.RaftServerConfigKeys (ConfUtils.java:logGet(44)) - raft.server.staging.catchup.gap = 1000 (default)
2020-06-25 11:03:06,089 [omNode-2@group-523986131536-LeaderElection28] INFO  server.RaftServerConfigKeys (ConfUtils.java:logGet(44)) - raft.server.rpc.sleep.time = 25ms (default)
2020-06-25 11:03:06,089 [omNode-2@group-523986131536-LeaderElection28] INFO  metrics.RatisMetrics (RatisMetrics.java:lambda$create$0(36)) - Creating Metrics Registry : ratis.log_appender.omNode-2@group-523986131536
2020-06-25 11:03:06,090 [omNode-2@group-523986131536-LeaderElection28] INFO  server.RaftServerConfigKeys (ConfUtils.java:logGet(44)) - raft.server.write.element-limit = 4096 (default)
2020-06-25 11:03:06,090 [omNode-2@group-523986131536-LeaderElection28] INFO  server.RaftServerConfigKeys (ConfUtils.java:logGet(44)) - raft.server.write.byte-limit = 64MB (=67108864) (default)
2020-06-25 11:03:06,090 [omNode-2@group-523986131536-LeaderElection28] INFO  server.RaftServerConfigKeys (ConfUtils.java:logGet(44)) - raft.server.watch.timeout = 10s (default)
2020-06-25 11:03:06,090 [omNode-2@group-523986131536-LeaderElection28] INFO  server.RaftServerConfigKeys (ConfUtils.java:logGet(44)) - raft.server.watch.timeout.denomination = 1s (default)
2020-06-25 11:03:06,090 [omNode-2@group-523986131536-LeaderElection28] INFO  server.RaftServerConfigKeys (ConfUtils.java:logGet(44)) - raft.server.watch.element-limit = 65536 (default)
2020-06-25 11:03:06,090 [omNode-2@group-523986131536-LeaderElection28] INFO  server.RaftServerConfigKeys (ConfUtils.java:logGet(44)) - raft.server.log.appender.snapshot.chunk.size.max = 16MB (=16777216) (default)
2020-06-25 11:03:06,091 [omNode-2@group-523986131536-LeaderElection28] INFO  server.RaftServerConfigKeys (ConfUtils.java:logGet(44)) - raft.server.log.appender.buffer.byte-limit = 33554432 (custom)
2020-06-25 11:03:06,091 [omNode-2@group-523986131536-LeaderElection28] INFO  server.RaftServerConfigKeys (ConfUtils.java:logGet(44)) - raft.server.log.appender.buffer.element-limit = 1024 (custom)
2020-06-25 11:03:06,091 [omNode-2@group-523986131536-LeaderElection28] INFO  grpc.GrpcConfigKeys (ConfUtils.java:logGet(44)) - raft.grpc.server.leader.outstanding.appends.max = 128 (default)
2020-06-25 11:03:06,091 [omNode-2@group-523986131536-LeaderElection28] INFO  server.RaftServerConfigKeys (ConfUtils.java:logGet(44)) - raft.server.rpc.request.timeout = 3000ms (default)
2020-06-25 11:03:06,091 [omNode-2@group-523986131536-LeaderElection28] INFO  server.RaftServerConfigKeys (ConfUtils.java:logGet(44)) - raft.server.log.appender.install.snapshot.enabled = false (custom)
2020-06-25 11:03:06,091 [omNode-2@group-523986131536-LeaderElection28] INFO  metrics.RatisMetrics (RatisMetrics.java:lambda$create$0(36)) - Creating Metrics Registry : ratis_grpc.log_appender.omNode-2@group-523986131536
2020-06-25 11:03:06,092 [omNode-2@group-523986131536-LeaderElection28] INFO  server.RaftServerConfigKeys (ConfUtils.java:logGet(44)) - raft.server.log.appender.snapshot.chunk.size.max = 16MB (=16777216) (default)
2020-06-25 11:03:06,092 [omNode-2@group-523986131536-LeaderElection28] INFO  server.RaftServerConfigKeys (ConfUtils.java:logGet(44)) - raft.server.log.appender.buffer.byte-limit = 33554432 (custom)
2020-06-25 11:03:06,093 [omNode-2@group-523986131536-LeaderElection28] INFO  server.RaftServerConfigKeys (ConfUtils.java:logGet(44)) - raft.server.log.appender.buffer.element-limit = 1024 (custom)
2020-06-25 11:03:06,093 [omNode-2@group-523986131536-LeaderElection28] INFO  grpc.GrpcConfigKeys (ConfUtils.java:logGet(44)) - raft.grpc.server.leader.outstanding.appends.max = 128 (default)
2020-06-25 11:03:06,093 [omNode-2@group-523986131536-LeaderElection28] INFO  server.RaftServerConfigKeys (ConfUtils.java:logGet(44)) - raft.server.rpc.request.timeout = 3000ms (default)
2020-06-25 11:03:06,093 [omNode-2@group-523986131536-LeaderElection28] INFO  server.RaftServerConfigKeys (ConfUtils.java:logGet(44)) - raft.server.log.appender.install.snapshot.enabled = false (custom)
2020-06-25 11:03:06,094 [omNode-2@group-523986131536-LeaderElection28] INFO  impl.RoleInfo (RoleInfo.java:updateAndGet(143)) - omNode-2: start LeaderState
2020-06-25 11:03:06,094 [omNode-2@group-523986131536-LeaderElection28] INFO  segmented.SegmentedRaftLogWorker (SegmentedRaftLogWorker.java:rollLogSegment(402)) - omNode-2@group-523986131536-SegmentedRaftLogWorker: Rolling segment log-0_6 to index:6
2020-06-25 11:03:06,095 [omNode-2@group-523986131536-SegmentedRaftLogWorker] INFO  segmented.SegmentedRaftLogWorker (SegmentedRaftLogWorker.java:execute(553)) - omNode-2@group-523986131536-SegmentedRaftLogWorker: Rolled log segment from /github/workspace/mnt/ozone/hadoop-ozone/integration-test/target/test-dir/MiniOzoneClusterImpl-aa6a32bf-ecb8-457c-8a9c-777f344c5ca2/omNode-2/ratis/c9bc4cf4-3bc3-3c60-a66b-523986131536/current/log_inprogress_0 to /github/workspace/mnt/ozone/hadoop-ozone/integration-test/target/test-dir/MiniOzoneClusterImpl-aa6a32bf-ecb8-457c-8a9c-777f344c5ca2/omNode-2/ratis/c9bc4cf4-3bc3-3c60-a66b-523986131536/current/log_0-6
2020-06-25 11:03:06,096 [omNode-2@group-523986131536-SegmentedRaftLogWorker] INFO  segmented.SegmentedRaftLogWorker (SegmentedRaftLogWorker.java:execute(596)) - omNode-2@group-523986131536-SegmentedRaftLogWorker: created new log segment /github/workspace/mnt/ozone/hadoop-ozone/integration-test/target/test-dir/MiniOzoneClusterImpl-aa6a32bf-ecb8-457c-8a9c-777f344c5ca2/omNode-2/ratis/c9bc4cf4-3bc3-3c60-a66b-523986131536/current/log_inprogress_7
2020-06-25 11:03:06,098 [grpc-default-executor-6] INFO  impl.RaftServerImpl (ServerState.java:setLeader(255)) - omNode-3@group-523986131536: change Leader from null to omNode-2 at term 2 for appendEntries, leader elected after 21ms
2020-06-25 11:03:06,099 [omNode-2@group-523986131536-LeaderElection28] INFO  impl.RaftServerImpl (ServerState.java:setRaftConf(356)) - omNode-2@group-523986131536: set configuration 7: [omNode-3:localhost:10640, omNode-1:localhost:10628, omNode-2:localhost:10634], old=null at 7
2020-06-25 11:03:06,099 [grpc-default-executor-6] INFO  ratis.OzoneManagerStateMachine (OzoneManagerStateMachine.java:getLatestSnapshot(147)) - Latest Snapshot Info 0#-1
2020-06-25 11:03:06,101 [grpc-default-executor-6] DEBUG impl.RaftServerImpl (RaftServerImpl.java:logAppendEntries(928)) - omNode-3@group-523986131536: receive appendEntries(omNode-2, 2, (t:1, i:6), 5, false, commits[omNode-2:c5, omNode-3:c4, omNode-1:c5], entries: (t:2, i:7), CONFIGURATIONENTRY
2020-06-25 11:03:06,101 [grpc-default-executor-6] INFO  ratis.OzoneManagerStateMachine (OzoneManagerStateMachine.java:getLatestSnapshot(147)) - Latest Snapshot Info 0#-1
2020-06-25 11:03:06,101 [grpc-default-executor-6] INFO  ratis.OzoneManagerStateMachine (OzoneManagerStateMachine.java:getLatestSnapshot(147)) - Latest Snapshot Info 0#-1
2020-06-25 11:03:06,101 [grpc-default-executor-6] INFO  impl.RaftServerImpl (ServerState.java:setRaftConf(356)) - omNode-3@group-523986131536: set configuration 7: [omNode-3:localhost:10640, omNode-1:localhost:10628, omNode-2:localhost:10634], old=null at 7
2020-06-25 11:03:06,102 [grpc-default-executor-6] INFO  segmented.SegmentedRaftLogWorker (SegmentedRaftLogWorker.java:rollLogSegment(402)) - omNode-3@group-523986131536-SegmentedRaftLogWorker: Rolling segment log-0_6 to index:6
2020-06-25 11:03:06,102 [omNode-3@group-523986131536-SegmentedRaftLogWorker] INFO  segmented.SegmentedRaftLogWorker (SegmentedRaftLogWorker.java:execute(553)) - omNode-3@group-523986131536-SegmentedRaftLogWorker: Rolled log segment from /github/workspace/mnt/ozone/hadoop-ozone/integration-test/target/test-dir/MiniOzoneClusterImpl-aa6a32bf-ecb8-457c-8a9c-777f344c5ca2/omNode-3/ratis/c9bc4cf4-3bc3-3c60-a66b-523986131536/current/log_inprogress_0 to /github/workspace/mnt/ozone/hadoop-ozone/integration-test/target/test-dir/MiniOzoneClusterImpl-aa6a32bf-ecb8-457c-8a9c-777f344c5ca2/omNode-3/ratis/c9bc4cf4-3bc3-3c60-a66b-523986131536/current/log_0-6
2020-06-25 11:03:06,102 [grpc-default-executor-6] WARN  server.GrpcLogAppender (LogUtils.java:warn(122)) - omNode-2@group-523986131536->omNode-1-AppendLogResponseHandler: Failed appendEntries: org.apache.ratis.thirdparty.io.grpc.StatusRuntimeException: UNAVAILABLE: io exception
2020-06-25 11:03:06,105 [omNode-3@group-523986131536-SegmentedRaftLogWorker] INFO  segmented.SegmentedRaftLogWorker (SegmentedRaftLogWorker.java:execute(596)) - omNode-3@group-523986131536-SegmentedRaftLogWorker: created new log segment /github/workspace/mnt/ozone/hadoop-ozone/integration-test/target/test-dir/MiniOzoneClusterImpl-aa6a32bf-ecb8-457c-8a9c-777f344c5ca2/omNode-3/ratis/c9bc4cf4-3bc3-3c60-a66b-523986131536/current/log_inprogress_7
2020-06-25 11:03:06,108 [grpc-default-executor-6] INFO  impl.FollowerInfo (FollowerInfo.java:lambda$new$0(51)) - omNode-2@group-523986131536->omNode-1: nextIndex: updateUnconditionally 7 -> 1
2020-06-25 11:03:06,108 [Thread-1786] DEBUG impl.RaftServerImpl (RaftServerImpl.java:logAppendEntries(928)) - omNode-3@group-523986131536: succeeded to handle AppendEntries. Reply: omNode-2<-omNode-3#1:OK,SUCCESS,nextIndex:8,term:2,followerCommit:5
2020-06-25 11:03:06,109 [grpc-default-executor-6] DEBUG server.GrpcLogAppender (GrpcLogAppender.java:onNext(257)) - omNode-2@group-523986131536->omNode-3-AppendLogResponseHandler: received the first reply omNode-2<-omNode-3#0:OK,SUCCESS,nextIndex:8,term:2,followerCommit:5, request=AppendEntriesRequest:cid=0,entriesCount=0,lastEntry=null
2020-06-25 11:03:06,111 [grpc-default-executor-4] WARN  server.GrpcLogAppender (LogUtils.java:warn(122)) - omNode-2@group-523986131536->omNode-1-AppendLogResponseHandler: Failed appendEntries: org.apache.ratis.thirdparty.io.grpc.StatusRuntimeException: UNAVAILABLE: io exception
2020-06-25 11:03:06,112 [grpc-default-executor-4] INFO  impl.FollowerInfo (FollowerInfo.java:lambda$new$0(51)) - omNode-2@group-523986131536->omNode-1: nextIndex: updateUnconditionally 8 -> 1
2020-06-25 11:03:06,373 [EventQueue-Delayed safe mode statusForReplicationManager] INFO  container.ReplicationManager (ReplicationManager.java:start(176)) - Starting Replication Monitor Thread.
2020-06-25 11:03:06,375 [ReplicationMonitor] INFO  container.ReplicationManager (ReplicationManager.java:run(240)) - Replication Monitor Thread took 0 milliseconds for processing 0 containers.
2020-06-25 11:03:06,610 [grpc-default-executor-4] INFO  ratis.OzoneManagerStateMachine (OzoneManagerStateMachine.java:getLatestSnapshot(147)) - Latest Snapshot Info 0#-1
2020-06-25 11:03:06,611 [grpc-default-executor-4] DEBUG server.GrpcLogAppender (GrpcLogAppender.java:onNext(257)) - omNode-2@group-523986131536->omNode-3-AppendLogResponseHandler: received a reply omNode-2<-omNode-3#2:OK,SUCCESS,nextIndex:8,term:2,followerCommit:5, request=AppendEntriesRequest:cid=2,entriesCount=0,lastEntry=null
2020-06-25 11:03:06,613 [grpc-default-executor-4] WARN  server.GrpcLogAppender (LogUtils.java:warn(122)) - omNode-2@group-523986131536->omNode-1-AppendLogResponseHandler: Failed appendEntries: org.apache.ratis.thirdparty.io.grpc.StatusRuntimeException: UNAVAILABLE: io exception
2020-06-25 11:03:06,615 [grpc-default-executor-4] INFO  impl.FollowerInfo (FollowerInfo.java:lambda$new$0(51)) - omNode-2@group-523986131536->omNode-1: nextIndex: updateUnconditionally 8 -> 1
2020-06-25 11:03:07,113 [grpc-default-executor-4] INFO  ratis.OzoneManagerStateMachine (OzoneManagerStateMachine.java:getLatestSnapshot(147)) - Latest Snapshot Info 0#-1
2020-06-25 11:03:07,114 [grpc-default-executor-6] DEBUG server.GrpcLogAppender (GrpcLogAppender.java:onNext(257)) - omNode-2@group-523986131536->omNode-3-AppendLogResponseHandler: received a reply omNode-2<-omNode-3#3:OK,SUCCESS,nextIndex:8,term:2,followerCommit:5, request=AppendEntriesRequest:cid=3,entriesCount=0,lastEntry=null
2020-06-25 11:03:07,117 [grpc-default-executor-4] WARN  server.GrpcLogAppender (LogUtils.java:warn(122)) - omNode-2@group-523986131536->omNode-1-AppendLogResponseHandler: Failed appendEntries: org.apache.ratis.thirdparty.io.grpc.StatusRuntimeException: UNAVAILABLE: io exception
2020-06-25 11:03:07,119 [grpc-default-executor-4] INFO  impl.FollowerInfo (FollowerInfo.java:lambda$new$0(51)) - omNode-2@group-523986131536->omNode-1: nextIndex: updateUnconditionally 8 -> 1
2020-06-25 11:03:07,615 [grpc-default-executor-4] INFO  ratis.OzoneManagerStateMachine (OzoneManagerStateMachine.java:getLatestSnapshot(147)) - Latest Snapshot Info 0#-1
2020-06-25 11:03:07,616 [grpc-default-executor-4] DEBUG server.GrpcLogAppender (GrpcLogAppender.java:onNext(257)) - omNode-2@group-523986131536->omNode-3-AppendLogResponseHandler: received a reply omNode-2<-omNode-3#4:OK,SUCCESS,nextIndex:8,term:2,followerCommit:5, request=AppendEntriesRequest:cid=4,entriesCount=0,lastEntry=null
2020-06-25 11:03:07,620 [grpc-default-executor-6] WARN  server.GrpcLogAppender (LogUtils.java:warn(122)) - omNode-2@group-523986131536->omNode-1-AppendLogResponseHandler: Failed appendEntries: org.apache.ratis.thirdparty.io.grpc.StatusRuntimeException: UNAVAILABLE: io exception
2020-06-25 11:03:07,622 [grpc-default-executor-6] INFO  impl.FollowerInfo (FollowerInfo.java:lambda$new$0(51)) - omNode-2@group-523986131536->omNode-1: nextIndex: updateUnconditionally 8 -> 1
2020-06-25 11:03:08,117 [grpc-default-executor-6] INFO  ratis.OzoneManagerStateMachine (OzoneManagerStateMachine.java:getLatestSnapshot(147)) - Latest Snapshot Info 0#-1
2020-06-25 11:03:08,118 [grpc-default-executor-6] DEBUG server.GrpcLogAppender (GrpcLogAppender.java:onNext(257)) - omNode-2@group-523986131536->omNode-3-AppendLogResponseHandler: received a reply omNode-2<-omNode-3#5:OK,SUCCESS,nextIndex:8,term:2,followerCommit:5, request=AppendEntriesRequest:cid=5,entriesCount=0,lastEntry=null
2020-06-25 11:03:08,122 [grpc-default-executor-4] WARN  server.GrpcLogAppender (LogUtils.java:warn(122)) - omNode-2@group-523986131536->omNode-1-AppendLogResponseHandler: Failed appendEntries: org.apache.ratis.thirdparty.io.grpc.StatusRuntimeException: UNAVAILABLE: io exception
2020-06-25 11:03:08,124 [grpc-default-executor-4] INFO  impl.FollowerInfo (FollowerInfo.java:lambda$new$0(51)) - omNode-2@group-523986131536->omNode-1: nextIndex: updateUnconditionally 8 -> 1
2020-06-25 11:03:08,381 [Listener at 127.0.0.1/10636] INFO  retry.RetryInvocationHandler (RetryInvocationHandler.java:log(411)) - com.google.protobuf.ServiceException: java.io.EOFException: End of File Exception between local host is: "da41f0c55cd9/172.17.0.2"; destination host is: "localhost":10624; : java.io.EOFException; For more details see:  http://wiki.apache.org/hadoop/EOFException, while invoking $Proxy39.submitRequest over nodeId=omNode-1,nodeAddress=127.0.0.1:10624. Trying to failover immediately.
2020-06-25 11:03:08,385 [IPC Server handler 0 on default port 10630] DEBUG impl.RaftServerImpl (RaftServerImpl.java:submitClientRequestAsync(575)) - omNode-2@group-523986131536: receive client request(RaftClientRequest:client-F77EFE848D9D->omNode-2@group-523986131536, cid=107, seq=0, RW, Message:081f12001a13636c6965...(size=278))
2020-06-25 11:03:08,386 [IPC Server handler 0 on default port 10630] INFO  ipc.Server (Server.java:logException(2976)) - IPC Server handler 0 on default port 10630, call Call#330 Retry#1 org.apache.hadoop.ozone.om.protocol.OzoneManagerProtocol.submitRequest from 127.0.0.1:59082
org.apache.hadoop.ozone.om.exceptions.OMLeaderNotReadyException: omNode-2@group-523986131536 is in LEADER state but not ready yet.
	at org.apache.hadoop.ozone.om.ratis.OzoneManagerRatisServer.processReply(OzoneManagerRatisServer.java:177)
	at org.apache.hadoop.ozone.om.ratis.OzoneManagerRatisServer.submitRequest(OzoneManagerRatisServer.java:136)
	at org.apache.hadoop.ozone.protocolPB.OzoneManagerProtocolServerSideTranslatorPB.submitRequestToRatis(OzoneManagerProtocolServerSideTranslatorPB.java:177)
	at org.apache.hadoop.ozone.protocolPB.OzoneManagerProtocolServerSideTranslatorPB.processRequest(OzoneManagerProtocolServerSideTranslatorPB.java:134)
	at org.apache.hadoop.hdds.server.OzoneProtocolMessageDispatcher.processRequest(OzoneProtocolMessageDispatcher.java:74)
	at org.apache.hadoop.ozone.protocolPB.OzoneManagerProtocolServerSideTranslatorPB.submitRequest(OzoneManagerProtocolServerSideTranslatorPB.java:113)
	at org.apache.hadoop.ozone.protocol.proto.OzoneManagerProtocolProtos$OzoneManagerService$2.callBlockingMethod(OzoneManagerProtocolProtos.java)
	at org.apache.hadoop.ipc.ProtobufRpcEngine$Server$ProtoBufRpcInvoker.call(ProtobufRpcEngine.java:528)
	at org.apache.hadoop.ipc.RPC$Server.call(RPC.java:1070)
	at org.apache.hadoop.ipc.Server$RpcCall.run(Server.java:999)
	at org.apache.hadoop.ipc.Server$RpcCall.run(Server.java:927)
	at java.security.AccessController.doPrivileged(Native Method)
	at javax.security.auth.Subject.doAs(Subject.java:422)
	at org.apache.hadoop.security.UserGroupInformation.doAs(UserGroupInformation.java:1730)
	at org.apache.hadoop.ipc.Server$Handler.run(Server.java:2915)
2020-06-25 11:03:08,388 [Listener at 127.0.0.1/10636] INFO  retry.RetryInvocationHandler (RetryInvocationHandler.java:log(411)) - com.google.protobuf.ServiceException: org.apache.hadoop.ipc.RemoteException(org.apache.hadoop.ozone.om.exceptions.OMLeaderNotReadyException): omNode-2@group-523986131536 is in LEADER state but not ready yet.
	at org.apache.hadoop.ozone.om.ratis.OzoneManagerRatisServer.processReply(OzoneManagerRatisServer.java:177)
	at org.apache.hadoop.ozone.om.ratis.OzoneManagerRatisServer.submitRequest(OzoneManagerRatisServer.java:136)
	at org.apache.hadoop.ozone.protocolPB.OzoneManagerProtocolServerSideTranslatorPB.submitRequestToRatis(OzoneManagerProtocolServerSideTranslatorPB.java:177)
	at org.apache.hadoop.ozone.protocolPB.OzoneManagerProtocolServerSideTranslatorPB.processRequest(OzoneManagerProtocolServerSideTranslatorPB.java:134)
	at org.apache.hadoop.hdds.server.OzoneProtocolMessageDispatcher.processRequest(OzoneProtocolMessageDispatcher.java:74)
	at org.apache.hadoop.ozone.protocolPB.OzoneManagerProtocolServerSideTranslatorPB.submitRequest(OzoneManagerProtocolServerSideTranslatorPB.java:113)
	at org.apache.hadoop.ozone.protocol.proto.OzoneManagerProtocolProtos$OzoneManagerService$2.callBlockingMethod(OzoneManagerProtocolProtos.java)
	at org.apache.hadoop.ipc.ProtobufRpcEngine$Server$ProtoBufRpcInvoker.call(ProtobufRpcEngine.java:528)
	at org.apache.hadoop.ipc.RPC$Server.call(RPC.java:1070)
	at org.apache.hadoop.ipc.Server$RpcCall.run(Server.java:999)
	at org.apache.hadoop.ipc.Server$RpcCall.run(Server.java:927)
	at java.security.AccessController.doPrivileged(Native Method)
	at javax.security.auth.Subject.doAs(Subject.java:422)
	at org.apache.hadoop.security.UserGroupInformation.doAs(UserGroupInformation.java:1730)
	at org.apache.hadoop.ipc.Server$Handler.run(Server.java:2915)
, while invoking $Proxy39.submitRequest over nodeId=omNode-2,nodeAddress=127.0.0.1:10630 after 1 failover attempts. Trying to failover after sleeping for 2000ms.
2020-06-25 11:03:08,430 [grpc-default-executor-4] DEBUG server.GrpcLogAppender (GrpcLogAppender.java:onNext(257)) - 4a701bf3-65c5-4a6b-a9bd-8d146b70a3c5@group-FA8FC8FC0B25->41a654b2-66a7-4542-b2c0-cec1bd614880-AppendLogResponseHandler: received a reply 4a701bf3-65c5-4a6b-a9bd-8d146b70a3c5<-41a654b2-66a7-4542-b2c0-cec1bd614880#3:OK,SUCCESS,nextIndex:1,term:1,followerCommit:0, request=AppendEntriesRequest:cid=3,entriesCount=0,lastEntry=null
2020-06-25 11:03:08,432 [grpc-default-executor-4] DEBUG server.GrpcLogAppender (GrpcLogAppender.java:onNext(257)) - 4a701bf3-65c5-4a6b-a9bd-8d146b70a3c5@group-FA8FC8FC0B25->46f5dd17-f708-4f3a-b37a-c80b662a6b15-AppendLogResponseHandler: received a reply 4a701bf3-65c5-4a6b-a9bd-8d146b70a3c5<-46f5dd17-f708-4f3a-b37a-c80b662a6b15#3:OK,SUCCESS,nextIndex:1,term:1,followerCommit:0, request=AppendEntriesRequest:cid=3,entriesCount=0,lastEntry=null
2020-06-25 11:03:08,619 [grpc-default-executor-4] INFO  ratis.OzoneManagerStateMachine (OzoneManagerStateMachine.java:getLatestSnapshot(147)) - Latest Snapshot Info 0#-1
2020-06-25 11:03:08,622 [grpc-default-executor-4] DEBUG server.GrpcLogAppender (GrpcLogAppender.java:onNext(257)) - omNode-2@group-523986131536->omNode-3-AppendLogResponseHandler: received a reply omNode-2<-omNode-3#6:OK,SUCCESS,nextIndex:8,term:2,followerCommit:5, request=AppendEntriesRequest:cid=6,entriesCount=0,lastEntry=null
2020-06-25 11:03:08,627 [grpc-default-executor-4] WARN  server.GrpcLogAppender (LogUtils.java:warn(122)) - omNode-2@group-523986131536->omNode-1-AppendLogResponseHandler: Failed appendEntries: org.apache.ratis.thirdparty.io.grpc.StatusRuntimeException: UNAVAILABLE: io exception
2020-06-25 11:03:08,628 [grpc-default-executor-4] INFO  impl.FollowerInfo (FollowerInfo.java:lambda$new$0(51)) - omNode-2@group-523986131536->omNode-1: nextIndex: updateUnconditionally 8 -> 1
2020-06-25 11:03:09,099 [java.util.concurrent.ThreadPoolExecutor$Worker@1746d67d[State = -1, empty queue]] WARN  server.GrpcLogAppender (GrpcLogAppender.java:timeoutAppendRequest(219)) - omNode-2@group-523986131536->omNode-3-GrpcLogAppender:  appendEntries Timeout, request=AppendEntriesRequest:cid=1,entriesCount=1,lastEntry=(t:2, i:7)
2020-06-25 11:03:09,126 [grpc-default-executor-6] WARN  server.GrpcLogAppender (LogUtils.java:warn(122)) - omNode-2@group-523986131536->omNode-1-AppendLogResponseHandler: Failed appendEntries: org.apache.ratis.thirdparty.io.grpc.StatusRuntimeException: UNAVAILABLE: io exception
2020-06-25 11:03:09,127 [grpc-default-executor-4] INFO  ratis.OzoneManagerStateMachine (OzoneManagerStateMachine.java:getLatestSnapshot(147)) - Latest Snapshot Info 0#-1
2020-06-25 11:03:09,129 [grpc-default-executor-6] INFO  impl.FollowerInfo (FollowerInfo.java:lambda$new$0(51)) - omNode-2@group-523986131536->omNode-1: nextIndex: updateUnconditionally 8 -> 1
2020-06-25 11:03:09,130 [grpc-default-executor-6] DEBUG server.GrpcLogAppender (GrpcLogAppender.java:onNext(257)) - omNode-2@group-523986131536->omNode-3-AppendLogResponseHandler: received a reply omNode-2<-omNode-3#7:OK,SUCCESS,nextIndex:8,term:2,followerCommit:5, request=AppendEntriesRequest:cid=7,entriesCount=0,lastEntry=null
2020-06-25 11:03:09,629 [grpc-default-executor-4] WARN  server.GrpcLogAppender (LogUtils.java:warn(122)) - omNode-2@group-523986131536->omNode-1-AppendLogResponseHandler: Failed appendEntries: org.apache.ratis.thirdparty.io.grpc.StatusRuntimeException: UNAVAILABLE: io exception
2020-06-25 11:03:09,630 [grpc-default-executor-4] INFO  impl.FollowerInfo (FollowerInfo.java:lambda$new$0(51)) - omNode-2@group-523986131536->omNode-1: nextIndex: updateUnconditionally 8 -> 1
2020-06-25 11:03:09,631 [grpc-default-executor-4] INFO  ratis.OzoneManagerStateMachine (OzoneManagerStateMachine.java:getLatestSnapshot(147)) - Latest Snapshot Info 0#-1
2020-06-25 11:03:09,632 [grpc-default-executor-4] DEBUG server.GrpcLogAppender (GrpcLogAppender.java:onNext(257)) - omNode-2@group-523986131536->omNode-3-AppendLogResponseHandler: received a reply omNode-2<-omNode-3#8:OK,SUCCESS,nextIndex:8,term:2,followerCommit:5, request=AppendEntriesRequest:cid=8,entriesCount=0,lastEntry=null
2020-06-25 11:03:10,131 [grpc-default-executor-6] WARN  server.GrpcLogAppender (LogUtils.java:warn(122)) - omNode-2@group-523986131536->omNode-1-AppendLogResponseHandler: Failed appendEntries: org.apache.ratis.thirdparty.io.grpc.StatusRuntimeException: UNAVAILABLE: io exception
2020-06-25 11:03:10,133 [grpc-default-executor-6] INFO  impl.FollowerInfo (FollowerInfo.java:lambda$new$0(51)) - omNode-2@group-523986131536->omNode-1: nextIndex: updateUnconditionally 8 -> 1
2020-06-25 11:03:10,133 [grpc-default-executor-6] INFO  ratis.OzoneManagerStateMachine (OzoneManagerStateMachine.java:getLatestSnapshot(147)) - Latest Snapshot Info 0#-1
2020-06-25 11:03:10,135 [grpc-default-executor-6] DEBUG server.GrpcLogAppender (GrpcLogAppender.java:onNext(257)) - omNode-2@group-523986131536->omNode-3-AppendLogResponseHandler: received a reply omNode-2<-omNode-3#9:OK,SUCCESS,nextIndex:8,term:2,followerCommit:5, request=AppendEntriesRequest:cid=9,entriesCount=0,lastEntry=null
2020-06-25 11:03:10,389 [IPC Server handler 3 on default port 10630] DEBUG impl.RaftServerImpl (RaftServerImpl.java:submitClientRequestAsync(575)) - omNode-2@group-523986131536: receive client request(RaftClientRequest:client-F77EFE848D9D->omNode-2@group-523986131536, cid=108, seq=0, RW, Message:081f12001a13636c6965...(size=278))
2020-06-25 11:03:10,389 [IPC Server handler 3 on default port 10630] INFO  ipc.Server (Server.java:logException(2976)) - IPC Server handler 3 on default port 10630, call Call#330 Retry#2 org.apache.hadoop.ozone.om.protocol.OzoneManagerProtocol.submitRequest from 127.0.0.1:59082
org.apache.hadoop.ozone.om.exceptions.OMLeaderNotReadyException: omNode-2@group-523986131536 is in LEADER state but not ready yet.
	at org.apache.hadoop.ozone.om.ratis.OzoneManagerRatisServer.processReply(OzoneManagerRatisServer.java:177)
	at org.apache.hadoop.ozone.om.ratis.OzoneManagerRatisServer.submitRequest(OzoneManagerRatisServer.java:136)
	at org.apache.hadoop.ozone.protocolPB.OzoneManagerProtocolServerSideTranslatorPB.submitRequestToRatis(OzoneManagerProtocolServerSideTranslatorPB.java:177)
	at org.apache.hadoop.ozone.protocolPB.OzoneManagerProtocolServerSideTranslatorPB.processRequest(OzoneManagerProtocolServerSideTranslatorPB.java:134)
	at org.apache.hadoop.hdds.server.OzoneProtocolMessageDispatcher.processRequest(OzoneProtocolMessageDispatcher.java:74)
	at org.apache.hadoop.ozone.protocolPB.OzoneManagerProtocolServerSideTranslatorPB.submitRequest(OzoneManagerProtocolServerSideTranslatorPB.java:113)
	at org.apache.hadoop.ozone.protocol.proto.OzoneManagerProtocolProtos$OzoneManagerService$2.callBlockingMethod(OzoneManagerProtocolProtos.java)
	at org.apache.hadoop.ipc.ProtobufRpcEngine$Server$ProtoBufRpcInvoker.call(ProtobufRpcEngine.java:528)
	at org.apache.hadoop.ipc.RPC$Server.call(RPC.java:1070)
	at org.apache.hadoop.ipc.Server$RpcCall.run(Server.java:999)
	at org.apache.hadoop.ipc.Server$RpcCall.run(Server.java:927)
	at java.security.AccessController.doPrivileged(Native Method)
	at javax.security.auth.Subject.doAs(Subject.java:422)
	at org.apache.hadoop.security.UserGroupInformation.doAs(UserGroupInformation.java:1730)
	at org.apache.hadoop.ipc.Server$Handler.run(Server.java:2915)
2020-06-25 11:03:10,392 [Listener at 127.0.0.1/10636] INFO  retry.RetryInvocationHandler (RetryInvocationHandler.java:log(411)) - com.google.protobuf.ServiceException: org.apache.hadoop.ipc.RemoteException(org.apache.hadoop.ozone.om.exceptions.OMLeaderNotReadyException): omNode-2@group-523986131536 is in LEADER state but not ready yet.
	at org.apache.hadoop.ozone.om.ratis.OzoneManagerRatisServer.processReply(OzoneManagerRatisServer.java:177)
	at org.apache.hadoop.ozone.om.ratis.OzoneManagerRatisServer.submitRequest(OzoneManagerRatisServer.java:136)
	at org.apache.hadoop.ozone.protocolPB.OzoneManagerProtocolServerSideTranslatorPB.submitRequestToRatis(OzoneManagerProtocolServerSideTranslatorPB.java:177)
	at org.apache.hadoop.ozone.protocolPB.OzoneManagerProtocolServerSideTranslatorPB.processRequest(OzoneManagerProtocolServerSideTranslatorPB.java:134)
	at org.apache.hadoop.hdds.server.OzoneProtocolMessageDispatcher.processRequest(OzoneProtocolMessageDispatcher.java:74)
	at org.apache.hadoop.ozone.protocolPB.OzoneManagerProtocolServerSideTranslatorPB.submitRequest(OzoneManagerProtocolServerSideTranslatorPB.java:113)
	at org.apache.hadoop.ozone.protocol.proto.OzoneManagerProtocolProtos$OzoneManagerService$2.callBlockingMethod(OzoneManagerProtocolProtos.java)
	at org.apache.hadoop.ipc.ProtobufRpcEngine$Server$ProtoBufRpcInvoker.call(ProtobufRpcEngine.java:528)
	at org.apache.hadoop.ipc.RPC$Server.call(RPC.java:1070)
	at org.apache.hadoop.ipc.Server$RpcCall.run(Server.java:999)
	at org.apache.hadoop.ipc.Server$RpcCall.run(Server.java:927)
	at java.security.AccessController.doPrivileged(Native Method)
	at javax.security.auth.Subject.doAs(Subject.java:422)
	at org.apache.hadoop.security.UserGroupInformation.doAs(UserGroupInformation.java:1730)
	at org.apache.hadoop.ipc.Server$Handler.run(Server.java:2915)
, while invoking $Proxy39.submitRequest over nodeId=omNode-2,nodeAddress=127.0.0.1:10630 after 2 failover attempts. Trying to failover after sleeping for 4000ms.
2020-06-25 11:03:10,634 [grpc-default-executor-4] WARN  server.GrpcLogAppender (LogUtils.java:warn(122)) - omNode-2@group-523986131536->omNode-1-AppendLogResponseHandler: Failed appendEntries: org.apache.ratis.thirdparty.io.grpc.StatusRuntimeException: UNAVAILABLE: io exception
2020-06-25 11:03:10,636 [grpc-default-executor-4] INFO  impl.FollowerInfo (FollowerInfo.java:lambda$new$0(51)) - omNode-2@group-523986131536->omNode-1: nextIndex: updateUnconditionally 8 -> 1
2020-06-25 11:03:10,636 [grpc-default-executor-4] INFO  ratis.OzoneManagerStateMachine (OzoneManagerStateMachine.java:getLatestSnapshot(147)) - Latest Snapshot Info 0#-1
2020-06-25 11:03:10,637 [grpc-default-executor-4] DEBUG server.GrpcLogAppender (GrpcLogAppender.java:onNext(257)) - omNode-2@group-523986131536->omNode-3-AppendLogResponseHandler: received a reply omNode-2<-omNode-3#10:OK,SUCCESS,nextIndex:8,term:2,followerCommit:5, request=AppendEntriesRequest:cid=10,entriesCount=0,lastEntry=null
2020-06-25 11:03:10,933 [grpc-default-executor-4] DEBUG server.GrpcLogAppender (GrpcLogAppender.java:onNext(257)) - 4a701bf3-65c5-4a6b-a9bd-8d146b70a3c5@group-FA8FC8FC0B25->46f5dd17-f708-4f3a-b37a-c80b662a6b15-AppendLogResponseHandler: received a reply 4a701bf3-65c5-4a6b-a9bd-8d146b70a3c5<-46f5dd17-f708-4f3a-b37a-c80b662a6b15#4:OK,SUCCESS,nextIndex:1,term:1,followerCommit:0, request=AppendEntriesRequest:cid=4,entriesCount=0,lastEntry=null
2020-06-25 11:03:10,934 [grpc-default-executor-6] DEBUG server.GrpcLogAppender (GrpcLogAppender.java:onNext(257)) - 4a701bf3-65c5-4a6b-a9bd-8d146b70a3c5@group-FA8FC8FC0B25->41a654b2-66a7-4542-b2c0-cec1bd614880-AppendLogResponseHandler: received a reply 4a701bf3-65c5-4a6b-a9bd-8d146b70a3c5<-41a654b2-66a7-4542-b2c0-cec1bd614880#4:OK,SUCCESS,nextIndex:1,term:1,followerCommit:0, request=AppendEntriesRequest:cid=4,entriesCount=0,lastEntry=null
2020-06-25 11:03:11,136 [grpc-default-executor-4] WARN  server.GrpcLogAppender (LogUtils.java:warn(122)) - omNode-2@group-523986131536->omNode-1-AppendLogResponseHandler: Failed appendEntries: org.apache.ratis.thirdparty.io.grpc.StatusRuntimeException: UNAVAILABLE: io exception
2020-06-25 11:03:11,138 [grpc-default-executor-4] INFO  impl.FollowerInfo (FollowerInfo.java:lambda$new$0(51)) - omNode-2@group-523986131536->omNode-1: nextIndex: updateUnconditionally 8 -> 1
2020-06-25 11:03:11,140 [grpc-default-executor-4] INFO  ratis.OzoneManagerStateMachine (OzoneManagerStateMachine.java:getLatestSnapshot(147)) - Latest Snapshot Info 0#-1
2020-06-25 11:03:11,145 [grpc-default-executor-4] DEBUG server.GrpcLogAppender (GrpcLogAppender.java:onNext(257)) - omNode-2@group-523986131536->omNode-3-AppendLogResponseHandler: received a reply omNode-2<-omNode-3#11:OK,SUCCESS,nextIndex:8,term:2,followerCommit:5, request=AppendEntriesRequest:cid=11,entriesCount=0,lastEntry=null
2020-06-25 11:03:11,638 [grpc-default-executor-6] WARN  server.GrpcLogAppender (LogUtils.java:warn(122)) - omNode-2@group-523986131536->omNode-1-AppendLogResponseHandler: Failed appendEntries: org.apache.ratis.thirdparty.io.grpc.StatusRuntimeException: UNAVAILABLE: io exception
2020-06-25 11:03:11,640 [grpc-default-executor-6] INFO  impl.FollowerInfo (FollowerInfo.java:lambda$new$0(51)) - omNode-2@group-523986131536->omNode-1: nextIndex: updateUnconditionally 8 -> 1
2020-06-25 11:03:11,646 [grpc-default-executor-6] INFO  ratis.OzoneManagerStateMachine (OzoneManagerStateMachine.java:getLatestSnapshot(147)) - Latest Snapshot Info 0#-1
2020-06-25 11:03:11,647 [grpc-default-executor-6] DEBUG server.GrpcLogAppender (GrpcLogAppender.java:onNext(257)) - omNode-2@group-523986131536->omNode-3-AppendLogResponseHandler: received a reply omNode-2<-omNode-3#12:OK,SUCCESS,nextIndex:8,term:2,followerCommit:5, request=AppendEntriesRequest:cid=12,entriesCount=0,lastEntry=null
2020-06-25 11:03:12,141 [grpc-default-executor-4] WARN  server.GrpcLogAppender (LogUtils.java:warn(122)) - omNode-2@group-523986131536->omNode-1-AppendLogResponseHandler: Failed appendEntries: org.apache.ratis.thirdparty.io.grpc.StatusRuntimeException: UNAVAILABLE: io exception
2020-06-25 11:03:12,143 [grpc-default-executor-4] INFO  impl.FollowerInfo (FollowerInfo.java:lambda$new$0(51)) - omNode-2@group-523986131536->omNode-1: nextIndex: updateUnconditionally 8 -> 1
2020-06-25 11:03:12,148 [grpc-default-executor-4] INFO  ratis.OzoneManagerStateMachine (OzoneManagerStateMachine.java:getLatestSnapshot(147)) - Latest Snapshot Info 0#-1
2020-06-25 11:03:12,149 [grpc-default-executor-4] DEBUG server.GrpcLogAppender (GrpcLogAppender.java:onNext(257)) - omNode-2@group-523986131536->omNode-3-AppendLogResponseHandler: received a reply omNode-2<-omNode-3#13:OK,SUCCESS,nextIndex:8,term:2,followerCommit:5, request=AppendEntriesRequest:cid=13,entriesCount=0,lastEntry=null
2020-06-25 11:03:12,642 [grpc-default-executor-6] WARN  server.GrpcLogAppender (LogUtils.java:warn(122)) - omNode-2@group-523986131536->omNode-1-AppendLogResponseHandler: Failed appendEntries: org.apache.ratis.thirdparty.io.grpc.StatusRuntimeException: UNAVAILABLE: io exception
2020-06-25 11:03:12,645 [grpc-default-executor-6] INFO  impl.FollowerInfo (FollowerInfo.java:lambda$new$0(51)) - omNode-2@group-523986131536->omNode-1: nextIndex: updateUnconditionally 8 -> 1
2020-06-25 11:03:12,650 [grpc-default-executor-6] INFO  ratis.OzoneManagerStateMachine (OzoneManagerStateMachine.java:getLatestSnapshot(147)) - Latest Snapshot Info 0#-1
2020-06-25 11:03:12,651 [grpc-default-executor-6] DEBUG server.GrpcLogAppender (GrpcLogAppender.java:onNext(257)) - omNode-2@group-523986131536->omNode-3-AppendLogResponseHandler: received a reply omNode-2<-omNode-3#14:OK,SUCCESS,nextIndex:8,term:2,followerCommit:5, request=AppendEntriesRequest:cid=14,entriesCount=0,lastEntry=null
2020-06-25 11:03:13,152 [grpc-default-executor-4] WARN  server.GrpcLogAppender (LogUtils.java:warn(122)) - omNode-2@group-523986131536->omNode-1-AppendLogResponseHandler: Failed appendEntries: org.apache.ratis.thirdparty.io.grpc.StatusRuntimeException: UNAVAILABLE: io exception
2020-06-25 11:03:13,153 [grpc-default-executor-6] INFO  ratis.OzoneManagerStateMachine (OzoneManagerStateMachine.java:getLatestSnapshot(147)) - Latest Snapshot Info 0#-1
2020-06-25 11:03:13,154 [grpc-default-executor-4] INFO  impl.FollowerInfo (FollowerInfo.java:lambda$new$0(51)) - omNode-2@group-523986131536->omNode-1: nextIndex: updateUnconditionally 8 -> 1
2020-06-25 11:03:13,155 [grpc-default-executor-4] DEBUG server.GrpcLogAppender (GrpcLogAppender.java:onNext(257)) - omNode-2@group-523986131536->omNode-3-AppendLogResponseHandler: received a reply omNode-2<-omNode-3#15:OK,SUCCESS,nextIndex:8,term:2,followerCommit:5, request=AppendEntriesRequest:cid=15,entriesCount=0,lastEntry=null
2020-06-25 11:03:13,436 [grpc-default-executor-4] DEBUG server.GrpcLogAppender (GrpcLogAppender.java:onNext(257)) - 4a701bf3-65c5-4a6b-a9bd-8d146b70a3c5@group-FA8FC8FC0B25->46f5dd17-f708-4f3a-b37a-c80b662a6b15-AppendLogResponseHandler: received a reply 4a701bf3-65c5-4a6b-a9bd-8d146b70a3c5<-46f5dd17-f708-4f3a-b37a-c80b662a6b15#5:OK,SUCCESS,nextIndex:1,term:1,followerCommit:0, request=AppendEntriesRequest:cid=5,entriesCount=0,lastEntry=null
2020-06-25 11:03:13,437 [grpc-default-executor-6] DEBUG server.GrpcLogAppender (GrpcLogAppender.java:onNext(257)) - 4a701bf3-65c5-4a6b-a9bd-8d146b70a3c5@group-FA8FC8FC0B25->41a654b2-66a7-4542-b2c0-cec1bd614880-AppendLogResponseHandler: received a reply 4a701bf3-65c5-4a6b-a9bd-8d146b70a3c5<-41a654b2-66a7-4542-b2c0-cec1bd614880#5:OK,SUCCESS,nextIndex:1,term:1,followerCommit:0, request=AppendEntriesRequest:cid=5,entriesCount=0,lastEntry=null
2020-06-25 11:03:13,647 [grpc-default-executor-4] WARN  server.GrpcLogAppender (LogUtils.java:warn(122)) - omNode-2@group-523986131536->omNode-1-AppendLogResponseHandler: Failed appendEntries: org.apache.ratis.thirdparty.io.grpc.StatusRuntimeException: UNAVAILABLE: io exception
2020-06-25 11:03:13,649 [grpc-default-executor-4] INFO  impl.FollowerInfo (FollowerInfo.java:lambda$new$0(51)) - omNode-2@group-523986131536->omNode-1: nextIndex: updateUnconditionally 8 -> 1
2020-06-25 11:03:13,656 [grpc-default-executor-4] INFO  ratis.OzoneManagerStateMachine (OzoneManagerStateMachine.java:getLatestSnapshot(147)) - Latest Snapshot Info 0#-1
2020-06-25 11:03:13,656 [grpc-default-executor-4] DEBUG server.GrpcLogAppender (GrpcLogAppender.java:onNext(257)) - omNode-2@group-523986131536->omNode-3-AppendLogResponseHandler: received a reply omNode-2<-omNode-3#16:OK,SUCCESS,nextIndex:8,term:2,followerCommit:5, request=AppendEntriesRequest:cid=16,entriesCount=0,lastEntry=null
2020-06-25 11:03:14,148 [grpc-default-executor-6] WARN  server.GrpcLogAppender (LogUtils.java:warn(122)) - omNode-2@group-523986131536->omNode-1-AppendLogResponseHandler: Failed appendEntries: org.apache.ratis.thirdparty.io.grpc.StatusRuntimeException: UNAVAILABLE: io exception
2020-06-25 11:03:14,152 [grpc-default-executor-6] INFO  impl.FollowerInfo (FollowerInfo.java:lambda$new$0(51)) - omNode-2@group-523986131536->omNode-1: nextIndex: updateUnconditionally 8 -> 1
2020-06-25 11:03:14,157 [grpc-default-executor-6] INFO  ratis.OzoneManagerStateMachine (OzoneManagerStateMachine.java:getLatestSnapshot(147)) - Latest Snapshot Info 0#-1
2020-06-25 11:03:14,158 [grpc-default-executor-6] DEBUG server.GrpcLogAppender (GrpcLogAppender.java:onNext(257)) - omNode-2@group-523986131536->omNode-3-AppendLogResponseHandler: received a reply omNode-2<-omNode-3#17:OK,SUCCESS,nextIndex:8,term:2,followerCommit:5, request=AppendEntriesRequest:cid=17,entriesCount=0,lastEntry=null
2020-06-25 11:03:14,393 [IPC Server handler 4 on default port 10630] DEBUG impl.RaftServerImpl (RaftServerImpl.java:submitClientRequestAsync(575)) - omNode-2@group-523986131536: receive client request(RaftClientRequest:client-F77EFE848D9D->omNode-2@group-523986131536, cid=110, seq=0, RW, Message:081f12001a13636c6965...(size=278))
2020-06-25 11:03:14,393 [IPC Server handler 4 on default port 10630] INFO  ipc.Server (Server.java:logException(2976)) - IPC Server handler 4 on default port 10630, call Call#330 Retry#3 org.apache.hadoop.ozone.om.protocol.OzoneManagerProtocol.submitRequest from 127.0.0.1:59082
org.apache.hadoop.ozone.om.exceptions.OMLeaderNotReadyException: omNode-2@group-523986131536 is in LEADER state but not ready yet.
	at org.apache.hadoop.ozone.om.ratis.OzoneManagerRatisServer.processReply(OzoneManagerRatisServer.java:177)
	at org.apache.hadoop.ozone.om.ratis.OzoneManagerRatisServer.submitRequest(OzoneManagerRatisServer.java:136)
	at org.apache.hadoop.ozone.protocolPB.OzoneManagerProtocolServerSideTranslatorPB.submitRequestToRatis(OzoneManagerProtocolServerSideTranslatorPB.java:177)
	at org.apache.hadoop.ozone.protocolPB.OzoneManagerProtocolServerSideTranslatorPB.processRequest(OzoneManagerProtocolServerSideTranslatorPB.java:134)
	at org.apache.hadoop.hdds.server.OzoneProtocolMessageDispatcher.processRequest(OzoneProtocolMessageDispatcher.java:74)
	at org.apache.hadoop.ozone.protocolPB.OzoneManagerProtocolServerSideTranslatorPB.submitRequest(OzoneManagerProtocolServerSideTranslatorPB.java:113)
	at org.apache.hadoop.ozone.protocol.proto.OzoneManagerProtocolProtos$OzoneManagerService$2.callBlockingMethod(OzoneManagerProtocolProtos.java)
	at org.apache.hadoop.ipc.ProtobufRpcEngine$Server$ProtoBufRpcInvoker.call(ProtobufRpcEngine.java:528)
	at org.apache.hadoop.ipc.RPC$Server.call(RPC.java:1070)
	at org.apache.hadoop.ipc.Server$RpcCall.run(Server.java:999)
	at org.apache.hadoop.ipc.Server$RpcCall.run(Server.java:927)
	at java.security.AccessController.doPrivileged(Native Method)
	at javax.security.auth.Subject.doAs(Subject.java:422)
	at org.apache.hadoop.security.UserGroupInformation.doAs(UserGroupInformation.java:1730)
	at org.apache.hadoop.ipc.Server$Handler.run(Server.java:2915)
2020-06-25 11:03:14,395 [Listener at 127.0.0.1/10636] INFO  retry.RetryInvocationHandler (RetryInvocationHandler.java:log(411)) - com.google.protobuf.ServiceException: org.apache.hadoop.ipc.RemoteException(org.apache.hadoop.ozone.om.exceptions.OMLeaderNotReadyException): omNode-2@group-523986131536 is in LEADER state but not ready yet.
	at org.apache.hadoop.ozone.om.ratis.OzoneManagerRatisServer.processReply(OzoneManagerRatisServer.java:177)
	at org.apache.hadoop.ozone.om.ratis.OzoneManagerRatisServer.submitRequest(OzoneManagerRatisServer.java:136)
	at org.apache.hadoop.ozone.protocolPB.OzoneManagerProtocolServerSideTranslatorPB.submitRequestToRatis(OzoneManagerProtocolServerSideTranslatorPB.java:177)
	at org.apache.hadoop.ozone.protocolPB.OzoneManagerProtocolServerSideTranslatorPB.processRequest(OzoneManagerProtocolServerSideTranslatorPB.java:134)
	at org.apache.hadoop.hdds.server.OzoneProtocolMessageDispatcher.processRequest(OzoneProtocolMessageDispatcher.java:74)
	at org.apache.hadoop.ozone.protocolPB.OzoneManagerProtocolServerSideTranslatorPB.submitRequest(OzoneManagerProtocolServerSideTranslatorPB.java:113)
	at org.apache.hadoop.ozone.protocol.proto.OzoneManagerProtocolProtos$OzoneManagerService$2.callBlockingMethod(OzoneManagerProtocolProtos.java)
	at org.apache.hadoop.ipc.ProtobufRpcEngine$Server$ProtoBufRpcInvoker.call(ProtobufRpcEngine.java:528)
	at org.apache.hadoop.ipc.RPC$Server.call(RPC.java:1070)
	at org.apache.hadoop.ipc.Server$RpcCall.run(Server.java:999)
	at org.apache.hadoop.ipc.Server$RpcCall.run(Server.java:927)
	at java.security.AccessController.doPrivileged(Native Method)
	at javax.security.auth.Subject.doAs(Subject.java:422)
	at org.apache.hadoop.security.UserGroupInformation.doAs(UserGroupInformation.java:1730)
	at org.apache.hadoop.ipc.Server$Handler.run(Server.java:2915)
, while invoking $Proxy39.submitRequest over nodeId=omNode-2,nodeAddress=127.0.0.1:10630 after 3 failover attempts. Trying to failover after sleeping for 6000ms.
2020-06-25 11:03:14,652 [grpc-default-executor-6] WARN  server.GrpcLogAppender (LogUtils.java:warn(122)) - omNode-2@group-523986131536->omNode-1-AppendLogResponseHandler: Failed appendEntries: org.apache.ratis.thirdparty.io.grpc.StatusRuntimeException: UNAVAILABLE: io exception
2020-06-25 11:03:14,656 [grpc-default-executor-6] INFO  impl.FollowerInfo (FollowerInfo.java:lambda$new$0(51)) - omNode-2@group-523986131536->omNode-1: nextIndex: updateUnconditionally 1 -> 0
2020-06-25 11:03:14,658 [grpc-default-executor-4] WARN  server.GrpcLogAppender (LogUtils.java:warn(122)) - omNode-2@group-523986131536->omNode-1-AppendLogResponseHandler: Failed appendEntries: org.apache.ratis.thirdparty.io.grpc.StatusRuntimeException: UNAVAILABLE: io exception
2020-06-25 11:03:14,662 [grpc-default-executor-4] INFO  impl.FollowerInfo (FollowerInfo.java:lambda$new$0(51)) - omNode-2@group-523986131536->omNode-1: nextIndex: updateUnconditionally 8 -> 1
2020-06-25 11:03:14,663 [grpc-default-executor-4] INFO  ratis.OzoneManagerStateMachine (OzoneManagerStateMachine.java:getLatestSnapshot(147)) - Latest Snapshot Info 0#-1
2020-06-25 11:03:14,664 [grpc-default-executor-4] DEBUG server.GrpcLogAppender (GrpcLogAppender.java:onNext(257)) - omNode-2@group-523986131536->omNode-3-AppendLogResponseHandler: received a reply omNode-2<-omNode-3#18:OK,SUCCESS,nextIndex:8,term:2,followerCommit:5, request=AppendEntriesRequest:cid=18,entriesCount=0,lastEntry=null
2020-06-25 11:03:15,160 [grpc-default-executor-6] WARN  server.GrpcLogAppender (LogUtils.java:warn(122)) - omNode-2@group-523986131536->omNode-1-AppendLogResponseHandler: Failed appendEntries: org.apache.ratis.thirdparty.io.grpc.StatusRuntimeException: UNAVAILABLE: io exception
2020-06-25 11:03:15,161 [grpc-default-executor-6] INFO  impl.FollowerInfo (FollowerInfo.java:lambda$new$0(51)) - omNode-2@group-523986131536->omNode-1: nextIndex: updateUnconditionally 8 -> 1
2020-06-25 11:03:15,165 [grpc-default-executor-6] INFO  ratis.OzoneManagerStateMachine (OzoneManagerStateMachine.java:getLatestSnapshot(147)) - Latest Snapshot Info 0#-1
2020-06-25 11:03:15,166 [grpc-default-executor-6] DEBUG server.GrpcLogAppender (GrpcLogAppender.java:onNext(257)) - omNode-2@group-523986131536->omNode-3-AppendLogResponseHandler: received a reply omNode-2<-omNode-3#19:OK,SUCCESS,nextIndex:8,term:2,followerCommit:5, request=AppendEntriesRequest:cid=19,entriesCount=0,lastEntry=null
2020-06-25 11:03:15,663 [grpc-default-executor-4] WARN  server.GrpcLogAppender (LogUtils.java:warn(122)) - omNode-2@group-523986131536->omNode-1-AppendLogResponseHandler: Failed appendEntries: org.apache.ratis.thirdparty.io.grpc.StatusRuntimeException: UNAVAILABLE: io exception
2020-06-25 11:03:15,664 [grpc-default-executor-4] INFO  impl.FollowerInfo (FollowerInfo.java:lambda$new$0(51)) - omNode-2@group-523986131536->omNode-1: nextIndex: updateUnconditionally 8 -> 1
2020-06-25 11:03:15,667 [grpc-default-executor-4] INFO  ratis.OzoneManagerStateMachine (OzoneManagerStateMachine.java:getLatestSnapshot(147)) - Latest Snapshot Info 0#-1
2020-06-25 11:03:15,668 [grpc-default-executor-4] DEBUG server.GrpcLogAppender (GrpcLogAppender.java:onNext(257)) - omNode-2@group-523986131536->omNode-3-AppendLogResponseHandler: received a reply omNode-2<-omNode-3#20:OK,SUCCESS,nextIndex:8,term:2,followerCommit:5, request=AppendEntriesRequest:cid=20,entriesCount=0,lastEntry=null
2020-06-25 11:03:15,938 [grpc-default-executor-6] DEBUG server.GrpcLogAppender (GrpcLogAppender.java:onNext(257)) - 4a701bf3-65c5-4a6b-a9bd-8d146b70a3c5@group-FA8FC8FC0B25->46f5dd17-f708-4f3a-b37a-c80b662a6b15-AppendLogResponseHandler: received a reply 4a701bf3-65c5-4a6b-a9bd-8d146b70a3c5<-46f5dd17-f708-4f3a-b37a-c80b662a6b15#6:OK,SUCCESS,nextIndex:1,term:1,followerCommit:0, request=AppendEntriesRequest:cid=6,entriesCount=0,lastEntry=null
2020-06-25 11:03:15,938 [grpc-default-executor-4] DEBUG server.GrpcLogAppender (GrpcLogAppender.java:onNext(257)) - 4a701bf3-65c5-4a6b-a9bd-8d146b70a3c5@group-FA8FC8FC0B25->41a654b2-66a7-4542-b2c0-cec1bd614880-AppendLogResponseHandler: received a reply 4a701bf3-65c5-4a6b-a9bd-8d146b70a3c5<-41a654b2-66a7-4542-b2c0-cec1bd614880#6:OK,SUCCESS,nextIndex:1,term:1,followerCommit:0, request=AppendEntriesRequest:cid=6,entriesCount=0,lastEntry=null
2020-06-25 11:03:16,165 [grpc-default-executor-6] WARN  server.GrpcLogAppender (LogUtils.java:warn(122)) - omNode-2@group-523986131536->omNode-1-AppendLogResponseHandler: Failed appendEntries: org.apache.ratis.thirdparty.io.grpc.StatusRuntimeException: UNAVAILABLE: io exception
2020-06-25 11:03:16,167 [grpc-default-executor-6] INFO  impl.FollowerInfo (FollowerInfo.java:lambda$new$0(51)) - omNode-2@group-523986131536->omNode-1: nextIndex: updateUnconditionally 8 -> 1
2020-06-25 11:03:16,169 [grpc-default-executor-6] INFO  ratis.OzoneManagerStateMachine (OzoneManagerStateMachine.java:getLatestSnapshot(147)) - Latest Snapshot Info 0#-1
2020-06-25 11:03:16,170 [grpc-default-executor-6] DEBUG server.GrpcLogAppender (GrpcLogAppender.java:onNext(257)) - omNode-2@group-523986131536->omNode-3-AppendLogResponseHandler: received a reply omNode-2<-omNode-3#21:OK,SUCCESS,nextIndex:8,term:2,followerCommit:5, request=AppendEntriesRequest:cid=21,entriesCount=0,lastEntry=null
2020-06-25 11:03:16,668 [grpc-default-executor-4] WARN  server.GrpcLogAppender (LogUtils.java:warn(122)) - omNode-2@group-523986131536->omNode-1-AppendLogResponseHandler: Failed appendEntries: org.apache.ratis.thirdparty.io.grpc.StatusRuntimeException: UNAVAILABLE: io exception
2020-06-25 11:03:16,669 [grpc-default-executor-4] INFO  impl.FollowerInfo (FollowerInfo.java:lambda$new$0(51)) - omNode-2@group-523986131536->omNode-1: nextIndex: updateUnconditionally 8 -> 1
2020-06-25 11:03:16,670 [grpc-default-executor-4] INFO  ratis.OzoneManagerStateMachine (OzoneManagerStateMachine.java:getLatestSnapshot(147)) - Latest Snapshot Info 0#-1
2020-06-25 11:03:16,671 [grpc-default-executor-4] DEBUG server.GrpcLogAppender (GrpcLogAppender.java:onNext(257)) - omNode-2@group-523986131536->omNode-3-AppendLogResponseHandler: received a reply omNode-2<-omNode-3#22:OK,SUCCESS,nextIndex:8,term:2,followerCommit:5, request=AppendEntriesRequest:cid=22,entriesCount=0,lastEntry=null
2020-06-25 11:03:17,170 [grpc-default-executor-6] WARN  server.GrpcLogAppender (LogUtils.java:warn(122)) - omNode-2@group-523986131536->omNode-1-AppendLogResponseHandler: Failed appendEntries: org.apache.ratis.thirdparty.io.grpc.StatusRuntimeException: UNAVAILABLE: io exception
2020-06-25 11:03:17,171 [grpc-default-executor-6] INFO  impl.FollowerInfo (FollowerInfo.java:lambda$new$0(51)) - omNode-2@group-523986131536->omNode-1: nextIndex: updateUnconditionally 8 -> 1
2020-06-25 11:03:17,172 [grpc-default-executor-6] INFO  ratis.OzoneManagerStateMachine (OzoneManagerStateMachine.java:getLatestSnapshot(147)) - Latest Snapshot Info 0#-1
2020-06-25 11:03:17,173 [grpc-default-executor-6] DEBUG server.GrpcLogAppender (GrpcLogAppender.java:onNext(257)) - omNode-2@group-523986131536->omNode-3-AppendLogResponseHandler: received a reply omNode-2<-omNode-3#23:OK,SUCCESS,nextIndex:8,term:2,followerCommit:5, request=AppendEntriesRequest:cid=23,entriesCount=0,lastEntry=null
2020-06-25 11:03:17,671 [grpc-default-executor-4] WARN  server.GrpcLogAppender (LogUtils.java:warn(122)) - omNode-2@group-523986131536->omNode-1-AppendLogResponseHandler: Failed appendEntries: org.apache.ratis.thirdparty.io.grpc.StatusRuntimeException: UNAVAILABLE: io exception
2020-06-25 11:03:17,673 [grpc-default-executor-4] INFO  impl.FollowerInfo (FollowerInfo.java:lambda$new$0(51)) - omNode-2@group-523986131536->omNode-1: nextIndex: updateUnconditionally 8 -> 1
2020-06-25 11:03:17,674 [grpc-default-executor-4] INFO  ratis.OzoneManagerStateMachine (OzoneManagerStateMachine.java:getLatestSnapshot(147)) - Latest Snapshot Info 0#-1
2020-06-25 11:03:17,675 [grpc-default-executor-4] DEBUG server.GrpcLogAppender (GrpcLogAppender.java:onNext(257)) - omNode-2@group-523986131536->omNode-3-AppendLogResponseHandler: received a reply omNode-2<-omNode-3#24:OK,SUCCESS,nextIndex:8,term:2,followerCommit:5, request=AppendEntriesRequest:cid=24,entriesCount=0,lastEntry=null
2020-06-25 11:03:18,174 [grpc-default-executor-6] WARN  server.GrpcLogAppender (LogUtils.java:warn(122)) - omNode-2@group-523986131536->omNode-1-AppendLogResponseHandler: Failed appendEntries: org.apache.ratis.thirdparty.io.grpc.StatusRuntimeException: UNAVAILABLE: io exception
2020-06-25 11:03:18,175 [grpc-default-executor-6] INFO  impl.FollowerInfo (FollowerInfo.java:lambda$new$0(51)) - omNode-2@group-523986131536->omNode-1: nextIndex: updateUnconditionally 8 -> 1
2020-06-25 11:03:18,176 [grpc-default-executor-6] INFO  ratis.OzoneManagerStateMachine (OzoneManagerStateMachine.java:getLatestSnapshot(147)) - Latest Snapshot Info 0#-1
2020-06-25 11:03:18,177 [grpc-default-executor-6] DEBUG server.GrpcLogAppender (GrpcLogAppender.java:onNext(257)) - omNode-2@group-523986131536->omNode-3-AppendLogResponseHandler: received a reply omNode-2<-omNode-3#25:OK,SUCCESS,nextIndex:8,term:2,followerCommit:5, request=AppendEntriesRequest:cid=25,entriesCount=0,lastEntry=null
2020-06-25 11:03:18,440 [grpc-default-executor-6] DEBUG server.GrpcLogAppender (GrpcLogAppender.java:onNext(257)) - 4a701bf3-65c5-4a6b-a9bd-8d146b70a3c5@group-FA8FC8FC0B25->46f5dd17-f708-4f3a-b37a-c80b662a6b15-AppendLogResponseHandler: received a reply 4a701bf3-65c5-4a6b-a9bd-8d146b70a3c5<-46f5dd17-f708-4f3a-b37a-c80b662a6b15#7:OK,SUCCESS,nextIndex:1,term:1,followerCommit:0, request=AppendEntriesRequest:cid=7,entriesCount=0,lastEntry=null
2020-06-25 11:03:18,440 [grpc-default-executor-6] DEBUG server.GrpcLogAppender (GrpcLogAppender.java:onNext(257)) - 4a701bf3-65c5-4a6b-a9bd-8d146b70a3c5@group-FA8FC8FC0B25->41a654b2-66a7-4542-b2c0-cec1bd614880-AppendLogResponseHandler: received a reply 4a701bf3-65c5-4a6b-a9bd-8d146b70a3c5<-41a654b2-66a7-4542-b2c0-cec1bd614880#7:OK,SUCCESS,nextIndex:1,term:1,followerCommit:0, request=AppendEntriesRequest:cid=7,entriesCount=0,lastEntry=null
2020-06-25 11:03:18,676 [grpc-default-executor-4] WARN  server.GrpcLogAppender (LogUtils.java:warn(122)) - omNode-2@group-523986131536->omNode-1-AppendLogResponseHandler: Failed appendEntries: org.apache.ratis.thirdparty.io.grpc.StatusRuntimeException: UNAVAILABLE: io exception
2020-06-25 11:03:18,677 [grpc-default-executor-4] INFO  impl.FollowerInfo (FollowerInfo.java:lambda$new$0(51)) - omNode-2@group-523986131536->omNode-1: nextIndex: updateUnconditionally 8 -> 1
2020-06-25 11:03:18,678 [grpc-default-executor-4] INFO  ratis.OzoneManagerStateMachine (OzoneManagerStateMachine.java:getLatestSnapshot(147)) - Latest Snapshot Info 0#-1
2020-06-25 11:03:18,678 [grpc-default-executor-4] DEBUG server.GrpcLogAppender (GrpcLogAppender.java:onNext(257)) - omNode-2@group-523986131536->omNode-3-AppendLogResponseHandler: received a reply omNode-2<-omNode-3#26:OK,SUCCESS,nextIndex:8,term:2,followerCommit:5, request=AppendEntriesRequest:cid=26,entriesCount=0,lastEntry=null
2020-06-25 11:03:19,178 [grpc-default-executor-6] WARN  server.GrpcLogAppender (LogUtils.java:warn(122)) - omNode-2@group-523986131536->omNode-1-AppendLogResponseHandler: Failed appendEntries: org.apache.ratis.thirdparty.io.grpc.StatusRuntimeException: UNAVAILABLE: io exception
2020-06-25 11:03:19,179 [grpc-default-executor-6] INFO  impl.FollowerInfo (FollowerInfo.java:lambda$new$0(51)) - omNode-2@group-523986131536->omNode-1: nextIndex: updateUnconditionally 8 -> 1
2020-06-25 11:03:19,180 [grpc-default-executor-6] INFO  ratis.OzoneManagerStateMachine (OzoneManagerStateMachine.java:getLatestSnapshot(147)) - Latest Snapshot Info 0#-1
2020-06-25 11:03:19,183 [grpc-default-executor-6] DEBUG server.GrpcLogAppender (GrpcLogAppender.java:onNext(257)) - omNode-2@group-523986131536->omNode-3-AppendLogResponseHandler: received a reply omNode-2<-omNode-3#27:OK,SUCCESS,nextIndex:8,term:2,followerCommit:5, request=AppendEntriesRequest:cid=27,entriesCount=0,lastEntry=null
2020-06-25 11:03:19,680 [grpc-default-executor-4] WARN  server.GrpcLogAppender (LogUtils.java:warn(122)) - omNode-2@group-523986131536->omNode-1-AppendLogResponseHandler: Failed appendEntries: org.apache.ratis.thirdparty.io.grpc.StatusRuntimeException: UNAVAILABLE: io exception
2020-06-25 11:03:19,681 [grpc-default-executor-4] INFO  impl.FollowerInfo (FollowerInfo.java:lambda$new$0(51)) - omNode-2@group-523986131536->omNode-1: nextIndex: updateUnconditionally 8 -> 1
2020-06-25 11:03:19,684 [grpc-default-executor-4] INFO  ratis.OzoneManagerStateMachine (OzoneManagerStateMachine.java:getLatestSnapshot(147)) - Latest Snapshot Info 0#-1
2020-06-25 11:03:19,685 [grpc-default-executor-4] DEBUG server.GrpcLogAppender (GrpcLogAppender.java:onNext(257)) - omNode-2@group-523986131536->omNode-3-AppendLogResponseHandler: received a reply omNode-2<-omNode-3#28:OK,SUCCESS,nextIndex:8,term:2,followerCommit:5, request=AppendEntriesRequest:cid=28,entriesCount=0,lastEntry=null
2020-06-25 11:03:20,181 [grpc-default-executor-6] WARN  server.GrpcLogAppender (LogUtils.java:warn(122)) - omNode-2@group-523986131536->omNode-1-AppendLogResponseHandler: Failed appendEntries: org.apache.ratis.thirdparty.io.grpc.StatusRuntimeException: UNAVAILABLE: io exception
2020-06-25 11:03:20,182 [grpc-default-executor-6] INFO  impl.FollowerInfo (FollowerInfo.java:lambda$new$0(51)) - omNode-2@group-523986131536->omNode-1: nextIndex: updateUnconditionally 8 -> 1
2020-06-25 11:03:20,186 [grpc-default-executor-6] INFO  ratis.OzoneManagerStateMachine (OzoneManagerStateMachine.java:getLatestSnapshot(147)) - Latest Snapshot Info 0#-1
2020-06-25 11:03:20,187 [grpc-default-executor-6] DEBUG server.GrpcLogAppender (GrpcLogAppender.java:onNext(257)) - omNode-2@group-523986131536->omNode-3-AppendLogResponseHandler: received a reply omNode-2<-omNode-3#29:OK,SUCCESS,nextIndex:8,term:2,followerCommit:5, request=AppendEntriesRequest:cid=29,entriesCount=0,lastEntry=null
2020-06-25 11:03:20,396 [IPC Server handler 2 on default port 10630] DEBUG impl.RaftServerImpl (RaftServerImpl.java:submitClientRequestAsync(575)) - omNode-2@group-523986131536: receive client request(RaftClientRequest:client-F77EFE848D9D->omNode-2@group-523986131536, cid=112, seq=0, RW, Message:081f12001a13636c6965...(size=278))
2020-06-25 11:03:20,396 [IPC Server handler 2 on default port 10630] INFO  ipc.Server (Server.java:logException(2976)) - IPC Server handler 2 on default port 10630, call Call#330 Retry#4 org.apache.hadoop.ozone.om.protocol.OzoneManagerProtocol.submitRequest from 127.0.0.1:59082
org.apache.hadoop.ozone.om.exceptions.OMLeaderNotReadyException: omNode-2@group-523986131536 is in LEADER state but not ready yet.
	at org.apache.hadoop.ozone.om.ratis.OzoneManagerRatisServer.processReply(OzoneManagerRatisServer.java:177)
	at org.apache.hadoop.ozone.om.ratis.OzoneManagerRatisServer.submitRequest(OzoneManagerRatisServer.java:136)
	at org.apache.hadoop.ozone.protocolPB.OzoneManagerProtocolServerSideTranslatorPB.submitRequestToRatis(OzoneManagerProtocolServerSideTranslatorPB.java:177)
	at org.apache.hadoop.ozone.protocolPB.OzoneManagerProtocolServerSideTranslatorPB.processRequest(OzoneManagerProtocolServerSideTranslatorPB.java:134)
	at org.apache.hadoop.hdds.server.OzoneProtocolMessageDispatcher.processRequest(OzoneProtocolMessageDispatcher.java:74)
	at org.apache.hadoop.ozone.protocolPB.OzoneManagerProtocolServerSideTranslatorPB.submitRequest(OzoneManagerProtocolServerSideTranslatorPB.java:113)
	at org.apache.hadoop.ozone.protocol.proto.OzoneManagerProtocolProtos$OzoneManagerService$2.callBlockingMethod(OzoneManagerProtocolProtos.java)
	at org.apache.hadoop.ipc.ProtobufRpcEngine$Server$ProtoBufRpcInvoker.call(ProtobufRpcEngine.java:528)
	at org.apache.hadoop.ipc.RPC$Server.call(RPC.java:1070)
	at org.apache.hadoop.ipc.Server$RpcCall.run(Server.java:999)
	at org.apache.hadoop.ipc.Server$RpcCall.run(Server.java:927)
	at java.security.AccessController.doPrivileged(Native Method)
	at javax.security.auth.Subject.doAs(Subject.java:422)
	at org.apache.hadoop.security.UserGroupInformation.doAs(UserGroupInformation.java:1730)
	at org.apache.hadoop.ipc.Server$Handler.run(Server.java:2915)
2020-06-25 11:03:20,398 [Listener at 127.0.0.1/10636] INFO  retry.RetryInvocationHandler (RetryInvocationHandler.java:log(411)) - com.google.protobuf.ServiceException: org.apache.hadoop.ipc.RemoteException(org.apache.hadoop.ozone.om.exceptions.OMLeaderNotReadyException): omNode-2@group-523986131536 is in LEADER state but not ready yet.
	at org.apache.hadoop.ozone.om.ratis.OzoneManagerRatisServer.processReply(OzoneManagerRatisServer.java:177)
	at org.apache.hadoop.ozone.om.ratis.OzoneManagerRatisServer.submitRequest(OzoneManagerRatisServer.java:136)
	at org.apache.hadoop.ozone.protocolPB.OzoneManagerProtocolServerSideTranslatorPB.submitRequestToRatis(OzoneManagerProtocolServerSideTranslatorPB.java:177)
	at org.apache.hadoop.ozone.protocolPB.OzoneManagerProtocolServerSideTranslatorPB.processRequest(OzoneManagerProtocolServerSideTranslatorPB.java:134)
	at org.apache.hadoop.hdds.server.OzoneProtocolMessageDispatcher.processRequest(OzoneProtocolMessageDispatcher.java:74)
	at org.apache.hadoop.ozone.protocolPB.OzoneManagerProtocolServerSideTranslatorPB.submitRequest(OzoneManagerProtocolServerSideTranslatorPB.java:113)
	at org.apache.hadoop.ozone.protocol.proto.OzoneManagerProtocolProtos$OzoneManagerService$2.callBlockingMethod(OzoneManagerProtocolProtos.java)
	at org.apache.hadoop.ipc.ProtobufRpcEngine$Server$ProtoBufRpcInvoker.call(ProtobufRpcEngine.java:528)
	at org.apache.hadoop.ipc.RPC$Server.call(RPC.java:1070)
	at org.apache.hadoop.ipc.Server$RpcCall.run(Server.java:999)
	at org.apache.hadoop.ipc.Server$RpcCall.run(Server.java:927)
	at java.security.AccessController.doPrivileged(Native Method)
	at javax.security.auth.Subject.doAs(Subject.java:422)
	at org.apache.hadoop.security.UserGroupInformation.doAs(UserGroupInformation.java:1730)
	at org.apache.hadoop.ipc.Server$Handler.run(Server.java:2915)
, while invoking $Proxy39.submitRequest over nodeId=omNode-2,nodeAddress=127.0.0.1:10630 after 4 failover attempts. Trying to failover after sleeping for 8000ms.
2020-06-25 11:03:20,683 [grpc-default-executor-4] WARN  server.GrpcLogAppender (LogUtils.java:warn(122)) - omNode-2@group-523986131536->omNode-1-AppendLogResponseHandler: Failed appendEntries: org.apache.ratis.thirdparty.io.grpc.StatusRuntimeException: UNAVAILABLE: io exception
2020-06-25 11:03:20,685 [grpc-default-executor-4] INFO  impl.FollowerInfo (FollowerInfo.java:lambda$new$0(51)) - omNode-2@group-523986131536->omNode-1: nextIndex: updateUnconditionally 8 -> 1
2020-06-25 11:03:20,687 [grpc-default-executor-4] INFO  ratis.OzoneManagerStateMachine (OzoneManagerStateMachine.java:getLatestSnapshot(147)) - Latest Snapshot Info 0#-1
2020-06-25 11:03:20,688 [grpc-default-executor-4] DEBUG server.GrpcLogAppender (GrpcLogAppender.java:onNext(257)) - omNode-2@group-523986131536->omNode-3-AppendLogResponseHandler: received a reply omNode-2<-omNode-3#30:OK,SUCCESS,nextIndex:8,term:2,followerCommit:5, request=AppendEntriesRequest:cid=30,entriesCount=0,lastEntry=null
2020-06-25 11:03:20,942 [grpc-default-executor-4] DEBUG server.GrpcLogAppender (GrpcLogAppender.java:onNext(257)) - 4a701bf3-65c5-4a6b-a9bd-8d146b70a3c5@group-FA8FC8FC0B25->41a654b2-66a7-4542-b2c0-cec1bd614880-AppendLogResponseHandler: received a reply 4a701bf3-65c5-4a6b-a9bd-8d146b70a3c5<-41a654b2-66a7-4542-b2c0-cec1bd614880#8:OK,SUCCESS,nextIndex:1,term:1,followerCommit:0, request=AppendEntriesRequest:cid=8,entriesCount=0,lastEntry=null
2020-06-25 11:03:20,942 [grpc-default-executor-4] DEBUG server.GrpcLogAppender (GrpcLogAppender.java:onNext(257)) - 4a701bf3-65c5-4a6b-a9bd-8d146b70a3c5@group-FA8FC8FC0B25->46f5dd17-f708-4f3a-b37a-c80b662a6b15-AppendLogResponseHandler: received a reply 4a701bf3-65c5-4a6b-a9bd-8d146b70a3c5<-46f5dd17-f708-4f3a-b37a-c80b662a6b15#8:OK,SUCCESS,nextIndex:1,term:1,followerCommit:0, request=AppendEntriesRequest:cid=8,entriesCount=0,lastEntry=null
2020-06-25 11:03:21,185 [grpc-default-executor-6] WARN  server.GrpcLogAppender (LogUtils.java:warn(122)) - omNode-2@group-523986131536->omNode-1-AppendLogResponseHandler: Failed appendEntries: org.apache.ratis.thirdparty.io.grpc.StatusRuntimeException: UNAVAILABLE: io exception
2020-06-25 11:03:21,187 [grpc-default-executor-6] INFO  impl.FollowerInfo (FollowerInfo.java:lambda$new$0(51)) - omNode-2@group-523986131536->omNode-1: nextIndex: updateUnconditionally 8 -> 1
2020-06-25 11:03:21,189 [grpc-default-executor-6] INFO  ratis.OzoneManagerStateMachine (OzoneManagerStateMachine.java:getLatestSnapshot(147)) - Latest Snapshot Info 0#-1
2020-06-25 11:03:21,190 [grpc-default-executor-6] DEBUG server.GrpcLogAppender (GrpcLogAppender.java:onNext(257)) - omNode-2@group-523986131536->omNode-3-AppendLogResponseHandler: received a reply omNode-2<-omNode-3#31:OK,SUCCESS,nextIndex:8,term:2,followerCommit:5, request=AppendEntriesRequest:cid=31,entriesCount=0,lastEntry=null
2020-06-25 11:03:21,687 [grpc-default-executor-4] WARN  server.GrpcLogAppender (LogUtils.java:warn(122)) - omNode-2@group-523986131536->omNode-1-AppendLogResponseHandler: Failed appendEntries: org.apache.ratis.thirdparty.io.grpc.StatusRuntimeException: UNAVAILABLE: io exception
2020-06-25 11:03:21,689 [grpc-default-executor-4] INFO  impl.FollowerInfo (FollowerInfo.java:lambda$new$0(51)) - omNode-2@group-523986131536->omNode-1: nextIndex: updateUnconditionally 8 -> 1
2020-06-25 11:03:21,691 [grpc-default-executor-4] INFO  ratis.OzoneManagerStateMachine (OzoneManagerStateMachine.java:getLatestSnapshot(147)) - Latest Snapshot Info 0#-1
2020-06-25 11:03:21,692 [grpc-default-executor-4] DEBUG server.GrpcLogAppender (GrpcLogAppender.java:onNext(257)) - omNode-2@group-523986131536->omNode-3-AppendLogResponseHandler: received a reply omNode-2<-omNode-3#32:OK,SUCCESS,nextIndex:8,term:2,followerCommit:5, request=AppendEntriesRequest:cid=32,entriesCount=0,lastEntry=null
2020-06-25 11:03:22,189 [grpc-default-executor-6] WARN  server.GrpcLogAppender (LogUtils.java:warn(122)) - omNode-2@group-523986131536->omNode-1-AppendLogResponseHandler: Failed appendEntries: org.apache.ratis.thirdparty.io.grpc.StatusRuntimeException: UNAVAILABLE: io exception
2020-06-25 11:03:22,190 [grpc-default-executor-6] INFO  impl.FollowerInfo (FollowerInfo.java:lambda$new$0(51)) - omNode-2@group-523986131536->omNode-1: nextIndex: updateUnconditionally 8 -> 1
2020-06-25 11:03:22,192 [grpc-default-executor-6] INFO  ratis.OzoneManagerStateMachine (OzoneManagerStateMachine.java:getLatestSnapshot(147)) - Latest Snapshot Info 0#-1
2020-06-25 11:03:22,193 [grpc-default-executor-6] DEBUG server.GrpcLogAppender (GrpcLogAppender.java:onNext(257)) - omNode-2@group-523986131536->omNode-3-AppendLogResponseHandler: received a reply omNode-2<-omNode-3#33:OK,SUCCESS,nextIndex:8,term:2,followerCommit:5, request=AppendEntriesRequest:cid=33,entriesCount=0,lastEntry=null
2020-06-25 11:03:22,695 [grpc-default-executor-4] WARN  server.GrpcLogAppender (LogUtils.java:warn(122)) - omNode-2@group-523986131536->omNode-1-AppendLogResponseHandler: Failed appendEntries: org.apache.ratis.thirdparty.io.grpc.StatusRuntimeException: UNAVAILABLE: io exception
2020-06-25 11:03:22,696 [grpc-default-executor-6] INFO  ratis.OzoneManagerStateMachine (OzoneManagerStateMachine.java:getLatestSnapshot(147)) - Latest Snapshot Info 0#-1
2020-06-25 11:03:22,699 [grpc-default-executor-4] INFO  impl.FollowerInfo (FollowerInfo.java:lambda$new$0(51)) - omNode-2@group-523986131536->omNode-1: nextIndex: updateUnconditionally 8 -> 1
2020-06-25 11:03:22,700 [grpc-default-executor-4] DEBUG server.GrpcLogAppender (GrpcLogAppender.java:onNext(257)) - omNode-2@group-523986131536->omNode-3-AppendLogResponseHandler: received a reply omNode-2<-omNode-3#34:OK,SUCCESS,nextIndex:8,term:2,followerCommit:5, request=AppendEntriesRequest:cid=34,entriesCount=0,lastEntry=null
2020-06-25 11:03:23,193 [grpc-default-executor-6] WARN  server.GrpcLogAppender (LogUtils.java:warn(122)) - omNode-2@group-523986131536->omNode-1-AppendLogResponseHandler: Failed appendEntries: org.apache.ratis.thirdparty.io.grpc.StatusRuntimeException: UNAVAILABLE: io exception
2020-06-25 11:03:23,194 [grpc-default-executor-6] INFO  impl.FollowerInfo (FollowerInfo.java:lambda$new$0(51)) - omNode-2@group-523986131536->omNode-1: nextIndex: updateUnconditionally 8 -> 1
2020-06-25 11:03:23,201 [grpc-default-executor-6] INFO  ratis.OzoneManagerStateMachine (OzoneManagerStateMachine.java:getLatestSnapshot(147)) - Latest Snapshot Info 0#-1
2020-06-25 11:03:23,202 [grpc-default-executor-6] DEBUG server.GrpcLogAppender (GrpcLogAppender.java:onNext(257)) - omNode-2@group-523986131536->omNode-3-AppendLogResponseHandler: received a reply omNode-2<-omNode-3#35:OK,SUCCESS,nextIndex:8,term:2,followerCommit:5, request=AppendEntriesRequest:cid=35,entriesCount=0,lastEntry=null
2020-06-25 11:03:23,446 [grpc-default-executor-4] DEBUG server.GrpcLogAppender (GrpcLogAppender.java:onNext(257)) - 4a701bf3-65c5-4a6b-a9bd-8d146b70a3c5@group-FA8FC8FC0B25->41a654b2-66a7-4542-b2c0-cec1bd614880-AppendLogResponseHandler: received a reply 4a701bf3-65c5-4a6b-a9bd-8d146b70a3c5<-41a654b2-66a7-4542-b2c0-cec1bd614880#9:OK,SUCCESS,nextIndex:1,term:1,followerCommit:0, request=AppendEntriesRequest:cid=9,entriesCount=0,lastEntry=null
2020-06-25 11:03:23,447 [grpc-default-executor-4] DEBUG server.GrpcLogAppender (GrpcLogAppender.java:onNext(257)) - 4a701bf3-65c5-4a6b-a9bd-8d146b70a3c5@group-FA8FC8FC0B25->46f5dd17-f708-4f3a-b37a-c80b662a6b15-AppendLogResponseHandler: received a reply 4a701bf3-65c5-4a6b-a9bd-8d146b70a3c5<-46f5dd17-f708-4f3a-b37a-c80b662a6b15#9:OK,SUCCESS,nextIndex:1,term:1,followerCommit:0, request=AppendEntriesRequest:cid=9,entriesCount=0,lastEntry=null
2020-06-25 11:03:23,695 [grpc-default-executor-6] WARN  server.GrpcLogAppender (LogUtils.java:warn(122)) - omNode-2@group-523986131536->omNode-1-AppendLogResponseHandler: Failed appendEntries: org.apache.ratis.thirdparty.io.grpc.StatusRuntimeException: UNAVAILABLE: io exception
2020-06-25 11:03:23,698 [grpc-default-executor-6] INFO  impl.FollowerInfo (FollowerInfo.java:lambda$new$0(51)) - omNode-2@group-523986131536->omNode-1: nextIndex: updateUnconditionally 8 -> 1
2020-06-25 11:03:23,703 [grpc-default-executor-6] INFO  ratis.OzoneManagerStateMachine (OzoneManagerStateMachine.java:getLatestSnapshot(147)) - Latest Snapshot Info 0#-1
2020-06-25 11:03:23,704 [grpc-default-executor-6] DEBUG server.GrpcLogAppender (GrpcLogAppender.java:onNext(257)) - omNode-2@group-523986131536->omNode-3-AppendLogResponseHandler: received a reply omNode-2<-omNode-3#36:OK,SUCCESS,nextIndex:8,term:2,followerCommit:5, request=AppendEntriesRequest:cid=36,entriesCount=0,lastEntry=null
2020-06-25 11:03:24,197 [grpc-default-executor-4] WARN  server.GrpcLogAppender (LogUtils.java:warn(122)) - omNode-2@group-523986131536->omNode-1-AppendLogResponseHandler: Failed appendEntries: org.apache.ratis.thirdparty.io.grpc.StatusRuntimeException: UNAVAILABLE: io exception
2020-06-25 11:03:24,197 [grpc-default-executor-4] INFO  impl.FollowerInfo (FollowerInfo.java:lambda$new$0(51)) - omNode-2@group-523986131536->omNode-1: nextIndex: updateUnconditionally 8 -> 1
2020-06-25 11:03:24,205 [grpc-default-executor-4] INFO  ratis.OzoneManagerStateMachine (OzoneManagerStateMachine.java:getLatestSnapshot(147)) - Latest Snapshot Info 0#-1
2020-06-25 11:03:24,206 [grpc-default-executor-4] DEBUG server.GrpcLogAppender (GrpcLogAppender.java:onNext(257)) - omNode-2@group-523986131536->omNode-3-AppendLogResponseHandler: received a reply omNode-2<-omNode-3#37:OK,SUCCESS,nextIndex:8,term:2,followerCommit:5, request=AppendEntriesRequest:cid=37,entriesCount=0,lastEntry=null
2020-06-25 11:03:24,701 [grpc-default-executor-6] WARN  server.GrpcLogAppender (LogUtils.java:warn(122)) - omNode-2@group-523986131536->omNode-1-AppendLogResponseHandler: Failed appendEntries: org.apache.ratis.thirdparty.io.grpc.StatusRuntimeException: UNAVAILABLE: io exception
2020-06-25 11:03:24,701 [grpc-default-executor-6] INFO  impl.FollowerInfo (FollowerInfo.java:lambda$new$0(51)) - omNode-2@group-523986131536->omNode-1: nextIndex: updateUnconditionally 8 -> 1
2020-06-25 11:03:24,707 [grpc-default-executor-6] INFO  ratis.OzoneManagerStateMachine (OzoneManagerStateMachine.java:getLatestSnapshot(147)) - Latest Snapshot Info 0#-1
2020-06-25 11:03:24,708 [grpc-default-executor-6] DEBUG server.GrpcLogAppender (GrpcLogAppender.java:onNext(257)) - omNode-2@group-523986131536->omNode-3-AppendLogResponseHandler: received a reply omNode-2<-omNode-3#38:OK,SUCCESS,nextIndex:8,term:2,followerCommit:5, request=AppendEntriesRequest:cid=38,entriesCount=0,lastEntry=null
2020-06-25 11:03:25,201 [grpc-default-executor-4] WARN  server.GrpcLogAppender (LogUtils.java:warn(122)) - omNode-2@group-523986131536->omNode-1-AppendLogResponseHandler: Failed appendEntries: org.apache.ratis.thirdparty.io.grpc.StatusRuntimeException: UNAVAILABLE: io exception
2020-06-25 11:03:25,202 [grpc-default-executor-4] INFO  impl.FollowerInfo (FollowerInfo.java:lambda$new$0(51)) - omNode-2@group-523986131536->omNode-1: nextIndex: updateUnconditionally 8 -> 1
2020-06-25 11:03:25,209 [grpc-default-executor-4] INFO  ratis.OzoneManagerStateMachine (OzoneManagerStateMachine.java:getLatestSnapshot(147)) - Latest Snapshot Info 0#-1
2020-06-25 11:03:25,210 [grpc-default-executor-4] DEBUG server.GrpcLogAppender (GrpcLogAppender.java:onNext(257)) - omNode-2@group-523986131536->omNode-3-AppendLogResponseHandler: received a reply omNode-2<-omNode-3#39:OK,SUCCESS,nextIndex:8,term:2,followerCommit:5, request=AppendEntriesRequest:cid=39,entriesCount=0,lastEntry=null
2020-06-25 11:03:25,704 [grpc-default-executor-6] WARN  server.GrpcLogAppender (LogUtils.java:warn(122)) - omNode-2@group-523986131536->omNode-1-AppendLogResponseHandler: Failed appendEntries: org.apache.ratis.thirdparty.io.grpc.StatusRuntimeException: UNAVAILABLE: io exception
2020-06-25 11:03:25,704 [grpc-default-executor-6] INFO  impl.FollowerInfo (FollowerInfo.java:lambda$new$0(51)) - omNode-2@group-523986131536->omNode-1: nextIndex: updateUnconditionally 8 -> 1
2020-06-25 11:03:25,711 [grpc-default-executor-6] INFO  ratis.OzoneManagerStateMachine (OzoneManagerStateMachine.java:getLatestSnapshot(147)) - Latest Snapshot Info 0#-1
2020-06-25 11:03:25,711 [grpc-default-executor-6] DEBUG server.GrpcLogAppender (GrpcLogAppender.java:onNext(257)) - omNode-2@group-523986131536->omNode-3-AppendLogResponseHandler: received a reply omNode-2<-omNode-3#40:OK,SUCCESS,nextIndex:8,term:2,followerCommit:5, request=AppendEntriesRequest:cid=40,entriesCount=0,lastEntry=null
2020-06-25 11:03:25,948 [grpc-default-executor-4] DEBUG server.GrpcLogAppender (GrpcLogAppender.java:onNext(257)) - 4a701bf3-65c5-4a6b-a9bd-8d146b70a3c5@group-FA8FC8FC0B25->41a654b2-66a7-4542-b2c0-cec1bd614880-AppendLogResponseHandler: received a reply 4a701bf3-65c5-4a6b-a9bd-8d146b70a3c5<-41a654b2-66a7-4542-b2c0-cec1bd614880#10:OK,SUCCESS,nextIndex:1,term:1,followerCommit:0, request=AppendEntriesRequest:cid=10,entriesCount=0,lastEntry=null
2020-06-25 11:03:25,948 [grpc-default-executor-4] DEBUG server.GrpcLogAppender (GrpcLogAppender.java:onNext(257)) - 4a701bf3-65c5-4a6b-a9bd-8d146b70a3c5@group-FA8FC8FC0B25->46f5dd17-f708-4f3a-b37a-c80b662a6b15-AppendLogResponseHandler: received a reply 4a701bf3-65c5-4a6b-a9bd-8d146b70a3c5<-46f5dd17-f708-4f3a-b37a-c80b662a6b15#10:OK,SUCCESS,nextIndex:1,term:1,followerCommit:0, request=AppendEntriesRequest:cid=10,entriesCount=0,lastEntry=null
2020-06-25 11:03:26,207 [grpc-default-executor-6] WARN  server.GrpcLogAppender (LogUtils.java:warn(122)) - omNode-2@group-523986131536->omNode-1-AppendLogResponseHandler: Failed appendEntries: org.apache.ratis.thirdparty.io.grpc.StatusRuntimeException: UNAVAILABLE: io exception
2020-06-25 11:03:26,207 [grpc-default-executor-6] INFO  impl.FollowerInfo (FollowerInfo.java:lambda$new$0(51)) - omNode-2@group-523986131536->omNode-1: nextIndex: updateUnconditionally 8 -> 1
2020-06-25 11:03:26,212 [grpc-default-executor-6] INFO  ratis.OzoneManagerStateMachine (OzoneManagerStateMachine.java:getLatestSnapshot(147)) - Latest Snapshot Info 0#-1
2020-06-25 11:03:26,213 [grpc-default-executor-6] DEBUG server.GrpcLogAppender (GrpcLogAppender.java:onNext(257)) - omNode-2@group-523986131536->omNode-3-AppendLogResponseHandler: received a reply omNode-2<-omNode-3#41:OK,SUCCESS,nextIndex:8,term:2,followerCommit:5, request=AppendEntriesRequest:cid=41,entriesCount=0,lastEntry=null
2020-06-25 11:03:26,709 [grpc-default-executor-4] WARN  server.GrpcLogAppender (LogUtils.java:warn(122)) - omNode-2@group-523986131536->omNode-1-AppendLogResponseHandler: Failed appendEntries: org.apache.ratis.thirdparty.io.grpc.StatusRuntimeException: UNAVAILABLE: io exception
2020-06-25 11:03:26,709 [grpc-default-executor-4] INFO  impl.FollowerInfo (FollowerInfo.java:lambda$new$0(51)) - omNode-2@group-523986131536->omNode-1: nextIndex: updateUnconditionally 8 -> 1
2020-06-25 11:03:26,714 [grpc-default-executor-4] INFO  ratis.OzoneManagerStateMachine (OzoneManagerStateMachine.java:getLatestSnapshot(147)) - Latest Snapshot Info 0#-1
2020-06-25 11:03:26,715 [grpc-default-executor-4] DEBUG server.GrpcLogAppender (GrpcLogAppender.java:onNext(257)) - omNode-2@group-523986131536->omNode-3-AppendLogResponseHandler: received a reply omNode-2<-omNode-3#42:OK,SUCCESS,nextIndex:8,term:2,followerCommit:5, request=AppendEntriesRequest:cid=42,entriesCount=0,lastEntry=null
2020-06-25 11:03:27,211 [grpc-default-executor-6] WARN  server.GrpcLogAppender (LogUtils.java:warn(122)) - omNode-2@group-523986131536->omNode-1-AppendLogResponseHandler: Failed appendEntries: org.apache.ratis.thirdparty.io.grpc.StatusRuntimeException: UNAVAILABLE: io exception
2020-06-25 11:03:27,211 [grpc-default-executor-6] INFO  impl.FollowerInfo (FollowerInfo.java:lambda$new$0(51)) - omNode-2@group-523986131536->omNode-1: nextIndex: updateUnconditionally 8 -> 1
2020-06-25 11:03:27,216 [grpc-default-executor-6] INFO  ratis.OzoneManagerStateMachine (OzoneManagerStateMachine.java:getLatestSnapshot(147)) - Latest Snapshot Info 0#-1
2020-06-25 11:03:27,217 [grpc-default-executor-6] DEBUG server.GrpcLogAppender (GrpcLogAppender.java:onNext(257)) - omNode-2@group-523986131536->omNode-3-AppendLogResponseHandler: received a reply omNode-2<-omNode-3#43:OK,SUCCESS,nextIndex:8,term:2,followerCommit:5, request=AppendEntriesRequest:cid=43,entriesCount=0,lastEntry=null
2020-06-25 11:03:27,713 [grpc-default-executor-4] WARN  server.GrpcLogAppender (LogUtils.java:warn(122)) - omNode-2@group-523986131536->omNode-1-AppendLogResponseHandler: Failed appendEntries: org.apache.ratis.thirdparty.io.grpc.StatusRuntimeException: UNAVAILABLE: io exception
2020-06-25 11:03:27,713 [grpc-default-executor-4] INFO  impl.FollowerInfo (FollowerInfo.java:lambda$new$0(51)) - omNode-2@group-523986131536->omNode-1: nextIndex: updateUnconditionally 8 -> 1
2020-06-25 11:03:27,717 [grpc-default-executor-4] INFO  ratis.OzoneManagerStateMachine (OzoneManagerStateMachine.java:getLatestSnapshot(147)) - Latest Snapshot Info 0#-1
2020-06-25 11:03:27,718 [grpc-default-executor-4] DEBUG server.GrpcLogAppender (GrpcLogAppender.java:onNext(257)) - omNode-2@group-523986131536->omNode-3-AppendLogResponseHandler: received a reply omNode-2<-omNode-3#44:OK,SUCCESS,nextIndex:8,term:2,followerCommit:5, request=AppendEntriesRequest:cid=44,entriesCount=0,lastEntry=null
2020-06-25 11:03:28,215 [grpc-default-executor-6] WARN  server.GrpcLogAppender (LogUtils.java:warn(122)) - omNode-2@group-523986131536->omNode-1-AppendLogResponseHandler: Failed appendEntries: org.apache.ratis.thirdparty.io.grpc.StatusRuntimeException: UNAVAILABLE: io exception
2020-06-25 11:03:28,215 [grpc-default-executor-6] INFO  impl.FollowerInfo (FollowerInfo.java:lambda$new$0(51)) - omNode-2@group-523986131536->omNode-1: nextIndex: updateUnconditionally 8 -> 1
2020-06-25 11:03:28,219 [grpc-default-executor-6] INFO  ratis.OzoneManagerStateMachine (OzoneManagerStateMachine.java:getLatestSnapshot(147)) - Latest Snapshot Info 0#-1
2020-06-25 11:03:28,220 [grpc-default-executor-6] DEBUG server.GrpcLogAppender (GrpcLogAppender.java:onNext(257)) - omNode-2@group-523986131536->omNode-3-AppendLogResponseHandler: received a reply omNode-2<-omNode-3#45:OK,SUCCESS,nextIndex:8,term:2,followerCommit:5, request=AppendEntriesRequest:cid=45,entriesCount=0,lastEntry=null
2020-06-25 11:03:28,399 [IPC Server handler 5 on default port 10630] DEBUG impl.RaftServerImpl (RaftServerImpl.java:submitClientRequestAsync(575)) - omNode-2@group-523986131536: receive client request(RaftClientRequest:client-F77EFE848D9D->omNode-2@group-523986131536, cid=117, seq=0, RW, Message:081f12001a13636c6965...(size=278))
2020-06-25 11:03:28,399 [IPC Server handler 5 on default port 10630] INFO  ipc.Server (Server.java:logException(2976)) - IPC Server handler 5 on default port 10630, call Call#330 Retry#5 org.apache.hadoop.ozone.om.protocol.OzoneManagerProtocol.submitRequest from 127.0.0.1:59082
org.apache.hadoop.ozone.om.exceptions.OMLeaderNotReadyException: omNode-2@group-523986131536 is in LEADER state but not ready yet.
	at org.apache.hadoop.ozone.om.ratis.OzoneManagerRatisServer.processReply(OzoneManagerRatisServer.java:177)
	at org.apache.hadoop.ozone.om.ratis.OzoneManagerRatisServer.submitRequest(OzoneManagerRatisServer.java:136)
	at org.apache.hadoop.ozone.protocolPB.OzoneManagerProtocolServerSideTranslatorPB.submitRequestToRatis(OzoneManagerProtocolServerSideTranslatorPB.java:177)
	at org.apache.hadoop.ozone.protocolPB.OzoneManagerProtocolServerSideTranslatorPB.processRequest(OzoneManagerProtocolServerSideTranslatorPB.java:134)
	at org.apache.hadoop.hdds.server.OzoneProtocolMessageDispatcher.processRequest(OzoneProtocolMessageDispatcher.java:74)
	at org.apache.hadoop.ozone.protocolPB.OzoneManagerProtocolServerSideTranslatorPB.submitRequest(OzoneManagerProtocolServerSideTranslatorPB.java:113)
	at org.apache.hadoop.ozone.protocol.proto.OzoneManagerProtocolProtos$OzoneManagerService$2.callBlockingMethod(OzoneManagerProtocolProtos.java)
	at org.apache.hadoop.ipc.ProtobufRpcEngine$Server$ProtoBufRpcInvoker.call(ProtobufRpcEngine.java:528)
	at org.apache.hadoop.ipc.RPC$Server.call(RPC.java:1070)
	at org.apache.hadoop.ipc.Server$RpcCall.run(Server.java:999)
	at org.apache.hadoop.ipc.Server$RpcCall.run(Server.java:927)
	at java.security.AccessController.doPrivileged(Native Method)
	at javax.security.auth.Subject.doAs(Subject.java:422)
	at org.apache.hadoop.security.UserGroupInformation.doAs(UserGroupInformation.java:1730)
	at org.apache.hadoop.ipc.Server$Handler.run(Server.java:2915)
2020-06-25 11:03:28,401 [Listener at 127.0.0.1/10636] ERROR protocolPB.Hadoop3OmTransport (Hadoop3OmTransport.java:getRetryAction(197)) - Failed to connect to OMs: [nodeId=omNode-3,nodeAddress=127.0.0.1:10636, nodeId=omNode-1,nodeAddress=127.0.0.1:10624, nodeId=omNode-2,nodeAddress=127.0.0.1:10630]. Attempted 5 failovers. Got following exceptions during retries: 
Retry Attempt 0 Exception - java.io.EOFException: End of File Exception between local host is: "da41f0c55cd9/172.17.0.2"; destination host is: "localhost":10624; : java.io.EOFException; For more details see:  http://wiki.apache.org/hadoop/EOFExceptionRetry Attempt 1 Exception - org.apache.hadoop.ipc.RemoteException: omNode-2@group-523986131536 is in LEADER state but not ready yet.
	at org.apache.hadoop.ozone.om.ratis.OzoneManagerRatisServer.processReply(OzoneManagerRatisServer.java:177)
	at org.apache.hadoop.ozone.om.ratis.OzoneManagerRatisServer.submitRequest(OzoneManagerRatisServer.java:136)
	at org.apache.hadoop.ozone.protocolPB.OzoneManagerProtocolServerSideTranslatorPB.submitRequestToRatis(OzoneManagerProtocolServerSideTranslatorPB.java:177)
	at org.apache.hadoop.ozone.protocolPB.OzoneManagerProtocolServerSideTranslatorPB.processRequest(OzoneManagerProtocolServerSideTranslatorPB.java:134)
	at org.apache.hadoop.hdds.server.OzoneProtocolMessageDispatcher.processRequest(OzoneProtocolMessageDispatcher.java:74)
	at org.apache.hadoop.ozone.protocolPB.OzoneManagerProtocolServerSideTranslatorPB.submitRequest(OzoneManagerProtocolServerSideTranslatorPB.java:113)
	at org.apache.hadoop.ozone.protocol.proto.OzoneManagerProtocolProtos$OzoneManagerService$2.callBlockingMethod(OzoneManagerProtocolProtos.java)
	at org.apache.hadoop.ipc.ProtobufRpcEngine$Server$ProtoBufRpcInvoker.call(ProtobufRpcEngine.java:528)
	at org.apache.hadoop.ipc.RPC$Server.call(RPC.java:1070)
	at org.apache.hadoop.ipc.Server$RpcCall.run(Server.java:999)
	at org.apache.hadoop.ipc.Server$RpcCall.run(Server.java:927)
	at java.security.AccessController.doPrivileged(Native Method)
	at javax.security.auth.Subject.doAs(Subject.java:422)
	at org.apache.hadoop.security.UserGroupInformation.doAs(UserGroupInformation.java:1730)
	at org.apache.hadoop.ipc.Server$Handler.run(Server.java:2915)
Retry Attempt 2 Exception - org.apache.hadoop.ipc.RemoteException: omNode-2@group-523986131536 is in LEADER state but not ready yet.
	at org.apache.hadoop.ozone.om.ratis.OzoneManagerRatisServer.processReply(OzoneManagerRatisServer.java:177)
	at org.apache.hadoop.ozone.om.ratis.OzoneManagerRatisServer.submitRequest(OzoneManagerRatisServer.java:136)
	at org.apache.hadoop.ozone.protocolPB.OzoneManagerProtocolServerSideTranslatorPB.submitRequestToRatis(OzoneManagerProtocolServerSideTranslatorPB.java:177)
	at org.apache.hadoop.ozone.protocolPB.OzoneManagerProtocolServerSideTranslatorPB.processRequest(OzoneManagerProtocolServerSideTranslatorPB.java:134)
	at org.apache.hadoop.hdds.server.OzoneProtocolMessageDispatcher.processRequest(OzoneProtocolMessageDispatcher.java:74)
	at org.apache.hadoop.ozone.protocolPB.OzoneManagerProtocolServerSideTranslatorPB.submitRequest(OzoneManagerProtocolServerSideTranslatorPB.java:113)
	at org.apache.hadoop.ozone.protocol.proto.OzoneManagerProtocolProtos$OzoneManagerService$2.callBlockingMethod(OzoneManagerProtocolProtos.java)
	at org.apache.hadoop.ipc.ProtobufRpcEngine$Server$ProtoBufRpcInvoker.call(ProtobufRpcEngine.java:528)
	at org.apache.hadoop.ipc.RPC$Server.call(RPC.java:1070)
	at org.apache.hadoop.ipc.Server$RpcCall.run(Server.java:999)
	at org.apache.hadoop.ipc.Server$RpcCall.run(Server.java:927)
	at java.security.AccessController.doPrivileged(Native Method)
	at javax.security.auth.Subject.doAs(Subject.java:422)
	at org.apache.hadoop.security.UserGroupInformation.doAs(UserGroupInformation.java:1730)
	at org.apache.hadoop.ipc.Server$Handler.run(Server.java:2915)
Retry Attempt 3 Exception - org.apache.hadoop.ipc.RemoteException: omNode-2@group-523986131536 is in LEADER state but not ready yet.
	at org.apache.hadoop.ozone.om.ratis.OzoneManagerRatisServer.processReply(OzoneManagerRatisServer.java:177)
	at org.apache.hadoop.ozone.om.ratis.OzoneManagerRatisServer.submitRequest(OzoneManagerRatisServer.java:136)
	at org.apache.hadoop.ozone.protocolPB.OzoneManagerProtocolServerSideTranslatorPB.submitRequestToRatis(OzoneManagerProtocolServerSideTranslatorPB.java:177)
	at org.apache.hadoop.ozone.protocolPB.OzoneManagerProtocolServerSideTranslatorPB.processRequest(OzoneManagerProtocolServerSideTranslatorPB.java:134)
	at org.apache.hadoop.hdds.server.OzoneProtocolMessageDispatcher.processRequest(OzoneProtocolMessageDispatcher.java:74)
	at org.apache.hadoop.ozone.protocolPB.OzoneManagerProtocolServerSideTranslatorPB.submitRequest(OzoneManagerProtocolServerSideTranslatorPB.java:113)
	at org.apache.hadoop.ozone.protocol.proto.OzoneManagerProtocolProtos$OzoneManagerService$2.callBlockingMethod(OzoneManagerProtocolProtos.java)
	at org.apache.hadoop.ipc.ProtobufRpcEngine$Server$ProtoBufRpcInvoker.call(ProtobufRpcEngine.java:528)
	at org.apache.hadoop.ipc.RPC$Server.call(RPC.java:1070)
	at org.apache.hadoop.ipc.Server$RpcCall.run(Server.java:999)
	at org.apache.hadoop.ipc.Server$RpcCall.run(Server.java:927)
	at java.security.AccessController.doPrivileged(Native Method)
	at javax.security.auth.Subject.doAs(Subject.java:422)
	at org.apache.hadoop.security.UserGroupInformation.doAs(UserGroupInformation.java:1730)
	at org.apache.hadoop.ipc.Server$Handler.run(Server.java:2915)
Retry Attempt 4 Exception - org.apache.hadoop.ipc.RemoteException: omNode-2@group-523986131536 is in LEADER state but not ready yet.
	at org.apache.hadoop.ozone.om.ratis.OzoneManagerRatisServer.processReply(OzoneManagerRatisServer.java:177)
	at org.apache.hadoop.ozone.om.ratis.OzoneManagerRatisServer.submitRequest(OzoneManagerRatisServer.java:136)
	at org.apache.hadoop.ozone.protocolPB.OzoneManagerProtocolServerSideTranslatorPB.submitRequestToRatis(OzoneManagerProtocolServerSideTranslatorPB.java:177)
	at org.apache.hadoop.ozone.protocolPB.OzoneManagerProtocolServerSideTranslatorPB.processRequest(OzoneManagerProtocolServerSideTranslatorPB.java:134)
	at org.apache.hadoop.hdds.server.OzoneProtocolMessageDispatcher.processRequest(OzoneProtocolMessageDispatcher.java:74)
	at org.apache.hadoop.ozone.protocolPB.OzoneManagerProtocolServerSideTranslatorPB.submitRequest(OzoneManagerProtocolServerSideTranslatorPB.java:113)
	at org.apache.hadoop.ozone.protocol.proto.OzoneManagerProtocolProtos$OzoneManagerService$2.callBlockingMethod(OzoneManagerProtocolProtos.java)
	at org.apache.hadoop.ipc.ProtobufRpcEngine$Server$ProtoBufRpcInvoker.call(ProtobufRpcEngine.java:528)
	at org.apache.hadoop.ipc.RPC$Server.call(RPC.java:1070)
	at org.apache.hadoop.ipc.Server$RpcCall.run(Server.java:999)
	at org.apache.hadoop.ipc.Server$RpcCall.run(Server.java:927)
	at java.security.AccessController.doPrivileged(Native Method)
	at javax.security.auth.Subject.doAs(Subject.java:422)
	at org.apache.hadoop.security.UserGroupInformation.doAs(UserGroupInformation.java:1730)
	at org.apache.hadoop.ipc.Server$Handler.run(Server.java:2915)
Retry Attempt 5 Exception - org.apache.hadoop.ipc.RemoteException: omNode-2@group-523986131536 is in LEADER state but not ready yet.
	at org.apache.hadoop.ozone.om.ratis.OzoneManagerRatisServer.processReply(OzoneManagerRatisServer.java:177)
	at org.apache.hadoop.ozone.om.ratis.OzoneManagerRatisServer.submitRequest(OzoneManagerRatisServer.java:136)
	at org.apache.hadoop.ozone.protocolPB.OzoneManagerProtocolServerSideTranslatorPB.submitRequestToRatis(OzoneManagerProtocolServerSideTranslatorPB.java:177)
	at org.apache.hadoop.ozone.protocolPB.OzoneManagerProtocolServerSideTranslatorPB.processRequest(OzoneManagerProtocolServerSideTranslatorPB.java:134)
	at org.apache.hadoop.hdds.server.OzoneProtocolMessageDispatcher.processRequest(OzoneProtocolMessageDispatcher.java:74)
	at org.apache.hadoop.ozone.protocolPB.OzoneManagerProtocolServerSideTranslatorPB.submitRequest(OzoneManagerProtocolServerSideTranslatorPB.java:113)
	at org.apache.hadoop.ozone.protocol.proto.OzoneManagerProtocolProtos$OzoneManagerService$2.callBlockingMethod(OzoneManagerProtocolProtos.java)
	at org.apache.hadoop.ipc.ProtobufRpcEngine$Server$ProtoBufRpcInvoker.call(ProtobufRpcEngine.java:528)
	at org.apache.hadoop.ipc.RPC$Server.call(RPC.java:1070)
	at org.apache.hadoop.ipc.Server$RpcCall.run(Server.java:999)
	at org.apache.hadoop.ipc.Server$RpcCall.run(Server.java:927)
	at java.security.AccessController.doPrivileged(Native Method)
	at javax.security.auth.Subject.doAs(Subject.java:422)
	at org.apache.hadoop.security.UserGroupInformation.doAs(UserGroupInformation.java:1730)
	at org.apache.hadoop.ipc.Server$Handler.run(Server.java:2915)

2020-06-25 11:03:28,403 [Listener at 127.0.0.1/10636] INFO  ozone.MiniOzoneClusterImpl (MiniOzoneClusterImpl.java:shutdown(387)) - Shutting down the Mini Ozone Cluster
2020-06-25 11:03:28,403 [Listener at 127.0.0.1/10636] INFO  ozone.MiniOzoneHAClusterImpl (MiniOzoneHAClusterImpl.java:stop(230)) - Stopping the OzoneManager omNode-3
2020-06-25 11:03:28,404 [Listener at 127.0.0.1/10636] INFO  ipc.Server (Server.java:stop(3359)) - Stopping server on 10636
2020-06-25 11:03:28,405 [IPC Server listener on 10636] INFO  ipc.Server (Server.java:run(1330)) - Stopping IPC Server listener on 10636
2020-06-25 11:03:28,409 [IPC Server Responder] INFO  ipc.Server (Server.java:run(1465)) - Stopping IPC Server Responder
2020-06-25 11:03:28,411 [Listener at 127.0.0.1/10636] INFO  impl.RaftServerProxy (RaftServerProxy.java:lambda$close$4(319)) - omNode-3: close
2020-06-25 11:03:28,411 [Listener at 127.0.0.1/10636] INFO  impl.RaftServerImpl (RaftServerImpl.java:lambda$shutdown$3(252)) - omNode-3@group-523986131536: shutdown
2020-06-25 11:03:28,411 [Listener at 127.0.0.1/10636] INFO  util.JmxRegister (JmxRegister.java:unregister(73)) - Successfully un-registered JMX Bean with object name Ratis:service=RaftServer,group=group-523986131536,id=omNode-3
2020-06-25 11:03:28,412 [Listener at 127.0.0.1/10636] INFO  impl.RoleInfo (RoleInfo.java:shutdownFollowerState(121)) - omNode-3: shutdown FollowerState
2020-06-25 11:03:28,412 [Thread-1781] INFO  impl.FollowerState (FollowerState.java:run(117)) - omNode-3@group-523986131536-FollowerState was interrupted: java.lang.InterruptedException: sleep interrupted
2020-06-25 11:03:28,412 [omNode-3@group-523986131536-StateMachineUpdater] INFO  ratis.OzoneManagerStateMachine (OzoneManagerStateMachine.java:takeSnapshot(355)) - Current Snapshot Index (t:1, i:5)
2020-06-25 11:03:28,412 [omNode-3@group-523986131536-StateMachineUpdater] INFO  impl.StateMachineUpdater (StateMachineUpdater.java:takeSnapshot(277)) - omNode-3@group-523986131536-StateMachineUpdater: Took a snapshot at index 5
2020-06-25 11:03:28,412 [omNode-3@group-523986131536-StateMachineUpdater] INFO  impl.StateMachineUpdater (StateMachineUpdater.java:lambda$new$0(87)) - omNode-3@group-523986131536-StateMachineUpdater: snapshotIndex: updateIncreasingly -1 -> 5
2020-06-25 11:03:28,412 [omNode-3@group-523986131536-StateMachineUpdater] INFO  metrics.RatisMetrics (RatisMetrics.java:unregister(43)) - Unregistering Metrics Registry : ratis.state_machine.omNode-3@group-523986131536
2020-06-25 11:03:28,413 [Listener at 127.0.0.1/10636] INFO  impl.StateMachineUpdater (StateMachineUpdater.java:stopAndJoin(142)) - omNode-3@group-523986131536-StateMachineUpdater: set stopIndex = 5
2020-06-25 11:03:28,414 [Listener at 127.0.0.1/10636] INFO  impl.RaftServerImpl (ServerState.java:close(387)) - omNode-3@group-523986131536: closes. applyIndex: 5
2020-06-25 11:03:28,414 [omNode-3@group-523986131536-SegmentedRaftLogWorker] INFO  segmented.SegmentedRaftLogWorker (SegmentedRaftLogWorker.java:run(327)) - omNode-3@group-523986131536-SegmentedRaftLogWorker was interrupted, exiting. There are 0 tasks remaining in the queue.
2020-06-25 11:03:28,414 [Listener at 127.0.0.1/10636] INFO  segmented.SegmentedRaftLogWorker (SegmentedRaftLogWorker.java:close(234)) - omNode-3@group-523986131536-SegmentedRaftLogWorker close()
2020-06-25 11:03:28,415 [Listener at 127.0.0.1/10636] INFO  metrics.RatisMetrics (RatisMetrics.java:unregister(43)) - Unregistering Metrics Registry : ratis.log_worker.omNode-3@group-523986131536
2020-06-25 11:03:28,415 [Listener at 127.0.0.1/10636] INFO  metrics.RatisMetrics (RatisMetrics.java:unregister(43)) - Unregistering Metrics Registry : ratis.leader_election.omNode-3@group-523986131536
2020-06-25 11:03:28,415 [Listener at 127.0.0.1/10636] INFO  metrics.RatisMetrics (RatisMetrics.java:unregister(43)) - Unregistering Metrics Registry : ratis.server.omNode-3@group-523986131536
2020-06-25 11:03:28,415 [Listener at 127.0.0.1/10636] INFO  server.GrpcService (GrpcService.java:closeImpl(166)) - omNode-3: shutdown server with port 10640 now
2020-06-25 11:03:28,418 [grpc-default-executor-3] WARN  server.GrpcLogAppender (LogUtils.java:warn(122)) - omNode-2@group-523986131536->omNode-3-AppendLogResponseHandler: Failed appendEntries: org.apache.ratis.thirdparty.io.grpc.StatusRuntimeException: CANCELLED: HTTP/2 error code: CANCEL
Received Rst Stream
2020-06-25 11:03:28,418 [grpc-default-executor-4] WARN  server.GrpcServerProtocolService (LogUtils.java:warn(122)) - omNode-3: installSnapshot onError, lastRequest: omNode-2->omNode-3#1-t2, previous=(t:1, i:6), leaderCommit=5, initializing? false, entries: size=1, first=(t:2, i:7), CONFIGURATIONENTRY: org.apache.ratis.thirdparty.io.grpc.StatusRuntimeException: CANCELLED: cancelled before receiving half close
2020-06-25 11:03:28,419 [Listener at 127.0.0.1/10636] INFO  server.GrpcService (GrpcService.java:closeImpl(174)) - omNode-3: shutdown server with port 10640 successfully
2020-06-25 11:03:28,419 [Listener at 127.0.0.1/10636] INFO  ratis.OzoneManagerDoubleBuffer (OzoneManagerDoubleBuffer.java:stop(410)) - Stopping OMDoubleBuffer flush thread
2020-06-25 11:03:28,419 [OMDoubleBufferFlushThread] INFO  ratis.OzoneManagerDoubleBuffer (OzoneManagerDoubleBuffer.java:flushTransactions(342)) - OMDoubleBuffer flush thread OMDoubleBufferFlushThread is interrupted and will exit. OMDoubleBufferFlushThread
2020-06-25 11:03:28,419 [grpc-default-executor-3] INFO  impl.FollowerInfo (FollowerInfo.java:lambda$new$0(51)) - omNode-2@group-523986131536->omNode-3: nextIndex: updateUnconditionally 8 -> 1
2020-06-25 11:03:28,425 [Listener at 127.0.0.1/10636] INFO  ratis.OzoneManagerStateMachine (HadoopExecutors.java:shutdown(118)) - Gracefully shutting down executor service. Waiting max 5 SECONDS
2020-06-25 11:03:28,425 [Listener at 127.0.0.1/10636] INFO  ratis.OzoneManagerStateMachine (HadoopExecutors.java:shutdown(129)) - Succesfully shutdown executor service
2020-06-25 11:03:28,425 [Listener at 127.0.0.1/10636] INFO  ratis.OzoneManagerStateMachine (HadoopExecutors.java:shutdown(118)) - Gracefully shutting down executor service. Waiting max 5 SECONDS
2020-06-25 11:03:28,425 [Listener at 127.0.0.1/10636] INFO  ratis.OzoneManagerStateMachine (HadoopExecutors.java:shutdown(129)) - Succesfully shutdown executor service
2020-06-25 11:03:28,425 [Listener at 127.0.0.1/10636] INFO  utils.BackgroundService (BackgroundService.java:shutdown(157)) - Shutting down service KeyDeletingService
2020-06-25 11:03:28,426 [Listener at 127.0.0.1/10636] INFO  handler.ContextHandler (ContextHandler.java:doStop(1016)) - Stopped o.e.j.w.WebAppContext@52de1b02{ozoneManager,/,null,UNAVAILABLE}{file:/github/workspace/mnt/ozone/hadoop-ozone/integration-test/target/test-classes/webapps/ozoneManager}
2020-06-25 11:03:28,426 [Listener at 127.0.0.1/10636] INFO  server.AbstractConnector (AbstractConnector.java:doStop(380)) - Stopped ServerConnector@45257cd2{HTTP/1.1,[http/1.1]}{0.0.0.0:10638}
2020-06-25 11:03:28,427 [Listener at 127.0.0.1/10636] INFO  server.session (HouseKeeper.java:stopScavenging(158)) - node0 Stopped scavenging
2020-06-25 11:03:28,427 [Listener at 127.0.0.1/10636] INFO  handler.ContextHandler (ContextHandler.java:doStop(1016)) - Stopped o.e.j.s.ServletContextHandler@7562b42{static,/static,file:///github/workspace/mnt/ozone/hadoop-ozone/integration-test/target/test-classes/webapps/static,UNAVAILABLE}
2020-06-25 11:03:28,427 [Listener at 127.0.0.1/10636] INFO  handler.ContextHandler (ContextHandler.java:doStop(1016)) - Stopped o.e.j.s.ServletContextHandler@31012258{logs,/logs,file:///github/workspace/mnt/ozone/hadoop-ozone/integration-test/target/log,UNAVAILABLE}
2020-06-25 11:03:28,429 [Listener at 127.0.0.1/10636] INFO  ozone.MiniOzoneHAClusterImpl (MiniOzoneHAClusterImpl.java:stop(230)) - Stopping the OzoneManager omNode-1
2020-06-25 11:03:28,429 [Listener at 127.0.0.1/10636] INFO  ipc.Server (Server.java:stop(3359)) - Stopping server on 10624
2020-06-25 11:03:28,429 [Listener at 127.0.0.1/10636] INFO  ozone.MiniOzoneHAClusterImpl (MiniOzoneHAClusterImpl.java:stop(230)) - Stopping the OzoneManager omNode-2
2020-06-25 11:03:28,429 [Listener at 127.0.0.1/10636] INFO  ipc.Server (Server.java:stop(3359)) - Stopping server on 10630
2020-06-25 11:03:28,431 [IPC Server listener on 10630] INFO  ipc.Server (Server.java:run(1330)) - Stopping IPC Server listener on 10630
2020-06-25 11:03:28,434 [IPC Server Responder] INFO  ipc.Server (Server.java:run(1465)) - Stopping IPC Server Responder
2020-06-25 11:03:28,435 [Listener at 127.0.0.1/10636] INFO  impl.RaftServerProxy (RaftServerProxy.java:lambda$close$4(319)) - omNode-2: close
2020-06-25 11:03:28,435 [Listener at 127.0.0.1/10636] INFO  impl.RaftServerImpl (RaftServerImpl.java:lambda$shutdown$3(252)) - omNode-2@group-523986131536: shutdown
2020-06-25 11:03:28,435 [Listener at 127.0.0.1/10636] INFO  util.JmxRegister (JmxRegister.java:unregister(73)) - Successfully un-registered JMX Bean with object name Ratis:service=RaftServer,group=group-523986131536,id=omNode-2
2020-06-25 11:03:28,435 [Listener at 127.0.0.1/10636] INFO  impl.RoleInfo (RoleInfo.java:shutdownLeaderState(104)) - omNode-2: shutdown LeaderState
2020-06-25 11:03:28,435 [Listener at 127.0.0.1/10636] INFO  metrics.RatisMetrics (RatisMetrics.java:unregister(43)) - Unregistering Metrics Registry : ratis_grpc.log_appender.omNode-2@group-523986131536
2020-06-25 11:03:28,436 [Listener at 127.0.0.1/10636] INFO  metrics.RatisMetrics (RatisMetrics.java:unregister(43)) - Unregistering Metrics Registry : ratis_grpc.log_appender.omNode-2@group-523986131536
2020-06-25 11:03:28,436 [org.apache.ratis.server.impl.LogAppender$AppenderDaemon$$Lambda$336/141621418@22f5782c] WARN  server.GrpcLogAppender (GrpcLogAppender.java:mayWait(153)) - omNode-2@group-523986131536->omNode-3-GrpcLogAppender: Wait interrupted by java.lang.InterruptedException
2020-06-25 11:03:28,436 [Listener at 127.0.0.1/10636] INFO  impl.PendingRequests (PendingRequests.java:sendNotLeaderResponses(249)) - omNode-2@group-523986131536-PendingRequests: sendNotLeaderResponses
2020-06-25 11:03:28,436 [org.apache.ratis.server.impl.LogAppender$AppenderDaemon$$Lambda$336/141621418@2fce3f68] WARN  server.GrpcLogAppender (GrpcLogAppender.java:mayWait(153)) - omNode-2@group-523986131536->omNode-1-GrpcLogAppender: Wait interrupted by java.lang.InterruptedException
2020-06-25 11:03:28,440 [Listener at 127.0.0.1/10636] INFO  metrics.RatisMetrics (RatisMetrics.java:unregister(43)) - Unregistering Metrics Registry : ratis.log_appender.omNode-2@group-523986131536
2020-06-25 11:03:28,440 [Listener at 127.0.0.1/10636] INFO  metrics.RatisMetrics (RatisMetrics.java:unregister(43)) - Unregistering Metrics Registry : ratis.server.omNode-2@group-523986131536
2020-06-25 11:03:28,441 [omNode-2@group-523986131536-StateMachineUpdater] INFO  ratis.OzoneManagerStateMachine (OzoneManagerStateMachine.java:takeSnapshot(355)) - Current Snapshot Index (t:1, i:5)
2020-06-25 11:03:28,441 [omNode-2@group-523986131536-StateMachineUpdater] INFO  impl.StateMachineUpdater (StateMachineUpdater.java:takeSnapshot(277)) - omNode-2@group-523986131536-StateMachineUpdater: Took a snapshot at index 5
2020-06-25 11:03:28,441 [omNode-2@group-523986131536-StateMachineUpdater] INFO  impl.StateMachineUpdater (StateMachineUpdater.java:lambda$new$0(87)) - omNode-2@group-523986131536-StateMachineUpdater: snapshotIndex: updateIncreasingly -1 -> 5
2020-06-25 11:03:28,441 [omNode-2@group-523986131536-StateMachineUpdater] INFO  metrics.RatisMetrics (RatisMetrics.java:unregister(43)) - Unregistering Metrics Registry : ratis.state_machine.omNode-2@group-523986131536
2020-06-25 11:03:28,441 [Listener at 127.0.0.1/10636] INFO  impl.StateMachineUpdater (StateMachineUpdater.java:stopAndJoin(142)) - omNode-2@group-523986131536-StateMachineUpdater: set stopIndex = 5
2020-06-25 11:03:28,442 [Listener at 127.0.0.1/10636] INFO  impl.RaftServerImpl (ServerState.java:close(387)) - omNode-2@group-523986131536: closes. applyIndex: 5
2020-06-25 11:03:28,442 [omNode-2@group-523986131536-SegmentedRaftLogWorker] INFO  segmented.SegmentedRaftLogWorker (SegmentedRaftLogWorker.java:run(327)) - omNode-2@group-523986131536-SegmentedRaftLogWorker was interrupted, exiting. There are 0 tasks remaining in the queue.
2020-06-25 11:03:28,442 [Listener at 127.0.0.1/10636] INFO  segmented.SegmentedRaftLogWorker (SegmentedRaftLogWorker.java:close(234)) - omNode-2@group-523986131536-SegmentedRaftLogWorker close()
2020-06-25 11:03:28,443 [Listener at 127.0.0.1/10636] INFO  metrics.RatisMetrics (RatisMetrics.java:unregister(43)) - Unregistering Metrics Registry : ratis.log_worker.omNode-2@group-523986131536
2020-06-25 11:03:28,443 [Listener at 127.0.0.1/10636] INFO  metrics.RatisMetrics (RatisMetrics.java:unregister(43)) - Unregistering Metrics Registry : ratis.leader_election.omNode-2@group-523986131536
2020-06-25 11:03:28,443 [Listener at 127.0.0.1/10636] INFO  metrics.RatisMetrics (RatisMetrics.java:unregister(43)) - Unregistering Metrics Registry : ratis.server.omNode-2@group-523986131536
2020-06-25 11:03:28,443 [Listener at 127.0.0.1/10636] INFO  server.GrpcService (GrpcService.java:closeImpl(166)) - omNode-2: shutdown server with port 10634 now
2020-06-25 11:03:28,444 [Listener at 127.0.0.1/10636] INFO  server.GrpcService (GrpcService.java:closeImpl(174)) - omNode-2: shutdown server with port 10634 successfully
2020-06-25 11:03:28,444 [Listener at 127.0.0.1/10636] INFO  ratis.OzoneManagerDoubleBuffer (OzoneManagerDoubleBuffer.java:stop(410)) - Stopping OMDoubleBuffer flush thread
2020-06-25 11:03:28,444 [OMDoubleBufferFlushThread] INFO  ratis.OzoneManagerDoubleBuffer (OzoneManagerDoubleBuffer.java:flushTransactions(342)) - OMDoubleBuffer flush thread OMDoubleBufferFlushThread is interrupted and will exit. OMDoubleBufferFlushThread
2020-06-25 11:03:28,445 [Listener at 127.0.0.1/10636] INFO  ratis.OzoneManagerStateMachine (HadoopExecutors.java:shutdown(118)) - Gracefully shutting down executor service. Waiting max 5 SECONDS
2020-06-25 11:03:28,445 [Listener at 127.0.0.1/10636] INFO  ratis.OzoneManagerStateMachine (HadoopExecutors.java:shutdown(129)) - Succesfully shutdown executor service
2020-06-25 11:03:28,445 [Listener at 127.0.0.1/10636] INFO  ratis.OzoneManagerStateMachine (HadoopExecutors.java:shutdown(118)) - Gracefully shutting down executor service. Waiting max 5 SECONDS
2020-06-25 11:03:28,445 [Listener at 127.0.0.1/10636] INFO  ratis.OzoneManagerStateMachine (HadoopExecutors.java:shutdown(129)) - Succesfully shutdown executor service
2020-06-25 11:03:28,445 [Listener at 127.0.0.1/10636] INFO  utils.BackgroundService (BackgroundService.java:shutdown(157)) - Shutting down service KeyDeletingService
2020-06-25 11:03:28,446 [Listener at 127.0.0.1/10636] INFO  handler.ContextHandler (ContextHandler.java:doStop(1016)) - Stopped o.e.j.w.WebAppContext@7bfd07bb{ozoneManager,/,null,UNAVAILABLE}{file:/github/workspace/mnt/ozone/hadoop-ozone/integration-test/target/test-classes/webapps/ozoneManager}
2020-06-25 11:03:28,446 [Listener at 127.0.0.1/10636] INFO  server.AbstractConnector (AbstractConnector.java:doStop(380)) - Stopped ServerConnector@19b81261{HTTP/1.1,[http/1.1]}{0.0.0.0:10632}
2020-06-25 11:03:28,446 [Listener at 127.0.0.1/10636] INFO  server.session (HouseKeeper.java:stopScavenging(158)) - node0 Stopped scavenging
2020-06-25 11:03:28,447 [Listener at 127.0.0.1/10636] INFO  handler.ContextHandler (ContextHandler.java:doStop(1016)) - Stopped o.e.j.s.ServletContextHandler@5c0a5cc4{static,/static,file:///github/workspace/mnt/ozone/hadoop-ozone/integration-test/target/test-classes/webapps/static,UNAVAILABLE}
2020-06-25 11:03:28,447 [Listener at 127.0.0.1/10636] INFO  handler.ContextHandler (ContextHandler.java:doStop(1016)) - Stopped o.e.j.s.ServletContextHandler@6df2a761{logs,/logs,file:///github/workspace/mnt/ozone/hadoop-ozone/integration-test/target/log,UNAVAILABLE}
2020-06-25 11:03:28,449 [Listener at 127.0.0.1/10636] INFO  ozone.MiniOzoneClusterImpl (MiniOzoneClusterImpl.java:stop(402)) - Stopping the Mini Ozone Cluster
2020-06-25 11:03:28,449 [Listener at 127.0.0.1/10636] INFO  ozone.MiniOzoneClusterImpl (MiniOzoneClusterImpl.java:stopDatanodes(461)) - Stopping the HddsDatanodes
2020-06-25 11:03:28,450 [grpc-default-executor-3] DEBUG server.GrpcLogAppender (GrpcLogAppender.java:onNext(257)) - 4a701bf3-65c5-4a6b-a9bd-8d146b70a3c5@group-FA8FC8FC0B25->41a654b2-66a7-4542-b2c0-cec1bd614880-AppendLogResponseHandler: received a reply 4a701bf3-65c5-4a6b-a9bd-8d146b70a3c5<-41a654b2-66a7-4542-b2c0-cec1bd614880#11:OK,SUCCESS,nextIndex:1,term:1,followerCommit:0, request=AppendEntriesRequest:cid=11,entriesCount=0,lastEntry=null
2020-06-25 11:03:28,450 [grpc-default-executor-3] DEBUG server.GrpcLogAppender (GrpcLogAppender.java:onNext(257)) - 4a701bf3-65c5-4a6b-a9bd-8d146b70a3c5@group-FA8FC8FC0B25->46f5dd17-f708-4f3a-b37a-c80b662a6b15-AppendLogResponseHandler: received a reply 4a701bf3-65c5-4a6b-a9bd-8d146b70a3c5<-46f5dd17-f708-4f3a-b37a-c80b662a6b15#11:OK,SUCCESS,nextIndex:1,term:1,followerCommit:0, request=AppendEntriesRequest:cid=11,entriesCount=0,lastEntry=null
2020-06-25 11:03:29,143 [Datanode State Machine Thread - 0] INFO  statemachine.DatanodeStateMachine (DatanodeStateMachine.java:lambda$startDaemon$0(380)) - Ozone container server started.
2020-06-25 11:03:29,364 [Datanode State Machine Thread - 0] INFO  statemachine.DatanodeStateMachine (DatanodeStateMachine.java:lambda$startDaemon$0(380)) - Ozone container server started.
2020-06-25 11:03:30,952 [grpc-default-executor-4] DEBUG server.GrpcLogAppender (GrpcLogAppender.java:onNext(257)) - 4a701bf3-65c5-4a6b-a9bd-8d146b70a3c5@group-FA8FC8FC0B25->41a654b2-66a7-4542-b2c0-cec1bd614880-AppendLogResponseHandler: received a reply 4a701bf3-65c5-4a6b-a9bd-8d146b70a3c5<-41a654b2-66a7-4542-b2c0-cec1bd614880#12:OK,SUCCESS,nextIndex:1,term:1,followerCommit:0, request=AppendEntriesRequest:cid=12,entriesCount=0,lastEntry=null
2020-06-25 11:03:30,956 [grpc-default-executor-4] DEBUG server.GrpcLogAppender (GrpcLogAppender.java:onNext(257)) - 4a701bf3-65c5-4a6b-a9bd-8d146b70a3c5@group-FA8FC8FC0B25->46f5dd17-f708-4f3a-b37a-c80b662a6b15-AppendLogResponseHandler: received a reply 4a701bf3-65c5-4a6b-a9bd-8d146b70a3c5<-46f5dd17-f708-4f3a-b37a-c80b662a6b15#12:OK,SUCCESS,nextIndex:1,term:1,followerCommit:0, request=AppendEntriesRequest:cid=12,entriesCount=0,lastEntry=null
2020-06-25 11:03:33,451 [Listener at 127.0.0.1/10636] INFO  ozoneimpl.OzoneContainer (OzoneContainer.java:stop(246)) - Attempting to stop container services.
2020-06-25 11:03:33,452 [ForkJoinPool.commonPool-worker-1] INFO  ozoneimpl.OzoneContainer (OzoneContainer.java:stop(246)) - Attempting to stop container services.
2020-06-25 11:03:33,452 [Listener at 127.0.0.1/10636] INFO  impl.RaftServerProxy (RaftServerProxy.java:lambda$close$4(319)) - 4a701bf3-65c5-4a6b-a9bd-8d146b70a3c5: close
2020-06-25 11:03:33,452 [ForkJoinPool.commonPool-worker-1] INFO  impl.RaftServerProxy (RaftServerProxy.java:lambda$close$4(319)) - 46f5dd17-f708-4f3a-b37a-c80b662a6b15: close
2020-06-25 11:03:33,452 [Listener at 127.0.0.1/10636] INFO  impl.RaftServerImpl (RaftServerImpl.java:lambda$shutdown$3(252)) - 4a701bf3-65c5-4a6b-a9bd-8d146b70a3c5@group-8C4E2D739626: shutdown
2020-06-25 11:03:33,453 [Listener at 127.0.0.1/10636] INFO  util.JmxRegister (JmxRegister.java:unregister(73)) - Successfully un-registered JMX Bean with object name Ratis:service=RaftServer,group=group-8C4E2D739626,id=4a701bf3-65c5-4a6b-a9bd-8d146b70a3c5
2020-06-25 11:03:33,453 [Listener at 127.0.0.1/10636] INFO  impl.RoleInfo (RoleInfo.java:shutdownLeaderState(104)) - 4a701bf3-65c5-4a6b-a9bd-8d146b70a3c5: shutdown LeaderState
2020-06-25 11:03:33,453 [Listener at 127.0.0.1/10636] INFO  impl.PendingRequests (PendingRequests.java:sendNotLeaderResponses(249)) - 4a701bf3-65c5-4a6b-a9bd-8d146b70a3c5@group-8C4E2D739626-PendingRequests: sendNotLeaderResponses
2020-06-25 11:03:33,453 [Listener at 127.0.0.1/10636] INFO  metrics.RatisMetrics (RatisMetrics.java:unregister(43)) - Unregistering Metrics Registry : ratis.log_appender.4a701bf3-65c5-4a6b-a9bd-8d146b70a3c5@group-8C4E2D739626
2020-06-25 11:03:33,453 [Listener at 127.0.0.1/10636] INFO  metrics.RatisMetrics (RatisMetrics.java:unregister(43)) - Unregistering Metrics Registry : ratis.server.4a701bf3-65c5-4a6b-a9bd-8d146b70a3c5@group-8C4E2D739626
2020-06-25 11:03:33,452 [ForkJoinPool.commonPool-worker-1] INFO  impl.RaftServerImpl (RaftServerImpl.java:lambda$shutdown$3(252)) - 46f5dd17-f708-4f3a-b37a-c80b662a6b15@group-632C14077B12: shutdown
2020-06-25 11:03:33,454 [ForkJoinPool.commonPool-worker-1] INFO  util.JmxRegister (JmxRegister.java:unregister(73)) - Successfully un-registered JMX Bean with object name Ratis:service=RaftServer,group=group-632C14077B12,id=46f5dd17-f708-4f3a-b37a-c80b662a6b15
2020-06-25 11:03:33,454 [ForkJoinPool.commonPool-worker-1] INFO  impl.RoleInfo (RoleInfo.java:shutdownLeaderState(104)) - 46f5dd17-f708-4f3a-b37a-c80b662a6b15: shutdown LeaderState
2020-06-25 11:03:33,454 [ForkJoinPool.commonPool-worker-1] INFO  impl.PendingRequests (PendingRequests.java:sendNotLeaderResponses(249)) - 46f5dd17-f708-4f3a-b37a-c80b662a6b15@group-632C14077B12-PendingRequests: sendNotLeaderResponses
2020-06-25 11:03:33,454 [ForkJoinPool.commonPool-worker-1] INFO  metrics.RatisMetrics (RatisMetrics.java:unregister(43)) - Unregistering Metrics Registry : ratis.log_appender.46f5dd17-f708-4f3a-b37a-c80b662a6b15@group-632C14077B12
2020-06-25 11:03:33,454 [ForkJoinPool.commonPool-worker-1] INFO  metrics.RatisMetrics (RatisMetrics.java:unregister(43)) - Unregistering Metrics Registry : ratis.server.46f5dd17-f708-4f3a-b37a-c80b662a6b15@group-632C14077B12
2020-06-25 11:03:33,455 [Listener at 127.0.0.1/10636] INFO  impl.StateMachineUpdater (StateMachineUpdater.java:stopAndJoin(142)) - 4a701bf3-65c5-4a6b-a9bd-8d146b70a3c5@group-8C4E2D739626-StateMachineUpdater: set stopIndex = 0
2020-06-25 11:03:33,456 [4a701bf3-65c5-4a6b-a9bd-8d146b70a3c5@group-8C4E2D739626-StateMachineUpdater] INFO  ratis.ContainerStateMachine (ContainerStateMachine.java:takeSnapshot(288)) - group-8C4E2D739626: Taking a snapshot at:(t:1, i:0) file /github/workspace/mnt/ozone/hadoop-ozone/integration-test/target/test-dir/MiniOzoneClusterImpl-aa6a32bf-ecb8-457c-8a9c-777f344c5ca2/datanode-1/data/ratis/db8d3902-6c92-4654-bb9c-8c4e2d739626/sm/snapshot.1_0
2020-06-25 11:03:33,457 [4a701bf3-65c5-4a6b-a9bd-8d146b70a3c5@group-8C4E2D739626-StateMachineUpdater] INFO  ratis.ContainerStateMachine (ContainerStateMachine.java:takeSnapshot(299)) - group-8C4E2D739626: Finished taking a snapshot at:(t:1, i:0) file:/github/workspace/mnt/ozone/hadoop-ozone/integration-test/target/test-dir/MiniOzoneClusterImpl-aa6a32bf-ecb8-457c-8a9c-777f344c5ca2/datanode-1/data/ratis/db8d3902-6c92-4654-bb9c-8c4e2d739626/sm/snapshot.1_0 time:1
2020-06-25 11:03:33,457 [4a701bf3-65c5-4a6b-a9bd-8d146b70a3c5@group-8C4E2D739626-StateMachineUpdater] INFO  impl.StateMachineUpdater (StateMachineUpdater.java:takeSnapshot(277)) - 4a701bf3-65c5-4a6b-a9bd-8d146b70a3c5@group-8C4E2D739626-StateMachineUpdater: Took a snapshot at index 0
2020-06-25 11:03:33,457 [4a701bf3-65c5-4a6b-a9bd-8d146b70a3c5@group-8C4E2D739626-StateMachineUpdater] INFO  impl.StateMachineUpdater (StateMachineUpdater.java:lambda$new$0(87)) - 4a701bf3-65c5-4a6b-a9bd-8d146b70a3c5@group-8C4E2D739626-StateMachineUpdater: snapshotIndex: updateIncreasingly -1 -> 0
2020-06-25 11:03:33,457 [4a701bf3-65c5-4a6b-a9bd-8d146b70a3c5@group-8C4E2D739626-StateMachineUpdater] INFO  metrics.RatisMetrics (RatisMetrics.java:unregister(43)) - Unregistering Metrics Registry : ratis.state_machine.4a701bf3-65c5-4a6b-a9bd-8d146b70a3c5@group-8C4E2D739626
2020-06-25 11:03:33,458 [ForkJoinPool.commonPool-worker-1] INFO  impl.StateMachineUpdater (StateMachineUpdater.java:stopAndJoin(142)) - 46f5dd17-f708-4f3a-b37a-c80b662a6b15@group-632C14077B12-StateMachineUpdater: set stopIndex = 0
2020-06-25 11:03:33,458 [Listener at 127.0.0.1/10636] INFO  impl.RaftServerImpl (ServerState.java:close(387)) - 4a701bf3-65c5-4a6b-a9bd-8d146b70a3c5@group-8C4E2D739626: closes. applyIndex: 0
2020-06-25 11:03:33,458 [4a701bf3-65c5-4a6b-a9bd-8d146b70a3c5@group-8C4E2D739626-SegmentedRaftLogWorker] INFO  segmented.SegmentedRaftLogWorker (SegmentedRaftLogWorker.java:run(327)) - 4a701bf3-65c5-4a6b-a9bd-8d146b70a3c5@group-8C4E2D739626-SegmentedRaftLogWorker was interrupted, exiting. There are 0 tasks remaining in the queue.
2020-06-25 11:03:33,458 [46f5dd17-f708-4f3a-b37a-c80b662a6b15@group-632C14077B12-StateMachineUpdater] INFO  ratis.ContainerStateMachine (ContainerStateMachine.java:takeSnapshot(288)) - group-632C14077B12: Taking a snapshot at:(t:1, i:0) file /github/workspace/mnt/ozone/hadoop-ozone/integration-test/target/test-dir/MiniOzoneClusterImpl-aa6a32bf-ecb8-457c-8a9c-777f344c5ca2/datanode-0/data/ratis/2e3d01d9-12cd-46b0-a3c8-632c14077b12/sm/snapshot.1_0
2020-06-25 11:03:33,459 [Listener at 127.0.0.1/10636] INFO  segmented.SegmentedRaftLogWorker (SegmentedRaftLogWorker.java:close(234)) - 4a701bf3-65c5-4a6b-a9bd-8d146b70a3c5@group-8C4E2D739626-SegmentedRaftLogWorker close()
2020-06-25 11:03:33,459 [46f5dd17-f708-4f3a-b37a-c80b662a6b15@group-632C14077B12-StateMachineUpdater] INFO  ratis.ContainerStateMachine (ContainerStateMachine.java:takeSnapshot(299)) - group-632C14077B12: Finished taking a snapshot at:(t:1, i:0) file:/github/workspace/mnt/ozone/hadoop-ozone/integration-test/target/test-dir/MiniOzoneClusterImpl-aa6a32bf-ecb8-457c-8a9c-777f344c5ca2/datanode-0/data/ratis/2e3d01d9-12cd-46b0-a3c8-632c14077b12/sm/snapshot.1_0 time:1
2020-06-25 11:03:33,459 [46f5dd17-f708-4f3a-b37a-c80b662a6b15@group-632C14077B12-StateMachineUpdater] INFO  impl.StateMachineUpdater (StateMachineUpdater.java:takeSnapshot(277)) - 46f5dd17-f708-4f3a-b37a-c80b662a6b15@group-632C14077B12-StateMachineUpdater: Took a snapshot at index 0
2020-06-25 11:03:33,459 [46f5dd17-f708-4f3a-b37a-c80b662a6b15@group-632C14077B12-StateMachineUpdater] INFO  impl.StateMachineUpdater (StateMachineUpdater.java:lambda$new$0(87)) - 46f5dd17-f708-4f3a-b37a-c80b662a6b15@group-632C14077B12-StateMachineUpdater: snapshotIndex: updateIncreasingly -1 -> 0
2020-06-25 11:03:33,459 [46f5dd17-f708-4f3a-b37a-c80b662a6b15@group-632C14077B12-StateMachineUpdater] INFO  metrics.RatisMetrics (RatisMetrics.java:unregister(43)) - Unregistering Metrics Registry : ratis.state_machine.46f5dd17-f708-4f3a-b37a-c80b662a6b15@group-632C14077B12
2020-06-25 11:03:33,460 [ForkJoinPool.commonPool-worker-1] INFO  impl.RaftServerImpl (ServerState.java:close(387)) - 46f5dd17-f708-4f3a-b37a-c80b662a6b15@group-632C14077B12: closes. applyIndex: 0
2020-06-25 11:03:33,460 [grpc-default-executor-3] DEBUG server.GrpcLogAppender (GrpcLogAppender.java:onNext(257)) - 4a701bf3-65c5-4a6b-a9bd-8d146b70a3c5@group-FA8FC8FC0B25->41a654b2-66a7-4542-b2c0-cec1bd614880-AppendLogResponseHandler: received a reply 4a701bf3-65c5-4a6b-a9bd-8d146b70a3c5<-41a654b2-66a7-4542-b2c0-cec1bd614880#13:OK,SUCCESS,nextIndex:1,term:1,followerCommit:0, request=AppendEntriesRequest:cid=13,entriesCount=0,lastEntry=null
2020-06-25 11:03:33,460 [46f5dd17-f708-4f3a-b37a-c80b662a6b15@group-632C14077B12-SegmentedRaftLogWorker] INFO  segmented.SegmentedRaftLogWorker (SegmentedRaftLogWorker.java:run(327)) - 46f5dd17-f708-4f3a-b37a-c80b662a6b15@group-632C14077B12-SegmentedRaftLogWorker was interrupted, exiting. There are 0 tasks remaining in the queue.
2020-06-25 11:03:33,460 [ForkJoinPool.commonPool-worker-1] INFO  segmented.SegmentedRaftLogWorker (SegmentedRaftLogWorker.java:close(234)) - 46f5dd17-f708-4f3a-b37a-c80b662a6b15@group-632C14077B12-SegmentedRaftLogWorker close()
2020-06-25 11:03:33,464 [Listener at 127.0.0.1/10636] INFO  metrics.RatisMetrics (RatisMetrics.java:unregister(43)) - Unregistering Metrics Registry : ratis.log_worker.4a701bf3-65c5-4a6b-a9bd-8d146b70a3c5@group-8C4E2D739626
2020-06-25 11:03:33,464 [Listener at 127.0.0.1/10636] INFO  metrics.RatisMetrics (RatisMetrics.java:unregister(43)) - Unregistering Metrics Registry : ratis.leader_election.4a701bf3-65c5-4a6b-a9bd-8d146b70a3c5@group-8C4E2D739626
2020-06-25 11:03:33,465 [Listener at 127.0.0.1/10636] INFO  metrics.RatisMetrics (RatisMetrics.java:unregister(43)) - Unregistering Metrics Registry : ratis.server.4a701bf3-65c5-4a6b-a9bd-8d146b70a3c5@group-8C4E2D739626
2020-06-25 11:03:33,465 [Listener at 127.0.0.1/10636] INFO  impl.RaftServerImpl (RaftServerImpl.java:lambda$shutdown$3(252)) - 4a701bf3-65c5-4a6b-a9bd-8d146b70a3c5@group-FA8FC8FC0B25: shutdown
2020-06-25 11:03:33,465 [Listener at 127.0.0.1/10636] INFO  util.JmxRegister (JmxRegister.java:unregister(73)) - Successfully un-registered JMX Bean with object name Ratis:service=RaftServer,group=group-FA8FC8FC0B25,id=4a701bf3-65c5-4a6b-a9bd-8d146b70a3c5
2020-06-25 11:03:33,465 [Listener at 127.0.0.1/10636] INFO  impl.RoleInfo (RoleInfo.java:shutdownLeaderState(104)) - 4a701bf3-65c5-4a6b-a9bd-8d146b70a3c5: shutdown LeaderState
2020-06-25 11:03:33,466 [Listener at 127.0.0.1/10636] INFO  metrics.RatisMetrics (RatisMetrics.java:unregister(43)) - Unregistering Metrics Registry : ratis_grpc.log_appender.4a701bf3-65c5-4a6b-a9bd-8d146b70a3c5@group-FA8FC8FC0B25
2020-06-25 11:03:33,465 [ForkJoinPool.commonPool-worker-1] INFO  metrics.RatisMetrics (RatisMetrics.java:unregister(43)) - Unregistering Metrics Registry : ratis.log_worker.46f5dd17-f708-4f3a-b37a-c80b662a6b15@group-632C14077B12
2020-06-25 11:03:33,467 [ForkJoinPool.commonPool-worker-1] INFO  metrics.RatisMetrics (RatisMetrics.java:unregister(43)) - Unregistering Metrics Registry : ratis.leader_election.46f5dd17-f708-4f3a-b37a-c80b662a6b15@group-632C14077B12
2020-06-25 11:03:33,467 [ForkJoinPool.commonPool-worker-1] INFO  metrics.RatisMetrics (RatisMetrics.java:unregister(43)) - Unregistering Metrics Registry : ratis.server.46f5dd17-f708-4f3a-b37a-c80b662a6b15@group-632C14077B12
2020-06-25 11:03:33,467 [ForkJoinPool.commonPool-worker-1] INFO  impl.RaftServerImpl (RaftServerImpl.java:lambda$shutdown$3(252)) - 46f5dd17-f708-4f3a-b37a-c80b662a6b15@group-FA8FC8FC0B25: shutdown
2020-06-25 11:03:33,467 [ForkJoinPool.commonPool-worker-1] INFO  util.JmxRegister (JmxRegister.java:unregister(73)) - Successfully un-registered JMX Bean with object name Ratis:service=RaftServer,group=group-FA8FC8FC0B25,id=46f5dd17-f708-4f3a-b37a-c80b662a6b15
2020-06-25 11:03:33,467 [ForkJoinPool.commonPool-worker-1] INFO  impl.RoleInfo (RoleInfo.java:shutdownFollowerState(121)) - 46f5dd17-f708-4f3a-b37a-c80b662a6b15: shutdown FollowerState
2020-06-25 11:03:33,467 [ForkJoinPool.commonPool-worker-1] INFO  impl.StateMachineUpdater (StateMachineUpdater.java:stopAndJoin(142)) - 46f5dd17-f708-4f3a-b37a-c80b662a6b15@group-FA8FC8FC0B25-StateMachineUpdater: set stopIndex = 0
2020-06-25 11:03:33,467 [46f5dd17-f708-4f3a-b37a-c80b662a6b15@group-FA8FC8FC0B25-StateMachineUpdater] INFO  ratis.ContainerStateMachine (ContainerStateMachine.java:takeSnapshot(288)) - group-FA8FC8FC0B25: Taking a snapshot at:(t:1, i:0) file /github/workspace/mnt/ozone/hadoop-ozone/integration-test/target/test-dir/MiniOzoneClusterImpl-aa6a32bf-ecb8-457c-8a9c-777f344c5ca2/datanode-0/data/ratis/653aa788-1352-49d8-9f60-fa8fc8fc0b25/sm/snapshot.1_0
2020-06-25 11:03:33,465 [grpc-default-executor-3] DEBUG server.GrpcLogAppender (GrpcLogAppender.java:onNext(257)) - 4a701bf3-65c5-4a6b-a9bd-8d146b70a3c5@group-FA8FC8FC0B25->46f5dd17-f708-4f3a-b37a-c80b662a6b15-AppendLogResponseHandler: received a reply 4a701bf3-65c5-4a6b-a9bd-8d146b70a3c5<-46f5dd17-f708-4f3a-b37a-c80b662a6b15#13:OK,SUCCESS,nextIndex:1,term:1,followerCommit:0, request=AppendEntriesRequest:cid=13,entriesCount=0,lastEntry=null
2020-06-25 11:03:33,467 [Thread-1754] INFO  impl.FollowerState (FollowerState.java:run(117)) - 46f5dd17-f708-4f3a-b37a-c80b662a6b15@group-FA8FC8FC0B25-FollowerState was interrupted: java.lang.InterruptedException: sleep interrupted
2020-06-25 11:03:33,466 [org.apache.ratis.server.impl.LogAppender$AppenderDaemon$$Lambda$336/141621418@519181a7] WARN  server.GrpcLogAppender (GrpcLogAppender.java:mayWait(153)) - 4a701bf3-65c5-4a6b-a9bd-8d146b70a3c5@group-FA8FC8FC0B25->41a654b2-66a7-4542-b2c0-cec1bd614880-GrpcLogAppender: Wait interrupted by java.lang.InterruptedException
2020-06-25 11:03:33,466 [Listener at 127.0.0.1/10636] INFO  metrics.RatisMetrics (RatisMetrics.java:unregister(43)) - Unregistering Metrics Registry : ratis_grpc.log_appender.4a701bf3-65c5-4a6b-a9bd-8d146b70a3c5@group-FA8FC8FC0B25
2020-06-25 11:03:33,468 [46f5dd17-f708-4f3a-b37a-c80b662a6b15@group-FA8FC8FC0B25-StateMachineUpdater] INFO  ratis.ContainerStateMachine (ContainerStateMachine.java:takeSnapshot(299)) - group-FA8FC8FC0B25: Finished taking a snapshot at:(t:1, i:0) file:/github/workspace/mnt/ozone/hadoop-ozone/integration-test/target/test-dir/MiniOzoneClusterImpl-aa6a32bf-ecb8-457c-8a9c-777f344c5ca2/datanode-0/data/ratis/653aa788-1352-49d8-9f60-fa8fc8fc0b25/sm/snapshot.1_0 time:0
2020-06-25 11:03:33,469 [46f5dd17-f708-4f3a-b37a-c80b662a6b15@group-FA8FC8FC0B25-StateMachineUpdater] INFO  impl.StateMachineUpdater (StateMachineUpdater.java:takeSnapshot(277)) - 46f5dd17-f708-4f3a-b37a-c80b662a6b15@group-FA8FC8FC0B25-StateMachineUpdater: Took a snapshot at index 0
2020-06-25 11:03:33,469 [46f5dd17-f708-4f3a-b37a-c80b662a6b15@group-FA8FC8FC0B25-StateMachineUpdater] INFO  impl.StateMachineUpdater (StateMachineUpdater.java:lambda$new$0(87)) - 46f5dd17-f708-4f3a-b37a-c80b662a6b15@group-FA8FC8FC0B25-StateMachineUpdater: snapshotIndex: updateIncreasingly -1 -> 0
2020-06-25 11:03:33,469 [46f5dd17-f708-4f3a-b37a-c80b662a6b15@group-FA8FC8FC0B25-StateMachineUpdater] INFO  metrics.RatisMetrics (RatisMetrics.java:unregister(43)) - Unregistering Metrics Registry : ratis.state_machine.46f5dd17-f708-4f3a-b37a-c80b662a6b15@group-FA8FC8FC0B25
2020-06-25 11:03:33,469 [ForkJoinPool.commonPool-worker-1] INFO  impl.RaftServerImpl (ServerState.java:close(387)) - 46f5dd17-f708-4f3a-b37a-c80b662a6b15@group-FA8FC8FC0B25: closes. applyIndex: 0
2020-06-25 11:03:33,469 [grpc-default-executor-3] INFO  server.GrpcServerProtocolService (GrpcServerProtocolService.java:onCompleted(138)) - 41a654b2-66a7-4542-b2c0-cec1bd614880: Completed APPEND_ENTRIES, lastRequest: 4a701bf3-65c5-4a6b-a9bd-8d146b70a3c5->41a654b2-66a7-4542-b2c0-cec1bd614880#1-t1, previous=(t:0, i:0), leaderCommit=-1, initializing? false, entries: size=1, first=(t:1, i:0), CONFIGURATIONENTRY
2020-06-25 11:03:33,472 [org.apache.ratis.server.impl.LogAppender$AppenderDaemon$$Lambda$336/141621418@135dc430] WARN  server.GrpcLogAppender (GrpcLogAppender.java:mayWait(153)) - 4a701bf3-65c5-4a6b-a9bd-8d146b70a3c5@group-FA8FC8FC0B25->46f5dd17-f708-4f3a-b37a-c80b662a6b15-GrpcLogAppender: Wait interrupted by java.lang.InterruptedException
2020-06-25 11:03:33,472 [Listener at 127.0.0.1/10636] INFO  impl.PendingRequests (PendingRequests.java:sendNotLeaderResponses(249)) - 4a701bf3-65c5-4a6b-a9bd-8d146b70a3c5@group-FA8FC8FC0B25-PendingRequests: sendNotLeaderResponses
2020-06-25 11:03:33,472 [Listener at 127.0.0.1/10636] INFO  metrics.RatisMetrics (RatisMetrics.java:unregister(43)) - Unregistering Metrics Registry : ratis.log_appender.4a701bf3-65c5-4a6b-a9bd-8d146b70a3c5@group-FA8FC8FC0B25
2020-06-25 11:03:33,472 [Listener at 127.0.0.1/10636] INFO  metrics.RatisMetrics (RatisMetrics.java:unregister(43)) - Unregistering Metrics Registry : ratis.server.4a701bf3-65c5-4a6b-a9bd-8d146b70a3c5@group-FA8FC8FC0B25
2020-06-25 11:03:33,474 [4a701bf3-65c5-4a6b-a9bd-8d146b70a3c5@group-FA8FC8FC0B25-StateMachineUpdater] INFO  ratis.ContainerStateMachine (ContainerStateMachine.java:takeSnapshot(288)) - group-FA8FC8FC0B25: Taking a snapshot at:(t:1, i:0) file /github/workspace/mnt/ozone/hadoop-ozone/integration-test/target/test-dir/MiniOzoneClusterImpl-aa6a32bf-ecb8-457c-8a9c-777f344c5ca2/datanode-1/data/ratis/653aa788-1352-49d8-9f60-fa8fc8fc0b25/sm/snapshot.1_0
2020-06-25 11:03:33,474 [Listener at 127.0.0.1/10636] INFO  impl.StateMachineUpdater (StateMachineUpdater.java:stopAndJoin(142)) - 4a701bf3-65c5-4a6b-a9bd-8d146b70a3c5@group-FA8FC8FC0B25-StateMachineUpdater: set stopIndex = 0
2020-06-25 11:03:33,474 [grpc-default-executor-3] INFO  server.GrpcLogAppender (GrpcLogAppender.java:onCompleted(319)) - 4a701bf3-65c5-4a6b-a9bd-8d146b70a3c5@group-FA8FC8FC0B25->41a654b2-66a7-4542-b2c0-cec1bd614880-AppendLogResponseHandler: follower responses appendEntries COMPLETED
2020-06-25 11:03:33,472 [46f5dd17-f708-4f3a-b37a-c80b662a6b15@group-FA8FC8FC0B25-SegmentedRaftLogWorker] INFO  segmented.SegmentedRaftLogWorker (SegmentedRaftLogWorker.java:run(327)) - 46f5dd17-f708-4f3a-b37a-c80b662a6b15@group-FA8FC8FC0B25-SegmentedRaftLogWorker was interrupted, exiting. There are 0 tasks remaining in the queue.
2020-06-25 11:03:33,474 [grpc-default-executor-4] INFO  server.GrpcServerProtocolService (GrpcServerProtocolService.java:onCompleted(138)) - 46f5dd17-f708-4f3a-b37a-c80b662a6b15: Completed APPEND_ENTRIES, lastRequest: 4a701bf3-65c5-4a6b-a9bd-8d146b70a3c5->46f5dd17-f708-4f3a-b37a-c80b662a6b15#1-t1, previous=(t:0, i:0), leaderCommit=0, initializing? false, entries: size=1, first=(t:1, i:0), CONFIGURATIONENTRY
2020-06-25 11:03:33,474 [4a701bf3-65c5-4a6b-a9bd-8d146b70a3c5@group-FA8FC8FC0B25-StateMachineUpdater] INFO  ratis.ContainerStateMachine (ContainerStateMachine.java:takeSnapshot(299)) - group-FA8FC8FC0B25: Finished taking a snapshot at:(t:1, i:0) file:/github/workspace/mnt/ozone/hadoop-ozone/integration-test/target/test-dir/MiniOzoneClusterImpl-aa6a32bf-ecb8-457c-8a9c-777f344c5ca2/datanode-1/data/ratis/653aa788-1352-49d8-9f60-fa8fc8fc0b25/sm/snapshot.1_0 time:0
2020-06-25 11:03:33,474 [4a701bf3-65c5-4a6b-a9bd-8d146b70a3c5@group-FA8FC8FC0B25-StateMachineUpdater] INFO  impl.StateMachineUpdater (StateMachineUpdater.java:takeSnapshot(277)) - 4a701bf3-65c5-4a6b-a9bd-8d146b70a3c5@group-FA8FC8FC0B25-StateMachineUpdater: Took a snapshot at index 0
2020-06-25 11:03:33,474 [4a701bf3-65c5-4a6b-a9bd-8d146b70a3c5@group-FA8FC8FC0B25-StateMachineUpdater] INFO  impl.StateMachineUpdater (StateMachineUpdater.java:lambda$new$0(87)) - 4a701bf3-65c5-4a6b-a9bd-8d146b70a3c5@group-FA8FC8FC0B25-StateMachineUpdater: snapshotIndex: updateIncreasingly -1 -> 0
2020-06-25 11:03:33,475 [4a701bf3-65c5-4a6b-a9bd-8d146b70a3c5@group-FA8FC8FC0B25-StateMachineUpdater] INFO  metrics.RatisMetrics (RatisMetrics.java:unregister(43)) - Unregistering Metrics Registry : ratis.state_machine.4a701bf3-65c5-4a6b-a9bd-8d146b70a3c5@group-FA8FC8FC0B25
2020-06-25 11:03:33,475 [grpc-default-executor-3] INFO  impl.FollowerInfo (FollowerInfo.java:lambda$new$0(51)) - 4a701bf3-65c5-4a6b-a9bd-8d146b70a3c5@group-FA8FC8FC0B25->41a654b2-66a7-4542-b2c0-cec1bd614880: nextIndex: updateUnconditionally 1 -> 0
2020-06-25 11:03:33,475 [Listener at 127.0.0.1/10636] INFO  impl.RaftServerImpl (ServerState.java:close(387)) - 4a701bf3-65c5-4a6b-a9bd-8d146b70a3c5@group-FA8FC8FC0B25: closes. applyIndex: 0
2020-06-25 11:03:33,475 [grpc-default-executor-3] INFO  server.GrpcLogAppender (GrpcLogAppender.java:onCompleted(319)) - 4a701bf3-65c5-4a6b-a9bd-8d146b70a3c5@group-FA8FC8FC0B25->46f5dd17-f708-4f3a-b37a-c80b662a6b15-AppendLogResponseHandler: follower responses appendEntries COMPLETED
2020-06-25 11:03:33,475 [4a701bf3-65c5-4a6b-a9bd-8d146b70a3c5@group-FA8FC8FC0B25-SegmentedRaftLogWorker] INFO  segmented.SegmentedRaftLogWorker (SegmentedRaftLogWorker.java:run(327)) - 4a701bf3-65c5-4a6b-a9bd-8d146b70a3c5@group-FA8FC8FC0B25-SegmentedRaftLogWorker was interrupted, exiting. There are 0 tasks remaining in the queue.
2020-06-25 11:03:33,476 [Listener at 127.0.0.1/10636] INFO  segmented.SegmentedRaftLogWorker (SegmentedRaftLogWorker.java:close(234)) - 4a701bf3-65c5-4a6b-a9bd-8d146b70a3c5@group-FA8FC8FC0B25-SegmentedRaftLogWorker close()
2020-06-25 11:03:33,476 [Listener at 127.0.0.1/10636] INFO  metrics.RatisMetrics (RatisMetrics.java:unregister(43)) - Unregistering Metrics Registry : ratis.log_worker.4a701bf3-65c5-4a6b-a9bd-8d146b70a3c5@group-FA8FC8FC0B25
2020-06-25 11:03:33,476 [Listener at 127.0.0.1/10636] INFO  metrics.RatisMetrics (RatisMetrics.java:unregister(43)) - Unregistering Metrics Registry : ratis.leader_election.4a701bf3-65c5-4a6b-a9bd-8d146b70a3c5@group-FA8FC8FC0B25
2020-06-25 11:03:33,477 [Listener at 127.0.0.1/10636] INFO  metrics.RatisMetrics (RatisMetrics.java:unregister(43)) - Unregistering Metrics Registry : ratis.server.4a701bf3-65c5-4a6b-a9bd-8d146b70a3c5@group-FA8FC8FC0B25
2020-06-25 11:03:33,476 [ForkJoinPool.commonPool-worker-1] INFO  segmented.SegmentedRaftLogWorker (SegmentedRaftLogWorker.java:close(234)) - 46f5dd17-f708-4f3a-b37a-c80b662a6b15@group-FA8FC8FC0B25-SegmentedRaftLogWorker close()
2020-06-25 11:03:33,477 [Listener at 127.0.0.1/10636] INFO  server.GrpcService (GrpcService.java:closeImpl(166)) - 4a701bf3-65c5-4a6b-a9bd-8d146b70a3c5: shutdown server with port 38859 now
2020-06-25 11:03:33,477 [grpc-default-executor-3] INFO  impl.FollowerInfo (FollowerInfo.java:lambda$new$0(51)) - 4a701bf3-65c5-4a6b-a9bd-8d146b70a3c5@group-FA8FC8FC0B25->46f5dd17-f708-4f3a-b37a-c80b662a6b15: nextIndex: updateUnconditionally 1 -> 0
2020-06-25 11:03:33,478 [ForkJoinPool.commonPool-worker-1] INFO  metrics.RatisMetrics (RatisMetrics.java:unregister(43)) - Unregistering Metrics Registry : ratis.log_worker.46f5dd17-f708-4f3a-b37a-c80b662a6b15@group-FA8FC8FC0B25
2020-06-25 11:03:33,478 [ForkJoinPool.commonPool-worker-1] INFO  metrics.RatisMetrics (RatisMetrics.java:unregister(43)) - Unregistering Metrics Registry : ratis.leader_election.46f5dd17-f708-4f3a-b37a-c80b662a6b15@group-FA8FC8FC0B25
2020-06-25 11:03:33,478 [ForkJoinPool.commonPool-worker-1] INFO  metrics.RatisMetrics (RatisMetrics.java:unregister(43)) - Unregistering Metrics Registry : ratis.server.46f5dd17-f708-4f3a-b37a-c80b662a6b15@group-FA8FC8FC0B25
2020-06-25 11:03:33,479 [ForkJoinPool.commonPool-worker-1] INFO  server.GrpcService (GrpcService.java:closeImpl(166)) - 46f5dd17-f708-4f3a-b37a-c80b662a6b15: shutdown server with port 41277 now
2020-06-25 11:03:33,480 [Listener at 127.0.0.1/10636] INFO  server.GrpcService (GrpcService.java:closeImpl(174)) - 4a701bf3-65c5-4a6b-a9bd-8d146b70a3c5: shutdown server with port 38859 successfully
2020-06-25 11:03:33,480 [ForkJoinPool.commonPool-worker-1] INFO  server.GrpcService (GrpcService.java:closeImpl(174)) - 46f5dd17-f708-4f3a-b37a-c80b662a6b15: shutdown server with port 41277 successfully
2020-06-25 11:03:33,482 [Listener at 127.0.0.1/10636] INFO  utils.BackgroundService (BackgroundService.java:shutdown(157)) - Shutting down service BlockDeletingService
2020-06-25 11:03:33,483 [ForkJoinPool.commonPool-worker-1] INFO  utils.BackgroundService (BackgroundService.java:shutdown(157)) - Shutting down service BlockDeletingService
2020-06-25 11:03:33,486 [ForkJoinPool.commonPool-worker-1] INFO  statemachine.DatanodeStateMachine (DatanodeStateMachine.java:stopDaemon(428)) - Ozone container server stopped.
2020-06-25 11:03:33,487 [Listener at 127.0.0.1/10636] INFO  statemachine.DatanodeStateMachine (DatanodeStateMachine.java:stopDaemon(428)) - Ozone container server stopped.
2020-06-25 11:03:33,487 [Listener at 127.0.0.1/10636] INFO  handler.ContextHandler (ContextHandler.java:doStop(1016)) - Stopped o.e.j.w.WebAppContext@2247747c{hddsDatanode,/,null,UNAVAILABLE}{jar:file:/home/user/.m2/repository/org/apache/hadoop/hadoop-hdds-container-service/0.6.0-SNAPSHOT/hadoop-hdds-container-service-0.6.0-SNAPSHOT.jar!/webapps/hddsDatanode}
2020-06-25 11:03:33,489 [Listener at 127.0.0.1/10636] INFO  server.AbstractConnector (AbstractConnector.java:doStop(380)) - Stopped ServerConnector@10f6eebc{HTTP/1.1,[http/1.1]}{0.0.0.0:0}
2020-06-25 11:03:33,489 [Listener at 127.0.0.1/10636] INFO  server.session (HouseKeeper.java:stopScavenging(158)) - node0 Stopped scavenging
2020-06-25 11:03:33,489 [Listener at 127.0.0.1/10636] INFO  handler.ContextHandler (ContextHandler.java:doStop(1016)) - Stopped o.e.j.s.ServletContextHandler@45f002a3{static,/static,jar:file:/home/user/.m2/repository/org/apache/hadoop/hadoop-hdds-container-service/0.6.0-SNAPSHOT/hadoop-hdds-container-service-0.6.0-SNAPSHOT.jar!/webapps/static,UNAVAILABLE}
2020-06-25 11:03:33,489 [Listener at 127.0.0.1/10636] INFO  handler.ContextHandler (ContextHandler.java:doStop(1016)) - Stopped o.e.j.s.ServletContextHandler@5c26927b{logs,/logs,file:///github/workspace/mnt/ozone/hadoop-ozone/integration-test/target/log,UNAVAILABLE}
2020-06-25 11:03:33,490 [ForkJoinPool.commonPool-worker-1] INFO  handler.ContextHandler (ContextHandler.java:doStop(1016)) - Stopped o.e.j.w.WebAppContext@6f7ce4b3{hddsDatanode,/,null,UNAVAILABLE}{jar:file:/home/user/.m2/repository/org/apache/hadoop/hadoop-hdds-container-service/0.6.0-SNAPSHOT/hadoop-hdds-container-service-0.6.0-SNAPSHOT.jar!/webapps/hddsDatanode}
2020-06-25 11:03:33,494 [ForkJoinPool.commonPool-worker-1] INFO  server.AbstractConnector (AbstractConnector.java:doStop(380)) - Stopped ServerConnector@79f076ea{HTTP/1.1,[http/1.1]}{0.0.0.0:0}
2020-06-25 11:03:33,495 [ForkJoinPool.commonPool-worker-1] INFO  server.session (HouseKeeper.java:stopScavenging(158)) - node0 Stopped scavenging
2020-06-25 11:03:33,495 [ForkJoinPool.commonPool-worker-1] INFO  handler.ContextHandler (ContextHandler.java:doStop(1016)) - Stopped o.e.j.s.ServletContextHandler@63cf9afe{static,/static,jar:file:/home/user/.m2/repository/org/apache/hadoop/hadoop-hdds-container-service/0.6.0-SNAPSHOT/hadoop-hdds-container-service-0.6.0-SNAPSHOT.jar!/webapps/static,UNAVAILABLE}
2020-06-25 11:03:33,496 [ForkJoinPool.commonPool-worker-1] INFO  handler.ContextHandler (ContextHandler.java:doStop(1016)) - Stopped o.e.j.s.ServletContextHandler@65ce07f1{logs,/logs,file:///github/workspace/mnt/ozone/hadoop-ozone/integration-test/target/log,UNAVAILABLE}
2020-06-25 11:03:34,405 [Datanode State Machine Thread - 0] INFO  statemachine.DatanodeStateMachine (DatanodeStateMachine.java:lambda$startDaemon$0(380)) - Ozone container server started.
2020-06-25 11:03:38,495 [Listener at 127.0.0.1/10636] INFO  ozoneimpl.OzoneContainer (OzoneContainer.java:stop(246)) - Attempting to stop container services.
2020-06-25 11:03:38,495 [Listener at 127.0.0.1/10636] INFO  impl.RaftServerProxy (RaftServerProxy.java:lambda$close$4(319)) - 41a654b2-66a7-4542-b2c0-cec1bd614880: close
2020-06-25 11:03:38,495 [Listener at 127.0.0.1/10636] INFO  impl.RaftServerImpl (RaftServerImpl.java:lambda$shutdown$3(252)) - 41a654b2-66a7-4542-b2c0-cec1bd614880@group-FA8FC8FC0B25: shutdown
2020-06-25 11:03:38,496 [Listener at 127.0.0.1/10636] INFO  util.JmxRegister (JmxRegister.java:unregister(73)) - Successfully un-registered JMX Bean with object name Ratis:service=RaftServer,group=group-FA8FC8FC0B25,id=41a654b2-66a7-4542-b2c0-cec1bd614880
2020-06-25 11:03:38,496 [Listener at 127.0.0.1/10636] INFO  impl.RoleInfo (RoleInfo.java:shutdownFollowerState(121)) - 41a654b2-66a7-4542-b2c0-cec1bd614880: shutdown FollowerState
2020-06-25 11:03:38,496 [Listener at 127.0.0.1/10636] INFO  impl.StateMachineUpdater (StateMachineUpdater.java:stopAndJoin(142)) - 41a654b2-66a7-4542-b2c0-cec1bd614880@group-FA8FC8FC0B25-StateMachineUpdater: set stopIndex = 0
2020-06-25 11:03:38,496 [Thread-1746] INFO  impl.FollowerState (FollowerState.java:run(117)) - 41a654b2-66a7-4542-b2c0-cec1bd614880@group-FA8FC8FC0B25-FollowerState was interrupted: java.lang.InterruptedException: sleep interrupted
2020-06-25 11:03:38,496 [41a654b2-66a7-4542-b2c0-cec1bd614880@group-FA8FC8FC0B25-StateMachineUpdater] INFO  ratis.ContainerStateMachine (ContainerStateMachine.java:takeSnapshot(288)) - group-FA8FC8FC0B25: Taking a snapshot at:(t:1, i:0) file /github/workspace/mnt/ozone/hadoop-ozone/integration-test/target/test-dir/MiniOzoneClusterImpl-aa6a32bf-ecb8-457c-8a9c-777f344c5ca2/datanode-2/data/ratis/653aa788-1352-49d8-9f60-fa8fc8fc0b25/sm/snapshot.1_0
2020-06-25 11:03:38,497 [41a654b2-66a7-4542-b2c0-cec1bd614880@group-FA8FC8FC0B25-StateMachineUpdater] INFO  ratis.ContainerStateMachine (ContainerStateMachine.java:takeSnapshot(299)) - group-FA8FC8FC0B25: Finished taking a snapshot at:(t:1, i:0) file:/github/workspace/mnt/ozone/hadoop-ozone/integration-test/target/test-dir/MiniOzoneClusterImpl-aa6a32bf-ecb8-457c-8a9c-777f344c5ca2/datanode-2/data/ratis/653aa788-1352-49d8-9f60-fa8fc8fc0b25/sm/snapshot.1_0 time:1
2020-06-25 11:03:38,498 [41a654b2-66a7-4542-b2c0-cec1bd614880@group-FA8FC8FC0B25-StateMachineUpdater] INFO  impl.StateMachineUpdater (StateMachineUpdater.java:takeSnapshot(277)) - 41a654b2-66a7-4542-b2c0-cec1bd614880@group-FA8FC8FC0B25-StateMachineUpdater: Took a snapshot at index 0
2020-06-25 11:03:38,498 [41a654b2-66a7-4542-b2c0-cec1bd614880@group-FA8FC8FC0B25-StateMachineUpdater] INFO  impl.StateMachineUpdater (StateMachineUpdater.java:lambda$new$0(87)) - 41a654b2-66a7-4542-b2c0-cec1bd614880@group-FA8FC8FC0B25-StateMachineUpdater: snapshotIndex: updateIncreasingly -1 -> 0
2020-06-25 11:03:38,498 [41a654b2-66a7-4542-b2c0-cec1bd614880@group-FA8FC8FC0B25-StateMachineUpdater] INFO  metrics.RatisMetrics (RatisMetrics.java:unregister(43)) - Unregistering Metrics Registry : ratis.state_machine.41a654b2-66a7-4542-b2c0-cec1bd614880@group-FA8FC8FC0B25
2020-06-25 11:03:38,498 [Listener at 127.0.0.1/10636] INFO  impl.RaftServerImpl (ServerState.java:close(387)) - 41a654b2-66a7-4542-b2c0-cec1bd614880@group-FA8FC8FC0B25: closes. applyIndex: 0
2020-06-25 11:03:38,498 [41a654b2-66a7-4542-b2c0-cec1bd614880@group-FA8FC8FC0B25-SegmentedRaftLogWorker] INFO  segmented.SegmentedRaftLogWorker (SegmentedRaftLogWorker.java:run(327)) - 41a654b2-66a7-4542-b2c0-cec1bd614880@group-FA8FC8FC0B25-SegmentedRaftLogWorker was interrupted, exiting. There are 0 tasks remaining in the queue.
2020-06-25 11:03:38,498 [Listener at 127.0.0.1/10636] INFO  segmented.SegmentedRaftLogWorker (SegmentedRaftLogWorker.java:close(234)) - 41a654b2-66a7-4542-b2c0-cec1bd614880@group-FA8FC8FC0B25-SegmentedRaftLogWorker close()
2020-06-25 11:03:38,500 [Listener at 127.0.0.1/10636] INFO  metrics.RatisMetrics (RatisMetrics.java:unregister(43)) - Unregistering Metrics Registry : ratis.log_worker.41a654b2-66a7-4542-b2c0-cec1bd614880@group-FA8FC8FC0B25
2020-06-25 11:03:38,500 [Listener at 127.0.0.1/10636] INFO  metrics.RatisMetrics (RatisMetrics.java:unregister(43)) - Unregistering Metrics Registry : ratis.leader_election.41a654b2-66a7-4542-b2c0-cec1bd614880@group-FA8FC8FC0B25
2020-06-25 11:03:38,500 [Listener at 127.0.0.1/10636] INFO  metrics.RatisMetrics (RatisMetrics.java:unregister(43)) - Unregistering Metrics Registry : ratis.server.41a654b2-66a7-4542-b2c0-cec1bd614880@group-FA8FC8FC0B25
2020-06-25 11:03:38,500 [Listener at 127.0.0.1/10636] INFO  impl.RaftServerImpl (RaftServerImpl.java:lambda$shutdown$3(252)) - 41a654b2-66a7-4542-b2c0-cec1bd614880@group-D47E886B75D4: shutdown
2020-06-25 11:03:38,500 [Listener at 127.0.0.1/10636] INFO  util.JmxRegister (JmxRegister.java:unregister(73)) - Successfully un-registered JMX Bean with object name Ratis:service=RaftServer,group=group-D47E886B75D4,id=41a654b2-66a7-4542-b2c0-cec1bd614880
2020-06-25 11:03:38,500 [Listener at 127.0.0.1/10636] INFO  impl.RoleInfo (RoleInfo.java:shutdownLeaderState(104)) - 41a654b2-66a7-4542-b2c0-cec1bd614880: shutdown LeaderState
2020-06-25 11:03:38,501 [Listener at 127.0.0.1/10636] INFO  impl.PendingRequests (PendingRequests.java:sendNotLeaderResponses(249)) - 41a654b2-66a7-4542-b2c0-cec1bd614880@group-D47E886B75D4-PendingRequests: sendNotLeaderResponses
2020-06-25 11:03:38,501 [Listener at 127.0.0.1/10636] INFO  metrics.RatisMetrics (RatisMetrics.java:unregister(43)) - Unregistering Metrics Registry : ratis.log_appender.41a654b2-66a7-4542-b2c0-cec1bd614880@group-D47E886B75D4
2020-06-25 11:03:38,501 [Listener at 127.0.0.1/10636] INFO  metrics.RatisMetrics (RatisMetrics.java:unregister(43)) - Unregistering Metrics Registry : ratis.server.41a654b2-66a7-4542-b2c0-cec1bd614880@group-D47E886B75D4
2020-06-25 11:03:38,502 [Listener at 127.0.0.1/10636] INFO  impl.StateMachineUpdater (StateMachineUpdater.java:stopAndJoin(142)) - 41a654b2-66a7-4542-b2c0-cec1bd614880@group-D47E886B75D4-StateMachineUpdater: set stopIndex = 0
2020-06-25 11:03:38,502 [41a654b2-66a7-4542-b2c0-cec1bd614880@group-D47E886B75D4-StateMachineUpdater] INFO  ratis.ContainerStateMachine (ContainerStateMachine.java:takeSnapshot(288)) - group-D47E886B75D4: Taking a snapshot at:(t:1, i:0) file /github/workspace/mnt/ozone/hadoop-ozone/integration-test/target/test-dir/MiniOzoneClusterImpl-aa6a32bf-ecb8-457c-8a9c-777f344c5ca2/datanode-2/data/ratis/bf67ef8b-32b3-4f1e-ac1f-d47e886b75d4/sm/snapshot.1_0
2020-06-25 11:03:38,503 [41a654b2-66a7-4542-b2c0-cec1bd614880@group-D47E886B75D4-StateMachineUpdater] INFO  ratis.ContainerStateMachine (ContainerStateMachine.java:takeSnapshot(299)) - group-D47E886B75D4: Finished taking a snapshot at:(t:1, i:0) file:/github/workspace/mnt/ozone/hadoop-ozone/integration-test/target/test-dir/MiniOzoneClusterImpl-aa6a32bf-ecb8-457c-8a9c-777f344c5ca2/datanode-2/data/ratis/bf67ef8b-32b3-4f1e-ac1f-d47e886b75d4/sm/snapshot.1_0 time:1
2020-06-25 11:03:38,503 [41a654b2-66a7-4542-b2c0-cec1bd614880@group-D47E886B75D4-StateMachineUpdater] INFO  impl.StateMachineUpdater (StateMachineUpdater.java:takeSnapshot(277)) - 41a654b2-66a7-4542-b2c0-cec1bd614880@group-D47E886B75D4-StateMachineUpdater: Took a snapshot at index 0
2020-06-25 11:03:38,503 [41a654b2-66a7-4542-b2c0-cec1bd614880@group-D47E886B75D4-StateMachineUpdater] INFO  impl.StateMachineUpdater (StateMachineUpdater.java:lambda$new$0(87)) - 41a654b2-66a7-4542-b2c0-cec1bd614880@group-D47E886B75D4-StateMachineUpdater: snapshotIndex: updateIncreasingly -1 -> 0
2020-06-25 11:03:38,504 [41a654b2-66a7-4542-b2c0-cec1bd614880@group-D47E886B75D4-StateMachineUpdater] INFO  metrics.RatisMetrics (RatisMetrics.java:unregister(43)) - Unregistering Metrics Registry : ratis.state_machine.41a654b2-66a7-4542-b2c0-cec1bd614880@group-D47E886B75D4
2020-06-25 11:03:38,504 [Listener at 127.0.0.1/10636] INFO  impl.RaftServerImpl (ServerState.java:close(387)) - 41a654b2-66a7-4542-b2c0-cec1bd614880@group-D47E886B75D4: closes. applyIndex: 0
2020-06-25 11:03:38,505 [41a654b2-66a7-4542-b2c0-cec1bd614880@group-D47E886B75D4-SegmentedRaftLogWorker] INFO  segmented.SegmentedRaftLogWorker (SegmentedRaftLogWorker.java:run(327)) - 41a654b2-66a7-4542-b2c0-cec1bd614880@group-D47E886B75D4-SegmentedRaftLogWorker was interrupted, exiting. There are 0 tasks remaining in the queue.
2020-06-25 11:03:38,505 [Listener at 127.0.0.1/10636] INFO  segmented.SegmentedRaftLogWorker (SegmentedRaftLogWorker.java:close(234)) - 41a654b2-66a7-4542-b2c0-cec1bd614880@group-D47E886B75D4-SegmentedRaftLogWorker close()
2020-06-25 11:03:38,505 [Listener at 127.0.0.1/10636] INFO  metrics.RatisMetrics (RatisMetrics.java:unregister(43)) - Unregistering Metrics Registry : ratis.log_worker.41a654b2-66a7-4542-b2c0-cec1bd614880@group-D47E886B75D4
2020-06-25 11:03:38,506 [Listener at 127.0.0.1/10636] INFO  metrics.RatisMetrics (RatisMetrics.java:unregister(43)) - Unregistering Metrics Registry : ratis.leader_election.41a654b2-66a7-4542-b2c0-cec1bd614880@group-D47E886B75D4
2020-06-25 11:03:38,506 [Listener at 127.0.0.1/10636] INFO  metrics.RatisMetrics (RatisMetrics.java:unregister(43)) - Unregistering Metrics Registry : ratis.server.41a654b2-66a7-4542-b2c0-cec1bd614880@group-D47E886B75D4
2020-06-25 11:03:38,506 [Listener at 127.0.0.1/10636] INFO  server.GrpcService (GrpcService.java:closeImpl(166)) - 41a654b2-66a7-4542-b2c0-cec1bd614880: shutdown server with port 32799 now
2020-06-25 11:03:38,507 [Listener at 127.0.0.1/10636] INFO  server.GrpcService (GrpcService.java:closeImpl(174)) - 41a654b2-66a7-4542-b2c0-cec1bd614880: shutdown server with port 32799 successfully
2020-06-25 11:03:38,508 [Listener at 127.0.0.1/10636] INFO  utils.BackgroundService (BackgroundService.java:shutdown(157)) - Shutting down service BlockDeletingService
2020-06-25 11:03:38,510 [Listener at 127.0.0.1/10636] INFO  statemachine.DatanodeStateMachine (DatanodeStateMachine.java:stopDaemon(428)) - Ozone container server stopped.
2020-06-25 11:03:38,511 [Listener at 127.0.0.1/10636] INFO  handler.ContextHandler (ContextHandler.java:doStop(1016)) - Stopped o.e.j.w.WebAppContext@40253e74{hddsDatanode,/,null,UNAVAILABLE}{jar:file:/home/user/.m2/repository/org/apache/hadoop/hadoop-hdds-container-service/0.6.0-SNAPSHOT/hadoop-hdds-container-service-0.6.0-SNAPSHOT.jar!/webapps/hddsDatanode}
2020-06-25 11:03:38,511 [Listener at 127.0.0.1/10636] INFO  server.AbstractConnector (AbstractConnector.java:doStop(380)) - Stopped ServerConnector@a5dbdd3{HTTP/1.1,[http/1.1]}{0.0.0.0:0}
2020-06-25 11:03:38,512 [Listener at 127.0.0.1/10636] INFO  server.session (HouseKeeper.java:stopScavenging(158)) - node0 Stopped scavenging
2020-06-25 11:03:38,512 [Listener at 127.0.0.1/10636] INFO  handler.ContextHandler (ContextHandler.java:doStop(1016)) - Stopped o.e.j.s.ServletContextHandler@2e8bf6bb{static,/static,jar:file:/home/user/.m2/repository/org/apache/hadoop/hadoop-hdds-container-service/0.6.0-SNAPSHOT/hadoop-hdds-container-service-0.6.0-SNAPSHOT.jar!/webapps/static,UNAVAILABLE}
2020-06-25 11:03:38,512 [Listener at 127.0.0.1/10636] INFO  handler.ContextHandler (ContextHandler.java:doStop(1016)) - Stopped o.e.j.s.ServletContextHandler@1bab0447{logs,/logs,file:///github/workspace/mnt/ozone/hadoop-ozone/integration-test/target/log,UNAVAILABLE}
2020-06-25 11:03:38,512 [Listener at 127.0.0.1/10636] INFO  ozone.MiniOzoneClusterImpl (MiniOzoneClusterImpl.java:stopSCM(476)) - Stopping the StorageContainerManager
2020-06-25 11:03:38,513 [Listener at 127.0.0.1/10636] INFO  server.StorageContainerManager (StorageContainerManager.java:stop(825)) - Stopping Replication Manager Service.
2020-06-25 11:03:38,513 [Listener at 127.0.0.1/10636] INFO  container.ReplicationManager (ReplicationManager.java:stop(217)) - Stopping Replication Monitor Thread.
2020-06-25 11:03:38,514 [Listener at 127.0.0.1/10636] INFO  server.StorageContainerManager (StorageContainerManager.java:stop(832)) - Stopping Lease Manager of the command watchers
2020-06-25 11:03:38,514 [Listener at 127.0.0.1/10636] INFO  server.StorageContainerManager (StorageContainerManager.java:stop(839)) - Stopping datanode service RPC server
2020-06-25 11:03:38,514 [CommandWatcher-LeaseManager#LeaseMonitor] ERROR lease.LeaseManager (LeaseManager.java:run(238)) - Execution was interrupted 
java.lang.InterruptedException: sleep interrupted
	at java.lang.Thread.sleep(Native Method)
	at org.apache.hadoop.ozone.lease.LeaseManager$LeaseMonitor.run(LeaseManager.java:234)
	at java.lang.Thread.run(Thread.java:748)
2020-06-25 11:03:38,514 [Listener at 127.0.0.1/10636] INFO  server.SCMDatanodeProtocolServer (SCMDatanodeProtocolServer.java:stop(361)) - Stopping the RPC server for DataNodes
2020-06-25 11:03:38,514 [Listener at 127.0.0.1/10636] INFO  ipc.Server (Server.java:stop(3359)) - Stopping server on 37057
2020-06-25 11:03:38,516 [IPC Server listener on 0] INFO  ipc.Server (Server.java:run(1330)) - Stopping IPC Server listener on 0
2020-06-25 11:03:38,517 [IPC Server Responder] INFO  ipc.Server (Server.java:run(1465)) - Stopping IPC Server Responder
2020-06-25 11:03:38,613 [SCM Heartbeat Processing Thread - 0] WARN  node.NodeStateManager (NodeStateManager.java:scheduleNextHealthCheck(661)) - Current Thread is interrupted, shutting down HB processing thread for Node Manager.
2020-06-25 11:03:38,613 [Listener at 127.0.0.1/10636] INFO  server.StorageContainerManager (StorageContainerManager.java:stop(847)) - Stopping block service RPC server
2020-06-25 11:03:38,613 [Listener at 127.0.0.1/10636] INFO  server.SCMBlockProtocolServer (SCMBlockProtocolServer.java:stop(158)) - Stopping the RPC server for Block Protocol
2020-06-25 11:03:38,614 [Listener at 127.0.0.1/10636] INFO  ipc.Server (Server.java:stop(3359)) - Stopping server on 45839
2020-06-25 11:03:38,615 [IPC Server listener on 0] INFO  ipc.Server (Server.java:run(1330)) - Stopping IPC Server listener on 0
2020-06-25 11:03:38,622 [IPC Server Responder] INFO  ipc.Server (Server.java:run(1465)) - Stopping IPC Server Responder
2020-06-25 11:03:38,622 [Listener at 127.0.0.1/10636] INFO  server.StorageContainerManager (StorageContainerManager.java:stop(854)) - Stopping the StorageContainerLocationProtocol RPC server
2020-06-25 11:03:38,622 [Listener at 127.0.0.1/10636] INFO  server.SCMClientProtocolServer (SCMClientProtocolServer.java:stop(165)) - Stopping the RPC server for Client Protocol
2020-06-25 11:03:38,623 [Listener at 127.0.0.1/10636] INFO  ipc.Server (Server.java:stop(3359)) - Stopping server on 45725
2020-06-25 11:03:38,625 [IPC Server Responder] INFO  ipc.Server (Server.java:run(1465)) - Stopping IPC Server Responder
2020-06-25 11:03:38,625 [Listener at 127.0.0.1/10636] INFO  server.StorageContainerManager (StorageContainerManager.java:stop(861)) - Stopping Storage Container Manager HTTP server.
2020-06-25 11:03:38,632 [IPC Server listener on 0] INFO  ipc.Server (Server.java:run(1330)) - Stopping IPC Server listener on 0
2020-06-25 11:03:38,633 [Listener at 127.0.0.1/10636] INFO  handler.ContextHandler (ContextHandler.java:doStop(1016)) - Stopped o.e.j.w.WebAppContext@c1724e9{scm,/,null,UNAVAILABLE}{file:/github/workspace/mnt/ozone/hadoop-ozone/integration-test/target/test-classes/webapps/scm}
2020-06-25 11:03:38,633 [Listener at 127.0.0.1/10636] INFO  server.AbstractConnector (AbstractConnector.java:doStop(380)) - Stopped ServerConnector@137f9de7{HTTP/1.1,[http/1.1]}{0.0.0.0:0}
2020-06-25 11:03:38,633 [Listener at 127.0.0.1/10636] INFO  server.session (HouseKeeper.java:stopScavenging(158)) - node0 Stopped scavenging
2020-06-25 11:03:38,633 [Listener at 127.0.0.1/10636] INFO  handler.ContextHandler (ContextHandler.java:doStop(1016)) - Stopped o.e.j.s.ServletContextHandler@69d5d33b{static,/static,file:///github/workspace/mnt/ozone/hadoop-ozone/integration-test/target/test-classes/webapps/static,UNAVAILABLE}
2020-06-25 11:03:38,634 [Listener at 127.0.0.1/10636] INFO  handler.ContextHandler (ContextHandler.java:doStop(1016)) - Stopped o.e.j.s.ServletContextHandler@124c5281{logs,/logs,file:///github/workspace/mnt/ozone/hadoop-ozone/integration-test/target/log,UNAVAILABLE}
2020-06-25 11:03:38,634 [Listener at 127.0.0.1/10636] INFO  server.StorageContainerManager (StorageContainerManager.java:stop(872)) - Stopping Block Manager Service.
2020-06-25 11:03:38,635 [Listener at 127.0.0.1/10636] INFO  utils.BackgroundService (BackgroundService.java:shutdown(157)) - Shutting down service SCMBlockDeletingService
2020-06-25 11:03:38,635 [Listener at 127.0.0.1/10636] INFO  utils.BackgroundService (BackgroundService.java:shutdown(157)) - Shutting down service SCMBlockDeletingService
2020-06-25 11:03:38,635 [Listener at 127.0.0.1/10636] INFO  server.StorageContainerManager (StorageContainerManager.java:stop(897)) - Stopping SCM Event Queue.
2020-06-25 11:03:38,638 [Listener at 127.0.0.1/10636] INFO  impl.MetricsSystemImpl (MetricsSystemImpl.java:stop(210)) - Stopping HddsDatanode metrics system...
2020-06-25 11:03:38,641 [Listener at 127.0.0.1/10636] INFO  impl.MetricsSystemImpl (MetricsSystemImpl.java:stop(216)) - HddsDatanode metrics system stopped.
]]></system-out>
    <system-err><![CDATA[Jun 25, 2020 11:02:51 AM org.apache.ratis.thirdparty.io.grpc.internal.ManagedChannelOrphanWrapper$ManagedChannelReference cleanQueue
SEVERE: *~*~*~ Channel ManagedChannelImpl{logId=227, target=172.17.0.2:33841} was not shutdown properly!!! ~*~*~*
    Make sure to call shutdown()/shutdownNow() and wait until awaitTermination() returns true.
java.lang.RuntimeException: ManagedChannel allocation site
	at org.apache.ratis.thirdparty.io.grpc.internal.ManagedChannelOrphanWrapper$ManagedChannelReference.<init>(ManagedChannelOrphanWrapper.java:94)
	at org.apache.ratis.thirdparty.io.grpc.internal.ManagedChannelOrphanWrapper.<init>(ManagedChannelOrphanWrapper.java:52)
	at org.apache.ratis.thirdparty.io.grpc.internal.ManagedChannelOrphanWrapper.<init>(ManagedChannelOrphanWrapper.java:43)
	at org.apache.ratis.thirdparty.io.grpc.internal.AbstractManagedChannelImplBuilder.build(AbstractManagedChannelImplBuilder.java:518)
	at org.apache.ratis.grpc.client.GrpcClientProtocolClient.<init>(GrpcClientProtocolClient.java:129)
	at org.apache.ratis.grpc.client.GrpcClientRpc.lambda$new$0(GrpcClientRpc.java:55)
	at org.apache.ratis.util.PeerProxyMap$PeerAndProxy.lambda$getProxy$0(PeerProxyMap.java:62)
	at org.apache.ratis.util.LifeCycle.startAndTransition(LifeCycle.java:214)
	at org.apache.ratis.util.PeerProxyMap$PeerAndProxy.getProxy(PeerProxyMap.java:61)
	at org.apache.ratis.util.PeerProxyMap.getProxy(PeerProxyMap.java:109)
	at org.apache.ratis.grpc.client.GrpcClientRpc.sendRequestAsync(GrpcClientRpc.java:66)
	at org.apache.ratis.client.impl.OrderedAsync.sendRequest(OrderedAsync.java:233)
	at org.apache.ratis.client.impl.OrderedAsync.sendRequestWithRetry(OrderedAsync.java:187)
	at org.apache.ratis.util.SlidingWindow$Client.sendOrDelayRequest(SlidingWindow.java:278)
	at org.apache.ratis.util.SlidingWindow$Client.submitNewRequest(SlidingWindow.java:257)
	at org.apache.ratis.client.impl.OrderedAsync.send(OrderedAsync.java:168)
	at org.apache.ratis.client.impl.OrderedAsync.newInstance(OrderedAsync.java:117)
	at org.apache.ratis.client.impl.RaftClientImpl.lambda$new$0(RaftClientImpl.java:127)
	at org.apache.ratis.util.MemoizedSupplier.get(MemoizedSupplier.java:62)
	at org.apache.ratis.client.impl.RaftClientImpl.getOrderedAsync(RaftClientImpl.java:150)
	at org.apache.ratis.client.impl.RaftClientImpl.sendAsync(RaftClientImpl.java:188)
	at org.apache.ratis.client.impl.RaftClientImpl.sendAsync(RaftClientImpl.java:160)
	at org.apache.hadoop.hdds.scm.XceiverClientRatis.lambda$sendRequestAsync$3(XceiverClientRatis.java:224)
	at org.apache.hadoop.hdds.tracing.TracingUtil.executeInNewSpan(TracingUtil.java:159)
	at org.apache.hadoop.hdds.scm.XceiverClientRatis.sendRequestAsync(XceiverClientRatis.java:209)
	at org.apache.hadoop.hdds.scm.XceiverClientRatis.sendCommandAsync(XceiverClientRatis.java:305)
	at org.apache.hadoop.hdds.scm.storage.ContainerProtocolCalls.writeChunkAsync(ContainerProtocolCalls.java:318)
	at org.apache.hadoop.hdds.scm.storage.BlockOutputStream.writeChunkToContainer(BlockOutputStream.java:632)
	at org.apache.hadoop.hdds.scm.storage.BlockOutputStream.writeChunk(BlockOutputStream.java:473)
	at org.apache.hadoop.hdds.scm.storage.BlockOutputStream.handleFlush(BlockOutputStream.java:487)
	at org.apache.hadoop.hdds.scm.storage.BlockOutputStream.close(BlockOutputStream.java:514)
	at org.apache.hadoop.ozone.client.io.BlockOutputStreamEntry.close(BlockOutputStreamEntry.java:149)
	at org.apache.hadoop.ozone.client.io.KeyOutputStream.handleStreamAction(KeyOutputStream.java:483)
	at org.apache.hadoop.ozone.client.io.KeyOutputStream.handleFlushOrClose(KeyOutputStream.java:457)
	at org.apache.hadoop.ozone.client.io.KeyOutputStream.close(KeyOutputStream.java:510)
	at org.apache.hadoop.ozone.client.io.OzoneOutputStream.close(OzoneOutputStream.java:60)
	at org.apache.hadoop.ozone.om.TestOzoneManagerHAWithData.testCreateFile(TestOzoneManagerHAWithData.java:272)
	at org.apache.hadoop.ozone.om.TestOzoneManagerHAWithData.testFileOperationsWithRecursive(TestOzoneManagerHAWithData.java:123)
	at sun.reflect.NativeMethodAccessorImpl.invoke0(Native Method)
	at sun.reflect.NativeMethodAccessorImpl.invoke(NativeMethodAccessorImpl.java:62)
	at sun.reflect.DelegatingMethodAccessorImpl.invoke(DelegatingMethodAccessorImpl.java:43)
	at java.lang.reflect.Method.invoke(Method.java:498)
	at org.junit.runners.model.FrameworkMethod$1.runReflectiveCall(FrameworkMethod.java:47)
	at org.junit.internal.runners.model.ReflectiveCallable.run(ReflectiveCallable.java:12)
	at org.junit.runners.model.FrameworkMethod.invokeExplosively(FrameworkMethod.java:44)
	at org.junit.internal.runners.statements.InvokeMethod.evaluate(InvokeMethod.java:17)
	at org.junit.internal.runners.statements.RunBefores.evaluate(RunBefores.java:26)
	at org.junit.internal.runners.statements.RunAfters.evaluate(RunAfters.java:27)
	at org.junit.rules.ExpectedException$ExpectedExceptionStatement.evaluate(ExpectedException.java:168)
	at org.junit.internal.runners.statements.FailOnTimeout$StatementThread.run(FailOnTimeout.java:74)

Jun 25, 2020 11:02:51 AM org.apache.ratis.thirdparty.io.grpc.internal.ManagedChannelOrphanWrapper$ManagedChannelReference cleanQueue
SEVERE: *~*~*~ Channel ManagedChannelImpl{logId=237, target=172.17.0.2:44467} was not shutdown properly!!! ~*~*~*
    Make sure to call shutdown()/shutdownNow() and wait until awaitTermination() returns true.
java.lang.RuntimeException: ManagedChannel allocation site
	at org.apache.ratis.thirdparty.io.grpc.internal.ManagedChannelOrphanWrapper$ManagedChannelReference.<init>(ManagedChannelOrphanWrapper.java:94)
	at org.apache.ratis.thirdparty.io.grpc.internal.ManagedChannelOrphanWrapper.<init>(ManagedChannelOrphanWrapper.java:52)
	at org.apache.ratis.thirdparty.io.grpc.internal.ManagedChannelOrphanWrapper.<init>(ManagedChannelOrphanWrapper.java:43)
	at org.apache.ratis.thirdparty.io.grpc.internal.AbstractManagedChannelImplBuilder.build(AbstractManagedChannelImplBuilder.java:518)
	at org.apache.ratis.grpc.client.GrpcClientProtocolClient.<init>(GrpcClientProtocolClient.java:129)
	at org.apache.ratis.grpc.client.GrpcClientRpc.lambda$new$0(GrpcClientRpc.java:55)
	at org.apache.ratis.util.PeerProxyMap$PeerAndProxy.lambda$getProxy$0(PeerProxyMap.java:62)
	at org.apache.ratis.util.LifeCycle.startAndTransition(LifeCycle.java:214)
	at org.apache.ratis.util.PeerProxyMap$PeerAndProxy.getProxy(PeerProxyMap.java:61)
	at org.apache.ratis.util.PeerProxyMap.getProxy(PeerProxyMap.java:109)
	at org.apache.ratis.grpc.client.GrpcClientRpc.sendRequestAsync(GrpcClientRpc.java:66)
	at org.apache.ratis.client.impl.OrderedAsync.sendRequest(OrderedAsync.java:233)
	at org.apache.ratis.client.impl.OrderedAsync.sendRequestWithRetry(OrderedAsync.java:187)
	at org.apache.ratis.util.SlidingWindow$Client.sendOrDelayRequest(SlidingWindow.java:278)
	at org.apache.ratis.util.SlidingWindow$Client.submitNewRequest(SlidingWindow.java:257)
	at org.apache.ratis.client.impl.OrderedAsync.send(OrderedAsync.java:168)
	at org.apache.ratis.client.impl.OrderedAsync.newInstance(OrderedAsync.java:117)
	at org.apache.ratis.client.impl.RaftClientImpl.lambda$new$0(RaftClientImpl.java:127)
	at org.apache.ratis.util.MemoizedSupplier.get(MemoizedSupplier.java:62)
	at org.apache.ratis.client.impl.RaftClientImpl.getOrderedAsync(RaftClientImpl.java:150)
	at org.apache.ratis.client.impl.RaftClientImpl.sendAsync(RaftClientImpl.java:188)
	at org.apache.ratis.client.impl.RaftClientImpl.sendAsync(RaftClientImpl.java:160)
	at org.apache.hadoop.hdds.scm.XceiverClientRatis.lambda$sendRequestAsync$3(XceiverClientRatis.java:224)
	at org.apache.hadoop.hdds.tracing.TracingUtil.executeInNewSpan(TracingUtil.java:159)
	at org.apache.hadoop.hdds.scm.XceiverClientRatis.sendRequestAsync(XceiverClientRatis.java:209)
	at org.apache.hadoop.hdds.scm.XceiverClientRatis.sendCommandAsync(XceiverClientRatis.java:305)
	at org.apache.hadoop.hdds.scm.storage.ContainerProtocolCalls.writeChunkAsync(ContainerProtocolCalls.java:318)
	at org.apache.hadoop.hdds.scm.storage.BlockOutputStream.writeChunkToContainer(BlockOutputStream.java:632)
	at org.apache.hadoop.hdds.scm.storage.BlockOutputStream.writeChunk(BlockOutputStream.java:473)
	at org.apache.hadoop.hdds.scm.storage.BlockOutputStream.handleFlush(BlockOutputStream.java:487)
	at org.apache.hadoop.hdds.scm.storage.BlockOutputStream.close(BlockOutputStream.java:514)
	at org.apache.hadoop.ozone.client.io.BlockOutputStreamEntry.close(BlockOutputStreamEntry.java:149)
	at org.apache.hadoop.ozone.client.io.KeyOutputStream.handleStreamAction(KeyOutputStream.java:483)
	at org.apache.hadoop.ozone.client.io.KeyOutputStream.handleFlushOrClose(KeyOutputStream.java:457)
	at org.apache.hadoop.ozone.client.io.KeyOutputStream.close(KeyOutputStream.java:510)
	at org.apache.hadoop.ozone.client.io.OzoneOutputStream.close(OzoneOutputStream.java:60)
	at org.apache.hadoop.ozone.om.TestOzoneManagerHAWithData.testCreateFile(TestOzoneManagerHAWithData.java:272)
	at org.apache.hadoop.ozone.om.TestOzoneManagerHAWithData.testFileOperationsWithRecursive(TestOzoneManagerHAWithData.java:127)
	at sun.reflect.NativeMethodAccessorImpl.invoke0(Native Method)
	at sun.reflect.NativeMethodAccessorImpl.invoke(NativeMethodAccessorImpl.java:62)
	at sun.reflect.DelegatingMethodAccessorImpl.invoke(DelegatingMethodAccessorImpl.java:43)
	at java.lang.reflect.Method.invoke(Method.java:498)
	at org.junit.runners.model.FrameworkMethod$1.runReflectiveCall(FrameworkMethod.java:47)
	at org.junit.internal.runners.model.ReflectiveCallable.run(ReflectiveCallable.java:12)
	at org.junit.runners.model.FrameworkMethod.invokeExplosively(FrameworkMethod.java:44)
	at org.junit.internal.runners.statements.InvokeMethod.evaluate(InvokeMethod.java:17)
	at org.junit.internal.runners.statements.RunBefores.evaluate(RunBefores.java:26)
	at org.junit.internal.runners.statements.RunAfters.evaluate(RunAfters.java:27)
	at org.junit.rules.ExpectedException$ExpectedExceptionStatement.evaluate(ExpectedException.java:168)
	at org.junit.internal.runners.statements.FailOnTimeout$StatementThread.run(FailOnTimeout.java:74)

Jun 25, 2020 11:02:51 AM org.apache.ratis.thirdparty.io.grpc.internal.ManagedChannelOrphanWrapper$ManagedChannelReference cleanQueue
SEVERE: *~*~*~ Channel ManagedChannelImpl{logId=232, target=172.17.0.2:45793} was not shutdown properly!!! ~*~*~*
    Make sure to call shutdown()/shutdownNow() and wait until awaitTermination() returns true.
java.lang.RuntimeException: ManagedChannel allocation site
	at org.apache.ratis.thirdparty.io.grpc.internal.ManagedChannelOrphanWrapper$ManagedChannelReference.<init>(ManagedChannelOrphanWrapper.java:94)
	at org.apache.ratis.thirdparty.io.grpc.internal.ManagedChannelOrphanWrapper.<init>(ManagedChannelOrphanWrapper.java:52)
	at org.apache.ratis.thirdparty.io.grpc.internal.ManagedChannelOrphanWrapper.<init>(ManagedChannelOrphanWrapper.java:43)
	at org.apache.ratis.thirdparty.io.grpc.internal.AbstractManagedChannelImplBuilder.build(AbstractManagedChannelImplBuilder.java:518)
	at org.apache.hadoop.hdds.scm.XceiverClientGrpc.connectToDatanode(XceiverClientGrpc.java:193)
	at org.apache.hadoop.hdds.scm.XceiverClientGrpc.connect(XceiverClientGrpc.java:142)
	at org.apache.hadoop.hdds.scm.XceiverClientManager$2.call(XceiverClientManager.java:246)
	at org.apache.hadoop.hdds.scm.XceiverClientManager$2.call(XceiverClientManager.java:230)
	at com.google.common.cache.LocalCache$LocalManualCache$1.load(LocalCache.java:4876)
	at com.google.common.cache.LocalCache$LoadingValueReference.loadFuture(LocalCache.java:3529)
	at com.google.common.cache.LocalCache$Segment.loadSync(LocalCache.java:2278)
	at com.google.common.cache.LocalCache$Segment.lockedGetOrLoad(LocalCache.java:2155)
	at com.google.common.cache.LocalCache$Segment.get(LocalCache.java:2045)
	at com.google.common.cache.LocalCache.get(LocalCache.java:3951)
	at com.google.common.cache.LocalCache$LocalManualCache.get(LocalCache.java:4871)
	at org.apache.hadoop.hdds.scm.XceiverClientManager.getClient(XceiverClientManager.java:230)
	at org.apache.hadoop.hdds.scm.XceiverClientManager.acquireClient(XceiverClientManager.java:176)
	at org.apache.hadoop.hdds.scm.XceiverClientManager.acquireClientForReadData(XceiverClientManager.java:165)
	at org.apache.hadoop.hdds.scm.storage.BlockInputStream.getChunkInfos(BlockInputStream.java:184)
	at org.apache.hadoop.hdds.scm.storage.BlockInputStream.initialize(BlockInputStream.java:133)
	at org.apache.hadoop.hdds.scm.storage.BlockInputStream.read(BlockInputStream.java:254)
	at org.apache.hadoop.ozone.client.io.KeyInputStream.read(KeyInputStream.java:199)
	at org.apache.hadoop.ozone.client.io.OzoneInputStream.read(OzoneInputStream.java:47)
	at java.io.InputStream.read(InputStream.java:101)
	at org.apache.hadoop.ozone.om.TestOzoneManagerHAWithData.testCreateFile(TestOzoneManagerHAWithData.java:285)
	at org.apache.hadoop.ozone.om.TestOzoneManagerHAWithData.testFileOperationsWithRecursive(TestOzoneManagerHAWithData.java:123)
	at sun.reflect.NativeMethodAccessorImpl.invoke0(Native Method)
	at sun.reflect.NativeMethodAccessorImpl.invoke(NativeMethodAccessorImpl.java:62)
	at sun.reflect.DelegatingMethodAccessorImpl.invoke(DelegatingMethodAccessorImpl.java:43)
	at java.lang.reflect.Method.invoke(Method.java:498)
	at org.junit.runners.model.FrameworkMethod$1.runReflectiveCall(FrameworkMethod.java:47)
	at org.junit.internal.runners.model.ReflectiveCallable.run(ReflectiveCallable.java:12)
	at org.junit.runners.model.FrameworkMethod.invokeExplosively(FrameworkMethod.java:44)
	at org.junit.internal.runners.statements.InvokeMethod.evaluate(InvokeMethod.java:17)
	at org.junit.internal.runners.statements.RunBefores.evaluate(RunBefores.java:26)
	at org.junit.internal.runners.statements.RunAfters.evaluate(RunAfters.java:27)
	at org.junit.rules.ExpectedException$ExpectedExceptionStatement.evaluate(ExpectedException.java:168)
	at org.junit.internal.runners.statements.FailOnTimeout$StatementThread.run(FailOnTimeout.java:74)

Jun 25, 2020 11:02:51 AM org.apache.ratis.thirdparty.io.grpc.internal.ManagedChannelOrphanWrapper$ManagedChannelReference cleanQueue
SEVERE: *~*~*~ Channel ManagedChannelImpl{logId=242, target=172.17.0.2:35687} was not shutdown properly!!! ~*~*~*
    Make sure to call shutdown()/shutdownNow() and wait until awaitTermination() returns true.
java.lang.RuntimeException: ManagedChannel allocation site
	at org.apache.ratis.thirdparty.io.grpc.internal.ManagedChannelOrphanWrapper$ManagedChannelReference.<init>(ManagedChannelOrphanWrapper.java:94)
	at org.apache.ratis.thirdparty.io.grpc.internal.ManagedChannelOrphanWrapper.<init>(ManagedChannelOrphanWrapper.java:52)
	at org.apache.ratis.thirdparty.io.grpc.internal.ManagedChannelOrphanWrapper.<init>(ManagedChannelOrphanWrapper.java:43)
	at org.apache.ratis.thirdparty.io.grpc.internal.AbstractManagedChannelImplBuilder.build(AbstractManagedChannelImplBuilder.java:518)
	at org.apache.hadoop.hdds.scm.XceiverClientGrpc.connectToDatanode(XceiverClientGrpc.java:193)
	at org.apache.hadoop.hdds.scm.XceiverClientGrpc.connect(XceiverClientGrpc.java:142)
	at org.apache.hadoop.hdds.scm.XceiverClientManager$2.call(XceiverClientManager.java:246)
	at org.apache.hadoop.hdds.scm.XceiverClientManager$2.call(XceiverClientManager.java:230)
	at com.google.common.cache.LocalCache$LocalManualCache$1.load(LocalCache.java:4876)
	at com.google.common.cache.LocalCache$LoadingValueReference.loadFuture(LocalCache.java:3529)
	at com.google.common.cache.LocalCache$Segment.loadSync(LocalCache.java:2278)
	at com.google.common.cache.LocalCache$Segment.lockedGetOrLoad(LocalCache.java:2155)
	at com.google.common.cache.LocalCache$Segment.get(LocalCache.java:2045)
	at com.google.common.cache.LocalCache.get(LocalCache.java:3951)
	at com.google.common.cache.LocalCache$LocalManualCache.get(LocalCache.java:4871)
	at org.apache.hadoop.hdds.scm.XceiverClientManager.getClient(XceiverClientManager.java:230)
	at org.apache.hadoop.hdds.scm.XceiverClientManager.acquireClient(XceiverClientManager.java:176)
	at org.apache.hadoop.hdds.scm.XceiverClientManager.acquireClientForReadData(XceiverClientManager.java:165)
	at org.apache.hadoop.hdds.scm.storage.BlockInputStream.getChunkInfos(BlockInputStream.java:184)
	at org.apache.hadoop.hdds.scm.storage.BlockInputStream.initialize(BlockInputStream.java:133)
	at org.apache.hadoop.hdds.scm.storage.BlockInputStream.read(BlockInputStream.java:254)
	at org.apache.hadoop.ozone.client.io.KeyInputStream.read(KeyInputStream.java:199)
	at org.apache.hadoop.ozone.client.io.OzoneInputStream.read(OzoneInputStream.java:47)
	at java.io.InputStream.read(InputStream.java:101)
	at org.apache.hadoop.ozone.om.TestOzoneManagerHAWithData.testCreateFile(TestOzoneManagerHAWithData.java:285)
	at org.apache.hadoop.ozone.om.TestOzoneManagerHAWithData.testFileOperationsWithRecursive(TestOzoneManagerHAWithData.java:127)
	at sun.reflect.NativeMethodAccessorImpl.invoke0(Native Method)
	at sun.reflect.NativeMethodAccessorImpl.invoke(NativeMethodAccessorImpl.java:62)
	at sun.reflect.DelegatingMethodAccessorImpl.invoke(DelegatingMethodAccessorImpl.java:43)
	at java.lang.reflect.Method.invoke(Method.java:498)
	at org.junit.runners.model.FrameworkMethod$1.runReflectiveCall(FrameworkMethod.java:47)
	at org.junit.internal.runners.model.ReflectiveCallable.run(ReflectiveCallable.java:12)
	at org.junit.runners.model.FrameworkMethod.invokeExplosively(FrameworkMethod.java:44)
	at org.junit.internal.runners.statements.InvokeMethod.evaluate(InvokeMethod.java:17)
	at org.junit.internal.runners.statements.RunBefores.evaluate(RunBefores.java:26)
	at org.junit.internal.runners.statements.RunAfters.evaluate(RunAfters.java:27)
	at org.junit.rules.ExpectedException$ExpectedExceptionStatement.evaluate(ExpectedException.java:168)
	at org.junit.internal.runners.statements.FailOnTimeout$StatementThread.run(FailOnTimeout.java:74)

Jun 25, 2020 11:02:51 AM org.apache.ratis.thirdparty.io.grpc.internal.ManagedChannelOrphanWrapper$ManagedChannelReference cleanQueue
SEVERE: *~*~*~ Channel ManagedChannelImpl{logId=83, target=172.17.0.2:35751} was not shutdown properly!!! ~*~*~*
    Make sure to call shutdown()/shutdownNow() and wait until awaitTermination() returns true.
java.lang.RuntimeException: ManagedChannel allocation site
	at org.apache.ratis.thirdparty.io.grpc.internal.ManagedChannelOrphanWrapper$ManagedChannelReference.<init>(ManagedChannelOrphanWrapper.java:94)
	at org.apache.ratis.thirdparty.io.grpc.internal.ManagedChannelOrphanWrapper.<init>(ManagedChannelOrphanWrapper.java:52)
	at org.apache.ratis.thirdparty.io.grpc.internal.ManagedChannelOrphanWrapper.<init>(ManagedChannelOrphanWrapper.java:43)
	at org.apache.ratis.thirdparty.io.grpc.internal.AbstractManagedChannelImplBuilder.build(AbstractManagedChannelImplBuilder.java:518)
	at org.apache.hadoop.hdds.scm.XceiverClientGrpc.connectToDatanode(XceiverClientGrpc.java:193)
	at org.apache.hadoop.hdds.scm.XceiverClientGrpc.connect(XceiverClientGrpc.java:142)
	at org.apache.hadoop.hdds.scm.XceiverClientManager$2.call(XceiverClientManager.java:246)
	at org.apache.hadoop.hdds.scm.XceiverClientManager$2.call(XceiverClientManager.java:230)
	at com.google.common.cache.LocalCache$LocalManualCache$1.load(LocalCache.java:4876)
	at com.google.common.cache.LocalCache$LoadingValueReference.loadFuture(LocalCache.java:3529)
	at com.google.common.cache.LocalCache$Segment.loadSync(LocalCache.java:2278)
	at com.google.common.cache.LocalCache$Segment.lockedGetOrLoad(LocalCache.java:2155)
	at com.google.common.cache.LocalCache$Segment.get(LocalCache.java:2045)
	at com.google.common.cache.LocalCache.get(LocalCache.java:3951)
	at com.google.common.cache.LocalCache$LocalManualCache.get(LocalCache.java:4871)
	at org.apache.hadoop.hdds.scm.XceiverClientManager.getClient(XceiverClientManager.java:230)
	at org.apache.hadoop.hdds.scm.XceiverClientManager.acquireClient(XceiverClientManager.java:176)
	at org.apache.hadoop.hdds.scm.XceiverClientManager.acquireClientForReadData(XceiverClientManager.java:165)
	at org.apache.hadoop.hdds.scm.storage.BlockInputStream.getChunkInfos(BlockInputStream.java:184)
	at org.apache.hadoop.hdds.scm.storage.BlockInputStream.initialize(BlockInputStream.java:133)
	at org.apache.hadoop.hdds.scm.storage.BlockInputStream.read(BlockInputStream.java:254)
	at org.apache.hadoop.ozone.client.io.KeyInputStream.read(KeyInputStream.java:199)
	at org.apache.hadoop.ozone.client.io.OzoneInputStream.read(OzoneInputStream.java:47)
	at java.io.InputStream.read(InputStream.java:101)
	at org.apache.hadoop.ozone.om.TestOzoneManagerHAWithData.createMultipartKeyAndReadKey(TestOzoneManagerHAWithData.java:390)
	at org.apache.hadoop.ozone.om.TestOzoneManagerHAWithData.testMultipartUpload(TestOzoneManagerHAWithData.java:110)
	at sun.reflect.NativeMethodAccessorImpl.invoke0(Native Method)
	at sun.reflect.NativeMethodAccessorImpl.invoke(NativeMethodAccessorImpl.java:62)
	at sun.reflect.DelegatingMethodAccessorImpl.invoke(DelegatingMethodAccessorImpl.java:43)
	at java.lang.reflect.Method.invoke(Method.java:498)
	at org.junit.runners.model.FrameworkMethod$1.runReflectiveCall(FrameworkMethod.java:47)
	at org.junit.internal.runners.model.ReflectiveCallable.run(ReflectiveCallable.java:12)
	at org.junit.runners.model.FrameworkMethod.invokeExplosively(FrameworkMethod.java:44)
	at org.junit.internal.runners.statements.InvokeMethod.evaluate(InvokeMethod.java:17)
	at org.junit.internal.runners.statements.RunBefores.evaluate(RunBefores.java:26)
	at org.junit.internal.runners.statements.RunAfters.evaluate(RunAfters.java:27)
	at org.junit.rules.ExpectedException$ExpectedExceptionStatement.evaluate(ExpectedException.java:168)
	at org.junit.internal.runners.statements.FailOnTimeout$StatementThread.run(FailOnTimeout.java:74)

Jun 25, 2020 11:02:51 AM org.apache.ratis.thirdparty.io.grpc.internal.ManagedChannelOrphanWrapper$ManagedChannelReference cleanQueue
SEVERE: *~*~*~ Channel ManagedChannelImpl{logId=78, target=172.17.0.2:45563} was not shutdown properly!!! ~*~*~*
    Make sure to call shutdown()/shutdownNow() and wait until awaitTermination() returns true.
java.lang.RuntimeException: ManagedChannel allocation site
	at org.apache.ratis.thirdparty.io.grpc.internal.ManagedChannelOrphanWrapper$ManagedChannelReference.<init>(ManagedChannelOrphanWrapper.java:94)
	at org.apache.ratis.thirdparty.io.grpc.internal.ManagedChannelOrphanWrapper.<init>(ManagedChannelOrphanWrapper.java:52)
	at org.apache.ratis.thirdparty.io.grpc.internal.ManagedChannelOrphanWrapper.<init>(ManagedChannelOrphanWrapper.java:43)
	at org.apache.ratis.thirdparty.io.grpc.internal.AbstractManagedChannelImplBuilder.build(AbstractManagedChannelImplBuilder.java:518)
	at org.apache.ratis.grpc.client.GrpcClientProtocolClient.<init>(GrpcClientProtocolClient.java:129)
	at org.apache.ratis.grpc.client.GrpcClientRpc.lambda$new$0(GrpcClientRpc.java:55)
	at org.apache.ratis.util.PeerProxyMap$PeerAndProxy.lambda$getProxy$0(PeerProxyMap.java:62)
	at org.apache.ratis.util.LifeCycle.startAndTransition(LifeCycle.java:214)
	at org.apache.ratis.util.PeerProxyMap$PeerAndProxy.getProxy(PeerProxyMap.java:61)
	at org.apache.ratis.util.PeerProxyMap.getProxy(PeerProxyMap.java:109)
	at org.apache.ratis.grpc.client.GrpcClientRpc.sendRequestAsync(GrpcClientRpc.java:66)
	at org.apache.ratis.client.impl.OrderedAsync.sendRequest(OrderedAsync.java:233)
	at org.apache.ratis.client.impl.OrderedAsync.sendRequestWithRetry(OrderedAsync.java:187)
	at org.apache.ratis.util.SlidingWindow$Client.sendOrDelayRequest(SlidingWindow.java:278)
	at org.apache.ratis.util.SlidingWindow$Client.submitNewRequest(SlidingWindow.java:257)
	at org.apache.ratis.client.impl.OrderedAsync.send(OrderedAsync.java:168)
	at org.apache.ratis.client.impl.OrderedAsync.newInstance(OrderedAsync.java:117)
	at org.apache.ratis.client.impl.RaftClientImpl.lambda$new$0(RaftClientImpl.java:127)
	at org.apache.ratis.util.MemoizedSupplier.get(MemoizedSupplier.java:62)
	at org.apache.ratis.client.impl.RaftClientImpl.getOrderedAsync(RaftClientImpl.java:150)
	at org.apache.ratis.client.impl.RaftClientImpl.sendAsync(RaftClientImpl.java:188)
	at org.apache.ratis.client.impl.RaftClientImpl.sendAsync(RaftClientImpl.java:160)
	at org.apache.hadoop.hdds.scm.XceiverClientRatis.lambda$sendRequestAsync$3(XceiverClientRatis.java:224)
	at org.apache.hadoop.hdds.tracing.TracingUtil.executeInNewSpan(TracingUtil.java:159)
	at org.apache.hadoop.hdds.scm.XceiverClientRatis.sendRequestAsync(XceiverClientRatis.java:209)
	at org.apache.hadoop.hdds.scm.XceiverClientRatis.sendCommandAsync(XceiverClientRatis.java:305)
	at org.apache.hadoop.hdds.scm.storage.ContainerProtocolCalls.writeChunkAsync(ContainerProtocolCalls.java:318)
	at org.apache.hadoop.hdds.scm.storage.BlockOutputStream.writeChunkToContainer(BlockOutputStream.java:632)
	at org.apache.hadoop.hdds.scm.storage.BlockOutputStream.writeChunk(BlockOutputStream.java:473)
	at org.apache.hadoop.hdds.scm.storage.BlockOutputStream.handleFlush(BlockOutputStream.java:487)
	at org.apache.hadoop.hdds.scm.storage.BlockOutputStream.close(BlockOutputStream.java:514)
	at org.apache.hadoop.ozone.client.io.BlockOutputStreamEntry.close(BlockOutputStreamEntry.java:149)
	at org.apache.hadoop.ozone.client.io.KeyOutputStream.handleStreamAction(KeyOutputStream.java:483)
	at org.apache.hadoop.ozone.client.io.KeyOutputStream.handleFlushOrClose(KeyOutputStream.java:457)
	at org.apache.hadoop.ozone.client.io.KeyOutputStream.close(KeyOutputStream.java:510)
	at org.apache.hadoop.ozone.client.io.OzoneOutputStream.close(OzoneOutputStream.java:60)
	at org.apache.hadoop.ozone.om.TestOzoneManagerHAWithData.createMultipartKeyAndReadKey(TestOzoneManagerHAWithData.java:375)
	at org.apache.hadoop.ozone.om.TestOzoneManagerHAWithData.testMultipartUpload(TestOzoneManagerHAWithData.java:110)
	at sun.reflect.NativeMethodAccessorImpl.invoke0(Native Method)
	at sun.reflect.NativeMethodAccessorImpl.invoke(NativeMethodAccessorImpl.java:62)
	at sun.reflect.DelegatingMethodAccessorImpl.invoke(DelegatingMethodAccessorImpl.java:43)
	at java.lang.reflect.Method.invoke(Method.java:498)
	at org.junit.runners.model.FrameworkMethod$1.runReflectiveCall(FrameworkMethod.java:47)
	at org.junit.internal.runners.model.ReflectiveCallable.run(ReflectiveCallable.java:12)
	at org.junit.runners.model.FrameworkMethod.invokeExplosively(FrameworkMethod.java:44)
	at org.junit.internal.runners.statements.InvokeMethod.evaluate(InvokeMethod.java:17)
	at org.junit.internal.runners.statements.RunBefores.evaluate(RunBefores.java:26)
	at org.junit.internal.runners.statements.RunAfters.evaluate(RunAfters.java:27)
	at org.junit.rules.ExpectedException$ExpectedExceptionStatement.evaluate(ExpectedException.java:168)
	at org.junit.internal.runners.statements.FailOnTimeout$StatementThread.run(FailOnTimeout.java:74)

Jun 25, 2020 11:02:51 AM org.apache.ratis.thirdparty.io.grpc.internal.ManagedChannelOrphanWrapper$ManagedChannelReference cleanQueue
SEVERE: *~*~*~ Channel ManagedChannelImpl{logId=145, target=172.17.0.2:40925} was not shutdown properly!!! ~*~*~*
    Make sure to call shutdown()/shutdownNow() and wait until awaitTermination() returns true.
java.lang.RuntimeException: ManagedChannel allocation site
	at org.apache.ratis.thirdparty.io.grpc.internal.ManagedChannelOrphanWrapper$ManagedChannelReference.<init>(ManagedChannelOrphanWrapper.java:94)
	at org.apache.ratis.thirdparty.io.grpc.internal.ManagedChannelOrphanWrapper.<init>(ManagedChannelOrphanWrapper.java:52)
	at org.apache.ratis.thirdparty.io.grpc.internal.ManagedChannelOrphanWrapper.<init>(ManagedChannelOrphanWrapper.java:43)
	at org.apache.ratis.thirdparty.io.grpc.internal.AbstractManagedChannelImplBuilder.build(AbstractManagedChannelImplBuilder.java:518)
	at org.apache.hadoop.hdds.scm.XceiverClientGrpc.connectToDatanode(XceiverClientGrpc.java:193)
	at org.apache.hadoop.hdds.scm.XceiverClientGrpc.connect(XceiverClientGrpc.java:142)
	at org.apache.hadoop.hdds.scm.XceiverClientManager$2.call(XceiverClientManager.java:246)
	at org.apache.hadoop.hdds.scm.XceiverClientManager$2.call(XceiverClientManager.java:230)
	at com.google.common.cache.LocalCache$LocalManualCache$1.load(LocalCache.java:4876)
	at com.google.common.cache.LocalCache$LoadingValueReference.loadFuture(LocalCache.java:3529)
	at com.google.common.cache.LocalCache$Segment.loadSync(LocalCache.java:2278)
	at com.google.common.cache.LocalCache$Segment.lockedGetOrLoad(LocalCache.java:2155)
	at com.google.common.cache.LocalCache$Segment.get(LocalCache.java:2045)
	at com.google.common.cache.LocalCache.get(LocalCache.java:3951)
	at com.google.common.cache.LocalCache$LocalManualCache.get(LocalCache.java:4871)
	at org.apache.hadoop.hdds.scm.XceiverClientManager.getClient(XceiverClientManager.java:230)
	at org.apache.hadoop.hdds.scm.XceiverClientManager.acquireClient(XceiverClientManager.java:176)
	at org.apache.hadoop.hdds.scm.XceiverClientManager.acquireClient(XceiverClientManager.java:150)
	at org.apache.hadoop.hdds.scm.storage.BlockOutputStream.<init>(BlockOutputStream.java:149)
	at org.apache.hadoop.ozone.client.io.BlockOutputStreamEntry.checkStream(BlockOutputStreamEntry.java:116)
	at org.apache.hadoop.ozone.client.io.BlockOutputStreamEntry.write(BlockOutputStreamEntry.java:134)
	at org.apache.hadoop.ozone.client.io.KeyOutputStream.writeToOutputStream(KeyOutputStream.java:242)
	at org.apache.hadoop.ozone.client.io.KeyOutputStream.handleWrite(KeyOutputStream.java:220)
	at org.apache.hadoop.ozone.client.io.KeyOutputStream.write(KeyOutputStream.java:200)
	at org.apache.hadoop.ozone.client.io.OzoneOutputStream.write(OzoneOutputStream.java:49)
	at org.apache.hadoop.ozone.om.TestOzoneManagerHA.createKey(TestOzoneManagerHA.java:173)
	at org.apache.hadoop.ozone.om.TestOzoneManagerHAWithData.testOMRatisSnapshot(TestOzoneManagerHAWithData.java:481)
	at sun.reflect.NativeMethodAccessorImpl.invoke0(Native Method)
	at sun.reflect.NativeMethodAccessorImpl.invoke(NativeMethodAccessorImpl.java:62)
	at sun.reflect.DelegatingMethodAccessorImpl.invoke(DelegatingMethodAccessorImpl.java:43)
	at java.lang.reflect.Method.invoke(Method.java:498)
	at org.junit.runners.model.FrameworkMethod$1.runReflectiveCall(FrameworkMethod.java:47)
	at org.junit.internal.runners.model.ReflectiveCallable.run(ReflectiveCallable.java:12)
	at org.junit.runners.model.FrameworkMethod.invokeExplosively(FrameworkMethod.java:44)
	at org.junit.internal.runners.statements.InvokeMethod.evaluate(InvokeMethod.java:17)
	at org.junit.internal.runners.statements.RunBefores.evaluate(RunBefores.java:26)
	at org.junit.internal.runners.statements.RunAfters.evaluate(RunAfters.java:27)
	at org.junit.rules.ExpectedException$ExpectedExceptionStatement.evaluate(ExpectedException.java:168)
	at org.junit.internal.runners.statements.FailOnTimeout$StatementThread.run(FailOnTimeout.java:74)

]]></system-err>
  </testcase>
  <testcase name="testKeysDelete" classname="org.apache.hadoop.ozone.om.TestOzoneManagerHAWithData" time="33.366"/>
  <testcase name="testAllOMNodesRunning" classname="org.apache.hadoop.ozone.om.TestOzoneManagerHAWithData" time="24.215"/>
  <testcase name="testIncrementalWaitTimeWithSameNodeFailover" classname="org.apache.hadoop.ozone.om.TestOzoneManagerHAWithData" time="27.27"/>
  <testcase name="testListParts" classname="org.apache.hadoop.ozone.om.TestOzoneManagerHAWithData" time="28.438"/>
  <testcase name="testFileOperationsWithNonRecursive" classname="org.apache.hadoop.ozone.om.TestOzoneManagerHAWithData" time="24.627"/>
  <testcase name="testOneOMNodeDown" classname="org.apache.hadoop.ozone.om.TestOzoneManagerHAWithData" time="28.45"/>
  <testcase name="testTwoOMNodesDown" classname="org.apache.hadoop.ozone.om.TestOzoneManagerHAWithData" time="0">
    <skipped message="This test is failing randomly. It will be enabled after fixing it."/>
  </testcase>
  <testcase name="testOMRestart" classname="org.apache.hadoop.ozone.om.TestOzoneManagerHAWithData" time="30.043"/>
</testsuite>