<?xml version="1.0" encoding="UTF-8"?>
<testsuite xmlns:xsi="http://www.w3.org/2001/XMLSchema-instance" xsi:noNamespaceSchemaLocation="https://maven.apache.org/surefire/maven-surefire-plugin/xsd/surefire-test-report.xsd" name="org.apache.hadoop.hdds.scm.pipeline.TestPipelineClose" time="137.371" tests="4" errors="0" skipped="0" failures="1">
  <properties>
    <property name="awt.toolkit" value="sun.awt.X11.XToolkit"/>
    <property name="file.encoding.pkg" value="sun.io"/>
    <property name="java.specification.version" value="1.8"/>
    <property name="sun.cpu.isalist" value=""/>
    <property name="sun.jnu.encoding" value="UTF-8"/>
    <property name="java.class.path" value="/home/runner/work/ozone/ozone/hadoop-ozone/integration-test/target/test-classes:/home/runner/work/ozone/ozone/hadoop-ozone/integration-test/target/classes:/home/runner/.m2/repository/org/apache/ozone/ozone-common/1.2.0-SNAPSHOT/ozone-common-1.2.0-SNAPSHOT.jar:/home/runner/.m2/repository/org/apache/commons/commons-compress/1.20/commons-compress-1.20.jar:/home/runner/.m2/repository/org/apache/ozone/hdds-common/1.2.0-SNAPSHOT/hdds-common-1.2.0-SNAPSHOT.jar:/home/runner/.m2/repository/org/apache/ozone/hdds-client/1.2.0-SNAPSHOT/hdds-client-1.2.0-SNAPSHOT.jar:/home/runner/.m2/repository/org/apache/ozone/ozone-interface-client/1.2.0-SNAPSHOT/ozone-interface-client-1.2.0-SNAPSHOT.jar:/home/runner/.m2/repository/org/apache/ozone/hdds-server-framework/1.2.0-SNAPSHOT/hdds-server-framework-1.2.0-SNAPSHOT.jar:/home/runner/.m2/repository/org/apache/ozone/hdds-interface-server/1.2.0-SNAPSHOT/hdds-interface-server-1.2.0-SNAPSHOT.jar:/home/runner/.m2/repository/org/eclipse/jetty/jetty-servlet/9.4.43.v20210629/jetty-servlet-9.4.43.v20210629.jar:/home/runner/.m2/repository/org/eclipse/jetty/jetty-security/9.4.43.v20210629/jetty-security-9.4.43.v20210629.jar:/home/runner/.m2/repository/org/rocksdb/rocksdbjni/6.20.3/rocksdbjni-6.20.3.jar:/home/runner/.m2/repository/io/prometheus/simpleclient_dropwizard/0.7.0/simpleclient_dropwizard-0.7.0.jar:/home/runner/.m2/repository/io/prometheus/simpleclient/0.7.0/simpleclient-0.7.0.jar:/home/runner/.m2/repository/io/prometheus/simpleclient_common/0.7.0/simpleclient_common-0.7.0.jar:/home/runner/.m2/repository/com/fasterxml/jackson/datatype/jackson-datatype-jsr310/2.12.1/jackson-datatype-jsr310-2.12.1.jar:/home/runner/.m2/repository/org/apache/ozone/hdds-test-utils/1.2.0-SNAPSHOT/hdds-test-utils-1.2.0-SNAPSHOT.jar:/home/runner/.m2/repository/com/google/guava/guava/30.1.1-jre/guava-30.1.1-jre.jar:/home/runner/.m2/repository/com/google/guava/failureaccess/1.0.1/failureaccess-1.0.1.jar:/home/runner/.m2/repository/com/google/guava/listenablefuture/9999.0-empty-to-avoid-conflict-with-guava/listenablefuture-9999.0-empty-to-avoid-conflict-with-guava.jar:/home/runner/.m2/repository/com/google/code/findbugs/jsr305/3.0.0/jsr305-3.0.0.jar:/home/runner/.m2/repository/org/checkerframework/checker-qual/3.8.0/checker-qual-3.8.0.jar:/home/runner/.m2/repository/com/google/errorprone/error_prone_annotations/2.2.0/error_prone_annotations-2.2.0.jar:/home/runner/.m2/repository/com/google/j2objc/j2objc-annotations/1.3/j2objc-annotations-1.3.jar:/home/runner/.m2/repository/commons-io/commons-io/2.8.0/commons-io-2.8.0.jar:/home/runner/.m2/repository/commons-logging/commons-logging/1.2/commons-logging-1.2.jar:/home/runner/.m2/repository/log4j/log4j/1.2.17/log4j-1.2.17.jar:/home/runner/.m2/repository/org/slf4j/slf4j-api/1.7.30/slf4j-api-1.7.30.jar:/home/runner/.m2/repository/org/apache/ozone/hdds-server-scm/1.2.0-SNAPSHOT/hdds-server-scm-1.2.0-SNAPSHOT.jar:/home/runner/.m2/repository/org/apache/ozone/hdds-container-service/1.2.0-SNAPSHOT/hdds-container-service-1.2.0-SNAPSHOT.jar:/home/runner/.m2/repository/org/apache/ozone/hdds-hadoop-dependency-server/1.2.0-SNAPSHOT/hdds-hadoop-dependency-server-1.2.0-SNAPSHOT.jar:/home/runner/.m2/repository/org/apache/hadoop/hadoop-hdfs/3.3.1/hadoop-hdfs-3.3.1.jar:/home/runner/.m2/repository/io/dropwizard/metrics/metrics-core/3.2.4/metrics-core-3.2.4.jar:/home/runner/.m2/repository/org/apache/hadoop/hadoop-hdfs-client/3.3.1/hadoop-hdfs-client-3.3.1.jar:/home/runner/.m2/repository/org/bouncycastle/bcprov-jdk15on/1.67/bcprov-jdk15on-1.67.jar:/home/runner/.m2/repository/com/google/protobuf/protobuf-java/2.5.0/protobuf-java-2.5.0.jar:/home/runner/.m2/repository/org/apache/ozone/ozone-manager/1.2.0-SNAPSHOT/ozone-manager-1.2.0-SNAPSHOT.jar:/home/runner/.m2/repository/org/aspectj/aspectjrt/1.8.9/aspectjrt-1.8.9.jar:/home/runner/.m2/repository/org/aspectj/aspectjweaver/1.8.9/aspectjweaver-1.8.9.jar:/home/runner/.m2/repository/org/apache/ozone/hdds-interface-client/1.2.0-SNAPSHOT/hdds-interface-client-1.2.0-SNAPSHOT.jar:/home/runner/.m2/repository/org/apache/hadoop/thirdparty/hadoop-shaded-protobuf_3_7/1.1.1/hadoop-shaded-protobuf_3_7-1.1.1.jar:/home/runner/.m2/repository/org/apache/ratis/ratis-thirdparty-misc/0.7.0/ratis-thirdparty-misc-0.7.0.jar:/home/runner/.m2/repository/org/apache/ozone/ozone-interface-storage/1.2.0-SNAPSHOT/ozone-interface-storage-1.2.0-SNAPSHOT.jar:/home/runner/.m2/repository/org/reflections/reflections/0.9.11/reflections-0.9.11.jar:/home/runner/.m2/repository/org/apache/hadoop/hadoop-minikdc/3.3.1/hadoop-minikdc-3.3.1.jar:/home/runner/.m2/repository/org/apache/kerby/kerb-simplekdc/1.0.1/kerb-simplekdc-1.0.1.jar:/home/runner/.m2/repository/org/apache/kerby/kerb-client/1.0.1/kerb-client-1.0.1.jar:/home/runner/.m2/repository/org/apache/kerby/kerby-config/1.0.1/kerby-config-1.0.1.jar:/home/runner/.m2/repository/org/apache/kerby/kerb-common/1.0.1/kerb-common-1.0.1.jar:/home/runner/.m2/repository/org/apache/kerby/kerb-crypto/1.0.1/kerb-crypto-1.0.1.jar:/home/runner/.m2/repository/org/apache/kerby/kerb-util/1.0.1/kerb-util-1.0.1.jar:/home/runner/.m2/repository/org/apache/kerby/token-provider/1.0.1/token-provider-1.0.1.jar:/home/runner/.m2/repository/org/apache/kerby/kerb-admin/1.0.1/kerb-admin-1.0.1.jar:/home/runner/.m2/repository/org/apache/kerby/kerb-server/1.0.1/kerb-server-1.0.1.jar:/home/runner/.m2/repository/org/apache/kerby/kerb-identity/1.0.1/kerb-identity-1.0.1.jar:/home/runner/.m2/repository/org/apache/kerby/kerby-xdr/1.0.1/kerby-xdr-1.0.1.jar:/home/runner/.m2/repository/org/slf4j/slf4j-log4j12/1.7.30/slf4j-log4j12-1.7.30.jar:/home/runner/.m2/repository/org/apache/ozone/ozone-s3gateway/1.2.0-SNAPSHOT/ozone-s3gateway-1.2.0-SNAPSHOT.jar:/home/runner/.m2/repository/org/javassist/javassist/3.21.0-GA/javassist-3.21.0-GA.jar:/home/runner/.m2/repository/org/jboss/weld/servlet/weld-servlet/2.4.7.Final/weld-servlet-2.4.7.Final.jar:/home/runner/.m2/repository/org/glassfish/jersey/containers/jersey-container-servlet-core/2.33/jersey-container-servlet-core-2.33.jar:/home/runner/.m2/repository/org/glassfish/hk2/external/jakarta.inject/2.6.1/jakarta.inject-2.6.1.jar:/home/runner/.m2/repository/org/glassfish/jersey/core/jersey-common/2.33/jersey-common-2.33.jar:/home/runner/.m2/repository/jakarta/ws/rs/jakarta.ws.rs-api/2.1.6/jakarta.ws.rs-api-2.1.6.jar:/home/runner/.m2/repository/org/glassfish/jersey/ext/cdi/jersey-cdi1x/2.33/jersey-cdi1x-2.33.jar:/home/runner/.m2/repository/org/glassfish/jersey/inject/jersey-hk2/2.33/jersey-hk2-2.33.jar:/home/runner/.m2/repository/org/glassfish/hk2/hk2-locator/2.6.1/hk2-locator-2.6.1.jar:/home/runner/.m2/repository/org/glassfish/jersey/media/jersey-media-jaxb/2.33/jersey-media-jaxb-2.33.jar:/home/runner/.m2/repository/org/glassfish/hk2/osgi-resource-locator/1.0.3/osgi-resource-locator-1.0.3.jar:/home/runner/.m2/repository/org/glassfish/hk2/hk2-api/2.5.0/hk2-api-2.5.0.jar:/home/runner/.m2/repository/org/glassfish/hk2/hk2-utils/2.5.0/hk2-utils-2.5.0.jar:/home/runner/.m2/repository/org/glassfish/hk2/external/aopalliance-repackaged/2.5.0/aopalliance-repackaged-2.5.0.jar:/home/runner/.m2/repository/com/fasterxml/jackson/dataformat/jackson-dataformat-xml/2.12.1/jackson-dataformat-xml-2.12.1.jar:/home/runner/.m2/repository/com/fasterxml/jackson/core/jackson-core/2.12.1/jackson-core-2.12.1.jar:/home/runner/.m2/repository/com/fasterxml/jackson/module/jackson-module-jaxb-annotations/2.12.1/jackson-module-jaxb-annotations-2.12.1.jar:/home/runner/.m2/repository/jakarta/xml/bind/jakarta.xml.bind-api/2.3.2/jakarta.xml.bind-api-2.3.2.jar:/home/runner/.m2/repository/org/codehaus/woodstox/stax2-api/3.1.4/stax2-api-3.1.4.jar:/home/runner/.m2/repository/com/fasterxml/woodstox/woodstox-core/5.0.3/woodstox-core-5.0.3.jar:/home/runner/.m2/repository/javax/enterprise/cdi-api/1.2/cdi-api-1.2.jar:/home/runner/.m2/repository/javax/el/javax.el-api/3.0.0/javax.el-api-3.0.0.jar:/home/runner/.m2/repository/javax/interceptor/javax.interceptor-api/1.2/javax.interceptor-api-1.2.jar:/home/runner/.m2/repository/javax/inject/javax.inject/1/javax.inject-1.jar:/home/runner/.m2/repository/javax/xml/bind/jaxb-api/2.3.0/jaxb-api-2.3.0.jar:/home/runner/.m2/repository/org/glassfish/jaxb/jaxb-runtime/2.3.0.1/jaxb-runtime-2.3.0.1.jar:/home/runner/.m2/repository/org/glassfish/jaxb/jaxb-core/2.3.0.1/jaxb-core-2.3.0.1.jar:/home/runner/.m2/repository/org/glassfish/jaxb/txw2/2.3.0.1/txw2-2.3.0.1.jar:/home/runner/.m2/repository/com/sun/istack/istack-commons-runtime/3.0.5/istack-commons-runtime-3.0.5.jar:/home/runner/.m2/repository/org/jvnet/staxex/stax-ex/1.7.8/stax-ex-1.7.8.jar:/home/runner/.m2/repository/com/sun/xml/fastinfoset/FastInfoset/1.2.13/FastInfoset-1.2.13.jar:/home/runner/.m2/repository/javax/activation/activation/1.1.1/activation-1.1.1.jar:/home/runner/.m2/repository/org/apache/ozone/ozone-csi/1.2.0-SNAPSHOT/ozone-csi-1.2.0-SNAPSHOT.jar:/home/runner/.m2/repository/com/google/protobuf/protobuf-java-util/3.12.0/protobuf-java-util-3.12.0.jar:/home/runner/.m2/repository/com/google/code/gson/gson/2.2.4/gson-2.2.4.jar:/home/runner/.m2/repository/org/apache/ozone/hdds-config/1.2.0-SNAPSHOT/hdds-config-1.2.0-SNAPSHOT.jar:/home/runner/.m2/repository/io/grpc/grpc-netty/1.33.0/grpc-netty-1.33.0.jar:/home/runner/.m2/repository/io/grpc/grpc-core/1.33.0/grpc-core-1.33.0.jar:/home/runner/.m2/repository/com/google/android/annotations/4.1.1.4/annotations-4.1.1.4.jar:/home/runner/.m2/repository/io/netty/netty-codec-http2/4.1.63.Final/netty-codec-http2-4.1.63.Final.jar:/home/runner/.m2/repository/io/netty/netty-codec-http/4.1.63.Final/netty-codec-http-4.1.63.Final.jar:/home/runner/.m2/repository/io/netty/netty-handler-proxy/4.1.63.Final/netty-handler-proxy-4.1.63.Final.jar:/home/runner/.m2/repository/io/netty/netty-codec-socks/4.1.63.Final/netty-codec-socks-4.1.63.Final.jar:/home/runner/.m2/repository/io/perfmark/perfmark-api/0.19.0/perfmark-api-0.19.0.jar:/home/runner/.m2/repository/org/codehaus/mojo/animal-sniffer-annotations/1.18/animal-sniffer-annotations-1.18.jar:/home/runner/.m2/repository/io/netty/netty-transport-native-epoll/4.1.63.Final/netty-transport-native-epoll-4.1.63.Final.jar:/home/runner/.m2/repository/io/netty/netty-common/4.1.63.Final/netty-common-4.1.63.Final.jar:/home/runner/.m2/repository/io/netty/netty-buffer/4.1.63.Final/netty-buffer-4.1.63.Final.jar:/home/runner/.m2/repository/io/netty/netty-transport-native-unix-common/4.1.63.Final/netty-transport-native-unix-common-4.1.63.Final.jar:/home/runner/.m2/repository/io/grpc/grpc-protobuf/1.33.0/grpc-protobuf-1.33.0.jar:/home/runner/.m2/repository/io/grpc/grpc-api/1.33.0/grpc-api-1.33.0.jar:/home/runner/.m2/repository/io/grpc/grpc-context/1.33.0/grpc-context-1.33.0.jar:/home/runner/.m2/repository/com/google/api/grpc/proto-google-common-protos/1.17.0/proto-google-common-protos-1.17.0.jar:/home/runner/.m2/repository/io/grpc/grpc-protobuf-lite/1.33.0/grpc-protobuf-lite-1.33.0.jar:/home/runner/.m2/repository/io/grpc/grpc-stub/1.33.0/grpc-stub-1.33.0.jar:/home/runner/.m2/repository/org/apache/ozone/ozone-recon/1.2.0-SNAPSHOT/ozone-recon-1.2.0-SNAPSHOT.jar:/home/runner/.m2/repository/org/apache/ozone/ozone-reconcodegen/1.2.0-SNAPSHOT/ozone-reconcodegen-1.2.0-SNAPSHOT.jar:/home/runner/.m2/repository/com/google/inject/extensions/guice-multibindings/4.0/guice-multibindings-4.0.jar:/home/runner/.m2/repository/com/google/inject/guice/4.0/guice-4.0.jar:/home/runner/.m2/repository/aopalliance/aopalliance/1.0/aopalliance-1.0.jar:/home/runner/.m2/repository/com/google/inject/extensions/guice-assistedinject/4.0/guice-assistedinject-4.0.jar:/home/runner/.m2/repository/com/google/inject/extensions/guice-servlet/4.0/guice-servlet-4.0.jar:/home/runner/.m2/repository/org/glassfish/jersey/containers/jersey-container-servlet/2.33/jersey-container-servlet-2.33.jar:/home/runner/.m2/repository/org/glassfish/hk2/guice-bridge/2.5.0/guice-bridge-2.5.0.jar:/home/runner/.m2/repository/org/glassfish/jersey/core/jersey-server/2.33/jersey-server-2.33.jar:/home/runner/.m2/repository/org/glassfish/jersey/core/jersey-client/2.33/jersey-client-2.33.jar:/home/runner/.m2/repository/jakarta/annotation/jakarta.annotation-api/1.3.5/jakarta.annotation-api-1.3.5.jar:/home/runner/.m2/repository/jakarta/validation/jakarta.validation-api/2.0.2/jakarta.validation-api-2.0.2.jar:/home/runner/.m2/repository/org/glassfish/jersey/media/jersey-media-json-jackson/2.33/jersey-media-json-jackson-2.33.jar:/home/runner/.m2/repository/org/glassfish/jersey/ext/jersey-entity-filtering/2.33/jersey-entity-filtering-2.33.jar:/home/runner/.m2/repository/org/jooq/jooq/3.11.10/jooq-3.11.10.jar:/home/runner/.m2/repository/org/jooq/jooq-meta/3.11.10/jooq-meta-3.11.10.jar:/home/runner/.m2/repository/org/jooq/jooq-codegen/3.11.10/jooq-codegen-3.11.10.jar:/home/runner/.m2/repository/com/jolbox/bonecp/0.8.0.RELEASE/bonecp-0.8.0.RELEASE.jar:/home/runner/.m2/repository/org/apache/derby/derby/10.14.2.0/derby-10.14.2.0.jar:/home/runner/.m2/repository/org/xerial/sqlite-jdbc/3.25.2/sqlite-jdbc-3.25.2.jar:/home/runner/.m2/repository/org/springframework/spring-jdbc/5.2.11.RELEASE/spring-jdbc-5.2.11.RELEASE.jar:/home/runner/.m2/repository/org/springframework/spring-beans/5.2.11.RELEASE/spring-beans-5.2.11.RELEASE.jar:/home/runner/.m2/repository/org/springframework/spring-core/5.2.11.RELEASE/spring-core-5.2.11.RELEASE.jar:/home/runner/.m2/repository/org/springframework/spring-jcl/5.2.11.RELEASE/spring-jcl-5.2.11.RELEASE.jar:/home/runner/.m2/repository/org/springframework/spring-tx/5.2.11.RELEASE/spring-tx-5.2.11.RELEASE.jar:/home/runner/.m2/repository/org/apache/ozone/ozone-client/1.2.0-SNAPSHOT/ozone-client-1.2.0-SNAPSHOT.jar:/home/runner/.m2/repository/org/apache/ozone/ozone-filesystem/1.2.0-SNAPSHOT/ozone-filesystem-1.2.0-SNAPSHOT.jar:/home/runner/.m2/repository/org/apache/ozone/ozone-filesystem-common/1.2.0-SNAPSHOT/ozone-filesystem-common-1.2.0-SNAPSHOT.jar:/home/runner/.m2/repository/org/apache/ozone/ozone-tools/1.2.0-SNAPSHOT/ozone-tools-1.2.0-SNAPSHOT.jar:/home/runner/.m2/repository/org/apache/ratis/ratis-tools/2.1.0-03f3b68-SNAPSHOT/ratis-tools-2.1.0-03f3b68-SNAPSHOT.jar:/home/runner/.m2/repository/org/apache/ratis/ratis-proto/2.1.0-03f3b68-SNAPSHOT/ratis-proto-2.1.0-03f3b68-SNAPSHOT.jar:/home/runner/.m2/repository/org/apache/ratis/ratis-common/2.1.0-03f3b68-SNAPSHOT/ratis-common-2.1.0-03f3b68-SNAPSHOT.jar:/home/runner/.m2/repository/com/amazonaws/aws-java-sdk-core/1.11.901/aws-java-sdk-core-1.11.901.jar:/home/runner/.m2/repository/org/apache/httpcomponents/httpclient/4.5.13/httpclient-4.5.13.jar:/home/runner/.m2/repository/org/apache/httpcomponents/httpcore/4.4.13/httpcore-4.4.13.jar:/home/runner/.m2/repository/software/amazon/ion/ion-java/1.0.2/ion-java-1.0.2.jar:/home/runner/.m2/repository/com/fasterxml/jackson/dataformat/jackson-dataformat-cbor/2.12.1/jackson-dataformat-cbor-2.12.1.jar:/home/runner/.m2/repository/joda-time/joda-time/2.8.1/joda-time-2.8.1.jar:/home/runner/.m2/repository/com/amazonaws/aws-java-sdk-s3/1.11.901/aws-java-sdk-s3-1.11.901.jar:/home/runner/.m2/repository/com/amazonaws/aws-java-sdk-kms/1.11.901/aws-java-sdk-kms-1.11.901.jar:/home/runner/.m2/repository/com/amazonaws/jmespath-java/1.11.901/jmespath-java-1.11.901.jar:/home/runner/.m2/repository/org/kohsuke/metainf-services/metainf-services/1.8/metainf-services-1.8.jar:/home/runner/.m2/repository/org/apache/ozone/hdds-tools/1.2.0-SNAPSHOT/hdds-tools-1.2.0-SNAPSHOT.jar:/home/runner/.m2/repository/commons-cli/commons-cli/1.2/commons-cli-1.2.jar:/home/runner/.m2/repository/org/apache/commons/commons-lang3/3.7/commons-lang3-3.7.jar:/home/runner/.m2/repository/org/apache/ozone/ozone-manager/1.2.0-SNAPSHOT/ozone-manager-1.2.0-SNAPSHOT-tests.jar:/home/runner/.m2/repository/org/apache/ozone/hdds-common/1.2.0-SNAPSHOT/hdds-common-1.2.0-SNAPSHOT-tests.jar:/home/runner/.m2/repository/org/apache/ozone/hdds-hadoop-dependency-client/1.2.0-SNAPSHOT/hdds-hadoop-dependency-client-1.2.0-SNAPSHOT.jar:/home/runner/.m2/repository/info/picocli/picocli/4.4.0/picocli-4.4.0.jar:/home/runner/.m2/repository/com/fasterxml/jackson/core/jackson-annotations/2.12.1/jackson-annotations-2.12.1.jar:/home/runner/.m2/repository/javax/annotation/javax.annotation-api/1.2/javax.annotation-api-1.2.jar:/home/runner/.m2/repository/org/apache/ratis/ratis-server/2.1.0-03f3b68-SNAPSHOT/ratis-server-2.1.0-03f3b68-SNAPSHOT.jar:/home/runner/.m2/repository/org/apache/ratis/ratis-client/2.1.0-03f3b68-SNAPSHOT/ratis-client-2.1.0-03f3b68-SNAPSHOT.jar:/home/runner/.m2/repository/org/apache/ratis/ratis-server-api/2.1.0-03f3b68-SNAPSHOT/ratis-server-api-2.1.0-03f3b68-SNAPSHOT.jar:/home/runner/.m2/repository/org/apache/ratis/ratis-metrics/2.1.0-03f3b68-SNAPSHOT/ratis-metrics-2.1.0-03f3b68-SNAPSHOT.jar:/home/runner/.m2/repository/org/apache/ratis/ratis-netty/2.1.0-03f3b68-SNAPSHOT/ratis-netty-2.1.0-03f3b68-SNAPSHOT.jar:/home/runner/.m2/repository/org/apache/ratis/ratis-grpc/2.1.0-03f3b68-SNAPSHOT/ratis-grpc-2.1.0-03f3b68-SNAPSHOT.jar:/home/runner/.m2/repository/org/apache/logging/log4j/log4j-api/2.13.3/log4j-api-2.13.3.jar:/home/runner/.m2/repository/org/apache/logging/log4j/log4j-core/2.13.3/log4j-core-2.13.3.jar:/home/runner/.m2/repository/com/lmax/disruptor/3.4.2/disruptor-3.4.2.jar:/home/runner/.m2/repository/org/apache/commons/commons-pool2/2.6.0/commons-pool2-2.6.0.jar:/home/runner/.m2/repository/org/bouncycastle/bcpkix-jdk15on/1.67/bcpkix-jdk15on-1.67.jar:/home/runner/.m2/repository/commons-validator/commons-validator/1.6/commons-validator-1.6.jar:/home/runner/.m2/repository/commons-beanutils/commons-beanutils/1.9.4/commons-beanutils-1.9.4.jar:/home/runner/.m2/repository/commons-digester/commons-digester/1.8.1/commons-digester-1.8.1.jar:/home/runner/.m2/repository/commons-collections/commons-collections/3.2.2/commons-collections-3.2.2.jar:/home/runner/.m2/repository/io/jaegertracing/jaeger-client/1.6.0/jaeger-client-1.6.0.jar:/home/runner/.m2/repository/io/jaegertracing/jaeger-thrift/1.6.0/jaeger-thrift-1.6.0.jar:/home/runner/.m2/repository/org/apache/thrift/libthrift/0.14.1/libthrift-0.14.1.jar:/home/runner/.m2/repository/com/squareup/okhttp3/okhttp/4.9.0/okhttp-4.9.0.jar:/home/runner/.m2/repository/com/squareup/okio/okio/2.8.0/okio-2.8.0.jar:/home/runner/.m2/repository/io/jaegertracing/jaeger-core/1.6.0/jaeger-core-1.6.0.jar:/home/runner/.m2/repository/io/jaegertracing/jaeger-tracerresolver/1.6.0/jaeger-tracerresolver-1.6.0.jar:/home/runner/.m2/repository/io/opentracing/contrib/opentracing-tracerresolver/0.1.8/opentracing-tracerresolver-0.1.8.jar:/home/runner/.m2/repository/org/jetbrains/kotlin/kotlin-stdlib/1.4.31/kotlin-stdlib-1.4.31.jar:/home/runner/.m2/repository/org/jetbrains/kotlin/kotlin-stdlib-common/1.4.31/kotlin-stdlib-common-1.4.31.jar:/home/runner/.m2/repository/org/jetbrains/annotations/13.0/annotations-13.0.jar:/home/runner/.m2/repository/io/opentracing/opentracing-util/0.33.0/opentracing-util-0.33.0.jar:/home/runner/.m2/repository/io/opentracing/opentracing-api/0.33.0/opentracing-api-0.33.0.jar:/home/runner/.m2/repository/io/opentracing/opentracing-noop/0.33.0/opentracing-noop-0.33.0.jar:/home/runner/.m2/repository/org/yaml/snakeyaml/1.26/snakeyaml-1.26.jar:/home/runner/.m2/repository/org/apache/ozone/hdds-interface-admin/1.2.0-SNAPSHOT/hdds-interface-admin-1.2.0-SNAPSHOT.jar:/home/runner/.m2/repository/junit/junit/4.13.1/junit-4.13.1.jar:/home/runner/.m2/repository/org/hamcrest/hamcrest-core/1.3/hamcrest-core-1.3.jar:/home/runner/.m2/repository/org/junit/jupiter/junit-jupiter-api/5.7.0/junit-jupiter-api-5.7.0.jar:/home/runner/.m2/repository/org/apiguardian/apiguardian-api/1.1.0/apiguardian-api-1.1.0.jar:/home/runner/.m2/repository/org/opentest4j/opentest4j/1.2.0/opentest4j-1.2.0.jar:/home/runner/.m2/repository/org/junit/platform/junit-platform-commons/1.7.0/junit-platform-commons-1.7.0.jar:/home/runner/.m2/repository/org/junit/jupiter/junit-jupiter-engine/5.7.0/junit-jupiter-engine-5.7.0.jar:/home/runner/.m2/repository/org/junit/platform/junit-platform-engine/1.7.0/junit-platform-engine-1.7.0.jar:/home/runner/.m2/repository/org/junit/vintage/junit-vintage-engine/5.7.0/junit-vintage-engine-5.7.0.jar:/home/runner/.m2/repository/org/junit/platform/junit-platform-launcher/1.7.0/junit-platform-launcher-1.7.0.jar:/home/runner/.m2/repository/org/openjdk/jmh/jmh-core/1.19/jmh-core-1.19.jar:/home/runner/.m2/repository/net/sf/jopt-simple/jopt-simple/4.6/jopt-simple-4.6.jar:/home/runner/.m2/repository/org/apache/commons/commons-math3/3.1.1/commons-math3-3.1.1.jar:/home/runner/.m2/repository/org/openjdk/jmh/jmh-generator-annprocess/1.19/jmh-generator-annprocess-1.19.jar:/home/runner/.m2/repository/org/mockito/mockito-core/2.28.2/mockito-core-2.28.2.jar:/home/runner/.m2/repository/net/bytebuddy/byte-buddy/1.9.10/byte-buddy-1.9.10.jar:/home/runner/.m2/repository/net/bytebuddy/byte-buddy-agent/1.9.10/byte-buddy-agent-1.9.10.jar:/home/runner/.m2/repository/org/objenesis/objenesis/1.0/objenesis-1.0.jar:/home/runner/.m2/repository/org/apache/hadoop/hadoop-kms/3.3.1/hadoop-kms-3.3.1.jar:/home/runner/.m2/repository/org/apache/hadoop/hadoop-auth/3.3.1/hadoop-auth-3.3.1.jar:/home/runner/.m2/repository/com/nimbusds/nimbus-jose-jwt/7.9/nimbus-jose-jwt-7.9.jar:/home/runner/.m2/repository/com/github/stephenc/jcip/jcip-annotations/1.0-1/jcip-annotations-1.0-1.jar:/home/runner/.m2/repository/net/minidev/json-smart/2.3/json-smart-2.3.jar:/home/runner/.m2/repository/net/minidev/accessors-smart/1.2/accessors-smart-1.2.jar:/home/runner/.m2/repository/org/ow2/asm/asm/5.0.4/asm-5.0.4.jar:/home/runner/.m2/repository/org/apache/zookeeper/zookeeper/3.5.6/zookeeper-3.5.6.jar:/home/runner/.m2/repository/org/apache/zookeeper/zookeeper-jute/3.5.6/zookeeper-jute-3.5.6.jar:/home/runner/.m2/repository/org/apache/yetus/audience-annotations/0.5.0/audience-annotations-0.5.0.jar:/home/runner/.m2/repository/org/apache/curator/curator-framework/4.2.0/curator-framework-4.2.0.jar:/home/runner/.m2/repository/org/apache/hadoop/thirdparty/hadoop-shaded-guava/1.1.1/hadoop-shaded-guava-1.1.1.jar:/home/runner/.m2/repository/com/sun/jersey/jersey-core/1.19/jersey-core-1.19.jar:/home/runner/.m2/repository/javax/ws/rs/jsr311-api/1.1.1/jsr311-api-1.1.1.jar:/home/runner/.m2/repository/com/sun/jersey/jersey-server/1.19/jersey-server-1.19.jar:/home/runner/.m2/repository/javax/servlet/javax.servlet-api/3.1.0/javax.servlet-api-3.1.0.jar:/home/runner/.m2/repository/org/eclipse/jetty/jetty-server/9.4.43.v20210629/jetty-server-9.4.43.v20210629.jar:/home/runner/.m2/repository/org/eclipse/jetty/jetty-http/9.4.43.v20210629/jetty-http-9.4.43.v20210629.jar:/home/runner/.m2/repository/org/eclipse/jetty/jetty-io/9.4.43.v20210629/jetty-io-9.4.43.v20210629.jar:/home/runner/.m2/repository/org/eclipse/jetty/jetty-webapp/9.4.43.v20210629/jetty-webapp-9.4.43.v20210629.jar:/home/runner/.m2/repository/org/eclipse/jetty/jetty-xml/9.4.43.v20210629/jetty-xml-9.4.43.v20210629.jar:/home/runner/.m2/repository/org/apache/hadoop/hadoop-common/3.3.1/hadoop-common-3.3.1.jar:/home/runner/.m2/repository/commons-net/commons-net/3.6/commons-net-3.6.jar:/home/runner/.m2/repository/jakarta/activation/jakarta.activation-api/1.2.1/jakarta.activation-api-1.2.1.jar:/home/runner/.m2/repository/com/sun/jersey/jersey-servlet/1.19/jersey-servlet-1.19.jar:/home/runner/.m2/repository/com/sun/jersey/jersey-json/1.19/jersey-json-1.19.jar:/home/runner/.m2/repository/org/codehaus/jettison/jettison/1.1/jettison-1.1.jar:/home/runner/.m2/repository/com/sun/xml/bind/jaxb-impl/2.2.3-1/jaxb-impl-2.2.3-1.jar:/home/runner/.m2/repository/org/codehaus/jackson/jackson-jaxrs/1.9.2/jackson-jaxrs-1.9.2.jar:/home/runner/.m2/repository/org/codehaus/jackson/jackson-xc/1.9.2/jackson-xc-1.9.2.jar:/home/runner/.m2/repository/org/apache/commons/commons-configuration2/2.1.1/commons-configuration2-2.1.1.jar:/home/runner/.m2/repository/org/apache/commons/commons-text/1.4/commons-text-1.4.jar:/home/runner/.m2/repository/com/google/re2j/re2j/1.1/re2j-1.1.jar:/home/runner/.m2/repository/com/jcraft/jsch/0.1.54/jsch-0.1.54.jar:/home/runner/.m2/repository/org/apache/curator/curator-client/4.2.0/curator-client-4.2.0.jar:/home/runner/.m2/repository/org/apache/curator/curator-recipes/4.2.0/curator-recipes-4.2.0.jar:/home/runner/.m2/repository/org/apache/kerby/kerb-core/1.0.1/kerb-core-1.0.1.jar:/home/runner/.m2/repository/org/apache/kerby/kerby-pkix/1.0.1/kerby-pkix-1.0.1.jar:/home/runner/.m2/repository/org/apache/kerby/kerby-asn1/1.0.1/kerby-asn1-1.0.1.jar:/home/runner/.m2/repository/org/apache/kerby/kerby-util/1.0.1/kerby-util-1.0.1.jar:/home/runner/.m2/repository/dnsjava/dnsjava/2.1.7/dnsjava-2.1.7.jar:/home/runner/.m2/repository/org/xerial/snappy/snappy-java/1.1.8.2/snappy-java-1.1.8.2.jar:/home/runner/.m2/repository/org/slf4j/jul-to-slf4j/1.7.30/jul-to-slf4j-1.7.30.jar:/home/runner/.m2/repository/org/eclipse/jetty/jetty-util/9.4.43.v20210629/jetty-util-9.4.43.v20210629.jar:/home/runner/.m2/repository/com/fasterxml/jackson/core/jackson-databind/2.12.1/jackson-databind-2.12.1.jar:/home/runner/.m2/repository/org/apache/hadoop/hadoop-kms/3.3.1/hadoop-kms-3.3.1-tests.jar:/home/runner/.m2/repository/org/apache/ozone/hdds-server-scm/1.2.0-SNAPSHOT/hdds-server-scm-1.2.0-SNAPSHOT-tests.jar:/home/runner/.m2/repository/org/apache/ozone/hdds-container-service/1.2.0-SNAPSHOT/hdds-container-service-1.2.0-SNAPSHOT-tests.jar:/home/runner/.m2/repository/commons-codec/commons-codec/1.11/commons-codec-1.11.jar:/home/runner/.m2/repository/io/netty/netty-transport/4.1.63.Final/netty-transport-4.1.63.Final.jar:/home/runner/.m2/repository/io/netty/netty-resolver/4.1.63.Final/netty-resolver-4.1.63.Final.jar:/home/runner/.m2/repository/io/netty/netty-codec/4.1.63.Final/netty-codec-4.1.63.Final.jar:/home/runner/.m2/repository/io/netty/netty-handler/4.1.63.Final/netty-handler-4.1.63.Final.jar:/home/runner/.m2/repository/org/apache/ozone/hdds-hadoop-dependency-test/1.2.0-SNAPSHOT/hdds-hadoop-dependency-test-1.2.0-SNAPSHOT.jar:/home/runner/.m2/repository/org/apache/hadoop/hadoop-common/3.3.1/hadoop-common-3.3.1-tests.jar:/home/runner/.m2/repository/org/assertj/assertj-core/3.12.2/assertj-core-3.12.2.jar:/home/runner/.m2/repository/org/apache/hadoop/hadoop-hdfs/3.3.1/hadoop-hdfs-3.3.1-tests.jar:/home/runner/.m2/repository/org/eclipse/jetty/jetty-util-ajax/9.4.43.v20210629/jetty-util-ajax-9.4.43.v20210629.jar:/home/runner/.m2/repository/commons-daemon/commons-daemon/1.0.13/commons-daemon-1.0.13.jar:/home/runner/.m2/repository/io/netty/netty/3.10.6.Final/netty-3.10.6.Final.jar:/home/runner/.m2/repository/io/netty/netty-all/4.1.63.Final/netty-all-4.1.63.Final.jar:/home/runner/.m2/repository/org/apache/htrace/htrace-core4/4.1.0-incubating/htrace-core4-4.1.0-incubating.jar:/home/runner/.m2/repository/org/fusesource/leveldbjni/leveldbjni-all/1.8/leveldbjni-all-1.8.jar:/home/runner/.m2/repository/org/apache/hadoop/hadoop-distcp/3.3.1/hadoop-distcp-3.3.1.jar:/home/runner/.m2/repository/org/apache/hadoop/hadoop-mapreduce-client-jobclient/3.3.1/hadoop-mapreduce-client-jobclient-3.3.1.jar:/home/runner/.m2/repository/org/apache/hadoop/hadoop-mapreduce-client-common/3.3.1/hadoop-mapreduce-client-common-3.3.1.jar:/home/runner/.m2/repository/org/apache/hadoop/hadoop-yarn-common/3.3.1/hadoop-yarn-common-3.3.1.jar:/home/runner/.m2/repository/org/apache/hadoop/hadoop-yarn-api/3.3.1/hadoop-yarn-api-3.3.1.jar:/home/runner/.m2/repository/com/sun/jersey/jersey-client/1.19/jersey-client-1.19.jar:/home/runner/.m2/repository/com/sun/jersey/contribs/jersey-guice/1.19/jersey-guice-1.19.jar:/home/runner/.m2/repository/com/fasterxml/jackson/jaxrs/jackson-jaxrs-json-provider/2.12.1/jackson-jaxrs-json-provider-2.12.1.jar:/home/runner/.m2/repository/com/fasterxml/jackson/jaxrs/jackson-jaxrs-base/2.12.1/jackson-jaxrs-base-2.12.1.jar:/home/runner/.m2/repository/org/apache/hadoop/hadoop-yarn-client/3.3.1/hadoop-yarn-client-3.3.1.jar:/home/runner/.m2/repository/org/eclipse/jetty/websocket/websocket-client/9.4.40.v20210413/websocket-client-9.4.40.v20210413.jar:/home/runner/.m2/repository/org/eclipse/jetty/jetty-client/9.4.40.v20210413/jetty-client-9.4.40.v20210413.jar:/home/runner/.m2/repository/org/eclipse/jetty/websocket/websocket-common/9.4.40.v20210413/websocket-common-9.4.40.v20210413.jar:/home/runner/.m2/repository/org/eclipse/jetty/websocket/websocket-api/9.4.40.v20210413/websocket-api-9.4.40.v20210413.jar:/home/runner/.m2/repository/org/jline/jline/3.9.0/jline-3.9.0.jar:/home/runner/.m2/repository/org/apache/hadoop/hadoop-mapreduce-client-core/3.3.1/hadoop-mapreduce-client-core-3.3.1.jar:/home/runner/.m2/repository/org/apache/avro/avro/1.7.7/avro-1.7.7.jar:/home/runner/.m2/repository/org/codehaus/jackson/jackson-core-asl/1.9.13/jackson-core-asl-1.9.13.jar:/home/runner/.m2/repository/org/codehaus/jackson/jackson-mapper-asl/1.9.13/jackson-mapper-asl-1.9.13.jar:/home/runner/.m2/repository/com/thoughtworks/paranamer/paranamer/2.3/paranamer-2.3.jar:/home/runner/.m2/repository/org/apache/hadoop/hadoop-annotations/3.3.1/hadoop-annotations-3.3.1.jar:/usr/lib/jvm/adoptopenjdk-8-hotspot-amd64/jre/../lib/tools.jar:/home/runner/.m2/repository/org/apache/hadoop/hadoop-distcp/3.3.1/hadoop-distcp-3.3.1-tests.jar:"/>
    <property name="java.vm.vendor" value="AdoptOpenJDK"/>
    <property name="sun.arch.data.model" value="64"/>
    <property name="test.build.dir" value="/home/runner/work/ozone/ozone/hadoop-ozone/integration-test/target/test-dir"/>
    <property name="test.cache.data" value=""/>
    <property name="java.vendor.url" value="https://adoptopenjdk.net/"/>
    <property name="user.timezone" value=""/>
    <property name="java.vm.specification.version" value="1.8"/>
    <property name="os.name" value="Linux"/>
    <property name="test.build.data" value="/home/runner/work/ozone/ozone/hadoop-ozone/integration-test/target/test-dir"/>
    <property name="sun.java.launcher" value="SUN_STANDARD"/>
    <property name="sun.boot.library.path" value="/usr/lib/jvm/adoptopenjdk-8-hotspot-amd64/jre/lib/amd64"/>
    <property name="sun.java.command" value="/home/runner/work/ozone/ozone/hadoop-ozone/integration-test/target/surefire/surefirebooter3466545439628333015.jar /home/runner/work/ozone/ozone/hadoop-ozone/integration-test/target/surefire 2021-08-12T04-51-41_002-jvmRun1 surefire3680979467613843923tmp surefire_147806703681321192329tmp"/>
    <property name="surefire.test.class.path" value="/home/runner/work/ozone/ozone/hadoop-ozone/integration-test/target/test-classes:/home/runner/work/ozone/ozone/hadoop-ozone/integration-test/target/classes:/home/runner/.m2/repository/org/apache/ozone/ozone-common/1.2.0-SNAPSHOT/ozone-common-1.2.0-SNAPSHOT.jar:/home/runner/.m2/repository/org/apache/commons/commons-compress/1.20/commons-compress-1.20.jar:/home/runner/.m2/repository/org/apache/ozone/hdds-common/1.2.0-SNAPSHOT/hdds-common-1.2.0-SNAPSHOT.jar:/home/runner/.m2/repository/org/apache/ozone/hdds-client/1.2.0-SNAPSHOT/hdds-client-1.2.0-SNAPSHOT.jar:/home/runner/.m2/repository/org/apache/ozone/ozone-interface-client/1.2.0-SNAPSHOT/ozone-interface-client-1.2.0-SNAPSHOT.jar:/home/runner/.m2/repository/org/apache/ozone/hdds-server-framework/1.2.0-SNAPSHOT/hdds-server-framework-1.2.0-SNAPSHOT.jar:/home/runner/.m2/repository/org/apache/ozone/hdds-interface-server/1.2.0-SNAPSHOT/hdds-interface-server-1.2.0-SNAPSHOT.jar:/home/runner/.m2/repository/org/eclipse/jetty/jetty-servlet/9.4.43.v20210629/jetty-servlet-9.4.43.v20210629.jar:/home/runner/.m2/repository/org/eclipse/jetty/jetty-security/9.4.43.v20210629/jetty-security-9.4.43.v20210629.jar:/home/runner/.m2/repository/org/rocksdb/rocksdbjni/6.20.3/rocksdbjni-6.20.3.jar:/home/runner/.m2/repository/io/prometheus/simpleclient_dropwizard/0.7.0/simpleclient_dropwizard-0.7.0.jar:/home/runner/.m2/repository/io/prometheus/simpleclient/0.7.0/simpleclient-0.7.0.jar:/home/runner/.m2/repository/io/prometheus/simpleclient_common/0.7.0/simpleclient_common-0.7.0.jar:/home/runner/.m2/repository/com/fasterxml/jackson/datatype/jackson-datatype-jsr310/2.12.1/jackson-datatype-jsr310-2.12.1.jar:/home/runner/.m2/repository/org/apache/ozone/hdds-test-utils/1.2.0-SNAPSHOT/hdds-test-utils-1.2.0-SNAPSHOT.jar:/home/runner/.m2/repository/com/google/guava/guava/30.1.1-jre/guava-30.1.1-jre.jar:/home/runner/.m2/repository/com/google/guava/failureaccess/1.0.1/failureaccess-1.0.1.jar:/home/runner/.m2/repository/com/google/guava/listenablefuture/9999.0-empty-to-avoid-conflict-with-guava/listenablefuture-9999.0-empty-to-avoid-conflict-with-guava.jar:/home/runner/.m2/repository/com/google/code/findbugs/jsr305/3.0.0/jsr305-3.0.0.jar:/home/runner/.m2/repository/org/checkerframework/checker-qual/3.8.0/checker-qual-3.8.0.jar:/home/runner/.m2/repository/com/google/errorprone/error_prone_annotations/2.2.0/error_prone_annotations-2.2.0.jar:/home/runner/.m2/repository/com/google/j2objc/j2objc-annotations/1.3/j2objc-annotations-1.3.jar:/home/runner/.m2/repository/commons-io/commons-io/2.8.0/commons-io-2.8.0.jar:/home/runner/.m2/repository/commons-logging/commons-logging/1.2/commons-logging-1.2.jar:/home/runner/.m2/repository/log4j/log4j/1.2.17/log4j-1.2.17.jar:/home/runner/.m2/repository/org/slf4j/slf4j-api/1.7.30/slf4j-api-1.7.30.jar:/home/runner/.m2/repository/org/apache/ozone/hdds-server-scm/1.2.0-SNAPSHOT/hdds-server-scm-1.2.0-SNAPSHOT.jar:/home/runner/.m2/repository/org/apache/ozone/hdds-container-service/1.2.0-SNAPSHOT/hdds-container-service-1.2.0-SNAPSHOT.jar:/home/runner/.m2/repository/org/apache/ozone/hdds-hadoop-dependency-server/1.2.0-SNAPSHOT/hdds-hadoop-dependency-server-1.2.0-SNAPSHOT.jar:/home/runner/.m2/repository/org/apache/hadoop/hadoop-hdfs/3.3.1/hadoop-hdfs-3.3.1.jar:/home/runner/.m2/repository/io/dropwizard/metrics/metrics-core/3.2.4/metrics-core-3.2.4.jar:/home/runner/.m2/repository/org/apache/hadoop/hadoop-hdfs-client/3.3.1/hadoop-hdfs-client-3.3.1.jar:/home/runner/.m2/repository/org/bouncycastle/bcprov-jdk15on/1.67/bcprov-jdk15on-1.67.jar:/home/runner/.m2/repository/com/google/protobuf/protobuf-java/2.5.0/protobuf-java-2.5.0.jar:/home/runner/.m2/repository/org/apache/ozone/ozone-manager/1.2.0-SNAPSHOT/ozone-manager-1.2.0-SNAPSHOT.jar:/home/runner/.m2/repository/org/aspectj/aspectjrt/1.8.9/aspectjrt-1.8.9.jar:/home/runner/.m2/repository/org/aspectj/aspectjweaver/1.8.9/aspectjweaver-1.8.9.jar:/home/runner/.m2/repository/org/apache/ozone/hdds-interface-client/1.2.0-SNAPSHOT/hdds-interface-client-1.2.0-SNAPSHOT.jar:/home/runner/.m2/repository/org/apache/hadoop/thirdparty/hadoop-shaded-protobuf_3_7/1.1.1/hadoop-shaded-protobuf_3_7-1.1.1.jar:/home/runner/.m2/repository/org/apache/ratis/ratis-thirdparty-misc/0.7.0/ratis-thirdparty-misc-0.7.0.jar:/home/runner/.m2/repository/org/apache/ozone/ozone-interface-storage/1.2.0-SNAPSHOT/ozone-interface-storage-1.2.0-SNAPSHOT.jar:/home/runner/.m2/repository/org/reflections/reflections/0.9.11/reflections-0.9.11.jar:/home/runner/.m2/repository/org/apache/hadoop/hadoop-minikdc/3.3.1/hadoop-minikdc-3.3.1.jar:/home/runner/.m2/repository/org/apache/kerby/kerb-simplekdc/1.0.1/kerb-simplekdc-1.0.1.jar:/home/runner/.m2/repository/org/apache/kerby/kerb-client/1.0.1/kerb-client-1.0.1.jar:/home/runner/.m2/repository/org/apache/kerby/kerby-config/1.0.1/kerby-config-1.0.1.jar:/home/runner/.m2/repository/org/apache/kerby/kerb-common/1.0.1/kerb-common-1.0.1.jar:/home/runner/.m2/repository/org/apache/kerby/kerb-crypto/1.0.1/kerb-crypto-1.0.1.jar:/home/runner/.m2/repository/org/apache/kerby/kerb-util/1.0.1/kerb-util-1.0.1.jar:/home/runner/.m2/repository/org/apache/kerby/token-provider/1.0.1/token-provider-1.0.1.jar:/home/runner/.m2/repository/org/apache/kerby/kerb-admin/1.0.1/kerb-admin-1.0.1.jar:/home/runner/.m2/repository/org/apache/kerby/kerb-server/1.0.1/kerb-server-1.0.1.jar:/home/runner/.m2/repository/org/apache/kerby/kerb-identity/1.0.1/kerb-identity-1.0.1.jar:/home/runner/.m2/repository/org/apache/kerby/kerby-xdr/1.0.1/kerby-xdr-1.0.1.jar:/home/runner/.m2/repository/org/slf4j/slf4j-log4j12/1.7.30/slf4j-log4j12-1.7.30.jar:/home/runner/.m2/repository/org/apache/ozone/ozone-s3gateway/1.2.0-SNAPSHOT/ozone-s3gateway-1.2.0-SNAPSHOT.jar:/home/runner/.m2/repository/org/javassist/javassist/3.21.0-GA/javassist-3.21.0-GA.jar:/home/runner/.m2/repository/org/jboss/weld/servlet/weld-servlet/2.4.7.Final/weld-servlet-2.4.7.Final.jar:/home/runner/.m2/repository/org/glassfish/jersey/containers/jersey-container-servlet-core/2.33/jersey-container-servlet-core-2.33.jar:/home/runner/.m2/repository/org/glassfish/hk2/external/jakarta.inject/2.6.1/jakarta.inject-2.6.1.jar:/home/runner/.m2/repository/org/glassfish/jersey/core/jersey-common/2.33/jersey-common-2.33.jar:/home/runner/.m2/repository/jakarta/ws/rs/jakarta.ws.rs-api/2.1.6/jakarta.ws.rs-api-2.1.6.jar:/home/runner/.m2/repository/org/glassfish/jersey/ext/cdi/jersey-cdi1x/2.33/jersey-cdi1x-2.33.jar:/home/runner/.m2/repository/org/glassfish/jersey/inject/jersey-hk2/2.33/jersey-hk2-2.33.jar:/home/runner/.m2/repository/org/glassfish/hk2/hk2-locator/2.6.1/hk2-locator-2.6.1.jar:/home/runner/.m2/repository/org/glassfish/jersey/media/jersey-media-jaxb/2.33/jersey-media-jaxb-2.33.jar:/home/runner/.m2/repository/org/glassfish/hk2/osgi-resource-locator/1.0.3/osgi-resource-locator-1.0.3.jar:/home/runner/.m2/repository/org/glassfish/hk2/hk2-api/2.5.0/hk2-api-2.5.0.jar:/home/runner/.m2/repository/org/glassfish/hk2/hk2-utils/2.5.0/hk2-utils-2.5.0.jar:/home/runner/.m2/repository/org/glassfish/hk2/external/aopalliance-repackaged/2.5.0/aopalliance-repackaged-2.5.0.jar:/home/runner/.m2/repository/com/fasterxml/jackson/dataformat/jackson-dataformat-xml/2.12.1/jackson-dataformat-xml-2.12.1.jar:/home/runner/.m2/repository/com/fasterxml/jackson/core/jackson-core/2.12.1/jackson-core-2.12.1.jar:/home/runner/.m2/repository/com/fasterxml/jackson/module/jackson-module-jaxb-annotations/2.12.1/jackson-module-jaxb-annotations-2.12.1.jar:/home/runner/.m2/repository/jakarta/xml/bind/jakarta.xml.bind-api/2.3.2/jakarta.xml.bind-api-2.3.2.jar:/home/runner/.m2/repository/org/codehaus/woodstox/stax2-api/3.1.4/stax2-api-3.1.4.jar:/home/runner/.m2/repository/com/fasterxml/woodstox/woodstox-core/5.0.3/woodstox-core-5.0.3.jar:/home/runner/.m2/repository/javax/enterprise/cdi-api/1.2/cdi-api-1.2.jar:/home/runner/.m2/repository/javax/el/javax.el-api/3.0.0/javax.el-api-3.0.0.jar:/home/runner/.m2/repository/javax/interceptor/javax.interceptor-api/1.2/javax.interceptor-api-1.2.jar:/home/runner/.m2/repository/javax/inject/javax.inject/1/javax.inject-1.jar:/home/runner/.m2/repository/javax/xml/bind/jaxb-api/2.3.0/jaxb-api-2.3.0.jar:/home/runner/.m2/repository/org/glassfish/jaxb/jaxb-runtime/2.3.0.1/jaxb-runtime-2.3.0.1.jar:/home/runner/.m2/repository/org/glassfish/jaxb/jaxb-core/2.3.0.1/jaxb-core-2.3.0.1.jar:/home/runner/.m2/repository/org/glassfish/jaxb/txw2/2.3.0.1/txw2-2.3.0.1.jar:/home/runner/.m2/repository/com/sun/istack/istack-commons-runtime/3.0.5/istack-commons-runtime-3.0.5.jar:/home/runner/.m2/repository/org/jvnet/staxex/stax-ex/1.7.8/stax-ex-1.7.8.jar:/home/runner/.m2/repository/com/sun/xml/fastinfoset/FastInfoset/1.2.13/FastInfoset-1.2.13.jar:/home/runner/.m2/repository/javax/activation/activation/1.1.1/activation-1.1.1.jar:/home/runner/.m2/repository/org/apache/ozone/ozone-csi/1.2.0-SNAPSHOT/ozone-csi-1.2.0-SNAPSHOT.jar:/home/runner/.m2/repository/com/google/protobuf/protobuf-java-util/3.12.0/protobuf-java-util-3.12.0.jar:/home/runner/.m2/repository/com/google/code/gson/gson/2.2.4/gson-2.2.4.jar:/home/runner/.m2/repository/org/apache/ozone/hdds-config/1.2.0-SNAPSHOT/hdds-config-1.2.0-SNAPSHOT.jar:/home/runner/.m2/repository/io/grpc/grpc-netty/1.33.0/grpc-netty-1.33.0.jar:/home/runner/.m2/repository/io/grpc/grpc-core/1.33.0/grpc-core-1.33.0.jar:/home/runner/.m2/repository/com/google/android/annotations/4.1.1.4/annotations-4.1.1.4.jar:/home/runner/.m2/repository/io/netty/netty-codec-http2/4.1.63.Final/netty-codec-http2-4.1.63.Final.jar:/home/runner/.m2/repository/io/netty/netty-codec-http/4.1.63.Final/netty-codec-http-4.1.63.Final.jar:/home/runner/.m2/repository/io/netty/netty-handler-proxy/4.1.63.Final/netty-handler-proxy-4.1.63.Final.jar:/home/runner/.m2/repository/io/netty/netty-codec-socks/4.1.63.Final/netty-codec-socks-4.1.63.Final.jar:/home/runner/.m2/repository/io/perfmark/perfmark-api/0.19.0/perfmark-api-0.19.0.jar:/home/runner/.m2/repository/org/codehaus/mojo/animal-sniffer-annotations/1.18/animal-sniffer-annotations-1.18.jar:/home/runner/.m2/repository/io/netty/netty-transport-native-epoll/4.1.63.Final/netty-transport-native-epoll-4.1.63.Final.jar:/home/runner/.m2/repository/io/netty/netty-common/4.1.63.Final/netty-common-4.1.63.Final.jar:/home/runner/.m2/repository/io/netty/netty-buffer/4.1.63.Final/netty-buffer-4.1.63.Final.jar:/home/runner/.m2/repository/io/netty/netty-transport-native-unix-common/4.1.63.Final/netty-transport-native-unix-common-4.1.63.Final.jar:/home/runner/.m2/repository/io/grpc/grpc-protobuf/1.33.0/grpc-protobuf-1.33.0.jar:/home/runner/.m2/repository/io/grpc/grpc-api/1.33.0/grpc-api-1.33.0.jar:/home/runner/.m2/repository/io/grpc/grpc-context/1.33.0/grpc-context-1.33.0.jar:/home/runner/.m2/repository/com/google/api/grpc/proto-google-common-protos/1.17.0/proto-google-common-protos-1.17.0.jar:/home/runner/.m2/repository/io/grpc/grpc-protobuf-lite/1.33.0/grpc-protobuf-lite-1.33.0.jar:/home/runner/.m2/repository/io/grpc/grpc-stub/1.33.0/grpc-stub-1.33.0.jar:/home/runner/.m2/repository/org/apache/ozone/ozone-recon/1.2.0-SNAPSHOT/ozone-recon-1.2.0-SNAPSHOT.jar:/home/runner/.m2/repository/org/apache/ozone/ozone-reconcodegen/1.2.0-SNAPSHOT/ozone-reconcodegen-1.2.0-SNAPSHOT.jar:/home/runner/.m2/repository/com/google/inject/extensions/guice-multibindings/4.0/guice-multibindings-4.0.jar:/home/runner/.m2/repository/com/google/inject/guice/4.0/guice-4.0.jar:/home/runner/.m2/repository/aopalliance/aopalliance/1.0/aopalliance-1.0.jar:/home/runner/.m2/repository/com/google/inject/extensions/guice-assistedinject/4.0/guice-assistedinject-4.0.jar:/home/runner/.m2/repository/com/google/inject/extensions/guice-servlet/4.0/guice-servlet-4.0.jar:/home/runner/.m2/repository/org/glassfish/jersey/containers/jersey-container-servlet/2.33/jersey-container-servlet-2.33.jar:/home/runner/.m2/repository/org/glassfish/hk2/guice-bridge/2.5.0/guice-bridge-2.5.0.jar:/home/runner/.m2/repository/org/glassfish/jersey/core/jersey-server/2.33/jersey-server-2.33.jar:/home/runner/.m2/repository/org/glassfish/jersey/core/jersey-client/2.33/jersey-client-2.33.jar:/home/runner/.m2/repository/jakarta/annotation/jakarta.annotation-api/1.3.5/jakarta.annotation-api-1.3.5.jar:/home/runner/.m2/repository/jakarta/validation/jakarta.validation-api/2.0.2/jakarta.validation-api-2.0.2.jar:/home/runner/.m2/repository/org/glassfish/jersey/media/jersey-media-json-jackson/2.33/jersey-media-json-jackson-2.33.jar:/home/runner/.m2/repository/org/glassfish/jersey/ext/jersey-entity-filtering/2.33/jersey-entity-filtering-2.33.jar:/home/runner/.m2/repository/org/jooq/jooq/3.11.10/jooq-3.11.10.jar:/home/runner/.m2/repository/org/jooq/jooq-meta/3.11.10/jooq-meta-3.11.10.jar:/home/runner/.m2/repository/org/jooq/jooq-codegen/3.11.10/jooq-codegen-3.11.10.jar:/home/runner/.m2/repository/com/jolbox/bonecp/0.8.0.RELEASE/bonecp-0.8.0.RELEASE.jar:/home/runner/.m2/repository/org/apache/derby/derby/10.14.2.0/derby-10.14.2.0.jar:/home/runner/.m2/repository/org/xerial/sqlite-jdbc/3.25.2/sqlite-jdbc-3.25.2.jar:/home/runner/.m2/repository/org/springframework/spring-jdbc/5.2.11.RELEASE/spring-jdbc-5.2.11.RELEASE.jar:/home/runner/.m2/repository/org/springframework/spring-beans/5.2.11.RELEASE/spring-beans-5.2.11.RELEASE.jar:/home/runner/.m2/repository/org/springframework/spring-core/5.2.11.RELEASE/spring-core-5.2.11.RELEASE.jar:/home/runner/.m2/repository/org/springframework/spring-jcl/5.2.11.RELEASE/spring-jcl-5.2.11.RELEASE.jar:/home/runner/.m2/repository/org/springframework/spring-tx/5.2.11.RELEASE/spring-tx-5.2.11.RELEASE.jar:/home/runner/.m2/repository/org/apache/ozone/ozone-client/1.2.0-SNAPSHOT/ozone-client-1.2.0-SNAPSHOT.jar:/home/runner/.m2/repository/org/apache/ozone/ozone-filesystem/1.2.0-SNAPSHOT/ozone-filesystem-1.2.0-SNAPSHOT.jar:/home/runner/.m2/repository/org/apache/ozone/ozone-filesystem-common/1.2.0-SNAPSHOT/ozone-filesystem-common-1.2.0-SNAPSHOT.jar:/home/runner/.m2/repository/org/apache/ozone/ozone-tools/1.2.0-SNAPSHOT/ozone-tools-1.2.0-SNAPSHOT.jar:/home/runner/.m2/repository/org/apache/ratis/ratis-tools/2.1.0-03f3b68-SNAPSHOT/ratis-tools-2.1.0-03f3b68-SNAPSHOT.jar:/home/runner/.m2/repository/org/apache/ratis/ratis-proto/2.1.0-03f3b68-SNAPSHOT/ratis-proto-2.1.0-03f3b68-SNAPSHOT.jar:/home/runner/.m2/repository/org/apache/ratis/ratis-common/2.1.0-03f3b68-SNAPSHOT/ratis-common-2.1.0-03f3b68-SNAPSHOT.jar:/home/runner/.m2/repository/com/amazonaws/aws-java-sdk-core/1.11.901/aws-java-sdk-core-1.11.901.jar:/home/runner/.m2/repository/org/apache/httpcomponents/httpclient/4.5.13/httpclient-4.5.13.jar:/home/runner/.m2/repository/org/apache/httpcomponents/httpcore/4.4.13/httpcore-4.4.13.jar:/home/runner/.m2/repository/software/amazon/ion/ion-java/1.0.2/ion-java-1.0.2.jar:/home/runner/.m2/repository/com/fasterxml/jackson/dataformat/jackson-dataformat-cbor/2.12.1/jackson-dataformat-cbor-2.12.1.jar:/home/runner/.m2/repository/joda-time/joda-time/2.8.1/joda-time-2.8.1.jar:/home/runner/.m2/repository/com/amazonaws/aws-java-sdk-s3/1.11.901/aws-java-sdk-s3-1.11.901.jar:/home/runner/.m2/repository/com/amazonaws/aws-java-sdk-kms/1.11.901/aws-java-sdk-kms-1.11.901.jar:/home/runner/.m2/repository/com/amazonaws/jmespath-java/1.11.901/jmespath-java-1.11.901.jar:/home/runner/.m2/repository/org/kohsuke/metainf-services/metainf-services/1.8/metainf-services-1.8.jar:/home/runner/.m2/repository/org/apache/ozone/hdds-tools/1.2.0-SNAPSHOT/hdds-tools-1.2.0-SNAPSHOT.jar:/home/runner/.m2/repository/commons-cli/commons-cli/1.2/commons-cli-1.2.jar:/home/runner/.m2/repository/org/apache/commons/commons-lang3/3.7/commons-lang3-3.7.jar:/home/runner/.m2/repository/org/apache/ozone/ozone-manager/1.2.0-SNAPSHOT/ozone-manager-1.2.0-SNAPSHOT-tests.jar:/home/runner/.m2/repository/org/apache/ozone/hdds-common/1.2.0-SNAPSHOT/hdds-common-1.2.0-SNAPSHOT-tests.jar:/home/runner/.m2/repository/org/apache/ozone/hdds-hadoop-dependency-client/1.2.0-SNAPSHOT/hdds-hadoop-dependency-client-1.2.0-SNAPSHOT.jar:/home/runner/.m2/repository/info/picocli/picocli/4.4.0/picocli-4.4.0.jar:/home/runner/.m2/repository/com/fasterxml/jackson/core/jackson-annotations/2.12.1/jackson-annotations-2.12.1.jar:/home/runner/.m2/repository/javax/annotation/javax.annotation-api/1.2/javax.annotation-api-1.2.jar:/home/runner/.m2/repository/org/apache/ratis/ratis-server/2.1.0-03f3b68-SNAPSHOT/ratis-server-2.1.0-03f3b68-SNAPSHOT.jar:/home/runner/.m2/repository/org/apache/ratis/ratis-client/2.1.0-03f3b68-SNAPSHOT/ratis-client-2.1.0-03f3b68-SNAPSHOT.jar:/home/runner/.m2/repository/org/apache/ratis/ratis-server-api/2.1.0-03f3b68-SNAPSHOT/ratis-server-api-2.1.0-03f3b68-SNAPSHOT.jar:/home/runner/.m2/repository/org/apache/ratis/ratis-metrics/2.1.0-03f3b68-SNAPSHOT/ratis-metrics-2.1.0-03f3b68-SNAPSHOT.jar:/home/runner/.m2/repository/org/apache/ratis/ratis-netty/2.1.0-03f3b68-SNAPSHOT/ratis-netty-2.1.0-03f3b68-SNAPSHOT.jar:/home/runner/.m2/repository/org/apache/ratis/ratis-grpc/2.1.0-03f3b68-SNAPSHOT/ratis-grpc-2.1.0-03f3b68-SNAPSHOT.jar:/home/runner/.m2/repository/org/apache/logging/log4j/log4j-api/2.13.3/log4j-api-2.13.3.jar:/home/runner/.m2/repository/org/apache/logging/log4j/log4j-core/2.13.3/log4j-core-2.13.3.jar:/home/runner/.m2/repository/com/lmax/disruptor/3.4.2/disruptor-3.4.2.jar:/home/runner/.m2/repository/org/apache/commons/commons-pool2/2.6.0/commons-pool2-2.6.0.jar:/home/runner/.m2/repository/org/bouncycastle/bcpkix-jdk15on/1.67/bcpkix-jdk15on-1.67.jar:/home/runner/.m2/repository/commons-validator/commons-validator/1.6/commons-validator-1.6.jar:/home/runner/.m2/repository/commons-beanutils/commons-beanutils/1.9.4/commons-beanutils-1.9.4.jar:/home/runner/.m2/repository/commons-digester/commons-digester/1.8.1/commons-digester-1.8.1.jar:/home/runner/.m2/repository/commons-collections/commons-collections/3.2.2/commons-collections-3.2.2.jar:/home/runner/.m2/repository/io/jaegertracing/jaeger-client/1.6.0/jaeger-client-1.6.0.jar:/home/runner/.m2/repository/io/jaegertracing/jaeger-thrift/1.6.0/jaeger-thrift-1.6.0.jar:/home/runner/.m2/repository/org/apache/thrift/libthrift/0.14.1/libthrift-0.14.1.jar:/home/runner/.m2/repository/com/squareup/okhttp3/okhttp/4.9.0/okhttp-4.9.0.jar:/home/runner/.m2/repository/com/squareup/okio/okio/2.8.0/okio-2.8.0.jar:/home/runner/.m2/repository/io/jaegertracing/jaeger-core/1.6.0/jaeger-core-1.6.0.jar:/home/runner/.m2/repository/io/jaegertracing/jaeger-tracerresolver/1.6.0/jaeger-tracerresolver-1.6.0.jar:/home/runner/.m2/repository/io/opentracing/contrib/opentracing-tracerresolver/0.1.8/opentracing-tracerresolver-0.1.8.jar:/home/runner/.m2/repository/org/jetbrains/kotlin/kotlin-stdlib/1.4.31/kotlin-stdlib-1.4.31.jar:/home/runner/.m2/repository/org/jetbrains/kotlin/kotlin-stdlib-common/1.4.31/kotlin-stdlib-common-1.4.31.jar:/home/runner/.m2/repository/org/jetbrains/annotations/13.0/annotations-13.0.jar:/home/runner/.m2/repository/io/opentracing/opentracing-util/0.33.0/opentracing-util-0.33.0.jar:/home/runner/.m2/repository/io/opentracing/opentracing-api/0.33.0/opentracing-api-0.33.0.jar:/home/runner/.m2/repository/io/opentracing/opentracing-noop/0.33.0/opentracing-noop-0.33.0.jar:/home/runner/.m2/repository/org/yaml/snakeyaml/1.26/snakeyaml-1.26.jar:/home/runner/.m2/repository/org/apache/ozone/hdds-interface-admin/1.2.0-SNAPSHOT/hdds-interface-admin-1.2.0-SNAPSHOT.jar:/home/runner/.m2/repository/junit/junit/4.13.1/junit-4.13.1.jar:/home/runner/.m2/repository/org/hamcrest/hamcrest-core/1.3/hamcrest-core-1.3.jar:/home/runner/.m2/repository/org/junit/jupiter/junit-jupiter-api/5.7.0/junit-jupiter-api-5.7.0.jar:/home/runner/.m2/repository/org/apiguardian/apiguardian-api/1.1.0/apiguardian-api-1.1.0.jar:/home/runner/.m2/repository/org/opentest4j/opentest4j/1.2.0/opentest4j-1.2.0.jar:/home/runner/.m2/repository/org/junit/platform/junit-platform-commons/1.7.0/junit-platform-commons-1.7.0.jar:/home/runner/.m2/repository/org/junit/jupiter/junit-jupiter-engine/5.7.0/junit-jupiter-engine-5.7.0.jar:/home/runner/.m2/repository/org/junit/platform/junit-platform-engine/1.7.0/junit-platform-engine-1.7.0.jar:/home/runner/.m2/repository/org/junit/vintage/junit-vintage-engine/5.7.0/junit-vintage-engine-5.7.0.jar:/home/runner/.m2/repository/org/junit/platform/junit-platform-launcher/1.7.0/junit-platform-launcher-1.7.0.jar:/home/runner/.m2/repository/org/openjdk/jmh/jmh-core/1.19/jmh-core-1.19.jar:/home/runner/.m2/repository/net/sf/jopt-simple/jopt-simple/4.6/jopt-simple-4.6.jar:/home/runner/.m2/repository/org/apache/commons/commons-math3/3.1.1/commons-math3-3.1.1.jar:/home/runner/.m2/repository/org/openjdk/jmh/jmh-generator-annprocess/1.19/jmh-generator-annprocess-1.19.jar:/home/runner/.m2/repository/org/mockito/mockito-core/2.28.2/mockito-core-2.28.2.jar:/home/runner/.m2/repository/net/bytebuddy/byte-buddy/1.9.10/byte-buddy-1.9.10.jar:/home/runner/.m2/repository/net/bytebuddy/byte-buddy-agent/1.9.10/byte-buddy-agent-1.9.10.jar:/home/runner/.m2/repository/org/objenesis/objenesis/1.0/objenesis-1.0.jar:/home/runner/.m2/repository/org/apache/hadoop/hadoop-kms/3.3.1/hadoop-kms-3.3.1.jar:/home/runner/.m2/repository/org/apache/hadoop/hadoop-auth/3.3.1/hadoop-auth-3.3.1.jar:/home/runner/.m2/repository/com/nimbusds/nimbus-jose-jwt/7.9/nimbus-jose-jwt-7.9.jar:/home/runner/.m2/repository/com/github/stephenc/jcip/jcip-annotations/1.0-1/jcip-annotations-1.0-1.jar:/home/runner/.m2/repository/net/minidev/json-smart/2.3/json-smart-2.3.jar:/home/runner/.m2/repository/net/minidev/accessors-smart/1.2/accessors-smart-1.2.jar:/home/runner/.m2/repository/org/ow2/asm/asm/5.0.4/asm-5.0.4.jar:/home/runner/.m2/repository/org/apache/zookeeper/zookeeper/3.5.6/zookeeper-3.5.6.jar:/home/runner/.m2/repository/org/apache/zookeeper/zookeeper-jute/3.5.6/zookeeper-jute-3.5.6.jar:/home/runner/.m2/repository/org/apache/yetus/audience-annotations/0.5.0/audience-annotations-0.5.0.jar:/home/runner/.m2/repository/org/apache/curator/curator-framework/4.2.0/curator-framework-4.2.0.jar:/home/runner/.m2/repository/org/apache/hadoop/thirdparty/hadoop-shaded-guava/1.1.1/hadoop-shaded-guava-1.1.1.jar:/home/runner/.m2/repository/com/sun/jersey/jersey-core/1.19/jersey-core-1.19.jar:/home/runner/.m2/repository/javax/ws/rs/jsr311-api/1.1.1/jsr311-api-1.1.1.jar:/home/runner/.m2/repository/com/sun/jersey/jersey-server/1.19/jersey-server-1.19.jar:/home/runner/.m2/repository/javax/servlet/javax.servlet-api/3.1.0/javax.servlet-api-3.1.0.jar:/home/runner/.m2/repository/org/eclipse/jetty/jetty-server/9.4.43.v20210629/jetty-server-9.4.43.v20210629.jar:/home/runner/.m2/repository/org/eclipse/jetty/jetty-http/9.4.43.v20210629/jetty-http-9.4.43.v20210629.jar:/home/runner/.m2/repository/org/eclipse/jetty/jetty-io/9.4.43.v20210629/jetty-io-9.4.43.v20210629.jar:/home/runner/.m2/repository/org/eclipse/jetty/jetty-webapp/9.4.43.v20210629/jetty-webapp-9.4.43.v20210629.jar:/home/runner/.m2/repository/org/eclipse/jetty/jetty-xml/9.4.43.v20210629/jetty-xml-9.4.43.v20210629.jar:/home/runner/.m2/repository/org/apache/hadoop/hadoop-common/3.3.1/hadoop-common-3.3.1.jar:/home/runner/.m2/repository/commons-net/commons-net/3.6/commons-net-3.6.jar:/home/runner/.m2/repository/jakarta/activation/jakarta.activation-api/1.2.1/jakarta.activation-api-1.2.1.jar:/home/runner/.m2/repository/com/sun/jersey/jersey-servlet/1.19/jersey-servlet-1.19.jar:/home/runner/.m2/repository/com/sun/jersey/jersey-json/1.19/jersey-json-1.19.jar:/home/runner/.m2/repository/org/codehaus/jettison/jettison/1.1/jettison-1.1.jar:/home/runner/.m2/repository/com/sun/xml/bind/jaxb-impl/2.2.3-1/jaxb-impl-2.2.3-1.jar:/home/runner/.m2/repository/org/codehaus/jackson/jackson-jaxrs/1.9.2/jackson-jaxrs-1.9.2.jar:/home/runner/.m2/repository/org/codehaus/jackson/jackson-xc/1.9.2/jackson-xc-1.9.2.jar:/home/runner/.m2/repository/org/apache/commons/commons-configuration2/2.1.1/commons-configuration2-2.1.1.jar:/home/runner/.m2/repository/org/apache/commons/commons-text/1.4/commons-text-1.4.jar:/home/runner/.m2/repository/com/google/re2j/re2j/1.1/re2j-1.1.jar:/home/runner/.m2/repository/com/jcraft/jsch/0.1.54/jsch-0.1.54.jar:/home/runner/.m2/repository/org/apache/curator/curator-client/4.2.0/curator-client-4.2.0.jar:/home/runner/.m2/repository/org/apache/curator/curator-recipes/4.2.0/curator-recipes-4.2.0.jar:/home/runner/.m2/repository/org/apache/kerby/kerb-core/1.0.1/kerb-core-1.0.1.jar:/home/runner/.m2/repository/org/apache/kerby/kerby-pkix/1.0.1/kerby-pkix-1.0.1.jar:/home/runner/.m2/repository/org/apache/kerby/kerby-asn1/1.0.1/kerby-asn1-1.0.1.jar:/home/runner/.m2/repository/org/apache/kerby/kerby-util/1.0.1/kerby-util-1.0.1.jar:/home/runner/.m2/repository/dnsjava/dnsjava/2.1.7/dnsjava-2.1.7.jar:/home/runner/.m2/repository/org/xerial/snappy/snappy-java/1.1.8.2/snappy-java-1.1.8.2.jar:/home/runner/.m2/repository/org/slf4j/jul-to-slf4j/1.7.30/jul-to-slf4j-1.7.30.jar:/home/runner/.m2/repository/org/eclipse/jetty/jetty-util/9.4.43.v20210629/jetty-util-9.4.43.v20210629.jar:/home/runner/.m2/repository/com/fasterxml/jackson/core/jackson-databind/2.12.1/jackson-databind-2.12.1.jar:/home/runner/.m2/repository/org/apache/hadoop/hadoop-kms/3.3.1/hadoop-kms-3.3.1-tests.jar:/home/runner/.m2/repository/org/apache/ozone/hdds-server-scm/1.2.0-SNAPSHOT/hdds-server-scm-1.2.0-SNAPSHOT-tests.jar:/home/runner/.m2/repository/org/apache/ozone/hdds-container-service/1.2.0-SNAPSHOT/hdds-container-service-1.2.0-SNAPSHOT-tests.jar:/home/runner/.m2/repository/commons-codec/commons-codec/1.11/commons-codec-1.11.jar:/home/runner/.m2/repository/io/netty/netty-transport/4.1.63.Final/netty-transport-4.1.63.Final.jar:/home/runner/.m2/repository/io/netty/netty-resolver/4.1.63.Final/netty-resolver-4.1.63.Final.jar:/home/runner/.m2/repository/io/netty/netty-codec/4.1.63.Final/netty-codec-4.1.63.Final.jar:/home/runner/.m2/repository/io/netty/netty-handler/4.1.63.Final/netty-handler-4.1.63.Final.jar:/home/runner/.m2/repository/org/apache/ozone/hdds-hadoop-dependency-test/1.2.0-SNAPSHOT/hdds-hadoop-dependency-test-1.2.0-SNAPSHOT.jar:/home/runner/.m2/repository/org/apache/hadoop/hadoop-common/3.3.1/hadoop-common-3.3.1-tests.jar:/home/runner/.m2/repository/org/assertj/assertj-core/3.12.2/assertj-core-3.12.2.jar:/home/runner/.m2/repository/org/apache/hadoop/hadoop-hdfs/3.3.1/hadoop-hdfs-3.3.1-tests.jar:/home/runner/.m2/repository/org/eclipse/jetty/jetty-util-ajax/9.4.43.v20210629/jetty-util-ajax-9.4.43.v20210629.jar:/home/runner/.m2/repository/commons-daemon/commons-daemon/1.0.13/commons-daemon-1.0.13.jar:/home/runner/.m2/repository/io/netty/netty/3.10.6.Final/netty-3.10.6.Final.jar:/home/runner/.m2/repository/io/netty/netty-all/4.1.63.Final/netty-all-4.1.63.Final.jar:/home/runner/.m2/repository/org/apache/htrace/htrace-core4/4.1.0-incubating/htrace-core4-4.1.0-incubating.jar:/home/runner/.m2/repository/org/fusesource/leveldbjni/leveldbjni-all/1.8/leveldbjni-all-1.8.jar:/home/runner/.m2/repository/org/apache/hadoop/hadoop-distcp/3.3.1/hadoop-distcp-3.3.1.jar:/home/runner/.m2/repository/org/apache/hadoop/hadoop-mapreduce-client-jobclient/3.3.1/hadoop-mapreduce-client-jobclient-3.3.1.jar:/home/runner/.m2/repository/org/apache/hadoop/hadoop-mapreduce-client-common/3.3.1/hadoop-mapreduce-client-common-3.3.1.jar:/home/runner/.m2/repository/org/apache/hadoop/hadoop-yarn-common/3.3.1/hadoop-yarn-common-3.3.1.jar:/home/runner/.m2/repository/org/apache/hadoop/hadoop-yarn-api/3.3.1/hadoop-yarn-api-3.3.1.jar:/home/runner/.m2/repository/com/sun/jersey/jersey-client/1.19/jersey-client-1.19.jar:/home/runner/.m2/repository/com/sun/jersey/contribs/jersey-guice/1.19/jersey-guice-1.19.jar:/home/runner/.m2/repository/com/fasterxml/jackson/jaxrs/jackson-jaxrs-json-provider/2.12.1/jackson-jaxrs-json-provider-2.12.1.jar:/home/runner/.m2/repository/com/fasterxml/jackson/jaxrs/jackson-jaxrs-base/2.12.1/jackson-jaxrs-base-2.12.1.jar:/home/runner/.m2/repository/org/apache/hadoop/hadoop-yarn-client/3.3.1/hadoop-yarn-client-3.3.1.jar:/home/runner/.m2/repository/org/eclipse/jetty/websocket/websocket-client/9.4.40.v20210413/websocket-client-9.4.40.v20210413.jar:/home/runner/.m2/repository/org/eclipse/jetty/jetty-client/9.4.40.v20210413/jetty-client-9.4.40.v20210413.jar:/home/runner/.m2/repository/org/eclipse/jetty/websocket/websocket-common/9.4.40.v20210413/websocket-common-9.4.40.v20210413.jar:/home/runner/.m2/repository/org/eclipse/jetty/websocket/websocket-api/9.4.40.v20210413/websocket-api-9.4.40.v20210413.jar:/home/runner/.m2/repository/org/jline/jline/3.9.0/jline-3.9.0.jar:/home/runner/.m2/repository/org/apache/hadoop/hadoop-mapreduce-client-core/3.3.1/hadoop-mapreduce-client-core-3.3.1.jar:/home/runner/.m2/repository/org/apache/avro/avro/1.7.7/avro-1.7.7.jar:/home/runner/.m2/repository/org/codehaus/jackson/jackson-core-asl/1.9.13/jackson-core-asl-1.9.13.jar:/home/runner/.m2/repository/org/codehaus/jackson/jackson-mapper-asl/1.9.13/jackson-mapper-asl-1.9.13.jar:/home/runner/.m2/repository/com/thoughtworks/paranamer/paranamer/2.3/paranamer-2.3.jar:/home/runner/.m2/repository/org/apache/hadoop/hadoop-annotations/3.3.1/hadoop-annotations-3.3.1.jar:/usr/lib/jvm/adoptopenjdk-8-hotspot-amd64/jre/../lib/tools.jar:/home/runner/.m2/repository/org/apache/hadoop/hadoop-distcp/3.3.1/hadoop-distcp-3.3.1-tests.jar:"/>
    <property name="sun.cpu.endian" value="little"/>
    <property name="user.home" value="/home/runner"/>
    <property name="user.language" value="en"/>
    <property name="java.specification.vendor" value="Oracle Corporation"/>
    <property name="java.home" value="/usr/lib/jvm/adoptopenjdk-8-hotspot-amd64/jre"/>
    <property name="java.security.krb5.conf" value="/home/runner/work/ozone/ozone/hadoop-ozone/integration-test/target/test-classes/krb5.conf"/>
    <property name="basedir" value="/home/runner/work/ozone/ozone/hadoop-ozone/integration-test"/>
    <property name="file.separator" value="/"/>
    <property name="line.separator" value="&#10;"/>
    <property name="java.vm.specification.vendor" value="Oracle Corporation"/>
    <property name="java.specification.name" value="Java Platform API Specification"/>
    <property name="java.awt.graphicsenv" value="sun.awt.X11GraphicsEnvironment"/>
    <property name="skip.installnpx" value="true"/>
    <property name="surefire.real.class.path" value="/home/runner/work/ozone/ozone/hadoop-ozone/integration-test/target/surefire/surefirebooter3466545439628333015.jar:/home/runner/.m2/repository/org/jacoco/org.jacoco.agent/0.8.5/org.jacoco.agent-0.8.5-runtime.jar"/>
    <property name="hadoop.log.dir" value="/home/runner/work/ozone/ozone/hadoop-ozone/integration-test/target/log"/>
    <property name="sun.boot.class.path" value="/usr/lib/jvm/adoptopenjdk-8-hotspot-amd64/jre/lib/resources.jar:/usr/lib/jvm/adoptopenjdk-8-hotspot-amd64/jre/lib/rt.jar:/usr/lib/jvm/adoptopenjdk-8-hotspot-amd64/jre/lib/sunrsasign.jar:/usr/lib/jvm/adoptopenjdk-8-hotspot-amd64/jre/lib/jsse.jar:/usr/lib/jvm/adoptopenjdk-8-hotspot-amd64/jre/lib/jce.jar:/usr/lib/jvm/adoptopenjdk-8-hotspot-amd64/jre/lib/charsets.jar:/usr/lib/jvm/adoptopenjdk-8-hotspot-amd64/jre/lib/jfr.jar:/usr/lib/jvm/adoptopenjdk-8-hotspot-amd64/jre/classes"/>
    <property name="sun.management.compiler" value="HotSpot 64-Bit Tiered Compilers"/>
    <property name="skip.npx" value="true"/>
    <property name="java.runtime.version" value="1.8.0_292-b10"/>
    <property name="java.net.preferIPv4Stack" value="true"/>
    <property name="user.name" value="runner"/>
    <property name="path.separator" value=":"/>
    <property name="java.security.egd" value="file:///dev/urandom"/>
    <property name="os.version" value="5.4.0-1055-azure"/>
    <property name="java.endorsed.dirs" value="/usr/lib/jvm/adoptopenjdk-8-hotspot-amd64/jre/lib/endorsed"/>
    <property name="java.runtime.name" value="OpenJDK Runtime Environment"/>
    <property name="file.encoding" value="UTF-8"/>
    <property name="java.vm.name" value="OpenJDK 64-Bit Server VM"/>
    <property name="test.build.webapps" value=""/>
    <property name="localRepository" value="/home/runner/.m2/repository"/>
    <property name="java.vendor.url.bug" value="https://github.com/AdoptOpenJDK/openjdk-support/issues"/>
    <property name="java.io.tmpdir" value="/tmp"/>
    <property name="require.test.libhadoop" value=""/>
    <property name="java.version" value="1.8.0_292"/>
    <property name="user.dir" value="/home/runner/work/ozone/ozone/hadoop-ozone/integration-test"/>
    <property name="os.arch" value="amd64"/>
    <property name="java.vm.specification.name" value="Java Virtual Machine Specification"/>
    <property name="test.build.classes" value="/home/runner/work/ozone/ozone/hadoop-ozone/integration-test/target/test-classes"/>
    <property name="java.awt.printerjob" value="sun.print.PSPrinterJob"/>
    <property name="sun.os.patch.level" value="unknown"/>
    <property name="hadoop.tmp.dir" value="/home/runner/work/ozone/ozone/hadoop-ozone/integration-test/target/tmp"/>
    <property name="java.library.path" value="/usr/java/packages/lib/amd64:/usr/lib64:/lib64:/lib:/usr/lib"/>
    <property name="java.vm.info" value="mixed mode"/>
    <property name="java.vendor" value="AdoptOpenJDK"/>
    <property name="java.vm.version" value="25.292-b10"/>
    <property name="java.ext.dirs" value="/usr/lib/jvm/adoptopenjdk-8-hotspot-amd64/jre/lib/ext:/usr/java/packages/lib/ext"/>
    <property name="sun.io.unicode.encoding" value="UnicodeLittle"/>
    <property name="java.class.version" value="52.0"/>
  </properties>
  <testcase name="testPipelineCloseWithPipelineAction" classname="org.apache.hadoop.hdds.scm.pipeline.TestPipelineClose" time="37.987"/>
  <testcase name="testPipelineCloseWithOpenContainer" classname="org.apache.hadoop.hdds.scm.pipeline.TestPipelineClose" time="30.558"/>
  <testcase name="testPipelineCloseWithClosedContainer" classname="org.apache.hadoop.hdds.scm.pipeline.TestPipelineClose" time="31.13"/>
  <testcase name="testPipelineCloseWithLogFailure" classname="org.apache.hadoop.hdds.scm.pipeline.TestPipelineClose" time="37.679">
    <failure message="&#10;Wanted but not invoked:&#10;pipelineActionHandler.onMessage(&#10;    &lt;Capturing argument&gt;,&#10;    &lt;any org.apache.hadoop.hdds.server.events.EventPublisher&gt;&#10;);&#10;-&gt; at org.apache.hadoop.hdds.scm.pipeline.PipelineActionHandler.onMessage(PipelineActionHandler.java:64)&#10;Actually, there were zero interactions with this mock.&#10;" type="Wanted but not invoked"><![CDATA[Wanted but not invoked:
pipelineActionHandler.onMessage(
    <Capturing argument>,
    <any org.apache.hadoop.hdds.server.events.EventPublisher>
);
-> at org.apache.hadoop.hdds.scm.pipeline.PipelineActionHandler.onMessage(PipelineActionHandler.java:64)
Actually, there were zero interactions with this mock.

	at org.apache.hadoop.hdds.scm.pipeline.PipelineActionHandler.onMessage(PipelineActionHandler.java:64)
	at org.apache.hadoop.hdds.scm.pipeline.TestPipelineClose.testPipelineCloseWithLogFailure(TestPipelineClose.java:246)
	at sun.reflect.NativeMethodAccessorImpl.invoke0(Native Method)
	at sun.reflect.NativeMethodAccessorImpl.invoke(NativeMethodAccessorImpl.java:62)
	at sun.reflect.DelegatingMethodAccessorImpl.invoke(DelegatingMethodAccessorImpl.java:43)
	at java.lang.reflect.Method.invoke(Method.java:498)
	at org.junit.runners.model.FrameworkMethod$1.runReflectiveCall(FrameworkMethod.java:59)
	at org.junit.internal.runners.model.ReflectiveCallable.run(ReflectiveCallable.java:12)
	at org.junit.runners.model.FrameworkMethod.invokeExplosively(FrameworkMethod.java:56)
	at org.junit.internal.runners.statements.InvokeMethod.evaluate(InvokeMethod.java:17)
	at org.junit.internal.runners.statements.RunBefores.evaluate(RunBefores.java:26)
	at org.junit.internal.runners.statements.RunAfters.evaluate(RunAfters.java:27)
	at org.junit.internal.runners.statements.FailOnTimeout$CallableStatement.call(FailOnTimeout.java:288)
	at org.junit.internal.runners.statements.FailOnTimeout$CallableStatement.call(FailOnTimeout.java:282)
	at java.util.concurrent.FutureTask.run(FutureTask.java:266)
	at java.lang.Thread.run(Thread.java:748)
]]></failure>
    <system-out><![CDATA[2021-08-12 05:14:31,280 [Time-limited test] WARN  server.ServerUtils (ServerUtils.java:getScmDbDir(148)) - ozone.scm.db.dirs is not configured. We recommend adding this setting. Falling back to ozone.metadata.dirs instead.
2021-08-12 05:14:31,295 [Time-limited test] INFO  ha.SCMHANodeDetails (SCMHANodeDetails.java:loadSCMHAConfig(157)) - ServiceID for StorageContainerManager is null
2021-08-12 05:14:31,295 [Time-limited test] INFO  ha.SCMHANodeDetails (SCMHANodeDetails.java:loadSCMHAConfig(162)) - ozone.scm.default.service.id is not defined, falling back to ozone.scm.service.ids to find serviceID for StorageContainerManager if it is HA enabled cluster
2021-08-12 05:14:31,295 [Time-limited test] WARN  server.ServerUtils (ServerUtils.java:getScmDbDir(148)) - ozone.scm.db.dirs is not configured. We recommend adding this setting. Falling back to ozone.metadata.dirs instead.
2021-08-12 05:14:31,296 [Time-limited test] INFO  upgrade.AbstractLayoutVersionManager (AbstractLayoutVersionManager.java:init(70)) - Initializing Layout version manager with metadata layout = SCM_HA (version = 2), software layout = SCM_HA (version = 2)
2021-08-12 05:14:31,351 [Time-limited test] INFO  reflections.Reflections (Reflections.java:scan(232)) - Reflections took 54 ms to scan 7 urls, producing 120 keys and 275 values 
2021-08-12 05:14:31,376 [Time-limited test] WARN  utils.HAUtils (HAUtils.java:getMetaDir(342)) - ozone.scm.db.dirs is not configured. We recommend adding this setting. Falling back to ozone.metadata.dirs instead.
2021-08-12 05:14:31,377 [Time-limited test] WARN  db.DBStoreBuilder (DBStoreBuilder.java:applyDBDefinition(145)) - ozone.scm.db.dirs is not configured. We recommend adding this setting. Falling back to ozone.metadata.dirs instead.
2021-08-12 05:14:31,520 [Time-limited test] INFO  net.NodeSchemaLoader (NodeSchemaLoader.java:loadSchemaFromFile(129)) - Loading schema from [jar:file:/home/runner/.m2/repository/org/apache/ozone/hdds-common/1.2.0-SNAPSHOT/hdds-common-1.2.0-SNAPSHOT.jar!/network-topology-default.xml]
2021-08-12 05:14:31,527 [Time-limited test] INFO  net.NodeSchemaLoader (NodeSchemaLoader.java:loadSchema(176)) - Loading network topology layer schema file
2021-08-12 05:14:31,529 [Time-limited test] INFO  ha.SequenceIdGenerator (SequenceIdGenerator.java:upgradeToSequenceId(327)) - upgrade localId to 107544261427200000
2021-08-12 05:14:31,529 [Time-limited test] INFO  ha.SequenceIdGenerator (SequenceIdGenerator.java:upgradeToSequenceId(337)) - upgrade delTxnId to 0
2021-08-12 05:14:31,529 [Time-limited test] INFO  ha.SequenceIdGenerator (SequenceIdGenerator.java:upgradeToSequenceId(351)) - upgrade containerId to 0
2021-08-12 05:14:31,530 [Time-limited test] INFO  ha.SequenceIdGenerator (SequenceIdGenerator.java:<init>(217)) - Init the HA SequenceIdGenerator.
2021-08-12 05:14:31,530 [Time-limited test] WARN  server.ServerUtils (ServerUtils.java:sanitizeUserArgs(73)) - ozone.scm.stale.node.interval value = 300000 is larger than max = 100000 based on the key value of ozone.scm.heartbeat.thread.interval, reset to the max value 100000.
2021-08-12 05:14:31,530 [Time-limited test] WARN  server.ServerUtils (ServerUtils.java:sanitizeUserArgs(73)) - ozone.scm.stale.node.interval value = 300000 is larger than max = 100000 based on the key value of ozone.scm.heartbeat.thread.interval, reset to the max value 100000.
2021-08-12 05:14:31,548 [Time-limited test] INFO  node.SCMNodeManager (SCMNodeManager.java:<init>(145)) - Entering startup safe mode.
2021-08-12 05:14:31,549 [Time-limited test] INFO  algorithms.ContainerPlacementPolicyFactory (ContainerPlacementPolicyFactory.java:getPolicy(60)) - Create container placement policy of type org.apache.hadoop.hdds.scm.container.placement.algorithms.SCMContainerPlacementRandom
2021-08-12 05:14:31,549 [Time-limited test] INFO  pipeline.PipelineStateManager (PipelineStateManagerV2Impl.java:initialize(78)) - No pipeline exists in current db
2021-08-12 05:14:31,549 [Time-limited test] INFO  algorithms.LeaderChoosePolicyFactory (LeaderChoosePolicyFactory.java:getPolicy(57)) - Create leader choose policy of type org.apache.hadoop.hdds.scm.pipeline.leader.choose.algorithms.MinLeaderCountChoosePolicy
2021-08-12 05:14:31,549 [Time-limited test] INFO  ha.SCMServiceManager (SCMServiceManager.java:register(43)) - Registering service BackgroundPipelineCreator.
2021-08-12 05:14:31,549 [Time-limited test] INFO  pipeline.BackgroundPipelineCreator (BackgroundPipelineCreatorV2.java:start(130)) - Starting RatisPipelineUtilsThread.
2021-08-12 05:14:31,550 [Time-limited test] INFO  algorithms.PipelineChoosePolicyFactory (PipelineChoosePolicyFactory.java:createPipelineChoosePolicyFromClass(73)) - Create pipeline choose policy of type org.apache.hadoop.hdds.scm.pipeline.choose.algorithms.RandomPipelineChoosePolicy
2021-08-12 05:14:31,550 [Time-limited test] INFO  ha.SCMServiceManager (SCMServiceManager.java:register(43)) - Registering service SCMBlockDeletingService.
2021-08-12 05:14:31,550 [Time-limited test] INFO  ha.SCMServiceManager (SCMServiceManager.java:register(43)) - Registering service ReplicationManager.
2021-08-12 05:14:31,550 [Time-limited test] INFO  container.ReplicationManager (ReplicationManager.java:start(286)) - Starting Replication Monitor Thread.
2021-08-12 05:14:31,571 [Time-limited test] INFO  safemode.ContainerSafeModeRule (ContainerSafeModeRule.java:<init>(89)) - containers with one replica threshold count 0
2021-08-12 05:14:31,578 [Time-limited test] INFO  safemode.HealthyPipelineSafeModeRule (HealthyPipelineSafeModeRule.java:initializeRule(156)) - Total pipeline count is 0, healthy pipeline threshold count is 1
2021-08-12 05:14:31,578 [Time-limited test] INFO  safemode.OneReplicaPipelineSafeModeRule (OneReplicaPipelineSafeModeRule.java:initializeRule(180)) - Total pipeline count is 0, pipeline's with at least one datanode reported threshold count is 0
2021-08-12 05:14:31,579 [Time-limited test] INFO  ipc.CallQueueManager (CallQueueManager.java:<init>(90)) - Using callQueue: class java.util.concurrent.LinkedBlockingQueue, queueCapacity: 2000, scheduler: class org.apache.hadoop.ipc.DefaultRpcScheduler, ipcBackoff: false.
2021-08-12 05:14:31,580 [Socket Reader #1 for port 0] INFO  ipc.Server (Server.java:run(1265)) - Starting Socket Reader #1 for port 0
2021-08-12 05:14:31,590 [Listener at 0.0.0.0/45461] INFO  ipc.CallQueueManager (CallQueueManager.java:<init>(90)) - Using callQueue: class java.util.concurrent.LinkedBlockingQueue, queueCapacity: 2000, scheduler: class org.apache.hadoop.ipc.DefaultRpcScheduler, ipcBackoff: false.
2021-08-12 05:14:31,613 [Socket Reader #1 for port 0] INFO  ipc.Server (Server.java:run(1265)) - Starting Socket Reader #1 for port 0
2021-08-12 05:14:31,615 [Listener at 0.0.0.0/40147] INFO  ipc.CallQueueManager (CallQueueManager.java:<init>(90)) - Using callQueue: class java.util.concurrent.LinkedBlockingQueue, queueCapacity: 2000, scheduler: class org.apache.hadoop.ipc.DefaultRpcScheduler, ipcBackoff: false.
2021-08-12 05:14:31,631 [Socket Reader #1 for port 0] INFO  ipc.Server (Server.java:run(1265)) - Starting Socket Reader #1 for port 0
2021-08-12 05:14:31,635 [ReplicationMonitor] INFO  container.ReplicationManager (ReplicationManager.java:processAll(341)) - Replication Monitor Thread took 0 milliseconds for processing 0 containers.
2021-08-12 05:14:31,653 [Listener at 0.0.0.0/34429] INFO  algorithms.ContainerPlacementPolicyFactory (ContainerPlacementPolicyFactory.java:getPolicy(60)) - Create container placement policy of type org.apache.hadoop.hdds.scm.container.placement.algorithms.SCMContainerPlacementRandom
2021-08-12 05:14:31,654 [Listener at 0.0.0.0/34429] INFO  server.StorageContainerManager (StorageContainerManager.java:<init>(383)) - 
Container Balancer status:
Key                            Value
Running                        false
Container Balancer Configuration values:
Key                                                Value
Threshold                                          0.1
Max Datanodes to Involve per Iteration(ratio)      0.5
Max Size to Move per Iteration                     10737418240B

2021-08-12 05:14:31,654 [Listener at 0.0.0.0/34429] WARN  events.EventQueue (EventQueue.java:fireEvent(194)) - No event handler registered for event TypedEvent{payloadType=SafeModeStatus, name='Safe mode status'}
2021-08-12 05:14:31,654 [Listener at 0.0.0.0/34429] INFO  ha.SCMContext (SCMContext.java:updateSafeModeStatus(205)) - Update SafeModeStatus from SafeModeStatus{safeModeStatus=true, preCheckPassed=false} to SafeModeStatus{safeModeStatus=true, preCheckPassed=false}.
2021-08-12 05:14:31,656 [Listener at 0.0.0.0/34429] INFO  server.StorageContainerManager (StorageContainerManager.java:start(1249)) - StorageContainerLocationProtocol RPC server is listening at /0.0.0.0:34429
2021-08-12 05:14:31,657 [Listener at 0.0.0.0/34429] WARN  impl.MetricsConfig (MetricsConfig.java:loadFirst(136)) - Cannot locate configuration: tried hadoop-metrics2-storagecontainermanager.properties,hadoop-metrics2.properties
2021-08-12 05:14:31,658 [Listener at 0.0.0.0/34429] INFO  impl.MetricsSystemImpl (MetricsSystemImpl.java:startTimer(378)) - Scheduled Metric snapshot period at 10 second(s).
2021-08-12 05:14:31,658 [Listener at 0.0.0.0/34429] INFO  impl.MetricsSystemImpl (MetricsSystemImpl.java:start(191)) - StorageContainerManager metrics system started
2021-08-12 05:14:31,715 [Listener at 0.0.0.0/34429] INFO  impl.MetricsSinkAdapter (MetricsSinkAdapter.java:start(204)) - Sink prometheus started
2021-08-12 05:14:31,715 [Listener at 0.0.0.0/34429] INFO  impl.MetricsSystemImpl (MetricsSystemImpl.java:registerSink(305)) - Registered sink prometheus
2021-08-12 05:14:31,731 [Listener at 0.0.0.0/34429] INFO  server.SCMClientProtocolServer (SCMClientProtocolServer.java:start(164)) - RPC server for Client  is listening at /0.0.0.0:34429
2021-08-12 05:14:31,731 [IPC Server Responder] INFO  ipc.Server (Server.java:run(1507)) - IPC Server Responder: starting
2021-08-12 05:14:31,731 [IPC Server listener on 0] INFO  ipc.Server (Server.java:run(1344)) - IPC Server listener on 0: starting
2021-08-12 05:14:31,733 [Listener at 0.0.0.0/34429] INFO  server.StorageContainerManager (StorageContainerManager.java:start(1264)) - ScmBlockLocationProtocol RPC server is listening at /0.0.0.0:40147
2021-08-12 05:14:31,733 [Listener at 0.0.0.0/34429] INFO  server.SCMBlockProtocolServer (SCMBlockProtocolServer.java:start(151)) - RPC server for Block Protocol is listening at /0.0.0.0:40147
2021-08-12 05:14:31,734 [IPC Server Responder] INFO  ipc.Server (Server.java:run(1507)) - IPC Server Responder: starting
2021-08-12 05:14:31,734 [IPC Server listener on 0] INFO  ipc.Server (Server.java:run(1344)) - IPC Server listener on 0: starting
2021-08-12 05:14:31,784 [Listener at 0.0.0.0/34429] INFO  server.StorageContainerManager (StorageContainerManager.java:start(1270)) - ScmDatanodeProtocl RPC server is listening at /0.0.0.0:45461
2021-08-12 05:14:31,784 [Listener at 0.0.0.0/34429] INFO  server.SCMDatanodeProtocolServer (SCMDatanodeProtocolServer.java:start(181)) - RPC server for DataNodes is listening at /0.0.0.0:45461
2021-08-12 05:14:31,790 [IPC Server Responder] INFO  ipc.Server (Server.java:run(1507)) - IPC Server Responder: starting
2021-08-12 05:14:31,792 [IPC Server listener on 0] INFO  ipc.Server (Server.java:run(1344)) - IPC Server listener on 0: starting
2021-08-12 05:14:31,827 [org.apache.hadoop.util.JvmPauseMonitor$Monitor@79743a1f] INFO  util.JvmPauseMonitor (JvmPauseMonitor.java:run(188)) - Starting JVM pause monitor
2021-08-12 05:14:31,846 [Listener at 0.0.0.0/34429] INFO  http.BaseHttpServer (BaseHttpServer.java:newHttpServer2BuilderForOzone(209)) - Starting Web-server for scm at: http://0.0.0.0:0
2021-08-12 05:14:31,846 [Listener at 0.0.0.0/34429] INFO  http.BaseHttpServer (BaseHttpServer.java:<init>(107)) - Hadoop Security Enabled: false Ozone Security Enabled: false Ozone HTTP Security Enabled: false 
2021-08-12 05:14:31,847 [Listener at 0.0.0.0/34429] INFO  server.AuthenticationFilter (AuthenticationFilter.java:constructSecretProvider(240)) - Unable to initialize FileSignerSecretProvider, falling back to use random secrets.
2021-08-12 05:14:31,860 [Listener at 0.0.0.0/34429] WARN  http.HttpRequestLog (HttpRequestLog.java:getRequestLog(103)) - Jetty request log can only be enabled using Log4j
2021-08-12 05:14:31,861 [Listener at 0.0.0.0/34429] INFO  http.HttpServer2 (HttpServer2.java:addGlobalFilter(1020)) - Added global filter 'safety' (class=org.apache.hadoop.hdds.server.http.HttpServer2$QuotingInputFilter)
2021-08-12 05:14:31,861 [Listener at 0.0.0.0/34429] INFO  http.HttpServer2 (HttpServer2.java:addFilter(996)) - Added filter static_user_filter (class=org.apache.hadoop.http.lib.StaticUserWebFilter$StaticUserFilter) to context scm
2021-08-12 05:14:31,862 [Listener at 0.0.0.0/34429] INFO  http.HttpServer2 (HttpServer2.java:addFilter(1004)) - Added filter static_user_filter (class=org.apache.hadoop.http.lib.StaticUserWebFilter$StaticUserFilter) to context logs
2021-08-12 05:14:31,862 [Listener at 0.0.0.0/34429] INFO  http.HttpServer2 (HttpServer2.java:addFilter(1004)) - Added filter static_user_filter (class=org.apache.hadoop.http.lib.StaticUserWebFilter$StaticUserFilter) to context static
2021-08-12 05:14:31,862 [Listener at 0.0.0.0/34429] INFO  http.HttpServer2 (HttpServer2.java:bindListener(1239)) - Jetty bound to port 35909
2021-08-12 05:14:31,862 [Listener at 0.0.0.0/34429] INFO  server.Server (Server.java:doStart(375)) - jetty-9.4.43.v20210629; built: 2021-06-30T11:07:22.254Z; git: 526006ecfa3af7f1a27ef3a288e2bef7ea9dd7e8; jvm 1.8.0_292-b10
2021-08-12 05:14:31,915 [Listener at 0.0.0.0/34429] INFO  server.session (DefaultSessionIdManager.java:doStart(334)) - DefaultSessionIdManager workerName=node0
2021-08-12 05:14:31,915 [Listener at 0.0.0.0/34429] INFO  server.session (DefaultSessionIdManager.java:doStart(339)) - No SessionScavenger set, using defaults
2021-08-12 05:14:31,916 [Listener at 0.0.0.0/34429] INFO  server.session (HouseKeeper.java:startScavenging(132)) - node0 Scavenging every 600000ms
2021-08-12 05:14:31,919 [Listener at 0.0.0.0/34429] INFO  handler.ContextHandler (ContextHandler.java:doStart(915)) - Started o.e.j.s.ServletContextHandler@5c774d0c{logs,/logs,file:///home/runner/work/ozone/ozone/hadoop-ozone/integration-test/target/log,AVAILABLE}
2021-08-12 05:14:31,919 [Listener at 0.0.0.0/34429] INFO  handler.ContextHandler (ContextHandler.java:doStart(915)) - Started o.e.j.s.ServletContextHandler@67bf5792{static,/static,file:///home/runner/work/ozone/ozone/hadoop-ozone/integration-test/target/test-classes/webapps/static,AVAILABLE}
2021-08-12 05:14:31,932 [Listener at 0.0.0.0/34429] INFO  handler.ContextHandler (ContextHandler.java:doStart(915)) - Started o.e.j.w.WebAppContext@342bc648{scm,/,file:///home/runner/work/ozone/ozone/hadoop-ozone/integration-test/target/test-classes/webapps/scm/,AVAILABLE}{file:/home/runner/work/ozone/ozone/hadoop-ozone/integration-test/target/test-classes/webapps/scm}
2021-08-12 05:14:31,937 [Listener at 0.0.0.0/34429] INFO  server.AbstractConnector (AbstractConnector.java:doStart(331)) - Started ServerConnector@36e57251{HTTP/1.1, (http/1.1)}{0.0.0.0:35909}
2021-08-12 05:14:31,943 [Listener at 0.0.0.0/34429] INFO  server.Server (Server.java:doStart(415)) - Started @101228ms
2021-08-12 05:14:31,943 [Listener at 0.0.0.0/34429] WARN  impl.MetricsSystemImpl (MetricsSystemImpl.java:register(279)) - Sink prometheus already exists!
2021-08-12 05:14:31,952 [Listener at 0.0.0.0/34429] INFO  http.BaseHttpServer (BaseHttpServer.java:updateConnectorAddress(329)) - HTTP server of scm listening at http://0.0.0.0:35909
2021-08-12 05:14:31,952 [Listener at 0.0.0.0/34429] WARN  server.ServerUtils (ServerUtils.java:getDBPath(225)) - ozone.om.db.dirs is not configured. We recommend adding this setting. Falling back to ozone.metadata.dirs instead.
2021-08-12 05:14:31,963 [Listener at 0.0.0.0/34429] INFO  ha.OMHANodeDetails (OMHANodeDetails.java:loadOMHAConfig(112)) - ozone.om.internal.service.id is not defined, falling back to ozone.om.service.ids to find serviceID for OzoneManager if it is HA enabled cluster
2021-08-12 05:14:31,964 [Listener at 0.0.0.0/34429] INFO  ha.OMHANodeDetails (OMHANodeDetails.java:loadOMHAConfig(219)) - Configuration does not have ozone.om.address set. Falling back to the default OM address /127.0.0.1:0
2021-08-12 05:14:31,964 [Listener at 0.0.0.0/34429] INFO  ha.OMHANodeDetails (OMHANodeDetails.java:getOMNodeDetails(247)) - OM Service ID is not set. Setting it to the default ID: omServiceIdDefault
2021-08-12 05:14:31,964 [Listener at 0.0.0.0/34429] INFO  ha.OMHANodeDetails (OMHANodeDetails.java:getOMNodeDetails(254)) - OM Node ID is not set. Setting it to the default ID: om1
2021-08-12 05:14:31,964 [Listener at 0.0.0.0/34429] WARN  server.ServerUtils (ServerUtils.java:getDBPath(225)) - ozone.om.db.dirs is not configured. We recommend adding this setting. Falling back to ozone.metadata.dirs instead.
2021-08-12 05:14:31,964 [Listener at 0.0.0.0/34429] INFO  upgrade.AbstractLayoutVersionManager (AbstractLayoutVersionManager.java:init(70)) - Initializing Layout version manager with metadata layout = INITIAL_VERSION (version = 0), software layout = INITIAL_VERSION (version = 0)
2021-08-12 05:14:32,041 [Listener at 0.0.0.0/34429] INFO  reflections.Reflections (Reflections.java:scan(232)) - Reflections took 76 ms to scan 2 urls, producing 131 keys and 342 values [using 2 cores]
2021-08-12 05:14:32,041 [Listener at 0.0.0.0/34429] INFO  upgrade.OMLayoutVersionManager (OMLayoutVersionManager.java:lambda$0(116)) - Skipping Upgrade Action MockOmUpgradeAction since it has been finalized.
2021-08-12 05:14:32,041 [Listener at 0.0.0.0/34429] WARN  server.ServerUtils (ServerUtils.java:getDBPath(225)) - ozone.om.db.dirs is not configured. We recommend adding this setting. Falling back to ozone.metadata.dirs instead.
2021-08-12 05:14:32,073 [Listener at 0.0.0.0/34429] WARN  server.ServerUtils (ServerUtils.java:getDBPath(225)) - ozone.om.db.dirs is not configured. We recommend adding this setting. Falling back to ozone.metadata.dirs instead.
2021-08-12 05:14:32,073 [Listener at 0.0.0.0/34429] INFO  codec.OmKeyInfoCodec (OmKeyInfoCodec.java:<init>(51)) - OmKeyInfoCodec ignorePipeline = true
2021-08-12 05:14:32,074 [Listener at 0.0.0.0/34429] INFO  codec.RepeatedOmKeyInfoCodec (RepeatedOmKeyInfoCodec.java:<init>(42)) - RepeatedOmKeyInfoCodec ignorePipeline = true
2021-08-12 05:14:32,262 [Listener at 0.0.0.0/34429] INFO  om.OzoneManager (OzoneManager.java:addS3GVolumeToDB(4115)) - Created Volume s3v With Owner runner required for S3Gateway operations.
2021-08-12 05:14:32,263 [Listener at 0.0.0.0/34429] WARN  server.ServerUtils (ServerUtils.java:getDefaultRatisDirectory(237)) - Storage directory for Ratis is not configured. It is a good idea to map this to an SSD disk. Falling back to ozone.metadata.dirs
2021-08-12 05:14:32,267 [Listener at 0.0.0.0/34429] WARN  utils.OzoneManagerRatisUtils (OzoneManagerRatisUtils.java:getOMRatisSnapshotDirectory(391)) - ozone.om.ratis.snapshot.dir is not configured. Falling back to ozone.metadata.dirs config
2021-08-12 05:14:32,267 [Listener at 0.0.0.0/34429] WARN  server.ServerUtils (ServerUtils.java:getDefaultRatisDirectory(237)) - Storage directory for Ratis is not configured. It is a good idea to map this to an SSD disk. Falling back to ozone.metadata.dirs
2021-08-12 05:14:32,268 [Listener at 0.0.0.0/34429] INFO  ratis.OzoneManagerRatisServer (OzoneManagerRatisServer.java:<init>(158)) - Instantiating OM Ratis server with groupID: omServiceIdDefault and peers: localhost:9872
2021-08-12 05:14:32,268 [Listener at 0.0.0.0/34429] INFO  ratis.OzoneManagerStateMachine (OzoneManagerStateMachine.java:loadSnapshotInfoFromDB(605)) - LastAppliedIndex is set from TransactionInfo from OM DB as (t:0, i:~)
2021-08-12 05:14:32,293 [Listener at 0.0.0.0/34429] INFO  server.RaftServer (ConfUtils.java:logGet(44)) - raft.rpc.type = GRPC (default)
2021-08-12 05:14:32,293 [Listener at 0.0.0.0/34429] INFO  grpc.GrpcFactory (GrpcFactory.java:checkPooledByteBufAllocatorUseCacheForAllThreads(48)) - PERFORMANCE WARNING: useCacheForAllThreads is true that may cause Netty to create a lot garbage objects and, as a result, trigger GC.
	It is recommended to disable useCacheForAllThreads by setting -Dorg.apache.ratis.thirdparty.io.netty.allocator.useCacheForAllThreads=false in command line.
2021-08-12 05:14:32,293 [Listener at 0.0.0.0/34429] INFO  grpc.GrpcConfigKeys (ConfUtils.java:logGet(44)) - raft.grpc.admin.port = -1 (default)
2021-08-12 05:14:32,293 [Listener at 0.0.0.0/34429] INFO  grpc.GrpcConfigKeys (ConfUtils.java:logGet(44)) - raft.grpc.server.port = 9872 (custom)
2021-08-12 05:14:32,293 [Listener at 0.0.0.0/34429] INFO  grpc.GrpcConfigKeys (ConfUtils.java:logGet(44)) - raft.grpc.client.port = -1 (default)
2021-08-12 05:14:32,293 [Listener at 0.0.0.0/34429] INFO  grpc.GrpcConfigKeys (ConfUtils.java:logGet(44)) - raft.grpc.server.port = 9872 (custom)
2021-08-12 05:14:32,293 [Listener at 0.0.0.0/34429] INFO  grpc.GrpcConfigKeys (ConfUtils.java:logGet(44)) - raft.grpc.server.port = 9872 (custom)
2021-08-12 05:14:32,293 [Listener at 0.0.0.0/34429] INFO  server.GrpcService (ConfUtils.java:logGet(44)) - raft.grpc.message.size.max = 33554432 (custom)
2021-08-12 05:14:32,294 [Listener at 0.0.0.0/34429] INFO  server.RaftServerConfigKeys (ConfUtils.java:logGet(44)) - raft.server.log.appender.buffer.byte-limit = 33554432 (custom)
2021-08-12 05:14:32,294 [Listener at 0.0.0.0/34429] INFO  server.GrpcService (ConfUtils.java:logGet(44)) - raft.grpc.flow.control.window = 1MB (=1048576) (default)
2021-08-12 05:14:32,294 [Listener at 0.0.0.0/34429] INFO  server.RaftServerConfigKeys (ConfUtils.java:logGet(44)) - raft.server.rpc.request.timeout = 3000ms (default)
2021-08-12 05:14:32,295 [Listener at 0.0.0.0/34429] INFO  impl.DataStreamServerImpl (ConfUtils.java:logGet(44)) - raft.datastream.type = DISABLED (default)
2021-08-12 05:14:32,295 [Listener at 0.0.0.0/34429] INFO  server.RaftServerConfigKeys (ConfUtils.java:logGet(44)) - raft.server.rpc.slowness.timeout = 120s (custom)
2021-08-12 05:14:32,295 [Listener at 0.0.0.0/34429] INFO  server.RaftServerConfigKeys (ConfUtils.java:logGet(44)) - raft.server.leaderelection.leader.step-down.wait-time = 10s (default)
2021-08-12 05:14:32,295 [Listener at 0.0.0.0/34429] INFO  server.RaftServerConfigKeys (ConfUtils.java:logGet(44)) - raft.server.storage.dir = [/home/runner/work/ozone/ozone/hadoop-ozone/integration-test/target/test-dir/MiniOzoneClusterImpl-77927036-b40e-4989-9ea2-4287dcbfe879/ozone-meta/ratis] (custom)
2021-08-12 05:14:32,296 [Listener at 0.0.0.0/34429] INFO  server.RaftServer (RaftServerProxy.java:addNew(95)) - om1: addNew group-C5BA1605619E:[om1|rpc:localhost:9872|priority:0] returns group-C5BA1605619E:java.util.concurrent.CompletableFuture@21379d3a[Not completed]
2021-08-12 05:14:32,296 [Listener at 0.0.0.0/34429] INFO  om.OzoneManager (OzoneManager.java:initializeRatisServer(1573)) - OzoneManager Ratis server initialized at port 9872
2021-08-12 05:14:32,297 [Listener at 0.0.0.0/34429] INFO  ipc.CallQueueManager (CallQueueManager.java:<init>(90)) - Using callQueue: class java.util.concurrent.LinkedBlockingQueue, queueCapacity: 2000, scheduler: class org.apache.hadoop.ipc.DefaultRpcScheduler, ipcBackoff: false.
2021-08-12 05:14:32,304 [pool-355-thread-1] INFO  server.RaftServer$Division (RaftServerImpl.java:<init>(181)) - om1: new RaftServerImpl for group-C5BA1605619E:[om1|rpc:localhost:9872|priority:0] with OzoneManagerStateMachine:uninitialized
2021-08-12 05:14:32,307 [pool-355-thread-1] INFO  server.RaftServerConfigKeys (ConfUtils.java:logGet(44)) - raft.server.rpc.timeout.min = 1s (custom)
2021-08-12 05:14:32,307 [pool-355-thread-1] INFO  server.RaftServerConfigKeys (ConfUtils.java:logGet(44)) - raft.server.rpc.timeout.max = 1200ms (custom)
2021-08-12 05:14:32,307 [pool-355-thread-1] INFO  server.RaftServerConfigKeys (ConfUtils.java:logGet(44)) - raft.server.rpc.sleep.time = 25ms (default)
2021-08-12 05:14:32,307 [pool-355-thread-1] INFO  server.RaftServerConfigKeys (ConfUtils.java:logGet(44)) - raft.server.rpc.slowness.timeout = 120s (custom)
2021-08-12 05:14:32,308 [pool-355-thread-1] INFO  server.RaftServerConfigKeys (ConfUtils.java:logGet(44)) - raft.server.leaderelection.leader.step-down.wait-time = 10s (default)
2021-08-12 05:14:32,308 [pool-355-thread-1] INFO  server.RaftServerConfigKeys (ConfUtils.java:logGet(44)) - raft.server.sleep.deviation.threshold = 300ms (default)
2021-08-12 05:14:32,308 [pool-355-thread-1] INFO  server.RaftServerConfigKeys (ConfUtils.java:logGet(44)) - raft.server.log.appender.install.snapshot.enabled = false (custom)
2021-08-12 05:14:32,308 [pool-355-thread-1] INFO  server.RaftServer$Division (ServerState.java:<init>(105)) - om1@group-C5BA1605619E: ConfigurationManager, init=-1: [om1|rpc:localhost:9872|priority:0], old=null, confs=<EMPTY_MAP>
2021-08-12 05:14:32,308 [pool-355-thread-1] INFO  server.RaftServerConfigKeys (ConfUtils.java:logGet(44)) - raft.server.storage.dir = [/home/runner/work/ozone/ozone/hadoop-ozone/integration-test/target/test-dir/MiniOzoneClusterImpl-77927036-b40e-4989-9ea2-4287dcbfe879/ozone-meta/ratis] (custom)
2021-08-12 05:14:32,308 [pool-355-thread-1] INFO  server.RaftServerConfigKeys (ConfUtils.java:logGet(44)) - raft.server.log.corruption.policy = EXCEPTION (default)
2021-08-12 05:14:32,308 [pool-355-thread-1] INFO  server.RaftServerConfigKeys (ConfUtils.java:logGet(44)) - raft.server.storage.free-space.min = 0MB (=0) (default)
2021-08-12 05:14:32,308 [pool-355-thread-1] INFO  storage.RaftStorageDirectory (RaftStorageDirectoryImpl.java:analyzeStorage(135)) - The storage directory /home/runner/work/ozone/ozone/hadoop-ozone/integration-test/target/test-dir/MiniOzoneClusterImpl-77927036-b40e-4989-9ea2-4287dcbfe879/ozone-meta/ratis/bf265839-605b-3f16-9796-c5ba1605619e does not exist. Creating ...
2021-08-12 05:14:32,319 [pool-355-thread-1] INFO  storage.RaftStorageDirectory (RaftStorageDirectoryImpl.java:tryLock(230)) - Lock on /home/runner/work/ozone/ozone/hadoop-ozone/integration-test/target/test-dir/MiniOzoneClusterImpl-77927036-b40e-4989-9ea2-4287dcbfe879/ozone-meta/ratis/bf265839-605b-3f16-9796-c5ba1605619e/in_use.lock acquired by nodename 21634@fv-az50-214
2021-08-12 05:14:32,320 [pool-355-thread-1] INFO  storage.RaftStorage (RaftStorageImpl.java:format(89)) - Storage directory /home/runner/work/ozone/ozone/hadoop-ozone/integration-test/target/test-dir/MiniOzoneClusterImpl-77927036-b40e-4989-9ea2-4287dcbfe879/ozone-meta/ratis/bf265839-605b-3f16-9796-c5ba1605619e has been successfully formatted.
2021-08-12 05:14:32,320 [pool-355-thread-1] INFO  server.RaftServerConfigKeys (ConfUtils.java:logGet(44)) - raft.server.notification.no-leader.timeout = 120s (custom)
2021-08-12 05:14:32,320 [pool-355-thread-1] INFO  server.RaftServerConfigKeys (ConfUtils.java:logGet(44)) - raft.server.log.use.memory = false (default)
2021-08-12 05:14:32,324 [pool-355-thread-1] INFO  server.RaftServerConfigKeys (ConfUtils.java:logGet(44)) - raft.server.log.purge.gap = 1000000 (custom)
2021-08-12 05:14:32,324 [pool-355-thread-1] INFO  server.RaftServerConfigKeys (ConfUtils.java:logGet(44)) - raft.server.log.appender.buffer.byte-limit = 33554432 (custom)
2021-08-12 05:14:32,324 [pool-355-thread-1] INFO  server.RaftServerConfigKeys (ConfUtils.java:logGet(44)) - raft.server.log.segment.size.max = 4194304 (custom)
2021-08-12 05:14:32,324 [pool-355-thread-1] INFO  server.RaftServerConfigKeys (ConfUtils.java:logGet(44)) - raft.server.log.segment.cache.num.max = 2 (custom)
2021-08-12 05:14:32,324 [pool-355-thread-1] INFO  server.RaftServerConfigKeys (ConfUtils.java:logGet(44)) - raft.server.log.segment.cache.size.max = 200MB (=209715200) (default)
2021-08-12 05:14:32,324 [pool-355-thread-1] INFO  segmented.SegmentedRaftLogWorker (SegmentedRaftLogWorker.java:<init>(182)) - new om1@group-C5BA1605619E-SegmentedRaftLogWorker for RaftStorageImpl:Storage Directory /home/runner/work/ozone/ozone/hadoop-ozone/integration-test/target/test-dir/MiniOzoneClusterImpl-77927036-b40e-4989-9ea2-4287dcbfe879/ozone-meta/ratis/bf265839-605b-3f16-9796-c5ba1605619e
2021-08-12 05:14:32,325 [pool-355-thread-1] INFO  server.RaftServerConfigKeys (ConfUtils.java:logGet(44)) - raft.server.log.queue.byte-limit = 64MB (=67108864) (default)
2021-08-12 05:14:32,325 [pool-355-thread-1] INFO  server.RaftServerConfigKeys (ConfUtils.java:logGet(44)) - raft.server.log.queue.element-limit = 4096 (default)
2021-08-12 05:14:32,325 [pool-355-thread-1] INFO  server.RaftServerConfigKeys (ConfUtils.java:logGet(44)) - raft.server.log.segment.size.max = 4194304 (custom)
2021-08-12 05:14:32,325 [pool-355-thread-1] INFO  server.RaftServerConfigKeys (ConfUtils.java:logGet(44)) - raft.server.log.preallocated.size = 4194304 (custom)
2021-08-12 05:14:32,325 [pool-355-thread-1] INFO  server.RaftServerConfigKeys (ConfUtils.java:logGet(44)) - raft.server.log.force.sync.num = 128 (default)
2021-08-12 05:14:32,325 [pool-355-thread-1] INFO  server.RaftServerConfigKeys (ConfUtils.java:logGet(44)) - raft.server.log.statemachine.data.sync = true (default)
2021-08-12 05:14:32,325 [pool-355-thread-1] INFO  server.RaftServerConfigKeys (ConfUtils.java:logGet(44)) - raft.server.log.statemachine.data.sync.timeout = 10s (default)
2021-08-12 05:14:32,325 [pool-355-thread-1] INFO  server.RaftServerConfigKeys (ConfUtils.java:logGet(44)) - raft.server.log.statemachine.data.sync.timeout.retry = -1 (default)
2021-08-12 05:14:32,331 [Socket Reader #1 for port 0] INFO  ipc.Server (Server.java:run(1265)) - Starting Socket Reader #1 for port 0
2021-08-12 05:14:32,336 [pool-355-thread-1] INFO  server.RaftServerConfigKeys (ConfUtils.java:logGet(44)) - raft.server.log.write.buffer.size = 64KB (=65536) (default)
2021-08-12 05:14:32,339 [pool-355-thread-1] INFO  server.RaftServerConfigKeys (ConfUtils.java:logGet(44)) - raft.server.log.statemachine.data.caching.enabled = false (default)
2021-08-12 05:14:32,343 [pool-355-thread-1] INFO  segmented.SegmentedRaftLogWorker (SegmentedRaftLogWorker.java:lambda$new$0(133)) - om1@group-C5BA1605619E-SegmentedRaftLogWorker: flushIndex: setUnconditionally 0 -> -1
2021-08-12 05:14:32,347 [pool-355-thread-1] INFO  segmented.SegmentedRaftLogWorker (SegmentedRaftLogWorker.java:lambda$new$0(133)) - om1@group-C5BA1605619E-SegmentedRaftLogWorker: safeCacheEvictIndex: setUnconditionally 0 -> -1
2021-08-12 05:14:32,351 [pool-355-thread-1] INFO  server.RaftServerConfigKeys (ConfUtils.java:logGet(44)) - raft.server.snapshot.auto.trigger.enabled = true (custom)
2021-08-12 05:14:32,351 [pool-355-thread-1] INFO  server.RaftServerConfigKeys (ConfUtils.java:logGet(44)) - raft.server.snapshot.auto.trigger.threshold = 400000 (default)
2021-08-12 05:14:32,351 [pool-355-thread-1] INFO  server.RaftServerConfigKeys (ConfUtils.java:logGet(44)) - raft.server.snapshot.retention.file.num = -1 (default)
2021-08-12 05:14:32,351 [pool-355-thread-1] INFO  server.RaftServerConfigKeys (ConfUtils.java:logGet(44)) - raft.server.log.purge.upto.snapshot.index = true (custom)
2021-08-12 05:14:32,351 [pool-355-thread-1] INFO  server.RaftServerConfigKeys (ConfUtils.java:logGet(44)) - raft.server.retrycache.expirytime = 300s (custom)
2021-08-12 05:14:32,351 [pool-355-thread-1] INFO  server.RaftServerConfigKeys (ConfUtils.java:logGet(44)) - raft.server.retrycache.statistics.expirytime = 100μs (default)
2021-08-12 05:14:32,368 [Listener at 127.0.0.1/38087] INFO  om.OzoneManager (OzoneManager.java:initFSOLayout(4321)) - Configured ozone.om.metadata.layout=SIMPLE and disabled optimized OM FS operations
2021-08-12 05:14:32,373 [Listener at 127.0.0.1/38087] INFO  impl.MetricsSystemImpl (MetricsSystemImpl.java:init(158)) - OzoneManager metrics system started (again)
2021-08-12 05:14:32,401 [Listener at 127.0.0.1/38087] INFO  om.OzoneManager (OzoneManager.java:start(1270)) - OzoneManager RPC server is listening at localhost/127.0.0.1:38087
2021-08-12 05:14:32,401 [Listener at 127.0.0.1/38087] INFO  ratis.OzoneManagerRatisServer (OzoneManagerRatisServer.java:start(516)) - Starting OzoneManagerRatisServer om1 at port 9872
2021-08-12 05:14:32,401 [Listener at 127.0.0.1/38087] INFO  server.RaftServer$Division (RaftServerImpl.java:start(296)) - om1@group-C5BA1605619E: start as a follower, conf=-1: [om1|rpc:localhost:9872|priority:0], old=null
2021-08-12 05:14:32,401 [Listener at 127.0.0.1/38087] INFO  server.RaftServer$Division (RaftServerImpl.java:setRole(285)) - om1@group-C5BA1605619E: changes role from      null to FOLLOWER at term 0 for startAsFollower
2021-08-12 05:14:32,406 [Listener at 127.0.0.1/38087] INFO  impl.RoleInfo (RoleInfo.java:updateAndGet(130)) - om1: start om1@group-C5BA1605619E-FollowerState
2021-08-12 05:14:32,407 [Listener at 127.0.0.1/38087] INFO  util.JmxRegister (JmxRegister.java:tryRegister(44)) - Successfully registered JMX Bean with object name Ratis:service=RaftServer,group=group-C5BA1605619E,id=om1
2021-08-12 05:14:32,425 [Listener at 127.0.0.1/38087] INFO  server.RaftServer (RaftServerProxy.java:lambda$start$5(374)) - om1: start RPC server
2021-08-12 05:14:32,438 [Listener at 127.0.0.1/38087] INFO  server.GrpcService (GrpcService.java:startImpl(253)) - om1: GrpcService started, listening on 9872
2021-08-12 05:14:32,443 [Listener at 127.0.0.1/38087] INFO  om.OzoneManager (OzoneManager.java:start(1288)) - Version File has different layout version (0) than OM DB (null). That is expected if this OM has never been finalized to a newer layout version.
2021-08-12 05:14:32,443 [org.apache.ratis.util.JvmPauseMonitor$$Lambda$531/625077969@cd5d1f9] INFO  util.JvmPauseMonitor (JvmPauseMonitor.java:run(103)) - JvmPauseMonitor-om1: Started
2021-08-12 05:14:32,454 [Listener at 127.0.0.1/38087] INFO  http.BaseHttpServer (BaseHttpServer.java:newHttpServer2BuilderForOzone(209)) - Starting Web-server for ozoneManager at: http://0.0.0.0:0
2021-08-12 05:14:32,454 [Listener at 127.0.0.1/38087] INFO  http.BaseHttpServer (BaseHttpServer.java:<init>(107)) - Hadoop Security Enabled: false Ozone Security Enabled: false Ozone HTTP Security Enabled: false 
2021-08-12 05:14:32,455 [Listener at 127.0.0.1/38087] INFO  server.AuthenticationFilter (AuthenticationFilter.java:constructSecretProvider(240)) - Unable to initialize FileSignerSecretProvider, falling back to use random secrets.
2021-08-12 05:14:32,477 [Listener at 127.0.0.1/38087] WARN  http.HttpRequestLog (HttpRequestLog.java:getRequestLog(103)) - Jetty request log can only be enabled using Log4j
2021-08-12 05:14:32,478 [Listener at 127.0.0.1/38087] INFO  http.HttpServer2 (HttpServer2.java:addGlobalFilter(1020)) - Added global filter 'safety' (class=org.apache.hadoop.hdds.server.http.HttpServer2$QuotingInputFilter)
2021-08-12 05:14:32,479 [Listener at 127.0.0.1/38087] INFO  http.HttpServer2 (HttpServer2.java:addFilter(996)) - Added filter static_user_filter (class=org.apache.hadoop.http.lib.StaticUserWebFilter$StaticUserFilter) to context ozoneManager
2021-08-12 05:14:32,479 [Listener at 127.0.0.1/38087] INFO  http.HttpServer2 (HttpServer2.java:addFilter(1004)) - Added filter static_user_filter (class=org.apache.hadoop.http.lib.StaticUserWebFilter$StaticUserFilter) to context static
2021-08-12 05:14:32,479 [Listener at 127.0.0.1/38087] INFO  http.HttpServer2 (HttpServer2.java:addFilter(1004)) - Added filter static_user_filter (class=org.apache.hadoop.http.lib.StaticUserWebFilter$StaticUserFilter) to context logs
2021-08-12 05:14:32,479 [Listener at 127.0.0.1/38087] INFO  http.HttpServer2 (HttpServer2.java:bindListener(1239)) - Jetty bound to port 43663
2021-08-12 05:14:32,480 [Listener at 127.0.0.1/38087] INFO  server.Server (Server.java:doStart(375)) - jetty-9.4.43.v20210629; built: 2021-06-30T11:07:22.254Z; git: 526006ecfa3af7f1a27ef3a288e2bef7ea9dd7e8; jvm 1.8.0_292-b10
2021-08-12 05:14:32,519 [Listener at 127.0.0.1/38087] INFO  server.session (DefaultSessionIdManager.java:doStart(334)) - DefaultSessionIdManager workerName=node0
2021-08-12 05:14:32,519 [Listener at 127.0.0.1/38087] INFO  server.session (DefaultSessionIdManager.java:doStart(339)) - No SessionScavenger set, using defaults
2021-08-12 05:14:32,519 [Listener at 127.0.0.1/38087] INFO  server.session (HouseKeeper.java:startScavenging(132)) - node0 Scavenging every 600000ms
2021-08-12 05:14:32,520 [Listener at 127.0.0.1/38087] INFO  handler.ContextHandler (ContextHandler.java:doStart(915)) - Started o.e.j.s.ServletContextHandler@4c5aca23{logs,/logs,file:///home/runner/work/ozone/ozone/hadoop-ozone/integration-test/target/log,AVAILABLE}
2021-08-12 05:14:32,520 [Listener at 127.0.0.1/38087] INFO  handler.ContextHandler (ContextHandler.java:doStart(915)) - Started o.e.j.s.ServletContextHandler@2c4afdf8{static,/static,file:///home/runner/work/ozone/ozone/hadoop-ozone/integration-test/target/test-classes/webapps/static,AVAILABLE}
2021-08-12 05:14:32,528 [Listener at 127.0.0.1/38087] INFO  handler.ContextHandler (ContextHandler.java:doStart(915)) - Started o.e.j.w.WebAppContext@78927d50{ozoneManager,/,file:///home/runner/work/ozone/ozone/hadoop-ozone/integration-test/target/test-classes/webapps/ozoneManager/,AVAILABLE}{file:/home/runner/work/ozone/ozone/hadoop-ozone/integration-test/target/test-classes/webapps/ozoneManager}
2021-08-12 05:14:32,530 [Listener at 127.0.0.1/38087] INFO  server.AbstractConnector (AbstractConnector.java:doStart(331)) - Started ServerConnector@6801b5cb{HTTP/1.1, (http/1.1)}{0.0.0.0:43663}
2021-08-12 05:14:32,530 [Listener at 127.0.0.1/38087] INFO  server.Server (Server.java:doStart(415)) - Started @101815ms
2021-08-12 05:14:32,530 [Listener at 127.0.0.1/38087] WARN  impl.MetricsSystemImpl (MetricsSystemImpl.java:register(279)) - Sink prometheus already exists!
2021-08-12 05:14:32,530 [Listener at 127.0.0.1/38087] INFO  http.BaseHttpServer (BaseHttpServer.java:updateConnectorAddress(329)) - HTTP server of ozoneManager listening at http://0.0.0.0:43663
2021-08-12 05:14:32,543 [IPC Server Responder] INFO  ipc.Server (Server.java:run(1507)) - IPC Server Responder: starting
2021-08-12 05:14:32,551 [IPC Server listener on 0] INFO  ipc.Server (Server.java:run(1344)) - IPC Server listener on 0: starting
2021-08-12 05:14:32,553 [Listener at 127.0.0.1/38087] INFO  om.OzoneManager (OzoneManager.java:startTrashEmptier(1531)) - Trash Interval set to 0. Files deleted will not move to trash
2021-08-12 05:14:32,588 [Listener at 127.0.0.1/38087] WARN  impl.MetricRegistriesImpl (MetricRegistriesImpl.java:addReporterRegistration(111)) - New reporters are added after registries were created. Some metrics will be missing from the reporter. Please add reporter before adding any new registry.
2021-08-12 05:14:32,588 [Listener at 127.0.0.1/38087] WARN  impl.MetricRegistriesImpl (MetricRegistriesImpl.java:addReporterRegistration(111)) - New reporters are added after registries were created. Some metrics will be missing from the reporter. Please add reporter before adding any new registry.
2021-08-12 05:14:32,588 [Listener at 127.0.0.1/38087] INFO  impl.MetricsSystemImpl (MetricsSystemImpl.java:init(158)) - HddsDatanode metrics system started (again)
2021-08-12 05:14:32,591 [org.apache.hadoop.util.JvmPauseMonitor$Monitor@2deaf7a6] INFO  util.JvmPauseMonitor (JvmPauseMonitor.java:run(188)) - Starting JVM pause monitor
2021-08-12 05:14:32,602 [Listener at 127.0.0.1/38087] INFO  ozone.HddsDatanodeService (HddsDatanodeService.java:start(234)) - HddsDatanodeService host:fv-az50-214.grzltbmokehuzjyc5b133kdqgh.cx.internal.cloudapp.net ip:10.1.0.46
2021-08-12 05:14:32,623 [Listener at 127.0.0.1/38087] INFO  upgrade.AbstractLayoutVersionManager (AbstractLayoutVersionManager.java:init(70)) - Initializing Layout version manager with metadata layout = SCM_HA (version = 2), software layout = SCM_HA (version = 2)
2021-08-12 05:14:32,706 [Listener at 127.0.0.1/38087] INFO  reflections.Reflections (Reflections.java:scan(232)) - Reflections took 81 ms to scan 7 urls, producing 120 keys and 275 values 
2021-08-12 05:14:32,708 [Listener at 127.0.0.1/38087] INFO  volume.HddsVolume (HddsVolume.java:<init>(120)) - Creating HddsVolume: /home/runner/work/ozone/ozone/hadoop-ozone/integration-test/target/test-dir/MiniOzoneClusterImpl-77927036-b40e-4989-9ea2-4287dcbfe879/datanode-0/data-0/containers/hdds of storage type : DISK capacity : 9223372036854775807
2021-08-12 05:14:32,708 [Listener at 127.0.0.1/38087] INFO  volume.MutableVolumeSet (MutableVolumeSet.java:initializeVolumeSet(181)) - Added Volume : /home/runner/work/ozone/ozone/hadoop-ozone/integration-test/target/test-dir/MiniOzoneClusterImpl-77927036-b40e-4989-9ea2-4287dcbfe879/datanode-0/data-0/containers/hdds to VolumeSet
2021-08-12 05:14:32,708 [Listener at 127.0.0.1/38087] INFO  volume.ThrottledAsyncChecker (ThrottledAsyncChecker.java:schedule(141)) - Scheduling a check for /home/runner/work/ozone/ozone/hadoop-ozone/integration-test/target/test-dir/MiniOzoneClusterImpl-77927036-b40e-4989-9ea2-4287dcbfe879/datanode-0/data-0/containers/hdds
2021-08-12 05:14:32,708 [Listener at 127.0.0.1/38087] INFO  volume.StorageVolumeChecker (StorageVolumeChecker.java:checkAllVolumes(202)) - Scheduled health check for volume /home/runner/work/ozone/ozone/hadoop-ozone/integration-test/target/test-dir/MiniOzoneClusterImpl-77927036-b40e-4989-9ea2-4287dcbfe879/datanode-0/data-0/containers/hdds
2021-08-12 05:14:32,732 [Listener at 127.0.0.1/38087] INFO  volume.MutableVolumeSet (MutableVolumeSet.java:initializeVolumeSet(181)) - Added Volume : /home/runner/work/ozone/ozone/hadoop-ozone/integration-test/target/test-dir/MiniOzoneClusterImpl-77927036-b40e-4989-9ea2-4287dcbfe879/datanode-0/data/ratis to VolumeSet
2021-08-12 05:14:32,732 [Listener at 127.0.0.1/38087] INFO  volume.ThrottledAsyncChecker (ThrottledAsyncChecker.java:schedule(141)) - Scheduling a check for /home/runner/work/ozone/ozone/hadoop-ozone/integration-test/target/test-dir/MiniOzoneClusterImpl-77927036-b40e-4989-9ea2-4287dcbfe879/datanode-0/data/ratis
2021-08-12 05:14:32,735 [Listener at 127.0.0.1/38087] INFO  volume.StorageVolumeChecker (StorageVolumeChecker.java:checkAllVolumes(202)) - Scheduled health check for volume /home/runner/work/ozone/ozone/hadoop-ozone/integration-test/target/test-dir/MiniOzoneClusterImpl-77927036-b40e-4989-9ea2-4287dcbfe879/datanode-0/data/ratis
2021-08-12 05:14:32,745 [Listener at 127.0.0.1/38087] INFO  ozoneimpl.ContainerReader (ContainerReader.java:<init>(98)) - Running in upgrade mode:true
2021-08-12 05:14:32,746 [Thread-874] INFO  ozoneimpl.ContainerReader (ContainerReader.java:readVolume(142)) - Start to verify containers on volume /home/runner/work/ozone/ozone/hadoop-ozone/integration-test/target/test-dir/MiniOzoneClusterImpl-77927036-b40e-4989-9ea2-4287dcbfe879/datanode-0/data-0/containers/hdds
2021-08-12 05:14:32,746 [Thread-874] INFO  ozoneimpl.ContainerReader (ContainerReader.java:readVolume(174)) - Finish verifying containers on volume /home/runner/work/ozone/ozone/hadoop-ozone/integration-test/target/test-dir/MiniOzoneClusterImpl-77927036-b40e-4989-9ea2-4287dcbfe879/datanode-0/data-0/containers/hdds
2021-08-12 05:14:32,746 [Listener at 127.0.0.1/38087] INFO  ozoneimpl.OzoneContainer (OzoneContainer.java:buildContainerSet(237)) - Build ContainerSet costs 0s
2021-08-12 05:14:32,747 [Listener at 127.0.0.1/38087] INFO  server.RaftServer (ConfUtils.java:logGet(44)) - raft.rpc.type = GRPC (default)
2021-08-12 05:14:32,747 [Listener at 127.0.0.1/38087] INFO  grpc.GrpcFactory (GrpcFactory.java:checkPooledByteBufAllocatorUseCacheForAllThreads(48)) - PERFORMANCE WARNING: useCacheForAllThreads is true that may cause Netty to create a lot garbage objects and, as a result, trigger GC.
	It is recommended to disable useCacheForAllThreads by setting -Dorg.apache.ratis.thirdparty.io.netty.allocator.useCacheForAllThreads=false in command line.
2021-08-12 05:14:32,748 [Listener at 127.0.0.1/38087] INFO  grpc.GrpcConfigKeys (ConfUtils.java:logGet(44)) - raft.grpc.admin.port = 0 (custom)
2021-08-12 05:14:32,748 [Listener at 127.0.0.1/38087] INFO  grpc.GrpcConfigKeys (ConfUtils.java:logGet(44)) - raft.grpc.client.port = 0 (custom)
2021-08-12 05:14:32,748 [Listener at 127.0.0.1/38087] INFO  grpc.GrpcConfigKeys (ConfUtils.java:logGet(44)) - raft.grpc.server.port = 0 (default)
2021-08-12 05:14:32,748 [Listener at 127.0.0.1/38087] INFO  server.GrpcService (ConfUtils.java:logGet(44)) - raft.grpc.message.size.max = 32MB (=33554432) (custom)
2021-08-12 05:14:32,748 [Listener at 127.0.0.1/38087] INFO  server.RaftServerConfigKeys (ConfUtils.java:logGet(44)) - raft.server.log.appender.buffer.byte-limit = 33554432 (custom)
2021-08-12 05:14:32,748 [Listener at 127.0.0.1/38087] INFO  server.GrpcService (ConfUtils.java:logGet(44)) - raft.grpc.flow.control.window = 5MB (=5242880) (custom)
2021-08-12 05:14:32,748 [Listener at 127.0.0.1/38087] INFO  server.RaftServerConfigKeys (ConfUtils.java:logGet(44)) - raft.server.rpc.request.timeout = 60s (custom)
2021-08-12 05:14:32,749 [Listener at 127.0.0.1/38087] INFO  impl.DataStreamServerImpl (ConfUtils.java:logGet(44)) - raft.datastream.type = DISABLED (default)
2021-08-12 05:14:32,749 [Listener at 127.0.0.1/38087] INFO  server.RaftServerConfigKeys (ConfUtils.java:logGet(44)) - raft.server.rpc.slowness.timeout = 300s (custom)
2021-08-12 05:14:32,749 [Listener at 127.0.0.1/38087] INFO  server.RaftServerConfigKeys (ConfUtils.java:logGet(44)) - raft.server.leaderelection.leader.step-down.wait-time = 10s (default)
2021-08-12 05:14:32,749 [Listener at 127.0.0.1/38087] INFO  server.RaftServerConfigKeys (ConfUtils.java:logGet(44)) - raft.server.storage.dir = [/home/runner/work/ozone/ozone/hadoop-ozone/integration-test/target/test-dir/MiniOzoneClusterImpl-77927036-b40e-4989-9ea2-4287dcbfe879/datanode-0/data/ratis] (custom)
2021-08-12 05:14:32,751 [Listener at 127.0.0.1/38087] INFO  http.BaseHttpServer (BaseHttpServer.java:newHttpServer2BuilderForOzone(209)) - Starting Web-server for hddsDatanode at: http://0.0.0.0:0
2021-08-12 05:14:32,751 [Listener at 127.0.0.1/38087] INFO  http.BaseHttpServer (BaseHttpServer.java:<init>(107)) - Hadoop Security Enabled: false Ozone Security Enabled: false Ozone HTTP Security Enabled: false 
2021-08-12 05:14:32,752 [Listener at 127.0.0.1/38087] INFO  server.AuthenticationFilter (AuthenticationFilter.java:constructSecretProvider(240)) - Unable to initialize FileSignerSecretProvider, falling back to use random secrets.
2021-08-12 05:14:32,752 [Listener at 127.0.0.1/38087] WARN  http.HttpRequestLog (HttpRequestLog.java:getRequestLog(103)) - Jetty request log can only be enabled using Log4j
2021-08-12 05:14:32,753 [Listener at 127.0.0.1/38087] INFO  http.HttpServer2 (HttpServer2.java:addGlobalFilter(1020)) - Added global filter 'safety' (class=org.apache.hadoop.hdds.server.http.HttpServer2$QuotingInputFilter)
2021-08-12 05:14:32,753 [Listener at 127.0.0.1/38087] INFO  http.HttpServer2 (HttpServer2.java:addFilter(996)) - Added filter static_user_filter (class=org.apache.hadoop.http.lib.StaticUserWebFilter$StaticUserFilter) to context hddsDatanode
2021-08-12 05:14:32,753 [Listener at 127.0.0.1/38087] INFO  http.HttpServer2 (HttpServer2.java:addFilter(1004)) - Added filter static_user_filter (class=org.apache.hadoop.http.lib.StaticUserWebFilter$StaticUserFilter) to context static
2021-08-12 05:14:32,753 [Listener at 127.0.0.1/38087] INFO  http.HttpServer2 (HttpServer2.java:addFilter(1004)) - Added filter static_user_filter (class=org.apache.hadoop.http.lib.StaticUserWebFilter$StaticUserFilter) to context logs
2021-08-12 05:14:32,754 [Listener at 127.0.0.1/38087] INFO  http.HttpServer2 (HttpServer2.java:bindListener(1239)) - Jetty bound to port 35819
2021-08-12 05:14:32,754 [Listener at 127.0.0.1/38087] INFO  server.Server (Server.java:doStart(375)) - jetty-9.4.43.v20210629; built: 2021-06-30T11:07:22.254Z; git: 526006ecfa3af7f1a27ef3a288e2bef7ea9dd7e8; jvm 1.8.0_292-b10
2021-08-12 05:14:32,755 [Listener at 127.0.0.1/38087] INFO  server.session (DefaultSessionIdManager.java:doStart(334)) - DefaultSessionIdManager workerName=node0
2021-08-12 05:14:32,756 [Listener at 127.0.0.1/38087] INFO  server.session (DefaultSessionIdManager.java:doStart(339)) - No SessionScavenger set, using defaults
2021-08-12 05:14:32,756 [Listener at 127.0.0.1/38087] INFO  server.session (HouseKeeper.java:startScavenging(132)) - node0 Scavenging every 660000ms
2021-08-12 05:14:32,759 [Listener at 127.0.0.1/38087] INFO  handler.ContextHandler (ContextHandler.java:doStart(915)) - Started o.e.j.s.ServletContextHandler@1ecb7670{logs,/logs,file:///home/runner/work/ozone/ozone/hadoop-ozone/integration-test/target/log,AVAILABLE}
2021-08-12 05:14:32,760 [Listener at 127.0.0.1/38087] INFO  handler.ContextHandler (ContextHandler.java:doStart(915)) - Started o.e.j.s.ServletContextHandler@7a176563{static,/static,jar:file:/home/runner/.m2/repository/org/apache/ozone/hdds-container-service/1.2.0-SNAPSHOT/hdds-container-service-1.2.0-SNAPSHOT.jar!/webapps/static,AVAILABLE}
2021-08-12 05:14:32,814 [Listener at 127.0.0.1/38087] INFO  handler.ContextHandler (ContextHandler.java:doStart(915)) - Started o.e.j.w.WebAppContext@159342ff{hddsDatanode,/,file:///tmp/jetty-0_0_0_0-35819-hdds-container-service-1_2_0-SNAPSHOT_jar-_-any-7800340381404231475/webapp/,AVAILABLE}{jar:file:/home/runner/.m2/repository/org/apache/ozone/hdds-container-service/1.2.0-SNAPSHOT/hdds-container-service-1.2.0-SNAPSHOT.jar!/webapps/hddsDatanode}
2021-08-12 05:14:32,816 [Listener at 127.0.0.1/38087] INFO  server.AbstractConnector (AbstractConnector.java:doStart(331)) - Started ServerConnector@4fe2c4c1{HTTP/1.1, (http/1.1)}{0.0.0.0:35819}
2021-08-12 05:14:32,816 [Listener at 127.0.0.1/38087] INFO  server.Server (Server.java:doStart(415)) - Started @102101ms
2021-08-12 05:14:32,816 [Listener at 127.0.0.1/38087] WARN  impl.MetricsSystemImpl (MetricsSystemImpl.java:register(279)) - Sink prometheus already exists!
2021-08-12 05:14:32,816 [Listener at 127.0.0.1/38087] INFO  http.BaseHttpServer (BaseHttpServer.java:updateConnectorAddress(329)) - HTTP server of hddsDatanode listening at http://0.0.0.0:35819
2021-08-12 05:14:32,817 [Listener at 127.0.0.1/38087] WARN  impl.MetricRegistriesImpl (MetricRegistriesImpl.java:addReporterRegistration(111)) - New reporters are added after registries were created. Some metrics will be missing from the reporter. Please add reporter before adding any new registry.
2021-08-12 05:14:32,817 [Listener at 127.0.0.1/38087] WARN  impl.MetricRegistriesImpl (MetricRegistriesImpl.java:addReporterRegistration(111)) - New reporters are added after registries were created. Some metrics will be missing from the reporter. Please add reporter before adding any new registry.
2021-08-12 05:14:32,817 [Listener at 127.0.0.1/38087] INFO  impl.MetricsSystemImpl (MetricsSystemImpl.java:init(158)) - HddsDatanode metrics system started (again)
2021-08-12 05:14:32,852 [org.apache.hadoop.util.JvmPauseMonitor$Monitor@7269495c] INFO  util.JvmPauseMonitor (JvmPauseMonitor.java:run(188)) - Starting JVM pause monitor
2021-08-12 05:14:32,862 [Datanode State Machine Task Thread - 0] INFO  datanode.InitDatanodeState (InitDatanodeState.java:persistContainerDatanodeDetails(145)) - DatanodeDetails is persisted to /home/runner/work/ozone/ozone/hadoop-ozone/integration-test/target/test-dir/MiniOzoneClusterImpl-77927036-b40e-4989-9ea2-4287dcbfe879/datanode-0/meta/datanode.id
2021-08-12 05:14:32,873 [Listener at 127.0.0.1/38087] INFO  ozone.HddsDatanodeService (HddsDatanodeService.java:start(234)) - HddsDatanodeService host:fv-az50-214.grzltbmokehuzjyc5b133kdqgh.cx.internal.cloudapp.net ip:10.1.0.46
2021-08-12 05:14:32,919 [Listener at 127.0.0.1/38087] INFO  upgrade.AbstractLayoutVersionManager (AbstractLayoutVersionManager.java:init(70)) - Initializing Layout version manager with metadata layout = SCM_HA (version = 2), software layout = SCM_HA (version = 2)
2021-08-12 05:14:32,974 [Listener at 127.0.0.1/38087] INFO  reflections.Reflections (Reflections.java:scan(232)) - Reflections took 51 ms to scan 7 urls, producing 120 keys and 275 values 
2021-08-12 05:14:32,976 [Listener at 127.0.0.1/38087] INFO  volume.HddsVolume (HddsVolume.java:<init>(120)) - Creating HddsVolume: /home/runner/work/ozone/ozone/hadoop-ozone/integration-test/target/test-dir/MiniOzoneClusterImpl-77927036-b40e-4989-9ea2-4287dcbfe879/datanode-1/data-0/containers/hdds of storage type : DISK capacity : 9223372036854775807
2021-08-12 05:14:32,976 [Listener at 127.0.0.1/38087] INFO  volume.MutableVolumeSet (MutableVolumeSet.java:initializeVolumeSet(181)) - Added Volume : /home/runner/work/ozone/ozone/hadoop-ozone/integration-test/target/test-dir/MiniOzoneClusterImpl-77927036-b40e-4989-9ea2-4287dcbfe879/datanode-1/data-0/containers/hdds to VolumeSet
2021-08-12 05:14:32,977 [Listener at 127.0.0.1/38087] INFO  volume.ThrottledAsyncChecker (ThrottledAsyncChecker.java:schedule(141)) - Scheduling a check for /home/runner/work/ozone/ozone/hadoop-ozone/integration-test/target/test-dir/MiniOzoneClusterImpl-77927036-b40e-4989-9ea2-4287dcbfe879/datanode-1/data-0/containers/hdds
2021-08-12 05:14:32,977 [Listener at 127.0.0.1/38087] INFO  volume.StorageVolumeChecker (StorageVolumeChecker.java:checkAllVolumes(202)) - Scheduled health check for volume /home/runner/work/ozone/ozone/hadoop-ozone/integration-test/target/test-dir/MiniOzoneClusterImpl-77927036-b40e-4989-9ea2-4287dcbfe879/datanode-1/data-0/containers/hdds
2021-08-12 05:14:33,011 [Listener at 127.0.0.1/38087] INFO  volume.MutableVolumeSet (MutableVolumeSet.java:initializeVolumeSet(181)) - Added Volume : /home/runner/work/ozone/ozone/hadoop-ozone/integration-test/target/test-dir/MiniOzoneClusterImpl-77927036-b40e-4989-9ea2-4287dcbfe879/datanode-1/data/ratis to VolumeSet
2021-08-12 05:14:33,011 [Listener at 127.0.0.1/38087] INFO  volume.ThrottledAsyncChecker (ThrottledAsyncChecker.java:schedule(141)) - Scheduling a check for /home/runner/work/ozone/ozone/hadoop-ozone/integration-test/target/test-dir/MiniOzoneClusterImpl-77927036-b40e-4989-9ea2-4287dcbfe879/datanode-1/data/ratis
2021-08-12 05:14:33,017 [Listener at 127.0.0.1/38087] INFO  volume.StorageVolumeChecker (StorageVolumeChecker.java:checkAllVolumes(202)) - Scheduled health check for volume /home/runner/work/ozone/ozone/hadoop-ozone/integration-test/target/test-dir/MiniOzoneClusterImpl-77927036-b40e-4989-9ea2-4287dcbfe879/datanode-1/data/ratis
2021-08-12 05:14:33,033 [Listener at 127.0.0.1/38087] INFO  ozoneimpl.ContainerReader (ContainerReader.java:<init>(98)) - Running in upgrade mode:true
2021-08-12 05:14:33,035 [Thread-886] INFO  ozoneimpl.ContainerReader (ContainerReader.java:readVolume(142)) - Start to verify containers on volume /home/runner/work/ozone/ozone/hadoop-ozone/integration-test/target/test-dir/MiniOzoneClusterImpl-77927036-b40e-4989-9ea2-4287dcbfe879/datanode-1/data-0/containers/hdds
2021-08-12 05:14:33,035 [Thread-886] INFO  ozoneimpl.ContainerReader (ContainerReader.java:readVolume(174)) - Finish verifying containers on volume /home/runner/work/ozone/ozone/hadoop-ozone/integration-test/target/test-dir/MiniOzoneClusterImpl-77927036-b40e-4989-9ea2-4287dcbfe879/datanode-1/data-0/containers/hdds
2021-08-12 05:14:33,035 [Listener at 127.0.0.1/38087] INFO  ozoneimpl.OzoneContainer (OzoneContainer.java:buildContainerSet(237)) - Build ContainerSet costs 0s
2021-08-12 05:14:33,044 [Listener at 127.0.0.1/38087] INFO  server.RaftServer (ConfUtils.java:logGet(44)) - raft.rpc.type = GRPC (default)
2021-08-12 05:14:33,044 [Listener at 127.0.0.1/38087] INFO  grpc.GrpcFactory (GrpcFactory.java:checkPooledByteBufAllocatorUseCacheForAllThreads(48)) - PERFORMANCE WARNING: useCacheForAllThreads is true that may cause Netty to create a lot garbage objects and, as a result, trigger GC.
	It is recommended to disable useCacheForAllThreads by setting -Dorg.apache.ratis.thirdparty.io.netty.allocator.useCacheForAllThreads=false in command line.
2021-08-12 05:14:33,044 [Listener at 127.0.0.1/38087] INFO  grpc.GrpcConfigKeys (ConfUtils.java:logGet(44)) - raft.grpc.admin.port = 0 (custom)
2021-08-12 05:14:33,045 [Listener at 127.0.0.1/38087] INFO  grpc.GrpcConfigKeys (ConfUtils.java:logGet(44)) - raft.grpc.client.port = 0 (custom)
2021-08-12 05:14:33,045 [Listener at 127.0.0.1/38087] INFO  grpc.GrpcConfigKeys (ConfUtils.java:logGet(44)) - raft.grpc.server.port = 0 (default)
2021-08-12 05:14:33,045 [Listener at 127.0.0.1/38087] INFO  server.GrpcService (ConfUtils.java:logGet(44)) - raft.grpc.message.size.max = 32MB (=33554432) (custom)
2021-08-12 05:14:33,045 [Listener at 127.0.0.1/38087] INFO  server.RaftServerConfigKeys (ConfUtils.java:logGet(44)) - raft.server.log.appender.buffer.byte-limit = 33554432 (custom)
2021-08-12 05:14:33,045 [Listener at 127.0.0.1/38087] INFO  server.GrpcService (ConfUtils.java:logGet(44)) - raft.grpc.flow.control.window = 5MB (=5242880) (custom)
2021-08-12 05:14:33,045 [Listener at 127.0.0.1/38087] INFO  server.RaftServerConfigKeys (ConfUtils.java:logGet(44)) - raft.server.rpc.request.timeout = 60s (custom)
2021-08-12 05:14:33,046 [Listener at 127.0.0.1/38087] INFO  impl.DataStreamServerImpl (ConfUtils.java:logGet(44)) - raft.datastream.type = DISABLED (default)
2021-08-12 05:14:33,046 [Listener at 127.0.0.1/38087] INFO  server.RaftServerConfigKeys (ConfUtils.java:logGet(44)) - raft.server.rpc.slowness.timeout = 300s (custom)
2021-08-12 05:14:33,046 [Listener at 127.0.0.1/38087] INFO  server.RaftServerConfigKeys (ConfUtils.java:logGet(44)) - raft.server.leaderelection.leader.step-down.wait-time = 10s (default)
2021-08-12 05:14:33,046 [Listener at 127.0.0.1/38087] INFO  server.RaftServerConfigKeys (ConfUtils.java:logGet(44)) - raft.server.storage.dir = [/home/runner/work/ozone/ozone/hadoop-ozone/integration-test/target/test-dir/MiniOzoneClusterImpl-77927036-b40e-4989-9ea2-4287dcbfe879/datanode-1/data/ratis] (custom)
2021-08-12 05:14:33,062 [Listener at 127.0.0.1/38087] INFO  http.BaseHttpServer (BaseHttpServer.java:newHttpServer2BuilderForOzone(209)) - Starting Web-server for hddsDatanode at: http://0.0.0.0:0
2021-08-12 05:14:33,062 [Listener at 127.0.0.1/38087] INFO  http.BaseHttpServer (BaseHttpServer.java:<init>(107)) - Hadoop Security Enabled: false Ozone Security Enabled: false Ozone HTTP Security Enabled: false 
2021-08-12 05:14:33,063 [Listener at 127.0.0.1/38087] INFO  server.AuthenticationFilter (AuthenticationFilter.java:constructSecretProvider(240)) - Unable to initialize FileSignerSecretProvider, falling back to use random secrets.
2021-08-12 05:14:33,066 [Listener at 127.0.0.1/38087] WARN  http.HttpRequestLog (HttpRequestLog.java:getRequestLog(103)) - Jetty request log can only be enabled using Log4j
2021-08-12 05:14:33,066 [Listener at 127.0.0.1/38087] INFO  http.HttpServer2 (HttpServer2.java:addGlobalFilter(1020)) - Added global filter 'safety' (class=org.apache.hadoop.hdds.server.http.HttpServer2$QuotingInputFilter)
2021-08-12 05:14:33,067 [Listener at 127.0.0.1/38087] INFO  http.HttpServer2 (HttpServer2.java:addFilter(996)) - Added filter static_user_filter (class=org.apache.hadoop.http.lib.StaticUserWebFilter$StaticUserFilter) to context hddsDatanode
2021-08-12 05:14:33,067 [Listener at 127.0.0.1/38087] INFO  http.HttpServer2 (HttpServer2.java:addFilter(1004)) - Added filter static_user_filter (class=org.apache.hadoop.http.lib.StaticUserWebFilter$StaticUserFilter) to context logs
2021-08-12 05:14:33,067 [Listener at 127.0.0.1/38087] INFO  http.HttpServer2 (HttpServer2.java:addFilter(1004)) - Added filter static_user_filter (class=org.apache.hadoop.http.lib.StaticUserWebFilter$StaticUserFilter) to context static
2021-08-12 05:14:33,067 [Listener at 127.0.0.1/38087] INFO  http.HttpServer2 (HttpServer2.java:bindListener(1239)) - Jetty bound to port 33847
2021-08-12 05:14:33,068 [Listener at 127.0.0.1/38087] INFO  server.Server (Server.java:doStart(375)) - jetty-9.4.43.v20210629; built: 2021-06-30T11:07:22.254Z; git: 526006ecfa3af7f1a27ef3a288e2bef7ea9dd7e8; jvm 1.8.0_292-b10
2021-08-12 05:14:33,069 [Listener at 127.0.0.1/38087] INFO  server.session (DefaultSessionIdManager.java:doStart(334)) - DefaultSessionIdManager workerName=node0
2021-08-12 05:14:33,069 [Listener at 127.0.0.1/38087] INFO  server.session (DefaultSessionIdManager.java:doStart(339)) - No SessionScavenger set, using defaults
2021-08-12 05:14:33,069 [Listener at 127.0.0.1/38087] INFO  server.session (HouseKeeper.java:startScavenging(132)) - node0 Scavenging every 600000ms
2021-08-12 05:14:33,070 [Listener at 127.0.0.1/38087] INFO  handler.ContextHandler (ContextHandler.java:doStart(915)) - Started o.e.j.s.ServletContextHandler@1dd621da{logs,/logs,file:///home/runner/work/ozone/ozone/hadoop-ozone/integration-test/target/log,AVAILABLE}
2021-08-12 05:14:33,070 [Listener at 127.0.0.1/38087] INFO  handler.ContextHandler (ContextHandler.java:doStart(915)) - Started o.e.j.s.ServletContextHandler@348066df{static,/static,jar:file:/home/runner/.m2/repository/org/apache/ozone/hdds-container-service/1.2.0-SNAPSHOT/hdds-container-service-1.2.0-SNAPSHOT.jar!/webapps/static,AVAILABLE}
2021-08-12 05:14:33,146 [Listener at 127.0.0.1/38087] INFO  handler.ContextHandler (ContextHandler.java:doStart(915)) - Started o.e.j.w.WebAppContext@431471{hddsDatanode,/,file:///tmp/jetty-0_0_0_0-33847-hdds-container-service-1_2_0-SNAPSHOT_jar-_-any-507672750810618157/webapp/,AVAILABLE}{jar:file:/home/runner/.m2/repository/org/apache/ozone/hdds-container-service/1.2.0-SNAPSHOT/hdds-container-service-1.2.0-SNAPSHOT.jar!/webapps/hddsDatanode}
2021-08-12 05:14:33,168 [Listener at 127.0.0.1/38087] INFO  server.AbstractConnector (AbstractConnector.java:doStart(331)) - Started ServerConnector@2cab33{HTTP/1.1, (http/1.1)}{0.0.0.0:33847}
2021-08-12 05:14:33,168 [Listener at 127.0.0.1/38087] INFO  server.Server (Server.java:doStart(415)) - Started @102454ms
2021-08-12 05:14:33,169 [Listener at 127.0.0.1/38087] WARN  impl.MetricsSystemImpl (MetricsSystemImpl.java:register(279)) - Sink prometheus already exists!
2021-08-12 05:14:33,169 [Listener at 127.0.0.1/38087] INFO  http.BaseHttpServer (BaseHttpServer.java:updateConnectorAddress(329)) - HTTP server of hddsDatanode listening at http://0.0.0.0:33847
2021-08-12 05:14:33,171 [Listener at 127.0.0.1/38087] WARN  impl.MetricRegistriesImpl (MetricRegistriesImpl.java:addReporterRegistration(111)) - New reporters are added after registries were created. Some metrics will be missing from the reporter. Please add reporter before adding any new registry.
2021-08-12 05:14:33,171 [Listener at 127.0.0.1/38087] WARN  impl.MetricRegistriesImpl (MetricRegistriesImpl.java:addReporterRegistration(111)) - New reporters are added after registries were created. Some metrics will be missing from the reporter. Please add reporter before adding any new registry.
2021-08-12 05:14:33,171 [Listener at 127.0.0.1/38087] INFO  impl.MetricsSystemImpl (MetricsSystemImpl.java:init(158)) - HddsDatanode metrics system started (again)
2021-08-12 05:14:33,199 [Listener at 127.0.0.1/38087] INFO  ozone.HddsDatanodeService (HddsDatanodeService.java:start(234)) - HddsDatanodeService host:fv-az50-214.grzltbmokehuzjyc5b133kdqgh.cx.internal.cloudapp.net ip:10.1.0.46
2021-08-12 05:14:33,231 [org.apache.hadoop.util.JvmPauseMonitor$Monitor@2ddd9a3c] INFO  util.JvmPauseMonitor (JvmPauseMonitor.java:run(188)) - Starting JVM pause monitor
2021-08-12 05:14:33,248 [Listener at 127.0.0.1/38087] INFO  upgrade.AbstractLayoutVersionManager (AbstractLayoutVersionManager.java:init(70)) - Initializing Layout version manager with metadata layout = SCM_HA (version = 2), software layout = SCM_HA (version = 2)
2021-08-12 05:14:33,300 [Datanode State Machine Task Thread - 0] INFO  datanode.InitDatanodeState (InitDatanodeState.java:persistContainerDatanodeDetails(145)) - DatanodeDetails is persisted to /home/runner/work/ozone/ozone/hadoop-ozone/integration-test/target/test-dir/MiniOzoneClusterImpl-77927036-b40e-4989-9ea2-4287dcbfe879/datanode-1/meta/datanode.id
2021-08-12 05:14:33,340 [Listener at 127.0.0.1/38087] INFO  reflections.Reflections (Reflections.java:scan(232)) - Reflections took 91 ms to scan 7 urls, producing 120 keys and 275 values 
2021-08-12 05:14:33,343 [Listener at 127.0.0.1/38087] INFO  volume.HddsVolume (HddsVolume.java:<init>(120)) - Creating HddsVolume: /home/runner/work/ozone/ozone/hadoop-ozone/integration-test/target/test-dir/MiniOzoneClusterImpl-77927036-b40e-4989-9ea2-4287dcbfe879/datanode-2/data-0/containers/hdds of storage type : DISK capacity : 9223372036854775807
2021-08-12 05:14:33,343 [Listener at 127.0.0.1/38087] INFO  volume.MutableVolumeSet (MutableVolumeSet.java:initializeVolumeSet(181)) - Added Volume : /home/runner/work/ozone/ozone/hadoop-ozone/integration-test/target/test-dir/MiniOzoneClusterImpl-77927036-b40e-4989-9ea2-4287dcbfe879/datanode-2/data-0/containers/hdds to VolumeSet
2021-08-12 05:14:33,343 [Listener at 127.0.0.1/38087] INFO  volume.ThrottledAsyncChecker (ThrottledAsyncChecker.java:schedule(141)) - Scheduling a check for /home/runner/work/ozone/ozone/hadoop-ozone/integration-test/target/test-dir/MiniOzoneClusterImpl-77927036-b40e-4989-9ea2-4287dcbfe879/datanode-2/data-0/containers/hdds
2021-08-12 05:14:33,343 [Listener at 127.0.0.1/38087] INFO  volume.StorageVolumeChecker (StorageVolumeChecker.java:checkAllVolumes(202)) - Scheduled health check for volume /home/runner/work/ozone/ozone/hadoop-ozone/integration-test/target/test-dir/MiniOzoneClusterImpl-77927036-b40e-4989-9ea2-4287dcbfe879/datanode-2/data-0/containers/hdds
2021-08-12 05:14:33,363 [Listener at 127.0.0.1/38087] INFO  volume.MutableVolumeSet (MutableVolumeSet.java:initializeVolumeSet(181)) - Added Volume : /home/runner/work/ozone/ozone/hadoop-ozone/integration-test/target/test-dir/MiniOzoneClusterImpl-77927036-b40e-4989-9ea2-4287dcbfe879/datanode-2/data/ratis to VolumeSet
2021-08-12 05:14:33,363 [Listener at 127.0.0.1/38087] INFO  volume.ThrottledAsyncChecker (ThrottledAsyncChecker.java:schedule(141)) - Scheduling a check for /home/runner/work/ozone/ozone/hadoop-ozone/integration-test/target/test-dir/MiniOzoneClusterImpl-77927036-b40e-4989-9ea2-4287dcbfe879/datanode-2/data/ratis
2021-08-12 05:14:33,363 [Listener at 127.0.0.1/38087] INFO  volume.StorageVolumeChecker (StorageVolumeChecker.java:checkAllVolumes(202)) - Scheduled health check for volume /home/runner/work/ozone/ozone/hadoop-ozone/integration-test/target/test-dir/MiniOzoneClusterImpl-77927036-b40e-4989-9ea2-4287dcbfe879/datanode-2/data/ratis
2021-08-12 05:14:33,385 [Listener at 127.0.0.1/38087] INFO  ozoneimpl.ContainerReader (ContainerReader.java:<init>(98)) - Running in upgrade mode:true
2021-08-12 05:14:33,385 [Thread-898] INFO  ozoneimpl.ContainerReader (ContainerReader.java:readVolume(142)) - Start to verify containers on volume /home/runner/work/ozone/ozone/hadoop-ozone/integration-test/target/test-dir/MiniOzoneClusterImpl-77927036-b40e-4989-9ea2-4287dcbfe879/datanode-2/data-0/containers/hdds
2021-08-12 05:14:33,385 [Thread-898] INFO  ozoneimpl.ContainerReader (ContainerReader.java:readVolume(174)) - Finish verifying containers on volume /home/runner/work/ozone/ozone/hadoop-ozone/integration-test/target/test-dir/MiniOzoneClusterImpl-77927036-b40e-4989-9ea2-4287dcbfe879/datanode-2/data-0/containers/hdds
2021-08-12 05:14:33,385 [Listener at 127.0.0.1/38087] INFO  ozoneimpl.OzoneContainer (OzoneContainer.java:buildContainerSet(237)) - Build ContainerSet costs 0s
2021-08-12 05:14:33,388 [Listener at 127.0.0.1/38087] INFO  server.RaftServer (ConfUtils.java:logGet(44)) - raft.rpc.type = GRPC (default)
2021-08-12 05:14:33,388 [Listener at 127.0.0.1/38087] INFO  grpc.GrpcFactory (GrpcFactory.java:checkPooledByteBufAllocatorUseCacheForAllThreads(48)) - PERFORMANCE WARNING: useCacheForAllThreads is true that may cause Netty to create a lot garbage objects and, as a result, trigger GC.
	It is recommended to disable useCacheForAllThreads by setting -Dorg.apache.ratis.thirdparty.io.netty.allocator.useCacheForAllThreads=false in command line.
2021-08-12 05:14:33,389 [Listener at 127.0.0.1/38087] INFO  grpc.GrpcConfigKeys (ConfUtils.java:logGet(44)) - raft.grpc.admin.port = 0 (custom)
2021-08-12 05:14:33,389 [Listener at 127.0.0.1/38087] INFO  grpc.GrpcConfigKeys (ConfUtils.java:logGet(44)) - raft.grpc.client.port = 0 (custom)
2021-08-12 05:14:33,389 [Listener at 127.0.0.1/38087] INFO  grpc.GrpcConfigKeys (ConfUtils.java:logGet(44)) - raft.grpc.server.port = 0 (default)
2021-08-12 05:14:33,389 [Listener at 127.0.0.1/38087] INFO  server.GrpcService (ConfUtils.java:logGet(44)) - raft.grpc.message.size.max = 32MB (=33554432) (custom)
2021-08-12 05:14:33,389 [Listener at 127.0.0.1/38087] INFO  server.RaftServerConfigKeys (ConfUtils.java:logGet(44)) - raft.server.log.appender.buffer.byte-limit = 33554432 (custom)
2021-08-12 05:14:33,389 [Listener at 127.0.0.1/38087] INFO  server.GrpcService (ConfUtils.java:logGet(44)) - raft.grpc.flow.control.window = 5MB (=5242880) (custom)
2021-08-12 05:14:33,389 [Listener at 127.0.0.1/38087] INFO  server.RaftServerConfigKeys (ConfUtils.java:logGet(44)) - raft.server.rpc.request.timeout = 60s (custom)
2021-08-12 05:14:33,390 [Listener at 127.0.0.1/38087] INFO  impl.DataStreamServerImpl (ConfUtils.java:logGet(44)) - raft.datastream.type = DISABLED (default)
2021-08-12 05:14:33,390 [Listener at 127.0.0.1/38087] INFO  server.RaftServerConfigKeys (ConfUtils.java:logGet(44)) - raft.server.rpc.slowness.timeout = 300s (custom)
2021-08-12 05:14:33,391 [Listener at 127.0.0.1/38087] INFO  server.RaftServerConfigKeys (ConfUtils.java:logGet(44)) - raft.server.leaderelection.leader.step-down.wait-time = 10s (default)
2021-08-12 05:14:33,391 [Listener at 127.0.0.1/38087] INFO  server.RaftServerConfigKeys (ConfUtils.java:logGet(44)) - raft.server.storage.dir = [/home/runner/work/ozone/ozone/hadoop-ozone/integration-test/target/test-dir/MiniOzoneClusterImpl-77927036-b40e-4989-9ea2-4287dcbfe879/datanode-2/data/ratis] (custom)
2021-08-12 05:14:33,395 [Listener at 127.0.0.1/38087] INFO  http.BaseHttpServer (BaseHttpServer.java:newHttpServer2BuilderForOzone(209)) - Starting Web-server for hddsDatanode at: http://0.0.0.0:0
2021-08-12 05:14:33,395 [Listener at 127.0.0.1/38087] INFO  http.BaseHttpServer (BaseHttpServer.java:<init>(107)) - Hadoop Security Enabled: false Ozone Security Enabled: false Ozone HTTP Security Enabled: false 
2021-08-12 05:14:33,397 [Listener at 127.0.0.1/38087] INFO  server.AuthenticationFilter (AuthenticationFilter.java:constructSecretProvider(240)) - Unable to initialize FileSignerSecretProvider, falling back to use random secrets.
2021-08-12 05:14:33,411 [Listener at 127.0.0.1/38087] WARN  http.HttpRequestLog (HttpRequestLog.java:getRequestLog(103)) - Jetty request log can only be enabled using Log4j
2021-08-12 05:14:33,412 [Listener at 127.0.0.1/38087] INFO  http.HttpServer2 (HttpServer2.java:addGlobalFilter(1020)) - Added global filter 'safety' (class=org.apache.hadoop.hdds.server.http.HttpServer2$QuotingInputFilter)
2021-08-12 05:14:33,412 [Listener at 127.0.0.1/38087] INFO  http.HttpServer2 (HttpServer2.java:addFilter(996)) - Added filter static_user_filter (class=org.apache.hadoop.http.lib.StaticUserWebFilter$StaticUserFilter) to context hddsDatanode
2021-08-12 05:14:33,412 [Listener at 127.0.0.1/38087] INFO  http.HttpServer2 (HttpServer2.java:addFilter(1004)) - Added filter static_user_filter (class=org.apache.hadoop.http.lib.StaticUserWebFilter$StaticUserFilter) to context static
2021-08-12 05:14:33,412 [Listener at 127.0.0.1/38087] INFO  http.HttpServer2 (HttpServer2.java:addFilter(1004)) - Added filter static_user_filter (class=org.apache.hadoop.http.lib.StaticUserWebFilter$StaticUserFilter) to context logs
2021-08-12 05:14:33,413 [Listener at 127.0.0.1/38087] INFO  http.HttpServer2 (HttpServer2.java:bindListener(1239)) - Jetty bound to port 33533
2021-08-12 05:14:33,413 [Listener at 127.0.0.1/38087] INFO  server.Server (Server.java:doStart(375)) - jetty-9.4.43.v20210629; built: 2021-06-30T11:07:22.254Z; git: 526006ecfa3af7f1a27ef3a288e2bef7ea9dd7e8; jvm 1.8.0_292-b10
2021-08-12 05:14:33,415 [Listener at 127.0.0.1/38087] INFO  server.session (DefaultSessionIdManager.java:doStart(334)) - DefaultSessionIdManager workerName=node0
2021-08-12 05:14:33,415 [Listener at 127.0.0.1/38087] INFO  server.session (DefaultSessionIdManager.java:doStart(339)) - No SessionScavenger set, using defaults
2021-08-12 05:14:33,415 [Listener at 127.0.0.1/38087] INFO  server.session (HouseKeeper.java:startScavenging(132)) - node0 Scavenging every 600000ms
2021-08-12 05:14:33,416 [Listener at 127.0.0.1/38087] INFO  handler.ContextHandler (ContextHandler.java:doStart(915)) - Started o.e.j.s.ServletContextHandler@7d2286c9{logs,/logs,file:///home/runner/work/ozone/ozone/hadoop-ozone/integration-test/target/log,AVAILABLE}
2021-08-12 05:14:33,416 [Listener at 127.0.0.1/38087] INFO  handler.ContextHandler (ContextHandler.java:doStart(915)) - Started o.e.j.s.ServletContextHandler@1716f390{static,/static,jar:file:/home/runner/.m2/repository/org/apache/ozone/hdds-container-service/1.2.0-SNAPSHOT/hdds-container-service-1.2.0-SNAPSHOT.jar!/webapps/static,AVAILABLE}
2021-08-12 05:14:33,468 [Listener at 127.0.0.1/38087] INFO  handler.ContextHandler (ContextHandler.java:doStart(915)) - Started o.e.j.w.WebAppContext@74544e4f{hddsDatanode,/,file:///tmp/jetty-0_0_0_0-33533-hdds-container-service-1_2_0-SNAPSHOT_jar-_-any-3652433262768169110/webapp/,AVAILABLE}{jar:file:/home/runner/.m2/repository/org/apache/ozone/hdds-container-service/1.2.0-SNAPSHOT/hdds-container-service-1.2.0-SNAPSHOT.jar!/webapps/hddsDatanode}
2021-08-12 05:14:33,473 [Listener at 127.0.0.1/38087] INFO  server.AbstractConnector (AbstractConnector.java:doStart(331)) - Started ServerConnector@232b95b3{HTTP/1.1, (http/1.1)}{0.0.0.0:33533}
2021-08-12 05:14:33,474 [Listener at 127.0.0.1/38087] INFO  server.Server (Server.java:doStart(415)) - Started @102759ms
2021-08-12 05:14:33,474 [Listener at 127.0.0.1/38087] WARN  impl.MetricsSystemImpl (MetricsSystemImpl.java:register(279)) - Sink prometheus already exists!
2021-08-12 05:14:33,474 [Listener at 127.0.0.1/38087] INFO  http.BaseHttpServer (BaseHttpServer.java:updateConnectorAddress(329)) - HTTP server of hddsDatanode listening at http://0.0.0.0:33533
2021-08-12 05:14:33,488 [Listener at 127.0.0.1/38087] INFO  ozone.MiniOzoneClusterImpl (MiniOzoneClusterImpl.java:lambda$waitForClusterToBeReady$0(235)) - Waiting for nodes to be ready. Got 0 of 3 DN Heartbeats.
2021-08-12 05:14:33,488 [Listener at 127.0.0.1/38087] INFO  ozone.MiniOzoneClusterImpl (MiniOzoneClusterImpl.java:lambda$waitForClusterToBeReady$0(238)) - Waiting for cluster to exit safe mode
2021-08-12 05:14:33,488 [Listener at 127.0.0.1/38087] INFO  ozone.MiniOzoneClusterImpl (MiniOzoneClusterImpl.java:lambda$waitForClusterToBeReady$0(240)) - SCM became leader
2021-08-12 05:14:33,514 [om1@group-C5BA1605619E-FollowerState] INFO  impl.FollowerState (FollowerState.java:run(134)) - om1@group-C5BA1605619E-FollowerState: change to CANDIDATE, lastRpcElapsedTime:1108184334ns, electionTimeout:1080ms
2021-08-12 05:14:33,515 [om1@group-C5BA1605619E-FollowerState] INFO  impl.RoleInfo (RoleInfo.java:shutdownFollowerState(108)) - om1: shutdown om1@group-C5BA1605619E-FollowerState
2021-08-12 05:14:33,515 [om1@group-C5BA1605619E-FollowerState] INFO  server.RaftServer$Division (RaftServerImpl.java:setRole(285)) - om1@group-C5BA1605619E: changes role from  FOLLOWER to CANDIDATE at term 0 for changeToCandidate
2021-08-12 05:14:33,518 [org.apache.hadoop.util.JvmPauseMonitor$Monitor@60bd572c] INFO  util.JvmPauseMonitor (JvmPauseMonitor.java:run(188)) - Starting JVM pause monitor
2021-08-12 05:14:33,521 [om1@group-C5BA1605619E-FollowerState] INFO  server.RaftServerConfigKeys (ConfUtils.java:logGet(44)) - raft.server.leaderelection.pre-vote = false (custom)
2021-08-12 05:14:33,521 [om1@group-C5BA1605619E-FollowerState] INFO  impl.RoleInfo (RoleInfo.java:updateAndGet(130)) - om1: start om1@group-C5BA1605619E-LeaderElection29
2021-08-12 05:14:33,538 [Datanode State Machine Task Thread - 0] INFO  datanode.InitDatanodeState (InitDatanodeState.java:persistContainerDatanodeDetails(145)) - DatanodeDetails is persisted to /home/runner/work/ozone/ozone/hadoop-ozone/integration-test/target/test-dir/MiniOzoneClusterImpl-77927036-b40e-4989-9ea2-4287dcbfe879/datanode-2/meta/datanode.id
2021-08-12 05:14:33,556 [om1@group-C5BA1605619E-LeaderElection29] INFO  impl.LeaderElection (LeaderElection.java:askForVotes(306)) - om1@group-C5BA1605619E-LeaderElection29 ELECTION round 0: submit vote requests at term 1 for -1: [om1|rpc:localhost:9872|priority:0], old=null
2021-08-12 05:14:33,557 [om1@group-C5BA1605619E-LeaderElection29] INFO  impl.LeaderElection (LeaderElection.java:askForVotes(308)) - om1@group-C5BA1605619E-LeaderElection29 ELECTION round 0: result PASSED (term=1)
2021-08-12 05:14:33,557 [om1@group-C5BA1605619E-LeaderElection29] INFO  impl.RoleInfo (RoleInfo.java:shutdownLeaderElection(121)) - om1: shutdown om1@group-C5BA1605619E-LeaderElection29
2021-08-12 05:14:33,557 [om1@group-C5BA1605619E-LeaderElection29] INFO  server.RaftServer$Division (RaftServerImpl.java:setRole(285)) - om1@group-C5BA1605619E: changes role from CANDIDATE to LEADER at term 1 for changeToLeader
2021-08-12 05:14:33,557 [om1@group-C5BA1605619E-LeaderElection29] INFO  server.RaftServer$Division (ServerState.java:setLeader(285)) - om1@group-C5BA1605619E: change Leader from null to om1 at term 1 for becomeLeader, leader elected after 1236ms
2021-08-12 05:14:33,557 [om1@group-C5BA1605619E-LeaderElection29] INFO  server.RaftServerConfigKeys (ConfUtils.java:logGet(44)) - raft.server.staging.catchup.gap = 1000 (default)
2021-08-12 05:14:33,557 [om1@group-C5BA1605619E-LeaderElection29] INFO  server.RaftServerConfigKeys (ConfUtils.java:logGet(44)) - raft.server.write.element-limit = 4096 (default)
2021-08-12 05:14:33,557 [om1@group-C5BA1605619E-LeaderElection29] INFO  server.RaftServerConfigKeys (ConfUtils.java:logGet(44)) - raft.server.write.byte-limit = 64MB (=67108864) (default)
2021-08-12 05:14:33,557 [om1@group-C5BA1605619E-LeaderElection29] INFO  server.RaftServerConfigKeys (ConfUtils.java:logGet(44)) - raft.server.watch.timeout = 10s (default)
2021-08-12 05:14:33,557 [om1@group-C5BA1605619E-LeaderElection29] INFO  server.RaftServerConfigKeys (ConfUtils.java:logGet(44)) - raft.server.watch.timeout.denomination = 1s (default)
2021-08-12 05:14:33,557 [om1@group-C5BA1605619E-LeaderElection29] INFO  server.RaftServerConfigKeys (ConfUtils.java:logGet(44)) - raft.server.watch.element-limit = 65536 (default)
2021-08-12 05:14:33,557 [om1@group-C5BA1605619E-LeaderElection29] INFO  impl.RoleInfo (RoleInfo.java:updateAndGet(130)) - om1: start om1@group-C5BA1605619E-LeaderStateImpl
2021-08-12 05:14:33,558 [om1@group-C5BA1605619E-LeaderElection29] INFO  segmented.SegmentedRaftLogWorker (SegmentedRaftLogWorker.java:startLogSegment(394)) - om1@group-C5BA1605619E-SegmentedRaftLogWorker: Starting segment from index:0
2021-08-12 05:14:33,565 [om1@group-C5BA1605619E-LeaderElection29] INFO  server.RaftServer$Division (ServerState.java:setRaftConf(387)) - om1@group-C5BA1605619E: set configuration 0: [om1|rpc:localhost:9872|admin:|client:|dataStream:|priority:0], old=null
2021-08-12 05:14:33,587 [om1@group-C5BA1605619E-SegmentedRaftLogWorker] INFO  segmented.SegmentedRaftLogWorker (SegmentedRaftLogWorker.java:execute(601)) - om1@group-C5BA1605619E-SegmentedRaftLogWorker: created new log segment /home/runner/work/ozone/ozone/hadoop-ozone/integration-test/target/test-dir/MiniOzoneClusterImpl-77927036-b40e-4989-9ea2-4287dcbfe879/ozone-meta/ratis/bf265839-605b-3f16-9796-c5ba1605619e/current/log_inprogress_0
2021-08-12 05:14:33,591 [om1@group-C5BA1605619E-StateMachineUpdater] INFO  ratis.OzoneManagerStateMachine (OzoneManagerStateMachine.java:notifyConfigurationChanged(188)) - Received Configuration change notification from Ratis. New Peer list:
[id: "om1"
address: "localhost:9872"
]
2021-08-12 05:14:34,488 [Listener at 127.0.0.1/38087] INFO  ozone.MiniOzoneClusterImpl (MiniOzoneClusterImpl.java:lambda$waitForClusterToBeReady$0(235)) - Waiting for nodes to be ready. Got 0 of 3 DN Heartbeats.
2021-08-12 05:14:34,488 [Listener at 127.0.0.1/38087] INFO  ozone.MiniOzoneClusterImpl (MiniOzoneClusterImpl.java:lambda$waitForClusterToBeReady$0(238)) - Waiting for cluster to exit safe mode
2021-08-12 05:14:34,488 [Listener at 127.0.0.1/38087] INFO  ozone.MiniOzoneClusterImpl (MiniOzoneClusterImpl.java:lambda$waitForClusterToBeReady$0(240)) - SCM became leader
2021-08-12 05:14:34,878 [EndpointStateMachine task thread for /0.0.0.0:45461 - 0 ] INFO  ozoneimpl.OzoneContainer (OzoneContainer.java:start(305)) - Attempting to start container services.
2021-08-12 05:14:34,878 [EndpointStateMachine task thread for /0.0.0.0:45461 - 0 ] INFO  ozoneimpl.OzoneContainer (OzoneContainer.java:startContainerScrub(250)) - Background container scanner has been disabled.
2021-08-12 05:14:34,887 [EndpointStateMachine task thread for /0.0.0.0:45461 - 0 ] INFO  replication.ReplicationServer (ReplicationServer.java:start(106)) - ReplicationServer is started using port 43661
2021-08-12 05:14:34,888 [EndpointStateMachine task thread for /0.0.0.0:45461 - 0 ] INFO  ratis.XceiverServerRatis (XceiverServerRatis.java:start(482)) - Starting XceiverServerRatis 76b05b81-480f-4451-a70f-13b24978b5c0
2021-08-12 05:14:34,891 [EndpointStateMachine task thread for /0.0.0.0:45461 - 0 ] INFO  server.RaftServer (RaftServerProxy.java:lambda$start$5(374)) - 76b05b81-480f-4451-a70f-13b24978b5c0: start RPC server
2021-08-12 05:14:34,899 [EndpointStateMachine task thread for /0.0.0.0:45461 - 0 ] INFO  server.GrpcService (GrpcService.java:startImpl(253)) - 76b05b81-480f-4451-a70f-13b24978b5c0: GrpcService started, listening on 38481
2021-08-12 05:14:34,911 [EndpointStateMachine task thread for /0.0.0.0:45461 - 0 ] INFO  ratis.XceiverServerRatis (XceiverServerRatis.java:getRealPort(503)) - XceiverServerRatis 76b05b81-480f-4451-a70f-13b24978b5c0 is started using port 38481 for RATIS
2021-08-12 05:14:34,911 [EndpointStateMachine task thread for /0.0.0.0:45461 - 0 ] INFO  ratis.XceiverServerRatis (XceiverServerRatis.java:getRealPort(503)) - XceiverServerRatis 76b05b81-480f-4451-a70f-13b24978b5c0 is started using port 38481 for RATIS_ADMIN
2021-08-12 05:14:34,911 [EndpointStateMachine task thread for /0.0.0.0:45461 - 0 ] INFO  ratis.XceiverServerRatis (XceiverServerRatis.java:getRealPort(503)) - XceiverServerRatis 76b05b81-480f-4451-a70f-13b24978b5c0 is started using port 38481 for RATIS_SERVER
2021-08-12 05:14:34,916 [EndpointStateMachine task thread for /0.0.0.0:45461 - 0 ] INFO  server.XceiverServerGrpc (XceiverServerGrpc.java:start(135)) - XceiverServerGrpc 76b05b81-480f-4451-a70f-13b24978b5c0 is started using port 38633
2021-08-12 05:14:34,935 [org.apache.ratis.util.JvmPauseMonitor$$Lambda$531/625077969@6ae56e8c] INFO  util.JvmPauseMonitor (JvmPauseMonitor.java:run(103)) - JvmPauseMonitor-76b05b81-480f-4451-a70f-13b24978b5c0: Started
2021-08-12 05:14:35,236 [EndpointStateMachine task thread for /0.0.0.0:45461 - 0 ] INFO  ozoneimpl.OzoneContainer (OzoneContainer.java:start(305)) - Attempting to start container services.
2021-08-12 05:14:35,236 [EndpointStateMachine task thread for /0.0.0.0:45461 - 0 ] INFO  ozoneimpl.OzoneContainer (OzoneContainer.java:startContainerScrub(250)) - Background container scanner has been disabled.
2021-08-12 05:14:35,239 [EndpointStateMachine task thread for /0.0.0.0:45461 - 0 ] INFO  replication.ReplicationServer (ReplicationServer.java:start(106)) - ReplicationServer is started using port 38765
2021-08-12 05:14:35,241 [EndpointStateMachine task thread for /0.0.0.0:45461 - 0 ] INFO  ratis.XceiverServerRatis (XceiverServerRatis.java:start(482)) - Starting XceiverServerRatis 0da173cd-0350-4aea-93c3-4615dcefd89b
2021-08-12 05:14:35,242 [EndpointStateMachine task thread for /0.0.0.0:45461 - 0 ] INFO  server.RaftServer (RaftServerProxy.java:lambda$start$5(374)) - 0da173cd-0350-4aea-93c3-4615dcefd89b: start RPC server
2021-08-12 05:14:35,247 [EndpointStateMachine task thread for /0.0.0.0:45461 - 0 ] INFO  server.GrpcService (GrpcService.java:startImpl(253)) - 0da173cd-0350-4aea-93c3-4615dcefd89b: GrpcService started, listening on 38751
2021-08-12 05:14:35,256 [EndpointStateMachine task thread for /0.0.0.0:45461 - 0 ] INFO  ratis.XceiverServerRatis (XceiverServerRatis.java:getRealPort(503)) - XceiverServerRatis 0da173cd-0350-4aea-93c3-4615dcefd89b is started using port 38751 for RATIS
2021-08-12 05:14:35,256 [EndpointStateMachine task thread for /0.0.0.0:45461 - 0 ] INFO  ratis.XceiverServerRatis (XceiverServerRatis.java:getRealPort(503)) - XceiverServerRatis 0da173cd-0350-4aea-93c3-4615dcefd89b is started using port 38751 for RATIS_ADMIN
2021-08-12 05:14:35,256 [EndpointStateMachine task thread for /0.0.0.0:45461 - 0 ] INFO  ratis.XceiverServerRatis (XceiverServerRatis.java:getRealPort(503)) - XceiverServerRatis 0da173cd-0350-4aea-93c3-4615dcefd89b is started using port 38751 for RATIS_SERVER
2021-08-12 05:14:35,256 [EndpointStateMachine task thread for /0.0.0.0:45461 - 0 ] INFO  server.XceiverServerGrpc (XceiverServerGrpc.java:start(135)) - XceiverServerGrpc 0da173cd-0350-4aea-93c3-4615dcefd89b is started using port 46169
2021-08-12 05:14:35,271 [org.apache.ratis.util.JvmPauseMonitor$$Lambda$531/625077969@6c3193fc] INFO  util.JvmPauseMonitor (JvmPauseMonitor.java:run(103)) - JvmPauseMonitor-0da173cd-0350-4aea-93c3-4615dcefd89b: Started
2021-08-12 05:14:35,489 [Listener at 127.0.0.1/38087] INFO  ozone.MiniOzoneClusterImpl (MiniOzoneClusterImpl.java:lambda$waitForClusterToBeReady$0(235)) - Waiting for nodes to be ready. Got 0 of 3 DN Heartbeats.
2021-08-12 05:14:35,489 [Listener at 127.0.0.1/38087] INFO  ozone.MiniOzoneClusterImpl (MiniOzoneClusterImpl.java:lambda$waitForClusterToBeReady$0(238)) - Waiting for cluster to exit safe mode
2021-08-12 05:14:35,489 [Listener at 127.0.0.1/38087] INFO  ozone.MiniOzoneClusterImpl (MiniOzoneClusterImpl.java:lambda$waitForClusterToBeReady$0(240)) - SCM became leader
2021-08-12 05:14:35,529 [EndpointStateMachine task thread for /0.0.0.0:45461 - 0 ] INFO  ozoneimpl.OzoneContainer (OzoneContainer.java:start(305)) - Attempting to start container services.
2021-08-12 05:14:35,529 [EndpointStateMachine task thread for /0.0.0.0:45461 - 0 ] INFO  ozoneimpl.OzoneContainer (OzoneContainer.java:startContainerScrub(250)) - Background container scanner has been disabled.
2021-08-12 05:14:35,531 [EndpointStateMachine task thread for /0.0.0.0:45461 - 0 ] INFO  replication.ReplicationServer (ReplicationServer.java:start(106)) - ReplicationServer is started using port 34345
2021-08-12 05:14:35,534 [EndpointStateMachine task thread for /0.0.0.0:45461 - 0 ] INFO  ratis.XceiverServerRatis (XceiverServerRatis.java:start(482)) - Starting XceiverServerRatis 98d5f929-1501-4de8-86af-d5a6f354d1b1
2021-08-12 05:14:35,534 [EndpointStateMachine task thread for /0.0.0.0:45461 - 0 ] INFO  server.RaftServer (RaftServerProxy.java:lambda$start$5(374)) - 98d5f929-1501-4de8-86af-d5a6f354d1b1: start RPC server
2021-08-12 05:14:35,544 [EndpointStateMachine task thread for /0.0.0.0:45461 - 0 ] INFO  server.GrpcService (GrpcService.java:startImpl(253)) - 98d5f929-1501-4de8-86af-d5a6f354d1b1: GrpcService started, listening on 42533
2021-08-12 05:14:35,546 [EndpointStateMachine task thread for /0.0.0.0:45461 - 0 ] INFO  ratis.XceiverServerRatis (XceiverServerRatis.java:getRealPort(503)) - XceiverServerRatis 98d5f929-1501-4de8-86af-d5a6f354d1b1 is started using port 42533 for RATIS
2021-08-12 05:14:35,546 [EndpointStateMachine task thread for /0.0.0.0:45461 - 0 ] INFO  ratis.XceiverServerRatis (XceiverServerRatis.java:getRealPort(503)) - XceiverServerRatis 98d5f929-1501-4de8-86af-d5a6f354d1b1 is started using port 42533 for RATIS_ADMIN
2021-08-12 05:14:35,546 [EndpointStateMachine task thread for /0.0.0.0:45461 - 0 ] INFO  ratis.XceiverServerRatis (XceiverServerRatis.java:getRealPort(503)) - XceiverServerRatis 98d5f929-1501-4de8-86af-d5a6f354d1b1 is started using port 42533 for RATIS_SERVER
2021-08-12 05:14:35,547 [EndpointStateMachine task thread for /0.0.0.0:45461 - 0 ] INFO  server.XceiverServerGrpc (XceiverServerGrpc.java:start(135)) - XceiverServerGrpc 98d5f929-1501-4de8-86af-d5a6f354d1b1 is started using port 34663
2021-08-12 05:14:35,547 [org.apache.ratis.util.JvmPauseMonitor$$Lambda$531/625077969@6ba107d7] INFO  util.JvmPauseMonitor (JvmPauseMonitor.java:run(103)) - JvmPauseMonitor-98d5f929-1501-4de8-86af-d5a6f354d1b1: Started
2021-08-12 05:14:36,489 [Listener at 127.0.0.1/38087] INFO  ozone.MiniOzoneClusterImpl (MiniOzoneClusterImpl.java:lambda$waitForClusterToBeReady$0(235)) - Waiting for nodes to be ready. Got 0 of 3 DN Heartbeats.
2021-08-12 05:14:36,489 [Listener at 127.0.0.1/38087] INFO  ozone.MiniOzoneClusterImpl (MiniOzoneClusterImpl.java:lambda$waitForClusterToBeReady$0(238)) - Waiting for cluster to exit safe mode
2021-08-12 05:14:36,489 [Listener at 127.0.0.1/38087] INFO  ozone.MiniOzoneClusterImpl (MiniOzoneClusterImpl.java:lambda$waitForClusterToBeReady$0(240)) - SCM became leader
2021-08-12 05:14:36,852 [IPC Server handler 0 on default port 45461] INFO  net.NetworkTopologyImpl (NetworkTopologyImpl.java:add(112)) - Added a new node: /default-rack/76b05b81-480f-4451-a70f-13b24978b5c0
2021-08-12 05:14:36,852 [IPC Server handler 0 on default port 45461] INFO  node.SCMNodeManager (SCMNodeManager.java:register(390)) - Registered Data node : 76b05b81-480f-4451-a70f-13b24978b5c0{ip: 10.1.0.46, host: fv-az50-214.grzltbmokehuzjyc5b133kdqgh.cx.internal.cloudapp.net, ports: [REPLICATION=43661, RATIS=38481, RATIS_ADMIN=38481, RATIS_SERVER=38481, STANDALONE=38633], networkLocation: /default-rack, certSerialId: null, persistedOpState: null, persistedOpStateExpiryEpochSec: 0}
2021-08-12 05:14:36,866 [EventQueue-NodeRegistrationContainerReportForContainerSafeModeRule] INFO  safemode.SCMSafeModeManager (SCMSafeModeManager.java:validateSafeModeExitRules(204)) - ContainerSafeModeRule rule is successfully validated
2021-08-12 05:14:36,867 [EventQueue-NodeRegistrationContainerReportForDataNodeSafeModeRule] INFO  safemode.SCMSafeModeManager (DataNodeSafeModeRule.java:process(71)) - SCM in safe mode. 1 DataNodes registered, 3 required.
2021-08-12 05:14:36,871 [EventQueue-NewNodeForNewNodeHandler] INFO  pipeline.BackgroundPipelineCreator (BackgroundPipelineCreatorV2.java:notifyEventTriggered(285)) - trigger a one-shot run on RatisPipelineUtilsThread.
2021-08-12 05:14:36,872 [RatisPipelineUtilsThread - 0] INFO  pipeline.RatisPipelineProvider (RatisPipelineProvider.java:lambda$create$0(183)) - Sending CreatePipelineCommand for pipeline:PipelineID=4e3a2b04-ab23-49dc-9639-864bf0c5efc9 to datanode:76b05b81-480f-4451-a70f-13b24978b5c0
2021-08-12 05:14:36,876 [RatisPipelineUtilsThread - 0] INFO  pipeline.PipelineStateManager (PipelineStateManagerV2Impl.java:addPipeline(101)) - Created pipeline Pipeline[ Id: 4e3a2b04-ab23-49dc-9639-864bf0c5efc9, Nodes: 76b05b81-480f-4451-a70f-13b24978b5c0{ip: 10.1.0.46, host: fv-az50-214.grzltbmokehuzjyc5b133kdqgh.cx.internal.cloudapp.net, ports: [REPLICATION=43661, RATIS=38481, RATIS_ADMIN=38481, RATIS_SERVER=38481, STANDALONE=38633], networkLocation: /default-rack, certSerialId: null, persistedOpState: IN_SERVICE, persistedOpStateExpiryEpochSec: 0}, ReplicationConfig: RATIS/ONE, State:ALLOCATED, leaderId:, CreationTimestamp2021-08-12T05:14:36.872Z[Etc/UTC]].
2021-08-12 05:14:36,892 [EventQueue-PipelineReportForOneReplicaPipelineSafeModeRule] INFO  safemode.SCMSafeModeManager (SCMSafeModeManager.java:validateSafeModeExitRules(204)) - AtleastOneDatanodeReportedRule rule is successfully validated
2021-08-12 05:14:37,232 [IPC Server handler 1 on default port 45461] INFO  net.NetworkTopologyImpl (NetworkTopologyImpl.java:add(112)) - Added a new node: /default-rack/0da173cd-0350-4aea-93c3-4615dcefd89b
2021-08-12 05:14:37,233 [IPC Server handler 1 on default port 45461] INFO  node.SCMNodeManager (SCMNodeManager.java:register(390)) - Registered Data node : 0da173cd-0350-4aea-93c3-4615dcefd89b{ip: 10.1.0.46, host: fv-az50-214.grzltbmokehuzjyc5b133kdqgh.cx.internal.cloudapp.net, ports: [REPLICATION=38765, RATIS=38751, RATIS_ADMIN=38751, RATIS_SERVER=38751, STANDALONE=46169], networkLocation: /default-rack, certSerialId: null, persistedOpState: null, persistedOpStateExpiryEpochSec: 0}
2021-08-12 05:14:37,233 [EventQueue-NewNodeForNewNodeHandler] INFO  pipeline.BackgroundPipelineCreator (BackgroundPipelineCreatorV2.java:notifyEventTriggered(285)) - trigger a one-shot run on RatisPipelineUtilsThread.
2021-08-12 05:14:37,234 [EventQueue-NodeRegistrationContainerReportForDataNodeSafeModeRule] INFO  safemode.SCMSafeModeManager (DataNodeSafeModeRule.java:process(71)) - SCM in safe mode. 2 DataNodes registered, 3 required.
2021-08-12 05:14:37,241 [RatisPipelineUtilsThread - 0] INFO  pipeline.RatisPipelineProvider (RatisPipelineProvider.java:lambda$create$0(183)) - Sending CreatePipelineCommand for pipeline:PipelineID=03aeb3ad-b2e8-4b99-9d0a-90315ea9ec45 to datanode:0da173cd-0350-4aea-93c3-4615dcefd89b
2021-08-12 05:14:37,242 [RatisPipelineUtilsThread - 0] INFO  pipeline.PipelineStateManager (PipelineStateManagerV2Impl.java:addPipeline(101)) - Created pipeline Pipeline[ Id: 03aeb3ad-b2e8-4b99-9d0a-90315ea9ec45, Nodes: 0da173cd-0350-4aea-93c3-4615dcefd89b{ip: 10.1.0.46, host: fv-az50-214.grzltbmokehuzjyc5b133kdqgh.cx.internal.cloudapp.net, ports: [REPLICATION=38765, RATIS=38751, RATIS_ADMIN=38751, RATIS_SERVER=38751, STANDALONE=46169], networkLocation: /default-rack, certSerialId: null, persistedOpState: IN_SERVICE, persistedOpStateExpiryEpochSec: 0}, ReplicationConfig: RATIS/ONE, State:ALLOCATED, leaderId:, CreationTimestamp2021-08-12T05:14:37.241Z[Etc/UTC]].
2021-08-12 05:14:37,490 [Listener at 127.0.0.1/38087] INFO  ozone.MiniOzoneClusterImpl (MiniOzoneClusterImpl.java:lambda$waitForClusterToBeReady$0(235)) - Waiting for nodes to be ready. Got 2 of 3 DN Heartbeats.
2021-08-12 05:14:37,490 [Listener at 127.0.0.1/38087] INFO  ozone.MiniOzoneClusterImpl (MiniOzoneClusterImpl.java:lambda$waitForClusterToBeReady$0(238)) - Waiting for cluster to exit safe mode
2021-08-12 05:14:37,490 [Listener at 127.0.0.1/38087] INFO  ozone.MiniOzoneClusterImpl (MiniOzoneClusterImpl.java:lambda$waitForClusterToBeReady$0(240)) - SCM became leader
2021-08-12 05:14:37,519 [IPC Server handler 2 on default port 45461] INFO  net.NetworkTopologyImpl (NetworkTopologyImpl.java:add(112)) - Added a new node: /default-rack/98d5f929-1501-4de8-86af-d5a6f354d1b1
2021-08-12 05:14:37,520 [IPC Server handler 2 on default port 45461] INFO  node.SCMNodeManager (SCMNodeManager.java:register(390)) - Registered Data node : 98d5f929-1501-4de8-86af-d5a6f354d1b1{ip: 10.1.0.46, host: fv-az50-214.grzltbmokehuzjyc5b133kdqgh.cx.internal.cloudapp.net, ports: [REPLICATION=34345, RATIS=42533, RATIS_ADMIN=42533, RATIS_SERVER=42533, STANDALONE=34663], networkLocation: /default-rack, certSerialId: null, persistedOpState: null, persistedOpStateExpiryEpochSec: 0}
2021-08-12 05:14:37,520 [EventQueue-NewNodeForNewNodeHandler] INFO  pipeline.BackgroundPipelineCreator (BackgroundPipelineCreatorV2.java:notifyEventTriggered(285)) - trigger a one-shot run on RatisPipelineUtilsThread.
2021-08-12 05:14:37,523 [EventQueue-NodeRegistrationContainerReportForDataNodeSafeModeRule] INFO  safemode.SCMSafeModeManager (DataNodeSafeModeRule.java:process(71)) - SCM in safe mode. 3 DataNodes registered, 3 required.
2021-08-12 05:14:37,523 [EventQueue-NodeRegistrationContainerReportForDataNodeSafeModeRule] INFO  safemode.SCMSafeModeManager (SCMSafeModeManager.java:validateSafeModeExitRules(204)) - DataNodeSafeModeRule rule is successfully validated
2021-08-12 05:14:37,523 [EventQueue-NodeRegistrationContainerReportForDataNodeSafeModeRule] INFO  safemode.SCMSafeModeManager (SCMSafeModeManager.java:completePreCheck(233)) - All SCM safe mode pre check rules have passed
2021-08-12 05:14:37,523 [EventQueue-NodeRegistrationContainerReportForDataNodeSafeModeRule] WARN  events.EventQueue (EventQueue.java:fireEvent(194)) - No event handler registered for event TypedEvent{payloadType=SafeModeStatus, name='Safe mode status'}
2021-08-12 05:14:37,523 [EventQueue-NodeRegistrationContainerReportForDataNodeSafeModeRule] INFO  ha.SCMContext (SCMContext.java:updateSafeModeStatus(205)) - Update SafeModeStatus from SafeModeStatus{safeModeStatus=true, preCheckPassed=false} to SafeModeStatus{safeModeStatus=true, preCheckPassed=true}.
2021-08-12 05:14:37,523 [EventQueue-NodeRegistrationContainerReportForDataNodeSafeModeRule] INFO  pipeline.BackgroundPipelineCreator (BackgroundPipelineCreatorV2.java:notifyEventTriggered(285)) - trigger a one-shot run on RatisPipelineUtilsThread.
2021-08-12 05:14:37,532 [RatisPipelineUtilsThread - 0] INFO  pipeline.RatisPipelineProvider (RatisPipelineProvider.java:lambda$create$0(183)) - Sending CreatePipelineCommand for pipeline:PipelineID=8ee4772c-364d-497f-8e4f-9de226a54fcc to datanode:98d5f929-1501-4de8-86af-d5a6f354d1b1
2021-08-12 05:14:37,533 [RatisPipelineUtilsThread - 0] INFO  pipeline.PipelineStateManager (PipelineStateManagerV2Impl.java:addPipeline(101)) - Created pipeline Pipeline[ Id: 8ee4772c-364d-497f-8e4f-9de226a54fcc, Nodes: 98d5f929-1501-4de8-86af-d5a6f354d1b1{ip: 10.1.0.46, host: fv-az50-214.grzltbmokehuzjyc5b133kdqgh.cx.internal.cloudapp.net, ports: [REPLICATION=34345, RATIS=42533, RATIS_ADMIN=42533, RATIS_SERVER=42533, STANDALONE=34663], networkLocation: /default-rack, certSerialId: null, persistedOpState: IN_SERVICE, persistedOpStateExpiryEpochSec: 0}, ReplicationConfig: RATIS/ONE, State:ALLOCATED, leaderId:, CreationTimestamp2021-08-12T05:14:37.532Z[Etc/UTC]].
2021-08-12 05:14:37,533 [RatisPipelineUtilsThread - 0] INFO  pipeline.RatisPipelineProvider (RatisPipelineProvider.java:lambda$create$0(183)) - Sending CreatePipelineCommand for pipeline:PipelineID=e4a1ae7a-d8a2-41f1-b59a-83d82521a412 to datanode:76b05b81-480f-4451-a70f-13b24978b5c0
2021-08-12 05:14:37,533 [RatisPipelineUtilsThread - 0] INFO  pipeline.RatisPipelineProvider (RatisPipelineProvider.java:lambda$create$0(183)) - Sending CreatePipelineCommand for pipeline:PipelineID=e4a1ae7a-d8a2-41f1-b59a-83d82521a412 to datanode:0da173cd-0350-4aea-93c3-4615dcefd89b
2021-08-12 05:14:37,533 [RatisPipelineUtilsThread - 0] INFO  pipeline.RatisPipelineProvider (RatisPipelineProvider.java:lambda$create$0(183)) - Sending CreatePipelineCommand for pipeline:PipelineID=e4a1ae7a-d8a2-41f1-b59a-83d82521a412 to datanode:98d5f929-1501-4de8-86af-d5a6f354d1b1
2021-08-12 05:14:37,533 [RatisPipelineUtilsThread - 0] INFO  pipeline.PipelineStateManager (PipelineStateManagerV2Impl.java:addPipeline(101)) - Created pipeline Pipeline[ Id: e4a1ae7a-d8a2-41f1-b59a-83d82521a412, Nodes: 76b05b81-480f-4451-a70f-13b24978b5c0{ip: 10.1.0.46, host: fv-az50-214.grzltbmokehuzjyc5b133kdqgh.cx.internal.cloudapp.net, ports: [REPLICATION=43661, RATIS=38481, RATIS_ADMIN=38481, RATIS_SERVER=38481, STANDALONE=38633], networkLocation: /default-rack, certSerialId: null, persistedOpState: IN_SERVICE, persistedOpStateExpiryEpochSec: 0}0da173cd-0350-4aea-93c3-4615dcefd89b{ip: 10.1.0.46, host: fv-az50-214.grzltbmokehuzjyc5b133kdqgh.cx.internal.cloudapp.net, ports: [REPLICATION=38765, RATIS=38751, RATIS_ADMIN=38751, RATIS_SERVER=38751, STANDALONE=46169], networkLocation: /default-rack, certSerialId: null, persistedOpState: IN_SERVICE, persistedOpStateExpiryEpochSec: 0}98d5f929-1501-4de8-86af-d5a6f354d1b1{ip: 10.1.0.46, host: fv-az50-214.grzltbmokehuzjyc5b133kdqgh.cx.internal.cloudapp.net, ports: [REPLICATION=34345, RATIS=42533, RATIS_ADMIN=42533, RATIS_SERVER=42533, STANDALONE=34663], networkLocation: /default-rack, certSerialId: null, persistedOpState: IN_SERVICE, persistedOpStateExpiryEpochSec: 0}, ReplicationConfig: RATIS/THREE, State:ALLOCATED, leaderId:, CreationTimestamp2021-08-12T05:14:37.533Z[Etc/UTC]].
2021-08-12 05:14:37,534 [RatisPipelineUtilsThread - 0] INFO  pipeline.RatisPipelineProvider (RatisPipelineProvider.java:lambda$create$0(183)) - Sending CreatePipelineCommand for pipeline:PipelineID=c2a2de63-2640-405d-b4ff-7196d78a481d to datanode:76b05b81-480f-4451-a70f-13b24978b5c0
2021-08-12 05:14:37,534 [RatisPipelineUtilsThread - 0] INFO  pipeline.RatisPipelineProvider (RatisPipelineProvider.java:lambda$create$0(183)) - Sending CreatePipelineCommand for pipeline:PipelineID=c2a2de63-2640-405d-b4ff-7196d78a481d to datanode:0da173cd-0350-4aea-93c3-4615dcefd89b
2021-08-12 05:14:37,534 [RatisPipelineUtilsThread - 0] INFO  pipeline.RatisPipelineProvider (RatisPipelineProvider.java:lambda$create$0(183)) - Sending CreatePipelineCommand for pipeline:PipelineID=c2a2de63-2640-405d-b4ff-7196d78a481d to datanode:98d5f929-1501-4de8-86af-d5a6f354d1b1
2021-08-12 05:14:37,534 [RatisPipelineUtilsThread - 0] INFO  pipeline.PipelineStateManager (PipelineStateManagerV2Impl.java:addPipeline(101)) - Created pipeline Pipeline[ Id: c2a2de63-2640-405d-b4ff-7196d78a481d, Nodes: 76b05b81-480f-4451-a70f-13b24978b5c0{ip: 10.1.0.46, host: fv-az50-214.grzltbmokehuzjyc5b133kdqgh.cx.internal.cloudapp.net, ports: [REPLICATION=43661, RATIS=38481, RATIS_ADMIN=38481, RATIS_SERVER=38481, STANDALONE=38633], networkLocation: /default-rack, certSerialId: null, persistedOpState: IN_SERVICE, persistedOpStateExpiryEpochSec: 0}0da173cd-0350-4aea-93c3-4615dcefd89b{ip: 10.1.0.46, host: fv-az50-214.grzltbmokehuzjyc5b133kdqgh.cx.internal.cloudapp.net, ports: [REPLICATION=38765, RATIS=38751, RATIS_ADMIN=38751, RATIS_SERVER=38751, STANDALONE=46169], networkLocation: /default-rack, certSerialId: null, persistedOpState: IN_SERVICE, persistedOpStateExpiryEpochSec: 0}98d5f929-1501-4de8-86af-d5a6f354d1b1{ip: 10.1.0.46, host: fv-az50-214.grzltbmokehuzjyc5b133kdqgh.cx.internal.cloudapp.net, ports: [REPLICATION=34345, RATIS=42533, RATIS_ADMIN=42533, RATIS_SERVER=42533, STANDALONE=34663], networkLocation: /default-rack, certSerialId: null, persistedOpState: IN_SERVICE, persistedOpStateExpiryEpochSec: 0}, ReplicationConfig: RATIS/THREE, State:ALLOCATED, leaderId:, CreationTimestamp2021-08-12T05:14:37.534Z[Etc/UTC]].
2021-08-12 05:14:37,534 [RatisPipelineUtilsThread - 0] INFO  pipeline.PipelineManagerImpl (PipelineManagerImpl.java:recordMetricsForPipeline(614)) - Pipeline: PipelineID=c2a2de63-2640-405d-b4ff-7196d78a481d contains same datanodes as previous pipelines: PipelineID=e4a1ae7a-d8a2-41f1-b59a-83d82521a412 nodeIds: 76b05b81-480f-4451-a70f-13b24978b5c0, 0da173cd-0350-4aea-93c3-4615dcefd89b, 98d5f929-1501-4de8-86af-d5a6f354d1b1
2021-08-12 05:14:38,491 [Listener at 127.0.0.1/38087] INFO  ozone.MiniOzoneClusterImpl (MiniOzoneClusterImpl.java:lambda$waitForClusterToBeReady$0(235)) - Nodes are ready. Got 3 of 3 DN Heartbeats.
2021-08-12 05:14:38,492 [Listener at 127.0.0.1/38087] INFO  ozone.MiniOzoneClusterImpl (MiniOzoneClusterImpl.java:lambda$waitForClusterToBeReady$0(238)) - Waiting for cluster to exit safe mode
2021-08-12 05:14:38,492 [Listener at 127.0.0.1/38087] INFO  ozone.MiniOzoneClusterImpl (MiniOzoneClusterImpl.java:lambda$waitForClusterToBeReady$0(240)) - SCM became leader
2021-08-12 05:14:39,492 [Listener at 127.0.0.1/38087] INFO  ozone.MiniOzoneClusterImpl (MiniOzoneClusterImpl.java:lambda$waitForClusterToBeReady$0(235)) - Nodes are ready. Got 3 of 3 DN Heartbeats.
2021-08-12 05:14:39,492 [Listener at 127.0.0.1/38087] INFO  ozone.MiniOzoneClusterImpl (MiniOzoneClusterImpl.java:lambda$waitForClusterToBeReady$0(238)) - Waiting for cluster to exit safe mode
2021-08-12 05:14:39,492 [Listener at 127.0.0.1/38087] INFO  ozone.MiniOzoneClusterImpl (MiniOzoneClusterImpl.java:lambda$waitForClusterToBeReady$0(240)) - SCM became leader
2021-08-12 05:14:39,853 [Command processor thread] INFO  server.RaftServer (RaftServerProxy.java:addNew(95)) - 76b05b81-480f-4451-a70f-13b24978b5c0: addNew group-864BF0C5EFC9:[76b05b81-480f-4451-a70f-13b24978b5c0|rpc:10.1.0.46:38481|priority:1] returns group-864BF0C5EFC9:java.util.concurrent.CompletableFuture@6880670d[Not completed]
2021-08-12 05:14:39,858 [pool-369-thread-1] INFO  server.RaftServer$Division (RaftServerImpl.java:<init>(181)) - 76b05b81-480f-4451-a70f-13b24978b5c0: new RaftServerImpl for group-864BF0C5EFC9:[76b05b81-480f-4451-a70f-13b24978b5c0|rpc:10.1.0.46:38481|priority:1] with ContainerStateMachine:uninitialized
2021-08-12 05:14:39,858 [pool-369-thread-1] INFO  server.RaftServerConfigKeys (ConfUtils.java:logGet(44)) - raft.server.rpc.timeout.min = 5s (custom)
2021-08-12 05:14:39,858 [pool-369-thread-1] INFO  server.RaftServerConfigKeys (ConfUtils.java:logGet(44)) - raft.server.rpc.timeout.max = 5200ms (custom)
2021-08-12 05:14:39,858 [pool-369-thread-1] INFO  server.RaftServerConfigKeys (ConfUtils.java:logGet(44)) - raft.server.rpc.sleep.time = 25ms (default)
2021-08-12 05:14:39,858 [pool-369-thread-1] INFO  server.RaftServerConfigKeys (ConfUtils.java:logGet(44)) - raft.server.rpc.slowness.timeout = 300s (custom)
2021-08-12 05:14:39,858 [pool-369-thread-1] INFO  server.RaftServerConfigKeys (ConfUtils.java:logGet(44)) - raft.server.leaderelection.leader.step-down.wait-time = 10s (default)
2021-08-12 05:14:39,859 [pool-369-thread-1] INFO  server.RaftServerConfigKeys (ConfUtils.java:logGet(44)) - raft.server.sleep.deviation.threshold = 300ms (default)
2021-08-12 05:14:39,864 [pool-369-thread-1] INFO  server.RaftServerConfigKeys (ConfUtils.java:logGet(44)) - raft.server.log.appender.install.snapshot.enabled = false (custom)
2021-08-12 05:14:39,864 [pool-369-thread-1] INFO  server.RaftServer$Division (ServerState.java:<init>(105)) - 76b05b81-480f-4451-a70f-13b24978b5c0@group-864BF0C5EFC9: ConfigurationManager, init=-1: [76b05b81-480f-4451-a70f-13b24978b5c0|rpc:10.1.0.46:38481|priority:1], old=null, confs=<EMPTY_MAP>
2021-08-12 05:14:39,864 [pool-369-thread-1] INFO  server.RaftServerConfigKeys (ConfUtils.java:logGet(44)) - raft.server.storage.dir = [/home/runner/work/ozone/ozone/hadoop-ozone/integration-test/target/test-dir/MiniOzoneClusterImpl-77927036-b40e-4989-9ea2-4287dcbfe879/datanode-0/data/ratis] (custom)
2021-08-12 05:14:39,864 [pool-369-thread-1] INFO  server.RaftServerConfigKeys (ConfUtils.java:logGet(44)) - raft.server.log.corruption.policy = EXCEPTION (default)
2021-08-12 05:14:39,864 [pool-369-thread-1] INFO  server.RaftServerConfigKeys (ConfUtils.java:logGet(44)) - raft.server.storage.free-space.min = 0MB (=0) (default)
2021-08-12 05:14:39,864 [pool-369-thread-1] INFO  storage.RaftStorageDirectory (RaftStorageDirectoryImpl.java:analyzeStorage(135)) - The storage directory /home/runner/work/ozone/ozone/hadoop-ozone/integration-test/target/test-dir/MiniOzoneClusterImpl-77927036-b40e-4989-9ea2-4287dcbfe879/datanode-0/data/ratis/4e3a2b04-ab23-49dc-9639-864bf0c5efc9 does not exist. Creating ...
2021-08-12 05:14:39,869 [pool-369-thread-1] INFO  storage.RaftStorageDirectory (RaftStorageDirectoryImpl.java:tryLock(230)) - Lock on /home/runner/work/ozone/ozone/hadoop-ozone/integration-test/target/test-dir/MiniOzoneClusterImpl-77927036-b40e-4989-9ea2-4287dcbfe879/datanode-0/data/ratis/4e3a2b04-ab23-49dc-9639-864bf0c5efc9/in_use.lock acquired by nodename 21634@fv-az50-214
2021-08-12 05:14:39,872 [pool-369-thread-1] INFO  storage.RaftStorage (RaftStorageImpl.java:format(89)) - Storage directory /home/runner/work/ozone/ozone/hadoop-ozone/integration-test/target/test-dir/MiniOzoneClusterImpl-77927036-b40e-4989-9ea2-4287dcbfe879/datanode-0/data/ratis/4e3a2b04-ab23-49dc-9639-864bf0c5efc9 has been successfully formatted.
2021-08-12 05:14:39,882 [Datanode State Machine Thread - 0] WARN  statemachine.StateContext (StateContext.java:execute(621)) - No available thread in pool for past 1 seconds.
2021-08-12 05:14:39,883 [EventQueue-PipelineReportForPipelineReportHandler] INFO  pipeline.PipelineManagerImpl (PipelineManagerImpl.java:openPipeline(283)) - Pipeline Pipeline[ Id: 4e3a2b04-ab23-49dc-9639-864bf0c5efc9, Nodes: 76b05b81-480f-4451-a70f-13b24978b5c0{ip: 10.1.0.46, host: fv-az50-214.grzltbmokehuzjyc5b133kdqgh.cx.internal.cloudapp.net, ports: [REPLICATION=43661, RATIS=38481, RATIS_ADMIN=38481, RATIS_SERVER=38481, STANDALONE=38633], networkLocation: /default-rack, certSerialId: null, persistedOpState: IN_SERVICE, persistedOpStateExpiryEpochSec: 0}, ReplicationConfig: RATIS/ONE, State:ALLOCATED, leaderId:76b05b81-480f-4451-a70f-13b24978b5c0, CreationTimestamp2021-08-12T05:14:36.872Z[Etc/UTC]] moved to OPEN state
2021-08-12 05:14:39,883 [pool-369-thread-1] INFO  ratis.ContainerStateMachine (ContainerStateMachine.java:loadSnapshot(225)) - group-864BF0C5EFC9: The snapshot info is null. Setting the last applied indexto:(t:0, i:~)
2021-08-12 05:14:39,884 [pool-369-thread-1] INFO  server.RaftServerConfigKeys (ConfUtils.java:logGet(44)) - raft.server.notification.no-leader.timeout = 300s (custom)
2021-08-12 05:14:39,884 [pool-369-thread-1] INFO  server.RaftServerConfigKeys (ConfUtils.java:logGet(44)) - raft.server.log.use.memory = false (default)
2021-08-12 05:14:39,884 [pool-369-thread-1] INFO  server.RaftServerConfigKeys (ConfUtils.java:logGet(44)) - raft.server.log.purge.gap = 1000000 (custom)
2021-08-12 05:14:39,884 [pool-369-thread-1] INFO  server.RaftServerConfigKeys (ConfUtils.java:logGet(44)) - raft.server.log.appender.buffer.byte-limit = 33554432 (custom)
2021-08-12 05:14:39,884 [pool-369-thread-1] INFO  server.RaftServerConfigKeys (ConfUtils.java:logGet(44)) - raft.server.log.segment.size.max = 1048576 (custom)
2021-08-12 05:14:39,884 [pool-369-thread-1] INFO  server.RaftServerConfigKeys (ConfUtils.java:logGet(44)) - raft.server.log.segment.cache.num.max = 2 (custom)
2021-08-12 05:14:39,884 [pool-369-thread-1] INFO  server.RaftServerConfigKeys (ConfUtils.java:logGet(44)) - raft.server.log.segment.cache.size.max = 200MB (=209715200) (default)
2021-08-12 05:14:39,884 [pool-369-thread-1] INFO  segmented.SegmentedRaftLogWorker (SegmentedRaftLogWorker.java:<init>(182)) - new 76b05b81-480f-4451-a70f-13b24978b5c0@group-864BF0C5EFC9-SegmentedRaftLogWorker for RaftStorageImpl:Storage Directory /home/runner/work/ozone/ozone/hadoop-ozone/integration-test/target/test-dir/MiniOzoneClusterImpl-77927036-b40e-4989-9ea2-4287dcbfe879/datanode-0/data/ratis/4e3a2b04-ab23-49dc-9639-864bf0c5efc9
2021-08-12 05:14:39,884 [pool-369-thread-1] INFO  server.RaftServerConfigKeys (ConfUtils.java:logGet(44)) - raft.server.log.queue.byte-limit = 2147483647 (custom)
2021-08-12 05:14:39,884 [pool-369-thread-1] INFO  server.RaftServerConfigKeys (ConfUtils.java:logGet(44)) - raft.server.log.queue.element-limit = 1024 (custom)
2021-08-12 05:14:39,885 [pool-369-thread-1] INFO  server.RaftServerConfigKeys (ConfUtils.java:logGet(44)) - raft.server.log.segment.size.max = 1048576 (custom)
2021-08-12 05:14:39,885 [pool-369-thread-1] INFO  server.RaftServerConfigKeys (ConfUtils.java:logGet(44)) - raft.server.log.preallocated.size = 16384 (custom)
2021-08-12 05:14:39,885 [pool-369-thread-1] INFO  server.RaftServerConfigKeys (ConfUtils.java:logGet(44)) - raft.server.log.force.sync.num = 128 (default)
2021-08-12 05:14:39,885 [pool-369-thread-1] INFO  server.RaftServerConfigKeys (ConfUtils.java:logGet(44)) - raft.server.log.statemachine.data.sync = true (default)
2021-08-12 05:14:39,885 [pool-369-thread-1] INFO  server.RaftServerConfigKeys (ConfUtils.java:logGet(44)) - raft.server.log.statemachine.data.sync.timeout = 10s (default)
2021-08-12 05:14:39,900 [pool-369-thread-1] INFO  server.RaftServerConfigKeys (ConfUtils.java:logGet(44)) - raft.server.log.statemachine.data.sync.timeout.retry = -1 (default)
2021-08-12 05:14:39,901 [pool-369-thread-1] INFO  server.RaftServerConfigKeys (ConfUtils.java:logGet(44)) - raft.server.log.write.buffer.size = 1048576 (custom)
2021-08-12 05:14:39,901 [pool-369-thread-1] INFO  server.RaftServerConfigKeys (ConfUtils.java:logGet(44)) - raft.server.log.statemachine.data.caching.enabled = true (custom)
2021-08-12 05:14:39,901 [pool-369-thread-1] INFO  segmented.SegmentedRaftLogWorker (SegmentedRaftLogWorker.java:lambda$new$0(133)) - 76b05b81-480f-4451-a70f-13b24978b5c0@group-864BF0C5EFC9-SegmentedRaftLogWorker: flushIndex: setUnconditionally 0 -> -1
2021-08-12 05:14:39,901 [pool-369-thread-1] INFO  segmented.SegmentedRaftLogWorker (SegmentedRaftLogWorker.java:lambda$new$0(133)) - 76b05b81-480f-4451-a70f-13b24978b5c0@group-864BF0C5EFC9-SegmentedRaftLogWorker: safeCacheEvictIndex: setUnconditionally 0 -> -1
2021-08-12 05:14:39,923 [pool-369-thread-1] INFO  server.RaftServerConfigKeys (ConfUtils.java:logGet(44)) - raft.server.snapshot.auto.trigger.enabled = true (custom)
2021-08-12 05:14:39,923 [pool-369-thread-1] INFO  server.RaftServerConfigKeys (ConfUtils.java:logGet(44)) - raft.server.snapshot.auto.trigger.threshold = 10000 (custom)
2021-08-12 05:14:39,923 [pool-369-thread-1] INFO  server.RaftServerConfigKeys (ConfUtils.java:logGet(44)) - raft.server.snapshot.retention.file.num = 5 (custom)
2021-08-12 05:14:39,923 [pool-369-thread-1] INFO  server.RaftServerConfigKeys (ConfUtils.java:logGet(44)) - raft.server.log.purge.upto.snapshot.index = false (default)
2021-08-12 05:14:39,923 [pool-369-thread-1] INFO  server.RaftServerConfigKeys (ConfUtils.java:logGet(44)) - raft.server.retrycache.expirytime = 600000ms (custom)
2021-08-12 05:14:39,924 [pool-369-thread-1] INFO  server.RaftServerConfigKeys (ConfUtils.java:logGet(44)) - raft.server.retrycache.statistics.expirytime = 100μs (default)
2021-08-12 05:14:39,924 [pool-369-thread-1] INFO  server.RaftServer$Division (RaftServerImpl.java:start(296)) - 76b05b81-480f-4451-a70f-13b24978b5c0@group-864BF0C5EFC9: start as a follower, conf=-1: [76b05b81-480f-4451-a70f-13b24978b5c0|rpc:10.1.0.46:38481|priority:1], old=null
2021-08-12 05:14:39,924 [pool-369-thread-1] INFO  server.RaftServer$Division (RaftServerImpl.java:setRole(285)) - 76b05b81-480f-4451-a70f-13b24978b5c0@group-864BF0C5EFC9: changes role from      null to FOLLOWER at term 0 for startAsFollower
2021-08-12 05:14:39,925 [pool-369-thread-1] INFO  impl.RoleInfo (RoleInfo.java:updateAndGet(130)) - 76b05b81-480f-4451-a70f-13b24978b5c0: start 76b05b81-480f-4451-a70f-13b24978b5c0@group-864BF0C5EFC9-FollowerState
2021-08-12 05:14:39,927 [pool-369-thread-1] INFO  util.JmxRegister (JmxRegister.java:tryRegister(44)) - Successfully registered JMX Bean with object name Ratis:service=RaftServer,group=group-864BF0C5EFC9,id=76b05b81-480f-4451-a70f-13b24978b5c0
2021-08-12 05:14:39,928 [Command processor thread] INFO  ratis.XceiverServerRatis (XceiverServerRatis.java:addGroup(763)) - Created group PipelineID=4e3a2b04-ab23-49dc-9639-864bf0c5efc9
2021-08-12 05:14:39,936 [Command processor thread] INFO  commandhandler.CreatePipelineCommandHandler (CreatePipelineCommandHandler.java:handle(106)) - Created Pipeline RATIS ONE PipelineID=4e3a2b04-ab23-49dc-9639-864bf0c5efc9.
2021-08-12 05:14:39,936 [Command processor thread] INFO  server.RaftServer (RaftServerProxy.java:addNew(95)) - 76b05b81-480f-4451-a70f-13b24978b5c0: addNew group-83D82521A412:[0da173cd-0350-4aea-93c3-4615dcefd89b|rpc:10.1.0.46:38751|priority:1, 98d5f929-1501-4de8-86af-d5a6f354d1b1|rpc:10.1.0.46:42533|priority:0, 76b05b81-480f-4451-a70f-13b24978b5c0|rpc:10.1.0.46:38481|priority:0] returns group-83D82521A412:java.util.concurrent.CompletableFuture@6cbfeec5[Not completed]
2021-08-12 05:14:39,937 [pool-369-thread-1] INFO  server.RaftServer$Division (RaftServerImpl.java:<init>(181)) - 76b05b81-480f-4451-a70f-13b24978b5c0: new RaftServerImpl for group-83D82521A412:[0da173cd-0350-4aea-93c3-4615dcefd89b|rpc:10.1.0.46:38751|priority:1, 98d5f929-1501-4de8-86af-d5a6f354d1b1|rpc:10.1.0.46:42533|priority:0, 76b05b81-480f-4451-a70f-13b24978b5c0|rpc:10.1.0.46:38481|priority:0] with ContainerStateMachine:uninitialized
2021-08-12 05:14:39,937 [pool-369-thread-1] INFO  server.RaftServerConfigKeys (ConfUtils.java:logGet(44)) - raft.server.rpc.timeout.min = 5s (custom)
2021-08-12 05:14:39,937 [pool-369-thread-1] INFO  server.RaftServerConfigKeys (ConfUtils.java:logGet(44)) - raft.server.rpc.timeout.max = 5200ms (custom)
2021-08-12 05:14:39,937 [pool-369-thread-1] INFO  server.RaftServerConfigKeys (ConfUtils.java:logGet(44)) - raft.server.rpc.sleep.time = 25ms (default)
2021-08-12 05:14:39,937 [pool-369-thread-1] INFO  server.RaftServerConfigKeys (ConfUtils.java:logGet(44)) - raft.server.rpc.slowness.timeout = 300s (custom)
2021-08-12 05:14:39,937 [pool-369-thread-1] INFO  server.RaftServerConfigKeys (ConfUtils.java:logGet(44)) - raft.server.leaderelection.leader.step-down.wait-time = 10s (default)
2021-08-12 05:14:39,937 [pool-369-thread-1] INFO  server.RaftServerConfigKeys (ConfUtils.java:logGet(44)) - raft.server.sleep.deviation.threshold = 300ms (default)
2021-08-12 05:14:39,937 [pool-369-thread-1] INFO  server.RaftServerConfigKeys (ConfUtils.java:logGet(44)) - raft.server.log.appender.install.snapshot.enabled = false (custom)
2021-08-12 05:14:39,937 [pool-369-thread-1] INFO  server.RaftServer$Division (ServerState.java:<init>(105)) - 76b05b81-480f-4451-a70f-13b24978b5c0@group-83D82521A412: ConfigurationManager, init=-1: [0da173cd-0350-4aea-93c3-4615dcefd89b|rpc:10.1.0.46:38751|priority:1, 98d5f929-1501-4de8-86af-d5a6f354d1b1|rpc:10.1.0.46:42533|priority:0, 76b05b81-480f-4451-a70f-13b24978b5c0|rpc:10.1.0.46:38481|priority:0], old=null, confs=<EMPTY_MAP>
2021-08-12 05:14:39,937 [pool-369-thread-1] INFO  server.RaftServerConfigKeys (ConfUtils.java:logGet(44)) - raft.server.storage.dir = [/home/runner/work/ozone/ozone/hadoop-ozone/integration-test/target/test-dir/MiniOzoneClusterImpl-77927036-b40e-4989-9ea2-4287dcbfe879/datanode-0/data/ratis] (custom)
2021-08-12 05:14:39,937 [pool-369-thread-1] INFO  server.RaftServerConfigKeys (ConfUtils.java:logGet(44)) - raft.server.log.corruption.policy = EXCEPTION (default)
2021-08-12 05:14:39,937 [pool-369-thread-1] INFO  server.RaftServerConfigKeys (ConfUtils.java:logGet(44)) - raft.server.storage.free-space.min = 0MB (=0) (default)
2021-08-12 05:14:39,937 [pool-369-thread-1] INFO  storage.RaftStorageDirectory (RaftStorageDirectoryImpl.java:analyzeStorage(135)) - The storage directory /home/runner/work/ozone/ozone/hadoop-ozone/integration-test/target/test-dir/MiniOzoneClusterImpl-77927036-b40e-4989-9ea2-4287dcbfe879/datanode-0/data/ratis/e4a1ae7a-d8a2-41f1-b59a-83d82521a412 does not exist. Creating ...
2021-08-12 05:14:39,936 [EventQueue-OpenPipelineForHealthyPipelineSafeModeRule] INFO  safemode.SCMSafeModeManager (HealthyPipelineSafeModeRule.java:process(124)) - SCM in safe mode. Healthy pipelines reported count is 0, required healthy pipeline reported count is 1
2021-08-12 05:14:39,939 [pool-369-thread-1] INFO  storage.RaftStorageDirectory (RaftStorageDirectoryImpl.java:tryLock(230)) - Lock on /home/runner/work/ozone/ozone/hadoop-ozone/integration-test/target/test-dir/MiniOzoneClusterImpl-77927036-b40e-4989-9ea2-4287dcbfe879/datanode-0/data/ratis/e4a1ae7a-d8a2-41f1-b59a-83d82521a412/in_use.lock acquired by nodename 21634@fv-az50-214
2021-08-12 05:14:39,940 [pool-369-thread-1] INFO  storage.RaftStorage (RaftStorageImpl.java:format(89)) - Storage directory /home/runner/work/ozone/ozone/hadoop-ozone/integration-test/target/test-dir/MiniOzoneClusterImpl-77927036-b40e-4989-9ea2-4287dcbfe879/datanode-0/data/ratis/e4a1ae7a-d8a2-41f1-b59a-83d82521a412 has been successfully formatted.
2021-08-12 05:14:39,940 [pool-369-thread-1] INFO  ratis.ContainerStateMachine (ContainerStateMachine.java:loadSnapshot(225)) - group-83D82521A412: The snapshot info is null. Setting the last applied indexto:(t:0, i:~)
2021-08-12 05:14:39,940 [pool-369-thread-1] INFO  server.RaftServerConfigKeys (ConfUtils.java:logGet(44)) - raft.server.notification.no-leader.timeout = 300s (custom)
2021-08-12 05:14:39,940 [pool-369-thread-1] INFO  server.RaftServerConfigKeys (ConfUtils.java:logGet(44)) - raft.server.log.use.memory = false (default)
2021-08-12 05:14:39,940 [pool-369-thread-1] INFO  server.RaftServerConfigKeys (ConfUtils.java:logGet(44)) - raft.server.log.purge.gap = 1000000 (custom)
2021-08-12 05:14:39,940 [pool-369-thread-1] INFO  server.RaftServerConfigKeys (ConfUtils.java:logGet(44)) - raft.server.log.appender.buffer.byte-limit = 33554432 (custom)
2021-08-12 05:14:39,940 [pool-369-thread-1] INFO  server.RaftServerConfigKeys (ConfUtils.java:logGet(44)) - raft.server.log.segment.size.max = 1048576 (custom)
2021-08-12 05:14:39,941 [pool-369-thread-1] INFO  server.RaftServerConfigKeys (ConfUtils.java:logGet(44)) - raft.server.log.segment.cache.num.max = 2 (custom)
2021-08-12 05:14:39,941 [pool-369-thread-1] INFO  server.RaftServerConfigKeys (ConfUtils.java:logGet(44)) - raft.server.log.segment.cache.size.max = 200MB (=209715200) (default)
2021-08-12 05:14:39,941 [pool-369-thread-1] INFO  segmented.SegmentedRaftLogWorker (SegmentedRaftLogWorker.java:<init>(182)) - new 76b05b81-480f-4451-a70f-13b24978b5c0@group-83D82521A412-SegmentedRaftLogWorker for RaftStorageImpl:Storage Directory /home/runner/work/ozone/ozone/hadoop-ozone/integration-test/target/test-dir/MiniOzoneClusterImpl-77927036-b40e-4989-9ea2-4287dcbfe879/datanode-0/data/ratis/e4a1ae7a-d8a2-41f1-b59a-83d82521a412
2021-08-12 05:14:39,941 [pool-369-thread-1] INFO  server.RaftServerConfigKeys (ConfUtils.java:logGet(44)) - raft.server.log.queue.byte-limit = 2147483647 (custom)
2021-08-12 05:14:39,941 [pool-369-thread-1] INFO  server.RaftServerConfigKeys (ConfUtils.java:logGet(44)) - raft.server.log.queue.element-limit = 1024 (custom)
2021-08-12 05:14:39,941 [pool-369-thread-1] INFO  server.RaftServerConfigKeys (ConfUtils.java:logGet(44)) - raft.server.log.segment.size.max = 1048576 (custom)
2021-08-12 05:14:39,941 [pool-369-thread-1] INFO  server.RaftServerConfigKeys (ConfUtils.java:logGet(44)) - raft.server.log.preallocated.size = 16384 (custom)
2021-08-12 05:14:39,941 [pool-369-thread-1] INFO  server.RaftServerConfigKeys (ConfUtils.java:logGet(44)) - raft.server.log.force.sync.num = 128 (default)
2021-08-12 05:14:39,941 [pool-369-thread-1] INFO  server.RaftServerConfigKeys (ConfUtils.java:logGet(44)) - raft.server.log.statemachine.data.sync = true (default)
2021-08-12 05:14:39,941 [pool-369-thread-1] INFO  server.RaftServerConfigKeys (ConfUtils.java:logGet(44)) - raft.server.log.statemachine.data.sync.timeout = 10s (default)
2021-08-12 05:14:39,941 [pool-369-thread-1] INFO  server.RaftServerConfigKeys (ConfUtils.java:logGet(44)) - raft.server.log.statemachine.data.sync.timeout.retry = -1 (default)
2021-08-12 05:14:39,941 [Datanode State Machine Thread - 0] WARN  statemachine.StateContext (StateContext.java:execute(621)) - No available thread in pool for past 1 seconds.
2021-08-12 05:14:39,942 [pool-369-thread-1] INFO  server.RaftServerConfigKeys (ConfUtils.java:logGet(44)) - raft.server.log.write.buffer.size = 1048576 (custom)
2021-08-12 05:14:39,943 [EventQueue-OpenPipelineForHealthyPipelineSafeModeRule] INFO  safemode.SCMSafeModeManager (HealthyPipelineSafeModeRule.java:process(124)) - SCM in safe mode. Healthy pipelines reported count is 0, required healthy pipeline reported count is 1
2021-08-12 05:14:39,943 [pool-369-thread-1] INFO  server.RaftServerConfigKeys (ConfUtils.java:logGet(44)) - raft.server.log.statemachine.data.caching.enabled = true (custom)
2021-08-12 05:14:39,943 [pool-369-thread-1] INFO  segmented.SegmentedRaftLogWorker (SegmentedRaftLogWorker.java:lambda$new$0(133)) - 76b05b81-480f-4451-a70f-13b24978b5c0@group-83D82521A412-SegmentedRaftLogWorker: flushIndex: setUnconditionally 0 -> -1
2021-08-12 05:14:39,943 [pool-369-thread-1] INFO  segmented.SegmentedRaftLogWorker (SegmentedRaftLogWorker.java:lambda$new$0(133)) - 76b05b81-480f-4451-a70f-13b24978b5c0@group-83D82521A412-SegmentedRaftLogWorker: safeCacheEvictIndex: setUnconditionally 0 -> -1
2021-08-12 05:14:39,944 [pool-369-thread-1] INFO  server.RaftServerConfigKeys (ConfUtils.java:logGet(44)) - raft.server.snapshot.auto.trigger.enabled = true (custom)
2021-08-12 05:14:39,944 [pool-369-thread-1] INFO  server.RaftServerConfigKeys (ConfUtils.java:logGet(44)) - raft.server.snapshot.auto.trigger.threshold = 10000 (custom)
2021-08-12 05:14:39,944 [pool-369-thread-1] INFO  server.RaftServerConfigKeys (ConfUtils.java:logGet(44)) - raft.server.snapshot.retention.file.num = 5 (custom)
2021-08-12 05:14:39,944 [pool-369-thread-1] INFO  server.RaftServerConfigKeys (ConfUtils.java:logGet(44)) - raft.server.log.purge.upto.snapshot.index = false (default)
2021-08-12 05:14:39,944 [pool-369-thread-1] INFO  server.RaftServerConfigKeys (ConfUtils.java:logGet(44)) - raft.server.retrycache.expirytime = 600000ms (custom)
2021-08-12 05:14:39,944 [pool-369-thread-1] INFO  server.RaftServerConfigKeys (ConfUtils.java:logGet(44)) - raft.server.retrycache.statistics.expirytime = 100μs (default)
2021-08-12 05:14:39,944 [pool-369-thread-1] INFO  server.RaftServer$Division (RaftServerImpl.java:start(296)) - 76b05b81-480f-4451-a70f-13b24978b5c0@group-83D82521A412: start as a follower, conf=-1: [0da173cd-0350-4aea-93c3-4615dcefd89b|rpc:10.1.0.46:38751|priority:1, 98d5f929-1501-4de8-86af-d5a6f354d1b1|rpc:10.1.0.46:42533|priority:0, 76b05b81-480f-4451-a70f-13b24978b5c0|rpc:10.1.0.46:38481|priority:0], old=null
2021-08-12 05:14:39,945 [pool-369-thread-1] INFO  server.RaftServer$Division (RaftServerImpl.java:setRole(285)) - 76b05b81-480f-4451-a70f-13b24978b5c0@group-83D82521A412: changes role from      null to FOLLOWER at term 0 for startAsFollower
2021-08-12 05:14:39,945 [pool-369-thread-1] INFO  impl.RoleInfo (RoleInfo.java:updateAndGet(130)) - 76b05b81-480f-4451-a70f-13b24978b5c0: start 76b05b81-480f-4451-a70f-13b24978b5c0@group-83D82521A412-FollowerState
2021-08-12 05:14:39,945 [pool-369-thread-1] INFO  util.JmxRegister (JmxRegister.java:tryRegister(44)) - Successfully registered JMX Bean with object name Ratis:service=RaftServer,group=group-83D82521A412,id=76b05b81-480f-4451-a70f-13b24978b5c0
2021-08-12 05:14:39,945 [Command processor thread] INFO  ratis.XceiverServerRatis (XceiverServerRatis.java:addGroup(763)) - Created group PipelineID=e4a1ae7a-d8a2-41f1-b59a-83d82521a412
2021-08-12 05:14:39,967 [grpc-default-executor-0] INFO  server.RaftServer (RaftServerProxy.java:addNew(95)) - 0da173cd-0350-4aea-93c3-4615dcefd89b: addNew group-83D82521A412:[0da173cd-0350-4aea-93c3-4615dcefd89b|rpc:10.1.0.46:38751|dataStream:|priority:1, 98d5f929-1501-4de8-86af-d5a6f354d1b1|rpc:10.1.0.46:42533|dataStream:|priority:0, 76b05b81-480f-4451-a70f-13b24978b5c0|rpc:10.1.0.46:38481|dataStream:|priority:0] returns group-83D82521A412:java.util.concurrent.CompletableFuture@19c22bcd[Not completed]
2021-08-12 05:14:39,997 [pool-388-thread-1] INFO  server.RaftServer$Division (RaftServerImpl.java:<init>(181)) - 0da173cd-0350-4aea-93c3-4615dcefd89b: new RaftServerImpl for group-83D82521A412:[0da173cd-0350-4aea-93c3-4615dcefd89b|rpc:10.1.0.46:38751|dataStream:|priority:1, 98d5f929-1501-4de8-86af-d5a6f354d1b1|rpc:10.1.0.46:42533|dataStream:|priority:0, 76b05b81-480f-4451-a70f-13b24978b5c0|rpc:10.1.0.46:38481|dataStream:|priority:0] with ContainerStateMachine:uninitialized
2021-08-12 05:14:39,997 [pool-388-thread-1] INFO  server.RaftServerConfigKeys (ConfUtils.java:logGet(44)) - raft.server.rpc.timeout.min = 5s (custom)
2021-08-12 05:14:39,997 [pool-388-thread-1] INFO  server.RaftServerConfigKeys (ConfUtils.java:logGet(44)) - raft.server.rpc.timeout.max = 5200ms (custom)
2021-08-12 05:14:39,997 [pool-388-thread-1] INFO  server.RaftServerConfigKeys (ConfUtils.java:logGet(44)) - raft.server.rpc.sleep.time = 25ms (default)
2021-08-12 05:14:39,998 [pool-388-thread-1] INFO  server.RaftServerConfigKeys (ConfUtils.java:logGet(44)) - raft.server.rpc.slowness.timeout = 300s (custom)
2021-08-12 05:14:39,998 [pool-388-thread-1] INFO  server.RaftServerConfigKeys (ConfUtils.java:logGet(44)) - raft.server.leaderelection.leader.step-down.wait-time = 10s (default)
2021-08-12 05:14:39,998 [pool-388-thread-1] INFO  server.RaftServerConfigKeys (ConfUtils.java:logGet(44)) - raft.server.sleep.deviation.threshold = 300ms (default)
2021-08-12 05:14:39,998 [pool-388-thread-1] INFO  server.RaftServerConfigKeys (ConfUtils.java:logGet(44)) - raft.server.log.appender.install.snapshot.enabled = false (custom)
2021-08-12 05:14:39,998 [pool-388-thread-1] INFO  server.RaftServer$Division (ServerState.java:<init>(105)) - 0da173cd-0350-4aea-93c3-4615dcefd89b@group-83D82521A412: ConfigurationManager, init=-1: [0da173cd-0350-4aea-93c3-4615dcefd89b|rpc:10.1.0.46:38751|dataStream:|priority:1, 98d5f929-1501-4de8-86af-d5a6f354d1b1|rpc:10.1.0.46:42533|dataStream:|priority:0, 76b05b81-480f-4451-a70f-13b24978b5c0|rpc:10.1.0.46:38481|dataStream:|priority:0], old=null, confs=<EMPTY_MAP>
2021-08-12 05:14:39,998 [pool-388-thread-1] INFO  server.RaftServerConfigKeys (ConfUtils.java:logGet(44)) - raft.server.storage.dir = [/home/runner/work/ozone/ozone/hadoop-ozone/integration-test/target/test-dir/MiniOzoneClusterImpl-77927036-b40e-4989-9ea2-4287dcbfe879/datanode-1/data/ratis] (custom)
2021-08-12 05:14:39,998 [pool-388-thread-1] INFO  server.RaftServerConfigKeys (ConfUtils.java:logGet(44)) - raft.server.log.corruption.policy = EXCEPTION (default)
2021-08-12 05:14:39,998 [pool-388-thread-1] INFO  server.RaftServerConfigKeys (ConfUtils.java:logGet(44)) - raft.server.storage.free-space.min = 0MB (=0) (default)
2021-08-12 05:14:39,998 [pool-388-thread-1] INFO  storage.RaftStorageDirectory (RaftStorageDirectoryImpl.java:analyzeStorage(135)) - The storage directory /home/runner/work/ozone/ozone/hadoop-ozone/integration-test/target/test-dir/MiniOzoneClusterImpl-77927036-b40e-4989-9ea2-4287dcbfe879/datanode-1/data/ratis/e4a1ae7a-d8a2-41f1-b59a-83d82521a412 does not exist. Creating ...
2021-08-12 05:14:40,001 [pool-388-thread-1] INFO  storage.RaftStorageDirectory (RaftStorageDirectoryImpl.java:tryLock(230)) - Lock on /home/runner/work/ozone/ozone/hadoop-ozone/integration-test/target/test-dir/MiniOzoneClusterImpl-77927036-b40e-4989-9ea2-4287dcbfe879/datanode-1/data/ratis/e4a1ae7a-d8a2-41f1-b59a-83d82521a412/in_use.lock acquired by nodename 21634@fv-az50-214
2021-08-12 05:14:40,003 [pool-388-thread-1] INFO  storage.RaftStorage (RaftStorageImpl.java:format(89)) - Storage directory /home/runner/work/ozone/ozone/hadoop-ozone/integration-test/target/test-dir/MiniOzoneClusterImpl-77927036-b40e-4989-9ea2-4287dcbfe879/datanode-1/data/ratis/e4a1ae7a-d8a2-41f1-b59a-83d82521a412 has been successfully formatted.
2021-08-12 05:14:40,013 [pool-388-thread-1] INFO  ratis.ContainerStateMachine (ContainerStateMachine.java:loadSnapshot(225)) - group-83D82521A412: The snapshot info is null. Setting the last applied indexto:(t:0, i:~)
2021-08-12 05:14:40,013 [pool-388-thread-1] INFO  server.RaftServerConfigKeys (ConfUtils.java:logGet(44)) - raft.server.notification.no-leader.timeout = 300s (custom)
2021-08-12 05:14:40,017 [pool-388-thread-1] INFO  server.RaftServerConfigKeys (ConfUtils.java:logGet(44)) - raft.server.log.use.memory = false (default)
2021-08-12 05:14:40,018 [pool-388-thread-1] INFO  server.RaftServerConfigKeys (ConfUtils.java:logGet(44)) - raft.server.log.purge.gap = 1000000 (custom)
2021-08-12 05:14:40,018 [pool-388-thread-1] INFO  server.RaftServerConfigKeys (ConfUtils.java:logGet(44)) - raft.server.log.appender.buffer.byte-limit = 33554432 (custom)
2021-08-12 05:14:40,018 [pool-388-thread-1] INFO  server.RaftServerConfigKeys (ConfUtils.java:logGet(44)) - raft.server.log.segment.size.max = 1048576 (custom)
2021-08-12 05:14:40,019 [pool-388-thread-1] INFO  server.RaftServerConfigKeys (ConfUtils.java:logGet(44)) - raft.server.log.segment.cache.num.max = 2 (custom)
2021-08-12 05:14:40,019 [pool-388-thread-1] INFO  server.RaftServerConfigKeys (ConfUtils.java:logGet(44)) - raft.server.log.segment.cache.size.max = 200MB (=209715200) (default)
2021-08-12 05:14:40,019 [pool-388-thread-1] INFO  segmented.SegmentedRaftLogWorker (SegmentedRaftLogWorker.java:<init>(182)) - new 0da173cd-0350-4aea-93c3-4615dcefd89b@group-83D82521A412-SegmentedRaftLogWorker for RaftStorageImpl:Storage Directory /home/runner/work/ozone/ozone/hadoop-ozone/integration-test/target/test-dir/MiniOzoneClusterImpl-77927036-b40e-4989-9ea2-4287dcbfe879/datanode-1/data/ratis/e4a1ae7a-d8a2-41f1-b59a-83d82521a412
2021-08-12 05:14:40,019 [pool-388-thread-1] INFO  server.RaftServerConfigKeys (ConfUtils.java:logGet(44)) - raft.server.log.queue.byte-limit = 2147483647 (custom)
2021-08-12 05:14:40,019 [pool-388-thread-1] INFO  server.RaftServerConfigKeys (ConfUtils.java:logGet(44)) - raft.server.log.queue.element-limit = 1024 (custom)
2021-08-12 05:14:40,019 [pool-388-thread-1] INFO  server.RaftServerConfigKeys (ConfUtils.java:logGet(44)) - raft.server.log.segment.size.max = 1048576 (custom)
2021-08-12 05:14:40,019 [pool-388-thread-1] INFO  server.RaftServerConfigKeys (ConfUtils.java:logGet(44)) - raft.server.log.preallocated.size = 16384 (custom)
2021-08-12 05:14:40,021 [pool-388-thread-1] INFO  server.RaftServerConfigKeys (ConfUtils.java:logGet(44)) - raft.server.log.force.sync.num = 128 (default)
2021-08-12 05:14:40,021 [pool-388-thread-1] INFO  server.RaftServerConfigKeys (ConfUtils.java:logGet(44)) - raft.server.log.statemachine.data.sync = true (default)
2021-08-12 05:14:40,021 [pool-388-thread-1] INFO  server.RaftServerConfigKeys (ConfUtils.java:logGet(44)) - raft.server.log.statemachine.data.sync.timeout = 10s (default)
2021-08-12 05:14:40,022 [pool-388-thread-1] INFO  server.RaftServerConfigKeys (ConfUtils.java:logGet(44)) - raft.server.log.statemachine.data.sync.timeout.retry = -1 (default)
2021-08-12 05:14:40,024 [pool-388-thread-1] INFO  server.RaftServerConfigKeys (ConfUtils.java:logGet(44)) - raft.server.log.write.buffer.size = 1048576 (custom)
2021-08-12 05:14:40,027 [pool-388-thread-1] INFO  server.RaftServerConfigKeys (ConfUtils.java:logGet(44)) - raft.server.log.statemachine.data.caching.enabled = true (custom)
2021-08-12 05:14:40,028 [pool-388-thread-1] INFO  segmented.SegmentedRaftLogWorker (SegmentedRaftLogWorker.java:lambda$new$0(133)) - 0da173cd-0350-4aea-93c3-4615dcefd89b@group-83D82521A412-SegmentedRaftLogWorker: flushIndex: setUnconditionally 0 -> -1
2021-08-12 05:14:40,028 [pool-388-thread-1] INFO  segmented.SegmentedRaftLogWorker (SegmentedRaftLogWorker.java:lambda$new$0(133)) - 0da173cd-0350-4aea-93c3-4615dcefd89b@group-83D82521A412-SegmentedRaftLogWorker: safeCacheEvictIndex: setUnconditionally 0 -> -1
2021-08-12 05:14:40,028 [pool-388-thread-1] INFO  server.RaftServerConfigKeys (ConfUtils.java:logGet(44)) - raft.server.snapshot.auto.trigger.enabled = true (custom)
2021-08-12 05:14:40,028 [pool-388-thread-1] INFO  server.RaftServerConfigKeys (ConfUtils.java:logGet(44)) - raft.server.snapshot.auto.trigger.threshold = 10000 (custom)
2021-08-12 05:14:40,028 [pool-388-thread-1] INFO  server.RaftServerConfigKeys (ConfUtils.java:logGet(44)) - raft.server.snapshot.retention.file.num = 5 (custom)
2021-08-12 05:14:40,028 [pool-388-thread-1] INFO  server.RaftServerConfigKeys (ConfUtils.java:logGet(44)) - raft.server.log.purge.upto.snapshot.index = false (default)
2021-08-12 05:14:40,029 [pool-388-thread-1] INFO  server.RaftServerConfigKeys (ConfUtils.java:logGet(44)) - raft.server.retrycache.expirytime = 600000ms (custom)
2021-08-12 05:14:40,029 [pool-388-thread-1] INFO  server.RaftServerConfigKeys (ConfUtils.java:logGet(44)) - raft.server.retrycache.statistics.expirytime = 100μs (default)
2021-08-12 05:14:40,029 [pool-388-thread-1] INFO  server.RaftServer$Division (RaftServerImpl.java:start(296)) - 0da173cd-0350-4aea-93c3-4615dcefd89b@group-83D82521A412: start as a follower, conf=-1: [0da173cd-0350-4aea-93c3-4615dcefd89b|rpc:10.1.0.46:38751|dataStream:|priority:1, 98d5f929-1501-4de8-86af-d5a6f354d1b1|rpc:10.1.0.46:42533|dataStream:|priority:0, 76b05b81-480f-4451-a70f-13b24978b5c0|rpc:10.1.0.46:38481|dataStream:|priority:0], old=null
2021-08-12 05:14:40,029 [pool-388-thread-1] INFO  server.RaftServer$Division (RaftServerImpl.java:setRole(285)) - 0da173cd-0350-4aea-93c3-4615dcefd89b@group-83D82521A412: changes role from      null to FOLLOWER at term 0 for startAsFollower
2021-08-12 05:14:40,029 [pool-388-thread-1] INFO  impl.RoleInfo (RoleInfo.java:updateAndGet(130)) - 0da173cd-0350-4aea-93c3-4615dcefd89b: start 0da173cd-0350-4aea-93c3-4615dcefd89b@group-83D82521A412-FollowerState
2021-08-12 05:14:40,030 [pool-388-thread-1] INFO  util.JmxRegister (JmxRegister.java:tryRegister(44)) - Successfully registered JMX Bean with object name Ratis:service=RaftServer,group=group-83D82521A412,id=0da173cd-0350-4aea-93c3-4615dcefd89b
2021-08-12 05:14:40,088 [grpc-default-executor-0] INFO  server.RaftServer (RaftServerProxy.java:addNew(95)) - 98d5f929-1501-4de8-86af-d5a6f354d1b1: addNew group-83D82521A412:[0da173cd-0350-4aea-93c3-4615dcefd89b|rpc:10.1.0.46:38751|dataStream:|priority:1, 98d5f929-1501-4de8-86af-d5a6f354d1b1|rpc:10.1.0.46:42533|dataStream:|priority:0, 76b05b81-480f-4451-a70f-13b24978b5c0|rpc:10.1.0.46:38481|dataStream:|priority:0] returns group-83D82521A412:java.util.concurrent.CompletableFuture@1f443611[Not completed]
2021-08-12 05:14:40,095 [pool-407-thread-1] INFO  server.RaftServer$Division (RaftServerImpl.java:<init>(181)) - 98d5f929-1501-4de8-86af-d5a6f354d1b1: new RaftServerImpl for group-83D82521A412:[0da173cd-0350-4aea-93c3-4615dcefd89b|rpc:10.1.0.46:38751|dataStream:|priority:1, 98d5f929-1501-4de8-86af-d5a6f354d1b1|rpc:10.1.0.46:42533|dataStream:|priority:0, 76b05b81-480f-4451-a70f-13b24978b5c0|rpc:10.1.0.46:38481|dataStream:|priority:0] with ContainerStateMachine:uninitialized
2021-08-12 05:14:40,113 [pool-407-thread-1] INFO  server.RaftServerConfigKeys (ConfUtils.java:logGet(44)) - raft.server.rpc.timeout.min = 5s (custom)
2021-08-12 05:14:40,113 [pool-407-thread-1] INFO  server.RaftServerConfigKeys (ConfUtils.java:logGet(44)) - raft.server.rpc.timeout.max = 5200ms (custom)
2021-08-12 05:14:40,113 [pool-407-thread-1] INFO  server.RaftServerConfigKeys (ConfUtils.java:logGet(44)) - raft.server.rpc.sleep.time = 25ms (default)
2021-08-12 05:14:40,113 [pool-407-thread-1] INFO  server.RaftServerConfigKeys (ConfUtils.java:logGet(44)) - raft.server.rpc.slowness.timeout = 300s (custom)
2021-08-12 05:14:40,113 [pool-407-thread-1] INFO  server.RaftServerConfigKeys (ConfUtils.java:logGet(44)) - raft.server.leaderelection.leader.step-down.wait-time = 10s (default)
2021-08-12 05:14:40,113 [pool-407-thread-1] INFO  server.RaftServerConfigKeys (ConfUtils.java:logGet(44)) - raft.server.sleep.deviation.threshold = 300ms (default)
2021-08-12 05:14:40,114 [pool-407-thread-1] INFO  server.RaftServerConfigKeys (ConfUtils.java:logGet(44)) - raft.server.log.appender.install.snapshot.enabled = false (custom)
2021-08-12 05:14:40,114 [pool-407-thread-1] INFO  server.RaftServer$Division (ServerState.java:<init>(105)) - 98d5f929-1501-4de8-86af-d5a6f354d1b1@group-83D82521A412: ConfigurationManager, init=-1: [0da173cd-0350-4aea-93c3-4615dcefd89b|rpc:10.1.0.46:38751|dataStream:|priority:1, 98d5f929-1501-4de8-86af-d5a6f354d1b1|rpc:10.1.0.46:42533|dataStream:|priority:0, 76b05b81-480f-4451-a70f-13b24978b5c0|rpc:10.1.0.46:38481|dataStream:|priority:0], old=null, confs=<EMPTY_MAP>
2021-08-12 05:14:40,114 [pool-407-thread-1] INFO  server.RaftServerConfigKeys (ConfUtils.java:logGet(44)) - raft.server.storage.dir = [/home/runner/work/ozone/ozone/hadoop-ozone/integration-test/target/test-dir/MiniOzoneClusterImpl-77927036-b40e-4989-9ea2-4287dcbfe879/datanode-2/data/ratis] (custom)
2021-08-12 05:14:40,114 [pool-407-thread-1] INFO  server.RaftServerConfigKeys (ConfUtils.java:logGet(44)) - raft.server.log.corruption.policy = EXCEPTION (default)
2021-08-12 05:14:40,114 [pool-407-thread-1] INFO  server.RaftServerConfigKeys (ConfUtils.java:logGet(44)) - raft.server.storage.free-space.min = 0MB (=0) (default)
2021-08-12 05:14:40,114 [pool-407-thread-1] INFO  storage.RaftStorageDirectory (RaftStorageDirectoryImpl.java:analyzeStorage(135)) - The storage directory /home/runner/work/ozone/ozone/hadoop-ozone/integration-test/target/test-dir/MiniOzoneClusterImpl-77927036-b40e-4989-9ea2-4287dcbfe879/datanode-2/data/ratis/e4a1ae7a-d8a2-41f1-b59a-83d82521a412 does not exist. Creating ...
2021-08-12 05:14:40,115 [pool-407-thread-1] INFO  storage.RaftStorageDirectory (RaftStorageDirectoryImpl.java:tryLock(230)) - Lock on /home/runner/work/ozone/ozone/hadoop-ozone/integration-test/target/test-dir/MiniOzoneClusterImpl-77927036-b40e-4989-9ea2-4287dcbfe879/datanode-2/data/ratis/e4a1ae7a-d8a2-41f1-b59a-83d82521a412/in_use.lock acquired by nodename 21634@fv-az50-214
2021-08-12 05:14:40,116 [pool-407-thread-1] INFO  storage.RaftStorage (RaftStorageImpl.java:format(89)) - Storage directory /home/runner/work/ozone/ozone/hadoop-ozone/integration-test/target/test-dir/MiniOzoneClusterImpl-77927036-b40e-4989-9ea2-4287dcbfe879/datanode-2/data/ratis/e4a1ae7a-d8a2-41f1-b59a-83d82521a412 has been successfully formatted.
2021-08-12 05:14:40,117 [pool-407-thread-1] INFO  ratis.ContainerStateMachine (ContainerStateMachine.java:loadSnapshot(225)) - group-83D82521A412: The snapshot info is null. Setting the last applied indexto:(t:0, i:~)
2021-08-12 05:14:40,117 [pool-407-thread-1] INFO  server.RaftServerConfigKeys (ConfUtils.java:logGet(44)) - raft.server.notification.no-leader.timeout = 300s (custom)
2021-08-12 05:14:40,117 [pool-407-thread-1] INFO  server.RaftServerConfigKeys (ConfUtils.java:logGet(44)) - raft.server.log.use.memory = false (default)
2021-08-12 05:14:40,117 [pool-407-thread-1] INFO  server.RaftServerConfigKeys (ConfUtils.java:logGet(44)) - raft.server.log.purge.gap = 1000000 (custom)
2021-08-12 05:14:40,117 [pool-407-thread-1] INFO  server.RaftServerConfigKeys (ConfUtils.java:logGet(44)) - raft.server.log.appender.buffer.byte-limit = 33554432 (custom)
2021-08-12 05:14:40,119 [pool-407-thread-1] INFO  server.RaftServerConfigKeys (ConfUtils.java:logGet(44)) - raft.server.log.segment.size.max = 1048576 (custom)
2021-08-12 05:14:40,119 [pool-407-thread-1] INFO  server.RaftServerConfigKeys (ConfUtils.java:logGet(44)) - raft.server.log.segment.cache.num.max = 2 (custom)
2021-08-12 05:14:40,120 [pool-407-thread-1] INFO  server.RaftServerConfigKeys (ConfUtils.java:logGet(44)) - raft.server.log.segment.cache.size.max = 200MB (=209715200) (default)
2021-08-12 05:14:40,120 [pool-407-thread-1] INFO  segmented.SegmentedRaftLogWorker (SegmentedRaftLogWorker.java:<init>(182)) - new 98d5f929-1501-4de8-86af-d5a6f354d1b1@group-83D82521A412-SegmentedRaftLogWorker for RaftStorageImpl:Storage Directory /home/runner/work/ozone/ozone/hadoop-ozone/integration-test/target/test-dir/MiniOzoneClusterImpl-77927036-b40e-4989-9ea2-4287dcbfe879/datanode-2/data/ratis/e4a1ae7a-d8a2-41f1-b59a-83d82521a412
2021-08-12 05:14:40,120 [pool-407-thread-1] INFO  server.RaftServerConfigKeys (ConfUtils.java:logGet(44)) - raft.server.log.queue.byte-limit = 2147483647 (custom)
2021-08-12 05:14:40,120 [pool-407-thread-1] INFO  server.RaftServerConfigKeys (ConfUtils.java:logGet(44)) - raft.server.log.queue.element-limit = 1024 (custom)
2021-08-12 05:14:40,120 [pool-407-thread-1] INFO  server.RaftServerConfigKeys (ConfUtils.java:logGet(44)) - raft.server.log.segment.size.max = 1048576 (custom)
2021-08-12 05:14:40,120 [pool-407-thread-1] INFO  server.RaftServerConfigKeys (ConfUtils.java:logGet(44)) - raft.server.log.preallocated.size = 16384 (custom)
2021-08-12 05:14:40,120 [pool-407-thread-1] INFO  server.RaftServerConfigKeys (ConfUtils.java:logGet(44)) - raft.server.log.force.sync.num = 128 (default)
2021-08-12 05:14:40,120 [pool-407-thread-1] INFO  server.RaftServerConfigKeys (ConfUtils.java:logGet(44)) - raft.server.log.statemachine.data.sync = true (default)
2021-08-12 05:14:40,120 [pool-407-thread-1] INFO  server.RaftServerConfigKeys (ConfUtils.java:logGet(44)) - raft.server.log.statemachine.data.sync.timeout = 10s (default)
2021-08-12 05:14:40,120 [pool-407-thread-1] INFO  server.RaftServerConfigKeys (ConfUtils.java:logGet(44)) - raft.server.log.statemachine.data.sync.timeout.retry = -1 (default)
2021-08-12 05:14:40,121 [pool-407-thread-1] INFO  server.RaftServerConfigKeys (ConfUtils.java:logGet(44)) - raft.server.log.write.buffer.size = 1048576 (custom)
2021-08-12 05:14:40,121 [pool-407-thread-1] INFO  server.RaftServerConfigKeys (ConfUtils.java:logGet(44)) - raft.server.log.statemachine.data.caching.enabled = true (custom)
2021-08-12 05:14:40,121 [pool-407-thread-1] INFO  segmented.SegmentedRaftLogWorker (SegmentedRaftLogWorker.java:lambda$new$0(133)) - 98d5f929-1501-4de8-86af-d5a6f354d1b1@group-83D82521A412-SegmentedRaftLogWorker: flushIndex: setUnconditionally 0 -> -1
2021-08-12 05:14:40,121 [pool-407-thread-1] INFO  segmented.SegmentedRaftLogWorker (SegmentedRaftLogWorker.java:lambda$new$0(133)) - 98d5f929-1501-4de8-86af-d5a6f354d1b1@group-83D82521A412-SegmentedRaftLogWorker: safeCacheEvictIndex: setUnconditionally 0 -> -1
2021-08-12 05:14:40,127 [pool-407-thread-1] INFO  server.RaftServerConfigKeys (ConfUtils.java:logGet(44)) - raft.server.snapshot.auto.trigger.enabled = true (custom)
2021-08-12 05:14:40,127 [pool-407-thread-1] INFO  server.RaftServerConfigKeys (ConfUtils.java:logGet(44)) - raft.server.snapshot.auto.trigger.threshold = 10000 (custom)
2021-08-12 05:14:40,127 [pool-407-thread-1] INFO  server.RaftServerConfigKeys (ConfUtils.java:logGet(44)) - raft.server.snapshot.retention.file.num = 5 (custom)
2021-08-12 05:14:40,127 [pool-407-thread-1] INFO  server.RaftServerConfigKeys (ConfUtils.java:logGet(44)) - raft.server.log.purge.upto.snapshot.index = false (default)
2021-08-12 05:14:40,127 [pool-407-thread-1] INFO  server.RaftServerConfigKeys (ConfUtils.java:logGet(44)) - raft.server.retrycache.expirytime = 600000ms (custom)
2021-08-12 05:14:40,127 [pool-407-thread-1] INFO  server.RaftServerConfigKeys (ConfUtils.java:logGet(44)) - raft.server.retrycache.statistics.expirytime = 100μs (default)
2021-08-12 05:14:40,135 [pool-407-thread-1] INFO  server.RaftServer$Division (RaftServerImpl.java:start(296)) - 98d5f929-1501-4de8-86af-d5a6f354d1b1@group-83D82521A412: start as a follower, conf=-1: [0da173cd-0350-4aea-93c3-4615dcefd89b|rpc:10.1.0.46:38751|dataStream:|priority:1, 98d5f929-1501-4de8-86af-d5a6f354d1b1|rpc:10.1.0.46:42533|dataStream:|priority:0, 76b05b81-480f-4451-a70f-13b24978b5c0|rpc:10.1.0.46:38481|dataStream:|priority:0], old=null
2021-08-12 05:14:40,139 [pool-407-thread-1] INFO  server.RaftServer$Division (RaftServerImpl.java:setRole(285)) - 98d5f929-1501-4de8-86af-d5a6f354d1b1@group-83D82521A412: changes role from      null to FOLLOWER at term 0 for startAsFollower
2021-08-12 05:14:40,139 [pool-407-thread-1] INFO  impl.RoleInfo (RoleInfo.java:updateAndGet(130)) - 98d5f929-1501-4de8-86af-d5a6f354d1b1: start 98d5f929-1501-4de8-86af-d5a6f354d1b1@group-83D82521A412-FollowerState
2021-08-12 05:14:40,146 [pool-407-thread-1] INFO  util.JmxRegister (JmxRegister.java:tryRegister(44)) - Successfully registered JMX Bean with object name Ratis:service=RaftServer,group=group-83D82521A412,id=98d5f929-1501-4de8-86af-d5a6f354d1b1
2021-08-12 05:14:40,179 [Command processor thread] INFO  commandhandler.CreatePipelineCommandHandler (CreatePipelineCommandHandler.java:handle(106)) - Created Pipeline RATIS THREE PipelineID=e4a1ae7a-d8a2-41f1-b59a-83d82521a412.
2021-08-12 05:14:40,179 [Command processor thread] INFO  server.RaftServer (RaftServerProxy.java:addNew(95)) - 76b05b81-480f-4451-a70f-13b24978b5c0: addNew group-7196D78A481D:[0da173cd-0350-4aea-93c3-4615dcefd89b|rpc:10.1.0.46:38751|priority:0, 98d5f929-1501-4de8-86af-d5a6f354d1b1|rpc:10.1.0.46:42533|priority:1, 76b05b81-480f-4451-a70f-13b24978b5c0|rpc:10.1.0.46:38481|priority:0] returns group-7196D78A481D:java.util.concurrent.CompletableFuture@24fff24d[Not completed]
2021-08-12 05:14:40,180 [pool-369-thread-1] INFO  server.RaftServer$Division (RaftServerImpl.java:<init>(181)) - 76b05b81-480f-4451-a70f-13b24978b5c0: new RaftServerImpl for group-7196D78A481D:[0da173cd-0350-4aea-93c3-4615dcefd89b|rpc:10.1.0.46:38751|priority:0, 98d5f929-1501-4de8-86af-d5a6f354d1b1|rpc:10.1.0.46:42533|priority:1, 76b05b81-480f-4451-a70f-13b24978b5c0|rpc:10.1.0.46:38481|priority:0] with ContainerStateMachine:uninitialized
2021-08-12 05:14:40,180 [pool-369-thread-1] INFO  server.RaftServerConfigKeys (ConfUtils.java:logGet(44)) - raft.server.rpc.timeout.min = 5s (custom)
2021-08-12 05:14:40,180 [pool-369-thread-1] INFO  server.RaftServerConfigKeys (ConfUtils.java:logGet(44)) - raft.server.rpc.timeout.max = 5200ms (custom)
2021-08-12 05:14:40,180 [pool-369-thread-1] INFO  server.RaftServerConfigKeys (ConfUtils.java:logGet(44)) - raft.server.rpc.sleep.time = 25ms (default)
2021-08-12 05:14:40,180 [pool-369-thread-1] INFO  server.RaftServerConfigKeys (ConfUtils.java:logGet(44)) - raft.server.rpc.slowness.timeout = 300s (custom)
2021-08-12 05:14:40,180 [pool-369-thread-1] INFO  server.RaftServerConfigKeys (ConfUtils.java:logGet(44)) - raft.server.leaderelection.leader.step-down.wait-time = 10s (default)
2021-08-12 05:14:40,180 [pool-369-thread-1] INFO  server.RaftServerConfigKeys (ConfUtils.java:logGet(44)) - raft.server.sleep.deviation.threshold = 300ms (default)
2021-08-12 05:14:40,180 [pool-369-thread-1] INFO  server.RaftServerConfigKeys (ConfUtils.java:logGet(44)) - raft.server.log.appender.install.snapshot.enabled = false (custom)
2021-08-12 05:14:40,180 [pool-369-thread-1] INFO  server.RaftServer$Division (ServerState.java:<init>(105)) - 76b05b81-480f-4451-a70f-13b24978b5c0@group-7196D78A481D: ConfigurationManager, init=-1: [0da173cd-0350-4aea-93c3-4615dcefd89b|rpc:10.1.0.46:38751|priority:0, 98d5f929-1501-4de8-86af-d5a6f354d1b1|rpc:10.1.0.46:42533|priority:1, 76b05b81-480f-4451-a70f-13b24978b5c0|rpc:10.1.0.46:38481|priority:0], old=null, confs=<EMPTY_MAP>
2021-08-12 05:14:40,180 [pool-369-thread-1] INFO  server.RaftServerConfigKeys (ConfUtils.java:logGet(44)) - raft.server.storage.dir = [/home/runner/work/ozone/ozone/hadoop-ozone/integration-test/target/test-dir/MiniOzoneClusterImpl-77927036-b40e-4989-9ea2-4287dcbfe879/datanode-0/data/ratis] (custom)
2021-08-12 05:14:40,181 [pool-369-thread-1] INFO  server.RaftServerConfigKeys (ConfUtils.java:logGet(44)) - raft.server.log.corruption.policy = EXCEPTION (default)
2021-08-12 05:14:40,181 [pool-369-thread-1] INFO  server.RaftServerConfigKeys (ConfUtils.java:logGet(44)) - raft.server.storage.free-space.min = 0MB (=0) (default)
2021-08-12 05:14:40,181 [pool-369-thread-1] INFO  storage.RaftStorageDirectory (RaftStorageDirectoryImpl.java:analyzeStorage(135)) - The storage directory /home/runner/work/ozone/ozone/hadoop-ozone/integration-test/target/test-dir/MiniOzoneClusterImpl-77927036-b40e-4989-9ea2-4287dcbfe879/datanode-0/data/ratis/c2a2de63-2640-405d-b4ff-7196d78a481d does not exist. Creating ...
2021-08-12 05:14:40,182 [pool-369-thread-1] INFO  storage.RaftStorageDirectory (RaftStorageDirectoryImpl.java:tryLock(230)) - Lock on /home/runner/work/ozone/ozone/hadoop-ozone/integration-test/target/test-dir/MiniOzoneClusterImpl-77927036-b40e-4989-9ea2-4287dcbfe879/datanode-0/data/ratis/c2a2de63-2640-405d-b4ff-7196d78a481d/in_use.lock acquired by nodename 21634@fv-az50-214
2021-08-12 05:14:40,183 [pool-369-thread-1] INFO  storage.RaftStorage (RaftStorageImpl.java:format(89)) - Storage directory /home/runner/work/ozone/ozone/hadoop-ozone/integration-test/target/test-dir/MiniOzoneClusterImpl-77927036-b40e-4989-9ea2-4287dcbfe879/datanode-0/data/ratis/c2a2de63-2640-405d-b4ff-7196d78a481d has been successfully formatted.
2021-08-12 05:14:40,183 [pool-369-thread-1] INFO  ratis.ContainerStateMachine (ContainerStateMachine.java:loadSnapshot(225)) - group-7196D78A481D: The snapshot info is null. Setting the last applied indexto:(t:0, i:~)
2021-08-12 05:14:40,183 [pool-369-thread-1] INFO  server.RaftServerConfigKeys (ConfUtils.java:logGet(44)) - raft.server.notification.no-leader.timeout = 300s (custom)
2021-08-12 05:14:40,183 [Datanode State Machine Thread - 0] WARN  statemachine.StateContext (StateContext.java:execute(621)) - No available thread in pool for past 1 seconds.
2021-08-12 05:14:40,183 [pool-369-thread-1] INFO  server.RaftServerConfigKeys (ConfUtils.java:logGet(44)) - raft.server.log.use.memory = false (default)
2021-08-12 05:14:40,183 [pool-369-thread-1] INFO  server.RaftServerConfigKeys (ConfUtils.java:logGet(44)) - raft.server.log.purge.gap = 1000000 (custom)
2021-08-12 05:14:40,183 [pool-369-thread-1] INFO  server.RaftServerConfigKeys (ConfUtils.java:logGet(44)) - raft.server.log.appender.buffer.byte-limit = 33554432 (custom)
2021-08-12 05:14:40,183 [pool-369-thread-1] INFO  server.RaftServerConfigKeys (ConfUtils.java:logGet(44)) - raft.server.log.segment.size.max = 1048576 (custom)
2021-08-12 05:14:40,184 [pool-369-thread-1] INFO  server.RaftServerConfigKeys (ConfUtils.java:logGet(44)) - raft.server.log.segment.cache.num.max = 2 (custom)
2021-08-12 05:14:40,184 [pool-369-thread-1] INFO  server.RaftServerConfigKeys (ConfUtils.java:logGet(44)) - raft.server.log.segment.cache.size.max = 200MB (=209715200) (default)
2021-08-12 05:14:40,184 [pool-369-thread-1] INFO  segmented.SegmentedRaftLogWorker (SegmentedRaftLogWorker.java:<init>(182)) - new 76b05b81-480f-4451-a70f-13b24978b5c0@group-7196D78A481D-SegmentedRaftLogWorker for RaftStorageImpl:Storage Directory /home/runner/work/ozone/ozone/hadoop-ozone/integration-test/target/test-dir/MiniOzoneClusterImpl-77927036-b40e-4989-9ea2-4287dcbfe879/datanode-0/data/ratis/c2a2de63-2640-405d-b4ff-7196d78a481d
2021-08-12 05:14:40,184 [pool-369-thread-1] INFO  server.RaftServerConfigKeys (ConfUtils.java:logGet(44)) - raft.server.log.queue.byte-limit = 2147483647 (custom)
2021-08-12 05:14:40,184 [pool-369-thread-1] INFO  server.RaftServerConfigKeys (ConfUtils.java:logGet(44)) - raft.server.log.queue.element-limit = 1024 (custom)
2021-08-12 05:14:40,184 [pool-369-thread-1] INFO  server.RaftServerConfigKeys (ConfUtils.java:logGet(44)) - raft.server.log.segment.size.max = 1048576 (custom)
2021-08-12 05:14:40,184 [pool-369-thread-1] INFO  server.RaftServerConfigKeys (ConfUtils.java:logGet(44)) - raft.server.log.preallocated.size = 16384 (custom)
2021-08-12 05:14:40,184 [pool-369-thread-1] INFO  server.RaftServerConfigKeys (ConfUtils.java:logGet(44)) - raft.server.log.force.sync.num = 128 (default)
2021-08-12 05:14:40,184 [pool-369-thread-1] INFO  server.RaftServerConfigKeys (ConfUtils.java:logGet(44)) - raft.server.log.statemachine.data.sync = true (default)
2021-08-12 05:14:40,184 [pool-369-thread-1] INFO  server.RaftServerConfigKeys (ConfUtils.java:logGet(44)) - raft.server.log.statemachine.data.sync.timeout = 10s (default)
2021-08-12 05:14:40,184 [pool-369-thread-1] INFO  server.RaftServerConfigKeys (ConfUtils.java:logGet(44)) - raft.server.log.statemachine.data.sync.timeout.retry = -1 (default)
2021-08-12 05:14:40,185 [pool-369-thread-1] INFO  server.RaftServerConfigKeys (ConfUtils.java:logGet(44)) - raft.server.log.write.buffer.size = 1048576 (custom)
2021-08-12 05:14:40,185 [pool-369-thread-1] INFO  server.RaftServerConfigKeys (ConfUtils.java:logGet(44)) - raft.server.log.statemachine.data.caching.enabled = true (custom)
2021-08-12 05:14:40,184 [EventQueue-OpenPipelineForHealthyPipelineSafeModeRule] INFO  safemode.SCMSafeModeManager (HealthyPipelineSafeModeRule.java:process(124)) - SCM in safe mode. Healthy pipelines reported count is 0, required healthy pipeline reported count is 1
2021-08-12 05:14:40,185 [pool-369-thread-1] INFO  segmented.SegmentedRaftLogWorker (SegmentedRaftLogWorker.java:lambda$new$0(133)) - 76b05b81-480f-4451-a70f-13b24978b5c0@group-7196D78A481D-SegmentedRaftLogWorker: flushIndex: setUnconditionally 0 -> -1
2021-08-12 05:14:40,185 [pool-369-thread-1] INFO  segmented.SegmentedRaftLogWorker (SegmentedRaftLogWorker.java:lambda$new$0(133)) - 76b05b81-480f-4451-a70f-13b24978b5c0@group-7196D78A481D-SegmentedRaftLogWorker: safeCacheEvictIndex: setUnconditionally 0 -> -1
2021-08-12 05:14:40,189 [pool-369-thread-1] INFO  server.RaftServerConfigKeys (ConfUtils.java:logGet(44)) - raft.server.snapshot.auto.trigger.enabled = true (custom)
2021-08-12 05:14:40,189 [pool-369-thread-1] INFO  server.RaftServerConfigKeys (ConfUtils.java:logGet(44)) - raft.server.snapshot.auto.trigger.threshold = 10000 (custom)
2021-08-12 05:14:40,189 [pool-369-thread-1] INFO  server.RaftServerConfigKeys (ConfUtils.java:logGet(44)) - raft.server.snapshot.retention.file.num = 5 (custom)
2021-08-12 05:14:40,189 [pool-369-thread-1] INFO  server.RaftServerConfigKeys (ConfUtils.java:logGet(44)) - raft.server.log.purge.upto.snapshot.index = false (default)
2021-08-12 05:14:40,189 [pool-369-thread-1] INFO  server.RaftServerConfigKeys (ConfUtils.java:logGet(44)) - raft.server.retrycache.expirytime = 600000ms (custom)
2021-08-12 05:14:40,189 [pool-369-thread-1] INFO  server.RaftServerConfigKeys (ConfUtils.java:logGet(44)) - raft.server.retrycache.statistics.expirytime = 100μs (default)
2021-08-12 05:14:40,190 [pool-369-thread-1] INFO  server.RaftServer$Division (RaftServerImpl.java:start(296)) - 76b05b81-480f-4451-a70f-13b24978b5c0@group-7196D78A481D: start as a follower, conf=-1: [0da173cd-0350-4aea-93c3-4615dcefd89b|rpc:10.1.0.46:38751|priority:0, 98d5f929-1501-4de8-86af-d5a6f354d1b1|rpc:10.1.0.46:42533|priority:1, 76b05b81-480f-4451-a70f-13b24978b5c0|rpc:10.1.0.46:38481|priority:0], old=null
2021-08-12 05:14:40,190 [pool-369-thread-1] INFO  server.RaftServer$Division (RaftServerImpl.java:setRole(285)) - 76b05b81-480f-4451-a70f-13b24978b5c0@group-7196D78A481D: changes role from      null to FOLLOWER at term 0 for startAsFollower
2021-08-12 05:14:40,190 [pool-369-thread-1] INFO  impl.RoleInfo (RoleInfo.java:updateAndGet(130)) - 76b05b81-480f-4451-a70f-13b24978b5c0: start 76b05b81-480f-4451-a70f-13b24978b5c0@group-7196D78A481D-FollowerState
2021-08-12 05:14:40,207 [pool-369-thread-1] INFO  util.JmxRegister (JmxRegister.java:tryRegister(44)) - Successfully registered JMX Bean with object name Ratis:service=RaftServer,group=group-7196D78A481D,id=76b05b81-480f-4451-a70f-13b24978b5c0
2021-08-12 05:14:40,209 [Command processor thread] INFO  ratis.XceiverServerRatis (XceiverServerRatis.java:addGroup(763)) - Created group PipelineID=c2a2de63-2640-405d-b4ff-7196d78a481d
2021-08-12 05:14:40,227 [grpc-default-executor-0] INFO  server.RaftServer (RaftServerProxy.java:addNew(95)) - 0da173cd-0350-4aea-93c3-4615dcefd89b: addNew group-7196D78A481D:[0da173cd-0350-4aea-93c3-4615dcefd89b|rpc:10.1.0.46:38751|dataStream:|priority:0, 98d5f929-1501-4de8-86af-d5a6f354d1b1|rpc:10.1.0.46:42533|dataStream:|priority:1, 76b05b81-480f-4451-a70f-13b24978b5c0|rpc:10.1.0.46:38481|dataStream:|priority:0] returns group-7196D78A481D:java.util.concurrent.CompletableFuture@3e178917[Not completed]
2021-08-12 05:14:40,228 [pool-388-thread-1] INFO  server.RaftServer$Division (RaftServerImpl.java:<init>(181)) - 0da173cd-0350-4aea-93c3-4615dcefd89b: new RaftServerImpl for group-7196D78A481D:[0da173cd-0350-4aea-93c3-4615dcefd89b|rpc:10.1.0.46:38751|dataStream:|priority:0, 98d5f929-1501-4de8-86af-d5a6f354d1b1|rpc:10.1.0.46:42533|dataStream:|priority:1, 76b05b81-480f-4451-a70f-13b24978b5c0|rpc:10.1.0.46:38481|dataStream:|priority:0] with ContainerStateMachine:uninitialized
2021-08-12 05:14:40,228 [pool-388-thread-1] INFO  server.RaftServerConfigKeys (ConfUtils.java:logGet(44)) - raft.server.rpc.timeout.min = 5s (custom)
2021-08-12 05:14:40,228 [pool-388-thread-1] INFO  server.RaftServerConfigKeys (ConfUtils.java:logGet(44)) - raft.server.rpc.timeout.max = 5200ms (custom)
2021-08-12 05:14:40,228 [pool-388-thread-1] INFO  server.RaftServerConfigKeys (ConfUtils.java:logGet(44)) - raft.server.rpc.sleep.time = 25ms (default)
2021-08-12 05:14:40,228 [pool-388-thread-1] INFO  server.RaftServerConfigKeys (ConfUtils.java:logGet(44)) - raft.server.rpc.slowness.timeout = 300s (custom)
2021-08-12 05:14:40,228 [pool-388-thread-1] INFO  server.RaftServerConfigKeys (ConfUtils.java:logGet(44)) - raft.server.leaderelection.leader.step-down.wait-time = 10s (default)
2021-08-12 05:14:40,228 [pool-388-thread-1] INFO  server.RaftServerConfigKeys (ConfUtils.java:logGet(44)) - raft.server.sleep.deviation.threshold = 300ms (default)
2021-08-12 05:14:40,228 [pool-388-thread-1] INFO  server.RaftServerConfigKeys (ConfUtils.java:logGet(44)) - raft.server.log.appender.install.snapshot.enabled = false (custom)
2021-08-12 05:14:40,228 [pool-388-thread-1] INFO  server.RaftServer$Division (ServerState.java:<init>(105)) - 0da173cd-0350-4aea-93c3-4615dcefd89b@group-7196D78A481D: ConfigurationManager, init=-1: [0da173cd-0350-4aea-93c3-4615dcefd89b|rpc:10.1.0.46:38751|dataStream:|priority:0, 98d5f929-1501-4de8-86af-d5a6f354d1b1|rpc:10.1.0.46:42533|dataStream:|priority:1, 76b05b81-480f-4451-a70f-13b24978b5c0|rpc:10.1.0.46:38481|dataStream:|priority:0], old=null, confs=<EMPTY_MAP>
2021-08-12 05:14:40,228 [pool-388-thread-1] INFO  server.RaftServerConfigKeys (ConfUtils.java:logGet(44)) - raft.server.storage.dir = [/home/runner/work/ozone/ozone/hadoop-ozone/integration-test/target/test-dir/MiniOzoneClusterImpl-77927036-b40e-4989-9ea2-4287dcbfe879/datanode-1/data/ratis] (custom)
2021-08-12 05:14:40,229 [pool-388-thread-1] INFO  server.RaftServerConfigKeys (ConfUtils.java:logGet(44)) - raft.server.log.corruption.policy = EXCEPTION (default)
2021-08-12 05:14:40,229 [pool-388-thread-1] INFO  server.RaftServerConfigKeys (ConfUtils.java:logGet(44)) - raft.server.storage.free-space.min = 0MB (=0) (default)
2021-08-12 05:14:40,229 [pool-388-thread-1] INFO  storage.RaftStorageDirectory (RaftStorageDirectoryImpl.java:analyzeStorage(135)) - The storage directory /home/runner/work/ozone/ozone/hadoop-ozone/integration-test/target/test-dir/MiniOzoneClusterImpl-77927036-b40e-4989-9ea2-4287dcbfe879/datanode-1/data/ratis/c2a2de63-2640-405d-b4ff-7196d78a481d does not exist. Creating ...
2021-08-12 05:14:40,230 [pool-388-thread-1] INFO  storage.RaftStorageDirectory (RaftStorageDirectoryImpl.java:tryLock(230)) - Lock on /home/runner/work/ozone/ozone/hadoop-ozone/integration-test/target/test-dir/MiniOzoneClusterImpl-77927036-b40e-4989-9ea2-4287dcbfe879/datanode-1/data/ratis/c2a2de63-2640-405d-b4ff-7196d78a481d/in_use.lock acquired by nodename 21634@fv-az50-214
2021-08-12 05:14:40,230 [Command processor thread] INFO  server.RaftServer (RaftServerProxy.java:addNew(95)) - 0da173cd-0350-4aea-93c3-4615dcefd89b: addNew group-90315EA9EC45:[0da173cd-0350-4aea-93c3-4615dcefd89b|rpc:10.1.0.46:38751|priority:1] returns group-90315EA9EC45:java.util.concurrent.CompletableFuture@45d86607[Not completed]
2021-08-12 05:14:40,235 [pool-388-thread-1] INFO  storage.RaftStorage (RaftStorageImpl.java:format(89)) - Storage directory /home/runner/work/ozone/ozone/hadoop-ozone/integration-test/target/test-dir/MiniOzoneClusterImpl-77927036-b40e-4989-9ea2-4287dcbfe879/datanode-1/data/ratis/c2a2de63-2640-405d-b4ff-7196d78a481d has been successfully formatted.
2021-08-12 05:14:40,235 [Datanode State Machine Thread - 0] WARN  statemachine.StateContext (StateContext.java:execute(621)) - No available thread in pool for past 1 seconds.
2021-08-12 05:14:40,236 [pool-388-thread-1] INFO  ratis.ContainerStateMachine (ContainerStateMachine.java:loadSnapshot(225)) - group-7196D78A481D: The snapshot info is null. Setting the last applied indexto:(t:0, i:~)
2021-08-12 05:14:40,237 [pool-388-thread-1] INFO  server.RaftServerConfigKeys (ConfUtils.java:logGet(44)) - raft.server.notification.no-leader.timeout = 300s (custom)
2021-08-12 05:14:40,237 [EventQueue-PipelineReportForPipelineReportHandler] INFO  pipeline.PipelineManagerImpl (PipelineManagerImpl.java:openPipeline(283)) - Pipeline Pipeline[ Id: 03aeb3ad-b2e8-4b99-9d0a-90315ea9ec45, Nodes: 0da173cd-0350-4aea-93c3-4615dcefd89b{ip: 10.1.0.46, host: fv-az50-214.grzltbmokehuzjyc5b133kdqgh.cx.internal.cloudapp.net, ports: [REPLICATION=38765, RATIS=38751, RATIS_ADMIN=38751, RATIS_SERVER=38751, STANDALONE=46169], networkLocation: /default-rack, certSerialId: null, persistedOpState: IN_SERVICE, persistedOpStateExpiryEpochSec: 0}, ReplicationConfig: RATIS/ONE, State:ALLOCATED, leaderId:0da173cd-0350-4aea-93c3-4615dcefd89b, CreationTimestamp2021-08-12T05:14:37.241Z[Etc/UTC]] moved to OPEN state
2021-08-12 05:14:40,238 [EventQueue-OpenPipelineForHealthyPipelineSafeModeRule] INFO  safemode.SCMSafeModeManager (HealthyPipelineSafeModeRule.java:process(124)) - SCM in safe mode. Healthy pipelines reported count is 0, required healthy pipeline reported count is 1
2021-08-12 05:14:40,238 [pool-388-thread-1] INFO  server.RaftServerConfigKeys (ConfUtils.java:logGet(44)) - raft.server.log.use.memory = false (default)
2021-08-12 05:14:40,239 [pool-388-thread-1] INFO  server.RaftServerConfigKeys (ConfUtils.java:logGet(44)) - raft.server.log.purge.gap = 1000000 (custom)
2021-08-12 05:14:40,239 [pool-388-thread-1] INFO  server.RaftServerConfigKeys (ConfUtils.java:logGet(44)) - raft.server.log.appender.buffer.byte-limit = 33554432 (custom)
2021-08-12 05:14:40,252 [pool-388-thread-1] INFO  server.RaftServerConfigKeys (ConfUtils.java:logGet(44)) - raft.server.log.segment.size.max = 1048576 (custom)
2021-08-12 05:14:40,253 [pool-388-thread-1] INFO  server.RaftServerConfigKeys (ConfUtils.java:logGet(44)) - raft.server.log.segment.cache.num.max = 2 (custom)
2021-08-12 05:14:40,253 [pool-388-thread-1] INFO  server.RaftServerConfigKeys (ConfUtils.java:logGet(44)) - raft.server.log.segment.cache.size.max = 200MB (=209715200) (default)
2021-08-12 05:14:40,253 [pool-388-thread-1] INFO  segmented.SegmentedRaftLogWorker (SegmentedRaftLogWorker.java:<init>(182)) - new 0da173cd-0350-4aea-93c3-4615dcefd89b@group-7196D78A481D-SegmentedRaftLogWorker for RaftStorageImpl:Storage Directory /home/runner/work/ozone/ozone/hadoop-ozone/integration-test/target/test-dir/MiniOzoneClusterImpl-77927036-b40e-4989-9ea2-4287dcbfe879/datanode-1/data/ratis/c2a2de63-2640-405d-b4ff-7196d78a481d
2021-08-12 05:14:40,253 [pool-388-thread-1] INFO  server.RaftServerConfigKeys (ConfUtils.java:logGet(44)) - raft.server.log.queue.byte-limit = 2147483647 (custom)
2021-08-12 05:14:40,253 [pool-388-thread-1] INFO  server.RaftServerConfigKeys (ConfUtils.java:logGet(44)) - raft.server.log.queue.element-limit = 1024 (custom)
2021-08-12 05:14:40,253 [pool-388-thread-1] INFO  server.RaftServerConfigKeys (ConfUtils.java:logGet(44)) - raft.server.log.segment.size.max = 1048576 (custom)
2021-08-12 05:14:40,253 [pool-388-thread-1] INFO  server.RaftServerConfigKeys (ConfUtils.java:logGet(44)) - raft.server.log.preallocated.size = 16384 (custom)
2021-08-12 05:14:40,253 [pool-388-thread-1] INFO  server.RaftServerConfigKeys (ConfUtils.java:logGet(44)) - raft.server.log.force.sync.num = 128 (default)
2021-08-12 05:14:40,253 [pool-388-thread-1] INFO  server.RaftServerConfigKeys (ConfUtils.java:logGet(44)) - raft.server.log.statemachine.data.sync = true (default)
2021-08-12 05:14:40,253 [pool-388-thread-1] INFO  server.RaftServerConfigKeys (ConfUtils.java:logGet(44)) - raft.server.log.statemachine.data.sync.timeout = 10s (default)
2021-08-12 05:14:40,253 [pool-388-thread-1] INFO  server.RaftServerConfigKeys (ConfUtils.java:logGet(44)) - raft.server.log.statemachine.data.sync.timeout.retry = -1 (default)
2021-08-12 05:14:40,254 [pool-388-thread-1] INFO  server.RaftServerConfigKeys (ConfUtils.java:logGet(44)) - raft.server.log.write.buffer.size = 1048576 (custom)
2021-08-12 05:14:40,254 [pool-388-thread-1] INFO  server.RaftServerConfigKeys (ConfUtils.java:logGet(44)) - raft.server.log.statemachine.data.caching.enabled = true (custom)
2021-08-12 05:14:40,254 [pool-388-thread-1] INFO  segmented.SegmentedRaftLogWorker (SegmentedRaftLogWorker.java:lambda$new$0(133)) - 0da173cd-0350-4aea-93c3-4615dcefd89b@group-7196D78A481D-SegmentedRaftLogWorker: flushIndex: setUnconditionally 0 -> -1
2021-08-12 05:14:40,254 [pool-388-thread-1] INFO  segmented.SegmentedRaftLogWorker (SegmentedRaftLogWorker.java:lambda$new$0(133)) - 0da173cd-0350-4aea-93c3-4615dcefd89b@group-7196D78A481D-SegmentedRaftLogWorker: safeCacheEvictIndex: setUnconditionally 0 -> -1
2021-08-12 05:14:40,263 [pool-388-thread-1] INFO  server.RaftServerConfigKeys (ConfUtils.java:logGet(44)) - raft.server.snapshot.auto.trigger.enabled = true (custom)
2021-08-12 05:14:40,263 [pool-388-thread-1] INFO  server.RaftServerConfigKeys (ConfUtils.java:logGet(44)) - raft.server.snapshot.auto.trigger.threshold = 10000 (custom)
2021-08-12 05:14:40,263 [pool-388-thread-1] INFO  server.RaftServerConfigKeys (ConfUtils.java:logGet(44)) - raft.server.snapshot.retention.file.num = 5 (custom)
2021-08-12 05:14:40,263 [pool-388-thread-1] INFO  server.RaftServerConfigKeys (ConfUtils.java:logGet(44)) - raft.server.log.purge.upto.snapshot.index = false (default)
2021-08-12 05:14:40,263 [pool-388-thread-1] INFO  server.RaftServerConfigKeys (ConfUtils.java:logGet(44)) - raft.server.retrycache.expirytime = 600000ms (custom)
2021-08-12 05:14:40,263 [pool-388-thread-1] INFO  server.RaftServerConfigKeys (ConfUtils.java:logGet(44)) - raft.server.retrycache.statistics.expirytime = 100μs (default)
2021-08-12 05:14:40,264 [pool-388-thread-1] INFO  server.RaftServer$Division (RaftServerImpl.java:<init>(181)) - 0da173cd-0350-4aea-93c3-4615dcefd89b: new RaftServerImpl for group-90315EA9EC45:[0da173cd-0350-4aea-93c3-4615dcefd89b|rpc:10.1.0.46:38751|priority:1] with ContainerStateMachine:uninitialized
2021-08-12 05:14:40,264 [pool-388-thread-1] INFO  server.RaftServerConfigKeys (ConfUtils.java:logGet(44)) - raft.server.rpc.timeout.min = 5s (custom)
2021-08-12 05:14:40,265 [pool-388-thread-1] INFO  server.RaftServerConfigKeys (ConfUtils.java:logGet(44)) - raft.server.rpc.timeout.max = 5200ms (custom)
2021-08-12 05:14:40,265 [pool-388-thread-1] INFO  server.RaftServerConfigKeys (ConfUtils.java:logGet(44)) - raft.server.rpc.sleep.time = 25ms (default)
2021-08-12 05:14:40,265 [pool-388-thread-1] INFO  server.RaftServerConfigKeys (ConfUtils.java:logGet(44)) - raft.server.rpc.slowness.timeout = 300s (custom)
2021-08-12 05:14:40,265 [pool-388-thread-1] INFO  server.RaftServerConfigKeys (ConfUtils.java:logGet(44)) - raft.server.leaderelection.leader.step-down.wait-time = 10s (default)
2021-08-12 05:14:40,265 [pool-388-thread-1] INFO  server.RaftServerConfigKeys (ConfUtils.java:logGet(44)) - raft.server.sleep.deviation.threshold = 300ms (default)
2021-08-12 05:14:40,265 [pool-388-thread-1] INFO  server.RaftServerConfigKeys (ConfUtils.java:logGet(44)) - raft.server.log.appender.install.snapshot.enabled = false (custom)
2021-08-12 05:14:40,265 [pool-388-thread-1] INFO  server.RaftServer$Division (ServerState.java:<init>(105)) - 0da173cd-0350-4aea-93c3-4615dcefd89b@group-90315EA9EC45: ConfigurationManager, init=-1: [0da173cd-0350-4aea-93c3-4615dcefd89b|rpc:10.1.0.46:38751|priority:1], old=null, confs=<EMPTY_MAP>
2021-08-12 05:14:40,265 [pool-388-thread-1] INFO  server.RaftServerConfigKeys (ConfUtils.java:logGet(44)) - raft.server.storage.dir = [/home/runner/work/ozone/ozone/hadoop-ozone/integration-test/target/test-dir/MiniOzoneClusterImpl-77927036-b40e-4989-9ea2-4287dcbfe879/datanode-1/data/ratis] (custom)
2021-08-12 05:14:40,265 [pool-388-thread-1] INFO  server.RaftServerConfigKeys (ConfUtils.java:logGet(44)) - raft.server.log.corruption.policy = EXCEPTION (default)
2021-08-12 05:14:40,265 [pool-388-thread-1] INFO  server.RaftServerConfigKeys (ConfUtils.java:logGet(44)) - raft.server.storage.free-space.min = 0MB (=0) (default)
2021-08-12 05:14:40,265 [pool-388-thread-1] INFO  storage.RaftStorageDirectory (RaftStorageDirectoryImpl.java:analyzeStorage(135)) - The storage directory /home/runner/work/ozone/ozone/hadoop-ozone/integration-test/target/test-dir/MiniOzoneClusterImpl-77927036-b40e-4989-9ea2-4287dcbfe879/datanode-1/data/ratis/03aeb3ad-b2e8-4b99-9d0a-90315ea9ec45 does not exist. Creating ...
2021-08-12 05:14:40,269 [pool-388-thread-1] INFO  storage.RaftStorageDirectory (RaftStorageDirectoryImpl.java:tryLock(230)) - Lock on /home/runner/work/ozone/ozone/hadoop-ozone/integration-test/target/test-dir/MiniOzoneClusterImpl-77927036-b40e-4989-9ea2-4287dcbfe879/datanode-1/data/ratis/03aeb3ad-b2e8-4b99-9d0a-90315ea9ec45/in_use.lock acquired by nodename 21634@fv-az50-214
2021-08-12 05:14:40,271 [pool-388-thread-1] INFO  storage.RaftStorage (RaftStorageImpl.java:format(89)) - Storage directory /home/runner/work/ozone/ozone/hadoop-ozone/integration-test/target/test-dir/MiniOzoneClusterImpl-77927036-b40e-4989-9ea2-4287dcbfe879/datanode-1/data/ratis/03aeb3ad-b2e8-4b99-9d0a-90315ea9ec45 has been successfully formatted.
2021-08-12 05:14:40,271 [Datanode State Machine Thread - 0] WARN  statemachine.StateContext (StateContext.java:execute(621)) - No available thread in pool for past 1 seconds.
2021-08-12 05:14:40,273 [EventQueue-OpenPipelineForHealthyPipelineSafeModeRule] INFO  safemode.SCMSafeModeManager (HealthyPipelineSafeModeRule.java:process(124)) - SCM in safe mode. Healthy pipelines reported count is 0, required healthy pipeline reported count is 1
2021-08-12 05:14:40,273 [pool-388-thread-1] INFO  ratis.ContainerStateMachine (ContainerStateMachine.java:loadSnapshot(225)) - group-90315EA9EC45: The snapshot info is null. Setting the last applied indexto:(t:0, i:~)
2021-08-12 05:14:40,274 [pool-388-thread-1] INFO  server.RaftServerConfigKeys (ConfUtils.java:logGet(44)) - raft.server.notification.no-leader.timeout = 300s (custom)
2021-08-12 05:14:40,274 [pool-388-thread-1] INFO  server.RaftServerConfigKeys (ConfUtils.java:logGet(44)) - raft.server.log.use.memory = false (default)
2021-08-12 05:14:40,274 [pool-388-thread-1] INFO  server.RaftServerConfigKeys (ConfUtils.java:logGet(44)) - raft.server.log.purge.gap = 1000000 (custom)
2021-08-12 05:14:40,274 [pool-388-thread-1] INFO  server.RaftServerConfigKeys (ConfUtils.java:logGet(44)) - raft.server.log.appender.buffer.byte-limit = 33554432 (custom)
2021-08-12 05:14:40,274 [pool-388-thread-1] INFO  server.RaftServerConfigKeys (ConfUtils.java:logGet(44)) - raft.server.log.segment.size.max = 1048576 (custom)
2021-08-12 05:14:40,274 [pool-388-thread-1] INFO  server.RaftServerConfigKeys (ConfUtils.java:logGet(44)) - raft.server.log.segment.cache.num.max = 2 (custom)
2021-08-12 05:14:40,274 [pool-388-thread-1] INFO  server.RaftServerConfigKeys (ConfUtils.java:logGet(44)) - raft.server.log.segment.cache.size.max = 200MB (=209715200) (default)
2021-08-12 05:14:40,274 [pool-388-thread-1] INFO  segmented.SegmentedRaftLogWorker (SegmentedRaftLogWorker.java:<init>(182)) - new 0da173cd-0350-4aea-93c3-4615dcefd89b@group-90315EA9EC45-SegmentedRaftLogWorker for RaftStorageImpl:Storage Directory /home/runner/work/ozone/ozone/hadoop-ozone/integration-test/target/test-dir/MiniOzoneClusterImpl-77927036-b40e-4989-9ea2-4287dcbfe879/datanode-1/data/ratis/03aeb3ad-b2e8-4b99-9d0a-90315ea9ec45
2021-08-12 05:14:40,274 [pool-388-thread-1] INFO  server.RaftServerConfigKeys (ConfUtils.java:logGet(44)) - raft.server.log.queue.byte-limit = 2147483647 (custom)
2021-08-12 05:14:40,275 [pool-388-thread-1] INFO  server.RaftServerConfigKeys (ConfUtils.java:logGet(44)) - raft.server.log.queue.element-limit = 1024 (custom)
2021-08-12 05:14:40,275 [pool-388-thread-1] INFO  server.RaftServerConfigKeys (ConfUtils.java:logGet(44)) - raft.server.log.segment.size.max = 1048576 (custom)
2021-08-12 05:14:40,275 [pool-388-thread-1] INFO  server.RaftServerConfigKeys (ConfUtils.java:logGet(44)) - raft.server.log.preallocated.size = 16384 (custom)
2021-08-12 05:14:40,275 [pool-388-thread-1] INFO  server.RaftServerConfigKeys (ConfUtils.java:logGet(44)) - raft.server.log.force.sync.num = 128 (default)
2021-08-12 05:14:40,275 [pool-388-thread-1] INFO  server.RaftServerConfigKeys (ConfUtils.java:logGet(44)) - raft.server.log.statemachine.data.sync = true (default)
2021-08-12 05:14:40,275 [pool-388-thread-1] INFO  server.RaftServerConfigKeys (ConfUtils.java:logGet(44)) - raft.server.log.statemachine.data.sync.timeout = 10s (default)
2021-08-12 05:14:40,275 [pool-388-thread-1] INFO  server.RaftServerConfigKeys (ConfUtils.java:logGet(44)) - raft.server.log.statemachine.data.sync.timeout.retry = -1 (default)
2021-08-12 05:14:40,276 [pool-388-thread-1] INFO  server.RaftServerConfigKeys (ConfUtils.java:logGet(44)) - raft.server.log.write.buffer.size = 1048576 (custom)
2021-08-12 05:14:40,276 [pool-388-thread-1] INFO  server.RaftServerConfigKeys (ConfUtils.java:logGet(44)) - raft.server.log.statemachine.data.caching.enabled = true (custom)
2021-08-12 05:14:40,277 [pool-388-thread-1] INFO  segmented.SegmentedRaftLogWorker (SegmentedRaftLogWorker.java:lambda$new$0(133)) - 0da173cd-0350-4aea-93c3-4615dcefd89b@group-90315EA9EC45-SegmentedRaftLogWorker: flushIndex: setUnconditionally 0 -> -1
2021-08-12 05:14:40,277 [pool-388-thread-1] INFO  segmented.SegmentedRaftLogWorker (SegmentedRaftLogWorker.java:lambda$new$0(133)) - 0da173cd-0350-4aea-93c3-4615dcefd89b@group-90315EA9EC45-SegmentedRaftLogWorker: safeCacheEvictIndex: setUnconditionally 0 -> -1
2021-08-12 05:14:40,279 [pool-388-thread-1] INFO  server.RaftServerConfigKeys (ConfUtils.java:logGet(44)) - raft.server.snapshot.auto.trigger.enabled = true (custom)
2021-08-12 05:14:40,279 [pool-388-thread-1] INFO  server.RaftServerConfigKeys (ConfUtils.java:logGet(44)) - raft.server.snapshot.auto.trigger.threshold = 10000 (custom)
2021-08-12 05:14:40,279 [pool-388-thread-1] INFO  server.RaftServerConfigKeys (ConfUtils.java:logGet(44)) - raft.server.snapshot.retention.file.num = 5 (custom)
2021-08-12 05:14:40,279 [pool-388-thread-1] INFO  server.RaftServerConfigKeys (ConfUtils.java:logGet(44)) - raft.server.log.purge.upto.snapshot.index = false (default)
2021-08-12 05:14:40,279 [pool-388-thread-1] INFO  server.RaftServerConfigKeys (ConfUtils.java:logGet(44)) - raft.server.retrycache.expirytime = 600000ms (custom)
2021-08-12 05:14:40,279 [pool-388-thread-1] INFO  server.RaftServerConfigKeys (ConfUtils.java:logGet(44)) - raft.server.retrycache.statistics.expirytime = 100μs (default)
2021-08-12 05:14:40,280 [pool-388-thread-1] INFO  server.RaftServer$Division (RaftServerImpl.java:start(296)) - 0da173cd-0350-4aea-93c3-4615dcefd89b@group-7196D78A481D: start as a follower, conf=-1: [0da173cd-0350-4aea-93c3-4615dcefd89b|rpc:10.1.0.46:38751|dataStream:|priority:0, 98d5f929-1501-4de8-86af-d5a6f354d1b1|rpc:10.1.0.46:42533|dataStream:|priority:1, 76b05b81-480f-4451-a70f-13b24978b5c0|rpc:10.1.0.46:38481|dataStream:|priority:0], old=null
2021-08-12 05:14:40,280 [pool-388-thread-1] INFO  server.RaftServer$Division (RaftServerImpl.java:setRole(285)) - 0da173cd-0350-4aea-93c3-4615dcefd89b@group-7196D78A481D: changes role from      null to FOLLOWER at term 0 for startAsFollower
2021-08-12 05:14:40,280 [pool-388-thread-1] INFO  impl.RoleInfo (RoleInfo.java:updateAndGet(130)) - 0da173cd-0350-4aea-93c3-4615dcefd89b: start 0da173cd-0350-4aea-93c3-4615dcefd89b@group-7196D78A481D-FollowerState
2021-08-12 05:14:40,285 [pool-388-thread-1] INFO  util.JmxRegister (JmxRegister.java:tryRegister(44)) - Successfully registered JMX Bean with object name Ratis:service=RaftServer,group=group-7196D78A481D,id=0da173cd-0350-4aea-93c3-4615dcefd89b
2021-08-12 05:14:40,286 [pool-388-thread-1] INFO  server.RaftServer$Division (RaftServerImpl.java:start(296)) - 0da173cd-0350-4aea-93c3-4615dcefd89b@group-90315EA9EC45: start as a follower, conf=-1: [0da173cd-0350-4aea-93c3-4615dcefd89b|rpc:10.1.0.46:38751|priority:1], old=null
2021-08-12 05:14:40,286 [pool-388-thread-1] INFO  server.RaftServer$Division (RaftServerImpl.java:setRole(285)) - 0da173cd-0350-4aea-93c3-4615dcefd89b@group-90315EA9EC45: changes role from      null to FOLLOWER at term 0 for startAsFollower
2021-08-12 05:14:40,286 [pool-388-thread-1] INFO  impl.RoleInfo (RoleInfo.java:updateAndGet(130)) - 0da173cd-0350-4aea-93c3-4615dcefd89b: start 0da173cd-0350-4aea-93c3-4615dcefd89b@group-90315EA9EC45-FollowerState
2021-08-12 05:14:40,288 [pool-388-thread-1] INFO  util.JmxRegister (JmxRegister.java:tryRegister(44)) - Successfully registered JMX Bean with object name Ratis:service=RaftServer,group=group-90315EA9EC45,id=0da173cd-0350-4aea-93c3-4615dcefd89b
2021-08-12 05:14:40,290 [Command processor thread] INFO  ratis.XceiverServerRatis (XceiverServerRatis.java:addGroup(763)) - Created group PipelineID=03aeb3ad-b2e8-4b99-9d0a-90315ea9ec45
2021-08-12 05:14:40,290 [Command processor thread] INFO  commandhandler.CreatePipelineCommandHandler (CreatePipelineCommandHandler.java:handle(106)) - Created Pipeline RATIS ONE PipelineID=03aeb3ad-b2e8-4b99-9d0a-90315ea9ec45.
2021-08-12 05:14:40,298 [grpc-default-executor-0] INFO  server.RaftServer (RaftServerProxy.java:addNew(95)) - 98d5f929-1501-4de8-86af-d5a6f354d1b1: addNew group-7196D78A481D:[0da173cd-0350-4aea-93c3-4615dcefd89b|rpc:10.1.0.46:38751|dataStream:|priority:0, 98d5f929-1501-4de8-86af-d5a6f354d1b1|rpc:10.1.0.46:42533|dataStream:|priority:1, 76b05b81-480f-4451-a70f-13b24978b5c0|rpc:10.1.0.46:38481|dataStream:|priority:0] returns group-7196D78A481D:java.util.concurrent.CompletableFuture@3c192534[Not completed]
2021-08-12 05:14:40,308 [pool-407-thread-1] INFO  server.RaftServer$Division (RaftServerImpl.java:<init>(181)) - 98d5f929-1501-4de8-86af-d5a6f354d1b1: new RaftServerImpl for group-7196D78A481D:[0da173cd-0350-4aea-93c3-4615dcefd89b|rpc:10.1.0.46:38751|dataStream:|priority:0, 98d5f929-1501-4de8-86af-d5a6f354d1b1|rpc:10.1.0.46:42533|dataStream:|priority:1, 76b05b81-480f-4451-a70f-13b24978b5c0|rpc:10.1.0.46:38481|dataStream:|priority:0] with ContainerStateMachine:uninitialized
2021-08-12 05:14:40,308 [pool-407-thread-1] INFO  server.RaftServerConfigKeys (ConfUtils.java:logGet(44)) - raft.server.rpc.timeout.min = 5s (custom)
2021-08-12 05:14:40,308 [pool-407-thread-1] INFO  server.RaftServerConfigKeys (ConfUtils.java:logGet(44)) - raft.server.rpc.timeout.max = 5200ms (custom)
2021-08-12 05:14:40,308 [pool-407-thread-1] INFO  server.RaftServerConfigKeys (ConfUtils.java:logGet(44)) - raft.server.rpc.sleep.time = 25ms (default)
2021-08-12 05:14:40,308 [pool-407-thread-1] INFO  server.RaftServerConfigKeys (ConfUtils.java:logGet(44)) - raft.server.rpc.slowness.timeout = 300s (custom)
2021-08-12 05:14:40,308 [pool-407-thread-1] INFO  server.RaftServerConfigKeys (ConfUtils.java:logGet(44)) - raft.server.leaderelection.leader.step-down.wait-time = 10s (default)
2021-08-12 05:14:40,308 [pool-407-thread-1] INFO  server.RaftServerConfigKeys (ConfUtils.java:logGet(44)) - raft.server.sleep.deviation.threshold = 300ms (default)
2021-08-12 05:14:40,308 [pool-407-thread-1] INFO  server.RaftServerConfigKeys (ConfUtils.java:logGet(44)) - raft.server.log.appender.install.snapshot.enabled = false (custom)
2021-08-12 05:14:40,308 [pool-407-thread-1] INFO  server.RaftServer$Division (ServerState.java:<init>(105)) - 98d5f929-1501-4de8-86af-d5a6f354d1b1@group-7196D78A481D: ConfigurationManager, init=-1: [0da173cd-0350-4aea-93c3-4615dcefd89b|rpc:10.1.0.46:38751|dataStream:|priority:0, 98d5f929-1501-4de8-86af-d5a6f354d1b1|rpc:10.1.0.46:42533|dataStream:|priority:1, 76b05b81-480f-4451-a70f-13b24978b5c0|rpc:10.1.0.46:38481|dataStream:|priority:0], old=null, confs=<EMPTY_MAP>
2021-08-12 05:14:40,308 [pool-407-thread-1] INFO  server.RaftServerConfigKeys (ConfUtils.java:logGet(44)) - raft.server.storage.dir = [/home/runner/work/ozone/ozone/hadoop-ozone/integration-test/target/test-dir/MiniOzoneClusterImpl-77927036-b40e-4989-9ea2-4287dcbfe879/datanode-2/data/ratis] (custom)
2021-08-12 05:14:40,309 [pool-407-thread-1] INFO  server.RaftServerConfigKeys (ConfUtils.java:logGet(44)) - raft.server.log.corruption.policy = EXCEPTION (default)
2021-08-12 05:14:40,309 [pool-407-thread-1] INFO  server.RaftServerConfigKeys (ConfUtils.java:logGet(44)) - raft.server.storage.free-space.min = 0MB (=0) (default)
2021-08-12 05:14:40,309 [pool-407-thread-1] INFO  storage.RaftStorageDirectory (RaftStorageDirectoryImpl.java:analyzeStorage(135)) - The storage directory /home/runner/work/ozone/ozone/hadoop-ozone/integration-test/target/test-dir/MiniOzoneClusterImpl-77927036-b40e-4989-9ea2-4287dcbfe879/datanode-2/data/ratis/c2a2de63-2640-405d-b4ff-7196d78a481d does not exist. Creating ...
2021-08-12 05:14:40,310 [pool-407-thread-1] INFO  storage.RaftStorageDirectory (RaftStorageDirectoryImpl.java:tryLock(230)) - Lock on /home/runner/work/ozone/ozone/hadoop-ozone/integration-test/target/test-dir/MiniOzoneClusterImpl-77927036-b40e-4989-9ea2-4287dcbfe879/datanode-2/data/ratis/c2a2de63-2640-405d-b4ff-7196d78a481d/in_use.lock acquired by nodename 21634@fv-az50-214
2021-08-12 05:14:40,311 [pool-407-thread-1] INFO  storage.RaftStorage (RaftStorageImpl.java:format(89)) - Storage directory /home/runner/work/ozone/ozone/hadoop-ozone/integration-test/target/test-dir/MiniOzoneClusterImpl-77927036-b40e-4989-9ea2-4287dcbfe879/datanode-2/data/ratis/c2a2de63-2640-405d-b4ff-7196d78a481d has been successfully formatted.
2021-08-12 05:14:40,311 [pool-407-thread-1] INFO  ratis.ContainerStateMachine (ContainerStateMachine.java:loadSnapshot(225)) - group-7196D78A481D: The snapshot info is null. Setting the last applied indexto:(t:0, i:~)
2021-08-12 05:14:40,311 [pool-407-thread-1] INFO  server.RaftServerConfigKeys (ConfUtils.java:logGet(44)) - raft.server.notification.no-leader.timeout = 300s (custom)
2021-08-12 05:14:40,311 [pool-407-thread-1] INFO  server.RaftServerConfigKeys (ConfUtils.java:logGet(44)) - raft.server.log.use.memory = false (default)
2021-08-12 05:14:40,311 [pool-407-thread-1] INFO  server.RaftServerConfigKeys (ConfUtils.java:logGet(44)) - raft.server.log.purge.gap = 1000000 (custom)
2021-08-12 05:14:40,311 [pool-407-thread-1] INFO  server.RaftServerConfigKeys (ConfUtils.java:logGet(44)) - raft.server.log.appender.buffer.byte-limit = 33554432 (custom)
2021-08-12 05:14:40,312 [pool-407-thread-1] INFO  server.RaftServerConfigKeys (ConfUtils.java:logGet(44)) - raft.server.log.segment.size.max = 1048576 (custom)
2021-08-12 05:14:40,312 [pool-407-thread-1] INFO  server.RaftServerConfigKeys (ConfUtils.java:logGet(44)) - raft.server.log.segment.cache.num.max = 2 (custom)
2021-08-12 05:14:40,312 [pool-407-thread-1] INFO  server.RaftServerConfigKeys (ConfUtils.java:logGet(44)) - raft.server.log.segment.cache.size.max = 200MB (=209715200) (default)
2021-08-12 05:14:40,312 [pool-407-thread-1] INFO  segmented.SegmentedRaftLogWorker (SegmentedRaftLogWorker.java:<init>(182)) - new 98d5f929-1501-4de8-86af-d5a6f354d1b1@group-7196D78A481D-SegmentedRaftLogWorker for RaftStorageImpl:Storage Directory /home/runner/work/ozone/ozone/hadoop-ozone/integration-test/target/test-dir/MiniOzoneClusterImpl-77927036-b40e-4989-9ea2-4287dcbfe879/datanode-2/data/ratis/c2a2de63-2640-405d-b4ff-7196d78a481d
2021-08-12 05:14:40,312 [pool-407-thread-1] INFO  server.RaftServerConfigKeys (ConfUtils.java:logGet(44)) - raft.server.log.queue.byte-limit = 2147483647 (custom)
2021-08-12 05:14:40,312 [pool-407-thread-1] INFO  server.RaftServerConfigKeys (ConfUtils.java:logGet(44)) - raft.server.log.queue.element-limit = 1024 (custom)
2021-08-12 05:14:40,312 [pool-407-thread-1] INFO  server.RaftServerConfigKeys (ConfUtils.java:logGet(44)) - raft.server.log.segment.size.max = 1048576 (custom)
2021-08-12 05:14:40,312 [pool-407-thread-1] INFO  server.RaftServerConfigKeys (ConfUtils.java:logGet(44)) - raft.server.log.preallocated.size = 16384 (custom)
2021-08-12 05:14:40,312 [pool-407-thread-1] INFO  server.RaftServerConfigKeys (ConfUtils.java:logGet(44)) - raft.server.log.force.sync.num = 128 (default)
2021-08-12 05:14:40,312 [pool-407-thread-1] INFO  server.RaftServerConfigKeys (ConfUtils.java:logGet(44)) - raft.server.log.statemachine.data.sync = true (default)
2021-08-12 05:14:40,312 [pool-407-thread-1] INFO  server.RaftServerConfigKeys (ConfUtils.java:logGet(44)) - raft.server.log.statemachine.data.sync.timeout = 10s (default)
2021-08-12 05:14:40,312 [pool-407-thread-1] INFO  server.RaftServerConfigKeys (ConfUtils.java:logGet(44)) - raft.server.log.statemachine.data.sync.timeout.retry = -1 (default)
2021-08-12 05:14:40,313 [pool-407-thread-1] INFO  server.RaftServerConfigKeys (ConfUtils.java:logGet(44)) - raft.server.log.write.buffer.size = 1048576 (custom)
2021-08-12 05:14:40,313 [pool-407-thread-1] INFO  server.RaftServerConfigKeys (ConfUtils.java:logGet(44)) - raft.server.log.statemachine.data.caching.enabled = true (custom)
2021-08-12 05:14:40,313 [pool-407-thread-1] INFO  segmented.SegmentedRaftLogWorker (SegmentedRaftLogWorker.java:lambda$new$0(133)) - 98d5f929-1501-4de8-86af-d5a6f354d1b1@group-7196D78A481D-SegmentedRaftLogWorker: flushIndex: setUnconditionally 0 -> -1
2021-08-12 05:14:40,313 [pool-407-thread-1] INFO  segmented.SegmentedRaftLogWorker (SegmentedRaftLogWorker.java:lambda$new$0(133)) - 98d5f929-1501-4de8-86af-d5a6f354d1b1@group-7196D78A481D-SegmentedRaftLogWorker: safeCacheEvictIndex: setUnconditionally 0 -> -1
2021-08-12 05:14:40,314 [Datanode State Machine Thread - 0] WARN  statemachine.StateContext (StateContext.java:execute(621)) - No available thread in pool for past 1 seconds.
2021-08-12 05:14:40,323 [pool-407-thread-1] INFO  server.RaftServerConfigKeys (ConfUtils.java:logGet(44)) - raft.server.snapshot.auto.trigger.enabled = true (custom)
2021-08-12 05:14:40,323 [pool-407-thread-1] INFO  server.RaftServerConfigKeys (ConfUtils.java:logGet(44)) - raft.server.snapshot.auto.trigger.threshold = 10000 (custom)
2021-08-12 05:14:40,323 [pool-407-thread-1] INFO  server.RaftServerConfigKeys (ConfUtils.java:logGet(44)) - raft.server.snapshot.retention.file.num = 5 (custom)
2021-08-12 05:14:40,323 [pool-407-thread-1] INFO  server.RaftServerConfigKeys (ConfUtils.java:logGet(44)) - raft.server.log.purge.upto.snapshot.index = false (default)
2021-08-12 05:14:40,323 [pool-407-thread-1] INFO  server.RaftServerConfigKeys (ConfUtils.java:logGet(44)) - raft.server.retrycache.expirytime = 600000ms (custom)
2021-08-12 05:14:40,323 [pool-407-thread-1] INFO  server.RaftServerConfigKeys (ConfUtils.java:logGet(44)) - raft.server.retrycache.statistics.expirytime = 100μs (default)
2021-08-12 05:14:40,324 [pool-407-thread-1] INFO  server.RaftServer$Division (RaftServerImpl.java:start(296)) - 98d5f929-1501-4de8-86af-d5a6f354d1b1@group-7196D78A481D: start as a follower, conf=-1: [0da173cd-0350-4aea-93c3-4615dcefd89b|rpc:10.1.0.46:38751|dataStream:|priority:0, 98d5f929-1501-4de8-86af-d5a6f354d1b1|rpc:10.1.0.46:42533|dataStream:|priority:1, 76b05b81-480f-4451-a70f-13b24978b5c0|rpc:10.1.0.46:38481|dataStream:|priority:0], old=null
2021-08-12 05:14:40,324 [pool-407-thread-1] INFO  server.RaftServer$Division (RaftServerImpl.java:setRole(285)) - 98d5f929-1501-4de8-86af-d5a6f354d1b1@group-7196D78A481D: changes role from      null to FOLLOWER at term 0 for startAsFollower
2021-08-12 05:14:40,324 [pool-407-thread-1] INFO  impl.RoleInfo (RoleInfo.java:updateAndGet(130)) - 98d5f929-1501-4de8-86af-d5a6f354d1b1: start 98d5f929-1501-4de8-86af-d5a6f354d1b1@group-7196D78A481D-FollowerState
2021-08-12 05:14:40,329 [pool-407-thread-1] INFO  util.JmxRegister (JmxRegister.java:tryRegister(44)) - Successfully registered JMX Bean with object name Ratis:service=RaftServer,group=group-7196D78A481D,id=98d5f929-1501-4de8-86af-d5a6f354d1b1
2021-08-12 05:14:40,341 [Command processor thread] INFO  commandhandler.CreatePipelineCommandHandler (CreatePipelineCommandHandler.java:handle(106)) - Created Pipeline RATIS THREE PipelineID=c2a2de63-2640-405d-b4ff-7196d78a481d.
2021-08-12 05:14:40,495 [Listener at 127.0.0.1/38087] INFO  ozone.MiniOzoneClusterImpl (MiniOzoneClusterImpl.java:lambda$waitForClusterToBeReady$0(235)) - Nodes are ready. Got 3 of 3 DN Heartbeats.
2021-08-12 05:14:40,496 [Listener at 127.0.0.1/38087] INFO  ozone.MiniOzoneClusterImpl (MiniOzoneClusterImpl.java:lambda$waitForClusterToBeReady$0(238)) - Waiting for cluster to exit safe mode
2021-08-12 05:14:40,496 [Listener at 127.0.0.1/38087] INFO  ozone.MiniOzoneClusterImpl (MiniOzoneClusterImpl.java:lambda$waitForClusterToBeReady$0(240)) - SCM became leader
2021-08-12 05:14:40,517 [Command processor thread] INFO  server.RaftServer (RaftServerProxy.java:addNew(95)) - 98d5f929-1501-4de8-86af-d5a6f354d1b1: addNew group-9DE226A54FCC:[98d5f929-1501-4de8-86af-d5a6f354d1b1|rpc:10.1.0.46:42533|priority:1] returns group-9DE226A54FCC:java.util.concurrent.CompletableFuture@6b10b37d[Not completed]
2021-08-12 05:14:40,518 [pool-407-thread-1] INFO  server.RaftServer$Division (RaftServerImpl.java:<init>(181)) - 98d5f929-1501-4de8-86af-d5a6f354d1b1: new RaftServerImpl for group-9DE226A54FCC:[98d5f929-1501-4de8-86af-d5a6f354d1b1|rpc:10.1.0.46:42533|priority:1] with ContainerStateMachine:uninitialized
2021-08-12 05:14:40,518 [pool-407-thread-1] INFO  server.RaftServerConfigKeys (ConfUtils.java:logGet(44)) - raft.server.rpc.timeout.min = 5s (custom)
2021-08-12 05:14:40,518 [pool-407-thread-1] INFO  server.RaftServerConfigKeys (ConfUtils.java:logGet(44)) - raft.server.rpc.timeout.max = 5200ms (custom)
2021-08-12 05:14:40,518 [pool-407-thread-1] INFO  server.RaftServerConfigKeys (ConfUtils.java:logGet(44)) - raft.server.rpc.sleep.time = 25ms (default)
2021-08-12 05:14:40,518 [pool-407-thread-1] INFO  server.RaftServerConfigKeys (ConfUtils.java:logGet(44)) - raft.server.rpc.slowness.timeout = 300s (custom)
2021-08-12 05:14:40,519 [pool-407-thread-1] INFO  server.RaftServerConfigKeys (ConfUtils.java:logGet(44)) - raft.server.leaderelection.leader.step-down.wait-time = 10s (default)
2021-08-12 05:14:40,519 [pool-407-thread-1] INFO  server.RaftServerConfigKeys (ConfUtils.java:logGet(44)) - raft.server.sleep.deviation.threshold = 300ms (default)
2021-08-12 05:14:40,519 [pool-407-thread-1] INFO  server.RaftServerConfigKeys (ConfUtils.java:logGet(44)) - raft.server.log.appender.install.snapshot.enabled = false (custom)
2021-08-12 05:14:40,519 [pool-407-thread-1] INFO  server.RaftServer$Division (ServerState.java:<init>(105)) - 98d5f929-1501-4de8-86af-d5a6f354d1b1@group-9DE226A54FCC: ConfigurationManager, init=-1: [98d5f929-1501-4de8-86af-d5a6f354d1b1|rpc:10.1.0.46:42533|priority:1], old=null, confs=<EMPTY_MAP>
2021-08-12 05:14:40,519 [pool-407-thread-1] INFO  server.RaftServerConfigKeys (ConfUtils.java:logGet(44)) - raft.server.storage.dir = [/home/runner/work/ozone/ozone/hadoop-ozone/integration-test/target/test-dir/MiniOzoneClusterImpl-77927036-b40e-4989-9ea2-4287dcbfe879/datanode-2/data/ratis] (custom)
2021-08-12 05:14:40,519 [pool-407-thread-1] INFO  server.RaftServerConfigKeys (ConfUtils.java:logGet(44)) - raft.server.log.corruption.policy = EXCEPTION (default)
2021-08-12 05:14:40,519 [pool-407-thread-1] INFO  server.RaftServerConfigKeys (ConfUtils.java:logGet(44)) - raft.server.storage.free-space.min = 0MB (=0) (default)
2021-08-12 05:14:40,519 [pool-407-thread-1] INFO  storage.RaftStorageDirectory (RaftStorageDirectoryImpl.java:analyzeStorage(135)) - The storage directory /home/runner/work/ozone/ozone/hadoop-ozone/integration-test/target/test-dir/MiniOzoneClusterImpl-77927036-b40e-4989-9ea2-4287dcbfe879/datanode-2/data/ratis/8ee4772c-364d-497f-8e4f-9de226a54fcc does not exist. Creating ...
2021-08-12 05:14:40,524 [pool-407-thread-1] INFO  storage.RaftStorageDirectory (RaftStorageDirectoryImpl.java:tryLock(230)) - Lock on /home/runner/work/ozone/ozone/hadoop-ozone/integration-test/target/test-dir/MiniOzoneClusterImpl-77927036-b40e-4989-9ea2-4287dcbfe879/datanode-2/data/ratis/8ee4772c-364d-497f-8e4f-9de226a54fcc/in_use.lock acquired by nodename 21634@fv-az50-214
2021-08-12 05:14:40,526 [pool-407-thread-1] INFO  storage.RaftStorage (RaftStorageImpl.java:format(89)) - Storage directory /home/runner/work/ozone/ozone/hadoop-ozone/integration-test/target/test-dir/MiniOzoneClusterImpl-77927036-b40e-4989-9ea2-4287dcbfe879/datanode-2/data/ratis/8ee4772c-364d-497f-8e4f-9de226a54fcc has been successfully formatted.
2021-08-12 05:14:40,526 [Datanode State Machine Thread - 0] WARN  statemachine.StateContext (StateContext.java:execute(621)) - No available thread in pool for past 1 seconds.
2021-08-12 05:14:40,527 [EventQueue-PipelineReportForPipelineReportHandler] INFO  pipeline.PipelineManagerImpl (PipelineManagerImpl.java:openPipeline(283)) - Pipeline Pipeline[ Id: 8ee4772c-364d-497f-8e4f-9de226a54fcc, Nodes: 98d5f929-1501-4de8-86af-d5a6f354d1b1{ip: 10.1.0.46, host: fv-az50-214.grzltbmokehuzjyc5b133kdqgh.cx.internal.cloudapp.net, ports: [REPLICATION=34345, RATIS=42533, RATIS_ADMIN=42533, RATIS_SERVER=42533, STANDALONE=34663], networkLocation: /default-rack, certSerialId: null, persistedOpState: IN_SERVICE, persistedOpStateExpiryEpochSec: 0}, ReplicationConfig: RATIS/ONE, State:ALLOCATED, leaderId:98d5f929-1501-4de8-86af-d5a6f354d1b1, CreationTimestamp2021-08-12T05:14:37.532Z[Etc/UTC]] moved to OPEN state
2021-08-12 05:14:40,528 [EventQueue-OpenPipelineForHealthyPipelineSafeModeRule] INFO  safemode.SCMSafeModeManager (HealthyPipelineSafeModeRule.java:process(124)) - SCM in safe mode. Healthy pipelines reported count is 0, required healthy pipeline reported count is 1
2021-08-12 05:14:40,530 [pool-407-thread-1] INFO  ratis.ContainerStateMachine (ContainerStateMachine.java:loadSnapshot(225)) - group-9DE226A54FCC: The snapshot info is null. Setting the last applied indexto:(t:0, i:~)
2021-08-12 05:14:40,539 [pool-407-thread-1] INFO  server.RaftServerConfigKeys (ConfUtils.java:logGet(44)) - raft.server.notification.no-leader.timeout = 300s (custom)
2021-08-12 05:14:40,539 [pool-407-thread-1] INFO  server.RaftServerConfigKeys (ConfUtils.java:logGet(44)) - raft.server.log.use.memory = false (default)
2021-08-12 05:14:40,539 [pool-407-thread-1] INFO  server.RaftServerConfigKeys (ConfUtils.java:logGet(44)) - raft.server.log.purge.gap = 1000000 (custom)
2021-08-12 05:14:40,539 [pool-407-thread-1] INFO  server.RaftServerConfigKeys (ConfUtils.java:logGet(44)) - raft.server.log.appender.buffer.byte-limit = 33554432 (custom)
2021-08-12 05:14:40,539 [pool-407-thread-1] INFO  server.RaftServerConfigKeys (ConfUtils.java:logGet(44)) - raft.server.log.segment.size.max = 1048576 (custom)
2021-08-12 05:14:40,539 [pool-407-thread-1] INFO  server.RaftServerConfigKeys (ConfUtils.java:logGet(44)) - raft.server.log.segment.cache.num.max = 2 (custom)
2021-08-12 05:14:40,539 [pool-407-thread-1] INFO  server.RaftServerConfigKeys (ConfUtils.java:logGet(44)) - raft.server.log.segment.cache.size.max = 200MB (=209715200) (default)
2021-08-12 05:14:40,539 [pool-407-thread-1] INFO  segmented.SegmentedRaftLogWorker (SegmentedRaftLogWorker.java:<init>(182)) - new 98d5f929-1501-4de8-86af-d5a6f354d1b1@group-9DE226A54FCC-SegmentedRaftLogWorker for RaftStorageImpl:Storage Directory /home/runner/work/ozone/ozone/hadoop-ozone/integration-test/target/test-dir/MiniOzoneClusterImpl-77927036-b40e-4989-9ea2-4287dcbfe879/datanode-2/data/ratis/8ee4772c-364d-497f-8e4f-9de226a54fcc
2021-08-12 05:14:40,539 [pool-407-thread-1] INFO  server.RaftServerConfigKeys (ConfUtils.java:logGet(44)) - raft.server.log.queue.byte-limit = 2147483647 (custom)
2021-08-12 05:14:40,539 [pool-407-thread-1] INFO  server.RaftServerConfigKeys (ConfUtils.java:logGet(44)) - raft.server.log.queue.element-limit = 1024 (custom)
2021-08-12 05:14:40,540 [pool-407-thread-1] INFO  server.RaftServerConfigKeys (ConfUtils.java:logGet(44)) - raft.server.log.segment.size.max = 1048576 (custom)
2021-08-12 05:14:40,540 [pool-407-thread-1] INFO  server.RaftServerConfigKeys (ConfUtils.java:logGet(44)) - raft.server.log.preallocated.size = 16384 (custom)
2021-08-12 05:14:40,540 [pool-407-thread-1] INFO  server.RaftServerConfigKeys (ConfUtils.java:logGet(44)) - raft.server.log.force.sync.num = 128 (default)
2021-08-12 05:14:40,540 [pool-407-thread-1] INFO  server.RaftServerConfigKeys (ConfUtils.java:logGet(44)) - raft.server.log.statemachine.data.sync = true (default)
2021-08-12 05:14:40,540 [pool-407-thread-1] INFO  server.RaftServerConfigKeys (ConfUtils.java:logGet(44)) - raft.server.log.statemachine.data.sync.timeout = 10s (default)
2021-08-12 05:14:40,540 [pool-407-thread-1] INFO  server.RaftServerConfigKeys (ConfUtils.java:logGet(44)) - raft.server.log.statemachine.data.sync.timeout.retry = -1 (default)
2021-08-12 05:14:40,540 [pool-407-thread-1] INFO  server.RaftServerConfigKeys (ConfUtils.java:logGet(44)) - raft.server.log.write.buffer.size = 1048576 (custom)
2021-08-12 05:14:40,541 [pool-407-thread-1] INFO  server.RaftServerConfigKeys (ConfUtils.java:logGet(44)) - raft.server.log.statemachine.data.caching.enabled = true (custom)
2021-08-12 05:14:40,541 [pool-407-thread-1] INFO  segmented.SegmentedRaftLogWorker (SegmentedRaftLogWorker.java:lambda$new$0(133)) - 98d5f929-1501-4de8-86af-d5a6f354d1b1@group-9DE226A54FCC-SegmentedRaftLogWorker: flushIndex: setUnconditionally 0 -> -1
2021-08-12 05:14:40,541 [pool-407-thread-1] INFO  segmented.SegmentedRaftLogWorker (SegmentedRaftLogWorker.java:lambda$new$0(133)) - 98d5f929-1501-4de8-86af-d5a6f354d1b1@group-9DE226A54FCC-SegmentedRaftLogWorker: safeCacheEvictIndex: setUnconditionally 0 -> -1
2021-08-12 05:14:40,552 [pool-407-thread-1] INFO  server.RaftServerConfigKeys (ConfUtils.java:logGet(44)) - raft.server.snapshot.auto.trigger.enabled = true (custom)
2021-08-12 05:14:40,552 [pool-407-thread-1] INFO  server.RaftServerConfigKeys (ConfUtils.java:logGet(44)) - raft.server.snapshot.auto.trigger.threshold = 10000 (custom)
2021-08-12 05:14:40,552 [pool-407-thread-1] INFO  server.RaftServerConfigKeys (ConfUtils.java:logGet(44)) - raft.server.snapshot.retention.file.num = 5 (custom)
2021-08-12 05:14:40,552 [pool-407-thread-1] INFO  server.RaftServerConfigKeys (ConfUtils.java:logGet(44)) - raft.server.log.purge.upto.snapshot.index = false (default)
2021-08-12 05:14:40,552 [pool-407-thread-1] INFO  server.RaftServerConfigKeys (ConfUtils.java:logGet(44)) - raft.server.retrycache.expirytime = 600000ms (custom)
2021-08-12 05:14:40,552 [pool-407-thread-1] INFO  server.RaftServerConfigKeys (ConfUtils.java:logGet(44)) - raft.server.retrycache.statistics.expirytime = 100μs (default)
2021-08-12 05:14:40,553 [pool-407-thread-1] INFO  server.RaftServer$Division (RaftServerImpl.java:start(296)) - 98d5f929-1501-4de8-86af-d5a6f354d1b1@group-9DE226A54FCC: start as a follower, conf=-1: [98d5f929-1501-4de8-86af-d5a6f354d1b1|rpc:10.1.0.46:42533|priority:1], old=null
2021-08-12 05:14:40,553 [pool-407-thread-1] INFO  server.RaftServer$Division (RaftServerImpl.java:setRole(285)) - 98d5f929-1501-4de8-86af-d5a6f354d1b1@group-9DE226A54FCC: changes role from      null to FOLLOWER at term 0 for startAsFollower
2021-08-12 05:14:40,553 [pool-407-thread-1] INFO  impl.RoleInfo (RoleInfo.java:updateAndGet(130)) - 98d5f929-1501-4de8-86af-d5a6f354d1b1: start 98d5f929-1501-4de8-86af-d5a6f354d1b1@group-9DE226A54FCC-FollowerState
2021-08-12 05:14:40,553 [pool-407-thread-1] INFO  util.JmxRegister (JmxRegister.java:tryRegister(44)) - Successfully registered JMX Bean with object name Ratis:service=RaftServer,group=group-9DE226A54FCC,id=98d5f929-1501-4de8-86af-d5a6f354d1b1
2021-08-12 05:14:40,554 [Command processor thread] INFO  ratis.XceiverServerRatis (XceiverServerRatis.java:addGroup(763)) - Created group PipelineID=8ee4772c-364d-497f-8e4f-9de226a54fcc
2021-08-12 05:14:40,554 [Command processor thread] INFO  commandhandler.CreatePipelineCommandHandler (CreatePipelineCommandHandler.java:handle(106)) - Created Pipeline RATIS ONE PipelineID=8ee4772c-364d-497f-8e4f-9de226a54fcc.
2021-08-12 05:14:41,497 [Listener at 127.0.0.1/38087] INFO  ozone.MiniOzoneClusterImpl (MiniOzoneClusterImpl.java:lambda$waitForClusterToBeReady$0(235)) - Nodes are ready. Got 3 of 3 DN Heartbeats.
2021-08-12 05:14:41,497 [Listener at 127.0.0.1/38087] INFO  ozone.MiniOzoneClusterImpl (MiniOzoneClusterImpl.java:lambda$waitForClusterToBeReady$0(238)) - Waiting for cluster to exit safe mode
2021-08-12 05:14:41,497 [Listener at 127.0.0.1/38087] INFO  ozone.MiniOzoneClusterImpl (MiniOzoneClusterImpl.java:lambda$waitForClusterToBeReady$0(240)) - SCM became leader
2021-08-12 05:14:42,497 [Listener at 127.0.0.1/38087] INFO  ozone.MiniOzoneClusterImpl (MiniOzoneClusterImpl.java:lambda$waitForClusterToBeReady$0(235)) - Nodes are ready. Got 3 of 3 DN Heartbeats.
2021-08-12 05:14:42,497 [Listener at 127.0.0.1/38087] INFO  ozone.MiniOzoneClusterImpl (MiniOzoneClusterImpl.java:lambda$waitForClusterToBeReady$0(238)) - Waiting for cluster to exit safe mode
2021-08-12 05:14:42,497 [Listener at 127.0.0.1/38087] INFO  ozone.MiniOzoneClusterImpl (MiniOzoneClusterImpl.java:lambda$waitForClusterToBeReady$0(240)) - SCM became leader
2021-08-12 05:14:43,498 [Listener at 127.0.0.1/38087] INFO  ozone.MiniOzoneClusterImpl (MiniOzoneClusterImpl.java:lambda$waitForClusterToBeReady$0(235)) - Nodes are ready. Got 3 of 3 DN Heartbeats.
2021-08-12 05:14:43,498 [Listener at 127.0.0.1/38087] INFO  ozone.MiniOzoneClusterImpl (MiniOzoneClusterImpl.java:lambda$waitForClusterToBeReady$0(238)) - Waiting for cluster to exit safe mode
2021-08-12 05:14:43,498 [Listener at 127.0.0.1/38087] INFO  ozone.MiniOzoneClusterImpl (MiniOzoneClusterImpl.java:lambda$waitForClusterToBeReady$0(240)) - SCM became leader
2021-08-12 05:14:44,498 [Listener at 127.0.0.1/38087] INFO  ozone.MiniOzoneClusterImpl (MiniOzoneClusterImpl.java:lambda$waitForClusterToBeReady$0(235)) - Nodes are ready. Got 3 of 3 DN Heartbeats.
2021-08-12 05:14:44,498 [Listener at 127.0.0.1/38087] INFO  ozone.MiniOzoneClusterImpl (MiniOzoneClusterImpl.java:lambda$waitForClusterToBeReady$0(238)) - Waiting for cluster to exit safe mode
2021-08-12 05:14:44,498 [Listener at 127.0.0.1/38087] INFO  ozone.MiniOzoneClusterImpl (MiniOzoneClusterImpl.java:lambda$waitForClusterToBeReady$0(240)) - SCM became leader
2021-08-12 05:14:44,941 [76b05b81-480f-4451-a70f-13b24978b5c0@group-864BF0C5EFC9-FollowerState] INFO  impl.FollowerState (FollowerState.java:run(134)) - 76b05b81-480f-4451-a70f-13b24978b5c0@group-864BF0C5EFC9-FollowerState: change to CANDIDATE, lastRpcElapsedTime:5016238547ns, electionTimeout:5013ms
2021-08-12 05:14:44,941 [76b05b81-480f-4451-a70f-13b24978b5c0@group-864BF0C5EFC9-FollowerState] INFO  impl.RoleInfo (RoleInfo.java:shutdownFollowerState(108)) - 76b05b81-480f-4451-a70f-13b24978b5c0: shutdown 76b05b81-480f-4451-a70f-13b24978b5c0@group-864BF0C5EFC9-FollowerState
2021-08-12 05:14:44,941 [76b05b81-480f-4451-a70f-13b24978b5c0@group-864BF0C5EFC9-FollowerState] INFO  server.RaftServer$Division (RaftServerImpl.java:setRole(285)) - 76b05b81-480f-4451-a70f-13b24978b5c0@group-864BF0C5EFC9: changes role from  FOLLOWER to CANDIDATE at term 0 for changeToCandidate
2021-08-12 05:14:44,942 [76b05b81-480f-4451-a70f-13b24978b5c0@group-864BF0C5EFC9-FollowerState] INFO  server.RaftServerConfigKeys (ConfUtils.java:logGet(44)) - raft.server.leaderelection.pre-vote = false (custom)
2021-08-12 05:14:44,942 [76b05b81-480f-4451-a70f-13b24978b5c0@group-864BF0C5EFC9-FollowerState] INFO  impl.RoleInfo (RoleInfo.java:updateAndGet(130)) - 76b05b81-480f-4451-a70f-13b24978b5c0: start 76b05b81-480f-4451-a70f-13b24978b5c0@group-864BF0C5EFC9-LeaderElection30
2021-08-12 05:14:44,958 [76b05b81-480f-4451-a70f-13b24978b5c0@group-864BF0C5EFC9-LeaderElection30] INFO  impl.LeaderElection (LeaderElection.java:askForVotes(306)) - 76b05b81-480f-4451-a70f-13b24978b5c0@group-864BF0C5EFC9-LeaderElection30 ELECTION round 0: submit vote requests at term 1 for -1: [76b05b81-480f-4451-a70f-13b24978b5c0|rpc:10.1.0.46:38481|priority:1], old=null
2021-08-12 05:14:44,958 [76b05b81-480f-4451-a70f-13b24978b5c0@group-864BF0C5EFC9-LeaderElection30] INFO  impl.LeaderElection (LeaderElection.java:askForVotes(308)) - 76b05b81-480f-4451-a70f-13b24978b5c0@group-864BF0C5EFC9-LeaderElection30 ELECTION round 0: result PASSED (term=1)
2021-08-12 05:14:44,958 [76b05b81-480f-4451-a70f-13b24978b5c0@group-864BF0C5EFC9-LeaderElection30] INFO  impl.RoleInfo (RoleInfo.java:shutdownLeaderElection(121)) - 76b05b81-480f-4451-a70f-13b24978b5c0: shutdown 76b05b81-480f-4451-a70f-13b24978b5c0@group-864BF0C5EFC9-LeaderElection30
2021-08-12 05:14:44,958 [76b05b81-480f-4451-a70f-13b24978b5c0@group-864BF0C5EFC9-LeaderElection30] INFO  server.RaftServer$Division (RaftServerImpl.java:setRole(285)) - 76b05b81-480f-4451-a70f-13b24978b5c0@group-864BF0C5EFC9: changes role from CANDIDATE to LEADER at term 1 for changeToLeader
2021-08-12 05:14:44,958 [76b05b81-480f-4451-a70f-13b24978b5c0@group-864BF0C5EFC9-LeaderElection30] INFO  ratis.XceiverServerRatis (XceiverServerRatis.java:handleLeaderChangedNotification(861)) - Leader change notification received for group: group-864BF0C5EFC9 with new leaderId: 76b05b81-480f-4451-a70f-13b24978b5c0
2021-08-12 05:14:44,958 [76b05b81-480f-4451-a70f-13b24978b5c0@group-864BF0C5EFC9-LeaderElection30] INFO  server.RaftServer$Division (ServerState.java:setLeader(285)) - 76b05b81-480f-4451-a70f-13b24978b5c0@group-864BF0C5EFC9: change Leader from null to 76b05b81-480f-4451-a70f-13b24978b5c0 at term 1 for becomeLeader, leader elected after 5074ms
2021-08-12 05:14:44,959 [76b05b81-480f-4451-a70f-13b24978b5c0@group-864BF0C5EFC9-LeaderElection30] INFO  server.RaftServerConfigKeys (ConfUtils.java:logGet(44)) - raft.server.staging.catchup.gap = 1000 (default)
2021-08-12 05:14:44,961 [EventQueue-OpenPipelineForHealthyPipelineSafeModeRule] INFO  safemode.SCMSafeModeManager (HealthyPipelineSafeModeRule.java:process(124)) - SCM in safe mode. Healthy pipelines reported count is 0, required healthy pipeline reported count is 1
2021-08-12 05:14:44,962 [76b05b81-480f-4451-a70f-13b24978b5c0@group-864BF0C5EFC9-LeaderElection30] INFO  server.RaftServerConfigKeys (ConfUtils.java:logGet(44)) - raft.server.write.element-limit = 1024 (custom)
2021-08-12 05:14:44,962 [76b05b81-480f-4451-a70f-13b24978b5c0@group-864BF0C5EFC9-LeaderElection30] INFO  server.RaftServerConfigKeys (ConfUtils.java:logGet(44)) - raft.server.write.byte-limit = 1024 M (=1073741824) (custom)
2021-08-12 05:14:44,967 [76b05b81-480f-4451-a70f-13b24978b5c0@group-864BF0C5EFC9-LeaderElection30] INFO  server.RaftServerConfigKeys (ConfUtils.java:logGet(44)) - raft.server.watch.timeout = 180s (custom)
2021-08-12 05:14:44,967 [76b05b81-480f-4451-a70f-13b24978b5c0@group-864BF0C5EFC9-LeaderElection30] INFO  server.RaftServerConfigKeys (ConfUtils.java:logGet(44)) - raft.server.watch.timeout.denomination = 1s (default)
2021-08-12 05:14:44,969 [76b05b81-480f-4451-a70f-13b24978b5c0@group-864BF0C5EFC9-LeaderElection30] INFO  server.RaftServerConfigKeys (ConfUtils.java:logGet(44)) - raft.server.watch.element-limit = 65536 (default)
2021-08-12 05:14:44,969 [76b05b81-480f-4451-a70f-13b24978b5c0@group-864BF0C5EFC9-LeaderElection30] INFO  impl.RoleInfo (RoleInfo.java:updateAndGet(130)) - 76b05b81-480f-4451-a70f-13b24978b5c0: start 76b05b81-480f-4451-a70f-13b24978b5c0@group-864BF0C5EFC9-LeaderStateImpl
2021-08-12 05:14:44,969 [76b05b81-480f-4451-a70f-13b24978b5c0@group-864BF0C5EFC9-LeaderElection30] INFO  segmented.SegmentedRaftLogWorker (SegmentedRaftLogWorker.java:startLogSegment(394)) - 76b05b81-480f-4451-a70f-13b24978b5c0@group-864BF0C5EFC9-SegmentedRaftLogWorker: Starting segment from index:0
2021-08-12 05:14:44,975 [76b05b81-480f-4451-a70f-13b24978b5c0@group-864BF0C5EFC9-LeaderElection30] INFO  server.RaftServer$Division (ServerState.java:setRaftConf(387)) - 76b05b81-480f-4451-a70f-13b24978b5c0@group-864BF0C5EFC9: set configuration 0: [76b05b81-480f-4451-a70f-13b24978b5c0|rpc:10.1.0.46:38481|dataStream:|priority:1], old=null
2021-08-12 05:14:44,985 [76b05b81-480f-4451-a70f-13b24978b5c0@group-864BF0C5EFC9-SegmentedRaftLogWorker] INFO  segmented.SegmentedRaftLogWorker (SegmentedRaftLogWorker.java:execute(601)) - 76b05b81-480f-4451-a70f-13b24978b5c0@group-864BF0C5EFC9-SegmentedRaftLogWorker: created new log segment /home/runner/work/ozone/ozone/hadoop-ozone/integration-test/target/test-dir/MiniOzoneClusterImpl-77927036-b40e-4989-9ea2-4287dcbfe879/datanode-0/data/ratis/4e3a2b04-ab23-49dc-9639-864bf0c5efc9/current/log_inprogress_0
2021-08-12 05:14:45,103 [76b05b81-480f-4451-a70f-13b24978b5c0@group-83D82521A412-FollowerState] INFO  impl.FollowerState (FollowerState.java:run(134)) - 76b05b81-480f-4451-a70f-13b24978b5c0@group-83D82521A412-FollowerState: change to CANDIDATE, lastRpcElapsedTime:5158819017ns, electionTimeout:5158ms
2021-08-12 05:14:45,104 [76b05b81-480f-4451-a70f-13b24978b5c0@group-83D82521A412-FollowerState] INFO  impl.RoleInfo (RoleInfo.java:shutdownFollowerState(108)) - 76b05b81-480f-4451-a70f-13b24978b5c0: shutdown 76b05b81-480f-4451-a70f-13b24978b5c0@group-83D82521A412-FollowerState
2021-08-12 05:14:45,104 [76b05b81-480f-4451-a70f-13b24978b5c0@group-83D82521A412-FollowerState] INFO  server.RaftServer$Division (RaftServerImpl.java:setRole(285)) - 76b05b81-480f-4451-a70f-13b24978b5c0@group-83D82521A412: changes role from  FOLLOWER to CANDIDATE at term 0 for changeToCandidate
2021-08-12 05:14:45,104 [76b05b81-480f-4451-a70f-13b24978b5c0@group-83D82521A412-FollowerState] INFO  server.RaftServerConfigKeys (ConfUtils.java:logGet(44)) - raft.server.leaderelection.pre-vote = false (custom)
2021-08-12 05:14:45,104 [76b05b81-480f-4451-a70f-13b24978b5c0@group-83D82521A412-FollowerState] INFO  impl.RoleInfo (RoleInfo.java:updateAndGet(130)) - 76b05b81-480f-4451-a70f-13b24978b5c0: start 76b05b81-480f-4451-a70f-13b24978b5c0@group-83D82521A412-LeaderElection31
2021-08-12 05:14:45,116 [76b05b81-480f-4451-a70f-13b24978b5c0@group-83D82521A412-LeaderElection31] INFO  impl.LeaderElection (LeaderElection.java:askForVotes(306)) - 76b05b81-480f-4451-a70f-13b24978b5c0@group-83D82521A412-LeaderElection31 ELECTION round 0: submit vote requests at term 1 for -1: [0da173cd-0350-4aea-93c3-4615dcefd89b|rpc:10.1.0.46:38751|priority:1, 98d5f929-1501-4de8-86af-d5a6f354d1b1|rpc:10.1.0.46:42533|priority:0, 76b05b81-480f-4451-a70f-13b24978b5c0|rpc:10.1.0.46:38481|priority:0], old=null
2021-08-12 05:14:45,122 [0da173cd-0350-4aea-93c3-4615dcefd89b@group-83D82521A412-FollowerState] INFO  impl.FollowerState (FollowerState.java:run(134)) - 0da173cd-0350-4aea-93c3-4615dcefd89b@group-83D82521A412-FollowerState: change to CANDIDATE, lastRpcElapsedTime:5092813253ns, electionTimeout:5092ms
2021-08-12 05:14:45,122 [0da173cd-0350-4aea-93c3-4615dcefd89b@group-83D82521A412-FollowerState] INFO  impl.RoleInfo (RoleInfo.java:shutdownFollowerState(108)) - 0da173cd-0350-4aea-93c3-4615dcefd89b: shutdown 0da173cd-0350-4aea-93c3-4615dcefd89b@group-83D82521A412-FollowerState
2021-08-12 05:14:45,122 [0da173cd-0350-4aea-93c3-4615dcefd89b@group-83D82521A412-FollowerState] INFO  server.RaftServer$Division (RaftServerImpl.java:setRole(285)) - 0da173cd-0350-4aea-93c3-4615dcefd89b@group-83D82521A412: changes role from  FOLLOWER to CANDIDATE at term 0 for changeToCandidate
2021-08-12 05:14:45,128 [0da173cd-0350-4aea-93c3-4615dcefd89b@group-83D82521A412-FollowerState] INFO  server.RaftServerConfigKeys (ConfUtils.java:logGet(44)) - raft.server.leaderelection.pre-vote = false (custom)
2021-08-12 05:14:45,128 [0da173cd-0350-4aea-93c3-4615dcefd89b@group-83D82521A412-FollowerState] INFO  impl.RoleInfo (RoleInfo.java:updateAndGet(130)) - 0da173cd-0350-4aea-93c3-4615dcefd89b: start 0da173cd-0350-4aea-93c3-4615dcefd89b@group-83D82521A412-LeaderElection32
2021-08-12 05:14:45,140 [grpc-default-executor-0] INFO  server.RaftServer$Division (RaftServerImpl.java:requestVote(1043)) - 0da173cd-0350-4aea-93c3-4615dcefd89b@group-83D82521A412: receive requestVote(ELECTION, 76b05b81-480f-4451-a70f-13b24978b5c0, group-83D82521A412, 1, (t:0, i:0))
2021-08-12 05:14:45,140 [grpc-default-executor-0] INFO  impl.VoteContext (VoteContext.java:log(48)) - 0da173cd-0350-4aea-93c3-4615dcefd89b@group-83D82521A412-CANDIDATE: reject ELECTION from 76b05b81-480f-4451-a70f-13b24978b5c0: our priority 1 > candidate's priority 0
2021-08-12 05:14:45,140 [grpc-default-executor-0] INFO  server.RaftServer$Division (RaftServerImpl.java:setRole(285)) - 0da173cd-0350-4aea-93c3-4615dcefd89b@group-83D82521A412: changes role from CANDIDATE to FOLLOWER at term 1 for candidate:76b05b81-480f-4451-a70f-13b24978b5c0
2021-08-12 05:14:45,140 [grpc-default-executor-0] INFO  impl.RoleInfo (RoleInfo.java:shutdownLeaderElection(121)) - 0da173cd-0350-4aea-93c3-4615dcefd89b: shutdown 0da173cd-0350-4aea-93c3-4615dcefd89b@group-83D82521A412-LeaderElection32
2021-08-12 05:14:45,140 [grpc-default-executor-0] INFO  impl.RoleInfo (RoleInfo.java:updateAndGet(130)) - 0da173cd-0350-4aea-93c3-4615dcefd89b: start 0da173cd-0350-4aea-93c3-4615dcefd89b@group-83D82521A412-FollowerState
2021-08-12 05:14:45,142 [grpc-default-executor-0] INFO  server.RaftServer$Division (RaftServerImpl.java:requestVote(1075)) - 0da173cd-0350-4aea-93c3-4615dcefd89b@group-83D82521A412 replies to ELECTION vote request: 76b05b81-480f-4451-a70f-13b24978b5c0<-0da173cd-0350-4aea-93c3-4615dcefd89b#0:FAIL-t1. Peer's state: 0da173cd-0350-4aea-93c3-4615dcefd89b@group-83D82521A412:t1, leader=null, voted=null, raftlog=0da173cd-0350-4aea-93c3-4615dcefd89b@group-83D82521A412-SegmentedRaftLog:OPENED:c-1,f-1,i0, conf=-1: [0da173cd-0350-4aea-93c3-4615dcefd89b|rpc:10.1.0.46:38751|dataStream:|priority:1, 98d5f929-1501-4de8-86af-d5a6f354d1b1|rpc:10.1.0.46:42533|dataStream:|priority:0, 76b05b81-480f-4451-a70f-13b24978b5c0|rpc:10.1.0.46:38481|dataStream:|priority:0], old=null
2021-08-12 05:14:45,143 [76b05b81-480f-4451-a70f-13b24978b5c0@group-83D82521A412-LeaderElection31] INFO  impl.LeaderElection (LeaderElection.java:logAndReturn(89)) - 76b05b81-480f-4451-a70f-13b24978b5c0@group-83D82521A412-LeaderElection31: ELECTION REJECTED received 1 response(s) and 0 exception(s):
2021-08-12 05:14:45,143 [76b05b81-480f-4451-a70f-13b24978b5c0@group-83D82521A412-LeaderElection31] INFO  impl.LeaderElection (LeaderElection.java:logAndReturn(93)) -   Response 0: 76b05b81-480f-4451-a70f-13b24978b5c0<-0da173cd-0350-4aea-93c3-4615dcefd89b#0:FAIL-t1
2021-08-12 05:14:45,143 [76b05b81-480f-4451-a70f-13b24978b5c0@group-83D82521A412-LeaderElection31] INFO  impl.LeaderElection (LeaderElection.java:askForVotes(308)) - 76b05b81-480f-4451-a70f-13b24978b5c0@group-83D82521A412-LeaderElection31 ELECTION round 0: result REJECTED
2021-08-12 05:14:45,143 [76b05b81-480f-4451-a70f-13b24978b5c0@group-83D82521A412-LeaderElection31] INFO  server.RaftServer$Division (RaftServerImpl.java:setRole(285)) - 76b05b81-480f-4451-a70f-13b24978b5c0@group-83D82521A412: changes role from CANDIDATE to FOLLOWER at term 1 for REJECTED
2021-08-12 05:14:45,143 [76b05b81-480f-4451-a70f-13b24978b5c0@group-83D82521A412-LeaderElection31] INFO  impl.RoleInfo (RoleInfo.java:shutdownLeaderElection(121)) - 76b05b81-480f-4451-a70f-13b24978b5c0: shutdown 76b05b81-480f-4451-a70f-13b24978b5c0@group-83D82521A412-LeaderElection31
2021-08-12 05:14:45,144 [76b05b81-480f-4451-a70f-13b24978b5c0@group-83D82521A412-LeaderElection31] INFO  impl.RoleInfo (RoleInfo.java:updateAndGet(130)) - 76b05b81-480f-4451-a70f-13b24978b5c0: start 76b05b81-480f-4451-a70f-13b24978b5c0@group-83D82521A412-FollowerState
2021-08-12 05:14:45,179 [grpc-default-executor-0] INFO  server.RaftServer$Division (RaftServerImpl.java:requestVote(1043)) - 98d5f929-1501-4de8-86af-d5a6f354d1b1@group-83D82521A412: receive requestVote(ELECTION, 76b05b81-480f-4451-a70f-13b24978b5c0, group-83D82521A412, 1, (t:0, i:0))
2021-08-12 05:14:45,179 [grpc-default-executor-0] INFO  impl.VoteContext (VoteContext.java:log(48)) - 98d5f929-1501-4de8-86af-d5a6f354d1b1@group-83D82521A412-FOLLOWER: accept ELECTION from 76b05b81-480f-4451-a70f-13b24978b5c0: our priority 0 <= candidate's priority 0
2021-08-12 05:14:45,180 [grpc-default-executor-0] INFO  server.RaftServer$Division (RaftServerImpl.java:setRole(285)) - 98d5f929-1501-4de8-86af-d5a6f354d1b1@group-83D82521A412: changes role from  FOLLOWER to FOLLOWER at term 1 for candidate:76b05b81-480f-4451-a70f-13b24978b5c0
2021-08-12 05:14:45,180 [grpc-default-executor-0] INFO  impl.RoleInfo (RoleInfo.java:shutdownFollowerState(108)) - 98d5f929-1501-4de8-86af-d5a6f354d1b1: shutdown 98d5f929-1501-4de8-86af-d5a6f354d1b1@group-83D82521A412-FollowerState
2021-08-12 05:14:45,180 [grpc-default-executor-0] INFO  impl.RoleInfo (RoleInfo.java:updateAndGet(130)) - 98d5f929-1501-4de8-86af-d5a6f354d1b1: start 98d5f929-1501-4de8-86af-d5a6f354d1b1@group-83D82521A412-FollowerState
2021-08-12 05:14:45,180 [98d5f929-1501-4de8-86af-d5a6f354d1b1@group-83D82521A412-FollowerState] INFO  impl.FollowerState (FollowerState.java:run(143)) - 98d5f929-1501-4de8-86af-d5a6f354d1b1@group-83D82521A412-FollowerState was interrupted: {}
java.lang.InterruptedException: sleep interrupted
	at java.lang.Thread.sleep(Native Method)
	at java.lang.Thread.sleep(Thread.java:340)
	at java.util.concurrent.TimeUnit.sleep(TimeUnit.java:386)
	at org.apache.ratis.util.TimeDuration.sleep(TimeDuration.java:324)
	at org.apache.ratis.util.TimeDuration.sleep(TimeDuration.java:309)
	at org.apache.ratis.server.impl.FollowerState.run(FollowerState.java:118)
2021-08-12 05:14:45,194 [grpc-default-executor-0] INFO  server.RaftServer$Division (RaftServerImpl.java:requestVote(1075)) - 98d5f929-1501-4de8-86af-d5a6f354d1b1@group-83D82521A412 replies to ELECTION vote request: 76b05b81-480f-4451-a70f-13b24978b5c0<-98d5f929-1501-4de8-86af-d5a6f354d1b1#0:OK-t1. Peer's state: 98d5f929-1501-4de8-86af-d5a6f354d1b1@group-83D82521A412:t1, leader=null, voted=76b05b81-480f-4451-a70f-13b24978b5c0, raftlog=98d5f929-1501-4de8-86af-d5a6f354d1b1@group-83D82521A412-SegmentedRaftLog:OPENED:c-1,f-1,i0, conf=-1: [0da173cd-0350-4aea-93c3-4615dcefd89b|rpc:10.1.0.46:38751|dataStream:|priority:1, 98d5f929-1501-4de8-86af-d5a6f354d1b1|rpc:10.1.0.46:42533|dataStream:|priority:0, 76b05b81-480f-4451-a70f-13b24978b5c0|rpc:10.1.0.46:38481|dataStream:|priority:0], old=null
2021-08-12 05:14:45,300 [0da173cd-0350-4aea-93c3-4615dcefd89b@group-90315EA9EC45-FollowerState] INFO  impl.FollowerState (FollowerState.java:run(134)) - 0da173cd-0350-4aea-93c3-4615dcefd89b@group-90315EA9EC45-FollowerState: change to CANDIDATE, lastRpcElapsedTime:5014112337ns, electionTimeout:5010ms
2021-08-12 05:14:45,300 [0da173cd-0350-4aea-93c3-4615dcefd89b@group-90315EA9EC45-FollowerState] INFO  impl.RoleInfo (RoleInfo.java:shutdownFollowerState(108)) - 0da173cd-0350-4aea-93c3-4615dcefd89b: shutdown 0da173cd-0350-4aea-93c3-4615dcefd89b@group-90315EA9EC45-FollowerState
2021-08-12 05:14:45,300 [0da173cd-0350-4aea-93c3-4615dcefd89b@group-90315EA9EC45-FollowerState] INFO  server.RaftServer$Division (RaftServerImpl.java:setRole(285)) - 0da173cd-0350-4aea-93c3-4615dcefd89b@group-90315EA9EC45: changes role from  FOLLOWER to CANDIDATE at term 0 for changeToCandidate
2021-08-12 05:14:45,301 [0da173cd-0350-4aea-93c3-4615dcefd89b@group-90315EA9EC45-FollowerState] INFO  server.RaftServerConfigKeys (ConfUtils.java:logGet(44)) - raft.server.leaderelection.pre-vote = false (custom)
2021-08-12 05:14:45,301 [0da173cd-0350-4aea-93c3-4615dcefd89b@group-90315EA9EC45-FollowerState] INFO  impl.RoleInfo (RoleInfo.java:updateAndGet(130)) - 0da173cd-0350-4aea-93c3-4615dcefd89b: start 0da173cd-0350-4aea-93c3-4615dcefd89b@group-90315EA9EC45-LeaderElection33
2021-08-12 05:14:45,320 [0da173cd-0350-4aea-93c3-4615dcefd89b@group-90315EA9EC45-LeaderElection33] INFO  impl.LeaderElection (LeaderElection.java:askForVotes(306)) - 0da173cd-0350-4aea-93c3-4615dcefd89b@group-90315EA9EC45-LeaderElection33 ELECTION round 0: submit vote requests at term 1 for -1: [0da173cd-0350-4aea-93c3-4615dcefd89b|rpc:10.1.0.46:38751|priority:1], old=null
2021-08-12 05:14:45,321 [0da173cd-0350-4aea-93c3-4615dcefd89b@group-90315EA9EC45-LeaderElection33] INFO  impl.LeaderElection (LeaderElection.java:askForVotes(308)) - 0da173cd-0350-4aea-93c3-4615dcefd89b@group-90315EA9EC45-LeaderElection33 ELECTION round 0: result PASSED (term=1)
2021-08-12 05:14:45,321 [0da173cd-0350-4aea-93c3-4615dcefd89b@group-90315EA9EC45-LeaderElection33] INFO  impl.RoleInfo (RoleInfo.java:shutdownLeaderElection(121)) - 0da173cd-0350-4aea-93c3-4615dcefd89b: shutdown 0da173cd-0350-4aea-93c3-4615dcefd89b@group-90315EA9EC45-LeaderElection33
2021-08-12 05:14:45,321 [0da173cd-0350-4aea-93c3-4615dcefd89b@group-90315EA9EC45-LeaderElection33] INFO  server.RaftServer$Division (RaftServerImpl.java:setRole(285)) - 0da173cd-0350-4aea-93c3-4615dcefd89b@group-90315EA9EC45: changes role from CANDIDATE to LEADER at term 1 for changeToLeader
2021-08-12 05:14:45,321 [0da173cd-0350-4aea-93c3-4615dcefd89b@group-90315EA9EC45-LeaderElection33] INFO  ratis.XceiverServerRatis (XceiverServerRatis.java:handleLeaderChangedNotification(861)) - Leader change notification received for group: group-90315EA9EC45 with new leaderId: 0da173cd-0350-4aea-93c3-4615dcefd89b
2021-08-12 05:14:45,321 [0da173cd-0350-4aea-93c3-4615dcefd89b@group-90315EA9EC45-LeaderElection33] INFO  server.RaftServer$Division (ServerState.java:setLeader(285)) - 0da173cd-0350-4aea-93c3-4615dcefd89b@group-90315EA9EC45: change Leader from null to 0da173cd-0350-4aea-93c3-4615dcefd89b at term 1 for becomeLeader, leader elected after 5047ms
2021-08-12 05:14:45,321 [0da173cd-0350-4aea-93c3-4615dcefd89b@group-90315EA9EC45-LeaderElection33] INFO  server.RaftServerConfigKeys (ConfUtils.java:logGet(44)) - raft.server.staging.catchup.gap = 1000 (default)
2021-08-12 05:14:45,323 [EventQueue-OpenPipelineForHealthyPipelineSafeModeRule] INFO  safemode.SCMSafeModeManager (HealthyPipelineSafeModeRule.java:process(124)) - SCM in safe mode. Healthy pipelines reported count is 0, required healthy pipeline reported count is 1
2021-08-12 05:14:45,323 [0da173cd-0350-4aea-93c3-4615dcefd89b@group-90315EA9EC45-LeaderElection33] INFO  server.RaftServerConfigKeys (ConfUtils.java:logGet(44)) - raft.server.write.element-limit = 1024 (custom)
2021-08-12 05:14:45,323 [0da173cd-0350-4aea-93c3-4615dcefd89b@group-90315EA9EC45-LeaderElection33] INFO  server.RaftServerConfigKeys (ConfUtils.java:logGet(44)) - raft.server.write.byte-limit = 1024 M (=1073741824) (custom)
2021-08-12 05:14:45,323 [0da173cd-0350-4aea-93c3-4615dcefd89b@group-90315EA9EC45-LeaderElection33] INFO  server.RaftServerConfigKeys (ConfUtils.java:logGet(44)) - raft.server.watch.timeout = 180s (custom)
2021-08-12 05:14:45,328 [0da173cd-0350-4aea-93c3-4615dcefd89b@group-90315EA9EC45-LeaderElection33] INFO  server.RaftServerConfigKeys (ConfUtils.java:logGet(44)) - raft.server.watch.timeout.denomination = 1s (default)
2021-08-12 05:14:45,328 [0da173cd-0350-4aea-93c3-4615dcefd89b@group-90315EA9EC45-LeaderElection33] INFO  server.RaftServerConfigKeys (ConfUtils.java:logGet(44)) - raft.server.watch.element-limit = 65536 (default)
2021-08-12 05:14:45,328 [0da173cd-0350-4aea-93c3-4615dcefd89b@group-90315EA9EC45-LeaderElection33] INFO  impl.RoleInfo (RoleInfo.java:updateAndGet(130)) - 0da173cd-0350-4aea-93c3-4615dcefd89b: start 0da173cd-0350-4aea-93c3-4615dcefd89b@group-90315EA9EC45-LeaderStateImpl
2021-08-12 05:14:45,328 [0da173cd-0350-4aea-93c3-4615dcefd89b@group-90315EA9EC45-LeaderElection33] INFO  segmented.SegmentedRaftLogWorker (SegmentedRaftLogWorker.java:startLogSegment(394)) - 0da173cd-0350-4aea-93c3-4615dcefd89b@group-90315EA9EC45-SegmentedRaftLogWorker: Starting segment from index:0
2021-08-12 05:14:45,330 [0da173cd-0350-4aea-93c3-4615dcefd89b@group-90315EA9EC45-LeaderElection33] INFO  server.RaftServer$Division (ServerState.java:setRaftConf(387)) - 0da173cd-0350-4aea-93c3-4615dcefd89b@group-90315EA9EC45: set configuration 0: [0da173cd-0350-4aea-93c3-4615dcefd89b|rpc:10.1.0.46:38751|dataStream:|priority:1], old=null
2021-08-12 05:14:45,335 [0da173cd-0350-4aea-93c3-4615dcefd89b@group-90315EA9EC45-SegmentedRaftLogWorker] INFO  segmented.SegmentedRaftLogWorker (SegmentedRaftLogWorker.java:execute(601)) - 0da173cd-0350-4aea-93c3-4615dcefd89b@group-90315EA9EC45-SegmentedRaftLogWorker: created new log segment /home/runner/work/ozone/ozone/hadoop-ozone/integration-test/target/test-dir/MiniOzoneClusterImpl-77927036-b40e-4989-9ea2-4287dcbfe879/datanode-1/data/ratis/03aeb3ad-b2e8-4b99-9d0a-90315ea9ec45/current/log_inprogress_0
2021-08-12 05:14:45,404 [76b05b81-480f-4451-a70f-13b24978b5c0@group-7196D78A481D-FollowerState] INFO  impl.FollowerState (FollowerState.java:run(134)) - 76b05b81-480f-4451-a70f-13b24978b5c0@group-7196D78A481D-FollowerState: change to CANDIDATE, lastRpcElapsedTime:5214333338ns, electionTimeout:5197ms
2021-08-12 05:14:45,405 [76b05b81-480f-4451-a70f-13b24978b5c0@group-7196D78A481D-FollowerState] INFO  impl.RoleInfo (RoleInfo.java:shutdownFollowerState(108)) - 76b05b81-480f-4451-a70f-13b24978b5c0: shutdown 76b05b81-480f-4451-a70f-13b24978b5c0@group-7196D78A481D-FollowerState
2021-08-12 05:14:45,405 [76b05b81-480f-4451-a70f-13b24978b5c0@group-7196D78A481D-FollowerState] INFO  server.RaftServer$Division (RaftServerImpl.java:setRole(285)) - 76b05b81-480f-4451-a70f-13b24978b5c0@group-7196D78A481D: changes role from  FOLLOWER to CANDIDATE at term 0 for changeToCandidate
2021-08-12 05:14:45,405 [76b05b81-480f-4451-a70f-13b24978b5c0@group-7196D78A481D-FollowerState] INFO  server.RaftServerConfigKeys (ConfUtils.java:logGet(44)) - raft.server.leaderelection.pre-vote = false (custom)
2021-08-12 05:14:45,405 [76b05b81-480f-4451-a70f-13b24978b5c0@group-7196D78A481D-FollowerState] INFO  impl.RoleInfo (RoleInfo.java:updateAndGet(130)) - 76b05b81-480f-4451-a70f-13b24978b5c0: start 76b05b81-480f-4451-a70f-13b24978b5c0@group-7196D78A481D-LeaderElection34
2021-08-12 05:14:45,421 [76b05b81-480f-4451-a70f-13b24978b5c0@group-7196D78A481D-LeaderElection34] INFO  impl.LeaderElection (LeaderElection.java:askForVotes(306)) - 76b05b81-480f-4451-a70f-13b24978b5c0@group-7196D78A481D-LeaderElection34 ELECTION round 0: submit vote requests at term 1 for -1: [0da173cd-0350-4aea-93c3-4615dcefd89b|rpc:10.1.0.46:38751|priority:0, 98d5f929-1501-4de8-86af-d5a6f354d1b1|rpc:10.1.0.46:42533|priority:1, 76b05b81-480f-4451-a70f-13b24978b5c0|rpc:10.1.0.46:38481|priority:0], old=null
2021-08-12 05:14:45,440 [grpc-default-executor-0] INFO  server.RaftServer$Division (RaftServerImpl.java:requestVote(1043)) - 98d5f929-1501-4de8-86af-d5a6f354d1b1@group-7196D78A481D: receive requestVote(ELECTION, 76b05b81-480f-4451-a70f-13b24978b5c0, group-7196D78A481D, 1, (t:0, i:0))
2021-08-12 05:14:45,440 [grpc-default-executor-0] INFO  impl.VoteContext (VoteContext.java:log(48)) - 98d5f929-1501-4de8-86af-d5a6f354d1b1@group-7196D78A481D-FOLLOWER: reject ELECTION from 76b05b81-480f-4451-a70f-13b24978b5c0: our priority 1 > candidate's priority 0
2021-08-12 05:14:45,440 [grpc-default-executor-0] INFO  server.RaftServer$Division (RaftServerImpl.java:setRole(285)) - 98d5f929-1501-4de8-86af-d5a6f354d1b1@group-7196D78A481D: changes role from  FOLLOWER to FOLLOWER at term 1 for candidate:76b05b81-480f-4451-a70f-13b24978b5c0
2021-08-12 05:14:45,440 [grpc-default-executor-0] INFO  impl.RoleInfo (RoleInfo.java:shutdownFollowerState(108)) - 98d5f929-1501-4de8-86af-d5a6f354d1b1: shutdown 98d5f929-1501-4de8-86af-d5a6f354d1b1@group-7196D78A481D-FollowerState
2021-08-12 05:14:45,440 [grpc-default-executor-0] INFO  impl.RoleInfo (RoleInfo.java:updateAndGet(130)) - 98d5f929-1501-4de8-86af-d5a6f354d1b1: start 98d5f929-1501-4de8-86af-d5a6f354d1b1@group-7196D78A481D-FollowerState
2021-08-12 05:14:45,440 [98d5f929-1501-4de8-86af-d5a6f354d1b1@group-7196D78A481D-FollowerState] INFO  impl.FollowerState (FollowerState.java:run(143)) - 98d5f929-1501-4de8-86af-d5a6f354d1b1@group-7196D78A481D-FollowerState was interrupted: {}
java.lang.InterruptedException: sleep interrupted
	at java.lang.Thread.sleep(Native Method)
	at java.lang.Thread.sleep(Thread.java:340)
	at java.util.concurrent.TimeUnit.sleep(TimeUnit.java:386)
	at org.apache.ratis.util.TimeDuration.sleep(TimeDuration.java:324)
	at org.apache.ratis.util.TimeDuration.sleep(TimeDuration.java:309)
	at org.apache.ratis.server.impl.FollowerState.run(FollowerState.java:118)
2021-08-12 05:14:45,442 [0da173cd-0350-4aea-93c3-4615dcefd89b@group-7196D78A481D-FollowerState] INFO  impl.FollowerState (FollowerState.java:run(134)) - 0da173cd-0350-4aea-93c3-4615dcefd89b@group-7196D78A481D-FollowerState: change to CANDIDATE, lastRpcElapsedTime:5161522026ns, electionTimeout:5156ms
2021-08-12 05:14:45,442 [0da173cd-0350-4aea-93c3-4615dcefd89b@group-7196D78A481D-FollowerState] INFO  impl.RoleInfo (RoleInfo.java:shutdownFollowerState(108)) - 0da173cd-0350-4aea-93c3-4615dcefd89b: shutdown 0da173cd-0350-4aea-93c3-4615dcefd89b@group-7196D78A481D-FollowerState
2021-08-12 05:14:45,442 [0da173cd-0350-4aea-93c3-4615dcefd89b@group-7196D78A481D-FollowerState] INFO  server.RaftServer$Division (RaftServerImpl.java:setRole(285)) - 0da173cd-0350-4aea-93c3-4615dcefd89b@group-7196D78A481D: changes role from  FOLLOWER to CANDIDATE at term 0 for changeToCandidate
2021-08-12 05:14:45,442 [0da173cd-0350-4aea-93c3-4615dcefd89b@group-7196D78A481D-FollowerState] INFO  server.RaftServerConfigKeys (ConfUtils.java:logGet(44)) - raft.server.leaderelection.pre-vote = false (custom)
2021-08-12 05:14:45,442 [0da173cd-0350-4aea-93c3-4615dcefd89b@group-7196D78A481D-FollowerState] INFO  impl.RoleInfo (RoleInfo.java:updateAndGet(130)) - 0da173cd-0350-4aea-93c3-4615dcefd89b: start 0da173cd-0350-4aea-93c3-4615dcefd89b@group-7196D78A481D-LeaderElection35
2021-08-12 05:14:45,444 [grpc-default-executor-0] INFO  server.RaftServer$Division (RaftServerImpl.java:requestVote(1075)) - 98d5f929-1501-4de8-86af-d5a6f354d1b1@group-7196D78A481D replies to ELECTION vote request: 76b05b81-480f-4451-a70f-13b24978b5c0<-98d5f929-1501-4de8-86af-d5a6f354d1b1#0:FAIL-t1. Peer's state: 98d5f929-1501-4de8-86af-d5a6f354d1b1@group-7196D78A481D:t1, leader=null, voted=null, raftlog=98d5f929-1501-4de8-86af-d5a6f354d1b1@group-7196D78A481D-SegmentedRaftLog:OPENED:c-1,f-1,i0, conf=-1: [0da173cd-0350-4aea-93c3-4615dcefd89b|rpc:10.1.0.46:38751|dataStream:|priority:0, 98d5f929-1501-4de8-86af-d5a6f354d1b1|rpc:10.1.0.46:42533|dataStream:|priority:1, 76b05b81-480f-4451-a70f-13b24978b5c0|rpc:10.1.0.46:38481|dataStream:|priority:0], old=null
2021-08-12 05:14:45,448 [76b05b81-480f-4451-a70f-13b24978b5c0@group-7196D78A481D-LeaderElection34] INFO  impl.LeaderElection (LeaderElection.java:logAndReturn(89)) - 76b05b81-480f-4451-a70f-13b24978b5c0@group-7196D78A481D-LeaderElection34: ELECTION REJECTED received 1 response(s) and 0 exception(s):
2021-08-12 05:14:45,448 [76b05b81-480f-4451-a70f-13b24978b5c0@group-7196D78A481D-LeaderElection34] INFO  impl.LeaderElection (LeaderElection.java:logAndReturn(93)) -   Response 0: 76b05b81-480f-4451-a70f-13b24978b5c0<-98d5f929-1501-4de8-86af-d5a6f354d1b1#0:FAIL-t1
2021-08-12 05:14:45,448 [76b05b81-480f-4451-a70f-13b24978b5c0@group-7196D78A481D-LeaderElection34] INFO  impl.LeaderElection (LeaderElection.java:askForVotes(308)) - 76b05b81-480f-4451-a70f-13b24978b5c0@group-7196D78A481D-LeaderElection34 ELECTION round 0: result REJECTED
2021-08-12 05:14:45,448 [76b05b81-480f-4451-a70f-13b24978b5c0@group-7196D78A481D-LeaderElection34] INFO  server.RaftServer$Division (RaftServerImpl.java:setRole(285)) - 76b05b81-480f-4451-a70f-13b24978b5c0@group-7196D78A481D: changes role from CANDIDATE to FOLLOWER at term 1 for REJECTED
2021-08-12 05:14:45,448 [76b05b81-480f-4451-a70f-13b24978b5c0@group-7196D78A481D-LeaderElection34] INFO  impl.RoleInfo (RoleInfo.java:shutdownLeaderElection(121)) - 76b05b81-480f-4451-a70f-13b24978b5c0: shutdown 76b05b81-480f-4451-a70f-13b24978b5c0@group-7196D78A481D-LeaderElection34
2021-08-12 05:14:45,448 [76b05b81-480f-4451-a70f-13b24978b5c0@group-7196D78A481D-LeaderElection34] INFO  impl.RoleInfo (RoleInfo.java:updateAndGet(130)) - 76b05b81-480f-4451-a70f-13b24978b5c0: start 76b05b81-480f-4451-a70f-13b24978b5c0@group-7196D78A481D-FollowerState
2021-08-12 05:14:45,473 [grpc-default-executor-0] INFO  server.RaftServer$Division (RaftServerImpl.java:requestVote(1043)) - 0da173cd-0350-4aea-93c3-4615dcefd89b@group-7196D78A481D: receive requestVote(ELECTION, 76b05b81-480f-4451-a70f-13b24978b5c0, group-7196D78A481D, 1, (t:0, i:0))
2021-08-12 05:14:45,481 [grpc-default-executor-0] INFO  impl.VoteContext (VoteContext.java:log(48)) - 0da173cd-0350-4aea-93c3-4615dcefd89b@group-7196D78A481D-CANDIDATE: reject ELECTION from 76b05b81-480f-4451-a70f-13b24978b5c0: already has voted for 0da173cd-0350-4aea-93c3-4615dcefd89b at current term 1
2021-08-12 05:14:45,481 [grpc-default-executor-0] INFO  server.RaftServer$Division (RaftServerImpl.java:requestVote(1075)) - 0da173cd-0350-4aea-93c3-4615dcefd89b@group-7196D78A481D replies to ELECTION vote request: 76b05b81-480f-4451-a70f-13b24978b5c0<-0da173cd-0350-4aea-93c3-4615dcefd89b#0:FAIL-t1. Peer's state: 0da173cd-0350-4aea-93c3-4615dcefd89b@group-7196D78A481D:t1, leader=null, voted=0da173cd-0350-4aea-93c3-4615dcefd89b, raftlog=0da173cd-0350-4aea-93c3-4615dcefd89b@group-7196D78A481D-SegmentedRaftLog:OPENED:c-1,f-1,i0, conf=-1: [0da173cd-0350-4aea-93c3-4615dcefd89b|rpc:10.1.0.46:38751|dataStream:|priority:0, 98d5f929-1501-4de8-86af-d5a6f354d1b1|rpc:10.1.0.46:42533|dataStream:|priority:1, 76b05b81-480f-4451-a70f-13b24978b5c0|rpc:10.1.0.46:38481|dataStream:|priority:0], old=null
2021-08-12 05:14:45,483 [0da173cd-0350-4aea-93c3-4615dcefd89b@group-7196D78A481D-LeaderElection35] INFO  impl.LeaderElection (LeaderElection.java:askForVotes(306)) - 0da173cd-0350-4aea-93c3-4615dcefd89b@group-7196D78A481D-LeaderElection35 ELECTION round 0: submit vote requests at term 1 for -1: [0da173cd-0350-4aea-93c3-4615dcefd89b|rpc:10.1.0.46:38751|dataStream:|priority:0, 98d5f929-1501-4de8-86af-d5a6f354d1b1|rpc:10.1.0.46:42533|dataStream:|priority:1, 76b05b81-480f-4451-a70f-13b24978b5c0|rpc:10.1.0.46:38481|dataStream:|priority:0], old=null
2021-08-12 05:14:45,498 [Listener at 127.0.0.1/38087] INFO  ozone.MiniOzoneClusterImpl (MiniOzoneClusterImpl.java:lambda$waitForClusterToBeReady$0(235)) - Nodes are ready. Got 3 of 3 DN Heartbeats.
2021-08-12 05:14:45,527 [Listener at 127.0.0.1/38087] INFO  ozone.MiniOzoneClusterImpl (MiniOzoneClusterImpl.java:lambda$waitForClusterToBeReady$0(238)) - Waiting for cluster to exit safe mode
2021-08-12 05:14:45,527 [Listener at 127.0.0.1/38087] INFO  ozone.MiniOzoneClusterImpl (MiniOzoneClusterImpl.java:lambda$waitForClusterToBeReady$0(240)) - SCM became leader
2021-08-12 05:14:45,516 [grpc-default-executor-0] INFO  server.RaftServer$Division (RaftServerImpl.java:requestVote(1043)) - 98d5f929-1501-4de8-86af-d5a6f354d1b1@group-7196D78A481D: receive requestVote(ELECTION, 0da173cd-0350-4aea-93c3-4615dcefd89b, group-7196D78A481D, 1, (t:0, i:0))
2021-08-12 05:14:45,532 [grpc-default-executor-0] INFO  impl.VoteContext (VoteContext.java:log(48)) - 98d5f929-1501-4de8-86af-d5a6f354d1b1@group-7196D78A481D-FOLLOWER: reject ELECTION from 0da173cd-0350-4aea-93c3-4615dcefd89b: our priority 1 > candidate's priority 0
2021-08-12 05:14:45,532 [grpc-default-executor-0] INFO  server.RaftServer$Division (RaftServerImpl.java:setRole(285)) - 98d5f929-1501-4de8-86af-d5a6f354d1b1@group-7196D78A481D: changes role from  FOLLOWER to FOLLOWER at term 1 for candidate:0da173cd-0350-4aea-93c3-4615dcefd89b
2021-08-12 05:14:45,532 [grpc-default-executor-0] INFO  impl.RoleInfo (RoleInfo.java:shutdownFollowerState(108)) - 98d5f929-1501-4de8-86af-d5a6f354d1b1: shutdown 98d5f929-1501-4de8-86af-d5a6f354d1b1@group-7196D78A481D-FollowerState
2021-08-12 05:14:45,532 [grpc-default-executor-0] INFO  impl.RoleInfo (RoleInfo.java:updateAndGet(130)) - 98d5f929-1501-4de8-86af-d5a6f354d1b1: start 98d5f929-1501-4de8-86af-d5a6f354d1b1@group-7196D78A481D-FollowerState
2021-08-12 05:14:45,532 [98d5f929-1501-4de8-86af-d5a6f354d1b1@group-7196D78A481D-FollowerState] INFO  impl.FollowerState (FollowerState.java:run(143)) - 98d5f929-1501-4de8-86af-d5a6f354d1b1@group-7196D78A481D-FollowerState was interrupted: {}
java.lang.InterruptedException: sleep interrupted
	at java.lang.Thread.sleep(Native Method)
	at java.lang.Thread.sleep(Thread.java:340)
	at java.util.concurrent.TimeUnit.sleep(TimeUnit.java:386)
	at org.apache.ratis.util.TimeDuration.sleep(TimeDuration.java:324)
	at org.apache.ratis.util.TimeDuration.sleep(TimeDuration.java:309)
	at org.apache.ratis.server.impl.FollowerState.run(FollowerState.java:118)
2021-08-12 05:14:45,532 [grpc-default-executor-0] INFO  server.RaftServer$Division (RaftServerImpl.java:requestVote(1075)) - 98d5f929-1501-4de8-86af-d5a6f354d1b1@group-7196D78A481D replies to ELECTION vote request: 0da173cd-0350-4aea-93c3-4615dcefd89b<-98d5f929-1501-4de8-86af-d5a6f354d1b1#0:FAIL-t1. Peer's state: 98d5f929-1501-4de8-86af-d5a6f354d1b1@group-7196D78A481D:t1, leader=null, voted=null, raftlog=98d5f929-1501-4de8-86af-d5a6f354d1b1@group-7196D78A481D-SegmentedRaftLog:OPENED:c-1,f-1,i0, conf=-1: [0da173cd-0350-4aea-93c3-4615dcefd89b|rpc:10.1.0.46:38751|dataStream:|priority:0, 98d5f929-1501-4de8-86af-d5a6f354d1b1|rpc:10.1.0.46:42533|dataStream:|priority:1, 76b05b81-480f-4451-a70f-13b24978b5c0|rpc:10.1.0.46:38481|dataStream:|priority:0], old=null
2021-08-12 05:14:45,558 [0da173cd-0350-4aea-93c3-4615dcefd89b@group-7196D78A481D-LeaderElection35] INFO  impl.LeaderElection (LeaderElection.java:logAndReturn(89)) - 0da173cd-0350-4aea-93c3-4615dcefd89b@group-7196D78A481D-LeaderElection35: ELECTION REJECTED received 1 response(s) and 0 exception(s):
2021-08-12 05:14:45,558 [0da173cd-0350-4aea-93c3-4615dcefd89b@group-7196D78A481D-LeaderElection35] INFO  impl.LeaderElection (LeaderElection.java:logAndReturn(93)) -   Response 0: 0da173cd-0350-4aea-93c3-4615dcefd89b<-98d5f929-1501-4de8-86af-d5a6f354d1b1#0:FAIL-t1
2021-08-12 05:14:45,558 [0da173cd-0350-4aea-93c3-4615dcefd89b@group-7196D78A481D-LeaderElection35] INFO  impl.LeaderElection (LeaderElection.java:askForVotes(308)) - 0da173cd-0350-4aea-93c3-4615dcefd89b@group-7196D78A481D-LeaderElection35 ELECTION round 0: result REJECTED
2021-08-12 05:14:45,559 [0da173cd-0350-4aea-93c3-4615dcefd89b@group-7196D78A481D-LeaderElection35] INFO  server.RaftServer$Division (RaftServerImpl.java:setRole(285)) - 0da173cd-0350-4aea-93c3-4615dcefd89b@group-7196D78A481D: changes role from CANDIDATE to FOLLOWER at term 1 for REJECTED
2021-08-12 05:14:45,559 [0da173cd-0350-4aea-93c3-4615dcefd89b@group-7196D78A481D-LeaderElection35] INFO  impl.RoleInfo (RoleInfo.java:shutdownLeaderElection(121)) - 0da173cd-0350-4aea-93c3-4615dcefd89b: shutdown 0da173cd-0350-4aea-93c3-4615dcefd89b@group-7196D78A481D-LeaderElection35
2021-08-12 05:14:45,559 [0da173cd-0350-4aea-93c3-4615dcefd89b@group-7196D78A481D-LeaderElection35] INFO  impl.RoleInfo (RoleInfo.java:updateAndGet(130)) - 0da173cd-0350-4aea-93c3-4615dcefd89b: start 0da173cd-0350-4aea-93c3-4615dcefd89b@group-7196D78A481D-FollowerState
2021-08-12 05:14:45,559 [grpc-default-executor-0] INFO  server.RaftServer$Division (RaftServerImpl.java:requestVote(1043)) - 76b05b81-480f-4451-a70f-13b24978b5c0@group-7196D78A481D: receive requestVote(ELECTION, 0da173cd-0350-4aea-93c3-4615dcefd89b, group-7196D78A481D, 1, (t:0, i:0))
2021-08-12 05:14:45,563 [grpc-default-executor-0] INFO  impl.VoteContext (VoteContext.java:log(48)) - 76b05b81-480f-4451-a70f-13b24978b5c0@group-7196D78A481D-FOLLOWER: reject ELECTION from 0da173cd-0350-4aea-93c3-4615dcefd89b: already has voted for 76b05b81-480f-4451-a70f-13b24978b5c0 at current term 1
2021-08-12 05:14:45,564 [grpc-default-executor-0] INFO  server.RaftServer$Division (RaftServerImpl.java:requestVote(1075)) - 76b05b81-480f-4451-a70f-13b24978b5c0@group-7196D78A481D replies to ELECTION vote request: 0da173cd-0350-4aea-93c3-4615dcefd89b<-76b05b81-480f-4451-a70f-13b24978b5c0#0:FAIL-t1. Peer's state: 76b05b81-480f-4451-a70f-13b24978b5c0@group-7196D78A481D:t1, leader=null, voted=76b05b81-480f-4451-a70f-13b24978b5c0, raftlog=76b05b81-480f-4451-a70f-13b24978b5c0@group-7196D78A481D-SegmentedRaftLog:OPENED:c-1,f-1,i0, conf=-1: [0da173cd-0350-4aea-93c3-4615dcefd89b|rpc:10.1.0.46:38751|priority:0, 98d5f929-1501-4de8-86af-d5a6f354d1b1|rpc:10.1.0.46:42533|priority:1, 76b05b81-480f-4451-a70f-13b24978b5c0|rpc:10.1.0.46:38481|priority:0], old=null
2021-08-12 05:14:45,678 [98d5f929-1501-4de8-86af-d5a6f354d1b1@group-9DE226A54FCC-FollowerState] INFO  impl.FollowerState (FollowerState.java:run(134)) - 98d5f929-1501-4de8-86af-d5a6f354d1b1@group-9DE226A54FCC-FollowerState: change to CANDIDATE, lastRpcElapsedTime:5124737079ns, electionTimeout:5124ms
2021-08-12 05:14:45,678 [98d5f929-1501-4de8-86af-d5a6f354d1b1@group-9DE226A54FCC-FollowerState] INFO  impl.RoleInfo (RoleInfo.java:shutdownFollowerState(108)) - 98d5f929-1501-4de8-86af-d5a6f354d1b1: shutdown 98d5f929-1501-4de8-86af-d5a6f354d1b1@group-9DE226A54FCC-FollowerState
2021-08-12 05:14:45,678 [98d5f929-1501-4de8-86af-d5a6f354d1b1@group-9DE226A54FCC-FollowerState] INFO  server.RaftServer$Division (RaftServerImpl.java:setRole(285)) - 98d5f929-1501-4de8-86af-d5a6f354d1b1@group-9DE226A54FCC: changes role from  FOLLOWER to CANDIDATE at term 0 for changeToCandidate
2021-08-12 05:14:45,678 [98d5f929-1501-4de8-86af-d5a6f354d1b1@group-9DE226A54FCC-FollowerState] INFO  server.RaftServerConfigKeys (ConfUtils.java:logGet(44)) - raft.server.leaderelection.pre-vote = false (custom)
2021-08-12 05:14:45,678 [98d5f929-1501-4de8-86af-d5a6f354d1b1@group-9DE226A54FCC-FollowerState] INFO  impl.RoleInfo (RoleInfo.java:updateAndGet(130)) - 98d5f929-1501-4de8-86af-d5a6f354d1b1: start 98d5f929-1501-4de8-86af-d5a6f354d1b1@group-9DE226A54FCC-LeaderElection36
2021-08-12 05:14:45,712 [98d5f929-1501-4de8-86af-d5a6f354d1b1@group-9DE226A54FCC-LeaderElection36] INFO  impl.LeaderElection (LeaderElection.java:askForVotes(306)) - 98d5f929-1501-4de8-86af-d5a6f354d1b1@group-9DE226A54FCC-LeaderElection36 ELECTION round 0: submit vote requests at term 1 for -1: [98d5f929-1501-4de8-86af-d5a6f354d1b1|rpc:10.1.0.46:42533|priority:1], old=null
2021-08-12 05:14:45,716 [98d5f929-1501-4de8-86af-d5a6f354d1b1@group-9DE226A54FCC-LeaderElection36] INFO  impl.LeaderElection (LeaderElection.java:askForVotes(308)) - 98d5f929-1501-4de8-86af-d5a6f354d1b1@group-9DE226A54FCC-LeaderElection36 ELECTION round 0: result PASSED (term=1)
2021-08-12 05:14:45,716 [98d5f929-1501-4de8-86af-d5a6f354d1b1@group-9DE226A54FCC-LeaderElection36] INFO  impl.RoleInfo (RoleInfo.java:shutdownLeaderElection(121)) - 98d5f929-1501-4de8-86af-d5a6f354d1b1: shutdown 98d5f929-1501-4de8-86af-d5a6f354d1b1@group-9DE226A54FCC-LeaderElection36
2021-08-12 05:14:45,716 [98d5f929-1501-4de8-86af-d5a6f354d1b1@group-9DE226A54FCC-LeaderElection36] INFO  server.RaftServer$Division (RaftServerImpl.java:setRole(285)) - 98d5f929-1501-4de8-86af-d5a6f354d1b1@group-9DE226A54FCC: changes role from CANDIDATE to LEADER at term 1 for changeToLeader
2021-08-12 05:14:45,716 [98d5f929-1501-4de8-86af-d5a6f354d1b1@group-9DE226A54FCC-LeaderElection36] INFO  ratis.XceiverServerRatis (XceiverServerRatis.java:handleLeaderChangedNotification(861)) - Leader change notification received for group: group-9DE226A54FCC with new leaderId: 98d5f929-1501-4de8-86af-d5a6f354d1b1
2021-08-12 05:14:45,716 [98d5f929-1501-4de8-86af-d5a6f354d1b1@group-9DE226A54FCC-LeaderElection36] INFO  server.RaftServer$Division (ServerState.java:setLeader(285)) - 98d5f929-1501-4de8-86af-d5a6f354d1b1@group-9DE226A54FCC: change Leader from null to 98d5f929-1501-4de8-86af-d5a6f354d1b1 at term 1 for becomeLeader, leader elected after 5177ms
2021-08-12 05:14:45,716 [98d5f929-1501-4de8-86af-d5a6f354d1b1@group-9DE226A54FCC-LeaderElection36] INFO  server.RaftServerConfigKeys (ConfUtils.java:logGet(44)) - raft.server.staging.catchup.gap = 1000 (default)
2021-08-12 05:14:45,716 [98d5f929-1501-4de8-86af-d5a6f354d1b1@group-9DE226A54FCC-LeaderElection36] INFO  server.RaftServerConfigKeys (ConfUtils.java:logGet(44)) - raft.server.write.element-limit = 1024 (custom)
2021-08-12 05:14:45,716 [98d5f929-1501-4de8-86af-d5a6f354d1b1@group-9DE226A54FCC-LeaderElection36] INFO  server.RaftServerConfigKeys (ConfUtils.java:logGet(44)) - raft.server.write.byte-limit = 1024 M (=1073741824) (custom)
2021-08-12 05:14:45,717 [98d5f929-1501-4de8-86af-d5a6f354d1b1@group-9DE226A54FCC-LeaderElection36] INFO  server.RaftServerConfigKeys (ConfUtils.java:logGet(44)) - raft.server.watch.timeout = 180s (custom)
2021-08-12 05:14:45,717 [98d5f929-1501-4de8-86af-d5a6f354d1b1@group-9DE226A54FCC-LeaderElection36] INFO  server.RaftServerConfigKeys (ConfUtils.java:logGet(44)) - raft.server.watch.timeout.denomination = 1s (default)
2021-08-12 05:14:45,717 [98d5f929-1501-4de8-86af-d5a6f354d1b1@group-9DE226A54FCC-LeaderElection36] INFO  server.RaftServerConfigKeys (ConfUtils.java:logGet(44)) - raft.server.watch.element-limit = 65536 (default)
2021-08-12 05:14:45,717 [98d5f929-1501-4de8-86af-d5a6f354d1b1@group-9DE226A54FCC-LeaderElection36] INFO  impl.RoleInfo (RoleInfo.java:updateAndGet(130)) - 98d5f929-1501-4de8-86af-d5a6f354d1b1: start 98d5f929-1501-4de8-86af-d5a6f354d1b1@group-9DE226A54FCC-LeaderStateImpl
2021-08-12 05:14:45,717 [98d5f929-1501-4de8-86af-d5a6f354d1b1@group-9DE226A54FCC-LeaderElection36] INFO  segmented.SegmentedRaftLogWorker (SegmentedRaftLogWorker.java:startLogSegment(394)) - 98d5f929-1501-4de8-86af-d5a6f354d1b1@group-9DE226A54FCC-SegmentedRaftLogWorker: Starting segment from index:0
2021-08-12 05:14:45,717 [Datanode State Machine Thread - 0] WARN  statemachine.StateContext (StateContext.java:execute(621)) - No available thread in pool for past 1 seconds.
2021-08-12 05:14:45,721 [EventQueue-OpenPipelineForHealthyPipelineSafeModeRule] INFO  safemode.SCMSafeModeManager (HealthyPipelineSafeModeRule.java:process(124)) - SCM in safe mode. Healthy pipelines reported count is 0, required healthy pipeline reported count is 1
2021-08-12 05:14:45,721 [98d5f929-1501-4de8-86af-d5a6f354d1b1@group-9DE226A54FCC-SegmentedRaftLogWorker] INFO  segmented.SegmentedRaftLogWorker (SegmentedRaftLogWorker.java:execute(601)) - 98d5f929-1501-4de8-86af-d5a6f354d1b1@group-9DE226A54FCC-SegmentedRaftLogWorker: created new log segment /home/runner/work/ozone/ozone/hadoop-ozone/integration-test/target/test-dir/MiniOzoneClusterImpl-77927036-b40e-4989-9ea2-4287dcbfe879/datanode-2/data/ratis/8ee4772c-364d-497f-8e4f-9de226a54fcc/current/log_inprogress_0
2021-08-12 05:14:45,737 [98d5f929-1501-4de8-86af-d5a6f354d1b1@group-9DE226A54FCC-LeaderElection36] INFO  server.RaftServer$Division (ServerState.java:setRaftConf(387)) - 98d5f929-1501-4de8-86af-d5a6f354d1b1@group-9DE226A54FCC: set configuration 0: [98d5f929-1501-4de8-86af-d5a6f354d1b1|rpc:10.1.0.46:42533|dataStream:|priority:1], old=null
2021-08-12 05:14:46,528 [Listener at 127.0.0.1/38087] INFO  ozone.MiniOzoneClusterImpl (MiniOzoneClusterImpl.java:lambda$waitForClusterToBeReady$0(235)) - Nodes are ready. Got 3 of 3 DN Heartbeats.
2021-08-12 05:14:46,528 [Listener at 127.0.0.1/38087] INFO  ozone.MiniOzoneClusterImpl (MiniOzoneClusterImpl.java:lambda$waitForClusterToBeReady$0(238)) - Waiting for cluster to exit safe mode
2021-08-12 05:14:46,528 [Listener at 127.0.0.1/38087] INFO  ozone.MiniOzoneClusterImpl (MiniOzoneClusterImpl.java:lambda$waitForClusterToBeReady$0(240)) - SCM became leader
2021-08-12 05:14:47,528 [Listener at 127.0.0.1/38087] INFO  ozone.MiniOzoneClusterImpl (MiniOzoneClusterImpl.java:lambda$waitForClusterToBeReady$0(235)) - Nodes are ready. Got 3 of 3 DN Heartbeats.
2021-08-12 05:14:47,528 [Listener at 127.0.0.1/38087] INFO  ozone.MiniOzoneClusterImpl (MiniOzoneClusterImpl.java:lambda$waitForClusterToBeReady$0(238)) - Waiting for cluster to exit safe mode
2021-08-12 05:14:47,528 [Listener at 127.0.0.1/38087] INFO  ozone.MiniOzoneClusterImpl (MiniOzoneClusterImpl.java:lambda$waitForClusterToBeReady$0(240)) - SCM became leader
2021-08-12 05:14:48,529 [Listener at 127.0.0.1/38087] INFO  ozone.MiniOzoneClusterImpl (MiniOzoneClusterImpl.java:lambda$waitForClusterToBeReady$0(235)) - Nodes are ready. Got 3 of 3 DN Heartbeats.
2021-08-12 05:14:48,529 [Listener at 127.0.0.1/38087] INFO  ozone.MiniOzoneClusterImpl (MiniOzoneClusterImpl.java:lambda$waitForClusterToBeReady$0(238)) - Waiting for cluster to exit safe mode
2021-08-12 05:14:48,529 [Listener at 127.0.0.1/38087] INFO  ozone.MiniOzoneClusterImpl (MiniOzoneClusterImpl.java:lambda$waitForClusterToBeReady$0(240)) - SCM became leader
2021-08-12 05:14:49,529 [Listener at 127.0.0.1/38087] INFO  ozone.MiniOzoneClusterImpl (MiniOzoneClusterImpl.java:lambda$waitForClusterToBeReady$0(235)) - Nodes are ready. Got 3 of 3 DN Heartbeats.
2021-08-12 05:14:49,529 [Listener at 127.0.0.1/38087] INFO  ozone.MiniOzoneClusterImpl (MiniOzoneClusterImpl.java:lambda$waitForClusterToBeReady$0(238)) - Waiting for cluster to exit safe mode
2021-08-12 05:14:49,529 [Listener at 127.0.0.1/38087] INFO  ozone.MiniOzoneClusterImpl (MiniOzoneClusterImpl.java:lambda$waitForClusterToBeReady$0(240)) - SCM became leader
2021-08-12 05:14:50,258 [0da173cd-0350-4aea-93c3-4615dcefd89b@group-83D82521A412-FollowerState] INFO  impl.FollowerState (FollowerState.java:run(134)) - 0da173cd-0350-4aea-93c3-4615dcefd89b@group-83D82521A412-FollowerState: change to CANDIDATE, lastRpcElapsedTime:5117424437ns, electionTimeout:5116ms
2021-08-12 05:14:50,258 [0da173cd-0350-4aea-93c3-4615dcefd89b@group-83D82521A412-FollowerState] INFO  impl.RoleInfo (RoleInfo.java:shutdownFollowerState(108)) - 0da173cd-0350-4aea-93c3-4615dcefd89b: shutdown 0da173cd-0350-4aea-93c3-4615dcefd89b@group-83D82521A412-FollowerState
2021-08-12 05:14:50,258 [0da173cd-0350-4aea-93c3-4615dcefd89b@group-83D82521A412-FollowerState] INFO  server.RaftServer$Division (RaftServerImpl.java:setRole(285)) - 0da173cd-0350-4aea-93c3-4615dcefd89b@group-83D82521A412: changes role from  FOLLOWER to CANDIDATE at term 1 for changeToCandidate
2021-08-12 05:14:50,258 [0da173cd-0350-4aea-93c3-4615dcefd89b@group-83D82521A412-FollowerState] INFO  server.RaftServerConfigKeys (ConfUtils.java:logGet(44)) - raft.server.leaderelection.pre-vote = false (custom)
2021-08-12 05:14:50,258 [0da173cd-0350-4aea-93c3-4615dcefd89b@group-83D82521A412-FollowerState] INFO  impl.RoleInfo (RoleInfo.java:updateAndGet(130)) - 0da173cd-0350-4aea-93c3-4615dcefd89b: start 0da173cd-0350-4aea-93c3-4615dcefd89b@group-83D82521A412-LeaderElection37
2021-08-12 05:14:50,274 [0da173cd-0350-4aea-93c3-4615dcefd89b@group-83D82521A412-LeaderElection37] INFO  impl.LeaderElection (LeaderElection.java:askForVotes(306)) - 0da173cd-0350-4aea-93c3-4615dcefd89b@group-83D82521A412-LeaderElection37 ELECTION round 0: submit vote requests at term 2 for -1: [0da173cd-0350-4aea-93c3-4615dcefd89b|rpc:10.1.0.46:38751|dataStream:|priority:1, 98d5f929-1501-4de8-86af-d5a6f354d1b1|rpc:10.1.0.46:42533|dataStream:|priority:0, 76b05b81-480f-4451-a70f-13b24978b5c0|rpc:10.1.0.46:38481|dataStream:|priority:0], old=null
2021-08-12 05:14:50,295 [98d5f929-1501-4de8-86af-d5a6f354d1b1@group-83D82521A412-FollowerState] INFO  impl.FollowerState (FollowerState.java:run(134)) - 98d5f929-1501-4de8-86af-d5a6f354d1b1@group-83D82521A412-FollowerState: change to CANDIDATE, lastRpcElapsedTime:5101324572ns, electionTimeout:5081ms
2021-08-12 05:14:50,296 [98d5f929-1501-4de8-86af-d5a6f354d1b1@group-83D82521A412-FollowerState] INFO  impl.RoleInfo (RoleInfo.java:shutdownFollowerState(108)) - 98d5f929-1501-4de8-86af-d5a6f354d1b1: shutdown 98d5f929-1501-4de8-86af-d5a6f354d1b1@group-83D82521A412-FollowerState
2021-08-12 05:14:50,296 [98d5f929-1501-4de8-86af-d5a6f354d1b1@group-83D82521A412-FollowerState] INFO  server.RaftServer$Division (RaftServerImpl.java:setRole(285)) - 98d5f929-1501-4de8-86af-d5a6f354d1b1@group-83D82521A412: changes role from  FOLLOWER to CANDIDATE at term 1 for changeToCandidate
2021-08-12 05:14:50,296 [98d5f929-1501-4de8-86af-d5a6f354d1b1@group-83D82521A412-FollowerState] INFO  server.RaftServerConfigKeys (ConfUtils.java:logGet(44)) - raft.server.leaderelection.pre-vote = false (custom)
2021-08-12 05:14:50,296 [98d5f929-1501-4de8-86af-d5a6f354d1b1@group-83D82521A412-FollowerState] INFO  impl.RoleInfo (RoleInfo.java:updateAndGet(130)) - 98d5f929-1501-4de8-86af-d5a6f354d1b1: start 98d5f929-1501-4de8-86af-d5a6f354d1b1@group-83D82521A412-LeaderElection38
2021-08-12 05:14:50,307 [grpc-default-executor-0] INFO  server.RaftServer$Division (RaftServerImpl.java:requestVote(1043)) - 98d5f929-1501-4de8-86af-d5a6f354d1b1@group-83D82521A412: receive requestVote(ELECTION, 0da173cd-0350-4aea-93c3-4615dcefd89b, group-83D82521A412, 2, (t:0, i:0))
2021-08-12 05:14:50,316 [grpc-default-executor-0] INFO  impl.VoteContext (VoteContext.java:log(48)) - 98d5f929-1501-4de8-86af-d5a6f354d1b1@group-83D82521A412-CANDIDATE: accept ELECTION from 0da173cd-0350-4aea-93c3-4615dcefd89b: our priority 0 <= candidate's priority 1
2021-08-12 05:14:50,316 [grpc-default-executor-0] INFO  server.RaftServer$Division (RaftServerImpl.java:setRole(285)) - 98d5f929-1501-4de8-86af-d5a6f354d1b1@group-83D82521A412: changes role from CANDIDATE to FOLLOWER at term 2 for candidate:0da173cd-0350-4aea-93c3-4615dcefd89b
2021-08-12 05:14:50,316 [grpc-default-executor-0] INFO  impl.RoleInfo (RoleInfo.java:shutdownLeaderElection(121)) - 98d5f929-1501-4de8-86af-d5a6f354d1b1: shutdown 98d5f929-1501-4de8-86af-d5a6f354d1b1@group-83D82521A412-LeaderElection38
2021-08-12 05:14:50,316 [grpc-default-executor-0] INFO  impl.RoleInfo (RoleInfo.java:updateAndGet(130)) - 98d5f929-1501-4de8-86af-d5a6f354d1b1: start 98d5f929-1501-4de8-86af-d5a6f354d1b1@group-83D82521A412-FollowerState
2021-08-12 05:14:50,318 [grpc-default-executor-0] INFO  server.RaftServer$Division (RaftServerImpl.java:requestVote(1075)) - 98d5f929-1501-4de8-86af-d5a6f354d1b1@group-83D82521A412 replies to ELECTION vote request: 0da173cd-0350-4aea-93c3-4615dcefd89b<-98d5f929-1501-4de8-86af-d5a6f354d1b1#0:OK-t2. Peer's state: 98d5f929-1501-4de8-86af-d5a6f354d1b1@group-83D82521A412:t2, leader=null, voted=0da173cd-0350-4aea-93c3-4615dcefd89b, raftlog=98d5f929-1501-4de8-86af-d5a6f354d1b1@group-83D82521A412-SegmentedRaftLog:OPENED:c-1,f-1,i0, conf=-1: [0da173cd-0350-4aea-93c3-4615dcefd89b|rpc:10.1.0.46:38751|dataStream:|priority:1, 98d5f929-1501-4de8-86af-d5a6f354d1b1|rpc:10.1.0.46:42533|dataStream:|priority:0, 76b05b81-480f-4451-a70f-13b24978b5c0|rpc:10.1.0.46:38481|dataStream:|priority:0], old=null
2021-08-12 05:14:50,319 [0da173cd-0350-4aea-93c3-4615dcefd89b@group-83D82521A412-LeaderElection37] INFO  impl.LeaderElection (LeaderElection.java:logAndReturn(89)) - 0da173cd-0350-4aea-93c3-4615dcefd89b@group-83D82521A412-LeaderElection37: ELECTION PASSED received 1 response(s) and 0 exception(s):
2021-08-12 05:14:50,319 [0da173cd-0350-4aea-93c3-4615dcefd89b@group-83D82521A412-LeaderElection37] INFO  impl.LeaderElection (LeaderElection.java:logAndReturn(93)) -   Response 0: 0da173cd-0350-4aea-93c3-4615dcefd89b<-98d5f929-1501-4de8-86af-d5a6f354d1b1#0:OK-t2
2021-08-12 05:14:50,319 [0da173cd-0350-4aea-93c3-4615dcefd89b@group-83D82521A412-LeaderElection37] INFO  impl.LeaderElection (LeaderElection.java:askForVotes(308)) - 0da173cd-0350-4aea-93c3-4615dcefd89b@group-83D82521A412-LeaderElection37 ELECTION round 0: result PASSED
2021-08-12 05:14:50,319 [0da173cd-0350-4aea-93c3-4615dcefd89b@group-83D82521A412-LeaderElection37] INFO  impl.RoleInfo (RoleInfo.java:shutdownLeaderElection(121)) - 0da173cd-0350-4aea-93c3-4615dcefd89b: shutdown 0da173cd-0350-4aea-93c3-4615dcefd89b@group-83D82521A412-LeaderElection37
2021-08-12 05:14:50,319 [0da173cd-0350-4aea-93c3-4615dcefd89b@group-83D82521A412-LeaderElection37] INFO  server.RaftServer$Division (RaftServerImpl.java:setRole(285)) - 0da173cd-0350-4aea-93c3-4615dcefd89b@group-83D82521A412: changes role from CANDIDATE to LEADER at term 2 for changeToLeader
2021-08-12 05:14:50,319 [0da173cd-0350-4aea-93c3-4615dcefd89b@group-83D82521A412-LeaderElection37] INFO  ratis.XceiverServerRatis (XceiverServerRatis.java:handleLeaderChangedNotification(861)) - Leader change notification received for group: group-83D82521A412 with new leaderId: 0da173cd-0350-4aea-93c3-4615dcefd89b
2021-08-12 05:14:50,320 [0da173cd-0350-4aea-93c3-4615dcefd89b@group-83D82521A412-LeaderElection37] INFO  server.RaftServer$Division (ServerState.java:setLeader(285)) - 0da173cd-0350-4aea-93c3-4615dcefd89b@group-83D82521A412: change Leader from null to 0da173cd-0350-4aea-93c3-4615dcefd89b at term 2 for becomeLeader, leader elected after 10306ms
2021-08-12 05:14:50,320 [0da173cd-0350-4aea-93c3-4615dcefd89b@group-83D82521A412-LeaderElection37] INFO  server.RaftServerConfigKeys (ConfUtils.java:logGet(44)) - raft.server.staging.catchup.gap = 1000 (default)
2021-08-12 05:14:50,320 [0da173cd-0350-4aea-93c3-4615dcefd89b@group-83D82521A412-LeaderElection37] INFO  server.RaftServerConfigKeys (ConfUtils.java:logGet(44)) - raft.server.write.element-limit = 1024 (custom)
2021-08-12 05:14:50,320 [0da173cd-0350-4aea-93c3-4615dcefd89b@group-83D82521A412-LeaderElection37] INFO  server.RaftServerConfigKeys (ConfUtils.java:logGet(44)) - raft.server.write.byte-limit = 1024 M (=1073741824) (custom)
2021-08-12 05:14:50,320 [0da173cd-0350-4aea-93c3-4615dcefd89b@group-83D82521A412-LeaderElection37] INFO  server.RaftServerConfigKeys (ConfUtils.java:logGet(44)) - raft.server.watch.timeout = 180s (custom)
2021-08-12 05:14:50,320 [0da173cd-0350-4aea-93c3-4615dcefd89b@group-83D82521A412-LeaderElection37] INFO  server.RaftServerConfigKeys (ConfUtils.java:logGet(44)) - raft.server.watch.timeout.denomination = 1s (default)
2021-08-12 05:14:50,320 [0da173cd-0350-4aea-93c3-4615dcefd89b@group-83D82521A412-LeaderElection37] INFO  server.RaftServerConfigKeys (ConfUtils.java:logGet(44)) - raft.server.watch.element-limit = 65536 (default)
2021-08-12 05:14:50,320 [0da173cd-0350-4aea-93c3-4615dcefd89b@group-83D82521A412-LeaderElection37] INFO  server.RaftServerConfigKeys (ConfUtils.java:logGet(44)) - raft.server.log.appender.snapshot.chunk.size.max = 16MB (=16777216) (default)
2021-08-12 05:14:50,320 [0da173cd-0350-4aea-93c3-4615dcefd89b@group-83D82521A412-LeaderElection37] INFO  server.RaftServerConfigKeys (ConfUtils.java:logGet(44)) - raft.server.log.appender.buffer.byte-limit = 33554432 (custom)
2021-08-12 05:14:50,320 [0da173cd-0350-4aea-93c3-4615dcefd89b@group-83D82521A412-LeaderElection37] INFO  server.RaftServerConfigKeys (ConfUtils.java:logGet(44)) - raft.server.log.appender.buffer.element-limit = 1 (custom)
2021-08-12 05:14:50,320 [0da173cd-0350-4aea-93c3-4615dcefd89b@group-83D82521A412-LeaderElection37] INFO  grpc.GrpcConfigKeys (ConfUtils.java:logGet(44)) - raft.grpc.server.leader.outstanding.appends.max = 128 (default)
2021-08-12 05:14:50,321 [0da173cd-0350-4aea-93c3-4615dcefd89b@group-83D82521A412-LeaderElection37] INFO  server.RaftServerConfigKeys (ConfUtils.java:logGet(44)) - raft.server.rpc.request.timeout = 60s (custom)
2021-08-12 05:14:50,321 [0da173cd-0350-4aea-93c3-4615dcefd89b@group-83D82521A412-LeaderElection37] INFO  server.RaftServerConfigKeys (ConfUtils.java:logGet(44)) - raft.server.log.appender.install.snapshot.enabled = false (custom)
2021-08-12 05:14:50,321 [0da173cd-0350-4aea-93c3-4615dcefd89b@group-83D82521A412-LeaderElection37] INFO  server.RaftServerConfigKeys (ConfUtils.java:logGet(44)) - raft.server.log.appender.snapshot.chunk.size.max = 16MB (=16777216) (default)
2021-08-12 05:14:50,321 [0da173cd-0350-4aea-93c3-4615dcefd89b@group-83D82521A412-LeaderElection37] INFO  server.RaftServerConfigKeys (ConfUtils.java:logGet(44)) - raft.server.log.appender.buffer.byte-limit = 33554432 (custom)
2021-08-12 05:14:50,321 [0da173cd-0350-4aea-93c3-4615dcefd89b@group-83D82521A412-LeaderElection37] INFO  server.RaftServerConfigKeys (ConfUtils.java:logGet(44)) - raft.server.log.appender.buffer.element-limit = 1 (custom)
2021-08-12 05:14:50,321 [0da173cd-0350-4aea-93c3-4615dcefd89b@group-83D82521A412-LeaderElection37] INFO  grpc.GrpcConfigKeys (ConfUtils.java:logGet(44)) - raft.grpc.server.leader.outstanding.appends.max = 128 (default)
2021-08-12 05:14:50,321 [0da173cd-0350-4aea-93c3-4615dcefd89b@group-83D82521A412-LeaderElection37] INFO  server.RaftServerConfigKeys (ConfUtils.java:logGet(44)) - raft.server.rpc.request.timeout = 60s (custom)
2021-08-12 05:14:50,321 [0da173cd-0350-4aea-93c3-4615dcefd89b@group-83D82521A412-LeaderElection37] INFO  server.RaftServerConfigKeys (ConfUtils.java:logGet(44)) - raft.server.log.appender.install.snapshot.enabled = false (custom)
2021-08-12 05:14:50,322 [0da173cd-0350-4aea-93c3-4615dcefd89b@group-83D82521A412-LeaderElection37] INFO  impl.RoleInfo (RoleInfo.java:updateAndGet(130)) - 0da173cd-0350-4aea-93c3-4615dcefd89b: start 0da173cd-0350-4aea-93c3-4615dcefd89b@group-83D82521A412-LeaderStateImpl
2021-08-12 05:14:50,322 [0da173cd-0350-4aea-93c3-4615dcefd89b@group-83D82521A412-LeaderElection37] INFO  segmented.SegmentedRaftLogWorker (SegmentedRaftLogWorker.java:startLogSegment(394)) - 0da173cd-0350-4aea-93c3-4615dcefd89b@group-83D82521A412-SegmentedRaftLogWorker: Starting segment from index:0
2021-08-12 05:14:50,329 [EventQueue-PipelineReportForPipelineReportHandler] INFO  pipeline.PipelineManagerImpl (PipelineManagerImpl.java:openPipeline(283)) - Pipeline Pipeline[ Id: e4a1ae7a-d8a2-41f1-b59a-83d82521a412, Nodes: 76b05b81-480f-4451-a70f-13b24978b5c0{ip: 10.1.0.46, host: fv-az50-214.grzltbmokehuzjyc5b133kdqgh.cx.internal.cloudapp.net, ports: [REPLICATION=43661, RATIS=38481, RATIS_ADMIN=38481, RATIS_SERVER=38481, STANDALONE=38633], networkLocation: /default-rack, certSerialId: null, persistedOpState: IN_SERVICE, persistedOpStateExpiryEpochSec: 0}0da173cd-0350-4aea-93c3-4615dcefd89b{ip: 10.1.0.46, host: fv-az50-214.grzltbmokehuzjyc5b133kdqgh.cx.internal.cloudapp.net, ports: [REPLICATION=38765, RATIS=38751, RATIS_ADMIN=38751, RATIS_SERVER=38751, STANDALONE=46169], networkLocation: /default-rack, certSerialId: null, persistedOpState: IN_SERVICE, persistedOpStateExpiryEpochSec: 0}98d5f929-1501-4de8-86af-d5a6f354d1b1{ip: 10.1.0.46, host: fv-az50-214.grzltbmokehuzjyc5b133kdqgh.cx.internal.cloudapp.net, ports: [REPLICATION=34345, RATIS=42533, RATIS_ADMIN=42533, RATIS_SERVER=42533, STANDALONE=34663], networkLocation: /default-rack, certSerialId: null, persistedOpState: IN_SERVICE, persistedOpStateExpiryEpochSec: 0}, ReplicationConfig: RATIS/THREE, State:ALLOCATED, leaderId:0da173cd-0350-4aea-93c3-4615dcefd89b, CreationTimestamp2021-08-12T05:14:37.533Z[Etc/UTC]] moved to OPEN state
2021-08-12 05:14:50,391 [grpc-default-executor-1] INFO  server.RaftServer$Division (RaftServerImpl.java:requestVote(1043)) - 76b05b81-480f-4451-a70f-13b24978b5c0@group-83D82521A412: receive requestVote(ELECTION, 0da173cd-0350-4aea-93c3-4615dcefd89b, group-83D82521A412, 2, (t:0, i:0))
2021-08-12 05:14:50,390 [0da173cd-0350-4aea-93c3-4615dcefd89b@group-83D82521A412-LeaderElection37] INFO  server.RaftServer$Division (ServerState.java:setRaftConf(387)) - 0da173cd-0350-4aea-93c3-4615dcefd89b@group-83D82521A412: set configuration 0: [0da173cd-0350-4aea-93c3-4615dcefd89b|rpc:10.1.0.46:38751|dataStream:|priority:1, 98d5f929-1501-4de8-86af-d5a6f354d1b1|rpc:10.1.0.46:42533|dataStream:|priority:0, 76b05b81-480f-4451-a70f-13b24978b5c0|rpc:10.1.0.46:38481|dataStream:|priority:0], old=null
2021-08-12 05:14:50,368 [grpc-default-executor-2] INFO  ratis.XceiverServerRatis (XceiverServerRatis.java:handleLeaderChangedNotification(861)) - Leader change notification received for group: group-83D82521A412 with new leaderId: 0da173cd-0350-4aea-93c3-4615dcefd89b
2021-08-12 05:14:50,423 [grpc-default-executor-2] INFO  server.RaftServer$Division (ServerState.java:setLeader(285)) - 98d5f929-1501-4de8-86af-d5a6f354d1b1@group-83D82521A412: change Leader from null to 0da173cd-0350-4aea-93c3-4615dcefd89b at term 2 for appendEntries, leader elected after 10251ms
2021-08-12 05:14:50,348 [76b05b81-480f-4451-a70f-13b24978b5c0@group-83D82521A412-FollowerState] INFO  impl.FollowerState (FollowerState.java:run(134)) - 76b05b81-480f-4451-a70f-13b24978b5c0@group-83D82521A412-FollowerState: change to CANDIDATE, lastRpcElapsedTime:5204513884ns, electionTimeout:5187ms
2021-08-12 05:14:50,424 [76b05b81-480f-4451-a70f-13b24978b5c0@group-83D82521A412-FollowerState] INFO  impl.RoleInfo (RoleInfo.java:shutdownFollowerState(108)) - 76b05b81-480f-4451-a70f-13b24978b5c0: shutdown 76b05b81-480f-4451-a70f-13b24978b5c0@group-83D82521A412-FollowerState
2021-08-12 05:14:50,424 [76b05b81-480f-4451-a70f-13b24978b5c0@group-83D82521A412-FollowerState] INFO  server.RaftServer$Division (RaftServerImpl.java:setRole(285)) - 76b05b81-480f-4451-a70f-13b24978b5c0@group-83D82521A412: changes role from  FOLLOWER to CANDIDATE at term 1 for changeToCandidate
2021-08-12 05:14:50,424 [76b05b81-480f-4451-a70f-13b24978b5c0@group-83D82521A412-FollowerState] INFO  server.RaftServerConfigKeys (ConfUtils.java:logGet(44)) - raft.server.leaderelection.pre-vote = false (custom)
2021-08-12 05:14:50,424 [76b05b81-480f-4451-a70f-13b24978b5c0@group-83D82521A412-FollowerState] INFO  impl.RoleInfo (RoleInfo.java:updateAndGet(130)) - 76b05b81-480f-4451-a70f-13b24978b5c0: start 76b05b81-480f-4451-a70f-13b24978b5c0@group-83D82521A412-LeaderElection39
2021-08-12 05:14:50,335 [98d5f929-1501-4de8-86af-d5a6f354d1b1@group-83D82521A412-LeaderElection38] INFO  impl.LeaderElection (LeaderElection.java:run(230)) - 98d5f929-1501-4de8-86af-d5a6f354d1b1@group-83D82521A412-LeaderElection38: skip running since this is already CLOSING
2021-08-12 05:14:50,329 [0da173cd-0350-4aea-93c3-4615dcefd89b@group-83D82521A412-SegmentedRaftLogWorker] INFO  segmented.SegmentedRaftLogWorker (SegmentedRaftLogWorker.java:execute(601)) - 0da173cd-0350-4aea-93c3-4615dcefd89b@group-83D82521A412-SegmentedRaftLogWorker: created new log segment /home/runner/work/ozone/ozone/hadoop-ozone/integration-test/target/test-dir/MiniOzoneClusterImpl-77927036-b40e-4989-9ea2-4287dcbfe879/datanode-1/data/ratis/e4a1ae7a-d8a2-41f1-b59a-83d82521a412/current/log_inprogress_0
2021-08-12 05:14:50,329 [EventQueue-OpenPipelineForHealthyPipelineSafeModeRule] INFO  safemode.SCMSafeModeManager (HealthyPipelineSafeModeRule.java:process(124)) - SCM in safe mode. Healthy pipelines reported count is 0, required healthy pipeline reported count is 1
2021-08-12 05:14:50,425 [EventQueue-OpenPipelineForHealthyPipelineSafeModeRule] INFO  safemode.SCMSafeModeManager (HealthyPipelineSafeModeRule.java:process(124)) - SCM in safe mode. Healthy pipelines reported count is 1, required healthy pipeline reported count is 1
2021-08-12 05:14:50,425 [EventQueue-OpenPipelineForHealthyPipelineSafeModeRule] INFO  safemode.SCMSafeModeManager (SCMSafeModeManager.java:validateSafeModeExitRules(204)) - HealthyPipelineSafeModeRule rule is successfully validated
2021-08-12 05:14:50,425 [EventQueue-OpenPipelineForHealthyPipelineSafeModeRule] INFO  safemode.SCMSafeModeManager (SCMSafeModeManager.java:validateSafeModeExitRules(219)) - ScmSafeModeManager, all rules are successfully validated
2021-08-12 05:14:50,425 [EventQueue-OpenPipelineForHealthyPipelineSafeModeRule] INFO  safemode.SCMSafeModeManager (SCMSafeModeManager.java:exitSafeMode(248)) - SCM exiting safe mode.
2021-08-12 05:14:50,425 [EventQueue-OpenPipelineForHealthyPipelineSafeModeRule] WARN  events.EventQueue (EventQueue.java:fireEvent(194)) - No event handler registered for event TypedEvent{payloadType=SafeModeStatus, name='Safe mode status'}
2021-08-12 05:14:50,425 [EventQueue-OpenPipelineForHealthyPipelineSafeModeRule] INFO  ha.SCMContext (SCMContext.java:updateSafeModeStatus(205)) - Update SafeModeStatus from SafeModeStatus{safeModeStatus=true, preCheckPassed=true} to SafeModeStatus{safeModeStatus=false, preCheckPassed=true}.
2021-08-12 05:14:50,425 [EventQueue-OpenPipelineForHealthyPipelineSafeModeRule] INFO  pipeline.BackgroundPipelineCreator (BackgroundPipelineCreatorV2.java:notifyStatusChanged(264)) - Service BackgroundPipelineCreator transitions to RUNNING.
2021-08-12 05:14:50,425 [EventQueue-OpenPipelineForHealthyPipelineSafeModeRule] INFO  container.ReplicationManager (ReplicationManager.java:notifyStatusChanged(1679)) - Service ReplicationManager transitions to RUNNING.
2021-08-12 05:14:50,439 [grpc-default-executor-2] INFO  server.RaftServer$Division (RaftServerImpl.java:setRole(285)) - 76b05b81-480f-4451-a70f-13b24978b5c0@group-83D82521A412: changes role from CANDIDATE to FOLLOWER at term 2 for appendEntries
2021-08-12 05:14:50,439 [grpc-default-executor-2] INFO  impl.RoleInfo (RoleInfo.java:shutdownLeaderElection(121)) - 76b05b81-480f-4451-a70f-13b24978b5c0: shutdown 76b05b81-480f-4451-a70f-13b24978b5c0@group-83D82521A412-LeaderElection39
2021-08-12 05:14:50,439 [grpc-default-executor-2] INFO  impl.RoleInfo (RoleInfo.java:updateAndGet(130)) - 76b05b81-480f-4451-a70f-13b24978b5c0: start 76b05b81-480f-4451-a70f-13b24978b5c0@group-83D82521A412-FollowerState
2021-08-12 05:14:50,439 [76b05b81-480f-4451-a70f-13b24978b5c0@group-83D82521A412-LeaderElection39] INFO  impl.LeaderElection (LeaderElection.java:run(230)) - 76b05b81-480f-4451-a70f-13b24978b5c0@group-83D82521A412-LeaderElection39: skip running since this is already CLOSING
2021-08-12 05:14:50,453 [grpc-default-executor-2] INFO  ratis.XceiverServerRatis (XceiverServerRatis.java:handleLeaderChangedNotification(861)) - Leader change notification received for group: group-83D82521A412 with new leaderId: 0da173cd-0350-4aea-93c3-4615dcefd89b
2021-08-12 05:14:50,453 [grpc-default-executor-2] INFO  server.RaftServer$Division (ServerState.java:setLeader(285)) - 76b05b81-480f-4451-a70f-13b24978b5c0@group-83D82521A412: change Leader from null to 0da173cd-0350-4aea-93c3-4615dcefd89b at term 2 for appendEntries, leader elected after 10512ms
2021-08-12 05:14:50,453 [grpc-default-executor-1] INFO  impl.VoteContext (VoteContext.java:log(48)) - 76b05b81-480f-4451-a70f-13b24978b5c0@group-83D82521A412-FOLLOWER: reject ELECTION from 0da173cd-0350-4aea-93c3-4615dcefd89b: this server is a follower and still has a valid leader 0da173cd-0350-4aea-93c3-4615dcefd89b
2021-08-12 05:14:50,453 [grpc-default-executor-1] INFO  server.RaftServer$Division (RaftServerImpl.java:requestVote(1075)) - 76b05b81-480f-4451-a70f-13b24978b5c0@group-83D82521A412 replies to ELECTION vote request: 0da173cd-0350-4aea-93c3-4615dcefd89b<-76b05b81-480f-4451-a70f-13b24978b5c0#0:FAIL-t2. Peer's state: 76b05b81-480f-4451-a70f-13b24978b5c0@group-83D82521A412:t2, leader=0da173cd-0350-4aea-93c3-4615dcefd89b, voted=null, raftlog=76b05b81-480f-4451-a70f-13b24978b5c0@group-83D82521A412-SegmentedRaftLog:OPENED:c-1,f-1,i0, conf=-1: [0da173cd-0350-4aea-93c3-4615dcefd89b|rpc:10.1.0.46:38751|priority:1, 98d5f929-1501-4de8-86af-d5a6f354d1b1|rpc:10.1.0.46:42533|priority:0, 76b05b81-480f-4451-a70f-13b24978b5c0|rpc:10.1.0.46:38481|priority:0], old=null
2021-08-12 05:14:50,472 [grpc-default-executor-2] INFO  server.RaftServer$Division (ServerState.java:setRaftConf(387)) - 98d5f929-1501-4de8-86af-d5a6f354d1b1@group-83D82521A412: set configuration 0: [0da173cd-0350-4aea-93c3-4615dcefd89b|rpc:10.1.0.46:38751|dataStream:|priority:1, 98d5f929-1501-4de8-86af-d5a6f354d1b1|rpc:10.1.0.46:42533|dataStream:|priority:0, 76b05b81-480f-4451-a70f-13b24978b5c0|rpc:10.1.0.46:38481|dataStream:|priority:0], old=null
2021-08-12 05:14:50,472 [grpc-default-executor-2] INFO  segmented.SegmentedRaftLogWorker (SegmentedRaftLogWorker.java:startLogSegment(394)) - 98d5f929-1501-4de8-86af-d5a6f354d1b1@group-83D82521A412-SegmentedRaftLogWorker: Starting segment from index:0
2021-08-12 05:14:50,474 [98d5f929-1501-4de8-86af-d5a6f354d1b1@group-83D82521A412-SegmentedRaftLogWorker] INFO  segmented.SegmentedRaftLogWorker (SegmentedRaftLogWorker.java:execute(601)) - 98d5f929-1501-4de8-86af-d5a6f354d1b1@group-83D82521A412-SegmentedRaftLogWorker: created new log segment /home/runner/work/ozone/ozone/hadoop-ozone/integration-test/target/test-dir/MiniOzoneClusterImpl-77927036-b40e-4989-9ea2-4287dcbfe879/datanode-2/data/ratis/e4a1ae7a-d8a2-41f1-b59a-83d82521a412/current/log_inprogress_0
2021-08-12 05:14:50,515 [grpc-default-executor-2] INFO  server.RaftServer$Division (ServerState.java:setRaftConf(387)) - 76b05b81-480f-4451-a70f-13b24978b5c0@group-83D82521A412: set configuration 0: [0da173cd-0350-4aea-93c3-4615dcefd89b|rpc:10.1.0.46:38751|dataStream:|priority:1, 98d5f929-1501-4de8-86af-d5a6f354d1b1|rpc:10.1.0.46:42533|dataStream:|priority:0, 76b05b81-480f-4451-a70f-13b24978b5c0|rpc:10.1.0.46:38481|dataStream:|priority:0], old=null
2021-08-12 05:14:50,515 [grpc-default-executor-2] INFO  segmented.SegmentedRaftLogWorker (SegmentedRaftLogWorker.java:startLogSegment(394)) - 76b05b81-480f-4451-a70f-13b24978b5c0@group-83D82521A412-SegmentedRaftLogWorker: Starting segment from index:0
2021-08-12 05:14:50,518 [76b05b81-480f-4451-a70f-13b24978b5c0@group-83D82521A412-SegmentedRaftLogWorker] INFO  segmented.SegmentedRaftLogWorker (SegmentedRaftLogWorker.java:execute(601)) - 76b05b81-480f-4451-a70f-13b24978b5c0@group-83D82521A412-SegmentedRaftLogWorker: created new log segment /home/runner/work/ozone/ozone/hadoop-ozone/integration-test/target/test-dir/MiniOzoneClusterImpl-77927036-b40e-4989-9ea2-4287dcbfe879/datanode-0/data/ratis/e4a1ae7a-d8a2-41f1-b59a-83d82521a412/current/log_inprogress_0
2021-08-12 05:14:50,530 [Listener at 127.0.0.1/38087] INFO  ozone.MiniOzoneClusterImpl (MiniOzoneClusterImpl.java:lambda$waitForClusterToBeReady$0(235)) - Nodes are ready. Got 3 of 3 DN Heartbeats.
2021-08-12 05:14:50,530 [Listener at 127.0.0.1/38087] INFO  ozone.MiniOzoneClusterImpl (MiniOzoneClusterImpl.java:lambda$waitForClusterToBeReady$0(238)) - Cluster exits safe mode
2021-08-12 05:14:50,530 [Listener at 127.0.0.1/38087] INFO  ozone.MiniOzoneClusterImpl (MiniOzoneClusterImpl.java:lambda$waitForClusterToBeReady$0(240)) - SCM became leader
2021-08-12 05:14:50,530 [Listener at 127.0.0.1/38087] INFO  ha.SequenceIdGenerator (SequenceIdGenerator.java:getNextId(127)) - Allocate a batch for containerId, change lastId from 0 to 1000.
2021-08-12 05:14:50,572 [98d5f929-1501-4de8-86af-d5a6f354d1b1@group-7196D78A481D-FollowerState] INFO  impl.FollowerState (FollowerState.java:run(134)) - 98d5f929-1501-4de8-86af-d5a6f354d1b1@group-7196D78A481D-FollowerState: change to CANDIDATE, lastRpcElapsedTime:5040244628ns, electionTimeout:5038ms
2021-08-12 05:14:50,572 [98d5f929-1501-4de8-86af-d5a6f354d1b1@group-7196D78A481D-FollowerState] INFO  impl.RoleInfo (RoleInfo.java:shutdownFollowerState(108)) - 98d5f929-1501-4de8-86af-d5a6f354d1b1: shutdown 98d5f929-1501-4de8-86af-d5a6f354d1b1@group-7196D78A481D-FollowerState
2021-08-12 05:14:50,572 [98d5f929-1501-4de8-86af-d5a6f354d1b1@group-7196D78A481D-FollowerState] INFO  server.RaftServer$Division (RaftServerImpl.java:setRole(285)) - 98d5f929-1501-4de8-86af-d5a6f354d1b1@group-7196D78A481D: changes role from  FOLLOWER to CANDIDATE at term 1 for changeToCandidate
2021-08-12 05:14:50,572 [98d5f929-1501-4de8-86af-d5a6f354d1b1@group-7196D78A481D-FollowerState] INFO  server.RaftServerConfigKeys (ConfUtils.java:logGet(44)) - raft.server.leaderelection.pre-vote = false (custom)
2021-08-12 05:14:50,572 [98d5f929-1501-4de8-86af-d5a6f354d1b1@group-7196D78A481D-FollowerState] INFO  impl.RoleInfo (RoleInfo.java:updateAndGet(130)) - 98d5f929-1501-4de8-86af-d5a6f354d1b1: start 98d5f929-1501-4de8-86af-d5a6f354d1b1@group-7196D78A481D-LeaderElection40
2021-08-12 05:14:50,584 [76b05b81-480f-4451-a70f-13b24978b5c0@group-7196D78A481D-FollowerState] INFO  impl.FollowerState (FollowerState.java:run(134)) - 76b05b81-480f-4451-a70f-13b24978b5c0@group-7196D78A481D-FollowerState: change to CANDIDATE, lastRpcElapsedTime:5136396011ns, electionTimeout:5136ms
2021-08-12 05:14:50,584 [76b05b81-480f-4451-a70f-13b24978b5c0@group-7196D78A481D-FollowerState] INFO  impl.RoleInfo (RoleInfo.java:shutdownFollowerState(108)) - 76b05b81-480f-4451-a70f-13b24978b5c0: shutdown 76b05b81-480f-4451-a70f-13b24978b5c0@group-7196D78A481D-FollowerState
2021-08-12 05:14:50,584 [76b05b81-480f-4451-a70f-13b24978b5c0@group-7196D78A481D-FollowerState] INFO  server.RaftServer$Division (RaftServerImpl.java:setRole(285)) - 76b05b81-480f-4451-a70f-13b24978b5c0@group-7196D78A481D: changes role from  FOLLOWER to CANDIDATE at term 1 for changeToCandidate
2021-08-12 05:14:50,584 [76b05b81-480f-4451-a70f-13b24978b5c0@group-7196D78A481D-FollowerState] INFO  server.RaftServerConfigKeys (ConfUtils.java:logGet(44)) - raft.server.leaderelection.pre-vote = false (custom)
2021-08-12 05:14:50,584 [76b05b81-480f-4451-a70f-13b24978b5c0@group-7196D78A481D-FollowerState] INFO  impl.RoleInfo (RoleInfo.java:updateAndGet(130)) - 76b05b81-480f-4451-a70f-13b24978b5c0: start 76b05b81-480f-4451-a70f-13b24978b5c0@group-7196D78A481D-LeaderElection41
2021-08-12 05:14:50,587 [0da173cd-0350-4aea-93c3-4615dcefd89b@group-7196D78A481D-FollowerState] INFO  impl.FollowerState (FollowerState.java:run(134)) - 0da173cd-0350-4aea-93c3-4615dcefd89b@group-7196D78A481D-FollowerState: change to CANDIDATE, lastRpcElapsedTime:5028268080ns, electionTimeout:5016ms
2021-08-12 05:14:50,587 [0da173cd-0350-4aea-93c3-4615dcefd89b@group-7196D78A481D-FollowerState] INFO  impl.RoleInfo (RoleInfo.java:shutdownFollowerState(108)) - 0da173cd-0350-4aea-93c3-4615dcefd89b: shutdown 0da173cd-0350-4aea-93c3-4615dcefd89b@group-7196D78A481D-FollowerState
2021-08-12 05:14:50,587 [0da173cd-0350-4aea-93c3-4615dcefd89b@group-7196D78A481D-FollowerState] INFO  server.RaftServer$Division (RaftServerImpl.java:setRole(285)) - 0da173cd-0350-4aea-93c3-4615dcefd89b@group-7196D78A481D: changes role from  FOLLOWER to CANDIDATE at term 1 for changeToCandidate
2021-08-12 05:14:50,596 [0da173cd-0350-4aea-93c3-4615dcefd89b@group-7196D78A481D-FollowerState] INFO  server.RaftServerConfigKeys (ConfUtils.java:logGet(44)) - raft.server.leaderelection.pre-vote = false (custom)
2021-08-12 05:14:50,596 [0da173cd-0350-4aea-93c3-4615dcefd89b@group-7196D78A481D-FollowerState] INFO  impl.RoleInfo (RoleInfo.java:updateAndGet(130)) - 0da173cd-0350-4aea-93c3-4615dcefd89b: start 0da173cd-0350-4aea-93c3-4615dcefd89b@group-7196D78A481D-LeaderElection42
2021-08-12 05:14:50,599 [98d5f929-1501-4de8-86af-d5a6f354d1b1@group-7196D78A481D-LeaderElection40] INFO  impl.LeaderElection (LeaderElection.java:askForVotes(306)) - 98d5f929-1501-4de8-86af-d5a6f354d1b1@group-7196D78A481D-LeaderElection40 ELECTION round 0: submit vote requests at term 2 for -1: [0da173cd-0350-4aea-93c3-4615dcefd89b|rpc:10.1.0.46:38751|dataStream:|priority:0, 98d5f929-1501-4de8-86af-d5a6f354d1b1|rpc:10.1.0.46:42533|dataStream:|priority:1, 76b05b81-480f-4451-a70f-13b24978b5c0|rpc:10.1.0.46:38481|dataStream:|priority:0], old=null
2021-08-12 05:14:50,609 [76b05b81-480f-4451-a70f-13b24978b5c0@group-7196D78A481D-LeaderElection41] INFO  impl.LeaderElection (LeaderElection.java:askForVotes(306)) - 76b05b81-480f-4451-a70f-13b24978b5c0@group-7196D78A481D-LeaderElection41 ELECTION round 0: submit vote requests at term 2 for -1: [0da173cd-0350-4aea-93c3-4615dcefd89b|rpc:10.1.0.46:38751|priority:0, 98d5f929-1501-4de8-86af-d5a6f354d1b1|rpc:10.1.0.46:42533|priority:1, 76b05b81-480f-4451-a70f-13b24978b5c0|rpc:10.1.0.46:38481|priority:0], old=null
2021-08-12 05:14:50,640 [grpc-default-executor-2] INFO  server.RaftServer$Division (RaftServerImpl.java:requestVote(1043)) - 0da173cd-0350-4aea-93c3-4615dcefd89b@group-7196D78A481D: receive requestVote(ELECTION, 76b05b81-480f-4451-a70f-13b24978b5c0, group-7196D78A481D, 2, (t:0, i:0))
2021-08-12 05:14:50,641 [grpc-default-executor-2] INFO  impl.VoteContext (VoteContext.java:log(48)) - 0da173cd-0350-4aea-93c3-4615dcefd89b@group-7196D78A481D-CANDIDATE: accept ELECTION from 76b05b81-480f-4451-a70f-13b24978b5c0: our priority 0 <= candidate's priority 0
2021-08-12 05:14:50,641 [grpc-default-executor-2] INFO  server.RaftServer$Division (RaftServerImpl.java:setRole(285)) - 0da173cd-0350-4aea-93c3-4615dcefd89b@group-7196D78A481D: changes role from CANDIDATE to FOLLOWER at term 2 for candidate:76b05b81-480f-4451-a70f-13b24978b5c0
2021-08-12 05:14:50,641 [grpc-default-executor-2] INFO  impl.RoleInfo (RoleInfo.java:shutdownLeaderElection(121)) - 0da173cd-0350-4aea-93c3-4615dcefd89b: shutdown 0da173cd-0350-4aea-93c3-4615dcefd89b@group-7196D78A481D-LeaderElection42
2021-08-12 05:14:50,641 [grpc-default-executor-2] INFO  impl.RoleInfo (RoleInfo.java:updateAndGet(130)) - 0da173cd-0350-4aea-93c3-4615dcefd89b: start 0da173cd-0350-4aea-93c3-4615dcefd89b@group-7196D78A481D-FollowerState
2021-08-12 05:14:50,643 [grpc-default-executor-2] INFO  server.RaftServer$Division (RaftServerImpl.java:requestVote(1075)) - 0da173cd-0350-4aea-93c3-4615dcefd89b@group-7196D78A481D replies to ELECTION vote request: 76b05b81-480f-4451-a70f-13b24978b5c0<-0da173cd-0350-4aea-93c3-4615dcefd89b#0:OK-t2. Peer's state: 0da173cd-0350-4aea-93c3-4615dcefd89b@group-7196D78A481D:t2, leader=null, voted=76b05b81-480f-4451-a70f-13b24978b5c0, raftlog=0da173cd-0350-4aea-93c3-4615dcefd89b@group-7196D78A481D-SegmentedRaftLog:OPENED:c-1,f-1,i0, conf=-1: [0da173cd-0350-4aea-93c3-4615dcefd89b|rpc:10.1.0.46:38751|dataStream:|priority:0, 98d5f929-1501-4de8-86af-d5a6f354d1b1|rpc:10.1.0.46:42533|dataStream:|priority:1, 76b05b81-480f-4451-a70f-13b24978b5c0|rpc:10.1.0.46:38481|dataStream:|priority:0], old=null
2021-08-12 05:14:50,652 [0da173cd-0350-4aea-93c3-4615dcefd89b@group-7196D78A481D-LeaderElection42] INFO  impl.LeaderElection (LeaderElection.java:run(230)) - 0da173cd-0350-4aea-93c3-4615dcefd89b@group-7196D78A481D-LeaderElection42: skip running since this is already CLOSING
2021-08-12 05:14:50,662 [grpc-default-executor-1] INFO  server.RaftServer$Division (RaftServerImpl.java:requestVote(1043)) - 0da173cd-0350-4aea-93c3-4615dcefd89b@group-7196D78A481D: receive requestVote(ELECTION, 98d5f929-1501-4de8-86af-d5a6f354d1b1, group-7196D78A481D, 2, (t:0, i:0))
2021-08-12 05:14:50,663 [grpc-default-executor-1] INFO  impl.VoteContext (VoteContext.java:log(48)) - 0da173cd-0350-4aea-93c3-4615dcefd89b@group-7196D78A481D-FOLLOWER: reject ELECTION from 98d5f929-1501-4de8-86af-d5a6f354d1b1: already has voted for 76b05b81-480f-4451-a70f-13b24978b5c0 at current term 2
2021-08-12 05:14:50,663 [grpc-default-executor-1] INFO  server.RaftServer$Division (RaftServerImpl.java:requestVote(1075)) - 0da173cd-0350-4aea-93c3-4615dcefd89b@group-7196D78A481D replies to ELECTION vote request: 98d5f929-1501-4de8-86af-d5a6f354d1b1<-0da173cd-0350-4aea-93c3-4615dcefd89b#0:FAIL-t2. Peer's state: 0da173cd-0350-4aea-93c3-4615dcefd89b@group-7196D78A481D:t2, leader=null, voted=76b05b81-480f-4451-a70f-13b24978b5c0, raftlog=0da173cd-0350-4aea-93c3-4615dcefd89b@group-7196D78A481D-SegmentedRaftLog:OPENED:c-1,f-1,i0, conf=-1: [0da173cd-0350-4aea-93c3-4615dcefd89b|rpc:10.1.0.46:38751|dataStream:|priority:0, 98d5f929-1501-4de8-86af-d5a6f354d1b1|rpc:10.1.0.46:42533|dataStream:|priority:1, 76b05b81-480f-4451-a70f-13b24978b5c0|rpc:10.1.0.46:38481|dataStream:|priority:0], old=null
2021-08-12 05:14:50,701 [grpc-default-executor-2] INFO  server.RaftServer$Division (RaftServerImpl.java:requestVote(1043)) - 76b05b81-480f-4451-a70f-13b24978b5c0@group-7196D78A481D: receive requestVote(ELECTION, 98d5f929-1501-4de8-86af-d5a6f354d1b1, group-7196D78A481D, 2, (t:0, i:0))
2021-08-12 05:14:50,701 [grpc-default-executor-2] INFO  impl.VoteContext (VoteContext.java:log(48)) - 76b05b81-480f-4451-a70f-13b24978b5c0@group-7196D78A481D-CANDIDATE: reject ELECTION from 98d5f929-1501-4de8-86af-d5a6f354d1b1: already has voted for 76b05b81-480f-4451-a70f-13b24978b5c0 at current term 2
2021-08-12 05:14:50,701 [grpc-default-executor-2] INFO  server.RaftServer$Division (RaftServerImpl.java:requestVote(1075)) - 76b05b81-480f-4451-a70f-13b24978b5c0@group-7196D78A481D replies to ELECTION vote request: 98d5f929-1501-4de8-86af-d5a6f354d1b1<-76b05b81-480f-4451-a70f-13b24978b5c0#0:FAIL-t2. Peer's state: 76b05b81-480f-4451-a70f-13b24978b5c0@group-7196D78A481D:t2, leader=null, voted=76b05b81-480f-4451-a70f-13b24978b5c0, raftlog=76b05b81-480f-4451-a70f-13b24978b5c0@group-7196D78A481D-SegmentedRaftLog:OPENED:c-1,f-1,i0, conf=-1: [0da173cd-0350-4aea-93c3-4615dcefd89b|rpc:10.1.0.46:38751|priority:0, 98d5f929-1501-4de8-86af-d5a6f354d1b1|rpc:10.1.0.46:42533|priority:1, 76b05b81-480f-4451-a70f-13b24978b5c0|rpc:10.1.0.46:38481|priority:0], old=null
2021-08-12 05:14:50,702 [grpc-default-executor-1] INFO  server.RaftServer$Division (RaftServerImpl.java:requestVote(1043)) - 98d5f929-1501-4de8-86af-d5a6f354d1b1@group-7196D78A481D: receive requestVote(ELECTION, 76b05b81-480f-4451-a70f-13b24978b5c0, group-7196D78A481D, 2, (t:0, i:0))
2021-08-12 05:14:50,704 [98d5f929-1501-4de8-86af-d5a6f354d1b1@group-7196D78A481D-LeaderElection40] INFO  impl.LeaderElection (LeaderElection.java:logAndReturn(89)) - 98d5f929-1501-4de8-86af-d5a6f354d1b1@group-7196D78A481D-LeaderElection40: ELECTION REJECTED received 2 response(s) and 0 exception(s):
2021-08-12 05:14:50,705 [98d5f929-1501-4de8-86af-d5a6f354d1b1@group-7196D78A481D-LeaderElection40] INFO  impl.LeaderElection (LeaderElection.java:logAndReturn(93)) -   Response 0: 98d5f929-1501-4de8-86af-d5a6f354d1b1<-0da173cd-0350-4aea-93c3-4615dcefd89b#0:FAIL-t2
2021-08-12 05:14:50,705 [98d5f929-1501-4de8-86af-d5a6f354d1b1@group-7196D78A481D-LeaderElection40] INFO  impl.LeaderElection (LeaderElection.java:logAndReturn(93)) -   Response 1: 98d5f929-1501-4de8-86af-d5a6f354d1b1<-76b05b81-480f-4451-a70f-13b24978b5c0#0:FAIL-t2
2021-08-12 05:14:50,705 [98d5f929-1501-4de8-86af-d5a6f354d1b1@group-7196D78A481D-LeaderElection40] INFO  impl.LeaderElection (LeaderElection.java:askForVotes(308)) - 98d5f929-1501-4de8-86af-d5a6f354d1b1@group-7196D78A481D-LeaderElection40 ELECTION round 0: result REJECTED
2021-08-12 05:14:50,724 [grpc-default-executor-1] INFO  impl.VoteContext (VoteContext.java:log(48)) - 98d5f929-1501-4de8-86af-d5a6f354d1b1@group-7196D78A481D-CANDIDATE: reject ELECTION from 76b05b81-480f-4451-a70f-13b24978b5c0: already has voted for 98d5f929-1501-4de8-86af-d5a6f354d1b1 at current term 2
2021-08-12 05:14:50,724 [grpc-default-executor-1] INFO  server.RaftServer$Division (RaftServerImpl.java:requestVote(1075)) - 98d5f929-1501-4de8-86af-d5a6f354d1b1@group-7196D78A481D replies to ELECTION vote request: 76b05b81-480f-4451-a70f-13b24978b5c0<-98d5f929-1501-4de8-86af-d5a6f354d1b1#0:FAIL-t2. Peer's state: 98d5f929-1501-4de8-86af-d5a6f354d1b1@group-7196D78A481D:t2, leader=null, voted=98d5f929-1501-4de8-86af-d5a6f354d1b1, raftlog=98d5f929-1501-4de8-86af-d5a6f354d1b1@group-7196D78A481D-SegmentedRaftLog:OPENED:c-1,f-1,i0, conf=-1: [0da173cd-0350-4aea-93c3-4615dcefd89b|rpc:10.1.0.46:38751|dataStream:|priority:0, 98d5f929-1501-4de8-86af-d5a6f354d1b1|rpc:10.1.0.46:42533|dataStream:|priority:1, 76b05b81-480f-4451-a70f-13b24978b5c0|rpc:10.1.0.46:38481|dataStream:|priority:0], old=null
2021-08-12 05:14:50,724 [98d5f929-1501-4de8-86af-d5a6f354d1b1@group-7196D78A481D-LeaderElection40] INFO  server.RaftServer$Division (RaftServerImpl.java:setRole(285)) - 98d5f929-1501-4de8-86af-d5a6f354d1b1@group-7196D78A481D: changes role from CANDIDATE to FOLLOWER at term 2 for REJECTED
2021-08-12 05:14:50,724 [98d5f929-1501-4de8-86af-d5a6f354d1b1@group-7196D78A481D-LeaderElection40] INFO  impl.RoleInfo (RoleInfo.java:shutdownLeaderElection(121)) - 98d5f929-1501-4de8-86af-d5a6f354d1b1: shutdown 98d5f929-1501-4de8-86af-d5a6f354d1b1@group-7196D78A481D-LeaderElection40
2021-08-12 05:14:50,724 [98d5f929-1501-4de8-86af-d5a6f354d1b1@group-7196D78A481D-LeaderElection40] INFO  impl.RoleInfo (RoleInfo.java:updateAndGet(130)) - 98d5f929-1501-4de8-86af-d5a6f354d1b1: start 98d5f929-1501-4de8-86af-d5a6f354d1b1@group-7196D78A481D-FollowerState
2021-08-12 05:14:50,761 [76b05b81-480f-4451-a70f-13b24978b5c0@group-7196D78A481D-LeaderElection41] INFO  impl.LeaderElection (LeaderElection.java:logAndReturn(89)) - 76b05b81-480f-4451-a70f-13b24978b5c0@group-7196D78A481D-LeaderElection41: ELECTION REJECTED received 2 response(s) and 0 exception(s):
2021-08-12 05:14:50,775 [76b05b81-480f-4451-a70f-13b24978b5c0@group-7196D78A481D-LeaderElection41] INFO  impl.LeaderElection (LeaderElection.java:logAndReturn(93)) -   Response 0: 76b05b81-480f-4451-a70f-13b24978b5c0<-0da173cd-0350-4aea-93c3-4615dcefd89b#0:OK-t2
2021-08-12 05:14:50,775 [76b05b81-480f-4451-a70f-13b24978b5c0@group-7196D78A481D-LeaderElection41] INFO  impl.LeaderElection (LeaderElection.java:logAndReturn(93)) -   Response 1: 76b05b81-480f-4451-a70f-13b24978b5c0<-98d5f929-1501-4de8-86af-d5a6f354d1b1#0:FAIL-t2
2021-08-12 05:14:50,775 [76b05b81-480f-4451-a70f-13b24978b5c0@group-7196D78A481D-LeaderElection41] INFO  impl.LeaderElection (LeaderElection.java:askForVotes(308)) - 76b05b81-480f-4451-a70f-13b24978b5c0@group-7196D78A481D-LeaderElection41 ELECTION round 0: result REJECTED
2021-08-12 05:14:50,775 [76b05b81-480f-4451-a70f-13b24978b5c0@group-7196D78A481D-LeaderElection41] INFO  server.RaftServer$Division (RaftServerImpl.java:setRole(285)) - 76b05b81-480f-4451-a70f-13b24978b5c0@group-7196D78A481D: changes role from CANDIDATE to FOLLOWER at term 2 for REJECTED
2021-08-12 05:14:50,775 [76b05b81-480f-4451-a70f-13b24978b5c0@group-7196D78A481D-LeaderElection41] INFO  impl.RoleInfo (RoleInfo.java:shutdownLeaderElection(121)) - 76b05b81-480f-4451-a70f-13b24978b5c0: shutdown 76b05b81-480f-4451-a70f-13b24978b5c0@group-7196D78A481D-LeaderElection41
2021-08-12 05:14:50,775 [76b05b81-480f-4451-a70f-13b24978b5c0@group-7196D78A481D-LeaderElection41] INFO  impl.RoleInfo (RoleInfo.java:updateAndGet(130)) - 76b05b81-480f-4451-a70f-13b24978b5c0: start 76b05b81-480f-4451-a70f-13b24978b5c0@group-7196D78A481D-FollowerState
2021-08-12 05:14:52,032 [Listener at 127.0.0.1/38087] ERROR ratis.XceiverServerRatis (XceiverServerRatis.java:triggerPipelineClose(676)) - pipeline Action CLOSE on pipeline PipelineID=e4a1ae7a-d8a2-41f1-b59a-83d82521a412.Reason : Unspecified failure reported in Ratis log
2021-08-12 05:14:52,039 [Datanode State Machine Thread - 0] WARN  statemachine.StateContext (StateContext.java:execute(621)) - No available thread in pool for past 1 seconds.
2021-08-12 05:14:52,047 [EventQueue-PipelineActionsForPipelineActionHandler] INFO  pipeline.PipelineActionHandler (PipelineActionHandler.java:processPipelineAction(82)) - Received pipeline action CLOSE for PipelineID=e4a1ae7a-d8a2-41f1-b59a-83d82521a412 from datanode 76b05b81-480f-4451-a70f-13b24978b5c0. Reason : Unspecified failure reported in Ratis log
2021-08-12 05:14:52,053 [EventQueue-PipelineActionsForPipelineActionHandler] INFO  pipeline.PipelineManagerImpl (PipelineManagerImpl.java:closePipeline(343)) - Pipeline Pipeline[ Id: e4a1ae7a-d8a2-41f1-b59a-83d82521a412, Nodes: 76b05b81-480f-4451-a70f-13b24978b5c0{ip: 10.1.0.46, host: fv-az50-214.grzltbmokehuzjyc5b133kdqgh.cx.internal.cloudapp.net, ports: [REPLICATION=43661, RATIS=38481, RATIS_ADMIN=38481, RATIS_SERVER=38481, STANDALONE=38633], networkLocation: /default-rack, certSerialId: null, persistedOpState: IN_SERVICE, persistedOpStateExpiryEpochSec: 0}0da173cd-0350-4aea-93c3-4615dcefd89b{ip: 10.1.0.46, host: fv-az50-214.grzltbmokehuzjyc5b133kdqgh.cx.internal.cloudapp.net, ports: [REPLICATION=38765, RATIS=38751, RATIS_ADMIN=38751, RATIS_SERVER=38751, STANDALONE=46169], networkLocation: /default-rack, certSerialId: null, persistedOpState: IN_SERVICE, persistedOpStateExpiryEpochSec: 0}98d5f929-1501-4de8-86af-d5a6f354d1b1{ip: 10.1.0.46, host: fv-az50-214.grzltbmokehuzjyc5b133kdqgh.cx.internal.cloudapp.net, ports: [REPLICATION=34345, RATIS=42533, RATIS_ADMIN=42533, RATIS_SERVER=42533, STANDALONE=34663], networkLocation: /default-rack, certSerialId: null, persistedOpState: IN_SERVICE, persistedOpStateExpiryEpochSec: 0}, ReplicationConfig: RATIS/THREE, State:OPEN, leaderId:0da173cd-0350-4aea-93c3-4615dcefd89b, CreationTimestamp2021-08-12T05:14:37.533Z[Etc/UTC]] moved to CLOSED state
2021-08-12 05:14:52,107 [EventQueue-CloseContainerForCloseContainerEventHandler] INFO  container.CloseContainerEventHandler (CloseContainerEventHandler.java:onMessage(69)) - Close container Event triggered for container : #1
2021-08-12 05:14:52,108 [EventQueue-CloseContainerForCloseContainerEventHandler] INFO  container.CloseContainerEventHandler (CloseContainerEventHandler.java:onMessage(69)) - Close container Event triggered for container : #2
2021-08-12 05:14:52,107 [EventQueue-PipelineActionsForPipelineActionHandler] INFO  pipeline.RatisPipelineProvider (RatisPipelineProvider.java:lambda$close$1(222)) - Send pipeline:PipelineID=e4a1ae7a-d8a2-41f1-b59a-83d82521a412 close command to datanode 76b05b81-480f-4451-a70f-13b24978b5c0
2021-08-12 05:14:52,111 [EventQueue-PipelineActionsForPipelineActionHandler] INFO  pipeline.RatisPipelineProvider (RatisPipelineProvider.java:lambda$close$1(222)) - Send pipeline:PipelineID=e4a1ae7a-d8a2-41f1-b59a-83d82521a412 close command to datanode 0da173cd-0350-4aea-93c3-4615dcefd89b
2021-08-12 05:14:52,111 [EventQueue-PipelineActionsForPipelineActionHandler] INFO  pipeline.RatisPipelineProvider (RatisPipelineProvider.java:lambda$close$1(222)) - Send pipeline:PipelineID=e4a1ae7a-d8a2-41f1-b59a-83d82521a412 close command to datanode 98d5f929-1501-4de8-86af-d5a6f354d1b1
2021-08-12 05:14:52,147 [EventQueue-PipelineActionsForPipelineActionHandler] INFO  pipeline.PipelineStateManager (PipelineStateManagerV2Impl.java:removePipeline(211)) - Pipeline Pipeline[ Id: e4a1ae7a-d8a2-41f1-b59a-83d82521a412, Nodes: 76b05b81-480f-4451-a70f-13b24978b5c0{ip: 10.1.0.46, host: fv-az50-214.grzltbmokehuzjyc5b133kdqgh.cx.internal.cloudapp.net, ports: [REPLICATION=43661, RATIS=38481, RATIS_ADMIN=38481, RATIS_SERVER=38481, STANDALONE=38633], networkLocation: /default-rack, certSerialId: null, persistedOpState: IN_SERVICE, persistedOpStateExpiryEpochSec: 0}0da173cd-0350-4aea-93c3-4615dcefd89b{ip: 10.1.0.46, host: fv-az50-214.grzltbmokehuzjyc5b133kdqgh.cx.internal.cloudapp.net, ports: [REPLICATION=38765, RATIS=38751, RATIS_ADMIN=38751, RATIS_SERVER=38751, STANDALONE=46169], networkLocation: /default-rack, certSerialId: null, persistedOpState: IN_SERVICE, persistedOpStateExpiryEpochSec: 0}98d5f929-1501-4de8-86af-d5a6f354d1b1{ip: 10.1.0.46, host: fv-az50-214.grzltbmokehuzjyc5b133kdqgh.cx.internal.cloudapp.net, ports: [REPLICATION=34345, RATIS=42533, RATIS_ADMIN=42533, RATIS_SERVER=42533, STANDALONE=34663], networkLocation: /default-rack, certSerialId: null, persistedOpState: IN_SERVICE, persistedOpStateExpiryEpochSec: 0}, ReplicationConfig: RATIS/THREE, State:CLOSED, leaderId:0da173cd-0350-4aea-93c3-4615dcefd89b, CreationTimestamp2021-08-12T05:14:37.533Z[Etc/UTC]] removed.
2021-08-12 05:14:52,352 [Listener at 127.0.0.1/38087] INFO  ozone.MiniOzoneClusterImpl (MiniOzoneClusterImpl.java:shutdown(453)) - Shutting down the Mini Ozone Cluster
2021-08-12 05:14:52,354 [Listener at 127.0.0.1/38087] INFO  ozone.MiniOzoneClusterImpl (MiniOzoneClusterImpl.java:stop(468)) - Stopping the Mini Ozone Cluster
2021-08-12 05:14:52,354 [Listener at 127.0.0.1/38087] INFO  ozone.MiniOzoneClusterImpl (MiniOzoneClusterImpl.java:stopOM(550)) - Stopping the OzoneManager
2021-08-12 05:14:52,354 [Listener at 127.0.0.1/38087] INFO  om.OzoneManager (OzoneManager.java:stop(1632)) - Stopping Ozone Manager
2021-08-12 05:14:52,354 [Listener at 127.0.0.1/38087] INFO  ipc.Server (Server.java:stop(3414)) - Stopping server on 38087
2021-08-12 05:14:52,389 [IPC Server Responder] INFO  ipc.Server (Server.java:run(1512)) - Stopping IPC Server Responder
2021-08-12 05:14:52,389 [Listener at 127.0.0.1/38087] INFO  server.RaftServer (RaftServerProxy.java:lambda$close$6(391)) - om1: close
2021-08-12 05:14:52,391 [Listener at 127.0.0.1/38087] INFO  server.RaftServer$Division (RaftServerImpl.java:lambda$close$4(407)) - om1@group-C5BA1605619E: shutdown
2021-08-12 05:14:52,391 [Listener at 127.0.0.1/38087] INFO  util.JmxRegister (JmxRegister.java:unregister(73)) - Successfully un-registered JMX Bean with object name Ratis:service=RaftServer,group=group-C5BA1605619E,id=om1
2021-08-12 05:14:52,391 [Listener at 127.0.0.1/38087] INFO  impl.RoleInfo (RoleInfo.java:shutdownLeaderState(91)) - om1: shutdown om1@group-C5BA1605619E-LeaderStateImpl
2021-08-12 05:14:52,391 [Listener at 127.0.0.1/38087] INFO  impl.PendingRequests (PendingRequests.java:sendNotLeaderResponses(282)) - om1@group-C5BA1605619E-PendingRequests: sendNotLeaderResponses
2021-08-12 05:14:52,393 [Listener at 127.0.0.1/38087] INFO  impl.StateMachineUpdater (StateMachineUpdater.java:stopAndJoin(149)) - om1@group-C5BA1605619E-StateMachineUpdater: set stopIndex = 0
2021-08-12 05:14:52,389 [IPC Server listener on 0] INFO  ipc.Server (Server.java:run(1376)) - Stopping IPC Server listener on 0
2021-08-12 05:14:52,415 [om1@group-C5BA1605619E-StateMachineUpdater] INFO  ratis.OzoneManagerStateMachine (OzoneManagerStateMachine.java:takeSnapshot(417)) - Current Snapshot Index (t:1, i:0)
2021-08-12 05:14:52,416 [om1@group-C5BA1605619E-StateMachineUpdater] INFO  impl.StateMachineUpdater (StateMachineUpdater.java:takeSnapshot(281)) - om1@group-C5BA1605619E-StateMachineUpdater: Took a snapshot at index 0
2021-08-12 05:14:52,416 [om1@group-C5BA1605619E-StateMachineUpdater] INFO  impl.StateMachineUpdater (StateMachineUpdater.java:lambda$new$0(89)) - om1@group-C5BA1605619E-StateMachineUpdater: snapshotIndex: updateIncreasingly -1 -> 0
2021-08-12 05:14:52,416 [om1@group-C5BA1605619E-StateMachineUpdater] INFO  ratis.OzoneManagerStateMachine (OzoneManagerStateMachine.java:close(471)) - StateMachine has shutdown. Shutdown OzoneManager if not already shutdown.
2021-08-12 05:14:52,416 [Listener at 127.0.0.1/38087] INFO  server.RaftServer$Division (ServerState.java:close(419)) - om1@group-C5BA1605619E: closes. applyIndex: 0
2021-08-12 05:14:52,417 [om1@group-C5BA1605619E-SegmentedRaftLogWorker] INFO  segmented.SegmentedRaftLogWorker (SegmentedRaftLogWorker.java:run(327)) - om1@group-C5BA1605619E-SegmentedRaftLogWorker was interrupted, exiting. There are 0 tasks remaining in the queue.
2021-08-12 05:14:52,420 [Listener at 127.0.0.1/38087] INFO  segmented.SegmentedRaftLogWorker (SegmentedRaftLogWorker.java:close(237)) - om1@group-C5BA1605619E-SegmentedRaftLogWorker close()
2021-08-12 05:14:52,421 [Listener at 127.0.0.1/38087] INFO  server.GrpcService (GrpcService.java:closeImpl(262)) - om1: shutdown server with port 9872 now
2021-08-12 05:14:52,422 [Listener at 127.0.0.1/38087] INFO  server.GrpcService (GrpcService.java:closeImpl(271)) - om1: shutdown server with port 9872 successfully
2021-08-12 05:14:52,422 [org.apache.ratis.util.JvmPauseMonitor$$Lambda$531/625077969@cd5d1f9] INFO  util.JvmPauseMonitor (JvmPauseMonitor.java:run(109)) - JvmPauseMonitor-om1: Stopped
2021-08-12 05:14:52,422 [Listener at 127.0.0.1/38087] INFO  ratis.OzoneManagerDoubleBuffer (OzoneManagerDoubleBuffer.java:stop(437)) - Stopping OMDoubleBuffer flush thread
2021-08-12 05:14:52,422 [OMDoubleBufferFlushThread] INFO  ratis.OzoneManagerDoubleBuffer (OzoneManagerDoubleBuffer.java:flushTransactions(356)) - OMDoubleBuffer flush thread OMDoubleBufferFlushThread is interrupted and will exit. OMDoubleBufferFlushThread
2021-08-12 05:14:52,422 [Listener at 127.0.0.1/38087] INFO  utils.BackgroundService (BackgroundService.java:shutdown(132)) - Shutting down service KeyDeletingService
2021-08-12 05:14:52,424 [Listener at 127.0.0.1/38087] INFO  handler.ContextHandler (ContextHandler.java:doStop(1153)) - Stopped o.e.j.w.WebAppContext@78927d50{ozoneManager,/,null,STOPPED}{file:/home/runner/work/ozone/ozone/hadoop-ozone/integration-test/target/test-classes/webapps/ozoneManager}
2021-08-12 05:14:52,428 [Listener at 127.0.0.1/38087] INFO  server.AbstractConnector (AbstractConnector.java:doStop(381)) - Stopped ServerConnector@6801b5cb{HTTP/1.1, (http/1.1)}{0.0.0.0:0}
2021-08-12 05:14:52,431 [Listener at 127.0.0.1/38087] INFO  server.session (HouseKeeper.java:stopScavenging(149)) - node0 Stopped scavenging
2021-08-12 05:14:52,432 [Listener at 127.0.0.1/38087] INFO  handler.ContextHandler (ContextHandler.java:doStop(1153)) - Stopped o.e.j.s.ServletContextHandler@2c4afdf8{static,/static,file:///home/runner/work/ozone/ozone/hadoop-ozone/integration-test/target/test-classes/webapps/static,STOPPED}
2021-08-12 05:14:52,435 [Listener at 127.0.0.1/38087] INFO  handler.ContextHandler (ContextHandler.java:doStop(1153)) - Stopped o.e.j.s.ServletContextHandler@4c5aca23{logs,/logs,file:///home/runner/work/ozone/ozone/hadoop-ozone/integration-test/target/log,STOPPED}
2021-08-12 05:14:52,447 [Listener at 127.0.0.1/38087] INFO  ozone.MiniOzoneClusterImpl (MiniOzoneClusterImpl.java:stopDatanodes(527)) - Stopping the HddsDatanodes
2021-08-12 05:14:53,039 [Datanode State Machine Thread - 0] INFO  statemachine.DatanodeStateMachine (DatanodeStateMachine.java:lambda$startDaemon$0(457)) - Ozone container server started.
2021-08-12 05:14:53,340 [Datanode State Machine Thread - 0] INFO  statemachine.DatanodeStateMachine (DatanodeStateMachine.java:lambda$startDaemon$0(457)) - Ozone container server started.
2021-08-12 05:14:54,752 [Command processor thread] ERROR commandhandler.CloseContainerCommandHandler (CloseContainerCommandHandler.java:handle(85)) - Container #1 does not exist in datanode. Container close failed.
2021-08-12 05:14:54,752 [Command processor thread] ERROR commandhandler.CloseContainerCommandHandler (CloseContainerCommandHandler.java:handle(85)) - Container #2 does not exist in datanode. Container close failed.
2021-08-12 05:14:54,752 [Command processor thread] INFO  server.RaftServer (RaftServerProxy.java:remove(106)) - 98d5f929-1501-4de8-86af-d5a6f354d1b1: remove  FOLLOWER 98d5f929-1501-4de8-86af-d5a6f354d1b1@group-83D82521A412:t2, leader=0da173cd-0350-4aea-93c3-4615dcefd89b, voted=0da173cd-0350-4aea-93c3-4615dcefd89b, raftlog=98d5f929-1501-4de8-86af-d5a6f354d1b1@group-83D82521A412-SegmentedRaftLog:OPENED:c0,f0,i0, conf=0: [0da173cd-0350-4aea-93c3-4615dcefd89b|rpc:10.1.0.46:38751|dataStream:|priority:1, 98d5f929-1501-4de8-86af-d5a6f354d1b1|rpc:10.1.0.46:42533|dataStream:|priority:0, 76b05b81-480f-4451-a70f-13b24978b5c0|rpc:10.1.0.46:38481|dataStream:|priority:0], old=null RUNNING
2021-08-12 05:14:54,752 [Command processor thread] INFO  server.RaftServer$Division (RaftServerImpl.java:lambda$close$4(407)) - 98d5f929-1501-4de8-86af-d5a6f354d1b1@group-83D82521A412: shutdown
2021-08-12 05:14:54,753 [Command processor thread] INFO  util.JmxRegister (JmxRegister.java:unregister(73)) - Successfully un-registered JMX Bean with object name Ratis:service=RaftServer,group=group-83D82521A412,id=98d5f929-1501-4de8-86af-d5a6f354d1b1
2021-08-12 05:14:54,753 [Command processor thread] INFO  impl.RoleInfo (RoleInfo.java:shutdownFollowerState(108)) - 98d5f929-1501-4de8-86af-d5a6f354d1b1: shutdown 98d5f929-1501-4de8-86af-d5a6f354d1b1@group-83D82521A412-FollowerState
2021-08-12 05:14:54,753 [Command processor thread] INFO  impl.StateMachineUpdater (StateMachineUpdater.java:stopAndJoin(149)) - 98d5f929-1501-4de8-86af-d5a6f354d1b1@group-83D82521A412-StateMachineUpdater: set stopIndex = 0
2021-08-12 05:14:54,755 [98d5f929-1501-4de8-86af-d5a6f354d1b1@group-83D82521A412-FollowerState] INFO  impl.FollowerState (FollowerState.java:run(143)) - 98d5f929-1501-4de8-86af-d5a6f354d1b1@group-83D82521A412-FollowerState was interrupted: {}
java.lang.InterruptedException: sleep interrupted
	at java.lang.Thread.sleep(Native Method)
	at java.lang.Thread.sleep(Thread.java:340)
	at java.util.concurrent.TimeUnit.sleep(TimeUnit.java:386)
	at org.apache.ratis.util.TimeDuration.sleep(TimeDuration.java:324)
	at org.apache.ratis.util.TimeDuration.sleep(TimeDuration.java:309)
	at org.apache.ratis.server.impl.FollowerState.run(FollowerState.java:118)
2021-08-12 05:14:54,792 [98d5f929-1501-4de8-86af-d5a6f354d1b1@group-83D82521A412-StateMachineUpdater] INFO  ratis.ContainerStateMachine (ContainerStateMachine.java:takeSnapshot(293)) - group-83D82521A412: Taking a snapshot at:(t:2, i:0) file /home/runner/work/ozone/ozone/hadoop-ozone/integration-test/target/test-dir/MiniOzoneClusterImpl-77927036-b40e-4989-9ea2-4287dcbfe879/datanode-2/data/ratis/e4a1ae7a-d8a2-41f1-b59a-83d82521a412/sm/snapshot.2_0
2021-08-12 05:14:54,793 [98d5f929-1501-4de8-86af-d5a6f354d1b1@group-83D82521A412-StateMachineUpdater] INFO  ratis.ContainerStateMachine (ContainerStateMachine.java:takeSnapshot(304)) - group-83D82521A412: Finished taking a snapshot at:(t:2, i:0) file:/home/runner/work/ozone/ozone/hadoop-ozone/integration-test/target/test-dir/MiniOzoneClusterImpl-77927036-b40e-4989-9ea2-4287dcbfe879/datanode-2/data/ratis/e4a1ae7a-d8a2-41f1-b59a-83d82521a412/sm/snapshot.2_0 took: 2 ms
2021-08-12 05:14:54,794 [98d5f929-1501-4de8-86af-d5a6f354d1b1@group-83D82521A412-StateMachineUpdater] INFO  impl.StateMachineUpdater (StateMachineUpdater.java:takeSnapshot(281)) - 98d5f929-1501-4de8-86af-d5a6f354d1b1@group-83D82521A412-StateMachineUpdater: Took a snapshot at index 0
2021-08-12 05:14:54,794 [98d5f929-1501-4de8-86af-d5a6f354d1b1@group-83D82521A412-StateMachineUpdater] INFO  impl.StateMachineUpdater (StateMachineUpdater.java:lambda$new$0(89)) - 98d5f929-1501-4de8-86af-d5a6f354d1b1@group-83D82521A412-StateMachineUpdater: snapshotIndex: updateIncreasingly -1 -> 0
2021-08-12 05:14:54,794 [Command processor thread] INFO  server.RaftServer$Division (ServerState.java:close(419)) - 98d5f929-1501-4de8-86af-d5a6f354d1b1@group-83D82521A412: closes. applyIndex: 0
2021-08-12 05:14:54,795 [98d5f929-1501-4de8-86af-d5a6f354d1b1@group-83D82521A412-SegmentedRaftLogWorker] INFO  segmented.SegmentedRaftLogWorker (SegmentedRaftLogWorker.java:run(327)) - 98d5f929-1501-4de8-86af-d5a6f354d1b1@group-83D82521A412-SegmentedRaftLogWorker was interrupted, exiting. There are 0 tasks remaining in the queue.
2021-08-12 05:14:54,796 [Command processor thread] INFO  segmented.SegmentedRaftLogWorker (SegmentedRaftLogWorker.java:close(237)) - 98d5f929-1501-4de8-86af-d5a6f354d1b1@group-83D82521A412-SegmentedRaftLogWorker close()
2021-08-12 05:14:54,798 [Command processor thread] INFO  server.RaftServer$Division (RaftServerImpl.java:groupRemove(377)) - 98d5f929-1501-4de8-86af-d5a6f354d1b1@group-83D82521A412: Succeed to remove RaftStorageDirectory Storage Directory /home/runner/work/ozone/ozone/hadoop-ozone/integration-test/target/test-dir/MiniOzoneClusterImpl-77927036-b40e-4989-9ea2-4287dcbfe879/datanode-2/data/ratis/e4a1ae7a-d8a2-41f1-b59a-83d82521a412
2021-08-12 05:14:54,798 [Command processor thread] INFO  commandhandler.ClosePipelineCommandHandler (ClosePipelineCommandHandler.java:handle(75)) - Close Pipeline PipelineID=e4a1ae7a-d8a2-41f1-b59a-83d82521a412 command on datanode 98d5f929-1501-4de8-86af-d5a6f354d1b1.
2021-08-12 05:14:55,799 [0da173cd-0350-4aea-93c3-4615dcefd89b@group-7196D78A481D-FollowerState] INFO  impl.FollowerState (FollowerState.java:run(134)) - 0da173cd-0350-4aea-93c3-4615dcefd89b@group-7196D78A481D-FollowerState: change to CANDIDATE, lastRpcElapsedTime:5156410677ns, electionTimeout:5146ms
2021-08-12 05:14:55,800 [0da173cd-0350-4aea-93c3-4615dcefd89b@group-7196D78A481D-FollowerState] INFO  impl.RoleInfo (RoleInfo.java:shutdownFollowerState(108)) - 0da173cd-0350-4aea-93c3-4615dcefd89b: shutdown 0da173cd-0350-4aea-93c3-4615dcefd89b@group-7196D78A481D-FollowerState
2021-08-12 05:14:55,800 [0da173cd-0350-4aea-93c3-4615dcefd89b@group-7196D78A481D-FollowerState] INFO  server.RaftServer$Division (RaftServerImpl.java:setRole(285)) - 0da173cd-0350-4aea-93c3-4615dcefd89b@group-7196D78A481D: changes role from  FOLLOWER to CANDIDATE at term 2 for changeToCandidate
2021-08-12 05:14:55,800 [0da173cd-0350-4aea-93c3-4615dcefd89b@group-7196D78A481D-FollowerState] INFO  server.RaftServerConfigKeys (ConfUtils.java:logGet(44)) - raft.server.leaderelection.pre-vote = false (custom)
2021-08-12 05:14:55,800 [0da173cd-0350-4aea-93c3-4615dcefd89b@group-7196D78A481D-FollowerState] INFO  impl.RoleInfo (RoleInfo.java:updateAndGet(130)) - 0da173cd-0350-4aea-93c3-4615dcefd89b: start 0da173cd-0350-4aea-93c3-4615dcefd89b@group-7196D78A481D-LeaderElection43
2021-08-12 05:14:55,843 [0da173cd-0350-4aea-93c3-4615dcefd89b@group-7196D78A481D-LeaderElection43] INFO  impl.LeaderElection (LeaderElection.java:askForVotes(306)) - 0da173cd-0350-4aea-93c3-4615dcefd89b@group-7196D78A481D-LeaderElection43 ELECTION round 0: submit vote requests at term 3 for -1: [0da173cd-0350-4aea-93c3-4615dcefd89b|rpc:10.1.0.46:38751|dataStream:|priority:0, 98d5f929-1501-4de8-86af-d5a6f354d1b1|rpc:10.1.0.46:42533|dataStream:|priority:1, 76b05b81-480f-4451-a70f-13b24978b5c0|rpc:10.1.0.46:38481|dataStream:|priority:0], old=null
2021-08-12 05:14:55,864 [grpc-default-executor-1] INFO  server.RaftServer$Division (RaftServerImpl.java:requestVote(1043)) - 76b05b81-480f-4451-a70f-13b24978b5c0@group-7196D78A481D: receive requestVote(ELECTION, 0da173cd-0350-4aea-93c3-4615dcefd89b, group-7196D78A481D, 3, (t:0, i:0))
2021-08-12 05:14:55,864 [grpc-default-executor-1] INFO  impl.VoteContext (VoteContext.java:log(48)) - 76b05b81-480f-4451-a70f-13b24978b5c0@group-7196D78A481D-FOLLOWER: accept ELECTION from 0da173cd-0350-4aea-93c3-4615dcefd89b: our priority 0 <= candidate's priority 0
2021-08-12 05:14:55,864 [grpc-default-executor-1] INFO  server.RaftServer$Division (RaftServerImpl.java:setRole(285)) - 76b05b81-480f-4451-a70f-13b24978b5c0@group-7196D78A481D: changes role from  FOLLOWER to FOLLOWER at term 3 for candidate:0da173cd-0350-4aea-93c3-4615dcefd89b
2021-08-12 05:14:55,864 [grpc-default-executor-1] INFO  impl.RoleInfo (RoleInfo.java:shutdownFollowerState(108)) - 76b05b81-480f-4451-a70f-13b24978b5c0: shutdown 76b05b81-480f-4451-a70f-13b24978b5c0@group-7196D78A481D-FollowerState
2021-08-12 05:14:55,864 [grpc-default-executor-1] INFO  impl.RoleInfo (RoleInfo.java:updateAndGet(130)) - 76b05b81-480f-4451-a70f-13b24978b5c0: start 76b05b81-480f-4451-a70f-13b24978b5c0@group-7196D78A481D-FollowerState
2021-08-12 05:14:55,865 [grpc-default-executor-2] INFO  server.RaftServer$Division (RaftServerImpl.java:requestVote(1043)) - 98d5f929-1501-4de8-86af-d5a6f354d1b1@group-7196D78A481D: receive requestVote(ELECTION, 0da173cd-0350-4aea-93c3-4615dcefd89b, group-7196D78A481D, 3, (t:0, i:0))
2021-08-12 05:14:55,888 [grpc-default-executor-2] INFO  impl.VoteContext (VoteContext.java:log(48)) - 98d5f929-1501-4de8-86af-d5a6f354d1b1@group-7196D78A481D-FOLLOWER: reject ELECTION from 0da173cd-0350-4aea-93c3-4615dcefd89b: our priority 1 > candidate's priority 0
2021-08-12 05:14:55,888 [grpc-default-executor-2] INFO  server.RaftServer$Division (RaftServerImpl.java:setRole(285)) - 98d5f929-1501-4de8-86af-d5a6f354d1b1@group-7196D78A481D: changes role from  FOLLOWER to FOLLOWER at term 3 for candidate:0da173cd-0350-4aea-93c3-4615dcefd89b
2021-08-12 05:14:55,888 [grpc-default-executor-2] INFO  impl.RoleInfo (RoleInfo.java:shutdownFollowerState(108)) - 98d5f929-1501-4de8-86af-d5a6f354d1b1: shutdown 98d5f929-1501-4de8-86af-d5a6f354d1b1@group-7196D78A481D-FollowerState
2021-08-12 05:14:55,888 [grpc-default-executor-2] INFO  impl.RoleInfo (RoleInfo.java:updateAndGet(130)) - 98d5f929-1501-4de8-86af-d5a6f354d1b1: start 98d5f929-1501-4de8-86af-d5a6f354d1b1@group-7196D78A481D-FollowerState
2021-08-12 05:14:55,867 [grpc-default-executor-1] INFO  server.RaftServer$Division (RaftServerImpl.java:requestVote(1075)) - 76b05b81-480f-4451-a70f-13b24978b5c0@group-7196D78A481D replies to ELECTION vote request: 0da173cd-0350-4aea-93c3-4615dcefd89b<-76b05b81-480f-4451-a70f-13b24978b5c0#0:OK-t3. Peer's state: 76b05b81-480f-4451-a70f-13b24978b5c0@group-7196D78A481D:t3, leader=null, voted=0da173cd-0350-4aea-93c3-4615dcefd89b, raftlog=76b05b81-480f-4451-a70f-13b24978b5c0@group-7196D78A481D-SegmentedRaftLog:OPENED:c-1,f-1,i0, conf=-1: [0da173cd-0350-4aea-93c3-4615dcefd89b|rpc:10.1.0.46:38751|priority:0, 98d5f929-1501-4de8-86af-d5a6f354d1b1|rpc:10.1.0.46:42533|priority:1, 76b05b81-480f-4451-a70f-13b24978b5c0|rpc:10.1.0.46:38481|priority:0], old=null
2021-08-12 05:14:55,865 [76b05b81-480f-4451-a70f-13b24978b5c0@group-7196D78A481D-FollowerState] INFO  impl.FollowerState (FollowerState.java:run(143)) - 76b05b81-480f-4451-a70f-13b24978b5c0@group-7196D78A481D-FollowerState was interrupted: {}
java.lang.InterruptedException: sleep interrupted
	at java.lang.Thread.sleep(Native Method)
	at java.lang.Thread.sleep(Thread.java:340)
	at java.util.concurrent.TimeUnit.sleep(TimeUnit.java:386)
	at org.apache.ratis.util.TimeDuration.sleep(TimeDuration.java:324)
	at org.apache.ratis.util.TimeDuration.sleep(TimeDuration.java:309)
	at org.apache.ratis.server.impl.FollowerState.run(FollowerState.java:118)
2021-08-12 05:14:55,889 [98d5f929-1501-4de8-86af-d5a6f354d1b1@group-7196D78A481D-FollowerState] INFO  impl.FollowerState (FollowerState.java:run(143)) - 98d5f929-1501-4de8-86af-d5a6f354d1b1@group-7196D78A481D-FollowerState was interrupted: {}
java.lang.InterruptedException: sleep interrupted
	at java.lang.Thread.sleep(Native Method)
	at java.lang.Thread.sleep(Thread.java:340)
	at java.util.concurrent.TimeUnit.sleep(TimeUnit.java:386)
	at org.apache.ratis.util.TimeDuration.sleep(TimeDuration.java:324)
	at org.apache.ratis.util.TimeDuration.sleep(TimeDuration.java:309)
	at org.apache.ratis.server.impl.FollowerState.run(FollowerState.java:118)
2021-08-12 05:14:55,919 [grpc-default-executor-2] INFO  server.RaftServer$Division (RaftServerImpl.java:requestVote(1075)) - 98d5f929-1501-4de8-86af-d5a6f354d1b1@group-7196D78A481D replies to ELECTION vote request: 0da173cd-0350-4aea-93c3-4615dcefd89b<-98d5f929-1501-4de8-86af-d5a6f354d1b1#0:FAIL-t3. Peer's state: 98d5f929-1501-4de8-86af-d5a6f354d1b1@group-7196D78A481D:t3, leader=null, voted=null, raftlog=98d5f929-1501-4de8-86af-d5a6f354d1b1@group-7196D78A481D-SegmentedRaftLog:OPENED:c-1,f-1,i0, conf=-1: [0da173cd-0350-4aea-93c3-4615dcefd89b|rpc:10.1.0.46:38751|dataStream:|priority:0, 98d5f929-1501-4de8-86af-d5a6f354d1b1|rpc:10.1.0.46:42533|dataStream:|priority:1, 76b05b81-480f-4451-a70f-13b24978b5c0|rpc:10.1.0.46:38481|dataStream:|priority:0], old=null
2021-08-12 05:14:55,921 [0da173cd-0350-4aea-93c3-4615dcefd89b@group-7196D78A481D-LeaderElection43] INFO  impl.LeaderElection (LeaderElection.java:logAndReturn(89)) - 0da173cd-0350-4aea-93c3-4615dcefd89b@group-7196D78A481D-LeaderElection43: ELECTION REJECTED received 2 response(s) and 0 exception(s):
2021-08-12 05:14:55,921 [0da173cd-0350-4aea-93c3-4615dcefd89b@group-7196D78A481D-LeaderElection43] INFO  impl.LeaderElection (LeaderElection.java:logAndReturn(93)) -   Response 0: 0da173cd-0350-4aea-93c3-4615dcefd89b<-98d5f929-1501-4de8-86af-d5a6f354d1b1#0:FAIL-t3
2021-08-12 05:14:55,921 [0da173cd-0350-4aea-93c3-4615dcefd89b@group-7196D78A481D-LeaderElection43] INFO  impl.LeaderElection (LeaderElection.java:logAndReturn(93)) -   Response 1: 0da173cd-0350-4aea-93c3-4615dcefd89b<-76b05b81-480f-4451-a70f-13b24978b5c0#0:OK-t3
2021-08-12 05:14:55,921 [0da173cd-0350-4aea-93c3-4615dcefd89b@group-7196D78A481D-LeaderElection43] INFO  impl.LeaderElection (LeaderElection.java:askForVotes(308)) - 0da173cd-0350-4aea-93c3-4615dcefd89b@group-7196D78A481D-LeaderElection43 ELECTION round 0: result REJECTED
2021-08-12 05:14:55,921 [0da173cd-0350-4aea-93c3-4615dcefd89b@group-7196D78A481D-LeaderElection43] INFO  server.RaftServer$Division (RaftServerImpl.java:setRole(285)) - 0da173cd-0350-4aea-93c3-4615dcefd89b@group-7196D78A481D: changes role from CANDIDATE to FOLLOWER at term 3 for REJECTED
2021-08-12 05:14:55,921 [0da173cd-0350-4aea-93c3-4615dcefd89b@group-7196D78A481D-LeaderElection43] INFO  impl.RoleInfo (RoleInfo.java:shutdownLeaderElection(121)) - 0da173cd-0350-4aea-93c3-4615dcefd89b: shutdown 0da173cd-0350-4aea-93c3-4615dcefd89b@group-7196D78A481D-LeaderElection43
2021-08-12 05:14:55,921 [0da173cd-0350-4aea-93c3-4615dcefd89b@group-7196D78A481D-LeaderElection43] INFO  impl.RoleInfo (RoleInfo.java:updateAndGet(130)) - 0da173cd-0350-4aea-93c3-4615dcefd89b: start 0da173cd-0350-4aea-93c3-4615dcefd89b@group-7196D78A481D-FollowerState
2021-08-12 05:14:57,448 [Listener at 127.0.0.1/38087] INFO  ozoneimpl.OzoneContainer (OzoneContainer.java:stop(326)) - Attempting to stop container services.
2021-08-12 05:14:57,452 [Listener at 127.0.0.1/38087] INFO  server.RaftServer (RaftServerProxy.java:lambda$close$6(391)) - 0da173cd-0350-4aea-93c3-4615dcefd89b: close
2021-08-12 05:14:57,452 [Listener at 127.0.0.1/38087] INFO  server.RaftServer$Division (RaftServerImpl.java:lambda$close$4(407)) - 0da173cd-0350-4aea-93c3-4615dcefd89b@group-7196D78A481D: shutdown
2021-08-12 05:14:57,453 [Listener at 127.0.0.1/38087] INFO  util.JmxRegister (JmxRegister.java:unregister(73)) - Successfully un-registered JMX Bean with object name Ratis:service=RaftServer,group=group-7196D78A481D,id=0da173cd-0350-4aea-93c3-4615dcefd89b
2021-08-12 05:14:57,453 [Listener at 127.0.0.1/38087] INFO  impl.RoleInfo (RoleInfo.java:shutdownFollowerState(108)) - 0da173cd-0350-4aea-93c3-4615dcefd89b: shutdown 0da173cd-0350-4aea-93c3-4615dcefd89b@group-7196D78A481D-FollowerState
2021-08-12 05:14:57,453 [Listener at 127.0.0.1/38087] INFO  impl.StateMachineUpdater (StateMachineUpdater.java:stopAndJoin(149)) - 0da173cd-0350-4aea-93c3-4615dcefd89b@group-7196D78A481D-StateMachineUpdater: set stopIndex = -1
2021-08-12 05:14:57,453 [0da173cd-0350-4aea-93c3-4615dcefd89b@group-7196D78A481D-FollowerState] INFO  impl.FollowerState (FollowerState.java:run(143)) - 0da173cd-0350-4aea-93c3-4615dcefd89b@group-7196D78A481D-FollowerState was interrupted: {}
java.lang.InterruptedException: sleep interrupted
	at java.lang.Thread.sleep(Native Method)
	at java.lang.Thread.sleep(Thread.java:340)
	at java.util.concurrent.TimeUnit.sleep(TimeUnit.java:386)
	at org.apache.ratis.util.TimeDuration.sleep(TimeDuration.java:324)
	at org.apache.ratis.util.TimeDuration.sleep(TimeDuration.java:309)
	at org.apache.ratis.server.impl.FollowerState.run(FollowerState.java:118)
2021-08-12 05:14:57,479 [Listener at 127.0.0.1/38087] INFO  server.RaftServer$Division (ServerState.java:close(419)) - 0da173cd-0350-4aea-93c3-4615dcefd89b@group-7196D78A481D: closes. applyIndex: -1
2021-08-12 05:14:57,479 [ForkJoinPool.commonPool-worker-1] INFO  ozoneimpl.OzoneContainer (OzoneContainer.java:stop(326)) - Attempting to stop container services.
2021-08-12 05:14:57,479 [0da173cd-0350-4aea-93c3-4615dcefd89b@group-7196D78A481D-SegmentedRaftLogWorker] INFO  segmented.SegmentedRaftLogWorker (SegmentedRaftLogWorker.java:run(327)) - 0da173cd-0350-4aea-93c3-4615dcefd89b@group-7196D78A481D-SegmentedRaftLogWorker was interrupted, exiting. There are 0 tasks remaining in the queue.
2021-08-12 05:14:57,480 [ForkJoinPool.commonPool-worker-1] INFO  server.RaftServer (RaftServerProxy.java:lambda$close$6(391)) - 76b05b81-480f-4451-a70f-13b24978b5c0: close
2021-08-12 05:14:57,480 [ForkJoinPool.commonPool-worker-1] INFO  server.RaftServer$Division (RaftServerImpl.java:lambda$close$4(407)) - 76b05b81-480f-4451-a70f-13b24978b5c0@group-7196D78A481D: shutdown
2021-08-12 05:14:57,480 [ForkJoinPool.commonPool-worker-1] INFO  util.JmxRegister (JmxRegister.java:unregister(73)) - Successfully un-registered JMX Bean with object name Ratis:service=RaftServer,group=group-7196D78A481D,id=76b05b81-480f-4451-a70f-13b24978b5c0
2021-08-12 05:14:57,480 [ForkJoinPool.commonPool-worker-1] INFO  impl.RoleInfo (RoleInfo.java:shutdownFollowerState(108)) - 76b05b81-480f-4451-a70f-13b24978b5c0: shutdown 76b05b81-480f-4451-a70f-13b24978b5c0@group-7196D78A481D-FollowerState
2021-08-12 05:14:57,480 [ForkJoinPool.commonPool-worker-1] INFO  impl.StateMachineUpdater (StateMachineUpdater.java:stopAndJoin(149)) - 76b05b81-480f-4451-a70f-13b24978b5c0@group-7196D78A481D-StateMachineUpdater: set stopIndex = -1
2021-08-12 05:14:57,480 [76b05b81-480f-4451-a70f-13b24978b5c0@group-7196D78A481D-FollowerState] INFO  impl.FollowerState (FollowerState.java:run(143)) - 76b05b81-480f-4451-a70f-13b24978b5c0@group-7196D78A481D-FollowerState was interrupted: {}
java.lang.InterruptedException: sleep interrupted
	at java.lang.Thread.sleep(Native Method)
	at java.lang.Thread.sleep(Thread.java:340)
	at java.util.concurrent.TimeUnit.sleep(TimeUnit.java:386)
	at org.apache.ratis.util.TimeDuration.sleep(TimeDuration.java:324)
	at org.apache.ratis.util.TimeDuration.sleep(TimeDuration.java:309)
	at org.apache.ratis.server.impl.FollowerState.run(FollowerState.java:118)
2021-08-12 05:14:57,481 [Listener at 127.0.0.1/38087] INFO  segmented.SegmentedRaftLogWorker (SegmentedRaftLogWorker.java:close(237)) - 0da173cd-0350-4aea-93c3-4615dcefd89b@group-7196D78A481D-SegmentedRaftLogWorker close()
2021-08-12 05:14:57,481 [ForkJoinPool.commonPool-worker-1] INFO  server.RaftServer$Division (ServerState.java:close(419)) - 76b05b81-480f-4451-a70f-13b24978b5c0@group-7196D78A481D: closes. applyIndex: -1
2021-08-12 05:14:57,481 [76b05b81-480f-4451-a70f-13b24978b5c0@group-7196D78A481D-SegmentedRaftLogWorker] INFO  segmented.SegmentedRaftLogWorker (SegmentedRaftLogWorker.java:run(327)) - 76b05b81-480f-4451-a70f-13b24978b5c0@group-7196D78A481D-SegmentedRaftLogWorker was interrupted, exiting. There are 0 tasks remaining in the queue.
2021-08-12 05:14:57,481 [ForkJoinPool.commonPool-worker-1] INFO  segmented.SegmentedRaftLogWorker (SegmentedRaftLogWorker.java:close(237)) - 76b05b81-480f-4451-a70f-13b24978b5c0@group-7196D78A481D-SegmentedRaftLogWorker close()
2021-08-12 05:14:57,484 [Listener at 127.0.0.1/38087] INFO  server.RaftServer$Division (RaftServerImpl.java:lambda$close$4(407)) - 0da173cd-0350-4aea-93c3-4615dcefd89b@group-90315EA9EC45: shutdown
2021-08-12 05:14:57,484 [Listener at 127.0.0.1/38087] INFO  util.JmxRegister (JmxRegister.java:unregister(73)) - Successfully un-registered JMX Bean with object name Ratis:service=RaftServer,group=group-90315EA9EC45,id=0da173cd-0350-4aea-93c3-4615dcefd89b
2021-08-12 05:14:57,484 [Listener at 127.0.0.1/38087] INFO  impl.RoleInfo (RoleInfo.java:shutdownLeaderState(91)) - 0da173cd-0350-4aea-93c3-4615dcefd89b: shutdown 0da173cd-0350-4aea-93c3-4615dcefd89b@group-90315EA9EC45-LeaderStateImpl
2021-08-12 05:14:57,485 [Listener at 127.0.0.1/38087] INFO  impl.PendingRequests (PendingRequests.java:sendNotLeaderResponses(282)) - 0da173cd-0350-4aea-93c3-4615dcefd89b@group-90315EA9EC45-PendingRequests: sendNotLeaderResponses
2021-08-12 05:14:57,485 [Listener at 127.0.0.1/38087] INFO  impl.StateMachineUpdater (StateMachineUpdater.java:stopAndJoin(149)) - 0da173cd-0350-4aea-93c3-4615dcefd89b@group-90315EA9EC45-StateMachineUpdater: set stopIndex = 0
2021-08-12 05:14:57,486 [0da173cd-0350-4aea-93c3-4615dcefd89b@group-90315EA9EC45-StateMachineUpdater] INFO  ratis.ContainerStateMachine (ContainerStateMachine.java:takeSnapshot(293)) - group-90315EA9EC45: Taking a snapshot at:(t:1, i:0) file /home/runner/work/ozone/ozone/hadoop-ozone/integration-test/target/test-dir/MiniOzoneClusterImpl-77927036-b40e-4989-9ea2-4287dcbfe879/datanode-1/data/ratis/03aeb3ad-b2e8-4b99-9d0a-90315ea9ec45/sm/snapshot.1_0
2021-08-12 05:14:57,484 [ForkJoinPool.commonPool-worker-1] INFO  server.RaftServer$Division (RaftServerImpl.java:lambda$close$4(407)) - 76b05b81-480f-4451-a70f-13b24978b5c0@group-83D82521A412: shutdown
2021-08-12 05:14:57,486 [ForkJoinPool.commonPool-worker-1] INFO  util.JmxRegister (JmxRegister.java:unregister(73)) - Successfully un-registered JMX Bean with object name Ratis:service=RaftServer,group=group-83D82521A412,id=76b05b81-480f-4451-a70f-13b24978b5c0
2021-08-12 05:14:57,486 [ForkJoinPool.commonPool-worker-1] INFO  impl.RoleInfo (RoleInfo.java:shutdownFollowerState(108)) - 76b05b81-480f-4451-a70f-13b24978b5c0: shutdown 76b05b81-480f-4451-a70f-13b24978b5c0@group-83D82521A412-FollowerState
2021-08-12 05:14:57,487 [ForkJoinPool.commonPool-worker-1] INFO  impl.StateMachineUpdater (StateMachineUpdater.java:stopAndJoin(149)) - 76b05b81-480f-4451-a70f-13b24978b5c0@group-83D82521A412-StateMachineUpdater: set stopIndex = 0
2021-08-12 05:14:57,487 [76b05b81-480f-4451-a70f-13b24978b5c0@group-83D82521A412-FollowerState] INFO  impl.FollowerState (FollowerState.java:run(143)) - 76b05b81-480f-4451-a70f-13b24978b5c0@group-83D82521A412-FollowerState was interrupted: {}
java.lang.InterruptedException: sleep interrupted
	at java.lang.Thread.sleep(Native Method)
	at java.lang.Thread.sleep(Thread.java:340)
	at java.util.concurrent.TimeUnit.sleep(TimeUnit.java:386)
	at org.apache.ratis.util.TimeDuration.sleep(TimeDuration.java:324)
	at org.apache.ratis.util.TimeDuration.sleep(TimeDuration.java:309)
	at org.apache.ratis.server.impl.FollowerState.run(FollowerState.java:118)
2021-08-12 05:14:57,487 [76b05b81-480f-4451-a70f-13b24978b5c0@group-83D82521A412-StateMachineUpdater] INFO  ratis.ContainerStateMachine (ContainerStateMachine.java:takeSnapshot(293)) - group-83D82521A412: Taking a snapshot at:(t:2, i:0) file /home/runner/work/ozone/ozone/hadoop-ozone/integration-test/target/test-dir/MiniOzoneClusterImpl-77927036-b40e-4989-9ea2-4287dcbfe879/datanode-0/data/ratis/e4a1ae7a-d8a2-41f1-b59a-83d82521a412/sm/snapshot.2_0
2021-08-12 05:14:57,488 [0da173cd-0350-4aea-93c3-4615dcefd89b@group-90315EA9EC45-StateMachineUpdater] INFO  ratis.ContainerStateMachine (ContainerStateMachine.java:takeSnapshot(304)) - group-90315EA9EC45: Finished taking a snapshot at:(t:1, i:0) file:/home/runner/work/ozone/ozone/hadoop-ozone/integration-test/target/test-dir/MiniOzoneClusterImpl-77927036-b40e-4989-9ea2-4287dcbfe879/datanode-1/data/ratis/03aeb3ad-b2e8-4b99-9d0a-90315ea9ec45/sm/snapshot.1_0 took: 2 ms
2021-08-12 05:14:57,489 [0da173cd-0350-4aea-93c3-4615dcefd89b@group-90315EA9EC45-StateMachineUpdater] INFO  impl.StateMachineUpdater (StateMachineUpdater.java:takeSnapshot(281)) - 0da173cd-0350-4aea-93c3-4615dcefd89b@group-90315EA9EC45-StateMachineUpdater: Took a snapshot at index 0
2021-08-12 05:14:57,489 [0da173cd-0350-4aea-93c3-4615dcefd89b@group-90315EA9EC45-StateMachineUpdater] INFO  impl.StateMachineUpdater (StateMachineUpdater.java:lambda$new$0(89)) - 0da173cd-0350-4aea-93c3-4615dcefd89b@group-90315EA9EC45-StateMachineUpdater: snapshotIndex: updateIncreasingly -1 -> 0
2021-08-12 05:14:57,489 [Listener at 127.0.0.1/38087] INFO  server.RaftServer$Division (ServerState.java:close(419)) - 0da173cd-0350-4aea-93c3-4615dcefd89b@group-90315EA9EC45: closes. applyIndex: 0
2021-08-12 05:14:57,489 [76b05b81-480f-4451-a70f-13b24978b5c0@group-83D82521A412-StateMachineUpdater] INFO  ratis.ContainerStateMachine (ContainerStateMachine.java:takeSnapshot(304)) - group-83D82521A412: Finished taking a snapshot at:(t:2, i:0) file:/home/runner/work/ozone/ozone/hadoop-ozone/integration-test/target/test-dir/MiniOzoneClusterImpl-77927036-b40e-4989-9ea2-4287dcbfe879/datanode-0/data/ratis/e4a1ae7a-d8a2-41f1-b59a-83d82521a412/sm/snapshot.2_0 took: 2 ms
2021-08-12 05:14:57,489 [76b05b81-480f-4451-a70f-13b24978b5c0@group-83D82521A412-StateMachineUpdater] INFO  impl.StateMachineUpdater (StateMachineUpdater.java:takeSnapshot(281)) - 76b05b81-480f-4451-a70f-13b24978b5c0@group-83D82521A412-StateMachineUpdater: Took a snapshot at index 0
2021-08-12 05:14:57,489 [76b05b81-480f-4451-a70f-13b24978b5c0@group-83D82521A412-StateMachineUpdater] INFO  impl.StateMachineUpdater (StateMachineUpdater.java:lambda$new$0(89)) - 76b05b81-480f-4451-a70f-13b24978b5c0@group-83D82521A412-StateMachineUpdater: snapshotIndex: updateIncreasingly -1 -> 0
2021-08-12 05:14:57,490 [ForkJoinPool.commonPool-worker-1] INFO  server.RaftServer$Division (ServerState.java:close(419)) - 76b05b81-480f-4451-a70f-13b24978b5c0@group-83D82521A412: closes. applyIndex: 0
2021-08-12 05:14:57,490 [76b05b81-480f-4451-a70f-13b24978b5c0@group-83D82521A412-SegmentedRaftLogWorker] INFO  segmented.SegmentedRaftLogWorker (SegmentedRaftLogWorker.java:run(327)) - 76b05b81-480f-4451-a70f-13b24978b5c0@group-83D82521A412-SegmentedRaftLogWorker was interrupted, exiting. There are 0 tasks remaining in the queue.
2021-08-12 05:14:57,491 [ForkJoinPool.commonPool-worker-1] INFO  segmented.SegmentedRaftLogWorker (SegmentedRaftLogWorker.java:close(237)) - 76b05b81-480f-4451-a70f-13b24978b5c0@group-83D82521A412-SegmentedRaftLogWorker close()
2021-08-12 05:14:57,491 [ForkJoinPool.commonPool-worker-1] INFO  server.RaftServer$Division (RaftServerImpl.java:lambda$close$4(407)) - 76b05b81-480f-4451-a70f-13b24978b5c0@group-864BF0C5EFC9: shutdown
2021-08-12 05:14:57,492 [ForkJoinPool.commonPool-worker-1] INFO  util.JmxRegister (JmxRegister.java:unregister(73)) - Successfully un-registered JMX Bean with object name Ratis:service=RaftServer,group=group-864BF0C5EFC9,id=76b05b81-480f-4451-a70f-13b24978b5c0
2021-08-12 05:14:57,492 [ForkJoinPool.commonPool-worker-1] INFO  impl.RoleInfo (RoleInfo.java:shutdownLeaderState(91)) - 76b05b81-480f-4451-a70f-13b24978b5c0: shutdown 76b05b81-480f-4451-a70f-13b24978b5c0@group-864BF0C5EFC9-LeaderStateImpl
2021-08-12 05:14:57,492 [ForkJoinPool.commonPool-worker-1] INFO  impl.PendingRequests (PendingRequests.java:sendNotLeaderResponses(282)) - 76b05b81-480f-4451-a70f-13b24978b5c0@group-864BF0C5EFC9-PendingRequests: sendNotLeaderResponses
2021-08-12 05:14:57,493 [76b05b81-480f-4451-a70f-13b24978b5c0@group-864BF0C5EFC9-StateMachineUpdater] INFO  ratis.ContainerStateMachine (ContainerStateMachine.java:takeSnapshot(293)) - group-864BF0C5EFC9: Taking a snapshot at:(t:1, i:0) file /home/runner/work/ozone/ozone/hadoop-ozone/integration-test/target/test-dir/MiniOzoneClusterImpl-77927036-b40e-4989-9ea2-4287dcbfe879/datanode-0/data/ratis/4e3a2b04-ab23-49dc-9639-864bf0c5efc9/sm/snapshot.1_0
2021-08-12 05:14:57,493 [ForkJoinPool.commonPool-worker-1] INFO  impl.StateMachineUpdater (StateMachineUpdater.java:stopAndJoin(149)) - 76b05b81-480f-4451-a70f-13b24978b5c0@group-864BF0C5EFC9-StateMachineUpdater: set stopIndex = 0
2021-08-12 05:14:57,493 [76b05b81-480f-4451-a70f-13b24978b5c0@group-864BF0C5EFC9-StateMachineUpdater] INFO  ratis.ContainerStateMachine (ContainerStateMachine.java:takeSnapshot(304)) - group-864BF0C5EFC9: Finished taking a snapshot at:(t:1, i:0) file:/home/runner/work/ozone/ozone/hadoop-ozone/integration-test/target/test-dir/MiniOzoneClusterImpl-77927036-b40e-4989-9ea2-4287dcbfe879/datanode-0/data/ratis/4e3a2b04-ab23-49dc-9639-864bf0c5efc9/sm/snapshot.1_0 took: 1 ms
2021-08-12 05:14:57,493 [76b05b81-480f-4451-a70f-13b24978b5c0@group-864BF0C5EFC9-StateMachineUpdater] INFO  impl.StateMachineUpdater (StateMachineUpdater.java:takeSnapshot(281)) - 76b05b81-480f-4451-a70f-13b24978b5c0@group-864BF0C5EFC9-StateMachineUpdater: Took a snapshot at index 0
2021-08-12 05:14:57,494 [76b05b81-480f-4451-a70f-13b24978b5c0@group-864BF0C5EFC9-StateMachineUpdater] INFO  impl.StateMachineUpdater (StateMachineUpdater.java:lambda$new$0(89)) - 76b05b81-480f-4451-a70f-13b24978b5c0@group-864BF0C5EFC9-StateMachineUpdater: snapshotIndex: updateIncreasingly -1 -> 0
2021-08-12 05:14:57,494 [ForkJoinPool.commonPool-worker-1] INFO  server.RaftServer$Division (ServerState.java:close(419)) - 76b05b81-480f-4451-a70f-13b24978b5c0@group-864BF0C5EFC9: closes. applyIndex: 0
2021-08-12 05:14:57,494 [76b05b81-480f-4451-a70f-13b24978b5c0@group-864BF0C5EFC9-SegmentedRaftLogWorker] INFO  segmented.SegmentedRaftLogWorker (SegmentedRaftLogWorker.java:run(327)) - 76b05b81-480f-4451-a70f-13b24978b5c0@group-864BF0C5EFC9-SegmentedRaftLogWorker was interrupted, exiting. There are 0 tasks remaining in the queue.
2021-08-12 05:14:57,494 [ForkJoinPool.commonPool-worker-1] INFO  segmented.SegmentedRaftLogWorker (SegmentedRaftLogWorker.java:close(237)) - 76b05b81-480f-4451-a70f-13b24978b5c0@group-864BF0C5EFC9-SegmentedRaftLogWorker close()
2021-08-12 05:14:57,495 [ForkJoinPool.commonPool-worker-1] INFO  server.GrpcService (GrpcService.java:closeImpl(262)) - 76b05b81-480f-4451-a70f-13b24978b5c0: shutdown server with port 38481 now
2021-08-12 05:14:57,506 [0da173cd-0350-4aea-93c3-4615dcefd89b@group-90315EA9EC45-SegmentedRaftLogWorker] INFO  segmented.SegmentedRaftLogWorker (SegmentedRaftLogWorker.java:run(327)) - 0da173cd-0350-4aea-93c3-4615dcefd89b@group-90315EA9EC45-SegmentedRaftLogWorker was interrupted, exiting. There are 0 tasks remaining in the queue.
2021-08-12 05:14:57,516 [Listener at 127.0.0.1/38087] INFO  segmented.SegmentedRaftLogWorker (SegmentedRaftLogWorker.java:close(237)) - 0da173cd-0350-4aea-93c3-4615dcefd89b@group-90315EA9EC45-SegmentedRaftLogWorker close()
2021-08-12 05:14:57,517 [Listener at 127.0.0.1/38087] INFO  server.RaftServer$Division (RaftServerImpl.java:lambda$close$4(407)) - 0da173cd-0350-4aea-93c3-4615dcefd89b@group-83D82521A412: shutdown
2021-08-12 05:14:57,517 [Listener at 127.0.0.1/38087] INFO  util.JmxRegister (JmxRegister.java:unregister(73)) - Successfully un-registered JMX Bean with object name Ratis:service=RaftServer,group=group-83D82521A412,id=0da173cd-0350-4aea-93c3-4615dcefd89b
2021-08-12 05:14:57,517 [Listener at 127.0.0.1/38087] INFO  impl.RoleInfo (RoleInfo.java:shutdownLeaderState(91)) - 0da173cd-0350-4aea-93c3-4615dcefd89b: shutdown 0da173cd-0350-4aea-93c3-4615dcefd89b@group-83D82521A412-LeaderStateImpl
2021-08-12 05:14:57,518 [Listener at 127.0.0.1/38087] INFO  impl.PendingRequests (PendingRequests.java:sendNotLeaderResponses(282)) - 0da173cd-0350-4aea-93c3-4615dcefd89b@group-83D82521A412-PendingRequests: sendNotLeaderResponses
2021-08-12 05:14:57,518 [0da173cd-0350-4aea-93c3-4615dcefd89b@group-83D82521A412->76b05b81-480f-4451-a70f-13b24978b5c0-GrpcLogAppender-LogAppenderDaemon] WARN  server.GrpcLogAppender (GrpcLogAppender.java:mayWait(175)) - 0da173cd-0350-4aea-93c3-4615dcefd89b@group-83D82521A412->76b05b81-480f-4451-a70f-13b24978b5c0-GrpcLogAppender: Wait interrupted by java.lang.InterruptedException
2021-08-12 05:14:57,518 [0da173cd-0350-4aea-93c3-4615dcefd89b@group-83D82521A412->98d5f929-1501-4de8-86af-d5a6f354d1b1-GrpcLogAppender-LogAppenderDaemon] WARN  server.GrpcLogAppender (GrpcLogAppender.java:mayWait(175)) - 0da173cd-0350-4aea-93c3-4615dcefd89b@group-83D82521A412->98d5f929-1501-4de8-86af-d5a6f354d1b1-GrpcLogAppender: Wait interrupted by java.lang.InterruptedException
2021-08-12 05:14:57,528 [grpc-default-executor-0] INFO  server.GrpcLogAppender (GrpcLogAppender.java:onError(333)) - 0da173cd-0350-4aea-93c3-4615dcefd89b@group-83D82521A412->76b05b81-480f-4451-a70f-13b24978b5c0-GrpcLogAppender is stopped
2021-08-12 05:14:57,528 [grpc-default-executor-1] WARN  server.GrpcServerProtocolService (LogUtils.java:warn(122)) - 76b05b81-480f-4451-a70f-13b24978b5c0: installSnapshot onError, lastRequest: 0da173cd-0350-4aea-93c3-4615dcefd89b->76b05b81-480f-4451-a70f-13b24978b5c0#1-t2,previous=(t:0, i:0),leaderCommit=-1,initializing? true,entries: size=1, first=(t:2, i:0), CONFIGURATIONENTRY: org.apache.ratis.thirdparty.io.grpc.StatusRuntimeException: CANCELLED: client cancelled
2021-08-12 05:14:57,528 [grpc-default-executor-3] INFO  server.GrpcServerProtocolService (GrpcServerProtocolService.java:onCompleted(140)) - 98d5f929-1501-4de8-86af-d5a6f354d1b1: Completed APPEND_ENTRIES, lastRequest: 0da173cd-0350-4aea-93c3-4615dcefd89b->98d5f929-1501-4de8-86af-d5a6f354d1b1#1-t2,previous=(t:0, i:0),leaderCommit=-1,initializing? true,entries: size=1, first=(t:2, i:0), CONFIGURATIONENTRY
2021-08-12 05:14:57,529 [Listener at 127.0.0.1/38087] INFO  impl.StateMachineUpdater (StateMachineUpdater.java:stopAndJoin(149)) - 0da173cd-0350-4aea-93c3-4615dcefd89b@group-83D82521A412-StateMachineUpdater: set stopIndex = 0
2021-08-12 05:14:57,529 [grpc-default-executor-0] INFO  server.GrpcLogAppender (GrpcLogAppender.java:onCompleted(344)) - 0da173cd-0350-4aea-93c3-4615dcefd89b@group-83D82521A412->98d5f929-1501-4de8-86af-d5a6f354d1b1-AppendLogResponseHandler: follower responses appendEntries COMPLETED
2021-08-12 05:14:57,529 [grpc-default-executor-0] INFO  leader.FollowerInfo (FollowerInfoImpl.java:lambda$new$0(46)) - 0da173cd-0350-4aea-93c3-4615dcefd89b@group-83D82521A412->98d5f929-1501-4de8-86af-d5a6f354d1b1: nextIndex: updateUnconditionally 1 -> 0
2021-08-12 05:14:57,529 [0da173cd-0350-4aea-93c3-4615dcefd89b@group-83D82521A412-StateMachineUpdater] INFO  ratis.ContainerStateMachine (ContainerStateMachine.java:takeSnapshot(293)) - group-83D82521A412: Taking a snapshot at:(t:2, i:0) file /home/runner/work/ozone/ozone/hadoop-ozone/integration-test/target/test-dir/MiniOzoneClusterImpl-77927036-b40e-4989-9ea2-4287dcbfe879/datanode-1/data/ratis/e4a1ae7a-d8a2-41f1-b59a-83d82521a412/sm/snapshot.2_0
2021-08-12 05:14:57,531 [ForkJoinPool.commonPool-worker-1] INFO  server.GrpcService (GrpcService.java:closeImpl(271)) - 76b05b81-480f-4451-a70f-13b24978b5c0: shutdown server with port 38481 successfully
2021-08-12 05:14:57,531 [org.apache.ratis.util.JvmPauseMonitor$$Lambda$531/625077969@6ae56e8c] INFO  util.JvmPauseMonitor (JvmPauseMonitor.java:run(109)) - JvmPauseMonitor-76b05b81-480f-4451-a70f-13b24978b5c0: Stopped
2021-08-12 05:14:57,531 [0da173cd-0350-4aea-93c3-4615dcefd89b@group-83D82521A412-StateMachineUpdater] INFO  ratis.ContainerStateMachine (ContainerStateMachine.java:takeSnapshot(304)) - group-83D82521A412: Finished taking a snapshot at:(t:2, i:0) file:/home/runner/work/ozone/ozone/hadoop-ozone/integration-test/target/test-dir/MiniOzoneClusterImpl-77927036-b40e-4989-9ea2-4287dcbfe879/datanode-1/data/ratis/e4a1ae7a-d8a2-41f1-b59a-83d82521a412/sm/snapshot.2_0 took: 2 ms
2021-08-12 05:14:57,531 [0da173cd-0350-4aea-93c3-4615dcefd89b@group-83D82521A412-StateMachineUpdater] INFO  impl.StateMachineUpdater (StateMachineUpdater.java:takeSnapshot(281)) - 0da173cd-0350-4aea-93c3-4615dcefd89b@group-83D82521A412-StateMachineUpdater: Took a snapshot at index 0
2021-08-12 05:14:57,531 [0da173cd-0350-4aea-93c3-4615dcefd89b@group-83D82521A412-StateMachineUpdater] INFO  impl.StateMachineUpdater (StateMachineUpdater.java:lambda$new$0(89)) - 0da173cd-0350-4aea-93c3-4615dcefd89b@group-83D82521A412-StateMachineUpdater: snapshotIndex: updateIncreasingly -1 -> 0
2021-08-12 05:14:57,532 [Listener at 127.0.0.1/38087] INFO  server.RaftServer$Division (ServerState.java:close(419)) - 0da173cd-0350-4aea-93c3-4615dcefd89b@group-83D82521A412: closes. applyIndex: 0
2021-08-12 05:14:57,532 [0da173cd-0350-4aea-93c3-4615dcefd89b@group-83D82521A412-SegmentedRaftLogWorker] INFO  segmented.SegmentedRaftLogWorker (SegmentedRaftLogWorker.java:run(327)) - 0da173cd-0350-4aea-93c3-4615dcefd89b@group-83D82521A412-SegmentedRaftLogWorker was interrupted, exiting. There are 0 tasks remaining in the queue.
2021-08-12 05:14:57,532 [Listener at 127.0.0.1/38087] INFO  segmented.SegmentedRaftLogWorker (SegmentedRaftLogWorker.java:close(237)) - 0da173cd-0350-4aea-93c3-4615dcefd89b@group-83D82521A412-SegmentedRaftLogWorker close()
2021-08-12 05:14:57,536 [Listener at 127.0.0.1/38087] INFO  server.GrpcService (GrpcService.java:closeImpl(262)) - 0da173cd-0350-4aea-93c3-4615dcefd89b: shutdown server with port 38751 now
2021-08-12 05:14:57,577 [Listener at 127.0.0.1/38087] INFO  server.GrpcService (GrpcService.java:closeImpl(271)) - 0da173cd-0350-4aea-93c3-4615dcefd89b: shutdown server with port 38751 successfully
2021-08-12 05:14:57,578 [org.apache.ratis.util.JvmPauseMonitor$$Lambda$531/625077969@6c3193fc] INFO  util.JvmPauseMonitor (JvmPauseMonitor.java:run(109)) - JvmPauseMonitor-0da173cd-0350-4aea-93c3-4615dcefd89b: Stopped
2021-08-12 05:14:57,579 [Listener at 127.0.0.1/38087] INFO  utils.BackgroundService (BackgroundService.java:shutdown(132)) - Shutting down service BlockDeletingService
2021-08-12 05:14:57,580 [ForkJoinPool.commonPool-worker-1] INFO  utils.BackgroundService (BackgroundService.java:shutdown(132)) - Shutting down service BlockDeletingService
2021-08-12 05:15:00,581 [Listener at 127.0.0.1/38087] INFO  statemachine.DatanodeStateMachine (DatanodeStateMachine.java:stopDaemon(515)) - Ozone container server stopped.
2021-08-12 05:15:00,582 [Listener at 127.0.0.1/38087] INFO  handler.ContextHandler (ContextHandler.java:doStop(1153)) - Stopped o.e.j.w.WebAppContext@431471{hddsDatanode,/,null,STOPPED}{jar:file:/home/runner/.m2/repository/org/apache/ozone/hdds-container-service/1.2.0-SNAPSHOT/hdds-container-service-1.2.0-SNAPSHOT.jar!/webapps/hddsDatanode}
2021-08-12 05:15:00,583 [Listener at 127.0.0.1/38087] INFO  server.AbstractConnector (AbstractConnector.java:doStop(381)) - Stopped ServerConnector@2cab33{HTTP/1.1, (http/1.1)}{0.0.0.0:0}
2021-08-12 05:15:00,583 [Listener at 127.0.0.1/38087] INFO  server.session (HouseKeeper.java:stopScavenging(149)) - node0 Stopped scavenging
2021-08-12 05:15:00,585 [Listener at 127.0.0.1/38087] INFO  handler.ContextHandler (ContextHandler.java:doStop(1153)) - Stopped o.e.j.s.ServletContextHandler@348066df{static,/static,jar:file:/home/runner/.m2/repository/org/apache/ozone/hdds-container-service/1.2.0-SNAPSHOT/hdds-container-service-1.2.0-SNAPSHOT.jar!/webapps/static,STOPPED}
2021-08-12 05:15:00,586 [Listener at 127.0.0.1/38087] INFO  handler.ContextHandler (ContextHandler.java:doStop(1153)) - Stopped o.e.j.s.ServletContextHandler@1dd621da{logs,/logs,file:///home/runner/work/ozone/ozone/hadoop-ozone/integration-test/target/log,STOPPED}
2021-08-12 05:15:00,606 [ForkJoinPool.commonPool-worker-1] INFO  statemachine.DatanodeStateMachine (DatanodeStateMachine.java:stopDaemon(515)) - Ozone container server stopped.
2021-08-12 05:15:00,627 [ForkJoinPool.commonPool-worker-1] INFO  handler.ContextHandler (ContextHandler.java:doStop(1153)) - Stopped o.e.j.w.WebAppContext@159342ff{hddsDatanode,/,null,STOPPED}{jar:file:/home/runner/.m2/repository/org/apache/ozone/hdds-container-service/1.2.0-SNAPSHOT/hdds-container-service-1.2.0-SNAPSHOT.jar!/webapps/hddsDatanode}
2021-08-12 05:15:00,631 [ForkJoinPool.commonPool-worker-1] INFO  server.AbstractConnector (AbstractConnector.java:doStop(381)) - Stopped ServerConnector@4fe2c4c1{HTTP/1.1, (http/1.1)}{0.0.0.0:0}
2021-08-12 05:15:00,631 [ForkJoinPool.commonPool-worker-1] INFO  server.session (HouseKeeper.java:stopScavenging(149)) - node0 Stopped scavenging
2021-08-12 05:15:00,632 [ForkJoinPool.commonPool-worker-1] INFO  handler.ContextHandler (ContextHandler.java:doStop(1153)) - Stopped o.e.j.s.ServletContextHandler@7a176563{static,/static,jar:file:/home/runner/.m2/repository/org/apache/ozone/hdds-container-service/1.2.0-SNAPSHOT/hdds-container-service-1.2.0-SNAPSHOT.jar!/webapps/static,STOPPED}
2021-08-12 05:15:00,655 [ForkJoinPool.commonPool-worker-1] INFO  handler.ContextHandler (ContextHandler.java:doStop(1153)) - Stopped o.e.j.s.ServletContextHandler@1ecb7670{logs,/logs,file:///home/runner/work/ozone/ozone/hadoop-ozone/integration-test/target/log,STOPPED}
2021-08-12 05:15:00,757 [Datanode State Machine Thread - 0] INFO  statemachine.DatanodeStateMachine (DatanodeStateMachine.java:lambda$startDaemon$0(457)) - Ozone container server started.
2021-08-12 05:15:01,082 [98d5f929-1501-4de8-86af-d5a6f354d1b1@group-7196D78A481D-FollowerState] INFO  impl.FollowerState (FollowerState.java:run(134)) - 98d5f929-1501-4de8-86af-d5a6f354d1b1@group-7196D78A481D-FollowerState: change to CANDIDATE, lastRpcElapsedTime:5193735811ns, electionTimeout:5186ms
2021-08-12 05:15:01,082 [98d5f929-1501-4de8-86af-d5a6f354d1b1@group-7196D78A481D-FollowerState] INFO  impl.RoleInfo (RoleInfo.java:shutdownFollowerState(108)) - 98d5f929-1501-4de8-86af-d5a6f354d1b1: shutdown 98d5f929-1501-4de8-86af-d5a6f354d1b1@group-7196D78A481D-FollowerState
2021-08-12 05:15:01,082 [98d5f929-1501-4de8-86af-d5a6f354d1b1@group-7196D78A481D-FollowerState] INFO  server.RaftServer$Division (RaftServerImpl.java:setRole(285)) - 98d5f929-1501-4de8-86af-d5a6f354d1b1@group-7196D78A481D: changes role from  FOLLOWER to CANDIDATE at term 3 for changeToCandidate
2021-08-12 05:15:01,082 [98d5f929-1501-4de8-86af-d5a6f354d1b1@group-7196D78A481D-FollowerState] INFO  server.RaftServerConfigKeys (ConfUtils.java:logGet(44)) - raft.server.leaderelection.pre-vote = false (custom)
2021-08-12 05:15:01,082 [98d5f929-1501-4de8-86af-d5a6f354d1b1@group-7196D78A481D-FollowerState] INFO  impl.RoleInfo (RoleInfo.java:updateAndGet(130)) - 98d5f929-1501-4de8-86af-d5a6f354d1b1: start 98d5f929-1501-4de8-86af-d5a6f354d1b1@group-7196D78A481D-LeaderElection44
2021-08-12 05:15:01,097 [98d5f929-1501-4de8-86af-d5a6f354d1b1@group-7196D78A481D-LeaderElection44] INFO  impl.LeaderElection (LeaderElection.java:askForVotes(306)) - 98d5f929-1501-4de8-86af-d5a6f354d1b1@group-7196D78A481D-LeaderElection44 ELECTION round 0: submit vote requests at term 4 for -1: [0da173cd-0350-4aea-93c3-4615dcefd89b|rpc:10.1.0.46:38751|dataStream:|priority:0, 98d5f929-1501-4de8-86af-d5a6f354d1b1|rpc:10.1.0.46:42533|dataStream:|priority:1, 76b05b81-480f-4451-a70f-13b24978b5c0|rpc:10.1.0.46:38481|dataStream:|priority:0], old=null
2021-08-12 05:15:01,112 [98d5f929-1501-4de8-86af-d5a6f354d1b1@group-7196D78A481D-LeaderElection44] INFO  impl.LeaderElection (LogUtils.java:infoOrTrace(137)) - 98d5f929-1501-4de8-86af-d5a6f354d1b1@group-7196D78A481D-LeaderElection44 got exception when requesting votes: java.util.concurrent.ExecutionException: org.apache.ratis.thirdparty.io.grpc.StatusRuntimeException: UNAVAILABLE: io exception
2021-08-12 05:15:01,142 [98d5f929-1501-4de8-86af-d5a6f354d1b1@group-7196D78A481D-LeaderElection44] INFO  impl.LeaderElection (LogUtils.java:infoOrTrace(137)) - 98d5f929-1501-4de8-86af-d5a6f354d1b1@group-7196D78A481D-LeaderElection44 got exception when requesting votes: java.util.concurrent.ExecutionException: org.apache.ratis.thirdparty.io.grpc.StatusRuntimeException: UNAVAILABLE: io exception
2021-08-12 05:15:01,142 [98d5f929-1501-4de8-86af-d5a6f354d1b1@group-7196D78A481D-LeaderElection44] INFO  impl.LeaderElection (LeaderElection.java:logAndReturn(89)) - 98d5f929-1501-4de8-86af-d5a6f354d1b1@group-7196D78A481D-LeaderElection44: ELECTION REJECTED received 0 response(s) and 2 exception(s):
2021-08-12 05:15:01,142 [98d5f929-1501-4de8-86af-d5a6f354d1b1@group-7196D78A481D-LeaderElection44] INFO  impl.LeaderElection (LogUtils.java:infoOrTrace(137)) -   Exception 0: java.util.concurrent.ExecutionException: org.apache.ratis.thirdparty.io.grpc.StatusRuntimeException: UNAVAILABLE: io exception
2021-08-12 05:15:01,142 [98d5f929-1501-4de8-86af-d5a6f354d1b1@group-7196D78A481D-LeaderElection44] INFO  impl.LeaderElection (LogUtils.java:infoOrTrace(137)) -   Exception 1: java.util.concurrent.ExecutionException: org.apache.ratis.thirdparty.io.grpc.StatusRuntimeException: UNAVAILABLE: io exception
2021-08-12 05:15:01,142 [98d5f929-1501-4de8-86af-d5a6f354d1b1@group-7196D78A481D-LeaderElection44] INFO  impl.LeaderElection (LeaderElection.java:askForVotes(308)) - 98d5f929-1501-4de8-86af-d5a6f354d1b1@group-7196D78A481D-LeaderElection44 ELECTION round 0: result REJECTED
2021-08-12 05:15:01,142 [98d5f929-1501-4de8-86af-d5a6f354d1b1@group-7196D78A481D-LeaderElection44] INFO  server.RaftServer$Division (RaftServerImpl.java:setRole(285)) - 98d5f929-1501-4de8-86af-d5a6f354d1b1@group-7196D78A481D: changes role from CANDIDATE to FOLLOWER at term 4 for REJECTED
2021-08-12 05:15:01,142 [98d5f929-1501-4de8-86af-d5a6f354d1b1@group-7196D78A481D-LeaderElection44] INFO  impl.RoleInfo (RoleInfo.java:shutdownLeaderElection(121)) - 98d5f929-1501-4de8-86af-d5a6f354d1b1: shutdown 98d5f929-1501-4de8-86af-d5a6f354d1b1@group-7196D78A481D-LeaderElection44
2021-08-12 05:15:01,143 [98d5f929-1501-4de8-86af-d5a6f354d1b1@group-7196D78A481D-LeaderElection44] INFO  impl.RoleInfo (RoleInfo.java:updateAndGet(130)) - 98d5f929-1501-4de8-86af-d5a6f354d1b1: start 98d5f929-1501-4de8-86af-d5a6f354d1b1@group-7196D78A481D-FollowerState
2021-08-12 05:15:05,589 [Listener at 127.0.0.1/38087] INFO  ozoneimpl.OzoneContainer (OzoneContainer.java:stop(326)) - Attempting to stop container services.
2021-08-12 05:15:05,591 [Listener at 127.0.0.1/38087] INFO  server.RaftServer (RaftServerProxy.java:lambda$close$6(391)) - 98d5f929-1501-4de8-86af-d5a6f354d1b1: close
2021-08-12 05:15:05,602 [Listener at 127.0.0.1/38087] INFO  server.RaftServer$Division (RaftServerImpl.java:lambda$close$4(407)) - 98d5f929-1501-4de8-86af-d5a6f354d1b1@group-7196D78A481D: shutdown
2021-08-12 05:15:05,603 [Listener at 127.0.0.1/38087] INFO  util.JmxRegister (JmxRegister.java:unregister(73)) - Successfully un-registered JMX Bean with object name Ratis:service=RaftServer,group=group-7196D78A481D,id=98d5f929-1501-4de8-86af-d5a6f354d1b1
2021-08-12 05:15:05,603 [Listener at 127.0.0.1/38087] INFO  impl.RoleInfo (RoleInfo.java:shutdownFollowerState(108)) - 98d5f929-1501-4de8-86af-d5a6f354d1b1: shutdown 98d5f929-1501-4de8-86af-d5a6f354d1b1@group-7196D78A481D-FollowerState
2021-08-12 05:15:05,603 [Listener at 127.0.0.1/38087] INFO  impl.StateMachineUpdater (StateMachineUpdater.java:stopAndJoin(149)) - 98d5f929-1501-4de8-86af-d5a6f354d1b1@group-7196D78A481D-StateMachineUpdater: set stopIndex = -1
2021-08-12 05:15:05,604 [98d5f929-1501-4de8-86af-d5a6f354d1b1@group-7196D78A481D-FollowerState] INFO  impl.FollowerState (FollowerState.java:run(143)) - 98d5f929-1501-4de8-86af-d5a6f354d1b1@group-7196D78A481D-FollowerState was interrupted: {}
java.lang.InterruptedException: sleep interrupted
	at java.lang.Thread.sleep(Native Method)
	at java.lang.Thread.sleep(Thread.java:340)
	at java.util.concurrent.TimeUnit.sleep(TimeUnit.java:386)
	at org.apache.ratis.util.TimeDuration.sleep(TimeDuration.java:324)
	at org.apache.ratis.util.TimeDuration.sleep(TimeDuration.java:309)
	at org.apache.ratis.server.impl.FollowerState.run(FollowerState.java:118)
2021-08-12 05:15:05,607 [Listener at 127.0.0.1/38087] INFO  server.RaftServer$Division (ServerState.java:close(419)) - 98d5f929-1501-4de8-86af-d5a6f354d1b1@group-7196D78A481D: closes. applyIndex: -1
2021-08-12 05:15:05,607 [98d5f929-1501-4de8-86af-d5a6f354d1b1@group-7196D78A481D-SegmentedRaftLogWorker] INFO  segmented.SegmentedRaftLogWorker (SegmentedRaftLogWorker.java:run(327)) - 98d5f929-1501-4de8-86af-d5a6f354d1b1@group-7196D78A481D-SegmentedRaftLogWorker was interrupted, exiting. There are 0 tasks remaining in the queue.
2021-08-12 05:15:05,607 [Listener at 127.0.0.1/38087] INFO  segmented.SegmentedRaftLogWorker (SegmentedRaftLogWorker.java:close(237)) - 98d5f929-1501-4de8-86af-d5a6f354d1b1@group-7196D78A481D-SegmentedRaftLogWorker close()
2021-08-12 05:15:05,608 [Listener at 127.0.0.1/38087] INFO  server.RaftServer$Division (RaftServerImpl.java:lambda$close$4(407)) - 98d5f929-1501-4de8-86af-d5a6f354d1b1@group-9DE226A54FCC: shutdown
2021-08-12 05:15:05,608 [Listener at 127.0.0.1/38087] INFO  util.JmxRegister (JmxRegister.java:unregister(73)) - Successfully un-registered JMX Bean with object name Ratis:service=RaftServer,group=group-9DE226A54FCC,id=98d5f929-1501-4de8-86af-d5a6f354d1b1
2021-08-12 05:15:05,609 [Listener at 127.0.0.1/38087] INFO  impl.RoleInfo (RoleInfo.java:shutdownLeaderState(91)) - 98d5f929-1501-4de8-86af-d5a6f354d1b1: shutdown 98d5f929-1501-4de8-86af-d5a6f354d1b1@group-9DE226A54FCC-LeaderStateImpl
2021-08-12 05:15:05,609 [Listener at 127.0.0.1/38087] INFO  impl.PendingRequests (PendingRequests.java:sendNotLeaderResponses(282)) - 98d5f929-1501-4de8-86af-d5a6f354d1b1@group-9DE226A54FCC-PendingRequests: sendNotLeaderResponses
2021-08-12 05:15:05,610 [Listener at 127.0.0.1/38087] INFO  impl.StateMachineUpdater (StateMachineUpdater.java:stopAndJoin(149)) - 98d5f929-1501-4de8-86af-d5a6f354d1b1@group-9DE226A54FCC-StateMachineUpdater: set stopIndex = 0
2021-08-12 05:15:05,611 [98d5f929-1501-4de8-86af-d5a6f354d1b1@group-9DE226A54FCC-StateMachineUpdater] INFO  ratis.ContainerStateMachine (ContainerStateMachine.java:takeSnapshot(293)) - group-9DE226A54FCC: Taking a snapshot at:(t:1, i:0) file /home/runner/work/ozone/ozone/hadoop-ozone/integration-test/target/test-dir/MiniOzoneClusterImpl-77927036-b40e-4989-9ea2-4287dcbfe879/datanode-2/data/ratis/8ee4772c-364d-497f-8e4f-9de226a54fcc/sm/snapshot.1_0
2021-08-12 05:15:05,612 [98d5f929-1501-4de8-86af-d5a6f354d1b1@group-9DE226A54FCC-StateMachineUpdater] INFO  ratis.ContainerStateMachine (ContainerStateMachine.java:takeSnapshot(304)) - group-9DE226A54FCC: Finished taking a snapshot at:(t:1, i:0) file:/home/runner/work/ozone/ozone/hadoop-ozone/integration-test/target/test-dir/MiniOzoneClusterImpl-77927036-b40e-4989-9ea2-4287dcbfe879/datanode-2/data/ratis/8ee4772c-364d-497f-8e4f-9de226a54fcc/sm/snapshot.1_0 took: 1 ms
2021-08-12 05:15:05,613 [98d5f929-1501-4de8-86af-d5a6f354d1b1@group-9DE226A54FCC-StateMachineUpdater] INFO  impl.StateMachineUpdater (StateMachineUpdater.java:takeSnapshot(281)) - 98d5f929-1501-4de8-86af-d5a6f354d1b1@group-9DE226A54FCC-StateMachineUpdater: Took a snapshot at index 0
2021-08-12 05:15:05,613 [98d5f929-1501-4de8-86af-d5a6f354d1b1@group-9DE226A54FCC-StateMachineUpdater] INFO  impl.StateMachineUpdater (StateMachineUpdater.java:lambda$new$0(89)) - 98d5f929-1501-4de8-86af-d5a6f354d1b1@group-9DE226A54FCC-StateMachineUpdater: snapshotIndex: updateIncreasingly -1 -> 0
2021-08-12 05:15:05,613 [Listener at 127.0.0.1/38087] INFO  server.RaftServer$Division (ServerState.java:close(419)) - 98d5f929-1501-4de8-86af-d5a6f354d1b1@group-9DE226A54FCC: closes. applyIndex: 0
2021-08-12 05:15:05,613 [98d5f929-1501-4de8-86af-d5a6f354d1b1@group-9DE226A54FCC-SegmentedRaftLogWorker] INFO  segmented.SegmentedRaftLogWorker (SegmentedRaftLogWorker.java:run(327)) - 98d5f929-1501-4de8-86af-d5a6f354d1b1@group-9DE226A54FCC-SegmentedRaftLogWorker was interrupted, exiting. There are 0 tasks remaining in the queue.
2021-08-12 05:15:05,619 [Listener at 127.0.0.1/38087] INFO  segmented.SegmentedRaftLogWorker (SegmentedRaftLogWorker.java:close(237)) - 98d5f929-1501-4de8-86af-d5a6f354d1b1@group-9DE226A54FCC-SegmentedRaftLogWorker close()
2021-08-12 05:15:05,620 [Listener at 127.0.0.1/38087] INFO  server.GrpcService (GrpcService.java:closeImpl(262)) - 98d5f929-1501-4de8-86af-d5a6f354d1b1: shutdown server with port 42533 now
2021-08-12 05:15:05,632 [Listener at 127.0.0.1/38087] INFO  server.GrpcService (GrpcService.java:closeImpl(271)) - 98d5f929-1501-4de8-86af-d5a6f354d1b1: shutdown server with port 42533 successfully
2021-08-12 05:15:05,632 [org.apache.ratis.util.JvmPauseMonitor$$Lambda$531/625077969@6ba107d7] INFO  util.JvmPauseMonitor (JvmPauseMonitor.java:run(109)) - JvmPauseMonitor-98d5f929-1501-4de8-86af-d5a6f354d1b1: Stopped
2021-08-12 05:15:05,643 [Listener at 127.0.0.1/38087] INFO  utils.BackgroundService (BackgroundService.java:shutdown(132)) - Shutting down service BlockDeletingService
2021-08-12 05:15:08,657 [Listener at 127.0.0.1/38087] INFO  statemachine.DatanodeStateMachine (DatanodeStateMachine.java:stopDaemon(515)) - Ozone container server stopped.
2021-08-12 05:15:08,658 [Listener at 127.0.0.1/38087] INFO  handler.ContextHandler (ContextHandler.java:doStop(1153)) - Stopped o.e.j.w.WebAppContext@74544e4f{hddsDatanode,/,null,STOPPED}{jar:file:/home/runner/.m2/repository/org/apache/ozone/hdds-container-service/1.2.0-SNAPSHOT/hdds-container-service-1.2.0-SNAPSHOT.jar!/webapps/hddsDatanode}
2021-08-12 05:15:08,667 [Listener at 127.0.0.1/38087] INFO  server.AbstractConnector (AbstractConnector.java:doStop(381)) - Stopped ServerConnector@232b95b3{HTTP/1.1, (http/1.1)}{0.0.0.0:0}
2021-08-12 05:15:08,668 [Listener at 127.0.0.1/38087] INFO  server.session (HouseKeeper.java:stopScavenging(149)) - node0 Stopped scavenging
2021-08-12 05:15:08,668 [Listener at 127.0.0.1/38087] INFO  handler.ContextHandler (ContextHandler.java:doStop(1153)) - Stopped o.e.j.s.ServletContextHandler@1716f390{static,/static,jar:file:/home/runner/.m2/repository/org/apache/ozone/hdds-container-service/1.2.0-SNAPSHOT/hdds-container-service-1.2.0-SNAPSHOT.jar!/webapps/static,STOPPED}
2021-08-12 05:15:08,711 [Listener at 127.0.0.1/38087] INFO  handler.ContextHandler (ContextHandler.java:doStop(1153)) - Stopped o.e.j.s.ServletContextHandler@7d2286c9{logs,/logs,file:///home/runner/work/ozone/ozone/hadoop-ozone/integration-test/target/log,STOPPED}
2021-08-12 05:15:08,714 [Listener at 127.0.0.1/38087] INFO  ozone.MiniOzoneClusterImpl (MiniOzoneClusterImpl.java:stopSCM(542)) - Stopping the StorageContainerManager
2021-08-12 05:15:08,715 [Listener at 127.0.0.1/38087] INFO  server.StorageContainerManager (StorageContainerManager.java:stop(1341)) - Stopping Replication Manager Service.
2021-08-12 05:15:08,715 [Listener at 127.0.0.1/38087] INFO  container.ReplicationManager (ReplicationManager.java:stop(317)) - Stopping Replication Monitor Thread.
2021-08-12 05:15:08,715 [Listener at 127.0.0.1/38087] INFO  server.StorageContainerManager (StorageContainerManager.java:stop(1348)) - Stopping the Datanode Admin Monitor.
2021-08-12 05:15:08,715 [Listener at 127.0.0.1/38087] INFO  server.StorageContainerManager (StorageContainerManager.java:stop(1355)) - Stopping Lease Manager of the command watchers
2021-08-12 05:15:08,715 [Listener at 127.0.0.1/38087] INFO  server.StorageContainerManager (StorageContainerManager.java:stop(1362)) - Stopping datanode service RPC server
2021-08-12 05:15:08,715 [Listener at 127.0.0.1/38087] INFO  server.SCMDatanodeProtocolServer (SCMDatanodeProtocolServer.java:stop(389)) - Stopping the RPC server for DataNodes
2021-08-12 05:15:08,715 [Listener at 127.0.0.1/38087] INFO  ipc.Server (Server.java:stop(3414)) - Stopping server on 45461
2021-08-12 05:15:08,720 [IPC Server Responder] INFO  ipc.Server (Server.java:run(1512)) - Stopping IPC Server Responder
2021-08-12 05:15:08,720 [IPC Server listener on 0] INFO  ipc.Server (Server.java:run(1376)) - Stopping IPC Server listener on 0
2021-08-12 05:15:08,771 [SCM Heartbeat Processing Thread - 0] WARN  node.NodeStateManager (NodeStateManager.java:scheduleNextHealthCheck(799)) - Current Thread is interrupted, shutting down HB processing thread for Node Manager.
2021-08-12 05:15:08,771 [Listener at 127.0.0.1/38087] INFO  server.StorageContainerManager (StorageContainerManager.java:stop(1370)) - Stopping block service RPC server
2021-08-12 05:15:08,771 [Listener at 127.0.0.1/38087] INFO  server.SCMBlockProtocolServer (SCMBlockProtocolServer.java:stop(160)) - Stopping the RPC server for Block Protocol
2021-08-12 05:15:08,771 [Listener at 127.0.0.1/38087] INFO  ipc.Server (Server.java:stop(3414)) - Stopping server on 40147
2021-08-12 05:15:08,779 [Listener at 127.0.0.1/38087] INFO  server.StorageContainerManager (StorageContainerManager.java:stop(1377)) - Stopping the StorageContainerLocationProtocol RPC server
2021-08-12 05:15:08,779 [IPC Server Responder] INFO  ipc.Server (Server.java:run(1512)) - Stopping IPC Server Responder
2021-08-12 05:15:08,779 [IPC Server listener on 0] INFO  ipc.Server (Server.java:run(1376)) - Stopping IPC Server listener on 0
2021-08-12 05:15:08,779 [Listener at 127.0.0.1/38087] INFO  server.SCMClientProtocolServer (SCMClientProtocolServer.java:stop(173)) - Stopping the RPC server for Client Protocol
2021-08-12 05:15:08,799 [Listener at 127.0.0.1/38087] INFO  ipc.Server (Server.java:stop(3414)) - Stopping server on 34429
2021-08-12 05:15:08,804 [Listener at 127.0.0.1/38087] INFO  server.StorageContainerManager (StorageContainerManager.java:stop(1384)) - Stopping Storage Container Manager HTTP server.
2021-08-12 05:15:08,804 [Listener at 127.0.0.1/38087] INFO  handler.ContextHandler (ContextHandler.java:doStop(1153)) - Stopped o.e.j.w.WebAppContext@342bc648{scm,/,null,STOPPED}{file:/home/runner/work/ozone/ozone/hadoop-ozone/integration-test/target/test-classes/webapps/scm}
2021-08-12 05:15:08,804 [IPC Server listener on 0] INFO  ipc.Server (Server.java:run(1376)) - Stopping IPC Server listener on 0
2021-08-12 05:15:08,804 [IPC Server Responder] INFO  ipc.Server (Server.java:run(1512)) - Stopping IPC Server Responder
2021-08-12 05:15:08,805 [Listener at 127.0.0.1/38087] INFO  server.AbstractConnector (AbstractConnector.java:doStop(381)) - Stopped ServerConnector@36e57251{HTTP/1.1, (http/1.1)}{0.0.0.0:0}
2021-08-12 05:15:08,805 [Listener at 127.0.0.1/38087] INFO  server.session (HouseKeeper.java:stopScavenging(149)) - node0 Stopped scavenging
2021-08-12 05:15:08,806 [Listener at 127.0.0.1/38087] INFO  handler.ContextHandler (ContextHandler.java:doStop(1153)) - Stopped o.e.j.s.ServletContextHandler@67bf5792{static,/static,file:///home/runner/work/ozone/ozone/hadoop-ozone/integration-test/target/test-classes/webapps/static,STOPPED}
2021-08-12 05:15:08,806 [Listener at 127.0.0.1/38087] INFO  handler.ContextHandler (ContextHandler.java:doStop(1153)) - Stopped o.e.j.s.ServletContextHandler@5c774d0c{logs,/logs,file:///home/runner/work/ozone/ozone/hadoop-ozone/integration-test/target/log,STOPPED}
2021-08-12 05:15:08,827 [Listener at 127.0.0.1/38087] INFO  server.StorageContainerManager (StorageContainerManager.java:stop(1395)) - Stopping Block Manager Service.
2021-08-12 05:15:08,827 [Listener at 127.0.0.1/38087] INFO  utils.BackgroundService (BackgroundService.java:shutdown(132)) - Shutting down service SCMBlockDeletingService
2021-08-12 05:15:08,828 [Listener at 127.0.0.1/38087] INFO  utils.BackgroundService (BackgroundService.java:shutdown(132)) - Shutting down service SCMBlockDeletingService
2021-08-12 05:15:08,828 [Listener at 127.0.0.1/38087] INFO  server.StorageContainerManager (StorageContainerManager.java:stop(1422)) - Stopping SCM Event Queue.
2021-08-12 05:15:08,829 [Listener at 127.0.0.1/38087] INFO  server.StorageContainerManager (StorageContainerManager.java:stop(1433)) - Stopping SCM HA services.
2021-08-12 05:15:08,829 [Listener at 127.0.0.1/38087] INFO  pipeline.BackgroundPipelineCreator (BackgroundPipelineCreatorV2.java:stop(158)) - Stopping RatisPipelineUtilsThread.
2021-08-12 05:15:08,829 [Listener at 127.0.0.1/38087] INFO  server.StorageContainerManager (StorageContainerManager.java:stop(1443)) - Stopping SCM MetadataStore.
2021-08-12 05:15:08,839 [Listener at 127.0.0.1/38087] INFO  impl.MetricsSystemImpl (MetricsSystemImpl.java:stop(210)) - Stopping HddsDatanode metrics system...
2021-08-12 05:15:08,872 [prometheus] INFO  impl.MetricsSinkAdapter (MetricsSinkAdapter.java:publishMetricsFromQueue(141)) - prometheus thread interrupted.
2021-08-12 05:15:08,872 [Listener at 127.0.0.1/38087] INFO  impl.MetricsSystemImpl (MetricsSystemImpl.java:stop(216)) - HddsDatanode metrics system stopped.
]]></system-out>
  </testcase>
</testsuite>